<?xml version="1.0" encoding="UTF-8"?>
<testsuite xmlns:xsi="http://www.w3.org/2001/XMLSchema-instance" xsi:noNamespaceSchemaLocation="https://maven.apache.org/surefire/maven-surefire-plugin/xsd/surefire-test-report-3.0.xsd" version="3.0" name="org.apache.hadoop.hive.ql.TestTxnCommandsWithSplitUpdateAndVectorization" time="251.911" tests="49" errors="18" skipped="2" failures="0">
  <properties>
    <property name="build.test.dir" value="/home/alex/Repositories/hive/ql/target/tmp"/>
    <property name="awt.toolkit" value="sun.awt.X11.XToolkit"/>
    <property name="test.tmp.dir.uri" value="file:///home/alex/Repositories/hive/ql/target/tmp"/>
    <property name="java.specification.version" value="1.8"/>
    <property name="qfile" value=""/>
    <property name="sun.cpu.isalist" value=""/>
    <property name="test.warehouse.dir" value="pfile:///home/alex/Repositories/hive/ql/target/warehouse"/>
    <property name="sun.jnu.encoding" value="UTF-8"/>
    <property name="run_disabled" value=""/>
    <property name="nondexPrintstack" value="false"/>
    <property name="sun.arch.data.model" value="64"/>
    <property name="java.vendor.url" value="http://java.oracle.com/"/>
    <property name="user.country.format" value="PT"/>
    <property name="test.tmp.dir" value="/home/alex/Repositories/hive/ql/target/tmp"/>
    <property name="sun.boot.library.path" value="/usr/lib/jvm/java-8-openjdk-amd64/jre/lib/amd64"/>
    <property name="sun.java.command" value="/home/alex/Repositories/hive/ql/target/surefire/surefirebooter5756836369640215547.jar /home/alex/Repositories/hive/ql/target/surefire 2024-04-23T21-59-46_173-jvmRun1 surefire7366053725503105060tmp surefire_27763750983887985162289tmp"/>
    <property name="nondexExecid" value="Snhwr3I2MCYp2xI1BMYXdetIVL2H5UQXpCxOgAk9NN4="/>
    <property name="java.specification.vendor" value="Oracle Corporation"/>
    <property name="java.home" value="/usr/lib/jvm/java-8-openjdk-amd64/jre"/>
    <property name="file.separator" value="/"/>
    <property name="basedir" value="/home/alex/Repositories/hive/ql"/>
    <property name="line.separator" value="&#10;"/>
    <property name="nondexEnd" value="9223372036854775807"/>
    <property name="java.vm.specification.vendor" value="Oracle Corporation"/>
    <property name="derby.stream.error.file" value="/home/alex/Repositories/hive/ql/target/tmp/derby.log"/>
    <property name="java.specification.name" value="Java Platform API Specification"/>
    <property name="log4j.debug" value="true"/>
    <property name="sun.boot.class.path" value="/home/alex/Repositories/hive/ql/.nondex/nondex-instr.jar:/home/alex/.m2/repository/edu/illinois/nondex-common/2.1.7/nondex-common-2.1.7.jar:/home/alex/.m2/repository/edu/illinois/nondex-annotations/2.1.7/nondex-annotations-2.1.7.jar:/usr/lib/jvm/java-8-openjdk-amd64/jre/lib/resources.jar:/usr/lib/jvm/java-8-openjdk-amd64/jre/lib/rt.jar:/usr/lib/jvm/java-8-openjdk-amd64/jre/lib/sunrsasign.jar:/usr/lib/jvm/java-8-openjdk-amd64/jre/lib/jsse.jar:/usr/lib/jvm/java-8-openjdk-amd64/jre/lib/jce.jar:/usr/lib/jvm/java-8-openjdk-amd64/jre/lib/charsets.jar:/usr/lib/jvm/java-8-openjdk-amd64/jre/lib/jfr.jar:/usr/lib/jvm/java-8-openjdk-amd64/jre/classes"/>
    <property name="sun.management.compiler" value="HotSpot 64-Bit Tiered Compilers"/>
    <property name="spark.home" value=""/>
    <property name="java.runtime.version" value="1.8.0_402-8u402-ga-2ubuntu1~22.04-b06"/>
    <property name="user.name" value="alex"/>
    <property name="test.src.tables" value=""/>
    <property name="file.encoding" value="UTF-8"/>
    <property name="qfile_regex" value=""/>
    <property name="hadoop.bin.path" value="/home/alex/Repositories/hive/ql/../testutils/hadoop"/>
    <property name="localRepository" value="/home/alex/.m2/repository"/>
    <property name="nondexDir" value="/home/alex/Repositories/hive/ql/.nondex"/>
    <property name="build.dir" value="/home/alex/Repositories/hive/ql/target"/>
    <property name="mapred.job.tracker" value="local"/>
    <property name="nondexJarDir" value="/home/alex/Repositories/hive/ql/.nondex"/>
    <property name="java.io.tmpdir" value="/home/alex/Repositories/hive/ql/target/tmp"/>
    <property name="com.zaxxer.hikari.pool_number" value="3"/>
    <property name="java.version" value="1.8.0_402"/>
    <property name="hive.version" value="4.0.0-SNAPSHOT"/>
    <property name="java.vm.specification.name" value="Java Virtual Machine Specification"/>
    <property name="java.awt.printerjob" value="sun.print.PSPrinterJob"/>
    <property name="sun.os.patch.level" value="unknown"/>
    <property name="test.data.dir" value="/home/alex/Repositories/hive/ql/../data/files"/>
    <property name="java.library.path" value="/usr/java/packages/lib/amd64:/usr/lib/x86_64-linux-gnu/jni:/lib/x86_64-linux-gnu:/usr/lib/x86_64-linux-gnu:/usr/lib/jni:/lib:/usr/lib"/>
    <property name="java.vendor" value="Private Build"/>
    <property name="java.specification.maintenance.version" value="5"/>
    <property name="sun.io.unicode.encoding" value="UnicodeLittle"/>
    <property name="initScript" value=""/>
    <property name="sun.desktop" value="gnome"/>
    <property name="calcite.enable.rexnode.digest.normalize" value="false"/>
    <property name="file.encoding.pkg" value="sun.io"/>
    <property name="nondexStart" value="0"/>
    <property name="log4j.configurationFile" value="file:///home/alex/Repositories/hive/ql/target/testconf/hive-log4j2.properties"/>
    <property name="java.class.path" value="/home/alex/Repositories/hive/ql/target/test-classes:/home/alex/Repositories/hive/ql/target/classes:/home/alex/.m2/repository/org/apache/atlas/atlas-client-v2/2.1.0/atlas-client-v2-2.1.0.jar:/home/alex/.m2/repository/cglib/cglib/2.2.2/cglib-2.2.2.jar:/home/alex/.m2/repository/asm/asm/3.3.1/asm-3.3.1.jar:/home/alex/.m2/repository/org/apache/atlas/atlas-client-common/2.1.0/atlas-client-common-2.1.0.jar:/home/alex/.m2/repository/org/apache/httpcomponents/httpclient/4.5.13/httpclient-4.5.13.jar:/home/alex/.m2/repository/com/sun/jersey/jersey-client/1.19/jersey-client-1.19.jar:/home/alex/.m2/repository/org/apache/atlas/atlas-intg/2.1.0/atlas-intg-2.1.0.jar:/home/alex/.m2/repository/commons-collections/commons-collections/3.2.2/commons-collections-3.2.2.jar:/home/alex/.m2/repository/commons-validator/commons-validator/1.6/commons-validator-1.6.jar:/home/alex/.m2/repository/commons-digester/commons-digester/1.8.1/commons-digester-1.8.1.jar:/home/alex/.m2/repository/com/fasterxml/jackson/jaxrs/jackson-jaxrs-base/2.12.0/jackson-jaxrs-base-2.12.0.jar:/home/alex/.m2/repository/com/fasterxml/jackson/jaxrs/jackson-jaxrs-json-provider/2.12.0/jackson-jaxrs-json-provider-2.12.0.jar:/home/alex/.m2/repository/javax/inject/javax.inject/1/javax.inject-1.jar:/home/alex/.m2/repository/org/springframework/spring-context/4.3.20.RELEASE/spring-context-4.3.20.RELEASE.jar:/home/alex/.m2/repository/org/springframework/spring-aop/4.3.20.RELEASE/spring-aop-4.3.20.RELEASE.jar:/home/alex/.m2/repository/org/springframework/spring-beans/4.3.20.RELEASE/spring-beans-4.3.20.RELEASE.jar:/home/alex/.m2/repository/org/springframework/spring-core/4.3.20.RELEASE/spring-core-4.3.20.RELEASE.jar:/home/alex/.m2/repository/org/springframework/spring-expression/4.3.20.RELEASE/spring-expression-4.3.20.RELEASE.jar:/home/alex/.m2/repository/commons-configuration/commons-configuration/1.10/commons-configuration-1.10.jar:/home/alex/.m2/repository/commons-lang/commons-lang/2.6/commons-lang-2.6.jar:/home/alex/.m2/repository/commons-logging/commons-logging/1.1.1/commons-logging-1.1.1.jar:/home/alex/.m2/repository/org/apache/commons/commons-math3/3.6.1/commons-math3-3.6.1.jar:/home/alex/Repositories/hive/vector-code-gen/target/classes:/home/alex/.m2/repository/org/apache/velocity/velocity/1.5/velocity-1.5.jar:/home/alex/Repositories/hive/common/target/classes:/home/alex/Repositories/hive/classification/target/classes:/home/alex/Repositories/hive/standalone-metastore/metastore-common/target/classes:/home/alex/.m2/repository/commons-cli/commons-cli/1.4/commons-cli-1.4.jar:/home/alex/.m2/repository/org/apache/orc/orc-core/1.6.9/orc-core-1.6.9.jar:/home/alex/.m2/repository/org/apache/orc/orc-shims/1.6.9/orc-shims-1.6.9.jar:/home/alex/.m2/repository/io/airlift/aircompressor/0.19/aircompressor-0.19.jar:/home/alex/.m2/repository/org/jetbrains/annotations/17.0.0/annotations-17.0.0.jar:/home/alex/.m2/repository/org/threeten/threeten-extra/1.5.0/threeten-extra-1.5.0.jar:/home/alex/.m2/repository/jline/jline/2.14.6/jline-2.14.6.jar:/home/alex/.m2/repository/javax/servlet/javax.servlet-api/3.1.0/javax.servlet-api-3.1.0.jar:/home/alex/.m2/repository/org/eclipse/jetty/jetty-http/9.3.27.v20190418/jetty-http-9.3.27.v20190418.jar:/home/alex/.m2/repository/org/eclipse/jetty/jetty-rewrite/9.3.27.v20190418/jetty-rewrite-9.3.27.v20190418.jar:/home/alex/.m2/repository/org/eclipse/jetty/jetty-client/9.3.27.v20190418/jetty-client-9.3.27.v20190418.jar:/home/alex/.m2/repository/org/eclipse/jetty/jetty-server/9.3.27.v20190418/jetty-server-9.3.27.v20190418.jar:/home/alex/.m2/repository/org/eclipse/jetty/jetty-io/9.3.27.v20190418/jetty-io-9.3.27.v20190418.jar:/home/alex/.m2/repository/org/eclipse/jetty/jetty-servlet/9.3.27.v20190418/jetty-servlet-9.3.27.v20190418.jar:/home/alex/.m2/repository/org/eclipse/jetty/jetty-security/9.3.27.v20190418/jetty-security-9.3.27.v20190418.jar:/home/alex/.m2/repository/org/eclipse/jetty/jetty-webapp/9.3.27.v20190418/jetty-webapp-9.3.27.v20190418.jar:/home/alex/.m2/repository/org/eclipse/jetty/jetty-xml/9.3.27.v20190418/jetty-xml-9.3.27.v20190418.jar:/home/alex/.m2/repository/joda-time/joda-time/2.9.9/joda-time-2.9.9.jar:/home/alex/.m2/repository/org/apache/logging/log4j/log4j-web/2.13.2/log4j-web-2.13.2.jar:/home/alex/.m2/repository/net/sf/jpam/jpam/1.1/jpam-1.1.jar:/home/alex/.m2/repository/io/dropwizard/metrics/metrics-core/3.1.0/metrics-core-3.1.0.jar:/home/alex/.m2/repository/io/dropwizard/metrics/metrics-jvm/3.1.0/metrics-jvm-3.1.0.jar:/home/alex/.m2/repository/io/dropwizard/metrics/metrics-json/3.1.0/metrics-json-3.1.0.jar:/home/alex/.m2/repository/com/github/joshelser/dropwizard-metrics-hadoop-metrics2-reporter/0.1.2/dropwizard-metrics-hadoop-metrics2-reporter-0.1.2.jar:/home/alex/Repositories/hive/metastore/target/classes:/home/alex/.m2/repository/org/apache/derby/derby/10.14.1.0/derby-10.14.1.0.jar:/home/alex/Repositories/hive/serde/target/classes:/home/alex/.m2/repository/com/google/code/findbugs/jsr305/3.0.0/jsr305-3.0.0.jar:/home/alex/.m2/repository/org/apache/arrow/arrow-vector/0.15.1/arrow-vector-0.15.1.jar:/home/alex/.m2/repository/org/apache/arrow/arrow-format/0.15.1/arrow-format-0.15.1.jar:/home/alex/.m2/repository/org/apache/arrow/arrow-memory/0.15.1/arrow-memory-0.15.1.jar:/home/alex/.m2/repository/com/google/flatbuffers/flatbuffers-java/1.9.0/flatbuffers-java-1.9.0.jar:/home/alex/.m2/repository/com/carrotsearch/hppc/0.7.2/hppc-0.7.2.jar:/home/alex/.m2/repository/com/github/davidmoten/flatbuffers-java/1.6.0.1/flatbuffers-java-1.6.0.1.jar:/home/alex/Repositories/hive/parser/target/classes:/home/alex/Repositories/hive/udf/target/classes:/home/alex/Repositories/hive/service-rpc/target/classes:/home/alex/Repositories/hive/llap-client/target/classes:/home/alex/Repositories/hive/llap-common/target/classes:/home/alex/.m2/repository/io/jsonwebtoken/jjwt-api/0.10.5/jjwt-api-0.10.5.jar:/home/alex/.m2/repository/io/jsonwebtoken/jjwt-impl/0.10.5/jjwt-impl-0.10.5.jar:/home/alex/.m2/repository/io/jsonwebtoken/jjwt-jackson/0.10.5/jjwt-jackson-0.10.5.jar:/home/alex/Repositories/hive/llap-tez/target/classes:/home/alex/Repositories/hive/shims/aggregator/target/classes:/home/alex/Repositories/hive/shims/common/target/classes:/home/alex/Repositories/hive/shims/0.23/target/classes:/home/alex/.m2/repository/org/apache/hadoop/hadoop-yarn-server-resourcemanager/3.1.0/hadoop-yarn-server-resourcemanager-3.1.0.jar:/home/alex/.m2/repository/org/apache/hadoop/hadoop-yarn-server-applicationhistoryservice/3.1.0/hadoop-yarn-server-applicationhistoryservice-3.1.0.jar:/home/alex/.m2/repository/de/ruedigermoeller/fst/2.50/fst-2.50.jar:/home/alex/.m2/repository/com/cedarsoftware/java-util/1.9.0/java-util-1.9.0.jar:/home/alex/.m2/repository/com/cedarsoftware/json-io/2.5.1/json-io-2.5.1.jar:/home/alex/Repositories/hive/shims/scheduler/target/classes:/home/alex/Repositories/hive/spark-client/target/classes:/home/alex/.m2/repository/io/netty/netty-all/4.1.65.Final/netty-all-4.1.65.Final.jar:/home/alex/.m2/repository/com/fasterxml/jackson/module/jackson-module-scala_2.12/2.12.0/jackson-module-scala_2.12-2.12.0.jar:/home/alex/.m2/repository/org/apache/spark/spark-yarn_2.12/2.4.5/spark-yarn_2.12-2.4.5.jar:/home/alex/Repositories/hive/storage-api/target/classes:/home/alex/.m2/repository/com/amazonaws/aws-java-sdk-bundle/1.11.901/aws-java-sdk-bundle-1.11.901.jar:/home/alex/.m2/repository/com/amazonaws/secretsmanager/aws-secretsmanager-caching-java/1.0.1/aws-secretsmanager-caching-java-1.0.1.jar:/home/alex/.m2/repository/com/esotericsoftware/kryo/5.0.3/kryo-5.0.3.jar:/home/alex/.m2/repository/org/objenesis/objenesis/3.1/objenesis-3.1.jar:/home/alex/.m2/repository/com/esotericsoftware/minlog/1.3.1/minlog-1.3.1.jar:/home/alex/.m2/repository/com/esotericsoftware/reflectasm/1.11.9/reflectasm-1.11.9.jar:/home/alex/.m2/repository/com/google/protobuf/protobuf-java/2.5.0/protobuf-java-2.5.0.jar:/home/alex/.m2/repository/org/apache/hbase/hbase-common/2.0.0-alpha4/hbase-common-2.0.0-alpha4.jar:/home/alex/.m2/repository/org/apache/hbase/thirdparty/hbase-shaded-miscellaneous/1.0.1/hbase-shaded-miscellaneous-1.0.1.jar:/home/alex/.m2/repository/org/apache/htrace/htrace-core/3.2.0-incubating/htrace-core-3.2.0-incubating.jar:/home/alex/.m2/repository/org/apache/commons/commons-crypto/1.0.0/commons-crypto-1.0.0.jar:/home/alex/.m2/repository/com/github/stephenc/findbugs/findbugs-annotations/1.3.9-1/findbugs-annotations-1.3.9-1.jar:/home/alex/.m2/repository/log4j/log4j/1.2.17/log4j-1.2.17.jar:/home/alex/.m2/repository/org/apache/yetus/audience-annotations/0.5.0/audience-annotations-0.5.0.jar:/home/alex/.m2/repository/org/apache/parquet/parquet-hadoop-bundle/1.11.1/parquet-hadoop-bundle-1.11.1.jar:/home/alex/.m2/repository/commons-codec/commons-codec/1.15/commons-codec-1.15.jar:/home/alex/.m2/repository/commons-io/commons-io/2.6/commons-io-2.6.jar:/home/alex/.m2/repository/org/apache/commons/commons-collections4/4.1/commons-collections4-4.1.jar:/home/alex/.m2/repository/org/apache/commons/commons-lang3/3.9/commons-lang3-3.9.jar:/home/alex/.m2/repository/org/apache/commons/commons-text/1.8/commons-text-1.8.jar:/home/alex/.m2/repository/javolution/javolution/5.5.1/javolution-5.5.1.jar:/home/alex/.m2/repository/org/apache/logging/log4j/log4j-1.2-api/2.13.2/log4j-1.2-api-2.13.2.jar:/home/alex/.m2/repository/org/apache/logging/log4j/log4j-api/2.13.2/log4j-api-2.13.2.jar:/home/alex/.m2/repository/org/apache/logging/log4j/log4j-core/2.13.2/log4j-core-2.13.2.jar:/home/alex/.m2/repository/org/apache/logging/log4j/log4j-slf4j-impl/2.13.2/log4j-slf4j-impl-2.13.2.jar:/home/alex/.m2/repository/org/antlr/antlr-runtime/3.5.2/antlr-runtime-3.5.2.jar:/home/alex/.m2/repository/org/antlr/ST4/4.0.4/ST4-4.0.4.jar:/home/alex/.m2/repository/org/apache/avro/avro/1.8.2/avro-1.8.2.jar:/home/alex/.m2/repository/org/codehaus/jackson/jackson-core-asl/1.9.13/jackson-core-asl-1.9.13.jar:/home/alex/.m2/repository/org/codehaus/jackson/jackson-mapper-asl/1.9.13/jackson-mapper-asl-1.9.13.jar:/home/alex/.m2/repository/com/thoughtworks/paranamer/paranamer/2.8/paranamer-2.8.jar:/home/alex/.m2/repository/org/xerial/snappy/snappy-java/1.1.4/snappy-java-1.1.4.jar:/home/alex/.m2/repository/org/tukaani/xz/1.5/xz-1.5.jar:/home/alex/.m2/repository/org/apache/avro/avro-mapred/1.8.2/avro-mapred-1.8.2-hadoop2.jar:/home/alex/.m2/repository/org/apache/avro/avro-ipc/1.8.2/avro-ipc-1.8.2.jar:/home/alex/.m2/repository/org/mortbay/jetty/jetty/6.1.26/jetty-6.1.26.jar:/home/alex/.m2/repository/org/apache/ant/ant/1.9.1/ant-1.9.1.jar:/home/alex/.m2/repository/org/apache/ant/ant-launcher/1.9.1/ant-launcher-1.9.1.jar:/home/alex/.m2/repository/org/apache/commons/commons-compress/1.21/commons-compress-1.21.jar:/home/alex/.m2/repository/org/apache/thrift/libfb303/0.9.3/libfb303-0.9.3.jar:/home/alex/.m2/repository/org/apache/hadoop/hadoop-common/3.1.0/hadoop-common-3.1.0.jar:/home/alex/.m2/repository/org/apache/hadoop/hadoop-annotations/3.1.0/hadoop-annotations-3.1.0.jar:/home/alex/.m2/repository/commons-net/commons-net/3.6/commons-net-3.6.jar:/home/alex/.m2/repository/org/eclipse/jetty/jetty-util/9.3.27.v20190418/jetty-util-9.3.27.v20190418.jar:/home/alex/.m2/repository/javax/servlet/jsp/jsp-api/2.1/jsp-api-2.1.jar:/home/alex/.m2/repository/com/sun/jersey/jersey-core/1.19/jersey-core-1.19.jar:/home/alex/.m2/repository/javax/ws/rs/jsr311-api/1.1.1/jsr311-api-1.1.1.jar:/home/alex/.m2/repository/com/sun/jersey/jersey-json/1.19/jersey-json-1.19.jar:/home/alex/.m2/repository/com/sun/xml/bind/jaxb-impl/2.2.3-1/jaxb-impl-2.2.3-1.jar:/home/alex/.m2/repository/org/codehaus/jackson/jackson-jaxrs/1.9.2/jackson-jaxrs-1.9.2.jar:/home/alex/.m2/repository/org/codehaus/jackson/jackson-xc/1.9.2/jackson-xc-1.9.2.jar:/home/alex/.m2/repository/com/sun/jersey/jersey-server/1.19/jersey-server-1.19.jar:/home/alex/.m2/repository/org/apache/commons/commons-configuration2/2.1.1/commons-configuration2-2.1.1.jar:/home/alex/.m2/repository/org/apache/hadoop/hadoop-auth/3.1.0/hadoop-auth-3.1.0.jar:/home/alex/.m2/repository/com/nimbusds/nimbus-jose-jwt/4.41.1/nimbus-jose-jwt-4.41.1.jar:/home/alex/.m2/repository/com/github/stephenc/jcip/jcip-annotations/1.0-1/jcip-annotations-1.0-1.jar:/home/alex/.m2/repository/com/jcraft/jsch/0.1.54/jsch-0.1.54.jar:/home/alex/.m2/repository/org/apache/htrace/htrace-core4/4.1.0-incubating/htrace-core4-4.1.0-incubating.jar:/home/alex/.m2/repository/org/apache/kerby/kerb-simplekdc/1.0.1/kerb-simplekdc-1.0.1.jar:/home/alex/.m2/repository/org/apache/kerby/kerb-client/1.0.1/kerb-client-1.0.1.jar:/home/alex/.m2/repository/org/apache/kerby/kerby-config/1.0.1/kerby-config-1.0.1.jar:/home/alex/.m2/repository/org/apache/kerby/kerb-core/1.0.1/kerb-core-1.0.1.jar:/home/alex/.m2/repository/org/apache/kerby/kerby-pkix/1.0.1/kerby-pkix-1.0.1.jar:/home/alex/.m2/repository/org/apache/kerby/kerby-asn1/1.0.1/kerby-asn1-1.0.1.jar:/home/alex/.m2/repository/org/apache/kerby/kerby-util/1.0.1/kerby-util-1.0.1.jar:/home/alex/.m2/repository/org/apache/kerby/kerb-common/1.0.1/kerb-common-1.0.1.jar:/home/alex/.m2/repository/org/apache/kerby/kerb-crypto/1.0.1/kerb-crypto-1.0.1.jar:/home/alex/.m2/repository/org/apache/kerby/kerb-util/1.0.1/kerb-util-1.0.1.jar:/home/alex/.m2/repository/org/apache/kerby/token-provider/1.0.1/token-provider-1.0.1.jar:/home/alex/.m2/repository/org/apache/kerby/kerb-admin/1.0.1/kerb-admin-1.0.1.jar:/home/alex/.m2/repository/org/apache/kerby/kerb-server/1.0.1/kerb-server-1.0.1.jar:/home/alex/.m2/repository/org/apache/kerby/kerb-identity/1.0.1/kerb-identity-1.0.1.jar:/home/alex/.m2/repository/org/apache/kerby/kerby-xdr/1.0.1/kerby-xdr-1.0.1.jar:/home/alex/.m2/repository/org/codehaus/woodstox/stax2-api/3.1.4/stax2-api-3.1.4.jar:/home/alex/.m2/repository/com/fasterxml/woodstox/woodstox-core/5.0.3/woodstox-core-5.0.3.jar:/home/alex/.m2/repository/org/apache/hadoop/hadoop-archives/3.1.0/hadoop-archives-3.1.0.jar:/home/alex/.m2/repository/org/apache/hadoop/hadoop-yarn-registry/3.1.0/hadoop-yarn-registry-3.1.0.jar:/home/alex/.m2/repository/org/apache/curator/curator-client/4.2.0/curator-client-4.2.0.jar:/home/alex/.m2/repository/org/apache/curator/curator-recipes/4.2.0/curator-recipes-4.2.0.jar:/home/alex/.m2/repository/commons-daemon/commons-daemon/1.0.13/commons-daemon-1.0.13.jar:/home/alex/.m2/repository/dnsjava/dnsjava/2.1.7/dnsjava-2.1.7.jar:/home/alex/.m2/repository/org/apache/hadoop/hadoop-mapreduce-client-core/3.1.0/hadoop-mapreduce-client-core-3.1.0.jar:/home/alex/.m2/repository/org/apache/hadoop/hadoop-hdfs-client/3.1.0/hadoop-hdfs-client-3.1.0.jar:/home/alex/.m2/repository/com/squareup/okhttp/okhttp/2.7.5/okhttp-2.7.5.jar:/home/alex/.m2/repository/com/squareup/okio/okio/1.6.0/okio-1.6.0.jar:/home/alex/.m2/repository/com/google/inject/extensions/guice-servlet/4.0/guice-servlet-4.0.jar:/home/alex/.m2/repository/org/apache/hadoop/hadoop-mapreduce-client-common/3.1.0/hadoop-mapreduce-client-common-3.1.0.jar:/home/alex/.m2/repository/org/apache/hadoop/hadoop-hdfs/3.1.0/hadoop-hdfs-3.1.0.jar:/home/alex/.m2/repository/org/eclipse/jetty/jetty-util-ajax/9.3.19.v20170502/jetty-util-ajax-9.3.19.v20170502.jar:/home/alex/.m2/repository/org/fusesource/leveldbjni/leveldbjni-all/1.8/leveldbjni-all-1.8.jar:/home/alex/.m2/repository/org/apache/hadoop/hadoop-yarn-api/3.1.0/hadoop-yarn-api-3.1.0.jar:/home/alex/.m2/repository/javax/xml/bind/jaxb-api/2.2.11/jaxb-api-2.2.11.jar:/home/alex/.m2/repository/org/apache/hadoop/hadoop-yarn-common/3.1.0/hadoop-yarn-common-3.1.0.jar:/home/alex/.m2/repository/com/google/inject/guice/4.0/guice-4.0.jar:/home/alex/.m2/repository/aopalliance/aopalliance/1.0/aopalliance-1.0.jar:/home/alex/.m2/repository/com/sun/jersey/contribs/jersey-guice/1.19/jersey-guice-1.19.jar:/home/alex/.m2/repository/com/fasterxml/jackson/module/jackson-module-jaxb-annotations/2.12.0/jackson-module-jaxb-annotations-2.12.0.jar:/home/alex/.m2/repository/jakarta/xml/bind/jakarta.xml.bind-api/2.3.2/jakarta.xml.bind-api-2.3.2.jar:/home/alex/.m2/repository/jakarta/activation/jakarta.activation-api/1.2.1/jakarta.activation-api-1.2.1.jar:/home/alex/.m2/repository/org/apache/hadoop/hadoop-yarn-client/3.1.0/hadoop-yarn-client-3.1.0.jar:/home/alex/.m2/repository/org/apache/orc/orc-tools/1.6.9/orc-tools-1.6.9.jar:/home/alex/.m2/repository/com/opencsv/opencsv/3.9/opencsv-3.9.jar:/home/alex/.m2/repository/org/codehaus/jettison/jettison/1.1/jettison-1.1.jar:/home/alex/.m2/repository/org/threeten/threetenbp/1.3.5/threetenbp-1.3.5.jar:/home/alex/.m2/repository/org/apache/ivy/ivy/2.4.0/ivy-2.4.0.jar:/home/alex/.m2/repository/org/apache/thrift/libthrift/0.14.1/libthrift-0.14.1.jar:/home/alex/.m2/repository/org/apache/httpcomponents/httpcore/4.4.13/httpcore-4.4.13.jar:/home/alex/.m2/repository/org/apache/tomcat/embed/tomcat-embed-core/8.5.46/tomcat-embed-core-8.5.46.jar:/home/alex/.m2/repository/org/apache/tomcat/tomcat-annotations-api/8.5.46/tomcat-annotations-api-8.5.46.jar:/home/alex/.m2/repository/javax/annotation/javax.annotation-api/1.3.2/javax.annotation-api-1.3.2.jar:/home/alex/.m2/repository/org/apache/zookeeper/zookeeper/3.5.5/zookeeper-3.5.5.jar:/home/alex/.m2/repository/org/apache/zookeeper/zookeeper-jute/3.5.5/zookeeper-jute-3.5.5.jar:/home/alex/.m2/repository/org/apache/curator/curator-framework/4.2.0/curator-framework-4.2.0.jar:/home/alex/.m2/repository/org/apache/curator/curator-test/4.2.0/curator-test-4.2.0.jar:/home/alex/.m2/repository/org/apache/datasketches/datasketches-hive/1.1.0-incubating/datasketches-hive-1.1.0-incubating.jar:/home/alex/.m2/repository/org/apache/datasketches/datasketches-java/1.3.0-incubating/datasketches-java-1.3.0-incubating.jar:/home/alex/.m2/repository/org/apache/datasketches/datasketches-memory/1.2.0-incubating/datasketches-memory-1.2.0-incubating.jar:/home/alex/.m2/repository/org/slf4j/slf4j-simple/1.7.27/slf4j-simple-1.7.27.jar:/home/alex/.m2/repository/com/lmax/disruptor/3.3.7/disruptor-3.3.7.jar:/home/alex/.m2/repository/org/codehaus/groovy/groovy-all/2.4.11/groovy-all-2.4.11.jar:/home/alex/.m2/repository/org/jodd/jodd-util/6.0.0/jodd-util-6.0.0.jar:/home/alex/.m2/repository/com/fasterxml/jackson/core/jackson-annotations/2.12.0/jackson-annotations-2.12.0.jar:/home/alex/.m2/repository/com/fasterxml/jackson/core/jackson-core/2.12.0/jackson-core-2.12.0.jar:/home/alex/.m2/repository/com/fasterxml/jackson/core/jackson-databind/2.12.0/jackson-databind-2.12.0.jar:/home/alex/.m2/repository/com/fasterxml/jackson/dataformat/jackson-dataformat-yaml/2.12.0/jackson-dataformat-yaml-2.12.0.jar:/home/alex/.m2/repository/org/yaml/snakeyaml/1.27/snakeyaml-1.27.jar:/home/alex/.m2/repository/org/datanucleus/datanucleus-core/5.2.4/datanucleus-core-5.2.4.jar:/home/alex/.m2/repository/org/apache/calcite/calcite-core/1.25.0/calcite-core-1.25.0.jar:/home/alex/.m2/repository/org/apache/calcite/calcite-linq4j/1.25.0/calcite-linq4j-1.25.0.jar:/home/alex/.m2/repository/org/apiguardian/apiguardian-api/1.1.0/apiguardian-api-1.1.0.jar:/home/alex/.m2/repository/com/esri/geometry/esri-geometry-api/2.2.0/esri-geometry-api-2.2.0.jar:/home/alex/.m2/repository/com/yahoo/datasketches/sketches-core/0.9.0/sketches-core-0.9.0.jar:/home/alex/.m2/repository/com/yahoo/datasketches/memory/0.9.0/memory-0.9.0.jar:/home/alex/.m2/repository/org/apache/commons/commons-dbcp2/2.7.0/commons-dbcp2-2.7.0.jar:/home/alex/.m2/repository/org/apache/commons/commons-pool2/2.7.0/commons-pool2-2.7.0.jar:/home/alex/.m2/repository/org/apache/calcite/calcite-druid/1.25.0/calcite-druid-1.25.0.jar:/home/alex/.m2/repository/org/apache/calcite/avatica/avatica/1.12.0/avatica-1.12.0.jar:/home/alex/.m2/repository/com/google/guava/guava/19.0/guava-19.0.jar:/home/alex/.m2/repository/com/googlecode/javaewah/JavaEWAH/0.3.2/JavaEWAH-0.3.2.jar:/home/alex/.m2/repository/com/google/code/gson/gson/2.2.4/gson-2.2.4.jar:/home/alex/.m2/repository/com/tdunning/json/1.8/json-1.8.jar:/home/alex/.m2/repository/stax/stax-api/1.0.1/stax-api-1.0.1.jar:/home/alex/.m2/repository/net/sf/opencsv/opencsv/2.3/opencsv-2.3.jar:/home/alex/Repositories/hive/standalone-metastore/metastore-server/target/classes:/home/alex/.m2/repository/com/zaxxer/HikariCP/2.6.1/HikariCP-2.6.1.jar:/home/alex/.m2/repository/commons-beanutils/commons-beanutils/1.9.4/commons-beanutils-1.9.4.jar:/home/alex/.m2/repository/org/datanucleus/datanucleus-api-jdo/5.2.4/datanucleus-api-jdo-5.2.4.jar:/home/alex/.m2/repository/org/datanucleus/datanucleus-rdbms/5.2.4/datanucleus-rdbms-5.2.4.jar:/home/alex/.m2/repository/org/datanucleus/javax.jdo/3.2.0-release/javax.jdo-3.2.0-release.jar:/home/alex/.m2/repository/javax/transaction/javax.transaction-api/1.3/javax.transaction-api-1.3.jar:/home/alex/.m2/repository/org/glassfish/corba/glassfish-corba-omgapi/4.2.2/glassfish-corba-omgapi-4.2.2.jar:/home/alex/.m2/repository/sqlline/sqlline/1.9.0/sqlline-1.9.0.jar:/home/alex/.m2/repository/org/jline/jline-terminal/3.12.1/jline-terminal-3.12.1.jar:/home/alex/.m2/repository/org/jline/jline-reader/3.12.1/jline-reader-3.12.1.jar:/home/alex/.m2/repository/org/jline/jline-terminal-jansi/3.12.1/jline-terminal-jansi-3.12.1.jar:/home/alex/.m2/repository/org/fusesource/jansi/jansi/1.18/jansi-1.18.jar:/home/alex/.m2/repository/org/jline/jline-terminal-jna/3.12.1/jline-terminal-jna-3.12.1.jar:/home/alex/.m2/repository/net/java/dev/jna/jna/5.3.1/jna-5.3.1.jar:/home/alex/.m2/repository/org/jline/jline-builtins/3.12.1/jline-builtins-3.12.1.jar:/home/alex/.m2/repository/org/jline/jline-style/3.12.1/jline-style-3.12.1.jar:/home/alex/.m2/repository/com/cronutils/cron-utils/9.1.3/cron-utils-9.1.3.jar:/home/alex/.m2/repository/org/glassfish/javax.el/3.0.0/javax.el-3.0.0.jar:/home/alex/.m2/repository/com/oracle/database/jdbc/ojdbc8/21.3.0.0/ojdbc8-21.3.0.0.jar:/home/alex/.m2/repository/mysql/mysql-connector-java/8.0.27/mysql-connector-java-8.0.27.jar:/home/alex/.m2/repository/com/microsoft/sqlserver/mssql-jdbc/6.2.1.jre8/mssql-jdbc-6.2.1.jre8.jar:/home/alex/.m2/repository/org/postgresql/postgresql/42.2.14/postgresql-42.2.14.jar:/home/alex/Repositories/hive/common/target/test-classes:/home/alex/Repositories/hive/standalone-metastore/metastore-common/target/test-classes:/home/alex/.m2/repository/com/github/ben-manes/caffeine/caffeine/2.8.4/caffeine-2.8.4.jar:/home/alex/.m2/repository/org/checkerframework/checker-qual/3.4.0/checker-qual-3.4.0.jar:/home/alex/Repositories/hive/standalone-metastore/metastore-server/target/test-classes:/home/alex/.m2/repository/org/apache/parquet/parquet-column/1.11.1/parquet-column-1.11.1-tests.jar:/home/alex/.m2/repository/org/apache/parquet/parquet-common/1.11.1/parquet-common-1.11.1.jar:/home/alex/.m2/repository/org/apache/parquet/parquet-format-structures/1.11.1/parquet-format-structures-1.11.1.jar:/home/alex/.m2/repository/org/apache/parquet/parquet-encoding/1.11.1/parquet-encoding-1.11.1.jar:/home/alex/.m2/repository/junit/junit/4.13/junit-4.13.jar:/home/alex/.m2/repository/org/hamcrest/hamcrest-core/1.3/hamcrest-core-1.3.jar:/home/alex/.m2/repository/org/junit/jupiter/junit-jupiter-engine/5.6.2/junit-jupiter-engine-5.6.2.jar:/home/alex/.m2/repository/org/junit/platform/junit-platform-engine/1.6.2/junit-platform-engine-1.6.2.jar:/home/alex/.m2/repository/org/opentest4j/opentest4j/1.2.0/opentest4j-1.2.0.jar:/home/alex/.m2/repository/org/junit/platform/junit-platform-commons/1.6.2/junit-platform-commons-1.6.2.jar:/home/alex/.m2/repository/org/junit/jupiter/junit-jupiter-api/5.6.2/junit-jupiter-api-5.6.2.jar:/home/alex/.m2/repository/org/junit/jupiter/junit-jupiter-params/5.6.2/junit-jupiter-params-5.6.2.jar:/home/alex/.m2/repository/org/junit/vintage/junit-vintage-engine/5.6.2/junit-vintage-engine-5.6.2.jar:/home/alex/.m2/repository/org/apache/tez/tez-api/0.10.1/tez-api-0.10.1.jar:/usr/lib/jvm/java-8-openjdk-amd64/jre/../lib/tools.jar:/home/alex/.m2/repository/org/apache/tez/tez-runtime-library/0.10.1/tez-runtime-library-0.10.1.jar:/home/alex/.m2/repository/org/roaringbitmap/RoaringBitmap/0.5.21/RoaringBitmap-0.5.21.jar:/home/alex/.m2/repository/org/asynchttpclient/async-http-client/2.12.1/async-http-client-2.12.1.jar:/home/alex/.m2/repository/org/asynchttpclient/async-http-client-netty-utils/2.12.1/async-http-client-netty-utils-2.12.1.jar:/home/alex/.m2/repository/io/netty/netty-buffer/4.1.48.Final/netty-buffer-4.1.48.Final.jar:/home/alex/.m2/repository/io/netty/netty-codec-http/4.1.48.Final/netty-codec-http-4.1.48.Final.jar:/home/alex/.m2/repository/io/netty/netty-common/4.1.48.Final/netty-common-4.1.48.Final.jar:/home/alex/.m2/repository/io/netty/netty-transport/4.1.48.Final/netty-transport-4.1.48.Final.jar:/home/alex/.m2/repository/io/netty/netty-codec/4.1.48.Final/netty-codec-4.1.48.Final.jar:/home/alex/.m2/repository/io/netty/netty-handler/4.1.48.Final/netty-handler-4.1.48.Final.jar:/home/alex/.m2/repository/io/netty/netty-resolver/4.1.48.Final/netty-resolver-4.1.48.Final.jar:/home/alex/.m2/repository/io/netty/netty-codec-socks/4.1.48.Final/netty-codec-socks-4.1.48.Final.jar:/home/alex/.m2/repository/io/netty/netty-handler-proxy/4.1.48.Final/netty-handler-proxy-4.1.48.Final.jar:/home/alex/.m2/repository/io/netty/netty-transport-native-epoll/4.1.48.Final/netty-transport-native-epoll-4.1.48.Final-linux-x86_64.jar:/home/alex/.m2/repository/io/netty/netty-transport-native-unix-common/4.1.48.Final/netty-transport-native-unix-common-4.1.48.Final.jar:/home/alex/.m2/repository/io/netty/netty-transport-native-kqueue/4.1.48.Final/netty-transport-native-kqueue-4.1.48.Final-osx-x86_64.jar:/home/alex/.m2/repository/org/reactivestreams/reactive-streams/1.0.3/reactive-streams-1.0.3.jar:/home/alex/.m2/repository/com/typesafe/netty/netty-reactive-streams/2.0.4/netty-reactive-streams-2.0.4.jar:/home/alex/.m2/repository/com/sun/activation/javax.activation/1.2.0/javax.activation-1.2.0.jar:/home/alex/.m2/repository/org/apache/tez/tez-common/0.10.1/tez-common-0.10.1.jar:/home/alex/.m2/repository/org/apache/tez/tez-runtime-internals/0.10.1/tez-runtime-internals-0.10.1.jar:/home/alex/.m2/repository/org/apache/tez/hadoop-shim/0.10.1/hadoop-shim-0.10.1.jar:/home/alex/.m2/repository/org/apache/tez/tez-mapreduce/0.10.1/tez-mapreduce-0.10.1.jar:/home/alex/.m2/repository/org/apache/tez/tez-dag/0.10.1/tez-dag-0.10.1.jar:/home/alex/.m2/repository/org/apache/hadoop/hadoop-yarn-server-web-proxy/3.1.0/hadoop-yarn-server-web-proxy-3.1.0.jar:/home/alex/.m2/repository/org/apache/hadoop/hadoop-yarn-server-common/3.1.0/hadoop-yarn-server-common-3.1.0.jar:/home/alex/.m2/repository/org/apache/geronimo/specs/geronimo-jcache_1.0_spec/1.0-alpha-1/geronimo-jcache_1.0_spec-1.0-alpha-1.jar:/home/alex/.m2/repository/org/ehcache/ehcache/3.3.1/ehcache-3.3.1.jar:/home/alex/.m2/repository/com/zaxxer/HikariCP-java7/2.4.12/HikariCP-java7-2.4.12.jar:/home/alex/.m2/repository/org/apache/spark/spark-core_2.12/2.4.5/spark-core_2.12-2.4.5.jar:/home/alex/.m2/repository/com/twitter/chill_2.12/0.9.3/chill_2.12-0.9.3.jar:/home/alex/.m2/repository/com/twitter/chill-java/0.9.3/chill-java-0.9.3.jar:/home/alex/.m2/repository/org/apache/xbean/xbean-asm6-shaded/4.8/xbean-asm6-shaded-4.8.jar:/home/alex/.m2/repository/org/apache/hadoop/hadoop-client/3.1.0/hadoop-client-3.1.0.jar:/home/alex/.m2/repository/org/apache/hadoop/hadoop-mapreduce-client-jobclient/3.1.0/hadoop-mapreduce-client-jobclient-3.1.0.jar:/home/alex/.m2/repository/org/apache/spark/spark-launcher_2.12/2.4.5/spark-launcher_2.12-2.4.5.jar:/home/alex/.m2/repository/org/apache/spark/spark-kvstore_2.12/2.4.5/spark-kvstore_2.12-2.4.5.jar:/home/alex/.m2/repository/org/apache/spark/spark-network-common_2.12/2.4.5/spark-network-common_2.12-2.4.5.jar:/home/alex/.m2/repository/org/apache/spark/spark-network-shuffle_2.12/2.4.5/spark-network-shuffle_2.12-2.4.5.jar:/home/alex/.m2/repository/org/apache/spark/spark-unsafe_2.12/2.4.5/spark-unsafe_2.12-2.4.5.jar:/home/alex/.m2/repository/javax/activation/activation/1.1.1/activation-1.1.1.jar:/home/alex/.m2/repository/org/slf4j/jul-to-slf4j/1.7.16/jul-to-slf4j-1.7.16.jar:/home/alex/.m2/repository/org/slf4j/jcl-over-slf4j/1.7.16/jcl-over-slf4j-1.7.16.jar:/home/alex/.m2/repository/com/ning/compress-lzf/1.0.3/compress-lzf-1.0.3.jar:/home/alex/.m2/repository/org/lz4/lz4-java/1.4.0/lz4-java-1.4.0.jar:/home/alex/.m2/repository/com/github/luben/zstd-jni/1.3.2-2/zstd-jni-1.3.2-2.jar:/home/alex/.m2/repository/org/scala-lang/scala-library/2.12.10/scala-library-2.12.10.jar:/home/alex/.m2/repository/org/json4s/json4s-jackson_2.12/3.5.3/json4s-jackson_2.12-3.5.3.jar:/home/alex/.m2/repository/org/json4s/json4s-core_2.12/3.5.3/json4s-core_2.12-3.5.3.jar:/home/alex/.m2/repository/org/json4s/json4s-ast_2.12/3.5.3/json4s-ast_2.12-3.5.3.jar:/home/alex/.m2/repository/org/json4s/json4s-scalap_2.12/3.5.3/json4s-scalap_2.12-3.5.3.jar:/home/alex/.m2/repository/org/scala-lang/modules/scala-xml_2.12/1.0.6/scala-xml_2.12-1.0.6.jar:/home/alex/.m2/repository/com/clearspring/analytics/stream/2.7.0/stream-2.7.0.jar:/home/alex/.m2/repository/io/dropwizard/metrics/metrics-graphite/3.1.5/metrics-graphite-3.1.5.jar:/home/alex/.m2/repository/oro/oro/2.0.8/oro-2.0.8.jar:/home/alex/.m2/repository/net/razorvine/pyrolite/4.13/pyrolite-4.13.jar:/home/alex/.m2/repository/net/sf/py4j/py4j/0.10.7/py4j-0.10.7.jar:/home/alex/.m2/repository/org/apache/spark/spark-tags_2.12/2.4.5/spark-tags_2.12-2.4.5.jar:/home/alex/.m2/repository/org/spark-project/spark/unused/1.0.0/unused-1.0.0.jar:/home/alex/.m2/repository/com/sun/jersey/jersey-servlet/1.19/jersey-servlet-1.19.jar:/home/alex/.m2/repository/org/glassfish/jersey/core/jersey-server/2.22.2/jersey-server-2.22.2.jar:/home/alex/.m2/repository/org/glassfish/jersey/core/jersey-common/2.22.2/jersey-common-2.22.2.jar:/home/alex/.m2/repository/org/glassfish/jersey/bundles/repackaged/jersey-guava/2.22.2/jersey-guava-2.22.2.jar:/home/alex/.m2/repository/org/glassfish/hk2/osgi-resource-locator/1.0.1/osgi-resource-locator-1.0.1.jar:/home/alex/.m2/repository/org/glassfish/jersey/core/jersey-client/2.22.2/jersey-client-2.22.2.jar:/home/alex/.m2/repository/javax/ws/rs/javax.ws.rs-api/2.0.1/javax.ws.rs-api-2.0.1.jar:/home/alex/.m2/repository/org/glassfish/jersey/media/jersey-media-jaxb/2.22.2/jersey-media-jaxb-2.22.2.jar:/home/alex/.m2/repository/org/glassfish/hk2/hk2-api/2.4.0-b34/hk2-api-2.4.0-b34.jar:/home/alex/.m2/repository/org/glassfish/hk2/hk2-utils/2.4.0-b34/hk2-utils-2.4.0-b34.jar:/home/alex/.m2/repository/org/glassfish/hk2/external/aopalliance-repackaged/2.4.0-b34/aopalliance-repackaged-2.4.0-b34.jar:/home/alex/.m2/repository/org/glassfish/hk2/external/javax.inject/2.4.0-b34/javax.inject-2.4.0-b34.jar:/home/alex/.m2/repository/org/glassfish/hk2/hk2-locator/2.4.0-b34/hk2-locator-2.4.0-b34.jar:/home/alex/.m2/repository/javax/validation/validation-api/1.1.0.Final/validation-api-1.1.0.Final.jar:/home/alex/.m2/repository/org/glassfish/jersey/containers/jersey-container-servlet-core/2.22.2/jersey-container-servlet-core-2.22.2.jar:/home/alex/.m2/repository/org/hamcrest/hamcrest-all/1.3/hamcrest-all-1.3.jar:/home/alex/.m2/repository/org/powermock/powermock-module-junit4/2.0.2/powermock-module-junit4-2.0.2.jar:/home/alex/.m2/repository/org/powermock/powermock-module-junit4-common/2.0.2/powermock-module-junit4-common-2.0.2.jar:/home/alex/.m2/repository/org/powermock/powermock-reflect/2.0.2/powermock-reflect-2.0.2.jar:/home/alex/.m2/repository/org/powermock/powermock-core/2.0.2/powermock-core-2.0.2.jar:/home/alex/.m2/repository/org/powermock/powermock-api-mockito2/2.0.2/powermock-api-mockito2-2.0.2.jar:/home/alex/.m2/repository/org/powermock/powermock-api-support/2.0.2/powermock-api-support-2.0.2.jar:/home/alex/.m2/repository/com/google/guava/guava-testlib/19.0/guava-testlib-19.0.jar:/home/alex/.m2/repository/com/google/errorprone/error_prone_annotations/2.0.2/error_prone_annotations-2.0.2.jar:/home/alex/.m2/repository/com/google/re2j/re2j/1.2/re2j-1.2.jar:/home/alex/.m2/repository/org/reflections/reflections/0.9.10/reflections-0.9.10.jar:/home/alex/.m2/repository/org/javassist/javassist/3.19.0-GA/javassist-3.19.0-GA.jar:/home/alex/.m2/repository/com/jayway/jsonpath/json-path/2.4.0/json-path-2.4.0.jar:/home/alex/.m2/repository/net/minidev/json-smart/2.3/json-smart-2.3.jar:/home/alex/.m2/repository/net/minidev/accessors-smart/1.2/accessors-smart-1.2.jar:/home/alex/.m2/repository/org/ow2/asm/asm/5.0.4/asm-5.0.4.jar:/home/alex/.m2/repository/org/codehaus/janino/commons-compiler/3.0.11/commons-compiler-3.0.11.jar:/home/alex/.m2/repository/org/codehaus/janino/janino/3.0.11/janino-3.0.11.jar:/home/alex/.m2/repository/com/sun/jersey/contribs/jersey-multipart/1.19/jersey-multipart-1.19.jar:/home/alex/.m2/repository/org/jvnet/mimepull/mimepull/1.9.3/mimepull-1.9.3.jar:/home/alex/.m2/repository/org/apache/kafka/kafka-clients/2.5.0/kafka-clients-2.5.0.jar:/home/alex/.m2/repository/org/slf4j/slf4j-api/1.7.30/slf4j-api-1.7.30.jar:/home/alex/.m2/repository/org/mockito/mockito-core/3.4.4/mockito-core-3.4.4.jar:/home/alex/.m2/repository/net/bytebuddy/byte-buddy/1.10.13/byte-buddy-1.10.13.jar:/home/alex/.m2/repository/net/bytebuddy/byte-buddy-agent/1.10.13/byte-buddy-agent-1.10.13.jar:/home/alex/Repositories/hive/ql/target/testconf:/home/alex/Repositories/hive/ql/../conf:"/>
    <property name="java.vm.vendor" value="Private Build"/>
    <property name="hadoop.version" value="3.1.0"/>
    <property name="user.timezone" value="US/Pacific"/>
    <property name="test.local.warehouse.dir" value="pfile:///home/alex/Repositories/hive/ql/target/localfs/warehouse"/>
    <property name="java.vm.specification.version" value="1.8"/>
    <property name="os.name" value="Linux"/>
    <property name="test.build.data" value="/home/alex/Repositories/hive/ql/target/tmp"/>
    <property name="clustermode" value=""/>
    <property name="sun.java.launcher" value="SUN_STANDARD"/>
    <property name="user.country" value="US"/>
    <property name="test.data.files" value="/home/alex/Repositories/hive/ql/../data/files"/>
    <property name="nondexLogging" value="CONFIG"/>
    <property name="surefire.test.class.path" value="/home/alex/Repositories/hive/ql/target/test-classes:/home/alex/Repositories/hive/ql/target/classes:/home/alex/.m2/repository/org/apache/atlas/atlas-client-v2/2.1.0/atlas-client-v2-2.1.0.jar:/home/alex/.m2/repository/cglib/cglib/2.2.2/cglib-2.2.2.jar:/home/alex/.m2/repository/asm/asm/3.3.1/asm-3.3.1.jar:/home/alex/.m2/repository/org/apache/atlas/atlas-client-common/2.1.0/atlas-client-common-2.1.0.jar:/home/alex/.m2/repository/org/apache/httpcomponents/httpclient/4.5.13/httpclient-4.5.13.jar:/home/alex/.m2/repository/com/sun/jersey/jersey-client/1.19/jersey-client-1.19.jar:/home/alex/.m2/repository/org/apache/atlas/atlas-intg/2.1.0/atlas-intg-2.1.0.jar:/home/alex/.m2/repository/commons-collections/commons-collections/3.2.2/commons-collections-3.2.2.jar:/home/alex/.m2/repository/commons-validator/commons-validator/1.6/commons-validator-1.6.jar:/home/alex/.m2/repository/commons-digester/commons-digester/1.8.1/commons-digester-1.8.1.jar:/home/alex/.m2/repository/com/fasterxml/jackson/jaxrs/jackson-jaxrs-base/2.12.0/jackson-jaxrs-base-2.12.0.jar:/home/alex/.m2/repository/com/fasterxml/jackson/jaxrs/jackson-jaxrs-json-provider/2.12.0/jackson-jaxrs-json-provider-2.12.0.jar:/home/alex/.m2/repository/javax/inject/javax.inject/1/javax.inject-1.jar:/home/alex/.m2/repository/org/springframework/spring-context/4.3.20.RELEASE/spring-context-4.3.20.RELEASE.jar:/home/alex/.m2/repository/org/springframework/spring-aop/4.3.20.RELEASE/spring-aop-4.3.20.RELEASE.jar:/home/alex/.m2/repository/org/springframework/spring-beans/4.3.20.RELEASE/spring-beans-4.3.20.RELEASE.jar:/home/alex/.m2/repository/org/springframework/spring-core/4.3.20.RELEASE/spring-core-4.3.20.RELEASE.jar:/home/alex/.m2/repository/org/springframework/spring-expression/4.3.20.RELEASE/spring-expression-4.3.20.RELEASE.jar:/home/alex/.m2/repository/commons-configuration/commons-configuration/1.10/commons-configuration-1.10.jar:/home/alex/.m2/repository/commons-lang/commons-lang/2.6/commons-lang-2.6.jar:/home/alex/.m2/repository/commons-logging/commons-logging/1.1.1/commons-logging-1.1.1.jar:/home/alex/.m2/repository/org/apache/commons/commons-math3/3.6.1/commons-math3-3.6.1.jar:/home/alex/Repositories/hive/vector-code-gen/target/classes:/home/alex/.m2/repository/org/apache/velocity/velocity/1.5/velocity-1.5.jar:/home/alex/Repositories/hive/common/target/classes:/home/alex/Repositories/hive/classification/target/classes:/home/alex/Repositories/hive/standalone-metastore/metastore-common/target/classes:/home/alex/.m2/repository/commons-cli/commons-cli/1.4/commons-cli-1.4.jar:/home/alex/.m2/repository/org/apache/orc/orc-core/1.6.9/orc-core-1.6.9.jar:/home/alex/.m2/repository/org/apache/orc/orc-shims/1.6.9/orc-shims-1.6.9.jar:/home/alex/.m2/repository/io/airlift/aircompressor/0.19/aircompressor-0.19.jar:/home/alex/.m2/repository/org/jetbrains/annotations/17.0.0/annotations-17.0.0.jar:/home/alex/.m2/repository/org/threeten/threeten-extra/1.5.0/threeten-extra-1.5.0.jar:/home/alex/.m2/repository/jline/jline/2.14.6/jline-2.14.6.jar:/home/alex/.m2/repository/javax/servlet/javax.servlet-api/3.1.0/javax.servlet-api-3.1.0.jar:/home/alex/.m2/repository/org/eclipse/jetty/jetty-http/9.3.27.v20190418/jetty-http-9.3.27.v20190418.jar:/home/alex/.m2/repository/org/eclipse/jetty/jetty-rewrite/9.3.27.v20190418/jetty-rewrite-9.3.27.v20190418.jar:/home/alex/.m2/repository/org/eclipse/jetty/jetty-client/9.3.27.v20190418/jetty-client-9.3.27.v20190418.jar:/home/alex/.m2/repository/org/eclipse/jetty/jetty-server/9.3.27.v20190418/jetty-server-9.3.27.v20190418.jar:/home/alex/.m2/repository/org/eclipse/jetty/jetty-io/9.3.27.v20190418/jetty-io-9.3.27.v20190418.jar:/home/alex/.m2/repository/org/eclipse/jetty/jetty-servlet/9.3.27.v20190418/jetty-servlet-9.3.27.v20190418.jar:/home/alex/.m2/repository/org/eclipse/jetty/jetty-security/9.3.27.v20190418/jetty-security-9.3.27.v20190418.jar:/home/alex/.m2/repository/org/eclipse/jetty/jetty-webapp/9.3.27.v20190418/jetty-webapp-9.3.27.v20190418.jar:/home/alex/.m2/repository/org/eclipse/jetty/jetty-xml/9.3.27.v20190418/jetty-xml-9.3.27.v20190418.jar:/home/alex/.m2/repository/joda-time/joda-time/2.9.9/joda-time-2.9.9.jar:/home/alex/.m2/repository/org/apache/logging/log4j/log4j-web/2.13.2/log4j-web-2.13.2.jar:/home/alex/.m2/repository/net/sf/jpam/jpam/1.1/jpam-1.1.jar:/home/alex/.m2/repository/io/dropwizard/metrics/metrics-core/3.1.0/metrics-core-3.1.0.jar:/home/alex/.m2/repository/io/dropwizard/metrics/metrics-jvm/3.1.0/metrics-jvm-3.1.0.jar:/home/alex/.m2/repository/io/dropwizard/metrics/metrics-json/3.1.0/metrics-json-3.1.0.jar:/home/alex/.m2/repository/com/github/joshelser/dropwizard-metrics-hadoop-metrics2-reporter/0.1.2/dropwizard-metrics-hadoop-metrics2-reporter-0.1.2.jar:/home/alex/Repositories/hive/metastore/target/classes:/home/alex/.m2/repository/org/apache/derby/derby/10.14.1.0/derby-10.14.1.0.jar:/home/alex/Repositories/hive/serde/target/classes:/home/alex/.m2/repository/com/google/code/findbugs/jsr305/3.0.0/jsr305-3.0.0.jar:/home/alex/.m2/repository/org/apache/arrow/arrow-vector/0.15.1/arrow-vector-0.15.1.jar:/home/alex/.m2/repository/org/apache/arrow/arrow-format/0.15.1/arrow-format-0.15.1.jar:/home/alex/.m2/repository/org/apache/arrow/arrow-memory/0.15.1/arrow-memory-0.15.1.jar:/home/alex/.m2/repository/com/google/flatbuffers/flatbuffers-java/1.9.0/flatbuffers-java-1.9.0.jar:/home/alex/.m2/repository/com/carrotsearch/hppc/0.7.2/hppc-0.7.2.jar:/home/alex/.m2/repository/com/github/davidmoten/flatbuffers-java/1.6.0.1/flatbuffers-java-1.6.0.1.jar:/home/alex/Repositories/hive/parser/target/classes:/home/alex/Repositories/hive/udf/target/classes:/home/alex/Repositories/hive/service-rpc/target/classes:/home/alex/Repositories/hive/llap-client/target/classes:/home/alex/Repositories/hive/llap-common/target/classes:/home/alex/.m2/repository/io/jsonwebtoken/jjwt-api/0.10.5/jjwt-api-0.10.5.jar:/home/alex/.m2/repository/io/jsonwebtoken/jjwt-impl/0.10.5/jjwt-impl-0.10.5.jar:/home/alex/.m2/repository/io/jsonwebtoken/jjwt-jackson/0.10.5/jjwt-jackson-0.10.5.jar:/home/alex/Repositories/hive/llap-tez/target/classes:/home/alex/Repositories/hive/shims/aggregator/target/classes:/home/alex/Repositories/hive/shims/common/target/classes:/home/alex/Repositories/hive/shims/0.23/target/classes:/home/alex/.m2/repository/org/apache/hadoop/hadoop-yarn-server-resourcemanager/3.1.0/hadoop-yarn-server-resourcemanager-3.1.0.jar:/home/alex/.m2/repository/org/apache/hadoop/hadoop-yarn-server-applicationhistoryservice/3.1.0/hadoop-yarn-server-applicationhistoryservice-3.1.0.jar:/home/alex/.m2/repository/de/ruedigermoeller/fst/2.50/fst-2.50.jar:/home/alex/.m2/repository/com/cedarsoftware/java-util/1.9.0/java-util-1.9.0.jar:/home/alex/.m2/repository/com/cedarsoftware/json-io/2.5.1/json-io-2.5.1.jar:/home/alex/Repositories/hive/shims/scheduler/target/classes:/home/alex/Repositories/hive/spark-client/target/classes:/home/alex/.m2/repository/io/netty/netty-all/4.1.65.Final/netty-all-4.1.65.Final.jar:/home/alex/.m2/repository/com/fasterxml/jackson/module/jackson-module-scala_2.12/2.12.0/jackson-module-scala_2.12-2.12.0.jar:/home/alex/.m2/repository/org/apache/spark/spark-yarn_2.12/2.4.5/spark-yarn_2.12-2.4.5.jar:/home/alex/Repositories/hive/storage-api/target/classes:/home/alex/.m2/repository/com/amazonaws/aws-java-sdk-bundle/1.11.901/aws-java-sdk-bundle-1.11.901.jar:/home/alex/.m2/repository/com/amazonaws/secretsmanager/aws-secretsmanager-caching-java/1.0.1/aws-secretsmanager-caching-java-1.0.1.jar:/home/alex/.m2/repository/com/esotericsoftware/kryo/5.0.3/kryo-5.0.3.jar:/home/alex/.m2/repository/org/objenesis/objenesis/3.1/objenesis-3.1.jar:/home/alex/.m2/repository/com/esotericsoftware/minlog/1.3.1/minlog-1.3.1.jar:/home/alex/.m2/repository/com/esotericsoftware/reflectasm/1.11.9/reflectasm-1.11.9.jar:/home/alex/.m2/repository/com/google/protobuf/protobuf-java/2.5.0/protobuf-java-2.5.0.jar:/home/alex/.m2/repository/org/apache/hbase/hbase-common/2.0.0-alpha4/hbase-common-2.0.0-alpha4.jar:/home/alex/.m2/repository/org/apache/hbase/thirdparty/hbase-shaded-miscellaneous/1.0.1/hbase-shaded-miscellaneous-1.0.1.jar:/home/alex/.m2/repository/org/apache/htrace/htrace-core/3.2.0-incubating/htrace-core-3.2.0-incubating.jar:/home/alex/.m2/repository/org/apache/commons/commons-crypto/1.0.0/commons-crypto-1.0.0.jar:/home/alex/.m2/repository/com/github/stephenc/findbugs/findbugs-annotations/1.3.9-1/findbugs-annotations-1.3.9-1.jar:/home/alex/.m2/repository/log4j/log4j/1.2.17/log4j-1.2.17.jar:/home/alex/.m2/repository/org/apache/yetus/audience-annotations/0.5.0/audience-annotations-0.5.0.jar:/home/alex/.m2/repository/org/apache/parquet/parquet-hadoop-bundle/1.11.1/parquet-hadoop-bundle-1.11.1.jar:/home/alex/.m2/repository/commons-codec/commons-codec/1.15/commons-codec-1.15.jar:/home/alex/.m2/repository/commons-io/commons-io/2.6/commons-io-2.6.jar:/home/alex/.m2/repository/org/apache/commons/commons-collections4/4.1/commons-collections4-4.1.jar:/home/alex/.m2/repository/org/apache/commons/commons-lang3/3.9/commons-lang3-3.9.jar:/home/alex/.m2/repository/org/apache/commons/commons-text/1.8/commons-text-1.8.jar:/home/alex/.m2/repository/javolution/javolution/5.5.1/javolution-5.5.1.jar:/home/alex/.m2/repository/org/apache/logging/log4j/log4j-1.2-api/2.13.2/log4j-1.2-api-2.13.2.jar:/home/alex/.m2/repository/org/apache/logging/log4j/log4j-api/2.13.2/log4j-api-2.13.2.jar:/home/alex/.m2/repository/org/apache/logging/log4j/log4j-core/2.13.2/log4j-core-2.13.2.jar:/home/alex/.m2/repository/org/apache/logging/log4j/log4j-slf4j-impl/2.13.2/log4j-slf4j-impl-2.13.2.jar:/home/alex/.m2/repository/org/antlr/antlr-runtime/3.5.2/antlr-runtime-3.5.2.jar:/home/alex/.m2/repository/org/antlr/ST4/4.0.4/ST4-4.0.4.jar:/home/alex/.m2/repository/org/apache/avro/avro/1.8.2/avro-1.8.2.jar:/home/alex/.m2/repository/org/codehaus/jackson/jackson-core-asl/1.9.13/jackson-core-asl-1.9.13.jar:/home/alex/.m2/repository/org/codehaus/jackson/jackson-mapper-asl/1.9.13/jackson-mapper-asl-1.9.13.jar:/home/alex/.m2/repository/com/thoughtworks/paranamer/paranamer/2.8/paranamer-2.8.jar:/home/alex/.m2/repository/org/xerial/snappy/snappy-java/1.1.4/snappy-java-1.1.4.jar:/home/alex/.m2/repository/org/tukaani/xz/1.5/xz-1.5.jar:/home/alex/.m2/repository/org/apache/avro/avro-mapred/1.8.2/avro-mapred-1.8.2-hadoop2.jar:/home/alex/.m2/repository/org/apache/avro/avro-ipc/1.8.2/avro-ipc-1.8.2.jar:/home/alex/.m2/repository/org/mortbay/jetty/jetty/6.1.26/jetty-6.1.26.jar:/home/alex/.m2/repository/org/apache/ant/ant/1.9.1/ant-1.9.1.jar:/home/alex/.m2/repository/org/apache/ant/ant-launcher/1.9.1/ant-launcher-1.9.1.jar:/home/alex/.m2/repository/org/apache/commons/commons-compress/1.21/commons-compress-1.21.jar:/home/alex/.m2/repository/org/apache/thrift/libfb303/0.9.3/libfb303-0.9.3.jar:/home/alex/.m2/repository/org/apache/hadoop/hadoop-common/3.1.0/hadoop-common-3.1.0.jar:/home/alex/.m2/repository/org/apache/hadoop/hadoop-annotations/3.1.0/hadoop-annotations-3.1.0.jar:/home/alex/.m2/repository/commons-net/commons-net/3.6/commons-net-3.6.jar:/home/alex/.m2/repository/org/eclipse/jetty/jetty-util/9.3.27.v20190418/jetty-util-9.3.27.v20190418.jar:/home/alex/.m2/repository/javax/servlet/jsp/jsp-api/2.1/jsp-api-2.1.jar:/home/alex/.m2/repository/com/sun/jersey/jersey-core/1.19/jersey-core-1.19.jar:/home/alex/.m2/repository/javax/ws/rs/jsr311-api/1.1.1/jsr311-api-1.1.1.jar:/home/alex/.m2/repository/com/sun/jersey/jersey-json/1.19/jersey-json-1.19.jar:/home/alex/.m2/repository/com/sun/xml/bind/jaxb-impl/2.2.3-1/jaxb-impl-2.2.3-1.jar:/home/alex/.m2/repository/org/codehaus/jackson/jackson-jaxrs/1.9.2/jackson-jaxrs-1.9.2.jar:/home/alex/.m2/repository/org/codehaus/jackson/jackson-xc/1.9.2/jackson-xc-1.9.2.jar:/home/alex/.m2/repository/com/sun/jersey/jersey-server/1.19/jersey-server-1.19.jar:/home/alex/.m2/repository/org/apache/commons/commons-configuration2/2.1.1/commons-configuration2-2.1.1.jar:/home/alex/.m2/repository/org/apache/hadoop/hadoop-auth/3.1.0/hadoop-auth-3.1.0.jar:/home/alex/.m2/repository/com/nimbusds/nimbus-jose-jwt/4.41.1/nimbus-jose-jwt-4.41.1.jar:/home/alex/.m2/repository/com/github/stephenc/jcip/jcip-annotations/1.0-1/jcip-annotations-1.0-1.jar:/home/alex/.m2/repository/com/jcraft/jsch/0.1.54/jsch-0.1.54.jar:/home/alex/.m2/repository/org/apache/htrace/htrace-core4/4.1.0-incubating/htrace-core4-4.1.0-incubating.jar:/home/alex/.m2/repository/org/apache/kerby/kerb-simplekdc/1.0.1/kerb-simplekdc-1.0.1.jar:/home/alex/.m2/repository/org/apache/kerby/kerb-client/1.0.1/kerb-client-1.0.1.jar:/home/alex/.m2/repository/org/apache/kerby/kerby-config/1.0.1/kerby-config-1.0.1.jar:/home/alex/.m2/repository/org/apache/kerby/kerb-core/1.0.1/kerb-core-1.0.1.jar:/home/alex/.m2/repository/org/apache/kerby/kerby-pkix/1.0.1/kerby-pkix-1.0.1.jar:/home/alex/.m2/repository/org/apache/kerby/kerby-asn1/1.0.1/kerby-asn1-1.0.1.jar:/home/alex/.m2/repository/org/apache/kerby/kerby-util/1.0.1/kerby-util-1.0.1.jar:/home/alex/.m2/repository/org/apache/kerby/kerb-common/1.0.1/kerb-common-1.0.1.jar:/home/alex/.m2/repository/org/apache/kerby/kerb-crypto/1.0.1/kerb-crypto-1.0.1.jar:/home/alex/.m2/repository/org/apache/kerby/kerb-util/1.0.1/kerb-util-1.0.1.jar:/home/alex/.m2/repository/org/apache/kerby/token-provider/1.0.1/token-provider-1.0.1.jar:/home/alex/.m2/repository/org/apache/kerby/kerb-admin/1.0.1/kerb-admin-1.0.1.jar:/home/alex/.m2/repository/org/apache/kerby/kerb-server/1.0.1/kerb-server-1.0.1.jar:/home/alex/.m2/repository/org/apache/kerby/kerb-identity/1.0.1/kerb-identity-1.0.1.jar:/home/alex/.m2/repository/org/apache/kerby/kerby-xdr/1.0.1/kerby-xdr-1.0.1.jar:/home/alex/.m2/repository/org/codehaus/woodstox/stax2-api/3.1.4/stax2-api-3.1.4.jar:/home/alex/.m2/repository/com/fasterxml/woodstox/woodstox-core/5.0.3/woodstox-core-5.0.3.jar:/home/alex/.m2/repository/org/apache/hadoop/hadoop-archives/3.1.0/hadoop-archives-3.1.0.jar:/home/alex/.m2/repository/org/apache/hadoop/hadoop-yarn-registry/3.1.0/hadoop-yarn-registry-3.1.0.jar:/home/alex/.m2/repository/org/apache/curator/curator-client/4.2.0/curator-client-4.2.0.jar:/home/alex/.m2/repository/org/apache/curator/curator-recipes/4.2.0/curator-recipes-4.2.0.jar:/home/alex/.m2/repository/commons-daemon/commons-daemon/1.0.13/commons-daemon-1.0.13.jar:/home/alex/.m2/repository/dnsjava/dnsjava/2.1.7/dnsjava-2.1.7.jar:/home/alex/.m2/repository/org/apache/hadoop/hadoop-mapreduce-client-core/3.1.0/hadoop-mapreduce-client-core-3.1.0.jar:/home/alex/.m2/repository/org/apache/hadoop/hadoop-hdfs-client/3.1.0/hadoop-hdfs-client-3.1.0.jar:/home/alex/.m2/repository/com/squareup/okhttp/okhttp/2.7.5/okhttp-2.7.5.jar:/home/alex/.m2/repository/com/squareup/okio/okio/1.6.0/okio-1.6.0.jar:/home/alex/.m2/repository/com/google/inject/extensions/guice-servlet/4.0/guice-servlet-4.0.jar:/home/alex/.m2/repository/org/apache/hadoop/hadoop-mapreduce-client-common/3.1.0/hadoop-mapreduce-client-common-3.1.0.jar:/home/alex/.m2/repository/org/apache/hadoop/hadoop-hdfs/3.1.0/hadoop-hdfs-3.1.0.jar:/home/alex/.m2/repository/org/eclipse/jetty/jetty-util-ajax/9.3.19.v20170502/jetty-util-ajax-9.3.19.v20170502.jar:/home/alex/.m2/repository/org/fusesource/leveldbjni/leveldbjni-all/1.8/leveldbjni-all-1.8.jar:/home/alex/.m2/repository/org/apache/hadoop/hadoop-yarn-api/3.1.0/hadoop-yarn-api-3.1.0.jar:/home/alex/.m2/repository/javax/xml/bind/jaxb-api/2.2.11/jaxb-api-2.2.11.jar:/home/alex/.m2/repository/org/apache/hadoop/hadoop-yarn-common/3.1.0/hadoop-yarn-common-3.1.0.jar:/home/alex/.m2/repository/com/google/inject/guice/4.0/guice-4.0.jar:/home/alex/.m2/repository/aopalliance/aopalliance/1.0/aopalliance-1.0.jar:/home/alex/.m2/repository/com/sun/jersey/contribs/jersey-guice/1.19/jersey-guice-1.19.jar:/home/alex/.m2/repository/com/fasterxml/jackson/module/jackson-module-jaxb-annotations/2.12.0/jackson-module-jaxb-annotations-2.12.0.jar:/home/alex/.m2/repository/jakarta/xml/bind/jakarta.xml.bind-api/2.3.2/jakarta.xml.bind-api-2.3.2.jar:/home/alex/.m2/repository/jakarta/activation/jakarta.activation-api/1.2.1/jakarta.activation-api-1.2.1.jar:/home/alex/.m2/repository/org/apache/hadoop/hadoop-yarn-client/3.1.0/hadoop-yarn-client-3.1.0.jar:/home/alex/.m2/repository/org/apache/orc/orc-tools/1.6.9/orc-tools-1.6.9.jar:/home/alex/.m2/repository/com/opencsv/opencsv/3.9/opencsv-3.9.jar:/home/alex/.m2/repository/org/codehaus/jettison/jettison/1.1/jettison-1.1.jar:/home/alex/.m2/repository/org/threeten/threetenbp/1.3.5/threetenbp-1.3.5.jar:/home/alex/.m2/repository/org/apache/ivy/ivy/2.4.0/ivy-2.4.0.jar:/home/alex/.m2/repository/org/apache/thrift/libthrift/0.14.1/libthrift-0.14.1.jar:/home/alex/.m2/repository/org/apache/httpcomponents/httpcore/4.4.13/httpcore-4.4.13.jar:/home/alex/.m2/repository/org/apache/tomcat/embed/tomcat-embed-core/8.5.46/tomcat-embed-core-8.5.46.jar:/home/alex/.m2/repository/org/apache/tomcat/tomcat-annotations-api/8.5.46/tomcat-annotations-api-8.5.46.jar:/home/alex/.m2/repository/javax/annotation/javax.annotation-api/1.3.2/javax.annotation-api-1.3.2.jar:/home/alex/.m2/repository/org/apache/zookeeper/zookeeper/3.5.5/zookeeper-3.5.5.jar:/home/alex/.m2/repository/org/apache/zookeeper/zookeeper-jute/3.5.5/zookeeper-jute-3.5.5.jar:/home/alex/.m2/repository/org/apache/curator/curator-framework/4.2.0/curator-framework-4.2.0.jar:/home/alex/.m2/repository/org/apache/curator/curator-test/4.2.0/curator-test-4.2.0.jar:/home/alex/.m2/repository/org/apache/datasketches/datasketches-hive/1.1.0-incubating/datasketches-hive-1.1.0-incubating.jar:/home/alex/.m2/repository/org/apache/datasketches/datasketches-java/1.3.0-incubating/datasketches-java-1.3.0-incubating.jar:/home/alex/.m2/repository/org/apache/datasketches/datasketches-memory/1.2.0-incubating/datasketches-memory-1.2.0-incubating.jar:/home/alex/.m2/repository/org/slf4j/slf4j-simple/1.7.27/slf4j-simple-1.7.27.jar:/home/alex/.m2/repository/com/lmax/disruptor/3.3.7/disruptor-3.3.7.jar:/home/alex/.m2/repository/org/codehaus/groovy/groovy-all/2.4.11/groovy-all-2.4.11.jar:/home/alex/.m2/repository/org/jodd/jodd-util/6.0.0/jodd-util-6.0.0.jar:/home/alex/.m2/repository/com/fasterxml/jackson/core/jackson-annotations/2.12.0/jackson-annotations-2.12.0.jar:/home/alex/.m2/repository/com/fasterxml/jackson/core/jackson-core/2.12.0/jackson-core-2.12.0.jar:/home/alex/.m2/repository/com/fasterxml/jackson/core/jackson-databind/2.12.0/jackson-databind-2.12.0.jar:/home/alex/.m2/repository/com/fasterxml/jackson/dataformat/jackson-dataformat-yaml/2.12.0/jackson-dataformat-yaml-2.12.0.jar:/home/alex/.m2/repository/org/yaml/snakeyaml/1.27/snakeyaml-1.27.jar:/home/alex/.m2/repository/org/datanucleus/datanucleus-core/5.2.4/datanucleus-core-5.2.4.jar:/home/alex/.m2/repository/org/apache/calcite/calcite-core/1.25.0/calcite-core-1.25.0.jar:/home/alex/.m2/repository/org/apache/calcite/calcite-linq4j/1.25.0/calcite-linq4j-1.25.0.jar:/home/alex/.m2/repository/org/apiguardian/apiguardian-api/1.1.0/apiguardian-api-1.1.0.jar:/home/alex/.m2/repository/com/esri/geometry/esri-geometry-api/2.2.0/esri-geometry-api-2.2.0.jar:/home/alex/.m2/repository/com/yahoo/datasketches/sketches-core/0.9.0/sketches-core-0.9.0.jar:/home/alex/.m2/repository/com/yahoo/datasketches/memory/0.9.0/memory-0.9.0.jar:/home/alex/.m2/repository/org/apache/commons/commons-dbcp2/2.7.0/commons-dbcp2-2.7.0.jar:/home/alex/.m2/repository/org/apache/commons/commons-pool2/2.7.0/commons-pool2-2.7.0.jar:/home/alex/.m2/repository/org/apache/calcite/calcite-druid/1.25.0/calcite-druid-1.25.0.jar:/home/alex/.m2/repository/org/apache/calcite/avatica/avatica/1.12.0/avatica-1.12.0.jar:/home/alex/.m2/repository/com/google/guava/guava/19.0/guava-19.0.jar:/home/alex/.m2/repository/com/googlecode/javaewah/JavaEWAH/0.3.2/JavaEWAH-0.3.2.jar:/home/alex/.m2/repository/com/google/code/gson/gson/2.2.4/gson-2.2.4.jar:/home/alex/.m2/repository/com/tdunning/json/1.8/json-1.8.jar:/home/alex/.m2/repository/stax/stax-api/1.0.1/stax-api-1.0.1.jar:/home/alex/.m2/repository/net/sf/opencsv/opencsv/2.3/opencsv-2.3.jar:/home/alex/Repositories/hive/standalone-metastore/metastore-server/target/classes:/home/alex/.m2/repository/com/zaxxer/HikariCP/2.6.1/HikariCP-2.6.1.jar:/home/alex/.m2/repository/commons-beanutils/commons-beanutils/1.9.4/commons-beanutils-1.9.4.jar:/home/alex/.m2/repository/org/datanucleus/datanucleus-api-jdo/5.2.4/datanucleus-api-jdo-5.2.4.jar:/home/alex/.m2/repository/org/datanucleus/datanucleus-rdbms/5.2.4/datanucleus-rdbms-5.2.4.jar:/home/alex/.m2/repository/org/datanucleus/javax.jdo/3.2.0-release/javax.jdo-3.2.0-release.jar:/home/alex/.m2/repository/javax/transaction/javax.transaction-api/1.3/javax.transaction-api-1.3.jar:/home/alex/.m2/repository/org/glassfish/corba/glassfish-corba-omgapi/4.2.2/glassfish-corba-omgapi-4.2.2.jar:/home/alex/.m2/repository/sqlline/sqlline/1.9.0/sqlline-1.9.0.jar:/home/alex/.m2/repository/org/jline/jline-terminal/3.12.1/jline-terminal-3.12.1.jar:/home/alex/.m2/repository/org/jline/jline-reader/3.12.1/jline-reader-3.12.1.jar:/home/alex/.m2/repository/org/jline/jline-terminal-jansi/3.12.1/jline-terminal-jansi-3.12.1.jar:/home/alex/.m2/repository/org/fusesource/jansi/jansi/1.18/jansi-1.18.jar:/home/alex/.m2/repository/org/jline/jline-terminal-jna/3.12.1/jline-terminal-jna-3.12.1.jar:/home/alex/.m2/repository/net/java/dev/jna/jna/5.3.1/jna-5.3.1.jar:/home/alex/.m2/repository/org/jline/jline-builtins/3.12.1/jline-builtins-3.12.1.jar:/home/alex/.m2/repository/org/jline/jline-style/3.12.1/jline-style-3.12.1.jar:/home/alex/.m2/repository/com/cronutils/cron-utils/9.1.3/cron-utils-9.1.3.jar:/home/alex/.m2/repository/org/glassfish/javax.el/3.0.0/javax.el-3.0.0.jar:/home/alex/.m2/repository/com/oracle/database/jdbc/ojdbc8/21.3.0.0/ojdbc8-21.3.0.0.jar:/home/alex/.m2/repository/mysql/mysql-connector-java/8.0.27/mysql-connector-java-8.0.27.jar:/home/alex/.m2/repository/com/microsoft/sqlserver/mssql-jdbc/6.2.1.jre8/mssql-jdbc-6.2.1.jre8.jar:/home/alex/.m2/repository/org/postgresql/postgresql/42.2.14/postgresql-42.2.14.jar:/home/alex/Repositories/hive/common/target/test-classes:/home/alex/Repositories/hive/standalone-metastore/metastore-common/target/test-classes:/home/alex/.m2/repository/com/github/ben-manes/caffeine/caffeine/2.8.4/caffeine-2.8.4.jar:/home/alex/.m2/repository/org/checkerframework/checker-qual/3.4.0/checker-qual-3.4.0.jar:/home/alex/Repositories/hive/standalone-metastore/metastore-server/target/test-classes:/home/alex/.m2/repository/org/apache/parquet/parquet-column/1.11.1/parquet-column-1.11.1-tests.jar:/home/alex/.m2/repository/org/apache/parquet/parquet-common/1.11.1/parquet-common-1.11.1.jar:/home/alex/.m2/repository/org/apache/parquet/parquet-format-structures/1.11.1/parquet-format-structures-1.11.1.jar:/home/alex/.m2/repository/org/apache/parquet/parquet-encoding/1.11.1/parquet-encoding-1.11.1.jar:/home/alex/.m2/repository/junit/junit/4.13/junit-4.13.jar:/home/alex/.m2/repository/org/hamcrest/hamcrest-core/1.3/hamcrest-core-1.3.jar:/home/alex/.m2/repository/org/junit/jupiter/junit-jupiter-engine/5.6.2/junit-jupiter-engine-5.6.2.jar:/home/alex/.m2/repository/org/junit/platform/junit-platform-engine/1.6.2/junit-platform-engine-1.6.2.jar:/home/alex/.m2/repository/org/opentest4j/opentest4j/1.2.0/opentest4j-1.2.0.jar:/home/alex/.m2/repository/org/junit/platform/junit-platform-commons/1.6.2/junit-platform-commons-1.6.2.jar:/home/alex/.m2/repository/org/junit/jupiter/junit-jupiter-api/5.6.2/junit-jupiter-api-5.6.2.jar:/home/alex/.m2/repository/org/junit/jupiter/junit-jupiter-params/5.6.2/junit-jupiter-params-5.6.2.jar:/home/alex/.m2/repository/org/junit/vintage/junit-vintage-engine/5.6.2/junit-vintage-engine-5.6.2.jar:/home/alex/.m2/repository/org/apache/tez/tez-api/0.10.1/tez-api-0.10.1.jar:/usr/lib/jvm/java-8-openjdk-amd64/jre/../lib/tools.jar:/home/alex/.m2/repository/org/apache/tez/tez-runtime-library/0.10.1/tez-runtime-library-0.10.1.jar:/home/alex/.m2/repository/org/roaringbitmap/RoaringBitmap/0.5.21/RoaringBitmap-0.5.21.jar:/home/alex/.m2/repository/org/asynchttpclient/async-http-client/2.12.1/async-http-client-2.12.1.jar:/home/alex/.m2/repository/org/asynchttpclient/async-http-client-netty-utils/2.12.1/async-http-client-netty-utils-2.12.1.jar:/home/alex/.m2/repository/io/netty/netty-buffer/4.1.48.Final/netty-buffer-4.1.48.Final.jar:/home/alex/.m2/repository/io/netty/netty-codec-http/4.1.48.Final/netty-codec-http-4.1.48.Final.jar:/home/alex/.m2/repository/io/netty/netty-common/4.1.48.Final/netty-common-4.1.48.Final.jar:/home/alex/.m2/repository/io/netty/netty-transport/4.1.48.Final/netty-transport-4.1.48.Final.jar:/home/alex/.m2/repository/io/netty/netty-codec/4.1.48.Final/netty-codec-4.1.48.Final.jar:/home/alex/.m2/repository/io/netty/netty-handler/4.1.48.Final/netty-handler-4.1.48.Final.jar:/home/alex/.m2/repository/io/netty/netty-resolver/4.1.48.Final/netty-resolver-4.1.48.Final.jar:/home/alex/.m2/repository/io/netty/netty-codec-socks/4.1.48.Final/netty-codec-socks-4.1.48.Final.jar:/home/alex/.m2/repository/io/netty/netty-handler-proxy/4.1.48.Final/netty-handler-proxy-4.1.48.Final.jar:/home/alex/.m2/repository/io/netty/netty-transport-native-epoll/4.1.48.Final/netty-transport-native-epoll-4.1.48.Final-linux-x86_64.jar:/home/alex/.m2/repository/io/netty/netty-transport-native-unix-common/4.1.48.Final/netty-transport-native-unix-common-4.1.48.Final.jar:/home/alex/.m2/repository/io/netty/netty-transport-native-kqueue/4.1.48.Final/netty-transport-native-kqueue-4.1.48.Final-osx-x86_64.jar:/home/alex/.m2/repository/org/reactivestreams/reactive-streams/1.0.3/reactive-streams-1.0.3.jar:/home/alex/.m2/repository/com/typesafe/netty/netty-reactive-streams/2.0.4/netty-reactive-streams-2.0.4.jar:/home/alex/.m2/repository/com/sun/activation/javax.activation/1.2.0/javax.activation-1.2.0.jar:/home/alex/.m2/repository/org/apache/tez/tez-common/0.10.1/tez-common-0.10.1.jar:/home/alex/.m2/repository/org/apache/tez/tez-runtime-internals/0.10.1/tez-runtime-internals-0.10.1.jar:/home/alex/.m2/repository/org/apache/tez/hadoop-shim/0.10.1/hadoop-shim-0.10.1.jar:/home/alex/.m2/repository/org/apache/tez/tez-mapreduce/0.10.1/tez-mapreduce-0.10.1.jar:/home/alex/.m2/repository/org/apache/tez/tez-dag/0.10.1/tez-dag-0.10.1.jar:/home/alex/.m2/repository/org/apache/hadoop/hadoop-yarn-server-web-proxy/3.1.0/hadoop-yarn-server-web-proxy-3.1.0.jar:/home/alex/.m2/repository/org/apache/hadoop/hadoop-yarn-server-common/3.1.0/hadoop-yarn-server-common-3.1.0.jar:/home/alex/.m2/repository/org/apache/geronimo/specs/geronimo-jcache_1.0_spec/1.0-alpha-1/geronimo-jcache_1.0_spec-1.0-alpha-1.jar:/home/alex/.m2/repository/org/ehcache/ehcache/3.3.1/ehcache-3.3.1.jar:/home/alex/.m2/repository/com/zaxxer/HikariCP-java7/2.4.12/HikariCP-java7-2.4.12.jar:/home/alex/.m2/repository/org/apache/spark/spark-core_2.12/2.4.5/spark-core_2.12-2.4.5.jar:/home/alex/.m2/repository/com/twitter/chill_2.12/0.9.3/chill_2.12-0.9.3.jar:/home/alex/.m2/repository/com/twitter/chill-java/0.9.3/chill-java-0.9.3.jar:/home/alex/.m2/repository/org/apache/xbean/xbean-asm6-shaded/4.8/xbean-asm6-shaded-4.8.jar:/home/alex/.m2/repository/org/apache/hadoop/hadoop-client/3.1.0/hadoop-client-3.1.0.jar:/home/alex/.m2/repository/org/apache/hadoop/hadoop-mapreduce-client-jobclient/3.1.0/hadoop-mapreduce-client-jobclient-3.1.0.jar:/home/alex/.m2/repository/org/apache/spark/spark-launcher_2.12/2.4.5/spark-launcher_2.12-2.4.5.jar:/home/alex/.m2/repository/org/apache/spark/spark-kvstore_2.12/2.4.5/spark-kvstore_2.12-2.4.5.jar:/home/alex/.m2/repository/org/apache/spark/spark-network-common_2.12/2.4.5/spark-network-common_2.12-2.4.5.jar:/home/alex/.m2/repository/org/apache/spark/spark-network-shuffle_2.12/2.4.5/spark-network-shuffle_2.12-2.4.5.jar:/home/alex/.m2/repository/org/apache/spark/spark-unsafe_2.12/2.4.5/spark-unsafe_2.12-2.4.5.jar:/home/alex/.m2/repository/javax/activation/activation/1.1.1/activation-1.1.1.jar:/home/alex/.m2/repository/org/slf4j/jul-to-slf4j/1.7.16/jul-to-slf4j-1.7.16.jar:/home/alex/.m2/repository/org/slf4j/jcl-over-slf4j/1.7.16/jcl-over-slf4j-1.7.16.jar:/home/alex/.m2/repository/com/ning/compress-lzf/1.0.3/compress-lzf-1.0.3.jar:/home/alex/.m2/repository/org/lz4/lz4-java/1.4.0/lz4-java-1.4.0.jar:/home/alex/.m2/repository/com/github/luben/zstd-jni/1.3.2-2/zstd-jni-1.3.2-2.jar:/home/alex/.m2/repository/org/scala-lang/scala-library/2.12.10/scala-library-2.12.10.jar:/home/alex/.m2/repository/org/json4s/json4s-jackson_2.12/3.5.3/json4s-jackson_2.12-3.5.3.jar:/home/alex/.m2/repository/org/json4s/json4s-core_2.12/3.5.3/json4s-core_2.12-3.5.3.jar:/home/alex/.m2/repository/org/json4s/json4s-ast_2.12/3.5.3/json4s-ast_2.12-3.5.3.jar:/home/alex/.m2/repository/org/json4s/json4s-scalap_2.12/3.5.3/json4s-scalap_2.12-3.5.3.jar:/home/alex/.m2/repository/org/scala-lang/modules/scala-xml_2.12/1.0.6/scala-xml_2.12-1.0.6.jar:/home/alex/.m2/repository/com/clearspring/analytics/stream/2.7.0/stream-2.7.0.jar:/home/alex/.m2/repository/io/dropwizard/metrics/metrics-graphite/3.1.5/metrics-graphite-3.1.5.jar:/home/alex/.m2/repository/oro/oro/2.0.8/oro-2.0.8.jar:/home/alex/.m2/repository/net/razorvine/pyrolite/4.13/pyrolite-4.13.jar:/home/alex/.m2/repository/net/sf/py4j/py4j/0.10.7/py4j-0.10.7.jar:/home/alex/.m2/repository/org/apache/spark/spark-tags_2.12/2.4.5/spark-tags_2.12-2.4.5.jar:/home/alex/.m2/repository/org/spark-project/spark/unused/1.0.0/unused-1.0.0.jar:/home/alex/.m2/repository/com/sun/jersey/jersey-servlet/1.19/jersey-servlet-1.19.jar:/home/alex/.m2/repository/org/glassfish/jersey/core/jersey-server/2.22.2/jersey-server-2.22.2.jar:/home/alex/.m2/repository/org/glassfish/jersey/core/jersey-common/2.22.2/jersey-common-2.22.2.jar:/home/alex/.m2/repository/org/glassfish/jersey/bundles/repackaged/jersey-guava/2.22.2/jersey-guava-2.22.2.jar:/home/alex/.m2/repository/org/glassfish/hk2/osgi-resource-locator/1.0.1/osgi-resource-locator-1.0.1.jar:/home/alex/.m2/repository/org/glassfish/jersey/core/jersey-client/2.22.2/jersey-client-2.22.2.jar:/home/alex/.m2/repository/javax/ws/rs/javax.ws.rs-api/2.0.1/javax.ws.rs-api-2.0.1.jar:/home/alex/.m2/repository/org/glassfish/jersey/media/jersey-media-jaxb/2.22.2/jersey-media-jaxb-2.22.2.jar:/home/alex/.m2/repository/org/glassfish/hk2/hk2-api/2.4.0-b34/hk2-api-2.4.0-b34.jar:/home/alex/.m2/repository/org/glassfish/hk2/hk2-utils/2.4.0-b34/hk2-utils-2.4.0-b34.jar:/home/alex/.m2/repository/org/glassfish/hk2/external/aopalliance-repackaged/2.4.0-b34/aopalliance-repackaged-2.4.0-b34.jar:/home/alex/.m2/repository/org/glassfish/hk2/external/javax.inject/2.4.0-b34/javax.inject-2.4.0-b34.jar:/home/alex/.m2/repository/org/glassfish/hk2/hk2-locator/2.4.0-b34/hk2-locator-2.4.0-b34.jar:/home/alex/.m2/repository/javax/validation/validation-api/1.1.0.Final/validation-api-1.1.0.Final.jar:/home/alex/.m2/repository/org/glassfish/jersey/containers/jersey-container-servlet-core/2.22.2/jersey-container-servlet-core-2.22.2.jar:/home/alex/.m2/repository/org/hamcrest/hamcrest-all/1.3/hamcrest-all-1.3.jar:/home/alex/.m2/repository/org/powermock/powermock-module-junit4/2.0.2/powermock-module-junit4-2.0.2.jar:/home/alex/.m2/repository/org/powermock/powermock-module-junit4-common/2.0.2/powermock-module-junit4-common-2.0.2.jar:/home/alex/.m2/repository/org/powermock/powermock-reflect/2.0.2/powermock-reflect-2.0.2.jar:/home/alex/.m2/repository/org/powermock/powermock-core/2.0.2/powermock-core-2.0.2.jar:/home/alex/.m2/repository/org/powermock/powermock-api-mockito2/2.0.2/powermock-api-mockito2-2.0.2.jar:/home/alex/.m2/repository/org/powermock/powermock-api-support/2.0.2/powermock-api-support-2.0.2.jar:/home/alex/.m2/repository/com/google/guava/guava-testlib/19.0/guava-testlib-19.0.jar:/home/alex/.m2/repository/com/google/errorprone/error_prone_annotations/2.0.2/error_prone_annotations-2.0.2.jar:/home/alex/.m2/repository/com/google/re2j/re2j/1.2/re2j-1.2.jar:/home/alex/.m2/repository/org/reflections/reflections/0.9.10/reflections-0.9.10.jar:/home/alex/.m2/repository/org/javassist/javassist/3.19.0-GA/javassist-3.19.0-GA.jar:/home/alex/.m2/repository/com/jayway/jsonpath/json-path/2.4.0/json-path-2.4.0.jar:/home/alex/.m2/repository/net/minidev/json-smart/2.3/json-smart-2.3.jar:/home/alex/.m2/repository/net/minidev/accessors-smart/1.2/accessors-smart-1.2.jar:/home/alex/.m2/repository/org/ow2/asm/asm/5.0.4/asm-5.0.4.jar:/home/alex/.m2/repository/org/codehaus/janino/commons-compiler/3.0.11/commons-compiler-3.0.11.jar:/home/alex/.m2/repository/org/codehaus/janino/janino/3.0.11/janino-3.0.11.jar:/home/alex/.m2/repository/com/sun/jersey/contribs/jersey-multipart/1.19/jersey-multipart-1.19.jar:/home/alex/.m2/repository/org/jvnet/mimepull/mimepull/1.9.3/mimepull-1.9.3.jar:/home/alex/.m2/repository/org/apache/kafka/kafka-clients/2.5.0/kafka-clients-2.5.0.jar:/home/alex/.m2/repository/org/slf4j/slf4j-api/1.7.30/slf4j-api-1.7.30.jar:/home/alex/.m2/repository/org/mockito/mockito-core/3.4.4/mockito-core-3.4.4.jar:/home/alex/.m2/repository/net/bytebuddy/byte-buddy/1.10.13/byte-buddy-1.10.13.jar:/home/alex/.m2/repository/net/bytebuddy/byte-buddy-agent/1.10.13/byte-buddy-agent-1.10.13.jar:/home/alex/Repositories/hive/ql/target/testconf:/home/alex/Repositories/hive/ql/../conf:"/>
    <property name="sun.cpu.endian" value="little"/>
    <property name="user.home" value="/home/alex"/>
    <property name="user.language" value="en"/>
    <property name="java.security.krb5.conf" value="/home/alex/Repositories/hive/ql/target/testconf/krb5.conf"/>
    <property name="test.dfs.mkdir" value=""/>
    <property name="java.awt.graphicsenv" value="sun.awt.X11GraphicsEnvironment"/>
    <property name="nondexFilter" value=".*"/>
    <property name="nondexSeed" value="1016066"/>
    <property name="surefire.real.class.path" value="/home/alex/Repositories/hive/ql/target/surefire/surefirebooter5756836369640215547.jar"/>
    <property name="hadoop.log.dir" value="/home/alex/Repositories/hive/ql/target/tmp"/>
    <property name="java.net.preferIPv4Stack" value="true"/>
    <property name="path.separator" value=":"/>
    <property name="os.version" value="6.5.0-28-generic"/>
    <property name="java.endorsed.dirs" value="/usr/lib/jvm/java-8-openjdk-amd64/jre/lib/endorsed"/>
    <property name="java.runtime.name" value="OpenJDK Runtime Environment"/>
    <property name="hive.test.console.log.level" value="INFO"/>
    <property name="java.vm.name" value="OpenJDK 64-Bit Server VM"/>
    <property name="java.vendor.url.bug" value="http://bugreport.sun.com/bugreport/"/>
    <property name="maven.local.repository" value="/home/alex/.m2/repository"/>
    <property name="user.dir" value="/home/alex/Repositories/hive/ql"/>
    <property name="os.arch" value="amd64"/>
    <property name="nondexMode" value="FULL"/>
    <property name="user.language.format" value="pt"/>
    <property name="antlr.version" value="3.5.2"/>
    <property name="derby.version" value="10.14.1.0"/>
    <property name="java.vm.info" value="mixed mode"/>
    <property name="java.vm.version" value="25.402-b06"/>
    <property name="java.ext.dirs" value="/usr/lib/jvm/java-8-openjdk-amd64/jre/lib/ext:/usr/java/packages/lib/ext"/>
    <property name="java.class.version" value="52.0"/>
    <property name="test.output.overwrite" value=""/>
    <property name="hive.root" value="/home/alex/Repositories/hive/ql/../"/>
  </properties>
  <testcase name="testMergeUpdateDelete" classname="org.apache.hadoop.hive.ql.TestTxnCommandsWithSplitUpdateAndVectorization" time="17.447">
    <error type="java.lang.RuntimeException"><![CDATA[java.lang.RuntimeException: merge into acidTbl as t using nonAcidOrcTbl s ON t.a = s.a WHEN MATCHED AND s.a < 3 THEN update set b = 0 WHEN MATCHED and t.a > 3 and t.a < 5 THEN DELETE WHEN NOT MATCHED THEN INSERT VALUES(s.a, s.b)  failed: (responseCode = 40000, errorMessage = FAILED: NoMatchingMethodException No matching method for class org.apache.hadoop.hive.ql.udf.UDFToInteger with (struct<writeid:bigint,bucketid:int,rowid:bigint>). Possible choices: _FUNC_(bigint)  _FUNC_(boolean)  _FUNC_(decimal(38,18))  _FUNC_(double)  _FUNC_(float)  _FUNC_(smallint)  _FUNC_(string)  _FUNC_(struct<writeid:bigint,rowid:int,bucketid:bigint>)  _FUNC_(timestamp)  _FUNC_(tinyint)  _FUNC_(void)  , hiveErrorCode = 40000, SQLState = 42000, exception = No matching method for class org.apache.hadoop.hive.ql.udf.UDFToInteger with (struct<writeid:bigint,bucketid:int,rowid:bigint>). Possible choices: _FUNC_(bigint)  _FUNC_(boolean)  _FUNC_(decimal(38,18))  _FUNC_(double)  _FUNC_(float)  _FUNC_(smallint)  _FUNC_(string)  _FUNC_(struct<writeid:bigint,rowid:int,bucketid:bigint>)  _FUNC_(timestamp)  _FUNC_(tinyint)  _FUNC_(void)  )
	at org.apache.hadoop.hive.ql.TxnCommandsBaseForTests.runStatementOnDriver(TxnCommandsBaseForTests.java:247)
	at org.apache.hadoop.hive.ql.TestTxnCommands.testMergeUpdateDelete(TestTxnCommands.java:1242)
	at sun.reflect.NativeMethodAccessorImpl.invoke0(Native Method)
	at sun.reflect.NativeMethodAccessorImpl.invoke(NativeMethodAccessorImpl.java:62)
	at sun.reflect.DelegatingMethodAccessorImpl.invoke(DelegatingMethodAccessorImpl.java:43)
	at java.lang.reflect.Method.invoke(Method.java:498)
	at org.junit.runners.model.FrameworkMethod$1.runReflectiveCall(FrameworkMethod.java:59)
	at org.junit.internal.runners.model.ReflectiveCallable.run(ReflectiveCallable.java:12)
	at org.junit.runners.model.FrameworkMethod.invokeExplosively(FrameworkMethod.java:56)
	at org.junit.internal.runners.statements.InvokeMethod.evaluate(InvokeMethod.java:17)
	at org.junit.internal.runners.statements.RunBefores.evaluate(RunBefores.java:26)
	at org.junit.internal.runners.statements.RunAfters.evaluate(RunAfters.java:27)
	at org.junit.rules.TestWatcher$1.evaluate(TestWatcher.java:61)
	at org.junit.runners.ParentRunner$3.evaluate(ParentRunner.java:306)
	at org.junit.runners.BlockJUnit4ClassRunner$1.evaluate(BlockJUnit4ClassRunner.java:100)
	at org.junit.runners.ParentRunner.runLeaf(ParentRunner.java:366)
	at org.junit.runners.BlockJUnit4ClassRunner.runChild(BlockJUnit4ClassRunner.java:103)
	at org.junit.runners.BlockJUnit4ClassRunner.runChild(BlockJUnit4ClassRunner.java:63)
	at org.junit.runners.ParentRunner$4.run(ParentRunner.java:331)
	at org.junit.runners.ParentRunner$1.schedule(ParentRunner.java:79)
	at org.junit.runners.ParentRunner.runChildren(ParentRunner.java:329)
	at org.junit.runners.ParentRunner.access$100(ParentRunner.java:66)
	at org.junit.runners.ParentRunner$2.evaluate(ParentRunner.java:293)
	at org.junit.runners.ParentRunner$3.evaluate(ParentRunner.java:306)
	at org.junit.runners.ParentRunner.run(ParentRunner.java:413)
	at org.junit.runner.JUnitCore.run(JUnitCore.java:137)
	at org.junit.runner.JUnitCore.run(JUnitCore.java:115)
	at org.junit.vintage.engine.execution.RunnerExecutor.execute(RunnerExecutor.java:43)
	at java.util.stream.ForEachOps$ForEachOp$OfRef.accept(ForEachOps.java:183)
	at java.util.stream.ReferencePipeline$3$1.accept(ReferencePipeline.java:193)
	at java.util.Iterator.forEachRemaining(Iterator.java:116)
	at java.util.Spliterators$IteratorSpliterator.forEachRemaining(Spliterators.java:1801)
	at java.util.stream.AbstractPipeline.copyInto(AbstractPipeline.java:482)
	at java.util.stream.AbstractPipeline.wrapAndCopyInto(AbstractPipeline.java:472)
	at java.util.stream.ForEachOps$ForEachOp.evaluateSequential(ForEachOps.java:150)
	at java.util.stream.ForEachOps$ForEachOp$OfRef.evaluateSequential(ForEachOps.java:173)
	at java.util.stream.AbstractPipeline.evaluate(AbstractPipeline.java:234)
	at java.util.stream.ReferencePipeline.forEach(ReferencePipeline.java:485)
	at org.junit.vintage.engine.VintageTestEngine.executeAllChildren(VintageTestEngine.java:82)
	at org.junit.vintage.engine.VintageTestEngine.execute(VintageTestEngine.java:73)
	at org.junit.platform.launcher.core.DefaultLauncher.execute(DefaultLauncher.java:248)
	at org.junit.platform.launcher.core.DefaultLauncher.lambda$execute$5(DefaultLauncher.java:211)
	at org.junit.platform.launcher.core.DefaultLauncher.withInterceptedStreams(DefaultLauncher.java:226)
	at org.junit.platform.launcher.core.DefaultLauncher.execute(DefaultLauncher.java:199)
	at org.junit.platform.launcher.core.DefaultLauncher.execute(DefaultLauncher.java:132)
	at org.apache.maven.surefire.junitplatform.JUnitPlatformProvider.invokeAllTests(JUnitPlatformProvider.java:154)
	at org.apache.maven.surefire.junitplatform.JUnitPlatformProvider.invoke(JUnitPlatformProvider.java:123)
	at org.apache.maven.surefire.booter.ForkedBooter.runSuitesInProcess(ForkedBooter.java:377)
	at org.apache.maven.surefire.booter.ForkedBooter.execute(ForkedBooter.java:138)
	at org.apache.maven.surefire.booter.ForkedBooter.run(ForkedBooter.java:465)
	at org.apache.maven.surefire.booter.ForkedBooter.main(ForkedBooter.java:451)
]]></error>
    <system-out><![CDATA[log4j: Trying to find [log4j.xml] using context classloader org.apache.hadoop.hive.ql.exec.UDFClassLoader@65c86db8.
log4j: Trying to find [log4j.xml] using sun.misc.Launcher$AppClassLoader@330bedb4 class loader.
log4j: Trying to find [log4j.xml] using ClassLoader.getSystemResource().
log4j: Trying to find [log4j.properties] using context classloader org.apache.hadoop.hive.ql.exec.UDFClassLoader@65c86db8.
log4j: Trying to find [log4j.properties] using sun.misc.Launcher$AppClassLoader@330bedb4 class loader.
log4j: Trying to find [log4j.properties] using ClassLoader.getSystemResource().
log4j: Could not find resource: [null].
]]></system-out>
    <system-err><![CDATA[SLF4J: Class path contains multiple SLF4J bindings.
SLF4J: Found binding in [jar:file:/home/alex/.m2/repository/org/apache/logging/log4j/log4j-slf4j-impl/2.13.2/log4j-slf4j-impl-2.13.2.jar!/org/slf4j/impl/StaticLoggerBinder.class]
SLF4J: Found binding in [jar:file:/home/alex/.m2/repository/org/slf4j/slf4j-simple/1.7.27/slf4j-simple-1.7.27.jar!/org/slf4j/impl/StaticLoggerBinder.class]
SLF4J: See http://www.slf4j.org/codes.html#multiple_bindings for an explanation.
SLF4J: Actual binding is of type [org.apache.logging.slf4j.Log4jLoggerFactory]
DEBUG StatusLogger Using ShutdownCallbackRegistry class org.apache.logging.log4j.core.util.DefaultShutdownCallbackRegistry
DEBUG StatusLogger Took 0,071209 seconds to load 250 plugins from sun.misc.Launcher$AppClassLoader@330bedb4
DEBUG StatusLogger PluginManager 'Converter' found 46 plugins
DEBUG StatusLogger Starting OutputStreamManager SYSTEM_OUT.false.false-1
DEBUG StatusLogger Starting LoggerContext[name=330bedb4, org.apache.logging.log4j.core.LoggerContext@2a693f59]...
DEBUG StatusLogger Reconfiguration started for context[name=330bedb4] at URI null (org.apache.logging.log4j.core.LoggerContext@2a693f59) with optional ClassLoader: null
DEBUG StatusLogger PluginManager 'ConfigurationFactory' found 6 plugins
DEBUG StatusLogger Using configurationFactory org.apache.logging.log4j.core.config.ConfigurationFactory$Factory@65f8f5ae
DEBUG StatusLogger Apache Log4j Core 2.13.2 initializing configuration org.apache.logging.log4j.core.config.properties.PropertiesConfiguration@4dc27487
DEBUG StatusLogger Installed 2 script engines
DEBUG StatusLogger Oracle Nashorn version: 1.8.0_402, language: ECMAScript, threading: Not Thread Safe, compile: true, names: [nashorn, Nashorn, js, JS, JavaScript, javascript, ECMAScript, ecmascript], factory class: jdk.nashorn.api.scripting.NashornScriptEngineFactory
DEBUG StatusLogger Groovy Scripting Engine version: 2.0, language: Groovy, threading: MULTITHREADED, compile: true, names: [groovy, Groovy], factory class: org.codehaus.groovy.jsr223.GroovyScriptEngineFactory
INFO StatusLogger Scanning for classes in '/home/alex/Repositories/hive/ql/target/test-classes/org/apache/hadoop/hive/ql/log' matching criteria annotated with @Plugin
DEBUG StatusLogger Checking to see if class org.apache.hadoop.hive.ql.log.TestSlidingFilenameRolloverStrategy matches criteria annotated with @Plugin
DEBUG StatusLogger Checking to see if class org.apache.hadoop.hive.ql.log.TestLog4j2Appenders matches criteria annotated with @Plugin
DEBUG StatusLogger Checking to see if class org.apache.hadoop.hive.ql.log.TestSyslogInputFormat matches criteria annotated with @Plugin
INFO StatusLogger Scanning for classes in '/home/alex/Repositories/hive/ql/target/classes/org/apache/hadoop/hive/ql/log' matching criteria annotated with @Plugin
DEBUG StatusLogger Checking to see if class org.apache.hadoop.hive.ql.log.HiveEventCounter$EventCounts matches criteria annotated with @Plugin
DEBUG StatusLogger Checking to see if class org.apache.hadoop.hive.ql.log.HushableRandomAccessFileAppender matches criteria annotated with @Plugin
DEBUG StatusLogger Checking to see if class org.apache.hadoop.hive.ql.log.HiveEventCounter$1 matches criteria annotated with @Plugin
DEBUG StatusLogger Checking to see if class org.apache.hadoop.hive.ql.log.LogDivertAppender matches criteria annotated with @Plugin
DEBUG StatusLogger Checking to see if class org.apache.hadoop.hive.ql.log.LogDivertAppender$NameFilter matches criteria annotated with @Plugin
DEBUG StatusLogger Checking to see if class org.apache.hadoop.hive.ql.log.PidFilePatternConverter matches criteria annotated with @Plugin
DEBUG StatusLogger Checking to see if class org.apache.hadoop.hive.ql.log.syslog.SyslogInputFormat$Location matches criteria annotated with @Plugin
DEBUG StatusLogger Checking to see if class org.apache.hadoop.hive.ql.log.syslog.SyslogParser matches criteria annotated with @Plugin
DEBUG StatusLogger Checking to see if class org.apache.hadoop.hive.ql.log.syslog.SyslogSerDe matches criteria annotated with @Plugin
DEBUG StatusLogger Checking to see if class org.apache.hadoop.hive.ql.log.syslog.SyslogStorageHandler matches criteria annotated with @Plugin
DEBUG StatusLogger Checking to see if class org.apache.hadoop.hive.ql.log.syslog.SyslogInputFormat matches criteria annotated with @Plugin
DEBUG StatusLogger Checking to see if class org.apache.hadoop.hive.ql.log.SlidingFilenameRolloverStrategy$1 matches criteria annotated with @Plugin
DEBUG StatusLogger Checking to see if class org.apache.hadoop.hive.ql.log.HushableRandomAccessFileAppender$1 matches criteria annotated with @Plugin
DEBUG StatusLogger Checking to see if class org.apache.hadoop.hive.ql.log.LogDivertAppenderForTest$TestFilter matches criteria annotated with @Plugin
DEBUG StatusLogger Checking to see if class org.apache.hadoop.hive.ql.log.LogDivertAppenderForTest matches criteria annotated with @Plugin
DEBUG StatusLogger Checking to see if class org.apache.hadoop.hive.ql.log.NullAppender matches criteria annotated with @Plugin
DEBUG StatusLogger Checking to see if class org.apache.hadoop.hive.ql.log.SlidingFilenameRolloverStrategy matches criteria annotated with @Plugin
DEBUG StatusLogger Checking to see if class org.apache.hadoop.hive.ql.log.HiveEventCounter matches criteria annotated with @Plugin
INFO StatusLogger Scanning for classes in '/home/alex/Repositories/hive/common/target/classes/org/apache/hadoop/hive/ql/log' matching criteria annotated with @Plugin
DEBUG StatusLogger Checking to see if class org.apache.hadoop.hive.ql.log.PerfLogger matches criteria annotated with @Plugin
DEBUG StatusLogger Took 0,023373 seconds to load 7 plugins from package org.apache.hadoop.hive.ql.log
DEBUG StatusLogger PluginManager 'Core' found 132 plugins
DEBUG StatusLogger PluginManager 'Level' found 0 plugins
DEBUG StatusLogger Building Plugin[name=property, class=org.apache.logging.log4j.core.config.Property].
TRACE StatusLogger TypeConverterRegistry initializing.
DEBUG StatusLogger PluginManager 'TypeConverter' found 26 plugins
DEBUG StatusLogger createProperty(name="hive.log.file", value="hive.log")
DEBUG StatusLogger Building Plugin[name=property, class=org.apache.logging.log4j.core.config.Property].
DEBUG StatusLogger createProperty(name="hive.log.dir", value="/home/alex/Repositories/hive/ql/target/tmp/log")
DEBUG StatusLogger Building Plugin[name=property, class=org.apache.logging.log4j.core.config.Property].
DEBUG StatusLogger createProperty(name="hive.root.logger", value="DRFA")
DEBUG StatusLogger Building Plugin[name=property, class=org.apache.logging.log4j.core.config.Property].
DEBUG StatusLogger createProperty(name="hive.log.level", value="DEBUG")
DEBUG StatusLogger Building Plugin[name=property, class=org.apache.logging.log4j.core.config.Property].
DEBUG StatusLogger createProperty(name="hive.test.console.log.level", value="INFO")
DEBUG StatusLogger Building Plugin[name=properties, class=org.apache.logging.log4j.core.config.PropertiesPlugin].
DEBUG StatusLogger configureSubstitutor(={hive.log.file=hive.log, hive.log.dir=/home/alex/Repositories/hive/ql/target/tmp/log, hive.root.logger=DRFA, hive.log.level=DEBUG, hive.test.console.log.level=INFO}, Configuration(HiveLog4j2Test))
DEBUG StatusLogger PluginManager 'Lookup' found 17 plugins
DEBUG StatusLogger Building Plugin[name=logger, class=org.apache.logging.log4j.core.config.LoggerConfig].
DEBUG StatusLogger createLogger(additivity="true", level="WARN", name="org.apache.hadoop.ipc", includeLocation="null", ={}, ={}, Configuration(HiveLog4j2Test), Filter=null)
DEBUG StatusLogger Building Plugin[name=logger, class=org.apache.logging.log4j.core.config.LoggerConfig].
DEBUG StatusLogger createLogger(additivity="true", level="INFO", name="org.apache.hadoop.security", includeLocation="null", ={}, ={}, Configuration(HiveLog4j2Test), Filter=null)
DEBUG StatusLogger Building Plugin[name=logger, class=org.apache.logging.log4j.core.config.LoggerConfig].
DEBUG StatusLogger createLogger(additivity="true", level="INFO", name="org.apache.hadoop.hdfs", includeLocation="null", ={}, ={}, Configuration(HiveLog4j2Test), Filter=null)
DEBUG StatusLogger Building Plugin[name=logger, class=org.apache.logging.log4j.core.config.LoggerConfig].
DEBUG StatusLogger createLogger(additivity="true", level="WARN", name="org.apache.hadoop.hdfs.server", includeLocation="null", ={}, ={}, Configuration(HiveLog4j2Test), Filter=null)
DEBUG StatusLogger Building Plugin[name=logger, class=org.apache.logging.log4j.core.config.LoggerConfig].
DEBUG StatusLogger createLogger(additivity="true", level="INFO", name="org.apache.hadoop.metrics2", includeLocation="null", ={}, ={}, Configuration(HiveLog4j2Test), Filter=null)
DEBUG StatusLogger Building Plugin[name=logger, class=org.apache.logging.log4j.core.config.LoggerConfig].
DEBUG StatusLogger createLogger(additivity="true", level="INFO", name="org.mortbay", includeLocation="null", ={}, ={}, Configuration(HiveLog4j2Test), Filter=null)
DEBUG StatusLogger Building Plugin[name=logger, class=org.apache.logging.log4j.core.config.LoggerConfig].
DEBUG StatusLogger createLogger(additivity="true", level="INFO", name="org.apache.hadoop.yarn", includeLocation="null", ={}, ={}, Configuration(HiveLog4j2Test), Filter=null)
DEBUG StatusLogger Building Plugin[name=logger, class=org.apache.logging.log4j.core.config.LoggerConfig].
DEBUG StatusLogger createLogger(additivity="true", level="WARN", name="org.apache.hadoop.yarn.server", includeLocation="null", ={}, ={}, Configuration(HiveLog4j2Test), Filter=null)
DEBUG StatusLogger Building Plugin[name=logger, class=org.apache.logging.log4j.core.config.LoggerConfig].
DEBUG StatusLogger createLogger(additivity="true", level="INFO", name="org.apache.tez", includeLocation="null", ={}, ={}, Configuration(HiveLog4j2Test), Filter=null)
DEBUG StatusLogger Building Plugin[name=logger, class=org.apache.logging.log4j.core.config.LoggerConfig].
DEBUG StatusLogger createLogger(additivity="true", level="ERROR", name="org.apache.hadoop.conf.Configuration", includeLocation="null", ={}, ={}, Configuration(HiveLog4j2Test), Filter=null)
DEBUG StatusLogger Building Plugin[name=logger, class=org.apache.logging.log4j.core.config.LoggerConfig].
DEBUG StatusLogger createLogger(additivity="true", level="INFO", name="org.apache.zookeeper", includeLocation="null", ={}, ={}, Configuration(HiveLog4j2Test), Filter=null)
DEBUG StatusLogger Building Plugin[name=logger, class=org.apache.logging.log4j.core.config.LoggerConfig].
DEBUG StatusLogger createLogger(additivity="true", level="WARN", name="org.apache.zookeeper.server.ServerCnxn", includeLocation="null", ={}, ={}, Configuration(HiveLog4j2Test), Filter=null)
DEBUG StatusLogger Building Plugin[name=logger, class=org.apache.logging.log4j.core.config.LoggerConfig].
DEBUG StatusLogger createLogger(additivity="true", level="WARN", name="org.apache.zookeeper.server.NIOServerCnxn", includeLocation="null", ={}, ={}, Configuration(HiveLog4j2Test), Filter=null)
DEBUG StatusLogger Building Plugin[name=logger, class=org.apache.logging.log4j.core.config.LoggerConfig].
DEBUG StatusLogger createLogger(additivity="true", level="WARN", name="org.apache.zookeeper.ClientCnxn", includeLocation="null", ={}, ={}, Configuration(HiveLog4j2Test), Filter=null)
DEBUG StatusLogger Building Plugin[name=logger, class=org.apache.logging.log4j.core.config.LoggerConfig].
DEBUG StatusLogger createLogger(additivity="true", level="WARN", name="org.apache.zookeeper.ClientCnxnSocket", includeLocation="null", ={}, ={}, Configuration(HiveLog4j2Test), Filter=null)
DEBUG StatusLogger Building Plugin[name=logger, class=org.apache.logging.log4j.core.config.LoggerConfig].
DEBUG StatusLogger createLogger(additivity="true", level="WARN", name="org.apache.zookeeper.ClientCnxnSocketNIO", includeLocation="null", ={}, ={}, Configuration(HiveLog4j2Test), Filter=null)
DEBUG StatusLogger Building Plugin[name=logger, class=org.apache.logging.log4j.core.config.LoggerConfig].
DEBUG StatusLogger createLogger(additivity="true", level="ERROR", name="DataNucleus", includeLocation="null", ={}, ={}, Configuration(HiveLog4j2Test), Filter=null)
DEBUG StatusLogger Building Plugin[name=logger, class=org.apache.logging.log4j.core.config.LoggerConfig].
DEBUG StatusLogger createLogger(additivity="true", level="ERROR", name="Datastore", includeLocation="null", ={}, ={}, Configuration(HiveLog4j2Test), Filter=null)
DEBUG StatusLogger Building Plugin[name=logger, class=org.apache.logging.log4j.core.config.LoggerConfig].
DEBUG StatusLogger createLogger(additivity="true", level="ERROR", name="JPOX", includeLocation="null", ={}, ={}, Configuration(HiveLog4j2Test), Filter=null)
DEBUG StatusLogger Building Plugin[name=logger, class=org.apache.logging.log4j.core.config.LoggerConfig].
DEBUG StatusLogger createLogger(additivity="true", level="INFO", name="org.apache.hadoop.hive.ql.exec.Operator", includeLocation="null", ={}, ={}, Configuration(HiveLog4j2Test), Filter=null)
DEBUG StatusLogger Building Plugin[name=logger, class=org.apache.logging.log4j.core.config.LoggerConfig].
DEBUG StatusLogger createLogger(additivity="true", level="INFO", name="org.apache.hadoop.hive.serde2.lazy", includeLocation="null", ={}, ={}, Configuration(HiveLog4j2Test), Filter=null)
DEBUG StatusLogger Building Plugin[name=logger, class=org.apache.logging.log4j.core.config.LoggerConfig].
DEBUG StatusLogger createLogger(additivity="true", level="INFO", name="org.apache.hadoop.hive.metastore.ObjectStore", includeLocation="null", ={}, ={}, Configuration(HiveLog4j2Test), Filter=null)
DEBUG StatusLogger Building Plugin[name=logger, class=org.apache.logging.log4j.core.config.LoggerConfig].
DEBUG StatusLogger createLogger(additivity="true", level="INFO", name="org.apache.calcite.plan.RelOptPlanner", includeLocation="null", ={}, ={}, Configuration(HiveLog4j2Test), Filter=null)
DEBUG StatusLogger Building Plugin[name=logger, class=org.apache.logging.log4j.core.config.LoggerConfig].
DEBUG StatusLogger createLogger(additivity="true", level="INFO", name="com.amazonaws", includeLocation="null", ={}, ={}, Configuration(HiveLog4j2Test), Filter=null)
DEBUG StatusLogger Building Plugin[name=logger, class=org.apache.logging.log4j.core.config.LoggerConfig].
DEBUG StatusLogger createLogger(additivity="true", level="INFO", name="org.apache.http", includeLocation="null", ={}, ={}, Configuration(HiveLog4j2Test), Filter=null)
DEBUG StatusLogger Building Plugin[name=logger, class=org.apache.logging.log4j.core.config.LoggerConfig].
DEBUG StatusLogger createLogger(additivity="true", level="WARN", name="org.apache.thrift", includeLocation="null", ={}, ={}, Configuration(HiveLog4j2Test), Filter=null)
DEBUG StatusLogger Building Plugin[name=logger, class=org.apache.logging.log4j.core.config.LoggerConfig].
DEBUG StatusLogger createLogger(additivity="true", level="WARN", name="org.eclipse.jetty", includeLocation="null", ={}, ={}, Configuration(HiveLog4j2Test), Filter=null)
DEBUG StatusLogger Building Plugin[name=logger, class=org.apache.logging.log4j.core.config.LoggerConfig].
DEBUG StatusLogger createLogger(additivity="true", level="WARN", name="BlockStateChange", includeLocation="null", ={}, ={}, Configuration(HiveLog4j2Test), Filter=null)
DEBUG StatusLogger Building Plugin[name=logger, class=org.apache.logging.log4j.core.config.LoggerConfig].
DEBUG StatusLogger createLogger(additivity="true", level="DEBUG", name="org.apache.hadoop.hive.ql.optimizer.SharedWorkOptimizer", includeLocation="null", ={}, ={}, Configuration(HiveLog4j2Test), Filter=null)
DEBUG StatusLogger Building Plugin[name=AppenderRef, class=org.apache.logging.log4j.core.config.AppenderRef].
DEBUG StatusLogger createAppenderRef(ref="console", level="INFO", Filter=null)
DEBUG StatusLogger Building Plugin[name=AppenderRef, class=org.apache.logging.log4j.core.config.AppenderRef].
DEBUG StatusLogger createAppenderRef(ref="DRFA", level="null", Filter=null)
DEBUG StatusLogger Building Plugin[name=root, class=org.apache.logging.log4j.core.config.LoggerConfig$RootLogger].
DEBUG StatusLogger createLogger(additivity="null", level="DEBUG", includeLocation="null", ={console, DRFA}, ={}, Configuration(HiveLog4j2Test), Filter=null)
DEBUG StatusLogger Building Plugin[name=loggers, class=org.apache.logging.log4j.core.config.LoggersPlugin].
DEBUG StatusLogger createLoggers(={org.apache.hadoop.ipc, org.apache.hadoop.security, org.apache.hadoop.hdfs, org.apache.hadoop.hdfs.server, org.apache.hadoop.metrics2, org.mortbay, org.apache.hadoop.yarn, org.apache.hadoop.yarn.server, org.apache.tez, org.apache.hadoop.conf.Configuration, org.apache.zookeeper, org.apache.zookeeper.server.ServerCnxn, org.apache.zookeeper.server.NIOServerCnxn, org.apache.zookeeper.ClientCnxn, org.apache.zookeeper.ClientCnxnSocket, org.apache.zookeeper.ClientCnxnSocketNIO, DataNucleus, Datastore, JPOX, org.apache.hadoop.hive.ql.exec.Operator, org.apache.hadoop.hive.serde2.lazy, org.apache.hadoop.hive.metastore.ObjectStore, org.apache.calcite.plan.RelOptPlanner, com.amazonaws, org.apache.http, org.apache.thrift, org.eclipse.jetty, BlockStateChange, org.apache.hadoop.hive.ql.optimizer.SharedWorkOptimizer, root})
DEBUG StatusLogger Building Plugin[name=layout, class=org.apache.logging.log4j.core.layout.PatternLayout].
DEBUG StatusLogger PatternLayout$Builder(PatternSelector=null, Replace=null, disableAnsi="null", noConsoleNoAnsi="null", footer="null", header="null", charset="null", Configuration(HiveLog4j2Test), alwaysWriteExceptions="null", pattern="%d{ISO8601} %5p [%t] %c{2}: %m%n")
DEBUG StatusLogger PluginManager 'Converter' found 46 plugins
DEBUG StatusLogger Building Plugin[name=appender, class=org.apache.logging.log4j.core.appender.ConsoleAppender].
DEBUG StatusLogger ConsoleAppender$Builder(target="SYSTEM_ERR", follow="null", direct="null", bufferSize="null", immediateFlush="null", bufferedIo="null", PatternLayout(%d{ISO8601} %5p [%t] %c{2}: %m%n), Configuration(HiveLog4j2Test), ignoreExceptions="null", name="console", ={}, Filter=null)
DEBUG StatusLogger Starting OutputStreamManager SYSTEM_ERR.false.false
DEBUG StatusLogger Building Plugin[name=layout, class=org.apache.logging.log4j.core.layout.PatternLayout].
DEBUG StatusLogger PatternLayout$Builder(Replace=null, disableAnsi="null", charset="null", Configuration(HiveLog4j2Test), header="null", PatternSelector=null, footer="null", alwaysWriteExceptions="null", noConsoleNoAnsi="null", pattern="%d{ISO8601} %5p [%t] %c{2}: %m%n")
DEBUG StatusLogger Building Plugin[name=TimeBasedTriggeringPolicy, class=org.apache.logging.log4j.core.appender.rolling.TimeBasedTriggeringPolicy].
DEBUG StatusLogger TimeBasedTriggeringPolicy$Builder(interval="1", maxRandomDelay="null", modulate="true")
DEBUG StatusLogger Building Plugin[name=Policies, class=org.apache.logging.log4j.core.appender.rolling.CompositeTriggeringPolicy].
DEBUG StatusLogger createPolicy(={TimeBasedTriggeringPolicy(nextRolloverMillis=0, interval=1, modulate=true)})
DEBUG StatusLogger Building Plugin[name=DefaultRolloverStrategy, class=org.apache.logging.log4j.core.appender.rolling.DefaultRolloverStrategy].
DEBUG StatusLogger DefaultRolloverStrategy$Builder(fileIndex="null", max="30", stopCustomActionsOnError="null", tempCompressedFilePattern="null", min="null", Configuration(HiveLog4j2Test), compressionLevel="null", ={})
DEBUG StatusLogger Building Plugin[name=appender, class=org.apache.logging.log4j.core.appender.RollingRandomAccessFileAppender].
DEBUG StatusLogger RollingRandomAccessFileAppender$Builder(fileName="/home/alex/Repositories/hive/ql/target/tmp/log/hive.log", fileGroup="null", filePermissions="null", DefaultRolloverStrategy(DefaultRolloverStrategy(min=1, max=30, useMax=true)), Policies(CompositeTriggeringPolicy(policies=[TimeBasedTriggeringPolicy(nextRolloverMillis=0, interval=1, modulate=true)])), advertise="null", advertiseURI="null", filePattern="/home/alex/Repositories/hive/ql/target/tmp/log/hive.log.%d{yyyy-MM-dd}", append="null", fileOwner="null", bufferedIo="null", bufferSize="null", immediateFlush="null", name="DRFA", ignoreExceptions="null", Configuration(HiveLog4j2Test), PatternLayout(%d{ISO8601} %5p [%t] %c{2}: %m%n), Filter=null, ={})
TRACE StatusLogger RandomAccessFile /home/alex/Repositories/hive/ql/target/tmp/log/hive.log seek to 1545733827
DEBUG StatusLogger Starting RollingRandomAccessFileManager /home/alex/Repositories/hive/ql/target/tmp/log/hive.log
DEBUG StatusLogger PluginManager 'FileConverter' found 3 plugins
DEBUG StatusLogger Setting prev file time to 2024-04-24T05:12:28.671-0700
DEBUG StatusLogger Initializing triggering policy CompositeTriggeringPolicy(policies=[TimeBasedTriggeringPolicy(nextRolloverMillis=0, interval=1, modulate=true)])
DEBUG StatusLogger Initializing triggering policy TimeBasedTriggeringPolicy(nextRolloverMillis=0, interval=1, modulate=true)
TRACE StatusLogger PatternProcessor.getNextTime returning 2024/04/25-00:00:00.000, nextFileTime=2024/04/24-00:00:00.000, prevFileTime=1969/12/31-16:00:00.000, current=2024/04/24-05:12:30.457, freq=DAILY
TRACE StatusLogger PatternProcessor.getNextTime returning 2024/04/25-00:00:00.000, nextFileTime=2024/04/24-00:00:00.000, prevFileTime=2024/04/24-00:00:00.000, current=2024/04/24-05:12:30.458, freq=DAILY
DEBUG StatusLogger Building Plugin[name=appenders, class=org.apache.logging.log4j.core.config.AppendersPlugin].
DEBUG StatusLogger createAppenders(={console, DRFA})
DEBUG StatusLogger Configuration org.apache.logging.log4j.core.config.properties.PropertiesConfiguration@4dc27487 initialized
DEBUG StatusLogger Starting configuration org.apache.logging.log4j.core.config.properties.PropertiesConfiguration@4dc27487
DEBUG StatusLogger Started configuration org.apache.logging.log4j.core.config.properties.PropertiesConfiguration@4dc27487 OK.
TRACE StatusLogger Stopping org.apache.logging.log4j.core.config.DefaultConfiguration@6236eb5f...
TRACE StatusLogger DefaultConfiguration notified 1 ReliabilityStrategies that config will be stopped.
TRACE StatusLogger DefaultConfiguration stopping root LoggerConfig.
TRACE StatusLogger DefaultConfiguration notifying ReliabilityStrategies that appenders will be stopped.
TRACE StatusLogger DefaultConfiguration stopping remaining Appenders.
DEBUG StatusLogger Shutting down OutputStreamManager SYSTEM_OUT.false.false-1
DEBUG StatusLogger OutputStream closed
DEBUG StatusLogger Shut down OutputStreamManager SYSTEM_OUT.false.false-1, all resources released: true
DEBUG StatusLogger Appender DefaultConsole-1 stopped with status true
TRACE StatusLogger DefaultConfiguration stopped 1 remaining Appenders.
TRACE StatusLogger DefaultConfiguration cleaning Appenders from 1 LoggerConfigs.
DEBUG StatusLogger Stopped org.apache.logging.log4j.core.config.DefaultConfiguration@6236eb5f OK
TRACE StatusLogger Reregistering MBeans after reconfigure. Selector=org.apache.logging.log4j.core.selector.ClassLoaderContextSelector@5066d65f
TRACE StatusLogger Reregistering context (1/1): '330bedb4' org.apache.logging.log4j.core.LoggerContext@2a693f59
TRACE StatusLogger Unregistering but no MBeans found matching 'org.apache.logging.log4j2:type=330bedb4'
TRACE StatusLogger Unregistering but no MBeans found matching 'org.apache.logging.log4j2:type=330bedb4,component=StatusLogger'
TRACE StatusLogger Unregistering but no MBeans found matching 'org.apache.logging.log4j2:type=330bedb4,component=ContextSelector'
TRACE StatusLogger Unregistering but no MBeans found matching 'org.apache.logging.log4j2:type=330bedb4,component=Loggers,name=*'
TRACE StatusLogger Unregistering but no MBeans found matching 'org.apache.logging.log4j2:type=330bedb4,component=Appenders,name=*'
TRACE StatusLogger Unregistering but no MBeans found matching 'org.apache.logging.log4j2:type=330bedb4,component=AsyncAppenders,name=*'
TRACE StatusLogger Unregistering but no MBeans found matching 'org.apache.logging.log4j2:type=330bedb4,component=AsyncLoggerRingBuffer'
TRACE StatusLogger Unregistering but no MBeans found matching 'org.apache.logging.log4j2:type=330bedb4,component=Loggers,name=*,subtype=RingBuffer'
DEBUG StatusLogger Registering MBean org.apache.logging.log4j2:type=330bedb4
DEBUG StatusLogger Registering MBean org.apache.logging.log4j2:type=330bedb4,component=StatusLogger
DEBUG StatusLogger Registering MBean org.apache.logging.log4j2:type=330bedb4,component=ContextSelector
DEBUG StatusLogger Registering MBean org.apache.logging.log4j2:type=330bedb4,component=Loggers,name=org.apache.hadoop.yarn.server
DEBUG StatusLogger Registering MBean org.apache.logging.log4j2:type=330bedb4,component=Loggers,name=org.apache.hadoop.hdfs.server
DEBUG StatusLogger Registering MBean org.apache.logging.log4j2:type=330bedb4,component=Loggers,name=org.apache.hadoop.hive.serde2.lazy
DEBUG StatusLogger Registering MBean org.apache.logging.log4j2:type=330bedb4,component=Loggers,name=org.apache.zookeeper.server.NIOServerCnxn
DEBUG StatusLogger Registering MBean org.apache.logging.log4j2:type=330bedb4,component=Loggers,name=org.apache.zookeeper.server.ServerCnxn
DEBUG StatusLogger Registering MBean org.apache.logging.log4j2:type=330bedb4,component=Loggers,name=org.apache.hadoop.hive.ql.exec.Operator
DEBUG StatusLogger Registering MBean org.apache.logging.log4j2:type=330bedb4,component=Loggers,name=org.apache.hadoop.metrics2
DEBUG StatusLogger Registering MBean org.apache.logging.log4j2:type=330bedb4,component=Loggers,name=org.apache.zookeeper.ClientCnxn
DEBUG StatusLogger Registering MBean org.apache.logging.log4j2:type=330bedb4,component=Loggers,name=org.apache.zookeeper
DEBUG StatusLogger Registering MBean org.apache.logging.log4j2:type=330bedb4,component=Loggers,name=org.apache.hadoop.hive.ql.optimizer.SharedWorkOptimizer
DEBUG StatusLogger Registering MBean org.apache.logging.log4j2:type=330bedb4,component=Loggers,name=org.apache.hadoop.hdfs
DEBUG StatusLogger Registering MBean org.apache.logging.log4j2:type=330bedb4,component=Loggers,name=org.apache.calcite.plan.RelOptPlanner
DEBUG StatusLogger Registering MBean org.apache.logging.log4j2:type=330bedb4,component=Loggers,name=Datastore
DEBUG StatusLogger Registering MBean org.apache.logging.log4j2:type=330bedb4,component=Loggers,name=org.apache.hadoop.hive.metastore.ObjectStore
DEBUG StatusLogger Registering MBean org.apache.logging.log4j2:type=330bedb4,component=Loggers,name=org.eclipse.jetty
DEBUG StatusLogger Registering MBean org.apache.logging.log4j2:type=330bedb4,component=Loggers,name=BlockStateChange
DEBUG StatusLogger Registering MBean org.apache.logging.log4j2:type=330bedb4,component=Loggers,name=org.apache.hadoop.conf.Configuration
DEBUG StatusLogger Registering MBean org.apache.logging.log4j2:type=330bedb4,component=Loggers,name=org.apache.tez
DEBUG StatusLogger Registering MBean org.apache.logging.log4j2:type=330bedb4,component=Loggers,name=com.amazonaws
DEBUG StatusLogger Registering MBean org.apache.logging.log4j2:type=330bedb4,component=Loggers,name=org.apache.thrift
DEBUG StatusLogger Registering MBean org.apache.logging.log4j2:type=330bedb4,component=Loggers,name=DataNucleus
DEBUG StatusLogger Registering MBean org.apache.logging.log4j2:type=330bedb4,component=Loggers,name=org.apache.hadoop.security
DEBUG StatusLogger Registering MBean org.apache.logging.log4j2:type=330bedb4,component=Loggers,name=JPOX
DEBUG StatusLogger Registering MBean org.apache.logging.log4j2:type=330bedb4,component=Loggers,name=org.mortbay
DEBUG StatusLogger Registering MBean org.apache.logging.log4j2:type=330bedb4,component=Loggers,name=org.apache.zookeeper.ClientCnxnSocket
DEBUG StatusLogger Registering MBean org.apache.logging.log4j2:type=330bedb4,component=Loggers,name=org.apache.http
DEBUG StatusLogger Registering MBean org.apache.logging.log4j2:type=330bedb4,component=Loggers,name=
DEBUG StatusLogger Registering MBean org.apache.logging.log4j2:type=330bedb4,component=Loggers,name=org.apache.hadoop.yarn
DEBUG StatusLogger Registering MBean org.apache.logging.log4j2:type=330bedb4,component=Loggers,name=org.apache.zookeeper.ClientCnxnSocketNIO
DEBUG StatusLogger Registering MBean org.apache.logging.log4j2:type=330bedb4,component=Loggers,name=org.apache.hadoop.ipc
DEBUG StatusLogger Registering MBean org.apache.logging.log4j2:type=330bedb4,component=Appenders,name=console
DEBUG StatusLogger Registering MBean org.apache.logging.log4j2:type=330bedb4,component=Appenders,name=DRFA
TRACE StatusLogger Using default SystemClock for timestamps.
DEBUG StatusLogger org.apache.logging.log4j.core.util.SystemClock does not support precise timestamps.
TRACE StatusLogger Using DummyNanoClock for nanosecond timestamps.
DEBUG StatusLogger Reconfiguration complete for context[name=330bedb4] at URI /home/alex/Repositories/hive/ql/target/testconf/hive-log4j2.properties (org.apache.logging.log4j.core.LoggerContext@2a693f59) with optional ClassLoader: null
DEBUG StatusLogger Shutdown hook enabled. Registering a new one.
DEBUG StatusLogger LoggerContext[name=330bedb4, org.apache.logging.log4j.core.LoggerContext@2a693f59] started OK.
2024-04-24T05:12:30,560  INFO [main] conf.HiveConf: Found configuration file file:/home/alex/Repositories/hive/ql/target/testconf/hive-site.xml
DEBUG StatusLogger AsyncLogger.ThreadNameStrategy=UNCACHED (user specified null, default is UNCACHED)
TRACE StatusLogger Using default SystemClock for timestamps.
DEBUG StatusLogger org.apache.logging.log4j.core.util.SystemClock does not support precise timestamps.
2024-04-24T05:12:30,959  WARN [main] util.NativeCodeLoader: Unable to load native-hadoop library for your platform... using builtin-java classes where applicable
2024-04-24T05:12:31,025  WARN [main] conf.HiveConf: HiveConf of name hive.llap.io.cache.orc.alloc.max does not exist
2024-04-24T05:12:31,026  WARN [main] conf.HiveConf: HiveConf of name hive.stats.key.prefix.reserve.length does not exist
2024-04-24T05:12:31,026  WARN [main] conf.HiveConf: HiveConf of name hive.dummyparam.test.server.specific.config.override does not exist
2024-04-24T05:12:31,026  WARN [main] conf.HiveConf: HiveConf of name hive.metastore.client.cache.maxSize does not exist
2024-04-24T05:12:31,026  WARN [main] conf.HiveConf: HiveConf of name hive.dummyparam.test.server.specific.config.hivesite does not exist
2024-04-24T05:12:31,027  WARN [main] conf.HiveConf: HiveConf of name hive.dummyparam.test.server.specific.config.metastoresite does not exist
2024-04-24T05:12:31,027  WARN [main] conf.HiveConf: HiveConf of name hive.llap.io.cache.orc.alloc.min does not exist
2024-04-24T05:12:31,028  WARN [main] conf.HiveConf: HiveConf of name hive.llap.io.cache.orc.arena.size does not exist
2024-04-24T05:12:31,028  WARN [main] conf.HiveConf: HiveConf of name hive.metastore.metadb.dir does not exist
2024-04-24T05:12:31,028  WARN [main] conf.HiveConf: HiveConf of name hive.llap.io.cache.orc.size does not exist
2024-04-24T05:12:31,028  WARN [main] conf.HiveConf: HiveConf of name hive.metastore.client.cache.recordStats does not exist
2024-04-24T05:12:31,109  WARN [main] hikari.HikariConfig: HikariPool-1 - leakDetectionThreshold is less than 2000ms or more than maxLifetime, disabling it.
2024-04-24T05:12:31,115  INFO [main] hikari.HikariDataSource: HikariPool-1 - Starting...
2024-04-24T05:12:31,645  INFO [main] pool.PoolBase: HikariPool-1 - Driver does not support get/set network timeout for connections. (Feature not implemented: No details.)
2024-04-24T05:12:31,648  INFO [main] hikari.HikariDataSource: HikariPool-1 - Start completed.
2024-04-24T05:12:31,650  WARN [main] hikari.HikariConfig: HikariPool-2 - leakDetectionThreshold is less than 2000ms or more than maxLifetime, disabling it.
2024-04-24T05:12:31,653  INFO [main] hikari.HikariDataSource: HikariPool-2 - Starting...
2024-04-24T05:12:31,657  INFO [main] pool.PoolBase: HikariPool-2 - Driver does not support get/set network timeout for connections. (Feature not implemented: No details.)
2024-04-24T05:12:31,657  INFO [main] hikari.HikariDataSource: HikariPool-2 - Start completed.
2024-04-24T05:12:31,827  INFO [main] utils.TestTxnDbUtil: Creating transactional tables
2024-04-24T05:12:31,836  INFO [main] utils.TestTxnDbUtil: Reinitializing the metastore db with hive-schema-4.0.0.derby.sql on the database jdbc:derby:memory:/home/alex/Repositories/hive/ql/target/tmp/junit_metastore_db;create=true
Hive Session ID = 3bfb341f-377d-4e56-81ca-d304a7f4b95f
2024-04-24T05:12:32,775  INFO [main] SessionState: Hive Session ID = 3bfb341f-377d-4e56-81ca-d304a7f4b95f
ivysettings.xml file not found in HIVE_HOME or HIVE_CONF_DIR,/home/alex/Repositories/hive/conf/ivysettings.xml will be used
2024-04-24T05:12:32,786  INFO [main] DependencyResolver: ivysettings.xml file not found in HIVE_HOME or HIVE_CONF_DIR,/home/alex/Repositories/hive/conf/ivysettings.xml will be used
log4j:WARN No appenders could be found for logger (org.apache.htrace.core.Tracer).
log4j:WARN Please initialize the log4j system properly.
log4j:WARN See http://logging.apache.org/log4j/1.2/faq.html#noconfig for more info.
2024-04-24T05:12:33,146  INFO [main] session.SessionState: Created HDFS directory: /home/alex/Repositories/hive/ql/target/tmp/scratchdir/alex/3bfb341f-377d-4e56-81ca-d304a7f4b95f
2024-04-24T05:12:33,150  INFO [main] session.SessionState: Created local directory: /home/alex/Repositories/hive/ql/target/tmp/localscratchdir/3bfb341f-377d-4e56-81ca-d304a7f4b95f
2024-04-24T05:12:33,154  INFO [main] session.SessionState: Created HDFS directory: /home/alex/Repositories/hive/ql/target/tmp/scratchdir/alex/3bfb341f-377d-4e56-81ca-d304a7f4b95f/_tmp_space.db
2024-04-24T05:12:33,177  INFO [main] sqlstd.SQLStdHiveAccessController: Created SQLStdHiveAccessController for session context : HiveAuthzSessionContext [sessionString=3bfb341f-377d-4e56-81ca-d304a7f4b95f, clientType=HIVECLI]
2024-04-24T05:12:33,213  INFO [main] metastore.HiveMetaStoreClient: HMS client filtering is enabled.
2024-04-24T05:12:33,351  INFO [main] metastore.HMSHandler: 0: Opening raw store with implementation class:org.apache.hadoop.hive.metastore.ObjectStore
2024-04-24T05:12:33,383  INFO [main] metastore.PersistenceManagerProvider: Configuration datanucleus.autoStartMechanismMode is not set. Defaulting to 'ignored'
2024-04-24T05:12:33,385  INFO [main] metastore.PersistenceManagerProvider: Updating the pmf due to property change
2024-04-24T05:12:33,386  INFO [main] metastore.PersistenceManagerProvider: Current pmf properties are uninitialized
2024-04-24T05:12:33,388  WARN [main] hikari.HikariConfig: HikariPool-3 - leakDetectionThreshold is less than 2000ms or more than maxLifetime, disabling it.
2024-04-24T05:12:33,390  INFO [main] hikari.HikariDataSource: HikariPool-3 - Starting...
2024-04-24T05:12:33,392  INFO [main] pool.PoolBase: HikariPool-3 - Driver does not support get/set network timeout for connections. (Feature not implemented: No details.)
2024-04-24T05:12:33,393  INFO [main] hikari.HikariDataSource: HikariPool-3 - Start completed.
2024-04-24T05:12:33,792  INFO [main] metastore.PersistenceManagerProvider: Setting MetaStore object pin classes with hive.metastore.cache.pinobjtypes="Table,StorageDescriptor,SerDeInfo,Partition,Database,Type,FieldSchema,Order"
2024-04-24T05:12:33,793  INFO [main] metastore.ObjectStore: RawStore: org.apache.hadoop.hive.metastore.ObjectStore@4ace284d, with PersistenceManager: null will be shutdown
2024-04-24T05:12:33,819  INFO [main] metastore.ObjectStore: RawStore: org.apache.hadoop.hive.metastore.ObjectStore@4ace284d, with PersistenceManager: org.datanucleus.api.jdo.JDOPersistenceManager@22c53d82 created in the thread with id: 1
2024-04-24T05:12:35,913  INFO [main] metastore.HMSHandler: Created RawStore: org.apache.hadoop.hive.metastore.ObjectStore@4ace284d from thread id: 1
2024-04-24T05:12:35,927  INFO [main] metastore.HMSHandler: Setting location of default catalog, as it hasn't been done after upgrade
2024-04-24T05:12:35,953  INFO [main] metastore.HMSHandler: Started creating a default database with name: default
2024-04-24T05:12:35,999  INFO [main] metastore.HMSHandler: Successfully created a default database with name: default
2024-04-24T05:12:36,019  INFO [main] metastore.HMSHandler: Added admin role in metastore
2024-04-24T05:12:36,022  INFO [main] metastore.HMSHandler: Added public role in metastore
2024-04-24T05:12:36,097  INFO [main] metastore.HMSHandler: Added hive_admin_user to admin role
2024-04-24T05:12:36,106  INFO [main] metastore.HMSHandler: Scheduling for org.apache.hadoop.hive.metastore.metrics.AcidMetricService service with frequency 300000ms.
2024-04-24T05:12:36,108  INFO [main] metastore.HMSHandler: Scheduling for org.apache.hadoop.hive.metastore.HiveProtoEventsCleanerTask service with frequency 86400000ms.
2024-04-24T05:12:36,109  INFO [main] metastore.HMSHandler: Scheduling for org.apache.hadoop.hive.metastore.RuntimeStatsCleanerTask service with frequency 3600000ms.
2024-04-24T05:12:36,110  INFO [main] metastore.HMSHandler: Scheduling for org.apache.hadoop.hive.metastore.ScheduledQueryExecutionsMaintTask service with frequency 60000ms.
2024-04-24T05:12:36,111  INFO [main] metastore.HMSHandler: Scheduling for org.apache.hadoop.hive.metastore.ReplicationMetricsMaintTask service with frequency 86400000ms.
2024-04-24T05:12:36,112  INFO [main] metastore.HMSHandler: Scheduling for org.apache.hadoop.hive.metastore.events.EventCleanerTask service with frequency 0ms.
2024-04-24T05:12:36,115  INFO [main] metastore.HMSHandler: HMS server filtering is disabled by configuration
2024-04-24T05:12:36,251  INFO [main] metastore.RetryingMetaStoreClient: RetryingMetaStoreClient proxy=class org.apache.hadoop.hive.ql.metadata.SessionHiveMetaStoreClient ugi=alex (auth:SIMPLE) retries=1 delay=1 lifetime=0
2024-04-24T05:12:36,297  INFO [main] ql.TxnCommandsBaseForTests: Running the query: drop table if exists acidTbl
2024-04-24T05:12:36,327  INFO [main] ql.Driver: Compiling command(queryId=alex_20240424051236_099eddf3-49ae-415f-b2d6-7637a2d7a171): drop table if exists acidTbl
2024-04-24T05:12:37,200  INFO [main] reflections.Reflections: Reflections took 211 ms to scan 2 urls, producing 53 keys and 784 values 
2024-04-24T05:12:37,365  INFO [main] reflections.Reflections: Reflections took 133 ms to scan 2 urls, producing 53 keys and 784 values 
2024-04-24T05:12:37,503  INFO [main] reflections.Reflections: Reflections took 130 ms to scan 2 urls, producing 53 keys and 784 values 
2024-04-24T05:12:37,535  INFO [main] txn.TxnHandler: Added entries to MIN_HISTORY_LEVEL for current txns: ([1]) with min_open_txn: 1
2024-04-24T05:12:37,548  INFO [main] lockmgr.DbTxnManager: Opened txnid:1
2024-04-24T05:12:37,559  INFO [main] HiveMetaStore.audit: ugi=alex	ip=unknown-ip-addr	cmd=get_table : tbl=hive.default.acidTbl	
2024-04-24T05:12:37,713  INFO [main] reflections.Reflections: Reflections took 131 ms to scan 2 urls, producing 53 keys and 784 values 
2024-04-24T05:12:37,760  INFO [main] ql.Driver: Semantic Analysis Completed (retrial = false)
2024-04-24T05:12:37,762  INFO [main] ql.Driver: Created Hive schema: Schema(fieldSchemas:null, properties:null)
2024-04-24T05:12:37,765  INFO [main] metadata.Hive: Dumping metastore api call timing information for : compilation phase
2024-04-24T05:12:37,765  INFO [main] metadata.Hive: Total time spent in each metastore function (ms): {getValidTxns_(long)=8, isCompatibleWith_(Configuration)=2, flushCache_()=0, openTxn_(String, TxnType)=35}
2024-04-24T05:12:37,766  INFO [main] ql.Driver: Completed compiling command(queryId=alex_20240424051236_099eddf3-49ae-415f-b2d6-7637a2d7a171); Time taken: 1.439 seconds
2024-04-24T05:12:37,768  INFO [main] lockmgr.DbTxnManager: Setting lock request transaction to txnid:1 for queryId=alex_20240424051236_099eddf3-49ae-415f-b2d6-7637a2d7a171
2024-04-24T05:12:37,769  INFO [main] ql.Driver: Operation DROPTABLE obtained 0 locks
2024-04-24T05:12:37,771  INFO [main] ql.Driver: Executing command(queryId=alex_20240424051236_099eddf3-49ae-415f-b2d6-7637a2d7a171): drop table if exists acidTbl
2024-04-24T05:12:37,774  INFO [main] ql.Driver: Starting task [Stage-0:DDL] in serial mode
2024-04-24T05:12:37,776  INFO [main] HiveMetaStore.audit: ugi=alex	ip=unknown-ip-addr	cmd=get_table : tbl=hive.default.acidTbl	
2024-04-24T05:12:37,798  INFO [main] metadata.Hive: Dumping metastore api call timing information for : execution phase
2024-04-24T05:12:37,798  INFO [main] metadata.Hive: Total time spent in each metastore function (ms): {isCompatibleWith_(Configuration)=0}
2024-04-24T05:12:37,798  INFO [main] ql.Driver: Completed executing command(queryId=alex_20240424051236_099eddf3-49ae-415f-b2d6-7637a2d7a171); Time taken: 0.027 seconds
2024-04-24T05:12:37,799  INFO [main] lockmgr.DbTxnManager: Stopped heartbeat for query: alex_20240424051236_099eddf3-49ae-415f-b2d6-7637a2d7a171
2024-04-24T05:12:37,813  INFO [main] txn.TxnHandler: Expected to move at least one record from txn_components to completed_txn_components when committing txn! txnid:1
2024-04-24T05:12:37,832  INFO [main] txn.TxnHandler: Removed transactions: ([1]) from MIN_HISTORY_LEVEL
2024-04-24T05:12:37,835  WARN [main] txn.CompactionTxnHandler: No compaction queue record found for Compaction type transaction commit. txnId:1
2024-04-24T05:12:37,836  INFO [main] ql.TxnCommandsBaseForTests: Running the query: drop table if exists acidTblPart
2024-04-24T05:12:37,837  INFO [main] ql.Driver: Compiling command(queryId=alex_20240424051237_764cd30f-4485-491e-a1c8-da6965fdb335): drop table if exists acidTblPart
2024-04-24T05:12:37,842  INFO [main] txn.TxnHandler: Added entries to MIN_HISTORY_LEVEL for current txns: ([2]) with min_open_txn: 1
2024-04-24T05:12:37,842  INFO [main] lockmgr.DbTxnManager: Opened txnid:2
2024-04-24T05:12:37,844  INFO [main] HiveMetaStore.audit: ugi=alex	ip=unknown-ip-addr	cmd=get_table : tbl=hive.default.acidTblPart	
2024-04-24T05:12:37,848  INFO [main] ql.Driver: Semantic Analysis Completed (retrial = false)
2024-04-24T05:12:37,848  INFO [main] ql.Driver: Created Hive schema: Schema(fieldSchemas:null, properties:null)
2024-04-24T05:12:37,849  INFO [main] metadata.Hive: Dumping metastore api call timing information for : compilation phase
2024-04-24T05:12:37,849  INFO [main] metadata.Hive: Total time spent in each metastore function (ms): {getValidTxns_(long)=1, openTxn_(String, TxnType)=4, flushCache_()=0, isCompatibleWith_(Configuration)=2, commitTxn_(CommitTxnRequest)=36}
2024-04-24T05:12:37,849  INFO [main] ql.Driver: Completed compiling command(queryId=alex_20240424051237_764cd30f-4485-491e-a1c8-da6965fdb335); Time taken: 0.012 seconds
2024-04-24T05:12:37,849  INFO [main] lockmgr.DbTxnManager: Setting lock request transaction to txnid:2 for queryId=alex_20240424051237_764cd30f-4485-491e-a1c8-da6965fdb335
2024-04-24T05:12:37,850  INFO [main] ql.Driver: Operation DROPTABLE obtained 0 locks
2024-04-24T05:12:37,850  INFO [main] ql.Driver: Executing command(queryId=alex_20240424051237_764cd30f-4485-491e-a1c8-da6965fdb335): drop table if exists acidTblPart
2024-04-24T05:12:37,850  INFO [main] ql.Driver: Starting task [Stage-0:DDL] in serial mode
2024-04-24T05:12:37,851  INFO [main] HiveMetaStore.audit: ugi=alex	ip=unknown-ip-addr	cmd=get_table : tbl=hive.default.acidTblPart	
2024-04-24T05:12:37,855  INFO [main] metadata.Hive: Dumping metastore api call timing information for : execution phase
2024-04-24T05:12:37,855  INFO [main] metadata.Hive: Total time spent in each metastore function (ms): {isCompatibleWith_(Configuration)=0}
2024-04-24T05:12:37,856  INFO [main] ql.Driver: Completed executing command(queryId=alex_20240424051237_764cd30f-4485-491e-a1c8-da6965fdb335); Time taken: 0.005 seconds
2024-04-24T05:12:37,856  INFO [main] lockmgr.DbTxnManager: Stopped heartbeat for query: alex_20240424051237_764cd30f-4485-491e-a1c8-da6965fdb335
2024-04-24T05:12:37,864  INFO [main] txn.TxnHandler: Expected to move at least one record from txn_components to completed_txn_components when committing txn! txnid:2
2024-04-24T05:12:37,873  INFO [main] txn.TxnHandler: Removed transactions: ([2]) from MIN_HISTORY_LEVEL
2024-04-24T05:12:37,873  WARN [main] txn.CompactionTxnHandler: No compaction queue record found for Compaction type transaction commit. txnId:2
2024-04-24T05:12:37,874  INFO [main] ql.TxnCommandsBaseForTests: Running the query: drop table if exists acidTbl2
2024-04-24T05:12:37,875  INFO [main] ql.Driver: Compiling command(queryId=alex_20240424051237_f7205626-03d2-4f0b-9b3b-6e6e519be645): drop table if exists acidTbl2
2024-04-24T05:12:37,879  INFO [main] txn.TxnHandler: Added entries to MIN_HISTORY_LEVEL for current txns: ([3]) with min_open_txn: 1
2024-04-24T05:12:37,880  INFO [main] lockmgr.DbTxnManager: Opened txnid:3
2024-04-24T05:12:37,882  INFO [main] HiveMetaStore.audit: ugi=alex	ip=unknown-ip-addr	cmd=get_table : tbl=hive.default.acidTbl2	
2024-04-24T05:12:37,886  INFO [main] ql.Driver: Semantic Analysis Completed (retrial = false)
2024-04-24T05:12:37,886  INFO [main] ql.Driver: Created Hive schema: Schema(fieldSchemas:null, properties:null)
2024-04-24T05:12:37,886  INFO [main] metadata.Hive: Dumping metastore api call timing information for : compilation phase
2024-04-24T05:12:37,886  INFO [main] metadata.Hive: Total time spent in each metastore function (ms): {openTxn_(String, TxnType)=4, commitTxn_(CommitTxnRequest)=18, flushCache_()=0, isCompatibleWith_(Configuration)=0, getValidTxns_(long)=2}
2024-04-24T05:12:37,887  INFO [main] ql.Driver: Completed compiling command(queryId=alex_20240424051237_f7205626-03d2-4f0b-9b3b-6e6e519be645); Time taken: 0.011 seconds
2024-04-24T05:12:37,887  INFO [main] lockmgr.DbTxnManager: Setting lock request transaction to txnid:3 for queryId=alex_20240424051237_f7205626-03d2-4f0b-9b3b-6e6e519be645
2024-04-24T05:12:37,887  INFO [main] ql.Driver: Operation DROPTABLE obtained 0 locks
2024-04-24T05:12:37,887  INFO [main] ql.Driver: Executing command(queryId=alex_20240424051237_f7205626-03d2-4f0b-9b3b-6e6e519be645): drop table if exists acidTbl2
2024-04-24T05:12:37,887  INFO [main] ql.Driver: Starting task [Stage-0:DDL] in serial mode
2024-04-24T05:12:37,888  INFO [main] HiveMetaStore.audit: ugi=alex	ip=unknown-ip-addr	cmd=get_table : tbl=hive.default.acidTbl2	
2024-04-24T05:12:37,892  INFO [main] metadata.Hive: Dumping metastore api call timing information for : execution phase
2024-04-24T05:12:37,893  INFO [main] metadata.Hive: Total time spent in each metastore function (ms): {isCompatibleWith_(Configuration)=0}
2024-04-24T05:12:37,893  INFO [main] ql.Driver: Completed executing command(queryId=alex_20240424051237_f7205626-03d2-4f0b-9b3b-6e6e519be645); Time taken: 0.005 seconds
2024-04-24T05:12:37,893  INFO [main] lockmgr.DbTxnManager: Stopped heartbeat for query: alex_20240424051237_f7205626-03d2-4f0b-9b3b-6e6e519be645
2024-04-24T05:12:37,902  INFO [main] txn.TxnHandler: Expected to move at least one record from txn_components to completed_txn_components when committing txn! txnid:3
2024-04-24T05:12:37,911  INFO [main] txn.TxnHandler: Removed transactions: ([3]) from MIN_HISTORY_LEVEL
2024-04-24T05:12:37,911  WARN [main] txn.CompactionTxnHandler: No compaction queue record found for Compaction type transaction commit. txnId:3
2024-04-24T05:12:37,912  INFO [main] ql.TxnCommandsBaseForTests: Running the query: drop table if exists nonAcidOrcTbl
2024-04-24T05:12:37,913  INFO [main] ql.Driver: Compiling command(queryId=alex_20240424051237_f2848c93-0c9a-4e47-b047-6ee47b1a76a4): drop table if exists nonAcidOrcTbl
2024-04-24T05:12:37,917  INFO [main] txn.TxnHandler: Added entries to MIN_HISTORY_LEVEL for current txns: ([4]) with min_open_txn: 1
2024-04-24T05:12:37,918  INFO [main] lockmgr.DbTxnManager: Opened txnid:4
2024-04-24T05:12:37,919  INFO [main] HiveMetaStore.audit: ugi=alex	ip=unknown-ip-addr	cmd=get_table : tbl=hive.default.nonAcidOrcTbl	
2024-04-24T05:12:37,924  INFO [main] ql.Driver: Semantic Analysis Completed (retrial = false)
2024-04-24T05:12:37,924  INFO [main] ql.Driver: Created Hive schema: Schema(fieldSchemas:null, properties:null)
2024-04-24T05:12:37,924  INFO [main] metadata.Hive: Dumping metastore api call timing information for : compilation phase
2024-04-24T05:12:37,924  INFO [main] metadata.Hive: Total time spent in each metastore function (ms): {getValidTxns_(long)=1, commitTxn_(CommitTxnRequest)=19, openTxn_(String, TxnType)=4, flushCache_()=0, isCompatibleWith_(Configuration)=0}
2024-04-24T05:12:37,924  INFO [main] ql.Driver: Completed compiling command(queryId=alex_20240424051237_f2848c93-0c9a-4e47-b047-6ee47b1a76a4); Time taken: 0.011 seconds
2024-04-24T05:12:37,925  INFO [main] lockmgr.DbTxnManager: Setting lock request transaction to txnid:4 for queryId=alex_20240424051237_f2848c93-0c9a-4e47-b047-6ee47b1a76a4
2024-04-24T05:12:37,925  INFO [main] ql.Driver: Operation DROPTABLE obtained 0 locks
2024-04-24T05:12:37,925  INFO [main] ql.Driver: Executing command(queryId=alex_20240424051237_f2848c93-0c9a-4e47-b047-6ee47b1a76a4): drop table if exists nonAcidOrcTbl
2024-04-24T05:12:37,925  INFO [main] ql.Driver: Starting task [Stage-0:DDL] in serial mode
2024-04-24T05:12:37,925  INFO [main] HiveMetaStore.audit: ugi=alex	ip=unknown-ip-addr	cmd=get_table : tbl=hive.default.nonAcidOrcTbl	
2024-04-24T05:12:37,930  INFO [main] metadata.Hive: Dumping metastore api call timing information for : execution phase
2024-04-24T05:12:37,930  INFO [main] metadata.Hive: Total time spent in each metastore function (ms): {isCompatibleWith_(Configuration)=0}
2024-04-24T05:12:37,931  INFO [main] ql.Driver: Completed executing command(queryId=alex_20240424051237_f2848c93-0c9a-4e47-b047-6ee47b1a76a4); Time taken: 0.005 seconds
2024-04-24T05:12:37,931  INFO [main] lockmgr.DbTxnManager: Stopped heartbeat for query: alex_20240424051237_f2848c93-0c9a-4e47-b047-6ee47b1a76a4
2024-04-24T05:12:37,939  INFO [main] txn.TxnHandler: Expected to move at least one record from txn_components to completed_txn_components when committing txn! txnid:4
2024-04-24T05:12:37,948  INFO [main] txn.TxnHandler: Removed transactions: ([4]) from MIN_HISTORY_LEVEL
2024-04-24T05:12:37,948  WARN [main] txn.CompactionTxnHandler: No compaction queue record found for Compaction type transaction commit. txnId:4
2024-04-24T05:12:37,949  INFO [main] ql.TxnCommandsBaseForTests: Running the query: drop table if exists nonAcidOrcTbl2
2024-04-24T05:12:37,950  INFO [main] ql.Driver: Compiling command(queryId=alex_20240424051237_2deb8f7c-fd27-43ad-bba6-69844ee59e38): drop table if exists nonAcidOrcTbl2
2024-04-24T05:12:37,954  INFO [main] txn.TxnHandler: Added entries to MIN_HISTORY_LEVEL for current txns: ([5]) with min_open_txn: 1
2024-04-24T05:12:37,954  INFO [main] lockmgr.DbTxnManager: Opened txnid:5
2024-04-24T05:12:37,956  INFO [main] HiveMetaStore.audit: ugi=alex	ip=unknown-ip-addr	cmd=get_table : tbl=hive.default.nonAcidOrcTbl2	
2024-04-24T05:12:37,960  INFO [main] ql.Driver: Semantic Analysis Completed (retrial = false)
2024-04-24T05:12:37,960  INFO [main] ql.Driver: Created Hive schema: Schema(fieldSchemas:null, properties:null)
2024-04-24T05:12:37,960  INFO [main] metadata.Hive: Dumping metastore api call timing information for : compilation phase
2024-04-24T05:12:37,961  INFO [main] metadata.Hive: Total time spent in each metastore function (ms): {flushCache_()=0, isCompatibleWith_(Configuration)=0, getValidTxns_(long)=1, openTxn_(String, TxnType)=3, commitTxn_(CommitTxnRequest)=18}
2024-04-24T05:12:37,961  INFO [main] ql.Driver: Completed compiling command(queryId=alex_20240424051237_2deb8f7c-fd27-43ad-bba6-69844ee59e38); Time taken: 0.01 seconds
2024-04-24T05:12:37,961  INFO [main] lockmgr.DbTxnManager: Setting lock request transaction to txnid:5 for queryId=alex_20240424051237_2deb8f7c-fd27-43ad-bba6-69844ee59e38
2024-04-24T05:12:37,961  INFO [main] ql.Driver: Operation DROPTABLE obtained 0 locks
2024-04-24T05:12:37,961  INFO [main] ql.Driver: Executing command(queryId=alex_20240424051237_2deb8f7c-fd27-43ad-bba6-69844ee59e38): drop table if exists nonAcidOrcTbl2
2024-04-24T05:12:37,962  INFO [main] ql.Driver: Starting task [Stage-0:DDL] in serial mode
2024-04-24T05:12:37,962  INFO [main] HiveMetaStore.audit: ugi=alex	ip=unknown-ip-addr	cmd=get_table : tbl=hive.default.nonAcidOrcTbl2	
2024-04-24T05:12:37,966  INFO [main] metadata.Hive: Dumping metastore api call timing information for : execution phase
2024-04-24T05:12:37,966  INFO [main] metadata.Hive: Total time spent in each metastore function (ms): {isCompatibleWith_(Configuration)=0}
2024-04-24T05:12:37,967  INFO [main] ql.Driver: Completed executing command(queryId=alex_20240424051237_2deb8f7c-fd27-43ad-bba6-69844ee59e38); Time taken: 0.005 seconds
2024-04-24T05:12:37,967  INFO [main] lockmgr.DbTxnManager: Stopped heartbeat for query: alex_20240424051237_2deb8f7c-fd27-43ad-bba6-69844ee59e38
2024-04-24T05:12:37,974  INFO [main] txn.TxnHandler: Expected to move at least one record from txn_components to completed_txn_components when committing txn! txnid:5
2024-04-24T05:12:37,983  INFO [main] txn.TxnHandler: Removed transactions: ([5]) from MIN_HISTORY_LEVEL
2024-04-24T05:12:37,984  WARN [main] txn.CompactionTxnHandler: No compaction queue record found for Compaction type transaction commit. txnId:5
2024-04-24T05:12:37,985  INFO [main] ql.TxnCommandsBaseForTests: Running the query: drop table if exists nonAcidNonBucket
2024-04-24T05:12:37,985  INFO [main] ql.Driver: Compiling command(queryId=alex_20240424051237_76d46aff-20a4-4df6-962d-e3f75d6c9b44): drop table if exists nonAcidNonBucket
2024-04-24T05:12:37,989  INFO [main] txn.TxnHandler: Added entries to MIN_HISTORY_LEVEL for current txns: ([6]) with min_open_txn: 1
2024-04-24T05:12:37,990  INFO [main] lockmgr.DbTxnManager: Opened txnid:6
2024-04-24T05:12:37,992  INFO [main] HiveMetaStore.audit: ugi=alex	ip=unknown-ip-addr	cmd=get_table : tbl=hive.default.nonAcidNonBucket	
2024-04-24T05:12:37,996  INFO [main] ql.Driver: Semantic Analysis Completed (retrial = false)
2024-04-24T05:12:37,996  INFO [main] ql.Driver: Created Hive schema: Schema(fieldSchemas:null, properties:null)
2024-04-24T05:12:37,996  INFO [main] metadata.Hive: Dumping metastore api call timing information for : compilation phase
2024-04-24T05:12:37,996  INFO [main] metadata.Hive: Total time spent in each metastore function (ms): {openTxn_(String, TxnType)=4, getValidTxns_(long)=1, isCompatibleWith_(Configuration)=0, flushCache_()=0, commitTxn_(CommitTxnRequest)=17}
2024-04-24T05:12:37,997  INFO [main] ql.Driver: Completed compiling command(queryId=alex_20240424051237_76d46aff-20a4-4df6-962d-e3f75d6c9b44); Time taken: 0.011 seconds
2024-04-24T05:12:37,997  INFO [main] lockmgr.DbTxnManager: Setting lock request transaction to txnid:6 for queryId=alex_20240424051237_76d46aff-20a4-4df6-962d-e3f75d6c9b44
2024-04-24T05:12:37,997  INFO [main] ql.Driver: Operation DROPTABLE obtained 0 locks
2024-04-24T05:12:37,997  INFO [main] ql.Driver: Executing command(queryId=alex_20240424051237_76d46aff-20a4-4df6-962d-e3f75d6c9b44): drop table if exists nonAcidNonBucket
2024-04-24T05:12:37,997  INFO [main] ql.Driver: Starting task [Stage-0:DDL] in serial mode
2024-04-24T05:12:37,998  INFO [main] HiveMetaStore.audit: ugi=alex	ip=unknown-ip-addr	cmd=get_table : tbl=hive.default.nonAcidNonBucket	
2024-04-24T05:12:38,003  INFO [main] metadata.Hive: Dumping metastore api call timing information for : execution phase
2024-04-24T05:12:38,003  INFO [main] metadata.Hive: Total time spent in each metastore function (ms): {isCompatibleWith_(Configuration)=1}
2024-04-24T05:12:38,003  INFO [main] ql.Driver: Completed executing command(queryId=alex_20240424051237_76d46aff-20a4-4df6-962d-e3f75d6c9b44); Time taken: 0.006 seconds
2024-04-24T05:12:38,003  INFO [main] lockmgr.DbTxnManager: Stopped heartbeat for query: alex_20240424051237_76d46aff-20a4-4df6-962d-e3f75d6c9b44
2024-04-24T05:12:38,011  INFO [main] txn.TxnHandler: Expected to move at least one record from txn_components to completed_txn_components when committing txn! txnid:6
2024-04-24T05:12:38,020  INFO [main] txn.TxnHandler: Removed transactions: ([6]) from MIN_HISTORY_LEVEL
2024-04-24T05:12:38,021  WARN [main] txn.CompactionTxnHandler: No compaction queue record found for Compaction type transaction commit. txnId:6
2024-04-24T05:12:38,022  INFO [main] ql.TxnCommandsBaseForTests: Running the query: create table acidTbl(a int, b int) clustered by (a) into 2 buckets stored as orc TBLPROPERTIES ('transactional'='true')
2024-04-24T05:12:38,022  INFO [main] ql.Driver: Compiling command(queryId=alex_20240424051238_783ed1d7-0f52-46bd-a2e4-6020696dcc8f): create table acidTbl(a int, b int) clustered by (a) into 2 buckets stored as orc TBLPROPERTIES ('transactional'='true')
2024-04-24T05:12:38,097  INFO [main] txn.TxnHandler: Added entries to MIN_HISTORY_LEVEL for current txns: ([7]) with min_open_txn: 1
2024-04-24T05:12:38,098  INFO [main] lockmgr.DbTxnManager: Opened txnid:7
2024-04-24T05:12:38,099  INFO [main] parse.CalcitePlanner: Starting caching scope for: 
2024-04-24T05:12:38,102  INFO [main] parse.CalcitePlanner: Starting Semantic Analysis
2024-04-24T05:12:38,119  INFO [main] parse.CalcitePlanner: Creating table default.acidTbl position=13
2024-04-24T05:12:38,164  INFO [main] HiveMetaStore.audit: ugi=alex	ip=unknown-ip-addr	cmd=get_database: default	
2024-04-24T05:12:38,175  INFO [main] parse.CalcitePlanner: Ending caching scope for: 
2024-04-24T05:12:38,175  INFO [main] ql.Driver: Semantic Analysis Completed (retrial = false)
2024-04-24T05:12:38,176  INFO [main] ql.Driver: Created Hive schema: Schema(fieldSchemas:null, properties:null)
2024-04-24T05:12:38,176  INFO [main] metadata.Hive: Dumping metastore api call timing information for : compilation phase
2024-04-24T05:12:38,176  INFO [main] metadata.Hive: Total time spent in each metastore function (ms): {getDatabase_(String)=5, commitTxn_(CommitTxnRequest)=18, getValidTxns_(long)=1, openTxn_(String, TxnType)=4, flushCache_()=0, isCompatibleWith_(Configuration)=2, getValidWriteIds_(List, String)=11}
2024-04-24T05:12:38,176  INFO [main] ql.Driver: Completed compiling command(queryId=alex_20240424051238_783ed1d7-0f52-46bd-a2e4-6020696dcc8f); Time taken: 0.154 seconds
2024-04-24T05:12:38,177  INFO [main] lockmgr.DbTxnManager: Setting lock request transaction to txnid:7 for queryId=alex_20240424051238_783ed1d7-0f52-46bd-a2e4-6020696dcc8f
2024-04-24T05:12:38,184  INFO [main] lockmgr.DbLockManager: Requesting lock for queryId=alex_20240424051238_783ed1d7-0f52-46bd-a2e4-6020696dcc8f
2024-04-24T05:12:38,234  INFO [main] lockmgr.DbLockManager: Response to queryId=alex_20240424051238_783ed1d7-0f52-46bd-a2e4-6020696dcc8f LockResponse(lockid:1, state:ACQUIRED)
2024-04-24T05:12:38,234  INFO [main] ql.Driver: Operation CREATETABLE obtained 1 locks
2024-04-24T05:12:38,237  INFO [main] ql.Driver: Executing command(queryId=alex_20240424051238_783ed1d7-0f52-46bd-a2e4-6020696dcc8f): create table acidTbl(a int, b int) clustered by (a) into 2 buckets stored as orc TBLPROPERTIES ('transactional'='true')
2024-04-24T05:12:38,237  INFO [main] ql.Driver: Starting task [Stage-0:DDL] in serial mode
2024-04-24T05:12:38,348  INFO [main] HiveMetaStore.audit: ugi=alex	ip=unknown-ip-addr	cmd=create_table_req: Table(tableName:acidTbl, dbName:default, owner:alex, createTime:1713960758, lastAccessTime:0, retention:0, sd:StorageDescriptor(cols:[FieldSchema(name:a, type:int, comment:null), FieldSchema(name:b, type:int, comment:null)], location:null, inputFormat:org.apache.hadoop.hive.ql.io.orc.OrcInputFormat, outputFormat:org.apache.hadoop.hive.ql.io.orc.OrcOutputFormat, compressed:false, numBuckets:2, serdeInfo:SerDeInfo(name:null, serializationLib:org.apache.hadoop.hive.ql.io.orc.OrcSerde, parameters:{serialization.format=1}), bucketCols:[a], sortCols:[], parameters:{}, skewedInfo:SkewedInfo(skewedColNames:[], skewedColValues:[], skewedColValueLocationMaps:{}), storedAsSubDirectories:false), partitionKeys:[], parameters:{numFiles=0, totalSize=0, COLUMN_STATS_ACCURATE={"BASIC_STATS":"true","COLUMN_STATS":{"a":"true","b":"true"}}, bucketing_version=2, numRows=0, numFilesErasureCoded=0, rawDataSize=0, transactional=true}, viewOriginalText:null, viewExpandedText:null, tableType:MANAGED_TABLE, privileges:PrincipalPrivilegeSet(userPrivileges:{alex=[PrivilegeGrantInfo(privilege:INSERT, createTime:-1, grantor:alex, grantorType:USER, grantOption:true), PrivilegeGrantInfo(privilege:SELECT, createTime:-1, grantor:alex, grantorType:USER, grantOption:true), PrivilegeGrantInfo(privilege:UPDATE, createTime:-1, grantor:alex, grantorType:USER, grantOption:true), PrivilegeGrantInfo(privilege:DELETE, createTime:-1, grantor:alex, grantorType:USER, grantOption:true)]}, groupPrivileges:null, rolePrivileges:null), temporary:false, catName:hive, ownerType:USER, writeId:0)	
2024-04-24T05:12:38,361  INFO [main] utils.FileUtils: Creating directory if it doesn't exist: file:/home/alex/Repositories/hive/ql/target/tmp/org.apache.hadoop.hive.ql.TestTxnCommands-1713960750541/warehouse/acidtbl
2024-04-24T05:12:38,474  INFO [main] metadata.Hive: Dumping metastore api call timing information for : execution phase
2024-04-24T05:12:38,474  INFO [main] metadata.Hive: Total time spent in each metastore function (ms): {isCompatibleWith_(Configuration)=0, createTable_(Table)=127}
2024-04-24T05:12:38,474  INFO [main] ql.Driver: Completed executing command(queryId=alex_20240424051238_783ed1d7-0f52-46bd-a2e4-6020696dcc8f); Time taken: 0.237 seconds
2024-04-24T05:12:38,475  INFO [main] lockmgr.DbTxnManager: Stopped heartbeat for query: alex_20240424051238_783ed1d7-0f52-46bd-a2e4-6020696dcc8f
2024-04-24T05:12:38,480  INFO [main] txn.TxnHandler: Expected to move at least one record from txn_components to completed_txn_components when committing txn! txnid:7
2024-04-24T05:12:38,489  INFO [main] txn.TxnHandler: Removed transactions: ([7]) from MIN_HISTORY_LEVEL
2024-04-24T05:12:38,489  WARN [main] txn.CompactionTxnHandler: No compaction queue record found for Compaction type transaction commit. txnId:7
2024-04-24T05:12:38,490  INFO [main] ql.TxnCommandsBaseForTests: Running the query: create table acidTblPart(a int, b int) partitioned by (p string) clustered by (a) into 2 buckets stored as orc TBLPROPERTIES ('transactional'='true')
2024-04-24T05:12:38,491  INFO [main] ql.Driver: Compiling command(queryId=alex_20240424051238_5b4d1fa8-7078-4117-8cdc-ac97d8c9684e): create table acidTblPart(a int, b int) partitioned by (p string) clustered by (a) into 2 buckets stored as orc TBLPROPERTIES ('transactional'='true')
2024-04-24T05:12:38,495  INFO [main] txn.TxnHandler: Added entries to MIN_HISTORY_LEVEL for current txns: ([8]) with min_open_txn: 1
2024-04-24T05:12:38,496  INFO [main] lockmgr.DbTxnManager: Opened txnid:8
2024-04-24T05:12:38,497  INFO [main] parse.CalcitePlanner: Starting caching scope for: 
2024-04-24T05:12:38,497  INFO [main] parse.CalcitePlanner: Starting Semantic Analysis
2024-04-24T05:12:38,501  INFO [main] parse.CalcitePlanner: Creating table default.acidTblPart position=13
2024-04-24T05:12:38,501  INFO [main] HiveMetaStore.audit: ugi=alex	ip=unknown-ip-addr	cmd=get_database: default	
2024-04-24T05:12:38,504  INFO [main] parse.CalcitePlanner: Ending caching scope for: 
2024-04-24T05:12:38,504  INFO [main] ql.Driver: Semantic Analysis Completed (retrial = false)
2024-04-24T05:12:38,504  INFO [main] ql.Driver: Created Hive schema: Schema(fieldSchemas:null, properties:null)
2024-04-24T05:12:38,504  INFO [main] metadata.Hive: Dumping metastore api call timing information for : compilation phase
2024-04-24T05:12:38,504  INFO [main] metadata.Hive: Total time spent in each metastore function (ms): {getDatabase_(String)=3, getValidTxns_(long)=1, flushCache_()=0, commitTxn_(CommitTxnRequest)=15, getValidWriteIds_(List, String)=4, isCompatibleWith_(Configuration)=0, openTxn_(String, TxnType)=3}
2024-04-24T05:12:38,505  INFO [main] ql.Driver: Completed compiling command(queryId=alex_20240424051238_5b4d1fa8-7078-4117-8cdc-ac97d8c9684e); Time taken: 0.013 seconds
2024-04-24T05:12:38,505  INFO [main] lockmgr.DbTxnManager: Setting lock request transaction to txnid:8 for queryId=alex_20240424051238_5b4d1fa8-7078-4117-8cdc-ac97d8c9684e
2024-04-24T05:12:38,505  INFO [main] lockmgr.DbLockManager: Requesting lock for queryId=alex_20240424051238_5b4d1fa8-7078-4117-8cdc-ac97d8c9684e
2024-04-24T05:12:38,530  INFO [main] lockmgr.DbLockManager: Response to queryId=alex_20240424051238_5b4d1fa8-7078-4117-8cdc-ac97d8c9684e LockResponse(lockid:2, state:ACQUIRED)
2024-04-24T05:12:38,531  INFO [main] ql.Driver: Operation CREATETABLE obtained 1 locks
2024-04-24T05:12:38,532  INFO [main] ql.Driver: Executing command(queryId=alex_20240424051238_5b4d1fa8-7078-4117-8cdc-ac97d8c9684e): create table acidTblPart(a int, b int) partitioned by (p string) clustered by (a) into 2 buckets stored as orc TBLPROPERTIES ('transactional'='true')
2024-04-24T05:12:38,532  INFO [main] ql.Driver: Starting task [Stage-0:DDL] in serial mode
2024-04-24T05:12:38,533  INFO [main] HiveMetaStore.audit: ugi=alex	ip=unknown-ip-addr	cmd=create_table_req: Table(tableName:acidTblPart, dbName:default, owner:alex, createTime:1713960758, lastAccessTime:0, retention:0, sd:StorageDescriptor(cols:[FieldSchema(name:a, type:int, comment:null), FieldSchema(name:b, type:int, comment:null)], location:null, inputFormat:org.apache.hadoop.hive.ql.io.orc.OrcInputFormat, outputFormat:org.apache.hadoop.hive.ql.io.orc.OrcOutputFormat, compressed:false, numBuckets:2, serdeInfo:SerDeInfo(name:null, serializationLib:org.apache.hadoop.hive.ql.io.orc.OrcSerde, parameters:{serialization.format=1}), bucketCols:[a], sortCols:[], parameters:{}, skewedInfo:SkewedInfo(skewedColNames:[], skewedColValues:[], skewedColValueLocationMaps:{}), storedAsSubDirectories:false), partitionKeys:[FieldSchema(name:p, type:string, comment:null)], parameters:{bucketing_version=2, transactional=true}, viewOriginalText:null, viewExpandedText:null, tableType:MANAGED_TABLE, privileges:PrincipalPrivilegeSet(userPrivileges:{alex=[PrivilegeGrantInfo(privilege:INSERT, createTime:-1, grantor:alex, grantorType:USER, grantOption:true), PrivilegeGrantInfo(privilege:SELECT, createTime:-1, grantor:alex, grantorType:USER, grantOption:true), PrivilegeGrantInfo(privilege:UPDATE, createTime:-1, grantor:alex, grantorType:USER, grantOption:true), PrivilegeGrantInfo(privilege:DELETE, createTime:-1, grantor:alex, grantorType:USER, grantOption:true)]}, groupPrivileges:null, rolePrivileges:null), temporary:false, catName:hive, ownerType:USER, writeId:0)	
2024-04-24T05:12:38,543  INFO [main] utils.FileUtils: Creating directory if it doesn't exist: file:/home/alex/Repositories/hive/ql/target/tmp/org.apache.hadoop.hive.ql.TestTxnCommands-1713960750541/warehouse/acidtblpart
2024-04-24T05:12:38,572  INFO [main] metadata.Hive: Dumping metastore api call timing information for : execution phase
2024-04-24T05:12:38,572  INFO [main] metadata.Hive: Total time spent in each metastore function (ms): {createTable_(Table)=39, isCompatibleWith_(Configuration)=0}
2024-04-24T05:12:38,573  INFO [main] ql.Driver: Completed executing command(queryId=alex_20240424051238_5b4d1fa8-7078-4117-8cdc-ac97d8c9684e); Time taken: 0.04 seconds
2024-04-24T05:12:38,573  INFO [main] lockmgr.DbTxnManager: Stopped heartbeat for query: alex_20240424051238_5b4d1fa8-7078-4117-8cdc-ac97d8c9684e
2024-04-24T05:12:38,578  INFO [main] txn.TxnHandler: Expected to move at least one record from txn_components to completed_txn_components when committing txn! txnid:8
2024-04-24T05:12:38,588  INFO [main] txn.TxnHandler: Removed transactions: ([8]) from MIN_HISTORY_LEVEL
2024-04-24T05:12:38,590  WARN [main] txn.CompactionTxnHandler: No compaction queue record found for Compaction type transaction commit. txnId:8
2024-04-24T05:12:38,591  INFO [main] ql.TxnCommandsBaseForTests: Running the query: create table nonAcidOrcTbl(a int, b int) clustered by (a) into 2 buckets stored as orc TBLPROPERTIES ('transactional'='false')
2024-04-24T05:12:38,591  INFO [main] ql.Driver: Compiling command(queryId=alex_20240424051238_93ae660b-32ad-4951-a199-cef935a41f89): create table nonAcidOrcTbl(a int, b int) clustered by (a) into 2 buckets stored as orc TBLPROPERTIES ('transactional'='false')
2024-04-24T05:12:38,595  INFO [main] txn.TxnHandler: Added entries to MIN_HISTORY_LEVEL for current txns: ([9]) with min_open_txn: 2
2024-04-24T05:12:38,596  INFO [main] lockmgr.DbTxnManager: Opened txnid:9
2024-04-24T05:12:38,597  INFO [main] parse.CalcitePlanner: Starting caching scope for: 
2024-04-24T05:12:38,597  INFO [main] parse.CalcitePlanner: Starting Semantic Analysis
2024-04-24T05:12:38,601  INFO [main] parse.CalcitePlanner: Creating table default.nonAcidOrcTbl position=13
2024-04-24T05:12:38,601  INFO [main] HiveMetaStore.audit: ugi=alex	ip=unknown-ip-addr	cmd=get_database: default	
2024-04-24T05:12:38,603  INFO [main] parse.CalcitePlanner: Ending caching scope for: 
2024-04-24T05:12:38,603  INFO [main] ql.Driver: Semantic Analysis Completed (retrial = false)
2024-04-24T05:12:38,604  INFO [main] ql.Driver: Created Hive schema: Schema(fieldSchemas:null, properties:null)
2024-04-24T05:12:38,604  INFO [main] metadata.Hive: Dumping metastore api call timing information for : compilation phase
2024-04-24T05:12:38,604  INFO [main] metadata.Hive: Total time spent in each metastore function (ms): {commitTxn_(CommitTxnRequest)=17, isCompatibleWith_(Configuration)=1, getValidTxns_(long)=1, getValidWriteIds_(List, String)=3, openTxn_(String, TxnType)=3, getDatabase_(String)=2, flushCache_()=0}
2024-04-24T05:12:38,604  INFO [main] ql.Driver: Completed compiling command(queryId=alex_20240424051238_93ae660b-32ad-4951-a199-cef935a41f89); Time taken: 0.013 seconds
2024-04-24T05:12:38,604  INFO [main] lockmgr.DbTxnManager: Setting lock request transaction to txnid:9 for queryId=alex_20240424051238_93ae660b-32ad-4951-a199-cef935a41f89
2024-04-24T05:12:38,605  INFO [main] lockmgr.DbLockManager: Requesting lock for queryId=alex_20240424051238_93ae660b-32ad-4951-a199-cef935a41f89
2024-04-24T05:12:38,630  INFO [main] lockmgr.DbLockManager: Response to queryId=alex_20240424051238_93ae660b-32ad-4951-a199-cef935a41f89 LockResponse(lockid:3, state:ACQUIRED)
2024-04-24T05:12:38,630  INFO [main] ql.Driver: Operation CREATETABLE obtained 1 locks
2024-04-24T05:12:38,630  INFO [main] ql.Driver: Executing command(queryId=alex_20240424051238_93ae660b-32ad-4951-a199-cef935a41f89): create table nonAcidOrcTbl(a int, b int) clustered by (a) into 2 buckets stored as orc TBLPROPERTIES ('transactional'='false')
2024-04-24T05:12:38,630  INFO [main] ql.Driver: Starting task [Stage-0:DDL] in serial mode
2024-04-24T05:12:38,632  INFO [main] HiveMetaStore.audit: ugi=alex	ip=unknown-ip-addr	cmd=create_table_req: Table(tableName:nonAcidOrcTbl, dbName:default, owner:alex, createTime:1713960758, lastAccessTime:0, retention:0, sd:StorageDescriptor(cols:[FieldSchema(name:a, type:int, comment:null), FieldSchema(name:b, type:int, comment:null)], location:null, inputFormat:org.apache.hadoop.hive.ql.io.orc.OrcInputFormat, outputFormat:org.apache.hadoop.hive.ql.io.orc.OrcOutputFormat, compressed:false, numBuckets:2, serdeInfo:SerDeInfo(name:null, serializationLib:org.apache.hadoop.hive.ql.io.orc.OrcSerde, parameters:{serialization.format=1}), bucketCols:[a], sortCols:[], parameters:{}, skewedInfo:SkewedInfo(skewedColNames:[], skewedColValues:[], skewedColValueLocationMaps:{}), storedAsSubDirectories:false), partitionKeys:[], parameters:{COLUMN_STATS_ACCURATE={"BASIC_STATS":"true","COLUMN_STATS":{"a":"true","b":"true"}}, numFilesErasureCoded=0, rawDataSize=0, numRows=0, transactional=false, bucketing_version=2, totalSize=0, numFiles=0}, viewOriginalText:null, viewExpandedText:null, tableType:MANAGED_TABLE, privileges:PrincipalPrivilegeSet(userPrivileges:{alex=[PrivilegeGrantInfo(privilege:INSERT, createTime:-1, grantor:alex, grantorType:USER, grantOption:true), PrivilegeGrantInfo(privilege:SELECT, createTime:-1, grantor:alex, grantorType:USER, grantOption:true), PrivilegeGrantInfo(privilege:UPDATE, createTime:-1, grantor:alex, grantorType:USER, grantOption:true), PrivilegeGrantInfo(privilege:DELETE, createTime:-1, grantor:alex, grantorType:USER, grantOption:true)]}, groupPrivileges:null, rolePrivileges:null), temporary:false, catName:hive, ownerType:USER)	
2024-04-24T05:12:38,640  INFO [main] utils.FileUtils: Creating directory if it doesn't exist: file:/home/alex/Repositories/hive/ql/target/tmp/org.apache.hadoop.hive.ql.TestTxnCommands-1713960750541/warehouse/nonacidorctbl
2024-04-24T05:12:38,669  INFO [main] metadata.Hive: Dumping metastore api call timing information for : execution phase
2024-04-24T05:12:38,669  INFO [main] metadata.Hive: Total time spent in each metastore function (ms): {createTable_(Table)=38, isCompatibleWith_(Configuration)=0}
2024-04-24T05:12:38,669  INFO [main] ql.Driver: Completed executing command(queryId=alex_20240424051238_93ae660b-32ad-4951-a199-cef935a41f89); Time taken: 0.039 seconds
2024-04-24T05:12:38,669  INFO [main] lockmgr.DbTxnManager: Stopped heartbeat for query: alex_20240424051238_93ae660b-32ad-4951-a199-cef935a41f89
2024-04-24T05:12:38,675  INFO [main] txn.TxnHandler: Expected to move at least one record from txn_components to completed_txn_components when committing txn! txnid:9
2024-04-24T05:12:38,683  INFO [main] txn.TxnHandler: Removed transactions: ([9]) from MIN_HISTORY_LEVEL
2024-04-24T05:12:38,683  WARN [main] txn.CompactionTxnHandler: No compaction queue record found for Compaction type transaction commit. txnId:9
2024-04-24T05:12:38,684  INFO [main] ql.TxnCommandsBaseForTests: Running the query: create table nonAcidOrcTbl2(a int, b int) clustered by (a) into 2 buckets stored as orc TBLPROPERTIES ('transactional'='false')
2024-04-24T05:12:38,684  INFO [main] ql.Driver: Compiling command(queryId=alex_20240424051238_fff9c973-d7cd-49c0-bf61-7b5713ac5047): create table nonAcidOrcTbl2(a int, b int) clustered by (a) into 2 buckets stored as orc TBLPROPERTIES ('transactional'='false')
2024-04-24T05:12:38,689  INFO [main] txn.TxnHandler: Added entries to MIN_HISTORY_LEVEL for current txns: ([10]) with min_open_txn: 2
2024-04-24T05:12:38,689  INFO [main] lockmgr.DbTxnManager: Opened txnid:10
2024-04-24T05:12:38,690  INFO [main] parse.CalcitePlanner: Starting caching scope for: 
2024-04-24T05:12:38,690  INFO [main] parse.CalcitePlanner: Starting Semantic Analysis
2024-04-24T05:12:38,694  INFO [main] parse.CalcitePlanner: Creating table default.nonAcidOrcTbl2 position=13
2024-04-24T05:12:38,694  INFO [main] HiveMetaStore.audit: ugi=alex	ip=unknown-ip-addr	cmd=get_database: default	
2024-04-24T05:12:38,696  INFO [main] parse.CalcitePlanner: Ending caching scope for: 
2024-04-24T05:12:38,696  INFO [main] ql.Driver: Semantic Analysis Completed (retrial = false)
2024-04-24T05:12:38,697  INFO [main] ql.Driver: Created Hive schema: Schema(fieldSchemas:null, properties:null)
2024-04-24T05:12:38,697  INFO [main] metadata.Hive: Dumping metastore api call timing information for : compilation phase
2024-04-24T05:12:38,697  INFO [main] metadata.Hive: Total time spent in each metastore function (ms): {getValidWriteIds_(List, String)=4, isCompatibleWith_(Configuration)=0, openTxn_(String, TxnType)=3, commitTxn_(CommitTxnRequest)=14, getValidTxns_(long)=1, flushCache_()=1, getDatabase_(String)=2}
2024-04-24T05:12:38,697  INFO [main] ql.Driver: Completed compiling command(queryId=alex_20240424051238_fff9c973-d7cd-49c0-bf61-7b5713ac5047); Time taken: 0.013 seconds
2024-04-24T05:12:38,697  INFO [main] lockmgr.DbTxnManager: Setting lock request transaction to txnid:10 for queryId=alex_20240424051238_fff9c973-d7cd-49c0-bf61-7b5713ac5047
2024-04-24T05:12:38,698  INFO [main] lockmgr.DbLockManager: Requesting lock for queryId=alex_20240424051238_fff9c973-d7cd-49c0-bf61-7b5713ac5047
2024-04-24T05:12:38,721  INFO [main] lockmgr.DbLockManager: Response to queryId=alex_20240424051238_fff9c973-d7cd-49c0-bf61-7b5713ac5047 LockResponse(lockid:4, state:ACQUIRED)
2024-04-24T05:12:38,721  INFO [main] ql.Driver: Operation CREATETABLE obtained 1 locks
2024-04-24T05:12:38,721  INFO [main] ql.Driver: Executing command(queryId=alex_20240424051238_fff9c973-d7cd-49c0-bf61-7b5713ac5047): create table nonAcidOrcTbl2(a int, b int) clustered by (a) into 2 buckets stored as orc TBLPROPERTIES ('transactional'='false')
2024-04-24T05:12:38,721  INFO [main] ql.Driver: Starting task [Stage-0:DDL] in serial mode
2024-04-24T05:12:38,723  INFO [main] HiveMetaStore.audit: ugi=alex	ip=unknown-ip-addr	cmd=create_table_req: Table(tableName:nonAcidOrcTbl2, dbName:default, owner:alex, createTime:1713960758, lastAccessTime:0, retention:0, sd:StorageDescriptor(cols:[FieldSchema(name:a, type:int, comment:null), FieldSchema(name:b, type:int, comment:null)], location:null, inputFormat:org.apache.hadoop.hive.ql.io.orc.OrcInputFormat, outputFormat:org.apache.hadoop.hive.ql.io.orc.OrcOutputFormat, compressed:false, numBuckets:2, serdeInfo:SerDeInfo(name:null, serializationLib:org.apache.hadoop.hive.ql.io.orc.OrcSerde, parameters:{serialization.format=1}), bucketCols:[a], sortCols:[], parameters:{}, skewedInfo:SkewedInfo(skewedColNames:[], skewedColValues:[], skewedColValueLocationMaps:{}), storedAsSubDirectories:false), partitionKeys:[], parameters:{totalSize=0, COLUMN_STATS_ACCURATE={"BASIC_STATS":"true","COLUMN_STATS":{"a":"true","b":"true"}}, numFiles=0, transactional=false, numRows=0, numFilesErasureCoded=0, bucketing_version=2, rawDataSize=0}, viewOriginalText:null, viewExpandedText:null, tableType:MANAGED_TABLE, privileges:PrincipalPrivilegeSet(userPrivileges:{alex=[PrivilegeGrantInfo(privilege:INSERT, createTime:-1, grantor:alex, grantorType:USER, grantOption:true), PrivilegeGrantInfo(privilege:SELECT, createTime:-1, grantor:alex, grantorType:USER, grantOption:true), PrivilegeGrantInfo(privilege:UPDATE, createTime:-1, grantor:alex, grantorType:USER, grantOption:true), PrivilegeGrantInfo(privilege:DELETE, createTime:-1, grantor:alex, grantorType:USER, grantOption:true)]}, groupPrivileges:null, rolePrivileges:null), temporary:false, catName:hive, ownerType:USER)	
2024-04-24T05:12:38,731  INFO [main] utils.FileUtils: Creating directory if it doesn't exist: file:/home/alex/Repositories/hive/ql/target/tmp/org.apache.hadoop.hive.ql.TestTxnCommands-1713960750541/warehouse/nonacidorctbl2
2024-04-24T05:12:38,758  INFO [main] metadata.Hive: Dumping metastore api call timing information for : execution phase
2024-04-24T05:12:38,758  INFO [main] metadata.Hive: Total time spent in each metastore function (ms): {createTable_(Table)=34, isCompatibleWith_(Configuration)=0}
2024-04-24T05:12:38,758  INFO [main] ql.Driver: Completed executing command(queryId=alex_20240424051238_fff9c973-d7cd-49c0-bf61-7b5713ac5047); Time taken: 0.037 seconds
2024-04-24T05:12:38,758  INFO [main] lockmgr.DbTxnManager: Stopped heartbeat for query: alex_20240424051238_fff9c973-d7cd-49c0-bf61-7b5713ac5047
2024-04-24T05:12:38,764  INFO [main] txn.TxnHandler: Expected to move at least one record from txn_components to completed_txn_components when committing txn! txnid:10
2024-04-24T05:12:38,772  INFO [main] txn.TxnHandler: Removed transactions: ([10]) from MIN_HISTORY_LEVEL
2024-04-24T05:12:38,772  WARN [main] txn.CompactionTxnHandler: No compaction queue record found for Compaction type transaction commit. txnId:10
2024-04-24T05:12:38,773  INFO [main] ql.TxnCommandsBaseForTests: Running the query: create temporary  table acidTbl2(a int, b int, c int) clustered by (c) into 2 buckets stored as orc TBLPROPERTIES ('transactional'='true')
2024-04-24T05:12:38,773  INFO [main] ql.Driver: Compiling command(queryId=alex_20240424051238_c7bf14d3-2a41-4656-b1e8-9c447d23b7b5): create temporary  table acidTbl2(a int, b int, c int) clustered by (c) into 2 buckets stored as orc TBLPROPERTIES ('transactional'='true')
2024-04-24T05:12:38,778  INFO [main] txn.TxnHandler: Added entries to MIN_HISTORY_LEVEL for current txns: ([11]) with min_open_txn: 2
2024-04-24T05:12:38,778  INFO [main] lockmgr.DbTxnManager: Opened txnid:11
2024-04-24T05:12:38,780  INFO [main] parse.CalcitePlanner: Starting caching scope for: 
2024-04-24T05:12:38,780  INFO [main] parse.CalcitePlanner: Starting Semantic Analysis
2024-04-24T05:12:38,783  INFO [main] parse.CalcitePlanner: Creating table default.acidTbl2 position=24
2024-04-24T05:12:38,784  INFO [main] HiveMetaStore.audit: ugi=alex	ip=unknown-ip-addr	cmd=get_database: default	
2024-04-24T05:12:38,786  INFO [main] parse.CalcitePlanner: Ending caching scope for: 
2024-04-24T05:12:38,786  INFO [main] ql.Driver: Semantic Analysis Completed (retrial = false)
2024-04-24T05:12:38,786  INFO [main] ql.Driver: Created Hive schema: Schema(fieldSchemas:null, properties:null)
2024-04-24T05:12:38,786  INFO [main] metadata.Hive: Dumping metastore api call timing information for : compilation phase
2024-04-24T05:12:38,786  INFO [main] metadata.Hive: Total time spent in each metastore function (ms): {getValidTxns_(long)=1, flushCache_()=1, getDatabase_(String)=2, isCompatibleWith_(Configuration)=0, commitTxn_(CommitTxnRequest)=15, openTxn_(String, TxnType)=3, getValidWriteIds_(List, String)=3}
2024-04-24T05:12:38,787  INFO [main] ql.Driver: Completed compiling command(queryId=alex_20240424051238_c7bf14d3-2a41-4656-b1e8-9c447d23b7b5); Time taken: 0.013 seconds
2024-04-24T05:12:38,787  INFO [main] lockmgr.DbTxnManager: Setting lock request transaction to txnid:11 for queryId=alex_20240424051238_c7bf14d3-2a41-4656-b1e8-9c447d23b7b5
2024-04-24T05:12:38,787  INFO [main] lockmgr.DbLockManager: Requesting lock for queryId=alex_20240424051238_c7bf14d3-2a41-4656-b1e8-9c447d23b7b5
2024-04-24T05:12:38,811  INFO [main] lockmgr.DbLockManager: Response to queryId=alex_20240424051238_c7bf14d3-2a41-4656-b1e8-9c447d23b7b5 LockResponse(lockid:5, state:ACQUIRED)
2024-04-24T05:12:38,811  INFO [main] ql.Driver: Operation CREATETABLE obtained 1 locks
2024-04-24T05:12:38,812  INFO [main] ql.Driver: Executing command(queryId=alex_20240424051238_c7bf14d3-2a41-4656-b1e8-9c447d23b7b5): create temporary  table acidTbl2(a int, b int, c int) clustered by (c) into 2 buckets stored as orc TBLPROPERTIES ('transactional'='true')
2024-04-24T05:12:38,813  INFO [main] ql.Driver: Starting task [Stage-0:DDL] in serial mode
2024-04-24T05:12:38,815  INFO [main] utils.FileUtils: Creating directory if it doesn't exist: file:/home/alex/Repositories/hive/ql/target/tmp/scratchdir/alex/3bfb341f-377d-4e56-81ca-d304a7f4b95f/_tmp_space.db/36b9f1b7-c38c-4c54-91c4-db152c826f76
2024-04-24T05:12:38,818  INFO [main] metadata.Hive: Dumping metastore api call timing information for : execution phase
2024-04-24T05:12:38,819  INFO [main] metadata.Hive: Total time spent in each metastore function (ms): {isCompatibleWith_(Configuration)=0, createTable_(Table)=4}
2024-04-24T05:12:38,819  INFO [main] ql.Driver: Completed executing command(queryId=alex_20240424051238_c7bf14d3-2a41-4656-b1e8-9c447d23b7b5); Time taken: 0.006 seconds
2024-04-24T05:12:38,819  INFO [main] lockmgr.DbTxnManager: Stopped heartbeat for query: alex_20240424051238_c7bf14d3-2a41-4656-b1e8-9c447d23b7b5
2024-04-24T05:12:38,824  INFO [main] txn.TxnHandler: Expected to move at least one record from txn_components to completed_txn_components when committing txn! txnid:11
2024-04-24T05:12:38,832  INFO [main] txn.TxnHandler: Removed transactions: ([11]) from MIN_HISTORY_LEVEL
2024-04-24T05:12:38,833  WARN [main] txn.CompactionTxnHandler: No compaction queue record found for Compaction type transaction commit. txnId:11
2024-04-24T05:12:38,834  INFO [main] ql.TxnCommandsBaseForTests: Running the query: create table nonAcidNonBucket(a int, b int) stored as orc TBLPROPERTIES ('transactional'='false')
2024-04-24T05:12:38,834  INFO [main] ql.Driver: Compiling command(queryId=alex_20240424051238_3623ec94-b4b1-43f2-ae21-9f025ea817a7): create table nonAcidNonBucket(a int, b int) stored as orc TBLPROPERTIES ('transactional'='false')
2024-04-24T05:12:38,838  INFO [main] txn.TxnHandler: Added entries to MIN_HISTORY_LEVEL for current txns: ([12]) with min_open_txn: 2
2024-04-24T05:12:38,839  INFO [main] lockmgr.DbTxnManager: Opened txnid:12
2024-04-24T05:12:38,840  INFO [main] parse.CalcitePlanner: Starting caching scope for: 
2024-04-24T05:12:38,840  INFO [main] parse.CalcitePlanner: Starting Semantic Analysis
2024-04-24T05:12:38,843  INFO [main] parse.CalcitePlanner: Creating table default.nonAcidNonBucket position=13
2024-04-24T05:12:38,844  INFO [main] HiveMetaStore.audit: ugi=alex	ip=unknown-ip-addr	cmd=get_database: default	
2024-04-24T05:12:38,846  INFO [main] parse.CalcitePlanner: Ending caching scope for: 
2024-04-24T05:12:38,846  INFO [main] ql.Driver: Semantic Analysis Completed (retrial = false)
2024-04-24T05:12:38,846  INFO [main] ql.Driver: Created Hive schema: Schema(fieldSchemas:null, properties:null)
2024-04-24T05:12:38,846  INFO [main] metadata.Hive: Dumping metastore api call timing information for : compilation phase
2024-04-24T05:12:38,846  INFO [main] metadata.Hive: Total time spent in each metastore function (ms): {commitTxn_(CommitTxnRequest)=14, getValidWriteIds_(List, String)=3, openTxn_(String, TxnType)=4, getValidTxns_(long)=1, getDatabase_(String)=3, isCompatibleWith_(Configuration)=0, flushCache_()=0}
2024-04-24T05:12:38,847  INFO [main] ql.Driver: Completed compiling command(queryId=alex_20240424051238_3623ec94-b4b1-43f2-ae21-9f025ea817a7); Time taken: 0.012 seconds
2024-04-24T05:12:38,847  INFO [main] lockmgr.DbTxnManager: Setting lock request transaction to txnid:12 for queryId=alex_20240424051238_3623ec94-b4b1-43f2-ae21-9f025ea817a7
2024-04-24T05:12:38,847  INFO [main] lockmgr.DbLockManager: Requesting lock for queryId=alex_20240424051238_3623ec94-b4b1-43f2-ae21-9f025ea817a7
2024-04-24T05:12:38,870  INFO [main] lockmgr.DbLockManager: Response to queryId=alex_20240424051238_3623ec94-b4b1-43f2-ae21-9f025ea817a7 LockResponse(lockid:6, state:ACQUIRED)
2024-04-24T05:12:38,870  INFO [main] ql.Driver: Operation CREATETABLE obtained 1 locks
2024-04-24T05:12:38,870  INFO [main] ql.Driver: Executing command(queryId=alex_20240424051238_3623ec94-b4b1-43f2-ae21-9f025ea817a7): create table nonAcidNonBucket(a int, b int) stored as orc TBLPROPERTIES ('transactional'='false')
2024-04-24T05:12:38,871  INFO [main] ql.Driver: Starting task [Stage-0:DDL] in serial mode
2024-04-24T05:12:38,872  INFO [main] HiveMetaStore.audit: ugi=alex	ip=unknown-ip-addr	cmd=create_table_req: Table(tableName:nonAcidNonBucket, dbName:default, owner:alex, createTime:1713960758, lastAccessTime:0, retention:0, sd:StorageDescriptor(cols:[FieldSchema(name:a, type:int, comment:null), FieldSchema(name:b, type:int, comment:null)], location:null, inputFormat:org.apache.hadoop.hive.ql.io.orc.OrcInputFormat, outputFormat:org.apache.hadoop.hive.ql.io.orc.OrcOutputFormat, compressed:false, numBuckets:-1, serdeInfo:SerDeInfo(name:null, serializationLib:org.apache.hadoop.hive.ql.io.orc.OrcSerde, parameters:{serialization.format=1}), bucketCols:[], sortCols:[], parameters:{}, skewedInfo:SkewedInfo(skewedColNames:[], skewedColValues:[], skewedColValueLocationMaps:{}), storedAsSubDirectories:false), partitionKeys:[], parameters:{numFiles=0, rawDataSize=0, transactional=false, numRows=0, numFilesErasureCoded=0, bucketing_version=2, COLUMN_STATS_ACCURATE={"BASIC_STATS":"true","COLUMN_STATS":{"a":"true","b":"true"}}, totalSize=0}, viewOriginalText:null, viewExpandedText:null, tableType:MANAGED_TABLE, privileges:PrincipalPrivilegeSet(userPrivileges:{alex=[PrivilegeGrantInfo(privilege:INSERT, createTime:-1, grantor:alex, grantorType:USER, grantOption:true), PrivilegeGrantInfo(privilege:SELECT, createTime:-1, grantor:alex, grantorType:USER, grantOption:true), PrivilegeGrantInfo(privilege:UPDATE, createTime:-1, grantor:alex, grantorType:USER, grantOption:true), PrivilegeGrantInfo(privilege:DELETE, createTime:-1, grantor:alex, grantorType:USER, grantOption:true)]}, groupPrivileges:null, rolePrivileges:null), temporary:false, catName:hive, ownerType:USER)	
2024-04-24T05:12:38,880  INFO [main] utils.FileUtils: Creating directory if it doesn't exist: file:/home/alex/Repositories/hive/ql/target/tmp/org.apache.hadoop.hive.ql.TestTxnCommands-1713960750541/warehouse/nonacidnonbucket
2024-04-24T05:12:38,906  INFO [main] metadata.Hive: Dumping metastore api call timing information for : execution phase
2024-04-24T05:12:38,906  INFO [main] metadata.Hive: Total time spent in each metastore function (ms): {createTable_(Table)=34, isCompatibleWith_(Configuration)=0}
2024-04-24T05:12:38,906  INFO [main] ql.Driver: Completed executing command(queryId=alex_20240424051238_3623ec94-b4b1-43f2-ae21-9f025ea817a7); Time taken: 0.036 seconds
2024-04-24T05:12:38,906  INFO [main] lockmgr.DbTxnManager: Stopped heartbeat for query: alex_20240424051238_3623ec94-b4b1-43f2-ae21-9f025ea817a7
2024-04-24T05:12:38,912  INFO [main] txn.TxnHandler: Expected to move at least one record from txn_components to completed_txn_components when committing txn! txnid:12
2024-04-24T05:12:38,920  INFO [main] txn.TxnHandler: Removed transactions: ([12]) from MIN_HISTORY_LEVEL
2024-04-24T05:12:38,920  WARN [main] txn.CompactionTxnHandler: No compaction queue record found for Compaction type transaction commit. txnId:12
2024-04-24T05:12:38,921  INFO [main] metastore.HiveMetaStoreClientWithLocalCache: Initializing local cache in HiveMetaStoreClient...
2024-04-24T05:12:38,947  INFO [main] metastore.HiveMetaStoreClientWithLocalCache: Local cache initialized in HiveMetaStoreClient: com.github.benmanes.caffeine.cache.BoundedLocalCache$BoundedLocalManualCache@498e41a4
2024-04-24T05:12:38,953  INFO [main] ql.TxnCommandsBaseForTests: Running the query: insert into nonAcidOrcTbl  values(2,2),(4,44),(5,5),(11,11)
2024-04-24T05:12:38,953  INFO [main] ql.Driver: Compiling command(queryId=alex_20240424051238_333d003a-de89-483a-a418-be0e3ecf09b3): insert into nonAcidOrcTbl  values(2,2),(4,44),(5,5),(11,11)
2024-04-24T05:12:38,960  INFO [main] txn.TxnHandler: Added entries to MIN_HISTORY_LEVEL for current txns: ([13]) with min_open_txn: 6
2024-04-24T05:12:38,960  INFO [main] lockmgr.DbTxnManager: Opened txnid:13
2024-04-24T05:12:38,962  INFO [main] parse.CalcitePlanner: Starting caching scope for: 
2024-04-24T05:12:38,962  INFO [main] parse.CalcitePlanner: Starting Semantic Analysis
2024-04-24T05:12:39,483  WARN [main] exec.FunctionRegistry: UDF Class org.apache.datasketches.hive.tuple.ArrayOfDoublesSketchToValuesUDTF does not have description. Please annotate the class with the org.apache.hadoop.hive.ql.exec.Description annotation and provide the description of the function.
2024-04-24T05:12:39,484  WARN [main] exec.FunctionRegistry: UDF Class org.apache.datasketches.hive.theta.ExcludeSketchUDF does not have description. Please annotate the class with the org.apache.hadoop.hive.ql.exec.Description annotation and provide the description of the function.
2024-04-24T05:12:39,485  WARN [main] exec.FunctionRegistry: UDF Class org.apache.datasketches.hive.theta.IntersectSketchUDF does not have description. Please annotate the class with the org.apache.hadoop.hive.ql.exec.Description annotation and provide the description of the function.
2024-04-24T05:12:39,485  WARN [main] exec.FunctionRegistry: UDF Class org.apache.datasketches.hive.theta.UnionSketchUDF does not have description. Please annotate the class with the org.apache.hadoop.hive.ql.exec.Description annotation and provide the description of the function.
2024-04-24T05:12:39,485  WARN [main] exec.FunctionRegistry: UDF Class org.apache.datasketches.hive.theta.EstimateSketchUDF does not have description. Please annotate the class with the org.apache.hadoop.hive.ql.exec.Description annotation and provide the description of the function.
2024-04-24T05:12:39,489  WARN [main] exec.FunctionRegistry: UDF Class org.apache.datasketches.hive.hll.UnionSketchUDF does not have description. Please annotate the class with the org.apache.hadoop.hive.ql.exec.Description annotation and provide the description of the function.
2024-04-24T05:12:39,490  WARN [main] exec.FunctionRegistry: UDF Class org.apache.datasketches.hive.cpc.UnionSketchUDF does not have description. Please annotate the class with the org.apache.hadoop.hive.ql.exec.Description annotation and provide the description of the function.
2024-04-24T05:12:39,539  INFO [main] HiveMetaStore.audit: ugi=alex	ip=unknown-ip-addr	cmd=get_table : tbl=hive.default.nonAcidOrcTbl	
2024-04-24T05:12:39,614  INFO [main] metastore.HMSHandler: Skipping translation for processor with null
2024-04-24T05:12:39,615  INFO [main] parse.CalcitePlanner: Completed phase 1 of Semantic Analysis
2024-04-24T05:12:39,615  INFO [main] parse.CalcitePlanner: Get metadata for source tables
2024-04-24T05:12:39,615  INFO [main] parse.CalcitePlanner: Get metadata for subqueries
2024-04-24T05:12:39,615  INFO [main] parse.CalcitePlanner: Get metadata for destination tables
2024-04-24T05:12:39,618  INFO [main] HiveMetaStore.audit: ugi=alex	ip=unknown-ip-addr	cmd=get_table : tbl=hive.default.nonAcidOrcTbl	
2024-04-24T05:12:39,635  INFO [main] metastore.HMSHandler: Skipping translation for processor with null
2024-04-24T05:12:39,636  INFO [main] parse.CalcitePlanner: Completed getting MetaData in Semantic Analysis
2024-04-24T05:12:39,636  INFO [main] parse.CalcitePlanner: Disabling LLAP IO encode as ETL query is detected
2024-04-24T05:12:40,749  INFO [main] HiveMetaStore.audit: ugi=alex	ip=unknown-ip-addr	cmd=get_all_table_constraints : tbl=hive._dummy_database._dummy_table	
2024-04-24T05:12:41,386  INFO [main] parse.CalcitePlanner: Get metadata for source tables
2024-04-24T05:12:41,386  INFO [main] parse.CalcitePlanner: Get metadata for subqueries
2024-04-24T05:12:41,386  INFO [main] parse.CalcitePlanner: Get metadata for source tables
2024-04-24T05:12:41,388  INFO [main] HiveMetaStore.audit: ugi=alex	ip=unknown-ip-addr	cmd=get_table : tbl=hive._dummy_database._dummy_table	
2024-04-24T05:12:41,391  INFO [main] parse.CalcitePlanner: Get metadata for subqueries
2024-04-24T05:12:41,391  INFO [main] parse.CalcitePlanner: Get metadata for destination tables
2024-04-24T05:12:41,393  INFO [main] parse.CalcitePlanner: Get metadata for destination tables
2024-04-24T05:12:41,394  INFO [main] HiveMetaStore.audit: ugi=alex	ip=unknown-ip-addr	cmd=get_table : tbl=hive.default.nonAcidOrcTbl	
2024-04-24T05:12:41,409  INFO [main] metastore.HMSHandler: Skipping translation for processor with null
2024-04-24T05:12:41,440  INFO [main] common.FileUtils: Creating directory if it doesn't exist: file:/home/alex/Repositories/hive/ql/target/tmp/org.apache.hadoop.hive.ql.TestTxnCommands-1713960750541/warehouse/nonacidorctbl/.hive-staging_hive_2024-04-24_05-12-38_953_6045961742094011989-1
2024-04-24T05:12:41,444  INFO [main] HiveMetaStore.audit: ugi=alex	ip=unknown-ip-addr	cmd=get_not_null_constraints : tbl=hive.default.nonacidorctbl	
2024-04-24T05:12:41,447  INFO [main] HiveMetaStore.audit: ugi=alex	ip=unknown-ip-addr	cmd=get_check_constraints : tbl=hive.default.nonacidorctbl	
2024-04-24T05:12:41,462  INFO [main] parse.CalcitePlanner: CBO Succeeded; optimized logical plan.
2024-04-24T05:12:41,514  INFO [main] optimizer.ColumnPrunerProcFactory: RS 4 oldColExprMap: {VALUE._col0=Column[_col1], KEY.reducesinkkey0=Column[_col0]}
2024-04-24T05:12:41,514  INFO [main] optimizer.ColumnPrunerProcFactory: RS 4 newColExprMap: {KEY.reducesinkkey0=Column[_col0], VALUE._col0=Column[_col1]}
2024-04-24T05:12:41,522  INFO [main] optimizer.BucketVersionPopulator: not considering bucketingVersion for: TS[0] because it has -1<2 buckets 
2024-04-24T05:12:41,533  INFO [main] optimizer.SortedDynPartitionOptimizer: Sorted dynamic partitioning optimization kicked in..
2024-04-24T05:12:41,566  INFO [main] HiveMetaStore.audit: ugi=alex	ip=unknown-ip-addr	cmd=get_table : tbl=hive.default.nonacidorctbl	
2024-04-24T05:12:41,585  INFO [main] metastore.HMSHandler: Skipping translation for processor with null
2024-04-24T05:12:41,613  INFO [main] physical.Vectorizer: Examining input format to see if vectorization is enabled.
2024-04-24T05:12:41,619  INFO [main] physical.Vectorizer: Map vectorization enabled: false
2024-04-24T05:12:41,619  INFO [main] physical.Vectorizer: Map vectorized: false
2024-04-24T05:12:41,619  INFO [main] physical.Vectorizer: Map vectorizedVertexNum: 0
2024-04-24T05:12:41,619  INFO [main] physical.Vectorizer: Map enabledConditionsMet: [hive.vectorized.use.vectorized.input.format IS true]
2024-04-24T05:12:41,619  INFO [main] physical.Vectorizer: Map enabledConditionsNotMet: [Could not enable vectorization due to partition column names size 1 is greater than the number of table column names size 0 IS false]
2024-04-24T05:12:41,619  INFO [main] physical.Vectorizer: Map inputFileFormatClassNameSet: [org.apache.hadoop.hive.ql.io.NullRowsInputFormat]
2024-04-24T05:12:41,619  INFO [main] physical.Vectorizer: Reduce vectorization enabled: false
2024-04-24T05:12:41,619  INFO [main] physical.Vectorizer: Reduce vectorized: false
2024-04-24T05:12:41,619  INFO [main] physical.Vectorizer: Reduce vectorizedVertexNum: 1
2024-04-24T05:12:41,619  INFO [main] physical.Vectorizer: Reducer hive.vectorized.execution.reduce.enabled: true
2024-04-24T05:12:41,619  INFO [main] physical.Vectorizer: Reducer engine: mr
2024-04-24T05:12:41,620  INFO [main] parse.CalcitePlanner: Completed plan generation
2024-04-24T05:12:41,621  INFO [main] parse.CalcitePlanner: Ending caching scope for: 
2024-04-24T05:12:41,621  INFO [main] ql.Driver: Semantic Analysis Completed (retrial = false)
2024-04-24T05:12:41,621  INFO [main] ql.Driver: Created Hive schema: Schema(fieldSchemas:[FieldSchema(name:col1, type:int, comment:null), FieldSchema(name:col2, type:int, comment:null)], properties:null)
2024-04-24T05:12:41,621  INFO [main] metadata.Hive: Dumping metastore api call timing information for : compilation phase
2024-04-24T05:12:41,621  INFO [main] metadata.Hive: Total time spent in each metastore function (ms): {openTxn_(String, TxnType)=3, getNotNullConstraints_(NotNullConstraintsRequest)=3, getValidWriteIds_(List, String)=6, getCheckConstraints_(CheckConstraintsRequest)=3, flushCache_()=0, getTable_(GetTableRequest)=129, getValidTxns_(long)=0, commitTxn_(CommitTxnRequest)=14, getAllTableConstraints_(AllTableConstraintsRequest)=63, isCompatibleWith_(Configuration)=2}
2024-04-24T05:12:41,621  INFO [main] ql.Driver: Completed compiling command(queryId=alex_20240424051238_333d003a-de89-483a-a418-be0e3ecf09b3); Time taken: 2.668 seconds
2024-04-24T05:12:41,622  INFO [main] lockmgr.DbTxnManager: Setting lock request transaction to txnid:13 for queryId=alex_20240424051238_333d003a-de89-483a-a418-be0e3ecf09b3
2024-04-24T05:12:41,622  INFO [main] lockmgr.DbLockManager: Requesting lock for queryId=alex_20240424051238_333d003a-de89-483a-a418-be0e3ecf09b3
2024-04-24T05:12:41,655  INFO [main] lockmgr.DbLockManager: Response to queryId=alex_20240424051238_333d003a-de89-483a-a418-be0e3ecf09b3 LockResponse(lockid:7, state:ACQUIRED)
2024-04-24T05:12:41,655  INFO [main] ql.Driver: Operation QUERY obtained 1 locks
2024-04-24T05:12:41,655  INFO [main] ql.Driver: Executing command(queryId=alex_20240424051238_333d003a-de89-483a-a418-be0e3ecf09b3): insert into nonAcidOrcTbl  values(2,2),(4,44),(5,5),(11,11)
2024-04-24T05:12:41,656  WARN [main] ql.Driver: Hive-on-MR is deprecated in Hive 2 and may not be available in the future versions. Consider using a different execution engine (i.e. tez, spark) or using Hive 1.X releases.
Query ID = alex_20240424051238_333d003a-de89-483a-a418-be0e3ecf09b3
2024-04-24T05:12:41,656  INFO [main] ql.Driver: Query ID = alex_20240424051238_333d003a-de89-483a-a418-be0e3ecf09b3
Total jobs = 1
2024-04-24T05:12:41,656  INFO [main] ql.Driver: Total jobs = 1
Launching Job 1 out of 1
2024-04-24T05:12:41,656  INFO [main] ql.Driver: Launching Job 1 out of 1
2024-04-24T05:12:41,816  INFO [main] ql.Driver: Starting task [Stage-1:MAPRED] in serial mode
Number of reduce tasks determined at compile time: 2
2024-04-24T05:12:41,816  INFO [main] exec.Task: Number of reduce tasks determined at compile time: 2
In order to change the average load for a reducer (in bytes):
2024-04-24T05:12:41,816  INFO [main] exec.Task: In order to change the average load for a reducer (in bytes):
  set hive.exec.reducers.bytes.per.reducer=<number>
2024-04-24T05:12:41,816  INFO [main] exec.Task:   set hive.exec.reducers.bytes.per.reducer=<number>
In order to limit the maximum number of reducers:
2024-04-24T05:12:41,816  INFO [main] exec.Task: In order to limit the maximum number of reducers:
  set hive.exec.reducers.max=<number>
2024-04-24T05:12:41,816  INFO [main] exec.Task:   set hive.exec.reducers.max=<number>
In order to set a constant number of reducers:
2024-04-24T05:12:41,816  INFO [main] exec.Task: In order to set a constant number of reducers:
  set mapreduce.job.reduces=<number>
2024-04-24T05:12:41,816  INFO [main] exec.Task:   set mapreduce.job.reduces=<number>
2024-04-24T05:12:41,824  INFO [main] mr.ExecDriver: Using org.apache.hadoop.hive.ql.io.HiveInputFormat
2024-04-24T05:12:41,828  INFO [main] exec.Utilities: Processing alias $hdt$_0:_dummy_table
2024-04-24T05:12:41,828  INFO [main] exec.Utilities: Adding 1 inputs; the first input is file:/home/alex/Repositories/hive/ql/target/tmp/localscratchdir/3bfb341f-377d-4e56-81ca-d304a7f4b95f/hive_2024-04-24_05-12-38_953_6045961742094011989-1/dummy_path
2024-04-24T05:12:41,898  INFO [main] exec.SerializationUtilities: Serializing MapWork using kryo
2024-04-24T05:12:41,921  INFO [main] exec.Utilities: Serialized plan (via FILE) - name: null size: 5,32KB
2024-04-24T05:12:41,927  INFO [main] exec.SerializationUtilities: Serializing ReduceWork using kryo
2024-04-24T05:12:41,936  INFO [main] exec.Utilities: Serialized plan (via FILE) - name: null size: 6,35KB
2024-04-24T05:12:42,047  INFO [main] beanutils.FluentPropertyBeanIntrospector: Error when creating PropertyDescriptor for public final void org.apache.commons.configuration2.AbstractConfiguration.setProperty(java.lang.String,java.lang.Object)! Ignoring this property.
2024-04-24T05:12:42,063  WARN [main] impl.MetricsConfig: Cannot locate configuration: tried hadoop-metrics2-jobtracker.properties,hadoop-metrics2.properties
2024-04-24T05:12:42,079  INFO [main] impl.MetricsSystemImpl: Scheduled Metric snapshot period at 10 second(s).
2024-04-24T05:12:42,079  INFO [main] impl.MetricsSystemImpl: JobTracker metrics system started
2024-04-24T05:12:42,091  INFO [main] fs.FSStatsPublisher: created : file:/home/alex/Repositories/hive/ql/target/tmp/localscratchdir/3bfb341f-377d-4e56-81ca-d304a7f4b95f/hive_2024-04-24_05-12-38_953_6045961742094011989-1/-mr-10001
2024-04-24T05:12:42,107  WARN [main] impl.MetricsSystemImpl: JobTracker metrics system already initialized!
2024-04-24T05:12:42,155  WARN [main] mapreduce.JobResourceUploader: Hadoop command-line option parsing not performed. Implement the Tool interface and execute your application with ToolRunner to remedy this.
2024-04-24T05:12:42,163  WARN [main] mapreduce.JobResourceUploader: No job jar file set.  User classes may not be found. See Job or Job#setJar(String).
2024-04-24T05:12:42,169  INFO [main] io.HiveInputFormat: hive.io.file.readcolumn.ids = 
2024-04-24T05:12:42,169  INFO [main] io.HiveInputFormat: hive.io.file.readcolumn.names = 
2024-04-24T05:12:42,169  INFO [main] io.HiveInputFormat: Generating splits for dirs: file:/home/alex/Repositories/hive/ql/target/tmp/localscratchdir/3bfb341f-377d-4e56-81ca-d304a7f4b95f/hive_2024-04-24_05-12-38_953_6045961742094011989-1/dummy_path
2024-04-24T05:12:42,169  INFO [main] io.NullRowsInputFormat$NullRowsRecordReader: Using null rows input format
2024-04-24T05:12:42,174  INFO [main] io.HiveInputFormat: number of splits 1
2024-04-24T05:12:42,203  INFO [main] mapreduce.JobSubmitter: number of splits:1
2024-04-24T05:12:42,282  INFO [main] mapreduce.JobSubmitter: Submitting tokens for job: job_local983278697_0001
2024-04-24T05:12:42,282  INFO [main] mapreduce.JobSubmitter: Executing with tokens: []
2024-04-24T05:12:42,413  INFO [main] mapreduce.Job: The url to track the job: http://localhost:8080/
Job running in-process (local Hadoop)
2024-04-24T05:12:42,414  INFO [main] exec.Task: Job running in-process (local Hadoop)
2024-04-24T05:12:42,415  INFO [Thread-74] mapred.LocalJobRunner: OutputCommitter set in config org.apache.hadoop.hive.ql.io.HiveFileFormatUtils$NullOutputCommitter
2024-04-24T05:12:42,416  INFO [Thread-74] mapred.LocalJobRunner: OutputCommitter is org.apache.hadoop.hive.ql.io.HiveFileFormatUtils$NullOutputCommitter
2024-04-24T05:12:42,429  INFO [Thread-74] mapred.LocalJobRunner: Waiting for map tasks
2024-04-24T05:12:42,432  INFO [LocalJobRunner Map Task Executor #0] mapred.LocalJobRunner: Starting task: attempt_local983278697_0001_m_000000_0
2024-04-24T05:12:42,467  INFO [LocalJobRunner Map Task Executor #0] mapred.Task:  Using ResourceCalculatorProcessTree : [ ]
2024-04-24T05:12:42,475  INFO [LocalJobRunner Map Task Executor #0] mapred.MapTask: Processing split: org.apache.hadoop.hive.ql.io.NullRowsInputFormat:file:/home/alex/Repositories/hive/ql/target/tmp/localscratchdir/3bfb341f-377d-4e56-81ca-d304a7f4b95f/hive_2024-04-24_05-12-38_953_6045961742094011989-1/dummy_path/null:0+1
2024-04-24T05:12:42,481  INFO [LocalJobRunner Map Task Executor #0] exec.SerializationUtilities: Deserializing MapWork using kryo
2024-04-24T05:12:42,507  INFO [LocalJobRunner Map Task Executor #0] exec.Utilities: Deserialized plan (via FILE) - name: null size: 5,32KB
2024-04-24T05:12:42,515  INFO [LocalJobRunner Map Task Executor #0] mapred.MapTask: numReduceTasks: 2
2024-04-24T05:12:42,529  INFO [LocalJobRunner Map Task Executor #0] mapred.MapTask: (EQUATOR) 0 kvi 26214396(104857584)
2024-04-24T05:12:42,529  INFO [LocalJobRunner Map Task Executor #0] mapred.MapTask: mapreduce.task.io.sort.mb: 100
2024-04-24T05:12:42,529  INFO [LocalJobRunner Map Task Executor #0] mapred.MapTask: soft limit at 83886080
2024-04-24T05:12:42,529  INFO [LocalJobRunner Map Task Executor #0] mapred.MapTask: bufstart = 0; bufvoid = 104857600
2024-04-24T05:12:42,529  INFO [LocalJobRunner Map Task Executor #0] mapred.MapTask: kvstart = 26214396; length = 6553600
2024-04-24T05:12:42,532  INFO [LocalJobRunner Map Task Executor #0] mapred.MapTask: Map output collector class = org.apache.hadoop.mapred.MapTask$MapOutputBuffer
2024-04-24T05:12:42,536  INFO [LocalJobRunner Map Task Executor #0] exec.MapOperator: Initializing Operator: MAP[0]
2024-04-24T05:12:42,537  INFO [LocalJobRunner Map Task Executor #0] mr.ExecMapper: 
<MAP>Id =0
  <Children>null
  <\Children>
  <Parent><\Parent>
<\MAP>
2024-04-24T05:12:42,540  INFO [LocalJobRunner Map Task Executor #0] exec.TableScanOperator: Initializing Operator: TS[0]
2024-04-24T05:12:42,540  INFO [LocalJobRunner Map Task Executor #0] exec.SelectOperator: Initializing Operator: SEL[1]
2024-04-24T05:12:42,542  INFO [LocalJobRunner Map Task Executor #0] exec.SelectOperator: SELECT null
2024-04-24T05:12:42,543  INFO [LocalJobRunner Map Task Executor #0] exec.UDTFOperator: Initializing Operator: UDTF[2]
2024-04-24T05:12:42,543  INFO [LocalJobRunner Map Task Executor #0] exec.SelectOperator: Initializing Operator: SEL[3]
2024-04-24T05:12:42,543  INFO [LocalJobRunner Map Task Executor #0] exec.SelectOperator: SELECT struct<col1:int,col2:int>
2024-04-24T05:12:42,543  INFO [LocalJobRunner Map Task Executor #0] exec.ReduceSinkOperator: Initializing Operator: RS[4]
2024-04-24T05:12:42,544  INFO [LocalJobRunner Map Task Executor #0] exec.ReduceSinkOperator: Using tag = -1
2024-04-24T05:12:42,562  INFO [LocalJobRunner Map Task Executor #0] exec.ReduceSinkOperator: keys are [reducesinkkey0] num distributions: 1
2024-04-24T05:12:42,563  INFO [LocalJobRunner Map Task Executor #0] exec.ReduceSinkOperator: RS[4]: records written - 1
2024-04-24T05:12:42,563  INFO [LocalJobRunner Map Task Executor #0] exec.MapOperator: MAP[0]: records read - 1
2024-04-24T05:12:42,564  INFO [LocalJobRunner Map Task Executor #0] exec.MapOperator: Closing Operator: MAP[0]
2024-04-24T05:12:42,564  INFO [LocalJobRunner Map Task Executor #0] exec.MapOperator: MAP[0]: Total records read - 3. abort - false
2024-04-24T05:12:42,564  INFO [LocalJobRunner Map Task Executor #0] exec.MapOperator: RECORDS_IN:3, DESERIALIZE_ERRORS:0, RECORDS_OUT_OPERATOR_MAP_0:0, RECORDS_OUT_INTERMEDIATE:0, 
2024-04-24T05:12:42,564  INFO [LocalJobRunner Map Task Executor #0] exec.TableScanOperator: Closing Operator: TS[0]
2024-04-24T05:12:42,565  INFO [LocalJobRunner Map Task Executor #0] exec.TableScanOperator: RECORDS_OUT_INTERMEDIATE:0, RECORDS_OUT_OPERATOR_TS_0:1, 
2024-04-24T05:12:42,565  INFO [LocalJobRunner Map Task Executor #0] exec.SelectOperator: Closing Operator: SEL[1]
2024-04-24T05:12:42,565  INFO [LocalJobRunner Map Task Executor #0] exec.SelectOperator: RECORDS_OUT_INTERMEDIATE:0, RECORDS_OUT_OPERATOR_SEL_1:1, 
2024-04-24T05:12:42,565  INFO [LocalJobRunner Map Task Executor #0] exec.UDTFOperator: Closing Operator: UDTF[2]
2024-04-24T05:12:42,565  INFO [LocalJobRunner Map Task Executor #0] exec.UDTFOperator: RECORDS_OUT_OPERATOR_UDTF_2:4, RECORDS_OUT_INTERMEDIATE:0, 
2024-04-24T05:12:42,565  INFO [LocalJobRunner Map Task Executor #0] exec.SelectOperator: Closing Operator: SEL[3]
2024-04-24T05:12:42,565  INFO [LocalJobRunner Map Task Executor #0] exec.SelectOperator: RECORDS_OUT_INTERMEDIATE:0, RECORDS_OUT_OPERATOR_SEL_3:4, 
2024-04-24T05:12:42,565  INFO [LocalJobRunner Map Task Executor #0] exec.ReduceSinkOperator: Closing Operator: RS[4]
2024-04-24T05:12:42,565  INFO [LocalJobRunner Map Task Executor #0] exec.ReduceSinkOperator: RS[4]: Total records written - 4. abort - false
2024-04-24T05:12:42,565  INFO [LocalJobRunner Map Task Executor #0] exec.ReduceSinkOperator: RECORDS_OUT_OPERATOR_RS_4:4, RECORDS_OUT_INTERMEDIATE:4, 
2024-04-24T05:12:42,570  INFO [LocalJobRunner Map Task Executor #0] mapred.LocalJobRunner: 
2024-04-24T05:12:42,570  INFO [LocalJobRunner Map Task Executor #0] mapred.MapTask: Starting flush of map output
2024-04-24T05:12:42,570  INFO [LocalJobRunner Map Task Executor #0] mapred.MapTask: Spilling map output
2024-04-24T05:12:42,570  INFO [LocalJobRunner Map Task Executor #0] mapred.MapTask: bufstart = 0; bufend = 64; bufvoid = 104857600
2024-04-24T05:12:42,570  INFO [LocalJobRunner Map Task Executor #0] mapred.MapTask: kvstart = 26214396(104857584); kvend = 26214384(104857536); length = 13/6553600
2024-04-24T05:12:42,586  INFO [LocalJobRunner Map Task Executor #0] mapred.MapTask: Finished spill 0
2024-04-24T05:12:42,597  INFO [LocalJobRunner Map Task Executor #0] mapred.Task: Task:attempt_local983278697_0001_m_000000_0 is done. And is in the process of committing
2024-04-24T05:12:42,599  INFO [LocalJobRunner Map Task Executor #0] mapred.LocalJobRunner: map
2024-04-24T05:12:42,599  INFO [LocalJobRunner Map Task Executor #0] mapred.Task: Task 'attempt_local983278697_0001_m_000000_0' done.
2024-04-24T05:12:42,601  INFO [LocalJobRunner Map Task Executor #0] mapred.Task: Final Counters for attempt_local983278697_0001_m_000000_0: Counters: 26
	File System Counters
		FILE: Number of bytes read=5781
		FILE: Number of bytes written=1250254
		FILE: Number of read operations=0
		FILE: Number of large read operations=0
		FILE: Number of write operations=0
	Map-Reduce Framework
		Map input records=4
		Map output records=4
		Map output bytes=64
		Map output materialized bytes=84
		Input split bytes=361
		Combine input records=0
		Spilled Records=4
		Failed Shuffles=0
		Merged Map outputs=0
		GC time elapsed (ms)=0
		Total committed heap usage (bytes)=911212544
	HIVE
		DESERIALIZE_ERRORS=0
		RECORDS_IN=3
		RECORDS_OUT_INTERMEDIATE=4
		RECORDS_OUT_OPERATOR_MAP_0=0
		RECORDS_OUT_OPERATOR_RS_4=4
		RECORDS_OUT_OPERATOR_SEL_1=1
		RECORDS_OUT_OPERATOR_SEL_3=4
		RECORDS_OUT_OPERATOR_TS_0=1
		RECORDS_OUT_OPERATOR_UDTF_2=4
	File Input Format Counters 
		Bytes Read=5376
2024-04-24T05:12:42,601  INFO [LocalJobRunner Map Task Executor #0] mapred.LocalJobRunner: Finishing task: attempt_local983278697_0001_m_000000_0
2024-04-24T05:12:42,601  INFO [Thread-74] mapred.LocalJobRunner: map task executor complete.
2024-04-24T05:12:42,605  INFO [Thread-74] mapred.LocalJobRunner: Waiting for reduce tasks
2024-04-24T05:12:42,606  INFO [pool-8-thread-1] mapred.LocalJobRunner: Starting task: attempt_local983278697_0001_r_000000_0
2024-04-24T05:12:42,613  INFO [pool-8-thread-1] mapred.Task:  Using ResourceCalculatorProcessTree : [ ]
2024-04-24T05:12:42,616  INFO [pool-8-thread-1] mapred.ReduceTask: Using ShuffleConsumerPlugin: org.apache.hadoop.mapreduce.task.reduce.Shuffle@38402b21
2024-04-24T05:12:42,617  WARN [pool-8-thread-1] impl.MetricsSystemImpl: JobTracker metrics system already initialized!
2024-04-24T05:12:42,632  INFO [pool-8-thread-1] reduce.MergeManagerImpl: MergerManager: memoryLimit=1336252800, maxSingleShuffleLimit=334063200, mergeThreshold=881926912, ioSortFactor=10, memToMemMergeOutputsThreshold=10
2024-04-24T05:12:42,635  INFO [EventFetcher for fetching Map Completion Events] reduce.EventFetcher: attempt_local983278697_0001_r_000000_0 Thread started: EventFetcher for fetching Map Completion Events
2024-04-24T05:12:42,658  INFO [localfetcher#1] reduce.LocalFetcher: localfetcher#1 about to shuffle output of map attempt_local983278697_0001_m_000000_0 decomp: 20 len: 24 to MEMORY
2024-04-24T05:12:42,659  INFO [localfetcher#1] reduce.InMemoryMapOutput: Read 20 bytes from map-output for attempt_local983278697_0001_m_000000_0
2024-04-24T05:12:42,661  INFO [localfetcher#1] reduce.MergeManagerImpl: closeInMemoryFile -> map-output of size: 20, inMemoryMapOutputs.size() -> 1, commitMemory -> 0, usedMemory ->20
2024-04-24T05:12:42,662  INFO [EventFetcher for fetching Map Completion Events] reduce.EventFetcher: EventFetcher is interrupted.. Returning
2024-04-24T05:12:42,663  INFO [pool-8-thread-1] mapred.LocalJobRunner: 1 / 1 copied.
2024-04-24T05:12:42,663  INFO [pool-8-thread-1] reduce.MergeManagerImpl: finalMerge called with 1 in-memory map-outputs and 0 on-disk map-outputs
2024-04-24T05:12:42,674  INFO [pool-8-thread-1] mapred.Merger: Merging 1 sorted segments
2024-04-24T05:12:42,674  INFO [pool-8-thread-1] mapred.Merger: Down to the last merge-pass, with 1 segments left of total size: 8 bytes
2024-04-24T05:12:42,677  INFO [pool-8-thread-1] reduce.MergeManagerImpl: Merged 1 segments, 20 bytes to disk to satisfy reduce memory limit
2024-04-24T05:12:42,678  INFO [pool-8-thread-1] reduce.MergeManagerImpl: Merging 1 files, 24 bytes from disk
2024-04-24T05:12:42,678  INFO [pool-8-thread-1] reduce.MergeManagerImpl: Merging 0 segments, 0 bytes from memory into reduce
2024-04-24T05:12:42,678  INFO [pool-8-thread-1] mapred.Merger: Merging 1 sorted segments
2024-04-24T05:12:42,679  INFO [pool-8-thread-1] mapred.Merger: Down to the last merge-pass, with 1 segments left of total size: 8 bytes
2024-04-24T05:12:42,679  INFO [pool-8-thread-1] mapred.LocalJobRunner: 1 / 1 copied.
2024-04-24T05:12:42,681  INFO [pool-8-thread-1] exec.SerializationUtilities: Deserializing ReduceWork using kryo
2024-04-24T05:12:42,684  INFO [pool-8-thread-1] exec.Utilities: Deserialized plan (via FILE) - name: null size: 6,35KB
2024-04-24T05:12:42,686  INFO [pool-8-thread-1] ExecReducer: 
<SEL>Id =5
  <Children>
    <FS>Id =6
      <Children>
      <\Children>
      <Parent>Id = 5 null<\Parent>
    <\FS>
  <\Children>
  <Parent><\Parent>
<\SEL>
2024-04-24T05:12:42,686  INFO [pool-8-thread-1] exec.SelectOperator: Initializing Operator: SEL[5]
2024-04-24T05:12:42,686  INFO [pool-8-thread-1] exec.SelectOperator: SELECT struct<key:struct<reducesinkkey0:int>,value:struct<_col0:int>>
2024-04-24T05:12:42,686  INFO [pool-8-thread-1] exec.FileSinkOperator: Initializing Operator: FS[6]
2024-04-24T05:12:42,687  INFO [pool-8-thread-1] exec.FileSinkOperator: Using serializer : AbstractSerDe [log=org.apache.logging.slf4j.Log4jLogger@a925655, configuration=Optional[Configuration: core-default.xml, core-site.xml, mapred-default.xml, mapred-site.xml, yarn-default.xml, yarn-site.xml, hdfs-default.xml, hdfs-site.xml, file:/home/alex/Repositories/hive/ql/target/tmp/TestTxnCommandsWithSplitUpdateAndVectorization/mapred/local/localRunner/alex/job_local983278697_0001/job_local983278697_0001.xml], properties={name=default.nonacidorctbl, columns.types=int:int, bucket_field_name=a, serialization.format=1, columns=a,b, numFilesErasureCoded=0, columns.comments=&amp#0;, bucketing_version=2, bucket_count=2, serialization.lib=org.apache.hadoop.hive.ql.io.orc.OrcSerde, file.inputformat=org.apache.hadoop.hive.ql.io.orc.OrcInputFormat, file.outputformat=org.apache.hadoop.hive.ql.io.orc.OrcOutputFormat, location=file:/home/alex/Repositories/hive/ql/target/tmp/org.apache.hadoop.hive.ql.TestTxnCommands-1713960750541/warehouse/nonacidorctbl, column.name.delimiter=,}, tableProperties={name=default.nonacidorctbl, columns.types=int:int, bucket_field_name=a, serialization.format=1, columns=a,b, numFilesErasureCoded=0, columns.comments=&amp#0;, bucketing_version=2, bucket_count=2, serialization.lib=org.apache.hadoop.hive.ql.io.orc.OrcSerde, file.inputformat=org.apache.hadoop.hive.ql.io.orc.OrcInputFormat, location=file:/home/alex/Repositories/hive/ql/target/tmp/org.apache.hadoop.hive.ql.TestTxnCommands-1713960750541/warehouse/nonacidorctbl, file.outputformat=org.apache.hadoop.hive.ql.io.orc.OrcOutputFormat, column.name.delimiter=,}, partitionProperties=Optional.empty, columnNames=[a, b], columnTypes=[int, int], getClass()=class org.apache.hadoop.hive.ql.io.orc.OrcSerde] and formatter : org.apache.hadoop.hive.ql.io.orc.OrcOutputFormat@6e10b36a
2024-04-24T05:12:42,692  INFO [pool-8-thread-1] exec.FileSinkOperator: Final Path: FS file:/home/alex/Repositories/hive/ql/target/tmp/org.apache.hadoop.hive.ql.TestTxnCommands-1713960750541/warehouse/nonacidorctbl/.hive-staging_hive_2024-04-24_05-12-38_953_6045961742094011989-1/_tmp.-ext-10000/000000_0
2024-04-24T05:12:42,693  INFO [pool-8-thread-1] exec.FileSinkOperator: Writing to temp file: FS file:/home/alex/Repositories/hive/ql/target/tmp/org.apache.hadoop.hive.ql.TestTxnCommands-1713960750541/warehouse/nonacidorctbl/.hive-staging_hive_2024-04-24_05-12-38_953_6045961742094011989-1/_task_tmp.-ext-10000/_tmp.000000_0
2024-04-24T05:12:42,693  INFO [pool-8-thread-1] exec.FileSinkOperator: New Final Path: FS file:/home/alex/Repositories/hive/ql/target/tmp/org.apache.hadoop.hive.ql.TestTxnCommands-1713960750541/warehouse/nonacidorctbl/.hive-staging_hive_2024-04-24_05-12-38_953_6045961742094011989-1/_tmp.-ext-10000/000000_0
2024-04-24T05:12:42,706  INFO [pool-8-thread-1] exec.FileSinkOperator: FS[6]: records written - 1
2024-04-24T05:12:42,721  INFO [pool-8-thread-1] impl.HadoopShimsPre2_7: Can't get KeyProvider for ORC encryption from hadoop.security.key.provider.path.
2024-04-24T05:12:42,725  INFO [pool-8-thread-1] impl.PhysicalFsWriter: ORC writer created for path: file:/home/alex/Repositories/hive/ql/target/tmp/org.apache.hadoop.hive.ql.TestTxnCommands-1713960750541/warehouse/nonacidorctbl/.hive-staging_hive_2024-04-24_05-12-38_953_6045961742094011989-1/_task_tmp.-ext-10000/_tmp.000000_0 with stripeSize: 67108864 blockSize: 268435456 compression: Compress: ZLIB buffer: 262144
2024-04-24T05:12:42,777  INFO [pool-8-thread-1] impl.WriterImpl: ORC writer created for path: file:/home/alex/Repositories/hive/ql/target/tmp/org.apache.hadoop.hive.ql.TestTxnCommands-1713960750541/warehouse/nonacidorctbl/.hive-staging_hive_2024-04-24_05-12-38_953_6045961742094011989-1/_task_tmp.-ext-10000/_tmp.000000_0 with stripeSize: 67108864 options: Compress: ZLIB buffer: 262144
2024-04-24T05:12:42,783  INFO [pool-8-thread-1] exec.SelectOperator: Closing Operator: SEL[5]
2024-04-24T05:12:42,783  INFO [pool-8-thread-1] exec.SelectOperator: RECORDS_OUT_OPERATOR_SEL_5:1, RECORDS_OUT_INTERMEDIATE:0, 
2024-04-24T05:12:42,784  INFO [pool-8-thread-1] exec.FileSinkOperator: Closing Operator: FS[6]
2024-04-24T05:12:42,784  INFO [pool-8-thread-1] exec.FileSinkOperator: FS[6]: records written - 1
2024-04-24T05:12:42,830  INFO [pool-8-thread-1] exec.FileSinkOperator: RECORDS_OUT_1_default.nonacidorctbl:1, RECORDS_OUT_INTERMEDIATE:0, TOTAL_TABLE_ROWS_WRITTEN:1, RECORDS_OUT_OPERATOR_FS_6:1, 
2024-04-24T05:12:42,831  INFO [pool-8-thread-1] mapred.Task: Task:attempt_local983278697_0001_r_000000_0 is done. And is in the process of committing
2024-04-24T05:12:42,832  INFO [pool-8-thread-1] mapred.LocalJobRunner: reduce > reduce
2024-04-24T05:12:42,832  INFO [pool-8-thread-1] mapred.Task: Task 'attempt_local983278697_0001_r_000000_0' done.
2024-04-24T05:12:42,832  INFO [pool-8-thread-1] mapred.Task: Final Counters for attempt_local983278697_0001_r_000000_0: Counters: 30
	File System Counters
		FILE: Number of bytes read=12359
		FILE: Number of bytes written=1250620
		FILE: Number of read operations=0
		FILE: Number of large read operations=0
		FILE: Number of write operations=0
	Map-Reduce Framework
		Combine input records=0
		Combine output records=0
		Reduce input groups=1
		Reduce shuffle bytes=24
		Reduce input records=1
		Reduce output records=0
		Spilled Records=1
		Shuffled Maps =1
		Failed Shuffles=0
		Merged Map outputs=1
		GC time elapsed (ms)=0
		Total committed heap usage (bytes)=911212544
	HIVE
		CREATED_FILES=1
		RECORDS_OUT_1_default.nonacidorctbl=1
		RECORDS_OUT_INTERMEDIATE=0
		RECORDS_OUT_OPERATOR_FS_6=1
		RECORDS_OUT_OPERATOR_SEL_5=1
		TOTAL_TABLE_ROWS_WRITTEN=1
	Shuffle Errors
		BAD_ID=0
		CONNECTION=0
		IO_ERROR=0
		WRONG_LENGTH=0
		WRONG_MAP=0
		WRONG_REDUCE=0
	File Output Format Counters 
		Bytes Written=0
2024-04-24T05:12:42,832  INFO [pool-8-thread-1] mapred.LocalJobRunner: Finishing task: attempt_local983278697_0001_r_000000_0
2024-04-24T05:12:42,833  INFO [pool-8-thread-1] mapred.LocalJobRunner: Starting task: attempt_local983278697_0001_r_000001_0
2024-04-24T05:12:42,834  INFO [pool-8-thread-1] mapred.Task:  Using ResourceCalculatorProcessTree : [ ]
2024-04-24T05:12:42,834  INFO [pool-8-thread-1] mapred.ReduceTask: Using ShuffleConsumerPlugin: org.apache.hadoop.mapreduce.task.reduce.Shuffle@462057a1
2024-04-24T05:12:42,834  WARN [pool-8-thread-1] impl.MetricsSystemImpl: JobTracker metrics system already initialized!
2024-04-24T05:12:42,849  INFO [pool-8-thread-1] reduce.MergeManagerImpl: MergerManager: memoryLimit=1336252800, maxSingleShuffleLimit=334063200, mergeThreshold=881926912, ioSortFactor=10, memToMemMergeOutputsThreshold=10
2024-04-24T05:12:42,850  INFO [EventFetcher for fetching Map Completion Events] reduce.EventFetcher: attempt_local983278697_0001_r_000001_0 Thread started: EventFetcher for fetching Map Completion Events
2024-04-24T05:12:42,854  INFO [localfetcher#2] reduce.LocalFetcher: localfetcher#2 about to shuffle output of map attempt_local983278697_0001_m_000000_0 decomp: 56 len: 60 to MEMORY
2024-04-24T05:12:42,854  INFO [localfetcher#2] reduce.InMemoryMapOutput: Read 56 bytes from map-output for attempt_local983278697_0001_m_000000_0
2024-04-24T05:12:42,855  INFO [localfetcher#2] reduce.MergeManagerImpl: closeInMemoryFile -> map-output of size: 56, inMemoryMapOutputs.size() -> 1, commitMemory -> 0, usedMemory ->56
2024-04-24T05:12:42,855  INFO [EventFetcher for fetching Map Completion Events] reduce.EventFetcher: EventFetcher is interrupted.. Returning
2024-04-24T05:12:42,856  INFO [pool-8-thread-1] mapred.LocalJobRunner: 1 / 1 copied.
2024-04-24T05:12:42,856  INFO [pool-8-thread-1] reduce.MergeManagerImpl: finalMerge called with 1 in-memory map-outputs and 0 on-disk map-outputs
2024-04-24T05:12:42,862  INFO [pool-8-thread-1] mapred.Merger: Merging 1 sorted segments
2024-04-24T05:12:42,862  INFO [pool-8-thread-1] mapred.Merger: Down to the last merge-pass, with 1 segments left of total size: 44 bytes
2024-04-24T05:12:42,865  INFO [pool-8-thread-1] reduce.MergeManagerImpl: Merged 1 segments, 56 bytes to disk to satisfy reduce memory limit
2024-04-24T05:12:42,866  INFO [pool-8-thread-1] reduce.MergeManagerImpl: Merging 1 files, 60 bytes from disk
2024-04-24T05:12:42,866  INFO [pool-8-thread-1] reduce.MergeManagerImpl: Merging 0 segments, 0 bytes from memory into reduce
2024-04-24T05:12:42,866  INFO [pool-8-thread-1] mapred.Merger: Merging 1 sorted segments
2024-04-24T05:12:42,866  INFO [pool-8-thread-1] mapred.Merger: Down to the last merge-pass, with 1 segments left of total size: 44 bytes
2024-04-24T05:12:42,866  INFO [pool-8-thread-1] mapred.LocalJobRunner: 1 / 1 copied.
2024-04-24T05:12:42,867  INFO [pool-8-thread-1] exec.SerializationUtilities: Deserializing ReduceWork using kryo
2024-04-24T05:12:42,870  INFO [pool-8-thread-1] exec.Utilities: Deserialized plan (via FILE) - name: null size: 6,35KB
2024-04-24T05:12:42,871  INFO [pool-8-thread-1] ExecReducer: 
<SEL>Id =5
  <Children>
    <FS>Id =6
      <Children>
      <\Children>
      <Parent>Id = 5 null<\Parent>
    <\FS>
  <\Children>
  <Parent><\Parent>
<\SEL>
2024-04-24T05:12:42,871  INFO [pool-8-thread-1] exec.SelectOperator: Initializing Operator: SEL[5]
2024-04-24T05:12:42,871  INFO [pool-8-thread-1] exec.SelectOperator: SELECT struct<key:struct<reducesinkkey0:int>,value:struct<_col0:int>>
2024-04-24T05:12:42,872  INFO [pool-8-thread-1] exec.FileSinkOperator: Initializing Operator: FS[6]
2024-04-24T05:12:42,872  INFO [pool-8-thread-1] exec.FileSinkOperator: Using serializer : AbstractSerDe [log=org.apache.logging.slf4j.Log4jLogger@a925655, configuration=Optional[Configuration: core-default.xml, core-site.xml, mapred-default.xml, mapred-site.xml, yarn-default.xml, yarn-site.xml, hdfs-default.xml, hdfs-site.xml, file:/home/alex/Repositories/hive/ql/target/tmp/TestTxnCommandsWithSplitUpdateAndVectorization/mapred/local/localRunner/alex/job_local983278697_0001/job_local983278697_0001.xml], properties={name=default.nonacidorctbl, columns.types=int:int, bucket_field_name=a, serialization.format=1, columns=a,b, numFilesErasureCoded=0, columns.comments=&amp#0;, bucketing_version=2, bucket_count=2, serialization.lib=org.apache.hadoop.hive.ql.io.orc.OrcSerde, file.inputformat=org.apache.hadoop.hive.ql.io.orc.OrcInputFormat, file.outputformat=org.apache.hadoop.hive.ql.io.orc.OrcOutputFormat, location=file:/home/alex/Repositories/hive/ql/target/tmp/org.apache.hadoop.hive.ql.TestTxnCommands-1713960750541/warehouse/nonacidorctbl, column.name.delimiter=,}, tableProperties={name=default.nonacidorctbl, columns.types=int:int, bucket_field_name=a, serialization.format=1, columns=a,b, numFilesErasureCoded=0, columns.comments=&amp#0;, bucketing_version=2, bucket_count=2, serialization.lib=org.apache.hadoop.hive.ql.io.orc.OrcSerde, file.inputformat=org.apache.hadoop.hive.ql.io.orc.OrcInputFormat, location=file:/home/alex/Repositories/hive/ql/target/tmp/org.apache.hadoop.hive.ql.TestTxnCommands-1713960750541/warehouse/nonacidorctbl, file.outputformat=org.apache.hadoop.hive.ql.io.orc.OrcOutputFormat, column.name.delimiter=,}, partitionProperties=Optional.empty, columnNames=[a, b], columnTypes=[int, int], getClass()=class org.apache.hadoop.hive.ql.io.orc.OrcSerde] and formatter : org.apache.hadoop.hive.ql.io.orc.OrcOutputFormat@3daa593e
2024-04-24T05:12:42,873  INFO [pool-8-thread-1] exec.FileSinkOperator: Final Path: FS file:/home/alex/Repositories/hive/ql/target/tmp/org.apache.hadoop.hive.ql.TestTxnCommands-1713960750541/warehouse/nonacidorctbl/.hive-staging_hive_2024-04-24_05-12-38_953_6045961742094011989-1/_tmp.-ext-10000/000001_0
2024-04-24T05:12:42,873  INFO [pool-8-thread-1] exec.FileSinkOperator: Writing to temp file: FS file:/home/alex/Repositories/hive/ql/target/tmp/org.apache.hadoop.hive.ql.TestTxnCommands-1713960750541/warehouse/nonacidorctbl/.hive-staging_hive_2024-04-24_05-12-38_953_6045961742094011989-1/_task_tmp.-ext-10000/_tmp.000001_0
2024-04-24T05:12:42,873  INFO [pool-8-thread-1] exec.FileSinkOperator: New Final Path: FS file:/home/alex/Repositories/hive/ql/target/tmp/org.apache.hadoop.hive.ql.TestTxnCommands-1713960750541/warehouse/nonacidorctbl/.hive-staging_hive_2024-04-24_05-12-38_953_6045961742094011989-1/_tmp.-ext-10000/000001_0
2024-04-24T05:12:42,873  INFO [pool-8-thread-1] exec.FileSinkOperator: FS[6]: records written - 1
2024-04-24T05:12:42,874  INFO [pool-8-thread-1] impl.PhysicalFsWriter: ORC writer created for path: file:/home/alex/Repositories/hive/ql/target/tmp/org.apache.hadoop.hive.ql.TestTxnCommands-1713960750541/warehouse/nonacidorctbl/.hive-staging_hive_2024-04-24_05-12-38_953_6045961742094011989-1/_task_tmp.-ext-10000/_tmp.000001_0 with stripeSize: 67108864 blockSize: 268435456 compression: Compress: ZLIB buffer: 262144
2024-04-24T05:12:42,879  INFO [pool-8-thread-1] impl.WriterImpl: ORC writer created for path: file:/home/alex/Repositories/hive/ql/target/tmp/org.apache.hadoop.hive.ql.TestTxnCommands-1713960750541/warehouse/nonacidorctbl/.hive-staging_hive_2024-04-24_05-12-38_953_6045961742094011989-1/_task_tmp.-ext-10000/_tmp.000001_0 with stripeSize: 67108864 options: Compress: ZLIB buffer: 262144
2024-04-24T05:12:42,880  INFO [pool-8-thread-1] exec.SelectOperator: Closing Operator: SEL[5]
2024-04-24T05:12:42,880  INFO [pool-8-thread-1] exec.SelectOperator: RECORDS_OUT_OPERATOR_SEL_5:3, RECORDS_OUT_INTERMEDIATE:0, 
2024-04-24T05:12:42,880  INFO [pool-8-thread-1] exec.FileSinkOperator: Closing Operator: FS[6]
2024-04-24T05:12:42,880  INFO [pool-8-thread-1] exec.FileSinkOperator: FS[6]: records written - 3
2024-04-24T05:12:42,888  INFO [pool-8-thread-1] exec.FileSinkOperator: RECORDS_OUT_OPERATOR_FS_6:3, TOTAL_TABLE_ROWS_WRITTEN:3, RECORDS_OUT_INTERMEDIATE:0, RECORDS_OUT_1_default.nonacidorctbl:3, 
2024-04-24T05:12:42,889  INFO [pool-8-thread-1] mapred.Task: Task:attempt_local983278697_0001_r_000001_0 is done. And is in the process of committing
2024-04-24T05:12:42,889  INFO [pool-8-thread-1] mapred.LocalJobRunner: reduce > reduce
2024-04-24T05:12:42,889  INFO [pool-8-thread-1] mapred.Task: Task 'attempt_local983278697_0001_r_000001_0' done.
2024-04-24T05:12:42,890  INFO [pool-8-thread-1] mapred.Task: Final Counters for attempt_local983278697_0001_r_000001_0: Counters: 30
	File System Counters
		FILE: Number of bytes read=18949
		FILE: Number of bytes written=1251039
		FILE: Number of read operations=0
		FILE: Number of large read operations=0
		FILE: Number of write operations=0
	Map-Reduce Framework
		Combine input records=0
		Combine output records=0
		Reduce input groups=3
		Reduce shuffle bytes=60
		Reduce input records=3
		Reduce output records=0
		Spilled Records=3
		Shuffled Maps =1
		Failed Shuffles=0
		Merged Map outputs=1
		GC time elapsed (ms)=13
		Total committed heap usage (bytes)=912785408
	HIVE
		CREATED_FILES=1
		RECORDS_OUT_1_default.nonacidorctbl=3
		RECORDS_OUT_INTERMEDIATE=0
		RECORDS_OUT_OPERATOR_FS_6=3
		RECORDS_OUT_OPERATOR_SEL_5=3
		TOTAL_TABLE_ROWS_WRITTEN=3
	Shuffle Errors
		BAD_ID=0
		CONNECTION=0
		IO_ERROR=0
		WRONG_LENGTH=0
		WRONG_MAP=0
		WRONG_REDUCE=0
	File Output Format Counters 
		Bytes Written=0
2024-04-24T05:12:42,890  INFO [pool-8-thread-1] mapred.LocalJobRunner: Finishing task: attempt_local983278697_0001_r_000001_0
2024-04-24T05:12:42,890  INFO [Thread-74] mapred.LocalJobRunner: reduce task executor complete.
2024-04-24 05:12:43,443 Stage-1 map = 100%,  reduce = 100%
2024-04-24T05:12:43,443  INFO [main] exec.Task: 2024-04-24 05:12:43,443 Stage-1 map = 100%,  reduce = 100%
Ended Job = job_local983278697_0001
2024-04-24T05:12:43,447  INFO [main] exec.Task: Ended Job = job_local983278697_0001
2024-04-24T05:12:43,479  INFO [main] ql.Driver: Starting task [Stage-0:MOVE] in serial mode
Loading data to table default.nonacidorctbl
2024-04-24T05:12:43,480  INFO [main] exec.Task: Loading data to table default.nonacidorctbl from file:/home/alex/Repositories/hive/ql/target/tmp/org.apache.hadoop.hive.ql.TestTxnCommands-1713960750541/warehouse/nonacidorctbl/.hive-staging_hive_2024-04-24_05-12-38_953_6045961742094011989-1/-ext-10000
2024-04-24T05:12:43,480  INFO [main] HiveMetaStore.audit: ugi=alex	ip=unknown-ip-addr	cmd=get_table : tbl=hive.default.nonacidorctbl	
2024-04-24T05:12:43,495  INFO [main] metastore.HMSHandler: Skipping translation for processor with null
2024-04-24T05:12:43,496  INFO [main] HiveMetaStore.audit: ugi=alex	ip=unknown-ip-addr	cmd=get_table : tbl=hive.default.nonacidorctbl	
2024-04-24T05:12:43,511  INFO [main] metastore.HMSHandler: Skipping translation for processor with null
2024-04-24T05:12:43,521  WARN [main] metadata.Hive: Cannot get a table snapshot for nonacidorctbl
2024-04-24T05:12:43,521  INFO [main] HiveMetaStore.audit: ugi=alex	ip=unknown-ip-addr	cmd=alter_table: hive.default.nonacidorctbl newtbl=nonacidorctbl	
2024-04-24T05:12:43,574  INFO [main] ql.Driver: Starting task [Stage-2:STATS] in serial mode
2024-04-24T05:12:43,575  INFO [main] HiveMetaStore.audit: ugi=alex	ip=unknown-ip-addr	cmd=get_table : tbl=hive.default.nonacidorctbl	
2024-04-24T05:12:43,589  INFO [main] metastore.HMSHandler: Skipping translation for processor with null
2024-04-24T05:12:43,589  INFO [main] stats.BasicStatsTask: Executing stats task
2024-04-24T05:12:43,589  INFO [main] fs.FSStatsPublisher: created : file:/home/alex/Repositories/hive/ql/target/tmp/localscratchdir/3bfb341f-377d-4e56-81ca-d304a7f4b95f/hive_2024-04-24_05-12-38_953_6045961742094011989-1/-mr-10001
2024-04-24T05:12:43,594  INFO [main] HiveMetaStore.audit: ugi=alex	ip=unknown-ip-addr	cmd=get_table : tbl=hive.default.nonacidorctbl	
2024-04-24T05:12:43,608  INFO [main] metastore.HMSHandler: Skipping translation for processor with null
2024-04-24T05:12:43,610  INFO [main] FileOperations: Read stats for default.nonacidorctbl/, numRows, true, 4, false: 
2024-04-24T05:12:43,610  INFO [main] FileOperations: Read stats for default.nonacidorctbl/, rawDataSize, true, 32, false: 
2024-04-24T05:12:43,611  WARN [main] metadata.Hive: Cannot get a table snapshot for nonacidorctbl
2024-04-24T05:12:43,611  INFO [main] HiveMetaStore.audit: ugi=alex	ip=unknown-ip-addr	cmd=alter_table: hive.default.nonacidorctbl newtbl=nonacidorctbl	
2024-04-24T05:12:43,650  INFO [main] stats.BasicStatsTask: Table default.nonacidorctbl stats: [numFiles=2, numRows=4, totalSize=499, rawDataSize=32, numFilesErasureCoded=0]
2024-04-24T05:12:43,651  INFO [main] metadata.Hive: Dumping metastore api call timing information for : execution phase
2024-04-24T05:12:43,651  INFO [main] metadata.Hive: Total time spent in each metastore function (ms): {alter_table_(String, String, String, Table, EnvironmentContext, String)=90, getTable_(GetTableRequest)=59, isCompatibleWith_(Configuration)=0}
MapReduce Jobs Launched: 
2024-04-24T05:12:43,651  INFO [main] ql.Driver: MapReduce Jobs Launched: 
Stage-Stage-1:  HDFS Read: 0 HDFS Write: 0 SUCCESS
2024-04-24T05:12:43,657  INFO [main] ql.Driver: Stage-Stage-1:  HDFS Read: 0 HDFS Write: 0 SUCCESS
Total MapReduce CPU Time Spent: 0 msec
2024-04-24T05:12:43,657  INFO [main] ql.Driver: Total MapReduce CPU Time Spent: 0 msec
2024-04-24T05:12:43,657  INFO [main] ql.Driver: Completed executing command(queryId=alex_20240424051238_333d003a-de89-483a-a418-be0e3ecf09b3); Time taken: 1.996 seconds
2024-04-24T05:12:43,657  INFO [main] lockmgr.DbTxnManager: Stopped heartbeat for query: alex_20240424051238_333d003a-de89-483a-a418-be0e3ecf09b3
2024-04-24T05:12:43,662  INFO [main] txn.TxnHandler: Expected to move at least one record from txn_components to completed_txn_components when committing txn! txnid:13
2024-04-24T05:12:43,670  INFO [main] txn.TxnHandler: Removed transactions: ([13]) from MIN_HISTORY_LEVEL
2024-04-24T05:12:43,672  WARN [main] txn.CompactionTxnHandler: No compaction queue record found for Compaction type transaction commit. txnId:13
2024-04-24T05:12:43,673  INFO [main] ql.TxnCommandsBaseForTests: Running the query: insert into acidTbl  values(2,1),(4,3),(5,6),(7,8)
2024-04-24T05:12:43,673  INFO [main] ql.Context: Deleting scratch dir: file:/home/alex/Repositories/hive/ql/target/tmp/org.apache.hadoop.hive.ql.TestTxnCommands-1713960750541/warehouse/nonacidorctbl/.hive-staging_hive_2024-04-24_05-12-38_953_6045961742094011989-1
2024-04-24T05:12:43,674  INFO [main] cleanup.SyncCleanupService: Deleted directory: file:/home/alex/Repositories/hive/ql/target/tmp/org.apache.hadoop.hive.ql.TestTxnCommands-1713960750541/warehouse/nonacidorctbl/.hive-staging_hive_2024-04-24_05-12-38_953_6045961742094011989-1 on fs with scheme file
2024-04-24T05:12:43,674  INFO [main] ql.Context: Deleting scratch dir: file:/home/alex/Repositories/hive/ql/target/tmp/localscratchdir/3bfb341f-377d-4e56-81ca-d304a7f4b95f/hive_2024-04-24_05-12-38_953_6045961742094011989-1
2024-04-24T05:12:43,674  INFO [main] cleanup.SyncCleanupService: Deleted directory: file:/home/alex/Repositories/hive/ql/target/tmp/localscratchdir/3bfb341f-377d-4e56-81ca-d304a7f4b95f/hive_2024-04-24_05-12-38_953_6045961742094011989-1 on fs with scheme file
2024-04-24T05:12:43,675  INFO [main] ql.Driver: Compiling command(queryId=alex_20240424051243_f0a1fab5-4b20-4fcc-b2df-63620b3a2340): insert into acidTbl  values(2,1),(4,3),(5,6),(7,8)
2024-04-24T05:12:43,687  INFO [main] txn.TxnHandler: Added entries to MIN_HISTORY_LEVEL for current txns: ([14]) with min_open_txn: 14
2024-04-24T05:12:43,687  INFO [main] lockmgr.DbTxnManager: Opened txnid:14
2024-04-24T05:12:43,690  INFO [main] parse.CalcitePlanner: Starting caching scope for: 
2024-04-24T05:12:43,690  INFO [main] parse.CalcitePlanner: Starting Semantic Analysis
2024-04-24T05:12:43,694  INFO [main] HiveMetaStore.audit: ugi=alex	ip=unknown-ip-addr	cmd=get_table : tbl=hive.default.acidTbl	
2024-04-24T05:12:43,705  INFO [main] metastore.HMSHandler: Skipping translation for processor with null
2024-04-24T05:12:43,705  INFO [main] parse.CalcitePlanner: Completed phase 1 of Semantic Analysis
2024-04-24T05:12:43,705  INFO [main] parse.CalcitePlanner: Get metadata for source tables
2024-04-24T05:12:43,705  INFO [main] parse.CalcitePlanner: Get metadata for subqueries
2024-04-24T05:12:43,705  INFO [main] parse.CalcitePlanner: Get metadata for destination tables
2024-04-24T05:12:43,705  INFO [main] HiveMetaStore.audit: ugi=alex	ip=unknown-ip-addr	cmd=get_table : tbl=hive.default.acidTbl	
2024-04-24T05:12:43,716  INFO [main] metastore.HMSHandler: Skipping translation for processor with null
2024-04-24T05:12:43,716  INFO [main] parse.CalcitePlanner: Completed getting MetaData in Semantic Analysis
2024-04-24T05:12:43,716  INFO [main] parse.CalcitePlanner: Disabling LLAP IO encode as ETL query is detected
2024-04-24T05:12:43,740  INFO [main] HiveMetaStore.audit: ugi=alex	ip=unknown-ip-addr	cmd=get_all_table_constraints : tbl=hive._dummy_database._dummy_table	
2024-04-24T05:12:43,850  INFO [main] parse.CalcitePlanner: Get metadata for source tables
2024-04-24T05:12:43,850  INFO [main] parse.CalcitePlanner: Get metadata for subqueries
2024-04-24T05:12:43,851  INFO [main] parse.CalcitePlanner: Get metadata for source tables
2024-04-24T05:12:43,852  INFO [main] HiveMetaStore.audit: ugi=alex	ip=unknown-ip-addr	cmd=get_table : tbl=hive._dummy_database._dummy_table	
2024-04-24T05:12:43,855  INFO [main] parse.CalcitePlanner: Get metadata for subqueries
2024-04-24T05:12:43,855  INFO [main] parse.CalcitePlanner: Get metadata for destination tables
2024-04-24T05:12:43,855  INFO [main] parse.CalcitePlanner: Get metadata for destination tables
2024-04-24T05:12:43,855  INFO [main] HiveMetaStore.audit: ugi=alex	ip=unknown-ip-addr	cmd=get_table : tbl=hive.default.acidTbl	
2024-04-24T05:12:43,867  INFO [main] metastore.HMSHandler: Skipping translation for processor with null
2024-04-24T05:12:43,872  INFO [main] HiveMetaStore.audit: ugi=alex	ip=unknown-ip-addr	cmd=get_not_null_constraints : tbl=hive.default.acidtbl	
2024-04-24T05:12:43,874  INFO [main] HiveMetaStore.audit: ugi=alex	ip=unknown-ip-addr	cmd=get_check_constraints : tbl=hive.default.acidtbl	
2024-04-24T05:12:43,890  INFO [main] txn.TxnHandler: Allocated writeId: 1 for txnId: 14
2024-04-24T05:12:43,890  INFO [main] txn.TxnHandler: Allocated write ids for dbName=default, tblName=acidtbl (txnIds: [14])
2024-04-24T05:12:43,893  INFO [main] parse.CalcitePlanner: CBO Succeeded; optimized logical plan.
2024-04-24T05:12:43,899  INFO [main] optimizer.ColumnPrunerProcFactory: RS 4 oldColExprMap: {KEY.reducesinkkey0=Column[_col0], VALUE._col0=Column[_col1]}
2024-04-24T05:12:43,899  INFO [main] optimizer.ColumnPrunerProcFactory: RS 4 newColExprMap: {KEY.reducesinkkey0=Column[_col0], VALUE._col0=Column[_col1]}
2024-04-24T05:12:43,900  INFO [main] optimizer.BucketVersionPopulator: not considering bucketingVersion for: TS[0] because it has -1<2 buckets 
2024-04-24T05:12:43,902  INFO [main] optimizer.SortedDynPartitionOptimizer: Sorted dynamic partitioning optimization kicked in..
2024-04-24T05:12:43,913  INFO [main] HiveMetaStore.audit: ugi=alex	ip=unknown-ip-addr	cmd=get_table : tbl=hive.default.acidtbl	
2024-04-24T05:12:43,927  INFO [main] metastore.HMSHandler: Skipping translation for processor with null
2024-04-24T05:12:43,928  INFO [main] physical.Vectorizer: Examining input format to see if vectorization is enabled.
2024-04-24T05:12:43,929  INFO [main] physical.Vectorizer: Map vectorization enabled: false
2024-04-24T05:12:43,929  INFO [main] physical.Vectorizer: Map vectorized: false
2024-04-24T05:12:43,929  INFO [main] physical.Vectorizer: Map vectorizedVertexNum: 0
2024-04-24T05:12:43,929  INFO [main] physical.Vectorizer: Map enabledConditionsMet: [hive.vectorized.use.vectorized.input.format IS true]
2024-04-24T05:12:43,929  INFO [main] physical.Vectorizer: Map enabledConditionsNotMet: [Could not enable vectorization due to partition column names size 1 is greater than the number of table column names size 0 IS false]
2024-04-24T05:12:43,929  INFO [main] physical.Vectorizer: Map inputFileFormatClassNameSet: [org.apache.hadoop.hive.ql.io.NullRowsInputFormat]
2024-04-24T05:12:43,929  INFO [main] physical.Vectorizer: Reduce vectorization enabled: false
2024-04-24T05:12:43,929  INFO [main] physical.Vectorizer: Reduce vectorized: false
2024-04-24T05:12:43,929  INFO [main] physical.Vectorizer: Reduce vectorizedVertexNum: 1
2024-04-24T05:12:43,929  INFO [main] physical.Vectorizer: Reducer hive.vectorized.execution.reduce.enabled: true
2024-04-24T05:12:43,929  INFO [main] physical.Vectorizer: Reducer engine: mr
2024-04-24T05:12:43,929  INFO [main] parse.CalcitePlanner: Completed plan generation
2024-04-24T05:12:43,929  INFO [main] parse.CalcitePlanner: Ending caching scope for: 
2024-04-24T05:12:43,929  INFO [main] ql.Driver: Semantic Analysis Completed (retrial = false)
2024-04-24T05:12:43,929  INFO [main] ql.Driver: Created Hive schema: Schema(fieldSchemas:[FieldSchema(name:col1, type:int, comment:null), FieldSchema(name:col2, type:int, comment:null)], properties:null)
2024-04-24T05:12:43,929  INFO [main] metadata.Hive: Dumping metastore api call timing information for : compilation phase
2024-04-24T05:12:43,929  INFO [main] metadata.Hive: Total time spent in each metastore function (ms): {getAllTableConstraints_(AllTableConstraintsRequest)=7, getTable_(GetTableRequest)=49, allocateTableWriteId_(long, String, String)=15, getNotNullConstraints_(NotNullConstraintsRequest)=2, commitTxn_(CommitTxnRequest)=15, isCompatibleWith_(Configuration)=2, getValidWriteIds_(List, String)=4, openTxn_(String, TxnType)=11, flushCache_()=0, getValidTxns_(long)=3, getCheckConstraints_(CheckConstraintsRequest)=2}
2024-04-24T05:12:43,930  INFO [main] ql.Driver: Completed compiling command(queryId=alex_20240424051243_f0a1fab5-4b20-4fcc-b2df-63620b3a2340); Time taken: 0.254 seconds
2024-04-24T05:12:43,931  INFO [main] lockmgr.DbTxnManager: Setting lock request transaction to txnid:14 for queryId=alex_20240424051243_f0a1fab5-4b20-4fcc-b2df-63620b3a2340
2024-04-24T05:12:43,931  INFO [main] lockmgr.DbLockManager: Requesting lock for queryId=alex_20240424051243_f0a1fab5-4b20-4fcc-b2df-63620b3a2340
2024-04-24T05:12:43,961  INFO [main] lockmgr.DbLockManager: Response to queryId=alex_20240424051243_f0a1fab5-4b20-4fcc-b2df-63620b3a2340 LockResponse(lockid:8, state:ACQUIRED)
2024-04-24T05:12:43,961  INFO [main] ql.Driver: Operation QUERY obtained 1 locks
2024-04-24T05:12:43,965  INFO [main] ql.Driver: Executing command(queryId=alex_20240424051243_f0a1fab5-4b20-4fcc-b2df-63620b3a2340): insert into acidTbl  values(2,1),(4,3),(5,6),(7,8)
2024-04-24T05:12:43,965  WARN [main] ql.Driver: Hive-on-MR is deprecated in Hive 2 and may not be available in the future versions. Consider using a different execution engine (i.e. spark, tez) or using Hive 1.X releases.
Query ID = alex_20240424051243_f0a1fab5-4b20-4fcc-b2df-63620b3a2340
2024-04-24T05:12:43,965  INFO [main] ql.Driver: Query ID = alex_20240424051243_f0a1fab5-4b20-4fcc-b2df-63620b3a2340
Total jobs = 1
2024-04-24T05:12:43,965  INFO [main] ql.Driver: Total jobs = 1
Launching Job 1 out of 1
2024-04-24T05:12:43,965  INFO [main] ql.Driver: Launching Job 1 out of 1
2024-04-24T05:12:44,110  INFO [main] ql.Driver: Starting task [Stage-1:MAPRED] in serial mode
Number of reduce tasks determined at compile time: 2
2024-04-24T05:12:44,110  INFO [main] exec.Task: Number of reduce tasks determined at compile time: 2
In order to change the average load for a reducer (in bytes):
2024-04-24T05:12:44,110  INFO [main] exec.Task: In order to change the average load for a reducer (in bytes):
  set hive.exec.reducers.bytes.per.reducer=<number>
2024-04-24T05:12:44,110  INFO [main] exec.Task:   set hive.exec.reducers.bytes.per.reducer=<number>
In order to limit the maximum number of reducers:
2024-04-24T05:12:44,110  INFO [main] exec.Task: In order to limit the maximum number of reducers:
  set hive.exec.reducers.max=<number>
2024-04-24T05:12:44,110  INFO [main] exec.Task:   set hive.exec.reducers.max=<number>
In order to set a constant number of reducers:
2024-04-24T05:12:44,111  INFO [main] exec.Task: In order to set a constant number of reducers:
  set mapreduce.job.reduces=<number>
2024-04-24T05:12:44,111  INFO [main] exec.Task:   set mapreduce.job.reduces=<number>
2024-04-24T05:12:44,113  INFO [main] mr.ExecDriver: Using org.apache.hadoop.hive.ql.io.HiveInputFormat
2024-04-24T05:12:44,113  INFO [main] exec.Utilities: Processing alias $hdt$_0:_dummy_table
2024-04-24T05:12:44,113  INFO [main] exec.Utilities: Adding 1 inputs; the first input is file:/home/alex/Repositories/hive/ql/target/tmp/localscratchdir/3bfb341f-377d-4e56-81ca-d304a7f4b95f/hive_2024-04-24_05-12-43_675_2096059218700553793-1/dummy_path
2024-04-24T05:12:44,123  INFO [main] exec.SerializationUtilities: Serializing MapWork using kryo
2024-04-24T05:12:44,126  INFO [main] exec.Utilities: Serialized plan (via FILE) - name: null size: 5,35KB
2024-04-24T05:12:44,131  INFO [main] exec.SerializationUtilities: Serializing ReduceWork using kryo
2024-04-24T05:12:44,142  INFO [main] exec.Utilities: Serialized plan (via FILE) - name: null size: 5,96KB
2024-04-24T05:12:44,144  WARN [main] impl.MetricsSystemImpl: JobTracker metrics system already initialized!
2024-04-24T05:12:44,148  INFO [main] fs.FSStatsPublisher: created : file:/home/alex/Repositories/hive/ql/target/tmp/localscratchdir/3bfb341f-377d-4e56-81ca-d304a7f4b95f/hive_2024-04-24_05-12-43_675_2096059218700553793-1/-mr-10000
2024-04-24T05:12:44,151  WARN [main] impl.MetricsSystemImpl: JobTracker metrics system already initialized!
2024-04-24T05:12:44,159  WARN [main] mapreduce.JobResourceUploader: Hadoop command-line option parsing not performed. Implement the Tool interface and execute your application with ToolRunner to remedy this.
2024-04-24T05:12:44,164  WARN [main] mapreduce.JobResourceUploader: No job jar file set.  User classes may not be found. See Job or Job#setJar(String).
2024-04-24T05:12:44,165  INFO [main] io.HiveInputFormat: hive.io.file.readcolumn.ids = 
2024-04-24T05:12:44,165  INFO [main] io.HiveInputFormat: hive.io.file.readcolumn.names = 
2024-04-24T05:12:44,165  INFO [main] io.HiveInputFormat: Generating splits for dirs: file:/home/alex/Repositories/hive/ql/target/tmp/localscratchdir/3bfb341f-377d-4e56-81ca-d304a7f4b95f/hive_2024-04-24_05-12-43_675_2096059218700553793-1/dummy_path
2024-04-24T05:12:44,166  INFO [main] io.HiveInputFormat: number of splits 1
2024-04-24T05:12:44,185  INFO [main] mapreduce.JobSubmitter: number of splits:1
2024-04-24T05:12:44,208  INFO [main] mapreduce.JobSubmitter: Submitting tokens for job: job_local153580033_0002
2024-04-24T05:12:44,208  INFO [main] mapreduce.JobSubmitter: Executing with tokens: []
2024-04-24T05:12:44,287  INFO [main] mapreduce.Job: The url to track the job: http://localhost:8080/
Job running in-process (local Hadoop)
2024-04-24T05:12:44,287  INFO [main] exec.Task: Job running in-process (local Hadoop)
2024-04-24T05:12:44,288  INFO [Thread-139] mapred.LocalJobRunner: OutputCommitter set in config org.apache.hadoop.hive.ql.io.HiveFileFormatUtils$NullOutputCommitter
2024-04-24T05:12:44,288  INFO [Thread-139] mapred.LocalJobRunner: OutputCommitter is org.apache.hadoop.hive.ql.io.HiveFileFormatUtils$NullOutputCommitter
2024-04-24T05:12:44,289  INFO [Thread-139] mapred.LocalJobRunner: Waiting for map tasks
2024-04-24T05:12:44,289  INFO [LocalJobRunner Map Task Executor #0] mapred.LocalJobRunner: Starting task: attempt_local153580033_0002_m_000000_0
2024-04-24T05:12:44,290  INFO [LocalJobRunner Map Task Executor #0] mapred.Task:  Using ResourceCalculatorProcessTree : [ ]
2024-04-24T05:12:44,291  INFO [LocalJobRunner Map Task Executor #0] mapred.MapTask: Processing split: org.apache.hadoop.hive.ql.io.NullRowsInputFormat:file:/home/alex/Repositories/hive/ql/target/tmp/localscratchdir/3bfb341f-377d-4e56-81ca-d304a7f4b95f/hive_2024-04-24_05-12-43_675_2096059218700553793-1/dummy_path/null:0+1
2024-04-24T05:12:44,291  INFO [LocalJobRunner Map Task Executor #0] exec.SerializationUtilities: Deserializing MapWork using kryo
2024-04-24T05:12:44,293  INFO [LocalJobRunner Map Task Executor #0] exec.Utilities: Deserialized plan (via FILE) - name: null size: 5,35KB
2024-04-24T05:12:44,294  INFO [LocalJobRunner Map Task Executor #0] mapred.MapTask: numReduceTasks: 2
2024-04-24T05:12:44,298  INFO [LocalJobRunner Map Task Executor #0] mapred.MapTask: (EQUATOR) 0 kvi 26214396(104857584)
2024-04-24T05:12:44,298  INFO [LocalJobRunner Map Task Executor #0] mapred.MapTask: mapreduce.task.io.sort.mb: 100
2024-04-24T05:12:44,298  INFO [LocalJobRunner Map Task Executor #0] mapred.MapTask: soft limit at 83886080
2024-04-24T05:12:44,298  INFO [LocalJobRunner Map Task Executor #0] mapred.MapTask: bufstart = 0; bufvoid = 104857600
2024-04-24T05:12:44,298  INFO [LocalJobRunner Map Task Executor #0] mapred.MapTask: kvstart = 26214396; length = 6553600
2024-04-24T05:12:44,299  INFO [LocalJobRunner Map Task Executor #0] mapred.MapTask: Map output collector class = org.apache.hadoop.mapred.MapTask$MapOutputBuffer
2024-04-24T05:12:44,299  INFO [LocalJobRunner Map Task Executor #0] exec.MapOperator: Initializing Operator: MAP[0]
2024-04-24T05:12:44,300  INFO [LocalJobRunner Map Task Executor #0] mr.ExecMapper: 
<MAP>Id =0
  <Children>null
  <\Children>
  <Parent><\Parent>
<\MAP>
2024-04-24T05:12:44,300  INFO [LocalJobRunner Map Task Executor #0] exec.TableScanOperator: Initializing Operator: TS[0]
2024-04-24T05:12:44,300  INFO [LocalJobRunner Map Task Executor #0] exec.SelectOperator: Initializing Operator: SEL[1]
2024-04-24T05:12:44,301  INFO [LocalJobRunner Map Task Executor #0] exec.SelectOperator: SELECT null
2024-04-24T05:12:44,301  INFO [LocalJobRunner Map Task Executor #0] exec.UDTFOperator: Initializing Operator: UDTF[2]
2024-04-24T05:12:44,301  INFO [LocalJobRunner Map Task Executor #0] exec.SelectOperator: Initializing Operator: SEL[3]
2024-04-24T05:12:44,301  INFO [LocalJobRunner Map Task Executor #0] exec.SelectOperator: SELECT struct<col1:int,col2:int>
2024-04-24T05:12:44,301  INFO [LocalJobRunner Map Task Executor #0] exec.ReduceSinkOperator: Initializing Operator: RS[4]
2024-04-24T05:12:44,301  INFO [LocalJobRunner Map Task Executor #0] exec.ReduceSinkOperator: Using tag = -1
2024-04-24T05:12:44,302  INFO [LocalJobRunner Map Task Executor #0] exec.ReduceSinkOperator: keys are [reducesinkkey0] num distributions: 1
2024-04-24T05:12:44,302  INFO [LocalJobRunner Map Task Executor #0] exec.ReduceSinkOperator: RS[4]: records written - 1
2024-04-24T05:12:44,302  INFO [LocalJobRunner Map Task Executor #0] exec.MapOperator: MAP[0]: records read - 1
2024-04-24T05:12:44,303  INFO [LocalJobRunner Map Task Executor #0] exec.MapOperator: Closing Operator: MAP[0]
2024-04-24T05:12:44,303  INFO [LocalJobRunner Map Task Executor #0] exec.MapOperator: MAP[0]: Total records read - 3. abort - false
2024-04-24T05:12:44,303  INFO [LocalJobRunner Map Task Executor #0] exec.MapOperator: DESERIALIZE_ERRORS:0, RECORDS_OUT_INTERMEDIATE:0, RECORDS_OUT_OPERATOR_MAP_0:0, RECORDS_IN:3, 
2024-04-24T05:12:44,303  INFO [LocalJobRunner Map Task Executor #0] exec.TableScanOperator: Closing Operator: TS[0]
2024-04-24T05:12:44,303  INFO [LocalJobRunner Map Task Executor #0] exec.TableScanOperator: RECORDS_OUT_INTERMEDIATE:0, RECORDS_OUT_OPERATOR_TS_0:1, 
2024-04-24T05:12:44,303  INFO [LocalJobRunner Map Task Executor #0] exec.SelectOperator: Closing Operator: SEL[1]
2024-04-24T05:12:44,303  INFO [LocalJobRunner Map Task Executor #0] exec.SelectOperator: RECORDS_OUT_OPERATOR_SEL_1:1, RECORDS_OUT_INTERMEDIATE:0, 
2024-04-24T05:12:44,303  INFO [LocalJobRunner Map Task Executor #0] exec.UDTFOperator: Closing Operator: UDTF[2]
2024-04-24T05:12:44,303  INFO [LocalJobRunner Map Task Executor #0] exec.UDTFOperator: RECORDS_OUT_INTERMEDIATE:0, RECORDS_OUT_OPERATOR_UDTF_2:4, 
2024-04-24T05:12:44,303  INFO [LocalJobRunner Map Task Executor #0] exec.SelectOperator: Closing Operator: SEL[3]
2024-04-24T05:12:44,304  INFO [LocalJobRunner Map Task Executor #0] exec.SelectOperator: RECORDS_OUT_OPERATOR_SEL_3:4, RECORDS_OUT_INTERMEDIATE:0, 
2024-04-24T05:12:44,304  INFO [LocalJobRunner Map Task Executor #0] exec.ReduceSinkOperator: Closing Operator: RS[4]
2024-04-24T05:12:44,304  INFO [LocalJobRunner Map Task Executor #0] exec.ReduceSinkOperator: RS[4]: Total records written - 4. abort - false
2024-04-24T05:12:44,304  INFO [LocalJobRunner Map Task Executor #0] exec.ReduceSinkOperator: RECORDS_OUT_INTERMEDIATE:4, RECORDS_OUT_OPERATOR_RS_4:4, 
2024-04-24T05:12:44,305  INFO [LocalJobRunner Map Task Executor #0] mapred.LocalJobRunner: 
2024-04-24T05:12:44,305  INFO [LocalJobRunner Map Task Executor #0] mapred.MapTask: Starting flush of map output
2024-04-24T05:12:44,305  INFO [LocalJobRunner Map Task Executor #0] mapred.MapTask: Spilling map output
2024-04-24T05:12:44,305  INFO [LocalJobRunner Map Task Executor #0] mapred.MapTask: bufstart = 0; bufend = 64; bufvoid = 104857600
2024-04-24T05:12:44,305  INFO [LocalJobRunner Map Task Executor #0] mapred.MapTask: kvstart = 26214396(104857584); kvend = 26214384(104857536); length = 13/6553600
2024-04-24T05:12:44,316  INFO [LocalJobRunner Map Task Executor #0] mapred.MapTask: Finished spill 0
2024-04-24T05:12:44,319  INFO [LocalJobRunner Map Task Executor #0] mapred.Task: Task:attempt_local153580033_0002_m_000000_0 is done. And is in the process of committing
2024-04-24T05:12:44,320  INFO [LocalJobRunner Map Task Executor #0] mapred.LocalJobRunner: map
2024-04-24T05:12:44,320  INFO [LocalJobRunner Map Task Executor #0] mapred.Task: Task 'attempt_local153580033_0002_m_000000_0' done.
2024-04-24T05:12:44,321  INFO [LocalJobRunner Map Task Executor #0] mapred.Task: Final Counters for attempt_local153580033_0002_m_000000_0: Counters: 26
	File System Counters
		FILE: Number of bytes read=24941
		FILE: Number of bytes written=2502293
		FILE: Number of read operations=0
		FILE: Number of large read operations=0
		FILE: Number of write operations=0
	Map-Reduce Framework
		Map input records=4
		Map output records=4
		Map output bytes=64
		Map output materialized bytes=84
		Input split bytes=361
		Combine input records=0
		Spilled Records=4
		Failed Shuffles=0
		Merged Map outputs=0
		GC time elapsed (ms)=0
		Total committed heap usage (bytes)=912785408
	HIVE
		DESERIALIZE_ERRORS=0
		RECORDS_IN=3
		RECORDS_OUT_INTERMEDIATE=4
		RECORDS_OUT_OPERATOR_MAP_0=0
		RECORDS_OUT_OPERATOR_RS_4=4
		RECORDS_OUT_OPERATOR_SEL_1=1
		RECORDS_OUT_OPERATOR_SEL_3=4
		RECORDS_OUT_OPERATOR_TS_0=1
		RECORDS_OUT_OPERATOR_UDTF_2=4
	File Input Format Counters 
		Bytes Read=5401
2024-04-24T05:12:44,321  INFO [LocalJobRunner Map Task Executor #0] mapred.LocalJobRunner: Finishing task: attempt_local153580033_0002_m_000000_0
2024-04-24T05:12:44,321  INFO [Thread-139] mapred.LocalJobRunner: map task executor complete.
2024-04-24T05:12:44,322  INFO [Thread-139] mapred.LocalJobRunner: Waiting for reduce tasks
2024-04-24T05:12:44,322  INFO [pool-13-thread-1] mapred.LocalJobRunner: Starting task: attempt_local153580033_0002_r_000000_0
2024-04-24T05:12:44,323  INFO [pool-13-thread-1] mapred.Task:  Using ResourceCalculatorProcessTree : [ ]
2024-04-24T05:12:44,323  INFO [pool-13-thread-1] mapred.ReduceTask: Using ShuffleConsumerPlugin: org.apache.hadoop.mapreduce.task.reduce.Shuffle@182509da
2024-04-24T05:12:44,323  WARN [pool-13-thread-1] impl.MetricsSystemImpl: JobTracker metrics system already initialized!
2024-04-24T05:12:44,324  INFO [pool-13-thread-1] reduce.MergeManagerImpl: MergerManager: memoryLimit=1336252800, maxSingleShuffleLimit=334063200, mergeThreshold=881926912, ioSortFactor=10, memToMemMergeOutputsThreshold=10
2024-04-24T05:12:44,325  INFO [EventFetcher for fetching Map Completion Events] reduce.EventFetcher: attempt_local153580033_0002_r_000000_0 Thread started: EventFetcher for fetching Map Completion Events
2024-04-24T05:12:44,326  INFO [localfetcher#3] reduce.LocalFetcher: localfetcher#3 about to shuffle output of map attempt_local153580033_0002_m_000000_0 decomp: 38 len: 42 to MEMORY
2024-04-24T05:12:44,326  INFO [localfetcher#3] reduce.InMemoryMapOutput: Read 38 bytes from map-output for attempt_local153580033_0002_m_000000_0
2024-04-24T05:12:44,326  INFO [localfetcher#3] reduce.MergeManagerImpl: closeInMemoryFile -> map-output of size: 38, inMemoryMapOutputs.size() -> 1, commitMemory -> 0, usedMemory ->38
2024-04-24T05:12:44,327  INFO [EventFetcher for fetching Map Completion Events] reduce.EventFetcher: EventFetcher is interrupted.. Returning
2024-04-24T05:12:44,327  INFO [pool-13-thread-1] mapred.LocalJobRunner: 1 / 1 copied.
2024-04-24T05:12:44,327  INFO [pool-13-thread-1] reduce.MergeManagerImpl: finalMerge called with 1 in-memory map-outputs and 0 on-disk map-outputs
2024-04-24T05:12:44,333  INFO [pool-13-thread-1] mapred.Merger: Merging 1 sorted segments
2024-04-24T05:12:44,334  INFO [pool-13-thread-1] mapred.Merger: Down to the last merge-pass, with 1 segments left of total size: 26 bytes
2024-04-24T05:12:44,336  INFO [pool-13-thread-1] reduce.MergeManagerImpl: Merged 1 segments, 38 bytes to disk to satisfy reduce memory limit
2024-04-24T05:12:44,336  INFO [pool-13-thread-1] reduce.MergeManagerImpl: Merging 1 files, 42 bytes from disk
2024-04-24T05:12:44,336  INFO [pool-13-thread-1] reduce.MergeManagerImpl: Merging 0 segments, 0 bytes from memory into reduce
2024-04-24T05:12:44,336  INFO [pool-13-thread-1] mapred.Merger: Merging 1 sorted segments
2024-04-24T05:12:44,336  INFO [pool-13-thread-1] mapred.Merger: Down to the last merge-pass, with 1 segments left of total size: 26 bytes
2024-04-24T05:12:44,337  INFO [pool-13-thread-1] mapred.LocalJobRunner: 1 / 1 copied.
2024-04-24T05:12:44,337  INFO [pool-13-thread-1] exec.SerializationUtilities: Deserializing ReduceWork using kryo
2024-04-24T05:12:44,340  INFO [pool-13-thread-1] exec.Utilities: Deserialized plan (via FILE) - name: null size: 5,96KB
2024-04-24T05:12:44,341  INFO [pool-13-thread-1] ExecReducer: 
<SEL>Id =5
  <Children>
    <FS>Id =6
      <Children>
      <\Children>
      <Parent>Id = 5 null<\Parent>
    <\FS>
  <\Children>
  <Parent><\Parent>
<\SEL>
2024-04-24T05:12:44,341  INFO [pool-13-thread-1] exec.SelectOperator: Initializing Operator: SEL[5]
2024-04-24T05:12:44,341  INFO [pool-13-thread-1] exec.SelectOperator: SELECT struct<key:struct<reducesinkkey0:int>,value:struct<_col0:int>>
2024-04-24T05:12:44,342  INFO [pool-13-thread-1] exec.FileSinkOperator: Initializing Operator: FS[6]
2024-04-24T05:12:44,342  INFO [pool-13-thread-1] exec.FileSinkOperator: Using serializer : AbstractSerDe [log=org.apache.logging.slf4j.Log4jLogger@a925655, configuration=Optional[Configuration: core-default.xml, core-site.xml, mapred-default.xml, mapred-site.xml, yarn-default.xml, yarn-site.xml, hdfs-default.xml, hdfs-site.xml, file:/home/alex/Repositories/hive/ql/target/tmp/TestTxnCommandsWithSplitUpdateAndVectorization/mapred/local/localRunner/alex/job_local153580033_0002/job_local153580033_0002.xml], properties={transactional_properties=default, name=default.acidtbl, transactional=true, columns.types=int:int, bucket_field_name=a, columns=a,b, numFilesErasureCoded=0, columns.comments=&amp#0;, bucketing_version=2, bucket_count=2, serialization.lib=org.apache.hadoop.hive.ql.io.orc.OrcSerde, file.inputformat=org.apache.hadoop.hive.ql.io.orc.OrcInputFormat, file.outputformat=org.apache.hadoop.hive.ql.io.orc.OrcOutputFormat, location=file:/home/alex/Repositories/hive/ql/target/tmp/org.apache.hadoop.hive.ql.TestTxnCommands-1713960750541/warehouse/acidtbl, column.name.delimiter=,}, tableProperties={transactional_properties=default, name=default.acidtbl, transactional=true, columns.types=int:int, bucket_field_name=a, columns=a,b, numFilesErasureCoded=0, columns.comments=&amp#0;, bucketing_version=2, bucket_count=2, serialization.lib=org.apache.hadoop.hive.ql.io.orc.OrcSerde, file.inputformat=org.apache.hadoop.hive.ql.io.orc.OrcInputFormat, location=file:/home/alex/Repositories/hive/ql/target/tmp/org.apache.hadoop.hive.ql.TestTxnCommands-1713960750541/warehouse/acidtbl, file.outputformat=org.apache.hadoop.hive.ql.io.orc.OrcOutputFormat, column.name.delimiter=,}, partitionProperties=Optional.empty, columnNames=[a, b], columnTypes=[int, int], getClass()=class org.apache.hadoop.hive.ql.io.orc.OrcSerde] and formatter : org.apache.hadoop.hive.ql.io.orc.OrcOutputFormat@17bef29f
2024-04-24T05:12:44,343  INFO [pool-13-thread-1] exec.FileSinkOperator: Final Path: FS file:/home/alex/Repositories/hive/ql/target/tmp/org.apache.hadoop.hive.ql.TestTxnCommands-1713960750541/warehouse/acidtbl
2024-04-24T05:12:44,343  INFO [pool-13-thread-1] exec.FileSinkOperator: New Final Path: FS file:/home/alex/Repositories/hive/ql/target/tmp/org.apache.hadoop.hive.ql.TestTxnCommands-1713960750541/warehouse/acidtbl
2024-04-24T05:12:44,343  INFO [pool-13-thread-1] common.FileUtils: Creating directory if it doesn't exist: file:/home/alex/Repositories/hive/ql/target/tmp/org.apache.hadoop.hive.ql.TestTxnCommands-1713960750541/warehouse
2024-04-24T05:12:44,348  INFO [pool-13-thread-1] exec.FileSinkOperator: FS[6]: records written - 1
2024-04-24T05:12:44,348  INFO [pool-13-thread-1] impl.PhysicalFsWriter: ORC writer created for path: file:/home/alex/Repositories/hive/ql/target/tmp/org.apache.hadoop.hive.ql.TestTxnCommands-1713960750541/warehouse/acidtbl/delta_0000001_0000001_0000/bucket_00000_0 with stripeSize: 8388608 blockSize: 268435456 compression: Compress: ZLIB buffer: 32768
2024-04-24T05:12:44,356  INFO [pool-13-thread-1] impl.WriterImpl: ORC writer created for path: file:/home/alex/Repositories/hive/ql/target/tmp/org.apache.hadoop.hive.ql.TestTxnCommands-1713960750541/warehouse/acidtbl/delta_0000001_0000001_0000/bucket_00000_0 with stripeSize: 8388608 options: Compress: ZLIB buffer: 32768
2024-04-24T05:12:44,361  INFO [pool-13-thread-1] exec.SelectOperator: Closing Operator: SEL[5]
2024-04-24T05:12:44,361  INFO [pool-13-thread-1] exec.SelectOperator: RECORDS_OUT_INTERMEDIATE:0, RECORDS_OUT_OPERATOR_SEL_5:2, 
2024-04-24T05:12:44,362  INFO [pool-13-thread-1] exec.FileSinkOperator: Closing Operator: FS[6]
2024-04-24T05:12:44,362  INFO [pool-13-thread-1] exec.FileSinkOperator: FS[6]: records written - 2
2024-04-24T05:12:44,366  INFO [pool-13-thread-1] FileOperations: Writing manifest to file:/home/alex/Repositories/hive/ql/target/tmp/org.apache.hadoop.hive.ql.TestTxnCommands-1713960750541/warehouse/acidtbl/_tmp.delta_0000001_0000001_0000/000000_0.manifest with [file:/home/alex/Repositories/hive/ql/target/tmp/org.apache.hadoop.hive.ql.TestTxnCommands-1713960750541/warehouse/acidtbl/delta_0000001_0000001_0000/bucket_00000_0]
2024-04-24T05:12:44,378  INFO [pool-13-thread-1] exec.FileSinkOperator: RECORDS_OUT_INTERMEDIATE:0, TOTAL_TABLE_ROWS_WRITTEN:2, RECORDS_OUT_1_default.acidtbl:2, RECORDS_OUT_OPERATOR_FS_6:2, 
2024-04-24T05:12:44,378  INFO [pool-13-thread-1] mapred.Task: Task:attempt_local153580033_0002_r_000000_0 is done. And is in the process of committing
2024-04-24T05:12:44,379  INFO [pool-13-thread-1] mapred.LocalJobRunner: reduce > reduce
2024-04-24T05:12:44,379  INFO [pool-13-thread-1] mapred.Task: Task 'attempt_local153580033_0002_r_000000_0' done.
2024-04-24T05:12:44,379  INFO [pool-13-thread-1] mapred.Task: Final Counters for attempt_local153580033_0002_r_000000_0: Counters: 30
	File System Counters
		FILE: Number of bytes read=31145
		FILE: Number of bytes written=2503362
		FILE: Number of read operations=0
		FILE: Number of large read operations=0
		FILE: Number of write operations=0
	Map-Reduce Framework
		Combine input records=0
		Combine output records=0
		Reduce input groups=2
		Reduce shuffle bytes=42
		Reduce input records=2
		Reduce output records=0
		Spilled Records=2
		Shuffled Maps =1
		Failed Shuffles=0
		Merged Map outputs=1
		GC time elapsed (ms)=0
		Total committed heap usage (bytes)=912785408
	HIVE
		CREATED_FILES=1
		RECORDS_OUT_1_default.acidtbl=2
		RECORDS_OUT_INTERMEDIATE=0
		RECORDS_OUT_OPERATOR_FS_6=2
		RECORDS_OUT_OPERATOR_SEL_5=2
		TOTAL_TABLE_ROWS_WRITTEN=2
	Shuffle Errors
		BAD_ID=0
		CONNECTION=0
		IO_ERROR=0
		WRONG_LENGTH=0
		WRONG_MAP=0
		WRONG_REDUCE=0
	File Output Format Counters 
		Bytes Written=0
2024-04-24T05:12:44,379  INFO [pool-13-thread-1] mapred.LocalJobRunner: Finishing task: attempt_local153580033_0002_r_000000_0
2024-04-24T05:12:44,379  INFO [pool-13-thread-1] mapred.LocalJobRunner: Starting task: attempt_local153580033_0002_r_000001_0
2024-04-24T05:12:44,380  INFO [pool-13-thread-1] mapred.Task:  Using ResourceCalculatorProcessTree : [ ]
2024-04-24T05:12:44,380  INFO [pool-13-thread-1] mapred.ReduceTask: Using ShuffleConsumerPlugin: org.apache.hadoop.mapreduce.task.reduce.Shuffle@7ed702ca
2024-04-24T05:12:44,380  WARN [pool-13-thread-1] impl.MetricsSystemImpl: JobTracker metrics system already initialized!
2024-04-24T05:12:44,381  INFO [pool-13-thread-1] reduce.MergeManagerImpl: MergerManager: memoryLimit=1336252800, maxSingleShuffleLimit=334063200, mergeThreshold=881926912, ioSortFactor=10, memToMemMergeOutputsThreshold=10
2024-04-24T05:12:44,382  INFO [EventFetcher for fetching Map Completion Events] reduce.EventFetcher: attempt_local153580033_0002_r_000001_0 Thread started: EventFetcher for fetching Map Completion Events
2024-04-24T05:12:44,385  INFO [localfetcher#4] reduce.LocalFetcher: localfetcher#4 about to shuffle output of map attempt_local153580033_0002_m_000000_0 decomp: 38 len: 42 to MEMORY
2024-04-24T05:12:44,385  INFO [localfetcher#4] reduce.InMemoryMapOutput: Read 38 bytes from map-output for attempt_local153580033_0002_m_000000_0
2024-04-24T05:12:44,385  INFO [localfetcher#4] reduce.MergeManagerImpl: closeInMemoryFile -> map-output of size: 38, inMemoryMapOutputs.size() -> 1, commitMemory -> 0, usedMemory ->38
2024-04-24T05:12:44,386  INFO [EventFetcher for fetching Map Completion Events] reduce.EventFetcher: EventFetcher is interrupted.. Returning
2024-04-24T05:12:44,386  INFO [pool-13-thread-1] mapred.LocalJobRunner: 1 / 1 copied.
2024-04-24T05:12:44,386  INFO [pool-13-thread-1] reduce.MergeManagerImpl: finalMerge called with 1 in-memory map-outputs and 0 on-disk map-outputs
2024-04-24T05:12:44,392  INFO [pool-13-thread-1] mapred.Merger: Merging 1 sorted segments
2024-04-24T05:12:44,392  INFO [pool-13-thread-1] mapred.Merger: Down to the last merge-pass, with 1 segments left of total size: 26 bytes
2024-04-24T05:12:44,395  INFO [pool-13-thread-1] reduce.MergeManagerImpl: Merged 1 segments, 38 bytes to disk to satisfy reduce memory limit
2024-04-24T05:12:44,395  INFO [pool-13-thread-1] reduce.MergeManagerImpl: Merging 1 files, 42 bytes from disk
2024-04-24T05:12:44,395  INFO [pool-13-thread-1] reduce.MergeManagerImpl: Merging 0 segments, 0 bytes from memory into reduce
2024-04-24T05:12:44,395  INFO [pool-13-thread-1] mapred.Merger: Merging 1 sorted segments
2024-04-24T05:12:44,395  INFO [pool-13-thread-1] mapred.Merger: Down to the last merge-pass, with 1 segments left of total size: 26 bytes
2024-04-24T05:12:44,396  INFO [pool-13-thread-1] mapred.LocalJobRunner: 1 / 1 copied.
2024-04-24T05:12:44,396  INFO [pool-13-thread-1] exec.SerializationUtilities: Deserializing ReduceWork using kryo
2024-04-24T05:12:44,397  INFO [pool-13-thread-1] exec.Utilities: Deserialized plan (via FILE) - name: null size: 5,96KB
2024-04-24T05:12:44,398  INFO [pool-13-thread-1] ExecReducer: 
<SEL>Id =5
  <Children>
    <FS>Id =6
      <Children>
      <\Children>
      <Parent>Id = 5 null<\Parent>
    <\FS>
  <\Children>
  <Parent><\Parent>
<\SEL>
2024-04-24T05:12:44,398  INFO [pool-13-thread-1] exec.SelectOperator: Initializing Operator: SEL[5]
2024-04-24T05:12:44,398  INFO [pool-13-thread-1] exec.SelectOperator: SELECT struct<key:struct<reducesinkkey0:int>,value:struct<_col0:int>>
2024-04-24T05:12:44,398  INFO [pool-13-thread-1] exec.FileSinkOperator: Initializing Operator: FS[6]
2024-04-24T05:12:44,399  INFO [pool-13-thread-1] exec.FileSinkOperator: Using serializer : AbstractSerDe [log=org.apache.logging.slf4j.Log4jLogger@a925655, configuration=Optional[Configuration: core-default.xml, core-site.xml, mapred-default.xml, mapred-site.xml, yarn-default.xml, yarn-site.xml, hdfs-default.xml, hdfs-site.xml, file:/home/alex/Repositories/hive/ql/target/tmp/TestTxnCommandsWithSplitUpdateAndVectorization/mapred/local/localRunner/alex/job_local153580033_0002/job_local153580033_0002.xml], properties={transactional_properties=default, name=default.acidtbl, transactional=true, columns.types=int:int, bucket_field_name=a, columns=a,b, numFilesErasureCoded=0, columns.comments=&amp#0;, bucketing_version=2, bucket_count=2, serialization.lib=org.apache.hadoop.hive.ql.io.orc.OrcSerde, file.inputformat=org.apache.hadoop.hive.ql.io.orc.OrcInputFormat, file.outputformat=org.apache.hadoop.hive.ql.io.orc.OrcOutputFormat, location=file:/home/alex/Repositories/hive/ql/target/tmp/org.apache.hadoop.hive.ql.TestTxnCommands-1713960750541/warehouse/acidtbl, column.name.delimiter=,}, tableProperties={transactional_properties=default, name=default.acidtbl, transactional=true, columns.types=int:int, bucket_field_name=a, columns=a,b, numFilesErasureCoded=0, columns.comments=&amp#0;, bucketing_version=2, bucket_count=2, serialization.lib=org.apache.hadoop.hive.ql.io.orc.OrcSerde, file.inputformat=org.apache.hadoop.hive.ql.io.orc.OrcInputFormat, location=file:/home/alex/Repositories/hive/ql/target/tmp/org.apache.hadoop.hive.ql.TestTxnCommands-1713960750541/warehouse/acidtbl, file.outputformat=org.apache.hadoop.hive.ql.io.orc.OrcOutputFormat, column.name.delimiter=,}, partitionProperties=Optional.empty, columnNames=[a, b], columnTypes=[int, int], getClass()=class org.apache.hadoop.hive.ql.io.orc.OrcSerde] and formatter : org.apache.hadoop.hive.ql.io.orc.OrcOutputFormat@719c9083
2024-04-24T05:12:44,400  INFO [pool-13-thread-1] exec.FileSinkOperator: Final Path: FS file:/home/alex/Repositories/hive/ql/target/tmp/org.apache.hadoop.hive.ql.TestTxnCommands-1713960750541/warehouse/acidtbl
2024-04-24T05:12:44,400  INFO [pool-13-thread-1] exec.FileSinkOperator: New Final Path: FS file:/home/alex/Repositories/hive/ql/target/tmp/org.apache.hadoop.hive.ql.TestTxnCommands-1713960750541/warehouse/acidtbl
2024-04-24T05:12:44,400  INFO [pool-13-thread-1] common.FileUtils: Creating directory if it doesn't exist: file:/home/alex/Repositories/hive/ql/target/tmp/org.apache.hadoop.hive.ql.TestTxnCommands-1713960750541/warehouse
2024-04-24T05:12:44,400  INFO [pool-13-thread-1] exec.FileSinkOperator: FS[6]: records written - 1
2024-04-24T05:12:44,401  INFO [pool-13-thread-1] impl.PhysicalFsWriter: ORC writer created for path: file:/home/alex/Repositories/hive/ql/target/tmp/org.apache.hadoop.hive.ql.TestTxnCommands-1713960750541/warehouse/acidtbl/delta_0000001_0000001_0000/bucket_00001_0 with stripeSize: 8388608 blockSize: 268435456 compression: Compress: ZLIB buffer: 32768
2024-04-24T05:12:44,405  INFO [pool-13-thread-1] impl.WriterImpl: ORC writer created for path: file:/home/alex/Repositories/hive/ql/target/tmp/org.apache.hadoop.hive.ql.TestTxnCommands-1713960750541/warehouse/acidtbl/delta_0000001_0000001_0000/bucket_00001_0 with stripeSize: 8388608 options: Compress: ZLIB buffer: 32768
2024-04-24T05:12:44,406  INFO [pool-13-thread-1] exec.SelectOperator: Closing Operator: SEL[5]
2024-04-24T05:12:44,406  INFO [pool-13-thread-1] exec.SelectOperator: RECORDS_OUT_INTERMEDIATE:0, RECORDS_OUT_OPERATOR_SEL_5:2, 
2024-04-24T05:12:44,406  INFO [pool-13-thread-1] exec.FileSinkOperator: Closing Operator: FS[6]
2024-04-24T05:12:44,406  INFO [pool-13-thread-1] exec.FileSinkOperator: FS[6]: records written - 2
2024-04-24T05:12:44,409  INFO [pool-13-thread-1] FileOperations: Writing manifest to file:/home/alex/Repositories/hive/ql/target/tmp/org.apache.hadoop.hive.ql.TestTxnCommands-1713960750541/warehouse/acidtbl/_tmp.delta_0000001_0000001_0000/000001_0.manifest with [file:/home/alex/Repositories/hive/ql/target/tmp/org.apache.hadoop.hive.ql.TestTxnCommands-1713960750541/warehouse/acidtbl/delta_0000001_0000001_0000/bucket_00001_0]
2024-04-24T05:12:44,419  INFO [pool-13-thread-1] exec.FileSinkOperator: TOTAL_TABLE_ROWS_WRITTEN:2, RECORDS_OUT_1_default.acidtbl:2, RECORDS_OUT_OPERATOR_FS_6:2, RECORDS_OUT_INTERMEDIATE:0, 
2024-04-24T05:12:44,420  INFO [pool-13-thread-1] mapred.Task: Task:attempt_local153580033_0002_r_000001_0 is done. And is in the process of committing
2024-04-24T05:12:44,421  INFO [pool-13-thread-1] mapred.LocalJobRunner: reduce > reduce
2024-04-24T05:12:44,421  INFO [pool-13-thread-1] mapred.Task: Task 'attempt_local153580033_0002_r_000001_0' done.
2024-04-24T05:12:44,421  INFO [pool-13-thread-1] mapred.Task: Final Counters for attempt_local153580033_0002_r_000001_0: Counters: 30
	File System Counters
		FILE: Number of bytes read=37307
		FILE: Number of bytes written=2504432
		FILE: Number of read operations=0
		FILE: Number of large read operations=0
		FILE: Number of write operations=0
	Map-Reduce Framework
		Combine input records=0
		Combine output records=0
		Reduce input groups=2
		Reduce shuffle bytes=42
		Reduce input records=2
		Reduce output records=0
		Spilled Records=2
		Shuffled Maps =1
		Failed Shuffles=0
		Merged Map outputs=1
		GC time elapsed (ms)=0
		Total committed heap usage (bytes)=912785408
	HIVE
		CREATED_FILES=1
		RECORDS_OUT_1_default.acidtbl=2
		RECORDS_OUT_INTERMEDIATE=0
		RECORDS_OUT_OPERATOR_FS_6=2
		RECORDS_OUT_OPERATOR_SEL_5=2
		TOTAL_TABLE_ROWS_WRITTEN=2
	Shuffle Errors
		BAD_ID=0
		CONNECTION=0
		IO_ERROR=0
		WRONG_LENGTH=0
		WRONG_MAP=0
		WRONG_REDUCE=0
	File Output Format Counters 
		Bytes Written=0
2024-04-24T05:12:44,421  INFO [pool-13-thread-1] mapred.LocalJobRunner: Finishing task: attempt_local153580033_0002_r_000001_0
2024-04-24T05:12:44,421  INFO [Thread-139] mapred.LocalJobRunner: reduce task executor complete.
2024-04-24 05:12:45,301 Stage-1 map = 100%,  reduce = 100%
2024-04-24T05:12:45,301  INFO [main] exec.Task: 2024-04-24 05:12:45,301 Stage-1 map = 100%,  reduce = 100%
Ended Job = job_local153580033_0002
2024-04-24T05:12:45,304  INFO [main] exec.Task: Ended Job = job_local153580033_0002
2024-04-24T05:12:45,306  INFO [main] FileOperations: Found manifest file file:/home/alex/Repositories/hive/ql/target/tmp/org.apache.hadoop.hive.ql.TestTxnCommands-1713960750541/warehouse/acidtbl/_tmp.delta_0000001_0000001_0000/000000_0.manifest with attemptId 0.
2024-04-24T05:12:45,306  INFO [main] FileOperations: Found manifest file file:/home/alex/Repositories/hive/ql/target/tmp/org.apache.hadoop.hive.ql.TestTxnCommands-1713960750541/warehouse/acidtbl/_tmp.delta_0000001_0000001_0000/000001_0.manifest with attemptId 0.
2024-04-24T05:12:45,306  INFO [main] FileOperations: Looking at manifest file: file:/home/alex/Repositories/hive/ql/target/tmp/org.apache.hadoop.hive.ql.TestTxnCommands-1713960750541/warehouse/acidtbl/_tmp.delta_0000001_0000001_0000/000000_0.manifest
2024-04-24T05:12:45,307  INFO [main] FileOperations: Looking at manifest file: file:/home/alex/Repositories/hive/ql/target/tmp/org.apache.hadoop.hive.ql.TestTxnCommands-1713960750541/warehouse/acidtbl/_tmp.delta_0000001_0000001_0000/000001_0.manifest
2024-04-24T05:12:45,308  INFO [main] FileOperations: Deleting manifest directory file:/home/alex/Repositories/hive/ql/target/tmp/org.apache.hadoop.hive.ql.TestTxnCommands-1713960750541/warehouse/acidtbl/_tmp.delta_0000001_0000001_0000
2024-04-24T05:12:45,311  INFO [main] ql.Driver: Starting task [Stage-0:MOVE] in serial mode
Loading data to table default.acidtbl
2024-04-24T05:12:45,311  INFO [main] exec.Task: Loading data to table default.acidtbl from file:/home/alex/Repositories/hive/ql/target/tmp/org.apache.hadoop.hive.ql.TestTxnCommands-1713960750541/warehouse/acidtbl
2024-04-24T05:12:45,311  INFO [main] HiveMetaStore.audit: ugi=alex	ip=unknown-ip-addr	cmd=get_table : tbl=hive.default.acidtbl	
2024-04-24T05:12:45,326  INFO [main] metastore.HMSHandler: Skipping translation for processor with null
2024-04-24T05:12:45,327  INFO [main] HiveMetaStore.audit: ugi=alex	ip=unknown-ip-addr	cmd=get_table : tbl=hive.default.acidtbl	
2024-04-24T05:12:45,337  INFO [main] metastore.HMSHandler: Skipping translation for processor with null
2024-04-24T05:12:45,338  INFO [main] HiveMetaStore.audit: ugi=alex	ip=unknown-ip-addr	cmd=alter_table: hive.default.acidtbl newtbl=acidtbl	
2024-04-24T05:12:45,377  INFO [main] ql.Driver: Starting task [Stage-2:STATS] in serial mode
2024-04-24T05:12:45,377  INFO [main] HiveMetaStore.audit: ugi=alex	ip=unknown-ip-addr	cmd=get_table : tbl=hive.default.acidtbl	
2024-04-24T05:12:45,387  INFO [main] metastore.HMSHandler: Skipping translation for processor with null
2024-04-24T05:12:45,387  INFO [main] stats.BasicStatsTask: Executing stats task
2024-04-24T05:12:45,387  INFO [main] fs.FSStatsPublisher: created : file:/home/alex/Repositories/hive/ql/target/tmp/localscratchdir/3bfb341f-377d-4e56-81ca-d304a7f4b95f/hive_2024-04-24_05-12-43_675_2096059218700553793-1/-mr-10000
2024-04-24T05:12:45,390  INFO [main] HiveMetaStore.audit: ugi=alex	ip=unknown-ip-addr	cmd=get_table : tbl=hive.default.acidtbl	
2024-04-24T05:12:45,400  INFO [main] metastore.HMSHandler: Skipping translation for processor with null
2024-04-24T05:12:45,419  WARN [main] FileOperations: Computing stats for an ACID table; stats may be inaccurate
2024-04-24T05:12:45,419  INFO [main] FileOperations: Read stats for default.acidtbl/, numRows, true, 4, false: 
2024-04-24T05:12:45,419  INFO [main] FileOperations: Read stats for default.acidtbl/, rawDataSize, true, 0, false: 
2024-04-24T05:12:45,420  INFO [main] HiveMetaStore.audit: ugi=alex	ip=unknown-ip-addr	cmd=alter_table: hive.default.acidtbl newtbl=acidtbl	
2024-04-24T05:12:45,457  INFO [main] FileOperations: Read stats for default.acidtbl/, insertCount, true, 4, false: 
2024-04-24T05:12:45,457  INFO [main] FileOperations: Read stats for default.acidtbl/, updateCount, true, 0, false: 
2024-04-24T05:12:45,457  INFO [main] FileOperations: Read stats for default.acidtbl/, deleteCount, true, 0, false: 
2024-04-24T05:12:45,460  INFO [main] stats.BasicStatsTask: Table default.acidtbl stats: [numFiles=2, numRows=4, totalSize=1380, rawDataSize=0, numFilesErasureCoded=0]
2024-04-24T05:12:45,461  INFO [main] metadata.Hive: Dumping metastore api call timing information for : execution phase
2024-04-24T05:12:45,461  INFO [main] metadata.Hive: Total time spent in each metastore function (ms): {updateTransactionalStatistics_(UpdateTransactionalStatsRequest)=3, isCompatibleWith_(Configuration)=0, alter_table_(String, String, String, Table, EnvironmentContext, String)=77, getTable_(GetTableRequest)=46}
MapReduce Jobs Launched: 
2024-04-24T05:12:45,461  INFO [main] ql.Driver: MapReduce Jobs Launched: 
Stage-Stage-1:  HDFS Read: 0 HDFS Write: 0 SUCCESS
2024-04-24T05:12:45,461  INFO [main] ql.Driver: Stage-Stage-1:  HDFS Read: 0 HDFS Write: 0 SUCCESS
Total MapReduce CPU Time Spent: 0 msec
2024-04-24T05:12:45,461  INFO [main] ql.Driver: Total MapReduce CPU Time Spent: 0 msec
2024-04-24T05:12:45,461  INFO [main] ql.Driver: Completed executing command(queryId=alex_20240424051243_f0a1fab5-4b20-4fcc-b2df-63620b3a2340); Time taken: 1.496 seconds
2024-04-24T05:12:45,461  INFO [main] lockmgr.DbTxnManager: Stopped heartbeat for query: alex_20240424051243_f0a1fab5-4b20-4fcc-b2df-63620b3a2340
2024-04-24T05:12:45,474  INFO [main] txn.TxnHandler: Removed transactions: ([14]) from MIN_HISTORY_LEVEL
2024-04-24T05:12:45,474  WARN [main] txn.CompactionTxnHandler: No compaction queue record found for Compaction type transaction commit. txnId:14
2024-04-24T05:12:45,475  INFO [main] ql.TxnCommandsBaseForTests: Running the query: merge into acidTbl as t using nonAcidOrcTbl s ON t.a = s.a WHEN MATCHED AND s.a < 3 THEN update set b = 0 WHEN MATCHED and t.a > 3 and t.a < 5 THEN DELETE WHEN NOT MATCHED THEN INSERT VALUES(s.a, s.b) 
2024-04-24T05:12:45,475  INFO [main] ql.Context: Deleting scratch dir: file:/home/alex/Repositories/hive/ql/target/tmp/localscratchdir/3bfb341f-377d-4e56-81ca-d304a7f4b95f/hive_2024-04-24_05-12-43_675_2096059218700553793-1
2024-04-24T05:12:45,476  INFO [main] cleanup.SyncCleanupService: Deleted directory: file:/home/alex/Repositories/hive/ql/target/tmp/localscratchdir/3bfb341f-377d-4e56-81ca-d304a7f4b95f/hive_2024-04-24_05-12-43_675_2096059218700553793-1 on fs with scheme file
2024-04-24T05:12:45,476  INFO [main] ql.Driver: Compiling command(queryId=alex_20240424051245_7cbf1fac-f0a7-4d04-ac4f-c9d369995023): merge into acidTbl as t using nonAcidOrcTbl s ON t.a = s.a WHEN MATCHED AND s.a < 3 THEN update set b = 0 WHEN MATCHED and t.a > 3 and t.a < 5 THEN DELETE WHEN NOT MATCHED THEN INSERT VALUES(s.a, s.b) 
2024-04-24T05:12:45,484  INFO [main] txn.TxnHandler: Added entries to MIN_HISTORY_LEVEL for current txns: ([15]) with min_open_txn: 15
2024-04-24T05:12:45,485  INFO [main] lockmgr.DbTxnManager: Opened txnid:15
2024-04-24T05:12:45,486  INFO [main] parse.MergeSemanticAnalyzer: Starting caching scope for: 
2024-04-24T05:12:45,487  INFO [main] HiveMetaStore.audit: ugi=alex	ip=unknown-ip-addr	cmd=get_table : tbl=hive.default.acidTbl	
2024-04-24T05:12:45,500  INFO [main] metastore.HMSHandler: Skipping translation for processor with null
2024-04-24T05:12:45,504  INFO [main] HiveMetaStore.audit: ugi=alex	ip=unknown-ip-addr	cmd=get_table : tbl=hive.default.merge_tmp_table	
2024-04-24T05:12:45,525  INFO [main] utils.FileUtils: Creating directory if it doesn't exist: file:/home/alex/Repositories/hive/ql/target/tmp/scratchdir/alex/3bfb341f-377d-4e56-81ca-d304a7f4b95f/_tmp_space.db/merge_tmp_table
2024-04-24T05:12:45,528  INFO [main] parse.RewriteSemanticAnalyzer: Going to reparse <merge into acidTbl as t using nonAcidOrcTbl s ON t.a = s.a WHEN MATCHED AND s.a < 3 THEN update set b = 0 WHEN MATCHED and t.a > 3 and t.a < 5 THEN DELETE WHEN NOT MATCHED THEN INSERT VALUES(s.a, s.b) > as 
<FROM
  `default`.`acidTbl` `t`
  RIGHT OUTER JOIN
  `default`.`nonAcidOrcTbl` `s`
  ON `t`.`a` = `s`.`a`
INSERT INTO `default`.`acidTbl`    -- update clause(insert part)
 SELECT `t`.`a`, 0
   WHERE `t`.`a` = `s`.`a` AND `s`.`a` < 3
INSERT INTO `default`.`acidTbl`    -- update clause (delete part)
 SELECT `t`.ROW__ID 
   WHERE `t`.`a` = `s`.`a` AND `s`.`a` < 3
 SORT BY `t`.ROW__ID 
INSERT INTO `default`.`acidTbl`    -- delete clause
 SELECT `t`.ROW__ID 
   WHERE `t`.`a` = `s`.`a` AND `t`.`a` > 3 and `t`.`a` < 5 AND NOT(`s`.`a` < 3)
 SORT BY `t`.ROW__ID 
INSERT INTO `default`.`acidTbl`    -- insert clause
  SELECT `s`.`a`, `s`.`b`
   WHERE `t`.`a` IS NULL
INSERT INTO merge_tmp_table
  SELECT cardinality_violation(`t`.ROW__ID)
 WHERE `t`.`a` = `s`.`a` GROUP BY `t`.ROW__ID HAVING count(*) > 1>
2024-04-24T05:12:45,534  INFO [main] parse.MergeSemanticAnalyzer: Starting Semantic Analysis
2024-04-24T05:12:45,542  INFO [main] parse.MergeSemanticAnalyzer: Completed phase 1 of Semantic Analysis
2024-04-24T05:12:45,542  INFO [main] parse.MergeSemanticAnalyzer: Get metadata for source tables
2024-04-24T05:12:45,543  INFO [main] HiveMetaStore.audit: ugi=alex	ip=unknown-ip-addr	cmd=get_table : tbl=hive.default.acidtbl	
2024-04-24T05:12:45,556  INFO [main] metastore.HMSHandler: Skipping translation for processor with null
2024-04-24T05:12:45,557  INFO [main] HiveMetaStore.audit: ugi=alex	ip=unknown-ip-addr	cmd=get_table : tbl=hive.default.nonacidorctbl	
2024-04-24T05:12:45,570  INFO [main] metastore.HMSHandler: Skipping translation for processor with null
2024-04-24T05:12:45,570  INFO [main] parse.MergeSemanticAnalyzer: Get metadata for subqueries
2024-04-24T05:12:45,570  INFO [main] parse.MergeSemanticAnalyzer: Get metadata for destination tables
2024-04-24T05:12:45,570  INFO [main] HiveMetaStore.audit: ugi=alex	ip=unknown-ip-addr	cmd=get_table : tbl=hive.default.acidTbl	
2024-04-24T05:12:45,581  INFO [main] metastore.HMSHandler: Skipping translation for processor with null
2024-04-24T05:12:45,581  INFO [main] HiveMetaStore.audit: ugi=alex	ip=unknown-ip-addr	cmd=get_table : tbl=hive.default.acidTbl	
2024-04-24T05:12:45,591  INFO [main] metastore.HMSHandler: Skipping translation for processor with null
2024-04-24T05:12:45,592  INFO [main] HiveMetaStore.audit: ugi=alex	ip=unknown-ip-addr	cmd=get_table : tbl=hive.default.acidTbl	
2024-04-24T05:12:45,602  INFO [main] metastore.HMSHandler: Skipping translation for processor with null
2024-04-24T05:12:45,602  INFO [main] HiveMetaStore.audit: ugi=alex	ip=unknown-ip-addr	cmd=get_table : tbl=hive.default.acidTbl	
2024-04-24T05:12:45,614  INFO [main] metastore.HMSHandler: Skipping translation for processor with null
2024-04-24T05:12:45,614  INFO [main] parse.MergeSemanticAnalyzer: Completed getting MetaData in Semantic Analysis
2024-04-24T05:12:45,614  INFO [main] parse.MergeSemanticAnalyzer: Disabling LLAP IO encode as ETL query is detected
2024-04-24T05:12:45,617  INFO [main] parse.MergeSemanticAnalyzer: Get metadata for source tables
2024-04-24T05:12:45,618  INFO [main] parse.MergeSemanticAnalyzer: Get metadata for subqueries
2024-04-24T05:12:45,618  INFO [main] parse.MergeSemanticAnalyzer: Get metadata for destination tables
2024-04-24T05:12:45,632  INFO [main] HiveMetaStore.audit: ugi=alex	ip=unknown-ip-addr	cmd=get_all_table_constraints : tbl=hive.default.acidtbl	
2024-04-24T05:12:45,641  INFO [main] HiveMetaStore.audit: ugi=alex	ip=unknown-ip-addr	cmd=get_all_table_constraints : tbl=hive.default.nonacidorctbl	
2024-04-24T05:12:45,835  INFO [main] calcite.RelOptHiveTable: Calculating column statistics for default.acidtbl, projIndxSet: [0], allowMissingStats: true
2024-04-24T05:12:45,840  INFO [main] HiveMetaStore.audit: ugi=alex	ip=unknown-ip-addr	cmd=get_table : tbl=hive.default.acidtbl	
2024-04-24T05:12:45,853  INFO [main] metastore.HMSHandler: Skipping translation for processor with null
2024-04-24T05:12:45,854  INFO [main] HiveMetaStore.audit: ugi=alex	ip=unknown-ip-addr	cmd=get_table : tbl=hive.default.acidtbl	
2024-04-24T05:12:45,866  INFO [main] metastore.HMSHandler: Skipping translation for processor with null
2024-04-24T05:12:45,867  INFO [main] HiveMetaStore.audit: ugi=alex	ip=unknown-ip-addr	cmd=get_table_statistics_req: table=hive.default.acidtbl	
2024-04-24T05:12:45,886  WARN [main] calcite.RelOptHiveTable: No Stats for default@acidtbl, Columns: a
No Stats for default@acidtbl, Columns: a
2024-04-24T05:12:45,886  INFO [main] SessionState: No Stats for default@acidtbl, Columns: a
2024-04-24T05:12:45,887  INFO [main] calcite.RelOptHiveTable: Calculating column statistics for default.nonacidorctbl, projIndxSet: [0, 1], allowMissingStats: true
2024-04-24T05:12:45,887  INFO [main] HiveMetaStore.audit: ugi=alex	ip=unknown-ip-addr	cmd=get_table : tbl=hive.default.nonacidorctbl	
2024-04-24T05:12:45,903  INFO [main] metastore.HMSHandler: Skipping translation for processor with null
2024-04-24T05:12:45,903  INFO [main] HiveMetaStore.audit: ugi=alex	ip=unknown-ip-addr	cmd=get_table : tbl=hive.default.nonacidorctbl	
2024-04-24T05:12:45,918  INFO [main] metastore.HMSHandler: Skipping translation for processor with null
2024-04-24T05:12:45,918  INFO [main] HiveMetaStore.audit: ugi=alex	ip=unknown-ip-addr	cmd=get_table_statistics_req: table=hive.default.nonacidorctbl	
2024-04-24T05:12:45,936  WARN [main] calcite.RelOptHiveTable: No Stats for default@nonacidorctbl, Columns: a, b
No Stats for default@nonacidorctbl, Columns: a, b
2024-04-24T05:12:45,936  INFO [main] SessionState: No Stats for default@nonacidorctbl, Columns: a, b
2024-04-24T05:12:46,181  INFO [main] parse.MergeSemanticAnalyzer: Get metadata for source tables
2024-04-24T05:12:46,181  INFO [main] parse.MergeSemanticAnalyzer: Get metadata for subqueries
2024-04-24T05:12:46,181  INFO [main] parse.MergeSemanticAnalyzer: Get metadata for source tables
2024-04-24T05:12:46,181  INFO [main] parse.MergeSemanticAnalyzer: Get metadata for subqueries
2024-04-24T05:12:46,181  INFO [main] parse.MergeSemanticAnalyzer: Get metadata for source tables
2024-04-24T05:12:46,181  INFO [main] parse.MergeSemanticAnalyzer: Get metadata for subqueries
2024-04-24T05:12:46,181  INFO [main] parse.MergeSemanticAnalyzer: Get metadata for destination tables
2024-04-24T05:12:46,181  INFO [main] parse.MergeSemanticAnalyzer: Get metadata for source tables
2024-04-24T05:12:46,181  INFO [main] parse.MergeSemanticAnalyzer: Get metadata for subqueries
2024-04-24T05:12:46,181  INFO [main] parse.MergeSemanticAnalyzer: Get metadata for destination tables
2024-04-24T05:12:46,181  INFO [main] parse.MergeSemanticAnalyzer: Get metadata for destination tables
2024-04-24T05:12:46,181  INFO [main] parse.MergeSemanticAnalyzer: Get metadata for destination tables
2024-04-24T05:12:46,181  INFO [main] HiveMetaStore.audit: ugi=alex	ip=unknown-ip-addr	cmd=get_table : tbl=hive.default.acidTbl	
2024-04-24T05:12:46,191  INFO [main] metastore.HMSHandler: Skipping translation for processor with null
2024-04-24T05:12:46,191  INFO [main] HiveMetaStore.audit: ugi=alex	ip=unknown-ip-addr	cmd=get_table : tbl=hive.default.acidTbl	
2024-04-24T05:12:46,200  INFO [main] metastore.HMSHandler: Skipping translation for processor with null
2024-04-24T05:12:46,201  INFO [main] HiveMetaStore.audit: ugi=alex	ip=unknown-ip-addr	cmd=get_table : tbl=hive.default.acidTbl	
2024-04-24T05:12:46,210  INFO [main] metastore.HMSHandler: Skipping translation for processor with null
2024-04-24T05:12:46,211  INFO [main] HiveMetaStore.audit: ugi=alex	ip=unknown-ip-addr	cmd=get_table : tbl=hive.default.acidTbl	
2024-04-24T05:12:46,219  INFO [main] metastore.HMSHandler: Skipping translation for processor with null
2024-04-24T05:12:46,240 ERROR [main] parse.MergeSemanticAnalyzer: CBO failed, skipping CBO. 
org.apache.hadoop.hive.ql.exec.NoMatchingMethodException: No matching method for class org.apache.hadoop.hive.ql.udf.UDFToInteger with (struct<writeid:bigint,bucketid:int,rowid:bigint>). Possible choices: _FUNC_(bigint)  _FUNC_(boolean)  _FUNC_(decimal(38,18))  _FUNC_(double)  _FUNC_(float)  _FUNC_(smallint)  _FUNC_(string)  _FUNC_(struct<writeid:bigint,rowid:int,bucketid:bigint>)  _FUNC_(timestamp)  _FUNC_(tinyint)  _FUNC_(void)  
	at org.apache.hadoop.hive.ql.exec.MethodUtils.getMethodInternal(MethodUtils.java:130) ~[classes/:?]
	at org.apache.hadoop.hive.ql.exec.MethodUtils.getMethodInternal(MethodUtils.java:60) ~[classes/:?]
	at org.apache.hadoop.hive.ql.exec.DefaultUDFMethodResolver.getEvalMethod(DefaultUDFMethodResolver.java:59) ~[classes/:?]
	at org.apache.hadoop.hive.ql.udf.TimestampCastRestrictorResolver.getEvalMethod(TimestampCastRestrictorResolver.java:68) ~[classes/:?]
	at org.apache.hadoop.hive.ql.udf.generic.GenericUDFBridge.initialize(GenericUDFBridge.java:168) ~[classes/:?]
	at org.apache.hadoop.hive.ql.udf.generic.GenericUDF.initializeAndFoldConstants(GenericUDF.java:149) ~[classes/:?]
	at org.apache.hadoop.hive.ql.plan.ExprNodeGenericFuncDesc.newInstance(ExprNodeGenericFuncDesc.java:235) ~[classes/:?]
	at org.apache.hadoop.hive.ql.parse.type.ExprNodeDescExprFactory.createFuncCallExpr(ExprNodeDescExprFactory.java:584) ~[classes/:?]
	at org.apache.hadoop.hive.ql.parse.type.ExprNodeDescExprFactory.createFuncCallExpr(ExprNodeDescExprFactory.java:97) ~[classes/:?]
	at org.apache.hadoop.hive.ql.parse.type.TypeCheckProcFactory$DefaultExprProcessor.getFuncExprNodeDescWithUdfData(TypeCheckProcFactory.java:762) ~[classes/:?]
	at org.apache.hadoop.hive.ql.parse.type.TypeCheckProcFactory$DefaultExprProcessor.createConversionCast(TypeCheckProcFactory.java:783) ~[classes/:?]
	at org.apache.hadoop.hive.ql.parse.SemanticAnalyzer.getPartitionColsFromBucketColsForUpdateDelete(SemanticAnalyzer.java:8725) ~[classes/:?]
	at org.apache.hadoop.hive.ql.parse.SemanticAnalyzer.genBucketingSortingDest(SemanticAnalyzer.java:6906) ~[classes/:?]
	at org.apache.hadoop.hive.ql.parse.SemanticAnalyzer.genFileSinkPlan(SemanticAnalyzer.java:7335) ~[classes/:?]
	at org.apache.hadoop.hive.ql.parse.SemanticAnalyzer.genPostGroupByBodyPlan(SemanticAnalyzer.java:11063) ~[classes/:?]
	at org.apache.hadoop.hive.ql.parse.SemanticAnalyzer.genBodyPlan(SemanticAnalyzer.java:10938) ~[classes/:?]
	at org.apache.hadoop.hive.ql.parse.SemanticAnalyzer.genPlan(SemanticAnalyzer.java:11853) ~[classes/:?]
	at org.apache.hadoop.hive.ql.parse.SemanticAnalyzer.genPlan(SemanticAnalyzer.java:11723) ~[classes/:?]
	at org.apache.hadoop.hive.ql.parse.CalcitePlanner.genOPTree(CalcitePlanner.java:626) ~[classes/:?]
	at org.apache.hadoop.hive.ql.parse.SemanticAnalyzer.analyzeInternal(SemanticAnalyzer.java:12558) ~[classes/:?]
	at org.apache.hadoop.hive.ql.parse.CalcitePlanner.analyzeInternal(CalcitePlanner.java:456) ~[classes/:?]
	at org.apache.hadoop.hive.ql.parse.RewriteSemanticAnalyzer.analyzeInternal(RewriteSemanticAnalyzer.java:67) ~[classes/:?]
	at org.apache.hadoop.hive.ql.parse.BaseSemanticAnalyzer.analyze(BaseSemanticAnalyzer.java:317) ~[classes/:?]
	at org.apache.hadoop.hive.ql.parse.MergeSemanticAnalyzer.analyzeMerge(MergeSemanticAnalyzer.java:317) ~[classes/:?]
	at org.apache.hadoop.hive.ql.parse.MergeSemanticAnalyzer.analyze(MergeSemanticAnalyzer.java:63) ~[classes/:?]
	at org.apache.hadoop.hive.ql.parse.RewriteSemanticAnalyzer.analyzeInternal(RewriteSemanticAnalyzer.java:72) ~[classes/:?]
	at org.apache.hadoop.hive.ql.parse.BaseSemanticAnalyzer.analyze(BaseSemanticAnalyzer.java:317) ~[classes/:?]
	at org.apache.hadoop.hive.ql.Compiler.analyze(Compiler.java:223) ~[classes/:?]
	at org.apache.hadoop.hive.ql.Compiler.compile(Compiler.java:105) ~[classes/:?]
	at org.apache.hadoop.hive.ql.Driver.compile(Driver.java:500) ~[classes/:?]
	at org.apache.hadoop.hive.ql.Driver.compileInternal(Driver.java:453) ~[classes/:?]
	at org.apache.hadoop.hive.ql.Driver.runInternal(Driver.java:181) ~[classes/:?]
	at org.apache.hadoop.hive.ql.Driver.run(Driver.java:153) ~[classes/:?]
	at org.apache.hadoop.hive.ql.Driver.run(Driver.java:140) ~[classes/:?]
	at org.apache.hadoop.hive.ql.TxnCommandsBaseForTests.runStatementOnDriver(TxnCommandsBaseForTests.java:245) ~[test-classes/:?]
	at org.apache.hadoop.hive.ql.TestTxnCommands.testMergeUpdateDelete(TestTxnCommands.java:1242) ~[test-classes/:?]
	at sun.reflect.NativeMethodAccessorImpl.invoke0(Native Method) ~[?:1.8.0_402]
	at sun.reflect.NativeMethodAccessorImpl.invoke(NativeMethodAccessorImpl.java:62) ~[?:1.8.0_402]
	at sun.reflect.DelegatingMethodAccessorImpl.invoke(DelegatingMethodAccessorImpl.java:43) ~[?:1.8.0_402]
	at java.lang.reflect.Method.invoke(Method.java:498) ~[?:1.8.0_402]
	at org.junit.runners.model.FrameworkMethod$1.runReflectiveCall(FrameworkMethod.java:59) ~[junit-4.13.jar:4.13]
	at org.junit.internal.runners.model.ReflectiveCallable.run(ReflectiveCallable.java:12) ~[junit-4.13.jar:4.13]
	at org.junit.runners.model.FrameworkMethod.invokeExplosively(FrameworkMethod.java:56) ~[junit-4.13.jar:4.13]
	at org.junit.internal.runners.statements.InvokeMethod.evaluate(InvokeMethod.java:17) ~[junit-4.13.jar:4.13]
	at org.junit.internal.runners.statements.RunBefores.evaluate(RunBefores.java:26) ~[junit-4.13.jar:4.13]
	at org.junit.internal.runners.statements.RunAfters.evaluate(RunAfters.java:27) ~[junit-4.13.jar:4.13]
	at org.junit.rules.TestWatcher$1.evaluate(TestWatcher.java:61) ~[junit-4.13.jar:4.13]
	at org.junit.runners.ParentRunner$3.evaluate(ParentRunner.java:306) ~[junit-4.13.jar:4.13]
	at org.junit.runners.BlockJUnit4ClassRunner$1.evaluate(BlockJUnit4ClassRunner.java:100) ~[junit-4.13.jar:4.13]
	at org.junit.runners.ParentRunner.runLeaf(ParentRunner.java:366) ~[junit-4.13.jar:4.13]
	at org.junit.runners.BlockJUnit4ClassRunner.runChild(BlockJUnit4ClassRunner.java:103) ~[junit-4.13.jar:4.13]
	at org.junit.runners.BlockJUnit4ClassRunner.runChild(BlockJUnit4ClassRunner.java:63) ~[junit-4.13.jar:4.13]
	at org.junit.runners.ParentRunner$4.run(ParentRunner.java:331) ~[junit-4.13.jar:4.13]
	at org.junit.runners.ParentRunner$1.schedule(ParentRunner.java:79) ~[junit-4.13.jar:4.13]
	at org.junit.runners.ParentRunner.runChildren(ParentRunner.java:329) ~[junit-4.13.jar:4.13]
	at org.junit.runners.ParentRunner.access$100(ParentRunner.java:66) ~[junit-4.13.jar:4.13]
	at org.junit.runners.ParentRunner$2.evaluate(ParentRunner.java:293) ~[junit-4.13.jar:4.13]
	at org.junit.runners.ParentRunner$3.evaluate(ParentRunner.java:306) ~[junit-4.13.jar:4.13]
	at org.junit.runners.ParentRunner.run(ParentRunner.java:413) ~[junit-4.13.jar:4.13]
	at org.junit.runner.JUnitCore.run(JUnitCore.java:137) ~[junit-4.13.jar:4.13]
	at org.junit.runner.JUnitCore.run(JUnitCore.java:115) ~[junit-4.13.jar:4.13]
	at org.junit.vintage.engine.execution.RunnerExecutor.execute(RunnerExecutor.java:43) ~[junit-vintage-engine-5.6.2.jar:5.6.2]
	at java.util.stream.ForEachOps$ForEachOp$OfRef.accept(ForEachOps.java:183) ~[?:1.8.0_402]
	at java.util.stream.ReferencePipeline$3$1.accept(ReferencePipeline.java:193) ~[?:1.8.0_402]
	at java.util.Iterator.forEachRemaining(Iterator.java:116) ~[?:1.8.0_402]
	at java.util.Spliterators$IteratorSpliterator.forEachRemaining(Spliterators.java:1801) ~[?:1.8.0_402]
	at java.util.stream.AbstractPipeline.copyInto(AbstractPipeline.java:482) ~[?:1.8.0_402]
	at java.util.stream.AbstractPipeline.wrapAndCopyInto(AbstractPipeline.java:472) ~[?:1.8.0_402]
	at java.util.stream.ForEachOps$ForEachOp.evaluateSequential(ForEachOps.java:150) ~[?:1.8.0_402]
	at java.util.stream.ForEachOps$ForEachOp$OfRef.evaluateSequential(ForEachOps.java:173) ~[?:1.8.0_402]
	at java.util.stream.AbstractPipeline.evaluate(AbstractPipeline.java:234) ~[?:1.8.0_402]
	at java.util.stream.ReferencePipeline.forEach(ReferencePipeline.java:485) ~[?:1.8.0_402]
	at org.junit.vintage.engine.VintageTestEngine.executeAllChildren(VintageTestEngine.java:82) ~[junit-vintage-engine-5.6.2.jar:5.6.2]
	at org.junit.vintage.engine.VintageTestEngine.execute(VintageTestEngine.java:73) ~[junit-vintage-engine-5.6.2.jar:5.6.2]
	at org.junit.platform.launcher.core.DefaultLauncher.execute(DefaultLauncher.java:248) ~[junit-platform-launcher-1.6.2.jar:1.6.2]
	at org.junit.platform.launcher.core.DefaultLauncher.lambda$execute$5(DefaultLauncher.java:211) ~[junit-platform-launcher-1.6.2.jar:1.6.2]
	at org.junit.platform.launcher.core.DefaultLauncher.withInterceptedStreams(DefaultLauncher.java:226) [junit-platform-launcher-1.6.2.jar:1.6.2]
	at org.junit.platform.launcher.core.DefaultLauncher.execute(DefaultLauncher.java:199) [junit-platform-launcher-1.6.2.jar:1.6.2]
	at org.junit.platform.launcher.core.DefaultLauncher.execute(DefaultLauncher.java:132) [junit-platform-launcher-1.6.2.jar:1.6.2]
	at org.apache.maven.surefire.junitplatform.JUnitPlatformProvider.invokeAllTests(JUnitPlatformProvider.java:154) [surefire-junit-platform-3.0.0-M4.jar:3.0.0-M4]
	at org.apache.maven.surefire.junitplatform.JUnitPlatformProvider.invoke(JUnitPlatformProvider.java:123) [surefire-junit-platform-3.0.0-M4.jar:3.0.0-M4]
	at org.apache.maven.surefire.booter.ForkedBooter.runSuitesInProcess(ForkedBooter.java:377) [surefire-booter-3.0.0-M4.jar:3.0.0-M4]
	at org.apache.maven.surefire.booter.ForkedBooter.execute(ForkedBooter.java:138) [surefire-booter-3.0.0-M4.jar:3.0.0-M4]
	at org.apache.maven.surefire.booter.ForkedBooter.run(ForkedBooter.java:465) [surefire-booter-3.0.0-M4.jar:3.0.0-M4]
	at org.apache.maven.surefire.booter.ForkedBooter.main(ForkedBooter.java:451) [surefire-booter-3.0.0-M4.jar:3.0.0-M4]
2024-04-24T05:12:46,241 ERROR [main] parse.MergeSemanticAnalyzer: CBO failed due to missing column stats (see previous errors), skipping CBO
2024-04-24T05:12:46,241  INFO [main] parse.MergeSemanticAnalyzer: Ending caching scope for: 
FAILED: NoMatchingMethodException No matching method for class org.apache.hadoop.hive.ql.udf.UDFToInteger with (struct<writeid:bigint,bucketid:int,rowid:bigint>). Possible choices: _FUNC_(bigint)  _FUNC_(boolean)  _FUNC_(decimal(38,18))  _FUNC_(double)  _FUNC_(float)  _FUNC_(smallint)  _FUNC_(string)  _FUNC_(struct<writeid:bigint,rowid:int,bucketid:bigint>)  _FUNC_(timestamp)  _FUNC_(tinyint)  _FUNC_(void)  
2024-04-24T05:12:46,242 ERROR [main] ql.Driver: FAILED: NoMatchingMethodException No matching method for class org.apache.hadoop.hive.ql.udf.UDFToInteger with (struct<writeid:bigint,bucketid:int,rowid:bigint>). Possible choices: _FUNC_(bigint)  _FUNC_(boolean)  _FUNC_(decimal(38,18))  _FUNC_(double)  _FUNC_(float)  _FUNC_(smallint)  _FUNC_(string)  _FUNC_(struct<writeid:bigint,rowid:int,bucketid:bigint>)  _FUNC_(timestamp)  _FUNC_(tinyint)  _FUNC_(void)  
org.apache.hadoop.hive.ql.exec.NoMatchingMethodException: No matching method for class org.apache.hadoop.hive.ql.udf.UDFToInteger with (struct<writeid:bigint,bucketid:int,rowid:bigint>). Possible choices: _FUNC_(bigint)  _FUNC_(boolean)  _FUNC_(decimal(38,18))  _FUNC_(double)  _FUNC_(float)  _FUNC_(smallint)  _FUNC_(string)  _FUNC_(struct<writeid:bigint,rowid:int,bucketid:bigint>)  _FUNC_(timestamp)  _FUNC_(tinyint)  _FUNC_(void)  
	at org.apache.hadoop.hive.ql.exec.MethodUtils.getMethodInternal(MethodUtils.java:130)
	at org.apache.hadoop.hive.ql.exec.MethodUtils.getMethodInternal(MethodUtils.java:60)
	at org.apache.hadoop.hive.ql.exec.DefaultUDFMethodResolver.getEvalMethod(DefaultUDFMethodResolver.java:59)
	at org.apache.hadoop.hive.ql.udf.TimestampCastRestrictorResolver.getEvalMethod(TimestampCastRestrictorResolver.java:68)
	at org.apache.hadoop.hive.ql.udf.generic.GenericUDFBridge.initialize(GenericUDFBridge.java:168)
	at org.apache.hadoop.hive.ql.udf.generic.GenericUDF.initializeAndFoldConstants(GenericUDF.java:149)
	at org.apache.hadoop.hive.ql.plan.ExprNodeGenericFuncDesc.newInstance(ExprNodeGenericFuncDesc.java:235)
	at org.apache.hadoop.hive.ql.parse.type.ExprNodeDescExprFactory.createFuncCallExpr(ExprNodeDescExprFactory.java:584)
	at org.apache.hadoop.hive.ql.parse.type.ExprNodeDescExprFactory.createFuncCallExpr(ExprNodeDescExprFactory.java:97)
	at org.apache.hadoop.hive.ql.parse.type.TypeCheckProcFactory$DefaultExprProcessor.getFuncExprNodeDescWithUdfData(TypeCheckProcFactory.java:762)
	at org.apache.hadoop.hive.ql.parse.type.TypeCheckProcFactory$DefaultExprProcessor.createConversionCast(TypeCheckProcFactory.java:783)
	at org.apache.hadoop.hive.ql.parse.SemanticAnalyzer.getPartitionColsFromBucketColsForUpdateDelete(SemanticAnalyzer.java:8725)
	at org.apache.hadoop.hive.ql.parse.SemanticAnalyzer.genBucketingSortingDest(SemanticAnalyzer.java:6906)
	at org.apache.hadoop.hive.ql.parse.SemanticAnalyzer.genFileSinkPlan(SemanticAnalyzer.java:7335)
	at org.apache.hadoop.hive.ql.parse.SemanticAnalyzer.genPostGroupByBodyPlan(SemanticAnalyzer.java:11063)
	at org.apache.hadoop.hive.ql.parse.SemanticAnalyzer.genBodyPlan(SemanticAnalyzer.java:10938)
	at org.apache.hadoop.hive.ql.parse.SemanticAnalyzer.genPlan(SemanticAnalyzer.java:11853)
	at org.apache.hadoop.hive.ql.parse.SemanticAnalyzer.genPlan(SemanticAnalyzer.java:11723)
	at org.apache.hadoop.hive.ql.parse.CalcitePlanner.genOPTree(CalcitePlanner.java:626)
	at org.apache.hadoop.hive.ql.parse.SemanticAnalyzer.analyzeInternal(SemanticAnalyzer.java:12558)
	at org.apache.hadoop.hive.ql.parse.CalcitePlanner.analyzeInternal(CalcitePlanner.java:456)
	at org.apache.hadoop.hive.ql.parse.RewriteSemanticAnalyzer.analyzeInternal(RewriteSemanticAnalyzer.java:67)
	at org.apache.hadoop.hive.ql.parse.BaseSemanticAnalyzer.analyze(BaseSemanticAnalyzer.java:317)
	at org.apache.hadoop.hive.ql.parse.MergeSemanticAnalyzer.analyzeMerge(MergeSemanticAnalyzer.java:317)
	at org.apache.hadoop.hive.ql.parse.MergeSemanticAnalyzer.analyze(MergeSemanticAnalyzer.java:63)
	at org.apache.hadoop.hive.ql.parse.RewriteSemanticAnalyzer.analyzeInternal(RewriteSemanticAnalyzer.java:72)
	at org.apache.hadoop.hive.ql.parse.BaseSemanticAnalyzer.analyze(BaseSemanticAnalyzer.java:317)
	at org.apache.hadoop.hive.ql.Compiler.analyze(Compiler.java:223)
	at org.apache.hadoop.hive.ql.Compiler.compile(Compiler.java:105)
	at org.apache.hadoop.hive.ql.Driver.compile(Driver.java:500)
	at org.apache.hadoop.hive.ql.Driver.compileInternal(Driver.java:453)
	at org.apache.hadoop.hive.ql.Driver.runInternal(Driver.java:181)
	at org.apache.hadoop.hive.ql.Driver.run(Driver.java:153)
	at org.apache.hadoop.hive.ql.Driver.run(Driver.java:140)
	at org.apache.hadoop.hive.ql.TxnCommandsBaseForTests.runStatementOnDriver(TxnCommandsBaseForTests.java:245)
	at org.apache.hadoop.hive.ql.TestTxnCommands.testMergeUpdateDelete(TestTxnCommands.java:1242)
	at sun.reflect.NativeMethodAccessorImpl.invoke0(Native Method)
	at sun.reflect.NativeMethodAccessorImpl.invoke(NativeMethodAccessorImpl.java:62)
	at sun.reflect.DelegatingMethodAccessorImpl.invoke(DelegatingMethodAccessorImpl.java:43)
	at java.lang.reflect.Method.invoke(Method.java:498)
	at org.junit.runners.model.FrameworkMethod$1.runReflectiveCall(FrameworkMethod.java:59)
	at org.junit.internal.runners.model.ReflectiveCallable.run(ReflectiveCallable.java:12)
	at org.junit.runners.model.FrameworkMethod.invokeExplosively(FrameworkMethod.java:56)
	at org.junit.internal.runners.statements.InvokeMethod.evaluate(InvokeMethod.java:17)
	at org.junit.internal.runners.statements.RunBefores.evaluate(RunBefores.java:26)
	at org.junit.internal.runners.statements.RunAfters.evaluate(RunAfters.java:27)
	at org.junit.rules.TestWatcher$1.evaluate(TestWatcher.java:61)
	at org.junit.runners.ParentRunner$3.evaluate(ParentRunner.java:306)
	at org.junit.runners.BlockJUnit4ClassRunner$1.evaluate(BlockJUnit4ClassRunner.java:100)
	at org.junit.runners.ParentRunner.runLeaf(ParentRunner.java:366)
	at org.junit.runners.BlockJUnit4ClassRunner.runChild(BlockJUnit4ClassRunner.java:103)
	at org.junit.runners.BlockJUnit4ClassRunner.runChild(BlockJUnit4ClassRunner.java:63)
	at org.junit.runners.ParentRunner$4.run(ParentRunner.java:331)
	at org.junit.runners.ParentRunner$1.schedule(ParentRunner.java:79)
	at org.junit.runners.ParentRunner.runChildren(ParentRunner.java:329)
	at org.junit.runners.ParentRunner.access$100(ParentRunner.java:66)
	at org.junit.runners.ParentRunner$2.evaluate(ParentRunner.java:293)
	at org.junit.runners.ParentRunner$3.evaluate(ParentRunner.java:306)
	at org.junit.runners.ParentRunner.run(ParentRunner.java:413)
	at org.junit.runner.JUnitCore.run(JUnitCore.java:137)
	at org.junit.runner.JUnitCore.run(JUnitCore.java:115)
	at org.junit.vintage.engine.execution.RunnerExecutor.execute(RunnerExecutor.java:43)
	at java.util.stream.ForEachOps$ForEachOp$OfRef.accept(ForEachOps.java:183)
	at java.util.stream.ReferencePipeline$3$1.accept(ReferencePipeline.java:193)
	at java.util.Iterator.forEachRemaining(Iterator.java:116)
	at java.util.Spliterators$IteratorSpliterator.forEachRemaining(Spliterators.java:1801)
	at java.util.stream.AbstractPipeline.copyInto(AbstractPipeline.java:482)
	at java.util.stream.AbstractPipeline.wrapAndCopyInto(AbstractPipeline.java:472)
	at java.util.stream.ForEachOps$ForEachOp.evaluateSequential(ForEachOps.java:150)
	at java.util.stream.ForEachOps$ForEachOp$OfRef.evaluateSequential(ForEachOps.java:173)
	at java.util.stream.AbstractPipeline.evaluate(AbstractPipeline.java:234)
	at java.util.stream.ReferencePipeline.forEach(ReferencePipeline.java:485)
	at org.junit.vintage.engine.VintageTestEngine.executeAllChildren(VintageTestEngine.java:82)
	at org.junit.vintage.engine.VintageTestEngine.execute(VintageTestEngine.java:73)
	at org.junit.platform.launcher.core.DefaultLauncher.execute(DefaultLauncher.java:248)
	at org.junit.platform.launcher.core.DefaultLauncher.lambda$execute$5(DefaultLauncher.java:211)
	at org.junit.platform.launcher.core.DefaultLauncher.withInterceptedStreams(DefaultLauncher.java:226)
	at org.junit.platform.launcher.core.DefaultLauncher.execute(DefaultLauncher.java:199)
	at org.junit.platform.launcher.core.DefaultLauncher.execute(DefaultLauncher.java:132)
	at org.apache.maven.surefire.junitplatform.JUnitPlatformProvider.invokeAllTests(JUnitPlatformProvider.java:154)
	at org.apache.maven.surefire.junitplatform.JUnitPlatformProvider.invoke(JUnitPlatformProvider.java:123)
	at org.apache.maven.surefire.booter.ForkedBooter.runSuitesInProcess(ForkedBooter.java:377)
	at org.apache.maven.surefire.booter.ForkedBooter.execute(ForkedBooter.java:138)
	at org.apache.maven.surefire.booter.ForkedBooter.run(ForkedBooter.java:465)
	at org.apache.maven.surefire.booter.ForkedBooter.main(ForkedBooter.java:451)

2024-04-24T05:12:46,243  INFO [main] metadata.Hive: Dumping metastore api call timing information for : compilation phase
2024-04-24T05:12:46,243  INFO [main] metadata.Hive: Total time spent in each metastore function (ms): {getAllTableConstraints_(AllTableConstraintsRequest)=14, commitTxn_(CommitTxnRequest)=13, createTable_(Table)=3, openTxn_(String, TxnType)=3, flushCache_()=0, getValidTxns_(long)=1, getTableColumnStatistics_(String, String, List, String)=93, isCompatibleWith_(Configuration)=1, getTable_(GetTableRequest)=122, getValidWriteIds_(List, String)=8}
2024-04-24T05:12:46,243  INFO [main] ql.Driver: Completed compiling command(queryId=alex_20240424051245_7cbf1fac-f0a7-4d04-ac4f-c9d369995023); Time taken: 0.767 seconds
2024-04-24T05:12:46,243  INFO [main] lockmgr.DbTxnManager: Stopped heartbeat for query: null
2024-04-24T05:12:46,248  INFO [main] txn.TxnHandler: Removed transactions: ([15]) from MIN_HISTORY_LEVEL
2024-04-24T05:12:46,259  INFO [main] ql.TxnCommandsBaseForTests: Running the query: drop table if exists acidTbl
2024-04-24T05:12:46,259  INFO [main] ql.Context: Deleting scratch dir: file:/home/alex/Repositories/hive/ql/target/tmp/localscratchdir/3bfb341f-377d-4e56-81ca-d304a7f4b95f/hive_2024-04-24_05-12-45_528_2282545490123476984-1
2024-04-24T05:12:46,259  INFO [main] ql.Driver: Compiling command(queryId=alex_20240424051246_e824b5ae-8ef4-4486-8baf-160694cc81f1): drop table if exists acidTbl
2024-04-24T05:12:46,264  INFO [main] txn.TxnHandler: Added entries to MIN_HISTORY_LEVEL for current txns: ([16]) with min_open_txn: 15
2024-04-24T05:12:46,264  INFO [main] lockmgr.DbTxnManager: Opened txnid:16
2024-04-24T05:12:46,266  INFO [main] HiveMetaStore.audit: ugi=alex	ip=unknown-ip-addr	cmd=get_table : tbl=hive.default.acidTbl	
2024-04-24T05:12:46,276  INFO [main] metastore.HMSHandler: Skipping translation for processor with null
2024-04-24T05:12:46,277  INFO [main] ql.Driver: Semantic Analysis Completed (retrial = false)
2024-04-24T05:12:46,277  INFO [main] ql.Driver: Created Hive schema: Schema(fieldSchemas:null, properties:null)
2024-04-24T05:12:46,277  INFO [main] metadata.Hive: Dumping metastore api call timing information for : compilation phase
2024-04-24T05:12:46,277  INFO [main] metadata.Hive: Total time spent in each metastore function (ms): {openTxn_(String, TxnType)=3, isCompatibleWith_(Configuration)=2, flushCache_()=1, getTable_(GetTableRequest)=11, getValidTxns_(long)=1, rollbackTxn_(long)=13}
2024-04-24T05:12:46,277  INFO [main] ql.Driver: Completed compiling command(queryId=alex_20240424051246_e824b5ae-8ef4-4486-8baf-160694cc81f1); Time taken: 0.018 seconds
2024-04-24T05:12:46,278  INFO [main] lockmgr.DbTxnManager: Setting lock request transaction to txnid:16 for queryId=alex_20240424051246_e824b5ae-8ef4-4486-8baf-160694cc81f1
2024-04-24T05:12:46,278  INFO [main] lockmgr.DbLockManager: Requesting lock for queryId=alex_20240424051246_e824b5ae-8ef4-4486-8baf-160694cc81f1
2024-04-24T05:12:46,299  INFO [main] lockmgr.DbLockManager: Response to queryId=alex_20240424051246_e824b5ae-8ef4-4486-8baf-160694cc81f1 LockResponse(lockid:9, state:ACQUIRED)
2024-04-24T05:12:46,299  INFO [main] ql.Driver: Operation DROPTABLE obtained 1 locks
2024-04-24T05:12:46,299  INFO [main] ql.Driver: Executing command(queryId=alex_20240424051246_e824b5ae-8ef4-4486-8baf-160694cc81f1): drop table if exists acidTbl
2024-04-24T05:12:46,299  INFO [main] ql.Driver: Starting task [Stage-0:DDL] in serial mode
2024-04-24T05:12:46,299  INFO [main] HiveMetaStore.audit: ugi=alex	ip=unknown-ip-addr	cmd=get_table : tbl=hive.default.acidTbl	
2024-04-24T05:12:46,310  INFO [main] metastore.HMSHandler: Skipping translation for processor with null
2024-04-24T05:12:46,311  INFO [main] HiveMetaStore.audit: ugi=alex	ip=unknown-ip-addr	cmd=get_table : tbl=hive.default.acidTbl	
2024-04-24T05:12:46,321  INFO [main] metastore.HMSHandler: Skipping translation for processor with null
2024-04-24T05:12:46,321  INFO [main] HiveMetaStore.audit: ugi=alex	ip=unknown-ip-addr	cmd=drop_table : tbl=hive.default.acidTbl	
2024-04-24T05:12:46,535  INFO [main] metadata.Hive: Dumping metastore api call timing information for : execution phase
2024-04-24T05:12:46,535  INFO [main] metadata.Hive: Total time spent in each metastore function (ms): {isCompatibleWith_(Configuration)=0, getTable_(GetTableRequest)=11, dropTable_(String, String, boolean, boolean, boolean)=223}
2024-04-24T05:12:46,536  INFO [main] ql.Driver: Completed executing command(queryId=alex_20240424051246_e824b5ae-8ef4-4486-8baf-160694cc81f1); Time taken: 0.236 seconds
2024-04-24T05:12:46,536  INFO [main] lockmgr.DbTxnManager: Stopped heartbeat for query: alex_20240424051246_e824b5ae-8ef4-4486-8baf-160694cc81f1
2024-04-24T05:12:46,541  INFO [main] txn.TxnHandler: Expected to move at least one record from txn_components to completed_txn_components when committing txn! txnid:16
2024-04-24T05:12:46,549  INFO [main] txn.TxnHandler: Removed transactions: ([16]) from MIN_HISTORY_LEVEL
2024-04-24T05:12:46,551  WARN [main] txn.CompactionTxnHandler: No compaction queue record found for Compaction type transaction commit. txnId:16
2024-04-24T05:12:46,552  INFO [main] ql.TxnCommandsBaseForTests: Running the query: drop table if exists acidTblPart
2024-04-24T05:12:46,552  INFO [main] ql.Driver: Compiling command(queryId=alex_20240424051246_0cd471bc-f252-42d4-8fde-ad9b10b9853e): drop table if exists acidTblPart
2024-04-24T05:12:46,564  INFO [main] txn.TxnHandler: Added entries to MIN_HISTORY_LEVEL for current txns: ([17]) with min_open_txn: 16
2024-04-24T05:12:46,564  INFO [main] lockmgr.DbTxnManager: Opened txnid:17
2024-04-24T05:12:46,568  INFO [main] HiveMetaStore.audit: ugi=alex	ip=unknown-ip-addr	cmd=get_table : tbl=hive.default.acidTblPart	
2024-04-24T05:12:46,593  INFO [main] metastore.HMSHandler: Skipping translation for processor with null
2024-04-24T05:12:46,593  INFO [main] ql.Driver: Semantic Analysis Completed (retrial = false)
2024-04-24T05:12:46,593  INFO [main] ql.Driver: Created Hive schema: Schema(fieldSchemas:null, properties:null)
2024-04-24T05:12:46,593  INFO [main] metadata.Hive: Dumping metastore api call timing information for : compilation phase
2024-04-24T05:12:46,593  INFO [main] metadata.Hive: Total time spent in each metastore function (ms): {flushCache_()=0, getValidTxns_(long)=3, openTxn_(String, TxnType)=11, commitTxn_(CommitTxnRequest)=16, getTable_(GetTableRequest)=25, isCompatibleWith_(Configuration)=0}
2024-04-24T05:12:46,594  INFO [main] ql.Driver: Completed compiling command(queryId=alex_20240424051246_0cd471bc-f252-42d4-8fde-ad9b10b9853e); Time taken: 0.041 seconds
2024-04-24T05:12:46,594  INFO [main] lockmgr.DbTxnManager: Setting lock request transaction to txnid:17 for queryId=alex_20240424051246_0cd471bc-f252-42d4-8fde-ad9b10b9853e
2024-04-24T05:12:46,595  INFO [main] lockmgr.DbLockManager: Requesting lock for queryId=alex_20240424051246_0cd471bc-f252-42d4-8fde-ad9b10b9853e
2024-04-24T05:12:46,616  INFO [main] lockmgr.DbLockManager: Response to queryId=alex_20240424051246_0cd471bc-f252-42d4-8fde-ad9b10b9853e LockResponse(lockid:10, state:ACQUIRED)
2024-04-24T05:12:46,616  INFO [main] ql.Driver: Operation DROPTABLE obtained 1 locks
2024-04-24T05:12:46,616  INFO [main] ql.Driver: Executing command(queryId=alex_20240424051246_0cd471bc-f252-42d4-8fde-ad9b10b9853e): drop table if exists acidTblPart
2024-04-24T05:12:46,616  INFO [main] ql.Driver: Starting task [Stage-0:DDL] in serial mode
2024-04-24T05:12:46,616  INFO [main] HiveMetaStore.audit: ugi=alex	ip=unknown-ip-addr	cmd=get_table : tbl=hive.default.acidTblPart	
2024-04-24T05:12:46,626  INFO [main] metastore.HMSHandler: Skipping translation for processor with null
2024-04-24T05:12:46,626  INFO [main] HiveMetaStore.audit: ugi=alex	ip=unknown-ip-addr	cmd=get_table : tbl=hive.default.acidTblPart	
2024-04-24T05:12:46,636  INFO [main] metastore.HMSHandler: Skipping translation for processor with null
2024-04-24T05:12:46,637  INFO [main] HiveMetaStore.audit: ugi=alex	ip=unknown-ip-addr	cmd=drop_table : tbl=hive.default.acidTblPart	
2024-04-24T05:12:46,700  INFO [main] metadata.Hive: Dumping metastore api call timing information for : execution phase
2024-04-24T05:12:46,701  INFO [main] metadata.Hive: Total time spent in each metastore function (ms): {isCompatibleWith_(Configuration)=0, dropTable_(String, String, boolean, boolean, boolean)=74, getTable_(GetTableRequest)=10}
2024-04-24T05:12:46,701  INFO [main] ql.Driver: Completed executing command(queryId=alex_20240424051246_0cd471bc-f252-42d4-8fde-ad9b10b9853e); Time taken: 0.084 seconds
2024-04-24T05:12:46,701  INFO [main] lockmgr.DbTxnManager: Stopped heartbeat for query: alex_20240424051246_0cd471bc-f252-42d4-8fde-ad9b10b9853e
2024-04-24T05:12:46,706  INFO [main] txn.TxnHandler: Expected to move at least one record from txn_components to completed_txn_components when committing txn! txnid:17
2024-04-24T05:12:46,714  INFO [main] txn.TxnHandler: Removed transactions: ([17]) from MIN_HISTORY_LEVEL
2024-04-24T05:12:46,715  WARN [main] txn.CompactionTxnHandler: No compaction queue record found for Compaction type transaction commit. txnId:17
2024-04-24T05:12:46,715  INFO [main] ql.TxnCommandsBaseForTests: Running the query: drop table if exists acidTbl2
2024-04-24T05:12:46,716  INFO [main] ql.Driver: Compiling command(queryId=alex_20240424051246_3d267111-0ad1-4e30-b4e0-2d443b82f821): drop table if exists acidTbl2
2024-04-24T05:12:46,719  INFO [main] txn.TxnHandler: Added entries to MIN_HISTORY_LEVEL for current txns: ([18]) with min_open_txn: 16
2024-04-24T05:12:46,719  INFO [main] lockmgr.DbTxnManager: Opened txnid:18
2024-04-24T05:12:46,721  INFO [main] ql.Driver: Semantic Analysis Completed (retrial = false)
2024-04-24T05:12:46,721  INFO [main] ql.Driver: Created Hive schema: Schema(fieldSchemas:null, properties:null)
2024-04-24T05:12:46,721  INFO [main] metadata.Hive: Dumping metastore api call timing information for : compilation phase
2024-04-24T05:12:46,721  INFO [main] metadata.Hive: Total time spent in each metastore function (ms): {flushCache_()=0, openTxn_(String, TxnType)=3, commitTxn_(CommitTxnRequest)=14, isCompatibleWith_(Configuration)=0, getValidTxns_(long)=0, getTable_(GetTableRequest)=1}
2024-04-24T05:12:46,721  INFO [main] ql.Driver: Completed compiling command(queryId=alex_20240424051246_3d267111-0ad1-4e30-b4e0-2d443b82f821); Time taken: 0.005 seconds
2024-04-24T05:12:46,721  INFO [main] lockmgr.DbTxnManager: Setting lock request transaction to txnid:18 for queryId=alex_20240424051246_3d267111-0ad1-4e30-b4e0-2d443b82f821
2024-04-24T05:12:46,722  INFO [main] ql.Driver: Operation DROPTABLE obtained 0 locks
2024-04-24T05:12:46,722  INFO [main] ql.Driver: Executing command(queryId=alex_20240424051246_3d267111-0ad1-4e30-b4e0-2d443b82f821): drop table if exists acidTbl2
2024-04-24T05:12:46,722  INFO [main] ql.Driver: Starting task [Stage-0:DDL] in serial mode
2024-04-24T05:12:46,722  INFO [main] metadata.SessionHiveMetaStoreClient: Column stats doesn't exist for db=default temp table=acidTbl2
2024-04-24T05:12:46,723  INFO [main] metadata.Hive: Dumping metastore api call timing information for : execution phase
2024-04-24T05:12:46,723  INFO [main] metadata.Hive: Total time spent in each metastore function (ms): {getTable_(GetTableRequest)=0, dropTable_(String, String, boolean, boolean, boolean)=1, isCompatibleWith_(Configuration)=0}
2024-04-24T05:12:46,723  INFO [main] ql.Driver: Completed executing command(queryId=alex_20240424051246_3d267111-0ad1-4e30-b4e0-2d443b82f821); Time taken: 0.001 seconds
2024-04-24T05:12:46,723  INFO [main] lockmgr.DbTxnManager: Stopped heartbeat for query: alex_20240424051246_3d267111-0ad1-4e30-b4e0-2d443b82f821
2024-04-24T05:12:46,729  INFO [main] txn.TxnHandler: Expected to move at least one record from txn_components to completed_txn_components when committing txn! txnid:18
2024-04-24T05:12:46,738  INFO [main] txn.TxnHandler: Removed transactions: ([18]) from MIN_HISTORY_LEVEL
2024-04-24T05:12:46,738  WARN [main] txn.CompactionTxnHandler: No compaction queue record found for Compaction type transaction commit. txnId:18
2024-04-24T05:12:46,739  INFO [main] ql.TxnCommandsBaseForTests: Running the query: drop table if exists nonAcidOrcTbl
2024-04-24T05:12:46,739  INFO [main] ql.Driver: Compiling command(queryId=alex_20240424051246_61c9f4c9-9fb4-4213-8c6d-1134e9995434): drop table if exists nonAcidOrcTbl
2024-04-24T05:12:46,743  INFO [main] txn.TxnHandler: Added entries to MIN_HISTORY_LEVEL for current txns: ([19]) with min_open_txn: 16
2024-04-24T05:12:46,743  INFO [main] lockmgr.DbTxnManager: Opened txnid:19
2024-04-24T05:12:46,744  INFO [main] HiveMetaStore.audit: ugi=alex	ip=unknown-ip-addr	cmd=get_table : tbl=hive.default.nonAcidOrcTbl	
2024-04-24T05:12:46,773  INFO [main] metastore.HMSHandler: Skipping translation for processor with null
2024-04-24T05:12:46,774  INFO [main] ql.Driver: Semantic Analysis Completed (retrial = false)
2024-04-24T05:12:46,774  INFO [main] ql.Driver: Created Hive schema: Schema(fieldSchemas:null, properties:null)
2024-04-24T05:12:46,774  INFO [main] metadata.Hive: Dumping metastore api call timing information for : compilation phase
2024-04-24T05:12:46,774  INFO [main] metadata.Hive: Total time spent in each metastore function (ms): {flushCache_()=0, openTxn_(String, TxnType)=3, getValidTxns_(long)=1, commitTxn_(CommitTxnRequest)=15, isCompatibleWith_(Configuration)=0, getTable_(GetTableRequest)=29}
2024-04-24T05:12:46,774  INFO [main] ql.Driver: Completed compiling command(queryId=alex_20240424051246_61c9f4c9-9fb4-4213-8c6d-1134e9995434); Time taken: 0.035 seconds
2024-04-24T05:12:46,774  INFO [main] lockmgr.DbTxnManager: Setting lock request transaction to txnid:19 for queryId=alex_20240424051246_61c9f4c9-9fb4-4213-8c6d-1134e9995434
2024-04-24T05:12:46,775  INFO [main] lockmgr.DbLockManager: Requesting lock for queryId=alex_20240424051246_61c9f4c9-9fb4-4213-8c6d-1134e9995434
2024-04-24T05:12:46,801  INFO [main] lockmgr.DbLockManager: Response to queryId=alex_20240424051246_61c9f4c9-9fb4-4213-8c6d-1134e9995434 LockResponse(lockid:11, state:ACQUIRED)
2024-04-24T05:12:46,801  INFO [main] ql.Driver: Operation DROPTABLE obtained 1 locks
2024-04-24T05:12:46,801  INFO [main] ql.Driver: Executing command(queryId=alex_20240424051246_61c9f4c9-9fb4-4213-8c6d-1134e9995434): drop table if exists nonAcidOrcTbl
2024-04-24T05:12:46,801  INFO [main] ql.Driver: Starting task [Stage-0:DDL] in serial mode
2024-04-24T05:12:46,802  INFO [main] HiveMetaStore.audit: ugi=alex	ip=unknown-ip-addr	cmd=get_table : tbl=hive.default.nonAcidOrcTbl	
2024-04-24T05:12:46,816  INFO [main] metastore.HMSHandler: Skipping translation for processor with null
2024-04-24T05:12:46,816  INFO [main] HiveMetaStore.audit: ugi=alex	ip=unknown-ip-addr	cmd=get_table : tbl=hive.default.nonAcidOrcTbl	
2024-04-24T05:12:46,831  INFO [main] metastore.HMSHandler: Skipping translation for processor with null
2024-04-24T05:12:46,831  INFO [main] HiveMetaStore.audit: ugi=alex	ip=unknown-ip-addr	cmd=drop_table : tbl=hive.default.nonAcidOrcTbl	
2024-04-24T05:12:46,954  INFO [main] metadata.Hive: Dumping metastore api call timing information for : execution phase
2024-04-24T05:12:46,955  INFO [main] metadata.Hive: Total time spent in each metastore function (ms): {dropTable_(String, String, boolean, boolean, boolean)=138, isCompatibleWith_(Configuration)=0, getTable_(GetTableRequest)=15}
2024-04-24T05:12:46,955  INFO [main] ql.Driver: Completed executing command(queryId=alex_20240424051246_61c9f4c9-9fb4-4213-8c6d-1134e9995434); Time taken: 0.153 seconds
2024-04-24T05:12:46,955  INFO [main] lockmgr.DbTxnManager: Stopped heartbeat for query: alex_20240424051246_61c9f4c9-9fb4-4213-8c6d-1134e9995434
2024-04-24T05:12:46,960  INFO [main] txn.TxnHandler: Expected to move at least one record from txn_components to completed_txn_components when committing txn! txnid:19
2024-04-24T05:12:46,968  INFO [main] txn.TxnHandler: Removed transactions: ([19]) from MIN_HISTORY_LEVEL
2024-04-24T05:12:46,968  WARN [main] txn.CompactionTxnHandler: No compaction queue record found for Compaction type transaction commit. txnId:19
2024-04-24T05:12:46,969  INFO [main] ql.TxnCommandsBaseForTests: Running the query: drop table if exists nonAcidOrcTbl2
2024-04-24T05:12:46,969  INFO [main] ql.Driver: Compiling command(queryId=alex_20240424051246_e824e21d-8931-4cc7-b6a3-e7fecf930e5f): drop table if exists nonAcidOrcTbl2
2024-04-24T05:12:46,972  INFO [main] txn.TxnHandler: Added entries to MIN_HISTORY_LEVEL for current txns: ([20]) with min_open_txn: 16
2024-04-24T05:12:46,973  INFO [main] lockmgr.DbTxnManager: Opened txnid:20
2024-04-24T05:12:46,974  INFO [main] HiveMetaStore.audit: ugi=alex	ip=unknown-ip-addr	cmd=get_table : tbl=hive.default.nonAcidOrcTbl2	
2024-04-24T05:12:46,988  INFO [main] metastore.HMSHandler: Skipping translation for processor with null
2024-04-24T05:12:46,988  INFO [main] ql.Driver: Semantic Analysis Completed (retrial = false)
2024-04-24T05:12:46,988  INFO [main] ql.Driver: Created Hive schema: Schema(fieldSchemas:null, properties:null)
2024-04-24T05:12:46,988  INFO [main] metadata.Hive: Dumping metastore api call timing information for : compilation phase
2024-04-24T05:12:46,988  INFO [main] metadata.Hive: Total time spent in each metastore function (ms): {flushCache_()=0, commitTxn_(CommitTxnRequest)=14, openTxn_(String, TxnType)=3, getValidTxns_(long)=1, isCompatibleWith_(Configuration)=0, getTable_(GetTableRequest)=14}
2024-04-24T05:12:46,988  INFO [main] ql.Driver: Completed compiling command(queryId=alex_20240424051246_e824e21d-8931-4cc7-b6a3-e7fecf930e5f); Time taken: 0.019 seconds
2024-04-24T05:12:46,988  INFO [main] lockmgr.DbTxnManager: Setting lock request transaction to txnid:20 for queryId=alex_20240424051246_e824e21d-8931-4cc7-b6a3-e7fecf930e5f
2024-04-24T05:12:46,989  INFO [main] lockmgr.DbLockManager: Requesting lock for queryId=alex_20240424051246_e824e21d-8931-4cc7-b6a3-e7fecf930e5f
2024-04-24T05:12:47,009  INFO [main] lockmgr.DbLockManager: Response to queryId=alex_20240424051246_e824e21d-8931-4cc7-b6a3-e7fecf930e5f LockResponse(lockid:12, state:ACQUIRED)
2024-04-24T05:12:47,009  INFO [main] ql.Driver: Operation DROPTABLE obtained 1 locks
2024-04-24T05:12:47,009  INFO [main] ql.Driver: Executing command(queryId=alex_20240424051246_e824e21d-8931-4cc7-b6a3-e7fecf930e5f): drop table if exists nonAcidOrcTbl2
2024-04-24T05:12:47,009  INFO [main] ql.Driver: Starting task [Stage-0:DDL] in serial mode
2024-04-24T05:12:47,010  INFO [main] HiveMetaStore.audit: ugi=alex	ip=unknown-ip-addr	cmd=get_table : tbl=hive.default.nonAcidOrcTbl2	
2024-04-24T05:12:47,022  INFO [main] metastore.HMSHandler: Skipping translation for processor with null
2024-04-24T05:12:47,022  INFO [main] HiveMetaStore.audit: ugi=alex	ip=unknown-ip-addr	cmd=get_table : tbl=hive.default.nonAcidOrcTbl2	
2024-04-24T05:12:47,036  INFO [main] metastore.HMSHandler: Skipping translation for processor with null
2024-04-24T05:12:47,036  INFO [main] HiveMetaStore.audit: ugi=alex	ip=unknown-ip-addr	cmd=drop_table : tbl=hive.default.nonAcidOrcTbl2	
2024-04-24T05:12:47,084  INFO [main] metadata.Hive: Dumping metastore api call timing information for : execution phase
2024-04-24T05:12:47,085  INFO [main] metadata.Hive: Total time spent in each metastore function (ms): {getTable_(GetTableRequest)=12, dropTable_(String, String, boolean, boolean, boolean)=62, isCompatibleWith_(Configuration)=0}
2024-04-24T05:12:47,085  INFO [main] ql.Driver: Completed executing command(queryId=alex_20240424051246_e824e21d-8931-4cc7-b6a3-e7fecf930e5f); Time taken: 0.075 seconds
2024-04-24T05:12:47,085  INFO [main] lockmgr.DbTxnManager: Stopped heartbeat for query: alex_20240424051246_e824e21d-8931-4cc7-b6a3-e7fecf930e5f
2024-04-24T05:12:47,090  INFO [main] txn.TxnHandler: Expected to move at least one record from txn_components to completed_txn_components when committing txn! txnid:20
2024-04-24T05:12:47,097  INFO [main] txn.TxnHandler: Removed transactions: ([20]) from MIN_HISTORY_LEVEL
2024-04-24T05:12:47,098  WARN [main] txn.CompactionTxnHandler: No compaction queue record found for Compaction type transaction commit. txnId:20
2024-04-24T05:12:47,098  INFO [main] ql.TxnCommandsBaseForTests: Running the query: drop table if exists nonAcidNonBucket
2024-04-24T05:12:47,099  INFO [main] ql.Driver: Compiling command(queryId=alex_20240424051247_853db7a1-c607-46da-a959-ce8f7ec1d864): drop table if exists nonAcidNonBucket
2024-04-24T05:12:47,102  INFO [main] txn.TxnHandler: Added entries to MIN_HISTORY_LEVEL for current txns: ([21]) with min_open_txn: 16
2024-04-24T05:12:47,102  INFO [main] lockmgr.DbTxnManager: Opened txnid:21
2024-04-24T05:12:47,104  INFO [main] HiveMetaStore.audit: ugi=alex	ip=unknown-ip-addr	cmd=get_table : tbl=hive.default.nonAcidNonBucket	
2024-04-24T05:12:47,117  INFO [main] metastore.HMSHandler: Skipping translation for processor with null
2024-04-24T05:12:47,118  INFO [main] ql.Driver: Semantic Analysis Completed (retrial = false)
2024-04-24T05:12:47,118  INFO [main] ql.Driver: Created Hive schema: Schema(fieldSchemas:null, properties:null)
2024-04-24T05:12:47,118  INFO [main] metadata.Hive: Dumping metastore api call timing information for : compilation phase
2024-04-24T05:12:47,118  INFO [main] metadata.Hive: Total time spent in each metastore function (ms): {getValidTxns_(long)=0, openTxn_(String, TxnType)=3, getTable_(GetTableRequest)=14, commitTxn_(CommitTxnRequest)=13, flushCache_()=0, isCompatibleWith_(Configuration)=0}
2024-04-24T05:12:47,118  INFO [main] ql.Driver: Completed compiling command(queryId=alex_20240424051247_853db7a1-c607-46da-a959-ce8f7ec1d864); Time taken: 0.019 seconds
2024-04-24T05:12:47,118  INFO [main] lockmgr.DbTxnManager: Setting lock request transaction to txnid:21 for queryId=alex_20240424051247_853db7a1-c607-46da-a959-ce8f7ec1d864
2024-04-24T05:12:47,119  INFO [main] lockmgr.DbLockManager: Requesting lock for queryId=alex_20240424051247_853db7a1-c607-46da-a959-ce8f7ec1d864
2024-04-24T05:12:47,139  INFO [main] lockmgr.DbLockManager: Response to queryId=alex_20240424051247_853db7a1-c607-46da-a959-ce8f7ec1d864 LockResponse(lockid:13, state:ACQUIRED)
2024-04-24T05:12:47,139  INFO [main] ql.Driver: Operation DROPTABLE obtained 1 locks
2024-04-24T05:12:47,139  INFO [main] ql.Driver: Executing command(queryId=alex_20240424051247_853db7a1-c607-46da-a959-ce8f7ec1d864): drop table if exists nonAcidNonBucket
2024-04-24T05:12:47,139  INFO [main] ql.Driver: Starting task [Stage-0:DDL] in serial mode
2024-04-24T05:12:47,139  INFO [main] HiveMetaStore.audit: ugi=alex	ip=unknown-ip-addr	cmd=get_table : tbl=hive.default.nonAcidNonBucket	
2024-04-24T05:12:47,152  INFO [main] metastore.HMSHandler: Skipping translation for processor with null
2024-04-24T05:12:47,152  INFO [main] HiveMetaStore.audit: ugi=alex	ip=unknown-ip-addr	cmd=get_table : tbl=hive.default.nonAcidNonBucket	
2024-04-24T05:12:47,165  INFO [main] metastore.HMSHandler: Skipping translation for processor with null
2024-04-24T05:12:47,165  INFO [main] HiveMetaStore.audit: ugi=alex	ip=unknown-ip-addr	cmd=drop_table : tbl=hive.default.nonAcidNonBucket	
2024-04-24T05:12:47,210  INFO [main] metadata.Hive: Dumping metastore api call timing information for : execution phase
2024-04-24T05:12:47,210  INFO [main] metadata.Hive: Total time spent in each metastore function (ms): {getTable_(GetTableRequest)=13, isCompatibleWith_(Configuration)=0, dropTable_(String, String, boolean, boolean, boolean)=57}
2024-04-24T05:12:47,210  INFO [main] ql.Driver: Completed executing command(queryId=alex_20240424051247_853db7a1-c607-46da-a959-ce8f7ec1d864); Time taken: 0.071 seconds
2024-04-24T05:12:47,210  INFO [main] lockmgr.DbTxnManager: Stopped heartbeat for query: alex_20240424051247_853db7a1-c607-46da-a959-ce8f7ec1d864
2024-04-24T05:12:47,215  INFO [main] txn.TxnHandler: Expected to move at least one record from txn_components to completed_txn_components when committing txn! txnid:21
2024-04-24T05:12:47,222  INFO [main] txn.TxnHandler: Removed transactions: ([21]) from MIN_HISTORY_LEVEL
2024-04-24T05:12:47,222  WARN [main] txn.CompactionTxnHandler: No compaction queue record found for Compaction type transaction commit. txnId:21
2024-04-24T05:12:47,223  INFO [main] utils.TestTxnDbUtil: Cleaning transactional tables
]]></system-err>
  </testcase>
  <testcase name="testMergeCase" classname="org.apache.hadoop.hive.ql.TestTxnCommandsWithSplitUpdateAndVectorization" time="5.277"/>
  <testcase name="testSetClauseFakeColumn" classname="org.apache.hadoop.hive.ql.TestTxnCommandsWithSplitUpdateAndVectorization" time="1.569"/>
  <testcase name="testBadOnClause" classname="org.apache.hadoop.hive.ql.TestTxnCommandsWithSplitUpdateAndVectorization" time="1.375"/>
  <testcase name="testSimpleAcidInsert" classname="org.apache.hadoop.hive.ql.TestTxnCommandsWithSplitUpdateAndVectorization" time="9.192"/>
  <testcase name="testTxnStatsOnOff" classname="org.apache.hadoop.hive.ql.TestTxnCommandsWithSplitUpdateAndVectorization" time="6.626"/>
  <testcase name="testMergeUpdateDeleteNoCardCheck" classname="org.apache.hadoop.hive.ql.TestTxnCommandsWithSplitUpdateAndVectorization" time="4.855">
    <error type="java.lang.RuntimeException"><![CDATA[java.lang.RuntimeException: merge into acidTbl as t using nonAcidOrcTbl s ON t.a = s.a WHEN MATCHED AND s.a < 3 THEN update set b = 0 WHEN MATCHED and t.a > 3 and t.a < 5 THEN DELETE  failed: (responseCode = 40000, errorMessage = FAILED: NoMatchingMethodException No matching method for class org.apache.hadoop.hive.ql.udf.UDFToInteger with (struct<writeid:bigint,bucketid:int,rowid:bigint>). Possible choices: _FUNC_(bigint)  _FUNC_(boolean)  _FUNC_(decimal(38,18))  _FUNC_(double)  _FUNC_(float)  _FUNC_(smallint)  _FUNC_(string)  _FUNC_(struct<writeid:bigint,rowid:int,bucketid:bigint>)  _FUNC_(timestamp)  _FUNC_(tinyint)  _FUNC_(void)  , hiveErrorCode = 40000, SQLState = 42000, exception = No matching method for class org.apache.hadoop.hive.ql.udf.UDFToInteger with (struct<writeid:bigint,bucketid:int,rowid:bigint>). Possible choices: _FUNC_(bigint)  _FUNC_(boolean)  _FUNC_(decimal(38,18))  _FUNC_(double)  _FUNC_(float)  _FUNC_(smallint)  _FUNC_(string)  _FUNC_(struct<writeid:bigint,rowid:int,bucketid:bigint>)  _FUNC_(timestamp)  _FUNC_(tinyint)  _FUNC_(void)  )
	at org.apache.hadoop.hive.ql.TxnCommandsBaseForTests.runStatementOnDriver(TxnCommandsBaseForTests.java:247)
	at org.apache.hadoop.hive.ql.TestTxnCommands.testMergeUpdateDeleteNoCardCheck(TestTxnCommands.java:1264)
	at sun.reflect.NativeMethodAccessorImpl.invoke0(Native Method)
	at sun.reflect.NativeMethodAccessorImpl.invoke(NativeMethodAccessorImpl.java:62)
	at sun.reflect.DelegatingMethodAccessorImpl.invoke(DelegatingMethodAccessorImpl.java:43)
	at java.lang.reflect.Method.invoke(Method.java:498)
	at org.junit.runners.model.FrameworkMethod$1.runReflectiveCall(FrameworkMethod.java:59)
	at org.junit.internal.runners.model.ReflectiveCallable.run(ReflectiveCallable.java:12)
	at org.junit.runners.model.FrameworkMethod.invokeExplosively(FrameworkMethod.java:56)
	at org.junit.internal.runners.statements.InvokeMethod.evaluate(InvokeMethod.java:17)
	at org.junit.internal.runners.statements.RunBefores.evaluate(RunBefores.java:26)
	at org.junit.internal.runners.statements.RunAfters.evaluate(RunAfters.java:27)
	at org.junit.rules.TestWatcher$1.evaluate(TestWatcher.java:61)
	at org.junit.runners.ParentRunner$3.evaluate(ParentRunner.java:306)
	at org.junit.runners.BlockJUnit4ClassRunner$1.evaluate(BlockJUnit4ClassRunner.java:100)
	at org.junit.runners.ParentRunner.runLeaf(ParentRunner.java:366)
	at org.junit.runners.BlockJUnit4ClassRunner.runChild(BlockJUnit4ClassRunner.java:103)
	at org.junit.runners.BlockJUnit4ClassRunner.runChild(BlockJUnit4ClassRunner.java:63)
	at org.junit.runners.ParentRunner$4.run(ParentRunner.java:331)
	at org.junit.runners.ParentRunner$1.schedule(ParentRunner.java:79)
	at org.junit.runners.ParentRunner.runChildren(ParentRunner.java:329)
	at org.junit.runners.ParentRunner.access$100(ParentRunner.java:66)
	at org.junit.runners.ParentRunner$2.evaluate(ParentRunner.java:293)
	at org.junit.runners.ParentRunner$3.evaluate(ParentRunner.java:306)
	at org.junit.runners.ParentRunner.run(ParentRunner.java:413)
	at org.junit.runner.JUnitCore.run(JUnitCore.java:137)
	at org.junit.runner.JUnitCore.run(JUnitCore.java:115)
	at org.junit.vintage.engine.execution.RunnerExecutor.execute(RunnerExecutor.java:43)
	at java.util.stream.ForEachOps$ForEachOp$OfRef.accept(ForEachOps.java:183)
	at java.util.stream.ReferencePipeline$3$1.accept(ReferencePipeline.java:193)
	at java.util.Iterator.forEachRemaining(Iterator.java:116)
	at java.util.Spliterators$IteratorSpliterator.forEachRemaining(Spliterators.java:1801)
	at java.util.stream.AbstractPipeline.copyInto(AbstractPipeline.java:482)
	at java.util.stream.AbstractPipeline.wrapAndCopyInto(AbstractPipeline.java:472)
	at java.util.stream.ForEachOps$ForEachOp.evaluateSequential(ForEachOps.java:150)
	at java.util.stream.ForEachOps$ForEachOp$OfRef.evaluateSequential(ForEachOps.java:173)
	at java.util.stream.AbstractPipeline.evaluate(AbstractPipeline.java:234)
	at java.util.stream.ReferencePipeline.forEach(ReferencePipeline.java:485)
	at org.junit.vintage.engine.VintageTestEngine.executeAllChildren(VintageTestEngine.java:82)
	at org.junit.vintage.engine.VintageTestEngine.execute(VintageTestEngine.java:73)
	at org.junit.platform.launcher.core.DefaultLauncher.execute(DefaultLauncher.java:248)
	at org.junit.platform.launcher.core.DefaultLauncher.lambda$execute$5(DefaultLauncher.java:211)
	at org.junit.platform.launcher.core.DefaultLauncher.withInterceptedStreams(DefaultLauncher.java:226)
	at org.junit.platform.launcher.core.DefaultLauncher.execute(DefaultLauncher.java:199)
	at org.junit.platform.launcher.core.DefaultLauncher.execute(DefaultLauncher.java:132)
	at org.apache.maven.surefire.junitplatform.JUnitPlatformProvider.invokeAllTests(JUnitPlatformProvider.java:154)
	at org.apache.maven.surefire.junitplatform.JUnitPlatformProvider.invoke(JUnitPlatformProvider.java:123)
	at org.apache.maven.surefire.booter.ForkedBooter.runSuitesInProcess(ForkedBooter.java:377)
	at org.apache.maven.surefire.booter.ForkedBooter.execute(ForkedBooter.java:138)
	at org.apache.maven.surefire.booter.ForkedBooter.run(ForkedBooter.java:465)
	at org.apache.maven.surefire.booter.ForkedBooter.main(ForkedBooter.java:451)
]]></error>
    <system-err><![CDATA[2024-04-24T05:13:11,355  WARN [main] conf.HiveConf: HiveConf of name hive.dummyparam.test.server.specific.config.metastoresite does not exist
2024-04-24T05:13:11,355  WARN [main] conf.HiveConf: HiveConf of name hive.llap.io.cache.orc.alloc.max does not exist
2024-04-24T05:13:11,355  WARN [main] conf.HiveConf: HiveConf of name hive.stats.key.prefix.reserve.length does not exist
2024-04-24T05:13:11,355  WARN [main] conf.HiveConf: HiveConf of name hive.llap.io.cache.orc.arena.size does not exist
2024-04-24T05:13:11,355  WARN [main] conf.HiveConf: HiveConf of name hive.llap.io.cache.orc.alloc.min does not exist
2024-04-24T05:13:11,355  WARN [main] conf.HiveConf: HiveConf of name hive.dummyparam.test.server.specific.config.override does not exist
2024-04-24T05:13:11,355  WARN [main] conf.HiveConf: HiveConf of name hive.dummyparam.test.server.specific.config.hivesite does not exist
2024-04-24T05:13:11,355  WARN [main] conf.HiveConf: HiveConf of name hive.metastore.client.cache.maxSize does not exist
2024-04-24T05:13:11,355  WARN [main] conf.HiveConf: HiveConf of name hive.metastore.client.cache.recordStats does not exist
2024-04-24T05:13:11,356  WARN [main] conf.HiveConf: HiveConf of name hive.metastore.metadb.dir does not exist
2024-04-24T05:13:11,356  WARN [main] conf.HiveConf: HiveConf of name hive.llap.io.cache.orc.size does not exist
2024-04-24T05:13:11,358  INFO [main] utils.TestTxnDbUtil: Creating transactional tables
Hive Session ID = 845c637d-25d6-4d66-8c3b-356c17302ae5
2024-04-24T05:13:11,360  INFO [main] SessionState: Hive Session ID = 845c637d-25d6-4d66-8c3b-356c17302ae5
ivysettings.xml file not found in HIVE_HOME or HIVE_CONF_DIR,/home/alex/Repositories/hive/conf/ivysettings.xml will be used
2024-04-24T05:13:11,360  INFO [main] DependencyResolver: ivysettings.xml file not found in HIVE_HOME or HIVE_CONF_DIR,/home/alex/Repositories/hive/conf/ivysettings.xml will be used
2024-04-24T05:13:11,365  INFO [main] session.SessionState: Created HDFS directory: /home/alex/Repositories/hive/ql/target/tmp/scratchdir/alex/845c637d-25d6-4d66-8c3b-356c17302ae5
2024-04-24T05:13:11,368  INFO [main] session.SessionState: Created local directory: /home/alex/Repositories/hive/ql/target/tmp/localscratchdir/845c637d-25d6-4d66-8c3b-356c17302ae5
2024-04-24T05:13:11,370  INFO [main] session.SessionState: Created HDFS directory: /home/alex/Repositories/hive/ql/target/tmp/scratchdir/alex/845c637d-25d6-4d66-8c3b-356c17302ae5/_tmp_space.db
2024-04-24T05:13:11,370  INFO [main] sqlstd.SQLStdHiveAccessController: Created SQLStdHiveAccessController for session context : HiveAuthzSessionContext [sessionString=845c637d-25d6-4d66-8c3b-356c17302ae5, clientType=HIVECLI]
2024-04-24T05:13:11,371  INFO [main] ql.TxnCommandsBaseForTests: Running the query: drop table if exists acidTbl
2024-04-24T05:13:11,371  INFO [main] ql.Driver: Compiling command(queryId=alex_20240424051311_ff332efc-b3b7-4d62-abe9-78337d610523): drop table if exists acidTbl
2024-04-24T05:13:11,379  INFO [main] txn.TxnHandler: Added entries to MIN_HISTORY_LEVEL for current txns: ([1]) with min_open_txn: 1
2024-04-24T05:13:11,379  INFO [main] lockmgr.DbTxnManager: Opened txnid:1
2024-04-24T05:13:11,382  INFO [main] HiveMetaStore.audit: ugi=alex	ip=unknown-ip-addr	cmd=get_table : tbl=hive.default.acidTbl	
2024-04-24T05:13:11,385  INFO [main] ql.Driver: Semantic Analysis Completed (retrial = false)
2024-04-24T05:13:11,385  INFO [main] ql.Driver: Created Hive schema: Schema(fieldSchemas:null, properties:null)
2024-04-24T05:13:11,385  INFO [main] metadata.Hive: Dumping metastore api call timing information for : compilation phase
2024-04-24T05:13:11,385  INFO [main] metadata.Hive: Total time spent in each metastore function (ms): {openTxn_(String, TxnType)=8, commitTxn_(CommitTxnRequest)=11, getValidTxns_(long)=1, flushCache_()=0, isCompatibleWith_(Configuration)=1}
2024-04-24T05:13:11,385  INFO [main] ql.Driver: Completed compiling command(queryId=alex_20240424051311_ff332efc-b3b7-4d62-abe9-78337d610523); Time taken: 0.014 seconds
2024-04-24T05:13:11,386  INFO [main] lockmgr.DbTxnManager: Setting lock request transaction to txnid:1 for queryId=alex_20240424051311_ff332efc-b3b7-4d62-abe9-78337d610523
2024-04-24T05:13:11,386  INFO [main] ql.Driver: Operation DROPTABLE obtained 0 locks
2024-04-24T05:13:11,386  INFO [main] ql.Driver: Executing command(queryId=alex_20240424051311_ff332efc-b3b7-4d62-abe9-78337d610523): drop table if exists acidTbl
2024-04-24T05:13:11,386  INFO [main] ql.Driver: Starting task [Stage-0:DDL] in serial mode
2024-04-24T05:13:11,386  INFO [main] HiveMetaStore.audit: ugi=alex	ip=unknown-ip-addr	cmd=get_table : tbl=hive.default.acidTbl	
2024-04-24T05:13:11,389  INFO [main] metadata.Hive: Dumping metastore api call timing information for : execution phase
2024-04-24T05:13:11,389  INFO [main] metadata.Hive: Total time spent in each metastore function (ms): {isCompatibleWith_(Configuration)=0}
2024-04-24T05:13:11,390  INFO [main] ql.Driver: Completed executing command(queryId=alex_20240424051311_ff332efc-b3b7-4d62-abe9-78337d610523); Time taken: 0.003 seconds
2024-04-24T05:13:11,390  INFO [main] lockmgr.DbTxnManager: Stopped heartbeat for query: alex_20240424051311_ff332efc-b3b7-4d62-abe9-78337d610523
2024-04-24T05:13:11,395  INFO [main] txn.TxnHandler: Expected to move at least one record from txn_components to completed_txn_components when committing txn! txnid:1
2024-04-24T05:13:11,402  INFO [main] txn.TxnHandler: Removed transactions: ([1]) from MIN_HISTORY_LEVEL
2024-04-24T05:13:11,402  WARN [main] txn.CompactionTxnHandler: No compaction queue record found for Compaction type transaction commit. txnId:1
2024-04-24T05:13:11,403  INFO [main] ql.TxnCommandsBaseForTests: Running the query: drop table if exists acidTblPart
2024-04-24T05:13:11,403  INFO [main] ql.Driver: Compiling command(queryId=alex_20240424051311_5d163a8a-9752-4c67-8904-27da7a71096d): drop table if exists acidTblPart
2024-04-24T05:13:11,405  INFO [main] txn.TxnHandler: Added entries to MIN_HISTORY_LEVEL for current txns: ([2]) with min_open_txn: 1
2024-04-24T05:13:11,406  INFO [main] lockmgr.DbTxnManager: Opened txnid:2
2024-04-24T05:13:11,406  INFO [main] HiveMetaStore.audit: ugi=alex	ip=unknown-ip-addr	cmd=get_table : tbl=hive.default.acidTblPart	
2024-04-24T05:13:11,410  INFO [main] ql.Driver: Semantic Analysis Completed (retrial = false)
2024-04-24T05:13:11,410  INFO [main] ql.Driver: Created Hive schema: Schema(fieldSchemas:null, properties:null)
2024-04-24T05:13:11,410  INFO [main] metadata.Hive: Dumping metastore api call timing information for : compilation phase
2024-04-24T05:13:11,410  INFO [main] metadata.Hive: Total time spent in each metastore function (ms): {flushCache_()=0, openTxn_(String, TxnType)=3, isCompatibleWith_(Configuration)=0, commitTxn_(CommitTxnRequest)=12, getValidTxns_(long)=0}
2024-04-24T05:13:11,410  INFO [main] ql.Driver: Completed compiling command(queryId=alex_20240424051311_5d163a8a-9752-4c67-8904-27da7a71096d); Time taken: 0.007 seconds
2024-04-24T05:13:11,410  INFO [main] lockmgr.DbTxnManager: Setting lock request transaction to txnid:2 for queryId=alex_20240424051311_5d163a8a-9752-4c67-8904-27da7a71096d
2024-04-24T05:13:11,410  INFO [main] ql.Driver: Operation DROPTABLE obtained 0 locks
2024-04-24T05:13:11,410  INFO [main] ql.Driver: Executing command(queryId=alex_20240424051311_5d163a8a-9752-4c67-8904-27da7a71096d): drop table if exists acidTblPart
2024-04-24T05:13:11,411  INFO [main] ql.Driver: Starting task [Stage-0:DDL] in serial mode
2024-04-24T05:13:11,411  INFO [main] HiveMetaStore.audit: ugi=alex	ip=unknown-ip-addr	cmd=get_table : tbl=hive.default.acidTblPart	
2024-04-24T05:13:11,414  INFO [main] metadata.Hive: Dumping metastore api call timing information for : execution phase
2024-04-24T05:13:11,414  INFO [main] metadata.Hive: Total time spent in each metastore function (ms): {isCompatibleWith_(Configuration)=0}
2024-04-24T05:13:11,414  INFO [main] ql.Driver: Completed executing command(queryId=alex_20240424051311_5d163a8a-9752-4c67-8904-27da7a71096d); Time taken: 0.004 seconds
2024-04-24T05:13:11,414  INFO [main] lockmgr.DbTxnManager: Stopped heartbeat for query: alex_20240424051311_5d163a8a-9752-4c67-8904-27da7a71096d
2024-04-24T05:13:11,420  INFO [main] txn.TxnHandler: Expected to move at least one record from txn_components to completed_txn_components when committing txn! txnid:2
2024-04-24T05:13:11,426  INFO [main] txn.TxnHandler: Removed transactions: ([2]) from MIN_HISTORY_LEVEL
2024-04-24T05:13:11,426  WARN [main] txn.CompactionTxnHandler: No compaction queue record found for Compaction type transaction commit. txnId:2
2024-04-24T05:13:11,427  INFO [main] ql.TxnCommandsBaseForTests: Running the query: drop table if exists acidTbl2
2024-04-24T05:13:11,427  INFO [main] ql.Driver: Compiling command(queryId=alex_20240424051311_9cb728e1-7ab6-40e6-b24d-2e3daf681480): drop table if exists acidTbl2
2024-04-24T05:13:11,429  INFO [main] txn.TxnHandler: Added entries to MIN_HISTORY_LEVEL for current txns: ([3]) with min_open_txn: 1
2024-04-24T05:13:11,430  INFO [main] lockmgr.DbTxnManager: Opened txnid:3
2024-04-24T05:13:11,430  INFO [main] HiveMetaStore.audit: ugi=alex	ip=unknown-ip-addr	cmd=get_table : tbl=hive.default.acidTbl2	
2024-04-24T05:13:11,433  INFO [main] ql.Driver: Semantic Analysis Completed (retrial = false)
2024-04-24T05:13:11,433  INFO [main] ql.Driver: Created Hive schema: Schema(fieldSchemas:null, properties:null)
2024-04-24T05:13:11,433  INFO [main] metadata.Hive: Dumping metastore api call timing information for : compilation phase
2024-04-24T05:13:11,433  INFO [main] metadata.Hive: Total time spent in each metastore function (ms): {openTxn_(String, TxnType)=2, flushCache_()=0, isCompatibleWith_(Configuration)=0, getValidTxns_(long)=0, commitTxn_(CommitTxnRequest)=13}
2024-04-24T05:13:11,434  INFO [main] ql.Driver: Completed compiling command(queryId=alex_20240424051311_9cb728e1-7ab6-40e6-b24d-2e3daf681480); Time taken: 0.006 seconds
2024-04-24T05:13:11,434  INFO [main] lockmgr.DbTxnManager: Setting lock request transaction to txnid:3 for queryId=alex_20240424051311_9cb728e1-7ab6-40e6-b24d-2e3daf681480
2024-04-24T05:13:11,434  INFO [main] ql.Driver: Operation DROPTABLE obtained 0 locks
2024-04-24T05:13:11,434  INFO [main] ql.Driver: Executing command(queryId=alex_20240424051311_9cb728e1-7ab6-40e6-b24d-2e3daf681480): drop table if exists acidTbl2
2024-04-24T05:13:11,435  INFO [main] ql.Driver: Starting task [Stage-0:DDL] in serial mode
2024-04-24T05:13:11,435  INFO [main] HiveMetaStore.audit: ugi=alex	ip=unknown-ip-addr	cmd=get_table : tbl=hive.default.acidTbl2	
2024-04-24T05:13:11,438  INFO [main] metadata.Hive: Dumping metastore api call timing information for : execution phase
2024-04-24T05:13:11,438  INFO [main] metadata.Hive: Total time spent in each metastore function (ms): {isCompatibleWith_(Configuration)=0}
2024-04-24T05:13:11,438  INFO [main] ql.Driver: Completed executing command(queryId=alex_20240424051311_9cb728e1-7ab6-40e6-b24d-2e3daf681480); Time taken: 0.004 seconds
2024-04-24T05:13:11,438  INFO [main] lockmgr.DbTxnManager: Stopped heartbeat for query: alex_20240424051311_9cb728e1-7ab6-40e6-b24d-2e3daf681480
2024-04-24T05:13:11,443  INFO [main] txn.TxnHandler: Expected to move at least one record from txn_components to completed_txn_components when committing txn! txnid:3
2024-04-24T05:13:11,449  INFO [main] txn.TxnHandler: Removed transactions: ([3]) from MIN_HISTORY_LEVEL
2024-04-24T05:13:11,449  WARN [main] txn.CompactionTxnHandler: No compaction queue record found for Compaction type transaction commit. txnId:3
2024-04-24T05:13:11,450  INFO [main] ql.TxnCommandsBaseForTests: Running the query: drop table if exists nonAcidOrcTbl
2024-04-24T05:13:11,450  INFO [main] ql.Driver: Compiling command(queryId=alex_20240424051311_0d848662-215f-4055-8201-9462f59a6d3d): drop table if exists nonAcidOrcTbl
2024-04-24T05:13:11,452  INFO [main] txn.TxnHandler: Added entries to MIN_HISTORY_LEVEL for current txns: ([4]) with min_open_txn: 1
2024-04-24T05:13:11,452  INFO [main] lockmgr.DbTxnManager: Opened txnid:4
2024-04-24T05:13:11,453  INFO [main] HiveMetaStore.audit: ugi=alex	ip=unknown-ip-addr	cmd=get_table : tbl=hive.default.nonAcidOrcTbl	
2024-04-24T05:13:11,456  INFO [main] ql.Driver: Semantic Analysis Completed (retrial = false)
2024-04-24T05:13:11,456  INFO [main] ql.Driver: Created Hive schema: Schema(fieldSchemas:null, properties:null)
2024-04-24T05:13:11,456  INFO [main] metadata.Hive: Dumping metastore api call timing information for : compilation phase
2024-04-24T05:13:11,456  INFO [main] metadata.Hive: Total time spent in each metastore function (ms): {getValidTxns_(long)=1, commitTxn_(CommitTxnRequest)=11, isCompatibleWith_(Configuration)=0, flushCache_()=0, openTxn_(String, TxnType)=2}
2024-04-24T05:13:11,456  INFO [main] ql.Driver: Completed compiling command(queryId=alex_20240424051311_0d848662-215f-4055-8201-9462f59a6d3d); Time taken: 0.006 seconds
2024-04-24T05:13:11,457  INFO [main] lockmgr.DbTxnManager: Setting lock request transaction to txnid:4 for queryId=alex_20240424051311_0d848662-215f-4055-8201-9462f59a6d3d
2024-04-24T05:13:11,457  INFO [main] ql.Driver: Operation DROPTABLE obtained 0 locks
2024-04-24T05:13:11,457  INFO [main] ql.Driver: Executing command(queryId=alex_20240424051311_0d848662-215f-4055-8201-9462f59a6d3d): drop table if exists nonAcidOrcTbl
2024-04-24T05:13:11,457  INFO [main] ql.Driver: Starting task [Stage-0:DDL] in serial mode
2024-04-24T05:13:11,457  INFO [main] HiveMetaStore.audit: ugi=alex	ip=unknown-ip-addr	cmd=get_table : tbl=hive.default.nonAcidOrcTbl	
2024-04-24T05:13:11,460  INFO [main] metadata.Hive: Dumping metastore api call timing information for : execution phase
2024-04-24T05:13:11,460  INFO [main] metadata.Hive: Total time spent in each metastore function (ms): {isCompatibleWith_(Configuration)=0}
2024-04-24T05:13:11,460  INFO [main] ql.Driver: Completed executing command(queryId=alex_20240424051311_0d848662-215f-4055-8201-9462f59a6d3d); Time taken: 0.003 seconds
2024-04-24T05:13:11,460  INFO [main] lockmgr.DbTxnManager: Stopped heartbeat for query: alex_20240424051311_0d848662-215f-4055-8201-9462f59a6d3d
2024-04-24T05:13:11,465  INFO [main] txn.TxnHandler: Expected to move at least one record from txn_components to completed_txn_components when committing txn! txnid:4
2024-04-24T05:13:11,471  INFO [main] txn.TxnHandler: Removed transactions: ([4]) from MIN_HISTORY_LEVEL
2024-04-24T05:13:11,472  WARN [main] txn.CompactionTxnHandler: No compaction queue record found for Compaction type transaction commit. txnId:4
2024-04-24T05:13:11,472  INFO [main] ql.TxnCommandsBaseForTests: Running the query: drop table if exists nonAcidOrcTbl2
2024-04-24T05:13:11,472  INFO [main] ql.Driver: Compiling command(queryId=alex_20240424051311_d6725abb-2767-46e4-adc8-e972933480f2): drop table if exists nonAcidOrcTbl2
2024-04-24T05:13:11,475  INFO [main] txn.TxnHandler: Added entries to MIN_HISTORY_LEVEL for current txns: ([5]) with min_open_txn: 1
2024-04-24T05:13:11,475  INFO [main] lockmgr.DbTxnManager: Opened txnid:5
2024-04-24T05:13:11,476  INFO [main] HiveMetaStore.audit: ugi=alex	ip=unknown-ip-addr	cmd=get_table : tbl=hive.default.nonAcidOrcTbl2	
2024-04-24T05:13:11,479  INFO [main] ql.Driver: Semantic Analysis Completed (retrial = false)
2024-04-24T05:13:11,479  INFO [main] ql.Driver: Created Hive schema: Schema(fieldSchemas:null, properties:null)
2024-04-24T05:13:11,479  INFO [main] metadata.Hive: Dumping metastore api call timing information for : compilation phase
2024-04-24T05:13:11,479  INFO [main] metadata.Hive: Total time spent in each metastore function (ms): {flushCache_()=0, getValidTxns_(long)=0, isCompatibleWith_(Configuration)=0, openTxn_(String, TxnType)=2, commitTxn_(CommitTxnRequest)=11}
2024-04-24T05:13:11,479  INFO [main] ql.Driver: Completed compiling command(queryId=alex_20240424051311_d6725abb-2767-46e4-adc8-e972933480f2); Time taken: 0.007 seconds
2024-04-24T05:13:11,479  INFO [main] lockmgr.DbTxnManager: Setting lock request transaction to txnid:5 for queryId=alex_20240424051311_d6725abb-2767-46e4-adc8-e972933480f2
2024-04-24T05:13:11,479  INFO [main] ql.Driver: Operation DROPTABLE obtained 0 locks
2024-04-24T05:13:11,479  INFO [main] ql.Driver: Executing command(queryId=alex_20240424051311_d6725abb-2767-46e4-adc8-e972933480f2): drop table if exists nonAcidOrcTbl2
2024-04-24T05:13:11,480  INFO [main] ql.Driver: Starting task [Stage-0:DDL] in serial mode
2024-04-24T05:13:11,480  INFO [main] HiveMetaStore.audit: ugi=alex	ip=unknown-ip-addr	cmd=get_table : tbl=hive.default.nonAcidOrcTbl2	
2024-04-24T05:13:11,483  INFO [main] metadata.Hive: Dumping metastore api call timing information for : execution phase
2024-04-24T05:13:11,483  INFO [main] metadata.Hive: Total time spent in each metastore function (ms): {isCompatibleWith_(Configuration)=0}
2024-04-24T05:13:11,483  INFO [main] ql.Driver: Completed executing command(queryId=alex_20240424051311_d6725abb-2767-46e4-adc8-e972933480f2); Time taken: 0.004 seconds
2024-04-24T05:13:11,483  INFO [main] lockmgr.DbTxnManager: Stopped heartbeat for query: alex_20240424051311_d6725abb-2767-46e4-adc8-e972933480f2
2024-04-24T05:13:11,488  INFO [main] txn.TxnHandler: Expected to move at least one record from txn_components to completed_txn_components when committing txn! txnid:5
2024-04-24T05:13:11,494  INFO [main] txn.TxnHandler: Removed transactions: ([5]) from MIN_HISTORY_LEVEL
2024-04-24T05:13:11,494  WARN [main] txn.CompactionTxnHandler: No compaction queue record found for Compaction type transaction commit. txnId:5
2024-04-24T05:13:11,495  INFO [main] ql.TxnCommandsBaseForTests: Running the query: drop table if exists nonAcidNonBucket
2024-04-24T05:13:11,495  INFO [main] ql.Driver: Compiling command(queryId=alex_20240424051311_97b34486-7f0d-40d3-b1cd-a6f16a36a472): drop table if exists nonAcidNonBucket
2024-04-24T05:13:11,497  INFO [main] txn.TxnHandler: Added entries to MIN_HISTORY_LEVEL for current txns: ([6]) with min_open_txn: 1
2024-04-24T05:13:11,497  INFO [main] lockmgr.DbTxnManager: Opened txnid:6
2024-04-24T05:13:11,498  INFO [main] HiveMetaStore.audit: ugi=alex	ip=unknown-ip-addr	cmd=get_table : tbl=hive.default.nonAcidNonBucket	
2024-04-24T05:13:11,501  INFO [main] ql.Driver: Semantic Analysis Completed (retrial = false)
2024-04-24T05:13:11,501  INFO [main] ql.Driver: Created Hive schema: Schema(fieldSchemas:null, properties:null)
2024-04-24T05:13:11,501  INFO [main] metadata.Hive: Dumping metastore api call timing information for : compilation phase
2024-04-24T05:13:11,501  INFO [main] metadata.Hive: Total time spent in each metastore function (ms): {getValidTxns_(long)=0, isCompatibleWith_(Configuration)=1, commitTxn_(CommitTxnRequest)=12, openTxn_(String, TxnType)=1, flushCache_()=0}
2024-04-24T05:13:11,501  INFO [main] ql.Driver: Completed compiling command(queryId=alex_20240424051311_97b34486-7f0d-40d3-b1cd-a6f16a36a472); Time taken: 0.006 seconds
2024-04-24T05:13:11,502  INFO [main] lockmgr.DbTxnManager: Setting lock request transaction to txnid:6 for queryId=alex_20240424051311_97b34486-7f0d-40d3-b1cd-a6f16a36a472
2024-04-24T05:13:11,502  INFO [main] ql.Driver: Operation DROPTABLE obtained 0 locks
2024-04-24T05:13:11,502  INFO [main] ql.Driver: Executing command(queryId=alex_20240424051311_97b34486-7f0d-40d3-b1cd-a6f16a36a472): drop table if exists nonAcidNonBucket
2024-04-24T05:13:11,502  INFO [main] ql.Driver: Starting task [Stage-0:DDL] in serial mode
2024-04-24T05:13:11,502  INFO [main] HiveMetaStore.audit: ugi=alex	ip=unknown-ip-addr	cmd=get_table : tbl=hive.default.nonAcidNonBucket	
2024-04-24T05:13:11,505  INFO [main] metadata.Hive: Dumping metastore api call timing information for : execution phase
2024-04-24T05:13:11,505  INFO [main] metadata.Hive: Total time spent in each metastore function (ms): {isCompatibleWith_(Configuration)=0}
2024-04-24T05:13:11,505  INFO [main] ql.Driver: Completed executing command(queryId=alex_20240424051311_97b34486-7f0d-40d3-b1cd-a6f16a36a472); Time taken: 0.003 seconds
2024-04-24T05:13:11,505  INFO [main] lockmgr.DbTxnManager: Stopped heartbeat for query: alex_20240424051311_97b34486-7f0d-40d3-b1cd-a6f16a36a472
2024-04-24T05:13:11,510  INFO [main] txn.TxnHandler: Expected to move at least one record from txn_components to completed_txn_components when committing txn! txnid:6
2024-04-24T05:13:11,516  INFO [main] txn.TxnHandler: Removed transactions: ([6]) from MIN_HISTORY_LEVEL
2024-04-24T05:13:11,516  WARN [main] txn.CompactionTxnHandler: No compaction queue record found for Compaction type transaction commit. txnId:6
2024-04-24T05:13:11,516  INFO [main] ql.TxnCommandsBaseForTests: Running the query: create table acidTbl(a int, b int) clustered by (a) into 2 buckets stored as orc TBLPROPERTIES ('transactional'='true')
2024-04-24T05:13:11,517  INFO [main] ql.Driver: Compiling command(queryId=alex_20240424051311_72ee5bce-2489-4e3c-b493-5d64f51520ed): create table acidTbl(a int, b int) clustered by (a) into 2 buckets stored as orc TBLPROPERTIES ('transactional'='true')
2024-04-24T05:13:11,519  INFO [main] txn.TxnHandler: Added entries to MIN_HISTORY_LEVEL for current txns: ([7]) with min_open_txn: 1
2024-04-24T05:13:11,519  INFO [main] lockmgr.DbTxnManager: Opened txnid:7
2024-04-24T05:13:11,520  INFO [main] parse.CalcitePlanner: Starting caching scope for: 
2024-04-24T05:13:11,520  INFO [main] parse.CalcitePlanner: Starting Semantic Analysis
2024-04-24T05:13:11,525  INFO [main] parse.CalcitePlanner: Creating table default.acidTbl position=13
2024-04-24T05:13:11,525  INFO [main] HiveMetaStore.audit: ugi=alex	ip=unknown-ip-addr	cmd=get_database: default	
2024-04-24T05:13:11,527  INFO [main] parse.CalcitePlanner: Ending caching scope for: 
2024-04-24T05:13:11,527  INFO [main] ql.Driver: Semantic Analysis Completed (retrial = false)
2024-04-24T05:13:11,527  INFO [main] ql.Driver: Created Hive schema: Schema(fieldSchemas:null, properties:null)
2024-04-24T05:13:11,527  INFO [main] metadata.Hive: Dumping metastore api call timing information for : compilation phase
2024-04-24T05:13:11,527  INFO [main] metadata.Hive: Total time spent in each metastore function (ms): {getValidWriteIds_(List, String)=5, openTxn_(String, TxnType)=2, commitTxn_(CommitTxnRequest)=10, flushCache_()=0, getDatabase_(String)=2, getValidTxns_(long)=1, isCompatibleWith_(Configuration)=1}
2024-04-24T05:13:11,528  INFO [main] ql.Driver: Completed compiling command(queryId=alex_20240424051311_72ee5bce-2489-4e3c-b493-5d64f51520ed); Time taken: 0.01 seconds
2024-04-24T05:13:11,528  INFO [main] lockmgr.DbTxnManager: Setting lock request transaction to txnid:7 for queryId=alex_20240424051311_72ee5bce-2489-4e3c-b493-5d64f51520ed
2024-04-24T05:13:11,528  INFO [main] lockmgr.DbLockManager: Requesting lock for queryId=alex_20240424051311_72ee5bce-2489-4e3c-b493-5d64f51520ed
2024-04-24T05:13:11,545  INFO [main] lockmgr.DbLockManager: Response to queryId=alex_20240424051311_72ee5bce-2489-4e3c-b493-5d64f51520ed LockResponse(lockid:1, state:ACQUIRED)
2024-04-24T05:13:11,545  INFO [main] ql.Driver: Operation CREATETABLE obtained 1 locks
2024-04-24T05:13:11,546  INFO [main] ql.Driver: Executing command(queryId=alex_20240424051311_72ee5bce-2489-4e3c-b493-5d64f51520ed): create table acidTbl(a int, b int) clustered by (a) into 2 buckets stored as orc TBLPROPERTIES ('transactional'='true')
2024-04-24T05:13:11,546  INFO [main] ql.Driver: Starting task [Stage-0:DDL] in serial mode
2024-04-24T05:13:11,547  INFO [main] HiveMetaStore.audit: ugi=alex	ip=unknown-ip-addr	cmd=create_table_req: Table(tableName:acidTbl, dbName:default, owner:alex, createTime:1713960791, lastAccessTime:0, retention:0, sd:StorageDescriptor(cols:[FieldSchema(name:a, type:int, comment:null), FieldSchema(name:b, type:int, comment:null)], location:null, inputFormat:org.apache.hadoop.hive.ql.io.orc.OrcInputFormat, outputFormat:org.apache.hadoop.hive.ql.io.orc.OrcOutputFormat, compressed:false, numBuckets:2, serdeInfo:SerDeInfo(name:null, serializationLib:org.apache.hadoop.hive.ql.io.orc.OrcSerde, parameters:{serialization.format=1}), bucketCols:[a], sortCols:[], parameters:{}, skewedInfo:SkewedInfo(skewedColNames:[], skewedColValues:[], skewedColValueLocationMaps:{}), storedAsSubDirectories:false), partitionKeys:[], parameters:{transactional=true, rawDataSize=0, COLUMN_STATS_ACCURATE={"BASIC_STATS":"true","COLUMN_STATS":{"a":"true","b":"true"}}, totalSize=0, numRows=0, numFilesErasureCoded=0, bucketing_version=2, numFiles=0}, viewOriginalText:null, viewExpandedText:null, tableType:MANAGED_TABLE, privileges:PrincipalPrivilegeSet(userPrivileges:{alex=[PrivilegeGrantInfo(privilege:INSERT, createTime:-1, grantor:alex, grantorType:USER, grantOption:true), PrivilegeGrantInfo(privilege:SELECT, createTime:-1, grantor:alex, grantorType:USER, grantOption:true), PrivilegeGrantInfo(privilege:UPDATE, createTime:-1, grantor:alex, grantorType:USER, grantOption:true), PrivilegeGrantInfo(privilege:DELETE, createTime:-1, grantor:alex, grantorType:USER, grantOption:true)]}, groupPrivileges:null, rolePrivileges:null), temporary:false, catName:hive, ownerType:USER, writeId:0)	
2024-04-24T05:13:11,553  INFO [main] utils.FileUtils: Creating directory if it doesn't exist: file:/home/alex/Repositories/hive/ql/target/tmp/org.apache.hadoop.hive.ql.TestTxnCommands-1713960750541/warehouse/acidtbl
2024-04-24T05:13:11,590  INFO [main] metadata.Hive: Dumping metastore api call timing information for : execution phase
2024-04-24T05:13:11,590  INFO [main] metadata.Hive: Total time spent in each metastore function (ms): {createTable_(Table)=42, isCompatibleWith_(Configuration)=0}
2024-04-24T05:13:11,590  INFO [main] ql.Driver: Completed executing command(queryId=alex_20240424051311_72ee5bce-2489-4e3c-b493-5d64f51520ed); Time taken: 0.044 seconds
2024-04-24T05:13:11,590  INFO [main] lockmgr.DbTxnManager: Stopped heartbeat for query: alex_20240424051311_72ee5bce-2489-4e3c-b493-5d64f51520ed
2024-04-24T05:13:11,594  INFO [main] txn.TxnHandler: Expected to move at least one record from txn_components to completed_txn_components when committing txn! txnid:7
2024-04-24T05:13:11,600  INFO [main] txn.TxnHandler: Removed transactions: ([7]) from MIN_HISTORY_LEVEL
2024-04-24T05:13:11,600  WARN [main] txn.CompactionTxnHandler: No compaction queue record found for Compaction type transaction commit. txnId:7
2024-04-24T05:13:11,601  INFO [main] ql.TxnCommandsBaseForTests: Running the query: create table acidTblPart(a int, b int) partitioned by (p string) clustered by (a) into 2 buckets stored as orc TBLPROPERTIES ('transactional'='true')
2024-04-24T05:13:11,601  INFO [main] ql.Driver: Compiling command(queryId=alex_20240424051311_3511d310-a1c1-4d42-bc0a-7b9a268fa667): create table acidTblPart(a int, b int) partitioned by (p string) clustered by (a) into 2 buckets stored as orc TBLPROPERTIES ('transactional'='true')
2024-04-24T05:13:11,610  INFO [main] txn.TxnHandler: Added entries to MIN_HISTORY_LEVEL for current txns: ([8]) with min_open_txn: 1
2024-04-24T05:13:11,610  INFO [main] lockmgr.DbTxnManager: Opened txnid:8
2024-04-24T05:13:11,613  INFO [main] parse.CalcitePlanner: Starting caching scope for: 
2024-04-24T05:13:11,613  INFO [main] parse.CalcitePlanner: Starting Semantic Analysis
2024-04-24T05:13:11,615  INFO [main] parse.CalcitePlanner: Creating table default.acidTblPart position=13
2024-04-24T05:13:11,615  INFO [main] HiveMetaStore.audit: ugi=alex	ip=unknown-ip-addr	cmd=get_database: default	
2024-04-24T05:13:11,617  INFO [main] parse.CalcitePlanner: Ending caching scope for: 
2024-04-24T05:13:11,617  INFO [main] ql.Driver: Semantic Analysis Completed (retrial = false)
2024-04-24T05:13:11,617  INFO [main] ql.Driver: Created Hive schema: Schema(fieldSchemas:null, properties:null)
2024-04-24T05:13:11,617  INFO [main] metadata.Hive: Dumping metastore api call timing information for : compilation phase
2024-04-24T05:13:11,617  INFO [main] metadata.Hive: Total time spent in each metastore function (ms): {getValidWriteIds_(List, String)=2, commitTxn_(CommitTxnRequest)=11, getDatabase_(String)=2, isCompatibleWith_(Configuration)=0, getValidTxns_(long)=3, openTxn_(String, TxnType)=8, flushCache_()=0}
2024-04-24T05:13:11,617  INFO [main] ql.Driver: Completed compiling command(queryId=alex_20240424051311_3511d310-a1c1-4d42-bc0a-7b9a268fa667); Time taken: 0.016 seconds
2024-04-24T05:13:11,618  INFO [main] lockmgr.DbTxnManager: Setting lock request transaction to txnid:8 for queryId=alex_20240424051311_3511d310-a1c1-4d42-bc0a-7b9a268fa667
2024-04-24T05:13:11,618  INFO [main] lockmgr.DbLockManager: Requesting lock for queryId=alex_20240424051311_3511d310-a1c1-4d42-bc0a-7b9a268fa667
2024-04-24T05:13:11,633  INFO [main] lockmgr.DbLockManager: Response to queryId=alex_20240424051311_3511d310-a1c1-4d42-bc0a-7b9a268fa667 LockResponse(lockid:2, state:ACQUIRED)
2024-04-24T05:13:11,633  INFO [main] ql.Driver: Operation CREATETABLE obtained 1 locks
2024-04-24T05:13:11,633  INFO [main] ql.Driver: Executing command(queryId=alex_20240424051311_3511d310-a1c1-4d42-bc0a-7b9a268fa667): create table acidTblPart(a int, b int) partitioned by (p string) clustered by (a) into 2 buckets stored as orc TBLPROPERTIES ('transactional'='true')
2024-04-24T05:13:11,633  INFO [main] ql.Driver: Starting task [Stage-0:DDL] in serial mode
2024-04-24T05:13:11,634  INFO [main] HiveMetaStore.audit: ugi=alex	ip=unknown-ip-addr	cmd=create_table_req: Table(tableName:acidTblPart, dbName:default, owner:alex, createTime:1713960791, lastAccessTime:0, retention:0, sd:StorageDescriptor(cols:[FieldSchema(name:a, type:int, comment:null), FieldSchema(name:b, type:int, comment:null)], location:null, inputFormat:org.apache.hadoop.hive.ql.io.orc.OrcInputFormat, outputFormat:org.apache.hadoop.hive.ql.io.orc.OrcOutputFormat, compressed:false, numBuckets:2, serdeInfo:SerDeInfo(name:null, serializationLib:org.apache.hadoop.hive.ql.io.orc.OrcSerde, parameters:{serialization.format=1}), bucketCols:[a], sortCols:[], parameters:{}, skewedInfo:SkewedInfo(skewedColNames:[], skewedColValues:[], skewedColValueLocationMaps:{}), storedAsSubDirectories:false), partitionKeys:[FieldSchema(name:p, type:string, comment:null)], parameters:{transactional=true, bucketing_version=2}, viewOriginalText:null, viewExpandedText:null, tableType:MANAGED_TABLE, privileges:PrincipalPrivilegeSet(userPrivileges:{alex=[PrivilegeGrantInfo(privilege:INSERT, createTime:-1, grantor:alex, grantorType:USER, grantOption:true), PrivilegeGrantInfo(privilege:SELECT, createTime:-1, grantor:alex, grantorType:USER, grantOption:true), PrivilegeGrantInfo(privilege:UPDATE, createTime:-1, grantor:alex, grantorType:USER, grantOption:true), PrivilegeGrantInfo(privilege:DELETE, createTime:-1, grantor:alex, grantorType:USER, grantOption:true)]}, groupPrivileges:null, rolePrivileges:null), temporary:false, catName:hive, ownerType:USER, writeId:0)	
2024-04-24T05:13:11,641  INFO [main] utils.FileUtils: Creating directory if it doesn't exist: file:/home/alex/Repositories/hive/ql/target/tmp/org.apache.hadoop.hive.ql.TestTxnCommands-1713960750541/warehouse/acidtblpart
2024-04-24T05:13:11,657  INFO [main] metadata.Hive: Dumping metastore api call timing information for : execution phase
2024-04-24T05:13:11,657  INFO [main] metadata.Hive: Total time spent in each metastore function (ms): {createTable_(Table)=23, isCompatibleWith_(Configuration)=0}
2024-04-24T05:13:11,657  INFO [main] ql.Driver: Completed executing command(queryId=alex_20240424051311_3511d310-a1c1-4d42-bc0a-7b9a268fa667); Time taken: 0.024 seconds
2024-04-24T05:13:11,657  INFO [main] lockmgr.DbTxnManager: Stopped heartbeat for query: alex_20240424051311_3511d310-a1c1-4d42-bc0a-7b9a268fa667
2024-04-24T05:13:11,662  INFO [main] txn.TxnHandler: Expected to move at least one record from txn_components to completed_txn_components when committing txn! txnid:8
2024-04-24T05:13:11,669  INFO [main] txn.TxnHandler: Removed transactions: ([8]) from MIN_HISTORY_LEVEL
2024-04-24T05:13:11,669  WARN [main] txn.CompactionTxnHandler: No compaction queue record found for Compaction type transaction commit. txnId:8
2024-04-24T05:13:11,670  INFO [main] ql.TxnCommandsBaseForTests: Running the query: create table nonAcidOrcTbl(a int, b int) clustered by (a) into 2 buckets stored as orc TBLPROPERTIES ('transactional'='false')
2024-04-24T05:13:11,670  INFO [main] ql.Driver: Compiling command(queryId=alex_20240424051311_509d37cd-6459-4e3d-8721-35b4b4b6ac38): create table nonAcidOrcTbl(a int, b int) clustered by (a) into 2 buckets stored as orc TBLPROPERTIES ('transactional'='false')
2024-04-24T05:13:11,673  INFO [main] txn.TxnHandler: Added entries to MIN_HISTORY_LEVEL for current txns: ([9]) with min_open_txn: 1
2024-04-24T05:13:11,673  INFO [main] lockmgr.DbTxnManager: Opened txnid:9
2024-04-24T05:13:11,674  INFO [main] parse.CalcitePlanner: Starting caching scope for: 
2024-04-24T05:13:11,674  INFO [main] parse.CalcitePlanner: Starting Semantic Analysis
2024-04-24T05:13:11,676  INFO [main] parse.CalcitePlanner: Creating table default.nonAcidOrcTbl position=13
2024-04-24T05:13:11,676  INFO [main] HiveMetaStore.audit: ugi=alex	ip=unknown-ip-addr	cmd=get_database: default	
2024-04-24T05:13:11,678  INFO [main] parse.CalcitePlanner: Ending caching scope for: 
2024-04-24T05:13:11,678  INFO [main] ql.Driver: Semantic Analysis Completed (retrial = false)
2024-04-24T05:13:11,678  INFO [main] ql.Driver: Created Hive schema: Schema(fieldSchemas:null, properties:null)
2024-04-24T05:13:11,678  INFO [main] metadata.Hive: Dumping metastore api call timing information for : compilation phase
2024-04-24T05:13:11,679  INFO [main] metadata.Hive: Total time spent in each metastore function (ms): {getValidWriteIds_(List, String)=2, getDatabase_(String)=2, isCompatibleWith_(Configuration)=0, getValidTxns_(long)=1, commitTxn_(CommitTxnRequest)=12, flushCache_()=1, openTxn_(String, TxnType)=2}
2024-04-24T05:13:11,679  INFO [main] ql.Driver: Completed compiling command(queryId=alex_20240424051311_509d37cd-6459-4e3d-8721-35b4b4b6ac38); Time taken: 0.008 seconds
2024-04-24T05:13:11,679  INFO [main] lockmgr.DbTxnManager: Setting lock request transaction to txnid:9 for queryId=alex_20240424051311_509d37cd-6459-4e3d-8721-35b4b4b6ac38
2024-04-24T05:13:11,679  INFO [main] lockmgr.DbLockManager: Requesting lock for queryId=alex_20240424051311_509d37cd-6459-4e3d-8721-35b4b4b6ac38
2024-04-24T05:13:11,695  INFO [main] lockmgr.DbLockManager: Response to queryId=alex_20240424051311_509d37cd-6459-4e3d-8721-35b4b4b6ac38 LockResponse(lockid:3, state:ACQUIRED)
2024-04-24T05:13:11,695  INFO [main] ql.Driver: Operation CREATETABLE obtained 1 locks
2024-04-24T05:13:11,695  INFO [main] ql.Driver: Executing command(queryId=alex_20240424051311_509d37cd-6459-4e3d-8721-35b4b4b6ac38): create table nonAcidOrcTbl(a int, b int) clustered by (a) into 2 buckets stored as orc TBLPROPERTIES ('transactional'='false')
2024-04-24T05:13:11,695  INFO [main] ql.Driver: Starting task [Stage-0:DDL] in serial mode
2024-04-24T05:13:11,696  INFO [main] HiveMetaStore.audit: ugi=alex	ip=unknown-ip-addr	cmd=create_table_req: Table(tableName:nonAcidOrcTbl, dbName:default, owner:alex, createTime:1713960791, lastAccessTime:0, retention:0, sd:StorageDescriptor(cols:[FieldSchema(name:a, type:int, comment:null), FieldSchema(name:b, type:int, comment:null)], location:null, inputFormat:org.apache.hadoop.hive.ql.io.orc.OrcInputFormat, outputFormat:org.apache.hadoop.hive.ql.io.orc.OrcOutputFormat, compressed:false, numBuckets:2, serdeInfo:SerDeInfo(name:null, serializationLib:org.apache.hadoop.hive.ql.io.orc.OrcSerde, parameters:{serialization.format=1}), bucketCols:[a], sortCols:[], parameters:{}, skewedInfo:SkewedInfo(skewedColNames:[], skewedColValues:[], skewedColValueLocationMaps:{}), storedAsSubDirectories:false), partitionKeys:[], parameters:{rawDataSize=0, transactional=false, bucketing_version=2, COLUMN_STATS_ACCURATE={"BASIC_STATS":"true","COLUMN_STATS":{"a":"true","b":"true"}}, numFiles=0, numFilesErasureCoded=0, totalSize=0, numRows=0}, viewOriginalText:null, viewExpandedText:null, tableType:MANAGED_TABLE, privileges:PrincipalPrivilegeSet(userPrivileges:{alex=[PrivilegeGrantInfo(privilege:INSERT, createTime:-1, grantor:alex, grantorType:USER, grantOption:true), PrivilegeGrantInfo(privilege:SELECT, createTime:-1, grantor:alex, grantorType:USER, grantOption:true), PrivilegeGrantInfo(privilege:UPDATE, createTime:-1, grantor:alex, grantorType:USER, grantOption:true), PrivilegeGrantInfo(privilege:DELETE, createTime:-1, grantor:alex, grantorType:USER, grantOption:true)]}, groupPrivileges:null, rolePrivileges:null), temporary:false, catName:hive, ownerType:USER)	
2024-04-24T05:13:11,703  INFO [main] utils.FileUtils: Creating directory if it doesn't exist: file:/home/alex/Repositories/hive/ql/target/tmp/org.apache.hadoop.hive.ql.TestTxnCommands-1713960750541/warehouse/nonacidorctbl
2024-04-24T05:13:11,724  INFO [main] metadata.Hive: Dumping metastore api call timing information for : execution phase
2024-04-24T05:13:11,724  INFO [main] metadata.Hive: Total time spent in each metastore function (ms): {isCompatibleWith_(Configuration)=0, createTable_(Table)=27}
2024-04-24T05:13:11,724  INFO [main] ql.Driver: Completed executing command(queryId=alex_20240424051311_509d37cd-6459-4e3d-8721-35b4b4b6ac38); Time taken: 0.029 seconds
2024-04-24T05:13:11,724  INFO [main] lockmgr.DbTxnManager: Stopped heartbeat for query: alex_20240424051311_509d37cd-6459-4e3d-8721-35b4b4b6ac38
2024-04-24T05:13:11,728  INFO [main] txn.TxnHandler: Expected to move at least one record from txn_components to completed_txn_components when committing txn! txnid:9
2024-04-24T05:13:11,735  INFO [main] txn.TxnHandler: Removed transactions: ([9]) from MIN_HISTORY_LEVEL
2024-04-24T05:13:11,735  WARN [main] txn.CompactionTxnHandler: No compaction queue record found for Compaction type transaction commit. txnId:9
2024-04-24T05:13:11,736  INFO [main] ql.TxnCommandsBaseForTests: Running the query: create table nonAcidOrcTbl2(a int, b int) clustered by (a) into 2 buckets stored as orc TBLPROPERTIES ('transactional'='false')
2024-04-24T05:13:11,736  INFO [main] ql.Driver: Compiling command(queryId=alex_20240424051311_b39b3d58-9974-4e36-93b5-d6acfdbb43d6): create table nonAcidOrcTbl2(a int, b int) clustered by (a) into 2 buckets stored as orc TBLPROPERTIES ('transactional'='false')
2024-04-24T05:13:11,738  INFO [main] txn.TxnHandler: Added entries to MIN_HISTORY_LEVEL for current txns: ([10]) with min_open_txn: 1
2024-04-24T05:13:11,739  INFO [main] lockmgr.DbTxnManager: Opened txnid:10
2024-04-24T05:13:11,739  INFO [main] parse.CalcitePlanner: Starting caching scope for: 
2024-04-24T05:13:11,739  INFO [main] parse.CalcitePlanner: Starting Semantic Analysis
2024-04-24T05:13:11,742  INFO [main] parse.CalcitePlanner: Creating table default.nonAcidOrcTbl2 position=13
2024-04-24T05:13:11,742  INFO [main] HiveMetaStore.audit: ugi=alex	ip=unknown-ip-addr	cmd=get_database: default	
2024-04-24T05:13:11,744  INFO [main] parse.CalcitePlanner: Ending caching scope for: 
2024-04-24T05:13:11,744  INFO [main] ql.Driver: Semantic Analysis Completed (retrial = false)
2024-04-24T05:13:11,744  INFO [main] ql.Driver: Created Hive schema: Schema(fieldSchemas:null, properties:null)
2024-04-24T05:13:11,744  INFO [main] metadata.Hive: Dumping metastore api call timing information for : compilation phase
2024-04-24T05:13:11,744  INFO [main] metadata.Hive: Total time spent in each metastore function (ms): {flushCache_()=0, getValidTxns_(long)=0, getValidWriteIds_(List, String)=3, commitTxn_(CommitTxnRequest)=11, getDatabase_(String)=1, isCompatibleWith_(Configuration)=0, openTxn_(String, TxnType)=3}
2024-04-24T05:13:11,744  INFO [main] ql.Driver: Completed compiling command(queryId=alex_20240424051311_b39b3d58-9974-4e36-93b5-d6acfdbb43d6); Time taken: 0.008 seconds
2024-04-24T05:13:11,744  INFO [main] lockmgr.DbTxnManager: Setting lock request transaction to txnid:10 for queryId=alex_20240424051311_b39b3d58-9974-4e36-93b5-d6acfdbb43d6
2024-04-24T05:13:11,744  INFO [main] lockmgr.DbLockManager: Requesting lock for queryId=alex_20240424051311_b39b3d58-9974-4e36-93b5-d6acfdbb43d6
2024-04-24T05:13:11,759  INFO [main] lockmgr.DbLockManager: Response to queryId=alex_20240424051311_b39b3d58-9974-4e36-93b5-d6acfdbb43d6 LockResponse(lockid:4, state:ACQUIRED)
2024-04-24T05:13:11,759  INFO [main] ql.Driver: Operation CREATETABLE obtained 1 locks
2024-04-24T05:13:11,759  INFO [main] ql.Driver: Executing command(queryId=alex_20240424051311_b39b3d58-9974-4e36-93b5-d6acfdbb43d6): create table nonAcidOrcTbl2(a int, b int) clustered by (a) into 2 buckets stored as orc TBLPROPERTIES ('transactional'='false')
2024-04-24T05:13:11,759  INFO [main] ql.Driver: Starting task [Stage-0:DDL] in serial mode
2024-04-24T05:13:11,760  INFO [main] HiveMetaStore.audit: ugi=alex	ip=unknown-ip-addr	cmd=create_table_req: Table(tableName:nonAcidOrcTbl2, dbName:default, owner:alex, createTime:1713960791, lastAccessTime:0, retention:0, sd:StorageDescriptor(cols:[FieldSchema(name:a, type:int, comment:null), FieldSchema(name:b, type:int, comment:null)], location:null, inputFormat:org.apache.hadoop.hive.ql.io.orc.OrcInputFormat, outputFormat:org.apache.hadoop.hive.ql.io.orc.OrcOutputFormat, compressed:false, numBuckets:2, serdeInfo:SerDeInfo(name:null, serializationLib:org.apache.hadoop.hive.ql.io.orc.OrcSerde, parameters:{serialization.format=1}), bucketCols:[a], sortCols:[], parameters:{}, skewedInfo:SkewedInfo(skewedColNames:[], skewedColValues:[], skewedColValueLocationMaps:{}), storedAsSubDirectories:false), partitionKeys:[], parameters:{totalSize=0, rawDataSize=0, numRows=0, transactional=false, numFilesErasureCoded=0, COLUMN_STATS_ACCURATE={"BASIC_STATS":"true","COLUMN_STATS":{"a":"true","b":"true"}}, numFiles=0, bucketing_version=2}, viewOriginalText:null, viewExpandedText:null, tableType:MANAGED_TABLE, privileges:PrincipalPrivilegeSet(userPrivileges:{alex=[PrivilegeGrantInfo(privilege:INSERT, createTime:-1, grantor:alex, grantorType:USER, grantOption:true), PrivilegeGrantInfo(privilege:SELECT, createTime:-1, grantor:alex, grantorType:USER, grantOption:true), PrivilegeGrantInfo(privilege:UPDATE, createTime:-1, grantor:alex, grantorType:USER, grantOption:true), PrivilegeGrantInfo(privilege:DELETE, createTime:-1, grantor:alex, grantorType:USER, grantOption:true)]}, groupPrivileges:null, rolePrivileges:null), temporary:false, catName:hive, ownerType:USER)	
2024-04-24T05:13:11,766  INFO [main] utils.FileUtils: Creating directory if it doesn't exist: file:/home/alex/Repositories/hive/ql/target/tmp/org.apache.hadoop.hive.ql.TestTxnCommands-1713960750541/warehouse/nonacidorctbl2
2024-04-24T05:13:11,782  INFO [main] metadata.Hive: Dumping metastore api call timing information for : execution phase
2024-04-24T05:13:11,782  INFO [main] metadata.Hive: Total time spent in each metastore function (ms): {isCompatibleWith_(Configuration)=0, createTable_(Table)=22}
2024-04-24T05:13:11,783  INFO [main] ql.Driver: Completed executing command(queryId=alex_20240424051311_b39b3d58-9974-4e36-93b5-d6acfdbb43d6); Time taken: 0.023 seconds
2024-04-24T05:13:11,783  INFO [main] lockmgr.DbTxnManager: Stopped heartbeat for query: alex_20240424051311_b39b3d58-9974-4e36-93b5-d6acfdbb43d6
2024-04-24T05:13:11,787  INFO [main] txn.TxnHandler: Expected to move at least one record from txn_components to completed_txn_components when committing txn! txnid:10
2024-04-24T05:13:11,793  INFO [main] txn.TxnHandler: Removed transactions: ([10]) from MIN_HISTORY_LEVEL
2024-04-24T05:13:11,793  WARN [main] txn.CompactionTxnHandler: No compaction queue record found for Compaction type transaction commit. txnId:10
2024-04-24T05:13:11,794  INFO [main] ql.TxnCommandsBaseForTests: Running the query: create temporary  table acidTbl2(a int, b int, c int) clustered by (c) into 2 buckets stored as orc TBLPROPERTIES ('transactional'='true')
2024-04-24T05:13:11,794  INFO [main] ql.Driver: Compiling command(queryId=alex_20240424051311_3c723ed6-b5a9-45c5-891e-cca4b99efe57): create temporary  table acidTbl2(a int, b int, c int) clustered by (c) into 2 buckets stored as orc TBLPROPERTIES ('transactional'='true')
2024-04-24T05:13:11,797  INFO [main] txn.TxnHandler: Added entries to MIN_HISTORY_LEVEL for current txns: ([11]) with min_open_txn: 1
2024-04-24T05:13:11,797  INFO [main] lockmgr.DbTxnManager: Opened txnid:11
2024-04-24T05:13:11,798  INFO [main] parse.CalcitePlanner: Starting caching scope for: 
2024-04-24T05:13:11,798  INFO [main] parse.CalcitePlanner: Starting Semantic Analysis
2024-04-24T05:13:11,800  INFO [main] parse.CalcitePlanner: Creating table default.acidTbl2 position=24
2024-04-24T05:13:11,801  INFO [main] HiveMetaStore.audit: ugi=alex	ip=unknown-ip-addr	cmd=get_database: default	
2024-04-24T05:13:11,802  INFO [main] parse.CalcitePlanner: Ending caching scope for: 
2024-04-24T05:13:11,802  INFO [main] ql.Driver: Semantic Analysis Completed (retrial = false)
2024-04-24T05:13:11,802  INFO [main] ql.Driver: Created Hive schema: Schema(fieldSchemas:null, properties:null)
2024-04-24T05:13:11,802  INFO [main] metadata.Hive: Dumping metastore api call timing information for : compilation phase
2024-04-24T05:13:11,803  INFO [main] metadata.Hive: Total time spent in each metastore function (ms): {commitTxn_(CommitTxnRequest)=11, getValidWriteIds_(List, String)=2, getValidTxns_(long)=0, getDatabase_(String)=1, flushCache_()=0, isCompatibleWith_(Configuration)=1, openTxn_(String, TxnType)=2}
2024-04-24T05:13:11,803  INFO [main] ql.Driver: Completed compiling command(queryId=alex_20240424051311_3c723ed6-b5a9-45c5-891e-cca4b99efe57); Time taken: 0.008 seconds
2024-04-24T05:13:11,803  INFO [main] lockmgr.DbTxnManager: Setting lock request transaction to txnid:11 for queryId=alex_20240424051311_3c723ed6-b5a9-45c5-891e-cca4b99efe57
2024-04-24T05:13:11,803  INFO [main] lockmgr.DbLockManager: Requesting lock for queryId=alex_20240424051311_3c723ed6-b5a9-45c5-891e-cca4b99efe57
2024-04-24T05:13:11,818  INFO [main] lockmgr.DbLockManager: Response to queryId=alex_20240424051311_3c723ed6-b5a9-45c5-891e-cca4b99efe57 LockResponse(lockid:5, state:ACQUIRED)
2024-04-24T05:13:11,818  INFO [main] ql.Driver: Operation CREATETABLE obtained 1 locks
2024-04-24T05:13:11,818  INFO [main] ql.Driver: Executing command(queryId=alex_20240424051311_3c723ed6-b5a9-45c5-891e-cca4b99efe57): create temporary  table acidTbl2(a int, b int, c int) clustered by (c) into 2 buckets stored as orc TBLPROPERTIES ('transactional'='true')
2024-04-24T05:13:11,818  INFO [main] ql.Driver: Starting task [Stage-0:DDL] in serial mode
2024-04-24T05:13:11,820  INFO [main] utils.FileUtils: Creating directory if it doesn't exist: file:/home/alex/Repositories/hive/ql/target/tmp/scratchdir/alex/845c637d-25d6-4d66-8c3b-356c17302ae5/_tmp_space.db/068c88d4-03d6-49c4-86e8-5eec0fb2bc38
2024-04-24T05:13:11,822  INFO [main] metadata.Hive: Dumping metastore api call timing information for : execution phase
2024-04-24T05:13:11,822  INFO [main] metadata.Hive: Total time spent in each metastore function (ms): {isCompatibleWith_(Configuration)=0, createTable_(Table)=3}
2024-04-24T05:13:11,823  INFO [main] ql.Driver: Completed executing command(queryId=alex_20240424051311_3c723ed6-b5a9-45c5-891e-cca4b99efe57); Time taken: 0.004 seconds
2024-04-24T05:13:11,823  INFO [main] lockmgr.DbTxnManager: Stopped heartbeat for query: alex_20240424051311_3c723ed6-b5a9-45c5-891e-cca4b99efe57
2024-04-24T05:13:11,827  INFO [main] txn.TxnHandler: Expected to move at least one record from txn_components to completed_txn_components when committing txn! txnid:11
2024-04-24T05:13:11,836  INFO [main] txn.TxnHandler: Removed transactions: ([11]) from MIN_HISTORY_LEVEL
2024-04-24T05:13:11,836  WARN [main] txn.CompactionTxnHandler: No compaction queue record found for Compaction type transaction commit. txnId:11
2024-04-24T05:13:11,837  INFO [main] ql.TxnCommandsBaseForTests: Running the query: create table nonAcidNonBucket(a int, b int) stored as orc TBLPROPERTIES ('transactional'='false')
2024-04-24T05:13:11,837  INFO [main] ql.Driver: Compiling command(queryId=alex_20240424051311_33fa56c4-d353-48cc-846e-f24fcf00dcbe): create table nonAcidNonBucket(a int, b int) stored as orc TBLPROPERTIES ('transactional'='false')
2024-04-24T05:13:11,840  INFO [main] txn.TxnHandler: Added entries to MIN_HISTORY_LEVEL for current txns: ([12]) with min_open_txn: 1
2024-04-24T05:13:11,840  INFO [main] lockmgr.DbTxnManager: Opened txnid:12
2024-04-24T05:13:11,841  INFO [main] parse.CalcitePlanner: Starting caching scope for: 
2024-04-24T05:13:11,841  INFO [main] parse.CalcitePlanner: Starting Semantic Analysis
2024-04-24T05:13:11,843  INFO [main] parse.CalcitePlanner: Creating table default.nonAcidNonBucket position=13
2024-04-24T05:13:11,843  INFO [main] HiveMetaStore.audit: ugi=alex	ip=unknown-ip-addr	cmd=get_database: default	
2024-04-24T05:13:11,845  INFO [main] parse.CalcitePlanner: Ending caching scope for: 
2024-04-24T05:13:11,845  INFO [main] ql.Driver: Semantic Analysis Completed (retrial = false)
2024-04-24T05:13:11,845  INFO [main] ql.Driver: Created Hive schema: Schema(fieldSchemas:null, properties:null)
2024-04-24T05:13:11,845  INFO [main] metadata.Hive: Dumping metastore api call timing information for : compilation phase
2024-04-24T05:13:11,845  INFO [main] metadata.Hive: Total time spent in each metastore function (ms): {getDatabase_(String)=2, getValidWriteIds_(List, String)=2, flushCache_()=1, getValidTxns_(long)=1, isCompatibleWith_(Configuration)=0, openTxn_(String, TxnType)=2, commitTxn_(CommitTxnRequest)=13}
2024-04-24T05:13:11,846  INFO [main] ql.Driver: Completed compiling command(queryId=alex_20240424051311_33fa56c4-d353-48cc-846e-f24fcf00dcbe); Time taken: 0.008 seconds
2024-04-24T05:13:11,846  INFO [main] lockmgr.DbTxnManager: Setting lock request transaction to txnid:12 for queryId=alex_20240424051311_33fa56c4-d353-48cc-846e-f24fcf00dcbe
2024-04-24T05:13:11,846  INFO [main] lockmgr.DbLockManager: Requesting lock for queryId=alex_20240424051311_33fa56c4-d353-48cc-846e-f24fcf00dcbe
2024-04-24T05:13:11,861  INFO [main] lockmgr.DbLockManager: Response to queryId=alex_20240424051311_33fa56c4-d353-48cc-846e-f24fcf00dcbe LockResponse(lockid:6, state:ACQUIRED)
2024-04-24T05:13:11,861  INFO [main] ql.Driver: Operation CREATETABLE obtained 1 locks
2024-04-24T05:13:11,861  INFO [main] ql.Driver: Executing command(queryId=alex_20240424051311_33fa56c4-d353-48cc-846e-f24fcf00dcbe): create table nonAcidNonBucket(a int, b int) stored as orc TBLPROPERTIES ('transactional'='false')
2024-04-24T05:13:11,861  INFO [main] ql.Driver: Starting task [Stage-0:DDL] in serial mode
2024-04-24T05:13:11,862  INFO [main] HiveMetaStore.audit: ugi=alex	ip=unknown-ip-addr	cmd=create_table_req: Table(tableName:nonAcidNonBucket, dbName:default, owner:alex, createTime:1713960791, lastAccessTime:0, retention:0, sd:StorageDescriptor(cols:[FieldSchema(name:a, type:int, comment:null), FieldSchema(name:b, type:int, comment:null)], location:null, inputFormat:org.apache.hadoop.hive.ql.io.orc.OrcInputFormat, outputFormat:org.apache.hadoop.hive.ql.io.orc.OrcOutputFormat, compressed:false, numBuckets:-1, serdeInfo:SerDeInfo(name:null, serializationLib:org.apache.hadoop.hive.ql.io.orc.OrcSerde, parameters:{serialization.format=1}), bucketCols:[], sortCols:[], parameters:{}, skewedInfo:SkewedInfo(skewedColNames:[], skewedColValues:[], skewedColValueLocationMaps:{}), storedAsSubDirectories:false), partitionKeys:[], parameters:{bucketing_version=2, totalSize=0, numFilesErasureCoded=0, numFiles=0, transactional=false, rawDataSize=0, COLUMN_STATS_ACCURATE={"BASIC_STATS":"true","COLUMN_STATS":{"a":"true","b":"true"}}, numRows=0}, viewOriginalText:null, viewExpandedText:null, tableType:MANAGED_TABLE, privileges:PrincipalPrivilegeSet(userPrivileges:{alex=[PrivilegeGrantInfo(privilege:INSERT, createTime:-1, grantor:alex, grantorType:USER, grantOption:true), PrivilegeGrantInfo(privilege:SELECT, createTime:-1, grantor:alex, grantorType:USER, grantOption:true), PrivilegeGrantInfo(privilege:UPDATE, createTime:-1, grantor:alex, grantorType:USER, grantOption:true), PrivilegeGrantInfo(privilege:DELETE, createTime:-1, grantor:alex, grantorType:USER, grantOption:true)]}, groupPrivileges:null, rolePrivileges:null), temporary:false, catName:hive, ownerType:USER)	
2024-04-24T05:13:11,868  INFO [main] utils.FileUtils: Creating directory if it doesn't exist: file:/home/alex/Repositories/hive/ql/target/tmp/org.apache.hadoop.hive.ql.TestTxnCommands-1713960750541/warehouse/nonacidnonbucket
2024-04-24T05:13:11,883  INFO [main] metadata.Hive: Dumping metastore api call timing information for : execution phase
2024-04-24T05:13:11,884  INFO [main] metadata.Hive: Total time spent in each metastore function (ms): {createTable_(Table)=21, isCompatibleWith_(Configuration)=0}
2024-04-24T05:13:11,884  INFO [main] ql.Driver: Completed executing command(queryId=alex_20240424051311_33fa56c4-d353-48cc-846e-f24fcf00dcbe); Time taken: 0.022 seconds
2024-04-24T05:13:11,884  INFO [main] lockmgr.DbTxnManager: Stopped heartbeat for query: alex_20240424051311_33fa56c4-d353-48cc-846e-f24fcf00dcbe
2024-04-24T05:13:11,888  INFO [main] txn.TxnHandler: Expected to move at least one record from txn_components to completed_txn_components when committing txn! txnid:12
2024-04-24T05:13:11,894  INFO [main] txn.TxnHandler: Removed transactions: ([12]) from MIN_HISTORY_LEVEL
2024-04-24T05:13:11,894  WARN [main] txn.CompactionTxnHandler: No compaction queue record found for Compaction type transaction commit. txnId:12
2024-04-24T05:13:11,896  INFO [main] ql.TxnCommandsBaseForTests: Running the query: insert into nonAcidOrcTbl  values(2,2),(4,44),(5,5),(11,11)
2024-04-24T05:13:11,896  INFO [main] ql.Driver: Compiling command(queryId=alex_20240424051311_e534734b-7f03-4a96-a354-0e4452bc4563): insert into nonAcidOrcTbl  values(2,2),(4,44),(5,5),(11,11)
2024-04-24T05:13:11,899  INFO [main] txn.TxnHandler: Added entries to MIN_HISTORY_LEVEL for current txns: ([13]) with min_open_txn: 1
2024-04-24T05:13:11,899  INFO [main] lockmgr.DbTxnManager: Opened txnid:13
2024-04-24T05:13:11,900  INFO [main] parse.CalcitePlanner: Starting caching scope for: alex_20240424051311_e534734b-7f03-4a96-a354-0e4452bc4563
2024-04-24T05:13:11,900  INFO [main] parse.CalcitePlanner: Starting Semantic Analysis
2024-04-24T05:13:11,903  INFO [main] HiveMetaStore.audit: ugi=alex	ip=unknown-ip-addr	cmd=get_table : tbl=hive.default.nonAcidOrcTbl	
2024-04-24T05:13:11,938  INFO [main] metastore.HMSHandler: Skipping translation for processor with null
2024-04-24T05:13:11,938  INFO [main] parse.CalcitePlanner: Completed phase 1 of Semantic Analysis
2024-04-24T05:13:11,938  INFO [main] parse.CalcitePlanner: Get metadata for source tables
2024-04-24T05:13:11,938  INFO [main] parse.CalcitePlanner: Get metadata for subqueries
2024-04-24T05:13:11,938  INFO [main] parse.CalcitePlanner: Get metadata for destination tables
2024-04-24T05:13:11,939  INFO [main] HiveMetaStore.audit: ugi=alex	ip=unknown-ip-addr	cmd=get_table : tbl=hive.default.nonAcidOrcTbl	
2024-04-24T05:13:11,948  INFO [main] metastore.HMSHandler: Skipping translation for processor with null
2024-04-24T05:13:11,948  INFO [main] parse.CalcitePlanner: Completed getting MetaData in Semantic Analysis
2024-04-24T05:13:11,948  INFO [main] parse.CalcitePlanner: Disabling LLAP IO encode as ETL query is detected
2024-04-24T05:13:11,970  INFO [main] HiveMetaStore.audit: ugi=alex	ip=unknown-ip-addr	cmd=get_all_table_constraints : tbl=hive._dummy_database._dummy_table	
2024-04-24T05:13:12,047  INFO [main] parse.CalcitePlanner: Get metadata for source tables
2024-04-24T05:13:12,047  INFO [main] parse.CalcitePlanner: Get metadata for subqueries
2024-04-24T05:13:12,047  INFO [main] parse.CalcitePlanner: Get metadata for source tables
2024-04-24T05:13:12,047  INFO [main] HiveMetaStore.audit: ugi=alex	ip=unknown-ip-addr	cmd=get_table : tbl=hive._dummy_database._dummy_table	
2024-04-24T05:13:12,050  INFO [main] parse.CalcitePlanner: Get metadata for subqueries
2024-04-24T05:13:12,050  INFO [main] parse.CalcitePlanner: Get metadata for destination tables
2024-04-24T05:13:12,050  INFO [main] parse.CalcitePlanner: Get metadata for destination tables
2024-04-24T05:13:12,052  INFO [main] common.FileUtils: Creating directory if it doesn't exist: file:/home/alex/Repositories/hive/ql/target/tmp/org.apache.hadoop.hive.ql.TestTxnCommands-1713960750541/warehouse/nonacidorctbl/.hive-staging_hive_2024-04-24_05-13-11_896_8472652223228539927-1
2024-04-24T05:13:12,054  INFO [main] HiveMetaStore.audit: ugi=alex	ip=unknown-ip-addr	cmd=get_not_null_constraints : tbl=hive.default.nonacidorctbl	
2024-04-24T05:13:12,056  INFO [main] HiveMetaStore.audit: ugi=alex	ip=unknown-ip-addr	cmd=get_check_constraints : tbl=hive.default.nonacidorctbl	
2024-04-24T05:13:12,058  INFO [main] parse.CalcitePlanner: CBO Succeeded; optimized logical plan.
2024-04-24T05:13:12,062  INFO [main] optimizer.ColumnPrunerProcFactory: RS 4 oldColExprMap: {VALUE._col0=Column[_col1], KEY.reducesinkkey0=Column[_col0]}
2024-04-24T05:13:12,062  INFO [main] optimizer.ColumnPrunerProcFactory: RS 4 newColExprMap: {KEY.reducesinkkey0=Column[_col0], VALUE._col0=Column[_col1]}
2024-04-24T05:13:12,063  INFO [main] optimizer.BucketVersionPopulator: not considering bucketingVersion for: TS[0] because it has -1<2 buckets 
2024-04-24T05:13:12,064  INFO [main] optimizer.SortedDynPartitionOptimizer: Sorted dynamic partitioning optimization kicked in..
2024-04-24T05:13:12,073  INFO [main] HiveMetaStore.audit: ugi=alex	ip=unknown-ip-addr	cmd=get_table : tbl=hive.default.nonacidorctbl	
2024-04-24T05:13:12,084  INFO [main] metastore.HMSHandler: Skipping translation for processor with null
2024-04-24T05:13:12,085  INFO [main] physical.Vectorizer: Examining input format to see if vectorization is enabled.
2024-04-24T05:13:12,085  INFO [main] physical.Vectorizer: Map vectorization enabled: false
2024-04-24T05:13:12,085  INFO [main] physical.Vectorizer: Map vectorized: false
2024-04-24T05:13:12,085  INFO [main] physical.Vectorizer: Map vectorizedVertexNum: 0
2024-04-24T05:13:12,085  INFO [main] physical.Vectorizer: Map enabledConditionsMet: [hive.vectorized.use.vectorized.input.format IS true]
2024-04-24T05:13:12,085  INFO [main] physical.Vectorizer: Map enabledConditionsNotMet: [Could not enable vectorization due to partition column names size 1 is greater than the number of table column names size 0 IS false]
2024-04-24T05:13:12,085  INFO [main] physical.Vectorizer: Map inputFileFormatClassNameSet: [org.apache.hadoop.hive.ql.io.NullRowsInputFormat]
2024-04-24T05:13:12,085  INFO [main] physical.Vectorizer: Reduce vectorization enabled: false
2024-04-24T05:13:12,085  INFO [main] physical.Vectorizer: Reduce vectorized: false
2024-04-24T05:13:12,085  INFO [main] physical.Vectorizer: Reduce vectorizedVertexNum: 1
2024-04-24T05:13:12,085  INFO [main] physical.Vectorizer: Reducer hive.vectorized.execution.reduce.enabled: true
2024-04-24T05:13:12,085  INFO [main] physical.Vectorizer: Reducer engine: mr
2024-04-24T05:13:12,085  INFO [main] parse.CalcitePlanner: Completed plan generation
2024-04-24T05:13:12,085  INFO [main] parse.CalcitePlanner: Ending caching scope for: alex_20240424051311_e534734b-7f03-4a96-a354-0e4452bc4563
2024-04-24T05:13:12,085  INFO [main] ql.Driver: Semantic Analysis Completed (retrial = false)
2024-04-24T05:13:12,085  INFO [main] ql.Driver: Created Hive schema: Schema(fieldSchemas:[FieldSchema(name:col1, type:int, comment:null), FieldSchema(name:col2, type:int, comment:null)], properties:null)
2024-04-24T05:13:12,085  INFO [main] metadata.Hive: Dumping metastore api call timing information for : compilation phase
2024-04-24T05:13:12,085  INFO [main] metadata.Hive: Total time spent in each metastore function (ms): {getAllTableConstraints_(AllTableConstraintsRequest)=27, openTxn_(String, TxnType)=2, isCompatibleWith_(Configuration)=1, getValidWriteIds_(List, String)=3, commitTxn_(CommitTxnRequest)=10, getValidTxns_(long)=0, getTable_(GetTableRequest)=55, getCheckConstraints_(CheckConstraintsRequest)=1, getNotNullConstraints_(NotNullConstraintsRequest)=2, flushCache_()=0}
2024-04-24T05:13:12,086  INFO [main] ql.Driver: Completed compiling command(queryId=alex_20240424051311_e534734b-7f03-4a96-a354-0e4452bc4563); Time taken: 0.189 seconds
2024-04-24T05:13:12,086  INFO [main] lockmgr.DbTxnManager: Setting lock request transaction to txnid:13 for queryId=alex_20240424051311_e534734b-7f03-4a96-a354-0e4452bc4563
2024-04-24T05:13:12,086  INFO [main] lockmgr.DbLockManager: Requesting lock for queryId=alex_20240424051311_e534734b-7f03-4a96-a354-0e4452bc4563
2024-04-24T05:13:12,106  INFO [main] lockmgr.DbLockManager: Response to queryId=alex_20240424051311_e534734b-7f03-4a96-a354-0e4452bc4563 LockResponse(lockid:7, state:ACQUIRED)
2024-04-24T05:13:12,106  INFO [main] ql.Driver: Operation QUERY obtained 1 locks
2024-04-24T05:13:12,106  INFO [main] ql.Driver: Executing command(queryId=alex_20240424051311_e534734b-7f03-4a96-a354-0e4452bc4563): insert into nonAcidOrcTbl  values(2,2),(4,44),(5,5),(11,11)
2024-04-24T05:13:12,107  WARN [main] ql.Driver: Hive-on-MR is deprecated in Hive 2 and may not be available in the future versions. Consider using a different execution engine (i.e. spark, tez) or using Hive 1.X releases.
Query ID = alex_20240424051311_e534734b-7f03-4a96-a354-0e4452bc4563
2024-04-24T05:13:12,107  INFO [main] ql.Driver: Query ID = alex_20240424051311_e534734b-7f03-4a96-a354-0e4452bc4563
Total jobs = 1
2024-04-24T05:13:12,107  INFO [main] ql.Driver: Total jobs = 1
Launching Job 1 out of 1
2024-04-24T05:13:12,107  INFO [main] ql.Driver: Launching Job 1 out of 1
2024-04-24T05:13:12,259  INFO [main] ql.Driver: Starting task [Stage-1:MAPRED] in serial mode
Number of reduce tasks determined at compile time: 2
2024-04-24T05:13:12,259  INFO [main] exec.Task: Number of reduce tasks determined at compile time: 2
In order to change the average load for a reducer (in bytes):
2024-04-24T05:13:12,259  INFO [main] exec.Task: In order to change the average load for a reducer (in bytes):
  set hive.exec.reducers.bytes.per.reducer=<number>
2024-04-24T05:13:12,259  INFO [main] exec.Task:   set hive.exec.reducers.bytes.per.reducer=<number>
In order to limit the maximum number of reducers:
2024-04-24T05:13:12,259  INFO [main] exec.Task: In order to limit the maximum number of reducers:
  set hive.exec.reducers.max=<number>
2024-04-24T05:13:12,259  INFO [main] exec.Task:   set hive.exec.reducers.max=<number>
In order to set a constant number of reducers:
2024-04-24T05:13:12,259  INFO [main] exec.Task: In order to set a constant number of reducers:
  set mapreduce.job.reduces=<number>
2024-04-24T05:13:12,259  INFO [main] exec.Task:   set mapreduce.job.reduces=<number>
2024-04-24T05:13:12,262  INFO [main] mr.ExecDriver: Using org.apache.hadoop.hive.ql.io.HiveInputFormat
2024-04-24T05:13:12,262  INFO [main] exec.Utilities: Processing alias $hdt$_0:_dummy_table
2024-04-24T05:13:12,262  INFO [main] exec.Utilities: Adding 1 inputs; the first input is file:/home/alex/Repositories/hive/ql/target/tmp/localscratchdir/845c637d-25d6-4d66-8c3b-356c17302ae5/hive_2024-04-24_05-13-11_896_8472652223228539927-1/dummy_path
2024-04-24T05:13:12,272  INFO [main] exec.SerializationUtilities: Serializing MapWork using kryo
2024-04-24T05:13:12,273  INFO [main] exec.Utilities: Serialized plan (via FILE) - name: null size: 5,35KB
2024-04-24T05:13:12,278  INFO [main] exec.SerializationUtilities: Serializing ReduceWork using kryo
2024-04-24T05:13:12,279  INFO [main] exec.Utilities: Serialized plan (via FILE) - name: null size: 6,36KB
2024-04-24T05:13:12,280  WARN [main] impl.MetricsSystemImpl: JobTracker metrics system already initialized!
2024-04-24T05:13:12,284  INFO [main] fs.FSStatsPublisher: created : file:/home/alex/Repositories/hive/ql/target/tmp/localscratchdir/845c637d-25d6-4d66-8c3b-356c17302ae5/hive_2024-04-24_05-13-11_896_8472652223228539927-1/-mr-10001
2024-04-24T05:13:12,289  WARN [main] impl.MetricsSystemImpl: JobTracker metrics system already initialized!
2024-04-24T05:13:12,297  WARN [main] mapreduce.JobResourceUploader: Hadoop command-line option parsing not performed. Implement the Tool interface and execute your application with ToolRunner to remedy this.
2024-04-24T05:13:12,301  WARN [main] mapreduce.JobResourceUploader: No job jar file set.  User classes may not be found. See Job or Job#setJar(String).
2024-04-24T05:13:12,303  INFO [main] io.HiveInputFormat: hive.io.file.readcolumn.ids = 
2024-04-24T05:13:12,303  INFO [main] io.HiveInputFormat: hive.io.file.readcolumn.names = 
2024-04-24T05:13:12,303  INFO [main] io.HiveInputFormat: Generating splits for dirs: file:/home/alex/Repositories/hive/ql/target/tmp/localscratchdir/845c637d-25d6-4d66-8c3b-356c17302ae5/hive_2024-04-24_05-13-11_896_8472652223228539927-1/dummy_path
2024-04-24T05:13:12,303  INFO [main] io.HiveInputFormat: number of splits 1
2024-04-24T05:13:12,322  INFO [main] mapreduce.JobSubmitter: number of splits:1
2024-04-24T05:13:12,343  INFO [main] mapreduce.JobSubmitter: Submitting tokens for job: job_local858083571_0013
2024-04-24T05:13:12,343  INFO [main] mapreduce.JobSubmitter: Executing with tokens: []
2024-04-24T05:13:12,408  INFO [main] mapreduce.Job: The url to track the job: http://localhost:8080/
Job running in-process (local Hadoop)
2024-04-24T05:13:12,408  INFO [main] exec.Task: Job running in-process (local Hadoop)
2024-04-24T05:13:12,408  INFO [Thread-1078] mapred.LocalJobRunner: OutputCommitter set in config org.apache.hadoop.hive.ql.io.HiveFileFormatUtils$NullOutputCommitter
2024-04-24T05:13:12,409  INFO [Thread-1078] mapred.LocalJobRunner: OutputCommitter is org.apache.hadoop.hive.ql.io.HiveFileFormatUtils$NullOutputCommitter
2024-04-24T05:13:12,410  INFO [Thread-1078] mapred.LocalJobRunner: Waiting for map tasks
2024-04-24T05:13:12,410  INFO [LocalJobRunner Map Task Executor #0] mapred.LocalJobRunner: Starting task: attempt_local858083571_0013_m_000000_0
2024-04-24T05:13:12,413  INFO [LocalJobRunner Map Task Executor #0] mapred.Task:  Using ResourceCalculatorProcessTree : [ ]
2024-04-24T05:13:12,413  INFO [LocalJobRunner Map Task Executor #0] mapred.MapTask: Processing split: org.apache.hadoop.hive.ql.io.NullRowsInputFormat:file:/home/alex/Repositories/hive/ql/target/tmp/localscratchdir/845c637d-25d6-4d66-8c3b-356c17302ae5/hive_2024-04-24_05-13-11_896_8472652223228539927-1/dummy_path/null:0+1
2024-04-24T05:13:12,415  INFO [LocalJobRunner Map Task Executor #0] exec.SerializationUtilities: Deserializing MapWork using kryo
2024-04-24T05:13:12,416  INFO [LocalJobRunner Map Task Executor #0] exec.Utilities: Deserialized plan (via FILE) - name: null size: 5,35KB
2024-04-24T05:13:12,416  INFO [LocalJobRunner Map Task Executor #0] mapred.MapTask: numReduceTasks: 2
2024-04-24T05:13:12,421  INFO [LocalJobRunner Map Task Executor #0] mapred.MapTask: (EQUATOR) 0 kvi 26214396(104857584)
2024-04-24T05:13:12,421  INFO [LocalJobRunner Map Task Executor #0] mapred.MapTask: mapreduce.task.io.sort.mb: 100
2024-04-24T05:13:12,421  INFO [LocalJobRunner Map Task Executor #0] mapred.MapTask: soft limit at 83886080
2024-04-24T05:13:12,421  INFO [LocalJobRunner Map Task Executor #0] mapred.MapTask: bufstart = 0; bufvoid = 104857600
2024-04-24T05:13:12,421  INFO [LocalJobRunner Map Task Executor #0] mapred.MapTask: kvstart = 26214396; length = 6553600
2024-04-24T05:13:12,421  INFO [LocalJobRunner Map Task Executor #0] mapred.MapTask: Map output collector class = org.apache.hadoop.mapred.MapTask$MapOutputBuffer
2024-04-24T05:13:12,422  INFO [LocalJobRunner Map Task Executor #0] exec.MapOperator: Initializing Operator: MAP[0]
2024-04-24T05:13:12,422  INFO [LocalJobRunner Map Task Executor #0] mr.ExecMapper: 
<MAP>Id =0
  <Children>null
  <\Children>
  <Parent><\Parent>
<\MAP>
2024-04-24T05:13:12,423  INFO [LocalJobRunner Map Task Executor #0] exec.TableScanOperator: Initializing Operator: TS[0]
2024-04-24T05:13:12,423  INFO [LocalJobRunner Map Task Executor #0] exec.SelectOperator: Initializing Operator: SEL[1]
2024-04-24T05:13:12,423  INFO [LocalJobRunner Map Task Executor #0] exec.SelectOperator: SELECT null
2024-04-24T05:13:12,423  INFO [LocalJobRunner Map Task Executor #0] exec.UDTFOperator: Initializing Operator: UDTF[2]
2024-04-24T05:13:12,423  INFO [LocalJobRunner Map Task Executor #0] exec.SelectOperator: Initializing Operator: SEL[3]
2024-04-24T05:13:12,423  INFO [LocalJobRunner Map Task Executor #0] exec.SelectOperator: SELECT struct<col1:int,col2:int>
2024-04-24T05:13:12,423  INFO [LocalJobRunner Map Task Executor #0] exec.ReduceSinkOperator: Initializing Operator: RS[4]
2024-04-24T05:13:12,423  INFO [LocalJobRunner Map Task Executor #0] exec.ReduceSinkOperator: Using tag = -1
2024-04-24T05:13:12,424  INFO [LocalJobRunner Map Task Executor #0] exec.ReduceSinkOperator: keys are [reducesinkkey0] num distributions: 1
2024-04-24T05:13:12,424  INFO [LocalJobRunner Map Task Executor #0] exec.ReduceSinkOperator: RS[4]: records written - 1
2024-04-24T05:13:12,424  INFO [LocalJobRunner Map Task Executor #0] exec.MapOperator: MAP[0]: records read - 1
2024-04-24T05:13:12,424  INFO [LocalJobRunner Map Task Executor #0] exec.MapOperator: Closing Operator: MAP[0]
2024-04-24T05:13:12,425  INFO [LocalJobRunner Map Task Executor #0] exec.MapOperator: MAP[0]: Total records read - 3. abort - false
2024-04-24T05:13:12,425  INFO [LocalJobRunner Map Task Executor #0] exec.MapOperator: DESERIALIZE_ERRORS:0, RECORDS_OUT_INTERMEDIATE:0, RECORDS_IN:3, RECORDS_OUT_OPERATOR_MAP_0:0, 
2024-04-24T05:13:12,425  INFO [LocalJobRunner Map Task Executor #0] exec.TableScanOperator: Closing Operator: TS[0]
2024-04-24T05:13:12,425  INFO [LocalJobRunner Map Task Executor #0] exec.TableScanOperator: RECORDS_OUT_INTERMEDIATE:0, RECORDS_OUT_OPERATOR_TS_0:1, 
2024-04-24T05:13:12,425  INFO [LocalJobRunner Map Task Executor #0] exec.SelectOperator: Closing Operator: SEL[1]
2024-04-24T05:13:12,425  INFO [LocalJobRunner Map Task Executor #0] exec.SelectOperator: RECORDS_OUT_OPERATOR_SEL_1:1, RECORDS_OUT_INTERMEDIATE:0, 
2024-04-24T05:13:12,425  INFO [LocalJobRunner Map Task Executor #0] exec.UDTFOperator: Closing Operator: UDTF[2]
2024-04-24T05:13:12,425  INFO [LocalJobRunner Map Task Executor #0] exec.UDTFOperator: RECORDS_OUT_INTERMEDIATE:0, RECORDS_OUT_OPERATOR_UDTF_2:4, 
2024-04-24T05:13:12,425  INFO [LocalJobRunner Map Task Executor #0] exec.SelectOperator: Closing Operator: SEL[3]
2024-04-24T05:13:12,425  INFO [LocalJobRunner Map Task Executor #0] exec.SelectOperator: RECORDS_OUT_INTERMEDIATE:0, RECORDS_OUT_OPERATOR_SEL_3:4, 
2024-04-24T05:13:12,425  INFO [LocalJobRunner Map Task Executor #0] exec.ReduceSinkOperator: Closing Operator: RS[4]
2024-04-24T05:13:12,425  INFO [LocalJobRunner Map Task Executor #0] exec.ReduceSinkOperator: RS[4]: Total records written - 4. abort - false
2024-04-24T05:13:12,425  INFO [LocalJobRunner Map Task Executor #0] exec.ReduceSinkOperator: RECORDS_OUT_OPERATOR_RS_4:4, RECORDS_OUT_INTERMEDIATE:4, 
2024-04-24T05:13:12,427  INFO [LocalJobRunner Map Task Executor #0] mapred.LocalJobRunner: 
2024-04-24T05:13:12,427  INFO [LocalJobRunner Map Task Executor #0] mapred.MapTask: Starting flush of map output
2024-04-24T05:13:12,427  INFO [LocalJobRunner Map Task Executor #0] mapred.MapTask: Spilling map output
2024-04-24T05:13:12,427  INFO [LocalJobRunner Map Task Executor #0] mapred.MapTask: bufstart = 0; bufend = 64; bufvoid = 104857600
2024-04-24T05:13:12,427  INFO [LocalJobRunner Map Task Executor #0] mapred.MapTask: kvstart = 26214396(104857584); kvend = 26214384(104857536); length = 13/6553600
2024-04-24T05:13:12,440  INFO [LocalJobRunner Map Task Executor #0] mapred.MapTask: Finished spill 0
2024-04-24T05:13:12,444  INFO [LocalJobRunner Map Task Executor #0] mapred.Task: Task:attempt_local858083571_0013_m_000000_0 is done. And is in the process of committing
2024-04-24T05:13:12,445  INFO [LocalJobRunner Map Task Executor #0] mapred.LocalJobRunner: map
2024-04-24T05:13:12,445  INFO [LocalJobRunner Map Task Executor #0] mapred.Task: Task 'attempt_local858083571_0013_m_000000_0' done.
2024-04-24T05:13:12,445  INFO [LocalJobRunner Map Task Executor #0] mapred.Task: Final Counters for attempt_local858083571_0013_m_000000_0: Counters: 26
	File System Counters
		FILE: Number of bytes read=319531
		FILE: Number of bytes written=16296490
		FILE: Number of read operations=0
		FILE: Number of large read operations=0
		FILE: Number of write operations=0
	Map-Reduce Framework
		Map input records=4
		Map output records=4
		Map output bytes=64
		Map output materialized bytes=84
		Input split bytes=361
		Combine input records=0
		Spilled Records=4
		Failed Shuffles=0
		Merged Map outputs=0
		GC time elapsed (ms)=0
		Total committed heap usage (bytes)=1101004800
	HIVE
		DESERIALIZE_ERRORS=0
		RECORDS_IN=3
		RECORDS_OUT_INTERMEDIATE=4
		RECORDS_OUT_OPERATOR_MAP_0=0
		RECORDS_OUT_OPERATOR_RS_4=4
		RECORDS_OUT_OPERATOR_SEL_1=1
		RECORDS_OUT_OPERATOR_SEL_3=4
		RECORDS_OUT_OPERATOR_TS_0=1
		RECORDS_OUT_OPERATOR_UDTF_2=4
	File Input Format Counters 
		Bytes Read=5401
2024-04-24T05:13:12,445  INFO [LocalJobRunner Map Task Executor #0] mapred.LocalJobRunner: Finishing task: attempt_local858083571_0013_m_000000_0
2024-04-24T05:13:12,445  INFO [Thread-1078] mapred.LocalJobRunner: map task executor complete.
2024-04-24T05:13:12,446  INFO [Thread-1078] mapred.LocalJobRunner: Waiting for reduce tasks
2024-04-24T05:13:12,447  INFO [pool-66-thread-1] mapred.LocalJobRunner: Starting task: attempt_local858083571_0013_r_000000_0
2024-04-24T05:13:12,449  INFO [pool-66-thread-1] mapred.Task:  Using ResourceCalculatorProcessTree : [ ]
2024-04-24T05:13:12,449  INFO [pool-66-thread-1] mapred.ReduceTask: Using ShuffleConsumerPlugin: org.apache.hadoop.mapreduce.task.reduce.Shuffle@119b2f2d
2024-04-24T05:13:12,449  WARN [pool-66-thread-1] impl.MetricsSystemImpl: JobTracker metrics system already initialized!
2024-04-24T05:13:12,450  INFO [pool-66-thread-1] reduce.MergeManagerImpl: MergerManager: memoryLimit=1336252800, maxSingleShuffleLimit=334063200, mergeThreshold=881926912, ioSortFactor=10, memToMemMergeOutputsThreshold=10
2024-04-24T05:13:12,450  INFO [EventFetcher for fetching Map Completion Events] reduce.EventFetcher: attempt_local858083571_0013_r_000000_0 Thread started: EventFetcher for fetching Map Completion Events
2024-04-24T05:13:12,453  INFO [localfetcher#18] reduce.LocalFetcher: localfetcher#18 about to shuffle output of map attempt_local858083571_0013_m_000000_0 decomp: 20 len: 24 to MEMORY
2024-04-24T05:13:12,453  INFO [localfetcher#18] reduce.InMemoryMapOutput: Read 20 bytes from map-output for attempt_local858083571_0013_m_000000_0
2024-04-24T05:13:12,453  INFO [localfetcher#18] reduce.MergeManagerImpl: closeInMemoryFile -> map-output of size: 20, inMemoryMapOutputs.size() -> 1, commitMemory -> 0, usedMemory ->20
2024-04-24T05:13:12,453  INFO [EventFetcher for fetching Map Completion Events] reduce.EventFetcher: EventFetcher is interrupted.. Returning
2024-04-24T05:13:12,454  INFO [pool-66-thread-1] mapred.LocalJobRunner: 1 / 1 copied.
2024-04-24T05:13:12,454  INFO [pool-66-thread-1] reduce.MergeManagerImpl: finalMerge called with 1 in-memory map-outputs and 0 on-disk map-outputs
2024-04-24T05:13:12,460  INFO [pool-66-thread-1] mapred.Merger: Merging 1 sorted segments
2024-04-24T05:13:12,460  INFO [pool-66-thread-1] mapred.Merger: Down to the last merge-pass, with 1 segments left of total size: 8 bytes
2024-04-24T05:13:12,466  INFO [pool-66-thread-1] reduce.MergeManagerImpl: Merged 1 segments, 20 bytes to disk to satisfy reduce memory limit
2024-04-24T05:13:12,467  INFO [pool-66-thread-1] reduce.MergeManagerImpl: Merging 1 files, 24 bytes from disk
2024-04-24T05:13:12,467  INFO [pool-66-thread-1] reduce.MergeManagerImpl: Merging 0 segments, 0 bytes from memory into reduce
2024-04-24T05:13:12,467  INFO [pool-66-thread-1] mapred.Merger: Merging 1 sorted segments
2024-04-24T05:13:12,467  INFO [pool-66-thread-1] mapred.Merger: Down to the last merge-pass, with 1 segments left of total size: 8 bytes
2024-04-24T05:13:12,468  INFO [pool-66-thread-1] mapred.LocalJobRunner: 1 / 1 copied.
2024-04-24T05:13:12,469  INFO [pool-66-thread-1] exec.SerializationUtilities: Deserializing ReduceWork using kryo
2024-04-24T05:13:12,470  INFO [pool-66-thread-1] exec.Utilities: Deserialized plan (via FILE) - name: null size: 6,36KB
2024-04-24T05:13:12,472  INFO [pool-66-thread-1] ExecReducer: 
<SEL>Id =5
  <Children>
    <FS>Id =6
      <Children>
      <\Children>
      <Parent>Id = 5 null<\Parent>
    <\FS>
  <\Children>
  <Parent><\Parent>
<\SEL>
2024-04-24T05:13:12,472  INFO [pool-66-thread-1] exec.SelectOperator: Initializing Operator: SEL[5]
2024-04-24T05:13:12,472  INFO [pool-66-thread-1] exec.SelectOperator: SELECT struct<key:struct<reducesinkkey0:int>,value:struct<_col0:int>>
2024-04-24T05:13:12,472  INFO [pool-66-thread-1] exec.FileSinkOperator: Initializing Operator: FS[6]
2024-04-24T05:13:12,473  INFO [pool-66-thread-1] exec.FileSinkOperator: Using serializer : AbstractSerDe [log=org.apache.logging.slf4j.Log4jLogger@a925655, configuration=Optional[Configuration: core-default.xml, core-site.xml, mapred-default.xml, mapred-site.xml, yarn-default.xml, yarn-site.xml, hdfs-default.xml, hdfs-site.xml, file:/home/alex/Repositories/hive/ql/target/tmp/TestTxnCommandsWithSplitUpdateAndVectorization/mapred/local/localRunner/alex/job_local858083571_0013/job_local858083571_0013.xml], properties={name=default.nonacidorctbl, columns.types=int:int, bucket_field_name=a, serialization.format=1, columns=a,b, numFilesErasureCoded=0, columns.comments=&amp#0;, bucketing_version=2, bucket_count=2, serialization.lib=org.apache.hadoop.hive.ql.io.orc.OrcSerde, file.inputformat=org.apache.hadoop.hive.ql.io.orc.OrcInputFormat, file.outputformat=org.apache.hadoop.hive.ql.io.orc.OrcOutputFormat, location=file:/home/alex/Repositories/hive/ql/target/tmp/org.apache.hadoop.hive.ql.TestTxnCommands-1713960750541/warehouse/nonacidorctbl, column.name.delimiter=,}, tableProperties={name=default.nonacidorctbl, columns.types=int:int, bucket_field_name=a, serialization.format=1, columns=a,b, numFilesErasureCoded=0, columns.comments=&amp#0;, bucketing_version=2, bucket_count=2, serialization.lib=org.apache.hadoop.hive.ql.io.orc.OrcSerde, file.inputformat=org.apache.hadoop.hive.ql.io.orc.OrcInputFormat, location=file:/home/alex/Repositories/hive/ql/target/tmp/org.apache.hadoop.hive.ql.TestTxnCommands-1713960750541/warehouse/nonacidorctbl, file.outputformat=org.apache.hadoop.hive.ql.io.orc.OrcOutputFormat, column.name.delimiter=,}, partitionProperties=Optional.empty, columnNames=[a, b], columnTypes=[int, int], getClass()=class org.apache.hadoop.hive.ql.io.orc.OrcSerde] and formatter : org.apache.hadoop.hive.ql.io.orc.OrcOutputFormat@1abb24cd
2024-04-24T05:13:12,474  INFO [pool-66-thread-1] exec.FileSinkOperator: Final Path: FS file:/home/alex/Repositories/hive/ql/target/tmp/org.apache.hadoop.hive.ql.TestTxnCommands-1713960750541/warehouse/nonacidorctbl/.hive-staging_hive_2024-04-24_05-13-11_896_8472652223228539927-1/_tmp.-ext-10000/000000_0
2024-04-24T05:13:12,474  INFO [pool-66-thread-1] exec.FileSinkOperator: Writing to temp file: FS file:/home/alex/Repositories/hive/ql/target/tmp/org.apache.hadoop.hive.ql.TestTxnCommands-1713960750541/warehouse/nonacidorctbl/.hive-staging_hive_2024-04-24_05-13-11_896_8472652223228539927-1/_task_tmp.-ext-10000/_tmp.000000_0
2024-04-24T05:13:12,474  INFO [pool-66-thread-1] exec.FileSinkOperator: New Final Path: FS file:/home/alex/Repositories/hive/ql/target/tmp/org.apache.hadoop.hive.ql.TestTxnCommands-1713960750541/warehouse/nonacidorctbl/.hive-staging_hive_2024-04-24_05-13-11_896_8472652223228539927-1/_tmp.-ext-10000/000000_0
2024-04-24T05:13:12,475  INFO [pool-66-thread-1] exec.FileSinkOperator: FS[6]: records written - 1
2024-04-24T05:13:12,476  INFO [pool-66-thread-1] impl.PhysicalFsWriter: ORC writer created for path: file:/home/alex/Repositories/hive/ql/target/tmp/org.apache.hadoop.hive.ql.TestTxnCommands-1713960750541/warehouse/nonacidorctbl/.hive-staging_hive_2024-04-24_05-13-11_896_8472652223228539927-1/_task_tmp.-ext-10000/_tmp.000000_0 with stripeSize: 67108864 blockSize: 268435456 compression: Compress: ZLIB buffer: 262144
2024-04-24T05:13:12,493  INFO [pool-66-thread-1] impl.WriterImpl: ORC writer created for path: file:/home/alex/Repositories/hive/ql/target/tmp/org.apache.hadoop.hive.ql.TestTxnCommands-1713960750541/warehouse/nonacidorctbl/.hive-staging_hive_2024-04-24_05-13-11_896_8472652223228539927-1/_task_tmp.-ext-10000/_tmp.000000_0 with stripeSize: 67108864 options: Compress: ZLIB buffer: 262144
2024-04-24T05:13:12,493  INFO [pool-66-thread-1] exec.SelectOperator: Closing Operator: SEL[5]
2024-04-24T05:13:12,493  INFO [pool-66-thread-1] exec.SelectOperator: RECORDS_OUT_OPERATOR_SEL_5:1, RECORDS_OUT_INTERMEDIATE:0, 
2024-04-24T05:13:12,493  INFO [pool-66-thread-1] exec.FileSinkOperator: Closing Operator: FS[6]
2024-04-24T05:13:12,493  INFO [pool-66-thread-1] exec.FileSinkOperator: FS[6]: records written - 1
2024-04-24T05:13:12,510  INFO [pool-66-thread-1] exec.FileSinkOperator: TOTAL_TABLE_ROWS_WRITTEN:1, RECORDS_OUT_INTERMEDIATE:0, RECORDS_OUT_1_default.nonacidorctbl:1, RECORDS_OUT_OPERATOR_FS_6:1, 
2024-04-24T05:13:12,511  INFO [pool-66-thread-1] mapred.Task: Task:attempt_local858083571_0013_r_000000_0 is done. And is in the process of committing
2024-04-24T05:13:12,512  INFO [pool-66-thread-1] mapred.LocalJobRunner: reduce > reduce
2024-04-24T05:13:12,512  INFO [pool-66-thread-1] mapred.Task: Task 'attempt_local858083571_0013_r_000000_0' done.
2024-04-24T05:13:12,512  INFO [pool-66-thread-1] mapred.Task: Final Counters for attempt_local858083571_0013_r_000000_0: Counters: 30
	File System Counters
		FILE: Number of bytes read=326114
		FILE: Number of bytes written=16296856
		FILE: Number of read operations=0
		FILE: Number of large read operations=0
		FILE: Number of write operations=0
	Map-Reduce Framework
		Combine input records=0
		Combine output records=0
		Reduce input groups=1
		Reduce shuffle bytes=24
		Reduce input records=1
		Reduce output records=0
		Spilled Records=1
		Shuffled Maps =1
		Failed Shuffles=0
		Merged Map outputs=1
		GC time elapsed (ms)=0
		Total committed heap usage (bytes)=1101004800
	HIVE
		CREATED_FILES=1
		RECORDS_OUT_1_default.nonacidorctbl=1
		RECORDS_OUT_INTERMEDIATE=0
		RECORDS_OUT_OPERATOR_FS_6=1
		RECORDS_OUT_OPERATOR_SEL_5=1
		TOTAL_TABLE_ROWS_WRITTEN=1
	Shuffle Errors
		BAD_ID=0
		CONNECTION=0
		IO_ERROR=0
		WRONG_LENGTH=0
		WRONG_MAP=0
		WRONG_REDUCE=0
	File Output Format Counters 
		Bytes Written=0
2024-04-24T05:13:12,512  INFO [pool-66-thread-1] mapred.LocalJobRunner: Finishing task: attempt_local858083571_0013_r_000000_0
2024-04-24T05:13:12,512  INFO [pool-66-thread-1] mapred.LocalJobRunner: Starting task: attempt_local858083571_0013_r_000001_0
2024-04-24T05:13:12,514  INFO [pool-66-thread-1] mapred.Task:  Using ResourceCalculatorProcessTree : [ ]
2024-04-24T05:13:12,514  INFO [pool-66-thread-1] mapred.ReduceTask: Using ShuffleConsumerPlugin: org.apache.hadoop.mapreduce.task.reduce.Shuffle@52fe288a
2024-04-24T05:13:12,514  WARN [pool-66-thread-1] impl.MetricsSystemImpl: JobTracker metrics system already initialized!
2024-04-24T05:13:12,516  INFO [pool-66-thread-1] reduce.MergeManagerImpl: MergerManager: memoryLimit=1336252800, maxSingleShuffleLimit=334063200, mergeThreshold=881926912, ioSortFactor=10, memToMemMergeOutputsThreshold=10
2024-04-24T05:13:12,518  INFO [EventFetcher for fetching Map Completion Events] reduce.EventFetcher: attempt_local858083571_0013_r_000001_0 Thread started: EventFetcher for fetching Map Completion Events
2024-04-24T05:13:12,522  INFO [localfetcher#19] reduce.LocalFetcher: localfetcher#19 about to shuffle output of map attempt_local858083571_0013_m_000000_0 decomp: 56 len: 60 to MEMORY
2024-04-24T05:13:12,523  INFO [localfetcher#19] reduce.InMemoryMapOutput: Read 56 bytes from map-output for attempt_local858083571_0013_m_000000_0
2024-04-24T05:13:12,523  INFO [localfetcher#19] reduce.MergeManagerImpl: closeInMemoryFile -> map-output of size: 56, inMemoryMapOutputs.size() -> 1, commitMemory -> 0, usedMemory ->56
2024-04-24T05:13:12,523  INFO [EventFetcher for fetching Map Completion Events] reduce.EventFetcher: EventFetcher is interrupted.. Returning
2024-04-24T05:13:12,524  INFO [pool-66-thread-1] mapred.LocalJobRunner: 1 / 1 copied.
2024-04-24T05:13:12,524  INFO [pool-66-thread-1] reduce.MergeManagerImpl: finalMerge called with 1 in-memory map-outputs and 0 on-disk map-outputs
2024-04-24T05:13:12,536  INFO [pool-66-thread-1] mapred.Merger: Merging 1 sorted segments
2024-04-24T05:13:12,536  INFO [pool-66-thread-1] mapred.Merger: Down to the last merge-pass, with 1 segments left of total size: 44 bytes
2024-04-24T05:13:12,542  INFO [pool-66-thread-1] reduce.MergeManagerImpl: Merged 1 segments, 56 bytes to disk to satisfy reduce memory limit
2024-04-24T05:13:12,543  INFO [pool-66-thread-1] reduce.MergeManagerImpl: Merging 1 files, 60 bytes from disk
2024-04-24T05:13:12,543  INFO [pool-66-thread-1] reduce.MergeManagerImpl: Merging 0 segments, 0 bytes from memory into reduce
2024-04-24T05:13:12,543  INFO [pool-66-thread-1] mapred.Merger: Merging 1 sorted segments
2024-04-24T05:13:12,543  INFO [pool-66-thread-1] mapred.Merger: Down to the last merge-pass, with 1 segments left of total size: 44 bytes
2024-04-24T05:13:12,544  INFO [pool-66-thread-1] mapred.LocalJobRunner: 1 / 1 copied.
2024-04-24T05:13:12,545  INFO [pool-66-thread-1] exec.SerializationUtilities: Deserializing ReduceWork using kryo
2024-04-24T05:13:12,546  INFO [pool-66-thread-1] exec.Utilities: Deserialized plan (via FILE) - name: null size: 6,36KB
2024-04-24T05:13:12,548  INFO [pool-66-thread-1] ExecReducer: 
<SEL>Id =5
  <Children>
    <FS>Id =6
      <Children>
      <\Children>
      <Parent>Id = 5 null<\Parent>
    <\FS>
  <\Children>
  <Parent><\Parent>
<\SEL>
2024-04-24T05:13:12,548  INFO [pool-66-thread-1] exec.SelectOperator: Initializing Operator: SEL[5]
2024-04-24T05:13:12,548  INFO [pool-66-thread-1] exec.SelectOperator: SELECT struct<key:struct<reducesinkkey0:int>,value:struct<_col0:int>>
2024-04-24T05:13:12,548  INFO [pool-66-thread-1] exec.FileSinkOperator: Initializing Operator: FS[6]
2024-04-24T05:13:12,549  INFO [pool-66-thread-1] exec.FileSinkOperator: Using serializer : AbstractSerDe [log=org.apache.logging.slf4j.Log4jLogger@a925655, configuration=Optional[Configuration: core-default.xml, core-site.xml, mapred-default.xml, mapred-site.xml, yarn-default.xml, yarn-site.xml, hdfs-default.xml, hdfs-site.xml, file:/home/alex/Repositories/hive/ql/target/tmp/TestTxnCommandsWithSplitUpdateAndVectorization/mapred/local/localRunner/alex/job_local858083571_0013/job_local858083571_0013.xml], properties={name=default.nonacidorctbl, columns.types=int:int, bucket_field_name=a, serialization.format=1, columns=a,b, numFilesErasureCoded=0, columns.comments=&amp#0;, bucketing_version=2, bucket_count=2, serialization.lib=org.apache.hadoop.hive.ql.io.orc.OrcSerde, file.inputformat=org.apache.hadoop.hive.ql.io.orc.OrcInputFormat, file.outputformat=org.apache.hadoop.hive.ql.io.orc.OrcOutputFormat, location=file:/home/alex/Repositories/hive/ql/target/tmp/org.apache.hadoop.hive.ql.TestTxnCommands-1713960750541/warehouse/nonacidorctbl, column.name.delimiter=,}, tableProperties={name=default.nonacidorctbl, columns.types=int:int, bucket_field_name=a, serialization.format=1, columns=a,b, numFilesErasureCoded=0, columns.comments=&amp#0;, bucketing_version=2, bucket_count=2, serialization.lib=org.apache.hadoop.hive.ql.io.orc.OrcSerde, file.inputformat=org.apache.hadoop.hive.ql.io.orc.OrcInputFormat, location=file:/home/alex/Repositories/hive/ql/target/tmp/org.apache.hadoop.hive.ql.TestTxnCommands-1713960750541/warehouse/nonacidorctbl, file.outputformat=org.apache.hadoop.hive.ql.io.orc.OrcOutputFormat, column.name.delimiter=,}, partitionProperties=Optional.empty, columnNames=[a, b], columnTypes=[int, int], getClass()=class org.apache.hadoop.hive.ql.io.orc.OrcSerde] and formatter : org.apache.hadoop.hive.ql.io.orc.OrcOutputFormat@503aace7
2024-04-24T05:13:12,550  INFO [pool-66-thread-1] exec.FileSinkOperator: Final Path: FS file:/home/alex/Repositories/hive/ql/target/tmp/org.apache.hadoop.hive.ql.TestTxnCommands-1713960750541/warehouse/nonacidorctbl/.hive-staging_hive_2024-04-24_05-13-11_896_8472652223228539927-1/_tmp.-ext-10000/000001_0
2024-04-24T05:13:12,550  INFO [pool-66-thread-1] exec.FileSinkOperator: Writing to temp file: FS file:/home/alex/Repositories/hive/ql/target/tmp/org.apache.hadoop.hive.ql.TestTxnCommands-1713960750541/warehouse/nonacidorctbl/.hive-staging_hive_2024-04-24_05-13-11_896_8472652223228539927-1/_task_tmp.-ext-10000/_tmp.000001_0
2024-04-24T05:13:12,550  INFO [pool-66-thread-1] exec.FileSinkOperator: New Final Path: FS file:/home/alex/Repositories/hive/ql/target/tmp/org.apache.hadoop.hive.ql.TestTxnCommands-1713960750541/warehouse/nonacidorctbl/.hive-staging_hive_2024-04-24_05-13-11_896_8472652223228539927-1/_tmp.-ext-10000/000001_0
2024-04-24T05:13:12,550  INFO [pool-66-thread-1] exec.FileSinkOperator: FS[6]: records written - 1
2024-04-24T05:13:12,551  INFO [pool-66-thread-1] impl.PhysicalFsWriter: ORC writer created for path: file:/home/alex/Repositories/hive/ql/target/tmp/org.apache.hadoop.hive.ql.TestTxnCommands-1713960750541/warehouse/nonacidorctbl/.hive-staging_hive_2024-04-24_05-13-11_896_8472652223228539927-1/_task_tmp.-ext-10000/_tmp.000001_0 with stripeSize: 67108864 blockSize: 268435456 compression: Compress: ZLIB buffer: 262144
2024-04-24T05:13:12,563  INFO [pool-66-thread-1] impl.WriterImpl: ORC writer created for path: file:/home/alex/Repositories/hive/ql/target/tmp/org.apache.hadoop.hive.ql.TestTxnCommands-1713960750541/warehouse/nonacidorctbl/.hive-staging_hive_2024-04-24_05-13-11_896_8472652223228539927-1/_task_tmp.-ext-10000/_tmp.000001_0 with stripeSize: 67108864 options: Compress: ZLIB buffer: 262144
2024-04-24T05:13:12,563  INFO [pool-66-thread-1] exec.SelectOperator: Closing Operator: SEL[5]
2024-04-24T05:13:12,564  INFO [pool-66-thread-1] exec.SelectOperator: RECORDS_OUT_INTERMEDIATE:0, RECORDS_OUT_OPERATOR_SEL_5:3, 
2024-04-24T05:13:12,564  INFO [pool-66-thread-1] exec.FileSinkOperator: Closing Operator: FS[6]
2024-04-24T05:13:12,564  INFO [pool-66-thread-1] exec.FileSinkOperator: FS[6]: records written - 3
2024-04-24T05:13:12,580  INFO [pool-66-thread-1] exec.FileSinkOperator: RECORDS_OUT_OPERATOR_FS_6:3, RECORDS_OUT_INTERMEDIATE:0, RECORDS_OUT_1_default.nonacidorctbl:3, TOTAL_TABLE_ROWS_WRITTEN:3, 
2024-04-24T05:13:12,581  INFO [pool-66-thread-1] mapred.Task: Task:attempt_local858083571_0013_r_000001_0 is done. And is in the process of committing
2024-04-24T05:13:12,582  INFO [pool-66-thread-1] mapred.LocalJobRunner: reduce > reduce
2024-04-24T05:13:12,582  INFO [pool-66-thread-1] mapred.Task: Task 'attempt_local858083571_0013_r_000001_0' done.
2024-04-24T05:13:12,583  INFO [pool-66-thread-1] mapred.Task: Final Counters for attempt_local858083571_0013_r_000001_0: Counters: 30
	File System Counters
		FILE: Number of bytes read=332709
		FILE: Number of bytes written=16297275
		FILE: Number of read operations=0
		FILE: Number of large read operations=0
		FILE: Number of write operations=0
	Map-Reduce Framework
		Combine input records=0
		Combine output records=0
		Reduce input groups=3
		Reduce shuffle bytes=60
		Reduce input records=3
		Reduce output records=0
		Spilled Records=3
		Shuffled Maps =1
		Failed Shuffles=0
		Merged Map outputs=1
		GC time elapsed (ms)=0
		Total committed heap usage (bytes)=1101004800
	HIVE
		CREATED_FILES=1
		RECORDS_OUT_1_default.nonacidorctbl=3
		RECORDS_OUT_INTERMEDIATE=0
		RECORDS_OUT_OPERATOR_FS_6=3
		RECORDS_OUT_OPERATOR_SEL_5=3
		TOTAL_TABLE_ROWS_WRITTEN=3
	Shuffle Errors
		BAD_ID=0
		CONNECTION=0
		IO_ERROR=0
		WRONG_LENGTH=0
		WRONG_MAP=0
		WRONG_REDUCE=0
	File Output Format Counters 
		Bytes Written=0
2024-04-24T05:13:12,583  INFO [pool-66-thread-1] mapred.LocalJobRunner: Finishing task: attempt_local858083571_0013_r_000001_0
2024-04-24T05:13:12,583  INFO [Thread-1078] mapred.LocalJobRunner: reduce task executor complete.
2024-04-24 05:13:13,412 Stage-1 map = 100%,  reduce = 100%
2024-04-24T05:13:13,412  INFO [main] exec.Task: 2024-04-24 05:13:13,412 Stage-1 map = 100%,  reduce = 100%
Ended Job = job_local858083571_0013
2024-04-24T05:13:13,414  INFO [main] exec.Task: Ended Job = job_local858083571_0013
2024-04-24T05:13:13,416  INFO [main] ql.Driver: Starting task [Stage-0:MOVE] in serial mode
Loading data to table default.nonacidorctbl
2024-04-24T05:13:13,416  INFO [main] exec.Task: Loading data to table default.nonacidorctbl from file:/home/alex/Repositories/hive/ql/target/tmp/org.apache.hadoop.hive.ql.TestTxnCommands-1713960750541/warehouse/nonacidorctbl/.hive-staging_hive_2024-04-24_05-13-11_896_8472652223228539927-1/-ext-10000
2024-04-24T05:13:13,416  INFO [main] HiveMetaStore.audit: ugi=alex	ip=unknown-ip-addr	cmd=get_table : tbl=hive.default.nonacidorctbl	
2024-04-24T05:13:13,426  INFO [main] metastore.HMSHandler: Skipping translation for processor with null
2024-04-24T05:13:13,426  INFO [main] HiveMetaStore.audit: ugi=alex	ip=unknown-ip-addr	cmd=get_table : tbl=hive.default.nonacidorctbl	
2024-04-24T05:13:13,435  INFO [main] metastore.HMSHandler: Skipping translation for processor with null
2024-04-24T05:13:13,437  WARN [main] metadata.Hive: Cannot get a table snapshot for nonacidorctbl
2024-04-24T05:13:13,437  INFO [main] HiveMetaStore.audit: ugi=alex	ip=unknown-ip-addr	cmd=alter_table: hive.default.nonacidorctbl newtbl=nonacidorctbl	
2024-04-24T05:13:13,469  INFO [main] ql.Driver: Starting task [Stage-2:STATS] in serial mode
2024-04-24T05:13:13,469  INFO [main] HiveMetaStore.audit: ugi=alex	ip=unknown-ip-addr	cmd=get_table : tbl=hive.default.nonacidorctbl	
2024-04-24T05:13:13,478  INFO [main] metastore.HMSHandler: Skipping translation for processor with null
2024-04-24T05:13:13,479  INFO [main] stats.BasicStatsTask: Executing stats task
2024-04-24T05:13:13,479  INFO [main] fs.FSStatsPublisher: created : file:/home/alex/Repositories/hive/ql/target/tmp/localscratchdir/845c637d-25d6-4d66-8c3b-356c17302ae5/hive_2024-04-24_05-13-11_896_8472652223228539927-1/-mr-10001
2024-04-24T05:13:13,480  INFO [main] HiveMetaStore.audit: ugi=alex	ip=unknown-ip-addr	cmd=get_table : tbl=hive.default.nonacidorctbl	
2024-04-24T05:13:13,489  INFO [main] metastore.HMSHandler: Skipping translation for processor with null
2024-04-24T05:13:13,490  INFO [main] FileOperations: Read stats for default.nonacidorctbl/, numRows, true, 4, false: 
2024-04-24T05:13:13,490  INFO [main] FileOperations: Read stats for default.nonacidorctbl/, rawDataSize, true, 32, false: 
2024-04-24T05:13:13,491  WARN [main] metadata.Hive: Cannot get a table snapshot for nonacidorctbl
2024-04-24T05:13:13,491  INFO [main] HiveMetaStore.audit: ugi=alex	ip=unknown-ip-addr	cmd=alter_table: hive.default.nonacidorctbl newtbl=nonacidorctbl	
2024-04-24T05:13:13,516  INFO [main] stats.BasicStatsTask: Table default.nonacidorctbl stats: [numFiles=2, numRows=4, totalSize=499, rawDataSize=32, numFilesErasureCoded=0]
2024-04-24T05:13:13,517  INFO [main] metadata.Hive: Dumping metastore api call timing information for : execution phase
2024-04-24T05:13:13,517  INFO [main] metadata.Hive: Total time spent in each metastore function (ms): {alter_table_(String, String, String, Table, EnvironmentContext, String)=57, isCompatibleWith_(Configuration)=0, getTable_(GetTableRequest)=38}
MapReduce Jobs Launched: 
2024-04-24T05:13:13,517  INFO [main] ql.Driver: MapReduce Jobs Launched: 
Stage-Stage-1:  HDFS Read: 0 HDFS Write: 0 SUCCESS
2024-04-24T05:13:13,517  INFO [main] ql.Driver: Stage-Stage-1:  HDFS Read: 0 HDFS Write: 0 SUCCESS
Total MapReduce CPU Time Spent: 0 msec
2024-04-24T05:13:13,517  INFO [main] ql.Driver: Total MapReduce CPU Time Spent: 0 msec
2024-04-24T05:13:13,517  INFO [main] ql.Driver: Completed executing command(queryId=alex_20240424051311_e534734b-7f03-4a96-a354-0e4452bc4563); Time taken: 1.411 seconds
2024-04-24T05:13:13,518  INFO [main] lockmgr.DbTxnManager: Stopped heartbeat for query: alex_20240424051311_e534734b-7f03-4a96-a354-0e4452bc4563
2024-04-24T05:13:13,521  INFO [main] txn.TxnHandler: Expected to move at least one record from txn_components to completed_txn_components when committing txn! txnid:13
2024-04-24T05:13:13,527  INFO [main] txn.TxnHandler: Removed transactions: ([13]) from MIN_HISTORY_LEVEL
2024-04-24T05:13:13,527  WARN [main] txn.CompactionTxnHandler: No compaction queue record found for Compaction type transaction commit. txnId:13
2024-04-24T05:13:13,527  INFO [main] ql.TxnCommandsBaseForTests: Running the query: insert into acidTbl  values(2,1),(4,3),(5,6),(7,8)
2024-04-24T05:13:13,528  INFO [main] ql.Context: Deleting scratch dir: file:/home/alex/Repositories/hive/ql/target/tmp/localscratchdir/845c637d-25d6-4d66-8c3b-356c17302ae5/hive_2024-04-24_05-13-11_896_8472652223228539927-1
2024-04-24T05:13:13,528  INFO [main] cleanup.SyncCleanupService: Deleted directory: file:/home/alex/Repositories/hive/ql/target/tmp/localscratchdir/845c637d-25d6-4d66-8c3b-356c17302ae5/hive_2024-04-24_05-13-11_896_8472652223228539927-1 on fs with scheme file
2024-04-24T05:13:13,528  INFO [main] ql.Context: Deleting scratch dir: file:/home/alex/Repositories/hive/ql/target/tmp/org.apache.hadoop.hive.ql.TestTxnCommands-1713960750541/warehouse/nonacidorctbl/.hive-staging_hive_2024-04-24_05-13-11_896_8472652223228539927-1
2024-04-24T05:13:13,528  INFO [main] cleanup.SyncCleanupService: Deleted directory: file:/home/alex/Repositories/hive/ql/target/tmp/org.apache.hadoop.hive.ql.TestTxnCommands-1713960750541/warehouse/nonacidorctbl/.hive-staging_hive_2024-04-24_05-13-11_896_8472652223228539927-1 on fs with scheme file
2024-04-24T05:13:13,529  INFO [main] ql.Driver: Compiling command(queryId=alex_20240424051311_e534734b-7f03-4a96-a354-0e4452bc4563): insert into acidTbl  values(2,1),(4,3),(5,6),(7,8)
2024-04-24T05:13:13,531  INFO [main] txn.TxnHandler: Added entries to MIN_HISTORY_LEVEL for current txns: ([14]) with min_open_txn: 14
2024-04-24T05:13:13,531  INFO [main] lockmgr.DbTxnManager: Opened txnid:14
2024-04-24T05:13:13,532  INFO [main] parse.CalcitePlanner: Starting caching scope for: alex_20240424051311_e534734b-7f03-4a96-a354-0e4452bc4563
2024-04-24T05:13:13,532  INFO [main] parse.CalcitePlanner: Starting Semantic Analysis
2024-04-24T05:13:13,536  INFO [main] HiveMetaStore.audit: ugi=alex	ip=unknown-ip-addr	cmd=get_table : tbl=hive.default.acidTbl	
2024-04-24T05:13:13,541  INFO [main] metastore.ObjectStore: Removed COLUMN_STATS_ACCURATE from Table's parameters.
2024-04-24T05:13:13,543  INFO [main] metastore.HMSHandler: Skipping translation for processor with null
2024-04-24T05:13:13,543  INFO [main] parse.CalcitePlanner: Completed phase 1 of Semantic Analysis
2024-04-24T05:13:13,543  INFO [main] parse.CalcitePlanner: Get metadata for source tables
2024-04-24T05:13:13,543  INFO [main] parse.CalcitePlanner: Get metadata for subqueries
2024-04-24T05:13:13,543  INFO [main] parse.CalcitePlanner: Get metadata for destination tables
2024-04-24T05:13:13,544  INFO [main] HiveMetaStore.audit: ugi=alex	ip=unknown-ip-addr	cmd=get_table : tbl=hive.default.acidTbl	
2024-04-24T05:13:13,551  INFO [main] metastore.HMSHandler: Skipping translation for processor with null
2024-04-24T05:13:13,551  INFO [main] parse.CalcitePlanner: Completed getting MetaData in Semantic Analysis
2024-04-24T05:13:13,551  INFO [main] parse.CalcitePlanner: Disabling LLAP IO encode as ETL query is detected
2024-04-24T05:13:13,573  INFO [main] HiveMetaStore.audit: ugi=alex	ip=unknown-ip-addr	cmd=get_all_table_constraints : tbl=hive._dummy_database._dummy_table	
2024-04-24T05:13:13,624  INFO [main] parse.CalcitePlanner: Get metadata for source tables
2024-04-24T05:13:13,624  INFO [main] parse.CalcitePlanner: Get metadata for subqueries
2024-04-24T05:13:13,624  INFO [main] parse.CalcitePlanner: Get metadata for source tables
2024-04-24T05:13:13,624  INFO [main] HiveMetaStore.audit: ugi=alex	ip=unknown-ip-addr	cmd=get_table : tbl=hive._dummy_database._dummy_table	
2024-04-24T05:13:13,626  INFO [main] parse.CalcitePlanner: Get metadata for subqueries
2024-04-24T05:13:13,626  INFO [main] parse.CalcitePlanner: Get metadata for destination tables
2024-04-24T05:13:13,626  INFO [main] parse.CalcitePlanner: Get metadata for destination tables
2024-04-24T05:13:13,629  INFO [main] HiveMetaStore.audit: ugi=alex	ip=unknown-ip-addr	cmd=get_not_null_constraints : tbl=hive.default.acidtbl	
2024-04-24T05:13:13,630  INFO [main] HiveMetaStore.audit: ugi=alex	ip=unknown-ip-addr	cmd=get_check_constraints : tbl=hive.default.acidtbl	
2024-04-24T05:13:13,638  INFO [main] txn.TxnHandler: Allocated writeId: 1 for txnId: 14
2024-04-24T05:13:13,639  INFO [main] txn.TxnHandler: Allocated write ids for dbName=default, tblName=acidtbl (txnIds: [14])
2024-04-24T05:13:13,640  INFO [main] parse.CalcitePlanner: CBO Succeeded; optimized logical plan.
2024-04-24T05:13:13,644  INFO [main] optimizer.ColumnPrunerProcFactory: RS 4 oldColExprMap: {VALUE._col0=Column[_col1], KEY.reducesinkkey0=Column[_col0]}
2024-04-24T05:13:13,644  INFO [main] optimizer.ColumnPrunerProcFactory: RS 4 newColExprMap: {VALUE._col0=Column[_col1], KEY.reducesinkkey0=Column[_col0]}
2024-04-24T05:13:13,645  INFO [main] optimizer.BucketVersionPopulator: not considering bucketingVersion for: TS[0] because it has -1<2 buckets 
2024-04-24T05:13:13,646  INFO [main] optimizer.SortedDynPartitionOptimizer: Sorted dynamic partitioning optimization kicked in..
2024-04-24T05:13:13,654  INFO [main] HiveMetaStore.audit: ugi=alex	ip=unknown-ip-addr	cmd=get_table : tbl=hive.default.acidtbl	
2024-04-24T05:13:13,662  INFO [main] metastore.HMSHandler: Skipping translation for processor with null
2024-04-24T05:13:13,663  INFO [main] physical.Vectorizer: Examining input format to see if vectorization is enabled.
2024-04-24T05:13:13,663  INFO [main] physical.Vectorizer: Map vectorization enabled: false
2024-04-24T05:13:13,663  INFO [main] physical.Vectorizer: Map vectorized: false
2024-04-24T05:13:13,663  INFO [main] physical.Vectorizer: Map vectorizedVertexNum: 0
2024-04-24T05:13:13,663  INFO [main] physical.Vectorizer: Map enabledConditionsMet: [hive.vectorized.use.vectorized.input.format IS true]
2024-04-24T05:13:13,663  INFO [main] physical.Vectorizer: Map enabledConditionsNotMet: [Could not enable vectorization due to partition column names size 1 is greater than the number of table column names size 0 IS false]
2024-04-24T05:13:13,663  INFO [main] physical.Vectorizer: Map inputFileFormatClassNameSet: [org.apache.hadoop.hive.ql.io.NullRowsInputFormat]
2024-04-24T05:13:13,663  INFO [main] physical.Vectorizer: Reduce vectorization enabled: false
2024-04-24T05:13:13,663  INFO [main] physical.Vectorizer: Reduce vectorized: false
2024-04-24T05:13:13,663  INFO [main] physical.Vectorizer: Reduce vectorizedVertexNum: 1
2024-04-24T05:13:13,663  INFO [main] physical.Vectorizer: Reducer hive.vectorized.execution.reduce.enabled: true
2024-04-24T05:13:13,663  INFO [main] physical.Vectorizer: Reducer engine: mr
2024-04-24T05:13:13,663  INFO [main] parse.CalcitePlanner: Completed plan generation
2024-04-24T05:13:13,663  INFO [main] parse.CalcitePlanner: Ending caching scope for: alex_20240424051311_e534734b-7f03-4a96-a354-0e4452bc4563
2024-04-24T05:13:13,663  INFO [main] ql.Driver: Semantic Analysis Completed (retrial = false)
2024-04-24T05:13:13,663  INFO [main] ql.Driver: Created Hive schema: Schema(fieldSchemas:[FieldSchema(name:col1, type:int, comment:null), FieldSchema(name:col2, type:int, comment:null)], properties:null)
2024-04-24T05:13:13,664  INFO [main] metadata.Hive: Dumping metastore api call timing information for : compilation phase
2024-04-24T05:13:13,664  INFO [main] metadata.Hive: Total time spent in each metastore function (ms): {getValidTxns_(long)=0, getCheckConstraints_(CheckConstraintsRequest)=1, openTxn_(String, TxnType)=2, getTable_(GetTableRequest)=23, allocateTableWriteId_(long, String, String)=7, isCompatibleWith_(Configuration)=0, commitTxn_(CommitTxnRequest)=9, flushCache_()=0, getAllTableConstraints_(AllTableConstraintsRequest)=5, getValidWriteIds_(List, String)=3, getNotNullConstraints_(NotNullConstraintsRequest)=1}
2024-04-24T05:13:13,664  INFO [main] ql.Driver: Completed compiling command(queryId=alex_20240424051311_e534734b-7f03-4a96-a354-0e4452bc4563); Time taken: 0.135 seconds
2024-04-24T05:13:13,664  INFO [main] lockmgr.DbTxnManager: Setting lock request transaction to txnid:14 for queryId=alex_20240424051311_e534734b-7f03-4a96-a354-0e4452bc4563
2024-04-24T05:13:13,664  INFO [main] lockmgr.DbLockManager: Requesting lock for queryId=alex_20240424051311_e534734b-7f03-4a96-a354-0e4452bc4563
2024-04-24T05:13:13,681  INFO [main] lockmgr.DbLockManager: Response to queryId=alex_20240424051311_e534734b-7f03-4a96-a354-0e4452bc4563 LockResponse(lockid:8, state:ACQUIRED)
2024-04-24T05:13:13,682  INFO [main] ql.Driver: Operation QUERY obtained 1 locks
2024-04-24T05:13:13,684  INFO [main] ql.Driver: Executing command(queryId=alex_20240424051311_e534734b-7f03-4a96-a354-0e4452bc4563): insert into acidTbl  values(2,1),(4,3),(5,6),(7,8)
2024-04-24T05:13:13,685  WARN [main] ql.Driver: Hive-on-MR is deprecated in Hive 2 and may not be available in the future versions. Consider using a different execution engine (i.e. spark, tez) or using Hive 1.X releases.
Query ID = alex_20240424051311_e534734b-7f03-4a96-a354-0e4452bc4563
2024-04-24T05:13:13,685  INFO [main] ql.Driver: Query ID = alex_20240424051311_e534734b-7f03-4a96-a354-0e4452bc4563
Total jobs = 1
2024-04-24T05:13:13,685  INFO [main] ql.Driver: Total jobs = 1
Launching Job 1 out of 1
2024-04-24T05:13:13,685  INFO [main] ql.Driver: Launching Job 1 out of 1
2024-04-24T05:13:13,837  INFO [main] ql.Driver: Starting task [Stage-1:MAPRED] in serial mode
Number of reduce tasks determined at compile time: 2
2024-04-24T05:13:13,837  INFO [main] exec.Task: Number of reduce tasks determined at compile time: 2
In order to change the average load for a reducer (in bytes):
2024-04-24T05:13:13,837  INFO [main] exec.Task: In order to change the average load for a reducer (in bytes):
  set hive.exec.reducers.bytes.per.reducer=<number>
2024-04-24T05:13:13,837  INFO [main] exec.Task:   set hive.exec.reducers.bytes.per.reducer=<number>
In order to limit the maximum number of reducers:
2024-04-24T05:13:13,837  INFO [main] exec.Task: In order to limit the maximum number of reducers:
  set hive.exec.reducers.max=<number>
2024-04-24T05:13:13,837  INFO [main] exec.Task:   set hive.exec.reducers.max=<number>
In order to set a constant number of reducers:
2024-04-24T05:13:13,837  INFO [main] exec.Task: In order to set a constant number of reducers:
  set mapreduce.job.reduces=<number>
2024-04-24T05:13:13,837  INFO [main] exec.Task:   set mapreduce.job.reduces=<number>
2024-04-24T05:13:13,840  INFO [main] mr.ExecDriver: Using org.apache.hadoop.hive.ql.io.HiveInputFormat
2024-04-24T05:13:13,840  INFO [main] exec.Utilities: Processing alias $hdt$_0:_dummy_table
2024-04-24T05:13:13,840  INFO [main] exec.Utilities: Adding 1 inputs; the first input is file:/home/alex/Repositories/hive/ql/target/tmp/localscratchdir/845c637d-25d6-4d66-8c3b-356c17302ae5/hive_2024-04-24_05-13-13_529_4695614383797182411-1/dummy_path
2024-04-24T05:13:13,849  INFO [main] exec.SerializationUtilities: Serializing MapWork using kryo
2024-04-24T05:13:13,850  INFO [main] exec.Utilities: Serialized plan (via FILE) - name: null size: 5,35KB
2024-04-24T05:13:13,854  INFO [main] exec.SerializationUtilities: Serializing ReduceWork using kryo
2024-04-24T05:13:13,855  INFO [main] exec.Utilities: Serialized plan (via FILE) - name: null size: 5,96KB
2024-04-24T05:13:13,856  WARN [main] impl.MetricsSystemImpl: JobTracker metrics system already initialized!
2024-04-24T05:13:13,860  INFO [main] fs.FSStatsPublisher: created : file:/home/alex/Repositories/hive/ql/target/tmp/localscratchdir/845c637d-25d6-4d66-8c3b-356c17302ae5/hive_2024-04-24_05-13-13_529_4695614383797182411-1/-mr-10000
2024-04-24T05:13:13,862  WARN [main] impl.MetricsSystemImpl: JobTracker metrics system already initialized!
2024-04-24T05:13:13,869  WARN [main] mapreduce.JobResourceUploader: Hadoop command-line option parsing not performed. Implement the Tool interface and execute your application with ToolRunner to remedy this.
2024-04-24T05:13:13,873  WARN [main] mapreduce.JobResourceUploader: No job jar file set.  User classes may not be found. See Job or Job#setJar(String).
2024-04-24T05:13:13,874  INFO [main] io.HiveInputFormat: hive.io.file.readcolumn.ids = 
2024-04-24T05:13:13,874  INFO [main] io.HiveInputFormat: hive.io.file.readcolumn.names = 
2024-04-24T05:13:13,874  INFO [main] io.HiveInputFormat: Generating splits for dirs: file:/home/alex/Repositories/hive/ql/target/tmp/localscratchdir/845c637d-25d6-4d66-8c3b-356c17302ae5/hive_2024-04-24_05-13-13_529_4695614383797182411-1/dummy_path
2024-04-24T05:13:13,874  INFO [main] io.HiveInputFormat: number of splits 1
2024-04-24T05:13:13,890  INFO [main] mapreduce.JobSubmitter: number of splits:1
2024-04-24T05:13:13,909  INFO [main] mapreduce.JobSubmitter: Submitting tokens for job: job_local893790647_0014
2024-04-24T05:13:13,909  INFO [main] mapreduce.JobSubmitter: Executing with tokens: []
2024-04-24T05:13:13,984  INFO [main] mapreduce.Job: The url to track the job: http://localhost:8080/
Job running in-process (local Hadoop)
2024-04-24T05:13:13,984  INFO [main] exec.Task: Job running in-process (local Hadoop)
2024-04-24T05:13:13,984  INFO [Thread-1141] mapred.LocalJobRunner: OutputCommitter set in config org.apache.hadoop.hive.ql.io.HiveFileFormatUtils$NullOutputCommitter
2024-04-24T05:13:13,984  INFO [Thread-1141] mapred.LocalJobRunner: OutputCommitter is org.apache.hadoop.hive.ql.io.HiveFileFormatUtils$NullOutputCommitter
2024-04-24T05:13:13,985  INFO [Thread-1141] mapred.LocalJobRunner: Waiting for map tasks
2024-04-24T05:13:13,985  INFO [LocalJobRunner Map Task Executor #0] mapred.LocalJobRunner: Starting task: attempt_local893790647_0014_m_000000_0
2024-04-24T05:13:13,986  INFO [LocalJobRunner Map Task Executor #0] mapred.Task:  Using ResourceCalculatorProcessTree : [ ]
2024-04-24T05:13:13,987  INFO [LocalJobRunner Map Task Executor #0] mapred.MapTask: Processing split: org.apache.hadoop.hive.ql.io.NullRowsInputFormat:file:/home/alex/Repositories/hive/ql/target/tmp/localscratchdir/845c637d-25d6-4d66-8c3b-356c17302ae5/hive_2024-04-24_05-13-13_529_4695614383797182411-1/dummy_path/null:0+1
2024-04-24T05:13:13,987  INFO [LocalJobRunner Map Task Executor #0] exec.SerializationUtilities: Deserializing MapWork using kryo
2024-04-24T05:13:13,988  INFO [LocalJobRunner Map Task Executor #0] exec.Utilities: Deserialized plan (via FILE) - name: null size: 5,35KB
2024-04-24T05:13:13,988  INFO [LocalJobRunner Map Task Executor #0] mapred.MapTask: numReduceTasks: 2
2024-04-24T05:13:13,994  INFO [LocalJobRunner Map Task Executor #0] mapred.MapTask: (EQUATOR) 0 kvi 26214396(104857584)
2024-04-24T05:13:13,994  INFO [LocalJobRunner Map Task Executor #0] mapred.MapTask: mapreduce.task.io.sort.mb: 100
2024-04-24T05:13:13,994  INFO [LocalJobRunner Map Task Executor #0] mapred.MapTask: soft limit at 83886080
2024-04-24T05:13:13,994  INFO [LocalJobRunner Map Task Executor #0] mapred.MapTask: bufstart = 0; bufvoid = 104857600
2024-04-24T05:13:13,994  INFO [LocalJobRunner Map Task Executor #0] mapred.MapTask: kvstart = 26214396; length = 6553600
2024-04-24T05:13:13,994  INFO [LocalJobRunner Map Task Executor #0] mapred.MapTask: Map output collector class = org.apache.hadoop.mapred.MapTask$MapOutputBuffer
2024-04-24T05:13:13,995  INFO [LocalJobRunner Map Task Executor #0] exec.MapOperator: Initializing Operator: MAP[0]
2024-04-24T05:13:13,995  INFO [LocalJobRunner Map Task Executor #0] mr.ExecMapper: 
<MAP>Id =0
  <Children>null
  <\Children>
  <Parent><\Parent>
<\MAP>
2024-04-24T05:13:13,996  INFO [LocalJobRunner Map Task Executor #0] exec.TableScanOperator: Initializing Operator: TS[0]
2024-04-24T05:13:13,996  INFO [LocalJobRunner Map Task Executor #0] exec.SelectOperator: Initializing Operator: SEL[1]
2024-04-24T05:13:13,996  INFO [LocalJobRunner Map Task Executor #0] exec.SelectOperator: SELECT null
2024-04-24T05:13:13,997  INFO [LocalJobRunner Map Task Executor #0] exec.UDTFOperator: Initializing Operator: UDTF[2]
2024-04-24T05:13:13,997  INFO [LocalJobRunner Map Task Executor #0] exec.SelectOperator: Initializing Operator: SEL[3]
2024-04-24T05:13:13,997  INFO [LocalJobRunner Map Task Executor #0] exec.SelectOperator: SELECT struct<col1:int,col2:int>
2024-04-24T05:13:13,997  INFO [LocalJobRunner Map Task Executor #0] exec.ReduceSinkOperator: Initializing Operator: RS[4]
2024-04-24T05:13:13,997  INFO [LocalJobRunner Map Task Executor #0] exec.ReduceSinkOperator: Using tag = -1
2024-04-24T05:13:13,998  INFO [LocalJobRunner Map Task Executor #0] exec.ReduceSinkOperator: keys are [reducesinkkey0] num distributions: 1
2024-04-24T05:13:13,998  INFO [LocalJobRunner Map Task Executor #0] exec.ReduceSinkOperator: RS[4]: records written - 1
2024-04-24T05:13:13,998  INFO [LocalJobRunner Map Task Executor #0] exec.MapOperator: MAP[0]: records read - 1
2024-04-24T05:13:13,998  INFO [LocalJobRunner Map Task Executor #0] exec.MapOperator: Closing Operator: MAP[0]
2024-04-24T05:13:13,998  INFO [LocalJobRunner Map Task Executor #0] exec.MapOperator: MAP[0]: Total records read - 3. abort - false
2024-04-24T05:13:13,998  INFO [LocalJobRunner Map Task Executor #0] exec.MapOperator: RECORDS_OUT_INTERMEDIATE:0, RECORDS_IN:3, DESERIALIZE_ERRORS:0, RECORDS_OUT_OPERATOR_MAP_0:0, 
2024-04-24T05:13:13,998  INFO [LocalJobRunner Map Task Executor #0] exec.TableScanOperator: Closing Operator: TS[0]
2024-04-24T05:13:13,999  INFO [LocalJobRunner Map Task Executor #0] exec.TableScanOperator: RECORDS_OUT_OPERATOR_TS_0:1, RECORDS_OUT_INTERMEDIATE:0, 
2024-04-24T05:13:13,999  INFO [LocalJobRunner Map Task Executor #0] exec.SelectOperator: Closing Operator: SEL[1]
2024-04-24T05:13:13,999  INFO [LocalJobRunner Map Task Executor #0] exec.SelectOperator: RECORDS_OUT_OPERATOR_SEL_1:1, RECORDS_OUT_INTERMEDIATE:0, 
2024-04-24T05:13:13,999  INFO [LocalJobRunner Map Task Executor #0] exec.UDTFOperator: Closing Operator: UDTF[2]
2024-04-24T05:13:13,999  INFO [LocalJobRunner Map Task Executor #0] exec.UDTFOperator: RECORDS_OUT_INTERMEDIATE:0, RECORDS_OUT_OPERATOR_UDTF_2:4, 
2024-04-24T05:13:13,999  INFO [LocalJobRunner Map Task Executor #0] exec.SelectOperator: Closing Operator: SEL[3]
2024-04-24T05:13:13,999  INFO [LocalJobRunner Map Task Executor #0] exec.SelectOperator: RECORDS_OUT_OPERATOR_SEL_3:4, RECORDS_OUT_INTERMEDIATE:0, 
2024-04-24T05:13:13,999  INFO [LocalJobRunner Map Task Executor #0] exec.ReduceSinkOperator: Closing Operator: RS[4]
2024-04-24T05:13:13,999  INFO [LocalJobRunner Map Task Executor #0] exec.ReduceSinkOperator: RS[4]: Total records written - 4. abort - false
2024-04-24T05:13:13,999  INFO [LocalJobRunner Map Task Executor #0] exec.ReduceSinkOperator: RECORDS_OUT_INTERMEDIATE:4, RECORDS_OUT_OPERATOR_RS_4:4, 
2024-04-24T05:13:14,000  INFO [LocalJobRunner Map Task Executor #0] mapred.LocalJobRunner: 
2024-04-24T05:13:14,000  INFO [LocalJobRunner Map Task Executor #0] mapred.MapTask: Starting flush of map output
2024-04-24T05:13:14,000  INFO [LocalJobRunner Map Task Executor #0] mapred.MapTask: Spilling map output
2024-04-24T05:13:14,000  INFO [LocalJobRunner Map Task Executor #0] mapred.MapTask: bufstart = 0; bufend = 64; bufvoid = 104857600
2024-04-24T05:13:14,000  INFO [LocalJobRunner Map Task Executor #0] mapred.MapTask: kvstart = 26214396(104857584); kvend = 26214384(104857536); length = 13/6553600
2024-04-24T05:13:14,011  INFO [LocalJobRunner Map Task Executor #0] mapred.MapTask: Finished spill 0
2024-04-24T05:13:14,014  INFO [LocalJobRunner Map Task Executor #0] mapred.Task: Task:attempt_local893790647_0014_m_000000_0 is done. And is in the process of committing
2024-04-24T05:13:14,015  INFO [LocalJobRunner Map Task Executor #0] mapred.LocalJobRunner: map
2024-04-24T05:13:14,015  INFO [LocalJobRunner Map Task Executor #0] mapred.Task: Task 'attempt_local893790647_0014_m_000000_0' done.
2024-04-24T05:13:14,015  INFO [LocalJobRunner Map Task Executor #0] mapred.Task: Final Counters for attempt_local893790647_0014_m_000000_0: Counters: 26
	File System Counters
		FILE: Number of bytes read=338701
		FILE: Number of bytes written=17549747
		FILE: Number of read operations=0
		FILE: Number of large read operations=0
		FILE: Number of write operations=0
	Map-Reduce Framework
		Map input records=4
		Map output records=4
		Map output bytes=64
		Map output materialized bytes=84
		Input split bytes=361
		Combine input records=0
		Spilled Records=4
		Failed Shuffles=0
		Merged Map outputs=0
		GC time elapsed (ms)=0
		Total committed heap usage (bytes)=1101004800
	HIVE
		DESERIALIZE_ERRORS=0
		RECORDS_IN=3
		RECORDS_OUT_INTERMEDIATE=4
		RECORDS_OUT_OPERATOR_MAP_0=0
		RECORDS_OUT_OPERATOR_RS_4=4
		RECORDS_OUT_OPERATOR_SEL_1=1
		RECORDS_OUT_OPERATOR_SEL_3=4
		RECORDS_OUT_OPERATOR_TS_0=1
		RECORDS_OUT_OPERATOR_UDTF_2=4
	File Input Format Counters 
		Bytes Read=5401
2024-04-24T05:13:14,015  INFO [LocalJobRunner Map Task Executor #0] mapred.LocalJobRunner: Finishing task: attempt_local893790647_0014_m_000000_0
2024-04-24T05:13:14,015  INFO [Thread-1141] mapred.LocalJobRunner: map task executor complete.
2024-04-24T05:13:14,017  INFO [Thread-1141] mapred.LocalJobRunner: Waiting for reduce tasks
2024-04-24T05:13:14,017  INFO [pool-71-thread-1] mapred.LocalJobRunner: Starting task: attempt_local893790647_0014_r_000000_0
2024-04-24T05:13:14,017  INFO [pool-71-thread-1] mapred.Task:  Using ResourceCalculatorProcessTree : [ ]
2024-04-24T05:13:14,018  INFO [pool-71-thread-1] mapred.ReduceTask: Using ShuffleConsumerPlugin: org.apache.hadoop.mapreduce.task.reduce.Shuffle@433ca471
2024-04-24T05:13:14,018  WARN [pool-71-thread-1] impl.MetricsSystemImpl: JobTracker metrics system already initialized!
2024-04-24T05:13:14,019  INFO [pool-71-thread-1] reduce.MergeManagerImpl: MergerManager: memoryLimit=1336252800, maxSingleShuffleLimit=334063200, mergeThreshold=881926912, ioSortFactor=10, memToMemMergeOutputsThreshold=10
2024-04-24T05:13:14,020  INFO [EventFetcher for fetching Map Completion Events] reduce.EventFetcher: attempt_local893790647_0014_r_000000_0 Thread started: EventFetcher for fetching Map Completion Events
2024-04-24T05:13:14,021  INFO [localfetcher#20] reduce.LocalFetcher: localfetcher#20 about to shuffle output of map attempt_local893790647_0014_m_000000_0 decomp: 38 len: 42 to MEMORY
2024-04-24T05:13:14,021  INFO [localfetcher#20] reduce.InMemoryMapOutput: Read 38 bytes from map-output for attempt_local893790647_0014_m_000000_0
2024-04-24T05:13:14,021  INFO [localfetcher#20] reduce.MergeManagerImpl: closeInMemoryFile -> map-output of size: 38, inMemoryMapOutputs.size() -> 1, commitMemory -> 0, usedMemory ->38
2024-04-24T05:13:14,022  INFO [EventFetcher for fetching Map Completion Events] reduce.EventFetcher: EventFetcher is interrupted.. Returning
2024-04-24T05:13:14,023  INFO [pool-71-thread-1] mapred.LocalJobRunner: 1 / 1 copied.
2024-04-24T05:13:14,023  INFO [pool-71-thread-1] reduce.MergeManagerImpl: finalMerge called with 1 in-memory map-outputs and 0 on-disk map-outputs
2024-04-24T05:13:14,029  INFO [pool-71-thread-1] mapred.Merger: Merging 1 sorted segments
2024-04-24T05:13:14,029  INFO [pool-71-thread-1] mapred.Merger: Down to the last merge-pass, with 1 segments left of total size: 26 bytes
2024-04-24T05:13:14,032  INFO [pool-71-thread-1] reduce.MergeManagerImpl: Merged 1 segments, 38 bytes to disk to satisfy reduce memory limit
2024-04-24T05:13:14,032  INFO [pool-71-thread-1] reduce.MergeManagerImpl: Merging 1 files, 42 bytes from disk
2024-04-24T05:13:14,032  INFO [pool-71-thread-1] reduce.MergeManagerImpl: Merging 0 segments, 0 bytes from memory into reduce
2024-04-24T05:13:14,032  INFO [pool-71-thread-1] mapred.Merger: Merging 1 sorted segments
2024-04-24T05:13:14,033  INFO [pool-71-thread-1] mapred.Merger: Down to the last merge-pass, with 1 segments left of total size: 26 bytes
2024-04-24T05:13:14,033  INFO [pool-71-thread-1] mapred.LocalJobRunner: 1 / 1 copied.
2024-04-24T05:13:14,034  INFO [pool-71-thread-1] exec.SerializationUtilities: Deserializing ReduceWork using kryo
2024-04-24T05:13:14,034  INFO [pool-71-thread-1] exec.Utilities: Deserialized plan (via FILE) - name: null size: 5,96KB
2024-04-24T05:13:14,035  INFO [pool-71-thread-1] ExecReducer: 
<SEL>Id =5
  <Children>
    <FS>Id =6
      <Children>
      <\Children>
      <Parent>Id = 5 null<\Parent>
    <\FS>
  <\Children>
  <Parent><\Parent>
<\SEL>
2024-04-24T05:13:14,035  INFO [pool-71-thread-1] exec.SelectOperator: Initializing Operator: SEL[5]
2024-04-24T05:13:14,035  INFO [pool-71-thread-1] exec.SelectOperator: SELECT struct<key:struct<reducesinkkey0:int>,value:struct<_col0:int>>
2024-04-24T05:13:14,035  INFO [pool-71-thread-1] exec.FileSinkOperator: Initializing Operator: FS[6]
2024-04-24T05:13:14,036  INFO [pool-71-thread-1] exec.FileSinkOperator: Using serializer : AbstractSerDe [log=org.apache.logging.slf4j.Log4jLogger@a925655, configuration=Optional[Configuration: core-default.xml, core-site.xml, mapred-default.xml, mapred-site.xml, yarn-default.xml, yarn-site.xml, hdfs-default.xml, hdfs-site.xml, file:/home/alex/Repositories/hive/ql/target/tmp/TestTxnCommandsWithSplitUpdateAndVectorization/mapred/local/localRunner/alex/job_local893790647_0014/job_local893790647_0014.xml], properties={transactional_properties=default, name=default.acidtbl, transactional=true, columns.types=int:int, bucket_field_name=a, columns=a,b, numFilesErasureCoded=0, columns.comments=&amp#0;, bucketing_version=2, bucket_count=2, serialization.lib=org.apache.hadoop.hive.ql.io.orc.OrcSerde, file.inputformat=org.apache.hadoop.hive.ql.io.orc.OrcInputFormat, file.outputformat=org.apache.hadoop.hive.ql.io.orc.OrcOutputFormat, location=file:/home/alex/Repositories/hive/ql/target/tmp/org.apache.hadoop.hive.ql.TestTxnCommands-1713960750541/warehouse/acidtbl, column.name.delimiter=,}, tableProperties={transactional_properties=default, name=default.acidtbl, transactional=true, columns.types=int:int, bucket_field_name=a, columns=a,b, numFilesErasureCoded=0, columns.comments=&amp#0;, bucketing_version=2, bucket_count=2, serialization.lib=org.apache.hadoop.hive.ql.io.orc.OrcSerde, file.inputformat=org.apache.hadoop.hive.ql.io.orc.OrcInputFormat, location=file:/home/alex/Repositories/hive/ql/target/tmp/org.apache.hadoop.hive.ql.TestTxnCommands-1713960750541/warehouse/acidtbl, file.outputformat=org.apache.hadoop.hive.ql.io.orc.OrcOutputFormat, column.name.delimiter=,}, partitionProperties=Optional.empty, columnNames=[a, b], columnTypes=[int, int], getClass()=class org.apache.hadoop.hive.ql.io.orc.OrcSerde] and formatter : org.apache.hadoop.hive.ql.io.orc.OrcOutputFormat@49574045
2024-04-24T05:13:14,036  INFO [pool-71-thread-1] exec.FileSinkOperator: Final Path: FS file:/home/alex/Repositories/hive/ql/target/tmp/org.apache.hadoop.hive.ql.TestTxnCommands-1713960750541/warehouse/acidtbl
2024-04-24T05:13:14,036  INFO [pool-71-thread-1] exec.FileSinkOperator: New Final Path: FS file:/home/alex/Repositories/hive/ql/target/tmp/org.apache.hadoop.hive.ql.TestTxnCommands-1713960750541/warehouse/acidtbl
2024-04-24T05:13:14,036  INFO [pool-71-thread-1] common.FileUtils: Creating directory if it doesn't exist: file:/home/alex/Repositories/hive/ql/target/tmp/org.apache.hadoop.hive.ql.TestTxnCommands-1713960750541/warehouse
2024-04-24T05:13:14,037  INFO [pool-71-thread-1] exec.FileSinkOperator: FS[6]: records written - 1
2024-04-24T05:13:14,037  INFO [pool-71-thread-1] impl.PhysicalFsWriter: ORC writer created for path: file:/home/alex/Repositories/hive/ql/target/tmp/org.apache.hadoop.hive.ql.TestTxnCommands-1713960750541/warehouse/acidtbl/delta_0000001_0000001_0000/bucket_00000_0 with stripeSize: 8388608 blockSize: 268435456 compression: Compress: ZLIB buffer: 32768
2024-04-24T05:13:14,045  INFO [pool-71-thread-1] impl.WriterImpl: ORC writer created for path: file:/home/alex/Repositories/hive/ql/target/tmp/org.apache.hadoop.hive.ql.TestTxnCommands-1713960750541/warehouse/acidtbl/delta_0000001_0000001_0000/bucket_00000_0 with stripeSize: 8388608 options: Compress: ZLIB buffer: 32768
2024-04-24T05:13:14,050  INFO [pool-71-thread-1] exec.SelectOperator: Closing Operator: SEL[5]
2024-04-24T05:13:14,050  INFO [pool-71-thread-1] exec.SelectOperator: RECORDS_OUT_OPERATOR_SEL_5:2, RECORDS_OUT_INTERMEDIATE:0, 
2024-04-24T05:13:14,050  INFO [pool-71-thread-1] exec.FileSinkOperator: Closing Operator: FS[6]
2024-04-24T05:13:14,050  INFO [pool-71-thread-1] exec.FileSinkOperator: FS[6]: records written - 2
2024-04-24T05:13:14,053  INFO [pool-71-thread-1] FileOperations: Writing manifest to file:/home/alex/Repositories/hive/ql/target/tmp/org.apache.hadoop.hive.ql.TestTxnCommands-1713960750541/warehouse/acidtbl/_tmp.delta_0000001_0000001_0000/000000_0.manifest with [file:/home/alex/Repositories/hive/ql/target/tmp/org.apache.hadoop.hive.ql.TestTxnCommands-1713960750541/warehouse/acidtbl/delta_0000001_0000001_0000/bucket_00000_0]
2024-04-24T05:13:14,066  INFO [pool-71-thread-1] exec.FileSinkOperator: RECORDS_OUT_INTERMEDIATE:0, RECORDS_OUT_1_default.acidtbl:2, RECORDS_OUT_OPERATOR_FS_6:2, TOTAL_TABLE_ROWS_WRITTEN:2, 
2024-04-24T05:13:14,066  INFO [pool-71-thread-1] mapred.Task: Task:attempt_local893790647_0014_r_000000_0 is done. And is in the process of committing
2024-04-24T05:13:14,067  INFO [pool-71-thread-1] mapred.LocalJobRunner: reduce > reduce
2024-04-24T05:13:14,067  INFO [pool-71-thread-1] mapred.Task: Task 'attempt_local893790647_0014_r_000000_0' done.
2024-04-24T05:13:14,067  INFO [pool-71-thread-1] mapred.Task: Final Counters for attempt_local893790647_0014_r_000000_0: Counters: 30
	File System Counters
		FILE: Number of bytes read=344905
		FILE: Number of bytes written=17550816
		FILE: Number of read operations=0
		FILE: Number of large read operations=0
		FILE: Number of write operations=0
	Map-Reduce Framework
		Combine input records=0
		Combine output records=0
		Reduce input groups=2
		Reduce shuffle bytes=42
		Reduce input records=2
		Reduce output records=0
		Spilled Records=2
		Shuffled Maps =1
		Failed Shuffles=0
		Merged Map outputs=1
		GC time elapsed (ms)=0
		Total committed heap usage (bytes)=1101004800
	HIVE
		CREATED_FILES=1
		RECORDS_OUT_1_default.acidtbl=2
		RECORDS_OUT_INTERMEDIATE=0
		RECORDS_OUT_OPERATOR_FS_6=2
		RECORDS_OUT_OPERATOR_SEL_5=2
		TOTAL_TABLE_ROWS_WRITTEN=2
	Shuffle Errors
		BAD_ID=0
		CONNECTION=0
		IO_ERROR=0
		WRONG_LENGTH=0
		WRONG_MAP=0
		WRONG_REDUCE=0
	File Output Format Counters 
		Bytes Written=0
2024-04-24T05:13:14,067  INFO [pool-71-thread-1] mapred.LocalJobRunner: Finishing task: attempt_local893790647_0014_r_000000_0
2024-04-24T05:13:14,067  INFO [pool-71-thread-1] mapred.LocalJobRunner: Starting task: attempt_local893790647_0014_r_000001_0
2024-04-24T05:13:14,067  INFO [pool-71-thread-1] mapred.Task:  Using ResourceCalculatorProcessTree : [ ]
2024-04-24T05:13:14,067  INFO [pool-71-thread-1] mapred.ReduceTask: Using ShuffleConsumerPlugin: org.apache.hadoop.mapreduce.task.reduce.Shuffle@15608521
2024-04-24T05:13:14,067  WARN [pool-71-thread-1] impl.MetricsSystemImpl: JobTracker metrics system already initialized!
2024-04-24T05:13:14,068  INFO [pool-71-thread-1] reduce.MergeManagerImpl: MergerManager: memoryLimit=1336252800, maxSingleShuffleLimit=334063200, mergeThreshold=881926912, ioSortFactor=10, memToMemMergeOutputsThreshold=10
2024-04-24T05:13:14,069  INFO [EventFetcher for fetching Map Completion Events] reduce.EventFetcher: attempt_local893790647_0014_r_000001_0 Thread started: EventFetcher for fetching Map Completion Events
2024-04-24T05:13:14,072  INFO [localfetcher#21] reduce.LocalFetcher: localfetcher#21 about to shuffle output of map attempt_local893790647_0014_m_000000_0 decomp: 38 len: 42 to MEMORY
2024-04-24T05:13:14,072  INFO [localfetcher#21] reduce.InMemoryMapOutput: Read 38 bytes from map-output for attempt_local893790647_0014_m_000000_0
2024-04-24T05:13:14,072  INFO [localfetcher#21] reduce.MergeManagerImpl: closeInMemoryFile -> map-output of size: 38, inMemoryMapOutputs.size() -> 1, commitMemory -> 0, usedMemory ->38
2024-04-24T05:13:14,072  INFO [EventFetcher for fetching Map Completion Events] reduce.EventFetcher: EventFetcher is interrupted.. Returning
2024-04-24T05:13:14,073  INFO [pool-71-thread-1] mapred.LocalJobRunner: 1 / 1 copied.
2024-04-24T05:13:14,073  INFO [pool-71-thread-1] reduce.MergeManagerImpl: finalMerge called with 1 in-memory map-outputs and 0 on-disk map-outputs
2024-04-24T05:13:14,079  INFO [pool-71-thread-1] mapred.Merger: Merging 1 sorted segments
2024-04-24T05:13:14,079  INFO [pool-71-thread-1] mapred.Merger: Down to the last merge-pass, with 1 segments left of total size: 26 bytes
2024-04-24T05:13:14,081  INFO [pool-71-thread-1] reduce.MergeManagerImpl: Merged 1 segments, 38 bytes to disk to satisfy reduce memory limit
2024-04-24T05:13:14,081  INFO [pool-71-thread-1] reduce.MergeManagerImpl: Merging 1 files, 42 bytes from disk
2024-04-24T05:13:14,081  INFO [pool-71-thread-1] reduce.MergeManagerImpl: Merging 0 segments, 0 bytes from memory into reduce
2024-04-24T05:13:14,081  INFO [pool-71-thread-1] mapred.Merger: Merging 1 sorted segments
2024-04-24T05:13:14,082  INFO [pool-71-thread-1] mapred.Merger: Down to the last merge-pass, with 1 segments left of total size: 26 bytes
2024-04-24T05:13:14,082  INFO [pool-71-thread-1] mapred.LocalJobRunner: 1 / 1 copied.
2024-04-24T05:13:14,082  INFO [pool-71-thread-1] exec.SerializationUtilities: Deserializing ReduceWork using kryo
2024-04-24T05:13:14,083  INFO [pool-71-thread-1] exec.Utilities: Deserialized plan (via FILE) - name: null size: 5,96KB
2024-04-24T05:13:14,083  INFO [pool-71-thread-1] ExecReducer: 
<SEL>Id =5
  <Children>
    <FS>Id =6
      <Children>
      <\Children>
      <Parent>Id = 5 null<\Parent>
    <\FS>
  <\Children>
  <Parent><\Parent>
<\SEL>
2024-04-24T05:13:14,083  INFO [pool-71-thread-1] exec.SelectOperator: Initializing Operator: SEL[5]
2024-04-24T05:13:14,083  INFO [pool-71-thread-1] exec.SelectOperator: SELECT struct<key:struct<reducesinkkey0:int>,value:struct<_col0:int>>
2024-04-24T05:13:14,083  INFO [pool-71-thread-1] exec.FileSinkOperator: Initializing Operator: FS[6]
2024-04-24T05:13:14,084  INFO [pool-71-thread-1] exec.FileSinkOperator: Using serializer : AbstractSerDe [log=org.apache.logging.slf4j.Log4jLogger@a925655, configuration=Optional[Configuration: core-default.xml, core-site.xml, mapred-default.xml, mapred-site.xml, yarn-default.xml, yarn-site.xml, hdfs-default.xml, hdfs-site.xml, file:/home/alex/Repositories/hive/ql/target/tmp/TestTxnCommandsWithSplitUpdateAndVectorization/mapred/local/localRunner/alex/job_local893790647_0014/job_local893790647_0014.xml], properties={transactional_properties=default, name=default.acidtbl, transactional=true, columns.types=int:int, bucket_field_name=a, columns=a,b, numFilesErasureCoded=0, columns.comments=&amp#0;, bucketing_version=2, bucket_count=2, serialization.lib=org.apache.hadoop.hive.ql.io.orc.OrcSerde, file.inputformat=org.apache.hadoop.hive.ql.io.orc.OrcInputFormat, file.outputformat=org.apache.hadoop.hive.ql.io.orc.OrcOutputFormat, location=file:/home/alex/Repositories/hive/ql/target/tmp/org.apache.hadoop.hive.ql.TestTxnCommands-1713960750541/warehouse/acidtbl, column.name.delimiter=,}, tableProperties={transactional_properties=default, name=default.acidtbl, transactional=true, columns.types=int:int, bucket_field_name=a, columns=a,b, numFilesErasureCoded=0, columns.comments=&amp#0;, bucketing_version=2, bucket_count=2, serialization.lib=org.apache.hadoop.hive.ql.io.orc.OrcSerde, file.inputformat=org.apache.hadoop.hive.ql.io.orc.OrcInputFormat, location=file:/home/alex/Repositories/hive/ql/target/tmp/org.apache.hadoop.hive.ql.TestTxnCommands-1713960750541/warehouse/acidtbl, file.outputformat=org.apache.hadoop.hive.ql.io.orc.OrcOutputFormat, column.name.delimiter=,}, partitionProperties=Optional.empty, columnNames=[a, b], columnTypes=[int, int], getClass()=class org.apache.hadoop.hive.ql.io.orc.OrcSerde] and formatter : org.apache.hadoop.hive.ql.io.orc.OrcOutputFormat@1bec600a
2024-04-24T05:13:14,084  INFO [pool-71-thread-1] exec.FileSinkOperator: Final Path: FS file:/home/alex/Repositories/hive/ql/target/tmp/org.apache.hadoop.hive.ql.TestTxnCommands-1713960750541/warehouse/acidtbl
2024-04-24T05:13:14,084  INFO [pool-71-thread-1] exec.FileSinkOperator: New Final Path: FS file:/home/alex/Repositories/hive/ql/target/tmp/org.apache.hadoop.hive.ql.TestTxnCommands-1713960750541/warehouse/acidtbl
2024-04-24T05:13:14,084  INFO [pool-71-thread-1] common.FileUtils: Creating directory if it doesn't exist: file:/home/alex/Repositories/hive/ql/target/tmp/org.apache.hadoop.hive.ql.TestTxnCommands-1713960750541/warehouse
2024-04-24T05:13:14,085  INFO [pool-71-thread-1] exec.FileSinkOperator: FS[6]: records written - 1
2024-04-24T05:13:14,085  INFO [pool-71-thread-1] impl.PhysicalFsWriter: ORC writer created for path: file:/home/alex/Repositories/hive/ql/target/tmp/org.apache.hadoop.hive.ql.TestTxnCommands-1713960750541/warehouse/acidtbl/delta_0000001_0000001_0000/bucket_00001_0 with stripeSize: 8388608 blockSize: 268435456 compression: Compress: ZLIB buffer: 32768
2024-04-24T05:13:14,090  INFO [pool-71-thread-1] impl.WriterImpl: ORC writer created for path: file:/home/alex/Repositories/hive/ql/target/tmp/org.apache.hadoop.hive.ql.TestTxnCommands-1713960750541/warehouse/acidtbl/delta_0000001_0000001_0000/bucket_00001_0 with stripeSize: 8388608 options: Compress: ZLIB buffer: 32768
2024-04-24T05:13:14,090  INFO [pool-71-thread-1] exec.SelectOperator: Closing Operator: SEL[5]
2024-04-24T05:13:14,090  INFO [pool-71-thread-1] exec.SelectOperator: RECORDS_OUT_OPERATOR_SEL_5:2, RECORDS_OUT_INTERMEDIATE:0, 
2024-04-24T05:13:14,090  INFO [pool-71-thread-1] exec.FileSinkOperator: Closing Operator: FS[6]
2024-04-24T05:13:14,090  INFO [pool-71-thread-1] exec.FileSinkOperator: FS[6]: records written - 2
2024-04-24T05:13:14,092  INFO [pool-71-thread-1] FileOperations: Writing manifest to file:/home/alex/Repositories/hive/ql/target/tmp/org.apache.hadoop.hive.ql.TestTxnCommands-1713960750541/warehouse/acidtbl/_tmp.delta_0000001_0000001_0000/000001_0.manifest with [file:/home/alex/Repositories/hive/ql/target/tmp/org.apache.hadoop.hive.ql.TestTxnCommands-1713960750541/warehouse/acidtbl/delta_0000001_0000001_0000/bucket_00001_0]
2024-04-24T05:13:14,101  INFO [pool-71-thread-1] exec.FileSinkOperator: RECORDS_OUT_1_default.acidtbl:2, TOTAL_TABLE_ROWS_WRITTEN:2, RECORDS_OUT_INTERMEDIATE:0, RECORDS_OUT_OPERATOR_FS_6:2, 
2024-04-24T05:13:14,102  INFO [pool-71-thread-1] mapred.Task: Task:attempt_local893790647_0014_r_000001_0 is done. And is in the process of committing
2024-04-24T05:13:14,102  INFO [pool-71-thread-1] mapred.LocalJobRunner: reduce > reduce
2024-04-24T05:13:14,102  INFO [pool-71-thread-1] mapred.Task: Task 'attempt_local893790647_0014_r_000001_0' done.
2024-04-24T05:13:14,102  INFO [pool-71-thread-1] mapred.Task: Final Counters for attempt_local893790647_0014_r_000001_0: Counters: 30
	File System Counters
		FILE: Number of bytes read=351067
		FILE: Number of bytes written=17551886
		FILE: Number of read operations=0
		FILE: Number of large read operations=0
		FILE: Number of write operations=0
	Map-Reduce Framework
		Combine input records=0
		Combine output records=0
		Reduce input groups=2
		Reduce shuffle bytes=42
		Reduce input records=2
		Reduce output records=0
		Spilled Records=2
		Shuffled Maps =1
		Failed Shuffles=0
		Merged Map outputs=1
		GC time elapsed (ms)=0
		Total committed heap usage (bytes)=1101004800
	HIVE
		CREATED_FILES=1
		RECORDS_OUT_1_default.acidtbl=2
		RECORDS_OUT_INTERMEDIATE=0
		RECORDS_OUT_OPERATOR_FS_6=2
		RECORDS_OUT_OPERATOR_SEL_5=2
		TOTAL_TABLE_ROWS_WRITTEN=2
	Shuffle Errors
		BAD_ID=0
		CONNECTION=0
		IO_ERROR=0
		WRONG_LENGTH=0
		WRONG_MAP=0
		WRONG_REDUCE=0
	File Output Format Counters 
		Bytes Written=0
2024-04-24T05:13:14,102  INFO [pool-71-thread-1] mapred.LocalJobRunner: Finishing task: attempt_local893790647_0014_r_000001_0
2024-04-24T05:13:14,102  INFO [Thread-1141] mapred.LocalJobRunner: reduce task executor complete.
2024-04-24 05:13:14,985 Stage-1 map = 100%,  reduce = 100%
2024-04-24T05:13:14,985  INFO [main] exec.Task: 2024-04-24 05:13:14,985 Stage-1 map = 100%,  reduce = 100%
Ended Job = job_local893790647_0014
2024-04-24T05:13:14,986  INFO [main] exec.Task: Ended Job = job_local893790647_0014
2024-04-24T05:13:14,987  INFO [main] FileOperations: Found manifest file file:/home/alex/Repositories/hive/ql/target/tmp/org.apache.hadoop.hive.ql.TestTxnCommands-1713960750541/warehouse/acidtbl/_tmp.delta_0000001_0000001_0000/000001_0.manifest with attemptId 0.
2024-04-24T05:13:14,987  INFO [main] FileOperations: Found manifest file file:/home/alex/Repositories/hive/ql/target/tmp/org.apache.hadoop.hive.ql.TestTxnCommands-1713960750541/warehouse/acidtbl/_tmp.delta_0000001_0000001_0000/000000_0.manifest with attemptId 0.
2024-04-24T05:13:14,987  INFO [main] FileOperations: Looking at manifest file: file:/home/alex/Repositories/hive/ql/target/tmp/org.apache.hadoop.hive.ql.TestTxnCommands-1713960750541/warehouse/acidtbl/_tmp.delta_0000001_0000001_0000/000001_0.manifest
2024-04-24T05:13:14,987  INFO [main] FileOperations: Looking at manifest file: file:/home/alex/Repositories/hive/ql/target/tmp/org.apache.hadoop.hive.ql.TestTxnCommands-1713960750541/warehouse/acidtbl/_tmp.delta_0000001_0000001_0000/000000_0.manifest
2024-04-24T05:13:14,988  INFO [main] FileOperations: Deleting manifest directory file:/home/alex/Repositories/hive/ql/target/tmp/org.apache.hadoop.hive.ql.TestTxnCommands-1713960750541/warehouse/acidtbl/_tmp.delta_0000001_0000001_0000
2024-04-24T05:13:14,989  INFO [main] ql.Driver: Starting task [Stage-0:MOVE] in serial mode
Loading data to table default.acidtbl
2024-04-24T05:13:14,989  INFO [main] exec.Task: Loading data to table default.acidtbl from file:/home/alex/Repositories/hive/ql/target/tmp/org.apache.hadoop.hive.ql.TestTxnCommands-1713960750541/warehouse/acidtbl
2024-04-24T05:13:14,989  INFO [main] HiveMetaStore.audit: ugi=alex	ip=unknown-ip-addr	cmd=get_table : tbl=hive.default.acidtbl	
2024-04-24T05:13:14,998  INFO [main] metastore.HMSHandler: Skipping translation for processor with null
2024-04-24T05:13:14,998  INFO [main] HiveMetaStore.audit: ugi=alex	ip=unknown-ip-addr	cmd=get_table : tbl=hive.default.acidtbl	
2024-04-24T05:13:15,007  INFO [main] metastore.HMSHandler: Skipping translation for processor with null
2024-04-24T05:13:15,008  INFO [main] HiveMetaStore.audit: ugi=alex	ip=unknown-ip-addr	cmd=alter_table: hive.default.acidtbl newtbl=acidtbl	
2024-04-24T05:13:15,037  INFO [main] ql.Driver: Starting task [Stage-2:STATS] in serial mode
2024-04-24T05:13:15,037  INFO [main] HiveMetaStore.audit: ugi=alex	ip=unknown-ip-addr	cmd=get_table : tbl=hive.default.acidtbl	
2024-04-24T05:13:15,044  INFO [main] metastore.HMSHandler: Skipping translation for processor with null
2024-04-24T05:13:15,045  INFO [main] stats.BasicStatsTask: Executing stats task
2024-04-24T05:13:15,045  INFO [main] fs.FSStatsPublisher: created : file:/home/alex/Repositories/hive/ql/target/tmp/localscratchdir/845c637d-25d6-4d66-8c3b-356c17302ae5/hive_2024-04-24_05-13-13_529_4695614383797182411-1/-mr-10000
2024-04-24T05:13:15,046  INFO [main] HiveMetaStore.audit: ugi=alex	ip=unknown-ip-addr	cmd=get_table : tbl=hive.default.acidtbl	
2024-04-24T05:13:15,054  INFO [main] metastore.HMSHandler: Skipping translation for processor with null
2024-04-24T05:13:15,065  WARN [main] FileOperations: Computing stats for an ACID table; stats may be inaccurate
2024-04-24T05:13:15,065  INFO [main] FileOperations: Read stats for default.acidtbl/, numRows, true, 4, false: 
2024-04-24T05:13:15,065  INFO [main] FileOperations: Read stats for default.acidtbl/, rawDataSize, true, 0, false: 
2024-04-24T05:13:15,066  INFO [main] HiveMetaStore.audit: ugi=alex	ip=unknown-ip-addr	cmd=alter_table: hive.default.acidtbl newtbl=acidtbl	
2024-04-24T05:13:15,088  INFO [main] FileOperations: Read stats for default.acidtbl/, insertCount, true, 4, false: 
2024-04-24T05:13:15,088  INFO [main] FileOperations: Read stats for default.acidtbl/, updateCount, true, 0, false: 
2024-04-24T05:13:15,088  INFO [main] FileOperations: Read stats for default.acidtbl/, deleteCount, true, 0, false: 
2024-04-24T05:13:15,090  INFO [main] stats.BasicStatsTask: Table default.acidtbl stats: [numFiles=2, numRows=4, totalSize=1380, rawDataSize=0, numFilesErasureCoded=0]
2024-04-24T05:13:15,091  INFO [main] metadata.Hive: Dumping metastore api call timing information for : execution phase
2024-04-24T05:13:15,091  INFO [main] metadata.Hive: Total time spent in each metastore function (ms): {updateTransactionalStatistics_(UpdateTransactionalStatsRequest)=2, alter_table_(String, String, String, Table, EnvironmentContext, String)=51, getTable_(GetTableRequest)=34, isCompatibleWith_(Configuration)=0}
MapReduce Jobs Launched: 
2024-04-24T05:13:15,091  INFO [main] ql.Driver: MapReduce Jobs Launched: 
Stage-Stage-1:  HDFS Read: 0 HDFS Write: 0 SUCCESS
2024-04-24T05:13:15,091  INFO [main] ql.Driver: Stage-Stage-1:  HDFS Read: 0 HDFS Write: 0 SUCCESS
Total MapReduce CPU Time Spent: 0 msec
2024-04-24T05:13:15,091  INFO [main] ql.Driver: Total MapReduce CPU Time Spent: 0 msec
2024-04-24T05:13:15,091  INFO [main] ql.Driver: Completed executing command(queryId=alex_20240424051311_e534734b-7f03-4a96-a354-0e4452bc4563); Time taken: 1.407 seconds
2024-04-24T05:13:15,091  INFO [main] lockmgr.DbTxnManager: Stopped heartbeat for query: alex_20240424051311_e534734b-7f03-4a96-a354-0e4452bc4563
2024-04-24T05:13:15,100  INFO [main] txn.TxnHandler: Removed transactions: ([14]) from MIN_HISTORY_LEVEL
2024-04-24T05:13:15,101  WARN [main] txn.CompactionTxnHandler: No compaction queue record found for Compaction type transaction commit. txnId:14
2024-04-24T05:13:15,101  INFO [main] ql.TxnCommandsBaseForTests: Running the query: merge into acidTbl as t using nonAcidOrcTbl s ON t.a = s.a WHEN MATCHED AND s.a < 3 THEN update set b = 0 WHEN MATCHED and t.a > 3 and t.a < 5 THEN DELETE 
2024-04-24T05:13:15,102  INFO [main] ql.Context: Deleting scratch dir: file:/home/alex/Repositories/hive/ql/target/tmp/localscratchdir/845c637d-25d6-4d66-8c3b-356c17302ae5/hive_2024-04-24_05-13-13_529_4695614383797182411-1
2024-04-24T05:13:15,102  INFO [main] cleanup.SyncCleanupService: Deleted directory: file:/home/alex/Repositories/hive/ql/target/tmp/localscratchdir/845c637d-25d6-4d66-8c3b-356c17302ae5/hive_2024-04-24_05-13-13_529_4695614383797182411-1 on fs with scheme file
2024-04-24T05:13:15,102  INFO [main] ql.Driver: Compiling command(queryId=alex_20240424051311_e534734b-7f03-4a96-a354-0e4452bc4563): merge into acidTbl as t using nonAcidOrcTbl s ON t.a = s.a WHEN MATCHED AND s.a < 3 THEN update set b = 0 WHEN MATCHED and t.a > 3 and t.a < 5 THEN DELETE 
2024-04-24T05:13:15,105  INFO [main] txn.TxnHandler: Added entries to MIN_HISTORY_LEVEL for current txns: ([15]) with min_open_txn: 15
2024-04-24T05:13:15,105  INFO [main] lockmgr.DbTxnManager: Opened txnid:15
2024-04-24T05:13:15,106  INFO [main] parse.MergeSemanticAnalyzer: Starting caching scope for: alex_20240424051311_e534734b-7f03-4a96-a354-0e4452bc4563
2024-04-24T05:13:15,106  INFO [main] HiveMetaStore.audit: ugi=alex	ip=unknown-ip-addr	cmd=get_table : tbl=hive.default.acidTbl	
2024-04-24T05:13:15,113  INFO [main] metastore.HMSHandler: Skipping translation for processor with null
2024-04-24T05:13:15,113  INFO [main] parse.RewriteSemanticAnalyzer: Merge statement cardinality violation check is disabled: hive.merge.cardinality.check
2024-04-24T05:13:15,113  INFO [main] parse.RewriteSemanticAnalyzer: Going to reparse <merge into acidTbl as t using nonAcidOrcTbl s ON t.a = s.a WHEN MATCHED AND s.a < 3 THEN update set b = 0 WHEN MATCHED and t.a > 3 and t.a < 5 THEN DELETE > as 
<FROM
  `default`.`acidTbl` `t`
  INNER JOIN
  `default`.`nonAcidOrcTbl` `s`
  ON `t`.`a` = `s`.`a`
INSERT INTO `default`.`acidTbl`    -- update clause(insert part)
 SELECT `t`.`a`, 0
   WHERE `t`.`a` = `s`.`a` AND `s`.`a` < 3
INSERT INTO `default`.`acidTbl`    -- update clause (delete part)
 SELECT `t`.ROW__ID 
   WHERE `t`.`a` = `s`.`a` AND `s`.`a` < 3
 SORT BY `t`.ROW__ID 
INSERT INTO `default`.`acidTbl`    -- delete clause
 SELECT `t`.ROW__ID 
   WHERE `t`.`a` = `s`.`a` AND `t`.`a` > 3 and `t`.`a` < 5 AND NOT(`s`.`a` < 3)
 SORT BY `t`.ROW__ID 
>
2024-04-24T05:13:15,115  INFO [main] parse.MergeSemanticAnalyzer: Starting Semantic Analysis
2024-04-24T05:13:15,118  INFO [main] parse.MergeSemanticAnalyzer: Completed phase 1 of Semantic Analysis
2024-04-24T05:13:15,118  INFO [main] parse.MergeSemanticAnalyzer: Get metadata for source tables
2024-04-24T05:13:15,119  INFO [main] HiveMetaStore.audit: ugi=alex	ip=unknown-ip-addr	cmd=get_table : tbl=hive.default.acidtbl	
2024-04-24T05:13:15,124  INFO [main] metastore.ObjectStore: Removed COLUMN_STATS_ACCURATE from Table's parameters.
2024-04-24T05:13:15,126  INFO [main] metastore.HMSHandler: Skipping translation for processor with null
2024-04-24T05:13:15,127  INFO [main] HiveMetaStore.audit: ugi=alex	ip=unknown-ip-addr	cmd=get_table : tbl=hive.default.nonacidorctbl	
2024-04-24T05:13:15,136  INFO [main] metastore.HMSHandler: Skipping translation for processor with null
2024-04-24T05:13:15,136  INFO [main] parse.MergeSemanticAnalyzer: Get metadata for subqueries
2024-04-24T05:13:15,136  INFO [main] parse.MergeSemanticAnalyzer: Get metadata for destination tables
2024-04-24T05:13:15,136  INFO [main] parse.MergeSemanticAnalyzer: Completed getting MetaData in Semantic Analysis
2024-04-24T05:13:15,136  INFO [main] parse.MergeSemanticAnalyzer: Disabling LLAP IO encode as ETL query is detected
2024-04-24T05:13:15,137  INFO [main] parse.MergeSemanticAnalyzer: Get metadata for source tables
2024-04-24T05:13:15,138  INFO [main] parse.MergeSemanticAnalyzer: Get metadata for subqueries
2024-04-24T05:13:15,138  INFO [main] parse.MergeSemanticAnalyzer: Get metadata for destination tables
2024-04-24T05:13:15,150  INFO [main] HiveMetaStore.audit: ugi=alex	ip=unknown-ip-addr	cmd=get_all_table_constraints : tbl=hive.default.acidtbl	
2024-04-24T05:13:15,156  INFO [main] HiveMetaStore.audit: ugi=alex	ip=unknown-ip-addr	cmd=get_all_table_constraints : tbl=hive.default.nonacidorctbl	
2024-04-24T05:13:15,193  INFO [main] calcite.RelOptHiveTable: Calculating column statistics for default.acidtbl, projIndxSet: [0], allowMissingStats: true
2024-04-24T05:13:15,194  INFO [main] HiveMetaStore.audit: ugi=alex	ip=unknown-ip-addr	cmd=get_table : tbl=hive.default.acidtbl	
2024-04-24T05:13:15,203  INFO [main] metastore.HMSHandler: Skipping translation for processor with null
2024-04-24T05:13:15,203  INFO [main] HiveMetaStore.audit: ugi=alex	ip=unknown-ip-addr	cmd=get_table : tbl=hive.default.acidtbl	
2024-04-24T05:13:15,212  INFO [main] metastore.HMSHandler: Skipping translation for processor with null
2024-04-24T05:13:15,213  INFO [main] HiveMetaStore.audit: ugi=alex	ip=unknown-ip-addr	cmd=get_table_statistics_req: table=hive.default.acidtbl	
2024-04-24T05:13:15,223  WARN [main] calcite.RelOptHiveTable: No Stats for default@acidtbl, Columns: a
No Stats for default@acidtbl, Columns: a
2024-04-24T05:13:15,223  INFO [main] SessionState: No Stats for default@acidtbl, Columns: a
2024-04-24T05:13:15,224  INFO [main] calcite.RelOptHiveTable: Calculating column statistics for default.nonacidorctbl, projIndxSet: [0], allowMissingStats: true
2024-04-24T05:13:15,224  INFO [main] HiveMetaStore.audit: ugi=alex	ip=unknown-ip-addr	cmd=get_table : tbl=hive.default.nonacidorctbl	
2024-04-24T05:13:15,236  INFO [main] metastore.HMSHandler: Skipping translation for processor with null
2024-04-24T05:13:15,236  INFO [main] HiveMetaStore.audit: ugi=alex	ip=unknown-ip-addr	cmd=get_table : tbl=hive.default.nonacidorctbl	
2024-04-24T05:13:15,248  INFO [main] metastore.HMSHandler: Skipping translation for processor with null
2024-04-24T05:13:15,248  INFO [main] HiveMetaStore.audit: ugi=alex	ip=unknown-ip-addr	cmd=get_table_statistics_req: table=hive.default.nonacidorctbl	
2024-04-24T05:13:15,260  WARN [main] calcite.RelOptHiveTable: No Stats for default@nonacidorctbl, Columns: a
No Stats for default@nonacidorctbl, Columns: a
2024-04-24T05:13:15,260  INFO [main] SessionState: No Stats for default@nonacidorctbl, Columns: a
2024-04-24T05:13:15,450  INFO [main] parse.MergeSemanticAnalyzer: Get metadata for source tables
2024-04-24T05:13:15,450  INFO [main] parse.MergeSemanticAnalyzer: Get metadata for subqueries
2024-04-24T05:13:15,450  INFO [main] parse.MergeSemanticAnalyzer: Get metadata for source tables
2024-04-24T05:13:15,450  INFO [main] parse.MergeSemanticAnalyzer: Get metadata for subqueries
2024-04-24T05:13:15,450  INFO [main] parse.MergeSemanticAnalyzer: Get metadata for source tables
2024-04-24T05:13:15,450  INFO [main] parse.MergeSemanticAnalyzer: Get metadata for subqueries
2024-04-24T05:13:15,450  INFO [main] parse.MergeSemanticAnalyzer: Get metadata for destination tables
2024-04-24T05:13:15,450  INFO [main] parse.MergeSemanticAnalyzer: Get metadata for source tables
2024-04-24T05:13:15,450  INFO [main] parse.MergeSemanticAnalyzer: Get metadata for subqueries
2024-04-24T05:13:15,450  INFO [main] parse.MergeSemanticAnalyzer: Get metadata for destination tables
2024-04-24T05:13:15,450  INFO [main] parse.MergeSemanticAnalyzer: Get metadata for destination tables
2024-04-24T05:13:15,450  INFO [main] parse.MergeSemanticAnalyzer: Get metadata for destination tables
2024-04-24T05:13:15,458 ERROR [main] parse.MergeSemanticAnalyzer: CBO failed, skipping CBO. 
org.apache.hadoop.hive.ql.exec.NoMatchingMethodException: No matching method for class org.apache.hadoop.hive.ql.udf.UDFToInteger with (struct<writeid:bigint,bucketid:int,rowid:bigint>). Possible choices: _FUNC_(bigint)  _FUNC_(boolean)  _FUNC_(decimal(38,18))  _FUNC_(double)  _FUNC_(float)  _FUNC_(smallint)  _FUNC_(string)  _FUNC_(struct<writeid:bigint,rowid:int,bucketid:bigint>)  _FUNC_(timestamp)  _FUNC_(tinyint)  _FUNC_(void)  
	at org.apache.hadoop.hive.ql.exec.MethodUtils.getMethodInternal(MethodUtils.java:130) ~[classes/:?]
	at org.apache.hadoop.hive.ql.exec.MethodUtils.getMethodInternal(MethodUtils.java:60) ~[classes/:?]
	at org.apache.hadoop.hive.ql.exec.DefaultUDFMethodResolver.getEvalMethod(DefaultUDFMethodResolver.java:59) ~[classes/:?]
	at org.apache.hadoop.hive.ql.udf.TimestampCastRestrictorResolver.getEvalMethod(TimestampCastRestrictorResolver.java:68) ~[classes/:?]
	at org.apache.hadoop.hive.ql.udf.generic.GenericUDFBridge.initialize(GenericUDFBridge.java:168) ~[classes/:?]
	at org.apache.hadoop.hive.ql.udf.generic.GenericUDF.initializeAndFoldConstants(GenericUDF.java:149) ~[classes/:?]
	at org.apache.hadoop.hive.ql.plan.ExprNodeGenericFuncDesc.newInstance(ExprNodeGenericFuncDesc.java:235) ~[classes/:?]
	at org.apache.hadoop.hive.ql.parse.type.ExprNodeDescExprFactory.createFuncCallExpr(ExprNodeDescExprFactory.java:584) ~[classes/:?]
	at org.apache.hadoop.hive.ql.parse.type.ExprNodeDescExprFactory.createFuncCallExpr(ExprNodeDescExprFactory.java:97) ~[classes/:?]
	at org.apache.hadoop.hive.ql.parse.type.TypeCheckProcFactory$DefaultExprProcessor.getFuncExprNodeDescWithUdfData(TypeCheckProcFactory.java:762) ~[classes/:?]
	at org.apache.hadoop.hive.ql.parse.type.TypeCheckProcFactory$DefaultExprProcessor.createConversionCast(TypeCheckProcFactory.java:783) ~[classes/:?]
	at org.apache.hadoop.hive.ql.parse.SemanticAnalyzer.getPartitionColsFromBucketColsForUpdateDelete(SemanticAnalyzer.java:8725) ~[classes/:?]
	at org.apache.hadoop.hive.ql.parse.SemanticAnalyzer.genBucketingSortingDest(SemanticAnalyzer.java:6906) ~[classes/:?]
	at org.apache.hadoop.hive.ql.parse.SemanticAnalyzer.genFileSinkPlan(SemanticAnalyzer.java:7335) ~[classes/:?]
	at org.apache.hadoop.hive.ql.parse.SemanticAnalyzer.genPostGroupByBodyPlan(SemanticAnalyzer.java:11063) ~[classes/:?]
	at org.apache.hadoop.hive.ql.parse.SemanticAnalyzer.genBodyPlan(SemanticAnalyzer.java:10938) ~[classes/:?]
	at org.apache.hadoop.hive.ql.parse.SemanticAnalyzer.genPlan(SemanticAnalyzer.java:11853) ~[classes/:?]
	at org.apache.hadoop.hive.ql.parse.SemanticAnalyzer.genPlan(SemanticAnalyzer.java:11723) ~[classes/:?]
	at org.apache.hadoop.hive.ql.parse.CalcitePlanner.genOPTree(CalcitePlanner.java:626) ~[classes/:?]
	at org.apache.hadoop.hive.ql.parse.SemanticAnalyzer.analyzeInternal(SemanticAnalyzer.java:12558) ~[classes/:?]
	at org.apache.hadoop.hive.ql.parse.CalcitePlanner.analyzeInternal(CalcitePlanner.java:456) ~[classes/:?]
	at org.apache.hadoop.hive.ql.parse.RewriteSemanticAnalyzer.analyzeInternal(RewriteSemanticAnalyzer.java:67) ~[classes/:?]
	at org.apache.hadoop.hive.ql.parse.BaseSemanticAnalyzer.analyze(BaseSemanticAnalyzer.java:317) ~[classes/:?]
	at org.apache.hadoop.hive.ql.parse.MergeSemanticAnalyzer.analyzeMerge(MergeSemanticAnalyzer.java:317) ~[classes/:?]
	at org.apache.hadoop.hive.ql.parse.MergeSemanticAnalyzer.analyze(MergeSemanticAnalyzer.java:63) ~[classes/:?]
	at org.apache.hadoop.hive.ql.parse.RewriteSemanticAnalyzer.analyzeInternal(RewriteSemanticAnalyzer.java:72) ~[classes/:?]
	at org.apache.hadoop.hive.ql.parse.BaseSemanticAnalyzer.analyze(BaseSemanticAnalyzer.java:317) ~[classes/:?]
	at org.apache.hadoop.hive.ql.Compiler.analyze(Compiler.java:223) ~[classes/:?]
	at org.apache.hadoop.hive.ql.Compiler.compile(Compiler.java:105) ~[classes/:?]
	at org.apache.hadoop.hive.ql.Driver.compile(Driver.java:500) ~[classes/:?]
	at org.apache.hadoop.hive.ql.Driver.compileInternal(Driver.java:453) ~[classes/:?]
	at org.apache.hadoop.hive.ql.Driver.runInternal(Driver.java:181) ~[classes/:?]
	at org.apache.hadoop.hive.ql.Driver.run(Driver.java:153) ~[classes/:?]
	at org.apache.hadoop.hive.ql.Driver.run(Driver.java:140) ~[classes/:?]
	at org.apache.hadoop.hive.ql.TxnCommandsBaseForTests.runStatementOnDriver(TxnCommandsBaseForTests.java:245) ~[test-classes/:?]
	at org.apache.hadoop.hive.ql.TestTxnCommands.testMergeUpdateDeleteNoCardCheck(TestTxnCommands.java:1264) ~[test-classes/:?]
	at sun.reflect.NativeMethodAccessorImpl.invoke0(Native Method) ~[?:1.8.0_402]
	at sun.reflect.NativeMethodAccessorImpl.invoke(NativeMethodAccessorImpl.java:62) ~[?:1.8.0_402]
	at sun.reflect.DelegatingMethodAccessorImpl.invoke(DelegatingMethodAccessorImpl.java:43) ~[?:1.8.0_402]
	at java.lang.reflect.Method.invoke(Method.java:498) ~[?:1.8.0_402]
	at org.junit.runners.model.FrameworkMethod$1.runReflectiveCall(FrameworkMethod.java:59) ~[junit-4.13.jar:4.13]
	at org.junit.internal.runners.model.ReflectiveCallable.run(ReflectiveCallable.java:12) ~[junit-4.13.jar:4.13]
	at org.junit.runners.model.FrameworkMethod.invokeExplosively(FrameworkMethod.java:56) ~[junit-4.13.jar:4.13]
	at org.junit.internal.runners.statements.InvokeMethod.evaluate(InvokeMethod.java:17) ~[junit-4.13.jar:4.13]
	at org.junit.internal.runners.statements.RunBefores.evaluate(RunBefores.java:26) ~[junit-4.13.jar:4.13]
	at org.junit.internal.runners.statements.RunAfters.evaluate(RunAfters.java:27) ~[junit-4.13.jar:4.13]
	at org.junit.rules.TestWatcher$1.evaluate(TestWatcher.java:61) ~[junit-4.13.jar:4.13]
	at org.junit.runners.ParentRunner$3.evaluate(ParentRunner.java:306) ~[junit-4.13.jar:4.13]
	at org.junit.runners.BlockJUnit4ClassRunner$1.evaluate(BlockJUnit4ClassRunner.java:100) ~[junit-4.13.jar:4.13]
	at org.junit.runners.ParentRunner.runLeaf(ParentRunner.java:366) ~[junit-4.13.jar:4.13]
	at org.junit.runners.BlockJUnit4ClassRunner.runChild(BlockJUnit4ClassRunner.java:103) ~[junit-4.13.jar:4.13]
	at org.junit.runners.BlockJUnit4ClassRunner.runChild(BlockJUnit4ClassRunner.java:63) ~[junit-4.13.jar:4.13]
	at org.junit.runners.ParentRunner$4.run(ParentRunner.java:331) ~[junit-4.13.jar:4.13]
	at org.junit.runners.ParentRunner$1.schedule(ParentRunner.java:79) ~[junit-4.13.jar:4.13]
	at org.junit.runners.ParentRunner.runChildren(ParentRunner.java:329) ~[junit-4.13.jar:4.13]
	at org.junit.runners.ParentRunner.access$100(ParentRunner.java:66) ~[junit-4.13.jar:4.13]
	at org.junit.runners.ParentRunner$2.evaluate(ParentRunner.java:293) ~[junit-4.13.jar:4.13]
	at org.junit.runners.ParentRunner$3.evaluate(ParentRunner.java:306) ~[junit-4.13.jar:4.13]
	at org.junit.runners.ParentRunner.run(ParentRunner.java:413) ~[junit-4.13.jar:4.13]
	at org.junit.runner.JUnitCore.run(JUnitCore.java:137) ~[junit-4.13.jar:4.13]
	at org.junit.runner.JUnitCore.run(JUnitCore.java:115) ~[junit-4.13.jar:4.13]
	at org.junit.vintage.engine.execution.RunnerExecutor.execute(RunnerExecutor.java:43) ~[junit-vintage-engine-5.6.2.jar:5.6.2]
	at java.util.stream.ForEachOps$ForEachOp$OfRef.accept(ForEachOps.java:183) ~[?:1.8.0_402]
	at java.util.stream.ReferencePipeline$3$1.accept(ReferencePipeline.java:193) ~[?:1.8.0_402]
	at java.util.Iterator.forEachRemaining(Iterator.java:116) ~[?:1.8.0_402]
	at java.util.Spliterators$IteratorSpliterator.forEachRemaining(Spliterators.java:1801) ~[?:1.8.0_402]
	at java.util.stream.AbstractPipeline.copyInto(AbstractPipeline.java:482) ~[?:1.8.0_402]
	at java.util.stream.AbstractPipeline.wrapAndCopyInto(AbstractPipeline.java:472) ~[?:1.8.0_402]
	at java.util.stream.ForEachOps$ForEachOp.evaluateSequential(ForEachOps.java:150) ~[?:1.8.0_402]
	at java.util.stream.ForEachOps$ForEachOp$OfRef.evaluateSequential(ForEachOps.java:173) ~[?:1.8.0_402]
	at java.util.stream.AbstractPipeline.evaluate(AbstractPipeline.java:234) ~[?:1.8.0_402]
	at java.util.stream.ReferencePipeline.forEach(ReferencePipeline.java:485) ~[?:1.8.0_402]
	at org.junit.vintage.engine.VintageTestEngine.executeAllChildren(VintageTestEngine.java:82) ~[junit-vintage-engine-5.6.2.jar:5.6.2]
	at org.junit.vintage.engine.VintageTestEngine.execute(VintageTestEngine.java:73) ~[junit-vintage-engine-5.6.2.jar:5.6.2]
	at org.junit.platform.launcher.core.DefaultLauncher.execute(DefaultLauncher.java:248) ~[junit-platform-launcher-1.6.2.jar:1.6.2]
	at org.junit.platform.launcher.core.DefaultLauncher.lambda$execute$5(DefaultLauncher.java:211) ~[junit-platform-launcher-1.6.2.jar:1.6.2]
	at org.junit.platform.launcher.core.DefaultLauncher.withInterceptedStreams(DefaultLauncher.java:226) [junit-platform-launcher-1.6.2.jar:1.6.2]
	at org.junit.platform.launcher.core.DefaultLauncher.execute(DefaultLauncher.java:199) [junit-platform-launcher-1.6.2.jar:1.6.2]
	at org.junit.platform.launcher.core.DefaultLauncher.execute(DefaultLauncher.java:132) [junit-platform-launcher-1.6.2.jar:1.6.2]
	at org.apache.maven.surefire.junitplatform.JUnitPlatformProvider.invokeAllTests(JUnitPlatformProvider.java:154) [surefire-junit-platform-3.0.0-M4.jar:3.0.0-M4]
	at org.apache.maven.surefire.junitplatform.JUnitPlatformProvider.invoke(JUnitPlatformProvider.java:123) [surefire-junit-platform-3.0.0-M4.jar:3.0.0-M4]
	at org.apache.maven.surefire.booter.ForkedBooter.runSuitesInProcess(ForkedBooter.java:377) [surefire-booter-3.0.0-M4.jar:3.0.0-M4]
	at org.apache.maven.surefire.booter.ForkedBooter.execute(ForkedBooter.java:138) [surefire-booter-3.0.0-M4.jar:3.0.0-M4]
	at org.apache.maven.surefire.booter.ForkedBooter.run(ForkedBooter.java:465) [surefire-booter-3.0.0-M4.jar:3.0.0-M4]
	at org.apache.maven.surefire.booter.ForkedBooter.main(ForkedBooter.java:451) [surefire-booter-3.0.0-M4.jar:3.0.0-M4]
2024-04-24T05:13:15,459 ERROR [main] parse.MergeSemanticAnalyzer: CBO failed due to missing column stats (see previous errors), skipping CBO
2024-04-24T05:13:15,459  INFO [main] parse.MergeSemanticAnalyzer: Ending caching scope for: alex_20240424051311_e534734b-7f03-4a96-a354-0e4452bc4563
FAILED: NoMatchingMethodException No matching method for class org.apache.hadoop.hive.ql.udf.UDFToInteger with (struct<writeid:bigint,bucketid:int,rowid:bigint>). Possible choices: _FUNC_(bigint)  _FUNC_(boolean)  _FUNC_(decimal(38,18))  _FUNC_(double)  _FUNC_(float)  _FUNC_(smallint)  _FUNC_(string)  _FUNC_(struct<writeid:bigint,rowid:int,bucketid:bigint>)  _FUNC_(timestamp)  _FUNC_(tinyint)  _FUNC_(void)  
2024-04-24T05:13:15,459 ERROR [main] ql.Driver: FAILED: NoMatchingMethodException No matching method for class org.apache.hadoop.hive.ql.udf.UDFToInteger with (struct<writeid:bigint,bucketid:int,rowid:bigint>). Possible choices: _FUNC_(bigint)  _FUNC_(boolean)  _FUNC_(decimal(38,18))  _FUNC_(double)  _FUNC_(float)  _FUNC_(smallint)  _FUNC_(string)  _FUNC_(struct<writeid:bigint,rowid:int,bucketid:bigint>)  _FUNC_(timestamp)  _FUNC_(tinyint)  _FUNC_(void)  
org.apache.hadoop.hive.ql.exec.NoMatchingMethodException: No matching method for class org.apache.hadoop.hive.ql.udf.UDFToInteger with (struct<writeid:bigint,bucketid:int,rowid:bigint>). Possible choices: _FUNC_(bigint)  _FUNC_(boolean)  _FUNC_(decimal(38,18))  _FUNC_(double)  _FUNC_(float)  _FUNC_(smallint)  _FUNC_(string)  _FUNC_(struct<writeid:bigint,rowid:int,bucketid:bigint>)  _FUNC_(timestamp)  _FUNC_(tinyint)  _FUNC_(void)  
	at org.apache.hadoop.hive.ql.exec.MethodUtils.getMethodInternal(MethodUtils.java:130)
	at org.apache.hadoop.hive.ql.exec.MethodUtils.getMethodInternal(MethodUtils.java:60)
	at org.apache.hadoop.hive.ql.exec.DefaultUDFMethodResolver.getEvalMethod(DefaultUDFMethodResolver.java:59)
	at org.apache.hadoop.hive.ql.udf.TimestampCastRestrictorResolver.getEvalMethod(TimestampCastRestrictorResolver.java:68)
	at org.apache.hadoop.hive.ql.udf.generic.GenericUDFBridge.initialize(GenericUDFBridge.java:168)
	at org.apache.hadoop.hive.ql.udf.generic.GenericUDF.initializeAndFoldConstants(GenericUDF.java:149)
	at org.apache.hadoop.hive.ql.plan.ExprNodeGenericFuncDesc.newInstance(ExprNodeGenericFuncDesc.java:235)
	at org.apache.hadoop.hive.ql.parse.type.ExprNodeDescExprFactory.createFuncCallExpr(ExprNodeDescExprFactory.java:584)
	at org.apache.hadoop.hive.ql.parse.type.ExprNodeDescExprFactory.createFuncCallExpr(ExprNodeDescExprFactory.java:97)
	at org.apache.hadoop.hive.ql.parse.type.TypeCheckProcFactory$DefaultExprProcessor.getFuncExprNodeDescWithUdfData(TypeCheckProcFactory.java:762)
	at org.apache.hadoop.hive.ql.parse.type.TypeCheckProcFactory$DefaultExprProcessor.createConversionCast(TypeCheckProcFactory.java:783)
	at org.apache.hadoop.hive.ql.parse.SemanticAnalyzer.getPartitionColsFromBucketColsForUpdateDelete(SemanticAnalyzer.java:8725)
	at org.apache.hadoop.hive.ql.parse.SemanticAnalyzer.genBucketingSortingDest(SemanticAnalyzer.java:6906)
	at org.apache.hadoop.hive.ql.parse.SemanticAnalyzer.genFileSinkPlan(SemanticAnalyzer.java:7335)
	at org.apache.hadoop.hive.ql.parse.SemanticAnalyzer.genPostGroupByBodyPlan(SemanticAnalyzer.java:11063)
	at org.apache.hadoop.hive.ql.parse.SemanticAnalyzer.genBodyPlan(SemanticAnalyzer.java:10938)
	at org.apache.hadoop.hive.ql.parse.SemanticAnalyzer.genPlan(SemanticAnalyzer.java:11853)
	at org.apache.hadoop.hive.ql.parse.SemanticAnalyzer.genPlan(SemanticAnalyzer.java:11723)
	at org.apache.hadoop.hive.ql.parse.CalcitePlanner.genOPTree(CalcitePlanner.java:626)
	at org.apache.hadoop.hive.ql.parse.SemanticAnalyzer.analyzeInternal(SemanticAnalyzer.java:12558)
	at org.apache.hadoop.hive.ql.parse.CalcitePlanner.analyzeInternal(CalcitePlanner.java:456)
	at org.apache.hadoop.hive.ql.parse.RewriteSemanticAnalyzer.analyzeInternal(RewriteSemanticAnalyzer.java:67)
	at org.apache.hadoop.hive.ql.parse.BaseSemanticAnalyzer.analyze(BaseSemanticAnalyzer.java:317)
	at org.apache.hadoop.hive.ql.parse.MergeSemanticAnalyzer.analyzeMerge(MergeSemanticAnalyzer.java:317)
	at org.apache.hadoop.hive.ql.parse.MergeSemanticAnalyzer.analyze(MergeSemanticAnalyzer.java:63)
	at org.apache.hadoop.hive.ql.parse.RewriteSemanticAnalyzer.analyzeInternal(RewriteSemanticAnalyzer.java:72)
	at org.apache.hadoop.hive.ql.parse.BaseSemanticAnalyzer.analyze(BaseSemanticAnalyzer.java:317)
	at org.apache.hadoop.hive.ql.Compiler.analyze(Compiler.java:223)
	at org.apache.hadoop.hive.ql.Compiler.compile(Compiler.java:105)
	at org.apache.hadoop.hive.ql.Driver.compile(Driver.java:500)
	at org.apache.hadoop.hive.ql.Driver.compileInternal(Driver.java:453)
	at org.apache.hadoop.hive.ql.Driver.runInternal(Driver.java:181)
	at org.apache.hadoop.hive.ql.Driver.run(Driver.java:153)
	at org.apache.hadoop.hive.ql.Driver.run(Driver.java:140)
	at org.apache.hadoop.hive.ql.TxnCommandsBaseForTests.runStatementOnDriver(TxnCommandsBaseForTests.java:245)
	at org.apache.hadoop.hive.ql.TestTxnCommands.testMergeUpdateDeleteNoCardCheck(TestTxnCommands.java:1264)
	at sun.reflect.NativeMethodAccessorImpl.invoke0(Native Method)
	at sun.reflect.NativeMethodAccessorImpl.invoke(NativeMethodAccessorImpl.java:62)
	at sun.reflect.DelegatingMethodAccessorImpl.invoke(DelegatingMethodAccessorImpl.java:43)
	at java.lang.reflect.Method.invoke(Method.java:498)
	at org.junit.runners.model.FrameworkMethod$1.runReflectiveCall(FrameworkMethod.java:59)
	at org.junit.internal.runners.model.ReflectiveCallable.run(ReflectiveCallable.java:12)
	at org.junit.runners.model.FrameworkMethod.invokeExplosively(FrameworkMethod.java:56)
	at org.junit.internal.runners.statements.InvokeMethod.evaluate(InvokeMethod.java:17)
	at org.junit.internal.runners.statements.RunBefores.evaluate(RunBefores.java:26)
	at org.junit.internal.runners.statements.RunAfters.evaluate(RunAfters.java:27)
	at org.junit.rules.TestWatcher$1.evaluate(TestWatcher.java:61)
	at org.junit.runners.ParentRunner$3.evaluate(ParentRunner.java:306)
	at org.junit.runners.BlockJUnit4ClassRunner$1.evaluate(BlockJUnit4ClassRunner.java:100)
	at org.junit.runners.ParentRunner.runLeaf(ParentRunner.java:366)
	at org.junit.runners.BlockJUnit4ClassRunner.runChild(BlockJUnit4ClassRunner.java:103)
	at org.junit.runners.BlockJUnit4ClassRunner.runChild(BlockJUnit4ClassRunner.java:63)
	at org.junit.runners.ParentRunner$4.run(ParentRunner.java:331)
	at org.junit.runners.ParentRunner$1.schedule(ParentRunner.java:79)
	at org.junit.runners.ParentRunner.runChildren(ParentRunner.java:329)
	at org.junit.runners.ParentRunner.access$100(ParentRunner.java:66)
	at org.junit.runners.ParentRunner$2.evaluate(ParentRunner.java:293)
	at org.junit.runners.ParentRunner$3.evaluate(ParentRunner.java:306)
	at org.junit.runners.ParentRunner.run(ParentRunner.java:413)
	at org.junit.runner.JUnitCore.run(JUnitCore.java:137)
	at org.junit.runner.JUnitCore.run(JUnitCore.java:115)
	at org.junit.vintage.engine.execution.RunnerExecutor.execute(RunnerExecutor.java:43)
	at java.util.stream.ForEachOps$ForEachOp$OfRef.accept(ForEachOps.java:183)
	at java.util.stream.ReferencePipeline$3$1.accept(ReferencePipeline.java:193)
	at java.util.Iterator.forEachRemaining(Iterator.java:116)
	at java.util.Spliterators$IteratorSpliterator.forEachRemaining(Spliterators.java:1801)
	at java.util.stream.AbstractPipeline.copyInto(AbstractPipeline.java:482)
	at java.util.stream.AbstractPipeline.wrapAndCopyInto(AbstractPipeline.java:472)
	at java.util.stream.ForEachOps$ForEachOp.evaluateSequential(ForEachOps.java:150)
	at java.util.stream.ForEachOps$ForEachOp$OfRef.evaluateSequential(ForEachOps.java:173)
	at java.util.stream.AbstractPipeline.evaluate(AbstractPipeline.java:234)
	at java.util.stream.ReferencePipeline.forEach(ReferencePipeline.java:485)
	at org.junit.vintage.engine.VintageTestEngine.executeAllChildren(VintageTestEngine.java:82)
	at org.junit.vintage.engine.VintageTestEngine.execute(VintageTestEngine.java:73)
	at org.junit.platform.launcher.core.DefaultLauncher.execute(DefaultLauncher.java:248)
	at org.junit.platform.launcher.core.DefaultLauncher.lambda$execute$5(DefaultLauncher.java:211)
	at org.junit.platform.launcher.core.DefaultLauncher.withInterceptedStreams(DefaultLauncher.java:226)
	at org.junit.platform.launcher.core.DefaultLauncher.execute(DefaultLauncher.java:199)
	at org.junit.platform.launcher.core.DefaultLauncher.execute(DefaultLauncher.java:132)
	at org.apache.maven.surefire.junitplatform.JUnitPlatformProvider.invokeAllTests(JUnitPlatformProvider.java:154)
	at org.apache.maven.surefire.junitplatform.JUnitPlatformProvider.invoke(JUnitPlatformProvider.java:123)
	at org.apache.maven.surefire.booter.ForkedBooter.runSuitesInProcess(ForkedBooter.java:377)
	at org.apache.maven.surefire.booter.ForkedBooter.execute(ForkedBooter.java:138)
	at org.apache.maven.surefire.booter.ForkedBooter.run(ForkedBooter.java:465)
	at org.apache.maven.surefire.booter.ForkedBooter.main(ForkedBooter.java:451)

2024-04-24T05:13:15,460  INFO [main] metadata.Hive: Dumping metastore api call timing information for : compilation phase
2024-04-24T05:13:15,460  INFO [main] metadata.Hive: Total time spent in each metastore function (ms): {flushCache_()=0, commitTxn_(CommitTxnRequest)=9, isCompatibleWith_(Configuration)=1, getAllTableConstraints_(AllTableConstraintsRequest)=12, getValidWriteIds_(List, String)=5, getTable_(GetTableRequest)=23, getTableColumnStatistics_(String, String, List, String)=66, openTxn_(String, TxnType)=2, getValidTxns_(long)=1}
2024-04-24T05:13:15,460  INFO [main] ql.Driver: Completed compiling command(queryId=alex_20240424051311_e534734b-7f03-4a96-a354-0e4452bc4563); Time taken: 0.357 seconds
2024-04-24T05:13:15,460  INFO [main] lockmgr.DbTxnManager: Stopped heartbeat for query: alex_20240424051311_e534734b-7f03-4a96-a354-0e4452bc4563
2024-04-24T05:13:15,463  INFO [main] txn.TxnHandler: Removed transactions: ([15]) from MIN_HISTORY_LEVEL
2024-04-24T05:13:15,470  INFO [main] ql.TxnCommandsBaseForTests: Running the query: drop table if exists acidTbl
2024-04-24T05:13:15,470  INFO [main] ql.Context: Deleting scratch dir: file:/home/alex/Repositories/hive/ql/target/tmp/localscratchdir/845c637d-25d6-4d66-8c3b-356c17302ae5/hive_2024-04-24_05-13-15_113_2635649452769193906-1
2024-04-24T05:13:15,470  INFO [main] ql.Driver: Compiling command(queryId=alex_20240424051311_e534734b-7f03-4a96-a354-0e4452bc4563): drop table if exists acidTbl
2024-04-24T05:13:15,473  INFO [main] txn.TxnHandler: Added entries to MIN_HISTORY_LEVEL for current txns: ([16]) with min_open_txn: 15
2024-04-24T05:13:15,473  INFO [main] lockmgr.DbTxnManager: Opened txnid:16
2024-04-24T05:13:15,474  INFO [main] HiveMetaStore.audit: ugi=alex	ip=unknown-ip-addr	cmd=get_table : tbl=hive.default.acidTbl	
2024-04-24T05:13:15,481  INFO [main] metastore.HMSHandler: Skipping translation for processor with null
2024-04-24T05:13:15,481  INFO [main] ql.Driver: Semantic Analysis Completed (retrial = false)
2024-04-24T05:13:15,481  INFO [main] ql.Driver: Created Hive schema: Schema(fieldSchemas:null, properties:null)
2024-04-24T05:13:15,481  INFO [main] metadata.Hive: Dumping metastore api call timing information for : compilation phase
2024-04-24T05:13:15,481  INFO [main] metadata.Hive: Total time spent in each metastore function (ms): {openTxn_(String, TxnType)=2, flushCache_()=0, isCompatibleWith_(Configuration)=0, getTable_(GetTableRequest)=7, getValidTxns_(long)=1, rollbackTxn_(long)=10}
2024-04-24T05:13:15,481  INFO [main] ql.Driver: Completed compiling command(queryId=alex_20240424051311_e534734b-7f03-4a96-a354-0e4452bc4563); Time taken: 0.011 seconds
2024-04-24T05:13:15,481  INFO [main] lockmgr.DbTxnManager: Setting lock request transaction to txnid:16 for queryId=alex_20240424051311_e534734b-7f03-4a96-a354-0e4452bc4563
2024-04-24T05:13:15,482  INFO [main] lockmgr.DbLockManager: Requesting lock for queryId=alex_20240424051311_e534734b-7f03-4a96-a354-0e4452bc4563
2024-04-24T05:13:15,496  INFO [main] lockmgr.DbLockManager: Response to queryId=alex_20240424051311_e534734b-7f03-4a96-a354-0e4452bc4563 LockResponse(lockid:9, state:ACQUIRED)
2024-04-24T05:13:15,496  INFO [main] ql.Driver: Operation DROPTABLE obtained 1 locks
2024-04-24T05:13:15,496  INFO [main] ql.Driver: Executing command(queryId=alex_20240424051311_e534734b-7f03-4a96-a354-0e4452bc4563): drop table if exists acidTbl
2024-04-24T05:13:15,496  INFO [main] ql.Driver: Starting task [Stage-0:DDL] in serial mode
2024-04-24T05:13:15,496  INFO [main] HiveMetaStore.audit: ugi=alex	ip=unknown-ip-addr	cmd=get_table : tbl=hive.default.acidTbl	
2024-04-24T05:13:15,503  INFO [main] metastore.HMSHandler: Skipping translation for processor with null
2024-04-24T05:13:15,503  INFO [main] HiveMetaStore.audit: ugi=alex	ip=unknown-ip-addr	cmd=get_table : tbl=hive.default.acidTbl	
2024-04-24T05:13:15,509  INFO [main] metastore.HMSHandler: Skipping translation for processor with null
2024-04-24T05:13:15,510  INFO [main] HiveMetaStore.audit: ugi=alex	ip=unknown-ip-addr	cmd=drop_table : tbl=hive.default.acidTbl	
2024-04-24T05:13:15,641  INFO [main] metadata.Hive: Dumping metastore api call timing information for : execution phase
2024-04-24T05:13:15,642  INFO [main] metadata.Hive: Total time spent in each metastore function (ms): {dropTable_(String, String, boolean, boolean, boolean)=138, getTable_(GetTableRequest)=7, isCompatibleWith_(Configuration)=0}
2024-04-24T05:13:15,642  INFO [main] ql.Driver: Completed executing command(queryId=alex_20240424051311_e534734b-7f03-4a96-a354-0e4452bc4563); Time taken: 0.145 seconds
2024-04-24T05:13:15,642  INFO [main] lockmgr.DbTxnManager: Stopped heartbeat for query: alex_20240424051311_e534734b-7f03-4a96-a354-0e4452bc4563
2024-04-24T05:13:15,648  INFO [main] txn.TxnHandler: Expected to move at least one record from txn_components to completed_txn_components when committing txn! txnid:16
2024-04-24T05:13:15,658  INFO [main] txn.TxnHandler: Removed transactions: ([16]) from MIN_HISTORY_LEVEL
2024-04-24T05:13:15,660  WARN [main] txn.CompactionTxnHandler: No compaction queue record found for Compaction type transaction commit. txnId:16
2024-04-24T05:13:15,661  INFO [main] ql.TxnCommandsBaseForTests: Running the query: drop table if exists acidTblPart
2024-04-24T05:13:15,661  INFO [main] ql.Driver: Compiling command(queryId=alex_20240424051311_e534734b-7f03-4a96-a354-0e4452bc4563): drop table if exists acidTblPart
2024-04-24T05:13:15,674  INFO [main] txn.TxnHandler: Added entries to MIN_HISTORY_LEVEL for current txns: ([17]) with min_open_txn: 15
2024-04-24T05:13:15,674  INFO [main] lockmgr.DbTxnManager: Opened txnid:17
2024-04-24T05:13:15,676  INFO [main] HiveMetaStore.audit: ugi=alex	ip=unknown-ip-addr	cmd=get_table : tbl=hive.default.acidTblPart	
2024-04-24T05:13:15,691  INFO [main] metastore.HMSHandler: Skipping translation for processor with null
2024-04-24T05:13:15,691  INFO [main] ql.Driver: Semantic Analysis Completed (retrial = false)
2024-04-24T05:13:15,691  INFO [main] ql.Driver: Created Hive schema: Schema(fieldSchemas:null, properties:null)
2024-04-24T05:13:15,691  INFO [main] metadata.Hive: Dumping metastore api call timing information for : compilation phase
2024-04-24T05:13:15,691  INFO [main] metadata.Hive: Total time spent in each metastore function (ms): {getTable_(GetTableRequest)=15, openTxn_(String, TxnType)=12, getValidTxns_(long)=2, flushCache_()=0, commitTxn_(CommitTxnRequest)=19, isCompatibleWith_(Configuration)=0}
2024-04-24T05:13:15,691  INFO [main] ql.Driver: Completed compiling command(queryId=alex_20240424051311_e534734b-7f03-4a96-a354-0e4452bc4563); Time taken: 0.03 seconds
2024-04-24T05:13:15,691  INFO [main] lockmgr.DbTxnManager: Setting lock request transaction to txnid:17 for queryId=alex_20240424051311_e534734b-7f03-4a96-a354-0e4452bc4563
2024-04-24T05:13:15,692  INFO [main] lockmgr.DbLockManager: Requesting lock for queryId=alex_20240424051311_e534734b-7f03-4a96-a354-0e4452bc4563
2024-04-24T05:13:15,714  INFO [main] lockmgr.DbLockManager: Response to queryId=alex_20240424051311_e534734b-7f03-4a96-a354-0e4452bc4563 LockResponse(lockid:10, state:ACQUIRED)
2024-04-24T05:13:15,714  INFO [main] ql.Driver: Operation DROPTABLE obtained 1 locks
2024-04-24T05:13:15,714  INFO [main] ql.Driver: Executing command(queryId=alex_20240424051311_e534734b-7f03-4a96-a354-0e4452bc4563): drop table if exists acidTblPart
2024-04-24T05:13:15,714  INFO [main] ql.Driver: Starting task [Stage-0:DDL] in serial mode
2024-04-24T05:13:15,714  INFO [main] HiveMetaStore.audit: ugi=alex	ip=unknown-ip-addr	cmd=get_table : tbl=hive.default.acidTblPart	
2024-04-24T05:13:15,723  INFO [main] metastore.HMSHandler: Skipping translation for processor with null
2024-04-24T05:13:15,723  INFO [main] HiveMetaStore.audit: ugi=alex	ip=unknown-ip-addr	cmd=get_table : tbl=hive.default.acidTblPart	
2024-04-24T05:13:15,731  INFO [main] metastore.HMSHandler: Skipping translation for processor with null
2024-04-24T05:13:15,731  INFO [main] HiveMetaStore.audit: ugi=alex	ip=unknown-ip-addr	cmd=drop_table : tbl=hive.default.acidTblPart	
2024-04-24T05:13:15,784  INFO [main] metadata.Hive: Dumping metastore api call timing information for : execution phase
2024-04-24T05:13:15,784  INFO [main] metadata.Hive: Total time spent in each metastore function (ms): {dropTable_(String, String, boolean, boolean, boolean)=61, getTable_(GetTableRequest)=9, isCompatibleWith_(Configuration)=0}
2024-04-24T05:13:15,785  INFO [main] ql.Driver: Completed executing command(queryId=alex_20240424051311_e534734b-7f03-4a96-a354-0e4452bc4563); Time taken: 0.07 seconds
2024-04-24T05:13:15,785  INFO [main] lockmgr.DbTxnManager: Stopped heartbeat for query: alex_20240424051311_e534734b-7f03-4a96-a354-0e4452bc4563
2024-04-24T05:13:15,789  INFO [main] txn.TxnHandler: Expected to move at least one record from txn_components to completed_txn_components when committing txn! txnid:17
2024-04-24T05:13:15,795  INFO [main] txn.TxnHandler: Removed transactions: ([17]) from MIN_HISTORY_LEVEL
2024-04-24T05:13:15,795  WARN [main] txn.CompactionTxnHandler: No compaction queue record found for Compaction type transaction commit. txnId:17
2024-04-24T05:13:15,796  INFO [main] ql.TxnCommandsBaseForTests: Running the query: drop table if exists acidTbl2
2024-04-24T05:13:15,797  INFO [main] ql.Driver: Compiling command(queryId=alex_20240424051311_e534734b-7f03-4a96-a354-0e4452bc4563): drop table if exists acidTbl2
2024-04-24T05:13:15,799  INFO [main] txn.TxnHandler: Added entries to MIN_HISTORY_LEVEL for current txns: ([18]) with min_open_txn: 15
2024-04-24T05:13:15,799  INFO [main] lockmgr.DbTxnManager: Opened txnid:18
2024-04-24T05:13:15,800  INFO [main] ql.Driver: Semantic Analysis Completed (retrial = false)
2024-04-24T05:13:15,800  INFO [main] ql.Driver: Created Hive schema: Schema(fieldSchemas:null, properties:null)
2024-04-24T05:13:15,800  INFO [main] metadata.Hive: Dumping metastore api call timing information for : compilation phase
2024-04-24T05:13:15,800  INFO [main] metadata.Hive: Total time spent in each metastore function (ms): {flushCache_()=0, openTxn_(String, TxnType)=2, commitTxn_(CommitTxnRequest)=11, getValidTxns_(long)=0, getTable_(GetTableRequest)=1, isCompatibleWith_(Configuration)=0}
2024-04-24T05:13:15,800  INFO [main] ql.Driver: Completed compiling command(queryId=alex_20240424051311_e534734b-7f03-4a96-a354-0e4452bc4563); Time taken: 0.003 seconds
2024-04-24T05:13:15,800  INFO [main] lockmgr.DbTxnManager: Setting lock request transaction to txnid:18 for queryId=alex_20240424051311_e534734b-7f03-4a96-a354-0e4452bc4563
2024-04-24T05:13:15,800  INFO [main] ql.Driver: Operation DROPTABLE obtained 0 locks
2024-04-24T05:13:15,800  INFO [main] ql.Driver: Executing command(queryId=alex_20240424051311_e534734b-7f03-4a96-a354-0e4452bc4563): drop table if exists acidTbl2
2024-04-24T05:13:15,801  INFO [main] ql.Driver: Starting task [Stage-0:DDL] in serial mode
2024-04-24T05:13:15,801  INFO [main] metadata.SessionHiveMetaStoreClient: Column stats doesn't exist for db=default temp table=acidTbl2
2024-04-24T05:13:15,802  INFO [main] metadata.Hive: Dumping metastore api call timing information for : execution phase
2024-04-24T05:13:15,802  INFO [main] metadata.Hive: Total time spent in each metastore function (ms): {dropTable_(String, String, boolean, boolean, boolean)=0, getTable_(GetTableRequest)=0, isCompatibleWith_(Configuration)=0}
2024-04-24T05:13:15,802  INFO [main] ql.Driver: Completed executing command(queryId=alex_20240424051311_e534734b-7f03-4a96-a354-0e4452bc4563); Time taken: 0.002 seconds
2024-04-24T05:13:15,802  INFO [main] lockmgr.DbTxnManager: Stopped heartbeat for query: alex_20240424051311_e534734b-7f03-4a96-a354-0e4452bc4563
2024-04-24T05:13:15,807  INFO [main] txn.TxnHandler: Expected to move at least one record from txn_components to completed_txn_components when committing txn! txnid:18
2024-04-24T05:13:15,813  INFO [main] txn.TxnHandler: Removed transactions: ([18]) from MIN_HISTORY_LEVEL
2024-04-24T05:13:15,813  WARN [main] txn.CompactionTxnHandler: No compaction queue record found for Compaction type transaction commit. txnId:18
2024-04-24T05:13:15,813  INFO [main] ql.TxnCommandsBaseForTests: Running the query: drop table if exists nonAcidOrcTbl
2024-04-24T05:13:15,814  INFO [main] ql.Driver: Compiling command(queryId=alex_20240424051311_e534734b-7f03-4a96-a354-0e4452bc4563): drop table if exists nonAcidOrcTbl
2024-04-24T05:13:15,816  INFO [main] txn.TxnHandler: Added entries to MIN_HISTORY_LEVEL for current txns: ([19]) with min_open_txn: 15
2024-04-24T05:13:15,816  INFO [main] lockmgr.DbTxnManager: Opened txnid:19
2024-04-24T05:13:15,817  INFO [main] HiveMetaStore.audit: ugi=alex	ip=unknown-ip-addr	cmd=get_table : tbl=hive.default.nonAcidOrcTbl	
2024-04-24T05:13:15,844  INFO [main] metastore.HMSHandler: Skipping translation for processor with null
2024-04-24T05:13:15,844  INFO [main] ql.Driver: Semantic Analysis Completed (retrial = false)
2024-04-24T05:13:15,845  INFO [main] ql.Driver: Created Hive schema: Schema(fieldSchemas:null, properties:null)
2024-04-24T05:13:15,845  INFO [main] metadata.Hive: Dumping metastore api call timing information for : compilation phase
2024-04-24T05:13:15,845  INFO [main] metadata.Hive: Total time spent in each metastore function (ms): {isCompatibleWith_(Configuration)=1, getValidTxns_(long)=0, openTxn_(String, TxnType)=2, commitTxn_(CommitTxnRequest)=11, flushCache_()=0, getTable_(GetTableRequest)=27}
2024-04-24T05:13:15,845  INFO [main] ql.Driver: Completed compiling command(queryId=alex_20240424051311_e534734b-7f03-4a96-a354-0e4452bc4563); Time taken: 0.031 seconds
2024-04-24T05:13:15,845  INFO [main] lockmgr.DbTxnManager: Setting lock request transaction to txnid:19 for queryId=alex_20240424051311_e534734b-7f03-4a96-a354-0e4452bc4563
2024-04-24T05:13:15,846  INFO [main] lockmgr.DbLockManager: Requesting lock for queryId=alex_20240424051311_e534734b-7f03-4a96-a354-0e4452bc4563
2024-04-24T05:13:15,860  INFO [main] lockmgr.DbLockManager: Response to queryId=alex_20240424051311_e534734b-7f03-4a96-a354-0e4452bc4563 LockResponse(lockid:11, state:ACQUIRED)
2024-04-24T05:13:15,860  INFO [main] ql.Driver: Operation DROPTABLE obtained 1 locks
2024-04-24T05:13:15,861  INFO [main] ql.Driver: Executing command(queryId=alex_20240424051311_e534734b-7f03-4a96-a354-0e4452bc4563): drop table if exists nonAcidOrcTbl
2024-04-24T05:13:15,861  INFO [main] ql.Driver: Starting task [Stage-0:DDL] in serial mode
2024-04-24T05:13:15,861  INFO [main] HiveMetaStore.audit: ugi=alex	ip=unknown-ip-addr	cmd=get_table : tbl=hive.default.nonAcidOrcTbl	
2024-04-24T05:13:15,878  INFO [main] metastore.HMSHandler: Skipping translation for processor with null
2024-04-24T05:13:15,878  INFO [main] HiveMetaStore.audit: ugi=alex	ip=unknown-ip-addr	cmd=get_table : tbl=hive.default.nonAcidOrcTbl	
2024-04-24T05:13:15,888  INFO [main] metastore.HMSHandler: Skipping translation for processor with null
2024-04-24T05:13:15,888  INFO [main] HiveMetaStore.audit: ugi=alex	ip=unknown-ip-addr	cmd=drop_table : tbl=hive.default.nonAcidOrcTbl	
2024-04-24T05:13:15,954  INFO [main] metadata.Hive: Dumping metastore api call timing information for : execution phase
2024-04-24T05:13:15,954  INFO [main] metadata.Hive: Total time spent in each metastore function (ms): {getTable_(GetTableRequest)=17, dropTable_(String, String, boolean, boolean, boolean)=76, isCompatibleWith_(Configuration)=0}
2024-04-24T05:13:15,954  INFO [main] ql.Driver: Completed executing command(queryId=alex_20240424051311_e534734b-7f03-4a96-a354-0e4452bc4563); Time taken: 0.094 seconds
2024-04-24T05:13:15,954  INFO [main] lockmgr.DbTxnManager: Stopped heartbeat for query: alex_20240424051311_e534734b-7f03-4a96-a354-0e4452bc4563
2024-04-24T05:13:15,958  INFO [main] txn.TxnHandler: Expected to move at least one record from txn_components to completed_txn_components when committing txn! txnid:19
2024-04-24T05:13:15,965  INFO [main] txn.TxnHandler: Removed transactions: ([19]) from MIN_HISTORY_LEVEL
2024-04-24T05:13:15,965  WARN [main] txn.CompactionTxnHandler: No compaction queue record found for Compaction type transaction commit. txnId:19
2024-04-24T05:13:15,966  INFO [main] ql.TxnCommandsBaseForTests: Running the query: drop table if exists nonAcidOrcTbl2
2024-04-24T05:13:15,966  INFO [main] ql.Driver: Compiling command(queryId=alex_20240424051311_e534734b-7f03-4a96-a354-0e4452bc4563): drop table if exists nonAcidOrcTbl2
2024-04-24T05:13:15,968  INFO [main] txn.TxnHandler: Added entries to MIN_HISTORY_LEVEL for current txns: ([20]) with min_open_txn: 15
2024-04-24T05:13:15,969  INFO [main] lockmgr.DbTxnManager: Opened txnid:20
2024-04-24T05:13:15,969  INFO [main] HiveMetaStore.audit: ugi=alex	ip=unknown-ip-addr	cmd=get_table : tbl=hive.default.nonAcidOrcTbl2	
2024-04-24T05:13:15,978  INFO [main] metastore.HMSHandler: Skipping translation for processor with null
2024-04-24T05:13:15,978  INFO [main] ql.Driver: Semantic Analysis Completed (retrial = false)
2024-04-24T05:13:15,978  INFO [main] ql.Driver: Created Hive schema: Schema(fieldSchemas:null, properties:null)
2024-04-24T05:13:15,979  INFO [main] metadata.Hive: Dumping metastore api call timing information for : compilation phase
2024-04-24T05:13:15,979  INFO [main] metadata.Hive: Total time spent in each metastore function (ms): {getTable_(GetTableRequest)=9, openTxn_(String, TxnType)=2, getValidTxns_(long)=0, isCompatibleWith_(Configuration)=1, flushCache_()=0, commitTxn_(CommitTxnRequest)=11}
2024-04-24T05:13:15,979  INFO [main] ql.Driver: Completed compiling command(queryId=alex_20240424051311_e534734b-7f03-4a96-a354-0e4452bc4563); Time taken: 0.013 seconds
2024-04-24T05:13:15,979  INFO [main] lockmgr.DbTxnManager: Setting lock request transaction to txnid:20 for queryId=alex_20240424051311_e534734b-7f03-4a96-a354-0e4452bc4563
2024-04-24T05:13:15,980  INFO [main] lockmgr.DbLockManager: Requesting lock for queryId=alex_20240424051311_e534734b-7f03-4a96-a354-0e4452bc4563
2024-04-24T05:13:15,994  INFO [main] lockmgr.DbLockManager: Response to queryId=alex_20240424051311_e534734b-7f03-4a96-a354-0e4452bc4563 LockResponse(lockid:12, state:ACQUIRED)
2024-04-24T05:13:15,994  INFO [main] ql.Driver: Operation DROPTABLE obtained 1 locks
2024-04-24T05:13:15,994  INFO [main] ql.Driver: Executing command(queryId=alex_20240424051311_e534734b-7f03-4a96-a354-0e4452bc4563): drop table if exists nonAcidOrcTbl2
2024-04-24T05:13:15,994  INFO [main] ql.Driver: Starting task [Stage-0:DDL] in serial mode
2024-04-24T05:13:15,994  INFO [main] HiveMetaStore.audit: ugi=alex	ip=unknown-ip-addr	cmd=get_table : tbl=hive.default.nonAcidOrcTbl2	
2024-04-24T05:13:16,003  INFO [main] metastore.HMSHandler: Skipping translation for processor with null
2024-04-24T05:13:16,004  INFO [main] HiveMetaStore.audit: ugi=alex	ip=unknown-ip-addr	cmd=get_table : tbl=hive.default.nonAcidOrcTbl2	
2024-04-24T05:13:16,012  INFO [main] metastore.HMSHandler: Skipping translation for processor with null
2024-04-24T05:13:16,012  INFO [main] HiveMetaStore.audit: ugi=alex	ip=unknown-ip-addr	cmd=drop_table : tbl=hive.default.nonAcidOrcTbl2	
2024-04-24T05:13:16,046  INFO [main] metadata.Hive: Dumping metastore api call timing information for : execution phase
2024-04-24T05:13:16,047  INFO [main] metadata.Hive: Total time spent in each metastore function (ms): {dropTable_(String, String, boolean, boolean, boolean)=43, getTable_(GetTableRequest)=9, isCompatibleWith_(Configuration)=0}
2024-04-24T05:13:16,047  INFO [main] ql.Driver: Completed executing command(queryId=alex_20240424051311_e534734b-7f03-4a96-a354-0e4452bc4563); Time taken: 0.052 seconds
2024-04-24T05:13:16,047  INFO [main] lockmgr.DbTxnManager: Stopped heartbeat for query: alex_20240424051311_e534734b-7f03-4a96-a354-0e4452bc4563
2024-04-24T05:13:16,051  INFO [main] txn.TxnHandler: Expected to move at least one record from txn_components to completed_txn_components when committing txn! txnid:20
2024-04-24T05:13:16,057  INFO [main] txn.TxnHandler: Removed transactions: ([20]) from MIN_HISTORY_LEVEL
2024-04-24T05:13:16,057  WARN [main] txn.CompactionTxnHandler: No compaction queue record found for Compaction type transaction commit. txnId:20
2024-04-24T05:13:16,058  INFO [main] ql.TxnCommandsBaseForTests: Running the query: drop table if exists nonAcidNonBucket
2024-04-24T05:13:16,058  INFO [main] ql.Driver: Compiling command(queryId=alex_20240424051311_e534734b-7f03-4a96-a354-0e4452bc4563): drop table if exists nonAcidNonBucket
2024-04-24T05:13:16,060  INFO [main] txn.TxnHandler: Added entries to MIN_HISTORY_LEVEL for current txns: ([21]) with min_open_txn: 15
2024-04-24T05:13:16,061  INFO [main] lockmgr.DbTxnManager: Opened txnid:21
2024-04-24T05:13:16,061  INFO [main] HiveMetaStore.audit: ugi=alex	ip=unknown-ip-addr	cmd=get_table : tbl=hive.default.nonAcidNonBucket	
2024-04-24T05:13:16,070  INFO [main] metastore.HMSHandler: Skipping translation for processor with null
2024-04-24T05:13:16,071  INFO [main] ql.Driver: Semantic Analysis Completed (retrial = false)
2024-04-24T05:13:16,071  INFO [main] ql.Driver: Created Hive schema: Schema(fieldSchemas:null, properties:null)
2024-04-24T05:13:16,071  INFO [main] metadata.Hive: Dumping metastore api call timing information for : compilation phase
2024-04-24T05:13:16,071  INFO [main] metadata.Hive: Total time spent in each metastore function (ms): {openTxn_(String, TxnType)=3, isCompatibleWith_(Configuration)=0, flushCache_()=0, getValidTxns_(long)=0, getTable_(GetTableRequest)=10, commitTxn_(CommitTxnRequest)=10}
2024-04-24T05:13:16,071  INFO [main] ql.Driver: Completed compiling command(queryId=alex_20240424051311_e534734b-7f03-4a96-a354-0e4452bc4563); Time taken: 0.013 seconds
2024-04-24T05:13:16,071  INFO [main] lockmgr.DbTxnManager: Setting lock request transaction to txnid:21 for queryId=alex_20240424051311_e534734b-7f03-4a96-a354-0e4452bc4563
2024-04-24T05:13:16,072  INFO [main] lockmgr.DbLockManager: Requesting lock for queryId=alex_20240424051311_e534734b-7f03-4a96-a354-0e4452bc4563
2024-04-24T05:13:16,086  INFO [main] lockmgr.DbLockManager: Response to queryId=alex_20240424051311_e534734b-7f03-4a96-a354-0e4452bc4563 LockResponse(lockid:13, state:ACQUIRED)
2024-04-24T05:13:16,086  INFO [main] ql.Driver: Operation DROPTABLE obtained 1 locks
2024-04-24T05:13:16,086  INFO [main] ql.Driver: Executing command(queryId=alex_20240424051311_e534734b-7f03-4a96-a354-0e4452bc4563): drop table if exists nonAcidNonBucket
2024-04-24T05:13:16,086  INFO [main] ql.Driver: Starting task [Stage-0:DDL] in serial mode
2024-04-24T05:13:16,087  INFO [main] HiveMetaStore.audit: ugi=alex	ip=unknown-ip-addr	cmd=get_table : tbl=hive.default.nonAcidNonBucket	
2024-04-24T05:13:16,096  INFO [main] metastore.HMSHandler: Skipping translation for processor with null
2024-04-24T05:13:16,096  INFO [main] HiveMetaStore.audit: ugi=alex	ip=unknown-ip-addr	cmd=get_table : tbl=hive.default.nonAcidNonBucket	
2024-04-24T05:13:16,105  INFO [main] metastore.HMSHandler: Skipping translation for processor with null
2024-04-24T05:13:16,105  INFO [main] HiveMetaStore.audit: ugi=alex	ip=unknown-ip-addr	cmd=drop_table : tbl=hive.default.nonAcidNonBucket	
2024-04-24T05:13:16,139  INFO [main] metadata.Hive: Dumping metastore api call timing information for : execution phase
2024-04-24T05:13:16,139  INFO [main] metadata.Hive: Total time spent in each metastore function (ms): {getTable_(GetTableRequest)=9, dropTable_(String, String, boolean, boolean, boolean)=43, isCompatibleWith_(Configuration)=0}
2024-04-24T05:13:16,139  INFO [main] ql.Driver: Completed executing command(queryId=alex_20240424051311_e534734b-7f03-4a96-a354-0e4452bc4563); Time taken: 0.053 seconds
2024-04-24T05:13:16,140  INFO [main] lockmgr.DbTxnManager: Stopped heartbeat for query: alex_20240424051311_e534734b-7f03-4a96-a354-0e4452bc4563
2024-04-24T05:13:16,144  INFO [main] txn.TxnHandler: Expected to move at least one record from txn_components to completed_txn_components when committing txn! txnid:21
2024-04-24T05:13:16,150  INFO [main] txn.TxnHandler: Removed transactions: ([21]) from MIN_HISTORY_LEVEL
2024-04-24T05:13:16,150  WARN [main] txn.CompactionTxnHandler: No compaction queue record found for Compaction type transaction commit. txnId:21
2024-04-24T05:13:16,150  INFO [main] utils.TestTxnDbUtil: Cleaning transactional tables
]]></system-err>
  </testcase>
  <testcase name="testNonAcidToAcidConversion01" classname="org.apache.hadoop.hive.ql.TestTxnCommandsWithSplitUpdateAndVectorization" time="14.93"/>
  <testcase name="testMoreBucketsThanReducers2" classname="org.apache.hadoop.hive.ql.TestTxnCommandsWithSplitUpdateAndVectorization" time="0">
    <skipped message="Moved to Tez"/>
  </testcase>
  <testcase name="testMergeDeleteUpdate" classname="org.apache.hadoop.hive.ql.TestTxnCommandsWithSplitUpdateAndVectorization" time="5.003">
    <error type="java.lang.RuntimeException"><![CDATA[java.lang.RuntimeException: merge into acidTbl as t using nonAcidOrcTbl s ON t.a = s.a WHEN MATCHED and s.a < 5 THEN DELETE WHEN MATCHED AND s.a < 3 THEN update set b = 0 WHEN NOT MATCHED THEN INSERT VALUES(s.a, s.b)  failed: (responseCode = 40000, errorMessage = FAILED: NoMatchingMethodException No matching method for class org.apache.hadoop.hive.ql.udf.UDFToInteger with (struct<writeid:bigint,bucketid:int,rowid:bigint>). Possible choices: _FUNC_(bigint)  _FUNC_(boolean)  _FUNC_(decimal(38,18))  _FUNC_(double)  _FUNC_(float)  _FUNC_(smallint)  _FUNC_(string)  _FUNC_(struct<writeid:bigint,rowid:int,bucketid:bigint>)  _FUNC_(timestamp)  _FUNC_(tinyint)  _FUNC_(void)  , hiveErrorCode = 40000, SQLState = 42000, exception = No matching method for class org.apache.hadoop.hive.ql.udf.UDFToInteger with (struct<writeid:bigint,bucketid:int,rowid:bigint>). Possible choices: _FUNC_(bigint)  _FUNC_(boolean)  _FUNC_(decimal(38,18))  _FUNC_(double)  _FUNC_(float)  _FUNC_(smallint)  _FUNC_(string)  _FUNC_(struct<writeid:bigint,rowid:int,bucketid:bigint>)  _FUNC_(timestamp)  _FUNC_(tinyint)  _FUNC_(void)  )
	at org.apache.hadoop.hive.ql.TxnCommandsBaseForTests.runStatementOnDriver(TxnCommandsBaseForTests.java:247)
	at org.apache.hadoop.hive.ql.TestTxnCommands.testMergeDeleteUpdate(TestTxnCommands.java:1281)
	at sun.reflect.NativeMethodAccessorImpl.invoke0(Native Method)
	at sun.reflect.NativeMethodAccessorImpl.invoke(NativeMethodAccessorImpl.java:62)
	at sun.reflect.DelegatingMethodAccessorImpl.invoke(DelegatingMethodAccessorImpl.java:43)
	at java.lang.reflect.Method.invoke(Method.java:498)
	at org.junit.runners.model.FrameworkMethod$1.runReflectiveCall(FrameworkMethod.java:59)
	at org.junit.internal.runners.model.ReflectiveCallable.run(ReflectiveCallable.java:12)
	at org.junit.runners.model.FrameworkMethod.invokeExplosively(FrameworkMethod.java:56)
	at org.junit.internal.runners.statements.InvokeMethod.evaluate(InvokeMethod.java:17)
	at org.junit.internal.runners.statements.RunBefores.evaluate(RunBefores.java:26)
	at org.junit.internal.runners.statements.RunAfters.evaluate(RunAfters.java:27)
	at org.junit.rules.TestWatcher$1.evaluate(TestWatcher.java:61)
	at org.junit.runners.ParentRunner$3.evaluate(ParentRunner.java:306)
	at org.junit.runners.BlockJUnit4ClassRunner$1.evaluate(BlockJUnit4ClassRunner.java:100)
	at org.junit.runners.ParentRunner.runLeaf(ParentRunner.java:366)
	at org.junit.runners.BlockJUnit4ClassRunner.runChild(BlockJUnit4ClassRunner.java:103)
	at org.junit.runners.BlockJUnit4ClassRunner.runChild(BlockJUnit4ClassRunner.java:63)
	at org.junit.runners.ParentRunner$4.run(ParentRunner.java:331)
	at org.junit.runners.ParentRunner$1.schedule(ParentRunner.java:79)
	at org.junit.runners.ParentRunner.runChildren(ParentRunner.java:329)
	at org.junit.runners.ParentRunner.access$100(ParentRunner.java:66)
	at org.junit.runners.ParentRunner$2.evaluate(ParentRunner.java:293)
	at org.junit.runners.ParentRunner$3.evaluate(ParentRunner.java:306)
	at org.junit.runners.ParentRunner.run(ParentRunner.java:413)
	at org.junit.runner.JUnitCore.run(JUnitCore.java:137)
	at org.junit.runner.JUnitCore.run(JUnitCore.java:115)
	at org.junit.vintage.engine.execution.RunnerExecutor.execute(RunnerExecutor.java:43)
	at java.util.stream.ForEachOps$ForEachOp$OfRef.accept(ForEachOps.java:183)
	at java.util.stream.ReferencePipeline$3$1.accept(ReferencePipeline.java:193)
	at java.util.Iterator.forEachRemaining(Iterator.java:116)
	at java.util.Spliterators$IteratorSpliterator.forEachRemaining(Spliterators.java:1801)
	at java.util.stream.AbstractPipeline.copyInto(AbstractPipeline.java:482)
	at java.util.stream.AbstractPipeline.wrapAndCopyInto(AbstractPipeline.java:472)
	at java.util.stream.ForEachOps$ForEachOp.evaluateSequential(ForEachOps.java:150)
	at java.util.stream.ForEachOps$ForEachOp$OfRef.evaluateSequential(ForEachOps.java:173)
	at java.util.stream.AbstractPipeline.evaluate(AbstractPipeline.java:234)
	at java.util.stream.ReferencePipeline.forEach(ReferencePipeline.java:485)
	at org.junit.vintage.engine.VintageTestEngine.executeAllChildren(VintageTestEngine.java:82)
	at org.junit.vintage.engine.VintageTestEngine.execute(VintageTestEngine.java:73)
	at org.junit.platform.launcher.core.DefaultLauncher.execute(DefaultLauncher.java:248)
	at org.junit.platform.launcher.core.DefaultLauncher.lambda$execute$5(DefaultLauncher.java:211)
	at org.junit.platform.launcher.core.DefaultLauncher.withInterceptedStreams(DefaultLauncher.java:226)
	at org.junit.platform.launcher.core.DefaultLauncher.execute(DefaultLauncher.java:199)
	at org.junit.platform.launcher.core.DefaultLauncher.execute(DefaultLauncher.java:132)
	at org.apache.maven.surefire.junitplatform.JUnitPlatformProvider.invokeAllTests(JUnitPlatformProvider.java:154)
	at org.apache.maven.surefire.junitplatform.JUnitPlatformProvider.invoke(JUnitPlatformProvider.java:123)
	at org.apache.maven.surefire.booter.ForkedBooter.runSuitesInProcess(ForkedBooter.java:377)
	at org.apache.maven.surefire.booter.ForkedBooter.execute(ForkedBooter.java:138)
	at org.apache.maven.surefire.booter.ForkedBooter.run(ForkedBooter.java:465)
	at org.apache.maven.surefire.booter.ForkedBooter.main(ForkedBooter.java:451)
]]></error>
    <system-err><![CDATA[2024-04-24T05:13:31,144  WARN [main] conf.HiveConf: HiveConf of name hive.llap.io.cache.orc.alloc.min does not exist
2024-04-24T05:13:31,144  WARN [main] conf.HiveConf: HiveConf of name hive.llap.io.cache.orc.size does not exist
2024-04-24T05:13:31,144  WARN [main] conf.HiveConf: HiveConf of name hive.llap.io.cache.orc.alloc.max does not exist
2024-04-24T05:13:31,144  WARN [main] conf.HiveConf: HiveConf of name hive.dummyparam.test.server.specific.config.metastoresite does not exist
2024-04-24T05:13:31,144  WARN [main] conf.HiveConf: HiveConf of name hive.dummyparam.test.server.specific.config.override does not exist
2024-04-24T05:13:31,144  WARN [main] conf.HiveConf: HiveConf of name hive.metastore.client.cache.maxSize does not exist
2024-04-24T05:13:31,144  WARN [main] conf.HiveConf: HiveConf of name hive.metastore.client.cache.recordStats does not exist
2024-04-24T05:13:31,144  WARN [main] conf.HiveConf: HiveConf of name hive.dummyparam.test.server.specific.config.hivesite does not exist
2024-04-24T05:13:31,144  WARN [main] conf.HiveConf: HiveConf of name hive.metastore.metadb.dir does not exist
2024-04-24T05:13:31,144  WARN [main] conf.HiveConf: HiveConf of name hive.stats.key.prefix.reserve.length does not exist
2024-04-24T05:13:31,144  WARN [main] conf.HiveConf: HiveConf of name hive.llap.io.cache.orc.arena.size does not exist
2024-04-24T05:13:31,146  INFO [main] utils.TestTxnDbUtil: Creating transactional tables
Hive Session ID = 9b0c5357-be84-41c1-8e30-00e2af56a534
2024-04-24T05:13:31,149  INFO [main] SessionState: Hive Session ID = 9b0c5357-be84-41c1-8e30-00e2af56a534
ivysettings.xml file not found in HIVE_HOME or HIVE_CONF_DIR,/home/alex/Repositories/hive/conf/ivysettings.xml will be used
2024-04-24T05:13:31,150  INFO [main] DependencyResolver: ivysettings.xml file not found in HIVE_HOME or HIVE_CONF_DIR,/home/alex/Repositories/hive/conf/ivysettings.xml will be used
2024-04-24T05:13:31,155  INFO [main] session.SessionState: Created HDFS directory: /home/alex/Repositories/hive/ql/target/tmp/scratchdir/alex/9b0c5357-be84-41c1-8e30-00e2af56a534
2024-04-24T05:13:31,158  INFO [main] session.SessionState: Created local directory: /home/alex/Repositories/hive/ql/target/tmp/localscratchdir/9b0c5357-be84-41c1-8e30-00e2af56a534
2024-04-24T05:13:31,160  INFO [main] session.SessionState: Created HDFS directory: /home/alex/Repositories/hive/ql/target/tmp/scratchdir/alex/9b0c5357-be84-41c1-8e30-00e2af56a534/_tmp_space.db
2024-04-24T05:13:31,161  INFO [main] sqlstd.SQLStdHiveAccessController: Created SQLStdHiveAccessController for session context : HiveAuthzSessionContext [sessionString=9b0c5357-be84-41c1-8e30-00e2af56a534, clientType=HIVECLI]
2024-04-24T05:13:31,161  INFO [main] ql.TxnCommandsBaseForTests: Running the query: drop table if exists acidTbl
2024-04-24T05:13:31,161  INFO [main] ql.Driver: Compiling command(queryId=alex_20240424051331_8ae1c972-8ddd-46b3-9e63-1c797fdd3f01): drop table if exists acidTbl
2024-04-24T05:13:31,171  INFO [main] txn.TxnHandler: Added entries to MIN_HISTORY_LEVEL for current txns: ([1]) with min_open_txn: 1
2024-04-24T05:13:31,171  INFO [main] lockmgr.DbTxnManager: Opened txnid:1
2024-04-24T05:13:31,174  INFO [main] HiveMetaStore.audit: ugi=alex	ip=unknown-ip-addr	cmd=get_table : tbl=hive.default.acidTbl	
2024-04-24T05:13:31,179  INFO [main] ql.Driver: Semantic Analysis Completed (retrial = false)
2024-04-24T05:13:31,179  INFO [main] ql.Driver: Created Hive schema: Schema(fieldSchemas:null, properties:null)
2024-04-24T05:13:31,179  INFO [main] metadata.Hive: Dumping metastore api call timing information for : compilation phase
2024-04-24T05:13:31,179  INFO [main] metadata.Hive: Total time spent in each metastore function (ms): {getValidTxns_(long)=3, commitTxn_(CommitTxnRequest)=11, flushCache_()=0, openTxn_(String, TxnType)=9, isCompatibleWith_(Configuration)=1}
2024-04-24T05:13:31,180  INFO [main] ql.Driver: Completed compiling command(queryId=alex_20240424051331_8ae1c972-8ddd-46b3-9e63-1c797fdd3f01); Time taken: 0.018 seconds
2024-04-24T05:13:31,180  INFO [main] lockmgr.DbTxnManager: Setting lock request transaction to txnid:1 for queryId=alex_20240424051331_8ae1c972-8ddd-46b3-9e63-1c797fdd3f01
2024-04-24T05:13:31,180  INFO [main] ql.Driver: Operation DROPTABLE obtained 0 locks
2024-04-24T05:13:31,180  INFO [main] ql.Driver: Executing command(queryId=alex_20240424051331_8ae1c972-8ddd-46b3-9e63-1c797fdd3f01): drop table if exists acidTbl
2024-04-24T05:13:31,180  INFO [main] ql.Driver: Starting task [Stage-0:DDL] in serial mode
2024-04-24T05:13:31,181  INFO [main] HiveMetaStore.audit: ugi=alex	ip=unknown-ip-addr	cmd=get_table : tbl=hive.default.acidTbl	
2024-04-24T05:13:31,184  INFO [main] metadata.Hive: Dumping metastore api call timing information for : execution phase
2024-04-24T05:13:31,184  INFO [main] metadata.Hive: Total time spent in each metastore function (ms): {isCompatibleWith_(Configuration)=0}
2024-04-24T05:13:31,184  INFO [main] ql.Driver: Completed executing command(queryId=alex_20240424051331_8ae1c972-8ddd-46b3-9e63-1c797fdd3f01); Time taken: 0.004 seconds
2024-04-24T05:13:31,184  INFO [main] lockmgr.DbTxnManager: Stopped heartbeat for query: alex_20240424051331_8ae1c972-8ddd-46b3-9e63-1c797fdd3f01
2024-04-24T05:13:31,191  INFO [main] txn.TxnHandler: Expected to move at least one record from txn_components to completed_txn_components when committing txn! txnid:1
2024-04-24T05:13:31,198  INFO [main] txn.TxnHandler: Removed transactions: ([1]) from MIN_HISTORY_LEVEL
2024-04-24T05:13:31,199  WARN [main] txn.CompactionTxnHandler: No compaction queue record found for Compaction type transaction commit. txnId:1
2024-04-24T05:13:31,199  INFO [main] ql.TxnCommandsBaseForTests: Running the query: drop table if exists acidTblPart
2024-04-24T05:13:31,199  INFO [main] ql.Driver: Compiling command(queryId=alex_20240424051331_ea71260b-e571-438c-9b3c-877f5b3aada0): drop table if exists acidTblPart
2024-04-24T05:13:31,202  INFO [main] txn.TxnHandler: Added entries to MIN_HISTORY_LEVEL for current txns: ([2]) with min_open_txn: 1
2024-04-24T05:13:31,202  INFO [main] lockmgr.DbTxnManager: Opened txnid:2
2024-04-24T05:13:31,202  INFO [main] HiveMetaStore.audit: ugi=alex	ip=unknown-ip-addr	cmd=get_table : tbl=hive.default.acidTblPart	
2024-04-24T05:13:31,206  INFO [main] ql.Driver: Semantic Analysis Completed (retrial = false)
2024-04-24T05:13:31,206  INFO [main] ql.Driver: Created Hive schema: Schema(fieldSchemas:null, properties:null)
2024-04-24T05:13:31,206  INFO [main] metadata.Hive: Dumping metastore api call timing information for : compilation phase
2024-04-24T05:13:31,206  INFO [main] metadata.Hive: Total time spent in each metastore function (ms): {isCompatibleWith_(Configuration)=0, flushCache_()=0, commitTxn_(CommitTxnRequest)=14, openTxn_(String, TxnType)=2, getValidTxns_(long)=0}
2024-04-24T05:13:31,206  INFO [main] ql.Driver: Completed compiling command(queryId=alex_20240424051331_ea71260b-e571-438c-9b3c-877f5b3aada0); Time taken: 0.007 seconds
2024-04-24T05:13:31,206  INFO [main] lockmgr.DbTxnManager: Setting lock request transaction to txnid:2 for queryId=alex_20240424051331_ea71260b-e571-438c-9b3c-877f5b3aada0
2024-04-24T05:13:31,206  INFO [main] ql.Driver: Operation DROPTABLE obtained 0 locks
2024-04-24T05:13:31,206  INFO [main] ql.Driver: Executing command(queryId=alex_20240424051331_ea71260b-e571-438c-9b3c-877f5b3aada0): drop table if exists acidTblPart
2024-04-24T05:13:31,207  INFO [main] ql.Driver: Starting task [Stage-0:DDL] in serial mode
2024-04-24T05:13:31,207  INFO [main] HiveMetaStore.audit: ugi=alex	ip=unknown-ip-addr	cmd=get_table : tbl=hive.default.acidTblPart	
2024-04-24T05:13:31,211  INFO [main] metadata.Hive: Dumping metastore api call timing information for : execution phase
2024-04-24T05:13:31,211  INFO [main] metadata.Hive: Total time spent in each metastore function (ms): {isCompatibleWith_(Configuration)=0}
2024-04-24T05:13:31,211  INFO [main] ql.Driver: Completed executing command(queryId=alex_20240424051331_ea71260b-e571-438c-9b3c-877f5b3aada0); Time taken: 0.005 seconds
2024-04-24T05:13:31,211  INFO [main] lockmgr.DbTxnManager: Stopped heartbeat for query: alex_20240424051331_ea71260b-e571-438c-9b3c-877f5b3aada0
2024-04-24T05:13:31,217  INFO [main] txn.TxnHandler: Expected to move at least one record from txn_components to completed_txn_components when committing txn! txnid:2
2024-04-24T05:13:31,225  INFO [main] txn.TxnHandler: Removed transactions: ([2]) from MIN_HISTORY_LEVEL
2024-04-24T05:13:31,225  WARN [main] txn.CompactionTxnHandler: No compaction queue record found for Compaction type transaction commit. txnId:2
2024-04-24T05:13:31,225  INFO [main] ql.TxnCommandsBaseForTests: Running the query: drop table if exists acidTbl2
2024-04-24T05:13:31,226  INFO [main] ql.Driver: Compiling command(queryId=alex_20240424051331_469b2599-3d2d-4bf4-bd5f-78b718e06746): drop table if exists acidTbl2
2024-04-24T05:13:31,228  INFO [main] txn.TxnHandler: Added entries to MIN_HISTORY_LEVEL for current txns: ([3]) with min_open_txn: 1
2024-04-24T05:13:31,228  INFO [main] lockmgr.DbTxnManager: Opened txnid:3
2024-04-24T05:13:31,229  INFO [main] HiveMetaStore.audit: ugi=alex	ip=unknown-ip-addr	cmd=get_table : tbl=hive.default.acidTbl2	
2024-04-24T05:13:31,232  INFO [main] ql.Driver: Semantic Analysis Completed (retrial = false)
2024-04-24T05:13:31,232  INFO [main] ql.Driver: Created Hive schema: Schema(fieldSchemas:null, properties:null)
2024-04-24T05:13:31,232  INFO [main] metadata.Hive: Dumping metastore api call timing information for : compilation phase
2024-04-24T05:13:31,232  INFO [main] metadata.Hive: Total time spent in each metastore function (ms): {isCompatibleWith_(Configuration)=0, flushCache_()=0, getValidTxns_(long)=1, commitTxn_(CommitTxnRequest)=14, openTxn_(String, TxnType)=2}
2024-04-24T05:13:31,233  INFO [main] ql.Driver: Completed compiling command(queryId=alex_20240424051331_469b2599-3d2d-4bf4-bd5f-78b718e06746); Time taken: 0.006 seconds
2024-04-24T05:13:31,233  INFO [main] lockmgr.DbTxnManager: Setting lock request transaction to txnid:3 for queryId=alex_20240424051331_469b2599-3d2d-4bf4-bd5f-78b718e06746
2024-04-24T05:13:31,233  INFO [main] ql.Driver: Operation DROPTABLE obtained 0 locks
2024-04-24T05:13:31,233  INFO [main] ql.Driver: Executing command(queryId=alex_20240424051331_469b2599-3d2d-4bf4-bd5f-78b718e06746): drop table if exists acidTbl2
2024-04-24T05:13:31,233  INFO [main] ql.Driver: Starting task [Stage-0:DDL] in serial mode
2024-04-24T05:13:31,233  INFO [main] HiveMetaStore.audit: ugi=alex	ip=unknown-ip-addr	cmd=get_table : tbl=hive.default.acidTbl2	
2024-04-24T05:13:31,237  INFO [main] metadata.Hive: Dumping metastore api call timing information for : execution phase
2024-04-24T05:13:31,237  INFO [main] metadata.Hive: Total time spent in each metastore function (ms): {isCompatibleWith_(Configuration)=0}
2024-04-24T05:13:31,237  INFO [main] ql.Driver: Completed executing command(queryId=alex_20240424051331_469b2599-3d2d-4bf4-bd5f-78b718e06746); Time taken: 0.004 seconds
2024-04-24T05:13:31,237  INFO [main] lockmgr.DbTxnManager: Stopped heartbeat for query: alex_20240424051331_469b2599-3d2d-4bf4-bd5f-78b718e06746
2024-04-24T05:13:31,244  INFO [main] txn.TxnHandler: Expected to move at least one record from txn_components to completed_txn_components when committing txn! txnid:3
2024-04-24T05:13:31,252  INFO [main] txn.TxnHandler: Removed transactions: ([3]) from MIN_HISTORY_LEVEL
2024-04-24T05:13:31,252  WARN [main] txn.CompactionTxnHandler: No compaction queue record found for Compaction type transaction commit. txnId:3
2024-04-24T05:13:31,252  INFO [main] ql.TxnCommandsBaseForTests: Running the query: drop table if exists nonAcidOrcTbl
2024-04-24T05:13:31,252  INFO [main] ql.Driver: Compiling command(queryId=alex_20240424051331_2ce39bda-0ce1-4e05-9334-e18f42972bb3): drop table if exists nonAcidOrcTbl
2024-04-24T05:13:31,255  INFO [main] txn.TxnHandler: Added entries to MIN_HISTORY_LEVEL for current txns: ([4]) with min_open_txn: 1
2024-04-24T05:13:31,255  INFO [main] lockmgr.DbTxnManager: Opened txnid:4
2024-04-24T05:13:31,256  INFO [main] HiveMetaStore.audit: ugi=alex	ip=unknown-ip-addr	cmd=get_table : tbl=hive.default.nonAcidOrcTbl	
2024-04-24T05:13:31,259  INFO [main] ql.Driver: Semantic Analysis Completed (retrial = false)
2024-04-24T05:13:31,259  INFO [main] ql.Driver: Created Hive schema: Schema(fieldSchemas:null, properties:null)
2024-04-24T05:13:31,259  INFO [main] metadata.Hive: Dumping metastore api call timing information for : compilation phase
2024-04-24T05:13:31,259  INFO [main] metadata.Hive: Total time spent in each metastore function (ms): {isCompatibleWith_(Configuration)=0, openTxn_(String, TxnType)=2, getValidTxns_(long)=1, flushCache_()=0, commitTxn_(CommitTxnRequest)=15}
2024-04-24T05:13:31,259  INFO [main] ql.Driver: Completed compiling command(queryId=alex_20240424051331_2ce39bda-0ce1-4e05-9334-e18f42972bb3); Time taken: 0.007 seconds
2024-04-24T05:13:31,260  INFO [main] lockmgr.DbTxnManager: Setting lock request transaction to txnid:4 for queryId=alex_20240424051331_2ce39bda-0ce1-4e05-9334-e18f42972bb3
2024-04-24T05:13:31,260  INFO [main] ql.Driver: Operation DROPTABLE obtained 0 locks
2024-04-24T05:13:31,260  INFO [main] ql.Driver: Executing command(queryId=alex_20240424051331_2ce39bda-0ce1-4e05-9334-e18f42972bb3): drop table if exists nonAcidOrcTbl
2024-04-24T05:13:31,260  INFO [main] ql.Driver: Starting task [Stage-0:DDL] in serial mode
2024-04-24T05:13:31,260  INFO [main] HiveMetaStore.audit: ugi=alex	ip=unknown-ip-addr	cmd=get_table : tbl=hive.default.nonAcidOrcTbl	
2024-04-24T05:13:31,263  INFO [main] metadata.Hive: Dumping metastore api call timing information for : execution phase
2024-04-24T05:13:31,263  INFO [main] metadata.Hive: Total time spent in each metastore function (ms): {isCompatibleWith_(Configuration)=0}
2024-04-24T05:13:31,264  INFO [main] ql.Driver: Completed executing command(queryId=alex_20240424051331_2ce39bda-0ce1-4e05-9334-e18f42972bb3); Time taken: 0.003 seconds
2024-04-24T05:13:31,264  INFO [main] lockmgr.DbTxnManager: Stopped heartbeat for query: alex_20240424051331_2ce39bda-0ce1-4e05-9334-e18f42972bb3
2024-04-24T05:13:31,269  INFO [main] txn.TxnHandler: Expected to move at least one record from txn_components to completed_txn_components when committing txn! txnid:4
2024-04-24T05:13:31,277  INFO [main] txn.TxnHandler: Removed transactions: ([4]) from MIN_HISTORY_LEVEL
2024-04-24T05:13:31,277  WARN [main] txn.CompactionTxnHandler: No compaction queue record found for Compaction type transaction commit. txnId:4
2024-04-24T05:13:31,277  INFO [main] ql.TxnCommandsBaseForTests: Running the query: drop table if exists nonAcidOrcTbl2
2024-04-24T05:13:31,278  INFO [main] ql.Driver: Compiling command(queryId=alex_20240424051331_a599db89-21a2-4448-ae8a-644cb2c2c185): drop table if exists nonAcidOrcTbl2
2024-04-24T05:13:31,281  INFO [main] txn.TxnHandler: Added entries to MIN_HISTORY_LEVEL for current txns: ([5]) with min_open_txn: 1
2024-04-24T05:13:31,281  INFO [main] lockmgr.DbTxnManager: Opened txnid:5
2024-04-24T05:13:31,281  INFO [main] HiveMetaStore.audit: ugi=alex	ip=unknown-ip-addr	cmd=get_table : tbl=hive.default.nonAcidOrcTbl2	
2024-04-24T05:13:31,285  INFO [main] ql.Driver: Semantic Analysis Completed (retrial = false)
2024-04-24T05:13:31,285  INFO [main] ql.Driver: Created Hive schema: Schema(fieldSchemas:null, properties:null)
2024-04-24T05:13:31,285  INFO [main] metadata.Hive: Dumping metastore api call timing information for : compilation phase
2024-04-24T05:13:31,285  INFO [main] metadata.Hive: Total time spent in each metastore function (ms): {commitTxn_(CommitTxnRequest)=13, openTxn_(String, TxnType)=3, isCompatibleWith_(Configuration)=0, getValidTxns_(long)=0, flushCache_()=0}
2024-04-24T05:13:31,285  INFO [main] ql.Driver: Completed compiling command(queryId=alex_20240424051331_a599db89-21a2-4448-ae8a-644cb2c2c185); Time taken: 0.007 seconds
2024-04-24T05:13:31,285  INFO [main] lockmgr.DbTxnManager: Setting lock request transaction to txnid:5 for queryId=alex_20240424051331_a599db89-21a2-4448-ae8a-644cb2c2c185
2024-04-24T05:13:31,285  INFO [main] ql.Driver: Operation DROPTABLE obtained 0 locks
2024-04-24T05:13:31,285  INFO [main] ql.Driver: Executing command(queryId=alex_20240424051331_a599db89-21a2-4448-ae8a-644cb2c2c185): drop table if exists nonAcidOrcTbl2
2024-04-24T05:13:31,285  INFO [main] ql.Driver: Starting task [Stage-0:DDL] in serial mode
2024-04-24T05:13:31,285  INFO [main] HiveMetaStore.audit: ugi=alex	ip=unknown-ip-addr	cmd=get_table : tbl=hive.default.nonAcidOrcTbl2	
2024-04-24T05:13:31,289  INFO [main] metadata.Hive: Dumping metastore api call timing information for : execution phase
2024-04-24T05:13:31,289  INFO [main] metadata.Hive: Total time spent in each metastore function (ms): {isCompatibleWith_(Configuration)=0}
2024-04-24T05:13:31,289  INFO [main] ql.Driver: Completed executing command(queryId=alex_20240424051331_a599db89-21a2-4448-ae8a-644cb2c2c185); Time taken: 0.004 seconds
2024-04-24T05:13:31,289  INFO [main] lockmgr.DbTxnManager: Stopped heartbeat for query: alex_20240424051331_a599db89-21a2-4448-ae8a-644cb2c2c185
2024-04-24T05:13:31,295  INFO [main] txn.TxnHandler: Expected to move at least one record from txn_components to completed_txn_components when committing txn! txnid:5
2024-04-24T05:13:31,302  INFO [main] txn.TxnHandler: Removed transactions: ([5]) from MIN_HISTORY_LEVEL
2024-04-24T05:13:31,302  WARN [main] txn.CompactionTxnHandler: No compaction queue record found for Compaction type transaction commit. txnId:5
2024-04-24T05:13:31,303  INFO [main] ql.TxnCommandsBaseForTests: Running the query: drop table if exists nonAcidNonBucket
2024-04-24T05:13:31,303  INFO [main] ql.Driver: Compiling command(queryId=alex_20240424051331_85716ca7-c999-4ecc-9305-3ae8d39a35a1): drop table if exists nonAcidNonBucket
2024-04-24T05:13:31,306  INFO [main] txn.TxnHandler: Added entries to MIN_HISTORY_LEVEL for current txns: ([6]) with min_open_txn: 1
2024-04-24T05:13:31,306  INFO [main] lockmgr.DbTxnManager: Opened txnid:6
2024-04-24T05:13:31,306  INFO [main] HiveMetaStore.audit: ugi=alex	ip=unknown-ip-addr	cmd=get_table : tbl=hive.default.nonAcidNonBucket	
2024-04-24T05:13:31,310  INFO [main] ql.Driver: Semantic Analysis Completed (retrial = false)
2024-04-24T05:13:31,310  INFO [main] ql.Driver: Created Hive schema: Schema(fieldSchemas:null, properties:null)
2024-04-24T05:13:31,310  INFO [main] metadata.Hive: Dumping metastore api call timing information for : compilation phase
2024-04-24T05:13:31,310  INFO [main] metadata.Hive: Total time spent in each metastore function (ms): {commitTxn_(CommitTxnRequest)=14, getValidTxns_(long)=0, flushCache_()=1, openTxn_(String, TxnType)=2, isCompatibleWith_(Configuration)=0}
2024-04-24T05:13:31,310  INFO [main] ql.Driver: Completed compiling command(queryId=alex_20240424051331_85716ca7-c999-4ecc-9305-3ae8d39a35a1); Time taken: 0.007 seconds
2024-04-24T05:13:31,310  INFO [main] lockmgr.DbTxnManager: Setting lock request transaction to txnid:6 for queryId=alex_20240424051331_85716ca7-c999-4ecc-9305-3ae8d39a35a1
2024-04-24T05:13:31,310  INFO [main] ql.Driver: Operation DROPTABLE obtained 0 locks
2024-04-24T05:13:31,310  INFO [main] ql.Driver: Executing command(queryId=alex_20240424051331_85716ca7-c999-4ecc-9305-3ae8d39a35a1): drop table if exists nonAcidNonBucket
2024-04-24T05:13:31,310  INFO [main] ql.Driver: Starting task [Stage-0:DDL] in serial mode
2024-04-24T05:13:31,311  INFO [main] HiveMetaStore.audit: ugi=alex	ip=unknown-ip-addr	cmd=get_table : tbl=hive.default.nonAcidNonBucket	
2024-04-24T05:13:31,314  INFO [main] metadata.Hive: Dumping metastore api call timing information for : execution phase
2024-04-24T05:13:31,314  INFO [main] metadata.Hive: Total time spent in each metastore function (ms): {isCompatibleWith_(Configuration)=1}
2024-04-24T05:13:31,314  INFO [main] ql.Driver: Completed executing command(queryId=alex_20240424051331_85716ca7-c999-4ecc-9305-3ae8d39a35a1); Time taken: 0.004 seconds
2024-04-24T05:13:31,314  INFO [main] lockmgr.DbTxnManager: Stopped heartbeat for query: alex_20240424051331_85716ca7-c999-4ecc-9305-3ae8d39a35a1
2024-04-24T05:13:31,320  INFO [main] txn.TxnHandler: Expected to move at least one record from txn_components to completed_txn_components when committing txn! txnid:6
2024-04-24T05:13:31,326  INFO [main] txn.TxnHandler: Removed transactions: ([6]) from MIN_HISTORY_LEVEL
2024-04-24T05:13:31,326  WARN [main] txn.CompactionTxnHandler: No compaction queue record found for Compaction type transaction commit. txnId:6
2024-04-24T05:13:31,327  INFO [main] ql.TxnCommandsBaseForTests: Running the query: create table acidTbl(a int, b int) clustered by (a) into 2 buckets stored as orc TBLPROPERTIES ('transactional'='true')
2024-04-24T05:13:31,327  INFO [main] ql.Driver: Compiling command(queryId=alex_20240424051331_06fb9fa8-fdad-4f06-b983-451557810c56): create table acidTbl(a int, b int) clustered by (a) into 2 buckets stored as orc TBLPROPERTIES ('transactional'='true')
2024-04-24T05:13:31,329  INFO [main] txn.TxnHandler: Added entries to MIN_HISTORY_LEVEL for current txns: ([7]) with min_open_txn: 1
2024-04-24T05:13:31,330  INFO [main] lockmgr.DbTxnManager: Opened txnid:7
2024-04-24T05:13:31,330  INFO [main] parse.CalcitePlanner: Starting caching scope for: 
2024-04-24T05:13:31,330  INFO [main] parse.CalcitePlanner: Starting Semantic Analysis
2024-04-24T05:13:31,337  INFO [main] parse.CalcitePlanner: Creating table default.acidTbl position=13
2024-04-24T05:13:31,337  INFO [main] HiveMetaStore.audit: ugi=alex	ip=unknown-ip-addr	cmd=get_database: default	
2024-04-24T05:13:31,339  INFO [main] parse.CalcitePlanner: Ending caching scope for: 
2024-04-24T05:13:31,339  INFO [main] ql.Driver: Semantic Analysis Completed (retrial = false)
2024-04-24T05:13:31,339  INFO [main] ql.Driver: Created Hive schema: Schema(fieldSchemas:null, properties:null)
2024-04-24T05:13:31,339  INFO [main] metadata.Hive: Dumping metastore api call timing information for : compilation phase
2024-04-24T05:13:31,339  INFO [main] metadata.Hive: Total time spent in each metastore function (ms): {getDatabase_(String)=2, isCompatibleWith_(Configuration)=0, commitTxn_(CommitTxnRequest)=13, openTxn_(String, TxnType)=2, flushCache_()=0, getValidWriteIds_(List, String)=6, getValidTxns_(long)=0}
2024-04-24T05:13:31,339  INFO [main] ql.Driver: Completed compiling command(queryId=alex_20240424051331_06fb9fa8-fdad-4f06-b983-451557810c56); Time taken: 0.012 seconds
2024-04-24T05:13:31,339  INFO [main] lockmgr.DbTxnManager: Setting lock request transaction to txnid:7 for queryId=alex_20240424051331_06fb9fa8-fdad-4f06-b983-451557810c56
2024-04-24T05:13:31,340  INFO [main] lockmgr.DbLockManager: Requesting lock for queryId=alex_20240424051331_06fb9fa8-fdad-4f06-b983-451557810c56
2024-04-24T05:13:31,360  INFO [main] lockmgr.DbLockManager: Response to queryId=alex_20240424051331_06fb9fa8-fdad-4f06-b983-451557810c56 LockResponse(lockid:1, state:ACQUIRED)
2024-04-24T05:13:31,360  INFO [main] ql.Driver: Operation CREATETABLE obtained 1 locks
2024-04-24T05:13:31,360  INFO [main] ql.Driver: Executing command(queryId=alex_20240424051331_06fb9fa8-fdad-4f06-b983-451557810c56): create table acidTbl(a int, b int) clustered by (a) into 2 buckets stored as orc TBLPROPERTIES ('transactional'='true')
2024-04-24T05:13:31,361  INFO [main] ql.Driver: Starting task [Stage-0:DDL] in serial mode
2024-04-24T05:13:31,362  INFO [main] HiveMetaStore.audit: ugi=alex	ip=unknown-ip-addr	cmd=create_table_req: Table(tableName:acidTbl, dbName:default, owner:alex, createTime:1713960811, lastAccessTime:0, retention:0, sd:StorageDescriptor(cols:[FieldSchema(name:a, type:int, comment:null), FieldSchema(name:b, type:int, comment:null)], location:null, inputFormat:org.apache.hadoop.hive.ql.io.orc.OrcInputFormat, outputFormat:org.apache.hadoop.hive.ql.io.orc.OrcOutputFormat, compressed:false, numBuckets:2, serdeInfo:SerDeInfo(name:null, serializationLib:org.apache.hadoop.hive.ql.io.orc.OrcSerde, parameters:{serialization.format=1}), bucketCols:[a], sortCols:[], parameters:{}, skewedInfo:SkewedInfo(skewedColNames:[], skewedColValues:[], skewedColValueLocationMaps:{}), storedAsSubDirectories:false), partitionKeys:[], parameters:{numFilesErasureCoded=0, COLUMN_STATS_ACCURATE={"BASIC_STATS":"true","COLUMN_STATS":{"a":"true","b":"true"}}, rawDataSize=0, numFiles=0, totalSize=0, bucketing_version=2, transactional=true, numRows=0}, viewOriginalText:null, viewExpandedText:null, tableType:MANAGED_TABLE, privileges:PrincipalPrivilegeSet(userPrivileges:{alex=[PrivilegeGrantInfo(privilege:INSERT, createTime:-1, grantor:alex, grantorType:USER, grantOption:true), PrivilegeGrantInfo(privilege:SELECT, createTime:-1, grantor:alex, grantorType:USER, grantOption:true), PrivilegeGrantInfo(privilege:UPDATE, createTime:-1, grantor:alex, grantorType:USER, grantOption:true), PrivilegeGrantInfo(privilege:DELETE, createTime:-1, grantor:alex, grantorType:USER, grantOption:true)]}, groupPrivileges:null, rolePrivileges:null), temporary:false, catName:hive, ownerType:USER, writeId:0)	
2024-04-24T05:13:31,368  INFO [main] utils.FileUtils: Creating directory if it doesn't exist: file:/home/alex/Repositories/hive/ql/target/tmp/org.apache.hadoop.hive.ql.TestTxnCommands-1713960750541/warehouse/acidtbl
2024-04-24T05:13:31,409  INFO [main] metadata.Hive: Dumping metastore api call timing information for : execution phase
2024-04-24T05:13:31,409  INFO [main] metadata.Hive: Total time spent in each metastore function (ms): {isCompatibleWith_(Configuration)=0, createTable_(Table)=48}
2024-04-24T05:13:31,410  INFO [main] ql.Driver: Completed executing command(queryId=alex_20240424051331_06fb9fa8-fdad-4f06-b983-451557810c56); Time taken: 0.049 seconds
2024-04-24T05:13:31,410  INFO [main] lockmgr.DbTxnManager: Stopped heartbeat for query: alex_20240424051331_06fb9fa8-fdad-4f06-b983-451557810c56
2024-04-24T05:13:31,414  INFO [main] txn.TxnHandler: Expected to move at least one record from txn_components to completed_txn_components when committing txn! txnid:7
2024-04-24T05:13:31,421  INFO [main] txn.TxnHandler: Removed transactions: ([7]) from MIN_HISTORY_LEVEL
2024-04-24T05:13:31,421  WARN [main] txn.CompactionTxnHandler: No compaction queue record found for Compaction type transaction commit. txnId:7
2024-04-24T05:13:31,421  INFO [main] ql.TxnCommandsBaseForTests: Running the query: create table acidTblPart(a int, b int) partitioned by (p string) clustered by (a) into 2 buckets stored as orc TBLPROPERTIES ('transactional'='true')
2024-04-24T05:13:31,421  INFO [main] ql.Driver: Compiling command(queryId=alex_20240424051331_ce3b62be-73ba-4c78-9023-8ae4fdff7d36): create table acidTblPart(a int, b int) partitioned by (p string) clustered by (a) into 2 buckets stored as orc TBLPROPERTIES ('transactional'='true')
2024-04-24T05:13:31,424  INFO [main] txn.TxnHandler: Added entries to MIN_HISTORY_LEVEL for current txns: ([8]) with min_open_txn: 1
2024-04-24T05:13:31,424  INFO [main] lockmgr.DbTxnManager: Opened txnid:8
2024-04-24T05:13:31,424  INFO [main] parse.CalcitePlanner: Starting caching scope for: 
2024-04-24T05:13:31,424  INFO [main] parse.CalcitePlanner: Starting Semantic Analysis
2024-04-24T05:13:31,427  INFO [main] parse.CalcitePlanner: Creating table default.acidTblPart position=13
2024-04-24T05:13:31,427  INFO [main] HiveMetaStore.audit: ugi=alex	ip=unknown-ip-addr	cmd=get_database: default	
2024-04-24T05:13:31,429  INFO [main] parse.CalcitePlanner: Ending caching scope for: 
2024-04-24T05:13:31,429  INFO [main] ql.Driver: Semantic Analysis Completed (retrial = false)
2024-04-24T05:13:31,429  INFO [main] ql.Driver: Created Hive schema: Schema(fieldSchemas:null, properties:null)
2024-04-24T05:13:31,429  INFO [main] metadata.Hive: Dumping metastore api call timing information for : compilation phase
2024-04-24T05:13:31,429  INFO [main] metadata.Hive: Total time spent in each metastore function (ms): {commitTxn_(CommitTxnRequest)=11, flushCache_()=0, isCompatibleWith_(Configuration)=0, getValidTxns_(long)=0, getDatabase_(String)=1, openTxn_(String, TxnType)=2, getValidWriteIds_(List, String)=2}
2024-04-24T05:13:31,429  INFO [main] ql.Driver: Completed compiling command(queryId=alex_20240424051331_ce3b62be-73ba-4c78-9023-8ae4fdff7d36); Time taken: 0.008 seconds
2024-04-24T05:13:31,429  INFO [main] lockmgr.DbTxnManager: Setting lock request transaction to txnid:8 for queryId=alex_20240424051331_ce3b62be-73ba-4c78-9023-8ae4fdff7d36
2024-04-24T05:13:31,430  INFO [main] lockmgr.DbLockManager: Requesting lock for queryId=alex_20240424051331_ce3b62be-73ba-4c78-9023-8ae4fdff7d36
2024-04-24T05:13:31,445  INFO [main] lockmgr.DbLockManager: Response to queryId=alex_20240424051331_ce3b62be-73ba-4c78-9023-8ae4fdff7d36 LockResponse(lockid:2, state:ACQUIRED)
2024-04-24T05:13:31,445  INFO [main] ql.Driver: Operation CREATETABLE obtained 1 locks
2024-04-24T05:13:31,446  INFO [main] ql.Driver: Executing command(queryId=alex_20240424051331_ce3b62be-73ba-4c78-9023-8ae4fdff7d36): create table acidTblPart(a int, b int) partitioned by (p string) clustered by (a) into 2 buckets stored as orc TBLPROPERTIES ('transactional'='true')
2024-04-24T05:13:31,446  INFO [main] ql.Driver: Starting task [Stage-0:DDL] in serial mode
2024-04-24T05:13:31,447  INFO [main] HiveMetaStore.audit: ugi=alex	ip=unknown-ip-addr	cmd=create_table_req: Table(tableName:acidTblPart, dbName:default, owner:alex, createTime:1713960811, lastAccessTime:0, retention:0, sd:StorageDescriptor(cols:[FieldSchema(name:a, type:int, comment:null), FieldSchema(name:b, type:int, comment:null)], location:null, inputFormat:org.apache.hadoop.hive.ql.io.orc.OrcInputFormat, outputFormat:org.apache.hadoop.hive.ql.io.orc.OrcOutputFormat, compressed:false, numBuckets:2, serdeInfo:SerDeInfo(name:null, serializationLib:org.apache.hadoop.hive.ql.io.orc.OrcSerde, parameters:{serialization.format=1}), bucketCols:[a], sortCols:[], parameters:{}, skewedInfo:SkewedInfo(skewedColNames:[], skewedColValues:[], skewedColValueLocationMaps:{}), storedAsSubDirectories:false), partitionKeys:[FieldSchema(name:p, type:string, comment:null)], parameters:{bucketing_version=2, transactional=true}, viewOriginalText:null, viewExpandedText:null, tableType:MANAGED_TABLE, privileges:PrincipalPrivilegeSet(userPrivileges:{alex=[PrivilegeGrantInfo(privilege:INSERT, createTime:-1, grantor:alex, grantorType:USER, grantOption:true), PrivilegeGrantInfo(privilege:SELECT, createTime:-1, grantor:alex, grantorType:USER, grantOption:true), PrivilegeGrantInfo(privilege:UPDATE, createTime:-1, grantor:alex, grantorType:USER, grantOption:true), PrivilegeGrantInfo(privilege:DELETE, createTime:-1, grantor:alex, grantorType:USER, grantOption:true)]}, groupPrivileges:null, rolePrivileges:null), temporary:false, catName:hive, ownerType:USER, writeId:0)	
2024-04-24T05:13:31,452  INFO [main] utils.FileUtils: Creating directory if it doesn't exist: file:/home/alex/Repositories/hive/ql/target/tmp/org.apache.hadoop.hive.ql.TestTxnCommands-1713960750541/warehouse/acidtblpart
2024-04-24T05:13:31,468  INFO [main] metadata.Hive: Dumping metastore api call timing information for : execution phase
2024-04-24T05:13:31,468  INFO [main] metadata.Hive: Total time spent in each metastore function (ms): {createTable_(Table)=21, isCompatibleWith_(Configuration)=0}
2024-04-24T05:13:31,468  INFO [main] ql.Driver: Completed executing command(queryId=alex_20240424051331_ce3b62be-73ba-4c78-9023-8ae4fdff7d36); Time taken: 0.022 seconds
2024-04-24T05:13:31,468  INFO [main] lockmgr.DbTxnManager: Stopped heartbeat for query: alex_20240424051331_ce3b62be-73ba-4c78-9023-8ae4fdff7d36
2024-04-24T05:13:31,472  INFO [main] txn.TxnHandler: Expected to move at least one record from txn_components to completed_txn_components when committing txn! txnid:8
2024-04-24T05:13:31,478  INFO [main] txn.TxnHandler: Removed transactions: ([8]) from MIN_HISTORY_LEVEL
2024-04-24T05:13:31,478  WARN [main] txn.CompactionTxnHandler: No compaction queue record found for Compaction type transaction commit. txnId:8
2024-04-24T05:13:31,479  INFO [main] ql.TxnCommandsBaseForTests: Running the query: create table nonAcidOrcTbl(a int, b int) clustered by (a) into 2 buckets stored as orc TBLPROPERTIES ('transactional'='false')
2024-04-24T05:13:31,479  INFO [main] ql.Driver: Compiling command(queryId=alex_20240424051331_7d10f2e4-2194-4316-9f1d-da91c0612a17): create table nonAcidOrcTbl(a int, b int) clustered by (a) into 2 buckets stored as orc TBLPROPERTIES ('transactional'='false')
2024-04-24T05:13:31,481  INFO [main] txn.TxnHandler: Added entries to MIN_HISTORY_LEVEL for current txns: ([9]) with min_open_txn: 1
2024-04-24T05:13:31,481  INFO [main] lockmgr.DbTxnManager: Opened txnid:9
2024-04-24T05:13:31,482  INFO [main] parse.CalcitePlanner: Starting caching scope for: 
2024-04-24T05:13:31,482  INFO [main] parse.CalcitePlanner: Starting Semantic Analysis
2024-04-24T05:13:31,484  INFO [main] parse.CalcitePlanner: Creating table default.nonAcidOrcTbl position=13
2024-04-24T05:13:31,484  INFO [main] HiveMetaStore.audit: ugi=alex	ip=unknown-ip-addr	cmd=get_database: default	
2024-04-24T05:13:31,486  INFO [main] parse.CalcitePlanner: Ending caching scope for: 
2024-04-24T05:13:31,486  INFO [main] ql.Driver: Semantic Analysis Completed (retrial = false)
2024-04-24T05:13:31,486  INFO [main] ql.Driver: Created Hive schema: Schema(fieldSchemas:null, properties:null)
2024-04-24T05:13:31,486  INFO [main] metadata.Hive: Dumping metastore api call timing information for : compilation phase
2024-04-24T05:13:31,486  INFO [main] metadata.Hive: Total time spent in each metastore function (ms): {commitTxn_(CommitTxnRequest)=10, getDatabase_(String)=2, getValidTxns_(long)=1, flushCache_()=0, openTxn_(String, TxnType)=2, isCompatibleWith_(Configuration)=0, getValidWriteIds_(List, String)=2}
2024-04-24T05:13:31,486  INFO [main] ql.Driver: Completed compiling command(queryId=alex_20240424051331_7d10f2e4-2194-4316-9f1d-da91c0612a17); Time taken: 0.007 seconds
2024-04-24T05:13:31,487  INFO [main] lockmgr.DbTxnManager: Setting lock request transaction to txnid:9 for queryId=alex_20240424051331_7d10f2e4-2194-4316-9f1d-da91c0612a17
2024-04-24T05:13:31,487  INFO [main] lockmgr.DbLockManager: Requesting lock for queryId=alex_20240424051331_7d10f2e4-2194-4316-9f1d-da91c0612a17
2024-04-24T05:13:31,502  INFO [main] lockmgr.DbLockManager: Response to queryId=alex_20240424051331_7d10f2e4-2194-4316-9f1d-da91c0612a17 LockResponse(lockid:3, state:ACQUIRED)
2024-04-24T05:13:31,502  INFO [main] ql.Driver: Operation CREATETABLE obtained 1 locks
2024-04-24T05:13:31,502  INFO [main] ql.Driver: Executing command(queryId=alex_20240424051331_7d10f2e4-2194-4316-9f1d-da91c0612a17): create table nonAcidOrcTbl(a int, b int) clustered by (a) into 2 buckets stored as orc TBLPROPERTIES ('transactional'='false')
2024-04-24T05:13:31,502  INFO [main] ql.Driver: Starting task [Stage-0:DDL] in serial mode
2024-04-24T05:13:31,503  INFO [main] HiveMetaStore.audit: ugi=alex	ip=unknown-ip-addr	cmd=create_table_req: Table(tableName:nonAcidOrcTbl, dbName:default, owner:alex, createTime:1713960811, lastAccessTime:0, retention:0, sd:StorageDescriptor(cols:[FieldSchema(name:a, type:int, comment:null), FieldSchema(name:b, type:int, comment:null)], location:null, inputFormat:org.apache.hadoop.hive.ql.io.orc.OrcInputFormat, outputFormat:org.apache.hadoop.hive.ql.io.orc.OrcOutputFormat, compressed:false, numBuckets:2, serdeInfo:SerDeInfo(name:null, serializationLib:org.apache.hadoop.hive.ql.io.orc.OrcSerde, parameters:{serialization.format=1}), bucketCols:[a], sortCols:[], parameters:{}, skewedInfo:SkewedInfo(skewedColNames:[], skewedColValues:[], skewedColValueLocationMaps:{}), storedAsSubDirectories:false), partitionKeys:[], parameters:{numRows=0, numFilesErasureCoded=0, totalSize=0, bucketing_version=2, rawDataSize=0, COLUMN_STATS_ACCURATE={"BASIC_STATS":"true","COLUMN_STATS":{"a":"true","b":"true"}}, transactional=false, numFiles=0}, viewOriginalText:null, viewExpandedText:null, tableType:MANAGED_TABLE, privileges:PrincipalPrivilegeSet(userPrivileges:{alex=[PrivilegeGrantInfo(privilege:INSERT, createTime:-1, grantor:alex, grantorType:USER, grantOption:true), PrivilegeGrantInfo(privilege:SELECT, createTime:-1, grantor:alex, grantorType:USER, grantOption:true), PrivilegeGrantInfo(privilege:UPDATE, createTime:-1, grantor:alex, grantorType:USER, grantOption:true), PrivilegeGrantInfo(privilege:DELETE, createTime:-1, grantor:alex, grantorType:USER, grantOption:true)]}, groupPrivileges:null, rolePrivileges:null), temporary:false, catName:hive, ownerType:USER)	
2024-04-24T05:13:31,509  INFO [main] utils.FileUtils: Creating directory if it doesn't exist: file:/home/alex/Repositories/hive/ql/target/tmp/org.apache.hadoop.hive.ql.TestTxnCommands-1713960750541/warehouse/nonacidorctbl
2024-04-24T05:13:31,529  INFO [main] metadata.Hive: Dumping metastore api call timing information for : execution phase
2024-04-24T05:13:31,529  INFO [main] metadata.Hive: Total time spent in each metastore function (ms): {isCompatibleWith_(Configuration)=0, createTable_(Table)=26}
2024-04-24T05:13:31,529  INFO [main] ql.Driver: Completed executing command(queryId=alex_20240424051331_7d10f2e4-2194-4316-9f1d-da91c0612a17); Time taken: 0.027 seconds
2024-04-24T05:13:31,529  INFO [main] lockmgr.DbTxnManager: Stopped heartbeat for query: alex_20240424051331_7d10f2e4-2194-4316-9f1d-da91c0612a17
2024-04-24T05:13:31,533  INFO [main] txn.TxnHandler: Expected to move at least one record from txn_components to completed_txn_components when committing txn! txnid:9
2024-04-24T05:13:31,540  INFO [main] txn.TxnHandler: Removed transactions: ([9]) from MIN_HISTORY_LEVEL
2024-04-24T05:13:31,540  WARN [main] txn.CompactionTxnHandler: No compaction queue record found for Compaction type transaction commit. txnId:9
2024-04-24T05:13:31,541  INFO [main] ql.TxnCommandsBaseForTests: Running the query: create table nonAcidOrcTbl2(a int, b int) clustered by (a) into 2 buckets stored as orc TBLPROPERTIES ('transactional'='false')
2024-04-24T05:13:31,541  INFO [main] ql.Driver: Compiling command(queryId=alex_20240424051331_657d58ca-0186-4a36-a7e6-3a3e3b078871): create table nonAcidOrcTbl2(a int, b int) clustered by (a) into 2 buckets stored as orc TBLPROPERTIES ('transactional'='false')
2024-04-24T05:13:31,543  INFO [main] txn.TxnHandler: Added entries to MIN_HISTORY_LEVEL for current txns: ([10]) with min_open_txn: 1
2024-04-24T05:13:31,544  INFO [main] lockmgr.DbTxnManager: Opened txnid:10
2024-04-24T05:13:31,544  INFO [main] parse.CalcitePlanner: Starting caching scope for: 
2024-04-24T05:13:31,544  INFO [main] parse.CalcitePlanner: Starting Semantic Analysis
2024-04-24T05:13:31,546  INFO [main] parse.CalcitePlanner: Creating table default.nonAcidOrcTbl2 position=13
2024-04-24T05:13:31,547  INFO [main] HiveMetaStore.audit: ugi=alex	ip=unknown-ip-addr	cmd=get_database: default	
2024-04-24T05:13:31,548  INFO [main] parse.CalcitePlanner: Ending caching scope for: 
2024-04-24T05:13:31,548  INFO [main] ql.Driver: Semantic Analysis Completed (retrial = false)
2024-04-24T05:13:31,548  INFO [main] ql.Driver: Created Hive schema: Schema(fieldSchemas:null, properties:null)
2024-04-24T05:13:31,548  INFO [main] metadata.Hive: Dumping metastore api call timing information for : compilation phase
2024-04-24T05:13:31,548  INFO [main] metadata.Hive: Total time spent in each metastore function (ms): {isCompatibleWith_(Configuration)=1, flushCache_()=0, getValidWriteIds_(List, String)=2, openTxn_(String, TxnType)=2, commitTxn_(CommitTxnRequest)=12, getValidTxns_(long)=0, getDatabase_(String)=2}
2024-04-24T05:13:31,549  INFO [main] ql.Driver: Completed compiling command(queryId=alex_20240424051331_657d58ca-0186-4a36-a7e6-3a3e3b078871); Time taken: 0.007 seconds
2024-04-24T05:13:31,549  INFO [main] lockmgr.DbTxnManager: Setting lock request transaction to txnid:10 for queryId=alex_20240424051331_657d58ca-0186-4a36-a7e6-3a3e3b078871
2024-04-24T05:13:31,549  INFO [main] lockmgr.DbLockManager: Requesting lock for queryId=alex_20240424051331_657d58ca-0186-4a36-a7e6-3a3e3b078871
2024-04-24T05:13:31,563  INFO [main] lockmgr.DbLockManager: Response to queryId=alex_20240424051331_657d58ca-0186-4a36-a7e6-3a3e3b078871 LockResponse(lockid:4, state:ACQUIRED)
2024-04-24T05:13:31,563  INFO [main] ql.Driver: Operation CREATETABLE obtained 1 locks
2024-04-24T05:13:31,563  INFO [main] ql.Driver: Executing command(queryId=alex_20240424051331_657d58ca-0186-4a36-a7e6-3a3e3b078871): create table nonAcidOrcTbl2(a int, b int) clustered by (a) into 2 buckets stored as orc TBLPROPERTIES ('transactional'='false')
2024-04-24T05:13:31,563  INFO [main] ql.Driver: Starting task [Stage-0:DDL] in serial mode
2024-04-24T05:13:31,564  INFO [main] HiveMetaStore.audit: ugi=alex	ip=unknown-ip-addr	cmd=create_table_req: Table(tableName:nonAcidOrcTbl2, dbName:default, owner:alex, createTime:1713960811, lastAccessTime:0, retention:0, sd:StorageDescriptor(cols:[FieldSchema(name:a, type:int, comment:null), FieldSchema(name:b, type:int, comment:null)], location:null, inputFormat:org.apache.hadoop.hive.ql.io.orc.OrcInputFormat, outputFormat:org.apache.hadoop.hive.ql.io.orc.OrcOutputFormat, compressed:false, numBuckets:2, serdeInfo:SerDeInfo(name:null, serializationLib:org.apache.hadoop.hive.ql.io.orc.OrcSerde, parameters:{serialization.format=1}), bucketCols:[a], sortCols:[], parameters:{}, skewedInfo:SkewedInfo(skewedColNames:[], skewedColValues:[], skewedColValueLocationMaps:{}), storedAsSubDirectories:false), partitionKeys:[], parameters:{transactional=false, numFilesErasureCoded=0, COLUMN_STATS_ACCURATE={"BASIC_STATS":"true","COLUMN_STATS":{"a":"true","b":"true"}}, numRows=0, bucketing_version=2, rawDataSize=0, totalSize=0, numFiles=0}, viewOriginalText:null, viewExpandedText:null, tableType:MANAGED_TABLE, privileges:PrincipalPrivilegeSet(userPrivileges:{alex=[PrivilegeGrantInfo(privilege:INSERT, createTime:-1, grantor:alex, grantorType:USER, grantOption:true), PrivilegeGrantInfo(privilege:SELECT, createTime:-1, grantor:alex, grantorType:USER, grantOption:true), PrivilegeGrantInfo(privilege:UPDATE, createTime:-1, grantor:alex, grantorType:USER, grantOption:true), PrivilegeGrantInfo(privilege:DELETE, createTime:-1, grantor:alex, grantorType:USER, grantOption:true)]}, groupPrivileges:null, rolePrivileges:null), temporary:false, catName:hive, ownerType:USER)	
2024-04-24T05:13:31,570  INFO [main] utils.FileUtils: Creating directory if it doesn't exist: file:/home/alex/Repositories/hive/ql/target/tmp/org.apache.hadoop.hive.ql.TestTxnCommands-1713960750541/warehouse/nonacidorctbl2
2024-04-24T05:13:31,585  INFO [main] metadata.Hive: Dumping metastore api call timing information for : execution phase
2024-04-24T05:13:31,585  INFO [main] metadata.Hive: Total time spent in each metastore function (ms): {isCompatibleWith_(Configuration)=1, createTable_(Table)=21}
2024-04-24T05:13:31,585  INFO [main] ql.Driver: Completed executing command(queryId=alex_20240424051331_657d58ca-0186-4a36-a7e6-3a3e3b078871); Time taken: 0.022 seconds
2024-04-24T05:13:31,585  INFO [main] lockmgr.DbTxnManager: Stopped heartbeat for query: alex_20240424051331_657d58ca-0186-4a36-a7e6-3a3e3b078871
2024-04-24T05:13:31,589  INFO [main] txn.TxnHandler: Expected to move at least one record from txn_components to completed_txn_components when committing txn! txnid:10
2024-04-24T05:13:31,596  INFO [main] txn.TxnHandler: Removed transactions: ([10]) from MIN_HISTORY_LEVEL
2024-04-24T05:13:31,596  WARN [main] txn.CompactionTxnHandler: No compaction queue record found for Compaction type transaction commit. txnId:10
2024-04-24T05:13:31,597  INFO [main] ql.TxnCommandsBaseForTests: Running the query: create temporary  table acidTbl2(a int, b int, c int) clustered by (c) into 2 buckets stored as orc TBLPROPERTIES ('transactional'='true')
2024-04-24T05:13:31,597  INFO [main] ql.Driver: Compiling command(queryId=alex_20240424051331_f0b8b002-2e3f-4c31-a85d-1a95834862e3): create temporary  table acidTbl2(a int, b int, c int) clustered by (c) into 2 buckets stored as orc TBLPROPERTIES ('transactional'='true')
2024-04-24T05:13:31,599  INFO [main] txn.TxnHandler: Added entries to MIN_HISTORY_LEVEL for current txns: ([11]) with min_open_txn: 1
2024-04-24T05:13:31,600  INFO [main] lockmgr.DbTxnManager: Opened txnid:11
2024-04-24T05:13:31,600  INFO [main] parse.CalcitePlanner: Starting caching scope for: 
2024-04-24T05:13:31,600  INFO [main] parse.CalcitePlanner: Starting Semantic Analysis
2024-04-24T05:13:31,603  INFO [main] parse.CalcitePlanner: Creating table default.acidTbl2 position=24
2024-04-24T05:13:31,603  INFO [main] HiveMetaStore.audit: ugi=alex	ip=unknown-ip-addr	cmd=get_database: default	
2024-04-24T05:13:31,605  INFO [main] parse.CalcitePlanner: Ending caching scope for: 
2024-04-24T05:13:31,605  INFO [main] ql.Driver: Semantic Analysis Completed (retrial = false)
2024-04-24T05:13:31,605  INFO [main] ql.Driver: Created Hive schema: Schema(fieldSchemas:null, properties:null)
2024-04-24T05:13:31,605  INFO [main] metadata.Hive: Dumping metastore api call timing information for : compilation phase
2024-04-24T05:13:31,605  INFO [main] metadata.Hive: Total time spent in each metastore function (ms): {openTxn_(String, TxnType)=2, getValidWriteIds_(List, String)=3, isCompatibleWith_(Configuration)=0, getValidTxns_(long)=0, commitTxn_(CommitTxnRequest)=12, getDatabase_(String)=2, flushCache_()=1}
2024-04-24T05:13:31,605  INFO [main] ql.Driver: Completed compiling command(queryId=alex_20240424051331_f0b8b002-2e3f-4c31-a85d-1a95834862e3); Time taken: 0.008 seconds
2024-04-24T05:13:31,606  INFO [main] lockmgr.DbTxnManager: Setting lock request transaction to txnid:11 for queryId=alex_20240424051331_f0b8b002-2e3f-4c31-a85d-1a95834862e3
2024-04-24T05:13:31,606  INFO [main] lockmgr.DbLockManager: Requesting lock for queryId=alex_20240424051331_f0b8b002-2e3f-4c31-a85d-1a95834862e3
2024-04-24T05:13:31,621  INFO [main] lockmgr.DbLockManager: Response to queryId=alex_20240424051331_f0b8b002-2e3f-4c31-a85d-1a95834862e3 LockResponse(lockid:5, state:ACQUIRED)
2024-04-24T05:13:31,621  INFO [main] ql.Driver: Operation CREATETABLE obtained 1 locks
2024-04-24T05:13:31,622  INFO [main] ql.Driver: Executing command(queryId=alex_20240424051331_f0b8b002-2e3f-4c31-a85d-1a95834862e3): create temporary  table acidTbl2(a int, b int, c int) clustered by (c) into 2 buckets stored as orc TBLPROPERTIES ('transactional'='true')
2024-04-24T05:13:31,622  INFO [main] ql.Driver: Starting task [Stage-0:DDL] in serial mode
2024-04-24T05:13:31,623  INFO [main] utils.FileUtils: Creating directory if it doesn't exist: file:/home/alex/Repositories/hive/ql/target/tmp/scratchdir/alex/9b0c5357-be84-41c1-8e30-00e2af56a534/_tmp_space.db/a4cb9cda-0660-49d5-9fbb-80b816885d84
2024-04-24T05:13:31,626  INFO [main] metadata.Hive: Dumping metastore api call timing information for : execution phase
2024-04-24T05:13:31,626  INFO [main] metadata.Hive: Total time spent in each metastore function (ms): {isCompatibleWith_(Configuration)=0, createTable_(Table)=3}
2024-04-24T05:13:31,626  INFO [main] ql.Driver: Completed executing command(queryId=alex_20240424051331_f0b8b002-2e3f-4c31-a85d-1a95834862e3); Time taken: 0.004 seconds
2024-04-24T05:13:31,626  INFO [main] lockmgr.DbTxnManager: Stopped heartbeat for query: alex_20240424051331_f0b8b002-2e3f-4c31-a85d-1a95834862e3
2024-04-24T05:13:31,631  INFO [main] txn.TxnHandler: Expected to move at least one record from txn_components to completed_txn_components when committing txn! txnid:11
2024-04-24T05:13:31,637  INFO [main] txn.TxnHandler: Removed transactions: ([11]) from MIN_HISTORY_LEVEL
2024-04-24T05:13:31,637  WARN [main] txn.CompactionTxnHandler: No compaction queue record found for Compaction type transaction commit. txnId:11
2024-04-24T05:13:31,638  INFO [main] ql.TxnCommandsBaseForTests: Running the query: create table nonAcidNonBucket(a int, b int) stored as orc TBLPROPERTIES ('transactional'='false')
2024-04-24T05:13:31,638  INFO [main] ql.Driver: Compiling command(queryId=alex_20240424051331_07740faf-5b31-4fce-b34a-60f4a65d01af): create table nonAcidNonBucket(a int, b int) stored as orc TBLPROPERTIES ('transactional'='false')
2024-04-24T05:13:31,640  INFO [main] txn.TxnHandler: Added entries to MIN_HISTORY_LEVEL for current txns: ([12]) with min_open_txn: 1
2024-04-24T05:13:31,641  INFO [main] lockmgr.DbTxnManager: Opened txnid:12
2024-04-24T05:13:31,641  INFO [main] parse.CalcitePlanner: Starting caching scope for: 
2024-04-24T05:13:31,641  INFO [main] parse.CalcitePlanner: Starting Semantic Analysis
2024-04-24T05:13:31,644  INFO [main] parse.CalcitePlanner: Creating table default.nonAcidNonBucket position=13
2024-04-24T05:13:31,644  INFO [main] HiveMetaStore.audit: ugi=alex	ip=unknown-ip-addr	cmd=get_database: default	
2024-04-24T05:13:31,645  INFO [main] parse.CalcitePlanner: Ending caching scope for: 
2024-04-24T05:13:31,645  INFO [main] ql.Driver: Semantic Analysis Completed (retrial = false)
2024-04-24T05:13:31,645  INFO [main] ql.Driver: Created Hive schema: Schema(fieldSchemas:null, properties:null)
2024-04-24T05:13:31,645  INFO [main] metadata.Hive: Dumping metastore api call timing information for : compilation phase
2024-04-24T05:13:31,646  INFO [main] metadata.Hive: Total time spent in each metastore function (ms): {getDatabase_(String)=1, getValidWriteIds_(List, String)=3, getValidTxns_(long)=0, flushCache_()=0, commitTxn_(CommitTxnRequest)=12, openTxn_(String, TxnType)=2, isCompatibleWith_(Configuration)=1}
2024-04-24T05:13:31,646  INFO [main] ql.Driver: Completed compiling command(queryId=alex_20240424051331_07740faf-5b31-4fce-b34a-60f4a65d01af); Time taken: 0.007 seconds
2024-04-24T05:13:31,646  INFO [main] lockmgr.DbTxnManager: Setting lock request transaction to txnid:12 for queryId=alex_20240424051331_07740faf-5b31-4fce-b34a-60f4a65d01af
2024-04-24T05:13:31,646  INFO [main] lockmgr.DbLockManager: Requesting lock for queryId=alex_20240424051331_07740faf-5b31-4fce-b34a-60f4a65d01af
2024-04-24T05:13:31,661  INFO [main] lockmgr.DbLockManager: Response to queryId=alex_20240424051331_07740faf-5b31-4fce-b34a-60f4a65d01af LockResponse(lockid:6, state:ACQUIRED)
2024-04-24T05:13:31,661  INFO [main] ql.Driver: Operation CREATETABLE obtained 1 locks
2024-04-24T05:13:31,661  INFO [main] ql.Driver: Executing command(queryId=alex_20240424051331_07740faf-5b31-4fce-b34a-60f4a65d01af): create table nonAcidNonBucket(a int, b int) stored as orc TBLPROPERTIES ('transactional'='false')
2024-04-24T05:13:31,662  INFO [main] ql.Driver: Starting task [Stage-0:DDL] in serial mode
2024-04-24T05:13:31,663  INFO [main] HiveMetaStore.audit: ugi=alex	ip=unknown-ip-addr	cmd=create_table_req: Table(tableName:nonAcidNonBucket, dbName:default, owner:alex, createTime:1713960811, lastAccessTime:0, retention:0, sd:StorageDescriptor(cols:[FieldSchema(name:a, type:int, comment:null), FieldSchema(name:b, type:int, comment:null)], location:null, inputFormat:org.apache.hadoop.hive.ql.io.orc.OrcInputFormat, outputFormat:org.apache.hadoop.hive.ql.io.orc.OrcOutputFormat, compressed:false, numBuckets:-1, serdeInfo:SerDeInfo(name:null, serializationLib:org.apache.hadoop.hive.ql.io.orc.OrcSerde, parameters:{serialization.format=1}), bucketCols:[], sortCols:[], parameters:{}, skewedInfo:SkewedInfo(skewedColNames:[], skewedColValues:[], skewedColValueLocationMaps:{}), storedAsSubDirectories:false), partitionKeys:[], parameters:{bucketing_version=2, numFiles=0, COLUMN_STATS_ACCURATE={"BASIC_STATS":"true","COLUMN_STATS":{"a":"true","b":"true"}}, totalSize=0, transactional=false, numRows=0, numFilesErasureCoded=0, rawDataSize=0}, viewOriginalText:null, viewExpandedText:null, tableType:MANAGED_TABLE, privileges:PrincipalPrivilegeSet(userPrivileges:{alex=[PrivilegeGrantInfo(privilege:INSERT, createTime:-1, grantor:alex, grantorType:USER, grantOption:true), PrivilegeGrantInfo(privilege:SELECT, createTime:-1, grantor:alex, grantorType:USER, grantOption:true), PrivilegeGrantInfo(privilege:UPDATE, createTime:-1, grantor:alex, grantorType:USER, grantOption:true), PrivilegeGrantInfo(privilege:DELETE, createTime:-1, grantor:alex, grantorType:USER, grantOption:true)]}, groupPrivileges:null, rolePrivileges:null), temporary:false, catName:hive, ownerType:USER)	
2024-04-24T05:13:31,669  INFO [main] utils.FileUtils: Creating directory if it doesn't exist: file:/home/alex/Repositories/hive/ql/target/tmp/org.apache.hadoop.hive.ql.TestTxnCommands-1713960750541/warehouse/nonacidnonbucket
2024-04-24T05:13:31,685  INFO [main] metadata.Hive: Dumping metastore api call timing information for : execution phase
2024-04-24T05:13:31,685  INFO [main] metadata.Hive: Total time spent in each metastore function (ms): {createTable_(Table)=23, isCompatibleWith_(Configuration)=0}
2024-04-24T05:13:31,685  INFO [main] ql.Driver: Completed executing command(queryId=alex_20240424051331_07740faf-5b31-4fce-b34a-60f4a65d01af); Time taken: 0.024 seconds
2024-04-24T05:13:31,686  INFO [main] lockmgr.DbTxnManager: Stopped heartbeat for query: alex_20240424051331_07740faf-5b31-4fce-b34a-60f4a65d01af
2024-04-24T05:13:31,690  INFO [main] txn.TxnHandler: Expected to move at least one record from txn_components to completed_txn_components when committing txn! txnid:12
2024-04-24T05:13:31,697  INFO [main] txn.TxnHandler: Removed transactions: ([12]) from MIN_HISTORY_LEVEL
2024-04-24T05:13:31,698  WARN [main] txn.CompactionTxnHandler: No compaction queue record found for Compaction type transaction commit. txnId:12
2024-04-24T05:13:31,698  INFO [main] ql.TxnCommandsBaseForTests: Running the query: insert into nonAcidOrcTbl  values(2,2),(4,44),(5,5),(11,11)
2024-04-24T05:13:31,698  INFO [main] ql.Driver: Compiling command(queryId=alex_20240424051331_2acd8b03-c1ec-456a-804f-640d0aaefecf): insert into nonAcidOrcTbl  values(2,2),(4,44),(5,5),(11,11)
2024-04-24T05:13:31,701  INFO [main] txn.TxnHandler: Added entries to MIN_HISTORY_LEVEL for current txns: ([13]) with min_open_txn: 1
2024-04-24T05:13:31,701  INFO [main] lockmgr.DbTxnManager: Opened txnid:13
2024-04-24T05:13:31,702  INFO [main] parse.CalcitePlanner: Starting caching scope for: 
2024-04-24T05:13:31,702  INFO [main] parse.CalcitePlanner: Starting Semantic Analysis
2024-04-24T05:13:31,705  INFO [main] HiveMetaStore.audit: ugi=alex	ip=unknown-ip-addr	cmd=get_table : tbl=hive.default.nonAcidOrcTbl	
2024-04-24T05:13:31,745  INFO [main] metastore.HMSHandler: Skipping translation for processor with null
2024-04-24T05:13:31,745  INFO [main] parse.CalcitePlanner: Completed phase 1 of Semantic Analysis
2024-04-24T05:13:31,745  INFO [main] parse.CalcitePlanner: Get metadata for source tables
2024-04-24T05:13:31,745  INFO [main] parse.CalcitePlanner: Get metadata for subqueries
2024-04-24T05:13:31,745  INFO [main] parse.CalcitePlanner: Get metadata for destination tables
2024-04-24T05:13:31,745  INFO [main] HiveMetaStore.audit: ugi=alex	ip=unknown-ip-addr	cmd=get_table : tbl=hive.default.nonAcidOrcTbl	
2024-04-24T05:13:31,755  INFO [main] metastore.HMSHandler: Skipping translation for processor with null
2024-04-24T05:13:31,755  INFO [main] parse.CalcitePlanner: Completed getting MetaData in Semantic Analysis
2024-04-24T05:13:31,755  INFO [main] parse.CalcitePlanner: Disabling LLAP IO encode as ETL query is detected
2024-04-24T05:13:31,778  INFO [main] HiveMetaStore.audit: ugi=alex	ip=unknown-ip-addr	cmd=get_all_table_constraints : tbl=hive._dummy_database._dummy_table	
2024-04-24T05:13:31,865  INFO [main] parse.CalcitePlanner: Get metadata for source tables
2024-04-24T05:13:31,865  INFO [main] parse.CalcitePlanner: Get metadata for subqueries
2024-04-24T05:13:31,866  INFO [main] parse.CalcitePlanner: Get metadata for source tables
2024-04-24T05:13:31,866  INFO [main] HiveMetaStore.audit: ugi=alex	ip=unknown-ip-addr	cmd=get_table : tbl=hive._dummy_database._dummy_table	
2024-04-24T05:13:31,869  INFO [main] parse.CalcitePlanner: Get metadata for subqueries
2024-04-24T05:13:31,869  INFO [main] parse.CalcitePlanner: Get metadata for destination tables
2024-04-24T05:13:31,869  INFO [main] parse.CalcitePlanner: Get metadata for destination tables
2024-04-24T05:13:31,869  INFO [main] HiveMetaStore.audit: ugi=alex	ip=unknown-ip-addr	cmd=get_table : tbl=hive.default.nonAcidOrcTbl	
2024-04-24T05:13:31,879  INFO [main] metastore.HMSHandler: Skipping translation for processor with null
2024-04-24T05:13:31,880  INFO [main] common.FileUtils: Creating directory if it doesn't exist: file:/home/alex/Repositories/hive/ql/target/tmp/org.apache.hadoop.hive.ql.TestTxnCommands-1713960750541/warehouse/nonacidorctbl/.hive-staging_hive_2024-04-24_05-13-31_698_5441950794926654815-1
2024-04-24T05:13:31,883  INFO [main] HiveMetaStore.audit: ugi=alex	ip=unknown-ip-addr	cmd=get_not_null_constraints : tbl=hive.default.nonacidorctbl	
2024-04-24T05:13:31,884  INFO [main] HiveMetaStore.audit: ugi=alex	ip=unknown-ip-addr	cmd=get_check_constraints : tbl=hive.default.nonacidorctbl	
2024-04-24T05:13:31,886  INFO [main] parse.CalcitePlanner: CBO Succeeded; optimized logical plan.
2024-04-24T05:13:31,889  INFO [main] optimizer.ColumnPrunerProcFactory: RS 4 oldColExprMap: {KEY.reducesinkkey0=Column[_col0], VALUE._col0=Column[_col1]}
2024-04-24T05:13:31,890  INFO [main] optimizer.ColumnPrunerProcFactory: RS 4 newColExprMap: {VALUE._col0=Column[_col1], KEY.reducesinkkey0=Column[_col0]}
2024-04-24T05:13:31,891  INFO [main] optimizer.BucketVersionPopulator: not considering bucketingVersion for: TS[0] because it has -1<2 buckets 
2024-04-24T05:13:31,891  INFO [main] optimizer.SortedDynPartitionOptimizer: Sorted dynamic partitioning optimization kicked in..
2024-04-24T05:13:31,900  INFO [main] HiveMetaStore.audit: ugi=alex	ip=unknown-ip-addr	cmd=get_table : tbl=hive.default.nonacidorctbl	
2024-04-24T05:13:31,910  INFO [main] metastore.HMSHandler: Skipping translation for processor with null
2024-04-24T05:13:31,911  INFO [main] physical.Vectorizer: Examining input format to see if vectorization is enabled.
2024-04-24T05:13:31,911  INFO [main] physical.Vectorizer: Map vectorization enabled: false
2024-04-24T05:13:31,911  INFO [main] physical.Vectorizer: Map vectorized: false
2024-04-24T05:13:31,911  INFO [main] physical.Vectorizer: Map vectorizedVertexNum: 0
2024-04-24T05:13:31,911  INFO [main] physical.Vectorizer: Map enabledConditionsMet: [hive.vectorized.use.vectorized.input.format IS true]
2024-04-24T05:13:31,911  INFO [main] physical.Vectorizer: Map enabledConditionsNotMet: [Could not enable vectorization due to partition column names size 1 is greater than the number of table column names size 0 IS false]
2024-04-24T05:13:31,911  INFO [main] physical.Vectorizer: Map inputFileFormatClassNameSet: [org.apache.hadoop.hive.ql.io.NullRowsInputFormat]
2024-04-24T05:13:31,911  INFO [main] physical.Vectorizer: Reduce vectorization enabled: false
2024-04-24T05:13:31,911  INFO [main] physical.Vectorizer: Reduce vectorized: false
2024-04-24T05:13:31,911  INFO [main] physical.Vectorizer: Reduce vectorizedVertexNum: 1
2024-04-24T05:13:31,911  INFO [main] physical.Vectorizer: Reducer hive.vectorized.execution.reduce.enabled: true
2024-04-24T05:13:31,911  INFO [main] physical.Vectorizer: Reducer engine: mr
2024-04-24T05:13:31,911  INFO [main] parse.CalcitePlanner: Completed plan generation
2024-04-24T05:13:31,911  INFO [main] parse.CalcitePlanner: Ending caching scope for: 
2024-04-24T05:13:31,911  INFO [main] ql.Driver: Semantic Analysis Completed (retrial = false)
2024-04-24T05:13:31,911  INFO [main] ql.Driver: Created Hive schema: Schema(fieldSchemas:[FieldSchema(name:col1, type:int, comment:null), FieldSchema(name:col2, type:int, comment:null)], properties:null)
2024-04-24T05:13:31,911  INFO [main] metadata.Hive: Dumping metastore api call timing information for : compilation phase
2024-04-24T05:13:31,912  INFO [main] metadata.Hive: Total time spent in each metastore function (ms): {getTable_(GetTableRequest)=70, getValidTxns_(long)=0, commitTxn_(CommitTxnRequest)=12, getAllTableConstraints_(AllTableConstraintsRequest)=30, openTxn_(String, TxnType)=2, getNotNullConstraints_(NotNullConstraintsRequest)=1, flushCache_()=0, getValidWriteIds_(List, String)=2, getCheckConstraints_(CheckConstraintsRequest)=1, isCompatibleWith_(Configuration)=1}
2024-04-24T05:13:31,912  INFO [main] ql.Driver: Completed compiling command(queryId=alex_20240424051331_2acd8b03-c1ec-456a-804f-640d0aaefecf); Time taken: 0.213 seconds
2024-04-24T05:13:31,912  INFO [main] lockmgr.DbTxnManager: Setting lock request transaction to txnid:13 for queryId=alex_20240424051331_2acd8b03-c1ec-456a-804f-640d0aaefecf
2024-04-24T05:13:31,912  INFO [main] lockmgr.DbLockManager: Requesting lock for queryId=alex_20240424051331_2acd8b03-c1ec-456a-804f-640d0aaefecf
2024-04-24T05:13:31,933  INFO [main] lockmgr.DbLockManager: Response to queryId=alex_20240424051331_2acd8b03-c1ec-456a-804f-640d0aaefecf LockResponse(lockid:7, state:ACQUIRED)
2024-04-24T05:13:31,934  INFO [main] ql.Driver: Operation QUERY obtained 1 locks
2024-04-24T05:13:31,934  INFO [main] ql.Driver: Executing command(queryId=alex_20240424051331_2acd8b03-c1ec-456a-804f-640d0aaefecf): insert into nonAcidOrcTbl  values(2,2),(4,44),(5,5),(11,11)
2024-04-24T05:13:31,934  WARN [main] ql.Driver: Hive-on-MR is deprecated in Hive 2 and may not be available in the future versions. Consider using a different execution engine (i.e. spark, tez) or using Hive 1.X releases.
Query ID = alex_20240424051331_2acd8b03-c1ec-456a-804f-640d0aaefecf
2024-04-24T05:13:31,934  INFO [main] ql.Driver: Query ID = alex_20240424051331_2acd8b03-c1ec-456a-804f-640d0aaefecf
Total jobs = 1
2024-04-24T05:13:31,934  INFO [main] ql.Driver: Total jobs = 1
Launching Job 1 out of 1
2024-04-24T05:13:31,934  INFO [main] ql.Driver: Launching Job 1 out of 1
2024-04-24T05:13:32,085  INFO [main] ql.Driver: Starting task [Stage-1:MAPRED] in serial mode
Number of reduce tasks determined at compile time: 2
2024-04-24T05:13:32,085  INFO [main] exec.Task: Number of reduce tasks determined at compile time: 2
In order to change the average load for a reducer (in bytes):
2024-04-24T05:13:32,085  INFO [main] exec.Task: In order to change the average load for a reducer (in bytes):
  set hive.exec.reducers.bytes.per.reducer=<number>
2024-04-24T05:13:32,085  INFO [main] exec.Task:   set hive.exec.reducers.bytes.per.reducer=<number>
In order to limit the maximum number of reducers:
2024-04-24T05:13:32,085  INFO [main] exec.Task: In order to limit the maximum number of reducers:
  set hive.exec.reducers.max=<number>
2024-04-24T05:13:32,085  INFO [main] exec.Task:   set hive.exec.reducers.max=<number>
In order to set a constant number of reducers:
2024-04-24T05:13:32,085  INFO [main] exec.Task: In order to set a constant number of reducers:
  set mapreduce.job.reduces=<number>
2024-04-24T05:13:32,085  INFO [main] exec.Task:   set mapreduce.job.reduces=<number>
2024-04-24T05:13:32,088  INFO [main] mr.ExecDriver: Using org.apache.hadoop.hive.ql.io.HiveInputFormat
2024-04-24T05:13:32,088  INFO [main] exec.Utilities: Processing alias $hdt$_0:_dummy_table
2024-04-24T05:13:32,088  INFO [main] exec.Utilities: Adding 1 inputs; the first input is file:/home/alex/Repositories/hive/ql/target/tmp/localscratchdir/9b0c5357-be84-41c1-8e30-00e2af56a534/hive_2024-04-24_05-13-31_698_5441950794926654815-1/dummy_path
2024-04-24T05:13:32,097  INFO [main] exec.SerializationUtilities: Serializing MapWork using kryo
2024-04-24T05:13:32,099  INFO [main] exec.Utilities: Serialized plan (via FILE) - name: null size: 5,33KB
2024-04-24T05:13:32,103  INFO [main] exec.SerializationUtilities: Serializing ReduceWork using kryo
2024-04-24T05:13:32,104  INFO [main] exec.Utilities: Serialized plan (via FILE) - name: null size: 6,36KB
2024-04-24T05:13:32,105  WARN [main] impl.MetricsSystemImpl: JobTracker metrics system already initialized!
2024-04-24T05:13:32,109  INFO [main] fs.FSStatsPublisher: created : file:/home/alex/Repositories/hive/ql/target/tmp/localscratchdir/9b0c5357-be84-41c1-8e30-00e2af56a534/hive_2024-04-24_05-13-31_698_5441950794926654815-1/-mr-10001
2024-04-24T05:13:32,113  WARN [main] impl.MetricsSystemImpl: JobTracker metrics system already initialized!
2024-04-24T05:13:32,121  WARN [main] mapreduce.JobResourceUploader: Hadoop command-line option parsing not performed. Implement the Tool interface and execute your application with ToolRunner to remedy this.
2024-04-24T05:13:32,125  WARN [main] mapreduce.JobResourceUploader: No job jar file set.  User classes may not be found. See Job or Job#setJar(String).
2024-04-24T05:13:32,127  INFO [main] io.HiveInputFormat: hive.io.file.readcolumn.ids = 
2024-04-24T05:13:32,127  INFO [main] io.HiveInputFormat: hive.io.file.readcolumn.names = 
2024-04-24T05:13:32,127  INFO [main] io.HiveInputFormat: Generating splits for dirs: file:/home/alex/Repositories/hive/ql/target/tmp/localscratchdir/9b0c5357-be84-41c1-8e30-00e2af56a534/hive_2024-04-24_05-13-31_698_5441950794926654815-1/dummy_path
2024-04-24T05:13:32,127  INFO [main] io.HiveInputFormat: number of splits 1
2024-04-24T05:13:32,145  INFO [main] mapreduce.JobSubmitter: number of splits:1
2024-04-24T05:13:32,164  INFO [main] mapreduce.JobSubmitter: Submitting tokens for job: job_local833767491_0021
2024-04-24T05:13:32,164  INFO [main] mapreduce.JobSubmitter: Executing with tokens: []
2024-04-24T05:13:32,228  INFO [main] mapreduce.Job: The url to track the job: http://localhost:8080/
Job running in-process (local Hadoop)
2024-04-24T05:13:32,229  INFO [main] exec.Task: Job running in-process (local Hadoop)
2024-04-24T05:13:32,229  INFO [Thread-1673] mapred.LocalJobRunner: OutputCommitter set in config org.apache.hadoop.hive.ql.io.HiveFileFormatUtils$NullOutputCommitter
2024-04-24T05:13:32,229  INFO [Thread-1673] mapred.LocalJobRunner: OutputCommitter is org.apache.hadoop.hive.ql.io.HiveFileFormatUtils$NullOutputCommitter
2024-04-24T05:13:32,231  INFO [Thread-1673] mapred.LocalJobRunner: Waiting for map tasks
2024-04-24T05:13:32,231  INFO [LocalJobRunner Map Task Executor #0] mapred.LocalJobRunner: Starting task: attempt_local833767491_0021_m_000000_0
2024-04-24T05:13:32,234  INFO [LocalJobRunner Map Task Executor #0] mapred.Task:  Using ResourceCalculatorProcessTree : [ ]
2024-04-24T05:13:32,234  INFO [LocalJobRunner Map Task Executor #0] mapred.MapTask: Processing split: org.apache.hadoop.hive.ql.io.NullRowsInputFormat:file:/home/alex/Repositories/hive/ql/target/tmp/localscratchdir/9b0c5357-be84-41c1-8e30-00e2af56a534/hive_2024-04-24_05-13-31_698_5441950794926654815-1/dummy_path/null:0+1
2024-04-24T05:13:32,236  INFO [LocalJobRunner Map Task Executor #0] exec.SerializationUtilities: Deserializing MapWork using kryo
2024-04-24T05:13:32,237  INFO [LocalJobRunner Map Task Executor #0] exec.Utilities: Deserialized plan (via FILE) - name: null size: 5,33KB
2024-04-24T05:13:32,237  INFO [LocalJobRunner Map Task Executor #0] mapred.MapTask: numReduceTasks: 2
2024-04-24T05:13:32,242  INFO [LocalJobRunner Map Task Executor #0] mapred.MapTask: (EQUATOR) 0 kvi 26214396(104857584)
2024-04-24T05:13:32,242  INFO [LocalJobRunner Map Task Executor #0] mapred.MapTask: mapreduce.task.io.sort.mb: 100
2024-04-24T05:13:32,242  INFO [LocalJobRunner Map Task Executor #0] mapred.MapTask: soft limit at 83886080
2024-04-24T05:13:32,242  INFO [LocalJobRunner Map Task Executor #0] mapred.MapTask: bufstart = 0; bufvoid = 104857600
2024-04-24T05:13:32,242  INFO [LocalJobRunner Map Task Executor #0] mapred.MapTask: kvstart = 26214396; length = 6553600
2024-04-24T05:13:32,243  INFO [LocalJobRunner Map Task Executor #0] mapred.MapTask: Map output collector class = org.apache.hadoop.mapred.MapTask$MapOutputBuffer
2024-04-24T05:13:32,243  INFO [LocalJobRunner Map Task Executor #0] exec.MapOperator: Initializing Operator: MAP[0]
2024-04-24T05:13:32,243  INFO [LocalJobRunner Map Task Executor #0] mr.ExecMapper: 
<MAP>Id =0
  <Children>null
  <\Children>
  <Parent><\Parent>
<\MAP>
2024-04-24T05:13:32,244  INFO [LocalJobRunner Map Task Executor #0] exec.TableScanOperator: Initializing Operator: TS[0]
2024-04-24T05:13:32,244  INFO [LocalJobRunner Map Task Executor #0] exec.SelectOperator: Initializing Operator: SEL[1]
2024-04-24T05:13:32,244  INFO [LocalJobRunner Map Task Executor #0] exec.SelectOperator: SELECT null
2024-04-24T05:13:32,244  INFO [LocalJobRunner Map Task Executor #0] exec.UDTFOperator: Initializing Operator: UDTF[2]
2024-04-24T05:13:32,244  INFO [LocalJobRunner Map Task Executor #0] exec.SelectOperator: Initializing Operator: SEL[3]
2024-04-24T05:13:32,244  INFO [LocalJobRunner Map Task Executor #0] exec.SelectOperator: SELECT struct<col1:int,col2:int>
2024-04-24T05:13:32,245  INFO [LocalJobRunner Map Task Executor #0] exec.ReduceSinkOperator: Initializing Operator: RS[4]
2024-04-24T05:13:32,245  INFO [LocalJobRunner Map Task Executor #0] exec.ReduceSinkOperator: Using tag = -1
2024-04-24T05:13:32,245  INFO [LocalJobRunner Map Task Executor #0] exec.ReduceSinkOperator: keys are [reducesinkkey0] num distributions: 1
2024-04-24T05:13:32,245  INFO [LocalJobRunner Map Task Executor #0] exec.ReduceSinkOperator: RS[4]: records written - 1
2024-04-24T05:13:32,245  INFO [LocalJobRunner Map Task Executor #0] exec.MapOperator: MAP[0]: records read - 1
2024-04-24T05:13:32,246  INFO [LocalJobRunner Map Task Executor #0] exec.MapOperator: Closing Operator: MAP[0]
2024-04-24T05:13:32,246  INFO [LocalJobRunner Map Task Executor #0] exec.MapOperator: MAP[0]: Total records read - 3. abort - false
2024-04-24T05:13:32,246  INFO [LocalJobRunner Map Task Executor #0] exec.MapOperator: DESERIALIZE_ERRORS:0, RECORDS_OUT_OPERATOR_MAP_0:0, RECORDS_IN:3, RECORDS_OUT_INTERMEDIATE:0, 
2024-04-24T05:13:32,246  INFO [LocalJobRunner Map Task Executor #0] exec.TableScanOperator: Closing Operator: TS[0]
2024-04-24T05:13:32,246  INFO [LocalJobRunner Map Task Executor #0] exec.TableScanOperator: RECORDS_OUT_OPERATOR_TS_0:1, RECORDS_OUT_INTERMEDIATE:0, 
2024-04-24T05:13:32,246  INFO [LocalJobRunner Map Task Executor #0] exec.SelectOperator: Closing Operator: SEL[1]
2024-04-24T05:13:32,246  INFO [LocalJobRunner Map Task Executor #0] exec.SelectOperator: RECORDS_OUT_INTERMEDIATE:0, RECORDS_OUT_OPERATOR_SEL_1:1, 
2024-04-24T05:13:32,246  INFO [LocalJobRunner Map Task Executor #0] exec.UDTFOperator: Closing Operator: UDTF[2]
2024-04-24T05:13:32,246  INFO [LocalJobRunner Map Task Executor #0] exec.UDTFOperator: RECORDS_OUT_OPERATOR_UDTF_2:4, RECORDS_OUT_INTERMEDIATE:0, 
2024-04-24T05:13:32,246  INFO [LocalJobRunner Map Task Executor #0] exec.SelectOperator: Closing Operator: SEL[3]
2024-04-24T05:13:32,246  INFO [LocalJobRunner Map Task Executor #0] exec.SelectOperator: RECORDS_OUT_INTERMEDIATE:0, RECORDS_OUT_OPERATOR_SEL_3:4, 
2024-04-24T05:13:32,246  INFO [LocalJobRunner Map Task Executor #0] exec.ReduceSinkOperator: Closing Operator: RS[4]
2024-04-24T05:13:32,246  INFO [LocalJobRunner Map Task Executor #0] exec.ReduceSinkOperator: RS[4]: Total records written - 4. abort - false
2024-04-24T05:13:32,246  INFO [LocalJobRunner Map Task Executor #0] exec.ReduceSinkOperator: RECORDS_OUT_OPERATOR_RS_4:4, RECORDS_OUT_INTERMEDIATE:4, 
2024-04-24T05:13:32,248  INFO [LocalJobRunner Map Task Executor #0] mapred.LocalJobRunner: 
2024-04-24T05:13:32,248  INFO [LocalJobRunner Map Task Executor #0] mapred.MapTask: Starting flush of map output
2024-04-24T05:13:32,248  INFO [LocalJobRunner Map Task Executor #0] mapred.MapTask: Spilling map output
2024-04-24T05:13:32,248  INFO [LocalJobRunner Map Task Executor #0] mapred.MapTask: bufstart = 0; bufend = 64; bufvoid = 104857600
2024-04-24T05:13:32,248  INFO [LocalJobRunner Map Task Executor #0] mapred.MapTask: kvstart = 26214396(104857584); kvend = 26214384(104857536); length = 13/6553600
2024-04-24T05:13:32,259  INFO [LocalJobRunner Map Task Executor #0] mapred.MapTask: Finished spill 0
2024-04-24T05:13:32,263  INFO [LocalJobRunner Map Task Executor #0] mapred.Task: Task:attempt_local833767491_0021_m_000000_0 is done. And is in the process of committing
2024-04-24T05:13:32,264  INFO [LocalJobRunner Map Task Executor #0] mapred.LocalJobRunner: map
2024-04-24T05:13:32,264  INFO [LocalJobRunner Map Task Executor #0] mapred.Task: Task 'attempt_local833767491_0021_m_000000_0' done.
2024-04-24T05:13:32,264  INFO [LocalJobRunner Map Task Executor #0] mapred.Task: Final Counters for attempt_local833767491_0021_m_000000_0: Counters: 26
	File System Counters
		FILE: Number of bytes read=481233
		FILE: Number of bytes written=26309576
		FILE: Number of read operations=0
		FILE: Number of large read operations=0
		FILE: Number of write operations=0
	Map-Reduce Framework
		Map input records=4
		Map output records=4
		Map output bytes=64
		Map output materialized bytes=84
		Input split bytes=361
		Combine input records=0
		Spilled Records=4
		Failed Shuffles=0
		Merged Map outputs=0
		GC time elapsed (ms)=0
		Total committed heap usage (bytes)=1105199104
	HIVE
		DESERIALIZE_ERRORS=0
		RECORDS_IN=3
		RECORDS_OUT_INTERMEDIATE=4
		RECORDS_OUT_OPERATOR_MAP_0=0
		RECORDS_OUT_OPERATOR_RS_4=4
		RECORDS_OUT_OPERATOR_SEL_1=1
		RECORDS_OUT_OPERATOR_SEL_3=4
		RECORDS_OUT_OPERATOR_TS_0=1
		RECORDS_OUT_OPERATOR_UDTF_2=4
	File Input Format Counters 
		Bytes Read=5381
2024-04-24T05:13:32,264  INFO [LocalJobRunner Map Task Executor #0] mapred.LocalJobRunner: Finishing task: attempt_local833767491_0021_m_000000_0
2024-04-24T05:13:32,264  INFO [Thread-1673] mapred.LocalJobRunner: map task executor complete.
2024-04-24T05:13:32,266  INFO [Thread-1673] mapred.LocalJobRunner: Waiting for reduce tasks
2024-04-24T05:13:32,266  INFO [pool-102-thread-1] mapred.LocalJobRunner: Starting task: attempt_local833767491_0021_r_000000_0
2024-04-24T05:13:32,268  INFO [pool-102-thread-1] mapred.Task:  Using ResourceCalculatorProcessTree : [ ]
2024-04-24T05:13:32,268  INFO [pool-102-thread-1] mapred.ReduceTask: Using ShuffleConsumerPlugin: org.apache.hadoop.mapreduce.task.reduce.Shuffle@55249f29
2024-04-24T05:13:32,268  WARN [pool-102-thread-1] impl.MetricsSystemImpl: JobTracker metrics system already initialized!
2024-04-24T05:13:32,269  INFO [pool-102-thread-1] reduce.MergeManagerImpl: MergerManager: memoryLimit=1336252800, maxSingleShuffleLimit=334063200, mergeThreshold=881926912, ioSortFactor=10, memToMemMergeOutputsThreshold=10
2024-04-24T05:13:32,270  INFO [EventFetcher for fetching Map Completion Events] reduce.EventFetcher: attempt_local833767491_0021_r_000000_0 Thread started: EventFetcher for fetching Map Completion Events
2024-04-24T05:13:32,272  INFO [localfetcher#30] reduce.LocalFetcher: localfetcher#30 about to shuffle output of map attempt_local833767491_0021_m_000000_0 decomp: 20 len: 24 to MEMORY
2024-04-24T05:13:32,272  INFO [localfetcher#30] reduce.InMemoryMapOutput: Read 20 bytes from map-output for attempt_local833767491_0021_m_000000_0
2024-04-24T05:13:32,272  INFO [localfetcher#30] reduce.MergeManagerImpl: closeInMemoryFile -> map-output of size: 20, inMemoryMapOutputs.size() -> 1, commitMemory -> 0, usedMemory ->20
2024-04-24T05:13:32,273  INFO [EventFetcher for fetching Map Completion Events] reduce.EventFetcher: EventFetcher is interrupted.. Returning
2024-04-24T05:13:32,273  INFO [pool-102-thread-1] mapred.LocalJobRunner: 1 / 1 copied.
2024-04-24T05:13:32,273  INFO [pool-102-thread-1] reduce.MergeManagerImpl: finalMerge called with 1 in-memory map-outputs and 0 on-disk map-outputs
2024-04-24T05:13:32,279  INFO [pool-102-thread-1] mapred.Merger: Merging 1 sorted segments
2024-04-24T05:13:32,279  INFO [pool-102-thread-1] mapred.Merger: Down to the last merge-pass, with 1 segments left of total size: 8 bytes
2024-04-24T05:13:32,282  INFO [pool-102-thread-1] reduce.MergeManagerImpl: Merged 1 segments, 20 bytes to disk to satisfy reduce memory limit
2024-04-24T05:13:32,282  INFO [pool-102-thread-1] reduce.MergeManagerImpl: Merging 1 files, 24 bytes from disk
2024-04-24T05:13:32,282  INFO [pool-102-thread-1] reduce.MergeManagerImpl: Merging 0 segments, 0 bytes from memory into reduce
2024-04-24T05:13:32,282  INFO [pool-102-thread-1] mapred.Merger: Merging 1 sorted segments
2024-04-24T05:13:32,282  INFO [pool-102-thread-1] mapred.Merger: Down to the last merge-pass, with 1 segments left of total size: 8 bytes
2024-04-24T05:13:32,282  INFO [pool-102-thread-1] mapred.LocalJobRunner: 1 / 1 copied.
2024-04-24T05:13:32,283  INFO [pool-102-thread-1] exec.SerializationUtilities: Deserializing ReduceWork using kryo
2024-04-24T05:13:32,283  INFO [pool-102-thread-1] exec.Utilities: Deserialized plan (via FILE) - name: null size: 6,36KB
2024-04-24T05:13:32,284  INFO [pool-102-thread-1] ExecReducer: 
<SEL>Id =5
  <Children>
    <FS>Id =6
      <Children>
      <\Children>
      <Parent>Id = 5 null<\Parent>
    <\FS>
  <\Children>
  <Parent><\Parent>
<\SEL>
2024-04-24T05:13:32,284  INFO [pool-102-thread-1] exec.SelectOperator: Initializing Operator: SEL[5]
2024-04-24T05:13:32,284  INFO [pool-102-thread-1] exec.SelectOperator: SELECT struct<key:struct<reducesinkkey0:int>,value:struct<_col0:int>>
2024-04-24T05:13:32,284  INFO [pool-102-thread-1] exec.FileSinkOperator: Initializing Operator: FS[6]
2024-04-24T05:13:32,284  INFO [pool-102-thread-1] exec.FileSinkOperator: Using serializer : AbstractSerDe [log=org.apache.logging.slf4j.Log4jLogger@a925655, configuration=Optional[Configuration: core-default.xml, core-site.xml, mapred-default.xml, mapred-site.xml, yarn-default.xml, yarn-site.xml, hdfs-default.xml, hdfs-site.xml, file:/home/alex/Repositories/hive/ql/target/tmp/TestTxnCommandsWithSplitUpdateAndVectorization/mapred/local/localRunner/alex/job_local833767491_0021/job_local833767491_0021.xml], properties={name=default.nonacidorctbl, columns.types=int:int, bucket_field_name=a, serialization.format=1, columns=a,b, numFilesErasureCoded=0, columns.comments=&amp#0;, bucketing_version=2, bucket_count=2, serialization.lib=org.apache.hadoop.hive.ql.io.orc.OrcSerde, file.inputformat=org.apache.hadoop.hive.ql.io.orc.OrcInputFormat, file.outputformat=org.apache.hadoop.hive.ql.io.orc.OrcOutputFormat, location=file:/home/alex/Repositories/hive/ql/target/tmp/org.apache.hadoop.hive.ql.TestTxnCommands-1713960750541/warehouse/nonacidorctbl, column.name.delimiter=,}, tableProperties={name=default.nonacidorctbl, columns.types=int:int, bucket_field_name=a, serialization.format=1, columns=a,b, numFilesErasureCoded=0, columns.comments=&amp#0;, bucketing_version=2, bucket_count=2, serialization.lib=org.apache.hadoop.hive.ql.io.orc.OrcSerde, file.inputformat=org.apache.hadoop.hive.ql.io.orc.OrcInputFormat, location=file:/home/alex/Repositories/hive/ql/target/tmp/org.apache.hadoop.hive.ql.TestTxnCommands-1713960750541/warehouse/nonacidorctbl, file.outputformat=org.apache.hadoop.hive.ql.io.orc.OrcOutputFormat, column.name.delimiter=,}, partitionProperties=Optional.empty, columnNames=[a, b], columnTypes=[int, int], getClass()=class org.apache.hadoop.hive.ql.io.orc.OrcSerde] and formatter : org.apache.hadoop.hive.ql.io.orc.OrcOutputFormat@50157dd7
2024-04-24T05:13:32,285  INFO [pool-102-thread-1] exec.FileSinkOperator: Final Path: FS file:/home/alex/Repositories/hive/ql/target/tmp/org.apache.hadoop.hive.ql.TestTxnCommands-1713960750541/warehouse/nonacidorctbl/.hive-staging_hive_2024-04-24_05-13-31_698_5441950794926654815-1/_tmp.-ext-10000/000000_0
2024-04-24T05:13:32,285  INFO [pool-102-thread-1] exec.FileSinkOperator: Writing to temp file: FS file:/home/alex/Repositories/hive/ql/target/tmp/org.apache.hadoop.hive.ql.TestTxnCommands-1713960750541/warehouse/nonacidorctbl/.hive-staging_hive_2024-04-24_05-13-31_698_5441950794926654815-1/_task_tmp.-ext-10000/_tmp.000000_0
2024-04-24T05:13:32,285  INFO [pool-102-thread-1] exec.FileSinkOperator: New Final Path: FS file:/home/alex/Repositories/hive/ql/target/tmp/org.apache.hadoop.hive.ql.TestTxnCommands-1713960750541/warehouse/nonacidorctbl/.hive-staging_hive_2024-04-24_05-13-31_698_5441950794926654815-1/_tmp.-ext-10000/000000_0
2024-04-24T05:13:32,285  INFO [pool-102-thread-1] exec.FileSinkOperator: FS[6]: records written - 1
2024-04-24T05:13:32,285  INFO [pool-102-thread-1] impl.PhysicalFsWriter: ORC writer created for path: file:/home/alex/Repositories/hive/ql/target/tmp/org.apache.hadoop.hive.ql.TestTxnCommands-1713960750541/warehouse/nonacidorctbl/.hive-staging_hive_2024-04-24_05-13-31_698_5441950794926654815-1/_task_tmp.-ext-10000/_tmp.000000_0 with stripeSize: 67108864 blockSize: 268435456 compression: Compress: ZLIB buffer: 262144
2024-04-24T05:13:32,292  INFO [pool-102-thread-1] impl.WriterImpl: ORC writer created for path: file:/home/alex/Repositories/hive/ql/target/tmp/org.apache.hadoop.hive.ql.TestTxnCommands-1713960750541/warehouse/nonacidorctbl/.hive-staging_hive_2024-04-24_05-13-31_698_5441950794926654815-1/_task_tmp.-ext-10000/_tmp.000000_0 with stripeSize: 67108864 options: Compress: ZLIB buffer: 262144
2024-04-24T05:13:32,292  INFO [pool-102-thread-1] exec.SelectOperator: Closing Operator: SEL[5]
2024-04-24T05:13:32,292  INFO [pool-102-thread-1] exec.SelectOperator: RECORDS_OUT_INTERMEDIATE:0, RECORDS_OUT_OPERATOR_SEL_5:1, 
2024-04-24T05:13:32,292  INFO [pool-102-thread-1] exec.FileSinkOperator: Closing Operator: FS[6]
2024-04-24T05:13:32,292  INFO [pool-102-thread-1] exec.FileSinkOperator: FS[6]: records written - 1
2024-04-24T05:13:32,299  INFO [pool-102-thread-1] exec.FileSinkOperator: RECORDS_OUT_INTERMEDIATE:0, TOTAL_TABLE_ROWS_WRITTEN:1, RECORDS_OUT_1_default.nonacidorctbl:1, RECORDS_OUT_OPERATOR_FS_6:1, 
2024-04-24T05:13:32,300  INFO [pool-102-thread-1] mapred.Task: Task:attempt_local833767491_0021_r_000000_0 is done. And is in the process of committing
2024-04-24T05:13:32,300  INFO [pool-102-thread-1] mapred.LocalJobRunner: reduce > reduce
2024-04-24T05:13:32,300  INFO [pool-102-thread-1] mapred.Task: Task 'attempt_local833767491_0021_r_000000_0' done.
2024-04-24T05:13:32,301  INFO [pool-102-thread-1] mapred.Task: Final Counters for attempt_local833767491_0021_r_000000_0: Counters: 30
	File System Counters
		FILE: Number of bytes read=487816
		FILE: Number of bytes written=26309942
		FILE: Number of read operations=0
		FILE: Number of large read operations=0
		FILE: Number of write operations=0
	Map-Reduce Framework
		Combine input records=0
		Combine output records=0
		Reduce input groups=1
		Reduce shuffle bytes=24
		Reduce input records=1
		Reduce output records=0
		Spilled Records=1
		Shuffled Maps =1
		Failed Shuffles=0
		Merged Map outputs=1
		GC time elapsed (ms)=0
		Total committed heap usage (bytes)=1105199104
	HIVE
		CREATED_FILES=1
		RECORDS_OUT_1_default.nonacidorctbl=1
		RECORDS_OUT_INTERMEDIATE=0
		RECORDS_OUT_OPERATOR_FS_6=1
		RECORDS_OUT_OPERATOR_SEL_5=1
		TOTAL_TABLE_ROWS_WRITTEN=1
	Shuffle Errors
		BAD_ID=0
		CONNECTION=0
		IO_ERROR=0
		WRONG_LENGTH=0
		WRONG_MAP=0
		WRONG_REDUCE=0
	File Output Format Counters 
		Bytes Written=0
2024-04-24T05:13:32,301  INFO [pool-102-thread-1] mapred.LocalJobRunner: Finishing task: attempt_local833767491_0021_r_000000_0
2024-04-24T05:13:32,301  INFO [pool-102-thread-1] mapred.LocalJobRunner: Starting task: attempt_local833767491_0021_r_000001_0
2024-04-24T05:13:32,301  INFO [pool-102-thread-1] mapred.Task:  Using ResourceCalculatorProcessTree : [ ]
2024-04-24T05:13:32,301  INFO [pool-102-thread-1] mapred.ReduceTask: Using ShuffleConsumerPlugin: org.apache.hadoop.mapreduce.task.reduce.Shuffle@827b32e
2024-04-24T05:13:32,301  WARN [pool-102-thread-1] impl.MetricsSystemImpl: JobTracker metrics system already initialized!
2024-04-24T05:13:32,303  INFO [pool-102-thread-1] reduce.MergeManagerImpl: MergerManager: memoryLimit=1336252800, maxSingleShuffleLimit=334063200, mergeThreshold=881926912, ioSortFactor=10, memToMemMergeOutputsThreshold=10
2024-04-24T05:13:32,303  INFO [EventFetcher for fetching Map Completion Events] reduce.EventFetcher: attempt_local833767491_0021_r_000001_0 Thread started: EventFetcher for fetching Map Completion Events
2024-04-24T05:13:32,306  INFO [localfetcher#31] reduce.LocalFetcher: localfetcher#31 about to shuffle output of map attempt_local833767491_0021_m_000000_0 decomp: 56 len: 60 to MEMORY
2024-04-24T05:13:32,306  INFO [localfetcher#31] reduce.InMemoryMapOutput: Read 56 bytes from map-output for attempt_local833767491_0021_m_000000_0
2024-04-24T05:13:32,306  INFO [localfetcher#31] reduce.MergeManagerImpl: closeInMemoryFile -> map-output of size: 56, inMemoryMapOutputs.size() -> 1, commitMemory -> 0, usedMemory ->56
2024-04-24T05:13:32,307  INFO [EventFetcher for fetching Map Completion Events] reduce.EventFetcher: EventFetcher is interrupted.. Returning
2024-04-24T05:13:32,307  INFO [pool-102-thread-1] mapred.LocalJobRunner: 1 / 1 copied.
2024-04-24T05:13:32,307  INFO [pool-102-thread-1] reduce.MergeManagerImpl: finalMerge called with 1 in-memory map-outputs and 0 on-disk map-outputs
2024-04-24T05:13:32,313  INFO [pool-102-thread-1] mapred.Merger: Merging 1 sorted segments
2024-04-24T05:13:32,313  INFO [pool-102-thread-1] mapred.Merger: Down to the last merge-pass, with 1 segments left of total size: 44 bytes
2024-04-24T05:13:32,316  INFO [pool-102-thread-1] reduce.MergeManagerImpl: Merged 1 segments, 56 bytes to disk to satisfy reduce memory limit
2024-04-24T05:13:32,316  INFO [pool-102-thread-1] reduce.MergeManagerImpl: Merging 1 files, 60 bytes from disk
2024-04-24T05:13:32,316  INFO [pool-102-thread-1] reduce.MergeManagerImpl: Merging 0 segments, 0 bytes from memory into reduce
2024-04-24T05:13:32,316  INFO [pool-102-thread-1] mapred.Merger: Merging 1 sorted segments
2024-04-24T05:13:32,316  INFO [pool-102-thread-1] mapred.Merger: Down to the last merge-pass, with 1 segments left of total size: 44 bytes
2024-04-24T05:13:32,317  INFO [pool-102-thread-1] mapred.LocalJobRunner: 1 / 1 copied.
2024-04-24T05:13:32,317  INFO [pool-102-thread-1] exec.SerializationUtilities: Deserializing ReduceWork using kryo
2024-04-24T05:13:32,317  INFO [pool-102-thread-1] exec.Utilities: Deserialized plan (via FILE) - name: null size: 6,36KB
2024-04-24T05:13:32,318  INFO [pool-102-thread-1] ExecReducer: 
<SEL>Id =5
  <Children>
    <FS>Id =6
      <Children>
      <\Children>
      <Parent>Id = 5 null<\Parent>
    <\FS>
  <\Children>
  <Parent><\Parent>
<\SEL>
2024-04-24T05:13:32,318  INFO [pool-102-thread-1] exec.SelectOperator: Initializing Operator: SEL[5]
2024-04-24T05:13:32,318  INFO [pool-102-thread-1] exec.SelectOperator: SELECT struct<key:struct<reducesinkkey0:int>,value:struct<_col0:int>>
2024-04-24T05:13:32,319  INFO [pool-102-thread-1] exec.FileSinkOperator: Initializing Operator: FS[6]
2024-04-24T05:13:32,319  INFO [pool-102-thread-1] exec.FileSinkOperator: Using serializer : AbstractSerDe [log=org.apache.logging.slf4j.Log4jLogger@a925655, configuration=Optional[Configuration: core-default.xml, core-site.xml, mapred-default.xml, mapred-site.xml, yarn-default.xml, yarn-site.xml, hdfs-default.xml, hdfs-site.xml, file:/home/alex/Repositories/hive/ql/target/tmp/TestTxnCommandsWithSplitUpdateAndVectorization/mapred/local/localRunner/alex/job_local833767491_0021/job_local833767491_0021.xml], properties={name=default.nonacidorctbl, columns.types=int:int, bucket_field_name=a, serialization.format=1, columns=a,b, numFilesErasureCoded=0, columns.comments=&amp#0;, bucketing_version=2, bucket_count=2, serialization.lib=org.apache.hadoop.hive.ql.io.orc.OrcSerde, file.inputformat=org.apache.hadoop.hive.ql.io.orc.OrcInputFormat, file.outputformat=org.apache.hadoop.hive.ql.io.orc.OrcOutputFormat, location=file:/home/alex/Repositories/hive/ql/target/tmp/org.apache.hadoop.hive.ql.TestTxnCommands-1713960750541/warehouse/nonacidorctbl, column.name.delimiter=,}, tableProperties={name=default.nonacidorctbl, columns.types=int:int, bucket_field_name=a, serialization.format=1, columns=a,b, numFilesErasureCoded=0, columns.comments=&amp#0;, bucketing_version=2, bucket_count=2, serialization.lib=org.apache.hadoop.hive.ql.io.orc.OrcSerde, file.inputformat=org.apache.hadoop.hive.ql.io.orc.OrcInputFormat, location=file:/home/alex/Repositories/hive/ql/target/tmp/org.apache.hadoop.hive.ql.TestTxnCommands-1713960750541/warehouse/nonacidorctbl, file.outputformat=org.apache.hadoop.hive.ql.io.orc.OrcOutputFormat, column.name.delimiter=,}, partitionProperties=Optional.empty, columnNames=[a, b], columnTypes=[int, int], getClass()=class org.apache.hadoop.hive.ql.io.orc.OrcSerde] and formatter : org.apache.hadoop.hive.ql.io.orc.OrcOutputFormat@6754a280
2024-04-24T05:13:32,319  INFO [pool-102-thread-1] exec.FileSinkOperator: Final Path: FS file:/home/alex/Repositories/hive/ql/target/tmp/org.apache.hadoop.hive.ql.TestTxnCommands-1713960750541/warehouse/nonacidorctbl/.hive-staging_hive_2024-04-24_05-13-31_698_5441950794926654815-1/_tmp.-ext-10000/000001_0
2024-04-24T05:13:32,319  INFO [pool-102-thread-1] exec.FileSinkOperator: Writing to temp file: FS file:/home/alex/Repositories/hive/ql/target/tmp/org.apache.hadoop.hive.ql.TestTxnCommands-1713960750541/warehouse/nonacidorctbl/.hive-staging_hive_2024-04-24_05-13-31_698_5441950794926654815-1/_task_tmp.-ext-10000/_tmp.000001_0
2024-04-24T05:13:32,319  INFO [pool-102-thread-1] exec.FileSinkOperator: New Final Path: FS file:/home/alex/Repositories/hive/ql/target/tmp/org.apache.hadoop.hive.ql.TestTxnCommands-1713960750541/warehouse/nonacidorctbl/.hive-staging_hive_2024-04-24_05-13-31_698_5441950794926654815-1/_tmp.-ext-10000/000001_0
2024-04-24T05:13:32,320  INFO [pool-102-thread-1] exec.FileSinkOperator: FS[6]: records written - 1
2024-04-24T05:13:32,320  INFO [pool-102-thread-1] impl.PhysicalFsWriter: ORC writer created for path: file:/home/alex/Repositories/hive/ql/target/tmp/org.apache.hadoop.hive.ql.TestTxnCommands-1713960750541/warehouse/nonacidorctbl/.hive-staging_hive_2024-04-24_05-13-31_698_5441950794926654815-1/_task_tmp.-ext-10000/_tmp.000001_0 with stripeSize: 67108864 blockSize: 268435456 compression: Compress: ZLIB buffer: 262144
2024-04-24T05:13:32,325  INFO [pool-102-thread-1] impl.WriterImpl: ORC writer created for path: file:/home/alex/Repositories/hive/ql/target/tmp/org.apache.hadoop.hive.ql.TestTxnCommands-1713960750541/warehouse/nonacidorctbl/.hive-staging_hive_2024-04-24_05-13-31_698_5441950794926654815-1/_task_tmp.-ext-10000/_tmp.000001_0 with stripeSize: 67108864 options: Compress: ZLIB buffer: 262144
2024-04-24T05:13:32,325  INFO [pool-102-thread-1] exec.SelectOperator: Closing Operator: SEL[5]
2024-04-24T05:13:32,325  INFO [pool-102-thread-1] exec.SelectOperator: RECORDS_OUT_OPERATOR_SEL_5:3, RECORDS_OUT_INTERMEDIATE:0, 
2024-04-24T05:13:32,325  INFO [pool-102-thread-1] exec.FileSinkOperator: Closing Operator: FS[6]
2024-04-24T05:13:32,325  INFO [pool-102-thread-1] exec.FileSinkOperator: FS[6]: records written - 3
2024-04-24T05:13:32,332  INFO [pool-102-thread-1] exec.FileSinkOperator: RECORDS_OUT_INTERMEDIATE:0, RECORDS_OUT_1_default.nonacidorctbl:3, TOTAL_TABLE_ROWS_WRITTEN:3, RECORDS_OUT_OPERATOR_FS_6:3, 
2024-04-24T05:13:32,332  INFO [pool-102-thread-1] mapred.Task: Task:attempt_local833767491_0021_r_000001_0 is done. And is in the process of committing
2024-04-24T05:13:32,333  INFO [pool-102-thread-1] mapred.LocalJobRunner: reduce > reduce
2024-04-24T05:13:32,333  INFO [pool-102-thread-1] mapred.Task: Task 'attempt_local833767491_0021_r_000001_0' done.
2024-04-24T05:13:32,333  INFO [pool-102-thread-1] mapred.Task: Final Counters for attempt_local833767491_0021_r_000001_0: Counters: 30
	File System Counters
		FILE: Number of bytes read=494411
		FILE: Number of bytes written=26310361
		FILE: Number of read operations=0
		FILE: Number of large read operations=0
		FILE: Number of write operations=0
	Map-Reduce Framework
		Combine input records=0
		Combine output records=0
		Reduce input groups=3
		Reduce shuffle bytes=60
		Reduce input records=3
		Reduce output records=0
		Spilled Records=3
		Shuffled Maps =1
		Failed Shuffles=0
		Merged Map outputs=1
		GC time elapsed (ms)=0
		Total committed heap usage (bytes)=1105199104
	HIVE
		CREATED_FILES=1
		RECORDS_OUT_1_default.nonacidorctbl=3
		RECORDS_OUT_INTERMEDIATE=0
		RECORDS_OUT_OPERATOR_FS_6=3
		RECORDS_OUT_OPERATOR_SEL_5=3
		TOTAL_TABLE_ROWS_WRITTEN=3
	Shuffle Errors
		BAD_ID=0
		CONNECTION=0
		IO_ERROR=0
		WRONG_LENGTH=0
		WRONG_MAP=0
		WRONG_REDUCE=0
	File Output Format Counters 
		Bytes Written=0
2024-04-24T05:13:32,333  INFO [pool-102-thread-1] mapred.LocalJobRunner: Finishing task: attempt_local833767491_0021_r_000001_0
2024-04-24T05:13:32,333  INFO [Thread-1673] mapred.LocalJobRunner: reduce task executor complete.
2024-04-24 05:13:33,233 Stage-1 map = 100%,  reduce = 100%
2024-04-24T05:13:33,233  INFO [main] exec.Task: 2024-04-24 05:13:33,233 Stage-1 map = 100%,  reduce = 100%
Ended Job = job_local833767491_0021
2024-04-24T05:13:33,234  INFO [main] exec.Task: Ended Job = job_local833767491_0021
2024-04-24T05:13:33,237  INFO [main] ql.Driver: Starting task [Stage-0:MOVE] in serial mode
Loading data to table default.nonacidorctbl
2024-04-24T05:13:33,237  INFO [main] exec.Task: Loading data to table default.nonacidorctbl from file:/home/alex/Repositories/hive/ql/target/tmp/org.apache.hadoop.hive.ql.TestTxnCommands-1713960750541/warehouse/nonacidorctbl/.hive-staging_hive_2024-04-24_05-13-31_698_5441950794926654815-1/-ext-10000
2024-04-24T05:13:33,237  INFO [main] HiveMetaStore.audit: ugi=alex	ip=unknown-ip-addr	cmd=get_table : tbl=hive.default.nonacidorctbl	
2024-04-24T05:13:33,251  INFO [main] metastore.HMSHandler: Skipping translation for processor with null
2024-04-24T05:13:33,251  INFO [main] HiveMetaStore.audit: ugi=alex	ip=unknown-ip-addr	cmd=get_table : tbl=hive.default.nonacidorctbl	
2024-04-24T05:13:33,260  INFO [main] metastore.HMSHandler: Skipping translation for processor with null
2024-04-24T05:13:33,262  WARN [main] metadata.Hive: Cannot get a table snapshot for nonacidorctbl
2024-04-24T05:13:33,262  INFO [main] HiveMetaStore.audit: ugi=alex	ip=unknown-ip-addr	cmd=alter_table: hive.default.nonacidorctbl newtbl=nonacidorctbl	
2024-04-24T05:13:33,292  INFO [main] ql.Driver: Starting task [Stage-2:STATS] in serial mode
2024-04-24T05:13:33,293  INFO [main] HiveMetaStore.audit: ugi=alex	ip=unknown-ip-addr	cmd=get_table : tbl=hive.default.nonacidorctbl	
2024-04-24T05:13:33,301  INFO [main] metastore.HMSHandler: Skipping translation for processor with null
2024-04-24T05:13:33,301  INFO [main] stats.BasicStatsTask: Executing stats task
2024-04-24T05:13:33,301  INFO [main] fs.FSStatsPublisher: created : file:/home/alex/Repositories/hive/ql/target/tmp/localscratchdir/9b0c5357-be84-41c1-8e30-00e2af56a534/hive_2024-04-24_05-13-31_698_5441950794926654815-1/-mr-10001
2024-04-24T05:13:33,303  INFO [main] HiveMetaStore.audit: ugi=alex	ip=unknown-ip-addr	cmd=get_table : tbl=hive.default.nonacidorctbl	
2024-04-24T05:13:33,311  INFO [main] metastore.HMSHandler: Skipping translation for processor with null
2024-04-24T05:13:33,312  INFO [main] FileOperations: Read stats for default.nonacidorctbl/, numRows, true, 4, false: 
2024-04-24T05:13:33,312  INFO [main] FileOperations: Read stats for default.nonacidorctbl/, rawDataSize, true, 32, false: 
2024-04-24T05:13:33,312  WARN [main] metadata.Hive: Cannot get a table snapshot for nonacidorctbl
2024-04-24T05:13:33,312  INFO [main] HiveMetaStore.audit: ugi=alex	ip=unknown-ip-addr	cmd=alter_table: hive.default.nonacidorctbl newtbl=nonacidorctbl	
2024-04-24T05:13:33,335  INFO [main] stats.BasicStatsTask: Table default.nonacidorctbl stats: [numFiles=2, numRows=4, totalSize=499, rawDataSize=32, numFilesErasureCoded=0]
2024-04-24T05:13:33,336  INFO [main] metadata.Hive: Dumping metastore api call timing information for : execution phase
2024-04-24T05:13:33,336  INFO [main] metadata.Hive: Total time spent in each metastore function (ms): {isCompatibleWith_(Configuration)=1, getTable_(GetTableRequest)=40, alter_table_(String, String, String, Table, EnvironmentContext, String)=53}
MapReduce Jobs Launched: 
2024-04-24T05:13:33,336  INFO [main] ql.Driver: MapReduce Jobs Launched: 
Stage-Stage-1:  HDFS Read: 0 HDFS Write: 0 SUCCESS
2024-04-24T05:13:33,336  INFO [main] ql.Driver: Stage-Stage-1:  HDFS Read: 0 HDFS Write: 0 SUCCESS
Total MapReduce CPU Time Spent: 0 msec
2024-04-24T05:13:33,336  INFO [main] ql.Driver: Total MapReduce CPU Time Spent: 0 msec
2024-04-24T05:13:33,336  INFO [main] ql.Driver: Completed executing command(queryId=alex_20240424051331_2acd8b03-c1ec-456a-804f-640d0aaefecf); Time taken: 1.402 seconds
2024-04-24T05:13:33,337  INFO [main] lockmgr.DbTxnManager: Stopped heartbeat for query: alex_20240424051331_2acd8b03-c1ec-456a-804f-640d0aaefecf
2024-04-24T05:13:33,340  INFO [main] txn.TxnHandler: Expected to move at least one record from txn_components to completed_txn_components when committing txn! txnid:13
2024-04-24T05:13:33,414  INFO [main] txn.TxnHandler: Removed transactions: ([13]) from MIN_HISTORY_LEVEL
2024-04-24T05:13:33,414  WARN [main] txn.CompactionTxnHandler: No compaction queue record found for Compaction type transaction commit. txnId:13
2024-04-24T05:13:33,414  INFO [main] ql.TxnCommandsBaseForTests: Running the query: insert into acidTbl  values(2,1),(4,3),(5,6),(7,8)
2024-04-24T05:13:33,415  INFO [main] ql.Context: Deleting scratch dir: file:/home/alex/Repositories/hive/ql/target/tmp/org.apache.hadoop.hive.ql.TestTxnCommands-1713960750541/warehouse/nonacidorctbl/.hive-staging_hive_2024-04-24_05-13-31_698_5441950794926654815-1
2024-04-24T05:13:33,415  INFO [main] cleanup.SyncCleanupService: Deleted directory: file:/home/alex/Repositories/hive/ql/target/tmp/org.apache.hadoop.hive.ql.TestTxnCommands-1713960750541/warehouse/nonacidorctbl/.hive-staging_hive_2024-04-24_05-13-31_698_5441950794926654815-1 on fs with scheme file
2024-04-24T05:13:33,415  INFO [main] ql.Context: Deleting scratch dir: file:/home/alex/Repositories/hive/ql/target/tmp/localscratchdir/9b0c5357-be84-41c1-8e30-00e2af56a534/hive_2024-04-24_05-13-31_698_5441950794926654815-1
2024-04-24T05:13:33,415  INFO [main] cleanup.SyncCleanupService: Deleted directory: file:/home/alex/Repositories/hive/ql/target/tmp/localscratchdir/9b0c5357-be84-41c1-8e30-00e2af56a534/hive_2024-04-24_05-13-31_698_5441950794926654815-1 on fs with scheme file
2024-04-24T05:13:33,416  INFO [main] ql.Driver: Compiling command(queryId=alex_20240424051333_cb92bf86-8ce3-4f54-94e9-bc6175c8a2b5): insert into acidTbl  values(2,1),(4,3),(5,6),(7,8)
2024-04-24T05:13:33,419  INFO [main] txn.TxnHandler: Added entries to MIN_HISTORY_LEVEL for current txns: ([14]) with min_open_txn: 14
2024-04-24T05:13:33,419  INFO [main] lockmgr.DbTxnManager: Opened txnid:14
2024-04-24T05:13:33,419  INFO [main] parse.CalcitePlanner: Starting caching scope for: 
2024-04-24T05:13:33,420  INFO [main] parse.CalcitePlanner: Starting Semantic Analysis
2024-04-24T05:13:33,423  INFO [main] HiveMetaStore.audit: ugi=alex	ip=unknown-ip-addr	cmd=get_table : tbl=hive.default.acidTbl	
2024-04-24T05:13:33,430  INFO [main] metastore.HMSHandler: Skipping translation for processor with null
2024-04-24T05:13:33,430  INFO [main] parse.CalcitePlanner: Completed phase 1 of Semantic Analysis
2024-04-24T05:13:33,430  INFO [main] parse.CalcitePlanner: Get metadata for source tables
2024-04-24T05:13:33,430  INFO [main] parse.CalcitePlanner: Get metadata for subqueries
2024-04-24T05:13:33,430  INFO [main] parse.CalcitePlanner: Get metadata for destination tables
2024-04-24T05:13:33,430  INFO [main] HiveMetaStore.audit: ugi=alex	ip=unknown-ip-addr	cmd=get_table : tbl=hive.default.acidTbl	
2024-04-24T05:13:33,437  INFO [main] metastore.HMSHandler: Skipping translation for processor with null
2024-04-24T05:13:33,437  INFO [main] parse.CalcitePlanner: Completed getting MetaData in Semantic Analysis
2024-04-24T05:13:33,437  INFO [main] parse.CalcitePlanner: Disabling LLAP IO encode as ETL query is detected
2024-04-24T05:13:33,458  INFO [main] HiveMetaStore.audit: ugi=alex	ip=unknown-ip-addr	cmd=get_all_table_constraints : tbl=hive._dummy_database._dummy_table	
2024-04-24T05:13:33,517  INFO [main] parse.CalcitePlanner: Get metadata for source tables
2024-04-24T05:13:33,517  INFO [main] parse.CalcitePlanner: Get metadata for subqueries
2024-04-24T05:13:33,517  INFO [main] parse.CalcitePlanner: Get metadata for source tables
2024-04-24T05:13:33,518  INFO [main] HiveMetaStore.audit: ugi=alex	ip=unknown-ip-addr	cmd=get_table : tbl=hive._dummy_database._dummy_table	
2024-04-24T05:13:33,520  INFO [main] parse.CalcitePlanner: Get metadata for subqueries
2024-04-24T05:13:33,520  INFO [main] parse.CalcitePlanner: Get metadata for destination tables
2024-04-24T05:13:33,520  INFO [main] parse.CalcitePlanner: Get metadata for destination tables
2024-04-24T05:13:33,520  INFO [main] HiveMetaStore.audit: ugi=alex	ip=unknown-ip-addr	cmd=get_table : tbl=hive.default.acidTbl	
2024-04-24T05:13:33,528  INFO [main] metastore.HMSHandler: Skipping translation for processor with null
2024-04-24T05:13:33,530  INFO [main] HiveMetaStore.audit: ugi=alex	ip=unknown-ip-addr	cmd=get_not_null_constraints : tbl=hive.default.acidtbl	
2024-04-24T05:13:33,532  INFO [main] HiveMetaStore.audit: ugi=alex	ip=unknown-ip-addr	cmd=get_check_constraints : tbl=hive.default.acidtbl	
2024-04-24T05:13:33,540  INFO [main] txn.TxnHandler: Allocated writeId: 1 for txnId: 14
2024-04-24T05:13:33,540  INFO [main] txn.TxnHandler: Allocated write ids for dbName=default, tblName=acidtbl (txnIds: [14])
2024-04-24T05:13:33,541  INFO [main] parse.CalcitePlanner: CBO Succeeded; optimized logical plan.
2024-04-24T05:13:33,544  INFO [main] optimizer.ColumnPrunerProcFactory: RS 4 oldColExprMap: {VALUE._col0=Column[_col1], KEY.reducesinkkey0=Column[_col0]}
2024-04-24T05:13:33,544  INFO [main] optimizer.ColumnPrunerProcFactory: RS 4 newColExprMap: {KEY.reducesinkkey0=Column[_col0], VALUE._col0=Column[_col1]}
2024-04-24T05:13:33,545  INFO [main] optimizer.BucketVersionPopulator: not considering bucketingVersion for: TS[0] because it has -1<2 buckets 
2024-04-24T05:13:33,546  INFO [main] optimizer.SortedDynPartitionOptimizer: Sorted dynamic partitioning optimization kicked in..
2024-04-24T05:13:33,554  INFO [main] HiveMetaStore.audit: ugi=alex	ip=unknown-ip-addr	cmd=get_table : tbl=hive.default.acidtbl	
2024-04-24T05:13:33,562  INFO [main] metastore.HMSHandler: Skipping translation for processor with null
2024-04-24T05:13:33,563  INFO [main] physical.Vectorizer: Examining input format to see if vectorization is enabled.
2024-04-24T05:13:33,563  INFO [main] physical.Vectorizer: Map vectorization enabled: false
2024-04-24T05:13:33,563  INFO [main] physical.Vectorizer: Map vectorized: false
2024-04-24T05:13:33,563  INFO [main] physical.Vectorizer: Map vectorizedVertexNum: 0
2024-04-24T05:13:33,563  INFO [main] physical.Vectorizer: Map enabledConditionsMet: [hive.vectorized.use.vectorized.input.format IS true]
2024-04-24T05:13:33,563  INFO [main] physical.Vectorizer: Map enabledConditionsNotMet: [Could not enable vectorization due to partition column names size 1 is greater than the number of table column names size 0 IS false]
2024-04-24T05:13:33,563  INFO [main] physical.Vectorizer: Map inputFileFormatClassNameSet: [org.apache.hadoop.hive.ql.io.NullRowsInputFormat]
2024-04-24T05:13:33,563  INFO [main] physical.Vectorizer: Reduce vectorization enabled: false
2024-04-24T05:13:33,563  INFO [main] physical.Vectorizer: Reduce vectorized: false
2024-04-24T05:13:33,563  INFO [main] physical.Vectorizer: Reduce vectorizedVertexNum: 1
2024-04-24T05:13:33,563  INFO [main] physical.Vectorizer: Reducer hive.vectorized.execution.reduce.enabled: true
2024-04-24T05:13:33,563  INFO [main] physical.Vectorizer: Reducer engine: mr
2024-04-24T05:13:33,563  INFO [main] parse.CalcitePlanner: Completed plan generation
2024-04-24T05:13:33,563  INFO [main] parse.CalcitePlanner: Ending caching scope for: 
2024-04-24T05:13:33,563  INFO [main] ql.Driver: Semantic Analysis Completed (retrial = false)
2024-04-24T05:13:33,564  INFO [main] ql.Driver: Created Hive schema: Schema(fieldSchemas:[FieldSchema(name:col1, type:int, comment:null), FieldSchema(name:col2, type:int, comment:null)], properties:null)
2024-04-24T05:13:33,564  INFO [main] metadata.Hive: Dumping metastore api call timing information for : compilation phase
2024-04-24T05:13:33,564  INFO [main] metadata.Hive: Total time spent in each metastore function (ms): {openTxn_(String, TxnType)=2, getAllTableConstraints_(AllTableConstraintsRequest)=5, getTable_(GetTableRequest)=31, allocateTableWriteId_(long, String, String)=7, isCompatibleWith_(Configuration)=0, flushCache_()=0, getNotNullConstraints_(NotNullConstraintsRequest)=2, getValidTxns_(long)=0, getCheckConstraints_(CheckConstraintsRequest)=1, commitTxn_(CommitTxnRequest)=77, getValidWriteIds_(List, String)=4}
2024-04-24T05:13:33,564  INFO [main] ql.Driver: Completed compiling command(queryId=alex_20240424051333_cb92bf86-8ce3-4f54-94e9-bc6175c8a2b5); Time taken: 0.148 seconds
2024-04-24T05:13:33,564  INFO [main] lockmgr.DbTxnManager: Setting lock request transaction to txnid:14 for queryId=alex_20240424051333_cb92bf86-8ce3-4f54-94e9-bc6175c8a2b5
2024-04-24T05:13:33,564  INFO [main] lockmgr.DbLockManager: Requesting lock for queryId=alex_20240424051333_cb92bf86-8ce3-4f54-94e9-bc6175c8a2b5
2024-04-24T05:13:33,580  INFO [main] lockmgr.DbLockManager: Response to queryId=alex_20240424051333_cb92bf86-8ce3-4f54-94e9-bc6175c8a2b5 LockResponse(lockid:8, state:ACQUIRED)
2024-04-24T05:13:33,580  INFO [main] ql.Driver: Operation QUERY obtained 1 locks
2024-04-24T05:13:33,583  INFO [main] ql.Driver: Executing command(queryId=alex_20240424051333_cb92bf86-8ce3-4f54-94e9-bc6175c8a2b5): insert into acidTbl  values(2,1),(4,3),(5,6),(7,8)
2024-04-24T05:13:33,583  WARN [main] ql.Driver: Hive-on-MR is deprecated in Hive 2 and may not be available in the future versions. Consider using a different execution engine (i.e. spark, tez) or using Hive 1.X releases.
Query ID = alex_20240424051333_cb92bf86-8ce3-4f54-94e9-bc6175c8a2b5
2024-04-24T05:13:33,584  INFO [main] ql.Driver: Query ID = alex_20240424051333_cb92bf86-8ce3-4f54-94e9-bc6175c8a2b5
Total jobs = 1
2024-04-24T05:13:33,584  INFO [main] ql.Driver: Total jobs = 1
Launching Job 1 out of 1
2024-04-24T05:13:33,584  INFO [main] ql.Driver: Launching Job 1 out of 1
2024-04-24T05:13:33,731  INFO [main] ql.Driver: Starting task [Stage-1:MAPRED] in serial mode
Number of reduce tasks determined at compile time: 2
2024-04-24T05:13:33,731  INFO [main] exec.Task: Number of reduce tasks determined at compile time: 2
In order to change the average load for a reducer (in bytes):
2024-04-24T05:13:33,731  INFO [main] exec.Task: In order to change the average load for a reducer (in bytes):
  set hive.exec.reducers.bytes.per.reducer=<number>
2024-04-24T05:13:33,731  INFO [main] exec.Task:   set hive.exec.reducers.bytes.per.reducer=<number>
In order to limit the maximum number of reducers:
2024-04-24T05:13:33,731  INFO [main] exec.Task: In order to limit the maximum number of reducers:
  set hive.exec.reducers.max=<number>
2024-04-24T05:13:33,731  INFO [main] exec.Task:   set hive.exec.reducers.max=<number>
In order to set a constant number of reducers:
2024-04-24T05:13:33,731  INFO [main] exec.Task: In order to set a constant number of reducers:
  set mapreduce.job.reduces=<number>
2024-04-24T05:13:33,731  INFO [main] exec.Task:   set mapreduce.job.reduces=<number>
2024-04-24T05:13:33,733  INFO [main] mr.ExecDriver: Using org.apache.hadoop.hive.ql.io.HiveInputFormat
2024-04-24T05:13:33,734  INFO [main] exec.Utilities: Processing alias $hdt$_0:_dummy_table
2024-04-24T05:13:33,734  INFO [main] exec.Utilities: Adding 1 inputs; the first input is file:/home/alex/Repositories/hive/ql/target/tmp/localscratchdir/9b0c5357-be84-41c1-8e30-00e2af56a534/hive_2024-04-24_05-13-33_416_8101294471778650996-1/dummy_path
2024-04-24T05:13:33,743  INFO [main] exec.SerializationUtilities: Serializing MapWork using kryo
2024-04-24T05:13:33,744  INFO [main] exec.Utilities: Serialized plan (via FILE) - name: null size: 5,35KB
2024-04-24T05:13:33,749  INFO [main] exec.SerializationUtilities: Serializing ReduceWork using kryo
2024-04-24T05:13:33,749  INFO [main] exec.Utilities: Serialized plan (via FILE) - name: null size: 5,96KB
2024-04-24T05:13:33,750  WARN [main] impl.MetricsSystemImpl: JobTracker metrics system already initialized!
2024-04-24T05:13:33,754  INFO [main] fs.FSStatsPublisher: created : file:/home/alex/Repositories/hive/ql/target/tmp/localscratchdir/9b0c5357-be84-41c1-8e30-00e2af56a534/hive_2024-04-24_05-13-33_416_8101294471778650996-1/-mr-10000
2024-04-24T05:13:33,756  WARN [main] impl.MetricsSystemImpl: JobTracker metrics system already initialized!
2024-04-24T05:13:33,764  WARN [main] mapreduce.JobResourceUploader: Hadoop command-line option parsing not performed. Implement the Tool interface and execute your application with ToolRunner to remedy this.
2024-04-24T05:13:33,769  WARN [main] mapreduce.JobResourceUploader: No job jar file set.  User classes may not be found. See Job or Job#setJar(String).
2024-04-24T05:13:33,770  INFO [main] io.HiveInputFormat: hive.io.file.readcolumn.ids = 
2024-04-24T05:13:33,770  INFO [main] io.HiveInputFormat: hive.io.file.readcolumn.names = 
2024-04-24T05:13:33,770  INFO [main] io.HiveInputFormat: Generating splits for dirs: file:/home/alex/Repositories/hive/ql/target/tmp/localscratchdir/9b0c5357-be84-41c1-8e30-00e2af56a534/hive_2024-04-24_05-13-33_416_8101294471778650996-1/dummy_path
2024-04-24T05:13:33,771  INFO [main] io.HiveInputFormat: number of splits 1
2024-04-24T05:13:33,789  INFO [main] mapreduce.JobSubmitter: number of splits:1
2024-04-24T05:13:33,808  INFO [main] mapreduce.JobSubmitter: Submitting tokens for job: job_local2010833304_0022
2024-04-24T05:13:33,808  INFO [main] mapreduce.JobSubmitter: Executing with tokens: []
2024-04-24T05:13:33,873  INFO [main] mapreduce.Job: The url to track the job: http://localhost:8080/
Job running in-process (local Hadoop)
2024-04-24T05:13:33,874  INFO [main] exec.Task: Job running in-process (local Hadoop)
2024-04-24T05:13:33,874  INFO [Thread-1736] mapred.LocalJobRunner: OutputCommitter set in config org.apache.hadoop.hive.ql.io.HiveFileFormatUtils$NullOutputCommitter
2024-04-24T05:13:33,874  INFO [Thread-1736] mapred.LocalJobRunner: OutputCommitter is org.apache.hadoop.hive.ql.io.HiveFileFormatUtils$NullOutputCommitter
2024-04-24T05:13:33,875  INFO [Thread-1736] mapred.LocalJobRunner: Waiting for map tasks
2024-04-24T05:13:33,876  INFO [LocalJobRunner Map Task Executor #0] mapred.LocalJobRunner: Starting task: attempt_local2010833304_0022_m_000000_0
2024-04-24T05:13:33,876  INFO [LocalJobRunner Map Task Executor #0] mapred.Task:  Using ResourceCalculatorProcessTree : [ ]
2024-04-24T05:13:33,877  INFO [LocalJobRunner Map Task Executor #0] mapred.MapTask: Processing split: org.apache.hadoop.hive.ql.io.NullRowsInputFormat:file:/home/alex/Repositories/hive/ql/target/tmp/localscratchdir/9b0c5357-be84-41c1-8e30-00e2af56a534/hive_2024-04-24_05-13-33_416_8101294471778650996-1/dummy_path/null:0+1
2024-04-24T05:13:33,877  INFO [LocalJobRunner Map Task Executor #0] exec.SerializationUtilities: Deserializing MapWork using kryo
2024-04-24T05:13:33,878  INFO [LocalJobRunner Map Task Executor #0] exec.Utilities: Deserialized plan (via FILE) - name: null size: 5,35KB
2024-04-24T05:13:33,878  INFO [LocalJobRunner Map Task Executor #0] mapred.MapTask: numReduceTasks: 2
2024-04-24T05:13:33,883  INFO [LocalJobRunner Map Task Executor #0] mapred.MapTask: (EQUATOR) 0 kvi 26214396(104857584)
2024-04-24T05:13:33,883  INFO [LocalJobRunner Map Task Executor #0] mapred.MapTask: mapreduce.task.io.sort.mb: 100
2024-04-24T05:13:33,883  INFO [LocalJobRunner Map Task Executor #0] mapred.MapTask: soft limit at 83886080
2024-04-24T05:13:33,883  INFO [LocalJobRunner Map Task Executor #0] mapred.MapTask: bufstart = 0; bufvoid = 104857600
2024-04-24T05:13:33,883  INFO [LocalJobRunner Map Task Executor #0] mapred.MapTask: kvstart = 26214396; length = 6553600
2024-04-24T05:13:33,884  INFO [LocalJobRunner Map Task Executor #0] mapred.MapTask: Map output collector class = org.apache.hadoop.mapred.MapTask$MapOutputBuffer
2024-04-24T05:13:33,884  INFO [LocalJobRunner Map Task Executor #0] exec.MapOperator: Initializing Operator: MAP[0]
2024-04-24T05:13:33,884  INFO [LocalJobRunner Map Task Executor #0] mr.ExecMapper: 
<MAP>Id =0
  <Children>null
  <\Children>
  <Parent><\Parent>
<\MAP>
2024-04-24T05:13:33,885  INFO [LocalJobRunner Map Task Executor #0] exec.TableScanOperator: Initializing Operator: TS[0]
2024-04-24T05:13:33,885  INFO [LocalJobRunner Map Task Executor #0] exec.SelectOperator: Initializing Operator: SEL[1]
2024-04-24T05:13:33,885  INFO [LocalJobRunner Map Task Executor #0] exec.SelectOperator: SELECT null
2024-04-24T05:13:33,886  INFO [LocalJobRunner Map Task Executor #0] exec.UDTFOperator: Initializing Operator: UDTF[2]
2024-04-24T05:13:33,886  INFO [LocalJobRunner Map Task Executor #0] exec.SelectOperator: Initializing Operator: SEL[3]
2024-04-24T05:13:33,886  INFO [LocalJobRunner Map Task Executor #0] exec.SelectOperator: SELECT struct<col1:int,col2:int>
2024-04-24T05:13:33,886  INFO [LocalJobRunner Map Task Executor #0] exec.ReduceSinkOperator: Initializing Operator: RS[4]
2024-04-24T05:13:33,886  INFO [LocalJobRunner Map Task Executor #0] exec.ReduceSinkOperator: Using tag = -1
2024-04-24T05:13:33,887  INFO [LocalJobRunner Map Task Executor #0] exec.ReduceSinkOperator: keys are [reducesinkkey0] num distributions: 1
2024-04-24T05:13:33,887  INFO [LocalJobRunner Map Task Executor #0] exec.ReduceSinkOperator: RS[4]: records written - 1
2024-04-24T05:13:33,887  INFO [LocalJobRunner Map Task Executor #0] exec.MapOperator: MAP[0]: records read - 1
2024-04-24T05:13:33,887  INFO [LocalJobRunner Map Task Executor #0] exec.MapOperator: Closing Operator: MAP[0]
2024-04-24T05:13:33,887  INFO [LocalJobRunner Map Task Executor #0] exec.MapOperator: MAP[0]: Total records read - 3. abort - false
2024-04-24T05:13:33,887  INFO [LocalJobRunner Map Task Executor #0] exec.MapOperator: RECORDS_OUT_OPERATOR_MAP_0:0, RECORDS_IN:3, DESERIALIZE_ERRORS:0, RECORDS_OUT_INTERMEDIATE:0, 
2024-04-24T05:13:33,887  INFO [LocalJobRunner Map Task Executor #0] exec.TableScanOperator: Closing Operator: TS[0]
2024-04-24T05:13:33,887  INFO [LocalJobRunner Map Task Executor #0] exec.TableScanOperator: RECORDS_OUT_INTERMEDIATE:0, RECORDS_OUT_OPERATOR_TS_0:1, 
2024-04-24T05:13:33,887  INFO [LocalJobRunner Map Task Executor #0] exec.SelectOperator: Closing Operator: SEL[1]
2024-04-24T05:13:33,887  INFO [LocalJobRunner Map Task Executor #0] exec.SelectOperator: RECORDS_OUT_OPERATOR_SEL_1:1, RECORDS_OUT_INTERMEDIATE:0, 
2024-04-24T05:13:33,888  INFO [LocalJobRunner Map Task Executor #0] exec.UDTFOperator: Closing Operator: UDTF[2]
2024-04-24T05:13:33,888  INFO [LocalJobRunner Map Task Executor #0] exec.UDTFOperator: RECORDS_OUT_OPERATOR_UDTF_2:4, RECORDS_OUT_INTERMEDIATE:0, 
2024-04-24T05:13:33,888  INFO [LocalJobRunner Map Task Executor #0] exec.SelectOperator: Closing Operator: SEL[3]
2024-04-24T05:13:33,888  INFO [LocalJobRunner Map Task Executor #0] exec.SelectOperator: RECORDS_OUT_OPERATOR_SEL_3:4, RECORDS_OUT_INTERMEDIATE:0, 
2024-04-24T05:13:33,888  INFO [LocalJobRunner Map Task Executor #0] exec.ReduceSinkOperator: Closing Operator: RS[4]
2024-04-24T05:13:33,888  INFO [LocalJobRunner Map Task Executor #0] exec.ReduceSinkOperator: RS[4]: Total records written - 4. abort - false
2024-04-24T05:13:33,888  INFO [LocalJobRunner Map Task Executor #0] exec.ReduceSinkOperator: RECORDS_OUT_INTERMEDIATE:4, RECORDS_OUT_OPERATOR_RS_4:4, 
2024-04-24T05:13:33,888  INFO [LocalJobRunner Map Task Executor #0] mapred.LocalJobRunner: 
2024-04-24T05:13:33,888  INFO [LocalJobRunner Map Task Executor #0] mapred.MapTask: Starting flush of map output
2024-04-24T05:13:33,888  INFO [LocalJobRunner Map Task Executor #0] mapred.MapTask: Spilling map output
2024-04-24T05:13:33,888  INFO [LocalJobRunner Map Task Executor #0] mapred.MapTask: bufstart = 0; bufend = 64; bufvoid = 104857600
2024-04-24T05:13:33,888  INFO [LocalJobRunner Map Task Executor #0] mapred.MapTask: kvstart = 26214396(104857584); kvend = 26214384(104857536); length = 13/6553600
2024-04-24T05:13:33,899  INFO [LocalJobRunner Map Task Executor #0] mapred.MapTask: Finished spill 0
2024-04-24T05:13:33,902  INFO [LocalJobRunner Map Task Executor #0] mapred.Task: Task:attempt_local2010833304_0022_m_000000_0 is done. And is in the process of committing
2024-04-24T05:13:33,903  INFO [LocalJobRunner Map Task Executor #0] mapred.LocalJobRunner: map
2024-04-24T05:13:33,903  INFO [LocalJobRunner Map Task Executor #0] mapred.Task: Task 'attempt_local2010833304_0022_m_000000_0' done.
2024-04-24T05:13:33,903  INFO [LocalJobRunner Map Task Executor #0] mapred.Task: Final Counters for attempt_local2010833304_0022_m_000000_0: Counters: 26
	File System Counters
		FILE: Number of bytes read=500403
		FILE: Number of bytes written=27566010
		FILE: Number of read operations=0
		FILE: Number of large read operations=0
		FILE: Number of write operations=0
	Map-Reduce Framework
		Map input records=4
		Map output records=4
		Map output bytes=64
		Map output materialized bytes=84
		Input split bytes=361
		Combine input records=0
		Spilled Records=4
		Failed Shuffles=0
		Merged Map outputs=0
		GC time elapsed (ms)=0
		Total committed heap usage (bytes)=1104150528
	HIVE
		DESERIALIZE_ERRORS=0
		RECORDS_IN=3
		RECORDS_OUT_INTERMEDIATE=4
		RECORDS_OUT_OPERATOR_MAP_0=0
		RECORDS_OUT_OPERATOR_RS_4=4
		RECORDS_OUT_OPERATOR_SEL_1=1
		RECORDS_OUT_OPERATOR_SEL_3=4
		RECORDS_OUT_OPERATOR_TS_0=1
		RECORDS_OUT_OPERATOR_UDTF_2=4
	File Input Format Counters 
		Bytes Read=5401
2024-04-24T05:13:33,903  INFO [LocalJobRunner Map Task Executor #0] mapred.LocalJobRunner: Finishing task: attempt_local2010833304_0022_m_000000_0
2024-04-24T05:13:33,903  INFO [Thread-1736] mapred.LocalJobRunner: map task executor complete.
2024-04-24T05:13:33,904  INFO [Thread-1736] mapred.LocalJobRunner: Waiting for reduce tasks
2024-04-24T05:13:33,905  INFO [pool-107-thread-1] mapred.LocalJobRunner: Starting task: attempt_local2010833304_0022_r_000000_0
2024-04-24T05:13:33,905  INFO [pool-107-thread-1] mapred.Task:  Using ResourceCalculatorProcessTree : [ ]
2024-04-24T05:13:33,905  INFO [pool-107-thread-1] mapred.ReduceTask: Using ShuffleConsumerPlugin: org.apache.hadoop.mapreduce.task.reduce.Shuffle@44c895fa
2024-04-24T05:13:33,905  WARN [pool-107-thread-1] impl.MetricsSystemImpl: JobTracker metrics system already initialized!
2024-04-24T05:13:33,906  INFO [pool-107-thread-1] reduce.MergeManagerImpl: MergerManager: memoryLimit=1336252800, maxSingleShuffleLimit=334063200, mergeThreshold=881926912, ioSortFactor=10, memToMemMergeOutputsThreshold=10
2024-04-24T05:13:33,907  INFO [EventFetcher for fetching Map Completion Events] reduce.EventFetcher: attempt_local2010833304_0022_r_000000_0 Thread started: EventFetcher for fetching Map Completion Events
2024-04-24T05:13:33,907  INFO [localfetcher#32] reduce.LocalFetcher: localfetcher#32 about to shuffle output of map attempt_local2010833304_0022_m_000000_0 decomp: 38 len: 42 to MEMORY
2024-04-24T05:13:33,908  INFO [localfetcher#32] reduce.InMemoryMapOutput: Read 38 bytes from map-output for attempt_local2010833304_0022_m_000000_0
2024-04-24T05:13:33,908  INFO [localfetcher#32] reduce.MergeManagerImpl: closeInMemoryFile -> map-output of size: 38, inMemoryMapOutputs.size() -> 1, commitMemory -> 0, usedMemory ->38
2024-04-24T05:13:33,908  INFO [EventFetcher for fetching Map Completion Events] reduce.EventFetcher: EventFetcher is interrupted.. Returning
2024-04-24T05:13:33,908  INFO [pool-107-thread-1] mapred.LocalJobRunner: 1 / 1 copied.
2024-04-24T05:13:33,908  INFO [pool-107-thread-1] reduce.MergeManagerImpl: finalMerge called with 1 in-memory map-outputs and 0 on-disk map-outputs
2024-04-24T05:13:33,915  INFO [pool-107-thread-1] mapred.Merger: Merging 1 sorted segments
2024-04-24T05:13:33,915  INFO [pool-107-thread-1] mapred.Merger: Down to the last merge-pass, with 1 segments left of total size: 26 bytes
2024-04-24T05:13:33,917  INFO [pool-107-thread-1] reduce.MergeManagerImpl: Merged 1 segments, 38 bytes to disk to satisfy reduce memory limit
2024-04-24T05:13:33,918  INFO [pool-107-thread-1] reduce.MergeManagerImpl: Merging 1 files, 42 bytes from disk
2024-04-24T05:13:33,918  INFO [pool-107-thread-1] reduce.MergeManagerImpl: Merging 0 segments, 0 bytes from memory into reduce
2024-04-24T05:13:33,918  INFO [pool-107-thread-1] mapred.Merger: Merging 1 sorted segments
2024-04-24T05:13:33,918  INFO [pool-107-thread-1] mapred.Merger: Down to the last merge-pass, with 1 segments left of total size: 26 bytes
2024-04-24T05:13:33,918  INFO [pool-107-thread-1] mapred.LocalJobRunner: 1 / 1 copied.
2024-04-24T05:13:33,918  INFO [pool-107-thread-1] exec.SerializationUtilities: Deserializing ReduceWork using kryo
2024-04-24T05:13:33,919  INFO [pool-107-thread-1] exec.Utilities: Deserialized plan (via FILE) - name: null size: 5,96KB
2024-04-24T05:13:33,920  INFO [pool-107-thread-1] ExecReducer: 
<SEL>Id =5
  <Children>
    <FS>Id =6
      <Children>
      <\Children>
      <Parent>Id = 5 null<\Parent>
    <\FS>
  <\Children>
  <Parent><\Parent>
<\SEL>
2024-04-24T05:13:33,920  INFO [pool-107-thread-1] exec.SelectOperator: Initializing Operator: SEL[5]
2024-04-24T05:13:33,920  INFO [pool-107-thread-1] exec.SelectOperator: SELECT struct<key:struct<reducesinkkey0:int>,value:struct<_col0:int>>
2024-04-24T05:13:33,920  INFO [pool-107-thread-1] exec.FileSinkOperator: Initializing Operator: FS[6]
2024-04-24T05:13:33,920  INFO [pool-107-thread-1] exec.FileSinkOperator: Using serializer : AbstractSerDe [log=org.apache.logging.slf4j.Log4jLogger@a925655, configuration=Optional[Configuration: core-default.xml, core-site.xml, mapred-default.xml, mapred-site.xml, yarn-default.xml, yarn-site.xml, hdfs-default.xml, hdfs-site.xml, file:/home/alex/Repositories/hive/ql/target/tmp/TestTxnCommandsWithSplitUpdateAndVectorization/mapred/local/localRunner/alex/job_local2010833304_0022/job_local2010833304_0022.xml], properties={transactional_properties=default, name=default.acidtbl, transactional=true, columns.types=int:int, bucket_field_name=a, columns=a,b, numFilesErasureCoded=0, columns.comments=&amp#0;, bucketing_version=2, bucket_count=2, serialization.lib=org.apache.hadoop.hive.ql.io.orc.OrcSerde, file.inputformat=org.apache.hadoop.hive.ql.io.orc.OrcInputFormat, file.outputformat=org.apache.hadoop.hive.ql.io.orc.OrcOutputFormat, location=file:/home/alex/Repositories/hive/ql/target/tmp/org.apache.hadoop.hive.ql.TestTxnCommands-1713960750541/warehouse/acidtbl, column.name.delimiter=,}, tableProperties={transactional_properties=default, name=default.acidtbl, transactional=true, columns.types=int:int, bucket_field_name=a, columns=a,b, numFilesErasureCoded=0, columns.comments=&amp#0;, bucketing_version=2, bucket_count=2, serialization.lib=org.apache.hadoop.hive.ql.io.orc.OrcSerde, file.inputformat=org.apache.hadoop.hive.ql.io.orc.OrcInputFormat, location=file:/home/alex/Repositories/hive/ql/target/tmp/org.apache.hadoop.hive.ql.TestTxnCommands-1713960750541/warehouse/acidtbl, file.outputformat=org.apache.hadoop.hive.ql.io.orc.OrcOutputFormat, column.name.delimiter=,}, partitionProperties=Optional.empty, columnNames=[a, b], columnTypes=[int, int], getClass()=class org.apache.hadoop.hive.ql.io.orc.OrcSerde] and formatter : org.apache.hadoop.hive.ql.io.orc.OrcOutputFormat@687a841d
2024-04-24T05:13:33,921  INFO [pool-107-thread-1] exec.FileSinkOperator: Final Path: FS file:/home/alex/Repositories/hive/ql/target/tmp/org.apache.hadoop.hive.ql.TestTxnCommands-1713960750541/warehouse/acidtbl
2024-04-24T05:13:33,921  INFO [pool-107-thread-1] exec.FileSinkOperator: New Final Path: FS file:/home/alex/Repositories/hive/ql/target/tmp/org.apache.hadoop.hive.ql.TestTxnCommands-1713960750541/warehouse/acidtbl
2024-04-24T05:13:33,921  INFO [pool-107-thread-1] common.FileUtils: Creating directory if it doesn't exist: file:/home/alex/Repositories/hive/ql/target/tmp/org.apache.hadoop.hive.ql.TestTxnCommands-1713960750541/warehouse
2024-04-24T05:13:33,921  INFO [pool-107-thread-1] exec.FileSinkOperator: FS[6]: records written - 1
2024-04-24T05:13:33,921  INFO [pool-107-thread-1] impl.PhysicalFsWriter: ORC writer created for path: file:/home/alex/Repositories/hive/ql/target/tmp/org.apache.hadoop.hive.ql.TestTxnCommands-1713960750541/warehouse/acidtbl/delta_0000001_0000001_0000/bucket_00000_0 with stripeSize: 8388608 blockSize: 268435456 compression: Compress: ZLIB buffer: 32768
2024-04-24T05:13:33,929  INFO [pool-107-thread-1] impl.WriterImpl: ORC writer created for path: file:/home/alex/Repositories/hive/ql/target/tmp/org.apache.hadoop.hive.ql.TestTxnCommands-1713960750541/warehouse/acidtbl/delta_0000001_0000001_0000/bucket_00000_0 with stripeSize: 8388608 options: Compress: ZLIB buffer: 32768
2024-04-24T05:13:33,934  INFO [pool-107-thread-1] exec.SelectOperator: Closing Operator: SEL[5]
2024-04-24T05:13:33,934  INFO [pool-107-thread-1] exec.SelectOperator: RECORDS_OUT_INTERMEDIATE:0, RECORDS_OUT_OPERATOR_SEL_5:2, 
2024-04-24T05:13:33,934  INFO [pool-107-thread-1] exec.FileSinkOperator: Closing Operator: FS[6]
2024-04-24T05:13:33,934  INFO [pool-107-thread-1] exec.FileSinkOperator: FS[6]: records written - 2
2024-04-24T05:13:33,938  INFO [pool-107-thread-1] FileOperations: Writing manifest to file:/home/alex/Repositories/hive/ql/target/tmp/org.apache.hadoop.hive.ql.TestTxnCommands-1713960750541/warehouse/acidtbl/_tmp.delta_0000001_0000001_0000/000000_0.manifest with [file:/home/alex/Repositories/hive/ql/target/tmp/org.apache.hadoop.hive.ql.TestTxnCommands-1713960750541/warehouse/acidtbl/delta_0000001_0000001_0000/bucket_00000_0]
2024-04-24T05:13:33,950  INFO [pool-107-thread-1] exec.FileSinkOperator: RECORDS_OUT_OPERATOR_FS_6:2, TOTAL_TABLE_ROWS_WRITTEN:2, RECORDS_OUT_1_default.acidtbl:2, RECORDS_OUT_INTERMEDIATE:0, 
2024-04-24T05:13:33,951  INFO [pool-107-thread-1] mapred.Task: Task:attempt_local2010833304_0022_r_000000_0 is done. And is in the process of committing
2024-04-24T05:13:33,951  INFO [pool-107-thread-1] mapred.LocalJobRunner: reduce > reduce
2024-04-24T05:13:33,951  INFO [pool-107-thread-1] mapred.Task: Task 'attempt_local2010833304_0022_r_000000_0' done.
2024-04-24T05:13:33,952  INFO [pool-107-thread-1] mapred.Task: Final Counters for attempt_local2010833304_0022_r_000000_0: Counters: 30
	File System Counters
		FILE: Number of bytes read=506607
		FILE: Number of bytes written=27567079
		FILE: Number of read operations=0
		FILE: Number of large read operations=0
		FILE: Number of write operations=0
	Map-Reduce Framework
		Combine input records=0
		Combine output records=0
		Reduce input groups=2
		Reduce shuffle bytes=42
		Reduce input records=2
		Reduce output records=0
		Spilled Records=2
		Shuffled Maps =1
		Failed Shuffles=0
		Merged Map outputs=1
		GC time elapsed (ms)=0
		Total committed heap usage (bytes)=1104150528
	HIVE
		CREATED_FILES=1
		RECORDS_OUT_1_default.acidtbl=2
		RECORDS_OUT_INTERMEDIATE=0
		RECORDS_OUT_OPERATOR_FS_6=2
		RECORDS_OUT_OPERATOR_SEL_5=2
		TOTAL_TABLE_ROWS_WRITTEN=2
	Shuffle Errors
		BAD_ID=0
		CONNECTION=0
		IO_ERROR=0
		WRONG_LENGTH=0
		WRONG_MAP=0
		WRONG_REDUCE=0
	File Output Format Counters 
		Bytes Written=0
2024-04-24T05:13:33,952  INFO [pool-107-thread-1] mapred.LocalJobRunner: Finishing task: attempt_local2010833304_0022_r_000000_0
2024-04-24T05:13:33,952  INFO [pool-107-thread-1] mapred.LocalJobRunner: Starting task: attempt_local2010833304_0022_r_000001_0
2024-04-24T05:13:33,952  INFO [pool-107-thread-1] mapred.Task:  Using ResourceCalculatorProcessTree : [ ]
2024-04-24T05:13:33,952  INFO [pool-107-thread-1] mapred.ReduceTask: Using ShuffleConsumerPlugin: org.apache.hadoop.mapreduce.task.reduce.Shuffle@722e69fd
2024-04-24T05:13:33,952  WARN [pool-107-thread-1] impl.MetricsSystemImpl: JobTracker metrics system already initialized!
2024-04-24T05:13:33,954  INFO [pool-107-thread-1] reduce.MergeManagerImpl: MergerManager: memoryLimit=1336252800, maxSingleShuffleLimit=334063200, mergeThreshold=881926912, ioSortFactor=10, memToMemMergeOutputsThreshold=10
2024-04-24T05:13:33,954  INFO [EventFetcher for fetching Map Completion Events] reduce.EventFetcher: attempt_local2010833304_0022_r_000001_0 Thread started: EventFetcher for fetching Map Completion Events
2024-04-24T05:13:33,957  INFO [localfetcher#33] reduce.LocalFetcher: localfetcher#33 about to shuffle output of map attempt_local2010833304_0022_m_000000_0 decomp: 38 len: 42 to MEMORY
2024-04-24T05:13:33,957  INFO [localfetcher#33] reduce.InMemoryMapOutput: Read 38 bytes from map-output for attempt_local2010833304_0022_m_000000_0
2024-04-24T05:13:33,957  INFO [localfetcher#33] reduce.MergeManagerImpl: closeInMemoryFile -> map-output of size: 38, inMemoryMapOutputs.size() -> 1, commitMemory -> 0, usedMemory ->38
2024-04-24T05:13:33,958  INFO [EventFetcher for fetching Map Completion Events] reduce.EventFetcher: EventFetcher is interrupted.. Returning
2024-04-24T05:13:33,958  INFO [pool-107-thread-1] mapred.LocalJobRunner: 1 / 1 copied.
2024-04-24T05:13:33,958  INFO [pool-107-thread-1] reduce.MergeManagerImpl: finalMerge called with 1 in-memory map-outputs and 0 on-disk map-outputs
2024-04-24T05:13:33,964  INFO [pool-107-thread-1] mapred.Merger: Merging 1 sorted segments
2024-04-24T05:13:33,964  INFO [pool-107-thread-1] mapred.Merger: Down to the last merge-pass, with 1 segments left of total size: 26 bytes
2024-04-24T05:13:33,967  INFO [pool-107-thread-1] reduce.MergeManagerImpl: Merged 1 segments, 38 bytes to disk to satisfy reduce memory limit
2024-04-24T05:13:33,967  INFO [pool-107-thread-1] reduce.MergeManagerImpl: Merging 1 files, 42 bytes from disk
2024-04-24T05:13:33,967  INFO [pool-107-thread-1] reduce.MergeManagerImpl: Merging 0 segments, 0 bytes from memory into reduce
2024-04-24T05:13:33,967  INFO [pool-107-thread-1] mapred.Merger: Merging 1 sorted segments
2024-04-24T05:13:33,967  INFO [pool-107-thread-1] mapred.Merger: Down to the last merge-pass, with 1 segments left of total size: 26 bytes
2024-04-24T05:13:33,967  INFO [pool-107-thread-1] mapred.LocalJobRunner: 1 / 1 copied.
2024-04-24T05:13:33,968  INFO [pool-107-thread-1] exec.SerializationUtilities: Deserializing ReduceWork using kryo
2024-04-24T05:13:33,968  INFO [pool-107-thread-1] exec.Utilities: Deserialized plan (via FILE) - name: null size: 5,96KB
2024-04-24T05:13:33,969  INFO [pool-107-thread-1] ExecReducer: 
<SEL>Id =5
  <Children>
    <FS>Id =6
      <Children>
      <\Children>
      <Parent>Id = 5 null<\Parent>
    <\FS>
  <\Children>
  <Parent><\Parent>
<\SEL>
2024-04-24T05:13:33,969  INFO [pool-107-thread-1] exec.SelectOperator: Initializing Operator: SEL[5]
2024-04-24T05:13:33,969  INFO [pool-107-thread-1] exec.SelectOperator: SELECT struct<key:struct<reducesinkkey0:int>,value:struct<_col0:int>>
2024-04-24T05:13:33,969  INFO [pool-107-thread-1] exec.FileSinkOperator: Initializing Operator: FS[6]
2024-04-24T05:13:33,969  INFO [pool-107-thread-1] exec.FileSinkOperator: Using serializer : AbstractSerDe [log=org.apache.logging.slf4j.Log4jLogger@a925655, configuration=Optional[Configuration: core-default.xml, core-site.xml, mapred-default.xml, mapred-site.xml, yarn-default.xml, yarn-site.xml, hdfs-default.xml, hdfs-site.xml, file:/home/alex/Repositories/hive/ql/target/tmp/TestTxnCommandsWithSplitUpdateAndVectorization/mapred/local/localRunner/alex/job_local2010833304_0022/job_local2010833304_0022.xml], properties={transactional_properties=default, name=default.acidtbl, transactional=true, columns.types=int:int, bucket_field_name=a, columns=a,b, numFilesErasureCoded=0, columns.comments=&amp#0;, bucketing_version=2, bucket_count=2, serialization.lib=org.apache.hadoop.hive.ql.io.orc.OrcSerde, file.inputformat=org.apache.hadoop.hive.ql.io.orc.OrcInputFormat, file.outputformat=org.apache.hadoop.hive.ql.io.orc.OrcOutputFormat, location=file:/home/alex/Repositories/hive/ql/target/tmp/org.apache.hadoop.hive.ql.TestTxnCommands-1713960750541/warehouse/acidtbl, column.name.delimiter=,}, tableProperties={transactional_properties=default, name=default.acidtbl, transactional=true, columns.types=int:int, bucket_field_name=a, columns=a,b, numFilesErasureCoded=0, columns.comments=&amp#0;, bucketing_version=2, bucket_count=2, serialization.lib=org.apache.hadoop.hive.ql.io.orc.OrcSerde, file.inputformat=org.apache.hadoop.hive.ql.io.orc.OrcInputFormat, location=file:/home/alex/Repositories/hive/ql/target/tmp/org.apache.hadoop.hive.ql.TestTxnCommands-1713960750541/warehouse/acidtbl, file.outputformat=org.apache.hadoop.hive.ql.io.orc.OrcOutputFormat, column.name.delimiter=,}, partitionProperties=Optional.empty, columnNames=[a, b], columnTypes=[int, int], getClass()=class org.apache.hadoop.hive.ql.io.orc.OrcSerde] and formatter : org.apache.hadoop.hive.ql.io.orc.OrcOutputFormat@361c1d44
2024-04-24T05:13:33,970  INFO [pool-107-thread-1] exec.FileSinkOperator: Final Path: FS file:/home/alex/Repositories/hive/ql/target/tmp/org.apache.hadoop.hive.ql.TestTxnCommands-1713960750541/warehouse/acidtbl
2024-04-24T05:13:33,970  INFO [pool-107-thread-1] exec.FileSinkOperator: New Final Path: FS file:/home/alex/Repositories/hive/ql/target/tmp/org.apache.hadoop.hive.ql.TestTxnCommands-1713960750541/warehouse/acidtbl
2024-04-24T05:13:33,970  INFO [pool-107-thread-1] common.FileUtils: Creating directory if it doesn't exist: file:/home/alex/Repositories/hive/ql/target/tmp/org.apache.hadoop.hive.ql.TestTxnCommands-1713960750541/warehouse
2024-04-24T05:13:33,970  INFO [pool-107-thread-1] exec.FileSinkOperator: FS[6]: records written - 1
2024-04-24T05:13:33,970  INFO [pool-107-thread-1] impl.PhysicalFsWriter: ORC writer created for path: file:/home/alex/Repositories/hive/ql/target/tmp/org.apache.hadoop.hive.ql.TestTxnCommands-1713960750541/warehouse/acidtbl/delta_0000001_0000001_0000/bucket_00001_0 with stripeSize: 8388608 blockSize: 268435456 compression: Compress: ZLIB buffer: 32768
2024-04-24T05:13:33,975  INFO [pool-107-thread-1] impl.WriterImpl: ORC writer created for path: file:/home/alex/Repositories/hive/ql/target/tmp/org.apache.hadoop.hive.ql.TestTxnCommands-1713960750541/warehouse/acidtbl/delta_0000001_0000001_0000/bucket_00001_0 with stripeSize: 8388608 options: Compress: ZLIB buffer: 32768
2024-04-24T05:13:33,976  INFO [pool-107-thread-1] exec.SelectOperator: Closing Operator: SEL[5]
2024-04-24T05:13:33,976  INFO [pool-107-thread-1] exec.SelectOperator: RECORDS_OUT_OPERATOR_SEL_5:2, RECORDS_OUT_INTERMEDIATE:0, 
2024-04-24T05:13:33,976  INFO [pool-107-thread-1] exec.FileSinkOperator: Closing Operator: FS[6]
2024-04-24T05:13:33,976  INFO [pool-107-thread-1] exec.FileSinkOperator: FS[6]: records written - 2
2024-04-24T05:13:33,977  INFO [pool-107-thread-1] FileOperations: Writing manifest to file:/home/alex/Repositories/hive/ql/target/tmp/org.apache.hadoop.hive.ql.TestTxnCommands-1713960750541/warehouse/acidtbl/_tmp.delta_0000001_0000001_0000/000001_0.manifest with [file:/home/alex/Repositories/hive/ql/target/tmp/org.apache.hadoop.hive.ql.TestTxnCommands-1713960750541/warehouse/acidtbl/delta_0000001_0000001_0000/bucket_00001_0]
2024-04-24T05:13:33,988  INFO [pool-107-thread-1] exec.FileSinkOperator: RECORDS_OUT_OPERATOR_FS_6:2, RECORDS_OUT_1_default.acidtbl:2, RECORDS_OUT_INTERMEDIATE:0, TOTAL_TABLE_ROWS_WRITTEN:2, 
2024-04-24T05:13:33,988  INFO [pool-107-thread-1] mapred.Task: Task:attempt_local2010833304_0022_r_000001_0 is done. And is in the process of committing
2024-04-24T05:13:33,989  INFO [pool-107-thread-1] mapred.LocalJobRunner: reduce > reduce
2024-04-24T05:13:33,989  INFO [pool-107-thread-1] mapred.Task: Task 'attempt_local2010833304_0022_r_000001_0' done.
2024-04-24T05:13:33,989  INFO [pool-107-thread-1] mapred.Task: Final Counters for attempt_local2010833304_0022_r_000001_0: Counters: 30
	File System Counters
		FILE: Number of bytes read=512769
		FILE: Number of bytes written=27568149
		FILE: Number of read operations=0
		FILE: Number of large read operations=0
		FILE: Number of write operations=0
	Map-Reduce Framework
		Combine input records=0
		Combine output records=0
		Reduce input groups=2
		Reduce shuffle bytes=42
		Reduce input records=2
		Reduce output records=0
		Spilled Records=2
		Shuffled Maps =1
		Failed Shuffles=0
		Merged Map outputs=1
		GC time elapsed (ms)=0
		Total committed heap usage (bytes)=1104150528
	HIVE
		CREATED_FILES=1
		RECORDS_OUT_1_default.acidtbl=2
		RECORDS_OUT_INTERMEDIATE=0
		RECORDS_OUT_OPERATOR_FS_6=2
		RECORDS_OUT_OPERATOR_SEL_5=2
		TOTAL_TABLE_ROWS_WRITTEN=2
	Shuffle Errors
		BAD_ID=0
		CONNECTION=0
		IO_ERROR=0
		WRONG_LENGTH=0
		WRONG_MAP=0
		WRONG_REDUCE=0
	File Output Format Counters 
		Bytes Written=0
2024-04-24T05:13:33,989  INFO [pool-107-thread-1] mapred.LocalJobRunner: Finishing task: attempt_local2010833304_0022_r_000001_0
2024-04-24T05:13:33,989  INFO [Thread-1736] mapred.LocalJobRunner: reduce task executor complete.
2024-04-24 05:13:34,877 Stage-1 map = 100%,  reduce = 100%
2024-04-24T05:13:34,877  INFO [main] exec.Task: 2024-04-24 05:13:34,877 Stage-1 map = 100%,  reduce = 100%
Ended Job = job_local2010833304_0022
2024-04-24T05:13:34,880  INFO [main] exec.Task: Ended Job = job_local2010833304_0022
2024-04-24T05:13:34,882  INFO [main] FileOperations: Found manifest file file:/home/alex/Repositories/hive/ql/target/tmp/org.apache.hadoop.hive.ql.TestTxnCommands-1713960750541/warehouse/acidtbl/_tmp.delta_0000001_0000001_0000/000000_0.manifest with attemptId 0.
2024-04-24T05:13:34,882  INFO [main] FileOperations: Found manifest file file:/home/alex/Repositories/hive/ql/target/tmp/org.apache.hadoop.hive.ql.TestTxnCommands-1713960750541/warehouse/acidtbl/_tmp.delta_0000001_0000001_0000/000001_0.manifest with attemptId 0.
2024-04-24T05:13:34,883  INFO [main] FileOperations: Looking at manifest file: file:/home/alex/Repositories/hive/ql/target/tmp/org.apache.hadoop.hive.ql.TestTxnCommands-1713960750541/warehouse/acidtbl/_tmp.delta_0000001_0000001_0000/000000_0.manifest
2024-04-24T05:13:34,883  INFO [main] FileOperations: Looking at manifest file: file:/home/alex/Repositories/hive/ql/target/tmp/org.apache.hadoop.hive.ql.TestTxnCommands-1713960750541/warehouse/acidtbl/_tmp.delta_0000001_0000001_0000/000001_0.manifest
2024-04-24T05:13:34,884  INFO [main] FileOperations: Deleting manifest directory file:/home/alex/Repositories/hive/ql/target/tmp/org.apache.hadoop.hive.ql.TestTxnCommands-1713960750541/warehouse/acidtbl/_tmp.delta_0000001_0000001_0000
2024-04-24T05:13:34,885  INFO [main] ql.Driver: Starting task [Stage-0:MOVE] in serial mode
Loading data to table default.acidtbl
2024-04-24T05:13:34,885  INFO [main] exec.Task: Loading data to table default.acidtbl from file:/home/alex/Repositories/hive/ql/target/tmp/org.apache.hadoop.hive.ql.TestTxnCommands-1713960750541/warehouse/acidtbl
2024-04-24T05:13:34,885  INFO [main] HiveMetaStore.audit: ugi=alex	ip=unknown-ip-addr	cmd=get_table : tbl=hive.default.acidtbl	
2024-04-24T05:13:34,893  INFO [main] metastore.HMSHandler: Skipping translation for processor with null
2024-04-24T05:13:34,893  INFO [main] HiveMetaStore.audit: ugi=alex	ip=unknown-ip-addr	cmd=get_table : tbl=hive.default.acidtbl	
2024-04-24T05:13:34,900  INFO [main] metastore.HMSHandler: Skipping translation for processor with null
2024-04-24T05:13:34,901  INFO [main] HiveMetaStore.audit: ugi=alex	ip=unknown-ip-addr	cmd=alter_table: hive.default.acidtbl newtbl=acidtbl	
2024-04-24T05:13:34,928  INFO [main] ql.Driver: Starting task [Stage-2:STATS] in serial mode
2024-04-24T05:13:34,928  INFO [main] HiveMetaStore.audit: ugi=alex	ip=unknown-ip-addr	cmd=get_table : tbl=hive.default.acidtbl	
2024-04-24T05:13:34,934  INFO [main] metastore.HMSHandler: Skipping translation for processor with null
2024-04-24T05:13:34,934  INFO [main] stats.BasicStatsTask: Executing stats task
2024-04-24T05:13:34,935  INFO [main] fs.FSStatsPublisher: created : file:/home/alex/Repositories/hive/ql/target/tmp/localscratchdir/9b0c5357-be84-41c1-8e30-00e2af56a534/hive_2024-04-24_05-13-33_416_8101294471778650996-1/-mr-10000
2024-04-24T05:13:34,936  INFO [main] HiveMetaStore.audit: ugi=alex	ip=unknown-ip-addr	cmd=get_table : tbl=hive.default.acidtbl	
2024-04-24T05:13:34,942  INFO [main] metastore.HMSHandler: Skipping translation for processor with null
2024-04-24T05:13:34,953  WARN [main] FileOperations: Computing stats for an ACID table; stats may be inaccurate
2024-04-24T05:13:34,954  INFO [main] FileOperations: Read stats for default.acidtbl/, numRows, true, 4, false: 
2024-04-24T05:13:34,954  INFO [main] FileOperations: Read stats for default.acidtbl/, rawDataSize, true, 0, false: 
2024-04-24T05:13:34,954  INFO [main] HiveMetaStore.audit: ugi=alex	ip=unknown-ip-addr	cmd=alter_table: hive.default.acidtbl newtbl=acidtbl	
2024-04-24T05:13:34,975  INFO [main] FileOperations: Read stats for default.acidtbl/, insertCount, true, 4, false: 
2024-04-24T05:13:34,975  INFO [main] FileOperations: Read stats for default.acidtbl/, updateCount, true, 0, false: 
2024-04-24T05:13:34,975  INFO [main] FileOperations: Read stats for default.acidtbl/, deleteCount, true, 0, false: 
2024-04-24T05:13:34,978  INFO [main] stats.BasicStatsTask: Table default.acidtbl stats: [numFiles=2, numRows=4, totalSize=1380, rawDataSize=0, numFilesErasureCoded=0]
2024-04-24T05:13:34,978  INFO [main] metadata.Hive: Dumping metastore api call timing information for : execution phase
2024-04-24T05:13:34,978  INFO [main] metadata.Hive: Total time spent in each metastore function (ms): {getTable_(GetTableRequest)=27, alter_table_(String, String, String, Table, EnvironmentContext, String)=48, isCompatibleWith_(Configuration)=0, updateTransactionalStatistics_(UpdateTransactionalStatsRequest)=3}
MapReduce Jobs Launched: 
2024-04-24T05:13:34,979  INFO [main] ql.Driver: MapReduce Jobs Launched: 
Stage-Stage-1:  HDFS Read: 0 HDFS Write: 0 SUCCESS
2024-04-24T05:13:34,979  INFO [main] ql.Driver: Stage-Stage-1:  HDFS Read: 0 HDFS Write: 0 SUCCESS
Total MapReduce CPU Time Spent: 0 msec
2024-04-24T05:13:34,979  INFO [main] ql.Driver: Total MapReduce CPU Time Spent: 0 msec
2024-04-24T05:13:34,979  INFO [main] ql.Driver: Completed executing command(queryId=alex_20240424051333_cb92bf86-8ce3-4f54-94e9-bc6175c8a2b5); Time taken: 1.395 seconds
2024-04-24T05:13:34,979  INFO [main] lockmgr.DbTxnManager: Stopped heartbeat for query: alex_20240424051333_cb92bf86-8ce3-4f54-94e9-bc6175c8a2b5
2024-04-24T05:13:34,990  INFO [main] txn.TxnHandler: Removed transactions: ([14]) from MIN_HISTORY_LEVEL
2024-04-24T05:13:34,990  WARN [main] txn.CompactionTxnHandler: No compaction queue record found for Compaction type transaction commit. txnId:14
2024-04-24T05:13:34,991  INFO [main] ql.TxnCommandsBaseForTests: Running the query: merge into acidTbl as t using nonAcidOrcTbl s ON t.a = s.a WHEN MATCHED and s.a < 5 THEN DELETE WHEN MATCHED AND s.a < 3 THEN update set b = 0 WHEN NOT MATCHED THEN INSERT VALUES(s.a, s.b) 
2024-04-24T05:13:34,991  INFO [main] ql.Context: Deleting scratch dir: file:/home/alex/Repositories/hive/ql/target/tmp/localscratchdir/9b0c5357-be84-41c1-8e30-00e2af56a534/hive_2024-04-24_05-13-33_416_8101294471778650996-1
2024-04-24T05:13:34,991  INFO [main] cleanup.SyncCleanupService: Deleted directory: file:/home/alex/Repositories/hive/ql/target/tmp/localscratchdir/9b0c5357-be84-41c1-8e30-00e2af56a534/hive_2024-04-24_05-13-33_416_8101294471778650996-1 on fs with scheme file
2024-04-24T05:13:34,991  INFO [main] ql.Driver: Compiling command(queryId=alex_20240424051334_ab154459-797f-4c1b-8fac-057207e7cbc1): merge into acidTbl as t using nonAcidOrcTbl s ON t.a = s.a WHEN MATCHED and s.a < 5 THEN DELETE WHEN MATCHED AND s.a < 3 THEN update set b = 0 WHEN NOT MATCHED THEN INSERT VALUES(s.a, s.b) 
2024-04-24T05:13:34,994  INFO [main] txn.TxnHandler: Added entries to MIN_HISTORY_LEVEL for current txns: ([15]) with min_open_txn: 15
2024-04-24T05:13:34,994  INFO [main] lockmgr.DbTxnManager: Opened txnid:15
2024-04-24T05:13:34,995  INFO [main] parse.MergeSemanticAnalyzer: Starting caching scope for: 
2024-04-24T05:13:34,995  INFO [main] HiveMetaStore.audit: ugi=alex	ip=unknown-ip-addr	cmd=get_table : tbl=hive.default.acidTbl	
2024-04-24T05:13:35,001  INFO [main] metastore.HMSHandler: Skipping translation for processor with null
2024-04-24T05:13:35,002  INFO [main] HiveMetaStore.audit: ugi=alex	ip=unknown-ip-addr	cmd=get_table : tbl=hive.default.merge_tmp_table	
2024-04-24T05:13:35,005  INFO [main] utils.FileUtils: Creating directory if it doesn't exist: file:/home/alex/Repositories/hive/ql/target/tmp/scratchdir/alex/9b0c5357-be84-41c1-8e30-00e2af56a534/_tmp_space.db/merge_tmp_table
2024-04-24T05:13:35,008  INFO [main] parse.RewriteSemanticAnalyzer: Going to reparse <merge into acidTbl as t using nonAcidOrcTbl s ON t.a = s.a WHEN MATCHED and s.a < 5 THEN DELETE WHEN MATCHED AND s.a < 3 THEN update set b = 0 WHEN NOT MATCHED THEN INSERT VALUES(s.a, s.b) > as 
<FROM
  `default`.`acidTbl` `t`
  RIGHT OUTER JOIN
  `default`.`nonAcidOrcTbl` `s`
  ON `t`.`a` = `s`.`a`
INSERT INTO `default`.`acidTbl`    -- delete clause
 SELECT `t`.ROW__ID 
   WHERE `t`.`a` = `s`.`a` AND `s`.`a` < 5
 SORT BY `t`.ROW__ID 
INSERT INTO `default`.`acidTbl`    -- update clause(insert part)
 SELECT `t`.`a`, 0
   WHERE `t`.`a` = `s`.`a` AND `s`.`a` < 3 AND NOT(`s`.`a` < 5)
INSERT INTO `default`.`acidTbl`    -- update clause (delete part)
 SELECT `t`.ROW__ID 
   WHERE `t`.`a` = `s`.`a` AND `s`.`a` < 3 AND NOT(`s`.`a` < 5)
 SORT BY `t`.ROW__ID 
INSERT INTO `default`.`acidTbl`    -- insert clause
  SELECT `s`.`a`, `s`.`b`
   WHERE `t`.`a` IS NULL
INSERT INTO merge_tmp_table
  SELECT cardinality_violation(`t`.ROW__ID)
 WHERE `t`.`a` = `s`.`a` GROUP BY `t`.ROW__ID HAVING count(*) > 1>
2024-04-24T05:13:35,010  INFO [main] parse.MergeSemanticAnalyzer: Starting Semantic Analysis
2024-04-24T05:13:35,014  INFO [main] parse.MergeSemanticAnalyzer: Completed phase 1 of Semantic Analysis
2024-04-24T05:13:35,014  INFO [main] parse.MergeSemanticAnalyzer: Get metadata for source tables
2024-04-24T05:13:35,014  INFO [main] HiveMetaStore.audit: ugi=alex	ip=unknown-ip-addr	cmd=get_table : tbl=hive.default.acidtbl	
2024-04-24T05:13:35,022  INFO [main] metastore.HMSHandler: Skipping translation for processor with null
2024-04-24T05:13:35,022  INFO [main] HiveMetaStore.audit: ugi=alex	ip=unknown-ip-addr	cmd=get_table : tbl=hive.default.nonacidorctbl	
2024-04-24T05:13:35,032  INFO [main] metastore.HMSHandler: Skipping translation for processor with null
2024-04-24T05:13:35,032  INFO [main] parse.MergeSemanticAnalyzer: Get metadata for subqueries
2024-04-24T05:13:35,032  INFO [main] parse.MergeSemanticAnalyzer: Get metadata for destination tables
2024-04-24T05:13:35,032  INFO [main] HiveMetaStore.audit: ugi=alex	ip=unknown-ip-addr	cmd=get_table : tbl=hive.default.acidTbl	
2024-04-24T05:13:35,040  INFO [main] metastore.HMSHandler: Skipping translation for processor with null
2024-04-24T05:13:35,040  INFO [main] HiveMetaStore.audit: ugi=alex	ip=unknown-ip-addr	cmd=get_table : tbl=hive.default.acidTbl	
2024-04-24T05:13:35,047  INFO [main] metastore.HMSHandler: Skipping translation for processor with null
2024-04-24T05:13:35,048  INFO [main] HiveMetaStore.audit: ugi=alex	ip=unknown-ip-addr	cmd=get_table : tbl=hive.default.acidTbl	
2024-04-24T05:13:35,055  INFO [main] metastore.HMSHandler: Skipping translation for processor with null
2024-04-24T05:13:35,055  INFO [main] HiveMetaStore.audit: ugi=alex	ip=unknown-ip-addr	cmd=get_table : tbl=hive.default.acidTbl	
2024-04-24T05:13:35,062  INFO [main] metastore.HMSHandler: Skipping translation for processor with null
2024-04-24T05:13:35,062  INFO [main] parse.MergeSemanticAnalyzer: Completed getting MetaData in Semantic Analysis
2024-04-24T05:13:35,062  INFO [main] parse.MergeSemanticAnalyzer: Disabling LLAP IO encode as ETL query is detected
2024-04-24T05:13:35,063  INFO [main] parse.MergeSemanticAnalyzer: Get metadata for source tables
2024-04-24T05:13:35,063  INFO [main] parse.MergeSemanticAnalyzer: Get metadata for subqueries
2024-04-24T05:13:35,063  INFO [main] parse.MergeSemanticAnalyzer: Get metadata for destination tables
2024-04-24T05:13:35,077  INFO [main] HiveMetaStore.audit: ugi=alex	ip=unknown-ip-addr	cmd=get_all_table_constraints : tbl=hive.default.acidtbl	
2024-04-24T05:13:35,083  INFO [main] HiveMetaStore.audit: ugi=alex	ip=unknown-ip-addr	cmd=get_all_table_constraints : tbl=hive.default.nonacidorctbl	
2024-04-24T05:13:35,116  INFO [main] calcite.RelOptHiveTable: Calculating column statistics for default.acidtbl, projIndxSet: [0], allowMissingStats: true
2024-04-24T05:13:35,116  INFO [main] HiveMetaStore.audit: ugi=alex	ip=unknown-ip-addr	cmd=get_table : tbl=hive.default.acidtbl	
2024-04-24T05:13:35,126  INFO [main] metastore.HMSHandler: Skipping translation for processor with null
2024-04-24T05:13:35,127  INFO [main] HiveMetaStore.audit: ugi=alex	ip=unknown-ip-addr	cmd=get_table : tbl=hive.default.acidtbl	
2024-04-24T05:13:35,137  INFO [main] metastore.HMSHandler: Skipping translation for processor with null
2024-04-24T05:13:35,137  INFO [main] HiveMetaStore.audit: ugi=alex	ip=unknown-ip-addr	cmd=get_table_statistics_req: table=hive.default.acidtbl	
2024-04-24T05:13:35,148  WARN [main] calcite.RelOptHiveTable: No Stats for default@acidtbl, Columns: a
No Stats for default@acidtbl, Columns: a
2024-04-24T05:13:35,148  INFO [main] SessionState: No Stats for default@acidtbl, Columns: a
2024-04-24T05:13:35,149  INFO [main] calcite.RelOptHiveTable: Calculating column statistics for default.nonacidorctbl, projIndxSet: [0, 1], allowMissingStats: true
2024-04-24T05:13:35,150  INFO [main] HiveMetaStore.audit: ugi=alex	ip=unknown-ip-addr	cmd=get_table : tbl=hive.default.nonacidorctbl	
2024-04-24T05:13:35,163  INFO [main] metastore.HMSHandler: Skipping translation for processor with null
2024-04-24T05:13:35,164  INFO [main] HiveMetaStore.audit: ugi=alex	ip=unknown-ip-addr	cmd=get_table : tbl=hive.default.nonacidorctbl	
2024-04-24T05:13:35,175  INFO [main] metastore.HMSHandler: Skipping translation for processor with null
2024-04-24T05:13:35,175  INFO [main] HiveMetaStore.audit: ugi=alex	ip=unknown-ip-addr	cmd=get_table_statistics_req: table=hive.default.nonacidorctbl	
2024-04-24T05:13:35,189  WARN [main] calcite.RelOptHiveTable: No Stats for default@nonacidorctbl, Columns: b, a
No Stats for default@nonacidorctbl, Columns: b, a
2024-04-24T05:13:35,189  INFO [main] SessionState: No Stats for default@nonacidorctbl, Columns: b, a
2024-04-24T05:13:35,382  INFO [main] parse.MergeSemanticAnalyzer: Get metadata for source tables
2024-04-24T05:13:35,382  INFO [main] parse.MergeSemanticAnalyzer: Get metadata for subqueries
2024-04-24T05:13:35,382  INFO [main] parse.MergeSemanticAnalyzer: Get metadata for source tables
2024-04-24T05:13:35,382  INFO [main] parse.MergeSemanticAnalyzer: Get metadata for subqueries
2024-04-24T05:13:35,382  INFO [main] parse.MergeSemanticAnalyzer: Get metadata for source tables
2024-04-24T05:13:35,383  INFO [main] parse.MergeSemanticAnalyzer: Get metadata for subqueries
2024-04-24T05:13:35,383  INFO [main] parse.MergeSemanticAnalyzer: Get metadata for destination tables
2024-04-24T05:13:35,383  INFO [main] parse.MergeSemanticAnalyzer: Get metadata for source tables
2024-04-24T05:13:35,383  INFO [main] parse.MergeSemanticAnalyzer: Get metadata for subqueries
2024-04-24T05:13:35,383  INFO [main] parse.MergeSemanticAnalyzer: Get metadata for destination tables
2024-04-24T05:13:35,383  INFO [main] parse.MergeSemanticAnalyzer: Get metadata for destination tables
2024-04-24T05:13:35,383  INFO [main] parse.MergeSemanticAnalyzer: Get metadata for destination tables
2024-04-24T05:13:35,383  INFO [main] HiveMetaStore.audit: ugi=alex	ip=unknown-ip-addr	cmd=get_table : tbl=hive.default.acidTbl	
2024-04-24T05:13:35,390  INFO [main] metastore.HMSHandler: Skipping translation for processor with null
2024-04-24T05:13:35,390  INFO [main] HiveMetaStore.audit: ugi=alex	ip=unknown-ip-addr	cmd=get_table : tbl=hive.default.acidTbl	
2024-04-24T05:13:35,397  INFO [main] metastore.HMSHandler: Skipping translation for processor with null
2024-04-24T05:13:35,397  INFO [main] HiveMetaStore.audit: ugi=alex	ip=unknown-ip-addr	cmd=get_table : tbl=hive.default.acidTbl	
2024-04-24T05:13:35,404  INFO [main] metastore.HMSHandler: Skipping translation for processor with null
2024-04-24T05:13:35,404  INFO [main] HiveMetaStore.audit: ugi=alex	ip=unknown-ip-addr	cmd=get_table : tbl=hive.default.acidTbl	
2024-04-24T05:13:35,411  INFO [main] metastore.HMSHandler: Skipping translation for processor with null
2024-04-24T05:13:35,416 ERROR [main] parse.MergeSemanticAnalyzer: CBO failed, skipping CBO. 
org.apache.hadoop.hive.ql.exec.NoMatchingMethodException: No matching method for class org.apache.hadoop.hive.ql.udf.UDFToInteger with (struct<writeid:bigint,bucketid:int,rowid:bigint>). Possible choices: _FUNC_(bigint)  _FUNC_(boolean)  _FUNC_(decimal(38,18))  _FUNC_(double)  _FUNC_(float)  _FUNC_(smallint)  _FUNC_(string)  _FUNC_(struct<writeid:bigint,rowid:int,bucketid:bigint>)  _FUNC_(timestamp)  _FUNC_(tinyint)  _FUNC_(void)  
	at org.apache.hadoop.hive.ql.exec.MethodUtils.getMethodInternal(MethodUtils.java:130) ~[classes/:?]
	at org.apache.hadoop.hive.ql.exec.MethodUtils.getMethodInternal(MethodUtils.java:60) ~[classes/:?]
	at org.apache.hadoop.hive.ql.exec.DefaultUDFMethodResolver.getEvalMethod(DefaultUDFMethodResolver.java:59) ~[classes/:?]
	at org.apache.hadoop.hive.ql.udf.TimestampCastRestrictorResolver.getEvalMethod(TimestampCastRestrictorResolver.java:68) ~[classes/:?]
	at org.apache.hadoop.hive.ql.udf.generic.GenericUDFBridge.initialize(GenericUDFBridge.java:168) ~[classes/:?]
	at org.apache.hadoop.hive.ql.udf.generic.GenericUDF.initializeAndFoldConstants(GenericUDF.java:149) ~[classes/:?]
	at org.apache.hadoop.hive.ql.plan.ExprNodeGenericFuncDesc.newInstance(ExprNodeGenericFuncDesc.java:235) ~[classes/:?]
	at org.apache.hadoop.hive.ql.parse.type.ExprNodeDescExprFactory.createFuncCallExpr(ExprNodeDescExprFactory.java:584) ~[classes/:?]
	at org.apache.hadoop.hive.ql.parse.type.ExprNodeDescExprFactory.createFuncCallExpr(ExprNodeDescExprFactory.java:97) ~[classes/:?]
	at org.apache.hadoop.hive.ql.parse.type.TypeCheckProcFactory$DefaultExprProcessor.getFuncExprNodeDescWithUdfData(TypeCheckProcFactory.java:762) ~[classes/:?]
	at org.apache.hadoop.hive.ql.parse.type.TypeCheckProcFactory$DefaultExprProcessor.createConversionCast(TypeCheckProcFactory.java:783) ~[classes/:?]
	at org.apache.hadoop.hive.ql.parse.SemanticAnalyzer.getPartitionColsFromBucketColsForUpdateDelete(SemanticAnalyzer.java:8725) ~[classes/:?]
	at org.apache.hadoop.hive.ql.parse.SemanticAnalyzer.genBucketingSortingDest(SemanticAnalyzer.java:6906) ~[classes/:?]
	at org.apache.hadoop.hive.ql.parse.SemanticAnalyzer.genFileSinkPlan(SemanticAnalyzer.java:7335) ~[classes/:?]
	at org.apache.hadoop.hive.ql.parse.SemanticAnalyzer.genPostGroupByBodyPlan(SemanticAnalyzer.java:11063) ~[classes/:?]
	at org.apache.hadoop.hive.ql.parse.SemanticAnalyzer.genBodyPlan(SemanticAnalyzer.java:10938) ~[classes/:?]
	at org.apache.hadoop.hive.ql.parse.SemanticAnalyzer.genPlan(SemanticAnalyzer.java:11853) ~[classes/:?]
	at org.apache.hadoop.hive.ql.parse.SemanticAnalyzer.genPlan(SemanticAnalyzer.java:11723) ~[classes/:?]
	at org.apache.hadoop.hive.ql.parse.CalcitePlanner.genOPTree(CalcitePlanner.java:626) ~[classes/:?]
	at org.apache.hadoop.hive.ql.parse.SemanticAnalyzer.analyzeInternal(SemanticAnalyzer.java:12558) ~[classes/:?]
	at org.apache.hadoop.hive.ql.parse.CalcitePlanner.analyzeInternal(CalcitePlanner.java:456) ~[classes/:?]
	at org.apache.hadoop.hive.ql.parse.RewriteSemanticAnalyzer.analyzeInternal(RewriteSemanticAnalyzer.java:67) ~[classes/:?]
	at org.apache.hadoop.hive.ql.parse.BaseSemanticAnalyzer.analyze(BaseSemanticAnalyzer.java:317) ~[classes/:?]
	at org.apache.hadoop.hive.ql.parse.MergeSemanticAnalyzer.analyzeMerge(MergeSemanticAnalyzer.java:317) ~[classes/:?]
	at org.apache.hadoop.hive.ql.parse.MergeSemanticAnalyzer.analyze(MergeSemanticAnalyzer.java:63) ~[classes/:?]
	at org.apache.hadoop.hive.ql.parse.RewriteSemanticAnalyzer.analyzeInternal(RewriteSemanticAnalyzer.java:72) ~[classes/:?]
	at org.apache.hadoop.hive.ql.parse.BaseSemanticAnalyzer.analyze(BaseSemanticAnalyzer.java:317) ~[classes/:?]
	at org.apache.hadoop.hive.ql.Compiler.analyze(Compiler.java:223) ~[classes/:?]
	at org.apache.hadoop.hive.ql.Compiler.compile(Compiler.java:105) ~[classes/:?]
	at org.apache.hadoop.hive.ql.Driver.compile(Driver.java:500) ~[classes/:?]
	at org.apache.hadoop.hive.ql.Driver.compileInternal(Driver.java:453) ~[classes/:?]
	at org.apache.hadoop.hive.ql.Driver.runInternal(Driver.java:181) ~[classes/:?]
	at org.apache.hadoop.hive.ql.Driver.run(Driver.java:153) ~[classes/:?]
	at org.apache.hadoop.hive.ql.Driver.run(Driver.java:140) ~[classes/:?]
	at org.apache.hadoop.hive.ql.TxnCommandsBaseForTests.runStatementOnDriver(TxnCommandsBaseForTests.java:245) ~[test-classes/:?]
	at org.apache.hadoop.hive.ql.TestTxnCommands.testMergeDeleteUpdate(TestTxnCommands.java:1281) ~[test-classes/:?]
	at sun.reflect.NativeMethodAccessorImpl.invoke0(Native Method) ~[?:1.8.0_402]
	at sun.reflect.NativeMethodAccessorImpl.invoke(NativeMethodAccessorImpl.java:62) ~[?:1.8.0_402]
	at sun.reflect.DelegatingMethodAccessorImpl.invoke(DelegatingMethodAccessorImpl.java:43) ~[?:1.8.0_402]
	at java.lang.reflect.Method.invoke(Method.java:498) ~[?:1.8.0_402]
	at org.junit.runners.model.FrameworkMethod$1.runReflectiveCall(FrameworkMethod.java:59) ~[junit-4.13.jar:4.13]
	at org.junit.internal.runners.model.ReflectiveCallable.run(ReflectiveCallable.java:12) ~[junit-4.13.jar:4.13]
	at org.junit.runners.model.FrameworkMethod.invokeExplosively(FrameworkMethod.java:56) ~[junit-4.13.jar:4.13]
	at org.junit.internal.runners.statements.InvokeMethod.evaluate(InvokeMethod.java:17) ~[junit-4.13.jar:4.13]
	at org.junit.internal.runners.statements.RunBefores.evaluate(RunBefores.java:26) ~[junit-4.13.jar:4.13]
	at org.junit.internal.runners.statements.RunAfters.evaluate(RunAfters.java:27) ~[junit-4.13.jar:4.13]
	at org.junit.rules.TestWatcher$1.evaluate(TestWatcher.java:61) ~[junit-4.13.jar:4.13]
	at org.junit.runners.ParentRunner$3.evaluate(ParentRunner.java:306) ~[junit-4.13.jar:4.13]
	at org.junit.runners.BlockJUnit4ClassRunner$1.evaluate(BlockJUnit4ClassRunner.java:100) ~[junit-4.13.jar:4.13]
	at org.junit.runners.ParentRunner.runLeaf(ParentRunner.java:366) ~[junit-4.13.jar:4.13]
	at org.junit.runners.BlockJUnit4ClassRunner.runChild(BlockJUnit4ClassRunner.java:103) ~[junit-4.13.jar:4.13]
	at org.junit.runners.BlockJUnit4ClassRunner.runChild(BlockJUnit4ClassRunner.java:63) ~[junit-4.13.jar:4.13]
	at org.junit.runners.ParentRunner$4.run(ParentRunner.java:331) ~[junit-4.13.jar:4.13]
	at org.junit.runners.ParentRunner$1.schedule(ParentRunner.java:79) ~[junit-4.13.jar:4.13]
	at org.junit.runners.ParentRunner.runChildren(ParentRunner.java:329) ~[junit-4.13.jar:4.13]
	at org.junit.runners.ParentRunner.access$100(ParentRunner.java:66) ~[junit-4.13.jar:4.13]
	at org.junit.runners.ParentRunner$2.evaluate(ParentRunner.java:293) ~[junit-4.13.jar:4.13]
	at org.junit.runners.ParentRunner$3.evaluate(ParentRunner.java:306) ~[junit-4.13.jar:4.13]
	at org.junit.runners.ParentRunner.run(ParentRunner.java:413) ~[junit-4.13.jar:4.13]
	at org.junit.runner.JUnitCore.run(JUnitCore.java:137) ~[junit-4.13.jar:4.13]
	at org.junit.runner.JUnitCore.run(JUnitCore.java:115) ~[junit-4.13.jar:4.13]
	at org.junit.vintage.engine.execution.RunnerExecutor.execute(RunnerExecutor.java:43) ~[junit-vintage-engine-5.6.2.jar:5.6.2]
	at java.util.stream.ForEachOps$ForEachOp$OfRef.accept(ForEachOps.java:183) ~[?:1.8.0_402]
	at java.util.stream.ReferencePipeline$3$1.accept(ReferencePipeline.java:193) ~[?:1.8.0_402]
	at java.util.Iterator.forEachRemaining(Iterator.java:116) ~[?:1.8.0_402]
	at java.util.Spliterators$IteratorSpliterator.forEachRemaining(Spliterators.java:1801) ~[?:1.8.0_402]
	at java.util.stream.AbstractPipeline.copyInto(AbstractPipeline.java:482) ~[?:1.8.0_402]
	at java.util.stream.AbstractPipeline.wrapAndCopyInto(AbstractPipeline.java:472) ~[?:1.8.0_402]
	at java.util.stream.ForEachOps$ForEachOp.evaluateSequential(ForEachOps.java:150) ~[?:1.8.0_402]
	at java.util.stream.ForEachOps$ForEachOp$OfRef.evaluateSequential(ForEachOps.java:173) ~[?:1.8.0_402]
	at java.util.stream.AbstractPipeline.evaluate(AbstractPipeline.java:234) ~[?:1.8.0_402]
	at java.util.stream.ReferencePipeline.forEach(ReferencePipeline.java:485) ~[?:1.8.0_402]
	at org.junit.vintage.engine.VintageTestEngine.executeAllChildren(VintageTestEngine.java:82) ~[junit-vintage-engine-5.6.2.jar:5.6.2]
	at org.junit.vintage.engine.VintageTestEngine.execute(VintageTestEngine.java:73) ~[junit-vintage-engine-5.6.2.jar:5.6.2]
	at org.junit.platform.launcher.core.DefaultLauncher.execute(DefaultLauncher.java:248) ~[junit-platform-launcher-1.6.2.jar:1.6.2]
	at org.junit.platform.launcher.core.DefaultLauncher.lambda$execute$5(DefaultLauncher.java:211) ~[junit-platform-launcher-1.6.2.jar:1.6.2]
	at org.junit.platform.launcher.core.DefaultLauncher.withInterceptedStreams(DefaultLauncher.java:226) [junit-platform-launcher-1.6.2.jar:1.6.2]
	at org.junit.platform.launcher.core.DefaultLauncher.execute(DefaultLauncher.java:199) [junit-platform-launcher-1.6.2.jar:1.6.2]
	at org.junit.platform.launcher.core.DefaultLauncher.execute(DefaultLauncher.java:132) [junit-platform-launcher-1.6.2.jar:1.6.2]
	at org.apache.maven.surefire.junitplatform.JUnitPlatformProvider.invokeAllTests(JUnitPlatformProvider.java:154) [surefire-junit-platform-3.0.0-M4.jar:3.0.0-M4]
	at org.apache.maven.surefire.junitplatform.JUnitPlatformProvider.invoke(JUnitPlatformProvider.java:123) [surefire-junit-platform-3.0.0-M4.jar:3.0.0-M4]
	at org.apache.maven.surefire.booter.ForkedBooter.runSuitesInProcess(ForkedBooter.java:377) [surefire-booter-3.0.0-M4.jar:3.0.0-M4]
	at org.apache.maven.surefire.booter.ForkedBooter.execute(ForkedBooter.java:138) [surefire-booter-3.0.0-M4.jar:3.0.0-M4]
	at org.apache.maven.surefire.booter.ForkedBooter.run(ForkedBooter.java:465) [surefire-booter-3.0.0-M4.jar:3.0.0-M4]
	at org.apache.maven.surefire.booter.ForkedBooter.main(ForkedBooter.java:451) [surefire-booter-3.0.0-M4.jar:3.0.0-M4]
2024-04-24T05:13:35,417 ERROR [main] parse.MergeSemanticAnalyzer: CBO failed due to missing column stats (see previous errors), skipping CBO
2024-04-24T05:13:35,417  INFO [main] parse.MergeSemanticAnalyzer: Ending caching scope for: 
FAILED: NoMatchingMethodException No matching method for class org.apache.hadoop.hive.ql.udf.UDFToInteger with (struct<writeid:bigint,bucketid:int,rowid:bigint>). Possible choices: _FUNC_(bigint)  _FUNC_(boolean)  _FUNC_(decimal(38,18))  _FUNC_(double)  _FUNC_(float)  _FUNC_(smallint)  _FUNC_(string)  _FUNC_(struct<writeid:bigint,rowid:int,bucketid:bigint>)  _FUNC_(timestamp)  _FUNC_(tinyint)  _FUNC_(void)  
2024-04-24T05:13:35,418 ERROR [main] ql.Driver: FAILED: NoMatchingMethodException No matching method for class org.apache.hadoop.hive.ql.udf.UDFToInteger with (struct<writeid:bigint,bucketid:int,rowid:bigint>). Possible choices: _FUNC_(bigint)  _FUNC_(boolean)  _FUNC_(decimal(38,18))  _FUNC_(double)  _FUNC_(float)  _FUNC_(smallint)  _FUNC_(string)  _FUNC_(struct<writeid:bigint,rowid:int,bucketid:bigint>)  _FUNC_(timestamp)  _FUNC_(tinyint)  _FUNC_(void)  
org.apache.hadoop.hive.ql.exec.NoMatchingMethodException: No matching method for class org.apache.hadoop.hive.ql.udf.UDFToInteger with (struct<writeid:bigint,bucketid:int,rowid:bigint>). Possible choices: _FUNC_(bigint)  _FUNC_(boolean)  _FUNC_(decimal(38,18))  _FUNC_(double)  _FUNC_(float)  _FUNC_(smallint)  _FUNC_(string)  _FUNC_(struct<writeid:bigint,rowid:int,bucketid:bigint>)  _FUNC_(timestamp)  _FUNC_(tinyint)  _FUNC_(void)  
	at org.apache.hadoop.hive.ql.exec.MethodUtils.getMethodInternal(MethodUtils.java:130)
	at org.apache.hadoop.hive.ql.exec.MethodUtils.getMethodInternal(MethodUtils.java:60)
	at org.apache.hadoop.hive.ql.exec.DefaultUDFMethodResolver.getEvalMethod(DefaultUDFMethodResolver.java:59)
	at org.apache.hadoop.hive.ql.udf.TimestampCastRestrictorResolver.getEvalMethod(TimestampCastRestrictorResolver.java:68)
	at org.apache.hadoop.hive.ql.udf.generic.GenericUDFBridge.initialize(GenericUDFBridge.java:168)
	at org.apache.hadoop.hive.ql.udf.generic.GenericUDF.initializeAndFoldConstants(GenericUDF.java:149)
	at org.apache.hadoop.hive.ql.plan.ExprNodeGenericFuncDesc.newInstance(ExprNodeGenericFuncDesc.java:235)
	at org.apache.hadoop.hive.ql.parse.type.ExprNodeDescExprFactory.createFuncCallExpr(ExprNodeDescExprFactory.java:584)
	at org.apache.hadoop.hive.ql.parse.type.ExprNodeDescExprFactory.createFuncCallExpr(ExprNodeDescExprFactory.java:97)
	at org.apache.hadoop.hive.ql.parse.type.TypeCheckProcFactory$DefaultExprProcessor.getFuncExprNodeDescWithUdfData(TypeCheckProcFactory.java:762)
	at org.apache.hadoop.hive.ql.parse.type.TypeCheckProcFactory$DefaultExprProcessor.createConversionCast(TypeCheckProcFactory.java:783)
	at org.apache.hadoop.hive.ql.parse.SemanticAnalyzer.getPartitionColsFromBucketColsForUpdateDelete(SemanticAnalyzer.java:8725)
	at org.apache.hadoop.hive.ql.parse.SemanticAnalyzer.genBucketingSortingDest(SemanticAnalyzer.java:6906)
	at org.apache.hadoop.hive.ql.parse.SemanticAnalyzer.genFileSinkPlan(SemanticAnalyzer.java:7335)
	at org.apache.hadoop.hive.ql.parse.SemanticAnalyzer.genPostGroupByBodyPlan(SemanticAnalyzer.java:11063)
	at org.apache.hadoop.hive.ql.parse.SemanticAnalyzer.genBodyPlan(SemanticAnalyzer.java:10938)
	at org.apache.hadoop.hive.ql.parse.SemanticAnalyzer.genPlan(SemanticAnalyzer.java:11853)
	at org.apache.hadoop.hive.ql.parse.SemanticAnalyzer.genPlan(SemanticAnalyzer.java:11723)
	at org.apache.hadoop.hive.ql.parse.CalcitePlanner.genOPTree(CalcitePlanner.java:626)
	at org.apache.hadoop.hive.ql.parse.SemanticAnalyzer.analyzeInternal(SemanticAnalyzer.java:12558)
	at org.apache.hadoop.hive.ql.parse.CalcitePlanner.analyzeInternal(CalcitePlanner.java:456)
	at org.apache.hadoop.hive.ql.parse.RewriteSemanticAnalyzer.analyzeInternal(RewriteSemanticAnalyzer.java:67)
	at org.apache.hadoop.hive.ql.parse.BaseSemanticAnalyzer.analyze(BaseSemanticAnalyzer.java:317)
	at org.apache.hadoop.hive.ql.parse.MergeSemanticAnalyzer.analyzeMerge(MergeSemanticAnalyzer.java:317)
	at org.apache.hadoop.hive.ql.parse.MergeSemanticAnalyzer.analyze(MergeSemanticAnalyzer.java:63)
	at org.apache.hadoop.hive.ql.parse.RewriteSemanticAnalyzer.analyzeInternal(RewriteSemanticAnalyzer.java:72)
	at org.apache.hadoop.hive.ql.parse.BaseSemanticAnalyzer.analyze(BaseSemanticAnalyzer.java:317)
	at org.apache.hadoop.hive.ql.Compiler.analyze(Compiler.java:223)
	at org.apache.hadoop.hive.ql.Compiler.compile(Compiler.java:105)
	at org.apache.hadoop.hive.ql.Driver.compile(Driver.java:500)
	at org.apache.hadoop.hive.ql.Driver.compileInternal(Driver.java:453)
	at org.apache.hadoop.hive.ql.Driver.runInternal(Driver.java:181)
	at org.apache.hadoop.hive.ql.Driver.run(Driver.java:153)
	at org.apache.hadoop.hive.ql.Driver.run(Driver.java:140)
	at org.apache.hadoop.hive.ql.TxnCommandsBaseForTests.runStatementOnDriver(TxnCommandsBaseForTests.java:245)
	at org.apache.hadoop.hive.ql.TestTxnCommands.testMergeDeleteUpdate(TestTxnCommands.java:1281)
	at sun.reflect.NativeMethodAccessorImpl.invoke0(Native Method)
	at sun.reflect.NativeMethodAccessorImpl.invoke(NativeMethodAccessorImpl.java:62)
	at sun.reflect.DelegatingMethodAccessorImpl.invoke(DelegatingMethodAccessorImpl.java:43)
	at java.lang.reflect.Method.invoke(Method.java:498)
	at org.junit.runners.model.FrameworkMethod$1.runReflectiveCall(FrameworkMethod.java:59)
	at org.junit.internal.runners.model.ReflectiveCallable.run(ReflectiveCallable.java:12)
	at org.junit.runners.model.FrameworkMethod.invokeExplosively(FrameworkMethod.java:56)
	at org.junit.internal.runners.statements.InvokeMethod.evaluate(InvokeMethod.java:17)
	at org.junit.internal.runners.statements.RunBefores.evaluate(RunBefores.java:26)
	at org.junit.internal.runners.statements.RunAfters.evaluate(RunAfters.java:27)
	at org.junit.rules.TestWatcher$1.evaluate(TestWatcher.java:61)
	at org.junit.runners.ParentRunner$3.evaluate(ParentRunner.java:306)
	at org.junit.runners.BlockJUnit4ClassRunner$1.evaluate(BlockJUnit4ClassRunner.java:100)
	at org.junit.runners.ParentRunner.runLeaf(ParentRunner.java:366)
	at org.junit.runners.BlockJUnit4ClassRunner.runChild(BlockJUnit4ClassRunner.java:103)
	at org.junit.runners.BlockJUnit4ClassRunner.runChild(BlockJUnit4ClassRunner.java:63)
	at org.junit.runners.ParentRunner$4.run(ParentRunner.java:331)
	at org.junit.runners.ParentRunner$1.schedule(ParentRunner.java:79)
	at org.junit.runners.ParentRunner.runChildren(ParentRunner.java:329)
	at org.junit.runners.ParentRunner.access$100(ParentRunner.java:66)
	at org.junit.runners.ParentRunner$2.evaluate(ParentRunner.java:293)
	at org.junit.runners.ParentRunner$3.evaluate(ParentRunner.java:306)
	at org.junit.runners.ParentRunner.run(ParentRunner.java:413)
	at org.junit.runner.JUnitCore.run(JUnitCore.java:137)
	at org.junit.runner.JUnitCore.run(JUnitCore.java:115)
	at org.junit.vintage.engine.execution.RunnerExecutor.execute(RunnerExecutor.java:43)
	at java.util.stream.ForEachOps$ForEachOp$OfRef.accept(ForEachOps.java:183)
	at java.util.stream.ReferencePipeline$3$1.accept(ReferencePipeline.java:193)
	at java.util.Iterator.forEachRemaining(Iterator.java:116)
	at java.util.Spliterators$IteratorSpliterator.forEachRemaining(Spliterators.java:1801)
	at java.util.stream.AbstractPipeline.copyInto(AbstractPipeline.java:482)
	at java.util.stream.AbstractPipeline.wrapAndCopyInto(AbstractPipeline.java:472)
	at java.util.stream.ForEachOps$ForEachOp.evaluateSequential(ForEachOps.java:150)
	at java.util.stream.ForEachOps$ForEachOp$OfRef.evaluateSequential(ForEachOps.java:173)
	at java.util.stream.AbstractPipeline.evaluate(AbstractPipeline.java:234)
	at java.util.stream.ReferencePipeline.forEach(ReferencePipeline.java:485)
	at org.junit.vintage.engine.VintageTestEngine.executeAllChildren(VintageTestEngine.java:82)
	at org.junit.vintage.engine.VintageTestEngine.execute(VintageTestEngine.java:73)
	at org.junit.platform.launcher.core.DefaultLauncher.execute(DefaultLauncher.java:248)
	at org.junit.platform.launcher.core.DefaultLauncher.lambda$execute$5(DefaultLauncher.java:211)
	at org.junit.platform.launcher.core.DefaultLauncher.withInterceptedStreams(DefaultLauncher.java:226)
	at org.junit.platform.launcher.core.DefaultLauncher.execute(DefaultLauncher.java:199)
	at org.junit.platform.launcher.core.DefaultLauncher.execute(DefaultLauncher.java:132)
	at org.apache.maven.surefire.junitplatform.JUnitPlatformProvider.invokeAllTests(JUnitPlatformProvider.java:154)
	at org.apache.maven.surefire.junitplatform.JUnitPlatformProvider.invoke(JUnitPlatformProvider.java:123)
	at org.apache.maven.surefire.booter.ForkedBooter.runSuitesInProcess(ForkedBooter.java:377)
	at org.apache.maven.surefire.booter.ForkedBooter.execute(ForkedBooter.java:138)
	at org.apache.maven.surefire.booter.ForkedBooter.run(ForkedBooter.java:465)
	at org.apache.maven.surefire.booter.ForkedBooter.main(ForkedBooter.java:451)

2024-04-24T05:13:35,418  INFO [main] metadata.Hive: Dumping metastore api call timing information for : compilation phase
2024-04-24T05:13:35,418  INFO [main] metadata.Hive: Total time spent in each metastore function (ms): {getTable_(GetTableRequest)=82, getAllTableConstraints_(AllTableConstraintsRequest)=10, openTxn_(String, TxnType)=2, commitTxn_(CommitTxnRequest)=11, getValidTxns_(long)=1, isCompatibleWith_(Configuration)=0, getValidWriteIds_(List, String)=5, getTableColumnStatistics_(String, String, List, String)=70, createTable_(Table)=2, flushCache_()=0}
2024-04-24T05:13:35,418  INFO [main] ql.Driver: Completed compiling command(queryId=alex_20240424051334_ab154459-797f-4c1b-8fac-057207e7cbc1); Time taken: 0.427 seconds
2024-04-24T05:13:35,418  INFO [main] lockmgr.DbTxnManager: Stopped heartbeat for query: null
2024-04-24T05:13:35,422  INFO [main] txn.TxnHandler: Removed transactions: ([15]) from MIN_HISTORY_LEVEL
2024-04-24T05:13:35,428  INFO [main] ql.TxnCommandsBaseForTests: Running the query: drop table if exists acidTbl
2024-04-24T05:13:35,428  INFO [main] ql.Context: Deleting scratch dir: file:/home/alex/Repositories/hive/ql/target/tmp/localscratchdir/9b0c5357-be84-41c1-8e30-00e2af56a534/hive_2024-04-24_05-13-35_007_3501529756506435787-1
2024-04-24T05:13:35,428  INFO [main] ql.Driver: Compiling command(queryId=alex_20240424051335_06dd1b3d-a3e2-41c0-9bc9-672514b75536): drop table if exists acidTbl
2024-04-24T05:13:35,431  INFO [main] txn.TxnHandler: Added entries to MIN_HISTORY_LEVEL for current txns: ([16]) with min_open_txn: 15
2024-04-24T05:13:35,431  INFO [main] lockmgr.DbTxnManager: Opened txnid:16
2024-04-24T05:13:35,432  INFO [main] HiveMetaStore.audit: ugi=alex	ip=unknown-ip-addr	cmd=get_table : tbl=hive.default.acidTbl	
2024-04-24T05:13:35,438  INFO [main] metastore.HMSHandler: Skipping translation for processor with null
2024-04-24T05:13:35,438  INFO [main] ql.Driver: Semantic Analysis Completed (retrial = false)
2024-04-24T05:13:35,438  INFO [main] ql.Driver: Created Hive schema: Schema(fieldSchemas:null, properties:null)
2024-04-24T05:13:35,438  INFO [main] metadata.Hive: Dumping metastore api call timing information for : compilation phase
2024-04-24T05:13:35,438  INFO [main] metadata.Hive: Total time spent in each metastore function (ms): {getTable_(GetTableRequest)=6, isCompatibleWith_(Configuration)=1, getValidTxns_(long)=1, rollbackTxn_(long)=10, openTxn_(String, TxnType)=2, flushCache_()=0}
2024-04-24T05:13:35,438  INFO [main] ql.Driver: Completed compiling command(queryId=alex_20240424051335_06dd1b3d-a3e2-41c0-9bc9-672514b75536); Time taken: 0.01 seconds
2024-04-24T05:13:35,439  INFO [main] lockmgr.DbTxnManager: Setting lock request transaction to txnid:16 for queryId=alex_20240424051335_06dd1b3d-a3e2-41c0-9bc9-672514b75536
2024-04-24T05:13:35,439  INFO [main] lockmgr.DbLockManager: Requesting lock for queryId=alex_20240424051335_06dd1b3d-a3e2-41c0-9bc9-672514b75536
2024-04-24T05:13:35,454  INFO [main] lockmgr.DbLockManager: Response to queryId=alex_20240424051335_06dd1b3d-a3e2-41c0-9bc9-672514b75536 LockResponse(lockid:9, state:ACQUIRED)
2024-04-24T05:13:35,454  INFO [main] ql.Driver: Operation DROPTABLE obtained 1 locks
2024-04-24T05:13:35,454  INFO [main] ql.Driver: Executing command(queryId=alex_20240424051335_06dd1b3d-a3e2-41c0-9bc9-672514b75536): drop table if exists acidTbl
2024-04-24T05:13:35,454  INFO [main] ql.Driver: Starting task [Stage-0:DDL] in serial mode
2024-04-24T05:13:35,454  INFO [main] HiveMetaStore.audit: ugi=alex	ip=unknown-ip-addr	cmd=get_table : tbl=hive.default.acidTbl	
2024-04-24T05:13:35,460  INFO [main] metastore.HMSHandler: Skipping translation for processor with null
2024-04-24T05:13:35,461  INFO [main] HiveMetaStore.audit: ugi=alex	ip=unknown-ip-addr	cmd=get_table : tbl=hive.default.acidTbl	
2024-04-24T05:13:35,467  INFO [main] metastore.HMSHandler: Skipping translation for processor with null
2024-04-24T05:13:35,467  INFO [main] HiveMetaStore.audit: ugi=alex	ip=unknown-ip-addr	cmd=drop_table : tbl=hive.default.acidTbl	
2024-04-24T05:13:35,577  INFO [main] metadata.Hive: Dumping metastore api call timing information for : execution phase
2024-04-24T05:13:35,577  INFO [main] metadata.Hive: Total time spent in each metastore function (ms): {dropTable_(String, String, boolean, boolean, boolean)=115, isCompatibleWith_(Configuration)=0, getTable_(GetTableRequest)=7}
2024-04-24T05:13:35,577  INFO [main] ql.Driver: Completed executing command(queryId=alex_20240424051335_06dd1b3d-a3e2-41c0-9bc9-672514b75536); Time taken: 0.123 seconds
2024-04-24T05:13:35,577  INFO [main] lockmgr.DbTxnManager: Stopped heartbeat for query: alex_20240424051335_06dd1b3d-a3e2-41c0-9bc9-672514b75536
2024-04-24T05:13:35,581  INFO [main] txn.TxnHandler: Expected to move at least one record from txn_components to completed_txn_components when committing txn! txnid:16
2024-04-24T05:13:35,589  INFO [main] txn.TxnHandler: Removed transactions: ([16]) from MIN_HISTORY_LEVEL
2024-04-24T05:13:35,589  WARN [main] txn.CompactionTxnHandler: No compaction queue record found for Compaction type transaction commit. txnId:16
2024-04-24T05:13:35,590  INFO [main] ql.TxnCommandsBaseForTests: Running the query: drop table if exists acidTblPart
2024-04-24T05:13:35,590  INFO [main] ql.Driver: Compiling command(queryId=alex_20240424051335_52cc431b-fd23-4af8-badc-9571ecf04065): drop table if exists acidTblPart
2024-04-24T05:13:35,592  INFO [main] txn.TxnHandler: Added entries to MIN_HISTORY_LEVEL for current txns: ([17]) with min_open_txn: 15
2024-04-24T05:13:35,593  INFO [main] lockmgr.DbTxnManager: Opened txnid:17
2024-04-24T05:13:35,593  INFO [main] HiveMetaStore.audit: ugi=alex	ip=unknown-ip-addr	cmd=get_table : tbl=hive.default.acidTblPart	
2024-04-24T05:13:35,609  INFO [main] metastore.HMSHandler: Skipping translation for processor with null
2024-04-24T05:13:35,609  INFO [main] ql.Driver: Semantic Analysis Completed (retrial = false)
2024-04-24T05:13:35,609  INFO [main] ql.Driver: Created Hive schema: Schema(fieldSchemas:null, properties:null)
2024-04-24T05:13:35,609  INFO [main] metadata.Hive: Dumping metastore api call timing information for : compilation phase
2024-04-24T05:13:35,610  INFO [main] metadata.Hive: Total time spent in each metastore function (ms): {openTxn_(String, TxnType)=2, isCompatibleWith_(Configuration)=0, getValidTxns_(long)=0, getTable_(GetTableRequest)=16, commitTxn_(CommitTxnRequest)=13, flushCache_()=0}
2024-04-24T05:13:35,610  INFO [main] ql.Driver: Completed compiling command(queryId=alex_20240424051335_52cc431b-fd23-4af8-badc-9571ecf04065); Time taken: 0.019 seconds
2024-04-24T05:13:35,610  INFO [main] lockmgr.DbTxnManager: Setting lock request transaction to txnid:17 for queryId=alex_20240424051335_52cc431b-fd23-4af8-badc-9571ecf04065
2024-04-24T05:13:35,610  INFO [main] lockmgr.DbLockManager: Requesting lock for queryId=alex_20240424051335_52cc431b-fd23-4af8-badc-9571ecf04065
2024-04-24T05:13:35,633  INFO [main] lockmgr.DbLockManager: Response to queryId=alex_20240424051335_52cc431b-fd23-4af8-badc-9571ecf04065 LockResponse(lockid:10, state:ACQUIRED)
2024-04-24T05:13:35,633  INFO [main] ql.Driver: Operation DROPTABLE obtained 1 locks
2024-04-24T05:13:35,633  INFO [main] ql.Driver: Executing command(queryId=alex_20240424051335_52cc431b-fd23-4af8-badc-9571ecf04065): drop table if exists acidTblPart
2024-04-24T05:13:35,633  INFO [main] ql.Driver: Starting task [Stage-0:DDL] in serial mode
2024-04-24T05:13:35,634  INFO [main] HiveMetaStore.audit: ugi=alex	ip=unknown-ip-addr	cmd=get_table : tbl=hive.default.acidTblPart	
2024-04-24T05:13:35,641  INFO [main] metastore.HMSHandler: Skipping translation for processor with null
2024-04-24T05:13:35,641  INFO [main] HiveMetaStore.audit: ugi=alex	ip=unknown-ip-addr	cmd=get_table : tbl=hive.default.acidTblPart	
2024-04-24T05:13:35,649  INFO [main] metastore.HMSHandler: Skipping translation for processor with null
2024-04-24T05:13:35,649  INFO [main] HiveMetaStore.audit: ugi=alex	ip=unknown-ip-addr	cmd=drop_table : tbl=hive.default.acidTblPart	
2024-04-24T05:13:35,699  INFO [main] metadata.Hive: Dumping metastore api call timing information for : execution phase
2024-04-24T05:13:35,699  INFO [main] metadata.Hive: Total time spent in each metastore function (ms): {isCompatibleWith_(Configuration)=1, getTable_(GetTableRequest)=7, dropTable_(String, String, boolean, boolean, boolean)=58}
2024-04-24T05:13:35,699  INFO [main] ql.Driver: Completed executing command(queryId=alex_20240424051335_52cc431b-fd23-4af8-badc-9571ecf04065); Time taken: 0.066 seconds
2024-04-24T05:13:35,699  INFO [main] lockmgr.DbTxnManager: Stopped heartbeat for query: alex_20240424051335_52cc431b-fd23-4af8-badc-9571ecf04065
2024-04-24T05:13:35,704  INFO [main] txn.TxnHandler: Expected to move at least one record from txn_components to completed_txn_components when committing txn! txnid:17
2024-04-24T05:13:35,711  INFO [main] txn.TxnHandler: Removed transactions: ([17]) from MIN_HISTORY_LEVEL
2024-04-24T05:13:35,711  WARN [main] txn.CompactionTxnHandler: No compaction queue record found for Compaction type transaction commit. txnId:17
2024-04-24T05:13:35,712  INFO [main] ql.TxnCommandsBaseForTests: Running the query: drop table if exists acidTbl2
2024-04-24T05:13:35,712  INFO [main] ql.Driver: Compiling command(queryId=alex_20240424051335_2762a8e4-2731-42af-a081-a9a49e759c0c): drop table if exists acidTbl2
2024-04-24T05:13:35,715  INFO [main] txn.TxnHandler: Added entries to MIN_HISTORY_LEVEL for current txns: ([18]) with min_open_txn: 15
2024-04-24T05:13:35,715  INFO [main] lockmgr.DbTxnManager: Opened txnid:18
2024-04-24T05:13:35,716  INFO [main] ql.Driver: Semantic Analysis Completed (retrial = false)
2024-04-24T05:13:35,716  INFO [main] ql.Driver: Created Hive schema: Schema(fieldSchemas:null, properties:null)
2024-04-24T05:13:35,716  INFO [main] metadata.Hive: Dumping metastore api call timing information for : compilation phase
2024-04-24T05:13:35,716  INFO [main] metadata.Hive: Total time spent in each metastore function (ms): {openTxn_(String, TxnType)=2, isCompatibleWith_(Configuration)=0, flushCache_()=0, getValidTxns_(long)=1, commitTxn_(CommitTxnRequest)=13, getTable_(GetTableRequest)=0}
2024-04-24T05:13:35,716  INFO [main] ql.Driver: Completed compiling command(queryId=alex_20240424051335_2762a8e4-2731-42af-a081-a9a49e759c0c); Time taken: 0.004 seconds
2024-04-24T05:13:35,716  INFO [main] lockmgr.DbTxnManager: Setting lock request transaction to txnid:18 for queryId=alex_20240424051335_2762a8e4-2731-42af-a081-a9a49e759c0c
2024-04-24T05:13:35,716  INFO [main] ql.Driver: Operation DROPTABLE obtained 0 locks
2024-04-24T05:13:35,716  INFO [main] ql.Driver: Executing command(queryId=alex_20240424051335_2762a8e4-2731-42af-a081-a9a49e759c0c): drop table if exists acidTbl2
2024-04-24T05:13:35,717  INFO [main] ql.Driver: Starting task [Stage-0:DDL] in serial mode
2024-04-24T05:13:35,717  INFO [main] metadata.SessionHiveMetaStoreClient: Column stats doesn't exist for db=default temp table=acidTbl2
2024-04-24T05:13:35,717  INFO [main] metadata.Hive: Dumping metastore api call timing information for : execution phase
2024-04-24T05:13:35,717  INFO [main] metadata.Hive: Total time spent in each metastore function (ms): {getTable_(GetTableRequest)=0, isCompatibleWith_(Configuration)=0, dropTable_(String, String, boolean, boolean, boolean)=0}
2024-04-24T05:13:35,718  INFO [main] ql.Driver: Completed executing command(queryId=alex_20240424051335_2762a8e4-2731-42af-a081-a9a49e759c0c); Time taken: 0.001 seconds
2024-04-24T05:13:35,718  INFO [main] lockmgr.DbTxnManager: Stopped heartbeat for query: alex_20240424051335_2762a8e4-2731-42af-a081-a9a49e759c0c
2024-04-24T05:13:35,724  INFO [main] txn.TxnHandler: Expected to move at least one record from txn_components to completed_txn_components when committing txn! txnid:18
2024-04-24T05:13:35,732  INFO [main] txn.TxnHandler: Removed transactions: ([18]) from MIN_HISTORY_LEVEL
2024-04-24T05:13:35,732  WARN [main] txn.CompactionTxnHandler: No compaction queue record found for Compaction type transaction commit. txnId:18
2024-04-24T05:13:35,733  INFO [main] ql.TxnCommandsBaseForTests: Running the query: drop table if exists nonAcidOrcTbl
2024-04-24T05:13:35,733  INFO [main] ql.Driver: Compiling command(queryId=alex_20240424051335_138c1240-6f3e-4cc9-a0a6-f331ad5f0da4): drop table if exists nonAcidOrcTbl
2024-04-24T05:13:35,735  INFO [main] txn.TxnHandler: Added entries to MIN_HISTORY_LEVEL for current txns: ([19]) with min_open_txn: 15
2024-04-24T05:13:35,736  INFO [main] lockmgr.DbTxnManager: Opened txnid:19
2024-04-24T05:13:35,736  INFO [main] HiveMetaStore.audit: ugi=alex	ip=unknown-ip-addr	cmd=get_table : tbl=hive.default.nonAcidOrcTbl	
2024-04-24T05:13:35,763  INFO [main] metastore.HMSHandler: Skipping translation for processor with null
2024-04-24T05:13:35,763  INFO [main] ql.Driver: Semantic Analysis Completed (retrial = false)
2024-04-24T05:13:35,763  INFO [main] ql.Driver: Created Hive schema: Schema(fieldSchemas:null, properties:null)
2024-04-24T05:13:35,763  INFO [main] metadata.Hive: Dumping metastore api call timing information for : compilation phase
2024-04-24T05:13:35,763  INFO [main] metadata.Hive: Total time spent in each metastore function (ms): {getValidTxns_(long)=0, getTable_(GetTableRequest)=27, isCompatibleWith_(Configuration)=0, openTxn_(String, TxnType)=3, flushCache_()=0, commitTxn_(CommitTxnRequest)=14}
2024-04-24T05:13:35,763  INFO [main] ql.Driver: Completed compiling command(queryId=alex_20240424051335_138c1240-6f3e-4cc9-a0a6-f331ad5f0da4); Time taken: 0.03 seconds
2024-04-24T05:13:35,764  INFO [main] lockmgr.DbTxnManager: Setting lock request transaction to txnid:19 for queryId=alex_20240424051335_138c1240-6f3e-4cc9-a0a6-f331ad5f0da4
2024-04-24T05:13:35,764  INFO [main] lockmgr.DbLockManager: Requesting lock for queryId=alex_20240424051335_138c1240-6f3e-4cc9-a0a6-f331ad5f0da4
2024-04-24T05:13:35,782  INFO [main] lockmgr.DbLockManager: Response to queryId=alex_20240424051335_138c1240-6f3e-4cc9-a0a6-f331ad5f0da4 LockResponse(lockid:11, state:ACQUIRED)
2024-04-24T05:13:35,782  INFO [main] ql.Driver: Operation DROPTABLE obtained 1 locks
2024-04-24T05:13:35,782  INFO [main] ql.Driver: Executing command(queryId=alex_20240424051335_138c1240-6f3e-4cc9-a0a6-f331ad5f0da4): drop table if exists nonAcidOrcTbl
2024-04-24T05:13:35,782  INFO [main] ql.Driver: Starting task [Stage-0:DDL] in serial mode
2024-04-24T05:13:35,782  INFO [main] HiveMetaStore.audit: ugi=alex	ip=unknown-ip-addr	cmd=get_table : tbl=hive.default.nonAcidOrcTbl	
2024-04-24T05:13:35,792  INFO [main] metastore.HMSHandler: Skipping translation for processor with null
2024-04-24T05:13:35,792  INFO [main] HiveMetaStore.audit: ugi=alex	ip=unknown-ip-addr	cmd=get_table : tbl=hive.default.nonAcidOrcTbl	
2024-04-24T05:13:35,802  INFO [main] metastore.HMSHandler: Skipping translation for processor with null
2024-04-24T05:13:35,802  INFO [main] HiveMetaStore.audit: ugi=alex	ip=unknown-ip-addr	cmd=drop_table : tbl=hive.default.nonAcidOrcTbl	
2024-04-24T05:13:35,885  INFO [main] metadata.Hive: Dumping metastore api call timing information for : execution phase
2024-04-24T05:13:35,885  INFO [main] metadata.Hive: Total time spent in each metastore function (ms): {isCompatibleWith_(Configuration)=0, dropTable_(String, String, boolean, boolean, boolean)=93, getTable_(GetTableRequest)=10}
2024-04-24T05:13:35,886  INFO [main] ql.Driver: Completed executing command(queryId=alex_20240424051335_138c1240-6f3e-4cc9-a0a6-f331ad5f0da4); Time taken: 0.103 seconds
2024-04-24T05:13:35,886  INFO [main] lockmgr.DbTxnManager: Stopped heartbeat for query: alex_20240424051335_138c1240-6f3e-4cc9-a0a6-f331ad5f0da4
2024-04-24T05:13:35,890  INFO [main] txn.TxnHandler: Expected to move at least one record from txn_components to completed_txn_components when committing txn! txnid:19
2024-04-24T05:13:35,897  INFO [main] txn.TxnHandler: Removed transactions: ([19]) from MIN_HISTORY_LEVEL
2024-04-24T05:13:35,897  WARN [main] txn.CompactionTxnHandler: No compaction queue record found for Compaction type transaction commit. txnId:19
2024-04-24T05:13:35,898  INFO [main] ql.TxnCommandsBaseForTests: Running the query: drop table if exists nonAcidOrcTbl2
2024-04-24T05:13:35,898  INFO [main] ql.Driver: Compiling command(queryId=alex_20240424051335_c2c9f941-ff72-48ec-a481-ba49c4efd893): drop table if exists nonAcidOrcTbl2
2024-04-24T05:13:35,900  INFO [main] txn.TxnHandler: Added entries to MIN_HISTORY_LEVEL for current txns: ([20]) with min_open_txn: 15
2024-04-24T05:13:35,901  INFO [main] lockmgr.DbTxnManager: Opened txnid:20
2024-04-24T05:13:35,901  INFO [main] HiveMetaStore.audit: ugi=alex	ip=unknown-ip-addr	cmd=get_table : tbl=hive.default.nonAcidOrcTbl2	
2024-04-24T05:13:35,910  INFO [main] metastore.HMSHandler: Skipping translation for processor with null
2024-04-24T05:13:35,911  INFO [main] ql.Driver: Semantic Analysis Completed (retrial = false)
2024-04-24T05:13:35,911  INFO [main] ql.Driver: Created Hive schema: Schema(fieldSchemas:null, properties:null)
2024-04-24T05:13:35,911  INFO [main] metadata.Hive: Dumping metastore api call timing information for : compilation phase
2024-04-24T05:13:35,911  INFO [main] metadata.Hive: Total time spent in each metastore function (ms): {isCompatibleWith_(Configuration)=0, getTable_(GetTableRequest)=9, commitTxn_(CommitTxnRequest)=12, getValidTxns_(long)=0, flushCache_()=0, openTxn_(String, TxnType)=2}
2024-04-24T05:13:35,911  INFO [main] ql.Driver: Completed compiling command(queryId=alex_20240424051335_c2c9f941-ff72-48ec-a481-ba49c4efd893); Time taken: 0.013 seconds
2024-04-24T05:13:35,911  INFO [main] lockmgr.DbTxnManager: Setting lock request transaction to txnid:20 for queryId=alex_20240424051335_c2c9f941-ff72-48ec-a481-ba49c4efd893
2024-04-24T05:13:35,912  INFO [main] lockmgr.DbLockManager: Requesting lock for queryId=alex_20240424051335_c2c9f941-ff72-48ec-a481-ba49c4efd893
2024-04-24T05:13:35,927  INFO [main] lockmgr.DbLockManager: Response to queryId=alex_20240424051335_c2c9f941-ff72-48ec-a481-ba49c4efd893 LockResponse(lockid:12, state:ACQUIRED)
2024-04-24T05:13:35,927  INFO [main] ql.Driver: Operation DROPTABLE obtained 1 locks
2024-04-24T05:13:35,927  INFO [main] ql.Driver: Executing command(queryId=alex_20240424051335_c2c9f941-ff72-48ec-a481-ba49c4efd893): drop table if exists nonAcidOrcTbl2
2024-04-24T05:13:35,928  INFO [main] ql.Driver: Starting task [Stage-0:DDL] in serial mode
2024-04-24T05:13:35,928  INFO [main] HiveMetaStore.audit: ugi=alex	ip=unknown-ip-addr	cmd=get_table : tbl=hive.default.nonAcidOrcTbl2	
2024-04-24T05:13:35,937  INFO [main] metastore.HMSHandler: Skipping translation for processor with null
2024-04-24T05:13:35,937  INFO [main] HiveMetaStore.audit: ugi=alex	ip=unknown-ip-addr	cmd=get_table : tbl=hive.default.nonAcidOrcTbl2	
2024-04-24T05:13:35,947  INFO [main] metastore.HMSHandler: Skipping translation for processor with null
2024-04-24T05:13:35,947  INFO [main] HiveMetaStore.audit: ugi=alex	ip=unknown-ip-addr	cmd=drop_table : tbl=hive.default.nonAcidOrcTbl2	
2024-04-24T05:13:35,978  INFO [main] metadata.Hive: Dumping metastore api call timing information for : execution phase
2024-04-24T05:13:35,978  INFO [main] metadata.Hive: Total time spent in each metastore function (ms): {getTable_(GetTableRequest)=9, isCompatibleWith_(Configuration)=0, dropTable_(String, String, boolean, boolean, boolean)=41}
2024-04-24T05:13:35,978  INFO [main] ql.Driver: Completed executing command(queryId=alex_20240424051335_c2c9f941-ff72-48ec-a481-ba49c4efd893); Time taken: 0.051 seconds
2024-04-24T05:13:35,978  INFO [main] lockmgr.DbTxnManager: Stopped heartbeat for query: alex_20240424051335_c2c9f941-ff72-48ec-a481-ba49c4efd893
2024-04-24T05:13:35,982  INFO [main] txn.TxnHandler: Expected to move at least one record from txn_components to completed_txn_components when committing txn! txnid:20
2024-04-24T05:13:35,988  INFO [main] txn.TxnHandler: Removed transactions: ([20]) from MIN_HISTORY_LEVEL
2024-04-24T05:13:35,988  WARN [main] txn.CompactionTxnHandler: No compaction queue record found for Compaction type transaction commit. txnId:20
2024-04-24T05:13:35,989  INFO [main] ql.TxnCommandsBaseForTests: Running the query: drop table if exists nonAcidNonBucket
2024-04-24T05:13:35,989  INFO [main] ql.Driver: Compiling command(queryId=alex_20240424051335_8c8aa58f-efbd-4b72-9f39-b4b321b60bac): drop table if exists nonAcidNonBucket
2024-04-24T05:13:35,992  INFO [main] txn.TxnHandler: Added entries to MIN_HISTORY_LEVEL for current txns: ([21]) with min_open_txn: 15
2024-04-24T05:13:35,992  INFO [main] lockmgr.DbTxnManager: Opened txnid:21
2024-04-24T05:13:35,993  INFO [main] HiveMetaStore.audit: ugi=alex	ip=unknown-ip-addr	cmd=get_table : tbl=hive.default.nonAcidNonBucket	
2024-04-24T05:13:36,005  INFO [main] metastore.HMSHandler: Skipping translation for processor with null
2024-04-24T05:13:36,006  INFO [main] ql.Driver: Semantic Analysis Completed (retrial = false)
2024-04-24T05:13:36,006  INFO [main] ql.Driver: Created Hive schema: Schema(fieldSchemas:null, properties:null)
2024-04-24T05:13:36,006  INFO [main] metadata.Hive: Dumping metastore api call timing information for : compilation phase
2024-04-24T05:13:36,006  INFO [main] metadata.Hive: Total time spent in each metastore function (ms): {openTxn_(String, TxnType)=3, commitTxn_(CommitTxnRequest)=9, flushCache_()=0, isCompatibleWith_(Configuration)=1, getValidTxns_(long)=1, getTable_(GetTableRequest)=13}
2024-04-24T05:13:36,006  INFO [main] ql.Driver: Completed compiling command(queryId=alex_20240424051335_8c8aa58f-efbd-4b72-9f39-b4b321b60bac); Time taken: 0.017 seconds
2024-04-24T05:13:36,006  INFO [main] lockmgr.DbTxnManager: Setting lock request transaction to txnid:21 for queryId=alex_20240424051335_8c8aa58f-efbd-4b72-9f39-b4b321b60bac
2024-04-24T05:13:36,007  INFO [main] lockmgr.DbLockManager: Requesting lock for queryId=alex_20240424051335_8c8aa58f-efbd-4b72-9f39-b4b321b60bac
2024-04-24T05:13:36,021  INFO [main] lockmgr.DbLockManager: Response to queryId=alex_20240424051335_8c8aa58f-efbd-4b72-9f39-b4b321b60bac LockResponse(lockid:13, state:ACQUIRED)
2024-04-24T05:13:36,021  INFO [main] ql.Driver: Operation DROPTABLE obtained 1 locks
2024-04-24T05:13:36,021  INFO [main] ql.Driver: Executing command(queryId=alex_20240424051335_8c8aa58f-efbd-4b72-9f39-b4b321b60bac): drop table if exists nonAcidNonBucket
2024-04-24T05:13:36,021  INFO [main] ql.Driver: Starting task [Stage-0:DDL] in serial mode
2024-04-24T05:13:36,021  INFO [main] HiveMetaStore.audit: ugi=alex	ip=unknown-ip-addr	cmd=get_table : tbl=hive.default.nonAcidNonBucket	
2024-04-24T05:13:36,030  INFO [main] metastore.HMSHandler: Skipping translation for processor with null
2024-04-24T05:13:36,030  INFO [main] HiveMetaStore.audit: ugi=alex	ip=unknown-ip-addr	cmd=get_table : tbl=hive.default.nonAcidNonBucket	
2024-04-24T05:13:36,042  INFO [main] metastore.HMSHandler: Skipping translation for processor with null
2024-04-24T05:13:36,043  INFO [main] HiveMetaStore.audit: ugi=alex	ip=unknown-ip-addr	cmd=drop_table : tbl=hive.default.nonAcidNonBucket	
2024-04-24T05:13:36,074  INFO [main] metadata.Hive: Dumping metastore api call timing information for : execution phase
2024-04-24T05:13:36,074  INFO [main] metadata.Hive: Total time spent in each metastore function (ms): {dropTable_(String, String, boolean, boolean, boolean)=43, getTable_(GetTableRequest)=9, isCompatibleWith_(Configuration)=0}
2024-04-24T05:13:36,074  INFO [main] ql.Driver: Completed executing command(queryId=alex_20240424051335_8c8aa58f-efbd-4b72-9f39-b4b321b60bac); Time taken: 0.053 seconds
2024-04-24T05:13:36,074  INFO [main] lockmgr.DbTxnManager: Stopped heartbeat for query: alex_20240424051335_8c8aa58f-efbd-4b72-9f39-b4b321b60bac
2024-04-24T05:13:36,078  INFO [main] txn.TxnHandler: Expected to move at least one record from txn_components to completed_txn_components when committing txn! txnid:21
2024-04-24T05:13:36,084  INFO [main] txn.TxnHandler: Removed transactions: ([21]) from MIN_HISTORY_LEVEL
2024-04-24T05:13:36,084  WARN [main] txn.CompactionTxnHandler: No compaction queue record found for Compaction type transaction commit. txnId:21
2024-04-24T05:13:36,085  INFO [main] utils.TestTxnDbUtil: Cleaning transactional tables
]]></system-err>
  </testcase>
  <testcase name="testQuotedIdentifier" classname="org.apache.hadoop.hive.ql.TestTxnCommandsWithSplitUpdateAndVectorization" time="2.107">
    <error type="java.lang.RuntimeException"><![CDATA[java.lang.RuntimeException: 
merge into `aci/d_u/ami` as `d/8` using `src/name` as `a/b` on i=gh 
when matched and i > 5 then delete 
when matched then update set vc='blah' 
when not matched then insert values(1,2.1,'baz') failed: (responseCode = 40000, errorMessage = FAILED: NoMatchingMethodException No matching method for class org.apache.hadoop.hive.ql.udf.UDFToInteger with (struct<writeid:bigint,bucketid:int,rowid:bigint>). Possible choices: _FUNC_(bigint)  _FUNC_(boolean)  _FUNC_(decimal(38,18))  _FUNC_(double)  _FUNC_(float)  _FUNC_(smallint)  _FUNC_(string)  _FUNC_(struct<writeid:bigint,rowid:int,bucketid:bigint>)  _FUNC_(timestamp)  _FUNC_(tinyint)  _FUNC_(void)  , hiveErrorCode = 40000, SQLState = 42000, exception = No matching method for class org.apache.hadoop.hive.ql.udf.UDFToInteger with (struct<writeid:bigint,bucketid:int,rowid:bigint>). Possible choices: _FUNC_(bigint)  _FUNC_(boolean)  _FUNC_(decimal(38,18))  _FUNC_(double)  _FUNC_(float)  _FUNC_(smallint)  _FUNC_(string)  _FUNC_(struct<writeid:bigint,rowid:int,bucketid:bigint>)  _FUNC_(timestamp)  _FUNC_(tinyint)  _FUNC_(void)  )
	at org.apache.hadoop.hive.ql.TxnCommandsBaseForTests.runStatementOnDriver(TxnCommandsBaseForTests.java:247)
	at org.apache.hadoop.hive.ql.TestTxnCommands.testQuotedIdentifier(TestTxnCommands.java:1070)
	at sun.reflect.NativeMethodAccessorImpl.invoke0(Native Method)
	at sun.reflect.NativeMethodAccessorImpl.invoke(NativeMethodAccessorImpl.java:62)
	at sun.reflect.DelegatingMethodAccessorImpl.invoke(DelegatingMethodAccessorImpl.java:43)
	at java.lang.reflect.Method.invoke(Method.java:498)
	at org.junit.runners.model.FrameworkMethod$1.runReflectiveCall(FrameworkMethod.java:59)
	at org.junit.internal.runners.model.ReflectiveCallable.run(ReflectiveCallable.java:12)
	at org.junit.runners.model.FrameworkMethod.invokeExplosively(FrameworkMethod.java:56)
	at org.junit.internal.runners.statements.InvokeMethod.evaluate(InvokeMethod.java:17)
	at org.junit.internal.runners.statements.RunBefores.evaluate(RunBefores.java:26)
	at org.junit.internal.runners.statements.RunAfters.evaluate(RunAfters.java:27)
	at org.junit.rules.TestWatcher$1.evaluate(TestWatcher.java:61)
	at org.junit.runners.ParentRunner$3.evaluate(ParentRunner.java:306)
	at org.junit.runners.BlockJUnit4ClassRunner$1.evaluate(BlockJUnit4ClassRunner.java:100)
	at org.junit.runners.ParentRunner.runLeaf(ParentRunner.java:366)
	at org.junit.runners.BlockJUnit4ClassRunner.runChild(BlockJUnit4ClassRunner.java:103)
	at org.junit.runners.BlockJUnit4ClassRunner.runChild(BlockJUnit4ClassRunner.java:63)
	at org.junit.runners.ParentRunner$4.run(ParentRunner.java:331)
	at org.junit.runners.ParentRunner$1.schedule(ParentRunner.java:79)
	at org.junit.runners.ParentRunner.runChildren(ParentRunner.java:329)
	at org.junit.runners.ParentRunner.access$100(ParentRunner.java:66)
	at org.junit.runners.ParentRunner$2.evaluate(ParentRunner.java:293)
	at org.junit.runners.ParentRunner$3.evaluate(ParentRunner.java:306)
	at org.junit.runners.ParentRunner.run(ParentRunner.java:413)
	at org.junit.runner.JUnitCore.run(JUnitCore.java:137)
	at org.junit.runner.JUnitCore.run(JUnitCore.java:115)
	at org.junit.vintage.engine.execution.RunnerExecutor.execute(RunnerExecutor.java:43)
	at java.util.stream.ForEachOps$ForEachOp$OfRef.accept(ForEachOps.java:183)
	at java.util.stream.ReferencePipeline$3$1.accept(ReferencePipeline.java:193)
	at java.util.Iterator.forEachRemaining(Iterator.java:116)
	at java.util.Spliterators$IteratorSpliterator.forEachRemaining(Spliterators.java:1801)
	at java.util.stream.AbstractPipeline.copyInto(AbstractPipeline.java:482)
	at java.util.stream.AbstractPipeline.wrapAndCopyInto(AbstractPipeline.java:472)
	at java.util.stream.ForEachOps$ForEachOp.evaluateSequential(ForEachOps.java:150)
	at java.util.stream.ForEachOps$ForEachOp$OfRef.evaluateSequential(ForEachOps.java:173)
	at java.util.stream.AbstractPipeline.evaluate(AbstractPipeline.java:234)
	at java.util.stream.ReferencePipeline.forEach(ReferencePipeline.java:485)
	at org.junit.vintage.engine.VintageTestEngine.executeAllChildren(VintageTestEngine.java:82)
	at org.junit.vintage.engine.VintageTestEngine.execute(VintageTestEngine.java:73)
	at org.junit.platform.launcher.core.DefaultLauncher.execute(DefaultLauncher.java:248)
	at org.junit.platform.launcher.core.DefaultLauncher.lambda$execute$5(DefaultLauncher.java:211)
	at org.junit.platform.launcher.core.DefaultLauncher.withInterceptedStreams(DefaultLauncher.java:226)
	at org.junit.platform.launcher.core.DefaultLauncher.execute(DefaultLauncher.java:199)
	at org.junit.platform.launcher.core.DefaultLauncher.execute(DefaultLauncher.java:132)
	at org.apache.maven.surefire.junitplatform.JUnitPlatformProvider.invokeAllTests(JUnitPlatformProvider.java:154)
	at org.apache.maven.surefire.junitplatform.JUnitPlatformProvider.invoke(JUnitPlatformProvider.java:123)
	at org.apache.maven.surefire.booter.ForkedBooter.runSuitesInProcess(ForkedBooter.java:377)
	at org.apache.maven.surefire.booter.ForkedBooter.execute(ForkedBooter.java:138)
	at org.apache.maven.surefire.booter.ForkedBooter.run(ForkedBooter.java:465)
	at org.apache.maven.surefire.booter.ForkedBooter.main(ForkedBooter.java:451)
]]></error>
    <system-err><![CDATA[2024-04-24T05:13:36,111  INFO [Metastore Scheduled Worker 0] metastore.HMSHandler: 2: Opening raw store with implementation class:org.apache.hadoop.hive.metastore.ObjectStore
2024-04-24T05:13:36,112  INFO [Metastore Scheduled Worker 0] metastore.ObjectStore: RawStore: org.apache.hadoop.hive.metastore.ObjectStore@72e1cecf, with PersistenceManager: null will be shutdown
2024-04-24T05:13:36,112  INFO [Metastore Scheduled Worker 0] metastore.ObjectStore: RawStore: org.apache.hadoop.hive.metastore.ObjectStore@72e1cecf, with PersistenceManager: org.datanucleus.api.jdo.JDOPersistenceManager@7e4eea53 created in the thread with id: 44
2024-04-24T05:13:36,132  INFO [Metastore Scheduled Worker 0] metastore.HMSHandler: Created RawStore: org.apache.hadoop.hive.metastore.ObjectStore@72e1cecf from thread id: 44
2024-04-24T05:13:36,150  WARN [main] conf.HiveConf: HiveConf of name hive.metastore.metadb.dir does not exist
2024-04-24T05:13:36,151  WARN [main] conf.HiveConf: HiveConf of name hive.dummyparam.test.server.specific.config.override does not exist
2024-04-24T05:13:36,151  WARN [main] conf.HiveConf: HiveConf of name hive.dummyparam.test.server.specific.config.metastoresite does not exist
2024-04-24T05:13:36,151  WARN [main] conf.HiveConf: HiveConf of name hive.llap.io.cache.orc.size does not exist
2024-04-24T05:13:36,151  WARN [main] conf.HiveConf: HiveConf of name hive.metastore.client.cache.maxSize does not exist
2024-04-24T05:13:36,151  WARN [main] conf.HiveConf: HiveConf of name hive.llap.io.cache.orc.alloc.min does not exist
2024-04-24T05:13:36,151  WARN [main] conf.HiveConf: HiveConf of name hive.llap.io.cache.orc.arena.size does not exist
2024-04-24T05:13:36,151  WARN [main] conf.HiveConf: HiveConf of name hive.metastore.client.cache.recordStats does not exist
2024-04-24T05:13:36,151  WARN [main] conf.HiveConf: HiveConf of name hive.stats.key.prefix.reserve.length does not exist
2024-04-24T05:13:36,151  WARN [main] conf.HiveConf: HiveConf of name hive.dummyparam.test.server.specific.config.hivesite does not exist
2024-04-24T05:13:36,152  WARN [main] conf.HiveConf: HiveConf of name hive.llap.io.cache.orc.alloc.max does not exist
2024-04-24T05:13:36,154  INFO [main] utils.TestTxnDbUtil: Creating transactional tables
Hive Session ID = abc89b9a-490f-413d-b4bf-76a72c4949a1
2024-04-24T05:13:36,157  INFO [main] SessionState: Hive Session ID = abc89b9a-490f-413d-b4bf-76a72c4949a1
ivysettings.xml file not found in HIVE_HOME or HIVE_CONF_DIR,/home/alex/Repositories/hive/conf/ivysettings.xml will be used
2024-04-24T05:13:36,157  INFO [main] DependencyResolver: ivysettings.xml file not found in HIVE_HOME or HIVE_CONF_DIR,/home/alex/Repositories/hive/conf/ivysettings.xml will be used
2024-04-24T05:13:36,163  INFO [main] session.SessionState: Created HDFS directory: /home/alex/Repositories/hive/ql/target/tmp/scratchdir/alex/abc89b9a-490f-413d-b4bf-76a72c4949a1
2024-04-24T05:13:36,166  INFO [main] session.SessionState: Created local directory: /home/alex/Repositories/hive/ql/target/tmp/localscratchdir/abc89b9a-490f-413d-b4bf-76a72c4949a1
2024-04-24T05:13:36,168  INFO [main] session.SessionState: Created HDFS directory: /home/alex/Repositories/hive/ql/target/tmp/scratchdir/alex/abc89b9a-490f-413d-b4bf-76a72c4949a1/_tmp_space.db
2024-04-24T05:13:36,169  INFO [main] sqlstd.SQLStdHiveAccessController: Created SQLStdHiveAccessController for session context : HiveAuthzSessionContext [sessionString=abc89b9a-490f-413d-b4bf-76a72c4949a1, clientType=HIVECLI]
2024-04-24T05:13:36,169  INFO [main] ql.TxnCommandsBaseForTests: Running the query: drop table if exists acidTbl
2024-04-24T05:13:36,169  INFO [main] ql.Driver: Compiling command(queryId=alex_20240424051336_46bbcb73-5653-4802-bead-1a4de82e5f3b): drop table if exists acidTbl
2024-04-24T05:13:36,181  INFO [main] txn.TxnHandler: Added entries to MIN_HISTORY_LEVEL for current txns: ([1]) with min_open_txn: 1
2024-04-24T05:13:36,181  INFO [main] lockmgr.DbTxnManager: Opened txnid:1
2024-04-24T05:13:36,184  INFO [main] HiveMetaStore.audit: ugi=alex	ip=unknown-ip-addr	cmd=get_table : tbl=hive.default.acidTbl	
2024-04-24T05:13:36,192  INFO [main] ql.Driver: Semantic Analysis Completed (retrial = false)
2024-04-24T05:13:36,192  INFO [main] ql.Driver: Created Hive schema: Schema(fieldSchemas:null, properties:null)
2024-04-24T05:13:36,192  INFO [main] metadata.Hive: Dumping metastore api call timing information for : compilation phase
2024-04-24T05:13:36,192  INFO [main] metadata.Hive: Total time spent in each metastore function (ms): {openTxn_(String, TxnType)=11, getValidTxns_(long)=3, flushCache_()=0, commitTxn_(CommitTxnRequest)=11, isCompatibleWith_(Configuration)=1}
2024-04-24T05:13:36,193  INFO [main] ql.Driver: Completed compiling command(queryId=alex_20240424051336_46bbcb73-5653-4802-bead-1a4de82e5f3b); Time taken: 0.023 seconds
2024-04-24T05:13:36,193  INFO [main] lockmgr.DbTxnManager: Setting lock request transaction to txnid:1 for queryId=alex_20240424051336_46bbcb73-5653-4802-bead-1a4de82e5f3b
2024-04-24T05:13:36,193  INFO [main] ql.Driver: Operation DROPTABLE obtained 0 locks
2024-04-24T05:13:36,193  INFO [main] ql.Driver: Executing command(queryId=alex_20240424051336_46bbcb73-5653-4802-bead-1a4de82e5f3b): drop table if exists acidTbl
2024-04-24T05:13:36,193  INFO [main] ql.Driver: Starting task [Stage-0:DDL] in serial mode
2024-04-24T05:13:36,193  INFO [main] HiveMetaStore.audit: ugi=alex	ip=unknown-ip-addr	cmd=get_table : tbl=hive.default.acidTbl	
2024-04-24T05:13:36,197  INFO [main] metadata.Hive: Dumping metastore api call timing information for : execution phase
2024-04-24T05:13:36,197  INFO [main] metadata.Hive: Total time spent in each metastore function (ms): {isCompatibleWith_(Configuration)=0}
2024-04-24T05:13:36,197  INFO [main] ql.Driver: Completed executing command(queryId=alex_20240424051336_46bbcb73-5653-4802-bead-1a4de82e5f3b); Time taken: 0.004 seconds
2024-04-24T05:13:36,198  INFO [main] lockmgr.DbTxnManager: Stopped heartbeat for query: alex_20240424051336_46bbcb73-5653-4802-bead-1a4de82e5f3b
2024-04-24T05:13:36,206  INFO [main] txn.TxnHandler: Expected to move at least one record from txn_components to completed_txn_components when committing txn! txnid:1
2024-04-24T05:13:36,215  INFO [main] txn.TxnHandler: Removed transactions: ([1]) from MIN_HISTORY_LEVEL
2024-04-24T05:13:36,215  WARN [main] txn.CompactionTxnHandler: No compaction queue record found for Compaction type transaction commit. txnId:1
2024-04-24T05:13:36,216  INFO [main] ql.TxnCommandsBaseForTests: Running the query: drop table if exists acidTblPart
2024-04-24T05:13:36,216  INFO [main] ql.Driver: Compiling command(queryId=alex_20240424051336_bab43543-4795-4bca-a7d3-6d18af224c2d): drop table if exists acidTblPart
2024-04-24T05:13:36,218  INFO [main] txn.TxnHandler: Added entries to MIN_HISTORY_LEVEL for current txns: ([2]) with min_open_txn: 1
2024-04-24T05:13:36,219  INFO [main] lockmgr.DbTxnManager: Opened txnid:2
2024-04-24T05:13:36,220  INFO [main] HiveMetaStore.audit: ugi=alex	ip=unknown-ip-addr	cmd=get_table : tbl=hive.default.acidTblPart	
2024-04-24T05:13:36,223  INFO [main] ql.Driver: Semantic Analysis Completed (retrial = false)
2024-04-24T05:13:36,223  INFO [main] ql.Driver: Created Hive schema: Schema(fieldSchemas:null, properties:null)
2024-04-24T05:13:36,223  INFO [main] metadata.Hive: Dumping metastore api call timing information for : compilation phase
2024-04-24T05:13:36,223  INFO [main] metadata.Hive: Total time spent in each metastore function (ms): {openTxn_(String, TxnType)=3, isCompatibleWith_(Configuration)=0, flushCache_()=0, getValidTxns_(long)=1, commitTxn_(CommitTxnRequest)=17}
2024-04-24T05:13:36,224  INFO [main] ql.Driver: Completed compiling command(queryId=alex_20240424051336_bab43543-4795-4bca-a7d3-6d18af224c2d); Time taken: 0.007 seconds
2024-04-24T05:13:36,224  INFO [main] lockmgr.DbTxnManager: Setting lock request transaction to txnid:2 for queryId=alex_20240424051336_bab43543-4795-4bca-a7d3-6d18af224c2d
2024-04-24T05:13:36,224  INFO [main] ql.Driver: Operation DROPTABLE obtained 0 locks
2024-04-24T05:13:36,224  INFO [main] ql.Driver: Executing command(queryId=alex_20240424051336_bab43543-4795-4bca-a7d3-6d18af224c2d): drop table if exists acidTblPart
2024-04-24T05:13:36,224  INFO [main] ql.Driver: Starting task [Stage-0:DDL] in serial mode
2024-04-24T05:13:36,224  INFO [main] HiveMetaStore.audit: ugi=alex	ip=unknown-ip-addr	cmd=get_table : tbl=hive.default.acidTblPart	
2024-04-24T05:13:36,227  INFO [main] metadata.Hive: Dumping metastore api call timing information for : execution phase
2024-04-24T05:13:36,227  INFO [main] metadata.Hive: Total time spent in each metastore function (ms): {isCompatibleWith_(Configuration)=0}
2024-04-24T05:13:36,228  INFO [main] ql.Driver: Completed executing command(queryId=alex_20240424051336_bab43543-4795-4bca-a7d3-6d18af224c2d); Time taken: 0.003 seconds
2024-04-24T05:13:36,228  INFO [main] lockmgr.DbTxnManager: Stopped heartbeat for query: alex_20240424051336_bab43543-4795-4bca-a7d3-6d18af224c2d
2024-04-24T05:13:36,234  INFO [main] txn.TxnHandler: Expected to move at least one record from txn_components to completed_txn_components when committing txn! txnid:2
2024-04-24T05:13:36,240  INFO [main] txn.TxnHandler: Removed transactions: ([2]) from MIN_HISTORY_LEVEL
2024-04-24T05:13:36,240  WARN [main] txn.CompactionTxnHandler: No compaction queue record found for Compaction type transaction commit. txnId:2
2024-04-24T05:13:36,241  INFO [main] ql.TxnCommandsBaseForTests: Running the query: drop table if exists acidTbl2
2024-04-24T05:13:36,241  INFO [main] ql.Driver: Compiling command(queryId=alex_20240424051336_77bbd423-2915-42d2-a599-f68c0571a66d): drop table if exists acidTbl2
2024-04-24T05:13:36,244  INFO [main] txn.TxnHandler: Added entries to MIN_HISTORY_LEVEL for current txns: ([3]) with min_open_txn: 1
2024-04-24T05:13:36,244  INFO [main] lockmgr.DbTxnManager: Opened txnid:3
2024-04-24T05:13:36,244  INFO [main] HiveMetaStore.audit: ugi=alex	ip=unknown-ip-addr	cmd=get_table : tbl=hive.default.acidTbl2	
2024-04-24T05:13:36,247  INFO [main] ql.Driver: Semantic Analysis Completed (retrial = false)
2024-04-24T05:13:36,247  INFO [main] ql.Driver: Created Hive schema: Schema(fieldSchemas:null, properties:null)
2024-04-24T05:13:36,248  INFO [main] metadata.Hive: Dumping metastore api call timing information for : compilation phase
2024-04-24T05:13:36,248  INFO [main] metadata.Hive: Total time spent in each metastore function (ms): {openTxn_(String, TxnType)=2, flushCache_()=0, getValidTxns_(long)=0, commitTxn_(CommitTxnRequest)=13, isCompatibleWith_(Configuration)=0}
2024-04-24T05:13:36,248  INFO [main] ql.Driver: Completed compiling command(queryId=alex_20240424051336_77bbd423-2915-42d2-a599-f68c0571a66d); Time taken: 0.006 seconds
2024-04-24T05:13:36,248  INFO [main] lockmgr.DbTxnManager: Setting lock request transaction to txnid:3 for queryId=alex_20240424051336_77bbd423-2915-42d2-a599-f68c0571a66d
2024-04-24T05:13:36,248  INFO [main] ql.Driver: Operation DROPTABLE obtained 0 locks
2024-04-24T05:13:36,248  INFO [main] ql.Driver: Executing command(queryId=alex_20240424051336_77bbd423-2915-42d2-a599-f68c0571a66d): drop table if exists acidTbl2
2024-04-24T05:13:36,248  INFO [main] ql.Driver: Starting task [Stage-0:DDL] in serial mode
2024-04-24T05:13:36,249  INFO [main] HiveMetaStore.audit: ugi=alex	ip=unknown-ip-addr	cmd=get_table : tbl=hive.default.acidTbl2	
2024-04-24T05:13:36,251  INFO [main] metadata.Hive: Dumping metastore api call timing information for : execution phase
2024-04-24T05:13:36,251  INFO [main] metadata.Hive: Total time spent in each metastore function (ms): {isCompatibleWith_(Configuration)=1}
2024-04-24T05:13:36,252  INFO [main] ql.Driver: Completed executing command(queryId=alex_20240424051336_77bbd423-2915-42d2-a599-f68c0571a66d); Time taken: 0.003 seconds
2024-04-24T05:13:36,252  INFO [main] lockmgr.DbTxnManager: Stopped heartbeat for query: alex_20240424051336_77bbd423-2915-42d2-a599-f68c0571a66d
2024-04-24T05:13:36,258  INFO [main] txn.TxnHandler: Expected to move at least one record from txn_components to completed_txn_components when committing txn! txnid:3
2024-04-24T05:13:36,263  INFO [main] txn.TxnHandler: Removed transactions: ([3]) from MIN_HISTORY_LEVEL
2024-04-24T05:13:36,264  WARN [main] txn.CompactionTxnHandler: No compaction queue record found for Compaction type transaction commit. txnId:3
2024-04-24T05:13:36,264  INFO [main] ql.TxnCommandsBaseForTests: Running the query: drop table if exists nonAcidOrcTbl
2024-04-24T05:13:36,264  INFO [main] ql.Driver: Compiling command(queryId=alex_20240424051336_9cb391f2-2dfe-4cf6-8a77-86047435d79a): drop table if exists nonAcidOrcTbl
2024-04-24T05:13:36,266  INFO [main] txn.TxnHandler: Added entries to MIN_HISTORY_LEVEL for current txns: ([4]) with min_open_txn: 1
2024-04-24T05:13:36,267  INFO [main] lockmgr.DbTxnManager: Opened txnid:4
2024-04-24T05:13:36,267  INFO [main] HiveMetaStore.audit: ugi=alex	ip=unknown-ip-addr	cmd=get_table : tbl=hive.default.nonAcidOrcTbl	
2024-04-24T05:13:36,270  INFO [main] ql.Driver: Semantic Analysis Completed (retrial = false)
2024-04-24T05:13:36,270  INFO [main] ql.Driver: Created Hive schema: Schema(fieldSchemas:null, properties:null)
2024-04-24T05:13:36,270  INFO [main] metadata.Hive: Dumping metastore api call timing information for : compilation phase
2024-04-24T05:13:36,271  INFO [main] metadata.Hive: Total time spent in each metastore function (ms): {openTxn_(String, TxnType)=2, commitTxn_(CommitTxnRequest)=12, getValidTxns_(long)=0, isCompatibleWith_(Configuration)=0, flushCache_()=0}
2024-04-24T05:13:36,271  INFO [main] ql.Driver: Completed compiling command(queryId=alex_20240424051336_9cb391f2-2dfe-4cf6-8a77-86047435d79a); Time taken: 0.006 seconds
2024-04-24T05:13:36,271  INFO [main] lockmgr.DbTxnManager: Setting lock request transaction to txnid:4 for queryId=alex_20240424051336_9cb391f2-2dfe-4cf6-8a77-86047435d79a
2024-04-24T05:13:36,271  INFO [main] ql.Driver: Operation DROPTABLE obtained 0 locks
2024-04-24T05:13:36,271  INFO [main] ql.Driver: Executing command(queryId=alex_20240424051336_9cb391f2-2dfe-4cf6-8a77-86047435d79a): drop table if exists nonAcidOrcTbl
2024-04-24T05:13:36,271  INFO [main] ql.Driver: Starting task [Stage-0:DDL] in serial mode
2024-04-24T05:13:36,271  INFO [main] HiveMetaStore.audit: ugi=alex	ip=unknown-ip-addr	cmd=get_table : tbl=hive.default.nonAcidOrcTbl	
2024-04-24T05:13:36,274  INFO [main] metadata.Hive: Dumping metastore api call timing information for : execution phase
2024-04-24T05:13:36,274  INFO [main] metadata.Hive: Total time spent in each metastore function (ms): {isCompatibleWith_(Configuration)=0}
2024-04-24T05:13:36,275  INFO [main] ql.Driver: Completed executing command(queryId=alex_20240424051336_9cb391f2-2dfe-4cf6-8a77-86047435d79a); Time taken: 0.003 seconds
2024-04-24T05:13:36,275  INFO [main] lockmgr.DbTxnManager: Stopped heartbeat for query: alex_20240424051336_9cb391f2-2dfe-4cf6-8a77-86047435d79a
2024-04-24T05:13:36,280  INFO [main] txn.TxnHandler: Expected to move at least one record from txn_components to completed_txn_components when committing txn! txnid:4
2024-04-24T05:13:36,287  INFO [main] txn.TxnHandler: Removed transactions: ([4]) from MIN_HISTORY_LEVEL
2024-04-24T05:13:36,288  WARN [main] txn.CompactionTxnHandler: No compaction queue record found for Compaction type transaction commit. txnId:4
2024-04-24T05:13:36,288  INFO [main] ql.TxnCommandsBaseForTests: Running the query: drop table if exists nonAcidOrcTbl2
2024-04-24T05:13:36,289  INFO [main] ql.Driver: Compiling command(queryId=alex_20240424051336_975f1c9c-ce08-43e8-8ba2-0dbcdef56cab): drop table if exists nonAcidOrcTbl2
2024-04-24T05:13:36,291  INFO [main] txn.TxnHandler: Added entries to MIN_HISTORY_LEVEL for current txns: ([5]) with min_open_txn: 1
2024-04-24T05:13:36,291  INFO [main] lockmgr.DbTxnManager: Opened txnid:5
2024-04-24T05:13:36,292  INFO [main] HiveMetaStore.audit: ugi=alex	ip=unknown-ip-addr	cmd=get_table : tbl=hive.default.nonAcidOrcTbl2	
2024-04-24T05:13:36,294  INFO [main] ql.Driver: Semantic Analysis Completed (retrial = false)
2024-04-24T05:13:36,294  INFO [main] ql.Driver: Created Hive schema: Schema(fieldSchemas:null, properties:null)
2024-04-24T05:13:36,294  INFO [main] metadata.Hive: Dumping metastore api call timing information for : compilation phase
2024-04-24T05:13:36,295  INFO [main] metadata.Hive: Total time spent in each metastore function (ms): {getValidTxns_(long)=1, commitTxn_(CommitTxnRequest)=13, flushCache_()=0, openTxn_(String, TxnType)=2, isCompatibleWith_(Configuration)=0}
2024-04-24T05:13:36,295  INFO [main] ql.Driver: Completed compiling command(queryId=alex_20240424051336_975f1c9c-ce08-43e8-8ba2-0dbcdef56cab); Time taken: 0.005 seconds
2024-04-24T05:13:36,295  INFO [main] lockmgr.DbTxnManager: Setting lock request transaction to txnid:5 for queryId=alex_20240424051336_975f1c9c-ce08-43e8-8ba2-0dbcdef56cab
2024-04-24T05:13:36,295  INFO [main] ql.Driver: Operation DROPTABLE obtained 0 locks
2024-04-24T05:13:36,295  INFO [main] ql.Driver: Executing command(queryId=alex_20240424051336_975f1c9c-ce08-43e8-8ba2-0dbcdef56cab): drop table if exists nonAcidOrcTbl2
2024-04-24T05:13:36,295  INFO [main] ql.Driver: Starting task [Stage-0:DDL] in serial mode
2024-04-24T05:13:36,295  INFO [main] HiveMetaStore.audit: ugi=alex	ip=unknown-ip-addr	cmd=get_table : tbl=hive.default.nonAcidOrcTbl2	
2024-04-24T05:13:36,299  INFO [main] metadata.Hive: Dumping metastore api call timing information for : execution phase
2024-04-24T05:13:36,299  INFO [main] metadata.Hive: Total time spent in each metastore function (ms): {isCompatibleWith_(Configuration)=0}
2024-04-24T05:13:36,299  INFO [main] ql.Driver: Completed executing command(queryId=alex_20240424051336_975f1c9c-ce08-43e8-8ba2-0dbcdef56cab); Time taken: 0.004 seconds
2024-04-24T05:13:36,299  INFO [main] lockmgr.DbTxnManager: Stopped heartbeat for query: alex_20240424051336_975f1c9c-ce08-43e8-8ba2-0dbcdef56cab
2024-04-24T05:13:36,305  INFO [main] txn.TxnHandler: Expected to move at least one record from txn_components to completed_txn_components when committing txn! txnid:5
2024-04-24T05:13:36,312  INFO [main] txn.TxnHandler: Removed transactions: ([5]) from MIN_HISTORY_LEVEL
2024-04-24T05:13:36,312  WARN [main] txn.CompactionTxnHandler: No compaction queue record found for Compaction type transaction commit. txnId:5
2024-04-24T05:13:36,312  INFO [main] ql.TxnCommandsBaseForTests: Running the query: drop table if exists nonAcidNonBucket
2024-04-24T05:13:36,313  INFO [main] ql.Driver: Compiling command(queryId=alex_20240424051336_7792cd9b-ef8f-416f-8921-ac4d86a260d2): drop table if exists nonAcidNonBucket
2024-04-24T05:13:36,315  INFO [main] txn.TxnHandler: Added entries to MIN_HISTORY_LEVEL for current txns: ([6]) with min_open_txn: 1
2024-04-24T05:13:36,315  INFO [main] lockmgr.DbTxnManager: Opened txnid:6
2024-04-24T05:13:36,316  INFO [main] HiveMetaStore.audit: ugi=alex	ip=unknown-ip-addr	cmd=get_table : tbl=hive.default.nonAcidNonBucket	
2024-04-24T05:13:36,319  INFO [main] ql.Driver: Semantic Analysis Completed (retrial = false)
2024-04-24T05:13:36,319  INFO [main] ql.Driver: Created Hive schema: Schema(fieldSchemas:null, properties:null)
2024-04-24T05:13:36,319  INFO [main] metadata.Hive: Dumping metastore api call timing information for : compilation phase
2024-04-24T05:13:36,319  INFO [main] metadata.Hive: Total time spent in each metastore function (ms): {getValidTxns_(long)=1, openTxn_(String, TxnType)=2, commitTxn_(CommitTxnRequest)=13, isCompatibleWith_(Configuration)=0, flushCache_()=0}
2024-04-24T05:13:36,319  INFO [main] ql.Driver: Completed compiling command(queryId=alex_20240424051336_7792cd9b-ef8f-416f-8921-ac4d86a260d2); Time taken: 0.006 seconds
2024-04-24T05:13:36,319  INFO [main] lockmgr.DbTxnManager: Setting lock request transaction to txnid:6 for queryId=alex_20240424051336_7792cd9b-ef8f-416f-8921-ac4d86a260d2
2024-04-24T05:13:36,319  INFO [main] ql.Driver: Operation DROPTABLE obtained 0 locks
2024-04-24T05:13:36,319  INFO [main] ql.Driver: Executing command(queryId=alex_20240424051336_7792cd9b-ef8f-416f-8921-ac4d86a260d2): drop table if exists nonAcidNonBucket
2024-04-24T05:13:36,320  INFO [main] ql.Driver: Starting task [Stage-0:DDL] in serial mode
2024-04-24T05:13:36,320  INFO [main] HiveMetaStore.audit: ugi=alex	ip=unknown-ip-addr	cmd=get_table : tbl=hive.default.nonAcidNonBucket	
2024-04-24T05:13:36,323  INFO [main] metadata.Hive: Dumping metastore api call timing information for : execution phase
2024-04-24T05:13:36,323  INFO [main] metadata.Hive: Total time spent in each metastore function (ms): {isCompatibleWith_(Configuration)=0}
2024-04-24T05:13:36,324  INFO [main] ql.Driver: Completed executing command(queryId=alex_20240424051336_7792cd9b-ef8f-416f-8921-ac4d86a260d2); Time taken: 0.004 seconds
2024-04-24T05:13:36,324  INFO [main] lockmgr.DbTxnManager: Stopped heartbeat for query: alex_20240424051336_7792cd9b-ef8f-416f-8921-ac4d86a260d2
2024-04-24T05:13:36,329  INFO [main] txn.TxnHandler: Expected to move at least one record from txn_components to completed_txn_components when committing txn! txnid:6
2024-04-24T05:13:36,336  INFO [main] txn.TxnHandler: Removed transactions: ([6]) from MIN_HISTORY_LEVEL
2024-04-24T05:13:36,336  WARN [main] txn.CompactionTxnHandler: No compaction queue record found for Compaction type transaction commit. txnId:6
2024-04-24T05:13:36,336  INFO [main] ql.TxnCommandsBaseForTests: Running the query: create table acidTbl(a int, b int) clustered by (a) into 2 buckets stored as orc TBLPROPERTIES ('transactional'='true')
2024-04-24T05:13:36,337  INFO [main] ql.Driver: Compiling command(queryId=alex_20240424051336_19d88a98-1d4d-4c41-a00d-5747dc67d8c4): create table acidTbl(a int, b int) clustered by (a) into 2 buckets stored as orc TBLPROPERTIES ('transactional'='true')
2024-04-24T05:13:36,339  INFO [main] txn.TxnHandler: Added entries to MIN_HISTORY_LEVEL for current txns: ([7]) with min_open_txn: 1
2024-04-24T05:13:36,339  INFO [main] lockmgr.DbTxnManager: Opened txnid:7
2024-04-24T05:13:36,340  INFO [main] parse.CalcitePlanner: Starting caching scope for: 
2024-04-24T05:13:36,340  INFO [main] parse.CalcitePlanner: Starting Semantic Analysis
2024-04-24T05:13:36,346  INFO [main] parse.CalcitePlanner: Creating table default.acidTbl position=13
2024-04-24T05:13:36,347  INFO [main] HiveMetaStore.audit: ugi=alex	ip=unknown-ip-addr	cmd=get_database: default	
2024-04-24T05:13:36,348  INFO [main] parse.CalcitePlanner: Ending caching scope for: 
2024-04-24T05:13:36,348  INFO [main] ql.Driver: Semantic Analysis Completed (retrial = false)
2024-04-24T05:13:36,348  INFO [main] ql.Driver: Created Hive schema: Schema(fieldSchemas:null, properties:null)
2024-04-24T05:13:36,348  INFO [main] metadata.Hive: Dumping metastore api call timing information for : compilation phase
2024-04-24T05:13:36,349  INFO [main] metadata.Hive: Total time spent in each metastore function (ms): {getValidWriteIds_(List, String)=6, commitTxn_(CommitTxnRequest)=12, isCompatibleWith_(Configuration)=1, getDatabase_(String)=1, openTxn_(String, TxnType)=2, flushCache_()=0, getValidTxns_(long)=0}
2024-04-24T05:13:36,349  INFO [main] ql.Driver: Completed compiling command(queryId=alex_20240424051336_19d88a98-1d4d-4c41-a00d-5747dc67d8c4); Time taken: 0.011 seconds
2024-04-24T05:13:36,349  INFO [main] lockmgr.DbTxnManager: Setting lock request transaction to txnid:7 for queryId=alex_20240424051336_19d88a98-1d4d-4c41-a00d-5747dc67d8c4
2024-04-24T05:13:36,349  INFO [main] lockmgr.DbLockManager: Requesting lock for queryId=alex_20240424051336_19d88a98-1d4d-4c41-a00d-5747dc67d8c4
2024-04-24T05:13:36,369  INFO [main] lockmgr.DbLockManager: Response to queryId=alex_20240424051336_19d88a98-1d4d-4c41-a00d-5747dc67d8c4 LockResponse(lockid:1, state:ACQUIRED)
2024-04-24T05:13:36,369  INFO [main] ql.Driver: Operation CREATETABLE obtained 1 locks
2024-04-24T05:13:36,370  INFO [main] ql.Driver: Executing command(queryId=alex_20240424051336_19d88a98-1d4d-4c41-a00d-5747dc67d8c4): create table acidTbl(a int, b int) clustered by (a) into 2 buckets stored as orc TBLPROPERTIES ('transactional'='true')
2024-04-24T05:13:36,370  INFO [main] ql.Driver: Starting task [Stage-0:DDL] in serial mode
2024-04-24T05:13:36,371  INFO [main] HiveMetaStore.audit: ugi=alex	ip=unknown-ip-addr	cmd=create_table_req: Table(tableName:acidTbl, dbName:default, owner:alex, createTime:1713960816, lastAccessTime:0, retention:0, sd:StorageDescriptor(cols:[FieldSchema(name:a, type:int, comment:null), FieldSchema(name:b, type:int, comment:null)], location:null, inputFormat:org.apache.hadoop.hive.ql.io.orc.OrcInputFormat, outputFormat:org.apache.hadoop.hive.ql.io.orc.OrcOutputFormat, compressed:false, numBuckets:2, serdeInfo:SerDeInfo(name:null, serializationLib:org.apache.hadoop.hive.ql.io.orc.OrcSerde, parameters:{serialization.format=1}), bucketCols:[a], sortCols:[], parameters:{}, skewedInfo:SkewedInfo(skewedColNames:[], skewedColValues:[], skewedColValueLocationMaps:{}), storedAsSubDirectories:false), partitionKeys:[], parameters:{bucketing_version=2, numRows=0, transactional=true, totalSize=0, numFilesErasureCoded=0, numFiles=0, COLUMN_STATS_ACCURATE={"BASIC_STATS":"true","COLUMN_STATS":{"a":"true","b":"true"}}, rawDataSize=0}, viewOriginalText:null, viewExpandedText:null, tableType:MANAGED_TABLE, privileges:PrincipalPrivilegeSet(userPrivileges:{alex=[PrivilegeGrantInfo(privilege:INSERT, createTime:-1, grantor:alex, grantorType:USER, grantOption:true), PrivilegeGrantInfo(privilege:SELECT, createTime:-1, grantor:alex, grantorType:USER, grantOption:true), PrivilegeGrantInfo(privilege:UPDATE, createTime:-1, grantor:alex, grantorType:USER, grantOption:true), PrivilegeGrantInfo(privilege:DELETE, createTime:-1, grantor:alex, grantorType:USER, grantOption:true)]}, groupPrivileges:null, rolePrivileges:null), temporary:false, catName:hive, ownerType:USER, writeId:0)	
2024-04-24T05:13:36,376  INFO [main] utils.FileUtils: Creating directory if it doesn't exist: file:/home/alex/Repositories/hive/ql/target/tmp/org.apache.hadoop.hive.ql.TestTxnCommands-1713960750541/warehouse/acidtbl
2024-04-24T05:13:36,414  INFO [main] metadata.Hive: Dumping metastore api call timing information for : execution phase
2024-04-24T05:13:36,414  INFO [main] metadata.Hive: Total time spent in each metastore function (ms): {isCompatibleWith_(Configuration)=0, createTable_(Table)=43}
2024-04-24T05:13:36,414  INFO [main] ql.Driver: Completed executing command(queryId=alex_20240424051336_19d88a98-1d4d-4c41-a00d-5747dc67d8c4); Time taken: 0.044 seconds
2024-04-24T05:13:36,414  INFO [main] lockmgr.DbTxnManager: Stopped heartbeat for query: alex_20240424051336_19d88a98-1d4d-4c41-a00d-5747dc67d8c4
2024-04-24T05:13:36,418  INFO [main] txn.TxnHandler: Expected to move at least one record from txn_components to completed_txn_components when committing txn! txnid:7
2024-04-24T05:13:36,423  INFO [main] txn.TxnHandler: Removed transactions: ([7]) from MIN_HISTORY_LEVEL
2024-04-24T05:13:36,424  WARN [main] txn.CompactionTxnHandler: No compaction queue record found for Compaction type transaction commit. txnId:7
2024-04-24T05:13:36,424  INFO [main] ql.TxnCommandsBaseForTests: Running the query: create table acidTblPart(a int, b int) partitioned by (p string) clustered by (a) into 2 buckets stored as orc TBLPROPERTIES ('transactional'='true')
2024-04-24T05:13:36,424  INFO [main] ql.Driver: Compiling command(queryId=alex_20240424051336_a05819e7-8c8a-40bb-ad83-3224cf1a5f84): create table acidTblPart(a int, b int) partitioned by (p string) clustered by (a) into 2 buckets stored as orc TBLPROPERTIES ('transactional'='true')
2024-04-24T05:13:36,427  INFO [main] txn.TxnHandler: Added entries to MIN_HISTORY_LEVEL for current txns: ([8]) with min_open_txn: 1
2024-04-24T05:13:36,427  INFO [main] lockmgr.DbTxnManager: Opened txnid:8
2024-04-24T05:13:36,428  INFO [main] parse.CalcitePlanner: Starting caching scope for: 
2024-04-24T05:13:36,428  INFO [main] parse.CalcitePlanner: Starting Semantic Analysis
2024-04-24T05:13:36,430  INFO [main] parse.CalcitePlanner: Creating table default.acidTblPart position=13
2024-04-24T05:13:36,431  INFO [main] HiveMetaStore.audit: ugi=alex	ip=unknown-ip-addr	cmd=get_database: default	
2024-04-24T05:13:36,433  INFO [main] parse.CalcitePlanner: Ending caching scope for: 
2024-04-24T05:13:36,433  INFO [main] ql.Driver: Semantic Analysis Completed (retrial = false)
2024-04-24T05:13:36,433  INFO [main] ql.Driver: Created Hive schema: Schema(fieldSchemas:null, properties:null)
2024-04-24T05:13:36,433  INFO [main] metadata.Hive: Dumping metastore api call timing information for : compilation phase
2024-04-24T05:13:36,433  INFO [main] metadata.Hive: Total time spent in each metastore function (ms): {flushCache_()=0, getDatabase_(String)=2, getValidWriteIds_(List, String)=2, openTxn_(String, TxnType)=2, isCompatibleWith_(Configuration)=0, commitTxn_(CommitTxnRequest)=10, getValidTxns_(long)=1}
2024-04-24T05:13:36,433  INFO [main] ql.Driver: Completed compiling command(queryId=alex_20240424051336_a05819e7-8c8a-40bb-ad83-3224cf1a5f84); Time taken: 0.009 seconds
2024-04-24T05:13:36,433  INFO [main] lockmgr.DbTxnManager: Setting lock request transaction to txnid:8 for queryId=alex_20240424051336_a05819e7-8c8a-40bb-ad83-3224cf1a5f84
2024-04-24T05:13:36,433  INFO [main] lockmgr.DbLockManager: Requesting lock for queryId=alex_20240424051336_a05819e7-8c8a-40bb-ad83-3224cf1a5f84
2024-04-24T05:13:36,449  INFO [main] lockmgr.DbLockManager: Response to queryId=alex_20240424051336_a05819e7-8c8a-40bb-ad83-3224cf1a5f84 LockResponse(lockid:2, state:ACQUIRED)
2024-04-24T05:13:36,450  INFO [main] ql.Driver: Operation CREATETABLE obtained 1 locks
2024-04-24T05:13:36,450  INFO [main] ql.Driver: Executing command(queryId=alex_20240424051336_a05819e7-8c8a-40bb-ad83-3224cf1a5f84): create table acidTblPart(a int, b int) partitioned by (p string) clustered by (a) into 2 buckets stored as orc TBLPROPERTIES ('transactional'='true')
2024-04-24T05:13:36,450  INFO [main] ql.Driver: Starting task [Stage-0:DDL] in serial mode
2024-04-24T05:13:36,451  INFO [main] HiveMetaStore.audit: ugi=alex	ip=unknown-ip-addr	cmd=create_table_req: Table(tableName:acidTblPart, dbName:default, owner:alex, createTime:1713960816, lastAccessTime:0, retention:0, sd:StorageDescriptor(cols:[FieldSchema(name:a, type:int, comment:null), FieldSchema(name:b, type:int, comment:null)], location:null, inputFormat:org.apache.hadoop.hive.ql.io.orc.OrcInputFormat, outputFormat:org.apache.hadoop.hive.ql.io.orc.OrcOutputFormat, compressed:false, numBuckets:2, serdeInfo:SerDeInfo(name:null, serializationLib:org.apache.hadoop.hive.ql.io.orc.OrcSerde, parameters:{serialization.format=1}), bucketCols:[a], sortCols:[], parameters:{}, skewedInfo:SkewedInfo(skewedColNames:[], skewedColValues:[], skewedColValueLocationMaps:{}), storedAsSubDirectories:false), partitionKeys:[FieldSchema(name:p, type:string, comment:null)], parameters:{transactional=true, bucketing_version=2}, viewOriginalText:null, viewExpandedText:null, tableType:MANAGED_TABLE, privileges:PrincipalPrivilegeSet(userPrivileges:{alex=[PrivilegeGrantInfo(privilege:INSERT, createTime:-1, grantor:alex, grantorType:USER, grantOption:true), PrivilegeGrantInfo(privilege:SELECT, createTime:-1, grantor:alex, grantorType:USER, grantOption:true), PrivilegeGrantInfo(privilege:UPDATE, createTime:-1, grantor:alex, grantorType:USER, grantOption:true), PrivilegeGrantInfo(privilege:DELETE, createTime:-1, grantor:alex, grantorType:USER, grantOption:true)]}, groupPrivileges:null, rolePrivileges:null), temporary:false, catName:hive, ownerType:USER, writeId:0)	
2024-04-24T05:13:36,457  INFO [main] utils.FileUtils: Creating directory if it doesn't exist: file:/home/alex/Repositories/hive/ql/target/tmp/org.apache.hadoop.hive.ql.TestTxnCommands-1713960750541/warehouse/acidtblpart
2024-04-24T05:13:36,474  INFO [main] metadata.Hive: Dumping metastore api call timing information for : execution phase
2024-04-24T05:13:36,474  INFO [main] metadata.Hive: Total time spent in each metastore function (ms): {createTable_(Table)=22, isCompatibleWith_(Configuration)=0}
2024-04-24T05:13:36,474  INFO [main] ql.Driver: Completed executing command(queryId=alex_20240424051336_a05819e7-8c8a-40bb-ad83-3224cf1a5f84); Time taken: 0.024 seconds
2024-04-24T05:13:36,474  INFO [main] lockmgr.DbTxnManager: Stopped heartbeat for query: alex_20240424051336_a05819e7-8c8a-40bb-ad83-3224cf1a5f84
2024-04-24T05:13:36,478  INFO [main] txn.TxnHandler: Expected to move at least one record from txn_components to completed_txn_components when committing txn! txnid:8
2024-04-24T05:13:36,485  INFO [main] txn.TxnHandler: Removed transactions: ([8]) from MIN_HISTORY_LEVEL
2024-04-24T05:13:36,485  WARN [main] txn.CompactionTxnHandler: No compaction queue record found for Compaction type transaction commit. txnId:8
2024-04-24T05:13:36,486  INFO [main] ql.TxnCommandsBaseForTests: Running the query: create table nonAcidOrcTbl(a int, b int) clustered by (a) into 2 buckets stored as orc TBLPROPERTIES ('transactional'='false')
2024-04-24T05:13:36,486  INFO [main] ql.Driver: Compiling command(queryId=alex_20240424051336_6863f81c-276e-4761-9282-57e451e988c3): create table nonAcidOrcTbl(a int, b int) clustered by (a) into 2 buckets stored as orc TBLPROPERTIES ('transactional'='false')
2024-04-24T05:13:36,489  INFO [main] txn.TxnHandler: Added entries to MIN_HISTORY_LEVEL for current txns: ([9]) with min_open_txn: 1
2024-04-24T05:13:36,489  INFO [main] lockmgr.DbTxnManager: Opened txnid:9
2024-04-24T05:13:36,490  INFO [main] parse.CalcitePlanner: Starting caching scope for: 
2024-04-24T05:13:36,490  INFO [main] parse.CalcitePlanner: Starting Semantic Analysis
2024-04-24T05:13:36,492  INFO [main] parse.CalcitePlanner: Creating table default.nonAcidOrcTbl position=13
2024-04-24T05:13:36,492  INFO [main] HiveMetaStore.audit: ugi=alex	ip=unknown-ip-addr	cmd=get_database: default	
2024-04-24T05:13:36,494  INFO [main] parse.CalcitePlanner: Ending caching scope for: 
2024-04-24T05:13:36,494  INFO [main] ql.Driver: Semantic Analysis Completed (retrial = false)
2024-04-24T05:13:36,494  INFO [main] ql.Driver: Created Hive schema: Schema(fieldSchemas:null, properties:null)
2024-04-24T05:13:36,494  INFO [main] metadata.Hive: Dumping metastore api call timing information for : compilation phase
2024-04-24T05:13:36,494  INFO [main] metadata.Hive: Total time spent in each metastore function (ms): {getValidWriteIds_(List, String)=2, openTxn_(String, TxnType)=2, commitTxn_(CommitTxnRequest)=11, getDatabase_(String)=2, getValidTxns_(long)=1, flushCache_()=0, isCompatibleWith_(Configuration)=1}
2024-04-24T05:13:36,495  INFO [main] ql.Driver: Completed compiling command(queryId=alex_20240424051336_6863f81c-276e-4761-9282-57e451e988c3); Time taken: 0.008 seconds
2024-04-24T05:13:36,495  INFO [main] lockmgr.DbTxnManager: Setting lock request transaction to txnid:9 for queryId=alex_20240424051336_6863f81c-276e-4761-9282-57e451e988c3
2024-04-24T05:13:36,495  INFO [main] lockmgr.DbLockManager: Requesting lock for queryId=alex_20240424051336_6863f81c-276e-4761-9282-57e451e988c3
2024-04-24T05:13:36,510  INFO [main] lockmgr.DbLockManager: Response to queryId=alex_20240424051336_6863f81c-276e-4761-9282-57e451e988c3 LockResponse(lockid:3, state:ACQUIRED)
2024-04-24T05:13:36,510  INFO [main] ql.Driver: Operation CREATETABLE obtained 1 locks
2024-04-24T05:13:36,510  INFO [main] ql.Driver: Executing command(queryId=alex_20240424051336_6863f81c-276e-4761-9282-57e451e988c3): create table nonAcidOrcTbl(a int, b int) clustered by (a) into 2 buckets stored as orc TBLPROPERTIES ('transactional'='false')
2024-04-24T05:13:36,511  INFO [main] ql.Driver: Starting task [Stage-0:DDL] in serial mode
2024-04-24T05:13:36,511  INFO [main] HiveMetaStore.audit: ugi=alex	ip=unknown-ip-addr	cmd=create_table_req: Table(tableName:nonAcidOrcTbl, dbName:default, owner:alex, createTime:1713960816, lastAccessTime:0, retention:0, sd:StorageDescriptor(cols:[FieldSchema(name:a, type:int, comment:null), FieldSchema(name:b, type:int, comment:null)], location:null, inputFormat:org.apache.hadoop.hive.ql.io.orc.OrcInputFormat, outputFormat:org.apache.hadoop.hive.ql.io.orc.OrcOutputFormat, compressed:false, numBuckets:2, serdeInfo:SerDeInfo(name:null, serializationLib:org.apache.hadoop.hive.ql.io.orc.OrcSerde, parameters:{serialization.format=1}), bucketCols:[a], sortCols:[], parameters:{}, skewedInfo:SkewedInfo(skewedColNames:[], skewedColValues:[], skewedColValueLocationMaps:{}), storedAsSubDirectories:false), partitionKeys:[], parameters:{totalSize=0, rawDataSize=0, numRows=0, COLUMN_STATS_ACCURATE={"BASIC_STATS":"true","COLUMN_STATS":{"a":"true","b":"true"}}, transactional=false, bucketing_version=2, numFilesErasureCoded=0, numFiles=0}, viewOriginalText:null, viewExpandedText:null, tableType:MANAGED_TABLE, privileges:PrincipalPrivilegeSet(userPrivileges:{alex=[PrivilegeGrantInfo(privilege:INSERT, createTime:-1, grantor:alex, grantorType:USER, grantOption:true), PrivilegeGrantInfo(privilege:SELECT, createTime:-1, grantor:alex, grantorType:USER, grantOption:true), PrivilegeGrantInfo(privilege:UPDATE, createTime:-1, grantor:alex, grantorType:USER, grantOption:true), PrivilegeGrantInfo(privilege:DELETE, createTime:-1, grantor:alex, grantorType:USER, grantOption:true)]}, groupPrivileges:null, rolePrivileges:null), temporary:false, catName:hive, ownerType:USER)	
2024-04-24T05:13:36,517  INFO [main] utils.FileUtils: Creating directory if it doesn't exist: file:/home/alex/Repositories/hive/ql/target/tmp/org.apache.hadoop.hive.ql.TestTxnCommands-1713960750541/warehouse/nonacidorctbl
2024-04-24T05:13:36,537  INFO [main] metadata.Hive: Dumping metastore api call timing information for : execution phase
2024-04-24T05:13:36,537  INFO [main] metadata.Hive: Total time spent in each metastore function (ms): {isCompatibleWith_(Configuration)=0, createTable_(Table)=26}
2024-04-24T05:13:36,537  INFO [main] ql.Driver: Completed executing command(queryId=alex_20240424051336_6863f81c-276e-4761-9282-57e451e988c3); Time taken: 0.027 seconds
2024-04-24T05:13:36,538  INFO [main] lockmgr.DbTxnManager: Stopped heartbeat for query: alex_20240424051336_6863f81c-276e-4761-9282-57e451e988c3
2024-04-24T05:13:36,541  INFO [main] txn.TxnHandler: Expected to move at least one record from txn_components to completed_txn_components when committing txn! txnid:9
2024-04-24T05:13:36,548  INFO [main] txn.TxnHandler: Removed transactions: ([9]) from MIN_HISTORY_LEVEL
2024-04-24T05:13:36,549  WARN [main] txn.CompactionTxnHandler: No compaction queue record found for Compaction type transaction commit. txnId:9
2024-04-24T05:13:36,549  INFO [main] ql.TxnCommandsBaseForTests: Running the query: create table nonAcidOrcTbl2(a int, b int) clustered by (a) into 2 buckets stored as orc TBLPROPERTIES ('transactional'='false')
2024-04-24T05:13:36,549  INFO [main] ql.Driver: Compiling command(queryId=alex_20240424051336_a30b94c5-3f76-4966-9dda-5560c73888ca): create table nonAcidOrcTbl2(a int, b int) clustered by (a) into 2 buckets stored as orc TBLPROPERTIES ('transactional'='false')
2024-04-24T05:13:36,552  INFO [main] txn.TxnHandler: Added entries to MIN_HISTORY_LEVEL for current txns: ([10]) with min_open_txn: 1
2024-04-24T05:13:36,552  INFO [main] lockmgr.DbTxnManager: Opened txnid:10
2024-04-24T05:13:36,553  INFO [main] parse.CalcitePlanner: Starting caching scope for: 
2024-04-24T05:13:36,553  INFO [main] parse.CalcitePlanner: Starting Semantic Analysis
2024-04-24T05:13:36,555  INFO [main] parse.CalcitePlanner: Creating table default.nonAcidOrcTbl2 position=13
2024-04-24T05:13:36,555  INFO [main] HiveMetaStore.audit: ugi=alex	ip=unknown-ip-addr	cmd=get_database: default	
2024-04-24T05:13:36,557  INFO [main] parse.CalcitePlanner: Ending caching scope for: 
2024-04-24T05:13:36,557  INFO [main] ql.Driver: Semantic Analysis Completed (retrial = false)
2024-04-24T05:13:36,557  INFO [main] ql.Driver: Created Hive schema: Schema(fieldSchemas:null, properties:null)
2024-04-24T05:13:36,557  INFO [main] metadata.Hive: Dumping metastore api call timing information for : compilation phase
2024-04-24T05:13:36,557  INFO [main] metadata.Hive: Total time spent in each metastore function (ms): {openTxn_(String, TxnType)=2, isCompatibleWith_(Configuration)=0, getValidWriteIds_(List, String)=2, getValidTxns_(long)=1, flushCache_()=0, commitTxn_(CommitTxnRequest)=11, getDatabase_(String)=2}
2024-04-24T05:13:36,558  INFO [main] ql.Driver: Completed compiling command(queryId=alex_20240424051336_a30b94c5-3f76-4966-9dda-5560c73888ca); Time taken: 0.008 seconds
2024-04-24T05:13:36,558  INFO [main] lockmgr.DbTxnManager: Setting lock request transaction to txnid:10 for queryId=alex_20240424051336_a30b94c5-3f76-4966-9dda-5560c73888ca
2024-04-24T05:13:36,558  INFO [main] lockmgr.DbLockManager: Requesting lock for queryId=alex_20240424051336_a30b94c5-3f76-4966-9dda-5560c73888ca
2024-04-24T05:13:36,573  INFO [main] lockmgr.DbLockManager: Response to queryId=alex_20240424051336_a30b94c5-3f76-4966-9dda-5560c73888ca LockResponse(lockid:4, state:ACQUIRED)
2024-04-24T05:13:36,573  INFO [main] ql.Driver: Operation CREATETABLE obtained 1 locks
2024-04-24T05:13:36,574  INFO [main] ql.Driver: Executing command(queryId=alex_20240424051336_a30b94c5-3f76-4966-9dda-5560c73888ca): create table nonAcidOrcTbl2(a int, b int) clustered by (a) into 2 buckets stored as orc TBLPROPERTIES ('transactional'='false')
2024-04-24T05:13:36,574  INFO [main] ql.Driver: Starting task [Stage-0:DDL] in serial mode
2024-04-24T05:13:36,575  INFO [main] HiveMetaStore.audit: ugi=alex	ip=unknown-ip-addr	cmd=create_table_req: Table(tableName:nonAcidOrcTbl2, dbName:default, owner:alex, createTime:1713960816, lastAccessTime:0, retention:0, sd:StorageDescriptor(cols:[FieldSchema(name:a, type:int, comment:null), FieldSchema(name:b, type:int, comment:null)], location:null, inputFormat:org.apache.hadoop.hive.ql.io.orc.OrcInputFormat, outputFormat:org.apache.hadoop.hive.ql.io.orc.OrcOutputFormat, compressed:false, numBuckets:2, serdeInfo:SerDeInfo(name:null, serializationLib:org.apache.hadoop.hive.ql.io.orc.OrcSerde, parameters:{serialization.format=1}), bucketCols:[a], sortCols:[], parameters:{}, skewedInfo:SkewedInfo(skewedColNames:[], skewedColValues:[], skewedColValueLocationMaps:{}), storedAsSubDirectories:false), partitionKeys:[], parameters:{rawDataSize=0, COLUMN_STATS_ACCURATE={"BASIC_STATS":"true","COLUMN_STATS":{"a":"true","b":"true"}}, numFilesErasureCoded=0, bucketing_version=2, numFiles=0, numRows=0, totalSize=0, transactional=false}, viewOriginalText:null, viewExpandedText:null, tableType:MANAGED_TABLE, privileges:PrincipalPrivilegeSet(userPrivileges:{alex=[PrivilegeGrantInfo(privilege:INSERT, createTime:-1, grantor:alex, grantorType:USER, grantOption:true), PrivilegeGrantInfo(privilege:SELECT, createTime:-1, grantor:alex, grantorType:USER, grantOption:true), PrivilegeGrantInfo(privilege:UPDATE, createTime:-1, grantor:alex, grantorType:USER, grantOption:true), PrivilegeGrantInfo(privilege:DELETE, createTime:-1, grantor:alex, grantorType:USER, grantOption:true)]}, groupPrivileges:null, rolePrivileges:null), temporary:false, catName:hive, ownerType:USER)	
2024-04-24T05:13:36,581  INFO [main] utils.FileUtils: Creating directory if it doesn't exist: file:/home/alex/Repositories/hive/ql/target/tmp/org.apache.hadoop.hive.ql.TestTxnCommands-1713960750541/warehouse/nonacidorctbl2
2024-04-24T05:13:36,596  INFO [main] metadata.Hive: Dumping metastore api call timing information for : execution phase
2024-04-24T05:13:36,596  INFO [main] metadata.Hive: Total time spent in each metastore function (ms): {isCompatibleWith_(Configuration)=0, createTable_(Table)=21}
2024-04-24T05:13:36,596  INFO [main] ql.Driver: Completed executing command(queryId=alex_20240424051336_a30b94c5-3f76-4966-9dda-5560c73888ca); Time taken: 0.021 seconds
2024-04-24T05:13:36,596  INFO [main] lockmgr.DbTxnManager: Stopped heartbeat for query: alex_20240424051336_a30b94c5-3f76-4966-9dda-5560c73888ca
2024-04-24T05:13:36,600  INFO [main] txn.TxnHandler: Expected to move at least one record from txn_components to completed_txn_components when committing txn! txnid:10
2024-04-24T05:13:36,608  INFO [main] txn.TxnHandler: Removed transactions: ([10]) from MIN_HISTORY_LEVEL
2024-04-24T05:13:36,608  WARN [main] txn.CompactionTxnHandler: No compaction queue record found for Compaction type transaction commit. txnId:10
2024-04-24T05:13:36,608  INFO [main] ql.TxnCommandsBaseForTests: Running the query: create temporary  table acidTbl2(a int, b int, c int) clustered by (c) into 2 buckets stored as orc TBLPROPERTIES ('transactional'='true')
2024-04-24T05:13:36,609  INFO [main] ql.Driver: Compiling command(queryId=alex_20240424051336_e73fce21-6cc4-4d67-acce-b9ead6b09703): create temporary  table acidTbl2(a int, b int, c int) clustered by (c) into 2 buckets stored as orc TBLPROPERTIES ('transactional'='true')
2024-04-24T05:13:36,611  INFO [main] txn.TxnHandler: Added entries to MIN_HISTORY_LEVEL for current txns: ([11]) with min_open_txn: 1
2024-04-24T05:13:36,611  INFO [main] lockmgr.DbTxnManager: Opened txnid:11
2024-04-24T05:13:36,612  INFO [main] parse.CalcitePlanner: Starting caching scope for: 
2024-04-24T05:13:36,612  INFO [main] parse.CalcitePlanner: Starting Semantic Analysis
2024-04-24T05:13:36,614  INFO [main] parse.CalcitePlanner: Creating table default.acidTbl2 position=24
2024-04-24T05:13:36,615  INFO [main] HiveMetaStore.audit: ugi=alex	ip=unknown-ip-addr	cmd=get_database: default	
2024-04-24T05:13:36,616  INFO [main] parse.CalcitePlanner: Ending caching scope for: 
2024-04-24T05:13:36,616  INFO [main] ql.Driver: Semantic Analysis Completed (retrial = false)
2024-04-24T05:13:36,616  INFO [main] ql.Driver: Created Hive schema: Schema(fieldSchemas:null, properties:null)
2024-04-24T05:13:36,616  INFO [main] metadata.Hive: Dumping metastore api call timing information for : compilation phase
2024-04-24T05:13:36,616  INFO [main] metadata.Hive: Total time spent in each metastore function (ms): {getValidTxns_(long)=0, isCompatibleWith_(Configuration)=0, openTxn_(String, TxnType)=2, getDatabase_(String)=2, commitTxn_(CommitTxnRequest)=12, flushCache_()=0, getValidWriteIds_(List, String)=2}
2024-04-24T05:13:36,617  INFO [main] ql.Driver: Completed compiling command(queryId=alex_20240424051336_e73fce21-6cc4-4d67-acce-b9ead6b09703); Time taken: 0.008 seconds
2024-04-24T05:13:36,617  INFO [main] lockmgr.DbTxnManager: Setting lock request transaction to txnid:11 for queryId=alex_20240424051336_e73fce21-6cc4-4d67-acce-b9ead6b09703
2024-04-24T05:13:36,617  INFO [main] lockmgr.DbLockManager: Requesting lock for queryId=alex_20240424051336_e73fce21-6cc4-4d67-acce-b9ead6b09703
2024-04-24T05:13:36,631  INFO [main] lockmgr.DbLockManager: Response to queryId=alex_20240424051336_e73fce21-6cc4-4d67-acce-b9ead6b09703 LockResponse(lockid:5, state:ACQUIRED)
2024-04-24T05:13:36,631  INFO [main] ql.Driver: Operation CREATETABLE obtained 1 locks
2024-04-24T05:13:36,631  INFO [main] ql.Driver: Executing command(queryId=alex_20240424051336_e73fce21-6cc4-4d67-acce-b9ead6b09703): create temporary  table acidTbl2(a int, b int, c int) clustered by (c) into 2 buckets stored as orc TBLPROPERTIES ('transactional'='true')
2024-04-24T05:13:36,632  INFO [main] ql.Driver: Starting task [Stage-0:DDL] in serial mode
2024-04-24T05:13:36,633  INFO [main] utils.FileUtils: Creating directory if it doesn't exist: file:/home/alex/Repositories/hive/ql/target/tmp/scratchdir/alex/abc89b9a-490f-413d-b4bf-76a72c4949a1/_tmp_space.db/aadff186-8078-4286-b362-5c79cbc216d8
2024-04-24T05:13:36,636  INFO [main] metadata.Hive: Dumping metastore api call timing information for : execution phase
2024-04-24T05:13:36,636  INFO [main] metadata.Hive: Total time spent in each metastore function (ms): {isCompatibleWith_(Configuration)=0, createTable_(Table)=2}
2024-04-24T05:13:36,636  INFO [main] ql.Driver: Completed executing command(queryId=alex_20240424051336_e73fce21-6cc4-4d67-acce-b9ead6b09703); Time taken: 0.005 seconds
2024-04-24T05:13:36,636  INFO [main] lockmgr.DbTxnManager: Stopped heartbeat for query: alex_20240424051336_e73fce21-6cc4-4d67-acce-b9ead6b09703
2024-04-24T05:13:36,640  INFO [main] txn.TxnHandler: Expected to move at least one record from txn_components to completed_txn_components when committing txn! txnid:11
2024-04-24T05:13:36,645  INFO [main] txn.TxnHandler: Removed transactions: ([11]) from MIN_HISTORY_LEVEL
2024-04-24T05:13:36,645  WARN [main] txn.CompactionTxnHandler: No compaction queue record found for Compaction type transaction commit. txnId:11
2024-04-24T05:13:36,646  INFO [main] ql.TxnCommandsBaseForTests: Running the query: create table nonAcidNonBucket(a int, b int) stored as orc TBLPROPERTIES ('transactional'='false')
2024-04-24T05:13:36,646  INFO [main] ql.Driver: Compiling command(queryId=alex_20240424051336_b13e7e4d-0d89-4b43-9c0a-20a2050972aa): create table nonAcidNonBucket(a int, b int) stored as orc TBLPROPERTIES ('transactional'='false')
2024-04-24T05:13:36,648  INFO [main] txn.TxnHandler: Added entries to MIN_HISTORY_LEVEL for current txns: ([12]) with min_open_txn: 1
2024-04-24T05:13:36,649  INFO [main] lockmgr.DbTxnManager: Opened txnid:12
2024-04-24T05:13:36,649  INFO [main] parse.CalcitePlanner: Starting caching scope for: 
2024-04-24T05:13:36,649  INFO [main] parse.CalcitePlanner: Starting Semantic Analysis
2024-04-24T05:13:36,651  INFO [main] parse.CalcitePlanner: Creating table default.nonAcidNonBucket position=13
2024-04-24T05:13:36,652  INFO [main] HiveMetaStore.audit: ugi=alex	ip=unknown-ip-addr	cmd=get_database: default	
2024-04-24T05:13:36,653  INFO [main] parse.CalcitePlanner: Ending caching scope for: 
2024-04-24T05:13:36,653  INFO [main] ql.Driver: Semantic Analysis Completed (retrial = false)
2024-04-24T05:13:36,653  INFO [main] ql.Driver: Created Hive schema: Schema(fieldSchemas:null, properties:null)
2024-04-24T05:13:36,653  INFO [main] metadata.Hive: Dumping metastore api call timing information for : compilation phase
2024-04-24T05:13:36,653  INFO [main] metadata.Hive: Total time spent in each metastore function (ms): {isCompatibleWith_(Configuration)=0, commitTxn_(CommitTxnRequest)=10, getDatabase_(String)=1, getValidTxns_(long)=0, openTxn_(String, TxnType)=2, flushCache_()=1, getValidWriteIds_(List, String)=2}
2024-04-24T05:13:36,654  INFO [main] ql.Driver: Completed compiling command(queryId=alex_20240424051336_b13e7e4d-0d89-4b43-9c0a-20a2050972aa); Time taken: 0.007 seconds
2024-04-24T05:13:36,654  INFO [main] lockmgr.DbTxnManager: Setting lock request transaction to txnid:12 for queryId=alex_20240424051336_b13e7e4d-0d89-4b43-9c0a-20a2050972aa
2024-04-24T05:13:36,654  INFO [main] lockmgr.DbLockManager: Requesting lock for queryId=alex_20240424051336_b13e7e4d-0d89-4b43-9c0a-20a2050972aa
2024-04-24T05:13:36,668  INFO [main] lockmgr.DbLockManager: Response to queryId=alex_20240424051336_b13e7e4d-0d89-4b43-9c0a-20a2050972aa LockResponse(lockid:6, state:ACQUIRED)
2024-04-24T05:13:36,668  INFO [main] ql.Driver: Operation CREATETABLE obtained 1 locks
2024-04-24T05:13:36,668  INFO [main] ql.Driver: Executing command(queryId=alex_20240424051336_b13e7e4d-0d89-4b43-9c0a-20a2050972aa): create table nonAcidNonBucket(a int, b int) stored as orc TBLPROPERTIES ('transactional'='false')
2024-04-24T05:13:36,668  INFO [main] ql.Driver: Starting task [Stage-0:DDL] in serial mode
2024-04-24T05:13:36,669  INFO [main] HiveMetaStore.audit: ugi=alex	ip=unknown-ip-addr	cmd=create_table_req: Table(tableName:nonAcidNonBucket, dbName:default, owner:alex, createTime:1713960816, lastAccessTime:0, retention:0, sd:StorageDescriptor(cols:[FieldSchema(name:a, type:int, comment:null), FieldSchema(name:b, type:int, comment:null)], location:null, inputFormat:org.apache.hadoop.hive.ql.io.orc.OrcInputFormat, outputFormat:org.apache.hadoop.hive.ql.io.orc.OrcOutputFormat, compressed:false, numBuckets:-1, serdeInfo:SerDeInfo(name:null, serializationLib:org.apache.hadoop.hive.ql.io.orc.OrcSerde, parameters:{serialization.format=1}), bucketCols:[], sortCols:[], parameters:{}, skewedInfo:SkewedInfo(skewedColNames:[], skewedColValues:[], skewedColValueLocationMaps:{}), storedAsSubDirectories:false), partitionKeys:[], parameters:{COLUMN_STATS_ACCURATE={"BASIC_STATS":"true","COLUMN_STATS":{"a":"true","b":"true"}}, bucketing_version=2, numRows=0, totalSize=0, numFiles=0, rawDataSize=0, transactional=false, numFilesErasureCoded=0}, viewOriginalText:null, viewExpandedText:null, tableType:MANAGED_TABLE, privileges:PrincipalPrivilegeSet(userPrivileges:{alex=[PrivilegeGrantInfo(privilege:INSERT, createTime:-1, grantor:alex, grantorType:USER, grantOption:true), PrivilegeGrantInfo(privilege:SELECT, createTime:-1, grantor:alex, grantorType:USER, grantOption:true), PrivilegeGrantInfo(privilege:UPDATE, createTime:-1, grantor:alex, grantorType:USER, grantOption:true), PrivilegeGrantInfo(privilege:DELETE, createTime:-1, grantor:alex, grantorType:USER, grantOption:true)]}, groupPrivileges:null, rolePrivileges:null), temporary:false, catName:hive, ownerType:USER)	
2024-04-24T05:13:36,674  INFO [main] utils.FileUtils: Creating directory if it doesn't exist: file:/home/alex/Repositories/hive/ql/target/tmp/org.apache.hadoop.hive.ql.TestTxnCommands-1713960750541/warehouse/nonacidnonbucket
2024-04-24T05:13:36,688  INFO [main] metadata.Hive: Dumping metastore api call timing information for : execution phase
2024-04-24T05:13:36,688  INFO [main] metadata.Hive: Total time spent in each metastore function (ms): {isCompatibleWith_(Configuration)=0, createTable_(Table)=18}
2024-04-24T05:13:36,688  INFO [main] ql.Driver: Completed executing command(queryId=alex_20240424051336_b13e7e4d-0d89-4b43-9c0a-20a2050972aa); Time taken: 0.019 seconds
2024-04-24T05:13:36,688  INFO [main] lockmgr.DbTxnManager: Stopped heartbeat for query: alex_20240424051336_b13e7e4d-0d89-4b43-9c0a-20a2050972aa
2024-04-24T05:13:36,692  INFO [main] txn.TxnHandler: Expected to move at least one record from txn_components to completed_txn_components when committing txn! txnid:12
2024-04-24T05:13:36,698  INFO [main] txn.TxnHandler: Removed transactions: ([12]) from MIN_HISTORY_LEVEL
2024-04-24T05:13:36,698  WARN [main] txn.CompactionTxnHandler: No compaction queue record found for Compaction type transaction commit. txnId:12
2024-04-24T05:13:36,699  INFO [main] ql.TxnCommandsBaseForTests: Running the query: drop table if exists `aci/d_u/ami`
2024-04-24T05:13:36,699  INFO [main] ql.Driver: Compiling command(queryId=alex_20240424051336_52c08987-1e60-4572-a02d-daaebc3896e3): drop table if exists `aci/d_u/ami`
2024-04-24T05:13:36,701  INFO [main] txn.TxnHandler: Added entries to MIN_HISTORY_LEVEL for current txns: ([13]) with min_open_txn: 1
2024-04-24T05:13:36,701  INFO [main] lockmgr.DbTxnManager: Opened txnid:13
2024-04-24T05:13:36,702  INFO [main] HiveMetaStore.audit: ugi=alex	ip=unknown-ip-addr	cmd=get_table : tbl=hive.default.aci/d_u/ami	
2024-04-24T05:13:36,705  INFO [main] ql.Driver: Semantic Analysis Completed (retrial = false)
2024-04-24T05:13:36,705  INFO [main] ql.Driver: Created Hive schema: Schema(fieldSchemas:null, properties:null)
2024-04-24T05:13:36,705  INFO [main] metadata.Hive: Dumping metastore api call timing information for : compilation phase
2024-04-24T05:13:36,705  INFO [main] metadata.Hive: Total time spent in each metastore function (ms): {commitTxn_(CommitTxnRequest)=11, isCompatibleWith_(Configuration)=0, flushCache_()=0, getValidTxns_(long)=1, openTxn_(String, TxnType)=2}
2024-04-24T05:13:36,705  INFO [main] ql.Driver: Completed compiling command(queryId=alex_20240424051336_52c08987-1e60-4572-a02d-daaebc3896e3); Time taken: 0.006 seconds
2024-04-24T05:13:36,706  INFO [main] lockmgr.DbTxnManager: Setting lock request transaction to txnid:13 for queryId=alex_20240424051336_52c08987-1e60-4572-a02d-daaebc3896e3
2024-04-24T05:13:36,706  INFO [main] ql.Driver: Operation DROPTABLE obtained 0 locks
2024-04-24T05:13:36,706  INFO [main] ql.Driver: Executing command(queryId=alex_20240424051336_52c08987-1e60-4572-a02d-daaebc3896e3): drop table if exists `aci/d_u/ami`
2024-04-24T05:13:36,706  INFO [main] ql.Driver: Starting task [Stage-0:DDL] in serial mode
2024-04-24T05:13:36,706  INFO [main] HiveMetaStore.audit: ugi=alex	ip=unknown-ip-addr	cmd=get_table : tbl=hive.default.aci/d_u/ami	
2024-04-24T05:13:36,709  INFO [main] metadata.Hive: Dumping metastore api call timing information for : execution phase
2024-04-24T05:13:36,709  INFO [main] metadata.Hive: Total time spent in each metastore function (ms): {isCompatibleWith_(Configuration)=0}
2024-04-24T05:13:36,709  INFO [main] ql.Driver: Completed executing command(queryId=alex_20240424051336_52c08987-1e60-4572-a02d-daaebc3896e3); Time taken: 0.003 seconds
2024-04-24T05:13:36,709  INFO [main] lockmgr.DbTxnManager: Stopped heartbeat for query: alex_20240424051336_52c08987-1e60-4572-a02d-daaebc3896e3
2024-04-24T05:13:36,714  INFO [main] txn.TxnHandler: Expected to move at least one record from txn_components to completed_txn_components when committing txn! txnid:13
2024-04-24T05:13:36,720  INFO [main] txn.TxnHandler: Removed transactions: ([13]) from MIN_HISTORY_LEVEL
2024-04-24T05:13:36,720  WARN [main] txn.CompactionTxnHandler: No compaction queue record found for Compaction type transaction commit. txnId:13
2024-04-24T05:13:36,721  INFO [main] ql.TxnCommandsBaseForTests: Running the query: drop table if exists `src/name`
2024-04-24T05:13:36,721  INFO [main] ql.Driver: Compiling command(queryId=alex_20240424051336_a13da8f0-c8e7-43ca-9c16-e018e47db297): drop table if exists `src/name`
2024-04-24T05:13:36,723  INFO [main] txn.TxnHandler: Added entries to MIN_HISTORY_LEVEL for current txns: ([14]) with min_open_txn: 1
2024-04-24T05:13:36,724  INFO [main] lockmgr.DbTxnManager: Opened txnid:14
2024-04-24T05:13:36,724  INFO [main] HiveMetaStore.audit: ugi=alex	ip=unknown-ip-addr	cmd=get_table : tbl=hive.default.src/name	
2024-04-24T05:13:36,727  INFO [main] ql.Driver: Semantic Analysis Completed (retrial = false)
2024-04-24T05:13:36,727  INFO [main] ql.Driver: Created Hive schema: Schema(fieldSchemas:null, properties:null)
2024-04-24T05:13:36,727  INFO [main] metadata.Hive: Dumping metastore api call timing information for : compilation phase
2024-04-24T05:13:36,727  INFO [main] metadata.Hive: Total time spent in each metastore function (ms): {flushCache_()=0, commitTxn_(CommitTxnRequest)=12, openTxn_(String, TxnType)=3, getValidTxns_(long)=0, isCompatibleWith_(Configuration)=0}
2024-04-24T05:13:36,727  INFO [main] ql.Driver: Completed compiling command(queryId=alex_20240424051336_a13da8f0-c8e7-43ca-9c16-e018e47db297); Time taken: 0.006 seconds
2024-04-24T05:13:36,727  INFO [main] lockmgr.DbTxnManager: Setting lock request transaction to txnid:14 for queryId=alex_20240424051336_a13da8f0-c8e7-43ca-9c16-e018e47db297
2024-04-24T05:13:36,728  INFO [main] ql.Driver: Operation DROPTABLE obtained 0 locks
2024-04-24T05:13:36,728  INFO [main] ql.Driver: Executing command(queryId=alex_20240424051336_a13da8f0-c8e7-43ca-9c16-e018e47db297): drop table if exists `src/name`
2024-04-24T05:13:36,728  INFO [main] ql.Driver: Starting task [Stage-0:DDL] in serial mode
2024-04-24T05:13:36,728  INFO [main] HiveMetaStore.audit: ugi=alex	ip=unknown-ip-addr	cmd=get_table : tbl=hive.default.src/name	
2024-04-24T05:13:36,731  INFO [main] metadata.Hive: Dumping metastore api call timing information for : execution phase
2024-04-24T05:13:36,731  INFO [main] metadata.Hive: Total time spent in each metastore function (ms): {isCompatibleWith_(Configuration)=0}
2024-04-24T05:13:36,732  INFO [main] ql.Driver: Completed executing command(queryId=alex_20240424051336_a13da8f0-c8e7-43ca-9c16-e018e47db297); Time taken: 0.003 seconds
2024-04-24T05:13:36,732  INFO [main] lockmgr.DbTxnManager: Stopped heartbeat for query: alex_20240424051336_a13da8f0-c8e7-43ca-9c16-e018e47db297
2024-04-24T05:13:36,737  INFO [main] txn.TxnHandler: Expected to move at least one record from txn_components to completed_txn_components when committing txn! txnid:14
2024-04-24T05:13:36,744  INFO [main] txn.TxnHandler: Removed transactions: ([14]) from MIN_HISTORY_LEVEL
2024-04-24T05:13:36,744  WARN [main] txn.CompactionTxnHandler: No compaction queue record found for Compaction type transaction commit. txnId:14
2024-04-24T05:13:36,745  INFO [main] ql.TxnCommandsBaseForTests: Running the query: create table `aci/d_u/ami`(i int,`d?*de e` decimal(5,2),vc varchar(128)) clustered by (i) into 2 buckets stored as orc TBLPROPERTIES ('transactional'='true')
2024-04-24T05:13:36,745  INFO [main] ql.Driver: Compiling command(queryId=alex_20240424051336_c5fb827d-2ac1-40f3-b614-8af2d2c908d7): create table `aci/d_u/ami`(i int,`d?*de e` decimal(5,2),vc varchar(128)) clustered by (i) into 2 buckets stored as orc TBLPROPERTIES ('transactional'='true')
2024-04-24T05:13:36,747  INFO [main] txn.TxnHandler: Added entries to MIN_HISTORY_LEVEL for current txns: ([15]) with min_open_txn: 1
2024-04-24T05:13:36,748  INFO [main] lockmgr.DbTxnManager: Opened txnid:15
2024-04-24T05:13:36,748  INFO [main] parse.CalcitePlanner: Starting caching scope for: 
2024-04-24T05:13:36,748  INFO [main] parse.CalcitePlanner: Starting Semantic Analysis
2024-04-24T05:13:36,753  INFO [main] parse.CalcitePlanner: Creating table default.aci/d_u/ami position=13
2024-04-24T05:13:36,754  INFO [main] HiveMetaStore.audit: ugi=alex	ip=unknown-ip-addr	cmd=get_database: default	
2024-04-24T05:13:36,755  INFO [main] parse.CalcitePlanner: Ending caching scope for: 
2024-04-24T05:13:36,755  INFO [main] ql.Driver: Semantic Analysis Completed (retrial = false)
2024-04-24T05:13:36,756  INFO [main] ql.Driver: Created Hive schema: Schema(fieldSchemas:null, properties:null)
2024-04-24T05:13:36,756  INFO [main] metadata.Hive: Dumping metastore api call timing information for : compilation phase
2024-04-24T05:13:36,756  INFO [main] metadata.Hive: Total time spent in each metastore function (ms): {getDatabase_(String)=1, commitTxn_(CommitTxnRequest)=12, openTxn_(String, TxnType)=2, flushCache_()=0, isCompatibleWith_(Configuration)=0, getValidWriteIds_(List, String)=5, getValidTxns_(long)=0}
2024-04-24T05:13:36,756  INFO [main] ql.Driver: Completed compiling command(queryId=alex_20240424051336_c5fb827d-2ac1-40f3-b614-8af2d2c908d7); Time taken: 0.011 seconds
2024-04-24T05:13:36,756  INFO [main] lockmgr.DbTxnManager: Setting lock request transaction to txnid:15 for queryId=alex_20240424051336_c5fb827d-2ac1-40f3-b614-8af2d2c908d7
2024-04-24T05:13:36,756  INFO [main] lockmgr.DbLockManager: Requesting lock for queryId=alex_20240424051336_c5fb827d-2ac1-40f3-b614-8af2d2c908d7
2024-04-24T05:13:36,772  INFO [main] lockmgr.DbLockManager: Response to queryId=alex_20240424051336_c5fb827d-2ac1-40f3-b614-8af2d2c908d7 LockResponse(lockid:7, state:ACQUIRED)
2024-04-24T05:13:36,772  INFO [main] ql.Driver: Operation CREATETABLE obtained 1 locks
2024-04-24T05:13:36,773  INFO [main] ql.Driver: Executing command(queryId=alex_20240424051336_c5fb827d-2ac1-40f3-b614-8af2d2c908d7): create table `aci/d_u/ami`(i int,`d?*de e` decimal(5,2),vc varchar(128)) clustered by (i) into 2 buckets stored as orc TBLPROPERTIES ('transactional'='true')
2024-04-24T05:13:36,773  INFO [main] ql.Driver: Starting task [Stage-0:DDL] in serial mode
2024-04-24T05:13:36,774  INFO [main] HiveMetaStore.audit: ugi=alex	ip=unknown-ip-addr	cmd=create_table_req: Table(tableName:aci/d_u/ami, dbName:default, owner:alex, createTime:1713960816, lastAccessTime:0, retention:0, sd:StorageDescriptor(cols:[FieldSchema(name:i, type:int, comment:null), FieldSchema(name:d?*de e, type:decimal(5,2), comment:null), FieldSchema(name:vc, type:varchar(128), comment:null)], location:null, inputFormat:org.apache.hadoop.hive.ql.io.orc.OrcInputFormat, outputFormat:org.apache.hadoop.hive.ql.io.orc.OrcOutputFormat, compressed:false, numBuckets:2, serdeInfo:SerDeInfo(name:null, serializationLib:org.apache.hadoop.hive.ql.io.orc.OrcSerde, parameters:{serialization.format=1}), bucketCols:[i], sortCols:[], parameters:{}, skewedInfo:SkewedInfo(skewedColNames:[], skewedColValues:[], skewedColValueLocationMaps:{}), storedAsSubDirectories:false), partitionKeys:[], parameters:{bucketing_version=2, numFiles=0, rawDataSize=0, COLUMN_STATS_ACCURATE={"BASIC_STATS":"true","COLUMN_STATS":{"d?*de e":"true","i":"true","vc":"true"}}, numRows=0, numFilesErasureCoded=0, totalSize=0, transactional=true}, viewOriginalText:null, viewExpandedText:null, tableType:MANAGED_TABLE, privileges:PrincipalPrivilegeSet(userPrivileges:{alex=[PrivilegeGrantInfo(privilege:INSERT, createTime:-1, grantor:alex, grantorType:USER, grantOption:true), PrivilegeGrantInfo(privilege:SELECT, createTime:-1, grantor:alex, grantorType:USER, grantOption:true), PrivilegeGrantInfo(privilege:UPDATE, createTime:-1, grantor:alex, grantorType:USER, grantOption:true), PrivilegeGrantInfo(privilege:DELETE, createTime:-1, grantor:alex, grantorType:USER, grantOption:true)]}, groupPrivileges:null, rolePrivileges:null), temporary:false, catName:hive, ownerType:USER, writeId:0)	
2024-04-24T05:13:36,780  INFO [main] utils.FileUtils: Creating directory if it doesn't exist: file:/home/alex/Repositories/hive/ql/target/tmp/org.apache.hadoop.hive.ql.TestTxnCommands-1713960750541/warehouse/aci-47-d_u-47-ami
2024-04-24T05:13:36,807  INFO [main] metadata.Hive: Dumping metastore api call timing information for : execution phase
2024-04-24T05:13:36,807  INFO [main] metadata.Hive: Total time spent in each metastore function (ms): {createTable_(Table)=32, isCompatibleWith_(Configuration)=0}
2024-04-24T05:13:36,807  INFO [main] ql.Driver: Completed executing command(queryId=alex_20240424051336_c5fb827d-2ac1-40f3-b614-8af2d2c908d7); Time taken: 0.034 seconds
2024-04-24T05:13:36,807  INFO [main] lockmgr.DbTxnManager: Stopped heartbeat for query: alex_20240424051336_c5fb827d-2ac1-40f3-b614-8af2d2c908d7
2024-04-24T05:13:36,811  INFO [main] txn.TxnHandler: Expected to move at least one record from txn_components to completed_txn_components when committing txn! txnid:15
2024-04-24T05:13:36,816  INFO [main] txn.TxnHandler: Removed transactions: ([15]) from MIN_HISTORY_LEVEL
2024-04-24T05:13:36,816  WARN [main] txn.CompactionTxnHandler: No compaction queue record found for Compaction type transaction commit. txnId:15
2024-04-24T05:13:36,817  INFO [main] ql.TxnCommandsBaseForTests: Running the query: create table `src/name`(gh int, j decimal(5,2), k varchar(128))
2024-04-24T05:13:36,817  INFO [main] ql.Driver: Compiling command(queryId=alex_20240424051336_5cdef433-4997-4177-9154-d5a320a6b5d6): create table `src/name`(gh int, j decimal(5,2), k varchar(128))
2024-04-24T05:13:36,820  INFO [main] txn.TxnHandler: Added entries to MIN_HISTORY_LEVEL for current txns: ([16]) with min_open_txn: 1
2024-04-24T05:13:36,820  INFO [main] lockmgr.DbTxnManager: Opened txnid:16
2024-04-24T05:13:36,821  INFO [main] parse.CalcitePlanner: Starting caching scope for: 
2024-04-24T05:13:36,821  INFO [main] parse.CalcitePlanner: Starting Semantic Analysis
2024-04-24T05:13:36,823  INFO [main] parse.CalcitePlanner: Creating table default.src/name position=13
2024-04-24T05:13:36,824  INFO [main] HiveMetaStore.audit: ugi=alex	ip=unknown-ip-addr	cmd=get_database: default	
2024-04-24T05:13:36,825  INFO [main] parse.CalcitePlanner: Ending caching scope for: 
2024-04-24T05:13:36,825  INFO [main] ql.Driver: Semantic Analysis Completed (retrial = false)
2024-04-24T05:13:36,825  INFO [main] ql.Driver: Created Hive schema: Schema(fieldSchemas:null, properties:null)
2024-04-24T05:13:36,825  INFO [main] metadata.Hive: Dumping metastore api call timing information for : compilation phase
2024-04-24T05:13:36,825  INFO [main] metadata.Hive: Total time spent in each metastore function (ms): {commitTxn_(CommitTxnRequest)=10, getDatabase_(String)=1, isCompatibleWith_(Configuration)=0, getValidTxns_(long)=0, getValidWriteIds_(List, String)=2, openTxn_(String, TxnType)=2, flushCache_()=0}
2024-04-24T05:13:36,826  INFO [main] ql.Driver: Completed compiling command(queryId=alex_20240424051336_5cdef433-4997-4177-9154-d5a320a6b5d6); Time taken: 0.008 seconds
2024-04-24T05:13:36,826  INFO [main] lockmgr.DbTxnManager: Setting lock request transaction to txnid:16 for queryId=alex_20240424051336_5cdef433-4997-4177-9154-d5a320a6b5d6
2024-04-24T05:13:36,826  INFO [main] lockmgr.DbLockManager: Requesting lock for queryId=alex_20240424051336_5cdef433-4997-4177-9154-d5a320a6b5d6
2024-04-24T05:13:36,839  INFO [main] lockmgr.DbLockManager: Response to queryId=alex_20240424051336_5cdef433-4997-4177-9154-d5a320a6b5d6 LockResponse(lockid:8, state:ACQUIRED)
2024-04-24T05:13:36,839  INFO [main] ql.Driver: Operation CREATETABLE obtained 1 locks
2024-04-24T05:13:36,839  INFO [main] ql.Driver: Executing command(queryId=alex_20240424051336_5cdef433-4997-4177-9154-d5a320a6b5d6): create table `src/name`(gh int, j decimal(5,2), k varchar(128))
2024-04-24T05:13:36,840  INFO [main] ql.Driver: Starting task [Stage-0:DDL] in serial mode
2024-04-24T05:13:36,841  INFO [main] HiveMetaStore.audit: ugi=alex	ip=unknown-ip-addr	cmd=create_table_req: Table(tableName:src/name, dbName:default, owner:alex, createTime:1713960816, lastAccessTime:0, retention:0, sd:StorageDescriptor(cols:[FieldSchema(name:gh, type:int, comment:null), FieldSchema(name:j, type:decimal(5,2), comment:null), FieldSchema(name:k, type:varchar(128), comment:null)], location:null, inputFormat:org.apache.hadoop.mapred.TextInputFormat, outputFormat:org.apache.hadoop.hive.ql.io.HiveIgnoreKeyTextOutputFormat, compressed:false, numBuckets:-1, serdeInfo:SerDeInfo(name:null, serializationLib:org.apache.hadoop.hive.serde2.lazy.LazySimpleSerDe, parameters:{serialization.format=1}), bucketCols:[], sortCols:[], parameters:{}, skewedInfo:SkewedInfo(skewedColNames:[], skewedColValues:[], skewedColValueLocationMaps:{}), storedAsSubDirectories:false), partitionKeys:[], parameters:{numFilesErasureCoded=0, bucketing_version=2, numFiles=0, totalSize=0, COLUMN_STATS_ACCURATE={"BASIC_STATS":"true","COLUMN_STATS":{"gh":"true","j":"true","k":"true"}}, rawDataSize=0, numRows=0}, viewOriginalText:null, viewExpandedText:null, tableType:MANAGED_TABLE, privileges:PrincipalPrivilegeSet(userPrivileges:{alex=[PrivilegeGrantInfo(privilege:INSERT, createTime:-1, grantor:alex, grantorType:USER, grantOption:true), PrivilegeGrantInfo(privilege:SELECT, createTime:-1, grantor:alex, grantorType:USER, grantOption:true), PrivilegeGrantInfo(privilege:UPDATE, createTime:-1, grantor:alex, grantorType:USER, grantOption:true), PrivilegeGrantInfo(privilege:DELETE, createTime:-1, grantor:alex, grantorType:USER, grantOption:true)]}, groupPrivileges:null, rolePrivileges:null), temporary:false, catName:hive, ownerType:USER)	
2024-04-24T05:13:36,846  INFO [main] utils.FileUtils: Creating directory if it doesn't exist: file:/home/alex/Repositories/hive/ql/target/tmp/org.apache.hadoop.hive.ql.TestTxnCommands-1713960750541/warehouse/src-47-name
2024-04-24T05:13:36,860  INFO [main] metadata.Hive: Dumping metastore api call timing information for : execution phase
2024-04-24T05:13:36,860  INFO [main] metadata.Hive: Total time spent in each metastore function (ms): {isCompatibleWith_(Configuration)=0, createTable_(Table)=20}
2024-04-24T05:13:36,860  INFO [main] ql.Driver: Completed executing command(queryId=alex_20240424051336_5cdef433-4997-4177-9154-d5a320a6b5d6); Time taken: 0.021 seconds
2024-04-24T05:13:36,860  INFO [main] lockmgr.DbTxnManager: Stopped heartbeat for query: alex_20240424051336_5cdef433-4997-4177-9154-d5a320a6b5d6
2024-04-24T05:13:36,864  INFO [main] txn.TxnHandler: Expected to move at least one record from txn_components to completed_txn_components when committing txn! txnid:16
2024-04-24T05:13:36,870  INFO [main] txn.TxnHandler: Removed transactions: ([16]) from MIN_HISTORY_LEVEL
2024-04-24T05:13:36,870  WARN [main] txn.CompactionTxnHandler: No compaction queue record found for Compaction type transaction commit. txnId:16
2024-04-24T05:13:36,870  INFO [main] ql.TxnCommandsBaseForTests: Running the query: merge into `aci/d_u/ami` as `d/8` using `src/name` as `a/b` on i=gh 
when matched and i > 5 then delete 
when matched then update set vc='blah' 
when not matched then insert values(1,2.1,'baz')
2024-04-24T05:13:36,871  INFO [main] ql.Driver: Compiling command(queryId=alex_20240424051336_54336e1a-3a93-4e0b-aff6-b5f8b466cc7e): merge into `aci/d_u/ami` as `d/8` using `src/name` as `a/b` on i=gh 
when matched and i > 5 then delete 
when matched then update set vc='blah' 
when not matched then insert values(1,2.1,'baz')
2024-04-24T05:13:36,874  INFO [main] txn.TxnHandler: Added entries to MIN_HISTORY_LEVEL for current txns: ([17]) with min_open_txn: 1
2024-04-24T05:13:36,874  INFO [main] lockmgr.DbTxnManager: Opened txnid:17
2024-04-24T05:13:36,874  INFO [main] parse.MergeSemanticAnalyzer: Starting caching scope for: 
2024-04-24T05:13:36,875  INFO [main] HiveMetaStore.audit: ugi=alex	ip=unknown-ip-addr	cmd=get_table : tbl=hive.default.aci/d_u/ami	
2024-04-24T05:13:36,896  INFO [main] metastore.HMSHandler: Skipping translation for processor with null
2024-04-24T05:13:36,897  INFO [main] HiveMetaStore.audit: ugi=alex	ip=unknown-ip-addr	cmd=get_table : tbl=hive.default.merge_tmp_table	
2024-04-24T05:13:36,900  INFO [main] utils.FileUtils: Creating directory if it doesn't exist: file:/home/alex/Repositories/hive/ql/target/tmp/scratchdir/alex/abc89b9a-490f-413d-b4bf-76a72c4949a1/_tmp_space.db/merge_tmp_table
2024-04-24T05:13:36,903  INFO [main] parse.RewriteSemanticAnalyzer: Going to reparse <merge into `aci/d_u/ami` as `d/8` using `src/name` as `a/b` on i=gh 
when matched and i > 5 then delete 
when matched then update set vc='blah' 
when not matched then insert values(1,2.1,'baz')> as 
<FROM
  `default`.`aci/d_u/ami` `d/8`
  RIGHT OUTER JOIN
  `default`.`src/name` `a/b`
  ON `i`=`gh`
INSERT INTO `default`.`aci/d_u/ami`    -- delete clause
 SELECT `d/8`.ROW__ID 
   WHERE `i`=`gh` AND `i` > 5
 SORT BY `d/8`.ROW__ID 
INSERT INTO `default`.`aci/d_u/ami`    -- update clause(insert part)
 SELECT `d/8`.`i`, `d/8`.`d?*de e`, 'blah'
   WHERE `i`=`gh` AND NOT(`i` > 5)
INSERT INTO `default`.`aci/d_u/ami`    -- update clause (delete part)
 SELECT `d/8`.ROW__ID 
   WHERE `i`=`gh` AND NOT(`i` > 5)
 SORT BY `d/8`.ROW__ID 
INSERT INTO `default`.`aci/d_u/ami`    -- insert clause
  SELECT 1,2.1,'baz'
   WHERE `d/8`.`i` IS NULL
INSERT INTO merge_tmp_table
  SELECT cardinality_violation(`d/8`.ROW__ID)
 WHERE `i`=`gh` GROUP BY `d/8`.ROW__ID HAVING count(*) > 1>
2024-04-24T05:13:36,905  INFO [main] parse.MergeSemanticAnalyzer: Starting Semantic Analysis
2024-04-24T05:13:36,908  INFO [main] parse.MergeSemanticAnalyzer: Completed phase 1 of Semantic Analysis
2024-04-24T05:13:36,908  INFO [main] parse.MergeSemanticAnalyzer: Get metadata for source tables
2024-04-24T05:13:36,909  INFO [main] HiveMetaStore.audit: ugi=alex	ip=unknown-ip-addr	cmd=get_table : tbl=hive.default.aci/d_u/ami	
2024-04-24T05:13:36,915  INFO [main] metastore.HMSHandler: Skipping translation for processor with null
2024-04-24T05:13:36,916  INFO [main] HiveMetaStore.audit: ugi=alex	ip=unknown-ip-addr	cmd=get_table : tbl=hive.default.src/name	
2024-04-24T05:13:36,939  INFO [main] metastore.HMSHandler: Skipping translation for processor with null
2024-04-24T05:13:36,939  INFO [main] parse.MergeSemanticAnalyzer: Get metadata for subqueries
2024-04-24T05:13:36,939  INFO [main] parse.MergeSemanticAnalyzer: Get metadata for destination tables
2024-04-24T05:13:36,940  INFO [main] HiveMetaStore.audit: ugi=alex	ip=unknown-ip-addr	cmd=get_table : tbl=hive.default.aci/d_u/ami	
2024-04-24T05:13:36,946  INFO [main] metastore.HMSHandler: Skipping translation for processor with null
2024-04-24T05:13:36,947  INFO [main] HiveMetaStore.audit: ugi=alex	ip=unknown-ip-addr	cmd=get_table : tbl=hive.default.aci/d_u/ami	
2024-04-24T05:13:36,954  INFO [main] metastore.HMSHandler: Skipping translation for processor with null
2024-04-24T05:13:36,954  INFO [main] HiveMetaStore.audit: ugi=alex	ip=unknown-ip-addr	cmd=get_table : tbl=hive.default.aci/d_u/ami	
2024-04-24T05:13:36,961  INFO [main] metastore.HMSHandler: Skipping translation for processor with null
2024-04-24T05:13:36,961  INFO [main] HiveMetaStore.audit: ugi=alex	ip=unknown-ip-addr	cmd=get_table : tbl=hive.default.aci/d_u/ami	
2024-04-24T05:13:36,967  INFO [main] metastore.HMSHandler: Skipping translation for processor with null
2024-04-24T05:13:36,968  INFO [main] parse.MergeSemanticAnalyzer: Completed getting MetaData in Semantic Analysis
2024-04-24T05:13:36,968  INFO [main] parse.MergeSemanticAnalyzer: Disabling LLAP IO encode as ETL query is detected
2024-04-24T05:13:36,968  INFO [main] parse.MergeSemanticAnalyzer: Get metadata for source tables
2024-04-24T05:13:36,968  INFO [main] parse.MergeSemanticAnalyzer: Get metadata for subqueries
2024-04-24T05:13:36,968  INFO [main] parse.MergeSemanticAnalyzer: Get metadata for destination tables
2024-04-24T05:13:36,981  INFO [main] HiveMetaStore.audit: ugi=alex	ip=unknown-ip-addr	cmd=get_all_table_constraints : tbl=hive.default.aci/d_u/ami	
2024-04-24T05:13:37,008  INFO [main] HiveMetaStore.audit: ugi=alex	ip=unknown-ip-addr	cmd=get_all_table_constraints : tbl=hive.default.src/name	
2024-04-24T05:13:37,040  INFO [main] calcite.RelOptHiveTable: Calculating column statistics for default.aci/d_u/ami, projIndxSet: [0, 1], allowMissingStats: true
2024-04-24T05:13:37,041  INFO [main] HiveMetaStore.audit: ugi=alex	ip=unknown-ip-addr	cmd=get_table : tbl=hive.default.aci/d_u/ami	
2024-04-24T05:13:37,050  INFO [main] metastore.HMSHandler: Skipping translation for processor with null
2024-04-24T05:13:37,051  INFO [main] HiveMetaStore.audit: ugi=alex	ip=unknown-ip-addr	cmd=get_table : tbl=hive.default.aci/d_u/ami	
2024-04-24T05:13:37,060  INFO [main] metastore.HMSHandler: Skipping translation for processor with null
2024-04-24T05:13:37,060  INFO [main] HiveMetaStore.audit: ugi=alex	ip=unknown-ip-addr	cmd=get_table_statistics_req: table=hive.default.aci/d_u/ami	
2024-04-24T05:13:37,071  WARN [main] calcite.RelOptHiveTable: No Stats for default@aci/d_u/ami, Columns: d?*de e, i
No Stats for default@aci/d_u/ami, Columns: d?*de e, i
2024-04-24T05:13:37,071  INFO [main] SessionState: No Stats for default@aci/d_u/ami, Columns: d?*de e, i
2024-04-24T05:13:37,072  INFO [main] calcite.RelOptHiveTable: Calculating column statistics for default.src/name, projIndxSet: [0], allowMissingStats: true
2024-04-24T05:13:37,072  INFO [main] HiveMetaStore.audit: ugi=alex	ip=unknown-ip-addr	cmd=get_table : tbl=hive.default.src/name	
2024-04-24T05:13:37,083  INFO [main] metastore.HMSHandler: Skipping translation for processor with null
2024-04-24T05:13:37,084  INFO [main] HiveMetaStore.audit: ugi=alex	ip=unknown-ip-addr	cmd=get_table : tbl=hive.default.src/name	
2024-04-24T05:13:37,095  INFO [main] metastore.HMSHandler: Skipping translation for processor with null
2024-04-24T05:13:37,095  INFO [main] HiveMetaStore.audit: ugi=alex	ip=unknown-ip-addr	cmd=get_table_statistics_req: table=hive.default.src/name	
2024-04-24T05:13:37,107  WARN [main] calcite.RelOptHiveTable: No Stats for default@src/name, Columns: gh
No Stats for default@src/name, Columns: gh
2024-04-24T05:13:37,107  INFO [main] SessionState: No Stats for default@src/name, Columns: gh
2024-04-24T05:13:37,288  INFO [main] parse.MergeSemanticAnalyzer: Get metadata for source tables
2024-04-24T05:13:37,288  INFO [main] parse.MergeSemanticAnalyzer: Get metadata for subqueries
2024-04-24T05:13:37,288  INFO [main] parse.MergeSemanticAnalyzer: Get metadata for source tables
2024-04-24T05:13:37,288  INFO [main] parse.MergeSemanticAnalyzer: Get metadata for subqueries
2024-04-24T05:13:37,288  INFO [main] parse.MergeSemanticAnalyzer: Get metadata for source tables
2024-04-24T05:13:37,289  INFO [main] parse.MergeSemanticAnalyzer: Get metadata for subqueries
2024-04-24T05:13:37,289  INFO [main] parse.MergeSemanticAnalyzer: Get metadata for destination tables
2024-04-24T05:13:37,289  INFO [main] parse.MergeSemanticAnalyzer: Get metadata for source tables
2024-04-24T05:13:37,289  INFO [main] parse.MergeSemanticAnalyzer: Get metadata for subqueries
2024-04-24T05:13:37,289  INFO [main] parse.MergeSemanticAnalyzer: Get metadata for destination tables
2024-04-24T05:13:37,289  INFO [main] parse.MergeSemanticAnalyzer: Get metadata for destination tables
2024-04-24T05:13:37,289  INFO [main] parse.MergeSemanticAnalyzer: Get metadata for destination tables
2024-04-24T05:13:37,289  INFO [main] HiveMetaStore.audit: ugi=alex	ip=unknown-ip-addr	cmd=get_table : tbl=hive.default.aci/d_u/ami	
2024-04-24T05:13:37,296  INFO [main] metastore.HMSHandler: Skipping translation for processor with null
2024-04-24T05:13:37,296  INFO [main] HiveMetaStore.audit: ugi=alex	ip=unknown-ip-addr	cmd=get_table : tbl=hive.default.aci/d_u/ami	
2024-04-24T05:13:37,302  INFO [main] metastore.HMSHandler: Skipping translation for processor with null
2024-04-24T05:13:37,303  INFO [main] HiveMetaStore.audit: ugi=alex	ip=unknown-ip-addr	cmd=get_table : tbl=hive.default.aci/d_u/ami	
2024-04-24T05:13:37,310  INFO [main] metastore.HMSHandler: Skipping translation for processor with null
2024-04-24T05:13:37,311  INFO [main] HiveMetaStore.audit: ugi=alex	ip=unknown-ip-addr	cmd=get_table : tbl=hive.default.aci/d_u/ami	
2024-04-24T05:13:37,318  INFO [main] metastore.HMSHandler: Skipping translation for processor with null
2024-04-24T05:13:37,324 ERROR [main] parse.MergeSemanticAnalyzer: CBO failed, skipping CBO. 
org.apache.hadoop.hive.ql.exec.NoMatchingMethodException: No matching method for class org.apache.hadoop.hive.ql.udf.UDFToInteger with (struct<writeid:bigint,bucketid:int,rowid:bigint>). Possible choices: _FUNC_(bigint)  _FUNC_(boolean)  _FUNC_(decimal(38,18))  _FUNC_(double)  _FUNC_(float)  _FUNC_(smallint)  _FUNC_(string)  _FUNC_(struct<writeid:bigint,rowid:int,bucketid:bigint>)  _FUNC_(timestamp)  _FUNC_(tinyint)  _FUNC_(void)  
	at org.apache.hadoop.hive.ql.exec.MethodUtils.getMethodInternal(MethodUtils.java:130) ~[classes/:?]
	at org.apache.hadoop.hive.ql.exec.MethodUtils.getMethodInternal(MethodUtils.java:60) ~[classes/:?]
	at org.apache.hadoop.hive.ql.exec.DefaultUDFMethodResolver.getEvalMethod(DefaultUDFMethodResolver.java:59) ~[classes/:?]
	at org.apache.hadoop.hive.ql.udf.TimestampCastRestrictorResolver.getEvalMethod(TimestampCastRestrictorResolver.java:68) ~[classes/:?]
	at org.apache.hadoop.hive.ql.udf.generic.GenericUDFBridge.initialize(GenericUDFBridge.java:168) ~[classes/:?]
	at org.apache.hadoop.hive.ql.udf.generic.GenericUDF.initializeAndFoldConstants(GenericUDF.java:149) ~[classes/:?]
	at org.apache.hadoop.hive.ql.plan.ExprNodeGenericFuncDesc.newInstance(ExprNodeGenericFuncDesc.java:235) ~[classes/:?]
	at org.apache.hadoop.hive.ql.parse.type.ExprNodeDescExprFactory.createFuncCallExpr(ExprNodeDescExprFactory.java:584) ~[classes/:?]
	at org.apache.hadoop.hive.ql.parse.type.ExprNodeDescExprFactory.createFuncCallExpr(ExprNodeDescExprFactory.java:97) ~[classes/:?]
	at org.apache.hadoop.hive.ql.parse.type.TypeCheckProcFactory$DefaultExprProcessor.getFuncExprNodeDescWithUdfData(TypeCheckProcFactory.java:762) ~[classes/:?]
	at org.apache.hadoop.hive.ql.parse.type.TypeCheckProcFactory$DefaultExprProcessor.createConversionCast(TypeCheckProcFactory.java:783) ~[classes/:?]
	at org.apache.hadoop.hive.ql.parse.SemanticAnalyzer.getPartitionColsFromBucketColsForUpdateDelete(SemanticAnalyzer.java:8725) ~[classes/:?]
	at org.apache.hadoop.hive.ql.parse.SemanticAnalyzer.genBucketingSortingDest(SemanticAnalyzer.java:6906) ~[classes/:?]
	at org.apache.hadoop.hive.ql.parse.SemanticAnalyzer.genFileSinkPlan(SemanticAnalyzer.java:7335) ~[classes/:?]
	at org.apache.hadoop.hive.ql.parse.SemanticAnalyzer.genPostGroupByBodyPlan(SemanticAnalyzer.java:11063) ~[classes/:?]
	at org.apache.hadoop.hive.ql.parse.SemanticAnalyzer.genBodyPlan(SemanticAnalyzer.java:10938) ~[classes/:?]
	at org.apache.hadoop.hive.ql.parse.SemanticAnalyzer.genPlan(SemanticAnalyzer.java:11853) ~[classes/:?]
	at org.apache.hadoop.hive.ql.parse.SemanticAnalyzer.genPlan(SemanticAnalyzer.java:11723) ~[classes/:?]
	at org.apache.hadoop.hive.ql.parse.CalcitePlanner.genOPTree(CalcitePlanner.java:626) ~[classes/:?]
	at org.apache.hadoop.hive.ql.parse.SemanticAnalyzer.analyzeInternal(SemanticAnalyzer.java:12558) ~[classes/:?]
	at org.apache.hadoop.hive.ql.parse.CalcitePlanner.analyzeInternal(CalcitePlanner.java:456) ~[classes/:?]
	at org.apache.hadoop.hive.ql.parse.RewriteSemanticAnalyzer.analyzeInternal(RewriteSemanticAnalyzer.java:67) ~[classes/:?]
	at org.apache.hadoop.hive.ql.parse.BaseSemanticAnalyzer.analyze(BaseSemanticAnalyzer.java:317) ~[classes/:?]
	at org.apache.hadoop.hive.ql.parse.MergeSemanticAnalyzer.analyzeMerge(MergeSemanticAnalyzer.java:317) ~[classes/:?]
	at org.apache.hadoop.hive.ql.parse.MergeSemanticAnalyzer.analyze(MergeSemanticAnalyzer.java:63) ~[classes/:?]
	at org.apache.hadoop.hive.ql.parse.RewriteSemanticAnalyzer.analyzeInternal(RewriteSemanticAnalyzer.java:72) ~[classes/:?]
	at org.apache.hadoop.hive.ql.parse.BaseSemanticAnalyzer.analyze(BaseSemanticAnalyzer.java:317) ~[classes/:?]
	at org.apache.hadoop.hive.ql.Compiler.analyze(Compiler.java:223) ~[classes/:?]
	at org.apache.hadoop.hive.ql.Compiler.compile(Compiler.java:105) ~[classes/:?]
	at org.apache.hadoop.hive.ql.Driver.compile(Driver.java:500) ~[classes/:?]
	at org.apache.hadoop.hive.ql.Driver.compileInternal(Driver.java:453) ~[classes/:?]
	at org.apache.hadoop.hive.ql.Driver.runInternal(Driver.java:181) ~[classes/:?]
	at org.apache.hadoop.hive.ql.Driver.run(Driver.java:153) ~[classes/:?]
	at org.apache.hadoop.hive.ql.Driver.run(Driver.java:140) ~[classes/:?]
	at org.apache.hadoop.hive.ql.TxnCommandsBaseForTests.runStatementOnDriver(TxnCommandsBaseForTests.java:245) ~[test-classes/:?]
	at org.apache.hadoop.hive.ql.TestTxnCommands.testQuotedIdentifier(TestTxnCommands.java:1070) ~[test-classes/:?]
	at sun.reflect.NativeMethodAccessorImpl.invoke0(Native Method) ~[?:1.8.0_402]
	at sun.reflect.NativeMethodAccessorImpl.invoke(NativeMethodAccessorImpl.java:62) ~[?:1.8.0_402]
	at sun.reflect.DelegatingMethodAccessorImpl.invoke(DelegatingMethodAccessorImpl.java:43) ~[?:1.8.0_402]
	at java.lang.reflect.Method.invoke(Method.java:498) ~[?:1.8.0_402]
	at org.junit.runners.model.FrameworkMethod$1.runReflectiveCall(FrameworkMethod.java:59) ~[junit-4.13.jar:4.13]
	at org.junit.internal.runners.model.ReflectiveCallable.run(ReflectiveCallable.java:12) ~[junit-4.13.jar:4.13]
	at org.junit.runners.model.FrameworkMethod.invokeExplosively(FrameworkMethod.java:56) ~[junit-4.13.jar:4.13]
	at org.junit.internal.runners.statements.InvokeMethod.evaluate(InvokeMethod.java:17) ~[junit-4.13.jar:4.13]
	at org.junit.internal.runners.statements.RunBefores.evaluate(RunBefores.java:26) ~[junit-4.13.jar:4.13]
	at org.junit.internal.runners.statements.RunAfters.evaluate(RunAfters.java:27) ~[junit-4.13.jar:4.13]
	at org.junit.rules.TestWatcher$1.evaluate(TestWatcher.java:61) ~[junit-4.13.jar:4.13]
	at org.junit.runners.ParentRunner$3.evaluate(ParentRunner.java:306) ~[junit-4.13.jar:4.13]
	at org.junit.runners.BlockJUnit4ClassRunner$1.evaluate(BlockJUnit4ClassRunner.java:100) ~[junit-4.13.jar:4.13]
	at org.junit.runners.ParentRunner.runLeaf(ParentRunner.java:366) ~[junit-4.13.jar:4.13]
	at org.junit.runners.BlockJUnit4ClassRunner.runChild(BlockJUnit4ClassRunner.java:103) ~[junit-4.13.jar:4.13]
	at org.junit.runners.BlockJUnit4ClassRunner.runChild(BlockJUnit4ClassRunner.java:63) ~[junit-4.13.jar:4.13]
	at org.junit.runners.ParentRunner$4.run(ParentRunner.java:331) ~[junit-4.13.jar:4.13]
	at org.junit.runners.ParentRunner$1.schedule(ParentRunner.java:79) ~[junit-4.13.jar:4.13]
	at org.junit.runners.ParentRunner.runChildren(ParentRunner.java:329) ~[junit-4.13.jar:4.13]
	at org.junit.runners.ParentRunner.access$100(ParentRunner.java:66) ~[junit-4.13.jar:4.13]
	at org.junit.runners.ParentRunner$2.evaluate(ParentRunner.java:293) ~[junit-4.13.jar:4.13]
	at org.junit.runners.ParentRunner$3.evaluate(ParentRunner.java:306) ~[junit-4.13.jar:4.13]
	at org.junit.runners.ParentRunner.run(ParentRunner.java:413) ~[junit-4.13.jar:4.13]
	at org.junit.runner.JUnitCore.run(JUnitCore.java:137) ~[junit-4.13.jar:4.13]
	at org.junit.runner.JUnitCore.run(JUnitCore.java:115) ~[junit-4.13.jar:4.13]
	at org.junit.vintage.engine.execution.RunnerExecutor.execute(RunnerExecutor.java:43) ~[junit-vintage-engine-5.6.2.jar:5.6.2]
	at java.util.stream.ForEachOps$ForEachOp$OfRef.accept(ForEachOps.java:183) ~[?:1.8.0_402]
	at java.util.stream.ReferencePipeline$3$1.accept(ReferencePipeline.java:193) ~[?:1.8.0_402]
	at java.util.Iterator.forEachRemaining(Iterator.java:116) ~[?:1.8.0_402]
	at java.util.Spliterators$IteratorSpliterator.forEachRemaining(Spliterators.java:1801) ~[?:1.8.0_402]
	at java.util.stream.AbstractPipeline.copyInto(AbstractPipeline.java:482) ~[?:1.8.0_402]
	at java.util.stream.AbstractPipeline.wrapAndCopyInto(AbstractPipeline.java:472) ~[?:1.8.0_402]
	at java.util.stream.ForEachOps$ForEachOp.evaluateSequential(ForEachOps.java:150) ~[?:1.8.0_402]
	at java.util.stream.ForEachOps$ForEachOp$OfRef.evaluateSequential(ForEachOps.java:173) ~[?:1.8.0_402]
	at java.util.stream.AbstractPipeline.evaluate(AbstractPipeline.java:234) ~[?:1.8.0_402]
	at java.util.stream.ReferencePipeline.forEach(ReferencePipeline.java:485) ~[?:1.8.0_402]
	at org.junit.vintage.engine.VintageTestEngine.executeAllChildren(VintageTestEngine.java:82) ~[junit-vintage-engine-5.6.2.jar:5.6.2]
	at org.junit.vintage.engine.VintageTestEngine.execute(VintageTestEngine.java:73) ~[junit-vintage-engine-5.6.2.jar:5.6.2]
	at org.junit.platform.launcher.core.DefaultLauncher.execute(DefaultLauncher.java:248) ~[junit-platform-launcher-1.6.2.jar:1.6.2]
	at org.junit.platform.launcher.core.DefaultLauncher.lambda$execute$5(DefaultLauncher.java:211) ~[junit-platform-launcher-1.6.2.jar:1.6.2]
	at org.junit.platform.launcher.core.DefaultLauncher.withInterceptedStreams(DefaultLauncher.java:226) [junit-platform-launcher-1.6.2.jar:1.6.2]
	at org.junit.platform.launcher.core.DefaultLauncher.execute(DefaultLauncher.java:199) [junit-platform-launcher-1.6.2.jar:1.6.2]
	at org.junit.platform.launcher.core.DefaultLauncher.execute(DefaultLauncher.java:132) [junit-platform-launcher-1.6.2.jar:1.6.2]
	at org.apache.maven.surefire.junitplatform.JUnitPlatformProvider.invokeAllTests(JUnitPlatformProvider.java:154) [surefire-junit-platform-3.0.0-M4.jar:3.0.0-M4]
	at org.apache.maven.surefire.junitplatform.JUnitPlatformProvider.invoke(JUnitPlatformProvider.java:123) [surefire-junit-platform-3.0.0-M4.jar:3.0.0-M4]
	at org.apache.maven.surefire.booter.ForkedBooter.runSuitesInProcess(ForkedBooter.java:377) [surefire-booter-3.0.0-M4.jar:3.0.0-M4]
	at org.apache.maven.surefire.booter.ForkedBooter.execute(ForkedBooter.java:138) [surefire-booter-3.0.0-M4.jar:3.0.0-M4]
	at org.apache.maven.surefire.booter.ForkedBooter.run(ForkedBooter.java:465) [surefire-booter-3.0.0-M4.jar:3.0.0-M4]
	at org.apache.maven.surefire.booter.ForkedBooter.main(ForkedBooter.java:451) [surefire-booter-3.0.0-M4.jar:3.0.0-M4]
2024-04-24T05:13:37,325 ERROR [main] parse.MergeSemanticAnalyzer: CBO failed due to missing column stats (see previous errors), skipping CBO
2024-04-24T05:13:37,325  INFO [main] parse.MergeSemanticAnalyzer: Ending caching scope for: 
FAILED: NoMatchingMethodException No matching method for class org.apache.hadoop.hive.ql.udf.UDFToInteger with (struct<writeid:bigint,bucketid:int,rowid:bigint>). Possible choices: _FUNC_(bigint)  _FUNC_(boolean)  _FUNC_(decimal(38,18))  _FUNC_(double)  _FUNC_(float)  _FUNC_(smallint)  _FUNC_(string)  _FUNC_(struct<writeid:bigint,rowid:int,bucketid:bigint>)  _FUNC_(timestamp)  _FUNC_(tinyint)  _FUNC_(void)  
2024-04-24T05:13:37,325 ERROR [main] ql.Driver: FAILED: NoMatchingMethodException No matching method for class org.apache.hadoop.hive.ql.udf.UDFToInteger with (struct<writeid:bigint,bucketid:int,rowid:bigint>). Possible choices: _FUNC_(bigint)  _FUNC_(boolean)  _FUNC_(decimal(38,18))  _FUNC_(double)  _FUNC_(float)  _FUNC_(smallint)  _FUNC_(string)  _FUNC_(struct<writeid:bigint,rowid:int,bucketid:bigint>)  _FUNC_(timestamp)  _FUNC_(tinyint)  _FUNC_(void)  
org.apache.hadoop.hive.ql.exec.NoMatchingMethodException: No matching method for class org.apache.hadoop.hive.ql.udf.UDFToInteger with (struct<writeid:bigint,bucketid:int,rowid:bigint>). Possible choices: _FUNC_(bigint)  _FUNC_(boolean)  _FUNC_(decimal(38,18))  _FUNC_(double)  _FUNC_(float)  _FUNC_(smallint)  _FUNC_(string)  _FUNC_(struct<writeid:bigint,rowid:int,bucketid:bigint>)  _FUNC_(timestamp)  _FUNC_(tinyint)  _FUNC_(void)  
	at org.apache.hadoop.hive.ql.exec.MethodUtils.getMethodInternal(MethodUtils.java:130)
	at org.apache.hadoop.hive.ql.exec.MethodUtils.getMethodInternal(MethodUtils.java:60)
	at org.apache.hadoop.hive.ql.exec.DefaultUDFMethodResolver.getEvalMethod(DefaultUDFMethodResolver.java:59)
	at org.apache.hadoop.hive.ql.udf.TimestampCastRestrictorResolver.getEvalMethod(TimestampCastRestrictorResolver.java:68)
	at org.apache.hadoop.hive.ql.udf.generic.GenericUDFBridge.initialize(GenericUDFBridge.java:168)
	at org.apache.hadoop.hive.ql.udf.generic.GenericUDF.initializeAndFoldConstants(GenericUDF.java:149)
	at org.apache.hadoop.hive.ql.plan.ExprNodeGenericFuncDesc.newInstance(ExprNodeGenericFuncDesc.java:235)
	at org.apache.hadoop.hive.ql.parse.type.ExprNodeDescExprFactory.createFuncCallExpr(ExprNodeDescExprFactory.java:584)
	at org.apache.hadoop.hive.ql.parse.type.ExprNodeDescExprFactory.createFuncCallExpr(ExprNodeDescExprFactory.java:97)
	at org.apache.hadoop.hive.ql.parse.type.TypeCheckProcFactory$DefaultExprProcessor.getFuncExprNodeDescWithUdfData(TypeCheckProcFactory.java:762)
	at org.apache.hadoop.hive.ql.parse.type.TypeCheckProcFactory$DefaultExprProcessor.createConversionCast(TypeCheckProcFactory.java:783)
	at org.apache.hadoop.hive.ql.parse.SemanticAnalyzer.getPartitionColsFromBucketColsForUpdateDelete(SemanticAnalyzer.java:8725)
	at org.apache.hadoop.hive.ql.parse.SemanticAnalyzer.genBucketingSortingDest(SemanticAnalyzer.java:6906)
	at org.apache.hadoop.hive.ql.parse.SemanticAnalyzer.genFileSinkPlan(SemanticAnalyzer.java:7335)
	at org.apache.hadoop.hive.ql.parse.SemanticAnalyzer.genPostGroupByBodyPlan(SemanticAnalyzer.java:11063)
	at org.apache.hadoop.hive.ql.parse.SemanticAnalyzer.genBodyPlan(SemanticAnalyzer.java:10938)
	at org.apache.hadoop.hive.ql.parse.SemanticAnalyzer.genPlan(SemanticAnalyzer.java:11853)
	at org.apache.hadoop.hive.ql.parse.SemanticAnalyzer.genPlan(SemanticAnalyzer.java:11723)
	at org.apache.hadoop.hive.ql.parse.CalcitePlanner.genOPTree(CalcitePlanner.java:626)
	at org.apache.hadoop.hive.ql.parse.SemanticAnalyzer.analyzeInternal(SemanticAnalyzer.java:12558)
	at org.apache.hadoop.hive.ql.parse.CalcitePlanner.analyzeInternal(CalcitePlanner.java:456)
	at org.apache.hadoop.hive.ql.parse.RewriteSemanticAnalyzer.analyzeInternal(RewriteSemanticAnalyzer.java:67)
	at org.apache.hadoop.hive.ql.parse.BaseSemanticAnalyzer.analyze(BaseSemanticAnalyzer.java:317)
	at org.apache.hadoop.hive.ql.parse.MergeSemanticAnalyzer.analyzeMerge(MergeSemanticAnalyzer.java:317)
	at org.apache.hadoop.hive.ql.parse.MergeSemanticAnalyzer.analyze(MergeSemanticAnalyzer.java:63)
	at org.apache.hadoop.hive.ql.parse.RewriteSemanticAnalyzer.analyzeInternal(RewriteSemanticAnalyzer.java:72)
	at org.apache.hadoop.hive.ql.parse.BaseSemanticAnalyzer.analyze(BaseSemanticAnalyzer.java:317)
	at org.apache.hadoop.hive.ql.Compiler.analyze(Compiler.java:223)
	at org.apache.hadoop.hive.ql.Compiler.compile(Compiler.java:105)
	at org.apache.hadoop.hive.ql.Driver.compile(Driver.java:500)
	at org.apache.hadoop.hive.ql.Driver.compileInternal(Driver.java:453)
	at org.apache.hadoop.hive.ql.Driver.runInternal(Driver.java:181)
	at org.apache.hadoop.hive.ql.Driver.run(Driver.java:153)
	at org.apache.hadoop.hive.ql.Driver.run(Driver.java:140)
	at org.apache.hadoop.hive.ql.TxnCommandsBaseForTests.runStatementOnDriver(TxnCommandsBaseForTests.java:245)
	at org.apache.hadoop.hive.ql.TestTxnCommands.testQuotedIdentifier(TestTxnCommands.java:1070)
	at sun.reflect.NativeMethodAccessorImpl.invoke0(Native Method)
	at sun.reflect.NativeMethodAccessorImpl.invoke(NativeMethodAccessorImpl.java:62)
	at sun.reflect.DelegatingMethodAccessorImpl.invoke(DelegatingMethodAccessorImpl.java:43)
	at java.lang.reflect.Method.invoke(Method.java:498)
	at org.junit.runners.model.FrameworkMethod$1.runReflectiveCall(FrameworkMethod.java:59)
	at org.junit.internal.runners.model.ReflectiveCallable.run(ReflectiveCallable.java:12)
	at org.junit.runners.model.FrameworkMethod.invokeExplosively(FrameworkMethod.java:56)
	at org.junit.internal.runners.statements.InvokeMethod.evaluate(InvokeMethod.java:17)
	at org.junit.internal.runners.statements.RunBefores.evaluate(RunBefores.java:26)
	at org.junit.internal.runners.statements.RunAfters.evaluate(RunAfters.java:27)
	at org.junit.rules.TestWatcher$1.evaluate(TestWatcher.java:61)
	at org.junit.runners.ParentRunner$3.evaluate(ParentRunner.java:306)
	at org.junit.runners.BlockJUnit4ClassRunner$1.evaluate(BlockJUnit4ClassRunner.java:100)
	at org.junit.runners.ParentRunner.runLeaf(ParentRunner.java:366)
	at org.junit.runners.BlockJUnit4ClassRunner.runChild(BlockJUnit4ClassRunner.java:103)
	at org.junit.runners.BlockJUnit4ClassRunner.runChild(BlockJUnit4ClassRunner.java:63)
	at org.junit.runners.ParentRunner$4.run(ParentRunner.java:331)
	at org.junit.runners.ParentRunner$1.schedule(ParentRunner.java:79)
	at org.junit.runners.ParentRunner.runChildren(ParentRunner.java:329)
	at org.junit.runners.ParentRunner.access$100(ParentRunner.java:66)
	at org.junit.runners.ParentRunner$2.evaluate(ParentRunner.java:293)
	at org.junit.runners.ParentRunner$3.evaluate(ParentRunner.java:306)
	at org.junit.runners.ParentRunner.run(ParentRunner.java:413)
	at org.junit.runner.JUnitCore.run(JUnitCore.java:137)
	at org.junit.runner.JUnitCore.run(JUnitCore.java:115)
	at org.junit.vintage.engine.execution.RunnerExecutor.execute(RunnerExecutor.java:43)
	at java.util.stream.ForEachOps$ForEachOp$OfRef.accept(ForEachOps.java:183)
	at java.util.stream.ReferencePipeline$3$1.accept(ReferencePipeline.java:193)
	at java.util.Iterator.forEachRemaining(Iterator.java:116)
	at java.util.Spliterators$IteratorSpliterator.forEachRemaining(Spliterators.java:1801)
	at java.util.stream.AbstractPipeline.copyInto(AbstractPipeline.java:482)
	at java.util.stream.AbstractPipeline.wrapAndCopyInto(AbstractPipeline.java:472)
	at java.util.stream.ForEachOps$ForEachOp.evaluateSequential(ForEachOps.java:150)
	at java.util.stream.ForEachOps$ForEachOp$OfRef.evaluateSequential(ForEachOps.java:173)
	at java.util.stream.AbstractPipeline.evaluate(AbstractPipeline.java:234)
	at java.util.stream.ReferencePipeline.forEach(ReferencePipeline.java:485)
	at org.junit.vintage.engine.VintageTestEngine.executeAllChildren(VintageTestEngine.java:82)
	at org.junit.vintage.engine.VintageTestEngine.execute(VintageTestEngine.java:73)
	at org.junit.platform.launcher.core.DefaultLauncher.execute(DefaultLauncher.java:248)
	at org.junit.platform.launcher.core.DefaultLauncher.lambda$execute$5(DefaultLauncher.java:211)
	at org.junit.platform.launcher.core.DefaultLauncher.withInterceptedStreams(DefaultLauncher.java:226)
	at org.junit.platform.launcher.core.DefaultLauncher.execute(DefaultLauncher.java:199)
	at org.junit.platform.launcher.core.DefaultLauncher.execute(DefaultLauncher.java:132)
	at org.apache.maven.surefire.junitplatform.JUnitPlatformProvider.invokeAllTests(JUnitPlatformProvider.java:154)
	at org.apache.maven.surefire.junitplatform.JUnitPlatformProvider.invoke(JUnitPlatformProvider.java:123)
	at org.apache.maven.surefire.booter.ForkedBooter.runSuitesInProcess(ForkedBooter.java:377)
	at org.apache.maven.surefire.booter.ForkedBooter.execute(ForkedBooter.java:138)
	at org.apache.maven.surefire.booter.ForkedBooter.run(ForkedBooter.java:465)
	at org.apache.maven.surefire.booter.ForkedBooter.main(ForkedBooter.java:451)

2024-04-24T05:13:37,325  INFO [main] metadata.Hive: Dumping metastore api call timing information for : compilation phase
2024-04-24T05:13:37,326  INFO [main] metadata.Hive: Total time spent in each metastore function (ms): {flushCache_()=0, commitTxn_(CommitTxnRequest)=9, getTable_(GetTableRequest)=109, createTable_(Table)=3, getTableColumnStatistics_(String, String, List, String)=64, getValidWriteIds_(List, String)=5, openTxn_(String, TxnType)=2, getAllTableConstraints_(AllTableConstraintsRequest)=31, isCompatibleWith_(Configuration)=0, getValidTxns_(long)=0}
2024-04-24T05:13:37,326  INFO [main] ql.Driver: Completed compiling command(queryId=alex_20240424051336_54336e1a-3a93-4e0b-aff6-b5f8b466cc7e); Time taken: 0.454 seconds
2024-04-24T05:13:37,326  INFO [main] lockmgr.DbTxnManager: Stopped heartbeat for query: null
2024-04-24T05:13:37,330  INFO [main] txn.TxnHandler: Removed transactions: ([17]) from MIN_HISTORY_LEVEL
2024-04-24T05:13:37,336  INFO [main] ql.TxnCommandsBaseForTests: Running the query: drop table if exists acidTbl
2024-04-24T05:13:37,336  INFO [main] ql.Context: Deleting scratch dir: file:/home/alex/Repositories/hive/ql/target/tmp/localscratchdir/abc89b9a-490f-413d-b4bf-76a72c4949a1/hive_2024-04-24_05-13-36_903_5330437234291002250-1
2024-04-24T05:13:37,337  INFO [main] ql.Driver: Compiling command(queryId=alex_20240424051337_9815e3a1-94fe-4fc8-9aea-c8b2dd165ca0): drop table if exists acidTbl
2024-04-24T05:13:37,339  INFO [main] txn.TxnHandler: Added entries to MIN_HISTORY_LEVEL for current txns: ([18]) with min_open_txn: 7
2024-04-24T05:13:37,339  INFO [main] lockmgr.DbTxnManager: Opened txnid:18
2024-04-24T05:13:37,340  INFO [main] HiveMetaStore.audit: ugi=alex	ip=unknown-ip-addr	cmd=get_table : tbl=hive.default.acidTbl	
2024-04-24T05:13:37,346  INFO [main] metastore.HMSHandler: Skipping translation for processor with null
2024-04-24T05:13:37,346  INFO [main] ql.Driver: Semantic Analysis Completed (retrial = false)
2024-04-24T05:13:37,346  INFO [main] ql.Driver: Created Hive schema: Schema(fieldSchemas:null, properties:null)
2024-04-24T05:13:37,346  INFO [main] metadata.Hive: Dumping metastore api call timing information for : compilation phase
2024-04-24T05:13:37,346  INFO [main] metadata.Hive: Total time spent in each metastore function (ms): {isCompatibleWith_(Configuration)=1, flushCache_()=0, getValidTxns_(long)=0, rollbackTxn_(long)=10, getTable_(GetTableRequest)=6, openTxn_(String, TxnType)=2}
2024-04-24T05:13:37,347  INFO [main] ql.Driver: Completed compiling command(queryId=alex_20240424051337_9815e3a1-94fe-4fc8-9aea-c8b2dd165ca0); Time taken: 0.009 seconds
2024-04-24T05:13:37,347  INFO [main] lockmgr.DbTxnManager: Setting lock request transaction to txnid:18 for queryId=alex_20240424051337_9815e3a1-94fe-4fc8-9aea-c8b2dd165ca0
2024-04-24T05:13:37,348  INFO [main] lockmgr.DbLockManager: Requesting lock for queryId=alex_20240424051337_9815e3a1-94fe-4fc8-9aea-c8b2dd165ca0
2024-04-24T05:13:37,363  INFO [main] lockmgr.DbLockManager: Response to queryId=alex_20240424051337_9815e3a1-94fe-4fc8-9aea-c8b2dd165ca0 LockResponse(lockid:9, state:ACQUIRED)
2024-04-24T05:13:37,363  INFO [main] ql.Driver: Operation DROPTABLE obtained 1 locks
2024-04-24T05:13:37,363  INFO [main] ql.Driver: Executing command(queryId=alex_20240424051337_9815e3a1-94fe-4fc8-9aea-c8b2dd165ca0): drop table if exists acidTbl
2024-04-24T05:13:37,363  INFO [main] ql.Driver: Starting task [Stage-0:DDL] in serial mode
2024-04-24T05:13:37,363  INFO [main] HiveMetaStore.audit: ugi=alex	ip=unknown-ip-addr	cmd=get_table : tbl=hive.default.acidTbl	
2024-04-24T05:13:37,370  INFO [main] metastore.HMSHandler: Skipping translation for processor with null
2024-04-24T05:13:37,370  INFO [main] HiveMetaStore.audit: ugi=alex	ip=unknown-ip-addr	cmd=get_table : tbl=hive.default.acidTbl	
2024-04-24T05:13:37,376  INFO [main] metastore.HMSHandler: Skipping translation for processor with null
2024-04-24T05:13:37,377  INFO [main] HiveMetaStore.audit: ugi=alex	ip=unknown-ip-addr	cmd=drop_table : tbl=hive.default.acidTbl	
2024-04-24T05:13:37,480  INFO [main] metadata.Hive: Dumping metastore api call timing information for : execution phase
2024-04-24T05:13:37,480  INFO [main] metadata.Hive: Total time spent in each metastore function (ms): {isCompatibleWith_(Configuration)=0, dropTable_(String, String, boolean, boolean, boolean)=109, getTable_(GetTableRequest)=7}
2024-04-24T05:13:37,480  INFO [main] ql.Driver: Completed executing command(queryId=alex_20240424051337_9815e3a1-94fe-4fc8-9aea-c8b2dd165ca0); Time taken: 0.117 seconds
2024-04-24T05:13:37,480  INFO [main] lockmgr.DbTxnManager: Stopped heartbeat for query: alex_20240424051337_9815e3a1-94fe-4fc8-9aea-c8b2dd165ca0
2024-04-24T05:13:37,484  INFO [main] txn.TxnHandler: Expected to move at least one record from txn_components to completed_txn_components when committing txn! txnid:18
2024-04-24T05:13:37,492  INFO [main] txn.TxnHandler: Removed transactions: ([18]) from MIN_HISTORY_LEVEL
2024-04-24T05:13:37,493  WARN [main] txn.CompactionTxnHandler: No compaction queue record found for Compaction type transaction commit. txnId:18
2024-04-24T05:13:37,494  INFO [main] ql.TxnCommandsBaseForTests: Running the query: drop table if exists acidTblPart
2024-04-24T05:13:37,494  INFO [main] ql.Driver: Compiling command(queryId=alex_20240424051337_fec30f33-ad6a-47a4-825d-a8883c0d8e62): drop table if exists acidTblPart
2024-04-24T05:13:37,496  INFO [main] txn.TxnHandler: Added entries to MIN_HISTORY_LEVEL for current txns: ([19]) with min_open_txn: 10
2024-04-24T05:13:37,497  INFO [main] lockmgr.DbTxnManager: Opened txnid:19
2024-04-24T05:13:37,497  INFO [main] HiveMetaStore.audit: ugi=alex	ip=unknown-ip-addr	cmd=get_table : tbl=hive.default.acidTblPart	
2024-04-24T05:13:37,506  INFO [main] metastore.HMSHandler: Skipping translation for processor with null
2024-04-24T05:13:37,506  INFO [main] ql.Driver: Semantic Analysis Completed (retrial = false)
2024-04-24T05:13:37,506  INFO [main] ql.Driver: Created Hive schema: Schema(fieldSchemas:null, properties:null)
2024-04-24T05:13:37,506  INFO [main] metadata.Hive: Dumping metastore api call timing information for : compilation phase
2024-04-24T05:13:37,506  INFO [main] metadata.Hive: Total time spent in each metastore function (ms): {getTable_(GetTableRequest)=9, isCompatibleWith_(Configuration)=0, flushCache_()=0, getValidTxns_(long)=0, commitTxn_(CommitTxnRequest)=14, openTxn_(String, TxnType)=2}
2024-04-24T05:13:37,506  INFO [main] ql.Driver: Completed compiling command(queryId=alex_20240424051337_fec30f33-ad6a-47a4-825d-a8883c0d8e62); Time taken: 0.012 seconds
2024-04-24T05:13:37,506  INFO [main] lockmgr.DbTxnManager: Setting lock request transaction to txnid:19 for queryId=alex_20240424051337_fec30f33-ad6a-47a4-825d-a8883c0d8e62
2024-04-24T05:13:37,507  INFO [main] lockmgr.DbLockManager: Requesting lock for queryId=alex_20240424051337_fec30f33-ad6a-47a4-825d-a8883c0d8e62
2024-04-24T05:13:37,524  INFO [main] lockmgr.DbLockManager: Response to queryId=alex_20240424051337_fec30f33-ad6a-47a4-825d-a8883c0d8e62 LockResponse(lockid:10, state:ACQUIRED)
2024-04-24T05:13:37,524  INFO [main] ql.Driver: Operation DROPTABLE obtained 1 locks
2024-04-24T05:13:37,524  INFO [main] ql.Driver: Executing command(queryId=alex_20240424051337_fec30f33-ad6a-47a4-825d-a8883c0d8e62): drop table if exists acidTblPart
2024-04-24T05:13:37,524  INFO [main] ql.Driver: Starting task [Stage-0:DDL] in serial mode
2024-04-24T05:13:37,524  INFO [main] HiveMetaStore.audit: ugi=alex	ip=unknown-ip-addr	cmd=get_table : tbl=hive.default.acidTblPart	
2024-04-24T05:13:37,531  INFO [main] metastore.HMSHandler: Skipping translation for processor with null
2024-04-24T05:13:37,532  INFO [main] HiveMetaStore.audit: ugi=alex	ip=unknown-ip-addr	cmd=get_table : tbl=hive.default.acidTblPart	
2024-04-24T05:13:37,539  INFO [main] metastore.HMSHandler: Skipping translation for processor with null
2024-04-24T05:13:37,539  INFO [main] HiveMetaStore.audit: ugi=alex	ip=unknown-ip-addr	cmd=drop_table : tbl=hive.default.acidTblPart	
2024-04-24T05:13:37,588  INFO [main] metadata.Hive: Dumping metastore api call timing information for : execution phase
2024-04-24T05:13:37,589  INFO [main] metadata.Hive: Total time spent in each metastore function (ms): {getTable_(GetTableRequest)=7, dropTable_(String, String, boolean, boolean, boolean)=57, isCompatibleWith_(Configuration)=0}
2024-04-24T05:13:37,589  INFO [main] ql.Driver: Completed executing command(queryId=alex_20240424051337_fec30f33-ad6a-47a4-825d-a8883c0d8e62); Time taken: 0.064 seconds
2024-04-24T05:13:37,589  INFO [main] lockmgr.DbTxnManager: Stopped heartbeat for query: alex_20240424051337_fec30f33-ad6a-47a4-825d-a8883c0d8e62
2024-04-24T05:13:37,593  INFO [main] txn.TxnHandler: Expected to move at least one record from txn_components to completed_txn_components when committing txn! txnid:19
2024-04-24T05:13:37,601  INFO [main] txn.TxnHandler: Removed transactions: ([19]) from MIN_HISTORY_LEVEL
2024-04-24T05:13:37,601  WARN [main] txn.CompactionTxnHandler: No compaction queue record found for Compaction type transaction commit. txnId:19
2024-04-24T05:13:37,602  INFO [main] ql.TxnCommandsBaseForTests: Running the query: drop table if exists acidTbl2
2024-04-24T05:13:37,602  INFO [main] ql.Driver: Compiling command(queryId=alex_20240424051337_afdde223-7535-4813-8fb6-7aaa8adb55d3): drop table if exists acidTbl2
2024-04-24T05:13:37,604  INFO [main] txn.TxnHandler: Added entries to MIN_HISTORY_LEVEL for current txns: ([20]) with min_open_txn: 11
2024-04-24T05:13:37,604  INFO [main] lockmgr.DbTxnManager: Opened txnid:20
2024-04-24T05:13:37,605  INFO [main] ql.Driver: Semantic Analysis Completed (retrial = false)
2024-04-24T05:13:37,605  INFO [main] ql.Driver: Created Hive schema: Schema(fieldSchemas:null, properties:null)
2024-04-24T05:13:37,605  INFO [main] metadata.Hive: Dumping metastore api call timing information for : compilation phase
2024-04-24T05:13:37,605  INFO [main] metadata.Hive: Total time spent in each metastore function (ms): {getTable_(GetTableRequest)=0, flushCache_()=0, getValidTxns_(long)=1, isCompatibleWith_(Configuration)=0, commitTxn_(CommitTxnRequest)=12, openTxn_(String, TxnType)=2}
2024-04-24T05:13:37,605  INFO [main] ql.Driver: Completed compiling command(queryId=alex_20240424051337_afdde223-7535-4813-8fb6-7aaa8adb55d3); Time taken: 0.003 seconds
2024-04-24T05:13:37,606  INFO [main] lockmgr.DbTxnManager: Setting lock request transaction to txnid:20 for queryId=alex_20240424051337_afdde223-7535-4813-8fb6-7aaa8adb55d3
2024-04-24T05:13:37,606  INFO [main] ql.Driver: Operation DROPTABLE obtained 0 locks
2024-04-24T05:13:37,606  INFO [main] ql.Driver: Executing command(queryId=alex_20240424051337_afdde223-7535-4813-8fb6-7aaa8adb55d3): drop table if exists acidTbl2
2024-04-24T05:13:37,606  INFO [main] ql.Driver: Starting task [Stage-0:DDL] in serial mode
2024-04-24T05:13:37,606  INFO [main] metadata.SessionHiveMetaStoreClient: Column stats doesn't exist for db=default temp table=acidTbl2
2024-04-24T05:13:37,607  INFO [main] metadata.Hive: Dumping metastore api call timing information for : execution phase
2024-04-24T05:13:37,607  INFO [main] metadata.Hive: Total time spent in each metastore function (ms): {getTable_(GetTableRequest)=0, isCompatibleWith_(Configuration)=0, dropTable_(String, String, boolean, boolean, boolean)=1}
2024-04-24T05:13:37,607  INFO [main] ql.Driver: Completed executing command(queryId=alex_20240424051337_afdde223-7535-4813-8fb6-7aaa8adb55d3); Time taken: 0.001 seconds
2024-04-24T05:13:37,607  INFO [main] lockmgr.DbTxnManager: Stopped heartbeat for query: alex_20240424051337_afdde223-7535-4813-8fb6-7aaa8adb55d3
2024-04-24T05:13:37,613  INFO [main] txn.TxnHandler: Expected to move at least one record from txn_components to completed_txn_components when committing txn! txnid:20
2024-04-24T05:13:37,620  INFO [main] txn.TxnHandler: Removed transactions: ([20]) from MIN_HISTORY_LEVEL
2024-04-24T05:13:37,621  WARN [main] txn.CompactionTxnHandler: No compaction queue record found for Compaction type transaction commit. txnId:20
2024-04-24T05:13:37,621  INFO [main] ql.TxnCommandsBaseForTests: Running the query: drop table if exists nonAcidOrcTbl
2024-04-24T05:13:37,621  INFO [main] ql.Driver: Compiling command(queryId=alex_20240424051337_0d795359-347e-4537-91cc-31ea5520218f): drop table if exists nonAcidOrcTbl
2024-04-24T05:13:37,624  INFO [main] txn.TxnHandler: Added entries to MIN_HISTORY_LEVEL for current txns: ([21]) with min_open_txn: 12
2024-04-24T05:13:37,624  INFO [main] lockmgr.DbTxnManager: Opened txnid:21
2024-04-24T05:13:37,624  INFO [main] HiveMetaStore.audit: ugi=alex	ip=unknown-ip-addr	cmd=get_table : tbl=hive.default.nonAcidOrcTbl	
2024-04-24T05:13:37,649  INFO [main] metastore.HMSHandler: Skipping translation for processor with null
2024-04-24T05:13:37,650  INFO [main] ql.Driver: Semantic Analysis Completed (retrial = false)
2024-04-24T05:13:37,650  INFO [main] ql.Driver: Created Hive schema: Schema(fieldSchemas:null, properties:null)
2024-04-24T05:13:37,650  INFO [main] metadata.Hive: Dumping metastore api call timing information for : compilation phase
2024-04-24T05:13:37,650  INFO [main] metadata.Hive: Total time spent in each metastore function (ms): {commitTxn_(CommitTxnRequest)=14, flushCache_()=0, getValidTxns_(long)=0, openTxn_(String, TxnType)=2, isCompatibleWith_(Configuration)=0, getTable_(GetTableRequest)=26}
2024-04-24T05:13:37,650  INFO [main] ql.Driver: Completed compiling command(queryId=alex_20240424051337_0d795359-347e-4537-91cc-31ea5520218f); Time taken: 0.029 seconds
2024-04-24T05:13:37,650  INFO [main] lockmgr.DbTxnManager: Setting lock request transaction to txnid:21 for queryId=alex_20240424051337_0d795359-347e-4537-91cc-31ea5520218f
2024-04-24T05:13:37,651  INFO [main] lockmgr.DbLockManager: Requesting lock for queryId=alex_20240424051337_0d795359-347e-4537-91cc-31ea5520218f
2024-04-24T05:13:37,667  INFO [main] lockmgr.DbLockManager: Response to queryId=alex_20240424051337_0d795359-347e-4537-91cc-31ea5520218f LockResponse(lockid:11, state:ACQUIRED)
2024-04-24T05:13:37,667  INFO [main] ql.Driver: Operation DROPTABLE obtained 1 locks
2024-04-24T05:13:37,667  INFO [main] ql.Driver: Executing command(queryId=alex_20240424051337_0d795359-347e-4537-91cc-31ea5520218f): drop table if exists nonAcidOrcTbl
2024-04-24T05:13:37,667  INFO [main] ql.Driver: Starting task [Stage-0:DDL] in serial mode
2024-04-24T05:13:37,667  INFO [main] HiveMetaStore.audit: ugi=alex	ip=unknown-ip-addr	cmd=get_table : tbl=hive.default.nonAcidOrcTbl	
2024-04-24T05:13:37,677  INFO [main] metastore.HMSHandler: Skipping translation for processor with null
2024-04-24T05:13:37,677  INFO [main] HiveMetaStore.audit: ugi=alex	ip=unknown-ip-addr	cmd=get_table : tbl=hive.default.nonAcidOrcTbl	
2024-04-24T05:13:37,686  INFO [main] metastore.HMSHandler: Skipping translation for processor with null
2024-04-24T05:13:37,686  INFO [main] HiveMetaStore.audit: ugi=alex	ip=unknown-ip-addr	cmd=drop_table : tbl=hive.default.nonAcidOrcTbl	
2024-04-24T05:13:37,772  INFO [main] metadata.Hive: Dumping metastore api call timing information for : execution phase
2024-04-24T05:13:37,772  INFO [main] metadata.Hive: Total time spent in each metastore function (ms): {dropTable_(String, String, boolean, boolean, boolean)=95, getTable_(GetTableRequest)=10, isCompatibleWith_(Configuration)=0}
2024-04-24T05:13:37,773  INFO [main] ql.Driver: Completed executing command(queryId=alex_20240424051337_0d795359-347e-4537-91cc-31ea5520218f); Time taken: 0.105 seconds
2024-04-24T05:13:37,773  INFO [main] lockmgr.DbTxnManager: Stopped heartbeat for query: alex_20240424051337_0d795359-347e-4537-91cc-31ea5520218f
2024-04-24T05:13:37,778  INFO [main] txn.TxnHandler: Expected to move at least one record from txn_components to completed_txn_components when committing txn! txnid:21
2024-04-24T05:13:37,786  INFO [main] txn.TxnHandler: Removed transactions: ([21]) from MIN_HISTORY_LEVEL
2024-04-24T05:13:37,786  WARN [main] txn.CompactionTxnHandler: No compaction queue record found for Compaction type transaction commit. txnId:21
2024-04-24T05:13:37,787  INFO [main] ql.TxnCommandsBaseForTests: Running the query: drop table if exists nonAcidOrcTbl2
2024-04-24T05:13:37,787  INFO [main] ql.Driver: Compiling command(queryId=alex_20240424051337_496909d7-b906-41d0-bd78-d6076f108f93): drop table if exists nonAcidOrcTbl2
2024-04-24T05:13:37,797  INFO [main] txn.TxnHandler: Added entries to MIN_HISTORY_LEVEL for current txns: ([22]) with min_open_txn: 16
2024-04-24T05:13:37,798  INFO [main] lockmgr.DbTxnManager: Opened txnid:22
2024-04-24T05:13:37,800  INFO [main] HiveMetaStore.audit: ugi=alex	ip=unknown-ip-addr	cmd=get_table : tbl=hive.default.nonAcidOrcTbl2	
2024-04-24T05:13:37,810  INFO [main] metastore.HMSHandler: Skipping translation for processor with null
2024-04-24T05:13:37,810  INFO [main] ql.Driver: Semantic Analysis Completed (retrial = false)
2024-04-24T05:13:37,810  INFO [main] ql.Driver: Created Hive schema: Schema(fieldSchemas:null, properties:null)
2024-04-24T05:13:37,810  INFO [main] metadata.Hive: Dumping metastore api call timing information for : compilation phase
2024-04-24T05:13:37,810  INFO [main] metadata.Hive: Total time spent in each metastore function (ms): {openTxn_(String, TxnType)=11, flushCache_()=0, getValidTxns_(long)=2, commitTxn_(CommitTxnRequest)=13, getTable_(GetTableRequest)=10, isCompatibleWith_(Configuration)=0}
2024-04-24T05:13:37,811  INFO [main] ql.Driver: Completed compiling command(queryId=alex_20240424051337_496909d7-b906-41d0-bd78-d6076f108f93); Time taken: 0.023 seconds
2024-04-24T05:13:37,811  INFO [main] lockmgr.DbTxnManager: Setting lock request transaction to txnid:22 for queryId=alex_20240424051337_496909d7-b906-41d0-bd78-d6076f108f93
2024-04-24T05:13:37,812  INFO [main] lockmgr.DbLockManager: Requesting lock for queryId=alex_20240424051337_496909d7-b906-41d0-bd78-d6076f108f93
2024-04-24T05:13:37,828  INFO [main] lockmgr.DbLockManager: Response to queryId=alex_20240424051337_496909d7-b906-41d0-bd78-d6076f108f93 LockResponse(lockid:12, state:ACQUIRED)
2024-04-24T05:13:37,828  INFO [main] ql.Driver: Operation DROPTABLE obtained 1 locks
2024-04-24T05:13:37,828  INFO [main] ql.Driver: Executing command(queryId=alex_20240424051337_496909d7-b906-41d0-bd78-d6076f108f93): drop table if exists nonAcidOrcTbl2
2024-04-24T05:13:37,828  INFO [main] ql.Driver: Starting task [Stage-0:DDL] in serial mode
2024-04-24T05:13:37,828  INFO [main] HiveMetaStore.audit: ugi=alex	ip=unknown-ip-addr	cmd=get_table : tbl=hive.default.nonAcidOrcTbl2	
2024-04-24T05:13:37,838  INFO [main] metastore.HMSHandler: Skipping translation for processor with null
2024-04-24T05:13:37,838  INFO [main] HiveMetaStore.audit: ugi=alex	ip=unknown-ip-addr	cmd=get_table : tbl=hive.default.nonAcidOrcTbl2	
2024-04-24T05:13:37,848  INFO [main] metastore.HMSHandler: Skipping translation for processor with null
2024-04-24T05:13:37,848  INFO [main] HiveMetaStore.audit: ugi=alex	ip=unknown-ip-addr	cmd=drop_table : tbl=hive.default.nonAcidOrcTbl2	
2024-04-24T05:13:37,884  INFO [main] metadata.Hive: Dumping metastore api call timing information for : execution phase
2024-04-24T05:13:37,884  INFO [main] metadata.Hive: Total time spent in each metastore function (ms): {isCompatibleWith_(Configuration)=0, dropTable_(String, String, boolean, boolean, boolean)=45, getTable_(GetTableRequest)=10}
2024-04-24T05:13:37,884  INFO [main] ql.Driver: Completed executing command(queryId=alex_20240424051337_496909d7-b906-41d0-bd78-d6076f108f93); Time taken: 0.056 seconds
2024-04-24T05:13:37,884  INFO [main] lockmgr.DbTxnManager: Stopped heartbeat for query: alex_20240424051337_496909d7-b906-41d0-bd78-d6076f108f93
2024-04-24T05:13:37,889  INFO [main] txn.TxnHandler: Expected to move at least one record from txn_components to completed_txn_components when committing txn! txnid:22
2024-04-24T05:13:37,896  INFO [main] txn.TxnHandler: Removed transactions: ([22]) from MIN_HISTORY_LEVEL
2024-04-24T05:13:37,896  WARN [main] txn.CompactionTxnHandler: No compaction queue record found for Compaction type transaction commit. txnId:22
2024-04-24T05:13:37,897  INFO [main] ql.TxnCommandsBaseForTests: Running the query: drop table if exists nonAcidNonBucket
2024-04-24T05:13:37,897  INFO [main] ql.Driver: Compiling command(queryId=alex_20240424051337_cc916005-5a81-4115-92b4-647c34851360): drop table if exists nonAcidNonBucket
2024-04-24T05:13:37,899  INFO [main] txn.TxnHandler: Added entries to MIN_HISTORY_LEVEL for current txns: ([23]) with min_open_txn: 18
2024-04-24T05:13:37,900  INFO [main] lockmgr.DbTxnManager: Opened txnid:23
2024-04-24T05:13:37,900  INFO [main] HiveMetaStore.audit: ugi=alex	ip=unknown-ip-addr	cmd=get_table : tbl=hive.default.nonAcidNonBucket	
2024-04-24T05:13:37,910  INFO [main] metastore.HMSHandler: Skipping translation for processor with null
2024-04-24T05:13:37,910  INFO [main] ql.Driver: Semantic Analysis Completed (retrial = false)
2024-04-24T05:13:37,910  INFO [main] ql.Driver: Created Hive schema: Schema(fieldSchemas:null, properties:null)
2024-04-24T05:13:37,910  INFO [main] metadata.Hive: Dumping metastore api call timing information for : compilation phase
2024-04-24T05:13:37,910  INFO [main] metadata.Hive: Total time spent in each metastore function (ms): {getTable_(GetTableRequest)=10, flushCache_()=0, getValidTxns_(long)=0, openTxn_(String, TxnType)=3, commitTxn_(CommitTxnRequest)=12, isCompatibleWith_(Configuration)=0}
2024-04-24T05:13:37,910  INFO [main] ql.Driver: Completed compiling command(queryId=alex_20240424051337_cc916005-5a81-4115-92b4-647c34851360); Time taken: 0.013 seconds
2024-04-24T05:13:37,910  INFO [main] lockmgr.DbTxnManager: Setting lock request transaction to txnid:23 for queryId=alex_20240424051337_cc916005-5a81-4115-92b4-647c34851360
2024-04-24T05:13:37,911  INFO [main] lockmgr.DbLockManager: Requesting lock for queryId=alex_20240424051337_cc916005-5a81-4115-92b4-647c34851360
2024-04-24T05:13:38,123  INFO [main] lockmgr.DbLockManager: Response to queryId=alex_20240424051337_cc916005-5a81-4115-92b4-647c34851360 LockResponse(lockid:13, state:ACQUIRED)
2024-04-24T05:13:38,123  INFO [main] ql.Driver: Operation DROPTABLE obtained 1 locks
2024-04-24T05:13:38,123  INFO [main] ql.Driver: Executing command(queryId=alex_20240424051337_cc916005-5a81-4115-92b4-647c34851360): drop table if exists nonAcidNonBucket
2024-04-24T05:13:38,123  INFO [main] ql.Driver: Starting task [Stage-0:DDL] in serial mode
2024-04-24T05:13:38,123  INFO [main] HiveMetaStore.audit: ugi=alex	ip=unknown-ip-addr	cmd=get_table : tbl=hive.default.nonAcidNonBucket	
2024-04-24T05:13:38,133  INFO [main] metastore.HMSHandler: Skipping translation for processor with null
2024-04-24T05:13:38,133  INFO [main] HiveMetaStore.audit: ugi=alex	ip=unknown-ip-addr	cmd=get_table : tbl=hive.default.nonAcidNonBucket	
2024-04-24T05:13:38,142  INFO [main] metastore.HMSHandler: Skipping translation for processor with null
2024-04-24T05:13:38,143  INFO [main] HiveMetaStore.audit: ugi=alex	ip=unknown-ip-addr	cmd=drop_table : tbl=hive.default.nonAcidNonBucket	
2024-04-24T05:13:38,178  INFO [main] metadata.Hive: Dumping metastore api call timing information for : execution phase
2024-04-24T05:13:38,178  INFO [main] metadata.Hive: Total time spent in each metastore function (ms): {isCompatibleWith_(Configuration)=0, dropTable_(String, String, boolean, boolean, boolean)=45, getTable_(GetTableRequest)=10}
2024-04-24T05:13:38,179  INFO [main] ql.Driver: Completed executing command(queryId=alex_20240424051337_cc916005-5a81-4115-92b4-647c34851360); Time taken: 0.055 seconds
2024-04-24T05:13:38,179  INFO [main] lockmgr.DbTxnManager: Stopped heartbeat for query: alex_20240424051337_cc916005-5a81-4115-92b4-647c34851360
2024-04-24T05:13:38,183  INFO [main] txn.TxnHandler: Expected to move at least one record from txn_components to completed_txn_components when committing txn! txnid:23
2024-04-24T05:13:38,189  INFO [main] txn.TxnHandler: Removed transactions: ([23]) from MIN_HISTORY_LEVEL
2024-04-24T05:13:38,190  WARN [main] txn.CompactionTxnHandler: No compaction queue record found for Compaction type transaction commit. txnId:23
2024-04-24T05:13:38,190  INFO [main] utils.TestTxnDbUtil: Cleaning transactional tables
]]></system-err>
  </testcase>
  <testcase name="testParallelTruncateAnalyzeStats" classname="org.apache.hadoop.hive.ql.TestTxnCommandsWithSplitUpdateAndVectorization" time="7.814"/>
  <testcase name="testMergeCardinalityViolation" classname="org.apache.hadoop.hive.ql.TestTxnCommandsWithSplitUpdateAndVectorization" time="6.997"/>
  <testcase name="testUpdateOfInserts" classname="org.apache.hadoop.hive.ql.TestTxnCommandsWithSplitUpdateAndVectorization" time="7.59">
    <error type="java.lang.RuntimeException"><![CDATA[java.lang.RuntimeException: update acidTbl set b = 1 where b != 1 failed: (responseCode = 40000, errorMessage = FAILED: NoMatchingMethodException No matching method for class org.apache.hadoop.hive.ql.udf.UDFToInteger with (struct<writeid:bigint,bucketid:int,rowid:bigint>). Possible choices: _FUNC_(bigint)  _FUNC_(boolean)  _FUNC_(decimal(38,18))  _FUNC_(double)  _FUNC_(float)  _FUNC_(smallint)  _FUNC_(string)  _FUNC_(struct<writeid:bigint,rowid:int,bucketid:bigint>)  _FUNC_(timestamp)  _FUNC_(tinyint)  _FUNC_(void)  , hiveErrorCode = 40000, SQLState = 42000, exception = No matching method for class org.apache.hadoop.hive.ql.udf.UDFToInteger with (struct<writeid:bigint,bucketid:int,rowid:bigint>). Possible choices: _FUNC_(bigint)  _FUNC_(boolean)  _FUNC_(decimal(38,18))  _FUNC_(double)  _FUNC_(float)  _FUNC_(smallint)  _FUNC_(string)  _FUNC_(struct<writeid:bigint,rowid:int,bucketid:bigint>)  _FUNC_(timestamp)  _FUNC_(tinyint)  _FUNC_(void)  )
	at org.apache.hadoop.hive.ql.TxnCommandsBaseForTests.runStatementOnDriver(TxnCommandsBaseForTests.java:247)
	at org.apache.hadoop.hive.ql.TestTxnCommands.testUpdateOfInserts(TestTxnCommands.java:862)
	at sun.reflect.NativeMethodAccessorImpl.invoke0(Native Method)
	at sun.reflect.NativeMethodAccessorImpl.invoke(NativeMethodAccessorImpl.java:62)
	at sun.reflect.DelegatingMethodAccessorImpl.invoke(DelegatingMethodAccessorImpl.java:43)
	at java.lang.reflect.Method.invoke(Method.java:498)
	at org.junit.runners.model.FrameworkMethod$1.runReflectiveCall(FrameworkMethod.java:59)
	at org.junit.internal.runners.model.ReflectiveCallable.run(ReflectiveCallable.java:12)
	at org.junit.runners.model.FrameworkMethod.invokeExplosively(FrameworkMethod.java:56)
	at org.junit.internal.runners.statements.InvokeMethod.evaluate(InvokeMethod.java:17)
	at org.junit.internal.runners.statements.RunBefores.evaluate(RunBefores.java:26)
	at org.junit.internal.runners.statements.RunAfters.evaluate(RunAfters.java:27)
	at org.junit.rules.TestWatcher$1.evaluate(TestWatcher.java:61)
	at org.junit.runners.ParentRunner$3.evaluate(ParentRunner.java:306)
	at org.junit.runners.BlockJUnit4ClassRunner$1.evaluate(BlockJUnit4ClassRunner.java:100)
	at org.junit.runners.ParentRunner.runLeaf(ParentRunner.java:366)
	at org.junit.runners.BlockJUnit4ClassRunner.runChild(BlockJUnit4ClassRunner.java:103)
	at org.junit.runners.BlockJUnit4ClassRunner.runChild(BlockJUnit4ClassRunner.java:63)
	at org.junit.runners.ParentRunner$4.run(ParentRunner.java:331)
	at org.junit.runners.ParentRunner$1.schedule(ParentRunner.java:79)
	at org.junit.runners.ParentRunner.runChildren(ParentRunner.java:329)
	at org.junit.runners.ParentRunner.access$100(ParentRunner.java:66)
	at org.junit.runners.ParentRunner$2.evaluate(ParentRunner.java:293)
	at org.junit.runners.ParentRunner$3.evaluate(ParentRunner.java:306)
	at org.junit.runners.ParentRunner.run(ParentRunner.java:413)
	at org.junit.runner.JUnitCore.run(JUnitCore.java:137)
	at org.junit.runner.JUnitCore.run(JUnitCore.java:115)
	at org.junit.vintage.engine.execution.RunnerExecutor.execute(RunnerExecutor.java:43)
	at java.util.stream.ForEachOps$ForEachOp$OfRef.accept(ForEachOps.java:183)
	at java.util.stream.ReferencePipeline$3$1.accept(ReferencePipeline.java:193)
	at java.util.Iterator.forEachRemaining(Iterator.java:116)
	at java.util.Spliterators$IteratorSpliterator.forEachRemaining(Spliterators.java:1801)
	at java.util.stream.AbstractPipeline.copyInto(AbstractPipeline.java:482)
	at java.util.stream.AbstractPipeline.wrapAndCopyInto(AbstractPipeline.java:472)
	at java.util.stream.ForEachOps$ForEachOp.evaluateSequential(ForEachOps.java:150)
	at java.util.stream.ForEachOps$ForEachOp$OfRef.evaluateSequential(ForEachOps.java:173)
	at java.util.stream.AbstractPipeline.evaluate(AbstractPipeline.java:234)
	at java.util.stream.ReferencePipeline.forEach(ReferencePipeline.java:485)
	at org.junit.vintage.engine.VintageTestEngine.executeAllChildren(VintageTestEngine.java:82)
	at org.junit.vintage.engine.VintageTestEngine.execute(VintageTestEngine.java:73)
	at org.junit.platform.launcher.core.DefaultLauncher.execute(DefaultLauncher.java:248)
	at org.junit.platform.launcher.core.DefaultLauncher.lambda$execute$5(DefaultLauncher.java:211)
	at org.junit.platform.launcher.core.DefaultLauncher.withInterceptedStreams(DefaultLauncher.java:226)
	at org.junit.platform.launcher.core.DefaultLauncher.execute(DefaultLauncher.java:199)
	at org.junit.platform.launcher.core.DefaultLauncher.execute(DefaultLauncher.java:132)
	at org.apache.maven.surefire.junitplatform.JUnitPlatformProvider.invokeAllTests(JUnitPlatformProvider.java:154)
	at org.apache.maven.surefire.junitplatform.JUnitPlatformProvider.invoke(JUnitPlatformProvider.java:123)
	at org.apache.maven.surefire.booter.ForkedBooter.runSuitesInProcess(ForkedBooter.java:377)
	at org.apache.maven.surefire.booter.ForkedBooter.execute(ForkedBooter.java:138)
	at org.apache.maven.surefire.booter.ForkedBooter.run(ForkedBooter.java:465)
	at org.apache.maven.surefire.booter.ForkedBooter.main(ForkedBooter.java:451)
]]></error>
    <system-err><![CDATA[2024-04-24T05:13:53,065  WARN [main] conf.HiveConf: HiveConf of name hive.metastore.client.cache.maxSize does not exist
2024-04-24T05:13:53,065  WARN [main] conf.HiveConf: HiveConf of name hive.llap.io.cache.orc.size does not exist
2024-04-24T05:13:53,065  WARN [main] conf.HiveConf: HiveConf of name hive.llap.io.cache.orc.arena.size does not exist
2024-04-24T05:13:53,066  WARN [main] conf.HiveConf: HiveConf of name hive.metastore.metadb.dir does not exist
2024-04-24T05:13:53,066  WARN [main] conf.HiveConf: HiveConf of name hive.llap.io.cache.orc.alloc.max does not exist
2024-04-24T05:13:53,066  WARN [main] conf.HiveConf: HiveConf of name hive.metastore.client.cache.recordStats does not exist
2024-04-24T05:13:53,066  WARN [main] conf.HiveConf: HiveConf of name hive.dummyparam.test.server.specific.config.hivesite does not exist
2024-04-24T05:13:53,066  WARN [main] conf.HiveConf: HiveConf of name hive.dummyparam.test.server.specific.config.override does not exist
2024-04-24T05:13:53,066  WARN [main] conf.HiveConf: HiveConf of name hive.stats.key.prefix.reserve.length does not exist
2024-04-24T05:13:53,066  WARN [main] conf.HiveConf: HiveConf of name hive.dummyparam.test.server.specific.config.metastoresite does not exist
2024-04-24T05:13:53,066  WARN [main] conf.HiveConf: HiveConf of name hive.llap.io.cache.orc.alloc.min does not exist
2024-04-24T05:13:53,068  INFO [main] utils.TestTxnDbUtil: Creating transactional tables
Hive Session ID = 92789b59-ad09-4340-8b13-c120265b9798
2024-04-24T05:13:53,070  INFO [main] SessionState: Hive Session ID = 92789b59-ad09-4340-8b13-c120265b9798
ivysettings.xml file not found in HIVE_HOME or HIVE_CONF_DIR,/home/alex/Repositories/hive/conf/ivysettings.xml will be used
2024-04-24T05:13:53,071  INFO [main] DependencyResolver: ivysettings.xml file not found in HIVE_HOME or HIVE_CONF_DIR,/home/alex/Repositories/hive/conf/ivysettings.xml will be used
2024-04-24T05:13:53,076  INFO [main] session.SessionState: Created HDFS directory: /home/alex/Repositories/hive/ql/target/tmp/scratchdir/alex/92789b59-ad09-4340-8b13-c120265b9798
2024-04-24T05:13:53,079  INFO [main] session.SessionState: Created local directory: /home/alex/Repositories/hive/ql/target/tmp/localscratchdir/92789b59-ad09-4340-8b13-c120265b9798
2024-04-24T05:13:53,081  INFO [main] session.SessionState: Created HDFS directory: /home/alex/Repositories/hive/ql/target/tmp/scratchdir/alex/92789b59-ad09-4340-8b13-c120265b9798/_tmp_space.db
2024-04-24T05:13:53,081  INFO [main] sqlstd.SQLStdHiveAccessController: Created SQLStdHiveAccessController for session context : HiveAuthzSessionContext [sessionString=92789b59-ad09-4340-8b13-c120265b9798, clientType=HIVECLI]
2024-04-24T05:13:53,081  INFO [main] ql.TxnCommandsBaseForTests: Running the query: drop table if exists acidTbl
2024-04-24T05:13:53,082  INFO [main] ql.Driver: Compiling command(queryId=alex_20240424051353_14559991-bbe3-402c-b558-406148915c5b): drop table if exists acidTbl
2024-04-24T05:13:53,089  INFO [main] txn.TxnHandler: Added entries to MIN_HISTORY_LEVEL for current txns: ([1]) with min_open_txn: 1
2024-04-24T05:13:53,089  INFO [main] lockmgr.DbTxnManager: Opened txnid:1
2024-04-24T05:13:53,091  INFO [main] HiveMetaStore.audit: ugi=alex	ip=unknown-ip-addr	cmd=get_table : tbl=hive.default.acidTbl	
2024-04-24T05:13:53,095  INFO [main] ql.Driver: Semantic Analysis Completed (retrial = false)
2024-04-24T05:13:53,095  INFO [main] ql.Driver: Created Hive schema: Schema(fieldSchemas:null, properties:null)
2024-04-24T05:13:53,095  INFO [main] metadata.Hive: Dumping metastore api call timing information for : compilation phase
2024-04-24T05:13:53,095  INFO [main] metadata.Hive: Total time spent in each metastore function (ms): {flushCache_()=0, isCompatibleWith_(Configuration)=1, commitTxn_(CommitTxnRequest)=8, getValidTxns_(long)=2, openTxn_(String, TxnType)=7}
2024-04-24T05:13:53,095  INFO [main] ql.Driver: Completed compiling command(queryId=alex_20240424051353_14559991-bbe3-402c-b558-406148915c5b); Time taken: 0.013 seconds
2024-04-24T05:13:53,095  INFO [main] lockmgr.DbTxnManager: Setting lock request transaction to txnid:1 for queryId=alex_20240424051353_14559991-bbe3-402c-b558-406148915c5b
2024-04-24T05:13:53,095  INFO [main] ql.Driver: Operation DROPTABLE obtained 0 locks
2024-04-24T05:13:53,095  INFO [main] ql.Driver: Executing command(queryId=alex_20240424051353_14559991-bbe3-402c-b558-406148915c5b): drop table if exists acidTbl
2024-04-24T05:13:53,096  INFO [main] ql.Driver: Starting task [Stage-0:DDL] in serial mode
2024-04-24T05:13:53,096  INFO [main] HiveMetaStore.audit: ugi=alex	ip=unknown-ip-addr	cmd=get_table : tbl=hive.default.acidTbl	
2024-04-24T05:13:53,099  INFO [main] metadata.Hive: Dumping metastore api call timing information for : execution phase
2024-04-24T05:13:53,099  INFO [main] metadata.Hive: Total time spent in each metastore function (ms): {isCompatibleWith_(Configuration)=0}
2024-04-24T05:13:53,099  INFO [main] ql.Driver: Completed executing command(queryId=alex_20240424051353_14559991-bbe3-402c-b558-406148915c5b); Time taken: 0.004 seconds
2024-04-24T05:13:53,099  INFO [main] lockmgr.DbTxnManager: Stopped heartbeat for query: alex_20240424051353_14559991-bbe3-402c-b558-406148915c5b
2024-04-24T05:13:53,104  INFO [main] txn.TxnHandler: Expected to move at least one record from txn_components to completed_txn_components when committing txn! txnid:1
2024-04-24T05:13:53,110  INFO [main] txn.TxnHandler: Removed transactions: ([1]) from MIN_HISTORY_LEVEL
2024-04-24T05:13:53,110  WARN [main] txn.CompactionTxnHandler: No compaction queue record found for Compaction type transaction commit. txnId:1
2024-04-24T05:13:53,111  INFO [main] ql.TxnCommandsBaseForTests: Running the query: drop table if exists acidTblPart
2024-04-24T05:13:53,111  INFO [main] ql.Driver: Compiling command(queryId=alex_20240424051353_8dd235c1-8a9c-45bd-b419-b160d314f728): drop table if exists acidTblPart
2024-04-24T05:13:53,113  INFO [main] txn.TxnHandler: Added entries to MIN_HISTORY_LEVEL for current txns: ([2]) with min_open_txn: 1
2024-04-24T05:13:53,113  INFO [main] lockmgr.DbTxnManager: Opened txnid:2
2024-04-24T05:13:53,114  INFO [main] HiveMetaStore.audit: ugi=alex	ip=unknown-ip-addr	cmd=get_table : tbl=hive.default.acidTblPart	
2024-04-24T05:13:53,117  INFO [main] ql.Driver: Semantic Analysis Completed (retrial = false)
2024-04-24T05:13:53,117  INFO [main] ql.Driver: Created Hive schema: Schema(fieldSchemas:null, properties:null)
2024-04-24T05:13:53,117  INFO [main] metadata.Hive: Dumping metastore api call timing information for : compilation phase
2024-04-24T05:13:53,117  INFO [main] metadata.Hive: Total time spent in each metastore function (ms): {openTxn_(String, TxnType)=2, getValidTxns_(long)=1, commitTxn_(CommitTxnRequest)=12, flushCache_()=0, isCompatibleWith_(Configuration)=0}
2024-04-24T05:13:53,117  INFO [main] ql.Driver: Completed compiling command(queryId=alex_20240424051353_8dd235c1-8a9c-45bd-b419-b160d314f728); Time taken: 0.006 seconds
2024-04-24T05:13:53,117  INFO [main] lockmgr.DbTxnManager: Setting lock request transaction to txnid:2 for queryId=alex_20240424051353_8dd235c1-8a9c-45bd-b419-b160d314f728
2024-04-24T05:13:53,117  INFO [main] ql.Driver: Operation DROPTABLE obtained 0 locks
2024-04-24T05:13:53,117  INFO [main] ql.Driver: Executing command(queryId=alex_20240424051353_8dd235c1-8a9c-45bd-b419-b160d314f728): drop table if exists acidTblPart
2024-04-24T05:13:53,118  INFO [main] ql.Driver: Starting task [Stage-0:DDL] in serial mode
2024-04-24T05:13:53,118  INFO [main] HiveMetaStore.audit: ugi=alex	ip=unknown-ip-addr	cmd=get_table : tbl=hive.default.acidTblPart	
2024-04-24T05:13:53,121  INFO [main] metadata.Hive: Dumping metastore api call timing information for : execution phase
2024-04-24T05:13:53,121  INFO [main] metadata.Hive: Total time spent in each metastore function (ms): {isCompatibleWith_(Configuration)=0}
2024-04-24T05:13:53,121  INFO [main] ql.Driver: Completed executing command(queryId=alex_20240424051353_8dd235c1-8a9c-45bd-b419-b160d314f728); Time taken: 0.004 seconds
2024-04-24T05:13:53,121  INFO [main] lockmgr.DbTxnManager: Stopped heartbeat for query: alex_20240424051353_8dd235c1-8a9c-45bd-b419-b160d314f728
2024-04-24T05:13:53,126  INFO [main] txn.TxnHandler: Expected to move at least one record from txn_components to completed_txn_components when committing txn! txnid:2
2024-04-24T05:13:53,133  INFO [main] txn.TxnHandler: Removed transactions: ([2]) from MIN_HISTORY_LEVEL
2024-04-24T05:13:53,133  WARN [main] txn.CompactionTxnHandler: No compaction queue record found for Compaction type transaction commit. txnId:2
2024-04-24T05:13:53,134  INFO [main] ql.TxnCommandsBaseForTests: Running the query: drop table if exists acidTbl2
2024-04-24T05:13:53,134  INFO [main] ql.Driver: Compiling command(queryId=alex_20240424051353_25590d98-6d0a-467a-be30-e7a0db64ae1d): drop table if exists acidTbl2
2024-04-24T05:13:53,136  INFO [main] txn.TxnHandler: Added entries to MIN_HISTORY_LEVEL for current txns: ([3]) with min_open_txn: 1
2024-04-24T05:13:53,136  INFO [main] lockmgr.DbTxnManager: Opened txnid:3
2024-04-24T05:13:53,137  INFO [main] HiveMetaStore.audit: ugi=alex	ip=unknown-ip-addr	cmd=get_table : tbl=hive.default.acidTbl2	
2024-04-24T05:13:53,140  INFO [main] ql.Driver: Semantic Analysis Completed (retrial = false)
2024-04-24T05:13:53,140  INFO [main] ql.Driver: Created Hive schema: Schema(fieldSchemas:null, properties:null)
2024-04-24T05:13:53,140  INFO [main] metadata.Hive: Dumping metastore api call timing information for : compilation phase
2024-04-24T05:13:53,140  INFO [main] metadata.Hive: Total time spent in each metastore function (ms): {getValidTxns_(long)=1, flushCache_()=0, isCompatibleWith_(Configuration)=0, commitTxn_(CommitTxnRequest)=12, openTxn_(String, TxnType)=2}
2024-04-24T05:13:53,141  INFO [main] ql.Driver: Completed compiling command(queryId=alex_20240424051353_25590d98-6d0a-467a-be30-e7a0db64ae1d); Time taken: 0.006 seconds
2024-04-24T05:13:53,141  INFO [main] lockmgr.DbTxnManager: Setting lock request transaction to txnid:3 for queryId=alex_20240424051353_25590d98-6d0a-467a-be30-e7a0db64ae1d
2024-04-24T05:13:53,141  INFO [main] ql.Driver: Operation DROPTABLE obtained 0 locks
2024-04-24T05:13:53,141  INFO [main] ql.Driver: Executing command(queryId=alex_20240424051353_25590d98-6d0a-467a-be30-e7a0db64ae1d): drop table if exists acidTbl2
2024-04-24T05:13:53,141  INFO [main] ql.Driver: Starting task [Stage-0:DDL] in serial mode
2024-04-24T05:13:53,141  INFO [main] HiveMetaStore.audit: ugi=alex	ip=unknown-ip-addr	cmd=get_table : tbl=hive.default.acidTbl2	
2024-04-24T05:13:53,145  INFO [main] metadata.Hive: Dumping metastore api call timing information for : execution phase
2024-04-24T05:13:53,145  INFO [main] metadata.Hive: Total time spent in each metastore function (ms): {isCompatibleWith_(Configuration)=0}
2024-04-24T05:13:53,145  INFO [main] ql.Driver: Completed executing command(queryId=alex_20240424051353_25590d98-6d0a-467a-be30-e7a0db64ae1d); Time taken: 0.004 seconds
2024-04-24T05:13:53,145  INFO [main] lockmgr.DbTxnManager: Stopped heartbeat for query: alex_20240424051353_25590d98-6d0a-467a-be30-e7a0db64ae1d
2024-04-24T05:13:53,150  INFO [main] txn.TxnHandler: Expected to move at least one record from txn_components to completed_txn_components when committing txn! txnid:3
2024-04-24T05:13:53,156  INFO [main] txn.TxnHandler: Removed transactions: ([3]) from MIN_HISTORY_LEVEL
2024-04-24T05:13:53,156  WARN [main] txn.CompactionTxnHandler: No compaction queue record found for Compaction type transaction commit. txnId:3
2024-04-24T05:13:53,157  INFO [main] ql.TxnCommandsBaseForTests: Running the query: drop table if exists nonAcidOrcTbl
2024-04-24T05:13:53,157  INFO [main] ql.Driver: Compiling command(queryId=alex_20240424051353_7ee2b028-0f08-46e0-b778-5b54709aaac5): drop table if exists nonAcidOrcTbl
2024-04-24T05:13:53,159  INFO [main] txn.TxnHandler: Added entries to MIN_HISTORY_LEVEL for current txns: ([4]) with min_open_txn: 1
2024-04-24T05:13:53,160  INFO [main] lockmgr.DbTxnManager: Opened txnid:4
2024-04-24T05:13:53,160  INFO [main] HiveMetaStore.audit: ugi=alex	ip=unknown-ip-addr	cmd=get_table : tbl=hive.default.nonAcidOrcTbl	
2024-04-24T05:13:53,163  INFO [main] ql.Driver: Semantic Analysis Completed (retrial = false)
2024-04-24T05:13:53,163  INFO [main] ql.Driver: Created Hive schema: Schema(fieldSchemas:null, properties:null)
2024-04-24T05:13:53,163  INFO [main] metadata.Hive: Dumping metastore api call timing information for : compilation phase
2024-04-24T05:13:53,164  INFO [main] metadata.Hive: Total time spent in each metastore function (ms): {isCompatibleWith_(Configuration)=0, commitTxn_(CommitTxnRequest)=12, getValidTxns_(long)=0, openTxn_(String, TxnType)=1, flushCache_()=0}
2024-04-24T05:13:53,164  INFO [main] ql.Driver: Completed compiling command(queryId=alex_20240424051353_7ee2b028-0f08-46e0-b778-5b54709aaac5); Time taken: 0.006 seconds
2024-04-24T05:13:53,164  INFO [main] lockmgr.DbTxnManager: Setting lock request transaction to txnid:4 for queryId=alex_20240424051353_7ee2b028-0f08-46e0-b778-5b54709aaac5
2024-04-24T05:13:53,164  INFO [main] ql.Driver: Operation DROPTABLE obtained 0 locks
2024-04-24T05:13:53,164  INFO [main] ql.Driver: Executing command(queryId=alex_20240424051353_7ee2b028-0f08-46e0-b778-5b54709aaac5): drop table if exists nonAcidOrcTbl
2024-04-24T05:13:53,164  INFO [main] ql.Driver: Starting task [Stage-0:DDL] in serial mode
2024-04-24T05:13:53,164  INFO [main] HiveMetaStore.audit: ugi=alex	ip=unknown-ip-addr	cmd=get_table : tbl=hive.default.nonAcidOrcTbl	
2024-04-24T05:13:53,168  INFO [main] metadata.Hive: Dumping metastore api call timing information for : execution phase
2024-04-24T05:13:53,168  INFO [main] metadata.Hive: Total time spent in each metastore function (ms): {isCompatibleWith_(Configuration)=0}
2024-04-24T05:13:53,168  INFO [main] ql.Driver: Completed executing command(queryId=alex_20240424051353_7ee2b028-0f08-46e0-b778-5b54709aaac5); Time taken: 0.004 seconds
2024-04-24T05:13:53,168  INFO [main] lockmgr.DbTxnManager: Stopped heartbeat for query: alex_20240424051353_7ee2b028-0f08-46e0-b778-5b54709aaac5
2024-04-24T05:13:53,173  INFO [main] txn.TxnHandler: Expected to move at least one record from txn_components to completed_txn_components when committing txn! txnid:4
2024-04-24T05:13:53,179  INFO [main] txn.TxnHandler: Removed transactions: ([4]) from MIN_HISTORY_LEVEL
2024-04-24T05:13:53,179  WARN [main] txn.CompactionTxnHandler: No compaction queue record found for Compaction type transaction commit. txnId:4
2024-04-24T05:13:53,179  INFO [main] ql.TxnCommandsBaseForTests: Running the query: drop table if exists nonAcidOrcTbl2
2024-04-24T05:13:53,180  INFO [main] ql.Driver: Compiling command(queryId=alex_20240424051353_f5f17d87-1607-4246-97e9-8f5947495744): drop table if exists nonAcidOrcTbl2
2024-04-24T05:13:53,182  INFO [main] txn.TxnHandler: Added entries to MIN_HISTORY_LEVEL for current txns: ([5]) with min_open_txn: 1
2024-04-24T05:13:53,182  INFO [main] lockmgr.DbTxnManager: Opened txnid:5
2024-04-24T05:13:53,183  INFO [main] HiveMetaStore.audit: ugi=alex	ip=unknown-ip-addr	cmd=get_table : tbl=hive.default.nonAcidOrcTbl2	
2024-04-24T05:13:53,186  INFO [main] ql.Driver: Semantic Analysis Completed (retrial = false)
2024-04-24T05:13:53,186  INFO [main] ql.Driver: Created Hive schema: Schema(fieldSchemas:null, properties:null)
2024-04-24T05:13:53,186  INFO [main] metadata.Hive: Dumping metastore api call timing information for : compilation phase
2024-04-24T05:13:53,186  INFO [main] metadata.Hive: Total time spent in each metastore function (ms): {commitTxn_(CommitTxnRequest)=11, getValidTxns_(long)=0, openTxn_(String, TxnType)=2, flushCache_()=0, isCompatibleWith_(Configuration)=0}
2024-04-24T05:13:53,186  INFO [main] ql.Driver: Completed compiling command(queryId=alex_20240424051353_f5f17d87-1607-4246-97e9-8f5947495744); Time taken: 0.006 seconds
2024-04-24T05:13:53,186  INFO [main] lockmgr.DbTxnManager: Setting lock request transaction to txnid:5 for queryId=alex_20240424051353_f5f17d87-1607-4246-97e9-8f5947495744
2024-04-24T05:13:53,186  INFO [main] ql.Driver: Operation DROPTABLE obtained 0 locks
2024-04-24T05:13:53,186  INFO [main] ql.Driver: Executing command(queryId=alex_20240424051353_f5f17d87-1607-4246-97e9-8f5947495744): drop table if exists nonAcidOrcTbl2
2024-04-24T05:13:53,186  INFO [main] ql.Driver: Starting task [Stage-0:DDL] in serial mode
2024-04-24T05:13:53,187  INFO [main] HiveMetaStore.audit: ugi=alex	ip=unknown-ip-addr	cmd=get_table : tbl=hive.default.nonAcidOrcTbl2	
2024-04-24T05:13:53,190  INFO [main] metadata.Hive: Dumping metastore api call timing information for : execution phase
2024-04-24T05:13:53,190  INFO [main] metadata.Hive: Total time spent in each metastore function (ms): {isCompatibleWith_(Configuration)=0}
2024-04-24T05:13:53,190  INFO [main] ql.Driver: Completed executing command(queryId=alex_20240424051353_f5f17d87-1607-4246-97e9-8f5947495744); Time taken: 0.004 seconds
2024-04-24T05:13:53,190  INFO [main] lockmgr.DbTxnManager: Stopped heartbeat for query: alex_20240424051353_f5f17d87-1607-4246-97e9-8f5947495744
2024-04-24T05:13:53,195  INFO [main] txn.TxnHandler: Expected to move at least one record from txn_components to completed_txn_components when committing txn! txnid:5
2024-04-24T05:13:53,200  INFO [main] txn.TxnHandler: Removed transactions: ([5]) from MIN_HISTORY_LEVEL
2024-04-24T05:13:53,200  WARN [main] txn.CompactionTxnHandler: No compaction queue record found for Compaction type transaction commit. txnId:5
2024-04-24T05:13:53,201  INFO [main] ql.TxnCommandsBaseForTests: Running the query: drop table if exists nonAcidNonBucket
2024-04-24T05:13:53,201  INFO [main] ql.Driver: Compiling command(queryId=alex_20240424051353_e4486f2d-d41e-4edd-80ac-d6912d6b5e3b): drop table if exists nonAcidNonBucket
2024-04-24T05:13:53,203  INFO [main] txn.TxnHandler: Added entries to MIN_HISTORY_LEVEL for current txns: ([6]) with min_open_txn: 1
2024-04-24T05:13:53,203  INFO [main] lockmgr.DbTxnManager: Opened txnid:6
2024-04-24T05:13:53,204  INFO [main] HiveMetaStore.audit: ugi=alex	ip=unknown-ip-addr	cmd=get_table : tbl=hive.default.nonAcidNonBucket	
2024-04-24T05:13:53,207  INFO [main] ql.Driver: Semantic Analysis Completed (retrial = false)
2024-04-24T05:13:53,207  INFO [main] ql.Driver: Created Hive schema: Schema(fieldSchemas:null, properties:null)
2024-04-24T05:13:53,207  INFO [main] metadata.Hive: Dumping metastore api call timing information for : compilation phase
2024-04-24T05:13:53,207  INFO [main] metadata.Hive: Total time spent in each metastore function (ms): {isCompatibleWith_(Configuration)=0, getValidTxns_(long)=1, openTxn_(String, TxnType)=2, flushCache_()=0, commitTxn_(CommitTxnRequest)=10}
2024-04-24T05:13:53,207  INFO [main] ql.Driver: Completed compiling command(queryId=alex_20240424051353_e4486f2d-d41e-4edd-80ac-d6912d6b5e3b); Time taken: 0.006 seconds
2024-04-24T05:13:53,207  INFO [main] lockmgr.DbTxnManager: Setting lock request transaction to txnid:6 for queryId=alex_20240424051353_e4486f2d-d41e-4edd-80ac-d6912d6b5e3b
2024-04-24T05:13:53,207  INFO [main] ql.Driver: Operation DROPTABLE obtained 0 locks
2024-04-24T05:13:53,207  INFO [main] ql.Driver: Executing command(queryId=alex_20240424051353_e4486f2d-d41e-4edd-80ac-d6912d6b5e3b): drop table if exists nonAcidNonBucket
2024-04-24T05:13:53,208  INFO [main] ql.Driver: Starting task [Stage-0:DDL] in serial mode
2024-04-24T05:13:53,208  INFO [main] HiveMetaStore.audit: ugi=alex	ip=unknown-ip-addr	cmd=get_table : tbl=hive.default.nonAcidNonBucket	
2024-04-24T05:13:53,211  INFO [main] metadata.Hive: Dumping metastore api call timing information for : execution phase
2024-04-24T05:13:53,211  INFO [main] metadata.Hive: Total time spent in each metastore function (ms): {isCompatibleWith_(Configuration)=0}
2024-04-24T05:13:53,211  INFO [main] ql.Driver: Completed executing command(queryId=alex_20240424051353_e4486f2d-d41e-4edd-80ac-d6912d6b5e3b); Time taken: 0.004 seconds
2024-04-24T05:13:53,211  INFO [main] lockmgr.DbTxnManager: Stopped heartbeat for query: alex_20240424051353_e4486f2d-d41e-4edd-80ac-d6912d6b5e3b
2024-04-24T05:13:53,216  INFO [main] txn.TxnHandler: Expected to move at least one record from txn_components to completed_txn_components when committing txn! txnid:6
2024-04-24T05:13:53,222  INFO [main] txn.TxnHandler: Removed transactions: ([6]) from MIN_HISTORY_LEVEL
2024-04-24T05:13:53,222  WARN [main] txn.CompactionTxnHandler: No compaction queue record found for Compaction type transaction commit. txnId:6
2024-04-24T05:13:53,222  INFO [main] ql.TxnCommandsBaseForTests: Running the query: create table acidTbl(a int, b int) clustered by (a) into 2 buckets stored as orc TBLPROPERTIES ('transactional'='true')
2024-04-24T05:13:53,223  INFO [main] ql.Driver: Compiling command(queryId=alex_20240424051353_862ecb72-5268-44b4-8fcb-8f693d44f34d): create table acidTbl(a int, b int) clustered by (a) into 2 buckets stored as orc TBLPROPERTIES ('transactional'='true')
2024-04-24T05:13:53,225  INFO [main] txn.TxnHandler: Added entries to MIN_HISTORY_LEVEL for current txns: ([7]) with min_open_txn: 1
2024-04-24T05:13:53,225  INFO [main] lockmgr.DbTxnManager: Opened txnid:7
2024-04-24T05:13:53,226  INFO [main] parse.CalcitePlanner: Starting caching scope for: 
2024-04-24T05:13:53,226  INFO [main] parse.CalcitePlanner: Starting Semantic Analysis
2024-04-24T05:13:53,231  INFO [main] parse.CalcitePlanner: Creating table default.acidTbl position=13
2024-04-24T05:13:53,231  INFO [main] HiveMetaStore.audit: ugi=alex	ip=unknown-ip-addr	cmd=get_database: default	
2024-04-24T05:13:53,232  INFO [main] parse.CalcitePlanner: Ending caching scope for: 
2024-04-24T05:13:53,232  INFO [main] ql.Driver: Semantic Analysis Completed (retrial = false)
2024-04-24T05:13:53,232  INFO [main] ql.Driver: Created Hive schema: Schema(fieldSchemas:null, properties:null)
2024-04-24T05:13:53,233  INFO [main] metadata.Hive: Dumping metastore api call timing information for : compilation phase
2024-04-24T05:13:53,233  INFO [main] metadata.Hive: Total time spent in each metastore function (ms): {openTxn_(String, TxnType)=2, getValidWriteIds_(List, String)=5, getDatabase_(String)=1, isCompatibleWith_(Configuration)=0, commitTxn_(CommitTxnRequest)=11, flushCache_()=0, getValidTxns_(long)=1}
2024-04-24T05:13:53,233  INFO [main] ql.Driver: Completed compiling command(queryId=alex_20240424051353_862ecb72-5268-44b4-8fcb-8f693d44f34d); Time taken: 0.01 seconds
2024-04-24T05:13:53,233  INFO [main] lockmgr.DbTxnManager: Setting lock request transaction to txnid:7 for queryId=alex_20240424051353_862ecb72-5268-44b4-8fcb-8f693d44f34d
2024-04-24T05:13:53,233  INFO [main] lockmgr.DbLockManager: Requesting lock for queryId=alex_20240424051353_862ecb72-5268-44b4-8fcb-8f693d44f34d
2024-04-24T05:13:53,251  INFO [main] lockmgr.DbLockManager: Response to queryId=alex_20240424051353_862ecb72-5268-44b4-8fcb-8f693d44f34d LockResponse(lockid:1, state:ACQUIRED)
2024-04-24T05:13:53,251  INFO [main] ql.Driver: Operation CREATETABLE obtained 1 locks
2024-04-24T05:13:53,251  INFO [main] ql.Driver: Executing command(queryId=alex_20240424051353_862ecb72-5268-44b4-8fcb-8f693d44f34d): create table acidTbl(a int, b int) clustered by (a) into 2 buckets stored as orc TBLPROPERTIES ('transactional'='true')
2024-04-24T05:13:53,251  INFO [main] ql.Driver: Starting task [Stage-0:DDL] in serial mode
2024-04-24T05:13:53,252  INFO [main] HiveMetaStore.audit: ugi=alex	ip=unknown-ip-addr	cmd=create_table_req: Table(tableName:acidTbl, dbName:default, owner:alex, createTime:1713960833, lastAccessTime:0, retention:0, sd:StorageDescriptor(cols:[FieldSchema(name:a, type:int, comment:null), FieldSchema(name:b, type:int, comment:null)], location:null, inputFormat:org.apache.hadoop.hive.ql.io.orc.OrcInputFormat, outputFormat:org.apache.hadoop.hive.ql.io.orc.OrcOutputFormat, compressed:false, numBuckets:2, serdeInfo:SerDeInfo(name:null, serializationLib:org.apache.hadoop.hive.ql.io.orc.OrcSerde, parameters:{serialization.format=1}), bucketCols:[a], sortCols:[], parameters:{}, skewedInfo:SkewedInfo(skewedColNames:[], skewedColValues:[], skewedColValueLocationMaps:{}), storedAsSubDirectories:false), partitionKeys:[], parameters:{rawDataSize=0, bucketing_version=2, transactional=true, numRows=0, COLUMN_STATS_ACCURATE={"BASIC_STATS":"true","COLUMN_STATS":{"a":"true","b":"true"}}, numFilesErasureCoded=0, totalSize=0, numFiles=0}, viewOriginalText:null, viewExpandedText:null, tableType:MANAGED_TABLE, privileges:PrincipalPrivilegeSet(userPrivileges:{alex=[PrivilegeGrantInfo(privilege:INSERT, createTime:-1, grantor:alex, grantorType:USER, grantOption:true), PrivilegeGrantInfo(privilege:SELECT, createTime:-1, grantor:alex, grantorType:USER, grantOption:true), PrivilegeGrantInfo(privilege:UPDATE, createTime:-1, grantor:alex, grantorType:USER, grantOption:true), PrivilegeGrantInfo(privilege:DELETE, createTime:-1, grantor:alex, grantorType:USER, grantOption:true)]}, groupPrivileges:null, rolePrivileges:null), temporary:false, catName:hive, ownerType:USER, writeId:0)	
2024-04-24T05:13:53,259  INFO [main] utils.FileUtils: Creating directory if it doesn't exist: file:/home/alex/Repositories/hive/ql/target/tmp/org.apache.hadoop.hive.ql.TestTxnCommands-1713960750541/warehouse/acidtbl
2024-04-24T05:13:53,291  INFO [main] metadata.Hive: Dumping metastore api call timing information for : execution phase
2024-04-24T05:13:53,291  INFO [main] metadata.Hive: Total time spent in each metastore function (ms): {createTable_(Table)=39, isCompatibleWith_(Configuration)=0}
2024-04-24T05:13:53,292  INFO [main] ql.Driver: Completed executing command(queryId=alex_20240424051353_862ecb72-5268-44b4-8fcb-8f693d44f34d); Time taken: 0.04 seconds
2024-04-24T05:13:53,292  INFO [main] lockmgr.DbTxnManager: Stopped heartbeat for query: alex_20240424051353_862ecb72-5268-44b4-8fcb-8f693d44f34d
2024-04-24T05:13:53,295  INFO [main] txn.TxnHandler: Expected to move at least one record from txn_components to completed_txn_components when committing txn! txnid:7
2024-04-24T05:13:53,300  INFO [main] txn.TxnHandler: Removed transactions: ([7]) from MIN_HISTORY_LEVEL
2024-04-24T05:13:53,300  WARN [main] txn.CompactionTxnHandler: No compaction queue record found for Compaction type transaction commit. txnId:7
2024-04-24T05:13:53,300  INFO [main] ql.TxnCommandsBaseForTests: Running the query: create table acidTblPart(a int, b int) partitioned by (p string) clustered by (a) into 2 buckets stored as orc TBLPROPERTIES ('transactional'='true')
2024-04-24T05:13:53,301  INFO [main] ql.Driver: Compiling command(queryId=alex_20240424051353_17cb7484-5719-422e-8148-4df2c125227d): create table acidTblPart(a int, b int) partitioned by (p string) clustered by (a) into 2 buckets stored as orc TBLPROPERTIES ('transactional'='true')
2024-04-24T05:13:53,303  INFO [main] txn.TxnHandler: Added entries to MIN_HISTORY_LEVEL for current txns: ([8]) with min_open_txn: 1
2024-04-24T05:13:53,304  INFO [main] lockmgr.DbTxnManager: Opened txnid:8
2024-04-24T05:13:53,304  INFO [main] parse.CalcitePlanner: Starting caching scope for: 
2024-04-24T05:13:53,304  INFO [main] parse.CalcitePlanner: Starting Semantic Analysis
2024-04-24T05:13:53,306  INFO [main] parse.CalcitePlanner: Creating table default.acidTblPart position=13
2024-04-24T05:13:53,306  INFO [main] HiveMetaStore.audit: ugi=alex	ip=unknown-ip-addr	cmd=get_database: default	
2024-04-24T05:13:53,308  INFO [main] parse.CalcitePlanner: Ending caching scope for: 
2024-04-24T05:13:53,308  INFO [main] ql.Driver: Semantic Analysis Completed (retrial = false)
2024-04-24T05:13:53,308  INFO [main] ql.Driver: Created Hive schema: Schema(fieldSchemas:null, properties:null)
2024-04-24T05:13:53,308  INFO [main] metadata.Hive: Dumping metastore api call timing information for : compilation phase
2024-04-24T05:13:53,308  INFO [main] metadata.Hive: Total time spent in each metastore function (ms): {getValidWriteIds_(List, String)=2, flushCache_()=0, commitTxn_(CommitTxnRequest)=8, getValidTxns_(long)=0, openTxn_(String, TxnType)=3, getDatabase_(String)=2, isCompatibleWith_(Configuration)=0}
2024-04-24T05:13:53,308  INFO [main] ql.Driver: Completed compiling command(queryId=alex_20240424051353_17cb7484-5719-422e-8148-4df2c125227d); Time taken: 0.007 seconds
2024-04-24T05:13:53,309  INFO [main] lockmgr.DbTxnManager: Setting lock request transaction to txnid:8 for queryId=alex_20240424051353_17cb7484-5719-422e-8148-4df2c125227d
2024-04-24T05:13:53,309  INFO [main] lockmgr.DbLockManager: Requesting lock for queryId=alex_20240424051353_17cb7484-5719-422e-8148-4df2c125227d
2024-04-24T05:13:53,323  INFO [main] lockmgr.DbLockManager: Response to queryId=alex_20240424051353_17cb7484-5719-422e-8148-4df2c125227d LockResponse(lockid:2, state:ACQUIRED)
2024-04-24T05:13:53,323  INFO [main] ql.Driver: Operation CREATETABLE obtained 1 locks
2024-04-24T05:13:53,323  INFO [main] ql.Driver: Executing command(queryId=alex_20240424051353_17cb7484-5719-422e-8148-4df2c125227d): create table acidTblPart(a int, b int) partitioned by (p string) clustered by (a) into 2 buckets stored as orc TBLPROPERTIES ('transactional'='true')
2024-04-24T05:13:53,323  INFO [main] ql.Driver: Starting task [Stage-0:DDL] in serial mode
2024-04-24T05:13:53,324  INFO [main] HiveMetaStore.audit: ugi=alex	ip=unknown-ip-addr	cmd=create_table_req: Table(tableName:acidTblPart, dbName:default, owner:alex, createTime:1713960833, lastAccessTime:0, retention:0, sd:StorageDescriptor(cols:[FieldSchema(name:a, type:int, comment:null), FieldSchema(name:b, type:int, comment:null)], location:null, inputFormat:org.apache.hadoop.hive.ql.io.orc.OrcInputFormat, outputFormat:org.apache.hadoop.hive.ql.io.orc.OrcOutputFormat, compressed:false, numBuckets:2, serdeInfo:SerDeInfo(name:null, serializationLib:org.apache.hadoop.hive.ql.io.orc.OrcSerde, parameters:{serialization.format=1}), bucketCols:[a], sortCols:[], parameters:{}, skewedInfo:SkewedInfo(skewedColNames:[], skewedColValues:[], skewedColValueLocationMaps:{}), storedAsSubDirectories:false), partitionKeys:[FieldSchema(name:p, type:string, comment:null)], parameters:{transactional=true, bucketing_version=2}, viewOriginalText:null, viewExpandedText:null, tableType:MANAGED_TABLE, privileges:PrincipalPrivilegeSet(userPrivileges:{alex=[PrivilegeGrantInfo(privilege:INSERT, createTime:-1, grantor:alex, grantorType:USER, grantOption:true), PrivilegeGrantInfo(privilege:SELECT, createTime:-1, grantor:alex, grantorType:USER, grantOption:true), PrivilegeGrantInfo(privilege:UPDATE, createTime:-1, grantor:alex, grantorType:USER, grantOption:true), PrivilegeGrantInfo(privilege:DELETE, createTime:-1, grantor:alex, grantorType:USER, grantOption:true)]}, groupPrivileges:null, rolePrivileges:null), temporary:false, catName:hive, ownerType:USER, writeId:0)	
2024-04-24T05:13:53,330  INFO [main] utils.FileUtils: Creating directory if it doesn't exist: file:/home/alex/Repositories/hive/ql/target/tmp/org.apache.hadoop.hive.ql.TestTxnCommands-1713960750541/warehouse/acidtblpart
2024-04-24T05:13:53,348  INFO [main] metadata.Hive: Dumping metastore api call timing information for : execution phase
2024-04-24T05:13:53,348  INFO [main] metadata.Hive: Total time spent in each metastore function (ms): {isCompatibleWith_(Configuration)=0, createTable_(Table)=24}
2024-04-24T05:13:53,349  INFO [main] ql.Driver: Completed executing command(queryId=alex_20240424051353_17cb7484-5719-422e-8148-4df2c125227d); Time taken: 0.025 seconds
2024-04-24T05:13:53,349  INFO [main] lockmgr.DbTxnManager: Stopped heartbeat for query: alex_20240424051353_17cb7484-5719-422e-8148-4df2c125227d
2024-04-24T05:13:53,352  INFO [main] txn.TxnHandler: Expected to move at least one record from txn_components to completed_txn_components when committing txn! txnid:8
2024-04-24T05:13:53,358  INFO [main] txn.TxnHandler: Removed transactions: ([8]) from MIN_HISTORY_LEVEL
2024-04-24T05:13:53,358  WARN [main] txn.CompactionTxnHandler: No compaction queue record found for Compaction type transaction commit. txnId:8
2024-04-24T05:13:53,359  INFO [main] ql.TxnCommandsBaseForTests: Running the query: create table nonAcidOrcTbl(a int, b int) clustered by (a) into 2 buckets stored as orc TBLPROPERTIES ('transactional'='false')
2024-04-24T05:13:53,359  INFO [main] ql.Driver: Compiling command(queryId=alex_20240424051353_3a8f2932-0015-49bd-9dfd-01cb71d280e5): create table nonAcidOrcTbl(a int, b int) clustered by (a) into 2 buckets stored as orc TBLPROPERTIES ('transactional'='false')
2024-04-24T05:13:53,361  INFO [main] txn.TxnHandler: Added entries to MIN_HISTORY_LEVEL for current txns: ([9]) with min_open_txn: 1
2024-04-24T05:13:53,362  INFO [main] lockmgr.DbTxnManager: Opened txnid:9
2024-04-24T05:13:53,362  INFO [main] parse.CalcitePlanner: Starting caching scope for: 
2024-04-24T05:13:53,362  INFO [main] parse.CalcitePlanner: Starting Semantic Analysis
2024-04-24T05:13:53,365  INFO [main] parse.CalcitePlanner: Creating table default.nonAcidOrcTbl position=13
2024-04-24T05:13:53,365  INFO [main] HiveMetaStore.audit: ugi=alex	ip=unknown-ip-addr	cmd=get_database: default	
2024-04-24T05:13:53,366  INFO [main] parse.CalcitePlanner: Ending caching scope for: 
2024-04-24T05:13:53,366  INFO [main] ql.Driver: Semantic Analysis Completed (retrial = false)
2024-04-24T05:13:53,366  INFO [main] ql.Driver: Created Hive schema: Schema(fieldSchemas:null, properties:null)
2024-04-24T05:13:53,367  INFO [main] metadata.Hive: Dumping metastore api call timing information for : compilation phase
2024-04-24T05:13:53,367  INFO [main] metadata.Hive: Total time spent in each metastore function (ms): {commitTxn_(CommitTxnRequest)=10, isCompatibleWith_(Configuration)=0, getDatabase_(String)=1, getValidWriteIds_(List, String)=2, getValidTxns_(long)=0, openTxn_(String, TxnType)=2, flushCache_()=0}
2024-04-24T05:13:53,367  INFO [main] ql.Driver: Completed compiling command(queryId=alex_20240424051353_3a8f2932-0015-49bd-9dfd-01cb71d280e5); Time taken: 0.008 seconds
2024-04-24T05:13:53,367  INFO [main] lockmgr.DbTxnManager: Setting lock request transaction to txnid:9 for queryId=alex_20240424051353_3a8f2932-0015-49bd-9dfd-01cb71d280e5
2024-04-24T05:13:53,367  INFO [main] lockmgr.DbLockManager: Requesting lock for queryId=alex_20240424051353_3a8f2932-0015-49bd-9dfd-01cb71d280e5
2024-04-24T05:13:53,382  INFO [main] lockmgr.DbLockManager: Response to queryId=alex_20240424051353_3a8f2932-0015-49bd-9dfd-01cb71d280e5 LockResponse(lockid:3, state:ACQUIRED)
2024-04-24T05:13:53,382  INFO [main] ql.Driver: Operation CREATETABLE obtained 1 locks
2024-04-24T05:13:53,382  INFO [main] ql.Driver: Executing command(queryId=alex_20240424051353_3a8f2932-0015-49bd-9dfd-01cb71d280e5): create table nonAcidOrcTbl(a int, b int) clustered by (a) into 2 buckets stored as orc TBLPROPERTIES ('transactional'='false')
2024-04-24T05:13:53,382  INFO [main] ql.Driver: Starting task [Stage-0:DDL] in serial mode
2024-04-24T05:13:53,383  INFO [main] HiveMetaStore.audit: ugi=alex	ip=unknown-ip-addr	cmd=create_table_req: Table(tableName:nonAcidOrcTbl, dbName:default, owner:alex, createTime:1713960833, lastAccessTime:0, retention:0, sd:StorageDescriptor(cols:[FieldSchema(name:a, type:int, comment:null), FieldSchema(name:b, type:int, comment:null)], location:null, inputFormat:org.apache.hadoop.hive.ql.io.orc.OrcInputFormat, outputFormat:org.apache.hadoop.hive.ql.io.orc.OrcOutputFormat, compressed:false, numBuckets:2, serdeInfo:SerDeInfo(name:null, serializationLib:org.apache.hadoop.hive.ql.io.orc.OrcSerde, parameters:{serialization.format=1}), bucketCols:[a], sortCols:[], parameters:{}, skewedInfo:SkewedInfo(skewedColNames:[], skewedColValues:[], skewedColValueLocationMaps:{}), storedAsSubDirectories:false), partitionKeys:[], parameters:{rawDataSize=0, numRows=0, numFiles=0, bucketing_version=2, transactional=false, numFilesErasureCoded=0, totalSize=0, COLUMN_STATS_ACCURATE={"BASIC_STATS":"true","COLUMN_STATS":{"a":"true","b":"true"}}}, viewOriginalText:null, viewExpandedText:null, tableType:MANAGED_TABLE, privileges:PrincipalPrivilegeSet(userPrivileges:{alex=[PrivilegeGrantInfo(privilege:INSERT, createTime:-1, grantor:alex, grantorType:USER, grantOption:true), PrivilegeGrantInfo(privilege:SELECT, createTime:-1, grantor:alex, grantorType:USER, grantOption:true), PrivilegeGrantInfo(privilege:UPDATE, createTime:-1, grantor:alex, grantorType:USER, grantOption:true), PrivilegeGrantInfo(privilege:DELETE, createTime:-1, grantor:alex, grantorType:USER, grantOption:true)]}, groupPrivileges:null, rolePrivileges:null), temporary:false, catName:hive, ownerType:USER)	
2024-04-24T05:13:53,389  INFO [main] utils.FileUtils: Creating directory if it doesn't exist: file:/home/alex/Repositories/hive/ql/target/tmp/org.apache.hadoop.hive.ql.TestTxnCommands-1713960750541/warehouse/nonacidorctbl
2024-04-24T05:13:53,405  INFO [main] metadata.Hive: Dumping metastore api call timing information for : execution phase
2024-04-24T05:13:53,405  INFO [main] metadata.Hive: Total time spent in each metastore function (ms): {createTable_(Table)=22, isCompatibleWith_(Configuration)=0}
2024-04-24T05:13:53,405  INFO [main] ql.Driver: Completed executing command(queryId=alex_20240424051353_3a8f2932-0015-49bd-9dfd-01cb71d280e5); Time taken: 0.023 seconds
2024-04-24T05:13:53,405  INFO [main] lockmgr.DbTxnManager: Stopped heartbeat for query: alex_20240424051353_3a8f2932-0015-49bd-9dfd-01cb71d280e5
2024-04-24T05:13:53,409  INFO [main] txn.TxnHandler: Expected to move at least one record from txn_components to completed_txn_components when committing txn! txnid:9
2024-04-24T05:13:53,415  INFO [main] txn.TxnHandler: Removed transactions: ([9]) from MIN_HISTORY_LEVEL
2024-04-24T05:13:53,416  WARN [main] txn.CompactionTxnHandler: No compaction queue record found for Compaction type transaction commit. txnId:9
2024-04-24T05:13:53,424  INFO [main] ql.TxnCommandsBaseForTests: Running the query: create table nonAcidOrcTbl2(a int, b int) clustered by (a) into 2 buckets stored as orc TBLPROPERTIES ('transactional'='false')
2024-04-24T05:13:53,424  INFO [main] ql.Driver: Compiling command(queryId=alex_20240424051353_69f5830d-a215-4de5-acb6-28f03cbac945): create table nonAcidOrcTbl2(a int, b int) clustered by (a) into 2 buckets stored as orc TBLPROPERTIES ('transactional'='false')
2024-04-24T05:13:53,427  INFO [main] txn.TxnHandler: Added entries to MIN_HISTORY_LEVEL for current txns: ([10]) with min_open_txn: 1
2024-04-24T05:13:53,427  INFO [main] lockmgr.DbTxnManager: Opened txnid:10
2024-04-24T05:13:53,428  INFO [main] parse.CalcitePlanner: Starting caching scope for: 
2024-04-24T05:13:53,428  INFO [main] parse.CalcitePlanner: Starting Semantic Analysis
2024-04-24T05:13:53,431  INFO [main] parse.CalcitePlanner: Creating table default.nonAcidOrcTbl2 position=13
2024-04-24T05:13:53,431  INFO [main] HiveMetaStore.audit: ugi=alex	ip=unknown-ip-addr	cmd=get_database: default	
2024-04-24T05:13:53,433  INFO [main] parse.CalcitePlanner: Ending caching scope for: 
2024-04-24T05:13:53,433  INFO [main] ql.Driver: Semantic Analysis Completed (retrial = false)
2024-04-24T05:13:53,433  INFO [main] ql.Driver: Created Hive schema: Schema(fieldSchemas:null, properties:null)
2024-04-24T05:13:53,433  INFO [main] metadata.Hive: Dumping metastore api call timing information for : compilation phase
2024-04-24T05:13:53,433  INFO [main] metadata.Hive: Total time spent in each metastore function (ms): {getValidTxns_(long)=1, commitTxn_(CommitTxnRequest)=18, isCompatibleWith_(Configuration)=0, getDatabase_(String)=2, getValidWriteIds_(List, String)=3, flushCache_()=0, openTxn_(String, TxnType)=2}
2024-04-24T05:13:53,433  INFO [main] ql.Driver: Completed compiling command(queryId=alex_20240424051353_69f5830d-a215-4de5-acb6-28f03cbac945); Time taken: 0.009 seconds
2024-04-24T05:13:53,433  INFO [main] lockmgr.DbTxnManager: Setting lock request transaction to txnid:10 for queryId=alex_20240424051353_69f5830d-a215-4de5-acb6-28f03cbac945
2024-04-24T05:13:53,434  INFO [main] lockmgr.DbLockManager: Requesting lock for queryId=alex_20240424051353_69f5830d-a215-4de5-acb6-28f03cbac945
2024-04-24T05:13:53,449  INFO [main] lockmgr.DbLockManager: Response to queryId=alex_20240424051353_69f5830d-a215-4de5-acb6-28f03cbac945 LockResponse(lockid:4, state:ACQUIRED)
2024-04-24T05:13:53,449  INFO [main] ql.Driver: Operation CREATETABLE obtained 1 locks
2024-04-24T05:13:53,449  INFO [main] ql.Driver: Executing command(queryId=alex_20240424051353_69f5830d-a215-4de5-acb6-28f03cbac945): create table nonAcidOrcTbl2(a int, b int) clustered by (a) into 2 buckets stored as orc TBLPROPERTIES ('transactional'='false')
2024-04-24T05:13:53,449  INFO [main] ql.Driver: Starting task [Stage-0:DDL] in serial mode
2024-04-24T05:13:53,450  INFO [main] HiveMetaStore.audit: ugi=alex	ip=unknown-ip-addr	cmd=create_table_req: Table(tableName:nonAcidOrcTbl2, dbName:default, owner:alex, createTime:1713960833, lastAccessTime:0, retention:0, sd:StorageDescriptor(cols:[FieldSchema(name:a, type:int, comment:null), FieldSchema(name:b, type:int, comment:null)], location:null, inputFormat:org.apache.hadoop.hive.ql.io.orc.OrcInputFormat, outputFormat:org.apache.hadoop.hive.ql.io.orc.OrcOutputFormat, compressed:false, numBuckets:2, serdeInfo:SerDeInfo(name:null, serializationLib:org.apache.hadoop.hive.ql.io.orc.OrcSerde, parameters:{serialization.format=1}), bucketCols:[a], sortCols:[], parameters:{}, skewedInfo:SkewedInfo(skewedColNames:[], skewedColValues:[], skewedColValueLocationMaps:{}), storedAsSubDirectories:false), partitionKeys:[], parameters:{COLUMN_STATS_ACCURATE={"BASIC_STATS":"true","COLUMN_STATS":{"a":"true","b":"true"}}, numFiles=0, numRows=0, rawDataSize=0, totalSize=0, bucketing_version=2, numFilesErasureCoded=0, transactional=false}, viewOriginalText:null, viewExpandedText:null, tableType:MANAGED_TABLE, privileges:PrincipalPrivilegeSet(userPrivileges:{alex=[PrivilegeGrantInfo(privilege:INSERT, createTime:-1, grantor:alex, grantorType:USER, grantOption:true), PrivilegeGrantInfo(privilege:SELECT, createTime:-1, grantor:alex, grantorType:USER, grantOption:true), PrivilegeGrantInfo(privilege:UPDATE, createTime:-1, grantor:alex, grantorType:USER, grantOption:true), PrivilegeGrantInfo(privilege:DELETE, createTime:-1, grantor:alex, grantorType:USER, grantOption:true)]}, groupPrivileges:null, rolePrivileges:null), temporary:false, catName:hive, ownerType:USER)	
2024-04-24T05:13:53,456  INFO [main] utils.FileUtils: Creating directory if it doesn't exist: file:/home/alex/Repositories/hive/ql/target/tmp/org.apache.hadoop.hive.ql.TestTxnCommands-1713960750541/warehouse/nonacidorctbl2
2024-04-24T05:13:53,473  INFO [main] metadata.Hive: Dumping metastore api call timing information for : execution phase
2024-04-24T05:13:53,473  INFO [main] metadata.Hive: Total time spent in each metastore function (ms): {createTable_(Table)=24, isCompatibleWith_(Configuration)=0}
2024-04-24T05:13:53,473  INFO [main] ql.Driver: Completed executing command(queryId=alex_20240424051353_69f5830d-a215-4de5-acb6-28f03cbac945); Time taken: 0.024 seconds
2024-04-24T05:13:53,473  INFO [main] lockmgr.DbTxnManager: Stopped heartbeat for query: alex_20240424051353_69f5830d-a215-4de5-acb6-28f03cbac945
2024-04-24T05:13:53,477  INFO [main] txn.TxnHandler: Expected to move at least one record from txn_components to completed_txn_components when committing txn! txnid:10
2024-04-24T05:13:53,484  INFO [main] txn.TxnHandler: Removed transactions: ([10]) from MIN_HISTORY_LEVEL
2024-04-24T05:13:53,484  WARN [main] txn.CompactionTxnHandler: No compaction queue record found for Compaction type transaction commit. txnId:10
2024-04-24T05:13:53,485  INFO [main] ql.TxnCommandsBaseForTests: Running the query: create temporary  table acidTbl2(a int, b int, c int) clustered by (c) into 2 buckets stored as orc TBLPROPERTIES ('transactional'='true')
2024-04-24T05:13:53,485  INFO [main] ql.Driver: Compiling command(queryId=alex_20240424051353_18f538b1-37f4-452b-993a-031659ccae10): create temporary  table acidTbl2(a int, b int, c int) clustered by (c) into 2 buckets stored as orc TBLPROPERTIES ('transactional'='true')
2024-04-24T05:13:53,488  INFO [main] txn.TxnHandler: Added entries to MIN_HISTORY_LEVEL for current txns: ([11]) with min_open_txn: 1
2024-04-24T05:13:53,488  INFO [main] lockmgr.DbTxnManager: Opened txnid:11
2024-04-24T05:13:53,489  INFO [main] parse.CalcitePlanner: Starting caching scope for: 
2024-04-24T05:13:53,489  INFO [main] parse.CalcitePlanner: Starting Semantic Analysis
2024-04-24T05:13:53,491  INFO [main] parse.CalcitePlanner: Creating table default.acidTbl2 position=24
2024-04-24T05:13:53,492  INFO [main] HiveMetaStore.audit: ugi=alex	ip=unknown-ip-addr	cmd=get_database: default	
2024-04-24T05:13:53,494  INFO [main] parse.CalcitePlanner: Ending caching scope for: 
2024-04-24T05:13:53,494  INFO [main] ql.Driver: Semantic Analysis Completed (retrial = false)
2024-04-24T05:13:53,494  INFO [main] ql.Driver: Created Hive schema: Schema(fieldSchemas:null, properties:null)
2024-04-24T05:13:53,494  INFO [main] metadata.Hive: Dumping metastore api call timing information for : compilation phase
2024-04-24T05:13:53,494  INFO [main] metadata.Hive: Total time spent in each metastore function (ms): {flushCache_()=0, getValidWriteIds_(List, String)=2, getDatabase_(String)=1, commitTxn_(CommitTxnRequest)=12, getValidTxns_(long)=0, openTxn_(String, TxnType)=2, isCompatibleWith_(Configuration)=1}
2024-04-24T05:13:53,494  INFO [main] ql.Driver: Completed compiling command(queryId=alex_20240424051353_18f538b1-37f4-452b-993a-031659ccae10); Time taken: 0.009 seconds
2024-04-24T05:13:53,494  INFO [main] lockmgr.DbTxnManager: Setting lock request transaction to txnid:11 for queryId=alex_20240424051353_18f538b1-37f4-452b-993a-031659ccae10
2024-04-24T05:13:53,494  INFO [main] lockmgr.DbLockManager: Requesting lock for queryId=alex_20240424051353_18f538b1-37f4-452b-993a-031659ccae10
2024-04-24T05:13:53,510  INFO [main] lockmgr.DbLockManager: Response to queryId=alex_20240424051353_18f538b1-37f4-452b-993a-031659ccae10 LockResponse(lockid:5, state:ACQUIRED)
2024-04-24T05:13:53,510  INFO [main] ql.Driver: Operation CREATETABLE obtained 1 locks
2024-04-24T05:13:53,510  INFO [main] ql.Driver: Executing command(queryId=alex_20240424051353_18f538b1-37f4-452b-993a-031659ccae10): create temporary  table acidTbl2(a int, b int, c int) clustered by (c) into 2 buckets stored as orc TBLPROPERTIES ('transactional'='true')
2024-04-24T05:13:53,510  INFO [main] ql.Driver: Starting task [Stage-0:DDL] in serial mode
2024-04-24T05:13:53,511  INFO [main] utils.FileUtils: Creating directory if it doesn't exist: file:/home/alex/Repositories/hive/ql/target/tmp/scratchdir/alex/92789b59-ad09-4340-8b13-c120265b9798/_tmp_space.db/1eb4e778-5fb6-49b8-8c35-041bb0fa9aa8
2024-04-24T05:13:53,514  INFO [main] metadata.Hive: Dumping metastore api call timing information for : execution phase
2024-04-24T05:13:53,514  INFO [main] metadata.Hive: Total time spent in each metastore function (ms): {isCompatibleWith_(Configuration)=0, createTable_(Table)=3}
2024-04-24T05:13:53,515  INFO [main] ql.Driver: Completed executing command(queryId=alex_20240424051353_18f538b1-37f4-452b-993a-031659ccae10); Time taken: 0.004 seconds
2024-04-24T05:13:53,515  INFO [main] lockmgr.DbTxnManager: Stopped heartbeat for query: alex_20240424051353_18f538b1-37f4-452b-993a-031659ccae10
2024-04-24T05:13:53,519  INFO [main] txn.TxnHandler: Expected to move at least one record from txn_components to completed_txn_components when committing txn! txnid:11
2024-04-24T05:13:53,526  INFO [main] txn.TxnHandler: Removed transactions: ([11]) from MIN_HISTORY_LEVEL
2024-04-24T05:13:53,526  WARN [main] txn.CompactionTxnHandler: No compaction queue record found for Compaction type transaction commit. txnId:11
2024-04-24T05:13:53,527  INFO [main] ql.TxnCommandsBaseForTests: Running the query: create table nonAcidNonBucket(a int, b int) stored as orc TBLPROPERTIES ('transactional'='false')
2024-04-24T05:13:53,527  INFO [main] ql.Driver: Compiling command(queryId=alex_20240424051353_d792d917-ce8d-4943-b479-ef97c4ccf47c): create table nonAcidNonBucket(a int, b int) stored as orc TBLPROPERTIES ('transactional'='false')
2024-04-24T05:13:53,529  INFO [main] txn.TxnHandler: Added entries to MIN_HISTORY_LEVEL for current txns: ([12]) with min_open_txn: 1
2024-04-24T05:13:53,530  INFO [main] lockmgr.DbTxnManager: Opened txnid:12
2024-04-24T05:13:53,530  INFO [main] parse.CalcitePlanner: Starting caching scope for: 
2024-04-24T05:13:53,530  INFO [main] parse.CalcitePlanner: Starting Semantic Analysis
2024-04-24T05:13:53,532  INFO [main] parse.CalcitePlanner: Creating table default.nonAcidNonBucket position=13
2024-04-24T05:13:53,533  INFO [main] HiveMetaStore.audit: ugi=alex	ip=unknown-ip-addr	cmd=get_database: default	
2024-04-24T05:13:53,534  INFO [main] parse.CalcitePlanner: Ending caching scope for: 
2024-04-24T05:13:53,534  INFO [main] ql.Driver: Semantic Analysis Completed (retrial = false)
2024-04-24T05:13:53,535  INFO [main] ql.Driver: Created Hive schema: Schema(fieldSchemas:null, properties:null)
2024-04-24T05:13:53,535  INFO [main] metadata.Hive: Dumping metastore api call timing information for : compilation phase
2024-04-24T05:13:53,535  INFO [main] metadata.Hive: Total time spent in each metastore function (ms): {isCompatibleWith_(Configuration)=0, getValidWriteIds_(List, String)=2, getValidTxns_(long)=0, getDatabase_(String)=1, openTxn_(String, TxnType)=2, flushCache_()=0, commitTxn_(CommitTxnRequest)=12}
2024-04-24T05:13:53,535  INFO [main] ql.Driver: Completed compiling command(queryId=alex_20240424051353_d792d917-ce8d-4943-b479-ef97c4ccf47c); Time taken: 0.008 seconds
2024-04-24T05:13:53,535  INFO [main] lockmgr.DbTxnManager: Setting lock request transaction to txnid:12 for queryId=alex_20240424051353_d792d917-ce8d-4943-b479-ef97c4ccf47c
2024-04-24T05:13:53,535  INFO [main] lockmgr.DbLockManager: Requesting lock for queryId=alex_20240424051353_d792d917-ce8d-4943-b479-ef97c4ccf47c
2024-04-24T05:13:53,550  INFO [main] lockmgr.DbLockManager: Response to queryId=alex_20240424051353_d792d917-ce8d-4943-b479-ef97c4ccf47c LockResponse(lockid:6, state:ACQUIRED)
2024-04-24T05:13:53,550  INFO [main] ql.Driver: Operation CREATETABLE obtained 1 locks
2024-04-24T05:13:53,550  INFO [main] ql.Driver: Executing command(queryId=alex_20240424051353_d792d917-ce8d-4943-b479-ef97c4ccf47c): create table nonAcidNonBucket(a int, b int) stored as orc TBLPROPERTIES ('transactional'='false')
2024-04-24T05:13:53,551  INFO [main] ql.Driver: Starting task [Stage-0:DDL] in serial mode
2024-04-24T05:13:53,552  INFO [main] HiveMetaStore.audit: ugi=alex	ip=unknown-ip-addr	cmd=create_table_req: Table(tableName:nonAcidNonBucket, dbName:default, owner:alex, createTime:1713960833, lastAccessTime:0, retention:0, sd:StorageDescriptor(cols:[FieldSchema(name:a, type:int, comment:null), FieldSchema(name:b, type:int, comment:null)], location:null, inputFormat:org.apache.hadoop.hive.ql.io.orc.OrcInputFormat, outputFormat:org.apache.hadoop.hive.ql.io.orc.OrcOutputFormat, compressed:false, numBuckets:-1, serdeInfo:SerDeInfo(name:null, serializationLib:org.apache.hadoop.hive.ql.io.orc.OrcSerde, parameters:{serialization.format=1}), bucketCols:[], sortCols:[], parameters:{}, skewedInfo:SkewedInfo(skewedColNames:[], skewedColValues:[], skewedColValueLocationMaps:{}), storedAsSubDirectories:false), partitionKeys:[], parameters:{transactional=false, numFilesErasureCoded=0, totalSize=0, rawDataSize=0, COLUMN_STATS_ACCURATE={"BASIC_STATS":"true","COLUMN_STATS":{"a":"true","b":"true"}}, bucketing_version=2, numFiles=0, numRows=0}, viewOriginalText:null, viewExpandedText:null, tableType:MANAGED_TABLE, privileges:PrincipalPrivilegeSet(userPrivileges:{alex=[PrivilegeGrantInfo(privilege:INSERT, createTime:-1, grantor:alex, grantorType:USER, grantOption:true), PrivilegeGrantInfo(privilege:SELECT, createTime:-1, grantor:alex, grantorType:USER, grantOption:true), PrivilegeGrantInfo(privilege:UPDATE, createTime:-1, grantor:alex, grantorType:USER, grantOption:true), PrivilegeGrantInfo(privilege:DELETE, createTime:-1, grantor:alex, grantorType:USER, grantOption:true)]}, groupPrivileges:null, rolePrivileges:null), temporary:false, catName:hive, ownerType:USER)	
2024-04-24T05:13:53,558  INFO [main] utils.FileUtils: Creating directory if it doesn't exist: file:/home/alex/Repositories/hive/ql/target/tmp/org.apache.hadoop.hive.ql.TestTxnCommands-1713960750541/warehouse/nonacidnonbucket
2024-04-24T05:13:53,574  INFO [main] metadata.Hive: Dumping metastore api call timing information for : execution phase
2024-04-24T05:13:53,575  INFO [main] metadata.Hive: Total time spent in each metastore function (ms): {createTable_(Table)=23, isCompatibleWith_(Configuration)=0}
2024-04-24T05:13:53,575  INFO [main] ql.Driver: Completed executing command(queryId=alex_20240424051353_d792d917-ce8d-4943-b479-ef97c4ccf47c); Time taken: 0.024 seconds
2024-04-24T05:13:53,575  INFO [main] lockmgr.DbTxnManager: Stopped heartbeat for query: alex_20240424051353_d792d917-ce8d-4943-b479-ef97c4ccf47c
2024-04-24T05:13:53,579  INFO [main] txn.TxnHandler: Expected to move at least one record from txn_components to completed_txn_components when committing txn! txnid:12
2024-04-24T05:13:53,585  INFO [main] txn.TxnHandler: Removed transactions: ([12]) from MIN_HISTORY_LEVEL
2024-04-24T05:13:53,585  WARN [main] txn.CompactionTxnHandler: No compaction queue record found for Compaction type transaction commit. txnId:12
2024-04-24T05:13:53,586  INFO [main] ql.TxnCommandsBaseForTests: Running the query: insert into acidTbl(a,b)  values(1,2),(3,4)
2024-04-24T05:13:53,586  INFO [main] ql.Driver: Compiling command(queryId=alex_20240424051353_1d57b584-49d4-4b11-9611-ec5e588326a5): insert into acidTbl(a,b)  values(1,2),(3,4)
2024-04-24T05:13:53,588  INFO [main] txn.TxnHandler: Added entries to MIN_HISTORY_LEVEL for current txns: ([13]) with min_open_txn: 1
2024-04-24T05:13:53,589  INFO [main] lockmgr.DbTxnManager: Opened txnid:13
2024-04-24T05:13:53,589  INFO [main] parse.CalcitePlanner: Starting caching scope for: 
2024-04-24T05:13:53,589  INFO [main] parse.CalcitePlanner: Starting Semantic Analysis
2024-04-24T05:13:53,596  INFO [main] HiveMetaStore.audit: ugi=alex	ip=unknown-ip-addr	cmd=get_table : tbl=hive.default.acidTbl	
2024-04-24T05:13:53,617  INFO [main] metastore.HMSHandler: Skipping translation for processor with null
2024-04-24T05:13:53,617  INFO [main] parse.CalcitePlanner: Completed phase 1 of Semantic Analysis
2024-04-24T05:13:53,617  INFO [main] parse.CalcitePlanner: Get metadata for source tables
2024-04-24T05:13:53,617  INFO [main] parse.CalcitePlanner: Get metadata for subqueries
2024-04-24T05:13:53,617  INFO [main] parse.CalcitePlanner: Get metadata for destination tables
2024-04-24T05:13:53,617  INFO [main] HiveMetaStore.audit: ugi=alex	ip=unknown-ip-addr	cmd=get_table : tbl=hive.default.acidTbl	
2024-04-24T05:13:53,624  INFO [main] metastore.HMSHandler: Skipping translation for processor with null
2024-04-24T05:13:53,624  INFO [main] parse.CalcitePlanner: Completed getting MetaData in Semantic Analysis
2024-04-24T05:13:53,624  INFO [main] parse.CalcitePlanner: Disabling LLAP IO encode as ETL query is detected
2024-04-24T05:13:53,646  INFO [main] HiveMetaStore.audit: ugi=alex	ip=unknown-ip-addr	cmd=get_all_table_constraints : tbl=hive._dummy_database._dummy_table	
2024-04-24T05:13:53,718  INFO [main] parse.CalcitePlanner: Get metadata for source tables
2024-04-24T05:13:53,718  INFO [main] parse.CalcitePlanner: Get metadata for subqueries
2024-04-24T05:13:53,718  INFO [main] parse.CalcitePlanner: Get metadata for source tables
2024-04-24T05:13:53,718  INFO [main] HiveMetaStore.audit: ugi=alex	ip=unknown-ip-addr	cmd=get_table : tbl=hive._dummy_database._dummy_table	
2024-04-24T05:13:53,721  INFO [main] parse.CalcitePlanner: Get metadata for subqueries
2024-04-24T05:13:53,721  INFO [main] parse.CalcitePlanner: Get metadata for destination tables
2024-04-24T05:13:53,721  INFO [main] parse.CalcitePlanner: Get metadata for destination tables
2024-04-24T05:13:53,721  INFO [main] HiveMetaStore.audit: ugi=alex	ip=unknown-ip-addr	cmd=get_table : tbl=hive.default.acidTbl	
2024-04-24T05:13:53,727  INFO [main] metastore.HMSHandler: Skipping translation for processor with null
2024-04-24T05:13:53,729  INFO [main] HiveMetaStore.audit: ugi=alex	ip=unknown-ip-addr	cmd=get_not_null_constraints : tbl=hive.default.acidtbl	
2024-04-24T05:13:53,730  INFO [main] HiveMetaStore.audit: ugi=alex	ip=unknown-ip-addr	cmd=get_check_constraints : tbl=hive.default.acidtbl	
2024-04-24T05:13:53,738  INFO [main] txn.TxnHandler: Allocated writeId: 1 for txnId: 13
2024-04-24T05:13:53,738  INFO [main] txn.TxnHandler: Allocated write ids for dbName=default, tblName=acidtbl (txnIds: [13])
2024-04-24T05:13:53,739  INFO [main] parse.CalcitePlanner: CBO Succeeded; optimized logical plan.
2024-04-24T05:13:53,742  INFO [main] optimizer.ColumnPrunerProcFactory: RS 4 oldColExprMap: {VALUE._col0=Column[_col1], KEY.reducesinkkey0=Column[_col0]}
2024-04-24T05:13:53,742  INFO [main] optimizer.ColumnPrunerProcFactory: RS 4 newColExprMap: {VALUE._col0=Column[_col1], KEY.reducesinkkey0=Column[_col0]}
2024-04-24T05:13:53,743  INFO [main] optimizer.BucketVersionPopulator: not considering bucketingVersion for: TS[0] because it has -1<2 buckets 
2024-04-24T05:13:53,744  INFO [main] optimizer.SortedDynPartitionOptimizer: Sorted dynamic partitioning optimization kicked in..
2024-04-24T05:13:53,752  INFO [main] HiveMetaStore.audit: ugi=alex	ip=unknown-ip-addr	cmd=get_table : tbl=hive.default.acidtbl	
2024-04-24T05:13:53,760  INFO [main] metastore.HMSHandler: Skipping translation for processor with null
2024-04-24T05:13:53,760  INFO [main] physical.Vectorizer: Examining input format to see if vectorization is enabled.
2024-04-24T05:13:53,760  INFO [main] physical.Vectorizer: Map vectorization enabled: false
2024-04-24T05:13:53,760  INFO [main] physical.Vectorizer: Map vectorized: false
2024-04-24T05:13:53,761  INFO [main] physical.Vectorizer: Map vectorizedVertexNum: 0
2024-04-24T05:13:53,761  INFO [main] physical.Vectorizer: Map enabledConditionsMet: [hive.vectorized.use.vectorized.input.format IS true]
2024-04-24T05:13:53,761  INFO [main] physical.Vectorizer: Map enabledConditionsNotMet: [Could not enable vectorization due to partition column names size 1 is greater than the number of table column names size 0 IS false]
2024-04-24T05:13:53,761  INFO [main] physical.Vectorizer: Map inputFileFormatClassNameSet: [org.apache.hadoop.hive.ql.io.NullRowsInputFormat]
2024-04-24T05:13:53,761  INFO [main] physical.Vectorizer: Reduce vectorization enabled: false
2024-04-24T05:13:53,761  INFO [main] physical.Vectorizer: Reduce vectorized: false
2024-04-24T05:13:53,761  INFO [main] physical.Vectorizer: Reduce vectorizedVertexNum: 1
2024-04-24T05:13:53,761  INFO [main] physical.Vectorizer: Reducer hive.vectorized.execution.reduce.enabled: true
2024-04-24T05:13:53,761  INFO [main] physical.Vectorizer: Reducer engine: mr
2024-04-24T05:13:53,761  INFO [main] parse.CalcitePlanner: Completed plan generation
2024-04-24T05:13:53,761  INFO [main] parse.CalcitePlanner: Ending caching scope for: 
2024-04-24T05:13:53,761  INFO [main] ql.Driver: Semantic Analysis Completed (retrial = false)
2024-04-24T05:13:53,761  INFO [main] ql.Driver: Created Hive schema: Schema(fieldSchemas:[FieldSchema(name:_col0, type:int, comment:null), FieldSchema(name:_col1, type:int, comment:null)], properties:null)
2024-04-24T05:13:53,761  INFO [main] metadata.Hive: Dumping metastore api call timing information for : compilation phase
2024-04-24T05:13:53,761  INFO [main] metadata.Hive: Total time spent in each metastore function (ms): {commitTxn_(CommitTxnRequest)=10, getTable_(GetTableRequest)=43, openTxn_(String, TxnType)=2, getValidWriteIds_(List, String)=7, getCheckConstraints_(CheckConstraintsRequest)=1, isCompatibleWith_(Configuration)=1, getValidTxns_(long)=0, getNotNullConstraints_(NotNullConstraintsRequest)=1, allocateTableWriteId_(long, String, String)=7, getAllTableConstraints_(AllTableConstraintsRequest)=28, flushCache_()=0}
2024-04-24T05:13:53,761  INFO [main] ql.Driver: Completed compiling command(queryId=alex_20240424051353_1d57b584-49d4-4b11-9611-ec5e588326a5); Time taken: 0.175 seconds
2024-04-24T05:13:53,761  INFO [main] lockmgr.DbTxnManager: Setting lock request transaction to txnid:13 for queryId=alex_20240424051353_1d57b584-49d4-4b11-9611-ec5e588326a5
2024-04-24T05:13:53,762  INFO [main] lockmgr.DbLockManager: Requesting lock for queryId=alex_20240424051353_1d57b584-49d4-4b11-9611-ec5e588326a5
2024-04-24T05:13:53,781  INFO [main] lockmgr.DbLockManager: Response to queryId=alex_20240424051353_1d57b584-49d4-4b11-9611-ec5e588326a5 LockResponse(lockid:7, state:ACQUIRED)
2024-04-24T05:13:53,781  INFO [main] ql.Driver: Operation QUERY obtained 1 locks
2024-04-24T05:13:53,783  INFO [main] ql.Driver: Executing command(queryId=alex_20240424051353_1d57b584-49d4-4b11-9611-ec5e588326a5): insert into acidTbl(a,b)  values(1,2),(3,4)
2024-04-24T05:13:53,784  WARN [main] ql.Driver: Hive-on-MR is deprecated in Hive 2 and may not be available in the future versions. Consider using a different execution engine (i.e. spark, tez) or using Hive 1.X releases.
Query ID = alex_20240424051353_1d57b584-49d4-4b11-9611-ec5e588326a5
2024-04-24T05:13:53,784  INFO [main] ql.Driver: Query ID = alex_20240424051353_1d57b584-49d4-4b11-9611-ec5e588326a5
Total jobs = 1
2024-04-24T05:13:53,784  INFO [main] ql.Driver: Total jobs = 1
Launching Job 1 out of 1
2024-04-24T05:13:53,784  INFO [main] ql.Driver: Launching Job 1 out of 1
2024-04-24T05:13:53,925  INFO [main] ql.Driver: Starting task [Stage-1:MAPRED] in serial mode
Number of reduce tasks determined at compile time: 2
2024-04-24T05:13:53,925  INFO [main] exec.Task: Number of reduce tasks determined at compile time: 2
In order to change the average load for a reducer (in bytes):
2024-04-24T05:13:53,925  INFO [main] exec.Task: In order to change the average load for a reducer (in bytes):
  set hive.exec.reducers.bytes.per.reducer=<number>
2024-04-24T05:13:53,925  INFO [main] exec.Task:   set hive.exec.reducers.bytes.per.reducer=<number>
In order to limit the maximum number of reducers:
2024-04-24T05:13:53,925  INFO [main] exec.Task: In order to limit the maximum number of reducers:
  set hive.exec.reducers.max=<number>
2024-04-24T05:13:53,925  INFO [main] exec.Task:   set hive.exec.reducers.max=<number>
In order to set a constant number of reducers:
2024-04-24T05:13:53,925  INFO [main] exec.Task: In order to set a constant number of reducers:
  set mapreduce.job.reduces=<number>
2024-04-24T05:13:53,925  INFO [main] exec.Task:   set mapreduce.job.reduces=<number>
2024-04-24T05:13:53,928  INFO [main] mr.ExecDriver: Using org.apache.hadoop.hive.ql.io.HiveInputFormat
2024-04-24T05:13:53,928  INFO [main] exec.Utilities: Processing alias $hdt$_0:_dummy_table
2024-04-24T05:13:53,928  INFO [main] exec.Utilities: Adding 1 inputs; the first input is file:/home/alex/Repositories/hive/ql/target/tmp/localscratchdir/92789b59-ad09-4340-8b13-c120265b9798/hive_2024-04-24_05-13-53_586_8588071273700638311-1/dummy_path
2024-04-24T05:13:53,937  INFO [main] exec.SerializationUtilities: Serializing MapWork using kryo
2024-04-24T05:13:53,938  INFO [main] exec.Utilities: Serialized plan (via FILE) - name: null size: 5,29KB
2024-04-24T05:13:53,942  INFO [main] exec.SerializationUtilities: Serializing ReduceWork using kryo
2024-04-24T05:13:53,943  INFO [main] exec.Utilities: Serialized plan (via FILE) - name: null size: 5,92KB
2024-04-24T05:13:53,943  WARN [main] impl.MetricsSystemImpl: JobTracker metrics system already initialized!
2024-04-24T05:13:53,947  INFO [main] fs.FSStatsPublisher: created : file:/home/alex/Repositories/hive/ql/target/tmp/localscratchdir/92789b59-ad09-4340-8b13-c120265b9798/hive_2024-04-24_05-13-53_586_8588071273700638311-1/-mr-10000
2024-04-24T05:13:53,949  WARN [main] impl.MetricsSystemImpl: JobTracker metrics system already initialized!
2024-04-24T05:13:53,956  WARN [main] mapreduce.JobResourceUploader: Hadoop command-line option parsing not performed. Implement the Tool interface and execute your application with ToolRunner to remedy this.
2024-04-24T05:13:53,961  WARN [main] mapreduce.JobResourceUploader: No job jar file set.  User classes may not be found. See Job or Job#setJar(String).
2024-04-24T05:13:53,962  INFO [main] io.HiveInputFormat: hive.io.file.readcolumn.ids = 
2024-04-24T05:13:53,962  INFO [main] io.HiveInputFormat: hive.io.file.readcolumn.names = 
2024-04-24T05:13:53,962  INFO [main] io.HiveInputFormat: Generating splits for dirs: file:/home/alex/Repositories/hive/ql/target/tmp/localscratchdir/92789b59-ad09-4340-8b13-c120265b9798/hive_2024-04-24_05-13-53_586_8588071273700638311-1/dummy_path
2024-04-24T05:13:53,963  INFO [main] io.HiveInputFormat: number of splits 1
2024-04-24T05:13:53,980  INFO [main] mapreduce.JobSubmitter: number of splits:1
2024-04-24T05:13:53,998  INFO [main] mapreduce.JobSubmitter: Submitting tokens for job: job_local207055426_0030
2024-04-24T05:13:53,999  INFO [main] mapreduce.JobSubmitter: Executing with tokens: []
2024-04-24T05:13:54,076  INFO [main] mapreduce.Job: The url to track the job: http://localhost:8080/
Job running in-process (local Hadoop)
2024-04-24T05:13:54,076  INFO [main] exec.Task: Job running in-process (local Hadoop)
2024-04-24T05:13:54,077  INFO [Thread-2395] mapred.LocalJobRunner: OutputCommitter set in config org.apache.hadoop.hive.ql.io.HiveFileFormatUtils$NullOutputCommitter
2024-04-24T05:13:54,077  INFO [Thread-2395] mapred.LocalJobRunner: OutputCommitter is org.apache.hadoop.hive.ql.io.HiveFileFormatUtils$NullOutputCommitter
2024-04-24T05:13:54,078  INFO [Thread-2395] mapred.LocalJobRunner: Waiting for map tasks
2024-04-24T05:13:54,079  INFO [LocalJobRunner Map Task Executor #0] mapred.LocalJobRunner: Starting task: attempt_local207055426_0030_m_000000_0
2024-04-24T05:13:54,081  INFO [LocalJobRunner Map Task Executor #0] mapred.Task:  Using ResourceCalculatorProcessTree : [ ]
2024-04-24T05:13:54,082  INFO [LocalJobRunner Map Task Executor #0] mapred.MapTask: Processing split: org.apache.hadoop.hive.ql.io.NullRowsInputFormat:file:/home/alex/Repositories/hive/ql/target/tmp/localscratchdir/92789b59-ad09-4340-8b13-c120265b9798/hive_2024-04-24_05-13-53_586_8588071273700638311-1/dummy_path/null:0+1
2024-04-24T05:13:54,084  INFO [LocalJobRunner Map Task Executor #0] exec.SerializationUtilities: Deserializing MapWork using kryo
2024-04-24T05:13:54,084  INFO [LocalJobRunner Map Task Executor #0] exec.Utilities: Deserialized plan (via FILE) - name: null size: 5,29KB
2024-04-24T05:13:54,084  INFO [LocalJobRunner Map Task Executor #0] mapred.MapTask: numReduceTasks: 2
2024-04-24T05:13:54,088  INFO [LocalJobRunner Map Task Executor #0] mapred.MapTask: (EQUATOR) 0 kvi 26214396(104857584)
2024-04-24T05:13:54,089  INFO [LocalJobRunner Map Task Executor #0] mapred.MapTask: mapreduce.task.io.sort.mb: 100
2024-04-24T05:13:54,089  INFO [LocalJobRunner Map Task Executor #0] mapred.MapTask: soft limit at 83886080
2024-04-24T05:13:54,089  INFO [LocalJobRunner Map Task Executor #0] mapred.MapTask: bufstart = 0; bufvoid = 104857600
2024-04-24T05:13:54,089  INFO [LocalJobRunner Map Task Executor #0] mapred.MapTask: kvstart = 26214396; length = 6553600
2024-04-24T05:13:54,089  INFO [LocalJobRunner Map Task Executor #0] mapred.MapTask: Map output collector class = org.apache.hadoop.mapred.MapTask$MapOutputBuffer
2024-04-24T05:13:54,089  INFO [LocalJobRunner Map Task Executor #0] exec.MapOperator: Initializing Operator: MAP[0]
2024-04-24T05:13:54,090  INFO [LocalJobRunner Map Task Executor #0] mr.ExecMapper: 
<MAP>Id =0
  <Children>null
  <\Children>
  <Parent><\Parent>
<\MAP>
2024-04-24T05:13:54,090  INFO [LocalJobRunner Map Task Executor #0] exec.TableScanOperator: Initializing Operator: TS[0]
2024-04-24T05:13:54,090  INFO [LocalJobRunner Map Task Executor #0] exec.SelectOperator: Initializing Operator: SEL[1]
2024-04-24T05:13:54,090  INFO [LocalJobRunner Map Task Executor #0] exec.SelectOperator: SELECT null
2024-04-24T05:13:54,090  INFO [LocalJobRunner Map Task Executor #0] exec.UDTFOperator: Initializing Operator: UDTF[2]
2024-04-24T05:13:54,090  INFO [LocalJobRunner Map Task Executor #0] exec.SelectOperator: Initializing Operator: SEL[3]
2024-04-24T05:13:54,090  INFO [LocalJobRunner Map Task Executor #0] exec.SelectOperator: SELECT struct<col1:int,col2:int>
2024-04-24T05:13:54,091  INFO [LocalJobRunner Map Task Executor #0] exec.ReduceSinkOperator: Initializing Operator: RS[4]
2024-04-24T05:13:54,091  INFO [LocalJobRunner Map Task Executor #0] exec.ReduceSinkOperator: Using tag = -1
2024-04-24T05:13:54,091  INFO [LocalJobRunner Map Task Executor #0] exec.ReduceSinkOperator: keys are [reducesinkkey0] num distributions: 1
2024-04-24T05:13:54,091  INFO [LocalJobRunner Map Task Executor #0] exec.ReduceSinkOperator: RS[4]: records written - 1
2024-04-24T05:13:54,091  INFO [LocalJobRunner Map Task Executor #0] exec.MapOperator: MAP[0]: records read - 1
2024-04-24T05:13:54,092  INFO [LocalJobRunner Map Task Executor #0] exec.MapOperator: Closing Operator: MAP[0]
2024-04-24T05:13:54,092  INFO [LocalJobRunner Map Task Executor #0] exec.MapOperator: MAP[0]: Total records read - 3. abort - false
2024-04-24T05:13:54,092  INFO [LocalJobRunner Map Task Executor #0] exec.MapOperator: RECORDS_OUT_OPERATOR_MAP_0:0, DESERIALIZE_ERRORS:0, RECORDS_IN:3, RECORDS_OUT_INTERMEDIATE:0, 
2024-04-24T05:13:54,092  INFO [LocalJobRunner Map Task Executor #0] exec.TableScanOperator: Closing Operator: TS[0]
2024-04-24T05:13:54,092  INFO [LocalJobRunner Map Task Executor #0] exec.TableScanOperator: RECORDS_OUT_INTERMEDIATE:0, RECORDS_OUT_OPERATOR_TS_0:1, 
2024-04-24T05:13:54,092  INFO [LocalJobRunner Map Task Executor #0] exec.SelectOperator: Closing Operator: SEL[1]
2024-04-24T05:13:54,092  INFO [LocalJobRunner Map Task Executor #0] exec.SelectOperator: RECORDS_OUT_INTERMEDIATE:0, RECORDS_OUT_OPERATOR_SEL_1:1, 
2024-04-24T05:13:54,092  INFO [LocalJobRunner Map Task Executor #0] exec.UDTFOperator: Closing Operator: UDTF[2]
2024-04-24T05:13:54,092  INFO [LocalJobRunner Map Task Executor #0] exec.UDTFOperator: RECORDS_OUT_OPERATOR_UDTF_2:2, RECORDS_OUT_INTERMEDIATE:0, 
2024-04-24T05:13:54,092  INFO [LocalJobRunner Map Task Executor #0] exec.SelectOperator: Closing Operator: SEL[3]
2024-04-24T05:13:54,092  INFO [LocalJobRunner Map Task Executor #0] exec.SelectOperator: RECORDS_OUT_INTERMEDIATE:0, RECORDS_OUT_OPERATOR_SEL_3:2, 
2024-04-24T05:13:54,092  INFO [LocalJobRunner Map Task Executor #0] exec.ReduceSinkOperator: Closing Operator: RS[4]
2024-04-24T05:13:54,092  INFO [LocalJobRunner Map Task Executor #0] exec.ReduceSinkOperator: RS[4]: Total records written - 2. abort - false
2024-04-24T05:13:54,092  INFO [LocalJobRunner Map Task Executor #0] exec.ReduceSinkOperator: RECORDS_OUT_INTERMEDIATE:2, RECORDS_OUT_OPERATOR_RS_4:2, 
2024-04-24T05:13:54,094  INFO [LocalJobRunner Map Task Executor #0] mapred.LocalJobRunner: 
2024-04-24T05:13:54,094  INFO [LocalJobRunner Map Task Executor #0] mapred.MapTask: Starting flush of map output
2024-04-24T05:13:54,094  INFO [LocalJobRunner Map Task Executor #0] mapred.MapTask: Spilling map output
2024-04-24T05:13:54,094  INFO [LocalJobRunner Map Task Executor #0] mapred.MapTask: bufstart = 0; bufend = 32; bufvoid = 104857600
2024-04-24T05:13:54,094  INFO [LocalJobRunner Map Task Executor #0] mapred.MapTask: kvstart = 26214396(104857584); kvend = 26214392(104857568); length = 5/6553600
2024-04-24T05:13:54,106  INFO [LocalJobRunner Map Task Executor #0] mapred.MapTask: Finished spill 0
2024-04-24T05:13:54,110  INFO [LocalJobRunner Map Task Executor #0] mapred.Task: Task:attempt_local207055426_0030_m_000000_0 is done. And is in the process of committing
2024-04-24T05:13:54,111  INFO [LocalJobRunner Map Task Executor #0] mapred.LocalJobRunner: map
2024-04-24T05:13:54,111  INFO [LocalJobRunner Map Task Executor #0] mapred.Task: Task 'attempt_local207055426_0030_m_000000_0' done.
2024-04-24T05:13:54,111  INFO [LocalJobRunner Map Task Executor #0] mapred.Task: Final Counters for attempt_local207055426_0030_m_000000_0: Counters: 26
	File System Counters
		FILE: Number of bytes read=626287
		FILE: Number of bytes written=37611608
		FILE: Number of read operations=0
		FILE: Number of large read operations=0
		FILE: Number of write operations=0
	Map-Reduce Framework
		Map input records=4
		Map output records=2
		Map output bytes=32
		Map output materialized bytes=48
		Input split bytes=361
		Combine input records=0
		Spilled Records=2
		Failed Shuffles=0
		Merged Map outputs=0
		GC time elapsed (ms)=0
		Total committed heap usage (bytes)=1243086848
	HIVE
		DESERIALIZE_ERRORS=0
		RECORDS_IN=3
		RECORDS_OUT_INTERMEDIATE=2
		RECORDS_OUT_OPERATOR_MAP_0=0
		RECORDS_OUT_OPERATOR_RS_4=2
		RECORDS_OUT_OPERATOR_SEL_1=1
		RECORDS_OUT_OPERATOR_SEL_3=2
		RECORDS_OUT_OPERATOR_TS_0=1
		RECORDS_OUT_OPERATOR_UDTF_2=2
	File Input Format Counters 
		Bytes Read=5342
2024-04-24T05:13:54,111  INFO [LocalJobRunner Map Task Executor #0] mapred.LocalJobRunner: Finishing task: attempt_local207055426_0030_m_000000_0
2024-04-24T05:13:54,111  INFO [Thread-2395] mapred.LocalJobRunner: map task executor complete.
2024-04-24T05:13:54,112  INFO [Thread-2395] mapred.LocalJobRunner: Waiting for reduce tasks
2024-04-24T05:13:54,112  INFO [pool-152-thread-1] mapred.LocalJobRunner: Starting task: attempt_local207055426_0030_r_000000_0
2024-04-24T05:13:54,114  INFO [pool-152-thread-1] mapred.Task:  Using ResourceCalculatorProcessTree : [ ]
2024-04-24T05:13:54,114  INFO [pool-152-thread-1] mapred.ReduceTask: Using ShuffleConsumerPlugin: org.apache.hadoop.mapreduce.task.reduce.Shuffle@66b13e9a
2024-04-24T05:13:54,115  WARN [pool-152-thread-1] impl.MetricsSystemImpl: JobTracker metrics system already initialized!
2024-04-24T05:13:54,115  INFO [pool-152-thread-1] reduce.MergeManagerImpl: MergerManager: memoryLimit=1336252800, maxSingleShuffleLimit=334063200, mergeThreshold=881926912, ioSortFactor=10, memToMemMergeOutputsThreshold=10
2024-04-24T05:13:54,116  INFO [EventFetcher for fetching Map Completion Events] reduce.EventFetcher: attempt_local207055426_0030_r_000000_0 Thread started: EventFetcher for fetching Map Completion Events
2024-04-24T05:13:54,119  INFO [localfetcher#43] reduce.LocalFetcher: localfetcher#43 about to shuffle output of map attempt_local207055426_0030_m_000000_0 decomp: 20 len: 24 to MEMORY
2024-04-24T05:13:54,119  INFO [localfetcher#43] reduce.InMemoryMapOutput: Read 20 bytes from map-output for attempt_local207055426_0030_m_000000_0
2024-04-24T05:13:54,119  INFO [localfetcher#43] reduce.MergeManagerImpl: closeInMemoryFile -> map-output of size: 20, inMemoryMapOutputs.size() -> 1, commitMemory -> 0, usedMemory ->20
2024-04-24T05:13:54,119  INFO [EventFetcher for fetching Map Completion Events] reduce.EventFetcher: EventFetcher is interrupted.. Returning
2024-04-24T05:13:54,119  INFO [pool-152-thread-1] mapred.LocalJobRunner: 1 / 1 copied.
2024-04-24T05:13:54,119  INFO [pool-152-thread-1] reduce.MergeManagerImpl: finalMerge called with 1 in-memory map-outputs and 0 on-disk map-outputs
2024-04-24T05:13:54,125  INFO [pool-152-thread-1] mapred.Merger: Merging 1 sorted segments
2024-04-24T05:13:54,125  INFO [pool-152-thread-1] mapred.Merger: Down to the last merge-pass, with 1 segments left of total size: 8 bytes
2024-04-24T05:13:54,128  INFO [pool-152-thread-1] reduce.MergeManagerImpl: Merged 1 segments, 20 bytes to disk to satisfy reduce memory limit
2024-04-24T05:13:54,128  INFO [pool-152-thread-1] reduce.MergeManagerImpl: Merging 1 files, 24 bytes from disk
2024-04-24T05:13:54,128  INFO [pool-152-thread-1] reduce.MergeManagerImpl: Merging 0 segments, 0 bytes from memory into reduce
2024-04-24T05:13:54,128  INFO [pool-152-thread-1] mapred.Merger: Merging 1 sorted segments
2024-04-24T05:13:54,128  INFO [pool-152-thread-1] mapred.Merger: Down to the last merge-pass, with 1 segments left of total size: 8 bytes
2024-04-24T05:13:54,128  INFO [pool-152-thread-1] mapred.LocalJobRunner: 1 / 1 copied.
2024-04-24T05:13:54,129  INFO [pool-152-thread-1] exec.SerializationUtilities: Deserializing ReduceWork using kryo
2024-04-24T05:13:54,129  INFO [pool-152-thread-1] exec.Utilities: Deserialized plan (via FILE) - name: null size: 5,92KB
2024-04-24T05:13:54,130  INFO [pool-152-thread-1] ExecReducer: 
<SEL>Id =5
  <Children>
    <FS>Id =6
      <Children>
      <\Children>
      <Parent>Id = 5 null<\Parent>
    <\FS>
  <\Children>
  <Parent><\Parent>
<\SEL>
2024-04-24T05:13:54,130  INFO [pool-152-thread-1] exec.SelectOperator: Initializing Operator: SEL[5]
2024-04-24T05:13:54,130  INFO [pool-152-thread-1] exec.SelectOperator: SELECT struct<key:struct<reducesinkkey0:int>,value:struct<_col0:int>>
2024-04-24T05:13:54,130  INFO [pool-152-thread-1] exec.FileSinkOperator: Initializing Operator: FS[6]
2024-04-24T05:13:54,131  INFO [pool-152-thread-1] exec.FileSinkOperator: Using serializer : AbstractSerDe [log=org.apache.logging.slf4j.Log4jLogger@a925655, configuration=Optional[Configuration: core-default.xml, core-site.xml, mapred-default.xml, mapred-site.xml, yarn-default.xml, yarn-site.xml, hdfs-default.xml, hdfs-site.xml, file:/home/alex/Repositories/hive/ql/target/tmp/TestTxnCommandsWithSplitUpdateAndVectorization/mapred/local/localRunner/alex/job_local207055426_0030/job_local207055426_0030.xml], properties={transactional_properties=default, name=default.acidtbl, transactional=true, columns.types=int:int, bucket_field_name=a, columns=a,b, numFilesErasureCoded=0, columns.comments=&amp#0;, bucketing_version=2, bucket_count=2, serialization.lib=org.apache.hadoop.hive.ql.io.orc.OrcSerde, file.inputformat=org.apache.hadoop.hive.ql.io.orc.OrcInputFormat, file.outputformat=org.apache.hadoop.hive.ql.io.orc.OrcOutputFormat, location=file:/home/alex/Repositories/hive/ql/target/tmp/org.apache.hadoop.hive.ql.TestTxnCommands-1713960750541/warehouse/acidtbl, column.name.delimiter=,}, tableProperties={transactional_properties=default, name=default.acidtbl, transactional=true, columns.types=int:int, bucket_field_name=a, columns=a,b, numFilesErasureCoded=0, columns.comments=&amp#0;, bucketing_version=2, bucket_count=2, serialization.lib=org.apache.hadoop.hive.ql.io.orc.OrcSerde, file.inputformat=org.apache.hadoop.hive.ql.io.orc.OrcInputFormat, location=file:/home/alex/Repositories/hive/ql/target/tmp/org.apache.hadoop.hive.ql.TestTxnCommands-1713960750541/warehouse/acidtbl, file.outputformat=org.apache.hadoop.hive.ql.io.orc.OrcOutputFormat, column.name.delimiter=,}, partitionProperties=Optional.empty, columnNames=[a, b], columnTypes=[int, int], getClass()=class org.apache.hadoop.hive.ql.io.orc.OrcSerde] and formatter : org.apache.hadoop.hive.ql.io.orc.OrcOutputFormat@76fd7cd8
2024-04-24T05:13:54,131  INFO [pool-152-thread-1] exec.FileSinkOperator: Final Path: FS file:/home/alex/Repositories/hive/ql/target/tmp/org.apache.hadoop.hive.ql.TestTxnCommands-1713960750541/warehouse/acidtbl
2024-04-24T05:13:54,131  INFO [pool-152-thread-1] exec.FileSinkOperator: New Final Path: FS file:/home/alex/Repositories/hive/ql/target/tmp/org.apache.hadoop.hive.ql.TestTxnCommands-1713960750541/warehouse/acidtbl
2024-04-24T05:13:54,131  INFO [pool-152-thread-1] common.FileUtils: Creating directory if it doesn't exist: file:/home/alex/Repositories/hive/ql/target/tmp/org.apache.hadoop.hive.ql.TestTxnCommands-1713960750541/warehouse
2024-04-24T05:13:54,132  INFO [pool-152-thread-1] exec.FileSinkOperator: FS[6]: records written - 1
2024-04-24T05:13:54,132  INFO [pool-152-thread-1] impl.PhysicalFsWriter: ORC writer created for path: file:/home/alex/Repositories/hive/ql/target/tmp/org.apache.hadoop.hive.ql.TestTxnCommands-1713960750541/warehouse/acidtbl/delta_0000001_0000001_0000/bucket_00000_0 with stripeSize: 8388608 blockSize: 268435456 compression: Compress: ZLIB buffer: 32768
2024-04-24T05:13:54,139  INFO [pool-152-thread-1] impl.WriterImpl: ORC writer created for path: file:/home/alex/Repositories/hive/ql/target/tmp/org.apache.hadoop.hive.ql.TestTxnCommands-1713960750541/warehouse/acidtbl/delta_0000001_0000001_0000/bucket_00000_0 with stripeSize: 8388608 options: Compress: ZLIB buffer: 32768
2024-04-24T05:13:54,144  INFO [pool-152-thread-1] exec.SelectOperator: Closing Operator: SEL[5]
2024-04-24T05:13:54,144  INFO [pool-152-thread-1] exec.SelectOperator: RECORDS_OUT_INTERMEDIATE:0, RECORDS_OUT_OPERATOR_SEL_5:1, 
2024-04-24T05:13:54,144  INFO [pool-152-thread-1] exec.FileSinkOperator: Closing Operator: FS[6]
2024-04-24T05:13:54,144  INFO [pool-152-thread-1] exec.FileSinkOperator: FS[6]: records written - 1
2024-04-24T05:13:54,146  INFO [pool-152-thread-1] FileOperations: Writing manifest to file:/home/alex/Repositories/hive/ql/target/tmp/org.apache.hadoop.hive.ql.TestTxnCommands-1713960750541/warehouse/acidtbl/_tmp.delta_0000001_0000001_0000/000000_0.manifest with [file:/home/alex/Repositories/hive/ql/target/tmp/org.apache.hadoop.hive.ql.TestTxnCommands-1713960750541/warehouse/acidtbl/delta_0000001_0000001_0000/bucket_00000_0]
2024-04-24T05:13:54,161  INFO [pool-152-thread-1] exec.FileSinkOperator: TOTAL_TABLE_ROWS_WRITTEN:1, RECORDS_OUT_INTERMEDIATE:0, RECORDS_OUT_OPERATOR_FS_6:1, RECORDS_OUT_1_default.acidtbl:1, 
2024-04-24T05:13:54,161  INFO [pool-152-thread-1] mapred.Task: Task:attempt_local207055426_0030_r_000000_0 is done. And is in the process of committing
2024-04-24T05:13:54,162  INFO [pool-152-thread-1] mapred.LocalJobRunner: reduce > reduce
2024-04-24T05:13:54,162  INFO [pool-152-thread-1] mapred.Task: Task 'attempt_local207055426_0030_r_000000_0' done.
2024-04-24T05:13:54,162  INFO [pool-152-thread-1] mapred.Task: Final Counters for attempt_local207055426_0030_r_000000_0: Counters: 30
	File System Counters
		FILE: Number of bytes read=632394
		FILE: Number of bytes written=37612647
		FILE: Number of read operations=0
		FILE: Number of large read operations=0
		FILE: Number of write operations=0
	Map-Reduce Framework
		Combine input records=0
		Combine output records=0
		Reduce input groups=1
		Reduce shuffle bytes=24
		Reduce input records=1
		Reduce output records=0
		Spilled Records=1
		Shuffled Maps =1
		Failed Shuffles=0
		Merged Map outputs=1
		GC time elapsed (ms)=0
		Total committed heap usage (bytes)=1243086848
	HIVE
		CREATED_FILES=1
		RECORDS_OUT_1_default.acidtbl=1
		RECORDS_OUT_INTERMEDIATE=0
		RECORDS_OUT_OPERATOR_FS_6=1
		RECORDS_OUT_OPERATOR_SEL_5=1
		TOTAL_TABLE_ROWS_WRITTEN=1
	Shuffle Errors
		BAD_ID=0
		CONNECTION=0
		IO_ERROR=0
		WRONG_LENGTH=0
		WRONG_MAP=0
		WRONG_REDUCE=0
	File Output Format Counters 
		Bytes Written=0
2024-04-24T05:13:54,162  INFO [pool-152-thread-1] mapred.LocalJobRunner: Finishing task: attempt_local207055426_0030_r_000000_0
2024-04-24T05:13:54,162  INFO [pool-152-thread-1] mapred.LocalJobRunner: Starting task: attempt_local207055426_0030_r_000001_0
2024-04-24T05:13:54,163  INFO [pool-152-thread-1] mapred.Task:  Using ResourceCalculatorProcessTree : [ ]
2024-04-24T05:13:54,163  INFO [pool-152-thread-1] mapred.ReduceTask: Using ShuffleConsumerPlugin: org.apache.hadoop.mapreduce.task.reduce.Shuffle@6bb4f7ea
2024-04-24T05:13:54,163  WARN [pool-152-thread-1] impl.MetricsSystemImpl: JobTracker metrics system already initialized!
2024-04-24T05:13:54,164  INFO [pool-152-thread-1] reduce.MergeManagerImpl: MergerManager: memoryLimit=1336252800, maxSingleShuffleLimit=334063200, mergeThreshold=881926912, ioSortFactor=10, memToMemMergeOutputsThreshold=10
2024-04-24T05:13:54,165  INFO [EventFetcher for fetching Map Completion Events] reduce.EventFetcher: attempt_local207055426_0030_r_000001_0 Thread started: EventFetcher for fetching Map Completion Events
2024-04-24T05:13:54,168  INFO [localfetcher#44] reduce.LocalFetcher: localfetcher#44 about to shuffle output of map attempt_local207055426_0030_m_000000_0 decomp: 20 len: 24 to MEMORY
2024-04-24T05:13:54,168  INFO [localfetcher#44] reduce.InMemoryMapOutput: Read 20 bytes from map-output for attempt_local207055426_0030_m_000000_0
2024-04-24T05:13:54,168  INFO [localfetcher#44] reduce.MergeManagerImpl: closeInMemoryFile -> map-output of size: 20, inMemoryMapOutputs.size() -> 1, commitMemory -> 0, usedMemory ->20
2024-04-24T05:13:54,168  INFO [EventFetcher for fetching Map Completion Events] reduce.EventFetcher: EventFetcher is interrupted.. Returning
2024-04-24T05:13:54,168  INFO [pool-152-thread-1] mapred.LocalJobRunner: 1 / 1 copied.
2024-04-24T05:13:54,169  INFO [pool-152-thread-1] reduce.MergeManagerImpl: finalMerge called with 1 in-memory map-outputs and 0 on-disk map-outputs
2024-04-24T05:13:54,175  INFO [pool-152-thread-1] mapred.Merger: Merging 1 sorted segments
2024-04-24T05:13:54,175  INFO [pool-152-thread-1] mapred.Merger: Down to the last merge-pass, with 1 segments left of total size: 8 bytes
2024-04-24T05:13:54,178  INFO [pool-152-thread-1] reduce.MergeManagerImpl: Merged 1 segments, 20 bytes to disk to satisfy reduce memory limit
2024-04-24T05:13:54,178  INFO [pool-152-thread-1] reduce.MergeManagerImpl: Merging 1 files, 24 bytes from disk
2024-04-24T05:13:54,178  INFO [pool-152-thread-1] reduce.MergeManagerImpl: Merging 0 segments, 0 bytes from memory into reduce
2024-04-24T05:13:54,178  INFO [pool-152-thread-1] mapred.Merger: Merging 1 sorted segments
2024-04-24T05:13:54,178  INFO [pool-152-thread-1] mapred.Merger: Down to the last merge-pass, with 1 segments left of total size: 8 bytes
2024-04-24T05:13:54,178  INFO [pool-152-thread-1] mapred.LocalJobRunner: 1 / 1 copied.
2024-04-24T05:13:54,179  INFO [pool-152-thread-1] exec.SerializationUtilities: Deserializing ReduceWork using kryo
2024-04-24T05:13:54,179  INFO [pool-152-thread-1] exec.Utilities: Deserialized plan (via FILE) - name: null size: 5,92KB
2024-04-24T05:13:54,180  INFO [pool-152-thread-1] ExecReducer: 
<SEL>Id =5
  <Children>
    <FS>Id =6
      <Children>
      <\Children>
      <Parent>Id = 5 null<\Parent>
    <\FS>
  <\Children>
  <Parent><\Parent>
<\SEL>
2024-04-24T05:13:54,180  INFO [pool-152-thread-1] exec.SelectOperator: Initializing Operator: SEL[5]
2024-04-24T05:13:54,180  INFO [pool-152-thread-1] exec.SelectOperator: SELECT struct<key:struct<reducesinkkey0:int>,value:struct<_col0:int>>
2024-04-24T05:13:54,180  INFO [pool-152-thread-1] exec.FileSinkOperator: Initializing Operator: FS[6]
2024-04-24T05:13:54,180  INFO [pool-152-thread-1] exec.FileSinkOperator: Using serializer : AbstractSerDe [log=org.apache.logging.slf4j.Log4jLogger@a925655, configuration=Optional[Configuration: core-default.xml, core-site.xml, mapred-default.xml, mapred-site.xml, yarn-default.xml, yarn-site.xml, hdfs-default.xml, hdfs-site.xml, file:/home/alex/Repositories/hive/ql/target/tmp/TestTxnCommandsWithSplitUpdateAndVectorization/mapred/local/localRunner/alex/job_local207055426_0030/job_local207055426_0030.xml], properties={transactional_properties=default, name=default.acidtbl, transactional=true, columns.types=int:int, bucket_field_name=a, columns=a,b, numFilesErasureCoded=0, columns.comments=&amp#0;, bucketing_version=2, bucket_count=2, serialization.lib=org.apache.hadoop.hive.ql.io.orc.OrcSerde, file.inputformat=org.apache.hadoop.hive.ql.io.orc.OrcInputFormat, file.outputformat=org.apache.hadoop.hive.ql.io.orc.OrcOutputFormat, location=file:/home/alex/Repositories/hive/ql/target/tmp/org.apache.hadoop.hive.ql.TestTxnCommands-1713960750541/warehouse/acidtbl, column.name.delimiter=,}, tableProperties={transactional_properties=default, name=default.acidtbl, transactional=true, columns.types=int:int, bucket_field_name=a, columns=a,b, numFilesErasureCoded=0, columns.comments=&amp#0;, bucketing_version=2, bucket_count=2, serialization.lib=org.apache.hadoop.hive.ql.io.orc.OrcSerde, file.inputformat=org.apache.hadoop.hive.ql.io.orc.OrcInputFormat, location=file:/home/alex/Repositories/hive/ql/target/tmp/org.apache.hadoop.hive.ql.TestTxnCommands-1713960750541/warehouse/acidtbl, file.outputformat=org.apache.hadoop.hive.ql.io.orc.OrcOutputFormat, column.name.delimiter=,}, partitionProperties=Optional.empty, columnNames=[a, b], columnTypes=[int, int], getClass()=class org.apache.hadoop.hive.ql.io.orc.OrcSerde] and formatter : org.apache.hadoop.hive.ql.io.orc.OrcOutputFormat@1d553ada
2024-04-24T05:13:54,181  INFO [pool-152-thread-1] exec.FileSinkOperator: Final Path: FS file:/home/alex/Repositories/hive/ql/target/tmp/org.apache.hadoop.hive.ql.TestTxnCommands-1713960750541/warehouse/acidtbl
2024-04-24T05:13:54,181  INFO [pool-152-thread-1] exec.FileSinkOperator: New Final Path: FS file:/home/alex/Repositories/hive/ql/target/tmp/org.apache.hadoop.hive.ql.TestTxnCommands-1713960750541/warehouse/acidtbl
2024-04-24T05:13:54,181  INFO [pool-152-thread-1] common.FileUtils: Creating directory if it doesn't exist: file:/home/alex/Repositories/hive/ql/target/tmp/org.apache.hadoop.hive.ql.TestTxnCommands-1713960750541/warehouse
2024-04-24T05:13:54,181  INFO [pool-152-thread-1] exec.FileSinkOperator: FS[6]: records written - 1
2024-04-24T05:13:54,181  INFO [pool-152-thread-1] impl.PhysicalFsWriter: ORC writer created for path: file:/home/alex/Repositories/hive/ql/target/tmp/org.apache.hadoop.hive.ql.TestTxnCommands-1713960750541/warehouse/acidtbl/delta_0000001_0000001_0000/bucket_00001_0 with stripeSize: 8388608 blockSize: 268435456 compression: Compress: ZLIB buffer: 32768
2024-04-24T05:13:54,187  INFO [pool-152-thread-1] impl.WriterImpl: ORC writer created for path: file:/home/alex/Repositories/hive/ql/target/tmp/org.apache.hadoop.hive.ql.TestTxnCommands-1713960750541/warehouse/acidtbl/delta_0000001_0000001_0000/bucket_00001_0 with stripeSize: 8388608 options: Compress: ZLIB buffer: 32768
2024-04-24T05:13:54,187  INFO [pool-152-thread-1] exec.SelectOperator: Closing Operator: SEL[5]
2024-04-24T05:13:54,187  INFO [pool-152-thread-1] exec.SelectOperator: RECORDS_OUT_OPERATOR_SEL_5:1, RECORDS_OUT_INTERMEDIATE:0, 
2024-04-24T05:13:54,187  INFO [pool-152-thread-1] exec.FileSinkOperator: Closing Operator: FS[6]
2024-04-24T05:13:54,187  INFO [pool-152-thread-1] exec.FileSinkOperator: FS[6]: records written - 1
2024-04-24T05:13:54,188  INFO [pool-152-thread-1] FileOperations: Writing manifest to file:/home/alex/Repositories/hive/ql/target/tmp/org.apache.hadoop.hive.ql.TestTxnCommands-1713960750541/warehouse/acidtbl/_tmp.delta_0000001_0000001_0000/000001_0.manifest with [file:/home/alex/Repositories/hive/ql/target/tmp/org.apache.hadoop.hive.ql.TestTxnCommands-1713960750541/warehouse/acidtbl/delta_0000001_0000001_0000/bucket_00001_0]
2024-04-24T05:13:54,199  INFO [pool-152-thread-1] exec.FileSinkOperator: TOTAL_TABLE_ROWS_WRITTEN:1, RECORDS_OUT_OPERATOR_FS_6:1, RECORDS_OUT_1_default.acidtbl:1, RECORDS_OUT_INTERMEDIATE:0, 
2024-04-24T05:13:54,199  INFO [pool-152-thread-1] mapred.Task: Task:attempt_local207055426_0030_r_000001_0 is done. And is in the process of committing
2024-04-24T05:13:54,200  INFO [pool-152-thread-1] mapred.LocalJobRunner: reduce > reduce
2024-04-24T05:13:54,200  INFO [pool-152-thread-1] mapred.Task: Task 'attempt_local207055426_0030_r_000001_0' done.
2024-04-24T05:13:54,200  INFO [pool-152-thread-1] mapred.Task: Final Counters for attempt_local207055426_0030_r_000001_0: Counters: 30
	File System Counters
		FILE: Number of bytes read=638477
		FILE: Number of bytes written=37613675
		FILE: Number of read operations=0
		FILE: Number of large read operations=0
		FILE: Number of write operations=0
	Map-Reduce Framework
		Combine input records=0
		Combine output records=0
		Reduce input groups=1
		Reduce shuffle bytes=24
		Reduce input records=1
		Reduce output records=0
		Spilled Records=1
		Shuffled Maps =1
		Failed Shuffles=0
		Merged Map outputs=1
		GC time elapsed (ms)=0
		Total committed heap usage (bytes)=1243086848
	HIVE
		CREATED_FILES=1
		RECORDS_OUT_1_default.acidtbl=1
		RECORDS_OUT_INTERMEDIATE=0
		RECORDS_OUT_OPERATOR_FS_6=1
		RECORDS_OUT_OPERATOR_SEL_5=1
		TOTAL_TABLE_ROWS_WRITTEN=1
	Shuffle Errors
		BAD_ID=0
		CONNECTION=0
		IO_ERROR=0
		WRONG_LENGTH=0
		WRONG_MAP=0
		WRONG_REDUCE=0
	File Output Format Counters 
		Bytes Written=0
2024-04-24T05:13:54,200  INFO [pool-152-thread-1] mapred.LocalJobRunner: Finishing task: attempt_local207055426_0030_r_000001_0
2024-04-24T05:13:54,200  INFO [Thread-2395] mapred.LocalJobRunner: reduce task executor complete.
2024-04-24 05:13:55,080 Stage-1 map = 100%,  reduce = 100%
2024-04-24T05:13:55,080  INFO [main] exec.Task: 2024-04-24 05:13:55,080 Stage-1 map = 100%,  reduce = 100%
Ended Job = job_local207055426_0030
2024-04-24T05:13:55,082  INFO [main] exec.Task: Ended Job = job_local207055426_0030
2024-04-24T05:13:55,082  INFO [main] FileOperations: Found manifest file file:/home/alex/Repositories/hive/ql/target/tmp/org.apache.hadoop.hive.ql.TestTxnCommands-1713960750541/warehouse/acidtbl/_tmp.delta_0000001_0000001_0000/000000_0.manifest with attemptId 0.
2024-04-24T05:13:55,083  INFO [main] FileOperations: Found manifest file file:/home/alex/Repositories/hive/ql/target/tmp/org.apache.hadoop.hive.ql.TestTxnCommands-1713960750541/warehouse/acidtbl/_tmp.delta_0000001_0000001_0000/000001_0.manifest with attemptId 0.
2024-04-24T05:13:55,083  INFO [main] FileOperations: Looking at manifest file: file:/home/alex/Repositories/hive/ql/target/tmp/org.apache.hadoop.hive.ql.TestTxnCommands-1713960750541/warehouse/acidtbl/_tmp.delta_0000001_0000001_0000/000000_0.manifest
2024-04-24T05:13:55,083  INFO [main] FileOperations: Looking at manifest file: file:/home/alex/Repositories/hive/ql/target/tmp/org.apache.hadoop.hive.ql.TestTxnCommands-1713960750541/warehouse/acidtbl/_tmp.delta_0000001_0000001_0000/000001_0.manifest
2024-04-24T05:13:55,083  INFO [main] FileOperations: Deleting manifest directory file:/home/alex/Repositories/hive/ql/target/tmp/org.apache.hadoop.hive.ql.TestTxnCommands-1713960750541/warehouse/acidtbl/_tmp.delta_0000001_0000001_0000
2024-04-24T05:13:55,084  INFO [main] ql.Driver: Starting task [Stage-0:MOVE] in serial mode
Loading data to table default.acidtbl
2024-04-24T05:13:55,084  INFO [main] exec.Task: Loading data to table default.acidtbl from file:/home/alex/Repositories/hive/ql/target/tmp/org.apache.hadoop.hive.ql.TestTxnCommands-1713960750541/warehouse/acidtbl
2024-04-24T05:13:55,084  INFO [main] HiveMetaStore.audit: ugi=alex	ip=unknown-ip-addr	cmd=get_table : tbl=hive.default.acidtbl	
2024-04-24T05:13:55,091  INFO [main] metastore.HMSHandler: Skipping translation for processor with null
2024-04-24T05:13:55,091  INFO [main] HiveMetaStore.audit: ugi=alex	ip=unknown-ip-addr	cmd=get_table : tbl=hive.default.acidtbl	
2024-04-24T05:13:55,097  INFO [main] metastore.HMSHandler: Skipping translation for processor with null
2024-04-24T05:13:55,098  INFO [main] HiveMetaStore.audit: ugi=alex	ip=unknown-ip-addr	cmd=alter_table: hive.default.acidtbl newtbl=acidtbl	
2024-04-24T05:13:55,130  INFO [main] ql.Driver: Starting task [Stage-2:STATS] in serial mode
2024-04-24T05:13:55,130  INFO [main] HiveMetaStore.audit: ugi=alex	ip=unknown-ip-addr	cmd=get_table : tbl=hive.default.acidtbl	
2024-04-24T05:13:55,136  INFO [main] metastore.HMSHandler: Skipping translation for processor with null
2024-04-24T05:13:55,136  INFO [main] stats.BasicStatsTask: Executing stats task
2024-04-24T05:13:55,137  INFO [main] fs.FSStatsPublisher: created : file:/home/alex/Repositories/hive/ql/target/tmp/localscratchdir/92789b59-ad09-4340-8b13-c120265b9798/hive_2024-04-24_05-13-53_586_8588071273700638311-1/-mr-10000
2024-04-24T05:13:55,138  INFO [main] HiveMetaStore.audit: ugi=alex	ip=unknown-ip-addr	cmd=get_table : tbl=hive.default.acidtbl	
2024-04-24T05:13:55,145  INFO [main] metastore.HMSHandler: Skipping translation for processor with null
2024-04-24T05:13:55,155  WARN [main] FileOperations: Computing stats for an ACID table; stats may be inaccurate
2024-04-24T05:13:55,156  INFO [main] FileOperations: Read stats for default.acidtbl/, numRows, true, 2, false: 
2024-04-24T05:13:55,156  INFO [main] FileOperations: Read stats for default.acidtbl/, rawDataSize, true, 0, false: 
2024-04-24T05:13:55,156  INFO [main] HiveMetaStore.audit: ugi=alex	ip=unknown-ip-addr	cmd=alter_table: hive.default.acidtbl newtbl=acidtbl	
2024-04-24T05:13:55,177  INFO [main] FileOperations: Read stats for default.acidtbl/, insertCount, true, 2, false: 
2024-04-24T05:13:55,177  INFO [main] FileOperations: Read stats for default.acidtbl/, updateCount, true, 0, false: 
2024-04-24T05:13:55,177  INFO [main] FileOperations: Read stats for default.acidtbl/, deleteCount, true, 0, false: 
2024-04-24T05:13:55,179  INFO [main] stats.BasicStatsTask: Table default.acidtbl stats: [numFiles=2, numRows=2, totalSize=1344, rawDataSize=0, numFilesErasureCoded=0]
2024-04-24T05:13:55,179  INFO [main] metadata.Hive: Dumping metastore api call timing information for : execution phase
2024-04-24T05:13:55,180  INFO [main] metadata.Hive: Total time spent in each metastore function (ms): {alter_table_(String, String, String, Table, EnvironmentContext, String)=53, getTable_(GetTableRequest)=26, isCompatibleWith_(Configuration)=0, updateTransactionalStatistics_(UpdateTransactionalStatsRequest)=2}
MapReduce Jobs Launched: 
2024-04-24T05:13:55,180  INFO [main] ql.Driver: MapReduce Jobs Launched: 
Stage-Stage-1:  HDFS Read: 0 HDFS Write: 0 SUCCESS
2024-04-24T05:13:55,180  INFO [main] ql.Driver: Stage-Stage-1:  HDFS Read: 0 HDFS Write: 0 SUCCESS
Total MapReduce CPU Time Spent: 0 msec
2024-04-24T05:13:55,180  INFO [main] ql.Driver: Total MapReduce CPU Time Spent: 0 msec
2024-04-24T05:13:55,180  INFO [main] ql.Driver: Completed executing command(queryId=alex_20240424051353_1d57b584-49d4-4b11-9611-ec5e588326a5); Time taken: 1.396 seconds
2024-04-24T05:13:55,180  INFO [main] lockmgr.DbTxnManager: Stopped heartbeat for query: alex_20240424051353_1d57b584-49d4-4b11-9611-ec5e588326a5
2024-04-24T05:13:55,188  INFO [main] txn.TxnHandler: Removed transactions: ([13]) from MIN_HISTORY_LEVEL
2024-04-24T05:13:55,188  WARN [main] txn.CompactionTxnHandler: No compaction queue record found for Compaction type transaction commit. txnId:13
2024-04-24T05:13:55,189  INFO [main] ql.TxnCommandsBaseForTests: Running the query: select a,b from acidTbl order by a,b
2024-04-24T05:13:55,189  INFO [main] ql.Context: Deleting scratch dir: file:/home/alex/Repositories/hive/ql/target/tmp/localscratchdir/92789b59-ad09-4340-8b13-c120265b9798/hive_2024-04-24_05-13-53_586_8588071273700638311-1
2024-04-24T05:13:55,190  INFO [main] cleanup.SyncCleanupService: Deleted directory: file:/home/alex/Repositories/hive/ql/target/tmp/localscratchdir/92789b59-ad09-4340-8b13-c120265b9798/hive_2024-04-24_05-13-53_586_8588071273700638311-1 on fs with scheme file
2024-04-24T05:13:55,190  INFO [main] ql.Driver: Compiling command(queryId=alex_20240424051355_9a59e47d-ec0c-4c4a-9529-88e5fa809931): select a,b from acidTbl order by a,b
2024-04-24T05:13:55,192  INFO [main] txn.TxnHandler: Added entries to MIN_HISTORY_LEVEL for current txns: ([14]) with min_open_txn: 14
2024-04-24T05:13:55,193  INFO [main] lockmgr.DbTxnManager: Opened txnid:14
2024-04-24T05:13:55,193  INFO [main] parse.CalcitePlanner: Starting caching scope for: 
2024-04-24T05:13:55,193  INFO [main] parse.CalcitePlanner: Starting Semantic Analysis
2024-04-24T05:13:55,195  INFO [main] parse.CalcitePlanner: Completed phase 1 of Semantic Analysis
2024-04-24T05:13:55,196  INFO [main] parse.CalcitePlanner: Get metadata for source tables
2024-04-24T05:13:55,196  INFO [main] HiveMetaStore.audit: ugi=alex	ip=unknown-ip-addr	cmd=get_table : tbl=hive.default.acidtbl	
2024-04-24T05:13:55,203  INFO [main] metastore.HMSHandler: Skipping translation for processor with null
2024-04-24T05:13:55,203  INFO [main] parse.CalcitePlanner: Get metadata for subqueries
2024-04-24T05:13:55,203  INFO [main] parse.CalcitePlanner: Get metadata for destination tables
2024-04-24T05:13:55,203  INFO [main] parse.CalcitePlanner: Completed getting MetaData in Semantic Analysis
2024-04-24T05:13:55,216  INFO [main] HiveMetaStore.audit: ugi=alex	ip=unknown-ip-addr	cmd=get_all_table_constraints : tbl=hive.default.acidtbl	
2024-04-24T05:13:55,224  INFO [main] calcite.RelOptHiveTable: Calculating column statistics for default.acidtbl, projIndxSet: [0, 1], allowMissingStats: true
2024-04-24T05:13:55,224  INFO [main] HiveMetaStore.audit: ugi=alex	ip=unknown-ip-addr	cmd=get_table : tbl=hive.default.acidtbl	
2024-04-24T05:13:55,233  INFO [main] metastore.HMSHandler: Skipping translation for processor with null
2024-04-24T05:13:55,234  INFO [main] HiveMetaStore.audit: ugi=alex	ip=unknown-ip-addr	cmd=get_table : tbl=hive.default.acidtbl	
2024-04-24T05:13:55,243  INFO [main] metastore.HMSHandler: Skipping translation for processor with null
2024-04-24T05:13:55,243  INFO [main] HiveMetaStore.audit: ugi=alex	ip=unknown-ip-addr	cmd=get_table_statistics_req: table=hive.default.acidtbl	
2024-04-24T05:13:55,256  WARN [main] calcite.RelOptHiveTable: No Stats for default@acidtbl, Columns: a, b
No Stats for default@acidtbl, Columns: a, b
2024-04-24T05:13:55,256  INFO [main] SessionState: No Stats for default@acidtbl, Columns: a, b
2024-04-24T05:13:55,300  INFO [main] parse.CalcitePlanner: Get metadata for source tables
2024-04-24T05:13:55,301  INFO [main] parse.CalcitePlanner: Get metadata for subqueries
2024-04-24T05:13:55,301  INFO [main] parse.CalcitePlanner: Get metadata for destination tables
2024-04-24T05:13:55,302  INFO [main] common.FileUtils: Creating directory if it doesn't exist: file:/home/alex/Repositories/hive/ql/target/tmp/localscratchdir/92789b59-ad09-4340-8b13-c120265b9798/hive_2024-04-24_05-13-55_190_6026501658352026735-1/-mr-10001/.hive-staging_hive_2024-04-24_05-13-55_190_6026501658352026735-1
2024-04-24T05:13:55,309  INFO [main] parse.CalcitePlanner: CBO Succeeded; optimized logical plan.
2024-04-24T05:13:55,312  INFO [main] optimizer.ColumnPrunerProcFactory: RS 2 oldColExprMap: {KEY.reducesinkkey0=Column[_col0], KEY.reducesinkkey1=Column[_col1]}
2024-04-24T05:13:55,312  INFO [main] optimizer.ColumnPrunerProcFactory: RS 2 newColExprMap: {KEY.reducesinkkey1=Column[_col1], KEY.reducesinkkey0=Column[_col0]}
2024-04-24T05:13:55,313  INFO [main] optimizer.SortedDynPartitionOptimizer: Sorted dynamic partitioning optimization kicked in..
2024-04-24T05:13:55,322  INFO [main] physical.Vectorizer: Examining input format to see if vectorization is enabled.
2024-04-24T05:13:55,322  INFO [main] physical.Vectorizer: Vectorization is enabled for input format(s) [org.apache.hadoop.hive.ql.io.orc.OrcInputFormat]
2024-04-24T05:13:55,322  INFO [main] physical.Vectorizer: Validating and vectorizing MapWork... (vectorizedVertexNum 0)
2024-04-24T05:13:55,323  INFO [main] physical.Vectorizer: Map vectorization enabled: true
2024-04-24T05:13:55,323  INFO [main] physical.Vectorizer: Map vectorized: true
2024-04-24T05:13:55,323  INFO [main] physical.Vectorizer: Map vectorizedVertexNum: 0
2024-04-24T05:13:55,323  INFO [main] physical.Vectorizer: Map enabledConditionsMet: [hive.vectorized.use.vectorized.input.format IS true]
2024-04-24T05:13:55,323  INFO [main] physical.Vectorizer: Map inputFileFormatClassNameSet: [org.apache.hadoop.hive.ql.io.orc.OrcInputFormat]
2024-04-24T05:13:55,323  INFO [main] physical.Vectorizer: Reduce vectorization enabled: false
2024-04-24T05:13:55,323  INFO [main] physical.Vectorizer: Reduce vectorized: false
2024-04-24T05:13:55,323  INFO [main] physical.Vectorizer: Reduce vectorizedVertexNum: 1
2024-04-24T05:13:55,323  INFO [main] physical.Vectorizer: Reducer hive.vectorized.execution.reduce.enabled: true
2024-04-24T05:13:55,323  INFO [main] physical.Vectorizer: Reducer engine: mr
2024-04-24T05:13:55,323  INFO [main] parse.CalcitePlanner: Completed plan generation
2024-04-24T05:13:55,323  INFO [main] parse.CalcitePlanner: Ending caching scope for: 
2024-04-24T05:13:55,323  INFO [main] ql.Driver: Semantic Analysis Completed (retrial = false)
2024-04-24T05:13:55,323  INFO [main] ql.Driver: Created Hive schema: Schema(fieldSchemas:[FieldSchema(name:a, type:int, comment:null), FieldSchema(name:b, type:int, comment:null)], properties:null)
2024-04-24T05:13:55,324  INFO [main] exec.ListSinkOperator: Initializing Operator: LIST_SINK[7]
2024-04-24T05:13:55,324  INFO [main] metadata.Hive: Dumping metastore api call timing information for : compilation phase
2024-04-24T05:13:55,324  INFO [main] metadata.Hive: Total time spent in each metastore function (ms): {getAllTableConstraints_(AllTableConstraintsRequest)=5, getTable_(GetTableRequest)=7, getValidWriteIds_(List, String)=2, getValidTxns_(long)=0, flushCache_()=0, openTxn_(String, TxnType)=2, getTableColumnStatistics_(String, String, List, String)=31, commitTxn_(CommitTxnRequest)=9, isCompatibleWith_(Configuration)=1}
2024-04-24T05:13:55,324  INFO [main] ql.Driver: Completed compiling command(queryId=alex_20240424051355_9a59e47d-ec0c-4c4a-9529-88e5fa809931); Time taken: 0.134 seconds
2024-04-24T05:13:55,325  INFO [main] lockmgr.DbTxnManager: Setting lock request transaction to txnid:14 for queryId=alex_20240424051355_9a59e47d-ec0c-4c4a-9529-88e5fa809931
2024-04-24T05:13:55,325  INFO [main] lockmgr.DbLockManager: Requesting lock for queryId=alex_20240424051355_9a59e47d-ec0c-4c4a-9529-88e5fa809931
2024-04-24T05:13:55,340  INFO [main] lockmgr.DbLockManager: Response to queryId=alex_20240424051355_9a59e47d-ec0c-4c4a-9529-88e5fa809931 LockResponse(lockid:8, state:ACQUIRED)
2024-04-24T05:13:55,340  INFO [main] ql.Driver: Operation QUERY obtained 1 locks
2024-04-24T05:13:55,340  INFO [main] ql.Driver: Executing command(queryId=alex_20240424051355_9a59e47d-ec0c-4c4a-9529-88e5fa809931): select a,b from acidTbl order by a,b
2024-04-24T05:13:55,341  WARN [main] ql.Driver: Hive-on-MR is deprecated in Hive 2 and may not be available in the future versions. Consider using a different execution engine (i.e. spark, tez) or using Hive 1.X releases.
Query ID = alex_20240424051355_9a59e47d-ec0c-4c4a-9529-88e5fa809931
2024-04-24T05:13:55,341  INFO [main] ql.Driver: Query ID = alex_20240424051355_9a59e47d-ec0c-4c4a-9529-88e5fa809931
Total jobs = 1
2024-04-24T05:13:55,341  INFO [main] ql.Driver: Total jobs = 1
Launching Job 1 out of 1
2024-04-24T05:13:55,341  INFO [main] ql.Driver: Launching Job 1 out of 1
2024-04-24T05:13:55,493  INFO [main] ql.Driver: Starting task [Stage-1:MAPRED] in serial mode
Number of reduce tasks determined at compile time: 1
2024-04-24T05:13:55,493  INFO [main] exec.Task: Number of reduce tasks determined at compile time: 1
In order to change the average load for a reducer (in bytes):
2024-04-24T05:13:55,494  INFO [main] exec.Task: In order to change the average load for a reducer (in bytes):
  set hive.exec.reducers.bytes.per.reducer=<number>
2024-04-24T05:13:55,494  INFO [main] exec.Task:   set hive.exec.reducers.bytes.per.reducer=<number>
In order to limit the maximum number of reducers:
2024-04-24T05:13:55,494  INFO [main] exec.Task: In order to limit the maximum number of reducers:
  set hive.exec.reducers.max=<number>
2024-04-24T05:13:55,494  INFO [main] exec.Task:   set hive.exec.reducers.max=<number>
In order to set a constant number of reducers:
2024-04-24T05:13:55,494  INFO [main] exec.Task: In order to set a constant number of reducers:
  set mapreduce.job.reduces=<number>
2024-04-24T05:13:55,494  INFO [main] exec.Task:   set mapreduce.job.reduces=<number>
2024-04-24T05:13:55,496  INFO [main] mr.ExecDriver: Using org.apache.hadoop.hive.ql.io.HiveInputFormat
2024-04-24T05:13:55,496  INFO [main] exec.Utilities: Processing alias acidtbl
2024-04-24T05:13:55,496  INFO [main] exec.Utilities: Adding 1 inputs; the first input is file:/home/alex/Repositories/hive/ql/target/tmp/org.apache.hadoop.hive.ql.TestTxnCommands-1713960750541/warehouse/acidtbl
2024-04-24T05:13:55,505  INFO [main] exec.SerializationUtilities: Serializing MapWork using kryo
2024-04-24T05:13:55,507  INFO [main] exec.Utilities: Serialized plan (via FILE) - name: null size: 6,04KB
2024-04-24T05:13:55,512  INFO [main] exec.SerializationUtilities: Serializing ReduceWork using kryo
2024-04-24T05:13:55,513  INFO [main] exec.Utilities: Serialized plan (via FILE) - name: null size: 7,01KB
2024-04-24T05:13:55,514  WARN [main] impl.MetricsSystemImpl: JobTracker metrics system already initialized!
2024-04-24T05:13:55,520  WARN [main] impl.MetricsSystemImpl: JobTracker metrics system already initialized!
2024-04-24T05:13:55,527  WARN [main] mapreduce.JobResourceUploader: Hadoop command-line option parsing not performed. Implement the Tool interface and execute your application with ToolRunner to remedy this.
2024-04-24T05:13:55,531  WARN [main] mapreduce.JobResourceUploader: No job jar file set.  User classes may not be found. See Job or Job#setJar(String).
2024-04-24T05:13:55,532  INFO [main] io.HiveInputFormat: hive.io.file.readcolumn.ids = 0,1
2024-04-24T05:13:55,532  INFO [main] io.HiveInputFormat: hive.io.file.readcolumn.names = a,b
2024-04-24T05:13:55,532  INFO [main] io.HiveInputFormat: Generating splits for dirs: file:/home/alex/Repositories/hive/ql/target/tmp/org.apache.hadoop.hive.ql.TestTxnCommands-1713960750541/warehouse/acidtbl
2024-04-24T05:13:55,533  INFO [main] orc.OrcInputFormat: getSplits started
2024-04-24T05:13:55,533  INFO [main] orc.OrcInputFormat: Context:: isAcid: true isVectorMode: true sarg: null minSplitSize: 1 maxSplitSize: 256000000 splitStrategy: HYBRID footerInSplits: false numBuckets: 2 numThreads: 10 cacheMemSize: 268435456 cacheStripeDetails: true useSoftReference: false writeIdList: default.acidtbl:1:9223372036854775807:: isTransactionalTable: true txnProperties: default 
2024-04-24T05:13:55,533  INFO [main] orc.OrcInputFormat: ORC pushdown predicate: null
2024-04-24T05:13:55,547  INFO [main] orc.OrcInputFormat: FooterCacheHitRatio: 0/2
2024-04-24T05:13:55,547  INFO [main] orc.OrcInputFormat: getSplits finished (#splits: 2). duration: 14 ms
2024-04-24T05:13:55,547  INFO [main] io.HiveInputFormat: number of splits 2
2024-04-24T05:13:55,567  INFO [main] mapreduce.JobSubmitter: number of splits:2
2024-04-24T05:13:55,586  INFO [main] mapreduce.JobSubmitter: Submitting tokens for job: job_local1230850890_0031
2024-04-24T05:13:55,586  INFO [main] mapreduce.JobSubmitter: Executing with tokens: []
2024-04-24T05:13:55,652  INFO [main] mapreduce.Job: The url to track the job: http://localhost:8080/
Job running in-process (local Hadoop)
2024-04-24T05:13:55,652  INFO [main] exec.Task: Job running in-process (local Hadoop)
2024-04-24T05:13:55,652  INFO [Thread-2472] mapred.LocalJobRunner: OutputCommitter set in config org.apache.hadoop.hive.ql.io.HiveFileFormatUtils$NullOutputCommitter
2024-04-24T05:13:55,652  INFO [Thread-2472] mapred.LocalJobRunner: OutputCommitter is org.apache.hadoop.hive.ql.io.HiveFileFormatUtils$NullOutputCommitter
2024-04-24T05:13:55,654  INFO [Thread-2472] mapred.LocalJobRunner: Waiting for map tasks
2024-04-24T05:13:55,654  INFO [LocalJobRunner Map Task Executor #0] mapred.LocalJobRunner: Starting task: attempt_local1230850890_0031_m_000000_0
2024-04-24T05:13:55,655  INFO [LocalJobRunner Map Task Executor #0] mapred.Task:  Using ResourceCalculatorProcessTree : [ ]
2024-04-24T05:13:55,655  INFO [LocalJobRunner Map Task Executor #0] mapred.MapTask: Processing split: org.apache.hadoop.hive.ql.io.orc.OrcInputFormat:OrcSplit [file:/home/alex/Repositories/hive/ql/target/tmp/org.apache.hadoop.hive.ql.TestTxnCommands-1713960750541/warehouse/acidtbl/delta_0000001_0000001_0000/bucket_00001_0, start=0, length=673, isOriginal=false, fileLength=673, hasFooter=false, hasBase=true, deltas=0]
2024-04-24T05:13:55,656  INFO [LocalJobRunner Map Task Executor #0] exec.SerializationUtilities: Deserializing MapWork using kryo
2024-04-24T05:13:55,656  INFO [LocalJobRunner Map Task Executor #0] exec.Utilities: Deserialized plan (via FILE) - name: null size: 6,04KB
2024-04-24T05:13:55,657  INFO [LocalJobRunner Map Task Executor #0] orc.VectorizedOrcAcidRowBatchReader: Read ValidWriteIdList: default.acidtbl:1:9223372036854775807:::OrcSplit [file:/home/alex/Repositories/hive/ql/target/tmp/org.apache.hadoop.hive.ql.TestTxnCommands-1713960750541/warehouse/acidtbl/delta_0000001_0000001_0000/bucket_00001_0, start=0, length=673, isOriginal=false, fileLength=673, hasFooter=false, hasBase=true, deltas=0]
2024-04-24T05:13:55,657  INFO [LocalJobRunner Map Task Executor #0] orc.ReaderImpl: Reading ORC rows from file:/home/alex/Repositories/hive/ql/target/tmp/org.apache.hadoop.hive.ql.TestTxnCommands-1713960750541/warehouse/acidtbl/delta_0000001_0000001_0000/bucket_00001_0 with {include: [true, true, true], offset: 0, length: 673, schema: struct<a:int,b:int>, includeAcidColumns: false}
2024-04-24T05:13:55,658  INFO [LocalJobRunner Map Task Executor #0] mapred.MapTask: numReduceTasks: 1
2024-04-24T05:13:55,663  INFO [LocalJobRunner Map Task Executor #0] mapred.MapTask: (EQUATOR) 0 kvi 26214396(104857584)
2024-04-24T05:13:55,663  INFO [LocalJobRunner Map Task Executor #0] mapred.MapTask: mapreduce.task.io.sort.mb: 100
2024-04-24T05:13:55,663  INFO [LocalJobRunner Map Task Executor #0] mapred.MapTask: soft limit at 83886080
2024-04-24T05:13:55,663  INFO [LocalJobRunner Map Task Executor #0] mapred.MapTask: bufstart = 0; bufvoid = 104857600
2024-04-24T05:13:55,663  INFO [LocalJobRunner Map Task Executor #0] mapred.MapTask: kvstart = 26214396; length = 6553600
2024-04-24T05:13:55,663  INFO [LocalJobRunner Map Task Executor #0] mapred.MapTask: Map output collector class = org.apache.hadoop.mapred.MapTask$MapOutputBuffer
2024-04-24T05:13:55,664  INFO [LocalJobRunner Map Task Executor #0] vector.VectorMapOperator: Initializing Operator: MAP[0]
2024-04-24T05:13:55,664  INFO [LocalJobRunner Map Task Executor #0] mr.ExecMapper: 
<MAP>Id =0
  <Children>null
  <\Children>
  <Parent><\Parent>
<\MAP>
2024-04-24T05:13:55,665  INFO [LocalJobRunner Map Task Executor #0] exec.TableScanOperator: Initializing Operator: TS[0]
2024-04-24T05:13:55,665  INFO [LocalJobRunner Map Task Executor #0] vector.VectorSelectOperator: Initializing Operator: SEL[5]
2024-04-24T05:13:55,665  INFO [LocalJobRunner Map Task Executor #0] vector.VectorReduceSinkOperator: Initializing Operator: RS[6]
2024-04-24T05:13:55,665  INFO [LocalJobRunner Map Task Executor #0] vector.VectorReduceSinkOperator: Using tag = -1
2024-04-24T05:13:55,665  INFO [LocalJobRunner Map Task Executor #0] vector.VectorReduceSinkOperator: keys are [reducesinkkey0, reducesinkkey1] num distributions: 2
2024-04-24T05:13:55,665  INFO [LocalJobRunner Map Task Executor #0] vector.VectorReduceSinkOperator: RS[6]: records written - 1
2024-04-24T05:13:55,665  INFO [LocalJobRunner Map Task Executor #0] vector.VectorMapOperator: Closing Operator: MAP[0]
2024-04-24T05:13:55,665  INFO [LocalJobRunner Map Task Executor #0] vector.VectorMapOperator: RECORDS_IN:1, DESERIALIZE_ERRORS:0, RECORDS_OUT_OPERATOR_MAP_0:0, RECORDS_OUT_INTERMEDIATE:0, 
2024-04-24T05:13:55,665  INFO [LocalJobRunner Map Task Executor #0] exec.TableScanOperator: Closing Operator: TS[0]
2024-04-24T05:13:55,665  INFO [LocalJobRunner Map Task Executor #0] exec.TableScanOperator: RECORDS_OUT_INTERMEDIATE:0, RECORDS_OUT_OPERATOR_TS_0:1, 
2024-04-24T05:13:55,665  INFO [LocalJobRunner Map Task Executor #0] vector.VectorSelectOperator: Closing Operator: SEL[5]
2024-04-24T05:13:55,666  INFO [LocalJobRunner Map Task Executor #0] vector.VectorSelectOperator: RECORDS_OUT_OPERATOR_SEL_5:1, RECORDS_OUT_INTERMEDIATE:0, 
2024-04-24T05:13:55,666  INFO [LocalJobRunner Map Task Executor #0] vector.VectorReduceSinkOperator: Closing Operator: RS[6]
2024-04-24T05:13:55,666  INFO [LocalJobRunner Map Task Executor #0] vector.VectorReduceSinkOperator: RS[6]: Total records written - 1. abort - false
2024-04-24T05:13:55,666  INFO [LocalJobRunner Map Task Executor #0] vector.VectorReduceSinkOperator: RECORDS_OUT_INTERMEDIATE:1, RECORDS_OUT_OPERATOR_RS_6:1, 
2024-04-24T05:13:55,666  INFO [LocalJobRunner Map Task Executor #0] mapred.LocalJobRunner: 
2024-04-24T05:13:55,666  INFO [LocalJobRunner Map Task Executor #0] mapred.MapTask: Starting flush of map output
2024-04-24T05:13:55,666  INFO [LocalJobRunner Map Task Executor #0] mapred.MapTask: Spilling map output
2024-04-24T05:13:55,666  INFO [LocalJobRunner Map Task Executor #0] mapred.MapTask: bufstart = 0; bufend = 19; bufvoid = 104857600
2024-04-24T05:13:55,666  INFO [LocalJobRunner Map Task Executor #0] mapred.MapTask: kvstart = 26214396(104857584); kvend = 26214396(104857584); length = 1/6553600
2024-04-24T05:13:55,677  INFO [LocalJobRunner Map Task Executor #0] mapred.MapTask: Finished spill 0
2024-04-24T05:13:55,680  INFO [LocalJobRunner Map Task Executor #0] mapred.Task: Task:attempt_local1230850890_0031_m_000000_0 is done. And is in the process of committing
2024-04-24T05:13:55,681  INFO [LocalJobRunner Map Task Executor #0] mapred.LocalJobRunner: OrcSplit [file:/home/alex/Repositories/hive/ql/target/tmp/org.apache.hadoop.hive.ql.TestTxnCommands-1713960750541/warehouse/acidtbl/delta_0000001_0000001_0000/bucket_00001_0, start=0, length=673, isOriginal=false, fileLength=673, hasFooter=false, hasBase=true, deltas=0]
2024-04-24T05:13:55,681  INFO [LocalJobRunner Map Task Executor #0] mapred.Task: Task 'attempt_local1230850890_0031_m_000000_0' done.
2024-04-24T05:13:55,681  INFO [LocalJobRunner Map Task Executor #0] mapred.Task: Final Counters for attempt_local1230850890_0031_m_000000_0: Counters: 24
	File System Counters
		FILE: Number of bytes read=649051
		FILE: Number of bytes written=38868149
		FILE: Number of read operations=0
		FILE: Number of large read operations=0
		FILE: Number of write operations=0
	Map-Reduce Framework
		Map input records=1
		Map output records=1
		Map output bytes=19
		Map output materialized bytes=27
		Input split bytes=495
		Combine input records=0
		Spilled Records=1
		Failed Shuffles=0
		Merged Map outputs=0
		GC time elapsed (ms)=0
		Total committed heap usage (bytes)=1243086848
	HIVE
		DESERIALIZE_ERRORS=0
		RECORDS_IN=1
		RECORDS_OUT_INTERMEDIATE=1
		RECORDS_OUT_OPERATOR_MAP_0=0
		RECORDS_OUT_OPERATOR_RS_6=1
		RECORDS_OUT_OPERATOR_SEL_5=1
		RECORDS_OUT_OPERATOR_TS_0=1
	File Input Format Counters 
		Bytes Read=8869
2024-04-24T05:13:55,681  INFO [LocalJobRunner Map Task Executor #0] mapred.LocalJobRunner: Finishing task: attempt_local1230850890_0031_m_000000_0
2024-04-24T05:13:55,681  INFO [LocalJobRunner Map Task Executor #0] mapred.LocalJobRunner: Starting task: attempt_local1230850890_0031_m_000001_0
2024-04-24T05:13:55,681  INFO [LocalJobRunner Map Task Executor #0] mapred.Task:  Using ResourceCalculatorProcessTree : [ ]
2024-04-24T05:13:55,682  INFO [LocalJobRunner Map Task Executor #0] mapred.MapTask: Processing split: org.apache.hadoop.hive.ql.io.orc.OrcInputFormat:OrcSplit [file:/home/alex/Repositories/hive/ql/target/tmp/org.apache.hadoop.hive.ql.TestTxnCommands-1713960750541/warehouse/acidtbl/delta_0000001_0000001_0000/bucket_00000_0, start=0, length=671, isOriginal=false, fileLength=671, hasFooter=false, hasBase=true, deltas=0]
2024-04-24T05:13:55,682  INFO [LocalJobRunner Map Task Executor #0] exec.SerializationUtilities: Deserializing MapWork using kryo
2024-04-24T05:13:55,683  INFO [LocalJobRunner Map Task Executor #0] exec.Utilities: Deserialized plan (via FILE) - name: null size: 6,04KB
2024-04-24T05:13:55,683  INFO [LocalJobRunner Map Task Executor #0] orc.VectorizedOrcAcidRowBatchReader: Read ValidWriteIdList: default.acidtbl:1:9223372036854775807:::OrcSplit [file:/home/alex/Repositories/hive/ql/target/tmp/org.apache.hadoop.hive.ql.TestTxnCommands-1713960750541/warehouse/acidtbl/delta_0000001_0000001_0000/bucket_00000_0, start=0, length=671, isOriginal=false, fileLength=671, hasFooter=false, hasBase=true, deltas=0]
2024-04-24T05:13:55,684  INFO [LocalJobRunner Map Task Executor #0] orc.ReaderImpl: Reading ORC rows from file:/home/alex/Repositories/hive/ql/target/tmp/org.apache.hadoop.hive.ql.TestTxnCommands-1713960750541/warehouse/acidtbl/delta_0000001_0000001_0000/bucket_00000_0 with {include: [true, true, true], offset: 0, length: 671, schema: struct<a:int,b:int>, includeAcidColumns: false}
2024-04-24T05:13:55,685  INFO [LocalJobRunner Map Task Executor #0] mapred.MapTask: numReduceTasks: 1
2024-04-24T05:13:55,697  INFO [LocalJobRunner Map Task Executor #0] mapred.MapTask: (EQUATOR) 0 kvi 26214396(104857584)
2024-04-24T05:13:55,698  INFO [LocalJobRunner Map Task Executor #0] mapred.MapTask: mapreduce.task.io.sort.mb: 100
2024-04-24T05:13:55,698  INFO [LocalJobRunner Map Task Executor #0] mapred.MapTask: soft limit at 83886080
2024-04-24T05:13:55,698  INFO [LocalJobRunner Map Task Executor #0] mapred.MapTask: bufstart = 0; bufvoid = 104857600
2024-04-24T05:13:55,698  INFO [LocalJobRunner Map Task Executor #0] mapred.MapTask: kvstart = 26214396; length = 6553600
2024-04-24T05:13:55,698  INFO [LocalJobRunner Map Task Executor #0] mapred.MapTask: Map output collector class = org.apache.hadoop.mapred.MapTask$MapOutputBuffer
2024-04-24T05:13:55,698  INFO [LocalJobRunner Map Task Executor #0] vector.VectorMapOperator: Initializing Operator: MAP[0]
2024-04-24T05:13:55,699  INFO [LocalJobRunner Map Task Executor #0] mr.ExecMapper: 
<MAP>Id =0
  <Children>null
  <\Children>
  <Parent><\Parent>
<\MAP>
2024-04-24T05:13:55,699  INFO [LocalJobRunner Map Task Executor #0] exec.TableScanOperator: Initializing Operator: TS[0]
2024-04-24T05:13:55,699  INFO [LocalJobRunner Map Task Executor #0] vector.VectorSelectOperator: Initializing Operator: SEL[5]
2024-04-24T05:13:55,699  INFO [LocalJobRunner Map Task Executor #0] vector.VectorReduceSinkOperator: Initializing Operator: RS[6]
2024-04-24T05:13:55,699  INFO [LocalJobRunner Map Task Executor #0] vector.VectorReduceSinkOperator: Using tag = -1
2024-04-24T05:13:55,700  INFO [LocalJobRunner Map Task Executor #0] vector.VectorReduceSinkOperator: keys are [reducesinkkey0, reducesinkkey1] num distributions: 2
2024-04-24T05:13:55,700  INFO [LocalJobRunner Map Task Executor #0] vector.VectorReduceSinkOperator: RS[6]: records written - 1
2024-04-24T05:13:55,700  INFO [LocalJobRunner Map Task Executor #0] vector.VectorMapOperator: Closing Operator: MAP[0]
2024-04-24T05:13:55,700  INFO [LocalJobRunner Map Task Executor #0] vector.VectorMapOperator: RECORDS_OUT_INTERMEDIATE:0, RECORDS_OUT_OPERATOR_MAP_0:0, RECORDS_IN:1, DESERIALIZE_ERRORS:0, 
2024-04-24T05:13:55,700  INFO [LocalJobRunner Map Task Executor #0] exec.TableScanOperator: Closing Operator: TS[0]
2024-04-24T05:13:55,700  INFO [LocalJobRunner Map Task Executor #0] exec.TableScanOperator: RECORDS_OUT_INTERMEDIATE:0, RECORDS_OUT_OPERATOR_TS_0:1, 
2024-04-24T05:13:55,700  INFO [LocalJobRunner Map Task Executor #0] vector.VectorSelectOperator: Closing Operator: SEL[5]
2024-04-24T05:13:55,700  INFO [LocalJobRunner Map Task Executor #0] vector.VectorSelectOperator: RECORDS_OUT_OPERATOR_SEL_5:1, RECORDS_OUT_INTERMEDIATE:0, 
2024-04-24T05:13:55,700  INFO [LocalJobRunner Map Task Executor #0] vector.VectorReduceSinkOperator: Closing Operator: RS[6]
2024-04-24T05:13:55,700  INFO [LocalJobRunner Map Task Executor #0] vector.VectorReduceSinkOperator: RS[6]: Total records written - 1. abort - false
2024-04-24T05:13:55,700  INFO [LocalJobRunner Map Task Executor #0] vector.VectorReduceSinkOperator: RECORDS_OUT_INTERMEDIATE:1, RECORDS_OUT_OPERATOR_RS_6:1, 
2024-04-24T05:13:55,701  INFO [LocalJobRunner Map Task Executor #0] mapred.LocalJobRunner: 
2024-04-24T05:13:55,701  INFO [LocalJobRunner Map Task Executor #0] mapred.MapTask: Starting flush of map output
2024-04-24T05:13:55,701  INFO [LocalJobRunner Map Task Executor #0] mapred.MapTask: Spilling map output
2024-04-24T05:13:55,701  INFO [LocalJobRunner Map Task Executor #0] mapred.MapTask: bufstart = 0; bufend = 19; bufvoid = 104857600
2024-04-24T05:13:55,701  INFO [LocalJobRunner Map Task Executor #0] mapred.MapTask: kvstart = 26214396(104857584); kvend = 26214396(104857584); length = 1/6553600
2024-04-24T05:13:55,709  INFO [LocalJobRunner Map Task Executor #0] mapred.MapTask: Finished spill 0
2024-04-24T05:13:55,712  INFO [LocalJobRunner Map Task Executor #0] mapred.Task: Task:attempt_local1230850890_0031_m_000001_0 is done. And is in the process of committing
2024-04-24T05:13:55,713  INFO [LocalJobRunner Map Task Executor #0] mapred.LocalJobRunner: OrcSplit [file:/home/alex/Repositories/hive/ql/target/tmp/org.apache.hadoop.hive.ql.TestTxnCommands-1713960750541/warehouse/acidtbl/delta_0000001_0000001_0000/bucket_00000_0, start=0, length=671, isOriginal=false, fileLength=671, hasFooter=false, hasBase=true, deltas=0]
2024-04-24T05:13:55,713  INFO [LocalJobRunner Map Task Executor #0] mapred.Task: Task 'attempt_local1230850890_0031_m_000001_0' done.
2024-04-24T05:13:55,713  INFO [LocalJobRunner Map Task Executor #0] mapred.Task: Final Counters for attempt_local1230850890_0031_m_000001_0: Counters: 24
	File System Counters
		FILE: Number of bytes read=658925
		FILE: Number of bytes written=38868208
		FILE: Number of read operations=0
		FILE: Number of large read operations=0
		FILE: Number of write operations=0
	Map-Reduce Framework
		Map input records=1
		Map output records=1
		Map output bytes=19
		Map output materialized bytes=27
		Input split bytes=495
		Combine input records=0
		Spilled Records=1
		Failed Shuffles=0
		Merged Map outputs=0
		GC time elapsed (ms)=7
		Total committed heap usage (bytes)=1244135424
	HIVE
		DESERIALIZE_ERRORS=0
		RECORDS_IN=1
		RECORDS_OUT_INTERMEDIATE=1
		RECORDS_OUT_OPERATOR_MAP_0=0
		RECORDS_OUT_OPERATOR_RS_6=1
		RECORDS_OUT_OPERATOR_SEL_5=1
		RECORDS_OUT_OPERATOR_TS_0=1
	File Input Format Counters 
		Bytes Read=8861
2024-04-24T05:13:55,713  INFO [LocalJobRunner Map Task Executor #0] mapred.LocalJobRunner: Finishing task: attempt_local1230850890_0031_m_000001_0
2024-04-24T05:13:55,713  INFO [Thread-2472] mapred.LocalJobRunner: map task executor complete.
2024-04-24T05:13:55,714  INFO [Thread-2472] mapred.LocalJobRunner: Waiting for reduce tasks
2024-04-24T05:13:55,714  INFO [pool-157-thread-1] mapred.LocalJobRunner: Starting task: attempt_local1230850890_0031_r_000000_0
2024-04-24T05:13:55,715  INFO [pool-157-thread-1] mapred.Task:  Using ResourceCalculatorProcessTree : [ ]
2024-04-24T05:13:55,715  INFO [pool-157-thread-1] mapred.ReduceTask: Using ShuffleConsumerPlugin: org.apache.hadoop.mapreduce.task.reduce.Shuffle@2c43a957
2024-04-24T05:13:55,715  WARN [pool-157-thread-1] impl.MetricsSystemImpl: JobTracker metrics system already initialized!
2024-04-24T05:13:55,716  INFO [pool-157-thread-1] reduce.MergeManagerImpl: MergerManager: memoryLimit=1336252800, maxSingleShuffleLimit=334063200, mergeThreshold=881926912, ioSortFactor=10, memToMemMergeOutputsThreshold=10
2024-04-24T05:13:55,716  INFO [EventFetcher for fetching Map Completion Events] reduce.EventFetcher: attempt_local1230850890_0031_r_000000_0 Thread started: EventFetcher for fetching Map Completion Events
2024-04-24T05:13:55,719  INFO [localfetcher#45] reduce.LocalFetcher: localfetcher#45 about to shuffle output of map attempt_local1230850890_0031_m_000000_0 decomp: 23 len: 27 to MEMORY
2024-04-24T05:13:55,720  INFO [localfetcher#45] reduce.InMemoryMapOutput: Read 23 bytes from map-output for attempt_local1230850890_0031_m_000000_0
2024-04-24T05:13:55,720  INFO [localfetcher#45] reduce.MergeManagerImpl: closeInMemoryFile -> map-output of size: 23, inMemoryMapOutputs.size() -> 1, commitMemory -> 0, usedMemory ->23
2024-04-24T05:13:55,722  INFO [localfetcher#45] reduce.LocalFetcher: localfetcher#45 about to shuffle output of map attempt_local1230850890_0031_m_000001_0 decomp: 23 len: 27 to MEMORY
2024-04-24T05:13:55,722  INFO [localfetcher#45] reduce.InMemoryMapOutput: Read 23 bytes from map-output for attempt_local1230850890_0031_m_000001_0
2024-04-24T05:13:55,722  INFO [localfetcher#45] reduce.MergeManagerImpl: closeInMemoryFile -> map-output of size: 23, inMemoryMapOutputs.size() -> 2, commitMemory -> 23, usedMemory ->46
2024-04-24T05:13:55,723  INFO [EventFetcher for fetching Map Completion Events] reduce.EventFetcher: EventFetcher is interrupted.. Returning
2024-04-24T05:13:55,723  INFO [pool-157-thread-1] mapred.LocalJobRunner: 2 / 2 copied.
2024-04-24T05:13:55,723  INFO [pool-157-thread-1] reduce.MergeManagerImpl: finalMerge called with 2 in-memory map-outputs and 0 on-disk map-outputs
2024-04-24T05:13:55,730  INFO [pool-157-thread-1] mapred.Merger: Merging 2 sorted segments
2024-04-24T05:13:55,730  INFO [pool-157-thread-1] mapred.Merger: Down to the last merge-pass, with 2 segments left of total size: 12 bytes
2024-04-24T05:13:55,732  INFO [pool-157-thread-1] reduce.MergeManagerImpl: Merged 2 segments, 46 bytes to disk to satisfy reduce memory limit
2024-04-24T05:13:55,733  INFO [pool-157-thread-1] reduce.MergeManagerImpl: Merging 1 files, 48 bytes from disk
2024-04-24T05:13:55,733  INFO [pool-157-thread-1] reduce.MergeManagerImpl: Merging 0 segments, 0 bytes from memory into reduce
2024-04-24T05:13:55,733  INFO [pool-157-thread-1] mapred.Merger: Merging 1 sorted segments
2024-04-24T05:13:55,733  INFO [pool-157-thread-1] mapred.Merger: Down to the last merge-pass, with 1 segments left of total size: 27 bytes
2024-04-24T05:13:55,733  INFO [pool-157-thread-1] mapred.LocalJobRunner: 2 / 2 copied.
2024-04-24T05:13:55,733  INFO [pool-157-thread-1] exec.SerializationUtilities: Deserializing ReduceWork using kryo
2024-04-24T05:13:55,734  INFO [pool-157-thread-1] exec.Utilities: Deserialized plan (via FILE) - name: null size: 7,01KB
2024-04-24T05:13:55,735  INFO [pool-157-thread-1] ExecReducer: 
<SEL>Id =3
  <Children>
    <FS>Id =4
      <Children>
      <\Children>
      <Parent>Id = 3 null<\Parent>
    <\FS>
  <\Children>
  <Parent><\Parent>
<\SEL>
2024-04-24T05:13:55,735  INFO [pool-157-thread-1] exec.SelectOperator: Initializing Operator: SEL[3]
2024-04-24T05:13:55,735  INFO [pool-157-thread-1] exec.SelectOperator: SELECT struct<key:struct<reducesinkkey0:int,reducesinkkey1:int>,value:struct<>>
2024-04-24T05:13:55,735  INFO [pool-157-thread-1] exec.FileSinkOperator: Initializing Operator: FS[4]
2024-04-24T05:13:55,735  INFO [pool-157-thread-1] exec.FileSinkOperator: Using serializer : class org.apache.hadoop.hive.serde2.lazy.LazySimpleSerDe [serdeParams=org.apache.hadoop.hive.serde2.lazy.LazySerDeParameters@5b2ab778, cachedObjectInspector=org.apache.hadoop.hive.serde2.lazy.objectinspector.LazySimpleStructObjectInspector<org.apache.hadoop.hive.serde2.lazy.objectinspector.primitive.LazyIntObjectInspector@20e4e27f,org.apache.hadoop.hive.serde2.lazy.objectinspector.primitive.LazyIntObjectInspector@20e4e27f>, serializedSize=0, stats=org.apache.hadoop.hive.serde2.SerDeStats@a00aa90, lastOperationSerialize=false, lastOperationDeserialize=false [1, 2, 3, 4, 5, 6, 7, 8, 11, 14, 15, 16, 17, 18, 19, 20, 21, 22, 23, 24, 25, 26, 28, 29, 30, 31, -128, -127, -126, -125, -124, -123, -122, -121, -120, -119, -118, -117, -116, -115, -114, -113, -112, -111, -110, -109, -108, -107, -106, -105, -104, -103, -102, -101, -100, -99, -98, -97, -96, -95, -94, -93, -92, -91, -90, -89, -88, -87, -86, -85, -84, -83, -82, -81, -80, -79, -78, -77, -76, -75, -74, -73, -72, -71, -70, -69, -68, -67, -66, -65, -64, -63, -62, -61, -60, -59, -58, -57, -56, -55, -54, -53, -52, -51, -50, -49, -48, -47, -46, -45, -44, -43, -42, -41, -40, -39, -38, -37, -36, -35, -34, -33, -32, -31, -30, -29, -28, -27, -26, -25, -24, -23, -22, -21, -20, -19, -18, -17, -16, -15, -14, -13, -12, -11, -10, -9, -8, -7, -6, -5, -4, -3, -2, -1] : [_col0, _col1] : [int, int]] and formatter : org.apache.hadoop.hive.ql.io.HiveSequenceFileOutputFormat@31c60960
2024-04-24T05:13:55,735  INFO [pool-157-thread-1] exec.FileSinkOperator: Final Path: FS file:/home/alex/Repositories/hive/ql/target/tmp/localscratchdir/92789b59-ad09-4340-8b13-c120265b9798/hive_2024-04-24_05-13-55_190_6026501658352026735-1/-mr-10001/.hive-staging_hive_2024-04-24_05-13-55_190_6026501658352026735-1/_tmp.-ext-10002/000000_0
2024-04-24T05:13:55,735  INFO [pool-157-thread-1] exec.FileSinkOperator: Writing to temp file: FS file:/home/alex/Repositories/hive/ql/target/tmp/localscratchdir/92789b59-ad09-4340-8b13-c120265b9798/hive_2024-04-24_05-13-55_190_6026501658352026735-1/-mr-10001/.hive-staging_hive_2024-04-24_05-13-55_190_6026501658352026735-1/_task_tmp.-ext-10002/_tmp.000000_0
2024-04-24T05:13:55,735  INFO [pool-157-thread-1] exec.FileSinkOperator: New Final Path: FS file:/home/alex/Repositories/hive/ql/target/tmp/localscratchdir/92789b59-ad09-4340-8b13-c120265b9798/hive_2024-04-24_05-13-55_190_6026501658352026735-1/-mr-10001/.hive-staging_hive_2024-04-24_05-13-55_190_6026501658352026735-1/_tmp.-ext-10002/000000_0
2024-04-24T05:13:55,743  INFO [pool-157-thread-1] exec.FileSinkOperator: FS[4]: records written - 1
2024-04-24T05:13:55,743  INFO [pool-157-thread-1] exec.SelectOperator: Closing Operator: SEL[3]
2024-04-24T05:13:55,743  INFO [pool-157-thread-1] exec.SelectOperator: RECORDS_OUT_INTERMEDIATE:0, RECORDS_OUT_OPERATOR_SEL_3:2, 
2024-04-24T05:13:55,743  INFO [pool-157-thread-1] exec.FileSinkOperator: Closing Operator: FS[4]
2024-04-24T05:13:55,743  INFO [pool-157-thread-1] exec.FileSinkOperator: FS[4]: records written - 2
2024-04-24T05:13:55,744  INFO [pool-157-thread-1] exec.FileSinkOperator: RECORDS_OUT_0:2, RECORDS_OUT_INTERMEDIATE:0, RECORDS_OUT_OPERATOR_FS_4:2, 
2024-04-24T05:13:55,744  INFO [pool-157-thread-1] mapred.Task: Task:attempt_local1230850890_0031_r_000000_0 is done. And is in the process of committing
2024-04-24T05:13:55,744  INFO [pool-157-thread-1] mapred.LocalJobRunner: reduce > reduce
2024-04-24T05:13:55,745  INFO [pool-157-thread-1] mapred.Task: Task 'attempt_local1230850890_0031_r_000000_0' done.
2024-04-24T05:13:55,745  INFO [pool-157-thread-1] mapred.Task: Final Counters for attempt_local1230850890_0031_r_000000_0: Counters: 29
	File System Counters
		FILE: Number of bytes read=666169
		FILE: Number of bytes written=38868387
		FILE: Number of read operations=0
		FILE: Number of large read operations=0
		FILE: Number of write operations=0
	Map-Reduce Framework
		Combine input records=0
		Combine output records=0
		Reduce input groups=2
		Reduce shuffle bytes=54
		Reduce input records=2
		Reduce output records=0
		Spilled Records=2
		Shuffled Maps =2
		Failed Shuffles=0
		Merged Map outputs=2
		GC time elapsed (ms)=0
		Total committed heap usage (bytes)=1244135424
	HIVE
		CREATED_FILES=1
		RECORDS_OUT_0=2
		RECORDS_OUT_INTERMEDIATE=0
		RECORDS_OUT_OPERATOR_FS_4=2
		RECORDS_OUT_OPERATOR_SEL_3=2
	Shuffle Errors
		BAD_ID=0
		CONNECTION=0
		IO_ERROR=0
		WRONG_LENGTH=0
		WRONG_MAP=0
		WRONG_REDUCE=0
	File Output Format Counters 
		Bytes Written=0
2024-04-24T05:13:55,745  INFO [pool-157-thread-1] mapred.LocalJobRunner: Finishing task: attempt_local1230850890_0031_r_000000_0
2024-04-24T05:13:55,745  INFO [Thread-2472] mapred.LocalJobRunner: reduce task executor complete.
2024-04-24 05:13:56,654 Stage-1 map = 100%,  reduce = 100%
2024-04-24T05:13:56,654  INFO [main] exec.Task: 2024-04-24 05:13:56,654 Stage-1 map = 100%,  reduce = 100%
Ended Job = job_local1230850890_0031
2024-04-24T05:13:56,656  INFO [main] exec.Task: Ended Job = job_local1230850890_0031
2024-04-24T05:13:56,659  INFO [main] metadata.Hive: Dumping metastore api call timing information for : execution phase
2024-04-24T05:13:56,659  INFO [main] metadata.Hive: Total time spent in each metastore function (ms): {}
MapReduce Jobs Launched: 
2024-04-24T05:13:56,659  INFO [main] ql.Driver: MapReduce Jobs Launched: 
Stage-Stage-1:  HDFS Read: 0 HDFS Write: 0 SUCCESS
2024-04-24T05:13:56,659  INFO [main] ql.Driver: Stage-Stage-1:  HDFS Read: 0 HDFS Write: 0 SUCCESS
Total MapReduce CPU Time Spent: 0 msec
2024-04-24T05:13:56,659  INFO [main] ql.Driver: Total MapReduce CPU Time Spent: 0 msec
2024-04-24T05:13:56,659  INFO [main] ql.Driver: Completed executing command(queryId=alex_20240424051355_9a59e47d-ec0c-4c4a-9529-88e5fa809931); Time taken: 1.319 seconds
2024-04-24T05:13:56,659  INFO [main] lockmgr.DbTxnManager: Stopped heartbeat for query: alex_20240424051355_9a59e47d-ec0c-4c4a-9529-88e5fa809931
2024-04-24T05:13:56,664  INFO [main] txn.TxnHandler: Expected to move at least one record from txn_components to completed_txn_components when committing txn! txnid:14
2024-04-24T05:13:56,670  INFO [main] txn.TxnHandler: Removed transactions: ([14]) from MIN_HISTORY_LEVEL
2024-04-24T05:13:56,670  WARN [main] txn.CompactionTxnHandler: No compaction queue record found for Compaction type transaction commit. txnId:14
2024-04-24T05:13:56,674  INFO [main] mapred.FileInputFormat: Total input files to process : 1
2024-04-24T05:13:56,675  INFO [main] exec.ListSinkOperator: Closing Operator: LIST_SINK[7]
2024-04-24T05:13:56,675  INFO [main] exec.ListSinkOperator: RECORDS_OUT_INTERMEDIATE:0, RECORDS_OUT_OPERATOR_LIST_SINK_7:2, 
2024-04-24T05:13:56,675  INFO [main] ql.TxnCommandsBaseForTests: Running the query: START TRANSACTION
2024-04-24T05:13:56,676  INFO [main] ql.Context: Deleting scratch dir: file:/home/alex/Repositories/hive/ql/target/tmp/localscratchdir/92789b59-ad09-4340-8b13-c120265b9798/hive_2024-04-24_05-13-55_190_6026501658352026735-1
2024-04-24T05:13:56,676  INFO [main] cleanup.SyncCleanupService: Deleted directory: file:/home/alex/Repositories/hive/ql/target/tmp/localscratchdir/92789b59-ad09-4340-8b13-c120265b9798/hive_2024-04-24_05-13-55_190_6026501658352026735-1 on fs with scheme file
2024-04-24T05:13:56,677  INFO [main] ql.Driver: Compiling command(queryId=alex_20240424051356_0517d25f-9729-4808-a4d2-d29aef6f058a): START TRANSACTION
2024-04-24T05:13:56,679  INFO [main] txn.TxnHandler: Added entries to MIN_HISTORY_LEVEL for current txns: ([15]) with min_open_txn: 15
2024-04-24T05:13:56,679  INFO [main] lockmgr.DbTxnManager: Opened txnid:15
2024-04-24T05:13:56,680  INFO [main] parse.CalcitePlanner: Starting caching scope for: 
2024-04-24T05:13:56,680  INFO [main] parse.CalcitePlanner: Starting Semantic Analysis
2024-04-24T05:13:56,680  INFO [main] parse.CalcitePlanner: Ending caching scope for: 
2024-04-24T05:13:56,680  INFO [main] ql.Driver: Semantic Analysis Completed (retrial = false)
2024-04-24T05:13:56,680  INFO [main] ql.Driver: Created Hive schema: Schema(fieldSchemas:null, properties:null)
2024-04-24T05:13:56,680  INFO [main] metadata.Hive: Dumping metastore api call timing information for : compilation phase
2024-04-24T05:13:56,680  INFO [main] metadata.Hive: Total time spent in each metastore function (ms): {getValidWriteIds_(List, String)=0, getValidTxns_(long)=1, isCompatibleWith_(Configuration)=0, openTxn_(String, TxnType)=2, commitTxn_(CommitTxnRequest)=12, flushCache_()=0}
2024-04-24T05:13:56,680  INFO [main] ql.Driver: Completed compiling command(queryId=alex_20240424051356_0517d25f-9729-4808-a4d2-d29aef6f058a); Time taken: 0.003 seconds
2024-04-24T05:13:56,681  INFO [main] lockmgr.DbTxnManager: Setting lock request transaction to txnid:15 for queryId=alex_20240424051356_0517d25f-9729-4808-a4d2-d29aef6f058a
2024-04-24T05:13:56,681  INFO [main] ql.Driver: Operation START_TRANSACTION obtained 0 locks
2024-04-24T05:13:56,681  INFO [main] ql.Driver: Executing command(queryId=alex_20240424051356_0517d25f-9729-4808-a4d2-d29aef6f058a): START TRANSACTION
2024-04-24T05:13:56,681  INFO [main] metadata.Hive: Dumping metastore api call timing information for : execution phase
2024-04-24T05:13:56,681  INFO [main] metadata.Hive: Total time spent in each metastore function (ms): {}
2024-04-24T05:13:56,681  INFO [main] ql.Driver: Completed executing command(queryId=alex_20240424051356_0517d25f-9729-4808-a4d2-d29aef6f058a); Time taken: 0.0 seconds
2024-04-24T05:13:56,681  INFO [main] ql.TxnCommandsBaseForTests: Running the query: insert into acidTbl(a,b)  values(5,6),(7,8)
2024-04-24T05:13:56,682  INFO [main] ql.Driver: Compiling command(queryId=alex_20240424051356_4aec120b-175a-4a9c-bb7b-df8bb9c1974e): insert into acidTbl(a,b)  values(5,6),(7,8)
2024-04-24T05:13:56,684  INFO [main] parse.CalcitePlanner: Starting caching scope for: 
2024-04-24T05:13:56,684  INFO [main] parse.CalcitePlanner: Starting Semantic Analysis
2024-04-24T05:13:56,687  INFO [main] HiveMetaStore.audit: ugi=alex	ip=unknown-ip-addr	cmd=get_table : tbl=hive.default.acidTbl	
2024-04-24T05:13:56,695  INFO [main] metastore.HMSHandler: Skipping translation for processor with null
2024-04-24T05:13:56,695  INFO [main] parse.CalcitePlanner: Completed phase 1 of Semantic Analysis
2024-04-24T05:13:56,695  INFO [main] parse.CalcitePlanner: Get metadata for source tables
2024-04-24T05:13:56,695  INFO [main] parse.CalcitePlanner: Get metadata for subqueries
2024-04-24T05:13:56,695  INFO [main] parse.CalcitePlanner: Get metadata for destination tables
2024-04-24T05:13:56,695  INFO [main] HiveMetaStore.audit: ugi=alex	ip=unknown-ip-addr	cmd=get_table : tbl=hive.default.acidTbl	
2024-04-24T05:13:56,703  INFO [main] metastore.HMSHandler: Skipping translation for processor with null
2024-04-24T05:13:56,703  INFO [main] parse.CalcitePlanner: Completed getting MetaData in Semantic Analysis
2024-04-24T05:13:56,703  INFO [main] parse.CalcitePlanner: Disabling LLAP IO encode as ETL query is detected
2024-04-24T05:13:56,725  INFO [main] HiveMetaStore.audit: ugi=alex	ip=unknown-ip-addr	cmd=get_all_table_constraints : tbl=hive._dummy_database._dummy_table	
2024-04-24T05:13:56,776  INFO [main] parse.CalcitePlanner: Get metadata for source tables
2024-04-24T05:13:56,776  INFO [main] parse.CalcitePlanner: Get metadata for subqueries
2024-04-24T05:13:56,776  INFO [main] parse.CalcitePlanner: Get metadata for source tables
2024-04-24T05:13:56,777  INFO [main] HiveMetaStore.audit: ugi=alex	ip=unknown-ip-addr	cmd=get_table : tbl=hive._dummy_database._dummy_table	
2024-04-24T05:13:56,779  INFO [main] parse.CalcitePlanner: Get metadata for subqueries
2024-04-24T05:13:56,779  INFO [main] parse.CalcitePlanner: Get metadata for destination tables
2024-04-24T05:13:56,779  INFO [main] parse.CalcitePlanner: Get metadata for destination tables
2024-04-24T05:13:56,779  INFO [main] HiveMetaStore.audit: ugi=alex	ip=unknown-ip-addr	cmd=get_table : tbl=hive.default.acidTbl	
2024-04-24T05:13:56,786  INFO [main] metastore.HMSHandler: Skipping translation for processor with null
2024-04-24T05:13:56,788  INFO [main] HiveMetaStore.audit: ugi=alex	ip=unknown-ip-addr	cmd=get_not_null_constraints : tbl=hive.default.acidtbl	
2024-04-24T05:13:56,789  INFO [main] HiveMetaStore.audit: ugi=alex	ip=unknown-ip-addr	cmd=get_check_constraints : tbl=hive.default.acidtbl	
2024-04-24T05:13:56,795  INFO [main] txn.TxnHandler: Allocated writeId: 2 for txnId: 15
2024-04-24T05:13:56,795  INFO [main] txn.TxnHandler: Allocated write ids for dbName=default, tblName=acidtbl (txnIds: [15])
2024-04-24T05:13:56,796  INFO [main] parse.CalcitePlanner: CBO Succeeded; optimized logical plan.
2024-04-24T05:13:56,799  INFO [main] optimizer.ColumnPrunerProcFactory: RS 4 oldColExprMap: {VALUE._col0=Column[_col1], KEY.reducesinkkey0=Column[_col0]}
2024-04-24T05:13:56,799  INFO [main] optimizer.ColumnPrunerProcFactory: RS 4 newColExprMap: {KEY.reducesinkkey0=Column[_col0], VALUE._col0=Column[_col1]}
2024-04-24T05:13:56,800  INFO [main] optimizer.BucketVersionPopulator: not considering bucketingVersion for: TS[0] because it has -1<2 buckets 
2024-04-24T05:13:56,800  INFO [main] optimizer.SortedDynPartitionOptimizer: Sorted dynamic partitioning optimization kicked in..
2024-04-24T05:13:56,809  INFO [main] HiveMetaStore.audit: ugi=alex	ip=unknown-ip-addr	cmd=get_table : tbl=hive.default.acidtbl	
2024-04-24T05:13:56,816  INFO [main] metastore.HMSHandler: Skipping translation for processor with null
2024-04-24T05:13:56,816  INFO [main] physical.Vectorizer: Examining input format to see if vectorization is enabled.
2024-04-24T05:13:56,816  INFO [main] physical.Vectorizer: Map vectorization enabled: false
2024-04-24T05:13:56,816  INFO [main] physical.Vectorizer: Map vectorized: false
2024-04-24T05:13:56,816  INFO [main] physical.Vectorizer: Map vectorizedVertexNum: 0
2024-04-24T05:13:56,816  INFO [main] physical.Vectorizer: Map enabledConditionsMet: [hive.vectorized.use.vectorized.input.format IS true]
2024-04-24T05:13:56,816  INFO [main] physical.Vectorizer: Map enabledConditionsNotMet: [Could not enable vectorization due to partition column names size 1 is greater than the number of table column names size 0 IS false]
2024-04-24T05:13:56,816  INFO [main] physical.Vectorizer: Map inputFileFormatClassNameSet: [org.apache.hadoop.hive.ql.io.NullRowsInputFormat]
2024-04-24T05:13:56,817  INFO [main] physical.Vectorizer: Reduce vectorization enabled: false
2024-04-24T05:13:56,817  INFO [main] physical.Vectorizer: Reduce vectorized: false
2024-04-24T05:13:56,817  INFO [main] physical.Vectorizer: Reduce vectorizedVertexNum: 1
2024-04-24T05:13:56,817  INFO [main] physical.Vectorizer: Reducer hive.vectorized.execution.reduce.enabled: true
2024-04-24T05:13:56,817  INFO [main] physical.Vectorizer: Reducer engine: mr
2024-04-24T05:13:56,817  INFO [main] parse.CalcitePlanner: Completed plan generation
2024-04-24T05:13:56,817  INFO [main] parse.CalcitePlanner: Ending caching scope for: 
2024-04-24T05:13:56,817  INFO [main] ql.Driver: Semantic Analysis Completed (retrial = false)
2024-04-24T05:13:56,817  INFO [main] ql.Driver: Created Hive schema: Schema(fieldSchemas:[FieldSchema(name:_col0, type:int, comment:null), FieldSchema(name:_col1, type:int, comment:null)], properties:null)
2024-04-24T05:13:56,817  INFO [main] metadata.Hive: Dumping metastore api call timing information for : compilation phase
2024-04-24T05:13:56,817  INFO [main] metadata.Hive: Total time spent in each metastore function (ms): {isCompatibleWith_(Configuration)=0, getValidWriteIds_(List, String)=4, getAllTableConstraints_(AllTableConstraintsRequest)=5, getCheckConstraints_(CheckConstraintsRequest)=1, allocateTableWriteId_(long, String, String)=5, getNotNullConstraints_(NotNullConstraintsRequest)=1, getTable_(GetTableRequest)=30, flushCache_()=0}
2024-04-24T05:13:56,817  INFO [main] ql.Driver: Completed compiling command(queryId=alex_20240424051356_4aec120b-175a-4a9c-bb7b-df8bb9c1974e); Time taken: 0.135 seconds
2024-04-24T05:13:56,817  INFO [main] lockmgr.DbTxnManager: Setting lock request transaction to txnid:15 for queryId=alex_20240424051356_4aec120b-175a-4a9c-bb7b-df8bb9c1974e
2024-04-24T05:13:56,817  INFO [main] lockmgr.DbLockManager: Requesting lock for queryId=alex_20240424051356_4aec120b-175a-4a9c-bb7b-df8bb9c1974e
2024-04-24T05:13:56,831  INFO [main] lockmgr.DbLockManager: Response to queryId=alex_20240424051356_4aec120b-175a-4a9c-bb7b-df8bb9c1974e LockResponse(lockid:9, state:ACQUIRED)
2024-04-24T05:13:56,831  INFO [main] ql.Driver: Operation QUERY obtained 1 locks
2024-04-24T05:13:56,834  INFO [main] ql.Driver: Executing command(queryId=alex_20240424051356_4aec120b-175a-4a9c-bb7b-df8bb9c1974e): insert into acidTbl(a,b)  values(5,6),(7,8)
2024-04-24T05:13:56,834  WARN [main] ql.Driver: Hive-on-MR is deprecated in Hive 2 and may not be available in the future versions. Consider using a different execution engine (i.e. spark, tez) or using Hive 1.X releases.
Query ID = alex_20240424051356_4aec120b-175a-4a9c-bb7b-df8bb9c1974e
2024-04-24T05:13:56,834  INFO [main] ql.Driver: Query ID = alex_20240424051356_4aec120b-175a-4a9c-bb7b-df8bb9c1974e
Total jobs = 1
2024-04-24T05:13:56,834  INFO [main] ql.Driver: Total jobs = 1
Launching Job 1 out of 1
2024-04-24T05:13:56,834  INFO [main] ql.Driver: Launching Job 1 out of 1
2024-04-24T05:13:56,983  INFO [main] ql.Driver: Starting task [Stage-1:MAPRED] in serial mode
Number of reduce tasks determined at compile time: 2
2024-04-24T05:13:56,983  INFO [main] exec.Task: Number of reduce tasks determined at compile time: 2
In order to change the average load for a reducer (in bytes):
2024-04-24T05:13:56,983  INFO [main] exec.Task: In order to change the average load for a reducer (in bytes):
  set hive.exec.reducers.bytes.per.reducer=<number>
2024-04-24T05:13:56,983  INFO [main] exec.Task:   set hive.exec.reducers.bytes.per.reducer=<number>
In order to limit the maximum number of reducers:
2024-04-24T05:13:56,983  INFO [main] exec.Task: In order to limit the maximum number of reducers:
  set hive.exec.reducers.max=<number>
2024-04-24T05:13:56,984  INFO [main] exec.Task:   set hive.exec.reducers.max=<number>
In order to set a constant number of reducers:
2024-04-24T05:13:56,984  INFO [main] exec.Task: In order to set a constant number of reducers:
  set mapreduce.job.reduces=<number>
2024-04-24T05:13:56,984  INFO [main] exec.Task:   set mapreduce.job.reduces=<number>
2024-04-24T05:13:56,986  INFO [main] mr.ExecDriver: Using org.apache.hadoop.hive.ql.io.HiveInputFormat
2024-04-24T05:13:56,986  INFO [main] exec.Utilities: Processing alias $hdt$_0:_dummy_table
2024-04-24T05:13:56,986  INFO [main] exec.Utilities: Adding 1 inputs; the first input is file:/home/alex/Repositories/hive/ql/target/tmp/localscratchdir/92789b59-ad09-4340-8b13-c120265b9798/hive_2024-04-24_05-13-56_682_4232058791135953084-1/dummy_path
2024-04-24T05:13:56,996  INFO [main] exec.SerializationUtilities: Serializing MapWork using kryo
2024-04-24T05:13:56,997  INFO [main] exec.Utilities: Serialized plan (via FILE) - name: null size: 5,29KB
2024-04-24T05:13:57,001  INFO [main] exec.SerializationUtilities: Serializing ReduceWork using kryo
2024-04-24T05:13:57,002  INFO [main] exec.Utilities: Serialized plan (via FILE) - name: null size: 5,92KB
2024-04-24T05:13:57,003  WARN [main] impl.MetricsSystemImpl: JobTracker metrics system already initialized!
2024-04-24T05:13:57,007  INFO [main] fs.FSStatsPublisher: created : file:/home/alex/Repositories/hive/ql/target/tmp/localscratchdir/92789b59-ad09-4340-8b13-c120265b9798/hive_2024-04-24_05-13-56_682_4232058791135953084-1/-mr-10000
2024-04-24T05:13:57,009  WARN [main] impl.MetricsSystemImpl: JobTracker metrics system already initialized!
2024-04-24T05:13:57,017  WARN [main] mapreduce.JobResourceUploader: Hadoop command-line option parsing not performed. Implement the Tool interface and execute your application with ToolRunner to remedy this.
2024-04-24T05:13:57,021  WARN [main] mapreduce.JobResourceUploader: No job jar file set.  User classes may not be found. See Job or Job#setJar(String).
2024-04-24T05:13:57,022  INFO [main] io.HiveInputFormat: hive.io.file.readcolumn.ids = 
2024-04-24T05:13:57,022  INFO [main] io.HiveInputFormat: hive.io.file.readcolumn.names = 
2024-04-24T05:13:57,022  INFO [main] io.HiveInputFormat: Generating splits for dirs: file:/home/alex/Repositories/hive/ql/target/tmp/localscratchdir/92789b59-ad09-4340-8b13-c120265b9798/hive_2024-04-24_05-13-56_682_4232058791135953084-1/dummy_path
2024-04-24T05:13:57,023  INFO [main] io.HiveInputFormat: number of splits 1
2024-04-24T05:13:57,040  INFO [main] mapreduce.JobSubmitter: number of splits:1
2024-04-24T05:13:57,064  INFO [main] mapreduce.JobSubmitter: Submitting tokens for job: job_local632083422_0032
2024-04-24T05:13:57,064  INFO [main] mapreduce.JobSubmitter: Executing with tokens: []
2024-04-24T05:13:57,149  INFO [main] mapreduce.Job: The url to track the job: http://localhost:8080/
Job running in-process (local Hadoop)
2024-04-24T05:13:57,149  INFO [main] exec.Task: Job running in-process (local Hadoop)
2024-04-24T05:13:57,149  INFO [Thread-2525] mapred.LocalJobRunner: OutputCommitter set in config org.apache.hadoop.hive.ql.io.HiveFileFormatUtils$NullOutputCommitter
2024-04-24T05:13:57,149  INFO [Thread-2525] mapred.LocalJobRunner: OutputCommitter is org.apache.hadoop.hive.ql.io.HiveFileFormatUtils$NullOutputCommitter
2024-04-24T05:13:57,151  INFO [Thread-2525] mapred.LocalJobRunner: Waiting for map tasks
2024-04-24T05:13:57,151  INFO [LocalJobRunner Map Task Executor #0] mapred.LocalJobRunner: Starting task: attempt_local632083422_0032_m_000000_0
2024-04-24T05:13:57,151  INFO [LocalJobRunner Map Task Executor #0] mapred.Task:  Using ResourceCalculatorProcessTree : [ ]
2024-04-24T05:13:57,152  INFO [LocalJobRunner Map Task Executor #0] mapred.MapTask: Processing split: org.apache.hadoop.hive.ql.io.NullRowsInputFormat:file:/home/alex/Repositories/hive/ql/target/tmp/localscratchdir/92789b59-ad09-4340-8b13-c120265b9798/hive_2024-04-24_05-13-56_682_4232058791135953084-1/dummy_path/null:0+1
2024-04-24T05:13:57,152  INFO [LocalJobRunner Map Task Executor #0] exec.SerializationUtilities: Deserializing MapWork using kryo
2024-04-24T05:13:57,153  INFO [LocalJobRunner Map Task Executor #0] exec.Utilities: Deserialized plan (via FILE) - name: null size: 5,29KB
2024-04-24T05:13:57,153  INFO [LocalJobRunner Map Task Executor #0] mapred.MapTask: numReduceTasks: 2
2024-04-24T05:13:57,159  INFO [LocalJobRunner Map Task Executor #0] mapred.MapTask: (EQUATOR) 0 kvi 26214396(104857584)
2024-04-24T05:13:57,159  INFO [LocalJobRunner Map Task Executor #0] mapred.MapTask: mapreduce.task.io.sort.mb: 100
2024-04-24T05:13:57,159  INFO [LocalJobRunner Map Task Executor #0] mapred.MapTask: soft limit at 83886080
2024-04-24T05:13:57,159  INFO [LocalJobRunner Map Task Executor #0] mapred.MapTask: bufstart = 0; bufvoid = 104857600
2024-04-24T05:13:57,159  INFO [LocalJobRunner Map Task Executor #0] mapred.MapTask: kvstart = 26214396; length = 6553600
2024-04-24T05:13:57,159  INFO [LocalJobRunner Map Task Executor #0] mapred.MapTask: Map output collector class = org.apache.hadoop.mapred.MapTask$MapOutputBuffer
2024-04-24T05:13:57,160  INFO [LocalJobRunner Map Task Executor #0] exec.MapOperator: Initializing Operator: MAP[0]
2024-04-24T05:13:57,160  INFO [LocalJobRunner Map Task Executor #0] mr.ExecMapper: 
<MAP>Id =0
  <Children>null
  <\Children>
  <Parent><\Parent>
<\MAP>
2024-04-24T05:13:57,161  INFO [LocalJobRunner Map Task Executor #0] exec.TableScanOperator: Initializing Operator: TS[0]
2024-04-24T05:13:57,161  INFO [LocalJobRunner Map Task Executor #0] exec.SelectOperator: Initializing Operator: SEL[1]
2024-04-24T05:13:57,161  INFO [LocalJobRunner Map Task Executor #0] exec.SelectOperator: SELECT null
2024-04-24T05:13:57,161  INFO [LocalJobRunner Map Task Executor #0] exec.UDTFOperator: Initializing Operator: UDTF[2]
2024-04-24T05:13:57,161  INFO [LocalJobRunner Map Task Executor #0] exec.SelectOperator: Initializing Operator: SEL[3]
2024-04-24T05:13:57,161  INFO [LocalJobRunner Map Task Executor #0] exec.SelectOperator: SELECT struct<col1:int,col2:int>
2024-04-24T05:13:57,161  INFO [LocalJobRunner Map Task Executor #0] exec.ReduceSinkOperator: Initializing Operator: RS[4]
2024-04-24T05:13:57,161  INFO [LocalJobRunner Map Task Executor #0] exec.ReduceSinkOperator: Using tag = -1
2024-04-24T05:13:57,162  INFO [LocalJobRunner Map Task Executor #0] exec.ReduceSinkOperator: keys are [reducesinkkey0] num distributions: 1
2024-04-24T05:13:57,162  INFO [LocalJobRunner Map Task Executor #0] exec.ReduceSinkOperator: RS[4]: records written - 1
2024-04-24T05:13:57,162  INFO [LocalJobRunner Map Task Executor #0] exec.MapOperator: MAP[0]: records read - 1
2024-04-24T05:13:57,162  INFO [LocalJobRunner Map Task Executor #0] exec.MapOperator: Closing Operator: MAP[0]
2024-04-24T05:13:57,162  INFO [LocalJobRunner Map Task Executor #0] exec.MapOperator: MAP[0]: Total records read - 3. abort - false
2024-04-24T05:13:57,162  INFO [LocalJobRunner Map Task Executor #0] exec.MapOperator: RECORDS_OUT_OPERATOR_MAP_0:0, DESERIALIZE_ERRORS:0, RECORDS_IN:3, RECORDS_OUT_INTERMEDIATE:0, 
2024-04-24T05:13:57,162  INFO [LocalJobRunner Map Task Executor #0] exec.TableScanOperator: Closing Operator: TS[0]
2024-04-24T05:13:57,162  INFO [LocalJobRunner Map Task Executor #0] exec.TableScanOperator: RECORDS_OUT_OPERATOR_TS_0:1, RECORDS_OUT_INTERMEDIATE:0, 
2024-04-24T05:13:57,162  INFO [LocalJobRunner Map Task Executor #0] exec.SelectOperator: Closing Operator: SEL[1]
2024-04-24T05:13:57,163  INFO [LocalJobRunner Map Task Executor #0] exec.SelectOperator: RECORDS_OUT_INTERMEDIATE:0, RECORDS_OUT_OPERATOR_SEL_1:1, 
2024-04-24T05:13:57,163  INFO [LocalJobRunner Map Task Executor #0] exec.UDTFOperator: Closing Operator: UDTF[2]
2024-04-24T05:13:57,163  INFO [LocalJobRunner Map Task Executor #0] exec.UDTFOperator: RECORDS_OUT_OPERATOR_UDTF_2:2, RECORDS_OUT_INTERMEDIATE:0, 
2024-04-24T05:13:57,163  INFO [LocalJobRunner Map Task Executor #0] exec.SelectOperator: Closing Operator: SEL[3]
2024-04-24T05:13:57,163  INFO [LocalJobRunner Map Task Executor #0] exec.SelectOperator: RECORDS_OUT_INTERMEDIATE:0, RECORDS_OUT_OPERATOR_SEL_3:2, 
2024-04-24T05:13:57,163  INFO [LocalJobRunner Map Task Executor #0] exec.ReduceSinkOperator: Closing Operator: RS[4]
2024-04-24T05:13:57,163  INFO [LocalJobRunner Map Task Executor #0] exec.ReduceSinkOperator: RS[4]: Total records written - 2. abort - false
2024-04-24T05:13:57,163  INFO [LocalJobRunner Map Task Executor #0] exec.ReduceSinkOperator: RECORDS_OUT_INTERMEDIATE:2, RECORDS_OUT_OPERATOR_RS_4:2, 
2024-04-24T05:13:57,163  INFO [LocalJobRunner Map Task Executor #0] mapred.LocalJobRunner: 
2024-04-24T05:13:57,163  INFO [LocalJobRunner Map Task Executor #0] mapred.MapTask: Starting flush of map output
2024-04-24T05:13:57,163  INFO [LocalJobRunner Map Task Executor #0] mapred.MapTask: Spilling map output
2024-04-24T05:13:57,163  INFO [LocalJobRunner Map Task Executor #0] mapred.MapTask: bufstart = 0; bufend = 32; bufvoid = 104857600
2024-04-24T05:13:57,163  INFO [LocalJobRunner Map Task Executor #0] mapred.MapTask: kvstart = 26214396(104857584); kvend = 26214392(104857568); length = 5/6553600
2024-04-24T05:13:57,174  INFO [LocalJobRunner Map Task Executor #0] mapred.MapTask: Finished spill 0
2024-04-24T05:13:57,177  INFO [LocalJobRunner Map Task Executor #0] mapred.Task: Task:attempt_local632083422_0032_m_000000_0 is done. And is in the process of committing
2024-04-24T05:13:57,178  INFO [LocalJobRunner Map Task Executor #0] mapred.LocalJobRunner: map
2024-04-24T05:13:57,178  INFO [LocalJobRunner Map Task Executor #0] mapred.Task: Task 'attempt_local632083422_0032_m_000000_0' done.
2024-04-24T05:13:57,178  INFO [LocalJobRunner Map Task Executor #0] mapred.Task: Final Counters for attempt_local632083422_0032_m_000000_0: Counters: 26
	File System Counters
		FILE: Number of bytes read=672047
		FILE: Number of bytes written=40119036
		FILE: Number of read operations=0
		FILE: Number of large read operations=0
		FILE: Number of write operations=0
	Map-Reduce Framework
		Map input records=4
		Map output records=2
		Map output bytes=32
		Map output materialized bytes=48
		Input split bytes=361
		Combine input records=0
		Spilled Records=2
		Failed Shuffles=0
		Merged Map outputs=0
		GC time elapsed (ms)=0
		Total committed heap usage (bytes)=1244135424
	HIVE
		DESERIALIZE_ERRORS=0
		RECORDS_IN=3
		RECORDS_OUT_INTERMEDIATE=2
		RECORDS_OUT_OPERATOR_MAP_0=0
		RECORDS_OUT_OPERATOR_RS_4=2
		RECORDS_OUT_OPERATOR_SEL_1=1
		RECORDS_OUT_OPERATOR_SEL_3=2
		RECORDS_OUT_OPERATOR_TS_0=1
		RECORDS_OUT_OPERATOR_UDTF_2=2
	File Input Format Counters 
		Bytes Read=5342
2024-04-24T05:13:57,178  INFO [LocalJobRunner Map Task Executor #0] mapred.LocalJobRunner: Finishing task: attempt_local632083422_0032_m_000000_0
2024-04-24T05:13:57,178  INFO [Thread-2525] mapred.LocalJobRunner: map task executor complete.
2024-04-24T05:13:57,180  INFO [Thread-2525] mapred.LocalJobRunner: Waiting for reduce tasks
2024-04-24T05:13:57,180  INFO [pool-160-thread-1] mapred.LocalJobRunner: Starting task: attempt_local632083422_0032_r_000000_0
2024-04-24T05:13:57,180  INFO [pool-160-thread-1] mapred.Task:  Using ResourceCalculatorProcessTree : [ ]
2024-04-24T05:13:57,180  INFO [pool-160-thread-1] mapred.ReduceTask: Using ShuffleConsumerPlugin: org.apache.hadoop.mapreduce.task.reduce.Shuffle@7b59c42f
2024-04-24T05:13:57,180  WARN [pool-160-thread-1] impl.MetricsSystemImpl: JobTracker metrics system already initialized!
2024-04-24T05:13:57,181  INFO [pool-160-thread-1] reduce.MergeManagerImpl: MergerManager: memoryLimit=1336252800, maxSingleShuffleLimit=334063200, mergeThreshold=881926912, ioSortFactor=10, memToMemMergeOutputsThreshold=10
2024-04-24T05:13:57,182  INFO [EventFetcher for fetching Map Completion Events] reduce.EventFetcher: attempt_local632083422_0032_r_000000_0 Thread started: EventFetcher for fetching Map Completion Events
2024-04-24T05:13:57,183  INFO [localfetcher#46] reduce.LocalFetcher: localfetcher#46 about to shuffle output of map attempt_local632083422_0032_m_000000_0 decomp: 20 len: 24 to MEMORY
2024-04-24T05:13:57,183  INFO [localfetcher#46] reduce.InMemoryMapOutput: Read 20 bytes from map-output for attempt_local632083422_0032_m_000000_0
2024-04-24T05:13:57,183  INFO [localfetcher#46] reduce.MergeManagerImpl: closeInMemoryFile -> map-output of size: 20, inMemoryMapOutputs.size() -> 1, commitMemory -> 0, usedMemory ->20
2024-04-24T05:13:57,183  INFO [EventFetcher for fetching Map Completion Events] reduce.EventFetcher: EventFetcher is interrupted.. Returning
2024-04-24T05:13:57,184  INFO [pool-160-thread-1] mapred.LocalJobRunner: 1 / 1 copied.
2024-04-24T05:13:57,184  INFO [pool-160-thread-1] reduce.MergeManagerImpl: finalMerge called with 1 in-memory map-outputs and 0 on-disk map-outputs
2024-04-24T05:13:57,190  INFO [pool-160-thread-1] mapred.Merger: Merging 1 sorted segments
2024-04-24T05:13:57,190  INFO [pool-160-thread-1] mapred.Merger: Down to the last merge-pass, with 1 segments left of total size: 8 bytes
2024-04-24T05:13:57,193  INFO [pool-160-thread-1] reduce.MergeManagerImpl: Merged 1 segments, 20 bytes to disk to satisfy reduce memory limit
2024-04-24T05:13:57,193  INFO [pool-160-thread-1] reduce.MergeManagerImpl: Merging 1 files, 24 bytes from disk
2024-04-24T05:13:57,193  INFO [pool-160-thread-1] reduce.MergeManagerImpl: Merging 0 segments, 0 bytes from memory into reduce
2024-04-24T05:13:57,193  INFO [pool-160-thread-1] mapred.Merger: Merging 1 sorted segments
2024-04-24T05:13:57,193  INFO [pool-160-thread-1] mapred.Merger: Down to the last merge-pass, with 1 segments left of total size: 8 bytes
2024-04-24T05:13:57,193  INFO [pool-160-thread-1] mapred.LocalJobRunner: 1 / 1 copied.
2024-04-24T05:13:57,194  INFO [pool-160-thread-1] exec.SerializationUtilities: Deserializing ReduceWork using kryo
2024-04-24T05:13:57,194  INFO [pool-160-thread-1] exec.Utilities: Deserialized plan (via FILE) - name: null size: 5,92KB
2024-04-24T05:13:57,195  INFO [pool-160-thread-1] ExecReducer: 
<SEL>Id =5
  <Children>
    <FS>Id =6
      <Children>
      <\Children>
      <Parent>Id = 5 null<\Parent>
    <\FS>
  <\Children>
  <Parent><\Parent>
<\SEL>
2024-04-24T05:13:57,195  INFO [pool-160-thread-1] exec.SelectOperator: Initializing Operator: SEL[5]
2024-04-24T05:13:57,195  INFO [pool-160-thread-1] exec.SelectOperator: SELECT struct<key:struct<reducesinkkey0:int>,value:struct<_col0:int>>
2024-04-24T05:13:57,195  INFO [pool-160-thread-1] exec.FileSinkOperator: Initializing Operator: FS[6]
2024-04-24T05:13:57,196  INFO [pool-160-thread-1] exec.FileSinkOperator: Using serializer : AbstractSerDe [log=org.apache.logging.slf4j.Log4jLogger@a925655, configuration=Optional[Configuration: core-default.xml, core-site.xml, mapred-default.xml, mapred-site.xml, yarn-default.xml, yarn-site.xml, hdfs-default.xml, hdfs-site.xml, file:/home/alex/Repositories/hive/ql/target/tmp/TestTxnCommandsWithSplitUpdateAndVectorization/mapred/local/localRunner/alex/job_local632083422_0032/job_local632083422_0032.xml], properties={transactional_properties=default, name=default.acidtbl, transactional=true, columns.types=int:int, bucket_field_name=a, columns=a,b, numFilesErasureCoded=0, columns.comments=&amp#0;, bucketing_version=2, bucket_count=2, serialization.lib=org.apache.hadoop.hive.ql.io.orc.OrcSerde, file.inputformat=org.apache.hadoop.hive.ql.io.orc.OrcInputFormat, file.outputformat=org.apache.hadoop.hive.ql.io.orc.OrcOutputFormat, location=file:/home/alex/Repositories/hive/ql/target/tmp/org.apache.hadoop.hive.ql.TestTxnCommands-1713960750541/warehouse/acidtbl, column.name.delimiter=,}, tableProperties={transactional_properties=default, name=default.acidtbl, transactional=true, columns.types=int:int, bucket_field_name=a, columns=a,b, numFilesErasureCoded=0, columns.comments=&amp#0;, bucketing_version=2, bucket_count=2, serialization.lib=org.apache.hadoop.hive.ql.io.orc.OrcSerde, file.inputformat=org.apache.hadoop.hive.ql.io.orc.OrcInputFormat, location=file:/home/alex/Repositories/hive/ql/target/tmp/org.apache.hadoop.hive.ql.TestTxnCommands-1713960750541/warehouse/acidtbl, file.outputformat=org.apache.hadoop.hive.ql.io.orc.OrcOutputFormat, column.name.delimiter=,}, partitionProperties=Optional.empty, columnNames=[a, b], columnTypes=[int, int], getClass()=class org.apache.hadoop.hive.ql.io.orc.OrcSerde] and formatter : org.apache.hadoop.hive.ql.io.orc.OrcOutputFormat@627eaaba
2024-04-24T05:13:57,196  INFO [pool-160-thread-1] exec.FileSinkOperator: Final Path: FS file:/home/alex/Repositories/hive/ql/target/tmp/org.apache.hadoop.hive.ql.TestTxnCommands-1713960750541/warehouse/acidtbl
2024-04-24T05:13:57,196  INFO [pool-160-thread-1] exec.FileSinkOperator: New Final Path: FS file:/home/alex/Repositories/hive/ql/target/tmp/org.apache.hadoop.hive.ql.TestTxnCommands-1713960750541/warehouse/acidtbl
2024-04-24T05:13:57,196  INFO [pool-160-thread-1] common.FileUtils: Creating directory if it doesn't exist: file:/home/alex/Repositories/hive/ql/target/tmp/org.apache.hadoop.hive.ql.TestTxnCommands-1713960750541/warehouse
2024-04-24T05:13:57,196  INFO [pool-160-thread-1] exec.FileSinkOperator: FS[6]: records written - 1
2024-04-24T05:13:57,196  INFO [pool-160-thread-1] impl.PhysicalFsWriter: ORC writer created for path: file:/home/alex/Repositories/hive/ql/target/tmp/org.apache.hadoop.hive.ql.TestTxnCommands-1713960750541/warehouse/acidtbl/delta_0000002_0000002_0000/bucket_00000_0 with stripeSize: 8388608 blockSize: 268435456 compression: Compress: ZLIB buffer: 32768
2024-04-24T05:13:57,204  INFO [pool-160-thread-1] impl.WriterImpl: ORC writer created for path: file:/home/alex/Repositories/hive/ql/target/tmp/org.apache.hadoop.hive.ql.TestTxnCommands-1713960750541/warehouse/acidtbl/delta_0000002_0000002_0000/bucket_00000_0 with stripeSize: 8388608 options: Compress: ZLIB buffer: 32768
2024-04-24T05:13:57,209  INFO [pool-160-thread-1] exec.SelectOperator: Closing Operator: SEL[5]
2024-04-24T05:13:57,209  INFO [pool-160-thread-1] exec.SelectOperator: RECORDS_OUT_OPERATOR_SEL_5:1, RECORDS_OUT_INTERMEDIATE:0, 
2024-04-24T05:13:57,209  INFO [pool-160-thread-1] exec.FileSinkOperator: Closing Operator: FS[6]
2024-04-24T05:13:57,209  INFO [pool-160-thread-1] exec.FileSinkOperator: FS[6]: records written - 1
2024-04-24T05:13:57,211  INFO [pool-160-thread-1] FileOperations: Writing manifest to file:/home/alex/Repositories/hive/ql/target/tmp/org.apache.hadoop.hive.ql.TestTxnCommands-1713960750541/warehouse/acidtbl/_tmp.delta_0000002_0000002_0000/000000_0.manifest with [file:/home/alex/Repositories/hive/ql/target/tmp/org.apache.hadoop.hive.ql.TestTxnCommands-1713960750541/warehouse/acidtbl/delta_0000002_0000002_0000/bucket_00000_0]
2024-04-24T05:13:57,224  INFO [pool-160-thread-1] exec.FileSinkOperator: RECORDS_OUT_INTERMEDIATE:0, TOTAL_TABLE_ROWS_WRITTEN:1, RECORDS_OUT_OPERATOR_FS_6:1, RECORDS_OUT_1_default.acidtbl:1, 
2024-04-24T05:13:57,224  INFO [pool-160-thread-1] mapred.Task: Task:attempt_local632083422_0032_r_000000_0 is done. And is in the process of committing
2024-04-24T05:13:57,225  INFO [pool-160-thread-1] mapred.LocalJobRunner: reduce > reduce
2024-04-24T05:13:57,225  INFO [pool-160-thread-1] mapred.Task: Task 'attempt_local632083422_0032_r_000000_0' done.
2024-04-24T05:13:57,225  INFO [pool-160-thread-1] mapred.Task: Final Counters for attempt_local632083422_0032_r_000000_0: Counters: 30
	File System Counters
		FILE: Number of bytes read=678154
		FILE: Number of bytes written=40120076
		FILE: Number of read operations=0
		FILE: Number of large read operations=0
		FILE: Number of write operations=0
	Map-Reduce Framework
		Combine input records=0
		Combine output records=0
		Reduce input groups=1
		Reduce shuffle bytes=24
		Reduce input records=1
		Reduce output records=0
		Spilled Records=1
		Shuffled Maps =1
		Failed Shuffles=0
		Merged Map outputs=1
		GC time elapsed (ms)=0
		Total committed heap usage (bytes)=1244135424
	HIVE
		CREATED_FILES=1
		RECORDS_OUT_1_default.acidtbl=1
		RECORDS_OUT_INTERMEDIATE=0
		RECORDS_OUT_OPERATOR_FS_6=1
		RECORDS_OUT_OPERATOR_SEL_5=1
		TOTAL_TABLE_ROWS_WRITTEN=1
	Shuffle Errors
		BAD_ID=0
		CONNECTION=0
		IO_ERROR=0
		WRONG_LENGTH=0
		WRONG_MAP=0
		WRONG_REDUCE=0
	File Output Format Counters 
		Bytes Written=0
2024-04-24T05:13:57,225  INFO [pool-160-thread-1] mapred.LocalJobRunner: Finishing task: attempt_local632083422_0032_r_000000_0
2024-04-24T05:13:57,225  INFO [pool-160-thread-1] mapred.LocalJobRunner: Starting task: attempt_local632083422_0032_r_000001_0
2024-04-24T05:13:57,226  INFO [pool-160-thread-1] mapred.Task:  Using ResourceCalculatorProcessTree : [ ]
2024-04-24T05:13:57,226  INFO [pool-160-thread-1] mapred.ReduceTask: Using ShuffleConsumerPlugin: org.apache.hadoop.mapreduce.task.reduce.Shuffle@307278b
2024-04-24T05:13:57,226  WARN [pool-160-thread-1] impl.MetricsSystemImpl: JobTracker metrics system already initialized!
2024-04-24T05:13:57,227  INFO [pool-160-thread-1] reduce.MergeManagerImpl: MergerManager: memoryLimit=1336252800, maxSingleShuffleLimit=334063200, mergeThreshold=881926912, ioSortFactor=10, memToMemMergeOutputsThreshold=10
2024-04-24T05:13:57,228  INFO [EventFetcher for fetching Map Completion Events] reduce.EventFetcher: attempt_local632083422_0032_r_000001_0 Thread started: EventFetcher for fetching Map Completion Events
2024-04-24T05:13:57,230  INFO [localfetcher#47] reduce.LocalFetcher: localfetcher#47 about to shuffle output of map attempt_local632083422_0032_m_000000_0 decomp: 20 len: 24 to MEMORY
2024-04-24T05:13:57,230  INFO [localfetcher#47] reduce.InMemoryMapOutput: Read 20 bytes from map-output for attempt_local632083422_0032_m_000000_0
2024-04-24T05:13:57,230  INFO [localfetcher#47] reduce.MergeManagerImpl: closeInMemoryFile -> map-output of size: 20, inMemoryMapOutputs.size() -> 1, commitMemory -> 0, usedMemory ->20
2024-04-24T05:13:57,231  INFO [EventFetcher for fetching Map Completion Events] reduce.EventFetcher: EventFetcher is interrupted.. Returning
2024-04-24T05:13:57,231  INFO [pool-160-thread-1] mapred.LocalJobRunner: 1 / 1 copied.
2024-04-24T05:13:57,231  INFO [pool-160-thread-1] reduce.MergeManagerImpl: finalMerge called with 1 in-memory map-outputs and 0 on-disk map-outputs
2024-04-24T05:13:57,237  INFO [pool-160-thread-1] mapred.Merger: Merging 1 sorted segments
2024-04-24T05:13:57,237  INFO [pool-160-thread-1] mapred.Merger: Down to the last merge-pass, with 1 segments left of total size: 8 bytes
2024-04-24T05:13:57,240  INFO [pool-160-thread-1] reduce.MergeManagerImpl: Merged 1 segments, 20 bytes to disk to satisfy reduce memory limit
2024-04-24T05:13:57,240  INFO [pool-160-thread-1] reduce.MergeManagerImpl: Merging 1 files, 24 bytes from disk
2024-04-24T05:13:57,240  INFO [pool-160-thread-1] reduce.MergeManagerImpl: Merging 0 segments, 0 bytes from memory into reduce
2024-04-24T05:13:57,240  INFO [pool-160-thread-1] mapred.Merger: Merging 1 sorted segments
2024-04-24T05:13:57,240  INFO [pool-160-thread-1] mapred.Merger: Down to the last merge-pass, with 1 segments left of total size: 8 bytes
2024-04-24T05:13:57,241  INFO [pool-160-thread-1] mapred.LocalJobRunner: 1 / 1 copied.
2024-04-24T05:13:57,241  INFO [pool-160-thread-1] exec.SerializationUtilities: Deserializing ReduceWork using kryo
2024-04-24T05:13:57,242  INFO [pool-160-thread-1] exec.Utilities: Deserialized plan (via FILE) - name: null size: 5,92KB
2024-04-24T05:13:57,243  INFO [pool-160-thread-1] ExecReducer: 
<SEL>Id =5
  <Children>
    <FS>Id =6
      <Children>
      <\Children>
      <Parent>Id = 5 null<\Parent>
    <\FS>
  <\Children>
  <Parent><\Parent>
<\SEL>
2024-04-24T05:13:57,243  INFO [pool-160-thread-1] exec.SelectOperator: Initializing Operator: SEL[5]
2024-04-24T05:13:57,243  INFO [pool-160-thread-1] exec.SelectOperator: SELECT struct<key:struct<reducesinkkey0:int>,value:struct<_col0:int>>
2024-04-24T05:13:57,243  INFO [pool-160-thread-1] exec.FileSinkOperator: Initializing Operator: FS[6]
2024-04-24T05:13:57,243  INFO [pool-160-thread-1] exec.FileSinkOperator: Using serializer : AbstractSerDe [log=org.apache.logging.slf4j.Log4jLogger@a925655, configuration=Optional[Configuration: core-default.xml, core-site.xml, mapred-default.xml, mapred-site.xml, yarn-default.xml, yarn-site.xml, hdfs-default.xml, hdfs-site.xml, file:/home/alex/Repositories/hive/ql/target/tmp/TestTxnCommandsWithSplitUpdateAndVectorization/mapred/local/localRunner/alex/job_local632083422_0032/job_local632083422_0032.xml], properties={transactional_properties=default, name=default.acidtbl, transactional=true, columns.types=int:int, bucket_field_name=a, columns=a,b, numFilesErasureCoded=0, columns.comments=&amp#0;, bucketing_version=2, bucket_count=2, serialization.lib=org.apache.hadoop.hive.ql.io.orc.OrcSerde, file.inputformat=org.apache.hadoop.hive.ql.io.orc.OrcInputFormat, file.outputformat=org.apache.hadoop.hive.ql.io.orc.OrcOutputFormat, location=file:/home/alex/Repositories/hive/ql/target/tmp/org.apache.hadoop.hive.ql.TestTxnCommands-1713960750541/warehouse/acidtbl, column.name.delimiter=,}, tableProperties={transactional_properties=default, name=default.acidtbl, transactional=true, columns.types=int:int, bucket_field_name=a, columns=a,b, numFilesErasureCoded=0, columns.comments=&amp#0;, bucketing_version=2, bucket_count=2, serialization.lib=org.apache.hadoop.hive.ql.io.orc.OrcSerde, file.inputformat=org.apache.hadoop.hive.ql.io.orc.OrcInputFormat, location=file:/home/alex/Repositories/hive/ql/target/tmp/org.apache.hadoop.hive.ql.TestTxnCommands-1713960750541/warehouse/acidtbl, file.outputformat=org.apache.hadoop.hive.ql.io.orc.OrcOutputFormat, column.name.delimiter=,}, partitionProperties=Optional.empty, columnNames=[a, b], columnTypes=[int, int], getClass()=class org.apache.hadoop.hive.ql.io.orc.OrcSerde] and formatter : org.apache.hadoop.hive.ql.io.orc.OrcOutputFormat@20904581
2024-04-24T05:13:57,244  INFO [pool-160-thread-1] exec.FileSinkOperator: Final Path: FS file:/home/alex/Repositories/hive/ql/target/tmp/org.apache.hadoop.hive.ql.TestTxnCommands-1713960750541/warehouse/acidtbl
2024-04-24T05:13:57,244  INFO [pool-160-thread-1] exec.FileSinkOperator: New Final Path: FS file:/home/alex/Repositories/hive/ql/target/tmp/org.apache.hadoop.hive.ql.TestTxnCommands-1713960750541/warehouse/acidtbl
2024-04-24T05:13:57,244  INFO [pool-160-thread-1] common.FileUtils: Creating directory if it doesn't exist: file:/home/alex/Repositories/hive/ql/target/tmp/org.apache.hadoop.hive.ql.TestTxnCommands-1713960750541/warehouse
2024-04-24T05:13:57,244  INFO [pool-160-thread-1] exec.FileSinkOperator: FS[6]: records written - 1
2024-04-24T05:13:57,245  INFO [pool-160-thread-1] impl.PhysicalFsWriter: ORC writer created for path: file:/home/alex/Repositories/hive/ql/target/tmp/org.apache.hadoop.hive.ql.TestTxnCommands-1713960750541/warehouse/acidtbl/delta_0000002_0000002_0000/bucket_00001_0 with stripeSize: 8388608 blockSize: 268435456 compression: Compress: ZLIB buffer: 32768
2024-04-24T05:13:57,249  INFO [pool-160-thread-1] impl.WriterImpl: ORC writer created for path: file:/home/alex/Repositories/hive/ql/target/tmp/org.apache.hadoop.hive.ql.TestTxnCommands-1713960750541/warehouse/acidtbl/delta_0000002_0000002_0000/bucket_00001_0 with stripeSize: 8388608 options: Compress: ZLIB buffer: 32768
2024-04-24T05:13:57,250  INFO [pool-160-thread-1] exec.SelectOperator: Closing Operator: SEL[5]
2024-04-24T05:13:57,250  INFO [pool-160-thread-1] exec.SelectOperator: RECORDS_OUT_INTERMEDIATE:0, RECORDS_OUT_OPERATOR_SEL_5:1, 
2024-04-24T05:13:57,250  INFO [pool-160-thread-1] exec.FileSinkOperator: Closing Operator: FS[6]
2024-04-24T05:13:57,250  INFO [pool-160-thread-1] exec.FileSinkOperator: FS[6]: records written - 1
2024-04-24T05:13:57,252  INFO [pool-160-thread-1] FileOperations: Writing manifest to file:/home/alex/Repositories/hive/ql/target/tmp/org.apache.hadoop.hive.ql.TestTxnCommands-1713960750541/warehouse/acidtbl/_tmp.delta_0000002_0000002_0000/000001_0.manifest with [file:/home/alex/Repositories/hive/ql/target/tmp/org.apache.hadoop.hive.ql.TestTxnCommands-1713960750541/warehouse/acidtbl/delta_0000002_0000002_0000/bucket_00001_0]
2024-04-24T05:13:57,263  INFO [pool-160-thread-1] exec.FileSinkOperator: RECORDS_OUT_INTERMEDIATE:0, RECORDS_OUT_OPERATOR_FS_6:1, TOTAL_TABLE_ROWS_WRITTEN:1, RECORDS_OUT_1_default.acidtbl:1, 
2024-04-24T05:13:57,263  INFO [pool-160-thread-1] mapred.Task: Task:attempt_local632083422_0032_r_000001_0 is done. And is in the process of committing
2024-04-24T05:13:57,264  INFO [pool-160-thread-1] mapred.LocalJobRunner: reduce > reduce
2024-04-24T05:13:57,264  INFO [pool-160-thread-1] mapred.Task: Task 'attempt_local632083422_0032_r_000001_0' done.
2024-04-24T05:13:57,264  INFO [pool-160-thread-1] mapred.Task: Final Counters for attempt_local632083422_0032_r_000001_0: Counters: 30
	File System Counters
		FILE: Number of bytes read=684237
		FILE: Number of bytes written=40121110
		FILE: Number of read operations=0
		FILE: Number of large read operations=0
		FILE: Number of write operations=0
	Map-Reduce Framework
		Combine input records=0
		Combine output records=0
		Reduce input groups=1
		Reduce shuffle bytes=24
		Reduce input records=1
		Reduce output records=0
		Spilled Records=1
		Shuffled Maps =1
		Failed Shuffles=0
		Merged Map outputs=1
		GC time elapsed (ms)=0
		Total committed heap usage (bytes)=1244135424
	HIVE
		CREATED_FILES=1
		RECORDS_OUT_1_default.acidtbl=1
		RECORDS_OUT_INTERMEDIATE=0
		RECORDS_OUT_OPERATOR_FS_6=1
		RECORDS_OUT_OPERATOR_SEL_5=1
		TOTAL_TABLE_ROWS_WRITTEN=1
	Shuffle Errors
		BAD_ID=0
		CONNECTION=0
		IO_ERROR=0
		WRONG_LENGTH=0
		WRONG_MAP=0
		WRONG_REDUCE=0
	File Output Format Counters 
		Bytes Written=0
2024-04-24T05:13:57,264  INFO [pool-160-thread-1] mapred.LocalJobRunner: Finishing task: attempt_local632083422_0032_r_000001_0
2024-04-24T05:13:57,264  INFO [Thread-2525] mapred.LocalJobRunner: reduce task executor complete.
2024-04-24 05:13:58,152 Stage-1 map = 100%,  reduce = 100%
2024-04-24T05:13:58,152  INFO [main] exec.Task: 2024-04-24 05:13:58,152 Stage-1 map = 100%,  reduce = 100%
Ended Job = job_local632083422_0032
2024-04-24T05:13:58,154  INFO [main] exec.Task: Ended Job = job_local632083422_0032
2024-04-24T05:13:58,156  INFO [main] FileOperations: Found manifest file file:/home/alex/Repositories/hive/ql/target/tmp/org.apache.hadoop.hive.ql.TestTxnCommands-1713960750541/warehouse/acidtbl/_tmp.delta_0000002_0000002_0000/000000_0.manifest with attemptId 0.
2024-04-24T05:13:58,156  INFO [main] FileOperations: Found manifest file file:/home/alex/Repositories/hive/ql/target/tmp/org.apache.hadoop.hive.ql.TestTxnCommands-1713960750541/warehouse/acidtbl/_tmp.delta_0000002_0000002_0000/000001_0.manifest with attemptId 0.
2024-04-24T05:13:58,156  INFO [main] FileOperations: Looking at manifest file: file:/home/alex/Repositories/hive/ql/target/tmp/org.apache.hadoop.hive.ql.TestTxnCommands-1713960750541/warehouse/acidtbl/_tmp.delta_0000002_0000002_0000/000000_0.manifest
2024-04-24T05:13:58,157  INFO [main] FileOperations: Looking at manifest file: file:/home/alex/Repositories/hive/ql/target/tmp/org.apache.hadoop.hive.ql.TestTxnCommands-1713960750541/warehouse/acidtbl/_tmp.delta_0000002_0000002_0000/000001_0.manifest
2024-04-24T05:13:58,157  INFO [main] FileOperations: Deleting manifest directory file:/home/alex/Repositories/hive/ql/target/tmp/org.apache.hadoop.hive.ql.TestTxnCommands-1713960750541/warehouse/acidtbl/_tmp.delta_0000002_0000002_0000
2024-04-24T05:13:58,160  INFO [main] ql.Driver: Starting task [Stage-0:MOVE] in serial mode
Loading data to table default.acidtbl
2024-04-24T05:13:58,160  INFO [main] exec.Task: Loading data to table default.acidtbl from file:/home/alex/Repositories/hive/ql/target/tmp/org.apache.hadoop.hive.ql.TestTxnCommands-1713960750541/warehouse/acidtbl
2024-04-24T05:13:58,161  INFO [main] HiveMetaStore.audit: ugi=alex	ip=unknown-ip-addr	cmd=get_table : tbl=hive.default.acidtbl	
2024-04-24T05:13:58,181  INFO [main] metastore.HMSHandler: Skipping translation for processor with null
2024-04-24T05:13:58,181  INFO [main] HiveMetaStore.audit: ugi=alex	ip=unknown-ip-addr	cmd=get_table : tbl=hive.default.acidtbl	
2024-04-24T05:13:58,196  INFO [main] metastore.HMSHandler: Skipping translation for processor with null
2024-04-24T05:13:58,196  INFO [main] HiveMetaStore.audit: ugi=alex	ip=unknown-ip-addr	cmd=alter_table: hive.default.acidtbl newtbl=acidtbl	
2024-04-24T05:13:58,219  INFO [main] ql.Driver: Starting task [Stage-2:STATS] in serial mode
2024-04-24T05:13:58,219  INFO [main] HiveMetaStore.audit: ugi=alex	ip=unknown-ip-addr	cmd=get_table : tbl=hive.default.acidtbl	
2024-04-24T05:13:58,226  INFO [main] metastore.HMSHandler: Skipping translation for processor with null
2024-04-24T05:13:58,226  INFO [main] stats.BasicStatsTask: Executing stats task
2024-04-24T05:13:58,226  INFO [main] fs.FSStatsPublisher: created : file:/home/alex/Repositories/hive/ql/target/tmp/localscratchdir/92789b59-ad09-4340-8b13-c120265b9798/hive_2024-04-24_05-13-56_682_4232058791135953084-1/-mr-10000
2024-04-24T05:13:58,228  INFO [main] HiveMetaStore.audit: ugi=alex	ip=unknown-ip-addr	cmd=get_table : tbl=hive.default.acidtbl	
2024-04-24T05:13:58,234  INFO [main] metastore.HMSHandler: Skipping translation for processor with null
2024-04-24T05:13:58,255  WARN [main] FileOperations: Computing stats for an ACID table; stats may be inaccurate
2024-04-24T05:13:58,256  INFO [main] FileOperations: Read stats for default.acidtbl/, numRows, true, 2, false: 
2024-04-24T05:13:58,256  INFO [main] FileOperations: Read stats for default.acidtbl/, rawDataSize, true, 0, false: 
2024-04-24T05:13:58,256  INFO [main] HiveMetaStore.audit: ugi=alex	ip=unknown-ip-addr	cmd=alter_table: hive.default.acidtbl newtbl=acidtbl	
2024-04-24T05:13:58,277  INFO [main] FileOperations: Read stats for default.acidtbl/, insertCount, true, 2, false: 
2024-04-24T05:13:58,277  INFO [main] FileOperations: Read stats for default.acidtbl/, updateCount, true, 0, false: 
2024-04-24T05:13:58,277  INFO [main] FileOperations: Read stats for default.acidtbl/, deleteCount, true, 0, false: 
2024-04-24T05:13:58,277  INFO [main] stats.BasicStatsTask: Table default.acidtbl stats: [numFiles=4, numRows=4, totalSize=2695, rawDataSize=0, numFilesErasureCoded=0]
2024-04-24T05:13:58,278  INFO [main] metadata.Hive: Dumping metastore api call timing information for : execution phase
2024-04-24T05:13:58,278  INFO [main] metadata.Hive: Total time spent in each metastore function (ms): {alter_table_(String, String, String, Table, EnvironmentContext, String)=44, updateTransactionalStatistics_(UpdateTransactionalStatsRequest)=0, isCompatibleWith_(Configuration)=0, getTable_(GetTableRequest)=48}
MapReduce Jobs Launched: 
2024-04-24T05:13:58,278  INFO [main] ql.Driver: MapReduce Jobs Launched: 
Stage-Stage-1:  HDFS Read: 0 HDFS Write: 0 SUCCESS
2024-04-24T05:13:58,278  INFO [main] ql.Driver: Stage-Stage-1:  HDFS Read: 0 HDFS Write: 0 SUCCESS
Total MapReduce CPU Time Spent: 0 msec
2024-04-24T05:13:58,278  INFO [main] ql.Driver: Total MapReduce CPU Time Spent: 0 msec
2024-04-24T05:13:58,278  INFO [main] ql.Driver: Completed executing command(queryId=alex_20240424051356_4aec120b-175a-4a9c-bb7b-df8bb9c1974e); Time taken: 1.444 seconds
2024-04-24T05:13:58,278  INFO [main] ql.TxnCommandsBaseForTests: Running the query: select a,b from acidTbl order by a,b
2024-04-24T05:13:58,278  INFO [main] ql.Context: Deleting scratch dir: file:/home/alex/Repositories/hive/ql/target/tmp/localscratchdir/92789b59-ad09-4340-8b13-c120265b9798/hive_2024-04-24_05-13-56_682_4232058791135953084-1
2024-04-24T05:13:58,279  INFO [main] cleanup.SyncCleanupService: Deleted directory: file:/home/alex/Repositories/hive/ql/target/tmp/localscratchdir/92789b59-ad09-4340-8b13-c120265b9798/hive_2024-04-24_05-13-56_682_4232058791135953084-1 on fs with scheme file
2024-04-24T05:13:58,279  INFO [main] ql.Driver: Compiling command(queryId=alex_20240424051358_a21ce44d-bd00-438e-8460-d7508107487e): select a,b from acidTbl order by a,b
2024-04-24T05:13:58,280  INFO [main] parse.CalcitePlanner: Starting caching scope for: 
2024-04-24T05:13:58,280  INFO [main] parse.CalcitePlanner: Starting Semantic Analysis
2024-04-24T05:13:58,280  INFO [main] parse.CalcitePlanner: Completed phase 1 of Semantic Analysis
2024-04-24T05:13:58,280  INFO [main] parse.CalcitePlanner: Get metadata for source tables
2024-04-24T05:13:58,281  INFO [main] HiveMetaStore.audit: ugi=alex	ip=unknown-ip-addr	cmd=get_table : tbl=hive.default.acidtbl	
2024-04-24T05:13:58,288  INFO [main] metastore.HMSHandler: Skipping translation for processor with null
2024-04-24T05:13:58,288  INFO [main] parse.CalcitePlanner: Get metadata for subqueries
2024-04-24T05:13:58,288  INFO [main] parse.CalcitePlanner: Get metadata for destination tables
2024-04-24T05:13:58,288  INFO [main] parse.CalcitePlanner: Completed getting MetaData in Semantic Analysis
2024-04-24T05:13:58,300  INFO [main] HiveMetaStore.audit: ugi=alex	ip=unknown-ip-addr	cmd=get_all_table_constraints : tbl=hive.default.acidtbl	
2024-04-24T05:13:58,309  INFO [main] calcite.RelOptHiveTable: Calculating column statistics for default.acidtbl, projIndxSet: [0, 1], allowMissingStats: true
2024-04-24T05:13:58,309  INFO [main] HiveMetaStore.audit: ugi=alex	ip=unknown-ip-addr	cmd=get_table : tbl=hive.default.acidtbl	
2024-04-24T05:13:58,318  INFO [main] metastore.HMSHandler: Skipping translation for processor with null
2024-04-24T05:13:58,319  INFO [main] HiveMetaStore.audit: ugi=alex	ip=unknown-ip-addr	cmd=get_table : tbl=hive.default.acidtbl	
2024-04-24T05:13:58,327  INFO [main] metastore.HMSHandler: Skipping translation for processor with null
2024-04-24T05:13:58,327  INFO [main] HiveMetaStore.audit: ugi=alex	ip=unknown-ip-addr	cmd=get_table_statistics_req: table=hive.default.acidtbl	
2024-04-24T05:13:58,335  WARN [main] calcite.RelOptHiveTable: No Stats for default@acidtbl, Columns: a, b
No Stats for default@acidtbl, Columns: a, b
2024-04-24T05:13:58,335  INFO [main] SessionState: No Stats for default@acidtbl, Columns: a, b
2024-04-24T05:13:58,378  INFO [main] parse.CalcitePlanner: Get metadata for source tables
2024-04-24T05:13:58,378  INFO [main] parse.CalcitePlanner: Get metadata for subqueries
2024-04-24T05:13:58,378  INFO [main] parse.CalcitePlanner: Get metadata for destination tables
2024-04-24T05:13:58,379  INFO [main] common.FileUtils: Creating directory if it doesn't exist: file:/home/alex/Repositories/hive/ql/target/tmp/localscratchdir/92789b59-ad09-4340-8b13-c120265b9798/hive_2024-04-24_05-13-58_279_7263913664455833724-1/-mr-10001/.hive-staging_hive_2024-04-24_05-13-58_279_7263913664455833724-1
2024-04-24T05:13:58,386  INFO [main] parse.CalcitePlanner: CBO Succeeded; optimized logical plan.
2024-04-24T05:13:58,388  INFO [main] optimizer.ColumnPrunerProcFactory: RS 2 oldColExprMap: {KEY.reducesinkkey0=Column[_col0], KEY.reducesinkkey1=Column[_col1]}
2024-04-24T05:13:58,388  INFO [main] optimizer.ColumnPrunerProcFactory: RS 2 newColExprMap: {KEY.reducesinkkey0=Column[_col0], KEY.reducesinkkey1=Column[_col1]}
2024-04-24T05:13:58,389  INFO [main] optimizer.SortedDynPartitionOptimizer: Sorted dynamic partitioning optimization kicked in..
2024-04-24T05:13:58,398  INFO [main] physical.Vectorizer: Examining input format to see if vectorization is enabled.
2024-04-24T05:13:58,398  INFO [main] physical.Vectorizer: Vectorization is enabled for input format(s) [org.apache.hadoop.hive.ql.io.orc.OrcInputFormat]
2024-04-24T05:13:58,398  INFO [main] physical.Vectorizer: Validating and vectorizing MapWork... (vectorizedVertexNum 0)
2024-04-24T05:13:58,399  INFO [main] physical.Vectorizer: Map vectorization enabled: true
2024-04-24T05:13:58,399  INFO [main] physical.Vectorizer: Map vectorized: true
2024-04-24T05:13:58,399  INFO [main] physical.Vectorizer: Map vectorizedVertexNum: 0
2024-04-24T05:13:58,399  INFO [main] physical.Vectorizer: Map enabledConditionsMet: [hive.vectorized.use.vectorized.input.format IS true]
2024-04-24T05:13:58,399  INFO [main] physical.Vectorizer: Map inputFileFormatClassNameSet: [org.apache.hadoop.hive.ql.io.orc.OrcInputFormat]
2024-04-24T05:13:58,399  INFO [main] physical.Vectorizer: Reduce vectorization enabled: false
2024-04-24T05:13:58,399  INFO [main] physical.Vectorizer: Reduce vectorized: false
2024-04-24T05:13:58,399  INFO [main] physical.Vectorizer: Reduce vectorizedVertexNum: 1
2024-04-24T05:13:58,399  INFO [main] physical.Vectorizer: Reducer hive.vectorized.execution.reduce.enabled: true
2024-04-24T05:13:58,399  INFO [main] physical.Vectorizer: Reducer engine: mr
2024-04-24T05:13:58,399  INFO [main] parse.CalcitePlanner: Completed plan generation
2024-04-24T05:13:58,400  INFO [main] parse.CalcitePlanner: Ending caching scope for: 
2024-04-24T05:13:58,400  INFO [main] ql.Driver: Semantic Analysis Completed (retrial = false)
2024-04-24T05:13:58,400  INFO [main] ql.Driver: Created Hive schema: Schema(fieldSchemas:[FieldSchema(name:a, type:int, comment:null), FieldSchema(name:b, type:int, comment:null)], properties:null)
2024-04-24T05:13:58,401  INFO [main] exec.ListSinkOperator: Initializing Operator: LIST_SINK[7]
2024-04-24T05:13:58,401  INFO [main] metadata.Hive: Dumping metastore api call timing information for : compilation phase
2024-04-24T05:13:58,401  INFO [main] metadata.Hive: Total time spent in each metastore function (ms): {getTableColumnStatistics_(String, String, List, String)=25, isCompatibleWith_(Configuration)=1, flushCache_()=0, getTable_(GetTableRequest)=7, getValidWriteIds_(List, String)=1, getAllTableConstraints_(AllTableConstraintsRequest)=5}
2024-04-24T05:13:58,401  INFO [main] ql.Driver: Completed compiling command(queryId=alex_20240424051358_a21ce44d-bd00-438e-8460-d7508107487e); Time taken: 0.122 seconds
2024-04-24T05:13:58,402  INFO [main] lockmgr.DbTxnManager: Setting lock request transaction to txnid:15 for queryId=alex_20240424051358_a21ce44d-bd00-438e-8460-d7508107487e
2024-04-24T05:13:58,402  INFO [main] lockmgr.DbLockManager: Requesting lock for queryId=alex_20240424051358_a21ce44d-bd00-438e-8460-d7508107487e
2024-04-24T05:13:58,414  INFO [main] lockmgr.DbLockManager: Response to queryId=alex_20240424051358_a21ce44d-bd00-438e-8460-d7508107487e LockResponse(lockid:10, state:ACQUIRED)
2024-04-24T05:13:58,414  INFO [main] ql.Driver: Operation QUERY obtained 1 locks
2024-04-24T05:13:58,415  INFO [main] ql.Driver: Executing command(queryId=alex_20240424051358_a21ce44d-bd00-438e-8460-d7508107487e): select a,b from acidTbl order by a,b
2024-04-24T05:13:58,415  WARN [main] ql.Driver: Hive-on-MR is deprecated in Hive 2 and may not be available in the future versions. Consider using a different execution engine (i.e. spark, tez) or using Hive 1.X releases.
Query ID = alex_20240424051358_a21ce44d-bd00-438e-8460-d7508107487e
2024-04-24T05:13:58,415  INFO [main] ql.Driver: Query ID = alex_20240424051358_a21ce44d-bd00-438e-8460-d7508107487e
Total jobs = 1
2024-04-24T05:13:58,415  INFO [main] ql.Driver: Total jobs = 1
Launching Job 1 out of 1
2024-04-24T05:13:58,415  INFO [main] ql.Driver: Launching Job 1 out of 1
2024-04-24T05:13:58,560  INFO [main] ql.Driver: Starting task [Stage-1:MAPRED] in serial mode
Number of reduce tasks determined at compile time: 1
2024-04-24T05:13:58,560  INFO [main] exec.Task: Number of reduce tasks determined at compile time: 1
In order to change the average load for a reducer (in bytes):
2024-04-24T05:13:58,560  INFO [main] exec.Task: In order to change the average load for a reducer (in bytes):
  set hive.exec.reducers.bytes.per.reducer=<number>
2024-04-24T05:13:58,560  INFO [main] exec.Task:   set hive.exec.reducers.bytes.per.reducer=<number>
In order to limit the maximum number of reducers:
2024-04-24T05:13:58,560  INFO [main] exec.Task: In order to limit the maximum number of reducers:
  set hive.exec.reducers.max=<number>
2024-04-24T05:13:58,560  INFO [main] exec.Task:   set hive.exec.reducers.max=<number>
In order to set a constant number of reducers:
2024-04-24T05:13:58,560  INFO [main] exec.Task: In order to set a constant number of reducers:
  set mapreduce.job.reduces=<number>
2024-04-24T05:13:58,560  INFO [main] exec.Task:   set mapreduce.job.reduces=<number>
2024-04-24T05:13:58,562  INFO [main] mr.ExecDriver: Using org.apache.hadoop.hive.ql.io.HiveInputFormat
2024-04-24T05:13:58,562  INFO [main] exec.Utilities: Processing alias acidtbl
2024-04-24T05:13:58,562  INFO [main] exec.Utilities: Adding 1 inputs; the first input is file:/home/alex/Repositories/hive/ql/target/tmp/org.apache.hadoop.hive.ql.TestTxnCommands-1713960750541/warehouse/acidtbl
2024-04-24T05:13:58,571  INFO [main] exec.SerializationUtilities: Serializing MapWork using kryo
2024-04-24T05:13:58,572  INFO [main] exec.Utilities: Serialized plan (via FILE) - name: null size: 6,12KB
2024-04-24T05:13:58,577  INFO [main] exec.SerializationUtilities: Serializing ReduceWork using kryo
2024-04-24T05:13:58,578  INFO [main] exec.Utilities: Serialized plan (via FILE) - name: null size: 7,02KB
2024-04-24T05:13:58,579  WARN [main] impl.MetricsSystemImpl: JobTracker metrics system already initialized!
2024-04-24T05:13:58,584  WARN [main] impl.MetricsSystemImpl: JobTracker metrics system already initialized!
2024-04-24T05:13:58,591  WARN [main] mapreduce.JobResourceUploader: Hadoop command-line option parsing not performed. Implement the Tool interface and execute your application with ToolRunner to remedy this.
2024-04-24T05:13:58,595  WARN [main] mapreduce.JobResourceUploader: No job jar file set.  User classes may not be found. See Job or Job#setJar(String).
2024-04-24T05:13:58,596  INFO [main] io.HiveInputFormat: hive.io.file.readcolumn.ids = 0,1
2024-04-24T05:13:58,596  INFO [main] io.HiveInputFormat: hive.io.file.readcolumn.names = a,b
2024-04-24T05:13:58,596  INFO [main] io.HiveInputFormat: Generating splits for dirs: file:/home/alex/Repositories/hive/ql/target/tmp/org.apache.hadoop.hive.ql.TestTxnCommands-1713960750541/warehouse/acidtbl
2024-04-24T05:13:58,596  INFO [main] orc.OrcInputFormat: getSplits started
2024-04-24T05:13:58,596  INFO [main] orc.OrcInputFormat: Context:: isAcid: true isVectorMode: true sarg: null minSplitSize: 1 maxSplitSize: 256000000 splitStrategy: HYBRID footerInSplits: false numBuckets: 2 numThreads: 10 cacheMemSize: 268435456 cacheStripeDetails: true useSoftReference: false writeIdList: default.acidtbl:2:9223372036854775807:: isTransactionalTable: true txnProperties: default 
2024-04-24T05:13:58,596  INFO [main] orc.OrcInputFormat: ORC pushdown predicate: null
2024-04-24T05:13:58,619  INFO [main] orc.OrcInputFormat: FooterCacheHitRatio: 0/4
2024-04-24T05:13:58,619  INFO [main] orc.OrcInputFormat: getSplits finished (#splits: 4). duration: 23 ms
2024-04-24T05:13:58,619  INFO [main] io.HiveInputFormat: number of splits 4
2024-04-24T05:13:58,636  INFO [main] mapreduce.JobSubmitter: number of splits:4
2024-04-24T05:13:58,654  INFO [main] mapreduce.JobSubmitter: Submitting tokens for job: job_local1200244706_0033
2024-04-24T05:13:58,654  INFO [main] mapreduce.JobSubmitter: Executing with tokens: []
2024-04-24T05:13:58,744  INFO [main] mapreduce.Job: The url to track the job: http://localhost:8080/
Job running in-process (local Hadoop)
2024-04-24T05:13:58,744  INFO [main] exec.Task: Job running in-process (local Hadoop)
2024-04-24T05:13:58,744  INFO [Thread-2610] mapred.LocalJobRunner: OutputCommitter set in config org.apache.hadoop.hive.ql.io.HiveFileFormatUtils$NullOutputCommitter
2024-04-24T05:13:58,744  INFO [Thread-2610] mapred.LocalJobRunner: OutputCommitter is org.apache.hadoop.hive.ql.io.HiveFileFormatUtils$NullOutputCommitter
2024-04-24T05:13:58,746  INFO [Thread-2610] mapred.LocalJobRunner: Waiting for map tasks
2024-04-24T05:13:58,747  INFO [LocalJobRunner Map Task Executor #0] mapred.LocalJobRunner: Starting task: attempt_local1200244706_0033_m_000000_0
2024-04-24T05:13:58,747  INFO [LocalJobRunner Map Task Executor #0] mapred.Task:  Using ResourceCalculatorProcessTree : [ ]
2024-04-24T05:13:58,748  INFO [LocalJobRunner Map Task Executor #0] mapred.MapTask: Processing split: org.apache.hadoop.hive.ql.io.orc.OrcInputFormat:OrcSplit [file:/home/alex/Repositories/hive/ql/target/tmp/org.apache.hadoop.hive.ql.TestTxnCommands-1713960750541/warehouse/acidtbl/delta_0000002_0000002_0000/bucket_00001_0, start=0, length=679, isOriginal=false, fileLength=679, hasFooter=false, hasBase=true, deltas=0]
2024-04-24T05:13:58,748  INFO [LocalJobRunner Map Task Executor #0] exec.SerializationUtilities: Deserializing MapWork using kryo
2024-04-24T05:13:58,749  INFO [LocalJobRunner Map Task Executor #0] exec.Utilities: Deserialized plan (via FILE) - name: null size: 6,12KB
2024-04-24T05:13:58,749  INFO [LocalJobRunner Map Task Executor #0] orc.VectorizedOrcAcidRowBatchReader: Read ValidWriteIdList: default.acidtbl:2:9223372036854775807:::OrcSplit [file:/home/alex/Repositories/hive/ql/target/tmp/org.apache.hadoop.hive.ql.TestTxnCommands-1713960750541/warehouse/acidtbl/delta_0000002_0000002_0000/bucket_00001_0, start=0, length=679, isOriginal=false, fileLength=679, hasFooter=false, hasBase=true, deltas=0]
2024-04-24T05:13:58,750  INFO [LocalJobRunner Map Task Executor #0] orc.ReaderImpl: Reading ORC rows from file:/home/alex/Repositories/hive/ql/target/tmp/org.apache.hadoop.hive.ql.TestTxnCommands-1713960750541/warehouse/acidtbl/delta_0000002_0000002_0000/bucket_00001_0 with {include: [true, true, true], offset: 0, length: 679, schema: struct<a:int,b:int>, includeAcidColumns: false}
2024-04-24T05:13:58,751  INFO [LocalJobRunner Map Task Executor #0] mapred.MapTask: numReduceTasks: 1
2024-04-24T05:13:58,763  INFO [LocalJobRunner Map Task Executor #0] mapred.MapTask: (EQUATOR) 0 kvi 26214396(104857584)
2024-04-24T05:13:58,763  INFO [LocalJobRunner Map Task Executor #0] mapred.MapTask: mapreduce.task.io.sort.mb: 100
2024-04-24T05:13:58,763  INFO [LocalJobRunner Map Task Executor #0] mapred.MapTask: soft limit at 83886080
2024-04-24T05:13:58,763  INFO [LocalJobRunner Map Task Executor #0] mapred.MapTask: bufstart = 0; bufvoid = 104857600
2024-04-24T05:13:58,763  INFO [LocalJobRunner Map Task Executor #0] mapred.MapTask: kvstart = 26214396; length = 6553600
2024-04-24T05:13:58,764  INFO [LocalJobRunner Map Task Executor #0] mapred.MapTask: Map output collector class = org.apache.hadoop.mapred.MapTask$MapOutputBuffer
2024-04-24T05:13:58,764  INFO [LocalJobRunner Map Task Executor #0] vector.VectorMapOperator: Initializing Operator: MAP[0]
2024-04-24T05:13:58,764  INFO [LocalJobRunner Map Task Executor #0] mr.ExecMapper: 
<MAP>Id =0
  <Children>null
  <\Children>
  <Parent><\Parent>
<\MAP>
2024-04-24T05:13:58,765  INFO [LocalJobRunner Map Task Executor #0] exec.TableScanOperator: Initializing Operator: TS[0]
2024-04-24T05:13:58,765  INFO [LocalJobRunner Map Task Executor #0] vector.VectorSelectOperator: Initializing Operator: SEL[5]
2024-04-24T05:13:58,765  INFO [LocalJobRunner Map Task Executor #0] vector.VectorReduceSinkOperator: Initializing Operator: RS[6]
2024-04-24T05:13:58,765  INFO [LocalJobRunner Map Task Executor #0] vector.VectorReduceSinkOperator: Using tag = -1
2024-04-24T05:13:58,765  INFO [LocalJobRunner Map Task Executor #0] vector.VectorReduceSinkOperator: keys are [reducesinkkey0, reducesinkkey1] num distributions: 2
2024-04-24T05:13:58,765  INFO [LocalJobRunner Map Task Executor #0] vector.VectorReduceSinkOperator: RS[6]: records written - 1
2024-04-24T05:13:58,765  INFO [LocalJobRunner Map Task Executor #0] vector.VectorMapOperator: Closing Operator: MAP[0]
2024-04-24T05:13:58,766  INFO [LocalJobRunner Map Task Executor #0] vector.VectorMapOperator: RECORDS_IN:1, DESERIALIZE_ERRORS:0, RECORDS_OUT_OPERATOR_MAP_0:0, RECORDS_OUT_INTERMEDIATE:0, 
2024-04-24T05:13:58,766  INFO [LocalJobRunner Map Task Executor #0] exec.TableScanOperator: Closing Operator: TS[0]
2024-04-24T05:13:58,766  INFO [LocalJobRunner Map Task Executor #0] exec.TableScanOperator: RECORDS_OUT_OPERATOR_TS_0:1, RECORDS_OUT_INTERMEDIATE:0, 
2024-04-24T05:13:58,766  INFO [LocalJobRunner Map Task Executor #0] vector.VectorSelectOperator: Closing Operator: SEL[5]
2024-04-24T05:13:58,766  INFO [LocalJobRunner Map Task Executor #0] vector.VectorSelectOperator: RECORDS_OUT_OPERATOR_SEL_5:1, RECORDS_OUT_INTERMEDIATE:0, 
2024-04-24T05:13:58,766  INFO [LocalJobRunner Map Task Executor #0] vector.VectorReduceSinkOperator: Closing Operator: RS[6]
2024-04-24T05:13:58,766  INFO [LocalJobRunner Map Task Executor #0] vector.VectorReduceSinkOperator: RS[6]: Total records written - 1. abort - false
2024-04-24T05:13:58,766  INFO [LocalJobRunner Map Task Executor #0] vector.VectorReduceSinkOperator: RECORDS_OUT_OPERATOR_RS_6:1, RECORDS_OUT_INTERMEDIATE:1, 
2024-04-24T05:13:58,766  INFO [LocalJobRunner Map Task Executor #0] mapred.LocalJobRunner: 
2024-04-24T05:13:58,766  INFO [LocalJobRunner Map Task Executor #0] mapred.MapTask: Starting flush of map output
2024-04-24T05:13:58,766  INFO [LocalJobRunner Map Task Executor #0] mapred.MapTask: Spilling map output
2024-04-24T05:13:58,766  INFO [LocalJobRunner Map Task Executor #0] mapred.MapTask: bufstart = 0; bufend = 19; bufvoid = 104857600
2024-04-24T05:13:58,766  INFO [LocalJobRunner Map Task Executor #0] mapred.MapTask: kvstart = 26214396(104857584); kvend = 26214396(104857584); length = 1/6553600
2024-04-24T05:13:58,777  INFO [LocalJobRunner Map Task Executor #0] mapred.MapTask: Finished spill 0
2024-04-24T05:13:58,780  INFO [LocalJobRunner Map Task Executor #0] mapred.Task: Task:attempt_local1200244706_0033_m_000000_0 is done. And is in the process of committing
2024-04-24T05:13:58,781  INFO [LocalJobRunner Map Task Executor #0] mapred.LocalJobRunner: OrcSplit [file:/home/alex/Repositories/hive/ql/target/tmp/org.apache.hadoop.hive.ql.TestTxnCommands-1713960750541/warehouse/acidtbl/delta_0000002_0000002_0000/bucket_00001_0, start=0, length=679, isOriginal=false, fileLength=679, hasFooter=false, hasBase=true, deltas=0]
2024-04-24T05:13:58,781  INFO [LocalJobRunner Map Task Executor #0] mapred.Task: Task 'attempt_local1200244706_0033_m_000000_0' done.
2024-04-24T05:13:58,781  INFO [LocalJobRunner Map Task Executor #0] mapred.Task: Final Counters for attempt_local1200244706_0033_m_000000_0: Counters: 24
	File System Counters
		FILE: Number of bytes read=695953
		FILE: Number of bytes written=41376708
		FILE: Number of read operations=0
		FILE: Number of large read operations=0
		FILE: Number of write operations=0
	Map-Reduce Framework
		Map input records=1
		Map output records=1
		Map output bytes=19
		Map output materialized bytes=27
		Input split bytes=495
		Combine input records=0
		Spilled Records=1
		Failed Shuffles=0
		Merged Map outputs=0
		GC time elapsed (ms)=7
		Total committed heap usage (bytes)=1244659712
	HIVE
		DESERIALIZE_ERRORS=0
		RECORDS_IN=1
		RECORDS_OUT_INTERMEDIATE=1
		RECORDS_OUT_OPERATOR_MAP_0=0
		RECORDS_OUT_OPERATOR_RS_6=1
		RECORDS_OUT_OPERATOR_SEL_5=1
		RECORDS_OUT_OPERATOR_TS_0=1
	File Input Format Counters 
		Bytes Read=8979
2024-04-24T05:13:58,781  INFO [LocalJobRunner Map Task Executor #0] mapred.LocalJobRunner: Finishing task: attempt_local1200244706_0033_m_000000_0
2024-04-24T05:13:58,781  INFO [LocalJobRunner Map Task Executor #0] mapred.LocalJobRunner: Starting task: attempt_local1200244706_0033_m_000001_0
2024-04-24T05:13:58,781  INFO [LocalJobRunner Map Task Executor #0] mapred.Task:  Using ResourceCalculatorProcessTree : [ ]
2024-04-24T05:13:58,782  INFO [LocalJobRunner Map Task Executor #0] mapred.MapTask: Processing split: org.apache.hadoop.hive.ql.io.orc.OrcInputFormat:OrcSplit [file:/home/alex/Repositories/hive/ql/target/tmp/org.apache.hadoop.hive.ql.TestTxnCommands-1713960750541/warehouse/acidtbl/delta_0000001_0000001_0000/bucket_00001_0, start=0, length=673, isOriginal=false, fileLength=673, hasFooter=false, hasBase=true, deltas=0]
2024-04-24T05:13:58,782  INFO [LocalJobRunner Map Task Executor #0] exec.SerializationUtilities: Deserializing MapWork using kryo
2024-04-24T05:13:58,782  INFO [LocalJobRunner Map Task Executor #0] exec.Utilities: Deserialized plan (via FILE) - name: null size: 6,12KB
2024-04-24T05:13:58,783  INFO [LocalJobRunner Map Task Executor #0] orc.VectorizedOrcAcidRowBatchReader: Read ValidWriteIdList: default.acidtbl:2:9223372036854775807:::OrcSplit [file:/home/alex/Repositories/hive/ql/target/tmp/org.apache.hadoop.hive.ql.TestTxnCommands-1713960750541/warehouse/acidtbl/delta_0000001_0000001_0000/bucket_00001_0, start=0, length=673, isOriginal=false, fileLength=673, hasFooter=false, hasBase=true, deltas=0]
2024-04-24T05:13:58,783  INFO [LocalJobRunner Map Task Executor #0] orc.ReaderImpl: Reading ORC rows from file:/home/alex/Repositories/hive/ql/target/tmp/org.apache.hadoop.hive.ql.TestTxnCommands-1713960750541/warehouse/acidtbl/delta_0000001_0000001_0000/bucket_00001_0 with {include: [true, true, true], offset: 0, length: 673, schema: struct<a:int,b:int>, includeAcidColumns: false}
2024-04-24T05:13:58,784  INFO [LocalJobRunner Map Task Executor #0] mapred.MapTask: numReduceTasks: 1
2024-04-24T05:13:58,788  INFO [LocalJobRunner Map Task Executor #0] mapred.MapTask: (EQUATOR) 0 kvi 26214396(104857584)
2024-04-24T05:13:58,788  INFO [LocalJobRunner Map Task Executor #0] mapred.MapTask: mapreduce.task.io.sort.mb: 100
2024-04-24T05:13:58,788  INFO [LocalJobRunner Map Task Executor #0] mapred.MapTask: soft limit at 83886080
2024-04-24T05:13:58,788  INFO [LocalJobRunner Map Task Executor #0] mapred.MapTask: bufstart = 0; bufvoid = 104857600
2024-04-24T05:13:58,788  INFO [LocalJobRunner Map Task Executor #0] mapred.MapTask: kvstart = 26214396; length = 6553600
2024-04-24T05:13:58,789  INFO [LocalJobRunner Map Task Executor #0] mapred.MapTask: Map output collector class = org.apache.hadoop.mapred.MapTask$MapOutputBuffer
2024-04-24T05:13:58,789  INFO [LocalJobRunner Map Task Executor #0] vector.VectorMapOperator: Initializing Operator: MAP[0]
2024-04-24T05:13:58,789  INFO [LocalJobRunner Map Task Executor #0] mr.ExecMapper: 
<MAP>Id =0
  <Children>null
  <\Children>
  <Parent><\Parent>
<\MAP>
2024-04-24T05:13:58,790  INFO [LocalJobRunner Map Task Executor #0] exec.TableScanOperator: Initializing Operator: TS[0]
2024-04-24T05:13:58,790  INFO [LocalJobRunner Map Task Executor #0] vector.VectorSelectOperator: Initializing Operator: SEL[5]
2024-04-24T05:13:58,790  INFO [LocalJobRunner Map Task Executor #0] vector.VectorReduceSinkOperator: Initializing Operator: RS[6]
2024-04-24T05:13:58,790  INFO [LocalJobRunner Map Task Executor #0] vector.VectorReduceSinkOperator: Using tag = -1
2024-04-24T05:13:58,790  INFO [LocalJobRunner Map Task Executor #0] vector.VectorReduceSinkOperator: keys are [reducesinkkey0, reducesinkkey1] num distributions: 2
2024-04-24T05:13:58,790  INFO [LocalJobRunner Map Task Executor #0] vector.VectorReduceSinkOperator: RS[6]: records written - 1
2024-04-24T05:13:58,790  INFO [LocalJobRunner Map Task Executor #0] vector.VectorMapOperator: Closing Operator: MAP[0]
2024-04-24T05:13:58,790  INFO [LocalJobRunner Map Task Executor #0] vector.VectorMapOperator: DESERIALIZE_ERRORS:0, RECORDS_IN:1, RECORDS_OUT_INTERMEDIATE:0, RECORDS_OUT_OPERATOR_MAP_0:0, 
2024-04-24T05:13:58,790  INFO [LocalJobRunner Map Task Executor #0] exec.TableScanOperator: Closing Operator: TS[0]
2024-04-24T05:13:58,790  INFO [LocalJobRunner Map Task Executor #0] exec.TableScanOperator: RECORDS_OUT_OPERATOR_TS_0:1, RECORDS_OUT_INTERMEDIATE:0, 
2024-04-24T05:13:58,790  INFO [LocalJobRunner Map Task Executor #0] vector.VectorSelectOperator: Closing Operator: SEL[5]
2024-04-24T05:13:58,790  INFO [LocalJobRunner Map Task Executor #0] vector.VectorSelectOperator: RECORDS_OUT_OPERATOR_SEL_5:1, RECORDS_OUT_INTERMEDIATE:0, 
2024-04-24T05:13:58,790  INFO [LocalJobRunner Map Task Executor #0] vector.VectorReduceSinkOperator: Closing Operator: RS[6]
2024-04-24T05:13:58,790  INFO [LocalJobRunner Map Task Executor #0] vector.VectorReduceSinkOperator: RS[6]: Total records written - 1. abort - false
2024-04-24T05:13:58,790  INFO [LocalJobRunner Map Task Executor #0] vector.VectorReduceSinkOperator: RECORDS_OUT_INTERMEDIATE:1, RECORDS_OUT_OPERATOR_RS_6:1, 
2024-04-24T05:13:58,791  INFO [LocalJobRunner Map Task Executor #0] mapred.LocalJobRunner: 
2024-04-24T05:13:58,791  INFO [LocalJobRunner Map Task Executor #0] mapred.MapTask: Starting flush of map output
2024-04-24T05:13:58,791  INFO [LocalJobRunner Map Task Executor #0] mapred.MapTask: Spilling map output
2024-04-24T05:13:58,791  INFO [LocalJobRunner Map Task Executor #0] mapred.MapTask: bufstart = 0; bufend = 19; bufvoid = 104857600
2024-04-24T05:13:58,791  INFO [LocalJobRunner Map Task Executor #0] mapred.MapTask: kvstart = 26214396(104857584); kvend = 26214396(104857584); length = 1/6553600
2024-04-24T05:13:58,799  INFO [LocalJobRunner Map Task Executor #0] mapred.MapTask: Finished spill 0
2024-04-24T05:13:58,802  INFO [LocalJobRunner Map Task Executor #0] mapred.Task: Task:attempt_local1200244706_0033_m_000001_0 is done. And is in the process of committing
2024-04-24T05:13:58,802  INFO [LocalJobRunner Map Task Executor #0] mapred.LocalJobRunner: OrcSplit [file:/home/alex/Repositories/hive/ql/target/tmp/org.apache.hadoop.hive.ql.TestTxnCommands-1713960750541/warehouse/acidtbl/delta_0000001_0000001_0000/bucket_00001_0, start=0, length=673, isOriginal=false, fileLength=673, hasFooter=false, hasBase=true, deltas=0]
2024-04-24T05:13:58,802  INFO [LocalJobRunner Map Task Executor #0] mapred.Task: Task 'attempt_local1200244706_0033_m_000001_0' done.
2024-04-24T05:13:58,802  INFO [LocalJobRunner Map Task Executor #0] mapred.Task: Final Counters for attempt_local1200244706_0033_m_000001_0: Counters: 24
	File System Counters
		FILE: Number of bytes read=706919
		FILE: Number of bytes written=41376767
		FILE: Number of read operations=0
		FILE: Number of large read operations=0
		FILE: Number of write operations=0
	Map-Reduce Framework
		Map input records=1
		Map output records=1
		Map output bytes=19
		Map output materialized bytes=27
		Input split bytes=495
		Combine input records=0
		Spilled Records=1
		Failed Shuffles=0
		Merged Map outputs=0
		GC time elapsed (ms)=0
		Total committed heap usage (bytes)=1244659712
	HIVE
		DESERIALIZE_ERRORS=0
		RECORDS_IN=1
		RECORDS_OUT_INTERMEDIATE=1
		RECORDS_OUT_OPERATOR_MAP_0=0
		RECORDS_OUT_OPERATOR_RS_6=1
		RECORDS_OUT_OPERATOR_SEL_5=1
		RECORDS_OUT_OPERATOR_TS_0=1
	File Input Format Counters 
		Bytes Read=8955
2024-04-24T05:13:58,802  INFO [LocalJobRunner Map Task Executor #0] mapred.LocalJobRunner: Finishing task: attempt_local1200244706_0033_m_000001_0
2024-04-24T05:13:58,802  INFO [LocalJobRunner Map Task Executor #0] mapred.LocalJobRunner: Starting task: attempt_local1200244706_0033_m_000002_0
2024-04-24T05:13:58,803  INFO [LocalJobRunner Map Task Executor #0] mapred.Task:  Using ResourceCalculatorProcessTree : [ ]
2024-04-24T05:13:58,803  INFO [LocalJobRunner Map Task Executor #0] mapred.MapTask: Processing split: org.apache.hadoop.hive.ql.io.orc.OrcInputFormat:OrcSplit [file:/home/alex/Repositories/hive/ql/target/tmp/org.apache.hadoop.hive.ql.TestTxnCommands-1713960750541/warehouse/acidtbl/delta_0000002_0000002_0000/bucket_00000_0, start=0, length=672, isOriginal=false, fileLength=672, hasFooter=false, hasBase=true, deltas=0]
2024-04-24T05:13:58,804  INFO [LocalJobRunner Map Task Executor #0] exec.SerializationUtilities: Deserializing MapWork using kryo
2024-04-24T05:13:58,804  INFO [LocalJobRunner Map Task Executor #0] exec.Utilities: Deserialized plan (via FILE) - name: null size: 6,12KB
2024-04-24T05:13:58,805  INFO [LocalJobRunner Map Task Executor #0] orc.VectorizedOrcAcidRowBatchReader: Read ValidWriteIdList: default.acidtbl:2:9223372036854775807:::OrcSplit [file:/home/alex/Repositories/hive/ql/target/tmp/org.apache.hadoop.hive.ql.TestTxnCommands-1713960750541/warehouse/acidtbl/delta_0000002_0000002_0000/bucket_00000_0, start=0, length=672, isOriginal=false, fileLength=672, hasFooter=false, hasBase=true, deltas=0]
2024-04-24T05:13:58,805  INFO [LocalJobRunner Map Task Executor #0] orc.ReaderImpl: Reading ORC rows from file:/home/alex/Repositories/hive/ql/target/tmp/org.apache.hadoop.hive.ql.TestTxnCommands-1713960750541/warehouse/acidtbl/delta_0000002_0000002_0000/bucket_00000_0 with {include: [true, true, true], offset: 0, length: 672, schema: struct<a:int,b:int>, includeAcidColumns: false}
2024-04-24T05:13:58,806  INFO [LocalJobRunner Map Task Executor #0] mapred.MapTask: numReduceTasks: 1
2024-04-24T05:13:58,810  INFO [LocalJobRunner Map Task Executor #0] mapred.MapTask: (EQUATOR) 0 kvi 26214396(104857584)
2024-04-24T05:13:58,810  INFO [LocalJobRunner Map Task Executor #0] mapred.MapTask: mapreduce.task.io.sort.mb: 100
2024-04-24T05:13:58,810  INFO [LocalJobRunner Map Task Executor #0] mapred.MapTask: soft limit at 83886080
2024-04-24T05:13:58,810  INFO [LocalJobRunner Map Task Executor #0] mapred.MapTask: bufstart = 0; bufvoid = 104857600
2024-04-24T05:13:58,810  INFO [LocalJobRunner Map Task Executor #0] mapred.MapTask: kvstart = 26214396; length = 6553600
2024-04-24T05:13:58,811  INFO [LocalJobRunner Map Task Executor #0] mapred.MapTask: Map output collector class = org.apache.hadoop.mapred.MapTask$MapOutputBuffer
2024-04-24T05:13:58,811  INFO [LocalJobRunner Map Task Executor #0] vector.VectorMapOperator: Initializing Operator: MAP[0]
2024-04-24T05:13:58,811  INFO [LocalJobRunner Map Task Executor #0] mr.ExecMapper: 
<MAP>Id =0
  <Children>null
  <\Children>
  <Parent><\Parent>
<\MAP>
2024-04-24T05:13:58,812  INFO [LocalJobRunner Map Task Executor #0] exec.TableScanOperator: Initializing Operator: TS[0]
2024-04-24T05:13:58,812  INFO [LocalJobRunner Map Task Executor #0] vector.VectorSelectOperator: Initializing Operator: SEL[5]
2024-04-24T05:13:58,812  INFO [LocalJobRunner Map Task Executor #0] vector.VectorReduceSinkOperator: Initializing Operator: RS[6]
2024-04-24T05:13:58,812  INFO [LocalJobRunner Map Task Executor #0] vector.VectorReduceSinkOperator: Using tag = -1
2024-04-24T05:13:58,813  INFO [LocalJobRunner Map Task Executor #0] vector.VectorReduceSinkOperator: keys are [reducesinkkey0, reducesinkkey1] num distributions: 2
2024-04-24T05:13:58,813  INFO [LocalJobRunner Map Task Executor #0] vector.VectorReduceSinkOperator: RS[6]: records written - 1
2024-04-24T05:13:58,813  INFO [LocalJobRunner Map Task Executor #0] vector.VectorMapOperator: Closing Operator: MAP[0]
2024-04-24T05:13:58,813  INFO [LocalJobRunner Map Task Executor #0] vector.VectorMapOperator: RECORDS_OUT_OPERATOR_MAP_0:0, RECORDS_IN:1, RECORDS_OUT_INTERMEDIATE:0, DESERIALIZE_ERRORS:0, 
2024-04-24T05:13:58,813  INFO [LocalJobRunner Map Task Executor #0] exec.TableScanOperator: Closing Operator: TS[0]
2024-04-24T05:13:58,813  INFO [LocalJobRunner Map Task Executor #0] exec.TableScanOperator: RECORDS_OUT_INTERMEDIATE:0, RECORDS_OUT_OPERATOR_TS_0:1, 
2024-04-24T05:13:58,813  INFO [LocalJobRunner Map Task Executor #0] vector.VectorSelectOperator: Closing Operator: SEL[5]
2024-04-24T05:13:58,813  INFO [LocalJobRunner Map Task Executor #0] vector.VectorSelectOperator: RECORDS_OUT_INTERMEDIATE:0, RECORDS_OUT_OPERATOR_SEL_5:1, 
2024-04-24T05:13:58,813  INFO [LocalJobRunner Map Task Executor #0] vector.VectorReduceSinkOperator: Closing Operator: RS[6]
2024-04-24T05:13:58,813  INFO [LocalJobRunner Map Task Executor #0] vector.VectorReduceSinkOperator: RS[6]: Total records written - 1. abort - false
2024-04-24T05:13:58,813  INFO [LocalJobRunner Map Task Executor #0] vector.VectorReduceSinkOperator: RECORDS_OUT_INTERMEDIATE:1, RECORDS_OUT_OPERATOR_RS_6:1, 
2024-04-24T05:13:58,814  INFO [LocalJobRunner Map Task Executor #0] mapred.LocalJobRunner: 
2024-04-24T05:13:58,814  INFO [LocalJobRunner Map Task Executor #0] mapred.MapTask: Starting flush of map output
2024-04-24T05:13:58,814  INFO [LocalJobRunner Map Task Executor #0] mapred.MapTask: Spilling map output
2024-04-24T05:13:58,814  INFO [LocalJobRunner Map Task Executor #0] mapred.MapTask: bufstart = 0; bufend = 19; bufvoid = 104857600
2024-04-24T05:13:58,814  INFO [LocalJobRunner Map Task Executor #0] mapred.MapTask: kvstart = 26214396(104857584); kvend = 26214396(104857584); length = 1/6553600
2024-04-24T05:13:58,823  INFO [LocalJobRunner Map Task Executor #0] mapred.MapTask: Finished spill 0
2024-04-24T05:13:58,826  INFO [LocalJobRunner Map Task Executor #0] mapred.Task: Task:attempt_local1200244706_0033_m_000002_0 is done. And is in the process of committing
2024-04-24T05:13:58,826  INFO [LocalJobRunner Map Task Executor #0] mapred.LocalJobRunner: OrcSplit [file:/home/alex/Repositories/hive/ql/target/tmp/org.apache.hadoop.hive.ql.TestTxnCommands-1713960750541/warehouse/acidtbl/delta_0000002_0000002_0000/bucket_00000_0, start=0, length=672, isOriginal=false, fileLength=672, hasFooter=false, hasBase=true, deltas=0]
2024-04-24T05:13:58,826  INFO [LocalJobRunner Map Task Executor #0] mapred.Task: Task 'attempt_local1200244706_0033_m_000002_0' done.
2024-04-24T05:13:58,826  INFO [LocalJobRunner Map Task Executor #0] mapred.Task: Final Counters for attempt_local1200244706_0033_m_000002_0: Counters: 24
	File System Counters
		FILE: Number of bytes read=717369
		FILE: Number of bytes written=41376826
		FILE: Number of read operations=0
		FILE: Number of large read operations=0
		FILE: Number of write operations=0
	Map-Reduce Framework
		Map input records=1
		Map output records=1
		Map output bytes=19
		Map output materialized bytes=27
		Input split bytes=495
		Combine input records=0
		Spilled Records=1
		Failed Shuffles=0
		Merged Map outputs=0
		GC time elapsed (ms)=0
		Total committed heap usage (bytes)=1244659712
	HIVE
		DESERIALIZE_ERRORS=0
		RECORDS_IN=1
		RECORDS_OUT_INTERMEDIATE=1
		RECORDS_OUT_OPERATOR_MAP_0=0
		RECORDS_OUT_OPERATOR_RS_6=1
		RECORDS_OUT_OPERATOR_SEL_5=1
		RECORDS_OUT_OPERATOR_TS_0=1
	File Input Format Counters 
		Bytes Read=8951
2024-04-24T05:13:58,826  INFO [LocalJobRunner Map Task Executor #0] mapred.LocalJobRunner: Finishing task: attempt_local1200244706_0033_m_000002_0
2024-04-24T05:13:58,826  INFO [LocalJobRunner Map Task Executor #0] mapred.LocalJobRunner: Starting task: attempt_local1200244706_0033_m_000003_0
2024-04-24T05:13:58,827  INFO [LocalJobRunner Map Task Executor #0] mapred.Task:  Using ResourceCalculatorProcessTree : [ ]
2024-04-24T05:13:58,827  INFO [LocalJobRunner Map Task Executor #0] mapred.MapTask: Processing split: org.apache.hadoop.hive.ql.io.orc.OrcInputFormat:OrcSplit [file:/home/alex/Repositories/hive/ql/target/tmp/org.apache.hadoop.hive.ql.TestTxnCommands-1713960750541/warehouse/acidtbl/delta_0000001_0000001_0000/bucket_00000_0, start=0, length=671, isOriginal=false, fileLength=671, hasFooter=false, hasBase=true, deltas=0]
2024-04-24T05:13:58,828  INFO [LocalJobRunner Map Task Executor #0] exec.SerializationUtilities: Deserializing MapWork using kryo
2024-04-24T05:13:58,828  INFO [LocalJobRunner Map Task Executor #0] exec.Utilities: Deserialized plan (via FILE) - name: null size: 6,12KB
2024-04-24T05:13:58,829  INFO [LocalJobRunner Map Task Executor #0] orc.VectorizedOrcAcidRowBatchReader: Read ValidWriteIdList: default.acidtbl:2:9223372036854775807:::OrcSplit [file:/home/alex/Repositories/hive/ql/target/tmp/org.apache.hadoop.hive.ql.TestTxnCommands-1713960750541/warehouse/acidtbl/delta_0000001_0000001_0000/bucket_00000_0, start=0, length=671, isOriginal=false, fileLength=671, hasFooter=false, hasBase=true, deltas=0]
2024-04-24T05:13:58,830  INFO [LocalJobRunner Map Task Executor #0] orc.ReaderImpl: Reading ORC rows from file:/home/alex/Repositories/hive/ql/target/tmp/org.apache.hadoop.hive.ql.TestTxnCommands-1713960750541/warehouse/acidtbl/delta_0000001_0000001_0000/bucket_00000_0 with {include: [true, true, true], offset: 0, length: 671, schema: struct<a:int,b:int>, includeAcidColumns: false}
2024-04-24T05:13:58,831  INFO [LocalJobRunner Map Task Executor #0] mapred.MapTask: numReduceTasks: 1
2024-04-24T05:13:58,836  INFO [LocalJobRunner Map Task Executor #0] mapred.MapTask: (EQUATOR) 0 kvi 26214396(104857584)
2024-04-24T05:13:58,836  INFO [LocalJobRunner Map Task Executor #0] mapred.MapTask: mapreduce.task.io.sort.mb: 100
2024-04-24T05:13:58,836  INFO [LocalJobRunner Map Task Executor #0] mapred.MapTask: soft limit at 83886080
2024-04-24T05:13:58,836  INFO [LocalJobRunner Map Task Executor #0] mapred.MapTask: bufstart = 0; bufvoid = 104857600
2024-04-24T05:13:58,836  INFO [LocalJobRunner Map Task Executor #0] mapred.MapTask: kvstart = 26214396; length = 6553600
2024-04-24T05:13:58,837  INFO [LocalJobRunner Map Task Executor #0] mapred.MapTask: Map output collector class = org.apache.hadoop.mapred.MapTask$MapOutputBuffer
2024-04-24T05:13:58,837  INFO [LocalJobRunner Map Task Executor #0] vector.VectorMapOperator: Initializing Operator: MAP[0]
2024-04-24T05:13:58,837  INFO [LocalJobRunner Map Task Executor #0] mr.ExecMapper: 
<MAP>Id =0
  <Children>null
  <\Children>
  <Parent><\Parent>
<\MAP>
2024-04-24T05:13:58,838  INFO [LocalJobRunner Map Task Executor #0] exec.TableScanOperator: Initializing Operator: TS[0]
2024-04-24T05:13:58,838  INFO [LocalJobRunner Map Task Executor #0] vector.VectorSelectOperator: Initializing Operator: SEL[5]
2024-04-24T05:13:58,838  INFO [LocalJobRunner Map Task Executor #0] vector.VectorReduceSinkOperator: Initializing Operator: RS[6]
2024-04-24T05:13:58,838  INFO [LocalJobRunner Map Task Executor #0] vector.VectorReduceSinkOperator: Using tag = -1
2024-04-24T05:13:58,839  INFO [LocalJobRunner Map Task Executor #0] vector.VectorReduceSinkOperator: keys are [reducesinkkey0, reducesinkkey1] num distributions: 2
2024-04-24T05:13:58,839  INFO [LocalJobRunner Map Task Executor #0] vector.VectorReduceSinkOperator: RS[6]: records written - 1
2024-04-24T05:13:58,839  INFO [LocalJobRunner Map Task Executor #0] vector.VectorMapOperator: Closing Operator: MAP[0]
2024-04-24T05:13:58,839  INFO [LocalJobRunner Map Task Executor #0] vector.VectorMapOperator: RECORDS_IN:1, DESERIALIZE_ERRORS:0, RECORDS_OUT_INTERMEDIATE:0, RECORDS_OUT_OPERATOR_MAP_0:0, 
2024-04-24T05:13:58,839  INFO [LocalJobRunner Map Task Executor #0] exec.TableScanOperator: Closing Operator: TS[0]
2024-04-24T05:13:58,839  INFO [LocalJobRunner Map Task Executor #0] exec.TableScanOperator: RECORDS_OUT_OPERATOR_TS_0:1, RECORDS_OUT_INTERMEDIATE:0, 
2024-04-24T05:13:58,839  INFO [LocalJobRunner Map Task Executor #0] vector.VectorSelectOperator: Closing Operator: SEL[5]
2024-04-24T05:13:58,839  INFO [LocalJobRunner Map Task Executor #0] vector.VectorSelectOperator: RECORDS_OUT_OPERATOR_SEL_5:1, RECORDS_OUT_INTERMEDIATE:0, 
2024-04-24T05:13:58,839  INFO [LocalJobRunner Map Task Executor #0] vector.VectorReduceSinkOperator: Closing Operator: RS[6]
2024-04-24T05:13:58,839  INFO [LocalJobRunner Map Task Executor #0] vector.VectorReduceSinkOperator: RS[6]: Total records written - 1. abort - false
2024-04-24T05:13:58,839  INFO [LocalJobRunner Map Task Executor #0] vector.VectorReduceSinkOperator: RECORDS_OUT_INTERMEDIATE:1, RECORDS_OUT_OPERATOR_RS_6:1, 
2024-04-24T05:13:58,840  INFO [LocalJobRunner Map Task Executor #0] mapred.LocalJobRunner: 
2024-04-24T05:13:58,840  INFO [LocalJobRunner Map Task Executor #0] mapred.MapTask: Starting flush of map output
2024-04-24T05:13:58,840  INFO [LocalJobRunner Map Task Executor #0] mapred.MapTask: Spilling map output
2024-04-24T05:13:58,840  INFO [LocalJobRunner Map Task Executor #0] mapred.MapTask: bufstart = 0; bufend = 19; bufvoid = 104857600
2024-04-24T05:13:58,840  INFO [LocalJobRunner Map Task Executor #0] mapred.MapTask: kvstart = 26214396(104857584); kvend = 26214396(104857584); length = 1/6553600
2024-04-24T05:13:58,848  INFO [LocalJobRunner Map Task Executor #0] mapred.MapTask: Finished spill 0
2024-04-24T05:13:58,851  INFO [LocalJobRunner Map Task Executor #0] mapred.Task: Task:attempt_local1200244706_0033_m_000003_0 is done. And is in the process of committing
2024-04-24T05:13:58,852  INFO [LocalJobRunner Map Task Executor #0] mapred.LocalJobRunner: OrcSplit [file:/home/alex/Repositories/hive/ql/target/tmp/org.apache.hadoop.hive.ql.TestTxnCommands-1713960750541/warehouse/acidtbl/delta_0000001_0000001_0000/bucket_00000_0, start=0, length=671, isOriginal=false, fileLength=671, hasFooter=false, hasBase=true, deltas=0]
2024-04-24T05:13:58,852  INFO [LocalJobRunner Map Task Executor #0] mapred.Task: Task 'attempt_local1200244706_0033_m_000003_0' done.
2024-04-24T05:13:58,852  INFO [LocalJobRunner Map Task Executor #0] mapred.Task: Final Counters for attempt_local1200244706_0033_m_000003_0: Counters: 24
	File System Counters
		FILE: Number of bytes read=727303
		FILE: Number of bytes written=41376885
		FILE: Number of read operations=0
		FILE: Number of large read operations=0
		FILE: Number of write operations=0
	Map-Reduce Framework
		Map input records=1
		Map output records=1
		Map output bytes=19
		Map output materialized bytes=27
		Input split bytes=495
		Combine input records=0
		Spilled Records=1
		Failed Shuffles=0
		Merged Map outputs=0
		GC time elapsed (ms)=0
		Total committed heap usage (bytes)=1244659712
	HIVE
		DESERIALIZE_ERRORS=0
		RECORDS_IN=1
		RECORDS_OUT_INTERMEDIATE=1
		RECORDS_OUT_OPERATOR_MAP_0=0
		RECORDS_OUT_OPERATOR_RS_6=1
		RECORDS_OUT_OPERATOR_SEL_5=1
		RECORDS_OUT_OPERATOR_TS_0=1
	File Input Format Counters 
		Bytes Read=8947
2024-04-24T05:13:58,852  INFO [LocalJobRunner Map Task Executor #0] mapred.LocalJobRunner: Finishing task: attempt_local1200244706_0033_m_000003_0
2024-04-24T05:13:58,852  INFO [Thread-2610] mapred.LocalJobRunner: map task executor complete.
2024-04-24T05:13:58,853  INFO [Thread-2610] mapred.LocalJobRunner: Waiting for reduce tasks
2024-04-24T05:13:58,853  INFO [pool-165-thread-1] mapred.LocalJobRunner: Starting task: attempt_local1200244706_0033_r_000000_0
2024-04-24T05:13:58,854  INFO [pool-165-thread-1] mapred.Task:  Using ResourceCalculatorProcessTree : [ ]
2024-04-24T05:13:58,854  INFO [pool-165-thread-1] mapred.ReduceTask: Using ShuffleConsumerPlugin: org.apache.hadoop.mapreduce.task.reduce.Shuffle@1b2e6183
2024-04-24T05:13:58,854  WARN [pool-165-thread-1] impl.MetricsSystemImpl: JobTracker metrics system already initialized!
2024-04-24T05:13:58,855  INFO [pool-165-thread-1] reduce.MergeManagerImpl: MergerManager: memoryLimit=1336252800, maxSingleShuffleLimit=334063200, mergeThreshold=881926912, ioSortFactor=10, memToMemMergeOutputsThreshold=10
2024-04-24T05:13:58,855  INFO [EventFetcher for fetching Map Completion Events] reduce.EventFetcher: attempt_local1200244706_0033_r_000000_0 Thread started: EventFetcher for fetching Map Completion Events
2024-04-24T05:13:58,858  INFO [localfetcher#48] reduce.LocalFetcher: localfetcher#48 about to shuffle output of map attempt_local1200244706_0033_m_000000_0 decomp: 23 len: 27 to MEMORY
2024-04-24T05:13:58,858  INFO [localfetcher#48] reduce.InMemoryMapOutput: Read 23 bytes from map-output for attempt_local1200244706_0033_m_000000_0
2024-04-24T05:13:58,858  INFO [localfetcher#48] reduce.MergeManagerImpl: closeInMemoryFile -> map-output of size: 23, inMemoryMapOutputs.size() -> 1, commitMemory -> 0, usedMemory ->23
2024-04-24T05:13:58,861  INFO [localfetcher#48] reduce.LocalFetcher: localfetcher#48 about to shuffle output of map attempt_local1200244706_0033_m_000001_0 decomp: 23 len: 27 to MEMORY
2024-04-24T05:13:58,862  INFO [localfetcher#48] reduce.InMemoryMapOutput: Read 23 bytes from map-output for attempt_local1200244706_0033_m_000001_0
2024-04-24T05:13:58,862  INFO [localfetcher#48] reduce.MergeManagerImpl: closeInMemoryFile -> map-output of size: 23, inMemoryMapOutputs.size() -> 2, commitMemory -> 23, usedMemory ->46
2024-04-24T05:13:58,864  INFO [localfetcher#48] reduce.LocalFetcher: localfetcher#48 about to shuffle output of map attempt_local1200244706_0033_m_000002_0 decomp: 23 len: 27 to MEMORY
2024-04-24T05:13:58,864  INFO [localfetcher#48] reduce.InMemoryMapOutput: Read 23 bytes from map-output for attempt_local1200244706_0033_m_000002_0
2024-04-24T05:13:58,864  INFO [localfetcher#48] reduce.MergeManagerImpl: closeInMemoryFile -> map-output of size: 23, inMemoryMapOutputs.size() -> 3, commitMemory -> 46, usedMemory ->69
2024-04-24T05:13:58,866  INFO [localfetcher#48] reduce.LocalFetcher: localfetcher#48 about to shuffle output of map attempt_local1200244706_0033_m_000003_0 decomp: 23 len: 27 to MEMORY
2024-04-24T05:13:58,866  INFO [localfetcher#48] reduce.InMemoryMapOutput: Read 23 bytes from map-output for attempt_local1200244706_0033_m_000003_0
2024-04-24T05:13:58,866  INFO [localfetcher#48] reduce.MergeManagerImpl: closeInMemoryFile -> map-output of size: 23, inMemoryMapOutputs.size() -> 4, commitMemory -> 69, usedMemory ->92
2024-04-24T05:13:58,867  INFO [EventFetcher for fetching Map Completion Events] reduce.EventFetcher: EventFetcher is interrupted.. Returning
2024-04-24T05:13:58,867  INFO [pool-165-thread-1] mapred.LocalJobRunner: 4 / 4 copied.
2024-04-24T05:13:58,867  INFO [pool-165-thread-1] reduce.MergeManagerImpl: finalMerge called with 4 in-memory map-outputs and 0 on-disk map-outputs
2024-04-24T05:13:58,873  INFO [pool-165-thread-1] mapred.Merger: Merging 4 sorted segments
2024-04-24T05:13:58,873  INFO [pool-165-thread-1] mapred.Merger: Down to the last merge-pass, with 4 segments left of total size: 24 bytes
2024-04-24T05:13:58,876  INFO [pool-165-thread-1] reduce.MergeManagerImpl: Merged 4 segments, 92 bytes to disk to satisfy reduce memory limit
2024-04-24T05:13:58,876  INFO [pool-165-thread-1] reduce.MergeManagerImpl: Merging 1 files, 90 bytes from disk
2024-04-24T05:13:58,876  INFO [pool-165-thread-1] reduce.MergeManagerImpl: Merging 0 segments, 0 bytes from memory into reduce
2024-04-24T05:13:58,876  INFO [pool-165-thread-1] mapred.Merger: Merging 1 sorted segments
2024-04-24T05:13:58,876  INFO [pool-165-thread-1] mapred.Merger: Down to the last merge-pass, with 1 segments left of total size: 69 bytes
2024-04-24T05:13:58,877  INFO [pool-165-thread-1] mapred.LocalJobRunner: 4 / 4 copied.
2024-04-24T05:13:58,877  INFO [pool-165-thread-1] exec.SerializationUtilities: Deserializing ReduceWork using kryo
2024-04-24T05:13:58,878  INFO [pool-165-thread-1] exec.Utilities: Deserialized plan (via FILE) - name: null size: 7,02KB
2024-04-24T05:13:58,879  INFO [pool-165-thread-1] ExecReducer: 
<SEL>Id =3
  <Children>
    <FS>Id =4
      <Children>
      <\Children>
      <Parent>Id = 3 null<\Parent>
    <\FS>
  <\Children>
  <Parent><\Parent>
<\SEL>
2024-04-24T05:13:58,879  INFO [pool-165-thread-1] exec.SelectOperator: Initializing Operator: SEL[3]
2024-04-24T05:13:58,879  INFO [pool-165-thread-1] exec.SelectOperator: SELECT struct<key:struct<reducesinkkey0:int,reducesinkkey1:int>,value:struct<>>
2024-04-24T05:13:58,879  INFO [pool-165-thread-1] exec.FileSinkOperator: Initializing Operator: FS[4]
2024-04-24T05:13:58,880  INFO [pool-165-thread-1] exec.FileSinkOperator: Using serializer : class org.apache.hadoop.hive.serde2.lazy.LazySimpleSerDe [serdeParams=org.apache.hadoop.hive.serde2.lazy.LazySerDeParameters@7e91f00f, cachedObjectInspector=org.apache.hadoop.hive.serde2.lazy.objectinspector.LazySimpleStructObjectInspector<org.apache.hadoop.hive.serde2.lazy.objectinspector.primitive.LazyIntObjectInspector@20e4e27f,org.apache.hadoop.hive.serde2.lazy.objectinspector.primitive.LazyIntObjectInspector@20e4e27f>, serializedSize=0, stats=org.apache.hadoop.hive.serde2.SerDeStats@4ce67bf8, lastOperationSerialize=false, lastOperationDeserialize=false [1, 2, 3, 4, 5, 6, 7, 8, 11, 14, 15, 16, 17, 18, 19, 20, 21, 22, 23, 24, 25, 26, 28, 29, 30, 31, -128, -127, -126, -125, -124, -123, -122, -121, -120, -119, -118, -117, -116, -115, -114, -113, -112, -111, -110, -109, -108, -107, -106, -105, -104, -103, -102, -101, -100, -99, -98, -97, -96, -95, -94, -93, -92, -91, -90, -89, -88, -87, -86, -85, -84, -83, -82, -81, -80, -79, -78, -77, -76, -75, -74, -73, -72, -71, -70, -69, -68, -67, -66, -65, -64, -63, -62, -61, -60, -59, -58, -57, -56, -55, -54, -53, -52, -51, -50, -49, -48, -47, -46, -45, -44, -43, -42, -41, -40, -39, -38, -37, -36, -35, -34, -33, -32, -31, -30, -29, -28, -27, -26, -25, -24, -23, -22, -21, -20, -19, -18, -17, -16, -15, -14, -13, -12, -11, -10, -9, -8, -7, -6, -5, -4, -3, -2, -1] : [_col0, _col1] : [int, int]] and formatter : org.apache.hadoop.hive.ql.io.HiveSequenceFileOutputFormat@5feef7d6
2024-04-24T05:13:58,880  INFO [pool-165-thread-1] exec.FileSinkOperator: Final Path: FS file:/home/alex/Repositories/hive/ql/target/tmp/localscratchdir/92789b59-ad09-4340-8b13-c120265b9798/hive_2024-04-24_05-13-58_279_7263913664455833724-1/-mr-10001/.hive-staging_hive_2024-04-24_05-13-58_279_7263913664455833724-1/_tmp.-ext-10002/000000_0
2024-04-24T05:13:58,880  INFO [pool-165-thread-1] exec.FileSinkOperator: Writing to temp file: FS file:/home/alex/Repositories/hive/ql/target/tmp/localscratchdir/92789b59-ad09-4340-8b13-c120265b9798/hive_2024-04-24_05-13-58_279_7263913664455833724-1/-mr-10001/.hive-staging_hive_2024-04-24_05-13-58_279_7263913664455833724-1/_task_tmp.-ext-10002/_tmp.000000_0
2024-04-24T05:13:58,880  INFO [pool-165-thread-1] exec.FileSinkOperator: New Final Path: FS file:/home/alex/Repositories/hive/ql/target/tmp/localscratchdir/92789b59-ad09-4340-8b13-c120265b9798/hive_2024-04-24_05-13-58_279_7263913664455833724-1/-mr-10001/.hive-staging_hive_2024-04-24_05-13-58_279_7263913664455833724-1/_tmp.-ext-10002/000000_0
2024-04-24T05:13:58,887  INFO [pool-165-thread-1] exec.FileSinkOperator: FS[4]: records written - 1
2024-04-24T05:13:58,887  INFO [pool-165-thread-1] exec.SelectOperator: Closing Operator: SEL[3]
2024-04-24T05:13:58,887  INFO [pool-165-thread-1] exec.SelectOperator: RECORDS_OUT_INTERMEDIATE:0, RECORDS_OUT_OPERATOR_SEL_3:4, 
2024-04-24T05:13:58,887  INFO [pool-165-thread-1] exec.FileSinkOperator: Closing Operator: FS[4]
2024-04-24T05:13:58,887  INFO [pool-165-thread-1] exec.FileSinkOperator: FS[4]: records written - 4
2024-04-24T05:13:58,887  INFO [pool-165-thread-1] exec.FileSinkOperator: RECORDS_OUT_OPERATOR_FS_4:4, RECORDS_OUT_INTERMEDIATE:0, RECORDS_OUT_0:4, 
2024-04-24T05:13:58,888  INFO [pool-165-thread-1] mapred.Task: Task:attempt_local1200244706_0033_r_000000_0 is done. And is in the process of committing
2024-04-24T05:13:58,888  INFO [pool-165-thread-1] mapred.LocalJobRunner: reduce > reduce
2024-04-24T05:13:58,888  INFO [pool-165-thread-1] mapred.Task: Task 'attempt_local1200244706_0033_r_000000_0' done.
2024-04-24T05:13:58,888  INFO [pool-165-thread-1] mapred.Task: Final Counters for attempt_local1200244706_0033_r_000000_0: Counters: 29
	File System Counters
		FILE: Number of bytes read=734713
		FILE: Number of bytes written=41377138
		FILE: Number of read operations=0
		FILE: Number of large read operations=0
		FILE: Number of write operations=0
	Map-Reduce Framework
		Combine input records=0
		Combine output records=0
		Reduce input groups=4
		Reduce shuffle bytes=108
		Reduce input records=4
		Reduce output records=0
		Spilled Records=4
		Shuffled Maps =4
		Failed Shuffles=0
		Merged Map outputs=4
		GC time elapsed (ms)=0
		Total committed heap usage (bytes)=1244659712
	HIVE
		CREATED_FILES=1
		RECORDS_OUT_0=4
		RECORDS_OUT_INTERMEDIATE=0
		RECORDS_OUT_OPERATOR_FS_4=4
		RECORDS_OUT_OPERATOR_SEL_3=4
	Shuffle Errors
		BAD_ID=0
		CONNECTION=0
		IO_ERROR=0
		WRONG_LENGTH=0
		WRONG_MAP=0
		WRONG_REDUCE=0
	File Output Format Counters 
		Bytes Written=0
2024-04-24T05:13:58,888  INFO [pool-165-thread-1] mapred.LocalJobRunner: Finishing task: attempt_local1200244706_0033_r_000000_0
2024-04-24T05:13:58,888  INFO [Thread-2610] mapred.LocalJobRunner: reduce task executor complete.
2024-04-24 05:13:59,747 Stage-1 map = 100%,  reduce = 100%
2024-04-24T05:13:59,747  INFO [main] exec.Task: 2024-04-24 05:13:59,747 Stage-1 map = 100%,  reduce = 100%
Ended Job = job_local1200244706_0033
2024-04-24T05:13:59,749  INFO [main] exec.Task: Ended Job = job_local1200244706_0033
2024-04-24T05:13:59,750  INFO [main] metadata.Hive: Dumping metastore api call timing information for : execution phase
2024-04-24T05:13:59,751  INFO [main] metadata.Hive: Total time spent in each metastore function (ms): {}
MapReduce Jobs Launched: 
2024-04-24T05:13:59,751  INFO [main] ql.Driver: MapReduce Jobs Launched: 
Stage-Stage-1:  HDFS Read: 0 HDFS Write: 0 SUCCESS
2024-04-24T05:13:59,751  INFO [main] ql.Driver: Stage-Stage-1:  HDFS Read: 0 HDFS Write: 0 SUCCESS
Total MapReduce CPU Time Spent: 0 msec
2024-04-24T05:13:59,751  INFO [main] ql.Driver: Total MapReduce CPU Time Spent: 0 msec
2024-04-24T05:13:59,751  INFO [main] ql.Driver: Completed executing command(queryId=alex_20240424051358_a21ce44d-bd00-438e-8460-d7508107487e); Time taken: 1.335 seconds
2024-04-24T05:13:59,754  INFO [main] mapred.FileInputFormat: Total input files to process : 1
2024-04-24T05:13:59,755  INFO [main] exec.ListSinkOperator: Closing Operator: LIST_SINK[7]
2024-04-24T05:13:59,755  INFO [main] exec.ListSinkOperator: RECORDS_OUT_INTERMEDIATE:0, RECORDS_OUT_OPERATOR_LIST_SINK_7:4, 
2024-04-24T05:13:59,755  INFO [main] ql.TxnCommandsBaseForTests: Running the query: update acidTbl set b = 1 where b != 1
2024-04-24T05:13:59,755  INFO [main] ql.Context: Deleting scratch dir: file:/home/alex/Repositories/hive/ql/target/tmp/localscratchdir/92789b59-ad09-4340-8b13-c120265b9798/hive_2024-04-24_05-13-58_279_7263913664455833724-1
2024-04-24T05:13:59,756  INFO [main] cleanup.SyncCleanupService: Deleted directory: file:/home/alex/Repositories/hive/ql/target/tmp/localscratchdir/92789b59-ad09-4340-8b13-c120265b9798/hive_2024-04-24_05-13-58_279_7263913664455833724-1 on fs with scheme file
2024-04-24T05:13:59,756  INFO [main] ql.Driver: Compiling command(queryId=alex_20240424051359_4270267f-8102-41e8-a64d-fee2e20a6859): update acidTbl set b = 1 where b != 1
2024-04-24T05:13:59,757  INFO [main] parse.UpdateDeleteSemanticAnalyzer: Starting caching scope for: 
2024-04-24T05:13:59,757  INFO [main] HiveMetaStore.audit: ugi=alex	ip=unknown-ip-addr	cmd=get_table : tbl=hive.default.acidTbl	
2024-04-24T05:13:59,764  INFO [main] metastore.HMSHandler: Skipping translation for processor with null
2024-04-24T05:13:59,764  INFO [main] parse.RewriteSemanticAnalyzer: Going to reparse <update acidTbl set b = 1 where b != 1> as 
<insert into table `default`.`acidTbl` select ROW__ID,`a`,`b` from `default`.`acidTbl` sort by ROW__ID >
2024-04-24T05:13:59,764  INFO [main] parse.UpdateDeleteSemanticAnalyzer: Starting Semantic Analysis
2024-04-24T05:13:59,765  INFO [main] HiveMetaStore.audit: ugi=alex	ip=unknown-ip-addr	cmd=get_table : tbl=hive.default.acidTbl	
2024-04-24T05:13:59,773  INFO [main] metastore.HMSHandler: Skipping translation for processor with null
2024-04-24T05:13:59,773  INFO [main] parse.UpdateDeleteSemanticAnalyzer: Completed phase 1 of Semantic Analysis
2024-04-24T05:13:59,773  INFO [main] parse.UpdateDeleteSemanticAnalyzer: Get metadata for source tables
2024-04-24T05:13:59,774  INFO [main] HiveMetaStore.audit: ugi=alex	ip=unknown-ip-addr	cmd=get_table : tbl=hive.default.acidtbl	
2024-04-24T05:13:59,781  INFO [main] metastore.HMSHandler: Skipping translation for processor with null
2024-04-24T05:13:59,781  INFO [main] parse.UpdateDeleteSemanticAnalyzer: Get metadata for subqueries
2024-04-24T05:13:59,781  INFO [main] parse.UpdateDeleteSemanticAnalyzer: Get metadata for destination tables
2024-04-24T05:13:59,781  INFO [main] HiveMetaStore.audit: ugi=alex	ip=unknown-ip-addr	cmd=get_table : tbl=hive.default.acidTbl	
2024-04-24T05:13:59,788  INFO [main] metastore.HMSHandler: Skipping translation for processor with null
2024-04-24T05:13:59,788  INFO [main] parse.UpdateDeleteSemanticAnalyzer: Completed getting MetaData in Semantic Analysis
2024-04-24T05:13:59,788  INFO [main] parse.UpdateDeleteSemanticAnalyzer: Disabling LLAP IO encode as ETL query is detected
2024-04-24T05:13:59,802  INFO [main] HiveMetaStore.audit: ugi=alex	ip=unknown-ip-addr	cmd=get_all_table_constraints : tbl=hive.default.acidtbl	
2024-04-24T05:13:59,809  INFO [main] HiveMetaStore.audit: ugi=alex	ip=unknown-ip-addr	cmd=get_not_null_constraints : tbl=hive.default.acidtbl	
2024-04-24T05:13:59,810  INFO [main] HiveMetaStore.audit: ugi=alex	ip=unknown-ip-addr	cmd=get_check_constraints : tbl=hive.default.acidtbl	
2024-04-24T05:13:59,875  INFO [main] calcite.RelOptHiveTable: Calculating column statistics for default.acidtbl, projIndxSet: [0, 1], allowMissingStats: true
2024-04-24T05:13:59,875  INFO [main] HiveMetaStore.audit: ugi=alex	ip=unknown-ip-addr	cmd=get_table : tbl=hive.default.acidtbl	
2024-04-24T05:13:59,885  INFO [main] metastore.HMSHandler: Skipping translation for processor with null
2024-04-24T05:13:59,885  INFO [main] HiveMetaStore.audit: ugi=alex	ip=unknown-ip-addr	cmd=get_table : tbl=hive.default.acidtbl	
2024-04-24T05:13:59,894  INFO [main] metastore.HMSHandler: Skipping translation for processor with null
2024-04-24T05:13:59,894  INFO [main] HiveMetaStore.audit: ugi=alex	ip=unknown-ip-addr	cmd=get_table_statistics_req: table=hive.default.acidtbl	
2024-04-24T05:13:59,903  WARN [main] calcite.RelOptHiveTable: No Stats for default@acidtbl, Columns: b, a
No Stats for default@acidtbl, Columns: b, a
2024-04-24T05:13:59,903  INFO [main] SessionState: No Stats for default@acidtbl, Columns: b, a
2024-04-24T05:13:59,963  INFO [main] parse.UpdateDeleteSemanticAnalyzer: Get metadata for source tables
2024-04-24T05:13:59,963  INFO [main] parse.UpdateDeleteSemanticAnalyzer: Get metadata for subqueries
2024-04-24T05:13:59,963  INFO [main] parse.UpdateDeleteSemanticAnalyzer: Get metadata for destination tables
2024-04-24T05:13:59,964  INFO [main] HiveMetaStore.audit: ugi=alex	ip=unknown-ip-addr	cmd=get_table : tbl=hive.default.acidTbl	
2024-04-24T05:13:59,971  INFO [main] metastore.HMSHandler: Skipping translation for processor with null
2024-04-24T05:13:59,973 ERROR [main] parse.UpdateDeleteSemanticAnalyzer: CBO failed, skipping CBO. 
org.apache.hadoop.hive.ql.exec.NoMatchingMethodException: No matching method for class org.apache.hadoop.hive.ql.udf.UDFToInteger with (struct<writeid:bigint,bucketid:int,rowid:bigint>). Possible choices: _FUNC_(bigint)  _FUNC_(boolean)  _FUNC_(decimal(38,18))  _FUNC_(double)  _FUNC_(float)  _FUNC_(smallint)  _FUNC_(string)  _FUNC_(struct<writeid:bigint,rowid:int,bucketid:bigint>)  _FUNC_(timestamp)  _FUNC_(tinyint)  _FUNC_(void)  
	at org.apache.hadoop.hive.ql.exec.MethodUtils.getMethodInternal(MethodUtils.java:130) ~[classes/:?]
	at org.apache.hadoop.hive.ql.exec.MethodUtils.getMethodInternal(MethodUtils.java:60) ~[classes/:?]
	at org.apache.hadoop.hive.ql.exec.DefaultUDFMethodResolver.getEvalMethod(DefaultUDFMethodResolver.java:59) ~[classes/:?]
	at org.apache.hadoop.hive.ql.udf.TimestampCastRestrictorResolver.getEvalMethod(TimestampCastRestrictorResolver.java:68) ~[classes/:?]
	at org.apache.hadoop.hive.ql.udf.generic.GenericUDFBridge.initialize(GenericUDFBridge.java:168) ~[classes/:?]
	at org.apache.hadoop.hive.ql.udf.generic.GenericUDF.initializeAndFoldConstants(GenericUDF.java:149) ~[classes/:?]
	at org.apache.hadoop.hive.ql.plan.ExprNodeGenericFuncDesc.newInstance(ExprNodeGenericFuncDesc.java:235) ~[classes/:?]
	at org.apache.hadoop.hive.ql.parse.type.ExprNodeDescExprFactory.createFuncCallExpr(ExprNodeDescExprFactory.java:584) ~[classes/:?]
	at org.apache.hadoop.hive.ql.parse.type.ExprNodeDescExprFactory.createFuncCallExpr(ExprNodeDescExprFactory.java:97) ~[classes/:?]
	at org.apache.hadoop.hive.ql.parse.type.TypeCheckProcFactory$DefaultExprProcessor.getFuncExprNodeDescWithUdfData(TypeCheckProcFactory.java:762) ~[classes/:?]
	at org.apache.hadoop.hive.ql.parse.type.TypeCheckProcFactory$DefaultExprProcessor.createConversionCast(TypeCheckProcFactory.java:783) ~[classes/:?]
	at org.apache.hadoop.hive.ql.parse.SemanticAnalyzer.getPartitionColsFromBucketColsForUpdateDelete(SemanticAnalyzer.java:8725) ~[classes/:?]
	at org.apache.hadoop.hive.ql.parse.SemanticAnalyzer.genBucketingSortingDest(SemanticAnalyzer.java:6906) ~[classes/:?]
	at org.apache.hadoop.hive.ql.parse.SemanticAnalyzer.genFileSinkPlan(SemanticAnalyzer.java:7335) ~[classes/:?]
	at org.apache.hadoop.hive.ql.parse.SemanticAnalyzer.genPostGroupByBodyPlan(SemanticAnalyzer.java:11063) ~[classes/:?]
	at org.apache.hadoop.hive.ql.parse.SemanticAnalyzer.genBodyPlan(SemanticAnalyzer.java:10938) ~[classes/:?]
	at org.apache.hadoop.hive.ql.parse.SemanticAnalyzer.genPlan(SemanticAnalyzer.java:11853) ~[classes/:?]
	at org.apache.hadoop.hive.ql.parse.SemanticAnalyzer.genPlan(SemanticAnalyzer.java:11723) ~[classes/:?]
	at org.apache.hadoop.hive.ql.parse.CalcitePlanner.genOPTree(CalcitePlanner.java:626) ~[classes/:?]
	at org.apache.hadoop.hive.ql.parse.SemanticAnalyzer.analyzeInternal(SemanticAnalyzer.java:12558) ~[classes/:?]
	at org.apache.hadoop.hive.ql.parse.CalcitePlanner.analyzeInternal(CalcitePlanner.java:456) ~[classes/:?]
	at org.apache.hadoop.hive.ql.parse.RewriteSemanticAnalyzer.analyzeInternal(RewriteSemanticAnalyzer.java:67) ~[classes/:?]
	at org.apache.hadoop.hive.ql.parse.BaseSemanticAnalyzer.analyze(BaseSemanticAnalyzer.java:317) ~[classes/:?]
	at org.apache.hadoop.hive.ql.parse.UpdateDeleteSemanticAnalyzer.reparseAndSuperAnalyze(UpdateDeleteSemanticAnalyzer.java:208) ~[classes/:?]
	at org.apache.hadoop.hive.ql.parse.UpdateDeleteSemanticAnalyzer.analyzeUpdate(UpdateDeleteSemanticAnalyzer.java:63) ~[classes/:?]
	at org.apache.hadoop.hive.ql.parse.UpdateDeleteSemanticAnalyzer.analyze(UpdateDeleteSemanticAnalyzer.java:53) ~[classes/:?]
	at org.apache.hadoop.hive.ql.parse.RewriteSemanticAnalyzer.analyzeInternal(RewriteSemanticAnalyzer.java:72) ~[classes/:?]
	at org.apache.hadoop.hive.ql.parse.BaseSemanticAnalyzer.analyze(BaseSemanticAnalyzer.java:317) ~[classes/:?]
	at org.apache.hadoop.hive.ql.Compiler.analyze(Compiler.java:223) ~[classes/:?]
	at org.apache.hadoop.hive.ql.Compiler.compile(Compiler.java:105) ~[classes/:?]
	at org.apache.hadoop.hive.ql.Driver.compile(Driver.java:500) ~[classes/:?]
	at org.apache.hadoop.hive.ql.Driver.compileInternal(Driver.java:453) ~[classes/:?]
	at org.apache.hadoop.hive.ql.Driver.runInternal(Driver.java:181) ~[classes/:?]
	at org.apache.hadoop.hive.ql.Driver.run(Driver.java:153) ~[classes/:?]
	at org.apache.hadoop.hive.ql.Driver.run(Driver.java:140) ~[classes/:?]
	at org.apache.hadoop.hive.ql.TxnCommandsBaseForTests.runStatementOnDriver(TxnCommandsBaseForTests.java:245) ~[test-classes/:?]
	at org.apache.hadoop.hive.ql.TestTxnCommands.testUpdateOfInserts(TestTxnCommands.java:862) ~[test-classes/:?]
	at sun.reflect.NativeMethodAccessorImpl.invoke0(Native Method) ~[?:1.8.0_402]
	at sun.reflect.NativeMethodAccessorImpl.invoke(NativeMethodAccessorImpl.java:62) ~[?:1.8.0_402]
	at sun.reflect.DelegatingMethodAccessorImpl.invoke(DelegatingMethodAccessorImpl.java:43) ~[?:1.8.0_402]
	at java.lang.reflect.Method.invoke(Method.java:498) ~[?:1.8.0_402]
	at org.junit.runners.model.FrameworkMethod$1.runReflectiveCall(FrameworkMethod.java:59) ~[junit-4.13.jar:4.13]
	at org.junit.internal.runners.model.ReflectiveCallable.run(ReflectiveCallable.java:12) ~[junit-4.13.jar:4.13]
	at org.junit.runners.model.FrameworkMethod.invokeExplosively(FrameworkMethod.java:56) ~[junit-4.13.jar:4.13]
	at org.junit.internal.runners.statements.InvokeMethod.evaluate(InvokeMethod.java:17) ~[junit-4.13.jar:4.13]
	at org.junit.internal.runners.statements.RunBefores.evaluate(RunBefores.java:26) ~[junit-4.13.jar:4.13]
	at org.junit.internal.runners.statements.RunAfters.evaluate(RunAfters.java:27) ~[junit-4.13.jar:4.13]
	at org.junit.rules.TestWatcher$1.evaluate(TestWatcher.java:61) ~[junit-4.13.jar:4.13]
	at org.junit.runners.ParentRunner$3.evaluate(ParentRunner.java:306) ~[junit-4.13.jar:4.13]
	at org.junit.runners.BlockJUnit4ClassRunner$1.evaluate(BlockJUnit4ClassRunner.java:100) ~[junit-4.13.jar:4.13]
	at org.junit.runners.ParentRunner.runLeaf(ParentRunner.java:366) ~[junit-4.13.jar:4.13]
	at org.junit.runners.BlockJUnit4ClassRunner.runChild(BlockJUnit4ClassRunner.java:103) ~[junit-4.13.jar:4.13]
	at org.junit.runners.BlockJUnit4ClassRunner.runChild(BlockJUnit4ClassRunner.java:63) ~[junit-4.13.jar:4.13]
	at org.junit.runners.ParentRunner$4.run(ParentRunner.java:331) ~[junit-4.13.jar:4.13]
	at org.junit.runners.ParentRunner$1.schedule(ParentRunner.java:79) ~[junit-4.13.jar:4.13]
	at org.junit.runners.ParentRunner.runChildren(ParentRunner.java:329) ~[junit-4.13.jar:4.13]
	at org.junit.runners.ParentRunner.access$100(ParentRunner.java:66) ~[junit-4.13.jar:4.13]
	at org.junit.runners.ParentRunner$2.evaluate(ParentRunner.java:293) ~[junit-4.13.jar:4.13]
	at org.junit.runners.ParentRunner$3.evaluate(ParentRunner.java:306) ~[junit-4.13.jar:4.13]
	at org.junit.runners.ParentRunner.run(ParentRunner.java:413) ~[junit-4.13.jar:4.13]
	at org.junit.runner.JUnitCore.run(JUnitCore.java:137) ~[junit-4.13.jar:4.13]
	at org.junit.runner.JUnitCore.run(JUnitCore.java:115) ~[junit-4.13.jar:4.13]
	at org.junit.vintage.engine.execution.RunnerExecutor.execute(RunnerExecutor.java:43) ~[junit-vintage-engine-5.6.2.jar:5.6.2]
	at java.util.stream.ForEachOps$ForEachOp$OfRef.accept(ForEachOps.java:183) ~[?:1.8.0_402]
	at java.util.stream.ReferencePipeline$3$1.accept(ReferencePipeline.java:193) ~[?:1.8.0_402]
	at java.util.Iterator.forEachRemaining(Iterator.java:116) ~[?:1.8.0_402]
	at java.util.Spliterators$IteratorSpliterator.forEachRemaining(Spliterators.java:1801) ~[?:1.8.0_402]
	at java.util.stream.AbstractPipeline.copyInto(AbstractPipeline.java:482) ~[?:1.8.0_402]
	at java.util.stream.AbstractPipeline.wrapAndCopyInto(AbstractPipeline.java:472) ~[?:1.8.0_402]
	at java.util.stream.ForEachOps$ForEachOp.evaluateSequential(ForEachOps.java:150) ~[?:1.8.0_402]
	at java.util.stream.ForEachOps$ForEachOp$OfRef.evaluateSequential(ForEachOps.java:173) ~[?:1.8.0_402]
	at java.util.stream.AbstractPipeline.evaluate(AbstractPipeline.java:234) ~[?:1.8.0_402]
	at java.util.stream.ReferencePipeline.forEach(ReferencePipeline.java:485) ~[?:1.8.0_402]
	at org.junit.vintage.engine.VintageTestEngine.executeAllChildren(VintageTestEngine.java:82) ~[junit-vintage-engine-5.6.2.jar:5.6.2]
	at org.junit.vintage.engine.VintageTestEngine.execute(VintageTestEngine.java:73) ~[junit-vintage-engine-5.6.2.jar:5.6.2]
	at org.junit.platform.launcher.core.DefaultLauncher.execute(DefaultLauncher.java:248) ~[junit-platform-launcher-1.6.2.jar:1.6.2]
	at org.junit.platform.launcher.core.DefaultLauncher.lambda$execute$5(DefaultLauncher.java:211) ~[junit-platform-launcher-1.6.2.jar:1.6.2]
	at org.junit.platform.launcher.core.DefaultLauncher.withInterceptedStreams(DefaultLauncher.java:226) [junit-platform-launcher-1.6.2.jar:1.6.2]
	at org.junit.platform.launcher.core.DefaultLauncher.execute(DefaultLauncher.java:199) [junit-platform-launcher-1.6.2.jar:1.6.2]
	at org.junit.platform.launcher.core.DefaultLauncher.execute(DefaultLauncher.java:132) [junit-platform-launcher-1.6.2.jar:1.6.2]
	at org.apache.maven.surefire.junitplatform.JUnitPlatformProvider.invokeAllTests(JUnitPlatformProvider.java:154) [surefire-junit-platform-3.0.0-M4.jar:3.0.0-M4]
	at org.apache.maven.surefire.junitplatform.JUnitPlatformProvider.invoke(JUnitPlatformProvider.java:123) [surefire-junit-platform-3.0.0-M4.jar:3.0.0-M4]
	at org.apache.maven.surefire.booter.ForkedBooter.runSuitesInProcess(ForkedBooter.java:377) [surefire-booter-3.0.0-M4.jar:3.0.0-M4]
	at org.apache.maven.surefire.booter.ForkedBooter.execute(ForkedBooter.java:138) [surefire-booter-3.0.0-M4.jar:3.0.0-M4]
	at org.apache.maven.surefire.booter.ForkedBooter.run(ForkedBooter.java:465) [surefire-booter-3.0.0-M4.jar:3.0.0-M4]
	at org.apache.maven.surefire.booter.ForkedBooter.main(ForkedBooter.java:451) [surefire-booter-3.0.0-M4.jar:3.0.0-M4]
2024-04-24T05:13:59,974 ERROR [main] parse.UpdateDeleteSemanticAnalyzer: CBO failed due to missing column stats (see previous errors), skipping CBO
2024-04-24T05:13:59,974  INFO [main] parse.UpdateDeleteSemanticAnalyzer: Ending caching scope for: 
FAILED: NoMatchingMethodException No matching method for class org.apache.hadoop.hive.ql.udf.UDFToInteger with (struct<writeid:bigint,bucketid:int,rowid:bigint>). Possible choices: _FUNC_(bigint)  _FUNC_(boolean)  _FUNC_(decimal(38,18))  _FUNC_(double)  _FUNC_(float)  _FUNC_(smallint)  _FUNC_(string)  _FUNC_(struct<writeid:bigint,rowid:int,bucketid:bigint>)  _FUNC_(timestamp)  _FUNC_(tinyint)  _FUNC_(void)  
2024-04-24T05:13:59,975 ERROR [main] ql.Driver: FAILED: NoMatchingMethodException No matching method for class org.apache.hadoop.hive.ql.udf.UDFToInteger with (struct<writeid:bigint,bucketid:int,rowid:bigint>). Possible choices: _FUNC_(bigint)  _FUNC_(boolean)  _FUNC_(decimal(38,18))  _FUNC_(double)  _FUNC_(float)  _FUNC_(smallint)  _FUNC_(string)  _FUNC_(struct<writeid:bigint,rowid:int,bucketid:bigint>)  _FUNC_(timestamp)  _FUNC_(tinyint)  _FUNC_(void)  
org.apache.hadoop.hive.ql.exec.NoMatchingMethodException: No matching method for class org.apache.hadoop.hive.ql.udf.UDFToInteger with (struct<writeid:bigint,bucketid:int,rowid:bigint>). Possible choices: _FUNC_(bigint)  _FUNC_(boolean)  _FUNC_(decimal(38,18))  _FUNC_(double)  _FUNC_(float)  _FUNC_(smallint)  _FUNC_(string)  _FUNC_(struct<writeid:bigint,rowid:int,bucketid:bigint>)  _FUNC_(timestamp)  _FUNC_(tinyint)  _FUNC_(void)  
	at org.apache.hadoop.hive.ql.exec.MethodUtils.getMethodInternal(MethodUtils.java:130)
	at org.apache.hadoop.hive.ql.exec.MethodUtils.getMethodInternal(MethodUtils.java:60)
	at org.apache.hadoop.hive.ql.exec.DefaultUDFMethodResolver.getEvalMethod(DefaultUDFMethodResolver.java:59)
	at org.apache.hadoop.hive.ql.udf.TimestampCastRestrictorResolver.getEvalMethod(TimestampCastRestrictorResolver.java:68)
	at org.apache.hadoop.hive.ql.udf.generic.GenericUDFBridge.initialize(GenericUDFBridge.java:168)
	at org.apache.hadoop.hive.ql.udf.generic.GenericUDF.initializeAndFoldConstants(GenericUDF.java:149)
	at org.apache.hadoop.hive.ql.plan.ExprNodeGenericFuncDesc.newInstance(ExprNodeGenericFuncDesc.java:235)
	at org.apache.hadoop.hive.ql.parse.type.ExprNodeDescExprFactory.createFuncCallExpr(ExprNodeDescExprFactory.java:584)
	at org.apache.hadoop.hive.ql.parse.type.ExprNodeDescExprFactory.createFuncCallExpr(ExprNodeDescExprFactory.java:97)
	at org.apache.hadoop.hive.ql.parse.type.TypeCheckProcFactory$DefaultExprProcessor.getFuncExprNodeDescWithUdfData(TypeCheckProcFactory.java:762)
	at org.apache.hadoop.hive.ql.parse.type.TypeCheckProcFactory$DefaultExprProcessor.createConversionCast(TypeCheckProcFactory.java:783)
	at org.apache.hadoop.hive.ql.parse.SemanticAnalyzer.getPartitionColsFromBucketColsForUpdateDelete(SemanticAnalyzer.java:8725)
	at org.apache.hadoop.hive.ql.parse.SemanticAnalyzer.genBucketingSortingDest(SemanticAnalyzer.java:6906)
	at org.apache.hadoop.hive.ql.parse.SemanticAnalyzer.genFileSinkPlan(SemanticAnalyzer.java:7335)
	at org.apache.hadoop.hive.ql.parse.SemanticAnalyzer.genPostGroupByBodyPlan(SemanticAnalyzer.java:11063)
	at org.apache.hadoop.hive.ql.parse.SemanticAnalyzer.genBodyPlan(SemanticAnalyzer.java:10938)
	at org.apache.hadoop.hive.ql.parse.SemanticAnalyzer.genPlan(SemanticAnalyzer.java:11853)
	at org.apache.hadoop.hive.ql.parse.SemanticAnalyzer.genPlan(SemanticAnalyzer.java:11723)
	at org.apache.hadoop.hive.ql.parse.CalcitePlanner.genOPTree(CalcitePlanner.java:626)
	at org.apache.hadoop.hive.ql.parse.SemanticAnalyzer.analyzeInternal(SemanticAnalyzer.java:12558)
	at org.apache.hadoop.hive.ql.parse.CalcitePlanner.analyzeInternal(CalcitePlanner.java:456)
	at org.apache.hadoop.hive.ql.parse.RewriteSemanticAnalyzer.analyzeInternal(RewriteSemanticAnalyzer.java:67)
	at org.apache.hadoop.hive.ql.parse.BaseSemanticAnalyzer.analyze(BaseSemanticAnalyzer.java:317)
	at org.apache.hadoop.hive.ql.parse.UpdateDeleteSemanticAnalyzer.reparseAndSuperAnalyze(UpdateDeleteSemanticAnalyzer.java:208)
	at org.apache.hadoop.hive.ql.parse.UpdateDeleteSemanticAnalyzer.analyzeUpdate(UpdateDeleteSemanticAnalyzer.java:63)
	at org.apache.hadoop.hive.ql.parse.UpdateDeleteSemanticAnalyzer.analyze(UpdateDeleteSemanticAnalyzer.java:53)
	at org.apache.hadoop.hive.ql.parse.RewriteSemanticAnalyzer.analyzeInternal(RewriteSemanticAnalyzer.java:72)
	at org.apache.hadoop.hive.ql.parse.BaseSemanticAnalyzer.analyze(BaseSemanticAnalyzer.java:317)
	at org.apache.hadoop.hive.ql.Compiler.analyze(Compiler.java:223)
	at org.apache.hadoop.hive.ql.Compiler.compile(Compiler.java:105)
	at org.apache.hadoop.hive.ql.Driver.compile(Driver.java:500)
	at org.apache.hadoop.hive.ql.Driver.compileInternal(Driver.java:453)
	at org.apache.hadoop.hive.ql.Driver.runInternal(Driver.java:181)
	at org.apache.hadoop.hive.ql.Driver.run(Driver.java:153)
	at org.apache.hadoop.hive.ql.Driver.run(Driver.java:140)
	at org.apache.hadoop.hive.ql.TxnCommandsBaseForTests.runStatementOnDriver(TxnCommandsBaseForTests.java:245)
	at org.apache.hadoop.hive.ql.TestTxnCommands.testUpdateOfInserts(TestTxnCommands.java:862)
	at sun.reflect.NativeMethodAccessorImpl.invoke0(Native Method)
	at sun.reflect.NativeMethodAccessorImpl.invoke(NativeMethodAccessorImpl.java:62)
	at sun.reflect.DelegatingMethodAccessorImpl.invoke(DelegatingMethodAccessorImpl.java:43)
	at java.lang.reflect.Method.invoke(Method.java:498)
	at org.junit.runners.model.FrameworkMethod$1.runReflectiveCall(FrameworkMethod.java:59)
	at org.junit.internal.runners.model.ReflectiveCallable.run(ReflectiveCallable.java:12)
	at org.junit.runners.model.FrameworkMethod.invokeExplosively(FrameworkMethod.java:56)
	at org.junit.internal.runners.statements.InvokeMethod.evaluate(InvokeMethod.java:17)
	at org.junit.internal.runners.statements.RunBefores.evaluate(RunBefores.java:26)
	at org.junit.internal.runners.statements.RunAfters.evaluate(RunAfters.java:27)
	at org.junit.rules.TestWatcher$1.evaluate(TestWatcher.java:61)
	at org.junit.runners.ParentRunner$3.evaluate(ParentRunner.java:306)
	at org.junit.runners.BlockJUnit4ClassRunner$1.evaluate(BlockJUnit4ClassRunner.java:100)
	at org.junit.runners.ParentRunner.runLeaf(ParentRunner.java:366)
	at org.junit.runners.BlockJUnit4ClassRunner.runChild(BlockJUnit4ClassRunner.java:103)
	at org.junit.runners.BlockJUnit4ClassRunner.runChild(BlockJUnit4ClassRunner.java:63)
	at org.junit.runners.ParentRunner$4.run(ParentRunner.java:331)
	at org.junit.runners.ParentRunner$1.schedule(ParentRunner.java:79)
	at org.junit.runners.ParentRunner.runChildren(ParentRunner.java:329)
	at org.junit.runners.ParentRunner.access$100(ParentRunner.java:66)
	at org.junit.runners.ParentRunner$2.evaluate(ParentRunner.java:293)
	at org.junit.runners.ParentRunner$3.evaluate(ParentRunner.java:306)
	at org.junit.runners.ParentRunner.run(ParentRunner.java:413)
	at org.junit.runner.JUnitCore.run(JUnitCore.java:137)
	at org.junit.runner.JUnitCore.run(JUnitCore.java:115)
	at org.junit.vintage.engine.execution.RunnerExecutor.execute(RunnerExecutor.java:43)
	at java.util.stream.ForEachOps$ForEachOp$OfRef.accept(ForEachOps.java:183)
	at java.util.stream.ReferencePipeline$3$1.accept(ReferencePipeline.java:193)
	at java.util.Iterator.forEachRemaining(Iterator.java:116)
	at java.util.Spliterators$IteratorSpliterator.forEachRemaining(Spliterators.java:1801)
	at java.util.stream.AbstractPipeline.copyInto(AbstractPipeline.java:482)
	at java.util.stream.AbstractPipeline.wrapAndCopyInto(AbstractPipeline.java:472)
	at java.util.stream.ForEachOps$ForEachOp.evaluateSequential(ForEachOps.java:150)
	at java.util.stream.ForEachOps$ForEachOp$OfRef.evaluateSequential(ForEachOps.java:173)
	at java.util.stream.AbstractPipeline.evaluate(AbstractPipeline.java:234)
	at java.util.stream.ReferencePipeline.forEach(ReferencePipeline.java:485)
	at org.junit.vintage.engine.VintageTestEngine.executeAllChildren(VintageTestEngine.java:82)
	at org.junit.vintage.engine.VintageTestEngine.execute(VintageTestEngine.java:73)
	at org.junit.platform.launcher.core.DefaultLauncher.execute(DefaultLauncher.java:248)
	at org.junit.platform.launcher.core.DefaultLauncher.lambda$execute$5(DefaultLauncher.java:211)
	at org.junit.platform.launcher.core.DefaultLauncher.withInterceptedStreams(DefaultLauncher.java:226)
	at org.junit.platform.launcher.core.DefaultLauncher.execute(DefaultLauncher.java:199)
	at org.junit.platform.launcher.core.DefaultLauncher.execute(DefaultLauncher.java:132)
	at org.apache.maven.surefire.junitplatform.JUnitPlatformProvider.invokeAllTests(JUnitPlatformProvider.java:154)
	at org.apache.maven.surefire.junitplatform.JUnitPlatformProvider.invoke(JUnitPlatformProvider.java:123)
	at org.apache.maven.surefire.booter.ForkedBooter.runSuitesInProcess(ForkedBooter.java:377)
	at org.apache.maven.surefire.booter.ForkedBooter.execute(ForkedBooter.java:138)
	at org.apache.maven.surefire.booter.ForkedBooter.run(ForkedBooter.java:465)
	at org.apache.maven.surefire.booter.ForkedBooter.main(ForkedBooter.java:451)

2024-04-24T05:13:59,975  INFO [main] metadata.Hive: Dumping metastore api call timing information for : compilation phase
2024-04-24T05:13:59,975  INFO [main] metadata.Hive: Total time spent in each metastore function (ms): {getTableColumnStatistics_(String, String, List, String)=27, getAllTableConstraints_(AllTableConstraintsRequest)=5, isCompatibleWith_(Configuration)=0, getTable_(GetTableRequest)=37, getValidWriteIds_(List, String)=2, flushCache_()=0, getCheckConstraints_(CheckConstraintsRequest)=1, getNotNullConstraints_(NotNullConstraintsRequest)=2}
2024-04-24T05:13:59,975  INFO [main] ql.Driver: Completed compiling command(queryId=alex_20240424051359_4270267f-8102-41e8-a64d-fee2e20a6859); Time taken: 0.219 seconds
2024-04-24T05:13:59,975  INFO [main] lockmgr.DbTxnManager: Stopped heartbeat for query: alex_20240424051358_a21ce44d-bd00-438e-8460-d7508107487e
2024-04-24T05:13:59,977  INFO [main] txn.TxnHandler: Removed transactions: ([15]) from MIN_HISTORY_LEVEL
2024-04-24T05:13:59,983  INFO [main] ql.TxnCommandsBaseForTests: Running the query: drop table if exists acidTbl
2024-04-24T05:13:59,983  INFO [main] ql.Driver: Compiling command(queryId=alex_20240424051359_40923118-a8ff-4147-8ed3-49832022188c): drop table if exists acidTbl
2024-04-24T05:13:59,986  INFO [main] txn.TxnHandler: Added entries to MIN_HISTORY_LEVEL for current txns: ([16]) with min_open_txn: 16
2024-04-24T05:13:59,986  INFO [main] lockmgr.DbTxnManager: Opened txnid:16
2024-04-24T05:13:59,987  INFO [main] HiveMetaStore.audit: ugi=alex	ip=unknown-ip-addr	cmd=get_table : tbl=hive.default.acidTbl	
2024-04-24T05:13:59,994  INFO [main] metastore.HMSHandler: Skipping translation for processor with null
2024-04-24T05:13:59,994  INFO [main] ql.Driver: Semantic Analysis Completed (retrial = false)
2024-04-24T05:13:59,994  INFO [main] ql.Driver: Created Hive schema: Schema(fieldSchemas:null, properties:null)
2024-04-24T05:13:59,994  INFO [main] metadata.Hive: Dumping metastore api call timing information for : compilation phase
2024-04-24T05:13:59,994  INFO [main] metadata.Hive: Total time spent in each metastore function (ms): {isCompatibleWith_(Configuration)=1, flushCache_()=0, rollbackTxn_(long)=7, openTxn_(String, TxnType)=2, getValidTxns_(long)=0, getTable_(GetTableRequest)=7}
2024-04-24T05:13:59,995  INFO [main] ql.Driver: Completed compiling command(queryId=alex_20240424051359_40923118-a8ff-4147-8ed3-49832022188c); Time taken: 0.011 seconds
2024-04-24T05:13:59,995  INFO [main] lockmgr.DbTxnManager: Setting lock request transaction to txnid:16 for queryId=alex_20240424051359_40923118-a8ff-4147-8ed3-49832022188c
2024-04-24T05:13:59,995  INFO [main] lockmgr.DbLockManager: Requesting lock for queryId=alex_20240424051359_40923118-a8ff-4147-8ed3-49832022188c
2024-04-24T05:14:00,008  INFO [main] lockmgr.DbLockManager: Response to queryId=alex_20240424051359_40923118-a8ff-4147-8ed3-49832022188c LockResponse(lockid:11, state:ACQUIRED)
2024-04-24T05:14:00,008  INFO [main] ql.Driver: Operation DROPTABLE obtained 1 locks
2024-04-24T05:14:00,008  INFO [main] ql.Driver: Executing command(queryId=alex_20240424051359_40923118-a8ff-4147-8ed3-49832022188c): drop table if exists acidTbl
2024-04-24T05:14:00,009  INFO [main] ql.Driver: Starting task [Stage-0:DDL] in serial mode
2024-04-24T05:14:00,009  INFO [main] HiveMetaStore.audit: ugi=alex	ip=unknown-ip-addr	cmd=get_table : tbl=hive.default.acidTbl	
2024-04-24T05:14:00,016  INFO [main] metastore.HMSHandler: Skipping translation for processor with null
2024-04-24T05:14:00,016  INFO [main] HiveMetaStore.audit: ugi=alex	ip=unknown-ip-addr	cmd=get_table : tbl=hive.default.acidTbl	
2024-04-24T05:14:00,023  INFO [main] metastore.HMSHandler: Skipping translation for processor with null
2024-04-24T05:14:00,023  INFO [main] HiveMetaStore.audit: ugi=alex	ip=unknown-ip-addr	cmd=drop_table : tbl=hive.default.acidTbl	
2024-04-24T05:14:00,151  INFO [main] metadata.Hive: Dumping metastore api call timing information for : execution phase
2024-04-24T05:14:00,151  INFO [main] metadata.Hive: Total time spent in each metastore function (ms): {getTable_(GetTableRequest)=7, dropTable_(String, String, boolean, boolean, boolean)=135, isCompatibleWith_(Configuration)=0}
2024-04-24T05:14:00,151  INFO [main] ql.Driver: Completed executing command(queryId=alex_20240424051359_40923118-a8ff-4147-8ed3-49832022188c); Time taken: 0.143 seconds
2024-04-24T05:14:00,151  INFO [main] lockmgr.DbTxnManager: Stopped heartbeat for query: alex_20240424051359_40923118-a8ff-4147-8ed3-49832022188c
2024-04-24T05:14:00,155  INFO [main] txn.TxnHandler: Expected to move at least one record from txn_components to completed_txn_components when committing txn! txnid:16
2024-04-24T05:14:00,161  INFO [main] txn.TxnHandler: Removed transactions: ([16]) from MIN_HISTORY_LEVEL
2024-04-24T05:14:00,162  WARN [main] txn.CompactionTxnHandler: No compaction queue record found for Compaction type transaction commit. txnId:16
2024-04-24T05:14:00,163  INFO [main] ql.TxnCommandsBaseForTests: Running the query: drop table if exists acidTblPart
2024-04-24T05:14:00,163  INFO [main] ql.Driver: Compiling command(queryId=alex_20240424051400_28df920c-af71-44b4-b7df-a3f2e07b8d19): drop table if exists acidTblPart
2024-04-24T05:14:00,170  INFO [main] txn.TxnHandler: Added entries to MIN_HISTORY_LEVEL for current txns: ([17]) with min_open_txn: 16
2024-04-24T05:14:00,170  INFO [main] lockmgr.DbTxnManager: Opened txnid:17
2024-04-24T05:14:00,172  INFO [main] HiveMetaStore.audit: ugi=alex	ip=unknown-ip-addr	cmd=get_table : tbl=hive.default.acidTblPart	
2024-04-24T05:14:00,179  INFO [main] metastore.HMSHandler: Skipping translation for processor with null
2024-04-24T05:14:00,179  INFO [main] ql.Driver: Semantic Analysis Completed (retrial = false)
2024-04-24T05:14:00,179  INFO [main] ql.Driver: Created Hive schema: Schema(fieldSchemas:null, properties:null)
2024-04-24T05:14:00,179  INFO [main] metadata.Hive: Dumping metastore api call timing information for : compilation phase
2024-04-24T05:14:00,179  INFO [main] metadata.Hive: Total time spent in each metastore function (ms): {getValidTxns_(long)=1, commitTxn_(CommitTxnRequest)=11, flushCache_()=0, isCompatibleWith_(Configuration)=0, openTxn_(String, TxnType)=7, getTable_(GetTableRequest)=7}
2024-04-24T05:14:00,180  INFO [main] ql.Driver: Completed compiling command(queryId=alex_20240424051400_28df920c-af71-44b4-b7df-a3f2e07b8d19); Time taken: 0.016 seconds
2024-04-24T05:14:00,180  INFO [main] lockmgr.DbTxnManager: Setting lock request transaction to txnid:17 for queryId=alex_20240424051400_28df920c-af71-44b4-b7df-a3f2e07b8d19
2024-04-24T05:14:00,180  INFO [main] lockmgr.DbLockManager: Requesting lock for queryId=alex_20240424051400_28df920c-af71-44b4-b7df-a3f2e07b8d19
2024-04-24T05:14:00,195  INFO [main] lockmgr.DbLockManager: Response to queryId=alex_20240424051400_28df920c-af71-44b4-b7df-a3f2e07b8d19 LockResponse(lockid:12, state:ACQUIRED)
2024-04-24T05:14:00,195  INFO [main] ql.Driver: Operation DROPTABLE obtained 1 locks
2024-04-24T05:14:00,195  INFO [main] ql.Driver: Executing command(queryId=alex_20240424051400_28df920c-af71-44b4-b7df-a3f2e07b8d19): drop table if exists acidTblPart
2024-04-24T05:14:00,196  INFO [main] ql.Driver: Starting task [Stage-0:DDL] in serial mode
2024-04-24T05:14:00,196  INFO [main] HiveMetaStore.audit: ugi=alex	ip=unknown-ip-addr	cmd=get_table : tbl=hive.default.acidTblPart	
2024-04-24T05:14:00,202  INFO [main] metastore.HMSHandler: Skipping translation for processor with null
2024-04-24T05:14:00,202  INFO [main] HiveMetaStore.audit: ugi=alex	ip=unknown-ip-addr	cmd=get_table : tbl=hive.default.acidTblPart	
2024-04-24T05:14:00,208  INFO [main] metastore.HMSHandler: Skipping translation for processor with null
2024-04-24T05:14:00,209  INFO [main] HiveMetaStore.audit: ugi=alex	ip=unknown-ip-addr	cmd=drop_table : tbl=hive.default.acidTblPart	
2024-04-24T05:14:00,247  INFO [main] metadata.Hive: Dumping metastore api call timing information for : execution phase
2024-04-24T05:14:00,247  INFO [main] metadata.Hive: Total time spent in each metastore function (ms): {isCompatibleWith_(Configuration)=0, dropTable_(String, String, boolean, boolean, boolean)=45, getTable_(GetTableRequest)=6}
2024-04-24T05:14:00,248  INFO [main] ql.Driver: Completed executing command(queryId=alex_20240424051400_28df920c-af71-44b4-b7df-a3f2e07b8d19); Time taken: 0.052 seconds
2024-04-24T05:14:00,248  INFO [main] lockmgr.DbTxnManager: Stopped heartbeat for query: alex_20240424051400_28df920c-af71-44b4-b7df-a3f2e07b8d19
2024-04-24T05:14:00,251  INFO [main] txn.TxnHandler: Expected to move at least one record from txn_components to completed_txn_components when committing txn! txnid:17
2024-04-24T05:14:00,256  INFO [main] txn.TxnHandler: Removed transactions: ([17]) from MIN_HISTORY_LEVEL
2024-04-24T05:14:00,256  WARN [main] txn.CompactionTxnHandler: No compaction queue record found for Compaction type transaction commit. txnId:17
2024-04-24T05:14:00,257  INFO [main] ql.TxnCommandsBaseForTests: Running the query: drop table if exists acidTbl2
2024-04-24T05:14:00,257  INFO [main] ql.Driver: Compiling command(queryId=alex_20240424051400_42905c3b-37fb-4f07-aca9-e8f6d559f8f1): drop table if exists acidTbl2
2024-04-24T05:14:00,259  INFO [main] txn.TxnHandler: Added entries to MIN_HISTORY_LEVEL for current txns: ([18]) with min_open_txn: 16
2024-04-24T05:14:00,259  INFO [main] lockmgr.DbTxnManager: Opened txnid:18
2024-04-24T05:14:00,260  INFO [main] ql.Driver: Semantic Analysis Completed (retrial = false)
2024-04-24T05:14:00,260  INFO [main] ql.Driver: Created Hive schema: Schema(fieldSchemas:null, properties:null)
2024-04-24T05:14:00,260  INFO [main] metadata.Hive: Dumping metastore api call timing information for : compilation phase
2024-04-24T05:14:00,260  INFO [main] metadata.Hive: Total time spent in each metastore function (ms): {getValidTxns_(long)=1, isCompatibleWith_(Configuration)=0, commitTxn_(CommitTxnRequest)=9, getTable_(GetTableRequest)=0, flushCache_()=0, openTxn_(String, TxnType)=2}
2024-04-24T05:14:00,260  INFO [main] ql.Driver: Completed compiling command(queryId=alex_20240424051400_42905c3b-37fb-4f07-aca9-e8f6d559f8f1); Time taken: 0.003 seconds
2024-04-24T05:14:00,261  INFO [main] lockmgr.DbTxnManager: Setting lock request transaction to txnid:18 for queryId=alex_20240424051400_42905c3b-37fb-4f07-aca9-e8f6d559f8f1
2024-04-24T05:14:00,261  INFO [main] ql.Driver: Operation DROPTABLE obtained 0 locks
2024-04-24T05:14:00,261  INFO [main] ql.Driver: Executing command(queryId=alex_20240424051400_42905c3b-37fb-4f07-aca9-e8f6d559f8f1): drop table if exists acidTbl2
2024-04-24T05:14:00,261  INFO [main] ql.Driver: Starting task [Stage-0:DDL] in serial mode
2024-04-24T05:14:00,261  INFO [main] metadata.SessionHiveMetaStoreClient: Column stats doesn't exist for db=default temp table=acidTbl2
2024-04-24T05:14:00,262  INFO [main] metadata.Hive: Dumping metastore api call timing information for : execution phase
2024-04-24T05:14:00,262  INFO [main] metadata.Hive: Total time spent in each metastore function (ms): {getTable_(GetTableRequest)=0, isCompatibleWith_(Configuration)=0, dropTable_(String, String, boolean, boolean, boolean)=1}
2024-04-24T05:14:00,262  INFO [main] ql.Driver: Completed executing command(queryId=alex_20240424051400_42905c3b-37fb-4f07-aca9-e8f6d559f8f1); Time taken: 0.001 seconds
2024-04-24T05:14:00,262  INFO [main] lockmgr.DbTxnManager: Stopped heartbeat for query: alex_20240424051400_42905c3b-37fb-4f07-aca9-e8f6d559f8f1
2024-04-24T05:14:00,266  INFO [main] txn.TxnHandler: Expected to move at least one record from txn_components to completed_txn_components when committing txn! txnid:18
2024-04-24T05:14:00,271  INFO [main] txn.TxnHandler: Removed transactions: ([18]) from MIN_HISTORY_LEVEL
2024-04-24T05:14:00,271  WARN [main] txn.CompactionTxnHandler: No compaction queue record found for Compaction type transaction commit. txnId:18
2024-04-24T05:14:00,271  INFO [main] ql.TxnCommandsBaseForTests: Running the query: drop table if exists nonAcidOrcTbl
2024-04-24T05:14:00,272  INFO [main] ql.Driver: Compiling command(queryId=alex_20240424051400_d917fb49-08ec-4fbb-a38c-b4c9d1f0768d): drop table if exists nonAcidOrcTbl
2024-04-24T05:14:00,273  INFO [main] txn.TxnHandler: Added entries to MIN_HISTORY_LEVEL for current txns: ([19]) with min_open_txn: 16
2024-04-24T05:14:00,274  INFO [main] lockmgr.DbTxnManager: Opened txnid:19
2024-04-24T05:14:00,274  INFO [main] HiveMetaStore.audit: ugi=alex	ip=unknown-ip-addr	cmd=get_table : tbl=hive.default.nonAcidOrcTbl	
2024-04-24T05:14:00,297  INFO [main] metastore.HMSHandler: Skipping translation for processor with null
2024-04-24T05:14:00,297  INFO [main] ql.Driver: Semantic Analysis Completed (retrial = false)
2024-04-24T05:14:00,297  INFO [main] ql.Driver: Created Hive schema: Schema(fieldSchemas:null, properties:null)
2024-04-24T05:14:00,297  INFO [main] metadata.Hive: Dumping metastore api call timing information for : compilation phase
2024-04-24T05:14:00,298  INFO [main] metadata.Hive: Total time spent in each metastore function (ms): {commitTxn_(CommitTxnRequest)=9, getTable_(GetTableRequest)=23, isCompatibleWith_(Configuration)=0, flushCache_()=0, openTxn_(String, TxnType)=2, getValidTxns_(long)=0}
2024-04-24T05:14:00,298  INFO [main] ql.Driver: Completed compiling command(queryId=alex_20240424051400_d917fb49-08ec-4fbb-a38c-b4c9d1f0768d); Time taken: 0.025 seconds
2024-04-24T05:14:00,298  INFO [main] lockmgr.DbTxnManager: Setting lock request transaction to txnid:19 for queryId=alex_20240424051400_d917fb49-08ec-4fbb-a38c-b4c9d1f0768d
2024-04-24T05:14:00,299  INFO [main] lockmgr.DbLockManager: Requesting lock for queryId=alex_20240424051400_d917fb49-08ec-4fbb-a38c-b4c9d1f0768d
2024-04-24T05:14:00,313  INFO [main] lockmgr.DbLockManager: Response to queryId=alex_20240424051400_d917fb49-08ec-4fbb-a38c-b4c9d1f0768d LockResponse(lockid:13, state:ACQUIRED)
2024-04-24T05:14:00,313  INFO [main] ql.Driver: Operation DROPTABLE obtained 1 locks
2024-04-24T05:14:00,313  INFO [main] ql.Driver: Executing command(queryId=alex_20240424051400_d917fb49-08ec-4fbb-a38c-b4c9d1f0768d): drop table if exists nonAcidOrcTbl
2024-04-24T05:14:00,313  INFO [main] ql.Driver: Starting task [Stage-0:DDL] in serial mode
2024-04-24T05:14:00,314  INFO [main] HiveMetaStore.audit: ugi=alex	ip=unknown-ip-addr	cmd=get_table : tbl=hive.default.nonAcidOrcTbl	
2024-04-24T05:14:00,334  INFO [main] metastore.HMSHandler: Skipping translation for processor with null
2024-04-24T05:14:00,334  INFO [main] HiveMetaStore.audit: ugi=alex	ip=unknown-ip-addr	cmd=get_table : tbl=hive.default.nonAcidOrcTbl	
2024-04-24T05:14:00,343  INFO [main] metastore.HMSHandler: Skipping translation for processor with null
2024-04-24T05:14:00,343  INFO [main] HiveMetaStore.audit: ugi=alex	ip=unknown-ip-addr	cmd=drop_table : tbl=hive.default.nonAcidOrcTbl	
2024-04-24T05:14:00,420  INFO [main] metadata.Hive: Dumping metastore api call timing information for : execution phase
2024-04-24T05:14:00,420  INFO [main] metadata.Hive: Total time spent in each metastore function (ms): {getTable_(GetTableRequest)=21, dropTable_(String, String, boolean, boolean, boolean)=86, isCompatibleWith_(Configuration)=0}
2024-04-24T05:14:00,421  INFO [main] ql.Driver: Completed executing command(queryId=alex_20240424051400_d917fb49-08ec-4fbb-a38c-b4c9d1f0768d); Time taken: 0.107 seconds
2024-04-24T05:14:00,421  INFO [main] lockmgr.DbTxnManager: Stopped heartbeat for query: alex_20240424051400_d917fb49-08ec-4fbb-a38c-b4c9d1f0768d
2024-04-24T05:14:00,424  INFO [main] txn.TxnHandler: Expected to move at least one record from txn_components to completed_txn_components when committing txn! txnid:19
2024-04-24T05:14:00,429  INFO [main] txn.TxnHandler: Removed transactions: ([19]) from MIN_HISTORY_LEVEL
2024-04-24T05:14:00,429  WARN [main] txn.CompactionTxnHandler: No compaction queue record found for Compaction type transaction commit. txnId:19
2024-04-24T05:14:00,429  INFO [main] ql.TxnCommandsBaseForTests: Running the query: drop table if exists nonAcidOrcTbl2
2024-04-24T05:14:00,429  INFO [main] ql.Driver: Compiling command(queryId=alex_20240424051400_79df2c52-732e-44f5-a944-856bb88c919f): drop table if exists nonAcidOrcTbl2
2024-04-24T05:14:00,431  INFO [main] txn.TxnHandler: Added entries to MIN_HISTORY_LEVEL for current txns: ([20]) with min_open_txn: 16
2024-04-24T05:14:00,432  INFO [main] lockmgr.DbTxnManager: Opened txnid:20
2024-04-24T05:14:00,432  INFO [main] HiveMetaStore.audit: ugi=alex	ip=unknown-ip-addr	cmd=get_table : tbl=hive.default.nonAcidOrcTbl2	
2024-04-24T05:14:00,440  INFO [main] metastore.HMSHandler: Skipping translation for processor with null
2024-04-24T05:14:00,441  INFO [main] ql.Driver: Semantic Analysis Completed (retrial = false)
2024-04-24T05:14:00,441  INFO [main] ql.Driver: Created Hive schema: Schema(fieldSchemas:null, properties:null)
2024-04-24T05:14:00,441  INFO [main] metadata.Hive: Dumping metastore api call timing information for : compilation phase
2024-04-24T05:14:00,441  INFO [main] metadata.Hive: Total time spent in each metastore function (ms): {getValidTxns_(long)=0, flushCache_()=0, isCompatibleWith_(Configuration)=0, commitTxn_(CommitTxnRequest)=8, getTable_(GetTableRequest)=9, openTxn_(String, TxnType)=2}
2024-04-24T05:14:00,441  INFO [main] ql.Driver: Completed compiling command(queryId=alex_20240424051400_79df2c52-732e-44f5-a944-856bb88c919f); Time taken: 0.012 seconds
2024-04-24T05:14:00,441  INFO [main] lockmgr.DbTxnManager: Setting lock request transaction to txnid:20 for queryId=alex_20240424051400_79df2c52-732e-44f5-a944-856bb88c919f
2024-04-24T05:14:00,442  INFO [main] lockmgr.DbLockManager: Requesting lock for queryId=alex_20240424051400_79df2c52-732e-44f5-a944-856bb88c919f
2024-04-24T05:14:00,454  INFO [main] lockmgr.DbLockManager: Response to queryId=alex_20240424051400_79df2c52-732e-44f5-a944-856bb88c919f LockResponse(lockid:14, state:ACQUIRED)
2024-04-24T05:14:00,454  INFO [main] ql.Driver: Operation DROPTABLE obtained 1 locks
2024-04-24T05:14:00,454  INFO [main] ql.Driver: Executing command(queryId=alex_20240424051400_79df2c52-732e-44f5-a944-856bb88c919f): drop table if exists nonAcidOrcTbl2
2024-04-24T05:14:00,454  INFO [main] ql.Driver: Starting task [Stage-0:DDL] in serial mode
2024-04-24T05:14:00,454  INFO [main] HiveMetaStore.audit: ugi=alex	ip=unknown-ip-addr	cmd=get_table : tbl=hive.default.nonAcidOrcTbl2	
2024-04-24T05:14:00,463  INFO [main] metastore.HMSHandler: Skipping translation for processor with null
2024-04-24T05:14:00,463  INFO [main] HiveMetaStore.audit: ugi=alex	ip=unknown-ip-addr	cmd=get_table : tbl=hive.default.nonAcidOrcTbl2	
2024-04-24T05:14:00,471  INFO [main] metastore.HMSHandler: Skipping translation for processor with null
2024-04-24T05:14:00,471  INFO [main] HiveMetaStore.audit: ugi=alex	ip=unknown-ip-addr	cmd=drop_table : tbl=hive.default.nonAcidOrcTbl2	
2024-04-24T05:14:00,501  INFO [main] metadata.Hive: Dumping metastore api call timing information for : execution phase
2024-04-24T05:14:00,501  INFO [main] metadata.Hive: Total time spent in each metastore function (ms): {dropTable_(String, String, boolean, boolean, boolean)=38, getTable_(GetTableRequest)=9, isCompatibleWith_(Configuration)=0}
2024-04-24T05:14:00,501  INFO [main] ql.Driver: Completed executing command(queryId=alex_20240424051400_79df2c52-732e-44f5-a944-856bb88c919f); Time taken: 0.047 seconds
2024-04-24T05:14:00,501  INFO [main] lockmgr.DbTxnManager: Stopped heartbeat for query: alex_20240424051400_79df2c52-732e-44f5-a944-856bb88c919f
2024-04-24T05:14:00,505  INFO [main] txn.TxnHandler: Expected to move at least one record from txn_components to completed_txn_components when committing txn! txnid:20
2024-04-24T05:14:00,510  INFO [main] txn.TxnHandler: Removed transactions: ([20]) from MIN_HISTORY_LEVEL
2024-04-24T05:14:00,510  WARN [main] txn.CompactionTxnHandler: No compaction queue record found for Compaction type transaction commit. txnId:20
2024-04-24T05:14:00,511  INFO [main] ql.TxnCommandsBaseForTests: Running the query: drop table if exists nonAcidNonBucket
2024-04-24T05:14:00,511  INFO [main] ql.Driver: Compiling command(queryId=alex_20240424051400_6a298512-efbe-413b-a1ef-7643c293699a): drop table if exists nonAcidNonBucket
2024-04-24T05:14:00,513  INFO [main] txn.TxnHandler: Added entries to MIN_HISTORY_LEVEL for current txns: ([21]) with min_open_txn: 16
2024-04-24T05:14:00,513  INFO [main] lockmgr.DbTxnManager: Opened txnid:21
2024-04-24T05:14:00,514  INFO [main] HiveMetaStore.audit: ugi=alex	ip=unknown-ip-addr	cmd=get_table : tbl=hive.default.nonAcidNonBucket	
2024-04-24T05:14:00,522  INFO [main] metastore.HMSHandler: Skipping translation for processor with null
2024-04-24T05:14:00,522  INFO [main] ql.Driver: Semantic Analysis Completed (retrial = false)
2024-04-24T05:14:00,522  INFO [main] ql.Driver: Created Hive schema: Schema(fieldSchemas:null, properties:null)
2024-04-24T05:14:00,522  INFO [main] metadata.Hive: Dumping metastore api call timing information for : compilation phase
2024-04-24T05:14:00,522  INFO [main] metadata.Hive: Total time spent in each metastore function (ms): {getValidTxns_(long)=1, getTable_(GetTableRequest)=8, isCompatibleWith_(Configuration)=0, commitTxn_(CommitTxnRequest)=10, flushCache_()=0, openTxn_(String, TxnType)=2}
2024-04-24T05:14:00,522  INFO [main] ql.Driver: Completed compiling command(queryId=alex_20240424051400_6a298512-efbe-413b-a1ef-7643c293699a); Time taken: 0.011 seconds
2024-04-24T05:14:00,523  INFO [main] lockmgr.DbTxnManager: Setting lock request transaction to txnid:21 for queryId=alex_20240424051400_6a298512-efbe-413b-a1ef-7643c293699a
2024-04-24T05:14:00,523  INFO [main] lockmgr.DbLockManager: Requesting lock for queryId=alex_20240424051400_6a298512-efbe-413b-a1ef-7643c293699a
2024-04-24T05:14:00,536  INFO [main] lockmgr.DbLockManager: Response to queryId=alex_20240424051400_6a298512-efbe-413b-a1ef-7643c293699a LockResponse(lockid:15, state:ACQUIRED)
2024-04-24T05:14:00,536  INFO [main] ql.Driver: Operation DROPTABLE obtained 1 locks
2024-04-24T05:14:00,536  INFO [main] ql.Driver: Executing command(queryId=alex_20240424051400_6a298512-efbe-413b-a1ef-7643c293699a): drop table if exists nonAcidNonBucket
2024-04-24T05:14:00,536  INFO [main] ql.Driver: Starting task [Stage-0:DDL] in serial mode
2024-04-24T05:14:00,536  INFO [main] HiveMetaStore.audit: ugi=alex	ip=unknown-ip-addr	cmd=get_table : tbl=hive.default.nonAcidNonBucket	
2024-04-24T05:14:00,545  INFO [main] metastore.HMSHandler: Skipping translation for processor with null
2024-04-24T05:14:00,545  INFO [main] HiveMetaStore.audit: ugi=alex	ip=unknown-ip-addr	cmd=get_table : tbl=hive.default.nonAcidNonBucket	
2024-04-24T05:14:00,553  INFO [main] metastore.HMSHandler: Skipping translation for processor with null
2024-04-24T05:14:00,553  INFO [main] HiveMetaStore.audit: ugi=alex	ip=unknown-ip-addr	cmd=drop_table : tbl=hive.default.nonAcidNonBucket	
2024-04-24T05:14:00,582  INFO [main] metadata.Hive: Dumping metastore api call timing information for : execution phase
2024-04-24T05:14:00,582  INFO [main] metadata.Hive: Total time spent in each metastore function (ms): {dropTable_(String, String, boolean, boolean, boolean)=37, isCompatibleWith_(Configuration)=0, getTable_(GetTableRequest)=9}
2024-04-24T05:14:00,583  INFO [main] ql.Driver: Completed executing command(queryId=alex_20240424051400_6a298512-efbe-413b-a1ef-7643c293699a); Time taken: 0.046 seconds
2024-04-24T05:14:00,583  INFO [main] lockmgr.DbTxnManager: Stopped heartbeat for query: alex_20240424051400_6a298512-efbe-413b-a1ef-7643c293699a
2024-04-24T05:14:00,586  INFO [main] txn.TxnHandler: Expected to move at least one record from txn_components to completed_txn_components when committing txn! txnid:21
2024-04-24T05:14:00,592  INFO [main] txn.TxnHandler: Removed transactions: ([21]) from MIN_HISTORY_LEVEL
2024-04-24T05:14:00,592  WARN [main] txn.CompactionTxnHandler: No compaction queue record found for Compaction type transaction commit. txnId:21
2024-04-24T05:14:00,593  INFO [main] utils.TestTxnDbUtil: Cleaning transactional tables
]]></system-err>
  </testcase>
  <testcase name="exchangePartitionShouldNotWorkForTransactionalTables" classname="org.apache.hadoop.hive.ql.TestTxnCommandsWithSplitUpdateAndVectorization" time="1.415"/>
  <testcase name="testMergeNegative2" classname="org.apache.hadoop.hive.ql.TestTxnCommandsWithSplitUpdateAndVectorization" time="1.204"/>
  <testcase name="testCompactionBlocking" classname="org.apache.hadoop.hive.ql.TestTxnCommandsWithSplitUpdateAndVectorization" time="6.098"/>
  <testcase name="testVersioningVersionFileDisabled" classname="org.apache.hadoop.hive.ql.TestTxnCommandsWithSplitUpdateAndVectorization" time="2.97">
    <error type="java.lang.RuntimeException"><![CDATA[java.lang.RuntimeException: update T set a=3 where b=2 failed: (responseCode = 40000, errorMessage = FAILED: NoMatchingMethodException No matching method for class org.apache.hadoop.hive.ql.udf.UDFToInteger with (struct<writeid:bigint,bucketid:int,rowid:bigint>). Possible choices: _FUNC_(bigint)  _FUNC_(boolean)  _FUNC_(decimal(38,18))  _FUNC_(double)  _FUNC_(float)  _FUNC_(smallint)  _FUNC_(string)  _FUNC_(struct<writeid:bigint,rowid:int,bucketid:bigint>)  _FUNC_(timestamp)  _FUNC_(tinyint)  _FUNC_(void)  , hiveErrorCode = 40000, SQLState = 42000, exception = No matching method for class org.apache.hadoop.hive.ql.udf.UDFToInteger with (struct<writeid:bigint,bucketid:int,rowid:bigint>). Possible choices: _FUNC_(bigint)  _FUNC_(boolean)  _FUNC_(decimal(38,18))  _FUNC_(double)  _FUNC_(float)  _FUNC_(smallint)  _FUNC_(string)  _FUNC_(struct<writeid:bigint,rowid:int,bucketid:bigint>)  _FUNC_(timestamp)  _FUNC_(tinyint)  _FUNC_(void)  )
	at org.apache.hadoop.hive.ql.TxnCommandsBaseForTests.runStatementOnDriver(TxnCommandsBaseForTests.java:247)
	at org.apache.hadoop.hive.ql.TestTxnCommands.acidVersionTest(TestTxnCommands.java:1482)
	at org.apache.hadoop.hive.ql.TestTxnCommands.testVersioningVersionFileDisabled(TestTxnCommands.java:1467)
	at sun.reflect.NativeMethodAccessorImpl.invoke0(Native Method)
	at sun.reflect.NativeMethodAccessorImpl.invoke(NativeMethodAccessorImpl.java:62)
	at sun.reflect.DelegatingMethodAccessorImpl.invoke(DelegatingMethodAccessorImpl.java:43)
	at java.lang.reflect.Method.invoke(Method.java:498)
	at org.junit.runners.model.FrameworkMethod$1.runReflectiveCall(FrameworkMethod.java:59)
	at org.junit.internal.runners.model.ReflectiveCallable.run(ReflectiveCallable.java:12)
	at org.junit.runners.model.FrameworkMethod.invokeExplosively(FrameworkMethod.java:56)
	at org.junit.internal.runners.statements.InvokeMethod.evaluate(InvokeMethod.java:17)
	at org.junit.internal.runners.statements.RunBefores.evaluate(RunBefores.java:26)
	at org.junit.internal.runners.statements.RunAfters.evaluate(RunAfters.java:27)
	at org.junit.rules.TestWatcher$1.evaluate(TestWatcher.java:61)
	at org.junit.runners.ParentRunner$3.evaluate(ParentRunner.java:306)
	at org.junit.runners.BlockJUnit4ClassRunner$1.evaluate(BlockJUnit4ClassRunner.java:100)
	at org.junit.runners.ParentRunner.runLeaf(ParentRunner.java:366)
	at org.junit.runners.BlockJUnit4ClassRunner.runChild(BlockJUnit4ClassRunner.java:103)
	at org.junit.runners.BlockJUnit4ClassRunner.runChild(BlockJUnit4ClassRunner.java:63)
	at org.junit.runners.ParentRunner$4.run(ParentRunner.java:331)
	at org.junit.runners.ParentRunner$1.schedule(ParentRunner.java:79)
	at org.junit.runners.ParentRunner.runChildren(ParentRunner.java:329)
	at org.junit.runners.ParentRunner.access$100(ParentRunner.java:66)
	at org.junit.runners.ParentRunner$2.evaluate(ParentRunner.java:293)
	at org.junit.runners.ParentRunner$3.evaluate(ParentRunner.java:306)
	at org.junit.runners.ParentRunner.run(ParentRunner.java:413)
	at org.junit.runner.JUnitCore.run(JUnitCore.java:137)
	at org.junit.runner.JUnitCore.run(JUnitCore.java:115)
	at org.junit.vintage.engine.execution.RunnerExecutor.execute(RunnerExecutor.java:43)
	at java.util.stream.ForEachOps$ForEachOp$OfRef.accept(ForEachOps.java:183)
	at java.util.stream.ReferencePipeline$3$1.accept(ReferencePipeline.java:193)
	at java.util.Iterator.forEachRemaining(Iterator.java:116)
	at java.util.Spliterators$IteratorSpliterator.forEachRemaining(Spliterators.java:1801)
	at java.util.stream.AbstractPipeline.copyInto(AbstractPipeline.java:482)
	at java.util.stream.AbstractPipeline.wrapAndCopyInto(AbstractPipeline.java:472)
	at java.util.stream.ForEachOps$ForEachOp.evaluateSequential(ForEachOps.java:150)
	at java.util.stream.ForEachOps$ForEachOp$OfRef.evaluateSequential(ForEachOps.java:173)
	at java.util.stream.AbstractPipeline.evaluate(AbstractPipeline.java:234)
	at java.util.stream.ReferencePipeline.forEach(ReferencePipeline.java:485)
	at org.junit.vintage.engine.VintageTestEngine.executeAllChildren(VintageTestEngine.java:82)
	at org.junit.vintage.engine.VintageTestEngine.execute(VintageTestEngine.java:73)
	at org.junit.platform.launcher.core.DefaultLauncher.execute(DefaultLauncher.java:248)
	at org.junit.platform.launcher.core.DefaultLauncher.lambda$execute$5(DefaultLauncher.java:211)
	at org.junit.platform.launcher.core.DefaultLauncher.withInterceptedStreams(DefaultLauncher.java:226)
	at org.junit.platform.launcher.core.DefaultLauncher.execute(DefaultLauncher.java:199)
	at org.junit.platform.launcher.core.DefaultLauncher.execute(DefaultLauncher.java:132)
	at org.apache.maven.surefire.junitplatform.JUnitPlatformProvider.invokeAllTests(JUnitPlatformProvider.java:154)
	at org.apache.maven.surefire.junitplatform.JUnitPlatformProvider.invoke(JUnitPlatformProvider.java:123)
	at org.apache.maven.surefire.booter.ForkedBooter.runSuitesInProcess(ForkedBooter.java:377)
	at org.apache.maven.surefire.booter.ForkedBooter.execute(ForkedBooter.java:138)
	at org.apache.maven.surefire.booter.ForkedBooter.run(ForkedBooter.java:465)
	at org.apache.maven.surefire.booter.ForkedBooter.main(ForkedBooter.java:451)
]]></error>
    <system-err><![CDATA[2024-04-24T05:14:09,369  WARN [main] conf.HiveConf: HiveConf of name hive.metastore.client.cache.recordStats does not exist
2024-04-24T05:14:09,369  WARN [main] conf.HiveConf: HiveConf of name hive.llap.io.cache.orc.alloc.max does not exist
2024-04-24T05:14:09,369  WARN [main] conf.HiveConf: HiveConf of name hive.llap.io.cache.orc.alloc.min does not exist
2024-04-24T05:14:09,369  WARN [main] conf.HiveConf: HiveConf of name hive.dummyparam.test.server.specific.config.metastoresite does not exist
2024-04-24T05:14:09,369  WARN [main] conf.HiveConf: HiveConf of name hive.metastore.client.cache.maxSize does not exist
2024-04-24T05:14:09,369  WARN [main] conf.HiveConf: HiveConf of name hive.llap.io.cache.orc.size does not exist
2024-04-24T05:14:09,369  WARN [main] conf.HiveConf: HiveConf of name hive.dummyparam.test.server.specific.config.hivesite does not exist
2024-04-24T05:14:09,369  WARN [main] conf.HiveConf: HiveConf of name hive.metastore.metadb.dir does not exist
2024-04-24T05:14:09,369  WARN [main] conf.HiveConf: HiveConf of name hive.dummyparam.test.server.specific.config.override does not exist
2024-04-24T05:14:09,370  WARN [main] conf.HiveConf: HiveConf of name hive.stats.key.prefix.reserve.length does not exist
2024-04-24T05:14:09,370  WARN [main] conf.HiveConf: HiveConf of name hive.llap.io.cache.orc.arena.size does not exist
2024-04-24T05:14:09,371  INFO [main] utils.TestTxnDbUtil: Creating transactional tables
Hive Session ID = b38d9608-cc76-47e2-b2ce-4b0567a3fa34
2024-04-24T05:14:09,374  INFO [main] SessionState: Hive Session ID = b38d9608-cc76-47e2-b2ce-4b0567a3fa34
ivysettings.xml file not found in HIVE_HOME or HIVE_CONF_DIR,/home/alex/Repositories/hive/conf/ivysettings.xml will be used
2024-04-24T05:14:09,374  INFO [main] DependencyResolver: ivysettings.xml file not found in HIVE_HOME or HIVE_CONF_DIR,/home/alex/Repositories/hive/conf/ivysettings.xml will be used
2024-04-24T05:14:09,379  INFO [main] session.SessionState: Created HDFS directory: /home/alex/Repositories/hive/ql/target/tmp/scratchdir/alex/b38d9608-cc76-47e2-b2ce-4b0567a3fa34
2024-04-24T05:14:09,381  INFO [main] session.SessionState: Created local directory: /home/alex/Repositories/hive/ql/target/tmp/localscratchdir/b38d9608-cc76-47e2-b2ce-4b0567a3fa34
2024-04-24T05:14:09,383  INFO [main] session.SessionState: Created HDFS directory: /home/alex/Repositories/hive/ql/target/tmp/scratchdir/alex/b38d9608-cc76-47e2-b2ce-4b0567a3fa34/_tmp_space.db
2024-04-24T05:14:09,384  INFO [main] sqlstd.SQLStdHiveAccessController: Created SQLStdHiveAccessController for session context : HiveAuthzSessionContext [sessionString=b38d9608-cc76-47e2-b2ce-4b0567a3fa34, clientType=HIVECLI]
2024-04-24T05:14:09,384  INFO [main] ql.TxnCommandsBaseForTests: Running the query: drop table if exists acidTbl
2024-04-24T05:14:09,384  INFO [main] ql.Driver: Compiling command(queryId=alex_20240424051409_fc753f3a-ba8b-48bf-87cb-01dfd0712c8f): drop table if exists acidTbl
2024-04-24T05:14:09,390  INFO [main] txn.TxnHandler: Added entries to MIN_HISTORY_LEVEL for current txns: ([1]) with min_open_txn: 1
2024-04-24T05:14:09,391  INFO [main] lockmgr.DbTxnManager: Opened txnid:1
2024-04-24T05:14:09,393  INFO [main] HiveMetaStore.audit: ugi=alex	ip=unknown-ip-addr	cmd=get_table : tbl=hive.default.acidTbl	
2024-04-24T05:14:09,396  INFO [main] ql.Driver: Semantic Analysis Completed (retrial = false)
2024-04-24T05:14:09,396  INFO [main] ql.Driver: Created Hive schema: Schema(fieldSchemas:null, properties:null)
2024-04-24T05:14:09,396  INFO [main] metadata.Hive: Dumping metastore api call timing information for : compilation phase
2024-04-24T05:14:09,396  INFO [main] metadata.Hive: Total time spent in each metastore function (ms): {getValidTxns_(long)=2, isCompatibleWith_(Configuration)=0, flushCache_()=0, commitTxn_(CommitTxnRequest)=9, openTxn_(String, TxnType)=7}
2024-04-24T05:14:09,397  INFO [main] ql.Driver: Completed compiling command(queryId=alex_20240424051409_fc753f3a-ba8b-48bf-87cb-01dfd0712c8f); Time taken: 0.012 seconds
2024-04-24T05:14:09,397  INFO [main] lockmgr.DbTxnManager: Setting lock request transaction to txnid:1 for queryId=alex_20240424051409_fc753f3a-ba8b-48bf-87cb-01dfd0712c8f
2024-04-24T05:14:09,397  INFO [main] ql.Driver: Operation DROPTABLE obtained 0 locks
2024-04-24T05:14:09,397  INFO [main] ql.Driver: Executing command(queryId=alex_20240424051409_fc753f3a-ba8b-48bf-87cb-01dfd0712c8f): drop table if exists acidTbl
2024-04-24T05:14:09,397  INFO [main] ql.Driver: Starting task [Stage-0:DDL] in serial mode
2024-04-24T05:14:09,397  INFO [main] HiveMetaStore.audit: ugi=alex	ip=unknown-ip-addr	cmd=get_table : tbl=hive.default.acidTbl	
2024-04-24T05:14:09,400  INFO [main] metadata.Hive: Dumping metastore api call timing information for : execution phase
2024-04-24T05:14:09,400  INFO [main] metadata.Hive: Total time spent in each metastore function (ms): {isCompatibleWith_(Configuration)=0}
2024-04-24T05:14:09,400  INFO [main] ql.Driver: Completed executing command(queryId=alex_20240424051409_fc753f3a-ba8b-48bf-87cb-01dfd0712c8f); Time taken: 0.003 seconds
2024-04-24T05:14:09,401  INFO [main] lockmgr.DbTxnManager: Stopped heartbeat for query: alex_20240424051409_fc753f3a-ba8b-48bf-87cb-01dfd0712c8f
2024-04-24T05:14:09,405  INFO [main] txn.TxnHandler: Expected to move at least one record from txn_components to completed_txn_components when committing txn! txnid:1
2024-04-24T05:14:09,411  INFO [main] txn.TxnHandler: Removed transactions: ([1]) from MIN_HISTORY_LEVEL
2024-04-24T05:14:09,411  WARN [main] txn.CompactionTxnHandler: No compaction queue record found for Compaction type transaction commit. txnId:1
2024-04-24T05:14:09,412  INFO [main] ql.TxnCommandsBaseForTests: Running the query: drop table if exists acidTblPart
2024-04-24T05:14:09,412  INFO [main] ql.Driver: Compiling command(queryId=alex_20240424051409_c7a5ba1f-d8aa-46a4-8f0f-6d73153bbfcc): drop table if exists acidTblPart
2024-04-24T05:14:09,414  INFO [main] txn.TxnHandler: Added entries to MIN_HISTORY_LEVEL for current txns: ([2]) with min_open_txn: 1
2024-04-24T05:14:09,414  INFO [main] lockmgr.DbTxnManager: Opened txnid:2
2024-04-24T05:14:09,415  INFO [main] HiveMetaStore.audit: ugi=alex	ip=unknown-ip-addr	cmd=get_table : tbl=hive.default.acidTblPart	
2024-04-24T05:14:09,417  INFO [main] ql.Driver: Semantic Analysis Completed (retrial = false)
2024-04-24T05:14:09,418  INFO [main] ql.Driver: Created Hive schema: Schema(fieldSchemas:null, properties:null)
2024-04-24T05:14:09,418  INFO [main] metadata.Hive: Dumping metastore api call timing information for : compilation phase
2024-04-24T05:14:09,418  INFO [main] metadata.Hive: Total time spent in each metastore function (ms): {isCompatibleWith_(Configuration)=0, getValidTxns_(long)=1, openTxn_(String, TxnType)=1, commitTxn_(CommitTxnRequest)=11, flushCache_()=0}
2024-04-24T05:14:09,418  INFO [main] ql.Driver: Completed compiling command(queryId=alex_20240424051409_c7a5ba1f-d8aa-46a4-8f0f-6d73153bbfcc); Time taken: 0.006 seconds
2024-04-24T05:14:09,418  INFO [main] lockmgr.DbTxnManager: Setting lock request transaction to txnid:2 for queryId=alex_20240424051409_c7a5ba1f-d8aa-46a4-8f0f-6d73153bbfcc
2024-04-24T05:14:09,418  INFO [main] ql.Driver: Operation DROPTABLE obtained 0 locks
2024-04-24T05:14:09,418  INFO [main] ql.Driver: Executing command(queryId=alex_20240424051409_c7a5ba1f-d8aa-46a4-8f0f-6d73153bbfcc): drop table if exists acidTblPart
2024-04-24T05:14:09,418  INFO [main] ql.Driver: Starting task [Stage-0:DDL] in serial mode
2024-04-24T05:14:09,419  INFO [main] HiveMetaStore.audit: ugi=alex	ip=unknown-ip-addr	cmd=get_table : tbl=hive.default.acidTblPart	
2024-04-24T05:14:09,421  INFO [main] metadata.Hive: Dumping metastore api call timing information for : execution phase
2024-04-24T05:14:09,421  INFO [main] metadata.Hive: Total time spent in each metastore function (ms): {isCompatibleWith_(Configuration)=0}
2024-04-24T05:14:09,422  INFO [main] ql.Driver: Completed executing command(queryId=alex_20240424051409_c7a5ba1f-d8aa-46a4-8f0f-6d73153bbfcc); Time taken: 0.003 seconds
2024-04-24T05:14:09,422  INFO [main] lockmgr.DbTxnManager: Stopped heartbeat for query: alex_20240424051409_c7a5ba1f-d8aa-46a4-8f0f-6d73153bbfcc
2024-04-24T05:14:09,426  INFO [main] txn.TxnHandler: Expected to move at least one record from txn_components to completed_txn_components when committing txn! txnid:2
2024-04-24T05:14:09,431  INFO [main] txn.TxnHandler: Removed transactions: ([2]) from MIN_HISTORY_LEVEL
2024-04-24T05:14:09,431  WARN [main] txn.CompactionTxnHandler: No compaction queue record found for Compaction type transaction commit. txnId:2
2024-04-24T05:14:09,431  INFO [main] ql.TxnCommandsBaseForTests: Running the query: drop table if exists acidTbl2
2024-04-24T05:14:09,432  INFO [main] ql.Driver: Compiling command(queryId=alex_20240424051409_c4b35db8-7279-4123-ba85-cbd8b53323af): drop table if exists acidTbl2
2024-04-24T05:14:09,433  INFO [main] txn.TxnHandler: Added entries to MIN_HISTORY_LEVEL for current txns: ([3]) with min_open_txn: 1
2024-04-24T05:14:09,434  INFO [main] lockmgr.DbTxnManager: Opened txnid:3
2024-04-24T05:14:09,434  INFO [main] HiveMetaStore.audit: ugi=alex	ip=unknown-ip-addr	cmd=get_table : tbl=hive.default.acidTbl2	
2024-04-24T05:14:09,437  INFO [main] ql.Driver: Semantic Analysis Completed (retrial = false)
2024-04-24T05:14:09,437  INFO [main] ql.Driver: Created Hive schema: Schema(fieldSchemas:null, properties:null)
2024-04-24T05:14:09,437  INFO [main] metadata.Hive: Dumping metastore api call timing information for : compilation phase
2024-04-24T05:14:09,437  INFO [main] metadata.Hive: Total time spent in each metastore function (ms): {getValidTxns_(long)=0, flushCache_()=0, openTxn_(String, TxnType)=2, isCompatibleWith_(Configuration)=0, commitTxn_(CommitTxnRequest)=9}
2024-04-24T05:14:09,437  INFO [main] ql.Driver: Completed compiling command(queryId=alex_20240424051409_c4b35db8-7279-4123-ba85-cbd8b53323af); Time taken: 0.005 seconds
2024-04-24T05:14:09,438  INFO [main] lockmgr.DbTxnManager: Setting lock request transaction to txnid:3 for queryId=alex_20240424051409_c4b35db8-7279-4123-ba85-cbd8b53323af
2024-04-24T05:14:09,438  INFO [main] ql.Driver: Operation DROPTABLE obtained 0 locks
2024-04-24T05:14:09,438  INFO [main] ql.Driver: Executing command(queryId=alex_20240424051409_c4b35db8-7279-4123-ba85-cbd8b53323af): drop table if exists acidTbl2
2024-04-24T05:14:09,438  INFO [main] ql.Driver: Starting task [Stage-0:DDL] in serial mode
2024-04-24T05:14:09,438  INFO [main] HiveMetaStore.audit: ugi=alex	ip=unknown-ip-addr	cmd=get_table : tbl=hive.default.acidTbl2	
2024-04-24T05:14:09,441  INFO [main] metadata.Hive: Dumping metastore api call timing information for : execution phase
2024-04-24T05:14:09,441  INFO [main] metadata.Hive: Total time spent in each metastore function (ms): {isCompatibleWith_(Configuration)=0}
2024-04-24T05:14:09,441  INFO [main] ql.Driver: Completed executing command(queryId=alex_20240424051409_c4b35db8-7279-4123-ba85-cbd8b53323af); Time taken: 0.003 seconds
2024-04-24T05:14:09,441  INFO [main] lockmgr.DbTxnManager: Stopped heartbeat for query: alex_20240424051409_c4b35db8-7279-4123-ba85-cbd8b53323af
2024-04-24T05:14:09,446  INFO [main] txn.TxnHandler: Expected to move at least one record from txn_components to completed_txn_components when committing txn! txnid:3
2024-04-24T05:14:09,450  INFO [main] txn.TxnHandler: Removed transactions: ([3]) from MIN_HISTORY_LEVEL
2024-04-24T05:14:09,451  WARN [main] txn.CompactionTxnHandler: No compaction queue record found for Compaction type transaction commit. txnId:3
2024-04-24T05:14:09,451  INFO [main] ql.TxnCommandsBaseForTests: Running the query: drop table if exists nonAcidOrcTbl
2024-04-24T05:14:09,451  INFO [main] ql.Driver: Compiling command(queryId=alex_20240424051409_c2927f87-b130-4d6f-8280-5e06a39fc19b): drop table if exists nonAcidOrcTbl
2024-04-24T05:14:09,453  INFO [main] txn.TxnHandler: Added entries to MIN_HISTORY_LEVEL for current txns: ([4]) with min_open_txn: 1
2024-04-24T05:14:09,454  INFO [main] lockmgr.DbTxnManager: Opened txnid:4
2024-04-24T05:14:09,454  INFO [main] HiveMetaStore.audit: ugi=alex	ip=unknown-ip-addr	cmd=get_table : tbl=hive.default.nonAcidOrcTbl	
2024-04-24T05:14:09,457  INFO [main] ql.Driver: Semantic Analysis Completed (retrial = false)
2024-04-24T05:14:09,457  INFO [main] ql.Driver: Created Hive schema: Schema(fieldSchemas:null, properties:null)
2024-04-24T05:14:09,457  INFO [main] metadata.Hive: Dumping metastore api call timing information for : compilation phase
2024-04-24T05:14:09,457  INFO [main] metadata.Hive: Total time spent in each metastore function (ms): {commitTxn_(CommitTxnRequest)=10, getValidTxns_(long)=0, flushCache_()=0, isCompatibleWith_(Configuration)=0, openTxn_(String, TxnType)=2}
2024-04-24T05:14:09,457  INFO [main] ql.Driver: Completed compiling command(queryId=alex_20240424051409_c2927f87-b130-4d6f-8280-5e06a39fc19b); Time taken: 0.006 seconds
2024-04-24T05:14:09,458  INFO [main] lockmgr.DbTxnManager: Setting lock request transaction to txnid:4 for queryId=alex_20240424051409_c2927f87-b130-4d6f-8280-5e06a39fc19b
2024-04-24T05:14:09,458  INFO [main] ql.Driver: Operation DROPTABLE obtained 0 locks
2024-04-24T05:14:09,458  INFO [main] ql.Driver: Executing command(queryId=alex_20240424051409_c2927f87-b130-4d6f-8280-5e06a39fc19b): drop table if exists nonAcidOrcTbl
2024-04-24T05:14:09,458  INFO [main] ql.Driver: Starting task [Stage-0:DDL] in serial mode
2024-04-24T05:14:09,458  INFO [main] HiveMetaStore.audit: ugi=alex	ip=unknown-ip-addr	cmd=get_table : tbl=hive.default.nonAcidOrcTbl	
2024-04-24T05:14:09,461  INFO [main] metadata.Hive: Dumping metastore api call timing information for : execution phase
2024-04-24T05:14:09,461  INFO [main] metadata.Hive: Total time spent in each metastore function (ms): {isCompatibleWith_(Configuration)=0}
2024-04-24T05:14:09,461  INFO [main] ql.Driver: Completed executing command(queryId=alex_20240424051409_c2927f87-b130-4d6f-8280-5e06a39fc19b); Time taken: 0.003 seconds
2024-04-24T05:14:09,461  INFO [main] lockmgr.DbTxnManager: Stopped heartbeat for query: alex_20240424051409_c2927f87-b130-4d6f-8280-5e06a39fc19b
2024-04-24T05:14:09,466  INFO [main] txn.TxnHandler: Expected to move at least one record from txn_components to completed_txn_components when committing txn! txnid:4
2024-04-24T05:14:09,471  INFO [main] txn.TxnHandler: Removed transactions: ([4]) from MIN_HISTORY_LEVEL
2024-04-24T05:14:09,471  WARN [main] txn.CompactionTxnHandler: No compaction queue record found for Compaction type transaction commit. txnId:4
2024-04-24T05:14:09,471  INFO [main] ql.TxnCommandsBaseForTests: Running the query: drop table if exists nonAcidOrcTbl2
2024-04-24T05:14:09,472  INFO [main] ql.Driver: Compiling command(queryId=alex_20240424051409_d5f5de63-933c-466c-aa29-47613b614d54): drop table if exists nonAcidOrcTbl2
2024-04-24T05:14:09,473  INFO [main] txn.TxnHandler: Added entries to MIN_HISTORY_LEVEL for current txns: ([5]) with min_open_txn: 1
2024-04-24T05:14:09,474  INFO [main] lockmgr.DbTxnManager: Opened txnid:5
2024-04-24T05:14:09,474  INFO [main] HiveMetaStore.audit: ugi=alex	ip=unknown-ip-addr	cmd=get_table : tbl=hive.default.nonAcidOrcTbl2	
2024-04-24T05:14:09,477  INFO [main] ql.Driver: Semantic Analysis Completed (retrial = false)
2024-04-24T05:14:09,477  INFO [main] ql.Driver: Created Hive schema: Schema(fieldSchemas:null, properties:null)
2024-04-24T05:14:09,477  INFO [main] metadata.Hive: Dumping metastore api call timing information for : compilation phase
2024-04-24T05:14:09,477  INFO [main] metadata.Hive: Total time spent in each metastore function (ms): {flushCache_()=0, isCompatibleWith_(Configuration)=1, openTxn_(String, TxnType)=2, getValidTxns_(long)=0, commitTxn_(CommitTxnRequest)=9}
2024-04-24T05:14:09,477  INFO [main] ql.Driver: Completed compiling command(queryId=alex_20240424051409_d5f5de63-933c-466c-aa29-47613b614d54); Time taken: 0.005 seconds
2024-04-24T05:14:09,478  INFO [main] lockmgr.DbTxnManager: Setting lock request transaction to txnid:5 for queryId=alex_20240424051409_d5f5de63-933c-466c-aa29-47613b614d54
2024-04-24T05:14:09,478  INFO [main] ql.Driver: Operation DROPTABLE obtained 0 locks
2024-04-24T05:14:09,478  INFO [main] ql.Driver: Executing command(queryId=alex_20240424051409_d5f5de63-933c-466c-aa29-47613b614d54): drop table if exists nonAcidOrcTbl2
2024-04-24T05:14:09,478  INFO [main] ql.Driver: Starting task [Stage-0:DDL] in serial mode
2024-04-24T05:14:09,478  INFO [main] HiveMetaStore.audit: ugi=alex	ip=unknown-ip-addr	cmd=get_table : tbl=hive.default.nonAcidOrcTbl2	
2024-04-24T05:14:09,481  INFO [main] metadata.Hive: Dumping metastore api call timing information for : execution phase
2024-04-24T05:14:09,481  INFO [main] metadata.Hive: Total time spent in each metastore function (ms): {isCompatibleWith_(Configuration)=0}
2024-04-24T05:14:09,481  INFO [main] ql.Driver: Completed executing command(queryId=alex_20240424051409_d5f5de63-933c-466c-aa29-47613b614d54); Time taken: 0.003 seconds
2024-04-24T05:14:09,481  INFO [main] lockmgr.DbTxnManager: Stopped heartbeat for query: alex_20240424051409_d5f5de63-933c-466c-aa29-47613b614d54
2024-04-24T05:14:09,486  INFO [main] txn.TxnHandler: Expected to move at least one record from txn_components to completed_txn_components when committing txn! txnid:5
2024-04-24T05:14:09,491  INFO [main] txn.TxnHandler: Removed transactions: ([5]) from MIN_HISTORY_LEVEL
2024-04-24T05:14:09,491  WARN [main] txn.CompactionTxnHandler: No compaction queue record found for Compaction type transaction commit. txnId:5
2024-04-24T05:14:09,492  INFO [main] ql.TxnCommandsBaseForTests: Running the query: drop table if exists nonAcidNonBucket
2024-04-24T05:14:09,492  INFO [main] ql.Driver: Compiling command(queryId=alex_20240424051409_d096ce33-856c-4a56-a067-1e7630c06b76): drop table if exists nonAcidNonBucket
2024-04-24T05:14:09,494  INFO [main] txn.TxnHandler: Added entries to MIN_HISTORY_LEVEL for current txns: ([6]) with min_open_txn: 1
2024-04-24T05:14:09,494  INFO [main] lockmgr.DbTxnManager: Opened txnid:6
2024-04-24T05:14:09,494  INFO [main] HiveMetaStore.audit: ugi=alex	ip=unknown-ip-addr	cmd=get_table : tbl=hive.default.nonAcidNonBucket	
2024-04-24T05:14:09,497  INFO [main] ql.Driver: Semantic Analysis Completed (retrial = false)
2024-04-24T05:14:09,497  INFO [main] ql.Driver: Created Hive schema: Schema(fieldSchemas:null, properties:null)
2024-04-24T05:14:09,497  INFO [main] metadata.Hive: Dumping metastore api call timing information for : compilation phase
2024-04-24T05:14:09,497  INFO [main] metadata.Hive: Total time spent in each metastore function (ms): {commitTxn_(CommitTxnRequest)=10, flushCache_()=0, getValidTxns_(long)=0, isCompatibleWith_(Configuration)=0, openTxn_(String, TxnType)=2}
2024-04-24T05:14:09,498  INFO [main] ql.Driver: Completed compiling command(queryId=alex_20240424051409_d096ce33-856c-4a56-a067-1e7630c06b76); Time taken: 0.005 seconds
2024-04-24T05:14:09,498  INFO [main] lockmgr.DbTxnManager: Setting lock request transaction to txnid:6 for queryId=alex_20240424051409_d096ce33-856c-4a56-a067-1e7630c06b76
2024-04-24T05:14:09,498  INFO [main] ql.Driver: Operation DROPTABLE obtained 0 locks
2024-04-24T05:14:09,498  INFO [main] ql.Driver: Executing command(queryId=alex_20240424051409_d096ce33-856c-4a56-a067-1e7630c06b76): drop table if exists nonAcidNonBucket
2024-04-24T05:14:09,498  INFO [main] ql.Driver: Starting task [Stage-0:DDL] in serial mode
2024-04-24T05:14:09,498  INFO [main] HiveMetaStore.audit: ugi=alex	ip=unknown-ip-addr	cmd=get_table : tbl=hive.default.nonAcidNonBucket	
2024-04-24T05:14:09,501  INFO [main] metadata.Hive: Dumping metastore api call timing information for : execution phase
2024-04-24T05:14:09,501  INFO [main] metadata.Hive: Total time spent in each metastore function (ms): {isCompatibleWith_(Configuration)=0}
2024-04-24T05:14:09,501  INFO [main] ql.Driver: Completed executing command(queryId=alex_20240424051409_d096ce33-856c-4a56-a067-1e7630c06b76); Time taken: 0.003 seconds
2024-04-24T05:14:09,501  INFO [main] lockmgr.DbTxnManager: Stopped heartbeat for query: alex_20240424051409_d096ce33-856c-4a56-a067-1e7630c06b76
2024-04-24T05:14:09,506  INFO [main] txn.TxnHandler: Expected to move at least one record from txn_components to completed_txn_components when committing txn! txnid:6
2024-04-24T05:14:09,511  INFO [main] txn.TxnHandler: Removed transactions: ([6]) from MIN_HISTORY_LEVEL
2024-04-24T05:14:09,511  WARN [main] txn.CompactionTxnHandler: No compaction queue record found for Compaction type transaction commit. txnId:6
2024-04-24T05:14:09,512  INFO [main] ql.TxnCommandsBaseForTests: Running the query: create table acidTbl(a int, b int) clustered by (a) into 2 buckets stored as orc TBLPROPERTIES ('transactional'='true')
2024-04-24T05:14:09,512  INFO [main] ql.Driver: Compiling command(queryId=alex_20240424051409_6db5265b-b4c6-456a-b9d1-4d179b965cb8): create table acidTbl(a int, b int) clustered by (a) into 2 buckets stored as orc TBLPROPERTIES ('transactional'='true')
2024-04-24T05:14:09,514  INFO [main] txn.TxnHandler: Added entries to MIN_HISTORY_LEVEL for current txns: ([7]) with min_open_txn: 1
2024-04-24T05:14:09,514  INFO [main] lockmgr.DbTxnManager: Opened txnid:7
2024-04-24T05:14:09,515  INFO [main] parse.CalcitePlanner: Starting caching scope for: 
2024-04-24T05:14:09,515  INFO [main] parse.CalcitePlanner: Starting Semantic Analysis
2024-04-24T05:14:09,520  INFO [main] parse.CalcitePlanner: Creating table default.acidTbl position=13
2024-04-24T05:14:09,520  INFO [main] HiveMetaStore.audit: ugi=alex	ip=unknown-ip-addr	cmd=get_database: default	
2024-04-24T05:14:09,522  INFO [main] parse.CalcitePlanner: Ending caching scope for: 
2024-04-24T05:14:09,522  INFO [main] ql.Driver: Semantic Analysis Completed (retrial = false)
2024-04-24T05:14:09,522  INFO [main] ql.Driver: Created Hive schema: Schema(fieldSchemas:null, properties:null)
2024-04-24T05:14:09,522  INFO [main] metadata.Hive: Dumping metastore api call timing information for : compilation phase
2024-04-24T05:14:09,522  INFO [main] metadata.Hive: Total time spent in each metastore function (ms): {getValidWriteIds_(List, String)=5, isCompatibleWith_(Configuration)=0, flushCache_()=0, commitTxn_(CommitTxnRequest)=11, getDatabase_(String)=2, openTxn_(String, TxnType)=1, getValidTxns_(long)=0}
2024-04-24T05:14:09,522  INFO [main] ql.Driver: Completed compiling command(queryId=alex_20240424051409_6db5265b-b4c6-456a-b9d1-4d179b965cb8); Time taken: 0.01 seconds
2024-04-24T05:14:09,523  INFO [main] lockmgr.DbTxnManager: Setting lock request transaction to txnid:7 for queryId=alex_20240424051409_6db5265b-b4c6-456a-b9d1-4d179b965cb8
2024-04-24T05:14:09,523  INFO [main] lockmgr.DbLockManager: Requesting lock for queryId=alex_20240424051409_6db5265b-b4c6-456a-b9d1-4d179b965cb8
2024-04-24T05:14:09,540  INFO [main] lockmgr.DbLockManager: Response to queryId=alex_20240424051409_6db5265b-b4c6-456a-b9d1-4d179b965cb8 LockResponse(lockid:1, state:ACQUIRED)
2024-04-24T05:14:09,540  INFO [main] ql.Driver: Operation CREATETABLE obtained 1 locks
2024-04-24T05:14:09,541  INFO [main] ql.Driver: Executing command(queryId=alex_20240424051409_6db5265b-b4c6-456a-b9d1-4d179b965cb8): create table acidTbl(a int, b int) clustered by (a) into 2 buckets stored as orc TBLPROPERTIES ('transactional'='true')
2024-04-24T05:14:09,541  INFO [main] ql.Driver: Starting task [Stage-0:DDL] in serial mode
2024-04-24T05:14:09,542  INFO [main] HiveMetaStore.audit: ugi=alex	ip=unknown-ip-addr	cmd=create_table_req: Table(tableName:acidTbl, dbName:default, owner:alex, createTime:1713960849, lastAccessTime:0, retention:0, sd:StorageDescriptor(cols:[FieldSchema(name:a, type:int, comment:null), FieldSchema(name:b, type:int, comment:null)], location:null, inputFormat:org.apache.hadoop.hive.ql.io.orc.OrcInputFormat, outputFormat:org.apache.hadoop.hive.ql.io.orc.OrcOutputFormat, compressed:false, numBuckets:2, serdeInfo:SerDeInfo(name:null, serializationLib:org.apache.hadoop.hive.ql.io.orc.OrcSerde, parameters:{serialization.format=1}), bucketCols:[a], sortCols:[], parameters:{}, skewedInfo:SkewedInfo(skewedColNames:[], skewedColValues:[], skewedColValueLocationMaps:{}), storedAsSubDirectories:false), partitionKeys:[], parameters:{transactional=true, numFilesErasureCoded=0, COLUMN_STATS_ACCURATE={"BASIC_STATS":"true","COLUMN_STATS":{"a":"true","b":"true"}}, numFiles=0, numRows=0, bucketing_version=2, rawDataSize=0, totalSize=0}, viewOriginalText:null, viewExpandedText:null, tableType:MANAGED_TABLE, privileges:PrincipalPrivilegeSet(userPrivileges:{alex=[PrivilegeGrantInfo(privilege:INSERT, createTime:-1, grantor:alex, grantorType:USER, grantOption:true), PrivilegeGrantInfo(privilege:SELECT, createTime:-1, grantor:alex, grantorType:USER, grantOption:true), PrivilegeGrantInfo(privilege:UPDATE, createTime:-1, grantor:alex, grantorType:USER, grantOption:true), PrivilegeGrantInfo(privilege:DELETE, createTime:-1, grantor:alex, grantorType:USER, grantOption:true)]}, groupPrivileges:null, rolePrivileges:null), temporary:false, catName:hive, ownerType:USER, writeId:0)	
2024-04-24T05:14:09,548  INFO [main] utils.FileUtils: Creating directory if it doesn't exist: file:/home/alex/Repositories/hive/ql/target/tmp/org.apache.hadoop.hive.ql.TestTxnCommands-1713960750541/warehouse/acidtbl
2024-04-24T05:14:09,580  INFO [main] metadata.Hive: Dumping metastore api call timing information for : execution phase
2024-04-24T05:14:09,581  INFO [main] metadata.Hive: Total time spent in each metastore function (ms): {createTable_(Table)=38, isCompatibleWith_(Configuration)=0}
2024-04-24T05:14:09,581  INFO [main] ql.Driver: Completed executing command(queryId=alex_20240424051409_6db5265b-b4c6-456a-b9d1-4d179b965cb8); Time taken: 0.039 seconds
2024-04-24T05:14:09,581  INFO [main] lockmgr.DbTxnManager: Stopped heartbeat for query: alex_20240424051409_6db5265b-b4c6-456a-b9d1-4d179b965cb8
2024-04-24T05:14:09,584  INFO [main] txn.TxnHandler: Expected to move at least one record from txn_components to completed_txn_components when committing txn! txnid:7
2024-04-24T05:14:09,589  INFO [main] txn.TxnHandler: Removed transactions: ([7]) from MIN_HISTORY_LEVEL
2024-04-24T05:14:09,590  WARN [main] txn.CompactionTxnHandler: No compaction queue record found for Compaction type transaction commit. txnId:7
2024-04-24T05:14:09,591  INFO [main] ql.TxnCommandsBaseForTests: Running the query: create table acidTblPart(a int, b int) partitioned by (p string) clustered by (a) into 2 buckets stored as orc TBLPROPERTIES ('transactional'='true')
2024-04-24T05:14:09,591  INFO [main] ql.Driver: Compiling command(queryId=alex_20240424051409_283c3e56-8282-4e56-a834-146ba49e247a): create table acidTblPart(a int, b int) partitioned by (p string) clustered by (a) into 2 buckets stored as orc TBLPROPERTIES ('transactional'='true')
2024-04-24T05:14:09,594  INFO [main] txn.TxnHandler: Added entries to MIN_HISTORY_LEVEL for current txns: ([8]) with min_open_txn: 1
2024-04-24T05:14:09,594  INFO [main] lockmgr.DbTxnManager: Opened txnid:8
2024-04-24T05:14:09,594  INFO [main] parse.CalcitePlanner: Starting caching scope for: 
2024-04-24T05:14:09,594  INFO [main] parse.CalcitePlanner: Starting Semantic Analysis
2024-04-24T05:14:09,597  INFO [main] parse.CalcitePlanner: Creating table default.acidTblPart position=13
2024-04-24T05:14:09,597  INFO [main] HiveMetaStore.audit: ugi=alex	ip=unknown-ip-addr	cmd=get_database: default	
2024-04-24T05:14:09,599  INFO [main] parse.CalcitePlanner: Ending caching scope for: 
2024-04-24T05:14:09,599  INFO [main] ql.Driver: Semantic Analysis Completed (retrial = false)
2024-04-24T05:14:09,599  INFO [main] ql.Driver: Created Hive schema: Schema(fieldSchemas:null, properties:null)
2024-04-24T05:14:09,599  INFO [main] metadata.Hive: Dumping metastore api call timing information for : compilation phase
2024-04-24T05:14:09,599  INFO [main] metadata.Hive: Total time spent in each metastore function (ms): {getValidTxns_(long)=0, getValidWriteIds_(List, String)=2, getDatabase_(String)=1, openTxn_(String, TxnType)=2, flushCache_()=0, isCompatibleWith_(Configuration)=0, commitTxn_(CommitTxnRequest)=10}
2024-04-24T05:14:09,599  INFO [main] ql.Driver: Completed compiling command(queryId=alex_20240424051409_283c3e56-8282-4e56-a834-146ba49e247a); Time taken: 0.008 seconds
2024-04-24T05:14:09,599  INFO [main] lockmgr.DbTxnManager: Setting lock request transaction to txnid:8 for queryId=alex_20240424051409_283c3e56-8282-4e56-a834-146ba49e247a
2024-04-24T05:14:09,599  INFO [main] lockmgr.DbLockManager: Requesting lock for queryId=alex_20240424051409_283c3e56-8282-4e56-a834-146ba49e247a
2024-04-24T05:14:09,612  INFO [main] lockmgr.DbLockManager: Response to queryId=alex_20240424051409_283c3e56-8282-4e56-a834-146ba49e247a LockResponse(lockid:2, state:ACQUIRED)
2024-04-24T05:14:09,612  INFO [main] ql.Driver: Operation CREATETABLE obtained 1 locks
2024-04-24T05:14:09,613  INFO [main] ql.Driver: Executing command(queryId=alex_20240424051409_283c3e56-8282-4e56-a834-146ba49e247a): create table acidTblPart(a int, b int) partitioned by (p string) clustered by (a) into 2 buckets stored as orc TBLPROPERTIES ('transactional'='true')
2024-04-24T05:14:09,613  INFO [main] ql.Driver: Starting task [Stage-0:DDL] in serial mode
2024-04-24T05:14:09,614  INFO [main] HiveMetaStore.audit: ugi=alex	ip=unknown-ip-addr	cmd=create_table_req: Table(tableName:acidTblPart, dbName:default, owner:alex, createTime:1713960849, lastAccessTime:0, retention:0, sd:StorageDescriptor(cols:[FieldSchema(name:a, type:int, comment:null), FieldSchema(name:b, type:int, comment:null)], location:null, inputFormat:org.apache.hadoop.hive.ql.io.orc.OrcInputFormat, outputFormat:org.apache.hadoop.hive.ql.io.orc.OrcOutputFormat, compressed:false, numBuckets:2, serdeInfo:SerDeInfo(name:null, serializationLib:org.apache.hadoop.hive.ql.io.orc.OrcSerde, parameters:{serialization.format=1}), bucketCols:[a], sortCols:[], parameters:{}, skewedInfo:SkewedInfo(skewedColNames:[], skewedColValues:[], skewedColValueLocationMaps:{}), storedAsSubDirectories:false), partitionKeys:[FieldSchema(name:p, type:string, comment:null)], parameters:{bucketing_version=2, transactional=true}, viewOriginalText:null, viewExpandedText:null, tableType:MANAGED_TABLE, privileges:PrincipalPrivilegeSet(userPrivileges:{alex=[PrivilegeGrantInfo(privilege:INSERT, createTime:-1, grantor:alex, grantorType:USER, grantOption:true), PrivilegeGrantInfo(privilege:SELECT, createTime:-1, grantor:alex, grantorType:USER, grantOption:true), PrivilegeGrantInfo(privilege:UPDATE, createTime:-1, grantor:alex, grantorType:USER, grantOption:true), PrivilegeGrantInfo(privilege:DELETE, createTime:-1, grantor:alex, grantorType:USER, grantOption:true)]}, groupPrivileges:null, rolePrivileges:null), temporary:false, catName:hive, ownerType:USER, writeId:0)	
2024-04-24T05:14:09,619  INFO [main] utils.FileUtils: Creating directory if it doesn't exist: file:/home/alex/Repositories/hive/ql/target/tmp/org.apache.hadoop.hive.ql.TestTxnCommands-1713960750541/warehouse/acidtblpart
2024-04-24T05:14:09,633  INFO [main] metadata.Hive: Dumping metastore api call timing information for : execution phase
2024-04-24T05:14:09,633  INFO [main] metadata.Hive: Total time spent in each metastore function (ms): {isCompatibleWith_(Configuration)=0, createTable_(Table)=19}
2024-04-24T05:14:09,633  INFO [main] ql.Driver: Completed executing command(queryId=alex_20240424051409_283c3e56-8282-4e56-a834-146ba49e247a); Time taken: 0.02 seconds
2024-04-24T05:14:09,633  INFO [main] lockmgr.DbTxnManager: Stopped heartbeat for query: alex_20240424051409_283c3e56-8282-4e56-a834-146ba49e247a
2024-04-24T05:14:09,637  INFO [main] txn.TxnHandler: Expected to move at least one record from txn_components to completed_txn_components when committing txn! txnid:8
2024-04-24T05:14:09,642  INFO [main] txn.TxnHandler: Removed transactions: ([8]) from MIN_HISTORY_LEVEL
2024-04-24T05:14:09,642  WARN [main] txn.CompactionTxnHandler: No compaction queue record found for Compaction type transaction commit. txnId:8
2024-04-24T05:14:09,642  INFO [main] ql.TxnCommandsBaseForTests: Running the query: create table nonAcidOrcTbl(a int, b int) clustered by (a) into 2 buckets stored as orc TBLPROPERTIES ('transactional'='false')
2024-04-24T05:14:09,643  INFO [main] ql.Driver: Compiling command(queryId=alex_20240424051409_2b771979-bf92-4298-a324-b87ad9ec611b): create table nonAcidOrcTbl(a int, b int) clustered by (a) into 2 buckets stored as orc TBLPROPERTIES ('transactional'='false')
2024-04-24T05:14:09,644  INFO [main] txn.TxnHandler: Added entries to MIN_HISTORY_LEVEL for current txns: ([9]) with min_open_txn: 1
2024-04-24T05:14:09,645  INFO [main] lockmgr.DbTxnManager: Opened txnid:9
2024-04-24T05:14:09,645  INFO [main] parse.CalcitePlanner: Starting caching scope for: 
2024-04-24T05:14:09,645  INFO [main] parse.CalcitePlanner: Starting Semantic Analysis
2024-04-24T05:14:09,647  INFO [main] parse.CalcitePlanner: Creating table default.nonAcidOrcTbl position=13
2024-04-24T05:14:09,647  INFO [main] HiveMetaStore.audit: ugi=alex	ip=unknown-ip-addr	cmd=get_database: default	
2024-04-24T05:14:09,649  INFO [main] parse.CalcitePlanner: Ending caching scope for: 
2024-04-24T05:14:09,649  INFO [main] ql.Driver: Semantic Analysis Completed (retrial = false)
2024-04-24T05:14:09,649  INFO [main] ql.Driver: Created Hive schema: Schema(fieldSchemas:null, properties:null)
2024-04-24T05:14:09,649  INFO [main] metadata.Hive: Dumping metastore api call timing information for : compilation phase
2024-04-24T05:14:09,649  INFO [main] metadata.Hive: Total time spent in each metastore function (ms): {getValidTxns_(long)=0, openTxn_(String, TxnType)=2, getValidWriteIds_(List, String)=2, commitTxn_(CommitTxnRequest)=8, flushCache_()=0, isCompatibleWith_(Configuration)=1, getDatabase_(String)=2}
2024-04-24T05:14:09,649  INFO [main] ql.Driver: Completed compiling command(queryId=alex_20240424051409_2b771979-bf92-4298-a324-b87ad9ec611b); Time taken: 0.006 seconds
2024-04-24T05:14:09,650  INFO [main] lockmgr.DbTxnManager: Setting lock request transaction to txnid:9 for queryId=alex_20240424051409_2b771979-bf92-4298-a324-b87ad9ec611b
2024-04-24T05:14:09,650  INFO [main] lockmgr.DbLockManager: Requesting lock for queryId=alex_20240424051409_2b771979-bf92-4298-a324-b87ad9ec611b
2024-04-24T05:14:09,663  INFO [main] lockmgr.DbLockManager: Response to queryId=alex_20240424051409_2b771979-bf92-4298-a324-b87ad9ec611b LockResponse(lockid:3, state:ACQUIRED)
2024-04-24T05:14:09,663  INFO [main] ql.Driver: Operation CREATETABLE obtained 1 locks
2024-04-24T05:14:09,663  INFO [main] ql.Driver: Executing command(queryId=alex_20240424051409_2b771979-bf92-4298-a324-b87ad9ec611b): create table nonAcidOrcTbl(a int, b int) clustered by (a) into 2 buckets stored as orc TBLPROPERTIES ('transactional'='false')
2024-04-24T05:14:09,663  INFO [main] ql.Driver: Starting task [Stage-0:DDL] in serial mode
2024-04-24T05:14:09,664  INFO [main] HiveMetaStore.audit: ugi=alex	ip=unknown-ip-addr	cmd=create_table_req: Table(tableName:nonAcidOrcTbl, dbName:default, owner:alex, createTime:1713960849, lastAccessTime:0, retention:0, sd:StorageDescriptor(cols:[FieldSchema(name:a, type:int, comment:null), FieldSchema(name:b, type:int, comment:null)], location:null, inputFormat:org.apache.hadoop.hive.ql.io.orc.OrcInputFormat, outputFormat:org.apache.hadoop.hive.ql.io.orc.OrcOutputFormat, compressed:false, numBuckets:2, serdeInfo:SerDeInfo(name:null, serializationLib:org.apache.hadoop.hive.ql.io.orc.OrcSerde, parameters:{serialization.format=1}), bucketCols:[a], sortCols:[], parameters:{}, skewedInfo:SkewedInfo(skewedColNames:[], skewedColValues:[], skewedColValueLocationMaps:{}), storedAsSubDirectories:false), partitionKeys:[], parameters:{numFilesErasureCoded=0, transactional=false, rawDataSize=0, totalSize=0, bucketing_version=2, numRows=0, numFiles=0, COLUMN_STATS_ACCURATE={"BASIC_STATS":"true","COLUMN_STATS":{"a":"true","b":"true"}}}, viewOriginalText:null, viewExpandedText:null, tableType:MANAGED_TABLE, privileges:PrincipalPrivilegeSet(userPrivileges:{alex=[PrivilegeGrantInfo(privilege:INSERT, createTime:-1, grantor:alex, grantorType:USER, grantOption:true), PrivilegeGrantInfo(privilege:SELECT, createTime:-1, grantor:alex, grantorType:USER, grantOption:true), PrivilegeGrantInfo(privilege:UPDATE, createTime:-1, grantor:alex, grantorType:USER, grantOption:true), PrivilegeGrantInfo(privilege:DELETE, createTime:-1, grantor:alex, grantorType:USER, grantOption:true)]}, groupPrivileges:null, rolePrivileges:null), temporary:false, catName:hive, ownerType:USER)	
2024-04-24T05:14:09,670  INFO [main] utils.FileUtils: Creating directory if it doesn't exist: file:/home/alex/Repositories/hive/ql/target/tmp/org.apache.hadoop.hive.ql.TestTxnCommands-1713960750541/warehouse/nonacidorctbl
2024-04-24T05:14:09,688  INFO [main] metadata.Hive: Dumping metastore api call timing information for : execution phase
2024-04-24T05:14:09,688  INFO [main] metadata.Hive: Total time spent in each metastore function (ms): {createTable_(Table)=24, isCompatibleWith_(Configuration)=1}
2024-04-24T05:14:09,688  INFO [main] ql.Driver: Completed executing command(queryId=alex_20240424051409_2b771979-bf92-4298-a324-b87ad9ec611b); Time taken: 0.025 seconds
2024-04-24T05:14:09,688  INFO [main] lockmgr.DbTxnManager: Stopped heartbeat for query: alex_20240424051409_2b771979-bf92-4298-a324-b87ad9ec611b
2024-04-24T05:14:09,692  INFO [main] txn.TxnHandler: Expected to move at least one record from txn_components to completed_txn_components when committing txn! txnid:9
2024-04-24T05:14:09,696  INFO [main] txn.TxnHandler: Removed transactions: ([9]) from MIN_HISTORY_LEVEL
2024-04-24T05:14:09,697  WARN [main] txn.CompactionTxnHandler: No compaction queue record found for Compaction type transaction commit. txnId:9
2024-04-24T05:14:09,697  INFO [main] ql.TxnCommandsBaseForTests: Running the query: create table nonAcidOrcTbl2(a int, b int) clustered by (a) into 2 buckets stored as orc TBLPROPERTIES ('transactional'='false')
2024-04-24T05:14:09,697  INFO [main] ql.Driver: Compiling command(queryId=alex_20240424051409_b50a80b7-055b-4d02-bc8e-db923a2a749e): create table nonAcidOrcTbl2(a int, b int) clustered by (a) into 2 buckets stored as orc TBLPROPERTIES ('transactional'='false')
2024-04-24T05:14:09,699  INFO [main] txn.TxnHandler: Added entries to MIN_HISTORY_LEVEL for current txns: ([10]) with min_open_txn: 1
2024-04-24T05:14:09,700  INFO [main] lockmgr.DbTxnManager: Opened txnid:10
2024-04-24T05:14:09,700  INFO [main] parse.CalcitePlanner: Starting caching scope for: 
2024-04-24T05:14:09,700  INFO [main] parse.CalcitePlanner: Starting Semantic Analysis
2024-04-24T05:14:09,702  INFO [main] parse.CalcitePlanner: Creating table default.nonAcidOrcTbl2 position=13
2024-04-24T05:14:09,702  INFO [main] HiveMetaStore.audit: ugi=alex	ip=unknown-ip-addr	cmd=get_database: default	
2024-04-24T05:14:09,704  INFO [main] parse.CalcitePlanner: Ending caching scope for: 
2024-04-24T05:14:09,704  INFO [main] ql.Driver: Semantic Analysis Completed (retrial = false)
2024-04-24T05:14:09,704  INFO [main] ql.Driver: Created Hive schema: Schema(fieldSchemas:null, properties:null)
2024-04-24T05:14:09,704  INFO [main] metadata.Hive: Dumping metastore api call timing information for : compilation phase
2024-04-24T05:14:09,704  INFO [main] metadata.Hive: Total time spent in each metastore function (ms): {commitTxn_(CommitTxnRequest)=9, openTxn_(String, TxnType)=2, getValidWriteIds_(List, String)=2, getValidTxns_(long)=0, getDatabase_(String)=2, flushCache_()=0, isCompatibleWith_(Configuration)=0}
2024-04-24T05:14:09,704  INFO [main] ql.Driver: Completed compiling command(queryId=alex_20240424051409_b50a80b7-055b-4d02-bc8e-db923a2a749e); Time taken: 0.007 seconds
2024-04-24T05:14:09,705  INFO [main] lockmgr.DbTxnManager: Setting lock request transaction to txnid:10 for queryId=alex_20240424051409_b50a80b7-055b-4d02-bc8e-db923a2a749e
2024-04-24T05:14:09,705  INFO [main] lockmgr.DbLockManager: Requesting lock for queryId=alex_20240424051409_b50a80b7-055b-4d02-bc8e-db923a2a749e
2024-04-24T05:14:09,718  INFO [main] lockmgr.DbLockManager: Response to queryId=alex_20240424051409_b50a80b7-055b-4d02-bc8e-db923a2a749e LockResponse(lockid:4, state:ACQUIRED)
2024-04-24T05:14:09,718  INFO [main] ql.Driver: Operation CREATETABLE obtained 1 locks
2024-04-24T05:14:09,718  INFO [main] ql.Driver: Executing command(queryId=alex_20240424051409_b50a80b7-055b-4d02-bc8e-db923a2a749e): create table nonAcidOrcTbl2(a int, b int) clustered by (a) into 2 buckets stored as orc TBLPROPERTIES ('transactional'='false')
2024-04-24T05:14:09,718  INFO [main] ql.Driver: Starting task [Stage-0:DDL] in serial mode
2024-04-24T05:14:09,719  INFO [main] HiveMetaStore.audit: ugi=alex	ip=unknown-ip-addr	cmd=create_table_req: Table(tableName:nonAcidOrcTbl2, dbName:default, owner:alex, createTime:1713960849, lastAccessTime:0, retention:0, sd:StorageDescriptor(cols:[FieldSchema(name:a, type:int, comment:null), FieldSchema(name:b, type:int, comment:null)], location:null, inputFormat:org.apache.hadoop.hive.ql.io.orc.OrcInputFormat, outputFormat:org.apache.hadoop.hive.ql.io.orc.OrcOutputFormat, compressed:false, numBuckets:2, serdeInfo:SerDeInfo(name:null, serializationLib:org.apache.hadoop.hive.ql.io.orc.OrcSerde, parameters:{serialization.format=1}), bucketCols:[a], sortCols:[], parameters:{}, skewedInfo:SkewedInfo(skewedColNames:[], skewedColValues:[], skewedColValueLocationMaps:{}), storedAsSubDirectories:false), partitionKeys:[], parameters:{numFilesErasureCoded=0, rawDataSize=0, transactional=false, numFiles=0, totalSize=0, numRows=0, bucketing_version=2, COLUMN_STATS_ACCURATE={"BASIC_STATS":"true","COLUMN_STATS":{"a":"true","b":"true"}}}, viewOriginalText:null, viewExpandedText:null, tableType:MANAGED_TABLE, privileges:PrincipalPrivilegeSet(userPrivileges:{alex=[PrivilegeGrantInfo(privilege:INSERT, createTime:-1, grantor:alex, grantorType:USER, grantOption:true), PrivilegeGrantInfo(privilege:SELECT, createTime:-1, grantor:alex, grantorType:USER, grantOption:true), PrivilegeGrantInfo(privilege:UPDATE, createTime:-1, grantor:alex, grantorType:USER, grantOption:true), PrivilegeGrantInfo(privilege:DELETE, createTime:-1, grantor:alex, grantorType:USER, grantOption:true)]}, groupPrivileges:null, rolePrivileges:null), temporary:false, catName:hive, ownerType:USER)	
2024-04-24T05:14:09,724  INFO [main] utils.FileUtils: Creating directory if it doesn't exist: file:/home/alex/Repositories/hive/ql/target/tmp/org.apache.hadoop.hive.ql.TestTxnCommands-1713960750541/warehouse/nonacidorctbl2
2024-04-24T05:14:09,737  INFO [main] metadata.Hive: Dumping metastore api call timing information for : execution phase
2024-04-24T05:14:09,738  INFO [main] metadata.Hive: Total time spent in each metastore function (ms): {createTable_(Table)=18, isCompatibleWith_(Configuration)=0}
2024-04-24T05:14:09,738  INFO [main] ql.Driver: Completed executing command(queryId=alex_20240424051409_b50a80b7-055b-4d02-bc8e-db923a2a749e); Time taken: 0.019 seconds
2024-04-24T05:14:09,738  INFO [main] lockmgr.DbTxnManager: Stopped heartbeat for query: alex_20240424051409_b50a80b7-055b-4d02-bc8e-db923a2a749e
2024-04-24T05:14:09,742  INFO [main] txn.TxnHandler: Expected to move at least one record from txn_components to completed_txn_components when committing txn! txnid:10
2024-04-24T05:14:09,747  INFO [main] txn.TxnHandler: Removed transactions: ([10]) from MIN_HISTORY_LEVEL
2024-04-24T05:14:09,747  WARN [main] txn.CompactionTxnHandler: No compaction queue record found for Compaction type transaction commit. txnId:10
2024-04-24T05:14:09,748  INFO [main] ql.TxnCommandsBaseForTests: Running the query: create temporary  table acidTbl2(a int, b int, c int) clustered by (c) into 2 buckets stored as orc TBLPROPERTIES ('transactional'='true')
2024-04-24T05:14:09,748  INFO [main] ql.Driver: Compiling command(queryId=alex_20240424051409_42c15003-40c0-4eeb-94e4-14ad2f104c28): create temporary  table acidTbl2(a int, b int, c int) clustered by (c) into 2 buckets stored as orc TBLPROPERTIES ('transactional'='true')
2024-04-24T05:14:09,751  INFO [main] txn.TxnHandler: Added entries to MIN_HISTORY_LEVEL for current txns: ([11]) with min_open_txn: 1
2024-04-24T05:14:09,751  INFO [main] lockmgr.DbTxnManager: Opened txnid:11
2024-04-24T05:14:09,751  INFO [main] parse.CalcitePlanner: Starting caching scope for: 
2024-04-24T05:14:09,751  INFO [main] parse.CalcitePlanner: Starting Semantic Analysis
2024-04-24T05:14:09,754  INFO [main] parse.CalcitePlanner: Creating table default.acidTbl2 position=24
2024-04-24T05:14:09,754  INFO [main] HiveMetaStore.audit: ugi=alex	ip=unknown-ip-addr	cmd=get_database: default	
2024-04-24T05:14:09,755  INFO [main] parse.CalcitePlanner: Ending caching scope for: 
2024-04-24T05:14:09,756  INFO [main] ql.Driver: Semantic Analysis Completed (retrial = false)
2024-04-24T05:14:09,756  INFO [main] ql.Driver: Created Hive schema: Schema(fieldSchemas:null, properties:null)
2024-04-24T05:14:09,756  INFO [main] metadata.Hive: Dumping metastore api call timing information for : compilation phase
2024-04-24T05:14:09,756  INFO [main] metadata.Hive: Total time spent in each metastore function (ms): {flushCache_()=0, getValidWriteIds_(List, String)=2, getValidTxns_(long)=0, commitTxn_(CommitTxnRequest)=10, openTxn_(String, TxnType)=2, getDatabase_(String)=1, isCompatibleWith_(Configuration)=0}
2024-04-24T05:14:09,756  INFO [main] ql.Driver: Completed compiling command(queryId=alex_20240424051409_42c15003-40c0-4eeb-94e4-14ad2f104c28); Time taken: 0.008 seconds
2024-04-24T05:14:09,756  INFO [main] lockmgr.DbTxnManager: Setting lock request transaction to txnid:11 for queryId=alex_20240424051409_42c15003-40c0-4eeb-94e4-14ad2f104c28
2024-04-24T05:14:09,756  INFO [main] lockmgr.DbLockManager: Requesting lock for queryId=alex_20240424051409_42c15003-40c0-4eeb-94e4-14ad2f104c28
2024-04-24T05:14:09,769  INFO [main] lockmgr.DbLockManager: Response to queryId=alex_20240424051409_42c15003-40c0-4eeb-94e4-14ad2f104c28 LockResponse(lockid:5, state:ACQUIRED)
2024-04-24T05:14:09,769  INFO [main] ql.Driver: Operation CREATETABLE obtained 1 locks
2024-04-24T05:14:09,770  INFO [main] ql.Driver: Executing command(queryId=alex_20240424051409_42c15003-40c0-4eeb-94e4-14ad2f104c28): create temporary  table acidTbl2(a int, b int, c int) clustered by (c) into 2 buckets stored as orc TBLPROPERTIES ('transactional'='true')
2024-04-24T05:14:09,770  INFO [main] ql.Driver: Starting task [Stage-0:DDL] in serial mode
2024-04-24T05:14:09,771  INFO [main] utils.FileUtils: Creating directory if it doesn't exist: file:/home/alex/Repositories/hive/ql/target/tmp/scratchdir/alex/b38d9608-cc76-47e2-b2ce-4b0567a3fa34/_tmp_space.db/488288f3-fbf6-4175-b7a5-0cbab7c36f4a
2024-04-24T05:14:09,774  INFO [main] metadata.Hive: Dumping metastore api call timing information for : execution phase
2024-04-24T05:14:09,774  INFO [main] metadata.Hive: Total time spent in each metastore function (ms): {createTable_(Table)=3, isCompatibleWith_(Configuration)=0}
2024-04-24T05:14:09,774  INFO [main] ql.Driver: Completed executing command(queryId=alex_20240424051409_42c15003-40c0-4eeb-94e4-14ad2f104c28); Time taken: 0.004 seconds
2024-04-24T05:14:09,774  INFO [main] lockmgr.DbTxnManager: Stopped heartbeat for query: alex_20240424051409_42c15003-40c0-4eeb-94e4-14ad2f104c28
2024-04-24T05:14:09,778  INFO [main] txn.TxnHandler: Expected to move at least one record from txn_components to completed_txn_components when committing txn! txnid:11
2024-04-24T05:14:09,783  INFO [main] txn.TxnHandler: Removed transactions: ([11]) from MIN_HISTORY_LEVEL
2024-04-24T05:14:09,783  WARN [main] txn.CompactionTxnHandler: No compaction queue record found for Compaction type transaction commit. txnId:11
2024-04-24T05:14:09,783  INFO [main] ql.TxnCommandsBaseForTests: Running the query: create table nonAcidNonBucket(a int, b int) stored as orc TBLPROPERTIES ('transactional'='false')
2024-04-24T05:14:09,784  INFO [main] ql.Driver: Compiling command(queryId=alex_20240424051409_4bafcea6-75fa-4353-95d7-a379b6ec9bdd): create table nonAcidNonBucket(a int, b int) stored as orc TBLPROPERTIES ('transactional'='false')
2024-04-24T05:14:09,786  INFO [main] txn.TxnHandler: Added entries to MIN_HISTORY_LEVEL for current txns: ([12]) with min_open_txn: 1
2024-04-24T05:14:09,786  INFO [main] lockmgr.DbTxnManager: Opened txnid:12
2024-04-24T05:14:09,786  INFO [main] parse.CalcitePlanner: Starting caching scope for: 
2024-04-24T05:14:09,786  INFO [main] parse.CalcitePlanner: Starting Semantic Analysis
2024-04-24T05:14:09,789  INFO [main] parse.CalcitePlanner: Creating table default.nonAcidNonBucket position=13
2024-04-24T05:14:09,789  INFO [main] HiveMetaStore.audit: ugi=alex	ip=unknown-ip-addr	cmd=get_database: default	
2024-04-24T05:14:09,791  INFO [main] parse.CalcitePlanner: Ending caching scope for: 
2024-04-24T05:14:09,791  INFO [main] ql.Driver: Semantic Analysis Completed (retrial = false)
2024-04-24T05:14:09,791  INFO [main] ql.Driver: Created Hive schema: Schema(fieldSchemas:null, properties:null)
2024-04-24T05:14:09,791  INFO [main] metadata.Hive: Dumping metastore api call timing information for : compilation phase
2024-04-24T05:14:09,791  INFO [main] metadata.Hive: Total time spent in each metastore function (ms): {getValidTxns_(long)=0, openTxn_(String, TxnType)=2, isCompatibleWith_(Configuration)=1, getValidWriteIds_(List, String)=3, commitTxn_(CommitTxnRequest)=8, flushCache_()=0, getDatabase_(String)=1}
2024-04-24T05:14:09,791  INFO [main] ql.Driver: Completed compiling command(queryId=alex_20240424051409_4bafcea6-75fa-4353-95d7-a379b6ec9bdd); Time taken: 0.008 seconds
2024-04-24T05:14:09,791  INFO [main] lockmgr.DbTxnManager: Setting lock request transaction to txnid:12 for queryId=alex_20240424051409_4bafcea6-75fa-4353-95d7-a379b6ec9bdd
2024-04-24T05:14:09,791  INFO [main] lockmgr.DbLockManager: Requesting lock for queryId=alex_20240424051409_4bafcea6-75fa-4353-95d7-a379b6ec9bdd
2024-04-24T05:14:09,804  INFO [main] lockmgr.DbLockManager: Response to queryId=alex_20240424051409_4bafcea6-75fa-4353-95d7-a379b6ec9bdd LockResponse(lockid:6, state:ACQUIRED)
2024-04-24T05:14:09,804  INFO [main] ql.Driver: Operation CREATETABLE obtained 1 locks
2024-04-24T05:14:09,804  INFO [main] ql.Driver: Executing command(queryId=alex_20240424051409_4bafcea6-75fa-4353-95d7-a379b6ec9bdd): create table nonAcidNonBucket(a int, b int) stored as orc TBLPROPERTIES ('transactional'='false')
2024-04-24T05:14:09,804  INFO [main] ql.Driver: Starting task [Stage-0:DDL] in serial mode
2024-04-24T05:14:09,805  INFO [main] HiveMetaStore.audit: ugi=alex	ip=unknown-ip-addr	cmd=create_table_req: Table(tableName:nonAcidNonBucket, dbName:default, owner:alex, createTime:1713960849, lastAccessTime:0, retention:0, sd:StorageDescriptor(cols:[FieldSchema(name:a, type:int, comment:null), FieldSchema(name:b, type:int, comment:null)], location:null, inputFormat:org.apache.hadoop.hive.ql.io.orc.OrcInputFormat, outputFormat:org.apache.hadoop.hive.ql.io.orc.OrcOutputFormat, compressed:false, numBuckets:-1, serdeInfo:SerDeInfo(name:null, serializationLib:org.apache.hadoop.hive.ql.io.orc.OrcSerde, parameters:{serialization.format=1}), bucketCols:[], sortCols:[], parameters:{}, skewedInfo:SkewedInfo(skewedColNames:[], skewedColValues:[], skewedColValueLocationMaps:{}), storedAsSubDirectories:false), partitionKeys:[], parameters:{bucketing_version=2, totalSize=0, COLUMN_STATS_ACCURATE={"BASIC_STATS":"true","COLUMN_STATS":{"a":"true","b":"true"}}, transactional=false, numRows=0, numFilesErasureCoded=0, numFiles=0, rawDataSize=0}, viewOriginalText:null, viewExpandedText:null, tableType:MANAGED_TABLE, privileges:PrincipalPrivilegeSet(userPrivileges:{alex=[PrivilegeGrantInfo(privilege:INSERT, createTime:-1, grantor:alex, grantorType:USER, grantOption:true), PrivilegeGrantInfo(privilege:SELECT, createTime:-1, grantor:alex, grantorType:USER, grantOption:true), PrivilegeGrantInfo(privilege:UPDATE, createTime:-1, grantor:alex, grantorType:USER, grantOption:true), PrivilegeGrantInfo(privilege:DELETE, createTime:-1, grantor:alex, grantorType:USER, grantOption:true)]}, groupPrivileges:null, rolePrivileges:null), temporary:false, catName:hive, ownerType:USER)	
2024-04-24T05:14:09,811  INFO [main] utils.FileUtils: Creating directory if it doesn't exist: file:/home/alex/Repositories/hive/ql/target/tmp/org.apache.hadoop.hive.ql.TestTxnCommands-1713960750541/warehouse/nonacidnonbucket
2024-04-24T05:14:09,824  INFO [main] metadata.Hive: Dumping metastore api call timing information for : execution phase
2024-04-24T05:14:09,824  INFO [main] metadata.Hive: Total time spent in each metastore function (ms): {createTable_(Table)=19, isCompatibleWith_(Configuration)=1}
2024-04-24T05:14:09,824  INFO [main] ql.Driver: Completed executing command(queryId=alex_20240424051409_4bafcea6-75fa-4353-95d7-a379b6ec9bdd); Time taken: 0.02 seconds
2024-04-24T05:14:09,825  INFO [main] lockmgr.DbTxnManager: Stopped heartbeat for query: alex_20240424051409_4bafcea6-75fa-4353-95d7-a379b6ec9bdd
2024-04-24T05:14:09,828  INFO [main] txn.TxnHandler: Expected to move at least one record from txn_components to completed_txn_components when committing txn! txnid:12
2024-04-24T05:14:09,833  INFO [main] txn.TxnHandler: Removed transactions: ([12]) from MIN_HISTORY_LEVEL
2024-04-24T05:14:09,833  WARN [main] txn.CompactionTxnHandler: No compaction queue record found for Compaction type transaction commit. txnId:12
2024-04-24T05:14:09,833  INFO [main] HiveMetaStore.audit: ugi=alex	ip=unknown-ip-addr	cmd=Cleaning up thread local RawStore...	
2024-04-24T05:14:09,833  INFO [main] metastore.ObjectStore: RawStore: org.apache.hadoop.hive.metastore.ObjectStore@7d633dad, with PersistenceManager: org.datanucleus.api.jdo.JDOPersistenceManager@587cc229 will be shutdown
2024-04-24T05:14:09,834  INFO [main] HiveMetaStore.audit: ugi=alex	ip=unknown-ip-addr	cmd=Done cleaning up thread local RawStore	
2024-04-24T05:14:09,834  INFO [main] metastore.HiveMetaStoreClient: Closed a connection to metastore, current connections: -8
2024-04-24T05:14:09,834  INFO [main] ql.TxnCommandsBaseForTests: Running the query: drop table if exists T
2024-04-24T05:14:09,834  INFO [main] ql.Driver: Compiling command(queryId=alex_20240424051409_17a786ec-7e5e-47ef-94ed-4269792200cb): drop table if exists T
2024-04-24T05:14:09,835  INFO [main] metastore.HiveMetaStoreClient: HMS client filtering is enabled.
2024-04-24T05:14:09,836  INFO [main] metastore.HMSHandler: 0: Opening raw store with implementation class:org.apache.hadoop.hive.metastore.ObjectStore
2024-04-24T05:14:09,836  INFO [main] metastore.PersistenceManagerProvider: Configuration datanucleus.autoStartMechanismMode is not set. Defaulting to 'ignored'
2024-04-24T05:14:09,836  INFO [main] metastore.ObjectStore: RawStore: org.apache.hadoop.hive.metastore.ObjectStore@4493b2f0, with PersistenceManager: null will be shutdown
2024-04-24T05:14:09,837  INFO [main] metastore.ObjectStore: RawStore: org.apache.hadoop.hive.metastore.ObjectStore@4493b2f0, with PersistenceManager: org.datanucleus.api.jdo.JDOPersistenceManager@721e14f0 created in the thread with id: 1
2024-04-24T05:14:09,854  INFO [main] metastore.HMSHandler: Created RawStore: org.apache.hadoop.hive.metastore.ObjectStore@4493b2f0 from thread id: 1
2024-04-24T05:14:09,854  INFO [main] metastore.HMSHandler: HMS server filtering is disabled by configuration
2024-04-24T05:14:09,854  INFO [main] metastore.RetryingMetaStoreClient: RetryingMetaStoreClient proxy=class org.apache.hadoop.hive.ql.metadata.SessionHiveMetaStoreClient ugi=alex (auth:SIMPLE) retries=1 delay=1 lifetime=0
2024-04-24T05:14:09,856  INFO [main] txn.TxnHandler: Added entries to MIN_HISTORY_LEVEL for current txns: ([13]) with min_open_txn: 1
2024-04-24T05:14:09,856  INFO [main] lockmgr.DbTxnManager: Opened txnid:13
2024-04-24T05:14:09,857  INFO [main] HiveMetaStore.audit: ugi=alex	ip=unknown-ip-addr	cmd=get_table : tbl=hive.default.T	
2024-04-24T05:14:09,859  INFO [main] ql.Driver: Semantic Analysis Completed (retrial = false)
2024-04-24T05:14:09,859  INFO [main] ql.Driver: Created Hive schema: Schema(fieldSchemas:null, properties:null)
2024-04-24T05:14:09,859  INFO [main] metadata.Hive: Dumping metastore api call timing information for : compilation phase
2024-04-24T05:14:09,859  INFO [main] metadata.Hive: Total time spent in each metastore function (ms): {getValidTxns_(long)=0, isCompatibleWith_(Configuration)=0, flushCache_()=0, openTxn_(String, TxnType)=2}
2024-04-24T05:14:09,859  INFO [main] ql.Driver: Completed compiling command(queryId=alex_20240424051409_17a786ec-7e5e-47ef-94ed-4269792200cb); Time taken: 0.025 seconds
2024-04-24T05:14:09,859  INFO [main] lockmgr.DbTxnManager: Setting lock request transaction to txnid:13 for queryId=alex_20240424051409_17a786ec-7e5e-47ef-94ed-4269792200cb
2024-04-24T05:14:09,859  INFO [main] ql.Driver: Operation DROPTABLE obtained 0 locks
2024-04-24T05:14:09,859  INFO [main] ql.Driver: Executing command(queryId=alex_20240424051409_17a786ec-7e5e-47ef-94ed-4269792200cb): drop table if exists T
2024-04-24T05:14:09,860  INFO [main] ql.Driver: Starting task [Stage-0:DDL] in serial mode
2024-04-24T05:14:09,860  INFO [main] HiveMetaStore.audit: ugi=alex	ip=unknown-ip-addr	cmd=get_table : tbl=hive.default.T	
2024-04-24T05:14:09,862  INFO [main] metadata.Hive: Dumping metastore api call timing information for : execution phase
2024-04-24T05:14:09,862  INFO [main] metadata.Hive: Total time spent in each metastore function (ms): {isCompatibleWith_(Configuration)=0}
2024-04-24T05:14:09,862  INFO [main] ql.Driver: Completed executing command(queryId=alex_20240424051409_17a786ec-7e5e-47ef-94ed-4269792200cb); Time taken: 0.003 seconds
2024-04-24T05:14:09,862  INFO [main] lockmgr.DbTxnManager: Stopped heartbeat for query: alex_20240424051409_17a786ec-7e5e-47ef-94ed-4269792200cb
2024-04-24T05:14:09,867  INFO [main] txn.TxnHandler: Expected to move at least one record from txn_components to completed_txn_components when committing txn! txnid:13
2024-04-24T05:14:09,872  INFO [main] txn.TxnHandler: Removed transactions: ([13]) from MIN_HISTORY_LEVEL
2024-04-24T05:14:09,872  WARN [main] txn.CompactionTxnHandler: No compaction queue record found for Compaction type transaction commit. txnId:13
2024-04-24T05:14:09,872  INFO [main] ql.TxnCommandsBaseForTests: Running the query: create table T (a int, b int) stored as orc
2024-04-24T05:14:09,872  INFO [main] ql.Driver: Compiling command(queryId=alex_20240424051409_591da861-5a6d-409c-90ac-08b4950faba4): create table T (a int, b int) stored as orc
2024-04-24T05:14:09,874  INFO [main] txn.TxnHandler: Added entries to MIN_HISTORY_LEVEL for current txns: ([14]) with min_open_txn: 1
2024-04-24T05:14:09,875  INFO [main] lockmgr.DbTxnManager: Opened txnid:14
2024-04-24T05:14:09,875  INFO [main] parse.CalcitePlanner: Starting caching scope for: 
2024-04-24T05:14:09,875  INFO [main] parse.CalcitePlanner: Starting Semantic Analysis
2024-04-24T05:14:09,880  INFO [main] parse.CalcitePlanner: Creating table default.T position=13
2024-04-24T05:14:09,880  INFO [main] parse.CalcitePlanner: Automatically chose to make default.T acid.
2024-04-24T05:14:09,881  INFO [main] HiveMetaStore.audit: ugi=alex	ip=unknown-ip-addr	cmd=get_database: default	
2024-04-24T05:14:09,882  INFO [main] parse.CalcitePlanner: Ending caching scope for: 
2024-04-24T05:14:09,882  INFO [main] ql.Driver: Semantic Analysis Completed (retrial = false)
2024-04-24T05:14:09,882  INFO [main] ql.Driver: Created Hive schema: Schema(fieldSchemas:null, properties:null)
2024-04-24T05:14:09,882  INFO [main] metadata.Hive: Dumping metastore api call timing information for : compilation phase
2024-04-24T05:14:09,882  INFO [main] metadata.Hive: Total time spent in each metastore function (ms): {commitTxn_(CommitTxnRequest)=10, openTxn_(String, TxnType)=2, getValidWriteIds_(List, String)=5, flushCache_()=0, isCompatibleWith_(Configuration)=0, getValidTxns_(long)=0, getDatabase_(String)=0}
2024-04-24T05:14:09,882  INFO [main] ql.Driver: Completed compiling command(queryId=alex_20240424051409_591da861-5a6d-409c-90ac-08b4950faba4); Time taken: 0.01 seconds
2024-04-24T05:14:09,882  INFO [main] lockmgr.DbTxnManager: Setting lock request transaction to txnid:14 for queryId=alex_20240424051409_591da861-5a6d-409c-90ac-08b4950faba4
2024-04-24T05:14:09,883  INFO [main] lockmgr.DbLockManager: Requesting lock for queryId=alex_20240424051409_591da861-5a6d-409c-90ac-08b4950faba4
2024-04-24T05:14:09,898  INFO [main] lockmgr.DbLockManager: Response to queryId=alex_20240424051409_591da861-5a6d-409c-90ac-08b4950faba4 LockResponse(lockid:7, state:ACQUIRED)
2024-04-24T05:14:09,898  INFO [main] ql.Driver: Operation CREATETABLE obtained 1 locks
2024-04-24T05:14:09,898  INFO [main] ql.Driver: Executing command(queryId=alex_20240424051409_591da861-5a6d-409c-90ac-08b4950faba4): create table T (a int, b int) stored as orc
2024-04-24T05:14:09,898  INFO [main] ql.Driver: Starting task [Stage-0:DDL] in serial mode
2024-04-24T05:14:09,899  INFO [main] HiveMetaStore.audit: ugi=alex	ip=unknown-ip-addr	cmd=create_table_req: Table(tableName:T, dbName:default, owner:alex, createTime:1713960849, lastAccessTime:0, retention:0, sd:StorageDescriptor(cols:[FieldSchema(name:a, type:int, comment:null), FieldSchema(name:b, type:int, comment:null)], location:null, inputFormat:org.apache.hadoop.hive.ql.io.orc.OrcInputFormat, outputFormat:org.apache.hadoop.hive.ql.io.orc.OrcOutputFormat, compressed:false, numBuckets:-1, serdeInfo:SerDeInfo(name:null, serializationLib:org.apache.hadoop.hive.ql.io.orc.OrcSerde, parameters:{serialization.format=1}), bucketCols:[], sortCols:[], parameters:{}, skewedInfo:SkewedInfo(skewedColNames:[], skewedColValues:[], skewedColValueLocationMaps:{}), storedAsSubDirectories:false), partitionKeys:[], parameters:{rawDataSize=0, numFiles=0, transactional_properties=default, numFilesErasureCoded=0, transactional=true, bucketing_version=2, COLUMN_STATS_ACCURATE={"BASIC_STATS":"true","COLUMN_STATS":{"a":"true","b":"true"}}, totalSize=0, numRows=0}, viewOriginalText:null, viewExpandedText:null, tableType:MANAGED_TABLE, privileges:PrincipalPrivilegeSet(userPrivileges:{alex=[PrivilegeGrantInfo(privilege:INSERT, createTime:-1, grantor:alex, grantorType:USER, grantOption:true), PrivilegeGrantInfo(privilege:SELECT, createTime:-1, grantor:alex, grantorType:USER, grantOption:true), PrivilegeGrantInfo(privilege:UPDATE, createTime:-1, grantor:alex, grantorType:USER, grantOption:true), PrivilegeGrantInfo(privilege:DELETE, createTime:-1, grantor:alex, grantorType:USER, grantOption:true)]}, groupPrivileges:null, rolePrivileges:null), temporary:false, catName:hive, ownerType:USER, writeId:0)	
2024-04-24T05:14:09,903  INFO [main] utils.FileUtils: Creating directory if it doesn't exist: file:/home/alex/Repositories/hive/ql/target/tmp/org.apache.hadoop.hive.ql.TestTxnCommands-1713960750541/warehouse/t
2024-04-24T05:14:09,930  INFO [main] metadata.Hive: Dumping metastore api call timing information for : execution phase
2024-04-24T05:14:09,930  INFO [main] metadata.Hive: Total time spent in each metastore function (ms): {isCompatibleWith_(Configuration)=1, createTable_(Table)=31}
2024-04-24T05:14:09,930  INFO [main] ql.Driver: Completed executing command(queryId=alex_20240424051409_591da861-5a6d-409c-90ac-08b4950faba4); Time taken: 0.032 seconds
2024-04-24T05:14:09,931  INFO [main] lockmgr.DbTxnManager: Stopped heartbeat for query: alex_20240424051409_591da861-5a6d-409c-90ac-08b4950faba4
2024-04-24T05:14:09,934  INFO [main] txn.TxnHandler: Expected to move at least one record from txn_components to completed_txn_components when committing txn! txnid:14
2024-04-24T05:14:09,939  INFO [main] txn.TxnHandler: Removed transactions: ([14]) from MIN_HISTORY_LEVEL
2024-04-24T05:14:09,939  WARN [main] txn.CompactionTxnHandler: No compaction queue record found for Compaction type transaction commit. txnId:14
2024-04-24T05:14:09,940  INFO [main] ql.TxnCommandsBaseForTests: Running the query: insert into T values(1,2)
2024-04-24T05:14:09,940  INFO [main] ql.Driver: Compiling command(queryId=alex_20240424051409_ea1e4a9a-20d0-4435-b1bb-c73c8367116a): insert into T values(1,2)
2024-04-24T05:14:09,943  INFO [main] txn.TxnHandler: Added entries to MIN_HISTORY_LEVEL for current txns: ([15]) with min_open_txn: 1
2024-04-24T05:14:09,943  INFO [main] lockmgr.DbTxnManager: Opened txnid:15
2024-04-24T05:14:09,944  INFO [main] parse.CalcitePlanner: Starting caching scope for: 
2024-04-24T05:14:09,944  INFO [main] parse.CalcitePlanner: Starting Semantic Analysis
2024-04-24T05:14:09,947  INFO [main] HiveMetaStore.audit: ugi=alex	ip=unknown-ip-addr	cmd=get_table : tbl=hive.default.T	
2024-04-24T05:14:09,975  INFO [main] metastore.HMSHandler: Skipping translation for processor with null
2024-04-24T05:14:09,975  INFO [main] parse.CalcitePlanner: Completed phase 1 of Semantic Analysis
2024-04-24T05:14:09,975  INFO [main] parse.CalcitePlanner: Get metadata for source tables
2024-04-24T05:14:09,975  INFO [main] parse.CalcitePlanner: Get metadata for subqueries
2024-04-24T05:14:09,975  INFO [main] parse.CalcitePlanner: Get metadata for destination tables
2024-04-24T05:14:09,975  INFO [main] HiveMetaStore.audit: ugi=alex	ip=unknown-ip-addr	cmd=get_table : tbl=hive.default.T	
2024-04-24T05:14:09,984  INFO [main] metastore.HMSHandler: Skipping translation for processor with null
2024-04-24T05:14:09,985  INFO [main] parse.CalcitePlanner: Completed getting MetaData in Semantic Analysis
2024-04-24T05:14:09,985  INFO [main] parse.CalcitePlanner: Disabling LLAP IO encode as ETL query is detected
2024-04-24T05:14:10,007  INFO [main] HiveMetaStore.audit: ugi=alex	ip=unknown-ip-addr	cmd=get_all_table_constraints : tbl=hive._dummy_database._dummy_table	
2024-04-24T05:14:10,082  INFO [main] parse.CalcitePlanner: Get metadata for source tables
2024-04-24T05:14:10,082  INFO [main] parse.CalcitePlanner: Get metadata for subqueries
2024-04-24T05:14:10,082  INFO [main] parse.CalcitePlanner: Get metadata for source tables
2024-04-24T05:14:10,082  INFO [main] HiveMetaStore.audit: ugi=alex	ip=unknown-ip-addr	cmd=get_table : tbl=hive._dummy_database._dummy_table	
2024-04-24T05:14:10,085  INFO [main] parse.CalcitePlanner: Get metadata for subqueries
2024-04-24T05:14:10,085  INFO [main] parse.CalcitePlanner: Get metadata for destination tables
2024-04-24T05:14:10,085  INFO [main] parse.CalcitePlanner: Get metadata for destination tables
2024-04-24T05:14:10,085  INFO [main] HiveMetaStore.audit: ugi=alex	ip=unknown-ip-addr	cmd=get_table : tbl=hive.default.T	
2024-04-24T05:14:10,092  INFO [main] metastore.HMSHandler: Skipping translation for processor with null
2024-04-24T05:14:10,094  INFO [main] HiveMetaStore.audit: ugi=alex	ip=unknown-ip-addr	cmd=get_not_null_constraints : tbl=hive.default.t	
2024-04-24T05:14:10,095  INFO [main] HiveMetaStore.audit: ugi=alex	ip=unknown-ip-addr	cmd=get_check_constraints : tbl=hive.default.t	
2024-04-24T05:14:10,104  INFO [main] txn.TxnHandler: Allocated writeId: 1 for txnId: 15
2024-04-24T05:14:10,104  INFO [main] txn.TxnHandler: Allocated write ids for dbName=default, tblName=t (txnIds: [15])
2024-04-24T05:14:10,105  INFO [main] parse.CalcitePlanner: CBO Succeeded; optimized logical plan.
2024-04-24T05:14:10,108  INFO [main] optimizer.BucketVersionPopulator: not considering bucketingVersion for: TS[0] because it has -1<2 buckets 
2024-04-24T05:14:10,109  INFO [main] optimizer.SortedDynPartitionOptimizer: Sorted dynamic partitioning optimization kicked in..
2024-04-24T05:14:10,117  INFO [main] HiveMetaStore.audit: ugi=alex	ip=unknown-ip-addr	cmd=get_table : tbl=hive.default.t	
2024-04-24T05:14:10,124  INFO [main] metastore.HMSHandler: Skipping translation for processor with null
2024-04-24T05:14:10,125  INFO [main] physical.Vectorizer: Examining input format to see if vectorization is enabled.
2024-04-24T05:14:10,125  INFO [main] physical.Vectorizer: Map vectorization enabled: false
2024-04-24T05:14:10,125  INFO [main] physical.Vectorizer: Map vectorized: false
2024-04-24T05:14:10,125  INFO [main] physical.Vectorizer: Map vectorizedVertexNum: 0
2024-04-24T05:14:10,125  INFO [main] physical.Vectorizer: Map enabledConditionsMet: [hive.vectorized.use.vectorized.input.format IS true]
2024-04-24T05:14:10,125  INFO [main] physical.Vectorizer: Map enabledConditionsNotMet: [Could not enable vectorization due to partition column names size 1 is greater than the number of table column names size 0 IS false]
2024-04-24T05:14:10,125  INFO [main] physical.Vectorizer: Map inputFileFormatClassNameSet: [org.apache.hadoop.hive.ql.io.NullRowsInputFormat]
2024-04-24T05:14:10,125  INFO [main] parse.CalcitePlanner: Completed plan generation
2024-04-24T05:14:10,125  INFO [main] parse.CalcitePlanner: Ending caching scope for: 
2024-04-24T05:14:10,125  INFO [main] ql.Driver: Semantic Analysis Completed (retrial = false)
2024-04-24T05:14:10,125  INFO [main] ql.Driver: Created Hive schema: Schema(fieldSchemas:[FieldSchema(name:col1, type:int, comment:null), FieldSchema(name:col2, type:int, comment:null)], properties:null)
2024-04-24T05:14:10,126  INFO [main] metadata.Hive: Dumping metastore api call timing information for : compilation phase
2024-04-24T05:14:10,126  INFO [main] metadata.Hive: Total time spent in each metastore function (ms): {flushCache_()=0, getNotNullConstraints_(NotNullConstraintsRequest)=1, getValidTxns_(long)=1, getValidWriteIds_(List, String)=4, isCompatibleWith_(Configuration)=1, openTxn_(String, TxnType)=2, getCheckConstraints_(CheckConstraintsRequest)=1, getTable_(GetTableRequest)=52, allocateTableWriteId_(long, String, String)=9, getAllTableConstraints_(AllTableConstraintsRequest)=28, commitTxn_(CommitTxnRequest)=8}
2024-04-24T05:14:10,126  INFO [main] ql.Driver: Completed compiling command(queryId=alex_20240424051409_ea1e4a9a-20d0-4435-b1bb-c73c8367116a); Time taken: 0.186 seconds
2024-04-24T05:14:10,126  INFO [main] lockmgr.DbTxnManager: Setting lock request transaction to txnid:15 for queryId=alex_20240424051409_ea1e4a9a-20d0-4435-b1bb-c73c8367116a
2024-04-24T05:14:10,126  INFO [main] lockmgr.DbLockManager: Requesting lock for queryId=alex_20240424051409_ea1e4a9a-20d0-4435-b1bb-c73c8367116a
2024-04-24T05:14:10,143  INFO [main] lockmgr.DbLockManager: Response to queryId=alex_20240424051409_ea1e4a9a-20d0-4435-b1bb-c73c8367116a LockResponse(lockid:8, state:ACQUIRED)
2024-04-24T05:14:10,143  INFO [main] ql.Driver: Operation QUERY obtained 1 locks
2024-04-24T05:14:10,145  INFO [main] ql.Driver: Executing command(queryId=alex_20240424051409_ea1e4a9a-20d0-4435-b1bb-c73c8367116a): insert into T values(1,2)
2024-04-24T05:14:10,146  WARN [main] ql.Driver: Hive-on-MR is deprecated in Hive 2 and may not be available in the future versions. Consider using a different execution engine (i.e. tez, spark) or using Hive 1.X releases.
Query ID = alex_20240424051409_ea1e4a9a-20d0-4435-b1bb-c73c8367116a
2024-04-24T05:14:10,146  INFO [main] ql.Driver: Query ID = alex_20240424051409_ea1e4a9a-20d0-4435-b1bb-c73c8367116a
Total jobs = 1
2024-04-24T05:14:10,146  INFO [main] ql.Driver: Total jobs = 1
Launching Job 1 out of 1
2024-04-24T05:14:10,146  INFO [main] ql.Driver: Launching Job 1 out of 1
2024-04-24T05:14:10,294  INFO [main] ql.Driver: Starting task [Stage-1:MAPRED] in serial mode
Number of reduce tasks is set to 0 since there's no reduce operator
2024-04-24T05:14:10,294  INFO [main] exec.Task: Number of reduce tasks is set to 0 since there's no reduce operator
2024-04-24T05:14:10,297  INFO [main] mr.ExecDriver: Using org.apache.hadoop.hive.ql.io.HiveInputFormat
2024-04-24T05:14:10,297  INFO [main] exec.Utilities: Processing alias $hdt$_0:_dummy_table
2024-04-24T05:14:10,297  INFO [main] exec.Utilities: Adding 1 inputs; the first input is file:/home/alex/Repositories/hive/ql/target/tmp/localscratchdir/b38d9608-cc76-47e2-b2ce-4b0567a3fa34/hive_2024-04-24_05-14-09_940_1894012694341426456-1/dummy_path
2024-04-24T05:14:10,307  INFO [main] exec.SerializationUtilities: Serializing MapWork using kryo
2024-04-24T05:14:10,308  INFO [main] exec.Utilities: Serialized plan (via FILE) - name: null size: 5,67KB
2024-04-24T05:14:10,309  WARN [main] impl.MetricsSystemImpl: JobTracker metrics system already initialized!
2024-04-24T05:14:10,314  INFO [main] fs.FSStatsPublisher: created : file:/home/alex/Repositories/hive/ql/target/tmp/localscratchdir/b38d9608-cc76-47e2-b2ce-4b0567a3fa34/hive_2024-04-24_05-14-09_940_1894012694341426456-1/-mr-10000
2024-04-24T05:14:10,317  WARN [main] impl.MetricsSystemImpl: JobTracker metrics system already initialized!
2024-04-24T05:14:10,325  WARN [main] mapreduce.JobResourceUploader: Hadoop command-line option parsing not performed. Implement the Tool interface and execute your application with ToolRunner to remedy this.
2024-04-24T05:14:10,330  WARN [main] mapreduce.JobResourceUploader: No job jar file set.  User classes may not be found. See Job or Job#setJar(String).
2024-04-24T05:14:10,331  INFO [main] io.HiveInputFormat: hive.io.file.readcolumn.ids = 
2024-04-24T05:14:10,331  INFO [main] io.HiveInputFormat: hive.io.file.readcolumn.names = 
2024-04-24T05:14:10,331  INFO [main] io.HiveInputFormat: Generating splits for dirs: file:/home/alex/Repositories/hive/ql/target/tmp/localscratchdir/b38d9608-cc76-47e2-b2ce-4b0567a3fa34/hive_2024-04-24_05-14-09_940_1894012694341426456-1/dummy_path
2024-04-24T05:14:10,332  INFO [main] io.HiveInputFormat: number of splits 1
2024-04-24T05:14:10,365  INFO [main] mapreduce.JobSubmitter: number of splits:1
2024-04-24T05:14:10,385  INFO [main] mapreduce.JobSubmitter: Submitting tokens for job: job_local44362033_0034
2024-04-24T05:14:10,385  INFO [main] mapreduce.JobSubmitter: Executing with tokens: []
2024-04-24T05:14:10,444  INFO [main] mapreduce.Job: The url to track the job: http://localhost:8080/
Job running in-process (local Hadoop)
2024-04-24T05:14:10,444  INFO [main] exec.Task: Job running in-process (local Hadoop)
2024-04-24T05:14:10,444  INFO [Thread-2804] mapred.LocalJobRunner: OutputCommitter set in config org.apache.hadoop.hive.ql.io.HiveFileFormatUtils$NullOutputCommitter
2024-04-24T05:14:10,445  INFO [Thread-2804] mapred.LocalJobRunner: OutputCommitter is org.apache.hadoop.hive.ql.io.HiveFileFormatUtils$NullOutputCommitter
2024-04-24T05:14:10,446  INFO [Thread-2804] mapred.LocalJobRunner: Waiting for map tasks
2024-04-24T05:14:10,446  INFO [LocalJobRunner Map Task Executor #0] mapred.LocalJobRunner: Starting task: attempt_local44362033_0034_m_000000_0
2024-04-24T05:14:10,449  INFO [LocalJobRunner Map Task Executor #0] mapred.Task:  Using ResourceCalculatorProcessTree : [ ]
2024-04-24T05:14:10,449  INFO [LocalJobRunner Map Task Executor #0] mapred.MapTask: Processing split: org.apache.hadoop.hive.ql.io.NullRowsInputFormat:file:/home/alex/Repositories/hive/ql/target/tmp/localscratchdir/b38d9608-cc76-47e2-b2ce-4b0567a3fa34/hive_2024-04-24_05-14-09_940_1894012694341426456-1/dummy_path/null:0+1
2024-04-24T05:14:10,451  INFO [LocalJobRunner Map Task Executor #0] exec.SerializationUtilities: Deserializing MapWork using kryo
2024-04-24T05:14:10,452  INFO [LocalJobRunner Map Task Executor #0] exec.Utilities: Deserialized plan (via FILE) - name: null size: 5,67KB
2024-04-24T05:14:10,452  INFO [LocalJobRunner Map Task Executor #0] mapred.MapTask: numReduceTasks: 0
2024-04-24T05:14:10,454  INFO [LocalJobRunner Map Task Executor #0] exec.MapOperator: Initializing Operator: MAP[0]
2024-04-24T05:14:10,454  INFO [LocalJobRunner Map Task Executor #0] mr.ExecMapper: 
<MAP>Id =0
  <Children>null
  <\Children>
  <Parent><\Parent>
<\MAP>
2024-04-24T05:14:10,456  INFO [LocalJobRunner Map Task Executor #0] exec.TableScanOperator: Initializing Operator: TS[0]
2024-04-24T05:14:10,456  INFO [LocalJobRunner Map Task Executor #0] exec.SelectOperator: Initializing Operator: SEL[1]
2024-04-24T05:14:10,456  INFO [LocalJobRunner Map Task Executor #0] exec.SelectOperator: SELECT null
2024-04-24T05:14:10,456  INFO [LocalJobRunner Map Task Executor #0] exec.UDTFOperator: Initializing Operator: UDTF[2]
2024-04-24T05:14:10,456  INFO [LocalJobRunner Map Task Executor #0] exec.SelectOperator: Initializing Operator: SEL[3]
2024-04-24T05:14:10,456  INFO [LocalJobRunner Map Task Executor #0] exec.SelectOperator: SELECT struct<col1:int,col2:int>
2024-04-24T05:14:10,456  INFO [LocalJobRunner Map Task Executor #0] exec.FileSinkOperator: Initializing Operator: FS[4]
2024-04-24T05:14:10,456  INFO [LocalJobRunner Map Task Executor #0] exec.FileSinkOperator: Using serializer : AbstractSerDe [log=org.apache.logging.slf4j.Log4jLogger@a925655, configuration=Optional[Configuration: core-default.xml, core-site.xml, mapred-default.xml, mapred-site.xml, yarn-default.xml, yarn-site.xml, hdfs-default.xml, hdfs-site.xml, file:/home/alex/Repositories/hive/ql/target/tmp/TestTxnCommandsWithSplitUpdateAndVectorization/mapred/local/localRunner/alex/job_local44362033_0034/job_local44362033_0034.xml], properties={transactional_properties=default, name=default.t, transactional=true, columns.types=int:int, columns=a,b, numFilesErasureCoded=0, columns.comments=&amp#0;, bucketing_version=2, serialization.lib=org.apache.hadoop.hive.ql.io.orc.OrcSerde, file.inputformat=org.apache.hadoop.hive.ql.io.orc.OrcInputFormat, file.outputformat=org.apache.hadoop.hive.ql.io.orc.OrcOutputFormat, location=file:/home/alex/Repositories/hive/ql/target/tmp/org.apache.hadoop.hive.ql.TestTxnCommands-1713960750541/warehouse/t, column.name.delimiter=,}, tableProperties={transactional_properties=default, name=default.t, transactional=true, columns.types=int:int, columns=a,b, numFilesErasureCoded=0, columns.comments=&amp#0;, bucketing_version=2, serialization.lib=org.apache.hadoop.hive.ql.io.orc.OrcSerde, file.inputformat=org.apache.hadoop.hive.ql.io.orc.OrcInputFormat, location=file:/home/alex/Repositories/hive/ql/target/tmp/org.apache.hadoop.hive.ql.TestTxnCommands-1713960750541/warehouse/t, file.outputformat=org.apache.hadoop.hive.ql.io.orc.OrcOutputFormat, column.name.delimiter=,}, partitionProperties=Optional.empty, columnNames=[a, b], columnTypes=[int, int], getClass()=class org.apache.hadoop.hive.ql.io.orc.OrcSerde] and formatter : org.apache.hadoop.hive.ql.io.orc.OrcOutputFormat@3c3e720c
2024-04-24T05:14:10,457  INFO [LocalJobRunner Map Task Executor #0] exec.FileSinkOperator: Final Path: FS file:/home/alex/Repositories/hive/ql/target/tmp/org.apache.hadoop.hive.ql.TestTxnCommands-1713960750541/warehouse/t
2024-04-24T05:14:10,457  INFO [LocalJobRunner Map Task Executor #0] exec.FileSinkOperator: New Final Path: FS file:/home/alex/Repositories/hive/ql/target/tmp/org.apache.hadoop.hive.ql.TestTxnCommands-1713960750541/warehouse/t
2024-04-24T05:14:10,457  INFO [LocalJobRunner Map Task Executor #0] common.FileUtils: Creating directory if it doesn't exist: file:/home/alex/Repositories/hive/ql/target/tmp/org.apache.hadoop.hive.ql.TestTxnCommands-1713960750541/warehouse
2024-04-24T05:14:10,459  INFO [LocalJobRunner Map Task Executor #0] exec.FileSinkOperator: FS[4]: records written - 1
2024-04-24T05:14:10,459  INFO [LocalJobRunner Map Task Executor #0] impl.PhysicalFsWriter: ORC writer created for path: file:/home/alex/Repositories/hive/ql/target/tmp/org.apache.hadoop.hive.ql.TestTxnCommands-1713960750541/warehouse/t/delta_0000001_0000001_0000/bucket_00000_0 with stripeSize: 8388608 blockSize: 268435456 compression: Compress: ZLIB buffer: 32768
2024-04-24T05:14:10,466  INFO [LocalJobRunner Map Task Executor #0] impl.WriterImpl: ORC writer created for path: file:/home/alex/Repositories/hive/ql/target/tmp/org.apache.hadoop.hive.ql.TestTxnCommands-1713960750541/warehouse/t/delta_0000001_0000001_0000/bucket_00000_0 with stripeSize: 8388608 options: Compress: ZLIB buffer: 32768
2024-04-24T05:14:10,466  INFO [LocalJobRunner Map Task Executor #0] exec.MapOperator: MAP[0]: records read - 1
2024-04-24T05:14:10,466  INFO [LocalJobRunner Map Task Executor #0] exec.MapOperator: Closing Operator: MAP[0]
2024-04-24T05:14:10,466  INFO [LocalJobRunner Map Task Executor #0] exec.MapOperator: MAP[0]: Total records read - 3. abort - false
2024-04-24T05:14:10,466  INFO [LocalJobRunner Map Task Executor #0] exec.MapOperator: DESERIALIZE_ERRORS:0, RECORDS_IN:3, RECORDS_OUT_INTERMEDIATE:0, RECORDS_OUT_OPERATOR_MAP_0:0, 
2024-04-24T05:14:10,466  INFO [LocalJobRunner Map Task Executor #0] exec.TableScanOperator: Closing Operator: TS[0]
2024-04-24T05:14:10,466  INFO [LocalJobRunner Map Task Executor #0] exec.TableScanOperator: RECORDS_OUT_OPERATOR_TS_0:1, RECORDS_OUT_INTERMEDIATE:0, 
2024-04-24T05:14:10,467  INFO [LocalJobRunner Map Task Executor #0] exec.SelectOperator: Closing Operator: SEL[1]
2024-04-24T05:14:10,467  INFO [LocalJobRunner Map Task Executor #0] exec.SelectOperator: RECORDS_OUT_INTERMEDIATE:0, RECORDS_OUT_OPERATOR_SEL_1:1, 
2024-04-24T05:14:10,467  INFO [LocalJobRunner Map Task Executor #0] exec.UDTFOperator: Closing Operator: UDTF[2]
2024-04-24T05:14:10,467  INFO [LocalJobRunner Map Task Executor #0] exec.UDTFOperator: RECORDS_OUT_INTERMEDIATE:0, RECORDS_OUT_OPERATOR_UDTF_2:1, 
2024-04-24T05:14:10,467  INFO [LocalJobRunner Map Task Executor #0] exec.SelectOperator: Closing Operator: SEL[3]
2024-04-24T05:14:10,467  INFO [LocalJobRunner Map Task Executor #0] exec.SelectOperator: RECORDS_OUT_INTERMEDIATE:0, RECORDS_OUT_OPERATOR_SEL_3:1, 
2024-04-24T05:14:10,467  INFO [LocalJobRunner Map Task Executor #0] exec.FileSinkOperator: Closing Operator: FS[4]
2024-04-24T05:14:10,467  INFO [LocalJobRunner Map Task Executor #0] exec.FileSinkOperator: FS[4]: records written - 1
2024-04-24T05:14:10,469  INFO [LocalJobRunner Map Task Executor #0] FileOperations: Writing manifest to file:/home/alex/Repositories/hive/ql/target/tmp/org.apache.hadoop.hive.ql.TestTxnCommands-1713960750541/warehouse/t/_tmp.delta_0000001_0000001_0000/000000_0.manifest with [file:/home/alex/Repositories/hive/ql/target/tmp/org.apache.hadoop.hive.ql.TestTxnCommands-1713960750541/warehouse/t/delta_0000001_0000001_0000/bucket_00000_0]
2024-04-24T05:14:10,480  INFO [LocalJobRunner Map Task Executor #0] exec.FileSinkOperator: RECORDS_OUT_OPERATOR_FS_4:1, RECORDS_OUT_1_default.t:1, TOTAL_TABLE_ROWS_WRITTEN:1, RECORDS_OUT_INTERMEDIATE:0, 
2024-04-24T05:14:10,481  INFO [LocalJobRunner Map Task Executor #0] mapred.LocalJobRunner: 
2024-04-24T05:14:10,483  INFO [LocalJobRunner Map Task Executor #0] mapred.Task: Task:attempt_local44362033_0034_m_000000_0 is done. And is in the process of committing
2024-04-24T05:14:10,483  INFO [LocalJobRunner Map Task Executor #0] mapred.LocalJobRunner: map
2024-04-24T05:14:10,483  INFO [LocalJobRunner Map Task Executor #0] mapred.Task: Task 'attempt_local44362033_0034_m_000000_0' done.
2024-04-24T05:14:10,483  INFO [LocalJobRunner Map Task Executor #0] mapred.Task: Final Counters for attempt_local44362033_0034_m_000000_0: Counters: 27
	File System Counters
		FILE: Number of bytes read=741007
		FILE: Number of bytes written=42617664
		FILE: Number of read operations=0
		FILE: Number of large read operations=0
		FILE: Number of write operations=0
	Map-Reduce Framework
		Map input records=4
		Map output records=0
		Input split bytes=361
		Spilled Records=0
		Failed Shuffles=0
		Merged Map outputs=0
		GC time elapsed (ms)=0
		Total committed heap usage (bytes)=1246232576
	HIVE
		CREATED_FILES=1
		DESERIALIZE_ERRORS=0
		RECORDS_IN=3
		RECORDS_OUT_1_default.t=1
		RECORDS_OUT_INTERMEDIATE=0
		RECORDS_OUT_OPERATOR_FS_4=1
		RECORDS_OUT_OPERATOR_MAP_0=0
		RECORDS_OUT_OPERATOR_SEL_1=1
		RECORDS_OUT_OPERATOR_SEL_3=1
		RECORDS_OUT_OPERATOR_TS_0=1
		RECORDS_OUT_OPERATOR_UDTF_2=1
		TOTAL_TABLE_ROWS_WRITTEN=1
	File Input Format Counters 
		Bytes Read=5726
	File Output Format Counters 
		Bytes Written=0
2024-04-24T05:14:10,483  INFO [LocalJobRunner Map Task Executor #0] mapred.LocalJobRunner: Finishing task: attempt_local44362033_0034_m_000000_0
2024-04-24T05:14:10,483  INFO [Thread-2804] mapred.LocalJobRunner: map task executor complete.
2024-04-24 05:14:11,446 Stage-1 map = 100%,  reduce = 0%
2024-04-24T05:14:11,446  INFO [main] exec.Task: 2024-04-24 05:14:11,446 Stage-1 map = 100%,  reduce = 0%
Ended Job = job_local44362033_0034
2024-04-24T05:14:11,447  INFO [main] exec.Task: Ended Job = job_local44362033_0034
2024-04-24T05:14:11,449  INFO [main] FileOperations: Found manifest file file:/home/alex/Repositories/hive/ql/target/tmp/org.apache.hadoop.hive.ql.TestTxnCommands-1713960750541/warehouse/t/_tmp.delta_0000001_0000001_0000/000000_0.manifest with attemptId 0.
2024-04-24T05:14:11,449  INFO [main] FileOperations: Looking at manifest file: file:/home/alex/Repositories/hive/ql/target/tmp/org.apache.hadoop.hive.ql.TestTxnCommands-1713960750541/warehouse/t/_tmp.delta_0000001_0000001_0000/000000_0.manifest
2024-04-24T05:14:11,449  INFO [main] FileOperations: Deleting manifest directory file:/home/alex/Repositories/hive/ql/target/tmp/org.apache.hadoop.hive.ql.TestTxnCommands-1713960750541/warehouse/t/_tmp.delta_0000001_0000001_0000
2024-04-24T05:14:11,451  INFO [main] ql.Driver: Starting task [Stage-0:MOVE] in serial mode
Loading data to table default.t
2024-04-24T05:14:11,451  INFO [main] exec.Task: Loading data to table default.t from file:/home/alex/Repositories/hive/ql/target/tmp/org.apache.hadoop.hive.ql.TestTxnCommands-1713960750541/warehouse/t
2024-04-24T05:14:11,451  INFO [main] HiveMetaStore.audit: ugi=alex	ip=unknown-ip-addr	cmd=get_table : tbl=hive.default.t	
2024-04-24T05:14:11,458  INFO [main] metastore.HMSHandler: Skipping translation for processor with null
2024-04-24T05:14:11,458  INFO [main] HiveMetaStore.audit: ugi=alex	ip=unknown-ip-addr	cmd=get_table : tbl=hive.default.t	
2024-04-24T05:14:11,464  INFO [main] metastore.HMSHandler: Skipping translation for processor with null
2024-04-24T05:14:11,464  INFO [main] HiveMetaStore.audit: ugi=alex	ip=unknown-ip-addr	cmd=alter_table: hive.default.t newtbl=t	
2024-04-24T05:14:11,493  INFO [main] ql.Driver: Starting task [Stage-2:STATS] in serial mode
2024-04-24T05:14:11,493  INFO [main] HiveMetaStore.audit: ugi=alex	ip=unknown-ip-addr	cmd=get_table : tbl=hive.default.t	
2024-04-24T05:14:11,499  INFO [main] metastore.HMSHandler: Skipping translation for processor with null
2024-04-24T05:14:11,499  INFO [main] stats.BasicStatsTask: Executing stats task
2024-04-24T05:14:11,500  INFO [main] fs.FSStatsPublisher: created : file:/home/alex/Repositories/hive/ql/target/tmp/localscratchdir/b38d9608-cc76-47e2-b2ce-4b0567a3fa34/hive_2024-04-24_05-14-09_940_1894012694341426456-1/-mr-10000
2024-04-24T05:14:11,500  INFO [main] HiveMetaStore.audit: ugi=alex	ip=unknown-ip-addr	cmd=get_table : tbl=hive.default.t	
2024-04-24T05:14:11,507  INFO [main] metastore.HMSHandler: Skipping translation for processor with null
2024-04-24T05:14:11,512  WARN [main] FileOperations: Computing stats for an ACID table; stats may be inaccurate
2024-04-24T05:14:11,512  INFO [main] FileOperations: Read stats for default.t/, numRows, true, 1, false: 
2024-04-24T05:14:11,513  INFO [main] FileOperations: Read stats for default.t/, rawDataSize, true, 0, false: 
2024-04-24T05:14:11,513  INFO [main] HiveMetaStore.audit: ugi=alex	ip=unknown-ip-addr	cmd=alter_table: hive.default.t newtbl=t	
2024-04-24T05:14:11,533  INFO [main] FileOperations: Read stats for default.t/, insertCount, true, 1, false: 
2024-04-24T05:14:11,533  INFO [main] FileOperations: Read stats for default.t/, updateCount, true, 0, false: 
2024-04-24T05:14:11,533  INFO [main] FileOperations: Read stats for default.t/, deleteCount, true, 0, false: 
2024-04-24T05:14:11,535  INFO [main] stats.BasicStatsTask: Table default.t stats: [numFiles=1, numRows=1, totalSize=666, rawDataSize=0, numFilesErasureCoded=0]
2024-04-24T05:14:11,535  INFO [main] metadata.Hive: Dumping metastore api call timing information for : execution phase
2024-04-24T05:14:11,535  INFO [main] metadata.Hive: Total time spent in each metastore function (ms): {updateTransactionalStatistics_(UpdateTransactionalStatsRequest)=2, getTable_(GetTableRequest)=26, isCompatibleWith_(Configuration)=0, alter_table_(String, String, String, Table, EnvironmentContext, String)=49}
MapReduce Jobs Launched: 
2024-04-24T05:14:11,536  INFO [main] ql.Driver: MapReduce Jobs Launched: 
Stage-Stage-1:  HDFS Read: 0 HDFS Write: 0 SUCCESS
2024-04-24T05:14:11,536  INFO [main] ql.Driver: Stage-Stage-1:  HDFS Read: 0 HDFS Write: 0 SUCCESS
Total MapReduce CPU Time Spent: 0 msec
2024-04-24T05:14:11,536  INFO [main] ql.Driver: Total MapReduce CPU Time Spent: 0 msec
2024-04-24T05:14:11,536  INFO [main] ql.Driver: Completed executing command(queryId=alex_20240424051409_ea1e4a9a-20d0-4435-b1bb-c73c8367116a); Time taken: 1.39 seconds
2024-04-24T05:14:11,536  INFO [main] lockmgr.DbTxnManager: Stopped heartbeat for query: alex_20240424051409_ea1e4a9a-20d0-4435-b1bb-c73c8367116a
2024-04-24T05:14:11,544  INFO [main] txn.TxnHandler: Removed transactions: ([15]) from MIN_HISTORY_LEVEL
2024-04-24T05:14:11,544  WARN [main] txn.CompactionTxnHandler: No compaction queue record found for Compaction type transaction commit. txnId:15
2024-04-24T05:14:11,545  INFO [main] ql.TxnCommandsBaseForTests: Running the query: update T set a=3 where b=2
2024-04-24T05:14:11,545  INFO [main] ql.Context: Deleting scratch dir: file:/home/alex/Repositories/hive/ql/target/tmp/localscratchdir/b38d9608-cc76-47e2-b2ce-4b0567a3fa34/hive_2024-04-24_05-14-09_940_1894012694341426456-1
2024-04-24T05:14:11,546  INFO [main] cleanup.SyncCleanupService: Deleted directory: file:/home/alex/Repositories/hive/ql/target/tmp/localscratchdir/b38d9608-cc76-47e2-b2ce-4b0567a3fa34/hive_2024-04-24_05-14-09_940_1894012694341426456-1 on fs with scheme file
2024-04-24T05:14:11,546  INFO [main] ql.Driver: Compiling command(queryId=alex_20240424051411_13a5abdf-8c7b-4d57-89e0-5657e5292696): update T set a=3 where b=2
2024-04-24T05:14:11,549  INFO [main] txn.TxnHandler: Added entries to MIN_HISTORY_LEVEL for current txns: ([16]) with min_open_txn: 16
2024-04-24T05:14:11,549  INFO [main] lockmgr.DbTxnManager: Opened txnid:16
2024-04-24T05:14:11,550  INFO [main] parse.UpdateDeleteSemanticAnalyzer: Starting caching scope for: 
2024-04-24T05:14:11,550  INFO [main] HiveMetaStore.audit: ugi=alex	ip=unknown-ip-addr	cmd=get_table : tbl=hive.default.T	
2024-04-24T05:14:11,556  INFO [main] metastore.HMSHandler: Skipping translation for processor with null
2024-04-24T05:14:11,557  INFO [main] parse.RewriteSemanticAnalyzer: Going to reparse <update T set a=3 where b=2> as 
<insert into table `default`.`T` select ROW__ID,`a`,`b` from `default`.`T` sort by ROW__ID >
2024-04-24T05:14:11,557  INFO [main] parse.UpdateDeleteSemanticAnalyzer: Starting Semantic Analysis
2024-04-24T05:14:11,561  INFO [main] HiveMetaStore.audit: ugi=alex	ip=unknown-ip-addr	cmd=get_table : tbl=hive.default.T	
2024-04-24T05:14:11,568  INFO [main] metastore.HMSHandler: Skipping translation for processor with null
2024-04-24T05:14:11,568  INFO [main] parse.UpdateDeleteSemanticAnalyzer: Completed phase 1 of Semantic Analysis
2024-04-24T05:14:11,568  INFO [main] parse.UpdateDeleteSemanticAnalyzer: Get metadata for source tables
2024-04-24T05:14:11,569  INFO [main] HiveMetaStore.audit: ugi=alex	ip=unknown-ip-addr	cmd=get_table : tbl=hive.default.t	
2024-04-24T05:14:11,575  INFO [main] metastore.HMSHandler: Skipping translation for processor with null
2024-04-24T05:14:11,575  INFO [main] parse.UpdateDeleteSemanticAnalyzer: Get metadata for subqueries
2024-04-24T05:14:11,575  INFO [main] parse.UpdateDeleteSemanticAnalyzer: Get metadata for destination tables
2024-04-24T05:14:11,575  INFO [main] HiveMetaStore.audit: ugi=alex	ip=unknown-ip-addr	cmd=get_table : tbl=hive.default.T	
2024-04-24T05:14:11,583  INFO [main] metastore.HMSHandler: Skipping translation for processor with null
2024-04-24T05:14:11,583  INFO [main] parse.UpdateDeleteSemanticAnalyzer: Completed getting MetaData in Semantic Analysis
2024-04-24T05:14:11,583  INFO [main] parse.UpdateDeleteSemanticAnalyzer: Disabling LLAP IO encode as ETL query is detected
2024-04-24T05:14:11,595  INFO [main] HiveMetaStore.audit: ugi=alex	ip=unknown-ip-addr	cmd=get_all_table_constraints : tbl=hive.default.t	
2024-04-24T05:14:11,602  INFO [main] HiveMetaStore.audit: ugi=alex	ip=unknown-ip-addr	cmd=get_not_null_constraints : tbl=hive.default.t	
2024-04-24T05:14:11,603  INFO [main] HiveMetaStore.audit: ugi=alex	ip=unknown-ip-addr	cmd=get_check_constraints : tbl=hive.default.t	
2024-04-24T05:14:11,628  INFO [main] calcite.RelOptHiveTable: Calculating column statistics for default.t, projIndxSet: [1], allowMissingStats: true
2024-04-24T05:14:11,628  INFO [main] HiveMetaStore.audit: ugi=alex	ip=unknown-ip-addr	cmd=get_table : tbl=hive.default.t	
2024-04-24T05:14:11,637  INFO [main] metastore.HMSHandler: Skipping translation for processor with null
2024-04-24T05:14:11,638  INFO [main] HiveMetaStore.audit: ugi=alex	ip=unknown-ip-addr	cmd=get_table : tbl=hive.default.t	
2024-04-24T05:14:11,647  INFO [main] metastore.HMSHandler: Skipping translation for processor with null
2024-04-24T05:14:11,647  INFO [main] HiveMetaStore.audit: ugi=alex	ip=unknown-ip-addr	cmd=get_table_statistics_req: table=hive.default.t	
2024-04-24T05:14:11,656  WARN [main] calcite.RelOptHiveTable: No Stats for default@t, Columns: b
No Stats for default@t, Columns: b
2024-04-24T05:14:11,656  INFO [main] SessionState: No Stats for default@t, Columns: b
2024-04-24T05:14:11,716  INFO [main] parse.UpdateDeleteSemanticAnalyzer: Get metadata for source tables
2024-04-24T05:14:11,716  INFO [main] parse.UpdateDeleteSemanticAnalyzer: Get metadata for subqueries
2024-04-24T05:14:11,717  INFO [main] parse.UpdateDeleteSemanticAnalyzer: Get metadata for destination tables
2024-04-24T05:14:11,717  INFO [main] HiveMetaStore.audit: ugi=alex	ip=unknown-ip-addr	cmd=get_table : tbl=hive.default.T	
2024-04-24T05:14:11,724  INFO [main] metastore.HMSHandler: Skipping translation for processor with null
2024-04-24T05:14:11,726 ERROR [main] parse.UpdateDeleteSemanticAnalyzer: CBO failed, skipping CBO. 
org.apache.hadoop.hive.ql.exec.NoMatchingMethodException: No matching method for class org.apache.hadoop.hive.ql.udf.UDFToInteger with (struct<writeid:bigint,bucketid:int,rowid:bigint>). Possible choices: _FUNC_(bigint)  _FUNC_(boolean)  _FUNC_(decimal(38,18))  _FUNC_(double)  _FUNC_(float)  _FUNC_(smallint)  _FUNC_(string)  _FUNC_(struct<writeid:bigint,rowid:int,bucketid:bigint>)  _FUNC_(timestamp)  _FUNC_(tinyint)  _FUNC_(void)  
	at org.apache.hadoop.hive.ql.exec.MethodUtils.getMethodInternal(MethodUtils.java:130) ~[classes/:?]
	at org.apache.hadoop.hive.ql.exec.MethodUtils.getMethodInternal(MethodUtils.java:60) ~[classes/:?]
	at org.apache.hadoop.hive.ql.exec.DefaultUDFMethodResolver.getEvalMethod(DefaultUDFMethodResolver.java:59) ~[classes/:?]
	at org.apache.hadoop.hive.ql.udf.TimestampCastRestrictorResolver.getEvalMethod(TimestampCastRestrictorResolver.java:68) ~[classes/:?]
	at org.apache.hadoop.hive.ql.udf.generic.GenericUDFBridge.initialize(GenericUDFBridge.java:168) ~[classes/:?]
	at org.apache.hadoop.hive.ql.udf.generic.GenericUDF.initializeAndFoldConstants(GenericUDF.java:149) ~[classes/:?]
	at org.apache.hadoop.hive.ql.plan.ExprNodeGenericFuncDesc.newInstance(ExprNodeGenericFuncDesc.java:235) ~[classes/:?]
	at org.apache.hadoop.hive.ql.parse.type.ExprNodeDescExprFactory.createFuncCallExpr(ExprNodeDescExprFactory.java:584) ~[classes/:?]
	at org.apache.hadoop.hive.ql.parse.type.ExprNodeDescExprFactory.createFuncCallExpr(ExprNodeDescExprFactory.java:97) ~[classes/:?]
	at org.apache.hadoop.hive.ql.parse.type.TypeCheckProcFactory$DefaultExprProcessor.getFuncExprNodeDescWithUdfData(TypeCheckProcFactory.java:762) ~[classes/:?]
	at org.apache.hadoop.hive.ql.parse.type.TypeCheckProcFactory$DefaultExprProcessor.createConversionCast(TypeCheckProcFactory.java:783) ~[classes/:?]
	at org.apache.hadoop.hive.ql.parse.SemanticAnalyzer.getPartitionColsFromBucketColsForUpdateDelete(SemanticAnalyzer.java:8725) ~[classes/:?]
	at org.apache.hadoop.hive.ql.parse.SemanticAnalyzer.genBucketingSortingDest(SemanticAnalyzer.java:6914) ~[classes/:?]
	at org.apache.hadoop.hive.ql.parse.SemanticAnalyzer.genFileSinkPlan(SemanticAnalyzer.java:7335) ~[classes/:?]
	at org.apache.hadoop.hive.ql.parse.SemanticAnalyzer.genPostGroupByBodyPlan(SemanticAnalyzer.java:11063) ~[classes/:?]
	at org.apache.hadoop.hive.ql.parse.SemanticAnalyzer.genBodyPlan(SemanticAnalyzer.java:10938) ~[classes/:?]
	at org.apache.hadoop.hive.ql.parse.SemanticAnalyzer.genPlan(SemanticAnalyzer.java:11853) ~[classes/:?]
	at org.apache.hadoop.hive.ql.parse.SemanticAnalyzer.genPlan(SemanticAnalyzer.java:11723) ~[classes/:?]
	at org.apache.hadoop.hive.ql.parse.CalcitePlanner.genOPTree(CalcitePlanner.java:626) ~[classes/:?]
	at org.apache.hadoop.hive.ql.parse.SemanticAnalyzer.analyzeInternal(SemanticAnalyzer.java:12558) ~[classes/:?]
	at org.apache.hadoop.hive.ql.parse.CalcitePlanner.analyzeInternal(CalcitePlanner.java:456) ~[classes/:?]
	at org.apache.hadoop.hive.ql.parse.RewriteSemanticAnalyzer.analyzeInternal(RewriteSemanticAnalyzer.java:67) ~[classes/:?]
	at org.apache.hadoop.hive.ql.parse.BaseSemanticAnalyzer.analyze(BaseSemanticAnalyzer.java:317) ~[classes/:?]
	at org.apache.hadoop.hive.ql.parse.UpdateDeleteSemanticAnalyzer.reparseAndSuperAnalyze(UpdateDeleteSemanticAnalyzer.java:208) ~[classes/:?]
	at org.apache.hadoop.hive.ql.parse.UpdateDeleteSemanticAnalyzer.analyzeUpdate(UpdateDeleteSemanticAnalyzer.java:63) ~[classes/:?]
	at org.apache.hadoop.hive.ql.parse.UpdateDeleteSemanticAnalyzer.analyze(UpdateDeleteSemanticAnalyzer.java:53) ~[classes/:?]
	at org.apache.hadoop.hive.ql.parse.RewriteSemanticAnalyzer.analyzeInternal(RewriteSemanticAnalyzer.java:72) ~[classes/:?]
	at org.apache.hadoop.hive.ql.parse.BaseSemanticAnalyzer.analyze(BaseSemanticAnalyzer.java:317) ~[classes/:?]
	at org.apache.hadoop.hive.ql.Compiler.analyze(Compiler.java:223) ~[classes/:?]
	at org.apache.hadoop.hive.ql.Compiler.compile(Compiler.java:105) ~[classes/:?]
	at org.apache.hadoop.hive.ql.Driver.compile(Driver.java:500) ~[classes/:?]
	at org.apache.hadoop.hive.ql.Driver.compileInternal(Driver.java:453) ~[classes/:?]
	at org.apache.hadoop.hive.ql.Driver.runInternal(Driver.java:181) ~[classes/:?]
	at org.apache.hadoop.hive.ql.Driver.run(Driver.java:153) ~[classes/:?]
	at org.apache.hadoop.hive.ql.Driver.run(Driver.java:140) ~[classes/:?]
	at org.apache.hadoop.hive.ql.TxnCommandsBaseForTests.runStatementOnDriver(TxnCommandsBaseForTests.java:245) ~[test-classes/:?]
	at org.apache.hadoop.hive.ql.TestTxnCommands.acidVersionTest(TestTxnCommands.java:1482) ~[test-classes/:?]
	at org.apache.hadoop.hive.ql.TestTxnCommands.testVersioningVersionFileDisabled(TestTxnCommands.java:1467) ~[test-classes/:?]
	at sun.reflect.NativeMethodAccessorImpl.invoke0(Native Method) ~[?:1.8.0_402]
	at sun.reflect.NativeMethodAccessorImpl.invoke(NativeMethodAccessorImpl.java:62) ~[?:1.8.0_402]
	at sun.reflect.DelegatingMethodAccessorImpl.invoke(DelegatingMethodAccessorImpl.java:43) ~[?:1.8.0_402]
	at java.lang.reflect.Method.invoke(Method.java:498) ~[?:1.8.0_402]
	at org.junit.runners.model.FrameworkMethod$1.runReflectiveCall(FrameworkMethod.java:59) ~[junit-4.13.jar:4.13]
	at org.junit.internal.runners.model.ReflectiveCallable.run(ReflectiveCallable.java:12) ~[junit-4.13.jar:4.13]
	at org.junit.runners.model.FrameworkMethod.invokeExplosively(FrameworkMethod.java:56) ~[junit-4.13.jar:4.13]
	at org.junit.internal.runners.statements.InvokeMethod.evaluate(InvokeMethod.java:17) ~[junit-4.13.jar:4.13]
	at org.junit.internal.runners.statements.RunBefores.evaluate(RunBefores.java:26) ~[junit-4.13.jar:4.13]
	at org.junit.internal.runners.statements.RunAfters.evaluate(RunAfters.java:27) ~[junit-4.13.jar:4.13]
	at org.junit.rules.TestWatcher$1.evaluate(TestWatcher.java:61) ~[junit-4.13.jar:4.13]
	at org.junit.runners.ParentRunner$3.evaluate(ParentRunner.java:306) ~[junit-4.13.jar:4.13]
	at org.junit.runners.BlockJUnit4ClassRunner$1.evaluate(BlockJUnit4ClassRunner.java:100) ~[junit-4.13.jar:4.13]
	at org.junit.runners.ParentRunner.runLeaf(ParentRunner.java:366) ~[junit-4.13.jar:4.13]
	at org.junit.runners.BlockJUnit4ClassRunner.runChild(BlockJUnit4ClassRunner.java:103) ~[junit-4.13.jar:4.13]
	at org.junit.runners.BlockJUnit4ClassRunner.runChild(BlockJUnit4ClassRunner.java:63) ~[junit-4.13.jar:4.13]
	at org.junit.runners.ParentRunner$4.run(ParentRunner.java:331) ~[junit-4.13.jar:4.13]
	at org.junit.runners.ParentRunner$1.schedule(ParentRunner.java:79) ~[junit-4.13.jar:4.13]
	at org.junit.runners.ParentRunner.runChildren(ParentRunner.java:329) ~[junit-4.13.jar:4.13]
	at org.junit.runners.ParentRunner.access$100(ParentRunner.java:66) ~[junit-4.13.jar:4.13]
	at org.junit.runners.ParentRunner$2.evaluate(ParentRunner.java:293) ~[junit-4.13.jar:4.13]
	at org.junit.runners.ParentRunner$3.evaluate(ParentRunner.java:306) ~[junit-4.13.jar:4.13]
	at org.junit.runners.ParentRunner.run(ParentRunner.java:413) ~[junit-4.13.jar:4.13]
	at org.junit.runner.JUnitCore.run(JUnitCore.java:137) ~[junit-4.13.jar:4.13]
	at org.junit.runner.JUnitCore.run(JUnitCore.java:115) ~[junit-4.13.jar:4.13]
	at org.junit.vintage.engine.execution.RunnerExecutor.execute(RunnerExecutor.java:43) ~[junit-vintage-engine-5.6.2.jar:5.6.2]
	at java.util.stream.ForEachOps$ForEachOp$OfRef.accept(ForEachOps.java:183) ~[?:1.8.0_402]
	at java.util.stream.ReferencePipeline$3$1.accept(ReferencePipeline.java:193) ~[?:1.8.0_402]
	at java.util.Iterator.forEachRemaining(Iterator.java:116) ~[?:1.8.0_402]
	at java.util.Spliterators$IteratorSpliterator.forEachRemaining(Spliterators.java:1801) ~[?:1.8.0_402]
	at java.util.stream.AbstractPipeline.copyInto(AbstractPipeline.java:482) ~[?:1.8.0_402]
	at java.util.stream.AbstractPipeline.wrapAndCopyInto(AbstractPipeline.java:472) ~[?:1.8.0_402]
	at java.util.stream.ForEachOps$ForEachOp.evaluateSequential(ForEachOps.java:150) ~[?:1.8.0_402]
	at java.util.stream.ForEachOps$ForEachOp$OfRef.evaluateSequential(ForEachOps.java:173) ~[?:1.8.0_402]
	at java.util.stream.AbstractPipeline.evaluate(AbstractPipeline.java:234) ~[?:1.8.0_402]
	at java.util.stream.ReferencePipeline.forEach(ReferencePipeline.java:485) ~[?:1.8.0_402]
	at org.junit.vintage.engine.VintageTestEngine.executeAllChildren(VintageTestEngine.java:82) ~[junit-vintage-engine-5.6.2.jar:5.6.2]
	at org.junit.vintage.engine.VintageTestEngine.execute(VintageTestEngine.java:73) ~[junit-vintage-engine-5.6.2.jar:5.6.2]
	at org.junit.platform.launcher.core.DefaultLauncher.execute(DefaultLauncher.java:248) ~[junit-platform-launcher-1.6.2.jar:1.6.2]
	at org.junit.platform.launcher.core.DefaultLauncher.lambda$execute$5(DefaultLauncher.java:211) ~[junit-platform-launcher-1.6.2.jar:1.6.2]
	at org.junit.platform.launcher.core.DefaultLauncher.withInterceptedStreams(DefaultLauncher.java:226) [junit-platform-launcher-1.6.2.jar:1.6.2]
	at org.junit.platform.launcher.core.DefaultLauncher.execute(DefaultLauncher.java:199) [junit-platform-launcher-1.6.2.jar:1.6.2]
	at org.junit.platform.launcher.core.DefaultLauncher.execute(DefaultLauncher.java:132) [junit-platform-launcher-1.6.2.jar:1.6.2]
	at org.apache.maven.surefire.junitplatform.JUnitPlatformProvider.invokeAllTests(JUnitPlatformProvider.java:154) [surefire-junit-platform-3.0.0-M4.jar:3.0.0-M4]
	at org.apache.maven.surefire.junitplatform.JUnitPlatformProvider.invoke(JUnitPlatformProvider.java:123) [surefire-junit-platform-3.0.0-M4.jar:3.0.0-M4]
	at org.apache.maven.surefire.booter.ForkedBooter.runSuitesInProcess(ForkedBooter.java:377) [surefire-booter-3.0.0-M4.jar:3.0.0-M4]
	at org.apache.maven.surefire.booter.ForkedBooter.execute(ForkedBooter.java:138) [surefire-booter-3.0.0-M4.jar:3.0.0-M4]
	at org.apache.maven.surefire.booter.ForkedBooter.run(ForkedBooter.java:465) [surefire-booter-3.0.0-M4.jar:3.0.0-M4]
	at org.apache.maven.surefire.booter.ForkedBooter.main(ForkedBooter.java:451) [surefire-booter-3.0.0-M4.jar:3.0.0-M4]
2024-04-24T05:14:11,727 ERROR [main] parse.UpdateDeleteSemanticAnalyzer: CBO failed due to missing column stats (see previous errors), skipping CBO
2024-04-24T05:14:11,727  INFO [main] parse.UpdateDeleteSemanticAnalyzer: Ending caching scope for: 
FAILED: NoMatchingMethodException No matching method for class org.apache.hadoop.hive.ql.udf.UDFToInteger with (struct<writeid:bigint,bucketid:int,rowid:bigint>). Possible choices: _FUNC_(bigint)  _FUNC_(boolean)  _FUNC_(decimal(38,18))  _FUNC_(double)  _FUNC_(float)  _FUNC_(smallint)  _FUNC_(string)  _FUNC_(struct<writeid:bigint,rowid:int,bucketid:bigint>)  _FUNC_(timestamp)  _FUNC_(tinyint)  _FUNC_(void)  
2024-04-24T05:14:11,727 ERROR [main] ql.Driver: FAILED: NoMatchingMethodException No matching method for class org.apache.hadoop.hive.ql.udf.UDFToInteger with (struct<writeid:bigint,bucketid:int,rowid:bigint>). Possible choices: _FUNC_(bigint)  _FUNC_(boolean)  _FUNC_(decimal(38,18))  _FUNC_(double)  _FUNC_(float)  _FUNC_(smallint)  _FUNC_(string)  _FUNC_(struct<writeid:bigint,rowid:int,bucketid:bigint>)  _FUNC_(timestamp)  _FUNC_(tinyint)  _FUNC_(void)  
org.apache.hadoop.hive.ql.exec.NoMatchingMethodException: No matching method for class org.apache.hadoop.hive.ql.udf.UDFToInteger with (struct<writeid:bigint,bucketid:int,rowid:bigint>). Possible choices: _FUNC_(bigint)  _FUNC_(boolean)  _FUNC_(decimal(38,18))  _FUNC_(double)  _FUNC_(float)  _FUNC_(smallint)  _FUNC_(string)  _FUNC_(struct<writeid:bigint,rowid:int,bucketid:bigint>)  _FUNC_(timestamp)  _FUNC_(tinyint)  _FUNC_(void)  
	at org.apache.hadoop.hive.ql.exec.MethodUtils.getMethodInternal(MethodUtils.java:130)
	at org.apache.hadoop.hive.ql.exec.MethodUtils.getMethodInternal(MethodUtils.java:60)
	at org.apache.hadoop.hive.ql.exec.DefaultUDFMethodResolver.getEvalMethod(DefaultUDFMethodResolver.java:59)
	at org.apache.hadoop.hive.ql.udf.TimestampCastRestrictorResolver.getEvalMethod(TimestampCastRestrictorResolver.java:68)
	at org.apache.hadoop.hive.ql.udf.generic.GenericUDFBridge.initialize(GenericUDFBridge.java:168)
	at org.apache.hadoop.hive.ql.udf.generic.GenericUDF.initializeAndFoldConstants(GenericUDF.java:149)
	at org.apache.hadoop.hive.ql.plan.ExprNodeGenericFuncDesc.newInstance(ExprNodeGenericFuncDesc.java:235)
	at org.apache.hadoop.hive.ql.parse.type.ExprNodeDescExprFactory.createFuncCallExpr(ExprNodeDescExprFactory.java:584)
	at org.apache.hadoop.hive.ql.parse.type.ExprNodeDescExprFactory.createFuncCallExpr(ExprNodeDescExprFactory.java:97)
	at org.apache.hadoop.hive.ql.parse.type.TypeCheckProcFactory$DefaultExprProcessor.getFuncExprNodeDescWithUdfData(TypeCheckProcFactory.java:762)
	at org.apache.hadoop.hive.ql.parse.type.TypeCheckProcFactory$DefaultExprProcessor.createConversionCast(TypeCheckProcFactory.java:783)
	at org.apache.hadoop.hive.ql.parse.SemanticAnalyzer.getPartitionColsFromBucketColsForUpdateDelete(SemanticAnalyzer.java:8725)
	at org.apache.hadoop.hive.ql.parse.SemanticAnalyzer.genBucketingSortingDest(SemanticAnalyzer.java:6914)
	at org.apache.hadoop.hive.ql.parse.SemanticAnalyzer.genFileSinkPlan(SemanticAnalyzer.java:7335)
	at org.apache.hadoop.hive.ql.parse.SemanticAnalyzer.genPostGroupByBodyPlan(SemanticAnalyzer.java:11063)
	at org.apache.hadoop.hive.ql.parse.SemanticAnalyzer.genBodyPlan(SemanticAnalyzer.java:10938)
	at org.apache.hadoop.hive.ql.parse.SemanticAnalyzer.genPlan(SemanticAnalyzer.java:11853)
	at org.apache.hadoop.hive.ql.parse.SemanticAnalyzer.genPlan(SemanticAnalyzer.java:11723)
	at org.apache.hadoop.hive.ql.parse.CalcitePlanner.genOPTree(CalcitePlanner.java:626)
	at org.apache.hadoop.hive.ql.parse.SemanticAnalyzer.analyzeInternal(SemanticAnalyzer.java:12558)
	at org.apache.hadoop.hive.ql.parse.CalcitePlanner.analyzeInternal(CalcitePlanner.java:456)
	at org.apache.hadoop.hive.ql.parse.RewriteSemanticAnalyzer.analyzeInternal(RewriteSemanticAnalyzer.java:67)
	at org.apache.hadoop.hive.ql.parse.BaseSemanticAnalyzer.analyze(BaseSemanticAnalyzer.java:317)
	at org.apache.hadoop.hive.ql.parse.UpdateDeleteSemanticAnalyzer.reparseAndSuperAnalyze(UpdateDeleteSemanticAnalyzer.java:208)
	at org.apache.hadoop.hive.ql.parse.UpdateDeleteSemanticAnalyzer.analyzeUpdate(UpdateDeleteSemanticAnalyzer.java:63)
	at org.apache.hadoop.hive.ql.parse.UpdateDeleteSemanticAnalyzer.analyze(UpdateDeleteSemanticAnalyzer.java:53)
	at org.apache.hadoop.hive.ql.parse.RewriteSemanticAnalyzer.analyzeInternal(RewriteSemanticAnalyzer.java:72)
	at org.apache.hadoop.hive.ql.parse.BaseSemanticAnalyzer.analyze(BaseSemanticAnalyzer.java:317)
	at org.apache.hadoop.hive.ql.Compiler.analyze(Compiler.java:223)
	at org.apache.hadoop.hive.ql.Compiler.compile(Compiler.java:105)
	at org.apache.hadoop.hive.ql.Driver.compile(Driver.java:500)
	at org.apache.hadoop.hive.ql.Driver.compileInternal(Driver.java:453)
	at org.apache.hadoop.hive.ql.Driver.runInternal(Driver.java:181)
	at org.apache.hadoop.hive.ql.Driver.run(Driver.java:153)
	at org.apache.hadoop.hive.ql.Driver.run(Driver.java:140)
	at org.apache.hadoop.hive.ql.TxnCommandsBaseForTests.runStatementOnDriver(TxnCommandsBaseForTests.java:245)
	at org.apache.hadoop.hive.ql.TestTxnCommands.acidVersionTest(TestTxnCommands.java:1482)
	at org.apache.hadoop.hive.ql.TestTxnCommands.testVersioningVersionFileDisabled(TestTxnCommands.java:1467)
	at sun.reflect.NativeMethodAccessorImpl.invoke0(Native Method)
	at sun.reflect.NativeMethodAccessorImpl.invoke(NativeMethodAccessorImpl.java:62)
	at sun.reflect.DelegatingMethodAccessorImpl.invoke(DelegatingMethodAccessorImpl.java:43)
	at java.lang.reflect.Method.invoke(Method.java:498)
	at org.junit.runners.model.FrameworkMethod$1.runReflectiveCall(FrameworkMethod.java:59)
	at org.junit.internal.runners.model.ReflectiveCallable.run(ReflectiveCallable.java:12)
	at org.junit.runners.model.FrameworkMethod.invokeExplosively(FrameworkMethod.java:56)
	at org.junit.internal.runners.statements.InvokeMethod.evaluate(InvokeMethod.java:17)
	at org.junit.internal.runners.statements.RunBefores.evaluate(RunBefores.java:26)
	at org.junit.internal.runners.statements.RunAfters.evaluate(RunAfters.java:27)
	at org.junit.rules.TestWatcher$1.evaluate(TestWatcher.java:61)
	at org.junit.runners.ParentRunner$3.evaluate(ParentRunner.java:306)
	at org.junit.runners.BlockJUnit4ClassRunner$1.evaluate(BlockJUnit4ClassRunner.java:100)
	at org.junit.runners.ParentRunner.runLeaf(ParentRunner.java:366)
	at org.junit.runners.BlockJUnit4ClassRunner.runChild(BlockJUnit4ClassRunner.java:103)
	at org.junit.runners.BlockJUnit4ClassRunner.runChild(BlockJUnit4ClassRunner.java:63)
	at org.junit.runners.ParentRunner$4.run(ParentRunner.java:331)
	at org.junit.runners.ParentRunner$1.schedule(ParentRunner.java:79)
	at org.junit.runners.ParentRunner.runChildren(ParentRunner.java:329)
	at org.junit.runners.ParentRunner.access$100(ParentRunner.java:66)
	at org.junit.runners.ParentRunner$2.evaluate(ParentRunner.java:293)
	at org.junit.runners.ParentRunner$3.evaluate(ParentRunner.java:306)
	at org.junit.runners.ParentRunner.run(ParentRunner.java:413)
	at org.junit.runner.JUnitCore.run(JUnitCore.java:137)
	at org.junit.runner.JUnitCore.run(JUnitCore.java:115)
	at org.junit.vintage.engine.execution.RunnerExecutor.execute(RunnerExecutor.java:43)
	at java.util.stream.ForEachOps$ForEachOp$OfRef.accept(ForEachOps.java:183)
	at java.util.stream.ReferencePipeline$3$1.accept(ReferencePipeline.java:193)
	at java.util.Iterator.forEachRemaining(Iterator.java:116)
	at java.util.Spliterators$IteratorSpliterator.forEachRemaining(Spliterators.java:1801)
	at java.util.stream.AbstractPipeline.copyInto(AbstractPipeline.java:482)
	at java.util.stream.AbstractPipeline.wrapAndCopyInto(AbstractPipeline.java:472)
	at java.util.stream.ForEachOps$ForEachOp.evaluateSequential(ForEachOps.java:150)
	at java.util.stream.ForEachOps$ForEachOp$OfRef.evaluateSequential(ForEachOps.java:173)
	at java.util.stream.AbstractPipeline.evaluate(AbstractPipeline.java:234)
	at java.util.stream.ReferencePipeline.forEach(ReferencePipeline.java:485)
	at org.junit.vintage.engine.VintageTestEngine.executeAllChildren(VintageTestEngine.java:82)
	at org.junit.vintage.engine.VintageTestEngine.execute(VintageTestEngine.java:73)
	at org.junit.platform.launcher.core.DefaultLauncher.execute(DefaultLauncher.java:248)
	at org.junit.platform.launcher.core.DefaultLauncher.lambda$execute$5(DefaultLauncher.java:211)
	at org.junit.platform.launcher.core.DefaultLauncher.withInterceptedStreams(DefaultLauncher.java:226)
	at org.junit.platform.launcher.core.DefaultLauncher.execute(DefaultLauncher.java:199)
	at org.junit.platform.launcher.core.DefaultLauncher.execute(DefaultLauncher.java:132)
	at org.apache.maven.surefire.junitplatform.JUnitPlatformProvider.invokeAllTests(JUnitPlatformProvider.java:154)
	at org.apache.maven.surefire.junitplatform.JUnitPlatformProvider.invoke(JUnitPlatformProvider.java:123)
	at org.apache.maven.surefire.booter.ForkedBooter.runSuitesInProcess(ForkedBooter.java:377)
	at org.apache.maven.surefire.booter.ForkedBooter.execute(ForkedBooter.java:138)
	at org.apache.maven.surefire.booter.ForkedBooter.run(ForkedBooter.java:465)
	at org.apache.maven.surefire.booter.ForkedBooter.main(ForkedBooter.java:451)

2024-04-24T05:14:11,728  INFO [main] metadata.Hive: Dumping metastore api call timing information for : compilation phase
2024-04-24T05:14:11,728  INFO [main] metadata.Hive: Total time spent in each metastore function (ms): {getValidTxns_(long)=1, getCheckConstraints_(CheckConstraintsRequest)=1, openTxn_(String, TxnType)=3, isCompatibleWith_(Configuration)=1, getValidWriteIds_(List, String)=4, getTable_(GetTableRequest)=34, getTableColumnStatistics_(String, String, List, String)=28, getAllTableConstraints_(AllTableConstraintsRequest)=6, getNotNullConstraints_(NotNullConstraintsRequest)=1, flushCache_()=0, commitTxn_(CommitTxnRequest)=9}
2024-04-24T05:14:11,728  INFO [main] ql.Driver: Completed compiling command(queryId=alex_20240424051411_13a5abdf-8c7b-4d57-89e0-5657e5292696); Time taken: 0.182 seconds
2024-04-24T05:14:11,728  INFO [main] lockmgr.DbTxnManager: Stopped heartbeat for query: null
2024-04-24T05:14:11,731  INFO [main] txn.TxnHandler: Removed transactions: ([16]) from MIN_HISTORY_LEVEL
2024-04-24T05:14:11,737  INFO [main] ql.TxnCommandsBaseForTests: Running the query: drop table if exists acidTbl
2024-04-24T05:14:11,737  INFO [main] ql.Driver: Compiling command(queryId=alex_20240424051411_02906526-7ea7-4955-a15b-15adb3d465c1): drop table if exists acidTbl
2024-04-24T05:14:11,739  INFO [main] txn.TxnHandler: Added entries to MIN_HISTORY_LEVEL for current txns: ([17]) with min_open_txn: 16
2024-04-24T05:14:11,739  INFO [main] lockmgr.DbTxnManager: Opened txnid:17
2024-04-24T05:14:11,740  INFO [main] HiveMetaStore.audit: ugi=alex	ip=unknown-ip-addr	cmd=get_table : tbl=hive.default.acidTbl	
2024-04-24T05:14:11,746  INFO [main] metastore.HMSHandler: Skipping translation for processor with null
2024-04-24T05:14:11,746  INFO [main] ql.Driver: Semantic Analysis Completed (retrial = false)
2024-04-24T05:14:11,746  INFO [main] ql.Driver: Created Hive schema: Schema(fieldSchemas:null, properties:null)
2024-04-24T05:14:11,746  INFO [main] metadata.Hive: Dumping metastore api call timing information for : compilation phase
2024-04-24T05:14:11,746  INFO [main] metadata.Hive: Total time spent in each metastore function (ms): {rollbackTxn_(long)=9, openTxn_(String, TxnType)=2, getValidTxns_(long)=0, getTable_(GetTableRequest)=6, flushCache_()=0, isCompatibleWith_(Configuration)=1}
2024-04-24T05:14:11,746  INFO [main] ql.Driver: Completed compiling command(queryId=alex_20240424051411_02906526-7ea7-4955-a15b-15adb3d465c1); Time taken: 0.009 seconds
2024-04-24T05:14:11,747  INFO [main] lockmgr.DbTxnManager: Setting lock request transaction to txnid:17 for queryId=alex_20240424051411_02906526-7ea7-4955-a15b-15adb3d465c1
2024-04-24T05:14:11,747  INFO [main] lockmgr.DbLockManager: Requesting lock for queryId=alex_20240424051411_02906526-7ea7-4955-a15b-15adb3d465c1
2024-04-24T05:14:11,760  INFO [main] lockmgr.DbLockManager: Response to queryId=alex_20240424051411_02906526-7ea7-4955-a15b-15adb3d465c1 LockResponse(lockid:9, state:ACQUIRED)
2024-04-24T05:14:11,760  INFO [main] ql.Driver: Operation DROPTABLE obtained 1 locks
2024-04-24T05:14:11,761  INFO [main] ql.Driver: Executing command(queryId=alex_20240424051411_02906526-7ea7-4955-a15b-15adb3d465c1): drop table if exists acidTbl
2024-04-24T05:14:11,761  INFO [main] ql.Driver: Starting task [Stage-0:DDL] in serial mode
2024-04-24T05:14:11,761  INFO [main] HiveMetaStore.audit: ugi=alex	ip=unknown-ip-addr	cmd=get_table : tbl=hive.default.acidTbl	
2024-04-24T05:14:11,767  INFO [main] metastore.HMSHandler: Skipping translation for processor with null
2024-04-24T05:14:11,767  INFO [main] HiveMetaStore.audit: ugi=alex	ip=unknown-ip-addr	cmd=get_table : tbl=hive.default.acidTbl	
2024-04-24T05:14:11,773  INFO [main] metastore.HMSHandler: Skipping translation for processor with null
2024-04-24T05:14:11,773  INFO [main] HiveMetaStore.audit: ugi=alex	ip=unknown-ip-addr	cmd=drop_table : tbl=hive.default.acidTbl	
2024-04-24T05:14:11,864  INFO [main] metadata.Hive: Dumping metastore api call timing information for : execution phase
2024-04-24T05:14:11,864  INFO [main] metadata.Hive: Total time spent in each metastore function (ms): {getTable_(GetTableRequest)=6, isCompatibleWith_(Configuration)=0, dropTable_(String, String, boolean, boolean, boolean)=97}
2024-04-24T05:14:11,864  INFO [main] ql.Driver: Completed executing command(queryId=alex_20240424051411_02906526-7ea7-4955-a15b-15adb3d465c1); Time taken: 0.103 seconds
2024-04-24T05:14:11,864  INFO [main] lockmgr.DbTxnManager: Stopped heartbeat for query: alex_20240424051411_02906526-7ea7-4955-a15b-15adb3d465c1
2024-04-24T05:14:11,868  INFO [main] txn.TxnHandler: Expected to move at least one record from txn_components to completed_txn_components when committing txn! txnid:17
2024-04-24T05:14:11,873  INFO [main] txn.TxnHandler: Removed transactions: ([17]) from MIN_HISTORY_LEVEL
2024-04-24T05:14:11,873  WARN [main] txn.CompactionTxnHandler: No compaction queue record found for Compaction type transaction commit. txnId:17
2024-04-24T05:14:11,874  INFO [main] ql.TxnCommandsBaseForTests: Running the query: drop table if exists acidTblPart
2024-04-24T05:14:11,874  INFO [main] ql.Driver: Compiling command(queryId=alex_20240424051411_78058133-05ba-4653-8bd4-246cef10413a): drop table if exists acidTblPart
2024-04-24T05:14:11,876  INFO [main] txn.TxnHandler: Added entries to MIN_HISTORY_LEVEL for current txns: ([18]) with min_open_txn: 16
2024-04-24T05:14:11,876  INFO [main] lockmgr.DbTxnManager: Opened txnid:18
2024-04-24T05:14:11,877  INFO [main] HiveMetaStore.audit: ugi=alex	ip=unknown-ip-addr	cmd=get_table : tbl=hive.default.acidTblPart	
2024-04-24T05:14:11,883  INFO [main] metastore.HMSHandler: Skipping translation for processor with null
2024-04-24T05:14:11,883  INFO [main] ql.Driver: Semantic Analysis Completed (retrial = false)
2024-04-24T05:14:11,883  INFO [main] ql.Driver: Created Hive schema: Schema(fieldSchemas:null, properties:null)
2024-04-24T05:14:11,883  INFO [main] metadata.Hive: Dumping metastore api call timing information for : compilation phase
2024-04-24T05:14:11,883  INFO [main] metadata.Hive: Total time spent in each metastore function (ms): {flushCache_()=0, getValidTxns_(long)=1, getTable_(GetTableRequest)=6, commitTxn_(CommitTxnRequest)=9, openTxn_(String, TxnType)=2, isCompatibleWith_(Configuration)=1}
2024-04-24T05:14:11,883  INFO [main] ql.Driver: Completed compiling command(queryId=alex_20240424051411_78058133-05ba-4653-8bd4-246cef10413a); Time taken: 0.009 seconds
2024-04-24T05:14:11,884  INFO [main] lockmgr.DbTxnManager: Setting lock request transaction to txnid:18 for queryId=alex_20240424051411_78058133-05ba-4653-8bd4-246cef10413a
2024-04-24T05:14:11,884  INFO [main] lockmgr.DbLockManager: Requesting lock for queryId=alex_20240424051411_78058133-05ba-4653-8bd4-246cef10413a
2024-04-24T05:14:11,896  INFO [main] lockmgr.DbLockManager: Response to queryId=alex_20240424051411_78058133-05ba-4653-8bd4-246cef10413a LockResponse(lockid:10, state:ACQUIRED)
2024-04-24T05:14:11,896  INFO [main] ql.Driver: Operation DROPTABLE obtained 1 locks
2024-04-24T05:14:11,896  INFO [main] ql.Driver: Executing command(queryId=alex_20240424051411_78058133-05ba-4653-8bd4-246cef10413a): drop table if exists acidTblPart
2024-04-24T05:14:11,897  INFO [main] ql.Driver: Starting task [Stage-0:DDL] in serial mode
2024-04-24T05:14:11,897  INFO [main] HiveMetaStore.audit: ugi=alex	ip=unknown-ip-addr	cmd=get_table : tbl=hive.default.acidTblPart	
2024-04-24T05:14:11,903  INFO [main] metastore.HMSHandler: Skipping translation for processor with null
2024-04-24T05:14:11,903  INFO [main] HiveMetaStore.audit: ugi=alex	ip=unknown-ip-addr	cmd=get_table : tbl=hive.default.acidTblPart	
2024-04-24T05:14:11,909  INFO [main] metastore.HMSHandler: Skipping translation for processor with null
2024-04-24T05:14:11,909  INFO [main] HiveMetaStore.audit: ugi=alex	ip=unknown-ip-addr	cmd=drop_table : tbl=hive.default.acidTblPart	
2024-04-24T05:14:11,946  INFO [main] metadata.Hive: Dumping metastore api call timing information for : execution phase
2024-04-24T05:14:11,946  INFO [main] metadata.Hive: Total time spent in each metastore function (ms): {dropTable_(String, String, boolean, boolean, boolean)=43, getTable_(GetTableRequest)=6, isCompatibleWith_(Configuration)=0}
2024-04-24T05:14:11,946  INFO [main] ql.Driver: Completed executing command(queryId=alex_20240424051411_78058133-05ba-4653-8bd4-246cef10413a); Time taken: 0.05 seconds
2024-04-24T05:14:11,946  INFO [main] lockmgr.DbTxnManager: Stopped heartbeat for query: alex_20240424051411_78058133-05ba-4653-8bd4-246cef10413a
2024-04-24T05:14:11,950  INFO [main] txn.TxnHandler: Expected to move at least one record from txn_components to completed_txn_components when committing txn! txnid:18
2024-04-24T05:14:11,955  INFO [main] txn.TxnHandler: Removed transactions: ([18]) from MIN_HISTORY_LEVEL
2024-04-24T05:14:11,955  WARN [main] txn.CompactionTxnHandler: No compaction queue record found for Compaction type transaction commit. txnId:18
2024-04-24T05:14:11,955  INFO [main] ql.TxnCommandsBaseForTests: Running the query: drop table if exists acidTbl2
2024-04-24T05:14:11,955  INFO [main] ql.Driver: Compiling command(queryId=alex_20240424051411_4d1ffbd7-5761-4240-a6fc-24a59736dc64): drop table if exists acidTbl2
2024-04-24T05:14:11,957  INFO [main] txn.TxnHandler: Added entries to MIN_HISTORY_LEVEL for current txns: ([19]) with min_open_txn: 16
2024-04-24T05:14:11,958  INFO [main] lockmgr.DbTxnManager: Opened txnid:19
2024-04-24T05:14:11,958  INFO [main] ql.Driver: Semantic Analysis Completed (retrial = false)
2024-04-24T05:14:11,958  INFO [main] ql.Driver: Created Hive schema: Schema(fieldSchemas:null, properties:null)
2024-04-24T05:14:11,958  INFO [main] metadata.Hive: Dumping metastore api call timing information for : compilation phase
2024-04-24T05:14:11,958  INFO [main] metadata.Hive: Total time spent in each metastore function (ms): {flushCache_()=0, isCompatibleWith_(Configuration)=0, getValidTxns_(long)=0, openTxn_(String, TxnType)=2, getTable_(GetTableRequest)=0, commitTxn_(CommitTxnRequest)=9}
2024-04-24T05:14:11,959  INFO [main] ql.Driver: Completed compiling command(queryId=alex_20240424051411_4d1ffbd7-5761-4240-a6fc-24a59736dc64); Time taken: 0.003 seconds
2024-04-24T05:14:11,959  INFO [main] lockmgr.DbTxnManager: Setting lock request transaction to txnid:19 for queryId=alex_20240424051411_4d1ffbd7-5761-4240-a6fc-24a59736dc64
2024-04-24T05:14:11,959  INFO [main] ql.Driver: Operation DROPTABLE obtained 0 locks
2024-04-24T05:14:11,959  INFO [main] ql.Driver: Executing command(queryId=alex_20240424051411_4d1ffbd7-5761-4240-a6fc-24a59736dc64): drop table if exists acidTbl2
2024-04-24T05:14:11,959  INFO [main] ql.Driver: Starting task [Stage-0:DDL] in serial mode
2024-04-24T05:14:11,960  INFO [main] metadata.SessionHiveMetaStoreClient: Column stats doesn't exist for db=default temp table=acidTbl2
2024-04-24T05:14:11,960  INFO [main] metadata.Hive: Dumping metastore api call timing information for : execution phase
2024-04-24T05:14:11,960  INFO [main] metadata.Hive: Total time spent in each metastore function (ms): {isCompatibleWith_(Configuration)=0, dropTable_(String, String, boolean, boolean, boolean)=1, getTable_(GetTableRequest)=0}
2024-04-24T05:14:11,960  INFO [main] ql.Driver: Completed executing command(queryId=alex_20240424051411_4d1ffbd7-5761-4240-a6fc-24a59736dc64); Time taken: 0.001 seconds
2024-04-24T05:14:11,960  INFO [main] lockmgr.DbTxnManager: Stopped heartbeat for query: alex_20240424051411_4d1ffbd7-5761-4240-a6fc-24a59736dc64
2024-04-24T05:14:11,965  INFO [main] txn.TxnHandler: Expected to move at least one record from txn_components to completed_txn_components when committing txn! txnid:19
2024-04-24T05:14:11,970  INFO [main] txn.TxnHandler: Removed transactions: ([19]) from MIN_HISTORY_LEVEL
2024-04-24T05:14:11,970  WARN [main] txn.CompactionTxnHandler: No compaction queue record found for Compaction type transaction commit. txnId:19
2024-04-24T05:14:11,970  INFO [main] ql.TxnCommandsBaseForTests: Running the query: drop table if exists nonAcidOrcTbl
2024-04-24T05:14:11,971  INFO [main] ql.Driver: Compiling command(queryId=alex_20240424051411_5479608b-cee5-49ad-891b-70bf5c37f250): drop table if exists nonAcidOrcTbl
2024-04-24T05:14:11,972  INFO [main] txn.TxnHandler: Added entries to MIN_HISTORY_LEVEL for current txns: ([20]) with min_open_txn: 16
2024-04-24T05:14:11,973  INFO [main] lockmgr.DbTxnManager: Opened txnid:20
2024-04-24T05:14:11,973  INFO [main] HiveMetaStore.audit: ugi=alex	ip=unknown-ip-addr	cmd=get_table : tbl=hive.default.nonAcidOrcTbl	
2024-04-24T05:14:11,992  INFO [main] metastore.HMSHandler: Skipping translation for processor with null
2024-04-24T05:14:11,992  INFO [main] ql.Driver: Semantic Analysis Completed (retrial = false)
2024-04-24T05:14:11,992  INFO [main] ql.Driver: Created Hive schema: Schema(fieldSchemas:null, properties:null)
2024-04-24T05:14:11,992  INFO [main] metadata.Hive: Dumping metastore api call timing information for : compilation phase
2024-04-24T05:14:11,992  INFO [main] metadata.Hive: Total time spent in each metastore function (ms): {openTxn_(String, TxnType)=2, getValidTxns_(long)=0, getTable_(GetTableRequest)=19, flushCache_()=0, isCompatibleWith_(Configuration)=0, commitTxn_(CommitTxnRequest)=10}
2024-04-24T05:14:11,992  INFO [main] ql.Driver: Completed compiling command(queryId=alex_20240424051411_5479608b-cee5-49ad-891b-70bf5c37f250); Time taken: 0.021 seconds
2024-04-24T05:14:11,993  INFO [main] lockmgr.DbTxnManager: Setting lock request transaction to txnid:20 for queryId=alex_20240424051411_5479608b-cee5-49ad-891b-70bf5c37f250
2024-04-24T05:14:11,993  INFO [main] lockmgr.DbLockManager: Requesting lock for queryId=alex_20240424051411_5479608b-cee5-49ad-891b-70bf5c37f250
2024-04-24T05:14:12,006  INFO [main] lockmgr.DbLockManager: Response to queryId=alex_20240424051411_5479608b-cee5-49ad-891b-70bf5c37f250 LockResponse(lockid:11, state:ACQUIRED)
2024-04-24T05:14:12,006  INFO [main] ql.Driver: Operation DROPTABLE obtained 1 locks
2024-04-24T05:14:12,006  INFO [main] ql.Driver: Executing command(queryId=alex_20240424051411_5479608b-cee5-49ad-891b-70bf5c37f250): drop table if exists nonAcidOrcTbl
2024-04-24T05:14:12,006  INFO [main] ql.Driver: Starting task [Stage-0:DDL] in serial mode
2024-04-24T05:14:12,006  INFO [main] HiveMetaStore.audit: ugi=alex	ip=unknown-ip-addr	cmd=get_table : tbl=hive.default.nonAcidOrcTbl	
2024-04-24T05:14:12,014  INFO [main] metastore.HMSHandler: Skipping translation for processor with null
2024-04-24T05:14:12,014  INFO [main] HiveMetaStore.audit: ugi=alex	ip=unknown-ip-addr	cmd=get_table : tbl=hive.default.nonAcidOrcTbl	
2024-04-24T05:14:12,022  INFO [main] metastore.HMSHandler: Skipping translation for processor with null
2024-04-24T05:14:12,022  INFO [main] HiveMetaStore.audit: ugi=alex	ip=unknown-ip-addr	cmd=drop_table : tbl=hive.default.nonAcidOrcTbl	
2024-04-24T05:14:12,106  INFO [main] metadata.Hive: Dumping metastore api call timing information for : execution phase
2024-04-24T05:14:12,106  INFO [main] metadata.Hive: Total time spent in each metastore function (ms): {isCompatibleWith_(Configuration)=0, dropTable_(String, String, boolean, boolean, boolean)=92, getTable_(GetTableRequest)=8}
2024-04-24T05:14:12,106  INFO [main] ql.Driver: Completed executing command(queryId=alex_20240424051411_5479608b-cee5-49ad-891b-70bf5c37f250); Time taken: 0.1 seconds
2024-04-24T05:14:12,106  INFO [main] lockmgr.DbTxnManager: Stopped heartbeat for query: alex_20240424051411_5479608b-cee5-49ad-891b-70bf5c37f250
2024-04-24T05:14:12,109  INFO [main] txn.TxnHandler: Expected to move at least one record from txn_components to completed_txn_components when committing txn! txnid:20
2024-04-24T05:14:12,114  INFO [main] txn.TxnHandler: Removed transactions: ([20]) from MIN_HISTORY_LEVEL
2024-04-24T05:14:12,114  WARN [main] txn.CompactionTxnHandler: No compaction queue record found for Compaction type transaction commit. txnId:20
2024-04-24T05:14:12,115  INFO [main] ql.TxnCommandsBaseForTests: Running the query: drop table if exists nonAcidOrcTbl2
2024-04-24T05:14:12,115  INFO [main] ql.Driver: Compiling command(queryId=alex_20240424051412_a978e15e-07aa-4445-92f7-f89de539cd83): drop table if exists nonAcidOrcTbl2
2024-04-24T05:14:12,117  INFO [main] txn.TxnHandler: Added entries to MIN_HISTORY_LEVEL for current txns: ([21]) with min_open_txn: 16
2024-04-24T05:14:12,117  INFO [main] lockmgr.DbTxnManager: Opened txnid:21
2024-04-24T05:14:12,118  INFO [main] HiveMetaStore.audit: ugi=alex	ip=unknown-ip-addr	cmd=get_table : tbl=hive.default.nonAcidOrcTbl2	
2024-04-24T05:14:12,126  INFO [main] metastore.HMSHandler: Skipping translation for processor with null
2024-04-24T05:14:12,126  INFO [main] ql.Driver: Semantic Analysis Completed (retrial = false)
2024-04-24T05:14:12,126  INFO [main] ql.Driver: Created Hive schema: Schema(fieldSchemas:null, properties:null)
2024-04-24T05:14:12,126  INFO [main] metadata.Hive: Dumping metastore api call timing information for : compilation phase
2024-04-24T05:14:12,126  INFO [main] metadata.Hive: Total time spent in each metastore function (ms): {getValidTxns_(long)=1, isCompatibleWith_(Configuration)=0, openTxn_(String, TxnType)=1, commitTxn_(CommitTxnRequest)=9, flushCache_()=0, getTable_(GetTableRequest)=8}
2024-04-24T05:14:12,126  INFO [main] ql.Driver: Completed compiling command(queryId=alex_20240424051412_a978e15e-07aa-4445-92f7-f89de539cd83); Time taken: 0.011 seconds
2024-04-24T05:14:12,126  INFO [main] lockmgr.DbTxnManager: Setting lock request transaction to txnid:21 for queryId=alex_20240424051412_a978e15e-07aa-4445-92f7-f89de539cd83
2024-04-24T05:14:12,127  INFO [main] lockmgr.DbLockManager: Requesting lock for queryId=alex_20240424051412_a978e15e-07aa-4445-92f7-f89de539cd83
2024-04-24T05:14:12,139  INFO [main] lockmgr.DbLockManager: Response to queryId=alex_20240424051412_a978e15e-07aa-4445-92f7-f89de539cd83 LockResponse(lockid:12, state:ACQUIRED)
2024-04-24T05:14:12,139  INFO [main] ql.Driver: Operation DROPTABLE obtained 1 locks
2024-04-24T05:14:12,140  INFO [main] ql.Driver: Executing command(queryId=alex_20240424051412_a978e15e-07aa-4445-92f7-f89de539cd83): drop table if exists nonAcidOrcTbl2
2024-04-24T05:14:12,140  INFO [main] ql.Driver: Starting task [Stage-0:DDL] in serial mode
2024-04-24T05:14:12,140  INFO [main] HiveMetaStore.audit: ugi=alex	ip=unknown-ip-addr	cmd=get_table : tbl=hive.default.nonAcidOrcTbl2	
2024-04-24T05:14:12,148  INFO [main] metastore.HMSHandler: Skipping translation for processor with null
2024-04-24T05:14:12,148  INFO [main] HiveMetaStore.audit: ugi=alex	ip=unknown-ip-addr	cmd=get_table : tbl=hive.default.nonAcidOrcTbl2	
2024-04-24T05:14:12,156  INFO [main] metastore.HMSHandler: Skipping translation for processor with null
2024-04-24T05:14:12,157  INFO [main] HiveMetaStore.audit: ugi=alex	ip=unknown-ip-addr	cmd=drop_table : tbl=hive.default.nonAcidOrcTbl2	
2024-04-24T05:14:12,187  INFO [main] metadata.Hive: Dumping metastore api call timing information for : execution phase
2024-04-24T05:14:12,188  INFO [main] metadata.Hive: Total time spent in each metastore function (ms): {dropTable_(String, String, boolean, boolean, boolean)=39, isCompatibleWith_(Configuration)=0, getTable_(GetTableRequest)=8}
2024-04-24T05:14:12,188  INFO [main] ql.Driver: Completed executing command(queryId=alex_20240424051412_a978e15e-07aa-4445-92f7-f89de539cd83); Time taken: 0.047 seconds
2024-04-24T05:14:12,188  INFO [main] lockmgr.DbTxnManager: Stopped heartbeat for query: alex_20240424051412_a978e15e-07aa-4445-92f7-f89de539cd83
2024-04-24T05:14:12,192  INFO [main] txn.TxnHandler: Expected to move at least one record from txn_components to completed_txn_components when committing txn! txnid:21
2024-04-24T05:14:12,197  INFO [main] txn.TxnHandler: Removed transactions: ([21]) from MIN_HISTORY_LEVEL
2024-04-24T05:14:12,197  WARN [main] txn.CompactionTxnHandler: No compaction queue record found for Compaction type transaction commit. txnId:21
2024-04-24T05:14:12,198  INFO [main] ql.TxnCommandsBaseForTests: Running the query: drop table if exists nonAcidNonBucket
2024-04-24T05:14:12,198  INFO [main] ql.Driver: Compiling command(queryId=alex_20240424051412_a7af0648-4eb7-485d-8e0d-069f1a858278): drop table if exists nonAcidNonBucket
2024-04-24T05:14:12,200  INFO [main] txn.TxnHandler: Added entries to MIN_HISTORY_LEVEL for current txns: ([22]) with min_open_txn: 16
2024-04-24T05:14:12,200  INFO [main] lockmgr.DbTxnManager: Opened txnid:22
2024-04-24T05:14:12,201  INFO [main] HiveMetaStore.audit: ugi=alex	ip=unknown-ip-addr	cmd=get_table : tbl=hive.default.nonAcidNonBucket	
2024-04-24T05:14:12,209  INFO [main] metastore.HMSHandler: Skipping translation for processor with null
2024-04-24T05:14:12,209  INFO [main] ql.Driver: Semantic Analysis Completed (retrial = false)
2024-04-24T05:14:12,209  INFO [main] ql.Driver: Created Hive schema: Schema(fieldSchemas:null, properties:null)
2024-04-24T05:14:12,209  INFO [main] metadata.Hive: Dumping metastore api call timing information for : compilation phase
2024-04-24T05:14:12,209  INFO [main] metadata.Hive: Total time spent in each metastore function (ms): {flushCache_()=0, openTxn_(String, TxnType)=2, getValidTxns_(long)=0, commitTxn_(CommitTxnRequest)=10, isCompatibleWith_(Configuration)=0, getTable_(GetTableRequest)=8}
2024-04-24T05:14:12,210  INFO [main] ql.Driver: Completed compiling command(queryId=alex_20240424051412_a7af0648-4eb7-485d-8e0d-069f1a858278); Time taken: 0.011 seconds
2024-04-24T05:14:12,210  INFO [main] lockmgr.DbTxnManager: Setting lock request transaction to txnid:22 for queryId=alex_20240424051412_a7af0648-4eb7-485d-8e0d-069f1a858278
2024-04-24T05:14:12,210  INFO [main] lockmgr.DbLockManager: Requesting lock for queryId=alex_20240424051412_a7af0648-4eb7-485d-8e0d-069f1a858278
2024-04-24T05:14:12,223  INFO [main] lockmgr.DbLockManager: Response to queryId=alex_20240424051412_a7af0648-4eb7-485d-8e0d-069f1a858278 LockResponse(lockid:13, state:ACQUIRED)
2024-04-24T05:14:12,223  INFO [main] ql.Driver: Operation DROPTABLE obtained 1 locks
2024-04-24T05:14:12,223  INFO [main] ql.Driver: Executing command(queryId=alex_20240424051412_a7af0648-4eb7-485d-8e0d-069f1a858278): drop table if exists nonAcidNonBucket
2024-04-24T05:14:12,223  INFO [main] ql.Driver: Starting task [Stage-0:DDL] in serial mode
2024-04-24T05:14:12,223  INFO [main] HiveMetaStore.audit: ugi=alex	ip=unknown-ip-addr	cmd=get_table : tbl=hive.default.nonAcidNonBucket	
2024-04-24T05:14:12,231  INFO [main] metastore.HMSHandler: Skipping translation for processor with null
2024-04-24T05:14:12,231  INFO [main] HiveMetaStore.audit: ugi=alex	ip=unknown-ip-addr	cmd=get_table : tbl=hive.default.nonAcidNonBucket	
2024-04-24T05:14:12,239  INFO [main] metastore.HMSHandler: Skipping translation for processor with null
2024-04-24T05:14:12,239  INFO [main] HiveMetaStore.audit: ugi=alex	ip=unknown-ip-addr	cmd=drop_table : tbl=hive.default.nonAcidNonBucket	
2024-04-24T05:14:12,269  INFO [main] metadata.Hive: Dumping metastore api call timing information for : execution phase
2024-04-24T05:14:12,269  INFO [main] metadata.Hive: Total time spent in each metastore function (ms): {getTable_(GetTableRequest)=8, isCompatibleWith_(Configuration)=0, dropTable_(String, String, boolean, boolean, boolean)=38}
2024-04-24T05:14:12,269  INFO [main] ql.Driver: Completed executing command(queryId=alex_20240424051412_a7af0648-4eb7-485d-8e0d-069f1a858278); Time taken: 0.046 seconds
2024-04-24T05:14:12,269  INFO [main] lockmgr.DbTxnManager: Stopped heartbeat for query: alex_20240424051412_a7af0648-4eb7-485d-8e0d-069f1a858278
2024-04-24T05:14:12,273  INFO [main] txn.TxnHandler: Expected to move at least one record from txn_components to completed_txn_components when committing txn! txnid:22
2024-04-24T05:14:12,279  INFO [main] txn.TxnHandler: Removed transactions: ([22]) from MIN_HISTORY_LEVEL
2024-04-24T05:14:12,279  WARN [main] txn.CompactionTxnHandler: No compaction queue record found for Compaction type transaction commit. txnId:22
2024-04-24T05:14:12,280  INFO [main] utils.TestTxnDbUtil: Cleaning transactional tables
]]></system-err>
  </testcase>
  <testcase name="testMultipleDelete" classname="org.apache.hadoop.hive.ql.TestTxnCommandsWithSplitUpdateAndVectorization" time="4.484">
    <error type="java.lang.RuntimeException"><![CDATA[java.lang.RuntimeException: delete from acidTbl where b = 8 failed: (responseCode = 40000, errorMessage = FAILED: NoMatchingMethodException No matching method for class org.apache.hadoop.hive.ql.udf.UDFToInteger with (struct<writeid:bigint,bucketid:int,rowid:bigint>). Possible choices: _FUNC_(bigint)  _FUNC_(boolean)  _FUNC_(decimal(38,18))  _FUNC_(double)  _FUNC_(float)  _FUNC_(smallint)  _FUNC_(string)  _FUNC_(struct<writeid:bigint,rowid:int,bucketid:bigint>)  _FUNC_(timestamp)  _FUNC_(tinyint)  _FUNC_(void)  , hiveErrorCode = 40000, SQLState = 42000, exception = No matching method for class org.apache.hadoop.hive.ql.udf.UDFToInteger with (struct<writeid:bigint,bucketid:int,rowid:bigint>). Possible choices: _FUNC_(bigint)  _FUNC_(boolean)  _FUNC_(decimal(38,18))  _FUNC_(double)  _FUNC_(float)  _FUNC_(smallint)  _FUNC_(string)  _FUNC_(struct<writeid:bigint,rowid:int,bucketid:bigint>)  _FUNC_(timestamp)  _FUNC_(tinyint)  _FUNC_(void)  )
	at org.apache.hadoop.hive.ql.TxnCommandsBaseForTests.runStatementOnDriver(TxnCommandsBaseForTests.java:247)
	at org.apache.hadoop.hive.ql.TestTxnCommands.testMultipleDelete(TestTxnCommands.java:906)
	at sun.reflect.NativeMethodAccessorImpl.invoke0(Native Method)
	at sun.reflect.NativeMethodAccessorImpl.invoke(NativeMethodAccessorImpl.java:62)
	at sun.reflect.DelegatingMethodAccessorImpl.invoke(DelegatingMethodAccessorImpl.java:43)
	at java.lang.reflect.Method.invoke(Method.java:498)
	at org.junit.runners.model.FrameworkMethod$1.runReflectiveCall(FrameworkMethod.java:59)
	at org.junit.internal.runners.model.ReflectiveCallable.run(ReflectiveCallable.java:12)
	at org.junit.runners.model.FrameworkMethod.invokeExplosively(FrameworkMethod.java:56)
	at org.junit.internal.runners.statements.InvokeMethod.evaluate(InvokeMethod.java:17)
	at org.junit.internal.runners.statements.RunBefores.evaluate(RunBefores.java:26)
	at org.junit.internal.runners.statements.RunAfters.evaluate(RunAfters.java:27)
	at org.junit.rules.TestWatcher$1.evaluate(TestWatcher.java:61)
	at org.junit.runners.ParentRunner$3.evaluate(ParentRunner.java:306)
	at org.junit.runners.BlockJUnit4ClassRunner$1.evaluate(BlockJUnit4ClassRunner.java:100)
	at org.junit.runners.ParentRunner.runLeaf(ParentRunner.java:366)
	at org.junit.runners.BlockJUnit4ClassRunner.runChild(BlockJUnit4ClassRunner.java:103)
	at org.junit.runners.BlockJUnit4ClassRunner.runChild(BlockJUnit4ClassRunner.java:63)
	at org.junit.runners.ParentRunner$4.run(ParentRunner.java:331)
	at org.junit.runners.ParentRunner$1.schedule(ParentRunner.java:79)
	at org.junit.runners.ParentRunner.runChildren(ParentRunner.java:329)
	at org.junit.runners.ParentRunner.access$100(ParentRunner.java:66)
	at org.junit.runners.ParentRunner$2.evaluate(ParentRunner.java:293)
	at org.junit.runners.ParentRunner$3.evaluate(ParentRunner.java:306)
	at org.junit.runners.ParentRunner.run(ParentRunner.java:413)
	at org.junit.runner.JUnitCore.run(JUnitCore.java:137)
	at org.junit.runner.JUnitCore.run(JUnitCore.java:115)
	at org.junit.vintage.engine.execution.RunnerExecutor.execute(RunnerExecutor.java:43)
	at java.util.stream.ForEachOps$ForEachOp$OfRef.accept(ForEachOps.java:183)
	at java.util.stream.ReferencePipeline$3$1.accept(ReferencePipeline.java:193)
	at java.util.Iterator.forEachRemaining(Iterator.java:116)
	at java.util.Spliterators$IteratorSpliterator.forEachRemaining(Spliterators.java:1801)
	at java.util.stream.AbstractPipeline.copyInto(AbstractPipeline.java:482)
	at java.util.stream.AbstractPipeline.wrapAndCopyInto(AbstractPipeline.java:472)
	at java.util.stream.ForEachOps$ForEachOp.evaluateSequential(ForEachOps.java:150)
	at java.util.stream.ForEachOps$ForEachOp$OfRef.evaluateSequential(ForEachOps.java:173)
	at java.util.stream.AbstractPipeline.evaluate(AbstractPipeline.java:234)
	at java.util.stream.ReferencePipeline.forEach(ReferencePipeline.java:485)
	at org.junit.vintage.engine.VintageTestEngine.executeAllChildren(VintageTestEngine.java:82)
	at org.junit.vintage.engine.VintageTestEngine.execute(VintageTestEngine.java:73)
	at org.junit.platform.launcher.core.DefaultLauncher.execute(DefaultLauncher.java:248)
	at org.junit.platform.launcher.core.DefaultLauncher.lambda$execute$5(DefaultLauncher.java:211)
	at org.junit.platform.launcher.core.DefaultLauncher.withInterceptedStreams(DefaultLauncher.java:226)
	at org.junit.platform.launcher.core.DefaultLauncher.execute(DefaultLauncher.java:199)
	at org.junit.platform.launcher.core.DefaultLauncher.execute(DefaultLauncher.java:132)
	at org.apache.maven.surefire.junitplatform.JUnitPlatformProvider.invokeAllTests(JUnitPlatformProvider.java:154)
	at org.apache.maven.surefire.junitplatform.JUnitPlatformProvider.invoke(JUnitPlatformProvider.java:123)
	at org.apache.maven.surefire.booter.ForkedBooter.runSuitesInProcess(ForkedBooter.java:377)
	at org.apache.maven.surefire.booter.ForkedBooter.execute(ForkedBooter.java:138)
	at org.apache.maven.surefire.booter.ForkedBooter.run(ForkedBooter.java:465)
	at org.apache.maven.surefire.booter.ForkedBooter.main(ForkedBooter.java:451)
]]></error>
    <system-err><![CDATA[2024-04-24T05:14:12,343  WARN [main] conf.HiveConf: HiveConf of name hive.metastore.metadb.dir does not exist
2024-04-24T05:14:12,343  WARN [main] conf.HiveConf: HiveConf of name hive.dummyparam.test.server.specific.config.metastoresite does not exist
2024-04-24T05:14:12,344  WARN [main] conf.HiveConf: HiveConf of name hive.llap.io.cache.orc.alloc.min does not exist
2024-04-24T05:14:12,344  WARN [main] conf.HiveConf: HiveConf of name hive.metastore.client.cache.maxSize does not exist
2024-04-24T05:14:12,344  WARN [main] conf.HiveConf: HiveConf of name hive.dummyparam.test.server.specific.config.override does not exist
2024-04-24T05:14:12,344  WARN [main] conf.HiveConf: HiveConf of name hive.llap.io.cache.orc.alloc.max does not exist
2024-04-24T05:14:12,344  WARN [main] conf.HiveConf: HiveConf of name hive.llap.io.cache.orc.arena.size does not exist
2024-04-24T05:14:12,344  WARN [main] conf.HiveConf: HiveConf of name hive.llap.io.cache.orc.size does not exist
2024-04-24T05:14:12,344  WARN [main] conf.HiveConf: HiveConf of name hive.stats.key.prefix.reserve.length does not exist
2024-04-24T05:14:12,344  WARN [main] conf.HiveConf: HiveConf of name hive.metastore.client.cache.recordStats does not exist
2024-04-24T05:14:12,344  WARN [main] conf.HiveConf: HiveConf of name hive.dummyparam.test.server.specific.config.hivesite does not exist
2024-04-24T05:14:12,346  INFO [main] utils.TestTxnDbUtil: Creating transactional tables
Hive Session ID = d7b017aa-bccb-427b-b3fb-16bf5c87963a
2024-04-24T05:14:12,349  INFO [main] SessionState: Hive Session ID = d7b017aa-bccb-427b-b3fb-16bf5c87963a
ivysettings.xml file not found in HIVE_HOME or HIVE_CONF_DIR,/home/alex/Repositories/hive/conf/ivysettings.xml will be used
2024-04-24T05:14:12,349  INFO [main] DependencyResolver: ivysettings.xml file not found in HIVE_HOME or HIVE_CONF_DIR,/home/alex/Repositories/hive/conf/ivysettings.xml will be used
2024-04-24T05:14:12,354  INFO [main] session.SessionState: Created HDFS directory: /home/alex/Repositories/hive/ql/target/tmp/scratchdir/alex/d7b017aa-bccb-427b-b3fb-16bf5c87963a
2024-04-24T05:14:12,357  INFO [main] session.SessionState: Created local directory: /home/alex/Repositories/hive/ql/target/tmp/localscratchdir/d7b017aa-bccb-427b-b3fb-16bf5c87963a
2024-04-24T05:14:12,359  INFO [main] session.SessionState: Created HDFS directory: /home/alex/Repositories/hive/ql/target/tmp/scratchdir/alex/d7b017aa-bccb-427b-b3fb-16bf5c87963a/_tmp_space.db
2024-04-24T05:14:12,359  INFO [main] sqlstd.SQLStdHiveAccessController: Created SQLStdHiveAccessController for session context : HiveAuthzSessionContext [sessionString=d7b017aa-bccb-427b-b3fb-16bf5c87963a, clientType=HIVECLI]
2024-04-24T05:14:12,360  INFO [main] ql.TxnCommandsBaseForTests: Running the query: drop table if exists acidTbl
2024-04-24T05:14:12,360  INFO [main] ql.Driver: Compiling command(queryId=alex_20240424051412_5afb2f1a-d22b-4e5c-baf3-3f0ab103d565): drop table if exists acidTbl
2024-04-24T05:14:12,368  INFO [main] txn.TxnHandler: Added entries to MIN_HISTORY_LEVEL for current txns: ([1]) with min_open_txn: 1
2024-04-24T05:14:12,368  INFO [main] lockmgr.DbTxnManager: Opened txnid:1
2024-04-24T05:14:12,370  INFO [main] HiveMetaStore.audit: ugi=alex	ip=unknown-ip-addr	cmd=get_table : tbl=hive.default.acidTbl	
2024-04-24T05:14:12,373  INFO [main] ql.Driver: Semantic Analysis Completed (retrial = false)
2024-04-24T05:14:12,373  INFO [main] ql.Driver: Created Hive schema: Schema(fieldSchemas:null, properties:null)
2024-04-24T05:14:12,373  INFO [main] metadata.Hive: Dumping metastore api call timing information for : compilation phase
2024-04-24T05:14:12,374  INFO [main] metadata.Hive: Total time spent in each metastore function (ms): {flushCache_()=0, isCompatibleWith_(Configuration)=0, getValidTxns_(long)=2, commitTxn_(CommitTxnRequest)=11, openTxn_(String, TxnType)=8}
2024-04-24T05:14:12,374  INFO [main] ql.Driver: Completed compiling command(queryId=alex_20240424051412_5afb2f1a-d22b-4e5c-baf3-3f0ab103d565); Time taken: 0.013 seconds
2024-04-24T05:14:12,374  INFO [main] lockmgr.DbTxnManager: Setting lock request transaction to txnid:1 for queryId=alex_20240424051412_5afb2f1a-d22b-4e5c-baf3-3f0ab103d565
2024-04-24T05:14:12,374  INFO [main] ql.Driver: Operation DROPTABLE obtained 0 locks
2024-04-24T05:14:12,374  INFO [main] ql.Driver: Executing command(queryId=alex_20240424051412_5afb2f1a-d22b-4e5c-baf3-3f0ab103d565): drop table if exists acidTbl
2024-04-24T05:14:12,374  INFO [main] ql.Driver: Starting task [Stage-0:DDL] in serial mode
2024-04-24T05:14:12,374  INFO [main] HiveMetaStore.audit: ugi=alex	ip=unknown-ip-addr	cmd=get_table : tbl=hive.default.acidTbl	
2024-04-24T05:14:12,377  INFO [main] metadata.Hive: Dumping metastore api call timing information for : execution phase
2024-04-24T05:14:12,377  INFO [main] metadata.Hive: Total time spent in each metastore function (ms): {isCompatibleWith_(Configuration)=0}
2024-04-24T05:14:12,378  INFO [main] ql.Driver: Completed executing command(queryId=alex_20240424051412_5afb2f1a-d22b-4e5c-baf3-3f0ab103d565); Time taken: 0.003 seconds
2024-04-24T05:14:12,378  INFO [main] lockmgr.DbTxnManager: Stopped heartbeat for query: alex_20240424051412_5afb2f1a-d22b-4e5c-baf3-3f0ab103d565
2024-04-24T05:14:12,384  INFO [main] txn.TxnHandler: Expected to move at least one record from txn_components to completed_txn_components when committing txn! txnid:1
2024-04-24T05:14:12,390  INFO [main] txn.TxnHandler: Removed transactions: ([1]) from MIN_HISTORY_LEVEL
2024-04-24T05:14:12,390  WARN [main] txn.CompactionTxnHandler: No compaction queue record found for Compaction type transaction commit. txnId:1
2024-04-24T05:14:12,390  INFO [main] ql.TxnCommandsBaseForTests: Running the query: drop table if exists acidTblPart
2024-04-24T05:14:12,391  INFO [main] ql.Driver: Compiling command(queryId=alex_20240424051412_65b881a7-7541-4c4b-99e4-5f74b4a5fedf): drop table if exists acidTblPart
2024-04-24T05:14:12,393  INFO [main] txn.TxnHandler: Added entries to MIN_HISTORY_LEVEL for current txns: ([2]) with min_open_txn: 1
2024-04-24T05:14:12,393  INFO [main] lockmgr.DbTxnManager: Opened txnid:2
2024-04-24T05:14:12,393  INFO [main] HiveMetaStore.audit: ugi=alex	ip=unknown-ip-addr	cmd=get_table : tbl=hive.default.acidTblPart	
2024-04-24T05:14:12,396  INFO [main] ql.Driver: Semantic Analysis Completed (retrial = false)
2024-04-24T05:14:12,396  INFO [main] ql.Driver: Created Hive schema: Schema(fieldSchemas:null, properties:null)
2024-04-24T05:14:12,396  INFO [main] metadata.Hive: Dumping metastore api call timing information for : compilation phase
2024-04-24T05:14:12,396  INFO [main] metadata.Hive: Total time spent in each metastore function (ms): {isCompatibleWith_(Configuration)=0, getValidTxns_(long)=0, commitTxn_(CommitTxnRequest)=12, flushCache_()=0, openTxn_(String, TxnType)=2}
2024-04-24T05:14:12,397  INFO [main] ql.Driver: Completed compiling command(queryId=alex_20240424051412_65b881a7-7541-4c4b-99e4-5f74b4a5fedf); Time taken: 0.006 seconds
2024-04-24T05:14:12,397  INFO [main] lockmgr.DbTxnManager: Setting lock request transaction to txnid:2 for queryId=alex_20240424051412_65b881a7-7541-4c4b-99e4-5f74b4a5fedf
2024-04-24T05:14:12,397  INFO [main] ql.Driver: Operation DROPTABLE obtained 0 locks
2024-04-24T05:14:12,397  INFO [main] ql.Driver: Executing command(queryId=alex_20240424051412_65b881a7-7541-4c4b-99e4-5f74b4a5fedf): drop table if exists acidTblPart
2024-04-24T05:14:12,397  INFO [main] ql.Driver: Starting task [Stage-0:DDL] in serial mode
2024-04-24T05:14:12,397  INFO [main] HiveMetaStore.audit: ugi=alex	ip=unknown-ip-addr	cmd=get_table : tbl=hive.default.acidTblPart	
2024-04-24T05:14:12,400  INFO [main] metadata.Hive: Dumping metastore api call timing information for : execution phase
2024-04-24T05:14:12,401  INFO [main] metadata.Hive: Total time spent in each metastore function (ms): {isCompatibleWith_(Configuration)=0}
2024-04-24T05:14:12,401  INFO [main] ql.Driver: Completed executing command(queryId=alex_20240424051412_65b881a7-7541-4c4b-99e4-5f74b4a5fedf); Time taken: 0.003 seconds
2024-04-24T05:14:12,401  INFO [main] lockmgr.DbTxnManager: Stopped heartbeat for query: alex_20240424051412_65b881a7-7541-4c4b-99e4-5f74b4a5fedf
2024-04-24T05:14:12,406  INFO [main] txn.TxnHandler: Expected to move at least one record from txn_components to completed_txn_components when committing txn! txnid:2
2024-04-24T05:14:12,412  INFO [main] txn.TxnHandler: Removed transactions: ([2]) from MIN_HISTORY_LEVEL
2024-04-24T05:14:12,412  WARN [main] txn.CompactionTxnHandler: No compaction queue record found for Compaction type transaction commit. txnId:2
2024-04-24T05:14:12,412  INFO [main] ql.TxnCommandsBaseForTests: Running the query: drop table if exists acidTbl2
2024-04-24T05:14:12,413  INFO [main] ql.Driver: Compiling command(queryId=alex_20240424051412_99652b10-2930-4047-b946-bc2a51ea159c): drop table if exists acidTbl2
2024-04-24T05:14:12,415  INFO [main] txn.TxnHandler: Added entries to MIN_HISTORY_LEVEL for current txns: ([3]) with min_open_txn: 1
2024-04-24T05:14:12,415  INFO [main] lockmgr.DbTxnManager: Opened txnid:3
2024-04-24T05:14:12,415  INFO [main] HiveMetaStore.audit: ugi=alex	ip=unknown-ip-addr	cmd=get_table : tbl=hive.default.acidTbl2	
2024-04-24T05:14:12,418  INFO [main] ql.Driver: Semantic Analysis Completed (retrial = false)
2024-04-24T05:14:12,418  INFO [main] ql.Driver: Created Hive schema: Schema(fieldSchemas:null, properties:null)
2024-04-24T05:14:12,418  INFO [main] metadata.Hive: Dumping metastore api call timing information for : compilation phase
2024-04-24T05:14:12,418  INFO [main] metadata.Hive: Total time spent in each metastore function (ms): {isCompatibleWith_(Configuration)=0, commitTxn_(CommitTxnRequest)=11, getValidTxns_(long)=0, flushCache_()=0, openTxn_(String, TxnType)=2}
2024-04-24T05:14:12,419  INFO [main] ql.Driver: Completed compiling command(queryId=alex_20240424051412_99652b10-2930-4047-b946-bc2a51ea159c); Time taken: 0.005 seconds
2024-04-24T05:14:12,419  INFO [main] lockmgr.DbTxnManager: Setting lock request transaction to txnid:3 for queryId=alex_20240424051412_99652b10-2930-4047-b946-bc2a51ea159c
2024-04-24T05:14:12,419  INFO [main] ql.Driver: Operation DROPTABLE obtained 0 locks
2024-04-24T05:14:12,419  INFO [main] ql.Driver: Executing command(queryId=alex_20240424051412_99652b10-2930-4047-b946-bc2a51ea159c): drop table if exists acidTbl2
2024-04-24T05:14:12,419  INFO [main] ql.Driver: Starting task [Stage-0:DDL] in serial mode
2024-04-24T05:14:12,419  INFO [main] HiveMetaStore.audit: ugi=alex	ip=unknown-ip-addr	cmd=get_table : tbl=hive.default.acidTbl2	
2024-04-24T05:14:12,422  INFO [main] metadata.Hive: Dumping metastore api call timing information for : execution phase
2024-04-24T05:14:12,422  INFO [main] metadata.Hive: Total time spent in each metastore function (ms): {isCompatibleWith_(Configuration)=0}
2024-04-24T05:14:12,422  INFO [main] ql.Driver: Completed executing command(queryId=alex_20240424051412_99652b10-2930-4047-b946-bc2a51ea159c); Time taken: 0.003 seconds
2024-04-24T05:14:12,422  INFO [main] lockmgr.DbTxnManager: Stopped heartbeat for query: alex_20240424051412_99652b10-2930-4047-b946-bc2a51ea159c
2024-04-24T05:14:12,428  INFO [main] txn.TxnHandler: Expected to move at least one record from txn_components to completed_txn_components when committing txn! txnid:3
2024-04-24T05:14:12,434  INFO [main] txn.TxnHandler: Removed transactions: ([3]) from MIN_HISTORY_LEVEL
2024-04-24T05:14:12,434  WARN [main] txn.CompactionTxnHandler: No compaction queue record found for Compaction type transaction commit. txnId:3
2024-04-24T05:14:12,435  INFO [main] ql.TxnCommandsBaseForTests: Running the query: drop table if exists nonAcidOrcTbl
2024-04-24T05:14:12,435  INFO [main] ql.Driver: Compiling command(queryId=alex_20240424051412_61afb6a4-5675-4dd7-9a62-f6a0e1ed4908): drop table if exists nonAcidOrcTbl
2024-04-24T05:14:12,437  INFO [main] txn.TxnHandler: Added entries to MIN_HISTORY_LEVEL for current txns: ([4]) with min_open_txn: 1
2024-04-24T05:14:12,437  INFO [main] lockmgr.DbTxnManager: Opened txnid:4
2024-04-24T05:14:12,438  INFO [main] HiveMetaStore.audit: ugi=alex	ip=unknown-ip-addr	cmd=get_table : tbl=hive.default.nonAcidOrcTbl	
2024-04-24T05:14:12,441  INFO [main] ql.Driver: Semantic Analysis Completed (retrial = false)
2024-04-24T05:14:12,441  INFO [main] ql.Driver: Created Hive schema: Schema(fieldSchemas:null, properties:null)
2024-04-24T05:14:12,441  INFO [main] metadata.Hive: Dumping metastore api call timing information for : compilation phase
2024-04-24T05:14:12,441  INFO [main] metadata.Hive: Total time spent in each metastore function (ms): {getValidTxns_(long)=1, commitTxn_(CommitTxnRequest)=13, flushCache_()=0, openTxn_(String, TxnType)=2, isCompatibleWith_(Configuration)=0}
2024-04-24T05:14:12,441  INFO [main] ql.Driver: Completed compiling command(queryId=alex_20240424051412_61afb6a4-5675-4dd7-9a62-f6a0e1ed4908); Time taken: 0.006 seconds
2024-04-24T05:14:12,441  INFO [main] lockmgr.DbTxnManager: Setting lock request transaction to txnid:4 for queryId=alex_20240424051412_61afb6a4-5675-4dd7-9a62-f6a0e1ed4908
2024-04-24T05:14:12,441  INFO [main] ql.Driver: Operation DROPTABLE obtained 0 locks
2024-04-24T05:14:12,441  INFO [main] ql.Driver: Executing command(queryId=alex_20240424051412_61afb6a4-5675-4dd7-9a62-f6a0e1ed4908): drop table if exists nonAcidOrcTbl
2024-04-24T05:14:12,441  INFO [main] ql.Driver: Starting task [Stage-0:DDL] in serial mode
2024-04-24T05:14:12,442  INFO [main] HiveMetaStore.audit: ugi=alex	ip=unknown-ip-addr	cmd=get_table : tbl=hive.default.nonAcidOrcTbl	
2024-04-24T05:14:12,444  INFO [main] metadata.Hive: Dumping metastore api call timing information for : execution phase
2024-04-24T05:14:12,445  INFO [main] metadata.Hive: Total time spent in each metastore function (ms): {isCompatibleWith_(Configuration)=1}
2024-04-24T05:14:12,445  INFO [main] ql.Driver: Completed executing command(queryId=alex_20240424051412_61afb6a4-5675-4dd7-9a62-f6a0e1ed4908); Time taken: 0.003 seconds
2024-04-24T05:14:12,445  INFO [main] lockmgr.DbTxnManager: Stopped heartbeat for query: alex_20240424051412_61afb6a4-5675-4dd7-9a62-f6a0e1ed4908
2024-04-24T05:14:12,449  INFO [main] txn.TxnHandler: Expected to move at least one record from txn_components to completed_txn_components when committing txn! txnid:4
2024-04-24T05:14:12,454  INFO [main] txn.TxnHandler: Removed transactions: ([4]) from MIN_HISTORY_LEVEL
2024-04-24T05:14:12,454  WARN [main] txn.CompactionTxnHandler: No compaction queue record found for Compaction type transaction commit. txnId:4
2024-04-24T05:14:12,455  INFO [main] ql.TxnCommandsBaseForTests: Running the query: drop table if exists nonAcidOrcTbl2
2024-04-24T05:14:12,455  INFO [main] ql.Driver: Compiling command(queryId=alex_20240424051412_167e2f97-9598-458f-9892-c405d38e5914): drop table if exists nonAcidOrcTbl2
2024-04-24T05:14:12,457  INFO [main] txn.TxnHandler: Added entries to MIN_HISTORY_LEVEL for current txns: ([5]) with min_open_txn: 1
2024-04-24T05:14:12,457  INFO [main] lockmgr.DbTxnManager: Opened txnid:5
2024-04-24T05:14:12,458  INFO [main] HiveMetaStore.audit: ugi=alex	ip=unknown-ip-addr	cmd=get_table : tbl=hive.default.nonAcidOrcTbl2	
2024-04-24T05:14:12,461  INFO [main] ql.Driver: Semantic Analysis Completed (retrial = false)
2024-04-24T05:14:12,461  INFO [main] ql.Driver: Created Hive schema: Schema(fieldSchemas:null, properties:null)
2024-04-24T05:14:12,461  INFO [main] metadata.Hive: Dumping metastore api call timing information for : compilation phase
2024-04-24T05:14:12,461  INFO [main] metadata.Hive: Total time spent in each metastore function (ms): {isCompatibleWith_(Configuration)=0, openTxn_(String, TxnType)=1, commitTxn_(CommitTxnRequest)=10, getValidTxns_(long)=0, flushCache_()=0}
2024-04-24T05:14:12,461  INFO [main] ql.Driver: Completed compiling command(queryId=alex_20240424051412_167e2f97-9598-458f-9892-c405d38e5914); Time taken: 0.006 seconds
2024-04-24T05:14:12,461  INFO [main] lockmgr.DbTxnManager: Setting lock request transaction to txnid:5 for queryId=alex_20240424051412_167e2f97-9598-458f-9892-c405d38e5914
2024-04-24T05:14:12,461  INFO [main] ql.Driver: Operation DROPTABLE obtained 0 locks
2024-04-24T05:14:12,461  INFO [main] ql.Driver: Executing command(queryId=alex_20240424051412_167e2f97-9598-458f-9892-c405d38e5914): drop table if exists nonAcidOrcTbl2
2024-04-24T05:14:12,462  INFO [main] ql.Driver: Starting task [Stage-0:DDL] in serial mode
2024-04-24T05:14:12,462  INFO [main] HiveMetaStore.audit: ugi=alex	ip=unknown-ip-addr	cmd=get_table : tbl=hive.default.nonAcidOrcTbl2	
2024-04-24T05:14:12,464  INFO [main] metadata.Hive: Dumping metastore api call timing information for : execution phase
2024-04-24T05:14:12,465  INFO [main] metadata.Hive: Total time spent in each metastore function (ms): {isCompatibleWith_(Configuration)=0}
2024-04-24T05:14:12,465  INFO [main] ql.Driver: Completed executing command(queryId=alex_20240424051412_167e2f97-9598-458f-9892-c405d38e5914); Time taken: 0.003 seconds
2024-04-24T05:14:12,465  INFO [main] lockmgr.DbTxnManager: Stopped heartbeat for query: alex_20240424051412_167e2f97-9598-458f-9892-c405d38e5914
2024-04-24T05:14:12,469  INFO [main] txn.TxnHandler: Expected to move at least one record from txn_components to completed_txn_components when committing txn! txnid:5
2024-04-24T05:14:12,474  INFO [main] txn.TxnHandler: Removed transactions: ([5]) from MIN_HISTORY_LEVEL
2024-04-24T05:14:12,474  WARN [main] txn.CompactionTxnHandler: No compaction queue record found for Compaction type transaction commit. txnId:5
2024-04-24T05:14:12,475  INFO [main] ql.TxnCommandsBaseForTests: Running the query: drop table if exists nonAcidNonBucket
2024-04-24T05:14:12,475  INFO [main] ql.Driver: Compiling command(queryId=alex_20240424051412_91fa20b5-1465-4b71-bd02-a0b0feb28832): drop table if exists nonAcidNonBucket
2024-04-24T05:14:12,477  INFO [main] txn.TxnHandler: Added entries to MIN_HISTORY_LEVEL for current txns: ([6]) with min_open_txn: 1
2024-04-24T05:14:12,477  INFO [main] lockmgr.DbTxnManager: Opened txnid:6
2024-04-24T05:14:12,478  INFO [main] HiveMetaStore.audit: ugi=alex	ip=unknown-ip-addr	cmd=get_table : tbl=hive.default.nonAcidNonBucket	
2024-04-24T05:14:12,480  INFO [main] ql.Driver: Semantic Analysis Completed (retrial = false)
2024-04-24T05:14:12,481  INFO [main] ql.Driver: Created Hive schema: Schema(fieldSchemas:null, properties:null)
2024-04-24T05:14:12,481  INFO [main] metadata.Hive: Dumping metastore api call timing information for : compilation phase
2024-04-24T05:14:12,481  INFO [main] metadata.Hive: Total time spent in each metastore function (ms): {openTxn_(String, TxnType)=2, isCompatibleWith_(Configuration)=0, commitTxn_(CommitTxnRequest)=10, flushCache_()=0, getValidTxns_(long)=1}
2024-04-24T05:14:12,481  INFO [main] ql.Driver: Completed compiling command(queryId=alex_20240424051412_91fa20b5-1465-4b71-bd02-a0b0feb28832); Time taken: 0.006 seconds
2024-04-24T05:14:12,481  INFO [main] lockmgr.DbTxnManager: Setting lock request transaction to txnid:6 for queryId=alex_20240424051412_91fa20b5-1465-4b71-bd02-a0b0feb28832
2024-04-24T05:14:12,481  INFO [main] ql.Driver: Operation DROPTABLE obtained 0 locks
2024-04-24T05:14:12,481  INFO [main] ql.Driver: Executing command(queryId=alex_20240424051412_91fa20b5-1465-4b71-bd02-a0b0feb28832): drop table if exists nonAcidNonBucket
2024-04-24T05:14:12,481  INFO [main] ql.Driver: Starting task [Stage-0:DDL] in serial mode
2024-04-24T05:14:12,482  INFO [main] HiveMetaStore.audit: ugi=alex	ip=unknown-ip-addr	cmd=get_table : tbl=hive.default.nonAcidNonBucket	
2024-04-24T05:14:12,485  INFO [main] metadata.Hive: Dumping metastore api call timing information for : execution phase
2024-04-24T05:14:12,485  INFO [main] metadata.Hive: Total time spent in each metastore function (ms): {isCompatibleWith_(Configuration)=1}
2024-04-24T05:14:12,485  INFO [main] ql.Driver: Completed executing command(queryId=alex_20240424051412_91fa20b5-1465-4b71-bd02-a0b0feb28832); Time taken: 0.004 seconds
2024-04-24T05:14:12,485  INFO [main] lockmgr.DbTxnManager: Stopped heartbeat for query: alex_20240424051412_91fa20b5-1465-4b71-bd02-a0b0feb28832
2024-04-24T05:14:12,490  INFO [main] txn.TxnHandler: Expected to move at least one record from txn_components to completed_txn_components when committing txn! txnid:6
2024-04-24T05:14:12,494  INFO [main] txn.TxnHandler: Removed transactions: ([6]) from MIN_HISTORY_LEVEL
2024-04-24T05:14:12,495  WARN [main] txn.CompactionTxnHandler: No compaction queue record found for Compaction type transaction commit. txnId:6
2024-04-24T05:14:12,495  INFO [main] ql.TxnCommandsBaseForTests: Running the query: create table acidTbl(a int, b int) clustered by (a) into 2 buckets stored as orc TBLPROPERTIES ('transactional'='true')
2024-04-24T05:14:12,495  INFO [main] ql.Driver: Compiling command(queryId=alex_20240424051412_232746fc-1bb9-450e-b448-245767290ec7): create table acidTbl(a int, b int) clustered by (a) into 2 buckets stored as orc TBLPROPERTIES ('transactional'='true')
2024-04-24T05:14:12,497  INFO [main] txn.TxnHandler: Added entries to MIN_HISTORY_LEVEL for current txns: ([7]) with min_open_txn: 1
2024-04-24T05:14:12,497  INFO [main] lockmgr.DbTxnManager: Opened txnid:7
2024-04-24T05:14:12,498  INFO [main] parse.CalcitePlanner: Starting caching scope for: 
2024-04-24T05:14:12,498  INFO [main] parse.CalcitePlanner: Starting Semantic Analysis
2024-04-24T05:14:12,503  INFO [main] parse.CalcitePlanner: Creating table default.acidTbl position=13
2024-04-24T05:14:12,504  INFO [main] HiveMetaStore.audit: ugi=alex	ip=unknown-ip-addr	cmd=get_database: default	
2024-04-24T05:14:12,505  INFO [main] parse.CalcitePlanner: Ending caching scope for: 
2024-04-24T05:14:12,505  INFO [main] ql.Driver: Semantic Analysis Completed (retrial = false)
2024-04-24T05:14:12,505  INFO [main] ql.Driver: Created Hive schema: Schema(fieldSchemas:null, properties:null)
2024-04-24T05:14:12,505  INFO [main] metadata.Hive: Dumping metastore api call timing information for : compilation phase
2024-04-24T05:14:12,505  INFO [main] metadata.Hive: Total time spent in each metastore function (ms): {getValidWriteIds_(List, String)=5, flushCache_()=0, getDatabase_(String)=1, isCompatibleWith_(Configuration)=1, openTxn_(String, TxnType)=1, getValidTxns_(long)=0, commitTxn_(CommitTxnRequest)=10}
2024-04-24T05:14:12,505  INFO [main] ql.Driver: Completed compiling command(queryId=alex_20240424051412_232746fc-1bb9-450e-b448-245767290ec7); Time taken: 0.01 seconds
2024-04-24T05:14:12,506  INFO [main] lockmgr.DbTxnManager: Setting lock request transaction to txnid:7 for queryId=alex_20240424051412_232746fc-1bb9-450e-b448-245767290ec7
2024-04-24T05:14:12,506  INFO [main] lockmgr.DbLockManager: Requesting lock for queryId=alex_20240424051412_232746fc-1bb9-450e-b448-245767290ec7
2024-04-24T05:14:12,521  INFO [main] lockmgr.DbLockManager: Response to queryId=alex_20240424051412_232746fc-1bb9-450e-b448-245767290ec7 LockResponse(lockid:1, state:ACQUIRED)
2024-04-24T05:14:12,522  INFO [main] ql.Driver: Operation CREATETABLE obtained 1 locks
2024-04-24T05:14:12,522  INFO [main] ql.Driver: Executing command(queryId=alex_20240424051412_232746fc-1bb9-450e-b448-245767290ec7): create table acidTbl(a int, b int) clustered by (a) into 2 buckets stored as orc TBLPROPERTIES ('transactional'='true')
2024-04-24T05:14:12,522  INFO [main] ql.Driver: Starting task [Stage-0:DDL] in serial mode
2024-04-24T05:14:12,523  INFO [main] HiveMetaStore.audit: ugi=alex	ip=unknown-ip-addr	cmd=create_table_req: Table(tableName:acidTbl, dbName:default, owner:alex, createTime:1713960852, lastAccessTime:0, retention:0, sd:StorageDescriptor(cols:[FieldSchema(name:a, type:int, comment:null), FieldSchema(name:b, type:int, comment:null)], location:null, inputFormat:org.apache.hadoop.hive.ql.io.orc.OrcInputFormat, outputFormat:org.apache.hadoop.hive.ql.io.orc.OrcOutputFormat, compressed:false, numBuckets:2, serdeInfo:SerDeInfo(name:null, serializationLib:org.apache.hadoop.hive.ql.io.orc.OrcSerde, parameters:{serialization.format=1}), bucketCols:[a], sortCols:[], parameters:{}, skewedInfo:SkewedInfo(skewedColNames:[], skewedColValues:[], skewedColValueLocationMaps:{}), storedAsSubDirectories:false), partitionKeys:[], parameters:{totalSize=0, bucketing_version=2, numFiles=0, numRows=0, transactional=true, COLUMN_STATS_ACCURATE={"BASIC_STATS":"true","COLUMN_STATS":{"a":"true","b":"true"}}, rawDataSize=0, numFilesErasureCoded=0}, viewOriginalText:null, viewExpandedText:null, tableType:MANAGED_TABLE, privileges:PrincipalPrivilegeSet(userPrivileges:{alex=[PrivilegeGrantInfo(privilege:INSERT, createTime:-1, grantor:alex, grantorType:USER, grantOption:true), PrivilegeGrantInfo(privilege:SELECT, createTime:-1, grantor:alex, grantorType:USER, grantOption:true), PrivilegeGrantInfo(privilege:UPDATE, createTime:-1, grantor:alex, grantorType:USER, grantOption:true), PrivilegeGrantInfo(privilege:DELETE, createTime:-1, grantor:alex, grantorType:USER, grantOption:true)]}, groupPrivileges:null, rolePrivileges:null), temporary:false, catName:hive, ownerType:USER, writeId:0)	
2024-04-24T05:14:12,528  INFO [main] utils.FileUtils: Creating directory if it doesn't exist: file:/home/alex/Repositories/hive/ql/target/tmp/org.apache.hadoop.hive.ql.TestTxnCommands-1713960750541/warehouse/acidtbl
2024-04-24T05:14:12,559  INFO [main] metadata.Hive: Dumping metastore api call timing information for : execution phase
2024-04-24T05:14:12,559  INFO [main] metadata.Hive: Total time spent in each metastore function (ms): {createTable_(Table)=36, isCompatibleWith_(Configuration)=0}
2024-04-24T05:14:12,559  INFO [main] ql.Driver: Completed executing command(queryId=alex_20240424051412_232746fc-1bb9-450e-b448-245767290ec7); Time taken: 0.037 seconds
2024-04-24T05:14:12,559  INFO [main] lockmgr.DbTxnManager: Stopped heartbeat for query: alex_20240424051412_232746fc-1bb9-450e-b448-245767290ec7
2024-04-24T05:14:12,563  INFO [main] txn.TxnHandler: Expected to move at least one record from txn_components to completed_txn_components when committing txn! txnid:7
2024-04-24T05:14:12,568  INFO [main] txn.TxnHandler: Removed transactions: ([7]) from MIN_HISTORY_LEVEL
2024-04-24T05:14:12,568  WARN [main] txn.CompactionTxnHandler: No compaction queue record found for Compaction type transaction commit. txnId:7
2024-04-24T05:14:12,568  INFO [main] ql.TxnCommandsBaseForTests: Running the query: create table acidTblPart(a int, b int) partitioned by (p string) clustered by (a) into 2 buckets stored as orc TBLPROPERTIES ('transactional'='true')
2024-04-24T05:14:12,569  INFO [main] ql.Driver: Compiling command(queryId=alex_20240424051412_076abf59-2267-46ac-b95b-db5342eb3112): create table acidTblPart(a int, b int) partitioned by (p string) clustered by (a) into 2 buckets stored as orc TBLPROPERTIES ('transactional'='true')
2024-04-24T05:14:12,571  INFO [main] txn.TxnHandler: Added entries to MIN_HISTORY_LEVEL for current txns: ([8]) with min_open_txn: 1
2024-04-24T05:14:12,571  INFO [main] lockmgr.DbTxnManager: Opened txnid:8
2024-04-24T05:14:12,572  INFO [main] parse.CalcitePlanner: Starting caching scope for: 
2024-04-24T05:14:12,572  INFO [main] parse.CalcitePlanner: Starting Semantic Analysis
2024-04-24T05:14:12,574  INFO [main] parse.CalcitePlanner: Creating table default.acidTblPart position=13
2024-04-24T05:14:12,574  INFO [main] HiveMetaStore.audit: ugi=alex	ip=unknown-ip-addr	cmd=get_database: default	
2024-04-24T05:14:12,575  INFO [main] parse.CalcitePlanner: Ending caching scope for: 
2024-04-24T05:14:12,575  INFO [main] ql.Driver: Semantic Analysis Completed (retrial = false)
2024-04-24T05:14:12,576  INFO [main] ql.Driver: Created Hive schema: Schema(fieldSchemas:null, properties:null)
2024-04-24T05:14:12,576  INFO [main] metadata.Hive: Dumping metastore api call timing information for : compilation phase
2024-04-24T05:14:12,576  INFO [main] metadata.Hive: Total time spent in each metastore function (ms): {openTxn_(String, TxnType)=2, getDatabase_(String)=1, isCompatibleWith_(Configuration)=0, getValidTxns_(long)=1, flushCache_()=0, getValidWriteIds_(List, String)=2, commitTxn_(CommitTxnRequest)=9}
2024-04-24T05:14:12,576  INFO [main] ql.Driver: Completed compiling command(queryId=alex_20240424051412_076abf59-2267-46ac-b95b-db5342eb3112); Time taken: 0.007 seconds
2024-04-24T05:14:12,576  INFO [main] lockmgr.DbTxnManager: Setting lock request transaction to txnid:8 for queryId=alex_20240424051412_076abf59-2267-46ac-b95b-db5342eb3112
2024-04-24T05:14:12,576  INFO [main] lockmgr.DbLockManager: Requesting lock for queryId=alex_20240424051412_076abf59-2267-46ac-b95b-db5342eb3112
2024-04-24T05:14:12,589  INFO [main] lockmgr.DbLockManager: Response to queryId=alex_20240424051412_076abf59-2267-46ac-b95b-db5342eb3112 LockResponse(lockid:2, state:ACQUIRED)
2024-04-24T05:14:12,589  INFO [main] ql.Driver: Operation CREATETABLE obtained 1 locks
2024-04-24T05:14:12,589  INFO [main] ql.Driver: Executing command(queryId=alex_20240424051412_076abf59-2267-46ac-b95b-db5342eb3112): create table acidTblPart(a int, b int) partitioned by (p string) clustered by (a) into 2 buckets stored as orc TBLPROPERTIES ('transactional'='true')
2024-04-24T05:14:12,590  INFO [main] ql.Driver: Starting task [Stage-0:DDL] in serial mode
2024-04-24T05:14:12,590  INFO [main] HiveMetaStore.audit: ugi=alex	ip=unknown-ip-addr	cmd=create_table_req: Table(tableName:acidTblPart, dbName:default, owner:alex, createTime:1713960852, lastAccessTime:0, retention:0, sd:StorageDescriptor(cols:[FieldSchema(name:a, type:int, comment:null), FieldSchema(name:b, type:int, comment:null)], location:null, inputFormat:org.apache.hadoop.hive.ql.io.orc.OrcInputFormat, outputFormat:org.apache.hadoop.hive.ql.io.orc.OrcOutputFormat, compressed:false, numBuckets:2, serdeInfo:SerDeInfo(name:null, serializationLib:org.apache.hadoop.hive.ql.io.orc.OrcSerde, parameters:{serialization.format=1}), bucketCols:[a], sortCols:[], parameters:{}, skewedInfo:SkewedInfo(skewedColNames:[], skewedColValues:[], skewedColValueLocationMaps:{}), storedAsSubDirectories:false), partitionKeys:[FieldSchema(name:p, type:string, comment:null)], parameters:{transactional=true, bucketing_version=2}, viewOriginalText:null, viewExpandedText:null, tableType:MANAGED_TABLE, privileges:PrincipalPrivilegeSet(userPrivileges:{alex=[PrivilegeGrantInfo(privilege:INSERT, createTime:-1, grantor:alex, grantorType:USER, grantOption:true), PrivilegeGrantInfo(privilege:SELECT, createTime:-1, grantor:alex, grantorType:USER, grantOption:true), PrivilegeGrantInfo(privilege:UPDATE, createTime:-1, grantor:alex, grantorType:USER, grantOption:true), PrivilegeGrantInfo(privilege:DELETE, createTime:-1, grantor:alex, grantorType:USER, grantOption:true)]}, groupPrivileges:null, rolePrivileges:null), temporary:false, catName:hive, ownerType:USER, writeId:0)	
2024-04-24T05:14:12,596  INFO [main] utils.FileUtils: Creating directory if it doesn't exist: file:/home/alex/Repositories/hive/ql/target/tmp/org.apache.hadoop.hive.ql.TestTxnCommands-1713960750541/warehouse/acidtblpart
2024-04-24T05:14:12,614  INFO [main] metadata.Hive: Dumping metastore api call timing information for : execution phase
2024-04-24T05:14:12,614  INFO [main] metadata.Hive: Total time spent in each metastore function (ms): {createTable_(Table)=24, isCompatibleWith_(Configuration)=0}
2024-04-24T05:14:12,615  INFO [main] ql.Driver: Completed executing command(queryId=alex_20240424051412_076abf59-2267-46ac-b95b-db5342eb3112); Time taken: 0.025 seconds
2024-04-24T05:14:12,615  INFO [main] lockmgr.DbTxnManager: Stopped heartbeat for query: alex_20240424051412_076abf59-2267-46ac-b95b-db5342eb3112
2024-04-24T05:14:12,619  INFO [main] txn.TxnHandler: Expected to move at least one record from txn_components to completed_txn_components when committing txn! txnid:8
2024-04-24T05:14:12,624  INFO [main] txn.TxnHandler: Removed transactions: ([8]) from MIN_HISTORY_LEVEL
2024-04-24T05:14:12,624  WARN [main] txn.CompactionTxnHandler: No compaction queue record found for Compaction type transaction commit. txnId:8
2024-04-24T05:14:12,625  INFO [main] ql.TxnCommandsBaseForTests: Running the query: create table nonAcidOrcTbl(a int, b int) clustered by (a) into 2 buckets stored as orc TBLPROPERTIES ('transactional'='false')
2024-04-24T05:14:12,625  INFO [main] ql.Driver: Compiling command(queryId=alex_20240424051412_a5246f9e-027a-43ef-98b4-4f9cc3ec8ea9): create table nonAcidOrcTbl(a int, b int) clustered by (a) into 2 buckets stored as orc TBLPROPERTIES ('transactional'='false')
2024-04-24T05:14:12,627  INFO [main] txn.TxnHandler: Added entries to MIN_HISTORY_LEVEL for current txns: ([9]) with min_open_txn: 1
2024-04-24T05:14:12,627  INFO [main] lockmgr.DbTxnManager: Opened txnid:9
2024-04-24T05:14:12,628  INFO [main] parse.CalcitePlanner: Starting caching scope for: 
2024-04-24T05:14:12,628  INFO [main] parse.CalcitePlanner: Starting Semantic Analysis
2024-04-24T05:14:12,630  INFO [main] parse.CalcitePlanner: Creating table default.nonAcidOrcTbl position=13
2024-04-24T05:14:12,630  INFO [main] HiveMetaStore.audit: ugi=alex	ip=unknown-ip-addr	cmd=get_database: default	
2024-04-24T05:14:12,631  INFO [main] parse.CalcitePlanner: Ending caching scope for: 
2024-04-24T05:14:12,632  INFO [main] ql.Driver: Semantic Analysis Completed (retrial = false)
2024-04-24T05:14:12,632  INFO [main] ql.Driver: Created Hive schema: Schema(fieldSchemas:null, properties:null)
2024-04-24T05:14:12,632  INFO [main] metadata.Hive: Dumping metastore api call timing information for : compilation phase
2024-04-24T05:14:12,632  INFO [main] metadata.Hive: Total time spent in each metastore function (ms): {getValidWriteIds_(List, String)=2, isCompatibleWith_(Configuration)=0, getValidTxns_(long)=1, getDatabase_(String)=1, flushCache_()=0, openTxn_(String, TxnType)=2, commitTxn_(CommitTxnRequest)=9}
2024-04-24T05:14:12,632  INFO [main] ql.Driver: Completed compiling command(queryId=alex_20240424051412_a5246f9e-027a-43ef-98b4-4f9cc3ec8ea9); Time taken: 0.007 seconds
2024-04-24T05:14:12,632  INFO [main] lockmgr.DbTxnManager: Setting lock request transaction to txnid:9 for queryId=alex_20240424051412_a5246f9e-027a-43ef-98b4-4f9cc3ec8ea9
2024-04-24T05:14:12,632  INFO [main] lockmgr.DbLockManager: Requesting lock for queryId=alex_20240424051412_a5246f9e-027a-43ef-98b4-4f9cc3ec8ea9
2024-04-24T05:14:12,645  INFO [main] lockmgr.DbLockManager: Response to queryId=alex_20240424051412_a5246f9e-027a-43ef-98b4-4f9cc3ec8ea9 LockResponse(lockid:3, state:ACQUIRED)
2024-04-24T05:14:12,646  INFO [main] ql.Driver: Operation CREATETABLE obtained 1 locks
2024-04-24T05:14:12,646  INFO [main] ql.Driver: Executing command(queryId=alex_20240424051412_a5246f9e-027a-43ef-98b4-4f9cc3ec8ea9): create table nonAcidOrcTbl(a int, b int) clustered by (a) into 2 buckets stored as orc TBLPROPERTIES ('transactional'='false')
2024-04-24T05:14:12,646  INFO [main] ql.Driver: Starting task [Stage-0:DDL] in serial mode
2024-04-24T05:14:12,647  INFO [main] HiveMetaStore.audit: ugi=alex	ip=unknown-ip-addr	cmd=create_table_req: Table(tableName:nonAcidOrcTbl, dbName:default, owner:alex, createTime:1713960852, lastAccessTime:0, retention:0, sd:StorageDescriptor(cols:[FieldSchema(name:a, type:int, comment:null), FieldSchema(name:b, type:int, comment:null)], location:null, inputFormat:org.apache.hadoop.hive.ql.io.orc.OrcInputFormat, outputFormat:org.apache.hadoop.hive.ql.io.orc.OrcOutputFormat, compressed:false, numBuckets:2, serdeInfo:SerDeInfo(name:null, serializationLib:org.apache.hadoop.hive.ql.io.orc.OrcSerde, parameters:{serialization.format=1}), bucketCols:[a], sortCols:[], parameters:{}, skewedInfo:SkewedInfo(skewedColNames:[], skewedColValues:[], skewedColValueLocationMaps:{}), storedAsSubDirectories:false), partitionKeys:[], parameters:{rawDataSize=0, bucketing_version=2, numRows=0, totalSize=0, numFiles=0, transactional=false, COLUMN_STATS_ACCURATE={"BASIC_STATS":"true","COLUMN_STATS":{"a":"true","b":"true"}}, numFilesErasureCoded=0}, viewOriginalText:null, viewExpandedText:null, tableType:MANAGED_TABLE, privileges:PrincipalPrivilegeSet(userPrivileges:{alex=[PrivilegeGrantInfo(privilege:INSERT, createTime:-1, grantor:alex, grantorType:USER, grantOption:true), PrivilegeGrantInfo(privilege:SELECT, createTime:-1, grantor:alex, grantorType:USER, grantOption:true), PrivilegeGrantInfo(privilege:UPDATE, createTime:-1, grantor:alex, grantorType:USER, grantOption:true), PrivilegeGrantInfo(privilege:DELETE, createTime:-1, grantor:alex, grantorType:USER, grantOption:true)]}, groupPrivileges:null, rolePrivileges:null), temporary:false, catName:hive, ownerType:USER)	
2024-04-24T05:14:12,652  INFO [main] utils.FileUtils: Creating directory if it doesn't exist: file:/home/alex/Repositories/hive/ql/target/tmp/org.apache.hadoop.hive.ql.TestTxnCommands-1713960750541/warehouse/nonacidorctbl
2024-04-24T05:14:12,668  INFO [main] metadata.Hive: Dumping metastore api call timing information for : execution phase
2024-04-24T05:14:12,668  INFO [main] metadata.Hive: Total time spent in each metastore function (ms): {isCompatibleWith_(Configuration)=0, createTable_(Table)=21}
2024-04-24T05:14:12,668  INFO [main] ql.Driver: Completed executing command(queryId=alex_20240424051412_a5246f9e-027a-43ef-98b4-4f9cc3ec8ea9); Time taken: 0.022 seconds
2024-04-24T05:14:12,668  INFO [main] lockmgr.DbTxnManager: Stopped heartbeat for query: alex_20240424051412_a5246f9e-027a-43ef-98b4-4f9cc3ec8ea9
2024-04-24T05:14:12,672  INFO [main] txn.TxnHandler: Expected to move at least one record from txn_components to completed_txn_components when committing txn! txnid:9
2024-04-24T05:14:12,678  INFO [main] txn.TxnHandler: Removed transactions: ([9]) from MIN_HISTORY_LEVEL
2024-04-24T05:14:12,679  WARN [main] txn.CompactionTxnHandler: No compaction queue record found for Compaction type transaction commit. txnId:9
2024-04-24T05:14:12,679  INFO [main] ql.TxnCommandsBaseForTests: Running the query: create table nonAcidOrcTbl2(a int, b int) clustered by (a) into 2 buckets stored as orc TBLPROPERTIES ('transactional'='false')
2024-04-24T05:14:12,679  INFO [main] ql.Driver: Compiling command(queryId=alex_20240424051412_fd338b24-910f-4099-9a72-88f341f16002): create table nonAcidOrcTbl2(a int, b int) clustered by (a) into 2 buckets stored as orc TBLPROPERTIES ('transactional'='false')
2024-04-24T05:14:12,682  INFO [main] txn.TxnHandler: Added entries to MIN_HISTORY_LEVEL for current txns: ([10]) with min_open_txn: 1
2024-04-24T05:14:12,682  INFO [main] lockmgr.DbTxnManager: Opened txnid:10
2024-04-24T05:14:12,682  INFO [main] parse.CalcitePlanner: Starting caching scope for: 
2024-04-24T05:14:12,682  INFO [main] parse.CalcitePlanner: Starting Semantic Analysis
2024-04-24T05:14:12,685  INFO [main] parse.CalcitePlanner: Creating table default.nonAcidOrcTbl2 position=13
2024-04-24T05:14:12,685  INFO [main] HiveMetaStore.audit: ugi=alex	ip=unknown-ip-addr	cmd=get_database: default	
2024-04-24T05:14:12,686  INFO [main] parse.CalcitePlanner: Ending caching scope for: 
2024-04-24T05:14:12,686  INFO [main] ql.Driver: Semantic Analysis Completed (retrial = false)
2024-04-24T05:14:12,686  INFO [main] ql.Driver: Created Hive schema: Schema(fieldSchemas:null, properties:null)
2024-04-24T05:14:12,686  INFO [main] metadata.Hive: Dumping metastore api call timing information for : compilation phase
2024-04-24T05:14:12,687  INFO [main] metadata.Hive: Total time spent in each metastore function (ms): {getValidWriteIds_(List, String)=3, getDatabase_(String)=1, openTxn_(String, TxnType)=2, getValidTxns_(long)=0, isCompatibleWith_(Configuration)=0, flushCache_()=0, commitTxn_(CommitTxnRequest)=11}
2024-04-24T05:14:12,687  INFO [main] ql.Driver: Completed compiling command(queryId=alex_20240424051412_fd338b24-910f-4099-9a72-88f341f16002); Time taken: 0.007 seconds
2024-04-24T05:14:12,687  INFO [main] lockmgr.DbTxnManager: Setting lock request transaction to txnid:10 for queryId=alex_20240424051412_fd338b24-910f-4099-9a72-88f341f16002
2024-04-24T05:14:12,687  INFO [main] lockmgr.DbLockManager: Requesting lock for queryId=alex_20240424051412_fd338b24-910f-4099-9a72-88f341f16002
2024-04-24T05:14:12,701  INFO [main] lockmgr.DbLockManager: Response to queryId=alex_20240424051412_fd338b24-910f-4099-9a72-88f341f16002 LockResponse(lockid:4, state:ACQUIRED)
2024-04-24T05:14:12,701  INFO [main] ql.Driver: Operation CREATETABLE obtained 1 locks
2024-04-24T05:14:12,701  INFO [main] ql.Driver: Executing command(queryId=alex_20240424051412_fd338b24-910f-4099-9a72-88f341f16002): create table nonAcidOrcTbl2(a int, b int) clustered by (a) into 2 buckets stored as orc TBLPROPERTIES ('transactional'='false')
2024-04-24T05:14:12,701  INFO [main] ql.Driver: Starting task [Stage-0:DDL] in serial mode
2024-04-24T05:14:12,702  INFO [main] HiveMetaStore.audit: ugi=alex	ip=unknown-ip-addr	cmd=create_table_req: Table(tableName:nonAcidOrcTbl2, dbName:default, owner:alex, createTime:1713960852, lastAccessTime:0, retention:0, sd:StorageDescriptor(cols:[FieldSchema(name:a, type:int, comment:null), FieldSchema(name:b, type:int, comment:null)], location:null, inputFormat:org.apache.hadoop.hive.ql.io.orc.OrcInputFormat, outputFormat:org.apache.hadoop.hive.ql.io.orc.OrcOutputFormat, compressed:false, numBuckets:2, serdeInfo:SerDeInfo(name:null, serializationLib:org.apache.hadoop.hive.ql.io.orc.OrcSerde, parameters:{serialization.format=1}), bucketCols:[a], sortCols:[], parameters:{}, skewedInfo:SkewedInfo(skewedColNames:[], skewedColValues:[], skewedColValueLocationMaps:{}), storedAsSubDirectories:false), partitionKeys:[], parameters:{totalSize=0, numFilesErasureCoded=0, transactional=false, COLUMN_STATS_ACCURATE={"BASIC_STATS":"true","COLUMN_STATS":{"a":"true","b":"true"}}, bucketing_version=2, numRows=0, numFiles=0, rawDataSize=0}, viewOriginalText:null, viewExpandedText:null, tableType:MANAGED_TABLE, privileges:PrincipalPrivilegeSet(userPrivileges:{alex=[PrivilegeGrantInfo(privilege:INSERT, createTime:-1, grantor:alex, grantorType:USER, grantOption:true), PrivilegeGrantInfo(privilege:SELECT, createTime:-1, grantor:alex, grantorType:USER, grantOption:true), PrivilegeGrantInfo(privilege:UPDATE, createTime:-1, grantor:alex, grantorType:USER, grantOption:true), PrivilegeGrantInfo(privilege:DELETE, createTime:-1, grantor:alex, grantorType:USER, grantOption:true)]}, groupPrivileges:null, rolePrivileges:null), temporary:false, catName:hive, ownerType:USER)	
2024-04-24T05:14:12,708  INFO [main] utils.FileUtils: Creating directory if it doesn't exist: file:/home/alex/Repositories/hive/ql/target/tmp/org.apache.hadoop.hive.ql.TestTxnCommands-1713960750541/warehouse/nonacidorctbl2
2024-04-24T05:14:12,725  INFO [main] metadata.Hive: Dumping metastore api call timing information for : execution phase
2024-04-24T05:14:12,725  INFO [main] metadata.Hive: Total time spent in each metastore function (ms): {createTable_(Table)=23, isCompatibleWith_(Configuration)=0}
2024-04-24T05:14:12,725  INFO [main] ql.Driver: Completed executing command(queryId=alex_20240424051412_fd338b24-910f-4099-9a72-88f341f16002); Time taken: 0.024 seconds
2024-04-24T05:14:12,725  INFO [main] lockmgr.DbTxnManager: Stopped heartbeat for query: alex_20240424051412_fd338b24-910f-4099-9a72-88f341f16002
2024-04-24T05:14:12,729  INFO [main] txn.TxnHandler: Expected to move at least one record from txn_components to completed_txn_components when committing txn! txnid:10
2024-04-24T05:14:12,735  INFO [main] txn.TxnHandler: Removed transactions: ([10]) from MIN_HISTORY_LEVEL
2024-04-24T05:14:12,736  WARN [main] txn.CompactionTxnHandler: No compaction queue record found for Compaction type transaction commit. txnId:10
2024-04-24T05:14:12,736  INFO [main] ql.TxnCommandsBaseForTests: Running the query: create temporary  table acidTbl2(a int, b int, c int) clustered by (c) into 2 buckets stored as orc TBLPROPERTIES ('transactional'='true')
2024-04-24T05:14:12,736  INFO [main] ql.Driver: Compiling command(queryId=alex_20240424051412_bf1d178a-2514-4946-93f0-6fb39d50e9c9): create temporary  table acidTbl2(a int, b int, c int) clustered by (c) into 2 buckets stored as orc TBLPROPERTIES ('transactional'='true')
2024-04-24T05:14:12,738  INFO [main] txn.TxnHandler: Added entries to MIN_HISTORY_LEVEL for current txns: ([11]) with min_open_txn: 1
2024-04-24T05:14:12,738  INFO [main] lockmgr.DbTxnManager: Opened txnid:11
2024-04-24T05:14:12,739  INFO [main] parse.CalcitePlanner: Starting caching scope for: 
2024-04-24T05:14:12,739  INFO [main] parse.CalcitePlanner: Starting Semantic Analysis
2024-04-24T05:14:12,741  INFO [main] parse.CalcitePlanner: Creating table default.acidTbl2 position=24
2024-04-24T05:14:12,741  INFO [main] HiveMetaStore.audit: ugi=alex	ip=unknown-ip-addr	cmd=get_database: default	
2024-04-24T05:14:12,743  INFO [main] parse.CalcitePlanner: Ending caching scope for: 
2024-04-24T05:14:12,743  INFO [main] ql.Driver: Semantic Analysis Completed (retrial = false)
2024-04-24T05:14:12,743  INFO [main] ql.Driver: Created Hive schema: Schema(fieldSchemas:null, properties:null)
2024-04-24T05:14:12,743  INFO [main] metadata.Hive: Dumping metastore api call timing information for : compilation phase
2024-04-24T05:14:12,743  INFO [main] metadata.Hive: Total time spent in each metastore function (ms): {openTxn_(String, TxnType)=1, flushCache_()=0, getDatabase_(String)=2, getValidTxns_(long)=0, isCompatibleWith_(Configuration)=0, commitTxn_(CommitTxnRequest)=11, getValidWriteIds_(List, String)=2}
2024-04-24T05:14:12,744  INFO [main] ql.Driver: Completed compiling command(queryId=alex_20240424051412_bf1d178a-2514-4946-93f0-6fb39d50e9c9); Time taken: 0.007 seconds
2024-04-24T05:14:12,744  INFO [main] lockmgr.DbTxnManager: Setting lock request transaction to txnid:11 for queryId=alex_20240424051412_bf1d178a-2514-4946-93f0-6fb39d50e9c9
2024-04-24T05:14:12,744  INFO [main] lockmgr.DbLockManager: Requesting lock for queryId=alex_20240424051412_bf1d178a-2514-4946-93f0-6fb39d50e9c9
2024-04-24T05:14:12,759  INFO [main] lockmgr.DbLockManager: Response to queryId=alex_20240424051412_bf1d178a-2514-4946-93f0-6fb39d50e9c9 LockResponse(lockid:5, state:ACQUIRED)
2024-04-24T05:14:12,759  INFO [main] ql.Driver: Operation CREATETABLE obtained 1 locks
2024-04-24T05:14:12,759  INFO [main] ql.Driver: Executing command(queryId=alex_20240424051412_bf1d178a-2514-4946-93f0-6fb39d50e9c9): create temporary  table acidTbl2(a int, b int, c int) clustered by (c) into 2 buckets stored as orc TBLPROPERTIES ('transactional'='true')
2024-04-24T05:14:12,759  INFO [main] ql.Driver: Starting task [Stage-0:DDL] in serial mode
2024-04-24T05:14:12,760  INFO [main] utils.FileUtils: Creating directory if it doesn't exist: file:/home/alex/Repositories/hive/ql/target/tmp/scratchdir/alex/d7b017aa-bccb-427b-b3fb-16bf5c87963a/_tmp_space.db/fc1963fc-c5b8-4e04-8482-bd74e623e851
2024-04-24T05:14:12,763  INFO [main] metadata.Hive: Dumping metastore api call timing information for : execution phase
2024-04-24T05:14:12,763  INFO [main] metadata.Hive: Total time spent in each metastore function (ms): {isCompatibleWith_(Configuration)=0, createTable_(Table)=3}
2024-04-24T05:14:12,763  INFO [main] ql.Driver: Completed executing command(queryId=alex_20240424051412_bf1d178a-2514-4946-93f0-6fb39d50e9c9); Time taken: 0.004 seconds
2024-04-24T05:14:12,763  INFO [main] lockmgr.DbTxnManager: Stopped heartbeat for query: alex_20240424051412_bf1d178a-2514-4946-93f0-6fb39d50e9c9
2024-04-24T05:14:12,767  INFO [main] txn.TxnHandler: Expected to move at least one record from txn_components to completed_txn_components when committing txn! txnid:11
2024-04-24T05:14:12,773  INFO [main] txn.TxnHandler: Removed transactions: ([11]) from MIN_HISTORY_LEVEL
2024-04-24T05:14:12,773  WARN [main] txn.CompactionTxnHandler: No compaction queue record found for Compaction type transaction commit. txnId:11
2024-04-24T05:14:12,774  INFO [main] ql.TxnCommandsBaseForTests: Running the query: create table nonAcidNonBucket(a int, b int) stored as orc TBLPROPERTIES ('transactional'='false')
2024-04-24T05:14:12,774  INFO [main] ql.Driver: Compiling command(queryId=alex_20240424051412_cab1f0b1-86dd-4e15-8ad2-403d38ab7c8d): create table nonAcidNonBucket(a int, b int) stored as orc TBLPROPERTIES ('transactional'='false')
2024-04-24T05:14:12,776  INFO [main] txn.TxnHandler: Added entries to MIN_HISTORY_LEVEL for current txns: ([12]) with min_open_txn: 1
2024-04-24T05:14:12,776  INFO [main] lockmgr.DbTxnManager: Opened txnid:12
2024-04-24T05:14:12,777  INFO [main] parse.CalcitePlanner: Starting caching scope for: 
2024-04-24T05:14:12,777  INFO [main] parse.CalcitePlanner: Starting Semantic Analysis
2024-04-24T05:14:12,779  INFO [main] parse.CalcitePlanner: Creating table default.nonAcidNonBucket position=13
2024-04-24T05:14:12,779  INFO [main] HiveMetaStore.audit: ugi=alex	ip=unknown-ip-addr	cmd=get_database: default	
2024-04-24T05:14:12,781  INFO [main] parse.CalcitePlanner: Ending caching scope for: 
2024-04-24T05:14:12,781  INFO [main] ql.Driver: Semantic Analysis Completed (retrial = false)
2024-04-24T05:14:12,781  INFO [main] ql.Driver: Created Hive schema: Schema(fieldSchemas:null, properties:null)
2024-04-24T05:14:12,781  INFO [main] metadata.Hive: Dumping metastore api call timing information for : compilation phase
2024-04-24T05:14:12,781  INFO [main] metadata.Hive: Total time spent in each metastore function (ms): {getValidWriteIds_(List, String)=2, openTxn_(String, TxnType)=2, isCompatibleWith_(Configuration)=1, getValidTxns_(long)=0, commitTxn_(CommitTxnRequest)=11, flushCache_()=0, getDatabase_(String)=2}
2024-04-24T05:14:12,781  INFO [main] ql.Driver: Completed compiling command(queryId=alex_20240424051412_cab1f0b1-86dd-4e15-8ad2-403d38ab7c8d); Time taken: 0.007 seconds
2024-04-24T05:14:12,781  INFO [main] lockmgr.DbTxnManager: Setting lock request transaction to txnid:12 for queryId=alex_20240424051412_cab1f0b1-86dd-4e15-8ad2-403d38ab7c8d
2024-04-24T05:14:12,782  INFO [main] lockmgr.DbLockManager: Requesting lock for queryId=alex_20240424051412_cab1f0b1-86dd-4e15-8ad2-403d38ab7c8d
2024-04-24T05:14:12,796  INFO [main] lockmgr.DbLockManager: Response to queryId=alex_20240424051412_cab1f0b1-86dd-4e15-8ad2-403d38ab7c8d LockResponse(lockid:6, state:ACQUIRED)
2024-04-24T05:14:12,796  INFO [main] ql.Driver: Operation CREATETABLE obtained 1 locks
2024-04-24T05:14:12,796  INFO [main] ql.Driver: Executing command(queryId=alex_20240424051412_cab1f0b1-86dd-4e15-8ad2-403d38ab7c8d): create table nonAcidNonBucket(a int, b int) stored as orc TBLPROPERTIES ('transactional'='false')
2024-04-24T05:14:12,796  INFO [main] ql.Driver: Starting task [Stage-0:DDL] in serial mode
2024-04-24T05:14:12,797  INFO [main] HiveMetaStore.audit: ugi=alex	ip=unknown-ip-addr	cmd=create_table_req: Table(tableName:nonAcidNonBucket, dbName:default, owner:alex, createTime:1713960852, lastAccessTime:0, retention:0, sd:StorageDescriptor(cols:[FieldSchema(name:a, type:int, comment:null), FieldSchema(name:b, type:int, comment:null)], location:null, inputFormat:org.apache.hadoop.hive.ql.io.orc.OrcInputFormat, outputFormat:org.apache.hadoop.hive.ql.io.orc.OrcOutputFormat, compressed:false, numBuckets:-1, serdeInfo:SerDeInfo(name:null, serializationLib:org.apache.hadoop.hive.ql.io.orc.OrcSerde, parameters:{serialization.format=1}), bucketCols:[], sortCols:[], parameters:{}, skewedInfo:SkewedInfo(skewedColNames:[], skewedColValues:[], skewedColValueLocationMaps:{}), storedAsSubDirectories:false), partitionKeys:[], parameters:{rawDataSize=0, transactional=false, numRows=0, bucketing_version=2, totalSize=0, numFilesErasureCoded=0, numFiles=0, COLUMN_STATS_ACCURATE={"BASIC_STATS":"true","COLUMN_STATS":{"a":"true","b":"true"}}}, viewOriginalText:null, viewExpandedText:null, tableType:MANAGED_TABLE, privileges:PrincipalPrivilegeSet(userPrivileges:{alex=[PrivilegeGrantInfo(privilege:INSERT, createTime:-1, grantor:alex, grantorType:USER, grantOption:true), PrivilegeGrantInfo(privilege:SELECT, createTime:-1, grantor:alex, grantorType:USER, grantOption:true), PrivilegeGrantInfo(privilege:UPDATE, createTime:-1, grantor:alex, grantorType:USER, grantOption:true), PrivilegeGrantInfo(privilege:DELETE, createTime:-1, grantor:alex, grantorType:USER, grantOption:true)]}, groupPrivileges:null, rolePrivileges:null), temporary:false, catName:hive, ownerType:USER)	
2024-04-24T05:14:12,803  INFO [main] utils.FileUtils: Creating directory if it doesn't exist: file:/home/alex/Repositories/hive/ql/target/tmp/org.apache.hadoop.hive.ql.TestTxnCommands-1713960750541/warehouse/nonacidnonbucket
2024-04-24T05:14:12,816  INFO [main] metadata.Hive: Dumping metastore api call timing information for : execution phase
2024-04-24T05:14:12,816  INFO [main] metadata.Hive: Total time spent in each metastore function (ms): {createTable_(Table)=19, isCompatibleWith_(Configuration)=0}
2024-04-24T05:14:12,817  INFO [main] ql.Driver: Completed executing command(queryId=alex_20240424051412_cab1f0b1-86dd-4e15-8ad2-403d38ab7c8d); Time taken: 0.02 seconds
2024-04-24T05:14:12,817  INFO [main] lockmgr.DbTxnManager: Stopped heartbeat for query: alex_20240424051412_cab1f0b1-86dd-4e15-8ad2-403d38ab7c8d
2024-04-24T05:14:12,821  INFO [main] txn.TxnHandler: Expected to move at least one record from txn_components to completed_txn_components when committing txn! txnid:12
2024-04-24T05:14:12,826  INFO [main] txn.TxnHandler: Removed transactions: ([12]) from MIN_HISTORY_LEVEL
2024-04-24T05:14:12,827  WARN [main] txn.CompactionTxnHandler: No compaction queue record found for Compaction type transaction commit. txnId:12
2024-04-24T05:14:12,827  INFO [main] ql.TxnCommandsBaseForTests: Running the query: insert into acidTbl(a,b)  values(1,2),(3,4),(5,6),(7,8)
2024-04-24T05:14:12,827  INFO [main] ql.Driver: Compiling command(queryId=alex_20240424051412_1af363f7-ba71-4e4a-a290-5a5de7800fe0): insert into acidTbl(a,b)  values(1,2),(3,4),(5,6),(7,8)
2024-04-24T05:14:12,830  INFO [main] txn.TxnHandler: Added entries to MIN_HISTORY_LEVEL for current txns: ([13]) with min_open_txn: 1
2024-04-24T05:14:12,830  INFO [main] lockmgr.DbTxnManager: Opened txnid:13
2024-04-24T05:14:12,831  INFO [main] parse.CalcitePlanner: Starting caching scope for: 
2024-04-24T05:14:12,831  INFO [main] parse.CalcitePlanner: Starting Semantic Analysis
2024-04-24T05:14:12,833  INFO [main] HiveMetaStore.audit: ugi=alex	ip=unknown-ip-addr	cmd=get_table : tbl=hive.default.acidTbl	
2024-04-24T05:14:12,854  INFO [main] metastore.HMSHandler: Skipping translation for processor with null
2024-04-24T05:14:12,855  INFO [main] parse.CalcitePlanner: Completed phase 1 of Semantic Analysis
2024-04-24T05:14:12,855  INFO [main] parse.CalcitePlanner: Get metadata for source tables
2024-04-24T05:14:12,855  INFO [main] parse.CalcitePlanner: Get metadata for subqueries
2024-04-24T05:14:12,855  INFO [main] parse.CalcitePlanner: Get metadata for destination tables
2024-04-24T05:14:12,855  INFO [main] HiveMetaStore.audit: ugi=alex	ip=unknown-ip-addr	cmd=get_table : tbl=hive.default.acidTbl	
2024-04-24T05:14:12,864  INFO [main] metastore.HMSHandler: Skipping translation for processor with null
2024-04-24T05:14:12,864  INFO [main] parse.CalcitePlanner: Completed getting MetaData in Semantic Analysis
2024-04-24T05:14:12,864  INFO [main] parse.CalcitePlanner: Disabling LLAP IO encode as ETL query is detected
2024-04-24T05:14:12,884  INFO [main] HiveMetaStore.audit: ugi=alex	ip=unknown-ip-addr	cmd=get_all_table_constraints : tbl=hive._dummy_database._dummy_table	
2024-04-24T05:14:12,965  INFO [main] parse.CalcitePlanner: Get metadata for source tables
2024-04-24T05:14:12,965  INFO [main] parse.CalcitePlanner: Get metadata for subqueries
2024-04-24T05:14:12,965  INFO [main] parse.CalcitePlanner: Get metadata for source tables
2024-04-24T05:14:12,966  INFO [main] HiveMetaStore.audit: ugi=alex	ip=unknown-ip-addr	cmd=get_table : tbl=hive._dummy_database._dummy_table	
2024-04-24T05:14:12,968  INFO [main] parse.CalcitePlanner: Get metadata for subqueries
2024-04-24T05:14:12,968  INFO [main] parse.CalcitePlanner: Get metadata for destination tables
2024-04-24T05:14:12,968  INFO [main] parse.CalcitePlanner: Get metadata for destination tables
2024-04-24T05:14:12,969  INFO [main] HiveMetaStore.audit: ugi=alex	ip=unknown-ip-addr	cmd=get_table : tbl=hive.default.acidTbl	
2024-04-24T05:14:12,975  INFO [main] metastore.HMSHandler: Skipping translation for processor with null
2024-04-24T05:14:12,977  INFO [main] HiveMetaStore.audit: ugi=alex	ip=unknown-ip-addr	cmd=get_not_null_constraints : tbl=hive.default.acidtbl	
2024-04-24T05:14:12,978  INFO [main] HiveMetaStore.audit: ugi=alex	ip=unknown-ip-addr	cmd=get_check_constraints : tbl=hive.default.acidtbl	
2024-04-24T05:14:12,988  INFO [main] txn.TxnHandler: Allocated writeId: 1 for txnId: 13
2024-04-24T05:14:12,988  INFO [main] txn.TxnHandler: Allocated write ids for dbName=default, tblName=acidtbl (txnIds: [13])
2024-04-24T05:14:12,989  INFO [main] parse.CalcitePlanner: CBO Succeeded; optimized logical plan.
2024-04-24T05:14:12,992  INFO [main] optimizer.ColumnPrunerProcFactory: RS 4 oldColExprMap: {VALUE._col0=Column[_col1], KEY.reducesinkkey0=Column[_col0]}
2024-04-24T05:14:12,993  INFO [main] optimizer.ColumnPrunerProcFactory: RS 4 newColExprMap: {KEY.reducesinkkey0=Column[_col0], VALUE._col0=Column[_col1]}
2024-04-24T05:14:12,993  INFO [main] optimizer.BucketVersionPopulator: not considering bucketingVersion for: TS[0] because it has -1<2 buckets 
2024-04-24T05:14:12,994  INFO [main] optimizer.SortedDynPartitionOptimizer: Sorted dynamic partitioning optimization kicked in..
2024-04-24T05:14:13,002  INFO [main] HiveMetaStore.audit: ugi=alex	ip=unknown-ip-addr	cmd=get_table : tbl=hive.default.acidtbl	
2024-04-24T05:14:13,010  INFO [main] metastore.HMSHandler: Skipping translation for processor with null
2024-04-24T05:14:13,010  INFO [main] physical.Vectorizer: Examining input format to see if vectorization is enabled.
2024-04-24T05:14:13,011  INFO [main] physical.Vectorizer: Map vectorization enabled: false
2024-04-24T05:14:13,011  INFO [main] physical.Vectorizer: Map vectorized: false
2024-04-24T05:14:13,011  INFO [main] physical.Vectorizer: Map vectorizedVertexNum: 0
2024-04-24T05:14:13,011  INFO [main] physical.Vectorizer: Map enabledConditionsMet: [hive.vectorized.use.vectorized.input.format IS true]
2024-04-24T05:14:13,011  INFO [main] physical.Vectorizer: Map enabledConditionsNotMet: [Could not enable vectorization due to partition column names size 1 is greater than the number of table column names size 0 IS false]
2024-04-24T05:14:13,011  INFO [main] physical.Vectorizer: Map inputFileFormatClassNameSet: [org.apache.hadoop.hive.ql.io.NullRowsInputFormat]
2024-04-24T05:14:13,011  INFO [main] physical.Vectorizer: Reduce vectorization enabled: false
2024-04-24T05:14:13,011  INFO [main] physical.Vectorizer: Reduce vectorized: false
2024-04-24T05:14:13,011  INFO [main] physical.Vectorizer: Reduce vectorizedVertexNum: 1
2024-04-24T05:14:13,011  INFO [main] physical.Vectorizer: Reducer hive.vectorized.execution.reduce.enabled: true
2024-04-24T05:14:13,011  INFO [main] physical.Vectorizer: Reducer engine: mr
2024-04-24T05:14:13,011  INFO [main] parse.CalcitePlanner: Completed plan generation
2024-04-24T05:14:13,011  INFO [main] parse.CalcitePlanner: Ending caching scope for: 
2024-04-24T05:14:13,011  INFO [main] ql.Driver: Semantic Analysis Completed (retrial = false)
2024-04-24T05:14:13,011  INFO [main] ql.Driver: Created Hive schema: Schema(fieldSchemas:[FieldSchema(name:_col0, type:int, comment:null), FieldSchema(name:_col1, type:int, comment:null)], properties:null)
2024-04-24T05:14:13,011  INFO [main] metadata.Hive: Dumping metastore api call timing information for : compilation phase
2024-04-24T05:14:13,011  INFO [main] metadata.Hive: Total time spent in each metastore function (ms): {getTable_(GetTableRequest)=45, allocateTableWriteId_(long, String, String)=9, getNotNullConstraints_(NotNullConstraintsRequest)=1, getCheckConstraints_(CheckConstraintsRequest)=1, getAllTableConstraints_(AllTableConstraintsRequest)=33, isCompatibleWith_(Configuration)=0, flushCache_()=0, getValidTxns_(long)=1, commitTxn_(CommitTxnRequest)=10, openTxn_(String, TxnType)=2, getValidWriteIds_(List, String)=2}
2024-04-24T05:14:13,012  INFO [main] ql.Driver: Completed compiling command(queryId=alex_20240424051412_1af363f7-ba71-4e4a-a290-5a5de7800fe0); Time taken: 0.184 seconds
2024-04-24T05:14:13,012  INFO [main] lockmgr.DbTxnManager: Setting lock request transaction to txnid:13 for queryId=alex_20240424051412_1af363f7-ba71-4e4a-a290-5a5de7800fe0
2024-04-24T05:14:13,012  INFO [main] lockmgr.DbLockManager: Requesting lock for queryId=alex_20240424051412_1af363f7-ba71-4e4a-a290-5a5de7800fe0
2024-04-24T05:14:13,034  INFO [main] lockmgr.DbLockManager: Response to queryId=alex_20240424051412_1af363f7-ba71-4e4a-a290-5a5de7800fe0 LockResponse(lockid:7, state:ACQUIRED)
2024-04-24T05:14:13,034  INFO [main] ql.Driver: Operation QUERY obtained 1 locks
2024-04-24T05:14:13,036  INFO [main] ql.Driver: Executing command(queryId=alex_20240424051412_1af363f7-ba71-4e4a-a290-5a5de7800fe0): insert into acidTbl(a,b)  values(1,2),(3,4),(5,6),(7,8)
2024-04-24T05:14:13,037  WARN [main] ql.Driver: Hive-on-MR is deprecated in Hive 2 and may not be available in the future versions. Consider using a different execution engine (i.e. tez, spark) or using Hive 1.X releases.
Query ID = alex_20240424051412_1af363f7-ba71-4e4a-a290-5a5de7800fe0
2024-04-24T05:14:13,037  INFO [main] ql.Driver: Query ID = alex_20240424051412_1af363f7-ba71-4e4a-a290-5a5de7800fe0
Total jobs = 1
2024-04-24T05:14:13,037  INFO [main] ql.Driver: Total jobs = 1
Launching Job 1 out of 1
2024-04-24T05:14:13,037  INFO [main] ql.Driver: Launching Job 1 out of 1
2024-04-24T05:14:13,177  INFO [main] ql.Driver: Starting task [Stage-1:MAPRED] in serial mode
Number of reduce tasks determined at compile time: 2
2024-04-24T05:14:13,177  INFO [main] exec.Task: Number of reduce tasks determined at compile time: 2
In order to change the average load for a reducer (in bytes):
2024-04-24T05:14:13,177  INFO [main] exec.Task: In order to change the average load for a reducer (in bytes):
  set hive.exec.reducers.bytes.per.reducer=<number>
2024-04-24T05:14:13,177  INFO [main] exec.Task:   set hive.exec.reducers.bytes.per.reducer=<number>
In order to limit the maximum number of reducers:
2024-04-24T05:14:13,177  INFO [main] exec.Task: In order to limit the maximum number of reducers:
  set hive.exec.reducers.max=<number>
2024-04-24T05:14:13,177  INFO [main] exec.Task:   set hive.exec.reducers.max=<number>
In order to set a constant number of reducers:
2024-04-24T05:14:13,177  INFO [main] exec.Task: In order to set a constant number of reducers:
  set mapreduce.job.reduces=<number>
2024-04-24T05:14:13,177  INFO [main] exec.Task:   set mapreduce.job.reduces=<number>
2024-04-24T05:14:13,179  INFO [main] mr.ExecDriver: Using org.apache.hadoop.hive.ql.io.HiveInputFormat
2024-04-24T05:14:13,179  INFO [main] exec.Utilities: Processing alias $hdt$_0:_dummy_table
2024-04-24T05:14:13,179  INFO [main] exec.Utilities: Adding 1 inputs; the first input is file:/home/alex/Repositories/hive/ql/target/tmp/localscratchdir/d7b017aa-bccb-427b-b3fb-16bf5c87963a/hive_2024-04-24_05-14-12_827_7247077096715653763-1/dummy_path
2024-04-24T05:14:13,188  INFO [main] exec.SerializationUtilities: Serializing MapWork using kryo
2024-04-24T05:14:13,189  INFO [main] exec.Utilities: Serialized plan (via FILE) - name: null size: 5,35KB
2024-04-24T05:14:13,193  INFO [main] exec.SerializationUtilities: Serializing ReduceWork using kryo
2024-04-24T05:14:13,194  INFO [main] exec.Utilities: Serialized plan (via FILE) - name: null size: 5,96KB
2024-04-24T05:14:13,195  WARN [main] impl.MetricsSystemImpl: JobTracker metrics system already initialized!
2024-04-24T05:14:13,198  INFO [main] fs.FSStatsPublisher: created : file:/home/alex/Repositories/hive/ql/target/tmp/localscratchdir/d7b017aa-bccb-427b-b3fb-16bf5c87963a/hive_2024-04-24_05-14-12_827_7247077096715653763-1/-mr-10000
2024-04-24T05:14:13,200  WARN [main] impl.MetricsSystemImpl: JobTracker metrics system already initialized!
2024-04-24T05:14:13,207  WARN [main] mapreduce.JobResourceUploader: Hadoop command-line option parsing not performed. Implement the Tool interface and execute your application with ToolRunner to remedy this.
2024-04-24T05:14:13,211  WARN [main] mapreduce.JobResourceUploader: No job jar file set.  User classes may not be found. See Job or Job#setJar(String).
2024-04-24T05:14:13,212  INFO [main] io.HiveInputFormat: hive.io.file.readcolumn.ids = 
2024-04-24T05:14:13,212  INFO [main] io.HiveInputFormat: hive.io.file.readcolumn.names = 
2024-04-24T05:14:13,212  INFO [main] io.HiveInputFormat: Generating splits for dirs: file:/home/alex/Repositories/hive/ql/target/tmp/localscratchdir/d7b017aa-bccb-427b-b3fb-16bf5c87963a/hive_2024-04-24_05-14-12_827_7247077096715653763-1/dummy_path
2024-04-24T05:14:13,212  INFO [main] io.HiveInputFormat: number of splits 1
2024-04-24T05:14:13,230  INFO [main] mapreduce.JobSubmitter: number of splits:1
2024-04-24T05:14:13,248  INFO [main] mapreduce.JobSubmitter: Submitting tokens for job: job_local1553747529_0035
2024-04-24T05:14:13,248  INFO [main] mapreduce.JobSubmitter: Executing with tokens: []
2024-04-24T05:14:13,305  INFO [main] mapreduce.Job: The url to track the job: http://localhost:8080/
Job running in-process (local Hadoop)
2024-04-24T05:14:13,305  INFO [main] exec.Task: Job running in-process (local Hadoop)
2024-04-24T05:14:13,305  INFO [Thread-2879] mapred.LocalJobRunner: OutputCommitter set in config org.apache.hadoop.hive.ql.io.HiveFileFormatUtils$NullOutputCommitter
2024-04-24T05:14:13,306  INFO [Thread-2879] mapred.LocalJobRunner: OutputCommitter is org.apache.hadoop.hive.ql.io.HiveFileFormatUtils$NullOutputCommitter
2024-04-24T05:14:13,307  INFO [Thread-2879] mapred.LocalJobRunner: Waiting for map tasks
2024-04-24T05:14:13,307  INFO [LocalJobRunner Map Task Executor #0] mapred.LocalJobRunner: Starting task: attempt_local1553747529_0035_m_000000_0
2024-04-24T05:14:13,310  INFO [LocalJobRunner Map Task Executor #0] mapred.Task:  Using ResourceCalculatorProcessTree : [ ]
2024-04-24T05:14:13,310  INFO [LocalJobRunner Map Task Executor #0] mapred.MapTask: Processing split: org.apache.hadoop.hive.ql.io.NullRowsInputFormat:file:/home/alex/Repositories/hive/ql/target/tmp/localscratchdir/d7b017aa-bccb-427b-b3fb-16bf5c87963a/hive_2024-04-24_05-14-12_827_7247077096715653763-1/dummy_path/null:0+1
2024-04-24T05:14:13,312  INFO [LocalJobRunner Map Task Executor #0] exec.SerializationUtilities: Deserializing MapWork using kryo
2024-04-24T05:14:13,312  INFO [LocalJobRunner Map Task Executor #0] exec.Utilities: Deserialized plan (via FILE) - name: null size: 5,35KB
2024-04-24T05:14:13,313  INFO [LocalJobRunner Map Task Executor #0] mapred.MapTask: numReduceTasks: 2
2024-04-24T05:14:13,316  INFO [LocalJobRunner Map Task Executor #0] mapred.MapTask: (EQUATOR) 0 kvi 26214396(104857584)
2024-04-24T05:14:13,316  INFO [LocalJobRunner Map Task Executor #0] mapred.MapTask: mapreduce.task.io.sort.mb: 100
2024-04-24T05:14:13,316  INFO [LocalJobRunner Map Task Executor #0] mapred.MapTask: soft limit at 83886080
2024-04-24T05:14:13,316  INFO [LocalJobRunner Map Task Executor #0] mapred.MapTask: bufstart = 0; bufvoid = 104857600
2024-04-24T05:14:13,316  INFO [LocalJobRunner Map Task Executor #0] mapred.MapTask: kvstart = 26214396; length = 6553600
2024-04-24T05:14:13,317  INFO [LocalJobRunner Map Task Executor #0] mapred.MapTask: Map output collector class = org.apache.hadoop.mapred.MapTask$MapOutputBuffer
2024-04-24T05:14:13,317  INFO [LocalJobRunner Map Task Executor #0] exec.MapOperator: Initializing Operator: MAP[0]
2024-04-24T05:14:13,318  INFO [LocalJobRunner Map Task Executor #0] mr.ExecMapper: 
<MAP>Id =0
  <Children>null
  <\Children>
  <Parent><\Parent>
<\MAP>
2024-04-24T05:14:13,318  INFO [LocalJobRunner Map Task Executor #0] exec.TableScanOperator: Initializing Operator: TS[0]
2024-04-24T05:14:13,318  INFO [LocalJobRunner Map Task Executor #0] exec.SelectOperator: Initializing Operator: SEL[1]
2024-04-24T05:14:13,318  INFO [LocalJobRunner Map Task Executor #0] exec.SelectOperator: SELECT null
2024-04-24T05:14:13,319  INFO [LocalJobRunner Map Task Executor #0] exec.UDTFOperator: Initializing Operator: UDTF[2]
2024-04-24T05:14:13,319  INFO [LocalJobRunner Map Task Executor #0] exec.SelectOperator: Initializing Operator: SEL[3]
2024-04-24T05:14:13,319  INFO [LocalJobRunner Map Task Executor #0] exec.SelectOperator: SELECT struct<col1:int,col2:int>
2024-04-24T05:14:13,319  INFO [LocalJobRunner Map Task Executor #0] exec.ReduceSinkOperator: Initializing Operator: RS[4]
2024-04-24T05:14:13,319  INFO [LocalJobRunner Map Task Executor #0] exec.ReduceSinkOperator: Using tag = -1
2024-04-24T05:14:13,319  INFO [LocalJobRunner Map Task Executor #0] exec.ReduceSinkOperator: keys are [reducesinkkey0] num distributions: 1
2024-04-24T05:14:13,319  INFO [LocalJobRunner Map Task Executor #0] exec.ReduceSinkOperator: RS[4]: records written - 1
2024-04-24T05:14:13,320  INFO [LocalJobRunner Map Task Executor #0] exec.MapOperator: MAP[0]: records read - 1
2024-04-24T05:14:13,320  INFO [LocalJobRunner Map Task Executor #0] exec.MapOperator: Closing Operator: MAP[0]
2024-04-24T05:14:13,320  INFO [LocalJobRunner Map Task Executor #0] exec.MapOperator: MAP[0]: Total records read - 3. abort - false
2024-04-24T05:14:13,320  INFO [LocalJobRunner Map Task Executor #0] exec.MapOperator: DESERIALIZE_ERRORS:0, RECORDS_OUT_OPERATOR_MAP_0:0, RECORDS_IN:3, RECORDS_OUT_INTERMEDIATE:0, 
2024-04-24T05:14:13,320  INFO [LocalJobRunner Map Task Executor #0] exec.TableScanOperator: Closing Operator: TS[0]
2024-04-24T05:14:13,320  INFO [LocalJobRunner Map Task Executor #0] exec.TableScanOperator: RECORDS_OUT_INTERMEDIATE:0, RECORDS_OUT_OPERATOR_TS_0:1, 
2024-04-24T05:14:13,320  INFO [LocalJobRunner Map Task Executor #0] exec.SelectOperator: Closing Operator: SEL[1]
2024-04-24T05:14:13,320  INFO [LocalJobRunner Map Task Executor #0] exec.SelectOperator: RECORDS_OUT_INTERMEDIATE:0, RECORDS_OUT_OPERATOR_SEL_1:1, 
2024-04-24T05:14:13,320  INFO [LocalJobRunner Map Task Executor #0] exec.UDTFOperator: Closing Operator: UDTF[2]
2024-04-24T05:14:13,320  INFO [LocalJobRunner Map Task Executor #0] exec.UDTFOperator: RECORDS_OUT_INTERMEDIATE:0, RECORDS_OUT_OPERATOR_UDTF_2:4, 
2024-04-24T05:14:13,320  INFO [LocalJobRunner Map Task Executor #0] exec.SelectOperator: Closing Operator: SEL[3]
2024-04-24T05:14:13,320  INFO [LocalJobRunner Map Task Executor #0] exec.SelectOperator: RECORDS_OUT_OPERATOR_SEL_3:4, RECORDS_OUT_INTERMEDIATE:0, 
2024-04-24T05:14:13,320  INFO [LocalJobRunner Map Task Executor #0] exec.ReduceSinkOperator: Closing Operator: RS[4]
2024-04-24T05:14:13,320  INFO [LocalJobRunner Map Task Executor #0] exec.ReduceSinkOperator: RS[4]: Total records written - 4. abort - false
2024-04-24T05:14:13,320  INFO [LocalJobRunner Map Task Executor #0] exec.ReduceSinkOperator: RECORDS_OUT_OPERATOR_RS_4:4, RECORDS_OUT_INTERMEDIATE:4, 
2024-04-24T05:14:13,322  INFO [LocalJobRunner Map Task Executor #0] mapred.LocalJobRunner: 
2024-04-24T05:14:13,322  INFO [LocalJobRunner Map Task Executor #0] mapred.MapTask: Starting flush of map output
2024-04-24T05:14:13,322  INFO [LocalJobRunner Map Task Executor #0] mapred.MapTask: Spilling map output
2024-04-24T05:14:13,322  INFO [LocalJobRunner Map Task Executor #0] mapred.MapTask: bufstart = 0; bufend = 64; bufvoid = 104857600
2024-04-24T05:14:13,322  INFO [LocalJobRunner Map Task Executor #0] mapred.MapTask: kvstart = 26214396(104857584); kvend = 26214384(104857536); length = 13/6553600
2024-04-24T05:14:13,336  INFO [LocalJobRunner Map Task Executor #0] mapred.MapTask: Finished spill 0
2024-04-24T05:14:13,347  INFO [LocalJobRunner Map Task Executor #0] mapred.Task: Task:attempt_local1553747529_0035_m_000000_0 is done. And is in the process of committing
2024-04-24T05:14:13,348  INFO [LocalJobRunner Map Task Executor #0] mapred.LocalJobRunner: map
2024-04-24T05:14:13,348  INFO [LocalJobRunner Map Task Executor #0] mapred.Task: Task 'attempt_local1553747529_0035_m_000000_0' done.
2024-04-24T05:14:13,348  INFO [LocalJobRunner Map Task Executor #0] mapred.Task: Final Counters for attempt_local1553747529_0035_m_000000_0: Counters: 26
	File System Counters
		FILE: Number of bytes read=747125
		FILE: Number of bytes written=43873341
		FILE: Number of read operations=0
		FILE: Number of large read operations=0
		FILE: Number of write operations=0
	Map-Reduce Framework
		Map input records=4
		Map output records=4
		Map output bytes=64
		Map output materialized bytes=84
		Input split bytes=361
		Combine input records=0
		Spilled Records=4
		Failed Shuffles=0
		Merged Map outputs=0
		GC time elapsed (ms)=0
		Total committed heap usage (bytes)=1246232576
	HIVE
		DESERIALIZE_ERRORS=0
		RECORDS_IN=3
		RECORDS_OUT_INTERMEDIATE=4
		RECORDS_OUT_OPERATOR_MAP_0=0
		RECORDS_OUT_OPERATOR_RS_4=4
		RECORDS_OUT_OPERATOR_SEL_1=1
		RECORDS_OUT_OPERATOR_SEL_3=4
		RECORDS_OUT_OPERATOR_TS_0=1
		RECORDS_OUT_OPERATOR_UDTF_2=4
	File Input Format Counters 
		Bytes Read=5406
2024-04-24T05:14:13,348  INFO [LocalJobRunner Map Task Executor #0] mapred.LocalJobRunner: Finishing task: attempt_local1553747529_0035_m_000000_0
2024-04-24T05:14:13,348  INFO [Thread-2879] mapred.LocalJobRunner: map task executor complete.
2024-04-24T05:14:13,351  INFO [Thread-2879] mapred.LocalJobRunner: Waiting for reduce tasks
2024-04-24T05:14:13,351  INFO [pool-173-thread-1] mapred.LocalJobRunner: Starting task: attempt_local1553747529_0035_r_000000_0
2024-04-24T05:14:13,356  INFO [pool-173-thread-1] mapred.Task:  Using ResourceCalculatorProcessTree : [ ]
2024-04-24T05:14:13,356  INFO [pool-173-thread-1] mapred.ReduceTask: Using ShuffleConsumerPlugin: org.apache.hadoop.mapreduce.task.reduce.Shuffle@53ceed43
2024-04-24T05:14:13,357  WARN [pool-173-thread-1] impl.MetricsSystemImpl: JobTracker metrics system already initialized!
2024-04-24T05:14:13,358  INFO [pool-173-thread-1] reduce.MergeManagerImpl: MergerManager: memoryLimit=1336252800, maxSingleShuffleLimit=334063200, mergeThreshold=881926912, ioSortFactor=10, memToMemMergeOutputsThreshold=10
2024-04-24T05:14:13,360  INFO [EventFetcher for fetching Map Completion Events] reduce.EventFetcher: attempt_local1553747529_0035_r_000000_0 Thread started: EventFetcher for fetching Map Completion Events
2024-04-24T05:14:13,365  INFO [localfetcher#49] reduce.LocalFetcher: localfetcher#49 about to shuffle output of map attempt_local1553747529_0035_m_000000_0 decomp: 38 len: 42 to MEMORY
2024-04-24T05:14:13,366  INFO [localfetcher#49] reduce.InMemoryMapOutput: Read 38 bytes from map-output for attempt_local1553747529_0035_m_000000_0
2024-04-24T05:14:13,366  INFO [localfetcher#49] reduce.MergeManagerImpl: closeInMemoryFile -> map-output of size: 38, inMemoryMapOutputs.size() -> 1, commitMemory -> 0, usedMemory ->38
2024-04-24T05:14:13,367  INFO [EventFetcher for fetching Map Completion Events] reduce.EventFetcher: EventFetcher is interrupted.. Returning
2024-04-24T05:14:13,368  INFO [pool-173-thread-1] mapred.LocalJobRunner: 1 / 1 copied.
2024-04-24T05:14:13,368  INFO [pool-173-thread-1] reduce.MergeManagerImpl: finalMerge called with 1 in-memory map-outputs and 0 on-disk map-outputs
2024-04-24T05:14:13,378  INFO [pool-173-thread-1] mapred.Merger: Merging 1 sorted segments
2024-04-24T05:14:13,378  INFO [pool-173-thread-1] mapred.Merger: Down to the last merge-pass, with 1 segments left of total size: 26 bytes
2024-04-24T05:14:13,384  INFO [pool-173-thread-1] reduce.MergeManagerImpl: Merged 1 segments, 38 bytes to disk to satisfy reduce memory limit
2024-04-24T05:14:13,384  INFO [pool-173-thread-1] reduce.MergeManagerImpl: Merging 1 files, 42 bytes from disk
2024-04-24T05:14:13,384  INFO [pool-173-thread-1] reduce.MergeManagerImpl: Merging 0 segments, 0 bytes from memory into reduce
2024-04-24T05:14:13,384  INFO [pool-173-thread-1] mapred.Merger: Merging 1 sorted segments
2024-04-24T05:14:13,385  INFO [pool-173-thread-1] mapred.Merger: Down to the last merge-pass, with 1 segments left of total size: 26 bytes
2024-04-24T05:14:13,385  INFO [pool-173-thread-1] mapred.LocalJobRunner: 1 / 1 copied.
2024-04-24T05:14:13,386  INFO [pool-173-thread-1] exec.SerializationUtilities: Deserializing ReduceWork using kryo
2024-04-24T05:14:13,387  INFO [pool-173-thread-1] exec.Utilities: Deserialized plan (via FILE) - name: null size: 5,96KB
2024-04-24T05:14:13,388  INFO [pool-173-thread-1] ExecReducer: 
<SEL>Id =5
  <Children>
    <FS>Id =6
      <Children>
      <\Children>
      <Parent>Id = 5 null<\Parent>
    <\FS>
  <\Children>
  <Parent><\Parent>
<\SEL>
2024-04-24T05:14:13,388  INFO [pool-173-thread-1] exec.SelectOperator: Initializing Operator: SEL[5]
2024-04-24T05:14:13,389  INFO [pool-173-thread-1] exec.SelectOperator: SELECT struct<key:struct<reducesinkkey0:int>,value:struct<_col0:int>>
2024-04-24T05:14:13,389  INFO [pool-173-thread-1] exec.FileSinkOperator: Initializing Operator: FS[6]
2024-04-24T05:14:13,389  INFO [pool-173-thread-1] exec.FileSinkOperator: Using serializer : AbstractSerDe [log=org.apache.logging.slf4j.Log4jLogger@a925655, configuration=Optional[Configuration: core-default.xml, core-site.xml, mapred-default.xml, mapred-site.xml, yarn-default.xml, yarn-site.xml, hdfs-default.xml, hdfs-site.xml, file:/home/alex/Repositories/hive/ql/target/tmp/TestTxnCommandsWithSplitUpdateAndVectorization/mapred/local/localRunner/alex/job_local1553747529_0035/job_local1553747529_0035.xml], properties={transactional_properties=default, name=default.acidtbl, transactional=true, columns.types=int:int, bucket_field_name=a, columns=a,b, numFilesErasureCoded=0, columns.comments=&amp#0;, bucketing_version=2, bucket_count=2, serialization.lib=org.apache.hadoop.hive.ql.io.orc.OrcSerde, file.inputformat=org.apache.hadoop.hive.ql.io.orc.OrcInputFormat, file.outputformat=org.apache.hadoop.hive.ql.io.orc.OrcOutputFormat, location=file:/home/alex/Repositories/hive/ql/target/tmp/org.apache.hadoop.hive.ql.TestTxnCommands-1713960750541/warehouse/acidtbl, column.name.delimiter=,}, tableProperties={transactional_properties=default, name=default.acidtbl, transactional=true, columns.types=int:int, bucket_field_name=a, columns=a,b, numFilesErasureCoded=0, columns.comments=&amp#0;, bucketing_version=2, bucket_count=2, serialization.lib=org.apache.hadoop.hive.ql.io.orc.OrcSerde, file.inputformat=org.apache.hadoop.hive.ql.io.orc.OrcInputFormat, location=file:/home/alex/Repositories/hive/ql/target/tmp/org.apache.hadoop.hive.ql.TestTxnCommands-1713960750541/warehouse/acidtbl, file.outputformat=org.apache.hadoop.hive.ql.io.orc.OrcOutputFormat, column.name.delimiter=,}, partitionProperties=Optional.empty, columnNames=[a, b], columnTypes=[int, int], getClass()=class org.apache.hadoop.hive.ql.io.orc.OrcSerde] and formatter : org.apache.hadoop.hive.ql.io.orc.OrcOutputFormat@885e1e2
2024-04-24T05:14:13,390  INFO [pool-173-thread-1] exec.FileSinkOperator: Final Path: FS file:/home/alex/Repositories/hive/ql/target/tmp/org.apache.hadoop.hive.ql.TestTxnCommands-1713960750541/warehouse/acidtbl
2024-04-24T05:14:13,390  INFO [pool-173-thread-1] exec.FileSinkOperator: New Final Path: FS file:/home/alex/Repositories/hive/ql/target/tmp/org.apache.hadoop.hive.ql.TestTxnCommands-1713960750541/warehouse/acidtbl
2024-04-24T05:14:13,390  INFO [pool-173-thread-1] common.FileUtils: Creating directory if it doesn't exist: file:/home/alex/Repositories/hive/ql/target/tmp/org.apache.hadoop.hive.ql.TestTxnCommands-1713960750541/warehouse
2024-04-24T05:14:13,391  INFO [pool-173-thread-1] exec.FileSinkOperator: FS[6]: records written - 1
2024-04-24T05:14:13,392  INFO [pool-173-thread-1] impl.PhysicalFsWriter: ORC writer created for path: file:/home/alex/Repositories/hive/ql/target/tmp/org.apache.hadoop.hive.ql.TestTxnCommands-1713960750541/warehouse/acidtbl/delta_0000001_0000001_0000/bucket_00000_0 with stripeSize: 8388608 blockSize: 268435456 compression: Compress: ZLIB buffer: 32768
2024-04-24T05:14:13,408  INFO [pool-173-thread-1] impl.WriterImpl: ORC writer created for path: file:/home/alex/Repositories/hive/ql/target/tmp/org.apache.hadoop.hive.ql.TestTxnCommands-1713960750541/warehouse/acidtbl/delta_0000001_0000001_0000/bucket_00000_0 with stripeSize: 8388608 options: Compress: ZLIB buffer: 32768
2024-04-24T05:14:13,419  INFO [pool-173-thread-1] exec.SelectOperator: Closing Operator: SEL[5]
2024-04-24T05:14:13,419  INFO [pool-173-thread-1] exec.SelectOperator: RECORDS_OUT_INTERMEDIATE:0, RECORDS_OUT_OPERATOR_SEL_5:2, 
2024-04-24T05:14:13,419  INFO [pool-173-thread-1] exec.FileSinkOperator: Closing Operator: FS[6]
2024-04-24T05:14:13,419  INFO [pool-173-thread-1] exec.FileSinkOperator: FS[6]: records written - 2
2024-04-24T05:14:13,424  INFO [pool-173-thread-1] FileOperations: Writing manifest to file:/home/alex/Repositories/hive/ql/target/tmp/org.apache.hadoop.hive.ql.TestTxnCommands-1713960750541/warehouse/acidtbl/_tmp.delta_0000001_0000001_0000/000000_0.manifest with [file:/home/alex/Repositories/hive/ql/target/tmp/org.apache.hadoop.hive.ql.TestTxnCommands-1713960750541/warehouse/acidtbl/delta_0000001_0000001_0000/bucket_00000_0]
2024-04-24T05:14:13,444  INFO [pool-173-thread-1] exec.FileSinkOperator: RECORDS_OUT_OPERATOR_FS_6:2, RECORDS_OUT_INTERMEDIATE:0, RECORDS_OUT_1_default.acidtbl:2, TOTAL_TABLE_ROWS_WRITTEN:2, 
2024-04-24T05:14:13,444  INFO [pool-173-thread-1] mapred.Task: Task:attempt_local1553747529_0035_r_000000_0 is done. And is in the process of committing
2024-04-24T05:14:13,445  INFO [pool-173-thread-1] mapred.LocalJobRunner: reduce > reduce
2024-04-24T05:14:13,445  INFO [pool-173-thread-1] mapred.Task: Task 'attempt_local1553747529_0035_r_000000_0' done.
2024-04-24T05:14:13,445  INFO [pool-173-thread-1] mapred.Task: Final Counters for attempt_local1553747529_0035_r_000000_0: Counters: 30
	File System Counters
		FILE: Number of bytes read=753330
		FILE: Number of bytes written=43874417
		FILE: Number of read operations=0
		FILE: Number of large read operations=0
		FILE: Number of write operations=0
	Map-Reduce Framework
		Combine input records=0
		Combine output records=0
		Reduce input groups=2
		Reduce shuffle bytes=42
		Reduce input records=2
		Reduce output records=0
		Spilled Records=2
		Shuffled Maps =1
		Failed Shuffles=0
		Merged Map outputs=1
		GC time elapsed (ms)=0
		Total committed heap usage (bytes)=1246232576
	HIVE
		CREATED_FILES=1
		RECORDS_OUT_1_default.acidtbl=2
		RECORDS_OUT_INTERMEDIATE=0
		RECORDS_OUT_OPERATOR_FS_6=2
		RECORDS_OUT_OPERATOR_SEL_5=2
		TOTAL_TABLE_ROWS_WRITTEN=2
	Shuffle Errors
		BAD_ID=0
		CONNECTION=0
		IO_ERROR=0
		WRONG_LENGTH=0
		WRONG_MAP=0
		WRONG_REDUCE=0
	File Output Format Counters 
		Bytes Written=0
2024-04-24T05:14:13,445  INFO [pool-173-thread-1] mapred.LocalJobRunner: Finishing task: attempt_local1553747529_0035_r_000000_0
2024-04-24T05:14:13,445  INFO [pool-173-thread-1] mapred.LocalJobRunner: Starting task: attempt_local1553747529_0035_r_000001_0
2024-04-24T05:14:13,446  INFO [pool-173-thread-1] mapred.Task:  Using ResourceCalculatorProcessTree : [ ]
2024-04-24T05:14:13,446  INFO [pool-173-thread-1] mapred.ReduceTask: Using ShuffleConsumerPlugin: org.apache.hadoop.mapreduce.task.reduce.Shuffle@5b6db0ec
2024-04-24T05:14:13,446  WARN [pool-173-thread-1] impl.MetricsSystemImpl: JobTracker metrics system already initialized!
2024-04-24T05:14:13,447  INFO [pool-173-thread-1] reduce.MergeManagerImpl: MergerManager: memoryLimit=1336252800, maxSingleShuffleLimit=334063200, mergeThreshold=881926912, ioSortFactor=10, memToMemMergeOutputsThreshold=10
2024-04-24T05:14:13,448  INFO [EventFetcher for fetching Map Completion Events] reduce.EventFetcher: attempt_local1553747529_0035_r_000001_0 Thread started: EventFetcher for fetching Map Completion Events
2024-04-24T05:14:13,451  INFO [localfetcher#50] reduce.LocalFetcher: localfetcher#50 about to shuffle output of map attempt_local1553747529_0035_m_000000_0 decomp: 38 len: 42 to MEMORY
2024-04-24T05:14:13,451  INFO [localfetcher#50] reduce.InMemoryMapOutput: Read 38 bytes from map-output for attempt_local1553747529_0035_m_000000_0
2024-04-24T05:14:13,451  INFO [localfetcher#50] reduce.MergeManagerImpl: closeInMemoryFile -> map-output of size: 38, inMemoryMapOutputs.size() -> 1, commitMemory -> 0, usedMemory ->38
2024-04-24T05:14:13,451  INFO [EventFetcher for fetching Map Completion Events] reduce.EventFetcher: EventFetcher is interrupted.. Returning
2024-04-24T05:14:13,452  INFO [pool-173-thread-1] mapred.LocalJobRunner: 1 / 1 copied.
2024-04-24T05:14:13,452  INFO [pool-173-thread-1] reduce.MergeManagerImpl: finalMerge called with 1 in-memory map-outputs and 0 on-disk map-outputs
2024-04-24T05:14:13,458  INFO [pool-173-thread-1] mapred.Merger: Merging 1 sorted segments
2024-04-24T05:14:13,458  INFO [pool-173-thread-1] mapred.Merger: Down to the last merge-pass, with 1 segments left of total size: 26 bytes
2024-04-24T05:14:13,461  INFO [pool-173-thread-1] reduce.MergeManagerImpl: Merged 1 segments, 38 bytes to disk to satisfy reduce memory limit
2024-04-24T05:14:13,461  INFO [pool-173-thread-1] reduce.MergeManagerImpl: Merging 1 files, 42 bytes from disk
2024-04-24T05:14:13,461  INFO [pool-173-thread-1] reduce.MergeManagerImpl: Merging 0 segments, 0 bytes from memory into reduce
2024-04-24T05:14:13,461  INFO [pool-173-thread-1] mapred.Merger: Merging 1 sorted segments
2024-04-24T05:14:13,461  INFO [pool-173-thread-1] mapred.Merger: Down to the last merge-pass, with 1 segments left of total size: 26 bytes
2024-04-24T05:14:13,461  INFO [pool-173-thread-1] mapred.LocalJobRunner: 1 / 1 copied.
2024-04-24T05:14:13,462  INFO [pool-173-thread-1] exec.SerializationUtilities: Deserializing ReduceWork using kryo
2024-04-24T05:14:13,462  INFO [pool-173-thread-1] exec.Utilities: Deserialized plan (via FILE) - name: null size: 5,96KB
2024-04-24T05:14:13,463  INFO [pool-173-thread-1] ExecReducer: 
<SEL>Id =5
  <Children>
    <FS>Id =6
      <Children>
      <\Children>
      <Parent>Id = 5 null<\Parent>
    <\FS>
  <\Children>
  <Parent><\Parent>
<\SEL>
2024-04-24T05:14:13,463  INFO [pool-173-thread-1] exec.SelectOperator: Initializing Operator: SEL[5]
2024-04-24T05:14:13,463  INFO [pool-173-thread-1] exec.SelectOperator: SELECT struct<key:struct<reducesinkkey0:int>,value:struct<_col0:int>>
2024-04-24T05:14:13,463  INFO [pool-173-thread-1] exec.FileSinkOperator: Initializing Operator: FS[6]
2024-04-24T05:14:13,463  INFO [pool-173-thread-1] exec.FileSinkOperator: Using serializer : AbstractSerDe [log=org.apache.logging.slf4j.Log4jLogger@a925655, configuration=Optional[Configuration: core-default.xml, core-site.xml, mapred-default.xml, mapred-site.xml, yarn-default.xml, yarn-site.xml, hdfs-default.xml, hdfs-site.xml, file:/home/alex/Repositories/hive/ql/target/tmp/TestTxnCommandsWithSplitUpdateAndVectorization/mapred/local/localRunner/alex/job_local1553747529_0035/job_local1553747529_0035.xml], properties={transactional_properties=default, name=default.acidtbl, transactional=true, columns.types=int:int, bucket_field_name=a, columns=a,b, numFilesErasureCoded=0, columns.comments=&amp#0;, bucketing_version=2, bucket_count=2, serialization.lib=org.apache.hadoop.hive.ql.io.orc.OrcSerde, file.inputformat=org.apache.hadoop.hive.ql.io.orc.OrcInputFormat, file.outputformat=org.apache.hadoop.hive.ql.io.orc.OrcOutputFormat, location=file:/home/alex/Repositories/hive/ql/target/tmp/org.apache.hadoop.hive.ql.TestTxnCommands-1713960750541/warehouse/acidtbl, column.name.delimiter=,}, tableProperties={transactional_properties=default, name=default.acidtbl, transactional=true, columns.types=int:int, bucket_field_name=a, columns=a,b, numFilesErasureCoded=0, columns.comments=&amp#0;, bucketing_version=2, bucket_count=2, serialization.lib=org.apache.hadoop.hive.ql.io.orc.OrcSerde, file.inputformat=org.apache.hadoop.hive.ql.io.orc.OrcInputFormat, location=file:/home/alex/Repositories/hive/ql/target/tmp/org.apache.hadoop.hive.ql.TestTxnCommands-1713960750541/warehouse/acidtbl, file.outputformat=org.apache.hadoop.hive.ql.io.orc.OrcOutputFormat, column.name.delimiter=,}, partitionProperties=Optional.empty, columnNames=[a, b], columnTypes=[int, int], getClass()=class org.apache.hadoop.hive.ql.io.orc.OrcSerde] and formatter : org.apache.hadoop.hive.ql.io.orc.OrcOutputFormat@580d0101
2024-04-24T05:14:13,464  INFO [pool-173-thread-1] exec.FileSinkOperator: Final Path: FS file:/home/alex/Repositories/hive/ql/target/tmp/org.apache.hadoop.hive.ql.TestTxnCommands-1713960750541/warehouse/acidtbl
2024-04-24T05:14:13,464  INFO [pool-173-thread-1] exec.FileSinkOperator: New Final Path: FS file:/home/alex/Repositories/hive/ql/target/tmp/org.apache.hadoop.hive.ql.TestTxnCommands-1713960750541/warehouse/acidtbl
2024-04-24T05:14:13,464  INFO [pool-173-thread-1] common.FileUtils: Creating directory if it doesn't exist: file:/home/alex/Repositories/hive/ql/target/tmp/org.apache.hadoop.hive.ql.TestTxnCommands-1713960750541/warehouse
2024-04-24T05:14:13,464  INFO [pool-173-thread-1] exec.FileSinkOperator: FS[6]: records written - 1
2024-04-24T05:14:13,464  INFO [pool-173-thread-1] impl.PhysicalFsWriter: ORC writer created for path: file:/home/alex/Repositories/hive/ql/target/tmp/org.apache.hadoop.hive.ql.TestTxnCommands-1713960750541/warehouse/acidtbl/delta_0000001_0000001_0000/bucket_00001_0 with stripeSize: 8388608 blockSize: 268435456 compression: Compress: ZLIB buffer: 32768
2024-04-24T05:14:13,470  INFO [pool-173-thread-1] impl.WriterImpl: ORC writer created for path: file:/home/alex/Repositories/hive/ql/target/tmp/org.apache.hadoop.hive.ql.TestTxnCommands-1713960750541/warehouse/acidtbl/delta_0000001_0000001_0000/bucket_00001_0 with stripeSize: 8388608 options: Compress: ZLIB buffer: 32768
2024-04-24T05:14:13,470  INFO [pool-173-thread-1] exec.SelectOperator: Closing Operator: SEL[5]
2024-04-24T05:14:13,470  INFO [pool-173-thread-1] exec.SelectOperator: RECORDS_OUT_OPERATOR_SEL_5:2, RECORDS_OUT_INTERMEDIATE:0, 
2024-04-24T05:14:13,470  INFO [pool-173-thread-1] exec.FileSinkOperator: Closing Operator: FS[6]
2024-04-24T05:14:13,470  INFO [pool-173-thread-1] exec.FileSinkOperator: FS[6]: records written - 2
2024-04-24T05:14:13,472  INFO [pool-173-thread-1] FileOperations: Writing manifest to file:/home/alex/Repositories/hive/ql/target/tmp/org.apache.hadoop.hive.ql.TestTxnCommands-1713960750541/warehouse/acidtbl/_tmp.delta_0000001_0000001_0000/000001_0.manifest with [file:/home/alex/Repositories/hive/ql/target/tmp/org.apache.hadoop.hive.ql.TestTxnCommands-1713960750541/warehouse/acidtbl/delta_0000001_0000001_0000/bucket_00001_0]
2024-04-24T05:14:13,482  INFO [pool-173-thread-1] exec.FileSinkOperator: TOTAL_TABLE_ROWS_WRITTEN:2, RECORDS_OUT_INTERMEDIATE:0, RECORDS_OUT_1_default.acidtbl:2, RECORDS_OUT_OPERATOR_FS_6:2, 
2024-04-24T05:14:13,482  INFO [pool-173-thread-1] mapred.Task: Task:attempt_local1553747529_0035_r_000001_0 is done. And is in the process of committing
2024-04-24T05:14:13,482  INFO [pool-173-thread-1] mapred.LocalJobRunner: reduce > reduce
2024-04-24T05:14:13,482  INFO [pool-173-thread-1] mapred.Task: Task 'attempt_local1553747529_0035_r_000001_0' done.
2024-04-24T05:14:13,482  INFO [pool-173-thread-1] mapred.Task: Final Counters for attempt_local1553747529_0035_r_000001_0: Counters: 30
	File System Counters
		FILE: Number of bytes read=759493
		FILE: Number of bytes written=43875489
		FILE: Number of read operations=0
		FILE: Number of large read operations=0
		FILE: Number of write operations=0
	Map-Reduce Framework
		Combine input records=0
		Combine output records=0
		Reduce input groups=2
		Reduce shuffle bytes=42
		Reduce input records=2
		Reduce output records=0
		Spilled Records=2
		Shuffled Maps =1
		Failed Shuffles=0
		Merged Map outputs=1
		GC time elapsed (ms)=0
		Total committed heap usage (bytes)=1246232576
	HIVE
		CREATED_FILES=1
		RECORDS_OUT_1_default.acidtbl=2
		RECORDS_OUT_INTERMEDIATE=0
		RECORDS_OUT_OPERATOR_FS_6=2
		RECORDS_OUT_OPERATOR_SEL_5=2
		TOTAL_TABLE_ROWS_WRITTEN=2
	Shuffle Errors
		BAD_ID=0
		CONNECTION=0
		IO_ERROR=0
		WRONG_LENGTH=0
		WRONG_MAP=0
		WRONG_REDUCE=0
	File Output Format Counters 
		Bytes Written=0
2024-04-24T05:14:13,482  INFO [pool-173-thread-1] mapred.LocalJobRunner: Finishing task: attempt_local1553747529_0035_r_000001_0
2024-04-24T05:14:13,483  INFO [Thread-2879] mapred.LocalJobRunner: reduce task executor complete.
2024-04-24 05:14:14,308 Stage-1 map = 100%,  reduce = 100%
2024-04-24T05:14:14,308  INFO [main] exec.Task: 2024-04-24 05:14:14,308 Stage-1 map = 100%,  reduce = 100%
Ended Job = job_local1553747529_0035
2024-04-24T05:14:14,311  INFO [main] exec.Task: Ended Job = job_local1553747529_0035
2024-04-24T05:14:14,313  INFO [main] FileOperations: Found manifest file file:/home/alex/Repositories/hive/ql/target/tmp/org.apache.hadoop.hive.ql.TestTxnCommands-1713960750541/warehouse/acidtbl/_tmp.delta_0000001_0000001_0000/000001_0.manifest with attemptId 0.
2024-04-24T05:14:14,314  INFO [main] FileOperations: Found manifest file file:/home/alex/Repositories/hive/ql/target/tmp/org.apache.hadoop.hive.ql.TestTxnCommands-1713960750541/warehouse/acidtbl/_tmp.delta_0000001_0000001_0000/000000_0.manifest with attemptId 0.
2024-04-24T05:14:14,314  INFO [main] FileOperations: Looking at manifest file: file:/home/alex/Repositories/hive/ql/target/tmp/org.apache.hadoop.hive.ql.TestTxnCommands-1713960750541/warehouse/acidtbl/_tmp.delta_0000001_0000001_0000/000000_0.manifest
2024-04-24T05:14:14,314  INFO [main] FileOperations: Looking at manifest file: file:/home/alex/Repositories/hive/ql/target/tmp/org.apache.hadoop.hive.ql.TestTxnCommands-1713960750541/warehouse/acidtbl/_tmp.delta_0000001_0000001_0000/000001_0.manifest
2024-04-24T05:14:14,315  INFO [main] FileOperations: Deleting manifest directory file:/home/alex/Repositories/hive/ql/target/tmp/org.apache.hadoop.hive.ql.TestTxnCommands-1713960750541/warehouse/acidtbl/_tmp.delta_0000001_0000001_0000
2024-04-24T05:14:14,316  INFO [main] ql.Driver: Starting task [Stage-0:MOVE] in serial mode
Loading data to table default.acidtbl
2024-04-24T05:14:14,316  INFO [main] exec.Task: Loading data to table default.acidtbl from file:/home/alex/Repositories/hive/ql/target/tmp/org.apache.hadoop.hive.ql.TestTxnCommands-1713960750541/warehouse/acidtbl
2024-04-24T05:14:14,316  INFO [main] HiveMetaStore.audit: ugi=alex	ip=unknown-ip-addr	cmd=get_table : tbl=hive.default.acidtbl	
2024-04-24T05:14:14,323  INFO [main] metastore.HMSHandler: Skipping translation for processor with null
2024-04-24T05:14:14,323  INFO [main] HiveMetaStore.audit: ugi=alex	ip=unknown-ip-addr	cmd=get_table : tbl=hive.default.acidtbl	
2024-04-24T05:14:14,330  INFO [main] metastore.HMSHandler: Skipping translation for processor with null
2024-04-24T05:14:14,331  INFO [main] HiveMetaStore.audit: ugi=alex	ip=unknown-ip-addr	cmd=alter_table: hive.default.acidtbl newtbl=acidtbl	
2024-04-24T05:14:14,367  INFO [main] ql.Driver: Starting task [Stage-2:STATS] in serial mode
2024-04-24T05:14:14,367  INFO [main] HiveMetaStore.audit: ugi=alex	ip=unknown-ip-addr	cmd=get_table : tbl=hive.default.acidtbl	
2024-04-24T05:14:14,373  INFO [main] metastore.HMSHandler: Skipping translation for processor with null
2024-04-24T05:14:14,373  INFO [main] stats.BasicStatsTask: Executing stats task
2024-04-24T05:14:14,373  INFO [main] fs.FSStatsPublisher: created : file:/home/alex/Repositories/hive/ql/target/tmp/localscratchdir/d7b017aa-bccb-427b-b3fb-16bf5c87963a/hive_2024-04-24_05-14-12_827_7247077096715653763-1/-mr-10000
2024-04-24T05:14:14,375  INFO [main] HiveMetaStore.audit: ugi=alex	ip=unknown-ip-addr	cmd=get_table : tbl=hive.default.acidtbl	
2024-04-24T05:14:14,381  INFO [main] metastore.HMSHandler: Skipping translation for processor with null
2024-04-24T05:14:14,392  WARN [main] FileOperations: Computing stats for an ACID table; stats may be inaccurate
2024-04-24T05:14:14,393  INFO [main] FileOperations: Read stats for default.acidtbl/, numRows, true, 4, false: 
2024-04-24T05:14:14,393  INFO [main] FileOperations: Read stats for default.acidtbl/, rawDataSize, true, 0, false: 
2024-04-24T05:14:14,393  INFO [main] HiveMetaStore.audit: ugi=alex	ip=unknown-ip-addr	cmd=alter_table: hive.default.acidtbl newtbl=acidtbl	
2024-04-24T05:14:14,414  INFO [main] FileOperations: Read stats for default.acidtbl/, insertCount, true, 4, false: 
2024-04-24T05:14:14,414  INFO [main] FileOperations: Read stats for default.acidtbl/, updateCount, true, 0, false: 
2024-04-24T05:14:14,414  INFO [main] FileOperations: Read stats for default.acidtbl/, deleteCount, true, 0, false: 
2024-04-24T05:14:14,416  INFO [main] stats.BasicStatsTask: Table default.acidtbl stats: [numFiles=2, numRows=4, totalSize=1389, rawDataSize=0, numFilesErasureCoded=0]
2024-04-24T05:14:14,416  INFO [main] metadata.Hive: Dumping metastore api call timing information for : execution phase
2024-04-24T05:14:14,416  INFO [main] metadata.Hive: Total time spent in each metastore function (ms): {getTable_(GetTableRequest)=26, isCompatibleWith_(Configuration)=0, alter_table_(String, String, String, Table, EnvironmentContext, String)=56, updateTransactionalStatistics_(UpdateTransactionalStatsRequest)=2}
MapReduce Jobs Launched: 
2024-04-24T05:14:14,417  INFO [main] ql.Driver: MapReduce Jobs Launched: 
Stage-Stage-1:  HDFS Read: 0 HDFS Write: 0 SUCCESS
2024-04-24T05:14:14,417  INFO [main] ql.Driver: Stage-Stage-1:  HDFS Read: 0 HDFS Write: 0 SUCCESS
Total MapReduce CPU Time Spent: 0 msec
2024-04-24T05:14:14,417  INFO [main] ql.Driver: Total MapReduce CPU Time Spent: 0 msec
2024-04-24T05:14:14,417  INFO [main] ql.Driver: Completed executing command(queryId=alex_20240424051412_1af363f7-ba71-4e4a-a290-5a5de7800fe0); Time taken: 1.38 seconds
2024-04-24T05:14:14,417  INFO [main] lockmgr.DbTxnManager: Stopped heartbeat for query: alex_20240424051412_1af363f7-ba71-4e4a-a290-5a5de7800fe0
2024-04-24T05:14:14,427  INFO [main] txn.TxnHandler: Removed transactions: ([13]) from MIN_HISTORY_LEVEL
2024-04-24T05:14:14,427  WARN [main] txn.CompactionTxnHandler: No compaction queue record found for Compaction type transaction commit. txnId:13
2024-04-24T05:14:14,428  INFO [main] ql.TxnCommandsBaseForTests: Running the query: select a,b from acidTbl order by a,b
2024-04-24T05:14:14,428  INFO [main] ql.Context: Deleting scratch dir: file:/home/alex/Repositories/hive/ql/target/tmp/localscratchdir/d7b017aa-bccb-427b-b3fb-16bf5c87963a/hive_2024-04-24_05-14-12_827_7247077096715653763-1
2024-04-24T05:14:14,428  INFO [main] cleanup.SyncCleanupService: Deleted directory: file:/home/alex/Repositories/hive/ql/target/tmp/localscratchdir/d7b017aa-bccb-427b-b3fb-16bf5c87963a/hive_2024-04-24_05-14-12_827_7247077096715653763-1 on fs with scheme file
2024-04-24T05:14:14,429  INFO [main] ql.Driver: Compiling command(queryId=alex_20240424051414_a05fd1d2-9670-4a07-86f1-5149b3a35b0e): select a,b from acidTbl order by a,b
2024-04-24T05:14:14,433  INFO [main] txn.TxnHandler: Added entries to MIN_HISTORY_LEVEL for current txns: ([14]) with min_open_txn: 14
2024-04-24T05:14:14,433  INFO [main] lockmgr.DbTxnManager: Opened txnid:14
2024-04-24T05:14:14,434  INFO [main] parse.CalcitePlanner: Starting caching scope for: 
2024-04-24T05:14:14,434  INFO [main] parse.CalcitePlanner: Starting Semantic Analysis
2024-04-24T05:14:14,437  INFO [main] parse.CalcitePlanner: Completed phase 1 of Semantic Analysis
2024-04-24T05:14:14,437  INFO [main] parse.CalcitePlanner: Get metadata for source tables
2024-04-24T05:14:14,437  INFO [main] HiveMetaStore.audit: ugi=alex	ip=unknown-ip-addr	cmd=get_table : tbl=hive.default.acidtbl	
2024-04-24T05:14:14,444  INFO [main] metastore.HMSHandler: Skipping translation for processor with null
2024-04-24T05:14:14,445  INFO [main] parse.CalcitePlanner: Get metadata for subqueries
2024-04-24T05:14:14,445  INFO [main] parse.CalcitePlanner: Get metadata for destination tables
2024-04-24T05:14:14,445  INFO [main] parse.CalcitePlanner: Completed getting MetaData in Semantic Analysis
2024-04-24T05:14:14,458  INFO [main] HiveMetaStore.audit: ugi=alex	ip=unknown-ip-addr	cmd=get_all_table_constraints : tbl=hive.default.acidtbl	
2024-04-24T05:14:14,483  INFO [main] calcite.RelOptHiveTable: Calculating column statistics for default.acidtbl, projIndxSet: [0, 1], allowMissingStats: true
2024-04-24T05:14:14,483  INFO [main] HiveMetaStore.audit: ugi=alex	ip=unknown-ip-addr	cmd=get_table : tbl=hive.default.acidtbl	
2024-04-24T05:14:14,492  INFO [main] metastore.HMSHandler: Skipping translation for processor with null
2024-04-24T05:14:14,493  INFO [main] HiveMetaStore.audit: ugi=alex	ip=unknown-ip-addr	cmd=get_table : tbl=hive.default.acidtbl	
2024-04-24T05:14:14,502  INFO [main] metastore.HMSHandler: Skipping translation for processor with null
2024-04-24T05:14:14,502  INFO [main] HiveMetaStore.audit: ugi=alex	ip=unknown-ip-addr	cmd=get_table_statistics_req: table=hive.default.acidtbl	
2024-04-24T05:14:14,514  WARN [main] calcite.RelOptHiveTable: No Stats for default@acidtbl, Columns: a, b
No Stats for default@acidtbl, Columns: a, b
2024-04-24T05:14:14,514  INFO [main] SessionState: No Stats for default@acidtbl, Columns: a, b
2024-04-24T05:14:14,556  INFO [main] parse.CalcitePlanner: Get metadata for source tables
2024-04-24T05:14:14,556  INFO [main] parse.CalcitePlanner: Get metadata for subqueries
2024-04-24T05:14:14,556  INFO [main] parse.CalcitePlanner: Get metadata for destination tables
2024-04-24T05:14:14,557  INFO [main] common.FileUtils: Creating directory if it doesn't exist: file:/home/alex/Repositories/hive/ql/target/tmp/localscratchdir/d7b017aa-bccb-427b-b3fb-16bf5c87963a/hive_2024-04-24_05-14-14_428_1308409107564059516-1/-mr-10001/.hive-staging_hive_2024-04-24_05-14-14_428_1308409107564059516-1
2024-04-24T05:14:14,564  INFO [main] parse.CalcitePlanner: CBO Succeeded; optimized logical plan.
2024-04-24T05:14:14,567  INFO [main] optimizer.ColumnPrunerProcFactory: RS 2 oldColExprMap: {KEY.reducesinkkey0=Column[_col0], KEY.reducesinkkey1=Column[_col1]}
2024-04-24T05:14:14,567  INFO [main] optimizer.ColumnPrunerProcFactory: RS 2 newColExprMap: {KEY.reducesinkkey0=Column[_col0], KEY.reducesinkkey1=Column[_col1]}
2024-04-24T05:14:14,569  INFO [main] optimizer.SortedDynPartitionOptimizer: Sorted dynamic partitioning optimization kicked in..
2024-04-24T05:14:14,577  INFO [main] physical.Vectorizer: Examining input format to see if vectorization is enabled.
2024-04-24T05:14:14,578  INFO [main] physical.Vectorizer: Vectorization is enabled for input format(s) [org.apache.hadoop.hive.ql.io.orc.OrcInputFormat]
2024-04-24T05:14:14,578  INFO [main] physical.Vectorizer: Validating and vectorizing MapWork... (vectorizedVertexNum 0)
2024-04-24T05:14:14,579  INFO [main] physical.Vectorizer: Map vectorization enabled: true
2024-04-24T05:14:14,579  INFO [main] physical.Vectorizer: Map vectorized: true
2024-04-24T05:14:14,579  INFO [main] physical.Vectorizer: Map vectorizedVertexNum: 0
2024-04-24T05:14:14,579  INFO [main] physical.Vectorizer: Map enabledConditionsMet: [hive.vectorized.use.vectorized.input.format IS true]
2024-04-24T05:14:14,579  INFO [main] physical.Vectorizer: Map inputFileFormatClassNameSet: [org.apache.hadoop.hive.ql.io.orc.OrcInputFormat]
2024-04-24T05:14:14,579  INFO [main] physical.Vectorizer: Reduce vectorization enabled: false
2024-04-24T05:14:14,579  INFO [main] physical.Vectorizer: Reduce vectorized: false
2024-04-24T05:14:14,579  INFO [main] physical.Vectorizer: Reduce vectorizedVertexNum: 1
2024-04-24T05:14:14,579  INFO [main] physical.Vectorizer: Reducer hive.vectorized.execution.reduce.enabled: true
2024-04-24T05:14:14,579  INFO [main] physical.Vectorizer: Reducer engine: mr
2024-04-24T05:14:14,579  INFO [main] parse.CalcitePlanner: Completed plan generation
2024-04-24T05:14:14,579  INFO [main] parse.CalcitePlanner: Ending caching scope for: 
2024-04-24T05:14:14,579  INFO [main] ql.Driver: Semantic Analysis Completed (retrial = false)
2024-04-24T05:14:14,579  INFO [main] ql.Driver: Created Hive schema: Schema(fieldSchemas:[FieldSchema(name:a, type:int, comment:null), FieldSchema(name:b, type:int, comment:null)], properties:null)
2024-04-24T05:14:14,580  INFO [main] exec.ListSinkOperator: Initializing Operator: LIST_SINK[7]
2024-04-24T05:14:14,580  INFO [main] metadata.Hive: Dumping metastore api call timing information for : compilation phase
2024-04-24T05:14:14,581  INFO [main] metadata.Hive: Total time spent in each metastore function (ms): {getValidWriteIds_(List, String)=3, commitTxn_(CommitTxnRequest)=10, getAllTableConstraints_(AllTableConstraintsRequest)=6, getValidTxns_(long)=1, openTxn_(String, TxnType)=4, isCompatibleWith_(Configuration)=1, getTable_(GetTableRequest)=7, getTableColumnStatistics_(String, String, List, String)=30, flushCache_()=0}
2024-04-24T05:14:14,581  INFO [main] ql.Driver: Completed compiling command(queryId=alex_20240424051414_a05fd1d2-9670-4a07-86f1-5149b3a35b0e); Time taken: 0.151 seconds
2024-04-24T05:14:14,581  INFO [main] lockmgr.DbTxnManager: Setting lock request transaction to txnid:14 for queryId=alex_20240424051414_a05fd1d2-9670-4a07-86f1-5149b3a35b0e
2024-04-24T05:14:14,581  INFO [main] lockmgr.DbLockManager: Requesting lock for queryId=alex_20240424051414_a05fd1d2-9670-4a07-86f1-5149b3a35b0e
2024-04-24T05:14:14,595  INFO [main] lockmgr.DbLockManager: Response to queryId=alex_20240424051414_a05fd1d2-9670-4a07-86f1-5149b3a35b0e LockResponse(lockid:8, state:ACQUIRED)
2024-04-24T05:14:14,595  INFO [main] ql.Driver: Operation QUERY obtained 1 locks
2024-04-24T05:14:14,596  INFO [main] ql.Driver: Executing command(queryId=alex_20240424051414_a05fd1d2-9670-4a07-86f1-5149b3a35b0e): select a,b from acidTbl order by a,b
2024-04-24T05:14:14,596  WARN [main] ql.Driver: Hive-on-MR is deprecated in Hive 2 and may not be available in the future versions. Consider using a different execution engine (i.e. spark, tez) or using Hive 1.X releases.
Query ID = alex_20240424051414_a05fd1d2-9670-4a07-86f1-5149b3a35b0e
2024-04-24T05:14:14,596  INFO [main] ql.Driver: Query ID = alex_20240424051414_a05fd1d2-9670-4a07-86f1-5149b3a35b0e
Total jobs = 1
2024-04-24T05:14:14,596  INFO [main] ql.Driver: Total jobs = 1
Launching Job 1 out of 1
2024-04-24T05:14:14,596  INFO [main] ql.Driver: Launching Job 1 out of 1
2024-04-24T05:14:14,756  INFO [main] ql.Driver: Starting task [Stage-1:MAPRED] in serial mode
Number of reduce tasks determined at compile time: 1
2024-04-24T05:14:14,756  INFO [main] exec.Task: Number of reduce tasks determined at compile time: 1
In order to change the average load for a reducer (in bytes):
2024-04-24T05:14:14,756  INFO [main] exec.Task: In order to change the average load for a reducer (in bytes):
  set hive.exec.reducers.bytes.per.reducer=<number>
2024-04-24T05:14:14,756  INFO [main] exec.Task:   set hive.exec.reducers.bytes.per.reducer=<number>
In order to limit the maximum number of reducers:
2024-04-24T05:14:14,756  INFO [main] exec.Task: In order to limit the maximum number of reducers:
  set hive.exec.reducers.max=<number>
2024-04-24T05:14:14,756  INFO [main] exec.Task:   set hive.exec.reducers.max=<number>
In order to set a constant number of reducers:
2024-04-24T05:14:14,756  INFO [main] exec.Task: In order to set a constant number of reducers:
  set mapreduce.job.reduces=<number>
2024-04-24T05:14:14,756  INFO [main] exec.Task:   set mapreduce.job.reduces=<number>
2024-04-24T05:14:14,759  INFO [main] mr.ExecDriver: Using org.apache.hadoop.hive.ql.io.HiveInputFormat
2024-04-24T05:14:14,759  INFO [main] exec.Utilities: Processing alias acidtbl
2024-04-24T05:14:14,759  INFO [main] exec.Utilities: Adding 1 inputs; the first input is file:/home/alex/Repositories/hive/ql/target/tmp/org.apache.hadoop.hive.ql.TestTxnCommands-1713960750541/warehouse/acidtbl
2024-04-24T05:14:14,768  INFO [main] exec.SerializationUtilities: Serializing MapWork using kryo
2024-04-24T05:14:14,769  INFO [main] exec.Utilities: Serialized plan (via FILE) - name: null size: 6,04KB
2024-04-24T05:14:14,773  INFO [main] exec.SerializationUtilities: Serializing ReduceWork using kryo
2024-04-24T05:14:14,774  INFO [main] exec.Utilities: Serialized plan (via FILE) - name: null size: 7,01KB
2024-04-24T05:14:14,775  WARN [main] impl.MetricsSystemImpl: JobTracker metrics system already initialized!
2024-04-24T05:14:14,781  WARN [main] impl.MetricsSystemImpl: JobTracker metrics system already initialized!
2024-04-24T05:14:14,787  WARN [main] mapreduce.JobResourceUploader: Hadoop command-line option parsing not performed. Implement the Tool interface and execute your application with ToolRunner to remedy this.
2024-04-24T05:14:14,791  WARN [main] mapreduce.JobResourceUploader: No job jar file set.  User classes may not be found. See Job or Job#setJar(String).
2024-04-24T05:14:14,792  INFO [main] io.HiveInputFormat: hive.io.file.readcolumn.ids = 0,1
2024-04-24T05:14:14,792  INFO [main] io.HiveInputFormat: hive.io.file.readcolumn.names = a,b
2024-04-24T05:14:14,792  INFO [main] io.HiveInputFormat: Generating splits for dirs: file:/home/alex/Repositories/hive/ql/target/tmp/org.apache.hadoop.hive.ql.TestTxnCommands-1713960750541/warehouse/acidtbl
2024-04-24T05:14:14,793  INFO [main] orc.OrcInputFormat: getSplits started
2024-04-24T05:14:14,793  INFO [main] orc.OrcInputFormat: Context:: isAcid: true isVectorMode: true sarg: null minSplitSize: 1 maxSplitSize: 256000000 splitStrategy: HYBRID footerInSplits: false numBuckets: 2 numThreads: 10 cacheMemSize: 268435456 cacheStripeDetails: true useSoftReference: false writeIdList: default.acidtbl:1:9223372036854775807:: isTransactionalTable: true txnProperties: default 
2024-04-24T05:14:14,793  INFO [main] orc.OrcInputFormat: ORC pushdown predicate: null
2024-04-24T05:14:14,804  INFO [main] orc.OrcInputFormat: FooterCacheHitRatio: 0/2
2024-04-24T05:14:14,804  INFO [main] orc.OrcInputFormat: getSplits finished (#splits: 2). duration: 11 ms
2024-04-24T05:14:14,804  INFO [main] io.HiveInputFormat: number of splits 2
2024-04-24T05:14:14,821  INFO [main] mapreduce.JobSubmitter: number of splits:2
2024-04-24T05:14:14,838  INFO [main] mapreduce.JobSubmitter: Submitting tokens for job: job_local798285434_0036
2024-04-24T05:14:14,838  INFO [main] mapreduce.JobSubmitter: Executing with tokens: []
2024-04-24T05:14:14,898  INFO [main] mapreduce.Job: The url to track the job: http://localhost:8080/
Job running in-process (local Hadoop)
2024-04-24T05:14:14,898  INFO [main] exec.Task: Job running in-process (local Hadoop)
2024-04-24T05:14:14,899  INFO [Thread-2956] mapred.LocalJobRunner: OutputCommitter set in config org.apache.hadoop.hive.ql.io.HiveFileFormatUtils$NullOutputCommitter
2024-04-24T05:14:14,899  INFO [Thread-2956] mapred.LocalJobRunner: OutputCommitter is org.apache.hadoop.hive.ql.io.HiveFileFormatUtils$NullOutputCommitter
2024-04-24T05:14:14,901  INFO [Thread-2956] mapred.LocalJobRunner: Waiting for map tasks
2024-04-24T05:14:14,901  INFO [LocalJobRunner Map Task Executor #0] mapred.LocalJobRunner: Starting task: attempt_local798285434_0036_m_000000_0
2024-04-24T05:14:14,902  INFO [LocalJobRunner Map Task Executor #0] mapred.Task:  Using ResourceCalculatorProcessTree : [ ]
2024-04-24T05:14:14,902  INFO [LocalJobRunner Map Task Executor #0] mapred.MapTask: Processing split: org.apache.hadoop.hive.ql.io.orc.OrcInputFormat:OrcSplit [file:/home/alex/Repositories/hive/ql/target/tmp/org.apache.hadoop.hive.ql.TestTxnCommands-1713960750541/warehouse/acidtbl/delta_0000001_0000001_0000/bucket_00001_0, start=0, length=699, isOriginal=false, fileLength=699, hasFooter=false, hasBase=true, deltas=0]
2024-04-24T05:14:14,903  INFO [LocalJobRunner Map Task Executor #0] exec.SerializationUtilities: Deserializing MapWork using kryo
2024-04-24T05:14:14,903  INFO [LocalJobRunner Map Task Executor #0] exec.Utilities: Deserialized plan (via FILE) - name: null size: 6,04KB
2024-04-24T05:14:14,903  INFO [LocalJobRunner Map Task Executor #0] orc.VectorizedOrcAcidRowBatchReader: Read ValidWriteIdList: default.acidtbl:1:9223372036854775807:::OrcSplit [file:/home/alex/Repositories/hive/ql/target/tmp/org.apache.hadoop.hive.ql.TestTxnCommands-1713960750541/warehouse/acidtbl/delta_0000001_0000001_0000/bucket_00001_0, start=0, length=699, isOriginal=false, fileLength=699, hasFooter=false, hasBase=true, deltas=0]
2024-04-24T05:14:14,904  INFO [LocalJobRunner Map Task Executor #0] orc.ReaderImpl: Reading ORC rows from file:/home/alex/Repositories/hive/ql/target/tmp/org.apache.hadoop.hive.ql.TestTxnCommands-1713960750541/warehouse/acidtbl/delta_0000001_0000001_0000/bucket_00001_0 with {include: [true, true, true], offset: 0, length: 699, schema: struct<a:int,b:int>, includeAcidColumns: false}
2024-04-24T05:14:14,905  INFO [LocalJobRunner Map Task Executor #0] mapred.MapTask: numReduceTasks: 1
2024-04-24T05:14:14,909  INFO [LocalJobRunner Map Task Executor #0] mapred.MapTask: (EQUATOR) 0 kvi 26214396(104857584)
2024-04-24T05:14:14,909  INFO [LocalJobRunner Map Task Executor #0] mapred.MapTask: mapreduce.task.io.sort.mb: 100
2024-04-24T05:14:14,909  INFO [LocalJobRunner Map Task Executor #0] mapred.MapTask: soft limit at 83886080
2024-04-24T05:14:14,909  INFO [LocalJobRunner Map Task Executor #0] mapred.MapTask: bufstart = 0; bufvoid = 104857600
2024-04-24T05:14:14,909  INFO [LocalJobRunner Map Task Executor #0] mapred.MapTask: kvstart = 26214396; length = 6553600
2024-04-24T05:14:14,909  INFO [LocalJobRunner Map Task Executor #0] mapred.MapTask: Map output collector class = org.apache.hadoop.mapred.MapTask$MapOutputBuffer
2024-04-24T05:14:14,910  INFO [LocalJobRunner Map Task Executor #0] vector.VectorMapOperator: Initializing Operator: MAP[0]
2024-04-24T05:14:14,910  INFO [LocalJobRunner Map Task Executor #0] mr.ExecMapper: 
<MAP>Id =0
  <Children>null
  <\Children>
  <Parent><\Parent>
<\MAP>
2024-04-24T05:14:14,910  INFO [LocalJobRunner Map Task Executor #0] exec.TableScanOperator: Initializing Operator: TS[0]
2024-04-24T05:14:14,910  INFO [LocalJobRunner Map Task Executor #0] vector.VectorSelectOperator: Initializing Operator: SEL[5]
2024-04-24T05:14:14,910  INFO [LocalJobRunner Map Task Executor #0] vector.VectorReduceSinkOperator: Initializing Operator: RS[6]
2024-04-24T05:14:14,911  INFO [LocalJobRunner Map Task Executor #0] vector.VectorReduceSinkOperator: Using tag = -1
2024-04-24T05:14:14,911  INFO [LocalJobRunner Map Task Executor #0] vector.VectorReduceSinkOperator: keys are [reducesinkkey0, reducesinkkey1] num distributions: 2
2024-04-24T05:14:14,911  INFO [LocalJobRunner Map Task Executor #0] vector.VectorReduceSinkOperator: RS[6]: records written - 1
2024-04-24T05:14:14,911  INFO [LocalJobRunner Map Task Executor #0] vector.VectorMapOperator: Closing Operator: MAP[0]
2024-04-24T05:14:14,911  INFO [LocalJobRunner Map Task Executor #0] vector.VectorMapOperator: DESERIALIZE_ERRORS:0, RECORDS_OUT_OPERATOR_MAP_0:0, RECORDS_OUT_INTERMEDIATE:0, RECORDS_IN:2, 
2024-04-24T05:14:14,911  INFO [LocalJobRunner Map Task Executor #0] exec.TableScanOperator: Closing Operator: TS[0]
2024-04-24T05:14:14,911  INFO [LocalJobRunner Map Task Executor #0] exec.TableScanOperator: RECORDS_OUT_OPERATOR_TS_0:2, RECORDS_OUT_INTERMEDIATE:0, 
2024-04-24T05:14:14,911  INFO [LocalJobRunner Map Task Executor #0] vector.VectorSelectOperator: Closing Operator: SEL[5]
2024-04-24T05:14:14,911  INFO [LocalJobRunner Map Task Executor #0] vector.VectorSelectOperator: RECORDS_OUT_OPERATOR_SEL_5:2, RECORDS_OUT_INTERMEDIATE:0, 
2024-04-24T05:14:14,911  INFO [LocalJobRunner Map Task Executor #0] vector.VectorReduceSinkOperator: Closing Operator: RS[6]
2024-04-24T05:14:14,911  INFO [LocalJobRunner Map Task Executor #0] vector.VectorReduceSinkOperator: RS[6]: Total records written - 2. abort - false
2024-04-24T05:14:14,912  INFO [LocalJobRunner Map Task Executor #0] vector.VectorReduceSinkOperator: RECORDS_OUT_INTERMEDIATE:2, RECORDS_OUT_OPERATOR_RS_6:2, 
2024-04-24T05:14:14,912  INFO [LocalJobRunner Map Task Executor #0] mapred.LocalJobRunner: 
2024-04-24T05:14:14,912  INFO [LocalJobRunner Map Task Executor #0] mapred.MapTask: Starting flush of map output
2024-04-24T05:14:14,912  INFO [LocalJobRunner Map Task Executor #0] mapred.MapTask: Spilling map output
2024-04-24T05:14:14,912  INFO [LocalJobRunner Map Task Executor #0] mapred.MapTask: bufstart = 0; bufend = 38; bufvoid = 104857600
2024-04-24T05:14:14,912  INFO [LocalJobRunner Map Task Executor #0] mapred.MapTask: kvstart = 26214396(104857584); kvend = 26214392(104857568); length = 5/6553600
2024-04-24T05:14:14,923  INFO [LocalJobRunner Map Task Executor #0] mapred.MapTask: Finished spill 0
2024-04-24T05:14:14,926  INFO [LocalJobRunner Map Task Executor #0] mapred.Task: Task:attempt_local798285434_0036_m_000000_0 is done. And is in the process of committing
2024-04-24T05:14:14,926  INFO [LocalJobRunner Map Task Executor #0] mapred.LocalJobRunner: OrcSplit [file:/home/alex/Repositories/hive/ql/target/tmp/org.apache.hadoop.hive.ql.TestTxnCommands-1713960750541/warehouse/acidtbl/delta_0000001_0000001_0000/bucket_00001_0, start=0, length=699, isOriginal=false, fileLength=699, hasFooter=false, hasBase=true, deltas=0]
2024-04-24T05:14:14,926  INFO [LocalJobRunner Map Task Executor #0] mapred.Task: Task 'attempt_local798285434_0036_m_000000_0' done.
2024-04-24T05:14:14,926  INFO [LocalJobRunner Map Task Executor #0] mapred.Task: Final Counters for attempt_local798285434_0036_m_000000_0: Counters: 24
	File System Counters
		FILE: Number of bytes read=770171
		FILE: Number of bytes written=45125176
		FILE: Number of read operations=0
		FILE: Number of large read operations=0
		FILE: Number of write operations=0
	Map-Reduce Framework
		Map input records=1
		Map output records=2
		Map output bytes=38
		Map output materialized bytes=48
		Input split bytes=495
		Combine input records=0
		Spilled Records=2
		Failed Shuffles=0
		Merged Map outputs=0
		GC time elapsed (ms)=0
		Total committed heap usage (bytes)=1242562560
	HIVE
		DESERIALIZE_ERRORS=0
		RECORDS_IN=2
		RECORDS_OUT_INTERMEDIATE=2
		RECORDS_OUT_OPERATOR_MAP_0=0
		RECORDS_OUT_OPERATOR_RS_6=2
		RECORDS_OUT_OPERATOR_SEL_5=2
		RECORDS_OUT_OPERATOR_TS_0=2
	File Input Format Counters 
		Bytes Read=8973
2024-04-24T05:14:14,926  INFO [LocalJobRunner Map Task Executor #0] mapred.LocalJobRunner: Finishing task: attempt_local798285434_0036_m_000000_0
2024-04-24T05:14:14,927  INFO [LocalJobRunner Map Task Executor #0] mapred.LocalJobRunner: Starting task: attempt_local798285434_0036_m_000001_0
2024-04-24T05:14:14,927  INFO [LocalJobRunner Map Task Executor #0] mapred.Task:  Using ResourceCalculatorProcessTree : [ ]
2024-04-24T05:14:14,927  INFO [LocalJobRunner Map Task Executor #0] mapred.MapTask: Processing split: org.apache.hadoop.hive.ql.io.orc.OrcInputFormat:OrcSplit [file:/home/alex/Repositories/hive/ql/target/tmp/org.apache.hadoop.hive.ql.TestTxnCommands-1713960750541/warehouse/acidtbl/delta_0000001_0000001_0000/bucket_00000_0, start=0, length=690, isOriginal=false, fileLength=690, hasFooter=false, hasBase=true, deltas=0]
2024-04-24T05:14:14,928  INFO [LocalJobRunner Map Task Executor #0] exec.SerializationUtilities: Deserializing MapWork using kryo
2024-04-24T05:14:14,928  INFO [LocalJobRunner Map Task Executor #0] exec.Utilities: Deserialized plan (via FILE) - name: null size: 6,04KB
2024-04-24T05:14:14,928  INFO [LocalJobRunner Map Task Executor #0] orc.VectorizedOrcAcidRowBatchReader: Read ValidWriteIdList: default.acidtbl:1:9223372036854775807:::OrcSplit [file:/home/alex/Repositories/hive/ql/target/tmp/org.apache.hadoop.hive.ql.TestTxnCommands-1713960750541/warehouse/acidtbl/delta_0000001_0000001_0000/bucket_00000_0, start=0, length=690, isOriginal=false, fileLength=690, hasFooter=false, hasBase=true, deltas=0]
2024-04-24T05:14:14,929  INFO [LocalJobRunner Map Task Executor #0] orc.ReaderImpl: Reading ORC rows from file:/home/alex/Repositories/hive/ql/target/tmp/org.apache.hadoop.hive.ql.TestTxnCommands-1713960750541/warehouse/acidtbl/delta_0000001_0000001_0000/bucket_00000_0 with {include: [true, true, true], offset: 0, length: 690, schema: struct<a:int,b:int>, includeAcidColumns: false}
2024-04-24T05:14:14,930  INFO [LocalJobRunner Map Task Executor #0] mapred.MapTask: numReduceTasks: 1
2024-04-24T05:14:14,935  INFO [LocalJobRunner Map Task Executor #0] mapred.MapTask: (EQUATOR) 0 kvi 26214396(104857584)
2024-04-24T05:14:14,935  INFO [LocalJobRunner Map Task Executor #0] mapred.MapTask: mapreduce.task.io.sort.mb: 100
2024-04-24T05:14:14,935  INFO [LocalJobRunner Map Task Executor #0] mapred.MapTask: soft limit at 83886080
2024-04-24T05:14:14,935  INFO [LocalJobRunner Map Task Executor #0] mapred.MapTask: bufstart = 0; bufvoid = 104857600
2024-04-24T05:14:14,935  INFO [LocalJobRunner Map Task Executor #0] mapred.MapTask: kvstart = 26214396; length = 6553600
2024-04-24T05:14:14,935  INFO [LocalJobRunner Map Task Executor #0] mapred.MapTask: Map output collector class = org.apache.hadoop.mapred.MapTask$MapOutputBuffer
2024-04-24T05:14:14,936  INFO [LocalJobRunner Map Task Executor #0] vector.VectorMapOperator: Initializing Operator: MAP[0]
2024-04-24T05:14:14,936  INFO [LocalJobRunner Map Task Executor #0] mr.ExecMapper: 
<MAP>Id =0
  <Children>null
  <\Children>
  <Parent><\Parent>
<\MAP>
2024-04-24T05:14:14,937  INFO [LocalJobRunner Map Task Executor #0] exec.TableScanOperator: Initializing Operator: TS[0]
2024-04-24T05:14:14,937  INFO [LocalJobRunner Map Task Executor #0] vector.VectorSelectOperator: Initializing Operator: SEL[5]
2024-04-24T05:14:14,937  INFO [LocalJobRunner Map Task Executor #0] vector.VectorReduceSinkOperator: Initializing Operator: RS[6]
2024-04-24T05:14:14,937  INFO [LocalJobRunner Map Task Executor #0] vector.VectorReduceSinkOperator: Using tag = -1
2024-04-24T05:14:14,937  INFO [LocalJobRunner Map Task Executor #0] vector.VectorReduceSinkOperator: keys are [reducesinkkey0, reducesinkkey1] num distributions: 2
2024-04-24T05:14:14,938  INFO [LocalJobRunner Map Task Executor #0] vector.VectorReduceSinkOperator: RS[6]: records written - 1
2024-04-24T05:14:14,938  INFO [LocalJobRunner Map Task Executor #0] vector.VectorMapOperator: Closing Operator: MAP[0]
2024-04-24T05:14:14,938  INFO [LocalJobRunner Map Task Executor #0] vector.VectorMapOperator: RECORDS_OUT_INTERMEDIATE:0, DESERIALIZE_ERRORS:0, RECORDS_OUT_OPERATOR_MAP_0:0, RECORDS_IN:2, 
2024-04-24T05:14:14,938  INFO [LocalJobRunner Map Task Executor #0] exec.TableScanOperator: Closing Operator: TS[0]
2024-04-24T05:14:14,938  INFO [LocalJobRunner Map Task Executor #0] exec.TableScanOperator: RECORDS_OUT_INTERMEDIATE:0, RECORDS_OUT_OPERATOR_TS_0:2, 
2024-04-24T05:14:14,938  INFO [LocalJobRunner Map Task Executor #0] vector.VectorSelectOperator: Closing Operator: SEL[5]
2024-04-24T05:14:14,938  INFO [LocalJobRunner Map Task Executor #0] vector.VectorSelectOperator: RECORDS_OUT_OPERATOR_SEL_5:2, RECORDS_OUT_INTERMEDIATE:0, 
2024-04-24T05:14:14,938  INFO [LocalJobRunner Map Task Executor #0] vector.VectorReduceSinkOperator: Closing Operator: RS[6]
2024-04-24T05:14:14,938  INFO [LocalJobRunner Map Task Executor #0] vector.VectorReduceSinkOperator: RS[6]: Total records written - 2. abort - false
2024-04-24T05:14:14,938  INFO [LocalJobRunner Map Task Executor #0] vector.VectorReduceSinkOperator: RECORDS_OUT_INTERMEDIATE:2, RECORDS_OUT_OPERATOR_RS_6:2, 
2024-04-24T05:14:14,939  INFO [LocalJobRunner Map Task Executor #0] mapred.LocalJobRunner: 
2024-04-24T05:14:14,939  INFO [LocalJobRunner Map Task Executor #0] mapred.MapTask: Starting flush of map output
2024-04-24T05:14:14,939  INFO [LocalJobRunner Map Task Executor #0] mapred.MapTask: Spilling map output
2024-04-24T05:14:14,939  INFO [LocalJobRunner Map Task Executor #0] mapred.MapTask: bufstart = 0; bufend = 38; bufvoid = 104857600
2024-04-24T05:14:14,939  INFO [LocalJobRunner Map Task Executor #0] mapred.MapTask: kvstart = 26214396(104857584); kvend = 26214392(104857568); length = 5/6553600
2024-04-24T05:14:14,947  INFO [LocalJobRunner Map Task Executor #0] mapred.MapTask: Finished spill 0
2024-04-24T05:14:14,950  INFO [LocalJobRunner Map Task Executor #0] mapred.Task: Task:attempt_local798285434_0036_m_000001_0 is done. And is in the process of committing
2024-04-24T05:14:14,951  INFO [LocalJobRunner Map Task Executor #0] mapred.LocalJobRunner: OrcSplit [file:/home/alex/Repositories/hive/ql/target/tmp/org.apache.hadoop.hive.ql.TestTxnCommands-1713960750541/warehouse/acidtbl/delta_0000001_0000001_0000/bucket_00000_0, start=0, length=690, isOriginal=false, fileLength=690, hasFooter=false, hasBase=true, deltas=0]
2024-04-24T05:14:14,951  INFO [LocalJobRunner Map Task Executor #0] mapred.Task: Task 'attempt_local798285434_0036_m_000001_0' done.
2024-04-24T05:14:14,951  INFO [LocalJobRunner Map Task Executor #0] mapred.Task: Final Counters for attempt_local798285434_0036_m_000001_0: Counters: 24
	File System Counters
		FILE: Number of bytes read=780121
		FILE: Number of bytes written=45125256
		FILE: Number of read operations=0
		FILE: Number of large read operations=0
		FILE: Number of write operations=0
	Map-Reduce Framework
		Map input records=1
		Map output records=2
		Map output bytes=38
		Map output materialized bytes=48
		Input split bytes=495
		Combine input records=0
		Spilled Records=2
		Failed Shuffles=0
		Merged Map outputs=0
		GC time elapsed (ms)=0
		Total committed heap usage (bytes)=1242562560
	HIVE
		DESERIALIZE_ERRORS=0
		RECORDS_IN=2
		RECORDS_OUT_INTERMEDIATE=2
		RECORDS_OUT_OPERATOR_MAP_0=0
		RECORDS_OUT_OPERATOR_RS_6=2
		RECORDS_OUT_OPERATOR_SEL_5=2
		RECORDS_OUT_OPERATOR_TS_0=2
	File Input Format Counters 
		Bytes Read=8937
2024-04-24T05:14:14,951  INFO [LocalJobRunner Map Task Executor #0] mapred.LocalJobRunner: Finishing task: attempt_local798285434_0036_m_000001_0
2024-04-24T05:14:14,951  INFO [Thread-2956] mapred.LocalJobRunner: map task executor complete.
2024-04-24T05:14:14,952  INFO [Thread-2956] mapred.LocalJobRunner: Waiting for reduce tasks
2024-04-24T05:14:14,952  INFO [pool-178-thread-1] mapred.LocalJobRunner: Starting task: attempt_local798285434_0036_r_000000_0
2024-04-24T05:14:14,953  INFO [pool-178-thread-1] mapred.Task:  Using ResourceCalculatorProcessTree : [ ]
2024-04-24T05:14:14,953  INFO [pool-178-thread-1] mapred.ReduceTask: Using ShuffleConsumerPlugin: org.apache.hadoop.mapreduce.task.reduce.Shuffle@4342d368
2024-04-24T05:14:14,953  WARN [pool-178-thread-1] impl.MetricsSystemImpl: JobTracker metrics system already initialized!
2024-04-24T05:14:14,954  INFO [pool-178-thread-1] reduce.MergeManagerImpl: MergerManager: memoryLimit=1336252800, maxSingleShuffleLimit=334063200, mergeThreshold=881926912, ioSortFactor=10, memToMemMergeOutputsThreshold=10
2024-04-24T05:14:14,954  INFO [EventFetcher for fetching Map Completion Events] reduce.EventFetcher: attempt_local798285434_0036_r_000000_0 Thread started: EventFetcher for fetching Map Completion Events
2024-04-24T05:14:14,956  INFO [localfetcher#51] reduce.LocalFetcher: localfetcher#51 about to shuffle output of map attempt_local798285434_0036_m_000000_0 decomp: 44 len: 48 to MEMORY
2024-04-24T05:14:14,957  INFO [localfetcher#51] reduce.InMemoryMapOutput: Read 44 bytes from map-output for attempt_local798285434_0036_m_000000_0
2024-04-24T05:14:14,957  INFO [localfetcher#51] reduce.MergeManagerImpl: closeInMemoryFile -> map-output of size: 44, inMemoryMapOutputs.size() -> 1, commitMemory -> 0, usedMemory ->44
2024-04-24T05:14:14,959  INFO [localfetcher#51] reduce.LocalFetcher: localfetcher#51 about to shuffle output of map attempt_local798285434_0036_m_000001_0 decomp: 44 len: 48 to MEMORY
2024-04-24T05:14:14,959  INFO [localfetcher#51] reduce.InMemoryMapOutput: Read 44 bytes from map-output for attempt_local798285434_0036_m_000001_0
2024-04-24T05:14:14,960  INFO [localfetcher#51] reduce.MergeManagerImpl: closeInMemoryFile -> map-output of size: 44, inMemoryMapOutputs.size() -> 2, commitMemory -> 44, usedMemory ->88
2024-04-24T05:14:14,960  INFO [EventFetcher for fetching Map Completion Events] reduce.EventFetcher: EventFetcher is interrupted.. Returning
2024-04-24T05:14:14,960  INFO [pool-178-thread-1] mapred.LocalJobRunner: 2 / 2 copied.
2024-04-24T05:14:14,960  INFO [pool-178-thread-1] reduce.MergeManagerImpl: finalMerge called with 2 in-memory map-outputs and 0 on-disk map-outputs
2024-04-24T05:14:14,966  INFO [pool-178-thread-1] mapred.Merger: Merging 2 sorted segments
2024-04-24T05:14:14,966  INFO [pool-178-thread-1] mapred.Merger: Down to the last merge-pass, with 2 segments left of total size: 54 bytes
2024-04-24T05:14:14,969  INFO [pool-178-thread-1] reduce.MergeManagerImpl: Merged 2 segments, 88 bytes to disk to satisfy reduce memory limit
2024-04-24T05:14:14,969  INFO [pool-178-thread-1] reduce.MergeManagerImpl: Merging 1 files, 90 bytes from disk
2024-04-24T05:14:14,969  INFO [pool-178-thread-1] reduce.MergeManagerImpl: Merging 0 segments, 0 bytes from memory into reduce
2024-04-24T05:14:14,969  INFO [pool-178-thread-1] mapred.Merger: Merging 1 sorted segments
2024-04-24T05:14:14,969  INFO [pool-178-thread-1] mapred.Merger: Down to the last merge-pass, with 1 segments left of total size: 69 bytes
2024-04-24T05:14:14,970  INFO [pool-178-thread-1] mapred.LocalJobRunner: 2 / 2 copied.
2024-04-24T05:14:14,970  INFO [pool-178-thread-1] exec.SerializationUtilities: Deserializing ReduceWork using kryo
2024-04-24T05:14:14,971  INFO [pool-178-thread-1] exec.Utilities: Deserialized plan (via FILE) - name: null size: 7,01KB
2024-04-24T05:14:14,972  INFO [pool-178-thread-1] ExecReducer: 
<SEL>Id =3
  <Children>
    <FS>Id =4
      <Children>
      <\Children>
      <Parent>Id = 3 null<\Parent>
    <\FS>
  <\Children>
  <Parent><\Parent>
<\SEL>
2024-04-24T05:14:14,972  INFO [pool-178-thread-1] exec.SelectOperator: Initializing Operator: SEL[3]
2024-04-24T05:14:14,972  INFO [pool-178-thread-1] exec.SelectOperator: SELECT struct<key:struct<reducesinkkey0:int,reducesinkkey1:int>,value:struct<>>
2024-04-24T05:14:14,972  INFO [pool-178-thread-1] exec.FileSinkOperator: Initializing Operator: FS[4]
2024-04-24T05:14:14,972  INFO [pool-178-thread-1] exec.FileSinkOperator: Using serializer : class org.apache.hadoop.hive.serde2.lazy.LazySimpleSerDe [serdeParams=org.apache.hadoop.hive.serde2.lazy.LazySerDeParameters@167804fd, cachedObjectInspector=org.apache.hadoop.hive.serde2.lazy.objectinspector.LazySimpleStructObjectInspector<org.apache.hadoop.hive.serde2.lazy.objectinspector.primitive.LazyIntObjectInspector@20e4e27f,org.apache.hadoop.hive.serde2.lazy.objectinspector.primitive.LazyIntObjectInspector@20e4e27f>, serializedSize=0, stats=org.apache.hadoop.hive.serde2.SerDeStats@58ee9a22, lastOperationSerialize=false, lastOperationDeserialize=false [1, 2, 3, 4, 5, 6, 7, 8, 11, 14, 15, 16, 17, 18, 19, 20, 21, 22, 23, 24, 25, 26, 28, 29, 30, 31, -128, -127, -126, -125, -124, -123, -122, -121, -120, -119, -118, -117, -116, -115, -114, -113, -112, -111, -110, -109, -108, -107, -106, -105, -104, -103, -102, -101, -100, -99, -98, -97, -96, -95, -94, -93, -92, -91, -90, -89, -88, -87, -86, -85, -84, -83, -82, -81, -80, -79, -78, -77, -76, -75, -74, -73, -72, -71, -70, -69, -68, -67, -66, -65, -64, -63, -62, -61, -60, -59, -58, -57, -56, -55, -54, -53, -52, -51, -50, -49, -48, -47, -46, -45, -44, -43, -42, -41, -40, -39, -38, -37, -36, -35, -34, -33, -32, -31, -30, -29, -28, -27, -26, -25, -24, -23, -22, -21, -20, -19, -18, -17, -16, -15, -14, -13, -12, -11, -10, -9, -8, -7, -6, -5, -4, -3, -2, -1] : [_col0, _col1] : [int, int]] and formatter : org.apache.hadoop.hive.ql.io.HiveSequenceFileOutputFormat@3a1c289d
2024-04-24T05:14:14,972  INFO [pool-178-thread-1] exec.FileSinkOperator: Final Path: FS file:/home/alex/Repositories/hive/ql/target/tmp/localscratchdir/d7b017aa-bccb-427b-b3fb-16bf5c87963a/hive_2024-04-24_05-14-14_428_1308409107564059516-1/-mr-10001/.hive-staging_hive_2024-04-24_05-14-14_428_1308409107564059516-1/_tmp.-ext-10002/000000_0
2024-04-24T05:14:14,973  INFO [pool-178-thread-1] exec.FileSinkOperator: Writing to temp file: FS file:/home/alex/Repositories/hive/ql/target/tmp/localscratchdir/d7b017aa-bccb-427b-b3fb-16bf5c87963a/hive_2024-04-24_05-14-14_428_1308409107564059516-1/-mr-10001/.hive-staging_hive_2024-04-24_05-14-14_428_1308409107564059516-1/_task_tmp.-ext-10002/_tmp.000000_0
2024-04-24T05:14:14,973  INFO [pool-178-thread-1] exec.FileSinkOperator: New Final Path: FS file:/home/alex/Repositories/hive/ql/target/tmp/localscratchdir/d7b017aa-bccb-427b-b3fb-16bf5c87963a/hive_2024-04-24_05-14-14_428_1308409107564059516-1/-mr-10001/.hive-staging_hive_2024-04-24_05-14-14_428_1308409107564059516-1/_tmp.-ext-10002/000000_0
2024-04-24T05:14:14,981  INFO [pool-178-thread-1] exec.FileSinkOperator: FS[4]: records written - 1
2024-04-24T05:14:14,981  INFO [pool-178-thread-1] exec.SelectOperator: Closing Operator: SEL[3]
2024-04-24T05:14:14,981  INFO [pool-178-thread-1] exec.SelectOperator: RECORDS_OUT_INTERMEDIATE:0, RECORDS_OUT_OPERATOR_SEL_3:4, 
2024-04-24T05:14:14,981  INFO [pool-178-thread-1] exec.FileSinkOperator: Closing Operator: FS[4]
2024-04-24T05:14:14,981  INFO [pool-178-thread-1] exec.FileSinkOperator: FS[4]: records written - 4
2024-04-24T05:14:14,982  INFO [pool-178-thread-1] exec.FileSinkOperator: RECORDS_OUT_OPERATOR_FS_4:4, RECORDS_OUT_INTERMEDIATE:0, RECORDS_OUT_0:4, 
2024-04-24T05:14:14,982  INFO [pool-178-thread-1] mapred.Task: Task:attempt_local798285434_0036_r_000000_0 is done. And is in the process of committing
2024-04-24T05:14:14,982  INFO [pool-178-thread-1] mapred.LocalJobRunner: reduce > reduce
2024-04-24T05:14:14,982  INFO [pool-178-thread-1] mapred.Task: Task 'attempt_local798285434_0036_r_000000_0' done.
2024-04-24T05:14:14,982  INFO [pool-178-thread-1] mapred.Task: Final Counters for attempt_local798285434_0036_r_000000_0: Counters: 29
	File System Counters
		FILE: Number of bytes read=787449
		FILE: Number of bytes written=45125509
		FILE: Number of read operations=0
		FILE: Number of large read operations=0
		FILE: Number of write operations=0
	Map-Reduce Framework
		Combine input records=0
		Combine output records=0
		Reduce input groups=4
		Reduce shuffle bytes=96
		Reduce input records=4
		Reduce output records=0
		Spilled Records=4
		Shuffled Maps =2
		Failed Shuffles=0
		Merged Map outputs=2
		GC time elapsed (ms)=0
		Total committed heap usage (bytes)=1242562560
	HIVE
		CREATED_FILES=1
		RECORDS_OUT_0=4
		RECORDS_OUT_INTERMEDIATE=0
		RECORDS_OUT_OPERATOR_FS_4=4
		RECORDS_OUT_OPERATOR_SEL_3=4
	Shuffle Errors
		BAD_ID=0
		CONNECTION=0
		IO_ERROR=0
		WRONG_LENGTH=0
		WRONG_MAP=0
		WRONG_REDUCE=0
	File Output Format Counters 
		Bytes Written=0
2024-04-24T05:14:14,982  INFO [pool-178-thread-1] mapred.LocalJobRunner: Finishing task: attempt_local798285434_0036_r_000000_0
2024-04-24T05:14:14,982  INFO [Thread-2956] mapred.LocalJobRunner: reduce task executor complete.
2024-04-24 05:14:15,900 Stage-1 map = 100%,  reduce = 100%
2024-04-24T05:14:15,901  INFO [main] exec.Task: 2024-04-24 05:14:15,900 Stage-1 map = 100%,  reduce = 100%
Ended Job = job_local798285434_0036
2024-04-24T05:14:15,903  INFO [main] exec.Task: Ended Job = job_local798285434_0036
2024-04-24T05:14:15,907  INFO [main] metadata.Hive: Dumping metastore api call timing information for : execution phase
2024-04-24T05:14:15,907  INFO [main] metadata.Hive: Total time spent in each metastore function (ms): {}
MapReduce Jobs Launched: 
2024-04-24T05:14:15,908  INFO [main] ql.Driver: MapReduce Jobs Launched: 
Stage-Stage-1:  HDFS Read: 0 HDFS Write: 0 SUCCESS
2024-04-24T05:14:15,908  INFO [main] ql.Driver: Stage-Stage-1:  HDFS Read: 0 HDFS Write: 0 SUCCESS
Total MapReduce CPU Time Spent: 0 msec
2024-04-24T05:14:15,908  INFO [main] ql.Driver: Total MapReduce CPU Time Spent: 0 msec
2024-04-24T05:14:15,909  INFO [main] ql.Driver: Completed executing command(queryId=alex_20240424051414_a05fd1d2-9670-4a07-86f1-5149b3a35b0e); Time taken: 1.311 seconds
2024-04-24T05:14:15,909  INFO [main] lockmgr.DbTxnManager: Stopped heartbeat for query: alex_20240424051414_a05fd1d2-9670-4a07-86f1-5149b3a35b0e
2024-04-24T05:14:15,921  INFO [main] txn.TxnHandler: Expected to move at least one record from txn_components to completed_txn_components when committing txn! txnid:14
2024-04-24T05:14:15,938  INFO [main] txn.TxnHandler: Removed transactions: ([14]) from MIN_HISTORY_LEVEL
2024-04-24T05:14:15,939  WARN [main] txn.CompactionTxnHandler: No compaction queue record found for Compaction type transaction commit. txnId:14
2024-04-24T05:14:15,945  INFO [main] mapred.FileInputFormat: Total input files to process : 1
2024-04-24T05:14:15,946  INFO [main] exec.ListSinkOperator: Closing Operator: LIST_SINK[7]
2024-04-24T05:14:15,946  INFO [main] exec.ListSinkOperator: RECORDS_OUT_OPERATOR_LIST_SINK_7:4, RECORDS_OUT_INTERMEDIATE:0, 
2024-04-24T05:14:15,946  INFO [main] ql.TxnCommandsBaseForTests: Running the query: START TRANSACTION
2024-04-24T05:14:15,947  INFO [main] ql.Context: Deleting scratch dir: file:/home/alex/Repositories/hive/ql/target/tmp/localscratchdir/d7b017aa-bccb-427b-b3fb-16bf5c87963a/hive_2024-04-24_05-14-14_428_1308409107564059516-1
2024-04-24T05:14:15,948  INFO [main] cleanup.SyncCleanupService: Deleted directory: file:/home/alex/Repositories/hive/ql/target/tmp/localscratchdir/d7b017aa-bccb-427b-b3fb-16bf5c87963a/hive_2024-04-24_05-14-14_428_1308409107564059516-1 on fs with scheme file
2024-04-24T05:14:15,948  INFO [main] ql.Driver: Compiling command(queryId=alex_20240424051415_a66539c3-3cb7-4798-b6b5-814d62c3470d): START TRANSACTION
2024-04-24T05:14:15,951  INFO [main] txn.TxnHandler: Added entries to MIN_HISTORY_LEVEL for current txns: ([15]) with min_open_txn: 15
2024-04-24T05:14:15,951  INFO [main] lockmgr.DbTxnManager: Opened txnid:15
2024-04-24T05:14:15,952  INFO [main] parse.CalcitePlanner: Starting caching scope for: 
2024-04-24T05:14:15,952  INFO [main] parse.CalcitePlanner: Starting Semantic Analysis
2024-04-24T05:14:15,952  INFO [main] parse.CalcitePlanner: Ending caching scope for: 
2024-04-24T05:14:15,952  INFO [main] ql.Driver: Semantic Analysis Completed (retrial = false)
2024-04-24T05:14:15,952  INFO [main] ql.Driver: Created Hive schema: Schema(fieldSchemas:null, properties:null)
2024-04-24T05:14:15,953  INFO [main] metadata.Hive: Dumping metastore api call timing information for : compilation phase
2024-04-24T05:14:15,953  INFO [main] metadata.Hive: Total time spent in each metastore function (ms): {flushCache_()=0, isCompatibleWith_(Configuration)=0, getValidWriteIds_(List, String)=0, openTxn_(String, TxnType)=2, getValidTxns_(long)=0, commitTxn_(CommitTxnRequest)=30}
2024-04-24T05:14:15,953  INFO [main] ql.Driver: Completed compiling command(queryId=alex_20240424051415_a66539c3-3cb7-4798-b6b5-814d62c3470d); Time taken: 0.005 seconds
2024-04-24T05:14:15,953  INFO [main] lockmgr.DbTxnManager: Setting lock request transaction to txnid:15 for queryId=alex_20240424051415_a66539c3-3cb7-4798-b6b5-814d62c3470d
2024-04-24T05:14:15,953  INFO [main] ql.Driver: Operation START_TRANSACTION obtained 0 locks
2024-04-24T05:14:15,953  INFO [main] ql.Driver: Executing command(queryId=alex_20240424051415_a66539c3-3cb7-4798-b6b5-814d62c3470d): START TRANSACTION
2024-04-24T05:14:15,953  INFO [main] metadata.Hive: Dumping metastore api call timing information for : execution phase
2024-04-24T05:14:15,954  INFO [main] metadata.Hive: Total time spent in each metastore function (ms): {}
2024-04-24T05:14:15,954  INFO [main] ql.Driver: Completed executing command(queryId=alex_20240424051415_a66539c3-3cb7-4798-b6b5-814d62c3470d); Time taken: 0.0 seconds
2024-04-24T05:14:15,954  INFO [main] ql.TxnCommandsBaseForTests: Running the query: delete from acidTbl where b = 8
2024-04-24T05:14:15,954  INFO [main] ql.Driver: Compiling command(queryId=alex_20240424051415_24ceff86-fccf-4ee2-8738-4558705f256e): delete from acidTbl where b = 8
2024-04-24T05:14:15,955  INFO [main] parse.UpdateDeleteSemanticAnalyzer: Starting caching scope for: 
2024-04-24T05:14:15,955  INFO [main] HiveMetaStore.audit: ugi=alex	ip=unknown-ip-addr	cmd=get_table : tbl=hive.default.acidTbl	
2024-04-24T05:14:15,964  INFO [main] metastore.HMSHandler: Skipping translation for processor with null
2024-04-24T05:14:15,964  INFO [main] parse.RewriteSemanticAnalyzer: Going to reparse <delete from acidTbl where b = 8> as 
<insert into table `default`.`acidTbl` select ROW__ID from `default`.`acidTbl` sort by ROW__ID >
2024-04-24T05:14:15,964  INFO [main] parse.UpdateDeleteSemanticAnalyzer: Starting Semantic Analysis
2024-04-24T05:14:15,967  INFO [main] parse.UpdateDeleteSemanticAnalyzer: Completed phase 1 of Semantic Analysis
2024-04-24T05:14:15,967  INFO [main] parse.UpdateDeleteSemanticAnalyzer: Get metadata for source tables
2024-04-24T05:14:15,968  INFO [main] HiveMetaStore.audit: ugi=alex	ip=unknown-ip-addr	cmd=get_table : tbl=hive.default.acidtbl	
2024-04-24T05:14:15,976  INFO [main] metastore.HMSHandler: Skipping translation for processor with null
2024-04-24T05:14:15,976  INFO [main] parse.UpdateDeleteSemanticAnalyzer: Get metadata for subqueries
2024-04-24T05:14:15,976  INFO [main] parse.UpdateDeleteSemanticAnalyzer: Get metadata for destination tables
2024-04-24T05:14:15,976  INFO [main] HiveMetaStore.audit: ugi=alex	ip=unknown-ip-addr	cmd=get_table : tbl=hive.default.acidTbl	
2024-04-24T05:14:15,983  INFO [main] metastore.HMSHandler: Skipping translation for processor with null
2024-04-24T05:14:15,983  INFO [main] parse.UpdateDeleteSemanticAnalyzer: Completed getting MetaData in Semantic Analysis
2024-04-24T05:14:15,983  INFO [main] parse.UpdateDeleteSemanticAnalyzer: Disabling LLAP IO encode as ETL query is detected
2024-04-24T05:14:15,997  INFO [main] HiveMetaStore.audit: ugi=alex	ip=unknown-ip-addr	cmd=get_all_table_constraints : tbl=hive.default.acidtbl	
2024-04-24T05:14:16,028  INFO [main] calcite.RelOptHiveTable: Calculating column statistics for default.acidtbl, projIndxSet: [1], allowMissingStats: true
2024-04-24T05:14:16,028  INFO [main] HiveMetaStore.audit: ugi=alex	ip=unknown-ip-addr	cmd=get_table : tbl=hive.default.acidtbl	
2024-04-24T05:14:16,039  INFO [main] metastore.HMSHandler: Skipping translation for processor with null
2024-04-24T05:14:16,039  INFO [main] HiveMetaStore.audit: ugi=alex	ip=unknown-ip-addr	cmd=get_table : tbl=hive.default.acidtbl	
2024-04-24T05:14:16,049  INFO [main] metastore.HMSHandler: Skipping translation for processor with null
2024-04-24T05:14:16,049  INFO [main] HiveMetaStore.audit: ugi=alex	ip=unknown-ip-addr	cmd=get_table_statistics_req: table=hive.default.acidtbl	
2024-04-24T05:14:16,060  WARN [main] calcite.RelOptHiveTable: No Stats for default@acidtbl, Columns: b
No Stats for default@acidtbl, Columns: b
2024-04-24T05:14:16,060  INFO [main] SessionState: No Stats for default@acidtbl, Columns: b
2024-04-24T05:14:16,121  INFO [main] parse.UpdateDeleteSemanticAnalyzer: Get metadata for source tables
2024-04-24T05:14:16,121  INFO [main] parse.UpdateDeleteSemanticAnalyzer: Get metadata for subqueries
2024-04-24T05:14:16,121  INFO [main] parse.UpdateDeleteSemanticAnalyzer: Get metadata for destination tables
2024-04-24T05:14:16,122  INFO [main] HiveMetaStore.audit: ugi=alex	ip=unknown-ip-addr	cmd=get_table : tbl=hive.default.acidTbl	
2024-04-24T05:14:16,128  INFO [main] metastore.HMSHandler: Skipping translation for processor with null
2024-04-24T05:14:16,131 ERROR [main] parse.UpdateDeleteSemanticAnalyzer: CBO failed, skipping CBO. 
org.apache.hadoop.hive.ql.exec.NoMatchingMethodException: No matching method for class org.apache.hadoop.hive.ql.udf.UDFToInteger with (struct<writeid:bigint,bucketid:int,rowid:bigint>). Possible choices: _FUNC_(bigint)  _FUNC_(boolean)  _FUNC_(decimal(38,18))  _FUNC_(double)  _FUNC_(float)  _FUNC_(smallint)  _FUNC_(string)  _FUNC_(struct<writeid:bigint,rowid:int,bucketid:bigint>)  _FUNC_(timestamp)  _FUNC_(tinyint)  _FUNC_(void)  
	at org.apache.hadoop.hive.ql.exec.MethodUtils.getMethodInternal(MethodUtils.java:130) ~[classes/:?]
	at org.apache.hadoop.hive.ql.exec.MethodUtils.getMethodInternal(MethodUtils.java:60) ~[classes/:?]
	at org.apache.hadoop.hive.ql.exec.DefaultUDFMethodResolver.getEvalMethod(DefaultUDFMethodResolver.java:59) ~[classes/:?]
	at org.apache.hadoop.hive.ql.udf.TimestampCastRestrictorResolver.getEvalMethod(TimestampCastRestrictorResolver.java:68) ~[classes/:?]
	at org.apache.hadoop.hive.ql.udf.generic.GenericUDFBridge.initialize(GenericUDFBridge.java:168) ~[classes/:?]
	at org.apache.hadoop.hive.ql.udf.generic.GenericUDF.initializeAndFoldConstants(GenericUDF.java:149) ~[classes/:?]
	at org.apache.hadoop.hive.ql.plan.ExprNodeGenericFuncDesc.newInstance(ExprNodeGenericFuncDesc.java:235) ~[classes/:?]
	at org.apache.hadoop.hive.ql.parse.type.ExprNodeDescExprFactory.createFuncCallExpr(ExprNodeDescExprFactory.java:584) ~[classes/:?]
	at org.apache.hadoop.hive.ql.parse.type.ExprNodeDescExprFactory.createFuncCallExpr(ExprNodeDescExprFactory.java:97) ~[classes/:?]
	at org.apache.hadoop.hive.ql.parse.type.TypeCheckProcFactory$DefaultExprProcessor.getFuncExprNodeDescWithUdfData(TypeCheckProcFactory.java:762) ~[classes/:?]
	at org.apache.hadoop.hive.ql.parse.type.TypeCheckProcFactory$DefaultExprProcessor.createConversionCast(TypeCheckProcFactory.java:783) ~[classes/:?]
	at org.apache.hadoop.hive.ql.parse.SemanticAnalyzer.getPartitionColsFromBucketColsForUpdateDelete(SemanticAnalyzer.java:8725) ~[classes/:?]
	at org.apache.hadoop.hive.ql.parse.SemanticAnalyzer.genBucketingSortingDest(SemanticAnalyzer.java:6906) ~[classes/:?]
	at org.apache.hadoop.hive.ql.parse.SemanticAnalyzer.genFileSinkPlan(SemanticAnalyzer.java:7335) ~[classes/:?]
	at org.apache.hadoop.hive.ql.parse.SemanticAnalyzer.genPostGroupByBodyPlan(SemanticAnalyzer.java:11063) ~[classes/:?]
	at org.apache.hadoop.hive.ql.parse.SemanticAnalyzer.genBodyPlan(SemanticAnalyzer.java:10938) ~[classes/:?]
	at org.apache.hadoop.hive.ql.parse.SemanticAnalyzer.genPlan(SemanticAnalyzer.java:11853) ~[classes/:?]
	at org.apache.hadoop.hive.ql.parse.SemanticAnalyzer.genPlan(SemanticAnalyzer.java:11723) ~[classes/:?]
	at org.apache.hadoop.hive.ql.parse.CalcitePlanner.genOPTree(CalcitePlanner.java:626) ~[classes/:?]
	at org.apache.hadoop.hive.ql.parse.SemanticAnalyzer.analyzeInternal(SemanticAnalyzer.java:12558) ~[classes/:?]
	at org.apache.hadoop.hive.ql.parse.CalcitePlanner.analyzeInternal(CalcitePlanner.java:456) ~[classes/:?]
	at org.apache.hadoop.hive.ql.parse.RewriteSemanticAnalyzer.analyzeInternal(RewriteSemanticAnalyzer.java:67) ~[classes/:?]
	at org.apache.hadoop.hive.ql.parse.BaseSemanticAnalyzer.analyze(BaseSemanticAnalyzer.java:317) ~[classes/:?]
	at org.apache.hadoop.hive.ql.parse.UpdateDeleteSemanticAnalyzer.reparseAndSuperAnalyze(UpdateDeleteSemanticAnalyzer.java:208) ~[classes/:?]
	at org.apache.hadoop.hive.ql.parse.UpdateDeleteSemanticAnalyzer.analyzeDelete(UpdateDeleteSemanticAnalyzer.java:68) ~[classes/:?]
	at org.apache.hadoop.hive.ql.parse.UpdateDeleteSemanticAnalyzer.analyze(UpdateDeleteSemanticAnalyzer.java:50) ~[classes/:?]
	at org.apache.hadoop.hive.ql.parse.RewriteSemanticAnalyzer.analyzeInternal(RewriteSemanticAnalyzer.java:72) ~[classes/:?]
	at org.apache.hadoop.hive.ql.parse.BaseSemanticAnalyzer.analyze(BaseSemanticAnalyzer.java:317) ~[classes/:?]
	at org.apache.hadoop.hive.ql.Compiler.analyze(Compiler.java:223) ~[classes/:?]
	at org.apache.hadoop.hive.ql.Compiler.compile(Compiler.java:105) ~[classes/:?]
	at org.apache.hadoop.hive.ql.Driver.compile(Driver.java:500) ~[classes/:?]
	at org.apache.hadoop.hive.ql.Driver.compileInternal(Driver.java:453) ~[classes/:?]
	at org.apache.hadoop.hive.ql.Driver.runInternal(Driver.java:181) ~[classes/:?]
	at org.apache.hadoop.hive.ql.Driver.run(Driver.java:153) ~[classes/:?]
	at org.apache.hadoop.hive.ql.Driver.run(Driver.java:140) ~[classes/:?]
	at org.apache.hadoop.hive.ql.TxnCommandsBaseForTests.runStatementOnDriver(TxnCommandsBaseForTests.java:245) ~[test-classes/:?]
	at org.apache.hadoop.hive.ql.TestTxnCommands.testMultipleDelete(TestTxnCommands.java:906) ~[test-classes/:?]
	at sun.reflect.NativeMethodAccessorImpl.invoke0(Native Method) ~[?:1.8.0_402]
	at sun.reflect.NativeMethodAccessorImpl.invoke(NativeMethodAccessorImpl.java:62) ~[?:1.8.0_402]
	at sun.reflect.DelegatingMethodAccessorImpl.invoke(DelegatingMethodAccessorImpl.java:43) ~[?:1.8.0_402]
	at java.lang.reflect.Method.invoke(Method.java:498) ~[?:1.8.0_402]
	at org.junit.runners.model.FrameworkMethod$1.runReflectiveCall(FrameworkMethod.java:59) ~[junit-4.13.jar:4.13]
	at org.junit.internal.runners.model.ReflectiveCallable.run(ReflectiveCallable.java:12) ~[junit-4.13.jar:4.13]
	at org.junit.runners.model.FrameworkMethod.invokeExplosively(FrameworkMethod.java:56) ~[junit-4.13.jar:4.13]
	at org.junit.internal.runners.statements.InvokeMethod.evaluate(InvokeMethod.java:17) ~[junit-4.13.jar:4.13]
	at org.junit.internal.runners.statements.RunBefores.evaluate(RunBefores.java:26) ~[junit-4.13.jar:4.13]
	at org.junit.internal.runners.statements.RunAfters.evaluate(RunAfters.java:27) ~[junit-4.13.jar:4.13]
	at org.junit.rules.TestWatcher$1.evaluate(TestWatcher.java:61) ~[junit-4.13.jar:4.13]
	at org.junit.runners.ParentRunner$3.evaluate(ParentRunner.java:306) ~[junit-4.13.jar:4.13]
	at org.junit.runners.BlockJUnit4ClassRunner$1.evaluate(BlockJUnit4ClassRunner.java:100) ~[junit-4.13.jar:4.13]
	at org.junit.runners.ParentRunner.runLeaf(ParentRunner.java:366) ~[junit-4.13.jar:4.13]
	at org.junit.runners.BlockJUnit4ClassRunner.runChild(BlockJUnit4ClassRunner.java:103) ~[junit-4.13.jar:4.13]
	at org.junit.runners.BlockJUnit4ClassRunner.runChild(BlockJUnit4ClassRunner.java:63) ~[junit-4.13.jar:4.13]
	at org.junit.runners.ParentRunner$4.run(ParentRunner.java:331) ~[junit-4.13.jar:4.13]
	at org.junit.runners.ParentRunner$1.schedule(ParentRunner.java:79) ~[junit-4.13.jar:4.13]
	at org.junit.runners.ParentRunner.runChildren(ParentRunner.java:329) ~[junit-4.13.jar:4.13]
	at org.junit.runners.ParentRunner.access$100(ParentRunner.java:66) ~[junit-4.13.jar:4.13]
	at org.junit.runners.ParentRunner$2.evaluate(ParentRunner.java:293) ~[junit-4.13.jar:4.13]
	at org.junit.runners.ParentRunner$3.evaluate(ParentRunner.java:306) ~[junit-4.13.jar:4.13]
	at org.junit.runners.ParentRunner.run(ParentRunner.java:413) ~[junit-4.13.jar:4.13]
	at org.junit.runner.JUnitCore.run(JUnitCore.java:137) ~[junit-4.13.jar:4.13]
	at org.junit.runner.JUnitCore.run(JUnitCore.java:115) ~[junit-4.13.jar:4.13]
	at org.junit.vintage.engine.execution.RunnerExecutor.execute(RunnerExecutor.java:43) ~[junit-vintage-engine-5.6.2.jar:5.6.2]
	at java.util.stream.ForEachOps$ForEachOp$OfRef.accept(ForEachOps.java:183) ~[?:1.8.0_402]
	at java.util.stream.ReferencePipeline$3$1.accept(ReferencePipeline.java:193) ~[?:1.8.0_402]
	at java.util.Iterator.forEachRemaining(Iterator.java:116) ~[?:1.8.0_402]
	at java.util.Spliterators$IteratorSpliterator.forEachRemaining(Spliterators.java:1801) ~[?:1.8.0_402]
	at java.util.stream.AbstractPipeline.copyInto(AbstractPipeline.java:482) ~[?:1.8.0_402]
	at java.util.stream.AbstractPipeline.wrapAndCopyInto(AbstractPipeline.java:472) ~[?:1.8.0_402]
	at java.util.stream.ForEachOps$ForEachOp.evaluateSequential(ForEachOps.java:150) ~[?:1.8.0_402]
	at java.util.stream.ForEachOps$ForEachOp$OfRef.evaluateSequential(ForEachOps.java:173) ~[?:1.8.0_402]
	at java.util.stream.AbstractPipeline.evaluate(AbstractPipeline.java:234) ~[?:1.8.0_402]
	at java.util.stream.ReferencePipeline.forEach(ReferencePipeline.java:485) ~[?:1.8.0_402]
	at org.junit.vintage.engine.VintageTestEngine.executeAllChildren(VintageTestEngine.java:82) ~[junit-vintage-engine-5.6.2.jar:5.6.2]
	at org.junit.vintage.engine.VintageTestEngine.execute(VintageTestEngine.java:73) ~[junit-vintage-engine-5.6.2.jar:5.6.2]
	at org.junit.platform.launcher.core.DefaultLauncher.execute(DefaultLauncher.java:248) ~[junit-platform-launcher-1.6.2.jar:1.6.2]
	at org.junit.platform.launcher.core.DefaultLauncher.lambda$execute$5(DefaultLauncher.java:211) ~[junit-platform-launcher-1.6.2.jar:1.6.2]
	at org.junit.platform.launcher.core.DefaultLauncher.withInterceptedStreams(DefaultLauncher.java:226) [junit-platform-launcher-1.6.2.jar:1.6.2]
	at org.junit.platform.launcher.core.DefaultLauncher.execute(DefaultLauncher.java:199) [junit-platform-launcher-1.6.2.jar:1.6.2]
	at org.junit.platform.launcher.core.DefaultLauncher.execute(DefaultLauncher.java:132) [junit-platform-launcher-1.6.2.jar:1.6.2]
	at org.apache.maven.surefire.junitplatform.JUnitPlatformProvider.invokeAllTests(JUnitPlatformProvider.java:154) [surefire-junit-platform-3.0.0-M4.jar:3.0.0-M4]
	at org.apache.maven.surefire.junitplatform.JUnitPlatformProvider.invoke(JUnitPlatformProvider.java:123) [surefire-junit-platform-3.0.0-M4.jar:3.0.0-M4]
	at org.apache.maven.surefire.booter.ForkedBooter.runSuitesInProcess(ForkedBooter.java:377) [surefire-booter-3.0.0-M4.jar:3.0.0-M4]
	at org.apache.maven.surefire.booter.ForkedBooter.execute(ForkedBooter.java:138) [surefire-booter-3.0.0-M4.jar:3.0.0-M4]
	at org.apache.maven.surefire.booter.ForkedBooter.run(ForkedBooter.java:465) [surefire-booter-3.0.0-M4.jar:3.0.0-M4]
	at org.apache.maven.surefire.booter.ForkedBooter.main(ForkedBooter.java:451) [surefire-booter-3.0.0-M4.jar:3.0.0-M4]
2024-04-24T05:14:16,132 ERROR [main] parse.UpdateDeleteSemanticAnalyzer: CBO failed due to missing column stats (see previous errors), skipping CBO
2024-04-24T05:14:16,132  INFO [main] parse.UpdateDeleteSemanticAnalyzer: Ending caching scope for: 
FAILED: NoMatchingMethodException No matching method for class org.apache.hadoop.hive.ql.udf.UDFToInteger with (struct<writeid:bigint,bucketid:int,rowid:bigint>). Possible choices: _FUNC_(bigint)  _FUNC_(boolean)  _FUNC_(decimal(38,18))  _FUNC_(double)  _FUNC_(float)  _FUNC_(smallint)  _FUNC_(string)  _FUNC_(struct<writeid:bigint,rowid:int,bucketid:bigint>)  _FUNC_(timestamp)  _FUNC_(tinyint)  _FUNC_(void)  
2024-04-24T05:14:16,132 ERROR [main] ql.Driver: FAILED: NoMatchingMethodException No matching method for class org.apache.hadoop.hive.ql.udf.UDFToInteger with (struct<writeid:bigint,bucketid:int,rowid:bigint>). Possible choices: _FUNC_(bigint)  _FUNC_(boolean)  _FUNC_(decimal(38,18))  _FUNC_(double)  _FUNC_(float)  _FUNC_(smallint)  _FUNC_(string)  _FUNC_(struct<writeid:bigint,rowid:int,bucketid:bigint>)  _FUNC_(timestamp)  _FUNC_(tinyint)  _FUNC_(void)  
org.apache.hadoop.hive.ql.exec.NoMatchingMethodException: No matching method for class org.apache.hadoop.hive.ql.udf.UDFToInteger with (struct<writeid:bigint,bucketid:int,rowid:bigint>). Possible choices: _FUNC_(bigint)  _FUNC_(boolean)  _FUNC_(decimal(38,18))  _FUNC_(double)  _FUNC_(float)  _FUNC_(smallint)  _FUNC_(string)  _FUNC_(struct<writeid:bigint,rowid:int,bucketid:bigint>)  _FUNC_(timestamp)  _FUNC_(tinyint)  _FUNC_(void)  
	at org.apache.hadoop.hive.ql.exec.MethodUtils.getMethodInternal(MethodUtils.java:130)
	at org.apache.hadoop.hive.ql.exec.MethodUtils.getMethodInternal(MethodUtils.java:60)
	at org.apache.hadoop.hive.ql.exec.DefaultUDFMethodResolver.getEvalMethod(DefaultUDFMethodResolver.java:59)
	at org.apache.hadoop.hive.ql.udf.TimestampCastRestrictorResolver.getEvalMethod(TimestampCastRestrictorResolver.java:68)
	at org.apache.hadoop.hive.ql.udf.generic.GenericUDFBridge.initialize(GenericUDFBridge.java:168)
	at org.apache.hadoop.hive.ql.udf.generic.GenericUDF.initializeAndFoldConstants(GenericUDF.java:149)
	at org.apache.hadoop.hive.ql.plan.ExprNodeGenericFuncDesc.newInstance(ExprNodeGenericFuncDesc.java:235)
	at org.apache.hadoop.hive.ql.parse.type.ExprNodeDescExprFactory.createFuncCallExpr(ExprNodeDescExprFactory.java:584)
	at org.apache.hadoop.hive.ql.parse.type.ExprNodeDescExprFactory.createFuncCallExpr(ExprNodeDescExprFactory.java:97)
	at org.apache.hadoop.hive.ql.parse.type.TypeCheckProcFactory$DefaultExprProcessor.getFuncExprNodeDescWithUdfData(TypeCheckProcFactory.java:762)
	at org.apache.hadoop.hive.ql.parse.type.TypeCheckProcFactory$DefaultExprProcessor.createConversionCast(TypeCheckProcFactory.java:783)
	at org.apache.hadoop.hive.ql.parse.SemanticAnalyzer.getPartitionColsFromBucketColsForUpdateDelete(SemanticAnalyzer.java:8725)
	at org.apache.hadoop.hive.ql.parse.SemanticAnalyzer.genBucketingSortingDest(SemanticAnalyzer.java:6906)
	at org.apache.hadoop.hive.ql.parse.SemanticAnalyzer.genFileSinkPlan(SemanticAnalyzer.java:7335)
	at org.apache.hadoop.hive.ql.parse.SemanticAnalyzer.genPostGroupByBodyPlan(SemanticAnalyzer.java:11063)
	at org.apache.hadoop.hive.ql.parse.SemanticAnalyzer.genBodyPlan(SemanticAnalyzer.java:10938)
	at org.apache.hadoop.hive.ql.parse.SemanticAnalyzer.genPlan(SemanticAnalyzer.java:11853)
	at org.apache.hadoop.hive.ql.parse.SemanticAnalyzer.genPlan(SemanticAnalyzer.java:11723)
	at org.apache.hadoop.hive.ql.parse.CalcitePlanner.genOPTree(CalcitePlanner.java:626)
	at org.apache.hadoop.hive.ql.parse.SemanticAnalyzer.analyzeInternal(SemanticAnalyzer.java:12558)
	at org.apache.hadoop.hive.ql.parse.CalcitePlanner.analyzeInternal(CalcitePlanner.java:456)
	at org.apache.hadoop.hive.ql.parse.RewriteSemanticAnalyzer.analyzeInternal(RewriteSemanticAnalyzer.java:67)
	at org.apache.hadoop.hive.ql.parse.BaseSemanticAnalyzer.analyze(BaseSemanticAnalyzer.java:317)
	at org.apache.hadoop.hive.ql.parse.UpdateDeleteSemanticAnalyzer.reparseAndSuperAnalyze(UpdateDeleteSemanticAnalyzer.java:208)
	at org.apache.hadoop.hive.ql.parse.UpdateDeleteSemanticAnalyzer.analyzeDelete(UpdateDeleteSemanticAnalyzer.java:68)
	at org.apache.hadoop.hive.ql.parse.UpdateDeleteSemanticAnalyzer.analyze(UpdateDeleteSemanticAnalyzer.java:50)
	at org.apache.hadoop.hive.ql.parse.RewriteSemanticAnalyzer.analyzeInternal(RewriteSemanticAnalyzer.java:72)
	at org.apache.hadoop.hive.ql.parse.BaseSemanticAnalyzer.analyze(BaseSemanticAnalyzer.java:317)
	at org.apache.hadoop.hive.ql.Compiler.analyze(Compiler.java:223)
	at org.apache.hadoop.hive.ql.Compiler.compile(Compiler.java:105)
	at org.apache.hadoop.hive.ql.Driver.compile(Driver.java:500)
	at org.apache.hadoop.hive.ql.Driver.compileInternal(Driver.java:453)
	at org.apache.hadoop.hive.ql.Driver.runInternal(Driver.java:181)
	at org.apache.hadoop.hive.ql.Driver.run(Driver.java:153)
	at org.apache.hadoop.hive.ql.Driver.run(Driver.java:140)
	at org.apache.hadoop.hive.ql.TxnCommandsBaseForTests.runStatementOnDriver(TxnCommandsBaseForTests.java:245)
	at org.apache.hadoop.hive.ql.TestTxnCommands.testMultipleDelete(TestTxnCommands.java:906)
	at sun.reflect.NativeMethodAccessorImpl.invoke0(Native Method)
	at sun.reflect.NativeMethodAccessorImpl.invoke(NativeMethodAccessorImpl.java:62)
	at sun.reflect.DelegatingMethodAccessorImpl.invoke(DelegatingMethodAccessorImpl.java:43)
	at java.lang.reflect.Method.invoke(Method.java:498)
	at org.junit.runners.model.FrameworkMethod$1.runReflectiveCall(FrameworkMethod.java:59)
	at org.junit.internal.runners.model.ReflectiveCallable.run(ReflectiveCallable.java:12)
	at org.junit.runners.model.FrameworkMethod.invokeExplosively(FrameworkMethod.java:56)
	at org.junit.internal.runners.statements.InvokeMethod.evaluate(InvokeMethod.java:17)
	at org.junit.internal.runners.statements.RunBefores.evaluate(RunBefores.java:26)
	at org.junit.internal.runners.statements.RunAfters.evaluate(RunAfters.java:27)
	at org.junit.rules.TestWatcher$1.evaluate(TestWatcher.java:61)
	at org.junit.runners.ParentRunner$3.evaluate(ParentRunner.java:306)
	at org.junit.runners.BlockJUnit4ClassRunner$1.evaluate(BlockJUnit4ClassRunner.java:100)
	at org.junit.runners.ParentRunner.runLeaf(ParentRunner.java:366)
	at org.junit.runners.BlockJUnit4ClassRunner.runChild(BlockJUnit4ClassRunner.java:103)
	at org.junit.runners.BlockJUnit4ClassRunner.runChild(BlockJUnit4ClassRunner.java:63)
	at org.junit.runners.ParentRunner$4.run(ParentRunner.java:331)
	at org.junit.runners.ParentRunner$1.schedule(ParentRunner.java:79)
	at org.junit.runners.ParentRunner.runChildren(ParentRunner.java:329)
	at org.junit.runners.ParentRunner.access$100(ParentRunner.java:66)
	at org.junit.runners.ParentRunner$2.evaluate(ParentRunner.java:293)
	at org.junit.runners.ParentRunner$3.evaluate(ParentRunner.java:306)
	at org.junit.runners.ParentRunner.run(ParentRunner.java:413)
	at org.junit.runner.JUnitCore.run(JUnitCore.java:137)
	at org.junit.runner.JUnitCore.run(JUnitCore.java:115)
	at org.junit.vintage.engine.execution.RunnerExecutor.execute(RunnerExecutor.java:43)
	at java.util.stream.ForEachOps$ForEachOp$OfRef.accept(ForEachOps.java:183)
	at java.util.stream.ReferencePipeline$3$1.accept(ReferencePipeline.java:193)
	at java.util.Iterator.forEachRemaining(Iterator.java:116)
	at java.util.Spliterators$IteratorSpliterator.forEachRemaining(Spliterators.java:1801)
	at java.util.stream.AbstractPipeline.copyInto(AbstractPipeline.java:482)
	at java.util.stream.AbstractPipeline.wrapAndCopyInto(AbstractPipeline.java:472)
	at java.util.stream.ForEachOps$ForEachOp.evaluateSequential(ForEachOps.java:150)
	at java.util.stream.ForEachOps$ForEachOp$OfRef.evaluateSequential(ForEachOps.java:173)
	at java.util.stream.AbstractPipeline.evaluate(AbstractPipeline.java:234)
	at java.util.stream.ReferencePipeline.forEach(ReferencePipeline.java:485)
	at org.junit.vintage.engine.VintageTestEngine.executeAllChildren(VintageTestEngine.java:82)
	at org.junit.vintage.engine.VintageTestEngine.execute(VintageTestEngine.java:73)
	at org.junit.platform.launcher.core.DefaultLauncher.execute(DefaultLauncher.java:248)
	at org.junit.platform.launcher.core.DefaultLauncher.lambda$execute$5(DefaultLauncher.java:211)
	at org.junit.platform.launcher.core.DefaultLauncher.withInterceptedStreams(DefaultLauncher.java:226)
	at org.junit.platform.launcher.core.DefaultLauncher.execute(DefaultLauncher.java:199)
	at org.junit.platform.launcher.core.DefaultLauncher.execute(DefaultLauncher.java:132)
	at org.apache.maven.surefire.junitplatform.JUnitPlatformProvider.invokeAllTests(JUnitPlatformProvider.java:154)
	at org.apache.maven.surefire.junitplatform.JUnitPlatformProvider.invoke(JUnitPlatformProvider.java:123)
	at org.apache.maven.surefire.booter.ForkedBooter.runSuitesInProcess(ForkedBooter.java:377)
	at org.apache.maven.surefire.booter.ForkedBooter.execute(ForkedBooter.java:138)
	at org.apache.maven.surefire.booter.ForkedBooter.run(ForkedBooter.java:465)
	at org.apache.maven.surefire.booter.ForkedBooter.main(ForkedBooter.java:451)

2024-04-24T05:14:16,132  INFO [main] metadata.Hive: Dumping metastore api call timing information for : compilation phase
2024-04-24T05:14:16,132  INFO [main] metadata.Hive: Total time spent in each metastore function (ms): {getTableColumnStatistics_(String, String, List, String)=32, isCompatibleWith_(Configuration)=0, getTable_(GetTableRequest)=30, flushCache_()=0, getValidWriteIds_(List, String)=4, getAllTableConstraints_(AllTableConstraintsRequest)=6}
2024-04-24T05:14:16,133  INFO [main] ql.Driver: Completed compiling command(queryId=alex_20240424051415_24ceff86-fccf-4ee2-8738-4558705f256e); Time taken: 0.178 seconds
2024-04-24T05:14:16,133  INFO [main] lockmgr.DbTxnManager: Stopped heartbeat for query: alex_20240424051415_a66539c3-3cb7-4798-b6b5-814d62c3470d
2024-04-24T05:14:16,136  INFO [main] txn.TxnHandler: Removed transactions: ([15]) from MIN_HISTORY_LEVEL
2024-04-24T05:14:16,143  INFO [main] ql.TxnCommandsBaseForTests: Running the query: drop table if exists acidTbl
2024-04-24T05:14:16,143  INFO [main] ql.Driver: Compiling command(queryId=alex_20240424051416_cdb9088c-9f78-4d7f-8011-66bbde544ca3): drop table if exists acidTbl
2024-04-24T05:14:16,145  INFO [main] txn.TxnHandler: Added entries to MIN_HISTORY_LEVEL for current txns: ([16]) with min_open_txn: 15
2024-04-24T05:14:16,146  INFO [main] lockmgr.DbTxnManager: Opened txnid:16
2024-04-24T05:14:16,147  INFO [main] HiveMetaStore.audit: ugi=alex	ip=unknown-ip-addr	cmd=get_table : tbl=hive.default.acidTbl	
2024-04-24T05:14:16,154  INFO [main] metastore.HMSHandler: Skipping translation for processor with null
2024-04-24T05:14:16,154  INFO [main] ql.Driver: Semantic Analysis Completed (retrial = false)
2024-04-24T05:14:16,154  INFO [main] ql.Driver: Created Hive schema: Schema(fieldSchemas:null, properties:null)
2024-04-24T05:14:16,154  INFO [main] metadata.Hive: Dumping metastore api call timing information for : compilation phase
2024-04-24T05:14:16,154  INFO [main] metadata.Hive: Total time spent in each metastore function (ms): {rollbackTxn_(long)=9, isCompatibleWith_(Configuration)=0, getTable_(GetTableRequest)=7, flushCache_()=0, getValidTxns_(long)=0, openTxn_(String, TxnType)=3}
2024-04-24T05:14:16,155  INFO [main] ql.Driver: Completed compiling command(queryId=alex_20240424051416_cdb9088c-9f78-4d7f-8011-66bbde544ca3); Time taken: 0.011 seconds
2024-04-24T05:14:16,155  INFO [main] lockmgr.DbTxnManager: Setting lock request transaction to txnid:16 for queryId=alex_20240424051416_cdb9088c-9f78-4d7f-8011-66bbde544ca3
2024-04-24T05:14:16,155  INFO [main] lockmgr.DbLockManager: Requesting lock for queryId=alex_20240424051416_cdb9088c-9f78-4d7f-8011-66bbde544ca3
2024-04-24T05:14:16,169  INFO [main] lockmgr.DbLockManager: Response to queryId=alex_20240424051416_cdb9088c-9f78-4d7f-8011-66bbde544ca3 LockResponse(lockid:9, state:ACQUIRED)
2024-04-24T05:14:16,169  INFO [main] ql.Driver: Operation DROPTABLE obtained 1 locks
2024-04-24T05:14:16,169  INFO [main] ql.Driver: Executing command(queryId=alex_20240424051416_cdb9088c-9f78-4d7f-8011-66bbde544ca3): drop table if exists acidTbl
2024-04-24T05:14:16,169  INFO [main] ql.Driver: Starting task [Stage-0:DDL] in serial mode
2024-04-24T05:14:16,169  INFO [main] HiveMetaStore.audit: ugi=alex	ip=unknown-ip-addr	cmd=get_table : tbl=hive.default.acidTbl	
2024-04-24T05:14:16,175  INFO [main] metastore.HMSHandler: Skipping translation for processor with null
2024-04-24T05:14:16,176  INFO [main] HiveMetaStore.audit: ugi=alex	ip=unknown-ip-addr	cmd=get_table : tbl=hive.default.acidTbl	
2024-04-24T05:14:16,182  INFO [main] metastore.HMSHandler: Skipping translation for processor with null
2024-04-24T05:14:16,182  INFO [main] HiveMetaStore.audit: ugi=alex	ip=unknown-ip-addr	cmd=drop_table : tbl=hive.default.acidTbl	
2024-04-24T05:14:16,290  INFO [main] metadata.Hive: Dumping metastore api call timing information for : execution phase
2024-04-24T05:14:16,290  INFO [main] metadata.Hive: Total time spent in each metastore function (ms): {isCompatibleWith_(Configuration)=0, getTable_(GetTableRequest)=7, dropTable_(String, String, boolean, boolean, boolean)=114}
2024-04-24T05:14:16,290  INFO [main] ql.Driver: Completed executing command(queryId=alex_20240424051416_cdb9088c-9f78-4d7f-8011-66bbde544ca3); Time taken: 0.121 seconds
2024-04-24T05:14:16,290  INFO [main] lockmgr.DbTxnManager: Stopped heartbeat for query: alex_20240424051416_cdb9088c-9f78-4d7f-8011-66bbde544ca3
2024-04-24T05:14:16,294  INFO [main] txn.TxnHandler: Expected to move at least one record from txn_components to completed_txn_components when committing txn! txnid:16
2024-04-24T05:14:16,301  INFO [main] txn.TxnHandler: Removed transactions: ([16]) from MIN_HISTORY_LEVEL
2024-04-24T05:14:16,302  WARN [main] txn.CompactionTxnHandler: No compaction queue record found for Compaction type transaction commit. txnId:16
2024-04-24T05:14:16,303  INFO [main] ql.TxnCommandsBaseForTests: Running the query: drop table if exists acidTblPart
2024-04-24T05:14:16,303  INFO [main] ql.Driver: Compiling command(queryId=alex_20240424051416_aaebb749-4a5b-4e8a-ac35-31c6a1e1fb5c): drop table if exists acidTblPart
2024-04-24T05:14:16,305  INFO [main] txn.TxnHandler: Added entries to MIN_HISTORY_LEVEL for current txns: ([17]) with min_open_txn: 15
2024-04-24T05:14:16,305  INFO [main] lockmgr.DbTxnManager: Opened txnid:17
2024-04-24T05:14:16,306  INFO [main] HiveMetaStore.audit: ugi=alex	ip=unknown-ip-addr	cmd=get_table : tbl=hive.default.acidTblPart	
2024-04-24T05:14:16,321  INFO [main] metastore.HMSHandler: Skipping translation for processor with null
2024-04-24T05:14:16,321  INFO [main] ql.Driver: Semantic Analysis Completed (retrial = false)
2024-04-24T05:14:16,321  INFO [main] ql.Driver: Created Hive schema: Schema(fieldSchemas:null, properties:null)
2024-04-24T05:14:16,321  INFO [main] metadata.Hive: Dumping metastore api call timing information for : compilation phase
2024-04-24T05:14:16,321  INFO [main] metadata.Hive: Total time spent in each metastore function (ms): {getValidTxns_(long)=0, openTxn_(String, TxnType)=2, commitTxn_(CommitTxnRequest)=12, isCompatibleWith_(Configuration)=0, flushCache_()=0, getTable_(GetTableRequest)=16}
2024-04-24T05:14:16,322  INFO [main] ql.Driver: Completed compiling command(queryId=alex_20240424051416_aaebb749-4a5b-4e8a-ac35-31c6a1e1fb5c); Time taken: 0.018 seconds
2024-04-24T05:14:16,322  INFO [main] lockmgr.DbTxnManager: Setting lock request transaction to txnid:17 for queryId=alex_20240424051416_aaebb749-4a5b-4e8a-ac35-31c6a1e1fb5c
2024-04-24T05:14:16,322  INFO [main] lockmgr.DbLockManager: Requesting lock for queryId=alex_20240424051416_aaebb749-4a5b-4e8a-ac35-31c6a1e1fb5c
2024-04-24T05:14:16,339  INFO [main] lockmgr.DbLockManager: Response to queryId=alex_20240424051416_aaebb749-4a5b-4e8a-ac35-31c6a1e1fb5c LockResponse(lockid:10, state:ACQUIRED)
2024-04-24T05:14:16,339  INFO [main] ql.Driver: Operation DROPTABLE obtained 1 locks
2024-04-24T05:14:16,340  INFO [main] ql.Driver: Executing command(queryId=alex_20240424051416_aaebb749-4a5b-4e8a-ac35-31c6a1e1fb5c): drop table if exists acidTblPart
2024-04-24T05:14:16,340  INFO [main] ql.Driver: Starting task [Stage-0:DDL] in serial mode
2024-04-24T05:14:16,340  INFO [main] HiveMetaStore.audit: ugi=alex	ip=unknown-ip-addr	cmd=get_table : tbl=hive.default.acidTblPart	
2024-04-24T05:14:16,346  INFO [main] metastore.HMSHandler: Skipping translation for processor with null
2024-04-24T05:14:16,346  INFO [main] HiveMetaStore.audit: ugi=alex	ip=unknown-ip-addr	cmd=get_table : tbl=hive.default.acidTblPart	
2024-04-24T05:14:16,352  INFO [main] metastore.HMSHandler: Skipping translation for processor with null
2024-04-24T05:14:16,352  INFO [main] HiveMetaStore.audit: ugi=alex	ip=unknown-ip-addr	cmd=drop_table : tbl=hive.default.acidTblPart	
2024-04-24T05:14:16,397  INFO [main] metadata.Hive: Dumping metastore api call timing information for : execution phase
2024-04-24T05:14:16,398  INFO [main] metadata.Hive: Total time spent in each metastore function (ms): {dropTable_(String, String, boolean, boolean, boolean)=51, getTable_(GetTableRequest)=6, isCompatibleWith_(Configuration)=0}
2024-04-24T05:14:16,398  INFO [main] ql.Driver: Completed executing command(queryId=alex_20240424051416_aaebb749-4a5b-4e8a-ac35-31c6a1e1fb5c); Time taken: 0.057 seconds
2024-04-24T05:14:16,398  INFO [main] lockmgr.DbTxnManager: Stopped heartbeat for query: alex_20240424051416_aaebb749-4a5b-4e8a-ac35-31c6a1e1fb5c
2024-04-24T05:14:16,402  INFO [main] txn.TxnHandler: Expected to move at least one record from txn_components to completed_txn_components when committing txn! txnid:17
2024-04-24T05:14:16,408  INFO [main] txn.TxnHandler: Removed transactions: ([17]) from MIN_HISTORY_LEVEL
2024-04-24T05:14:16,408  WARN [main] txn.CompactionTxnHandler: No compaction queue record found for Compaction type transaction commit. txnId:17
2024-04-24T05:14:16,408  INFO [main] ql.TxnCommandsBaseForTests: Running the query: drop table if exists acidTbl2
2024-04-24T05:14:16,409  INFO [main] ql.Driver: Compiling command(queryId=alex_20240424051416_36ec398e-5aa1-44c0-91d9-126ed659a4d1): drop table if exists acidTbl2
2024-04-24T05:14:16,411  INFO [main] txn.TxnHandler: Added entries to MIN_HISTORY_LEVEL for current txns: ([18]) with min_open_txn: 15
2024-04-24T05:14:16,411  INFO [main] lockmgr.DbTxnManager: Opened txnid:18
2024-04-24T05:14:16,412  INFO [main] ql.Driver: Semantic Analysis Completed (retrial = false)
2024-04-24T05:14:16,412  INFO [main] ql.Driver: Created Hive schema: Schema(fieldSchemas:null, properties:null)
2024-04-24T05:14:16,412  INFO [main] metadata.Hive: Dumping metastore api call timing information for : compilation phase
2024-04-24T05:14:16,412  INFO [main] metadata.Hive: Total time spent in each metastore function (ms): {flushCache_()=0, getValidTxns_(long)=1, commitTxn_(CommitTxnRequest)=10, openTxn_(String, TxnType)=2, isCompatibleWith_(Configuration)=0, getTable_(GetTableRequest)=0}
2024-04-24T05:14:16,412  INFO [main] ql.Driver: Completed compiling command(queryId=alex_20240424051416_36ec398e-5aa1-44c0-91d9-126ed659a4d1); Time taken: 0.003 seconds
2024-04-24T05:14:16,413  INFO [main] lockmgr.DbTxnManager: Setting lock request transaction to txnid:18 for queryId=alex_20240424051416_36ec398e-5aa1-44c0-91d9-126ed659a4d1
2024-04-24T05:14:16,413  INFO [main] ql.Driver: Operation DROPTABLE obtained 0 locks
2024-04-24T05:14:16,413  INFO [main] ql.Driver: Executing command(queryId=alex_20240424051416_36ec398e-5aa1-44c0-91d9-126ed659a4d1): drop table if exists acidTbl2
2024-04-24T05:14:16,413  INFO [main] ql.Driver: Starting task [Stage-0:DDL] in serial mode
2024-04-24T05:14:16,413  INFO [main] metadata.SessionHiveMetaStoreClient: Column stats doesn't exist for db=default temp table=acidTbl2
2024-04-24T05:14:16,414  INFO [main] metadata.Hive: Dumping metastore api call timing information for : execution phase
2024-04-24T05:14:16,414  INFO [main] metadata.Hive: Total time spent in each metastore function (ms): {isCompatibleWith_(Configuration)=0, dropTable_(String, String, boolean, boolean, boolean)=1, getTable_(GetTableRequest)=0}
2024-04-24T05:14:16,414  INFO [main] ql.Driver: Completed executing command(queryId=alex_20240424051416_36ec398e-5aa1-44c0-91d9-126ed659a4d1); Time taken: 0.001 seconds
2024-04-24T05:14:16,414  INFO [main] lockmgr.DbTxnManager: Stopped heartbeat for query: alex_20240424051416_36ec398e-5aa1-44c0-91d9-126ed659a4d1
2024-04-24T05:14:16,419  INFO [main] txn.TxnHandler: Expected to move at least one record from txn_components to completed_txn_components when committing txn! txnid:18
2024-04-24T05:14:16,425  INFO [main] txn.TxnHandler: Removed transactions: ([18]) from MIN_HISTORY_LEVEL
2024-04-24T05:14:16,425  WARN [main] txn.CompactionTxnHandler: No compaction queue record found for Compaction type transaction commit. txnId:18
2024-04-24T05:14:16,426  INFO [main] ql.TxnCommandsBaseForTests: Running the query: drop table if exists nonAcidOrcTbl
2024-04-24T05:14:16,426  INFO [main] ql.Driver: Compiling command(queryId=alex_20240424051416_289fd970-a619-4912-b30d-66654ce763e3): drop table if exists nonAcidOrcTbl
2024-04-24T05:14:16,428  INFO [main] txn.TxnHandler: Added entries to MIN_HISTORY_LEVEL for current txns: ([19]) with min_open_txn: 15
2024-04-24T05:14:16,428  INFO [main] lockmgr.DbTxnManager: Opened txnid:19
2024-04-24T05:14:16,428  INFO [main] HiveMetaStore.audit: ugi=alex	ip=unknown-ip-addr	cmd=get_table : tbl=hive.default.nonAcidOrcTbl	
2024-04-24T05:14:16,451  INFO [main] metastore.HMSHandler: Skipping translation for processor with null
2024-04-24T05:14:16,452  INFO [main] ql.Driver: Semantic Analysis Completed (retrial = false)
2024-04-24T05:14:16,452  INFO [main] ql.Driver: Created Hive schema: Schema(fieldSchemas:null, properties:null)
2024-04-24T05:14:16,452  INFO [main] metadata.Hive: Dumping metastore api call timing information for : compilation phase
2024-04-24T05:14:16,452  INFO [main] metadata.Hive: Total time spent in each metastore function (ms): {flushCache_()=0, commitTxn_(CommitTxnRequest)=11, openTxn_(String, TxnType)=2, isCompatibleWith_(Configuration)=0, getTable_(GetTableRequest)=23, getValidTxns_(long)=0}
2024-04-24T05:14:16,452  INFO [main] ql.Driver: Completed compiling command(queryId=alex_20240424051416_289fd970-a619-4912-b30d-66654ce763e3); Time taken: 0.026 seconds
2024-04-24T05:14:16,452  INFO [main] lockmgr.DbTxnManager: Setting lock request transaction to txnid:19 for queryId=alex_20240424051416_289fd970-a619-4912-b30d-66654ce763e3
2024-04-24T05:14:16,453  INFO [main] lockmgr.DbLockManager: Requesting lock for queryId=alex_20240424051416_289fd970-a619-4912-b30d-66654ce763e3
2024-04-24T05:14:16,467  INFO [main] lockmgr.DbLockManager: Response to queryId=alex_20240424051416_289fd970-a619-4912-b30d-66654ce763e3 LockResponse(lockid:11, state:ACQUIRED)
2024-04-24T05:14:16,467  INFO [main] ql.Driver: Operation DROPTABLE obtained 1 locks
2024-04-24T05:14:16,467  INFO [main] ql.Driver: Executing command(queryId=alex_20240424051416_289fd970-a619-4912-b30d-66654ce763e3): drop table if exists nonAcidOrcTbl
2024-04-24T05:14:16,468  INFO [main] ql.Driver: Starting task [Stage-0:DDL] in serial mode
2024-04-24T05:14:16,468  INFO [main] HiveMetaStore.audit: ugi=alex	ip=unknown-ip-addr	cmd=get_table : tbl=hive.default.nonAcidOrcTbl	
2024-04-24T05:14:16,482  INFO [main] metastore.HMSHandler: Skipping translation for processor with null
2024-04-24T05:14:16,482  INFO [main] HiveMetaStore.audit: ugi=alex	ip=unknown-ip-addr	cmd=get_table : tbl=hive.default.nonAcidOrcTbl	
2024-04-24T05:14:16,491  INFO [main] metastore.HMSHandler: Skipping translation for processor with null
2024-04-24T05:14:16,491  INFO [main] HiveMetaStore.audit: ugi=alex	ip=unknown-ip-addr	cmd=drop_table : tbl=hive.default.nonAcidOrcTbl	
2024-04-24T05:14:16,569  INFO [main] metadata.Hive: Dumping metastore api call timing information for : execution phase
2024-04-24T05:14:16,569  INFO [main] metadata.Hive: Total time spent in each metastore function (ms): {dropTable_(String, String, boolean, boolean, boolean)=87, getTable_(GetTableRequest)=14, isCompatibleWith_(Configuration)=0}
2024-04-24T05:14:16,569  INFO [main] ql.Driver: Completed executing command(queryId=alex_20240424051416_289fd970-a619-4912-b30d-66654ce763e3); Time taken: 0.102 seconds
2024-04-24T05:14:16,569  INFO [main] lockmgr.DbTxnManager: Stopped heartbeat for query: alex_20240424051416_289fd970-a619-4912-b30d-66654ce763e3
2024-04-24T05:14:16,573  INFO [main] txn.TxnHandler: Expected to move at least one record from txn_components to completed_txn_components when committing txn! txnid:19
2024-04-24T05:14:16,580  INFO [main] txn.TxnHandler: Removed transactions: ([19]) from MIN_HISTORY_LEVEL
2024-04-24T05:14:16,580  WARN [main] txn.CompactionTxnHandler: No compaction queue record found for Compaction type transaction commit. txnId:19
2024-04-24T05:14:16,580  INFO [main] ql.TxnCommandsBaseForTests: Running the query: drop table if exists nonAcidOrcTbl2
2024-04-24T05:14:16,581  INFO [main] ql.Driver: Compiling command(queryId=alex_20240424051416_e901f89f-90dd-4d69-8fc5-70a3c8c5ad8e): drop table if exists nonAcidOrcTbl2
2024-04-24T05:14:16,583  INFO [main] txn.TxnHandler: Added entries to MIN_HISTORY_LEVEL for current txns: ([20]) with min_open_txn: 15
2024-04-24T05:14:16,583  INFO [main] lockmgr.DbTxnManager: Opened txnid:20
2024-04-24T05:14:16,583  INFO [main] HiveMetaStore.audit: ugi=alex	ip=unknown-ip-addr	cmd=get_table : tbl=hive.default.nonAcidOrcTbl2	
2024-04-24T05:14:16,592  INFO [main] metastore.HMSHandler: Skipping translation for processor with null
2024-04-24T05:14:16,592  INFO [main] ql.Driver: Semantic Analysis Completed (retrial = false)
2024-04-24T05:14:16,592  INFO [main] ql.Driver: Created Hive schema: Schema(fieldSchemas:null, properties:null)
2024-04-24T05:14:16,592  INFO [main] metadata.Hive: Dumping metastore api call timing information for : compilation phase
2024-04-24T05:14:16,593  INFO [main] metadata.Hive: Total time spent in each metastore function (ms): {flushCache_()=0, commitTxn_(CommitTxnRequest)=10, getValidTxns_(long)=0, openTxn_(String, TxnType)=2, isCompatibleWith_(Configuration)=0, getTable_(GetTableRequest)=9}
2024-04-24T05:14:16,593  INFO [main] ql.Driver: Completed compiling command(queryId=alex_20240424051416_e901f89f-90dd-4d69-8fc5-70a3c8c5ad8e); Time taken: 0.011 seconds
2024-04-24T05:14:16,593  INFO [main] lockmgr.DbTxnManager: Setting lock request transaction to txnid:20 for queryId=alex_20240424051416_e901f89f-90dd-4d69-8fc5-70a3c8c5ad8e
2024-04-24T05:14:16,594  INFO [main] lockmgr.DbLockManager: Requesting lock for queryId=alex_20240424051416_e901f89f-90dd-4d69-8fc5-70a3c8c5ad8e
2024-04-24T05:14:16,609  INFO [main] lockmgr.DbLockManager: Response to queryId=alex_20240424051416_e901f89f-90dd-4d69-8fc5-70a3c8c5ad8e LockResponse(lockid:12, state:ACQUIRED)
2024-04-24T05:14:16,609  INFO [main] ql.Driver: Operation DROPTABLE obtained 1 locks
2024-04-24T05:14:16,609  INFO [main] ql.Driver: Executing command(queryId=alex_20240424051416_e901f89f-90dd-4d69-8fc5-70a3c8c5ad8e): drop table if exists nonAcidOrcTbl2
2024-04-24T05:14:16,609  INFO [main] ql.Driver: Starting task [Stage-0:DDL] in serial mode
2024-04-24T05:14:16,609  INFO [main] HiveMetaStore.audit: ugi=alex	ip=unknown-ip-addr	cmd=get_table : tbl=hive.default.nonAcidOrcTbl2	
2024-04-24T05:14:16,618  INFO [main] metastore.HMSHandler: Skipping translation for processor with null
2024-04-24T05:14:16,618  INFO [main] HiveMetaStore.audit: ugi=alex	ip=unknown-ip-addr	cmd=get_table : tbl=hive.default.nonAcidOrcTbl2	
2024-04-24T05:14:16,627  INFO [main] metastore.HMSHandler: Skipping translation for processor with null
2024-04-24T05:14:16,627  INFO [main] HiveMetaStore.audit: ugi=alex	ip=unknown-ip-addr	cmd=drop_table : tbl=hive.default.nonAcidOrcTbl2	
2024-04-24T05:14:16,658  INFO [main] metadata.Hive: Dumping metastore api call timing information for : execution phase
2024-04-24T05:14:16,658  INFO [main] metadata.Hive: Total time spent in each metastore function (ms): {isCompatibleWith_(Configuration)=0, dropTable_(String, String, boolean, boolean, boolean)=40, getTable_(GetTableRequest)=9}
2024-04-24T05:14:16,659  INFO [main] ql.Driver: Completed executing command(queryId=alex_20240424051416_e901f89f-90dd-4d69-8fc5-70a3c8c5ad8e); Time taken: 0.049 seconds
2024-04-24T05:14:16,659  INFO [main] lockmgr.DbTxnManager: Stopped heartbeat for query: alex_20240424051416_e901f89f-90dd-4d69-8fc5-70a3c8c5ad8e
2024-04-24T05:14:16,663  INFO [main] txn.TxnHandler: Expected to move at least one record from txn_components to completed_txn_components when committing txn! txnid:20
2024-04-24T05:14:16,670  INFO [main] txn.TxnHandler: Removed transactions: ([20]) from MIN_HISTORY_LEVEL
2024-04-24T05:14:16,670  WARN [main] txn.CompactionTxnHandler: No compaction queue record found for Compaction type transaction commit. txnId:20
2024-04-24T05:14:16,670  INFO [main] ql.TxnCommandsBaseForTests: Running the query: drop table if exists nonAcidNonBucket
2024-04-24T05:14:16,671  INFO [main] ql.Driver: Compiling command(queryId=alex_20240424051416_ba219cec-6625-4005-abd3-773e47d93ebb): drop table if exists nonAcidNonBucket
2024-04-24T05:14:16,673  INFO [main] txn.TxnHandler: Added entries to MIN_HISTORY_LEVEL for current txns: ([21]) with min_open_txn: 15
2024-04-24T05:14:16,673  INFO [main] lockmgr.DbTxnManager: Opened txnid:21
2024-04-24T05:14:16,674  INFO [main] HiveMetaStore.audit: ugi=alex	ip=unknown-ip-addr	cmd=get_table : tbl=hive.default.nonAcidNonBucket	
2024-04-24T05:14:16,682  INFO [main] metastore.HMSHandler: Skipping translation for processor with null
2024-04-24T05:14:16,682  INFO [main] ql.Driver: Semantic Analysis Completed (retrial = false)
2024-04-24T05:14:16,682  INFO [main] ql.Driver: Created Hive schema: Schema(fieldSchemas:null, properties:null)
2024-04-24T05:14:16,682  INFO [main] metadata.Hive: Dumping metastore api call timing information for : compilation phase
2024-04-24T05:14:16,683  INFO [main] metadata.Hive: Total time spent in each metastore function (ms): {commitTxn_(CommitTxnRequest)=11, getTable_(GetTableRequest)=8, isCompatibleWith_(Configuration)=0, openTxn_(String, TxnType)=2, getValidTxns_(long)=1, flushCache_()=0}
2024-04-24T05:14:16,683  INFO [main] ql.Driver: Completed compiling command(queryId=alex_20240424051416_ba219cec-6625-4005-abd3-773e47d93ebb); Time taken: 0.011 seconds
2024-04-24T05:14:16,683  INFO [main] lockmgr.DbTxnManager: Setting lock request transaction to txnid:21 for queryId=alex_20240424051416_ba219cec-6625-4005-abd3-773e47d93ebb
2024-04-24T05:14:16,683  INFO [main] lockmgr.DbLockManager: Requesting lock for queryId=alex_20240424051416_ba219cec-6625-4005-abd3-773e47d93ebb
2024-04-24T05:14:16,699  INFO [main] lockmgr.DbLockManager: Response to queryId=alex_20240424051416_ba219cec-6625-4005-abd3-773e47d93ebb LockResponse(lockid:13, state:ACQUIRED)
2024-04-24T05:14:16,699  INFO [main] ql.Driver: Operation DROPTABLE obtained 1 locks
2024-04-24T05:14:16,699  INFO [main] ql.Driver: Executing command(queryId=alex_20240424051416_ba219cec-6625-4005-abd3-773e47d93ebb): drop table if exists nonAcidNonBucket
2024-04-24T05:14:16,699  INFO [main] ql.Driver: Starting task [Stage-0:DDL] in serial mode
2024-04-24T05:14:16,699  INFO [main] HiveMetaStore.audit: ugi=alex	ip=unknown-ip-addr	cmd=get_table : tbl=hive.default.nonAcidNonBucket	
2024-04-24T05:14:16,708  INFO [main] metastore.HMSHandler: Skipping translation for processor with null
2024-04-24T05:14:16,708  INFO [main] HiveMetaStore.audit: ugi=alex	ip=unknown-ip-addr	cmd=get_table : tbl=hive.default.nonAcidNonBucket	
2024-04-24T05:14:16,717  INFO [main] metastore.HMSHandler: Skipping translation for processor with null
2024-04-24T05:14:16,717  INFO [main] HiveMetaStore.audit: ugi=alex	ip=unknown-ip-addr	cmd=drop_table : tbl=hive.default.nonAcidNonBucket	
2024-04-24T05:14:16,752  INFO [main] metadata.Hive: Dumping metastore api call timing information for : execution phase
2024-04-24T05:14:16,752  INFO [main] metadata.Hive: Total time spent in each metastore function (ms): {isCompatibleWith_(Configuration)=0, getTable_(GetTableRequest)=9, dropTable_(String, String, boolean, boolean, boolean)=44}
2024-04-24T05:14:16,752  INFO [main] ql.Driver: Completed executing command(queryId=alex_20240424051416_ba219cec-6625-4005-abd3-773e47d93ebb); Time taken: 0.053 seconds
2024-04-24T05:14:16,752  INFO [main] lockmgr.DbTxnManager: Stopped heartbeat for query: alex_20240424051416_ba219cec-6625-4005-abd3-773e47d93ebb
2024-04-24T05:14:16,756  INFO [main] txn.TxnHandler: Expected to move at least one record from txn_components to completed_txn_components when committing txn! txnid:21
2024-04-24T05:14:16,763  INFO [main] txn.TxnHandler: Removed transactions: ([21]) from MIN_HISTORY_LEVEL
2024-04-24T05:14:16,763  WARN [main] txn.CompactionTxnHandler: No compaction queue record found for Compaction type transaction commit. txnId:21
2024-04-24T05:14:16,763  INFO [main] utils.TestTxnDbUtil: Cleaning transactional tables
]]></system-err>
  </testcase>
  <testcase name="truncateTableAdvancingWriteId" classname="org.apache.hadoop.hive.ql.TestTxnCommandsWithSplitUpdateAndVectorization" time="1.464"/>
  <testcase name="testAddAndDropConstraintAdvancingWriteIds" classname="org.apache.hadoop.hive.ql.TestTxnCommandsWithSplitUpdateAndVectorization" time="3.69"/>
  <testcase name="testMultipleInserts" classname="org.apache.hadoop.hive.ql.TestTxnCommandsWithSplitUpdateAndVectorization" time="7.341"/>
  <testcase name="testDeleteOfMultipleInserts" classname="org.apache.hadoop.hive.ql.TestTxnCommandsWithSplitUpdateAndVectorization" time="5.876">
    <error type="java.lang.RuntimeException"><![CDATA[java.lang.RuntimeException: delete from acidTbl where b = 2 failed: (responseCode = 2, errorMessage = FAILED: Execution Error, return code 2 from org.apache.hadoop.hive.ql.exec.mr.MapRedTask, SQLState = 08S01)
	at org.apache.hadoop.hive.ql.TxnCommandsBaseForTests.runStatementOnDriver(TxnCommandsBaseForTests.java:247)
	at org.apache.hadoop.hive.ql.TestTxnCommands.testDeleteOfMultipleInserts(TestTxnCommands.java:826)
	at sun.reflect.NativeMethodAccessorImpl.invoke0(Native Method)
	at sun.reflect.NativeMethodAccessorImpl.invoke(NativeMethodAccessorImpl.java:62)
	at sun.reflect.DelegatingMethodAccessorImpl.invoke(DelegatingMethodAccessorImpl.java:43)
	at java.lang.reflect.Method.invoke(Method.java:498)
	at org.junit.runners.model.FrameworkMethod$1.runReflectiveCall(FrameworkMethod.java:59)
	at org.junit.internal.runners.model.ReflectiveCallable.run(ReflectiveCallable.java:12)
	at org.junit.runners.model.FrameworkMethod.invokeExplosively(FrameworkMethod.java:56)
	at org.junit.internal.runners.statements.InvokeMethod.evaluate(InvokeMethod.java:17)
	at org.junit.internal.runners.statements.RunBefores.evaluate(RunBefores.java:26)
	at org.junit.internal.runners.statements.RunAfters.evaluate(RunAfters.java:27)
	at org.junit.rules.TestWatcher$1.evaluate(TestWatcher.java:61)
	at org.junit.runners.ParentRunner$3.evaluate(ParentRunner.java:306)
	at org.junit.runners.BlockJUnit4ClassRunner$1.evaluate(BlockJUnit4ClassRunner.java:100)
	at org.junit.runners.ParentRunner.runLeaf(ParentRunner.java:366)
	at org.junit.runners.BlockJUnit4ClassRunner.runChild(BlockJUnit4ClassRunner.java:103)
	at org.junit.runners.BlockJUnit4ClassRunner.runChild(BlockJUnit4ClassRunner.java:63)
	at org.junit.runners.ParentRunner$4.run(ParentRunner.java:331)
	at org.junit.runners.ParentRunner$1.schedule(ParentRunner.java:79)
	at org.junit.runners.ParentRunner.runChildren(ParentRunner.java:329)
	at org.junit.runners.ParentRunner.access$100(ParentRunner.java:66)
	at org.junit.runners.ParentRunner$2.evaluate(ParentRunner.java:293)
	at org.junit.runners.ParentRunner$3.evaluate(ParentRunner.java:306)
	at org.junit.runners.ParentRunner.run(ParentRunner.java:413)
	at org.junit.runner.JUnitCore.run(JUnitCore.java:137)
	at org.junit.runner.JUnitCore.run(JUnitCore.java:115)
	at org.junit.vintage.engine.execution.RunnerExecutor.execute(RunnerExecutor.java:43)
	at java.util.stream.ForEachOps$ForEachOp$OfRef.accept(ForEachOps.java:183)
	at java.util.stream.ReferencePipeline$3$1.accept(ReferencePipeline.java:193)
	at java.util.Iterator.forEachRemaining(Iterator.java:116)
	at java.util.Spliterators$IteratorSpliterator.forEachRemaining(Spliterators.java:1801)
	at java.util.stream.AbstractPipeline.copyInto(AbstractPipeline.java:482)
	at java.util.stream.AbstractPipeline.wrapAndCopyInto(AbstractPipeline.java:472)
	at java.util.stream.ForEachOps$ForEachOp.evaluateSequential(ForEachOps.java:150)
	at java.util.stream.ForEachOps$ForEachOp$OfRef.evaluateSequential(ForEachOps.java:173)
	at java.util.stream.AbstractPipeline.evaluate(AbstractPipeline.java:234)
	at java.util.stream.ReferencePipeline.forEach(ReferencePipeline.java:485)
	at org.junit.vintage.engine.VintageTestEngine.executeAllChildren(VintageTestEngine.java:82)
	at org.junit.vintage.engine.VintageTestEngine.execute(VintageTestEngine.java:73)
	at org.junit.platform.launcher.core.DefaultLauncher.execute(DefaultLauncher.java:248)
	at org.junit.platform.launcher.core.DefaultLauncher.lambda$execute$5(DefaultLauncher.java:211)
	at org.junit.platform.launcher.core.DefaultLauncher.withInterceptedStreams(DefaultLauncher.java:226)
	at org.junit.platform.launcher.core.DefaultLauncher.execute(DefaultLauncher.java:199)
	at org.junit.platform.launcher.core.DefaultLauncher.execute(DefaultLauncher.java:132)
	at org.apache.maven.surefire.junitplatform.JUnitPlatformProvider.invokeAllTests(JUnitPlatformProvider.java:154)
	at org.apache.maven.surefire.junitplatform.JUnitPlatformProvider.invoke(JUnitPlatformProvider.java:123)
	at org.apache.maven.surefire.booter.ForkedBooter.runSuitesInProcess(ForkedBooter.java:377)
	at org.apache.maven.surefire.booter.ForkedBooter.execute(ForkedBooter.java:138)
	at org.apache.maven.surefire.booter.ForkedBooter.run(ForkedBooter.java:465)
	at org.apache.maven.surefire.booter.ForkedBooter.main(ForkedBooter.java:451)
]]></error>
    <system-err><![CDATA[2024-04-24T05:14:29,320  WARN [main] conf.HiveConf: HiveConf of name hive.llap.io.cache.orc.arena.size does not exist
2024-04-24T05:14:29,320  WARN [main] conf.HiveConf: HiveConf of name hive.dummyparam.test.server.specific.config.override does not exist
2024-04-24T05:14:29,321  WARN [main] conf.HiveConf: HiveConf of name hive.llap.io.cache.orc.alloc.max does not exist
2024-04-24T05:14:29,321  WARN [main] conf.HiveConf: HiveConf of name hive.metastore.client.cache.recordStats does not exist
2024-04-24T05:14:29,321  WARN [main] conf.HiveConf: HiveConf of name hive.stats.key.prefix.reserve.length does not exist
2024-04-24T05:14:29,321  WARN [main] conf.HiveConf: HiveConf of name hive.llap.io.cache.orc.alloc.min does not exist
2024-04-24T05:14:29,321  WARN [main] conf.HiveConf: HiveConf of name hive.metastore.client.cache.maxSize does not exist
2024-04-24T05:14:29,321  WARN [main] conf.HiveConf: HiveConf of name hive.llap.io.cache.orc.size does not exist
2024-04-24T05:14:29,321  WARN [main] conf.HiveConf: HiveConf of name hive.metastore.metadb.dir does not exist
2024-04-24T05:14:29,321  WARN [main] conf.HiveConf: HiveConf of name hive.dummyparam.test.server.specific.config.hivesite does not exist
2024-04-24T05:14:29,321  WARN [main] conf.HiveConf: HiveConf of name hive.dummyparam.test.server.specific.config.metastoresite does not exist
2024-04-24T05:14:29,323  INFO [main] utils.TestTxnDbUtil: Creating transactional tables
Hive Session ID = 580f32a5-6706-414f-9191-091360208307
2024-04-24T05:14:29,336  INFO [main] SessionState: Hive Session ID = 580f32a5-6706-414f-9191-091360208307
ivysettings.xml file not found in HIVE_HOME or HIVE_CONF_DIR,/home/alex/Repositories/hive/conf/ivysettings.xml will be used
2024-04-24T05:14:29,337  INFO [main] DependencyResolver: ivysettings.xml file not found in HIVE_HOME or HIVE_CONF_DIR,/home/alex/Repositories/hive/conf/ivysettings.xml will be used
2024-04-24T05:14:29,342  INFO [main] session.SessionState: Created HDFS directory: /home/alex/Repositories/hive/ql/target/tmp/scratchdir/alex/580f32a5-6706-414f-9191-091360208307
2024-04-24T05:14:29,344  INFO [main] session.SessionState: Created local directory: /home/alex/Repositories/hive/ql/target/tmp/localscratchdir/580f32a5-6706-414f-9191-091360208307
2024-04-24T05:14:29,346  INFO [main] session.SessionState: Created HDFS directory: /home/alex/Repositories/hive/ql/target/tmp/scratchdir/alex/580f32a5-6706-414f-9191-091360208307/_tmp_space.db
2024-04-24T05:14:29,346  INFO [main] sqlstd.SQLStdHiveAccessController: Created SQLStdHiveAccessController for session context : HiveAuthzSessionContext [sessionString=580f32a5-6706-414f-9191-091360208307, clientType=HIVECLI]
2024-04-24T05:14:29,347  INFO [main] ql.TxnCommandsBaseForTests: Running the query: drop table if exists acidTbl
2024-04-24T05:14:29,347  INFO [main] ql.Driver: Compiling command(queryId=alex_20240424051429_867b3633-d7d8-41b7-96fb-b6bec136b83b): drop table if exists acidTbl
2024-04-24T05:14:29,354  INFO [main] txn.TxnHandler: Added entries to MIN_HISTORY_LEVEL for current txns: ([1]) with min_open_txn: 1
2024-04-24T05:14:29,355  INFO [main] lockmgr.DbTxnManager: Opened txnid:1
2024-04-24T05:14:29,357  INFO [main] HiveMetaStore.audit: ugi=alex	ip=unknown-ip-addr	cmd=get_table : tbl=hive.default.acidTbl	
2024-04-24T05:14:29,360  INFO [main] ql.Driver: Semantic Analysis Completed (retrial = false)
2024-04-24T05:14:29,360  INFO [main] ql.Driver: Created Hive schema: Schema(fieldSchemas:null, properties:null)
2024-04-24T05:14:29,360  INFO [main] metadata.Hive: Dumping metastore api call timing information for : compilation phase
2024-04-24T05:14:29,360  INFO [main] metadata.Hive: Total time spent in each metastore function (ms): {getValidTxns_(long)=2, openTxn_(String, TxnType)=8, isCompatibleWith_(Configuration)=0, flushCache_()=0, commitTxn_(CommitTxnRequest)=11}
2024-04-24T05:14:29,360  INFO [main] ql.Driver: Completed compiling command(queryId=alex_20240424051429_867b3633-d7d8-41b7-96fb-b6bec136b83b); Time taken: 0.013 seconds
2024-04-24T05:14:29,360  INFO [main] lockmgr.DbTxnManager: Setting lock request transaction to txnid:1 for queryId=alex_20240424051429_867b3633-d7d8-41b7-96fb-b6bec136b83b
2024-04-24T05:14:29,360  INFO [main] ql.Driver: Operation DROPTABLE obtained 0 locks
2024-04-24T05:14:29,360  INFO [main] ql.Driver: Executing command(queryId=alex_20240424051429_867b3633-d7d8-41b7-96fb-b6bec136b83b): drop table if exists acidTbl
2024-04-24T05:14:29,360  INFO [main] ql.Driver: Starting task [Stage-0:DDL] in serial mode
2024-04-24T05:14:29,361  INFO [main] HiveMetaStore.audit: ugi=alex	ip=unknown-ip-addr	cmd=get_table : tbl=hive.default.acidTbl	
2024-04-24T05:14:29,363  INFO [main] metadata.Hive: Dumping metastore api call timing information for : execution phase
2024-04-24T05:14:29,364  INFO [main] metadata.Hive: Total time spent in each metastore function (ms): {isCompatibleWith_(Configuration)=0}
2024-04-24T05:14:29,364  INFO [main] ql.Driver: Completed executing command(queryId=alex_20240424051429_867b3633-d7d8-41b7-96fb-b6bec136b83b); Time taken: 0.003 seconds
2024-04-24T05:14:29,364  INFO [main] lockmgr.DbTxnManager: Stopped heartbeat for query: alex_20240424051429_867b3633-d7d8-41b7-96fb-b6bec136b83b
2024-04-24T05:14:29,369  INFO [main] txn.TxnHandler: Expected to move at least one record from txn_components to completed_txn_components when committing txn! txnid:1
2024-04-24T05:14:29,376  INFO [main] txn.TxnHandler: Removed transactions: ([1]) from MIN_HISTORY_LEVEL
2024-04-24T05:14:29,376  WARN [main] txn.CompactionTxnHandler: No compaction queue record found for Compaction type transaction commit. txnId:1
2024-04-24T05:14:29,376  INFO [main] ql.TxnCommandsBaseForTests: Running the query: drop table if exists acidTblPart
2024-04-24T05:14:29,377  INFO [main] ql.Driver: Compiling command(queryId=alex_20240424051429_4cee94f4-bfa1-4b1a-ab08-10c4b024f557): drop table if exists acidTblPart
2024-04-24T05:14:29,379  INFO [main] txn.TxnHandler: Added entries to MIN_HISTORY_LEVEL for current txns: ([2]) with min_open_txn: 1
2024-04-24T05:14:29,379  INFO [main] lockmgr.DbTxnManager: Opened txnid:2
2024-04-24T05:14:29,379  INFO [main] HiveMetaStore.audit: ugi=alex	ip=unknown-ip-addr	cmd=get_table : tbl=hive.default.acidTblPart	
2024-04-24T05:14:29,382  INFO [main] ql.Driver: Semantic Analysis Completed (retrial = false)
2024-04-24T05:14:29,382  INFO [main] ql.Driver: Created Hive schema: Schema(fieldSchemas:null, properties:null)
2024-04-24T05:14:29,382  INFO [main] metadata.Hive: Dumping metastore api call timing information for : compilation phase
2024-04-24T05:14:29,382  INFO [main] metadata.Hive: Total time spent in each metastore function (ms): {getValidTxns_(long)=0, commitTxn_(CommitTxnRequest)=12, openTxn_(String, TxnType)=2, flushCache_()=0, isCompatibleWith_(Configuration)=0}
2024-04-24T05:14:29,383  INFO [main] ql.Driver: Completed compiling command(queryId=alex_20240424051429_4cee94f4-bfa1-4b1a-ab08-10c4b024f557); Time taken: 0.005 seconds
2024-04-24T05:14:29,383  INFO [main] lockmgr.DbTxnManager: Setting lock request transaction to txnid:2 for queryId=alex_20240424051429_4cee94f4-bfa1-4b1a-ab08-10c4b024f557
2024-04-24T05:14:29,383  INFO [main] ql.Driver: Operation DROPTABLE obtained 0 locks
2024-04-24T05:14:29,383  INFO [main] ql.Driver: Executing command(queryId=alex_20240424051429_4cee94f4-bfa1-4b1a-ab08-10c4b024f557): drop table if exists acidTblPart
2024-04-24T05:14:29,383  INFO [main] ql.Driver: Starting task [Stage-0:DDL] in serial mode
2024-04-24T05:14:29,383  INFO [main] HiveMetaStore.audit: ugi=alex	ip=unknown-ip-addr	cmd=get_table : tbl=hive.default.acidTblPart	
2024-04-24T05:14:29,386  INFO [main] metadata.Hive: Dumping metastore api call timing information for : execution phase
2024-04-24T05:14:29,386  INFO [main] metadata.Hive: Total time spent in each metastore function (ms): {isCompatibleWith_(Configuration)=0}
2024-04-24T05:14:29,386  INFO [main] ql.Driver: Completed executing command(queryId=alex_20240424051429_4cee94f4-bfa1-4b1a-ab08-10c4b024f557); Time taken: 0.003 seconds
2024-04-24T05:14:29,386  INFO [main] lockmgr.DbTxnManager: Stopped heartbeat for query: alex_20240424051429_4cee94f4-bfa1-4b1a-ab08-10c4b024f557
2024-04-24T05:14:29,392  INFO [main] txn.TxnHandler: Expected to move at least one record from txn_components to completed_txn_components when committing txn! txnid:2
2024-04-24T05:14:29,399  INFO [main] txn.TxnHandler: Removed transactions: ([2]) from MIN_HISTORY_LEVEL
2024-04-24T05:14:29,399  WARN [main] txn.CompactionTxnHandler: No compaction queue record found for Compaction type transaction commit. txnId:2
2024-04-24T05:14:29,400  INFO [main] ql.TxnCommandsBaseForTests: Running the query: drop table if exists acidTbl2
2024-04-24T05:14:29,400  INFO [main] ql.Driver: Compiling command(queryId=alex_20240424051429_e95e2882-7b81-4a95-96ea-0ee57c2dd3f6): drop table if exists acidTbl2
2024-04-24T05:14:29,402  INFO [main] txn.TxnHandler: Added entries to MIN_HISTORY_LEVEL for current txns: ([3]) with min_open_txn: 1
2024-04-24T05:14:29,402  INFO [main] lockmgr.DbTxnManager: Opened txnid:3
2024-04-24T05:14:29,403  INFO [main] HiveMetaStore.audit: ugi=alex	ip=unknown-ip-addr	cmd=get_table : tbl=hive.default.acidTbl2	
2024-04-24T05:14:29,406  INFO [main] ql.Driver: Semantic Analysis Completed (retrial = false)
2024-04-24T05:14:29,406  INFO [main] ql.Driver: Created Hive schema: Schema(fieldSchemas:null, properties:null)
2024-04-24T05:14:29,406  INFO [main] metadata.Hive: Dumping metastore api call timing information for : compilation phase
2024-04-24T05:14:29,406  INFO [main] metadata.Hive: Total time spent in each metastore function (ms): {commitTxn_(CommitTxnRequest)=14, openTxn_(String, TxnType)=2, isCompatibleWith_(Configuration)=0, getValidTxns_(long)=1, flushCache_()=0}
2024-04-24T05:14:29,406  INFO [main] ql.Driver: Completed compiling command(queryId=alex_20240424051429_e95e2882-7b81-4a95-96ea-0ee57c2dd3f6); Time taken: 0.006 seconds
2024-04-24T05:14:29,406  INFO [main] lockmgr.DbTxnManager: Setting lock request transaction to txnid:3 for queryId=alex_20240424051429_e95e2882-7b81-4a95-96ea-0ee57c2dd3f6
2024-04-24T05:14:29,406  INFO [main] ql.Driver: Operation DROPTABLE obtained 0 locks
2024-04-24T05:14:29,406  INFO [main] ql.Driver: Executing command(queryId=alex_20240424051429_e95e2882-7b81-4a95-96ea-0ee57c2dd3f6): drop table if exists acidTbl2
2024-04-24T05:14:29,406  INFO [main] ql.Driver: Starting task [Stage-0:DDL] in serial mode
2024-04-24T05:14:29,406  INFO [main] HiveMetaStore.audit: ugi=alex	ip=unknown-ip-addr	cmd=get_table : tbl=hive.default.acidTbl2	
2024-04-24T05:14:29,409  INFO [main] metadata.Hive: Dumping metastore api call timing information for : execution phase
2024-04-24T05:14:29,409  INFO [main] metadata.Hive: Total time spent in each metastore function (ms): {isCompatibleWith_(Configuration)=0}
2024-04-24T05:14:29,410  INFO [main] ql.Driver: Completed executing command(queryId=alex_20240424051429_e95e2882-7b81-4a95-96ea-0ee57c2dd3f6); Time taken: 0.003 seconds
2024-04-24T05:14:29,410  INFO [main] lockmgr.DbTxnManager: Stopped heartbeat for query: alex_20240424051429_e95e2882-7b81-4a95-96ea-0ee57c2dd3f6
2024-04-24T05:14:29,416  INFO [main] txn.TxnHandler: Expected to move at least one record from txn_components to completed_txn_components when committing txn! txnid:3
2024-04-24T05:14:29,423  INFO [main] txn.TxnHandler: Removed transactions: ([3]) from MIN_HISTORY_LEVEL
2024-04-24T05:14:29,423  WARN [main] txn.CompactionTxnHandler: No compaction queue record found for Compaction type transaction commit. txnId:3
2024-04-24T05:14:29,424  INFO [main] ql.TxnCommandsBaseForTests: Running the query: drop table if exists nonAcidOrcTbl
2024-04-24T05:14:29,424  INFO [main] ql.Driver: Compiling command(queryId=alex_20240424051429_faf899cd-1263-4c16-bfd9-af601c375d2e): drop table if exists nonAcidOrcTbl
2024-04-24T05:14:29,426  INFO [main] txn.TxnHandler: Added entries to MIN_HISTORY_LEVEL for current txns: ([4]) with min_open_txn: 1
2024-04-24T05:14:29,426  INFO [main] lockmgr.DbTxnManager: Opened txnid:4
2024-04-24T05:14:29,426  INFO [main] HiveMetaStore.audit: ugi=alex	ip=unknown-ip-addr	cmd=get_table : tbl=hive.default.nonAcidOrcTbl	
2024-04-24T05:14:29,429  INFO [main] ql.Driver: Semantic Analysis Completed (retrial = false)
2024-04-24T05:14:29,429  INFO [main] ql.Driver: Created Hive schema: Schema(fieldSchemas:null, properties:null)
2024-04-24T05:14:29,429  INFO [main] metadata.Hive: Dumping metastore api call timing information for : compilation phase
2024-04-24T05:14:29,429  INFO [main] metadata.Hive: Total time spent in each metastore function (ms): {commitTxn_(CommitTxnRequest)=13, isCompatibleWith_(Configuration)=0, flushCache_()=0, getValidTxns_(long)=0, openTxn_(String, TxnType)=2}
2024-04-24T05:14:29,430  INFO [main] ql.Driver: Completed compiling command(queryId=alex_20240424051429_faf899cd-1263-4c16-bfd9-af601c375d2e); Time taken: 0.005 seconds
2024-04-24T05:14:29,430  INFO [main] lockmgr.DbTxnManager: Setting lock request transaction to txnid:4 for queryId=alex_20240424051429_faf899cd-1263-4c16-bfd9-af601c375d2e
2024-04-24T05:14:29,430  INFO [main] ql.Driver: Operation DROPTABLE obtained 0 locks
2024-04-24T05:14:29,430  INFO [main] ql.Driver: Executing command(queryId=alex_20240424051429_faf899cd-1263-4c16-bfd9-af601c375d2e): drop table if exists nonAcidOrcTbl
2024-04-24T05:14:29,430  INFO [main] ql.Driver: Starting task [Stage-0:DDL] in serial mode
2024-04-24T05:14:29,430  INFO [main] HiveMetaStore.audit: ugi=alex	ip=unknown-ip-addr	cmd=get_table : tbl=hive.default.nonAcidOrcTbl	
2024-04-24T05:14:29,433  INFO [main] metadata.Hive: Dumping metastore api call timing information for : execution phase
2024-04-24T05:14:29,433  INFO [main] metadata.Hive: Total time spent in each metastore function (ms): {isCompatibleWith_(Configuration)=0}
2024-04-24T05:14:29,433  INFO [main] ql.Driver: Completed executing command(queryId=alex_20240424051429_faf899cd-1263-4c16-bfd9-af601c375d2e); Time taken: 0.003 seconds
2024-04-24T05:14:29,433  INFO [main] lockmgr.DbTxnManager: Stopped heartbeat for query: alex_20240424051429_faf899cd-1263-4c16-bfd9-af601c375d2e
2024-04-24T05:14:29,439  INFO [main] txn.TxnHandler: Expected to move at least one record from txn_components to completed_txn_components when committing txn! txnid:4
2024-04-24T05:14:29,445  INFO [main] txn.TxnHandler: Removed transactions: ([4]) from MIN_HISTORY_LEVEL
2024-04-24T05:14:29,445  WARN [main] txn.CompactionTxnHandler: No compaction queue record found for Compaction type transaction commit. txnId:4
2024-04-24T05:14:29,445  INFO [main] ql.TxnCommandsBaseForTests: Running the query: drop table if exists nonAcidOrcTbl2
2024-04-24T05:14:29,446  INFO [main] ql.Driver: Compiling command(queryId=alex_20240424051429_19239e4c-1598-430b-8558-883baa3f894e): drop table if exists nonAcidOrcTbl2
2024-04-24T05:14:29,448  INFO [main] txn.TxnHandler: Added entries to MIN_HISTORY_LEVEL for current txns: ([5]) with min_open_txn: 1
2024-04-24T05:14:29,448  INFO [main] lockmgr.DbTxnManager: Opened txnid:5
2024-04-24T05:14:29,448  INFO [main] HiveMetaStore.audit: ugi=alex	ip=unknown-ip-addr	cmd=get_table : tbl=hive.default.nonAcidOrcTbl2	
2024-04-24T05:14:29,451  INFO [main] ql.Driver: Semantic Analysis Completed (retrial = false)
2024-04-24T05:14:29,451  INFO [main] ql.Driver: Created Hive schema: Schema(fieldSchemas:null, properties:null)
2024-04-24T05:14:29,451  INFO [main] metadata.Hive: Dumping metastore api call timing information for : compilation phase
2024-04-24T05:14:29,451  INFO [main] metadata.Hive: Total time spent in each metastore function (ms): {getValidTxns_(long)=0, flushCache_()=0, commitTxn_(CommitTxnRequest)=11, openTxn_(String, TxnType)=2, isCompatibleWith_(Configuration)=1}
2024-04-24T05:14:29,451  INFO [main] ql.Driver: Completed compiling command(queryId=alex_20240424051429_19239e4c-1598-430b-8558-883baa3f894e); Time taken: 0.005 seconds
2024-04-24T05:14:29,452  INFO [main] lockmgr.DbTxnManager: Setting lock request transaction to txnid:5 for queryId=alex_20240424051429_19239e4c-1598-430b-8558-883baa3f894e
2024-04-24T05:14:29,452  INFO [main] ql.Driver: Operation DROPTABLE obtained 0 locks
2024-04-24T05:14:29,452  INFO [main] ql.Driver: Executing command(queryId=alex_20240424051429_19239e4c-1598-430b-8558-883baa3f894e): drop table if exists nonAcidOrcTbl2
2024-04-24T05:14:29,452  INFO [main] ql.Driver: Starting task [Stage-0:DDL] in serial mode
2024-04-24T05:14:29,452  INFO [main] HiveMetaStore.audit: ugi=alex	ip=unknown-ip-addr	cmd=get_table : tbl=hive.default.nonAcidOrcTbl2	
2024-04-24T05:14:29,455  INFO [main] metadata.Hive: Dumping metastore api call timing information for : execution phase
2024-04-24T05:14:29,455  INFO [main] metadata.Hive: Total time spent in each metastore function (ms): {isCompatibleWith_(Configuration)=0}
2024-04-24T05:14:29,455  INFO [main] ql.Driver: Completed executing command(queryId=alex_20240424051429_19239e4c-1598-430b-8558-883baa3f894e); Time taken: 0.003 seconds
2024-04-24T05:14:29,455  INFO [main] lockmgr.DbTxnManager: Stopped heartbeat for query: alex_20240424051429_19239e4c-1598-430b-8558-883baa3f894e
2024-04-24T05:14:29,460  INFO [main] txn.TxnHandler: Expected to move at least one record from txn_components to completed_txn_components when committing txn! txnid:5
2024-04-24T05:14:29,466  INFO [main] txn.TxnHandler: Removed transactions: ([5]) from MIN_HISTORY_LEVEL
2024-04-24T05:14:29,466  WARN [main] txn.CompactionTxnHandler: No compaction queue record found for Compaction type transaction commit. txnId:5
2024-04-24T05:14:29,467  INFO [main] ql.TxnCommandsBaseForTests: Running the query: drop table if exists nonAcidNonBucket
2024-04-24T05:14:29,467  INFO [main] ql.Driver: Compiling command(queryId=alex_20240424051429_04269dc7-5802-438a-92ef-d9210fb9a01e): drop table if exists nonAcidNonBucket
2024-04-24T05:14:29,469  INFO [main] txn.TxnHandler: Added entries to MIN_HISTORY_LEVEL for current txns: ([6]) with min_open_txn: 1
2024-04-24T05:14:29,469  INFO [main] lockmgr.DbTxnManager: Opened txnid:6
2024-04-24T05:14:29,470  INFO [main] HiveMetaStore.audit: ugi=alex	ip=unknown-ip-addr	cmd=get_table : tbl=hive.default.nonAcidNonBucket	
2024-04-24T05:14:29,472  INFO [main] ql.Driver: Semantic Analysis Completed (retrial = false)
2024-04-24T05:14:29,472  INFO [main] ql.Driver: Created Hive schema: Schema(fieldSchemas:null, properties:null)
2024-04-24T05:14:29,472  INFO [main] metadata.Hive: Dumping metastore api call timing information for : compilation phase
2024-04-24T05:14:29,473  INFO [main] metadata.Hive: Total time spent in each metastore function (ms): {getValidTxns_(long)=1, isCompatibleWith_(Configuration)=0, commitTxn_(CommitTxnRequest)=12, flushCache_()=0, openTxn_(String, TxnType)=2}
2024-04-24T05:14:29,473  INFO [main] ql.Driver: Completed compiling command(queryId=alex_20240424051429_04269dc7-5802-438a-92ef-d9210fb9a01e); Time taken: 0.005 seconds
2024-04-24T05:14:29,473  INFO [main] lockmgr.DbTxnManager: Setting lock request transaction to txnid:6 for queryId=alex_20240424051429_04269dc7-5802-438a-92ef-d9210fb9a01e
2024-04-24T05:14:29,473  INFO [main] ql.Driver: Operation DROPTABLE obtained 0 locks
2024-04-24T05:14:29,473  INFO [main] ql.Driver: Executing command(queryId=alex_20240424051429_04269dc7-5802-438a-92ef-d9210fb9a01e): drop table if exists nonAcidNonBucket
2024-04-24T05:14:29,473  INFO [main] ql.Driver: Starting task [Stage-0:DDL] in serial mode
2024-04-24T05:14:29,473  INFO [main] HiveMetaStore.audit: ugi=alex	ip=unknown-ip-addr	cmd=get_table : tbl=hive.default.nonAcidNonBucket	
2024-04-24T05:14:29,476  INFO [main] metadata.Hive: Dumping metastore api call timing information for : execution phase
2024-04-24T05:14:29,476  INFO [main] metadata.Hive: Total time spent in each metastore function (ms): {isCompatibleWith_(Configuration)=0}
2024-04-24T05:14:29,476  INFO [main] ql.Driver: Completed executing command(queryId=alex_20240424051429_04269dc7-5802-438a-92ef-d9210fb9a01e); Time taken: 0.003 seconds
2024-04-24T05:14:29,476  INFO [main] lockmgr.DbTxnManager: Stopped heartbeat for query: alex_20240424051429_04269dc7-5802-438a-92ef-d9210fb9a01e
2024-04-24T05:14:29,482  INFO [main] txn.TxnHandler: Expected to move at least one record from txn_components to completed_txn_components when committing txn! txnid:6
2024-04-24T05:14:29,488  INFO [main] txn.TxnHandler: Removed transactions: ([6]) from MIN_HISTORY_LEVEL
2024-04-24T05:14:29,488  WARN [main] txn.CompactionTxnHandler: No compaction queue record found for Compaction type transaction commit. txnId:6
2024-04-24T05:14:29,489  INFO [main] ql.TxnCommandsBaseForTests: Running the query: create table acidTbl(a int, b int) clustered by (a) into 2 buckets stored as orc TBLPROPERTIES ('transactional'='true')
2024-04-24T05:14:29,489  INFO [main] ql.Driver: Compiling command(queryId=alex_20240424051429_0a4e953b-5ad5-4537-b778-986e75d5c614): create table acidTbl(a int, b int) clustered by (a) into 2 buckets stored as orc TBLPROPERTIES ('transactional'='true')
2024-04-24T05:14:29,491  INFO [main] txn.TxnHandler: Added entries to MIN_HISTORY_LEVEL for current txns: ([7]) with min_open_txn: 1
2024-04-24T05:14:29,491  INFO [main] lockmgr.DbTxnManager: Opened txnid:7
2024-04-24T05:14:29,492  INFO [main] parse.CalcitePlanner: Starting caching scope for: 
2024-04-24T05:14:29,492  INFO [main] parse.CalcitePlanner: Starting Semantic Analysis
2024-04-24T05:14:29,497  INFO [main] parse.CalcitePlanner: Creating table default.acidTbl position=13
2024-04-24T05:14:29,497  INFO [main] HiveMetaStore.audit: ugi=alex	ip=unknown-ip-addr	cmd=get_database: default	
2024-04-24T05:14:29,499  INFO [main] parse.CalcitePlanner: Ending caching scope for: 
2024-04-24T05:14:29,499  INFO [main] ql.Driver: Semantic Analysis Completed (retrial = false)
2024-04-24T05:14:29,499  INFO [main] ql.Driver: Created Hive schema: Schema(fieldSchemas:null, properties:null)
2024-04-24T05:14:29,499  INFO [main] metadata.Hive: Dumping metastore api call timing information for : compilation phase
2024-04-24T05:14:29,499  INFO [main] metadata.Hive: Total time spent in each metastore function (ms): {openTxn_(String, TxnType)=2, getDatabase_(String)=2, isCompatibleWith_(Configuration)=0, flushCache_()=0, commitTxn_(CommitTxnRequest)=11, getValidWriteIds_(List, String)=5, getValidTxns_(long)=1}
2024-04-24T05:14:29,499  INFO [main] ql.Driver: Completed compiling command(queryId=alex_20240424051429_0a4e953b-5ad5-4537-b778-986e75d5c614); Time taken: 0.01 seconds
2024-04-24T05:14:29,500  INFO [main] lockmgr.DbTxnManager: Setting lock request transaction to txnid:7 for queryId=alex_20240424051429_0a4e953b-5ad5-4537-b778-986e75d5c614
2024-04-24T05:14:29,500  INFO [main] lockmgr.DbLockManager: Requesting lock for queryId=alex_20240424051429_0a4e953b-5ad5-4537-b778-986e75d5c614
2024-04-24T05:14:29,518  INFO [main] lockmgr.DbLockManager: Response to queryId=alex_20240424051429_0a4e953b-5ad5-4537-b778-986e75d5c614 LockResponse(lockid:1, state:ACQUIRED)
2024-04-24T05:14:29,518  INFO [main] ql.Driver: Operation CREATETABLE obtained 1 locks
2024-04-24T05:14:29,518  INFO [main] ql.Driver: Executing command(queryId=alex_20240424051429_0a4e953b-5ad5-4537-b778-986e75d5c614): create table acidTbl(a int, b int) clustered by (a) into 2 buckets stored as orc TBLPROPERTIES ('transactional'='true')
2024-04-24T05:14:29,519  INFO [main] ql.Driver: Starting task [Stage-0:DDL] in serial mode
2024-04-24T05:14:29,519  INFO [main] HiveMetaStore.audit: ugi=alex	ip=unknown-ip-addr	cmd=create_table_req: Table(tableName:acidTbl, dbName:default, owner:alex, createTime:1713960869, lastAccessTime:0, retention:0, sd:StorageDescriptor(cols:[FieldSchema(name:a, type:int, comment:null), FieldSchema(name:b, type:int, comment:null)], location:null, inputFormat:org.apache.hadoop.hive.ql.io.orc.OrcInputFormat, outputFormat:org.apache.hadoop.hive.ql.io.orc.OrcOutputFormat, compressed:false, numBuckets:2, serdeInfo:SerDeInfo(name:null, serializationLib:org.apache.hadoop.hive.ql.io.orc.OrcSerde, parameters:{serialization.format=1}), bucketCols:[a], sortCols:[], parameters:{}, skewedInfo:SkewedInfo(skewedColNames:[], skewedColValues:[], skewedColValueLocationMaps:{}), storedAsSubDirectories:false), partitionKeys:[], parameters:{totalSize=0, rawDataSize=0, numRows=0, numFiles=0, numFilesErasureCoded=0, COLUMN_STATS_ACCURATE={"BASIC_STATS":"true","COLUMN_STATS":{"a":"true","b":"true"}}, transactional=true, bucketing_version=2}, viewOriginalText:null, viewExpandedText:null, tableType:MANAGED_TABLE, privileges:PrincipalPrivilegeSet(userPrivileges:{alex=[PrivilegeGrantInfo(privilege:INSERT, createTime:-1, grantor:alex, grantorType:USER, grantOption:true), PrivilegeGrantInfo(privilege:SELECT, createTime:-1, grantor:alex, grantorType:USER, grantOption:true), PrivilegeGrantInfo(privilege:UPDATE, createTime:-1, grantor:alex, grantorType:USER, grantOption:true), PrivilegeGrantInfo(privilege:DELETE, createTime:-1, grantor:alex, grantorType:USER, grantOption:true)]}, groupPrivileges:null, rolePrivileges:null), temporary:false, catName:hive, ownerType:USER, writeId:0)	
2024-04-24T05:14:29,525  INFO [main] utils.FileUtils: Creating directory if it doesn't exist: file:/home/alex/Repositories/hive/ql/target/tmp/org.apache.hadoop.hive.ql.TestTxnCommands-1713960750541/warehouse/acidtbl
2024-04-24T05:14:29,560  INFO [main] metadata.Hive: Dumping metastore api call timing information for : execution phase
2024-04-24T05:14:29,560  INFO [main] metadata.Hive: Total time spent in each metastore function (ms): {isCompatibleWith_(Configuration)=0, createTable_(Table)=41}
2024-04-24T05:14:29,560  INFO [main] ql.Driver: Completed executing command(queryId=alex_20240424051429_0a4e953b-5ad5-4537-b778-986e75d5c614); Time taken: 0.042 seconds
2024-04-24T05:14:29,560  INFO [main] lockmgr.DbTxnManager: Stopped heartbeat for query: alex_20240424051429_0a4e953b-5ad5-4537-b778-986e75d5c614
2024-04-24T05:14:29,564  INFO [main] txn.TxnHandler: Expected to move at least one record from txn_components to completed_txn_components when committing txn! txnid:7
2024-04-24T05:14:29,570  INFO [main] txn.TxnHandler: Removed transactions: ([7]) from MIN_HISTORY_LEVEL
2024-04-24T05:14:29,570  WARN [main] txn.CompactionTxnHandler: No compaction queue record found for Compaction type transaction commit. txnId:7
2024-04-24T05:14:29,571  INFO [main] ql.TxnCommandsBaseForTests: Running the query: create table acidTblPart(a int, b int) partitioned by (p string) clustered by (a) into 2 buckets stored as orc TBLPROPERTIES ('transactional'='true')
2024-04-24T05:14:29,571  INFO [main] ql.Driver: Compiling command(queryId=alex_20240424051429_479e6808-2f92-48a6-9fc5-13f168764060): create table acidTblPart(a int, b int) partitioned by (p string) clustered by (a) into 2 buckets stored as orc TBLPROPERTIES ('transactional'='true')
2024-04-24T05:14:29,573  INFO [main] txn.TxnHandler: Added entries to MIN_HISTORY_LEVEL for current txns: ([8]) with min_open_txn: 1
2024-04-24T05:14:29,573  INFO [main] lockmgr.DbTxnManager: Opened txnid:8
2024-04-24T05:14:29,574  INFO [main] parse.CalcitePlanner: Starting caching scope for: 
2024-04-24T05:14:29,574  INFO [main] parse.CalcitePlanner: Starting Semantic Analysis
2024-04-24T05:14:29,576  INFO [main] parse.CalcitePlanner: Creating table default.acidTblPart position=13
2024-04-24T05:14:29,577  INFO [main] HiveMetaStore.audit: ugi=alex	ip=unknown-ip-addr	cmd=get_database: default	
2024-04-24T05:14:29,578  INFO [main] parse.CalcitePlanner: Ending caching scope for: 
2024-04-24T05:14:29,578  INFO [main] ql.Driver: Semantic Analysis Completed (retrial = false)
2024-04-24T05:14:29,578  INFO [main] ql.Driver: Created Hive schema: Schema(fieldSchemas:null, properties:null)
2024-04-24T05:14:29,578  INFO [main] metadata.Hive: Dumping metastore api call timing information for : compilation phase
2024-04-24T05:14:29,578  INFO [main] metadata.Hive: Total time spent in each metastore function (ms): {openTxn_(String, TxnType)=1, getValidWriteIds_(List, String)=2, commitTxn_(CommitTxnRequest)=11, flushCache_()=0, getDatabase_(String)=2, getValidTxns_(long)=0, isCompatibleWith_(Configuration)=0}
2024-04-24T05:14:29,578  INFO [main] ql.Driver: Completed compiling command(queryId=alex_20240424051429_479e6808-2f92-48a6-9fc5-13f168764060); Time taken: 0.007 seconds
2024-04-24T05:14:29,579  INFO [main] lockmgr.DbTxnManager: Setting lock request transaction to txnid:8 for queryId=alex_20240424051429_479e6808-2f92-48a6-9fc5-13f168764060
2024-04-24T05:14:29,579  INFO [main] lockmgr.DbLockManager: Requesting lock for queryId=alex_20240424051429_479e6808-2f92-48a6-9fc5-13f168764060
2024-04-24T05:14:29,593  INFO [main] lockmgr.DbLockManager: Response to queryId=alex_20240424051429_479e6808-2f92-48a6-9fc5-13f168764060 LockResponse(lockid:2, state:ACQUIRED)
2024-04-24T05:14:29,593  INFO [main] ql.Driver: Operation CREATETABLE obtained 1 locks
2024-04-24T05:14:29,593  INFO [main] ql.Driver: Executing command(queryId=alex_20240424051429_479e6808-2f92-48a6-9fc5-13f168764060): create table acidTblPart(a int, b int) partitioned by (p string) clustered by (a) into 2 buckets stored as orc TBLPROPERTIES ('transactional'='true')
2024-04-24T05:14:29,593  INFO [main] ql.Driver: Starting task [Stage-0:DDL] in serial mode
2024-04-24T05:14:29,594  INFO [main] HiveMetaStore.audit: ugi=alex	ip=unknown-ip-addr	cmd=create_table_req: Table(tableName:acidTblPart, dbName:default, owner:alex, createTime:1713960869, lastAccessTime:0, retention:0, sd:StorageDescriptor(cols:[FieldSchema(name:a, type:int, comment:null), FieldSchema(name:b, type:int, comment:null)], location:null, inputFormat:org.apache.hadoop.hive.ql.io.orc.OrcInputFormat, outputFormat:org.apache.hadoop.hive.ql.io.orc.OrcOutputFormat, compressed:false, numBuckets:2, serdeInfo:SerDeInfo(name:null, serializationLib:org.apache.hadoop.hive.ql.io.orc.OrcSerde, parameters:{serialization.format=1}), bucketCols:[a], sortCols:[], parameters:{}, skewedInfo:SkewedInfo(skewedColNames:[], skewedColValues:[], skewedColValueLocationMaps:{}), storedAsSubDirectories:false), partitionKeys:[FieldSchema(name:p, type:string, comment:null)], parameters:{transactional=true, bucketing_version=2}, viewOriginalText:null, viewExpandedText:null, tableType:MANAGED_TABLE, privileges:PrincipalPrivilegeSet(userPrivileges:{alex=[PrivilegeGrantInfo(privilege:INSERT, createTime:-1, grantor:alex, grantorType:USER, grantOption:true), PrivilegeGrantInfo(privilege:SELECT, createTime:-1, grantor:alex, grantorType:USER, grantOption:true), PrivilegeGrantInfo(privilege:UPDATE, createTime:-1, grantor:alex, grantorType:USER, grantOption:true), PrivilegeGrantInfo(privilege:DELETE, createTime:-1, grantor:alex, grantorType:USER, grantOption:true)]}, groupPrivileges:null, rolePrivileges:null), temporary:false, catName:hive, ownerType:USER, writeId:0)	
2024-04-24T05:14:29,599  INFO [main] utils.FileUtils: Creating directory if it doesn't exist: file:/home/alex/Repositories/hive/ql/target/tmp/org.apache.hadoop.hive.ql.TestTxnCommands-1713960750541/warehouse/acidtblpart
2024-04-24T05:14:29,618  INFO [main] metadata.Hive: Dumping metastore api call timing information for : execution phase
2024-04-24T05:14:29,618  INFO [main] metadata.Hive: Total time spent in each metastore function (ms): {createTable_(Table)=24, isCompatibleWith_(Configuration)=0}
2024-04-24T05:14:29,619  INFO [main] ql.Driver: Completed executing command(queryId=alex_20240424051429_479e6808-2f92-48a6-9fc5-13f168764060); Time taken: 0.025 seconds
2024-04-24T05:14:29,619  INFO [main] lockmgr.DbTxnManager: Stopped heartbeat for query: alex_20240424051429_479e6808-2f92-48a6-9fc5-13f168764060
2024-04-24T05:14:29,623  INFO [main] txn.TxnHandler: Expected to move at least one record from txn_components to completed_txn_components when committing txn! txnid:8
2024-04-24T05:14:29,629  INFO [main] txn.TxnHandler: Removed transactions: ([8]) from MIN_HISTORY_LEVEL
2024-04-24T05:14:29,629  WARN [main] txn.CompactionTxnHandler: No compaction queue record found for Compaction type transaction commit. txnId:8
2024-04-24T05:14:29,629  INFO [main] ql.TxnCommandsBaseForTests: Running the query: create table nonAcidOrcTbl(a int, b int) clustered by (a) into 2 buckets stored as orc TBLPROPERTIES ('transactional'='false')
2024-04-24T05:14:29,630  INFO [main] ql.Driver: Compiling command(queryId=alex_20240424051429_5964bd86-51d9-453d-8a38-b478d72aaeba): create table nonAcidOrcTbl(a int, b int) clustered by (a) into 2 buckets stored as orc TBLPROPERTIES ('transactional'='false')
2024-04-24T05:14:29,632  INFO [main] txn.TxnHandler: Added entries to MIN_HISTORY_LEVEL for current txns: ([9]) with min_open_txn: 1
2024-04-24T05:14:29,632  INFO [main] lockmgr.DbTxnManager: Opened txnid:9
2024-04-24T05:14:29,633  INFO [main] parse.CalcitePlanner: Starting caching scope for: 
2024-04-24T05:14:29,633  INFO [main] parse.CalcitePlanner: Starting Semantic Analysis
2024-04-24T05:14:29,635  INFO [main] parse.CalcitePlanner: Creating table default.nonAcidOrcTbl position=13
2024-04-24T05:14:29,635  INFO [main] HiveMetaStore.audit: ugi=alex	ip=unknown-ip-addr	cmd=get_database: default	
2024-04-24T05:14:29,637  INFO [main] parse.CalcitePlanner: Ending caching scope for: 
2024-04-24T05:14:29,637  INFO [main] ql.Driver: Semantic Analysis Completed (retrial = false)
2024-04-24T05:14:29,637  INFO [main] ql.Driver: Created Hive schema: Schema(fieldSchemas:null, properties:null)
2024-04-24T05:14:29,637  INFO [main] metadata.Hive: Dumping metastore api call timing information for : compilation phase
2024-04-24T05:14:29,637  INFO [main] metadata.Hive: Total time spent in each metastore function (ms): {flushCache_()=0, getDatabase_(String)=2, commitTxn_(CommitTxnRequest)=10, getValidTxns_(long)=0, openTxn_(String, TxnType)=2, isCompatibleWith_(Configuration)=1, getValidWriteIds_(List, String)=2}
2024-04-24T05:14:29,637  INFO [main] ql.Driver: Completed compiling command(queryId=alex_20240424051429_5964bd86-51d9-453d-8a38-b478d72aaeba); Time taken: 0.007 seconds
2024-04-24T05:14:29,638  INFO [main] lockmgr.DbTxnManager: Setting lock request transaction to txnid:9 for queryId=alex_20240424051429_5964bd86-51d9-453d-8a38-b478d72aaeba
2024-04-24T05:14:29,638  INFO [main] lockmgr.DbLockManager: Requesting lock for queryId=alex_20240424051429_5964bd86-51d9-453d-8a38-b478d72aaeba
2024-04-24T05:14:29,653  INFO [main] lockmgr.DbLockManager: Response to queryId=alex_20240424051429_5964bd86-51d9-453d-8a38-b478d72aaeba LockResponse(lockid:3, state:ACQUIRED)
2024-04-24T05:14:29,653  INFO [main] ql.Driver: Operation CREATETABLE obtained 1 locks
2024-04-24T05:14:29,653  INFO [main] ql.Driver: Executing command(queryId=alex_20240424051429_5964bd86-51d9-453d-8a38-b478d72aaeba): create table nonAcidOrcTbl(a int, b int) clustered by (a) into 2 buckets stored as orc TBLPROPERTIES ('transactional'='false')
2024-04-24T05:14:29,653  INFO [main] ql.Driver: Starting task [Stage-0:DDL] in serial mode
2024-04-24T05:14:29,654  INFO [main] HiveMetaStore.audit: ugi=alex	ip=unknown-ip-addr	cmd=create_table_req: Table(tableName:nonAcidOrcTbl, dbName:default, owner:alex, createTime:1713960869, lastAccessTime:0, retention:0, sd:StorageDescriptor(cols:[FieldSchema(name:a, type:int, comment:null), FieldSchema(name:b, type:int, comment:null)], location:null, inputFormat:org.apache.hadoop.hive.ql.io.orc.OrcInputFormat, outputFormat:org.apache.hadoop.hive.ql.io.orc.OrcOutputFormat, compressed:false, numBuckets:2, serdeInfo:SerDeInfo(name:null, serializationLib:org.apache.hadoop.hive.ql.io.orc.OrcSerde, parameters:{serialization.format=1}), bucketCols:[a], sortCols:[], parameters:{}, skewedInfo:SkewedInfo(skewedColNames:[], skewedColValues:[], skewedColValueLocationMaps:{}), storedAsSubDirectories:false), partitionKeys:[], parameters:{numFilesErasureCoded=0, bucketing_version=2, COLUMN_STATS_ACCURATE={"BASIC_STATS":"true","COLUMN_STATS":{"a":"true","b":"true"}}, totalSize=0, numFiles=0, numRows=0, transactional=false, rawDataSize=0}, viewOriginalText:null, viewExpandedText:null, tableType:MANAGED_TABLE, privileges:PrincipalPrivilegeSet(userPrivileges:{alex=[PrivilegeGrantInfo(privilege:INSERT, createTime:-1, grantor:alex, grantorType:USER, grantOption:true), PrivilegeGrantInfo(privilege:SELECT, createTime:-1, grantor:alex, grantorType:USER, grantOption:true), PrivilegeGrantInfo(privilege:UPDATE, createTime:-1, grantor:alex, grantorType:USER, grantOption:true), PrivilegeGrantInfo(privilege:DELETE, createTime:-1, grantor:alex, grantorType:USER, grantOption:true)]}, groupPrivileges:null, rolePrivileges:null), temporary:false, catName:hive, ownerType:USER)	
2024-04-24T05:14:29,660  INFO [main] utils.FileUtils: Creating directory if it doesn't exist: file:/home/alex/Repositories/hive/ql/target/tmp/org.apache.hadoop.hive.ql.TestTxnCommands-1713960750541/warehouse/nonacidorctbl
2024-04-24T05:14:29,675  INFO [main] metadata.Hive: Dumping metastore api call timing information for : execution phase
2024-04-24T05:14:29,675  INFO [main] metadata.Hive: Total time spent in each metastore function (ms): {isCompatibleWith_(Configuration)=0, createTable_(Table)=20}
2024-04-24T05:14:29,675  INFO [main] ql.Driver: Completed executing command(queryId=alex_20240424051429_5964bd86-51d9-453d-8a38-b478d72aaeba); Time taken: 0.022 seconds
2024-04-24T05:14:29,675  INFO [main] lockmgr.DbTxnManager: Stopped heartbeat for query: alex_20240424051429_5964bd86-51d9-453d-8a38-b478d72aaeba
2024-04-24T05:14:29,679  INFO [main] txn.TxnHandler: Expected to move at least one record from txn_components to completed_txn_components when committing txn! txnid:9
2024-04-24T05:14:29,686  INFO [main] txn.TxnHandler: Removed transactions: ([9]) from MIN_HISTORY_LEVEL
2024-04-24T05:14:29,686  WARN [main] txn.CompactionTxnHandler: No compaction queue record found for Compaction type transaction commit. txnId:9
2024-04-24T05:14:29,687  INFO [main] ql.TxnCommandsBaseForTests: Running the query: create table nonAcidOrcTbl2(a int, b int) clustered by (a) into 2 buckets stored as orc TBLPROPERTIES ('transactional'='false')
2024-04-24T05:14:29,687  INFO [main] ql.Driver: Compiling command(queryId=alex_20240424051429_268ad385-b728-4c95-b623-c51197fc5b07): create table nonAcidOrcTbl2(a int, b int) clustered by (a) into 2 buckets stored as orc TBLPROPERTIES ('transactional'='false')
2024-04-24T05:14:29,690  INFO [main] txn.TxnHandler: Added entries to MIN_HISTORY_LEVEL for current txns: ([10]) with min_open_txn: 1
2024-04-24T05:14:29,690  INFO [main] lockmgr.DbTxnManager: Opened txnid:10
2024-04-24T05:14:29,690  INFO [main] parse.CalcitePlanner: Starting caching scope for: 
2024-04-24T05:14:29,690  INFO [main] parse.CalcitePlanner: Starting Semantic Analysis
2024-04-24T05:14:29,693  INFO [main] parse.CalcitePlanner: Creating table default.nonAcidOrcTbl2 position=13
2024-04-24T05:14:29,693  INFO [main] HiveMetaStore.audit: ugi=alex	ip=unknown-ip-addr	cmd=get_database: default	
2024-04-24T05:14:29,695  INFO [main] parse.CalcitePlanner: Ending caching scope for: 
2024-04-24T05:14:29,695  INFO [main] ql.Driver: Semantic Analysis Completed (retrial = false)
2024-04-24T05:14:29,695  INFO [main] ql.Driver: Created Hive schema: Schema(fieldSchemas:null, properties:null)
2024-04-24T05:14:29,695  INFO [main] metadata.Hive: Dumping metastore api call timing information for : compilation phase
2024-04-24T05:14:29,695  INFO [main] metadata.Hive: Total time spent in each metastore function (ms): {commitTxn_(CommitTxnRequest)=12, openTxn_(String, TxnType)=2, getValidWriteIds_(List, String)=2, getDatabase_(String)=2, getValidTxns_(long)=0, flushCache_()=0, isCompatibleWith_(Configuration)=1}
2024-04-24T05:14:29,695  INFO [main] ql.Driver: Completed compiling command(queryId=alex_20240424051429_268ad385-b728-4c95-b623-c51197fc5b07); Time taken: 0.008 seconds
2024-04-24T05:14:29,695  INFO [main] lockmgr.DbTxnManager: Setting lock request transaction to txnid:10 for queryId=alex_20240424051429_268ad385-b728-4c95-b623-c51197fc5b07
2024-04-24T05:14:29,696  INFO [main] lockmgr.DbLockManager: Requesting lock for queryId=alex_20240424051429_268ad385-b728-4c95-b623-c51197fc5b07
2024-04-24T05:14:29,711  INFO [main] lockmgr.DbLockManager: Response to queryId=alex_20240424051429_268ad385-b728-4c95-b623-c51197fc5b07 LockResponse(lockid:4, state:ACQUIRED)
2024-04-24T05:14:29,711  INFO [main] ql.Driver: Operation CREATETABLE obtained 1 locks
2024-04-24T05:14:29,711  INFO [main] ql.Driver: Executing command(queryId=alex_20240424051429_268ad385-b728-4c95-b623-c51197fc5b07): create table nonAcidOrcTbl2(a int, b int) clustered by (a) into 2 buckets stored as orc TBLPROPERTIES ('transactional'='false')
2024-04-24T05:14:29,711  INFO [main] ql.Driver: Starting task [Stage-0:DDL] in serial mode
2024-04-24T05:14:29,712  INFO [main] HiveMetaStore.audit: ugi=alex	ip=unknown-ip-addr	cmd=create_table_req: Table(tableName:nonAcidOrcTbl2, dbName:default, owner:alex, createTime:1713960869, lastAccessTime:0, retention:0, sd:StorageDescriptor(cols:[FieldSchema(name:a, type:int, comment:null), FieldSchema(name:b, type:int, comment:null)], location:null, inputFormat:org.apache.hadoop.hive.ql.io.orc.OrcInputFormat, outputFormat:org.apache.hadoop.hive.ql.io.orc.OrcOutputFormat, compressed:false, numBuckets:2, serdeInfo:SerDeInfo(name:null, serializationLib:org.apache.hadoop.hive.ql.io.orc.OrcSerde, parameters:{serialization.format=1}), bucketCols:[a], sortCols:[], parameters:{}, skewedInfo:SkewedInfo(skewedColNames:[], skewedColValues:[], skewedColValueLocationMaps:{}), storedAsSubDirectories:false), partitionKeys:[], parameters:{totalSize=0, transactional=false, numRows=0, numFiles=0, COLUMN_STATS_ACCURATE={"BASIC_STATS":"true","COLUMN_STATS":{"a":"true","b":"true"}}, bucketing_version=2, numFilesErasureCoded=0, rawDataSize=0}, viewOriginalText:null, viewExpandedText:null, tableType:MANAGED_TABLE, privileges:PrincipalPrivilegeSet(userPrivileges:{alex=[PrivilegeGrantInfo(privilege:INSERT, createTime:-1, grantor:alex, grantorType:USER, grantOption:true), PrivilegeGrantInfo(privilege:SELECT, createTime:-1, grantor:alex, grantorType:USER, grantOption:true), PrivilegeGrantInfo(privilege:UPDATE, createTime:-1, grantor:alex, grantorType:USER, grantOption:true), PrivilegeGrantInfo(privilege:DELETE, createTime:-1, grantor:alex, grantorType:USER, grantOption:true)]}, groupPrivileges:null, rolePrivileges:null), temporary:false, catName:hive, ownerType:USER)	
2024-04-24T05:14:29,717  INFO [main] utils.FileUtils: Creating directory if it doesn't exist: file:/home/alex/Repositories/hive/ql/target/tmp/org.apache.hadoop.hive.ql.TestTxnCommands-1713960750541/warehouse/nonacidorctbl2
2024-04-24T05:14:29,731  INFO [main] metadata.Hive: Dumping metastore api call timing information for : execution phase
2024-04-24T05:14:29,732  INFO [main] metadata.Hive: Total time spent in each metastore function (ms): {createTable_(Table)=19, isCompatibleWith_(Configuration)=0}
2024-04-24T05:14:29,732  INFO [main] ql.Driver: Completed executing command(queryId=alex_20240424051429_268ad385-b728-4c95-b623-c51197fc5b07); Time taken: 0.02 seconds
2024-04-24T05:14:29,732  INFO [main] lockmgr.DbTxnManager: Stopped heartbeat for query: alex_20240424051429_268ad385-b728-4c95-b623-c51197fc5b07
2024-04-24T05:14:29,736  INFO [main] txn.TxnHandler: Expected to move at least one record from txn_components to completed_txn_components when committing txn! txnid:10
2024-04-24T05:14:29,744  INFO [main] txn.TxnHandler: Removed transactions: ([10]) from MIN_HISTORY_LEVEL
2024-04-24T05:14:29,744  WARN [main] txn.CompactionTxnHandler: No compaction queue record found for Compaction type transaction commit. txnId:10
2024-04-24T05:14:29,744  INFO [main] ql.TxnCommandsBaseForTests: Running the query: create temporary  table acidTbl2(a int, b int, c int) clustered by (c) into 2 buckets stored as orc TBLPROPERTIES ('transactional'='true')
2024-04-24T05:14:29,744  INFO [main] ql.Driver: Compiling command(queryId=alex_20240424051429_c8520340-1e01-4ef5-86bd-0afc1463f883): create temporary  table acidTbl2(a int, b int, c int) clustered by (c) into 2 buckets stored as orc TBLPROPERTIES ('transactional'='true')
2024-04-24T05:14:29,747  INFO [main] txn.TxnHandler: Added entries to MIN_HISTORY_LEVEL for current txns: ([11]) with min_open_txn: 1
2024-04-24T05:14:29,747  INFO [main] lockmgr.DbTxnManager: Opened txnid:11
2024-04-24T05:14:29,747  INFO [main] parse.CalcitePlanner: Starting caching scope for: 
2024-04-24T05:14:29,748  INFO [main] parse.CalcitePlanner: Starting Semantic Analysis
2024-04-24T05:14:29,750  INFO [main] parse.CalcitePlanner: Creating table default.acidTbl2 position=24
2024-04-24T05:14:29,750  INFO [main] HiveMetaStore.audit: ugi=alex	ip=unknown-ip-addr	cmd=get_database: default	
2024-04-24T05:14:29,752  INFO [main] parse.CalcitePlanner: Ending caching scope for: 
2024-04-24T05:14:29,752  INFO [main] ql.Driver: Semantic Analysis Completed (retrial = false)
2024-04-24T05:14:29,752  INFO [main] ql.Driver: Created Hive schema: Schema(fieldSchemas:null, properties:null)
2024-04-24T05:14:29,752  INFO [main] metadata.Hive: Dumping metastore api call timing information for : compilation phase
2024-04-24T05:14:29,752  INFO [main] metadata.Hive: Total time spent in each metastore function (ms): {flushCache_()=0, commitTxn_(CommitTxnRequest)=12, getValidTxns_(long)=0, isCompatibleWith_(Configuration)=0, getDatabase_(String)=2, getValidWriteIds_(List, String)=2, openTxn_(String, TxnType)=2}
2024-04-24T05:14:29,752  INFO [main] ql.Driver: Completed compiling command(queryId=alex_20240424051429_c8520340-1e01-4ef5-86bd-0afc1463f883); Time taken: 0.008 seconds
2024-04-24T05:14:29,753  INFO [main] lockmgr.DbTxnManager: Setting lock request transaction to txnid:11 for queryId=alex_20240424051429_c8520340-1e01-4ef5-86bd-0afc1463f883
2024-04-24T05:14:29,753  INFO [main] lockmgr.DbLockManager: Requesting lock for queryId=alex_20240424051429_c8520340-1e01-4ef5-86bd-0afc1463f883
2024-04-24T05:14:29,769  INFO [main] lockmgr.DbLockManager: Response to queryId=alex_20240424051429_c8520340-1e01-4ef5-86bd-0afc1463f883 LockResponse(lockid:5, state:ACQUIRED)
2024-04-24T05:14:29,769  INFO [main] ql.Driver: Operation CREATETABLE obtained 1 locks
2024-04-24T05:14:29,769  INFO [main] ql.Driver: Executing command(queryId=alex_20240424051429_c8520340-1e01-4ef5-86bd-0afc1463f883): create temporary  table acidTbl2(a int, b int, c int) clustered by (c) into 2 buckets stored as orc TBLPROPERTIES ('transactional'='true')
2024-04-24T05:14:29,769  INFO [main] ql.Driver: Starting task [Stage-0:DDL] in serial mode
2024-04-24T05:14:29,770  INFO [main] utils.FileUtils: Creating directory if it doesn't exist: file:/home/alex/Repositories/hive/ql/target/tmp/scratchdir/alex/580f32a5-6706-414f-9191-091360208307/_tmp_space.db/6daf0bfb-a29d-4004-ba5f-68ac24a46302
2024-04-24T05:14:29,773  INFO [main] metadata.Hive: Dumping metastore api call timing information for : execution phase
2024-04-24T05:14:29,773  INFO [main] metadata.Hive: Total time spent in each metastore function (ms): {isCompatibleWith_(Configuration)=0, createTable_(Table)=3}
2024-04-24T05:14:29,773  INFO [main] ql.Driver: Completed executing command(queryId=alex_20240424051429_c8520340-1e01-4ef5-86bd-0afc1463f883); Time taken: 0.004 seconds
2024-04-24T05:14:29,773  INFO [main] lockmgr.DbTxnManager: Stopped heartbeat for query: alex_20240424051429_c8520340-1e01-4ef5-86bd-0afc1463f883
2024-04-24T05:14:29,778  INFO [main] txn.TxnHandler: Expected to move at least one record from txn_components to completed_txn_components when committing txn! txnid:11
2024-04-24T05:14:29,786  INFO [main] txn.TxnHandler: Removed transactions: ([11]) from MIN_HISTORY_LEVEL
2024-04-24T05:14:29,786  WARN [main] txn.CompactionTxnHandler: No compaction queue record found for Compaction type transaction commit. txnId:11
2024-04-24T05:14:29,786  INFO [main] ql.TxnCommandsBaseForTests: Running the query: create table nonAcidNonBucket(a int, b int) stored as orc TBLPROPERTIES ('transactional'='false')
2024-04-24T05:14:29,786  INFO [main] ql.Driver: Compiling command(queryId=alex_20240424051429_6ebdbc42-bf09-454d-8da8-2ea3118f1eb1): create table nonAcidNonBucket(a int, b int) stored as orc TBLPROPERTIES ('transactional'='false')
2024-04-24T05:14:29,789  INFO [main] txn.TxnHandler: Added entries to MIN_HISTORY_LEVEL for current txns: ([12]) with min_open_txn: 1
2024-04-24T05:14:29,789  INFO [main] lockmgr.DbTxnManager: Opened txnid:12
2024-04-24T05:14:29,790  INFO [main] parse.CalcitePlanner: Starting caching scope for: 
2024-04-24T05:14:29,790  INFO [main] parse.CalcitePlanner: Starting Semantic Analysis
2024-04-24T05:14:29,792  INFO [main] parse.CalcitePlanner: Creating table default.nonAcidNonBucket position=13
2024-04-24T05:14:29,792  INFO [main] HiveMetaStore.audit: ugi=alex	ip=unknown-ip-addr	cmd=get_database: default	
2024-04-24T05:14:29,794  INFO [main] parse.CalcitePlanner: Ending caching scope for: 
2024-04-24T05:14:29,794  INFO [main] ql.Driver: Semantic Analysis Completed (retrial = false)
2024-04-24T05:14:29,794  INFO [main] ql.Driver: Created Hive schema: Schema(fieldSchemas:null, properties:null)
2024-04-24T05:14:29,794  INFO [main] metadata.Hive: Dumping metastore api call timing information for : compilation phase
2024-04-24T05:14:29,794  INFO [main] metadata.Hive: Total time spent in each metastore function (ms): {commitTxn_(CommitTxnRequest)=12, getValidWriteIds_(List, String)=2, getDatabase_(String)=2, openTxn_(String, TxnType)=2, flushCache_()=0, isCompatibleWith_(Configuration)=1, getValidTxns_(long)=1}
2024-04-24T05:14:29,794  INFO [main] ql.Driver: Completed compiling command(queryId=alex_20240424051429_6ebdbc42-bf09-454d-8da8-2ea3118f1eb1); Time taken: 0.008 seconds
2024-04-24T05:14:29,795  INFO [main] lockmgr.DbTxnManager: Setting lock request transaction to txnid:12 for queryId=alex_20240424051429_6ebdbc42-bf09-454d-8da8-2ea3118f1eb1
2024-04-24T05:14:29,795  INFO [main] lockmgr.DbLockManager: Requesting lock for queryId=alex_20240424051429_6ebdbc42-bf09-454d-8da8-2ea3118f1eb1
2024-04-24T05:14:29,811  INFO [main] lockmgr.DbLockManager: Response to queryId=alex_20240424051429_6ebdbc42-bf09-454d-8da8-2ea3118f1eb1 LockResponse(lockid:6, state:ACQUIRED)
2024-04-24T05:14:29,811  INFO [main] ql.Driver: Operation CREATETABLE obtained 1 locks
2024-04-24T05:14:29,811  INFO [main] ql.Driver: Executing command(queryId=alex_20240424051429_6ebdbc42-bf09-454d-8da8-2ea3118f1eb1): create table nonAcidNonBucket(a int, b int) stored as orc TBLPROPERTIES ('transactional'='false')
2024-04-24T05:14:29,811  INFO [main] ql.Driver: Starting task [Stage-0:DDL] in serial mode
2024-04-24T05:14:29,812  INFO [main] HiveMetaStore.audit: ugi=alex	ip=unknown-ip-addr	cmd=create_table_req: Table(tableName:nonAcidNonBucket, dbName:default, owner:alex, createTime:1713960869, lastAccessTime:0, retention:0, sd:StorageDescriptor(cols:[FieldSchema(name:a, type:int, comment:null), FieldSchema(name:b, type:int, comment:null)], location:null, inputFormat:org.apache.hadoop.hive.ql.io.orc.OrcInputFormat, outputFormat:org.apache.hadoop.hive.ql.io.orc.OrcOutputFormat, compressed:false, numBuckets:-1, serdeInfo:SerDeInfo(name:null, serializationLib:org.apache.hadoop.hive.ql.io.orc.OrcSerde, parameters:{serialization.format=1}), bucketCols:[], sortCols:[], parameters:{}, skewedInfo:SkewedInfo(skewedColNames:[], skewedColValues:[], skewedColValueLocationMaps:{}), storedAsSubDirectories:false), partitionKeys:[], parameters:{transactional=false, COLUMN_STATS_ACCURATE={"BASIC_STATS":"true","COLUMN_STATS":{"a":"true","b":"true"}}, numFilesErasureCoded=0, bucketing_version=2, numRows=0, numFiles=0, rawDataSize=0, totalSize=0}, viewOriginalText:null, viewExpandedText:null, tableType:MANAGED_TABLE, privileges:PrincipalPrivilegeSet(userPrivileges:{alex=[PrivilegeGrantInfo(privilege:INSERT, createTime:-1, grantor:alex, grantorType:USER, grantOption:true), PrivilegeGrantInfo(privilege:SELECT, createTime:-1, grantor:alex, grantorType:USER, grantOption:true), PrivilegeGrantInfo(privilege:UPDATE, createTime:-1, grantor:alex, grantorType:USER, grantOption:true), PrivilegeGrantInfo(privilege:DELETE, createTime:-1, grantor:alex, grantorType:USER, grantOption:true)]}, groupPrivileges:null, rolePrivileges:null), temporary:false, catName:hive, ownerType:USER)	
2024-04-24T05:14:29,817  INFO [main] utils.FileUtils: Creating directory if it doesn't exist: file:/home/alex/Repositories/hive/ql/target/tmp/org.apache.hadoop.hive.ql.TestTxnCommands-1713960750541/warehouse/nonacidnonbucket
2024-04-24T05:14:29,831  INFO [main] metadata.Hive: Dumping metastore api call timing information for : execution phase
2024-04-24T05:14:29,831  INFO [main] metadata.Hive: Total time spent in each metastore function (ms): {createTable_(Table)=19, isCompatibleWith_(Configuration)=0}
2024-04-24T05:14:29,832  INFO [main] ql.Driver: Completed executing command(queryId=alex_20240424051429_6ebdbc42-bf09-454d-8da8-2ea3118f1eb1); Time taken: 0.02 seconds
2024-04-24T05:14:29,832  INFO [main] lockmgr.DbTxnManager: Stopped heartbeat for query: alex_20240424051429_6ebdbc42-bf09-454d-8da8-2ea3118f1eb1
2024-04-24T05:14:29,836  INFO [main] txn.TxnHandler: Expected to move at least one record from txn_components to completed_txn_components when committing txn! txnid:12
2024-04-24T05:14:29,842  INFO [main] txn.TxnHandler: Removed transactions: ([12]) from MIN_HISTORY_LEVEL
2024-04-24T05:14:29,842  WARN [main] txn.CompactionTxnHandler: No compaction queue record found for Compaction type transaction commit. txnId:12
2024-04-24T05:14:29,843  INFO [main] ql.TxnCommandsBaseForTests: Running the query: START TRANSACTION
2024-04-24T05:14:29,843  INFO [main] ql.Driver: Compiling command(queryId=alex_20240424051429_b8d57bd4-5cb0-457b-984c-e6619e726a67): START TRANSACTION
2024-04-24T05:14:29,845  INFO [main] txn.TxnHandler: Added entries to MIN_HISTORY_LEVEL for current txns: ([13]) with min_open_txn: 1
2024-04-24T05:14:29,845  INFO [main] lockmgr.DbTxnManager: Opened txnid:13
2024-04-24T05:14:29,846  INFO [main] parse.CalcitePlanner: Starting caching scope for: 
2024-04-24T05:14:29,846  INFO [main] parse.CalcitePlanner: Starting Semantic Analysis
2024-04-24T05:14:29,846  INFO [main] parse.CalcitePlanner: Ending caching scope for: 
2024-04-24T05:14:29,846  INFO [main] ql.Driver: Semantic Analysis Completed (retrial = false)
2024-04-24T05:14:29,846  INFO [main] ql.Driver: Created Hive schema: Schema(fieldSchemas:null, properties:null)
2024-04-24T05:14:29,846  INFO [main] metadata.Hive: Dumping metastore api call timing information for : compilation phase
2024-04-24T05:14:29,846  INFO [main] metadata.Hive: Total time spent in each metastore function (ms): {getValidWriteIds_(List, String)=0, isCompatibleWith_(Configuration)=0, commitTxn_(CommitTxnRequest)=11, getValidTxns_(long)=1, flushCache_()=0, openTxn_(String, TxnType)=2}
2024-04-24T05:14:29,846  INFO [main] ql.Driver: Completed compiling command(queryId=alex_20240424051429_b8d57bd4-5cb0-457b-984c-e6619e726a67); Time taken: 0.003 seconds
2024-04-24T05:14:29,846  INFO [main] lockmgr.DbTxnManager: Setting lock request transaction to txnid:13 for queryId=alex_20240424051429_b8d57bd4-5cb0-457b-984c-e6619e726a67
2024-04-24T05:14:29,846  INFO [main] ql.Driver: Operation START_TRANSACTION obtained 0 locks
2024-04-24T05:14:29,847  INFO [main] ql.Driver: Executing command(queryId=alex_20240424051429_b8d57bd4-5cb0-457b-984c-e6619e726a67): START TRANSACTION
2024-04-24T05:14:29,847  INFO [main] metadata.Hive: Dumping metastore api call timing information for : execution phase
2024-04-24T05:14:29,847  INFO [main] metadata.Hive: Total time spent in each metastore function (ms): {}
2024-04-24T05:14:29,847  INFO [main] ql.Driver: Completed executing command(queryId=alex_20240424051429_b8d57bd4-5cb0-457b-984c-e6619e726a67); Time taken: 0.0 seconds
2024-04-24T05:14:29,847  INFO [main] ql.TxnCommandsBaseForTests: Running the query: insert into acidTbl(a,b)  values(1,2),(3,4)
2024-04-24T05:14:29,847  INFO [main] ql.Driver: Compiling command(queryId=alex_20240424051429_8eca220d-0b81-4073-9239-78852fef4da2): insert into acidTbl(a,b)  values(1,2),(3,4)
2024-04-24T05:14:29,848  INFO [main] parse.CalcitePlanner: Starting caching scope for: 
2024-04-24T05:14:29,848  INFO [main] parse.CalcitePlanner: Starting Semantic Analysis
2024-04-24T05:14:29,852  INFO [main] HiveMetaStore.audit: ugi=alex	ip=unknown-ip-addr	cmd=get_table : tbl=hive.default.acidTbl	
2024-04-24T05:14:29,873  INFO [main] metastore.HMSHandler: Skipping translation for processor with null
2024-04-24T05:14:29,873  INFO [main] parse.CalcitePlanner: Completed phase 1 of Semantic Analysis
2024-04-24T05:14:29,874  INFO [main] parse.CalcitePlanner: Get metadata for source tables
2024-04-24T05:14:29,874  INFO [main] parse.CalcitePlanner: Get metadata for subqueries
2024-04-24T05:14:29,874  INFO [main] parse.CalcitePlanner: Get metadata for destination tables
2024-04-24T05:14:29,874  INFO [main] HiveMetaStore.audit: ugi=alex	ip=unknown-ip-addr	cmd=get_table : tbl=hive.default.acidTbl	
2024-04-24T05:14:29,880  INFO [main] metastore.HMSHandler: Skipping translation for processor with null
2024-04-24T05:14:29,880  INFO [main] parse.CalcitePlanner: Completed getting MetaData in Semantic Analysis
2024-04-24T05:14:29,880  INFO [main] parse.CalcitePlanner: Disabling LLAP IO encode as ETL query is detected
2024-04-24T05:14:29,901  INFO [main] HiveMetaStore.audit: ugi=alex	ip=unknown-ip-addr	cmd=get_all_table_constraints : tbl=hive._dummy_database._dummy_table	
2024-04-24T05:14:29,972  INFO [main] parse.CalcitePlanner: Get metadata for source tables
2024-04-24T05:14:29,972  INFO [main] parse.CalcitePlanner: Get metadata for subqueries
2024-04-24T05:14:29,972  INFO [main] parse.CalcitePlanner: Get metadata for source tables
2024-04-24T05:14:29,972  INFO [main] HiveMetaStore.audit: ugi=alex	ip=unknown-ip-addr	cmd=get_table : tbl=hive._dummy_database._dummy_table	
2024-04-24T05:14:29,975  INFO [main] parse.CalcitePlanner: Get metadata for subqueries
2024-04-24T05:14:29,975  INFO [main] parse.CalcitePlanner: Get metadata for destination tables
2024-04-24T05:14:29,975  INFO [main] parse.CalcitePlanner: Get metadata for destination tables
2024-04-24T05:14:29,975  INFO [main] HiveMetaStore.audit: ugi=alex	ip=unknown-ip-addr	cmd=get_table : tbl=hive.default.acidTbl	
2024-04-24T05:14:29,982  INFO [main] metastore.HMSHandler: Skipping translation for processor with null
2024-04-24T05:14:29,983  INFO [main] HiveMetaStore.audit: ugi=alex	ip=unknown-ip-addr	cmd=get_not_null_constraints : tbl=hive.default.acidtbl	
2024-04-24T05:14:29,985  INFO [main] HiveMetaStore.audit: ugi=alex	ip=unknown-ip-addr	cmd=get_check_constraints : tbl=hive.default.acidtbl	
2024-04-24T05:14:29,995  INFO [main] txn.TxnHandler: Allocated writeId: 1 for txnId: 13
2024-04-24T05:14:29,995  INFO [main] txn.TxnHandler: Allocated write ids for dbName=default, tblName=acidtbl (txnIds: [13])
2024-04-24T05:14:29,996  INFO [main] parse.CalcitePlanner: CBO Succeeded; optimized logical plan.
2024-04-24T05:14:29,999  INFO [main] optimizer.ColumnPrunerProcFactory: RS 4 oldColExprMap: {VALUE._col0=Column[_col1], KEY.reducesinkkey0=Column[_col0]}
2024-04-24T05:14:30,000  INFO [main] optimizer.ColumnPrunerProcFactory: RS 4 newColExprMap: {KEY.reducesinkkey0=Column[_col0], VALUE._col0=Column[_col1]}
2024-04-24T05:14:30,000  INFO [main] optimizer.BucketVersionPopulator: not considering bucketingVersion for: TS[0] because it has -1<2 buckets 
2024-04-24T05:14:30,001  INFO [main] optimizer.SortedDynPartitionOptimizer: Sorted dynamic partitioning optimization kicked in..
2024-04-24T05:14:30,009  INFO [main] HiveMetaStore.audit: ugi=alex	ip=unknown-ip-addr	cmd=get_table : tbl=hive.default.acidtbl	
2024-04-24T05:14:30,017  INFO [main] metastore.HMSHandler: Skipping translation for processor with null
2024-04-24T05:14:30,017  INFO [main] physical.Vectorizer: Examining input format to see if vectorization is enabled.
2024-04-24T05:14:30,018  INFO [main] physical.Vectorizer: Map vectorization enabled: false
2024-04-24T05:14:30,018  INFO [main] physical.Vectorizer: Map vectorized: false
2024-04-24T05:14:30,018  INFO [main] physical.Vectorizer: Map vectorizedVertexNum: 0
2024-04-24T05:14:30,018  INFO [main] physical.Vectorizer: Map enabledConditionsMet: [hive.vectorized.use.vectorized.input.format IS true]
2024-04-24T05:14:30,018  INFO [main] physical.Vectorizer: Map enabledConditionsNotMet: [Could not enable vectorization due to partition column names size 1 is greater than the number of table column names size 0 IS false]
2024-04-24T05:14:30,018  INFO [main] physical.Vectorizer: Map inputFileFormatClassNameSet: [org.apache.hadoop.hive.ql.io.NullRowsInputFormat]
2024-04-24T05:14:30,018  INFO [main] physical.Vectorizer: Reduce vectorization enabled: false
2024-04-24T05:14:30,018  INFO [main] physical.Vectorizer: Reduce vectorized: false
2024-04-24T05:14:30,018  INFO [main] physical.Vectorizer: Reduce vectorizedVertexNum: 1
2024-04-24T05:14:30,018  INFO [main] physical.Vectorizer: Reducer hive.vectorized.execution.reduce.enabled: true
2024-04-24T05:14:30,018  INFO [main] physical.Vectorizer: Reducer engine: mr
2024-04-24T05:14:30,018  INFO [main] parse.CalcitePlanner: Completed plan generation
2024-04-24T05:14:30,018  INFO [main] parse.CalcitePlanner: Ending caching scope for: 
2024-04-24T05:14:30,018  INFO [main] ql.Driver: Semantic Analysis Completed (retrial = false)
2024-04-24T05:14:30,018  INFO [main] ql.Driver: Created Hive schema: Schema(fieldSchemas:[FieldSchema(name:_col0, type:int, comment:null), FieldSchema(name:_col1, type:int, comment:null)], properties:null)
2024-04-24T05:14:30,018  INFO [main] metadata.Hive: Dumping metastore api call timing information for : compilation phase
2024-04-24T05:14:30,018  INFO [main] metadata.Hive: Total time spent in each metastore function (ms): {flushCache_()=0, allocateTableWriteId_(long, String, String)=10, getTable_(GetTableRequest)=42, getNotNullConstraints_(NotNullConstraintsRequest)=2, isCompatibleWith_(Configuration)=0, getCheckConstraints_(CheckConstraintsRequest)=1, getAllTableConstraints_(AllTableConstraintsRequest)=25, getValidWriteIds_(List, String)=5}
2024-04-24T05:14:30,018  INFO [main] ql.Driver: Completed compiling command(queryId=alex_20240424051429_8eca220d-0b81-4073-9239-78852fef4da2); Time taken: 0.171 seconds
2024-04-24T05:14:30,019  INFO [main] lockmgr.DbTxnManager: Setting lock request transaction to txnid:13 for queryId=alex_20240424051429_8eca220d-0b81-4073-9239-78852fef4da2
2024-04-24T05:14:30,019  INFO [main] lockmgr.DbLockManager: Requesting lock for queryId=alex_20240424051429_8eca220d-0b81-4073-9239-78852fef4da2
2024-04-24T05:14:30,042  INFO [main] lockmgr.DbLockManager: Response to queryId=alex_20240424051429_8eca220d-0b81-4073-9239-78852fef4da2 LockResponse(lockid:7, state:ACQUIRED)
2024-04-24T05:14:30,042  INFO [main] ql.Driver: Operation QUERY obtained 1 locks
2024-04-24T05:14:30,044  INFO [main] ql.Driver: Executing command(queryId=alex_20240424051429_8eca220d-0b81-4073-9239-78852fef4da2): insert into acidTbl(a,b)  values(1,2),(3,4)
2024-04-24T05:14:30,045  WARN [main] ql.Driver: Hive-on-MR is deprecated in Hive 2 and may not be available in the future versions. Consider using a different execution engine (i.e. tez, spark) or using Hive 1.X releases.
Query ID = alex_20240424051429_8eca220d-0b81-4073-9239-78852fef4da2
2024-04-24T05:14:30,045  INFO [main] ql.Driver: Query ID = alex_20240424051429_8eca220d-0b81-4073-9239-78852fef4da2
Total jobs = 1
2024-04-24T05:14:30,045  INFO [main] ql.Driver: Total jobs = 1
Launching Job 1 out of 1
2024-04-24T05:14:30,045  INFO [main] ql.Driver: Launching Job 1 out of 1
2024-04-24T05:14:30,187  INFO [main] ql.Driver: Starting task [Stage-1:MAPRED] in serial mode
Number of reduce tasks determined at compile time: 2
2024-04-24T05:14:30,187  INFO [main] exec.Task: Number of reduce tasks determined at compile time: 2
In order to change the average load for a reducer (in bytes):
2024-04-24T05:14:30,187  INFO [main] exec.Task: In order to change the average load for a reducer (in bytes):
  set hive.exec.reducers.bytes.per.reducer=<number>
2024-04-24T05:14:30,187  INFO [main] exec.Task:   set hive.exec.reducers.bytes.per.reducer=<number>
In order to limit the maximum number of reducers:
2024-04-24T05:14:30,187  INFO [main] exec.Task: In order to limit the maximum number of reducers:
  set hive.exec.reducers.max=<number>
2024-04-24T05:14:30,187  INFO [main] exec.Task:   set hive.exec.reducers.max=<number>
In order to set a constant number of reducers:
2024-04-24T05:14:30,187  INFO [main] exec.Task: In order to set a constant number of reducers:
  set mapreduce.job.reduces=<number>
2024-04-24T05:14:30,187  INFO [main] exec.Task:   set mapreduce.job.reduces=<number>
2024-04-24T05:14:30,189  INFO [main] mr.ExecDriver: Using org.apache.hadoop.hive.ql.io.HiveInputFormat
2024-04-24T05:14:30,190  INFO [main] exec.Utilities: Processing alias $hdt$_0:_dummy_table
2024-04-24T05:14:30,190  INFO [main] exec.Utilities: Adding 1 inputs; the first input is file:/home/alex/Repositories/hive/ql/target/tmp/localscratchdir/580f32a5-6706-414f-9191-091360208307/hive_2024-04-24_05-14-29_847_8068197295981008478-1/dummy_path
2024-04-24T05:14:30,198  INFO [main] exec.SerializationUtilities: Serializing MapWork using kryo
2024-04-24T05:14:30,199  INFO [main] exec.Utilities: Serialized plan (via FILE) - name: null size: 5,29KB
2024-04-24T05:14:30,204  INFO [main] exec.SerializationUtilities: Serializing ReduceWork using kryo
2024-04-24T05:14:30,204  INFO [main] exec.Utilities: Serialized plan (via FILE) - name: null size: 5,92KB
2024-04-24T05:14:30,205  WARN [main] impl.MetricsSystemImpl: JobTracker metrics system already initialized!
2024-04-24T05:14:30,208  INFO [main] fs.FSStatsPublisher: created : file:/home/alex/Repositories/hive/ql/target/tmp/localscratchdir/580f32a5-6706-414f-9191-091360208307/hive_2024-04-24_05-14-29_847_8068197295981008478-1/-mr-10000
2024-04-24T05:14:30,210  WARN [main] impl.MetricsSystemImpl: JobTracker metrics system already initialized!
2024-04-24T05:14:30,217  WARN [main] mapreduce.JobResourceUploader: Hadoop command-line option parsing not performed. Implement the Tool interface and execute your application with ToolRunner to remedy this.
2024-04-24T05:14:30,221  WARN [main] mapreduce.JobResourceUploader: No job jar file set.  User classes may not be found. See Job or Job#setJar(String).
2024-04-24T05:14:30,222  INFO [main] io.HiveInputFormat: hive.io.file.readcolumn.ids = 
2024-04-24T05:14:30,222  INFO [main] io.HiveInputFormat: hive.io.file.readcolumn.names = 
2024-04-24T05:14:30,222  INFO [main] io.HiveInputFormat: Generating splits for dirs: file:/home/alex/Repositories/hive/ql/target/tmp/localscratchdir/580f32a5-6706-414f-9191-091360208307/hive_2024-04-24_05-14-29_847_8068197295981008478-1/dummy_path
2024-04-24T05:14:30,222  INFO [main] io.HiveInputFormat: number of splits 1
2024-04-24T05:14:30,239  INFO [main] mapreduce.JobSubmitter: number of splits:1
2024-04-24T05:14:30,256  INFO [main] mapreduce.JobSubmitter: Submitting tokens for job: job_local661808468_0042
2024-04-24T05:14:30,256  INFO [main] mapreduce.JobSubmitter: Executing with tokens: []
2024-04-24T05:14:30,315  INFO [main] mapreduce.Job: The url to track the job: http://localhost:8080/
Job running in-process (local Hadoop)
2024-04-24T05:14:30,316  INFO [main] exec.Task: Job running in-process (local Hadoop)
2024-04-24T05:14:30,316  INFO [Thread-3501] mapred.LocalJobRunner: OutputCommitter set in config org.apache.hadoop.hive.ql.io.HiveFileFormatUtils$NullOutputCommitter
2024-04-24T05:14:30,316  INFO [Thread-3501] mapred.LocalJobRunner: OutputCommitter is org.apache.hadoop.hive.ql.io.HiveFileFormatUtils$NullOutputCommitter
2024-04-24T05:14:30,318  INFO [Thread-3501] mapred.LocalJobRunner: Waiting for map tasks
2024-04-24T05:14:30,318  INFO [LocalJobRunner Map Task Executor #0] mapred.LocalJobRunner: Starting task: attempt_local661808468_0042_m_000000_0
2024-04-24T05:14:30,321  INFO [LocalJobRunner Map Task Executor #0] mapred.Task:  Using ResourceCalculatorProcessTree : [ ]
2024-04-24T05:14:30,321  INFO [LocalJobRunner Map Task Executor #0] mapred.MapTask: Processing split: org.apache.hadoop.hive.ql.io.NullRowsInputFormat:file:/home/alex/Repositories/hive/ql/target/tmp/localscratchdir/580f32a5-6706-414f-9191-091360208307/hive_2024-04-24_05-14-29_847_8068197295981008478-1/dummy_path/null:0+1
2024-04-24T05:14:30,323  INFO [LocalJobRunner Map Task Executor #0] exec.SerializationUtilities: Deserializing MapWork using kryo
2024-04-24T05:14:30,324  INFO [LocalJobRunner Map Task Executor #0] exec.Utilities: Deserialized plan (via FILE) - name: null size: 5,29KB
2024-04-24T05:14:30,324  INFO [LocalJobRunner Map Task Executor #0] mapred.MapTask: numReduceTasks: 2
2024-04-24T05:14:30,328  INFO [LocalJobRunner Map Task Executor #0] mapred.MapTask: (EQUATOR) 0 kvi 26214396(104857584)
2024-04-24T05:14:30,328  INFO [LocalJobRunner Map Task Executor #0] mapred.MapTask: mapreduce.task.io.sort.mb: 100
2024-04-24T05:14:30,328  INFO [LocalJobRunner Map Task Executor #0] mapred.MapTask: soft limit at 83886080
2024-04-24T05:14:30,328  INFO [LocalJobRunner Map Task Executor #0] mapred.MapTask: bufstart = 0; bufvoid = 104857600
2024-04-24T05:14:30,328  INFO [LocalJobRunner Map Task Executor #0] mapred.MapTask: kvstart = 26214396; length = 6553600
2024-04-24T05:14:30,329  INFO [LocalJobRunner Map Task Executor #0] mapred.MapTask: Map output collector class = org.apache.hadoop.mapred.MapTask$MapOutputBuffer
2024-04-24T05:14:30,329  INFO [LocalJobRunner Map Task Executor #0] exec.MapOperator: Initializing Operator: MAP[0]
2024-04-24T05:14:30,329  INFO [LocalJobRunner Map Task Executor #0] mr.ExecMapper: 
<MAP>Id =0
  <Children>null
  <\Children>
  <Parent><\Parent>
<\MAP>
2024-04-24T05:14:30,330  INFO [LocalJobRunner Map Task Executor #0] exec.TableScanOperator: Initializing Operator: TS[0]
2024-04-24T05:14:30,330  INFO [LocalJobRunner Map Task Executor #0] exec.SelectOperator: Initializing Operator: SEL[1]
2024-04-24T05:14:30,330  INFO [LocalJobRunner Map Task Executor #0] exec.SelectOperator: SELECT null
2024-04-24T05:14:30,330  INFO [LocalJobRunner Map Task Executor #0] exec.UDTFOperator: Initializing Operator: UDTF[2]
2024-04-24T05:14:30,330  INFO [LocalJobRunner Map Task Executor #0] exec.SelectOperator: Initializing Operator: SEL[3]
2024-04-24T05:14:30,330  INFO [LocalJobRunner Map Task Executor #0] exec.SelectOperator: SELECT struct<col1:int,col2:int>
2024-04-24T05:14:30,330  INFO [LocalJobRunner Map Task Executor #0] exec.ReduceSinkOperator: Initializing Operator: RS[4]
2024-04-24T05:14:30,330  INFO [LocalJobRunner Map Task Executor #0] exec.ReduceSinkOperator: Using tag = -1
2024-04-24T05:14:30,331  INFO [LocalJobRunner Map Task Executor #0] exec.ReduceSinkOperator: keys are [reducesinkkey0] num distributions: 1
2024-04-24T05:14:30,331  INFO [LocalJobRunner Map Task Executor #0] exec.ReduceSinkOperator: RS[4]: records written - 1
2024-04-24T05:14:30,331  INFO [LocalJobRunner Map Task Executor #0] exec.MapOperator: MAP[0]: records read - 1
2024-04-24T05:14:30,332  INFO [LocalJobRunner Map Task Executor #0] exec.MapOperator: Closing Operator: MAP[0]
2024-04-24T05:14:30,332  INFO [LocalJobRunner Map Task Executor #0] exec.MapOperator: MAP[0]: Total records read - 3. abort - false
2024-04-24T05:14:30,332  INFO [LocalJobRunner Map Task Executor #0] exec.MapOperator: RECORDS_OUT_INTERMEDIATE:0, DESERIALIZE_ERRORS:0, RECORDS_OUT_OPERATOR_MAP_0:0, RECORDS_IN:3, 
2024-04-24T05:14:30,332  INFO [LocalJobRunner Map Task Executor #0] exec.TableScanOperator: Closing Operator: TS[0]
2024-04-24T05:14:30,332  INFO [LocalJobRunner Map Task Executor #0] exec.TableScanOperator: RECORDS_OUT_INTERMEDIATE:0, RECORDS_OUT_OPERATOR_TS_0:1, 
2024-04-24T05:14:30,332  INFO [LocalJobRunner Map Task Executor #0] exec.SelectOperator: Closing Operator: SEL[1]
2024-04-24T05:14:30,332  INFO [LocalJobRunner Map Task Executor #0] exec.SelectOperator: RECORDS_OUT_OPERATOR_SEL_1:1, RECORDS_OUT_INTERMEDIATE:0, 
2024-04-24T05:14:30,332  INFO [LocalJobRunner Map Task Executor #0] exec.UDTFOperator: Closing Operator: UDTF[2]
2024-04-24T05:14:30,332  INFO [LocalJobRunner Map Task Executor #0] exec.UDTFOperator: RECORDS_OUT_INTERMEDIATE:0, RECORDS_OUT_OPERATOR_UDTF_2:2, 
2024-04-24T05:14:30,332  INFO [LocalJobRunner Map Task Executor #0] exec.SelectOperator: Closing Operator: SEL[3]
2024-04-24T05:14:30,332  INFO [LocalJobRunner Map Task Executor #0] exec.SelectOperator: RECORDS_OUT_INTERMEDIATE:0, RECORDS_OUT_OPERATOR_SEL_3:2, 
2024-04-24T05:14:30,332  INFO [LocalJobRunner Map Task Executor #0] exec.ReduceSinkOperator: Closing Operator: RS[4]
2024-04-24T05:14:30,332  INFO [LocalJobRunner Map Task Executor #0] exec.ReduceSinkOperator: RS[4]: Total records written - 2. abort - false
2024-04-24T05:14:30,332  INFO [LocalJobRunner Map Task Executor #0] exec.ReduceSinkOperator: RECORDS_OUT_OPERATOR_RS_4:2, RECORDS_OUT_INTERMEDIATE:2, 
2024-04-24T05:14:30,335  INFO [LocalJobRunner Map Task Executor #0] mapred.LocalJobRunner: 
2024-04-24T05:14:30,335  INFO [LocalJobRunner Map Task Executor #0] mapred.MapTask: Starting flush of map output
2024-04-24T05:14:30,335  INFO [LocalJobRunner Map Task Executor #0] mapred.MapTask: Spilling map output
2024-04-24T05:14:30,335  INFO [LocalJobRunner Map Task Executor #0] mapred.MapTask: bufstart = 0; bufend = 32; bufvoid = 104857600
2024-04-24T05:14:30,335  INFO [LocalJobRunner Map Task Executor #0] mapred.MapTask: kvstart = 26214396(104857584); kvend = 26214392(104857568); length = 5/6553600
2024-04-24T05:14:30,345  INFO [LocalJobRunner Map Task Executor #0] mapred.MapTask: Finished spill 0
2024-04-24T05:14:30,350  INFO [LocalJobRunner Map Task Executor #0] mapred.Task: Task:attempt_local661808468_0042_m_000000_0 is done. And is in the process of committing
2024-04-24T05:14:30,350  INFO [LocalJobRunner Map Task Executor #0] mapred.LocalJobRunner: map
2024-04-24T05:14:30,350  INFO [LocalJobRunner Map Task Executor #0] mapred.Task: Task 'attempt_local661808468_0042_m_000000_0' done.
2024-04-24T05:14:30,351  INFO [LocalJobRunner Map Task Executor #0] mapred.Task: Final Counters for attempt_local661808468_0042_m_000000_0: Counters: 26
	File System Counters
		FILE: Number of bytes read=953155
		FILE: Number of bytes written=52651909
		FILE: Number of read operations=0
		FILE: Number of large read operations=0
		FILE: Number of write operations=0
	Map-Reduce Framework
		Map input records=4
		Map output records=2
		Map output bytes=32
		Map output materialized bytes=48
		Input split bytes=361
		Combine input records=0
		Spilled Records=2
		Failed Shuffles=0
		Merged Map outputs=0
		GC time elapsed (ms)=0
		Total committed heap usage (bytes)=1241513984
	HIVE
		DESERIALIZE_ERRORS=0
		RECORDS_IN=3
		RECORDS_OUT_INTERMEDIATE=2
		RECORDS_OUT_OPERATOR_MAP_0=0
		RECORDS_OUT_OPERATOR_RS_4=2
		RECORDS_OUT_OPERATOR_SEL_1=1
		RECORDS_OUT_OPERATOR_SEL_3=2
		RECORDS_OUT_OPERATOR_TS_0=1
		RECORDS_OUT_OPERATOR_UDTF_2=2
	File Input Format Counters 
		Bytes Read=5342
2024-04-24T05:14:30,351  INFO [LocalJobRunner Map Task Executor #0] mapred.LocalJobRunner: Finishing task: attempt_local661808468_0042_m_000000_0
2024-04-24T05:14:30,351  INFO [Thread-3501] mapred.LocalJobRunner: map task executor complete.
2024-04-24T05:14:30,352  INFO [Thread-3501] mapred.LocalJobRunner: Waiting for reduce tasks
2024-04-24T05:14:30,352  INFO [pool-205-thread-1] mapred.LocalJobRunner: Starting task: attempt_local661808468_0042_r_000000_0
2024-04-24T05:14:30,354  INFO [pool-205-thread-1] mapred.Task:  Using ResourceCalculatorProcessTree : [ ]
2024-04-24T05:14:30,354  INFO [pool-205-thread-1] mapred.ReduceTask: Using ShuffleConsumerPlugin: org.apache.hadoop.mapreduce.task.reduce.Shuffle@358e6959
2024-04-24T05:14:30,354  WARN [pool-205-thread-1] impl.MetricsSystemImpl: JobTracker metrics system already initialized!
2024-04-24T05:14:30,355  INFO [pool-205-thread-1] reduce.MergeManagerImpl: MergerManager: memoryLimit=1336252800, maxSingleShuffleLimit=334063200, mergeThreshold=881926912, ioSortFactor=10, memToMemMergeOutputsThreshold=10
2024-04-24T05:14:30,356  INFO [EventFetcher for fetching Map Completion Events] reduce.EventFetcher: attempt_local661808468_0042_r_000000_0 Thread started: EventFetcher for fetching Map Completion Events
2024-04-24T05:14:30,358  INFO [localfetcher#59] reduce.LocalFetcher: localfetcher#59 about to shuffle output of map attempt_local661808468_0042_m_000000_0 decomp: 20 len: 24 to MEMORY
2024-04-24T05:14:30,358  INFO [localfetcher#59] reduce.InMemoryMapOutput: Read 20 bytes from map-output for attempt_local661808468_0042_m_000000_0
2024-04-24T05:14:30,358  INFO [localfetcher#59] reduce.MergeManagerImpl: closeInMemoryFile -> map-output of size: 20, inMemoryMapOutputs.size() -> 1, commitMemory -> 0, usedMemory ->20
2024-04-24T05:14:30,359  INFO [EventFetcher for fetching Map Completion Events] reduce.EventFetcher: EventFetcher is interrupted.. Returning
2024-04-24T05:14:30,359  INFO [pool-205-thread-1] mapred.LocalJobRunner: 1 / 1 copied.
2024-04-24T05:14:30,359  INFO [pool-205-thread-1] reduce.MergeManagerImpl: finalMerge called with 1 in-memory map-outputs and 0 on-disk map-outputs
2024-04-24T05:14:30,366  INFO [pool-205-thread-1] mapred.Merger: Merging 1 sorted segments
2024-04-24T05:14:30,366  INFO [pool-205-thread-1] mapred.Merger: Down to the last merge-pass, with 1 segments left of total size: 8 bytes
2024-04-24T05:14:30,368  INFO [pool-205-thread-1] reduce.MergeManagerImpl: Merged 1 segments, 20 bytes to disk to satisfy reduce memory limit
2024-04-24T05:14:30,369  INFO [pool-205-thread-1] reduce.MergeManagerImpl: Merging 1 files, 24 bytes from disk
2024-04-24T05:14:30,369  INFO [pool-205-thread-1] reduce.MergeManagerImpl: Merging 0 segments, 0 bytes from memory into reduce
2024-04-24T05:14:30,369  INFO [pool-205-thread-1] mapred.Merger: Merging 1 sorted segments
2024-04-24T05:14:30,369  INFO [pool-205-thread-1] mapred.Merger: Down to the last merge-pass, with 1 segments left of total size: 8 bytes
2024-04-24T05:14:30,369  INFO [pool-205-thread-1] mapred.LocalJobRunner: 1 / 1 copied.
2024-04-24T05:14:30,369  INFO [pool-205-thread-1] exec.SerializationUtilities: Deserializing ReduceWork using kryo
2024-04-24T05:14:30,370  INFO [pool-205-thread-1] exec.Utilities: Deserialized plan (via FILE) - name: null size: 5,92KB
2024-04-24T05:14:30,370  INFO [pool-205-thread-1] ExecReducer: 
<SEL>Id =5
  <Children>
    <FS>Id =6
      <Children>
      <\Children>
      <Parent>Id = 5 null<\Parent>
    <\FS>
  <\Children>
  <Parent><\Parent>
<\SEL>
2024-04-24T05:14:30,370  INFO [pool-205-thread-1] exec.SelectOperator: Initializing Operator: SEL[5]
2024-04-24T05:14:30,370  INFO [pool-205-thread-1] exec.SelectOperator: SELECT struct<key:struct<reducesinkkey0:int>,value:struct<_col0:int>>
2024-04-24T05:14:30,371  INFO [pool-205-thread-1] exec.FileSinkOperator: Initializing Operator: FS[6]
2024-04-24T05:14:30,371  INFO [pool-205-thread-1] exec.FileSinkOperator: Using serializer : AbstractSerDe [log=org.apache.logging.slf4j.Log4jLogger@a925655, configuration=Optional[Configuration: core-default.xml, core-site.xml, mapred-default.xml, mapred-site.xml, yarn-default.xml, yarn-site.xml, hdfs-default.xml, hdfs-site.xml, file:/home/alex/Repositories/hive/ql/target/tmp/TestTxnCommandsWithSplitUpdateAndVectorization/mapred/local/localRunner/alex/job_local661808468_0042/job_local661808468_0042.xml], properties={transactional_properties=default, name=default.acidtbl, transactional=true, columns.types=int:int, bucket_field_name=a, columns=a,b, numFilesErasureCoded=0, columns.comments=&amp#0;, bucketing_version=2, bucket_count=2, serialization.lib=org.apache.hadoop.hive.ql.io.orc.OrcSerde, file.inputformat=org.apache.hadoop.hive.ql.io.orc.OrcInputFormat, file.outputformat=org.apache.hadoop.hive.ql.io.orc.OrcOutputFormat, location=file:/home/alex/Repositories/hive/ql/target/tmp/org.apache.hadoop.hive.ql.TestTxnCommands-1713960750541/warehouse/acidtbl, column.name.delimiter=,}, tableProperties={transactional_properties=default, name=default.acidtbl, transactional=true, columns.types=int:int, bucket_field_name=a, columns=a,b, numFilesErasureCoded=0, columns.comments=&amp#0;, bucketing_version=2, bucket_count=2, serialization.lib=org.apache.hadoop.hive.ql.io.orc.OrcSerde, file.inputformat=org.apache.hadoop.hive.ql.io.orc.OrcInputFormat, location=file:/home/alex/Repositories/hive/ql/target/tmp/org.apache.hadoop.hive.ql.TestTxnCommands-1713960750541/warehouse/acidtbl, file.outputformat=org.apache.hadoop.hive.ql.io.orc.OrcOutputFormat, column.name.delimiter=,}, partitionProperties=Optional.empty, columnNames=[a, b], columnTypes=[int, int], getClass()=class org.apache.hadoop.hive.ql.io.orc.OrcSerde] and formatter : org.apache.hadoop.hive.ql.io.orc.OrcOutputFormat@170f14c2
2024-04-24T05:14:30,371  INFO [pool-205-thread-1] exec.FileSinkOperator: Final Path: FS file:/home/alex/Repositories/hive/ql/target/tmp/org.apache.hadoop.hive.ql.TestTxnCommands-1713960750541/warehouse/acidtbl
2024-04-24T05:14:30,371  INFO [pool-205-thread-1] exec.FileSinkOperator: New Final Path: FS file:/home/alex/Repositories/hive/ql/target/tmp/org.apache.hadoop.hive.ql.TestTxnCommands-1713960750541/warehouse/acidtbl
2024-04-24T05:14:30,371  INFO [pool-205-thread-1] common.FileUtils: Creating directory if it doesn't exist: file:/home/alex/Repositories/hive/ql/target/tmp/org.apache.hadoop.hive.ql.TestTxnCommands-1713960750541/warehouse
2024-04-24T05:14:30,372  INFO [pool-205-thread-1] exec.FileSinkOperator: FS[6]: records written - 1
2024-04-24T05:14:30,372  INFO [pool-205-thread-1] impl.PhysicalFsWriter: ORC writer created for path: file:/home/alex/Repositories/hive/ql/target/tmp/org.apache.hadoop.hive.ql.TestTxnCommands-1713960750541/warehouse/acidtbl/delta_0000001_0000001_0000/bucket_00000_0 with stripeSize: 8388608 blockSize: 268435456 compression: Compress: ZLIB buffer: 32768
2024-04-24T05:14:30,378  INFO [pool-205-thread-1] impl.WriterImpl: ORC writer created for path: file:/home/alex/Repositories/hive/ql/target/tmp/org.apache.hadoop.hive.ql.TestTxnCommands-1713960750541/warehouse/acidtbl/delta_0000001_0000001_0000/bucket_00000_0 with stripeSize: 8388608 options: Compress: ZLIB buffer: 32768
2024-04-24T05:14:30,382  INFO [pool-205-thread-1] exec.SelectOperator: Closing Operator: SEL[5]
2024-04-24T05:14:30,382  INFO [pool-205-thread-1] exec.SelectOperator: RECORDS_OUT_INTERMEDIATE:0, RECORDS_OUT_OPERATOR_SEL_5:1, 
2024-04-24T05:14:30,382  INFO [pool-205-thread-1] exec.FileSinkOperator: Closing Operator: FS[6]
2024-04-24T05:14:30,382  INFO [pool-205-thread-1] exec.FileSinkOperator: FS[6]: records written - 1
2024-04-24T05:14:30,384  INFO [pool-205-thread-1] FileOperations: Writing manifest to file:/home/alex/Repositories/hive/ql/target/tmp/org.apache.hadoop.hive.ql.TestTxnCommands-1713960750541/warehouse/acidtbl/_tmp.delta_0000001_0000001_0000/000000_0.manifest with [file:/home/alex/Repositories/hive/ql/target/tmp/org.apache.hadoop.hive.ql.TestTxnCommands-1713960750541/warehouse/acidtbl/delta_0000001_0000001_0000/bucket_00000_0]
2024-04-24T05:14:30,395  INFO [pool-205-thread-1] exec.FileSinkOperator: TOTAL_TABLE_ROWS_WRITTEN:1, RECORDS_OUT_OPERATOR_FS_6:1, RECORDS_OUT_1_default.acidtbl:1, RECORDS_OUT_INTERMEDIATE:0, 
2024-04-24T05:14:30,395  INFO [pool-205-thread-1] mapred.Task: Task:attempt_local661808468_0042_r_000000_0 is done. And is in the process of committing
2024-04-24T05:14:30,395  INFO [pool-205-thread-1] mapred.LocalJobRunner: reduce > reduce
2024-04-24T05:14:30,395  INFO [pool-205-thread-1] mapred.Task: Task 'attempt_local661808468_0042_r_000000_0' done.
2024-04-24T05:14:30,395  INFO [pool-205-thread-1] mapred.Task: Final Counters for attempt_local661808468_0042_r_000000_0: Counters: 30
	File System Counters
		FILE: Number of bytes read=959262
		FILE: Number of bytes written=52652948
		FILE: Number of read operations=0
		FILE: Number of large read operations=0
		FILE: Number of write operations=0
	Map-Reduce Framework
		Combine input records=0
		Combine output records=0
		Reduce input groups=1
		Reduce shuffle bytes=24
		Reduce input records=1
		Reduce output records=0
		Spilled Records=1
		Shuffled Maps =1
		Failed Shuffles=0
		Merged Map outputs=1
		GC time elapsed (ms)=0
		Total committed heap usage (bytes)=1241513984
	HIVE
		CREATED_FILES=1
		RECORDS_OUT_1_default.acidtbl=1
		RECORDS_OUT_INTERMEDIATE=0
		RECORDS_OUT_OPERATOR_FS_6=1
		RECORDS_OUT_OPERATOR_SEL_5=1
		TOTAL_TABLE_ROWS_WRITTEN=1
	Shuffle Errors
		BAD_ID=0
		CONNECTION=0
		IO_ERROR=0
		WRONG_LENGTH=0
		WRONG_MAP=0
		WRONG_REDUCE=0
	File Output Format Counters 
		Bytes Written=0
2024-04-24T05:14:30,396  INFO [pool-205-thread-1] mapred.LocalJobRunner: Finishing task: attempt_local661808468_0042_r_000000_0
2024-04-24T05:14:30,396  INFO [pool-205-thread-1] mapred.LocalJobRunner: Starting task: attempt_local661808468_0042_r_000001_0
2024-04-24T05:14:30,396  INFO [pool-205-thread-1] mapred.Task:  Using ResourceCalculatorProcessTree : [ ]
2024-04-24T05:14:30,396  INFO [pool-205-thread-1] mapred.ReduceTask: Using ShuffleConsumerPlugin: org.apache.hadoop.mapreduce.task.reduce.Shuffle@5cdebd9
2024-04-24T05:14:30,396  WARN [pool-205-thread-1] impl.MetricsSystemImpl: JobTracker metrics system already initialized!
2024-04-24T05:14:30,397  INFO [pool-205-thread-1] reduce.MergeManagerImpl: MergerManager: memoryLimit=1336252800, maxSingleShuffleLimit=334063200, mergeThreshold=881926912, ioSortFactor=10, memToMemMergeOutputsThreshold=10
2024-04-24T05:14:30,398  INFO [EventFetcher for fetching Map Completion Events] reduce.EventFetcher: attempt_local661808468_0042_r_000001_0 Thread started: EventFetcher for fetching Map Completion Events
2024-04-24T05:14:30,401  INFO [localfetcher#60] reduce.LocalFetcher: localfetcher#60 about to shuffle output of map attempt_local661808468_0042_m_000000_0 decomp: 20 len: 24 to MEMORY
2024-04-24T05:14:30,401  INFO [localfetcher#60] reduce.InMemoryMapOutput: Read 20 bytes from map-output for attempt_local661808468_0042_m_000000_0
2024-04-24T05:14:30,401  INFO [localfetcher#60] reduce.MergeManagerImpl: closeInMemoryFile -> map-output of size: 20, inMemoryMapOutputs.size() -> 1, commitMemory -> 0, usedMemory ->20
2024-04-24T05:14:30,401  INFO [EventFetcher for fetching Map Completion Events] reduce.EventFetcher: EventFetcher is interrupted.. Returning
2024-04-24T05:14:30,401  INFO [pool-205-thread-1] mapred.LocalJobRunner: 1 / 1 copied.
2024-04-24T05:14:30,401  INFO [pool-205-thread-1] reduce.MergeManagerImpl: finalMerge called with 1 in-memory map-outputs and 0 on-disk map-outputs
2024-04-24T05:14:30,408  INFO [pool-205-thread-1] mapred.Merger: Merging 1 sorted segments
2024-04-24T05:14:30,408  INFO [pool-205-thread-1] mapred.Merger: Down to the last merge-pass, with 1 segments left of total size: 8 bytes
2024-04-24T05:14:30,410  INFO [pool-205-thread-1] reduce.MergeManagerImpl: Merged 1 segments, 20 bytes to disk to satisfy reduce memory limit
2024-04-24T05:14:30,410  INFO [pool-205-thread-1] reduce.MergeManagerImpl: Merging 1 files, 24 bytes from disk
2024-04-24T05:14:30,410  INFO [pool-205-thread-1] reduce.MergeManagerImpl: Merging 0 segments, 0 bytes from memory into reduce
2024-04-24T05:14:30,410  INFO [pool-205-thread-1] mapred.Merger: Merging 1 sorted segments
2024-04-24T05:14:30,410  INFO [pool-205-thread-1] mapred.Merger: Down to the last merge-pass, with 1 segments left of total size: 8 bytes
2024-04-24T05:14:30,410  INFO [pool-205-thread-1] mapred.LocalJobRunner: 1 / 1 copied.
2024-04-24T05:14:30,411  INFO [pool-205-thread-1] exec.SerializationUtilities: Deserializing ReduceWork using kryo
2024-04-24T05:14:30,411  INFO [pool-205-thread-1] exec.Utilities: Deserialized plan (via FILE) - name: null size: 5,92KB
2024-04-24T05:14:30,412  INFO [pool-205-thread-1] ExecReducer: 
<SEL>Id =5
  <Children>
    <FS>Id =6
      <Children>
      <\Children>
      <Parent>Id = 5 null<\Parent>
    <\FS>
  <\Children>
  <Parent><\Parent>
<\SEL>
2024-04-24T05:14:30,412  INFO [pool-205-thread-1] exec.SelectOperator: Initializing Operator: SEL[5]
2024-04-24T05:14:30,412  INFO [pool-205-thread-1] exec.SelectOperator: SELECT struct<key:struct<reducesinkkey0:int>,value:struct<_col0:int>>
2024-04-24T05:14:30,412  INFO [pool-205-thread-1] exec.FileSinkOperator: Initializing Operator: FS[6]
2024-04-24T05:14:30,412  INFO [pool-205-thread-1] exec.FileSinkOperator: Using serializer : AbstractSerDe [log=org.apache.logging.slf4j.Log4jLogger@a925655, configuration=Optional[Configuration: core-default.xml, core-site.xml, mapred-default.xml, mapred-site.xml, yarn-default.xml, yarn-site.xml, hdfs-default.xml, hdfs-site.xml, file:/home/alex/Repositories/hive/ql/target/tmp/TestTxnCommandsWithSplitUpdateAndVectorization/mapred/local/localRunner/alex/job_local661808468_0042/job_local661808468_0042.xml], properties={transactional_properties=default, name=default.acidtbl, transactional=true, columns.types=int:int, bucket_field_name=a, columns=a,b, numFilesErasureCoded=0, columns.comments=&amp#0;, bucketing_version=2, bucket_count=2, serialization.lib=org.apache.hadoop.hive.ql.io.orc.OrcSerde, file.inputformat=org.apache.hadoop.hive.ql.io.orc.OrcInputFormat, file.outputformat=org.apache.hadoop.hive.ql.io.orc.OrcOutputFormat, location=file:/home/alex/Repositories/hive/ql/target/tmp/org.apache.hadoop.hive.ql.TestTxnCommands-1713960750541/warehouse/acidtbl, column.name.delimiter=,}, tableProperties={transactional_properties=default, name=default.acidtbl, transactional=true, columns.types=int:int, bucket_field_name=a, columns=a,b, numFilesErasureCoded=0, columns.comments=&amp#0;, bucketing_version=2, bucket_count=2, serialization.lib=org.apache.hadoop.hive.ql.io.orc.OrcSerde, file.inputformat=org.apache.hadoop.hive.ql.io.orc.OrcInputFormat, location=file:/home/alex/Repositories/hive/ql/target/tmp/org.apache.hadoop.hive.ql.TestTxnCommands-1713960750541/warehouse/acidtbl, file.outputformat=org.apache.hadoop.hive.ql.io.orc.OrcOutputFormat, column.name.delimiter=,}, partitionProperties=Optional.empty, columnNames=[a, b], columnTypes=[int, int], getClass()=class org.apache.hadoop.hive.ql.io.orc.OrcSerde] and formatter : org.apache.hadoop.hive.ql.io.orc.OrcOutputFormat@5307a8f5
2024-04-24T05:14:30,412  INFO [pool-205-thread-1] exec.FileSinkOperator: Final Path: FS file:/home/alex/Repositories/hive/ql/target/tmp/org.apache.hadoop.hive.ql.TestTxnCommands-1713960750541/warehouse/acidtbl
2024-04-24T05:14:30,413  INFO [pool-205-thread-1] exec.FileSinkOperator: New Final Path: FS file:/home/alex/Repositories/hive/ql/target/tmp/org.apache.hadoop.hive.ql.TestTxnCommands-1713960750541/warehouse/acidtbl
2024-04-24T05:14:30,413  INFO [pool-205-thread-1] common.FileUtils: Creating directory if it doesn't exist: file:/home/alex/Repositories/hive/ql/target/tmp/org.apache.hadoop.hive.ql.TestTxnCommands-1713960750541/warehouse
2024-04-24T05:14:30,413  INFO [pool-205-thread-1] exec.FileSinkOperator: FS[6]: records written - 1
2024-04-24T05:14:30,413  INFO [pool-205-thread-1] impl.PhysicalFsWriter: ORC writer created for path: file:/home/alex/Repositories/hive/ql/target/tmp/org.apache.hadoop.hive.ql.TestTxnCommands-1713960750541/warehouse/acidtbl/delta_0000001_0000001_0000/bucket_00001_0 with stripeSize: 8388608 blockSize: 268435456 compression: Compress: ZLIB buffer: 32768
2024-04-24T05:14:30,417  INFO [pool-205-thread-1] impl.WriterImpl: ORC writer created for path: file:/home/alex/Repositories/hive/ql/target/tmp/org.apache.hadoop.hive.ql.TestTxnCommands-1713960750541/warehouse/acidtbl/delta_0000001_0000001_0000/bucket_00001_0 with stripeSize: 8388608 options: Compress: ZLIB buffer: 32768
2024-04-24T05:14:30,417  INFO [pool-205-thread-1] exec.SelectOperator: Closing Operator: SEL[5]
2024-04-24T05:14:30,418  INFO [pool-205-thread-1] exec.SelectOperator: RECORDS_OUT_INTERMEDIATE:0, RECORDS_OUT_OPERATOR_SEL_5:1, 
2024-04-24T05:14:30,418  INFO [pool-205-thread-1] exec.FileSinkOperator: Closing Operator: FS[6]
2024-04-24T05:14:30,418  INFO [pool-205-thread-1] exec.FileSinkOperator: FS[6]: records written - 1
2024-04-24T05:14:30,419  INFO [pool-205-thread-1] FileOperations: Writing manifest to file:/home/alex/Repositories/hive/ql/target/tmp/org.apache.hadoop.hive.ql.TestTxnCommands-1713960750541/warehouse/acidtbl/_tmp.delta_0000001_0000001_0000/000001_0.manifest with [file:/home/alex/Repositories/hive/ql/target/tmp/org.apache.hadoop.hive.ql.TestTxnCommands-1713960750541/warehouse/acidtbl/delta_0000001_0000001_0000/bucket_00001_0]
2024-04-24T05:14:30,428  INFO [pool-205-thread-1] exec.FileSinkOperator: TOTAL_TABLE_ROWS_WRITTEN:1, RECORDS_OUT_OPERATOR_FS_6:1, RECORDS_OUT_INTERMEDIATE:0, RECORDS_OUT_1_default.acidtbl:1, 
2024-04-24T05:14:30,429  INFO [pool-205-thread-1] mapred.Task: Task:attempt_local661808468_0042_r_000001_0 is done. And is in the process of committing
2024-04-24T05:14:30,429  INFO [pool-205-thread-1] mapred.LocalJobRunner: reduce > reduce
2024-04-24T05:14:30,429  INFO [pool-205-thread-1] mapred.Task: Task 'attempt_local661808468_0042_r_000001_0' done.
2024-04-24T05:14:30,429  INFO [pool-205-thread-1] mapred.Task: Final Counters for attempt_local661808468_0042_r_000001_0: Counters: 30
	File System Counters
		FILE: Number of bytes read=965345
		FILE: Number of bytes written=52653976
		FILE: Number of read operations=0
		FILE: Number of large read operations=0
		FILE: Number of write operations=0
	Map-Reduce Framework
		Combine input records=0
		Combine output records=0
		Reduce input groups=1
		Reduce shuffle bytes=24
		Reduce input records=1
		Reduce output records=0
		Spilled Records=1
		Shuffled Maps =1
		Failed Shuffles=0
		Merged Map outputs=1
		GC time elapsed (ms)=0
		Total committed heap usage (bytes)=1241513984
	HIVE
		CREATED_FILES=1
		RECORDS_OUT_1_default.acidtbl=1
		RECORDS_OUT_INTERMEDIATE=0
		RECORDS_OUT_OPERATOR_FS_6=1
		RECORDS_OUT_OPERATOR_SEL_5=1
		TOTAL_TABLE_ROWS_WRITTEN=1
	Shuffle Errors
		BAD_ID=0
		CONNECTION=0
		IO_ERROR=0
		WRONG_LENGTH=0
		WRONG_MAP=0
		WRONG_REDUCE=0
	File Output Format Counters 
		Bytes Written=0
2024-04-24T05:14:30,429  INFO [pool-205-thread-1] mapred.LocalJobRunner: Finishing task: attempt_local661808468_0042_r_000001_0
2024-04-24T05:14:30,429  INFO [Thread-3501] mapred.LocalJobRunner: reduce task executor complete.
2024-04-24 05:14:31,319 Stage-1 map = 100%,  reduce = 100%
2024-04-24T05:14:31,319  INFO [main] exec.Task: 2024-04-24 05:14:31,319 Stage-1 map = 100%,  reduce = 100%
Ended Job = job_local661808468_0042
2024-04-24T05:14:31,320  INFO [main] exec.Task: Ended Job = job_local661808468_0042
2024-04-24T05:14:31,321  INFO [main] FileOperations: Found manifest file file:/home/alex/Repositories/hive/ql/target/tmp/org.apache.hadoop.hive.ql.TestTxnCommands-1713960750541/warehouse/acidtbl/_tmp.delta_0000001_0000001_0000/000000_0.manifest with attemptId 0.
2024-04-24T05:14:31,321  INFO [main] FileOperations: Found manifest file file:/home/alex/Repositories/hive/ql/target/tmp/org.apache.hadoop.hive.ql.TestTxnCommands-1713960750541/warehouse/acidtbl/_tmp.delta_0000001_0000001_0000/000001_0.manifest with attemptId 0.
2024-04-24T05:14:31,321  INFO [main] FileOperations: Looking at manifest file: file:/home/alex/Repositories/hive/ql/target/tmp/org.apache.hadoop.hive.ql.TestTxnCommands-1713960750541/warehouse/acidtbl/_tmp.delta_0000001_0000001_0000/000001_0.manifest
2024-04-24T05:14:31,321  INFO [main] FileOperations: Looking at manifest file: file:/home/alex/Repositories/hive/ql/target/tmp/org.apache.hadoop.hive.ql.TestTxnCommands-1713960750541/warehouse/acidtbl/_tmp.delta_0000001_0000001_0000/000000_0.manifest
2024-04-24T05:14:31,322  INFO [main] FileOperations: Deleting manifest directory file:/home/alex/Repositories/hive/ql/target/tmp/org.apache.hadoop.hive.ql.TestTxnCommands-1713960750541/warehouse/acidtbl/_tmp.delta_0000001_0000001_0000
2024-04-24T05:14:31,323  INFO [main] ql.Driver: Starting task [Stage-0:MOVE] in serial mode
Loading data to table default.acidtbl
2024-04-24T05:14:31,323  INFO [main] exec.Task: Loading data to table default.acidtbl from file:/home/alex/Repositories/hive/ql/target/tmp/org.apache.hadoop.hive.ql.TestTxnCommands-1713960750541/warehouse/acidtbl
2024-04-24T05:14:31,323  INFO [main] HiveMetaStore.audit: ugi=alex	ip=unknown-ip-addr	cmd=get_table : tbl=hive.default.acidtbl	
2024-04-24T05:14:31,330  INFO [main] metastore.HMSHandler: Skipping translation for processor with null
2024-04-24T05:14:31,330  INFO [main] HiveMetaStore.audit: ugi=alex	ip=unknown-ip-addr	cmd=get_table : tbl=hive.default.acidtbl	
2024-04-24T05:14:31,338  INFO [main] metastore.HMSHandler: Skipping translation for processor with null
2024-04-24T05:14:31,338  INFO [main] HiveMetaStore.audit: ugi=alex	ip=unknown-ip-addr	cmd=alter_table: hive.default.acidtbl newtbl=acidtbl	
2024-04-24T05:14:31,378  INFO [main] ql.Driver: Starting task [Stage-2:STATS] in serial mode
2024-04-24T05:14:31,378  INFO [main] HiveMetaStore.audit: ugi=alex	ip=unknown-ip-addr	cmd=get_table : tbl=hive.default.acidtbl	
2024-04-24T05:14:31,385  INFO [main] metastore.HMSHandler: Skipping translation for processor with null
2024-04-24T05:14:31,385  INFO [main] stats.BasicStatsTask: Executing stats task
2024-04-24T05:14:31,385  INFO [main] fs.FSStatsPublisher: created : file:/home/alex/Repositories/hive/ql/target/tmp/localscratchdir/580f32a5-6706-414f-9191-091360208307/hive_2024-04-24_05-14-29_847_8068197295981008478-1/-mr-10000
2024-04-24T05:14:31,387  INFO [main] HiveMetaStore.audit: ugi=alex	ip=unknown-ip-addr	cmd=get_table : tbl=hive.default.acidtbl	
2024-04-24T05:14:31,393  INFO [main] metastore.HMSHandler: Skipping translation for processor with null
2024-04-24T05:14:31,404  WARN [main] FileOperations: Computing stats for an ACID table; stats may be inaccurate
2024-04-24T05:14:31,404  INFO [main] FileOperations: Read stats for default.acidtbl/, numRows, true, 2, false: 
2024-04-24T05:14:31,404  INFO [main] FileOperations: Read stats for default.acidtbl/, rawDataSize, true, 0, false: 
2024-04-24T05:14:31,405  INFO [main] HiveMetaStore.audit: ugi=alex	ip=unknown-ip-addr	cmd=alter_table: hive.default.acidtbl newtbl=acidtbl	
2024-04-24T05:14:31,426  INFO [main] FileOperations: Read stats for default.acidtbl/, insertCount, true, 2, false: 
2024-04-24T05:14:31,426  INFO [main] FileOperations: Read stats for default.acidtbl/, updateCount, true, 0, false: 
2024-04-24T05:14:31,426  INFO [main] FileOperations: Read stats for default.acidtbl/, deleteCount, true, 0, false: 
2024-04-24T05:14:31,429  INFO [main] stats.BasicStatsTask: Table default.acidtbl stats: [numFiles=2, numRows=2, totalSize=1344, rawDataSize=0, numFilesErasureCoded=0]
2024-04-24T05:14:31,430  INFO [main] metadata.Hive: Dumping metastore api call timing information for : execution phase
2024-04-24T05:14:31,430  INFO [main] metadata.Hive: Total time spent in each metastore function (ms): {alter_table_(String, String, String, Table, EnvironmentContext, String)=61, isCompatibleWith_(Configuration)=0, updateTransactionalStatistics_(UpdateTransactionalStatsRequest)=3, getTable_(GetTableRequest)=29}
MapReduce Jobs Launched: 
2024-04-24T05:14:31,430  INFO [main] ql.Driver: MapReduce Jobs Launched: 
Stage-Stage-1:  HDFS Read: 0 HDFS Write: 0 SUCCESS
2024-04-24T05:14:31,430  INFO [main] ql.Driver: Stage-Stage-1:  HDFS Read: 0 HDFS Write: 0 SUCCESS
Total MapReduce CPU Time Spent: 0 msec
2024-04-24T05:14:31,430  INFO [main] ql.Driver: Total MapReduce CPU Time Spent: 0 msec
2024-04-24T05:14:31,430  INFO [main] ql.Driver: Completed executing command(queryId=alex_20240424051429_8eca220d-0b81-4073-9239-78852fef4da2); Time taken: 1.386 seconds
2024-04-24T05:14:31,430  INFO [main] ql.TxnCommandsBaseForTests: Running the query: insert into acidTbl(a,b)  values(5,6),(7,8)
2024-04-24T05:14:31,430  INFO [main] ql.Context: Deleting scratch dir: file:/home/alex/Repositories/hive/ql/target/tmp/localscratchdir/580f32a5-6706-414f-9191-091360208307/hive_2024-04-24_05-14-29_847_8068197295981008478-1
2024-04-24T05:14:31,431  INFO [main] cleanup.SyncCleanupService: Deleted directory: file:/home/alex/Repositories/hive/ql/target/tmp/localscratchdir/580f32a5-6706-414f-9191-091360208307/hive_2024-04-24_05-14-29_847_8068197295981008478-1 on fs with scheme file
2024-04-24T05:14:31,431  INFO [main] ql.Driver: Compiling command(queryId=alex_20240424051431_f869a94f-fc49-46a4-aecb-143d08a73f6d): insert into acidTbl(a,b)  values(5,6),(7,8)
2024-04-24T05:14:31,431  INFO [main] parse.CalcitePlanner: Starting caching scope for: 
2024-04-24T05:14:31,431  INFO [main] parse.CalcitePlanner: Starting Semantic Analysis
2024-04-24T05:14:31,432  INFO [main] HiveMetaStore.audit: ugi=alex	ip=unknown-ip-addr	cmd=get_table : tbl=hive.default.acidTbl	
2024-04-24T05:14:31,438  INFO [main] metastore.HMSHandler: Skipping translation for processor with null
2024-04-24T05:14:31,439  INFO [main] parse.CalcitePlanner: Completed phase 1 of Semantic Analysis
2024-04-24T05:14:31,439  INFO [main] parse.CalcitePlanner: Get metadata for source tables
2024-04-24T05:14:31,439  INFO [main] parse.CalcitePlanner: Get metadata for subqueries
2024-04-24T05:14:31,439  INFO [main] parse.CalcitePlanner: Get metadata for destination tables
2024-04-24T05:14:31,439  INFO [main] HiveMetaStore.audit: ugi=alex	ip=unknown-ip-addr	cmd=get_table : tbl=hive.default.acidTbl	
2024-04-24T05:14:31,445  INFO [main] metastore.HMSHandler: Skipping translation for processor with null
2024-04-24T05:14:31,445  INFO [main] parse.CalcitePlanner: Completed getting MetaData in Semantic Analysis
2024-04-24T05:14:31,445  INFO [main] parse.CalcitePlanner: Disabling LLAP IO encode as ETL query is detected
2024-04-24T05:14:31,466  INFO [main] HiveMetaStore.audit: ugi=alex	ip=unknown-ip-addr	cmd=get_all_table_constraints : tbl=hive._dummy_database._dummy_table	
2024-04-24T05:14:31,513  INFO [main] parse.CalcitePlanner: Get metadata for source tables
2024-04-24T05:14:31,513  INFO [main] parse.CalcitePlanner: Get metadata for subqueries
2024-04-24T05:14:31,513  INFO [main] parse.CalcitePlanner: Get metadata for source tables
2024-04-24T05:14:31,514  INFO [main] HiveMetaStore.audit: ugi=alex	ip=unknown-ip-addr	cmd=get_table : tbl=hive._dummy_database._dummy_table	
2024-04-24T05:14:31,516  INFO [main] parse.CalcitePlanner: Get metadata for subqueries
2024-04-24T05:14:31,516  INFO [main] parse.CalcitePlanner: Get metadata for destination tables
2024-04-24T05:14:31,516  INFO [main] parse.CalcitePlanner: Get metadata for destination tables
2024-04-24T05:14:31,516  INFO [main] HiveMetaStore.audit: ugi=alex	ip=unknown-ip-addr	cmd=get_table : tbl=hive.default.acidTbl	
2024-04-24T05:14:31,522  INFO [main] metastore.HMSHandler: Skipping translation for processor with null
2024-04-24T05:14:31,524  INFO [main] HiveMetaStore.audit: ugi=alex	ip=unknown-ip-addr	cmd=get_not_null_constraints : tbl=hive.default.acidtbl	
2024-04-24T05:14:31,525  INFO [main] HiveMetaStore.audit: ugi=alex	ip=unknown-ip-addr	cmd=get_check_constraints : tbl=hive.default.acidtbl	
2024-04-24T05:14:31,526  INFO [main] parse.CalcitePlanner: CBO Succeeded; optimized logical plan.
2024-04-24T05:14:31,529  INFO [main] optimizer.ColumnPrunerProcFactory: RS 4 oldColExprMap: {VALUE._col0=Column[_col1], KEY.reducesinkkey0=Column[_col0]}
2024-04-24T05:14:31,529  INFO [main] optimizer.ColumnPrunerProcFactory: RS 4 newColExprMap: {KEY.reducesinkkey0=Column[_col0], VALUE._col0=Column[_col1]}
2024-04-24T05:14:31,530  INFO [main] optimizer.BucketVersionPopulator: not considering bucketingVersion for: TS[0] because it has -1<2 buckets 
2024-04-24T05:14:31,531  INFO [main] optimizer.SortedDynPartitionOptimizer: Sorted dynamic partitioning optimization kicked in..
2024-04-24T05:14:31,539  INFO [main] HiveMetaStore.audit: ugi=alex	ip=unknown-ip-addr	cmd=get_table : tbl=hive.default.acidtbl	
2024-04-24T05:14:31,547  INFO [main] metastore.HMSHandler: Skipping translation for processor with null
2024-04-24T05:14:31,548  INFO [main] physical.Vectorizer: Examining input format to see if vectorization is enabled.
2024-04-24T05:14:31,548  INFO [main] physical.Vectorizer: Map vectorization enabled: false
2024-04-24T05:14:31,548  INFO [main] physical.Vectorizer: Map vectorized: false
2024-04-24T05:14:31,548  INFO [main] physical.Vectorizer: Map vectorizedVertexNum: 0
2024-04-24T05:14:31,548  INFO [main] physical.Vectorizer: Map enabledConditionsMet: [hive.vectorized.use.vectorized.input.format IS true]
2024-04-24T05:14:31,548  INFO [main] physical.Vectorizer: Map enabledConditionsNotMet: [Could not enable vectorization due to partition column names size 1 is greater than the number of table column names size 0 IS false]
2024-04-24T05:14:31,548  INFO [main] physical.Vectorizer: Map inputFileFormatClassNameSet: [org.apache.hadoop.hive.ql.io.NullRowsInputFormat]
2024-04-24T05:14:31,548  INFO [main] physical.Vectorizer: Reduce vectorization enabled: false
2024-04-24T05:14:31,548  INFO [main] physical.Vectorizer: Reduce vectorized: false
2024-04-24T05:14:31,548  INFO [main] physical.Vectorizer: Reduce vectorizedVertexNum: 1
2024-04-24T05:14:31,548  INFO [main] physical.Vectorizer: Reducer hive.vectorized.execution.reduce.enabled: true
2024-04-24T05:14:31,548  INFO [main] physical.Vectorizer: Reducer engine: mr
2024-04-24T05:14:31,548  INFO [main] parse.CalcitePlanner: Completed plan generation
2024-04-24T05:14:31,548  INFO [main] parse.CalcitePlanner: Ending caching scope for: 
2024-04-24T05:14:31,548  INFO [main] ql.Driver: Semantic Analysis Completed (retrial = false)
2024-04-24T05:14:31,548  INFO [main] ql.Driver: Created Hive schema: Schema(fieldSchemas:[FieldSchema(name:_col0, type:int, comment:null), FieldSchema(name:_col1, type:int, comment:null)], properties:null)
2024-04-24T05:14:31,548  INFO [main] metadata.Hive: Dumping metastore api call timing information for : compilation phase
2024-04-24T05:14:31,549  INFO [main] metadata.Hive: Total time spent in each metastore function (ms): {getValidWriteIds_(List, String)=3, getAllTableConstraints_(AllTableConstraintsRequest)=4, getTable_(GetTableRequest)=26, flushCache_()=0, isCompatibleWith_(Configuration)=0, getNotNullConstraints_(NotNullConstraintsRequest)=1, getCheckConstraints_(CheckConstraintsRequest)=0}
2024-04-24T05:14:31,549  INFO [main] ql.Driver: Completed compiling command(queryId=alex_20240424051431_f869a94f-fc49-46a4-aecb-143d08a73f6d); Time taken: 0.117 seconds
2024-04-24T05:14:31,549  INFO [main] lockmgr.DbTxnManager: Setting lock request transaction to txnid:13 for queryId=alex_20240424051431_f869a94f-fc49-46a4-aecb-143d08a73f6d
2024-04-24T05:14:31,549  INFO [main] lockmgr.DbLockManager: Requesting lock for queryId=alex_20240424051431_f869a94f-fc49-46a4-aecb-143d08a73f6d
2024-04-24T05:14:31,564  INFO [main] lockmgr.DbLockManager: Response to queryId=alex_20240424051431_f869a94f-fc49-46a4-aecb-143d08a73f6d LockResponse(lockid:8, state:ACQUIRED)
2024-04-24T05:14:31,564  INFO [main] ql.Driver: Operation QUERY obtained 1 locks
2024-04-24T05:14:31,565  INFO [main] ql.Driver: Executing command(queryId=alex_20240424051431_f869a94f-fc49-46a4-aecb-143d08a73f6d): insert into acidTbl(a,b)  values(5,6),(7,8)
2024-04-24T05:14:31,565  WARN [main] ql.Driver: Hive-on-MR is deprecated in Hive 2 and may not be available in the future versions. Consider using a different execution engine (i.e. tez, spark) or using Hive 1.X releases.
Query ID = alex_20240424051431_f869a94f-fc49-46a4-aecb-143d08a73f6d
2024-04-24T05:14:31,565  INFO [main] ql.Driver: Query ID = alex_20240424051431_f869a94f-fc49-46a4-aecb-143d08a73f6d
Total jobs = 1
2024-04-24T05:14:31,565  INFO [main] ql.Driver: Total jobs = 1
Launching Job 1 out of 1
2024-04-24T05:14:31,565  INFO [main] ql.Driver: Launching Job 1 out of 1
2024-04-24T05:14:31,714  INFO [main] ql.Driver: Starting task [Stage-1:MAPRED] in serial mode
Number of reduce tasks determined at compile time: 2
2024-04-24T05:14:31,714  INFO [main] exec.Task: Number of reduce tasks determined at compile time: 2
In order to change the average load for a reducer (in bytes):
2024-04-24T05:14:31,714  INFO [main] exec.Task: In order to change the average load for a reducer (in bytes):
  set hive.exec.reducers.bytes.per.reducer=<number>
2024-04-24T05:14:31,714  INFO [main] exec.Task:   set hive.exec.reducers.bytes.per.reducer=<number>
In order to limit the maximum number of reducers:
2024-04-24T05:14:31,714  INFO [main] exec.Task: In order to limit the maximum number of reducers:
  set hive.exec.reducers.max=<number>
2024-04-24T05:14:31,714  INFO [main] exec.Task:   set hive.exec.reducers.max=<number>
In order to set a constant number of reducers:
2024-04-24T05:14:31,714  INFO [main] exec.Task: In order to set a constant number of reducers:
  set mapreduce.job.reduces=<number>
2024-04-24T05:14:31,714  INFO [main] exec.Task:   set mapreduce.job.reduces=<number>
2024-04-24T05:14:31,716  INFO [main] mr.ExecDriver: Using org.apache.hadoop.hive.ql.io.HiveInputFormat
2024-04-24T05:14:31,716  INFO [main] exec.Utilities: Processing alias $hdt$_0:_dummy_table
2024-04-24T05:14:31,716  INFO [main] exec.Utilities: Adding 1 inputs; the first input is file:/home/alex/Repositories/hive/ql/target/tmp/localscratchdir/580f32a5-6706-414f-9191-091360208307/hive_2024-04-24_05-14-31_431_3264883885078350017-1/dummy_path
2024-04-24T05:14:31,725  INFO [main] exec.SerializationUtilities: Serializing MapWork using kryo
2024-04-24T05:14:31,726  INFO [main] exec.Utilities: Serialized plan (via FILE) - name: null size: 5,31KB
2024-04-24T05:14:31,731  INFO [main] exec.SerializationUtilities: Serializing ReduceWork using kryo
2024-04-24T05:14:31,731  INFO [main] exec.Utilities: Serialized plan (via FILE) - name: null size: 5,92KB
2024-04-24T05:14:31,732  WARN [main] impl.MetricsSystemImpl: JobTracker metrics system already initialized!
2024-04-24T05:14:31,736  INFO [main] fs.FSStatsPublisher: created : file:/home/alex/Repositories/hive/ql/target/tmp/localscratchdir/580f32a5-6706-414f-9191-091360208307/hive_2024-04-24_05-14-31_431_3264883885078350017-1/-mr-10000
2024-04-24T05:14:31,738  WARN [main] impl.MetricsSystemImpl: JobTracker metrics system already initialized!
2024-04-24T05:14:31,745  WARN [main] mapreduce.JobResourceUploader: Hadoop command-line option parsing not performed. Implement the Tool interface and execute your application with ToolRunner to remedy this.
2024-04-24T05:14:31,750  WARN [main] mapreduce.JobResourceUploader: No job jar file set.  User classes may not be found. See Job or Job#setJar(String).
2024-04-24T05:14:31,751  INFO [main] io.HiveInputFormat: hive.io.file.readcolumn.ids = 
2024-04-24T05:14:31,751  INFO [main] io.HiveInputFormat: hive.io.file.readcolumn.names = 
2024-04-24T05:14:31,751  INFO [main] io.HiveInputFormat: Generating splits for dirs: file:/home/alex/Repositories/hive/ql/target/tmp/localscratchdir/580f32a5-6706-414f-9191-091360208307/hive_2024-04-24_05-14-31_431_3264883885078350017-1/dummy_path
2024-04-24T05:14:31,751  INFO [main] io.HiveInputFormat: number of splits 1
2024-04-24T05:14:31,769  INFO [main] mapreduce.JobSubmitter: number of splits:1
2024-04-24T05:14:31,788  INFO [main] mapreduce.JobSubmitter: Submitting tokens for job: job_local1147268183_0043
2024-04-24T05:14:31,789  INFO [main] mapreduce.JobSubmitter: Executing with tokens: []
2024-04-24T05:14:31,849  INFO [main] mapreduce.Job: The url to track the job: http://localhost:8080/
Job running in-process (local Hadoop)
2024-04-24T05:14:31,850  INFO [main] exec.Task: Job running in-process (local Hadoop)
2024-04-24T05:14:31,850  INFO [Thread-3575] mapred.LocalJobRunner: OutputCommitter set in config org.apache.hadoop.hive.ql.io.HiveFileFormatUtils$NullOutputCommitter
2024-04-24T05:14:31,850  INFO [Thread-3575] mapred.LocalJobRunner: OutputCommitter is org.apache.hadoop.hive.ql.io.HiveFileFormatUtils$NullOutputCommitter
2024-04-24T05:14:31,852  INFO [Thread-3575] mapred.LocalJobRunner: Waiting for map tasks
2024-04-24T05:14:31,852  INFO [LocalJobRunner Map Task Executor #0] mapred.LocalJobRunner: Starting task: attempt_local1147268183_0043_m_000000_0
2024-04-24T05:14:31,853  INFO [LocalJobRunner Map Task Executor #0] mapred.Task:  Using ResourceCalculatorProcessTree : [ ]
2024-04-24T05:14:31,853  INFO [LocalJobRunner Map Task Executor #0] mapred.MapTask: Processing split: org.apache.hadoop.hive.ql.io.NullRowsInputFormat:file:/home/alex/Repositories/hive/ql/target/tmp/localscratchdir/580f32a5-6706-414f-9191-091360208307/hive_2024-04-24_05-14-31_431_3264883885078350017-1/dummy_path/null:0+1
2024-04-24T05:14:31,854  INFO [LocalJobRunner Map Task Executor #0] exec.SerializationUtilities: Deserializing MapWork using kryo
2024-04-24T05:14:31,855  INFO [LocalJobRunner Map Task Executor #0] exec.Utilities: Deserialized plan (via FILE) - name: null size: 5,31KB
2024-04-24T05:14:31,855  INFO [LocalJobRunner Map Task Executor #0] mapred.MapTask: numReduceTasks: 2
2024-04-24T05:14:31,871  INFO [LocalJobRunner Map Task Executor #0] mapred.MapTask: (EQUATOR) 0 kvi 26214396(104857584)
2024-04-24T05:14:31,872  INFO [LocalJobRunner Map Task Executor #0] mapred.MapTask: mapreduce.task.io.sort.mb: 100
2024-04-24T05:14:31,872  INFO [LocalJobRunner Map Task Executor #0] mapred.MapTask: soft limit at 83886080
2024-04-24T05:14:31,872  INFO [LocalJobRunner Map Task Executor #0] mapred.MapTask: bufstart = 0; bufvoid = 104857600
2024-04-24T05:14:31,872  INFO [LocalJobRunner Map Task Executor #0] mapred.MapTask: kvstart = 26214396; length = 6553600
2024-04-24T05:14:31,872  INFO [LocalJobRunner Map Task Executor #0] mapred.MapTask: Map output collector class = org.apache.hadoop.mapred.MapTask$MapOutputBuffer
2024-04-24T05:14:31,872  INFO [LocalJobRunner Map Task Executor #0] exec.MapOperator: Initializing Operator: MAP[0]
2024-04-24T05:14:31,873  INFO [LocalJobRunner Map Task Executor #0] mr.ExecMapper: 
<MAP>Id =0
  <Children>null
  <\Children>
  <Parent><\Parent>
<\MAP>
2024-04-24T05:14:31,873  INFO [LocalJobRunner Map Task Executor #0] exec.TableScanOperator: Initializing Operator: TS[0]
2024-04-24T05:14:31,873  INFO [LocalJobRunner Map Task Executor #0] exec.SelectOperator: Initializing Operator: SEL[1]
2024-04-24T05:14:31,873  INFO [LocalJobRunner Map Task Executor #0] exec.SelectOperator: SELECT null
2024-04-24T05:14:31,874  INFO [LocalJobRunner Map Task Executor #0] exec.UDTFOperator: Initializing Operator: UDTF[2]
2024-04-24T05:14:31,874  INFO [LocalJobRunner Map Task Executor #0] exec.SelectOperator: Initializing Operator: SEL[3]
2024-04-24T05:14:31,874  INFO [LocalJobRunner Map Task Executor #0] exec.SelectOperator: SELECT struct<col1:int,col2:int>
2024-04-24T05:14:31,874  INFO [LocalJobRunner Map Task Executor #0] exec.ReduceSinkOperator: Initializing Operator: RS[4]
2024-04-24T05:14:31,874  INFO [LocalJobRunner Map Task Executor #0] exec.ReduceSinkOperator: Using tag = -1
2024-04-24T05:14:31,874  INFO [LocalJobRunner Map Task Executor #0] exec.ReduceSinkOperator: keys are [reducesinkkey0] num distributions: 1
2024-04-24T05:14:31,874  INFO [LocalJobRunner Map Task Executor #0] exec.ReduceSinkOperator: RS[4]: records written - 1
2024-04-24T05:14:31,874  INFO [LocalJobRunner Map Task Executor #0] exec.MapOperator: MAP[0]: records read - 1
2024-04-24T05:14:31,874  INFO [LocalJobRunner Map Task Executor #0] exec.MapOperator: Closing Operator: MAP[0]
2024-04-24T05:14:31,874  INFO [LocalJobRunner Map Task Executor #0] exec.MapOperator: MAP[0]: Total records read - 3. abort - false
2024-04-24T05:14:31,875  INFO [LocalJobRunner Map Task Executor #0] exec.MapOperator: RECORDS_OUT_INTERMEDIATE:0, RECORDS_OUT_OPERATOR_MAP_0:0, RECORDS_IN:3, DESERIALIZE_ERRORS:0, 
2024-04-24T05:14:31,875  INFO [LocalJobRunner Map Task Executor #0] exec.TableScanOperator: Closing Operator: TS[0]
2024-04-24T05:14:31,875  INFO [LocalJobRunner Map Task Executor #0] exec.TableScanOperator: RECORDS_OUT_INTERMEDIATE:0, RECORDS_OUT_OPERATOR_TS_0:1, 
2024-04-24T05:14:31,875  INFO [LocalJobRunner Map Task Executor #0] exec.SelectOperator: Closing Operator: SEL[1]
2024-04-24T05:14:31,875  INFO [LocalJobRunner Map Task Executor #0] exec.SelectOperator: RECORDS_OUT_INTERMEDIATE:0, RECORDS_OUT_OPERATOR_SEL_1:1, 
2024-04-24T05:14:31,875  INFO [LocalJobRunner Map Task Executor #0] exec.UDTFOperator: Closing Operator: UDTF[2]
2024-04-24T05:14:31,875  INFO [LocalJobRunner Map Task Executor #0] exec.UDTFOperator: RECORDS_OUT_OPERATOR_UDTF_2:2, RECORDS_OUT_INTERMEDIATE:0, 
2024-04-24T05:14:31,875  INFO [LocalJobRunner Map Task Executor #0] exec.SelectOperator: Closing Operator: SEL[3]
2024-04-24T05:14:31,875  INFO [LocalJobRunner Map Task Executor #0] exec.SelectOperator: RECORDS_OUT_OPERATOR_SEL_3:2, RECORDS_OUT_INTERMEDIATE:0, 
2024-04-24T05:14:31,875  INFO [LocalJobRunner Map Task Executor #0] exec.ReduceSinkOperator: Closing Operator: RS[4]
2024-04-24T05:14:31,875  INFO [LocalJobRunner Map Task Executor #0] exec.ReduceSinkOperator: RS[4]: Total records written - 2. abort - false
2024-04-24T05:14:31,875  INFO [LocalJobRunner Map Task Executor #0] exec.ReduceSinkOperator: RECORDS_OUT_OPERATOR_RS_4:2, RECORDS_OUT_INTERMEDIATE:2, 
2024-04-24T05:14:31,875  INFO [LocalJobRunner Map Task Executor #0] mapred.LocalJobRunner: 
2024-04-24T05:14:31,875  INFO [LocalJobRunner Map Task Executor #0] mapred.MapTask: Starting flush of map output
2024-04-24T05:14:31,875  INFO [LocalJobRunner Map Task Executor #0] mapred.MapTask: Spilling map output
2024-04-24T05:14:31,875  INFO [LocalJobRunner Map Task Executor #0] mapred.MapTask: bufstart = 0; bufend = 32; bufvoid = 104857600
2024-04-24T05:14:31,875  INFO [LocalJobRunner Map Task Executor #0] mapred.MapTask: kvstart = 26214396(104857584); kvend = 26214392(104857568); length = 5/6553600
2024-04-24T05:14:31,887  INFO [LocalJobRunner Map Task Executor #0] mapred.MapTask: Finished spill 0
2024-04-24T05:14:31,890  INFO [LocalJobRunner Map Task Executor #0] mapred.Task: Task:attempt_local1147268183_0043_m_000000_0 is done. And is in the process of committing
2024-04-24T05:14:31,890  INFO [LocalJobRunner Map Task Executor #0] mapred.LocalJobRunner: map
2024-04-24T05:14:31,890  INFO [LocalJobRunner Map Task Executor #0] mapred.Task: Task 'attempt_local1147268183_0043_m_000000_0' done.
2024-04-24T05:14:31,890  INFO [LocalJobRunner Map Task Executor #0] mapred.Task: Final Counters for attempt_local1147268183_0043_m_000000_0: Counters: 26
	File System Counters
		FILE: Number of bytes read=971750
		FILE: Number of bytes written=53909471
		FILE: Number of read operations=0
		FILE: Number of large read operations=0
		FILE: Number of write operations=0
	Map-Reduce Framework
		Map input records=4
		Map output records=2
		Map output bytes=32
		Map output materialized bytes=48
		Input split bytes=361
		Combine input records=0
		Spilled Records=2
		Failed Shuffles=0
		Merged Map outputs=0
		GC time elapsed (ms)=11
		Total committed heap usage (bytes)=1236271104
	HIVE
		DESERIALIZE_ERRORS=0
		RECORDS_IN=3
		RECORDS_OUT_INTERMEDIATE=2
		RECORDS_OUT_OPERATOR_MAP_0=0
		RECORDS_OUT_OPERATOR_RS_4=2
		RECORDS_OUT_OPERATOR_SEL_1=1
		RECORDS_OUT_OPERATOR_SEL_3=2
		RECORDS_OUT_OPERATOR_TS_0=1
		RECORDS_OUT_OPERATOR_UDTF_2=2
	File Input Format Counters 
		Bytes Read=5362
2024-04-24T05:14:31,890  INFO [LocalJobRunner Map Task Executor #0] mapred.LocalJobRunner: Finishing task: attempt_local1147268183_0043_m_000000_0
2024-04-24T05:14:31,890  INFO [Thread-3575] mapred.LocalJobRunner: map task executor complete.
2024-04-24T05:14:31,892  INFO [Thread-3575] mapred.LocalJobRunner: Waiting for reduce tasks
2024-04-24T05:14:31,892  INFO [pool-210-thread-1] mapred.LocalJobRunner: Starting task: attempt_local1147268183_0043_r_000000_0
2024-04-24T05:14:31,892  INFO [pool-210-thread-1] mapred.Task:  Using ResourceCalculatorProcessTree : [ ]
2024-04-24T05:14:31,892  INFO [pool-210-thread-1] mapred.ReduceTask: Using ShuffleConsumerPlugin: org.apache.hadoop.mapreduce.task.reduce.Shuffle@6ce7146d
2024-04-24T05:14:31,892  WARN [pool-210-thread-1] impl.MetricsSystemImpl: JobTracker metrics system already initialized!
2024-04-24T05:14:31,893  INFO [pool-210-thread-1] reduce.MergeManagerImpl: MergerManager: memoryLimit=1336252800, maxSingleShuffleLimit=334063200, mergeThreshold=881926912, ioSortFactor=10, memToMemMergeOutputsThreshold=10
2024-04-24T05:14:31,894  INFO [EventFetcher for fetching Map Completion Events] reduce.EventFetcher: attempt_local1147268183_0043_r_000000_0 Thread started: EventFetcher for fetching Map Completion Events
2024-04-24T05:14:31,894  INFO [localfetcher#61] reduce.LocalFetcher: localfetcher#61 about to shuffle output of map attempt_local1147268183_0043_m_000000_0 decomp: 20 len: 24 to MEMORY
2024-04-24T05:14:31,895  INFO [localfetcher#61] reduce.InMemoryMapOutput: Read 20 bytes from map-output for attempt_local1147268183_0043_m_000000_0
2024-04-24T05:14:31,895  INFO [localfetcher#61] reduce.MergeManagerImpl: closeInMemoryFile -> map-output of size: 20, inMemoryMapOutputs.size() -> 1, commitMemory -> 0, usedMemory ->20
2024-04-24T05:14:31,895  INFO [EventFetcher for fetching Map Completion Events] reduce.EventFetcher: EventFetcher is interrupted.. Returning
2024-04-24T05:14:31,895  INFO [pool-210-thread-1] mapred.LocalJobRunner: 1 / 1 copied.
2024-04-24T05:14:31,895  INFO [pool-210-thread-1] reduce.MergeManagerImpl: finalMerge called with 1 in-memory map-outputs and 0 on-disk map-outputs
2024-04-24T05:14:31,903  INFO [pool-210-thread-1] mapred.Merger: Merging 1 sorted segments
2024-04-24T05:14:31,903  INFO [pool-210-thread-1] mapred.Merger: Down to the last merge-pass, with 1 segments left of total size: 8 bytes
2024-04-24T05:14:31,905  INFO [pool-210-thread-1] reduce.MergeManagerImpl: Merged 1 segments, 20 bytes to disk to satisfy reduce memory limit
2024-04-24T05:14:31,905  INFO [pool-210-thread-1] reduce.MergeManagerImpl: Merging 1 files, 24 bytes from disk
2024-04-24T05:14:31,905  INFO [pool-210-thread-1] reduce.MergeManagerImpl: Merging 0 segments, 0 bytes from memory into reduce
2024-04-24T05:14:31,905  INFO [pool-210-thread-1] mapred.Merger: Merging 1 sorted segments
2024-04-24T05:14:31,905  INFO [pool-210-thread-1] mapred.Merger: Down to the last merge-pass, with 1 segments left of total size: 8 bytes
2024-04-24T05:14:31,905  INFO [pool-210-thread-1] mapred.LocalJobRunner: 1 / 1 copied.
2024-04-24T05:14:31,906  INFO [pool-210-thread-1] exec.SerializationUtilities: Deserializing ReduceWork using kryo
2024-04-24T05:14:31,906  INFO [pool-210-thread-1] exec.Utilities: Deserialized plan (via FILE) - name: null size: 5,92KB
2024-04-24T05:14:31,907  INFO [pool-210-thread-1] ExecReducer: 
<SEL>Id =5
  <Children>
    <FS>Id =6
      <Children>
      <\Children>
      <Parent>Id = 5 null<\Parent>
    <\FS>
  <\Children>
  <Parent><\Parent>
<\SEL>
2024-04-24T05:14:31,907  INFO [pool-210-thread-1] exec.SelectOperator: Initializing Operator: SEL[5]
2024-04-24T05:14:31,907  INFO [pool-210-thread-1] exec.SelectOperator: SELECT struct<key:struct<reducesinkkey0:int>,value:struct<_col0:int>>
2024-04-24T05:14:31,907  INFO [pool-210-thread-1] exec.FileSinkOperator: Initializing Operator: FS[6]
2024-04-24T05:14:31,907  INFO [pool-210-thread-1] exec.FileSinkOperator: Using serializer : AbstractSerDe [log=org.apache.logging.slf4j.Log4jLogger@a925655, configuration=Optional[Configuration: core-default.xml, core-site.xml, mapred-default.xml, mapred-site.xml, yarn-default.xml, yarn-site.xml, hdfs-default.xml, hdfs-site.xml, file:/home/alex/Repositories/hive/ql/target/tmp/TestTxnCommandsWithSplitUpdateAndVectorization/mapred/local/localRunner/alex/job_local1147268183_0043/job_local1147268183_0043.xml], properties={transactional_properties=default, name=default.acidtbl, transactional=true, columns.types=int:int, bucket_field_name=a, columns=a,b, numFilesErasureCoded=0, columns.comments=&amp#0;, bucketing_version=2, bucket_count=2, serialization.lib=org.apache.hadoop.hive.ql.io.orc.OrcSerde, file.inputformat=org.apache.hadoop.hive.ql.io.orc.OrcInputFormat, file.outputformat=org.apache.hadoop.hive.ql.io.orc.OrcOutputFormat, location=file:/home/alex/Repositories/hive/ql/target/tmp/org.apache.hadoop.hive.ql.TestTxnCommands-1713960750541/warehouse/acidtbl, column.name.delimiter=,}, tableProperties={transactional_properties=default, name=default.acidtbl, transactional=true, columns.types=int:int, bucket_field_name=a, columns=a,b, numFilesErasureCoded=0, columns.comments=&amp#0;, bucketing_version=2, bucket_count=2, serialization.lib=org.apache.hadoop.hive.ql.io.orc.OrcSerde, file.inputformat=org.apache.hadoop.hive.ql.io.orc.OrcInputFormat, location=file:/home/alex/Repositories/hive/ql/target/tmp/org.apache.hadoop.hive.ql.TestTxnCommands-1713960750541/warehouse/acidtbl, file.outputformat=org.apache.hadoop.hive.ql.io.orc.OrcOutputFormat, column.name.delimiter=,}, partitionProperties=Optional.empty, columnNames=[a, b], columnTypes=[int, int], getClass()=class org.apache.hadoop.hive.ql.io.orc.OrcSerde] and formatter : org.apache.hadoop.hive.ql.io.orc.OrcOutputFormat@140a30b8
2024-04-24T05:14:31,908  INFO [pool-210-thread-1] exec.FileSinkOperator: Final Path: FS file:/home/alex/Repositories/hive/ql/target/tmp/org.apache.hadoop.hive.ql.TestTxnCommands-1713960750541/warehouse/acidtbl
2024-04-24T05:14:31,908  INFO [pool-210-thread-1] exec.FileSinkOperator: New Final Path: FS file:/home/alex/Repositories/hive/ql/target/tmp/org.apache.hadoop.hive.ql.TestTxnCommands-1713960750541/warehouse/acidtbl
2024-04-24T05:14:31,908  INFO [pool-210-thread-1] common.FileUtils: Creating directory if it doesn't exist: file:/home/alex/Repositories/hive/ql/target/tmp/org.apache.hadoop.hive.ql.TestTxnCommands-1713960750541/warehouse
2024-04-24T05:14:31,908  INFO [pool-210-thread-1] exec.FileSinkOperator: FS[6]: records written - 1
2024-04-24T05:14:31,908  INFO [pool-210-thread-1] impl.PhysicalFsWriter: ORC writer created for path: file:/home/alex/Repositories/hive/ql/target/tmp/org.apache.hadoop.hive.ql.TestTxnCommands-1713960750541/warehouse/acidtbl/delta_0000001_0000001_0001/bucket_00000_0 with stripeSize: 8388608 blockSize: 268435456 compression: Compress: ZLIB buffer: 32768
2024-04-24T05:14:31,914  INFO [pool-210-thread-1] impl.WriterImpl: ORC writer created for path: file:/home/alex/Repositories/hive/ql/target/tmp/org.apache.hadoop.hive.ql.TestTxnCommands-1713960750541/warehouse/acidtbl/delta_0000001_0000001_0001/bucket_00000_0 with stripeSize: 8388608 options: Compress: ZLIB buffer: 32768
2024-04-24T05:14:31,919  INFO [pool-210-thread-1] exec.SelectOperator: Closing Operator: SEL[5]
2024-04-24T05:14:31,919  INFO [pool-210-thread-1] exec.SelectOperator: RECORDS_OUT_OPERATOR_SEL_5:1, RECORDS_OUT_INTERMEDIATE:0, 
2024-04-24T05:14:31,919  INFO [pool-210-thread-1] exec.FileSinkOperator: Closing Operator: FS[6]
2024-04-24T05:14:31,919  INFO [pool-210-thread-1] exec.FileSinkOperator: FS[6]: records written - 1
2024-04-24T05:14:31,920  INFO [pool-210-thread-1] FileOperations: Writing manifest to file:/home/alex/Repositories/hive/ql/target/tmp/org.apache.hadoop.hive.ql.TestTxnCommands-1713960750541/warehouse/acidtbl/_tmp.delta_0000001_0000001_0001/000000_0.manifest with [file:/home/alex/Repositories/hive/ql/target/tmp/org.apache.hadoop.hive.ql.TestTxnCommands-1713960750541/warehouse/acidtbl/delta_0000001_0000001_0001/bucket_00000_0]
2024-04-24T05:14:31,931  INFO [pool-210-thread-1] exec.FileSinkOperator: TOTAL_TABLE_ROWS_WRITTEN:1, RECORDS_OUT_1_default.acidtbl:1, RECORDS_OUT_INTERMEDIATE:0, RECORDS_OUT_OPERATOR_FS_6:1, 
2024-04-24T05:14:31,931  INFO [pool-210-thread-1] mapred.Task: Task:attempt_local1147268183_0043_r_000000_0 is done. And is in the process of committing
2024-04-24T05:14:31,932  INFO [pool-210-thread-1] mapred.LocalJobRunner: reduce > reduce
2024-04-24T05:14:31,932  INFO [pool-210-thread-1] mapred.Task: Task 'attempt_local1147268183_0043_r_000000_0' done.
2024-04-24T05:14:31,932  INFO [pool-210-thread-1] mapred.Task: Final Counters for attempt_local1147268183_0043_r_000000_0: Counters: 30
	File System Counters
		FILE: Number of bytes read=977857
		FILE: Number of bytes written=53910517
		FILE: Number of read operations=0
		FILE: Number of large read operations=0
		FILE: Number of write operations=0
	Map-Reduce Framework
		Combine input records=0
		Combine output records=0
		Reduce input groups=1
		Reduce shuffle bytes=24
		Reduce input records=1
		Reduce output records=0
		Spilled Records=1
		Shuffled Maps =1
		Failed Shuffles=0
		Merged Map outputs=1
		GC time elapsed (ms)=0
		Total committed heap usage (bytes)=1236271104
	HIVE
		CREATED_FILES=1
		RECORDS_OUT_1_default.acidtbl=1
		RECORDS_OUT_INTERMEDIATE=0
		RECORDS_OUT_OPERATOR_FS_6=1
		RECORDS_OUT_OPERATOR_SEL_5=1
		TOTAL_TABLE_ROWS_WRITTEN=1
	Shuffle Errors
		BAD_ID=0
		CONNECTION=0
		IO_ERROR=0
		WRONG_LENGTH=0
		WRONG_MAP=0
		WRONG_REDUCE=0
	File Output Format Counters 
		Bytes Written=0
2024-04-24T05:14:31,932  INFO [pool-210-thread-1] mapred.LocalJobRunner: Finishing task: attempt_local1147268183_0043_r_000000_0
2024-04-24T05:14:31,932  INFO [pool-210-thread-1] mapred.LocalJobRunner: Starting task: attempt_local1147268183_0043_r_000001_0
2024-04-24T05:14:31,932  INFO [pool-210-thread-1] mapred.Task:  Using ResourceCalculatorProcessTree : [ ]
2024-04-24T05:14:31,932  INFO [pool-210-thread-1] mapred.ReduceTask: Using ShuffleConsumerPlugin: org.apache.hadoop.mapreduce.task.reduce.Shuffle@c47e06a
2024-04-24T05:14:31,932  WARN [pool-210-thread-1] impl.MetricsSystemImpl: JobTracker metrics system already initialized!
2024-04-24T05:14:31,933  INFO [pool-210-thread-1] reduce.MergeManagerImpl: MergerManager: memoryLimit=1336252800, maxSingleShuffleLimit=334063200, mergeThreshold=881926912, ioSortFactor=10, memToMemMergeOutputsThreshold=10
2024-04-24T05:14:31,933  INFO [EventFetcher for fetching Map Completion Events] reduce.EventFetcher: attempt_local1147268183_0043_r_000001_0 Thread started: EventFetcher for fetching Map Completion Events
2024-04-24T05:14:31,937  INFO [localfetcher#62] reduce.LocalFetcher: localfetcher#62 about to shuffle output of map attempt_local1147268183_0043_m_000000_0 decomp: 20 len: 24 to MEMORY
2024-04-24T05:14:31,937  INFO [localfetcher#62] reduce.InMemoryMapOutput: Read 20 bytes from map-output for attempt_local1147268183_0043_m_000000_0
2024-04-24T05:14:31,937  INFO [localfetcher#62] reduce.MergeManagerImpl: closeInMemoryFile -> map-output of size: 20, inMemoryMapOutputs.size() -> 1, commitMemory -> 0, usedMemory ->20
2024-04-24T05:14:31,937  INFO [EventFetcher for fetching Map Completion Events] reduce.EventFetcher: EventFetcher is interrupted.. Returning
2024-04-24T05:14:31,937  INFO [pool-210-thread-1] mapred.LocalJobRunner: 1 / 1 copied.
2024-04-24T05:14:31,937  INFO [pool-210-thread-1] reduce.MergeManagerImpl: finalMerge called with 1 in-memory map-outputs and 0 on-disk map-outputs
2024-04-24T05:14:31,944  INFO [pool-210-thread-1] mapred.Merger: Merging 1 sorted segments
2024-04-24T05:14:31,945  INFO [pool-210-thread-1] mapred.Merger: Down to the last merge-pass, with 1 segments left of total size: 8 bytes
2024-04-24T05:14:31,947  INFO [pool-210-thread-1] reduce.MergeManagerImpl: Merged 1 segments, 20 bytes to disk to satisfy reduce memory limit
2024-04-24T05:14:31,947  INFO [pool-210-thread-1] reduce.MergeManagerImpl: Merging 1 files, 24 bytes from disk
2024-04-24T05:14:31,947  INFO [pool-210-thread-1] reduce.MergeManagerImpl: Merging 0 segments, 0 bytes from memory into reduce
2024-04-24T05:14:31,947  INFO [pool-210-thread-1] mapred.Merger: Merging 1 sorted segments
2024-04-24T05:14:31,947  INFO [pool-210-thread-1] mapred.Merger: Down to the last merge-pass, with 1 segments left of total size: 8 bytes
2024-04-24T05:14:31,947  INFO [pool-210-thread-1] mapred.LocalJobRunner: 1 / 1 copied.
2024-04-24T05:14:31,948  INFO [pool-210-thread-1] exec.SerializationUtilities: Deserializing ReduceWork using kryo
2024-04-24T05:14:31,948  INFO [pool-210-thread-1] exec.Utilities: Deserialized plan (via FILE) - name: null size: 5,92KB
2024-04-24T05:14:31,949  INFO [pool-210-thread-1] ExecReducer: 
<SEL>Id =5
  <Children>
    <FS>Id =6
      <Children>
      <\Children>
      <Parent>Id = 5 null<\Parent>
    <\FS>
  <\Children>
  <Parent><\Parent>
<\SEL>
2024-04-24T05:14:31,949  INFO [pool-210-thread-1] exec.SelectOperator: Initializing Operator: SEL[5]
2024-04-24T05:14:31,949  INFO [pool-210-thread-1] exec.SelectOperator: SELECT struct<key:struct<reducesinkkey0:int>,value:struct<_col0:int>>
2024-04-24T05:14:31,949  INFO [pool-210-thread-1] exec.FileSinkOperator: Initializing Operator: FS[6]
2024-04-24T05:14:31,949  INFO [pool-210-thread-1] exec.FileSinkOperator: Using serializer : AbstractSerDe [log=org.apache.logging.slf4j.Log4jLogger@a925655, configuration=Optional[Configuration: core-default.xml, core-site.xml, mapred-default.xml, mapred-site.xml, yarn-default.xml, yarn-site.xml, hdfs-default.xml, hdfs-site.xml, file:/home/alex/Repositories/hive/ql/target/tmp/TestTxnCommandsWithSplitUpdateAndVectorization/mapred/local/localRunner/alex/job_local1147268183_0043/job_local1147268183_0043.xml], properties={transactional_properties=default, name=default.acidtbl, transactional=true, columns.types=int:int, bucket_field_name=a, columns=a,b, numFilesErasureCoded=0, columns.comments=&amp#0;, bucketing_version=2, bucket_count=2, serialization.lib=org.apache.hadoop.hive.ql.io.orc.OrcSerde, file.inputformat=org.apache.hadoop.hive.ql.io.orc.OrcInputFormat, file.outputformat=org.apache.hadoop.hive.ql.io.orc.OrcOutputFormat, location=file:/home/alex/Repositories/hive/ql/target/tmp/org.apache.hadoop.hive.ql.TestTxnCommands-1713960750541/warehouse/acidtbl, column.name.delimiter=,}, tableProperties={transactional_properties=default, name=default.acidtbl, transactional=true, columns.types=int:int, bucket_field_name=a, columns=a,b, numFilesErasureCoded=0, columns.comments=&amp#0;, bucketing_version=2, bucket_count=2, serialization.lib=org.apache.hadoop.hive.ql.io.orc.OrcSerde, file.inputformat=org.apache.hadoop.hive.ql.io.orc.OrcInputFormat, location=file:/home/alex/Repositories/hive/ql/target/tmp/org.apache.hadoop.hive.ql.TestTxnCommands-1713960750541/warehouse/acidtbl, file.outputformat=org.apache.hadoop.hive.ql.io.orc.OrcOutputFormat, column.name.delimiter=,}, partitionProperties=Optional.empty, columnNames=[a, b], columnTypes=[int, int], getClass()=class org.apache.hadoop.hive.ql.io.orc.OrcSerde] and formatter : org.apache.hadoop.hive.ql.io.orc.OrcOutputFormat@35656d7f
2024-04-24T05:14:31,950  INFO [pool-210-thread-1] exec.FileSinkOperator: Final Path: FS file:/home/alex/Repositories/hive/ql/target/tmp/org.apache.hadoop.hive.ql.TestTxnCommands-1713960750541/warehouse/acidtbl
2024-04-24T05:14:31,950  INFO [pool-210-thread-1] exec.FileSinkOperator: New Final Path: FS file:/home/alex/Repositories/hive/ql/target/tmp/org.apache.hadoop.hive.ql.TestTxnCommands-1713960750541/warehouse/acidtbl
2024-04-24T05:14:31,950  INFO [pool-210-thread-1] common.FileUtils: Creating directory if it doesn't exist: file:/home/alex/Repositories/hive/ql/target/tmp/org.apache.hadoop.hive.ql.TestTxnCommands-1713960750541/warehouse
2024-04-24T05:14:31,950  INFO [pool-210-thread-1] exec.FileSinkOperator: FS[6]: records written - 1
2024-04-24T05:14:31,950  INFO [pool-210-thread-1] impl.PhysicalFsWriter: ORC writer created for path: file:/home/alex/Repositories/hive/ql/target/tmp/org.apache.hadoop.hive.ql.TestTxnCommands-1713960750541/warehouse/acidtbl/delta_0000001_0000001_0001/bucket_00001_0 with stripeSize: 8388608 blockSize: 268435456 compression: Compress: ZLIB buffer: 32768
2024-04-24T05:14:31,955  INFO [pool-210-thread-1] impl.WriterImpl: ORC writer created for path: file:/home/alex/Repositories/hive/ql/target/tmp/org.apache.hadoop.hive.ql.TestTxnCommands-1713960750541/warehouse/acidtbl/delta_0000001_0000001_0001/bucket_00001_0 with stripeSize: 8388608 options: Compress: ZLIB buffer: 32768
2024-04-24T05:14:31,955  INFO [pool-210-thread-1] exec.SelectOperator: Closing Operator: SEL[5]
2024-04-24T05:14:31,955  INFO [pool-210-thread-1] exec.SelectOperator: RECORDS_OUT_INTERMEDIATE:0, RECORDS_OUT_OPERATOR_SEL_5:1, 
2024-04-24T05:14:31,955  INFO [pool-210-thread-1] exec.FileSinkOperator: Closing Operator: FS[6]
2024-04-24T05:14:31,956  INFO [pool-210-thread-1] exec.FileSinkOperator: FS[6]: records written - 1
2024-04-24T05:14:31,957  INFO [pool-210-thread-1] FileOperations: Writing manifest to file:/home/alex/Repositories/hive/ql/target/tmp/org.apache.hadoop.hive.ql.TestTxnCommands-1713960750541/warehouse/acidtbl/_tmp.delta_0000001_0000001_0001/000001_0.manifest with [file:/home/alex/Repositories/hive/ql/target/tmp/org.apache.hadoop.hive.ql.TestTxnCommands-1713960750541/warehouse/acidtbl/delta_0000001_0000001_0001/bucket_00001_0]
2024-04-24T05:14:31,966  INFO [pool-210-thread-1] exec.FileSinkOperator: RECORDS_OUT_INTERMEDIATE:0, RECORDS_OUT_OPERATOR_FS_6:1, TOTAL_TABLE_ROWS_WRITTEN:1, RECORDS_OUT_1_default.acidtbl:1, 
2024-04-24T05:14:31,966  INFO [pool-210-thread-1] mapred.Task: Task:attempt_local1147268183_0043_r_000001_0 is done. And is in the process of committing
2024-04-24T05:14:31,967  INFO [pool-210-thread-1] mapred.LocalJobRunner: reduce > reduce
2024-04-24T05:14:31,967  INFO [pool-210-thread-1] mapred.Task: Task 'attempt_local1147268183_0043_r_000001_0' done.
2024-04-24T05:14:31,967  INFO [pool-210-thread-1] mapred.Task: Final Counters for attempt_local1147268183_0043_r_000001_0: Counters: 30
	File System Counters
		FILE: Number of bytes read=983940
		FILE: Number of bytes written=53911551
		FILE: Number of read operations=0
		FILE: Number of large read operations=0
		FILE: Number of write operations=0
	Map-Reduce Framework
		Combine input records=0
		Combine output records=0
		Reduce input groups=1
		Reduce shuffle bytes=24
		Reduce input records=1
		Reduce output records=0
		Spilled Records=1
		Shuffled Maps =1
		Failed Shuffles=0
		Merged Map outputs=1
		GC time elapsed (ms)=0
		Total committed heap usage (bytes)=1236271104
	HIVE
		CREATED_FILES=1
		RECORDS_OUT_1_default.acidtbl=1
		RECORDS_OUT_INTERMEDIATE=0
		RECORDS_OUT_OPERATOR_FS_6=1
		RECORDS_OUT_OPERATOR_SEL_5=1
		TOTAL_TABLE_ROWS_WRITTEN=1
	Shuffle Errors
		BAD_ID=0
		CONNECTION=0
		IO_ERROR=0
		WRONG_LENGTH=0
		WRONG_MAP=0
		WRONG_REDUCE=0
	File Output Format Counters 
		Bytes Written=0
2024-04-24T05:14:31,967  INFO [pool-210-thread-1] mapred.LocalJobRunner: Finishing task: attempt_local1147268183_0043_r_000001_0
2024-04-24T05:14:31,967  INFO [Thread-3575] mapred.LocalJobRunner: reduce task executor complete.
2024-04-24 05:14:32,853 Stage-1 map = 100%,  reduce = 100%
2024-04-24T05:14:32,853  INFO [main] exec.Task: 2024-04-24 05:14:32,853 Stage-1 map = 100%,  reduce = 100%
Ended Job = job_local1147268183_0043
2024-04-24T05:14:32,854  INFO [main] exec.Task: Ended Job = job_local1147268183_0043
2024-04-24T05:14:32,854  INFO [main] FileOperations: Found manifest file file:/home/alex/Repositories/hive/ql/target/tmp/org.apache.hadoop.hive.ql.TestTxnCommands-1713960750541/warehouse/acidtbl/_tmp.delta_0000001_0000001_0001/000001_0.manifest with attemptId 0.
2024-04-24T05:14:32,854  INFO [main] FileOperations: Found manifest file file:/home/alex/Repositories/hive/ql/target/tmp/org.apache.hadoop.hive.ql.TestTxnCommands-1713960750541/warehouse/acidtbl/_tmp.delta_0000001_0000001_0001/000000_0.manifest with attemptId 0.
2024-04-24T05:14:32,855  INFO [main] FileOperations: Looking at manifest file: file:/home/alex/Repositories/hive/ql/target/tmp/org.apache.hadoop.hive.ql.TestTxnCommands-1713960750541/warehouse/acidtbl/_tmp.delta_0000001_0000001_0001/000000_0.manifest
2024-04-24T05:14:32,855  INFO [main] FileOperations: Looking at manifest file: file:/home/alex/Repositories/hive/ql/target/tmp/org.apache.hadoop.hive.ql.TestTxnCommands-1713960750541/warehouse/acidtbl/_tmp.delta_0000001_0000001_0001/000001_0.manifest
2024-04-24T05:14:32,855  INFO [main] FileOperations: Deleting manifest directory file:/home/alex/Repositories/hive/ql/target/tmp/org.apache.hadoop.hive.ql.TestTxnCommands-1713960750541/warehouse/acidtbl/_tmp.delta_0000001_0000001_0001
2024-04-24T05:14:32,856  INFO [main] ql.Driver: Starting task [Stage-0:MOVE] in serial mode
Loading data to table default.acidtbl
2024-04-24T05:14:32,856  INFO [main] exec.Task: Loading data to table default.acidtbl from file:/home/alex/Repositories/hive/ql/target/tmp/org.apache.hadoop.hive.ql.TestTxnCommands-1713960750541/warehouse/acidtbl
2024-04-24T05:14:32,857  INFO [main] HiveMetaStore.audit: ugi=alex	ip=unknown-ip-addr	cmd=get_table : tbl=hive.default.acidtbl	
2024-04-24T05:14:32,864  INFO [main] metastore.HMSHandler: Skipping translation for processor with null
2024-04-24T05:14:32,864  INFO [main] HiveMetaStore.audit: ugi=alex	ip=unknown-ip-addr	cmd=get_table : tbl=hive.default.acidtbl	
2024-04-24T05:14:32,872  INFO [main] metastore.HMSHandler: Skipping translation for processor with null
2024-04-24T05:14:32,872  INFO [main] HiveMetaStore.audit: ugi=alex	ip=unknown-ip-addr	cmd=alter_table: hive.default.acidtbl newtbl=acidtbl	
2024-04-24T05:14:32,890  INFO [main] ql.Driver: Starting task [Stage-2:STATS] in serial mode
2024-04-24T05:14:32,890  INFO [main] HiveMetaStore.audit: ugi=alex	ip=unknown-ip-addr	cmd=get_table : tbl=hive.default.acidtbl	
2024-04-24T05:14:32,896  INFO [main] metastore.HMSHandler: Skipping translation for processor with null
2024-04-24T05:14:32,896  INFO [main] stats.BasicStatsTask: Executing stats task
2024-04-24T05:14:32,896  INFO [main] fs.FSStatsPublisher: created : file:/home/alex/Repositories/hive/ql/target/tmp/localscratchdir/580f32a5-6706-414f-9191-091360208307/hive_2024-04-24_05-14-31_431_3264883885078350017-1/-mr-10000
2024-04-24T05:14:32,898  INFO [main] HiveMetaStore.audit: ugi=alex	ip=unknown-ip-addr	cmd=get_table : tbl=hive.default.acidtbl	
2024-04-24T05:14:32,905  INFO [main] metastore.HMSHandler: Skipping translation for processor with null
2024-04-24T05:14:32,926  WARN [main] FileOperations: Computing stats for an ACID table; stats may be inaccurate
2024-04-24T05:14:32,926  INFO [main] FileOperations: Read stats for default.acidtbl/, numRows, true, 2, false: 
2024-04-24T05:14:32,926  INFO [main] FileOperations: Read stats for default.acidtbl/, rawDataSize, true, 0, false: 
2024-04-24T05:14:32,927  INFO [main] HiveMetaStore.audit: ugi=alex	ip=unknown-ip-addr	cmd=alter_table: hive.default.acidtbl newtbl=acidtbl	
2024-04-24T05:14:32,947  INFO [main] FileOperations: Read stats for default.acidtbl/, insertCount, true, 2, false: 
2024-04-24T05:14:32,947  INFO [main] FileOperations: Read stats for default.acidtbl/, updateCount, true, 0, false: 
2024-04-24T05:14:32,947  INFO [main] FileOperations: Read stats for default.acidtbl/, deleteCount, true, 0, false: 
2024-04-24T05:14:32,948  INFO [main] stats.BasicStatsTask: Table default.acidtbl stats: [numFiles=4, numRows=4, totalSize=2701, rawDataSize=0, numFilesErasureCoded=0]
2024-04-24T05:14:32,948  INFO [main] metadata.Hive: Dumping metastore api call timing information for : execution phase
2024-04-24T05:14:32,948  INFO [main] metadata.Hive: Total time spent in each metastore function (ms): {isCompatibleWith_(Configuration)=0, alter_table_(String, String, String, Table, EnvironmentContext, String)=38, getTable_(GetTableRequest)=29, updateTransactionalStatistics_(UpdateTransactionalStatsRequest)=1}
MapReduce Jobs Launched: 
2024-04-24T05:14:32,948  INFO [main] ql.Driver: MapReduce Jobs Launched: 
Stage-Stage-1:  HDFS Read: 0 HDFS Write: 0 SUCCESS
2024-04-24T05:14:32,948  INFO [main] ql.Driver: Stage-Stage-1:  HDFS Read: 0 HDFS Write: 0 SUCCESS
Total MapReduce CPU Time Spent: 0 msec
2024-04-24T05:14:32,949  INFO [main] ql.Driver: Total MapReduce CPU Time Spent: 0 msec
2024-04-24T05:14:32,949  INFO [main] ql.Driver: Completed executing command(queryId=alex_20240424051431_f869a94f-fc49-46a4-aecb-143d08a73f6d); Time taken: 1.383 seconds
2024-04-24T05:14:32,949  INFO [main] ql.TxnCommandsBaseForTests: Running the query: commit
2024-04-24T05:14:32,949  INFO [main] ql.Context: Deleting scratch dir: file:/home/alex/Repositories/hive/ql/target/tmp/localscratchdir/580f32a5-6706-414f-9191-091360208307/hive_2024-04-24_05-14-31_431_3264883885078350017-1
2024-04-24T05:14:32,949  INFO [main] cleanup.SyncCleanupService: Deleted directory: file:/home/alex/Repositories/hive/ql/target/tmp/localscratchdir/580f32a5-6706-414f-9191-091360208307/hive_2024-04-24_05-14-31_431_3264883885078350017-1 on fs with scheme file
2024-04-24T05:14:32,949  INFO [main] ql.Driver: Compiling command(queryId=alex_20240424051432_a3f7ea33-85d6-40bb-8eb0-7fd2a957d3db): commit
2024-04-24T05:14:32,950  INFO [main] parse.CalcitePlanner: Starting caching scope for: 
2024-04-24T05:14:32,950  INFO [main] parse.CalcitePlanner: Starting Semantic Analysis
2024-04-24T05:14:32,950  INFO [main] parse.CalcitePlanner: Ending caching scope for: 
2024-04-24T05:14:32,950  INFO [main] ql.Driver: Semantic Analysis Completed (retrial = false)
2024-04-24T05:14:32,950  INFO [main] ql.Driver: Created Hive schema: Schema(fieldSchemas:null, properties:null)
2024-04-24T05:14:32,950  INFO [main] metadata.Hive: Dumping metastore api call timing information for : compilation phase
2024-04-24T05:14:32,950  INFO [main] metadata.Hive: Total time spent in each metastore function (ms): {flushCache_()=0, isCompatibleWith_(Configuration)=0, getValidWriteIds_(List, String)=0}
2024-04-24T05:14:32,950  INFO [main] ql.Driver: Completed compiling command(queryId=alex_20240424051432_a3f7ea33-85d6-40bb-8eb0-7fd2a957d3db); Time taken: 0.001 seconds
2024-04-24T05:14:32,950  INFO [main] lockmgr.DbTxnManager: Setting lock request transaction to txnid:13 for queryId=alex_20240424051432_a3f7ea33-85d6-40bb-8eb0-7fd2a957d3db
2024-04-24T05:14:32,951  INFO [main] ql.Driver: Operation COMMIT obtained 0 locks
2024-04-24T05:14:32,951  INFO [main] ql.Driver: Executing command(queryId=alex_20240424051432_a3f7ea33-85d6-40bb-8eb0-7fd2a957d3db): commit
2024-04-24T05:14:32,951  INFO [main] metadata.Hive: Dumping metastore api call timing information for : execution phase
2024-04-24T05:14:32,951  INFO [main] metadata.Hive: Total time spent in each metastore function (ms): {}
2024-04-24T05:14:32,951  INFO [main] ql.Driver: Completed executing command(queryId=alex_20240424051432_a3f7ea33-85d6-40bb-8eb0-7fd2a957d3db); Time taken: 0.0 seconds
2024-04-24T05:14:32,951  INFO [main] lockmgr.DbTxnManager: Stopped heartbeat for query: alex_20240424051432_a3f7ea33-85d6-40bb-8eb0-7fd2a957d3db
2024-04-24T05:14:32,962  INFO [main] txn.TxnHandler: Removed transactions: ([13]) from MIN_HISTORY_LEVEL
2024-04-24T05:14:32,962  WARN [main] txn.CompactionTxnHandler: No compaction queue record found for Compaction type transaction commit. txnId:13
2024-04-24T05:14:32,962  INFO [main] ql.TxnCommandsBaseForTests: Running the query: delete from acidTbl where b = 2
2024-04-24T05:14:32,963  INFO [main] ql.Driver: Compiling command(queryId=alex_20240424051432_9f353158-17dc-4bfc-b580-b145e93fe867): delete from acidTbl where b = 2
2024-04-24T05:14:32,965  INFO [main] txn.TxnHandler: Added entries to MIN_HISTORY_LEVEL for current txns: ([14]) with min_open_txn: 14
2024-04-24T05:14:32,965  INFO [main] lockmgr.DbTxnManager: Opened txnid:14
2024-04-24T05:14:32,966  INFO [main] parse.UpdateDeleteSemanticAnalyzer: Starting caching scope for: 
2024-04-24T05:14:32,966  INFO [main] HiveMetaStore.audit: ugi=alex	ip=unknown-ip-addr	cmd=get_table : tbl=hive.default.acidTbl	
2024-04-24T05:14:32,972  INFO [main] metastore.HMSHandler: Skipping translation for processor with null
2024-04-24T05:14:32,972  INFO [main] parse.RewriteSemanticAnalyzer: Going to reparse <delete from acidTbl where b = 2> as 
<insert into table `default`.`acidTbl` select ROW__ID from `default`.`acidTbl` sort by ROW__ID >
2024-04-24T05:14:32,973  INFO [main] parse.UpdateDeleteSemanticAnalyzer: Starting Semantic Analysis
2024-04-24T05:14:32,975  INFO [main] parse.UpdateDeleteSemanticAnalyzer: Completed phase 1 of Semantic Analysis
2024-04-24T05:14:32,975  INFO [main] parse.UpdateDeleteSemanticAnalyzer: Get metadata for source tables
2024-04-24T05:14:32,976  INFO [main] HiveMetaStore.audit: ugi=alex	ip=unknown-ip-addr	cmd=get_table : tbl=hive.default.acidtbl	
2024-04-24T05:14:32,983  INFO [main] metastore.HMSHandler: Skipping translation for processor with null
2024-04-24T05:14:32,984  INFO [main] parse.UpdateDeleteSemanticAnalyzer: Get metadata for subqueries
2024-04-24T05:14:32,984  INFO [main] parse.UpdateDeleteSemanticAnalyzer: Get metadata for destination tables
2024-04-24T05:14:32,984  INFO [main] HiveMetaStore.audit: ugi=alex	ip=unknown-ip-addr	cmd=get_table : tbl=hive.default.acidTbl	
2024-04-24T05:14:32,994  INFO [main] metastore.HMSHandler: Skipping translation for processor with null
2024-04-24T05:14:32,995  INFO [main] parse.UpdateDeleteSemanticAnalyzer: Completed getting MetaData in Semantic Analysis
2024-04-24T05:14:32,995  INFO [main] parse.UpdateDeleteSemanticAnalyzer: Disabling LLAP IO encode as ETL query is detected
2024-04-24T05:14:33,009  INFO [main] HiveMetaStore.audit: ugi=alex	ip=unknown-ip-addr	cmd=get_all_table_constraints : tbl=hive.default.acidtbl	
2024-04-24T05:14:33,034  INFO [main] calcite.RelOptHiveTable: Calculating column statistics for default.acidtbl, projIndxSet: [1], allowMissingStats: true
2024-04-24T05:14:33,034  INFO [main] HiveMetaStore.audit: ugi=alex	ip=unknown-ip-addr	cmd=get_table : tbl=hive.default.acidtbl	
2024-04-24T05:14:33,043  INFO [main] metastore.HMSHandler: Skipping translation for processor with null
2024-04-24T05:14:33,044  INFO [main] HiveMetaStore.audit: ugi=alex	ip=unknown-ip-addr	cmd=get_table : tbl=hive.default.acidtbl	
2024-04-24T05:14:33,052  INFO [main] metastore.HMSHandler: Skipping translation for processor with null
2024-04-24T05:14:33,053  INFO [main] HiveMetaStore.audit: ugi=alex	ip=unknown-ip-addr	cmd=get_table_statistics_req: table=hive.default.acidtbl	
2024-04-24T05:14:33,063  WARN [main] calcite.RelOptHiveTable: No Stats for default@acidtbl, Columns: b
No Stats for default@acidtbl, Columns: b
2024-04-24T05:14:33,063  INFO [main] SessionState: No Stats for default@acidtbl, Columns: b
2024-04-24T05:14:33,119  INFO [main] parse.UpdateDeleteSemanticAnalyzer: Get metadata for source tables
2024-04-24T05:14:33,119  INFO [main] parse.UpdateDeleteSemanticAnalyzer: Get metadata for subqueries
2024-04-24T05:14:33,119  INFO [main] parse.UpdateDeleteSemanticAnalyzer: Get metadata for destination tables
2024-04-24T05:14:33,119  INFO [main] HiveMetaStore.audit: ugi=alex	ip=unknown-ip-addr	cmd=get_table : tbl=hive.default.acidTbl	
2024-04-24T05:14:33,126  INFO [main] metastore.HMSHandler: Skipping translation for processor with null
2024-04-24T05:14:33,135  INFO [main] txn.TxnHandler: Allocated writeId: 2 for txnId: 14
2024-04-24T05:14:33,135  INFO [main] txn.TxnHandler: Allocated write ids for dbName=default, tblName=acidtbl (txnIds: [14])
2024-04-24T05:14:33,137  INFO [main] parse.UpdateDeleteSemanticAnalyzer: CBO Succeeded; optimized logical plan.
2024-04-24T05:14:33,141  INFO [main] optimizer.ColumnPrunerProcFactory: RS 5 oldColExprMap: {KEY.reducesinkkey0=Column[_col0]}
2024-04-24T05:14:33,141  INFO [main] optimizer.ColumnPrunerProcFactory: RS 5 newColExprMap: {KEY.reducesinkkey0=Column[_col0]}
2024-04-24T05:14:33,141  INFO [main] optimizer.ColumnPrunerProcFactory: RS 3 oldColExprMap: {KEY.reducesinkkey0=Column[_col0]}
2024-04-24T05:14:33,141  INFO [main] optimizer.ColumnPrunerProcFactory: RS 3 newColExprMap: {KEY.reducesinkkey0=Column[_col0]}
2024-04-24T05:14:33,146  INFO [main] optimizer.SortedDynPartitionOptimizer: Sorted dynamic partitioning optimization kicked in..
2024-04-24T05:14:33,154  INFO [main] HiveMetaStore.audit: ugi=alex	ip=unknown-ip-addr	cmd=get_table : tbl=hive.default.acidtbl	
2024-04-24T05:14:33,161  INFO [main] metastore.HMSHandler: Skipping translation for processor with null
2024-04-24T05:14:33,162  INFO [main] physical.Vectorizer: Examining input format to see if vectorization is enabled.
2024-04-24T05:14:33,162  INFO [main] physical.Vectorizer: Vectorization is enabled for input format(s) [org.apache.hadoop.hive.ql.io.orc.OrcInputFormat]
2024-04-24T05:14:33,162  INFO [main] physical.Vectorizer: Validating and vectorizing MapWork... (vectorizedVertexNum 0)
2024-04-24T05:14:33,173  INFO [main] physical.Vectorizer: Map vectorization enabled: true
2024-04-24T05:14:33,173  INFO [main] physical.Vectorizer: Map vectorized: true
2024-04-24T05:14:33,173  INFO [main] physical.Vectorizer: Map vectorizedVertexNum: 0
2024-04-24T05:14:33,173  INFO [main] physical.Vectorizer: Map enabledConditionsMet: [hive.vectorized.use.vectorized.input.format IS true]
2024-04-24T05:14:33,173  INFO [main] physical.Vectorizer: Map inputFileFormatClassNameSet: [org.apache.hadoop.hive.ql.io.orc.OrcInputFormat]
2024-04-24T05:14:33,173  INFO [main] physical.Vectorizer: Reduce vectorization enabled: false
2024-04-24T05:14:33,173  INFO [main] physical.Vectorizer: Reduce vectorized: false
2024-04-24T05:14:33,173  INFO [main] physical.Vectorizer: Reduce vectorizedVertexNum: 1
2024-04-24T05:14:33,173  INFO [main] physical.Vectorizer: Reducer hive.vectorized.execution.reduce.enabled: true
2024-04-24T05:14:33,173  INFO [main] physical.Vectorizer: Reducer engine: mr
2024-04-24T05:14:33,173  INFO [main] parse.UpdateDeleteSemanticAnalyzer: Completed plan generation
2024-04-24T05:14:33,173  INFO [main] parse.UpdateDeleteSemanticAnalyzer: Ending caching scope for: 
2024-04-24T05:14:33,173  INFO [main] ql.Driver: Semantic Analysis Completed (retrial = false)
2024-04-24T05:14:33,173  INFO [main] ql.Driver: Created Hive schema: Schema(fieldSchemas:[FieldSchema(name:row__id, type:struct<writeid:bigint,bucketid:int,rowid:bigint>, comment:null)], properties:null)
2024-04-24T05:14:33,173  INFO [main] metadata.Hive: Dumping metastore api call timing information for : compilation phase
2024-04-24T05:14:33,173  INFO [main] metadata.Hive: Total time spent in each metastore function (ms): {getValidWriteIds_(List, String)=5, getAllTableConstraints_(AllTableConstraintsRequest)=4, isCompatibleWith_(Configuration)=1, getTableColumnStatistics_(String, String, List, String)=29, getTable_(GetTableRequest)=39, commitTxn_(CommitTxnRequest)=11, allocateTableWriteId_(long, String, String)=6, openTxn_(String, TxnType)=2, getValidTxns_(long)=0, flushCache_()=0}
2024-04-24T05:14:33,174  INFO [main] ql.Driver: Completed compiling command(queryId=alex_20240424051432_9f353158-17dc-4bfc-b580-b145e93fe867); Time taken: 0.21 seconds
2024-04-24T05:14:33,174  INFO [main] lockmgr.DbTxnManager: Setting lock request transaction to txnid:14 for queryId=alex_20240424051432_9f353158-17dc-4bfc-b580-b145e93fe867
2024-04-24T05:14:33,174  INFO [main] lockmgr.DbLockManager: Requesting lock for queryId=alex_20240424051432_9f353158-17dc-4bfc-b580-b145e93fe867
2024-04-24T05:14:33,190  INFO [main] lockmgr.DbLockManager: Response to queryId=alex_20240424051432_9f353158-17dc-4bfc-b580-b145e93fe867 LockResponse(lockid:9, state:ACQUIRED)
2024-04-24T05:14:33,190  INFO [main] ql.Driver: Operation QUERY obtained 1 locks
2024-04-24T05:14:33,195  INFO [main] ql.Driver: Executing command(queryId=alex_20240424051432_9f353158-17dc-4bfc-b580-b145e93fe867): delete from acidTbl where b = 2
2024-04-24T05:14:33,196  WARN [main] ql.Driver: Hive-on-MR is deprecated in Hive 2 and may not be available in the future versions. Consider using a different execution engine (i.e. spark, tez) or using Hive 1.X releases.
Query ID = alex_20240424051432_9f353158-17dc-4bfc-b580-b145e93fe867
2024-04-24T05:14:33,196  INFO [main] ql.Driver: Query ID = alex_20240424051432_9f353158-17dc-4bfc-b580-b145e93fe867
Total jobs = 1
2024-04-24T05:14:33,196  INFO [main] ql.Driver: Total jobs = 1
Launching Job 1 out of 1
2024-04-24T05:14:33,196  INFO [main] ql.Driver: Launching Job 1 out of 1
2024-04-24T05:14:33,334  INFO [main] ql.Driver: Starting task [Stage-1:MAPRED] in serial mode
Number of reduce tasks determined at compile time: 2
2024-04-24T05:14:33,334  INFO [main] exec.Task: Number of reduce tasks determined at compile time: 2
In order to change the average load for a reducer (in bytes):
2024-04-24T05:14:33,334  INFO [main] exec.Task: In order to change the average load for a reducer (in bytes):
  set hive.exec.reducers.bytes.per.reducer=<number>
2024-04-24T05:14:33,334  INFO [main] exec.Task:   set hive.exec.reducers.bytes.per.reducer=<number>
In order to limit the maximum number of reducers:
2024-04-24T05:14:33,334  INFO [main] exec.Task: In order to limit the maximum number of reducers:
  set hive.exec.reducers.max=<number>
2024-04-24T05:14:33,334  INFO [main] exec.Task:   set hive.exec.reducers.max=<number>
In order to set a constant number of reducers:
2024-04-24T05:14:33,334  INFO [main] exec.Task: In order to set a constant number of reducers:
  set mapreduce.job.reduces=<number>
2024-04-24T05:14:33,334  INFO [main] exec.Task:   set mapreduce.job.reduces=<number>
2024-04-24T05:14:33,339  INFO [main] mr.ExecDriver: Using org.apache.hadoop.hive.ql.io.HiveInputFormat
2024-04-24T05:14:33,339  INFO [main] exec.Utilities: Processing alias acidtbl
2024-04-24T05:14:33,339  INFO [main] exec.Utilities: Adding 1 inputs; the first input is file:/home/alex/Repositories/hive/ql/target/tmp/org.apache.hadoop.hive.ql.TestTxnCommands-1713960750541/warehouse/acidtbl
2024-04-24T05:14:33,347  INFO [main] exec.SerializationUtilities: Serializing MapWork using kryo
2024-04-24T05:14:33,351  INFO [main] exec.Utilities: Serialized plan (via FILE) - name: null size: 6,86KB
2024-04-24T05:14:33,356  INFO [main] exec.SerializationUtilities: Serializing ReduceWork using kryo
2024-04-24T05:14:33,358  INFO [main] exec.Utilities: Serialized plan (via FILE) - name: null size: 7,50KB
2024-04-24T05:14:33,359  WARN [main] impl.MetricsSystemImpl: JobTracker metrics system already initialized!
2024-04-24T05:14:33,363  INFO [main] fs.FSStatsPublisher: created : file:/home/alex/Repositories/hive/ql/target/tmp/localscratchdir/580f32a5-6706-414f-9191-091360208307/hive_2024-04-24_05-14-32_972_6827475749082743132-1/-mr-10000
2024-04-24T05:14:33,365  WARN [main] impl.MetricsSystemImpl: JobTracker metrics system already initialized!
2024-04-24T05:14:33,372  WARN [main] mapreduce.JobResourceUploader: Hadoop command-line option parsing not performed. Implement the Tool interface and execute your application with ToolRunner to remedy this.
2024-04-24T05:14:33,376  WARN [main] mapreduce.JobResourceUploader: No job jar file set.  User classes may not be found. See Job or Job#setJar(String).
2024-04-24T05:14:33,381  INFO [main] io.HiveInputFormat: hive.io.file.readcolumn.ids = 1
2024-04-24T05:14:33,381  INFO [main] io.HiveInputFormat: hive.io.file.readcolumn.names = b
2024-04-24T05:14:33,381  INFO [main] io.HiveInputFormat: Generating splits for dirs: file:/home/alex/Repositories/hive/ql/target/tmp/org.apache.hadoop.hive.ql.TestTxnCommands-1713960750541/warehouse/acidtbl
2024-04-24T05:14:33,381  INFO [main] orc.OrcInputFormat: getSplits started
2024-04-24T05:14:33,383  INFO [main] orc.OrcInputFormat: Context:: isAcid: true isVectorMode: true sarg: leaf-(EQUALS b 2) minSplitSize: 1 maxSplitSize: 256000000 splitStrategy: HYBRID footerInSplits: false numBuckets: 2 numThreads: 10 cacheMemSize: 268435456 cacheStripeDetails: true useSoftReference: false writeIdList: default.acidtbl:2:9223372036854775807:: isTransactionalTable: true txnProperties: default 
2024-04-24T05:14:33,383  INFO [main] orc.OrcInputFormat: ORC pushdown predicate: leaf-(EQUALS b 2)
2024-04-24T05:14:33,404  INFO [main] orc.OrcInputFormat: FooterCacheHitRatio: 0/4
2024-04-24T05:14:33,405  INFO [main] orc.OrcInputFormat: getSplits finished (#splits: 4). duration: 24 ms
2024-04-24T05:14:33,405  INFO [main] io.HiveInputFormat: number of splits 4
2024-04-24T05:14:33,422  INFO [main] mapreduce.JobSubmitter: number of splits:4
2024-04-24T05:14:33,440  INFO [main] mapreduce.JobSubmitter: Submitting tokens for job: job_local1045466501_0044
2024-04-24T05:14:33,440  INFO [main] mapreduce.JobSubmitter: Executing with tokens: []
2024-04-24T05:14:33,528  INFO [main] mapreduce.Job: The url to track the job: http://localhost:8080/
Job running in-process (local Hadoop)
2024-04-24T05:14:33,528  INFO [main] exec.Task: Job running in-process (local Hadoop)
2024-04-24T05:14:33,528  INFO [Thread-3659] mapred.LocalJobRunner: OutputCommitter set in config org.apache.hadoop.hive.ql.io.HiveFileFormatUtils$NullOutputCommitter
2024-04-24T05:14:33,528  INFO [Thread-3659] mapred.LocalJobRunner: OutputCommitter is org.apache.hadoop.hive.ql.io.HiveFileFormatUtils$NullOutputCommitter
2024-04-24T05:14:33,531  INFO [Thread-3659] mapred.LocalJobRunner: Waiting for map tasks
2024-04-24T05:14:33,531  INFO [LocalJobRunner Map Task Executor #0] mapred.LocalJobRunner: Starting task: attempt_local1045466501_0044_m_000000_0
2024-04-24T05:14:33,531  INFO [LocalJobRunner Map Task Executor #0] mapred.Task:  Using ResourceCalculatorProcessTree : [ ]
2024-04-24T05:14:33,532  INFO [LocalJobRunner Map Task Executor #0] mapred.MapTask: Processing split: org.apache.hadoop.hive.ql.io.orc.OrcInputFormat:OrcSplit [file:/home/alex/Repositories/hive/ql/target/tmp/org.apache.hadoop.hive.ql.TestTxnCommands-1713960750541/warehouse/acidtbl/delta_0000001_0000001_0001/bucket_00001_0, start=0, length=679, isOriginal=false, fileLength=679, hasFooter=false, hasBase=true, deltas=0]
2024-04-24T05:14:33,532  INFO [LocalJobRunner Map Task Executor #0] exec.SerializationUtilities: Deserializing MapWork using kryo
2024-04-24T05:14:33,534  INFO [LocalJobRunner Map Task Executor #0] exec.Utilities: Deserialized plan (via FILE) - name: null size: 6,86KB
2024-04-24T05:14:33,534  INFO [LocalJobRunner Map Task Executor #0] orc.OrcInputFormat: ORC pushdown predicate: leaf-(EQUALS b 2)
2024-04-24T05:14:33,534  INFO [LocalJobRunner Map Task Executor #0] orc.VectorizedOrcAcidRowBatchReader: Read ValidWriteIdList: default.acidtbl:2:9223372036854775807:::OrcSplit [file:/home/alex/Repositories/hive/ql/target/tmp/org.apache.hadoop.hive.ql.TestTxnCommands-1713960750541/warehouse/acidtbl/delta_0000001_0000001_0001/bucket_00001_0, start=0, length=679, isOriginal=false, fileLength=679, hasFooter=false, hasBase=true, deltas=0]
2024-04-24T05:14:33,535  INFO [LocalJobRunner Map Task Executor #0] orc.ReaderImpl: Reading ORC rows from file:/home/alex/Repositories/hive/ql/target/tmp/org.apache.hadoop.hive.ql.TestTxnCommands-1713960750541/warehouse/acidtbl/delta_0000001_0000001_0001/bucket_00001_0 with {include: [true, false, true], offset: 0, length: 679, sarg: leaf-(EQUALS b 2), schema: struct<a:int,b:int>, includeAcidColumns: true}
2024-04-24T05:14:33,540  INFO [LocalJobRunner Map Task Executor #0] mapred.MapTask: numReduceTasks: 2
2024-04-24T05:14:33,544  INFO [LocalJobRunner Map Task Executor #0] mapred.MapTask: (EQUATOR) 0 kvi 26214396(104857584)
2024-04-24T05:14:33,544  INFO [LocalJobRunner Map Task Executor #0] mapred.MapTask: mapreduce.task.io.sort.mb: 100
2024-04-24T05:14:33,544  INFO [LocalJobRunner Map Task Executor #0] mapred.MapTask: soft limit at 83886080
2024-04-24T05:14:33,544  INFO [LocalJobRunner Map Task Executor #0] mapred.MapTask: bufstart = 0; bufvoid = 104857600
2024-04-24T05:14:33,544  INFO [LocalJobRunner Map Task Executor #0] mapred.MapTask: kvstart = 26214396; length = 6553600
2024-04-24T05:14:33,544  INFO [LocalJobRunner Map Task Executor #0] mapred.MapTask: Map output collector class = org.apache.hadoop.mapred.MapTask$MapOutputBuffer
2024-04-24T05:14:33,544  INFO [LocalJobRunner Map Task Executor #0] vector.VectorMapOperator: Initializing Operator: MAP[0]
2024-04-24T05:14:33,545  INFO [LocalJobRunner Map Task Executor #0] mr.ExecMapper: 
<MAP>Id =0
  <Children>null
  <\Children>
  <Parent><\Parent>
<\MAP>
2024-04-24T05:14:33,545  INFO [LocalJobRunner Map Task Executor #0] exec.TableScanOperator: Initializing Operator: TS[0]
2024-04-24T05:14:33,545  INFO [LocalJobRunner Map Task Executor #0] vector.VectorFilterOperator: Initializing Operator: FIL[9]
2024-04-24T05:14:33,546  INFO [LocalJobRunner Map Task Executor #0] vector.VectorSelectOperator: Initializing Operator: SEL[10]
2024-04-24T05:14:33,546  INFO [LocalJobRunner Map Task Executor #0] vector.VectorReduceSinkOperator: Initializing Operator: RS[11]
2024-04-24T05:14:33,546  INFO [LocalJobRunner Map Task Executor #0] vector.VectorReduceSinkOperator: Using tag = -1
2024-04-24T05:14:33,546  INFO [LocalJobRunner Map Task Executor #0] vector.VectorMapOperator: Closing Operator: MAP[0]
2024-04-24T05:14:33,547  INFO [LocalJobRunner Map Task Executor #0] vector.VectorMapOperator: DESERIALIZE_ERRORS:0, RECORDS_IN:0, RECORDS_OUT_INTERMEDIATE:0, RECORDS_OUT_OPERATOR_MAP_0:0, 
2024-04-24T05:14:33,547  INFO [LocalJobRunner Map Task Executor #0] exec.TableScanOperator: Closing Operator: TS[0]
2024-04-24T05:14:33,547  INFO [LocalJobRunner Map Task Executor #0] exec.TableScanOperator: RECORDS_OUT_OPERATOR_TS_0:0, RECORDS_OUT_INTERMEDIATE:0, 
2024-04-24T05:14:33,547  INFO [LocalJobRunner Map Task Executor #0] vector.VectorFilterOperator: Closing Operator: FIL[9]
2024-04-24T05:14:33,547  INFO [LocalJobRunner Map Task Executor #0] vector.VectorFilterOperator: RECORDS_OUT_OPERATOR_FIL_9:0, RECORDS_OUT_INTERMEDIATE:0, 
2024-04-24T05:14:33,547  INFO [LocalJobRunner Map Task Executor #0] vector.VectorSelectOperator: Closing Operator: SEL[10]
2024-04-24T05:14:33,547  INFO [LocalJobRunner Map Task Executor #0] vector.VectorSelectOperator: RECORDS_OUT_INTERMEDIATE:0, RECORDS_OUT_OPERATOR_SEL_10:0, 
2024-04-24T05:14:33,547  INFO [LocalJobRunner Map Task Executor #0] vector.VectorReduceSinkOperator: Closing Operator: RS[11]
2024-04-24T05:14:33,547  INFO [LocalJobRunner Map Task Executor #0] vector.VectorReduceSinkOperator: RS[11]: Total records written - 0. abort - false
2024-04-24T05:14:33,547  INFO [LocalJobRunner Map Task Executor #0] vector.VectorReduceSinkOperator: RECORDS_OUT_INTERMEDIATE:0, RECORDS_OUT_OPERATOR_RS_11:0, 
2024-04-24T05:14:33,547  INFO [LocalJobRunner Map Task Executor #0] mapred.LocalJobRunner: 
2024-04-24T05:14:33,547  INFO [LocalJobRunner Map Task Executor #0] mapred.MapTask: Starting flush of map output
2024-04-24T05:14:33,563  INFO [LocalJobRunner Map Task Executor #0] mapred.Task: Task:attempt_local1045466501_0044_m_000000_0 is done. And is in the process of committing
2024-04-24T05:14:33,563  INFO [LocalJobRunner Map Task Executor #0] mapred.LocalJobRunner: OrcSplit [file:/home/alex/Repositories/hive/ql/target/tmp/org.apache.hadoop.hive.ql.TestTxnCommands-1713960750541/warehouse/acidtbl/delta_0000001_0000001_0001/bucket_00001_0, start=0, length=679, isOriginal=false, fileLength=679, hasFooter=false, hasBase=true, deltas=0]
2024-04-24T05:14:33,563  INFO [LocalJobRunner Map Task Executor #0] mapred.Task: Task 'attempt_local1045466501_0044_m_000000_0' done.
2024-04-24T05:14:33,563  INFO [LocalJobRunner Map Task Executor #0] mapred.Task: Final Counters for attempt_local1045466501_0044_m_000000_0: Counters: 25
	File System Counters
		FILE: Number of bytes read=997099
		FILE: Number of bytes written=55171548
		FILE: Number of read operations=0
		FILE: Number of large read operations=0
		FILE: Number of write operations=0
	Map-Reduce Framework
		Map input records=0
		Map output records=0
		Map output bytes=0
		Map output materialized bytes=12
		Input split bytes=495
		Combine input records=0
		Spilled Records=0
		Failed Shuffles=0
		Merged Map outputs=0
		GC time elapsed (ms)=0
		Total committed heap usage (bytes)=1236271104
	HIVE
		DESERIALIZE_ERRORS=0
		RECORDS_IN=0
		RECORDS_OUT_INTERMEDIATE=0
		RECORDS_OUT_OPERATOR_FIL_9=0
		RECORDS_OUT_OPERATOR_MAP_0=0
		RECORDS_OUT_OPERATOR_RS_11=0
		RECORDS_OUT_OPERATOR_SEL_10=0
		RECORDS_OUT_OPERATOR_TS_0=0
	File Input Format Counters 
		Bytes Read=10422
2024-04-24T05:14:33,563  INFO [LocalJobRunner Map Task Executor #0] mapred.LocalJobRunner: Finishing task: attempt_local1045466501_0044_m_000000_0
2024-04-24T05:14:33,563  INFO [LocalJobRunner Map Task Executor #0] mapred.LocalJobRunner: Starting task: attempt_local1045466501_0044_m_000001_0
2024-04-24T05:14:33,564  INFO [LocalJobRunner Map Task Executor #0] mapred.Task:  Using ResourceCalculatorProcessTree : [ ]
2024-04-24T05:14:33,564  INFO [LocalJobRunner Map Task Executor #0] mapred.MapTask: Processing split: org.apache.hadoop.hive.ql.io.orc.OrcInputFormat:OrcSplit [file:/home/alex/Repositories/hive/ql/target/tmp/org.apache.hadoop.hive.ql.TestTxnCommands-1713960750541/warehouse/acidtbl/delta_0000001_0000001_0001/bucket_00000_0, start=0, length=678, isOriginal=false, fileLength=678, hasFooter=false, hasBase=true, deltas=0]
2024-04-24T05:14:33,565  INFO [LocalJobRunner Map Task Executor #0] exec.SerializationUtilities: Deserializing MapWork using kryo
2024-04-24T05:14:33,565  INFO [LocalJobRunner Map Task Executor #0] exec.Utilities: Deserialized plan (via FILE) - name: null size: 6,86KB
2024-04-24T05:14:33,565  INFO [LocalJobRunner Map Task Executor #0] orc.OrcInputFormat: ORC pushdown predicate: leaf-(EQUALS b 2)
2024-04-24T05:14:33,565  INFO [LocalJobRunner Map Task Executor #0] orc.VectorizedOrcAcidRowBatchReader: Read ValidWriteIdList: default.acidtbl:2:9223372036854775807:::OrcSplit [file:/home/alex/Repositories/hive/ql/target/tmp/org.apache.hadoop.hive.ql.TestTxnCommands-1713960750541/warehouse/acidtbl/delta_0000001_0000001_0001/bucket_00000_0, start=0, length=678, isOriginal=false, fileLength=678, hasFooter=false, hasBase=true, deltas=0]
2024-04-24T05:14:33,566  INFO [LocalJobRunner Map Task Executor #0] orc.ReaderImpl: Reading ORC rows from file:/home/alex/Repositories/hive/ql/target/tmp/org.apache.hadoop.hive.ql.TestTxnCommands-1713960750541/warehouse/acidtbl/delta_0000001_0000001_0001/bucket_00000_0 with {include: [true, false, true], offset: 0, length: 678, sarg: leaf-(EQUALS b 2), schema: struct<a:int,b:int>, includeAcidColumns: true}
2024-04-24T05:14:33,567  INFO [LocalJobRunner Map Task Executor #0] mapred.MapTask: numReduceTasks: 2
2024-04-24T05:14:33,571  INFO [LocalJobRunner Map Task Executor #0] mapred.MapTask: (EQUATOR) 0 kvi 26214396(104857584)
2024-04-24T05:14:33,571  INFO [LocalJobRunner Map Task Executor #0] mapred.MapTask: mapreduce.task.io.sort.mb: 100
2024-04-24T05:14:33,571  INFO [LocalJobRunner Map Task Executor #0] mapred.MapTask: soft limit at 83886080
2024-04-24T05:14:33,571  INFO [LocalJobRunner Map Task Executor #0] mapred.MapTask: bufstart = 0; bufvoid = 104857600
2024-04-24T05:14:33,571  INFO [LocalJobRunner Map Task Executor #0] mapred.MapTask: kvstart = 26214396; length = 6553600
2024-04-24T05:14:33,572  INFO [LocalJobRunner Map Task Executor #0] mapred.MapTask: Map output collector class = org.apache.hadoop.mapred.MapTask$MapOutputBuffer
2024-04-24T05:14:33,572  INFO [LocalJobRunner Map Task Executor #0] vector.VectorMapOperator: Initializing Operator: MAP[0]
2024-04-24T05:14:33,572  INFO [LocalJobRunner Map Task Executor #0] mr.ExecMapper: 
<MAP>Id =0
  <Children>null
  <\Children>
  <Parent><\Parent>
<\MAP>
2024-04-24T05:14:33,573  INFO [LocalJobRunner Map Task Executor #0] exec.TableScanOperator: Initializing Operator: TS[0]
2024-04-24T05:14:33,573  INFO [LocalJobRunner Map Task Executor #0] vector.VectorFilterOperator: Initializing Operator: FIL[9]
2024-04-24T05:14:33,573  INFO [LocalJobRunner Map Task Executor #0] vector.VectorSelectOperator: Initializing Operator: SEL[10]
2024-04-24T05:14:33,573  INFO [LocalJobRunner Map Task Executor #0] vector.VectorReduceSinkOperator: Initializing Operator: RS[11]
2024-04-24T05:14:33,573  INFO [LocalJobRunner Map Task Executor #0] vector.VectorReduceSinkOperator: Using tag = -1
2024-04-24T05:14:33,573  INFO [LocalJobRunner Map Task Executor #0] vector.VectorMapOperator: Closing Operator: MAP[0]
2024-04-24T05:14:33,573  INFO [LocalJobRunner Map Task Executor #0] vector.VectorMapOperator: RECORDS_OUT_INTERMEDIATE:0, RECORDS_OUT_OPERATOR_MAP_0:0, RECORDS_IN:0, DESERIALIZE_ERRORS:0, 
2024-04-24T05:14:33,573  INFO [LocalJobRunner Map Task Executor #0] exec.TableScanOperator: Closing Operator: TS[0]
2024-04-24T05:14:33,573  INFO [LocalJobRunner Map Task Executor #0] exec.TableScanOperator: RECORDS_OUT_OPERATOR_TS_0:0, RECORDS_OUT_INTERMEDIATE:0, 
2024-04-24T05:14:33,573  INFO [LocalJobRunner Map Task Executor #0] vector.VectorFilterOperator: Closing Operator: FIL[9]
2024-04-24T05:14:33,573  INFO [LocalJobRunner Map Task Executor #0] vector.VectorFilterOperator: RECORDS_OUT_OPERATOR_FIL_9:0, RECORDS_OUT_INTERMEDIATE:0, 
2024-04-24T05:14:33,573  INFO [LocalJobRunner Map Task Executor #0] vector.VectorSelectOperator: Closing Operator: SEL[10]
2024-04-24T05:14:33,573  INFO [LocalJobRunner Map Task Executor #0] vector.VectorSelectOperator: RECORDS_OUT_INTERMEDIATE:0, RECORDS_OUT_OPERATOR_SEL_10:0, 
2024-04-24T05:14:33,573  INFO [LocalJobRunner Map Task Executor #0] vector.VectorReduceSinkOperator: Closing Operator: RS[11]
2024-04-24T05:14:33,573  INFO [LocalJobRunner Map Task Executor #0] vector.VectorReduceSinkOperator: RS[11]: Total records written - 0. abort - false
2024-04-24T05:14:33,573  INFO [LocalJobRunner Map Task Executor #0] vector.VectorReduceSinkOperator: RECORDS_OUT_OPERATOR_RS_11:0, RECORDS_OUT_INTERMEDIATE:0, 
2024-04-24T05:14:33,574  INFO [LocalJobRunner Map Task Executor #0] mapred.LocalJobRunner: 
2024-04-24T05:14:33,574  INFO [LocalJobRunner Map Task Executor #0] mapred.MapTask: Starting flush of map output
2024-04-24T05:14:33,587  INFO [LocalJobRunner Map Task Executor #0] mapred.Task: Task:attempt_local1045466501_0044_m_000001_0 is done. And is in the process of committing
2024-04-24T05:14:33,587  INFO [LocalJobRunner Map Task Executor #0] mapred.LocalJobRunner: OrcSplit [file:/home/alex/Repositories/hive/ql/target/tmp/org.apache.hadoop.hive.ql.TestTxnCommands-1713960750541/warehouse/acidtbl/delta_0000001_0000001_0001/bucket_00000_0, start=0, length=678, isOriginal=false, fileLength=678, hasFooter=false, hasBase=true, deltas=0]
2024-04-24T05:14:33,587  INFO [LocalJobRunner Map Task Executor #0] mapred.Task: Task 'attempt_local1045466501_0044_m_000001_0' done.
2024-04-24T05:14:33,587  INFO [LocalJobRunner Map Task Executor #0] mapred.Task: Final Counters for attempt_local1045466501_0044_m_000001_0: Counters: 25
	File System Counters
		FILE: Number of bytes read=1009527
		FILE: Number of bytes written=55171616
		FILE: Number of read operations=0
		FILE: Number of large read operations=0
		FILE: Number of write operations=0
	Map-Reduce Framework
		Map input records=0
		Map output records=0
		Map output bytes=0
		Map output materialized bytes=12
		Input split bytes=495
		Combine input records=0
		Spilled Records=0
		Failed Shuffles=0
		Merged Map outputs=0
		GC time elapsed (ms)=0
		Total committed heap usage (bytes)=1236271104
	HIVE
		DESERIALIZE_ERRORS=0
		RECORDS_IN=0
		RECORDS_OUT_INTERMEDIATE=0
		RECORDS_OUT_OPERATOR_FIL_9=0
		RECORDS_OUT_OPERATOR_MAP_0=0
		RECORDS_OUT_OPERATOR_RS_11=0
		RECORDS_OUT_OPERATOR_SEL_10=0
		RECORDS_OUT_OPERATOR_TS_0=0
	File Input Format Counters 
		Bytes Read=10417
2024-04-24T05:14:33,587  INFO [LocalJobRunner Map Task Executor #0] mapred.LocalJobRunner: Finishing task: attempt_local1045466501_0044_m_000001_0
2024-04-24T05:14:33,588  INFO [LocalJobRunner Map Task Executor #0] mapred.LocalJobRunner: Starting task: attempt_local1045466501_0044_m_000002_0
2024-04-24T05:14:33,588  INFO [LocalJobRunner Map Task Executor #0] mapred.Task:  Using ResourceCalculatorProcessTree : [ ]
2024-04-24T05:14:33,588  INFO [LocalJobRunner Map Task Executor #0] mapred.MapTask: Processing split: org.apache.hadoop.hive.ql.io.orc.OrcInputFormat:OrcSplit [file:/home/alex/Repositories/hive/ql/target/tmp/org.apache.hadoop.hive.ql.TestTxnCommands-1713960750541/warehouse/acidtbl/delta_0000001_0000001_0000/bucket_00001_0, start=0, length=673, isOriginal=false, fileLength=673, hasFooter=false, hasBase=true, deltas=0]
2024-04-24T05:14:33,589  INFO [LocalJobRunner Map Task Executor #0] exec.SerializationUtilities: Deserializing MapWork using kryo
2024-04-24T05:14:33,589  INFO [LocalJobRunner Map Task Executor #0] exec.Utilities: Deserialized plan (via FILE) - name: null size: 6,86KB
2024-04-24T05:14:33,590  INFO [LocalJobRunner Map Task Executor #0] orc.OrcInputFormat: ORC pushdown predicate: leaf-(EQUALS b 2)
2024-04-24T05:14:33,590  INFO [LocalJobRunner Map Task Executor #0] orc.VectorizedOrcAcidRowBatchReader: Read ValidWriteIdList: default.acidtbl:2:9223372036854775807:::OrcSplit [file:/home/alex/Repositories/hive/ql/target/tmp/org.apache.hadoop.hive.ql.TestTxnCommands-1713960750541/warehouse/acidtbl/delta_0000001_0000001_0000/bucket_00001_0, start=0, length=673, isOriginal=false, fileLength=673, hasFooter=false, hasBase=true, deltas=0]
2024-04-24T05:14:33,590  INFO [LocalJobRunner Map Task Executor #0] orc.ReaderImpl: Reading ORC rows from file:/home/alex/Repositories/hive/ql/target/tmp/org.apache.hadoop.hive.ql.TestTxnCommands-1713960750541/warehouse/acidtbl/delta_0000001_0000001_0000/bucket_00001_0 with {include: [true, false, true], offset: 0, length: 673, sarg: leaf-(EQUALS b 2), schema: struct<a:int,b:int>, includeAcidColumns: true}
2024-04-24T05:14:33,591  INFO [LocalJobRunner Map Task Executor #0] mapred.MapTask: numReduceTasks: 2
2024-04-24T05:14:33,606  INFO [LocalJobRunner Map Task Executor #0] mapred.MapTask: (EQUATOR) 0 kvi 26214396(104857584)
2024-04-24T05:14:33,606  INFO [LocalJobRunner Map Task Executor #0] mapred.MapTask: mapreduce.task.io.sort.mb: 100
2024-04-24T05:14:33,606  INFO [LocalJobRunner Map Task Executor #0] mapred.MapTask: soft limit at 83886080
2024-04-24T05:14:33,606  INFO [LocalJobRunner Map Task Executor #0] mapred.MapTask: bufstart = 0; bufvoid = 104857600
2024-04-24T05:14:33,606  INFO [LocalJobRunner Map Task Executor #0] mapred.MapTask: kvstart = 26214396; length = 6553600
2024-04-24T05:14:33,607  INFO [LocalJobRunner Map Task Executor #0] mapred.MapTask: Map output collector class = org.apache.hadoop.mapred.MapTask$MapOutputBuffer
2024-04-24T05:14:33,607  INFO [LocalJobRunner Map Task Executor #0] vector.VectorMapOperator: Initializing Operator: MAP[0]
2024-04-24T05:14:33,607  INFO [LocalJobRunner Map Task Executor #0] mr.ExecMapper: 
<MAP>Id =0
  <Children>null
  <\Children>
  <Parent><\Parent>
<\MAP>
2024-04-24T05:14:33,608  INFO [LocalJobRunner Map Task Executor #0] exec.TableScanOperator: Initializing Operator: TS[0]
2024-04-24T05:14:33,608  INFO [LocalJobRunner Map Task Executor #0] vector.VectorFilterOperator: Initializing Operator: FIL[9]
2024-04-24T05:14:33,608  INFO [LocalJobRunner Map Task Executor #0] vector.VectorSelectOperator: Initializing Operator: SEL[10]
2024-04-24T05:14:33,608  INFO [LocalJobRunner Map Task Executor #0] vector.VectorReduceSinkOperator: Initializing Operator: RS[11]
2024-04-24T05:14:33,608  INFO [LocalJobRunner Map Task Executor #0] vector.VectorReduceSinkOperator: Using tag = -1
2024-04-24T05:14:33,609  INFO [LocalJobRunner Map Task Executor #0] vector.VectorReduceSinkOperator: keys are [reducesinkkey0] num distributions: 1
2024-04-24T05:14:33,609 ERROR [LocalJobRunner Map Task Executor #0] mr.ExecMapper: org.apache.hadoop.hive.ql.metadata.HiveException: Hive Runtime Error while processing row 
	at org.apache.hadoop.hive.ql.exec.vector.VectorMapOperator.process(VectorMapOperator.java:993)
	at org.apache.hadoop.hive.ql.exec.mr.ExecMapper.map(ExecMapper.java:148)
	at org.apache.hadoop.mapred.MapRunner.run(MapRunner.java:54)
	at org.apache.hadoop.hive.ql.exec.mr.ExecMapRunner.run(ExecMapRunner.java:37)
	at org.apache.hadoop.mapred.MapTask.runOldMapper(MapTask.java:465)
	at org.apache.hadoop.mapred.MapTask.run(MapTask.java:349)
	at org.apache.hadoop.mapred.LocalJobRunner$Job$MapTaskRunnable.run(LocalJobRunner.java:271)
	at java.util.concurrent.Executors$RunnableAdapter.call(Executors.java:511)
	at java.util.concurrent.FutureTask.run(FutureTask.java:266)
	at java.util.concurrent.ThreadPoolExecutor.runWorker(ThreadPoolExecutor.java:1149)
	at java.util.concurrent.ThreadPoolExecutor$Worker.run(ThreadPoolExecutor.java:624)
	at java.lang.Thread.run(Thread.java:750)
Caused by: org.apache.hadoop.hive.ql.exec.NoMatchingMethodException: No matching method for class org.apache.hadoop.hive.ql.udf.UDFToInteger with (struct<writeid:bigint,bucketid:int,rowid:bigint>). Possible choices: _FUNC_(bigint)  _FUNC_(boolean)  _FUNC_(decimal(38,18))  _FUNC_(double)  _FUNC_(float)  _FUNC_(smallint)  _FUNC_(string)  _FUNC_(struct<writeid:bigint,rowid:int,bucketid:bigint>)  _FUNC_(timestamp)  _FUNC_(tinyint)  _FUNC_(void)  
	at org.apache.hadoop.hive.ql.exec.MethodUtils.getMethodInternal(MethodUtils.java:130)
	at org.apache.hadoop.hive.ql.exec.MethodUtils.getMethodInternal(MethodUtils.java:60)
	at org.apache.hadoop.hive.ql.exec.DefaultUDFMethodResolver.getEvalMethod(DefaultUDFMethodResolver.java:59)
	at org.apache.hadoop.hive.ql.udf.TimestampCastRestrictorResolver.getEvalMethod(TimestampCastRestrictorResolver.java:68)
	at org.apache.hadoop.hive.ql.udf.generic.GenericUDFBridge.initialize(GenericUDFBridge.java:168)
	at org.apache.hadoop.hive.ql.udf.generic.GenericUDF.initializeAndFoldConstants(GenericUDF.java:149)
	at org.apache.hadoop.hive.ql.exec.ExprNodeGenericFuncEvaluator.initialize(ExprNodeGenericFuncEvaluator.java:184)
	at org.apache.hadoop.hive.ql.exec.Operator.initEvaluators(Operator.java:1073)
	at org.apache.hadoop.hive.ql.exec.ReduceSinkOperator.process(ReduceSinkOperator.java:307)
	at org.apache.hadoop.hive.ql.exec.vector.VectorReduceSinkOperator.process(VectorReduceSinkOperator.java:115)
	at org.apache.hadoop.hive.ql.exec.Operator.vectorForward(Operator.java:919)
	at org.apache.hadoop.hive.ql.exec.vector.VectorSelectOperator.process(VectorSelectOperator.java:158)
	at org.apache.hadoop.hive.ql.exec.Operator.vectorForward(Operator.java:919)
	at org.apache.hadoop.hive.ql.exec.vector.VectorFilterOperator.process(VectorFilterOperator.java:136)
	at org.apache.hadoop.hive.ql.exec.Operator.vectorForward(Operator.java:919)
	at org.apache.hadoop.hive.ql.exec.TableScanOperator.process(TableScanOperator.java:171)
	at org.apache.hadoop.hive.ql.exec.vector.VectorMapOperator.deliverVectorizedRowBatch(VectorMapOperator.java:809)
	at org.apache.hadoop.hive.ql.exec.vector.VectorMapOperator.process(VectorMapOperator.java:878)
	... 11 more

2024-04-24T05:14:33,610  INFO [LocalJobRunner Map Task Executor #0] vector.VectorMapOperator: Closing Operator: MAP[0]
2024-04-24T05:14:33,610  INFO [LocalJobRunner Map Task Executor #0] vector.VectorMapOperator: RECORDS_IN:1, DESERIALIZE_ERRORS:0, RECORDS_OUT_INTERMEDIATE:0, RECORDS_OUT_OPERATOR_MAP_0:0, 
2024-04-24T05:14:33,610  INFO [LocalJobRunner Map Task Executor #0] exec.TableScanOperator: Closing Operator: TS[0]
2024-04-24T05:14:33,610  INFO [LocalJobRunner Map Task Executor #0] exec.TableScanOperator: RECORDS_OUT_INTERMEDIATE:0, RECORDS_OUT_OPERATOR_TS_0:1, 
2024-04-24T05:14:33,610  INFO [LocalJobRunner Map Task Executor #0] vector.VectorFilterOperator: Closing Operator: FIL[9]
2024-04-24T05:14:33,610  INFO [LocalJobRunner Map Task Executor #0] vector.VectorFilterOperator: RECORDS_OUT_OPERATOR_FIL_9:1, RECORDS_OUT_INTERMEDIATE:0, 
2024-04-24T05:14:33,610  INFO [LocalJobRunner Map Task Executor #0] vector.VectorSelectOperator: Closing Operator: SEL[10]
2024-04-24T05:14:33,610  INFO [LocalJobRunner Map Task Executor #0] vector.VectorSelectOperator: RECORDS_OUT_OPERATOR_SEL_10:1, RECORDS_OUT_INTERMEDIATE:0, 
2024-04-24T05:14:33,610  INFO [LocalJobRunner Map Task Executor #0] vector.VectorReduceSinkOperator: Closing Operator: RS[11]
2024-04-24T05:14:33,610  INFO [LocalJobRunner Map Task Executor #0] vector.VectorReduceSinkOperator: RS[11]: Total records written - 0. abort - true
2024-04-24T05:14:33,610  INFO [LocalJobRunner Map Task Executor #0] vector.VectorReduceSinkOperator: RECORDS_OUT_INTERMEDIATE:0, RECORDS_OUT_OPERATOR_RS_11:0, 
2024-04-24T05:14:33,610  INFO [LocalJobRunner Map Task Executor #0] mapred.LocalJobRunner: Starting task: attempt_local1045466501_0044_m_000003_0
2024-04-24T05:14:33,611  INFO [LocalJobRunner Map Task Executor #0] mapred.Task:  Using ResourceCalculatorProcessTree : [ ]
2024-04-24T05:14:33,611  INFO [LocalJobRunner Map Task Executor #0] mapred.MapTask: Processing split: org.apache.hadoop.hive.ql.io.orc.OrcInputFormat:OrcSplit [file:/home/alex/Repositories/hive/ql/target/tmp/org.apache.hadoop.hive.ql.TestTxnCommands-1713960750541/warehouse/acidtbl/delta_0000001_0000001_0000/bucket_00000_0, start=0, length=671, isOriginal=false, fileLength=671, hasFooter=false, hasBase=true, deltas=0]
2024-04-24T05:14:33,611  INFO [LocalJobRunner Map Task Executor #0] exec.SerializationUtilities: Deserializing MapWork using kryo
2024-04-24T05:14:33,612  INFO [LocalJobRunner Map Task Executor #0] exec.Utilities: Deserialized plan (via FILE) - name: null size: 6,86KB
2024-04-24T05:14:33,612  INFO [LocalJobRunner Map Task Executor #0] orc.OrcInputFormat: ORC pushdown predicate: leaf-(EQUALS b 2)
2024-04-24T05:14:33,612  INFO [LocalJobRunner Map Task Executor #0] orc.VectorizedOrcAcidRowBatchReader: Read ValidWriteIdList: default.acidtbl:2:9223372036854775807:::OrcSplit [file:/home/alex/Repositories/hive/ql/target/tmp/org.apache.hadoop.hive.ql.TestTxnCommands-1713960750541/warehouse/acidtbl/delta_0000001_0000001_0000/bucket_00000_0, start=0, length=671, isOriginal=false, fileLength=671, hasFooter=false, hasBase=true, deltas=0]
2024-04-24T05:14:33,613  INFO [LocalJobRunner Map Task Executor #0] orc.ReaderImpl: Reading ORC rows from file:/home/alex/Repositories/hive/ql/target/tmp/org.apache.hadoop.hive.ql.TestTxnCommands-1713960750541/warehouse/acidtbl/delta_0000001_0000001_0000/bucket_00000_0 with {include: [true, false, true], offset: 0, length: 671, sarg: leaf-(EQUALS b 2), schema: struct<a:int,b:int>, includeAcidColumns: true}
2024-04-24T05:14:33,614  INFO [LocalJobRunner Map Task Executor #0] mapred.MapTask: numReduceTasks: 2
2024-04-24T05:14:33,618  INFO [LocalJobRunner Map Task Executor #0] mapred.MapTask: (EQUATOR) 0 kvi 26214396(104857584)
2024-04-24T05:14:33,618  INFO [LocalJobRunner Map Task Executor #0] mapred.MapTask: mapreduce.task.io.sort.mb: 100
2024-04-24T05:14:33,618  INFO [LocalJobRunner Map Task Executor #0] mapred.MapTask: soft limit at 83886080
2024-04-24T05:14:33,618  INFO [LocalJobRunner Map Task Executor #0] mapred.MapTask: bufstart = 0; bufvoid = 104857600
2024-04-24T05:14:33,618  INFO [LocalJobRunner Map Task Executor #0] mapred.MapTask: kvstart = 26214396; length = 6553600
2024-04-24T05:14:33,619  INFO [LocalJobRunner Map Task Executor #0] mapred.MapTask: Map output collector class = org.apache.hadoop.mapred.MapTask$MapOutputBuffer
2024-04-24T05:14:33,619  INFO [LocalJobRunner Map Task Executor #0] vector.VectorMapOperator: Initializing Operator: MAP[0]
2024-04-24T05:14:33,619  INFO [LocalJobRunner Map Task Executor #0] mr.ExecMapper: 
<MAP>Id =0
  <Children>null
  <\Children>
  <Parent><\Parent>
<\MAP>
2024-04-24T05:14:33,620  INFO [LocalJobRunner Map Task Executor #0] exec.TableScanOperator: Initializing Operator: TS[0]
2024-04-24T05:14:33,620  INFO [LocalJobRunner Map Task Executor #0] vector.VectorFilterOperator: Initializing Operator: FIL[9]
2024-04-24T05:14:33,620  INFO [LocalJobRunner Map Task Executor #0] vector.VectorSelectOperator: Initializing Operator: SEL[10]
2024-04-24T05:14:33,620  INFO [LocalJobRunner Map Task Executor #0] vector.VectorReduceSinkOperator: Initializing Operator: RS[11]
2024-04-24T05:14:33,620  INFO [LocalJobRunner Map Task Executor #0] vector.VectorReduceSinkOperator: Using tag = -1
2024-04-24T05:14:33,620  INFO [LocalJobRunner Map Task Executor #0] vector.VectorMapOperator: Closing Operator: MAP[0]
2024-04-24T05:14:33,620  INFO [LocalJobRunner Map Task Executor #0] vector.VectorMapOperator: DESERIALIZE_ERRORS:0, RECORDS_OUT_OPERATOR_MAP_0:0, RECORDS_OUT_INTERMEDIATE:0, RECORDS_IN:0, 
2024-04-24T05:14:33,620  INFO [LocalJobRunner Map Task Executor #0] exec.TableScanOperator: Closing Operator: TS[0]
2024-04-24T05:14:33,620  INFO [LocalJobRunner Map Task Executor #0] exec.TableScanOperator: RECORDS_OUT_OPERATOR_TS_0:0, RECORDS_OUT_INTERMEDIATE:0, 
2024-04-24T05:14:33,620  INFO [LocalJobRunner Map Task Executor #0] vector.VectorFilterOperator: Closing Operator: FIL[9]
2024-04-24T05:14:33,620  INFO [LocalJobRunner Map Task Executor #0] vector.VectorFilterOperator: RECORDS_OUT_OPERATOR_FIL_9:0, RECORDS_OUT_INTERMEDIATE:0, 
2024-04-24T05:14:33,620  INFO [LocalJobRunner Map Task Executor #0] vector.VectorSelectOperator: Closing Operator: SEL[10]
2024-04-24T05:14:33,621  INFO [LocalJobRunner Map Task Executor #0] vector.VectorSelectOperator: RECORDS_OUT_OPERATOR_SEL_10:0, RECORDS_OUT_INTERMEDIATE:0, 
2024-04-24T05:14:33,621  INFO [LocalJobRunner Map Task Executor #0] vector.VectorReduceSinkOperator: Closing Operator: RS[11]
2024-04-24T05:14:33,621  INFO [LocalJobRunner Map Task Executor #0] vector.VectorReduceSinkOperator: RS[11]: Total records written - 0. abort - false
2024-04-24T05:14:33,621  INFO [LocalJobRunner Map Task Executor #0] vector.VectorReduceSinkOperator: RECORDS_OUT_OPERATOR_RS_11:0, RECORDS_OUT_INTERMEDIATE:0, 
2024-04-24T05:14:33,621  INFO [LocalJobRunner Map Task Executor #0] mapred.LocalJobRunner: 
2024-04-24T05:14:33,621  INFO [LocalJobRunner Map Task Executor #0] mapred.MapTask: Starting flush of map output
2024-04-24T05:14:33,634  INFO [LocalJobRunner Map Task Executor #0] mapred.Task: Task:attempt_local1045466501_0044_m_000003_0 is done. And is in the process of committing
2024-04-24T05:14:33,634  INFO [LocalJobRunner Map Task Executor #0] mapred.LocalJobRunner: OrcSplit [file:/home/alex/Repositories/hive/ql/target/tmp/org.apache.hadoop.hive.ql.TestTxnCommands-1713960750541/warehouse/acidtbl/delta_0000001_0000001_0000/bucket_00000_0, start=0, length=671, isOriginal=false, fileLength=671, hasFooter=false, hasBase=true, deltas=0]
2024-04-24T05:14:33,635  INFO [LocalJobRunner Map Task Executor #0] mapred.Task: Task 'attempt_local1045466501_0044_m_000003_0' done.
2024-04-24T05:14:33,635  INFO [LocalJobRunner Map Task Executor #0] mapred.Task: Final Counters for attempt_local1045466501_0044_m_000003_0: Counters: 25
	File System Counters
		FILE: Number of bytes read=1034165
		FILE: Number of bytes written=55171684
		FILE: Number of read operations=0
		FILE: Number of large read operations=0
		FILE: Number of write operations=0
	Map-Reduce Framework
		Map input records=0
		Map output records=0
		Map output bytes=0
		Map output materialized bytes=12
		Input split bytes=495
		Combine input records=0
		Spilled Records=0
		Failed Shuffles=0
		Merged Map outputs=0
		GC time elapsed (ms)=0
		Total committed heap usage (bytes)=1239941120
	HIVE
		DESERIALIZE_ERRORS=0
		RECORDS_IN=0
		RECORDS_OUT_INTERMEDIATE=0
		RECORDS_OUT_OPERATOR_FIL_9=0
		RECORDS_OUT_OPERATOR_MAP_0=0
		RECORDS_OUT_OPERATOR_RS_11=0
		RECORDS_OUT_OPERATOR_SEL_10=0
		RECORDS_OUT_OPERATOR_TS_0=0
	File Input Format Counters 
		Bytes Read=10382
2024-04-24T05:14:33,635  INFO [LocalJobRunner Map Task Executor #0] mapred.LocalJobRunner: Finishing task: attempt_local1045466501_0044_m_000003_0
2024-04-24T05:14:33,635  INFO [Thread-3659] mapred.LocalJobRunner: map task executor complete.
2024-04-24T05:14:33,635  WARN [Thread-3659] mapred.LocalJobRunner: job_local1045466501_0044
java.lang.Exception: java.lang.RuntimeException: org.apache.hadoop.hive.ql.metadata.HiveException: Hive Runtime Error while processing row 
	at org.apache.hadoop.mapred.LocalJobRunner$Job.runTasks(LocalJobRunner.java:492) ~[hadoop-mapreduce-client-common-3.1.0.jar:?]
	at org.apache.hadoop.mapred.LocalJobRunner$Job.run(LocalJobRunner.java:552) [hadoop-mapreduce-client-common-3.1.0.jar:?]
Caused by: java.lang.RuntimeException: org.apache.hadoop.hive.ql.metadata.HiveException: Hive Runtime Error while processing row 
	at org.apache.hadoop.hive.ql.exec.mr.ExecMapper.map(ExecMapper.java:157) ~[classes/:?]
	at org.apache.hadoop.mapred.MapRunner.run(MapRunner.java:54) ~[hadoop-mapreduce-client-core-3.1.0.jar:?]
	at org.apache.hadoop.hive.ql.exec.mr.ExecMapRunner.run(ExecMapRunner.java:37) ~[classes/:?]
	at org.apache.hadoop.mapred.MapTask.runOldMapper(MapTask.java:465) ~[hadoop-mapreduce-client-core-3.1.0.jar:?]
	at org.apache.hadoop.mapred.MapTask.run(MapTask.java:349) ~[hadoop-mapreduce-client-core-3.1.0.jar:?]
	at org.apache.hadoop.mapred.LocalJobRunner$Job$MapTaskRunnable.run(LocalJobRunner.java:271) ~[hadoop-mapreduce-client-common-3.1.0.jar:?]
	at java.util.concurrent.Executors$RunnableAdapter.call(Executors.java:511) ~[?:1.8.0_402]
	at java.util.concurrent.FutureTask.run(FutureTask.java:266) ~[?:1.8.0_402]
	at java.util.concurrent.ThreadPoolExecutor.runWorker(ThreadPoolExecutor.java:1149) ~[?:1.8.0_402]
	at java.util.concurrent.ThreadPoolExecutor$Worker.run(ThreadPoolExecutor.java:624) ~[?:1.8.0_402]
	at java.lang.Thread.run(Thread.java:750) ~[?:1.8.0_402]
Caused by: org.apache.hadoop.hive.ql.metadata.HiveException: Hive Runtime Error while processing row 
	at org.apache.hadoop.hive.ql.exec.vector.VectorMapOperator.process(VectorMapOperator.java:993) ~[classes/:?]
	at org.apache.hadoop.hive.ql.exec.mr.ExecMapper.map(ExecMapper.java:148) ~[classes/:?]
	at org.apache.hadoop.mapred.MapRunner.run(MapRunner.java:54) ~[hadoop-mapreduce-client-core-3.1.0.jar:?]
	at org.apache.hadoop.hive.ql.exec.mr.ExecMapRunner.run(ExecMapRunner.java:37) ~[classes/:?]
	at org.apache.hadoop.mapred.MapTask.runOldMapper(MapTask.java:465) ~[hadoop-mapreduce-client-core-3.1.0.jar:?]
	at org.apache.hadoop.mapred.MapTask.run(MapTask.java:349) ~[hadoop-mapreduce-client-core-3.1.0.jar:?]
	at org.apache.hadoop.mapred.LocalJobRunner$Job$MapTaskRunnable.run(LocalJobRunner.java:271) ~[hadoop-mapreduce-client-common-3.1.0.jar:?]
	at java.util.concurrent.Executors$RunnableAdapter.call(Executors.java:511) ~[?:1.8.0_402]
	at java.util.concurrent.FutureTask.run(FutureTask.java:266) ~[?:1.8.0_402]
	at java.util.concurrent.ThreadPoolExecutor.runWorker(ThreadPoolExecutor.java:1149) ~[?:1.8.0_402]
	at java.util.concurrent.ThreadPoolExecutor$Worker.run(ThreadPoolExecutor.java:624) ~[?:1.8.0_402]
	at java.lang.Thread.run(Thread.java:750) ~[?:1.8.0_402]
Caused by: org.apache.hadoop.hive.ql.exec.NoMatchingMethodException: No matching method for class org.apache.hadoop.hive.ql.udf.UDFToInteger with (struct<writeid:bigint,bucketid:int,rowid:bigint>). Possible choices: _FUNC_(bigint)  _FUNC_(boolean)  _FUNC_(decimal(38,18))  _FUNC_(double)  _FUNC_(float)  _FUNC_(smallint)  _FUNC_(string)  _FUNC_(struct<writeid:bigint,rowid:int,bucketid:bigint>)  _FUNC_(timestamp)  _FUNC_(tinyint)  _FUNC_(void)  
	at org.apache.hadoop.hive.ql.exec.MethodUtils.getMethodInternal(MethodUtils.java:130) ~[classes/:?]
	at org.apache.hadoop.hive.ql.exec.MethodUtils.getMethodInternal(MethodUtils.java:60) ~[classes/:?]
	at org.apache.hadoop.hive.ql.exec.DefaultUDFMethodResolver.getEvalMethod(DefaultUDFMethodResolver.java:59) ~[classes/:?]
	at org.apache.hadoop.hive.ql.udf.TimestampCastRestrictorResolver.getEvalMethod(TimestampCastRestrictorResolver.java:68) ~[classes/:?]
	at org.apache.hadoop.hive.ql.udf.generic.GenericUDFBridge.initialize(GenericUDFBridge.java:168) ~[classes/:?]
	at org.apache.hadoop.hive.ql.udf.generic.GenericUDF.initializeAndFoldConstants(GenericUDF.java:149) ~[classes/:?]
	at org.apache.hadoop.hive.ql.exec.ExprNodeGenericFuncEvaluator.initialize(ExprNodeGenericFuncEvaluator.java:184) ~[classes/:?]
	at org.apache.hadoop.hive.ql.exec.Operator.initEvaluators(Operator.java:1073) ~[classes/:?]
	at org.apache.hadoop.hive.ql.exec.ReduceSinkOperator.process(ReduceSinkOperator.java:307) ~[classes/:?]
	at org.apache.hadoop.hive.ql.exec.vector.VectorReduceSinkOperator.process(VectorReduceSinkOperator.java:115) ~[classes/:?]
	at org.apache.hadoop.hive.ql.exec.Operator.vectorForward(Operator.java:919) ~[classes/:?]
	at org.apache.hadoop.hive.ql.exec.vector.VectorSelectOperator.process(VectorSelectOperator.java:158) ~[classes/:?]
	at org.apache.hadoop.hive.ql.exec.Operator.vectorForward(Operator.java:919) ~[classes/:?]
	at org.apache.hadoop.hive.ql.exec.vector.VectorFilterOperator.process(VectorFilterOperator.java:136) ~[classes/:?]
	at org.apache.hadoop.hive.ql.exec.Operator.vectorForward(Operator.java:919) ~[classes/:?]
	at org.apache.hadoop.hive.ql.exec.TableScanOperator.process(TableScanOperator.java:171) ~[classes/:?]
	at org.apache.hadoop.hive.ql.exec.vector.VectorMapOperator.deliverVectorizedRowBatch(VectorMapOperator.java:809) ~[classes/:?]
	at org.apache.hadoop.hive.ql.exec.vector.VectorMapOperator.process(VectorMapOperator.java:878) ~[classes/:?]
	at org.apache.hadoop.hive.ql.exec.mr.ExecMapper.map(ExecMapper.java:148) ~[classes/:?]
	at org.apache.hadoop.mapred.MapRunner.run(MapRunner.java:54) ~[hadoop-mapreduce-client-core-3.1.0.jar:?]
	at org.apache.hadoop.hive.ql.exec.mr.ExecMapRunner.run(ExecMapRunner.java:37) ~[classes/:?]
	at org.apache.hadoop.mapred.MapTask.runOldMapper(MapTask.java:465) ~[hadoop-mapreduce-client-core-3.1.0.jar:?]
	at org.apache.hadoop.mapred.MapTask.run(MapTask.java:349) ~[hadoop-mapreduce-client-core-3.1.0.jar:?]
	at org.apache.hadoop.mapred.LocalJobRunner$Job$MapTaskRunnable.run(LocalJobRunner.java:271) ~[hadoop-mapreduce-client-common-3.1.0.jar:?]
	at java.util.concurrent.Executors$RunnableAdapter.call(Executors.java:511) ~[?:1.8.0_402]
	at java.util.concurrent.FutureTask.run(FutureTask.java:266) ~[?:1.8.0_402]
	at java.util.concurrent.ThreadPoolExecutor.runWorker(ThreadPoolExecutor.java:1149) ~[?:1.8.0_402]
	at java.util.concurrent.ThreadPoolExecutor$Worker.run(ThreadPoolExecutor.java:624) ~[?:1.8.0_402]
	at java.lang.Thread.run(Thread.java:750) ~[?:1.8.0_402]
2024-04-24 05:14:34,531 Stage-1 map = 100%,  reduce = 0%
2024-04-24T05:14:34,531  INFO [main] exec.Task: 2024-04-24 05:14:34,531 Stage-1 map = 100%,  reduce = 0%
Ended Job = job_local1045466501_0044 with errors
2024-04-24T05:14:34,533 ERROR [main] exec.Task: Ended Job = job_local1045466501_0044 with errors
Error during job, obtaining debugging information...
2024-04-24T05:14:34,535 ERROR [Thread-3677] exec.Task: Error during job, obtaining debugging information...
2024-04-24T05:14:34,537  INFO [main] FileOperations: Deleting file:/home/alex/Repositories/hive/ql/target/tmp/org.apache.hadoop.hive.ql.TestTxnCommands-1713960750541/warehouse/acidtbl/_tmp.delete_delta_0000002_0000002_0000 on failure
FAILED: Execution Error, return code 2 from org.apache.hadoop.hive.ql.exec.mr.MapRedTask
2024-04-24T05:14:34,537 ERROR [main] ql.Driver: FAILED: Execution Error, return code 2 from org.apache.hadoop.hive.ql.exec.mr.MapRedTask
2024-04-24T05:14:34,537  INFO [main] metadata.Hive: Dumping metastore api call timing information for : execution phase
2024-04-24T05:14:34,537  INFO [main] metadata.Hive: Total time spent in each metastore function (ms): {}
MapReduce Jobs Launched: 
2024-04-24T05:14:34,537  INFO [main] ql.Driver: MapReduce Jobs Launched: 
Stage-Stage-1:  HDFS Read: 0 HDFS Write: 0 FAIL
2024-04-24T05:14:34,538  INFO [main] ql.Driver: Stage-Stage-1:  HDFS Read: 0 HDFS Write: 0 FAIL
Total MapReduce CPU Time Spent: 0 msec
2024-04-24T05:14:34,538  INFO [main] ql.Driver: Total MapReduce CPU Time Spent: 0 msec
2024-04-24T05:14:34,538  INFO [main] ql.Driver: Completed executing command(queryId=alex_20240424051432_9f353158-17dc-4bfc-b580-b145e93fe867); Time taken: 1.342 seconds
2024-04-24T05:14:34,538  INFO [main] lockmgr.DbTxnManager: Stopped heartbeat for query: alex_20240424051432_9f353158-17dc-4bfc-b580-b145e93fe867
2024-04-24T05:14:34,540  INFO [main] txn.TxnHandler: Removed transactions: ([14]) from MIN_HISTORY_LEVEL
2024-04-24T05:14:34,547  INFO [main] ql.TxnCommandsBaseForTests: Running the query: drop table if exists acidTbl
2024-04-24T05:14:34,547  INFO [main] ql.Context: Deleting scratch dir: file:/home/alex/Repositories/hive/ql/target/tmp/localscratchdir/580f32a5-6706-414f-9191-091360208307/hive_2024-04-24_05-14-32_972_6827475749082743132-1
2024-04-24T05:14:34,547  INFO [main] cleanup.SyncCleanupService: Deleted directory: file:/home/alex/Repositories/hive/ql/target/tmp/localscratchdir/580f32a5-6706-414f-9191-091360208307/hive_2024-04-24_05-14-32_972_6827475749082743132-1 on fs with scheme file
2024-04-24T05:14:34,548  INFO [main] ql.Context: Deleting scratch dir: file:/home/alex/Repositories/hive/ql/target/tmp/localscratchdir/580f32a5-6706-414f-9191-091360208307/hive_2024-04-24_05-14-32_962_7670424103836456561-1
2024-04-24T05:14:34,548  INFO [main] cleanup.SyncCleanupService: Deleted directory: file:/home/alex/Repositories/hive/ql/target/tmp/localscratchdir/580f32a5-6706-414f-9191-091360208307/hive_2024-04-24_05-14-32_962_7670424103836456561-1 on fs with scheme file
2024-04-24T05:14:34,548  INFO [main] ql.Driver: Compiling command(queryId=alex_20240424051434_6b6a030a-b5a1-4db2-92b0-c02a8ce8c369): drop table if exists acidTbl
2024-04-24T05:14:34,550  INFO [main] txn.TxnHandler: Added entries to MIN_HISTORY_LEVEL for current txns: ([15]) with min_open_txn: 15
2024-04-24T05:14:34,550  INFO [main] lockmgr.DbTxnManager: Opened txnid:15
2024-04-24T05:14:34,551  INFO [main] HiveMetaStore.audit: ugi=alex	ip=unknown-ip-addr	cmd=get_table : tbl=hive.default.acidTbl	
2024-04-24T05:14:34,557  INFO [main] metastore.HMSHandler: Skipping translation for processor with null
2024-04-24T05:14:34,558  INFO [main] ql.Driver: Semantic Analysis Completed (retrial = false)
2024-04-24T05:14:34,558  INFO [main] ql.Driver: Created Hive schema: Schema(fieldSchemas:null, properties:null)
2024-04-24T05:14:34,558  INFO [main] metadata.Hive: Dumping metastore api call timing information for : compilation phase
2024-04-24T05:14:34,558  INFO [main] metadata.Hive: Total time spent in each metastore function (ms): {flushCache_()=0, rollbackTxn_(long)=9, openTxn_(String, TxnType)=2, isCompatibleWith_(Configuration)=0, getTable_(GetTableRequest)=7, getValidTxns_(long)=1}
2024-04-24T05:14:34,558  INFO [main] ql.Driver: Completed compiling command(queryId=alex_20240424051434_6b6a030a-b5a1-4db2-92b0-c02a8ce8c369); Time taken: 0.01 seconds
2024-04-24T05:14:34,558  INFO [main] lockmgr.DbTxnManager: Setting lock request transaction to txnid:15 for queryId=alex_20240424051434_6b6a030a-b5a1-4db2-92b0-c02a8ce8c369
2024-04-24T05:14:34,559  INFO [main] lockmgr.DbLockManager: Requesting lock for queryId=alex_20240424051434_6b6a030a-b5a1-4db2-92b0-c02a8ce8c369
2024-04-24T05:14:34,573  INFO [main] lockmgr.DbLockManager: Response to queryId=alex_20240424051434_6b6a030a-b5a1-4db2-92b0-c02a8ce8c369 LockResponse(lockid:10, state:ACQUIRED)
2024-04-24T05:14:34,573  INFO [main] ql.Driver: Operation DROPTABLE obtained 1 locks
2024-04-24T05:14:34,573  INFO [main] ql.Driver: Executing command(queryId=alex_20240424051434_6b6a030a-b5a1-4db2-92b0-c02a8ce8c369): drop table if exists acidTbl
2024-04-24T05:14:34,573  INFO [main] ql.Driver: Starting task [Stage-0:DDL] in serial mode
2024-04-24T05:14:34,573  INFO [main] HiveMetaStore.audit: ugi=alex	ip=unknown-ip-addr	cmd=get_table : tbl=hive.default.acidTbl	
2024-04-24T05:14:34,579  INFO [main] metastore.HMSHandler: Skipping translation for processor with null
2024-04-24T05:14:34,579  INFO [main] HiveMetaStore.audit: ugi=alex	ip=unknown-ip-addr	cmd=get_table : tbl=hive.default.acidTbl	
2024-04-24T05:14:34,585  INFO [main] metastore.HMSHandler: Skipping translation for processor with null
2024-04-24T05:14:34,585  INFO [main] HiveMetaStore.audit: ugi=alex	ip=unknown-ip-addr	cmd=drop_table : tbl=hive.default.acidTbl	
2024-04-24T05:14:34,705  INFO [main] metadata.Hive: Dumping metastore api call timing information for : execution phase
2024-04-24T05:14:34,705  INFO [main] metadata.Hive: Total time spent in each metastore function (ms): {dropTable_(String, String, boolean, boolean, boolean)=126, isCompatibleWith_(Configuration)=0, getTable_(GetTableRequest)=6}
2024-04-24T05:14:34,706  INFO [main] ql.Driver: Completed executing command(queryId=alex_20240424051434_6b6a030a-b5a1-4db2-92b0-c02a8ce8c369); Time taken: 0.132 seconds
2024-04-24T05:14:34,706  INFO [main] lockmgr.DbTxnManager: Stopped heartbeat for query: alex_20240424051434_6b6a030a-b5a1-4db2-92b0-c02a8ce8c369
2024-04-24T05:14:34,710  INFO [main] txn.TxnHandler: Expected to move at least one record from txn_components to completed_txn_components when committing txn! txnid:15
2024-04-24T05:14:34,716  INFO [main] txn.TxnHandler: Removed transactions: ([15]) from MIN_HISTORY_LEVEL
2024-04-24T05:14:34,717  WARN [main] txn.CompactionTxnHandler: No compaction queue record found for Compaction type transaction commit. txnId:15
2024-04-24T05:14:34,718  INFO [main] ql.TxnCommandsBaseForTests: Running the query: drop table if exists acidTblPart
2024-04-24T05:14:34,718  INFO [main] ql.Driver: Compiling command(queryId=alex_20240424051434_a430e22a-ab3a-413c-9a2e-790937a9ee1b): drop table if exists acidTblPart
2024-04-24T05:14:34,721  INFO [main] txn.TxnHandler: Added entries to MIN_HISTORY_LEVEL for current txns: ([16]) with min_open_txn: 15
2024-04-24T05:14:34,721  INFO [main] lockmgr.DbTxnManager: Opened txnid:16
2024-04-24T05:14:34,723  INFO [main] HiveMetaStore.audit: ugi=alex	ip=unknown-ip-addr	cmd=get_table : tbl=hive.default.acidTblPart	
2024-04-24T05:14:34,733  INFO [main] metastore.HMSHandler: Skipping translation for processor with null
2024-04-24T05:14:34,733  INFO [main] ql.Driver: Semantic Analysis Completed (retrial = false)
2024-04-24T05:14:34,733  INFO [main] ql.Driver: Created Hive schema: Schema(fieldSchemas:null, properties:null)
2024-04-24T05:14:34,733  INFO [main] metadata.Hive: Dumping metastore api call timing information for : compilation phase
2024-04-24T05:14:34,733  INFO [main] metadata.Hive: Total time spent in each metastore function (ms): {getTable_(GetTableRequest)=10, getValidTxns_(long)=2, openTxn_(String, TxnType)=3, isCompatibleWith_(Configuration)=0, commitTxn_(CommitTxnRequest)=12, flushCache_()=0}
2024-04-24T05:14:34,733  INFO [main] ql.Driver: Completed compiling command(queryId=alex_20240424051434_a430e22a-ab3a-413c-9a2e-790937a9ee1b); Time taken: 0.015 seconds
2024-04-24T05:14:34,733  INFO [main] lockmgr.DbTxnManager: Setting lock request transaction to txnid:16 for queryId=alex_20240424051434_a430e22a-ab3a-413c-9a2e-790937a9ee1b
2024-04-24T05:14:34,734  INFO [main] lockmgr.DbLockManager: Requesting lock for queryId=alex_20240424051434_a430e22a-ab3a-413c-9a2e-790937a9ee1b
2024-04-24T05:14:34,752  INFO [main] lockmgr.DbLockManager: Response to queryId=alex_20240424051434_a430e22a-ab3a-413c-9a2e-790937a9ee1b LockResponse(lockid:11, state:ACQUIRED)
2024-04-24T05:14:34,752  INFO [main] ql.Driver: Operation DROPTABLE obtained 1 locks
2024-04-24T05:14:34,752  INFO [main] ql.Driver: Executing command(queryId=alex_20240424051434_a430e22a-ab3a-413c-9a2e-790937a9ee1b): drop table if exists acidTblPart
2024-04-24T05:14:34,752  INFO [main] ql.Driver: Starting task [Stage-0:DDL] in serial mode
2024-04-24T05:14:34,752  INFO [main] HiveMetaStore.audit: ugi=alex	ip=unknown-ip-addr	cmd=get_table : tbl=hive.default.acidTblPart	
2024-04-24T05:14:34,759  INFO [main] metastore.HMSHandler: Skipping translation for processor with null
2024-04-24T05:14:34,759  INFO [main] HiveMetaStore.audit: ugi=alex	ip=unknown-ip-addr	cmd=get_table : tbl=hive.default.acidTblPart	
2024-04-24T05:14:34,765  INFO [main] metastore.HMSHandler: Skipping translation for processor with null
2024-04-24T05:14:34,766  INFO [main] HiveMetaStore.audit: ugi=alex	ip=unknown-ip-addr	cmd=drop_table : tbl=hive.default.acidTblPart	
2024-04-24T05:14:34,805  INFO [main] metadata.Hive: Dumping metastore api call timing information for : execution phase
2024-04-24T05:14:34,805  INFO [main] metadata.Hive: Total time spent in each metastore function (ms): {isCompatibleWith_(Configuration)=0, getTable_(GetTableRequest)=7, dropTable_(String, String, boolean, boolean, boolean)=46}
2024-04-24T05:14:34,805  INFO [main] ql.Driver: Completed executing command(queryId=alex_20240424051434_a430e22a-ab3a-413c-9a2e-790937a9ee1b); Time taken: 0.053 seconds
2024-04-24T05:14:34,805  INFO [main] lockmgr.DbTxnManager: Stopped heartbeat for query: alex_20240424051434_a430e22a-ab3a-413c-9a2e-790937a9ee1b
2024-04-24T05:14:34,809  INFO [main] txn.TxnHandler: Expected to move at least one record from txn_components to completed_txn_components when committing txn! txnid:16
2024-04-24T05:14:34,816  INFO [main] txn.TxnHandler: Removed transactions: ([16]) from MIN_HISTORY_LEVEL
2024-04-24T05:14:34,816  WARN [main] txn.CompactionTxnHandler: No compaction queue record found for Compaction type transaction commit. txnId:16
2024-04-24T05:14:34,816  INFO [main] ql.TxnCommandsBaseForTests: Running the query: drop table if exists acidTbl2
2024-04-24T05:14:34,816  INFO [main] ql.Driver: Compiling command(queryId=alex_20240424051434_eeafcb52-bd22-482c-b937-217c8fd85a96): drop table if exists acidTbl2
2024-04-24T05:14:34,818  INFO [main] txn.TxnHandler: Added entries to MIN_HISTORY_LEVEL for current txns: ([17]) with min_open_txn: 15
2024-04-24T05:14:34,819  INFO [main] lockmgr.DbTxnManager: Opened txnid:17
2024-04-24T05:14:34,819  INFO [main] ql.Driver: Semantic Analysis Completed (retrial = false)
2024-04-24T05:14:34,819  INFO [main] ql.Driver: Created Hive schema: Schema(fieldSchemas:null, properties:null)
2024-04-24T05:14:34,820  INFO [main] metadata.Hive: Dumping metastore api call timing information for : compilation phase
2024-04-24T05:14:34,820  INFO [main] metadata.Hive: Total time spent in each metastore function (ms): {getValidTxns_(long)=0, openTxn_(String, TxnType)=2, isCompatibleWith_(Configuration)=0, commitTxn_(CommitTxnRequest)=10, flushCache_()=0, getTable_(GetTableRequest)=0}
2024-04-24T05:14:34,820  INFO [main] ql.Driver: Completed compiling command(queryId=alex_20240424051434_eeafcb52-bd22-482c-b937-217c8fd85a96); Time taken: 0.003 seconds
2024-04-24T05:14:34,820  INFO [main] lockmgr.DbTxnManager: Setting lock request transaction to txnid:17 for queryId=alex_20240424051434_eeafcb52-bd22-482c-b937-217c8fd85a96
2024-04-24T05:14:34,820  INFO [main] ql.Driver: Operation DROPTABLE obtained 0 locks
2024-04-24T05:14:34,820  INFO [main] ql.Driver: Executing command(queryId=alex_20240424051434_eeafcb52-bd22-482c-b937-217c8fd85a96): drop table if exists acidTbl2
2024-04-24T05:14:34,820  INFO [main] ql.Driver: Starting task [Stage-0:DDL] in serial mode
2024-04-24T05:14:34,821  INFO [main] metadata.SessionHiveMetaStoreClient: Column stats doesn't exist for db=default temp table=acidTbl2
2024-04-24T05:14:34,821  INFO [main] metadata.Hive: Dumping metastore api call timing information for : execution phase
2024-04-24T05:14:34,821  INFO [main] metadata.Hive: Total time spent in each metastore function (ms): {isCompatibleWith_(Configuration)=1, getTable_(GetTableRequest)=0, dropTable_(String, String, boolean, boolean, boolean)=0}
2024-04-24T05:14:34,821  INFO [main] ql.Driver: Completed executing command(queryId=alex_20240424051434_eeafcb52-bd22-482c-b937-217c8fd85a96); Time taken: 0.001 seconds
2024-04-24T05:14:34,821  INFO [main] lockmgr.DbTxnManager: Stopped heartbeat for query: alex_20240424051434_eeafcb52-bd22-482c-b937-217c8fd85a96
2024-04-24T05:14:34,827  INFO [main] txn.TxnHandler: Expected to move at least one record from txn_components to completed_txn_components when committing txn! txnid:17
2024-04-24T05:14:34,833  INFO [main] txn.TxnHandler: Removed transactions: ([17]) from MIN_HISTORY_LEVEL
2024-04-24T05:14:34,833  WARN [main] txn.CompactionTxnHandler: No compaction queue record found for Compaction type transaction commit. txnId:17
2024-04-24T05:14:34,833  INFO [main] ql.TxnCommandsBaseForTests: Running the query: drop table if exists nonAcidOrcTbl
2024-04-24T05:14:34,834  INFO [main] ql.Driver: Compiling command(queryId=alex_20240424051434_b4b754f1-91c2-40f7-a4a9-8c4f16c85143): drop table if exists nonAcidOrcTbl
2024-04-24T05:14:34,836  INFO [main] txn.TxnHandler: Added entries to MIN_HISTORY_LEVEL for current txns: ([18]) with min_open_txn: 15
2024-04-24T05:14:34,836  INFO [main] lockmgr.DbTxnManager: Opened txnid:18
2024-04-24T05:14:34,836  INFO [main] HiveMetaStore.audit: ugi=alex	ip=unknown-ip-addr	cmd=get_table : tbl=hive.default.nonAcidOrcTbl	
2024-04-24T05:14:34,859  INFO [main] metastore.HMSHandler: Skipping translation for processor with null
2024-04-24T05:14:34,860  INFO [main] ql.Driver: Semantic Analysis Completed (retrial = false)
2024-04-24T05:14:34,860  INFO [main] ql.Driver: Created Hive schema: Schema(fieldSchemas:null, properties:null)
2024-04-24T05:14:34,860  INFO [main] metadata.Hive: Dumping metastore api call timing information for : compilation phase
2024-04-24T05:14:34,860  INFO [main] metadata.Hive: Total time spent in each metastore function (ms): {getValidTxns_(long)=0, getTable_(GetTableRequest)=24, commitTxn_(CommitTxnRequest)=11, flushCache_()=0, openTxn_(String, TxnType)=2, isCompatibleWith_(Configuration)=1}
2024-04-24T05:14:34,860  INFO [main] ql.Driver: Completed compiling command(queryId=alex_20240424051434_b4b754f1-91c2-40f7-a4a9-8c4f16c85143); Time taken: 0.026 seconds
2024-04-24T05:14:34,860  INFO [main] lockmgr.DbTxnManager: Setting lock request transaction to txnid:18 for queryId=alex_20240424051434_b4b754f1-91c2-40f7-a4a9-8c4f16c85143
2024-04-24T05:14:34,861  INFO [main] lockmgr.DbLockManager: Requesting lock for queryId=alex_20240424051434_b4b754f1-91c2-40f7-a4a9-8c4f16c85143
2024-04-24T05:14:34,875  INFO [main] lockmgr.DbLockManager: Response to queryId=alex_20240424051434_b4b754f1-91c2-40f7-a4a9-8c4f16c85143 LockResponse(lockid:12, state:ACQUIRED)
2024-04-24T05:14:34,875  INFO [main] ql.Driver: Operation DROPTABLE obtained 1 locks
2024-04-24T05:14:34,875  INFO [main] ql.Driver: Executing command(queryId=alex_20240424051434_b4b754f1-91c2-40f7-a4a9-8c4f16c85143): drop table if exists nonAcidOrcTbl
2024-04-24T05:14:34,875  INFO [main] ql.Driver: Starting task [Stage-0:DDL] in serial mode
2024-04-24T05:14:34,876  INFO [main] HiveMetaStore.audit: ugi=alex	ip=unknown-ip-addr	cmd=get_table : tbl=hive.default.nonAcidOrcTbl	
2024-04-24T05:14:34,884  INFO [main] metastore.HMSHandler: Skipping translation for processor with null
2024-04-24T05:14:34,884  INFO [main] HiveMetaStore.audit: ugi=alex	ip=unknown-ip-addr	cmd=get_table : tbl=hive.default.nonAcidOrcTbl	
2024-04-24T05:14:34,892  INFO [main] metastore.HMSHandler: Skipping translation for processor with null
2024-04-24T05:14:34,892  INFO [main] HiveMetaStore.audit: ugi=alex	ip=unknown-ip-addr	cmd=drop_table : tbl=hive.default.nonAcidOrcTbl	
2024-04-24T05:14:34,959  INFO [main] metadata.Hive: Dumping metastore api call timing information for : execution phase
2024-04-24T05:14:34,959  INFO [main] metadata.Hive: Total time spent in each metastore function (ms): {getTable_(GetTableRequest)=9, isCompatibleWith_(Configuration)=0, dropTable_(String, String, boolean, boolean, boolean)=75}
2024-04-24T05:14:34,959  INFO [main] ql.Driver: Completed executing command(queryId=alex_20240424051434_b4b754f1-91c2-40f7-a4a9-8c4f16c85143); Time taken: 0.084 seconds
2024-04-24T05:14:34,959  INFO [main] lockmgr.DbTxnManager: Stopped heartbeat for query: alex_20240424051434_b4b754f1-91c2-40f7-a4a9-8c4f16c85143
2024-04-24T05:14:34,963  INFO [main] txn.TxnHandler: Expected to move at least one record from txn_components to completed_txn_components when committing txn! txnid:18
2024-04-24T05:14:34,969  INFO [main] txn.TxnHandler: Removed transactions: ([18]) from MIN_HISTORY_LEVEL
2024-04-24T05:14:34,969  WARN [main] txn.CompactionTxnHandler: No compaction queue record found for Compaction type transaction commit. txnId:18
2024-04-24T05:14:34,970  INFO [main] ql.TxnCommandsBaseForTests: Running the query: drop table if exists nonAcidOrcTbl2
2024-04-24T05:14:34,970  INFO [main] ql.Driver: Compiling command(queryId=alex_20240424051434_2e37c0b3-3096-4de7-97dd-2decf6fa4b8f): drop table if exists nonAcidOrcTbl2
2024-04-24T05:14:34,972  INFO [main] txn.TxnHandler: Added entries to MIN_HISTORY_LEVEL for current txns: ([19]) with min_open_txn: 15
2024-04-24T05:14:34,973  INFO [main] lockmgr.DbTxnManager: Opened txnid:19
2024-04-24T05:14:34,973  INFO [main] HiveMetaStore.audit: ugi=alex	ip=unknown-ip-addr	cmd=get_table : tbl=hive.default.nonAcidOrcTbl2	
2024-04-24T05:14:34,981  INFO [main] metastore.HMSHandler: Skipping translation for processor with null
2024-04-24T05:14:34,981  INFO [main] ql.Driver: Semantic Analysis Completed (retrial = false)
2024-04-24T05:14:34,981  INFO [main] ql.Driver: Created Hive schema: Schema(fieldSchemas:null, properties:null)
2024-04-24T05:14:34,981  INFO [main] metadata.Hive: Dumping metastore api call timing information for : compilation phase
2024-04-24T05:14:34,981  INFO [main] metadata.Hive: Total time spent in each metastore function (ms): {getValidTxns_(long)=0, getTable_(GetTableRequest)=8, commitTxn_(CommitTxnRequest)=11, isCompatibleWith_(Configuration)=1, flushCache_()=0, openTxn_(String, TxnType)=2}
2024-04-24T05:14:34,981  INFO [main] ql.Driver: Completed compiling command(queryId=alex_20240424051434_2e37c0b3-3096-4de7-97dd-2decf6fa4b8f); Time taken: 0.011 seconds
2024-04-24T05:14:34,982  INFO [main] lockmgr.DbTxnManager: Setting lock request transaction to txnid:19 for queryId=alex_20240424051434_2e37c0b3-3096-4de7-97dd-2decf6fa4b8f
2024-04-24T05:14:34,982  INFO [main] lockmgr.DbLockManager: Requesting lock for queryId=alex_20240424051434_2e37c0b3-3096-4de7-97dd-2decf6fa4b8f
2024-04-24T05:14:34,996  INFO [main] lockmgr.DbLockManager: Response to queryId=alex_20240424051434_2e37c0b3-3096-4de7-97dd-2decf6fa4b8f LockResponse(lockid:13, state:ACQUIRED)
2024-04-24T05:14:34,996  INFO [main] ql.Driver: Operation DROPTABLE obtained 1 locks
2024-04-24T05:14:34,996  INFO [main] ql.Driver: Executing command(queryId=alex_20240424051434_2e37c0b3-3096-4de7-97dd-2decf6fa4b8f): drop table if exists nonAcidOrcTbl2
2024-04-24T05:14:34,996  INFO [main] ql.Driver: Starting task [Stage-0:DDL] in serial mode
2024-04-24T05:14:34,996  INFO [main] HiveMetaStore.audit: ugi=alex	ip=unknown-ip-addr	cmd=get_table : tbl=hive.default.nonAcidOrcTbl2	
2024-04-24T05:14:35,004  INFO [main] metastore.HMSHandler: Skipping translation for processor with null
2024-04-24T05:14:35,004  INFO [main] HiveMetaStore.audit: ugi=alex	ip=unknown-ip-addr	cmd=get_table : tbl=hive.default.nonAcidOrcTbl2	
2024-04-24T05:14:35,012  INFO [main] metastore.HMSHandler: Skipping translation for processor with null
2024-04-24T05:14:35,012  INFO [main] HiveMetaStore.audit: ugi=alex	ip=unknown-ip-addr	cmd=drop_table : tbl=hive.default.nonAcidOrcTbl2	
2024-04-24T05:14:35,042  INFO [main] metadata.Hive: Dumping metastore api call timing information for : execution phase
2024-04-24T05:14:35,042  INFO [main] metadata.Hive: Total time spent in each metastore function (ms): {getTable_(GetTableRequest)=8, dropTable_(String, String, boolean, boolean, boolean)=38, isCompatibleWith_(Configuration)=0}
2024-04-24T05:14:35,042  INFO [main] ql.Driver: Completed executing command(queryId=alex_20240424051434_2e37c0b3-3096-4de7-97dd-2decf6fa4b8f); Time taken: 0.046 seconds
2024-04-24T05:14:35,042  INFO [main] lockmgr.DbTxnManager: Stopped heartbeat for query: alex_20240424051434_2e37c0b3-3096-4de7-97dd-2decf6fa4b8f
2024-04-24T05:14:35,046  INFO [main] txn.TxnHandler: Expected to move at least one record from txn_components to completed_txn_components when committing txn! txnid:19
2024-04-24T05:14:35,052  INFO [main] txn.TxnHandler: Removed transactions: ([19]) from MIN_HISTORY_LEVEL
2024-04-24T05:14:35,052  WARN [main] txn.CompactionTxnHandler: No compaction queue record found for Compaction type transaction commit. txnId:19
2024-04-24T05:14:35,053  INFO [main] ql.TxnCommandsBaseForTests: Running the query: drop table if exists nonAcidNonBucket
2024-04-24T05:14:35,053  INFO [main] ql.Driver: Compiling command(queryId=alex_20240424051435_07cf9920-70dc-4848-a5f9-33ffa57ff88e): drop table if exists nonAcidNonBucket
2024-04-24T05:14:35,055  INFO [main] txn.TxnHandler: Added entries to MIN_HISTORY_LEVEL for current txns: ([20]) with min_open_txn: 15
2024-04-24T05:14:35,055  INFO [main] lockmgr.DbTxnManager: Opened txnid:20
2024-04-24T05:14:35,056  INFO [main] HiveMetaStore.audit: ugi=alex	ip=unknown-ip-addr	cmd=get_table : tbl=hive.default.nonAcidNonBucket	
2024-04-24T05:14:35,065  INFO [main] metastore.HMSHandler: Skipping translation for processor with null
2024-04-24T05:14:35,065  INFO [main] ql.Driver: Semantic Analysis Completed (retrial = false)
2024-04-24T05:14:35,065  INFO [main] ql.Driver: Created Hive schema: Schema(fieldSchemas:null, properties:null)
2024-04-24T05:14:35,065  INFO [main] metadata.Hive: Dumping metastore api call timing information for : compilation phase
2024-04-24T05:14:35,065  INFO [main] metadata.Hive: Total time spent in each metastore function (ms): {commitTxn_(CommitTxnRequest)=11, openTxn_(String, TxnType)=1, isCompatibleWith_(Configuration)=1, getTable_(GetTableRequest)=9, flushCache_()=0, getValidTxns_(long)=0}
2024-04-24T05:14:35,065  INFO [main] ql.Driver: Completed compiling command(queryId=alex_20240424051435_07cf9920-70dc-4848-a5f9-33ffa57ff88e); Time taken: 0.012 seconds
2024-04-24T05:14:35,065  INFO [main] lockmgr.DbTxnManager: Setting lock request transaction to txnid:20 for queryId=alex_20240424051435_07cf9920-70dc-4848-a5f9-33ffa57ff88e
2024-04-24T05:14:35,066  INFO [main] lockmgr.DbLockManager: Requesting lock for queryId=alex_20240424051435_07cf9920-70dc-4848-a5f9-33ffa57ff88e
2024-04-24T05:14:35,080  INFO [main] lockmgr.DbLockManager: Response to queryId=alex_20240424051435_07cf9920-70dc-4848-a5f9-33ffa57ff88e LockResponse(lockid:14, state:ACQUIRED)
2024-04-24T05:14:35,080  INFO [main] ql.Driver: Operation DROPTABLE obtained 1 locks
2024-04-24T05:14:35,080  INFO [main] ql.Driver: Executing command(queryId=alex_20240424051435_07cf9920-70dc-4848-a5f9-33ffa57ff88e): drop table if exists nonAcidNonBucket
2024-04-24T05:14:35,081  INFO [main] ql.Driver: Starting task [Stage-0:DDL] in serial mode
2024-04-24T05:14:35,081  INFO [main] HiveMetaStore.audit: ugi=alex	ip=unknown-ip-addr	cmd=get_table : tbl=hive.default.nonAcidNonBucket	
2024-04-24T05:14:35,089  INFO [main] metastore.HMSHandler: Skipping translation for processor with null
2024-04-24T05:14:35,089  INFO [main] HiveMetaStore.audit: ugi=alex	ip=unknown-ip-addr	cmd=get_table : tbl=hive.default.nonAcidNonBucket	
2024-04-24T05:14:35,097  INFO [main] metastore.HMSHandler: Skipping translation for processor with null
2024-04-24T05:14:35,097  INFO [main] HiveMetaStore.audit: ugi=alex	ip=unknown-ip-addr	cmd=drop_table : tbl=hive.default.nonAcidNonBucket	
2024-04-24T05:14:35,127  INFO [main] metadata.Hive: Dumping metastore api call timing information for : execution phase
2024-04-24T05:14:35,127  INFO [main] metadata.Hive: Total time spent in each metastore function (ms): {dropTable_(String, String, boolean, boolean, boolean)=38, isCompatibleWith_(Configuration)=0, getTable_(GetTableRequest)=8}
2024-04-24T05:14:35,127  INFO [main] ql.Driver: Completed executing command(queryId=alex_20240424051435_07cf9920-70dc-4848-a5f9-33ffa57ff88e); Time taken: 0.047 seconds
2024-04-24T05:14:35,127  INFO [main] lockmgr.DbTxnManager: Stopped heartbeat for query: alex_20240424051435_07cf9920-70dc-4848-a5f9-33ffa57ff88e
2024-04-24T05:14:35,131  INFO [main] txn.TxnHandler: Expected to move at least one record from txn_components to completed_txn_components when committing txn! txnid:20
2024-04-24T05:14:35,137  INFO [main] txn.TxnHandler: Removed transactions: ([20]) from MIN_HISTORY_LEVEL
2024-04-24T05:14:35,137  WARN [main] txn.CompactionTxnHandler: No compaction queue record found for Compaction type transaction commit. txnId:20
2024-04-24T05:14:35,138  INFO [main] utils.TestTxnDbUtil: Cleaning transactional tables
]]></system-err>
  </testcase>
  <testcase name="testUpdateDeleteOfInserts" classname="org.apache.hadoop.hive.ql.TestTxnCommandsWithSplitUpdateAndVectorization" time="7.38">
    <error type="java.lang.RuntimeException"><![CDATA[java.lang.RuntimeException: update acidTbl set b = 1 where b != 1 failed: (responseCode = 40000, errorMessage = FAILED: NoMatchingMethodException No matching method for class org.apache.hadoop.hive.ql.udf.UDFToInteger with (struct<writeid:bigint,bucketid:int,rowid:bigint>). Possible choices: _FUNC_(bigint)  _FUNC_(boolean)  _FUNC_(decimal(38,18))  _FUNC_(double)  _FUNC_(float)  _FUNC_(smallint)  _FUNC_(string)  _FUNC_(struct<writeid:bigint,rowid:int,bucketid:bigint>)  _FUNC_(timestamp)  _FUNC_(tinyint)  _FUNC_(void)  , hiveErrorCode = 40000, SQLState = 42000, exception = No matching method for class org.apache.hadoop.hive.ql.udf.UDFToInteger with (struct<writeid:bigint,bucketid:int,rowid:bigint>). Possible choices: _FUNC_(bigint)  _FUNC_(boolean)  _FUNC_(decimal(38,18))  _FUNC_(double)  _FUNC_(float)  _FUNC_(smallint)  _FUNC_(string)  _FUNC_(struct<writeid:bigint,rowid:int,bucketid:bigint>)  _FUNC_(timestamp)  _FUNC_(tinyint)  _FUNC_(void)  )
	at org.apache.hadoop.hive.ql.TxnCommandsBaseForTests.runStatementOnDriver(TxnCommandsBaseForTests.java:247)
	at org.apache.hadoop.hive.ql.TestTxnCommands.testUpdateDeleteOfInserts(TestTxnCommands.java:883)
	at sun.reflect.NativeMethodAccessorImpl.invoke0(Native Method)
	at sun.reflect.NativeMethodAccessorImpl.invoke(NativeMethodAccessorImpl.java:62)
	at sun.reflect.DelegatingMethodAccessorImpl.invoke(DelegatingMethodAccessorImpl.java:43)
	at java.lang.reflect.Method.invoke(Method.java:498)
	at org.junit.runners.model.FrameworkMethod$1.runReflectiveCall(FrameworkMethod.java:59)
	at org.junit.internal.runners.model.ReflectiveCallable.run(ReflectiveCallable.java:12)
	at org.junit.runners.model.FrameworkMethod.invokeExplosively(FrameworkMethod.java:56)
	at org.junit.internal.runners.statements.InvokeMethod.evaluate(InvokeMethod.java:17)
	at org.junit.internal.runners.statements.RunBefores.evaluate(RunBefores.java:26)
	at org.junit.internal.runners.statements.RunAfters.evaluate(RunAfters.java:27)
	at org.junit.rules.TestWatcher$1.evaluate(TestWatcher.java:61)
	at org.junit.runners.ParentRunner$3.evaluate(ParentRunner.java:306)
	at org.junit.runners.BlockJUnit4ClassRunner$1.evaluate(BlockJUnit4ClassRunner.java:100)
	at org.junit.runners.ParentRunner.runLeaf(ParentRunner.java:366)
	at org.junit.runners.BlockJUnit4ClassRunner.runChild(BlockJUnit4ClassRunner.java:103)
	at org.junit.runners.BlockJUnit4ClassRunner.runChild(BlockJUnit4ClassRunner.java:63)
	at org.junit.runners.ParentRunner$4.run(ParentRunner.java:331)
	at org.junit.runners.ParentRunner$1.schedule(ParentRunner.java:79)
	at org.junit.runners.ParentRunner.runChildren(ParentRunner.java:329)
	at org.junit.runners.ParentRunner.access$100(ParentRunner.java:66)
	at org.junit.runners.ParentRunner$2.evaluate(ParentRunner.java:293)
	at org.junit.runners.ParentRunner$3.evaluate(ParentRunner.java:306)
	at org.junit.runners.ParentRunner.run(ParentRunner.java:413)
	at org.junit.runner.JUnitCore.run(JUnitCore.java:137)
	at org.junit.runner.JUnitCore.run(JUnitCore.java:115)
	at org.junit.vintage.engine.execution.RunnerExecutor.execute(RunnerExecutor.java:43)
	at java.util.stream.ForEachOps$ForEachOp$OfRef.accept(ForEachOps.java:183)
	at java.util.stream.ReferencePipeline$3$1.accept(ReferencePipeline.java:193)
	at java.util.Iterator.forEachRemaining(Iterator.java:116)
	at java.util.Spliterators$IteratorSpliterator.forEachRemaining(Spliterators.java:1801)
	at java.util.stream.AbstractPipeline.copyInto(AbstractPipeline.java:482)
	at java.util.stream.AbstractPipeline.wrapAndCopyInto(AbstractPipeline.java:472)
	at java.util.stream.ForEachOps$ForEachOp.evaluateSequential(ForEachOps.java:150)
	at java.util.stream.ForEachOps$ForEachOp$OfRef.evaluateSequential(ForEachOps.java:173)
	at java.util.stream.AbstractPipeline.evaluate(AbstractPipeline.java:234)
	at java.util.stream.ReferencePipeline.forEach(ReferencePipeline.java:485)
	at org.junit.vintage.engine.VintageTestEngine.executeAllChildren(VintageTestEngine.java:82)
	at org.junit.vintage.engine.VintageTestEngine.execute(VintageTestEngine.java:73)
	at org.junit.platform.launcher.core.DefaultLauncher.execute(DefaultLauncher.java:248)
	at org.junit.platform.launcher.core.DefaultLauncher.lambda$execute$5(DefaultLauncher.java:211)
	at org.junit.platform.launcher.core.DefaultLauncher.withInterceptedStreams(DefaultLauncher.java:226)
	at org.junit.platform.launcher.core.DefaultLauncher.execute(DefaultLauncher.java:199)
	at org.junit.platform.launcher.core.DefaultLauncher.execute(DefaultLauncher.java:132)
	at org.apache.maven.surefire.junitplatform.JUnitPlatformProvider.invokeAllTests(JUnitPlatformProvider.java:154)
	at org.apache.maven.surefire.junitplatform.JUnitPlatformProvider.invoke(JUnitPlatformProvider.java:123)
	at org.apache.maven.surefire.booter.ForkedBooter.runSuitesInProcess(ForkedBooter.java:377)
	at org.apache.maven.surefire.booter.ForkedBooter.execute(ForkedBooter.java:138)
	at org.apache.maven.surefire.booter.ForkedBooter.run(ForkedBooter.java:465)
	at org.apache.maven.surefire.booter.ForkedBooter.main(ForkedBooter.java:451)
]]></error>
    <system-err><![CDATA[2024-04-24T05:14:35,197  WARN [main] conf.HiveConf: HiveConf of name hive.llap.io.cache.orc.alloc.min does not exist
2024-04-24T05:14:35,197  WARN [main] conf.HiveConf: HiveConf of name hive.metastore.client.cache.recordStats does not exist
2024-04-24T05:14:35,197  WARN [main] conf.HiveConf: HiveConf of name hive.llap.io.cache.orc.size does not exist
2024-04-24T05:14:35,197  WARN [main] conf.HiveConf: HiveConf of name hive.dummyparam.test.server.specific.config.metastoresite does not exist
2024-04-24T05:14:35,197  WARN [main] conf.HiveConf: HiveConf of name hive.stats.key.prefix.reserve.length does not exist
2024-04-24T05:14:35,197  WARN [main] conf.HiveConf: HiveConf of name hive.dummyparam.test.server.specific.config.hivesite does not exist
2024-04-24T05:14:35,198  WARN [main] conf.HiveConf: HiveConf of name hive.llap.io.cache.orc.alloc.max does not exist
2024-04-24T05:14:35,198  WARN [main] conf.HiveConf: HiveConf of name hive.dummyparam.test.server.specific.config.override does not exist
2024-04-24T05:14:35,198  WARN [main] conf.HiveConf: HiveConf of name hive.metastore.metadb.dir does not exist
2024-04-24T05:14:35,198  WARN [main] conf.HiveConf: HiveConf of name hive.llap.io.cache.orc.arena.size does not exist
2024-04-24T05:14:35,198  WARN [main] conf.HiveConf: HiveConf of name hive.metastore.client.cache.maxSize does not exist
2024-04-24T05:14:35,200  INFO [main] utils.TestTxnDbUtil: Creating transactional tables
Hive Session ID = e080d8d7-65d9-4d23-bca6-93f469f18d04
2024-04-24T05:14:35,203  INFO [main] SessionState: Hive Session ID = e080d8d7-65d9-4d23-bca6-93f469f18d04
ivysettings.xml file not found in HIVE_HOME or HIVE_CONF_DIR,/home/alex/Repositories/hive/conf/ivysettings.xml will be used
2024-04-24T05:14:35,203  INFO [main] DependencyResolver: ivysettings.xml file not found in HIVE_HOME or HIVE_CONF_DIR,/home/alex/Repositories/hive/conf/ivysettings.xml will be used
2024-04-24T05:14:35,208  INFO [main] session.SessionState: Created HDFS directory: /home/alex/Repositories/hive/ql/target/tmp/scratchdir/alex/e080d8d7-65d9-4d23-bca6-93f469f18d04
2024-04-24T05:14:35,210  INFO [main] session.SessionState: Created local directory: /home/alex/Repositories/hive/ql/target/tmp/localscratchdir/e080d8d7-65d9-4d23-bca6-93f469f18d04
2024-04-24T05:14:35,213  INFO [main] session.SessionState: Created HDFS directory: /home/alex/Repositories/hive/ql/target/tmp/scratchdir/alex/e080d8d7-65d9-4d23-bca6-93f469f18d04/_tmp_space.db
2024-04-24T05:14:35,213  INFO [main] sqlstd.SQLStdHiveAccessController: Created SQLStdHiveAccessController for session context : HiveAuthzSessionContext [sessionString=e080d8d7-65d9-4d23-bca6-93f469f18d04, clientType=HIVECLI]
2024-04-24T05:14:35,213  INFO [main] ql.TxnCommandsBaseForTests: Running the query: drop table if exists acidTbl
2024-04-24T05:14:35,213  INFO [main] ql.Driver: Compiling command(queryId=alex_20240424051435_05dc2ff3-cfaa-47ab-8c8c-6fc466df0b0e): drop table if exists acidTbl
2024-04-24T05:14:35,224  INFO [main] txn.TxnHandler: Added entries to MIN_HISTORY_LEVEL for current txns: ([1]) with min_open_txn: 1
2024-04-24T05:14:35,225  INFO [main] lockmgr.DbTxnManager: Opened txnid:1
2024-04-24T05:14:35,227  INFO [main] HiveMetaStore.audit: ugi=alex	ip=unknown-ip-addr	cmd=get_table : tbl=hive.default.acidTbl	
2024-04-24T05:14:35,232  INFO [main] ql.Driver: Semantic Analysis Completed (retrial = false)
2024-04-24T05:14:35,232  INFO [main] ql.Driver: Created Hive schema: Schema(fieldSchemas:null, properties:null)
2024-04-24T05:14:35,232  INFO [main] metadata.Hive: Dumping metastore api call timing information for : compilation phase
2024-04-24T05:14:35,232  INFO [main] metadata.Hive: Total time spent in each metastore function (ms): {flushCache_()=0, getValidTxns_(long)=2, openTxn_(String, TxnType)=11, isCompatibleWith_(Configuration)=0, commitTxn_(CommitTxnRequest)=11}
2024-04-24T05:14:35,232  INFO [main] ql.Driver: Completed compiling command(queryId=alex_20240424051435_05dc2ff3-cfaa-47ab-8c8c-6fc466df0b0e); Time taken: 0.019 seconds
2024-04-24T05:14:35,233  INFO [main] lockmgr.DbTxnManager: Setting lock request transaction to txnid:1 for queryId=alex_20240424051435_05dc2ff3-cfaa-47ab-8c8c-6fc466df0b0e
2024-04-24T05:14:35,233  INFO [main] ql.Driver: Operation DROPTABLE obtained 0 locks
2024-04-24T05:14:35,233  INFO [main] ql.Driver: Executing command(queryId=alex_20240424051435_05dc2ff3-cfaa-47ab-8c8c-6fc466df0b0e): drop table if exists acidTbl
2024-04-24T05:14:35,233  INFO [main] ql.Driver: Starting task [Stage-0:DDL] in serial mode
2024-04-24T05:14:35,233  INFO [main] HiveMetaStore.audit: ugi=alex	ip=unknown-ip-addr	cmd=get_table : tbl=hive.default.acidTbl	
2024-04-24T05:14:35,236  INFO [main] metadata.Hive: Dumping metastore api call timing information for : execution phase
2024-04-24T05:14:35,236  INFO [main] metadata.Hive: Total time spent in each metastore function (ms): {isCompatibleWith_(Configuration)=0}
2024-04-24T05:14:35,236  INFO [main] ql.Driver: Completed executing command(queryId=alex_20240424051435_05dc2ff3-cfaa-47ab-8c8c-6fc466df0b0e); Time taken: 0.003 seconds
2024-04-24T05:14:35,236  INFO [main] lockmgr.DbTxnManager: Stopped heartbeat for query: alex_20240424051435_05dc2ff3-cfaa-47ab-8c8c-6fc466df0b0e
2024-04-24T05:14:35,242  INFO [main] txn.TxnHandler: Expected to move at least one record from txn_components to completed_txn_components when committing txn! txnid:1
2024-04-24T05:14:35,249  INFO [main] txn.TxnHandler: Removed transactions: ([1]) from MIN_HISTORY_LEVEL
2024-04-24T05:14:35,249  WARN [main] txn.CompactionTxnHandler: No compaction queue record found for Compaction type transaction commit. txnId:1
2024-04-24T05:14:35,249  INFO [main] ql.TxnCommandsBaseForTests: Running the query: drop table if exists acidTblPart
2024-04-24T05:14:35,249  INFO [main] ql.Driver: Compiling command(queryId=alex_20240424051435_1e69cb15-28ca-4816-9185-70f9a77c92af): drop table if exists acidTblPart
2024-04-24T05:14:35,252  INFO [main] txn.TxnHandler: Added entries to MIN_HISTORY_LEVEL for current txns: ([2]) with min_open_txn: 1
2024-04-24T05:14:35,252  INFO [main] lockmgr.DbTxnManager: Opened txnid:2
2024-04-24T05:14:35,252  INFO [main] HiveMetaStore.audit: ugi=alex	ip=unknown-ip-addr	cmd=get_table : tbl=hive.default.acidTblPart	
2024-04-24T05:14:35,255  INFO [main] ql.Driver: Semantic Analysis Completed (retrial = false)
2024-04-24T05:14:35,255  INFO [main] ql.Driver: Created Hive schema: Schema(fieldSchemas:null, properties:null)
2024-04-24T05:14:35,255  INFO [main] metadata.Hive: Dumping metastore api call timing information for : compilation phase
2024-04-24T05:14:35,255  INFO [main] metadata.Hive: Total time spent in each metastore function (ms): {openTxn_(String, TxnType)=2, flushCache_()=0, getValidTxns_(long)=0, isCompatibleWith_(Configuration)=0, commitTxn_(CommitTxnRequest)=13}
2024-04-24T05:14:35,256  INFO [main] ql.Driver: Completed compiling command(queryId=alex_20240424051435_1e69cb15-28ca-4816-9185-70f9a77c92af); Time taken: 0.006 seconds
2024-04-24T05:14:35,256  INFO [main] lockmgr.DbTxnManager: Setting lock request transaction to txnid:2 for queryId=alex_20240424051435_1e69cb15-28ca-4816-9185-70f9a77c92af
2024-04-24T05:14:35,256  INFO [main] ql.Driver: Operation DROPTABLE obtained 0 locks
2024-04-24T05:14:35,256  INFO [main] ql.Driver: Executing command(queryId=alex_20240424051435_1e69cb15-28ca-4816-9185-70f9a77c92af): drop table if exists acidTblPart
2024-04-24T05:14:35,256  INFO [main] ql.Driver: Starting task [Stage-0:DDL] in serial mode
2024-04-24T05:14:35,256  INFO [main] HiveMetaStore.audit: ugi=alex	ip=unknown-ip-addr	cmd=get_table : tbl=hive.default.acidTblPart	
2024-04-24T05:14:35,259  INFO [main] metadata.Hive: Dumping metastore api call timing information for : execution phase
2024-04-24T05:14:35,259  INFO [main] metadata.Hive: Total time spent in each metastore function (ms): {isCompatibleWith_(Configuration)=0}
2024-04-24T05:14:35,259  INFO [main] ql.Driver: Completed executing command(queryId=alex_20240424051435_1e69cb15-28ca-4816-9185-70f9a77c92af); Time taken: 0.003 seconds
2024-04-24T05:14:35,259  INFO [main] lockmgr.DbTxnManager: Stopped heartbeat for query: alex_20240424051435_1e69cb15-28ca-4816-9185-70f9a77c92af
2024-04-24T05:14:35,265  INFO [main] txn.TxnHandler: Expected to move at least one record from txn_components to completed_txn_components when committing txn! txnid:2
2024-04-24T05:14:35,271  INFO [main] txn.TxnHandler: Removed transactions: ([2]) from MIN_HISTORY_LEVEL
2024-04-24T05:14:35,271  WARN [main] txn.CompactionTxnHandler: No compaction queue record found for Compaction type transaction commit. txnId:2
2024-04-24T05:14:35,272  INFO [main] ql.TxnCommandsBaseForTests: Running the query: drop table if exists acidTbl2
2024-04-24T05:14:35,272  INFO [main] ql.Driver: Compiling command(queryId=alex_20240424051435_cf7a8747-feda-455c-912b-d64c5ed8e128): drop table if exists acidTbl2
2024-04-24T05:14:35,274  INFO [main] txn.TxnHandler: Added entries to MIN_HISTORY_LEVEL for current txns: ([3]) with min_open_txn: 1
2024-04-24T05:14:35,274  INFO [main] lockmgr.DbTxnManager: Opened txnid:3
2024-04-24T05:14:35,275  INFO [main] HiveMetaStore.audit: ugi=alex	ip=unknown-ip-addr	cmd=get_table : tbl=hive.default.acidTbl2	
2024-04-24T05:14:35,277  INFO [main] ql.Driver: Semantic Analysis Completed (retrial = false)
2024-04-24T05:14:35,277  INFO [main] ql.Driver: Created Hive schema: Schema(fieldSchemas:null, properties:null)
2024-04-24T05:14:35,277  INFO [main] metadata.Hive: Dumping metastore api call timing information for : compilation phase
2024-04-24T05:14:35,278  INFO [main] metadata.Hive: Total time spent in each metastore function (ms): {openTxn_(String, TxnType)=2, commitTxn_(CommitTxnRequest)=13, getValidTxns_(long)=1, flushCache_()=0, isCompatibleWith_(Configuration)=0}
2024-04-24T05:14:35,278  INFO [main] ql.Driver: Completed compiling command(queryId=alex_20240424051435_cf7a8747-feda-455c-912b-d64c5ed8e128); Time taken: 0.005 seconds
2024-04-24T05:14:35,278  INFO [main] lockmgr.DbTxnManager: Setting lock request transaction to txnid:3 for queryId=alex_20240424051435_cf7a8747-feda-455c-912b-d64c5ed8e128
2024-04-24T05:14:35,278  INFO [main] ql.Driver: Operation DROPTABLE obtained 0 locks
2024-04-24T05:14:35,278  INFO [main] ql.Driver: Executing command(queryId=alex_20240424051435_cf7a8747-feda-455c-912b-d64c5ed8e128): drop table if exists acidTbl2
2024-04-24T05:14:35,278  INFO [main] ql.Driver: Starting task [Stage-0:DDL] in serial mode
2024-04-24T05:14:35,278  INFO [main] HiveMetaStore.audit: ugi=alex	ip=unknown-ip-addr	cmd=get_table : tbl=hive.default.acidTbl2	
2024-04-24T05:14:35,281  INFO [main] metadata.Hive: Dumping metastore api call timing information for : execution phase
2024-04-24T05:14:35,281  INFO [main] metadata.Hive: Total time spent in each metastore function (ms): {isCompatibleWith_(Configuration)=0}
2024-04-24T05:14:35,281  INFO [main] ql.Driver: Completed executing command(queryId=alex_20240424051435_cf7a8747-feda-455c-912b-d64c5ed8e128); Time taken: 0.003 seconds
2024-04-24T05:14:35,281  INFO [main] lockmgr.DbTxnManager: Stopped heartbeat for query: alex_20240424051435_cf7a8747-feda-455c-912b-d64c5ed8e128
2024-04-24T05:14:35,287  INFO [main] txn.TxnHandler: Expected to move at least one record from txn_components to completed_txn_components when committing txn! txnid:3
2024-04-24T05:14:35,293  INFO [main] txn.TxnHandler: Removed transactions: ([3]) from MIN_HISTORY_LEVEL
2024-04-24T05:14:35,293  WARN [main] txn.CompactionTxnHandler: No compaction queue record found for Compaction type transaction commit. txnId:3
2024-04-24T05:14:35,293  INFO [main] ql.TxnCommandsBaseForTests: Running the query: drop table if exists nonAcidOrcTbl
2024-04-24T05:14:35,293  INFO [main] ql.Driver: Compiling command(queryId=alex_20240424051435_48c83ff7-3eb2-44ea-b742-9fa9cda85227): drop table if exists nonAcidOrcTbl
2024-04-24T05:14:35,295  INFO [main] txn.TxnHandler: Added entries to MIN_HISTORY_LEVEL for current txns: ([4]) with min_open_txn: 1
2024-04-24T05:14:35,296  INFO [main] lockmgr.DbTxnManager: Opened txnid:4
2024-04-24T05:14:35,296  INFO [main] HiveMetaStore.audit: ugi=alex	ip=unknown-ip-addr	cmd=get_table : tbl=hive.default.nonAcidOrcTbl	
2024-04-24T05:14:35,299  INFO [main] ql.Driver: Semantic Analysis Completed (retrial = false)
2024-04-24T05:14:35,299  INFO [main] ql.Driver: Created Hive schema: Schema(fieldSchemas:null, properties:null)
2024-04-24T05:14:35,299  INFO [main] metadata.Hive: Dumping metastore api call timing information for : compilation phase
2024-04-24T05:14:35,299  INFO [main] metadata.Hive: Total time spent in each metastore function (ms): {flushCache_()=0, openTxn_(String, TxnType)=2, commitTxn_(CommitTxnRequest)=11, getValidTxns_(long)=0, isCompatibleWith_(Configuration)=0}
2024-04-24T05:14:35,299  INFO [main] ql.Driver: Completed compiling command(queryId=alex_20240424051435_48c83ff7-3eb2-44ea-b742-9fa9cda85227); Time taken: 0.006 seconds
2024-04-24T05:14:35,299  INFO [main] lockmgr.DbTxnManager: Setting lock request transaction to txnid:4 for queryId=alex_20240424051435_48c83ff7-3eb2-44ea-b742-9fa9cda85227
2024-04-24T05:14:35,299  INFO [main] ql.Driver: Operation DROPTABLE obtained 0 locks
2024-04-24T05:14:35,299  INFO [main] ql.Driver: Executing command(queryId=alex_20240424051435_48c83ff7-3eb2-44ea-b742-9fa9cda85227): drop table if exists nonAcidOrcTbl
2024-04-24T05:14:35,300  INFO [main] ql.Driver: Starting task [Stage-0:DDL] in serial mode
2024-04-24T05:14:35,300  INFO [main] HiveMetaStore.audit: ugi=alex	ip=unknown-ip-addr	cmd=get_table : tbl=hive.default.nonAcidOrcTbl	
2024-04-24T05:14:35,302  INFO [main] metadata.Hive: Dumping metastore api call timing information for : execution phase
2024-04-24T05:14:35,303  INFO [main] metadata.Hive: Total time spent in each metastore function (ms): {isCompatibleWith_(Configuration)=0}
2024-04-24T05:14:35,303  INFO [main] ql.Driver: Completed executing command(queryId=alex_20240424051435_48c83ff7-3eb2-44ea-b742-9fa9cda85227); Time taken: 0.003 seconds
2024-04-24T05:14:35,303  INFO [main] lockmgr.DbTxnManager: Stopped heartbeat for query: alex_20240424051435_48c83ff7-3eb2-44ea-b742-9fa9cda85227
2024-04-24T05:14:35,308  INFO [main] txn.TxnHandler: Expected to move at least one record from txn_components to completed_txn_components when committing txn! txnid:4
2024-04-24T05:14:35,314  INFO [main] txn.TxnHandler: Removed transactions: ([4]) from MIN_HISTORY_LEVEL
2024-04-24T05:14:35,314  WARN [main] txn.CompactionTxnHandler: No compaction queue record found for Compaction type transaction commit. txnId:4
2024-04-24T05:14:35,315  INFO [main] ql.TxnCommandsBaseForTests: Running the query: drop table if exists nonAcidOrcTbl2
2024-04-24T05:14:35,315  INFO [main] ql.Driver: Compiling command(queryId=alex_20240424051435_3c7cec32-07ae-4681-be70-35d0a7696d67): drop table if exists nonAcidOrcTbl2
2024-04-24T05:14:35,317  INFO [main] txn.TxnHandler: Added entries to MIN_HISTORY_LEVEL for current txns: ([5]) with min_open_txn: 1
2024-04-24T05:14:35,317  INFO [main] lockmgr.DbTxnManager: Opened txnid:5
2024-04-24T05:14:35,318  INFO [main] HiveMetaStore.audit: ugi=alex	ip=unknown-ip-addr	cmd=get_table : tbl=hive.default.nonAcidOrcTbl2	
2024-04-24T05:14:35,320  INFO [main] ql.Driver: Semantic Analysis Completed (retrial = false)
2024-04-24T05:14:35,320  INFO [main] ql.Driver: Created Hive schema: Schema(fieldSchemas:null, properties:null)
2024-04-24T05:14:35,321  INFO [main] metadata.Hive: Dumping metastore api call timing information for : compilation phase
2024-04-24T05:14:35,321  INFO [main] metadata.Hive: Total time spent in each metastore function (ms): {getValidTxns_(long)=1, commitTxn_(CommitTxnRequest)=12, flushCache_()=0, openTxn_(String, TxnType)=2, isCompatibleWith_(Configuration)=0}
2024-04-24T05:14:35,321  INFO [main] ql.Driver: Completed compiling command(queryId=alex_20240424051435_3c7cec32-07ae-4681-be70-35d0a7696d67); Time taken: 0.005 seconds
2024-04-24T05:14:35,321  INFO [main] lockmgr.DbTxnManager: Setting lock request transaction to txnid:5 for queryId=alex_20240424051435_3c7cec32-07ae-4681-be70-35d0a7696d67
2024-04-24T05:14:35,321  INFO [main] ql.Driver: Operation DROPTABLE obtained 0 locks
2024-04-24T05:14:35,321  INFO [main] ql.Driver: Executing command(queryId=alex_20240424051435_3c7cec32-07ae-4681-be70-35d0a7696d67): drop table if exists nonAcidOrcTbl2
2024-04-24T05:14:35,321  INFO [main] ql.Driver: Starting task [Stage-0:DDL] in serial mode
2024-04-24T05:14:35,321  INFO [main] HiveMetaStore.audit: ugi=alex	ip=unknown-ip-addr	cmd=get_table : tbl=hive.default.nonAcidOrcTbl2	
2024-04-24T05:14:35,324  INFO [main] metadata.Hive: Dumping metastore api call timing information for : execution phase
2024-04-24T05:14:35,324  INFO [main] metadata.Hive: Total time spent in each metastore function (ms): {isCompatibleWith_(Configuration)=0}
2024-04-24T05:14:35,324  INFO [main] ql.Driver: Completed executing command(queryId=alex_20240424051435_3c7cec32-07ae-4681-be70-35d0a7696d67); Time taken: 0.003 seconds
2024-04-24T05:14:35,325  INFO [main] lockmgr.DbTxnManager: Stopped heartbeat for query: alex_20240424051435_3c7cec32-07ae-4681-be70-35d0a7696d67
2024-04-24T05:14:35,330  INFO [main] txn.TxnHandler: Expected to move at least one record from txn_components to completed_txn_components when committing txn! txnid:5
2024-04-24T05:14:35,336  INFO [main] txn.TxnHandler: Removed transactions: ([5]) from MIN_HISTORY_LEVEL
2024-04-24T05:14:35,336  WARN [main] txn.CompactionTxnHandler: No compaction queue record found for Compaction type transaction commit. txnId:5
2024-04-24T05:14:35,337  INFO [main] ql.TxnCommandsBaseForTests: Running the query: drop table if exists nonAcidNonBucket
2024-04-24T05:14:35,337  INFO [main] ql.Driver: Compiling command(queryId=alex_20240424051435_ed2eb988-2810-4ac1-b56c-c9e28eea301c): drop table if exists nonAcidNonBucket
2024-04-24T05:14:35,339  INFO [main] txn.TxnHandler: Added entries to MIN_HISTORY_LEVEL for current txns: ([6]) with min_open_txn: 1
2024-04-24T05:14:35,339  INFO [main] lockmgr.DbTxnManager: Opened txnid:6
2024-04-24T05:14:35,339  INFO [main] HiveMetaStore.audit: ugi=alex	ip=unknown-ip-addr	cmd=get_table : tbl=hive.default.nonAcidNonBucket	
2024-04-24T05:14:35,342  INFO [main] ql.Driver: Semantic Analysis Completed (retrial = false)
2024-04-24T05:14:35,342  INFO [main] ql.Driver: Created Hive schema: Schema(fieldSchemas:null, properties:null)
2024-04-24T05:14:35,342  INFO [main] metadata.Hive: Dumping metastore api call timing information for : compilation phase
2024-04-24T05:14:35,342  INFO [main] metadata.Hive: Total time spent in each metastore function (ms): {flushCache_()=0, isCompatibleWith_(Configuration)=0, getValidTxns_(long)=0, openTxn_(String, TxnType)=2, commitTxn_(CommitTxnRequest)=11}
2024-04-24T05:14:35,342  INFO [main] ql.Driver: Completed compiling command(queryId=alex_20240424051435_ed2eb988-2810-4ac1-b56c-c9e28eea301c); Time taken: 0.005 seconds
2024-04-24T05:14:35,343  INFO [main] lockmgr.DbTxnManager: Setting lock request transaction to txnid:6 for queryId=alex_20240424051435_ed2eb988-2810-4ac1-b56c-c9e28eea301c
2024-04-24T05:14:35,343  INFO [main] ql.Driver: Operation DROPTABLE obtained 0 locks
2024-04-24T05:14:35,343  INFO [main] ql.Driver: Executing command(queryId=alex_20240424051435_ed2eb988-2810-4ac1-b56c-c9e28eea301c): drop table if exists nonAcidNonBucket
2024-04-24T05:14:35,343  INFO [main] ql.Driver: Starting task [Stage-0:DDL] in serial mode
2024-04-24T05:14:35,343  INFO [main] HiveMetaStore.audit: ugi=alex	ip=unknown-ip-addr	cmd=get_table : tbl=hive.default.nonAcidNonBucket	
2024-04-24T05:14:35,346  INFO [main] metadata.Hive: Dumping metastore api call timing information for : execution phase
2024-04-24T05:14:35,346  INFO [main] metadata.Hive: Total time spent in each metastore function (ms): {isCompatibleWith_(Configuration)=0}
2024-04-24T05:14:35,346  INFO [main] ql.Driver: Completed executing command(queryId=alex_20240424051435_ed2eb988-2810-4ac1-b56c-c9e28eea301c); Time taken: 0.003 seconds
2024-04-24T05:14:35,346  INFO [main] lockmgr.DbTxnManager: Stopped heartbeat for query: alex_20240424051435_ed2eb988-2810-4ac1-b56c-c9e28eea301c
2024-04-24T05:14:35,352  INFO [main] txn.TxnHandler: Expected to move at least one record from txn_components to completed_txn_components when committing txn! txnid:6
2024-04-24T05:14:35,358  INFO [main] txn.TxnHandler: Removed transactions: ([6]) from MIN_HISTORY_LEVEL
2024-04-24T05:14:35,358  WARN [main] txn.CompactionTxnHandler: No compaction queue record found for Compaction type transaction commit. txnId:6
2024-04-24T05:14:35,358  INFO [main] ql.TxnCommandsBaseForTests: Running the query: create table acidTbl(a int, b int) clustered by (a) into 2 buckets stored as orc TBLPROPERTIES ('transactional'='true')
2024-04-24T05:14:35,359  INFO [main] ql.Driver: Compiling command(queryId=alex_20240424051435_747208b7-6984-465a-b759-4a5b888e4726): create table acidTbl(a int, b int) clustered by (a) into 2 buckets stored as orc TBLPROPERTIES ('transactional'='true')
2024-04-24T05:14:35,361  INFO [main] txn.TxnHandler: Added entries to MIN_HISTORY_LEVEL for current txns: ([7]) with min_open_txn: 1
2024-04-24T05:14:35,361  INFO [main] lockmgr.DbTxnManager: Opened txnid:7
2024-04-24T05:14:35,361  INFO [main] parse.CalcitePlanner: Starting caching scope for: 
2024-04-24T05:14:35,361  INFO [main] parse.CalcitePlanner: Starting Semantic Analysis
2024-04-24T05:14:35,367  INFO [main] parse.CalcitePlanner: Creating table default.acidTbl position=13
2024-04-24T05:14:35,368  INFO [main] HiveMetaStore.audit: ugi=alex	ip=unknown-ip-addr	cmd=get_database: default	
2024-04-24T05:14:35,369  INFO [main] parse.CalcitePlanner: Ending caching scope for: 
2024-04-24T05:14:35,369  INFO [main] ql.Driver: Semantic Analysis Completed (retrial = false)
2024-04-24T05:14:35,369  INFO [main] ql.Driver: Created Hive schema: Schema(fieldSchemas:null, properties:null)
2024-04-24T05:14:35,369  INFO [main] metadata.Hive: Dumping metastore api call timing information for : compilation phase
2024-04-24T05:14:35,369  INFO [main] metadata.Hive: Total time spent in each metastore function (ms): {getValidTxns_(long)=0, isCompatibleWith_(Configuration)=0, openTxn_(String, TxnType)=2, flushCache_()=0, commitTxn_(CommitTxnRequest)=12, getDatabase_(String)=2, getValidWriteIds_(List, String)=6}
2024-04-24T05:14:35,369  INFO [main] ql.Driver: Completed compiling command(queryId=alex_20240424051435_747208b7-6984-465a-b759-4a5b888e4726); Time taken: 0.01 seconds
2024-04-24T05:14:35,370  INFO [main] lockmgr.DbTxnManager: Setting lock request transaction to txnid:7 for queryId=alex_20240424051435_747208b7-6984-465a-b759-4a5b888e4726
2024-04-24T05:14:35,370  INFO [main] lockmgr.DbLockManager: Requesting lock for queryId=alex_20240424051435_747208b7-6984-465a-b759-4a5b888e4726
2024-04-24T05:14:35,388  INFO [main] lockmgr.DbLockManager: Response to queryId=alex_20240424051435_747208b7-6984-465a-b759-4a5b888e4726 LockResponse(lockid:1, state:ACQUIRED)
2024-04-24T05:14:35,388  INFO [main] ql.Driver: Operation CREATETABLE obtained 1 locks
2024-04-24T05:14:35,388  INFO [main] ql.Driver: Executing command(queryId=alex_20240424051435_747208b7-6984-465a-b759-4a5b888e4726): create table acidTbl(a int, b int) clustered by (a) into 2 buckets stored as orc TBLPROPERTIES ('transactional'='true')
2024-04-24T05:14:35,388  INFO [main] ql.Driver: Starting task [Stage-0:DDL] in serial mode
2024-04-24T05:14:35,389  INFO [main] HiveMetaStore.audit: ugi=alex	ip=unknown-ip-addr	cmd=create_table_req: Table(tableName:acidTbl, dbName:default, owner:alex, createTime:1713960875, lastAccessTime:0, retention:0, sd:StorageDescriptor(cols:[FieldSchema(name:a, type:int, comment:null), FieldSchema(name:b, type:int, comment:null)], location:null, inputFormat:org.apache.hadoop.hive.ql.io.orc.OrcInputFormat, outputFormat:org.apache.hadoop.hive.ql.io.orc.OrcOutputFormat, compressed:false, numBuckets:2, serdeInfo:SerDeInfo(name:null, serializationLib:org.apache.hadoop.hive.ql.io.orc.OrcSerde, parameters:{serialization.format=1}), bucketCols:[a], sortCols:[], parameters:{}, skewedInfo:SkewedInfo(skewedColNames:[], skewedColValues:[], skewedColValueLocationMaps:{}), storedAsSubDirectories:false), partitionKeys:[], parameters:{numRows=0, COLUMN_STATS_ACCURATE={"BASIC_STATS":"true","COLUMN_STATS":{"a":"true","b":"true"}}, numFiles=0, numFilesErasureCoded=0, bucketing_version=2, totalSize=0, transactional=true, rawDataSize=0}, viewOriginalText:null, viewExpandedText:null, tableType:MANAGED_TABLE, privileges:PrincipalPrivilegeSet(userPrivileges:{alex=[PrivilegeGrantInfo(privilege:INSERT, createTime:-1, grantor:alex, grantorType:USER, grantOption:true), PrivilegeGrantInfo(privilege:SELECT, createTime:-1, grantor:alex, grantorType:USER, grantOption:true), PrivilegeGrantInfo(privilege:UPDATE, createTime:-1, grantor:alex, grantorType:USER, grantOption:true), PrivilegeGrantInfo(privilege:DELETE, createTime:-1, grantor:alex, grantorType:USER, grantOption:true)]}, groupPrivileges:null, rolePrivileges:null), temporary:false, catName:hive, ownerType:USER, writeId:0)	
2024-04-24T05:14:35,394  INFO [main] utils.FileUtils: Creating directory if it doesn't exist: file:/home/alex/Repositories/hive/ql/target/tmp/org.apache.hadoop.hive.ql.TestTxnCommands-1713960750541/warehouse/acidtbl
2024-04-24T05:14:35,430  INFO [main] metadata.Hive: Dumping metastore api call timing information for : execution phase
2024-04-24T05:14:35,430  INFO [main] metadata.Hive: Total time spent in each metastore function (ms): {isCompatibleWith_(Configuration)=0, createTable_(Table)=41}
2024-04-24T05:14:35,430  INFO [main] ql.Driver: Completed executing command(queryId=alex_20240424051435_747208b7-6984-465a-b759-4a5b888e4726); Time taken: 0.042 seconds
2024-04-24T05:14:35,430  INFO [main] lockmgr.DbTxnManager: Stopped heartbeat for query: alex_20240424051435_747208b7-6984-465a-b759-4a5b888e4726
2024-04-24T05:14:35,434  INFO [main] txn.TxnHandler: Expected to move at least one record from txn_components to completed_txn_components when committing txn! txnid:7
2024-04-24T05:14:35,440  INFO [main] txn.TxnHandler: Removed transactions: ([7]) from MIN_HISTORY_LEVEL
2024-04-24T05:14:35,440  WARN [main] txn.CompactionTxnHandler: No compaction queue record found for Compaction type transaction commit. txnId:7
2024-04-24T05:14:35,441  INFO [main] ql.TxnCommandsBaseForTests: Running the query: create table acidTblPart(a int, b int) partitioned by (p string) clustered by (a) into 2 buckets stored as orc TBLPROPERTIES ('transactional'='true')
2024-04-24T05:14:35,441  INFO [main] ql.Driver: Compiling command(queryId=alex_20240424051435_04a3ac8e-3f04-4cae-bf6a-0daf69cd6528): create table acidTblPart(a int, b int) partitioned by (p string) clustered by (a) into 2 buckets stored as orc TBLPROPERTIES ('transactional'='true')
2024-04-24T05:14:35,443  INFO [main] txn.TxnHandler: Added entries to MIN_HISTORY_LEVEL for current txns: ([8]) with min_open_txn: 1
2024-04-24T05:14:35,443  INFO [main] lockmgr.DbTxnManager: Opened txnid:8
2024-04-24T05:14:35,444  INFO [main] parse.CalcitePlanner: Starting caching scope for: 
2024-04-24T05:14:35,444  INFO [main] parse.CalcitePlanner: Starting Semantic Analysis
2024-04-24T05:14:35,446  INFO [main] parse.CalcitePlanner: Creating table default.acidTblPart position=13
2024-04-24T05:14:35,446  INFO [main] HiveMetaStore.audit: ugi=alex	ip=unknown-ip-addr	cmd=get_database: default	
2024-04-24T05:14:35,448  INFO [main] parse.CalcitePlanner: Ending caching scope for: 
2024-04-24T05:14:35,448  INFO [main] ql.Driver: Semantic Analysis Completed (retrial = false)
2024-04-24T05:14:35,448  INFO [main] ql.Driver: Created Hive schema: Schema(fieldSchemas:null, properties:null)
2024-04-24T05:14:35,448  INFO [main] metadata.Hive: Dumping metastore api call timing information for : compilation phase
2024-04-24T05:14:35,448  INFO [main] metadata.Hive: Total time spent in each metastore function (ms): {openTxn_(String, TxnType)=2, commitTxn_(CommitTxnRequest)=11, getValidTxns_(long)=0, getDatabase_(String)=2, getValidWriteIds_(List, String)=2, isCompatibleWith_(Configuration)=1, flushCache_()=0}
2024-04-24T05:14:35,448  INFO [main] ql.Driver: Completed compiling command(queryId=alex_20240424051435_04a3ac8e-3f04-4cae-bf6a-0daf69cd6528); Time taken: 0.007 seconds
2024-04-24T05:14:35,448  INFO [main] lockmgr.DbTxnManager: Setting lock request transaction to txnid:8 for queryId=alex_20240424051435_04a3ac8e-3f04-4cae-bf6a-0daf69cd6528
2024-04-24T05:14:35,449  INFO [main] lockmgr.DbLockManager: Requesting lock for queryId=alex_20240424051435_04a3ac8e-3f04-4cae-bf6a-0daf69cd6528
2024-04-24T05:14:35,463  INFO [main] lockmgr.DbLockManager: Response to queryId=alex_20240424051435_04a3ac8e-3f04-4cae-bf6a-0daf69cd6528 LockResponse(lockid:2, state:ACQUIRED)
2024-04-24T05:14:35,463  INFO [main] ql.Driver: Operation CREATETABLE obtained 1 locks
2024-04-24T05:14:35,463  INFO [main] ql.Driver: Executing command(queryId=alex_20240424051435_04a3ac8e-3f04-4cae-bf6a-0daf69cd6528): create table acidTblPart(a int, b int) partitioned by (p string) clustered by (a) into 2 buckets stored as orc TBLPROPERTIES ('transactional'='true')
2024-04-24T05:14:35,463  INFO [main] ql.Driver: Starting task [Stage-0:DDL] in serial mode
2024-04-24T05:14:35,464  INFO [main] HiveMetaStore.audit: ugi=alex	ip=unknown-ip-addr	cmd=create_table_req: Table(tableName:acidTblPart, dbName:default, owner:alex, createTime:1713960875, lastAccessTime:0, retention:0, sd:StorageDescriptor(cols:[FieldSchema(name:a, type:int, comment:null), FieldSchema(name:b, type:int, comment:null)], location:null, inputFormat:org.apache.hadoop.hive.ql.io.orc.OrcInputFormat, outputFormat:org.apache.hadoop.hive.ql.io.orc.OrcOutputFormat, compressed:false, numBuckets:2, serdeInfo:SerDeInfo(name:null, serializationLib:org.apache.hadoop.hive.ql.io.orc.OrcSerde, parameters:{serialization.format=1}), bucketCols:[a], sortCols:[], parameters:{}, skewedInfo:SkewedInfo(skewedColNames:[], skewedColValues:[], skewedColValueLocationMaps:{}), storedAsSubDirectories:false), partitionKeys:[FieldSchema(name:p, type:string, comment:null)], parameters:{transactional=true, bucketing_version=2}, viewOriginalText:null, viewExpandedText:null, tableType:MANAGED_TABLE, privileges:PrincipalPrivilegeSet(userPrivileges:{alex=[PrivilegeGrantInfo(privilege:INSERT, createTime:-1, grantor:alex, grantorType:USER, grantOption:true), PrivilegeGrantInfo(privilege:SELECT, createTime:-1, grantor:alex, grantorType:USER, grantOption:true), PrivilegeGrantInfo(privilege:UPDATE, createTime:-1, grantor:alex, grantorType:USER, grantOption:true), PrivilegeGrantInfo(privilege:DELETE, createTime:-1, grantor:alex, grantorType:USER, grantOption:true)]}, groupPrivileges:null, rolePrivileges:null), temporary:false, catName:hive, ownerType:USER, writeId:0)	
2024-04-24T05:14:35,470  INFO [main] utils.FileUtils: Creating directory if it doesn't exist: file:/home/alex/Repositories/hive/ql/target/tmp/org.apache.hadoop.hive.ql.TestTxnCommands-1713960750541/warehouse/acidtblpart
2024-04-24T05:14:35,487  INFO [main] metadata.Hive: Dumping metastore api call timing information for : execution phase
2024-04-24T05:14:35,488  INFO [main] metadata.Hive: Total time spent in each metastore function (ms): {isCompatibleWith_(Configuration)=0, createTable_(Table)=23}
2024-04-24T05:14:35,488  INFO [main] ql.Driver: Completed executing command(queryId=alex_20240424051435_04a3ac8e-3f04-4cae-bf6a-0daf69cd6528); Time taken: 0.024 seconds
2024-04-24T05:14:35,488  INFO [main] lockmgr.DbTxnManager: Stopped heartbeat for query: alex_20240424051435_04a3ac8e-3f04-4cae-bf6a-0daf69cd6528
2024-04-24T05:14:35,492  INFO [main] txn.TxnHandler: Expected to move at least one record from txn_components to completed_txn_components when committing txn! txnid:8
2024-04-24T05:14:35,498  INFO [main] txn.TxnHandler: Removed transactions: ([8]) from MIN_HISTORY_LEVEL
2024-04-24T05:14:35,498  WARN [main] txn.CompactionTxnHandler: No compaction queue record found for Compaction type transaction commit. txnId:8
2024-04-24T05:14:35,499  INFO [main] ql.TxnCommandsBaseForTests: Running the query: create table nonAcidOrcTbl(a int, b int) clustered by (a) into 2 buckets stored as orc TBLPROPERTIES ('transactional'='false')
2024-04-24T05:14:35,499  INFO [main] ql.Driver: Compiling command(queryId=alex_20240424051435_c5f50d73-da94-455d-8eed-d7dc5e3dbd16): create table nonAcidOrcTbl(a int, b int) clustered by (a) into 2 buckets stored as orc TBLPROPERTIES ('transactional'='false')
2024-04-24T05:14:35,501  INFO [main] txn.TxnHandler: Added entries to MIN_HISTORY_LEVEL for current txns: ([9]) with min_open_txn: 1
2024-04-24T05:14:35,501  INFO [main] lockmgr.DbTxnManager: Opened txnid:9
2024-04-24T05:14:35,501  INFO [main] parse.CalcitePlanner: Starting caching scope for: 
2024-04-24T05:14:35,501  INFO [main] parse.CalcitePlanner: Starting Semantic Analysis
2024-04-24T05:14:35,504  INFO [main] parse.CalcitePlanner: Creating table default.nonAcidOrcTbl position=13
2024-04-24T05:14:35,504  INFO [main] HiveMetaStore.audit: ugi=alex	ip=unknown-ip-addr	cmd=get_database: default	
2024-04-24T05:14:35,505  INFO [main] parse.CalcitePlanner: Ending caching scope for: 
2024-04-24T05:14:35,505  INFO [main] ql.Driver: Semantic Analysis Completed (retrial = false)
2024-04-24T05:14:35,505  INFO [main] ql.Driver: Created Hive schema: Schema(fieldSchemas:null, properties:null)
2024-04-24T05:14:35,506  INFO [main] metadata.Hive: Dumping metastore api call timing information for : compilation phase
2024-04-24T05:14:35,506  INFO [main] metadata.Hive: Total time spent in each metastore function (ms): {commitTxn_(CommitTxnRequest)=10, openTxn_(String, TxnType)=2, isCompatibleWith_(Configuration)=0, getValidWriteIds_(List, String)=2, getValidTxns_(long)=0, flushCache_()=0, getDatabase_(String)=1}
2024-04-24T05:14:35,506  INFO [main] ql.Driver: Completed compiling command(queryId=alex_20240424051435_c5f50d73-da94-455d-8eed-d7dc5e3dbd16); Time taken: 0.007 seconds
2024-04-24T05:14:35,506  INFO [main] lockmgr.DbTxnManager: Setting lock request transaction to txnid:9 for queryId=alex_20240424051435_c5f50d73-da94-455d-8eed-d7dc5e3dbd16
2024-04-24T05:14:35,506  INFO [main] lockmgr.DbLockManager: Requesting lock for queryId=alex_20240424051435_c5f50d73-da94-455d-8eed-d7dc5e3dbd16
2024-04-24T05:14:35,520  INFO [main] lockmgr.DbLockManager: Response to queryId=alex_20240424051435_c5f50d73-da94-455d-8eed-d7dc5e3dbd16 LockResponse(lockid:3, state:ACQUIRED)
2024-04-24T05:14:35,520  INFO [main] ql.Driver: Operation CREATETABLE obtained 1 locks
2024-04-24T05:14:35,520  INFO [main] ql.Driver: Executing command(queryId=alex_20240424051435_c5f50d73-da94-455d-8eed-d7dc5e3dbd16): create table nonAcidOrcTbl(a int, b int) clustered by (a) into 2 buckets stored as orc TBLPROPERTIES ('transactional'='false')
2024-04-24T05:14:35,521  INFO [main] ql.Driver: Starting task [Stage-0:DDL] in serial mode
2024-04-24T05:14:35,521  INFO [main] HiveMetaStore.audit: ugi=alex	ip=unknown-ip-addr	cmd=create_table_req: Table(tableName:nonAcidOrcTbl, dbName:default, owner:alex, createTime:1713960875, lastAccessTime:0, retention:0, sd:StorageDescriptor(cols:[FieldSchema(name:a, type:int, comment:null), FieldSchema(name:b, type:int, comment:null)], location:null, inputFormat:org.apache.hadoop.hive.ql.io.orc.OrcInputFormat, outputFormat:org.apache.hadoop.hive.ql.io.orc.OrcOutputFormat, compressed:false, numBuckets:2, serdeInfo:SerDeInfo(name:null, serializationLib:org.apache.hadoop.hive.ql.io.orc.OrcSerde, parameters:{serialization.format=1}), bucketCols:[a], sortCols:[], parameters:{}, skewedInfo:SkewedInfo(skewedColNames:[], skewedColValues:[], skewedColValueLocationMaps:{}), storedAsSubDirectories:false), partitionKeys:[], parameters:{bucketing_version=2, numFiles=0, transactional=false, numFilesErasureCoded=0, numRows=0, COLUMN_STATS_ACCURATE={"BASIC_STATS":"true","COLUMN_STATS":{"a":"true","b":"true"}}, totalSize=0, rawDataSize=0}, viewOriginalText:null, viewExpandedText:null, tableType:MANAGED_TABLE, privileges:PrincipalPrivilegeSet(userPrivileges:{alex=[PrivilegeGrantInfo(privilege:INSERT, createTime:-1, grantor:alex, grantorType:USER, grantOption:true), PrivilegeGrantInfo(privilege:SELECT, createTime:-1, grantor:alex, grantorType:USER, grantOption:true), PrivilegeGrantInfo(privilege:UPDATE, createTime:-1, grantor:alex, grantorType:USER, grantOption:true), PrivilegeGrantInfo(privilege:DELETE, createTime:-1, grantor:alex, grantorType:USER, grantOption:true)]}, groupPrivileges:null, rolePrivileges:null), temporary:false, catName:hive, ownerType:USER)	
2024-04-24T05:14:35,527  INFO [main] utils.FileUtils: Creating directory if it doesn't exist: file:/home/alex/Repositories/hive/ql/target/tmp/org.apache.hadoop.hive.ql.TestTxnCommands-1713960750541/warehouse/nonacidorctbl
2024-04-24T05:14:35,541  INFO [main] metadata.Hive: Dumping metastore api call timing information for : execution phase
2024-04-24T05:14:35,541  INFO [main] metadata.Hive: Total time spent in each metastore function (ms): {isCompatibleWith_(Configuration)=0, createTable_(Table)=20}
2024-04-24T05:14:35,542  INFO [main] ql.Driver: Completed executing command(queryId=alex_20240424051435_c5f50d73-da94-455d-8eed-d7dc5e3dbd16); Time taken: 0.021 seconds
2024-04-24T05:14:35,542  INFO [main] lockmgr.DbTxnManager: Stopped heartbeat for query: alex_20240424051435_c5f50d73-da94-455d-8eed-d7dc5e3dbd16
2024-04-24T05:14:35,546  INFO [main] txn.TxnHandler: Expected to move at least one record from txn_components to completed_txn_components when committing txn! txnid:9
2024-04-24T05:14:35,554  INFO [main] txn.TxnHandler: Removed transactions: ([9]) from MIN_HISTORY_LEVEL
2024-04-24T05:14:35,554  WARN [main] txn.CompactionTxnHandler: No compaction queue record found for Compaction type transaction commit. txnId:9
2024-04-24T05:14:35,554  INFO [main] ql.TxnCommandsBaseForTests: Running the query: create table nonAcidOrcTbl2(a int, b int) clustered by (a) into 2 buckets stored as orc TBLPROPERTIES ('transactional'='false')
2024-04-24T05:14:35,554  INFO [main] ql.Driver: Compiling command(queryId=alex_20240424051435_ad59e022-3e62-4658-bdb7-b6e6623adad6): create table nonAcidOrcTbl2(a int, b int) clustered by (a) into 2 buckets stored as orc TBLPROPERTIES ('transactional'='false')
2024-04-24T05:14:35,557  INFO [main] txn.TxnHandler: Added entries to MIN_HISTORY_LEVEL for current txns: ([10]) with min_open_txn: 1
2024-04-24T05:14:35,557  INFO [main] lockmgr.DbTxnManager: Opened txnid:10
2024-04-24T05:14:35,557  INFO [main] parse.CalcitePlanner: Starting caching scope for: 
2024-04-24T05:14:35,557  INFO [main] parse.CalcitePlanner: Starting Semantic Analysis
2024-04-24T05:14:35,560  INFO [main] parse.CalcitePlanner: Creating table default.nonAcidOrcTbl2 position=13
2024-04-24T05:14:35,560  INFO [main] HiveMetaStore.audit: ugi=alex	ip=unknown-ip-addr	cmd=get_database: default	
2024-04-24T05:14:35,562  INFO [main] parse.CalcitePlanner: Ending caching scope for: 
2024-04-24T05:14:35,562  INFO [main] ql.Driver: Semantic Analysis Completed (retrial = false)
2024-04-24T05:14:35,562  INFO [main] ql.Driver: Created Hive schema: Schema(fieldSchemas:null, properties:null)
2024-04-24T05:14:35,562  INFO [main] metadata.Hive: Dumping metastore api call timing information for : compilation phase
2024-04-24T05:14:35,562  INFO [main] metadata.Hive: Total time spent in each metastore function (ms): {getValidWriteIds_(List, String)=2, isCompatibleWith_(Configuration)=1, getValidTxns_(long)=0, flushCache_()=0, commitTxn_(CommitTxnRequest)=12, openTxn_(String, TxnType)=2, getDatabase_(String)=2}
2024-04-24T05:14:35,562  INFO [main] ql.Driver: Completed compiling command(queryId=alex_20240424051435_ad59e022-3e62-4658-bdb7-b6e6623adad6); Time taken: 0.008 seconds
2024-04-24T05:14:35,563  INFO [main] lockmgr.DbTxnManager: Setting lock request transaction to txnid:10 for queryId=alex_20240424051435_ad59e022-3e62-4658-bdb7-b6e6623adad6
2024-04-24T05:14:35,563  INFO [main] lockmgr.DbLockManager: Requesting lock for queryId=alex_20240424051435_ad59e022-3e62-4658-bdb7-b6e6623adad6
2024-04-24T05:14:35,578  INFO [main] lockmgr.DbLockManager: Response to queryId=alex_20240424051435_ad59e022-3e62-4658-bdb7-b6e6623adad6 LockResponse(lockid:4, state:ACQUIRED)
2024-04-24T05:14:35,578  INFO [main] ql.Driver: Operation CREATETABLE obtained 1 locks
2024-04-24T05:14:35,579  INFO [main] ql.Driver: Executing command(queryId=alex_20240424051435_ad59e022-3e62-4658-bdb7-b6e6623adad6): create table nonAcidOrcTbl2(a int, b int) clustered by (a) into 2 buckets stored as orc TBLPROPERTIES ('transactional'='false')
2024-04-24T05:14:35,579  INFO [main] ql.Driver: Starting task [Stage-0:DDL] in serial mode
2024-04-24T05:14:35,579  INFO [main] HiveMetaStore.audit: ugi=alex	ip=unknown-ip-addr	cmd=create_table_req: Table(tableName:nonAcidOrcTbl2, dbName:default, owner:alex, createTime:1713960875, lastAccessTime:0, retention:0, sd:StorageDescriptor(cols:[FieldSchema(name:a, type:int, comment:null), FieldSchema(name:b, type:int, comment:null)], location:null, inputFormat:org.apache.hadoop.hive.ql.io.orc.OrcInputFormat, outputFormat:org.apache.hadoop.hive.ql.io.orc.OrcOutputFormat, compressed:false, numBuckets:2, serdeInfo:SerDeInfo(name:null, serializationLib:org.apache.hadoop.hive.ql.io.orc.OrcSerde, parameters:{serialization.format=1}), bucketCols:[a], sortCols:[], parameters:{}, skewedInfo:SkewedInfo(skewedColNames:[], skewedColValues:[], skewedColValueLocationMaps:{}), storedAsSubDirectories:false), partitionKeys:[], parameters:{transactional=false, rawDataSize=0, bucketing_version=2, numRows=0, numFiles=0, totalSize=0, numFilesErasureCoded=0, COLUMN_STATS_ACCURATE={"BASIC_STATS":"true","COLUMN_STATS":{"a":"true","b":"true"}}}, viewOriginalText:null, viewExpandedText:null, tableType:MANAGED_TABLE, privileges:PrincipalPrivilegeSet(userPrivileges:{alex=[PrivilegeGrantInfo(privilege:INSERT, createTime:-1, grantor:alex, grantorType:USER, grantOption:true), PrivilegeGrantInfo(privilege:SELECT, createTime:-1, grantor:alex, grantorType:USER, grantOption:true), PrivilegeGrantInfo(privilege:UPDATE, createTime:-1, grantor:alex, grantorType:USER, grantOption:true), PrivilegeGrantInfo(privilege:DELETE, createTime:-1, grantor:alex, grantorType:USER, grantOption:true)]}, groupPrivileges:null, rolePrivileges:null), temporary:false, catName:hive, ownerType:USER)	
2024-04-24T05:14:35,585  INFO [main] utils.FileUtils: Creating directory if it doesn't exist: file:/home/alex/Repositories/hive/ql/target/tmp/org.apache.hadoop.hive.ql.TestTxnCommands-1713960750541/warehouse/nonacidorctbl2
2024-04-24T05:14:35,598  INFO [main] metadata.Hive: Dumping metastore api call timing information for : execution phase
2024-04-24T05:14:35,598  INFO [main] metadata.Hive: Total time spent in each metastore function (ms): {isCompatibleWith_(Configuration)=0, createTable_(Table)=19}
2024-04-24T05:14:35,598  INFO [main] ql.Driver: Completed executing command(queryId=alex_20240424051435_ad59e022-3e62-4658-bdb7-b6e6623adad6); Time taken: 0.02 seconds
2024-04-24T05:14:35,598  INFO [main] lockmgr.DbTxnManager: Stopped heartbeat for query: alex_20240424051435_ad59e022-3e62-4658-bdb7-b6e6623adad6
2024-04-24T05:14:35,602  INFO [main] txn.TxnHandler: Expected to move at least one record from txn_components to completed_txn_components when committing txn! txnid:10
2024-04-24T05:14:35,610  INFO [main] txn.TxnHandler: Removed transactions: ([10]) from MIN_HISTORY_LEVEL
2024-04-24T05:14:35,610  WARN [main] txn.CompactionTxnHandler: No compaction queue record found for Compaction type transaction commit. txnId:10
2024-04-24T05:14:35,611  INFO [main] ql.TxnCommandsBaseForTests: Running the query: create temporary  table acidTbl2(a int, b int, c int) clustered by (c) into 2 buckets stored as orc TBLPROPERTIES ('transactional'='true')
2024-04-24T05:14:35,611  INFO [main] ql.Driver: Compiling command(queryId=alex_20240424051435_974fd037-92b2-41fc-95f2-e9fc9baab88f): create temporary  table acidTbl2(a int, b int, c int) clustered by (c) into 2 buckets stored as orc TBLPROPERTIES ('transactional'='true')
2024-04-24T05:14:35,613  INFO [main] txn.TxnHandler: Added entries to MIN_HISTORY_LEVEL for current txns: ([11]) with min_open_txn: 1
2024-04-24T05:14:35,614  INFO [main] lockmgr.DbTxnManager: Opened txnid:11
2024-04-24T05:14:35,614  INFO [main] parse.CalcitePlanner: Starting caching scope for: 
2024-04-24T05:14:35,614  INFO [main] parse.CalcitePlanner: Starting Semantic Analysis
2024-04-24T05:14:35,617  INFO [main] parse.CalcitePlanner: Creating table default.acidTbl2 position=24
2024-04-24T05:14:35,617  INFO [main] HiveMetaStore.audit: ugi=alex	ip=unknown-ip-addr	cmd=get_database: default	
2024-04-24T05:14:35,619  INFO [main] parse.CalcitePlanner: Ending caching scope for: 
2024-04-24T05:14:35,619  INFO [main] ql.Driver: Semantic Analysis Completed (retrial = false)
2024-04-24T05:14:35,619  INFO [main] ql.Driver: Created Hive schema: Schema(fieldSchemas:null, properties:null)
2024-04-24T05:14:35,619  INFO [main] metadata.Hive: Dumping metastore api call timing information for : compilation phase
2024-04-24T05:14:35,619  INFO [main] metadata.Hive: Total time spent in each metastore function (ms): {flushCache_()=0, getDatabase_(String)=2, commitTxn_(CommitTxnRequest)=13, openTxn_(String, TxnType)=2, isCompatibleWith_(Configuration)=0, getValidWriteIds_(List, String)=3, getValidTxns_(long)=0}
2024-04-24T05:14:35,619  INFO [main] ql.Driver: Completed compiling command(queryId=alex_20240424051435_974fd037-92b2-41fc-95f2-e9fc9baab88f); Time taken: 0.008 seconds
2024-04-24T05:14:35,620  INFO [main] lockmgr.DbTxnManager: Setting lock request transaction to txnid:11 for queryId=alex_20240424051435_974fd037-92b2-41fc-95f2-e9fc9baab88f
2024-04-24T05:14:35,620  INFO [main] lockmgr.DbLockManager: Requesting lock for queryId=alex_20240424051435_974fd037-92b2-41fc-95f2-e9fc9baab88f
2024-04-24T05:14:35,635  INFO [main] lockmgr.DbLockManager: Response to queryId=alex_20240424051435_974fd037-92b2-41fc-95f2-e9fc9baab88f LockResponse(lockid:5, state:ACQUIRED)
2024-04-24T05:14:35,636  INFO [main] ql.Driver: Operation CREATETABLE obtained 1 locks
2024-04-24T05:14:35,636  INFO [main] ql.Driver: Executing command(queryId=alex_20240424051435_974fd037-92b2-41fc-95f2-e9fc9baab88f): create temporary  table acidTbl2(a int, b int, c int) clustered by (c) into 2 buckets stored as orc TBLPROPERTIES ('transactional'='true')
2024-04-24T05:14:35,636  INFO [main] ql.Driver: Starting task [Stage-0:DDL] in serial mode
2024-04-24T05:14:35,637  INFO [main] utils.FileUtils: Creating directory if it doesn't exist: file:/home/alex/Repositories/hive/ql/target/tmp/scratchdir/alex/e080d8d7-65d9-4d23-bca6-93f469f18d04/_tmp_space.db/9432bbb1-00ea-4c4a-8213-e39bb3f26873
2024-04-24T05:14:35,640  INFO [main] metadata.Hive: Dumping metastore api call timing information for : execution phase
2024-04-24T05:14:35,640  INFO [main] metadata.Hive: Total time spent in each metastore function (ms): {createTable_(Table)=3, isCompatibleWith_(Configuration)=0}
2024-04-24T05:14:35,640  INFO [main] ql.Driver: Completed executing command(queryId=alex_20240424051435_974fd037-92b2-41fc-95f2-e9fc9baab88f); Time taken: 0.004 seconds
2024-04-24T05:14:35,640  INFO [main] lockmgr.DbTxnManager: Stopped heartbeat for query: alex_20240424051435_974fd037-92b2-41fc-95f2-e9fc9baab88f
2024-04-24T05:14:35,645  INFO [main] txn.TxnHandler: Expected to move at least one record from txn_components to completed_txn_components when committing txn! txnid:11
2024-04-24T05:14:35,652  INFO [main] txn.TxnHandler: Removed transactions: ([11]) from MIN_HISTORY_LEVEL
2024-04-24T05:14:35,652  WARN [main] txn.CompactionTxnHandler: No compaction queue record found for Compaction type transaction commit. txnId:11
2024-04-24T05:14:35,653  INFO [main] ql.TxnCommandsBaseForTests: Running the query: create table nonAcidNonBucket(a int, b int) stored as orc TBLPROPERTIES ('transactional'='false')
2024-04-24T05:14:35,653  INFO [main] ql.Driver: Compiling command(queryId=alex_20240424051435_f773fbc6-ad68-4e8d-9500-c1b763a3981f): create table nonAcidNonBucket(a int, b int) stored as orc TBLPROPERTIES ('transactional'='false')
2024-04-24T05:14:35,655  INFO [main] txn.TxnHandler: Added entries to MIN_HISTORY_LEVEL for current txns: ([12]) with min_open_txn: 1
2024-04-24T05:14:35,656  INFO [main] lockmgr.DbTxnManager: Opened txnid:12
2024-04-24T05:14:35,656  INFO [main] parse.CalcitePlanner: Starting caching scope for: 
2024-04-24T05:14:35,656  INFO [main] parse.CalcitePlanner: Starting Semantic Analysis
2024-04-24T05:14:35,659  INFO [main] parse.CalcitePlanner: Creating table default.nonAcidNonBucket position=13
2024-04-24T05:14:35,659  INFO [main] HiveMetaStore.audit: ugi=alex	ip=unknown-ip-addr	cmd=get_database: default	
2024-04-24T05:14:35,660  INFO [main] parse.CalcitePlanner: Ending caching scope for: 
2024-04-24T05:14:35,660  INFO [main] ql.Driver: Semantic Analysis Completed (retrial = false)
2024-04-24T05:14:35,661  INFO [main] ql.Driver: Created Hive schema: Schema(fieldSchemas:null, properties:null)
2024-04-24T05:14:35,661  INFO [main] metadata.Hive: Dumping metastore api call timing information for : compilation phase
2024-04-24T05:14:35,661  INFO [main] metadata.Hive: Total time spent in each metastore function (ms): {flushCache_()=0, commitTxn_(CommitTxnRequest)=13, isCompatibleWith_(Configuration)=0, getValidTxns_(long)=0, getValidWriteIds_(List, String)=3, getDatabase_(String)=1, openTxn_(String, TxnType)=3}
2024-04-24T05:14:35,661  INFO [main] ql.Driver: Completed compiling command(queryId=alex_20240424051435_f773fbc6-ad68-4e8d-9500-c1b763a3981f); Time taken: 0.008 seconds
2024-04-24T05:14:35,661  INFO [main] lockmgr.DbTxnManager: Setting lock request transaction to txnid:12 for queryId=alex_20240424051435_f773fbc6-ad68-4e8d-9500-c1b763a3981f
2024-04-24T05:14:35,661  INFO [main] lockmgr.DbLockManager: Requesting lock for queryId=alex_20240424051435_f773fbc6-ad68-4e8d-9500-c1b763a3981f
2024-04-24T05:14:35,677  INFO [main] lockmgr.DbLockManager: Response to queryId=alex_20240424051435_f773fbc6-ad68-4e8d-9500-c1b763a3981f LockResponse(lockid:6, state:ACQUIRED)
2024-04-24T05:14:35,677  INFO [main] ql.Driver: Operation CREATETABLE obtained 1 locks
2024-04-24T05:14:35,677  INFO [main] ql.Driver: Executing command(queryId=alex_20240424051435_f773fbc6-ad68-4e8d-9500-c1b763a3981f): create table nonAcidNonBucket(a int, b int) stored as orc TBLPROPERTIES ('transactional'='false')
2024-04-24T05:14:35,677  INFO [main] ql.Driver: Starting task [Stage-0:DDL] in serial mode
2024-04-24T05:14:35,678  INFO [main] HiveMetaStore.audit: ugi=alex	ip=unknown-ip-addr	cmd=create_table_req: Table(tableName:nonAcidNonBucket, dbName:default, owner:alex, createTime:1713960875, lastAccessTime:0, retention:0, sd:StorageDescriptor(cols:[FieldSchema(name:a, type:int, comment:null), FieldSchema(name:b, type:int, comment:null)], location:null, inputFormat:org.apache.hadoop.hive.ql.io.orc.OrcInputFormat, outputFormat:org.apache.hadoop.hive.ql.io.orc.OrcOutputFormat, compressed:false, numBuckets:-1, serdeInfo:SerDeInfo(name:null, serializationLib:org.apache.hadoop.hive.ql.io.orc.OrcSerde, parameters:{serialization.format=1}), bucketCols:[], sortCols:[], parameters:{}, skewedInfo:SkewedInfo(skewedColNames:[], skewedColValues:[], skewedColValueLocationMaps:{}), storedAsSubDirectories:false), partitionKeys:[], parameters:{numFilesErasureCoded=0, bucketing_version=2, totalSize=0, transactional=false, numRows=0, numFiles=0, COLUMN_STATS_ACCURATE={"BASIC_STATS":"true","COLUMN_STATS":{"a":"true","b":"true"}}, rawDataSize=0}, viewOriginalText:null, viewExpandedText:null, tableType:MANAGED_TABLE, privileges:PrincipalPrivilegeSet(userPrivileges:{alex=[PrivilegeGrantInfo(privilege:INSERT, createTime:-1, grantor:alex, grantorType:USER, grantOption:true), PrivilegeGrantInfo(privilege:SELECT, createTime:-1, grantor:alex, grantorType:USER, grantOption:true), PrivilegeGrantInfo(privilege:UPDATE, createTime:-1, grantor:alex, grantorType:USER, grantOption:true), PrivilegeGrantInfo(privilege:DELETE, createTime:-1, grantor:alex, grantorType:USER, grantOption:true)]}, groupPrivileges:null, rolePrivileges:null), temporary:false, catName:hive, ownerType:USER)	
2024-04-24T05:14:35,684  INFO [main] utils.FileUtils: Creating directory if it doesn't exist: file:/home/alex/Repositories/hive/ql/target/tmp/org.apache.hadoop.hive.ql.TestTxnCommands-1713960750541/warehouse/nonacidnonbucket
2024-04-24T05:14:35,699  INFO [main] metadata.Hive: Dumping metastore api call timing information for : execution phase
2024-04-24T05:14:35,699  INFO [main] metadata.Hive: Total time spent in each metastore function (ms): {createTable_(Table)=20, isCompatibleWith_(Configuration)=0}
2024-04-24T05:14:35,699  INFO [main] ql.Driver: Completed executing command(queryId=alex_20240424051435_f773fbc6-ad68-4e8d-9500-c1b763a3981f); Time taken: 0.022 seconds
2024-04-24T05:14:35,699  INFO [main] lockmgr.DbTxnManager: Stopped heartbeat for query: alex_20240424051435_f773fbc6-ad68-4e8d-9500-c1b763a3981f
2024-04-24T05:14:35,704  INFO [main] txn.TxnHandler: Expected to move at least one record from txn_components to completed_txn_components when committing txn! txnid:12
2024-04-24T05:14:35,711  INFO [main] txn.TxnHandler: Removed transactions: ([12]) from MIN_HISTORY_LEVEL
2024-04-24T05:14:35,712  WARN [main] txn.CompactionTxnHandler: No compaction queue record found for Compaction type transaction commit. txnId:12
2024-04-24T05:14:35,712  INFO [main] ql.TxnCommandsBaseForTests: Running the query: insert into acidTbl(a,b)  values(1,2),(3,4)
2024-04-24T05:14:35,712  INFO [main] ql.Driver: Compiling command(queryId=alex_20240424051435_8823c8e4-b142-419f-ad6f-210debefbf7d): insert into acidTbl(a,b)  values(1,2),(3,4)
2024-04-24T05:14:35,715  INFO [main] txn.TxnHandler: Added entries to MIN_HISTORY_LEVEL for current txns: ([13]) with min_open_txn: 1
2024-04-24T05:14:35,715  INFO [main] lockmgr.DbTxnManager: Opened txnid:13
2024-04-24T05:14:35,716  INFO [main] parse.CalcitePlanner: Starting caching scope for: 
2024-04-24T05:14:35,716  INFO [main] parse.CalcitePlanner: Starting Semantic Analysis
2024-04-24T05:14:35,719  INFO [main] HiveMetaStore.audit: ugi=alex	ip=unknown-ip-addr	cmd=get_table : tbl=hive.default.acidTbl	
2024-04-24T05:14:35,742  INFO [main] metastore.HMSHandler: Skipping translation for processor with null
2024-04-24T05:14:35,742  INFO [main] parse.CalcitePlanner: Completed phase 1 of Semantic Analysis
2024-04-24T05:14:35,742  INFO [main] parse.CalcitePlanner: Get metadata for source tables
2024-04-24T05:14:35,743  INFO [main] parse.CalcitePlanner: Get metadata for subqueries
2024-04-24T05:14:35,743  INFO [main] parse.CalcitePlanner: Get metadata for destination tables
2024-04-24T05:14:35,743  INFO [main] HiveMetaStore.audit: ugi=alex	ip=unknown-ip-addr	cmd=get_table : tbl=hive.default.acidTbl	
2024-04-24T05:14:35,749  INFO [main] metastore.HMSHandler: Skipping translation for processor with null
2024-04-24T05:14:35,750  INFO [main] parse.CalcitePlanner: Completed getting MetaData in Semantic Analysis
2024-04-24T05:14:35,750  INFO [main] parse.CalcitePlanner: Disabling LLAP IO encode as ETL query is detected
2024-04-24T05:14:35,771  INFO [main] HiveMetaStore.audit: ugi=alex	ip=unknown-ip-addr	cmd=get_all_table_constraints : tbl=hive._dummy_database._dummy_table	
2024-04-24T05:14:35,842  INFO [main] parse.CalcitePlanner: Get metadata for source tables
2024-04-24T05:14:35,842  INFO [main] parse.CalcitePlanner: Get metadata for subqueries
2024-04-24T05:14:35,842  INFO [main] parse.CalcitePlanner: Get metadata for source tables
2024-04-24T05:14:35,842  INFO [main] HiveMetaStore.audit: ugi=alex	ip=unknown-ip-addr	cmd=get_table : tbl=hive._dummy_database._dummy_table	
2024-04-24T05:14:35,844  INFO [main] parse.CalcitePlanner: Get metadata for subqueries
2024-04-24T05:14:35,844  INFO [main] parse.CalcitePlanner: Get metadata for destination tables
2024-04-24T05:14:35,844  INFO [main] parse.CalcitePlanner: Get metadata for destination tables
2024-04-24T05:14:35,844  INFO [main] HiveMetaStore.audit: ugi=alex	ip=unknown-ip-addr	cmd=get_table : tbl=hive.default.acidTbl	
2024-04-24T05:14:35,851  INFO [main] metastore.HMSHandler: Skipping translation for processor with null
2024-04-24T05:14:35,853  INFO [main] HiveMetaStore.audit: ugi=alex	ip=unknown-ip-addr	cmd=get_not_null_constraints : tbl=hive.default.acidtbl	
2024-04-24T05:14:35,854  INFO [main] HiveMetaStore.audit: ugi=alex	ip=unknown-ip-addr	cmd=get_check_constraints : tbl=hive.default.acidtbl	
2024-04-24T05:14:35,864  INFO [main] txn.TxnHandler: Allocated writeId: 1 for txnId: 13
2024-04-24T05:14:35,865  INFO [main] txn.TxnHandler: Allocated write ids for dbName=default, tblName=acidtbl (txnIds: [13])
2024-04-24T05:14:35,866  INFO [main] parse.CalcitePlanner: CBO Succeeded; optimized logical plan.
2024-04-24T05:14:35,869  INFO [main] optimizer.ColumnPrunerProcFactory: RS 4 oldColExprMap: {VALUE._col0=Column[_col1], KEY.reducesinkkey0=Column[_col0]}
2024-04-24T05:14:35,869  INFO [main] optimizer.ColumnPrunerProcFactory: RS 4 newColExprMap: {VALUE._col0=Column[_col1], KEY.reducesinkkey0=Column[_col0]}
2024-04-24T05:14:35,870  INFO [main] optimizer.BucketVersionPopulator: not considering bucketingVersion for: TS[0] because it has -1<2 buckets 
2024-04-24T05:14:35,870  INFO [main] optimizer.SortedDynPartitionOptimizer: Sorted dynamic partitioning optimization kicked in..
2024-04-24T05:14:35,878  INFO [main] HiveMetaStore.audit: ugi=alex	ip=unknown-ip-addr	cmd=get_table : tbl=hive.default.acidtbl	
2024-04-24T05:14:35,885  INFO [main] metastore.HMSHandler: Skipping translation for processor with null
2024-04-24T05:14:35,885  INFO [main] physical.Vectorizer: Examining input format to see if vectorization is enabled.
2024-04-24T05:14:35,885  INFO [main] physical.Vectorizer: Map vectorization enabled: false
2024-04-24T05:14:35,885  INFO [main] physical.Vectorizer: Map vectorized: false
2024-04-24T05:14:35,885  INFO [main] physical.Vectorizer: Map vectorizedVertexNum: 0
2024-04-24T05:14:35,885  INFO [main] physical.Vectorizer: Map enabledConditionsMet: [hive.vectorized.use.vectorized.input.format IS true]
2024-04-24T05:14:35,885  INFO [main] physical.Vectorizer: Map enabledConditionsNotMet: [Could not enable vectorization due to partition column names size 1 is greater than the number of table column names size 0 IS false]
2024-04-24T05:14:35,885  INFO [main] physical.Vectorizer: Map inputFileFormatClassNameSet: [org.apache.hadoop.hive.ql.io.NullRowsInputFormat]
2024-04-24T05:14:35,885  INFO [main] physical.Vectorizer: Reduce vectorization enabled: false
2024-04-24T05:14:35,885  INFO [main] physical.Vectorizer: Reduce vectorized: false
2024-04-24T05:14:35,885  INFO [main] physical.Vectorizer: Reduce vectorizedVertexNum: 1
2024-04-24T05:14:35,885  INFO [main] physical.Vectorizer: Reducer hive.vectorized.execution.reduce.enabled: true
2024-04-24T05:14:35,885  INFO [main] physical.Vectorizer: Reducer engine: mr
2024-04-24T05:14:35,886  INFO [main] parse.CalcitePlanner: Completed plan generation
2024-04-24T05:14:35,886  INFO [main] parse.CalcitePlanner: Ending caching scope for: 
2024-04-24T05:14:35,886  INFO [main] ql.Driver: Semantic Analysis Completed (retrial = false)
2024-04-24T05:14:35,886  INFO [main] ql.Driver: Created Hive schema: Schema(fieldSchemas:[FieldSchema(name:_col0, type:int, comment:null), FieldSchema(name:_col1, type:int, comment:null)], properties:null)
2024-04-24T05:14:35,886  INFO [main] metadata.Hive: Dumping metastore api call timing information for : compilation phase
2024-04-24T05:14:35,886  INFO [main] metadata.Hive: Total time spent in each metastore function (ms): {getValidWriteIds_(List, String)=2, getAllTableConstraints_(AllTableConstraintsRequest)=26, getNotNullConstraints_(NotNullConstraintsRequest)=1, getValidTxns_(long)=1, getCheckConstraints_(CheckConstraintsRequest)=2, isCompatibleWith_(Configuration)=0, openTxn_(String, TxnType)=2, commitTxn_(CommitTxnRequest)=13, getTable_(GetTableRequest)=44, allocateTableWriteId_(long, String, String)=10, flushCache_()=0}
2024-04-24T05:14:35,886  INFO [main] ql.Driver: Completed compiling command(queryId=alex_20240424051435_8823c8e4-b142-419f-ad6f-210debefbf7d); Time taken: 0.174 seconds
2024-04-24T05:14:35,886  INFO [main] lockmgr.DbTxnManager: Setting lock request transaction to txnid:13 for queryId=alex_20240424051435_8823c8e4-b142-419f-ad6f-210debefbf7d
2024-04-24T05:14:35,887  INFO [main] lockmgr.DbLockManager: Requesting lock for queryId=alex_20240424051435_8823c8e4-b142-419f-ad6f-210debefbf7d
2024-04-24T05:14:35,906  INFO [main] lockmgr.DbLockManager: Response to queryId=alex_20240424051435_8823c8e4-b142-419f-ad6f-210debefbf7d LockResponse(lockid:7, state:ACQUIRED)
2024-04-24T05:14:35,906  INFO [main] ql.Driver: Operation QUERY obtained 1 locks
2024-04-24T05:14:35,909  INFO [main] ql.Driver: Executing command(queryId=alex_20240424051435_8823c8e4-b142-419f-ad6f-210debefbf7d): insert into acidTbl(a,b)  values(1,2),(3,4)
2024-04-24T05:14:35,909  WARN [main] ql.Driver: Hive-on-MR is deprecated in Hive 2 and may not be available in the future versions. Consider using a different execution engine (i.e. tez, spark) or using Hive 1.X releases.
Query ID = alex_20240424051435_8823c8e4-b142-419f-ad6f-210debefbf7d
2024-04-24T05:14:35,909  INFO [main] ql.Driver: Query ID = alex_20240424051435_8823c8e4-b142-419f-ad6f-210debefbf7d
Total jobs = 1
2024-04-24T05:14:35,909  INFO [main] ql.Driver: Total jobs = 1
Launching Job 1 out of 1
2024-04-24T05:14:35,909  INFO [main] ql.Driver: Launching Job 1 out of 1
2024-04-24T05:14:36,049  INFO [main] ql.Driver: Starting task [Stage-1:MAPRED] in serial mode
Number of reduce tasks determined at compile time: 2
2024-04-24T05:14:36,049  INFO [main] exec.Task: Number of reduce tasks determined at compile time: 2
In order to change the average load for a reducer (in bytes):
2024-04-24T05:14:36,049  INFO [main] exec.Task: In order to change the average load for a reducer (in bytes):
  set hive.exec.reducers.bytes.per.reducer=<number>
2024-04-24T05:14:36,049  INFO [main] exec.Task:   set hive.exec.reducers.bytes.per.reducer=<number>
In order to limit the maximum number of reducers:
2024-04-24T05:14:36,049  INFO [main] exec.Task: In order to limit the maximum number of reducers:
  set hive.exec.reducers.max=<number>
2024-04-24T05:14:36,049  INFO [main] exec.Task:   set hive.exec.reducers.max=<number>
In order to set a constant number of reducers:
2024-04-24T05:14:36,049  INFO [main] exec.Task: In order to set a constant number of reducers:
  set mapreduce.job.reduces=<number>
2024-04-24T05:14:36,049  INFO [main] exec.Task:   set mapreduce.job.reduces=<number>
2024-04-24T05:14:36,052  INFO [main] mr.ExecDriver: Using org.apache.hadoop.hive.ql.io.HiveInputFormat
2024-04-24T05:14:36,052  INFO [main] exec.Utilities: Processing alias $hdt$_0:_dummy_table
2024-04-24T05:14:36,052  INFO [main] exec.Utilities: Adding 1 inputs; the first input is file:/home/alex/Repositories/hive/ql/target/tmp/localscratchdir/e080d8d7-65d9-4d23-bca6-93f469f18d04/hive_2024-04-24_05-14-35_712_5127423569062800468-1/dummy_path
2024-04-24T05:14:36,061  INFO [main] exec.SerializationUtilities: Serializing MapWork using kryo
2024-04-24T05:14:36,062  INFO [main] exec.Utilities: Serialized plan (via FILE) - name: null size: 5,29KB
2024-04-24T05:14:36,066  INFO [main] exec.SerializationUtilities: Serializing ReduceWork using kryo
2024-04-24T05:14:36,067  INFO [main] exec.Utilities: Serialized plan (via FILE) - name: null size: 5,92KB
2024-04-24T05:14:36,068  WARN [main] impl.MetricsSystemImpl: JobTracker metrics system already initialized!
2024-04-24T05:14:36,071  INFO [main] fs.FSStatsPublisher: created : file:/home/alex/Repositories/hive/ql/target/tmp/localscratchdir/e080d8d7-65d9-4d23-bca6-93f469f18d04/hive_2024-04-24_05-14-35_712_5127423569062800468-1/-mr-10000
2024-04-24T05:14:36,073  WARN [main] impl.MetricsSystemImpl: JobTracker metrics system already initialized!
2024-04-24T05:14:36,081  WARN [main] mapreduce.JobResourceUploader: Hadoop command-line option parsing not performed. Implement the Tool interface and execute your application with ToolRunner to remedy this.
2024-04-24T05:14:36,086  WARN [main] mapreduce.JobResourceUploader: No job jar file set.  User classes may not be found. See Job or Job#setJar(String).
2024-04-24T05:14:36,087  INFO [main] io.HiveInputFormat: hive.io.file.readcolumn.ids = 
2024-04-24T05:14:36,087  INFO [main] io.HiveInputFormat: hive.io.file.readcolumn.names = 
2024-04-24T05:14:36,087  INFO [main] io.HiveInputFormat: Generating splits for dirs: file:/home/alex/Repositories/hive/ql/target/tmp/localscratchdir/e080d8d7-65d9-4d23-bca6-93f469f18d04/hive_2024-04-24_05-14-35_712_5127423569062800468-1/dummy_path
2024-04-24T05:14:36,087  INFO [main] io.HiveInputFormat: number of splits 1
2024-04-24T05:14:36,104  INFO [main] mapreduce.JobSubmitter: number of splits:1
2024-04-24T05:14:36,111  INFO [Metastore Scheduled Worker 2] metastore.HMSHandler: 5: Opening raw store with implementation class:org.apache.hadoop.hive.metastore.ObjectStore
2024-04-24T05:14:36,112  INFO [Metastore Scheduled Worker 2] metastore.ObjectStore: RawStore: org.apache.hadoop.hive.metastore.ObjectStore@48b78028, with PersistenceManager: null will be shutdown
2024-04-24T05:14:36,112  INFO [Metastore Scheduled Worker 2] metastore.ObjectStore: RawStore: org.apache.hadoop.hive.metastore.ObjectStore@48b78028, with PersistenceManager: org.datanucleus.api.jdo.JDOPersistenceManager@4c8b9972 created in the thread with id: 46
2024-04-24T05:14:36,124  INFO [main] mapreduce.JobSubmitter: Submitting tokens for job: job_local527765817_0045
2024-04-24T05:14:36,124  INFO [main] mapreduce.JobSubmitter: Executing with tokens: []
2024-04-24T05:14:36,134  INFO [Metastore Scheduled Worker 2] metastore.HMSHandler: Created RawStore: org.apache.hadoop.hive.metastore.ObjectStore@48b78028 from thread id: 46
2024-04-24T05:14:36,186  INFO [main] mapreduce.Job: The url to track the job: http://localhost:8080/
Job running in-process (local Hadoop)
2024-04-24T05:14:36,186  INFO [main] exec.Task: Job running in-process (local Hadoop)
2024-04-24T05:14:36,187  INFO [Thread-3738] mapred.LocalJobRunner: OutputCommitter set in config org.apache.hadoop.hive.ql.io.HiveFileFormatUtils$NullOutputCommitter
2024-04-24T05:14:36,187  INFO [Thread-3738] mapred.LocalJobRunner: OutputCommitter is org.apache.hadoop.hive.ql.io.HiveFileFormatUtils$NullOutputCommitter
2024-04-24T05:14:36,188  INFO [Thread-3738] mapred.LocalJobRunner: Waiting for map tasks
2024-04-24T05:14:36,188  INFO [LocalJobRunner Map Task Executor #0] mapred.LocalJobRunner: Starting task: attempt_local527765817_0045_m_000000_0
2024-04-24T05:14:36,191  INFO [LocalJobRunner Map Task Executor #0] mapred.Task:  Using ResourceCalculatorProcessTree : [ ]
2024-04-24T05:14:36,191  INFO [LocalJobRunner Map Task Executor #0] mapred.MapTask: Processing split: org.apache.hadoop.hive.ql.io.NullRowsInputFormat:file:/home/alex/Repositories/hive/ql/target/tmp/localscratchdir/e080d8d7-65d9-4d23-bca6-93f469f18d04/hive_2024-04-24_05-14-35_712_5127423569062800468-1/dummy_path/null:0+1
2024-04-24T05:14:36,193  INFO [LocalJobRunner Map Task Executor #0] exec.SerializationUtilities: Deserializing MapWork using kryo
2024-04-24T05:14:36,194  INFO [LocalJobRunner Map Task Executor #0] exec.Utilities: Deserialized plan (via FILE) - name: null size: 5,29KB
2024-04-24T05:14:36,194  INFO [LocalJobRunner Map Task Executor #0] mapred.MapTask: numReduceTasks: 2
2024-04-24T05:14:36,198  INFO [LocalJobRunner Map Task Executor #0] mapred.MapTask: (EQUATOR) 0 kvi 26214396(104857584)
2024-04-24T05:14:36,198  INFO [LocalJobRunner Map Task Executor #0] mapred.MapTask: mapreduce.task.io.sort.mb: 100
2024-04-24T05:14:36,198  INFO [LocalJobRunner Map Task Executor #0] mapred.MapTask: soft limit at 83886080
2024-04-24T05:14:36,198  INFO [LocalJobRunner Map Task Executor #0] mapred.MapTask: bufstart = 0; bufvoid = 104857600
2024-04-24T05:14:36,198  INFO [LocalJobRunner Map Task Executor #0] mapred.MapTask: kvstart = 26214396; length = 6553600
2024-04-24T05:14:36,199  INFO [LocalJobRunner Map Task Executor #0] mapred.MapTask: Map output collector class = org.apache.hadoop.mapred.MapTask$MapOutputBuffer
2024-04-24T05:14:36,199  INFO [LocalJobRunner Map Task Executor #0] exec.MapOperator: Initializing Operator: MAP[0]
2024-04-24T05:14:36,199  INFO [LocalJobRunner Map Task Executor #0] mr.ExecMapper: 
<MAP>Id =0
  <Children>null
  <\Children>
  <Parent><\Parent>
<\MAP>
2024-04-24T05:14:36,200  INFO [LocalJobRunner Map Task Executor #0] exec.TableScanOperator: Initializing Operator: TS[0]
2024-04-24T05:14:36,200  INFO [LocalJobRunner Map Task Executor #0] exec.SelectOperator: Initializing Operator: SEL[1]
2024-04-24T05:14:36,200  INFO [LocalJobRunner Map Task Executor #0] exec.SelectOperator: SELECT null
2024-04-24T05:14:36,200  INFO [LocalJobRunner Map Task Executor #0] exec.UDTFOperator: Initializing Operator: UDTF[2]
2024-04-24T05:14:36,200  INFO [LocalJobRunner Map Task Executor #0] exec.SelectOperator: Initializing Operator: SEL[3]
2024-04-24T05:14:36,200  INFO [LocalJobRunner Map Task Executor #0] exec.SelectOperator: SELECT struct<col1:int,col2:int>
2024-04-24T05:14:36,200  INFO [LocalJobRunner Map Task Executor #0] exec.ReduceSinkOperator: Initializing Operator: RS[4]
2024-04-24T05:14:36,200  INFO [LocalJobRunner Map Task Executor #0] exec.ReduceSinkOperator: Using tag = -1
2024-04-24T05:14:36,201  INFO [LocalJobRunner Map Task Executor #0] exec.ReduceSinkOperator: keys are [reducesinkkey0] num distributions: 1
2024-04-24T05:14:36,201  INFO [LocalJobRunner Map Task Executor #0] exec.ReduceSinkOperator: RS[4]: records written - 1
2024-04-24T05:14:36,201  INFO [LocalJobRunner Map Task Executor #0] exec.MapOperator: MAP[0]: records read - 1
2024-04-24T05:14:36,202  INFO [LocalJobRunner Map Task Executor #0] exec.MapOperator: Closing Operator: MAP[0]
2024-04-24T05:14:36,202  INFO [LocalJobRunner Map Task Executor #0] exec.MapOperator: MAP[0]: Total records read - 3. abort - false
2024-04-24T05:14:36,202  INFO [LocalJobRunner Map Task Executor #0] exec.MapOperator: DESERIALIZE_ERRORS:0, RECORDS_OUT_OPERATOR_MAP_0:0, RECORDS_OUT_INTERMEDIATE:0, RECORDS_IN:3, 
2024-04-24T05:14:36,202  INFO [LocalJobRunner Map Task Executor #0] exec.TableScanOperator: Closing Operator: TS[0]
2024-04-24T05:14:36,202  INFO [LocalJobRunner Map Task Executor #0] exec.TableScanOperator: RECORDS_OUT_OPERATOR_TS_0:1, RECORDS_OUT_INTERMEDIATE:0, 
2024-04-24T05:14:36,202  INFO [LocalJobRunner Map Task Executor #0] exec.SelectOperator: Closing Operator: SEL[1]
2024-04-24T05:14:36,202  INFO [LocalJobRunner Map Task Executor #0] exec.SelectOperator: RECORDS_OUT_OPERATOR_SEL_1:1, RECORDS_OUT_INTERMEDIATE:0, 
2024-04-24T05:14:36,202  INFO [LocalJobRunner Map Task Executor #0] exec.UDTFOperator: Closing Operator: UDTF[2]
2024-04-24T05:14:36,202  INFO [LocalJobRunner Map Task Executor #0] exec.UDTFOperator: RECORDS_OUT_INTERMEDIATE:0, RECORDS_OUT_OPERATOR_UDTF_2:2, 
2024-04-24T05:14:36,202  INFO [LocalJobRunner Map Task Executor #0] exec.SelectOperator: Closing Operator: SEL[3]
2024-04-24T05:14:36,202  INFO [LocalJobRunner Map Task Executor #0] exec.SelectOperator: RECORDS_OUT_OPERATOR_SEL_3:2, RECORDS_OUT_INTERMEDIATE:0, 
2024-04-24T05:14:36,202  INFO [LocalJobRunner Map Task Executor #0] exec.ReduceSinkOperator: Closing Operator: RS[4]
2024-04-24T05:14:36,202  INFO [LocalJobRunner Map Task Executor #0] exec.ReduceSinkOperator: RS[4]: Total records written - 2. abort - false
2024-04-24T05:14:36,202  INFO [LocalJobRunner Map Task Executor #0] exec.ReduceSinkOperator: RECORDS_OUT_OPERATOR_RS_4:2, RECORDS_OUT_INTERMEDIATE:2, 
2024-04-24T05:14:36,204  INFO [LocalJobRunner Map Task Executor #0] mapred.LocalJobRunner: 
2024-04-24T05:14:36,204  INFO [LocalJobRunner Map Task Executor #0] mapred.MapTask: Starting flush of map output
2024-04-24T05:14:36,204  INFO [LocalJobRunner Map Task Executor #0] mapred.MapTask: Spilling map output
2024-04-24T05:14:36,204  INFO [LocalJobRunner Map Task Executor #0] mapred.MapTask: bufstart = 0; bufend = 32; bufvoid = 104857600
2024-04-24T05:14:36,204  INFO [LocalJobRunner Map Task Executor #0] mapred.MapTask: kvstart = 26214396(104857584); kvend = 26214392(104857568); length = 5/6553600
2024-04-24T05:14:36,219  INFO [LocalJobRunner Map Task Executor #0] mapred.MapTask: Finished spill 0
2024-04-24T05:14:36,310  INFO [LocalJobRunner Map Task Executor #0] mapred.Task: Task:attempt_local527765817_0045_m_000000_0 is done. And is in the process of committing
2024-04-24T05:14:36,311  INFO [LocalJobRunner Map Task Executor #0] mapred.LocalJobRunner: map
2024-04-24T05:14:36,311  INFO [LocalJobRunner Map Task Executor #0] mapred.Task: Task 'attempt_local527765817_0045_m_000000_0' done.
2024-04-24T05:14:36,311  INFO [LocalJobRunner Map Task Executor #0] mapred.Task: Final Counters for attempt_local527765817_0045_m_000000_0: Counters: 26
	File System Counters
		FILE: Number of bytes read=1039912
		FILE: Number of bytes written=56422333
		FILE: Number of read operations=0
		FILE: Number of large read operations=0
		FILE: Number of write operations=0
	Map-Reduce Framework
		Map input records=4
		Map output records=2
		Map output bytes=32
		Map output materialized bytes=48
		Input split bytes=361
		Combine input records=0
		Spilled Records=2
		Failed Shuffles=0
		Merged Map outputs=0
		GC time elapsed (ms)=83
		Total committed heap usage (bytes)=1240465408
	HIVE
		DESERIALIZE_ERRORS=0
		RECORDS_IN=3
		RECORDS_OUT_INTERMEDIATE=2
		RECORDS_OUT_OPERATOR_MAP_0=0
		RECORDS_OUT_OPERATOR_RS_4=2
		RECORDS_OUT_OPERATOR_SEL_1=1
		RECORDS_OUT_OPERATOR_SEL_3=2
		RECORDS_OUT_OPERATOR_TS_0=1
		RECORDS_OUT_OPERATOR_UDTF_2=2
	File Input Format Counters 
		Bytes Read=5342
2024-04-24T05:14:36,311  INFO [LocalJobRunner Map Task Executor #0] mapred.LocalJobRunner: Finishing task: attempt_local527765817_0045_m_000000_0
2024-04-24T05:14:36,311  INFO [Thread-3738] mapred.LocalJobRunner: map task executor complete.
2024-04-24T05:14:36,312  INFO [Thread-3738] mapred.LocalJobRunner: Waiting for reduce tasks
2024-04-24T05:14:36,312  INFO [pool-217-thread-1] mapred.LocalJobRunner: Starting task: attempt_local527765817_0045_r_000000_0
2024-04-24T05:14:36,315  INFO [pool-217-thread-1] mapred.Task:  Using ResourceCalculatorProcessTree : [ ]
2024-04-24T05:14:36,315  INFO [pool-217-thread-1] mapred.ReduceTask: Using ShuffleConsumerPlugin: org.apache.hadoop.mapreduce.task.reduce.Shuffle@92c947f
2024-04-24T05:14:36,315  WARN [pool-217-thread-1] impl.MetricsSystemImpl: JobTracker metrics system already initialized!
2024-04-24T05:14:36,315  INFO [pool-217-thread-1] reduce.MergeManagerImpl: MergerManager: memoryLimit=1336252800, maxSingleShuffleLimit=334063200, mergeThreshold=881926912, ioSortFactor=10, memToMemMergeOutputsThreshold=10
2024-04-24T05:14:36,316  INFO [EventFetcher for fetching Map Completion Events] reduce.EventFetcher: attempt_local527765817_0045_r_000000_0 Thread started: EventFetcher for fetching Map Completion Events
2024-04-24T05:14:36,319  INFO [localfetcher#63] reduce.LocalFetcher: localfetcher#63 about to shuffle output of map attempt_local527765817_0045_m_000000_0 decomp: 20 len: 24 to MEMORY
2024-04-24T05:14:36,319  INFO [localfetcher#63] reduce.InMemoryMapOutput: Read 20 bytes from map-output for attempt_local527765817_0045_m_000000_0
2024-04-24T05:14:36,319  INFO [localfetcher#63] reduce.MergeManagerImpl: closeInMemoryFile -> map-output of size: 20, inMemoryMapOutputs.size() -> 1, commitMemory -> 0, usedMemory ->20
2024-04-24T05:14:36,320  INFO [EventFetcher for fetching Map Completion Events] reduce.EventFetcher: EventFetcher is interrupted.. Returning
2024-04-24T05:14:36,320  INFO [pool-217-thread-1] mapred.LocalJobRunner: 1 / 1 copied.
2024-04-24T05:14:36,320  INFO [pool-217-thread-1] reduce.MergeManagerImpl: finalMerge called with 1 in-memory map-outputs and 0 on-disk map-outputs
2024-04-24T05:14:36,327  INFO [pool-217-thread-1] mapred.Merger: Merging 1 sorted segments
2024-04-24T05:14:36,327  INFO [pool-217-thread-1] mapred.Merger: Down to the last merge-pass, with 1 segments left of total size: 8 bytes
2024-04-24T05:14:36,329  INFO [pool-217-thread-1] reduce.MergeManagerImpl: Merged 1 segments, 20 bytes to disk to satisfy reduce memory limit
2024-04-24T05:14:36,330  INFO [pool-217-thread-1] reduce.MergeManagerImpl: Merging 1 files, 24 bytes from disk
2024-04-24T05:14:36,330  INFO [pool-217-thread-1] reduce.MergeManagerImpl: Merging 0 segments, 0 bytes from memory into reduce
2024-04-24T05:14:36,330  INFO [pool-217-thread-1] mapred.Merger: Merging 1 sorted segments
2024-04-24T05:14:36,330  INFO [pool-217-thread-1] mapred.Merger: Down to the last merge-pass, with 1 segments left of total size: 8 bytes
2024-04-24T05:14:36,330  INFO [pool-217-thread-1] mapred.LocalJobRunner: 1 / 1 copied.
2024-04-24T05:14:36,330  INFO [pool-217-thread-1] exec.SerializationUtilities: Deserializing ReduceWork using kryo
2024-04-24T05:14:36,331  INFO [pool-217-thread-1] exec.Utilities: Deserialized plan (via FILE) - name: null size: 5,92KB
2024-04-24T05:14:36,331  INFO [pool-217-thread-1] ExecReducer: 
<SEL>Id =5
  <Children>
    <FS>Id =6
      <Children>
      <\Children>
      <Parent>Id = 5 null<\Parent>
    <\FS>
  <\Children>
  <Parent><\Parent>
<\SEL>
2024-04-24T05:14:36,331  INFO [pool-217-thread-1] exec.SelectOperator: Initializing Operator: SEL[5]
2024-04-24T05:14:36,331  INFO [pool-217-thread-1] exec.SelectOperator: SELECT struct<key:struct<reducesinkkey0:int>,value:struct<_col0:int>>
2024-04-24T05:14:36,331  INFO [pool-217-thread-1] exec.FileSinkOperator: Initializing Operator: FS[6]
2024-04-24T05:14:36,332  INFO [pool-217-thread-1] exec.FileSinkOperator: Using serializer : AbstractSerDe [log=org.apache.logging.slf4j.Log4jLogger@a925655, configuration=Optional[Configuration: core-default.xml, core-site.xml, mapred-default.xml, mapred-site.xml, yarn-default.xml, yarn-site.xml, hdfs-default.xml, hdfs-site.xml, file:/home/alex/Repositories/hive/ql/target/tmp/TestTxnCommandsWithSplitUpdateAndVectorization/mapred/local/localRunner/alex/job_local527765817_0045/job_local527765817_0045.xml], properties={transactional_properties=default, name=default.acidtbl, transactional=true, columns.types=int:int, bucket_field_name=a, columns=a,b, numFilesErasureCoded=0, columns.comments=&amp#0;, bucketing_version=2, bucket_count=2, serialization.lib=org.apache.hadoop.hive.ql.io.orc.OrcSerde, file.inputformat=org.apache.hadoop.hive.ql.io.orc.OrcInputFormat, file.outputformat=org.apache.hadoop.hive.ql.io.orc.OrcOutputFormat, location=file:/home/alex/Repositories/hive/ql/target/tmp/org.apache.hadoop.hive.ql.TestTxnCommands-1713960750541/warehouse/acidtbl, column.name.delimiter=,}, tableProperties={transactional_properties=default, name=default.acidtbl, transactional=true, columns.types=int:int, bucket_field_name=a, columns=a,b, numFilesErasureCoded=0, columns.comments=&amp#0;, bucketing_version=2, bucket_count=2, serialization.lib=org.apache.hadoop.hive.ql.io.orc.OrcSerde, file.inputformat=org.apache.hadoop.hive.ql.io.orc.OrcInputFormat, location=file:/home/alex/Repositories/hive/ql/target/tmp/org.apache.hadoop.hive.ql.TestTxnCommands-1713960750541/warehouse/acidtbl, file.outputformat=org.apache.hadoop.hive.ql.io.orc.OrcOutputFormat, column.name.delimiter=,}, partitionProperties=Optional.empty, columnNames=[a, b], columnTypes=[int, int], getClass()=class org.apache.hadoop.hive.ql.io.orc.OrcSerde] and formatter : org.apache.hadoop.hive.ql.io.orc.OrcOutputFormat@446fd294
2024-04-24T05:14:36,332  INFO [pool-217-thread-1] exec.FileSinkOperator: Final Path: FS file:/home/alex/Repositories/hive/ql/target/tmp/org.apache.hadoop.hive.ql.TestTxnCommands-1713960750541/warehouse/acidtbl
2024-04-24T05:14:36,332  INFO [pool-217-thread-1] exec.FileSinkOperator: New Final Path: FS file:/home/alex/Repositories/hive/ql/target/tmp/org.apache.hadoop.hive.ql.TestTxnCommands-1713960750541/warehouse/acidtbl
2024-04-24T05:14:36,333  INFO [pool-217-thread-1] common.FileUtils: Creating directory if it doesn't exist: file:/home/alex/Repositories/hive/ql/target/tmp/org.apache.hadoop.hive.ql.TestTxnCommands-1713960750541/warehouse
2024-04-24T05:14:36,333  INFO [pool-217-thread-1] exec.FileSinkOperator: FS[6]: records written - 1
2024-04-24T05:14:36,333  INFO [pool-217-thread-1] impl.PhysicalFsWriter: ORC writer created for path: file:/home/alex/Repositories/hive/ql/target/tmp/org.apache.hadoop.hive.ql.TestTxnCommands-1713960750541/warehouse/acidtbl/delta_0000001_0000001_0000/bucket_00000_0 with stripeSize: 8388608 blockSize: 268435456 compression: Compress: ZLIB buffer: 32768
2024-04-24T05:14:36,340  INFO [pool-217-thread-1] impl.WriterImpl: ORC writer created for path: file:/home/alex/Repositories/hive/ql/target/tmp/org.apache.hadoop.hive.ql.TestTxnCommands-1713960750541/warehouse/acidtbl/delta_0000001_0000001_0000/bucket_00000_0 with stripeSize: 8388608 options: Compress: ZLIB buffer: 32768
2024-04-24T05:14:36,344  INFO [pool-217-thread-1] exec.SelectOperator: Closing Operator: SEL[5]
2024-04-24T05:14:36,344  INFO [pool-217-thread-1] exec.SelectOperator: RECORDS_OUT_OPERATOR_SEL_5:1, RECORDS_OUT_INTERMEDIATE:0, 
2024-04-24T05:14:36,344  INFO [pool-217-thread-1] exec.FileSinkOperator: Closing Operator: FS[6]
2024-04-24T05:14:36,345  INFO [pool-217-thread-1] exec.FileSinkOperator: FS[6]: records written - 1
2024-04-24T05:14:36,346  INFO [pool-217-thread-1] FileOperations: Writing manifest to file:/home/alex/Repositories/hive/ql/target/tmp/org.apache.hadoop.hive.ql.TestTxnCommands-1713960750541/warehouse/acidtbl/_tmp.delta_0000001_0000001_0000/000000_0.manifest with [file:/home/alex/Repositories/hive/ql/target/tmp/org.apache.hadoop.hive.ql.TestTxnCommands-1713960750541/warehouse/acidtbl/delta_0000001_0000001_0000/bucket_00000_0]
2024-04-24T05:14:36,357  INFO [pool-217-thread-1] exec.FileSinkOperator: RECORDS_OUT_INTERMEDIATE:0, TOTAL_TABLE_ROWS_WRITTEN:1, RECORDS_OUT_1_default.acidtbl:1, RECORDS_OUT_OPERATOR_FS_6:1, 
2024-04-24T05:14:36,357  INFO [pool-217-thread-1] mapred.Task: Task:attempt_local527765817_0045_r_000000_0 is done. And is in the process of committing
2024-04-24T05:14:36,357  INFO [pool-217-thread-1] mapred.LocalJobRunner: reduce > reduce
2024-04-24T05:14:36,357  INFO [pool-217-thread-1] mapred.Task: Task 'attempt_local527765817_0045_r_000000_0' done.
2024-04-24T05:14:36,357  INFO [pool-217-thread-1] mapred.Task: Final Counters for attempt_local527765817_0045_r_000000_0: Counters: 30
	File System Counters
		FILE: Number of bytes read=1046019
		FILE: Number of bytes written=56423372
		FILE: Number of read operations=0
		FILE: Number of large read operations=0
		FILE: Number of write operations=0
	Map-Reduce Framework
		Combine input records=0
		Combine output records=0
		Reduce input groups=1
		Reduce shuffle bytes=24
		Reduce input records=1
		Reduce output records=0
		Spilled Records=1
		Shuffled Maps =1
		Failed Shuffles=0
		Merged Map outputs=1
		GC time elapsed (ms)=0
		Total committed heap usage (bytes)=1240465408
	HIVE
		CREATED_FILES=1
		RECORDS_OUT_1_default.acidtbl=1
		RECORDS_OUT_INTERMEDIATE=0
		RECORDS_OUT_OPERATOR_FS_6=1
		RECORDS_OUT_OPERATOR_SEL_5=1
		TOTAL_TABLE_ROWS_WRITTEN=1
	Shuffle Errors
		BAD_ID=0
		CONNECTION=0
		IO_ERROR=0
		WRONG_LENGTH=0
		WRONG_MAP=0
		WRONG_REDUCE=0
	File Output Format Counters 
		Bytes Written=0
2024-04-24T05:14:36,358  INFO [pool-217-thread-1] mapred.LocalJobRunner: Finishing task: attempt_local527765817_0045_r_000000_0
2024-04-24T05:14:36,358  INFO [pool-217-thread-1] mapred.LocalJobRunner: Starting task: attempt_local527765817_0045_r_000001_0
2024-04-24T05:14:36,358  INFO [pool-217-thread-1] mapred.Task:  Using ResourceCalculatorProcessTree : [ ]
2024-04-24T05:14:36,358  INFO [pool-217-thread-1] mapred.ReduceTask: Using ShuffleConsumerPlugin: org.apache.hadoop.mapreduce.task.reduce.Shuffle@7e84d5db
2024-04-24T05:14:36,358  WARN [pool-217-thread-1] impl.MetricsSystemImpl: JobTracker metrics system already initialized!
2024-04-24T05:14:36,359  INFO [pool-217-thread-1] reduce.MergeManagerImpl: MergerManager: memoryLimit=1336252800, maxSingleShuffleLimit=334063200, mergeThreshold=881926912, ioSortFactor=10, memToMemMergeOutputsThreshold=10
2024-04-24T05:14:36,360  INFO [EventFetcher for fetching Map Completion Events] reduce.EventFetcher: attempt_local527765817_0045_r_000001_0 Thread started: EventFetcher for fetching Map Completion Events
2024-04-24T05:14:36,363  INFO [localfetcher#64] reduce.LocalFetcher: localfetcher#64 about to shuffle output of map attempt_local527765817_0045_m_000000_0 decomp: 20 len: 24 to MEMORY
2024-04-24T05:14:36,363  INFO [localfetcher#64] reduce.InMemoryMapOutput: Read 20 bytes from map-output for attempt_local527765817_0045_m_000000_0
2024-04-24T05:14:36,363  INFO [localfetcher#64] reduce.MergeManagerImpl: closeInMemoryFile -> map-output of size: 20, inMemoryMapOutputs.size() -> 1, commitMemory -> 0, usedMemory ->20
2024-04-24T05:14:36,363  INFO [EventFetcher for fetching Map Completion Events] reduce.EventFetcher: EventFetcher is interrupted.. Returning
2024-04-24T05:14:36,363  INFO [pool-217-thread-1] mapred.LocalJobRunner: 1 / 1 copied.
2024-04-24T05:14:36,363  INFO [pool-217-thread-1] reduce.MergeManagerImpl: finalMerge called with 1 in-memory map-outputs and 0 on-disk map-outputs
2024-04-24T05:14:36,370  INFO [pool-217-thread-1] mapred.Merger: Merging 1 sorted segments
2024-04-24T05:14:36,370  INFO [pool-217-thread-1] mapred.Merger: Down to the last merge-pass, with 1 segments left of total size: 8 bytes
2024-04-24T05:14:36,373  INFO [pool-217-thread-1] reduce.MergeManagerImpl: Merged 1 segments, 20 bytes to disk to satisfy reduce memory limit
2024-04-24T05:14:36,373  INFO [pool-217-thread-1] reduce.MergeManagerImpl: Merging 1 files, 24 bytes from disk
2024-04-24T05:14:36,373  INFO [pool-217-thread-1] reduce.MergeManagerImpl: Merging 0 segments, 0 bytes from memory into reduce
2024-04-24T05:14:36,373  INFO [pool-217-thread-1] mapred.Merger: Merging 1 sorted segments
2024-04-24T05:14:36,373  INFO [pool-217-thread-1] mapred.Merger: Down to the last merge-pass, with 1 segments left of total size: 8 bytes
2024-04-24T05:14:36,373  INFO [pool-217-thread-1] mapred.LocalJobRunner: 1 / 1 copied.
2024-04-24T05:14:36,374  INFO [pool-217-thread-1] exec.SerializationUtilities: Deserializing ReduceWork using kryo
2024-04-24T05:14:36,374  INFO [pool-217-thread-1] exec.Utilities: Deserialized plan (via FILE) - name: null size: 5,92KB
2024-04-24T05:14:36,375  INFO [pool-217-thread-1] ExecReducer: 
<SEL>Id =5
  <Children>
    <FS>Id =6
      <Children>
      <\Children>
      <Parent>Id = 5 null<\Parent>
    <\FS>
  <\Children>
  <Parent><\Parent>
<\SEL>
2024-04-24T05:14:36,375  INFO [pool-217-thread-1] exec.SelectOperator: Initializing Operator: SEL[5]
2024-04-24T05:14:36,375  INFO [pool-217-thread-1] exec.SelectOperator: SELECT struct<key:struct<reducesinkkey0:int>,value:struct<_col0:int>>
2024-04-24T05:14:36,375  INFO [pool-217-thread-1] exec.FileSinkOperator: Initializing Operator: FS[6]
2024-04-24T05:14:36,375  INFO [pool-217-thread-1] exec.FileSinkOperator: Using serializer : AbstractSerDe [log=org.apache.logging.slf4j.Log4jLogger@a925655, configuration=Optional[Configuration: core-default.xml, core-site.xml, mapred-default.xml, mapred-site.xml, yarn-default.xml, yarn-site.xml, hdfs-default.xml, hdfs-site.xml, file:/home/alex/Repositories/hive/ql/target/tmp/TestTxnCommandsWithSplitUpdateAndVectorization/mapred/local/localRunner/alex/job_local527765817_0045/job_local527765817_0045.xml], properties={transactional_properties=default, name=default.acidtbl, transactional=true, columns.types=int:int, bucket_field_name=a, columns=a,b, numFilesErasureCoded=0, columns.comments=&amp#0;, bucketing_version=2, bucket_count=2, serialization.lib=org.apache.hadoop.hive.ql.io.orc.OrcSerde, file.inputformat=org.apache.hadoop.hive.ql.io.orc.OrcInputFormat, file.outputformat=org.apache.hadoop.hive.ql.io.orc.OrcOutputFormat, location=file:/home/alex/Repositories/hive/ql/target/tmp/org.apache.hadoop.hive.ql.TestTxnCommands-1713960750541/warehouse/acidtbl, column.name.delimiter=,}, tableProperties={transactional_properties=default, name=default.acidtbl, transactional=true, columns.types=int:int, bucket_field_name=a, columns=a,b, numFilesErasureCoded=0, columns.comments=&amp#0;, bucketing_version=2, bucket_count=2, serialization.lib=org.apache.hadoop.hive.ql.io.orc.OrcSerde, file.inputformat=org.apache.hadoop.hive.ql.io.orc.OrcInputFormat, location=file:/home/alex/Repositories/hive/ql/target/tmp/org.apache.hadoop.hive.ql.TestTxnCommands-1713960750541/warehouse/acidtbl, file.outputformat=org.apache.hadoop.hive.ql.io.orc.OrcOutputFormat, column.name.delimiter=,}, partitionProperties=Optional.empty, columnNames=[a, b], columnTypes=[int, int], getClass()=class org.apache.hadoop.hive.ql.io.orc.OrcSerde] and formatter : org.apache.hadoop.hive.ql.io.orc.OrcOutputFormat@1f480d4e
2024-04-24T05:14:36,376  INFO [pool-217-thread-1] exec.FileSinkOperator: Final Path: FS file:/home/alex/Repositories/hive/ql/target/tmp/org.apache.hadoop.hive.ql.TestTxnCommands-1713960750541/warehouse/acidtbl
2024-04-24T05:14:36,376  INFO [pool-217-thread-1] exec.FileSinkOperator: New Final Path: FS file:/home/alex/Repositories/hive/ql/target/tmp/org.apache.hadoop.hive.ql.TestTxnCommands-1713960750541/warehouse/acidtbl
2024-04-24T05:14:36,376  INFO [pool-217-thread-1] common.FileUtils: Creating directory if it doesn't exist: file:/home/alex/Repositories/hive/ql/target/tmp/org.apache.hadoop.hive.ql.TestTxnCommands-1713960750541/warehouse
2024-04-24T05:14:36,376  INFO [pool-217-thread-1] exec.FileSinkOperator: FS[6]: records written - 1
2024-04-24T05:14:36,376  INFO [pool-217-thread-1] impl.PhysicalFsWriter: ORC writer created for path: file:/home/alex/Repositories/hive/ql/target/tmp/org.apache.hadoop.hive.ql.TestTxnCommands-1713960750541/warehouse/acidtbl/delta_0000001_0000001_0000/bucket_00001_0 with stripeSize: 8388608 blockSize: 268435456 compression: Compress: ZLIB buffer: 32768
2024-04-24T05:14:36,380  INFO [pool-217-thread-1] impl.WriterImpl: ORC writer created for path: file:/home/alex/Repositories/hive/ql/target/tmp/org.apache.hadoop.hive.ql.TestTxnCommands-1713960750541/warehouse/acidtbl/delta_0000001_0000001_0000/bucket_00001_0 with stripeSize: 8388608 options: Compress: ZLIB buffer: 32768
2024-04-24T05:14:36,380  INFO [pool-217-thread-1] exec.SelectOperator: Closing Operator: SEL[5]
2024-04-24T05:14:36,381  INFO [pool-217-thread-1] exec.SelectOperator: RECORDS_OUT_INTERMEDIATE:0, RECORDS_OUT_OPERATOR_SEL_5:1, 
2024-04-24T05:14:36,381  INFO [pool-217-thread-1] exec.FileSinkOperator: Closing Operator: FS[6]
2024-04-24T05:14:36,381  INFO [pool-217-thread-1] exec.FileSinkOperator: FS[6]: records written - 1
2024-04-24T05:14:36,382  INFO [pool-217-thread-1] FileOperations: Writing manifest to file:/home/alex/Repositories/hive/ql/target/tmp/org.apache.hadoop.hive.ql.TestTxnCommands-1713960750541/warehouse/acidtbl/_tmp.delta_0000001_0000001_0000/000001_0.manifest with [file:/home/alex/Repositories/hive/ql/target/tmp/org.apache.hadoop.hive.ql.TestTxnCommands-1713960750541/warehouse/acidtbl/delta_0000001_0000001_0000/bucket_00001_0]
2024-04-24T05:14:36,391  INFO [pool-217-thread-1] exec.FileSinkOperator: RECORDS_OUT_INTERMEDIATE:0, RECORDS_OUT_1_default.acidtbl:1, RECORDS_OUT_OPERATOR_FS_6:1, TOTAL_TABLE_ROWS_WRITTEN:1, 
2024-04-24T05:14:36,391  INFO [pool-217-thread-1] mapred.Task: Task:attempt_local527765817_0045_r_000001_0 is done. And is in the process of committing
2024-04-24T05:14:36,391  INFO [pool-217-thread-1] mapred.LocalJobRunner: reduce > reduce
2024-04-24T05:14:36,391  INFO [pool-217-thread-1] mapred.Task: Task 'attempt_local527765817_0045_r_000001_0' done.
2024-04-24T05:14:36,392  INFO [pool-217-thread-1] mapred.Task: Final Counters for attempt_local527765817_0045_r_000001_0: Counters: 30
	File System Counters
		FILE: Number of bytes read=1052102
		FILE: Number of bytes written=56424400
		FILE: Number of read operations=0
		FILE: Number of large read operations=0
		FILE: Number of write operations=0
	Map-Reduce Framework
		Combine input records=0
		Combine output records=0
		Reduce input groups=1
		Reduce shuffle bytes=24
		Reduce input records=1
		Reduce output records=0
		Spilled Records=1
		Shuffled Maps =1
		Failed Shuffles=0
		Merged Map outputs=1
		GC time elapsed (ms)=0
		Total committed heap usage (bytes)=1240465408
	HIVE
		CREATED_FILES=1
		RECORDS_OUT_1_default.acidtbl=1
		RECORDS_OUT_INTERMEDIATE=0
		RECORDS_OUT_OPERATOR_FS_6=1
		RECORDS_OUT_OPERATOR_SEL_5=1
		TOTAL_TABLE_ROWS_WRITTEN=1
	Shuffle Errors
		BAD_ID=0
		CONNECTION=0
		IO_ERROR=0
		WRONG_LENGTH=0
		WRONG_MAP=0
		WRONG_REDUCE=0
	File Output Format Counters 
		Bytes Written=0
2024-04-24T05:14:36,392  INFO [pool-217-thread-1] mapred.LocalJobRunner: Finishing task: attempt_local527765817_0045_r_000001_0
2024-04-24T05:14:36,392  INFO [Thread-3738] mapred.LocalJobRunner: reduce task executor complete.
2024-04-24 05:14:37,189 Stage-1 map = 100%,  reduce = 100%
2024-04-24T05:14:37,189  INFO [main] exec.Task: 2024-04-24 05:14:37,189 Stage-1 map = 100%,  reduce = 100%
Ended Job = job_local527765817_0045
2024-04-24T05:14:37,192  INFO [main] exec.Task: Ended Job = job_local527765817_0045
2024-04-24T05:14:37,193  INFO [main] FileOperations: Found manifest file file:/home/alex/Repositories/hive/ql/target/tmp/org.apache.hadoop.hive.ql.TestTxnCommands-1713960750541/warehouse/acidtbl/_tmp.delta_0000001_0000001_0000/000000_0.manifest with attemptId 0.
2024-04-24T05:14:37,193  INFO [main] FileOperations: Found manifest file file:/home/alex/Repositories/hive/ql/target/tmp/org.apache.hadoop.hive.ql.TestTxnCommands-1713960750541/warehouse/acidtbl/_tmp.delta_0000001_0000001_0000/000001_0.manifest with attemptId 0.
2024-04-24T05:14:37,193  INFO [main] FileOperations: Looking at manifest file: file:/home/alex/Repositories/hive/ql/target/tmp/org.apache.hadoop.hive.ql.TestTxnCommands-1713960750541/warehouse/acidtbl/_tmp.delta_0000001_0000001_0000/000001_0.manifest
2024-04-24T05:14:37,193  INFO [main] FileOperations: Looking at manifest file: file:/home/alex/Repositories/hive/ql/target/tmp/org.apache.hadoop.hive.ql.TestTxnCommands-1713960750541/warehouse/acidtbl/_tmp.delta_0000001_0000001_0000/000000_0.manifest
2024-04-24T05:14:37,193  INFO [main] FileOperations: Deleting manifest directory file:/home/alex/Repositories/hive/ql/target/tmp/org.apache.hadoop.hive.ql.TestTxnCommands-1713960750541/warehouse/acidtbl/_tmp.delta_0000001_0000001_0000
2024-04-24T05:14:37,194  INFO [main] ql.Driver: Starting task [Stage-0:MOVE] in serial mode
Loading data to table default.acidtbl
2024-04-24T05:14:37,194  INFO [main] exec.Task: Loading data to table default.acidtbl from file:/home/alex/Repositories/hive/ql/target/tmp/org.apache.hadoop.hive.ql.TestTxnCommands-1713960750541/warehouse/acidtbl
2024-04-24T05:14:37,195  INFO [main] HiveMetaStore.audit: ugi=alex	ip=unknown-ip-addr	cmd=get_table : tbl=hive.default.acidtbl	
2024-04-24T05:14:37,202  INFO [main] metastore.HMSHandler: Skipping translation for processor with null
2024-04-24T05:14:37,202  INFO [main] HiveMetaStore.audit: ugi=alex	ip=unknown-ip-addr	cmd=get_table : tbl=hive.default.acidtbl	
2024-04-24T05:14:37,208  INFO [main] metastore.HMSHandler: Skipping translation for processor with null
2024-04-24T05:14:37,209  INFO [main] HiveMetaStore.audit: ugi=alex	ip=unknown-ip-addr	cmd=alter_table: hive.default.acidtbl newtbl=acidtbl	
2024-04-24T05:14:37,244  INFO [main] ql.Driver: Starting task [Stage-2:STATS] in serial mode
2024-04-24T05:14:37,245  INFO [main] HiveMetaStore.audit: ugi=alex	ip=unknown-ip-addr	cmd=get_table : tbl=hive.default.acidtbl	
2024-04-24T05:14:37,251  INFO [main] metastore.HMSHandler: Skipping translation for processor with null
2024-04-24T05:14:37,251  INFO [main] stats.BasicStatsTask: Executing stats task
2024-04-24T05:14:37,251  INFO [main] fs.FSStatsPublisher: created : file:/home/alex/Repositories/hive/ql/target/tmp/localscratchdir/e080d8d7-65d9-4d23-bca6-93f469f18d04/hive_2024-04-24_05-14-35_712_5127423569062800468-1/-mr-10000
2024-04-24T05:14:37,252  INFO [main] HiveMetaStore.audit: ugi=alex	ip=unknown-ip-addr	cmd=get_table : tbl=hive.default.acidtbl	
2024-04-24T05:14:37,259  INFO [main] metastore.HMSHandler: Skipping translation for processor with null
2024-04-24T05:14:37,269  WARN [main] FileOperations: Computing stats for an ACID table; stats may be inaccurate
2024-04-24T05:14:37,270  INFO [main] FileOperations: Read stats for default.acidtbl/, numRows, true, 2, false: 
2024-04-24T05:14:37,270  INFO [main] FileOperations: Read stats for default.acidtbl/, rawDataSize, true, 0, false: 
2024-04-24T05:14:37,270  INFO [main] HiveMetaStore.audit: ugi=alex	ip=unknown-ip-addr	cmd=alter_table: hive.default.acidtbl newtbl=acidtbl	
2024-04-24T05:14:37,290  INFO [main] FileOperations: Read stats for default.acidtbl/, insertCount, true, 2, false: 
2024-04-24T05:14:37,290  INFO [main] FileOperations: Read stats for default.acidtbl/, updateCount, true, 0, false: 
2024-04-24T05:14:37,290  INFO [main] FileOperations: Read stats for default.acidtbl/, deleteCount, true, 0, false: 
2024-04-24T05:14:37,292  INFO [main] stats.BasicStatsTask: Table default.acidtbl stats: [numFiles=2, numRows=2, totalSize=1344, rawDataSize=0, numFilesErasureCoded=0]
2024-04-24T05:14:37,293  INFO [main] metadata.Hive: Dumping metastore api call timing information for : execution phase
2024-04-24T05:14:37,293  INFO [main] metadata.Hive: Total time spent in each metastore function (ms): {alter_table_(String, String, String, Table, EnvironmentContext, String)=55, getTable_(GetTableRequest)=28, isCompatibleWith_(Configuration)=0, updateTransactionalStatistics_(UpdateTransactionalStatsRequest)=2}
MapReduce Jobs Launched: 
2024-04-24T05:14:37,293  INFO [main] ql.Driver: MapReduce Jobs Launched: 
Stage-Stage-1:  HDFS Read: 0 HDFS Write: 0 SUCCESS
2024-04-24T05:14:37,293  INFO [main] ql.Driver: Stage-Stage-1:  HDFS Read: 0 HDFS Write: 0 SUCCESS
Total MapReduce CPU Time Spent: 0 msec
2024-04-24T05:14:37,293  INFO [main] ql.Driver: Total MapReduce CPU Time Spent: 0 msec
2024-04-24T05:14:37,293  INFO [main] ql.Driver: Completed executing command(queryId=alex_20240424051435_8823c8e4-b142-419f-ad6f-210debefbf7d); Time taken: 1.384 seconds
2024-04-24T05:14:37,293  INFO [main] lockmgr.DbTxnManager: Stopped heartbeat for query: alex_20240424051435_8823c8e4-b142-419f-ad6f-210debefbf7d
2024-04-24T05:14:37,304  INFO [main] txn.TxnHandler: Removed transactions: ([13]) from MIN_HISTORY_LEVEL
2024-04-24T05:14:37,304  WARN [main] txn.CompactionTxnHandler: No compaction queue record found for Compaction type transaction commit. txnId:13
2024-04-24T05:14:37,304  INFO [main] ql.TxnCommandsBaseForTests: Running the query: select a,b from acidTbl order by a,b
2024-04-24T05:14:37,304  INFO [main] ql.Context: Deleting scratch dir: file:/home/alex/Repositories/hive/ql/target/tmp/localscratchdir/e080d8d7-65d9-4d23-bca6-93f469f18d04/hive_2024-04-24_05-14-35_712_5127423569062800468-1
2024-04-24T05:14:37,305  INFO [main] cleanup.SyncCleanupService: Deleted directory: file:/home/alex/Repositories/hive/ql/target/tmp/localscratchdir/e080d8d7-65d9-4d23-bca6-93f469f18d04/hive_2024-04-24_05-14-35_712_5127423569062800468-1 on fs with scheme file
2024-04-24T05:14:37,305  INFO [main] ql.Driver: Compiling command(queryId=alex_20240424051437_9306f143-a35c-49ef-a4a7-2d502fe437f2): select a,b from acidTbl order by a,b
2024-04-24T05:14:37,314  INFO [main] txn.TxnHandler: Added entries to MIN_HISTORY_LEVEL for current txns: ([14]) with min_open_txn: 14
2024-04-24T05:14:37,314  INFO [main] lockmgr.DbTxnManager: Opened txnid:14
2024-04-24T05:14:37,316  INFO [main] parse.CalcitePlanner: Starting caching scope for: 
2024-04-24T05:14:37,316  INFO [main] parse.CalcitePlanner: Starting Semantic Analysis
2024-04-24T05:14:37,320  INFO [main] parse.CalcitePlanner: Completed phase 1 of Semantic Analysis
2024-04-24T05:14:37,320  INFO [main] parse.CalcitePlanner: Get metadata for source tables
2024-04-24T05:14:37,320  INFO [main] HiveMetaStore.audit: ugi=alex	ip=unknown-ip-addr	cmd=get_table : tbl=hive.default.acidtbl	
2024-04-24T05:14:37,327  INFO [main] metastore.HMSHandler: Skipping translation for processor with null
2024-04-24T05:14:37,327  INFO [main] parse.CalcitePlanner: Get metadata for subqueries
2024-04-24T05:14:37,327  INFO [main] parse.CalcitePlanner: Get metadata for destination tables
2024-04-24T05:14:37,327  INFO [main] parse.CalcitePlanner: Completed getting MetaData in Semantic Analysis
2024-04-24T05:14:37,338  INFO [main] HiveMetaStore.audit: ugi=alex	ip=unknown-ip-addr	cmd=get_all_table_constraints : tbl=hive.default.acidtbl	
2024-04-24T05:14:37,346  INFO [main] calcite.RelOptHiveTable: Calculating column statistics for default.acidtbl, projIndxSet: [0, 1], allowMissingStats: true
2024-04-24T05:14:37,346  INFO [main] HiveMetaStore.audit: ugi=alex	ip=unknown-ip-addr	cmd=get_table : tbl=hive.default.acidtbl	
2024-04-24T05:14:37,355  INFO [main] metastore.HMSHandler: Skipping translation for processor with null
2024-04-24T05:14:37,355  INFO [main] HiveMetaStore.audit: ugi=alex	ip=unknown-ip-addr	cmd=get_table : tbl=hive.default.acidtbl	
2024-04-24T05:14:37,364  INFO [main] metastore.HMSHandler: Skipping translation for processor with null
2024-04-24T05:14:37,364  INFO [main] HiveMetaStore.audit: ugi=alex	ip=unknown-ip-addr	cmd=get_table_statistics_req: table=hive.default.acidtbl	
2024-04-24T05:14:37,375  WARN [main] calcite.RelOptHiveTable: No Stats for default@acidtbl, Columns: a, b
No Stats for default@acidtbl, Columns: a, b
2024-04-24T05:14:37,375  INFO [main] SessionState: No Stats for default@acidtbl, Columns: a, b
2024-04-24T05:14:37,419  INFO [main] parse.CalcitePlanner: Get metadata for source tables
2024-04-24T05:14:37,419  INFO [main] parse.CalcitePlanner: Get metadata for subqueries
2024-04-24T05:14:37,419  INFO [main] parse.CalcitePlanner: Get metadata for destination tables
2024-04-24T05:14:37,420  INFO [main] common.FileUtils: Creating directory if it doesn't exist: file:/home/alex/Repositories/hive/ql/target/tmp/localscratchdir/e080d8d7-65d9-4d23-bca6-93f469f18d04/hive_2024-04-24_05-14-37_305_6604066494391894453-1/-mr-10001/.hive-staging_hive_2024-04-24_05-14-37_305_6604066494391894453-1
2024-04-24T05:14:37,427  INFO [main] parse.CalcitePlanner: CBO Succeeded; optimized logical plan.
2024-04-24T05:14:37,429  INFO [main] optimizer.ColumnPrunerProcFactory: RS 2 oldColExprMap: {KEY.reducesinkkey1=Column[_col1], KEY.reducesinkkey0=Column[_col0]}
2024-04-24T05:14:37,429  INFO [main] optimizer.ColumnPrunerProcFactory: RS 2 newColExprMap: {KEY.reducesinkkey0=Column[_col0], KEY.reducesinkkey1=Column[_col1]}
2024-04-24T05:14:37,430  INFO [main] optimizer.SortedDynPartitionOptimizer: Sorted dynamic partitioning optimization kicked in..
2024-04-24T05:14:37,438  INFO [main] physical.Vectorizer: Examining input format to see if vectorization is enabled.
2024-04-24T05:14:37,439  INFO [main] physical.Vectorizer: Vectorization is enabled for input format(s) [org.apache.hadoop.hive.ql.io.orc.OrcInputFormat]
2024-04-24T05:14:37,439  INFO [main] physical.Vectorizer: Validating and vectorizing MapWork... (vectorizedVertexNum 0)
2024-04-24T05:14:37,439  INFO [main] physical.Vectorizer: Map vectorization enabled: true
2024-04-24T05:14:37,440  INFO [main] physical.Vectorizer: Map vectorized: true
2024-04-24T05:14:37,440  INFO [main] physical.Vectorizer: Map vectorizedVertexNum: 0
2024-04-24T05:14:37,440  INFO [main] physical.Vectorizer: Map enabledConditionsMet: [hive.vectorized.use.vectorized.input.format IS true]
2024-04-24T05:14:37,440  INFO [main] physical.Vectorizer: Map inputFileFormatClassNameSet: [org.apache.hadoop.hive.ql.io.orc.OrcInputFormat]
2024-04-24T05:14:37,440  INFO [main] physical.Vectorizer: Reduce vectorization enabled: false
2024-04-24T05:14:37,440  INFO [main] physical.Vectorizer: Reduce vectorized: false
2024-04-24T05:14:37,440  INFO [main] physical.Vectorizer: Reduce vectorizedVertexNum: 1
2024-04-24T05:14:37,440  INFO [main] physical.Vectorizer: Reducer hive.vectorized.execution.reduce.enabled: true
2024-04-24T05:14:37,440  INFO [main] physical.Vectorizer: Reducer engine: mr
2024-04-24T05:14:37,440  INFO [main] parse.CalcitePlanner: Completed plan generation
2024-04-24T05:14:37,440  INFO [main] parse.CalcitePlanner: Ending caching scope for: 
2024-04-24T05:14:37,440  INFO [main] ql.Driver: Semantic Analysis Completed (retrial = false)
2024-04-24T05:14:37,440  INFO [main] ql.Driver: Created Hive schema: Schema(fieldSchemas:[FieldSchema(name:a, type:int, comment:null), FieldSchema(name:b, type:int, comment:null)], properties:null)
2024-04-24T05:14:37,441  INFO [main] exec.ListSinkOperator: Initializing Operator: LIST_SINK[7]
2024-04-24T05:14:37,441  INFO [main] metadata.Hive: Dumping metastore api call timing information for : compilation phase
2024-04-24T05:14:37,441  INFO [main] metadata.Hive: Total time spent in each metastore function (ms): {isCompatibleWith_(Configuration)=0, getValidTxns_(long)=2, commitTxn_(CommitTxnRequest)=11, flushCache_()=0, getValidWriteIds_(List, String)=3, getAllTableConstraints_(AllTableConstraintsRequest)=5, getTableColumnStatistics_(String, String, List, String)=28, getTable_(GetTableRequest)=7, openTxn_(String, TxnType)=8}
2024-04-24T05:14:37,441  INFO [main] ql.Driver: Completed compiling command(queryId=alex_20240424051437_9306f143-a35c-49ef-a4a7-2d502fe437f2); Time taken: 0.136 seconds
2024-04-24T05:14:37,441  INFO [main] lockmgr.DbTxnManager: Setting lock request transaction to txnid:14 for queryId=alex_20240424051437_9306f143-a35c-49ef-a4a7-2d502fe437f2
2024-04-24T05:14:37,442  INFO [main] lockmgr.DbLockManager: Requesting lock for queryId=alex_20240424051437_9306f143-a35c-49ef-a4a7-2d502fe437f2
2024-04-24T05:14:37,456  INFO [main] lockmgr.DbLockManager: Response to queryId=alex_20240424051437_9306f143-a35c-49ef-a4a7-2d502fe437f2 LockResponse(lockid:8, state:ACQUIRED)
2024-04-24T05:14:37,456  INFO [main] ql.Driver: Operation QUERY obtained 1 locks
2024-04-24T05:14:37,457  INFO [main] ql.Driver: Executing command(queryId=alex_20240424051437_9306f143-a35c-49ef-a4a7-2d502fe437f2): select a,b from acidTbl order by a,b
2024-04-24T05:14:37,457  WARN [main] ql.Driver: Hive-on-MR is deprecated in Hive 2 and may not be available in the future versions. Consider using a different execution engine (i.e. tez, spark) or using Hive 1.X releases.
Query ID = alex_20240424051437_9306f143-a35c-49ef-a4a7-2d502fe437f2
2024-04-24T05:14:37,457  INFO [main] ql.Driver: Query ID = alex_20240424051437_9306f143-a35c-49ef-a4a7-2d502fe437f2
Total jobs = 1
2024-04-24T05:14:37,457  INFO [main] ql.Driver: Total jobs = 1
Launching Job 1 out of 1
2024-04-24T05:14:37,457  INFO [main] ql.Driver: Launching Job 1 out of 1
2024-04-24T05:14:37,598  INFO [main] ql.Driver: Starting task [Stage-1:MAPRED] in serial mode
Number of reduce tasks determined at compile time: 1
2024-04-24T05:14:37,598  INFO [main] exec.Task: Number of reduce tasks determined at compile time: 1
In order to change the average load for a reducer (in bytes):
2024-04-24T05:14:37,598  INFO [main] exec.Task: In order to change the average load for a reducer (in bytes):
  set hive.exec.reducers.bytes.per.reducer=<number>
2024-04-24T05:14:37,598  INFO [main] exec.Task:   set hive.exec.reducers.bytes.per.reducer=<number>
In order to limit the maximum number of reducers:
2024-04-24T05:14:37,598  INFO [main] exec.Task: In order to limit the maximum number of reducers:
  set hive.exec.reducers.max=<number>
2024-04-24T05:14:37,598  INFO [main] exec.Task:   set hive.exec.reducers.max=<number>
In order to set a constant number of reducers:
2024-04-24T05:14:37,598  INFO [main] exec.Task: In order to set a constant number of reducers:
  set mapreduce.job.reduces=<number>
2024-04-24T05:14:37,598  INFO [main] exec.Task:   set mapreduce.job.reduces=<number>
2024-04-24T05:14:37,600  INFO [main] mr.ExecDriver: Using org.apache.hadoop.hive.ql.io.HiveInputFormat
2024-04-24T05:14:37,601  INFO [main] exec.Utilities: Processing alias acidtbl
2024-04-24T05:14:37,601  INFO [main] exec.Utilities: Adding 1 inputs; the first input is file:/home/alex/Repositories/hive/ql/target/tmp/org.apache.hadoop.hive.ql.TestTxnCommands-1713960750541/warehouse/acidtbl
2024-04-24T05:14:37,609  INFO [main] exec.SerializationUtilities: Serializing MapWork using kryo
2024-04-24T05:14:37,610  INFO [main] exec.Utilities: Serialized plan (via FILE) - name: null size: 6,04KB
2024-04-24T05:14:37,615  INFO [main] exec.SerializationUtilities: Serializing ReduceWork using kryo
2024-04-24T05:14:37,616  INFO [main] exec.Utilities: Serialized plan (via FILE) - name: null size: 7,01KB
2024-04-24T05:14:37,617  WARN [main] impl.MetricsSystemImpl: JobTracker metrics system already initialized!
2024-04-24T05:14:37,622  WARN [main] impl.MetricsSystemImpl: JobTracker metrics system already initialized!
2024-04-24T05:14:37,630  WARN [main] mapreduce.JobResourceUploader: Hadoop command-line option parsing not performed. Implement the Tool interface and execute your application with ToolRunner to remedy this.
2024-04-24T05:14:37,634  WARN [main] mapreduce.JobResourceUploader: No job jar file set.  User classes may not be found. See Job or Job#setJar(String).
2024-04-24T05:14:37,635  INFO [main] io.HiveInputFormat: hive.io.file.readcolumn.ids = 0,1
2024-04-24T05:14:37,635  INFO [main] io.HiveInputFormat: hive.io.file.readcolumn.names = a,b
2024-04-24T05:14:37,635  INFO [main] io.HiveInputFormat: Generating splits for dirs: file:/home/alex/Repositories/hive/ql/target/tmp/org.apache.hadoop.hive.ql.TestTxnCommands-1713960750541/warehouse/acidtbl
2024-04-24T05:14:37,635  INFO [main] orc.OrcInputFormat: getSplits started
2024-04-24T05:14:37,635  INFO [main] orc.OrcInputFormat: Context:: isAcid: true isVectorMode: true sarg: null minSplitSize: 1 maxSplitSize: 256000000 splitStrategy: HYBRID footerInSplits: false numBuckets: 2 numThreads: 10 cacheMemSize: 268435456 cacheStripeDetails: true useSoftReference: false writeIdList: default.acidtbl:1:9223372036854775807:: isTransactionalTable: true txnProperties: default 
2024-04-24T05:14:37,635  INFO [main] orc.OrcInputFormat: ORC pushdown predicate: null
2024-04-24T05:14:37,647  INFO [main] orc.OrcInputFormat: FooterCacheHitRatio: 0/2
2024-04-24T05:14:37,647  INFO [main] orc.OrcInputFormat: getSplits finished (#splits: 2). duration: 12 ms
2024-04-24T05:14:37,647  INFO [main] io.HiveInputFormat: number of splits 2
2024-04-24T05:14:37,664  INFO [main] mapreduce.JobSubmitter: number of splits:2
2024-04-24T05:14:37,682  INFO [main] mapreduce.JobSubmitter: Submitting tokens for job: job_local1731809617_0046
2024-04-24T05:14:37,682  INFO [main] mapreduce.JobSubmitter: Executing with tokens: []
2024-04-24T05:14:37,742  INFO [main] mapreduce.Job: The url to track the job: http://localhost:8080/
Job running in-process (local Hadoop)
2024-04-24T05:14:37,742  INFO [main] exec.Task: Job running in-process (local Hadoop)
2024-04-24T05:14:37,743  INFO [Thread-3815] mapred.LocalJobRunner: OutputCommitter set in config org.apache.hadoop.hive.ql.io.HiveFileFormatUtils$NullOutputCommitter
2024-04-24T05:14:37,743  INFO [Thread-3815] mapred.LocalJobRunner: OutputCommitter is org.apache.hadoop.hive.ql.io.HiveFileFormatUtils$NullOutputCommitter
2024-04-24T05:14:37,744  INFO [Thread-3815] mapred.LocalJobRunner: Waiting for map tasks
2024-04-24T05:14:37,744  INFO [LocalJobRunner Map Task Executor #0] mapred.LocalJobRunner: Starting task: attempt_local1731809617_0046_m_000000_0
2024-04-24T05:14:37,745  INFO [LocalJobRunner Map Task Executor #0] mapred.Task:  Using ResourceCalculatorProcessTree : [ ]
2024-04-24T05:14:37,745  INFO [LocalJobRunner Map Task Executor #0] mapred.MapTask: Processing split: org.apache.hadoop.hive.ql.io.orc.OrcInputFormat:OrcSplit [file:/home/alex/Repositories/hive/ql/target/tmp/org.apache.hadoop.hive.ql.TestTxnCommands-1713960750541/warehouse/acidtbl/delta_0000001_0000001_0000/bucket_00001_0, start=0, length=673, isOriginal=false, fileLength=673, hasFooter=false, hasBase=true, deltas=0]
2024-04-24T05:14:37,745  INFO [LocalJobRunner Map Task Executor #0] exec.SerializationUtilities: Deserializing MapWork using kryo
2024-04-24T05:14:37,746  INFO [LocalJobRunner Map Task Executor #0] exec.Utilities: Deserialized plan (via FILE) - name: null size: 6,04KB
2024-04-24T05:14:37,746  INFO [LocalJobRunner Map Task Executor #0] orc.VectorizedOrcAcidRowBatchReader: Read ValidWriteIdList: default.acidtbl:1:9223372036854775807:::OrcSplit [file:/home/alex/Repositories/hive/ql/target/tmp/org.apache.hadoop.hive.ql.TestTxnCommands-1713960750541/warehouse/acidtbl/delta_0000001_0000001_0000/bucket_00001_0, start=0, length=673, isOriginal=false, fileLength=673, hasFooter=false, hasBase=true, deltas=0]
2024-04-24T05:14:37,747  INFO [LocalJobRunner Map Task Executor #0] orc.ReaderImpl: Reading ORC rows from file:/home/alex/Repositories/hive/ql/target/tmp/org.apache.hadoop.hive.ql.TestTxnCommands-1713960750541/warehouse/acidtbl/delta_0000001_0000001_0000/bucket_00001_0 with {include: [true, true, true], offset: 0, length: 673, schema: struct<a:int,b:int>, includeAcidColumns: false}
2024-04-24T05:14:37,748  INFO [LocalJobRunner Map Task Executor #0] mapred.MapTask: numReduceTasks: 1
2024-04-24T05:14:37,752  INFO [LocalJobRunner Map Task Executor #0] mapred.MapTask: (EQUATOR) 0 kvi 26214396(104857584)
2024-04-24T05:14:37,752  INFO [LocalJobRunner Map Task Executor #0] mapred.MapTask: mapreduce.task.io.sort.mb: 100
2024-04-24T05:14:37,752  INFO [LocalJobRunner Map Task Executor #0] mapred.MapTask: soft limit at 83886080
2024-04-24T05:14:37,752  INFO [LocalJobRunner Map Task Executor #0] mapred.MapTask: bufstart = 0; bufvoid = 104857600
2024-04-24T05:14:37,752  INFO [LocalJobRunner Map Task Executor #0] mapred.MapTask: kvstart = 26214396; length = 6553600
2024-04-24T05:14:37,752  INFO [LocalJobRunner Map Task Executor #0] mapred.MapTask: Map output collector class = org.apache.hadoop.mapred.MapTask$MapOutputBuffer
2024-04-24T05:14:37,753  INFO [LocalJobRunner Map Task Executor #0] vector.VectorMapOperator: Initializing Operator: MAP[0]
2024-04-24T05:14:37,753  INFO [LocalJobRunner Map Task Executor #0] mr.ExecMapper: 
<MAP>Id =0
  <Children>null
  <\Children>
  <Parent><\Parent>
<\MAP>
2024-04-24T05:14:37,753  INFO [LocalJobRunner Map Task Executor #0] exec.TableScanOperator: Initializing Operator: TS[0]
2024-04-24T05:14:37,753  INFO [LocalJobRunner Map Task Executor #0] vector.VectorSelectOperator: Initializing Operator: SEL[5]
2024-04-24T05:14:37,754  INFO [LocalJobRunner Map Task Executor #0] vector.VectorReduceSinkOperator: Initializing Operator: RS[6]
2024-04-24T05:14:37,754  INFO [LocalJobRunner Map Task Executor #0] vector.VectorReduceSinkOperator: Using tag = -1
2024-04-24T05:14:37,754  INFO [LocalJobRunner Map Task Executor #0] vector.VectorReduceSinkOperator: keys are [reducesinkkey0, reducesinkkey1] num distributions: 2
2024-04-24T05:14:37,754  INFO [LocalJobRunner Map Task Executor #0] vector.VectorReduceSinkOperator: RS[6]: records written - 1
2024-04-24T05:14:37,754  INFO [LocalJobRunner Map Task Executor #0] vector.VectorMapOperator: Closing Operator: MAP[0]
2024-04-24T05:14:37,754  INFO [LocalJobRunner Map Task Executor #0] vector.VectorMapOperator: RECORDS_OUT_INTERMEDIATE:0, DESERIALIZE_ERRORS:0, RECORDS_IN:1, RECORDS_OUT_OPERATOR_MAP_0:0, 
2024-04-24T05:14:37,754  INFO [LocalJobRunner Map Task Executor #0] exec.TableScanOperator: Closing Operator: TS[0]
2024-04-24T05:14:37,754  INFO [LocalJobRunner Map Task Executor #0] exec.TableScanOperator: RECORDS_OUT_OPERATOR_TS_0:1, RECORDS_OUT_INTERMEDIATE:0, 
2024-04-24T05:14:37,754  INFO [LocalJobRunner Map Task Executor #0] vector.VectorSelectOperator: Closing Operator: SEL[5]
2024-04-24T05:14:37,754  INFO [LocalJobRunner Map Task Executor #0] vector.VectorSelectOperator: RECORDS_OUT_OPERATOR_SEL_5:1, RECORDS_OUT_INTERMEDIATE:0, 
2024-04-24T05:14:37,754  INFO [LocalJobRunner Map Task Executor #0] vector.VectorReduceSinkOperator: Closing Operator: RS[6]
2024-04-24T05:14:37,754  INFO [LocalJobRunner Map Task Executor #0] vector.VectorReduceSinkOperator: RS[6]: Total records written - 1. abort - false
2024-04-24T05:14:37,754  INFO [LocalJobRunner Map Task Executor #0] vector.VectorReduceSinkOperator: RECORDS_OUT_INTERMEDIATE:1, RECORDS_OUT_OPERATOR_RS_6:1, 
2024-04-24T05:14:37,755  INFO [LocalJobRunner Map Task Executor #0] mapred.LocalJobRunner: 
2024-04-24T05:14:37,755  INFO [LocalJobRunner Map Task Executor #0] mapred.MapTask: Starting flush of map output
2024-04-24T05:14:37,755  INFO [LocalJobRunner Map Task Executor #0] mapred.MapTask: Spilling map output
2024-04-24T05:14:37,755  INFO [LocalJobRunner Map Task Executor #0] mapred.MapTask: bufstart = 0; bufend = 19; bufvoid = 104857600
2024-04-24T05:14:37,755  INFO [LocalJobRunner Map Task Executor #0] mapred.MapTask: kvstart = 26214396(104857584); kvend = 26214396(104857584); length = 1/6553600
2024-04-24T05:14:37,766  INFO [LocalJobRunner Map Task Executor #0] mapred.MapTask: Finished spill 0
2024-04-24T05:14:37,769  INFO [LocalJobRunner Map Task Executor #0] mapred.Task: Task:attempt_local1731809617_0046_m_000000_0 is done. And is in the process of committing
2024-04-24T05:14:37,769  INFO [LocalJobRunner Map Task Executor #0] mapred.LocalJobRunner: OrcSplit [file:/home/alex/Repositories/hive/ql/target/tmp/org.apache.hadoop.hive.ql.TestTxnCommands-1713960750541/warehouse/acidtbl/delta_0000001_0000001_0000/bucket_00001_0, start=0, length=673, isOriginal=false, fileLength=673, hasFooter=false, hasBase=true, deltas=0]
2024-04-24T05:14:37,769  INFO [LocalJobRunner Map Task Executor #0] mapred.Task: Task 'attempt_local1731809617_0046_m_000000_0' done.
2024-04-24T05:14:37,769  INFO [LocalJobRunner Map Task Executor #0] mapred.Task: Final Counters for attempt_local1731809617_0046_m_000000_0: Counters: 24
	File System Counters
		FILE: Number of bytes read=1062676
		FILE: Number of bytes written=57678874
		FILE: Number of read operations=0
		FILE: Number of large read operations=0
		FILE: Number of write operations=0
	Map-Reduce Framework
		Map input records=1
		Map output records=1
		Map output bytes=19
		Map output materialized bytes=27
		Input split bytes=495
		Combine input records=0
		Spilled Records=1
		Failed Shuffles=0
		Merged Map outputs=0
		GC time elapsed (ms)=0
		Total committed heap usage (bytes)=1240465408
	HIVE
		DESERIALIZE_ERRORS=0
		RECORDS_IN=1
		RECORDS_OUT_INTERMEDIATE=1
		RECORDS_OUT_OPERATOR_MAP_0=0
		RECORDS_OUT_OPERATOR_RS_6=1
		RECORDS_OUT_OPERATOR_SEL_5=1
		RECORDS_OUT_OPERATOR_TS_0=1
	File Input Format Counters 
		Bytes Read=8869
2024-04-24T05:14:37,769  INFO [LocalJobRunner Map Task Executor #0] mapred.LocalJobRunner: Finishing task: attempt_local1731809617_0046_m_000000_0
2024-04-24T05:14:37,769  INFO [LocalJobRunner Map Task Executor #0] mapred.LocalJobRunner: Starting task: attempt_local1731809617_0046_m_000001_0
2024-04-24T05:14:37,770  INFO [LocalJobRunner Map Task Executor #0] mapred.Task:  Using ResourceCalculatorProcessTree : [ ]
2024-04-24T05:14:37,770  INFO [LocalJobRunner Map Task Executor #0] mapred.MapTask: Processing split: org.apache.hadoop.hive.ql.io.orc.OrcInputFormat:OrcSplit [file:/home/alex/Repositories/hive/ql/target/tmp/org.apache.hadoop.hive.ql.TestTxnCommands-1713960750541/warehouse/acidtbl/delta_0000001_0000001_0000/bucket_00000_0, start=0, length=671, isOriginal=false, fileLength=671, hasFooter=false, hasBase=true, deltas=0]
2024-04-24T05:14:37,771  INFO [LocalJobRunner Map Task Executor #0] exec.SerializationUtilities: Deserializing MapWork using kryo
2024-04-24T05:14:37,771  INFO [LocalJobRunner Map Task Executor #0] exec.Utilities: Deserialized plan (via FILE) - name: null size: 6,04KB
2024-04-24T05:14:37,771  INFO [LocalJobRunner Map Task Executor #0] orc.VectorizedOrcAcidRowBatchReader: Read ValidWriteIdList: default.acidtbl:1:9223372036854775807:::OrcSplit [file:/home/alex/Repositories/hive/ql/target/tmp/org.apache.hadoop.hive.ql.TestTxnCommands-1713960750541/warehouse/acidtbl/delta_0000001_0000001_0000/bucket_00000_0, start=0, length=671, isOriginal=false, fileLength=671, hasFooter=false, hasBase=true, deltas=0]
2024-04-24T05:14:37,772  INFO [LocalJobRunner Map Task Executor #0] orc.ReaderImpl: Reading ORC rows from file:/home/alex/Repositories/hive/ql/target/tmp/org.apache.hadoop.hive.ql.TestTxnCommands-1713960750541/warehouse/acidtbl/delta_0000001_0000001_0000/bucket_00000_0 with {include: [true, true, true], offset: 0, length: 671, schema: struct<a:int,b:int>, includeAcidColumns: false}
2024-04-24T05:14:37,773  INFO [LocalJobRunner Map Task Executor #0] mapred.MapTask: numReduceTasks: 1
2024-04-24T05:14:37,777  INFO [LocalJobRunner Map Task Executor #0] mapred.MapTask: (EQUATOR) 0 kvi 26214396(104857584)
2024-04-24T05:14:37,777  INFO [LocalJobRunner Map Task Executor #0] mapred.MapTask: mapreduce.task.io.sort.mb: 100
2024-04-24T05:14:37,777  INFO [LocalJobRunner Map Task Executor #0] mapred.MapTask: soft limit at 83886080
2024-04-24T05:14:37,777  INFO [LocalJobRunner Map Task Executor #0] mapred.MapTask: bufstart = 0; bufvoid = 104857600
2024-04-24T05:14:37,777  INFO [LocalJobRunner Map Task Executor #0] mapred.MapTask: kvstart = 26214396; length = 6553600
2024-04-24T05:14:37,777  INFO [LocalJobRunner Map Task Executor #0] mapred.MapTask: Map output collector class = org.apache.hadoop.mapred.MapTask$MapOutputBuffer
2024-04-24T05:14:37,778  INFO [LocalJobRunner Map Task Executor #0] vector.VectorMapOperator: Initializing Operator: MAP[0]
2024-04-24T05:14:37,778  INFO [LocalJobRunner Map Task Executor #0] mr.ExecMapper: 
<MAP>Id =0
  <Children>null
  <\Children>
  <Parent><\Parent>
<\MAP>
2024-04-24T05:14:37,778  INFO [LocalJobRunner Map Task Executor #0] exec.TableScanOperator: Initializing Operator: TS[0]
2024-04-24T05:14:37,778  INFO [LocalJobRunner Map Task Executor #0] vector.VectorSelectOperator: Initializing Operator: SEL[5]
2024-04-24T05:14:37,779  INFO [LocalJobRunner Map Task Executor #0] vector.VectorReduceSinkOperator: Initializing Operator: RS[6]
2024-04-24T05:14:37,779  INFO [LocalJobRunner Map Task Executor #0] vector.VectorReduceSinkOperator: Using tag = -1
2024-04-24T05:14:37,779  INFO [LocalJobRunner Map Task Executor #0] vector.VectorReduceSinkOperator: keys are [reducesinkkey0, reducesinkkey1] num distributions: 2
2024-04-24T05:14:37,779  INFO [LocalJobRunner Map Task Executor #0] vector.VectorReduceSinkOperator: RS[6]: records written - 1
2024-04-24T05:14:37,779  INFO [LocalJobRunner Map Task Executor #0] vector.VectorMapOperator: Closing Operator: MAP[0]
2024-04-24T05:14:37,779  INFO [LocalJobRunner Map Task Executor #0] vector.VectorMapOperator: RECORDS_OUT_OPERATOR_MAP_0:0, RECORDS_IN:1, DESERIALIZE_ERRORS:0, RECORDS_OUT_INTERMEDIATE:0, 
2024-04-24T05:14:37,779  INFO [LocalJobRunner Map Task Executor #0] exec.TableScanOperator: Closing Operator: TS[0]
2024-04-24T05:14:37,779  INFO [LocalJobRunner Map Task Executor #0] exec.TableScanOperator: RECORDS_OUT_OPERATOR_TS_0:1, RECORDS_OUT_INTERMEDIATE:0, 
2024-04-24T05:14:37,779  INFO [LocalJobRunner Map Task Executor #0] vector.VectorSelectOperator: Closing Operator: SEL[5]
2024-04-24T05:14:37,779  INFO [LocalJobRunner Map Task Executor #0] vector.VectorSelectOperator: RECORDS_OUT_INTERMEDIATE:0, RECORDS_OUT_OPERATOR_SEL_5:1, 
2024-04-24T05:14:37,779  INFO [LocalJobRunner Map Task Executor #0] vector.VectorReduceSinkOperator: Closing Operator: RS[6]
2024-04-24T05:14:37,779  INFO [LocalJobRunner Map Task Executor #0] vector.VectorReduceSinkOperator: RS[6]: Total records written - 1. abort - false
2024-04-24T05:14:37,779  INFO [LocalJobRunner Map Task Executor #0] vector.VectorReduceSinkOperator: RECORDS_OUT_INTERMEDIATE:1, RECORDS_OUT_OPERATOR_RS_6:1, 
2024-04-24T05:14:37,780  INFO [LocalJobRunner Map Task Executor #0] mapred.LocalJobRunner: 
2024-04-24T05:14:37,780  INFO [LocalJobRunner Map Task Executor #0] mapred.MapTask: Starting flush of map output
2024-04-24T05:14:37,780  INFO [LocalJobRunner Map Task Executor #0] mapred.MapTask: Spilling map output
2024-04-24T05:14:37,780  INFO [LocalJobRunner Map Task Executor #0] mapred.MapTask: bufstart = 0; bufend = 19; bufvoid = 104857600
2024-04-24T05:14:37,780  INFO [LocalJobRunner Map Task Executor #0] mapred.MapTask: kvstart = 26214396(104857584); kvend = 26214396(104857584); length = 1/6553600
2024-04-24T05:14:37,788  INFO [LocalJobRunner Map Task Executor #0] mapred.MapTask: Finished spill 0
2024-04-24T05:14:37,791  INFO [LocalJobRunner Map Task Executor #0] mapred.Task: Task:attempt_local1731809617_0046_m_000001_0 is done. And is in the process of committing
2024-04-24T05:14:37,791  INFO [LocalJobRunner Map Task Executor #0] mapred.LocalJobRunner: OrcSplit [file:/home/alex/Repositories/hive/ql/target/tmp/org.apache.hadoop.hive.ql.TestTxnCommands-1713960750541/warehouse/acidtbl/delta_0000001_0000001_0000/bucket_00000_0, start=0, length=671, isOriginal=false, fileLength=671, hasFooter=false, hasBase=true, deltas=0]
2024-04-24T05:14:37,791  INFO [LocalJobRunner Map Task Executor #0] mapred.Task: Task 'attempt_local1731809617_0046_m_000001_0' done.
2024-04-24T05:14:37,791  INFO [LocalJobRunner Map Task Executor #0] mapred.Task: Final Counters for attempt_local1731809617_0046_m_000001_0: Counters: 24
	File System Counters
		FILE: Number of bytes read=1072550
		FILE: Number of bytes written=57678933
		FILE: Number of read operations=0
		FILE: Number of large read operations=0
		FILE: Number of write operations=0
	Map-Reduce Framework
		Map input records=1
		Map output records=1
		Map output bytes=19
		Map output materialized bytes=27
		Input split bytes=495
		Combine input records=0
		Spilled Records=1
		Failed Shuffles=0
		Merged Map outputs=0
		GC time elapsed (ms)=0
		Total committed heap usage (bytes)=1240465408
	HIVE
		DESERIALIZE_ERRORS=0
		RECORDS_IN=1
		RECORDS_OUT_INTERMEDIATE=1
		RECORDS_OUT_OPERATOR_MAP_0=0
		RECORDS_OUT_OPERATOR_RS_6=1
		RECORDS_OUT_OPERATOR_SEL_5=1
		RECORDS_OUT_OPERATOR_TS_0=1
	File Input Format Counters 
		Bytes Read=8861
2024-04-24T05:14:37,791  INFO [LocalJobRunner Map Task Executor #0] mapred.LocalJobRunner: Finishing task: attempt_local1731809617_0046_m_000001_0
2024-04-24T05:14:37,792  INFO [Thread-3815] mapred.LocalJobRunner: map task executor complete.
2024-04-24T05:14:37,792  INFO [Thread-3815] mapred.LocalJobRunner: Waiting for reduce tasks
2024-04-24T05:14:37,792  INFO [pool-222-thread-1] mapred.LocalJobRunner: Starting task: attempt_local1731809617_0046_r_000000_0
2024-04-24T05:14:37,793  INFO [pool-222-thread-1] mapred.Task:  Using ResourceCalculatorProcessTree : [ ]
2024-04-24T05:14:37,793  INFO [pool-222-thread-1] mapred.ReduceTask: Using ShuffleConsumerPlugin: org.apache.hadoop.mapreduce.task.reduce.Shuffle@6154f43a
2024-04-24T05:14:37,793  WARN [pool-222-thread-1] impl.MetricsSystemImpl: JobTracker metrics system already initialized!
2024-04-24T05:14:37,794  INFO [pool-222-thread-1] reduce.MergeManagerImpl: MergerManager: memoryLimit=1336252800, maxSingleShuffleLimit=334063200, mergeThreshold=881926912, ioSortFactor=10, memToMemMergeOutputsThreshold=10
2024-04-24T05:14:37,794  INFO [EventFetcher for fetching Map Completion Events] reduce.EventFetcher: attempt_local1731809617_0046_r_000000_0 Thread started: EventFetcher for fetching Map Completion Events
2024-04-24T05:14:37,798  INFO [localfetcher#65] reduce.LocalFetcher: localfetcher#65 about to shuffle output of map attempt_local1731809617_0046_m_000000_0 decomp: 23 len: 27 to MEMORY
2024-04-24T05:14:37,799  INFO [localfetcher#65] reduce.InMemoryMapOutput: Read 23 bytes from map-output for attempt_local1731809617_0046_m_000000_0
2024-04-24T05:14:37,799  INFO [localfetcher#65] reduce.MergeManagerImpl: closeInMemoryFile -> map-output of size: 23, inMemoryMapOutputs.size() -> 1, commitMemory -> 0, usedMemory ->23
2024-04-24T05:14:37,803  INFO [localfetcher#65] reduce.LocalFetcher: localfetcher#65 about to shuffle output of map attempt_local1731809617_0046_m_000001_0 decomp: 23 len: 27 to MEMORY
2024-04-24T05:14:37,803  INFO [localfetcher#65] reduce.InMemoryMapOutput: Read 23 bytes from map-output for attempt_local1731809617_0046_m_000001_0
2024-04-24T05:14:37,803  INFO [localfetcher#65] reduce.MergeManagerImpl: closeInMemoryFile -> map-output of size: 23, inMemoryMapOutputs.size() -> 2, commitMemory -> 23, usedMemory ->46
2024-04-24T05:14:37,804  INFO [EventFetcher for fetching Map Completion Events] reduce.EventFetcher: EventFetcher is interrupted.. Returning
2024-04-24T05:14:37,805  INFO [pool-222-thread-1] mapred.LocalJobRunner: 2 / 2 copied.
2024-04-24T05:14:37,805  INFO [pool-222-thread-1] reduce.MergeManagerImpl: finalMerge called with 2 in-memory map-outputs and 0 on-disk map-outputs
2024-04-24T05:14:37,819  INFO [pool-222-thread-1] mapred.Merger: Merging 2 sorted segments
2024-04-24T05:14:37,819  INFO [pool-222-thread-1] mapred.Merger: Down to the last merge-pass, with 2 segments left of total size: 12 bytes
2024-04-24T05:14:37,825  INFO [pool-222-thread-1] reduce.MergeManagerImpl: Merged 2 segments, 46 bytes to disk to satisfy reduce memory limit
2024-04-24T05:14:37,826  INFO [pool-222-thread-1] reduce.MergeManagerImpl: Merging 1 files, 48 bytes from disk
2024-04-24T05:14:37,826  INFO [pool-222-thread-1] reduce.MergeManagerImpl: Merging 0 segments, 0 bytes from memory into reduce
2024-04-24T05:14:37,826  INFO [pool-222-thread-1] mapred.Merger: Merging 1 sorted segments
2024-04-24T05:14:37,826  INFO [pool-222-thread-1] mapred.Merger: Down to the last merge-pass, with 1 segments left of total size: 27 bytes
2024-04-24T05:14:37,826  INFO [pool-222-thread-1] mapred.LocalJobRunner: 2 / 2 copied.
2024-04-24T05:14:37,828  INFO [pool-222-thread-1] exec.SerializationUtilities: Deserializing ReduceWork using kryo
2024-04-24T05:14:37,829  INFO [pool-222-thread-1] exec.Utilities: Deserialized plan (via FILE) - name: null size: 7,01KB
2024-04-24T05:14:37,832  INFO [pool-222-thread-1] ExecReducer: 
<SEL>Id =3
  <Children>
    <FS>Id =4
      <Children>
      <\Children>
      <Parent>Id = 3 null<\Parent>
    <\FS>
  <\Children>
  <Parent><\Parent>
<\SEL>
2024-04-24T05:14:37,832  INFO [pool-222-thread-1] exec.SelectOperator: Initializing Operator: SEL[3]
2024-04-24T05:14:37,832  INFO [pool-222-thread-1] exec.SelectOperator: SELECT struct<key:struct<reducesinkkey0:int,reducesinkkey1:int>,value:struct<>>
2024-04-24T05:14:37,832  INFO [pool-222-thread-1] exec.FileSinkOperator: Initializing Operator: FS[4]
2024-04-24T05:14:37,834  INFO [pool-222-thread-1] exec.FileSinkOperator: Using serializer : class org.apache.hadoop.hive.serde2.lazy.LazySimpleSerDe [serdeParams=org.apache.hadoop.hive.serde2.lazy.LazySerDeParameters@48de6b1c, cachedObjectInspector=org.apache.hadoop.hive.serde2.lazy.objectinspector.LazySimpleStructObjectInspector<org.apache.hadoop.hive.serde2.lazy.objectinspector.primitive.LazyIntObjectInspector@20e4e27f,org.apache.hadoop.hive.serde2.lazy.objectinspector.primitive.LazyIntObjectInspector@20e4e27f>, serializedSize=0, stats=org.apache.hadoop.hive.serde2.SerDeStats@4c76ca9, lastOperationSerialize=false, lastOperationDeserialize=false [1, 2, 3, 4, 5, 6, 7, 8, 11, 14, 15, 16, 17, 18, 19, 20, 21, 22, 23, 24, 25, 26, 28, 29, 30, 31, -128, -127, -126, -125, -124, -123, -122, -121, -120, -119, -118, -117, -116, -115, -114, -113, -112, -111, -110, -109, -108, -107, -106, -105, -104, -103, -102, -101, -100, -99, -98, -97, -96, -95, -94, -93, -92, -91, -90, -89, -88, -87, -86, -85, -84, -83, -82, -81, -80, -79, -78, -77, -76, -75, -74, -73, -72, -71, -70, -69, -68, -67, -66, -65, -64, -63, -62, -61, -60, -59, -58, -57, -56, -55, -54, -53, -52, -51, -50, -49, -48, -47, -46, -45, -44, -43, -42, -41, -40, -39, -38, -37, -36, -35, -34, -33, -32, -31, -30, -29, -28, -27, -26, -25, -24, -23, -22, -21, -20, -19, -18, -17, -16, -15, -14, -13, -12, -11, -10, -9, -8, -7, -6, -5, -4, -3, -2, -1] : [_col0, _col1] : [int, int]] and formatter : org.apache.hadoop.hive.ql.io.HiveSequenceFileOutputFormat@b979209
2024-04-24T05:14:37,835  INFO [pool-222-thread-1] exec.FileSinkOperator: Final Path: FS file:/home/alex/Repositories/hive/ql/target/tmp/localscratchdir/e080d8d7-65d9-4d23-bca6-93f469f18d04/hive_2024-04-24_05-14-37_305_6604066494391894453-1/-mr-10001/.hive-staging_hive_2024-04-24_05-14-37_305_6604066494391894453-1/_tmp.-ext-10002/000000_0
2024-04-24T05:14:37,835  INFO [pool-222-thread-1] exec.FileSinkOperator: Writing to temp file: FS file:/home/alex/Repositories/hive/ql/target/tmp/localscratchdir/e080d8d7-65d9-4d23-bca6-93f469f18d04/hive_2024-04-24_05-14-37_305_6604066494391894453-1/-mr-10001/.hive-staging_hive_2024-04-24_05-14-37_305_6604066494391894453-1/_task_tmp.-ext-10002/_tmp.000000_0
2024-04-24T05:14:37,835  INFO [pool-222-thread-1] exec.FileSinkOperator: New Final Path: FS file:/home/alex/Repositories/hive/ql/target/tmp/localscratchdir/e080d8d7-65d9-4d23-bca6-93f469f18d04/hive_2024-04-24_05-14-37_305_6604066494391894453-1/-mr-10001/.hive-staging_hive_2024-04-24_05-14-37_305_6604066494391894453-1/_tmp.-ext-10002/000000_0
2024-04-24T05:14:37,852  INFO [pool-222-thread-1] exec.FileSinkOperator: FS[4]: records written - 1
2024-04-24T05:14:37,853  INFO [pool-222-thread-1] exec.SelectOperator: Closing Operator: SEL[3]
2024-04-24T05:14:37,853  INFO [pool-222-thread-1] exec.SelectOperator: RECORDS_OUT_INTERMEDIATE:0, RECORDS_OUT_OPERATOR_SEL_3:2, 
2024-04-24T05:14:37,853  INFO [pool-222-thread-1] exec.FileSinkOperator: Closing Operator: FS[4]
2024-04-24T05:14:37,853  INFO [pool-222-thread-1] exec.FileSinkOperator: FS[4]: records written - 2
2024-04-24T05:14:37,854  INFO [pool-222-thread-1] exec.FileSinkOperator: RECORDS_OUT_INTERMEDIATE:0, RECORDS_OUT_OPERATOR_FS_4:2, RECORDS_OUT_0:2, 
2024-04-24T05:14:37,855  INFO [pool-222-thread-1] mapred.Task: Task:attempt_local1731809617_0046_r_000000_0 is done. And is in the process of committing
2024-04-24T05:14:37,856  INFO [pool-222-thread-1] mapred.LocalJobRunner: reduce > reduce
2024-04-24T05:14:37,856  INFO [pool-222-thread-1] mapred.Task: Task 'attempt_local1731809617_0046_r_000000_0' done.
2024-04-24T05:14:37,856  INFO [pool-222-thread-1] mapred.Task: Final Counters for attempt_local1731809617_0046_r_000000_0: Counters: 29
	File System Counters
		FILE: Number of bytes read=1079794
		FILE: Number of bytes written=57679112
		FILE: Number of read operations=0
		FILE: Number of large read operations=0
		FILE: Number of write operations=0
	Map-Reduce Framework
		Combine input records=0
		Combine output records=0
		Reduce input groups=2
		Reduce shuffle bytes=54
		Reduce input records=2
		Reduce output records=0
		Spilled Records=2
		Shuffled Maps =2
		Failed Shuffles=0
		Merged Map outputs=2
		GC time elapsed (ms)=0
		Total committed heap usage (bytes)=1240465408
	HIVE
		CREATED_FILES=1
		RECORDS_OUT_0=2
		RECORDS_OUT_INTERMEDIATE=0
		RECORDS_OUT_OPERATOR_FS_4=2
		RECORDS_OUT_OPERATOR_SEL_3=2
	Shuffle Errors
		BAD_ID=0
		CONNECTION=0
		IO_ERROR=0
		WRONG_LENGTH=0
		WRONG_MAP=0
		WRONG_REDUCE=0
	File Output Format Counters 
		Bytes Written=0
2024-04-24T05:14:37,856  INFO [pool-222-thread-1] mapred.LocalJobRunner: Finishing task: attempt_local1731809617_0046_r_000000_0
2024-04-24T05:14:37,856  INFO [Thread-3815] mapred.LocalJobRunner: reduce task executor complete.
2024-04-24 05:14:38,744 Stage-1 map = 100%,  reduce = 100%
2024-04-24T05:14:38,744  INFO [main] exec.Task: 2024-04-24 05:14:38,744 Stage-1 map = 100%,  reduce = 100%
Ended Job = job_local1731809617_0046
2024-04-24T05:14:38,745  INFO [main] exec.Task: Ended Job = job_local1731809617_0046
2024-04-24T05:14:38,747  INFO [main] metadata.Hive: Dumping metastore api call timing information for : execution phase
2024-04-24T05:14:38,747  INFO [main] metadata.Hive: Total time spent in each metastore function (ms): {}
MapReduce Jobs Launched: 
2024-04-24T05:14:38,747  INFO [main] ql.Driver: MapReduce Jobs Launched: 
Stage-Stage-1:  HDFS Read: 0 HDFS Write: 0 SUCCESS
2024-04-24T05:14:38,747  INFO [main] ql.Driver: Stage-Stage-1:  HDFS Read: 0 HDFS Write: 0 SUCCESS
Total MapReduce CPU Time Spent: 0 msec
2024-04-24T05:14:38,747  INFO [main] ql.Driver: Total MapReduce CPU Time Spent: 0 msec
2024-04-24T05:14:38,747  INFO [main] ql.Driver: Completed executing command(queryId=alex_20240424051437_9306f143-a35c-49ef-a4a7-2d502fe437f2); Time taken: 1.29 seconds
2024-04-24T05:14:38,747  INFO [main] lockmgr.DbTxnManager: Stopped heartbeat for query: alex_20240424051437_9306f143-a35c-49ef-a4a7-2d502fe437f2
2024-04-24T05:14:38,753  INFO [main] txn.TxnHandler: Expected to move at least one record from txn_components to completed_txn_components when committing txn! txnid:14
2024-04-24T05:14:38,760  INFO [main] txn.TxnHandler: Removed transactions: ([14]) from MIN_HISTORY_LEVEL
2024-04-24T05:14:38,760  WARN [main] txn.CompactionTxnHandler: No compaction queue record found for Compaction type transaction commit. txnId:14
2024-04-24T05:14:38,764  INFO [main] mapred.FileInputFormat: Total input files to process : 1
2024-04-24T05:14:38,764  INFO [main] exec.ListSinkOperator: Closing Operator: LIST_SINK[7]
2024-04-24T05:14:38,764  INFO [main] exec.ListSinkOperator: RECORDS_OUT_OPERATOR_LIST_SINK_7:2, RECORDS_OUT_INTERMEDIATE:0, 
2024-04-24T05:14:38,764  INFO [main] ql.TxnCommandsBaseForTests: Running the query: START TRANSACTION
2024-04-24T05:14:38,765  INFO [main] ql.Context: Deleting scratch dir: file:/home/alex/Repositories/hive/ql/target/tmp/localscratchdir/e080d8d7-65d9-4d23-bca6-93f469f18d04/hive_2024-04-24_05-14-37_305_6604066494391894453-1
2024-04-24T05:14:38,765  INFO [main] cleanup.SyncCleanupService: Deleted directory: file:/home/alex/Repositories/hive/ql/target/tmp/localscratchdir/e080d8d7-65d9-4d23-bca6-93f469f18d04/hive_2024-04-24_05-14-37_305_6604066494391894453-1 on fs with scheme file
2024-04-24T05:14:38,766  INFO [main] ql.Driver: Compiling command(queryId=alex_20240424051438_990a6a90-db8a-422d-84fa-0a95b1875f25): START TRANSACTION
2024-04-24T05:14:38,768  INFO [main] txn.TxnHandler: Added entries to MIN_HISTORY_LEVEL for current txns: ([15]) with min_open_txn: 15
2024-04-24T05:14:38,768  INFO [main] lockmgr.DbTxnManager: Opened txnid:15
2024-04-24T05:14:38,769  INFO [main] parse.CalcitePlanner: Starting caching scope for: 
2024-04-24T05:14:38,769  INFO [main] parse.CalcitePlanner: Starting Semantic Analysis
2024-04-24T05:14:38,769  INFO [main] parse.CalcitePlanner: Ending caching scope for: 
2024-04-24T05:14:38,769  INFO [main] ql.Driver: Semantic Analysis Completed (retrial = false)
2024-04-24T05:14:38,769  INFO [main] ql.Driver: Created Hive schema: Schema(fieldSchemas:null, properties:null)
2024-04-24T05:14:38,769  INFO [main] metadata.Hive: Dumping metastore api call timing information for : compilation phase
2024-04-24T05:14:38,769  INFO [main] metadata.Hive: Total time spent in each metastore function (ms): {flushCache_()=0, isCompatibleWith_(Configuration)=0, getValidWriteIds_(List, String)=0, getValidTxns_(long)=0, openTxn_(String, TxnType)=2, commitTxn_(CommitTxnRequest)=12}
2024-04-24T05:14:38,769  INFO [main] ql.Driver: Completed compiling command(queryId=alex_20240424051438_990a6a90-db8a-422d-84fa-0a95b1875f25); Time taken: 0.003 seconds
2024-04-24T05:14:38,770  INFO [main] lockmgr.DbTxnManager: Setting lock request transaction to txnid:15 for queryId=alex_20240424051438_990a6a90-db8a-422d-84fa-0a95b1875f25
2024-04-24T05:14:38,770  INFO [main] ql.Driver: Operation START_TRANSACTION obtained 0 locks
2024-04-24T05:14:38,770  INFO [main] ql.Driver: Executing command(queryId=alex_20240424051438_990a6a90-db8a-422d-84fa-0a95b1875f25): START TRANSACTION
2024-04-24T05:14:38,770  INFO [main] metadata.Hive: Dumping metastore api call timing information for : execution phase
2024-04-24T05:14:38,770  INFO [main] metadata.Hive: Total time spent in each metastore function (ms): {}
2024-04-24T05:14:38,770  INFO [main] ql.Driver: Completed executing command(queryId=alex_20240424051438_990a6a90-db8a-422d-84fa-0a95b1875f25); Time taken: 0.0 seconds
2024-04-24T05:14:38,770  INFO [main] ql.TxnCommandsBaseForTests: Running the query: insert into acidTbl(a,b)  values(5,6),(7,8)
2024-04-24T05:14:38,770  INFO [main] ql.Driver: Compiling command(queryId=alex_20240424051438_3e09ce8b-f710-4f8b-8956-ef8ffcb2b9e7): insert into acidTbl(a,b)  values(5,6),(7,8)
2024-04-24T05:14:38,771  INFO [main] parse.CalcitePlanner: Starting caching scope for: 
2024-04-24T05:14:38,771  INFO [main] parse.CalcitePlanner: Starting Semantic Analysis
2024-04-24T05:14:38,774  INFO [main] HiveMetaStore.audit: ugi=alex	ip=unknown-ip-addr	cmd=get_table : tbl=hive.default.acidTbl	
2024-04-24T05:14:38,781  INFO [main] metastore.HMSHandler: Skipping translation for processor with null
2024-04-24T05:14:38,781  INFO [main] parse.CalcitePlanner: Completed phase 1 of Semantic Analysis
2024-04-24T05:14:38,781  INFO [main] parse.CalcitePlanner: Get metadata for source tables
2024-04-24T05:14:38,781  INFO [main] parse.CalcitePlanner: Get metadata for subqueries
2024-04-24T05:14:38,781  INFO [main] parse.CalcitePlanner: Get metadata for destination tables
2024-04-24T05:14:38,781  INFO [main] HiveMetaStore.audit: ugi=alex	ip=unknown-ip-addr	cmd=get_table : tbl=hive.default.acidTbl	
2024-04-24T05:14:38,788  INFO [main] metastore.HMSHandler: Skipping translation for processor with null
2024-04-24T05:14:38,788  INFO [main] parse.CalcitePlanner: Completed getting MetaData in Semantic Analysis
2024-04-24T05:14:38,788  INFO [main] parse.CalcitePlanner: Disabling LLAP IO encode as ETL query is detected
2024-04-24T05:14:38,811  INFO [main] HiveMetaStore.audit: ugi=alex	ip=unknown-ip-addr	cmd=get_all_table_constraints : tbl=hive._dummy_database._dummy_table	
2024-04-24T05:14:38,862  INFO [main] parse.CalcitePlanner: Get metadata for source tables
2024-04-24T05:14:38,862  INFO [main] parse.CalcitePlanner: Get metadata for subqueries
2024-04-24T05:14:38,862  INFO [main] parse.CalcitePlanner: Get metadata for source tables
2024-04-24T05:14:38,862  INFO [main] HiveMetaStore.audit: ugi=alex	ip=unknown-ip-addr	cmd=get_table : tbl=hive._dummy_database._dummy_table	
2024-04-24T05:14:38,864  INFO [main] parse.CalcitePlanner: Get metadata for subqueries
2024-04-24T05:14:38,864  INFO [main] parse.CalcitePlanner: Get metadata for destination tables
2024-04-24T05:14:38,864  INFO [main] parse.CalcitePlanner: Get metadata for destination tables
2024-04-24T05:14:38,864  INFO [main] HiveMetaStore.audit: ugi=alex	ip=unknown-ip-addr	cmd=get_table : tbl=hive.default.acidTbl	
2024-04-24T05:14:38,872  INFO [main] metastore.HMSHandler: Skipping translation for processor with null
2024-04-24T05:14:38,874  INFO [main] HiveMetaStore.audit: ugi=alex	ip=unknown-ip-addr	cmd=get_not_null_constraints : tbl=hive.default.acidtbl	
2024-04-24T05:14:38,875  INFO [main] HiveMetaStore.audit: ugi=alex	ip=unknown-ip-addr	cmd=get_check_constraints : tbl=hive.default.acidtbl	
2024-04-24T05:14:38,883  INFO [main] txn.TxnHandler: Allocated writeId: 2 for txnId: 15
2024-04-24T05:14:38,883  INFO [main] txn.TxnHandler: Allocated write ids for dbName=default, tblName=acidtbl (txnIds: [15])
2024-04-24T05:14:38,884  INFO [main] parse.CalcitePlanner: CBO Succeeded; optimized logical plan.
2024-04-24T05:14:38,887  INFO [main] optimizer.ColumnPrunerProcFactory: RS 4 oldColExprMap: {VALUE._col0=Column[_col1], KEY.reducesinkkey0=Column[_col0]}
2024-04-24T05:14:38,887  INFO [main] optimizer.ColumnPrunerProcFactory: RS 4 newColExprMap: {KEY.reducesinkkey0=Column[_col0], VALUE._col0=Column[_col1]}
2024-04-24T05:14:38,887  INFO [main] optimizer.BucketVersionPopulator: not considering bucketingVersion for: TS[0] because it has -1<2 buckets 
2024-04-24T05:14:38,888  INFO [main] optimizer.SortedDynPartitionOptimizer: Sorted dynamic partitioning optimization kicked in..
2024-04-24T05:14:38,896  INFO [main] HiveMetaStore.audit: ugi=alex	ip=unknown-ip-addr	cmd=get_table : tbl=hive.default.acidtbl	
2024-04-24T05:14:38,902  INFO [main] metastore.HMSHandler: Skipping translation for processor with null
2024-04-24T05:14:38,903  INFO [main] physical.Vectorizer: Examining input format to see if vectorization is enabled.
2024-04-24T05:14:38,903  INFO [main] physical.Vectorizer: Map vectorization enabled: false
2024-04-24T05:14:38,903  INFO [main] physical.Vectorizer: Map vectorized: false
2024-04-24T05:14:38,903  INFO [main] physical.Vectorizer: Map vectorizedVertexNum: 0
2024-04-24T05:14:38,903  INFO [main] physical.Vectorizer: Map enabledConditionsMet: [hive.vectorized.use.vectorized.input.format IS true]
2024-04-24T05:14:38,903  INFO [main] physical.Vectorizer: Map enabledConditionsNotMet: [Could not enable vectorization due to partition column names size 1 is greater than the number of table column names size 0 IS false]
2024-04-24T05:14:38,903  INFO [main] physical.Vectorizer: Map inputFileFormatClassNameSet: [org.apache.hadoop.hive.ql.io.NullRowsInputFormat]
2024-04-24T05:14:38,903  INFO [main] physical.Vectorizer: Reduce vectorization enabled: false
2024-04-24T05:14:38,903  INFO [main] physical.Vectorizer: Reduce vectorized: false
2024-04-24T05:14:38,903  INFO [main] physical.Vectorizer: Reduce vectorizedVertexNum: 1
2024-04-24T05:14:38,903  INFO [main] physical.Vectorizer: Reducer hive.vectorized.execution.reduce.enabled: true
2024-04-24T05:14:38,903  INFO [main] physical.Vectorizer: Reducer engine: mr
2024-04-24T05:14:38,903  INFO [main] parse.CalcitePlanner: Completed plan generation
2024-04-24T05:14:38,903  INFO [main] parse.CalcitePlanner: Ending caching scope for: 
2024-04-24T05:14:38,903  INFO [main] ql.Driver: Semantic Analysis Completed (retrial = false)
2024-04-24T05:14:38,903  INFO [main] ql.Driver: Created Hive schema: Schema(fieldSchemas:[FieldSchema(name:_col0, type:int, comment:null), FieldSchema(name:_col1, type:int, comment:null)], properties:null)
2024-04-24T05:14:38,903  INFO [main] metadata.Hive: Dumping metastore api call timing information for : compilation phase
2024-04-24T05:14:38,903  INFO [main] metadata.Hive: Total time spent in each metastore function (ms): {allocateTableWriteId_(long, String, String)=6, getCheckConstraints_(CheckConstraintsRequest)=2, flushCache_()=0, getNotNullConstraints_(NotNullConstraintsRequest)=1, isCompatibleWith_(Configuration)=0, getTable_(GetTableRequest)=29, getAllTableConstraints_(AllTableConstraintsRequest)=4, getValidWriteIds_(List, String)=4}
2024-04-24T05:14:38,904  INFO [main] ql.Driver: Completed compiling command(queryId=alex_20240424051438_3e09ce8b-f710-4f8b-8956-ef8ffcb2b9e7); Time taken: 0.133 seconds
2024-04-24T05:14:38,904  INFO [main] lockmgr.DbTxnManager: Setting lock request transaction to txnid:15 for queryId=alex_20240424051438_3e09ce8b-f710-4f8b-8956-ef8ffcb2b9e7
2024-04-24T05:14:38,904  INFO [main] lockmgr.DbLockManager: Requesting lock for queryId=alex_20240424051438_3e09ce8b-f710-4f8b-8956-ef8ffcb2b9e7
2024-04-24T05:14:38,919  INFO [main] lockmgr.DbLockManager: Response to queryId=alex_20240424051438_3e09ce8b-f710-4f8b-8956-ef8ffcb2b9e7 LockResponse(lockid:9, state:ACQUIRED)
2024-04-24T05:14:38,919  INFO [main] ql.Driver: Operation QUERY obtained 1 locks
2024-04-24T05:14:38,921  INFO [main] ql.Driver: Executing command(queryId=alex_20240424051438_3e09ce8b-f710-4f8b-8956-ef8ffcb2b9e7): insert into acidTbl(a,b)  values(5,6),(7,8)
2024-04-24T05:14:38,921  WARN [main] ql.Driver: Hive-on-MR is deprecated in Hive 2 and may not be available in the future versions. Consider using a different execution engine (i.e. tez, spark) or using Hive 1.X releases.
Query ID = alex_20240424051438_3e09ce8b-f710-4f8b-8956-ef8ffcb2b9e7
2024-04-24T05:14:38,921  INFO [main] ql.Driver: Query ID = alex_20240424051438_3e09ce8b-f710-4f8b-8956-ef8ffcb2b9e7
Total jobs = 1
2024-04-24T05:14:38,921  INFO [main] ql.Driver: Total jobs = 1
Launching Job 1 out of 1
2024-04-24T05:14:38,921  INFO [main] ql.Driver: Launching Job 1 out of 1
2024-04-24T05:14:39,061  INFO [main] ql.Driver: Starting task [Stage-1:MAPRED] in serial mode
Number of reduce tasks determined at compile time: 2
2024-04-24T05:14:39,061  INFO [main] exec.Task: Number of reduce tasks determined at compile time: 2
In order to change the average load for a reducer (in bytes):
2024-04-24T05:14:39,061  INFO [main] exec.Task: In order to change the average load for a reducer (in bytes):
  set hive.exec.reducers.bytes.per.reducer=<number>
2024-04-24T05:14:39,061  INFO [main] exec.Task:   set hive.exec.reducers.bytes.per.reducer=<number>
In order to limit the maximum number of reducers:
2024-04-24T05:14:39,061  INFO [main] exec.Task: In order to limit the maximum number of reducers:
  set hive.exec.reducers.max=<number>
2024-04-24T05:14:39,061  INFO [main] exec.Task:   set hive.exec.reducers.max=<number>
In order to set a constant number of reducers:
2024-04-24T05:14:39,061  INFO [main] exec.Task: In order to set a constant number of reducers:
  set mapreduce.job.reduces=<number>
2024-04-24T05:14:39,061  INFO [main] exec.Task:   set mapreduce.job.reduces=<number>
2024-04-24T05:14:39,063  INFO [main] mr.ExecDriver: Using org.apache.hadoop.hive.ql.io.HiveInputFormat
2024-04-24T05:14:39,064  INFO [main] exec.Utilities: Processing alias $hdt$_0:_dummy_table
2024-04-24T05:14:39,064  INFO [main] exec.Utilities: Adding 1 inputs; the first input is file:/home/alex/Repositories/hive/ql/target/tmp/localscratchdir/e080d8d7-65d9-4d23-bca6-93f469f18d04/hive_2024-04-24_05-14-38_770_8578387844455840835-1/dummy_path
2024-04-24T05:14:39,072  INFO [main] exec.SerializationUtilities: Serializing MapWork using kryo
2024-04-24T05:14:39,073  INFO [main] exec.Utilities: Serialized plan (via FILE) - name: null size: 5,31KB
2024-04-24T05:14:39,078  INFO [main] exec.SerializationUtilities: Serializing ReduceWork using kryo
2024-04-24T05:14:39,078  INFO [main] exec.Utilities: Serialized plan (via FILE) - name: null size: 5,92KB
2024-04-24T05:14:39,079  WARN [main] impl.MetricsSystemImpl: JobTracker metrics system already initialized!
2024-04-24T05:14:39,083  INFO [main] fs.FSStatsPublisher: created : file:/home/alex/Repositories/hive/ql/target/tmp/localscratchdir/e080d8d7-65d9-4d23-bca6-93f469f18d04/hive_2024-04-24_05-14-38_770_8578387844455840835-1/-mr-10000
2024-04-24T05:14:39,085  WARN [main] impl.MetricsSystemImpl: JobTracker metrics system already initialized!
2024-04-24T05:14:39,091  WARN [main] mapreduce.JobResourceUploader: Hadoop command-line option parsing not performed. Implement the Tool interface and execute your application with ToolRunner to remedy this.
2024-04-24T05:14:39,095  WARN [main] mapreduce.JobResourceUploader: No job jar file set.  User classes may not be found. See Job or Job#setJar(String).
2024-04-24T05:14:39,096  INFO [main] io.HiveInputFormat: hive.io.file.readcolumn.ids = 
2024-04-24T05:14:39,096  INFO [main] io.HiveInputFormat: hive.io.file.readcolumn.names = 
2024-04-24T05:14:39,096  INFO [main] io.HiveInputFormat: Generating splits for dirs: file:/home/alex/Repositories/hive/ql/target/tmp/localscratchdir/e080d8d7-65d9-4d23-bca6-93f469f18d04/hive_2024-04-24_05-14-38_770_8578387844455840835-1/dummy_path
2024-04-24T05:14:39,097  INFO [main] io.HiveInputFormat: number of splits 1
2024-04-24T05:14:39,114  INFO [main] mapreduce.JobSubmitter: number of splits:1
2024-04-24T05:14:39,131  INFO [main] mapreduce.JobSubmitter: Submitting tokens for job: job_local2111846700_0047
2024-04-24T05:14:39,131  INFO [main] mapreduce.JobSubmitter: Executing with tokens: []
2024-04-24T05:14:39,191  INFO [main] mapreduce.Job: The url to track the job: http://localhost:8080/
Job running in-process (local Hadoop)
2024-04-24T05:14:39,191  INFO [main] exec.Task: Job running in-process (local Hadoop)
2024-04-24T05:14:39,191  INFO [Thread-3868] mapred.LocalJobRunner: OutputCommitter set in config org.apache.hadoop.hive.ql.io.HiveFileFormatUtils$NullOutputCommitter
2024-04-24T05:14:39,191  INFO [Thread-3868] mapred.LocalJobRunner: OutputCommitter is org.apache.hadoop.hive.ql.io.HiveFileFormatUtils$NullOutputCommitter
2024-04-24T05:14:39,193  INFO [Thread-3868] mapred.LocalJobRunner: Waiting for map tasks
2024-04-24T05:14:39,193  INFO [LocalJobRunner Map Task Executor #0] mapred.LocalJobRunner: Starting task: attempt_local2111846700_0047_m_000000_0
2024-04-24T05:14:39,193  INFO [LocalJobRunner Map Task Executor #0] mapred.Task:  Using ResourceCalculatorProcessTree : [ ]
2024-04-24T05:14:39,194  INFO [LocalJobRunner Map Task Executor #0] mapred.MapTask: Processing split: org.apache.hadoop.hive.ql.io.NullRowsInputFormat:file:/home/alex/Repositories/hive/ql/target/tmp/localscratchdir/e080d8d7-65d9-4d23-bca6-93f469f18d04/hive_2024-04-24_05-14-38_770_8578387844455840835-1/dummy_path/null:0+1
2024-04-24T05:14:39,194  INFO [LocalJobRunner Map Task Executor #0] exec.SerializationUtilities: Deserializing MapWork using kryo
2024-04-24T05:14:39,194  INFO [LocalJobRunner Map Task Executor #0] exec.Utilities: Deserialized plan (via FILE) - name: null size: 5,31KB
2024-04-24T05:14:39,195  INFO [LocalJobRunner Map Task Executor #0] mapred.MapTask: numReduceTasks: 2
2024-04-24T05:14:39,210  INFO [LocalJobRunner Map Task Executor #0] mapred.MapTask: (EQUATOR) 0 kvi 26214396(104857584)
2024-04-24T05:14:39,210  INFO [LocalJobRunner Map Task Executor #0] mapred.MapTask: mapreduce.task.io.sort.mb: 100
2024-04-24T05:14:39,210  INFO [LocalJobRunner Map Task Executor #0] mapred.MapTask: soft limit at 83886080
2024-04-24T05:14:39,210  INFO [LocalJobRunner Map Task Executor #0] mapred.MapTask: bufstart = 0; bufvoid = 104857600
2024-04-24T05:14:39,210  INFO [LocalJobRunner Map Task Executor #0] mapred.MapTask: kvstart = 26214396; length = 6553600
2024-04-24T05:14:39,210  INFO [LocalJobRunner Map Task Executor #0] mapred.MapTask: Map output collector class = org.apache.hadoop.mapred.MapTask$MapOutputBuffer
2024-04-24T05:14:39,211  INFO [LocalJobRunner Map Task Executor #0] exec.MapOperator: Initializing Operator: MAP[0]
2024-04-24T05:14:39,211  INFO [LocalJobRunner Map Task Executor #0] mr.ExecMapper: 
<MAP>Id =0
  <Children>null
  <\Children>
  <Parent><\Parent>
<\MAP>
2024-04-24T05:14:39,211  INFO [LocalJobRunner Map Task Executor #0] exec.TableScanOperator: Initializing Operator: TS[0]
2024-04-24T05:14:39,211  INFO [LocalJobRunner Map Task Executor #0] exec.SelectOperator: Initializing Operator: SEL[1]
2024-04-24T05:14:39,211  INFO [LocalJobRunner Map Task Executor #0] exec.SelectOperator: SELECT null
2024-04-24T05:14:39,212  INFO [LocalJobRunner Map Task Executor #0] exec.UDTFOperator: Initializing Operator: UDTF[2]
2024-04-24T05:14:39,212  INFO [LocalJobRunner Map Task Executor #0] exec.SelectOperator: Initializing Operator: SEL[3]
2024-04-24T05:14:39,212  INFO [LocalJobRunner Map Task Executor #0] exec.SelectOperator: SELECT struct<col1:int,col2:int>
2024-04-24T05:14:39,212  INFO [LocalJobRunner Map Task Executor #0] exec.ReduceSinkOperator: Initializing Operator: RS[4]
2024-04-24T05:14:39,212  INFO [LocalJobRunner Map Task Executor #0] exec.ReduceSinkOperator: Using tag = -1
2024-04-24T05:14:39,212  INFO [LocalJobRunner Map Task Executor #0] exec.ReduceSinkOperator: keys are [reducesinkkey0] num distributions: 1
2024-04-24T05:14:39,212  INFO [LocalJobRunner Map Task Executor #0] exec.ReduceSinkOperator: RS[4]: records written - 1
2024-04-24T05:14:39,212  INFO [LocalJobRunner Map Task Executor #0] exec.MapOperator: MAP[0]: records read - 1
2024-04-24T05:14:39,212  INFO [LocalJobRunner Map Task Executor #0] exec.MapOperator: Closing Operator: MAP[0]
2024-04-24T05:14:39,212  INFO [LocalJobRunner Map Task Executor #0] exec.MapOperator: MAP[0]: Total records read - 3. abort - false
2024-04-24T05:14:39,212  INFO [LocalJobRunner Map Task Executor #0] exec.MapOperator: RECORDS_OUT_INTERMEDIATE:0, RECORDS_IN:3, RECORDS_OUT_OPERATOR_MAP_0:0, DESERIALIZE_ERRORS:0, 
2024-04-24T05:14:39,212  INFO [LocalJobRunner Map Task Executor #0] exec.TableScanOperator: Closing Operator: TS[0]
2024-04-24T05:14:39,213  INFO [LocalJobRunner Map Task Executor #0] exec.TableScanOperator: RECORDS_OUT_INTERMEDIATE:0, RECORDS_OUT_OPERATOR_TS_0:1, 
2024-04-24T05:14:39,213  INFO [LocalJobRunner Map Task Executor #0] exec.SelectOperator: Closing Operator: SEL[1]
2024-04-24T05:14:39,213  INFO [LocalJobRunner Map Task Executor #0] exec.SelectOperator: RECORDS_OUT_INTERMEDIATE:0, RECORDS_OUT_OPERATOR_SEL_1:1, 
2024-04-24T05:14:39,213  INFO [LocalJobRunner Map Task Executor #0] exec.UDTFOperator: Closing Operator: UDTF[2]
2024-04-24T05:14:39,213  INFO [LocalJobRunner Map Task Executor #0] exec.UDTFOperator: RECORDS_OUT_OPERATOR_UDTF_2:2, RECORDS_OUT_INTERMEDIATE:0, 
2024-04-24T05:14:39,213  INFO [LocalJobRunner Map Task Executor #0] exec.SelectOperator: Closing Operator: SEL[3]
2024-04-24T05:14:39,213  INFO [LocalJobRunner Map Task Executor #0] exec.SelectOperator: RECORDS_OUT_OPERATOR_SEL_3:2, RECORDS_OUT_INTERMEDIATE:0, 
2024-04-24T05:14:39,213  INFO [LocalJobRunner Map Task Executor #0] exec.ReduceSinkOperator: Closing Operator: RS[4]
2024-04-24T05:14:39,213  INFO [LocalJobRunner Map Task Executor #0] exec.ReduceSinkOperator: RS[4]: Total records written - 2. abort - false
2024-04-24T05:14:39,213  INFO [LocalJobRunner Map Task Executor #0] exec.ReduceSinkOperator: RECORDS_OUT_OPERATOR_RS_4:2, RECORDS_OUT_INTERMEDIATE:2, 
2024-04-24T05:14:39,213  INFO [LocalJobRunner Map Task Executor #0] mapred.LocalJobRunner: 
2024-04-24T05:14:39,213  INFO [LocalJobRunner Map Task Executor #0] mapred.MapTask: Starting flush of map output
2024-04-24T05:14:39,213  INFO [LocalJobRunner Map Task Executor #0] mapred.MapTask: Spilling map output
2024-04-24T05:14:39,213  INFO [LocalJobRunner Map Task Executor #0] mapred.MapTask: bufstart = 0; bufend = 32; bufvoid = 104857600
2024-04-24T05:14:39,213  INFO [LocalJobRunner Map Task Executor #0] mapred.MapTask: kvstart = 26214396(104857584); kvend = 26214392(104857568); length = 5/6553600
2024-04-24T05:14:39,224  INFO [LocalJobRunner Map Task Executor #0] mapred.MapTask: Finished spill 0
2024-04-24T05:14:39,227  INFO [LocalJobRunner Map Task Executor #0] mapred.Task: Task:attempt_local2111846700_0047_m_000000_0 is done. And is in the process of committing
2024-04-24T05:14:39,227  INFO [LocalJobRunner Map Task Executor #0] mapred.LocalJobRunner: map
2024-04-24T05:14:39,227  INFO [LocalJobRunner Map Task Executor #0] mapred.Task: Task 'attempt_local2111846700_0047_m_000000_0' done.
2024-04-24T05:14:39,228  INFO [LocalJobRunner Map Task Executor #0] mapred.Task: Final Counters for attempt_local2111846700_0047_m_000000_0: Counters: 26
	File System Counters
		FILE: Number of bytes read=1085692
		FILE: Number of bytes written=58934607
		FILE: Number of read operations=0
		FILE: Number of large read operations=0
		FILE: Number of write operations=0
	Map-Reduce Framework
		Map input records=4
		Map output records=2
		Map output bytes=32
		Map output materialized bytes=48
		Input split bytes=361
		Combine input records=0
		Spilled Records=2
		Failed Shuffles=0
		Merged Map outputs=0
		GC time elapsed (ms)=10
		Total committed heap usage (bytes)=1239416832
	HIVE
		DESERIALIZE_ERRORS=0
		RECORDS_IN=3
		RECORDS_OUT_INTERMEDIATE=2
		RECORDS_OUT_OPERATOR_MAP_0=0
		RECORDS_OUT_OPERATOR_RS_4=2
		RECORDS_OUT_OPERATOR_SEL_1=1
		RECORDS_OUT_OPERATOR_SEL_3=2
		RECORDS_OUT_OPERATOR_TS_0=1
		RECORDS_OUT_OPERATOR_UDTF_2=2
	File Input Format Counters 
		Bytes Read=5362
2024-04-24T05:14:39,228  INFO [LocalJobRunner Map Task Executor #0] mapred.LocalJobRunner: Finishing task: attempt_local2111846700_0047_m_000000_0
2024-04-24T05:14:39,228  INFO [Thread-3868] mapred.LocalJobRunner: map task executor complete.
2024-04-24T05:14:39,229  INFO [Thread-3868] mapred.LocalJobRunner: Waiting for reduce tasks
2024-04-24T05:14:39,229  INFO [pool-225-thread-1] mapred.LocalJobRunner: Starting task: attempt_local2111846700_0047_r_000000_0
2024-04-24T05:14:39,229  INFO [pool-225-thread-1] mapred.Task:  Using ResourceCalculatorProcessTree : [ ]
2024-04-24T05:14:39,229  INFO [pool-225-thread-1] mapred.ReduceTask: Using ShuffleConsumerPlugin: org.apache.hadoop.mapreduce.task.reduce.Shuffle@23c079fb
2024-04-24T05:14:39,229  WARN [pool-225-thread-1] impl.MetricsSystemImpl: JobTracker metrics system already initialized!
2024-04-24T05:14:39,230  INFO [pool-225-thread-1] reduce.MergeManagerImpl: MergerManager: memoryLimit=1336252800, maxSingleShuffleLimit=334063200, mergeThreshold=881926912, ioSortFactor=10, memToMemMergeOutputsThreshold=10
2024-04-24T05:14:39,231  INFO [EventFetcher for fetching Map Completion Events] reduce.EventFetcher: attempt_local2111846700_0047_r_000000_0 Thread started: EventFetcher for fetching Map Completion Events
2024-04-24T05:14:39,232  INFO [localfetcher#66] reduce.LocalFetcher: localfetcher#66 about to shuffle output of map attempt_local2111846700_0047_m_000000_0 decomp: 20 len: 24 to MEMORY
2024-04-24T05:14:39,232  INFO [localfetcher#66] reduce.InMemoryMapOutput: Read 20 bytes from map-output for attempt_local2111846700_0047_m_000000_0
2024-04-24T05:14:39,232  INFO [localfetcher#66] reduce.MergeManagerImpl: closeInMemoryFile -> map-output of size: 20, inMemoryMapOutputs.size() -> 1, commitMemory -> 0, usedMemory ->20
2024-04-24T05:14:39,232  INFO [EventFetcher for fetching Map Completion Events] reduce.EventFetcher: EventFetcher is interrupted.. Returning
2024-04-24T05:14:39,233  INFO [pool-225-thread-1] mapred.LocalJobRunner: 1 / 1 copied.
2024-04-24T05:14:39,233  INFO [pool-225-thread-1] reduce.MergeManagerImpl: finalMerge called with 1 in-memory map-outputs and 0 on-disk map-outputs
2024-04-24T05:14:39,240  INFO [pool-225-thread-1] mapred.Merger: Merging 1 sorted segments
2024-04-24T05:14:39,240  INFO [pool-225-thread-1] mapred.Merger: Down to the last merge-pass, with 1 segments left of total size: 8 bytes
2024-04-24T05:14:39,242  INFO [pool-225-thread-1] reduce.MergeManagerImpl: Merged 1 segments, 20 bytes to disk to satisfy reduce memory limit
2024-04-24T05:14:39,242  INFO [pool-225-thread-1] reduce.MergeManagerImpl: Merging 1 files, 24 bytes from disk
2024-04-24T05:14:39,242  INFO [pool-225-thread-1] reduce.MergeManagerImpl: Merging 0 segments, 0 bytes from memory into reduce
2024-04-24T05:14:39,242  INFO [pool-225-thread-1] mapred.Merger: Merging 1 sorted segments
2024-04-24T05:14:39,242  INFO [pool-225-thread-1] mapred.Merger: Down to the last merge-pass, with 1 segments left of total size: 8 bytes
2024-04-24T05:14:39,242  INFO [pool-225-thread-1] mapred.LocalJobRunner: 1 / 1 copied.
2024-04-24T05:14:39,243  INFO [pool-225-thread-1] exec.SerializationUtilities: Deserializing ReduceWork using kryo
2024-04-24T05:14:39,243  INFO [pool-225-thread-1] exec.Utilities: Deserialized plan (via FILE) - name: null size: 5,92KB
2024-04-24T05:14:39,244  INFO [pool-225-thread-1] ExecReducer: 
<SEL>Id =5
  <Children>
    <FS>Id =6
      <Children>
      <\Children>
      <Parent>Id = 5 null<\Parent>
    <\FS>
  <\Children>
  <Parent><\Parent>
<\SEL>
2024-04-24T05:14:39,244  INFO [pool-225-thread-1] exec.SelectOperator: Initializing Operator: SEL[5]
2024-04-24T05:14:39,244  INFO [pool-225-thread-1] exec.SelectOperator: SELECT struct<key:struct<reducesinkkey0:int>,value:struct<_col0:int>>
2024-04-24T05:14:39,244  INFO [pool-225-thread-1] exec.FileSinkOperator: Initializing Operator: FS[6]
2024-04-24T05:14:39,244  INFO [pool-225-thread-1] exec.FileSinkOperator: Using serializer : AbstractSerDe [log=org.apache.logging.slf4j.Log4jLogger@a925655, configuration=Optional[Configuration: core-default.xml, core-site.xml, mapred-default.xml, mapred-site.xml, yarn-default.xml, yarn-site.xml, hdfs-default.xml, hdfs-site.xml, file:/home/alex/Repositories/hive/ql/target/tmp/TestTxnCommandsWithSplitUpdateAndVectorization/mapred/local/localRunner/alex/job_local2111846700_0047/job_local2111846700_0047.xml], properties={transactional_properties=default, name=default.acidtbl, transactional=true, columns.types=int:int, bucket_field_name=a, columns=a,b, numFilesErasureCoded=0, columns.comments=&amp#0;, bucketing_version=2, bucket_count=2, serialization.lib=org.apache.hadoop.hive.ql.io.orc.OrcSerde, file.inputformat=org.apache.hadoop.hive.ql.io.orc.OrcInputFormat, file.outputformat=org.apache.hadoop.hive.ql.io.orc.OrcOutputFormat, location=file:/home/alex/Repositories/hive/ql/target/tmp/org.apache.hadoop.hive.ql.TestTxnCommands-1713960750541/warehouse/acidtbl, column.name.delimiter=,}, tableProperties={transactional_properties=default, name=default.acidtbl, transactional=true, columns.types=int:int, bucket_field_name=a, columns=a,b, numFilesErasureCoded=0, columns.comments=&amp#0;, bucketing_version=2, bucket_count=2, serialization.lib=org.apache.hadoop.hive.ql.io.orc.OrcSerde, file.inputformat=org.apache.hadoop.hive.ql.io.orc.OrcInputFormat, location=file:/home/alex/Repositories/hive/ql/target/tmp/org.apache.hadoop.hive.ql.TestTxnCommands-1713960750541/warehouse/acidtbl, file.outputformat=org.apache.hadoop.hive.ql.io.orc.OrcOutputFormat, column.name.delimiter=,}, partitionProperties=Optional.empty, columnNames=[a, b], columnTypes=[int, int], getClass()=class org.apache.hadoop.hive.ql.io.orc.OrcSerde] and formatter : org.apache.hadoop.hive.ql.io.orc.OrcOutputFormat@2f5de409
2024-04-24T05:14:39,245  INFO [pool-225-thread-1] exec.FileSinkOperator: Final Path: FS file:/home/alex/Repositories/hive/ql/target/tmp/org.apache.hadoop.hive.ql.TestTxnCommands-1713960750541/warehouse/acidtbl
2024-04-24T05:14:39,245  INFO [pool-225-thread-1] exec.FileSinkOperator: New Final Path: FS file:/home/alex/Repositories/hive/ql/target/tmp/org.apache.hadoop.hive.ql.TestTxnCommands-1713960750541/warehouse/acidtbl
2024-04-24T05:14:39,245  INFO [pool-225-thread-1] common.FileUtils: Creating directory if it doesn't exist: file:/home/alex/Repositories/hive/ql/target/tmp/org.apache.hadoop.hive.ql.TestTxnCommands-1713960750541/warehouse
2024-04-24T05:14:39,245  INFO [pool-225-thread-1] exec.FileSinkOperator: FS[6]: records written - 1
2024-04-24T05:14:39,245  INFO [pool-225-thread-1] impl.PhysicalFsWriter: ORC writer created for path: file:/home/alex/Repositories/hive/ql/target/tmp/org.apache.hadoop.hive.ql.TestTxnCommands-1713960750541/warehouse/acidtbl/delta_0000002_0000002_0000/bucket_00000_0 with stripeSize: 8388608 blockSize: 268435456 compression: Compress: ZLIB buffer: 32768
2024-04-24T05:14:39,252  INFO [pool-225-thread-1] impl.WriterImpl: ORC writer created for path: file:/home/alex/Repositories/hive/ql/target/tmp/org.apache.hadoop.hive.ql.TestTxnCommands-1713960750541/warehouse/acidtbl/delta_0000002_0000002_0000/bucket_00000_0 with stripeSize: 8388608 options: Compress: ZLIB buffer: 32768
2024-04-24T05:14:39,256  INFO [pool-225-thread-1] exec.SelectOperator: Closing Operator: SEL[5]
2024-04-24T05:14:39,256  INFO [pool-225-thread-1] exec.SelectOperator: RECORDS_OUT_INTERMEDIATE:0, RECORDS_OUT_OPERATOR_SEL_5:1, 
2024-04-24T05:14:39,256  INFO [pool-225-thread-1] exec.FileSinkOperator: Closing Operator: FS[6]
2024-04-24T05:14:39,256  INFO [pool-225-thread-1] exec.FileSinkOperator: FS[6]: records written - 1
2024-04-24T05:14:39,257  INFO [pool-225-thread-1] FileOperations: Writing manifest to file:/home/alex/Repositories/hive/ql/target/tmp/org.apache.hadoop.hive.ql.TestTxnCommands-1713960750541/warehouse/acidtbl/_tmp.delta_0000002_0000002_0000/000000_0.manifest with [file:/home/alex/Repositories/hive/ql/target/tmp/org.apache.hadoop.hive.ql.TestTxnCommands-1713960750541/warehouse/acidtbl/delta_0000002_0000002_0000/bucket_00000_0]
2024-04-24T05:14:39,268  INFO [pool-225-thread-1] exec.FileSinkOperator: TOTAL_TABLE_ROWS_WRITTEN:1, RECORDS_OUT_1_default.acidtbl:1, RECORDS_OUT_INTERMEDIATE:0, RECORDS_OUT_OPERATOR_FS_6:1, 
2024-04-24T05:14:39,269  INFO [pool-225-thread-1] mapred.Task: Task:attempt_local2111846700_0047_r_000000_0 is done. And is in the process of committing
2024-04-24T05:14:39,269  INFO [pool-225-thread-1] mapred.LocalJobRunner: reduce > reduce
2024-04-24T05:14:39,269  INFO [pool-225-thread-1] mapred.Task: Task 'attempt_local2111846700_0047_r_000000_0' done.
2024-04-24T05:14:39,269  INFO [pool-225-thread-1] mapred.Task: Final Counters for attempt_local2111846700_0047_r_000000_0: Counters: 30
	File System Counters
		FILE: Number of bytes read=1091799
		FILE: Number of bytes written=58935647
		FILE: Number of read operations=0
		FILE: Number of large read operations=0
		FILE: Number of write operations=0
	Map-Reduce Framework
		Combine input records=0
		Combine output records=0
		Reduce input groups=1
		Reduce shuffle bytes=24
		Reduce input records=1
		Reduce output records=0
		Spilled Records=1
		Shuffled Maps =1
		Failed Shuffles=0
		Merged Map outputs=1
		GC time elapsed (ms)=0
		Total committed heap usage (bytes)=1239416832
	HIVE
		CREATED_FILES=1
		RECORDS_OUT_1_default.acidtbl=1
		RECORDS_OUT_INTERMEDIATE=0
		RECORDS_OUT_OPERATOR_FS_6=1
		RECORDS_OUT_OPERATOR_SEL_5=1
		TOTAL_TABLE_ROWS_WRITTEN=1
	Shuffle Errors
		BAD_ID=0
		CONNECTION=0
		IO_ERROR=0
		WRONG_LENGTH=0
		WRONG_MAP=0
		WRONG_REDUCE=0
	File Output Format Counters 
		Bytes Written=0
2024-04-24T05:14:39,269  INFO [pool-225-thread-1] mapred.LocalJobRunner: Finishing task: attempt_local2111846700_0047_r_000000_0
2024-04-24T05:14:39,269  INFO [pool-225-thread-1] mapred.LocalJobRunner: Starting task: attempt_local2111846700_0047_r_000001_0
2024-04-24T05:14:39,270  INFO [pool-225-thread-1] mapred.Task:  Using ResourceCalculatorProcessTree : [ ]
2024-04-24T05:14:39,270  INFO [pool-225-thread-1] mapred.ReduceTask: Using ShuffleConsumerPlugin: org.apache.hadoop.mapreduce.task.reduce.Shuffle@51a05668
2024-04-24T05:14:39,270  WARN [pool-225-thread-1] impl.MetricsSystemImpl: JobTracker metrics system already initialized!
2024-04-24T05:14:39,270  INFO [pool-225-thread-1] reduce.MergeManagerImpl: MergerManager: memoryLimit=1336252800, maxSingleShuffleLimit=334063200, mergeThreshold=881926912, ioSortFactor=10, memToMemMergeOutputsThreshold=10
2024-04-24T05:14:39,271  INFO [EventFetcher for fetching Map Completion Events] reduce.EventFetcher: attempt_local2111846700_0047_r_000001_0 Thread started: EventFetcher for fetching Map Completion Events
2024-04-24T05:14:39,274  INFO [localfetcher#67] reduce.LocalFetcher: localfetcher#67 about to shuffle output of map attempt_local2111846700_0047_m_000000_0 decomp: 20 len: 24 to MEMORY
2024-04-24T05:14:39,274  INFO [localfetcher#67] reduce.InMemoryMapOutput: Read 20 bytes from map-output for attempt_local2111846700_0047_m_000000_0
2024-04-24T05:14:39,274  INFO [localfetcher#67] reduce.MergeManagerImpl: closeInMemoryFile -> map-output of size: 20, inMemoryMapOutputs.size() -> 1, commitMemory -> 0, usedMemory ->20
2024-04-24T05:14:39,275  INFO [EventFetcher for fetching Map Completion Events] reduce.EventFetcher: EventFetcher is interrupted.. Returning
2024-04-24T05:14:39,275  INFO [pool-225-thread-1] mapred.LocalJobRunner: 1 / 1 copied.
2024-04-24T05:14:39,275  INFO [pool-225-thread-1] reduce.MergeManagerImpl: finalMerge called with 1 in-memory map-outputs and 0 on-disk map-outputs
2024-04-24T05:14:39,282  INFO [pool-225-thread-1] mapred.Merger: Merging 1 sorted segments
2024-04-24T05:14:39,282  INFO [pool-225-thread-1] mapred.Merger: Down to the last merge-pass, with 1 segments left of total size: 8 bytes
2024-04-24T05:14:39,284  INFO [pool-225-thread-1] reduce.MergeManagerImpl: Merged 1 segments, 20 bytes to disk to satisfy reduce memory limit
2024-04-24T05:14:39,284  INFO [pool-225-thread-1] reduce.MergeManagerImpl: Merging 1 files, 24 bytes from disk
2024-04-24T05:14:39,284  INFO [pool-225-thread-1] reduce.MergeManagerImpl: Merging 0 segments, 0 bytes from memory into reduce
2024-04-24T05:14:39,284  INFO [pool-225-thread-1] mapred.Merger: Merging 1 sorted segments
2024-04-24T05:14:39,284  INFO [pool-225-thread-1] mapred.Merger: Down to the last merge-pass, with 1 segments left of total size: 8 bytes
2024-04-24T05:14:39,285  INFO [pool-225-thread-1] mapred.LocalJobRunner: 1 / 1 copied.
2024-04-24T05:14:39,285  INFO [pool-225-thread-1] exec.SerializationUtilities: Deserializing ReduceWork using kryo
2024-04-24T05:14:39,285  INFO [pool-225-thread-1] exec.Utilities: Deserialized plan (via FILE) - name: null size: 5,92KB
2024-04-24T05:14:39,286  INFO [pool-225-thread-1] ExecReducer: 
<SEL>Id =5
  <Children>
    <FS>Id =6
      <Children>
      <\Children>
      <Parent>Id = 5 null<\Parent>
    <\FS>
  <\Children>
  <Parent><\Parent>
<\SEL>
2024-04-24T05:14:39,286  INFO [pool-225-thread-1] exec.SelectOperator: Initializing Operator: SEL[5]
2024-04-24T05:14:39,286  INFO [pool-225-thread-1] exec.SelectOperator: SELECT struct<key:struct<reducesinkkey0:int>,value:struct<_col0:int>>
2024-04-24T05:14:39,286  INFO [pool-225-thread-1] exec.FileSinkOperator: Initializing Operator: FS[6]
2024-04-24T05:14:39,287  INFO [pool-225-thread-1] exec.FileSinkOperator: Using serializer : AbstractSerDe [log=org.apache.logging.slf4j.Log4jLogger@a925655, configuration=Optional[Configuration: core-default.xml, core-site.xml, mapred-default.xml, mapred-site.xml, yarn-default.xml, yarn-site.xml, hdfs-default.xml, hdfs-site.xml, file:/home/alex/Repositories/hive/ql/target/tmp/TestTxnCommandsWithSplitUpdateAndVectorization/mapred/local/localRunner/alex/job_local2111846700_0047/job_local2111846700_0047.xml], properties={transactional_properties=default, name=default.acidtbl, transactional=true, columns.types=int:int, bucket_field_name=a, columns=a,b, numFilesErasureCoded=0, columns.comments=&amp#0;, bucketing_version=2, bucket_count=2, serialization.lib=org.apache.hadoop.hive.ql.io.orc.OrcSerde, file.inputformat=org.apache.hadoop.hive.ql.io.orc.OrcInputFormat, file.outputformat=org.apache.hadoop.hive.ql.io.orc.OrcOutputFormat, location=file:/home/alex/Repositories/hive/ql/target/tmp/org.apache.hadoop.hive.ql.TestTxnCommands-1713960750541/warehouse/acidtbl, column.name.delimiter=,}, tableProperties={transactional_properties=default, name=default.acidtbl, transactional=true, columns.types=int:int, bucket_field_name=a, columns=a,b, numFilesErasureCoded=0, columns.comments=&amp#0;, bucketing_version=2, bucket_count=2, serialization.lib=org.apache.hadoop.hive.ql.io.orc.OrcSerde, file.inputformat=org.apache.hadoop.hive.ql.io.orc.OrcInputFormat, location=file:/home/alex/Repositories/hive/ql/target/tmp/org.apache.hadoop.hive.ql.TestTxnCommands-1713960750541/warehouse/acidtbl, file.outputformat=org.apache.hadoop.hive.ql.io.orc.OrcOutputFormat, column.name.delimiter=,}, partitionProperties=Optional.empty, columnNames=[a, b], columnTypes=[int, int], getClass()=class org.apache.hadoop.hive.ql.io.orc.OrcSerde] and formatter : org.apache.hadoop.hive.ql.io.orc.OrcOutputFormat@4544ea72
2024-04-24T05:14:39,287  INFO [pool-225-thread-1] exec.FileSinkOperator: Final Path: FS file:/home/alex/Repositories/hive/ql/target/tmp/org.apache.hadoop.hive.ql.TestTxnCommands-1713960750541/warehouse/acidtbl
2024-04-24T05:14:39,287  INFO [pool-225-thread-1] exec.FileSinkOperator: New Final Path: FS file:/home/alex/Repositories/hive/ql/target/tmp/org.apache.hadoop.hive.ql.TestTxnCommands-1713960750541/warehouse/acidtbl
2024-04-24T05:14:39,287  INFO [pool-225-thread-1] common.FileUtils: Creating directory if it doesn't exist: file:/home/alex/Repositories/hive/ql/target/tmp/org.apache.hadoop.hive.ql.TestTxnCommands-1713960750541/warehouse
2024-04-24T05:14:39,287  INFO [pool-225-thread-1] exec.FileSinkOperator: FS[6]: records written - 1
2024-04-24T05:14:39,288  INFO [pool-225-thread-1] impl.PhysicalFsWriter: ORC writer created for path: file:/home/alex/Repositories/hive/ql/target/tmp/org.apache.hadoop.hive.ql.TestTxnCommands-1713960750541/warehouse/acidtbl/delta_0000002_0000002_0000/bucket_00001_0 with stripeSize: 8388608 blockSize: 268435456 compression: Compress: ZLIB buffer: 32768
2024-04-24T05:14:39,292  INFO [pool-225-thread-1] impl.WriterImpl: ORC writer created for path: file:/home/alex/Repositories/hive/ql/target/tmp/org.apache.hadoop.hive.ql.TestTxnCommands-1713960750541/warehouse/acidtbl/delta_0000002_0000002_0000/bucket_00001_0 with stripeSize: 8388608 options: Compress: ZLIB buffer: 32768
2024-04-24T05:14:39,292  INFO [pool-225-thread-1] exec.SelectOperator: Closing Operator: SEL[5]
2024-04-24T05:14:39,292  INFO [pool-225-thread-1] exec.SelectOperator: RECORDS_OUT_INTERMEDIATE:0, RECORDS_OUT_OPERATOR_SEL_5:1, 
2024-04-24T05:14:39,292  INFO [pool-225-thread-1] exec.FileSinkOperator: Closing Operator: FS[6]
2024-04-24T05:14:39,292  INFO [pool-225-thread-1] exec.FileSinkOperator: FS[6]: records written - 1
2024-04-24T05:14:39,294  INFO [pool-225-thread-1] FileOperations: Writing manifest to file:/home/alex/Repositories/hive/ql/target/tmp/org.apache.hadoop.hive.ql.TestTxnCommands-1713960750541/warehouse/acidtbl/_tmp.delta_0000002_0000002_0000/000001_0.manifest with [file:/home/alex/Repositories/hive/ql/target/tmp/org.apache.hadoop.hive.ql.TestTxnCommands-1713960750541/warehouse/acidtbl/delta_0000002_0000002_0000/bucket_00001_0]
2024-04-24T05:14:39,303  INFO [pool-225-thread-1] exec.FileSinkOperator: RECORDS_OUT_INTERMEDIATE:0, TOTAL_TABLE_ROWS_WRITTEN:1, RECORDS_OUT_1_default.acidtbl:1, RECORDS_OUT_OPERATOR_FS_6:1, 
2024-04-24T05:14:39,303  INFO [pool-225-thread-1] mapred.Task: Task:attempt_local2111846700_0047_r_000001_0 is done. And is in the process of committing
2024-04-24T05:14:39,303  INFO [pool-225-thread-1] mapred.LocalJobRunner: reduce > reduce
2024-04-24T05:14:39,303  INFO [pool-225-thread-1] mapred.Task: Task 'attempt_local2111846700_0047_r_000001_0' done.
2024-04-24T05:14:39,303  INFO [pool-225-thread-1] mapred.Task: Final Counters for attempt_local2111846700_0047_r_000001_0: Counters: 30
	File System Counters
		FILE: Number of bytes read=1097882
		FILE: Number of bytes written=58936681
		FILE: Number of read operations=0
		FILE: Number of large read operations=0
		FILE: Number of write operations=0
	Map-Reduce Framework
		Combine input records=0
		Combine output records=0
		Reduce input groups=1
		Reduce shuffle bytes=24
		Reduce input records=1
		Reduce output records=0
		Spilled Records=1
		Shuffled Maps =1
		Failed Shuffles=0
		Merged Map outputs=1
		GC time elapsed (ms)=0
		Total committed heap usage (bytes)=1239416832
	HIVE
		CREATED_FILES=1
		RECORDS_OUT_1_default.acidtbl=1
		RECORDS_OUT_INTERMEDIATE=0
		RECORDS_OUT_OPERATOR_FS_6=1
		RECORDS_OUT_OPERATOR_SEL_5=1
		TOTAL_TABLE_ROWS_WRITTEN=1
	Shuffle Errors
		BAD_ID=0
		CONNECTION=0
		IO_ERROR=0
		WRONG_LENGTH=0
		WRONG_MAP=0
		WRONG_REDUCE=0
	File Output Format Counters 
		Bytes Written=0
2024-04-24T05:14:39,303  INFO [pool-225-thread-1] mapred.LocalJobRunner: Finishing task: attempt_local2111846700_0047_r_000001_0
2024-04-24T05:14:39,304  INFO [Thread-3868] mapred.LocalJobRunner: reduce task executor complete.
2024-04-24 05:14:40,194 Stage-1 map = 100%,  reduce = 100%
2024-04-24T05:14:40,194  INFO [main] exec.Task: 2024-04-24 05:14:40,194 Stage-1 map = 100%,  reduce = 100%
Ended Job = job_local2111846700_0047
2024-04-24T05:14:40,196  INFO [main] exec.Task: Ended Job = job_local2111846700_0047
2024-04-24T05:14:40,197  INFO [main] FileOperations: Found manifest file file:/home/alex/Repositories/hive/ql/target/tmp/org.apache.hadoop.hive.ql.TestTxnCommands-1713960750541/warehouse/acidtbl/_tmp.delta_0000002_0000002_0000/000000_0.manifest with attemptId 0.
2024-04-24T05:14:40,197  INFO [main] FileOperations: Found manifest file file:/home/alex/Repositories/hive/ql/target/tmp/org.apache.hadoop.hive.ql.TestTxnCommands-1713960750541/warehouse/acidtbl/_tmp.delta_0000002_0000002_0000/000001_0.manifest with attemptId 0.
2024-04-24T05:14:40,197  INFO [main] FileOperations: Looking at manifest file: file:/home/alex/Repositories/hive/ql/target/tmp/org.apache.hadoop.hive.ql.TestTxnCommands-1713960750541/warehouse/acidtbl/_tmp.delta_0000002_0000002_0000/000001_0.manifest
2024-04-24T05:14:40,197  INFO [main] FileOperations: Looking at manifest file: file:/home/alex/Repositories/hive/ql/target/tmp/org.apache.hadoop.hive.ql.TestTxnCommands-1713960750541/warehouse/acidtbl/_tmp.delta_0000002_0000002_0000/000000_0.manifest
2024-04-24T05:14:40,197  INFO [main] FileOperations: Deleting manifest directory file:/home/alex/Repositories/hive/ql/target/tmp/org.apache.hadoop.hive.ql.TestTxnCommands-1713960750541/warehouse/acidtbl/_tmp.delta_0000002_0000002_0000
2024-04-24T05:14:40,198  INFO [main] ql.Driver: Starting task [Stage-0:MOVE] in serial mode
Loading data to table default.acidtbl
2024-04-24T05:14:40,199  INFO [main] exec.Task: Loading data to table default.acidtbl from file:/home/alex/Repositories/hive/ql/target/tmp/org.apache.hadoop.hive.ql.TestTxnCommands-1713960750541/warehouse/acidtbl
2024-04-24T05:14:40,199  INFO [main] HiveMetaStore.audit: ugi=alex	ip=unknown-ip-addr	cmd=get_table : tbl=hive.default.acidtbl	
2024-04-24T05:14:40,205  INFO [main] metastore.HMSHandler: Skipping translation for processor with null
2024-04-24T05:14:40,205  INFO [main] HiveMetaStore.audit: ugi=alex	ip=unknown-ip-addr	cmd=get_table : tbl=hive.default.acidtbl	
2024-04-24T05:14:40,212  INFO [main] metastore.HMSHandler: Skipping translation for processor with null
2024-04-24T05:14:40,212  INFO [main] HiveMetaStore.audit: ugi=alex	ip=unknown-ip-addr	cmd=alter_table: hive.default.acidtbl newtbl=acidtbl	
2024-04-24T05:14:40,231  INFO [main] ql.Driver: Starting task [Stage-2:STATS] in serial mode
2024-04-24T05:14:40,231  INFO [main] HiveMetaStore.audit: ugi=alex	ip=unknown-ip-addr	cmd=get_table : tbl=hive.default.acidtbl	
2024-04-24T05:14:40,237  INFO [main] metastore.HMSHandler: Skipping translation for processor with null
2024-04-24T05:14:40,237  INFO [main] stats.BasicStatsTask: Executing stats task
2024-04-24T05:14:40,237  INFO [main] fs.FSStatsPublisher: created : file:/home/alex/Repositories/hive/ql/target/tmp/localscratchdir/e080d8d7-65d9-4d23-bca6-93f469f18d04/hive_2024-04-24_05-14-38_770_8578387844455840835-1/-mr-10000
2024-04-24T05:14:40,239  INFO [main] HiveMetaStore.audit: ugi=alex	ip=unknown-ip-addr	cmd=get_table : tbl=hive.default.acidtbl	
2024-04-24T05:14:40,245  INFO [main] metastore.HMSHandler: Skipping translation for processor with null
2024-04-24T05:14:40,266  WARN [main] FileOperations: Computing stats for an ACID table; stats may be inaccurate
2024-04-24T05:14:40,267  INFO [main] FileOperations: Read stats for default.acidtbl/, numRows, true, 2, false: 
2024-04-24T05:14:40,267  INFO [main] FileOperations: Read stats for default.acidtbl/, rawDataSize, true, 0, false: 
2024-04-24T05:14:40,267  INFO [main] HiveMetaStore.audit: ugi=alex	ip=unknown-ip-addr	cmd=alter_table: hive.default.acidtbl newtbl=acidtbl	
2024-04-24T05:14:40,288  INFO [main] FileOperations: Read stats for default.acidtbl/, insertCount, true, 2, false: 
2024-04-24T05:14:40,288  INFO [main] FileOperations: Read stats for default.acidtbl/, updateCount, true, 0, false: 
2024-04-24T05:14:40,288  INFO [main] FileOperations: Read stats for default.acidtbl/, deleteCount, true, 0, false: 
2024-04-24T05:14:40,288  INFO [main] stats.BasicStatsTask: Table default.acidtbl stats: [numFiles=4, numRows=4, totalSize=2695, rawDataSize=0, numFilesErasureCoded=0]
2024-04-24T05:14:40,288  INFO [main] metadata.Hive: Dumping metastore api call timing information for : execution phase
2024-04-24T05:14:40,288  INFO [main] metadata.Hive: Total time spent in each metastore function (ms): {updateTransactionalStatistics_(UpdateTransactionalStatsRequest)=0, alter_table_(String, String, String, Table, EnvironmentContext, String)=40, isCompatibleWith_(Configuration)=0, getTable_(GetTableRequest)=25}
MapReduce Jobs Launched: 
2024-04-24T05:14:40,288  INFO [main] ql.Driver: MapReduce Jobs Launched: 
Stage-Stage-1:  HDFS Read: 0 HDFS Write: 0 SUCCESS
2024-04-24T05:14:40,289  INFO [main] ql.Driver: Stage-Stage-1:  HDFS Read: 0 HDFS Write: 0 SUCCESS
Total MapReduce CPU Time Spent: 0 msec
2024-04-24T05:14:40,289  INFO [main] ql.Driver: Total MapReduce CPU Time Spent: 0 msec
2024-04-24T05:14:40,289  INFO [main] ql.Driver: Completed executing command(queryId=alex_20240424051438_3e09ce8b-f710-4f8b-8956-ef8ffcb2b9e7); Time taken: 1.367 seconds
2024-04-24T05:14:40,289  INFO [main] ql.TxnCommandsBaseForTests: Running the query: select a,b from acidTbl order by a,b
2024-04-24T05:14:40,289  INFO [main] ql.Context: Deleting scratch dir: file:/home/alex/Repositories/hive/ql/target/tmp/localscratchdir/e080d8d7-65d9-4d23-bca6-93f469f18d04/hive_2024-04-24_05-14-38_770_8578387844455840835-1
2024-04-24T05:14:40,290  INFO [main] cleanup.SyncCleanupService: Deleted directory: file:/home/alex/Repositories/hive/ql/target/tmp/localscratchdir/e080d8d7-65d9-4d23-bca6-93f469f18d04/hive_2024-04-24_05-14-38_770_8578387844455840835-1 on fs with scheme file
2024-04-24T05:14:40,290  INFO [main] ql.Driver: Compiling command(queryId=alex_20240424051440_4597ea12-278f-45db-9d21-7aa6bed094ea): select a,b from acidTbl order by a,b
2024-04-24T05:14:40,290  INFO [main] parse.CalcitePlanner: Starting caching scope for: 
2024-04-24T05:14:40,290  INFO [main] parse.CalcitePlanner: Starting Semantic Analysis
2024-04-24T05:14:40,291  INFO [main] parse.CalcitePlanner: Completed phase 1 of Semantic Analysis
2024-04-24T05:14:40,291  INFO [main] parse.CalcitePlanner: Get metadata for source tables
2024-04-24T05:14:40,291  INFO [main] HiveMetaStore.audit: ugi=alex	ip=unknown-ip-addr	cmd=get_table : tbl=hive.default.acidtbl	
2024-04-24T05:14:40,298  INFO [main] metastore.HMSHandler: Skipping translation for processor with null
2024-04-24T05:14:40,298  INFO [main] parse.CalcitePlanner: Get metadata for subqueries
2024-04-24T05:14:40,298  INFO [main] parse.CalcitePlanner: Get metadata for destination tables
2024-04-24T05:14:40,298  INFO [main] parse.CalcitePlanner: Completed getting MetaData in Semantic Analysis
2024-04-24T05:14:40,310  INFO [main] HiveMetaStore.audit: ugi=alex	ip=unknown-ip-addr	cmd=get_all_table_constraints : tbl=hive.default.acidtbl	
2024-04-24T05:14:40,318  INFO [main] calcite.RelOptHiveTable: Calculating column statistics for default.acidtbl, projIndxSet: [0, 1], allowMissingStats: true
2024-04-24T05:14:40,319  INFO [main] HiveMetaStore.audit: ugi=alex	ip=unknown-ip-addr	cmd=get_table : tbl=hive.default.acidtbl	
2024-04-24T05:14:40,327  INFO [main] metastore.HMSHandler: Skipping translation for processor with null
2024-04-24T05:14:40,328  INFO [main] HiveMetaStore.audit: ugi=alex	ip=unknown-ip-addr	cmd=get_table : tbl=hive.default.acidtbl	
2024-04-24T05:14:40,337  INFO [main] metastore.HMSHandler: Skipping translation for processor with null
2024-04-24T05:14:40,337  INFO [main] HiveMetaStore.audit: ugi=alex	ip=unknown-ip-addr	cmd=get_table_statistics_req: table=hive.default.acidtbl	
2024-04-24T05:14:40,345  WARN [main] calcite.RelOptHiveTable: No Stats for default@acidtbl, Columns: a, b
No Stats for default@acidtbl, Columns: a, b
2024-04-24T05:14:40,345  INFO [main] SessionState: No Stats for default@acidtbl, Columns: a, b
2024-04-24T05:14:40,387  INFO [main] parse.CalcitePlanner: Get metadata for source tables
2024-04-24T05:14:40,388  INFO [main] parse.CalcitePlanner: Get metadata for subqueries
2024-04-24T05:14:40,388  INFO [main] parse.CalcitePlanner: Get metadata for destination tables
2024-04-24T05:14:40,388  INFO [main] common.FileUtils: Creating directory if it doesn't exist: file:/home/alex/Repositories/hive/ql/target/tmp/localscratchdir/e080d8d7-65d9-4d23-bca6-93f469f18d04/hive_2024-04-24_05-14-40_290_4870627204000372799-1/-mr-10001/.hive-staging_hive_2024-04-24_05-14-40_290_4870627204000372799-1
2024-04-24T05:14:40,395  INFO [main] parse.CalcitePlanner: CBO Succeeded; optimized logical plan.
2024-04-24T05:14:40,397  INFO [main] optimizer.ColumnPrunerProcFactory: RS 2 oldColExprMap: {KEY.reducesinkkey1=Column[_col1], KEY.reducesinkkey0=Column[_col0]}
2024-04-24T05:14:40,398  INFO [main] optimizer.ColumnPrunerProcFactory: RS 2 newColExprMap: {KEY.reducesinkkey1=Column[_col1], KEY.reducesinkkey0=Column[_col0]}
2024-04-24T05:14:40,399  INFO [main] optimizer.SortedDynPartitionOptimizer: Sorted dynamic partitioning optimization kicked in..
2024-04-24T05:14:40,407  INFO [main] physical.Vectorizer: Examining input format to see if vectorization is enabled.
2024-04-24T05:14:40,407  INFO [main] physical.Vectorizer: Vectorization is enabled for input format(s) [org.apache.hadoop.hive.ql.io.orc.OrcInputFormat]
2024-04-24T05:14:40,407  INFO [main] physical.Vectorizer: Validating and vectorizing MapWork... (vectorizedVertexNum 0)
2024-04-24T05:14:40,408  INFO [main] physical.Vectorizer: Map vectorization enabled: true
2024-04-24T05:14:40,408  INFO [main] physical.Vectorizer: Map vectorized: true
2024-04-24T05:14:40,408  INFO [main] physical.Vectorizer: Map vectorizedVertexNum: 0
2024-04-24T05:14:40,408  INFO [main] physical.Vectorizer: Map enabledConditionsMet: [hive.vectorized.use.vectorized.input.format IS true]
2024-04-24T05:14:40,408  INFO [main] physical.Vectorizer: Map inputFileFormatClassNameSet: [org.apache.hadoop.hive.ql.io.orc.OrcInputFormat]
2024-04-24T05:14:40,408  INFO [main] physical.Vectorizer: Reduce vectorization enabled: false
2024-04-24T05:14:40,408  INFO [main] physical.Vectorizer: Reduce vectorized: false
2024-04-24T05:14:40,408  INFO [main] physical.Vectorizer: Reduce vectorizedVertexNum: 1
2024-04-24T05:14:40,408  INFO [main] physical.Vectorizer: Reducer hive.vectorized.execution.reduce.enabled: true
2024-04-24T05:14:40,408  INFO [main] physical.Vectorizer: Reducer engine: mr
2024-04-24T05:14:40,408  INFO [main] parse.CalcitePlanner: Completed plan generation
2024-04-24T05:14:40,408  INFO [main] parse.CalcitePlanner: Ending caching scope for: 
2024-04-24T05:14:40,408  INFO [main] ql.Driver: Semantic Analysis Completed (retrial = false)
2024-04-24T05:14:40,408  INFO [main] ql.Driver: Created Hive schema: Schema(fieldSchemas:[FieldSchema(name:a, type:int, comment:null), FieldSchema(name:b, type:int, comment:null)], properties:null)
2024-04-24T05:14:40,409  INFO [main] exec.ListSinkOperator: Initializing Operator: LIST_SINK[7]
2024-04-24T05:14:40,409  INFO [main] metadata.Hive: Dumping metastore api call timing information for : compilation phase
2024-04-24T05:14:40,410  INFO [main] metadata.Hive: Total time spent in each metastore function (ms): {getTable_(GetTableRequest)=7, isCompatibleWith_(Configuration)=0, flushCache_()=0, getValidWriteIds_(List, String)=1, getAllTableConstraints_(AllTableConstraintsRequest)=5, getTableColumnStatistics_(String, String, List, String)=27}
2024-04-24T05:14:40,410  INFO [main] ql.Driver: Completed compiling command(queryId=alex_20240424051440_4597ea12-278f-45db-9d21-7aa6bed094ea); Time taken: 0.119 seconds
2024-04-24T05:14:40,410  INFO [main] lockmgr.DbTxnManager: Setting lock request transaction to txnid:15 for queryId=alex_20240424051440_4597ea12-278f-45db-9d21-7aa6bed094ea
2024-04-24T05:14:40,410  INFO [main] lockmgr.DbLockManager: Requesting lock for queryId=alex_20240424051440_4597ea12-278f-45db-9d21-7aa6bed094ea
2024-04-24T05:14:40,423  INFO [main] lockmgr.DbLockManager: Response to queryId=alex_20240424051440_4597ea12-278f-45db-9d21-7aa6bed094ea LockResponse(lockid:10, state:ACQUIRED)
2024-04-24T05:14:40,423  INFO [main] ql.Driver: Operation QUERY obtained 1 locks
2024-04-24T05:14:40,424  INFO [main] ql.Driver: Executing command(queryId=alex_20240424051440_4597ea12-278f-45db-9d21-7aa6bed094ea): select a,b from acidTbl order by a,b
2024-04-24T05:14:40,424  WARN [main] ql.Driver: Hive-on-MR is deprecated in Hive 2 and may not be available in the future versions. Consider using a different execution engine (i.e. spark, tez) or using Hive 1.X releases.
Query ID = alex_20240424051440_4597ea12-278f-45db-9d21-7aa6bed094ea
2024-04-24T05:14:40,424  INFO [main] ql.Driver: Query ID = alex_20240424051440_4597ea12-278f-45db-9d21-7aa6bed094ea
Total jobs = 1
2024-04-24T05:14:40,424  INFO [main] ql.Driver: Total jobs = 1
Launching Job 1 out of 1
2024-04-24T05:14:40,424  INFO [main] ql.Driver: Launching Job 1 out of 1
2024-04-24T05:14:40,565  INFO [main] ql.Driver: Starting task [Stage-1:MAPRED] in serial mode
Number of reduce tasks determined at compile time: 1
2024-04-24T05:14:40,565  INFO [main] exec.Task: Number of reduce tasks determined at compile time: 1
In order to change the average load for a reducer (in bytes):
2024-04-24T05:14:40,565  INFO [main] exec.Task: In order to change the average load for a reducer (in bytes):
  set hive.exec.reducers.bytes.per.reducer=<number>
2024-04-24T05:14:40,565  INFO [main] exec.Task:   set hive.exec.reducers.bytes.per.reducer=<number>
In order to limit the maximum number of reducers:
2024-04-24T05:14:40,565  INFO [main] exec.Task: In order to limit the maximum number of reducers:
  set hive.exec.reducers.max=<number>
2024-04-24T05:14:40,565  INFO [main] exec.Task:   set hive.exec.reducers.max=<number>
In order to set a constant number of reducers:
2024-04-24T05:14:40,565  INFO [main] exec.Task: In order to set a constant number of reducers:
  set mapreduce.job.reduces=<number>
2024-04-24T05:14:40,565  INFO [main] exec.Task:   set mapreduce.job.reduces=<number>
2024-04-24T05:14:40,567  INFO [main] mr.ExecDriver: Using org.apache.hadoop.hive.ql.io.HiveInputFormat
2024-04-24T05:14:40,567  INFO [main] exec.Utilities: Processing alias acidtbl
2024-04-24T05:14:40,568  INFO [main] exec.Utilities: Adding 1 inputs; the first input is file:/home/alex/Repositories/hive/ql/target/tmp/org.apache.hadoop.hive.ql.TestTxnCommands-1713960750541/warehouse/acidtbl
2024-04-24T05:14:40,577  INFO [main] exec.SerializationUtilities: Serializing MapWork using kryo
2024-04-24T05:14:40,578  INFO [main] exec.Utilities: Serialized plan (via FILE) - name: null size: 6,04KB
2024-04-24T05:14:40,582  INFO [main] exec.SerializationUtilities: Serializing ReduceWork using kryo
2024-04-24T05:14:40,583  INFO [main] exec.Utilities: Serialized plan (via FILE) - name: null size: 7,01KB
2024-04-24T05:14:40,584  WARN [main] impl.MetricsSystemImpl: JobTracker metrics system already initialized!
2024-04-24T05:14:40,589  WARN [main] impl.MetricsSystemImpl: JobTracker metrics system already initialized!
2024-04-24T05:14:40,596  WARN [main] mapreduce.JobResourceUploader: Hadoop command-line option parsing not performed. Implement the Tool interface and execute your application with ToolRunner to remedy this.
2024-04-24T05:14:40,600  WARN [main] mapreduce.JobResourceUploader: No job jar file set.  User classes may not be found. See Job or Job#setJar(String).
2024-04-24T05:14:40,601  INFO [main] io.HiveInputFormat: hive.io.file.readcolumn.ids = 0,1
2024-04-24T05:14:40,601  INFO [main] io.HiveInputFormat: hive.io.file.readcolumn.names = a,b
2024-04-24T05:14:40,601  INFO [main] io.HiveInputFormat: Generating splits for dirs: file:/home/alex/Repositories/hive/ql/target/tmp/org.apache.hadoop.hive.ql.TestTxnCommands-1713960750541/warehouse/acidtbl
2024-04-24T05:14:40,601  INFO [main] orc.OrcInputFormat: getSplits started
2024-04-24T05:14:40,601  INFO [main] orc.OrcInputFormat: Context:: isAcid: true isVectorMode: true sarg: null minSplitSize: 1 maxSplitSize: 256000000 splitStrategy: HYBRID footerInSplits: false numBuckets: 2 numThreads: 10 cacheMemSize: 268435456 cacheStripeDetails: true useSoftReference: false writeIdList: default.acidtbl:2:9223372036854775807:: isTransactionalTable: true txnProperties: default 
2024-04-24T05:14:40,601  INFO [main] orc.OrcInputFormat: ORC pushdown predicate: null
2024-04-24T05:14:40,623  INFO [main] orc.OrcInputFormat: FooterCacheHitRatio: 0/4
2024-04-24T05:14:40,623  INFO [main] orc.OrcInputFormat: getSplits finished (#splits: 4). duration: 22 ms
2024-04-24T05:14:40,623  INFO [main] io.HiveInputFormat: number of splits 4
2024-04-24T05:14:40,640  INFO [main] mapreduce.JobSubmitter: number of splits:4
2024-04-24T05:14:40,657  INFO [main] mapreduce.JobSubmitter: Submitting tokens for job: job_local1259998250_0048
2024-04-24T05:14:40,657  INFO [main] mapreduce.JobSubmitter: Executing with tokens: []
2024-04-24T05:14:40,716  INFO [main] mapreduce.Job: The url to track the job: http://localhost:8080/
Job running in-process (local Hadoop)
2024-04-24T05:14:40,716  INFO [main] exec.Task: Job running in-process (local Hadoop)
2024-04-24T05:14:40,717  INFO [Thread-3953] mapred.LocalJobRunner: OutputCommitter set in config org.apache.hadoop.hive.ql.io.HiveFileFormatUtils$NullOutputCommitter
2024-04-24T05:14:40,717  INFO [Thread-3953] mapred.LocalJobRunner: OutputCommitter is org.apache.hadoop.hive.ql.io.HiveFileFormatUtils$NullOutputCommitter
2024-04-24T05:14:40,719  INFO [Thread-3953] mapred.LocalJobRunner: Waiting for map tasks
2024-04-24T05:14:40,719  INFO [LocalJobRunner Map Task Executor #0] mapred.LocalJobRunner: Starting task: attempt_local1259998250_0048_m_000000_0
2024-04-24T05:14:40,720  INFO [LocalJobRunner Map Task Executor #0] mapred.Task:  Using ResourceCalculatorProcessTree : [ ]
2024-04-24T05:14:40,720  INFO [LocalJobRunner Map Task Executor #0] mapred.MapTask: Processing split: org.apache.hadoop.hive.ql.io.orc.OrcInputFormat:OrcSplit [file:/home/alex/Repositories/hive/ql/target/tmp/org.apache.hadoop.hive.ql.TestTxnCommands-1713960750541/warehouse/acidtbl/delta_0000002_0000002_0000/bucket_00001_0, start=0, length=679, isOriginal=false, fileLength=679, hasFooter=false, hasBase=true, deltas=0]
2024-04-24T05:14:40,721  INFO [LocalJobRunner Map Task Executor #0] exec.SerializationUtilities: Deserializing MapWork using kryo
2024-04-24T05:14:40,721  INFO [LocalJobRunner Map Task Executor #0] exec.Utilities: Deserialized plan (via FILE) - name: null size: 6,04KB
2024-04-24T05:14:40,721  INFO [LocalJobRunner Map Task Executor #0] orc.VectorizedOrcAcidRowBatchReader: Read ValidWriteIdList: default.acidtbl:2:9223372036854775807:::OrcSplit [file:/home/alex/Repositories/hive/ql/target/tmp/org.apache.hadoop.hive.ql.TestTxnCommands-1713960750541/warehouse/acidtbl/delta_0000002_0000002_0000/bucket_00001_0, start=0, length=679, isOriginal=false, fileLength=679, hasFooter=false, hasBase=true, deltas=0]
2024-04-24T05:14:40,722  INFO [LocalJobRunner Map Task Executor #0] orc.ReaderImpl: Reading ORC rows from file:/home/alex/Repositories/hive/ql/target/tmp/org.apache.hadoop.hive.ql.TestTxnCommands-1713960750541/warehouse/acidtbl/delta_0000002_0000002_0000/bucket_00001_0 with {include: [true, true, true], offset: 0, length: 679, schema: struct<a:int,b:int>, includeAcidColumns: false}
2024-04-24T05:14:40,723  INFO [LocalJobRunner Map Task Executor #0] mapred.MapTask: numReduceTasks: 1
2024-04-24T05:14:40,727  INFO [LocalJobRunner Map Task Executor #0] mapred.MapTask: (EQUATOR) 0 kvi 26214396(104857584)
2024-04-24T05:14:40,727  INFO [LocalJobRunner Map Task Executor #0] mapred.MapTask: mapreduce.task.io.sort.mb: 100
2024-04-24T05:14:40,727  INFO [LocalJobRunner Map Task Executor #0] mapred.MapTask: soft limit at 83886080
2024-04-24T05:14:40,727  INFO [LocalJobRunner Map Task Executor #0] mapred.MapTask: bufstart = 0; bufvoid = 104857600
2024-04-24T05:14:40,727  INFO [LocalJobRunner Map Task Executor #0] mapred.MapTask: kvstart = 26214396; length = 6553600
2024-04-24T05:14:40,728  INFO [LocalJobRunner Map Task Executor #0] mapred.MapTask: Map output collector class = org.apache.hadoop.mapred.MapTask$MapOutputBuffer
2024-04-24T05:14:40,728  INFO [LocalJobRunner Map Task Executor #0] vector.VectorMapOperator: Initializing Operator: MAP[0]
2024-04-24T05:14:40,728  INFO [LocalJobRunner Map Task Executor #0] mr.ExecMapper: 
<MAP>Id =0
  <Children>null
  <\Children>
  <Parent><\Parent>
<\MAP>
2024-04-24T05:14:40,729  INFO [LocalJobRunner Map Task Executor #0] exec.TableScanOperator: Initializing Operator: TS[0]
2024-04-24T05:14:40,729  INFO [LocalJobRunner Map Task Executor #0] vector.VectorSelectOperator: Initializing Operator: SEL[5]
2024-04-24T05:14:40,729  INFO [LocalJobRunner Map Task Executor #0] vector.VectorReduceSinkOperator: Initializing Operator: RS[6]
2024-04-24T05:14:40,729  INFO [LocalJobRunner Map Task Executor #0] vector.VectorReduceSinkOperator: Using tag = -1
2024-04-24T05:14:40,730  INFO [LocalJobRunner Map Task Executor #0] vector.VectorReduceSinkOperator: keys are [reducesinkkey0, reducesinkkey1] num distributions: 2
2024-04-24T05:14:40,730  INFO [LocalJobRunner Map Task Executor #0] vector.VectorReduceSinkOperator: RS[6]: records written - 1
2024-04-24T05:14:40,730  INFO [LocalJobRunner Map Task Executor #0] vector.VectorMapOperator: Closing Operator: MAP[0]
2024-04-24T05:14:40,730  INFO [LocalJobRunner Map Task Executor #0] vector.VectorMapOperator: DESERIALIZE_ERRORS:0, RECORDS_OUT_INTERMEDIATE:0, RECORDS_IN:1, RECORDS_OUT_OPERATOR_MAP_0:0, 
2024-04-24T05:14:40,730  INFO [LocalJobRunner Map Task Executor #0] exec.TableScanOperator: Closing Operator: TS[0]
2024-04-24T05:14:40,730  INFO [LocalJobRunner Map Task Executor #0] exec.TableScanOperator: RECORDS_OUT_OPERATOR_TS_0:1, RECORDS_OUT_INTERMEDIATE:0, 
2024-04-24T05:14:40,730  INFO [LocalJobRunner Map Task Executor #0] vector.VectorSelectOperator: Closing Operator: SEL[5]
2024-04-24T05:14:40,730  INFO [LocalJobRunner Map Task Executor #0] vector.VectorSelectOperator: RECORDS_OUT_OPERATOR_SEL_5:1, RECORDS_OUT_INTERMEDIATE:0, 
2024-04-24T05:14:40,730  INFO [LocalJobRunner Map Task Executor #0] vector.VectorReduceSinkOperator: Closing Operator: RS[6]
2024-04-24T05:14:40,730  INFO [LocalJobRunner Map Task Executor #0] vector.VectorReduceSinkOperator: RS[6]: Total records written - 1. abort - false
2024-04-24T05:14:40,730  INFO [LocalJobRunner Map Task Executor #0] vector.VectorReduceSinkOperator: RECORDS_OUT_INTERMEDIATE:1, RECORDS_OUT_OPERATOR_RS_6:1, 
2024-04-24T05:14:40,731  INFO [LocalJobRunner Map Task Executor #0] mapred.LocalJobRunner: 
2024-04-24T05:14:40,731  INFO [LocalJobRunner Map Task Executor #0] mapred.MapTask: Starting flush of map output
2024-04-24T05:14:40,731  INFO [LocalJobRunner Map Task Executor #0] mapred.MapTask: Spilling map output
2024-04-24T05:14:40,731  INFO [LocalJobRunner Map Task Executor #0] mapred.MapTask: bufstart = 0; bufend = 19; bufvoid = 104857600
2024-04-24T05:14:40,731  INFO [LocalJobRunner Map Task Executor #0] mapred.MapTask: kvstart = 26214396(104857584); kvend = 26214396(104857584); length = 1/6553600
2024-04-24T05:14:40,742  INFO [LocalJobRunner Map Task Executor #0] mapred.MapTask: Finished spill 0
2024-04-24T05:14:40,745  INFO [LocalJobRunner Map Task Executor #0] mapred.Task: Task:attempt_local1259998250_0048_m_000000_0 is done. And is in the process of committing
2024-04-24T05:14:40,745  INFO [LocalJobRunner Map Task Executor #0] mapred.LocalJobRunner: OrcSplit [file:/home/alex/Repositories/hive/ql/target/tmp/org.apache.hadoop.hive.ql.TestTxnCommands-1713960750541/warehouse/acidtbl/delta_0000002_0000002_0000/bucket_00001_0, start=0, length=679, isOriginal=false, fileLength=679, hasFooter=false, hasBase=true, deltas=0]
2024-04-24T05:14:40,745  INFO [LocalJobRunner Map Task Executor #0] mapred.Task: Task 'attempt_local1259998250_0048_m_000000_0' done.
2024-04-24T05:14:40,745  INFO [LocalJobRunner Map Task Executor #0] mapred.Task: Final Counters for attempt_local1259998250_0048_m_000000_0: Counters: 24
	File System Counters
		FILE: Number of bytes read=1109512
		FILE: Number of bytes written=60192187
		FILE: Number of read operations=0
		FILE: Number of large read operations=0
		FILE: Number of write operations=0
	Map-Reduce Framework
		Map input records=1
		Map output records=1
		Map output bytes=19
		Map output materialized bytes=27
		Input split bytes=495
		Combine input records=0
		Spilled Records=1
		Failed Shuffles=0
		Merged Map outputs=0
		GC time elapsed (ms)=0
		Total committed heap usage (bytes)=1239416832
	HIVE
		DESERIALIZE_ERRORS=0
		RECORDS_IN=1
		RECORDS_OUT_INTERMEDIATE=1
		RECORDS_OUT_OPERATOR_MAP_0=0
		RECORDS_OUT_OPERATOR_RS_6=1
		RECORDS_OUT_OPERATOR_SEL_5=1
		RECORDS_OUT_OPERATOR_TS_0=1
	File Input Format Counters 
		Bytes Read=8893
2024-04-24T05:14:40,745  INFO [LocalJobRunner Map Task Executor #0] mapred.LocalJobRunner: Finishing task: attempt_local1259998250_0048_m_000000_0
2024-04-24T05:14:40,745  INFO [LocalJobRunner Map Task Executor #0] mapred.LocalJobRunner: Starting task: attempt_local1259998250_0048_m_000001_0
2024-04-24T05:14:40,746  INFO [LocalJobRunner Map Task Executor #0] mapred.Task:  Using ResourceCalculatorProcessTree : [ ]
2024-04-24T05:14:40,746  INFO [LocalJobRunner Map Task Executor #0] mapred.MapTask: Processing split: org.apache.hadoop.hive.ql.io.orc.OrcInputFormat:OrcSplit [file:/home/alex/Repositories/hive/ql/target/tmp/org.apache.hadoop.hive.ql.TestTxnCommands-1713960750541/warehouse/acidtbl/delta_0000001_0000001_0000/bucket_00001_0, start=0, length=673, isOriginal=false, fileLength=673, hasFooter=false, hasBase=true, deltas=0]
2024-04-24T05:14:40,747  INFO [LocalJobRunner Map Task Executor #0] exec.SerializationUtilities: Deserializing MapWork using kryo
2024-04-24T05:14:40,747  INFO [LocalJobRunner Map Task Executor #0] exec.Utilities: Deserialized plan (via FILE) - name: null size: 6,04KB
2024-04-24T05:14:40,747  INFO [LocalJobRunner Map Task Executor #0] orc.VectorizedOrcAcidRowBatchReader: Read ValidWriteIdList: default.acidtbl:2:9223372036854775807:::OrcSplit [file:/home/alex/Repositories/hive/ql/target/tmp/org.apache.hadoop.hive.ql.TestTxnCommands-1713960750541/warehouse/acidtbl/delta_0000001_0000001_0000/bucket_00001_0, start=0, length=673, isOriginal=false, fileLength=673, hasFooter=false, hasBase=true, deltas=0]
2024-04-24T05:14:40,748  INFO [LocalJobRunner Map Task Executor #0] orc.ReaderImpl: Reading ORC rows from file:/home/alex/Repositories/hive/ql/target/tmp/org.apache.hadoop.hive.ql.TestTxnCommands-1713960750541/warehouse/acidtbl/delta_0000001_0000001_0000/bucket_00001_0 with {include: [true, true, true], offset: 0, length: 673, schema: struct<a:int,b:int>, includeAcidColumns: false}
2024-04-24T05:14:40,748  INFO [LocalJobRunner Map Task Executor #0] mapred.MapTask: numReduceTasks: 1
2024-04-24T05:14:40,753  INFO [LocalJobRunner Map Task Executor #0] mapred.MapTask: (EQUATOR) 0 kvi 26214396(104857584)
2024-04-24T05:14:40,753  INFO [LocalJobRunner Map Task Executor #0] mapred.MapTask: mapreduce.task.io.sort.mb: 100
2024-04-24T05:14:40,753  INFO [LocalJobRunner Map Task Executor #0] mapred.MapTask: soft limit at 83886080
2024-04-24T05:14:40,753  INFO [LocalJobRunner Map Task Executor #0] mapred.MapTask: bufstart = 0; bufvoid = 104857600
2024-04-24T05:14:40,753  INFO [LocalJobRunner Map Task Executor #0] mapred.MapTask: kvstart = 26214396; length = 6553600
2024-04-24T05:14:40,753  INFO [LocalJobRunner Map Task Executor #0] mapred.MapTask: Map output collector class = org.apache.hadoop.mapred.MapTask$MapOutputBuffer
2024-04-24T05:14:40,754  INFO [LocalJobRunner Map Task Executor #0] vector.VectorMapOperator: Initializing Operator: MAP[0]
2024-04-24T05:14:40,754  INFO [LocalJobRunner Map Task Executor #0] mr.ExecMapper: 
<MAP>Id =0
  <Children>null
  <\Children>
  <Parent><\Parent>
<\MAP>
2024-04-24T05:14:40,755  INFO [LocalJobRunner Map Task Executor #0] exec.TableScanOperator: Initializing Operator: TS[0]
2024-04-24T05:14:40,755  INFO [LocalJobRunner Map Task Executor #0] vector.VectorSelectOperator: Initializing Operator: SEL[5]
2024-04-24T05:14:40,755  INFO [LocalJobRunner Map Task Executor #0] vector.VectorReduceSinkOperator: Initializing Operator: RS[6]
2024-04-24T05:14:40,755  INFO [LocalJobRunner Map Task Executor #0] vector.VectorReduceSinkOperator: Using tag = -1
2024-04-24T05:14:40,755  INFO [LocalJobRunner Map Task Executor #0] vector.VectorReduceSinkOperator: keys are [reducesinkkey0, reducesinkkey1] num distributions: 2
2024-04-24T05:14:40,755  INFO [LocalJobRunner Map Task Executor #0] vector.VectorReduceSinkOperator: RS[6]: records written - 1
2024-04-24T05:14:40,755  INFO [LocalJobRunner Map Task Executor #0] vector.VectorMapOperator: Closing Operator: MAP[0]
2024-04-24T05:14:40,755  INFO [LocalJobRunner Map Task Executor #0] vector.VectorMapOperator: RECORDS_IN:1, RECORDS_OUT_INTERMEDIATE:0, RECORDS_OUT_OPERATOR_MAP_0:0, DESERIALIZE_ERRORS:0, 
2024-04-24T05:14:40,756  INFO [LocalJobRunner Map Task Executor #0] exec.TableScanOperator: Closing Operator: TS[0]
2024-04-24T05:14:40,756  INFO [LocalJobRunner Map Task Executor #0] exec.TableScanOperator: RECORDS_OUT_OPERATOR_TS_0:1, RECORDS_OUT_INTERMEDIATE:0, 
2024-04-24T05:14:40,756  INFO [LocalJobRunner Map Task Executor #0] vector.VectorSelectOperator: Closing Operator: SEL[5]
2024-04-24T05:14:40,756  INFO [LocalJobRunner Map Task Executor #0] vector.VectorSelectOperator: RECORDS_OUT_INTERMEDIATE:0, RECORDS_OUT_OPERATOR_SEL_5:1, 
2024-04-24T05:14:40,756  INFO [LocalJobRunner Map Task Executor #0] vector.VectorReduceSinkOperator: Closing Operator: RS[6]
2024-04-24T05:14:40,756  INFO [LocalJobRunner Map Task Executor #0] vector.VectorReduceSinkOperator: RS[6]: Total records written - 1. abort - false
2024-04-24T05:14:40,756  INFO [LocalJobRunner Map Task Executor #0] vector.VectorReduceSinkOperator: RECORDS_OUT_INTERMEDIATE:1, RECORDS_OUT_OPERATOR_RS_6:1, 
2024-04-24T05:14:40,756  INFO [LocalJobRunner Map Task Executor #0] mapred.LocalJobRunner: 
2024-04-24T05:14:40,756  INFO [LocalJobRunner Map Task Executor #0] mapred.MapTask: Starting flush of map output
2024-04-24T05:14:40,756  INFO [LocalJobRunner Map Task Executor #0] mapred.MapTask: Spilling map output
2024-04-24T05:14:40,756  INFO [LocalJobRunner Map Task Executor #0] mapred.MapTask: bufstart = 0; bufend = 19; bufvoid = 104857600
2024-04-24T05:14:40,756  INFO [LocalJobRunner Map Task Executor #0] mapred.MapTask: kvstart = 26214396(104857584); kvend = 26214396(104857584); length = 1/6553600
2024-04-24T05:14:40,769  INFO [LocalJobRunner Map Task Executor #0] mapred.MapTask: Finished spill 0
2024-04-24T05:14:40,772  INFO [LocalJobRunner Map Task Executor #0] mapred.Task: Task:attempt_local1259998250_0048_m_000001_0 is done. And is in the process of committing
2024-04-24T05:14:40,773  INFO [LocalJobRunner Map Task Executor #0] mapred.LocalJobRunner: OrcSplit [file:/home/alex/Repositories/hive/ql/target/tmp/org.apache.hadoop.hive.ql.TestTxnCommands-1713960750541/warehouse/acidtbl/delta_0000001_0000001_0000/bucket_00001_0, start=0, length=673, isOriginal=false, fileLength=673, hasFooter=false, hasBase=true, deltas=0]
2024-04-24T05:14:40,773  INFO [LocalJobRunner Map Task Executor #0] mapred.Task: Task 'attempt_local1259998250_0048_m_000001_0' done.
2024-04-24T05:14:40,773  INFO [LocalJobRunner Map Task Executor #0] mapred.Task: Final Counters for attempt_local1259998250_0048_m_000001_0: Counters: 24
	File System Counters
		FILE: Number of bytes read=1120392
		FILE: Number of bytes written=60192246
		FILE: Number of read operations=0
		FILE: Number of large read operations=0
		FILE: Number of write operations=0
	Map-Reduce Framework
		Map input records=1
		Map output records=1
		Map output bytes=19
		Map output materialized bytes=27
		Input split bytes=495
		Combine input records=0
		Spilled Records=1
		Failed Shuffles=0
		Merged Map outputs=0
		GC time elapsed (ms)=0
		Total committed heap usage (bytes)=1239416832
	HIVE
		DESERIALIZE_ERRORS=0
		RECORDS_IN=1
		RECORDS_OUT_INTERMEDIATE=1
		RECORDS_OUT_OPERATOR_MAP_0=0
		RECORDS_OUT_OPERATOR_RS_6=1
		RECORDS_OUT_OPERATOR_SEL_5=1
		RECORDS_OUT_OPERATOR_TS_0=1
	File Input Format Counters 
		Bytes Read=8869
2024-04-24T05:14:40,773  INFO [LocalJobRunner Map Task Executor #0] mapred.LocalJobRunner: Finishing task: attempt_local1259998250_0048_m_000001_0
2024-04-24T05:14:40,773  INFO [LocalJobRunner Map Task Executor #0] mapred.LocalJobRunner: Starting task: attempt_local1259998250_0048_m_000002_0
2024-04-24T05:14:40,773  INFO [LocalJobRunner Map Task Executor #0] mapred.Task:  Using ResourceCalculatorProcessTree : [ ]
2024-04-24T05:14:40,774  INFO [LocalJobRunner Map Task Executor #0] mapred.MapTask: Processing split: org.apache.hadoop.hive.ql.io.orc.OrcInputFormat:OrcSplit [file:/home/alex/Repositories/hive/ql/target/tmp/org.apache.hadoop.hive.ql.TestTxnCommands-1713960750541/warehouse/acidtbl/delta_0000002_0000002_0000/bucket_00000_0, start=0, length=672, isOriginal=false, fileLength=672, hasFooter=false, hasBase=true, deltas=0]
2024-04-24T05:14:40,774  INFO [LocalJobRunner Map Task Executor #0] exec.SerializationUtilities: Deserializing MapWork using kryo
2024-04-24T05:14:40,774  INFO [LocalJobRunner Map Task Executor #0] exec.Utilities: Deserialized plan (via FILE) - name: null size: 6,04KB
2024-04-24T05:14:40,775  INFO [LocalJobRunner Map Task Executor #0] orc.VectorizedOrcAcidRowBatchReader: Read ValidWriteIdList: default.acidtbl:2:9223372036854775807:::OrcSplit [file:/home/alex/Repositories/hive/ql/target/tmp/org.apache.hadoop.hive.ql.TestTxnCommands-1713960750541/warehouse/acidtbl/delta_0000002_0000002_0000/bucket_00000_0, start=0, length=672, isOriginal=false, fileLength=672, hasFooter=false, hasBase=true, deltas=0]
2024-04-24T05:14:40,775  INFO [LocalJobRunner Map Task Executor #0] orc.ReaderImpl: Reading ORC rows from file:/home/alex/Repositories/hive/ql/target/tmp/org.apache.hadoop.hive.ql.TestTxnCommands-1713960750541/warehouse/acidtbl/delta_0000002_0000002_0000/bucket_00000_0 with {include: [true, true, true], offset: 0, length: 672, schema: struct<a:int,b:int>, includeAcidColumns: false}
2024-04-24T05:14:40,776  INFO [LocalJobRunner Map Task Executor #0] mapred.MapTask: numReduceTasks: 1
2024-04-24T05:14:40,791  INFO [LocalJobRunner Map Task Executor #0] mapred.MapTask: (EQUATOR) 0 kvi 26214396(104857584)
2024-04-24T05:14:40,791  INFO [LocalJobRunner Map Task Executor #0] mapred.MapTask: mapreduce.task.io.sort.mb: 100
2024-04-24T05:14:40,791  INFO [LocalJobRunner Map Task Executor #0] mapred.MapTask: soft limit at 83886080
2024-04-24T05:14:40,791  INFO [LocalJobRunner Map Task Executor #0] mapred.MapTask: bufstart = 0; bufvoid = 104857600
2024-04-24T05:14:40,791  INFO [LocalJobRunner Map Task Executor #0] mapred.MapTask: kvstart = 26214396; length = 6553600
2024-04-24T05:14:40,792  INFO [LocalJobRunner Map Task Executor #0] mapred.MapTask: Map output collector class = org.apache.hadoop.mapred.MapTask$MapOutputBuffer
2024-04-24T05:14:40,792  INFO [LocalJobRunner Map Task Executor #0] vector.VectorMapOperator: Initializing Operator: MAP[0]
2024-04-24T05:14:40,793  INFO [LocalJobRunner Map Task Executor #0] mr.ExecMapper: 
<MAP>Id =0
  <Children>null
  <\Children>
  <Parent><\Parent>
<\MAP>
2024-04-24T05:14:40,793  INFO [LocalJobRunner Map Task Executor #0] exec.TableScanOperator: Initializing Operator: TS[0]
2024-04-24T05:14:40,793  INFO [LocalJobRunner Map Task Executor #0] vector.VectorSelectOperator: Initializing Operator: SEL[5]
2024-04-24T05:14:40,793  INFO [LocalJobRunner Map Task Executor #0] vector.VectorReduceSinkOperator: Initializing Operator: RS[6]
2024-04-24T05:14:40,793  INFO [LocalJobRunner Map Task Executor #0] vector.VectorReduceSinkOperator: Using tag = -1
2024-04-24T05:14:40,794  INFO [LocalJobRunner Map Task Executor #0] vector.VectorReduceSinkOperator: keys are [reducesinkkey0, reducesinkkey1] num distributions: 2
2024-04-24T05:14:40,794  INFO [LocalJobRunner Map Task Executor #0] vector.VectorReduceSinkOperator: RS[6]: records written - 1
2024-04-24T05:14:40,794  INFO [LocalJobRunner Map Task Executor #0] vector.VectorMapOperator: Closing Operator: MAP[0]
2024-04-24T05:14:40,794  INFO [LocalJobRunner Map Task Executor #0] vector.VectorMapOperator: RECORDS_IN:1, RECORDS_OUT_OPERATOR_MAP_0:0, RECORDS_OUT_INTERMEDIATE:0, DESERIALIZE_ERRORS:0, 
2024-04-24T05:14:40,794  INFO [LocalJobRunner Map Task Executor #0] exec.TableScanOperator: Closing Operator: TS[0]
2024-04-24T05:14:40,794  INFO [LocalJobRunner Map Task Executor #0] exec.TableScanOperator: RECORDS_OUT_INTERMEDIATE:0, RECORDS_OUT_OPERATOR_TS_0:1, 
2024-04-24T05:14:40,794  INFO [LocalJobRunner Map Task Executor #0] vector.VectorSelectOperator: Closing Operator: SEL[5]
2024-04-24T05:14:40,794  INFO [LocalJobRunner Map Task Executor #0] vector.VectorSelectOperator: RECORDS_OUT_OPERATOR_SEL_5:1, RECORDS_OUT_INTERMEDIATE:0, 
2024-04-24T05:14:40,794  INFO [LocalJobRunner Map Task Executor #0] vector.VectorReduceSinkOperator: Closing Operator: RS[6]
2024-04-24T05:14:40,794  INFO [LocalJobRunner Map Task Executor #0] vector.VectorReduceSinkOperator: RS[6]: Total records written - 1. abort - false
2024-04-24T05:14:40,794  INFO [LocalJobRunner Map Task Executor #0] vector.VectorReduceSinkOperator: RECORDS_OUT_INTERMEDIATE:1, RECORDS_OUT_OPERATOR_RS_6:1, 
2024-04-24T05:14:40,794  INFO [LocalJobRunner Map Task Executor #0] mapred.LocalJobRunner: 
2024-04-24T05:14:40,794  INFO [LocalJobRunner Map Task Executor #0] mapred.MapTask: Starting flush of map output
2024-04-24T05:14:40,794  INFO [LocalJobRunner Map Task Executor #0] mapred.MapTask: Spilling map output
2024-04-24T05:14:40,794  INFO [LocalJobRunner Map Task Executor #0] mapred.MapTask: bufstart = 0; bufend = 19; bufvoid = 104857600
2024-04-24T05:14:40,794  INFO [LocalJobRunner Map Task Executor #0] mapred.MapTask: kvstart = 26214396(104857584); kvend = 26214396(104857584); length = 1/6553600
2024-04-24T05:14:40,803  INFO [LocalJobRunner Map Task Executor #0] mapred.MapTask: Finished spill 0
2024-04-24T05:14:40,807  INFO [LocalJobRunner Map Task Executor #0] mapred.Task: Task:attempt_local1259998250_0048_m_000002_0 is done. And is in the process of committing
2024-04-24T05:14:40,807  INFO [LocalJobRunner Map Task Executor #0] mapred.LocalJobRunner: OrcSplit [file:/home/alex/Repositories/hive/ql/target/tmp/org.apache.hadoop.hive.ql.TestTxnCommands-1713960750541/warehouse/acidtbl/delta_0000002_0000002_0000/bucket_00000_0, start=0, length=672, isOriginal=false, fileLength=672, hasFooter=false, hasBase=true, deltas=0]
2024-04-24T05:14:40,807  INFO [LocalJobRunner Map Task Executor #0] mapred.Task: Task 'attempt_local1259998250_0048_m_000002_0' done.
2024-04-24T05:14:40,807  INFO [LocalJobRunner Map Task Executor #0] mapred.Task: Final Counters for attempt_local1259998250_0048_m_000002_0: Counters: 24
	File System Counters
		FILE: Number of bytes read=1130756
		FILE: Number of bytes written=60192305
		FILE: Number of read operations=0
		FILE: Number of large read operations=0
		FILE: Number of write operations=0
	Map-Reduce Framework
		Map input records=1
		Map output records=1
		Map output bytes=19
		Map output materialized bytes=27
		Input split bytes=495
		Combine input records=0
		Spilled Records=1
		Failed Shuffles=0
		Merged Map outputs=0
		GC time elapsed (ms)=10
		Total committed heap usage (bytes)=1239941120
	HIVE
		DESERIALIZE_ERRORS=0
		RECORDS_IN=1
		RECORDS_OUT_INTERMEDIATE=1
		RECORDS_OUT_OPERATOR_MAP_0=0
		RECORDS_OUT_OPERATOR_RS_6=1
		RECORDS_OUT_OPERATOR_SEL_5=1
		RECORDS_OUT_OPERATOR_TS_0=1
	File Input Format Counters 
		Bytes Read=8865
2024-04-24T05:14:40,807  INFO [LocalJobRunner Map Task Executor #0] mapred.LocalJobRunner: Finishing task: attempt_local1259998250_0048_m_000002_0
2024-04-24T05:14:40,807  INFO [LocalJobRunner Map Task Executor #0] mapred.LocalJobRunner: Starting task: attempt_local1259998250_0048_m_000003_0
2024-04-24T05:14:40,808  INFO [LocalJobRunner Map Task Executor #0] mapred.Task:  Using ResourceCalculatorProcessTree : [ ]
2024-04-24T05:14:40,808  INFO [LocalJobRunner Map Task Executor #0] mapred.MapTask: Processing split: org.apache.hadoop.hive.ql.io.orc.OrcInputFormat:OrcSplit [file:/home/alex/Repositories/hive/ql/target/tmp/org.apache.hadoop.hive.ql.TestTxnCommands-1713960750541/warehouse/acidtbl/delta_0000001_0000001_0000/bucket_00000_0, start=0, length=671, isOriginal=false, fileLength=671, hasFooter=false, hasBase=true, deltas=0]
2024-04-24T05:14:40,809  INFO [LocalJobRunner Map Task Executor #0] exec.SerializationUtilities: Deserializing MapWork using kryo
2024-04-24T05:14:40,809  INFO [LocalJobRunner Map Task Executor #0] exec.Utilities: Deserialized plan (via FILE) - name: null size: 6,04KB
2024-04-24T05:14:40,810  INFO [LocalJobRunner Map Task Executor #0] orc.VectorizedOrcAcidRowBatchReader: Read ValidWriteIdList: default.acidtbl:2:9223372036854775807:::OrcSplit [file:/home/alex/Repositories/hive/ql/target/tmp/org.apache.hadoop.hive.ql.TestTxnCommands-1713960750541/warehouse/acidtbl/delta_0000001_0000001_0000/bucket_00000_0, start=0, length=671, isOriginal=false, fileLength=671, hasFooter=false, hasBase=true, deltas=0]
2024-04-24T05:14:40,810  INFO [LocalJobRunner Map Task Executor #0] orc.ReaderImpl: Reading ORC rows from file:/home/alex/Repositories/hive/ql/target/tmp/org.apache.hadoop.hive.ql.TestTxnCommands-1713960750541/warehouse/acidtbl/delta_0000001_0000001_0000/bucket_00000_0 with {include: [true, true, true], offset: 0, length: 671, schema: struct<a:int,b:int>, includeAcidColumns: false}
2024-04-24T05:14:40,811  INFO [LocalJobRunner Map Task Executor #0] mapred.MapTask: numReduceTasks: 1
2024-04-24T05:14:40,815  INFO [LocalJobRunner Map Task Executor #0] mapred.MapTask: (EQUATOR) 0 kvi 26214396(104857584)
2024-04-24T05:14:40,815  INFO [LocalJobRunner Map Task Executor #0] mapred.MapTask: mapreduce.task.io.sort.mb: 100
2024-04-24T05:14:40,815  INFO [LocalJobRunner Map Task Executor #0] mapred.MapTask: soft limit at 83886080
2024-04-24T05:14:40,816  INFO [LocalJobRunner Map Task Executor #0] mapred.MapTask: bufstart = 0; bufvoid = 104857600
2024-04-24T05:14:40,816  INFO [LocalJobRunner Map Task Executor #0] mapred.MapTask: kvstart = 26214396; length = 6553600
2024-04-24T05:14:40,816  INFO [LocalJobRunner Map Task Executor #0] mapred.MapTask: Map output collector class = org.apache.hadoop.mapred.MapTask$MapOutputBuffer
2024-04-24T05:14:40,816  INFO [LocalJobRunner Map Task Executor #0] vector.VectorMapOperator: Initializing Operator: MAP[0]
2024-04-24T05:14:40,816  INFO [LocalJobRunner Map Task Executor #0] mr.ExecMapper: 
<MAP>Id =0
  <Children>null
  <\Children>
  <Parent><\Parent>
<\MAP>
2024-04-24T05:14:40,817  INFO [LocalJobRunner Map Task Executor #0] exec.TableScanOperator: Initializing Operator: TS[0]
2024-04-24T05:14:40,817  INFO [LocalJobRunner Map Task Executor #0] vector.VectorSelectOperator: Initializing Operator: SEL[5]
2024-04-24T05:14:40,817  INFO [LocalJobRunner Map Task Executor #0] vector.VectorReduceSinkOperator: Initializing Operator: RS[6]
2024-04-24T05:14:40,817  INFO [LocalJobRunner Map Task Executor #0] vector.VectorReduceSinkOperator: Using tag = -1
2024-04-24T05:14:40,818  INFO [LocalJobRunner Map Task Executor #0] vector.VectorReduceSinkOperator: keys are [reducesinkkey0, reducesinkkey1] num distributions: 2
2024-04-24T05:14:40,818  INFO [LocalJobRunner Map Task Executor #0] vector.VectorReduceSinkOperator: RS[6]: records written - 1
2024-04-24T05:14:40,818  INFO [LocalJobRunner Map Task Executor #0] vector.VectorMapOperator: Closing Operator: MAP[0]
2024-04-24T05:14:40,818  INFO [LocalJobRunner Map Task Executor #0] vector.VectorMapOperator: RECORDS_OUT_INTERMEDIATE:0, RECORDS_IN:1, DESERIALIZE_ERRORS:0, RECORDS_OUT_OPERATOR_MAP_0:0, 
2024-04-24T05:14:40,818  INFO [LocalJobRunner Map Task Executor #0] exec.TableScanOperator: Closing Operator: TS[0]
2024-04-24T05:14:40,818  INFO [LocalJobRunner Map Task Executor #0] exec.TableScanOperator: RECORDS_OUT_INTERMEDIATE:0, RECORDS_OUT_OPERATOR_TS_0:1, 
2024-04-24T05:14:40,818  INFO [LocalJobRunner Map Task Executor #0] vector.VectorSelectOperator: Closing Operator: SEL[5]
2024-04-24T05:14:40,818  INFO [LocalJobRunner Map Task Executor #0] vector.VectorSelectOperator: RECORDS_OUT_INTERMEDIATE:0, RECORDS_OUT_OPERATOR_SEL_5:1, 
2024-04-24T05:14:40,818  INFO [LocalJobRunner Map Task Executor #0] vector.VectorReduceSinkOperator: Closing Operator: RS[6]
2024-04-24T05:14:40,818  INFO [LocalJobRunner Map Task Executor #0] vector.VectorReduceSinkOperator: RS[6]: Total records written - 1. abort - false
2024-04-24T05:14:40,818  INFO [LocalJobRunner Map Task Executor #0] vector.VectorReduceSinkOperator: RECORDS_OUT_OPERATOR_RS_6:1, RECORDS_OUT_INTERMEDIATE:1, 
2024-04-24T05:14:40,818  INFO [LocalJobRunner Map Task Executor #0] mapred.LocalJobRunner: 
2024-04-24T05:14:40,818  INFO [LocalJobRunner Map Task Executor #0] mapred.MapTask: Starting flush of map output
2024-04-24T05:14:40,818  INFO [LocalJobRunner Map Task Executor #0] mapred.MapTask: Spilling map output
2024-04-24T05:14:40,818  INFO [LocalJobRunner Map Task Executor #0] mapred.MapTask: bufstart = 0; bufend = 19; bufvoid = 104857600
2024-04-24T05:14:40,818  INFO [LocalJobRunner Map Task Executor #0] mapred.MapTask: kvstart = 26214396(104857584); kvend = 26214396(104857584); length = 1/6553600
2024-04-24T05:14:40,827  INFO [LocalJobRunner Map Task Executor #0] mapred.MapTask: Finished spill 0
2024-04-24T05:14:40,830  INFO [LocalJobRunner Map Task Executor #0] mapred.Task: Task:attempt_local1259998250_0048_m_000003_0 is done. And is in the process of committing
2024-04-24T05:14:40,831  INFO [LocalJobRunner Map Task Executor #0] mapred.LocalJobRunner: OrcSplit [file:/home/alex/Repositories/hive/ql/target/tmp/org.apache.hadoop.hive.ql.TestTxnCommands-1713960750541/warehouse/acidtbl/delta_0000001_0000001_0000/bucket_00000_0, start=0, length=671, isOriginal=false, fileLength=671, hasFooter=false, hasBase=true, deltas=0]
2024-04-24T05:14:40,831  INFO [LocalJobRunner Map Task Executor #0] mapred.Task: Task 'attempt_local1259998250_0048_m_000003_0' done.
2024-04-24T05:14:40,831  INFO [LocalJobRunner Map Task Executor #0] mapred.Task: Final Counters for attempt_local1259998250_0048_m_000003_0: Counters: 24
	File System Counters
		FILE: Number of bytes read=1140604
		FILE: Number of bytes written=60192364
		FILE: Number of read operations=0
		FILE: Number of large read operations=0
		FILE: Number of write operations=0
	Map-Reduce Framework
		Map input records=1
		Map output records=1
		Map output bytes=19
		Map output materialized bytes=27
		Input split bytes=495
		Combine input records=0
		Spilled Records=1
		Failed Shuffles=0
		Merged Map outputs=0
		GC time elapsed (ms)=0
		Total committed heap usage (bytes)=1239941120
	HIVE
		DESERIALIZE_ERRORS=0
		RECORDS_IN=1
		RECORDS_OUT_INTERMEDIATE=1
		RECORDS_OUT_OPERATOR_MAP_0=0
		RECORDS_OUT_OPERATOR_RS_6=1
		RECORDS_OUT_OPERATOR_SEL_5=1
		RECORDS_OUT_OPERATOR_TS_0=1
	File Input Format Counters 
		Bytes Read=8861
2024-04-24T05:14:40,831  INFO [LocalJobRunner Map Task Executor #0] mapred.LocalJobRunner: Finishing task: attempt_local1259998250_0048_m_000003_0
2024-04-24T05:14:40,831  INFO [Thread-3953] mapred.LocalJobRunner: map task executor complete.
2024-04-24T05:14:40,832  INFO [Thread-3953] mapred.LocalJobRunner: Waiting for reduce tasks
2024-04-24T05:14:40,832  INFO [pool-230-thread-1] mapred.LocalJobRunner: Starting task: attempt_local1259998250_0048_r_000000_0
2024-04-24T05:14:40,832  INFO [pool-230-thread-1] mapred.Task:  Using ResourceCalculatorProcessTree : [ ]
2024-04-24T05:14:40,832  INFO [pool-230-thread-1] mapred.ReduceTask: Using ShuffleConsumerPlugin: org.apache.hadoop.mapreduce.task.reduce.Shuffle@55a450df
2024-04-24T05:14:40,832  WARN [pool-230-thread-1] impl.MetricsSystemImpl: JobTracker metrics system already initialized!
2024-04-24T05:14:40,833  INFO [pool-230-thread-1] reduce.MergeManagerImpl: MergerManager: memoryLimit=1336252800, maxSingleShuffleLimit=334063200, mergeThreshold=881926912, ioSortFactor=10, memToMemMergeOutputsThreshold=10
2024-04-24T05:14:40,834  INFO [EventFetcher for fetching Map Completion Events] reduce.EventFetcher: attempt_local1259998250_0048_r_000000_0 Thread started: EventFetcher for fetching Map Completion Events
2024-04-24T05:14:40,836  INFO [localfetcher#68] reduce.LocalFetcher: localfetcher#68 about to shuffle output of map attempt_local1259998250_0048_m_000001_0 decomp: 23 len: 27 to MEMORY
2024-04-24T05:14:40,836  INFO [localfetcher#68] reduce.InMemoryMapOutput: Read 23 bytes from map-output for attempt_local1259998250_0048_m_000001_0
2024-04-24T05:14:40,836  INFO [localfetcher#68] reduce.MergeManagerImpl: closeInMemoryFile -> map-output of size: 23, inMemoryMapOutputs.size() -> 1, commitMemory -> 0, usedMemory ->23
2024-04-24T05:14:40,839  INFO [localfetcher#68] reduce.LocalFetcher: localfetcher#68 about to shuffle output of map attempt_local1259998250_0048_m_000002_0 decomp: 23 len: 27 to MEMORY
2024-04-24T05:14:40,839  INFO [localfetcher#68] reduce.InMemoryMapOutput: Read 23 bytes from map-output for attempt_local1259998250_0048_m_000002_0
2024-04-24T05:14:40,839  INFO [localfetcher#68] reduce.MergeManagerImpl: closeInMemoryFile -> map-output of size: 23, inMemoryMapOutputs.size() -> 2, commitMemory -> 23, usedMemory ->46
2024-04-24T05:14:40,842  INFO [localfetcher#68] reduce.LocalFetcher: localfetcher#68 about to shuffle output of map attempt_local1259998250_0048_m_000000_0 decomp: 23 len: 27 to MEMORY
2024-04-24T05:14:40,842  INFO [localfetcher#68] reduce.InMemoryMapOutput: Read 23 bytes from map-output for attempt_local1259998250_0048_m_000000_0
2024-04-24T05:14:40,842  INFO [localfetcher#68] reduce.MergeManagerImpl: closeInMemoryFile -> map-output of size: 23, inMemoryMapOutputs.size() -> 3, commitMemory -> 46, usedMemory ->69
2024-04-24T05:14:40,846  INFO [localfetcher#68] reduce.LocalFetcher: localfetcher#68 about to shuffle output of map attempt_local1259998250_0048_m_000003_0 decomp: 23 len: 27 to MEMORY
2024-04-24T05:14:40,846  INFO [localfetcher#68] reduce.InMemoryMapOutput: Read 23 bytes from map-output for attempt_local1259998250_0048_m_000003_0
2024-04-24T05:14:40,846  INFO [localfetcher#68] reduce.MergeManagerImpl: closeInMemoryFile -> map-output of size: 23, inMemoryMapOutputs.size() -> 4, commitMemory -> 69, usedMemory ->92
2024-04-24T05:14:40,847  INFO [EventFetcher for fetching Map Completion Events] reduce.EventFetcher: EventFetcher is interrupted.. Returning
2024-04-24T05:14:40,848  INFO [pool-230-thread-1] mapred.LocalJobRunner: 4 / 4 copied.
2024-04-24T05:14:40,848  INFO [pool-230-thread-1] reduce.MergeManagerImpl: finalMerge called with 4 in-memory map-outputs and 0 on-disk map-outputs
2024-04-24T05:14:40,861  INFO [pool-230-thread-1] mapred.Merger: Merging 4 sorted segments
2024-04-24T05:14:40,861  INFO [pool-230-thread-1] mapred.Merger: Down to the last merge-pass, with 4 segments left of total size: 24 bytes
2024-04-24T05:14:40,868  INFO [pool-230-thread-1] reduce.MergeManagerImpl: Merged 4 segments, 92 bytes to disk to satisfy reduce memory limit
2024-04-24T05:14:40,868  INFO [pool-230-thread-1] reduce.MergeManagerImpl: Merging 1 files, 90 bytes from disk
2024-04-24T05:14:40,868  INFO [pool-230-thread-1] reduce.MergeManagerImpl: Merging 0 segments, 0 bytes from memory into reduce
2024-04-24T05:14:40,868  INFO [pool-230-thread-1] mapred.Merger: Merging 1 sorted segments
2024-04-24T05:14:40,869  INFO [pool-230-thread-1] mapred.Merger: Down to the last merge-pass, with 1 segments left of total size: 69 bytes
2024-04-24T05:14:40,869  INFO [pool-230-thread-1] mapred.LocalJobRunner: 4 / 4 copied.
2024-04-24T05:14:40,870  INFO [pool-230-thread-1] exec.SerializationUtilities: Deserializing ReduceWork using kryo
2024-04-24T05:14:40,871  INFO [pool-230-thread-1] exec.Utilities: Deserialized plan (via FILE) - name: null size: 7,01KB
2024-04-24T05:14:40,873  INFO [pool-230-thread-1] ExecReducer: 
<SEL>Id =3
  <Children>
    <FS>Id =4
      <Children>
      <\Children>
      <Parent>Id = 3 null<\Parent>
    <\FS>
  <\Children>
  <Parent><\Parent>
<\SEL>
2024-04-24T05:14:40,874  INFO [pool-230-thread-1] exec.SelectOperator: Initializing Operator: SEL[3]
2024-04-24T05:14:40,874  INFO [pool-230-thread-1] exec.SelectOperator: SELECT struct<key:struct<reducesinkkey0:int,reducesinkkey1:int>,value:struct<>>
2024-04-24T05:14:40,874  INFO [pool-230-thread-1] exec.FileSinkOperator: Initializing Operator: FS[4]
2024-04-24T05:14:40,875  INFO [pool-230-thread-1] exec.FileSinkOperator: Using serializer : class org.apache.hadoop.hive.serde2.lazy.LazySimpleSerDe [serdeParams=org.apache.hadoop.hive.serde2.lazy.LazySerDeParameters@4e763aea, cachedObjectInspector=org.apache.hadoop.hive.serde2.lazy.objectinspector.LazySimpleStructObjectInspector<org.apache.hadoop.hive.serde2.lazy.objectinspector.primitive.LazyIntObjectInspector@20e4e27f,org.apache.hadoop.hive.serde2.lazy.objectinspector.primitive.LazyIntObjectInspector@20e4e27f>, serializedSize=0, stats=org.apache.hadoop.hive.serde2.SerDeStats@150dc63b, lastOperationSerialize=false, lastOperationDeserialize=false [1, 2, 3, 4, 5, 6, 7, 8, 11, 14, 15, 16, 17, 18, 19, 20, 21, 22, 23, 24, 25, 26, 28, 29, 30, 31, -128, -127, -126, -125, -124, -123, -122, -121, -120, -119, -118, -117, -116, -115, -114, -113, -112, -111, -110, -109, -108, -107, -106, -105, -104, -103, -102, -101, -100, -99, -98, -97, -96, -95, -94, -93, -92, -91, -90, -89, -88, -87, -86, -85, -84, -83, -82, -81, -80, -79, -78, -77, -76, -75, -74, -73, -72, -71, -70, -69, -68, -67, -66, -65, -64, -63, -62, -61, -60, -59, -58, -57, -56, -55, -54, -53, -52, -51, -50, -49, -48, -47, -46, -45, -44, -43, -42, -41, -40, -39, -38, -37, -36, -35, -34, -33, -32, -31, -30, -29, -28, -27, -26, -25, -24, -23, -22, -21, -20, -19, -18, -17, -16, -15, -14, -13, -12, -11, -10, -9, -8, -7, -6, -5, -4, -3, -2, -1] : [_col0, _col1] : [int, int]] and formatter : org.apache.hadoop.hive.ql.io.HiveSequenceFileOutputFormat@e359d37
2024-04-24T05:14:40,876  INFO [pool-230-thread-1] exec.FileSinkOperator: Final Path: FS file:/home/alex/Repositories/hive/ql/target/tmp/localscratchdir/e080d8d7-65d9-4d23-bca6-93f469f18d04/hive_2024-04-24_05-14-40_290_4870627204000372799-1/-mr-10001/.hive-staging_hive_2024-04-24_05-14-40_290_4870627204000372799-1/_tmp.-ext-10002/000000_0
2024-04-24T05:14:40,876  INFO [pool-230-thread-1] exec.FileSinkOperator: Writing to temp file: FS file:/home/alex/Repositories/hive/ql/target/tmp/localscratchdir/e080d8d7-65d9-4d23-bca6-93f469f18d04/hive_2024-04-24_05-14-40_290_4870627204000372799-1/-mr-10001/.hive-staging_hive_2024-04-24_05-14-40_290_4870627204000372799-1/_task_tmp.-ext-10002/_tmp.000000_0
2024-04-24T05:14:40,876  INFO [pool-230-thread-1] exec.FileSinkOperator: New Final Path: FS file:/home/alex/Repositories/hive/ql/target/tmp/localscratchdir/e080d8d7-65d9-4d23-bca6-93f469f18d04/hive_2024-04-24_05-14-40_290_4870627204000372799-1/-mr-10001/.hive-staging_hive_2024-04-24_05-14-40_290_4870627204000372799-1/_tmp.-ext-10002/000000_0
2024-04-24T05:14:40,897  INFO [pool-230-thread-1] exec.FileSinkOperator: FS[4]: records written - 1
2024-04-24T05:14:40,897  INFO [pool-230-thread-1] exec.SelectOperator: Closing Operator: SEL[3]
2024-04-24T05:14:40,898  INFO [pool-230-thread-1] exec.SelectOperator: RECORDS_OUT_OPERATOR_SEL_3:4, RECORDS_OUT_INTERMEDIATE:0, 
2024-04-24T05:14:40,898  INFO [pool-230-thread-1] exec.FileSinkOperator: Closing Operator: FS[4]
2024-04-24T05:14:40,898  INFO [pool-230-thread-1] exec.FileSinkOperator: FS[4]: records written - 4
2024-04-24T05:14:40,899  INFO [pool-230-thread-1] exec.FileSinkOperator: RECORDS_OUT_OPERATOR_FS_4:4, RECORDS_OUT_INTERMEDIATE:0, RECORDS_OUT_0:4, 
2024-04-24T05:14:40,900  INFO [pool-230-thread-1] mapred.Task: Task:attempt_local1259998250_0048_r_000000_0 is done. And is in the process of committing
2024-04-24T05:14:40,901  INFO [pool-230-thread-1] mapred.LocalJobRunner: reduce > reduce
2024-04-24T05:14:40,901  INFO [pool-230-thread-1] mapred.Task: Task 'attempt_local1259998250_0048_r_000000_0' done.
2024-04-24T05:14:40,901  INFO [pool-230-thread-1] mapred.Task: Final Counters for attempt_local1259998250_0048_r_000000_0: Counters: 29
	File System Counters
		FILE: Number of bytes read=1148008
		FILE: Number of bytes written=60192617
		FILE: Number of read operations=0
		FILE: Number of large read operations=0
		FILE: Number of write operations=0
	Map-Reduce Framework
		Combine input records=0
		Combine output records=0
		Reduce input groups=4
		Reduce shuffle bytes=108
		Reduce input records=4
		Reduce output records=0
		Spilled Records=4
		Shuffled Maps =4
		Failed Shuffles=0
		Merged Map outputs=4
		GC time elapsed (ms)=0
		Total committed heap usage (bytes)=1239941120
	HIVE
		CREATED_FILES=1
		RECORDS_OUT_0=4
		RECORDS_OUT_INTERMEDIATE=0
		RECORDS_OUT_OPERATOR_FS_4=4
		RECORDS_OUT_OPERATOR_SEL_3=4
	Shuffle Errors
		BAD_ID=0
		CONNECTION=0
		IO_ERROR=0
		WRONG_LENGTH=0
		WRONG_MAP=0
		WRONG_REDUCE=0
	File Output Format Counters 
		Bytes Written=0
2024-04-24T05:14:40,901  INFO [pool-230-thread-1] mapred.LocalJobRunner: Finishing task: attempt_local1259998250_0048_r_000000_0
2024-04-24T05:14:40,901  INFO [Thread-3953] mapred.LocalJobRunner: reduce task executor complete.
2024-04-24 05:14:41,720 Stage-1 map = 100%,  reduce = 100%
2024-04-24T05:14:41,720  INFO [main] exec.Task: 2024-04-24 05:14:41,720 Stage-1 map = 100%,  reduce = 100%
Ended Job = job_local1259998250_0048
2024-04-24T05:14:41,722  INFO [main] exec.Task: Ended Job = job_local1259998250_0048
2024-04-24T05:14:41,724  INFO [main] metadata.Hive: Dumping metastore api call timing information for : execution phase
2024-04-24T05:14:41,724  INFO [main] metadata.Hive: Total time spent in each metastore function (ms): {}
MapReduce Jobs Launched: 
2024-04-24T05:14:41,724  INFO [main] ql.Driver: MapReduce Jobs Launched: 
Stage-Stage-1:  HDFS Read: 0 HDFS Write: 0 SUCCESS
2024-04-24T05:14:41,724  INFO [main] ql.Driver: Stage-Stage-1:  HDFS Read: 0 HDFS Write: 0 SUCCESS
Total MapReduce CPU Time Spent: 0 msec
2024-04-24T05:14:41,724  INFO [main] ql.Driver: Total MapReduce CPU Time Spent: 0 msec
2024-04-24T05:14:41,724  INFO [main] ql.Driver: Completed executing command(queryId=alex_20240424051440_4597ea12-278f-45db-9d21-7aa6bed094ea); Time taken: 1.3 seconds
2024-04-24T05:14:41,728  INFO [main] mapred.FileInputFormat: Total input files to process : 1
2024-04-24T05:14:41,728  INFO [main] exec.ListSinkOperator: Closing Operator: LIST_SINK[7]
2024-04-24T05:14:41,728  INFO [main] exec.ListSinkOperator: RECORDS_OUT_INTERMEDIATE:0, RECORDS_OUT_OPERATOR_LIST_SINK_7:4, 
2024-04-24T05:14:41,728  INFO [main] ql.TxnCommandsBaseForTests: Running the query: update acidTbl set b = 1 where b != 1
2024-04-24T05:14:41,729  INFO [main] ql.Context: Deleting scratch dir: file:/home/alex/Repositories/hive/ql/target/tmp/localscratchdir/e080d8d7-65d9-4d23-bca6-93f469f18d04/hive_2024-04-24_05-14-40_290_4870627204000372799-1
2024-04-24T05:14:41,729  INFO [main] cleanup.SyncCleanupService: Deleted directory: file:/home/alex/Repositories/hive/ql/target/tmp/localscratchdir/e080d8d7-65d9-4d23-bca6-93f469f18d04/hive_2024-04-24_05-14-40_290_4870627204000372799-1 on fs with scheme file
2024-04-24T05:14:41,729  INFO [main] ql.Driver: Compiling command(queryId=alex_20240424051441_46d62458-69d1-4abb-b20a-501218ff7a1e): update acidTbl set b = 1 where b != 1
2024-04-24T05:14:41,730  INFO [main] parse.UpdateDeleteSemanticAnalyzer: Starting caching scope for: 
2024-04-24T05:14:41,730  INFO [main] HiveMetaStore.audit: ugi=alex	ip=unknown-ip-addr	cmd=get_table : tbl=hive.default.acidTbl	
2024-04-24T05:14:41,738  INFO [main] metastore.HMSHandler: Skipping translation for processor with null
2024-04-24T05:14:41,738  INFO [main] parse.RewriteSemanticAnalyzer: Going to reparse <update acidTbl set b = 1 where b != 1> as 
<insert into table `default`.`acidTbl` select ROW__ID,`a`,`b` from `default`.`acidTbl` sort by ROW__ID >
2024-04-24T05:14:41,738  INFO [main] parse.UpdateDeleteSemanticAnalyzer: Starting Semantic Analysis
2024-04-24T05:14:41,739  INFO [main] HiveMetaStore.audit: ugi=alex	ip=unknown-ip-addr	cmd=get_table : tbl=hive.default.acidTbl	
2024-04-24T05:14:41,747  INFO [main] metastore.HMSHandler: Skipping translation for processor with null
2024-04-24T05:14:41,747  INFO [main] parse.UpdateDeleteSemanticAnalyzer: Completed phase 1 of Semantic Analysis
2024-04-24T05:14:41,747  INFO [main] parse.UpdateDeleteSemanticAnalyzer: Get metadata for source tables
2024-04-24T05:14:41,748  INFO [main] HiveMetaStore.audit: ugi=alex	ip=unknown-ip-addr	cmd=get_table : tbl=hive.default.acidtbl	
2024-04-24T05:14:41,755  INFO [main] metastore.HMSHandler: Skipping translation for processor with null
2024-04-24T05:14:41,756  INFO [main] parse.UpdateDeleteSemanticAnalyzer: Get metadata for subqueries
2024-04-24T05:14:41,756  INFO [main] parse.UpdateDeleteSemanticAnalyzer: Get metadata for destination tables
2024-04-24T05:14:41,756  INFO [main] HiveMetaStore.audit: ugi=alex	ip=unknown-ip-addr	cmd=get_table : tbl=hive.default.acidTbl	
2024-04-24T05:14:41,762  INFO [main] metastore.HMSHandler: Skipping translation for processor with null
2024-04-24T05:14:41,762  INFO [main] parse.UpdateDeleteSemanticAnalyzer: Completed getting MetaData in Semantic Analysis
2024-04-24T05:14:41,762  INFO [main] parse.UpdateDeleteSemanticAnalyzer: Disabling LLAP IO encode as ETL query is detected
2024-04-24T05:14:41,775  INFO [main] HiveMetaStore.audit: ugi=alex	ip=unknown-ip-addr	cmd=get_all_table_constraints : tbl=hive.default.acidtbl	
2024-04-24T05:14:41,781  INFO [main] HiveMetaStore.audit: ugi=alex	ip=unknown-ip-addr	cmd=get_not_null_constraints : tbl=hive.default.acidtbl	
2024-04-24T05:14:41,782  INFO [main] HiveMetaStore.audit: ugi=alex	ip=unknown-ip-addr	cmd=get_check_constraints : tbl=hive.default.acidtbl	
2024-04-24T05:14:41,803  INFO [main] calcite.RelOptHiveTable: Calculating column statistics for default.acidtbl, projIndxSet: [0, 1], allowMissingStats: true
2024-04-24T05:14:41,803  INFO [main] HiveMetaStore.audit: ugi=alex	ip=unknown-ip-addr	cmd=get_table : tbl=hive.default.acidtbl	
2024-04-24T05:14:41,812  INFO [main] metastore.HMSHandler: Skipping translation for processor with null
2024-04-24T05:14:41,813  INFO [main] HiveMetaStore.audit: ugi=alex	ip=unknown-ip-addr	cmd=get_table : tbl=hive.default.acidtbl	
2024-04-24T05:14:41,822  INFO [main] metastore.HMSHandler: Skipping translation for processor with null
2024-04-24T05:14:41,822  INFO [main] HiveMetaStore.audit: ugi=alex	ip=unknown-ip-addr	cmd=get_table_statistics_req: table=hive.default.acidtbl	
2024-04-24T05:14:41,830  WARN [main] calcite.RelOptHiveTable: No Stats for default@acidtbl, Columns: a, b
No Stats for default@acidtbl, Columns: a, b
2024-04-24T05:14:41,830  INFO [main] SessionState: No Stats for default@acidtbl, Columns: a, b
2024-04-24T05:14:41,889  INFO [main] parse.UpdateDeleteSemanticAnalyzer: Get metadata for source tables
2024-04-24T05:14:41,890  INFO [main] parse.UpdateDeleteSemanticAnalyzer: Get metadata for subqueries
2024-04-24T05:14:41,890  INFO [main] parse.UpdateDeleteSemanticAnalyzer: Get metadata for destination tables
2024-04-24T05:14:41,890  INFO [main] HiveMetaStore.audit: ugi=alex	ip=unknown-ip-addr	cmd=get_table : tbl=hive.default.acidTbl	
2024-04-24T05:14:41,896  INFO [main] metastore.HMSHandler: Skipping translation for processor with null
2024-04-24T05:14:41,899 ERROR [main] parse.UpdateDeleteSemanticAnalyzer: CBO failed, skipping CBO. 
org.apache.hadoop.hive.ql.exec.NoMatchingMethodException: No matching method for class org.apache.hadoop.hive.ql.udf.UDFToInteger with (struct<writeid:bigint,bucketid:int,rowid:bigint>). Possible choices: _FUNC_(bigint)  _FUNC_(boolean)  _FUNC_(decimal(38,18))  _FUNC_(double)  _FUNC_(float)  _FUNC_(smallint)  _FUNC_(string)  _FUNC_(struct<writeid:bigint,rowid:int,bucketid:bigint>)  _FUNC_(timestamp)  _FUNC_(tinyint)  _FUNC_(void)  
	at org.apache.hadoop.hive.ql.exec.MethodUtils.getMethodInternal(MethodUtils.java:130) ~[classes/:?]
	at org.apache.hadoop.hive.ql.exec.MethodUtils.getMethodInternal(MethodUtils.java:60) ~[classes/:?]
	at org.apache.hadoop.hive.ql.exec.DefaultUDFMethodResolver.getEvalMethod(DefaultUDFMethodResolver.java:59) ~[classes/:?]
	at org.apache.hadoop.hive.ql.udf.TimestampCastRestrictorResolver.getEvalMethod(TimestampCastRestrictorResolver.java:68) ~[classes/:?]
	at org.apache.hadoop.hive.ql.udf.generic.GenericUDFBridge.initialize(GenericUDFBridge.java:168) ~[classes/:?]
	at org.apache.hadoop.hive.ql.udf.generic.GenericUDF.initializeAndFoldConstants(GenericUDF.java:149) ~[classes/:?]
	at org.apache.hadoop.hive.ql.plan.ExprNodeGenericFuncDesc.newInstance(ExprNodeGenericFuncDesc.java:235) ~[classes/:?]
	at org.apache.hadoop.hive.ql.parse.type.ExprNodeDescExprFactory.createFuncCallExpr(ExprNodeDescExprFactory.java:584) ~[classes/:?]
	at org.apache.hadoop.hive.ql.parse.type.ExprNodeDescExprFactory.createFuncCallExpr(ExprNodeDescExprFactory.java:97) ~[classes/:?]
	at org.apache.hadoop.hive.ql.parse.type.TypeCheckProcFactory$DefaultExprProcessor.getFuncExprNodeDescWithUdfData(TypeCheckProcFactory.java:762) ~[classes/:?]
	at org.apache.hadoop.hive.ql.parse.type.TypeCheckProcFactory$DefaultExprProcessor.createConversionCast(TypeCheckProcFactory.java:783) ~[classes/:?]
	at org.apache.hadoop.hive.ql.parse.SemanticAnalyzer.getPartitionColsFromBucketColsForUpdateDelete(SemanticAnalyzer.java:8725) ~[classes/:?]
	at org.apache.hadoop.hive.ql.parse.SemanticAnalyzer.genBucketingSortingDest(SemanticAnalyzer.java:6906) ~[classes/:?]
	at org.apache.hadoop.hive.ql.parse.SemanticAnalyzer.genFileSinkPlan(SemanticAnalyzer.java:7335) ~[classes/:?]
	at org.apache.hadoop.hive.ql.parse.SemanticAnalyzer.genPostGroupByBodyPlan(SemanticAnalyzer.java:11063) ~[classes/:?]
	at org.apache.hadoop.hive.ql.parse.SemanticAnalyzer.genBodyPlan(SemanticAnalyzer.java:10938) ~[classes/:?]
	at org.apache.hadoop.hive.ql.parse.SemanticAnalyzer.genPlan(SemanticAnalyzer.java:11853) ~[classes/:?]
	at org.apache.hadoop.hive.ql.parse.SemanticAnalyzer.genPlan(SemanticAnalyzer.java:11723) ~[classes/:?]
	at org.apache.hadoop.hive.ql.parse.CalcitePlanner.genOPTree(CalcitePlanner.java:626) ~[classes/:?]
	at org.apache.hadoop.hive.ql.parse.SemanticAnalyzer.analyzeInternal(SemanticAnalyzer.java:12558) ~[classes/:?]
	at org.apache.hadoop.hive.ql.parse.CalcitePlanner.analyzeInternal(CalcitePlanner.java:456) ~[classes/:?]
	at org.apache.hadoop.hive.ql.parse.RewriteSemanticAnalyzer.analyzeInternal(RewriteSemanticAnalyzer.java:67) ~[classes/:?]
	at org.apache.hadoop.hive.ql.parse.BaseSemanticAnalyzer.analyze(BaseSemanticAnalyzer.java:317) ~[classes/:?]
	at org.apache.hadoop.hive.ql.parse.UpdateDeleteSemanticAnalyzer.reparseAndSuperAnalyze(UpdateDeleteSemanticAnalyzer.java:208) ~[classes/:?]
	at org.apache.hadoop.hive.ql.parse.UpdateDeleteSemanticAnalyzer.analyzeUpdate(UpdateDeleteSemanticAnalyzer.java:63) ~[classes/:?]
	at org.apache.hadoop.hive.ql.parse.UpdateDeleteSemanticAnalyzer.analyze(UpdateDeleteSemanticAnalyzer.java:53) ~[classes/:?]
	at org.apache.hadoop.hive.ql.parse.RewriteSemanticAnalyzer.analyzeInternal(RewriteSemanticAnalyzer.java:72) ~[classes/:?]
	at org.apache.hadoop.hive.ql.parse.BaseSemanticAnalyzer.analyze(BaseSemanticAnalyzer.java:317) ~[classes/:?]
	at org.apache.hadoop.hive.ql.Compiler.analyze(Compiler.java:223) ~[classes/:?]
	at org.apache.hadoop.hive.ql.Compiler.compile(Compiler.java:105) ~[classes/:?]
	at org.apache.hadoop.hive.ql.Driver.compile(Driver.java:500) ~[classes/:?]
	at org.apache.hadoop.hive.ql.Driver.compileInternal(Driver.java:453) ~[classes/:?]
	at org.apache.hadoop.hive.ql.Driver.runInternal(Driver.java:181) ~[classes/:?]
	at org.apache.hadoop.hive.ql.Driver.run(Driver.java:153) ~[classes/:?]
	at org.apache.hadoop.hive.ql.Driver.run(Driver.java:140) ~[classes/:?]
	at org.apache.hadoop.hive.ql.TxnCommandsBaseForTests.runStatementOnDriver(TxnCommandsBaseForTests.java:245) ~[test-classes/:?]
	at org.apache.hadoop.hive.ql.TestTxnCommands.testUpdateDeleteOfInserts(TestTxnCommands.java:883) ~[test-classes/:?]
	at sun.reflect.NativeMethodAccessorImpl.invoke0(Native Method) ~[?:1.8.0_402]
	at sun.reflect.NativeMethodAccessorImpl.invoke(NativeMethodAccessorImpl.java:62) ~[?:1.8.0_402]
	at sun.reflect.DelegatingMethodAccessorImpl.invoke(DelegatingMethodAccessorImpl.java:43) ~[?:1.8.0_402]
	at java.lang.reflect.Method.invoke(Method.java:498) ~[?:1.8.0_402]
	at org.junit.runners.model.FrameworkMethod$1.runReflectiveCall(FrameworkMethod.java:59) ~[junit-4.13.jar:4.13]
	at org.junit.internal.runners.model.ReflectiveCallable.run(ReflectiveCallable.java:12) ~[junit-4.13.jar:4.13]
	at org.junit.runners.model.FrameworkMethod.invokeExplosively(FrameworkMethod.java:56) ~[junit-4.13.jar:4.13]
	at org.junit.internal.runners.statements.InvokeMethod.evaluate(InvokeMethod.java:17) ~[junit-4.13.jar:4.13]
	at org.junit.internal.runners.statements.RunBefores.evaluate(RunBefores.java:26) ~[junit-4.13.jar:4.13]
	at org.junit.internal.runners.statements.RunAfters.evaluate(RunAfters.java:27) ~[junit-4.13.jar:4.13]
	at org.junit.rules.TestWatcher$1.evaluate(TestWatcher.java:61) ~[junit-4.13.jar:4.13]
	at org.junit.runners.ParentRunner$3.evaluate(ParentRunner.java:306) ~[junit-4.13.jar:4.13]
	at org.junit.runners.BlockJUnit4ClassRunner$1.evaluate(BlockJUnit4ClassRunner.java:100) ~[junit-4.13.jar:4.13]
	at org.junit.runners.ParentRunner.runLeaf(ParentRunner.java:366) ~[junit-4.13.jar:4.13]
	at org.junit.runners.BlockJUnit4ClassRunner.runChild(BlockJUnit4ClassRunner.java:103) ~[junit-4.13.jar:4.13]
	at org.junit.runners.BlockJUnit4ClassRunner.runChild(BlockJUnit4ClassRunner.java:63) ~[junit-4.13.jar:4.13]
	at org.junit.runners.ParentRunner$4.run(ParentRunner.java:331) ~[junit-4.13.jar:4.13]
	at org.junit.runners.ParentRunner$1.schedule(ParentRunner.java:79) ~[junit-4.13.jar:4.13]
	at org.junit.runners.ParentRunner.runChildren(ParentRunner.java:329) ~[junit-4.13.jar:4.13]
	at org.junit.runners.ParentRunner.access$100(ParentRunner.java:66) ~[junit-4.13.jar:4.13]
	at org.junit.runners.ParentRunner$2.evaluate(ParentRunner.java:293) ~[junit-4.13.jar:4.13]
	at org.junit.runners.ParentRunner$3.evaluate(ParentRunner.java:306) ~[junit-4.13.jar:4.13]
	at org.junit.runners.ParentRunner.run(ParentRunner.java:413) ~[junit-4.13.jar:4.13]
	at org.junit.runner.JUnitCore.run(JUnitCore.java:137) ~[junit-4.13.jar:4.13]
	at org.junit.runner.JUnitCore.run(JUnitCore.java:115) ~[junit-4.13.jar:4.13]
	at org.junit.vintage.engine.execution.RunnerExecutor.execute(RunnerExecutor.java:43) ~[junit-vintage-engine-5.6.2.jar:5.6.2]
	at java.util.stream.ForEachOps$ForEachOp$OfRef.accept(ForEachOps.java:183) ~[?:1.8.0_402]
	at java.util.stream.ReferencePipeline$3$1.accept(ReferencePipeline.java:193) ~[?:1.8.0_402]
	at java.util.Iterator.forEachRemaining(Iterator.java:116) ~[?:1.8.0_402]
	at java.util.Spliterators$IteratorSpliterator.forEachRemaining(Spliterators.java:1801) ~[?:1.8.0_402]
	at java.util.stream.AbstractPipeline.copyInto(AbstractPipeline.java:482) ~[?:1.8.0_402]
	at java.util.stream.AbstractPipeline.wrapAndCopyInto(AbstractPipeline.java:472) ~[?:1.8.0_402]
	at java.util.stream.ForEachOps$ForEachOp.evaluateSequential(ForEachOps.java:150) ~[?:1.8.0_402]
	at java.util.stream.ForEachOps$ForEachOp$OfRef.evaluateSequential(ForEachOps.java:173) ~[?:1.8.0_402]
	at java.util.stream.AbstractPipeline.evaluate(AbstractPipeline.java:234) ~[?:1.8.0_402]
	at java.util.stream.ReferencePipeline.forEach(ReferencePipeline.java:485) ~[?:1.8.0_402]
	at org.junit.vintage.engine.VintageTestEngine.executeAllChildren(VintageTestEngine.java:82) ~[junit-vintage-engine-5.6.2.jar:5.6.2]
	at org.junit.vintage.engine.VintageTestEngine.execute(VintageTestEngine.java:73) ~[junit-vintage-engine-5.6.2.jar:5.6.2]
	at org.junit.platform.launcher.core.DefaultLauncher.execute(DefaultLauncher.java:248) ~[junit-platform-launcher-1.6.2.jar:1.6.2]
	at org.junit.platform.launcher.core.DefaultLauncher.lambda$execute$5(DefaultLauncher.java:211) ~[junit-platform-launcher-1.6.2.jar:1.6.2]
	at org.junit.platform.launcher.core.DefaultLauncher.withInterceptedStreams(DefaultLauncher.java:226) [junit-platform-launcher-1.6.2.jar:1.6.2]
	at org.junit.platform.launcher.core.DefaultLauncher.execute(DefaultLauncher.java:199) [junit-platform-launcher-1.6.2.jar:1.6.2]
	at org.junit.platform.launcher.core.DefaultLauncher.execute(DefaultLauncher.java:132) [junit-platform-launcher-1.6.2.jar:1.6.2]
	at org.apache.maven.surefire.junitplatform.JUnitPlatformProvider.invokeAllTests(JUnitPlatformProvider.java:154) [surefire-junit-platform-3.0.0-M4.jar:3.0.0-M4]
	at org.apache.maven.surefire.junitplatform.JUnitPlatformProvider.invoke(JUnitPlatformProvider.java:123) [surefire-junit-platform-3.0.0-M4.jar:3.0.0-M4]
	at org.apache.maven.surefire.booter.ForkedBooter.runSuitesInProcess(ForkedBooter.java:377) [surefire-booter-3.0.0-M4.jar:3.0.0-M4]
	at org.apache.maven.surefire.booter.ForkedBooter.execute(ForkedBooter.java:138) [surefire-booter-3.0.0-M4.jar:3.0.0-M4]
	at org.apache.maven.surefire.booter.ForkedBooter.run(ForkedBooter.java:465) [surefire-booter-3.0.0-M4.jar:3.0.0-M4]
	at org.apache.maven.surefire.booter.ForkedBooter.main(ForkedBooter.java:451) [surefire-booter-3.0.0-M4.jar:3.0.0-M4]
2024-04-24T05:14:41,900 ERROR [main] parse.UpdateDeleteSemanticAnalyzer: CBO failed due to missing column stats (see previous errors), skipping CBO
2024-04-24T05:14:41,900  INFO [main] parse.UpdateDeleteSemanticAnalyzer: Ending caching scope for: 
FAILED: NoMatchingMethodException No matching method for class org.apache.hadoop.hive.ql.udf.UDFToInteger with (struct<writeid:bigint,bucketid:int,rowid:bigint>). Possible choices: _FUNC_(bigint)  _FUNC_(boolean)  _FUNC_(decimal(38,18))  _FUNC_(double)  _FUNC_(float)  _FUNC_(smallint)  _FUNC_(string)  _FUNC_(struct<writeid:bigint,rowid:int,bucketid:bigint>)  _FUNC_(timestamp)  _FUNC_(tinyint)  _FUNC_(void)  
2024-04-24T05:14:41,900 ERROR [main] ql.Driver: FAILED: NoMatchingMethodException No matching method for class org.apache.hadoop.hive.ql.udf.UDFToInteger with (struct<writeid:bigint,bucketid:int,rowid:bigint>). Possible choices: _FUNC_(bigint)  _FUNC_(boolean)  _FUNC_(decimal(38,18))  _FUNC_(double)  _FUNC_(float)  _FUNC_(smallint)  _FUNC_(string)  _FUNC_(struct<writeid:bigint,rowid:int,bucketid:bigint>)  _FUNC_(timestamp)  _FUNC_(tinyint)  _FUNC_(void)  
org.apache.hadoop.hive.ql.exec.NoMatchingMethodException: No matching method for class org.apache.hadoop.hive.ql.udf.UDFToInteger with (struct<writeid:bigint,bucketid:int,rowid:bigint>). Possible choices: _FUNC_(bigint)  _FUNC_(boolean)  _FUNC_(decimal(38,18))  _FUNC_(double)  _FUNC_(float)  _FUNC_(smallint)  _FUNC_(string)  _FUNC_(struct<writeid:bigint,rowid:int,bucketid:bigint>)  _FUNC_(timestamp)  _FUNC_(tinyint)  _FUNC_(void)  
	at org.apache.hadoop.hive.ql.exec.MethodUtils.getMethodInternal(MethodUtils.java:130)
	at org.apache.hadoop.hive.ql.exec.MethodUtils.getMethodInternal(MethodUtils.java:60)
	at org.apache.hadoop.hive.ql.exec.DefaultUDFMethodResolver.getEvalMethod(DefaultUDFMethodResolver.java:59)
	at org.apache.hadoop.hive.ql.udf.TimestampCastRestrictorResolver.getEvalMethod(TimestampCastRestrictorResolver.java:68)
	at org.apache.hadoop.hive.ql.udf.generic.GenericUDFBridge.initialize(GenericUDFBridge.java:168)
	at org.apache.hadoop.hive.ql.udf.generic.GenericUDF.initializeAndFoldConstants(GenericUDF.java:149)
	at org.apache.hadoop.hive.ql.plan.ExprNodeGenericFuncDesc.newInstance(ExprNodeGenericFuncDesc.java:235)
	at org.apache.hadoop.hive.ql.parse.type.ExprNodeDescExprFactory.createFuncCallExpr(ExprNodeDescExprFactory.java:584)
	at org.apache.hadoop.hive.ql.parse.type.ExprNodeDescExprFactory.createFuncCallExpr(ExprNodeDescExprFactory.java:97)
	at org.apache.hadoop.hive.ql.parse.type.TypeCheckProcFactory$DefaultExprProcessor.getFuncExprNodeDescWithUdfData(TypeCheckProcFactory.java:762)
	at org.apache.hadoop.hive.ql.parse.type.TypeCheckProcFactory$DefaultExprProcessor.createConversionCast(TypeCheckProcFactory.java:783)
	at org.apache.hadoop.hive.ql.parse.SemanticAnalyzer.getPartitionColsFromBucketColsForUpdateDelete(SemanticAnalyzer.java:8725)
	at org.apache.hadoop.hive.ql.parse.SemanticAnalyzer.genBucketingSortingDest(SemanticAnalyzer.java:6906)
	at org.apache.hadoop.hive.ql.parse.SemanticAnalyzer.genFileSinkPlan(SemanticAnalyzer.java:7335)
	at org.apache.hadoop.hive.ql.parse.SemanticAnalyzer.genPostGroupByBodyPlan(SemanticAnalyzer.java:11063)
	at org.apache.hadoop.hive.ql.parse.SemanticAnalyzer.genBodyPlan(SemanticAnalyzer.java:10938)
	at org.apache.hadoop.hive.ql.parse.SemanticAnalyzer.genPlan(SemanticAnalyzer.java:11853)
	at org.apache.hadoop.hive.ql.parse.SemanticAnalyzer.genPlan(SemanticAnalyzer.java:11723)
	at org.apache.hadoop.hive.ql.parse.CalcitePlanner.genOPTree(CalcitePlanner.java:626)
	at org.apache.hadoop.hive.ql.parse.SemanticAnalyzer.analyzeInternal(SemanticAnalyzer.java:12558)
	at org.apache.hadoop.hive.ql.parse.CalcitePlanner.analyzeInternal(CalcitePlanner.java:456)
	at org.apache.hadoop.hive.ql.parse.RewriteSemanticAnalyzer.analyzeInternal(RewriteSemanticAnalyzer.java:67)
	at org.apache.hadoop.hive.ql.parse.BaseSemanticAnalyzer.analyze(BaseSemanticAnalyzer.java:317)
	at org.apache.hadoop.hive.ql.parse.UpdateDeleteSemanticAnalyzer.reparseAndSuperAnalyze(UpdateDeleteSemanticAnalyzer.java:208)
	at org.apache.hadoop.hive.ql.parse.UpdateDeleteSemanticAnalyzer.analyzeUpdate(UpdateDeleteSemanticAnalyzer.java:63)
	at org.apache.hadoop.hive.ql.parse.UpdateDeleteSemanticAnalyzer.analyze(UpdateDeleteSemanticAnalyzer.java:53)
	at org.apache.hadoop.hive.ql.parse.RewriteSemanticAnalyzer.analyzeInternal(RewriteSemanticAnalyzer.java:72)
	at org.apache.hadoop.hive.ql.parse.BaseSemanticAnalyzer.analyze(BaseSemanticAnalyzer.java:317)
	at org.apache.hadoop.hive.ql.Compiler.analyze(Compiler.java:223)
	at org.apache.hadoop.hive.ql.Compiler.compile(Compiler.java:105)
	at org.apache.hadoop.hive.ql.Driver.compile(Driver.java:500)
	at org.apache.hadoop.hive.ql.Driver.compileInternal(Driver.java:453)
	at org.apache.hadoop.hive.ql.Driver.runInternal(Driver.java:181)
	at org.apache.hadoop.hive.ql.Driver.run(Driver.java:153)
	at org.apache.hadoop.hive.ql.Driver.run(Driver.java:140)
	at org.apache.hadoop.hive.ql.TxnCommandsBaseForTests.runStatementOnDriver(TxnCommandsBaseForTests.java:245)
	at org.apache.hadoop.hive.ql.TestTxnCommands.testUpdateDeleteOfInserts(TestTxnCommands.java:883)
	at sun.reflect.NativeMethodAccessorImpl.invoke0(Native Method)
	at sun.reflect.NativeMethodAccessorImpl.invoke(NativeMethodAccessorImpl.java:62)
	at sun.reflect.DelegatingMethodAccessorImpl.invoke(DelegatingMethodAccessorImpl.java:43)
	at java.lang.reflect.Method.invoke(Method.java:498)
	at org.junit.runners.model.FrameworkMethod$1.runReflectiveCall(FrameworkMethod.java:59)
	at org.junit.internal.runners.model.ReflectiveCallable.run(ReflectiveCallable.java:12)
	at org.junit.runners.model.FrameworkMethod.invokeExplosively(FrameworkMethod.java:56)
	at org.junit.internal.runners.statements.InvokeMethod.evaluate(InvokeMethod.java:17)
	at org.junit.internal.runners.statements.RunBefores.evaluate(RunBefores.java:26)
	at org.junit.internal.runners.statements.RunAfters.evaluate(RunAfters.java:27)
	at org.junit.rules.TestWatcher$1.evaluate(TestWatcher.java:61)
	at org.junit.runners.ParentRunner$3.evaluate(ParentRunner.java:306)
	at org.junit.runners.BlockJUnit4ClassRunner$1.evaluate(BlockJUnit4ClassRunner.java:100)
	at org.junit.runners.ParentRunner.runLeaf(ParentRunner.java:366)
	at org.junit.runners.BlockJUnit4ClassRunner.runChild(BlockJUnit4ClassRunner.java:103)
	at org.junit.runners.BlockJUnit4ClassRunner.runChild(BlockJUnit4ClassRunner.java:63)
	at org.junit.runners.ParentRunner$4.run(ParentRunner.java:331)
	at org.junit.runners.ParentRunner$1.schedule(ParentRunner.java:79)
	at org.junit.runners.ParentRunner.runChildren(ParentRunner.java:329)
	at org.junit.runners.ParentRunner.access$100(ParentRunner.java:66)
	at org.junit.runners.ParentRunner$2.evaluate(ParentRunner.java:293)
	at org.junit.runners.ParentRunner$3.evaluate(ParentRunner.java:306)
	at org.junit.runners.ParentRunner.run(ParentRunner.java:413)
	at org.junit.runner.JUnitCore.run(JUnitCore.java:137)
	at org.junit.runner.JUnitCore.run(JUnitCore.java:115)
	at org.junit.vintage.engine.execution.RunnerExecutor.execute(RunnerExecutor.java:43)
	at java.util.stream.ForEachOps$ForEachOp$OfRef.accept(ForEachOps.java:183)
	at java.util.stream.ReferencePipeline$3$1.accept(ReferencePipeline.java:193)
	at java.util.Iterator.forEachRemaining(Iterator.java:116)
	at java.util.Spliterators$IteratorSpliterator.forEachRemaining(Spliterators.java:1801)
	at java.util.stream.AbstractPipeline.copyInto(AbstractPipeline.java:482)
	at java.util.stream.AbstractPipeline.wrapAndCopyInto(AbstractPipeline.java:472)
	at java.util.stream.ForEachOps$ForEachOp.evaluateSequential(ForEachOps.java:150)
	at java.util.stream.ForEachOps$ForEachOp$OfRef.evaluateSequential(ForEachOps.java:173)
	at java.util.stream.AbstractPipeline.evaluate(AbstractPipeline.java:234)
	at java.util.stream.ReferencePipeline.forEach(ReferencePipeline.java:485)
	at org.junit.vintage.engine.VintageTestEngine.executeAllChildren(VintageTestEngine.java:82)
	at org.junit.vintage.engine.VintageTestEngine.execute(VintageTestEngine.java:73)
	at org.junit.platform.launcher.core.DefaultLauncher.execute(DefaultLauncher.java:248)
	at org.junit.platform.launcher.core.DefaultLauncher.lambda$execute$5(DefaultLauncher.java:211)
	at org.junit.platform.launcher.core.DefaultLauncher.withInterceptedStreams(DefaultLauncher.java:226)
	at org.junit.platform.launcher.core.DefaultLauncher.execute(DefaultLauncher.java:199)
	at org.junit.platform.launcher.core.DefaultLauncher.execute(DefaultLauncher.java:132)
	at org.apache.maven.surefire.junitplatform.JUnitPlatformProvider.invokeAllTests(JUnitPlatformProvider.java:154)
	at org.apache.maven.surefire.junitplatform.JUnitPlatformProvider.invoke(JUnitPlatformProvider.java:123)
	at org.apache.maven.surefire.booter.ForkedBooter.runSuitesInProcess(ForkedBooter.java:377)
	at org.apache.maven.surefire.booter.ForkedBooter.execute(ForkedBooter.java:138)
	at org.apache.maven.surefire.booter.ForkedBooter.run(ForkedBooter.java:465)
	at org.apache.maven.surefire.booter.ForkedBooter.main(ForkedBooter.java:451)

2024-04-24T05:14:41,900  INFO [main] metadata.Hive: Dumping metastore api call timing information for : compilation phase
2024-04-24T05:14:41,900  INFO [main] metadata.Hive: Total time spent in each metastore function (ms): {getTable_(GetTableRequest)=35, getNotNullConstraints_(NotNullConstraintsRequest)=1, getAllTableConstraints_(AllTableConstraintsRequest)=4, getCheckConstraints_(CheckConstraintsRequest)=1, getTableColumnStatistics_(String, String, List, String)=27, isCompatibleWith_(Configuration)=1, flushCache_()=0, getValidWriteIds_(List, String)=1}
2024-04-24T05:14:41,901  INFO [main] ql.Driver: Completed compiling command(queryId=alex_20240424051441_46d62458-69d1-4abb-b20a-501218ff7a1e); Time taken: 0.171 seconds
2024-04-24T05:14:41,901  INFO [main] lockmgr.DbTxnManager: Stopped heartbeat for query: alex_20240424051440_4597ea12-278f-45db-9d21-7aa6bed094ea
2024-04-24T05:14:41,903  INFO [main] txn.TxnHandler: Removed transactions: ([15]) from MIN_HISTORY_LEVEL
2024-04-24T05:14:41,910  INFO [main] ql.TxnCommandsBaseForTests: Running the query: drop table if exists acidTbl
2024-04-24T05:14:41,911  INFO [main] ql.Driver: Compiling command(queryId=alex_20240424051441_4bf830dc-4587-426d-a54a-eec65c41ad09): drop table if exists acidTbl
2024-04-24T05:14:41,913  INFO [main] txn.TxnHandler: Added entries to MIN_HISTORY_LEVEL for current txns: ([16]) with min_open_txn: 16
2024-04-24T05:14:41,913  INFO [main] lockmgr.DbTxnManager: Opened txnid:16
2024-04-24T05:14:41,913  INFO [main] HiveMetaStore.audit: ugi=alex	ip=unknown-ip-addr	cmd=get_table : tbl=hive.default.acidTbl	
2024-04-24T05:14:41,919  INFO [main] metastore.HMSHandler: Skipping translation for processor with null
2024-04-24T05:14:41,919  INFO [main] ql.Driver: Semantic Analysis Completed (retrial = false)
2024-04-24T05:14:41,919  INFO [main] ql.Driver: Created Hive schema: Schema(fieldSchemas:null, properties:null)
2024-04-24T05:14:41,920  INFO [main] metadata.Hive: Dumping metastore api call timing information for : compilation phase
2024-04-24T05:14:41,920  INFO [main] metadata.Hive: Total time spent in each metastore function (ms): {openTxn_(String, TxnType)=2, getValidTxns_(long)=0, isCompatibleWith_(Configuration)=0, rollbackTxn_(long)=9, getTable_(GetTableRequest)=6, flushCache_()=0}
2024-04-24T05:14:41,920  INFO [main] ql.Driver: Completed compiling command(queryId=alex_20240424051441_4bf830dc-4587-426d-a54a-eec65c41ad09); Time taken: 0.008 seconds
2024-04-24T05:14:41,920  INFO [main] lockmgr.DbTxnManager: Setting lock request transaction to txnid:16 for queryId=alex_20240424051441_4bf830dc-4587-426d-a54a-eec65c41ad09
2024-04-24T05:14:41,920  INFO [main] lockmgr.DbLockManager: Requesting lock for queryId=alex_20240424051441_4bf830dc-4587-426d-a54a-eec65c41ad09
2024-04-24T05:14:41,935  INFO [main] lockmgr.DbLockManager: Response to queryId=alex_20240424051441_4bf830dc-4587-426d-a54a-eec65c41ad09 LockResponse(lockid:11, state:ACQUIRED)
2024-04-24T05:14:41,935  INFO [main] ql.Driver: Operation DROPTABLE obtained 1 locks
2024-04-24T05:14:41,935  INFO [main] ql.Driver: Executing command(queryId=alex_20240424051441_4bf830dc-4587-426d-a54a-eec65c41ad09): drop table if exists acidTbl
2024-04-24T05:14:41,935  INFO [main] ql.Driver: Starting task [Stage-0:DDL] in serial mode
2024-04-24T05:14:41,936  INFO [main] HiveMetaStore.audit: ugi=alex	ip=unknown-ip-addr	cmd=get_table : tbl=hive.default.acidTbl	
2024-04-24T05:14:41,942  INFO [main] metastore.HMSHandler: Skipping translation for processor with null
2024-04-24T05:14:41,942  INFO [main] HiveMetaStore.audit: ugi=alex	ip=unknown-ip-addr	cmd=get_table : tbl=hive.default.acidTbl	
2024-04-24T05:14:41,948  INFO [main] metastore.HMSHandler: Skipping translation for processor with null
2024-04-24T05:14:41,948  INFO [main] HiveMetaStore.audit: ugi=alex	ip=unknown-ip-addr	cmd=drop_table : tbl=hive.default.acidTbl	
2024-04-24T05:14:42,055  INFO [main] metadata.Hive: Dumping metastore api call timing information for : execution phase
2024-04-24T05:14:42,055  INFO [main] metadata.Hive: Total time spent in each metastore function (ms): {isCompatibleWith_(Configuration)=0, getTable_(GetTableRequest)=7, dropTable_(String, String, boolean, boolean, boolean)=113}
2024-04-24T05:14:42,055  INFO [main] ql.Driver: Completed executing command(queryId=alex_20240424051441_4bf830dc-4587-426d-a54a-eec65c41ad09); Time taken: 0.12 seconds
2024-04-24T05:14:42,056  INFO [main] lockmgr.DbTxnManager: Stopped heartbeat for query: alex_20240424051441_4bf830dc-4587-426d-a54a-eec65c41ad09
2024-04-24T05:14:42,060  INFO [main] txn.TxnHandler: Expected to move at least one record from txn_components to completed_txn_components when committing txn! txnid:16
2024-04-24T05:14:42,066  INFO [main] txn.TxnHandler: Removed transactions: ([16]) from MIN_HISTORY_LEVEL
2024-04-24T05:14:42,067  WARN [main] txn.CompactionTxnHandler: No compaction queue record found for Compaction type transaction commit. txnId:16
2024-04-24T05:14:42,068  INFO [main] ql.TxnCommandsBaseForTests: Running the query: drop table if exists acidTblPart
2024-04-24T05:14:42,068  INFO [main] ql.Driver: Compiling command(queryId=alex_20240424051442_50e399db-a7e6-4375-b00a-8ebb08459fcd): drop table if exists acidTblPart
2024-04-24T05:14:42,070  INFO [main] txn.TxnHandler: Added entries to MIN_HISTORY_LEVEL for current txns: ([17]) with min_open_txn: 16
2024-04-24T05:14:42,070  INFO [main] lockmgr.DbTxnManager: Opened txnid:17
2024-04-24T05:14:42,071  INFO [main] HiveMetaStore.audit: ugi=alex	ip=unknown-ip-addr	cmd=get_table : tbl=hive.default.acidTblPart	
2024-04-24T05:14:42,078  INFO [main] metastore.HMSHandler: Skipping translation for processor with null
2024-04-24T05:14:42,078  INFO [main] ql.Driver: Semantic Analysis Completed (retrial = false)
2024-04-24T05:14:42,078  INFO [main] ql.Driver: Created Hive schema: Schema(fieldSchemas:null, properties:null)
2024-04-24T05:14:42,078  INFO [main] metadata.Hive: Dumping metastore api call timing information for : compilation phase
2024-04-24T05:14:42,078  INFO [main] metadata.Hive: Total time spent in each metastore function (ms): {isCompatibleWith_(Configuration)=0, commitTxn_(CommitTxnRequest)=12, openTxn_(String, TxnType)=2, getValidTxns_(long)=0, flushCache_()=0, getTable_(GetTableRequest)=7}
2024-04-24T05:14:42,078  INFO [main] ql.Driver: Completed compiling command(queryId=alex_20240424051442_50e399db-a7e6-4375-b00a-8ebb08459fcd); Time taken: 0.01 seconds
2024-04-24T05:14:42,078  INFO [main] lockmgr.DbTxnManager: Setting lock request transaction to txnid:17 for queryId=alex_20240424051442_50e399db-a7e6-4375-b00a-8ebb08459fcd
2024-04-24T05:14:42,079  INFO [main] lockmgr.DbLockManager: Requesting lock for queryId=alex_20240424051442_50e399db-a7e6-4375-b00a-8ebb08459fcd
2024-04-24T05:14:42,093  INFO [main] lockmgr.DbLockManager: Response to queryId=alex_20240424051442_50e399db-a7e6-4375-b00a-8ebb08459fcd LockResponse(lockid:12, state:ACQUIRED)
2024-04-24T05:14:42,093  INFO [main] ql.Driver: Operation DROPTABLE obtained 1 locks
2024-04-24T05:14:42,093  INFO [main] ql.Driver: Executing command(queryId=alex_20240424051442_50e399db-a7e6-4375-b00a-8ebb08459fcd): drop table if exists acidTblPart
2024-04-24T05:14:42,093  INFO [main] ql.Driver: Starting task [Stage-0:DDL] in serial mode
2024-04-24T05:14:42,093  INFO [main] HiveMetaStore.audit: ugi=alex	ip=unknown-ip-addr	cmd=get_table : tbl=hive.default.acidTblPart	
2024-04-24T05:14:42,100  INFO [main] metastore.HMSHandler: Skipping translation for processor with null
2024-04-24T05:14:42,100  INFO [main] HiveMetaStore.audit: ugi=alex	ip=unknown-ip-addr	cmd=get_table : tbl=hive.default.acidTblPart	
2024-04-24T05:14:42,106  INFO [main] metastore.HMSHandler: Skipping translation for processor with null
2024-04-24T05:14:42,106  INFO [main] HiveMetaStore.audit: ugi=alex	ip=unknown-ip-addr	cmd=drop_table : tbl=hive.default.acidTblPart	
2024-04-24T05:14:42,144  INFO [main] metadata.Hive: Dumping metastore api call timing information for : execution phase
2024-04-24T05:14:42,144  INFO [main] metadata.Hive: Total time spent in each metastore function (ms): {getTable_(GetTableRequest)=7, isCompatibleWith_(Configuration)=0, dropTable_(String, String, boolean, boolean, boolean)=44}
2024-04-24T05:14:42,144  INFO [main] ql.Driver: Completed executing command(queryId=alex_20240424051442_50e399db-a7e6-4375-b00a-8ebb08459fcd); Time taken: 0.051 seconds
2024-04-24T05:14:42,144  INFO [main] lockmgr.DbTxnManager: Stopped heartbeat for query: alex_20240424051442_50e399db-a7e6-4375-b00a-8ebb08459fcd
2024-04-24T05:14:42,148  INFO [main] txn.TxnHandler: Expected to move at least one record from txn_components to completed_txn_components when committing txn! txnid:17
2024-04-24T05:14:42,155  INFO [main] txn.TxnHandler: Removed transactions: ([17]) from MIN_HISTORY_LEVEL
2024-04-24T05:14:42,155  WARN [main] txn.CompactionTxnHandler: No compaction queue record found for Compaction type transaction commit. txnId:17
2024-04-24T05:14:42,155  INFO [main] ql.TxnCommandsBaseForTests: Running the query: drop table if exists acidTbl2
2024-04-24T05:14:42,155  INFO [main] ql.Driver: Compiling command(queryId=alex_20240424051442_3fd9b511-e6bb-4acb-8c4e-3249b84ac385): drop table if exists acidTbl2
2024-04-24T05:14:42,157  INFO [main] txn.TxnHandler: Added entries to MIN_HISTORY_LEVEL for current txns: ([18]) with min_open_txn: 16
2024-04-24T05:14:42,158  INFO [main] lockmgr.DbTxnManager: Opened txnid:18
2024-04-24T05:14:42,158  INFO [main] ql.Driver: Semantic Analysis Completed (retrial = false)
2024-04-24T05:14:42,158  INFO [main] ql.Driver: Created Hive schema: Schema(fieldSchemas:null, properties:null)
2024-04-24T05:14:42,158  INFO [main] metadata.Hive: Dumping metastore api call timing information for : compilation phase
2024-04-24T05:14:42,158  INFO [main] metadata.Hive: Total time spent in each metastore function (ms): {openTxn_(String, TxnType)=2, getValidTxns_(long)=0, getTable_(GetTableRequest)=0, commitTxn_(CommitTxnRequest)=11, flushCache_()=0, isCompatibleWith_(Configuration)=0}
2024-04-24T05:14:42,159  INFO [main] ql.Driver: Completed compiling command(queryId=alex_20240424051442_3fd9b511-e6bb-4acb-8c4e-3249b84ac385); Time taken: 0.003 seconds
2024-04-24T05:14:42,159  INFO [main] lockmgr.DbTxnManager: Setting lock request transaction to txnid:18 for queryId=alex_20240424051442_3fd9b511-e6bb-4acb-8c4e-3249b84ac385
2024-04-24T05:14:42,159  INFO [main] ql.Driver: Operation DROPTABLE obtained 0 locks
2024-04-24T05:14:42,159  INFO [main] ql.Driver: Executing command(queryId=alex_20240424051442_3fd9b511-e6bb-4acb-8c4e-3249b84ac385): drop table if exists acidTbl2
2024-04-24T05:14:42,159  INFO [main] ql.Driver: Starting task [Stage-0:DDL] in serial mode
2024-04-24T05:14:42,160  INFO [main] metadata.SessionHiveMetaStoreClient: Column stats doesn't exist for db=default temp table=acidTbl2
2024-04-24T05:14:42,160  INFO [main] metadata.Hive: Dumping metastore api call timing information for : execution phase
2024-04-24T05:14:42,160  INFO [main] metadata.Hive: Total time spent in each metastore function (ms): {dropTable_(String, String, boolean, boolean, boolean)=1, getTable_(GetTableRequest)=0, isCompatibleWith_(Configuration)=0}
2024-04-24T05:14:42,160  INFO [main] ql.Driver: Completed executing command(queryId=alex_20240424051442_3fd9b511-e6bb-4acb-8c4e-3249b84ac385); Time taken: 0.001 seconds
2024-04-24T05:14:42,160  INFO [main] lockmgr.DbTxnManager: Stopped heartbeat for query: alex_20240424051442_3fd9b511-e6bb-4acb-8c4e-3249b84ac385
2024-04-24T05:14:42,166  INFO [main] txn.TxnHandler: Expected to move at least one record from txn_components to completed_txn_components when committing txn! txnid:18
2024-04-24T05:14:42,172  INFO [main] txn.TxnHandler: Removed transactions: ([18]) from MIN_HISTORY_LEVEL
2024-04-24T05:14:42,172  WARN [main] txn.CompactionTxnHandler: No compaction queue record found for Compaction type transaction commit. txnId:18
2024-04-24T05:14:42,173  INFO [main] ql.TxnCommandsBaseForTests: Running the query: drop table if exists nonAcidOrcTbl
2024-04-24T05:14:42,173  INFO [main] ql.Driver: Compiling command(queryId=alex_20240424051442_2cfa3d92-915d-4055-b2b6-01af1f2f4646): drop table if exists nonAcidOrcTbl
2024-04-24T05:14:42,175  INFO [main] txn.TxnHandler: Added entries to MIN_HISTORY_LEVEL for current txns: ([19]) with min_open_txn: 16
2024-04-24T05:14:42,175  INFO [main] lockmgr.DbTxnManager: Opened txnid:19
2024-04-24T05:14:42,175  INFO [main] HiveMetaStore.audit: ugi=alex	ip=unknown-ip-addr	cmd=get_table : tbl=hive.default.nonAcidOrcTbl	
2024-04-24T05:14:42,196  INFO [main] metastore.HMSHandler: Skipping translation for processor with null
2024-04-24T05:14:42,196  INFO [main] ql.Driver: Semantic Analysis Completed (retrial = false)
2024-04-24T05:14:42,196  INFO [main] ql.Driver: Created Hive schema: Schema(fieldSchemas:null, properties:null)
2024-04-24T05:14:42,196  INFO [main] metadata.Hive: Dumping metastore api call timing information for : compilation phase
2024-04-24T05:14:42,197  INFO [main] metadata.Hive: Total time spent in each metastore function (ms): {commitTxn_(CommitTxnRequest)=12, getTable_(GetTableRequest)=21, isCompatibleWith_(Configuration)=0, flushCache_()=0, openTxn_(String, TxnType)=2, getValidTxns_(long)=0}
2024-04-24T05:14:42,197  INFO [main] ql.Driver: Completed compiling command(queryId=alex_20240424051442_2cfa3d92-915d-4055-b2b6-01af1f2f4646); Time taken: 0.023 seconds
2024-04-24T05:14:42,197  INFO [main] lockmgr.DbTxnManager: Setting lock request transaction to txnid:19 for queryId=alex_20240424051442_2cfa3d92-915d-4055-b2b6-01af1f2f4646
2024-04-24T05:14:42,197  INFO [main] lockmgr.DbLockManager: Requesting lock for queryId=alex_20240424051442_2cfa3d92-915d-4055-b2b6-01af1f2f4646
2024-04-24T05:14:42,215  INFO [main] lockmgr.DbLockManager: Response to queryId=alex_20240424051442_2cfa3d92-915d-4055-b2b6-01af1f2f4646 LockResponse(lockid:13, state:ACQUIRED)
2024-04-24T05:14:42,215  INFO [main] ql.Driver: Operation DROPTABLE obtained 1 locks
2024-04-24T05:14:42,215  INFO [main] ql.Driver: Executing command(queryId=alex_20240424051442_2cfa3d92-915d-4055-b2b6-01af1f2f4646): drop table if exists nonAcidOrcTbl
2024-04-24T05:14:42,216  INFO [main] ql.Driver: Starting task [Stage-0:DDL] in serial mode
2024-04-24T05:14:42,216  INFO [main] HiveMetaStore.audit: ugi=alex	ip=unknown-ip-addr	cmd=get_table : tbl=hive.default.nonAcidOrcTbl	
2024-04-24T05:14:42,224  INFO [main] metastore.HMSHandler: Skipping translation for processor with null
2024-04-24T05:14:42,224  INFO [main] HiveMetaStore.audit: ugi=alex	ip=unknown-ip-addr	cmd=get_table : tbl=hive.default.nonAcidOrcTbl	
2024-04-24T05:14:42,232  INFO [main] metastore.HMSHandler: Skipping translation for processor with null
2024-04-24T05:14:42,233  INFO [main] HiveMetaStore.audit: ugi=alex	ip=unknown-ip-addr	cmd=drop_table : tbl=hive.default.nonAcidOrcTbl	
2024-04-24T05:14:42,322  INFO [main] metadata.Hive: Dumping metastore api call timing information for : execution phase
2024-04-24T05:14:42,322  INFO [main] metadata.Hive: Total time spent in each metastore function (ms): {isCompatibleWith_(Configuration)=0, getTable_(GetTableRequest)=8, dropTable_(String, String, boolean, boolean, boolean)=98}
2024-04-24T05:14:42,322  INFO [main] ql.Driver: Completed executing command(queryId=alex_20240424051442_2cfa3d92-915d-4055-b2b6-01af1f2f4646); Time taken: 0.107 seconds
2024-04-24T05:14:42,322  INFO [main] lockmgr.DbTxnManager: Stopped heartbeat for query: alex_20240424051442_2cfa3d92-915d-4055-b2b6-01af1f2f4646
2024-04-24T05:14:42,327  INFO [main] txn.TxnHandler: Expected to move at least one record from txn_components to completed_txn_components when committing txn! txnid:19
2024-04-24T05:14:42,333  INFO [main] txn.TxnHandler: Removed transactions: ([19]) from MIN_HISTORY_LEVEL
2024-04-24T05:14:42,333  WARN [main] txn.CompactionTxnHandler: No compaction queue record found for Compaction type transaction commit. txnId:19
2024-04-24T05:14:42,333  INFO [main] ql.TxnCommandsBaseForTests: Running the query: drop table if exists nonAcidOrcTbl2
2024-04-24T05:14:42,334  INFO [main] ql.Driver: Compiling command(queryId=alex_20240424051442_4c558639-09a0-4586-9a4f-a3e86d822018): drop table if exists nonAcidOrcTbl2
2024-04-24T05:14:42,343  INFO [main] txn.TxnHandler: Added entries to MIN_HISTORY_LEVEL for current txns: ([20]) with min_open_txn: 16
2024-04-24T05:14:42,343  INFO [main] lockmgr.DbTxnManager: Opened txnid:20
2024-04-24T05:14:42,345  INFO [main] HiveMetaStore.audit: ugi=alex	ip=unknown-ip-addr	cmd=get_table : tbl=hive.default.nonAcidOrcTbl2	
2024-04-24T05:14:42,353  INFO [main] metastore.HMSHandler: Skipping translation for processor with null
2024-04-24T05:14:42,353  INFO [main] ql.Driver: Semantic Analysis Completed (retrial = false)
2024-04-24T05:14:42,353  INFO [main] ql.Driver: Created Hive schema: Schema(fieldSchemas:null, properties:null)
2024-04-24T05:14:42,353  INFO [main] metadata.Hive: Dumping metastore api call timing information for : compilation phase
2024-04-24T05:14:42,354  INFO [main] metadata.Hive: Total time spent in each metastore function (ms): {getValidTxns_(long)=2, isCompatibleWith_(Configuration)=1, getTable_(GetTableRequest)=8, commitTxn_(CommitTxnRequest)=10, openTxn_(String, TxnType)=9, flushCache_()=0}
2024-04-24T05:14:42,354  INFO [main] ql.Driver: Completed compiling command(queryId=alex_20240424051442_4c558639-09a0-4586-9a4f-a3e86d822018); Time taken: 0.019 seconds
2024-04-24T05:14:42,354  INFO [main] lockmgr.DbTxnManager: Setting lock request transaction to txnid:20 for queryId=alex_20240424051442_4c558639-09a0-4586-9a4f-a3e86d822018
2024-04-24T05:14:42,354  INFO [main] lockmgr.DbLockManager: Requesting lock for queryId=alex_20240424051442_4c558639-09a0-4586-9a4f-a3e86d822018
2024-04-24T05:14:42,369  INFO [main] lockmgr.DbLockManager: Response to queryId=alex_20240424051442_4c558639-09a0-4586-9a4f-a3e86d822018 LockResponse(lockid:14, state:ACQUIRED)
2024-04-24T05:14:42,369  INFO [main] ql.Driver: Operation DROPTABLE obtained 1 locks
2024-04-24T05:14:42,369  INFO [main] ql.Driver: Executing command(queryId=alex_20240424051442_4c558639-09a0-4586-9a4f-a3e86d822018): drop table if exists nonAcidOrcTbl2
2024-04-24T05:14:42,369  INFO [main] ql.Driver: Starting task [Stage-0:DDL] in serial mode
2024-04-24T05:14:42,370  INFO [main] HiveMetaStore.audit: ugi=alex	ip=unknown-ip-addr	cmd=get_table : tbl=hive.default.nonAcidOrcTbl2	
2024-04-24T05:14:42,378  INFO [main] metastore.HMSHandler: Skipping translation for processor with null
2024-04-24T05:14:42,378  INFO [main] HiveMetaStore.audit: ugi=alex	ip=unknown-ip-addr	cmd=get_table : tbl=hive.default.nonAcidOrcTbl2	
2024-04-24T05:14:42,386  INFO [main] metastore.HMSHandler: Skipping translation for processor with null
2024-04-24T05:14:42,386  INFO [main] HiveMetaStore.audit: ugi=alex	ip=unknown-ip-addr	cmd=drop_table : tbl=hive.default.nonAcidOrcTbl2	
2024-04-24T05:14:42,416  INFO [main] metadata.Hive: Dumping metastore api call timing information for : execution phase
2024-04-24T05:14:42,416  INFO [main] metadata.Hive: Total time spent in each metastore function (ms): {dropTable_(String, String, boolean, boolean, boolean)=37, getTable_(GetTableRequest)=8, isCompatibleWith_(Configuration)=0}
2024-04-24T05:14:42,416  INFO [main] ql.Driver: Completed executing command(queryId=alex_20240424051442_4c558639-09a0-4586-9a4f-a3e86d822018); Time taken: 0.047 seconds
2024-04-24T05:14:42,416  INFO [main] lockmgr.DbTxnManager: Stopped heartbeat for query: alex_20240424051442_4c558639-09a0-4586-9a4f-a3e86d822018
2024-04-24T05:14:42,421  INFO [main] txn.TxnHandler: Expected to move at least one record from txn_components to completed_txn_components when committing txn! txnid:20
2024-04-24T05:14:42,429  INFO [main] txn.TxnHandler: Removed transactions: ([20]) from MIN_HISTORY_LEVEL
2024-04-24T05:14:42,429  WARN [main] txn.CompactionTxnHandler: No compaction queue record found for Compaction type transaction commit. txnId:20
2024-04-24T05:14:42,429  INFO [main] ql.TxnCommandsBaseForTests: Running the query: drop table if exists nonAcidNonBucket
2024-04-24T05:14:42,429  INFO [main] ql.Driver: Compiling command(queryId=alex_20240424051442_9fd11e38-0cab-497c-9d9e-4e7e1592f9e5): drop table if exists nonAcidNonBucket
2024-04-24T05:14:42,431  INFO [main] txn.TxnHandler: Added entries to MIN_HISTORY_LEVEL for current txns: ([21]) with min_open_txn: 16
2024-04-24T05:14:42,432  INFO [main] lockmgr.DbTxnManager: Opened txnid:21
2024-04-24T05:14:42,432  INFO [main] HiveMetaStore.audit: ugi=alex	ip=unknown-ip-addr	cmd=get_table : tbl=hive.default.nonAcidNonBucket	
2024-04-24T05:14:42,440  INFO [main] metastore.HMSHandler: Skipping translation for processor with null
2024-04-24T05:14:42,441  INFO [main] ql.Driver: Semantic Analysis Completed (retrial = false)
2024-04-24T05:14:42,441  INFO [main] ql.Driver: Created Hive schema: Schema(fieldSchemas:null, properties:null)
2024-04-24T05:14:42,441  INFO [main] metadata.Hive: Dumping metastore api call timing information for : compilation phase
2024-04-24T05:14:42,441  INFO [main] metadata.Hive: Total time spent in each metastore function (ms): {openTxn_(String, TxnType)=2, getValidTxns_(long)=0, isCompatibleWith_(Configuration)=1, getTable_(GetTableRequest)=9, commitTxn_(CommitTxnRequest)=13, flushCache_()=0}
2024-04-24T05:14:42,441  INFO [main] ql.Driver: Completed compiling command(queryId=alex_20240424051442_9fd11e38-0cab-497c-9d9e-4e7e1592f9e5); Time taken: 0.012 seconds
2024-04-24T05:14:42,441  INFO [main] lockmgr.DbTxnManager: Setting lock request transaction to txnid:21 for queryId=alex_20240424051442_9fd11e38-0cab-497c-9d9e-4e7e1592f9e5
2024-04-24T05:14:42,441  INFO [main] lockmgr.DbLockManager: Requesting lock for queryId=alex_20240424051442_9fd11e38-0cab-497c-9d9e-4e7e1592f9e5
2024-04-24T05:14:42,457  INFO [main] lockmgr.DbLockManager: Response to queryId=alex_20240424051442_9fd11e38-0cab-497c-9d9e-4e7e1592f9e5 LockResponse(lockid:15, state:ACQUIRED)
2024-04-24T05:14:42,457  INFO [main] ql.Driver: Operation DROPTABLE obtained 1 locks
2024-04-24T05:14:42,457  INFO [main] ql.Driver: Executing command(queryId=alex_20240424051442_9fd11e38-0cab-497c-9d9e-4e7e1592f9e5): drop table if exists nonAcidNonBucket
2024-04-24T05:14:42,457  INFO [main] ql.Driver: Starting task [Stage-0:DDL] in serial mode
2024-04-24T05:14:42,458  INFO [main] HiveMetaStore.audit: ugi=alex	ip=unknown-ip-addr	cmd=get_table : tbl=hive.default.nonAcidNonBucket	
2024-04-24T05:14:42,466  INFO [main] metastore.HMSHandler: Skipping translation for processor with null
2024-04-24T05:14:42,466  INFO [main] HiveMetaStore.audit: ugi=alex	ip=unknown-ip-addr	cmd=get_table : tbl=hive.default.nonAcidNonBucket	
2024-04-24T05:14:42,475  INFO [main] metastore.HMSHandler: Skipping translation for processor with null
2024-04-24T05:14:42,475  INFO [main] HiveMetaStore.audit: ugi=alex	ip=unknown-ip-addr	cmd=drop_table : tbl=hive.default.nonAcidNonBucket	
2024-04-24T05:14:42,506  INFO [main] metadata.Hive: Dumping metastore api call timing information for : execution phase
2024-04-24T05:14:42,506  INFO [main] metadata.Hive: Total time spent in each metastore function (ms): {getTable_(GetTableRequest)=9, isCompatibleWith_(Configuration)=0, dropTable_(String, String, boolean, boolean, boolean)=40}
2024-04-24T05:14:42,507  INFO [main] ql.Driver: Completed executing command(queryId=alex_20240424051442_9fd11e38-0cab-497c-9d9e-4e7e1592f9e5); Time taken: 0.049 seconds
2024-04-24T05:14:42,507  INFO [main] lockmgr.DbTxnManager: Stopped heartbeat for query: alex_20240424051442_9fd11e38-0cab-497c-9d9e-4e7e1592f9e5
2024-04-24T05:14:42,511  INFO [main] txn.TxnHandler: Expected to move at least one record from txn_components to completed_txn_components when committing txn! txnid:21
2024-04-24T05:14:42,519  INFO [main] txn.TxnHandler: Removed transactions: ([21]) from MIN_HISTORY_LEVEL
2024-04-24T05:14:42,519  WARN [main] txn.CompactionTxnHandler: No compaction queue record found for Compaction type transaction commit. txnId:21
2024-04-24T05:14:42,519  INFO [main] utils.TestTxnDbUtil: Cleaning transactional tables
]]></system-err>
  </testcase>
  <testcase name="testVersioningVersionFileEnabled" classname="org.apache.hadoop.hive.ql.TestTxnCommandsWithSplitUpdateAndVectorization" time="3.236">
    <error type="java.lang.RuntimeException"><![CDATA[java.lang.RuntimeException: update T set a=3 where b=2 failed: (responseCode = 40000, errorMessage = FAILED: NoMatchingMethodException No matching method for class org.apache.hadoop.hive.ql.udf.UDFToInteger with (struct<writeid:bigint,bucketid:int,rowid:bigint>). Possible choices: _FUNC_(bigint)  _FUNC_(boolean)  _FUNC_(decimal(38,18))  _FUNC_(double)  _FUNC_(float)  _FUNC_(smallint)  _FUNC_(string)  _FUNC_(struct<writeid:bigint,rowid:int,bucketid:bigint>)  _FUNC_(timestamp)  _FUNC_(tinyint)  _FUNC_(void)  , hiveErrorCode = 40000, SQLState = 42000, exception = No matching method for class org.apache.hadoop.hive.ql.udf.UDFToInteger with (struct<writeid:bigint,bucketid:int,rowid:bigint>). Possible choices: _FUNC_(bigint)  _FUNC_(boolean)  _FUNC_(decimal(38,18))  _FUNC_(double)  _FUNC_(float)  _FUNC_(smallint)  _FUNC_(string)  _FUNC_(struct<writeid:bigint,rowid:int,bucketid:bigint>)  _FUNC_(timestamp)  _FUNC_(tinyint)  _FUNC_(void)  )
	at org.apache.hadoop.hive.ql.TxnCommandsBaseForTests.runStatementOnDriver(TxnCommandsBaseForTests.java:247)
	at org.apache.hadoop.hive.ql.TestTxnCommands.acidVersionTest(TestTxnCommands.java:1482)
	at org.apache.hadoop.hive.ql.TestTxnCommands.testVersioningVersionFileEnabled(TestTxnCommands.java:1462)
	at sun.reflect.NativeMethodAccessorImpl.invoke0(Native Method)
	at sun.reflect.NativeMethodAccessorImpl.invoke(NativeMethodAccessorImpl.java:62)
	at sun.reflect.DelegatingMethodAccessorImpl.invoke(DelegatingMethodAccessorImpl.java:43)
	at java.lang.reflect.Method.invoke(Method.java:498)
	at org.junit.runners.model.FrameworkMethod$1.runReflectiveCall(FrameworkMethod.java:59)
	at org.junit.internal.runners.model.ReflectiveCallable.run(ReflectiveCallable.java:12)
	at org.junit.runners.model.FrameworkMethod.invokeExplosively(FrameworkMethod.java:56)
	at org.junit.internal.runners.statements.InvokeMethod.evaluate(InvokeMethod.java:17)
	at org.junit.internal.runners.statements.RunBefores.evaluate(RunBefores.java:26)
	at org.junit.internal.runners.statements.RunAfters.evaluate(RunAfters.java:27)
	at org.junit.rules.TestWatcher$1.evaluate(TestWatcher.java:61)
	at org.junit.runners.ParentRunner$3.evaluate(ParentRunner.java:306)
	at org.junit.runners.BlockJUnit4ClassRunner$1.evaluate(BlockJUnit4ClassRunner.java:100)
	at org.junit.runners.ParentRunner.runLeaf(ParentRunner.java:366)
	at org.junit.runners.BlockJUnit4ClassRunner.runChild(BlockJUnit4ClassRunner.java:103)
	at org.junit.runners.BlockJUnit4ClassRunner.runChild(BlockJUnit4ClassRunner.java:63)
	at org.junit.runners.ParentRunner$4.run(ParentRunner.java:331)
	at org.junit.runners.ParentRunner$1.schedule(ParentRunner.java:79)
	at org.junit.runners.ParentRunner.runChildren(ParentRunner.java:329)
	at org.junit.runners.ParentRunner.access$100(ParentRunner.java:66)
	at org.junit.runners.ParentRunner$2.evaluate(ParentRunner.java:293)
	at org.junit.runners.ParentRunner$3.evaluate(ParentRunner.java:306)
	at org.junit.runners.ParentRunner.run(ParentRunner.java:413)
	at org.junit.runner.JUnitCore.run(JUnitCore.java:137)
	at org.junit.runner.JUnitCore.run(JUnitCore.java:115)
	at org.junit.vintage.engine.execution.RunnerExecutor.execute(RunnerExecutor.java:43)
	at java.util.stream.ForEachOps$ForEachOp$OfRef.accept(ForEachOps.java:183)
	at java.util.stream.ReferencePipeline$3$1.accept(ReferencePipeline.java:193)
	at java.util.Iterator.forEachRemaining(Iterator.java:116)
	at java.util.Spliterators$IteratorSpliterator.forEachRemaining(Spliterators.java:1801)
	at java.util.stream.AbstractPipeline.copyInto(AbstractPipeline.java:482)
	at java.util.stream.AbstractPipeline.wrapAndCopyInto(AbstractPipeline.java:472)
	at java.util.stream.ForEachOps$ForEachOp.evaluateSequential(ForEachOps.java:150)
	at java.util.stream.ForEachOps$ForEachOp$OfRef.evaluateSequential(ForEachOps.java:173)
	at java.util.stream.AbstractPipeline.evaluate(AbstractPipeline.java:234)
	at java.util.stream.ReferencePipeline.forEach(ReferencePipeline.java:485)
	at org.junit.vintage.engine.VintageTestEngine.executeAllChildren(VintageTestEngine.java:82)
	at org.junit.vintage.engine.VintageTestEngine.execute(VintageTestEngine.java:73)
	at org.junit.platform.launcher.core.DefaultLauncher.execute(DefaultLauncher.java:248)
	at org.junit.platform.launcher.core.DefaultLauncher.lambda$execute$5(DefaultLauncher.java:211)
	at org.junit.platform.launcher.core.DefaultLauncher.withInterceptedStreams(DefaultLauncher.java:226)
	at org.junit.platform.launcher.core.DefaultLauncher.execute(DefaultLauncher.java:199)
	at org.junit.platform.launcher.core.DefaultLauncher.execute(DefaultLauncher.java:132)
	at org.apache.maven.surefire.junitplatform.JUnitPlatformProvider.invokeAllTests(JUnitPlatformProvider.java:154)
	at org.apache.maven.surefire.junitplatform.JUnitPlatformProvider.invoke(JUnitPlatformProvider.java:123)
	at org.apache.maven.surefire.booter.ForkedBooter.runSuitesInProcess(ForkedBooter.java:377)
	at org.apache.maven.surefire.booter.ForkedBooter.execute(ForkedBooter.java:138)
	at org.apache.maven.surefire.booter.ForkedBooter.run(ForkedBooter.java:465)
	at org.apache.maven.surefire.booter.ForkedBooter.main(ForkedBooter.java:451)
]]></error>
    <system-err><![CDATA[2024-04-24T05:14:42,579  WARN [main] conf.HiveConf: HiveConf of name hive.dummyparam.test.server.specific.config.metastoresite does not exist
2024-04-24T05:14:42,579  WARN [main] conf.HiveConf: HiveConf of name hive.llap.io.cache.orc.alloc.min does not exist
2024-04-24T05:14:42,579  WARN [main] conf.HiveConf: HiveConf of name hive.metastore.client.cache.maxSize does not exist
2024-04-24T05:14:42,579  WARN [main] conf.HiveConf: HiveConf of name hive.llap.io.cache.orc.alloc.max does not exist
2024-04-24T05:14:42,579  WARN [main] conf.HiveConf: HiveConf of name hive.metastore.client.cache.recordStats does not exist
2024-04-24T05:14:42,579  WARN [main] conf.HiveConf: HiveConf of name hive.llap.io.cache.orc.arena.size does not exist
2024-04-24T05:14:42,579  WARN [main] conf.HiveConf: HiveConf of name hive.dummyparam.test.server.specific.config.hivesite does not exist
2024-04-24T05:14:42,579  WARN [main] conf.HiveConf: HiveConf of name hive.metastore.metadb.dir does not exist
2024-04-24T05:14:42,579  WARN [main] conf.HiveConf: HiveConf of name hive.stats.key.prefix.reserve.length does not exist
2024-04-24T05:14:42,579  WARN [main] conf.HiveConf: HiveConf of name hive.llap.io.cache.orc.size does not exist
2024-04-24T05:14:42,579  WARN [main] conf.HiveConf: HiveConf of name hive.dummyparam.test.server.specific.config.override does not exist
2024-04-24T05:14:42,582  INFO [main] utils.TestTxnDbUtil: Creating transactional tables
Hive Session ID = 8ab8b19d-819e-4da9-a274-df313fc43bcb
2024-04-24T05:14:42,584  INFO [main] SessionState: Hive Session ID = 8ab8b19d-819e-4da9-a274-df313fc43bcb
ivysettings.xml file not found in HIVE_HOME or HIVE_CONF_DIR,/home/alex/Repositories/hive/conf/ivysettings.xml will be used
2024-04-24T05:14:42,584  INFO [main] DependencyResolver: ivysettings.xml file not found in HIVE_HOME or HIVE_CONF_DIR,/home/alex/Repositories/hive/conf/ivysettings.xml will be used
2024-04-24T05:14:42,589  INFO [main] session.SessionState: Created HDFS directory: /home/alex/Repositories/hive/ql/target/tmp/scratchdir/alex/8ab8b19d-819e-4da9-a274-df313fc43bcb
2024-04-24T05:14:42,592  INFO [main] session.SessionState: Created local directory: /home/alex/Repositories/hive/ql/target/tmp/localscratchdir/8ab8b19d-819e-4da9-a274-df313fc43bcb
2024-04-24T05:14:42,594  INFO [main] session.SessionState: Created HDFS directory: /home/alex/Repositories/hive/ql/target/tmp/scratchdir/alex/8ab8b19d-819e-4da9-a274-df313fc43bcb/_tmp_space.db
2024-04-24T05:14:42,594  INFO [main] sqlstd.SQLStdHiveAccessController: Created SQLStdHiveAccessController for session context : HiveAuthzSessionContext [sessionString=8ab8b19d-819e-4da9-a274-df313fc43bcb, clientType=HIVECLI]
2024-04-24T05:14:42,594  INFO [main] ql.TxnCommandsBaseForTests: Running the query: drop table if exists acidTbl
2024-04-24T05:14:42,595  INFO [main] ql.Driver: Compiling command(queryId=alex_20240424051442_a2c8a677-0ae8-4807-940a-4ad4d3191b3d): drop table if exists acidTbl
2024-04-24T05:14:42,603  INFO [main] txn.TxnHandler: Added entries to MIN_HISTORY_LEVEL for current txns: ([1]) with min_open_txn: 1
2024-04-24T05:14:42,603  INFO [main] lockmgr.DbTxnManager: Opened txnid:1
2024-04-24T05:14:42,605  INFO [main] HiveMetaStore.audit: ugi=alex	ip=unknown-ip-addr	cmd=get_table : tbl=hive.default.acidTbl	
2024-04-24T05:14:42,608  INFO [main] ql.Driver: Semantic Analysis Completed (retrial = false)
2024-04-24T05:14:42,608  INFO [main] ql.Driver: Created Hive schema: Schema(fieldSchemas:null, properties:null)
2024-04-24T05:14:42,608  INFO [main] metadata.Hive: Dumping metastore api call timing information for : compilation phase
2024-04-24T05:14:42,609  INFO [main] metadata.Hive: Total time spent in each metastore function (ms): {openTxn_(String, TxnType)=8, commitTxn_(CommitTxnRequest)=12, flushCache_()=0, isCompatibleWith_(Configuration)=0, getValidTxns_(long)=2}
2024-04-24T05:14:42,609  INFO [main] ql.Driver: Completed compiling command(queryId=alex_20240424051442_a2c8a677-0ae8-4807-940a-4ad4d3191b3d); Time taken: 0.013 seconds
2024-04-24T05:14:42,609  INFO [main] lockmgr.DbTxnManager: Setting lock request transaction to txnid:1 for queryId=alex_20240424051442_a2c8a677-0ae8-4807-940a-4ad4d3191b3d
2024-04-24T05:14:42,609  INFO [main] ql.Driver: Operation DROPTABLE obtained 0 locks
2024-04-24T05:14:42,609  INFO [main] ql.Driver: Executing command(queryId=alex_20240424051442_a2c8a677-0ae8-4807-940a-4ad4d3191b3d): drop table if exists acidTbl
2024-04-24T05:14:42,609  INFO [main] ql.Driver: Starting task [Stage-0:DDL] in serial mode
2024-04-24T05:14:42,609  INFO [main] HiveMetaStore.audit: ugi=alex	ip=unknown-ip-addr	cmd=get_table : tbl=hive.default.acidTbl	
2024-04-24T05:14:42,613  INFO [main] metadata.Hive: Dumping metastore api call timing information for : execution phase
2024-04-24T05:14:42,613  INFO [main] metadata.Hive: Total time spent in each metastore function (ms): {isCompatibleWith_(Configuration)=0}
2024-04-24T05:14:42,613  INFO [main] ql.Driver: Completed executing command(queryId=alex_20240424051442_a2c8a677-0ae8-4807-940a-4ad4d3191b3d); Time taken: 0.004 seconds
2024-04-24T05:14:42,613  INFO [main] lockmgr.DbTxnManager: Stopped heartbeat for query: alex_20240424051442_a2c8a677-0ae8-4807-940a-4ad4d3191b3d
2024-04-24T05:14:42,619  INFO [main] txn.TxnHandler: Expected to move at least one record from txn_components to completed_txn_components when committing txn! txnid:1
2024-04-24T05:14:42,626  INFO [main] txn.TxnHandler: Removed transactions: ([1]) from MIN_HISTORY_LEVEL
2024-04-24T05:14:42,626  WARN [main] txn.CompactionTxnHandler: No compaction queue record found for Compaction type transaction commit. txnId:1
2024-04-24T05:14:42,626  INFO [main] ql.TxnCommandsBaseForTests: Running the query: drop table if exists acidTblPart
2024-04-24T05:14:42,627  INFO [main] ql.Driver: Compiling command(queryId=alex_20240424051442_cef16e28-325f-45b7-af65-e41dcef536e2): drop table if exists acidTblPart
2024-04-24T05:14:42,629  INFO [main] txn.TxnHandler: Added entries to MIN_HISTORY_LEVEL for current txns: ([2]) with min_open_txn: 1
2024-04-24T05:14:42,629  INFO [main] lockmgr.DbTxnManager: Opened txnid:2
2024-04-24T05:14:42,629  INFO [main] HiveMetaStore.audit: ugi=alex	ip=unknown-ip-addr	cmd=get_table : tbl=hive.default.acidTblPart	
2024-04-24T05:14:42,632  INFO [main] ql.Driver: Semantic Analysis Completed (retrial = false)
2024-04-24T05:14:42,632  INFO [main] ql.Driver: Created Hive schema: Schema(fieldSchemas:null, properties:null)
2024-04-24T05:14:42,632  INFO [main] metadata.Hive: Dumping metastore api call timing information for : compilation phase
2024-04-24T05:14:42,632  INFO [main] metadata.Hive: Total time spent in each metastore function (ms): {isCompatibleWith_(Configuration)=0, openTxn_(String, TxnType)=2, flushCache_()=0, getValidTxns_(long)=0, commitTxn_(CommitTxnRequest)=13}
2024-04-24T05:14:42,632  INFO [main] ql.Driver: Completed compiling command(queryId=alex_20240424051442_cef16e28-325f-45b7-af65-e41dcef536e2); Time taken: 0.005 seconds
2024-04-24T05:14:42,633  INFO [main] lockmgr.DbTxnManager: Setting lock request transaction to txnid:2 for queryId=alex_20240424051442_cef16e28-325f-45b7-af65-e41dcef536e2
2024-04-24T05:14:42,633  INFO [main] ql.Driver: Operation DROPTABLE obtained 0 locks
2024-04-24T05:14:42,633  INFO [main] ql.Driver: Executing command(queryId=alex_20240424051442_cef16e28-325f-45b7-af65-e41dcef536e2): drop table if exists acidTblPart
2024-04-24T05:14:42,633  INFO [main] ql.Driver: Starting task [Stage-0:DDL] in serial mode
2024-04-24T05:14:42,633  INFO [main] HiveMetaStore.audit: ugi=alex	ip=unknown-ip-addr	cmd=get_table : tbl=hive.default.acidTblPart	
2024-04-24T05:14:42,637  INFO [main] metadata.Hive: Dumping metastore api call timing information for : execution phase
2024-04-24T05:14:42,637  INFO [main] metadata.Hive: Total time spent in each metastore function (ms): {isCompatibleWith_(Configuration)=0}
2024-04-24T05:14:42,637  INFO [main] ql.Driver: Completed executing command(queryId=alex_20240424051442_cef16e28-325f-45b7-af65-e41dcef536e2); Time taken: 0.004 seconds
2024-04-24T05:14:42,637  INFO [main] lockmgr.DbTxnManager: Stopped heartbeat for query: alex_20240424051442_cef16e28-325f-45b7-af65-e41dcef536e2
2024-04-24T05:14:42,643  INFO [main] txn.TxnHandler: Expected to move at least one record from txn_components to completed_txn_components when committing txn! txnid:2
2024-04-24T05:14:42,649  INFO [main] txn.TxnHandler: Removed transactions: ([2]) from MIN_HISTORY_LEVEL
2024-04-24T05:14:42,649  WARN [main] txn.CompactionTxnHandler: No compaction queue record found for Compaction type transaction commit. txnId:2
2024-04-24T05:14:42,650  INFO [main] ql.TxnCommandsBaseForTests: Running the query: drop table if exists acidTbl2
2024-04-24T05:14:42,650  INFO [main] ql.Driver: Compiling command(queryId=alex_20240424051442_3552ac6d-3a08-47df-b2aa-1cd7bad0b840): drop table if exists acidTbl2
2024-04-24T05:14:42,652  INFO [main] txn.TxnHandler: Added entries to MIN_HISTORY_LEVEL for current txns: ([3]) with min_open_txn: 1
2024-04-24T05:14:42,652  INFO [main] lockmgr.DbTxnManager: Opened txnid:3
2024-04-24T05:14:42,653  INFO [main] HiveMetaStore.audit: ugi=alex	ip=unknown-ip-addr	cmd=get_table : tbl=hive.default.acidTbl2	
2024-04-24T05:14:42,655  INFO [main] ql.Driver: Semantic Analysis Completed (retrial = false)
2024-04-24T05:14:42,655  INFO [main] ql.Driver: Created Hive schema: Schema(fieldSchemas:null, properties:null)
2024-04-24T05:14:42,655  INFO [main] metadata.Hive: Dumping metastore api call timing information for : compilation phase
2024-04-24T05:14:42,656  INFO [main] metadata.Hive: Total time spent in each metastore function (ms): {isCompatibleWith_(Configuration)=0, commitTxn_(CommitTxnRequest)=12, getValidTxns_(long)=1, openTxn_(String, TxnType)=2, flushCache_()=0}
2024-04-24T05:14:42,656  INFO [main] ql.Driver: Completed compiling command(queryId=alex_20240424051442_3552ac6d-3a08-47df-b2aa-1cd7bad0b840); Time taken: 0.005 seconds
2024-04-24T05:14:42,656  INFO [main] lockmgr.DbTxnManager: Setting lock request transaction to txnid:3 for queryId=alex_20240424051442_3552ac6d-3a08-47df-b2aa-1cd7bad0b840
2024-04-24T05:14:42,656  INFO [main] ql.Driver: Operation DROPTABLE obtained 0 locks
2024-04-24T05:14:42,656  INFO [main] ql.Driver: Executing command(queryId=alex_20240424051442_3552ac6d-3a08-47df-b2aa-1cd7bad0b840): drop table if exists acidTbl2
2024-04-24T05:14:42,656  INFO [main] ql.Driver: Starting task [Stage-0:DDL] in serial mode
2024-04-24T05:14:42,656  INFO [main] HiveMetaStore.audit: ugi=alex	ip=unknown-ip-addr	cmd=get_table : tbl=hive.default.acidTbl2	
2024-04-24T05:14:42,659  INFO [main] metadata.Hive: Dumping metastore api call timing information for : execution phase
2024-04-24T05:14:42,659  INFO [main] metadata.Hive: Total time spent in each metastore function (ms): {isCompatibleWith_(Configuration)=0}
2024-04-24T05:14:42,659  INFO [main] ql.Driver: Completed executing command(queryId=alex_20240424051442_3552ac6d-3a08-47df-b2aa-1cd7bad0b840); Time taken: 0.003 seconds
2024-04-24T05:14:42,660  INFO [main] lockmgr.DbTxnManager: Stopped heartbeat for query: alex_20240424051442_3552ac6d-3a08-47df-b2aa-1cd7bad0b840
2024-04-24T05:14:42,665  INFO [main] txn.TxnHandler: Expected to move at least one record from txn_components to completed_txn_components when committing txn! txnid:3
2024-04-24T05:14:42,671  INFO [main] txn.TxnHandler: Removed transactions: ([3]) from MIN_HISTORY_LEVEL
2024-04-24T05:14:42,671  WARN [main] txn.CompactionTxnHandler: No compaction queue record found for Compaction type transaction commit. txnId:3
2024-04-24T05:14:42,672  INFO [main] ql.TxnCommandsBaseForTests: Running the query: drop table if exists nonAcidOrcTbl
2024-04-24T05:14:42,672  INFO [main] ql.Driver: Compiling command(queryId=alex_20240424051442_4bd0720c-832a-4558-ace8-314271f103fa): drop table if exists nonAcidOrcTbl
2024-04-24T05:14:42,674  INFO [main] txn.TxnHandler: Added entries to MIN_HISTORY_LEVEL for current txns: ([4]) with min_open_txn: 1
2024-04-24T05:14:42,674  INFO [main] lockmgr.DbTxnManager: Opened txnid:4
2024-04-24T05:14:42,675  INFO [main] HiveMetaStore.audit: ugi=alex	ip=unknown-ip-addr	cmd=get_table : tbl=hive.default.nonAcidOrcTbl	
2024-04-24T05:14:42,677  INFO [main] ql.Driver: Semantic Analysis Completed (retrial = false)
2024-04-24T05:14:42,677  INFO [main] ql.Driver: Created Hive schema: Schema(fieldSchemas:null, properties:null)
2024-04-24T05:14:42,677  INFO [main] metadata.Hive: Dumping metastore api call timing information for : compilation phase
2024-04-24T05:14:42,678  INFO [main] metadata.Hive: Total time spent in each metastore function (ms): {flushCache_()=0, openTxn_(String, TxnType)=2, commitTxn_(CommitTxnRequest)=12, isCompatibleWith_(Configuration)=0, getValidTxns_(long)=1}
2024-04-24T05:14:42,678  INFO [main] ql.Driver: Completed compiling command(queryId=alex_20240424051442_4bd0720c-832a-4558-ace8-314271f103fa); Time taken: 0.005 seconds
2024-04-24T05:14:42,678  INFO [main] lockmgr.DbTxnManager: Setting lock request transaction to txnid:4 for queryId=alex_20240424051442_4bd0720c-832a-4558-ace8-314271f103fa
2024-04-24T05:14:42,678  INFO [main] ql.Driver: Operation DROPTABLE obtained 0 locks
2024-04-24T05:14:42,678  INFO [main] ql.Driver: Executing command(queryId=alex_20240424051442_4bd0720c-832a-4558-ace8-314271f103fa): drop table if exists nonAcidOrcTbl
2024-04-24T05:14:42,678  INFO [main] ql.Driver: Starting task [Stage-0:DDL] in serial mode
2024-04-24T05:14:42,678  INFO [main] HiveMetaStore.audit: ugi=alex	ip=unknown-ip-addr	cmd=get_table : tbl=hive.default.nonAcidOrcTbl	
2024-04-24T05:14:42,682  INFO [main] metadata.Hive: Dumping metastore api call timing information for : execution phase
2024-04-24T05:14:42,682  INFO [main] metadata.Hive: Total time spent in each metastore function (ms): {isCompatibleWith_(Configuration)=0}
2024-04-24T05:14:42,682  INFO [main] ql.Driver: Completed executing command(queryId=alex_20240424051442_4bd0720c-832a-4558-ace8-314271f103fa); Time taken: 0.004 seconds
2024-04-24T05:14:42,682  INFO [main] lockmgr.DbTxnManager: Stopped heartbeat for query: alex_20240424051442_4bd0720c-832a-4558-ace8-314271f103fa
2024-04-24T05:14:42,688  INFO [main] txn.TxnHandler: Expected to move at least one record from txn_components to completed_txn_components when committing txn! txnid:4
2024-04-24T05:14:42,694  INFO [main] txn.TxnHandler: Removed transactions: ([4]) from MIN_HISTORY_LEVEL
2024-04-24T05:14:42,694  WARN [main] txn.CompactionTxnHandler: No compaction queue record found for Compaction type transaction commit. txnId:4
2024-04-24T05:14:42,695  INFO [main] ql.TxnCommandsBaseForTests: Running the query: drop table if exists nonAcidOrcTbl2
2024-04-24T05:14:42,695  INFO [main] ql.Driver: Compiling command(queryId=alex_20240424051442_8a2573de-786a-4b48-89c4-1d1a36497a4f): drop table if exists nonAcidOrcTbl2
2024-04-24T05:14:42,697  INFO [main] txn.TxnHandler: Added entries to MIN_HISTORY_LEVEL for current txns: ([5]) with min_open_txn: 1
2024-04-24T05:14:42,697  INFO [main] lockmgr.DbTxnManager: Opened txnid:5
2024-04-24T05:14:42,698  INFO [main] HiveMetaStore.audit: ugi=alex	ip=unknown-ip-addr	cmd=get_table : tbl=hive.default.nonAcidOrcTbl2	
2024-04-24T05:14:42,700  INFO [main] ql.Driver: Semantic Analysis Completed (retrial = false)
2024-04-24T05:14:42,700  INFO [main] ql.Driver: Created Hive schema: Schema(fieldSchemas:null, properties:null)
2024-04-24T05:14:42,700  INFO [main] metadata.Hive: Dumping metastore api call timing information for : compilation phase
2024-04-24T05:14:42,701  INFO [main] metadata.Hive: Total time spent in each metastore function (ms): {flushCache_()=0, isCompatibleWith_(Configuration)=0, getValidTxns_(long)=1, commitTxn_(CommitTxnRequest)=13, openTxn_(String, TxnType)=2}
2024-04-24T05:14:42,701  INFO [main] ql.Driver: Completed compiling command(queryId=alex_20240424051442_8a2573de-786a-4b48-89c4-1d1a36497a4f); Time taken: 0.005 seconds
2024-04-24T05:14:42,701  INFO [main] lockmgr.DbTxnManager: Setting lock request transaction to txnid:5 for queryId=alex_20240424051442_8a2573de-786a-4b48-89c4-1d1a36497a4f
2024-04-24T05:14:42,701  INFO [main] ql.Driver: Operation DROPTABLE obtained 0 locks
2024-04-24T05:14:42,701  INFO [main] ql.Driver: Executing command(queryId=alex_20240424051442_8a2573de-786a-4b48-89c4-1d1a36497a4f): drop table if exists nonAcidOrcTbl2
2024-04-24T05:14:42,701  INFO [main] ql.Driver: Starting task [Stage-0:DDL] in serial mode
2024-04-24T05:14:42,701  INFO [main] HiveMetaStore.audit: ugi=alex	ip=unknown-ip-addr	cmd=get_table : tbl=hive.default.nonAcidOrcTbl2	
2024-04-24T05:14:42,705  INFO [main] metadata.Hive: Dumping metastore api call timing information for : execution phase
2024-04-24T05:14:42,705  INFO [main] metadata.Hive: Total time spent in each metastore function (ms): {isCompatibleWith_(Configuration)=0}
2024-04-24T05:14:42,705  INFO [main] ql.Driver: Completed executing command(queryId=alex_20240424051442_8a2573de-786a-4b48-89c4-1d1a36497a4f); Time taken: 0.004 seconds
2024-04-24T05:14:42,705  INFO [main] lockmgr.DbTxnManager: Stopped heartbeat for query: alex_20240424051442_8a2573de-786a-4b48-89c4-1d1a36497a4f
2024-04-24T05:14:42,711  INFO [main] txn.TxnHandler: Expected to move at least one record from txn_components to completed_txn_components when committing txn! txnid:5
2024-04-24T05:14:42,717  INFO [main] txn.TxnHandler: Removed transactions: ([5]) from MIN_HISTORY_LEVEL
2024-04-24T05:14:42,717  WARN [main] txn.CompactionTxnHandler: No compaction queue record found for Compaction type transaction commit. txnId:5
2024-04-24T05:14:42,718  INFO [main] ql.TxnCommandsBaseForTests: Running the query: drop table if exists nonAcidNonBucket
2024-04-24T05:14:42,718  INFO [main] ql.Driver: Compiling command(queryId=alex_20240424051442_153d096a-1984-4a3e-a1d7-ff1c551bade0): drop table if exists nonAcidNonBucket
2024-04-24T05:14:42,720  INFO [main] txn.TxnHandler: Added entries to MIN_HISTORY_LEVEL for current txns: ([6]) with min_open_txn: 1
2024-04-24T05:14:42,720  INFO [main] lockmgr.DbTxnManager: Opened txnid:6
2024-04-24T05:14:42,720  INFO [main] HiveMetaStore.audit: ugi=alex	ip=unknown-ip-addr	cmd=get_table : tbl=hive.default.nonAcidNonBucket	
2024-04-24T05:14:42,723  INFO [main] ql.Driver: Semantic Analysis Completed (retrial = false)
2024-04-24T05:14:42,723  INFO [main] ql.Driver: Created Hive schema: Schema(fieldSchemas:null, properties:null)
2024-04-24T05:14:42,723  INFO [main] metadata.Hive: Dumping metastore api call timing information for : compilation phase
2024-04-24T05:14:42,723  INFO [main] metadata.Hive: Total time spent in each metastore function (ms): {commitTxn_(CommitTxnRequest)=12, getValidTxns_(long)=0, flushCache_()=0, isCompatibleWith_(Configuration)=0, openTxn_(String, TxnType)=2}
2024-04-24T05:14:42,724  INFO [main] ql.Driver: Completed compiling command(queryId=alex_20240424051442_153d096a-1984-4a3e-a1d7-ff1c551bade0); Time taken: 0.005 seconds
2024-04-24T05:14:42,724  INFO [main] lockmgr.DbTxnManager: Setting lock request transaction to txnid:6 for queryId=alex_20240424051442_153d096a-1984-4a3e-a1d7-ff1c551bade0
2024-04-24T05:14:42,724  INFO [main] ql.Driver: Operation DROPTABLE obtained 0 locks
2024-04-24T05:14:42,724  INFO [main] ql.Driver: Executing command(queryId=alex_20240424051442_153d096a-1984-4a3e-a1d7-ff1c551bade0): drop table if exists nonAcidNonBucket
2024-04-24T05:14:42,724  INFO [main] ql.Driver: Starting task [Stage-0:DDL] in serial mode
2024-04-24T05:14:42,724  INFO [main] HiveMetaStore.audit: ugi=alex	ip=unknown-ip-addr	cmd=get_table : tbl=hive.default.nonAcidNonBucket	
2024-04-24T05:14:42,728  INFO [main] metadata.Hive: Dumping metastore api call timing information for : execution phase
2024-04-24T05:14:42,728  INFO [main] metadata.Hive: Total time spent in each metastore function (ms): {isCompatibleWith_(Configuration)=0}
2024-04-24T05:14:42,728  INFO [main] ql.Driver: Completed executing command(queryId=alex_20240424051442_153d096a-1984-4a3e-a1d7-ff1c551bade0); Time taken: 0.004 seconds
2024-04-24T05:14:42,728  INFO [main] lockmgr.DbTxnManager: Stopped heartbeat for query: alex_20240424051442_153d096a-1984-4a3e-a1d7-ff1c551bade0
2024-04-24T05:14:42,734  INFO [main] txn.TxnHandler: Expected to move at least one record from txn_components to completed_txn_components when committing txn! txnid:6
2024-04-24T05:14:42,740  INFO [main] txn.TxnHandler: Removed transactions: ([6]) from MIN_HISTORY_LEVEL
2024-04-24T05:14:42,741  WARN [main] txn.CompactionTxnHandler: No compaction queue record found for Compaction type transaction commit. txnId:6
2024-04-24T05:14:42,741  INFO [main] ql.TxnCommandsBaseForTests: Running the query: create table acidTbl(a int, b int) clustered by (a) into 2 buckets stored as orc TBLPROPERTIES ('transactional'='true')
2024-04-24T05:14:42,741  INFO [main] ql.Driver: Compiling command(queryId=alex_20240424051442_130b0ef7-d2ac-4b97-9726-16c549fd09fd): create table acidTbl(a int, b int) clustered by (a) into 2 buckets stored as orc TBLPROPERTIES ('transactional'='true')
2024-04-24T05:14:42,743  INFO [main] txn.TxnHandler: Added entries to MIN_HISTORY_LEVEL for current txns: ([7]) with min_open_txn: 1
2024-04-24T05:14:42,744  INFO [main] lockmgr.DbTxnManager: Opened txnid:7
2024-04-24T05:14:42,744  INFO [main] parse.CalcitePlanner: Starting caching scope for: 
2024-04-24T05:14:42,744  INFO [main] parse.CalcitePlanner: Starting Semantic Analysis
2024-04-24T05:14:42,750  INFO [main] parse.CalcitePlanner: Creating table default.acidTbl position=13
2024-04-24T05:14:42,750  INFO [main] HiveMetaStore.audit: ugi=alex	ip=unknown-ip-addr	cmd=get_database: default	
2024-04-24T05:14:42,751  INFO [main] parse.CalcitePlanner: Ending caching scope for: 
2024-04-24T05:14:42,751  INFO [main] ql.Driver: Semantic Analysis Completed (retrial = false)
2024-04-24T05:14:42,751  INFO [main] ql.Driver: Created Hive schema: Schema(fieldSchemas:null, properties:null)
2024-04-24T05:14:42,751  INFO [main] metadata.Hive: Dumping metastore api call timing information for : compilation phase
2024-04-24T05:14:42,752  INFO [main] metadata.Hive: Total time spent in each metastore function (ms): {getDatabase_(String)=1, getValidTxns_(long)=0, flushCache_()=0, getValidWriteIds_(List, String)=5, openTxn_(String, TxnType)=2, commitTxn_(CommitTxnRequest)=13, isCompatibleWith_(Configuration)=0}
2024-04-24T05:14:42,752  INFO [main] ql.Driver: Completed compiling command(queryId=alex_20240424051442_130b0ef7-d2ac-4b97-9726-16c549fd09fd); Time taken: 0.01 seconds
2024-04-24T05:14:42,752  INFO [main] lockmgr.DbTxnManager: Setting lock request transaction to txnid:7 for queryId=alex_20240424051442_130b0ef7-d2ac-4b97-9726-16c549fd09fd
2024-04-24T05:14:42,752  INFO [main] lockmgr.DbLockManager: Requesting lock for queryId=alex_20240424051442_130b0ef7-d2ac-4b97-9726-16c549fd09fd
2024-04-24T05:14:42,774  INFO [main] lockmgr.DbLockManager: Response to queryId=alex_20240424051442_130b0ef7-d2ac-4b97-9726-16c549fd09fd LockResponse(lockid:1, state:ACQUIRED)
2024-04-24T05:14:42,774  INFO [main] ql.Driver: Operation CREATETABLE obtained 1 locks
2024-04-24T05:14:42,775  INFO [main] ql.Driver: Executing command(queryId=alex_20240424051442_130b0ef7-d2ac-4b97-9726-16c549fd09fd): create table acidTbl(a int, b int) clustered by (a) into 2 buckets stored as orc TBLPROPERTIES ('transactional'='true')
2024-04-24T05:14:42,775  INFO [main] ql.Driver: Starting task [Stage-0:DDL] in serial mode
2024-04-24T05:14:42,776  INFO [main] HiveMetaStore.audit: ugi=alex	ip=unknown-ip-addr	cmd=create_table_req: Table(tableName:acidTbl, dbName:default, owner:alex, createTime:1713960882, lastAccessTime:0, retention:0, sd:StorageDescriptor(cols:[FieldSchema(name:a, type:int, comment:null), FieldSchema(name:b, type:int, comment:null)], location:null, inputFormat:org.apache.hadoop.hive.ql.io.orc.OrcInputFormat, outputFormat:org.apache.hadoop.hive.ql.io.orc.OrcOutputFormat, compressed:false, numBuckets:2, serdeInfo:SerDeInfo(name:null, serializationLib:org.apache.hadoop.hive.ql.io.orc.OrcSerde, parameters:{serialization.format=1}), bucketCols:[a], sortCols:[], parameters:{}, skewedInfo:SkewedInfo(skewedColNames:[], skewedColValues:[], skewedColValueLocationMaps:{}), storedAsSubDirectories:false), partitionKeys:[], parameters:{totalSize=0, rawDataSize=0, numRows=0, bucketing_version=2, numFiles=0, COLUMN_STATS_ACCURATE={"BASIC_STATS":"true","COLUMN_STATS":{"a":"true","b":"true"}}, numFilesErasureCoded=0, transactional=true}, viewOriginalText:null, viewExpandedText:null, tableType:MANAGED_TABLE, privileges:PrincipalPrivilegeSet(userPrivileges:{alex=[PrivilegeGrantInfo(privilege:INSERT, createTime:-1, grantor:alex, grantorType:USER, grantOption:true), PrivilegeGrantInfo(privilege:SELECT, createTime:-1, grantor:alex, grantorType:USER, grantOption:true), PrivilegeGrantInfo(privilege:UPDATE, createTime:-1, grantor:alex, grantorType:USER, grantOption:true), PrivilegeGrantInfo(privilege:DELETE, createTime:-1, grantor:alex, grantorType:USER, grantOption:true)]}, groupPrivileges:null, rolePrivileges:null), temporary:false, catName:hive, ownerType:USER, writeId:0)	
2024-04-24T05:14:42,782  INFO [main] utils.FileUtils: Creating directory if it doesn't exist: file:/home/alex/Repositories/hive/ql/target/tmp/org.apache.hadoop.hive.ql.TestTxnCommands-1713960750541/warehouse/acidtbl
2024-04-24T05:14:42,822  INFO [main] metadata.Hive: Dumping metastore api call timing information for : execution phase
2024-04-24T05:14:42,822  INFO [main] metadata.Hive: Total time spent in each metastore function (ms): {createTable_(Table)=46, isCompatibleWith_(Configuration)=0}
2024-04-24T05:14:42,822  INFO [main] ql.Driver: Completed executing command(queryId=alex_20240424051442_130b0ef7-d2ac-4b97-9726-16c549fd09fd); Time taken: 0.047 seconds
2024-04-24T05:14:42,822  INFO [main] lockmgr.DbTxnManager: Stopped heartbeat for query: alex_20240424051442_130b0ef7-d2ac-4b97-9726-16c549fd09fd
2024-04-24T05:14:42,827  INFO [main] txn.TxnHandler: Expected to move at least one record from txn_components to completed_txn_components when committing txn! txnid:7
2024-04-24T05:14:42,834  INFO [main] txn.TxnHandler: Removed transactions: ([7]) from MIN_HISTORY_LEVEL
2024-04-24T05:14:42,835  WARN [main] txn.CompactionTxnHandler: No compaction queue record found for Compaction type transaction commit. txnId:7
2024-04-24T05:14:42,835  INFO [main] ql.TxnCommandsBaseForTests: Running the query: create table acidTblPart(a int, b int) partitioned by (p string) clustered by (a) into 2 buckets stored as orc TBLPROPERTIES ('transactional'='true')
2024-04-24T05:14:42,835  INFO [main] ql.Driver: Compiling command(queryId=alex_20240424051442_5187685b-a71a-4ea5-8c28-13f2b85aa485): create table acidTblPart(a int, b int) partitioned by (p string) clustered by (a) into 2 buckets stored as orc TBLPROPERTIES ('transactional'='true')
2024-04-24T05:14:42,837  INFO [main] txn.TxnHandler: Added entries to MIN_HISTORY_LEVEL for current txns: ([8]) with min_open_txn: 1
2024-04-24T05:14:42,838  INFO [main] lockmgr.DbTxnManager: Opened txnid:8
2024-04-24T05:14:42,838  INFO [main] parse.CalcitePlanner: Starting caching scope for: 
2024-04-24T05:14:42,838  INFO [main] parse.CalcitePlanner: Starting Semantic Analysis
2024-04-24T05:14:42,841  INFO [main] parse.CalcitePlanner: Creating table default.acidTblPart position=13
2024-04-24T05:14:42,841  INFO [main] HiveMetaStore.audit: ugi=alex	ip=unknown-ip-addr	cmd=get_database: default	
2024-04-24T05:14:42,843  INFO [main] parse.CalcitePlanner: Ending caching scope for: 
2024-04-24T05:14:42,843  INFO [main] ql.Driver: Semantic Analysis Completed (retrial = false)
2024-04-24T05:14:42,843  INFO [main] ql.Driver: Created Hive schema: Schema(fieldSchemas:null, properties:null)
2024-04-24T05:14:42,843  INFO [main] metadata.Hive: Dumping metastore api call timing information for : compilation phase
2024-04-24T05:14:42,843  INFO [main] metadata.Hive: Total time spent in each metastore function (ms): {commitTxn_(CommitTxnRequest)=13, getDatabase_(String)=2, isCompatibleWith_(Configuration)=0, getValidTxns_(long)=0, getValidWriteIds_(List, String)=3, openTxn_(String, TxnType)=2, flushCache_()=1}
2024-04-24T05:14:42,843  INFO [main] ql.Driver: Completed compiling command(queryId=alex_20240424051442_5187685b-a71a-4ea5-8c28-13f2b85aa485); Time taken: 0.008 seconds
2024-04-24T05:14:42,843  INFO [main] lockmgr.DbTxnManager: Setting lock request transaction to txnid:8 for queryId=alex_20240424051442_5187685b-a71a-4ea5-8c28-13f2b85aa485
2024-04-24T05:14:42,844  INFO [main] lockmgr.DbLockManager: Requesting lock for queryId=alex_20240424051442_5187685b-a71a-4ea5-8c28-13f2b85aa485
2024-04-24T05:14:42,860  INFO [main] lockmgr.DbLockManager: Response to queryId=alex_20240424051442_5187685b-a71a-4ea5-8c28-13f2b85aa485 LockResponse(lockid:2, state:ACQUIRED)
2024-04-24T05:14:42,860  INFO [main] ql.Driver: Operation CREATETABLE obtained 1 locks
2024-04-24T05:14:42,861  INFO [main] ql.Driver: Executing command(queryId=alex_20240424051442_5187685b-a71a-4ea5-8c28-13f2b85aa485): create table acidTblPart(a int, b int) partitioned by (p string) clustered by (a) into 2 buckets stored as orc TBLPROPERTIES ('transactional'='true')
2024-04-24T05:14:42,861  INFO [main] ql.Driver: Starting task [Stage-0:DDL] in serial mode
2024-04-24T05:14:42,862  INFO [main] HiveMetaStore.audit: ugi=alex	ip=unknown-ip-addr	cmd=create_table_req: Table(tableName:acidTblPart, dbName:default, owner:alex, createTime:1713960882, lastAccessTime:0, retention:0, sd:StorageDescriptor(cols:[FieldSchema(name:a, type:int, comment:null), FieldSchema(name:b, type:int, comment:null)], location:null, inputFormat:org.apache.hadoop.hive.ql.io.orc.OrcInputFormat, outputFormat:org.apache.hadoop.hive.ql.io.orc.OrcOutputFormat, compressed:false, numBuckets:2, serdeInfo:SerDeInfo(name:null, serializationLib:org.apache.hadoop.hive.ql.io.orc.OrcSerde, parameters:{serialization.format=1}), bucketCols:[a], sortCols:[], parameters:{}, skewedInfo:SkewedInfo(skewedColNames:[], skewedColValues:[], skewedColValueLocationMaps:{}), storedAsSubDirectories:false), partitionKeys:[FieldSchema(name:p, type:string, comment:null)], parameters:{transactional=true, bucketing_version=2}, viewOriginalText:null, viewExpandedText:null, tableType:MANAGED_TABLE, privileges:PrincipalPrivilegeSet(userPrivileges:{alex=[PrivilegeGrantInfo(privilege:INSERT, createTime:-1, grantor:alex, grantorType:USER, grantOption:true), PrivilegeGrantInfo(privilege:SELECT, createTime:-1, grantor:alex, grantorType:USER, grantOption:true), PrivilegeGrantInfo(privilege:UPDATE, createTime:-1, grantor:alex, grantorType:USER, grantOption:true), PrivilegeGrantInfo(privilege:DELETE, createTime:-1, grantor:alex, grantorType:USER, grantOption:true)]}, groupPrivileges:null, rolePrivileges:null), temporary:false, catName:hive, ownerType:USER, writeId:0)	
2024-04-24T05:14:42,868  INFO [main] utils.FileUtils: Creating directory if it doesn't exist: file:/home/alex/Repositories/hive/ql/target/tmp/org.apache.hadoop.hive.ql.TestTxnCommands-1713960750541/warehouse/acidtblpart
2024-04-24T05:14:42,887  INFO [main] metadata.Hive: Dumping metastore api call timing information for : execution phase
2024-04-24T05:14:42,888  INFO [main] metadata.Hive: Total time spent in each metastore function (ms): {isCompatibleWith_(Configuration)=0, createTable_(Table)=26}
2024-04-24T05:14:42,888  INFO [main] ql.Driver: Completed executing command(queryId=alex_20240424051442_5187685b-a71a-4ea5-8c28-13f2b85aa485); Time taken: 0.026 seconds
2024-04-24T05:14:42,888  INFO [main] lockmgr.DbTxnManager: Stopped heartbeat for query: alex_20240424051442_5187685b-a71a-4ea5-8c28-13f2b85aa485
2024-04-24T05:14:42,892  INFO [main] txn.TxnHandler: Expected to move at least one record from txn_components to completed_txn_components when committing txn! txnid:8
2024-04-24T05:14:42,898  INFO [main] txn.TxnHandler: Removed transactions: ([8]) from MIN_HISTORY_LEVEL
2024-04-24T05:14:42,898  WARN [main] txn.CompactionTxnHandler: No compaction queue record found for Compaction type transaction commit. txnId:8
2024-04-24T05:14:42,899  INFO [main] ql.TxnCommandsBaseForTests: Running the query: create table nonAcidOrcTbl(a int, b int) clustered by (a) into 2 buckets stored as orc TBLPROPERTIES ('transactional'='false')
2024-04-24T05:14:42,899  INFO [main] ql.Driver: Compiling command(queryId=alex_20240424051442_320146e1-71b0-4b68-8265-906bdeffaef3): create table nonAcidOrcTbl(a int, b int) clustered by (a) into 2 buckets stored as orc TBLPROPERTIES ('transactional'='false')
2024-04-24T05:14:42,901  INFO [main] txn.TxnHandler: Added entries to MIN_HISTORY_LEVEL for current txns: ([9]) with min_open_txn: 1
2024-04-24T05:14:42,901  INFO [main] lockmgr.DbTxnManager: Opened txnid:9
2024-04-24T05:14:42,902  INFO [main] parse.CalcitePlanner: Starting caching scope for: 
2024-04-24T05:14:42,902  INFO [main] parse.CalcitePlanner: Starting Semantic Analysis
2024-04-24T05:14:42,904  INFO [main] parse.CalcitePlanner: Creating table default.nonAcidOrcTbl position=13
2024-04-24T05:14:42,904  INFO [main] HiveMetaStore.audit: ugi=alex	ip=unknown-ip-addr	cmd=get_database: default	
2024-04-24T05:14:42,906  INFO [main] parse.CalcitePlanner: Ending caching scope for: 
2024-04-24T05:14:42,906  INFO [main] ql.Driver: Semantic Analysis Completed (retrial = false)
2024-04-24T05:14:42,906  INFO [main] ql.Driver: Created Hive schema: Schema(fieldSchemas:null, properties:null)
2024-04-24T05:14:42,906  INFO [main] metadata.Hive: Dumping metastore api call timing information for : compilation phase
2024-04-24T05:14:42,906  INFO [main] metadata.Hive: Total time spent in each metastore function (ms): {getValidTxns_(long)=0, getDatabase_(String)=2, openTxn_(String, TxnType)=1, isCompatibleWith_(Configuration)=2, commitTxn_(CommitTxnRequest)=11, getValidWriteIds_(List, String)=2, flushCache_()=0}
2024-04-24T05:14:42,906  INFO [main] ql.Driver: Completed compiling command(queryId=alex_20240424051442_320146e1-71b0-4b68-8265-906bdeffaef3); Time taken: 0.007 seconds
2024-04-24T05:14:42,907  INFO [main] lockmgr.DbTxnManager: Setting lock request transaction to txnid:9 for queryId=alex_20240424051442_320146e1-71b0-4b68-8265-906bdeffaef3
2024-04-24T05:14:42,907  INFO [main] lockmgr.DbLockManager: Requesting lock for queryId=alex_20240424051442_320146e1-71b0-4b68-8265-906bdeffaef3
2024-04-24T05:14:42,921  INFO [main] lockmgr.DbLockManager: Response to queryId=alex_20240424051442_320146e1-71b0-4b68-8265-906bdeffaef3 LockResponse(lockid:3, state:ACQUIRED)
2024-04-24T05:14:42,921  INFO [main] ql.Driver: Operation CREATETABLE obtained 1 locks
2024-04-24T05:14:42,921  INFO [main] ql.Driver: Executing command(queryId=alex_20240424051442_320146e1-71b0-4b68-8265-906bdeffaef3): create table nonAcidOrcTbl(a int, b int) clustered by (a) into 2 buckets stored as orc TBLPROPERTIES ('transactional'='false')
2024-04-24T05:14:42,922  INFO [main] ql.Driver: Starting task [Stage-0:DDL] in serial mode
2024-04-24T05:14:42,922  INFO [main] HiveMetaStore.audit: ugi=alex	ip=unknown-ip-addr	cmd=create_table_req: Table(tableName:nonAcidOrcTbl, dbName:default, owner:alex, createTime:1713960882, lastAccessTime:0, retention:0, sd:StorageDescriptor(cols:[FieldSchema(name:a, type:int, comment:null), FieldSchema(name:b, type:int, comment:null)], location:null, inputFormat:org.apache.hadoop.hive.ql.io.orc.OrcInputFormat, outputFormat:org.apache.hadoop.hive.ql.io.orc.OrcOutputFormat, compressed:false, numBuckets:2, serdeInfo:SerDeInfo(name:null, serializationLib:org.apache.hadoop.hive.ql.io.orc.OrcSerde, parameters:{serialization.format=1}), bucketCols:[a], sortCols:[], parameters:{}, skewedInfo:SkewedInfo(skewedColNames:[], skewedColValues:[], skewedColValueLocationMaps:{}), storedAsSubDirectories:false), partitionKeys:[], parameters:{numRows=0, numFiles=0, numFilesErasureCoded=0, COLUMN_STATS_ACCURATE={"BASIC_STATS":"true","COLUMN_STATS":{"a":"true","b":"true"}}, rawDataSize=0, bucketing_version=2, transactional=false, totalSize=0}, viewOriginalText:null, viewExpandedText:null, tableType:MANAGED_TABLE, privileges:PrincipalPrivilegeSet(userPrivileges:{alex=[PrivilegeGrantInfo(privilege:INSERT, createTime:-1, grantor:alex, grantorType:USER, grantOption:true), PrivilegeGrantInfo(privilege:SELECT, createTime:-1, grantor:alex, grantorType:USER, grantOption:true), PrivilegeGrantInfo(privilege:UPDATE, createTime:-1, grantor:alex, grantorType:USER, grantOption:true), PrivilegeGrantInfo(privilege:DELETE, createTime:-1, grantor:alex, grantorType:USER, grantOption:true)]}, groupPrivileges:null, rolePrivileges:null), temporary:false, catName:hive, ownerType:USER)	
2024-04-24T05:14:42,928  INFO [main] utils.FileUtils: Creating directory if it doesn't exist: file:/home/alex/Repositories/hive/ql/target/tmp/org.apache.hadoop.hive.ql.TestTxnCommands-1713960750541/warehouse/nonacidorctbl
2024-04-24T05:14:42,942  INFO [main] metadata.Hive: Dumping metastore api call timing information for : execution phase
2024-04-24T05:14:42,942  INFO [main] metadata.Hive: Total time spent in each metastore function (ms): {createTable_(Table)=20, isCompatibleWith_(Configuration)=0}
2024-04-24T05:14:42,942  INFO [main] ql.Driver: Completed executing command(queryId=alex_20240424051442_320146e1-71b0-4b68-8265-906bdeffaef3); Time taken: 0.021 seconds
2024-04-24T05:14:42,942  INFO [main] lockmgr.DbTxnManager: Stopped heartbeat for query: alex_20240424051442_320146e1-71b0-4b68-8265-906bdeffaef3
2024-04-24T05:14:42,946  INFO [main] txn.TxnHandler: Expected to move at least one record from txn_components to completed_txn_components when committing txn! txnid:9
2024-04-24T05:14:42,952  INFO [main] txn.TxnHandler: Removed transactions: ([9]) from MIN_HISTORY_LEVEL
2024-04-24T05:14:42,952  WARN [main] txn.CompactionTxnHandler: No compaction queue record found for Compaction type transaction commit. txnId:9
2024-04-24T05:14:42,953  INFO [main] ql.TxnCommandsBaseForTests: Running the query: create table nonAcidOrcTbl2(a int, b int) clustered by (a) into 2 buckets stored as orc TBLPROPERTIES ('transactional'='false')
2024-04-24T05:14:42,953  INFO [main] ql.Driver: Compiling command(queryId=alex_20240424051442_b92fafbb-f3a2-45a0-8e2e-871730d82d50): create table nonAcidOrcTbl2(a int, b int) clustered by (a) into 2 buckets stored as orc TBLPROPERTIES ('transactional'='false')
2024-04-24T05:14:42,957  INFO [main] txn.TxnHandler: Added entries to MIN_HISTORY_LEVEL for current txns: ([10]) with min_open_txn: 1
2024-04-24T05:14:42,957  INFO [main] lockmgr.DbTxnManager: Opened txnid:10
2024-04-24T05:14:42,957  INFO [main] parse.CalcitePlanner: Starting caching scope for: 
2024-04-24T05:14:42,957  INFO [main] parse.CalcitePlanner: Starting Semantic Analysis
2024-04-24T05:14:42,960  INFO [main] parse.CalcitePlanner: Creating table default.nonAcidOrcTbl2 position=13
2024-04-24T05:14:42,960  INFO [main] HiveMetaStore.audit: ugi=alex	ip=unknown-ip-addr	cmd=get_database: default	
2024-04-24T05:14:42,962  INFO [main] parse.CalcitePlanner: Ending caching scope for: 
2024-04-24T05:14:42,962  INFO [main] ql.Driver: Semantic Analysis Completed (retrial = false)
2024-04-24T05:14:42,962  INFO [main] ql.Driver: Created Hive schema: Schema(fieldSchemas:null, properties:null)
2024-04-24T05:14:42,962  INFO [main] metadata.Hive: Dumping metastore api call timing information for : compilation phase
2024-04-24T05:14:42,962  INFO [main] metadata.Hive: Total time spent in each metastore function (ms): {getValidTxns_(long)=0, flushCache_()=0, isCompatibleWith_(Configuration)=0, getValidWriteIds_(List, String)=2, commitTxn_(CommitTxnRequest)=11, getDatabase_(String)=2, openTxn_(String, TxnType)=3}
2024-04-24T05:14:42,962  INFO [main] ql.Driver: Completed compiling command(queryId=alex_20240424051442_b92fafbb-f3a2-45a0-8e2e-871730d82d50); Time taken: 0.009 seconds
2024-04-24T05:14:42,963  INFO [main] lockmgr.DbTxnManager: Setting lock request transaction to txnid:10 for queryId=alex_20240424051442_b92fafbb-f3a2-45a0-8e2e-871730d82d50
2024-04-24T05:14:42,963  INFO [main] lockmgr.DbLockManager: Requesting lock for queryId=alex_20240424051442_b92fafbb-f3a2-45a0-8e2e-871730d82d50
2024-04-24T05:14:42,978  INFO [main] lockmgr.DbLockManager: Response to queryId=alex_20240424051442_b92fafbb-f3a2-45a0-8e2e-871730d82d50 LockResponse(lockid:4, state:ACQUIRED)
2024-04-24T05:14:42,978  INFO [main] ql.Driver: Operation CREATETABLE obtained 1 locks
2024-04-24T05:14:42,979  INFO [main] ql.Driver: Executing command(queryId=alex_20240424051442_b92fafbb-f3a2-45a0-8e2e-871730d82d50): create table nonAcidOrcTbl2(a int, b int) clustered by (a) into 2 buckets stored as orc TBLPROPERTIES ('transactional'='false')
2024-04-24T05:14:42,979  INFO [main] ql.Driver: Starting task [Stage-0:DDL] in serial mode
2024-04-24T05:14:42,979  INFO [main] HiveMetaStore.audit: ugi=alex	ip=unknown-ip-addr	cmd=create_table_req: Table(tableName:nonAcidOrcTbl2, dbName:default, owner:alex, createTime:1713960882, lastAccessTime:0, retention:0, sd:StorageDescriptor(cols:[FieldSchema(name:a, type:int, comment:null), FieldSchema(name:b, type:int, comment:null)], location:null, inputFormat:org.apache.hadoop.hive.ql.io.orc.OrcInputFormat, outputFormat:org.apache.hadoop.hive.ql.io.orc.OrcOutputFormat, compressed:false, numBuckets:2, serdeInfo:SerDeInfo(name:null, serializationLib:org.apache.hadoop.hive.ql.io.orc.OrcSerde, parameters:{serialization.format=1}), bucketCols:[a], sortCols:[], parameters:{}, skewedInfo:SkewedInfo(skewedColNames:[], skewedColValues:[], skewedColValueLocationMaps:{}), storedAsSubDirectories:false), partitionKeys:[], parameters:{numFiles=0, bucketing_version=2, transactional=false, COLUMN_STATS_ACCURATE={"BASIC_STATS":"true","COLUMN_STATS":{"a":"true","b":"true"}}, rawDataSize=0, numRows=0, totalSize=0, numFilesErasureCoded=0}, viewOriginalText:null, viewExpandedText:null, tableType:MANAGED_TABLE, privileges:PrincipalPrivilegeSet(userPrivileges:{alex=[PrivilegeGrantInfo(privilege:INSERT, createTime:-1, grantor:alex, grantorType:USER, grantOption:true), PrivilegeGrantInfo(privilege:SELECT, createTime:-1, grantor:alex, grantorType:USER, grantOption:true), PrivilegeGrantInfo(privilege:UPDATE, createTime:-1, grantor:alex, grantorType:USER, grantOption:true), PrivilegeGrantInfo(privilege:DELETE, createTime:-1, grantor:alex, grantorType:USER, grantOption:true)]}, groupPrivileges:null, rolePrivileges:null), temporary:false, catName:hive, ownerType:USER)	
2024-04-24T05:14:42,985  INFO [main] utils.FileUtils: Creating directory if it doesn't exist: file:/home/alex/Repositories/hive/ql/target/tmp/org.apache.hadoop.hive.ql.TestTxnCommands-1713960750541/warehouse/nonacidorctbl2
2024-04-24T05:14:42,998  INFO [main] metadata.Hive: Dumping metastore api call timing information for : execution phase
2024-04-24T05:14:42,998  INFO [main] metadata.Hive: Total time spent in each metastore function (ms): {isCompatibleWith_(Configuration)=0, createTable_(Table)=19}
2024-04-24T05:14:42,998  INFO [main] ql.Driver: Completed executing command(queryId=alex_20240424051442_b92fafbb-f3a2-45a0-8e2e-871730d82d50); Time taken: 0.02 seconds
2024-04-24T05:14:42,998  INFO [main] lockmgr.DbTxnManager: Stopped heartbeat for query: alex_20240424051442_b92fafbb-f3a2-45a0-8e2e-871730d82d50
2024-04-24T05:14:43,002  INFO [main] txn.TxnHandler: Expected to move at least one record from txn_components to completed_txn_components when committing txn! txnid:10
2024-04-24T05:14:43,009  INFO [main] txn.TxnHandler: Removed transactions: ([10]) from MIN_HISTORY_LEVEL
2024-04-24T05:14:43,009  WARN [main] txn.CompactionTxnHandler: No compaction queue record found for Compaction type transaction commit. txnId:10
2024-04-24T05:14:43,010  INFO [main] ql.TxnCommandsBaseForTests: Running the query: create temporary  table acidTbl2(a int, b int, c int) clustered by (c) into 2 buckets stored as orc TBLPROPERTIES ('transactional'='true')
2024-04-24T05:14:43,010  INFO [main] ql.Driver: Compiling command(queryId=alex_20240424051443_d60d99cb-2aa0-4ef6-8b2d-2a15b900ec50): create temporary  table acidTbl2(a int, b int, c int) clustered by (c) into 2 buckets stored as orc TBLPROPERTIES ('transactional'='true')
2024-04-24T05:14:43,013  INFO [main] txn.TxnHandler: Added entries to MIN_HISTORY_LEVEL for current txns: ([11]) with min_open_txn: 1
2024-04-24T05:14:43,013  INFO [main] lockmgr.DbTxnManager: Opened txnid:11
2024-04-24T05:14:43,014  INFO [main] parse.CalcitePlanner: Starting caching scope for: 
2024-04-24T05:14:43,014  INFO [main] parse.CalcitePlanner: Starting Semantic Analysis
2024-04-24T05:14:43,016  INFO [main] parse.CalcitePlanner: Creating table default.acidTbl2 position=24
2024-04-24T05:14:43,016  INFO [main] HiveMetaStore.audit: ugi=alex	ip=unknown-ip-addr	cmd=get_database: default	
2024-04-24T05:14:43,018  INFO [main] parse.CalcitePlanner: Ending caching scope for: 
2024-04-24T05:14:43,018  INFO [main] ql.Driver: Semantic Analysis Completed (retrial = false)
2024-04-24T05:14:43,018  INFO [main] ql.Driver: Created Hive schema: Schema(fieldSchemas:null, properties:null)
2024-04-24T05:14:43,018  INFO [main] metadata.Hive: Dumping metastore api call timing information for : compilation phase
2024-04-24T05:14:43,018  INFO [main] metadata.Hive: Total time spent in each metastore function (ms): {getValidWriteIds_(List, String)=2, flushCache_()=0, isCompatibleWith_(Configuration)=1, getValidTxns_(long)=1, openTxn_(String, TxnType)=3, commitTxn_(CommitTxnRequest)=10, getDatabase_(String)=2}
2024-04-24T05:14:43,018  INFO [main] ql.Driver: Completed compiling command(queryId=alex_20240424051443_d60d99cb-2aa0-4ef6-8b2d-2a15b900ec50); Time taken: 0.008 seconds
2024-04-24T05:14:43,019  INFO [main] lockmgr.DbTxnManager: Setting lock request transaction to txnid:11 for queryId=alex_20240424051443_d60d99cb-2aa0-4ef6-8b2d-2a15b900ec50
2024-04-24T05:14:43,019  INFO [main] lockmgr.DbLockManager: Requesting lock for queryId=alex_20240424051443_d60d99cb-2aa0-4ef6-8b2d-2a15b900ec50
2024-04-24T05:14:43,033  INFO [main] lockmgr.DbLockManager: Response to queryId=alex_20240424051443_d60d99cb-2aa0-4ef6-8b2d-2a15b900ec50 LockResponse(lockid:5, state:ACQUIRED)
2024-04-24T05:14:43,033  INFO [main] ql.Driver: Operation CREATETABLE obtained 1 locks
2024-04-24T05:14:43,034  INFO [main] ql.Driver: Executing command(queryId=alex_20240424051443_d60d99cb-2aa0-4ef6-8b2d-2a15b900ec50): create temporary  table acidTbl2(a int, b int, c int) clustered by (c) into 2 buckets stored as orc TBLPROPERTIES ('transactional'='true')
2024-04-24T05:14:43,034  INFO [main] ql.Driver: Starting task [Stage-0:DDL] in serial mode
2024-04-24T05:14:43,035  INFO [main] utils.FileUtils: Creating directory if it doesn't exist: file:/home/alex/Repositories/hive/ql/target/tmp/scratchdir/alex/8ab8b19d-819e-4da9-a274-df313fc43bcb/_tmp_space.db/2406a9ff-0304-4a4f-9312-45fee6090e1d
2024-04-24T05:14:43,037  INFO [main] metadata.Hive: Dumping metastore api call timing information for : execution phase
2024-04-24T05:14:43,037  INFO [main] metadata.Hive: Total time spent in each metastore function (ms): {createTable_(Table)=3, isCompatibleWith_(Configuration)=0}
2024-04-24T05:14:43,037  INFO [main] ql.Driver: Completed executing command(queryId=alex_20240424051443_d60d99cb-2aa0-4ef6-8b2d-2a15b900ec50); Time taken: 0.003 seconds
2024-04-24T05:14:43,037  INFO [main] lockmgr.DbTxnManager: Stopped heartbeat for query: alex_20240424051443_d60d99cb-2aa0-4ef6-8b2d-2a15b900ec50
2024-04-24T05:14:43,042  INFO [main] txn.TxnHandler: Expected to move at least one record from txn_components to completed_txn_components when committing txn! txnid:11
2024-04-24T05:14:43,049  INFO [main] txn.TxnHandler: Removed transactions: ([11]) from MIN_HISTORY_LEVEL
2024-04-24T05:14:43,049  WARN [main] txn.CompactionTxnHandler: No compaction queue record found for Compaction type transaction commit. txnId:11
2024-04-24T05:14:43,050  INFO [main] ql.TxnCommandsBaseForTests: Running the query: create table nonAcidNonBucket(a int, b int) stored as orc TBLPROPERTIES ('transactional'='false')
2024-04-24T05:14:43,050  INFO [main] ql.Driver: Compiling command(queryId=alex_20240424051443_2a2fe59f-bd67-45d1-9012-ec1951483f51): create table nonAcidNonBucket(a int, b int) stored as orc TBLPROPERTIES ('transactional'='false')
2024-04-24T05:14:43,052  INFO [main] txn.TxnHandler: Added entries to MIN_HISTORY_LEVEL for current txns: ([12]) with min_open_txn: 1
2024-04-24T05:14:43,053  INFO [main] lockmgr.DbTxnManager: Opened txnid:12
2024-04-24T05:14:43,053  INFO [main] parse.CalcitePlanner: Starting caching scope for: 
2024-04-24T05:14:43,053  INFO [main] parse.CalcitePlanner: Starting Semantic Analysis
2024-04-24T05:14:43,056  INFO [main] parse.CalcitePlanner: Creating table default.nonAcidNonBucket position=13
2024-04-24T05:14:43,056  INFO [main] HiveMetaStore.audit: ugi=alex	ip=unknown-ip-addr	cmd=get_database: default	
2024-04-24T05:14:43,057  INFO [main] parse.CalcitePlanner: Ending caching scope for: 
2024-04-24T05:14:43,057  INFO [main] ql.Driver: Semantic Analysis Completed (retrial = false)
2024-04-24T05:14:43,057  INFO [main] ql.Driver: Created Hive schema: Schema(fieldSchemas:null, properties:null)
2024-04-24T05:14:43,058  INFO [main] metadata.Hive: Dumping metastore api call timing information for : compilation phase
2024-04-24T05:14:43,058  INFO [main] metadata.Hive: Total time spent in each metastore function (ms): {openTxn_(String, TxnType)=2, getValidTxns_(long)=0, flushCache_()=0, getValidWriteIds_(List, String)=2, commitTxn_(CommitTxnRequest)=11, getDatabase_(String)=1, isCompatibleWith_(Configuration)=0}
2024-04-24T05:14:43,058  INFO [main] ql.Driver: Completed compiling command(queryId=alex_20240424051443_2a2fe59f-bd67-45d1-9012-ec1951483f51); Time taken: 0.007 seconds
2024-04-24T05:14:43,058  INFO [main] lockmgr.DbTxnManager: Setting lock request transaction to txnid:12 for queryId=alex_20240424051443_2a2fe59f-bd67-45d1-9012-ec1951483f51
2024-04-24T05:14:43,058  INFO [main] lockmgr.DbLockManager: Requesting lock for queryId=alex_20240424051443_2a2fe59f-bd67-45d1-9012-ec1951483f51
2024-04-24T05:14:43,074  INFO [main] lockmgr.DbLockManager: Response to queryId=alex_20240424051443_2a2fe59f-bd67-45d1-9012-ec1951483f51 LockResponse(lockid:6, state:ACQUIRED)
2024-04-24T05:14:43,074  INFO [main] ql.Driver: Operation CREATETABLE obtained 1 locks
2024-04-24T05:14:43,074  INFO [main] ql.Driver: Executing command(queryId=alex_20240424051443_2a2fe59f-bd67-45d1-9012-ec1951483f51): create table nonAcidNonBucket(a int, b int) stored as orc TBLPROPERTIES ('transactional'='false')
2024-04-24T05:14:43,074  INFO [main] ql.Driver: Starting task [Stage-0:DDL] in serial mode
2024-04-24T05:14:43,075  INFO [main] HiveMetaStore.audit: ugi=alex	ip=unknown-ip-addr	cmd=create_table_req: Table(tableName:nonAcidNonBucket, dbName:default, owner:alex, createTime:1713960883, lastAccessTime:0, retention:0, sd:StorageDescriptor(cols:[FieldSchema(name:a, type:int, comment:null), FieldSchema(name:b, type:int, comment:null)], location:null, inputFormat:org.apache.hadoop.hive.ql.io.orc.OrcInputFormat, outputFormat:org.apache.hadoop.hive.ql.io.orc.OrcOutputFormat, compressed:false, numBuckets:-1, serdeInfo:SerDeInfo(name:null, serializationLib:org.apache.hadoop.hive.ql.io.orc.OrcSerde, parameters:{serialization.format=1}), bucketCols:[], sortCols:[], parameters:{}, skewedInfo:SkewedInfo(skewedColNames:[], skewedColValues:[], skewedColValueLocationMaps:{}), storedAsSubDirectories:false), partitionKeys:[], parameters:{numFiles=0, numFilesErasureCoded=0, transactional=false, rawDataSize=0, totalSize=0, bucketing_version=2, numRows=0, COLUMN_STATS_ACCURATE={"BASIC_STATS":"true","COLUMN_STATS":{"a":"true","b":"true"}}}, viewOriginalText:null, viewExpandedText:null, tableType:MANAGED_TABLE, privileges:PrincipalPrivilegeSet(userPrivileges:{alex=[PrivilegeGrantInfo(privilege:INSERT, createTime:-1, grantor:alex, grantorType:USER, grantOption:true), PrivilegeGrantInfo(privilege:SELECT, createTime:-1, grantor:alex, grantorType:USER, grantOption:true), PrivilegeGrantInfo(privilege:UPDATE, createTime:-1, grantor:alex, grantorType:USER, grantOption:true), PrivilegeGrantInfo(privilege:DELETE, createTime:-1, grantor:alex, grantorType:USER, grantOption:true)]}, groupPrivileges:null, rolePrivileges:null), temporary:false, catName:hive, ownerType:USER)	
2024-04-24T05:14:43,080  INFO [main] utils.FileUtils: Creating directory if it doesn't exist: file:/home/alex/Repositories/hive/ql/target/tmp/org.apache.hadoop.hive.ql.TestTxnCommands-1713960750541/warehouse/nonacidnonbucket
2024-04-24T05:14:43,094  INFO [main] metadata.Hive: Dumping metastore api call timing information for : execution phase
2024-04-24T05:14:43,094  INFO [main] metadata.Hive: Total time spent in each metastore function (ms): {createTable_(Table)=19, isCompatibleWith_(Configuration)=0}
2024-04-24T05:14:43,094  INFO [main] ql.Driver: Completed executing command(queryId=alex_20240424051443_2a2fe59f-bd67-45d1-9012-ec1951483f51); Time taken: 0.02 seconds
2024-04-24T05:14:43,094  INFO [main] lockmgr.DbTxnManager: Stopped heartbeat for query: alex_20240424051443_2a2fe59f-bd67-45d1-9012-ec1951483f51
2024-04-24T05:14:43,098  INFO [main] txn.TxnHandler: Expected to move at least one record from txn_components to completed_txn_components when committing txn! txnid:12
2024-04-24T05:14:43,105  INFO [main] txn.TxnHandler: Removed transactions: ([12]) from MIN_HISTORY_LEVEL
2024-04-24T05:14:43,105  WARN [main] txn.CompactionTxnHandler: No compaction queue record found for Compaction type transaction commit. txnId:12
2024-04-24T05:14:43,105  INFO [main] HiveMetaStore.audit: ugi=alex	ip=unknown-ip-addr	cmd=Cleaning up thread local RawStore...	
2024-04-24T05:14:43,105  INFO [main] metastore.ObjectStore: RawStore: org.apache.hadoop.hive.metastore.ObjectStore@1c80973c, with PersistenceManager: org.datanucleus.api.jdo.JDOPersistenceManager@226f94de will be shutdown
2024-04-24T05:14:43,106  INFO [main] HiveMetaStore.audit: ugi=alex	ip=unknown-ip-addr	cmd=Done cleaning up thread local RawStore	
2024-04-24T05:14:43,106  INFO [main] metastore.HiveMetaStoreClient: Closed a connection to metastore, current connections: -10
2024-04-24T05:14:43,106  INFO [main] ql.TxnCommandsBaseForTests: Running the query: drop table if exists T
2024-04-24T05:14:43,106  INFO [main] ql.Driver: Compiling command(queryId=alex_20240424051443_47cb3bd1-e3dc-41bc-be77-f64bedc7057a): drop table if exists T
2024-04-24T05:14:43,107  INFO [main] metastore.HiveMetaStoreClient: HMS client filtering is enabled.
2024-04-24T05:14:43,108  INFO [main] metastore.HMSHandler: 0: Opening raw store with implementation class:org.apache.hadoop.hive.metastore.ObjectStore
2024-04-24T05:14:43,109  INFO [main] metastore.PersistenceManagerProvider: Configuration datanucleus.autoStartMechanismMode is not set. Defaulting to 'ignored'
2024-04-24T05:14:43,109  INFO [main] metastore.ObjectStore: RawStore: org.apache.hadoop.hive.metastore.ObjectStore@62d6125b, with PersistenceManager: null will be shutdown
2024-04-24T05:14:43,109  INFO [main] metastore.ObjectStore: RawStore: org.apache.hadoop.hive.metastore.ObjectStore@62d6125b, with PersistenceManager: org.datanucleus.api.jdo.JDOPersistenceManager@3a5a19c9 created in the thread with id: 1
2024-04-24T05:14:43,130  INFO [main] metastore.HMSHandler: Created RawStore: org.apache.hadoop.hive.metastore.ObjectStore@62d6125b from thread id: 1
2024-04-24T05:14:43,130  INFO [main] metastore.HMSHandler: HMS server filtering is disabled by configuration
2024-04-24T05:14:43,130  INFO [main] metastore.RetryingMetaStoreClient: RetryingMetaStoreClient proxy=class org.apache.hadoop.hive.ql.metadata.SessionHiveMetaStoreClient ugi=alex (auth:SIMPLE) retries=1 delay=1 lifetime=0
2024-04-24T05:14:43,132  INFO [main] txn.TxnHandler: Added entries to MIN_HISTORY_LEVEL for current txns: ([13]) with min_open_txn: 1
2024-04-24T05:14:43,132  INFO [main] lockmgr.DbTxnManager: Opened txnid:13
2024-04-24T05:14:43,133  INFO [main] HiveMetaStore.audit: ugi=alex	ip=unknown-ip-addr	cmd=get_table : tbl=hive.default.T	
2024-04-24T05:14:43,151  INFO [main] metastore.HMSHandler: Skipping translation for processor with null
2024-04-24T05:14:43,151  INFO [main] ql.Driver: Semantic Analysis Completed (retrial = false)
2024-04-24T05:14:43,151  INFO [main] ql.Driver: Created Hive schema: Schema(fieldSchemas:null, properties:null)
2024-04-24T05:14:43,151  INFO [main] metadata.Hive: Dumping metastore api call timing information for : compilation phase
2024-04-24T05:14:43,151  INFO [main] metadata.Hive: Total time spent in each metastore function (ms): {getValidTxns_(long)=0, isCompatibleWith_(Configuration)=1, getTable_(GetTableRequest)=18, openTxn_(String, TxnType)=2, flushCache_()=0}
2024-04-24T05:14:43,152  INFO [main] ql.Driver: Completed compiling command(queryId=alex_20240424051443_47cb3bd1-e3dc-41bc-be77-f64bedc7057a); Time taken: 0.045 seconds
2024-04-24T05:14:43,152  INFO [main] lockmgr.DbTxnManager: Setting lock request transaction to txnid:13 for queryId=alex_20240424051443_47cb3bd1-e3dc-41bc-be77-f64bedc7057a
2024-04-24T05:14:43,152  INFO [main] lockmgr.DbLockManager: Requesting lock for queryId=alex_20240424051443_47cb3bd1-e3dc-41bc-be77-f64bedc7057a
2024-04-24T05:14:43,171  INFO [main] lockmgr.DbLockManager: Response to queryId=alex_20240424051443_47cb3bd1-e3dc-41bc-be77-f64bedc7057a LockResponse(lockid:7, state:ACQUIRED)
2024-04-24T05:14:43,171  INFO [main] ql.Driver: Operation DROPTABLE obtained 1 locks
2024-04-24T05:14:43,171  INFO [main] ql.Driver: Executing command(queryId=alex_20240424051443_47cb3bd1-e3dc-41bc-be77-f64bedc7057a): drop table if exists T
2024-04-24T05:14:43,171  INFO [main] ql.Driver: Starting task [Stage-0:DDL] in serial mode
2024-04-24T05:14:43,172  INFO [main] HiveMetaStore.audit: ugi=alex	ip=unknown-ip-addr	cmd=get_table : tbl=hive.default.T	
2024-04-24T05:14:43,178  INFO [main] metastore.HMSHandler: Skipping translation for processor with null
2024-04-24T05:14:43,178  INFO [main] HiveMetaStore.audit: ugi=alex	ip=unknown-ip-addr	cmd=get_table : tbl=hive.default.T	
2024-04-24T05:14:43,184  INFO [main] metastore.HMSHandler: Skipping translation for processor with null
2024-04-24T05:14:43,184  INFO [main] HiveMetaStore.audit: ugi=alex	ip=unknown-ip-addr	cmd=drop_table : tbl=hive.default.T	
2024-04-24T05:14:43,292  WARN [main] utils.FileUtils: File file:/home/alex/Repositories/hive/ql/target/tmp/org.apache.hadoop.hive.ql.TestTxnCommands-1713960750541/warehouse/t does not exist; Force to delete it.
2024-04-24T05:14:43,292 ERROR [main] utils.FileUtils: Failed to delete file:/home/alex/Repositories/hive/ql/target/tmp/org.apache.hadoop.hive.ql.TestTxnCommands-1713960750541/warehouse/t
2024-04-24T05:14:43,292  INFO [main] metadata.Hive: Dumping metastore api call timing information for : execution phase
2024-04-24T05:14:43,292  INFO [main] metadata.Hive: Total time spent in each metastore function (ms): {getTable_(GetTableRequest)=6, isCompatibleWith_(Configuration)=0, dropTable_(String, String, boolean, boolean, boolean)=114}
2024-04-24T05:14:43,293  INFO [main] ql.Driver: Completed executing command(queryId=alex_20240424051443_47cb3bd1-e3dc-41bc-be77-f64bedc7057a); Time taken: 0.121 seconds
2024-04-24T05:14:43,293  INFO [main] lockmgr.DbTxnManager: Stopped heartbeat for query: alex_20240424051443_47cb3bd1-e3dc-41bc-be77-f64bedc7057a
2024-04-24T05:14:43,297  INFO [main] txn.TxnHandler: Expected to move at least one record from txn_components to completed_txn_components when committing txn! txnid:13
2024-04-24T05:14:43,303  INFO [main] txn.TxnHandler: Removed transactions: ([13]) from MIN_HISTORY_LEVEL
2024-04-24T05:14:43,303  WARN [main] txn.CompactionTxnHandler: No compaction queue record found for Compaction type transaction commit. txnId:13
2024-04-24T05:14:43,304  INFO [main] ql.TxnCommandsBaseForTests: Running the query: create table T (a int, b int) stored as orc
2024-04-24T05:14:43,304  INFO [main] ql.Driver: Compiling command(queryId=alex_20240424051443_b87334bb-7676-43f8-903e-d53ef1425362): create table T (a int, b int) stored as orc
2024-04-24T05:14:43,307  INFO [main] txn.TxnHandler: Added entries to MIN_HISTORY_LEVEL for current txns: ([14]) with min_open_txn: 1
2024-04-24T05:14:43,307  INFO [main] lockmgr.DbTxnManager: Opened txnid:14
2024-04-24T05:14:43,307  INFO [main] parse.CalcitePlanner: Starting caching scope for: 
2024-04-24T05:14:43,307  INFO [main] parse.CalcitePlanner: Starting Semantic Analysis
2024-04-24T05:14:43,313  INFO [main] parse.CalcitePlanner: Creating table default.T position=13
2024-04-24T05:14:43,313  INFO [main] parse.CalcitePlanner: Automatically chose to make default.T acid.
2024-04-24T05:14:43,313  INFO [main] HiveMetaStore.audit: ugi=alex	ip=unknown-ip-addr	cmd=get_database: default	
2024-04-24T05:14:43,315  INFO [main] parse.CalcitePlanner: Ending caching scope for: 
2024-04-24T05:14:43,315  INFO [main] ql.Driver: Semantic Analysis Completed (retrial = false)
2024-04-24T05:14:43,315  INFO [main] ql.Driver: Created Hive schema: Schema(fieldSchemas:null, properties:null)
2024-04-24T05:14:43,315  INFO [main] metadata.Hive: Dumping metastore api call timing information for : compilation phase
2024-04-24T05:14:43,315  INFO [main] metadata.Hive: Total time spent in each metastore function (ms): {flushCache_()=0, getValidWriteIds_(List, String)=5, commitTxn_(CommitTxnRequest)=11, openTxn_(String, TxnType)=3, isCompatibleWith_(Configuration)=0, getDatabase_(String)=2, getValidTxns_(long)=0}
2024-04-24T05:14:43,315  INFO [main] ql.Driver: Completed compiling command(queryId=alex_20240424051443_b87334bb-7676-43f8-903e-d53ef1425362); Time taken: 0.011 seconds
2024-04-24T05:14:43,315  INFO [main] lockmgr.DbTxnManager: Setting lock request transaction to txnid:14 for queryId=alex_20240424051443_b87334bb-7676-43f8-903e-d53ef1425362
2024-04-24T05:14:43,316  INFO [main] lockmgr.DbLockManager: Requesting lock for queryId=alex_20240424051443_b87334bb-7676-43f8-903e-d53ef1425362
2024-04-24T05:14:43,330  INFO [main] lockmgr.DbLockManager: Response to queryId=alex_20240424051443_b87334bb-7676-43f8-903e-d53ef1425362 LockResponse(lockid:8, state:ACQUIRED)
2024-04-24T05:14:43,330  INFO [main] ql.Driver: Operation CREATETABLE obtained 1 locks
2024-04-24T05:14:43,331  INFO [main] ql.Driver: Executing command(queryId=alex_20240424051443_b87334bb-7676-43f8-903e-d53ef1425362): create table T (a int, b int) stored as orc
2024-04-24T05:14:43,331  INFO [main] ql.Driver: Starting task [Stage-0:DDL] in serial mode
2024-04-24T05:14:43,332  INFO [main] HiveMetaStore.audit: ugi=alex	ip=unknown-ip-addr	cmd=create_table_req: Table(tableName:T, dbName:default, owner:alex, createTime:1713960883, lastAccessTime:0, retention:0, sd:StorageDescriptor(cols:[FieldSchema(name:a, type:int, comment:null), FieldSchema(name:b, type:int, comment:null)], location:null, inputFormat:org.apache.hadoop.hive.ql.io.orc.OrcInputFormat, outputFormat:org.apache.hadoop.hive.ql.io.orc.OrcOutputFormat, compressed:false, numBuckets:-1, serdeInfo:SerDeInfo(name:null, serializationLib:org.apache.hadoop.hive.ql.io.orc.OrcSerde, parameters:{serialization.format=1}), bucketCols:[], sortCols:[], parameters:{}, skewedInfo:SkewedInfo(skewedColNames:[], skewedColValues:[], skewedColValueLocationMaps:{}), storedAsSubDirectories:false), partitionKeys:[], parameters:{transactional=true, transactional_properties=default, numRows=0, bucketing_version=2, COLUMN_STATS_ACCURATE={"BASIC_STATS":"true","COLUMN_STATS":{"a":"true","b":"true"}}, numFiles=0, numFilesErasureCoded=0, totalSize=0, rawDataSize=0}, viewOriginalText:null, viewExpandedText:null, tableType:MANAGED_TABLE, privileges:PrincipalPrivilegeSet(userPrivileges:{alex=[PrivilegeGrantInfo(privilege:INSERT, createTime:-1, grantor:alex, grantorType:USER, grantOption:true), PrivilegeGrantInfo(privilege:SELECT, createTime:-1, grantor:alex, grantorType:USER, grantOption:true), PrivilegeGrantInfo(privilege:UPDATE, createTime:-1, grantor:alex, grantorType:USER, grantOption:true), PrivilegeGrantInfo(privilege:DELETE, createTime:-1, grantor:alex, grantorType:USER, grantOption:true)]}, groupPrivileges:null, rolePrivileges:null), temporary:false, catName:hive, ownerType:USER, writeId:0)	
2024-04-24T05:14:43,337  INFO [main] utils.FileUtils: Creating directory if it doesn't exist: file:/home/alex/Repositories/hive/ql/target/tmp/org.apache.hadoop.hive.ql.TestTxnCommands-1713960750541/warehouse/t
2024-04-24T05:14:43,367  INFO [main] metadata.Hive: Dumping metastore api call timing information for : execution phase
2024-04-24T05:14:43,367  INFO [main] metadata.Hive: Total time spent in each metastore function (ms): {isCompatibleWith_(Configuration)=0, createTable_(Table)=35}
2024-04-24T05:14:43,368  INFO [main] ql.Driver: Completed executing command(queryId=alex_20240424051443_b87334bb-7676-43f8-903e-d53ef1425362); Time taken: 0.036 seconds
2024-04-24T05:14:43,368  INFO [main] lockmgr.DbTxnManager: Stopped heartbeat for query: alex_20240424051443_b87334bb-7676-43f8-903e-d53ef1425362
2024-04-24T05:14:43,372  INFO [main] txn.TxnHandler: Expected to move at least one record from txn_components to completed_txn_components when committing txn! txnid:14
2024-04-24T05:14:43,378  INFO [main] txn.TxnHandler: Removed transactions: ([14]) from MIN_HISTORY_LEVEL
2024-04-24T05:14:43,380  WARN [main] txn.CompactionTxnHandler: No compaction queue record found for Compaction type transaction commit. txnId:14
2024-04-24T05:14:43,380  INFO [main] ql.TxnCommandsBaseForTests: Running the query: insert into T values(1,2)
2024-04-24T05:14:43,380  INFO [main] ql.Driver: Compiling command(queryId=alex_20240424051443_81bb67f1-24d9-4b94-80f7-f58d75bea830): insert into T values(1,2)
2024-04-24T05:14:43,383  INFO [main] txn.TxnHandler: Added entries to MIN_HISTORY_LEVEL for current txns: ([15]) with min_open_txn: 1
2024-04-24T05:14:43,383  INFO [main] lockmgr.DbTxnManager: Opened txnid:15
2024-04-24T05:14:43,383  INFO [main] parse.CalcitePlanner: Starting caching scope for: 
2024-04-24T05:14:43,383  INFO [main] parse.CalcitePlanner: Starting Semantic Analysis
2024-04-24T05:14:43,386  INFO [main] HiveMetaStore.audit: ugi=alex	ip=unknown-ip-addr	cmd=get_table : tbl=hive.default.T	
2024-04-24T05:14:43,393  INFO [main] metastore.HMSHandler: Skipping translation for processor with null
2024-04-24T05:14:43,393  INFO [main] parse.CalcitePlanner: Completed phase 1 of Semantic Analysis
2024-04-24T05:14:43,393  INFO [main] parse.CalcitePlanner: Get metadata for source tables
2024-04-24T05:14:43,393  INFO [main] parse.CalcitePlanner: Get metadata for subqueries
2024-04-24T05:14:43,393  INFO [main] parse.CalcitePlanner: Get metadata for destination tables
2024-04-24T05:14:43,393  INFO [main] HiveMetaStore.audit: ugi=alex	ip=unknown-ip-addr	cmd=get_table : tbl=hive.default.T	
2024-04-24T05:14:43,399  INFO [main] metastore.HMSHandler: Skipping translation for processor with null
2024-04-24T05:14:43,400  INFO [main] parse.CalcitePlanner: Completed getting MetaData in Semantic Analysis
2024-04-24T05:14:43,400  INFO [main] parse.CalcitePlanner: Disabling LLAP IO encode as ETL query is detected
2024-04-24T05:14:43,420  INFO [main] HiveMetaStore.audit: ugi=alex	ip=unknown-ip-addr	cmd=get_all_table_constraints : tbl=hive._dummy_database._dummy_table	
2024-04-24T05:14:43,489  INFO [main] parse.CalcitePlanner: Get metadata for source tables
2024-04-24T05:14:43,489  INFO [main] parse.CalcitePlanner: Get metadata for subqueries
2024-04-24T05:14:43,489  INFO [main] parse.CalcitePlanner: Get metadata for source tables
2024-04-24T05:14:43,490  INFO [main] HiveMetaStore.audit: ugi=alex	ip=unknown-ip-addr	cmd=get_table : tbl=hive._dummy_database._dummy_table	
2024-04-24T05:14:43,492  INFO [main] parse.CalcitePlanner: Get metadata for subqueries
2024-04-24T05:14:43,492  INFO [main] parse.CalcitePlanner: Get metadata for destination tables
2024-04-24T05:14:43,492  INFO [main] parse.CalcitePlanner: Get metadata for destination tables
2024-04-24T05:14:43,492  INFO [main] HiveMetaStore.audit: ugi=alex	ip=unknown-ip-addr	cmd=get_table : tbl=hive.default.T	
2024-04-24T05:14:43,498  INFO [main] metastore.HMSHandler: Skipping translation for processor with null
2024-04-24T05:14:43,500  INFO [main] HiveMetaStore.audit: ugi=alex	ip=unknown-ip-addr	cmd=get_not_null_constraints : tbl=hive.default.t	
2024-04-24T05:14:43,501  INFO [main] HiveMetaStore.audit: ugi=alex	ip=unknown-ip-addr	cmd=get_check_constraints : tbl=hive.default.t	
2024-04-24T05:14:43,509  INFO [main] txn.TxnHandler: Allocated writeId: 1 for txnId: 15
2024-04-24T05:14:43,510  INFO [main] txn.TxnHandler: Allocated write ids for dbName=default, tblName=t (txnIds: [15])
2024-04-24T05:14:43,510  INFO [main] parse.CalcitePlanner: CBO Succeeded; optimized logical plan.
2024-04-24T05:14:43,512  INFO [main] optimizer.BucketVersionPopulator: not considering bucketingVersion for: TS[0] because it has -1<2 buckets 
2024-04-24T05:14:43,513  INFO [main] optimizer.SortedDynPartitionOptimizer: Sorted dynamic partitioning optimization kicked in..
2024-04-24T05:14:43,520  INFO [main] HiveMetaStore.audit: ugi=alex	ip=unknown-ip-addr	cmd=get_table : tbl=hive.default.t	
2024-04-24T05:14:43,527  INFO [main] metastore.HMSHandler: Skipping translation for processor with null
2024-04-24T05:14:43,527  INFO [main] physical.Vectorizer: Examining input format to see if vectorization is enabled.
2024-04-24T05:14:43,528  INFO [main] physical.Vectorizer: Map vectorization enabled: false
2024-04-24T05:14:43,528  INFO [main] physical.Vectorizer: Map vectorized: false
2024-04-24T05:14:43,528  INFO [main] physical.Vectorizer: Map vectorizedVertexNum: 0
2024-04-24T05:14:43,528  INFO [main] physical.Vectorizer: Map enabledConditionsMet: [hive.vectorized.use.vectorized.input.format IS true]
2024-04-24T05:14:43,528  INFO [main] physical.Vectorizer: Map enabledConditionsNotMet: [Could not enable vectorization due to partition column names size 1 is greater than the number of table column names size 0 IS false]
2024-04-24T05:14:43,528  INFO [main] physical.Vectorizer: Map inputFileFormatClassNameSet: [org.apache.hadoop.hive.ql.io.NullRowsInputFormat]
2024-04-24T05:14:43,528  INFO [main] parse.CalcitePlanner: Completed plan generation
2024-04-24T05:14:43,528  INFO [main] parse.CalcitePlanner: Ending caching scope for: 
2024-04-24T05:14:43,528  INFO [main] ql.Driver: Semantic Analysis Completed (retrial = false)
2024-04-24T05:14:43,528  INFO [main] ql.Driver: Created Hive schema: Schema(fieldSchemas:[FieldSchema(name:col1, type:int, comment:null), FieldSchema(name:col2, type:int, comment:null)], properties:null)
2024-04-24T05:14:43,528  INFO [main] metadata.Hive: Dumping metastore api call timing information for : compilation phase
2024-04-24T05:14:43,528  INFO [main] metadata.Hive: Total time spent in each metastore function (ms): {getValidWriteIds_(List, String)=4, getAllTableConstraints_(AllTableConstraintsRequest)=26, getCheckConstraints_(CheckConstraintsRequest)=1, flushCache_()=0, getValidTxns_(long)=0, getNotNullConstraints_(NotNullConstraintsRequest)=2, isCompatibleWith_(Configuration)=0, commitTxn_(CommitTxnRequest)=12, openTxn_(String, TxnType)=2, getTable_(GetTableRequest)=26, allocateTableWriteId_(long, String, String)=8}
2024-04-24T05:14:43,528  INFO [main] ql.Driver: Completed compiling command(queryId=alex_20240424051443_81bb67f1-24d9-4b94-80f7-f58d75bea830); Time taken: 0.148 seconds
2024-04-24T05:14:43,529  INFO [main] lockmgr.DbTxnManager: Setting lock request transaction to txnid:15 for queryId=alex_20240424051443_81bb67f1-24d9-4b94-80f7-f58d75bea830
2024-04-24T05:14:43,529  INFO [main] lockmgr.DbLockManager: Requesting lock for queryId=alex_20240424051443_81bb67f1-24d9-4b94-80f7-f58d75bea830
2024-04-24T05:14:43,551  INFO [main] lockmgr.DbLockManager: Response to queryId=alex_20240424051443_81bb67f1-24d9-4b94-80f7-f58d75bea830 LockResponse(lockid:9, state:ACQUIRED)
2024-04-24T05:14:43,551  INFO [main] ql.Driver: Operation QUERY obtained 1 locks
2024-04-24T05:14:43,554  INFO [main] ql.Driver: Executing command(queryId=alex_20240424051443_81bb67f1-24d9-4b94-80f7-f58d75bea830): insert into T values(1,2)
2024-04-24T05:14:43,555  WARN [main] ql.Driver: Hive-on-MR is deprecated in Hive 2 and may not be available in the future versions. Consider using a different execution engine (i.e. tez, spark) or using Hive 1.X releases.
Query ID = alex_20240424051443_81bb67f1-24d9-4b94-80f7-f58d75bea830
2024-04-24T05:14:43,555  INFO [main] ql.Driver: Query ID = alex_20240424051443_81bb67f1-24d9-4b94-80f7-f58d75bea830
Total jobs = 1
2024-04-24T05:14:43,555  INFO [main] ql.Driver: Total jobs = 1
Launching Job 1 out of 1
2024-04-24T05:14:43,555  INFO [main] ql.Driver: Launching Job 1 out of 1
2024-04-24T05:14:43,697  INFO [main] ql.Driver: Starting task [Stage-1:MAPRED] in serial mode
Number of reduce tasks is set to 0 since there's no reduce operator
2024-04-24T05:14:43,697  INFO [main] exec.Task: Number of reduce tasks is set to 0 since there's no reduce operator
2024-04-24T05:14:43,700  INFO [main] mr.ExecDriver: Using org.apache.hadoop.hive.ql.io.HiveInputFormat
2024-04-24T05:14:43,700  INFO [main] exec.Utilities: Processing alias $hdt$_0:_dummy_table
2024-04-24T05:14:43,700  INFO [main] exec.Utilities: Adding 1 inputs; the first input is file:/home/alex/Repositories/hive/ql/target/tmp/localscratchdir/8ab8b19d-819e-4da9-a274-df313fc43bcb/hive_2024-04-24_05-14-43_380_6951739748098415278-1/dummy_path
2024-04-24T05:14:43,709  INFO [main] exec.SerializationUtilities: Serializing MapWork using kryo
2024-04-24T05:14:43,709  INFO [main] exec.Utilities: Serialized plan (via FILE) - name: null size: 5,67KB
2024-04-24T05:14:43,710  WARN [main] impl.MetricsSystemImpl: JobTracker metrics system already initialized!
2024-04-24T05:14:43,714  INFO [main] fs.FSStatsPublisher: created : file:/home/alex/Repositories/hive/ql/target/tmp/localscratchdir/8ab8b19d-819e-4da9-a274-df313fc43bcb/hive_2024-04-24_05-14-43_380_6951739748098415278-1/-mr-10000
2024-04-24T05:14:43,716  WARN [main] impl.MetricsSystemImpl: JobTracker metrics system already initialized!
2024-04-24T05:14:43,723  WARN [main] mapreduce.JobResourceUploader: Hadoop command-line option parsing not performed. Implement the Tool interface and execute your application with ToolRunner to remedy this.
2024-04-24T05:14:43,727  WARN [main] mapreduce.JobResourceUploader: No job jar file set.  User classes may not be found. See Job or Job#setJar(String).
2024-04-24T05:14:43,728  INFO [main] io.HiveInputFormat: hive.io.file.readcolumn.ids = 
2024-04-24T05:14:43,728  INFO [main] io.HiveInputFormat: hive.io.file.readcolumn.names = 
2024-04-24T05:14:43,728  INFO [main] io.HiveInputFormat: Generating splits for dirs: file:/home/alex/Repositories/hive/ql/target/tmp/localscratchdir/8ab8b19d-819e-4da9-a274-df313fc43bcb/hive_2024-04-24_05-14-43_380_6951739748098415278-1/dummy_path
2024-04-24T05:14:43,728  INFO [main] io.HiveInputFormat: number of splits 1
2024-04-24T05:14:43,745  INFO [main] mapreduce.JobSubmitter: number of splits:1
2024-04-24T05:14:43,763  INFO [main] mapreduce.JobSubmitter: Submitting tokens for job: job_local55854911_0049
2024-04-24T05:14:43,763  INFO [main] mapreduce.JobSubmitter: Executing with tokens: []
2024-04-24T05:14:43,843  INFO [main] mapreduce.Job: The url to track the job: http://localhost:8080/
Job running in-process (local Hadoop)
2024-04-24T05:14:43,843  INFO [main] exec.Task: Job running in-process (local Hadoop)
2024-04-24T05:14:43,844  INFO [Thread-4045] mapred.LocalJobRunner: OutputCommitter set in config org.apache.hadoop.hive.ql.io.HiveFileFormatUtils$NullOutputCommitter
2024-04-24T05:14:43,844  INFO [Thread-4045] mapred.LocalJobRunner: OutputCommitter is org.apache.hadoop.hive.ql.io.HiveFileFormatUtils$NullOutputCommitter
2024-04-24T05:14:43,846  INFO [Thread-4045] mapred.LocalJobRunner: Waiting for map tasks
2024-04-24T05:14:43,846  INFO [LocalJobRunner Map Task Executor #0] mapred.LocalJobRunner: Starting task: attempt_local55854911_0049_m_000000_0
2024-04-24T05:14:43,849  INFO [LocalJobRunner Map Task Executor #0] mapred.Task:  Using ResourceCalculatorProcessTree : [ ]
2024-04-24T05:14:43,849  INFO [LocalJobRunner Map Task Executor #0] mapred.MapTask: Processing split: org.apache.hadoop.hive.ql.io.NullRowsInputFormat:file:/home/alex/Repositories/hive/ql/target/tmp/localscratchdir/8ab8b19d-819e-4da9-a274-df313fc43bcb/hive_2024-04-24_05-14-43_380_6951739748098415278-1/dummy_path/null:0+1
2024-04-24T05:14:43,851  INFO [LocalJobRunner Map Task Executor #0] exec.SerializationUtilities: Deserializing MapWork using kryo
2024-04-24T05:14:43,852  INFO [LocalJobRunner Map Task Executor #0] exec.Utilities: Deserialized plan (via FILE) - name: null size: 5,67KB
2024-04-24T05:14:43,852  INFO [LocalJobRunner Map Task Executor #0] mapred.MapTask: numReduceTasks: 0
2024-04-24T05:14:43,854  INFO [LocalJobRunner Map Task Executor #0] exec.MapOperator: Initializing Operator: MAP[0]
2024-04-24T05:14:43,854  INFO [LocalJobRunner Map Task Executor #0] mr.ExecMapper: 
<MAP>Id =0
  <Children>null
  <\Children>
  <Parent><\Parent>
<\MAP>
2024-04-24T05:14:43,855  INFO [LocalJobRunner Map Task Executor #0] exec.TableScanOperator: Initializing Operator: TS[0]
2024-04-24T05:14:43,855  INFO [LocalJobRunner Map Task Executor #0] exec.SelectOperator: Initializing Operator: SEL[1]
2024-04-24T05:14:43,855  INFO [LocalJobRunner Map Task Executor #0] exec.SelectOperator: SELECT null
2024-04-24T05:14:43,855  INFO [LocalJobRunner Map Task Executor #0] exec.UDTFOperator: Initializing Operator: UDTF[2]
2024-04-24T05:14:43,856  INFO [LocalJobRunner Map Task Executor #0] exec.SelectOperator: Initializing Operator: SEL[3]
2024-04-24T05:14:43,856  INFO [LocalJobRunner Map Task Executor #0] exec.SelectOperator: SELECT struct<col1:int,col2:int>
2024-04-24T05:14:43,856  INFO [LocalJobRunner Map Task Executor #0] exec.FileSinkOperator: Initializing Operator: FS[4]
2024-04-24T05:14:43,856  INFO [LocalJobRunner Map Task Executor #0] exec.FileSinkOperator: Using serializer : AbstractSerDe [log=org.apache.logging.slf4j.Log4jLogger@a925655, configuration=Optional[Configuration: core-default.xml, core-site.xml, mapred-default.xml, mapred-site.xml, yarn-default.xml, yarn-site.xml, hdfs-default.xml, hdfs-site.xml, file:/home/alex/Repositories/hive/ql/target/tmp/TestTxnCommandsWithSplitUpdateAndVectorization/mapred/local/localRunner/alex/job_local55854911_0049/job_local55854911_0049.xml], properties={transactional_properties=default, name=default.t, transactional=true, columns.types=int:int, columns=a,b, numFilesErasureCoded=0, columns.comments=&amp#0;, bucketing_version=2, serialization.lib=org.apache.hadoop.hive.ql.io.orc.OrcSerde, file.inputformat=org.apache.hadoop.hive.ql.io.orc.OrcInputFormat, file.outputformat=org.apache.hadoop.hive.ql.io.orc.OrcOutputFormat, location=file:/home/alex/Repositories/hive/ql/target/tmp/org.apache.hadoop.hive.ql.TestTxnCommands-1713960750541/warehouse/t, column.name.delimiter=,}, tableProperties={transactional_properties=default, name=default.t, transactional=true, columns.types=int:int, columns=a,b, numFilesErasureCoded=0, columns.comments=&amp#0;, bucketing_version=2, serialization.lib=org.apache.hadoop.hive.ql.io.orc.OrcSerde, file.inputformat=org.apache.hadoop.hive.ql.io.orc.OrcInputFormat, location=file:/home/alex/Repositories/hive/ql/target/tmp/org.apache.hadoop.hive.ql.TestTxnCommands-1713960750541/warehouse/t, file.outputformat=org.apache.hadoop.hive.ql.io.orc.OrcOutputFormat, column.name.delimiter=,}, partitionProperties=Optional.empty, columnNames=[a, b], columnTypes=[int, int], getClass()=class org.apache.hadoop.hive.ql.io.orc.OrcSerde] and formatter : org.apache.hadoop.hive.ql.io.orc.OrcOutputFormat@8be40c5
2024-04-24T05:14:43,857  INFO [LocalJobRunner Map Task Executor #0] exec.FileSinkOperator: Final Path: FS file:/home/alex/Repositories/hive/ql/target/tmp/org.apache.hadoop.hive.ql.TestTxnCommands-1713960750541/warehouse/t
2024-04-24T05:14:43,857  INFO [LocalJobRunner Map Task Executor #0] exec.FileSinkOperator: New Final Path: FS file:/home/alex/Repositories/hive/ql/target/tmp/org.apache.hadoop.hive.ql.TestTxnCommands-1713960750541/warehouse/t
2024-04-24T05:14:43,857  INFO [LocalJobRunner Map Task Executor #0] common.FileUtils: Creating directory if it doesn't exist: file:/home/alex/Repositories/hive/ql/target/tmp/org.apache.hadoop.hive.ql.TestTxnCommands-1713960750541/warehouse
2024-04-24T05:14:43,859  INFO [LocalJobRunner Map Task Executor #0] exec.FileSinkOperator: FS[4]: records written - 1
2024-04-24T05:14:43,859  INFO [LocalJobRunner Map Task Executor #0] impl.PhysicalFsWriter: ORC writer created for path: file:/home/alex/Repositories/hive/ql/target/tmp/org.apache.hadoop.hive.ql.TestTxnCommands-1713960750541/warehouse/t/delta_0000001_0000001_0000/bucket_00000_0 with stripeSize: 8388608 blockSize: 268435456 compression: Compress: ZLIB buffer: 32768
2024-04-24T05:14:43,866  INFO [LocalJobRunner Map Task Executor #0] impl.WriterImpl: ORC writer created for path: file:/home/alex/Repositories/hive/ql/target/tmp/org.apache.hadoop.hive.ql.TestTxnCommands-1713960750541/warehouse/t/delta_0000001_0000001_0000/bucket_00000_0 with stripeSize: 8388608 options: Compress: ZLIB buffer: 32768
2024-04-24T05:14:43,870  INFO [LocalJobRunner Map Task Executor #0] exec.MapOperator: MAP[0]: records read - 1
2024-04-24T05:14:43,871  INFO [LocalJobRunner Map Task Executor #0] exec.MapOperator: Closing Operator: MAP[0]
2024-04-24T05:14:43,871  INFO [LocalJobRunner Map Task Executor #0] exec.MapOperator: MAP[0]: Total records read - 3. abort - false
2024-04-24T05:14:43,871  INFO [LocalJobRunner Map Task Executor #0] exec.MapOperator: RECORDS_OUT_INTERMEDIATE:0, RECORDS_OUT_OPERATOR_MAP_0:0, DESERIALIZE_ERRORS:0, RECORDS_IN:3, 
2024-04-24T05:14:43,871  INFO [LocalJobRunner Map Task Executor #0] exec.TableScanOperator: Closing Operator: TS[0]
2024-04-24T05:14:43,871  INFO [LocalJobRunner Map Task Executor #0] exec.TableScanOperator: RECORDS_OUT_OPERATOR_TS_0:1, RECORDS_OUT_INTERMEDIATE:0, 
2024-04-24T05:14:43,871  INFO [LocalJobRunner Map Task Executor #0] exec.SelectOperator: Closing Operator: SEL[1]
2024-04-24T05:14:43,871  INFO [LocalJobRunner Map Task Executor #0] exec.SelectOperator: RECORDS_OUT_OPERATOR_SEL_1:1, RECORDS_OUT_INTERMEDIATE:0, 
2024-04-24T05:14:43,871  INFO [LocalJobRunner Map Task Executor #0] exec.UDTFOperator: Closing Operator: UDTF[2]
2024-04-24T05:14:43,871  INFO [LocalJobRunner Map Task Executor #0] exec.UDTFOperator: RECORDS_OUT_OPERATOR_UDTF_2:1, RECORDS_OUT_INTERMEDIATE:0, 
2024-04-24T05:14:43,871  INFO [LocalJobRunner Map Task Executor #0] exec.SelectOperator: Closing Operator: SEL[3]
2024-04-24T05:14:43,871  INFO [LocalJobRunner Map Task Executor #0] exec.SelectOperator: RECORDS_OUT_INTERMEDIATE:0, RECORDS_OUT_OPERATOR_SEL_3:1, 
2024-04-24T05:14:43,871  INFO [LocalJobRunner Map Task Executor #0] exec.FileSinkOperator: Closing Operator: FS[4]
2024-04-24T05:14:43,871  INFO [LocalJobRunner Map Task Executor #0] exec.FileSinkOperator: FS[4]: records written - 1
2024-04-24T05:14:43,872  INFO [LocalJobRunner Map Task Executor #0] FileOperations: Writing manifest to file:/home/alex/Repositories/hive/ql/target/tmp/org.apache.hadoop.hive.ql.TestTxnCommands-1713960750541/warehouse/t/_tmp.delta_0000001_0000001_0000/000000_0.manifest with [file:/home/alex/Repositories/hive/ql/target/tmp/org.apache.hadoop.hive.ql.TestTxnCommands-1713960750541/warehouse/t/delta_0000001_0000001_0000/bucket_00000_0]
2024-04-24T05:14:43,883  INFO [LocalJobRunner Map Task Executor #0] exec.FileSinkOperator: RECORDS_OUT_OPERATOR_FS_4:1, RECORDS_OUT_INTERMEDIATE:0, RECORDS_OUT_1_default.t:1, TOTAL_TABLE_ROWS_WRITTEN:1, 
2024-04-24T05:14:43,884  INFO [LocalJobRunner Map Task Executor #0] mapred.LocalJobRunner: 
2024-04-24T05:14:43,885  INFO [LocalJobRunner Map Task Executor #0] mapred.Task: Task:attempt_local55854911_0049_m_000000_0 is done. And is in the process of committing
2024-04-24T05:14:43,886  INFO [LocalJobRunner Map Task Executor #0] mapred.LocalJobRunner: map
2024-04-24T05:14:43,886  INFO [LocalJobRunner Map Task Executor #0] mapred.Task: Task 'attempt_local55854911_0049_m_000000_0' done.
2024-04-24T05:14:43,886  INFO [LocalJobRunner Map Task Executor #0] mapred.Task: Final Counters for attempt_local55854911_0049_m_000000_0: Counters: 27
	File System Counters
		FILE: Number of bytes read=1154302
		FILE: Number of bytes written=61433154
		FILE: Number of read operations=0
		FILE: Number of large read operations=0
		FILE: Number of write operations=0
	Map-Reduce Framework
		Map input records=4
		Map output records=0
		Input split bytes=361
		Spilled Records=0
		Failed Shuffles=0
		Merged Map outputs=0
		GC time elapsed (ms)=0
		Total committed heap usage (bytes)=1239941120
	HIVE
		CREATED_FILES=1
		DESERIALIZE_ERRORS=0
		RECORDS_IN=3
		RECORDS_OUT_1_default.t=1
		RECORDS_OUT_INTERMEDIATE=0
		RECORDS_OUT_OPERATOR_FS_4=1
		RECORDS_OUT_OPERATOR_MAP_0=0
		RECORDS_OUT_OPERATOR_SEL_1=1
		RECORDS_OUT_OPERATOR_SEL_3=1
		RECORDS_OUT_OPERATOR_TS_0=1
		RECORDS_OUT_OPERATOR_UDTF_2=1
		TOTAL_TABLE_ROWS_WRITTEN=1
	File Input Format Counters 
		Bytes Read=5726
	File Output Format Counters 
		Bytes Written=0
2024-04-24T05:14:43,886  INFO [LocalJobRunner Map Task Executor #0] mapred.LocalJobRunner: Finishing task: attempt_local55854911_0049_m_000000_0
2024-04-24T05:14:43,886  INFO [Thread-4045] mapred.LocalJobRunner: map task executor complete.
2024-04-24 05:14:44,845 Stage-1 map = 100%,  reduce = 0%
2024-04-24T05:14:44,846  INFO [main] exec.Task: 2024-04-24 05:14:44,845 Stage-1 map = 100%,  reduce = 0%
Ended Job = job_local55854911_0049
2024-04-24T05:14:44,847  INFO [main] exec.Task: Ended Job = job_local55854911_0049
2024-04-24T05:14:44,848  INFO [main] FileOperations: Found manifest file file:/home/alex/Repositories/hive/ql/target/tmp/org.apache.hadoop.hive.ql.TestTxnCommands-1713960750541/warehouse/t/_tmp.delta_0000001_0000001_0000/000000_0.manifest with attemptId 0.
2024-04-24T05:14:44,848  INFO [main] FileOperations: Looking at manifest file: file:/home/alex/Repositories/hive/ql/target/tmp/org.apache.hadoop.hive.ql.TestTxnCommands-1713960750541/warehouse/t/_tmp.delta_0000001_0000001_0000/000000_0.manifest
2024-04-24T05:14:44,849  INFO [main] FileOperations: Deleting manifest directory file:/home/alex/Repositories/hive/ql/target/tmp/org.apache.hadoop.hive.ql.TestTxnCommands-1713960750541/warehouse/t/_tmp.delta_0000001_0000001_0000
2024-04-24T05:14:44,850  INFO [main] ql.Driver: Starting task [Stage-0:MOVE] in serial mode
Loading data to table default.t
2024-04-24T05:14:44,850  INFO [main] exec.Task: Loading data to table default.t from file:/home/alex/Repositories/hive/ql/target/tmp/org.apache.hadoop.hive.ql.TestTxnCommands-1713960750541/warehouse/t
2024-04-24T05:14:44,850  INFO [main] HiveMetaStore.audit: ugi=alex	ip=unknown-ip-addr	cmd=get_table : tbl=hive.default.t	
2024-04-24T05:14:44,857  INFO [main] metastore.HMSHandler: Skipping translation for processor with null
2024-04-24T05:14:44,857  INFO [main] HiveMetaStore.audit: ugi=alex	ip=unknown-ip-addr	cmd=get_table : tbl=hive.default.t	
2024-04-24T05:14:44,864  INFO [main] metastore.HMSHandler: Skipping translation for processor with null
2024-04-24T05:14:44,864  INFO [main] HiveMetaStore.audit: ugi=alex	ip=unknown-ip-addr	cmd=alter_table: hive.default.t newtbl=t	
2024-04-24T05:14:44,892  INFO [main] ql.Driver: Starting task [Stage-2:STATS] in serial mode
2024-04-24T05:14:44,892  INFO [main] HiveMetaStore.audit: ugi=alex	ip=unknown-ip-addr	cmd=get_table : tbl=hive.default.t	
2024-04-24T05:14:44,899  INFO [main] metastore.HMSHandler: Skipping translation for processor with null
2024-04-24T05:14:44,899  INFO [main] stats.BasicStatsTask: Executing stats task
2024-04-24T05:14:44,899  INFO [main] fs.FSStatsPublisher: created : file:/home/alex/Repositories/hive/ql/target/tmp/localscratchdir/8ab8b19d-819e-4da9-a274-df313fc43bcb/hive_2024-04-24_05-14-43_380_6951739748098415278-1/-mr-10000
2024-04-24T05:14:44,900  INFO [main] HiveMetaStore.audit: ugi=alex	ip=unknown-ip-addr	cmd=get_table : tbl=hive.default.t	
2024-04-24T05:14:44,907  INFO [main] metastore.HMSHandler: Skipping translation for processor with null
2024-04-24T05:14:44,925  WARN [main] FileOperations: Computing stats for an ACID table; stats may be inaccurate
2024-04-24T05:14:44,926  INFO [main] FileOperations: Read stats for default.t/, numRows, true, 1, false: 
2024-04-24T05:14:44,926  INFO [main] FileOperations: Read stats for default.t/, rawDataSize, true, 0, false: 
2024-04-24T05:14:44,926  INFO [main] HiveMetaStore.audit: ugi=alex	ip=unknown-ip-addr	cmd=alter_table: hive.default.t newtbl=t	
2024-04-24T05:14:44,948  INFO [main] FileOperations: Read stats for default.t/, insertCount, true, 1, false: 
2024-04-24T05:14:44,948  INFO [main] FileOperations: Read stats for default.t/, updateCount, true, 0, false: 
2024-04-24T05:14:44,948  INFO [main] FileOperations: Read stats for default.t/, deleteCount, true, 0, false: 
2024-04-24T05:14:44,950  INFO [main] stats.BasicStatsTask: Table default.t stats: [numFiles=1, numRows=1, totalSize=666, rawDataSize=0, numFilesErasureCoded=0]
2024-04-24T05:14:44,950  INFO [main] metadata.Hive: Dumping metastore api call timing information for : execution phase
2024-04-24T05:14:44,950  INFO [main] metadata.Hive: Total time spent in each metastore function (ms): {alter_table_(String, String, String, Table, EnvironmentContext, String)=50, updateTransactionalStatistics_(UpdateTransactionalStatsRequest)=2, getTable_(GetTableRequest)=28, isCompatibleWith_(Configuration)=0}
MapReduce Jobs Launched: 
2024-04-24T05:14:44,951  INFO [main] ql.Driver: MapReduce Jobs Launched: 
Stage-Stage-1:  HDFS Read: 0 HDFS Write: 0 SUCCESS
2024-04-24T05:14:44,951  INFO [main] ql.Driver: Stage-Stage-1:  HDFS Read: 0 HDFS Write: 0 SUCCESS
Total MapReduce CPU Time Spent: 0 msec
2024-04-24T05:14:44,951  INFO [main] ql.Driver: Total MapReduce CPU Time Spent: 0 msec
2024-04-24T05:14:44,951  INFO [main] ql.Driver: Completed executing command(queryId=alex_20240424051443_81bb67f1-24d9-4b94-80f7-f58d75bea830); Time taken: 1.396 seconds
2024-04-24T05:14:44,951  INFO [main] lockmgr.DbTxnManager: Stopped heartbeat for query: alex_20240424051443_81bb67f1-24d9-4b94-80f7-f58d75bea830
2024-04-24T05:14:44,962  INFO [main] txn.TxnHandler: Removed transactions: ([15]) from MIN_HISTORY_LEVEL
2024-04-24T05:14:44,962  WARN [main] txn.CompactionTxnHandler: No compaction queue record found for Compaction type transaction commit. txnId:15
2024-04-24T05:14:44,962  INFO [main] ql.TxnCommandsBaseForTests: Running the query: update T set a=3 where b=2
2024-04-24T05:14:44,962  INFO [main] ql.Context: Deleting scratch dir: file:/home/alex/Repositories/hive/ql/target/tmp/localscratchdir/8ab8b19d-819e-4da9-a274-df313fc43bcb/hive_2024-04-24_05-14-43_380_6951739748098415278-1
2024-04-24T05:14:44,963  INFO [main] cleanup.SyncCleanupService: Deleted directory: file:/home/alex/Repositories/hive/ql/target/tmp/localscratchdir/8ab8b19d-819e-4da9-a274-df313fc43bcb/hive_2024-04-24_05-14-43_380_6951739748098415278-1 on fs with scheme file
2024-04-24T05:14:44,963  INFO [main] ql.Driver: Compiling command(queryId=alex_20240424051444_8f798bb2-8d47-4d7c-b59b-efd22b5e5530): update T set a=3 where b=2
2024-04-24T05:14:44,966  INFO [main] txn.TxnHandler: Added entries to MIN_HISTORY_LEVEL for current txns: ([16]) with min_open_txn: 16
2024-04-24T05:14:44,966  INFO [main] lockmgr.DbTxnManager: Opened txnid:16
2024-04-24T05:14:44,967  INFO [main] parse.UpdateDeleteSemanticAnalyzer: Starting caching scope for: 
2024-04-24T05:14:44,967  INFO [main] HiveMetaStore.audit: ugi=alex	ip=unknown-ip-addr	cmd=get_table : tbl=hive.default.T	
2024-04-24T05:14:44,973  INFO [main] metastore.HMSHandler: Skipping translation for processor with null
2024-04-24T05:14:44,974  INFO [main] parse.RewriteSemanticAnalyzer: Going to reparse <update T set a=3 where b=2> as 
<insert into table `default`.`T` select ROW__ID,`a`,`b` from `default`.`T` sort by ROW__ID >
2024-04-24T05:14:44,974  INFO [main] parse.UpdateDeleteSemanticAnalyzer: Starting Semantic Analysis
2024-04-24T05:14:44,977  INFO [main] HiveMetaStore.audit: ugi=alex	ip=unknown-ip-addr	cmd=get_table : tbl=hive.default.T	
2024-04-24T05:14:44,984  INFO [main] metastore.HMSHandler: Skipping translation for processor with null
2024-04-24T05:14:44,984  INFO [main] parse.UpdateDeleteSemanticAnalyzer: Completed phase 1 of Semantic Analysis
2024-04-24T05:14:44,984  INFO [main] parse.UpdateDeleteSemanticAnalyzer: Get metadata for source tables
2024-04-24T05:14:44,984  INFO [main] HiveMetaStore.audit: ugi=alex	ip=unknown-ip-addr	cmd=get_table : tbl=hive.default.t	
2024-04-24T05:14:44,991  INFO [main] metastore.HMSHandler: Skipping translation for processor with null
2024-04-24T05:14:44,991  INFO [main] parse.UpdateDeleteSemanticAnalyzer: Get metadata for subqueries
2024-04-24T05:14:44,991  INFO [main] parse.UpdateDeleteSemanticAnalyzer: Get metadata for destination tables
2024-04-24T05:14:44,991  INFO [main] HiveMetaStore.audit: ugi=alex	ip=unknown-ip-addr	cmd=get_table : tbl=hive.default.T	
2024-04-24T05:14:44,997  INFO [main] metastore.HMSHandler: Skipping translation for processor with null
2024-04-24T05:14:44,997  INFO [main] parse.UpdateDeleteSemanticAnalyzer: Completed getting MetaData in Semantic Analysis
2024-04-24T05:14:44,997  INFO [main] parse.UpdateDeleteSemanticAnalyzer: Disabling LLAP IO encode as ETL query is detected
2024-04-24T05:14:45,010  INFO [main] HiveMetaStore.audit: ugi=alex	ip=unknown-ip-addr	cmd=get_all_table_constraints : tbl=hive.default.t	
2024-04-24T05:14:45,016  INFO [main] HiveMetaStore.audit: ugi=alex	ip=unknown-ip-addr	cmd=get_not_null_constraints : tbl=hive.default.t	
2024-04-24T05:14:45,017  INFO [main] HiveMetaStore.audit: ugi=alex	ip=unknown-ip-addr	cmd=get_check_constraints : tbl=hive.default.t	
2024-04-24T05:14:45,040  INFO [main] calcite.RelOptHiveTable: Calculating column statistics for default.t, projIndxSet: [1], allowMissingStats: true
2024-04-24T05:14:45,040  INFO [main] HiveMetaStore.audit: ugi=alex	ip=unknown-ip-addr	cmd=get_table : tbl=hive.default.t	
2024-04-24T05:14:45,050  INFO [main] metastore.HMSHandler: Skipping translation for processor with null
2024-04-24T05:14:45,051  INFO [main] HiveMetaStore.audit: ugi=alex	ip=unknown-ip-addr	cmd=get_table : tbl=hive.default.t	
2024-04-24T05:14:45,059  INFO [main] metastore.HMSHandler: Skipping translation for processor with null
2024-04-24T05:14:45,060  INFO [main] HiveMetaStore.audit: ugi=alex	ip=unknown-ip-addr	cmd=get_table_statistics_req: table=hive.default.t	
2024-04-24T05:14:45,070  WARN [main] calcite.RelOptHiveTable: No Stats for default@t, Columns: b
No Stats for default@t, Columns: b
2024-04-24T05:14:45,070  INFO [main] SessionState: No Stats for default@t, Columns: b
2024-04-24T05:14:45,132  INFO [main] parse.UpdateDeleteSemanticAnalyzer: Get metadata for source tables
2024-04-24T05:14:45,132  INFO [main] parse.UpdateDeleteSemanticAnalyzer: Get metadata for subqueries
2024-04-24T05:14:45,132  INFO [main] parse.UpdateDeleteSemanticAnalyzer: Get metadata for destination tables
2024-04-24T05:14:45,132  INFO [main] HiveMetaStore.audit: ugi=alex	ip=unknown-ip-addr	cmd=get_table : tbl=hive.default.T	
2024-04-24T05:14:45,140  INFO [main] metastore.HMSHandler: Skipping translation for processor with null
2024-04-24T05:14:45,142 ERROR [main] parse.UpdateDeleteSemanticAnalyzer: CBO failed, skipping CBO. 
org.apache.hadoop.hive.ql.exec.NoMatchingMethodException: No matching method for class org.apache.hadoop.hive.ql.udf.UDFToInteger with (struct<writeid:bigint,bucketid:int,rowid:bigint>). Possible choices: _FUNC_(bigint)  _FUNC_(boolean)  _FUNC_(decimal(38,18))  _FUNC_(double)  _FUNC_(float)  _FUNC_(smallint)  _FUNC_(string)  _FUNC_(struct<writeid:bigint,rowid:int,bucketid:bigint>)  _FUNC_(timestamp)  _FUNC_(tinyint)  _FUNC_(void)  
	at org.apache.hadoop.hive.ql.exec.MethodUtils.getMethodInternal(MethodUtils.java:130) ~[classes/:?]
	at org.apache.hadoop.hive.ql.exec.MethodUtils.getMethodInternal(MethodUtils.java:60) ~[classes/:?]
	at org.apache.hadoop.hive.ql.exec.DefaultUDFMethodResolver.getEvalMethod(DefaultUDFMethodResolver.java:59) ~[classes/:?]
	at org.apache.hadoop.hive.ql.udf.TimestampCastRestrictorResolver.getEvalMethod(TimestampCastRestrictorResolver.java:68) ~[classes/:?]
	at org.apache.hadoop.hive.ql.udf.generic.GenericUDFBridge.initialize(GenericUDFBridge.java:168) ~[classes/:?]
	at org.apache.hadoop.hive.ql.udf.generic.GenericUDF.initializeAndFoldConstants(GenericUDF.java:149) ~[classes/:?]
	at org.apache.hadoop.hive.ql.plan.ExprNodeGenericFuncDesc.newInstance(ExprNodeGenericFuncDesc.java:235) ~[classes/:?]
	at org.apache.hadoop.hive.ql.parse.type.ExprNodeDescExprFactory.createFuncCallExpr(ExprNodeDescExprFactory.java:584) ~[classes/:?]
	at org.apache.hadoop.hive.ql.parse.type.ExprNodeDescExprFactory.createFuncCallExpr(ExprNodeDescExprFactory.java:97) ~[classes/:?]
	at org.apache.hadoop.hive.ql.parse.type.TypeCheckProcFactory$DefaultExprProcessor.getFuncExprNodeDescWithUdfData(TypeCheckProcFactory.java:762) ~[classes/:?]
	at org.apache.hadoop.hive.ql.parse.type.TypeCheckProcFactory$DefaultExprProcessor.createConversionCast(TypeCheckProcFactory.java:783) ~[classes/:?]
	at org.apache.hadoop.hive.ql.parse.SemanticAnalyzer.getPartitionColsFromBucketColsForUpdateDelete(SemanticAnalyzer.java:8725) ~[classes/:?]
	at org.apache.hadoop.hive.ql.parse.SemanticAnalyzer.genBucketingSortingDest(SemanticAnalyzer.java:6914) ~[classes/:?]
	at org.apache.hadoop.hive.ql.parse.SemanticAnalyzer.genFileSinkPlan(SemanticAnalyzer.java:7335) ~[classes/:?]
	at org.apache.hadoop.hive.ql.parse.SemanticAnalyzer.genPostGroupByBodyPlan(SemanticAnalyzer.java:11063) ~[classes/:?]
	at org.apache.hadoop.hive.ql.parse.SemanticAnalyzer.genBodyPlan(SemanticAnalyzer.java:10938) ~[classes/:?]
	at org.apache.hadoop.hive.ql.parse.SemanticAnalyzer.genPlan(SemanticAnalyzer.java:11853) ~[classes/:?]
	at org.apache.hadoop.hive.ql.parse.SemanticAnalyzer.genPlan(SemanticAnalyzer.java:11723) ~[classes/:?]
	at org.apache.hadoop.hive.ql.parse.CalcitePlanner.genOPTree(CalcitePlanner.java:626) ~[classes/:?]
	at org.apache.hadoop.hive.ql.parse.SemanticAnalyzer.analyzeInternal(SemanticAnalyzer.java:12558) ~[classes/:?]
	at org.apache.hadoop.hive.ql.parse.CalcitePlanner.analyzeInternal(CalcitePlanner.java:456) ~[classes/:?]
	at org.apache.hadoop.hive.ql.parse.RewriteSemanticAnalyzer.analyzeInternal(RewriteSemanticAnalyzer.java:67) ~[classes/:?]
	at org.apache.hadoop.hive.ql.parse.BaseSemanticAnalyzer.analyze(BaseSemanticAnalyzer.java:317) ~[classes/:?]
	at org.apache.hadoop.hive.ql.parse.UpdateDeleteSemanticAnalyzer.reparseAndSuperAnalyze(UpdateDeleteSemanticAnalyzer.java:208) ~[classes/:?]
	at org.apache.hadoop.hive.ql.parse.UpdateDeleteSemanticAnalyzer.analyzeUpdate(UpdateDeleteSemanticAnalyzer.java:63) ~[classes/:?]
	at org.apache.hadoop.hive.ql.parse.UpdateDeleteSemanticAnalyzer.analyze(UpdateDeleteSemanticAnalyzer.java:53) ~[classes/:?]
	at org.apache.hadoop.hive.ql.parse.RewriteSemanticAnalyzer.analyzeInternal(RewriteSemanticAnalyzer.java:72) ~[classes/:?]
	at org.apache.hadoop.hive.ql.parse.BaseSemanticAnalyzer.analyze(BaseSemanticAnalyzer.java:317) ~[classes/:?]
	at org.apache.hadoop.hive.ql.Compiler.analyze(Compiler.java:223) ~[classes/:?]
	at org.apache.hadoop.hive.ql.Compiler.compile(Compiler.java:105) ~[classes/:?]
	at org.apache.hadoop.hive.ql.Driver.compile(Driver.java:500) ~[classes/:?]
	at org.apache.hadoop.hive.ql.Driver.compileInternal(Driver.java:453) ~[classes/:?]
	at org.apache.hadoop.hive.ql.Driver.runInternal(Driver.java:181) ~[classes/:?]
	at org.apache.hadoop.hive.ql.Driver.run(Driver.java:153) ~[classes/:?]
	at org.apache.hadoop.hive.ql.Driver.run(Driver.java:140) ~[classes/:?]
	at org.apache.hadoop.hive.ql.TxnCommandsBaseForTests.runStatementOnDriver(TxnCommandsBaseForTests.java:245) ~[test-classes/:?]
	at org.apache.hadoop.hive.ql.TestTxnCommands.acidVersionTest(TestTxnCommands.java:1482) ~[test-classes/:?]
	at org.apache.hadoop.hive.ql.TestTxnCommands.testVersioningVersionFileEnabled(TestTxnCommands.java:1462) ~[test-classes/:?]
	at sun.reflect.NativeMethodAccessorImpl.invoke0(Native Method) ~[?:1.8.0_402]
	at sun.reflect.NativeMethodAccessorImpl.invoke(NativeMethodAccessorImpl.java:62) ~[?:1.8.0_402]
	at sun.reflect.DelegatingMethodAccessorImpl.invoke(DelegatingMethodAccessorImpl.java:43) ~[?:1.8.0_402]
	at java.lang.reflect.Method.invoke(Method.java:498) ~[?:1.8.0_402]
	at org.junit.runners.model.FrameworkMethod$1.runReflectiveCall(FrameworkMethod.java:59) ~[junit-4.13.jar:4.13]
	at org.junit.internal.runners.model.ReflectiveCallable.run(ReflectiveCallable.java:12) ~[junit-4.13.jar:4.13]
	at org.junit.runners.model.FrameworkMethod.invokeExplosively(FrameworkMethod.java:56) ~[junit-4.13.jar:4.13]
	at org.junit.internal.runners.statements.InvokeMethod.evaluate(InvokeMethod.java:17) ~[junit-4.13.jar:4.13]
	at org.junit.internal.runners.statements.RunBefores.evaluate(RunBefores.java:26) ~[junit-4.13.jar:4.13]
	at org.junit.internal.runners.statements.RunAfters.evaluate(RunAfters.java:27) ~[junit-4.13.jar:4.13]
	at org.junit.rules.TestWatcher$1.evaluate(TestWatcher.java:61) ~[junit-4.13.jar:4.13]
	at org.junit.runners.ParentRunner$3.evaluate(ParentRunner.java:306) ~[junit-4.13.jar:4.13]
	at org.junit.runners.BlockJUnit4ClassRunner$1.evaluate(BlockJUnit4ClassRunner.java:100) ~[junit-4.13.jar:4.13]
	at org.junit.runners.ParentRunner.runLeaf(ParentRunner.java:366) ~[junit-4.13.jar:4.13]
	at org.junit.runners.BlockJUnit4ClassRunner.runChild(BlockJUnit4ClassRunner.java:103) ~[junit-4.13.jar:4.13]
	at org.junit.runners.BlockJUnit4ClassRunner.runChild(BlockJUnit4ClassRunner.java:63) ~[junit-4.13.jar:4.13]
	at org.junit.runners.ParentRunner$4.run(ParentRunner.java:331) ~[junit-4.13.jar:4.13]
	at org.junit.runners.ParentRunner$1.schedule(ParentRunner.java:79) ~[junit-4.13.jar:4.13]
	at org.junit.runners.ParentRunner.runChildren(ParentRunner.java:329) ~[junit-4.13.jar:4.13]
	at org.junit.runners.ParentRunner.access$100(ParentRunner.java:66) ~[junit-4.13.jar:4.13]
	at org.junit.runners.ParentRunner$2.evaluate(ParentRunner.java:293) ~[junit-4.13.jar:4.13]
	at org.junit.runners.ParentRunner$3.evaluate(ParentRunner.java:306) ~[junit-4.13.jar:4.13]
	at org.junit.runners.ParentRunner.run(ParentRunner.java:413) ~[junit-4.13.jar:4.13]
	at org.junit.runner.JUnitCore.run(JUnitCore.java:137) ~[junit-4.13.jar:4.13]
	at org.junit.runner.JUnitCore.run(JUnitCore.java:115) ~[junit-4.13.jar:4.13]
	at org.junit.vintage.engine.execution.RunnerExecutor.execute(RunnerExecutor.java:43) ~[junit-vintage-engine-5.6.2.jar:5.6.2]
	at java.util.stream.ForEachOps$ForEachOp$OfRef.accept(ForEachOps.java:183) ~[?:1.8.0_402]
	at java.util.stream.ReferencePipeline$3$1.accept(ReferencePipeline.java:193) ~[?:1.8.0_402]
	at java.util.Iterator.forEachRemaining(Iterator.java:116) ~[?:1.8.0_402]
	at java.util.Spliterators$IteratorSpliterator.forEachRemaining(Spliterators.java:1801) ~[?:1.8.0_402]
	at java.util.stream.AbstractPipeline.copyInto(AbstractPipeline.java:482) ~[?:1.8.0_402]
	at java.util.stream.AbstractPipeline.wrapAndCopyInto(AbstractPipeline.java:472) ~[?:1.8.0_402]
	at java.util.stream.ForEachOps$ForEachOp.evaluateSequential(ForEachOps.java:150) ~[?:1.8.0_402]
	at java.util.stream.ForEachOps$ForEachOp$OfRef.evaluateSequential(ForEachOps.java:173) ~[?:1.8.0_402]
	at java.util.stream.AbstractPipeline.evaluate(AbstractPipeline.java:234) ~[?:1.8.0_402]
	at java.util.stream.ReferencePipeline.forEach(ReferencePipeline.java:485) ~[?:1.8.0_402]
	at org.junit.vintage.engine.VintageTestEngine.executeAllChildren(VintageTestEngine.java:82) ~[junit-vintage-engine-5.6.2.jar:5.6.2]
	at org.junit.vintage.engine.VintageTestEngine.execute(VintageTestEngine.java:73) ~[junit-vintage-engine-5.6.2.jar:5.6.2]
	at org.junit.platform.launcher.core.DefaultLauncher.execute(DefaultLauncher.java:248) ~[junit-platform-launcher-1.6.2.jar:1.6.2]
	at org.junit.platform.launcher.core.DefaultLauncher.lambda$execute$5(DefaultLauncher.java:211) ~[junit-platform-launcher-1.6.2.jar:1.6.2]
	at org.junit.platform.launcher.core.DefaultLauncher.withInterceptedStreams(DefaultLauncher.java:226) [junit-platform-launcher-1.6.2.jar:1.6.2]
	at org.junit.platform.launcher.core.DefaultLauncher.execute(DefaultLauncher.java:199) [junit-platform-launcher-1.6.2.jar:1.6.2]
	at org.junit.platform.launcher.core.DefaultLauncher.execute(DefaultLauncher.java:132) [junit-platform-launcher-1.6.2.jar:1.6.2]
	at org.apache.maven.surefire.junitplatform.JUnitPlatformProvider.invokeAllTests(JUnitPlatformProvider.java:154) [surefire-junit-platform-3.0.0-M4.jar:3.0.0-M4]
	at org.apache.maven.surefire.junitplatform.JUnitPlatformProvider.invoke(JUnitPlatformProvider.java:123) [surefire-junit-platform-3.0.0-M4.jar:3.0.0-M4]
	at org.apache.maven.surefire.booter.ForkedBooter.runSuitesInProcess(ForkedBooter.java:377) [surefire-booter-3.0.0-M4.jar:3.0.0-M4]
	at org.apache.maven.surefire.booter.ForkedBooter.execute(ForkedBooter.java:138) [surefire-booter-3.0.0-M4.jar:3.0.0-M4]
	at org.apache.maven.surefire.booter.ForkedBooter.run(ForkedBooter.java:465) [surefire-booter-3.0.0-M4.jar:3.0.0-M4]
	at org.apache.maven.surefire.booter.ForkedBooter.main(ForkedBooter.java:451) [surefire-booter-3.0.0-M4.jar:3.0.0-M4]
2024-04-24T05:14:45,143 ERROR [main] parse.UpdateDeleteSemanticAnalyzer: CBO failed due to missing column stats (see previous errors), skipping CBO
2024-04-24T05:14:45,143  INFO [main] parse.UpdateDeleteSemanticAnalyzer: Ending caching scope for: 
FAILED: NoMatchingMethodException No matching method for class org.apache.hadoop.hive.ql.udf.UDFToInteger with (struct<writeid:bigint,bucketid:int,rowid:bigint>). Possible choices: _FUNC_(bigint)  _FUNC_(boolean)  _FUNC_(decimal(38,18))  _FUNC_(double)  _FUNC_(float)  _FUNC_(smallint)  _FUNC_(string)  _FUNC_(struct<writeid:bigint,rowid:int,bucketid:bigint>)  _FUNC_(timestamp)  _FUNC_(tinyint)  _FUNC_(void)  
2024-04-24T05:14:45,144 ERROR [main] ql.Driver: FAILED: NoMatchingMethodException No matching method for class org.apache.hadoop.hive.ql.udf.UDFToInteger with (struct<writeid:bigint,bucketid:int,rowid:bigint>). Possible choices: _FUNC_(bigint)  _FUNC_(boolean)  _FUNC_(decimal(38,18))  _FUNC_(double)  _FUNC_(float)  _FUNC_(smallint)  _FUNC_(string)  _FUNC_(struct<writeid:bigint,rowid:int,bucketid:bigint>)  _FUNC_(timestamp)  _FUNC_(tinyint)  _FUNC_(void)  
org.apache.hadoop.hive.ql.exec.NoMatchingMethodException: No matching method for class org.apache.hadoop.hive.ql.udf.UDFToInteger with (struct<writeid:bigint,bucketid:int,rowid:bigint>). Possible choices: _FUNC_(bigint)  _FUNC_(boolean)  _FUNC_(decimal(38,18))  _FUNC_(double)  _FUNC_(float)  _FUNC_(smallint)  _FUNC_(string)  _FUNC_(struct<writeid:bigint,rowid:int,bucketid:bigint>)  _FUNC_(timestamp)  _FUNC_(tinyint)  _FUNC_(void)  
	at org.apache.hadoop.hive.ql.exec.MethodUtils.getMethodInternal(MethodUtils.java:130)
	at org.apache.hadoop.hive.ql.exec.MethodUtils.getMethodInternal(MethodUtils.java:60)
	at org.apache.hadoop.hive.ql.exec.DefaultUDFMethodResolver.getEvalMethod(DefaultUDFMethodResolver.java:59)
	at org.apache.hadoop.hive.ql.udf.TimestampCastRestrictorResolver.getEvalMethod(TimestampCastRestrictorResolver.java:68)
	at org.apache.hadoop.hive.ql.udf.generic.GenericUDFBridge.initialize(GenericUDFBridge.java:168)
	at org.apache.hadoop.hive.ql.udf.generic.GenericUDF.initializeAndFoldConstants(GenericUDF.java:149)
	at org.apache.hadoop.hive.ql.plan.ExprNodeGenericFuncDesc.newInstance(ExprNodeGenericFuncDesc.java:235)
	at org.apache.hadoop.hive.ql.parse.type.ExprNodeDescExprFactory.createFuncCallExpr(ExprNodeDescExprFactory.java:584)
	at org.apache.hadoop.hive.ql.parse.type.ExprNodeDescExprFactory.createFuncCallExpr(ExprNodeDescExprFactory.java:97)
	at org.apache.hadoop.hive.ql.parse.type.TypeCheckProcFactory$DefaultExprProcessor.getFuncExprNodeDescWithUdfData(TypeCheckProcFactory.java:762)
	at org.apache.hadoop.hive.ql.parse.type.TypeCheckProcFactory$DefaultExprProcessor.createConversionCast(TypeCheckProcFactory.java:783)
	at org.apache.hadoop.hive.ql.parse.SemanticAnalyzer.getPartitionColsFromBucketColsForUpdateDelete(SemanticAnalyzer.java:8725)
	at org.apache.hadoop.hive.ql.parse.SemanticAnalyzer.genBucketingSortingDest(SemanticAnalyzer.java:6914)
	at org.apache.hadoop.hive.ql.parse.SemanticAnalyzer.genFileSinkPlan(SemanticAnalyzer.java:7335)
	at org.apache.hadoop.hive.ql.parse.SemanticAnalyzer.genPostGroupByBodyPlan(SemanticAnalyzer.java:11063)
	at org.apache.hadoop.hive.ql.parse.SemanticAnalyzer.genBodyPlan(SemanticAnalyzer.java:10938)
	at org.apache.hadoop.hive.ql.parse.SemanticAnalyzer.genPlan(SemanticAnalyzer.java:11853)
	at org.apache.hadoop.hive.ql.parse.SemanticAnalyzer.genPlan(SemanticAnalyzer.java:11723)
	at org.apache.hadoop.hive.ql.parse.CalcitePlanner.genOPTree(CalcitePlanner.java:626)
	at org.apache.hadoop.hive.ql.parse.SemanticAnalyzer.analyzeInternal(SemanticAnalyzer.java:12558)
	at org.apache.hadoop.hive.ql.parse.CalcitePlanner.analyzeInternal(CalcitePlanner.java:456)
	at org.apache.hadoop.hive.ql.parse.RewriteSemanticAnalyzer.analyzeInternal(RewriteSemanticAnalyzer.java:67)
	at org.apache.hadoop.hive.ql.parse.BaseSemanticAnalyzer.analyze(BaseSemanticAnalyzer.java:317)
	at org.apache.hadoop.hive.ql.parse.UpdateDeleteSemanticAnalyzer.reparseAndSuperAnalyze(UpdateDeleteSemanticAnalyzer.java:208)
	at org.apache.hadoop.hive.ql.parse.UpdateDeleteSemanticAnalyzer.analyzeUpdate(UpdateDeleteSemanticAnalyzer.java:63)
	at org.apache.hadoop.hive.ql.parse.UpdateDeleteSemanticAnalyzer.analyze(UpdateDeleteSemanticAnalyzer.java:53)
	at org.apache.hadoop.hive.ql.parse.RewriteSemanticAnalyzer.analyzeInternal(RewriteSemanticAnalyzer.java:72)
	at org.apache.hadoop.hive.ql.parse.BaseSemanticAnalyzer.analyze(BaseSemanticAnalyzer.java:317)
	at org.apache.hadoop.hive.ql.Compiler.analyze(Compiler.java:223)
	at org.apache.hadoop.hive.ql.Compiler.compile(Compiler.java:105)
	at org.apache.hadoop.hive.ql.Driver.compile(Driver.java:500)
	at org.apache.hadoop.hive.ql.Driver.compileInternal(Driver.java:453)
	at org.apache.hadoop.hive.ql.Driver.runInternal(Driver.java:181)
	at org.apache.hadoop.hive.ql.Driver.run(Driver.java:153)
	at org.apache.hadoop.hive.ql.Driver.run(Driver.java:140)
	at org.apache.hadoop.hive.ql.TxnCommandsBaseForTests.runStatementOnDriver(TxnCommandsBaseForTests.java:245)
	at org.apache.hadoop.hive.ql.TestTxnCommands.acidVersionTest(TestTxnCommands.java:1482)
	at org.apache.hadoop.hive.ql.TestTxnCommands.testVersioningVersionFileEnabled(TestTxnCommands.java:1462)
	at sun.reflect.NativeMethodAccessorImpl.invoke0(Native Method)
	at sun.reflect.NativeMethodAccessorImpl.invoke(NativeMethodAccessorImpl.java:62)
	at sun.reflect.DelegatingMethodAccessorImpl.invoke(DelegatingMethodAccessorImpl.java:43)
	at java.lang.reflect.Method.invoke(Method.java:498)
	at org.junit.runners.model.FrameworkMethod$1.runReflectiveCall(FrameworkMethod.java:59)
	at org.junit.internal.runners.model.ReflectiveCallable.run(ReflectiveCallable.java:12)
	at org.junit.runners.model.FrameworkMethod.invokeExplosively(FrameworkMethod.java:56)
	at org.junit.internal.runners.statements.InvokeMethod.evaluate(InvokeMethod.java:17)
	at org.junit.internal.runners.statements.RunBefores.evaluate(RunBefores.java:26)
	at org.junit.internal.runners.statements.RunAfters.evaluate(RunAfters.java:27)
	at org.junit.rules.TestWatcher$1.evaluate(TestWatcher.java:61)
	at org.junit.runners.ParentRunner$3.evaluate(ParentRunner.java:306)
	at org.junit.runners.BlockJUnit4ClassRunner$1.evaluate(BlockJUnit4ClassRunner.java:100)
	at org.junit.runners.ParentRunner.runLeaf(ParentRunner.java:366)
	at org.junit.runners.BlockJUnit4ClassRunner.runChild(BlockJUnit4ClassRunner.java:103)
	at org.junit.runners.BlockJUnit4ClassRunner.runChild(BlockJUnit4ClassRunner.java:63)
	at org.junit.runners.ParentRunner$4.run(ParentRunner.java:331)
	at org.junit.runners.ParentRunner$1.schedule(ParentRunner.java:79)
	at org.junit.runners.ParentRunner.runChildren(ParentRunner.java:329)
	at org.junit.runners.ParentRunner.access$100(ParentRunner.java:66)
	at org.junit.runners.ParentRunner$2.evaluate(ParentRunner.java:293)
	at org.junit.runners.ParentRunner$3.evaluate(ParentRunner.java:306)
	at org.junit.runners.ParentRunner.run(ParentRunner.java:413)
	at org.junit.runner.JUnitCore.run(JUnitCore.java:137)
	at org.junit.runner.JUnitCore.run(JUnitCore.java:115)
	at org.junit.vintage.engine.execution.RunnerExecutor.execute(RunnerExecutor.java:43)
	at java.util.stream.ForEachOps$ForEachOp$OfRef.accept(ForEachOps.java:183)
	at java.util.stream.ReferencePipeline$3$1.accept(ReferencePipeline.java:193)
	at java.util.Iterator.forEachRemaining(Iterator.java:116)
	at java.util.Spliterators$IteratorSpliterator.forEachRemaining(Spliterators.java:1801)
	at java.util.stream.AbstractPipeline.copyInto(AbstractPipeline.java:482)
	at java.util.stream.AbstractPipeline.wrapAndCopyInto(AbstractPipeline.java:472)
	at java.util.stream.ForEachOps$ForEachOp.evaluateSequential(ForEachOps.java:150)
	at java.util.stream.ForEachOps$ForEachOp$OfRef.evaluateSequential(ForEachOps.java:173)
	at java.util.stream.AbstractPipeline.evaluate(AbstractPipeline.java:234)
	at java.util.stream.ReferencePipeline.forEach(ReferencePipeline.java:485)
	at org.junit.vintage.engine.VintageTestEngine.executeAllChildren(VintageTestEngine.java:82)
	at org.junit.vintage.engine.VintageTestEngine.execute(VintageTestEngine.java:73)
	at org.junit.platform.launcher.core.DefaultLauncher.execute(DefaultLauncher.java:248)
	at org.junit.platform.launcher.core.DefaultLauncher.lambda$execute$5(DefaultLauncher.java:211)
	at org.junit.platform.launcher.core.DefaultLauncher.withInterceptedStreams(DefaultLauncher.java:226)
	at org.junit.platform.launcher.core.DefaultLauncher.execute(DefaultLauncher.java:199)
	at org.junit.platform.launcher.core.DefaultLauncher.execute(DefaultLauncher.java:132)
	at org.apache.maven.surefire.junitplatform.JUnitPlatformProvider.invokeAllTests(JUnitPlatformProvider.java:154)
	at org.apache.maven.surefire.junitplatform.JUnitPlatformProvider.invoke(JUnitPlatformProvider.java:123)
	at org.apache.maven.surefire.booter.ForkedBooter.runSuitesInProcess(ForkedBooter.java:377)
	at org.apache.maven.surefire.booter.ForkedBooter.execute(ForkedBooter.java:138)
	at org.apache.maven.surefire.booter.ForkedBooter.run(ForkedBooter.java:465)
	at org.apache.maven.surefire.booter.ForkedBooter.main(ForkedBooter.java:451)

2024-04-24T05:14:45,144  INFO [main] metadata.Hive: Dumping metastore api call timing information for : compilation phase
2024-04-24T05:14:45,144  INFO [main] metadata.Hive: Total time spent in each metastore function (ms): {getCheckConstraints_(CheckConstraintsRequest)=1, commitTxn_(CommitTxnRequest)=11, getAllTableConstraints_(AllTableConstraintsRequest)=5, getValidWriteIds_(List, String)=3, getNotNullConstraints_(NotNullConstraintsRequest)=1, flushCache_()=0, openTxn_(String, TxnType)=2, getTable_(GetTableRequest)=34, isCompatibleWith_(Configuration)=1, getTableColumnStatistics_(String, String, List, String)=30, getValidTxns_(long)=1}
2024-04-24T05:14:45,144  INFO [main] ql.Driver: Completed compiling command(queryId=alex_20240424051444_8f798bb2-8d47-4d7c-b59b-efd22b5e5530); Time taken: 0.181 seconds
2024-04-24T05:14:45,144  INFO [main] lockmgr.DbTxnManager: Stopped heartbeat for query: null
2024-04-24T05:14:45,149  INFO [main] txn.TxnHandler: Removed transactions: ([16]) from MIN_HISTORY_LEVEL
2024-04-24T05:14:45,157  INFO [main] ql.TxnCommandsBaseForTests: Running the query: drop table if exists acidTbl
2024-04-24T05:14:45,157  INFO [main] ql.Driver: Compiling command(queryId=alex_20240424051445_bc6537e1-e797-4f13-a4ea-cc574f7887ae): drop table if exists acidTbl
2024-04-24T05:14:45,160  INFO [main] txn.TxnHandler: Added entries to MIN_HISTORY_LEVEL for current txns: ([17]) with min_open_txn: 16
2024-04-24T05:14:45,160  INFO [main] lockmgr.DbTxnManager: Opened txnid:17
2024-04-24T05:14:45,161  INFO [main] HiveMetaStore.audit: ugi=alex	ip=unknown-ip-addr	cmd=get_table : tbl=hive.default.acidTbl	
2024-04-24T05:14:45,167  INFO [main] metastore.HMSHandler: Skipping translation for processor with null
2024-04-24T05:14:45,167  INFO [main] ql.Driver: Semantic Analysis Completed (retrial = false)
2024-04-24T05:14:45,167  INFO [main] ql.Driver: Created Hive schema: Schema(fieldSchemas:null, properties:null)
2024-04-24T05:14:45,167  INFO [main] metadata.Hive: Dumping metastore api call timing information for : compilation phase
2024-04-24T05:14:45,167  INFO [main] metadata.Hive: Total time spent in each metastore function (ms): {getTable_(GetTableRequest)=6, isCompatibleWith_(Configuration)=1, openTxn_(String, TxnType)=2, flushCache_()=0, getValidTxns_(long)=1, rollbackTxn_(long)=13}
2024-04-24T05:14:45,168  INFO [main] ql.Driver: Completed compiling command(queryId=alex_20240424051445_bc6537e1-e797-4f13-a4ea-cc574f7887ae); Time taken: 0.01 seconds
2024-04-24T05:14:45,168  INFO [main] lockmgr.DbTxnManager: Setting lock request transaction to txnid:17 for queryId=alex_20240424051445_bc6537e1-e797-4f13-a4ea-cc574f7887ae
2024-04-24T05:14:45,168  INFO [main] lockmgr.DbLockManager: Requesting lock for queryId=alex_20240424051445_bc6537e1-e797-4f13-a4ea-cc574f7887ae
2024-04-24T05:14:45,185  INFO [main] lockmgr.DbLockManager: Response to queryId=alex_20240424051445_bc6537e1-e797-4f13-a4ea-cc574f7887ae LockResponse(lockid:10, state:ACQUIRED)
2024-04-24T05:14:45,185  INFO [main] ql.Driver: Operation DROPTABLE obtained 1 locks
2024-04-24T05:14:45,185  INFO [main] ql.Driver: Executing command(queryId=alex_20240424051445_bc6537e1-e797-4f13-a4ea-cc574f7887ae): drop table if exists acidTbl
2024-04-24T05:14:45,185  INFO [main] ql.Driver: Starting task [Stage-0:DDL] in serial mode
2024-04-24T05:14:45,185  INFO [main] HiveMetaStore.audit: ugi=alex	ip=unknown-ip-addr	cmd=get_table : tbl=hive.default.acidTbl	
2024-04-24T05:14:45,192  INFO [main] metastore.HMSHandler: Skipping translation for processor with null
2024-04-24T05:14:45,192  INFO [main] HiveMetaStore.audit: ugi=alex	ip=unknown-ip-addr	cmd=get_table : tbl=hive.default.acidTbl	
2024-04-24T05:14:45,199  INFO [main] metastore.HMSHandler: Skipping translation for processor with null
2024-04-24T05:14:45,199  INFO [main] HiveMetaStore.audit: ugi=alex	ip=unknown-ip-addr	cmd=drop_table : tbl=hive.default.acidTbl	
2024-04-24T05:14:45,313  INFO [main] metadata.Hive: Dumping metastore api call timing information for : execution phase
2024-04-24T05:14:45,313  INFO [main] metadata.Hive: Total time spent in each metastore function (ms): {dropTable_(String, String, boolean, boolean, boolean)=121, getTable_(GetTableRequest)=7, isCompatibleWith_(Configuration)=0}
2024-04-24T05:14:45,313  INFO [main] ql.Driver: Completed executing command(queryId=alex_20240424051445_bc6537e1-e797-4f13-a4ea-cc574f7887ae); Time taken: 0.128 seconds
2024-04-24T05:14:45,313  INFO [main] lockmgr.DbTxnManager: Stopped heartbeat for query: alex_20240424051445_bc6537e1-e797-4f13-a4ea-cc574f7887ae
2024-04-24T05:14:45,318  INFO [main] txn.TxnHandler: Expected to move at least one record from txn_components to completed_txn_components when committing txn! txnid:17
2024-04-24T05:14:45,326  INFO [main] txn.TxnHandler: Removed transactions: ([17]) from MIN_HISTORY_LEVEL
2024-04-24T05:14:45,328  WARN [main] txn.CompactionTxnHandler: No compaction queue record found for Compaction type transaction commit. txnId:17
2024-04-24T05:14:45,328  INFO [main] ql.TxnCommandsBaseForTests: Running the query: drop table if exists acidTblPart
2024-04-24T05:14:45,329  INFO [main] ql.Driver: Compiling command(queryId=alex_20240424051445_48cd4ed9-3108-449c-b8f9-30965be3dcd3): drop table if exists acidTblPart
2024-04-24T05:14:45,340  INFO [main] txn.TxnHandler: Added entries to MIN_HISTORY_LEVEL for current txns: ([18]) with min_open_txn: 16
2024-04-24T05:14:45,340  INFO [main] lockmgr.DbTxnManager: Opened txnid:18
2024-04-24T05:14:45,343  INFO [main] HiveMetaStore.audit: ugi=alex	ip=unknown-ip-addr	cmd=get_table : tbl=hive.default.acidTblPart	
2024-04-24T05:14:45,362  INFO [main] metastore.HMSHandler: Skipping translation for processor with null
2024-04-24T05:14:45,362  INFO [main] ql.Driver: Semantic Analysis Completed (retrial = false)
2024-04-24T05:14:45,362  INFO [main] ql.Driver: Created Hive schema: Schema(fieldSchemas:null, properties:null)
2024-04-24T05:14:45,362  INFO [main] metadata.Hive: Dumping metastore api call timing information for : compilation phase
2024-04-24T05:14:45,362  INFO [main] metadata.Hive: Total time spent in each metastore function (ms): {openTxn_(String, TxnType)=11, getTable_(GetTableRequest)=19, flushCache_()=0, getValidTxns_(long)=3, commitTxn_(CommitTxnRequest)=15, isCompatibleWith_(Configuration)=0}
2024-04-24T05:14:45,362  INFO [main] ql.Driver: Completed compiling command(queryId=alex_20240424051445_48cd4ed9-3108-449c-b8f9-30965be3dcd3); Time taken: 0.034 seconds
2024-04-24T05:14:45,362  INFO [main] lockmgr.DbTxnManager: Setting lock request transaction to txnid:18 for queryId=alex_20240424051445_48cd4ed9-3108-449c-b8f9-30965be3dcd3
2024-04-24T05:14:45,363  INFO [main] lockmgr.DbLockManager: Requesting lock for queryId=alex_20240424051445_48cd4ed9-3108-449c-b8f9-30965be3dcd3
2024-04-24T05:14:45,378  INFO [main] lockmgr.DbLockManager: Response to queryId=alex_20240424051445_48cd4ed9-3108-449c-b8f9-30965be3dcd3 LockResponse(lockid:11, state:ACQUIRED)
2024-04-24T05:14:45,378  INFO [main] ql.Driver: Operation DROPTABLE obtained 1 locks
2024-04-24T05:14:45,378  INFO [main] ql.Driver: Executing command(queryId=alex_20240424051445_48cd4ed9-3108-449c-b8f9-30965be3dcd3): drop table if exists acidTblPart
2024-04-24T05:14:45,378  INFO [main] ql.Driver: Starting task [Stage-0:DDL] in serial mode
2024-04-24T05:14:45,378  INFO [main] HiveMetaStore.audit: ugi=alex	ip=unknown-ip-addr	cmd=get_table : tbl=hive.default.acidTblPart	
2024-04-24T05:14:45,384  INFO [main] metastore.HMSHandler: Skipping translation for processor with null
2024-04-24T05:14:45,384  INFO [main] HiveMetaStore.audit: ugi=alex	ip=unknown-ip-addr	cmd=get_table : tbl=hive.default.acidTblPart	
2024-04-24T05:14:45,391  INFO [main] metastore.HMSHandler: Skipping translation for processor with null
2024-04-24T05:14:45,391  INFO [main] HiveMetaStore.audit: ugi=alex	ip=unknown-ip-addr	cmd=drop_table : tbl=hive.default.acidTblPart	
2024-04-24T05:14:45,429  INFO [main] metadata.Hive: Dumping metastore api call timing information for : execution phase
2024-04-24T05:14:45,429  INFO [main] metadata.Hive: Total time spent in each metastore function (ms): {getTable_(GetTableRequest)=6, isCompatibleWith_(Configuration)=0, dropTable_(String, String, boolean, boolean, boolean)=45}
2024-04-24T05:14:45,430  INFO [main] ql.Driver: Completed executing command(queryId=alex_20240424051445_48cd4ed9-3108-449c-b8f9-30965be3dcd3); Time taken: 0.051 seconds
2024-04-24T05:14:45,430  INFO [main] lockmgr.DbTxnManager: Stopped heartbeat for query: alex_20240424051445_48cd4ed9-3108-449c-b8f9-30965be3dcd3
2024-04-24T05:14:45,434  INFO [main] txn.TxnHandler: Expected to move at least one record from txn_components to completed_txn_components when committing txn! txnid:18
2024-04-24T05:14:45,440  INFO [main] txn.TxnHandler: Removed transactions: ([18]) from MIN_HISTORY_LEVEL
2024-04-24T05:14:45,440  WARN [main] txn.CompactionTxnHandler: No compaction queue record found for Compaction type transaction commit. txnId:18
2024-04-24T05:14:45,441  INFO [main] ql.TxnCommandsBaseForTests: Running the query: drop table if exists acidTbl2
2024-04-24T05:14:45,441  INFO [main] ql.Driver: Compiling command(queryId=alex_20240424051445_ab43da77-9f32-457a-a4b1-6940f0701d0c): drop table if exists acidTbl2
2024-04-24T05:14:45,443  INFO [main] txn.TxnHandler: Added entries to MIN_HISTORY_LEVEL for current txns: ([19]) with min_open_txn: 16
2024-04-24T05:14:45,444  INFO [main] lockmgr.DbTxnManager: Opened txnid:19
2024-04-24T05:14:45,444  INFO [main] ql.Driver: Semantic Analysis Completed (retrial = false)
2024-04-24T05:14:45,444  INFO [main] ql.Driver: Created Hive schema: Schema(fieldSchemas:null, properties:null)
2024-04-24T05:14:45,444  INFO [main] metadata.Hive: Dumping metastore api call timing information for : compilation phase
2024-04-24T05:14:45,444  INFO [main] metadata.Hive: Total time spent in each metastore function (ms): {commitTxn_(CommitTxnRequest)=11, flushCache_()=0, getTable_(GetTableRequest)=0, openTxn_(String, TxnType)=1, getValidTxns_(long)=0, isCompatibleWith_(Configuration)=1}
2024-04-24T05:14:45,444  INFO [main] ql.Driver: Completed compiling command(queryId=alex_20240424051445_ab43da77-9f32-457a-a4b1-6940f0701d0c); Time taken: 0.003 seconds
2024-04-24T05:14:45,445  INFO [main] lockmgr.DbTxnManager: Setting lock request transaction to txnid:19 for queryId=alex_20240424051445_ab43da77-9f32-457a-a4b1-6940f0701d0c
2024-04-24T05:14:45,445  INFO [main] ql.Driver: Operation DROPTABLE obtained 0 locks
2024-04-24T05:14:45,445  INFO [main] ql.Driver: Executing command(queryId=alex_20240424051445_ab43da77-9f32-457a-a4b1-6940f0701d0c): drop table if exists acidTbl2
2024-04-24T05:14:45,445  INFO [main] ql.Driver: Starting task [Stage-0:DDL] in serial mode
2024-04-24T05:14:45,445  INFO [main] metadata.SessionHiveMetaStoreClient: Column stats doesn't exist for db=default temp table=acidTbl2
2024-04-24T05:14:45,445  INFO [main] metadata.Hive: Dumping metastore api call timing information for : execution phase
2024-04-24T05:14:45,445  INFO [main] metadata.Hive: Total time spent in each metastore function (ms): {getTable_(GetTableRequest)=0, isCompatibleWith_(Configuration)=0, dropTable_(String, String, boolean, boolean, boolean)=0}
2024-04-24T05:14:45,446  INFO [main] ql.Driver: Completed executing command(queryId=alex_20240424051445_ab43da77-9f32-457a-a4b1-6940f0701d0c); Time taken: 0.0 seconds
2024-04-24T05:14:45,446  INFO [main] lockmgr.DbTxnManager: Stopped heartbeat for query: alex_20240424051445_ab43da77-9f32-457a-a4b1-6940f0701d0c
2024-04-24T05:14:45,451  INFO [main] txn.TxnHandler: Expected to move at least one record from txn_components to completed_txn_components when committing txn! txnid:19
2024-04-24T05:14:45,458  INFO [main] txn.TxnHandler: Removed transactions: ([19]) from MIN_HISTORY_LEVEL
2024-04-24T05:14:45,458  WARN [main] txn.CompactionTxnHandler: No compaction queue record found for Compaction type transaction commit. txnId:19
2024-04-24T05:14:45,458  INFO [main] ql.TxnCommandsBaseForTests: Running the query: drop table if exists nonAcidOrcTbl
2024-04-24T05:14:45,458  INFO [main] ql.Driver: Compiling command(queryId=alex_20240424051445_c9014f4b-9837-46df-bd84-cd893f6be1ef): drop table if exists nonAcidOrcTbl
2024-04-24T05:14:45,460  INFO [main] txn.TxnHandler: Added entries to MIN_HISTORY_LEVEL for current txns: ([20]) with min_open_txn: 16
2024-04-24T05:14:45,461  INFO [main] lockmgr.DbTxnManager: Opened txnid:20
2024-04-24T05:14:45,461  INFO [main] HiveMetaStore.audit: ugi=alex	ip=unknown-ip-addr	cmd=get_table : tbl=hive.default.nonAcidOrcTbl	
2024-04-24T05:14:45,483  INFO [main] metastore.HMSHandler: Skipping translation for processor with null
2024-04-24T05:14:45,483  INFO [main] ql.Driver: Semantic Analysis Completed (retrial = false)
2024-04-24T05:14:45,483  INFO [main] ql.Driver: Created Hive schema: Schema(fieldSchemas:null, properties:null)
2024-04-24T05:14:45,483  INFO [main] metadata.Hive: Dumping metastore api call timing information for : compilation phase
2024-04-24T05:14:45,483  INFO [main] metadata.Hive: Total time spent in each metastore function (ms): {flushCache_()=0, openTxn_(String, TxnType)=2, commitTxn_(CommitTxnRequest)=12, getTable_(GetTableRequest)=22, getValidTxns_(long)=0, isCompatibleWith_(Configuration)=0}
2024-04-24T05:14:45,483  INFO [main] ql.Driver: Completed compiling command(queryId=alex_20240424051445_c9014f4b-9837-46df-bd84-cd893f6be1ef); Time taken: 0.025 seconds
2024-04-24T05:14:45,483  INFO [main] lockmgr.DbTxnManager: Setting lock request transaction to txnid:20 for queryId=alex_20240424051445_c9014f4b-9837-46df-bd84-cd893f6be1ef
2024-04-24T05:14:45,484  INFO [main] lockmgr.DbLockManager: Requesting lock for queryId=alex_20240424051445_c9014f4b-9837-46df-bd84-cd893f6be1ef
2024-04-24T05:14:45,500  INFO [main] lockmgr.DbLockManager: Response to queryId=alex_20240424051445_c9014f4b-9837-46df-bd84-cd893f6be1ef LockResponse(lockid:12, state:ACQUIRED)
2024-04-24T05:14:45,500  INFO [main] ql.Driver: Operation DROPTABLE obtained 1 locks
2024-04-24T05:14:45,500  INFO [main] ql.Driver: Executing command(queryId=alex_20240424051445_c9014f4b-9837-46df-bd84-cd893f6be1ef): drop table if exists nonAcidOrcTbl
2024-04-24T05:14:45,500  INFO [main] ql.Driver: Starting task [Stage-0:DDL] in serial mode
2024-04-24T05:14:45,500  INFO [main] HiveMetaStore.audit: ugi=alex	ip=unknown-ip-addr	cmd=get_table : tbl=hive.default.nonAcidOrcTbl	
2024-04-24T05:14:45,511  INFO [main] metastore.HMSHandler: Skipping translation for processor with null
2024-04-24T05:14:45,511  INFO [main] HiveMetaStore.audit: ugi=alex	ip=unknown-ip-addr	cmd=get_table : tbl=hive.default.nonAcidOrcTbl	
2024-04-24T05:14:45,519  INFO [main] metastore.HMSHandler: Skipping translation for processor with null
2024-04-24T05:14:45,519  INFO [main] HiveMetaStore.audit: ugi=alex	ip=unknown-ip-addr	cmd=drop_table : tbl=hive.default.nonAcidOrcTbl	
2024-04-24T05:14:45,563  INFO [main] metadata.Hive: Dumping metastore api call timing information for : execution phase
2024-04-24T05:14:45,564  INFO [main] metadata.Hive: Total time spent in each metastore function (ms): {isCompatibleWith_(Configuration)=0, getTable_(GetTableRequest)=11, dropTable_(String, String, boolean, boolean, boolean)=52}
2024-04-24T05:14:45,564  INFO [main] ql.Driver: Completed executing command(queryId=alex_20240424051445_c9014f4b-9837-46df-bd84-cd893f6be1ef); Time taken: 0.063 seconds
2024-04-24T05:14:45,564  INFO [main] lockmgr.DbTxnManager: Stopped heartbeat for query: alex_20240424051445_c9014f4b-9837-46df-bd84-cd893f6be1ef
2024-04-24T05:14:45,568  INFO [main] txn.TxnHandler: Expected to move at least one record from txn_components to completed_txn_components when committing txn! txnid:20
2024-04-24T05:14:45,575  INFO [main] txn.TxnHandler: Removed transactions: ([20]) from MIN_HISTORY_LEVEL
2024-04-24T05:14:45,575  WARN [main] txn.CompactionTxnHandler: No compaction queue record found for Compaction type transaction commit. txnId:20
2024-04-24T05:14:45,575  INFO [main] ql.TxnCommandsBaseForTests: Running the query: drop table if exists nonAcidOrcTbl2
2024-04-24T05:14:45,575  INFO [main] ql.Driver: Compiling command(queryId=alex_20240424051445_463c477a-3566-4662-b275-144e4a7fd6f9): drop table if exists nonAcidOrcTbl2
2024-04-24T05:14:45,577  INFO [main] txn.TxnHandler: Added entries to MIN_HISTORY_LEVEL for current txns: ([21]) with min_open_txn: 16
2024-04-24T05:14:45,578  INFO [main] lockmgr.DbTxnManager: Opened txnid:21
2024-04-24T05:14:45,578  INFO [main] HiveMetaStore.audit: ugi=alex	ip=unknown-ip-addr	cmd=get_table : tbl=hive.default.nonAcidOrcTbl2	
2024-04-24T05:14:45,586  INFO [main] metastore.HMSHandler: Skipping translation for processor with null
2024-04-24T05:14:45,586  INFO [main] ql.Driver: Semantic Analysis Completed (retrial = false)
2024-04-24T05:14:45,586  INFO [main] ql.Driver: Created Hive schema: Schema(fieldSchemas:null, properties:null)
2024-04-24T05:14:45,586  INFO [main] metadata.Hive: Dumping metastore api call timing information for : compilation phase
2024-04-24T05:14:45,586  INFO [main] metadata.Hive: Total time spent in each metastore function (ms): {getValidTxns_(long)=0, isCompatibleWith_(Configuration)=0, commitTxn_(CommitTxnRequest)=11, flushCache_()=0, openTxn_(String, TxnType)=2, getTable_(GetTableRequest)=8}
2024-04-24T05:14:45,587  INFO [main] ql.Driver: Completed compiling command(queryId=alex_20240424051445_463c477a-3566-4662-b275-144e4a7fd6f9); Time taken: 0.011 seconds
2024-04-24T05:14:45,587  INFO [main] lockmgr.DbTxnManager: Setting lock request transaction to txnid:21 for queryId=alex_20240424051445_463c477a-3566-4662-b275-144e4a7fd6f9
2024-04-24T05:14:45,587  INFO [main] lockmgr.DbLockManager: Requesting lock for queryId=alex_20240424051445_463c477a-3566-4662-b275-144e4a7fd6f9
2024-04-24T05:14:45,590  INFO [communication thread] mapred.LocalJobRunner: OrcSplit [file:/home/alex/Repositories/hive/ql/target/tmp/org.apache.hadoop.hive.ql.TestTxnCommands-1713960750541/warehouse/acidtbl/delta_0000001_0000001_0000/bucket_00001_0, start=0, length=673, isOriginal=false, fileLength=673, hasFooter=false, hasBase=true, deltas=0] > map
2024-04-24T05:14:45,603  INFO [main] lockmgr.DbLockManager: Response to queryId=alex_20240424051445_463c477a-3566-4662-b275-144e4a7fd6f9 LockResponse(lockid:13, state:ACQUIRED)
2024-04-24T05:14:45,603  INFO [main] ql.Driver: Operation DROPTABLE obtained 1 locks
2024-04-24T05:14:45,603  INFO [main] ql.Driver: Executing command(queryId=alex_20240424051445_463c477a-3566-4662-b275-144e4a7fd6f9): drop table if exists nonAcidOrcTbl2
2024-04-24T05:14:45,603  INFO [main] ql.Driver: Starting task [Stage-0:DDL] in serial mode
2024-04-24T05:14:45,603  INFO [main] HiveMetaStore.audit: ugi=alex	ip=unknown-ip-addr	cmd=get_table : tbl=hive.default.nonAcidOrcTbl2	
2024-04-24T05:14:45,611  INFO [main] metastore.HMSHandler: Skipping translation for processor with null
2024-04-24T05:14:45,611  INFO [main] HiveMetaStore.audit: ugi=alex	ip=unknown-ip-addr	cmd=get_table : tbl=hive.default.nonAcidOrcTbl2	
2024-04-24T05:14:45,619  INFO [main] metastore.HMSHandler: Skipping translation for processor with null
2024-04-24T05:14:45,619  INFO [main] HiveMetaStore.audit: ugi=alex	ip=unknown-ip-addr	cmd=drop_table : tbl=hive.default.nonAcidOrcTbl2	
2024-04-24T05:14:45,648  INFO [main] metadata.Hive: Dumping metastore api call timing information for : execution phase
2024-04-24T05:14:45,648  INFO [main] metadata.Hive: Total time spent in each metastore function (ms): {dropTable_(String, String, boolean, boolean, boolean)=36, isCompatibleWith_(Configuration)=0, getTable_(GetTableRequest)=8}
2024-04-24T05:14:45,648  INFO [main] ql.Driver: Completed executing command(queryId=alex_20240424051445_463c477a-3566-4662-b275-144e4a7fd6f9); Time taken: 0.044 seconds
2024-04-24T05:14:45,648  INFO [main] lockmgr.DbTxnManager: Stopped heartbeat for query: alex_20240424051445_463c477a-3566-4662-b275-144e4a7fd6f9
2024-04-24T05:14:45,652  INFO [main] txn.TxnHandler: Expected to move at least one record from txn_components to completed_txn_components when committing txn! txnid:21
2024-04-24T05:14:45,658  INFO [main] txn.TxnHandler: Removed transactions: ([21]) from MIN_HISTORY_LEVEL
2024-04-24T05:14:45,659  WARN [main] txn.CompactionTxnHandler: No compaction queue record found for Compaction type transaction commit. txnId:21
2024-04-24T05:14:45,659  INFO [main] ql.TxnCommandsBaseForTests: Running the query: drop table if exists nonAcidNonBucket
2024-04-24T05:14:45,659  INFO [main] ql.Driver: Compiling command(queryId=alex_20240424051445_5fa46806-42d3-4cb5-9349-d20f9ed0b8fd): drop table if exists nonAcidNonBucket
2024-04-24T05:14:45,661  INFO [main] txn.TxnHandler: Added entries to MIN_HISTORY_LEVEL for current txns: ([22]) with min_open_txn: 16
2024-04-24T05:14:45,662  INFO [main] lockmgr.DbTxnManager: Opened txnid:22
2024-04-24T05:14:45,662  INFO [main] HiveMetaStore.audit: ugi=alex	ip=unknown-ip-addr	cmd=get_table : tbl=hive.default.nonAcidNonBucket	
2024-04-24T05:14:45,671  INFO [main] metastore.HMSHandler: Skipping translation for processor with null
2024-04-24T05:14:45,671  INFO [main] ql.Driver: Semantic Analysis Completed (retrial = false)
2024-04-24T05:14:45,671  INFO [main] ql.Driver: Created Hive schema: Schema(fieldSchemas:null, properties:null)
2024-04-24T05:14:45,672  INFO [main] metadata.Hive: Dumping metastore api call timing information for : compilation phase
2024-04-24T05:14:45,672  INFO [main] metadata.Hive: Total time spent in each metastore function (ms): {getValidTxns_(long)=0, isCompatibleWith_(Configuration)=0, getTable_(GetTableRequest)=9, commitTxn_(CommitTxnRequest)=11, flushCache_()=0, openTxn_(String, TxnType)=2}
2024-04-24T05:14:45,672  INFO [main] ql.Driver: Completed compiling command(queryId=alex_20240424051445_5fa46806-42d3-4cb5-9349-d20f9ed0b8fd); Time taken: 0.013 seconds
2024-04-24T05:14:45,672  INFO [main] lockmgr.DbTxnManager: Setting lock request transaction to txnid:22 for queryId=alex_20240424051445_5fa46806-42d3-4cb5-9349-d20f9ed0b8fd
2024-04-24T05:14:45,672  INFO [main] lockmgr.DbLockManager: Requesting lock for queryId=alex_20240424051445_5fa46806-42d3-4cb5-9349-d20f9ed0b8fd
2024-04-24T05:14:45,690  INFO [main] lockmgr.DbLockManager: Response to queryId=alex_20240424051445_5fa46806-42d3-4cb5-9349-d20f9ed0b8fd LockResponse(lockid:14, state:ACQUIRED)
2024-04-24T05:14:45,690  INFO [main] ql.Driver: Operation DROPTABLE obtained 1 locks
2024-04-24T05:14:45,690  INFO [main] ql.Driver: Executing command(queryId=alex_20240424051445_5fa46806-42d3-4cb5-9349-d20f9ed0b8fd): drop table if exists nonAcidNonBucket
2024-04-24T05:14:45,690  INFO [main] ql.Driver: Starting task [Stage-0:DDL] in serial mode
2024-04-24T05:14:45,690  INFO [main] HiveMetaStore.audit: ugi=alex	ip=unknown-ip-addr	cmd=get_table : tbl=hive.default.nonAcidNonBucket	
2024-04-24T05:14:45,699  INFO [main] metastore.HMSHandler: Skipping translation for processor with null
2024-04-24T05:14:45,699  INFO [main] HiveMetaStore.audit: ugi=alex	ip=unknown-ip-addr	cmd=get_table : tbl=hive.default.nonAcidNonBucket	
2024-04-24T05:14:45,708  INFO [main] metastore.HMSHandler: Skipping translation for processor with null
2024-04-24T05:14:45,708  INFO [main] HiveMetaStore.audit: ugi=alex	ip=unknown-ip-addr	cmd=drop_table : tbl=hive.default.nonAcidNonBucket	
2024-04-24T05:14:45,740  INFO [main] metadata.Hive: Dumping metastore api call timing information for : execution phase
2024-04-24T05:14:45,740  INFO [main] metadata.Hive: Total time spent in each metastore function (ms): {getTable_(GetTableRequest)=9, dropTable_(String, String, boolean, boolean, boolean)=41, isCompatibleWith_(Configuration)=0}
2024-04-24T05:14:45,740  INFO [main] ql.Driver: Completed executing command(queryId=alex_20240424051445_5fa46806-42d3-4cb5-9349-d20f9ed0b8fd); Time taken: 0.05 seconds
2024-04-24T05:14:45,740  INFO [main] lockmgr.DbTxnManager: Stopped heartbeat for query: alex_20240424051445_5fa46806-42d3-4cb5-9349-d20f9ed0b8fd
2024-04-24T05:14:45,745  INFO [main] txn.TxnHandler: Expected to move at least one record from txn_components to completed_txn_components when committing txn! txnid:22
2024-04-24T05:14:45,752  INFO [main] txn.TxnHandler: Removed transactions: ([22]) from MIN_HISTORY_LEVEL
2024-04-24T05:14:45,752  WARN [main] txn.CompactionTxnHandler: No compaction queue record found for Compaction type transaction commit. txnId:22
2024-04-24T05:14:45,752  INFO [main] utils.TestTxnDbUtil: Cleaning transactional tables
]]></system-err>
  </testcase>
  <testcase name="testReadMyOwnInsert" classname="org.apache.hadoop.hive.ql.TestTxnCommandsWithSplitUpdateAndVectorization" time="5.832"/>
  <testcase name="testAddAndDropPartitionAdvancingWriteIds" classname="org.apache.hadoop.hive.ql.TestTxnCommandsWithSplitUpdateAndVectorization" time="1.733"/>
  <testcase name="testImplicitRollback" classname="org.apache.hadoop.hive.ql.TestTxnCommandsWithSplitUpdateAndVectorization" time="5.775"/>
  <testcase name="testTruncateWithBase" classname="org.apache.hadoop.hive.ql.TestTxnCommandsWithSplitUpdateAndVectorization" time="3.06"/>
  <testcase name="exchangePartition" classname="org.apache.hadoop.hive.ql.TestTxnCommandsWithSplitUpdateAndVectorization" time="1.388"/>
  <testcase name="testTruncateWithBaseOnePartition" classname="org.apache.hadoop.hive.ql.TestTxnCommandsWithSplitUpdateAndVectorization" time="4.688"/>
  <testcase name="testParallelInsertAnalyzeStats" classname="org.apache.hadoop.hive.ql.TestTxnCommandsWithSplitUpdateAndVectorization" time="9.39"/>
  <testcase name="testDDLsAdvancingWriteIds" classname="org.apache.hadoop.hive.ql.TestTxnCommandsWithSplitUpdateAndVectorization" time="4.382"/>
  <testcase name="testTruncateWithBaseAllPartition" classname="org.apache.hadoop.hive.ql.TestTxnCommandsWithSplitUpdateAndVectorization" time="4.776"/>
  <testcase name="testTimeOutReaper" classname="org.apache.hadoop.hive.ql.TestTxnCommandsWithSplitUpdateAndVectorization" time="1.302">
    <error type="java.lang.RuntimeException"><![CDATA[java.lang.RuntimeException: delete from acidTbl where a = 5 failed: (responseCode = 40000, errorMessage = FAILED: NoMatchingMethodException No matching method for class org.apache.hadoop.hive.ql.udf.UDFToInteger with (struct<writeid:bigint,bucketid:int,rowid:bigint>). Possible choices: _FUNC_(bigint)  _FUNC_(boolean)  _FUNC_(decimal(38,18))  _FUNC_(double)  _FUNC_(float)  _FUNC_(smallint)  _FUNC_(string)  _FUNC_(struct<writeid:bigint,rowid:int,bucketid:bigint>)  _FUNC_(timestamp)  _FUNC_(tinyint)  _FUNC_(void)  , hiveErrorCode = 40000, SQLState = 42000, exception = No matching method for class org.apache.hadoop.hive.ql.udf.UDFToInteger with (struct<writeid:bigint,bucketid:int,rowid:bigint>). Possible choices: _FUNC_(bigint)  _FUNC_(boolean)  _FUNC_(decimal(38,18))  _FUNC_(double)  _FUNC_(float)  _FUNC_(smallint)  _FUNC_(string)  _FUNC_(struct<writeid:bigint,rowid:int,bucketid:bigint>)  _FUNC_(timestamp)  _FUNC_(tinyint)  _FUNC_(void)  )
	at org.apache.hadoop.hive.ql.TxnCommandsBaseForTests.runStatementOnDriver(TxnCommandsBaseForTests.java:247)
	at org.apache.hadoop.hive.ql.TestTxnCommands.testTimeOutReaper(TestTxnCommands.java:945)
	at sun.reflect.NativeMethodAccessorImpl.invoke0(Native Method)
	at sun.reflect.NativeMethodAccessorImpl.invoke(NativeMethodAccessorImpl.java:62)
	at sun.reflect.DelegatingMethodAccessorImpl.invoke(DelegatingMethodAccessorImpl.java:43)
	at java.lang.reflect.Method.invoke(Method.java:498)
	at org.junit.runners.model.FrameworkMethod$1.runReflectiveCall(FrameworkMethod.java:59)
	at org.junit.internal.runners.model.ReflectiveCallable.run(ReflectiveCallable.java:12)
	at org.junit.runners.model.FrameworkMethod.invokeExplosively(FrameworkMethod.java:56)
	at org.junit.internal.runners.statements.InvokeMethod.evaluate(InvokeMethod.java:17)
	at org.junit.internal.runners.statements.RunBefores.evaluate(RunBefores.java:26)
	at org.junit.internal.runners.statements.RunAfters.evaluate(RunAfters.java:27)
	at org.junit.rules.TestWatcher$1.evaluate(TestWatcher.java:61)
	at org.junit.runners.ParentRunner$3.evaluate(ParentRunner.java:306)
	at org.junit.runners.BlockJUnit4ClassRunner$1.evaluate(BlockJUnit4ClassRunner.java:100)
	at org.junit.runners.ParentRunner.runLeaf(ParentRunner.java:366)
	at org.junit.runners.BlockJUnit4ClassRunner.runChild(BlockJUnit4ClassRunner.java:103)
	at org.junit.runners.BlockJUnit4ClassRunner.runChild(BlockJUnit4ClassRunner.java:63)
	at org.junit.runners.ParentRunner$4.run(ParentRunner.java:331)
	at org.junit.runners.ParentRunner$1.schedule(ParentRunner.java:79)
	at org.junit.runners.ParentRunner.runChildren(ParentRunner.java:329)
	at org.junit.runners.ParentRunner.access$100(ParentRunner.java:66)
	at org.junit.runners.ParentRunner$2.evaluate(ParentRunner.java:293)
	at org.junit.runners.ParentRunner$3.evaluate(ParentRunner.java:306)
	at org.junit.runners.ParentRunner.run(ParentRunner.java:413)
	at org.junit.runner.JUnitCore.run(JUnitCore.java:137)
	at org.junit.runner.JUnitCore.run(JUnitCore.java:115)
	at org.junit.vintage.engine.execution.RunnerExecutor.execute(RunnerExecutor.java:43)
	at java.util.stream.ForEachOps$ForEachOp$OfRef.accept(ForEachOps.java:183)
	at java.util.stream.ReferencePipeline$3$1.accept(ReferencePipeline.java:193)
	at java.util.Iterator.forEachRemaining(Iterator.java:116)
	at java.util.Spliterators$IteratorSpliterator.forEachRemaining(Spliterators.java:1801)
	at java.util.stream.AbstractPipeline.copyInto(AbstractPipeline.java:482)
	at java.util.stream.AbstractPipeline.wrapAndCopyInto(AbstractPipeline.java:472)
	at java.util.stream.ForEachOps$ForEachOp.evaluateSequential(ForEachOps.java:150)
	at java.util.stream.ForEachOps$ForEachOp$OfRef.evaluateSequential(ForEachOps.java:173)
	at java.util.stream.AbstractPipeline.evaluate(AbstractPipeline.java:234)
	at java.util.stream.ReferencePipeline.forEach(ReferencePipeline.java:485)
	at org.junit.vintage.engine.VintageTestEngine.executeAllChildren(VintageTestEngine.java:82)
	at org.junit.vintage.engine.VintageTestEngine.execute(VintageTestEngine.java:73)
	at org.junit.platform.launcher.core.DefaultLauncher.execute(DefaultLauncher.java:248)
	at org.junit.platform.launcher.core.DefaultLauncher.lambda$execute$5(DefaultLauncher.java:211)
	at org.junit.platform.launcher.core.DefaultLauncher.withInterceptedStreams(DefaultLauncher.java:226)
	at org.junit.platform.launcher.core.DefaultLauncher.execute(DefaultLauncher.java:199)
	at org.junit.platform.launcher.core.DefaultLauncher.execute(DefaultLauncher.java:132)
	at org.apache.maven.surefire.junitplatform.JUnitPlatformProvider.invokeAllTests(JUnitPlatformProvider.java:154)
	at org.apache.maven.surefire.junitplatform.JUnitPlatformProvider.invoke(JUnitPlatformProvider.java:123)
	at org.apache.maven.surefire.booter.ForkedBooter.runSuitesInProcess(ForkedBooter.java:377)
	at org.apache.maven.surefire.booter.ForkedBooter.execute(ForkedBooter.java:138)
	at org.apache.maven.surefire.booter.ForkedBooter.run(ForkedBooter.java:465)
	at org.apache.maven.surefire.booter.ForkedBooter.main(ForkedBooter.java:451)
]]></error>
    <system-err><![CDATA[2024-04-24T05:15:26,841  WARN [main] conf.HiveConf: HiveConf of name hive.llap.io.cache.orc.arena.size does not exist
2024-04-24T05:15:26,841  WARN [main] conf.HiveConf: HiveConf of name hive.stats.key.prefix.reserve.length does not exist
2024-04-24T05:15:26,841  WARN [main] conf.HiveConf: HiveConf of name hive.metastore.metadb.dir does not exist
2024-04-24T05:15:26,841  WARN [main] conf.HiveConf: HiveConf of name hive.metastore.client.cache.maxSize does not exist
2024-04-24T05:15:26,841  WARN [main] conf.HiveConf: HiveConf of name hive.dummyparam.test.server.specific.config.metastoresite does not exist
2024-04-24T05:15:26,841  WARN [main] conf.HiveConf: HiveConf of name hive.llap.io.cache.orc.size does not exist
2024-04-24T05:15:26,841  WARN [main] conf.HiveConf: HiveConf of name hive.dummyparam.test.server.specific.config.hivesite does not exist
2024-04-24T05:15:26,841  WARN [main] conf.HiveConf: HiveConf of name hive.dummyparam.test.server.specific.config.override does not exist
2024-04-24T05:15:26,841  WARN [main] conf.HiveConf: HiveConf of name hive.llap.io.cache.orc.alloc.min does not exist
2024-04-24T05:15:26,841  WARN [main] conf.HiveConf: HiveConf of name hive.llap.io.cache.orc.alloc.max does not exist
2024-04-24T05:15:26,841  WARN [main] conf.HiveConf: HiveConf of name hive.metastore.client.cache.recordStats does not exist
2024-04-24T05:15:26,843  INFO [main] utils.TestTxnDbUtil: Creating transactional tables
Hive Session ID = 62683806-6a0c-471b-8cce-6c13892b61d7
2024-04-24T05:15:26,846  INFO [main] SessionState: Hive Session ID = 62683806-6a0c-471b-8cce-6c13892b61d7
ivysettings.xml file not found in HIVE_HOME or HIVE_CONF_DIR,/home/alex/Repositories/hive/conf/ivysettings.xml will be used
2024-04-24T05:15:26,846  INFO [main] DependencyResolver: ivysettings.xml file not found in HIVE_HOME or HIVE_CONF_DIR,/home/alex/Repositories/hive/conf/ivysettings.xml will be used
2024-04-24T05:15:26,852  INFO [main] session.SessionState: Created HDFS directory: /home/alex/Repositories/hive/ql/target/tmp/scratchdir/alex/62683806-6a0c-471b-8cce-6c13892b61d7
2024-04-24T05:15:26,854  INFO [main] session.SessionState: Created local directory: /home/alex/Repositories/hive/ql/target/tmp/localscratchdir/62683806-6a0c-471b-8cce-6c13892b61d7
2024-04-24T05:15:26,857  INFO [main] session.SessionState: Created HDFS directory: /home/alex/Repositories/hive/ql/target/tmp/scratchdir/alex/62683806-6a0c-471b-8cce-6c13892b61d7/_tmp_space.db
2024-04-24T05:15:26,857  INFO [main] sqlstd.SQLStdHiveAccessController: Created SQLStdHiveAccessController for session context : HiveAuthzSessionContext [sessionString=62683806-6a0c-471b-8cce-6c13892b61d7, clientType=HIVECLI]
2024-04-24T05:15:26,857  INFO [main] ql.TxnCommandsBaseForTests: Running the query: drop table if exists acidTbl
2024-04-24T05:15:26,857  INFO [main] ql.Driver: Compiling command(queryId=alex_20240424051526_b2ec15b5-9ea7-4481-b41e-459528d24aa8): drop table if exists acidTbl
2024-04-24T05:15:26,865  INFO [main] txn.TxnHandler: Added entries to MIN_HISTORY_LEVEL for current txns: ([1]) with min_open_txn: 1
2024-04-24T05:15:26,865  INFO [main] lockmgr.DbTxnManager: Opened txnid:1
2024-04-24T05:15:26,867  INFO [main] HiveMetaStore.audit: ugi=alex	ip=unknown-ip-addr	cmd=get_table : tbl=hive.default.acidTbl	
2024-04-24T05:15:26,871  INFO [main] ql.Driver: Semantic Analysis Completed (retrial = false)
2024-04-24T05:15:26,871  INFO [main] ql.Driver: Created Hive schema: Schema(fieldSchemas:null, properties:null)
2024-04-24T05:15:26,871  INFO [main] metadata.Hive: Dumping metastore api call timing information for : compilation phase
2024-04-24T05:15:26,871  INFO [main] metadata.Hive: Total time spent in each metastore function (ms): {isCompatibleWith_(Configuration)=0, getValidTxns_(long)=2, flushCache_()=0, openTxn_(String, TxnType)=7, commitTxn_(CommitTxnRequest)=9}
2024-04-24T05:15:26,871  INFO [main] ql.Driver: Completed compiling command(queryId=alex_20240424051526_b2ec15b5-9ea7-4481-b41e-459528d24aa8); Time taken: 0.014 seconds
2024-04-24T05:15:26,871  INFO [main] lockmgr.DbTxnManager: Setting lock request transaction to txnid:1 for queryId=alex_20240424051526_b2ec15b5-9ea7-4481-b41e-459528d24aa8
2024-04-24T05:15:26,871  INFO [main] ql.Driver: Operation DROPTABLE obtained 0 locks
2024-04-24T05:15:26,872  INFO [main] ql.Driver: Executing command(queryId=alex_20240424051526_b2ec15b5-9ea7-4481-b41e-459528d24aa8): drop table if exists acidTbl
2024-04-24T05:15:26,872  INFO [main] ql.Driver: Starting task [Stage-0:DDL] in serial mode
2024-04-24T05:15:26,872  INFO [main] HiveMetaStore.audit: ugi=alex	ip=unknown-ip-addr	cmd=get_table : tbl=hive.default.acidTbl	
2024-04-24T05:15:26,875  INFO [main] metadata.Hive: Dumping metastore api call timing information for : execution phase
2024-04-24T05:15:26,875  INFO [main] metadata.Hive: Total time spent in each metastore function (ms): {isCompatibleWith_(Configuration)=0}
2024-04-24T05:15:26,876  INFO [main] ql.Driver: Completed executing command(queryId=alex_20240424051526_b2ec15b5-9ea7-4481-b41e-459528d24aa8); Time taken: 0.003 seconds
2024-04-24T05:15:26,876  INFO [main] lockmgr.DbTxnManager: Stopped heartbeat for query: alex_20240424051526_b2ec15b5-9ea7-4481-b41e-459528d24aa8
2024-04-24T05:15:26,881  INFO [main] txn.TxnHandler: Expected to move at least one record from txn_components to completed_txn_components when committing txn! txnid:1
2024-04-24T05:15:26,887  INFO [main] txn.TxnHandler: Removed transactions: ([1]) from MIN_HISTORY_LEVEL
2024-04-24T05:15:26,887  WARN [main] txn.CompactionTxnHandler: No compaction queue record found for Compaction type transaction commit. txnId:1
2024-04-24T05:15:26,887  INFO [main] ql.TxnCommandsBaseForTests: Running the query: drop table if exists acidTblPart
2024-04-24T05:15:26,887  INFO [main] ql.Driver: Compiling command(queryId=alex_20240424051526_0eebf6a0-063c-4d6c-989d-50ec23cec197): drop table if exists acidTblPart
2024-04-24T05:15:26,889  INFO [main] txn.TxnHandler: Added entries to MIN_HISTORY_LEVEL for current txns: ([2]) with min_open_txn: 1
2024-04-24T05:15:26,889  INFO [main] lockmgr.DbTxnManager: Opened txnid:2
2024-04-24T05:15:26,890  INFO [main] HiveMetaStore.audit: ugi=alex	ip=unknown-ip-addr	cmd=get_table : tbl=hive.default.acidTblPart	
2024-04-24T05:15:26,892  INFO [main] ql.Driver: Semantic Analysis Completed (retrial = false)
2024-04-24T05:15:26,892  INFO [main] ql.Driver: Created Hive schema: Schema(fieldSchemas:null, properties:null)
2024-04-24T05:15:26,892  INFO [main] metadata.Hive: Dumping metastore api call timing information for : compilation phase
2024-04-24T05:15:26,893  INFO [main] metadata.Hive: Total time spent in each metastore function (ms): {flushCache_()=0, isCompatibleWith_(Configuration)=1, commitTxn_(CommitTxnRequest)=11, openTxn_(String, TxnType)=1, getValidTxns_(long)=1}
2024-04-24T05:15:26,893  INFO [main] ql.Driver: Completed compiling command(queryId=alex_20240424051526_0eebf6a0-063c-4d6c-989d-50ec23cec197); Time taken: 0.005 seconds
2024-04-24T05:15:26,893  INFO [main] lockmgr.DbTxnManager: Setting lock request transaction to txnid:2 for queryId=alex_20240424051526_0eebf6a0-063c-4d6c-989d-50ec23cec197
2024-04-24T05:15:26,893  INFO [main] ql.Driver: Operation DROPTABLE obtained 0 locks
2024-04-24T05:15:26,893  INFO [main] ql.Driver: Executing command(queryId=alex_20240424051526_0eebf6a0-063c-4d6c-989d-50ec23cec197): drop table if exists acidTblPart
2024-04-24T05:15:26,893  INFO [main] ql.Driver: Starting task [Stage-0:DDL] in serial mode
2024-04-24T05:15:26,893  INFO [main] HiveMetaStore.audit: ugi=alex	ip=unknown-ip-addr	cmd=get_table : tbl=hive.default.acidTblPart	
2024-04-24T05:15:26,896  INFO [main] metadata.Hive: Dumping metastore api call timing information for : execution phase
2024-04-24T05:15:26,896  INFO [main] metadata.Hive: Total time spent in each metastore function (ms): {isCompatibleWith_(Configuration)=0}
2024-04-24T05:15:26,897  INFO [main] ql.Driver: Completed executing command(queryId=alex_20240424051526_0eebf6a0-063c-4d6c-989d-50ec23cec197); Time taken: 0.003 seconds
2024-04-24T05:15:26,897  INFO [main] lockmgr.DbTxnManager: Stopped heartbeat for query: alex_20240424051526_0eebf6a0-063c-4d6c-989d-50ec23cec197
2024-04-24T05:15:26,901  INFO [main] txn.TxnHandler: Expected to move at least one record from txn_components to completed_txn_components when committing txn! txnid:2
2024-04-24T05:15:26,906  INFO [main] txn.TxnHandler: Removed transactions: ([2]) from MIN_HISTORY_LEVEL
2024-04-24T05:15:26,906  WARN [main] txn.CompactionTxnHandler: No compaction queue record found for Compaction type transaction commit. txnId:2
2024-04-24T05:15:26,907  INFO [main] ql.TxnCommandsBaseForTests: Running the query: drop table if exists acidTbl2
2024-04-24T05:15:26,907  INFO [main] ql.Driver: Compiling command(queryId=alex_20240424051526_5672e39d-8230-49b8-89c0-58f1923d001a): drop table if exists acidTbl2
2024-04-24T05:15:26,908  INFO [main] txn.TxnHandler: Added entries to MIN_HISTORY_LEVEL for current txns: ([3]) with min_open_txn: 1
2024-04-24T05:15:26,909  INFO [main] lockmgr.DbTxnManager: Opened txnid:3
2024-04-24T05:15:26,909  INFO [main] HiveMetaStore.audit: ugi=alex	ip=unknown-ip-addr	cmd=get_table : tbl=hive.default.acidTbl2	
2024-04-24T05:15:26,912  INFO [main] ql.Driver: Semantic Analysis Completed (retrial = false)
2024-04-24T05:15:26,912  INFO [main] ql.Driver: Created Hive schema: Schema(fieldSchemas:null, properties:null)
2024-04-24T05:15:26,912  INFO [main] metadata.Hive: Dumping metastore api call timing information for : compilation phase
2024-04-24T05:15:26,912  INFO [main] metadata.Hive: Total time spent in each metastore function (ms): {openTxn_(String, TxnType)=2, isCompatibleWith_(Configuration)=0, commitTxn_(CommitTxnRequest)=9, flushCache_()=0, getValidTxns_(long)=0}
2024-04-24T05:15:26,912  INFO [main] ql.Driver: Completed compiling command(queryId=alex_20240424051526_5672e39d-8230-49b8-89c0-58f1923d001a); Time taken: 0.005 seconds
2024-04-24T05:15:26,912  INFO [main] lockmgr.DbTxnManager: Setting lock request transaction to txnid:3 for queryId=alex_20240424051526_5672e39d-8230-49b8-89c0-58f1923d001a
2024-04-24T05:15:26,913  INFO [main] ql.Driver: Operation DROPTABLE obtained 0 locks
2024-04-24T05:15:26,913  INFO [main] ql.Driver: Executing command(queryId=alex_20240424051526_5672e39d-8230-49b8-89c0-58f1923d001a): drop table if exists acidTbl2
2024-04-24T05:15:26,913  INFO [main] ql.Driver: Starting task [Stage-0:DDL] in serial mode
2024-04-24T05:15:26,913  INFO [main] HiveMetaStore.audit: ugi=alex	ip=unknown-ip-addr	cmd=get_table : tbl=hive.default.acidTbl2	
2024-04-24T05:15:26,916  INFO [main] metadata.Hive: Dumping metastore api call timing information for : execution phase
2024-04-24T05:15:26,916  INFO [main] metadata.Hive: Total time spent in each metastore function (ms): {isCompatibleWith_(Configuration)=0}
2024-04-24T05:15:26,916  INFO [main] ql.Driver: Completed executing command(queryId=alex_20240424051526_5672e39d-8230-49b8-89c0-58f1923d001a); Time taken: 0.003 seconds
2024-04-24T05:15:26,916  INFO [main] lockmgr.DbTxnManager: Stopped heartbeat for query: alex_20240424051526_5672e39d-8230-49b8-89c0-58f1923d001a
2024-04-24T05:15:26,920  INFO [main] txn.TxnHandler: Expected to move at least one record from txn_components to completed_txn_components when committing txn! txnid:3
2024-04-24T05:15:26,925  INFO [main] txn.TxnHandler: Removed transactions: ([3]) from MIN_HISTORY_LEVEL
2024-04-24T05:15:26,925  WARN [main] txn.CompactionTxnHandler: No compaction queue record found for Compaction type transaction commit. txnId:3
2024-04-24T05:15:26,926  INFO [main] ql.TxnCommandsBaseForTests: Running the query: drop table if exists nonAcidOrcTbl
2024-04-24T05:15:26,926  INFO [main] ql.Driver: Compiling command(queryId=alex_20240424051526_7b568952-1ea3-4c6c-a2d4-7ffabec38329): drop table if exists nonAcidOrcTbl
2024-04-24T05:15:26,928  INFO [main] txn.TxnHandler: Added entries to MIN_HISTORY_LEVEL for current txns: ([4]) with min_open_txn: 1
2024-04-24T05:15:26,929  INFO [main] lockmgr.DbTxnManager: Opened txnid:4
2024-04-24T05:15:26,929  INFO [main] HiveMetaStore.audit: ugi=alex	ip=unknown-ip-addr	cmd=get_table : tbl=hive.default.nonAcidOrcTbl	
2024-04-24T05:15:26,932  INFO [main] ql.Driver: Semantic Analysis Completed (retrial = false)
2024-04-24T05:15:26,932  INFO [main] ql.Driver: Created Hive schema: Schema(fieldSchemas:null, properties:null)
2024-04-24T05:15:26,932  INFO [main] metadata.Hive: Dumping metastore api call timing information for : compilation phase
2024-04-24T05:15:26,932  INFO [main] metadata.Hive: Total time spent in each metastore function (ms): {getValidTxns_(long)=0, isCompatibleWith_(Configuration)=0, flushCache_()=0, commitTxn_(CommitTxnRequest)=10, openTxn_(String, TxnType)=2}
2024-04-24T05:15:26,932  INFO [main] ql.Driver: Completed compiling command(queryId=alex_20240424051526_7b568952-1ea3-4c6c-a2d4-7ffabec38329); Time taken: 0.006 seconds
2024-04-24T05:15:26,932  INFO [main] lockmgr.DbTxnManager: Setting lock request transaction to txnid:4 for queryId=alex_20240424051526_7b568952-1ea3-4c6c-a2d4-7ffabec38329
2024-04-24T05:15:26,933  INFO [main] ql.Driver: Operation DROPTABLE obtained 0 locks
2024-04-24T05:15:26,933  INFO [main] ql.Driver: Executing command(queryId=alex_20240424051526_7b568952-1ea3-4c6c-a2d4-7ffabec38329): drop table if exists nonAcidOrcTbl
2024-04-24T05:15:26,933  INFO [main] ql.Driver: Starting task [Stage-0:DDL] in serial mode
2024-04-24T05:15:26,933  INFO [main] HiveMetaStore.audit: ugi=alex	ip=unknown-ip-addr	cmd=get_table : tbl=hive.default.nonAcidOrcTbl	
2024-04-24T05:15:26,936  INFO [main] metadata.Hive: Dumping metastore api call timing information for : execution phase
2024-04-24T05:15:26,936  INFO [main] metadata.Hive: Total time spent in each metastore function (ms): {isCompatibleWith_(Configuration)=0}
2024-04-24T05:15:26,936  INFO [main] ql.Driver: Completed executing command(queryId=alex_20240424051526_7b568952-1ea3-4c6c-a2d4-7ffabec38329); Time taken: 0.003 seconds
2024-04-24T05:15:26,936  INFO [main] lockmgr.DbTxnManager: Stopped heartbeat for query: alex_20240424051526_7b568952-1ea3-4c6c-a2d4-7ffabec38329
2024-04-24T05:15:26,940  INFO [main] txn.TxnHandler: Expected to move at least one record from txn_components to completed_txn_components when committing txn! txnid:4
2024-04-24T05:15:26,945  INFO [main] txn.TxnHandler: Removed transactions: ([4]) from MIN_HISTORY_LEVEL
2024-04-24T05:15:26,945  WARN [main] txn.CompactionTxnHandler: No compaction queue record found for Compaction type transaction commit. txnId:4
2024-04-24T05:15:26,946  INFO [main] ql.TxnCommandsBaseForTests: Running the query: drop table if exists nonAcidOrcTbl2
2024-04-24T05:15:26,946  INFO [main] ql.Driver: Compiling command(queryId=alex_20240424051526_22084a39-fdd3-43ec-aa36-2950442871e2): drop table if exists nonAcidOrcTbl2
2024-04-24T05:15:26,948  INFO [main] txn.TxnHandler: Added entries to MIN_HISTORY_LEVEL for current txns: ([5]) with min_open_txn: 1
2024-04-24T05:15:26,949  INFO [main] lockmgr.DbTxnManager: Opened txnid:5
2024-04-24T05:15:26,949  INFO [main] HiveMetaStore.audit: ugi=alex	ip=unknown-ip-addr	cmd=get_table : tbl=hive.default.nonAcidOrcTbl2	
2024-04-24T05:15:26,952  INFO [main] ql.Driver: Semantic Analysis Completed (retrial = false)
2024-04-24T05:15:26,952  INFO [main] ql.Driver: Created Hive schema: Schema(fieldSchemas:null, properties:null)
2024-04-24T05:15:26,952  INFO [main] metadata.Hive: Dumping metastore api call timing information for : compilation phase
2024-04-24T05:15:26,952  INFO [main] metadata.Hive: Total time spent in each metastore function (ms): {openTxn_(String, TxnType)=2, getValidTxns_(long)=0, commitTxn_(CommitTxnRequest)=10, isCompatibleWith_(Configuration)=1, flushCache_()=0}
2024-04-24T05:15:26,952  INFO [main] ql.Driver: Completed compiling command(queryId=alex_20240424051526_22084a39-fdd3-43ec-aa36-2950442871e2); Time taken: 0.006 seconds
2024-04-24T05:15:26,953  INFO [main] lockmgr.DbTxnManager: Setting lock request transaction to txnid:5 for queryId=alex_20240424051526_22084a39-fdd3-43ec-aa36-2950442871e2
2024-04-24T05:15:26,953  INFO [main] ql.Driver: Operation DROPTABLE obtained 0 locks
2024-04-24T05:15:26,953  INFO [main] ql.Driver: Executing command(queryId=alex_20240424051526_22084a39-fdd3-43ec-aa36-2950442871e2): drop table if exists nonAcidOrcTbl2
2024-04-24T05:15:26,953  INFO [main] ql.Driver: Starting task [Stage-0:DDL] in serial mode
2024-04-24T05:15:26,953  INFO [main] HiveMetaStore.audit: ugi=alex	ip=unknown-ip-addr	cmd=get_table : tbl=hive.default.nonAcidOrcTbl2	
2024-04-24T05:15:26,956  INFO [main] metadata.Hive: Dumping metastore api call timing information for : execution phase
2024-04-24T05:15:26,956  INFO [main] metadata.Hive: Total time spent in each metastore function (ms): {isCompatibleWith_(Configuration)=0}
2024-04-24T05:15:26,956  INFO [main] ql.Driver: Completed executing command(queryId=alex_20240424051526_22084a39-fdd3-43ec-aa36-2950442871e2); Time taken: 0.003 seconds
2024-04-24T05:15:26,956  INFO [main] lockmgr.DbTxnManager: Stopped heartbeat for query: alex_20240424051526_22084a39-fdd3-43ec-aa36-2950442871e2
2024-04-24T05:15:26,961  INFO [main] txn.TxnHandler: Expected to move at least one record from txn_components to completed_txn_components when committing txn! txnid:5
2024-04-24T05:15:26,966  INFO [main] txn.TxnHandler: Removed transactions: ([5]) from MIN_HISTORY_LEVEL
2024-04-24T05:15:26,966  WARN [main] txn.CompactionTxnHandler: No compaction queue record found for Compaction type transaction commit. txnId:5
2024-04-24T05:15:26,967  INFO [main] ql.TxnCommandsBaseForTests: Running the query: drop table if exists nonAcidNonBucket
2024-04-24T05:15:26,967  INFO [main] ql.Driver: Compiling command(queryId=alex_20240424051526_16fc233a-bd7e-4e4f-8335-167f8f6a098c): drop table if exists nonAcidNonBucket
2024-04-24T05:15:26,969  INFO [main] txn.TxnHandler: Added entries to MIN_HISTORY_LEVEL for current txns: ([6]) with min_open_txn: 1
2024-04-24T05:15:26,969  INFO [main] lockmgr.DbTxnManager: Opened txnid:6
2024-04-24T05:15:26,970  INFO [main] HiveMetaStore.audit: ugi=alex	ip=unknown-ip-addr	cmd=get_table : tbl=hive.default.nonAcidNonBucket	
2024-04-24T05:15:26,972  INFO [main] ql.Driver: Semantic Analysis Completed (retrial = false)
2024-04-24T05:15:26,972  INFO [main] ql.Driver: Created Hive schema: Schema(fieldSchemas:null, properties:null)
2024-04-24T05:15:26,972  INFO [main] metadata.Hive: Dumping metastore api call timing information for : compilation phase
2024-04-24T05:15:26,973  INFO [main] metadata.Hive: Total time spent in each metastore function (ms): {commitTxn_(CommitTxnRequest)=11, openTxn_(String, TxnType)=2, getValidTxns_(long)=0, flushCache_()=0, isCompatibleWith_(Configuration)=0}
2024-04-24T05:15:26,973  INFO [main] ql.Driver: Completed compiling command(queryId=alex_20240424051526_16fc233a-bd7e-4e4f-8335-167f8f6a098c); Time taken: 0.005 seconds
2024-04-24T05:15:26,973  INFO [main] lockmgr.DbTxnManager: Setting lock request transaction to txnid:6 for queryId=alex_20240424051526_16fc233a-bd7e-4e4f-8335-167f8f6a098c
2024-04-24T05:15:26,973  INFO [main] ql.Driver: Operation DROPTABLE obtained 0 locks
2024-04-24T05:15:26,973  INFO [main] ql.Driver: Executing command(queryId=alex_20240424051526_16fc233a-bd7e-4e4f-8335-167f8f6a098c): drop table if exists nonAcidNonBucket
2024-04-24T05:15:26,973  INFO [main] ql.Driver: Starting task [Stage-0:DDL] in serial mode
2024-04-24T05:15:26,973  INFO [main] HiveMetaStore.audit: ugi=alex	ip=unknown-ip-addr	cmd=get_table : tbl=hive.default.nonAcidNonBucket	
2024-04-24T05:15:26,976  INFO [main] metadata.Hive: Dumping metastore api call timing information for : execution phase
2024-04-24T05:15:26,976  INFO [main] metadata.Hive: Total time spent in each metastore function (ms): {isCompatibleWith_(Configuration)=0}
2024-04-24T05:15:26,977  INFO [main] ql.Driver: Completed executing command(queryId=alex_20240424051526_16fc233a-bd7e-4e4f-8335-167f8f6a098c); Time taken: 0.003 seconds
2024-04-24T05:15:26,977  INFO [main] lockmgr.DbTxnManager: Stopped heartbeat for query: alex_20240424051526_16fc233a-bd7e-4e4f-8335-167f8f6a098c
2024-04-24T05:15:26,981  INFO [main] txn.TxnHandler: Expected to move at least one record from txn_components to completed_txn_components when committing txn! txnid:6
2024-04-24T05:15:26,986  INFO [main] txn.TxnHandler: Removed transactions: ([6]) from MIN_HISTORY_LEVEL
2024-04-24T05:15:26,986  WARN [main] txn.CompactionTxnHandler: No compaction queue record found for Compaction type transaction commit. txnId:6
2024-04-24T05:15:26,987  INFO [main] ql.TxnCommandsBaseForTests: Running the query: create table acidTbl(a int, b int) clustered by (a) into 2 buckets stored as orc TBLPROPERTIES ('transactional'='true')
2024-04-24T05:15:26,987  INFO [main] ql.Driver: Compiling command(queryId=alex_20240424051526_493a5485-e34c-4e70-ad7e-3d5da845d224): create table acidTbl(a int, b int) clustered by (a) into 2 buckets stored as orc TBLPROPERTIES ('transactional'='true')
2024-04-24T05:15:26,989  INFO [main] txn.TxnHandler: Added entries to MIN_HISTORY_LEVEL for current txns: ([7]) with min_open_txn: 1
2024-04-24T05:15:26,989  INFO [main] lockmgr.DbTxnManager: Opened txnid:7
2024-04-24T05:15:26,990  INFO [main] parse.CalcitePlanner: Starting caching scope for: 
2024-04-24T05:15:26,990  INFO [main] parse.CalcitePlanner: Starting Semantic Analysis
2024-04-24T05:15:26,995  INFO [main] parse.CalcitePlanner: Creating table default.acidTbl position=13
2024-04-24T05:15:26,995  INFO [main] HiveMetaStore.audit: ugi=alex	ip=unknown-ip-addr	cmd=get_database: default	
2024-04-24T05:15:26,996  INFO [main] parse.CalcitePlanner: Ending caching scope for: 
2024-04-24T05:15:26,996  INFO [main] ql.Driver: Semantic Analysis Completed (retrial = false)
2024-04-24T05:15:26,996  INFO [main] ql.Driver: Created Hive schema: Schema(fieldSchemas:null, properties:null)
2024-04-24T05:15:26,996  INFO [main] metadata.Hive: Dumping metastore api call timing information for : compilation phase
2024-04-24T05:15:26,997  INFO [main] metadata.Hive: Total time spent in each metastore function (ms): {getDatabase_(String)=1, getValidTxns_(long)=0, getValidWriteIds_(List, String)=5, commitTxn_(CommitTxnRequest)=10, isCompatibleWith_(Configuration)=1, flushCache_()=0, openTxn_(String, TxnType)=1}
2024-04-24T05:15:26,997  INFO [main] ql.Driver: Completed compiling command(queryId=alex_20240424051526_493a5485-e34c-4e70-ad7e-3d5da845d224); Time taken: 0.009 seconds
2024-04-24T05:15:26,997  INFO [main] lockmgr.DbTxnManager: Setting lock request transaction to txnid:7 for queryId=alex_20240424051526_493a5485-e34c-4e70-ad7e-3d5da845d224
2024-04-24T05:15:26,997  INFO [main] lockmgr.DbLockManager: Requesting lock for queryId=alex_20240424051526_493a5485-e34c-4e70-ad7e-3d5da845d224
2024-04-24T05:15:27,012  INFO [main] lockmgr.DbLockManager: Response to queryId=alex_20240424051526_493a5485-e34c-4e70-ad7e-3d5da845d224 LockResponse(lockid:1, state:ACQUIRED)
2024-04-24T05:15:27,012  INFO [main] ql.Driver: Operation CREATETABLE obtained 1 locks
2024-04-24T05:15:27,012  INFO [main] ql.Driver: Executing command(queryId=alex_20240424051526_493a5485-e34c-4e70-ad7e-3d5da845d224): create table acidTbl(a int, b int) clustered by (a) into 2 buckets stored as orc TBLPROPERTIES ('transactional'='true')
2024-04-24T05:15:27,012  INFO [main] ql.Driver: Starting task [Stage-0:DDL] in serial mode
2024-04-24T05:15:27,013  INFO [main] HiveMetaStore.audit: ugi=alex	ip=unknown-ip-addr	cmd=create_table_req: Table(tableName:acidTbl, dbName:default, owner:alex, createTime:1713960927, lastAccessTime:0, retention:0, sd:StorageDescriptor(cols:[FieldSchema(name:a, type:int, comment:null), FieldSchema(name:b, type:int, comment:null)], location:null, inputFormat:org.apache.hadoop.hive.ql.io.orc.OrcInputFormat, outputFormat:org.apache.hadoop.hive.ql.io.orc.OrcOutputFormat, compressed:false, numBuckets:2, serdeInfo:SerDeInfo(name:null, serializationLib:org.apache.hadoop.hive.ql.io.orc.OrcSerde, parameters:{serialization.format=1}), bucketCols:[a], sortCols:[], parameters:{}, skewedInfo:SkewedInfo(skewedColNames:[], skewedColValues:[], skewedColValueLocationMaps:{}), storedAsSubDirectories:false), partitionKeys:[], parameters:{numFiles=0, transactional=true, totalSize=0, numFilesErasureCoded=0, rawDataSize=0, bucketing_version=2, COLUMN_STATS_ACCURATE={"BASIC_STATS":"true","COLUMN_STATS":{"a":"true","b":"true"}}, numRows=0}, viewOriginalText:null, viewExpandedText:null, tableType:MANAGED_TABLE, privileges:PrincipalPrivilegeSet(userPrivileges:{alex=[PrivilegeGrantInfo(privilege:INSERT, createTime:-1, grantor:alex, grantorType:USER, grantOption:true), PrivilegeGrantInfo(privilege:SELECT, createTime:-1, grantor:alex, grantorType:USER, grantOption:true), PrivilegeGrantInfo(privilege:UPDATE, createTime:-1, grantor:alex, grantorType:USER, grantOption:true), PrivilegeGrantInfo(privilege:DELETE, createTime:-1, grantor:alex, grantorType:USER, grantOption:true)]}, groupPrivileges:null, rolePrivileges:null), temporary:false, catName:hive, ownerType:USER, writeId:0)	
2024-04-24T05:15:27,019  INFO [main] utils.FileUtils: Creating directory if it doesn't exist: file:/home/alex/Repositories/hive/ql/target/tmp/org.apache.hadoop.hive.ql.TestTxnCommands-1713960750541/warehouse/acidtbl
2024-04-24T05:15:27,053  INFO [main] metadata.Hive: Dumping metastore api call timing information for : execution phase
2024-04-24T05:15:27,053  INFO [main] metadata.Hive: Total time spent in each metastore function (ms): {isCompatibleWith_(Configuration)=1, createTable_(Table)=40}
2024-04-24T05:15:27,053  INFO [main] ql.Driver: Completed executing command(queryId=alex_20240424051526_493a5485-e34c-4e70-ad7e-3d5da845d224); Time taken: 0.041 seconds
2024-04-24T05:15:27,053  INFO [main] lockmgr.DbTxnManager: Stopped heartbeat for query: alex_20240424051526_493a5485-e34c-4e70-ad7e-3d5da845d224
2024-04-24T05:15:27,057  INFO [main] txn.TxnHandler: Expected to move at least one record from txn_components to completed_txn_components when committing txn! txnid:7
2024-04-24T05:15:27,062  INFO [main] txn.TxnHandler: Removed transactions: ([7]) from MIN_HISTORY_LEVEL
2024-04-24T05:15:27,062  WARN [main] txn.CompactionTxnHandler: No compaction queue record found for Compaction type transaction commit. txnId:7
2024-04-24T05:15:27,063  INFO [main] ql.TxnCommandsBaseForTests: Running the query: create table acidTblPart(a int, b int) partitioned by (p string) clustered by (a) into 2 buckets stored as orc TBLPROPERTIES ('transactional'='true')
2024-04-24T05:15:27,063  INFO [main] ql.Driver: Compiling command(queryId=alex_20240424051527_aa49b8da-5c79-4939-90c7-7abbe28874c5): create table acidTblPart(a int, b int) partitioned by (p string) clustered by (a) into 2 buckets stored as orc TBLPROPERTIES ('transactional'='true')
2024-04-24T05:15:27,065  INFO [main] txn.TxnHandler: Added entries to MIN_HISTORY_LEVEL for current txns: ([8]) with min_open_txn: 1
2024-04-24T05:15:27,065  INFO [main] lockmgr.DbTxnManager: Opened txnid:8
2024-04-24T05:15:27,066  INFO [main] parse.CalcitePlanner: Starting caching scope for: 
2024-04-24T05:15:27,066  INFO [main] parse.CalcitePlanner: Starting Semantic Analysis
2024-04-24T05:15:27,068  INFO [main] parse.CalcitePlanner: Creating table default.acidTblPart position=13
2024-04-24T05:15:27,068  INFO [main] HiveMetaStore.audit: ugi=alex	ip=unknown-ip-addr	cmd=get_database: default	
2024-04-24T05:15:27,069  INFO [main] parse.CalcitePlanner: Ending caching scope for: 
2024-04-24T05:15:27,070  INFO [main] ql.Driver: Semantic Analysis Completed (retrial = false)
2024-04-24T05:15:27,070  INFO [main] ql.Driver: Created Hive schema: Schema(fieldSchemas:null, properties:null)
2024-04-24T05:15:27,070  INFO [main] metadata.Hive: Dumping metastore api call timing information for : compilation phase
2024-04-24T05:15:27,070  INFO [main] metadata.Hive: Total time spent in each metastore function (ms): {commitTxn_(CommitTxnRequest)=10, isCompatibleWith_(Configuration)=2, getValidTxns_(long)=0, openTxn_(String, TxnType)=1, getValidWriteIds_(List, String)=2, flushCache_()=0, getDatabase_(String)=1}
2024-04-24T05:15:27,070  INFO [main] ql.Driver: Completed compiling command(queryId=alex_20240424051527_aa49b8da-5c79-4939-90c7-7abbe28874c5); Time taken: 0.007 seconds
2024-04-24T05:15:27,070  INFO [main] lockmgr.DbTxnManager: Setting lock request transaction to txnid:8 for queryId=alex_20240424051527_aa49b8da-5c79-4939-90c7-7abbe28874c5
2024-04-24T05:15:27,070  INFO [main] lockmgr.DbLockManager: Requesting lock for queryId=alex_20240424051527_aa49b8da-5c79-4939-90c7-7abbe28874c5
2024-04-24T05:15:27,084  INFO [main] lockmgr.DbLockManager: Response to queryId=alex_20240424051527_aa49b8da-5c79-4939-90c7-7abbe28874c5 LockResponse(lockid:2, state:ACQUIRED)
2024-04-24T05:15:27,084  INFO [main] ql.Driver: Operation CREATETABLE obtained 1 locks
2024-04-24T05:15:27,084  INFO [main] ql.Driver: Executing command(queryId=alex_20240424051527_aa49b8da-5c79-4939-90c7-7abbe28874c5): create table acidTblPart(a int, b int) partitioned by (p string) clustered by (a) into 2 buckets stored as orc TBLPROPERTIES ('transactional'='true')
2024-04-24T05:15:27,084  INFO [main] ql.Driver: Starting task [Stage-0:DDL] in serial mode
2024-04-24T05:15:27,085  INFO [main] HiveMetaStore.audit: ugi=alex	ip=unknown-ip-addr	cmd=create_table_req: Table(tableName:acidTblPart, dbName:default, owner:alex, createTime:1713960927, lastAccessTime:0, retention:0, sd:StorageDescriptor(cols:[FieldSchema(name:a, type:int, comment:null), FieldSchema(name:b, type:int, comment:null)], location:null, inputFormat:org.apache.hadoop.hive.ql.io.orc.OrcInputFormat, outputFormat:org.apache.hadoop.hive.ql.io.orc.OrcOutputFormat, compressed:false, numBuckets:2, serdeInfo:SerDeInfo(name:null, serializationLib:org.apache.hadoop.hive.ql.io.orc.OrcSerde, parameters:{serialization.format=1}), bucketCols:[a], sortCols:[], parameters:{}, skewedInfo:SkewedInfo(skewedColNames:[], skewedColValues:[], skewedColValueLocationMaps:{}), storedAsSubDirectories:false), partitionKeys:[FieldSchema(name:p, type:string, comment:null)], parameters:{bucketing_version=2, transactional=true}, viewOriginalText:null, viewExpandedText:null, tableType:MANAGED_TABLE, privileges:PrincipalPrivilegeSet(userPrivileges:{alex=[PrivilegeGrantInfo(privilege:INSERT, createTime:-1, grantor:alex, grantorType:USER, grantOption:true), PrivilegeGrantInfo(privilege:SELECT, createTime:-1, grantor:alex, grantorType:USER, grantOption:true), PrivilegeGrantInfo(privilege:UPDATE, createTime:-1, grantor:alex, grantorType:USER, grantOption:true), PrivilegeGrantInfo(privilege:DELETE, createTime:-1, grantor:alex, grantorType:USER, grantOption:true)]}, groupPrivileges:null, rolePrivileges:null), temporary:false, catName:hive, ownerType:USER, writeId:0)	
2024-04-24T05:15:27,090  INFO [main] utils.FileUtils: Creating directory if it doesn't exist: file:/home/alex/Repositories/hive/ql/target/tmp/org.apache.hadoop.hive.ql.TestTxnCommands-1713960750541/warehouse/acidtblpart
2024-04-24T05:15:27,104  INFO [main] metadata.Hive: Dumping metastore api call timing information for : execution phase
2024-04-24T05:15:27,104  INFO [main] metadata.Hive: Total time spent in each metastore function (ms): {isCompatibleWith_(Configuration)=1, createTable_(Table)=19}
2024-04-24T05:15:27,104  INFO [main] ql.Driver: Completed executing command(queryId=alex_20240424051527_aa49b8da-5c79-4939-90c7-7abbe28874c5); Time taken: 0.02 seconds
2024-04-24T05:15:27,104  INFO [main] lockmgr.DbTxnManager: Stopped heartbeat for query: alex_20240424051527_aa49b8da-5c79-4939-90c7-7abbe28874c5
2024-04-24T05:15:27,108  INFO [main] txn.TxnHandler: Expected to move at least one record from txn_components to completed_txn_components when committing txn! txnid:8
2024-04-24T05:15:27,113  INFO [main] txn.TxnHandler: Removed transactions: ([8]) from MIN_HISTORY_LEVEL
2024-04-24T05:15:27,113  WARN [main] txn.CompactionTxnHandler: No compaction queue record found for Compaction type transaction commit. txnId:8
2024-04-24T05:15:27,113  INFO [main] ql.TxnCommandsBaseForTests: Running the query: create table nonAcidOrcTbl(a int, b int) clustered by (a) into 2 buckets stored as orc TBLPROPERTIES ('transactional'='false')
2024-04-24T05:15:27,113  INFO [main] ql.Driver: Compiling command(queryId=alex_20240424051527_28602b33-0930-46df-bdfd-9906b5fdeadf): create table nonAcidOrcTbl(a int, b int) clustered by (a) into 2 buckets stored as orc TBLPROPERTIES ('transactional'='false')
2024-04-24T05:15:27,115  INFO [main] txn.TxnHandler: Added entries to MIN_HISTORY_LEVEL for current txns: ([9]) with min_open_txn: 1
2024-04-24T05:15:27,116  INFO [main] lockmgr.DbTxnManager: Opened txnid:9
2024-04-24T05:15:27,116  INFO [main] parse.CalcitePlanner: Starting caching scope for: 
2024-04-24T05:15:27,116  INFO [main] parse.CalcitePlanner: Starting Semantic Analysis
2024-04-24T05:15:27,118  INFO [main] parse.CalcitePlanner: Creating table default.nonAcidOrcTbl position=13
2024-04-24T05:15:27,118  INFO [main] HiveMetaStore.audit: ugi=alex	ip=unknown-ip-addr	cmd=get_database: default	
2024-04-24T05:15:27,120  INFO [main] parse.CalcitePlanner: Ending caching scope for: 
2024-04-24T05:15:27,120  INFO [main] ql.Driver: Semantic Analysis Completed (retrial = false)
2024-04-24T05:15:27,120  INFO [main] ql.Driver: Created Hive schema: Schema(fieldSchemas:null, properties:null)
2024-04-24T05:15:27,120  INFO [main] metadata.Hive: Dumping metastore api call timing information for : compilation phase
2024-04-24T05:15:27,120  INFO [main] metadata.Hive: Total time spent in each metastore function (ms): {openTxn_(String, TxnType)=2, isCompatibleWith_(Configuration)=0, getValidTxns_(long)=0, getValidWriteIds_(List, String)=2, getDatabase_(String)=2, flushCache_()=0, commitTxn_(CommitTxnRequest)=9}
2024-04-24T05:15:27,120  INFO [main] ql.Driver: Completed compiling command(queryId=alex_20240424051527_28602b33-0930-46df-bdfd-9906b5fdeadf); Time taken: 0.007 seconds
2024-04-24T05:15:27,120  INFO [main] lockmgr.DbTxnManager: Setting lock request transaction to txnid:9 for queryId=alex_20240424051527_28602b33-0930-46df-bdfd-9906b5fdeadf
2024-04-24T05:15:27,121  INFO [main] lockmgr.DbLockManager: Requesting lock for queryId=alex_20240424051527_28602b33-0930-46df-bdfd-9906b5fdeadf
2024-04-24T05:15:27,133  INFO [main] lockmgr.DbLockManager: Response to queryId=alex_20240424051527_28602b33-0930-46df-bdfd-9906b5fdeadf LockResponse(lockid:3, state:ACQUIRED)
2024-04-24T05:15:27,133  INFO [main] ql.Driver: Operation CREATETABLE obtained 1 locks
2024-04-24T05:15:27,133  INFO [main] ql.Driver: Executing command(queryId=alex_20240424051527_28602b33-0930-46df-bdfd-9906b5fdeadf): create table nonAcidOrcTbl(a int, b int) clustered by (a) into 2 buckets stored as orc TBLPROPERTIES ('transactional'='false')
2024-04-24T05:15:27,133  INFO [main] ql.Driver: Starting task [Stage-0:DDL] in serial mode
2024-04-24T05:15:27,134  INFO [main] HiveMetaStore.audit: ugi=alex	ip=unknown-ip-addr	cmd=create_table_req: Table(tableName:nonAcidOrcTbl, dbName:default, owner:alex, createTime:1713960927, lastAccessTime:0, retention:0, sd:StorageDescriptor(cols:[FieldSchema(name:a, type:int, comment:null), FieldSchema(name:b, type:int, comment:null)], location:null, inputFormat:org.apache.hadoop.hive.ql.io.orc.OrcInputFormat, outputFormat:org.apache.hadoop.hive.ql.io.orc.OrcOutputFormat, compressed:false, numBuckets:2, serdeInfo:SerDeInfo(name:null, serializationLib:org.apache.hadoop.hive.ql.io.orc.OrcSerde, parameters:{serialization.format=1}), bucketCols:[a], sortCols:[], parameters:{}, skewedInfo:SkewedInfo(skewedColNames:[], skewedColValues:[], skewedColValueLocationMaps:{}), storedAsSubDirectories:false), partitionKeys:[], parameters:{transactional=false, rawDataSize=0, numRows=0, numFilesErasureCoded=0, totalSize=0, numFiles=0, bucketing_version=2, COLUMN_STATS_ACCURATE={"BASIC_STATS":"true","COLUMN_STATS":{"a":"true","b":"true"}}}, viewOriginalText:null, viewExpandedText:null, tableType:MANAGED_TABLE, privileges:PrincipalPrivilegeSet(userPrivileges:{alex=[PrivilegeGrantInfo(privilege:INSERT, createTime:-1, grantor:alex, grantorType:USER, grantOption:true), PrivilegeGrantInfo(privilege:SELECT, createTime:-1, grantor:alex, grantorType:USER, grantOption:true), PrivilegeGrantInfo(privilege:UPDATE, createTime:-1, grantor:alex, grantorType:USER, grantOption:true), PrivilegeGrantInfo(privilege:DELETE, createTime:-1, grantor:alex, grantorType:USER, grantOption:true)]}, groupPrivileges:null, rolePrivileges:null), temporary:false, catName:hive, ownerType:USER)	
2024-04-24T05:15:27,140  INFO [main] utils.FileUtils: Creating directory if it doesn't exist: file:/home/alex/Repositories/hive/ql/target/tmp/org.apache.hadoop.hive.ql.TestTxnCommands-1713960750541/warehouse/nonacidorctbl
2024-04-24T05:15:27,153  INFO [main] metadata.Hive: Dumping metastore api call timing information for : execution phase
2024-04-24T05:15:27,153  INFO [main] metadata.Hive: Total time spent in each metastore function (ms): {createTable_(Table)=19, isCompatibleWith_(Configuration)=0}
2024-04-24T05:15:27,153  INFO [main] ql.Driver: Completed executing command(queryId=alex_20240424051527_28602b33-0930-46df-bdfd-9906b5fdeadf); Time taken: 0.02 seconds
2024-04-24T05:15:27,153  INFO [main] lockmgr.DbTxnManager: Stopped heartbeat for query: alex_20240424051527_28602b33-0930-46df-bdfd-9906b5fdeadf
2024-04-24T05:15:27,157  INFO [main] txn.TxnHandler: Expected to move at least one record from txn_components to completed_txn_components when committing txn! txnid:9
2024-04-24T05:15:27,162  INFO [main] txn.TxnHandler: Removed transactions: ([9]) from MIN_HISTORY_LEVEL
2024-04-24T05:15:27,162  WARN [main] txn.CompactionTxnHandler: No compaction queue record found for Compaction type transaction commit. txnId:9
2024-04-24T05:15:27,162  INFO [main] ql.TxnCommandsBaseForTests: Running the query: create table nonAcidOrcTbl2(a int, b int) clustered by (a) into 2 buckets stored as orc TBLPROPERTIES ('transactional'='false')
2024-04-24T05:15:27,163  INFO [main] ql.Driver: Compiling command(queryId=alex_20240424051527_4e0a7fb3-45e5-4970-b1bc-b6ee64564d93): create table nonAcidOrcTbl2(a int, b int) clustered by (a) into 2 buckets stored as orc TBLPROPERTIES ('transactional'='false')
2024-04-24T05:15:27,164  INFO [main] txn.TxnHandler: Added entries to MIN_HISTORY_LEVEL for current txns: ([10]) with min_open_txn: 1
2024-04-24T05:15:27,165  INFO [main] lockmgr.DbTxnManager: Opened txnid:10
2024-04-24T05:15:27,165  INFO [main] parse.CalcitePlanner: Starting caching scope for: 
2024-04-24T05:15:27,165  INFO [main] parse.CalcitePlanner: Starting Semantic Analysis
2024-04-24T05:15:27,167  INFO [main] parse.CalcitePlanner: Creating table default.nonAcidOrcTbl2 position=13
2024-04-24T05:15:27,167  INFO [main] HiveMetaStore.audit: ugi=alex	ip=unknown-ip-addr	cmd=get_database: default	
2024-04-24T05:15:27,169  INFO [main] parse.CalcitePlanner: Ending caching scope for: 
2024-04-24T05:15:27,169  INFO [main] ql.Driver: Semantic Analysis Completed (retrial = false)
2024-04-24T05:15:27,169  INFO [main] ql.Driver: Created Hive schema: Schema(fieldSchemas:null, properties:null)
2024-04-24T05:15:27,169  INFO [main] metadata.Hive: Dumping metastore api call timing information for : compilation phase
2024-04-24T05:15:27,169  INFO [main] metadata.Hive: Total time spent in each metastore function (ms): {flushCache_()=0, getValidTxns_(long)=0, commitTxn_(CommitTxnRequest)=9, openTxn_(String, TxnType)=2, isCompatibleWith_(Configuration)=0, getValidWriteIds_(List, String)=2, getDatabase_(String)=2}
2024-04-24T05:15:27,169  INFO [main] ql.Driver: Completed compiling command(queryId=alex_20240424051527_4e0a7fb3-45e5-4970-b1bc-b6ee64564d93); Time taken: 0.006 seconds
2024-04-24T05:15:27,170  INFO [main] lockmgr.DbTxnManager: Setting lock request transaction to txnid:10 for queryId=alex_20240424051527_4e0a7fb3-45e5-4970-b1bc-b6ee64564d93
2024-04-24T05:15:27,170  INFO [main] lockmgr.DbLockManager: Requesting lock for queryId=alex_20240424051527_4e0a7fb3-45e5-4970-b1bc-b6ee64564d93
2024-04-24T05:15:27,182  INFO [main] lockmgr.DbLockManager: Response to queryId=alex_20240424051527_4e0a7fb3-45e5-4970-b1bc-b6ee64564d93 LockResponse(lockid:4, state:ACQUIRED)
2024-04-24T05:15:27,182  INFO [main] ql.Driver: Operation CREATETABLE obtained 1 locks
2024-04-24T05:15:27,182  INFO [main] ql.Driver: Executing command(queryId=alex_20240424051527_4e0a7fb3-45e5-4970-b1bc-b6ee64564d93): create table nonAcidOrcTbl2(a int, b int) clustered by (a) into 2 buckets stored as orc TBLPROPERTIES ('transactional'='false')
2024-04-24T05:15:27,183  INFO [main] ql.Driver: Starting task [Stage-0:DDL] in serial mode
2024-04-24T05:15:27,184  INFO [main] HiveMetaStore.audit: ugi=alex	ip=unknown-ip-addr	cmd=create_table_req: Table(tableName:nonAcidOrcTbl2, dbName:default, owner:alex, createTime:1713960927, lastAccessTime:0, retention:0, sd:StorageDescriptor(cols:[FieldSchema(name:a, type:int, comment:null), FieldSchema(name:b, type:int, comment:null)], location:null, inputFormat:org.apache.hadoop.hive.ql.io.orc.OrcInputFormat, outputFormat:org.apache.hadoop.hive.ql.io.orc.OrcOutputFormat, compressed:false, numBuckets:2, serdeInfo:SerDeInfo(name:null, serializationLib:org.apache.hadoop.hive.ql.io.orc.OrcSerde, parameters:{serialization.format=1}), bucketCols:[a], sortCols:[], parameters:{}, skewedInfo:SkewedInfo(skewedColNames:[], skewedColValues:[], skewedColValueLocationMaps:{}), storedAsSubDirectories:false), partitionKeys:[], parameters:{numFiles=0, totalSize=0, numFilesErasureCoded=0, COLUMN_STATS_ACCURATE={"BASIC_STATS":"true","COLUMN_STATS":{"a":"true","b":"true"}}, bucketing_version=2, transactional=false, rawDataSize=0, numRows=0}, viewOriginalText:null, viewExpandedText:null, tableType:MANAGED_TABLE, privileges:PrincipalPrivilegeSet(userPrivileges:{alex=[PrivilegeGrantInfo(privilege:INSERT, createTime:-1, grantor:alex, grantorType:USER, grantOption:true), PrivilegeGrantInfo(privilege:SELECT, createTime:-1, grantor:alex, grantorType:USER, grantOption:true), PrivilegeGrantInfo(privilege:UPDATE, createTime:-1, grantor:alex, grantorType:USER, grantOption:true), PrivilegeGrantInfo(privilege:DELETE, createTime:-1, grantor:alex, grantorType:USER, grantOption:true)]}, groupPrivileges:null, rolePrivileges:null), temporary:false, catName:hive, ownerType:USER)	
2024-04-24T05:15:27,189  INFO [main] utils.FileUtils: Creating directory if it doesn't exist: file:/home/alex/Repositories/hive/ql/target/tmp/org.apache.hadoop.hive.ql.TestTxnCommands-1713960750541/warehouse/nonacidorctbl2
2024-04-24T05:15:27,202  INFO [main] metadata.Hive: Dumping metastore api call timing information for : execution phase
2024-04-24T05:15:27,202  INFO [main] metadata.Hive: Total time spent in each metastore function (ms): {createTable_(Table)=19, isCompatibleWith_(Configuration)=0}
2024-04-24T05:15:27,203  INFO [main] ql.Driver: Completed executing command(queryId=alex_20240424051527_4e0a7fb3-45e5-4970-b1bc-b6ee64564d93); Time taken: 0.02 seconds
2024-04-24T05:15:27,203  INFO [main] lockmgr.DbTxnManager: Stopped heartbeat for query: alex_20240424051527_4e0a7fb3-45e5-4970-b1bc-b6ee64564d93
2024-04-24T05:15:27,206  INFO [main] txn.TxnHandler: Expected to move at least one record from txn_components to completed_txn_components when committing txn! txnid:10
2024-04-24T05:15:27,211  INFO [main] txn.TxnHandler: Removed transactions: ([10]) from MIN_HISTORY_LEVEL
2024-04-24T05:15:27,211  WARN [main] txn.CompactionTxnHandler: No compaction queue record found for Compaction type transaction commit. txnId:10
2024-04-24T05:15:27,212  INFO [main] ql.TxnCommandsBaseForTests: Running the query: create temporary  table acidTbl2(a int, b int, c int) clustered by (c) into 2 buckets stored as orc TBLPROPERTIES ('transactional'='true')
2024-04-24T05:15:27,212  INFO [main] ql.Driver: Compiling command(queryId=alex_20240424051527_37ff762c-99e8-423b-8cd8-2a37c2ebd946): create temporary  table acidTbl2(a int, b int, c int) clustered by (c) into 2 buckets stored as orc TBLPROPERTIES ('transactional'='true')
2024-04-24T05:15:27,214  INFO [main] txn.TxnHandler: Added entries to MIN_HISTORY_LEVEL for current txns: ([11]) with min_open_txn: 1
2024-04-24T05:15:27,214  INFO [main] lockmgr.DbTxnManager: Opened txnid:11
2024-04-24T05:15:27,214  INFO [main] parse.CalcitePlanner: Starting caching scope for: 
2024-04-24T05:15:27,214  INFO [main] parse.CalcitePlanner: Starting Semantic Analysis
2024-04-24T05:15:27,216  INFO [main] parse.CalcitePlanner: Creating table default.acidTbl2 position=24
2024-04-24T05:15:27,217  INFO [main] HiveMetaStore.audit: ugi=alex	ip=unknown-ip-addr	cmd=get_database: default	
2024-04-24T05:15:27,218  INFO [main] parse.CalcitePlanner: Ending caching scope for: 
2024-04-24T05:15:27,218  INFO [main] ql.Driver: Semantic Analysis Completed (retrial = false)
2024-04-24T05:15:27,218  INFO [main] ql.Driver: Created Hive schema: Schema(fieldSchemas:null, properties:null)
2024-04-24T05:15:27,218  INFO [main] metadata.Hive: Dumping metastore api call timing information for : compilation phase
2024-04-24T05:15:27,218  INFO [main] metadata.Hive: Total time spent in each metastore function (ms): {isCompatibleWith_(Configuration)=1, getValidTxns_(long)=0, flushCache_()=0, openTxn_(String, TxnType)=2, commitTxn_(CommitTxnRequest)=8, getValidWriteIds_(List, String)=1, getDatabase_(String)=1}
2024-04-24T05:15:27,219  INFO [main] ql.Driver: Completed compiling command(queryId=alex_20240424051527_37ff762c-99e8-423b-8cd8-2a37c2ebd946); Time taken: 0.006 seconds
2024-04-24T05:15:27,219  INFO [main] lockmgr.DbTxnManager: Setting lock request transaction to txnid:11 for queryId=alex_20240424051527_37ff762c-99e8-423b-8cd8-2a37c2ebd946
2024-04-24T05:15:27,219  INFO [main] lockmgr.DbLockManager: Requesting lock for queryId=alex_20240424051527_37ff762c-99e8-423b-8cd8-2a37c2ebd946
2024-04-24T05:15:27,232  INFO [main] lockmgr.DbLockManager: Response to queryId=alex_20240424051527_37ff762c-99e8-423b-8cd8-2a37c2ebd946 LockResponse(lockid:5, state:ACQUIRED)
2024-04-24T05:15:27,232  INFO [main] ql.Driver: Operation CREATETABLE obtained 1 locks
2024-04-24T05:15:27,232  INFO [main] ql.Driver: Executing command(queryId=alex_20240424051527_37ff762c-99e8-423b-8cd8-2a37c2ebd946): create temporary  table acidTbl2(a int, b int, c int) clustered by (c) into 2 buckets stored as orc TBLPROPERTIES ('transactional'='true')
2024-04-24T05:15:27,232  INFO [main] ql.Driver: Starting task [Stage-0:DDL] in serial mode
2024-04-24T05:15:27,233  INFO [main] utils.FileUtils: Creating directory if it doesn't exist: file:/home/alex/Repositories/hive/ql/target/tmp/scratchdir/alex/62683806-6a0c-471b-8cce-6c13892b61d7/_tmp_space.db/5bfe6647-77cb-45ef-ba1a-7128b188ac26
2024-04-24T05:15:27,236  INFO [main] metadata.Hive: Dumping metastore api call timing information for : execution phase
2024-04-24T05:15:27,236  INFO [main] metadata.Hive: Total time spent in each metastore function (ms): {isCompatibleWith_(Configuration)=0, createTable_(Table)=3}
2024-04-24T05:15:27,236  INFO [main] ql.Driver: Completed executing command(queryId=alex_20240424051527_37ff762c-99e8-423b-8cd8-2a37c2ebd946); Time taken: 0.004 seconds
2024-04-24T05:15:27,236  INFO [main] lockmgr.DbTxnManager: Stopped heartbeat for query: alex_20240424051527_37ff762c-99e8-423b-8cd8-2a37c2ebd946
2024-04-24T05:15:27,240  INFO [main] txn.TxnHandler: Expected to move at least one record from txn_components to completed_txn_components when committing txn! txnid:11
2024-04-24T05:15:27,245  INFO [main] txn.TxnHandler: Removed transactions: ([11]) from MIN_HISTORY_LEVEL
2024-04-24T05:15:27,245  WARN [main] txn.CompactionTxnHandler: No compaction queue record found for Compaction type transaction commit. txnId:11
2024-04-24T05:15:27,245  INFO [main] ql.TxnCommandsBaseForTests: Running the query: create table nonAcidNonBucket(a int, b int) stored as orc TBLPROPERTIES ('transactional'='false')
2024-04-24T05:15:27,245  INFO [main] ql.Driver: Compiling command(queryId=alex_20240424051527_0aa560bc-4174-4f7a-b75a-6cfbcb065bc2): create table nonAcidNonBucket(a int, b int) stored as orc TBLPROPERTIES ('transactional'='false')
2024-04-24T05:15:27,248  INFO [main] txn.TxnHandler: Added entries to MIN_HISTORY_LEVEL for current txns: ([12]) with min_open_txn: 1
2024-04-24T05:15:27,248  INFO [main] lockmgr.DbTxnManager: Opened txnid:12
2024-04-24T05:15:27,248  INFO [main] parse.CalcitePlanner: Starting caching scope for: 
2024-04-24T05:15:27,248  INFO [main] parse.CalcitePlanner: Starting Semantic Analysis
2024-04-24T05:15:27,251  INFO [main] parse.CalcitePlanner: Creating table default.nonAcidNonBucket position=13
2024-04-24T05:15:27,251  INFO [main] HiveMetaStore.audit: ugi=alex	ip=unknown-ip-addr	cmd=get_database: default	
2024-04-24T05:15:27,252  INFO [main] parse.CalcitePlanner: Ending caching scope for: 
2024-04-24T05:15:27,252  INFO [main] ql.Driver: Semantic Analysis Completed (retrial = false)
2024-04-24T05:15:27,252  INFO [main] ql.Driver: Created Hive schema: Schema(fieldSchemas:null, properties:null)
2024-04-24T05:15:27,252  INFO [main] metadata.Hive: Dumping metastore api call timing information for : compilation phase
2024-04-24T05:15:27,253  INFO [main] metadata.Hive: Total time spent in each metastore function (ms): {isCompatibleWith_(Configuration)=1, flushCache_()=0, commitTxn_(CommitTxnRequest)=9, getValidTxns_(long)=0, getDatabase_(String)=1, getValidWriteIds_(List, String)=2, openTxn_(String, TxnType)=2}
2024-04-24T05:15:27,253  INFO [main] ql.Driver: Completed compiling command(queryId=alex_20240424051527_0aa560bc-4174-4f7a-b75a-6cfbcb065bc2); Time taken: 0.007 seconds
2024-04-24T05:15:27,253  INFO [main] lockmgr.DbTxnManager: Setting lock request transaction to txnid:12 for queryId=alex_20240424051527_0aa560bc-4174-4f7a-b75a-6cfbcb065bc2
2024-04-24T05:15:27,253  INFO [main] lockmgr.DbLockManager: Requesting lock for queryId=alex_20240424051527_0aa560bc-4174-4f7a-b75a-6cfbcb065bc2
2024-04-24T05:15:27,266  INFO [main] lockmgr.DbLockManager: Response to queryId=alex_20240424051527_0aa560bc-4174-4f7a-b75a-6cfbcb065bc2 LockResponse(lockid:6, state:ACQUIRED)
2024-04-24T05:15:27,266  INFO [main] ql.Driver: Operation CREATETABLE obtained 1 locks
2024-04-24T05:15:27,266  INFO [main] ql.Driver: Executing command(queryId=alex_20240424051527_0aa560bc-4174-4f7a-b75a-6cfbcb065bc2): create table nonAcidNonBucket(a int, b int) stored as orc TBLPROPERTIES ('transactional'='false')
2024-04-24T05:15:27,266  INFO [main] ql.Driver: Starting task [Stage-0:DDL] in serial mode
2024-04-24T05:15:27,267  INFO [main] HiveMetaStore.audit: ugi=alex	ip=unknown-ip-addr	cmd=create_table_req: Table(tableName:nonAcidNonBucket, dbName:default, owner:alex, createTime:1713960927, lastAccessTime:0, retention:0, sd:StorageDescriptor(cols:[FieldSchema(name:a, type:int, comment:null), FieldSchema(name:b, type:int, comment:null)], location:null, inputFormat:org.apache.hadoop.hive.ql.io.orc.OrcInputFormat, outputFormat:org.apache.hadoop.hive.ql.io.orc.OrcOutputFormat, compressed:false, numBuckets:-1, serdeInfo:SerDeInfo(name:null, serializationLib:org.apache.hadoop.hive.ql.io.orc.OrcSerde, parameters:{serialization.format=1}), bucketCols:[], sortCols:[], parameters:{}, skewedInfo:SkewedInfo(skewedColNames:[], skewedColValues:[], skewedColValueLocationMaps:{}), storedAsSubDirectories:false), partitionKeys:[], parameters:{totalSize=0, transactional=false, COLUMN_STATS_ACCURATE={"BASIC_STATS":"true","COLUMN_STATS":{"a":"true","b":"true"}}, bucketing_version=2, numFilesErasureCoded=0, numFiles=0, rawDataSize=0, numRows=0}, viewOriginalText:null, viewExpandedText:null, tableType:MANAGED_TABLE, privileges:PrincipalPrivilegeSet(userPrivileges:{alex=[PrivilegeGrantInfo(privilege:INSERT, createTime:-1, grantor:alex, grantorType:USER, grantOption:true), PrivilegeGrantInfo(privilege:SELECT, createTime:-1, grantor:alex, grantorType:USER, grantOption:true), PrivilegeGrantInfo(privilege:UPDATE, createTime:-1, grantor:alex, grantorType:USER, grantOption:true), PrivilegeGrantInfo(privilege:DELETE, createTime:-1, grantor:alex, grantorType:USER, grantOption:true)]}, groupPrivileges:null, rolePrivileges:null), temporary:false, catName:hive, ownerType:USER)	
2024-04-24T05:15:27,272  INFO [main] utils.FileUtils: Creating directory if it doesn't exist: file:/home/alex/Repositories/hive/ql/target/tmp/org.apache.hadoop.hive.ql.TestTxnCommands-1713960750541/warehouse/nonacidnonbucket
2024-04-24T05:15:27,285  INFO [main] metadata.Hive: Dumping metastore api call timing information for : execution phase
2024-04-24T05:15:27,285  INFO [main] metadata.Hive: Total time spent in each metastore function (ms): {isCompatibleWith_(Configuration)=1, createTable_(Table)=18}
2024-04-24T05:15:27,285  INFO [main] ql.Driver: Completed executing command(queryId=alex_20240424051527_0aa560bc-4174-4f7a-b75a-6cfbcb065bc2); Time taken: 0.019 seconds
2024-04-24T05:15:27,285  INFO [main] lockmgr.DbTxnManager: Stopped heartbeat for query: alex_20240424051527_0aa560bc-4174-4f7a-b75a-6cfbcb065bc2
2024-04-24T05:15:27,289  INFO [main] txn.TxnHandler: Expected to move at least one record from txn_components to completed_txn_components when committing txn! txnid:12
2024-04-24T05:15:27,294  INFO [main] txn.TxnHandler: Removed transactions: ([12]) from MIN_HISTORY_LEVEL
2024-04-24T05:15:27,294  WARN [main] txn.CompactionTxnHandler: No compaction queue record found for Compaction type transaction commit. txnId:12
2024-04-24T05:15:27,294  INFO [main] ql.TxnCommandsBaseForTests: Running the query: start transaction
2024-04-24T05:15:27,294  INFO [main] ql.Driver: Compiling command(queryId=alex_20240424051527_4b017e60-2901-4ada-a8d2-ec5f936aeee4): start transaction
2024-04-24T05:15:27,296  INFO [main] txn.TxnHandler: Added entries to MIN_HISTORY_LEVEL for current txns: ([13]) with min_open_txn: 1
2024-04-24T05:15:27,297  INFO [main] lockmgr.DbTxnManager: Opened txnid:13
2024-04-24T05:15:27,297  INFO [main] parse.CalcitePlanner: Starting caching scope for: 
2024-04-24T05:15:27,297  INFO [main] parse.CalcitePlanner: Starting Semantic Analysis
2024-04-24T05:15:27,297  INFO [main] parse.CalcitePlanner: Ending caching scope for: 
2024-04-24T05:15:27,297  INFO [main] ql.Driver: Semantic Analysis Completed (retrial = false)
2024-04-24T05:15:27,297  INFO [main] ql.Driver: Created Hive schema: Schema(fieldSchemas:null, properties:null)
2024-04-24T05:15:27,297  INFO [main] metadata.Hive: Dumping metastore api call timing information for : compilation phase
2024-04-24T05:15:27,297  INFO [main] metadata.Hive: Total time spent in each metastore function (ms): {openTxn_(String, TxnType)=2, getValidWriteIds_(List, String)=0, isCompatibleWith_(Configuration)=0, flushCache_()=0, commitTxn_(CommitTxnRequest)=9, getValidTxns_(long)=0}
2024-04-24T05:15:27,298  INFO [main] ql.Driver: Completed compiling command(queryId=alex_20240424051527_4b017e60-2901-4ada-a8d2-ec5f936aeee4); Time taken: 0.003 seconds
2024-04-24T05:15:27,298  INFO [main] lockmgr.DbTxnManager: Setting lock request transaction to txnid:13 for queryId=alex_20240424051527_4b017e60-2901-4ada-a8d2-ec5f936aeee4
2024-04-24T05:15:27,298  INFO [main] ql.Driver: Operation START_TRANSACTION obtained 0 locks
2024-04-24T05:15:27,298  INFO [main] ql.Driver: Executing command(queryId=alex_20240424051527_4b017e60-2901-4ada-a8d2-ec5f936aeee4): start transaction
2024-04-24T05:15:27,298  INFO [main] metadata.Hive: Dumping metastore api call timing information for : execution phase
2024-04-24T05:15:27,298  INFO [main] metadata.Hive: Total time spent in each metastore function (ms): {}
2024-04-24T05:15:27,298  INFO [main] ql.Driver: Completed executing command(queryId=alex_20240424051527_4b017e60-2901-4ada-a8d2-ec5f936aeee4); Time taken: 0.0 seconds
2024-04-24T05:15:27,298  INFO [main] ql.TxnCommandsBaseForTests: Running the query: delete from acidTbl where a = 5
2024-04-24T05:15:27,299  INFO [main] ql.Driver: Compiling command(queryId=alex_20240424051527_0f0448f7-76b9-400c-b1e9-f54266437854): delete from acidTbl where a = 5
2024-04-24T05:15:27,299  INFO [main] parse.UpdateDeleteSemanticAnalyzer: Starting caching scope for: 
2024-04-24T05:15:27,299  INFO [main] HiveMetaStore.audit: ugi=alex	ip=unknown-ip-addr	cmd=get_table : tbl=hive.default.acidTbl	
2024-04-24T05:15:27,316  INFO [main] metastore.HMSHandler: Skipping translation for processor with null
2024-04-24T05:15:27,316  INFO [main] parse.RewriteSemanticAnalyzer: Going to reparse <delete from acidTbl where a = 5> as 
<insert into table `default`.`acidTbl` select ROW__ID from `default`.`acidTbl` sort by ROW__ID >
2024-04-24T05:15:27,317  INFO [main] parse.UpdateDeleteSemanticAnalyzer: Starting Semantic Analysis
2024-04-24T05:15:27,321  INFO [main] parse.UpdateDeleteSemanticAnalyzer: Completed phase 1 of Semantic Analysis
2024-04-24T05:15:27,321  INFO [main] parse.UpdateDeleteSemanticAnalyzer: Get metadata for source tables
2024-04-24T05:15:27,322  INFO [main] HiveMetaStore.audit: ugi=alex	ip=unknown-ip-addr	cmd=get_table : tbl=hive.default.acidtbl	
2024-04-24T05:15:27,328  INFO [main] metastore.HMSHandler: Skipping translation for processor with null
2024-04-24T05:15:27,329  INFO [main] parse.UpdateDeleteSemanticAnalyzer: Get metadata for subqueries
2024-04-24T05:15:27,329  INFO [main] parse.UpdateDeleteSemanticAnalyzer: Get metadata for destination tables
2024-04-24T05:15:27,329  INFO [main] HiveMetaStore.audit: ugi=alex	ip=unknown-ip-addr	cmd=get_table : tbl=hive.default.acidTbl	
2024-04-24T05:15:27,335  INFO [main] metastore.HMSHandler: Skipping translation for processor with null
2024-04-24T05:15:27,335  INFO [main] parse.UpdateDeleteSemanticAnalyzer: Completed getting MetaData in Semantic Analysis
2024-04-24T05:15:27,335  INFO [main] parse.UpdateDeleteSemanticAnalyzer: Disabling LLAP IO encode as ETL query is detected
2024-04-24T05:15:27,348  INFO [main] HiveMetaStore.audit: ugi=alex	ip=unknown-ip-addr	cmd=get_all_table_constraints : tbl=hive.default.acidtbl	
2024-04-24T05:15:27,392  INFO [main] calcite.RelOptHiveTable: Calculating column statistics for default.acidtbl, projIndxSet: [0], allowMissingStats: true
2024-04-24T05:15:27,392  INFO [main] HiveMetaStore.audit: ugi=alex	ip=unknown-ip-addr	cmd=get_table : tbl=hive.default.acidtbl	
2024-04-24T05:15:27,401  INFO [main] metastore.HMSHandler: Skipping translation for processor with null
2024-04-24T05:15:27,402  INFO [main] HiveMetaStore.audit: ugi=alex	ip=unknown-ip-addr	cmd=get_table : tbl=hive.default.acidtbl	
2024-04-24T05:15:27,410  INFO [main] metastore.HMSHandler: Skipping translation for processor with null
2024-04-24T05:15:27,411  INFO [main] HiveMetaStore.audit: ugi=alex	ip=unknown-ip-addr	cmd=get_table_statistics_req: table=hive.default.acidtbl	
2024-04-24T05:15:27,420  WARN [main] calcite.RelOptHiveTable: No Stats for default@acidtbl, Columns: a
No Stats for default@acidtbl, Columns: a
2024-04-24T05:15:27,420  INFO [main] SessionState: No Stats for default@acidtbl, Columns: a
2024-04-24T05:15:27,475  INFO [main] parse.UpdateDeleteSemanticAnalyzer: Get metadata for source tables
2024-04-24T05:15:27,476  INFO [main] parse.UpdateDeleteSemanticAnalyzer: Get metadata for subqueries
2024-04-24T05:15:27,476  INFO [main] parse.UpdateDeleteSemanticAnalyzer: Get metadata for destination tables
2024-04-24T05:15:27,476  INFO [main] HiveMetaStore.audit: ugi=alex	ip=unknown-ip-addr	cmd=get_table : tbl=hive.default.acidTbl	
2024-04-24T05:15:27,483  INFO [main] metastore.HMSHandler: Skipping translation for processor with null
2024-04-24T05:15:27,485 ERROR [main] parse.UpdateDeleteSemanticAnalyzer: CBO failed, skipping CBO. 
org.apache.hadoop.hive.ql.exec.NoMatchingMethodException: No matching method for class org.apache.hadoop.hive.ql.udf.UDFToInteger with (struct<writeid:bigint,bucketid:int,rowid:bigint>). Possible choices: _FUNC_(bigint)  _FUNC_(boolean)  _FUNC_(decimal(38,18))  _FUNC_(double)  _FUNC_(float)  _FUNC_(smallint)  _FUNC_(string)  _FUNC_(struct<writeid:bigint,rowid:int,bucketid:bigint>)  _FUNC_(timestamp)  _FUNC_(tinyint)  _FUNC_(void)  
	at org.apache.hadoop.hive.ql.exec.MethodUtils.getMethodInternal(MethodUtils.java:130) ~[classes/:?]
	at org.apache.hadoop.hive.ql.exec.MethodUtils.getMethodInternal(MethodUtils.java:60) ~[classes/:?]
	at org.apache.hadoop.hive.ql.exec.DefaultUDFMethodResolver.getEvalMethod(DefaultUDFMethodResolver.java:59) ~[classes/:?]
	at org.apache.hadoop.hive.ql.udf.TimestampCastRestrictorResolver.getEvalMethod(TimestampCastRestrictorResolver.java:68) ~[classes/:?]
	at org.apache.hadoop.hive.ql.udf.generic.GenericUDFBridge.initialize(GenericUDFBridge.java:168) ~[classes/:?]
	at org.apache.hadoop.hive.ql.udf.generic.GenericUDF.initializeAndFoldConstants(GenericUDF.java:149) ~[classes/:?]
	at org.apache.hadoop.hive.ql.plan.ExprNodeGenericFuncDesc.newInstance(ExprNodeGenericFuncDesc.java:235) ~[classes/:?]
	at org.apache.hadoop.hive.ql.parse.type.ExprNodeDescExprFactory.createFuncCallExpr(ExprNodeDescExprFactory.java:584) ~[classes/:?]
	at org.apache.hadoop.hive.ql.parse.type.ExprNodeDescExprFactory.createFuncCallExpr(ExprNodeDescExprFactory.java:97) ~[classes/:?]
	at org.apache.hadoop.hive.ql.parse.type.TypeCheckProcFactory$DefaultExprProcessor.getFuncExprNodeDescWithUdfData(TypeCheckProcFactory.java:762) ~[classes/:?]
	at org.apache.hadoop.hive.ql.parse.type.TypeCheckProcFactory$DefaultExprProcessor.createConversionCast(TypeCheckProcFactory.java:783) ~[classes/:?]
	at org.apache.hadoop.hive.ql.parse.SemanticAnalyzer.getPartitionColsFromBucketColsForUpdateDelete(SemanticAnalyzer.java:8725) ~[classes/:?]
	at org.apache.hadoop.hive.ql.parse.SemanticAnalyzer.genBucketingSortingDest(SemanticAnalyzer.java:6906) ~[classes/:?]
	at org.apache.hadoop.hive.ql.parse.SemanticAnalyzer.genFileSinkPlan(SemanticAnalyzer.java:7335) ~[classes/:?]
	at org.apache.hadoop.hive.ql.parse.SemanticAnalyzer.genPostGroupByBodyPlan(SemanticAnalyzer.java:11063) ~[classes/:?]
	at org.apache.hadoop.hive.ql.parse.SemanticAnalyzer.genBodyPlan(SemanticAnalyzer.java:10938) ~[classes/:?]
	at org.apache.hadoop.hive.ql.parse.SemanticAnalyzer.genPlan(SemanticAnalyzer.java:11853) ~[classes/:?]
	at org.apache.hadoop.hive.ql.parse.SemanticAnalyzer.genPlan(SemanticAnalyzer.java:11723) ~[classes/:?]
	at org.apache.hadoop.hive.ql.parse.CalcitePlanner.genOPTree(CalcitePlanner.java:626) ~[classes/:?]
	at org.apache.hadoop.hive.ql.parse.SemanticAnalyzer.analyzeInternal(SemanticAnalyzer.java:12558) ~[classes/:?]
	at org.apache.hadoop.hive.ql.parse.CalcitePlanner.analyzeInternal(CalcitePlanner.java:456) ~[classes/:?]
	at org.apache.hadoop.hive.ql.parse.RewriteSemanticAnalyzer.analyzeInternal(RewriteSemanticAnalyzer.java:67) ~[classes/:?]
	at org.apache.hadoop.hive.ql.parse.BaseSemanticAnalyzer.analyze(BaseSemanticAnalyzer.java:317) ~[classes/:?]
	at org.apache.hadoop.hive.ql.parse.UpdateDeleteSemanticAnalyzer.reparseAndSuperAnalyze(UpdateDeleteSemanticAnalyzer.java:208) ~[classes/:?]
	at org.apache.hadoop.hive.ql.parse.UpdateDeleteSemanticAnalyzer.analyzeDelete(UpdateDeleteSemanticAnalyzer.java:68) ~[classes/:?]
	at org.apache.hadoop.hive.ql.parse.UpdateDeleteSemanticAnalyzer.analyze(UpdateDeleteSemanticAnalyzer.java:50) ~[classes/:?]
	at org.apache.hadoop.hive.ql.parse.RewriteSemanticAnalyzer.analyzeInternal(RewriteSemanticAnalyzer.java:72) ~[classes/:?]
	at org.apache.hadoop.hive.ql.parse.BaseSemanticAnalyzer.analyze(BaseSemanticAnalyzer.java:317) ~[classes/:?]
	at org.apache.hadoop.hive.ql.Compiler.analyze(Compiler.java:223) ~[classes/:?]
	at org.apache.hadoop.hive.ql.Compiler.compile(Compiler.java:105) ~[classes/:?]
	at org.apache.hadoop.hive.ql.Driver.compile(Driver.java:500) ~[classes/:?]
	at org.apache.hadoop.hive.ql.Driver.compileInternal(Driver.java:453) ~[classes/:?]
	at org.apache.hadoop.hive.ql.Driver.runInternal(Driver.java:181) ~[classes/:?]
	at org.apache.hadoop.hive.ql.Driver.run(Driver.java:153) ~[classes/:?]
	at org.apache.hadoop.hive.ql.Driver.run(Driver.java:140) ~[classes/:?]
	at org.apache.hadoop.hive.ql.TxnCommandsBaseForTests.runStatementOnDriver(TxnCommandsBaseForTests.java:245) ~[test-classes/:?]
	at org.apache.hadoop.hive.ql.TestTxnCommands.testTimeOutReaper(TestTxnCommands.java:945) ~[test-classes/:?]
	at sun.reflect.NativeMethodAccessorImpl.invoke0(Native Method) ~[?:1.8.0_402]
	at sun.reflect.NativeMethodAccessorImpl.invoke(NativeMethodAccessorImpl.java:62) ~[?:1.8.0_402]
	at sun.reflect.DelegatingMethodAccessorImpl.invoke(DelegatingMethodAccessorImpl.java:43) ~[?:1.8.0_402]
	at java.lang.reflect.Method.invoke(Method.java:498) ~[?:1.8.0_402]
	at org.junit.runners.model.FrameworkMethod$1.runReflectiveCall(FrameworkMethod.java:59) ~[junit-4.13.jar:4.13]
	at org.junit.internal.runners.model.ReflectiveCallable.run(ReflectiveCallable.java:12) ~[junit-4.13.jar:4.13]
	at org.junit.runners.model.FrameworkMethod.invokeExplosively(FrameworkMethod.java:56) ~[junit-4.13.jar:4.13]
	at org.junit.internal.runners.statements.InvokeMethod.evaluate(InvokeMethod.java:17) ~[junit-4.13.jar:4.13]
	at org.junit.internal.runners.statements.RunBefores.evaluate(RunBefores.java:26) ~[junit-4.13.jar:4.13]
	at org.junit.internal.runners.statements.RunAfters.evaluate(RunAfters.java:27) ~[junit-4.13.jar:4.13]
	at org.junit.rules.TestWatcher$1.evaluate(TestWatcher.java:61) ~[junit-4.13.jar:4.13]
	at org.junit.runners.ParentRunner$3.evaluate(ParentRunner.java:306) ~[junit-4.13.jar:4.13]
	at org.junit.runners.BlockJUnit4ClassRunner$1.evaluate(BlockJUnit4ClassRunner.java:100) ~[junit-4.13.jar:4.13]
	at org.junit.runners.ParentRunner.runLeaf(ParentRunner.java:366) ~[junit-4.13.jar:4.13]
	at org.junit.runners.BlockJUnit4ClassRunner.runChild(BlockJUnit4ClassRunner.java:103) ~[junit-4.13.jar:4.13]
	at org.junit.runners.BlockJUnit4ClassRunner.runChild(BlockJUnit4ClassRunner.java:63) ~[junit-4.13.jar:4.13]
	at org.junit.runners.ParentRunner$4.run(ParentRunner.java:331) ~[junit-4.13.jar:4.13]
	at org.junit.runners.ParentRunner$1.schedule(ParentRunner.java:79) ~[junit-4.13.jar:4.13]
	at org.junit.runners.ParentRunner.runChildren(ParentRunner.java:329) ~[junit-4.13.jar:4.13]
	at org.junit.runners.ParentRunner.access$100(ParentRunner.java:66) ~[junit-4.13.jar:4.13]
	at org.junit.runners.ParentRunner$2.evaluate(ParentRunner.java:293) ~[junit-4.13.jar:4.13]
	at org.junit.runners.ParentRunner$3.evaluate(ParentRunner.java:306) ~[junit-4.13.jar:4.13]
	at org.junit.runners.ParentRunner.run(ParentRunner.java:413) ~[junit-4.13.jar:4.13]
	at org.junit.runner.JUnitCore.run(JUnitCore.java:137) ~[junit-4.13.jar:4.13]
	at org.junit.runner.JUnitCore.run(JUnitCore.java:115) ~[junit-4.13.jar:4.13]
	at org.junit.vintage.engine.execution.RunnerExecutor.execute(RunnerExecutor.java:43) ~[junit-vintage-engine-5.6.2.jar:5.6.2]
	at java.util.stream.ForEachOps$ForEachOp$OfRef.accept(ForEachOps.java:183) ~[?:1.8.0_402]
	at java.util.stream.ReferencePipeline$3$1.accept(ReferencePipeline.java:193) ~[?:1.8.0_402]
	at java.util.Iterator.forEachRemaining(Iterator.java:116) ~[?:1.8.0_402]
	at java.util.Spliterators$IteratorSpliterator.forEachRemaining(Spliterators.java:1801) ~[?:1.8.0_402]
	at java.util.stream.AbstractPipeline.copyInto(AbstractPipeline.java:482) ~[?:1.8.0_402]
	at java.util.stream.AbstractPipeline.wrapAndCopyInto(AbstractPipeline.java:472) ~[?:1.8.0_402]
	at java.util.stream.ForEachOps$ForEachOp.evaluateSequential(ForEachOps.java:150) ~[?:1.8.0_402]
	at java.util.stream.ForEachOps$ForEachOp$OfRef.evaluateSequential(ForEachOps.java:173) ~[?:1.8.0_402]
	at java.util.stream.AbstractPipeline.evaluate(AbstractPipeline.java:234) ~[?:1.8.0_402]
	at java.util.stream.ReferencePipeline.forEach(ReferencePipeline.java:485) ~[?:1.8.0_402]
	at org.junit.vintage.engine.VintageTestEngine.executeAllChildren(VintageTestEngine.java:82) ~[junit-vintage-engine-5.6.2.jar:5.6.2]
	at org.junit.vintage.engine.VintageTestEngine.execute(VintageTestEngine.java:73) ~[junit-vintage-engine-5.6.2.jar:5.6.2]
	at org.junit.platform.launcher.core.DefaultLauncher.execute(DefaultLauncher.java:248) ~[junit-platform-launcher-1.6.2.jar:1.6.2]
	at org.junit.platform.launcher.core.DefaultLauncher.lambda$execute$5(DefaultLauncher.java:211) ~[junit-platform-launcher-1.6.2.jar:1.6.2]
	at org.junit.platform.launcher.core.DefaultLauncher.withInterceptedStreams(DefaultLauncher.java:226) [junit-platform-launcher-1.6.2.jar:1.6.2]
	at org.junit.platform.launcher.core.DefaultLauncher.execute(DefaultLauncher.java:199) [junit-platform-launcher-1.6.2.jar:1.6.2]
	at org.junit.platform.launcher.core.DefaultLauncher.execute(DefaultLauncher.java:132) [junit-platform-launcher-1.6.2.jar:1.6.2]
	at org.apache.maven.surefire.junitplatform.JUnitPlatformProvider.invokeAllTests(JUnitPlatformProvider.java:154) [surefire-junit-platform-3.0.0-M4.jar:3.0.0-M4]
	at org.apache.maven.surefire.junitplatform.JUnitPlatformProvider.invoke(JUnitPlatformProvider.java:123) [surefire-junit-platform-3.0.0-M4.jar:3.0.0-M4]
	at org.apache.maven.surefire.booter.ForkedBooter.runSuitesInProcess(ForkedBooter.java:377) [surefire-booter-3.0.0-M4.jar:3.0.0-M4]
	at org.apache.maven.surefire.booter.ForkedBooter.execute(ForkedBooter.java:138) [surefire-booter-3.0.0-M4.jar:3.0.0-M4]
	at org.apache.maven.surefire.booter.ForkedBooter.run(ForkedBooter.java:465) [surefire-booter-3.0.0-M4.jar:3.0.0-M4]
	at org.apache.maven.surefire.booter.ForkedBooter.main(ForkedBooter.java:451) [surefire-booter-3.0.0-M4.jar:3.0.0-M4]
2024-04-24T05:15:27,486 ERROR [main] parse.UpdateDeleteSemanticAnalyzer: CBO failed due to missing column stats (see previous errors), skipping CBO
2024-04-24T05:15:27,486  INFO [main] parse.UpdateDeleteSemanticAnalyzer: Ending caching scope for: 
FAILED: NoMatchingMethodException No matching method for class org.apache.hadoop.hive.ql.udf.UDFToInteger with (struct<writeid:bigint,bucketid:int,rowid:bigint>). Possible choices: _FUNC_(bigint)  _FUNC_(boolean)  _FUNC_(decimal(38,18))  _FUNC_(double)  _FUNC_(float)  _FUNC_(smallint)  _FUNC_(string)  _FUNC_(struct<writeid:bigint,rowid:int,bucketid:bigint>)  _FUNC_(timestamp)  _FUNC_(tinyint)  _FUNC_(void)  
2024-04-24T05:15:27,487 ERROR [main] ql.Driver: FAILED: NoMatchingMethodException No matching method for class org.apache.hadoop.hive.ql.udf.UDFToInteger with (struct<writeid:bigint,bucketid:int,rowid:bigint>). Possible choices: _FUNC_(bigint)  _FUNC_(boolean)  _FUNC_(decimal(38,18))  _FUNC_(double)  _FUNC_(float)  _FUNC_(smallint)  _FUNC_(string)  _FUNC_(struct<writeid:bigint,rowid:int,bucketid:bigint>)  _FUNC_(timestamp)  _FUNC_(tinyint)  _FUNC_(void)  
org.apache.hadoop.hive.ql.exec.NoMatchingMethodException: No matching method for class org.apache.hadoop.hive.ql.udf.UDFToInteger with (struct<writeid:bigint,bucketid:int,rowid:bigint>). Possible choices: _FUNC_(bigint)  _FUNC_(boolean)  _FUNC_(decimal(38,18))  _FUNC_(double)  _FUNC_(float)  _FUNC_(smallint)  _FUNC_(string)  _FUNC_(struct<writeid:bigint,rowid:int,bucketid:bigint>)  _FUNC_(timestamp)  _FUNC_(tinyint)  _FUNC_(void)  
	at org.apache.hadoop.hive.ql.exec.MethodUtils.getMethodInternal(MethodUtils.java:130)
	at org.apache.hadoop.hive.ql.exec.MethodUtils.getMethodInternal(MethodUtils.java:60)
	at org.apache.hadoop.hive.ql.exec.DefaultUDFMethodResolver.getEvalMethod(DefaultUDFMethodResolver.java:59)
	at org.apache.hadoop.hive.ql.udf.TimestampCastRestrictorResolver.getEvalMethod(TimestampCastRestrictorResolver.java:68)
	at org.apache.hadoop.hive.ql.udf.generic.GenericUDFBridge.initialize(GenericUDFBridge.java:168)
	at org.apache.hadoop.hive.ql.udf.generic.GenericUDF.initializeAndFoldConstants(GenericUDF.java:149)
	at org.apache.hadoop.hive.ql.plan.ExprNodeGenericFuncDesc.newInstance(ExprNodeGenericFuncDesc.java:235)
	at org.apache.hadoop.hive.ql.parse.type.ExprNodeDescExprFactory.createFuncCallExpr(ExprNodeDescExprFactory.java:584)
	at org.apache.hadoop.hive.ql.parse.type.ExprNodeDescExprFactory.createFuncCallExpr(ExprNodeDescExprFactory.java:97)
	at org.apache.hadoop.hive.ql.parse.type.TypeCheckProcFactory$DefaultExprProcessor.getFuncExprNodeDescWithUdfData(TypeCheckProcFactory.java:762)
	at org.apache.hadoop.hive.ql.parse.type.TypeCheckProcFactory$DefaultExprProcessor.createConversionCast(TypeCheckProcFactory.java:783)
	at org.apache.hadoop.hive.ql.parse.SemanticAnalyzer.getPartitionColsFromBucketColsForUpdateDelete(SemanticAnalyzer.java:8725)
	at org.apache.hadoop.hive.ql.parse.SemanticAnalyzer.genBucketingSortingDest(SemanticAnalyzer.java:6906)
	at org.apache.hadoop.hive.ql.parse.SemanticAnalyzer.genFileSinkPlan(SemanticAnalyzer.java:7335)
	at org.apache.hadoop.hive.ql.parse.SemanticAnalyzer.genPostGroupByBodyPlan(SemanticAnalyzer.java:11063)
	at org.apache.hadoop.hive.ql.parse.SemanticAnalyzer.genBodyPlan(SemanticAnalyzer.java:10938)
	at org.apache.hadoop.hive.ql.parse.SemanticAnalyzer.genPlan(SemanticAnalyzer.java:11853)
	at org.apache.hadoop.hive.ql.parse.SemanticAnalyzer.genPlan(SemanticAnalyzer.java:11723)
	at org.apache.hadoop.hive.ql.parse.CalcitePlanner.genOPTree(CalcitePlanner.java:626)
	at org.apache.hadoop.hive.ql.parse.SemanticAnalyzer.analyzeInternal(SemanticAnalyzer.java:12558)
	at org.apache.hadoop.hive.ql.parse.CalcitePlanner.analyzeInternal(CalcitePlanner.java:456)
	at org.apache.hadoop.hive.ql.parse.RewriteSemanticAnalyzer.analyzeInternal(RewriteSemanticAnalyzer.java:67)
	at org.apache.hadoop.hive.ql.parse.BaseSemanticAnalyzer.analyze(BaseSemanticAnalyzer.java:317)
	at org.apache.hadoop.hive.ql.parse.UpdateDeleteSemanticAnalyzer.reparseAndSuperAnalyze(UpdateDeleteSemanticAnalyzer.java:208)
	at org.apache.hadoop.hive.ql.parse.UpdateDeleteSemanticAnalyzer.analyzeDelete(UpdateDeleteSemanticAnalyzer.java:68)
	at org.apache.hadoop.hive.ql.parse.UpdateDeleteSemanticAnalyzer.analyze(UpdateDeleteSemanticAnalyzer.java:50)
	at org.apache.hadoop.hive.ql.parse.RewriteSemanticAnalyzer.analyzeInternal(RewriteSemanticAnalyzer.java:72)
	at org.apache.hadoop.hive.ql.parse.BaseSemanticAnalyzer.analyze(BaseSemanticAnalyzer.java:317)
	at org.apache.hadoop.hive.ql.Compiler.analyze(Compiler.java:223)
	at org.apache.hadoop.hive.ql.Compiler.compile(Compiler.java:105)
	at org.apache.hadoop.hive.ql.Driver.compile(Driver.java:500)
	at org.apache.hadoop.hive.ql.Driver.compileInternal(Driver.java:453)
	at org.apache.hadoop.hive.ql.Driver.runInternal(Driver.java:181)
	at org.apache.hadoop.hive.ql.Driver.run(Driver.java:153)
	at org.apache.hadoop.hive.ql.Driver.run(Driver.java:140)
	at org.apache.hadoop.hive.ql.TxnCommandsBaseForTests.runStatementOnDriver(TxnCommandsBaseForTests.java:245)
	at org.apache.hadoop.hive.ql.TestTxnCommands.testTimeOutReaper(TestTxnCommands.java:945)
	at sun.reflect.NativeMethodAccessorImpl.invoke0(Native Method)
	at sun.reflect.NativeMethodAccessorImpl.invoke(NativeMethodAccessorImpl.java:62)
	at sun.reflect.DelegatingMethodAccessorImpl.invoke(DelegatingMethodAccessorImpl.java:43)
	at java.lang.reflect.Method.invoke(Method.java:498)
	at org.junit.runners.model.FrameworkMethod$1.runReflectiveCall(FrameworkMethod.java:59)
	at org.junit.internal.runners.model.ReflectiveCallable.run(ReflectiveCallable.java:12)
	at org.junit.runners.model.FrameworkMethod.invokeExplosively(FrameworkMethod.java:56)
	at org.junit.internal.runners.statements.InvokeMethod.evaluate(InvokeMethod.java:17)
	at org.junit.internal.runners.statements.RunBefores.evaluate(RunBefores.java:26)
	at org.junit.internal.runners.statements.RunAfters.evaluate(RunAfters.java:27)
	at org.junit.rules.TestWatcher$1.evaluate(TestWatcher.java:61)
	at org.junit.runners.ParentRunner$3.evaluate(ParentRunner.java:306)
	at org.junit.runners.BlockJUnit4ClassRunner$1.evaluate(BlockJUnit4ClassRunner.java:100)
	at org.junit.runners.ParentRunner.runLeaf(ParentRunner.java:366)
	at org.junit.runners.BlockJUnit4ClassRunner.runChild(BlockJUnit4ClassRunner.java:103)
	at org.junit.runners.BlockJUnit4ClassRunner.runChild(BlockJUnit4ClassRunner.java:63)
	at org.junit.runners.ParentRunner$4.run(ParentRunner.java:331)
	at org.junit.runners.ParentRunner$1.schedule(ParentRunner.java:79)
	at org.junit.runners.ParentRunner.runChildren(ParentRunner.java:329)
	at org.junit.runners.ParentRunner.access$100(ParentRunner.java:66)
	at org.junit.runners.ParentRunner$2.evaluate(ParentRunner.java:293)
	at org.junit.runners.ParentRunner$3.evaluate(ParentRunner.java:306)
	at org.junit.runners.ParentRunner.run(ParentRunner.java:413)
	at org.junit.runner.JUnitCore.run(JUnitCore.java:137)
	at org.junit.runner.JUnitCore.run(JUnitCore.java:115)
	at org.junit.vintage.engine.execution.RunnerExecutor.execute(RunnerExecutor.java:43)
	at java.util.stream.ForEachOps$ForEachOp$OfRef.accept(ForEachOps.java:183)
	at java.util.stream.ReferencePipeline$3$1.accept(ReferencePipeline.java:193)
	at java.util.Iterator.forEachRemaining(Iterator.java:116)
	at java.util.Spliterators$IteratorSpliterator.forEachRemaining(Spliterators.java:1801)
	at java.util.stream.AbstractPipeline.copyInto(AbstractPipeline.java:482)
	at java.util.stream.AbstractPipeline.wrapAndCopyInto(AbstractPipeline.java:472)
	at java.util.stream.ForEachOps$ForEachOp.evaluateSequential(ForEachOps.java:150)
	at java.util.stream.ForEachOps$ForEachOp$OfRef.evaluateSequential(ForEachOps.java:173)
	at java.util.stream.AbstractPipeline.evaluate(AbstractPipeline.java:234)
	at java.util.stream.ReferencePipeline.forEach(ReferencePipeline.java:485)
	at org.junit.vintage.engine.VintageTestEngine.executeAllChildren(VintageTestEngine.java:82)
	at org.junit.vintage.engine.VintageTestEngine.execute(VintageTestEngine.java:73)
	at org.junit.platform.launcher.core.DefaultLauncher.execute(DefaultLauncher.java:248)
	at org.junit.platform.launcher.core.DefaultLauncher.lambda$execute$5(DefaultLauncher.java:211)
	at org.junit.platform.launcher.core.DefaultLauncher.withInterceptedStreams(DefaultLauncher.java:226)
	at org.junit.platform.launcher.core.DefaultLauncher.execute(DefaultLauncher.java:199)
	at org.junit.platform.launcher.core.DefaultLauncher.execute(DefaultLauncher.java:132)
	at org.apache.maven.surefire.junitplatform.JUnitPlatformProvider.invokeAllTests(JUnitPlatformProvider.java:154)
	at org.apache.maven.surefire.junitplatform.JUnitPlatformProvider.invoke(JUnitPlatformProvider.java:123)
	at org.apache.maven.surefire.booter.ForkedBooter.runSuitesInProcess(ForkedBooter.java:377)
	at org.apache.maven.surefire.booter.ForkedBooter.execute(ForkedBooter.java:138)
	at org.apache.maven.surefire.booter.ForkedBooter.run(ForkedBooter.java:465)
	at org.apache.maven.surefire.booter.ForkedBooter.main(ForkedBooter.java:451)

2024-04-24T05:15:27,487  INFO [main] metadata.Hive: Dumping metastore api call timing information for : compilation phase
2024-04-24T05:15:27,487  INFO [main] metadata.Hive: Total time spent in each metastore function (ms): {getAllTableConstraints_(AllTableConstraintsRequest)=24, getTableColumnStatistics_(String, String, List, String)=28, getValidWriteIds_(List, String)=6, isCompatibleWith_(Configuration)=1, flushCache_()=0, getTable_(GetTableRequest)=36}
2024-04-24T05:15:27,487  INFO [main] ql.Driver: Completed compiling command(queryId=alex_20240424051527_0f0448f7-76b9-400c-b1e9-f54266437854); Time taken: 0.188 seconds
2024-04-24T05:15:27,487  INFO [main] lockmgr.DbTxnManager: Stopped heartbeat for query: alex_20240424051527_4b017e60-2901-4ada-a8d2-ec5f936aeee4
2024-04-24T05:15:27,491  INFO [main] txn.TxnHandler: Removed transactions: ([13]) from MIN_HISTORY_LEVEL
2024-04-24T05:15:27,496  INFO [main] ql.TxnCommandsBaseForTests: Running the query: drop table if exists acidTbl
2024-04-24T05:15:27,496  INFO [main] ql.Driver: Compiling command(queryId=alex_20240424051527_182c9811-b14a-472f-949d-ba4c38a40d2e): drop table if exists acidTbl
2024-04-24T05:15:27,498  INFO [main] txn.TxnHandler: Added entries to MIN_HISTORY_LEVEL for current txns: ([14]) with min_open_txn: 1
2024-04-24T05:15:27,498  INFO [main] lockmgr.DbTxnManager: Opened txnid:14
2024-04-24T05:15:27,499  INFO [main] HiveMetaStore.audit: ugi=alex	ip=unknown-ip-addr	cmd=get_table : tbl=hive.default.acidTbl	
2024-04-24T05:15:27,505  INFO [main] metastore.HMSHandler: Skipping translation for processor with null
2024-04-24T05:15:27,505  INFO [main] ql.Driver: Semantic Analysis Completed (retrial = false)
2024-04-24T05:15:27,505  INFO [main] ql.Driver: Created Hive schema: Schema(fieldSchemas:null, properties:null)
2024-04-24T05:15:27,505  INFO [main] metadata.Hive: Dumping metastore api call timing information for : compilation phase
2024-04-24T05:15:27,505  INFO [main] metadata.Hive: Total time spent in each metastore function (ms): {isCompatibleWith_(Configuration)=1, flushCache_()=0, openTxn_(String, TxnType)=1, rollbackTxn_(long)=8, getValidTxns_(long)=1, getTable_(GetTableRequest)=6}
2024-04-24T05:15:27,505  INFO [main] ql.Driver: Completed compiling command(queryId=alex_20240424051527_182c9811-b14a-472f-949d-ba4c38a40d2e); Time taken: 0.009 seconds
2024-04-24T05:15:27,505  INFO [main] lockmgr.DbTxnManager: Setting lock request transaction to txnid:14 for queryId=alex_20240424051527_182c9811-b14a-472f-949d-ba4c38a40d2e
2024-04-24T05:15:27,506  INFO [main] lockmgr.DbLockManager: Requesting lock for queryId=alex_20240424051527_182c9811-b14a-472f-949d-ba4c38a40d2e
2024-04-24T05:15:27,522  INFO [main] lockmgr.DbLockManager: Response to queryId=alex_20240424051527_182c9811-b14a-472f-949d-ba4c38a40d2e LockResponse(lockid:7, state:ACQUIRED)
2024-04-24T05:15:27,522  INFO [main] ql.Driver: Operation DROPTABLE obtained 1 locks
2024-04-24T05:15:27,522  INFO [main] ql.Driver: Executing command(queryId=alex_20240424051527_182c9811-b14a-472f-949d-ba4c38a40d2e): drop table if exists acidTbl
2024-04-24T05:15:27,522  INFO [main] ql.Driver: Starting task [Stage-0:DDL] in serial mode
2024-04-24T05:15:27,522  INFO [main] HiveMetaStore.audit: ugi=alex	ip=unknown-ip-addr	cmd=get_table : tbl=hive.default.acidTbl	
2024-04-24T05:15:27,528  INFO [main] metastore.HMSHandler: Skipping translation for processor with null
2024-04-24T05:15:27,528  INFO [main] HiveMetaStore.audit: ugi=alex	ip=unknown-ip-addr	cmd=get_table : tbl=hive.default.acidTbl	
2024-04-24T05:15:27,534  INFO [main] metastore.HMSHandler: Skipping translation for processor with null
2024-04-24T05:15:27,534  INFO [main] HiveMetaStore.audit: ugi=alex	ip=unknown-ip-addr	cmd=drop_table : tbl=hive.default.acidTbl	
2024-04-24T05:15:27,629  INFO [main] metadata.Hive: Dumping metastore api call timing information for : execution phase
2024-04-24T05:15:27,629  INFO [main] metadata.Hive: Total time spent in each metastore function (ms): {isCompatibleWith_(Configuration)=0, getTable_(GetTableRequest)=6, dropTable_(String, String, boolean, boolean, boolean)=101}
2024-04-24T05:15:27,630  INFO [main] ql.Driver: Completed executing command(queryId=alex_20240424051527_182c9811-b14a-472f-949d-ba4c38a40d2e); Time taken: 0.107 seconds
2024-04-24T05:15:27,630  INFO [main] lockmgr.DbTxnManager: Stopped heartbeat for query: alex_20240424051527_182c9811-b14a-472f-949d-ba4c38a40d2e
2024-04-24T05:15:27,633  INFO [main] txn.TxnHandler: Expected to move at least one record from txn_components to completed_txn_components when committing txn! txnid:14
2024-04-24T05:15:27,638  INFO [main] txn.TxnHandler: Removed transactions: ([14]) from MIN_HISTORY_LEVEL
2024-04-24T05:15:27,638  WARN [main] txn.CompactionTxnHandler: No compaction queue record found for Compaction type transaction commit. txnId:14
2024-04-24T05:15:27,639  INFO [main] ql.TxnCommandsBaseForTests: Running the query: drop table if exists acidTblPart
2024-04-24T05:15:27,639  INFO [main] ql.Driver: Compiling command(queryId=alex_20240424051527_85a6c6ed-61a7-4bf5-af3a-9899e839017c): drop table if exists acidTblPart
2024-04-24T05:15:27,641  INFO [main] txn.TxnHandler: Added entries to MIN_HISTORY_LEVEL for current txns: ([15]) with min_open_txn: 1
2024-04-24T05:15:27,641  INFO [main] lockmgr.DbTxnManager: Opened txnid:15
2024-04-24T05:15:27,641  INFO [main] HiveMetaStore.audit: ugi=alex	ip=unknown-ip-addr	cmd=get_table : tbl=hive.default.acidTblPart	
2024-04-24T05:15:27,648  INFO [main] metastore.HMSHandler: Skipping translation for processor with null
2024-04-24T05:15:27,648  INFO [main] ql.Driver: Semantic Analysis Completed (retrial = false)
2024-04-24T05:15:27,648  INFO [main] ql.Driver: Created Hive schema: Schema(fieldSchemas:null, properties:null)
2024-04-24T05:15:27,648  INFO [main] metadata.Hive: Dumping metastore api call timing information for : compilation phase
2024-04-24T05:15:27,648  INFO [main] metadata.Hive: Total time spent in each metastore function (ms): {getTable_(GetTableRequest)=7, commitTxn_(CommitTxnRequest)=8, getValidTxns_(long)=0, isCompatibleWith_(Configuration)=0, openTxn_(String, TxnType)=2, flushCache_()=0}
2024-04-24T05:15:27,648  INFO [main] ql.Driver: Completed compiling command(queryId=alex_20240424051527_85a6c6ed-61a7-4bf5-af3a-9899e839017c); Time taken: 0.009 seconds
2024-04-24T05:15:27,648  INFO [main] lockmgr.DbTxnManager: Setting lock request transaction to txnid:15 for queryId=alex_20240424051527_85a6c6ed-61a7-4bf5-af3a-9899e839017c
2024-04-24T05:15:27,649  INFO [main] lockmgr.DbLockManager: Requesting lock for queryId=alex_20240424051527_85a6c6ed-61a7-4bf5-af3a-9899e839017c
2024-04-24T05:15:27,661  INFO [main] lockmgr.DbLockManager: Response to queryId=alex_20240424051527_85a6c6ed-61a7-4bf5-af3a-9899e839017c LockResponse(lockid:8, state:ACQUIRED)
2024-04-24T05:15:27,661  INFO [main] ql.Driver: Operation DROPTABLE obtained 1 locks
2024-04-24T05:15:27,661  INFO [main] ql.Driver: Executing command(queryId=alex_20240424051527_85a6c6ed-61a7-4bf5-af3a-9899e839017c): drop table if exists acidTblPart
2024-04-24T05:15:27,662  INFO [main] ql.Driver: Starting task [Stage-0:DDL] in serial mode
2024-04-24T05:15:27,662  INFO [main] HiveMetaStore.audit: ugi=alex	ip=unknown-ip-addr	cmd=get_table : tbl=hive.default.acidTblPart	
2024-04-24T05:15:27,668  INFO [main] metastore.HMSHandler: Skipping translation for processor with null
2024-04-24T05:15:27,668  INFO [main] HiveMetaStore.audit: ugi=alex	ip=unknown-ip-addr	cmd=get_table : tbl=hive.default.acidTblPart	
2024-04-24T05:15:27,674  INFO [main] metastore.HMSHandler: Skipping translation for processor with null
2024-04-24T05:15:27,674  INFO [main] HiveMetaStore.audit: ugi=alex	ip=unknown-ip-addr	cmd=drop_table : tbl=hive.default.acidTblPart	
2024-04-24T05:15:27,712  INFO [main] metadata.Hive: Dumping metastore api call timing information for : execution phase
2024-04-24T05:15:27,712  INFO [main] metadata.Hive: Total time spent in each metastore function (ms): {getTable_(GetTableRequest)=6, isCompatibleWith_(Configuration)=0, dropTable_(String, String, boolean, boolean, boolean)=44}
2024-04-24T05:15:27,712  INFO [main] ql.Driver: Completed executing command(queryId=alex_20240424051527_85a6c6ed-61a7-4bf5-af3a-9899e839017c); Time taken: 0.051 seconds
2024-04-24T05:15:27,712  INFO [main] lockmgr.DbTxnManager: Stopped heartbeat for query: alex_20240424051527_85a6c6ed-61a7-4bf5-af3a-9899e839017c
2024-04-24T05:15:27,716  INFO [main] txn.TxnHandler: Expected to move at least one record from txn_components to completed_txn_components when committing txn! txnid:15
2024-04-24T05:15:27,721  INFO [main] txn.TxnHandler: Removed transactions: ([15]) from MIN_HISTORY_LEVEL
2024-04-24T05:15:27,721  WARN [main] txn.CompactionTxnHandler: No compaction queue record found for Compaction type transaction commit. txnId:15
2024-04-24T05:15:27,722  INFO [main] ql.TxnCommandsBaseForTests: Running the query: drop table if exists acidTbl2
2024-04-24T05:15:27,722  INFO [main] ql.Driver: Compiling command(queryId=alex_20240424051527_1ce2b38a-6ef3-4d8b-8ca8-d21f9950dce6): drop table if exists acidTbl2
2024-04-24T05:15:27,724  INFO [main] txn.TxnHandler: Added entries to MIN_HISTORY_LEVEL for current txns: ([16]) with min_open_txn: 1
2024-04-24T05:15:27,725  INFO [main] lockmgr.DbTxnManager: Opened txnid:16
2024-04-24T05:15:27,725  INFO [main] ql.Driver: Semantic Analysis Completed (retrial = false)
2024-04-24T05:15:27,725  INFO [main] ql.Driver: Created Hive schema: Schema(fieldSchemas:null, properties:null)
2024-04-24T05:15:27,725  INFO [main] metadata.Hive: Dumping metastore api call timing information for : compilation phase
2024-04-24T05:15:27,726  INFO [main] metadata.Hive: Total time spent in each metastore function (ms): {commitTxn_(CommitTxnRequest)=10, getValidTxns_(long)=0, openTxn_(String, TxnType)=3, flushCache_()=0, getTable_(GetTableRequest)=0, isCompatibleWith_(Configuration)=0}
2024-04-24T05:15:27,726  INFO [main] ql.Driver: Completed compiling command(queryId=alex_20240424051527_1ce2b38a-6ef3-4d8b-8ca8-d21f9950dce6); Time taken: 0.003 seconds
2024-04-24T05:15:27,726  INFO [main] lockmgr.DbTxnManager: Setting lock request transaction to txnid:16 for queryId=alex_20240424051527_1ce2b38a-6ef3-4d8b-8ca8-d21f9950dce6
2024-04-24T05:15:27,726  INFO [main] ql.Driver: Operation DROPTABLE obtained 0 locks
2024-04-24T05:15:27,726  INFO [main] ql.Driver: Executing command(queryId=alex_20240424051527_1ce2b38a-6ef3-4d8b-8ca8-d21f9950dce6): drop table if exists acidTbl2
2024-04-24T05:15:27,726  INFO [main] ql.Driver: Starting task [Stage-0:DDL] in serial mode
2024-04-24T05:15:27,727  INFO [main] metadata.SessionHiveMetaStoreClient: Column stats doesn't exist for db=default temp table=acidTbl2
2024-04-24T05:15:27,727  INFO [main] metadata.Hive: Dumping metastore api call timing information for : execution phase
2024-04-24T05:15:27,727  INFO [main] metadata.Hive: Total time spent in each metastore function (ms): {getTable_(GetTableRequest)=0, isCompatibleWith_(Configuration)=0, dropTable_(String, String, boolean, boolean, boolean)=1}
2024-04-24T05:15:27,727  INFO [main] ql.Driver: Completed executing command(queryId=alex_20240424051527_1ce2b38a-6ef3-4d8b-8ca8-d21f9950dce6); Time taken: 0.001 seconds
2024-04-24T05:15:27,727  INFO [main] lockmgr.DbTxnManager: Stopped heartbeat for query: alex_20240424051527_1ce2b38a-6ef3-4d8b-8ca8-d21f9950dce6
2024-04-24T05:15:27,732  INFO [main] txn.TxnHandler: Expected to move at least one record from txn_components to completed_txn_components when committing txn! txnid:16
2024-04-24T05:15:27,737  INFO [main] txn.TxnHandler: Removed transactions: ([16]) from MIN_HISTORY_LEVEL
2024-04-24T05:15:27,737  WARN [main] txn.CompactionTxnHandler: No compaction queue record found for Compaction type transaction commit. txnId:16
2024-04-24T05:15:27,738  INFO [main] ql.TxnCommandsBaseForTests: Running the query: drop table if exists nonAcidOrcTbl
2024-04-24T05:15:27,738  INFO [main] ql.Driver: Compiling command(queryId=alex_20240424051527_e40ace88-9c98-42a0-bbaf-b1ceea1e52c9): drop table if exists nonAcidOrcTbl
2024-04-24T05:15:27,740  INFO [main] txn.TxnHandler: Added entries to MIN_HISTORY_LEVEL for current txns: ([17]) with min_open_txn: 1
2024-04-24T05:15:27,740  INFO [main] lockmgr.DbTxnManager: Opened txnid:17
2024-04-24T05:15:27,740  INFO [main] HiveMetaStore.audit: ugi=alex	ip=unknown-ip-addr	cmd=get_table : tbl=hive.default.nonAcidOrcTbl	
2024-04-24T05:15:27,765  INFO [main] metastore.HMSHandler: Skipping translation for processor with null
2024-04-24T05:15:27,765  INFO [main] ql.Driver: Semantic Analysis Completed (retrial = false)
2024-04-24T05:15:27,765  INFO [main] ql.Driver: Created Hive schema: Schema(fieldSchemas:null, properties:null)
2024-04-24T05:15:27,765  INFO [main] metadata.Hive: Dumping metastore api call timing information for : compilation phase
2024-04-24T05:15:27,765  INFO [main] metadata.Hive: Total time spent in each metastore function (ms): {isCompatibleWith_(Configuration)=0, openTxn_(String, TxnType)=2, commitTxn_(CommitTxnRequest)=10, flushCache_()=0, getValidTxns_(long)=0, getTable_(GetTableRequest)=25}
2024-04-24T05:15:27,765  INFO [main] ql.Driver: Completed compiling command(queryId=alex_20240424051527_e40ace88-9c98-42a0-bbaf-b1ceea1e52c9); Time taken: 0.027 seconds
2024-04-24T05:15:27,766  INFO [main] lockmgr.DbTxnManager: Setting lock request transaction to txnid:17 for queryId=alex_20240424051527_e40ace88-9c98-42a0-bbaf-b1ceea1e52c9
2024-04-24T05:15:27,766  INFO [main] lockmgr.DbLockManager: Requesting lock for queryId=alex_20240424051527_e40ace88-9c98-42a0-bbaf-b1ceea1e52c9
2024-04-24T05:15:27,782  INFO [main] lockmgr.DbLockManager: Response to queryId=alex_20240424051527_e40ace88-9c98-42a0-bbaf-b1ceea1e52c9 LockResponse(lockid:9, state:ACQUIRED)
2024-04-24T05:15:27,782  INFO [main] ql.Driver: Operation DROPTABLE obtained 1 locks
2024-04-24T05:15:27,782  INFO [main] ql.Driver: Executing command(queryId=alex_20240424051527_e40ace88-9c98-42a0-bbaf-b1ceea1e52c9): drop table if exists nonAcidOrcTbl
2024-04-24T05:15:27,782  INFO [main] ql.Driver: Starting task [Stage-0:DDL] in serial mode
2024-04-24T05:15:27,783  INFO [main] HiveMetaStore.audit: ugi=alex	ip=unknown-ip-addr	cmd=get_table : tbl=hive.default.nonAcidOrcTbl	
2024-04-24T05:15:27,791  INFO [main] metastore.HMSHandler: Skipping translation for processor with null
2024-04-24T05:15:27,791  INFO [main] HiveMetaStore.audit: ugi=alex	ip=unknown-ip-addr	cmd=get_table : tbl=hive.default.nonAcidOrcTbl	
2024-04-24T05:15:27,798  INFO [main] metastore.HMSHandler: Skipping translation for processor with null
2024-04-24T05:15:27,799  INFO [main] HiveMetaStore.audit: ugi=alex	ip=unknown-ip-addr	cmd=drop_table : tbl=hive.default.nonAcidOrcTbl	
2024-04-24T05:15:27,897  INFO [main] metadata.Hive: Dumping metastore api call timing information for : execution phase
2024-04-24T05:15:27,897  INFO [main] metadata.Hive: Total time spent in each metastore function (ms): {getTable_(GetTableRequest)=8, dropTable_(String, String, boolean, boolean, boolean)=106, isCompatibleWith_(Configuration)=1}
2024-04-24T05:15:27,897  INFO [main] ql.Driver: Completed executing command(queryId=alex_20240424051527_e40ace88-9c98-42a0-bbaf-b1ceea1e52c9); Time taken: 0.115 seconds
2024-04-24T05:15:27,897  INFO [main] lockmgr.DbTxnManager: Stopped heartbeat for query: alex_20240424051527_e40ace88-9c98-42a0-bbaf-b1ceea1e52c9
2024-04-24T05:15:27,901  INFO [main] txn.TxnHandler: Expected to move at least one record from txn_components to completed_txn_components when committing txn! txnid:17
2024-04-24T05:15:27,908  INFO [main] txn.TxnHandler: Removed transactions: ([17]) from MIN_HISTORY_LEVEL
2024-04-24T05:15:27,908  WARN [main] txn.CompactionTxnHandler: No compaction queue record found for Compaction type transaction commit. txnId:17
2024-04-24T05:15:27,908  INFO [main] ql.TxnCommandsBaseForTests: Running the query: drop table if exists nonAcidOrcTbl2
2024-04-24T05:15:27,909  INFO [main] ql.Driver: Compiling command(queryId=alex_20240424051527_35fe2c39-a5b6-407b-8913-7d1d1cadaaa4): drop table if exists nonAcidOrcTbl2
2024-04-24T05:15:27,911  INFO [main] txn.TxnHandler: Added entries to MIN_HISTORY_LEVEL for current txns: ([18]) with min_open_txn: 4
2024-04-24T05:15:27,911  INFO [main] lockmgr.DbTxnManager: Opened txnid:18
2024-04-24T05:15:27,912  INFO [main] HiveMetaStore.audit: ugi=alex	ip=unknown-ip-addr	cmd=get_table : tbl=hive.default.nonAcidOrcTbl2	
2024-04-24T05:15:27,920  INFO [main] metastore.HMSHandler: Skipping translation for processor with null
2024-04-24T05:15:27,920  INFO [main] ql.Driver: Semantic Analysis Completed (retrial = false)
2024-04-24T05:15:27,920  INFO [main] ql.Driver: Created Hive schema: Schema(fieldSchemas:null, properties:null)
2024-04-24T05:15:27,920  INFO [main] metadata.Hive: Dumping metastore api call timing information for : compilation phase
2024-04-24T05:15:27,920  INFO [main] metadata.Hive: Total time spent in each metastore function (ms): {getTable_(GetTableRequest)=8, getValidTxns_(long)=1, openTxn_(String, TxnType)=2, flushCache_()=0, commitTxn_(CommitTxnRequest)=11, isCompatibleWith_(Configuration)=0}
2024-04-24T05:15:27,921  INFO [main] ql.Driver: Completed compiling command(queryId=alex_20240424051527_35fe2c39-a5b6-407b-8913-7d1d1cadaaa4); Time taken: 0.011 seconds
2024-04-24T05:15:27,921  INFO [main] lockmgr.DbTxnManager: Setting lock request transaction to txnid:18 for queryId=alex_20240424051527_35fe2c39-a5b6-407b-8913-7d1d1cadaaa4
2024-04-24T05:15:27,921  INFO [main] lockmgr.DbLockManager: Requesting lock for queryId=alex_20240424051527_35fe2c39-a5b6-407b-8913-7d1d1cadaaa4
2024-04-24T05:15:27,935  INFO [main] lockmgr.DbLockManager: Response to queryId=alex_20240424051527_35fe2c39-a5b6-407b-8913-7d1d1cadaaa4 LockResponse(lockid:10, state:ACQUIRED)
2024-04-24T05:15:27,935  INFO [main] ql.Driver: Operation DROPTABLE obtained 1 locks
2024-04-24T05:15:27,935  INFO [main] ql.Driver: Executing command(queryId=alex_20240424051527_35fe2c39-a5b6-407b-8913-7d1d1cadaaa4): drop table if exists nonAcidOrcTbl2
2024-04-24T05:15:27,935  INFO [main] ql.Driver: Starting task [Stage-0:DDL] in serial mode
2024-04-24T05:15:27,935  INFO [main] HiveMetaStore.audit: ugi=alex	ip=unknown-ip-addr	cmd=get_table : tbl=hive.default.nonAcidOrcTbl2	
2024-04-24T05:15:27,944  INFO [main] metastore.HMSHandler: Skipping translation for processor with null
2024-04-24T05:15:27,944  INFO [main] HiveMetaStore.audit: ugi=alex	ip=unknown-ip-addr	cmd=get_table : tbl=hive.default.nonAcidOrcTbl2	
2024-04-24T05:15:27,952  INFO [main] metastore.HMSHandler: Skipping translation for processor with null
2024-04-24T05:15:27,953  INFO [main] HiveMetaStore.audit: ugi=alex	ip=unknown-ip-addr	cmd=drop_table : tbl=hive.default.nonAcidOrcTbl2	
2024-04-24T05:15:27,985  INFO [main] metadata.Hive: Dumping metastore api call timing information for : execution phase
2024-04-24T05:15:27,986  INFO [main] metadata.Hive: Total time spent in each metastore function (ms): {dropTable_(String, String, boolean, boolean, boolean)=41, getTable_(GetTableRequest)=9, isCompatibleWith_(Configuration)=0}
2024-04-24T05:15:27,986  INFO [main] ql.Driver: Completed executing command(queryId=alex_20240424051527_35fe2c39-a5b6-407b-8913-7d1d1cadaaa4); Time taken: 0.05 seconds
2024-04-24T05:15:27,986  INFO [main] lockmgr.DbTxnManager: Stopped heartbeat for query: alex_20240424051527_35fe2c39-a5b6-407b-8913-7d1d1cadaaa4
2024-04-24T05:15:27,990  INFO [main] txn.TxnHandler: Expected to move at least one record from txn_components to completed_txn_components when committing txn! txnid:18
2024-04-24T05:15:27,996  INFO [main] txn.TxnHandler: Removed transactions: ([18]) from MIN_HISTORY_LEVEL
2024-04-24T05:15:27,997  WARN [main] txn.CompactionTxnHandler: No compaction queue record found for Compaction type transaction commit. txnId:18
2024-04-24T05:15:27,997  INFO [main] ql.TxnCommandsBaseForTests: Running the query: drop table if exists nonAcidNonBucket
2024-04-24T05:15:27,997  INFO [main] ql.Driver: Compiling command(queryId=alex_20240424051527_9b24fad6-7dea-47d3-a877-89f9fd230193): drop table if exists nonAcidNonBucket
2024-04-24T05:15:27,999  INFO [main] txn.TxnHandler: Added entries to MIN_HISTORY_LEVEL for current txns: ([19]) with min_open_txn: 8
2024-04-24T05:15:28,000  INFO [main] lockmgr.DbTxnManager: Opened txnid:19
2024-04-24T05:15:28,000  INFO [main] HiveMetaStore.audit: ugi=alex	ip=unknown-ip-addr	cmd=get_table : tbl=hive.default.nonAcidNonBucket	
2024-04-24T05:15:28,009  INFO [main] metastore.HMSHandler: Skipping translation for processor with null
2024-04-24T05:15:28,009  INFO [main] ql.Driver: Semantic Analysis Completed (retrial = false)
2024-04-24T05:15:28,009  INFO [main] ql.Driver: Created Hive schema: Schema(fieldSchemas:null, properties:null)
2024-04-24T05:15:28,009  INFO [main] metadata.Hive: Dumping metastore api call timing information for : compilation phase
2024-04-24T05:15:28,009  INFO [main] metadata.Hive: Total time spent in each metastore function (ms): {flushCache_()=1, getTable_(GetTableRequest)=9, isCompatibleWith_(Configuration)=0, commitTxn_(CommitTxnRequest)=11, openTxn_(String, TxnType)=2, getValidTxns_(long)=0}
2024-04-24T05:15:28,009  INFO [main] ql.Driver: Completed compiling command(queryId=alex_20240424051527_9b24fad6-7dea-47d3-a877-89f9fd230193); Time taken: 0.012 seconds
2024-04-24T05:15:28,010  INFO [main] lockmgr.DbTxnManager: Setting lock request transaction to txnid:19 for queryId=alex_20240424051527_9b24fad6-7dea-47d3-a877-89f9fd230193
2024-04-24T05:15:28,010  INFO [main] lockmgr.DbLockManager: Requesting lock for queryId=alex_20240424051527_9b24fad6-7dea-47d3-a877-89f9fd230193
2024-04-24T05:15:28,024  INFO [main] lockmgr.DbLockManager: Response to queryId=alex_20240424051527_9b24fad6-7dea-47d3-a877-89f9fd230193 LockResponse(lockid:11, state:ACQUIRED)
2024-04-24T05:15:28,024  INFO [main] ql.Driver: Operation DROPTABLE obtained 1 locks
2024-04-24T05:15:28,024  INFO [main] ql.Driver: Executing command(queryId=alex_20240424051527_9b24fad6-7dea-47d3-a877-89f9fd230193): drop table if exists nonAcidNonBucket
2024-04-24T05:15:28,025  INFO [main] ql.Driver: Starting task [Stage-0:DDL] in serial mode
2024-04-24T05:15:28,025  INFO [main] HiveMetaStore.audit: ugi=alex	ip=unknown-ip-addr	cmd=get_table : tbl=hive.default.nonAcidNonBucket	
2024-04-24T05:15:28,033  INFO [main] metastore.HMSHandler: Skipping translation for processor with null
2024-04-24T05:15:28,034  INFO [main] HiveMetaStore.audit: ugi=alex	ip=unknown-ip-addr	cmd=get_table : tbl=hive.default.nonAcidNonBucket	
2024-04-24T05:15:28,042  INFO [main] metastore.HMSHandler: Skipping translation for processor with null
2024-04-24T05:15:28,042  INFO [main] HiveMetaStore.audit: ugi=alex	ip=unknown-ip-addr	cmd=drop_table : tbl=hive.default.nonAcidNonBucket	
2024-04-24T05:15:28,074  INFO [main] metadata.Hive: Dumping metastore api call timing information for : execution phase
2024-04-24T05:15:28,074  INFO [main] metadata.Hive: Total time spent in each metastore function (ms): {dropTable_(String, String, boolean, boolean, boolean)=40, getTable_(GetTableRequest)=8, isCompatibleWith_(Configuration)=0}
2024-04-24T05:15:28,074  INFO [main] ql.Driver: Completed executing command(queryId=alex_20240424051527_9b24fad6-7dea-47d3-a877-89f9fd230193); Time taken: 0.049 seconds
2024-04-24T05:15:28,074  INFO [main] lockmgr.DbTxnManager: Stopped heartbeat for query: alex_20240424051527_9b24fad6-7dea-47d3-a877-89f9fd230193
2024-04-24T05:15:28,078  INFO [main] txn.TxnHandler: Expected to move at least one record from txn_components to completed_txn_components when committing txn! txnid:19
2024-04-24T05:15:28,084  INFO [main] txn.TxnHandler: Removed transactions: ([19]) from MIN_HISTORY_LEVEL
2024-04-24T05:15:28,085  WARN [main] txn.CompactionTxnHandler: No compaction queue record found for Compaction type transaction commit. txnId:19
2024-04-24T05:15:28,085  INFO [main] utils.TestTxnDbUtil: Cleaning transactional tables
]]></system-err>
  </testcase>
  <testcase name="testMergeOnTezEdges" classname="org.apache.hadoop.hive.ql.TestTxnCommandsWithSplitUpdateAndVectorization" time="1.517">
    <error type="java.lang.RuntimeException"><![CDATA[java.lang.RuntimeException: explain merge into acidTbl as t using nonAcidOrcTbl s ON t.a = s.a WHEN MATCHED AND s.a > 8 THEN DELETE WHEN MATCHED THEN UPDATE SET b = 7 WHEN NOT MATCHED THEN INSERT VALUES(s.a, s.b)  failed: (responseCode = 40000, errorMessage = FAILED: NoMatchingMethodException No matching method for class org.apache.hadoop.hive.ql.udf.UDFToInteger with (struct<writeid:bigint,bucketid:int,rowid:bigint>). Possible choices: _FUNC_(bigint)  _FUNC_(boolean)  _FUNC_(decimal(38,18))  _FUNC_(double)  _FUNC_(float)  _FUNC_(smallint)  _FUNC_(string)  _FUNC_(struct<writeid:bigint,rowid:int,bucketid:bigint>)  _FUNC_(timestamp)  _FUNC_(tinyint)  _FUNC_(void)  , hiveErrorCode = 40000, SQLState = 42000, exception = No matching method for class org.apache.hadoop.hive.ql.udf.UDFToInteger with (struct<writeid:bigint,bucketid:int,rowid:bigint>). Possible choices: _FUNC_(bigint)  _FUNC_(boolean)  _FUNC_(decimal(38,18))  _FUNC_(double)  _FUNC_(float)  _FUNC_(smallint)  _FUNC_(string)  _FUNC_(struct<writeid:bigint,rowid:int,bucketid:bigint>)  _FUNC_(timestamp)  _FUNC_(tinyint)  _FUNC_(void)  )
	at org.apache.hadoop.hive.ql.TxnCommandsBaseForTests.runStatementOnDriver(TxnCommandsBaseForTests.java:247)
	at org.apache.hadoop.hive.ql.TestTxnCommands.testMergeOnTezEdges(TestTxnCommands.java:1198)
	at sun.reflect.NativeMethodAccessorImpl.invoke0(Native Method)
	at sun.reflect.NativeMethodAccessorImpl.invoke(NativeMethodAccessorImpl.java:62)
	at sun.reflect.DelegatingMethodAccessorImpl.invoke(DelegatingMethodAccessorImpl.java:43)
	at java.lang.reflect.Method.invoke(Method.java:498)
	at org.junit.runners.model.FrameworkMethod$1.runReflectiveCall(FrameworkMethod.java:59)
	at org.junit.internal.runners.model.ReflectiveCallable.run(ReflectiveCallable.java:12)
	at org.junit.runners.model.FrameworkMethod.invokeExplosively(FrameworkMethod.java:56)
	at org.junit.internal.runners.statements.InvokeMethod.evaluate(InvokeMethod.java:17)
	at org.junit.internal.runners.statements.RunBefores.evaluate(RunBefores.java:26)
	at org.junit.internal.runners.statements.RunAfters.evaluate(RunAfters.java:27)
	at org.junit.rules.TestWatcher$1.evaluate(TestWatcher.java:61)
	at org.junit.runners.ParentRunner$3.evaluate(ParentRunner.java:306)
	at org.junit.runners.BlockJUnit4ClassRunner$1.evaluate(BlockJUnit4ClassRunner.java:100)
	at org.junit.runners.ParentRunner.runLeaf(ParentRunner.java:366)
	at org.junit.runners.BlockJUnit4ClassRunner.runChild(BlockJUnit4ClassRunner.java:103)
	at org.junit.runners.BlockJUnit4ClassRunner.runChild(BlockJUnit4ClassRunner.java:63)
	at org.junit.runners.ParentRunner$4.run(ParentRunner.java:331)
	at org.junit.runners.ParentRunner$1.schedule(ParentRunner.java:79)
	at org.junit.runners.ParentRunner.runChildren(ParentRunner.java:329)
	at org.junit.runners.ParentRunner.access$100(ParentRunner.java:66)
	at org.junit.runners.ParentRunner$2.evaluate(ParentRunner.java:293)
	at org.junit.runners.ParentRunner$3.evaluate(ParentRunner.java:306)
	at org.junit.runners.ParentRunner.run(ParentRunner.java:413)
	at org.junit.runner.JUnitCore.run(JUnitCore.java:137)
	at org.junit.runner.JUnitCore.run(JUnitCore.java:115)
	at org.junit.vintage.engine.execution.RunnerExecutor.execute(RunnerExecutor.java:43)
	at java.util.stream.ForEachOps$ForEachOp$OfRef.accept(ForEachOps.java:183)
	at java.util.stream.ReferencePipeline$3$1.accept(ReferencePipeline.java:193)
	at java.util.Iterator.forEachRemaining(Iterator.java:116)
	at java.util.Spliterators$IteratorSpliterator.forEachRemaining(Spliterators.java:1801)
	at java.util.stream.AbstractPipeline.copyInto(AbstractPipeline.java:482)
	at java.util.stream.AbstractPipeline.wrapAndCopyInto(AbstractPipeline.java:472)
	at java.util.stream.ForEachOps$ForEachOp.evaluateSequential(ForEachOps.java:150)
	at java.util.stream.ForEachOps$ForEachOp$OfRef.evaluateSequential(ForEachOps.java:173)
	at java.util.stream.AbstractPipeline.evaluate(AbstractPipeline.java:234)
	at java.util.stream.ReferencePipeline.forEach(ReferencePipeline.java:485)
	at org.junit.vintage.engine.VintageTestEngine.executeAllChildren(VintageTestEngine.java:82)
	at org.junit.vintage.engine.VintageTestEngine.execute(VintageTestEngine.java:73)
	at org.junit.platform.launcher.core.DefaultLauncher.execute(DefaultLauncher.java:248)
	at org.junit.platform.launcher.core.DefaultLauncher.lambda$execute$5(DefaultLauncher.java:211)
	at org.junit.platform.launcher.core.DefaultLauncher.withInterceptedStreams(DefaultLauncher.java:226)
	at org.junit.platform.launcher.core.DefaultLauncher.execute(DefaultLauncher.java:199)
	at org.junit.platform.launcher.core.DefaultLauncher.execute(DefaultLauncher.java:132)
	at org.apache.maven.surefire.junitplatform.JUnitPlatformProvider.invokeAllTests(JUnitPlatformProvider.java:154)
	at org.apache.maven.surefire.junitplatform.JUnitPlatformProvider.invoke(JUnitPlatformProvider.java:123)
	at org.apache.maven.surefire.booter.ForkedBooter.runSuitesInProcess(ForkedBooter.java:377)
	at org.apache.maven.surefire.booter.ForkedBooter.execute(ForkedBooter.java:138)
	at org.apache.maven.surefire.booter.ForkedBooter.run(ForkedBooter.java:465)
	at org.apache.maven.surefire.booter.ForkedBooter.main(ForkedBooter.java:451)
]]></error>
    <system-err><![CDATA[2024-04-24T05:15:28,149  WARN [main] conf.HiveConf: HiveConf of name hive.metastore.client.cache.maxSize does not exist
2024-04-24T05:15:28,149  WARN [main] conf.HiveConf: HiveConf of name hive.dummyparam.test.server.specific.config.metastoresite does not exist
2024-04-24T05:15:28,149  WARN [main] conf.HiveConf: HiveConf of name hive.metastore.client.cache.recordStats does not exist
2024-04-24T05:15:28,149  WARN [main] conf.HiveConf: HiveConf of name hive.llap.io.cache.orc.alloc.min does not exist
2024-04-24T05:15:28,149  WARN [main] conf.HiveConf: HiveConf of name hive.metastore.metadb.dir does not exist
2024-04-24T05:15:28,149  WARN [main] conf.HiveConf: HiveConf of name hive.dummyparam.test.server.specific.config.hivesite does not exist
2024-04-24T05:15:28,150  WARN [main] conf.HiveConf: HiveConf of name hive.llap.io.cache.orc.arena.size does not exist
2024-04-24T05:15:28,150  WARN [main] conf.HiveConf: HiveConf of name hive.llap.io.cache.orc.size does not exist
2024-04-24T05:15:28,150  WARN [main] conf.HiveConf: HiveConf of name hive.stats.key.prefix.reserve.length does not exist
2024-04-24T05:15:28,150  WARN [main] conf.HiveConf: HiveConf of name hive.dummyparam.test.server.specific.config.override does not exist
2024-04-24T05:15:28,150  WARN [main] conf.HiveConf: HiveConf of name hive.llap.io.cache.orc.alloc.max does not exist
2024-04-24T05:15:28,152  INFO [main] utils.TestTxnDbUtil: Creating transactional tables
Hive Session ID = 9c2a2dfc-df90-4fe2-99e2-0fb78eac00b4
2024-04-24T05:15:28,154  INFO [main] SessionState: Hive Session ID = 9c2a2dfc-df90-4fe2-99e2-0fb78eac00b4
ivysettings.xml file not found in HIVE_HOME or HIVE_CONF_DIR,/home/alex/Repositories/hive/conf/ivysettings.xml will be used
2024-04-24T05:15:28,155  INFO [main] DependencyResolver: ivysettings.xml file not found in HIVE_HOME or HIVE_CONF_DIR,/home/alex/Repositories/hive/conf/ivysettings.xml will be used
2024-04-24T05:15:28,160  INFO [main] session.SessionState: Created HDFS directory: /home/alex/Repositories/hive/ql/target/tmp/scratchdir/alex/9c2a2dfc-df90-4fe2-99e2-0fb78eac00b4
2024-04-24T05:15:28,162  INFO [main] session.SessionState: Created local directory: /home/alex/Repositories/hive/ql/target/tmp/localscratchdir/9c2a2dfc-df90-4fe2-99e2-0fb78eac00b4
2024-04-24T05:15:28,164  INFO [main] session.SessionState: Created HDFS directory: /home/alex/Repositories/hive/ql/target/tmp/scratchdir/alex/9c2a2dfc-df90-4fe2-99e2-0fb78eac00b4/_tmp_space.db
2024-04-24T05:15:28,164  INFO [main] sqlstd.SQLStdHiveAccessController: Created SQLStdHiveAccessController for session context : HiveAuthzSessionContext [sessionString=9c2a2dfc-df90-4fe2-99e2-0fb78eac00b4, clientType=HIVECLI]
2024-04-24T05:15:28,165  INFO [main] ql.TxnCommandsBaseForTests: Running the query: drop table if exists acidTbl
2024-04-24T05:15:28,165  INFO [main] ql.Driver: Compiling command(queryId=alex_20240424051528_aa5fb665-212f-4c13-a1e4-3b8bc30e2c02): drop table if exists acidTbl
2024-04-24T05:15:28,173  INFO [main] txn.TxnHandler: Added entries to MIN_HISTORY_LEVEL for current txns: ([1]) with min_open_txn: 1
2024-04-24T05:15:28,173  INFO [main] lockmgr.DbTxnManager: Opened txnid:1
2024-04-24T05:15:28,175  INFO [main] HiveMetaStore.audit: ugi=alex	ip=unknown-ip-addr	cmd=get_table : tbl=hive.default.acidTbl	
2024-04-24T05:15:28,180  INFO [main] ql.Driver: Semantic Analysis Completed (retrial = false)
2024-04-24T05:15:28,180  INFO [main] ql.Driver: Created Hive schema: Schema(fieldSchemas:null, properties:null)
2024-04-24T05:15:28,181  INFO [main] metadata.Hive: Dumping metastore api call timing information for : compilation phase
2024-04-24T05:15:28,181  INFO [main] metadata.Hive: Total time spent in each metastore function (ms): {flushCache_()=0, commitTxn_(CommitTxnRequest)=11, isCompatibleWith_(Configuration)=2, openTxn_(String, TxnType)=8, getValidTxns_(long)=1}
2024-04-24T05:15:28,181  INFO [main] ql.Driver: Completed compiling command(queryId=alex_20240424051528_aa5fb665-212f-4c13-a1e4-3b8bc30e2c02); Time taken: 0.016 seconds
2024-04-24T05:15:28,181  INFO [main] lockmgr.DbTxnManager: Setting lock request transaction to txnid:1 for queryId=alex_20240424051528_aa5fb665-212f-4c13-a1e4-3b8bc30e2c02
2024-04-24T05:15:28,181  INFO [main] ql.Driver: Operation DROPTABLE obtained 0 locks
2024-04-24T05:15:28,181  INFO [main] ql.Driver: Executing command(queryId=alex_20240424051528_aa5fb665-212f-4c13-a1e4-3b8bc30e2c02): drop table if exists acidTbl
2024-04-24T05:15:28,181  INFO [main] ql.Driver: Starting task [Stage-0:DDL] in serial mode
2024-04-24T05:15:28,181  INFO [main] HiveMetaStore.audit: ugi=alex	ip=unknown-ip-addr	cmd=get_table : tbl=hive.default.acidTbl	
2024-04-24T05:15:28,184  INFO [main] metadata.Hive: Dumping metastore api call timing information for : execution phase
2024-04-24T05:15:28,184  INFO [main] metadata.Hive: Total time spent in each metastore function (ms): {isCompatibleWith_(Configuration)=0}
2024-04-24T05:15:28,184  INFO [main] ql.Driver: Completed executing command(queryId=alex_20240424051528_aa5fb665-212f-4c13-a1e4-3b8bc30e2c02); Time taken: 0.003 seconds
2024-04-24T05:15:28,184  INFO [main] lockmgr.DbTxnManager: Stopped heartbeat for query: alex_20240424051528_aa5fb665-212f-4c13-a1e4-3b8bc30e2c02
2024-04-24T05:15:28,189  INFO [main] txn.TxnHandler: Expected to move at least one record from txn_components to completed_txn_components when committing txn! txnid:1
2024-04-24T05:15:28,196  INFO [main] txn.TxnHandler: Removed transactions: ([1]) from MIN_HISTORY_LEVEL
2024-04-24T05:15:28,196  WARN [main] txn.CompactionTxnHandler: No compaction queue record found for Compaction type transaction commit. txnId:1
2024-04-24T05:15:28,197  INFO [main] ql.TxnCommandsBaseForTests: Running the query: drop table if exists acidTblPart
2024-04-24T05:15:28,197  INFO [main] ql.Driver: Compiling command(queryId=alex_20240424051528_aee8b812-1738-43ef-9587-3ff1cb654ba6): drop table if exists acidTblPart
2024-04-24T05:15:28,199  INFO [main] txn.TxnHandler: Added entries to MIN_HISTORY_LEVEL for current txns: ([2]) with min_open_txn: 1
2024-04-24T05:15:28,199  INFO [main] lockmgr.DbTxnManager: Opened txnid:2
2024-04-24T05:15:28,199  INFO [main] HiveMetaStore.audit: ugi=alex	ip=unknown-ip-addr	cmd=get_table : tbl=hive.default.acidTblPart	
2024-04-24T05:15:28,202  INFO [main] ql.Driver: Semantic Analysis Completed (retrial = false)
2024-04-24T05:15:28,202  INFO [main] ql.Driver: Created Hive schema: Schema(fieldSchemas:null, properties:null)
2024-04-24T05:15:28,202  INFO [main] metadata.Hive: Dumping metastore api call timing information for : compilation phase
2024-04-24T05:15:28,203  INFO [main] metadata.Hive: Total time spent in each metastore function (ms): {commitTxn_(CommitTxnRequest)=11, flushCache_()=0, getValidTxns_(long)=0, isCompatibleWith_(Configuration)=0, openTxn_(String, TxnType)=2}
2024-04-24T05:15:28,203  INFO [main] ql.Driver: Completed compiling command(queryId=alex_20240424051528_aee8b812-1738-43ef-9587-3ff1cb654ba6); Time taken: 0.005 seconds
2024-04-24T05:15:28,203  INFO [main] lockmgr.DbTxnManager: Setting lock request transaction to txnid:2 for queryId=alex_20240424051528_aee8b812-1738-43ef-9587-3ff1cb654ba6
2024-04-24T05:15:28,203  INFO [main] ql.Driver: Operation DROPTABLE obtained 0 locks
2024-04-24T05:15:28,203  INFO [main] ql.Driver: Executing command(queryId=alex_20240424051528_aee8b812-1738-43ef-9587-3ff1cb654ba6): drop table if exists acidTblPart
2024-04-24T05:15:28,203  INFO [main] ql.Driver: Starting task [Stage-0:DDL] in serial mode
2024-04-24T05:15:28,203  INFO [main] HiveMetaStore.audit: ugi=alex	ip=unknown-ip-addr	cmd=get_table : tbl=hive.default.acidTblPart	
2024-04-24T05:15:28,206  INFO [main] metadata.Hive: Dumping metastore api call timing information for : execution phase
2024-04-24T05:15:28,206  INFO [main] metadata.Hive: Total time spent in each metastore function (ms): {isCompatibleWith_(Configuration)=0}
2024-04-24T05:15:28,207  INFO [main] ql.Driver: Completed executing command(queryId=alex_20240424051528_aee8b812-1738-43ef-9587-3ff1cb654ba6); Time taken: 0.003 seconds
2024-04-24T05:15:28,207  INFO [main] lockmgr.DbTxnManager: Stopped heartbeat for query: alex_20240424051528_aee8b812-1738-43ef-9587-3ff1cb654ba6
2024-04-24T05:15:28,212  INFO [main] txn.TxnHandler: Expected to move at least one record from txn_components to completed_txn_components when committing txn! txnid:2
2024-04-24T05:15:28,218  INFO [main] txn.TxnHandler: Removed transactions: ([2]) from MIN_HISTORY_LEVEL
2024-04-24T05:15:28,218  WARN [main] txn.CompactionTxnHandler: No compaction queue record found for Compaction type transaction commit. txnId:2
2024-04-24T05:15:28,219  INFO [main] ql.TxnCommandsBaseForTests: Running the query: drop table if exists acidTbl2
2024-04-24T05:15:28,219  INFO [main] ql.Driver: Compiling command(queryId=alex_20240424051528_a52bf9dc-159c-488f-b9a3-de70b681ced1): drop table if exists acidTbl2
2024-04-24T05:15:28,221  INFO [main] txn.TxnHandler: Added entries to MIN_HISTORY_LEVEL for current txns: ([3]) with min_open_txn: 1
2024-04-24T05:15:28,221  INFO [main] lockmgr.DbTxnManager: Opened txnid:3
2024-04-24T05:15:28,221  INFO [main] HiveMetaStore.audit: ugi=alex	ip=unknown-ip-addr	cmd=get_table : tbl=hive.default.acidTbl2	
2024-04-24T05:15:28,224  INFO [main] ql.Driver: Semantic Analysis Completed (retrial = false)
2024-04-24T05:15:28,224  INFO [main] ql.Driver: Created Hive schema: Schema(fieldSchemas:null, properties:null)
2024-04-24T05:15:28,224  INFO [main] metadata.Hive: Dumping metastore api call timing information for : compilation phase
2024-04-24T05:15:28,225  INFO [main] metadata.Hive: Total time spent in each metastore function (ms): {flushCache_()=0, getValidTxns_(long)=0, openTxn_(String, TxnType)=2, isCompatibleWith_(Configuration)=0, commitTxn_(CommitTxnRequest)=11}
2024-04-24T05:15:28,225  INFO [main] ql.Driver: Completed compiling command(queryId=alex_20240424051528_a52bf9dc-159c-488f-b9a3-de70b681ced1); Time taken: 0.005 seconds
2024-04-24T05:15:28,225  INFO [main] lockmgr.DbTxnManager: Setting lock request transaction to txnid:3 for queryId=alex_20240424051528_a52bf9dc-159c-488f-b9a3-de70b681ced1
2024-04-24T05:15:28,225  INFO [main] ql.Driver: Operation DROPTABLE obtained 0 locks
2024-04-24T05:15:28,225  INFO [main] ql.Driver: Executing command(queryId=alex_20240424051528_a52bf9dc-159c-488f-b9a3-de70b681ced1): drop table if exists acidTbl2
2024-04-24T05:15:28,225  INFO [main] ql.Driver: Starting task [Stage-0:DDL] in serial mode
2024-04-24T05:15:28,225  INFO [main] HiveMetaStore.audit: ugi=alex	ip=unknown-ip-addr	cmd=get_table : tbl=hive.default.acidTbl2	
2024-04-24T05:15:28,228  INFO [main] metadata.Hive: Dumping metastore api call timing information for : execution phase
2024-04-24T05:15:28,228  INFO [main] metadata.Hive: Total time spent in each metastore function (ms): {isCompatibleWith_(Configuration)=0}
2024-04-24T05:15:28,229  INFO [main] ql.Driver: Completed executing command(queryId=alex_20240424051528_a52bf9dc-159c-488f-b9a3-de70b681ced1); Time taken: 0.003 seconds
2024-04-24T05:15:28,229  INFO [main] lockmgr.DbTxnManager: Stopped heartbeat for query: alex_20240424051528_a52bf9dc-159c-488f-b9a3-de70b681ced1
2024-04-24T05:15:28,234  INFO [main] txn.TxnHandler: Expected to move at least one record from txn_components to completed_txn_components when committing txn! txnid:3
2024-04-24T05:15:28,240  INFO [main] txn.TxnHandler: Removed transactions: ([3]) from MIN_HISTORY_LEVEL
2024-04-24T05:15:28,240  WARN [main] txn.CompactionTxnHandler: No compaction queue record found for Compaction type transaction commit. txnId:3
2024-04-24T05:15:28,240  INFO [main] ql.TxnCommandsBaseForTests: Running the query: drop table if exists nonAcidOrcTbl
2024-04-24T05:15:28,240  INFO [main] ql.Driver: Compiling command(queryId=alex_20240424051528_1df6e1e0-c149-41fb-bc59-8f07fbb546a7): drop table if exists nonAcidOrcTbl
2024-04-24T05:15:28,242  INFO [main] txn.TxnHandler: Added entries to MIN_HISTORY_LEVEL for current txns: ([4]) with min_open_txn: 1
2024-04-24T05:15:28,242  INFO [main] lockmgr.DbTxnManager: Opened txnid:4
2024-04-24T05:15:28,243  INFO [main] HiveMetaStore.audit: ugi=alex	ip=unknown-ip-addr	cmd=get_table : tbl=hive.default.nonAcidOrcTbl	
2024-04-24T05:15:28,246  INFO [main] ql.Driver: Semantic Analysis Completed (retrial = false)
2024-04-24T05:15:28,246  INFO [main] ql.Driver: Created Hive schema: Schema(fieldSchemas:null, properties:null)
2024-04-24T05:15:28,246  INFO [main] metadata.Hive: Dumping metastore api call timing information for : compilation phase
2024-04-24T05:15:28,246  INFO [main] metadata.Hive: Total time spent in each metastore function (ms): {flushCache_()=1, openTxn_(String, TxnType)=1, isCompatibleWith_(Configuration)=0, commitTxn_(CommitTxnRequest)=11, getValidTxns_(long)=0}
2024-04-24T05:15:28,246  INFO [main] ql.Driver: Completed compiling command(queryId=alex_20240424051528_1df6e1e0-c149-41fb-bc59-8f07fbb546a7); Time taken: 0.006 seconds
2024-04-24T05:15:28,246  INFO [main] lockmgr.DbTxnManager: Setting lock request transaction to txnid:4 for queryId=alex_20240424051528_1df6e1e0-c149-41fb-bc59-8f07fbb546a7
2024-04-24T05:15:28,246  INFO [main] ql.Driver: Operation DROPTABLE obtained 0 locks
2024-04-24T05:15:28,246  INFO [main] ql.Driver: Executing command(queryId=alex_20240424051528_1df6e1e0-c149-41fb-bc59-8f07fbb546a7): drop table if exists nonAcidOrcTbl
2024-04-24T05:15:28,246  INFO [main] ql.Driver: Starting task [Stage-0:DDL] in serial mode
2024-04-24T05:15:28,247  INFO [main] HiveMetaStore.audit: ugi=alex	ip=unknown-ip-addr	cmd=get_table : tbl=hive.default.nonAcidOrcTbl	
2024-04-24T05:15:28,249  INFO [main] metadata.Hive: Dumping metastore api call timing information for : execution phase
2024-04-24T05:15:28,250  INFO [main] metadata.Hive: Total time spent in each metastore function (ms): {isCompatibleWith_(Configuration)=1}
2024-04-24T05:15:28,250  INFO [main] ql.Driver: Completed executing command(queryId=alex_20240424051528_1df6e1e0-c149-41fb-bc59-8f07fbb546a7); Time taken: 0.003 seconds
2024-04-24T05:15:28,250  INFO [main] lockmgr.DbTxnManager: Stopped heartbeat for query: alex_20240424051528_1df6e1e0-c149-41fb-bc59-8f07fbb546a7
2024-04-24T05:15:28,255  INFO [main] txn.TxnHandler: Expected to move at least one record from txn_components to completed_txn_components when committing txn! txnid:4
2024-04-24T05:15:28,261  INFO [main] txn.TxnHandler: Removed transactions: ([4]) from MIN_HISTORY_LEVEL
2024-04-24T05:15:28,261  WARN [main] txn.CompactionTxnHandler: No compaction queue record found for Compaction type transaction commit. txnId:4
2024-04-24T05:15:28,262  INFO [main] ql.TxnCommandsBaseForTests: Running the query: drop table if exists nonAcidOrcTbl2
2024-04-24T05:15:28,262  INFO [main] ql.Driver: Compiling command(queryId=alex_20240424051528_477f601c-4436-4bf2-acf0-d411c63cff18): drop table if exists nonAcidOrcTbl2
2024-04-24T05:15:28,264  INFO [main] txn.TxnHandler: Added entries to MIN_HISTORY_LEVEL for current txns: ([5]) with min_open_txn: 1
2024-04-24T05:15:28,264  INFO [main] lockmgr.DbTxnManager: Opened txnid:5
2024-04-24T05:15:28,265  INFO [main] HiveMetaStore.audit: ugi=alex	ip=unknown-ip-addr	cmd=get_table : tbl=hive.default.nonAcidOrcTbl2	
2024-04-24T05:15:28,267  INFO [main] ql.Driver: Semantic Analysis Completed (retrial = false)
2024-04-24T05:15:28,267  INFO [main] ql.Driver: Created Hive schema: Schema(fieldSchemas:null, properties:null)
2024-04-24T05:15:28,267  INFO [main] metadata.Hive: Dumping metastore api call timing information for : compilation phase
2024-04-24T05:15:28,267  INFO [main] metadata.Hive: Total time spent in each metastore function (ms): {openTxn_(String, TxnType)=2, getValidTxns_(long)=0, flushCache_()=0, isCompatibleWith_(Configuration)=0, commitTxn_(CommitTxnRequest)=12}
2024-04-24T05:15:28,268  INFO [main] ql.Driver: Completed compiling command(queryId=alex_20240424051528_477f601c-4436-4bf2-acf0-d411c63cff18); Time taken: 0.005 seconds
2024-04-24T05:15:28,268  INFO [main] lockmgr.DbTxnManager: Setting lock request transaction to txnid:5 for queryId=alex_20240424051528_477f601c-4436-4bf2-acf0-d411c63cff18
2024-04-24T05:15:28,268  INFO [main] ql.Driver: Operation DROPTABLE obtained 0 locks
2024-04-24T05:15:28,268  INFO [main] ql.Driver: Executing command(queryId=alex_20240424051528_477f601c-4436-4bf2-acf0-d411c63cff18): drop table if exists nonAcidOrcTbl2
2024-04-24T05:15:28,268  INFO [main] ql.Driver: Starting task [Stage-0:DDL] in serial mode
2024-04-24T05:15:28,268  INFO [main] HiveMetaStore.audit: ugi=alex	ip=unknown-ip-addr	cmd=get_table : tbl=hive.default.nonAcidOrcTbl2	
2024-04-24T05:15:28,271  INFO [main] metadata.Hive: Dumping metastore api call timing information for : execution phase
2024-04-24T05:15:28,271  INFO [main] metadata.Hive: Total time spent in each metastore function (ms): {isCompatibleWith_(Configuration)=0}
2024-04-24T05:15:28,271  INFO [main] ql.Driver: Completed executing command(queryId=alex_20240424051528_477f601c-4436-4bf2-acf0-d411c63cff18); Time taken: 0.003 seconds
2024-04-24T05:15:28,271  INFO [main] lockmgr.DbTxnManager: Stopped heartbeat for query: alex_20240424051528_477f601c-4436-4bf2-acf0-d411c63cff18
2024-04-24T05:15:28,276  INFO [main] txn.TxnHandler: Expected to move at least one record from txn_components to completed_txn_components when committing txn! txnid:5
2024-04-24T05:15:28,281  INFO [main] txn.TxnHandler: Removed transactions: ([5]) from MIN_HISTORY_LEVEL
2024-04-24T05:15:28,281  WARN [main] txn.CompactionTxnHandler: No compaction queue record found for Compaction type transaction commit. txnId:5
2024-04-24T05:15:28,281  INFO [main] ql.TxnCommandsBaseForTests: Running the query: drop table if exists nonAcidNonBucket
2024-04-24T05:15:28,282  INFO [main] ql.Driver: Compiling command(queryId=alex_20240424051528_fb72d892-770d-40c4-bb71-7e2117b08c4a): drop table if exists nonAcidNonBucket
2024-04-24T05:15:28,284  INFO [main] txn.TxnHandler: Added entries to MIN_HISTORY_LEVEL for current txns: ([6]) with min_open_txn: 1
2024-04-24T05:15:28,284  INFO [main] lockmgr.DbTxnManager: Opened txnid:6
2024-04-24T05:15:28,284  INFO [main] HiveMetaStore.audit: ugi=alex	ip=unknown-ip-addr	cmd=get_table : tbl=hive.default.nonAcidNonBucket	
2024-04-24T05:15:28,287  INFO [main] ql.Driver: Semantic Analysis Completed (retrial = false)
2024-04-24T05:15:28,287  INFO [main] ql.Driver: Created Hive schema: Schema(fieldSchemas:null, properties:null)
2024-04-24T05:15:28,287  INFO [main] metadata.Hive: Dumping metastore api call timing information for : compilation phase
2024-04-24T05:15:28,288  INFO [main] metadata.Hive: Total time spent in each metastore function (ms): {flushCache_()=0, openTxn_(String, TxnType)=2, isCompatibleWith_(Configuration)=1, commitTxn_(CommitTxnRequest)=9, getValidTxns_(long)=0}
2024-04-24T05:15:28,288  INFO [main] ql.Driver: Completed compiling command(queryId=alex_20240424051528_fb72d892-770d-40c4-bb71-7e2117b08c4a); Time taken: 0.005 seconds
2024-04-24T05:15:28,288  INFO [main] lockmgr.DbTxnManager: Setting lock request transaction to txnid:6 for queryId=alex_20240424051528_fb72d892-770d-40c4-bb71-7e2117b08c4a
2024-04-24T05:15:28,288  INFO [main] ql.Driver: Operation DROPTABLE obtained 0 locks
2024-04-24T05:15:28,288  INFO [main] ql.Driver: Executing command(queryId=alex_20240424051528_fb72d892-770d-40c4-bb71-7e2117b08c4a): drop table if exists nonAcidNonBucket
2024-04-24T05:15:28,288  INFO [main] ql.Driver: Starting task [Stage-0:DDL] in serial mode
2024-04-24T05:15:28,289  INFO [main] HiveMetaStore.audit: ugi=alex	ip=unknown-ip-addr	cmd=get_table : tbl=hive.default.nonAcidNonBucket	
2024-04-24T05:15:28,291  INFO [main] metadata.Hive: Dumping metastore api call timing information for : execution phase
2024-04-24T05:15:28,292  INFO [main] metadata.Hive: Total time spent in each metastore function (ms): {isCompatibleWith_(Configuration)=0}
2024-04-24T05:15:28,292  INFO [main] ql.Driver: Completed executing command(queryId=alex_20240424051528_fb72d892-770d-40c4-bb71-7e2117b08c4a); Time taken: 0.003 seconds
2024-04-24T05:15:28,292  INFO [main] lockmgr.DbTxnManager: Stopped heartbeat for query: alex_20240424051528_fb72d892-770d-40c4-bb71-7e2117b08c4a
2024-04-24T05:15:28,297  INFO [main] txn.TxnHandler: Expected to move at least one record from txn_components to completed_txn_components when committing txn! txnid:6
2024-04-24T05:15:28,302  INFO [main] txn.TxnHandler: Removed transactions: ([6]) from MIN_HISTORY_LEVEL
2024-04-24T05:15:28,302  WARN [main] txn.CompactionTxnHandler: No compaction queue record found for Compaction type transaction commit. txnId:6
2024-04-24T05:15:28,303  INFO [main] ql.TxnCommandsBaseForTests: Running the query: create table acidTbl(a int, b int) clustered by (a) into 2 buckets stored as orc TBLPROPERTIES ('transactional'='true')
2024-04-24T05:15:28,303  INFO [main] ql.Driver: Compiling command(queryId=alex_20240424051528_f1f1459d-74b2-40af-a671-363937cfe751): create table acidTbl(a int, b int) clustered by (a) into 2 buckets stored as orc TBLPROPERTIES ('transactional'='true')
2024-04-24T05:15:28,305  INFO [main] txn.TxnHandler: Added entries to MIN_HISTORY_LEVEL for current txns: ([7]) with min_open_txn: 1
2024-04-24T05:15:28,305  INFO [main] lockmgr.DbTxnManager: Opened txnid:7
2024-04-24T05:15:28,306  INFO [main] parse.CalcitePlanner: Starting caching scope for: 
2024-04-24T05:15:28,306  INFO [main] parse.CalcitePlanner: Starting Semantic Analysis
2024-04-24T05:15:28,311  INFO [main] parse.CalcitePlanner: Creating table default.acidTbl position=13
2024-04-24T05:15:28,311  INFO [main] HiveMetaStore.audit: ugi=alex	ip=unknown-ip-addr	cmd=get_database: default	
2024-04-24T05:15:28,313  INFO [main] parse.CalcitePlanner: Ending caching scope for: 
2024-04-24T05:15:28,313  INFO [main] ql.Driver: Semantic Analysis Completed (retrial = false)
2024-04-24T05:15:28,313  INFO [main] ql.Driver: Created Hive schema: Schema(fieldSchemas:null, properties:null)
2024-04-24T05:15:28,313  INFO [main] metadata.Hive: Dumping metastore api call timing information for : compilation phase
2024-04-24T05:15:28,313  INFO [main] metadata.Hive: Total time spent in each metastore function (ms): {flushCache_()=0, commitTxn_(CommitTxnRequest)=10, getDatabase_(String)=2, getValidTxns_(long)=1, openTxn_(String, TxnType)=2, getValidWriteIds_(List, String)=5, isCompatibleWith_(Configuration)=0}
2024-04-24T05:15:28,313  INFO [main] ql.Driver: Completed compiling command(queryId=alex_20240424051528_f1f1459d-74b2-40af-a671-363937cfe751); Time taken: 0.01 seconds
2024-04-24T05:15:28,313  INFO [main] lockmgr.DbTxnManager: Setting lock request transaction to txnid:7 for queryId=alex_20240424051528_f1f1459d-74b2-40af-a671-363937cfe751
2024-04-24T05:15:28,314  INFO [main] lockmgr.DbLockManager: Requesting lock for queryId=alex_20240424051528_f1f1459d-74b2-40af-a671-363937cfe751
2024-04-24T05:15:28,329  INFO [main] lockmgr.DbLockManager: Response to queryId=alex_20240424051528_f1f1459d-74b2-40af-a671-363937cfe751 LockResponse(lockid:1, state:ACQUIRED)
2024-04-24T05:15:28,329  INFO [main] ql.Driver: Operation CREATETABLE obtained 1 locks
2024-04-24T05:15:28,330  INFO [main] ql.Driver: Executing command(queryId=alex_20240424051528_f1f1459d-74b2-40af-a671-363937cfe751): create table acidTbl(a int, b int) clustered by (a) into 2 buckets stored as orc TBLPROPERTIES ('transactional'='true')
2024-04-24T05:15:28,330  INFO [main] ql.Driver: Starting task [Stage-0:DDL] in serial mode
2024-04-24T05:15:28,331  INFO [main] HiveMetaStore.audit: ugi=alex	ip=unknown-ip-addr	cmd=create_table_req: Table(tableName:acidTbl, dbName:default, owner:alex, createTime:1713960928, lastAccessTime:0, retention:0, sd:StorageDescriptor(cols:[FieldSchema(name:a, type:int, comment:null), FieldSchema(name:b, type:int, comment:null)], location:null, inputFormat:org.apache.hadoop.hive.ql.io.orc.OrcInputFormat, outputFormat:org.apache.hadoop.hive.ql.io.orc.OrcOutputFormat, compressed:false, numBuckets:2, serdeInfo:SerDeInfo(name:null, serializationLib:org.apache.hadoop.hive.ql.io.orc.OrcSerde, parameters:{serialization.format=1}), bucketCols:[a], sortCols:[], parameters:{}, skewedInfo:SkewedInfo(skewedColNames:[], skewedColValues:[], skewedColValueLocationMaps:{}), storedAsSubDirectories:false), partitionKeys:[], parameters:{numRows=0, bucketing_version=2, numFilesErasureCoded=0, COLUMN_STATS_ACCURATE={"BASIC_STATS":"true","COLUMN_STATS":{"a":"true","b":"true"}}, totalSize=0, transactional=true, numFiles=0, rawDataSize=0}, viewOriginalText:null, viewExpandedText:null, tableType:MANAGED_TABLE, privileges:PrincipalPrivilegeSet(userPrivileges:{alex=[PrivilegeGrantInfo(privilege:INSERT, createTime:-1, grantor:alex, grantorType:USER, grantOption:true), PrivilegeGrantInfo(privilege:SELECT, createTime:-1, grantor:alex, grantorType:USER, grantOption:true), PrivilegeGrantInfo(privilege:UPDATE, createTime:-1, grantor:alex, grantorType:USER, grantOption:true), PrivilegeGrantInfo(privilege:DELETE, createTime:-1, grantor:alex, grantorType:USER, grantOption:true)]}, groupPrivileges:null, rolePrivileges:null), temporary:false, catName:hive, ownerType:USER, writeId:0)	
2024-04-24T05:15:28,336  INFO [main] utils.FileUtils: Creating directory if it doesn't exist: file:/home/alex/Repositories/hive/ql/target/tmp/org.apache.hadoop.hive.ql.TestTxnCommands-1713960750541/warehouse/acidtbl
2024-04-24T05:15:28,372  INFO [main] metadata.Hive: Dumping metastore api call timing information for : execution phase
2024-04-24T05:15:28,372  INFO [main] metadata.Hive: Total time spent in each metastore function (ms): {isCompatibleWith_(Configuration)=0, createTable_(Table)=41}
2024-04-24T05:15:28,372  INFO [main] ql.Driver: Completed executing command(queryId=alex_20240424051528_f1f1459d-74b2-40af-a671-363937cfe751); Time taken: 0.042 seconds
2024-04-24T05:15:28,372  INFO [main] lockmgr.DbTxnManager: Stopped heartbeat for query: alex_20240424051528_f1f1459d-74b2-40af-a671-363937cfe751
2024-04-24T05:15:28,376  INFO [main] txn.TxnHandler: Expected to move at least one record from txn_components to completed_txn_components when committing txn! txnid:7
2024-04-24T05:15:28,381  INFO [main] txn.TxnHandler: Removed transactions: ([7]) from MIN_HISTORY_LEVEL
2024-04-24T05:15:28,381  WARN [main] txn.CompactionTxnHandler: No compaction queue record found for Compaction type transaction commit. txnId:7
2024-04-24T05:15:28,381  INFO [main] ql.TxnCommandsBaseForTests: Running the query: create table acidTblPart(a int, b int) partitioned by (p string) clustered by (a) into 2 buckets stored as orc TBLPROPERTIES ('transactional'='true')
2024-04-24T05:15:28,381  INFO [main] ql.Driver: Compiling command(queryId=alex_20240424051528_93a0014f-6335-461b-a6b4-bb91662f92fa): create table acidTblPart(a int, b int) partitioned by (p string) clustered by (a) into 2 buckets stored as orc TBLPROPERTIES ('transactional'='true')
2024-04-24T05:15:28,384  INFO [main] txn.TxnHandler: Added entries to MIN_HISTORY_LEVEL for current txns: ([8]) with min_open_txn: 1
2024-04-24T05:15:28,384  INFO [main] lockmgr.DbTxnManager: Opened txnid:8
2024-04-24T05:15:28,384  INFO [main] parse.CalcitePlanner: Starting caching scope for: 
2024-04-24T05:15:28,384  INFO [main] parse.CalcitePlanner: Starting Semantic Analysis
2024-04-24T05:15:28,386  INFO [main] parse.CalcitePlanner: Creating table default.acidTblPart position=13
2024-04-24T05:15:28,386  INFO [main] HiveMetaStore.audit: ugi=alex	ip=unknown-ip-addr	cmd=get_database: default	
2024-04-24T05:15:28,388  INFO [main] parse.CalcitePlanner: Ending caching scope for: 
2024-04-24T05:15:28,388  INFO [main] ql.Driver: Semantic Analysis Completed (retrial = false)
2024-04-24T05:15:28,388  INFO [main] ql.Driver: Created Hive schema: Schema(fieldSchemas:null, properties:null)
2024-04-24T05:15:28,388  INFO [main] metadata.Hive: Dumping metastore api call timing information for : compilation phase
2024-04-24T05:15:28,388  INFO [main] metadata.Hive: Total time spent in each metastore function (ms): {flushCache_()=0, getValidTxns_(long)=0, isCompatibleWith_(Configuration)=0, getDatabase_(String)=2, commitTxn_(CommitTxnRequest)=9, getValidWriteIds_(List, String)=2, openTxn_(String, TxnType)=2}
2024-04-24T05:15:28,388  INFO [main] ql.Driver: Completed compiling command(queryId=alex_20240424051528_93a0014f-6335-461b-a6b4-bb91662f92fa); Time taken: 0.007 seconds
2024-04-24T05:15:28,388  INFO [main] lockmgr.DbTxnManager: Setting lock request transaction to txnid:8 for queryId=alex_20240424051528_93a0014f-6335-461b-a6b4-bb91662f92fa
2024-04-24T05:15:28,389  INFO [main] lockmgr.DbLockManager: Requesting lock for queryId=alex_20240424051528_93a0014f-6335-461b-a6b4-bb91662f92fa
2024-04-24T05:15:28,401  INFO [main] lockmgr.DbLockManager: Response to queryId=alex_20240424051528_93a0014f-6335-461b-a6b4-bb91662f92fa LockResponse(lockid:2, state:ACQUIRED)
2024-04-24T05:15:28,401  INFO [main] ql.Driver: Operation CREATETABLE obtained 1 locks
2024-04-24T05:15:28,402  INFO [main] ql.Driver: Executing command(queryId=alex_20240424051528_93a0014f-6335-461b-a6b4-bb91662f92fa): create table acidTblPart(a int, b int) partitioned by (p string) clustered by (a) into 2 buckets stored as orc TBLPROPERTIES ('transactional'='true')
2024-04-24T05:15:28,402  INFO [main] ql.Driver: Starting task [Stage-0:DDL] in serial mode
2024-04-24T05:15:28,402  INFO [main] HiveMetaStore.audit: ugi=alex	ip=unknown-ip-addr	cmd=create_table_req: Table(tableName:acidTblPart, dbName:default, owner:alex, createTime:1713960928, lastAccessTime:0, retention:0, sd:StorageDescriptor(cols:[FieldSchema(name:a, type:int, comment:null), FieldSchema(name:b, type:int, comment:null)], location:null, inputFormat:org.apache.hadoop.hive.ql.io.orc.OrcInputFormat, outputFormat:org.apache.hadoop.hive.ql.io.orc.OrcOutputFormat, compressed:false, numBuckets:2, serdeInfo:SerDeInfo(name:null, serializationLib:org.apache.hadoop.hive.ql.io.orc.OrcSerde, parameters:{serialization.format=1}), bucketCols:[a], sortCols:[], parameters:{}, skewedInfo:SkewedInfo(skewedColNames:[], skewedColValues:[], skewedColValueLocationMaps:{}), storedAsSubDirectories:false), partitionKeys:[FieldSchema(name:p, type:string, comment:null)], parameters:{transactional=true, bucketing_version=2}, viewOriginalText:null, viewExpandedText:null, tableType:MANAGED_TABLE, privileges:PrincipalPrivilegeSet(userPrivileges:{alex=[PrivilegeGrantInfo(privilege:INSERT, createTime:-1, grantor:alex, grantorType:USER, grantOption:true), PrivilegeGrantInfo(privilege:SELECT, createTime:-1, grantor:alex, grantorType:USER, grantOption:true), PrivilegeGrantInfo(privilege:UPDATE, createTime:-1, grantor:alex, grantorType:USER, grantOption:true), PrivilegeGrantInfo(privilege:DELETE, createTime:-1, grantor:alex, grantorType:USER, grantOption:true)]}, groupPrivileges:null, rolePrivileges:null), temporary:false, catName:hive, ownerType:USER, writeId:0)	
2024-04-24T05:15:28,408  INFO [main] utils.FileUtils: Creating directory if it doesn't exist: file:/home/alex/Repositories/hive/ql/target/tmp/org.apache.hadoop.hive.ql.TestTxnCommands-1713960750541/warehouse/acidtblpart
2024-04-24T05:15:28,422  INFO [main] metadata.Hive: Dumping metastore api call timing information for : execution phase
2024-04-24T05:15:28,422  INFO [main] metadata.Hive: Total time spent in each metastore function (ms): {createTable_(Table)=20, isCompatibleWith_(Configuration)=0}
2024-04-24T05:15:28,422  INFO [main] ql.Driver: Completed executing command(queryId=alex_20240424051528_93a0014f-6335-461b-a6b4-bb91662f92fa); Time taken: 0.02 seconds
2024-04-24T05:15:28,422  INFO [main] lockmgr.DbTxnManager: Stopped heartbeat for query: alex_20240424051528_93a0014f-6335-461b-a6b4-bb91662f92fa
2024-04-24T05:15:28,425  INFO [main] txn.TxnHandler: Expected to move at least one record from txn_components to completed_txn_components when committing txn! txnid:8
2024-04-24T05:15:28,431  INFO [main] txn.TxnHandler: Removed transactions: ([8]) from MIN_HISTORY_LEVEL
2024-04-24T05:15:28,431  WARN [main] txn.CompactionTxnHandler: No compaction queue record found for Compaction type transaction commit. txnId:8
2024-04-24T05:15:28,431  INFO [main] ql.TxnCommandsBaseForTests: Running the query: create table nonAcidOrcTbl(a int, b int) clustered by (a) into 2 buckets stored as orc TBLPROPERTIES ('transactional'='false')
2024-04-24T05:15:28,431  INFO [main] ql.Driver: Compiling command(queryId=alex_20240424051528_5a9f7a90-f1ee-4998-8ea5-dab6622f6ce4): create table nonAcidOrcTbl(a int, b int) clustered by (a) into 2 buckets stored as orc TBLPROPERTIES ('transactional'='false')
2024-04-24T05:15:28,434  INFO [main] txn.TxnHandler: Added entries to MIN_HISTORY_LEVEL for current txns: ([9]) with min_open_txn: 1
2024-04-24T05:15:28,434  INFO [main] lockmgr.DbTxnManager: Opened txnid:9
2024-04-24T05:15:28,434  INFO [main] parse.CalcitePlanner: Starting caching scope for: 
2024-04-24T05:15:28,434  INFO [main] parse.CalcitePlanner: Starting Semantic Analysis
2024-04-24T05:15:28,436  INFO [main] parse.CalcitePlanner: Creating table default.nonAcidOrcTbl position=13
2024-04-24T05:15:28,436  INFO [main] HiveMetaStore.audit: ugi=alex	ip=unknown-ip-addr	cmd=get_database: default	
2024-04-24T05:15:28,438  INFO [main] parse.CalcitePlanner: Ending caching scope for: 
2024-04-24T05:15:28,438  INFO [main] ql.Driver: Semantic Analysis Completed (retrial = false)
2024-04-24T05:15:28,438  INFO [main] ql.Driver: Created Hive schema: Schema(fieldSchemas:null, properties:null)
2024-04-24T05:15:28,438  INFO [main] metadata.Hive: Dumping metastore api call timing information for : compilation phase
2024-04-24T05:15:28,438  INFO [main] metadata.Hive: Total time spent in each metastore function (ms): {flushCache_()=0, getValidTxns_(long)=0, commitTxn_(CommitTxnRequest)=9, getValidWriteIds_(List, String)=2, isCompatibleWith_(Configuration)=0, getDatabase_(String)=2, openTxn_(String, TxnType)=2}
2024-04-24T05:15:28,438  INFO [main] ql.Driver: Completed compiling command(queryId=alex_20240424051528_5a9f7a90-f1ee-4998-8ea5-dab6622f6ce4); Time taken: 0.007 seconds
2024-04-24T05:15:28,439  INFO [main] lockmgr.DbTxnManager: Setting lock request transaction to txnid:9 for queryId=alex_20240424051528_5a9f7a90-f1ee-4998-8ea5-dab6622f6ce4
2024-04-24T05:15:28,439  INFO [main] lockmgr.DbLockManager: Requesting lock for queryId=alex_20240424051528_5a9f7a90-f1ee-4998-8ea5-dab6622f6ce4
2024-04-24T05:15:28,440  INFO [HiveClientCache-cleaner-0] HiveMetaStore.audit: ugi=alex	ip=unknown-ip-addr	cmd=Done cleaning up thread local RawStore	
2024-04-24T05:15:28,440  INFO [HiveClientCache-cleaner-0] metastore.HiveMetaStoreClient: Closed a connection to metastore, current connections: -12
2024-04-24T05:15:28,452  INFO [main] lockmgr.DbLockManager: Response to queryId=alex_20240424051528_5a9f7a90-f1ee-4998-8ea5-dab6622f6ce4 LockResponse(lockid:3, state:ACQUIRED)
2024-04-24T05:15:28,452  INFO [main] ql.Driver: Operation CREATETABLE obtained 1 locks
2024-04-24T05:15:28,452  INFO [main] ql.Driver: Executing command(queryId=alex_20240424051528_5a9f7a90-f1ee-4998-8ea5-dab6622f6ce4): create table nonAcidOrcTbl(a int, b int) clustered by (a) into 2 buckets stored as orc TBLPROPERTIES ('transactional'='false')
2024-04-24T05:15:28,452  INFO [main] ql.Driver: Starting task [Stage-0:DDL] in serial mode
2024-04-24T05:15:28,452  INFO [main] HiveMetaStore.audit: ugi=alex	ip=unknown-ip-addr	cmd=create_table_req: Table(tableName:nonAcidOrcTbl, dbName:default, owner:alex, createTime:1713960928, lastAccessTime:0, retention:0, sd:StorageDescriptor(cols:[FieldSchema(name:a, type:int, comment:null), FieldSchema(name:b, type:int, comment:null)], location:null, inputFormat:org.apache.hadoop.hive.ql.io.orc.OrcInputFormat, outputFormat:org.apache.hadoop.hive.ql.io.orc.OrcOutputFormat, compressed:false, numBuckets:2, serdeInfo:SerDeInfo(name:null, serializationLib:org.apache.hadoop.hive.ql.io.orc.OrcSerde, parameters:{serialization.format=1}), bucketCols:[a], sortCols:[], parameters:{}, skewedInfo:SkewedInfo(skewedColNames:[], skewedColValues:[], skewedColValueLocationMaps:{}), storedAsSubDirectories:false), partitionKeys:[], parameters:{COLUMN_STATS_ACCURATE={"BASIC_STATS":"true","COLUMN_STATS":{"a":"true","b":"true"}}, numFiles=0, numFilesErasureCoded=0, bucketing_version=2, totalSize=0, transactional=false, numRows=0, rawDataSize=0}, viewOriginalText:null, viewExpandedText:null, tableType:MANAGED_TABLE, privileges:PrincipalPrivilegeSet(userPrivileges:{alex=[PrivilegeGrantInfo(privilege:INSERT, createTime:-1, grantor:alex, grantorType:USER, grantOption:true), PrivilegeGrantInfo(privilege:SELECT, createTime:-1, grantor:alex, grantorType:USER, grantOption:true), PrivilegeGrantInfo(privilege:UPDATE, createTime:-1, grantor:alex, grantorType:USER, grantOption:true), PrivilegeGrantInfo(privilege:DELETE, createTime:-1, grantor:alex, grantorType:USER, grantOption:true)]}, groupPrivileges:null, rolePrivileges:null), temporary:false, catName:hive, ownerType:USER)	
2024-04-24T05:15:28,458  INFO [main] utils.FileUtils: Creating directory if it doesn't exist: file:/home/alex/Repositories/hive/ql/target/tmp/org.apache.hadoop.hive.ql.TestTxnCommands-1713960750541/warehouse/nonacidorctbl
2024-04-24T05:15:28,472  INFO [main] metadata.Hive: Dumping metastore api call timing information for : execution phase
2024-04-24T05:15:28,472  INFO [main] metadata.Hive: Total time spent in each metastore function (ms): {createTable_(Table)=20, isCompatibleWith_(Configuration)=0}
2024-04-24T05:15:28,472  INFO [main] ql.Driver: Completed executing command(queryId=alex_20240424051528_5a9f7a90-f1ee-4998-8ea5-dab6622f6ce4); Time taken: 0.02 seconds
2024-04-24T05:15:28,472  INFO [main] lockmgr.DbTxnManager: Stopped heartbeat for query: alex_20240424051528_5a9f7a90-f1ee-4998-8ea5-dab6622f6ce4
2024-04-24T05:15:28,476  INFO [main] txn.TxnHandler: Expected to move at least one record from txn_components to completed_txn_components when committing txn! txnid:9
2024-04-24T05:15:28,482  INFO [main] txn.TxnHandler: Removed transactions: ([9]) from MIN_HISTORY_LEVEL
2024-04-24T05:15:28,482  WARN [main] txn.CompactionTxnHandler: No compaction queue record found for Compaction type transaction commit. txnId:9
2024-04-24T05:15:28,483  INFO [main] ql.TxnCommandsBaseForTests: Running the query: create table nonAcidOrcTbl2(a int, b int) clustered by (a) into 2 buckets stored as orc TBLPROPERTIES ('transactional'='false')
2024-04-24T05:15:28,483  INFO [main] ql.Driver: Compiling command(queryId=alex_20240424051528_ef61470b-94ce-406e-94eb-4ba76c29e709): create table nonAcidOrcTbl2(a int, b int) clustered by (a) into 2 buckets stored as orc TBLPROPERTIES ('transactional'='false')
2024-04-24T05:15:28,485  INFO [main] txn.TxnHandler: Added entries to MIN_HISTORY_LEVEL for current txns: ([10]) with min_open_txn: 1
2024-04-24T05:15:28,485  INFO [main] lockmgr.DbTxnManager: Opened txnid:10
2024-04-24T05:15:28,485  INFO [main] parse.CalcitePlanner: Starting caching scope for: 
2024-04-24T05:15:28,485  INFO [main] parse.CalcitePlanner: Starting Semantic Analysis
2024-04-24T05:15:28,487  INFO [main] parse.CalcitePlanner: Creating table default.nonAcidOrcTbl2 position=13
2024-04-24T05:15:28,488  INFO [main] HiveMetaStore.audit: ugi=alex	ip=unknown-ip-addr	cmd=get_database: default	
2024-04-24T05:15:28,489  INFO [main] parse.CalcitePlanner: Ending caching scope for: 
2024-04-24T05:15:28,489  INFO [main] ql.Driver: Semantic Analysis Completed (retrial = false)
2024-04-24T05:15:28,489  INFO [main] ql.Driver: Created Hive schema: Schema(fieldSchemas:null, properties:null)
2024-04-24T05:15:28,489  INFO [main] metadata.Hive: Dumping metastore api call timing information for : compilation phase
2024-04-24T05:15:28,489  INFO [main] metadata.Hive: Total time spent in each metastore function (ms): {openTxn_(String, TxnType)=2, commitTxn_(CommitTxnRequest)=10, getValidTxns_(long)=0, isCompatibleWith_(Configuration)=1, getDatabase_(String)=1, getValidWriteIds_(List, String)=1, flushCache_()=0}
2024-04-24T05:15:28,490  INFO [main] ql.Driver: Completed compiling command(queryId=alex_20240424051528_ef61470b-94ce-406e-94eb-4ba76c29e709); Time taken: 0.006 seconds
2024-04-24T05:15:28,490  INFO [main] lockmgr.DbTxnManager: Setting lock request transaction to txnid:10 for queryId=alex_20240424051528_ef61470b-94ce-406e-94eb-4ba76c29e709
2024-04-24T05:15:28,490  INFO [main] lockmgr.DbLockManager: Requesting lock for queryId=alex_20240424051528_ef61470b-94ce-406e-94eb-4ba76c29e709
2024-04-24T05:15:28,503  INFO [main] lockmgr.DbLockManager: Response to queryId=alex_20240424051528_ef61470b-94ce-406e-94eb-4ba76c29e709 LockResponse(lockid:4, state:ACQUIRED)
2024-04-24T05:15:28,503  INFO [main] ql.Driver: Operation CREATETABLE obtained 1 locks
2024-04-24T05:15:28,503  INFO [main] ql.Driver: Executing command(queryId=alex_20240424051528_ef61470b-94ce-406e-94eb-4ba76c29e709): create table nonAcidOrcTbl2(a int, b int) clustered by (a) into 2 buckets stored as orc TBLPROPERTIES ('transactional'='false')
2024-04-24T05:15:28,503  INFO [main] ql.Driver: Starting task [Stage-0:DDL] in serial mode
2024-04-24T05:15:28,504  INFO [main] HiveMetaStore.audit: ugi=alex	ip=unknown-ip-addr	cmd=create_table_req: Table(tableName:nonAcidOrcTbl2, dbName:default, owner:alex, createTime:1713960928, lastAccessTime:0, retention:0, sd:StorageDescriptor(cols:[FieldSchema(name:a, type:int, comment:null), FieldSchema(name:b, type:int, comment:null)], location:null, inputFormat:org.apache.hadoop.hive.ql.io.orc.OrcInputFormat, outputFormat:org.apache.hadoop.hive.ql.io.orc.OrcOutputFormat, compressed:false, numBuckets:2, serdeInfo:SerDeInfo(name:null, serializationLib:org.apache.hadoop.hive.ql.io.orc.OrcSerde, parameters:{serialization.format=1}), bucketCols:[a], sortCols:[], parameters:{}, skewedInfo:SkewedInfo(skewedColNames:[], skewedColValues:[], skewedColValueLocationMaps:{}), storedAsSubDirectories:false), partitionKeys:[], parameters:{rawDataSize=0, transactional=false, numFilesErasureCoded=0, totalSize=0, COLUMN_STATS_ACCURATE={"BASIC_STATS":"true","COLUMN_STATS":{"a":"true","b":"true"}}, numRows=0, bucketing_version=2, numFiles=0}, viewOriginalText:null, viewExpandedText:null, tableType:MANAGED_TABLE, privileges:PrincipalPrivilegeSet(userPrivileges:{alex=[PrivilegeGrantInfo(privilege:INSERT, createTime:-1, grantor:alex, grantorType:USER, grantOption:true), PrivilegeGrantInfo(privilege:SELECT, createTime:-1, grantor:alex, grantorType:USER, grantOption:true), PrivilegeGrantInfo(privilege:UPDATE, createTime:-1, grantor:alex, grantorType:USER, grantOption:true), PrivilegeGrantInfo(privilege:DELETE, createTime:-1, grantor:alex, grantorType:USER, grantOption:true)]}, groupPrivileges:null, rolePrivileges:null), temporary:false, catName:hive, ownerType:USER)	
2024-04-24T05:15:28,509  INFO [main] utils.FileUtils: Creating directory if it doesn't exist: file:/home/alex/Repositories/hive/ql/target/tmp/org.apache.hadoop.hive.ql.TestTxnCommands-1713960750541/warehouse/nonacidorctbl2
2024-04-24T05:15:28,523  INFO [main] metadata.Hive: Dumping metastore api call timing information for : execution phase
2024-04-24T05:15:28,523  INFO [main] metadata.Hive: Total time spent in each metastore function (ms): {createTable_(Table)=19, isCompatibleWith_(Configuration)=0}
2024-04-24T05:15:28,523  INFO [main] ql.Driver: Completed executing command(queryId=alex_20240424051528_ef61470b-94ce-406e-94eb-4ba76c29e709); Time taken: 0.019 seconds
2024-04-24T05:15:28,523  INFO [main] lockmgr.DbTxnManager: Stopped heartbeat for query: alex_20240424051528_ef61470b-94ce-406e-94eb-4ba76c29e709
2024-04-24T05:15:28,526  INFO [main] txn.TxnHandler: Expected to move at least one record from txn_components to completed_txn_components when committing txn! txnid:10
2024-04-24T05:15:28,531  INFO [main] txn.TxnHandler: Removed transactions: ([10]) from MIN_HISTORY_LEVEL
2024-04-24T05:15:28,532  WARN [main] txn.CompactionTxnHandler: No compaction queue record found for Compaction type transaction commit. txnId:10
2024-04-24T05:15:28,532  INFO [main] ql.TxnCommandsBaseForTests: Running the query: create temporary  table acidTbl2(a int, b int, c int) clustered by (c) into 2 buckets stored as orc TBLPROPERTIES ('transactional'='true')
2024-04-24T05:15:28,532  INFO [main] ql.Driver: Compiling command(queryId=alex_20240424051528_6f5bcfab-f861-4a36-8255-71b25c6c5fd3): create temporary  table acidTbl2(a int, b int, c int) clustered by (c) into 2 buckets stored as orc TBLPROPERTIES ('transactional'='true')
2024-04-24T05:15:28,534  INFO [main] txn.TxnHandler: Added entries to MIN_HISTORY_LEVEL for current txns: ([11]) with min_open_txn: 1
2024-04-24T05:15:28,534  INFO [main] lockmgr.DbTxnManager: Opened txnid:11
2024-04-24T05:15:28,535  INFO [main] parse.CalcitePlanner: Starting caching scope for: 
2024-04-24T05:15:28,535  INFO [main] parse.CalcitePlanner: Starting Semantic Analysis
2024-04-24T05:15:28,537  INFO [main] parse.CalcitePlanner: Creating table default.acidTbl2 position=24
2024-04-24T05:15:28,537  INFO [main] HiveMetaStore.audit: ugi=alex	ip=unknown-ip-addr	cmd=get_database: default	
2024-04-24T05:15:28,539  INFO [main] parse.CalcitePlanner: Ending caching scope for: 
2024-04-24T05:15:28,539  INFO [main] ql.Driver: Semantic Analysis Completed (retrial = false)
2024-04-24T05:15:28,539  INFO [main] ql.Driver: Created Hive schema: Schema(fieldSchemas:null, properties:null)
2024-04-24T05:15:28,539  INFO [main] metadata.Hive: Dumping metastore api call timing information for : compilation phase
2024-04-24T05:15:28,539  INFO [main] metadata.Hive: Total time spent in each metastore function (ms): {getValidTxns_(long)=0, commitTxn_(CommitTxnRequest)=9, flushCache_()=0, getDatabase_(String)=1, isCompatibleWith_(Configuration)=1, openTxn_(String, TxnType)=1, getValidWriteIds_(List, String)=2}
2024-04-24T05:15:28,539  INFO [main] ql.Driver: Completed compiling command(queryId=alex_20240424051528_6f5bcfab-f861-4a36-8255-71b25c6c5fd3); Time taken: 0.007 seconds
2024-04-24T05:15:28,539  INFO [main] lockmgr.DbTxnManager: Setting lock request transaction to txnid:11 for queryId=alex_20240424051528_6f5bcfab-f861-4a36-8255-71b25c6c5fd3
2024-04-24T05:15:28,539  INFO [main] lockmgr.DbLockManager: Requesting lock for queryId=alex_20240424051528_6f5bcfab-f861-4a36-8255-71b25c6c5fd3
2024-04-24T05:15:28,553  INFO [main] lockmgr.DbLockManager: Response to queryId=alex_20240424051528_6f5bcfab-f861-4a36-8255-71b25c6c5fd3 LockResponse(lockid:5, state:ACQUIRED)
2024-04-24T05:15:28,553  INFO [main] ql.Driver: Operation CREATETABLE obtained 1 locks
2024-04-24T05:15:28,554  INFO [main] ql.Driver: Executing command(queryId=alex_20240424051528_6f5bcfab-f861-4a36-8255-71b25c6c5fd3): create temporary  table acidTbl2(a int, b int, c int) clustered by (c) into 2 buckets stored as orc TBLPROPERTIES ('transactional'='true')
2024-04-24T05:15:28,554  INFO [main] ql.Driver: Starting task [Stage-0:DDL] in serial mode
2024-04-24T05:15:28,554  INFO [main] utils.FileUtils: Creating directory if it doesn't exist: file:/home/alex/Repositories/hive/ql/target/tmp/scratchdir/alex/9c2a2dfc-df90-4fe2-99e2-0fb78eac00b4/_tmp_space.db/f80e6ed8-abef-4f94-93fb-74b0c8994b5e
2024-04-24T05:15:28,557  INFO [main] metadata.Hive: Dumping metastore api call timing information for : execution phase
2024-04-24T05:15:28,557  INFO [main] metadata.Hive: Total time spent in each metastore function (ms): {createTable_(Table)=3, isCompatibleWith_(Configuration)=0}
2024-04-24T05:15:28,557  INFO [main] ql.Driver: Completed executing command(queryId=alex_20240424051528_6f5bcfab-f861-4a36-8255-71b25c6c5fd3); Time taken: 0.003 seconds
2024-04-24T05:15:28,557  INFO [main] lockmgr.DbTxnManager: Stopped heartbeat for query: alex_20240424051528_6f5bcfab-f861-4a36-8255-71b25c6c5fd3
2024-04-24T05:15:28,561  INFO [main] txn.TxnHandler: Expected to move at least one record from txn_components to completed_txn_components when committing txn! txnid:11
2024-04-24T05:15:28,566  INFO [main] txn.TxnHandler: Removed transactions: ([11]) from MIN_HISTORY_LEVEL
2024-04-24T05:15:28,566  WARN [main] txn.CompactionTxnHandler: No compaction queue record found for Compaction type transaction commit. txnId:11
2024-04-24T05:15:28,567  INFO [main] ql.TxnCommandsBaseForTests: Running the query: create table nonAcidNonBucket(a int, b int) stored as orc TBLPROPERTIES ('transactional'='false')
2024-04-24T05:15:28,567  INFO [main] ql.Driver: Compiling command(queryId=alex_20240424051528_3a1c4143-8aeb-4234-8448-346a93c9a1f8): create table nonAcidNonBucket(a int, b int) stored as orc TBLPROPERTIES ('transactional'='false')
2024-04-24T05:15:28,569  INFO [main] txn.TxnHandler: Added entries to MIN_HISTORY_LEVEL for current txns: ([12]) with min_open_txn: 1
2024-04-24T05:15:28,569  INFO [main] lockmgr.DbTxnManager: Opened txnid:12
2024-04-24T05:15:28,569  INFO [main] parse.CalcitePlanner: Starting caching scope for: 
2024-04-24T05:15:28,569  INFO [main] parse.CalcitePlanner: Starting Semantic Analysis
2024-04-24T05:15:28,571  INFO [main] parse.CalcitePlanner: Creating table default.nonAcidNonBucket position=13
2024-04-24T05:15:28,572  INFO [main] HiveMetaStore.audit: ugi=alex	ip=unknown-ip-addr	cmd=get_database: default	
2024-04-24T05:15:28,573  INFO [main] parse.CalcitePlanner: Ending caching scope for: 
2024-04-24T05:15:28,573  INFO [main] ql.Driver: Semantic Analysis Completed (retrial = false)
2024-04-24T05:15:28,573  INFO [main] ql.Driver: Created Hive schema: Schema(fieldSchemas:null, properties:null)
2024-04-24T05:15:28,573  INFO [main] metadata.Hive: Dumping metastore api call timing information for : compilation phase
2024-04-24T05:15:28,573  INFO [main] metadata.Hive: Total time spent in each metastore function (ms): {commitTxn_(CommitTxnRequest)=9, getDatabase_(String)=1, getValidTxns_(long)=0, openTxn_(String, TxnType)=2, getValidWriteIds_(List, String)=2, flushCache_()=0, isCompatibleWith_(Configuration)=0}
2024-04-24T05:15:28,574  INFO [main] ql.Driver: Completed compiling command(queryId=alex_20240424051528_3a1c4143-8aeb-4234-8448-346a93c9a1f8); Time taken: 0.006 seconds
2024-04-24T05:15:28,574  INFO [main] lockmgr.DbTxnManager: Setting lock request transaction to txnid:12 for queryId=alex_20240424051528_3a1c4143-8aeb-4234-8448-346a93c9a1f8
2024-04-24T05:15:28,574  INFO [main] lockmgr.DbLockManager: Requesting lock for queryId=alex_20240424051528_3a1c4143-8aeb-4234-8448-346a93c9a1f8
2024-04-24T05:15:28,586  INFO [main] lockmgr.DbLockManager: Response to queryId=alex_20240424051528_3a1c4143-8aeb-4234-8448-346a93c9a1f8 LockResponse(lockid:6, state:ACQUIRED)
2024-04-24T05:15:28,586  INFO [main] ql.Driver: Operation CREATETABLE obtained 1 locks
2024-04-24T05:15:28,586  INFO [main] ql.Driver: Executing command(queryId=alex_20240424051528_3a1c4143-8aeb-4234-8448-346a93c9a1f8): create table nonAcidNonBucket(a int, b int) stored as orc TBLPROPERTIES ('transactional'='false')
2024-04-24T05:15:28,587  INFO [main] ql.Driver: Starting task [Stage-0:DDL] in serial mode
2024-04-24T05:15:28,587  INFO [main] HiveMetaStore.audit: ugi=alex	ip=unknown-ip-addr	cmd=create_table_req: Table(tableName:nonAcidNonBucket, dbName:default, owner:alex, createTime:1713960928, lastAccessTime:0, retention:0, sd:StorageDescriptor(cols:[FieldSchema(name:a, type:int, comment:null), FieldSchema(name:b, type:int, comment:null)], location:null, inputFormat:org.apache.hadoop.hive.ql.io.orc.OrcInputFormat, outputFormat:org.apache.hadoop.hive.ql.io.orc.OrcOutputFormat, compressed:false, numBuckets:-1, serdeInfo:SerDeInfo(name:null, serializationLib:org.apache.hadoop.hive.ql.io.orc.OrcSerde, parameters:{serialization.format=1}), bucketCols:[], sortCols:[], parameters:{}, skewedInfo:SkewedInfo(skewedColNames:[], skewedColValues:[], skewedColValueLocationMaps:{}), storedAsSubDirectories:false), partitionKeys:[], parameters:{rawDataSize=0, bucketing_version=2, numFilesErasureCoded=0, COLUMN_STATS_ACCURATE={"BASIC_STATS":"true","COLUMN_STATS":{"a":"true","b":"true"}}, numRows=0, totalSize=0, numFiles=0, transactional=false}, viewOriginalText:null, viewExpandedText:null, tableType:MANAGED_TABLE, privileges:PrincipalPrivilegeSet(userPrivileges:{alex=[PrivilegeGrantInfo(privilege:INSERT, createTime:-1, grantor:alex, grantorType:USER, grantOption:true), PrivilegeGrantInfo(privilege:SELECT, createTime:-1, grantor:alex, grantorType:USER, grantOption:true), PrivilegeGrantInfo(privilege:UPDATE, createTime:-1, grantor:alex, grantorType:USER, grantOption:true), PrivilegeGrantInfo(privilege:DELETE, createTime:-1, grantor:alex, grantorType:USER, grantOption:true)]}, groupPrivileges:null, rolePrivileges:null), temporary:false, catName:hive, ownerType:USER)	
2024-04-24T05:15:28,592  INFO [main] utils.FileUtils: Creating directory if it doesn't exist: file:/home/alex/Repositories/hive/ql/target/tmp/org.apache.hadoop.hive.ql.TestTxnCommands-1713960750541/warehouse/nonacidnonbucket
2024-04-24T05:15:28,605  INFO [main] metadata.Hive: Dumping metastore api call timing information for : execution phase
2024-04-24T05:15:28,605  INFO [main] metadata.Hive: Total time spent in each metastore function (ms): {isCompatibleWith_(Configuration)=0, createTable_(Table)=18}
2024-04-24T05:15:28,605  INFO [main] ql.Driver: Completed executing command(queryId=alex_20240424051528_3a1c4143-8aeb-4234-8448-346a93c9a1f8); Time taken: 0.019 seconds
2024-04-24T05:15:28,605  INFO [main] lockmgr.DbTxnManager: Stopped heartbeat for query: alex_20240424051528_3a1c4143-8aeb-4234-8448-346a93c9a1f8
2024-04-24T05:15:28,609  INFO [main] txn.TxnHandler: Expected to move at least one record from txn_components to completed_txn_components when committing txn! txnid:12
2024-04-24T05:15:28,614  INFO [main] txn.TxnHandler: Removed transactions: ([12]) from MIN_HISTORY_LEVEL
2024-04-24T05:15:28,614  WARN [main] txn.CompactionTxnHandler: No compaction queue record found for Compaction type transaction commit. txnId:12
2024-04-24T05:15:28,616  INFO [main] ql.TxnCommandsBaseForTests: Running the query: explain merge into acidTbl as t using nonAcidOrcTbl s ON t.a = s.a WHEN MATCHED AND s.a > 8 THEN DELETE WHEN MATCHED THEN UPDATE SET b = 7 WHEN NOT MATCHED THEN INSERT VALUES(s.a, s.b) 
2024-04-24T05:15:28,616  INFO [main] ql.Driver: Compiling command(queryId=alex_20240424051528_d2258a9a-3bc1-4231-99bd-c3d8b66c6f20): explain merge into acidTbl as t using nonAcidOrcTbl s ON t.a = s.a WHEN MATCHED AND s.a > 8 THEN DELETE WHEN MATCHED THEN UPDATE SET b = 7 WHEN NOT MATCHED THEN INSERT VALUES(s.a, s.b) 
2024-04-24T05:15:28,618  INFO [main] txn.TxnHandler: Added entries to MIN_HISTORY_LEVEL for current txns: ([13]) with min_open_txn: 1
2024-04-24T05:15:28,618  INFO [main] lockmgr.DbTxnManager: Opened txnid:13
2024-04-24T05:15:28,619  INFO [main] HiveMetaStore.audit: ugi=alex	ip=unknown-ip-addr	cmd=get_table : tbl=hive.default.acidTbl	
2024-04-24T05:15:28,636  INFO [main] metastore.HMSHandler: Skipping translation for processor with null
2024-04-24T05:15:28,636  INFO [main] HiveMetaStore.audit: ugi=alex	ip=unknown-ip-addr	cmd=get_table : tbl=hive.default.merge_tmp_table	
2024-04-24T05:15:28,639  INFO [main] utils.FileUtils: Creating directory if it doesn't exist: file:/home/alex/Repositories/hive/ql/target/tmp/scratchdir/alex/9c2a2dfc-df90-4fe2-99e2-0fb78eac00b4/_tmp_space.db/merge_tmp_table
2024-04-24T05:15:28,642  INFO [main] parse.RewriteSemanticAnalyzer: Going to reparse <explain merge into acidTbl as t using nonAcidOrcTbl s ON t.a = s.a WHEN MATCHED AND s.a > 8 THEN DELETE WHEN MATCHED THEN UPDATE SET b = 7 WHEN NOT MATCHED THEN INSERT VALUES(s.a, s.b) > as 
<FROM
  `default`.`acidTbl` `t`
  RIGHT OUTER JOIN
  `default`.`nonAcidOrcTbl` `s`
  ON `t`.`a` = `s`.`a`
INSERT INTO `default`.`acidTbl`    -- delete clause
 SELECT `t`.ROW__ID 
   WHERE `t`.`a` = `s`.`a` AND `s`.`a` > 8
 SORT BY `t`.ROW__ID 
INSERT INTO `default`.`acidTbl`    -- update clause(insert part)
 SELECT `t`.`a`, 7
   WHERE `t`.`a` = `s`.`a` AND NOT(`s`.`a` > 8)
INSERT INTO `default`.`acidTbl`    -- update clause (delete part)
 SELECT `t`.ROW__ID 
   WHERE `t`.`a` = `s`.`a` AND NOT(`s`.`a` > 8)
 SORT BY `t`.ROW__ID 
INSERT INTO `default`.`acidTbl`    -- insert clause
  SELECT `s`.`a`, `s`.`b`
   WHERE `t`.`a` IS NULL
INSERT INTO merge_tmp_table
  SELECT cardinality_violation(`t`.ROW__ID)
 WHERE `t`.`a` = `s`.`a` GROUP BY `t`.ROW__ID HAVING count(*) > 1>
2024-04-24T05:15:28,643  INFO [main] parse.MergeSemanticAnalyzer: Starting Semantic Analysis
2024-04-24T05:15:28,646  INFO [main] parse.MergeSemanticAnalyzer: Completed phase 1 of Semantic Analysis
2024-04-24T05:15:28,646  INFO [main] parse.MergeSemanticAnalyzer: Get metadata for source tables
2024-04-24T05:15:28,646  INFO [main] HiveMetaStore.audit: ugi=alex	ip=unknown-ip-addr	cmd=get_table : tbl=hive.default.acidtbl	
2024-04-24T05:15:28,653  INFO [main] metastore.HMSHandler: Skipping translation for processor with null
2024-04-24T05:15:28,654  INFO [main] HiveMetaStore.audit: ugi=alex	ip=unknown-ip-addr	cmd=get_table : tbl=hive.default.nonacidorctbl	
2024-04-24T05:15:28,675  INFO [main] metastore.HMSHandler: Skipping translation for processor with null
2024-04-24T05:15:28,675  INFO [main] parse.MergeSemanticAnalyzer: Get metadata for subqueries
2024-04-24T05:15:28,675  INFO [main] parse.MergeSemanticAnalyzer: Get metadata for destination tables
2024-04-24T05:15:28,675  INFO [main] HiveMetaStore.audit: ugi=alex	ip=unknown-ip-addr	cmd=get_table : tbl=hive.default.acidTbl	
2024-04-24T05:15:28,681  INFO [main] metastore.HMSHandler: Skipping translation for processor with null
2024-04-24T05:15:28,682  INFO [main] HiveMetaStore.audit: ugi=alex	ip=unknown-ip-addr	cmd=get_table : tbl=hive.default.acidTbl	
2024-04-24T05:15:28,688  INFO [main] metastore.HMSHandler: Skipping translation for processor with null
2024-04-24T05:15:28,688  INFO [main] HiveMetaStore.audit: ugi=alex	ip=unknown-ip-addr	cmd=get_table : tbl=hive.default.acidTbl	
2024-04-24T05:15:28,695  INFO [main] metastore.HMSHandler: Skipping translation for processor with null
2024-04-24T05:15:28,695  INFO [main] HiveMetaStore.audit: ugi=alex	ip=unknown-ip-addr	cmd=get_table : tbl=hive.default.acidTbl	
2024-04-24T05:15:28,701  INFO [main] metastore.HMSHandler: Skipping translation for processor with null
2024-04-24T05:15:28,702  INFO [main] parse.MergeSemanticAnalyzer: Completed getting MetaData in Semantic Analysis
2024-04-24T05:15:28,702  INFO [main] parse.MergeSemanticAnalyzer: Disabling LLAP IO encode as ETL query is detected
2024-04-24T05:15:28,702  INFO [main] parse.MergeSemanticAnalyzer: Get metadata for source tables
2024-04-24T05:15:28,702  INFO [main] parse.MergeSemanticAnalyzer: Get metadata for subqueries
2024-04-24T05:15:28,702  INFO [main] parse.MergeSemanticAnalyzer: Get metadata for destination tables
2024-04-24T05:15:28,715  INFO [main] HiveMetaStore.audit: ugi=alex	ip=unknown-ip-addr	cmd=get_all_table_constraints : tbl=hive.default.acidtbl	
2024-04-24T05:15:28,740  INFO [main] HiveMetaStore.audit: ugi=alex	ip=unknown-ip-addr	cmd=get_all_table_constraints : tbl=hive.default.nonacidorctbl	
2024-04-24T05:15:28,771  INFO [main] calcite.RelOptHiveTable: Calculating column statistics for default.acidtbl, projIndxSet: [0], allowMissingStats: true
2024-04-24T05:15:28,771  INFO [main] HiveMetaStore.audit: ugi=alex	ip=unknown-ip-addr	cmd=get_table : tbl=hive.default.acidtbl	
2024-04-24T05:15:28,781  INFO [main] metastore.HMSHandler: Skipping translation for processor with null
2024-04-24T05:15:28,781  INFO [main] HiveMetaStore.audit: ugi=alex	ip=unknown-ip-addr	cmd=get_table : tbl=hive.default.acidtbl	
2024-04-24T05:15:28,791  INFO [main] metastore.HMSHandler: Skipping translation for processor with null
2024-04-24T05:15:28,791  INFO [main] HiveMetaStore.audit: ugi=alex	ip=unknown-ip-addr	cmd=get_table_statistics_req: table=hive.default.acidtbl	
2024-04-24T05:15:28,801  WARN [main] calcite.RelOptHiveTable: No Stats for default@acidtbl, Columns: a
No Stats for default@acidtbl, Columns: a
2024-04-24T05:15:28,801  INFO [main] SessionState: No Stats for default@acidtbl, Columns: a
2024-04-24T05:15:28,802  INFO [main] calcite.RelOptHiveTable: Calculating column statistics for default.nonacidorctbl, projIndxSet: [0, 1], allowMissingStats: true
2024-04-24T05:15:28,802  INFO [main] HiveMetaStore.audit: ugi=alex	ip=unknown-ip-addr	cmd=get_table : tbl=hive.default.nonacidorctbl	
2024-04-24T05:15:28,814  INFO [main] metastore.HMSHandler: Skipping translation for processor with null
2024-04-24T05:15:28,815  INFO [main] HiveMetaStore.audit: ugi=alex	ip=unknown-ip-addr	cmd=get_table : tbl=hive.default.nonacidorctbl	
2024-04-24T05:15:28,826  INFO [main] metastore.HMSHandler: Skipping translation for processor with null
2024-04-24T05:15:28,826  INFO [main] HiveMetaStore.audit: ugi=alex	ip=unknown-ip-addr	cmd=get_table_statistics_req: table=hive.default.nonacidorctbl	
2024-04-24T05:15:28,838  WARN [main] calcite.RelOptHiveTable: No Stats for default@nonacidorctbl, Columns: a, b
No Stats for default@nonacidorctbl, Columns: a, b
2024-04-24T05:15:28,838  INFO [main] SessionState: No Stats for default@nonacidorctbl, Columns: a, b
2024-04-24T05:15:29,022  INFO [main] parse.MergeSemanticAnalyzer: Get metadata for source tables
2024-04-24T05:15:29,022  INFO [main] parse.MergeSemanticAnalyzer: Get metadata for subqueries
2024-04-24T05:15:29,022  INFO [main] parse.MergeSemanticAnalyzer: Get metadata for source tables
2024-04-24T05:15:29,022  INFO [main] parse.MergeSemanticAnalyzer: Get metadata for subqueries
2024-04-24T05:15:29,022  INFO [main] parse.MergeSemanticAnalyzer: Get metadata for source tables
2024-04-24T05:15:29,023  INFO [main] parse.MergeSemanticAnalyzer: Get metadata for subqueries
2024-04-24T05:15:29,023  INFO [main] parse.MergeSemanticAnalyzer: Get metadata for destination tables
2024-04-24T05:15:29,023  INFO [main] parse.MergeSemanticAnalyzer: Get metadata for source tables
2024-04-24T05:15:29,023  INFO [main] parse.MergeSemanticAnalyzer: Get metadata for subqueries
2024-04-24T05:15:29,023  INFO [main] parse.MergeSemanticAnalyzer: Get metadata for destination tables
2024-04-24T05:15:29,023  INFO [main] parse.MergeSemanticAnalyzer: Get metadata for destination tables
2024-04-24T05:15:29,023  INFO [main] parse.MergeSemanticAnalyzer: Get metadata for destination tables
2024-04-24T05:15:29,023  INFO [main] HiveMetaStore.audit: ugi=alex	ip=unknown-ip-addr	cmd=get_table : tbl=hive.default.acidTbl	
2024-04-24T05:15:29,030  INFO [main] metastore.HMSHandler: Skipping translation for processor with null
2024-04-24T05:15:29,030  INFO [main] HiveMetaStore.audit: ugi=alex	ip=unknown-ip-addr	cmd=get_table : tbl=hive.default.acidTbl	
2024-04-24T05:15:29,036  INFO [main] metastore.HMSHandler: Skipping translation for processor with null
2024-04-24T05:15:29,036  INFO [main] HiveMetaStore.audit: ugi=alex	ip=unknown-ip-addr	cmd=get_table : tbl=hive.default.acidTbl	
2024-04-24T05:15:29,044  INFO [main] metastore.HMSHandler: Skipping translation for processor with null
2024-04-24T05:15:29,044  INFO [main] HiveMetaStore.audit: ugi=alex	ip=unknown-ip-addr	cmd=get_table : tbl=hive.default.acidTbl	
2024-04-24T05:15:29,051  INFO [main] metastore.HMSHandler: Skipping translation for processor with null
2024-04-24T05:15:29,056 ERROR [main] parse.MergeSemanticAnalyzer: CBO failed, skipping CBO. 
org.apache.hadoop.hive.ql.exec.NoMatchingMethodException: No matching method for class org.apache.hadoop.hive.ql.udf.UDFToInteger with (struct<writeid:bigint,bucketid:int,rowid:bigint>). Possible choices: _FUNC_(bigint)  _FUNC_(boolean)  _FUNC_(decimal(38,18))  _FUNC_(double)  _FUNC_(float)  _FUNC_(smallint)  _FUNC_(string)  _FUNC_(struct<writeid:bigint,rowid:int,bucketid:bigint>)  _FUNC_(timestamp)  _FUNC_(tinyint)  _FUNC_(void)  
	at org.apache.hadoop.hive.ql.exec.MethodUtils.getMethodInternal(MethodUtils.java:130) ~[classes/:?]
	at org.apache.hadoop.hive.ql.exec.MethodUtils.getMethodInternal(MethodUtils.java:60) ~[classes/:?]
	at org.apache.hadoop.hive.ql.exec.DefaultUDFMethodResolver.getEvalMethod(DefaultUDFMethodResolver.java:59) ~[classes/:?]
	at org.apache.hadoop.hive.ql.udf.TimestampCastRestrictorResolver.getEvalMethod(TimestampCastRestrictorResolver.java:68) ~[classes/:?]
	at org.apache.hadoop.hive.ql.udf.generic.GenericUDFBridge.initialize(GenericUDFBridge.java:168) ~[classes/:?]
	at org.apache.hadoop.hive.ql.udf.generic.GenericUDF.initializeAndFoldConstants(GenericUDF.java:149) ~[classes/:?]
	at org.apache.hadoop.hive.ql.plan.ExprNodeGenericFuncDesc.newInstance(ExprNodeGenericFuncDesc.java:235) ~[classes/:?]
	at org.apache.hadoop.hive.ql.parse.type.ExprNodeDescExprFactory.createFuncCallExpr(ExprNodeDescExprFactory.java:584) ~[classes/:?]
	at org.apache.hadoop.hive.ql.parse.type.ExprNodeDescExprFactory.createFuncCallExpr(ExprNodeDescExprFactory.java:97) ~[classes/:?]
	at org.apache.hadoop.hive.ql.parse.type.TypeCheckProcFactory$DefaultExprProcessor.getFuncExprNodeDescWithUdfData(TypeCheckProcFactory.java:762) ~[classes/:?]
	at org.apache.hadoop.hive.ql.parse.type.TypeCheckProcFactory$DefaultExprProcessor.createConversionCast(TypeCheckProcFactory.java:783) ~[classes/:?]
	at org.apache.hadoop.hive.ql.parse.SemanticAnalyzer.getPartitionColsFromBucketColsForUpdateDelete(SemanticAnalyzer.java:8725) ~[classes/:?]
	at org.apache.hadoop.hive.ql.parse.SemanticAnalyzer.genBucketingSortingDest(SemanticAnalyzer.java:6906) ~[classes/:?]
	at org.apache.hadoop.hive.ql.parse.SemanticAnalyzer.genFileSinkPlan(SemanticAnalyzer.java:7335) ~[classes/:?]
	at org.apache.hadoop.hive.ql.parse.SemanticAnalyzer.genPostGroupByBodyPlan(SemanticAnalyzer.java:11063) ~[classes/:?]
	at org.apache.hadoop.hive.ql.parse.SemanticAnalyzer.genBodyPlan(SemanticAnalyzer.java:10938) ~[classes/:?]
	at org.apache.hadoop.hive.ql.parse.SemanticAnalyzer.genPlan(SemanticAnalyzer.java:11853) ~[classes/:?]
	at org.apache.hadoop.hive.ql.parse.SemanticAnalyzer.genPlan(SemanticAnalyzer.java:11723) ~[classes/:?]
	at org.apache.hadoop.hive.ql.parse.CalcitePlanner.genOPTree(CalcitePlanner.java:626) ~[classes/:?]
	at org.apache.hadoop.hive.ql.parse.SemanticAnalyzer.analyzeInternal(SemanticAnalyzer.java:12558) ~[classes/:?]
	at org.apache.hadoop.hive.ql.parse.CalcitePlanner.analyzeInternal(CalcitePlanner.java:456) ~[classes/:?]
	at org.apache.hadoop.hive.ql.parse.RewriteSemanticAnalyzer.analyzeInternal(RewriteSemanticAnalyzer.java:67) ~[classes/:?]
	at org.apache.hadoop.hive.ql.parse.BaseSemanticAnalyzer.analyze(BaseSemanticAnalyzer.java:317) ~[classes/:?]
	at org.apache.hadoop.hive.ql.parse.MergeSemanticAnalyzer.analyzeMerge(MergeSemanticAnalyzer.java:317) ~[classes/:?]
	at org.apache.hadoop.hive.ql.parse.MergeSemanticAnalyzer.analyze(MergeSemanticAnalyzer.java:63) ~[classes/:?]
	at org.apache.hadoop.hive.ql.parse.RewriteSemanticAnalyzer.analyzeInternal(RewriteSemanticAnalyzer.java:72) ~[classes/:?]
	at org.apache.hadoop.hive.ql.parse.BaseSemanticAnalyzer.analyze(BaseSemanticAnalyzer.java:317) ~[classes/:?]
	at org.apache.hadoop.hive.ql.parse.ExplainSemanticAnalyzer.analyzeInternal(ExplainSemanticAnalyzer.java:175) ~[classes/:?]
	at org.apache.hadoop.hive.ql.parse.BaseSemanticAnalyzer.analyze(BaseSemanticAnalyzer.java:317) ~[classes/:?]
	at org.apache.hadoop.hive.ql.Compiler.analyze(Compiler.java:223) ~[classes/:?]
	at org.apache.hadoop.hive.ql.Compiler.compile(Compiler.java:105) ~[classes/:?]
	at org.apache.hadoop.hive.ql.Driver.compile(Driver.java:500) ~[classes/:?]
	at org.apache.hadoop.hive.ql.Driver.compileInternal(Driver.java:453) ~[classes/:?]
	at org.apache.hadoop.hive.ql.Driver.runInternal(Driver.java:181) ~[classes/:?]
	at org.apache.hadoop.hive.ql.Driver.run(Driver.java:153) ~[classes/:?]
	at org.apache.hadoop.hive.ql.Driver.run(Driver.java:140) ~[classes/:?]
	at org.apache.hadoop.hive.ql.TxnCommandsBaseForTests.runStatementOnDriver(TxnCommandsBaseForTests.java:245) ~[test-classes/:?]
	at org.apache.hadoop.hive.ql.TestTxnCommands.testMergeOnTezEdges(TestTxnCommands.java:1198) ~[test-classes/:?]
	at sun.reflect.NativeMethodAccessorImpl.invoke0(Native Method) ~[?:1.8.0_402]
	at sun.reflect.NativeMethodAccessorImpl.invoke(NativeMethodAccessorImpl.java:62) ~[?:1.8.0_402]
	at sun.reflect.DelegatingMethodAccessorImpl.invoke(DelegatingMethodAccessorImpl.java:43) ~[?:1.8.0_402]
	at java.lang.reflect.Method.invoke(Method.java:498) ~[?:1.8.0_402]
	at org.junit.runners.model.FrameworkMethod$1.runReflectiveCall(FrameworkMethod.java:59) ~[junit-4.13.jar:4.13]
	at org.junit.internal.runners.model.ReflectiveCallable.run(ReflectiveCallable.java:12) ~[junit-4.13.jar:4.13]
	at org.junit.runners.model.FrameworkMethod.invokeExplosively(FrameworkMethod.java:56) ~[junit-4.13.jar:4.13]
	at org.junit.internal.runners.statements.InvokeMethod.evaluate(InvokeMethod.java:17) ~[junit-4.13.jar:4.13]
	at org.junit.internal.runners.statements.RunBefores.evaluate(RunBefores.java:26) ~[junit-4.13.jar:4.13]
	at org.junit.internal.runners.statements.RunAfters.evaluate(RunAfters.java:27) ~[junit-4.13.jar:4.13]
	at org.junit.rules.TestWatcher$1.evaluate(TestWatcher.java:61) ~[junit-4.13.jar:4.13]
	at org.junit.runners.ParentRunner$3.evaluate(ParentRunner.java:306) ~[junit-4.13.jar:4.13]
	at org.junit.runners.BlockJUnit4ClassRunner$1.evaluate(BlockJUnit4ClassRunner.java:100) ~[junit-4.13.jar:4.13]
	at org.junit.runners.ParentRunner.runLeaf(ParentRunner.java:366) ~[junit-4.13.jar:4.13]
	at org.junit.runners.BlockJUnit4ClassRunner.runChild(BlockJUnit4ClassRunner.java:103) ~[junit-4.13.jar:4.13]
	at org.junit.runners.BlockJUnit4ClassRunner.runChild(BlockJUnit4ClassRunner.java:63) ~[junit-4.13.jar:4.13]
	at org.junit.runners.ParentRunner$4.run(ParentRunner.java:331) ~[junit-4.13.jar:4.13]
	at org.junit.runners.ParentRunner$1.schedule(ParentRunner.java:79) ~[junit-4.13.jar:4.13]
	at org.junit.runners.ParentRunner.runChildren(ParentRunner.java:329) ~[junit-4.13.jar:4.13]
	at org.junit.runners.ParentRunner.access$100(ParentRunner.java:66) ~[junit-4.13.jar:4.13]
	at org.junit.runners.ParentRunner$2.evaluate(ParentRunner.java:293) ~[junit-4.13.jar:4.13]
	at org.junit.runners.ParentRunner$3.evaluate(ParentRunner.java:306) ~[junit-4.13.jar:4.13]
	at org.junit.runners.ParentRunner.run(ParentRunner.java:413) ~[junit-4.13.jar:4.13]
	at org.junit.runner.JUnitCore.run(JUnitCore.java:137) ~[junit-4.13.jar:4.13]
	at org.junit.runner.JUnitCore.run(JUnitCore.java:115) ~[junit-4.13.jar:4.13]
	at org.junit.vintage.engine.execution.RunnerExecutor.execute(RunnerExecutor.java:43) ~[junit-vintage-engine-5.6.2.jar:5.6.2]
	at java.util.stream.ForEachOps$ForEachOp$OfRef.accept(ForEachOps.java:183) ~[?:1.8.0_402]
	at java.util.stream.ReferencePipeline$3$1.accept(ReferencePipeline.java:193) ~[?:1.8.0_402]
	at java.util.Iterator.forEachRemaining(Iterator.java:116) ~[?:1.8.0_402]
	at java.util.Spliterators$IteratorSpliterator.forEachRemaining(Spliterators.java:1801) ~[?:1.8.0_402]
	at java.util.stream.AbstractPipeline.copyInto(AbstractPipeline.java:482) ~[?:1.8.0_402]
	at java.util.stream.AbstractPipeline.wrapAndCopyInto(AbstractPipeline.java:472) ~[?:1.8.0_402]
	at java.util.stream.ForEachOps$ForEachOp.evaluateSequential(ForEachOps.java:150) ~[?:1.8.0_402]
	at java.util.stream.ForEachOps$ForEachOp$OfRef.evaluateSequential(ForEachOps.java:173) ~[?:1.8.0_402]
	at java.util.stream.AbstractPipeline.evaluate(AbstractPipeline.java:234) ~[?:1.8.0_402]
	at java.util.stream.ReferencePipeline.forEach(ReferencePipeline.java:485) ~[?:1.8.0_402]
	at org.junit.vintage.engine.VintageTestEngine.executeAllChildren(VintageTestEngine.java:82) ~[junit-vintage-engine-5.6.2.jar:5.6.2]
	at org.junit.vintage.engine.VintageTestEngine.execute(VintageTestEngine.java:73) ~[junit-vintage-engine-5.6.2.jar:5.6.2]
	at org.junit.platform.launcher.core.DefaultLauncher.execute(DefaultLauncher.java:248) ~[junit-platform-launcher-1.6.2.jar:1.6.2]
	at org.junit.platform.launcher.core.DefaultLauncher.lambda$execute$5(DefaultLauncher.java:211) ~[junit-platform-launcher-1.6.2.jar:1.6.2]
	at org.junit.platform.launcher.core.DefaultLauncher.withInterceptedStreams(DefaultLauncher.java:226) [junit-platform-launcher-1.6.2.jar:1.6.2]
	at org.junit.platform.launcher.core.DefaultLauncher.execute(DefaultLauncher.java:199) [junit-platform-launcher-1.6.2.jar:1.6.2]
	at org.junit.platform.launcher.core.DefaultLauncher.execute(DefaultLauncher.java:132) [junit-platform-launcher-1.6.2.jar:1.6.2]
	at org.apache.maven.surefire.junitplatform.JUnitPlatformProvider.invokeAllTests(JUnitPlatformProvider.java:154) [surefire-junit-platform-3.0.0-M4.jar:3.0.0-M4]
	at org.apache.maven.surefire.junitplatform.JUnitPlatformProvider.invoke(JUnitPlatformProvider.java:123) [surefire-junit-platform-3.0.0-M4.jar:3.0.0-M4]
	at org.apache.maven.surefire.booter.ForkedBooter.runSuitesInProcess(ForkedBooter.java:377) [surefire-booter-3.0.0-M4.jar:3.0.0-M4]
	at org.apache.maven.surefire.booter.ForkedBooter.execute(ForkedBooter.java:138) [surefire-booter-3.0.0-M4.jar:3.0.0-M4]
	at org.apache.maven.surefire.booter.ForkedBooter.run(ForkedBooter.java:465) [surefire-booter-3.0.0-M4.jar:3.0.0-M4]
	at org.apache.maven.surefire.booter.ForkedBooter.main(ForkedBooter.java:451) [surefire-booter-3.0.0-M4.jar:3.0.0-M4]
2024-04-24T05:15:29,057 ERROR [main] parse.MergeSemanticAnalyzer: CBO failed due to missing column stats (see previous errors), skipping CBO
FAILED: NoMatchingMethodException No matching method for class org.apache.hadoop.hive.ql.udf.UDFToInteger with (struct<writeid:bigint,bucketid:int,rowid:bigint>). Possible choices: _FUNC_(bigint)  _FUNC_(boolean)  _FUNC_(decimal(38,18))  _FUNC_(double)  _FUNC_(float)  _FUNC_(smallint)  _FUNC_(string)  _FUNC_(struct<writeid:bigint,rowid:int,bucketid:bigint>)  _FUNC_(timestamp)  _FUNC_(tinyint)  _FUNC_(void)  
2024-04-24T05:15:29,057 ERROR [main] ql.Driver: FAILED: NoMatchingMethodException No matching method for class org.apache.hadoop.hive.ql.udf.UDFToInteger with (struct<writeid:bigint,bucketid:int,rowid:bigint>). Possible choices: _FUNC_(bigint)  _FUNC_(boolean)  _FUNC_(decimal(38,18))  _FUNC_(double)  _FUNC_(float)  _FUNC_(smallint)  _FUNC_(string)  _FUNC_(struct<writeid:bigint,rowid:int,bucketid:bigint>)  _FUNC_(timestamp)  _FUNC_(tinyint)  _FUNC_(void)  
org.apache.hadoop.hive.ql.exec.NoMatchingMethodException: No matching method for class org.apache.hadoop.hive.ql.udf.UDFToInteger with (struct<writeid:bigint,bucketid:int,rowid:bigint>). Possible choices: _FUNC_(bigint)  _FUNC_(boolean)  _FUNC_(decimal(38,18))  _FUNC_(double)  _FUNC_(float)  _FUNC_(smallint)  _FUNC_(string)  _FUNC_(struct<writeid:bigint,rowid:int,bucketid:bigint>)  _FUNC_(timestamp)  _FUNC_(tinyint)  _FUNC_(void)  
	at org.apache.hadoop.hive.ql.exec.MethodUtils.getMethodInternal(MethodUtils.java:130)
	at org.apache.hadoop.hive.ql.exec.MethodUtils.getMethodInternal(MethodUtils.java:60)
	at org.apache.hadoop.hive.ql.exec.DefaultUDFMethodResolver.getEvalMethod(DefaultUDFMethodResolver.java:59)
	at org.apache.hadoop.hive.ql.udf.TimestampCastRestrictorResolver.getEvalMethod(TimestampCastRestrictorResolver.java:68)
	at org.apache.hadoop.hive.ql.udf.generic.GenericUDFBridge.initialize(GenericUDFBridge.java:168)
	at org.apache.hadoop.hive.ql.udf.generic.GenericUDF.initializeAndFoldConstants(GenericUDF.java:149)
	at org.apache.hadoop.hive.ql.plan.ExprNodeGenericFuncDesc.newInstance(ExprNodeGenericFuncDesc.java:235)
	at org.apache.hadoop.hive.ql.parse.type.ExprNodeDescExprFactory.createFuncCallExpr(ExprNodeDescExprFactory.java:584)
	at org.apache.hadoop.hive.ql.parse.type.ExprNodeDescExprFactory.createFuncCallExpr(ExprNodeDescExprFactory.java:97)
	at org.apache.hadoop.hive.ql.parse.type.TypeCheckProcFactory$DefaultExprProcessor.getFuncExprNodeDescWithUdfData(TypeCheckProcFactory.java:762)
	at org.apache.hadoop.hive.ql.parse.type.TypeCheckProcFactory$DefaultExprProcessor.createConversionCast(TypeCheckProcFactory.java:783)
	at org.apache.hadoop.hive.ql.parse.SemanticAnalyzer.getPartitionColsFromBucketColsForUpdateDelete(SemanticAnalyzer.java:8725)
	at org.apache.hadoop.hive.ql.parse.SemanticAnalyzer.genBucketingSortingDest(SemanticAnalyzer.java:6906)
	at org.apache.hadoop.hive.ql.parse.SemanticAnalyzer.genFileSinkPlan(SemanticAnalyzer.java:7335)
	at org.apache.hadoop.hive.ql.parse.SemanticAnalyzer.genPostGroupByBodyPlan(SemanticAnalyzer.java:11063)
	at org.apache.hadoop.hive.ql.parse.SemanticAnalyzer.genBodyPlan(SemanticAnalyzer.java:10938)
	at org.apache.hadoop.hive.ql.parse.SemanticAnalyzer.genPlan(SemanticAnalyzer.java:11853)
	at org.apache.hadoop.hive.ql.parse.SemanticAnalyzer.genPlan(SemanticAnalyzer.java:11723)
	at org.apache.hadoop.hive.ql.parse.CalcitePlanner.genOPTree(CalcitePlanner.java:626)
	at org.apache.hadoop.hive.ql.parse.SemanticAnalyzer.analyzeInternal(SemanticAnalyzer.java:12558)
	at org.apache.hadoop.hive.ql.parse.CalcitePlanner.analyzeInternal(CalcitePlanner.java:456)
	at org.apache.hadoop.hive.ql.parse.RewriteSemanticAnalyzer.analyzeInternal(RewriteSemanticAnalyzer.java:67)
	at org.apache.hadoop.hive.ql.parse.BaseSemanticAnalyzer.analyze(BaseSemanticAnalyzer.java:317)
	at org.apache.hadoop.hive.ql.parse.MergeSemanticAnalyzer.analyzeMerge(MergeSemanticAnalyzer.java:317)
	at org.apache.hadoop.hive.ql.parse.MergeSemanticAnalyzer.analyze(MergeSemanticAnalyzer.java:63)
	at org.apache.hadoop.hive.ql.parse.RewriteSemanticAnalyzer.analyzeInternal(RewriteSemanticAnalyzer.java:72)
	at org.apache.hadoop.hive.ql.parse.BaseSemanticAnalyzer.analyze(BaseSemanticAnalyzer.java:317)
	at org.apache.hadoop.hive.ql.parse.ExplainSemanticAnalyzer.analyzeInternal(ExplainSemanticAnalyzer.java:175)
	at org.apache.hadoop.hive.ql.parse.BaseSemanticAnalyzer.analyze(BaseSemanticAnalyzer.java:317)
	at org.apache.hadoop.hive.ql.Compiler.analyze(Compiler.java:223)
	at org.apache.hadoop.hive.ql.Compiler.compile(Compiler.java:105)
	at org.apache.hadoop.hive.ql.Driver.compile(Driver.java:500)
	at org.apache.hadoop.hive.ql.Driver.compileInternal(Driver.java:453)
	at org.apache.hadoop.hive.ql.Driver.runInternal(Driver.java:181)
	at org.apache.hadoop.hive.ql.Driver.run(Driver.java:153)
	at org.apache.hadoop.hive.ql.Driver.run(Driver.java:140)
	at org.apache.hadoop.hive.ql.TxnCommandsBaseForTests.runStatementOnDriver(TxnCommandsBaseForTests.java:245)
	at org.apache.hadoop.hive.ql.TestTxnCommands.testMergeOnTezEdges(TestTxnCommands.java:1198)
	at sun.reflect.NativeMethodAccessorImpl.invoke0(Native Method)
	at sun.reflect.NativeMethodAccessorImpl.invoke(NativeMethodAccessorImpl.java:62)
	at sun.reflect.DelegatingMethodAccessorImpl.invoke(DelegatingMethodAccessorImpl.java:43)
	at java.lang.reflect.Method.invoke(Method.java:498)
	at org.junit.runners.model.FrameworkMethod$1.runReflectiveCall(FrameworkMethod.java:59)
	at org.junit.internal.runners.model.ReflectiveCallable.run(ReflectiveCallable.java:12)
	at org.junit.runners.model.FrameworkMethod.invokeExplosively(FrameworkMethod.java:56)
	at org.junit.internal.runners.statements.InvokeMethod.evaluate(InvokeMethod.java:17)
	at org.junit.internal.runners.statements.RunBefores.evaluate(RunBefores.java:26)
	at org.junit.internal.runners.statements.RunAfters.evaluate(RunAfters.java:27)
	at org.junit.rules.TestWatcher$1.evaluate(TestWatcher.java:61)
	at org.junit.runners.ParentRunner$3.evaluate(ParentRunner.java:306)
	at org.junit.runners.BlockJUnit4ClassRunner$1.evaluate(BlockJUnit4ClassRunner.java:100)
	at org.junit.runners.ParentRunner.runLeaf(ParentRunner.java:366)
	at org.junit.runners.BlockJUnit4ClassRunner.runChild(BlockJUnit4ClassRunner.java:103)
	at org.junit.runners.BlockJUnit4ClassRunner.runChild(BlockJUnit4ClassRunner.java:63)
	at org.junit.runners.ParentRunner$4.run(ParentRunner.java:331)
	at org.junit.runners.ParentRunner$1.schedule(ParentRunner.java:79)
	at org.junit.runners.ParentRunner.runChildren(ParentRunner.java:329)
	at org.junit.runners.ParentRunner.access$100(ParentRunner.java:66)
	at org.junit.runners.ParentRunner$2.evaluate(ParentRunner.java:293)
	at org.junit.runners.ParentRunner$3.evaluate(ParentRunner.java:306)
	at org.junit.runners.ParentRunner.run(ParentRunner.java:413)
	at org.junit.runner.JUnitCore.run(JUnitCore.java:137)
	at org.junit.runner.JUnitCore.run(JUnitCore.java:115)
	at org.junit.vintage.engine.execution.RunnerExecutor.execute(RunnerExecutor.java:43)
	at java.util.stream.ForEachOps$ForEachOp$OfRef.accept(ForEachOps.java:183)
	at java.util.stream.ReferencePipeline$3$1.accept(ReferencePipeline.java:193)
	at java.util.Iterator.forEachRemaining(Iterator.java:116)
	at java.util.Spliterators$IteratorSpliterator.forEachRemaining(Spliterators.java:1801)
	at java.util.stream.AbstractPipeline.copyInto(AbstractPipeline.java:482)
	at java.util.stream.AbstractPipeline.wrapAndCopyInto(AbstractPipeline.java:472)
	at java.util.stream.ForEachOps$ForEachOp.evaluateSequential(ForEachOps.java:150)
	at java.util.stream.ForEachOps$ForEachOp$OfRef.evaluateSequential(ForEachOps.java:173)
	at java.util.stream.AbstractPipeline.evaluate(AbstractPipeline.java:234)
	at java.util.stream.ReferencePipeline.forEach(ReferencePipeline.java:485)
	at org.junit.vintage.engine.VintageTestEngine.executeAllChildren(VintageTestEngine.java:82)
	at org.junit.vintage.engine.VintageTestEngine.execute(VintageTestEngine.java:73)
	at org.junit.platform.launcher.core.DefaultLauncher.execute(DefaultLauncher.java:248)
	at org.junit.platform.launcher.core.DefaultLauncher.lambda$execute$5(DefaultLauncher.java:211)
	at org.junit.platform.launcher.core.DefaultLauncher.withInterceptedStreams(DefaultLauncher.java:226)
	at org.junit.platform.launcher.core.DefaultLauncher.execute(DefaultLauncher.java:199)
	at org.junit.platform.launcher.core.DefaultLauncher.execute(DefaultLauncher.java:132)
	at org.apache.maven.surefire.junitplatform.JUnitPlatformProvider.invokeAllTests(JUnitPlatformProvider.java:154)
	at org.apache.maven.surefire.junitplatform.JUnitPlatformProvider.invoke(JUnitPlatformProvider.java:123)
	at org.apache.maven.surefire.booter.ForkedBooter.runSuitesInProcess(ForkedBooter.java:377)
	at org.apache.maven.surefire.booter.ForkedBooter.execute(ForkedBooter.java:138)
	at org.apache.maven.surefire.booter.ForkedBooter.run(ForkedBooter.java:465)
	at org.apache.maven.surefire.booter.ForkedBooter.main(ForkedBooter.java:451)

2024-04-24T05:15:29,058  INFO [main] metadata.Hive: Dumping metastore api call timing information for : compilation phase
2024-04-24T05:15:29,058  INFO [main] metadata.Hive: Total time spent in each metastore function (ms): {openTxn_(String, TxnType)=1, flushCache_()=0, getTableColumnStatistics_(String, String, List, String)=66, commitTxn_(CommitTxnRequest)=9, createTable_(Table)=3, getTable_(GetTableRequest)=99, getValidTxns_(long)=0, isCompatibleWith_(Configuration)=2, getValidWriteIds_(List, String)=5, getAllTableConstraints_(AllTableConstraintsRequest)=29}
2024-04-24T05:15:29,058  INFO [main] ql.Driver: Completed compiling command(queryId=alex_20240424051528_d2258a9a-3bc1-4231-99bd-c3d8b66c6f20); Time taken: 0.442 seconds
2024-04-24T05:15:29,058  INFO [main] lockmgr.DbTxnManager: Stopped heartbeat for query: alex_20240424051528_d2258a9a-3bc1-4231-99bd-c3d8b66c6f20
2024-04-24T05:15:29,062  INFO [main] txn.TxnHandler: Removed transactions: ([13]) from MIN_HISTORY_LEVEL
2024-04-24T05:15:29,069  INFO [main] ql.TxnCommandsBaseForTests: Running the query: drop table if exists acidTbl
2024-04-24T05:15:29,069  INFO [main] ql.Context: Deleting scratch dir: file:/home/alex/Repositories/hive/ql/target/tmp/localscratchdir/9c2a2dfc-df90-4fe2-99e2-0fb78eac00b4/hive_2024-04-24_05-15-28_642_5411349763547426987-1
2024-04-24T05:15:29,069  INFO [main] ql.Driver: Compiling command(queryId=alex_20240424051528_d2258a9a-3bc1-4231-99bd-c3d8b66c6f20): drop table if exists acidTbl
2024-04-24T05:15:29,071  INFO [main] txn.TxnHandler: Added entries to MIN_HISTORY_LEVEL for current txns: ([14]) with min_open_txn: 1
2024-04-24T05:15:29,071  INFO [main] lockmgr.DbTxnManager: Opened txnid:14
2024-04-24T05:15:29,072  INFO [main] HiveMetaStore.audit: ugi=alex	ip=unknown-ip-addr	cmd=get_table : tbl=hive.default.acidTbl	
2024-04-24T05:15:29,078  INFO [main] metastore.HMSHandler: Skipping translation for processor with null
2024-04-24T05:15:29,078  INFO [main] ql.Driver: Semantic Analysis Completed (retrial = false)
2024-04-24T05:15:29,078  INFO [main] ql.Driver: Created Hive schema: Schema(fieldSchemas:null, properties:null)
2024-04-24T05:15:29,078  INFO [main] metadata.Hive: Dumping metastore api call timing information for : compilation phase
2024-04-24T05:15:29,078  INFO [main] metadata.Hive: Total time spent in each metastore function (ms): {flushCache_()=0, getValidTxns_(long)=1, rollbackTxn_(long)=11, getTable_(GetTableRequest)=6, openTxn_(String, TxnType)=2, isCompatibleWith_(Configuration)=0}
2024-04-24T05:15:29,079  INFO [main] ql.Driver: Completed compiling command(queryId=alex_20240424051528_d2258a9a-3bc1-4231-99bd-c3d8b66c6f20); Time taken: 0.009 seconds
2024-04-24T05:15:29,079  INFO [main] lockmgr.DbTxnManager: Setting lock request transaction to txnid:14 for queryId=alex_20240424051528_d2258a9a-3bc1-4231-99bd-c3d8b66c6f20
2024-04-24T05:15:29,079  INFO [main] lockmgr.DbLockManager: Requesting lock for queryId=alex_20240424051528_d2258a9a-3bc1-4231-99bd-c3d8b66c6f20
2024-04-24T05:15:29,097  INFO [main] lockmgr.DbLockManager: Response to queryId=alex_20240424051528_d2258a9a-3bc1-4231-99bd-c3d8b66c6f20 LockResponse(lockid:7, state:ACQUIRED)
2024-04-24T05:15:29,097  INFO [main] ql.Driver: Operation DROPTABLE obtained 1 locks
2024-04-24T05:15:29,097  INFO [main] ql.Driver: Executing command(queryId=alex_20240424051528_d2258a9a-3bc1-4231-99bd-c3d8b66c6f20): drop table if exists acidTbl
2024-04-24T05:15:29,097  INFO [main] ql.Driver: Starting task [Stage-0:DDL] in serial mode
2024-04-24T05:15:29,097  INFO [main] HiveMetaStore.audit: ugi=alex	ip=unknown-ip-addr	cmd=get_table : tbl=hive.default.acidTbl	
2024-04-24T05:15:29,104  INFO [main] metastore.HMSHandler: Skipping translation for processor with null
2024-04-24T05:15:29,104  INFO [main] HiveMetaStore.audit: ugi=alex	ip=unknown-ip-addr	cmd=get_table : tbl=hive.default.acidTbl	
2024-04-24T05:15:29,110  INFO [main] metastore.HMSHandler: Skipping translation for processor with null
2024-04-24T05:15:29,111  INFO [main] HiveMetaStore.audit: ugi=alex	ip=unknown-ip-addr	cmd=drop_table : tbl=hive.default.acidTbl	
2024-04-24T05:15:29,212  INFO [main] metadata.Hive: Dumping metastore api call timing information for : execution phase
2024-04-24T05:15:29,213  INFO [main] metadata.Hive: Total time spent in each metastore function (ms): {dropTable_(String, String, boolean, boolean, boolean)=108, getTable_(GetTableRequest)=7, isCompatibleWith_(Configuration)=0}
2024-04-24T05:15:29,213  INFO [main] ql.Driver: Completed executing command(queryId=alex_20240424051528_d2258a9a-3bc1-4231-99bd-c3d8b66c6f20); Time taken: 0.115 seconds
2024-04-24T05:15:29,213  INFO [main] lockmgr.DbTxnManager: Stopped heartbeat for query: alex_20240424051528_d2258a9a-3bc1-4231-99bd-c3d8b66c6f20
2024-04-24T05:15:29,217  INFO [main] txn.TxnHandler: Expected to move at least one record from txn_components to completed_txn_components when committing txn! txnid:14
2024-04-24T05:15:29,222  INFO [main] txn.TxnHandler: Removed transactions: ([14]) from MIN_HISTORY_LEVEL
2024-04-24T05:15:29,222  WARN [main] txn.CompactionTxnHandler: No compaction queue record found for Compaction type transaction commit. txnId:14
2024-04-24T05:15:29,223  INFO [main] ql.TxnCommandsBaseForTests: Running the query: drop table if exists acidTblPart
2024-04-24T05:15:29,223  INFO [main] ql.Driver: Compiling command(queryId=alex_20240424051528_d2258a9a-3bc1-4231-99bd-c3d8b66c6f20): drop table if exists acidTblPart
2024-04-24T05:15:29,225  INFO [main] txn.TxnHandler: Added entries to MIN_HISTORY_LEVEL for current txns: ([15]) with min_open_txn: 4
2024-04-24T05:15:29,225  INFO [main] lockmgr.DbTxnManager: Opened txnid:15
2024-04-24T05:15:29,226  INFO [main] HiveMetaStore.audit: ugi=alex	ip=unknown-ip-addr	cmd=get_table : tbl=hive.default.acidTblPart	
2024-04-24T05:15:29,232  INFO [main] metastore.HMSHandler: Skipping translation for processor with null
2024-04-24T05:15:29,232  INFO [main] ql.Driver: Semantic Analysis Completed (retrial = false)
2024-04-24T05:15:29,232  INFO [main] ql.Driver: Created Hive schema: Schema(fieldSchemas:null, properties:null)
2024-04-24T05:15:29,232  INFO [main] metadata.Hive: Dumping metastore api call timing information for : compilation phase
2024-04-24T05:15:29,232  INFO [main] metadata.Hive: Total time spent in each metastore function (ms): {getValidTxns_(long)=1, commitTxn_(CommitTxnRequest)=10, getTable_(GetTableRequest)=6, openTxn_(String, TxnType)=2, isCompatibleWith_(Configuration)=0, flushCache_()=0}
2024-04-24T05:15:29,233  INFO [main] ql.Driver: Completed compiling command(queryId=alex_20240424051528_d2258a9a-3bc1-4231-99bd-c3d8b66c6f20); Time taken: 0.009 seconds
2024-04-24T05:15:29,233  INFO [main] lockmgr.DbTxnManager: Setting lock request transaction to txnid:15 for queryId=alex_20240424051528_d2258a9a-3bc1-4231-99bd-c3d8b66c6f20
2024-04-24T05:15:29,233  INFO [main] lockmgr.DbLockManager: Requesting lock for queryId=alex_20240424051528_d2258a9a-3bc1-4231-99bd-c3d8b66c6f20
2024-04-24T05:15:29,246  INFO [main] lockmgr.DbLockManager: Response to queryId=alex_20240424051528_d2258a9a-3bc1-4231-99bd-c3d8b66c6f20 LockResponse(lockid:8, state:ACQUIRED)
2024-04-24T05:15:29,246  INFO [main] ql.Driver: Operation DROPTABLE obtained 1 locks
2024-04-24T05:15:29,247  INFO [main] ql.Driver: Executing command(queryId=alex_20240424051528_d2258a9a-3bc1-4231-99bd-c3d8b66c6f20): drop table if exists acidTblPart
2024-04-24T05:15:29,247  INFO [main] ql.Driver: Starting task [Stage-0:DDL] in serial mode
2024-04-24T05:15:29,247  INFO [main] HiveMetaStore.audit: ugi=alex	ip=unknown-ip-addr	cmd=get_table : tbl=hive.default.acidTblPart	
2024-04-24T05:15:29,253  INFO [main] metastore.HMSHandler: Skipping translation for processor with null
2024-04-24T05:15:29,253  INFO [main] HiveMetaStore.audit: ugi=alex	ip=unknown-ip-addr	cmd=get_table : tbl=hive.default.acidTblPart	
2024-04-24T05:15:29,260  INFO [main] metastore.HMSHandler: Skipping translation for processor with null
2024-04-24T05:15:29,260  INFO [main] HiveMetaStore.audit: ugi=alex	ip=unknown-ip-addr	cmd=drop_table : tbl=hive.default.acidTblPart	
2024-04-24T05:15:29,299  INFO [main] metadata.Hive: Dumping metastore api call timing information for : execution phase
2024-04-24T05:15:29,299  INFO [main] metadata.Hive: Total time spent in each metastore function (ms): {dropTable_(String, String, boolean, boolean, boolean)=46, getTable_(GetTableRequest)=6, isCompatibleWith_(Configuration)=0}
2024-04-24T05:15:29,300  INFO [main] ql.Driver: Completed executing command(queryId=alex_20240424051528_d2258a9a-3bc1-4231-99bd-c3d8b66c6f20); Time taken: 0.053 seconds
2024-04-24T05:15:29,300  INFO [main] lockmgr.DbTxnManager: Stopped heartbeat for query: alex_20240424051528_d2258a9a-3bc1-4231-99bd-c3d8b66c6f20
2024-04-24T05:15:29,303  INFO [main] txn.TxnHandler: Expected to move at least one record from txn_components to completed_txn_components when committing txn! txnid:15
2024-04-24T05:15:29,309  INFO [main] txn.TxnHandler: Removed transactions: ([15]) from MIN_HISTORY_LEVEL
2024-04-24T05:15:29,309  WARN [main] txn.CompactionTxnHandler: No compaction queue record found for Compaction type transaction commit. txnId:15
2024-04-24T05:15:29,310  INFO [main] ql.TxnCommandsBaseForTests: Running the query: drop table if exists acidTbl2
2024-04-24T05:15:29,310  INFO [main] ql.Driver: Compiling command(queryId=alex_20240424051528_d2258a9a-3bc1-4231-99bd-c3d8b66c6f20): drop table if exists acidTbl2
2024-04-24T05:15:29,312  INFO [main] txn.TxnHandler: Added entries to MIN_HISTORY_LEVEL for current txns: ([16]) with min_open_txn: 8
2024-04-24T05:15:29,313  INFO [main] lockmgr.DbTxnManager: Opened txnid:16
2024-04-24T05:15:29,313  INFO [main] ql.Driver: Semantic Analysis Completed (retrial = false)
2024-04-24T05:15:29,314  INFO [main] ql.Driver: Created Hive schema: Schema(fieldSchemas:null, properties:null)
2024-04-24T05:15:29,314  INFO [main] metadata.Hive: Dumping metastore api call timing information for : compilation phase
2024-04-24T05:15:29,314  INFO [main] metadata.Hive: Total time spent in each metastore function (ms): {openTxn_(String, TxnType)=3, flushCache_()=0, getTable_(GetTableRequest)=0, isCompatibleWith_(Configuration)=0, commitTxn_(CommitTxnRequest)=9, getValidTxns_(long)=0}
2024-04-24T05:15:29,314  INFO [main] ql.Driver: Completed compiling command(queryId=alex_20240424051528_d2258a9a-3bc1-4231-99bd-c3d8b66c6f20); Time taken: 0.004 seconds
2024-04-24T05:15:29,314  INFO [main] lockmgr.DbTxnManager: Setting lock request transaction to txnid:16 for queryId=alex_20240424051528_d2258a9a-3bc1-4231-99bd-c3d8b66c6f20
2024-04-24T05:15:29,314  INFO [main] ql.Driver: Operation DROPTABLE obtained 0 locks
2024-04-24T05:15:29,314  INFO [main] ql.Driver: Executing command(queryId=alex_20240424051528_d2258a9a-3bc1-4231-99bd-c3d8b66c6f20): drop table if exists acidTbl2
2024-04-24T05:15:29,314  INFO [main] ql.Driver: Starting task [Stage-0:DDL] in serial mode
2024-04-24T05:15:29,315  INFO [main] metadata.SessionHiveMetaStoreClient: Column stats doesn't exist for db=default temp table=acidTbl2
2024-04-24T05:15:29,315  INFO [main] metadata.Hive: Dumping metastore api call timing information for : execution phase
2024-04-24T05:15:29,315  INFO [main] metadata.Hive: Total time spent in each metastore function (ms): {isCompatibleWith_(Configuration)=0, dropTable_(String, String, boolean, boolean, boolean)=0, getTable_(GetTableRequest)=1}
2024-04-24T05:15:29,315  INFO [main] ql.Driver: Completed executing command(queryId=alex_20240424051528_d2258a9a-3bc1-4231-99bd-c3d8b66c6f20); Time taken: 0.001 seconds
2024-04-24T05:15:29,315  INFO [main] lockmgr.DbTxnManager: Stopped heartbeat for query: alex_20240424051528_d2258a9a-3bc1-4231-99bd-c3d8b66c6f20
2024-04-24T05:15:29,320  INFO [main] txn.TxnHandler: Expected to move at least one record from txn_components to completed_txn_components when committing txn! txnid:16
2024-04-24T05:15:29,326  INFO [main] txn.TxnHandler: Removed transactions: ([16]) from MIN_HISTORY_LEVEL
2024-04-24T05:15:29,326  WARN [main] txn.CompactionTxnHandler: No compaction queue record found for Compaction type transaction commit. txnId:16
2024-04-24T05:15:29,326  INFO [main] ql.TxnCommandsBaseForTests: Running the query: drop table if exists nonAcidOrcTbl
2024-04-24T05:15:29,326  INFO [main] ql.Driver: Compiling command(queryId=alex_20240424051528_d2258a9a-3bc1-4231-99bd-c3d8b66c6f20): drop table if exists nonAcidOrcTbl
2024-04-24T05:15:29,329  INFO [main] txn.TxnHandler: Added entries to MIN_HISTORY_LEVEL for current txns: ([17]) with min_open_txn: 8
2024-04-24T05:15:29,329  INFO [main] lockmgr.DbTxnManager: Opened txnid:17
2024-04-24T05:15:29,329  INFO [main] HiveMetaStore.audit: ugi=alex	ip=unknown-ip-addr	cmd=get_table : tbl=hive.default.nonAcidOrcTbl	
2024-04-24T05:15:29,350  INFO [main] metastore.HMSHandler: Skipping translation for processor with null
2024-04-24T05:15:29,350  INFO [main] ql.Driver: Semantic Analysis Completed (retrial = false)
2024-04-24T05:15:29,350  INFO [main] ql.Driver: Created Hive schema: Schema(fieldSchemas:null, properties:null)
2024-04-24T05:15:29,350  INFO [main] metadata.Hive: Dumping metastore api call timing information for : compilation phase
2024-04-24T05:15:29,351  INFO [main] metadata.Hive: Total time spent in each metastore function (ms): {getValidTxns_(long)=0, flushCache_()=0, getTable_(GetTableRequest)=21, isCompatibleWith_(Configuration)=1, commitTxn_(CommitTxnRequest)=11, openTxn_(String, TxnType)=2}
2024-04-24T05:15:29,351  INFO [main] ql.Driver: Completed compiling command(queryId=alex_20240424051528_d2258a9a-3bc1-4231-99bd-c3d8b66c6f20); Time taken: 0.024 seconds
2024-04-24T05:15:29,351  INFO [main] lockmgr.DbTxnManager: Setting lock request transaction to txnid:17 for queryId=alex_20240424051528_d2258a9a-3bc1-4231-99bd-c3d8b66c6f20
2024-04-24T05:15:29,351  INFO [main] lockmgr.DbLockManager: Requesting lock for queryId=alex_20240424051528_d2258a9a-3bc1-4231-99bd-c3d8b66c6f20
2024-04-24T05:15:29,367  INFO [main] lockmgr.DbLockManager: Response to queryId=alex_20240424051528_d2258a9a-3bc1-4231-99bd-c3d8b66c6f20 LockResponse(lockid:9, state:ACQUIRED)
2024-04-24T05:15:29,367  INFO [main] ql.Driver: Operation DROPTABLE obtained 1 locks
2024-04-24T05:15:29,367  INFO [main] ql.Driver: Executing command(queryId=alex_20240424051528_d2258a9a-3bc1-4231-99bd-c3d8b66c6f20): drop table if exists nonAcidOrcTbl
2024-04-24T05:15:29,367  INFO [main] ql.Driver: Starting task [Stage-0:DDL] in serial mode
2024-04-24T05:15:29,368  INFO [main] HiveMetaStore.audit: ugi=alex	ip=unknown-ip-addr	cmd=get_table : tbl=hive.default.nonAcidOrcTbl	
2024-04-24T05:15:29,376  INFO [main] metastore.HMSHandler: Skipping translation for processor with null
2024-04-24T05:15:29,376  INFO [main] HiveMetaStore.audit: ugi=alex	ip=unknown-ip-addr	cmd=get_table : tbl=hive.default.nonAcidOrcTbl	
2024-04-24T05:15:29,384  INFO [main] metastore.HMSHandler: Skipping translation for processor with null
2024-04-24T05:15:29,384  INFO [main] HiveMetaStore.audit: ugi=alex	ip=unknown-ip-addr	cmd=drop_table : tbl=hive.default.nonAcidOrcTbl	
2024-04-24T05:15:29,421  INFO [main] metadata.Hive: Dumping metastore api call timing information for : execution phase
2024-04-24T05:15:29,421  INFO [main] metadata.Hive: Total time spent in each metastore function (ms): {dropTable_(String, String, boolean, boolean, boolean)=44, isCompatibleWith_(Configuration)=1, getTable_(GetTableRequest)=8}
2024-04-24T05:15:29,421  INFO [main] ql.Driver: Completed executing command(queryId=alex_20240424051528_d2258a9a-3bc1-4231-99bd-c3d8b66c6f20); Time taken: 0.054 seconds
2024-04-24T05:15:29,421  INFO [main] lockmgr.DbTxnManager: Stopped heartbeat for query: alex_20240424051528_d2258a9a-3bc1-4231-99bd-c3d8b66c6f20
2024-04-24T05:15:29,425  INFO [main] txn.TxnHandler: Expected to move at least one record from txn_components to completed_txn_components when committing txn! txnid:17
2024-04-24T05:15:29,430  INFO [main] txn.TxnHandler: Removed transactions: ([17]) from MIN_HISTORY_LEVEL
2024-04-24T05:15:29,430  WARN [main] txn.CompactionTxnHandler: No compaction queue record found for Compaction type transaction commit. txnId:17
2024-04-24T05:15:29,431  INFO [main] ql.TxnCommandsBaseForTests: Running the query: drop table if exists nonAcidOrcTbl2
2024-04-24T05:15:29,431  INFO [main] ql.Driver: Compiling command(queryId=alex_20240424051528_d2258a9a-3bc1-4231-99bd-c3d8b66c6f20): drop table if exists nonAcidOrcTbl2
2024-04-24T05:15:29,433  INFO [main] txn.TxnHandler: Added entries to MIN_HISTORY_LEVEL for current txns: ([18]) with min_open_txn: 9
2024-04-24T05:15:29,433  INFO [main] lockmgr.DbTxnManager: Opened txnid:18
2024-04-24T05:15:29,434  INFO [main] HiveMetaStore.audit: ugi=alex	ip=unknown-ip-addr	cmd=get_table : tbl=hive.default.nonAcidOrcTbl2	
2024-04-24T05:15:29,442  INFO [main] metastore.HMSHandler: Skipping translation for processor with null
2024-04-24T05:15:29,442  INFO [main] ql.Driver: Semantic Analysis Completed (retrial = false)
2024-04-24T05:15:29,442  INFO [main] ql.Driver: Created Hive schema: Schema(fieldSchemas:null, properties:null)
2024-04-24T05:15:29,443  INFO [main] metadata.Hive: Dumping metastore api call timing information for : compilation phase
2024-04-24T05:15:29,443  INFO [main] metadata.Hive: Total time spent in each metastore function (ms): {isCompatibleWith_(Configuration)=0, getTable_(GetTableRequest)=8, getValidTxns_(long)=1, commitTxn_(CommitTxnRequest)=10, openTxn_(String, TxnType)=2, flushCache_()=0}
2024-04-24T05:15:29,443  INFO [main] ql.Driver: Completed compiling command(queryId=alex_20240424051528_d2258a9a-3bc1-4231-99bd-c3d8b66c6f20); Time taken: 0.011 seconds
2024-04-24T05:15:29,443  INFO [main] lockmgr.DbTxnManager: Setting lock request transaction to txnid:18 for queryId=alex_20240424051528_d2258a9a-3bc1-4231-99bd-c3d8b66c6f20
2024-04-24T05:15:29,443  INFO [main] lockmgr.DbLockManager: Requesting lock for queryId=alex_20240424051528_d2258a9a-3bc1-4231-99bd-c3d8b66c6f20
2024-04-24T05:15:29,457  INFO [main] lockmgr.DbLockManager: Response to queryId=alex_20240424051528_d2258a9a-3bc1-4231-99bd-c3d8b66c6f20 LockResponse(lockid:10, state:ACQUIRED)
2024-04-24T05:15:29,457  INFO [main] ql.Driver: Operation DROPTABLE obtained 1 locks
2024-04-24T05:15:29,457  INFO [main] ql.Driver: Executing command(queryId=alex_20240424051528_d2258a9a-3bc1-4231-99bd-c3d8b66c6f20): drop table if exists nonAcidOrcTbl2
2024-04-24T05:15:29,457  INFO [main] ql.Driver: Starting task [Stage-0:DDL] in serial mode
2024-04-24T05:15:29,458  INFO [main] HiveMetaStore.audit: ugi=alex	ip=unknown-ip-addr	cmd=get_table : tbl=hive.default.nonAcidOrcTbl2	
2024-04-24T05:15:29,467  INFO [main] metastore.HMSHandler: Skipping translation for processor with null
2024-04-24T05:15:29,467  INFO [main] HiveMetaStore.audit: ugi=alex	ip=unknown-ip-addr	cmd=get_table : tbl=hive.default.nonAcidOrcTbl2	
2024-04-24T05:15:29,476  INFO [main] metastore.HMSHandler: Skipping translation for processor with null
2024-04-24T05:15:29,476  INFO [main] HiveMetaStore.audit: ugi=alex	ip=unknown-ip-addr	cmd=drop_table : tbl=hive.default.nonAcidOrcTbl2	
2024-04-24T05:15:29,509  INFO [main] metadata.Hive: Dumping metastore api call timing information for : execution phase
2024-04-24T05:15:29,509  INFO [main] metadata.Hive: Total time spent in each metastore function (ms): {dropTable_(String, String, boolean, boolean, boolean)=42, getTable_(GetTableRequest)=9, isCompatibleWith_(Configuration)=1}
2024-04-24T05:15:29,509  INFO [main] ql.Driver: Completed executing command(queryId=alex_20240424051528_d2258a9a-3bc1-4231-99bd-c3d8b66c6f20); Time taken: 0.052 seconds
2024-04-24T05:15:29,509  INFO [main] lockmgr.DbTxnManager: Stopped heartbeat for query: alex_20240424051528_d2258a9a-3bc1-4231-99bd-c3d8b66c6f20
2024-04-24T05:15:29,513  INFO [main] txn.TxnHandler: Expected to move at least one record from txn_components to completed_txn_components when committing txn! txnid:18
2024-04-24T05:15:29,520  INFO [main] txn.TxnHandler: Removed transactions: ([18]) from MIN_HISTORY_LEVEL
2024-04-24T05:15:29,520  WARN [main] txn.CompactionTxnHandler: No compaction queue record found for Compaction type transaction commit. txnId:18
2024-04-24T05:15:29,520  INFO [main] ql.TxnCommandsBaseForTests: Running the query: drop table if exists nonAcidNonBucket
2024-04-24T05:15:29,520  INFO [main] ql.Driver: Compiling command(queryId=alex_20240424051528_d2258a9a-3bc1-4231-99bd-c3d8b66c6f20): drop table if exists nonAcidNonBucket
2024-04-24T05:15:29,523  INFO [main] txn.TxnHandler: Added entries to MIN_HISTORY_LEVEL for current txns: ([19]) with min_open_txn: 11
2024-04-24T05:15:29,523  INFO [main] lockmgr.DbTxnManager: Opened txnid:19
2024-04-24T05:15:29,523  INFO [main] HiveMetaStore.audit: ugi=alex	ip=unknown-ip-addr	cmd=get_table : tbl=hive.default.nonAcidNonBucket	
2024-04-24T05:15:29,532  INFO [main] metastore.HMSHandler: Skipping translation for processor with null
2024-04-24T05:15:29,532  INFO [main] ql.Driver: Semantic Analysis Completed (retrial = false)
2024-04-24T05:15:29,532  INFO [main] ql.Driver: Created Hive schema: Schema(fieldSchemas:null, properties:null)
2024-04-24T05:15:29,532  INFO [main] metadata.Hive: Dumping metastore api call timing information for : compilation phase
2024-04-24T05:15:29,532  INFO [main] metadata.Hive: Total time spent in each metastore function (ms): {commitTxn_(CommitTxnRequest)=11, getTable_(GetTableRequest)=9, getValidTxns_(long)=0, isCompatibleWith_(Configuration)=0, openTxn_(String, TxnType)=2, flushCache_()=0}
2024-04-24T05:15:29,532  INFO [main] ql.Driver: Completed compiling command(queryId=alex_20240424051528_d2258a9a-3bc1-4231-99bd-c3d8b66c6f20); Time taken: 0.012 seconds
2024-04-24T05:15:29,533  INFO [main] lockmgr.DbTxnManager: Setting lock request transaction to txnid:19 for queryId=alex_20240424051528_d2258a9a-3bc1-4231-99bd-c3d8b66c6f20
2024-04-24T05:15:29,533  INFO [main] lockmgr.DbLockManager: Requesting lock for queryId=alex_20240424051528_d2258a9a-3bc1-4231-99bd-c3d8b66c6f20
2024-04-24T05:15:29,546  INFO [main] lockmgr.DbLockManager: Response to queryId=alex_20240424051528_d2258a9a-3bc1-4231-99bd-c3d8b66c6f20 LockResponse(lockid:11, state:ACQUIRED)
2024-04-24T05:15:29,547  INFO [main] ql.Driver: Operation DROPTABLE obtained 1 locks
2024-04-24T05:15:29,547  INFO [main] ql.Driver: Executing command(queryId=alex_20240424051528_d2258a9a-3bc1-4231-99bd-c3d8b66c6f20): drop table if exists nonAcidNonBucket
2024-04-24T05:15:29,547  INFO [main] ql.Driver: Starting task [Stage-0:DDL] in serial mode
2024-04-24T05:15:29,547  INFO [main] HiveMetaStore.audit: ugi=alex	ip=unknown-ip-addr	cmd=get_table : tbl=hive.default.nonAcidNonBucket	
2024-04-24T05:15:29,555  INFO [main] metastore.HMSHandler: Skipping translation for processor with null
2024-04-24T05:15:29,555  INFO [main] HiveMetaStore.audit: ugi=alex	ip=unknown-ip-addr	cmd=get_table : tbl=hive.default.nonAcidNonBucket	
2024-04-24T05:15:29,564  INFO [main] metastore.HMSHandler: Skipping translation for processor with null
2024-04-24T05:15:29,564  INFO [main] HiveMetaStore.audit: ugi=alex	ip=unknown-ip-addr	cmd=drop_table : tbl=hive.default.nonAcidNonBucket	
2024-04-24T05:15:29,593  INFO [main] metadata.Hive: Dumping metastore api call timing information for : execution phase
2024-04-24T05:15:29,594  INFO [main] metadata.Hive: Total time spent in each metastore function (ms): {dropTable_(String, String, boolean, boolean, boolean)=38, getTable_(GetTableRequest)=8, isCompatibleWith_(Configuration)=0}
2024-04-24T05:15:29,594  INFO [main] ql.Driver: Completed executing command(queryId=alex_20240424051528_d2258a9a-3bc1-4231-99bd-c3d8b66c6f20); Time taken: 0.046 seconds
2024-04-24T05:15:29,594  INFO [main] lockmgr.DbTxnManager: Stopped heartbeat for query: alex_20240424051528_d2258a9a-3bc1-4231-99bd-c3d8b66c6f20
2024-04-24T05:15:29,597  INFO [main] txn.TxnHandler: Expected to move at least one record from txn_components to completed_txn_components when committing txn! txnid:19
2024-04-24T05:15:29,603  INFO [main] txn.TxnHandler: Removed transactions: ([19]) from MIN_HISTORY_LEVEL
2024-04-24T05:15:29,603  WARN [main] txn.CompactionTxnHandler: No compaction queue record found for Compaction type transaction commit. txnId:19
2024-04-24T05:15:29,604  INFO [main] utils.TestTxnDbUtil: Cleaning transactional tables
]]></system-err>
  </testcase>
  <testcase name="testMergeType2SCD01" classname="org.apache.hadoop.hive.ql.TestTxnCommandsWithSplitUpdateAndVectorization" time="12.113">
    <error type="java.lang.RuntimeException"><![CDATA[java.lang.RuntimeException: merge into target t using (select curMatch.*, case when splitTable.op is null or splitTable.op = 0 then 0 else 1 end `o/p\n` from (select s.*, case when t.cur is null then 0 else 1 end m from source s left outer join (select * from target where target.cur=1) t on s.key=t.key) curMatch left outer join splitTable on curMatch.m=1) s on t.key=s.key and t.cur=1 and s.`o/p\n`=1 when matched then update set cur=0 when not matched then insert values(s.key,s.data,1) failed: (responseCode = 2, errorMessage = FAILED: Execution Error, return code 2 from org.apache.hadoop.hive.ql.exec.mr.MapRedTask, SQLState = 08S01)
	at org.apache.hadoop.hive.ql.TxnCommandsBaseForTests.runStatementOnDriver(TxnCommandsBaseForTests.java:247)
	at org.apache.hadoop.hive.ql.TestTxnCommands.testMergeType2SCD01(TestTxnCommands.java:1140)
	at sun.reflect.NativeMethodAccessorImpl.invoke0(Native Method)
	at sun.reflect.NativeMethodAccessorImpl.invoke(NativeMethodAccessorImpl.java:62)
	at sun.reflect.DelegatingMethodAccessorImpl.invoke(DelegatingMethodAccessorImpl.java:43)
	at java.lang.reflect.Method.invoke(Method.java:498)
	at org.junit.runners.model.FrameworkMethod$1.runReflectiveCall(FrameworkMethod.java:59)
	at org.junit.internal.runners.model.ReflectiveCallable.run(ReflectiveCallable.java:12)
	at org.junit.runners.model.FrameworkMethod.invokeExplosively(FrameworkMethod.java:56)
	at org.junit.internal.runners.statements.InvokeMethod.evaluate(InvokeMethod.java:17)
	at org.junit.internal.runners.statements.RunBefores.evaluate(RunBefores.java:26)
	at org.junit.internal.runners.statements.RunAfters.evaluate(RunAfters.java:27)
	at org.junit.rules.TestWatcher$1.evaluate(TestWatcher.java:61)
	at org.junit.runners.ParentRunner$3.evaluate(ParentRunner.java:306)
	at org.junit.runners.BlockJUnit4ClassRunner$1.evaluate(BlockJUnit4ClassRunner.java:100)
	at org.junit.runners.ParentRunner.runLeaf(ParentRunner.java:366)
	at org.junit.runners.BlockJUnit4ClassRunner.runChild(BlockJUnit4ClassRunner.java:103)
	at org.junit.runners.BlockJUnit4ClassRunner.runChild(BlockJUnit4ClassRunner.java:63)
	at org.junit.runners.ParentRunner$4.run(ParentRunner.java:331)
	at org.junit.runners.ParentRunner$1.schedule(ParentRunner.java:79)
	at org.junit.runners.ParentRunner.runChildren(ParentRunner.java:329)
	at org.junit.runners.ParentRunner.access$100(ParentRunner.java:66)
	at org.junit.runners.ParentRunner$2.evaluate(ParentRunner.java:293)
	at org.junit.runners.ParentRunner$3.evaluate(ParentRunner.java:306)
	at org.junit.runners.ParentRunner.run(ParentRunner.java:413)
	at org.junit.runner.JUnitCore.run(JUnitCore.java:137)
	at org.junit.runner.JUnitCore.run(JUnitCore.java:115)
	at org.junit.vintage.engine.execution.RunnerExecutor.execute(RunnerExecutor.java:43)
	at java.util.stream.ForEachOps$ForEachOp$OfRef.accept(ForEachOps.java:183)
	at java.util.stream.ReferencePipeline$3$1.accept(ReferencePipeline.java:193)
	at java.util.Iterator.forEachRemaining(Iterator.java:116)
	at java.util.Spliterators$IteratorSpliterator.forEachRemaining(Spliterators.java:1801)
	at java.util.stream.AbstractPipeline.copyInto(AbstractPipeline.java:482)
	at java.util.stream.AbstractPipeline.wrapAndCopyInto(AbstractPipeline.java:472)
	at java.util.stream.ForEachOps$ForEachOp.evaluateSequential(ForEachOps.java:150)
	at java.util.stream.ForEachOps$ForEachOp$OfRef.evaluateSequential(ForEachOps.java:173)
	at java.util.stream.AbstractPipeline.evaluate(AbstractPipeline.java:234)
	at java.util.stream.ReferencePipeline.forEach(ReferencePipeline.java:485)
	at org.junit.vintage.engine.VintageTestEngine.executeAllChildren(VintageTestEngine.java:82)
	at org.junit.vintage.engine.VintageTestEngine.execute(VintageTestEngine.java:73)
	at org.junit.platform.launcher.core.DefaultLauncher.execute(DefaultLauncher.java:248)
	at org.junit.platform.launcher.core.DefaultLauncher.lambda$execute$5(DefaultLauncher.java:211)
	at org.junit.platform.launcher.core.DefaultLauncher.withInterceptedStreams(DefaultLauncher.java:226)
	at org.junit.platform.launcher.core.DefaultLauncher.execute(DefaultLauncher.java:199)
	at org.junit.platform.launcher.core.DefaultLauncher.execute(DefaultLauncher.java:132)
	at org.apache.maven.surefire.junitplatform.JUnitPlatformProvider.invokeAllTests(JUnitPlatformProvider.java:154)
	at org.apache.maven.surefire.junitplatform.JUnitPlatformProvider.invoke(JUnitPlatformProvider.java:123)
	at org.apache.maven.surefire.booter.ForkedBooter.runSuitesInProcess(ForkedBooter.java:377)
	at org.apache.maven.surefire.booter.ForkedBooter.execute(ForkedBooter.java:138)
	at org.apache.maven.surefire.booter.ForkedBooter.run(ForkedBooter.java:465)
	at org.apache.maven.surefire.booter.ForkedBooter.main(ForkedBooter.java:451)
]]></error>
    <system-err><![CDATA[2024-04-24T05:15:29,664  WARN [main] conf.HiveConf: HiveConf of name hive.metastore.metadb.dir does not exist
2024-04-24T05:15:29,664  WARN [main] conf.HiveConf: HiveConf of name hive.dummyparam.test.server.specific.config.metastoresite does not exist
2024-04-24T05:15:29,664  WARN [main] conf.HiveConf: HiveConf of name hive.metastore.client.cache.recordStats does not exist
2024-04-24T05:15:29,664  WARN [main] conf.HiveConf: HiveConf of name hive.llap.io.cache.orc.size does not exist
2024-04-24T05:15:29,664  WARN [main] conf.HiveConf: HiveConf of name hive.metastore.client.cache.maxSize does not exist
2024-04-24T05:15:29,664  WARN [main] conf.HiveConf: HiveConf of name hive.dummyparam.test.server.specific.config.hivesite does not exist
2024-04-24T05:15:29,665  WARN [main] conf.HiveConf: HiveConf of name hive.llap.io.cache.orc.alloc.min does not exist
2024-04-24T05:15:29,665  WARN [main] conf.HiveConf: HiveConf of name hive.llap.io.cache.orc.alloc.max does not exist
2024-04-24T05:15:29,665  WARN [main] conf.HiveConf: HiveConf of name hive.stats.key.prefix.reserve.length does not exist
2024-04-24T05:15:29,665  WARN [main] conf.HiveConf: HiveConf of name hive.dummyparam.test.server.specific.config.override does not exist
2024-04-24T05:15:29,665  WARN [main] conf.HiveConf: HiveConf of name hive.llap.io.cache.orc.arena.size does not exist
2024-04-24T05:15:29,667  INFO [main] utils.TestTxnDbUtil: Creating transactional tables
Hive Session ID = c1668d89-b9c1-4180-9b20-b21a51bfebc8
2024-04-24T05:15:29,670  INFO [main] SessionState: Hive Session ID = c1668d89-b9c1-4180-9b20-b21a51bfebc8
ivysettings.xml file not found in HIVE_HOME or HIVE_CONF_DIR,/home/alex/Repositories/hive/conf/ivysettings.xml will be used
2024-04-24T05:15:29,670  INFO [main] DependencyResolver: ivysettings.xml file not found in HIVE_HOME or HIVE_CONF_DIR,/home/alex/Repositories/hive/conf/ivysettings.xml will be used
2024-04-24T05:15:29,675  INFO [main] session.SessionState: Created HDFS directory: /home/alex/Repositories/hive/ql/target/tmp/scratchdir/alex/c1668d89-b9c1-4180-9b20-b21a51bfebc8
2024-04-24T05:15:29,678  INFO [main] session.SessionState: Created local directory: /home/alex/Repositories/hive/ql/target/tmp/localscratchdir/c1668d89-b9c1-4180-9b20-b21a51bfebc8
2024-04-24T05:15:29,680  INFO [main] session.SessionState: Created HDFS directory: /home/alex/Repositories/hive/ql/target/tmp/scratchdir/alex/c1668d89-b9c1-4180-9b20-b21a51bfebc8/_tmp_space.db
2024-04-24T05:15:29,681  INFO [main] sqlstd.SQLStdHiveAccessController: Created SQLStdHiveAccessController for session context : HiveAuthzSessionContext [sessionString=c1668d89-b9c1-4180-9b20-b21a51bfebc8, clientType=HIVECLI]
2024-04-24T05:15:29,681  INFO [main] ql.TxnCommandsBaseForTests: Running the query: drop table if exists acidTbl
2024-04-24T05:15:29,681  INFO [main] ql.Driver: Compiling command(queryId=alex_20240424051529_fd0d56cd-ee0e-445b-9d47-70e36d5a463a): drop table if exists acidTbl
2024-04-24T05:15:29,689  INFO [main] txn.TxnHandler: Added entries to MIN_HISTORY_LEVEL for current txns: ([1]) with min_open_txn: 1
2024-04-24T05:15:29,690  INFO [main] lockmgr.DbTxnManager: Opened txnid:1
2024-04-24T05:15:29,692  INFO [main] HiveMetaStore.audit: ugi=alex	ip=unknown-ip-addr	cmd=get_table : tbl=hive.default.acidTbl	
2024-04-24T05:15:29,695  INFO [main] ql.Driver: Semantic Analysis Completed (retrial = false)
2024-04-24T05:15:29,695  INFO [main] ql.Driver: Created Hive schema: Schema(fieldSchemas:null, properties:null)
2024-04-24T05:15:29,695  INFO [main] metadata.Hive: Dumping metastore api call timing information for : compilation phase
2024-04-24T05:15:29,696  INFO [main] metadata.Hive: Total time spent in each metastore function (ms): {isCompatibleWith_(Configuration)=1, flushCache_()=0, commitTxn_(CommitTxnRequest)=9, getValidTxns_(long)=2, openTxn_(String, TxnType)=8}
2024-04-24T05:15:29,696  INFO [main] ql.Driver: Completed compiling command(queryId=alex_20240424051529_fd0d56cd-ee0e-445b-9d47-70e36d5a463a); Time taken: 0.014 seconds
2024-04-24T05:15:29,696  INFO [main] lockmgr.DbTxnManager: Setting lock request transaction to txnid:1 for queryId=alex_20240424051529_fd0d56cd-ee0e-445b-9d47-70e36d5a463a
2024-04-24T05:15:29,696  INFO [main] ql.Driver: Operation DROPTABLE obtained 0 locks
2024-04-24T05:15:29,696  INFO [main] ql.Driver: Executing command(queryId=alex_20240424051529_fd0d56cd-ee0e-445b-9d47-70e36d5a463a): drop table if exists acidTbl
2024-04-24T05:15:29,696  INFO [main] ql.Driver: Starting task [Stage-0:DDL] in serial mode
2024-04-24T05:15:29,696  INFO [main] HiveMetaStore.audit: ugi=alex	ip=unknown-ip-addr	cmd=get_table : tbl=hive.default.acidTbl	
2024-04-24T05:15:29,699  INFO [main] metadata.Hive: Dumping metastore api call timing information for : execution phase
2024-04-24T05:15:29,700  INFO [main] metadata.Hive: Total time spent in each metastore function (ms): {isCompatibleWith_(Configuration)=0}
2024-04-24T05:15:29,700  INFO [main] ql.Driver: Completed executing command(queryId=alex_20240424051529_fd0d56cd-ee0e-445b-9d47-70e36d5a463a); Time taken: 0.003 seconds
2024-04-24T05:15:29,700  INFO [main] lockmgr.DbTxnManager: Stopped heartbeat for query: alex_20240424051529_fd0d56cd-ee0e-445b-9d47-70e36d5a463a
2024-04-24T05:15:29,706  INFO [main] txn.TxnHandler: Expected to move at least one record from txn_components to completed_txn_components when committing txn! txnid:1
2024-04-24T05:15:29,713  INFO [main] txn.TxnHandler: Removed transactions: ([1]) from MIN_HISTORY_LEVEL
2024-04-24T05:15:29,713  WARN [main] txn.CompactionTxnHandler: No compaction queue record found for Compaction type transaction commit. txnId:1
2024-04-24T05:15:29,713  INFO [main] ql.TxnCommandsBaseForTests: Running the query: drop table if exists acidTblPart
2024-04-24T05:15:29,714  INFO [main] ql.Driver: Compiling command(queryId=alex_20240424051529_87cb0ab7-b715-4cb4-b7fe-3050fe7785cc): drop table if exists acidTblPart
2024-04-24T05:15:29,716  INFO [main] txn.TxnHandler: Added entries to MIN_HISTORY_LEVEL for current txns: ([2]) with min_open_txn: 1
2024-04-24T05:15:29,716  INFO [main] lockmgr.DbTxnManager: Opened txnid:2
2024-04-24T05:15:29,716  INFO [main] HiveMetaStore.audit: ugi=alex	ip=unknown-ip-addr	cmd=get_table : tbl=hive.default.acidTblPart	
2024-04-24T05:15:29,719  INFO [main] ql.Driver: Semantic Analysis Completed (retrial = false)
2024-04-24T05:15:29,719  INFO [main] ql.Driver: Created Hive schema: Schema(fieldSchemas:null, properties:null)
2024-04-24T05:15:29,719  INFO [main] metadata.Hive: Dumping metastore api call timing information for : compilation phase
2024-04-24T05:15:29,719  INFO [main] metadata.Hive: Total time spent in each metastore function (ms): {commitTxn_(CommitTxnRequest)=13, flushCache_()=0, isCompatibleWith_(Configuration)=0, openTxn_(String, TxnType)=2, getValidTxns_(long)=0}
2024-04-24T05:15:29,720  INFO [main] ql.Driver: Completed compiling command(queryId=alex_20240424051529_87cb0ab7-b715-4cb4-b7fe-3050fe7785cc); Time taken: 0.005 seconds
2024-04-24T05:15:29,720  INFO [main] lockmgr.DbTxnManager: Setting lock request transaction to txnid:2 for queryId=alex_20240424051529_87cb0ab7-b715-4cb4-b7fe-3050fe7785cc
2024-04-24T05:15:29,720  INFO [main] ql.Driver: Operation DROPTABLE obtained 0 locks
2024-04-24T05:15:29,720  INFO [main] ql.Driver: Executing command(queryId=alex_20240424051529_87cb0ab7-b715-4cb4-b7fe-3050fe7785cc): drop table if exists acidTblPart
2024-04-24T05:15:29,720  INFO [main] ql.Driver: Starting task [Stage-0:DDL] in serial mode
2024-04-24T05:15:29,720  INFO [main] HiveMetaStore.audit: ugi=alex	ip=unknown-ip-addr	cmd=get_table : tbl=hive.default.acidTblPart	
2024-04-24T05:15:29,723  INFO [main] metadata.Hive: Dumping metastore api call timing information for : execution phase
2024-04-24T05:15:29,723  INFO [main] metadata.Hive: Total time spent in each metastore function (ms): {isCompatibleWith_(Configuration)=0}
2024-04-24T05:15:29,724  INFO [main] ql.Driver: Completed executing command(queryId=alex_20240424051529_87cb0ab7-b715-4cb4-b7fe-3050fe7785cc); Time taken: 0.003 seconds
2024-04-24T05:15:29,724  INFO [main] lockmgr.DbTxnManager: Stopped heartbeat for query: alex_20240424051529_87cb0ab7-b715-4cb4-b7fe-3050fe7785cc
2024-04-24T05:15:29,729  INFO [main] txn.TxnHandler: Expected to move at least one record from txn_components to completed_txn_components when committing txn! txnid:2
2024-04-24T05:15:29,736  INFO [main] txn.TxnHandler: Removed transactions: ([2]) from MIN_HISTORY_LEVEL
2024-04-24T05:15:29,736  WARN [main] txn.CompactionTxnHandler: No compaction queue record found for Compaction type transaction commit. txnId:2
2024-04-24T05:15:29,736  INFO [main] ql.TxnCommandsBaseForTests: Running the query: drop table if exists acidTbl2
2024-04-24T05:15:29,737  INFO [main] ql.Driver: Compiling command(queryId=alex_20240424051529_5ff3abfc-b6fe-4601-b9ee-5586120b7ef1): drop table if exists acidTbl2
2024-04-24T05:15:29,738  INFO [main] txn.TxnHandler: Added entries to MIN_HISTORY_LEVEL for current txns: ([3]) with min_open_txn: 1
2024-04-24T05:15:29,739  INFO [main] lockmgr.DbTxnManager: Opened txnid:3
2024-04-24T05:15:29,739  INFO [main] HiveMetaStore.audit: ugi=alex	ip=unknown-ip-addr	cmd=get_table : tbl=hive.default.acidTbl2	
2024-04-24T05:15:29,742  INFO [main] ql.Driver: Semantic Analysis Completed (retrial = false)
2024-04-24T05:15:29,742  INFO [main] ql.Driver: Created Hive schema: Schema(fieldSchemas:null, properties:null)
2024-04-24T05:15:29,742  INFO [main] metadata.Hive: Dumping metastore api call timing information for : compilation phase
2024-04-24T05:15:29,742  INFO [main] metadata.Hive: Total time spent in each metastore function (ms): {isCompatibleWith_(Configuration)=0, flushCache_()=0, getValidTxns_(long)=0, openTxn_(String, TxnType)=2, commitTxn_(CommitTxnRequest)=12}
2024-04-24T05:15:29,742  INFO [main] ql.Driver: Completed compiling command(queryId=alex_20240424051529_5ff3abfc-b6fe-4601-b9ee-5586120b7ef1); Time taken: 0.006 seconds
2024-04-24T05:15:29,743  INFO [main] lockmgr.DbTxnManager: Setting lock request transaction to txnid:3 for queryId=alex_20240424051529_5ff3abfc-b6fe-4601-b9ee-5586120b7ef1
2024-04-24T05:15:29,743  INFO [main] ql.Driver: Operation DROPTABLE obtained 0 locks
2024-04-24T05:15:29,743  INFO [main] ql.Driver: Executing command(queryId=alex_20240424051529_5ff3abfc-b6fe-4601-b9ee-5586120b7ef1): drop table if exists acidTbl2
2024-04-24T05:15:29,743  INFO [main] ql.Driver: Starting task [Stage-0:DDL] in serial mode
2024-04-24T05:15:29,743  INFO [main] HiveMetaStore.audit: ugi=alex	ip=unknown-ip-addr	cmd=get_table : tbl=hive.default.acidTbl2	
2024-04-24T05:15:29,746  INFO [main] metadata.Hive: Dumping metastore api call timing information for : execution phase
2024-04-24T05:15:29,746  INFO [main] metadata.Hive: Total time spent in each metastore function (ms): {isCompatibleWith_(Configuration)=0}
2024-04-24T05:15:29,746  INFO [main] ql.Driver: Completed executing command(queryId=alex_20240424051529_5ff3abfc-b6fe-4601-b9ee-5586120b7ef1); Time taken: 0.003 seconds
2024-04-24T05:15:29,746  INFO [main] lockmgr.DbTxnManager: Stopped heartbeat for query: alex_20240424051529_5ff3abfc-b6fe-4601-b9ee-5586120b7ef1
2024-04-24T05:15:29,752  INFO [main] txn.TxnHandler: Expected to move at least one record from txn_components to completed_txn_components when committing txn! txnid:3
2024-04-24T05:15:29,759  INFO [main] txn.TxnHandler: Removed transactions: ([3]) from MIN_HISTORY_LEVEL
2024-04-24T05:15:29,759  WARN [main] txn.CompactionTxnHandler: No compaction queue record found for Compaction type transaction commit. txnId:3
2024-04-24T05:15:29,760  INFO [main] ql.TxnCommandsBaseForTests: Running the query: drop table if exists nonAcidOrcTbl
2024-04-24T05:15:29,760  INFO [main] ql.Driver: Compiling command(queryId=alex_20240424051529_bad2bd94-2e44-4705-a558-f252398ba156): drop table if exists nonAcidOrcTbl
2024-04-24T05:15:29,762  INFO [main] txn.TxnHandler: Added entries to MIN_HISTORY_LEVEL for current txns: ([4]) with min_open_txn: 1
2024-04-24T05:15:29,762  INFO [main] lockmgr.DbTxnManager: Opened txnid:4
2024-04-24T05:15:29,762  INFO [main] HiveMetaStore.audit: ugi=alex	ip=unknown-ip-addr	cmd=get_table : tbl=hive.default.nonAcidOrcTbl	
2024-04-24T05:15:29,765  INFO [main] ql.Driver: Semantic Analysis Completed (retrial = false)
2024-04-24T05:15:29,765  INFO [main] ql.Driver: Created Hive schema: Schema(fieldSchemas:null, properties:null)
2024-04-24T05:15:29,765  INFO [main] metadata.Hive: Dumping metastore api call timing information for : compilation phase
2024-04-24T05:15:29,766  INFO [main] metadata.Hive: Total time spent in each metastore function (ms): {commitTxn_(CommitTxnRequest)=13, flushCache_()=0, openTxn_(String, TxnType)=2, isCompatibleWith_(Configuration)=1, getValidTxns_(long)=0}
2024-04-24T05:15:29,766  INFO [main] ql.Driver: Completed compiling command(queryId=alex_20240424051529_bad2bd94-2e44-4705-a558-f252398ba156); Time taken: 0.005 seconds
2024-04-24T05:15:29,766  INFO [main] lockmgr.DbTxnManager: Setting lock request transaction to txnid:4 for queryId=alex_20240424051529_bad2bd94-2e44-4705-a558-f252398ba156
2024-04-24T05:15:29,766  INFO [main] ql.Driver: Operation DROPTABLE obtained 0 locks
2024-04-24T05:15:29,766  INFO [main] ql.Driver: Executing command(queryId=alex_20240424051529_bad2bd94-2e44-4705-a558-f252398ba156): drop table if exists nonAcidOrcTbl
2024-04-24T05:15:29,766  INFO [main] ql.Driver: Starting task [Stage-0:DDL] in serial mode
2024-04-24T05:15:29,766  INFO [main] HiveMetaStore.audit: ugi=alex	ip=unknown-ip-addr	cmd=get_table : tbl=hive.default.nonAcidOrcTbl	
2024-04-24T05:15:29,769  INFO [main] metadata.Hive: Dumping metastore api call timing information for : execution phase
2024-04-24T05:15:29,769  INFO [main] metadata.Hive: Total time spent in each metastore function (ms): {isCompatibleWith_(Configuration)=0}
2024-04-24T05:15:29,770  INFO [main] ql.Driver: Completed executing command(queryId=alex_20240424051529_bad2bd94-2e44-4705-a558-f252398ba156); Time taken: 0.003 seconds
2024-04-24T05:15:29,770  INFO [main] lockmgr.DbTxnManager: Stopped heartbeat for query: alex_20240424051529_bad2bd94-2e44-4705-a558-f252398ba156
2024-04-24T05:15:29,775  INFO [main] txn.TxnHandler: Expected to move at least one record from txn_components to completed_txn_components when committing txn! txnid:4
2024-04-24T05:15:29,780  INFO [main] txn.TxnHandler: Removed transactions: ([4]) from MIN_HISTORY_LEVEL
2024-04-24T05:15:29,780  WARN [main] txn.CompactionTxnHandler: No compaction queue record found for Compaction type transaction commit. txnId:4
2024-04-24T05:15:29,781  INFO [main] ql.TxnCommandsBaseForTests: Running the query: drop table if exists nonAcidOrcTbl2
2024-04-24T05:15:29,781  INFO [main] ql.Driver: Compiling command(queryId=alex_20240424051529_9f73b0de-0691-4533-adf6-dd8e7b0d94fa): drop table if exists nonAcidOrcTbl2
2024-04-24T05:15:29,783  INFO [main] txn.TxnHandler: Added entries to MIN_HISTORY_LEVEL for current txns: ([5]) with min_open_txn: 1
2024-04-24T05:15:29,783  INFO [main] lockmgr.DbTxnManager: Opened txnid:5
2024-04-24T05:15:29,784  INFO [main] HiveMetaStore.audit: ugi=alex	ip=unknown-ip-addr	cmd=get_table : tbl=hive.default.nonAcidOrcTbl2	
2024-04-24T05:15:29,786  INFO [main] ql.Driver: Semantic Analysis Completed (retrial = false)
2024-04-24T05:15:29,786  INFO [main] ql.Driver: Created Hive schema: Schema(fieldSchemas:null, properties:null)
2024-04-24T05:15:29,787  INFO [main] metadata.Hive: Dumping metastore api call timing information for : compilation phase
2024-04-24T05:15:29,787  INFO [main] metadata.Hive: Total time spent in each metastore function (ms): {isCompatibleWith_(Configuration)=0, flushCache_()=0, openTxn_(String, TxnType)=2, commitTxn_(CommitTxnRequest)=11, getValidTxns_(long)=1}
2024-04-24T05:15:29,787  INFO [main] ql.Driver: Completed compiling command(queryId=alex_20240424051529_9f73b0de-0691-4533-adf6-dd8e7b0d94fa); Time taken: 0.006 seconds
2024-04-24T05:15:29,787  INFO [main] lockmgr.DbTxnManager: Setting lock request transaction to txnid:5 for queryId=alex_20240424051529_9f73b0de-0691-4533-adf6-dd8e7b0d94fa
2024-04-24T05:15:29,787  INFO [main] ql.Driver: Operation DROPTABLE obtained 0 locks
2024-04-24T05:15:29,787  INFO [main] ql.Driver: Executing command(queryId=alex_20240424051529_9f73b0de-0691-4533-adf6-dd8e7b0d94fa): drop table if exists nonAcidOrcTbl2
2024-04-24T05:15:29,787  INFO [main] ql.Driver: Starting task [Stage-0:DDL] in serial mode
2024-04-24T05:15:29,788  INFO [main] HiveMetaStore.audit: ugi=alex	ip=unknown-ip-addr	cmd=get_table : tbl=hive.default.nonAcidOrcTbl2	
2024-04-24T05:15:29,790  INFO [main] metadata.Hive: Dumping metastore api call timing information for : execution phase
2024-04-24T05:15:29,790  INFO [main] metadata.Hive: Total time spent in each metastore function (ms): {isCompatibleWith_(Configuration)=0}
2024-04-24T05:15:29,791  INFO [main] ql.Driver: Completed executing command(queryId=alex_20240424051529_9f73b0de-0691-4533-adf6-dd8e7b0d94fa); Time taken: 0.003 seconds
2024-04-24T05:15:29,791  INFO [main] lockmgr.DbTxnManager: Stopped heartbeat for query: alex_20240424051529_9f73b0de-0691-4533-adf6-dd8e7b0d94fa
2024-04-24T05:15:29,796  INFO [main] txn.TxnHandler: Expected to move at least one record from txn_components to completed_txn_components when committing txn! txnid:5
2024-04-24T05:15:29,801  INFO [main] txn.TxnHandler: Removed transactions: ([5]) from MIN_HISTORY_LEVEL
2024-04-24T05:15:29,801  WARN [main] txn.CompactionTxnHandler: No compaction queue record found for Compaction type transaction commit. txnId:5
2024-04-24T05:15:29,802  INFO [main] ql.TxnCommandsBaseForTests: Running the query: drop table if exists nonAcidNonBucket
2024-04-24T05:15:29,802  INFO [main] ql.Driver: Compiling command(queryId=alex_20240424051529_d6347182-f57f-4aa8-9b52-c1716513ad6a): drop table if exists nonAcidNonBucket
2024-04-24T05:15:29,804  INFO [main] txn.TxnHandler: Added entries to MIN_HISTORY_LEVEL for current txns: ([6]) with min_open_txn: 1
2024-04-24T05:15:29,805  INFO [main] lockmgr.DbTxnManager: Opened txnid:6
2024-04-24T05:15:29,805  INFO [main] HiveMetaStore.audit: ugi=alex	ip=unknown-ip-addr	cmd=get_table : tbl=hive.default.nonAcidNonBucket	
2024-04-24T05:15:29,808  INFO [main] ql.Driver: Semantic Analysis Completed (retrial = false)
2024-04-24T05:15:29,808  INFO [main] ql.Driver: Created Hive schema: Schema(fieldSchemas:null, properties:null)
2024-04-24T05:15:29,808  INFO [main] metadata.Hive: Dumping metastore api call timing information for : compilation phase
2024-04-24T05:15:29,808  INFO [main] metadata.Hive: Total time spent in each metastore function (ms): {isCompatibleWith_(Configuration)=0, getValidTxns_(long)=0, openTxn_(String, TxnType)=3, flushCache_()=0, commitTxn_(CommitTxnRequest)=11}
2024-04-24T05:15:29,808  INFO [main] ql.Driver: Completed compiling command(queryId=alex_20240424051529_d6347182-f57f-4aa8-9b52-c1716513ad6a); Time taken: 0.006 seconds
2024-04-24T05:15:29,809  INFO [main] lockmgr.DbTxnManager: Setting lock request transaction to txnid:6 for queryId=alex_20240424051529_d6347182-f57f-4aa8-9b52-c1716513ad6a
2024-04-24T05:15:29,809  INFO [main] ql.Driver: Operation DROPTABLE obtained 0 locks
2024-04-24T05:15:29,809  INFO [main] ql.Driver: Executing command(queryId=alex_20240424051529_d6347182-f57f-4aa8-9b52-c1716513ad6a): drop table if exists nonAcidNonBucket
2024-04-24T05:15:29,809  INFO [main] ql.Driver: Starting task [Stage-0:DDL] in serial mode
2024-04-24T05:15:29,809  INFO [main] HiveMetaStore.audit: ugi=alex	ip=unknown-ip-addr	cmd=get_table : tbl=hive.default.nonAcidNonBucket	
2024-04-24T05:15:29,812  INFO [main] metadata.Hive: Dumping metastore api call timing information for : execution phase
2024-04-24T05:15:29,812  INFO [main] metadata.Hive: Total time spent in each metastore function (ms): {isCompatibleWith_(Configuration)=0}
2024-04-24T05:15:29,812  INFO [main] ql.Driver: Completed executing command(queryId=alex_20240424051529_d6347182-f57f-4aa8-9b52-c1716513ad6a); Time taken: 0.003 seconds
2024-04-24T05:15:29,812  INFO [main] lockmgr.DbTxnManager: Stopped heartbeat for query: alex_20240424051529_d6347182-f57f-4aa8-9b52-c1716513ad6a
2024-04-24T05:15:29,817  INFO [main] txn.TxnHandler: Expected to move at least one record from txn_components to completed_txn_components when committing txn! txnid:6
2024-04-24T05:15:29,822  INFO [main] txn.TxnHandler: Removed transactions: ([6]) from MIN_HISTORY_LEVEL
2024-04-24T05:15:29,822  WARN [main] txn.CompactionTxnHandler: No compaction queue record found for Compaction type transaction commit. txnId:6
2024-04-24T05:15:29,823  INFO [main] ql.TxnCommandsBaseForTests: Running the query: create table acidTbl(a int, b int) clustered by (a) into 2 buckets stored as orc TBLPROPERTIES ('transactional'='true')
2024-04-24T05:15:29,823  INFO [main] ql.Driver: Compiling command(queryId=alex_20240424051529_08f27034-efea-42e2-8018-4b1fb6a036dc): create table acidTbl(a int, b int) clustered by (a) into 2 buckets stored as orc TBLPROPERTIES ('transactional'='true')
2024-04-24T05:15:29,825  INFO [main] txn.TxnHandler: Added entries to MIN_HISTORY_LEVEL for current txns: ([7]) with min_open_txn: 1
2024-04-24T05:15:29,825  INFO [main] lockmgr.DbTxnManager: Opened txnid:7
2024-04-24T05:15:29,826  INFO [main] parse.CalcitePlanner: Starting caching scope for: 
2024-04-24T05:15:29,826  INFO [main] parse.CalcitePlanner: Starting Semantic Analysis
2024-04-24T05:15:29,831  INFO [main] parse.CalcitePlanner: Creating table default.acidTbl position=13
2024-04-24T05:15:29,832  INFO [main] HiveMetaStore.audit: ugi=alex	ip=unknown-ip-addr	cmd=get_database: default	
2024-04-24T05:15:29,833  INFO [main] parse.CalcitePlanner: Ending caching scope for: 
2024-04-24T05:15:29,833  INFO [main] ql.Driver: Semantic Analysis Completed (retrial = false)
2024-04-24T05:15:29,833  INFO [main] ql.Driver: Created Hive schema: Schema(fieldSchemas:null, properties:null)
2024-04-24T05:15:29,833  INFO [main] metadata.Hive: Dumping metastore api call timing information for : compilation phase
2024-04-24T05:15:29,833  INFO [main] metadata.Hive: Total time spent in each metastore function (ms): {flushCache_()=0, getValidTxns_(long)=0, getValidWriteIds_(List, String)=5, isCompatibleWith_(Configuration)=1, openTxn_(String, TxnType)=1, getDatabase_(String)=1, commitTxn_(CommitTxnRequest)=11}
2024-04-24T05:15:29,834  INFO [main] ql.Driver: Completed compiling command(queryId=alex_20240424051529_08f27034-efea-42e2-8018-4b1fb6a036dc); Time taken: 0.01 seconds
2024-04-24T05:15:29,834  INFO [main] lockmgr.DbTxnManager: Setting lock request transaction to txnid:7 for queryId=alex_20240424051529_08f27034-efea-42e2-8018-4b1fb6a036dc
2024-04-24T05:15:29,834  INFO [main] lockmgr.DbLockManager: Requesting lock for queryId=alex_20240424051529_08f27034-efea-42e2-8018-4b1fb6a036dc
2024-04-24T05:15:29,851  INFO [main] lockmgr.DbLockManager: Response to queryId=alex_20240424051529_08f27034-efea-42e2-8018-4b1fb6a036dc LockResponse(lockid:1, state:ACQUIRED)
2024-04-24T05:15:29,851  INFO [main] ql.Driver: Operation CREATETABLE obtained 1 locks
2024-04-24T05:15:29,851  INFO [main] ql.Driver: Executing command(queryId=alex_20240424051529_08f27034-efea-42e2-8018-4b1fb6a036dc): create table acidTbl(a int, b int) clustered by (a) into 2 buckets stored as orc TBLPROPERTIES ('transactional'='true')
2024-04-24T05:15:29,851  INFO [main] ql.Driver: Starting task [Stage-0:DDL] in serial mode
2024-04-24T05:15:29,852  INFO [main] HiveMetaStore.audit: ugi=alex	ip=unknown-ip-addr	cmd=create_table_req: Table(tableName:acidTbl, dbName:default, owner:alex, createTime:1713960929, lastAccessTime:0, retention:0, sd:StorageDescriptor(cols:[FieldSchema(name:a, type:int, comment:null), FieldSchema(name:b, type:int, comment:null)], location:null, inputFormat:org.apache.hadoop.hive.ql.io.orc.OrcInputFormat, outputFormat:org.apache.hadoop.hive.ql.io.orc.OrcOutputFormat, compressed:false, numBuckets:2, serdeInfo:SerDeInfo(name:null, serializationLib:org.apache.hadoop.hive.ql.io.orc.OrcSerde, parameters:{serialization.format=1}), bucketCols:[a], sortCols:[], parameters:{}, skewedInfo:SkewedInfo(skewedColNames:[], skewedColValues:[], skewedColValueLocationMaps:{}), storedAsSubDirectories:false), partitionKeys:[], parameters:{totalSize=0, COLUMN_STATS_ACCURATE={"BASIC_STATS":"true","COLUMN_STATS":{"a":"true","b":"true"}}, transactional=true, numFiles=0, numRows=0, rawDataSize=0, bucketing_version=2, numFilesErasureCoded=0}, viewOriginalText:null, viewExpandedText:null, tableType:MANAGED_TABLE, privileges:PrincipalPrivilegeSet(userPrivileges:{alex=[PrivilegeGrantInfo(privilege:INSERT, createTime:-1, grantor:alex, grantorType:USER, grantOption:true), PrivilegeGrantInfo(privilege:SELECT, createTime:-1, grantor:alex, grantorType:USER, grantOption:true), PrivilegeGrantInfo(privilege:UPDATE, createTime:-1, grantor:alex, grantorType:USER, grantOption:true), PrivilegeGrantInfo(privilege:DELETE, createTime:-1, grantor:alex, grantorType:USER, grantOption:true)]}, groupPrivileges:null, rolePrivileges:null), temporary:false, catName:hive, ownerType:USER, writeId:0)	
2024-04-24T05:15:29,858  INFO [main] utils.FileUtils: Creating directory if it doesn't exist: file:/home/alex/Repositories/hive/ql/target/tmp/org.apache.hadoop.hive.ql.TestTxnCommands-1713960750541/warehouse/acidtbl
2024-04-24T05:15:29,895  INFO [main] metadata.Hive: Dumping metastore api call timing information for : execution phase
2024-04-24T05:15:29,895  INFO [main] metadata.Hive: Total time spent in each metastore function (ms): {createTable_(Table)=43, isCompatibleWith_(Configuration)=0}
2024-04-24T05:15:29,896  INFO [main] ql.Driver: Completed executing command(queryId=alex_20240424051529_08f27034-efea-42e2-8018-4b1fb6a036dc); Time taken: 0.044 seconds
2024-04-24T05:15:29,896  INFO [main] lockmgr.DbTxnManager: Stopped heartbeat for query: alex_20240424051529_08f27034-efea-42e2-8018-4b1fb6a036dc
2024-04-24T05:15:29,899  INFO [main] txn.TxnHandler: Expected to move at least one record from txn_components to completed_txn_components when committing txn! txnid:7
2024-04-24T05:15:29,905  INFO [main] txn.TxnHandler: Removed transactions: ([7]) from MIN_HISTORY_LEVEL
2024-04-24T05:15:29,905  WARN [main] txn.CompactionTxnHandler: No compaction queue record found for Compaction type transaction commit. txnId:7
2024-04-24T05:15:29,906  INFO [main] ql.TxnCommandsBaseForTests: Running the query: create table acidTblPart(a int, b int) partitioned by (p string) clustered by (a) into 2 buckets stored as orc TBLPROPERTIES ('transactional'='true')
2024-04-24T05:15:29,906  INFO [main] ql.Driver: Compiling command(queryId=alex_20240424051529_956d2c6a-7ebd-4a12-bc65-84499087285c): create table acidTblPart(a int, b int) partitioned by (p string) clustered by (a) into 2 buckets stored as orc TBLPROPERTIES ('transactional'='true')
2024-04-24T05:15:29,908  INFO [main] txn.TxnHandler: Added entries to MIN_HISTORY_LEVEL for current txns: ([8]) with min_open_txn: 1
2024-04-24T05:15:29,908  INFO [main] lockmgr.DbTxnManager: Opened txnid:8
2024-04-24T05:15:29,908  INFO [main] parse.CalcitePlanner: Starting caching scope for: 
2024-04-24T05:15:29,908  INFO [main] parse.CalcitePlanner: Starting Semantic Analysis
2024-04-24T05:15:29,911  INFO [main] parse.CalcitePlanner: Creating table default.acidTblPart position=13
2024-04-24T05:15:29,911  INFO [main] HiveMetaStore.audit: ugi=alex	ip=unknown-ip-addr	cmd=get_database: default	
2024-04-24T05:15:29,912  INFO [main] parse.CalcitePlanner: Ending caching scope for: 
2024-04-24T05:15:29,912  INFO [main] ql.Driver: Semantic Analysis Completed (retrial = false)
2024-04-24T05:15:29,912  INFO [main] ql.Driver: Created Hive schema: Schema(fieldSchemas:null, properties:null)
2024-04-24T05:15:29,912  INFO [main] metadata.Hive: Dumping metastore api call timing information for : compilation phase
2024-04-24T05:15:29,913  INFO [main] metadata.Hive: Total time spent in each metastore function (ms): {getValidWriteIds_(List, String)=2, isCompatibleWith_(Configuration)=0, flushCache_()=0, getValidTxns_(long)=0, getDatabase_(String)=1, commitTxn_(CommitTxnRequest)=10, openTxn_(String, TxnType)=2}
2024-04-24T05:15:29,913  INFO [main] ql.Driver: Completed compiling command(queryId=alex_20240424051529_956d2c6a-7ebd-4a12-bc65-84499087285c); Time taken: 0.006 seconds
2024-04-24T05:15:29,913  INFO [main] lockmgr.DbTxnManager: Setting lock request transaction to txnid:8 for queryId=alex_20240424051529_956d2c6a-7ebd-4a12-bc65-84499087285c
2024-04-24T05:15:29,913  INFO [main] lockmgr.DbLockManager: Requesting lock for queryId=alex_20240424051529_956d2c6a-7ebd-4a12-bc65-84499087285c
2024-04-24T05:15:29,926  INFO [main] lockmgr.DbLockManager: Response to queryId=alex_20240424051529_956d2c6a-7ebd-4a12-bc65-84499087285c LockResponse(lockid:2, state:ACQUIRED)
2024-04-24T05:15:29,926  INFO [main] ql.Driver: Operation CREATETABLE obtained 1 locks
2024-04-24T05:15:29,927  INFO [main] ql.Driver: Executing command(queryId=alex_20240424051529_956d2c6a-7ebd-4a12-bc65-84499087285c): create table acidTblPart(a int, b int) partitioned by (p string) clustered by (a) into 2 buckets stored as orc TBLPROPERTIES ('transactional'='true')
2024-04-24T05:15:29,927  INFO [main] ql.Driver: Starting task [Stage-0:DDL] in serial mode
2024-04-24T05:15:29,928  INFO [main] HiveMetaStore.audit: ugi=alex	ip=unknown-ip-addr	cmd=create_table_req: Table(tableName:acidTblPart, dbName:default, owner:alex, createTime:1713960929, lastAccessTime:0, retention:0, sd:StorageDescriptor(cols:[FieldSchema(name:a, type:int, comment:null), FieldSchema(name:b, type:int, comment:null)], location:null, inputFormat:org.apache.hadoop.hive.ql.io.orc.OrcInputFormat, outputFormat:org.apache.hadoop.hive.ql.io.orc.OrcOutputFormat, compressed:false, numBuckets:2, serdeInfo:SerDeInfo(name:null, serializationLib:org.apache.hadoop.hive.ql.io.orc.OrcSerde, parameters:{serialization.format=1}), bucketCols:[a], sortCols:[], parameters:{}, skewedInfo:SkewedInfo(skewedColNames:[], skewedColValues:[], skewedColValueLocationMaps:{}), storedAsSubDirectories:false), partitionKeys:[FieldSchema(name:p, type:string, comment:null)], parameters:{transactional=true, bucketing_version=2}, viewOriginalText:null, viewExpandedText:null, tableType:MANAGED_TABLE, privileges:PrincipalPrivilegeSet(userPrivileges:{alex=[PrivilegeGrantInfo(privilege:INSERT, createTime:-1, grantor:alex, grantorType:USER, grantOption:true), PrivilegeGrantInfo(privilege:SELECT, createTime:-1, grantor:alex, grantorType:USER, grantOption:true), PrivilegeGrantInfo(privilege:UPDATE, createTime:-1, grantor:alex, grantorType:USER, grantOption:true), PrivilegeGrantInfo(privilege:DELETE, createTime:-1, grantor:alex, grantorType:USER, grantOption:true)]}, groupPrivileges:null, rolePrivileges:null), temporary:false, catName:hive, ownerType:USER, writeId:0)	
2024-04-24T05:15:29,933  INFO [main] utils.FileUtils: Creating directory if it doesn't exist: file:/home/alex/Repositories/hive/ql/target/tmp/org.apache.hadoop.hive.ql.TestTxnCommands-1713960750541/warehouse/acidtblpart
2024-04-24T05:15:29,948  INFO [main] metadata.Hive: Dumping metastore api call timing information for : execution phase
2024-04-24T05:15:29,948  INFO [main] metadata.Hive: Total time spent in each metastore function (ms): {createTable_(Table)=21, isCompatibleWith_(Configuration)=0}
2024-04-24T05:15:29,949  INFO [main] ql.Driver: Completed executing command(queryId=alex_20240424051529_956d2c6a-7ebd-4a12-bc65-84499087285c); Time taken: 0.021 seconds
2024-04-24T05:15:29,949  INFO [main] lockmgr.DbTxnManager: Stopped heartbeat for query: alex_20240424051529_956d2c6a-7ebd-4a12-bc65-84499087285c
2024-04-24T05:15:29,953  INFO [main] txn.TxnHandler: Expected to move at least one record from txn_components to completed_txn_components when committing txn! txnid:8
2024-04-24T05:15:29,960  INFO [main] txn.TxnHandler: Removed transactions: ([8]) from MIN_HISTORY_LEVEL
2024-04-24T05:15:29,960  WARN [main] txn.CompactionTxnHandler: No compaction queue record found for Compaction type transaction commit. txnId:8
2024-04-24T05:15:29,961  INFO [main] ql.TxnCommandsBaseForTests: Running the query: create table nonAcidOrcTbl(a int, b int) clustered by (a) into 2 buckets stored as orc TBLPROPERTIES ('transactional'='false')
2024-04-24T05:15:29,961  INFO [main] ql.Driver: Compiling command(queryId=alex_20240424051529_dd9b79f7-20fe-47e3-80d6-4ad9b0738c02): create table nonAcidOrcTbl(a int, b int) clustered by (a) into 2 buckets stored as orc TBLPROPERTIES ('transactional'='false')
2024-04-24T05:15:29,963  INFO [main] txn.TxnHandler: Added entries to MIN_HISTORY_LEVEL for current txns: ([9]) with min_open_txn: 1
2024-04-24T05:15:29,964  INFO [main] lockmgr.DbTxnManager: Opened txnid:9
2024-04-24T05:15:29,964  INFO [main] parse.CalcitePlanner: Starting caching scope for: 
2024-04-24T05:15:29,964  INFO [main] parse.CalcitePlanner: Starting Semantic Analysis
2024-04-24T05:15:29,966  INFO [main] parse.CalcitePlanner: Creating table default.nonAcidOrcTbl position=13
2024-04-24T05:15:29,967  INFO [main] HiveMetaStore.audit: ugi=alex	ip=unknown-ip-addr	cmd=get_database: default	
2024-04-24T05:15:29,968  INFO [main] parse.CalcitePlanner: Ending caching scope for: 
2024-04-24T05:15:29,968  INFO [main] ql.Driver: Semantic Analysis Completed (retrial = false)
2024-04-24T05:15:29,968  INFO [main] ql.Driver: Created Hive schema: Schema(fieldSchemas:null, properties:null)
2024-04-24T05:15:29,968  INFO [main] metadata.Hive: Dumping metastore api call timing information for : compilation phase
2024-04-24T05:15:29,968  INFO [main] metadata.Hive: Total time spent in each metastore function (ms): {commitTxn_(CommitTxnRequest)=12, getValidWriteIds_(List, String)=2, getValidTxns_(long)=0, getDatabase_(String)=1, isCompatibleWith_(Configuration)=1, flushCache_()=0, openTxn_(String, TxnType)=2}
2024-04-24T05:15:29,969  INFO [main] ql.Driver: Completed compiling command(queryId=alex_20240424051529_dd9b79f7-20fe-47e3-80d6-4ad9b0738c02); Time taken: 0.007 seconds
2024-04-24T05:15:29,969  INFO [main] lockmgr.DbTxnManager: Setting lock request transaction to txnid:9 for queryId=alex_20240424051529_dd9b79f7-20fe-47e3-80d6-4ad9b0738c02
2024-04-24T05:15:29,969  INFO [main] lockmgr.DbLockManager: Requesting lock for queryId=alex_20240424051529_dd9b79f7-20fe-47e3-80d6-4ad9b0738c02
2024-04-24T05:15:29,984  INFO [main] lockmgr.DbLockManager: Response to queryId=alex_20240424051529_dd9b79f7-20fe-47e3-80d6-4ad9b0738c02 LockResponse(lockid:3, state:ACQUIRED)
2024-04-24T05:15:29,984  INFO [main] ql.Driver: Operation CREATETABLE obtained 1 locks
2024-04-24T05:15:29,984  INFO [main] ql.Driver: Executing command(queryId=alex_20240424051529_dd9b79f7-20fe-47e3-80d6-4ad9b0738c02): create table nonAcidOrcTbl(a int, b int) clustered by (a) into 2 buckets stored as orc TBLPROPERTIES ('transactional'='false')
2024-04-24T05:15:29,984  INFO [main] ql.Driver: Starting task [Stage-0:DDL] in serial mode
2024-04-24T05:15:29,985  INFO [main] HiveMetaStore.audit: ugi=alex	ip=unknown-ip-addr	cmd=create_table_req: Table(tableName:nonAcidOrcTbl, dbName:default, owner:alex, createTime:1713960929, lastAccessTime:0, retention:0, sd:StorageDescriptor(cols:[FieldSchema(name:a, type:int, comment:null), FieldSchema(name:b, type:int, comment:null)], location:null, inputFormat:org.apache.hadoop.hive.ql.io.orc.OrcInputFormat, outputFormat:org.apache.hadoop.hive.ql.io.orc.OrcOutputFormat, compressed:false, numBuckets:2, serdeInfo:SerDeInfo(name:null, serializationLib:org.apache.hadoop.hive.ql.io.orc.OrcSerde, parameters:{serialization.format=1}), bucketCols:[a], sortCols:[], parameters:{}, skewedInfo:SkewedInfo(skewedColNames:[], skewedColValues:[], skewedColValueLocationMaps:{}), storedAsSubDirectories:false), partitionKeys:[], parameters:{numRows=0, COLUMN_STATS_ACCURATE={"BASIC_STATS":"true","COLUMN_STATS":{"a":"true","b":"true"}}, numFiles=0, totalSize=0, numFilesErasureCoded=0, bucketing_version=2, transactional=false, rawDataSize=0}, viewOriginalText:null, viewExpandedText:null, tableType:MANAGED_TABLE, privileges:PrincipalPrivilegeSet(userPrivileges:{alex=[PrivilegeGrantInfo(privilege:INSERT, createTime:-1, grantor:alex, grantorType:USER, grantOption:true), PrivilegeGrantInfo(privilege:SELECT, createTime:-1, grantor:alex, grantorType:USER, grantOption:true), PrivilegeGrantInfo(privilege:UPDATE, createTime:-1, grantor:alex, grantorType:USER, grantOption:true), PrivilegeGrantInfo(privilege:DELETE, createTime:-1, grantor:alex, grantorType:USER, grantOption:true)]}, groupPrivileges:null, rolePrivileges:null), temporary:false, catName:hive, ownerType:USER)	
2024-04-24T05:15:29,990  INFO [main] utils.FileUtils: Creating directory if it doesn't exist: file:/home/alex/Repositories/hive/ql/target/tmp/org.apache.hadoop.hive.ql.TestTxnCommands-1713960750541/warehouse/nonacidorctbl
2024-04-24T05:15:30,004  INFO [main] metadata.Hive: Dumping metastore api call timing information for : execution phase
2024-04-24T05:15:30,004  INFO [main] metadata.Hive: Total time spent in each metastore function (ms): {isCompatibleWith_(Configuration)=0, createTable_(Table)=19}
2024-04-24T05:15:30,005  INFO [main] ql.Driver: Completed executing command(queryId=alex_20240424051529_dd9b79f7-20fe-47e3-80d6-4ad9b0738c02); Time taken: 0.02 seconds
2024-04-24T05:15:30,005  INFO [main] lockmgr.DbTxnManager: Stopped heartbeat for query: alex_20240424051529_dd9b79f7-20fe-47e3-80d6-4ad9b0738c02
2024-04-24T05:15:30,008  INFO [main] txn.TxnHandler: Expected to move at least one record from txn_components to completed_txn_components when committing txn! txnid:9
2024-04-24T05:15:30,014  INFO [main] txn.TxnHandler: Removed transactions: ([9]) from MIN_HISTORY_LEVEL
2024-04-24T05:15:30,014  WARN [main] txn.CompactionTxnHandler: No compaction queue record found for Compaction type transaction commit. txnId:9
2024-04-24T05:15:30,015  INFO [main] ql.TxnCommandsBaseForTests: Running the query: create table nonAcidOrcTbl2(a int, b int) clustered by (a) into 2 buckets stored as orc TBLPROPERTIES ('transactional'='false')
2024-04-24T05:15:30,015  INFO [main] ql.Driver: Compiling command(queryId=alex_20240424051530_a3575b5b-02b3-473f-96b2-411e85327718): create table nonAcidOrcTbl2(a int, b int) clustered by (a) into 2 buckets stored as orc TBLPROPERTIES ('transactional'='false')
2024-04-24T05:15:30,017  INFO [main] txn.TxnHandler: Added entries to MIN_HISTORY_LEVEL for current txns: ([10]) with min_open_txn: 1
2024-04-24T05:15:30,017  INFO [main] lockmgr.DbTxnManager: Opened txnid:10
2024-04-24T05:15:30,017  INFO [main] parse.CalcitePlanner: Starting caching scope for: 
2024-04-24T05:15:30,018  INFO [main] parse.CalcitePlanner: Starting Semantic Analysis
2024-04-24T05:15:30,020  INFO [main] parse.CalcitePlanner: Creating table default.nonAcidOrcTbl2 position=13
2024-04-24T05:15:30,020  INFO [main] HiveMetaStore.audit: ugi=alex	ip=unknown-ip-addr	cmd=get_database: default	
2024-04-24T05:15:30,021  INFO [main] parse.CalcitePlanner: Ending caching scope for: 
2024-04-24T05:15:30,021  INFO [main] ql.Driver: Semantic Analysis Completed (retrial = false)
2024-04-24T05:15:30,022  INFO [main] ql.Driver: Created Hive schema: Schema(fieldSchemas:null, properties:null)
2024-04-24T05:15:30,022  INFO [main] metadata.Hive: Dumping metastore api call timing information for : compilation phase
2024-04-24T05:15:30,022  INFO [main] metadata.Hive: Total time spent in each metastore function (ms): {getDatabase_(String)=1, getValidWriteIds_(List, String)=2, openTxn_(String, TxnType)=2, flushCache_()=0, isCompatibleWith_(Configuration)=0, commitTxn_(CommitTxnRequest)=9, getValidTxns_(long)=0}
2024-04-24T05:15:30,022  INFO [main] ql.Driver: Completed compiling command(queryId=alex_20240424051530_a3575b5b-02b3-473f-96b2-411e85327718); Time taken: 0.007 seconds
2024-04-24T05:15:30,022  INFO [main] lockmgr.DbTxnManager: Setting lock request transaction to txnid:10 for queryId=alex_20240424051530_a3575b5b-02b3-473f-96b2-411e85327718
2024-04-24T05:15:30,022  INFO [main] lockmgr.DbLockManager: Requesting lock for queryId=alex_20240424051530_a3575b5b-02b3-473f-96b2-411e85327718
2024-04-24T05:15:30,036  INFO [main] lockmgr.DbLockManager: Response to queryId=alex_20240424051530_a3575b5b-02b3-473f-96b2-411e85327718 LockResponse(lockid:4, state:ACQUIRED)
2024-04-24T05:15:30,036  INFO [main] ql.Driver: Operation CREATETABLE obtained 1 locks
2024-04-24T05:15:30,036  INFO [main] ql.Driver: Executing command(queryId=alex_20240424051530_a3575b5b-02b3-473f-96b2-411e85327718): create table nonAcidOrcTbl2(a int, b int) clustered by (a) into 2 buckets stored as orc TBLPROPERTIES ('transactional'='false')
2024-04-24T05:15:30,036  INFO [main] ql.Driver: Starting task [Stage-0:DDL] in serial mode
2024-04-24T05:15:30,037  INFO [main] HiveMetaStore.audit: ugi=alex	ip=unknown-ip-addr	cmd=create_table_req: Table(tableName:nonAcidOrcTbl2, dbName:default, owner:alex, createTime:1713960930, lastAccessTime:0, retention:0, sd:StorageDescriptor(cols:[FieldSchema(name:a, type:int, comment:null), FieldSchema(name:b, type:int, comment:null)], location:null, inputFormat:org.apache.hadoop.hive.ql.io.orc.OrcInputFormat, outputFormat:org.apache.hadoop.hive.ql.io.orc.OrcOutputFormat, compressed:false, numBuckets:2, serdeInfo:SerDeInfo(name:null, serializationLib:org.apache.hadoop.hive.ql.io.orc.OrcSerde, parameters:{serialization.format=1}), bucketCols:[a], sortCols:[], parameters:{}, skewedInfo:SkewedInfo(skewedColNames:[], skewedColValues:[], skewedColValueLocationMaps:{}), storedAsSubDirectories:false), partitionKeys:[], parameters:{rawDataSize=0, totalSize=0, bucketing_version=2, numRows=0, numFilesErasureCoded=0, transactional=false, numFiles=0, COLUMN_STATS_ACCURATE={"BASIC_STATS":"true","COLUMN_STATS":{"a":"true","b":"true"}}}, viewOriginalText:null, viewExpandedText:null, tableType:MANAGED_TABLE, privileges:PrincipalPrivilegeSet(userPrivileges:{alex=[PrivilegeGrantInfo(privilege:INSERT, createTime:-1, grantor:alex, grantorType:USER, grantOption:true), PrivilegeGrantInfo(privilege:SELECT, createTime:-1, grantor:alex, grantorType:USER, grantOption:true), PrivilegeGrantInfo(privilege:UPDATE, createTime:-1, grantor:alex, grantorType:USER, grantOption:true), PrivilegeGrantInfo(privilege:DELETE, createTime:-1, grantor:alex, grantorType:USER, grantOption:true)]}, groupPrivileges:null, rolePrivileges:null), temporary:false, catName:hive, ownerType:USER)	
2024-04-24T05:15:30,042  INFO [main] utils.FileUtils: Creating directory if it doesn't exist: file:/home/alex/Repositories/hive/ql/target/tmp/org.apache.hadoop.hive.ql.TestTxnCommands-1713960750541/warehouse/nonacidorctbl2
2024-04-24T05:15:30,056  INFO [main] metadata.Hive: Dumping metastore api call timing information for : execution phase
2024-04-24T05:15:30,056  INFO [main] metadata.Hive: Total time spent in each metastore function (ms): {isCompatibleWith_(Configuration)=0, createTable_(Table)=19}
2024-04-24T05:15:30,056  INFO [main] ql.Driver: Completed executing command(queryId=alex_20240424051530_a3575b5b-02b3-473f-96b2-411e85327718); Time taken: 0.02 seconds
2024-04-24T05:15:30,057  INFO [main] lockmgr.DbTxnManager: Stopped heartbeat for query: alex_20240424051530_a3575b5b-02b3-473f-96b2-411e85327718
2024-04-24T05:15:30,060  INFO [main] txn.TxnHandler: Expected to move at least one record from txn_components to completed_txn_components when committing txn! txnid:10
2024-04-24T05:15:30,066  INFO [main] txn.TxnHandler: Removed transactions: ([10]) from MIN_HISTORY_LEVEL
2024-04-24T05:15:30,066  WARN [main] txn.CompactionTxnHandler: No compaction queue record found for Compaction type transaction commit. txnId:10
2024-04-24T05:15:30,066  INFO [main] ql.TxnCommandsBaseForTests: Running the query: create temporary  table acidTbl2(a int, b int, c int) clustered by (c) into 2 buckets stored as orc TBLPROPERTIES ('transactional'='true')
2024-04-24T05:15:30,067  INFO [main] ql.Driver: Compiling command(queryId=alex_20240424051530_d11c28d0-50a1-4dbc-8d9f-29724bf1f70a): create temporary  table acidTbl2(a int, b int, c int) clustered by (c) into 2 buckets stored as orc TBLPROPERTIES ('transactional'='true')
2024-04-24T05:15:30,069  INFO [main] txn.TxnHandler: Added entries to MIN_HISTORY_LEVEL for current txns: ([11]) with min_open_txn: 1
2024-04-24T05:15:30,069  INFO [main] lockmgr.DbTxnManager: Opened txnid:11
2024-04-24T05:15:30,069  INFO [main] parse.CalcitePlanner: Starting caching scope for: 
2024-04-24T05:15:30,069  INFO [main] parse.CalcitePlanner: Starting Semantic Analysis
2024-04-24T05:15:30,072  INFO [main] parse.CalcitePlanner: Creating table default.acidTbl2 position=24
2024-04-24T05:15:30,072  INFO [main] HiveMetaStore.audit: ugi=alex	ip=unknown-ip-addr	cmd=get_database: default	
2024-04-24T05:15:30,073  INFO [main] parse.CalcitePlanner: Ending caching scope for: 
2024-04-24T05:15:30,073  INFO [main] ql.Driver: Semantic Analysis Completed (retrial = false)
2024-04-24T05:15:30,074  INFO [main] ql.Driver: Created Hive schema: Schema(fieldSchemas:null, properties:null)
2024-04-24T05:15:30,074  INFO [main] metadata.Hive: Dumping metastore api call timing information for : compilation phase
2024-04-24T05:15:30,074  INFO [main] metadata.Hive: Total time spent in each metastore function (ms): {commitTxn_(CommitTxnRequest)=9, getDatabase_(String)=1, getValidWriteIds_(List, String)=2, getValidTxns_(long)=0, isCompatibleWith_(Configuration)=0, openTxn_(String, TxnType)=2, flushCache_()=0}
2024-04-24T05:15:30,074  INFO [main] ql.Driver: Completed compiling command(queryId=alex_20240424051530_d11c28d0-50a1-4dbc-8d9f-29724bf1f70a); Time taken: 0.007 seconds
2024-04-24T05:15:30,074  INFO [main] lockmgr.DbTxnManager: Setting lock request transaction to txnid:11 for queryId=alex_20240424051530_d11c28d0-50a1-4dbc-8d9f-29724bf1f70a
2024-04-24T05:15:30,074  INFO [main] lockmgr.DbLockManager: Requesting lock for queryId=alex_20240424051530_d11c28d0-50a1-4dbc-8d9f-29724bf1f70a
2024-04-24T05:15:30,088  INFO [main] lockmgr.DbLockManager: Response to queryId=alex_20240424051530_d11c28d0-50a1-4dbc-8d9f-29724bf1f70a LockResponse(lockid:5, state:ACQUIRED)
2024-04-24T05:15:30,088  INFO [main] ql.Driver: Operation CREATETABLE obtained 1 locks
2024-04-24T05:15:30,088  INFO [main] ql.Driver: Executing command(queryId=alex_20240424051530_d11c28d0-50a1-4dbc-8d9f-29724bf1f70a): create temporary  table acidTbl2(a int, b int, c int) clustered by (c) into 2 buckets stored as orc TBLPROPERTIES ('transactional'='true')
2024-04-24T05:15:30,088  INFO [main] ql.Driver: Starting task [Stage-0:DDL] in serial mode
2024-04-24T05:15:30,089  INFO [main] utils.FileUtils: Creating directory if it doesn't exist: file:/home/alex/Repositories/hive/ql/target/tmp/scratchdir/alex/c1668d89-b9c1-4180-9b20-b21a51bfebc8/_tmp_space.db/14d20a15-13ac-4a2a-b811-39fdfae59c10
2024-04-24T05:15:30,092  INFO [main] metadata.Hive: Dumping metastore api call timing information for : execution phase
2024-04-24T05:15:30,092  INFO [main] metadata.Hive: Total time spent in each metastore function (ms): {createTable_(Table)=3, isCompatibleWith_(Configuration)=0}
2024-04-24T05:15:30,092  INFO [main] ql.Driver: Completed executing command(queryId=alex_20240424051530_d11c28d0-50a1-4dbc-8d9f-29724bf1f70a); Time taken: 0.004 seconds
2024-04-24T05:15:30,092  INFO [main] lockmgr.DbTxnManager: Stopped heartbeat for query: alex_20240424051530_d11c28d0-50a1-4dbc-8d9f-29724bf1f70a
2024-04-24T05:15:30,096  INFO [main] txn.TxnHandler: Expected to move at least one record from txn_components to completed_txn_components when committing txn! txnid:11
2024-04-24T05:15:30,102  INFO [main] txn.TxnHandler: Removed transactions: ([11]) from MIN_HISTORY_LEVEL
2024-04-24T05:15:30,102  WARN [main] txn.CompactionTxnHandler: No compaction queue record found for Compaction type transaction commit. txnId:11
2024-04-24T05:15:30,102  INFO [main] ql.TxnCommandsBaseForTests: Running the query: create table nonAcidNonBucket(a int, b int) stored as orc TBLPROPERTIES ('transactional'='false')
2024-04-24T05:15:30,102  INFO [main] ql.Driver: Compiling command(queryId=alex_20240424051530_10a710aa-a4b0-4bbc-b3ce-f4d88ee6848a): create table nonAcidNonBucket(a int, b int) stored as orc TBLPROPERTIES ('transactional'='false')
2024-04-24T05:15:30,104  INFO [main] txn.TxnHandler: Added entries to MIN_HISTORY_LEVEL for current txns: ([12]) with min_open_txn: 1
2024-04-24T05:15:30,105  INFO [main] lockmgr.DbTxnManager: Opened txnid:12
2024-04-24T05:15:30,105  INFO [main] parse.CalcitePlanner: Starting caching scope for: 
2024-04-24T05:15:30,105  INFO [main] parse.CalcitePlanner: Starting Semantic Analysis
2024-04-24T05:15:30,107  INFO [main] parse.CalcitePlanner: Creating table default.nonAcidNonBucket position=13
2024-04-24T05:15:30,108  INFO [main] HiveMetaStore.audit: ugi=alex	ip=unknown-ip-addr	cmd=get_database: default	
2024-04-24T05:15:30,109  INFO [main] parse.CalcitePlanner: Ending caching scope for: 
2024-04-24T05:15:30,109  INFO [main] ql.Driver: Semantic Analysis Completed (retrial = false)
2024-04-24T05:15:30,109  INFO [main] ql.Driver: Created Hive schema: Schema(fieldSchemas:null, properties:null)
2024-04-24T05:15:30,109  INFO [main] metadata.Hive: Dumping metastore api call timing information for : compilation phase
2024-04-24T05:15:30,109  INFO [main] metadata.Hive: Total time spent in each metastore function (ms): {commitTxn_(CommitTxnRequest)=10, getValidWriteIds_(List, String)=2, flushCache_()=0, getDatabase_(String)=2, openTxn_(String, TxnType)=2, isCompatibleWith_(Configuration)=0, getValidTxns_(long)=0}
2024-04-24T05:15:30,109  INFO [main] ql.Driver: Completed compiling command(queryId=alex_20240424051530_10a710aa-a4b0-4bbc-b3ce-f4d88ee6848a); Time taken: 0.007 seconds
2024-04-24T05:15:30,110  INFO [main] lockmgr.DbTxnManager: Setting lock request transaction to txnid:12 for queryId=alex_20240424051530_10a710aa-a4b0-4bbc-b3ce-f4d88ee6848a
2024-04-24T05:15:30,110  INFO [main] lockmgr.DbLockManager: Requesting lock for queryId=alex_20240424051530_10a710aa-a4b0-4bbc-b3ce-f4d88ee6848a
2024-04-24T05:15:30,123  INFO [main] lockmgr.DbLockManager: Response to queryId=alex_20240424051530_10a710aa-a4b0-4bbc-b3ce-f4d88ee6848a LockResponse(lockid:6, state:ACQUIRED)
2024-04-24T05:15:30,123  INFO [main] ql.Driver: Operation CREATETABLE obtained 1 locks
2024-04-24T05:15:30,123  INFO [main] ql.Driver: Executing command(queryId=alex_20240424051530_10a710aa-a4b0-4bbc-b3ce-f4d88ee6848a): create table nonAcidNonBucket(a int, b int) stored as orc TBLPROPERTIES ('transactional'='false')
2024-04-24T05:15:30,123  INFO [main] ql.Driver: Starting task [Stage-0:DDL] in serial mode
2024-04-24T05:15:30,124  INFO [main] HiveMetaStore.audit: ugi=alex	ip=unknown-ip-addr	cmd=create_table_req: Table(tableName:nonAcidNonBucket, dbName:default, owner:alex, createTime:1713960930, lastAccessTime:0, retention:0, sd:StorageDescriptor(cols:[FieldSchema(name:a, type:int, comment:null), FieldSchema(name:b, type:int, comment:null)], location:null, inputFormat:org.apache.hadoop.hive.ql.io.orc.OrcInputFormat, outputFormat:org.apache.hadoop.hive.ql.io.orc.OrcOutputFormat, compressed:false, numBuckets:-1, serdeInfo:SerDeInfo(name:null, serializationLib:org.apache.hadoop.hive.ql.io.orc.OrcSerde, parameters:{serialization.format=1}), bucketCols:[], sortCols:[], parameters:{}, skewedInfo:SkewedInfo(skewedColNames:[], skewedColValues:[], skewedColValueLocationMaps:{}), storedAsSubDirectories:false), partitionKeys:[], parameters:{totalSize=0, bucketing_version=2, rawDataSize=0, numFilesErasureCoded=0, COLUMN_STATS_ACCURATE={"BASIC_STATS":"true","COLUMN_STATS":{"a":"true","b":"true"}}, numRows=0, numFiles=0, transactional=false}, viewOriginalText:null, viewExpandedText:null, tableType:MANAGED_TABLE, privileges:PrincipalPrivilegeSet(userPrivileges:{alex=[PrivilegeGrantInfo(privilege:INSERT, createTime:-1, grantor:alex, grantorType:USER, grantOption:true), PrivilegeGrantInfo(privilege:SELECT, createTime:-1, grantor:alex, grantorType:USER, grantOption:true), PrivilegeGrantInfo(privilege:UPDATE, createTime:-1, grantor:alex, grantorType:USER, grantOption:true), PrivilegeGrantInfo(privilege:DELETE, createTime:-1, grantor:alex, grantorType:USER, grantOption:true)]}, groupPrivileges:null, rolePrivileges:null), temporary:false, catName:hive, ownerType:USER)	
2024-04-24T05:15:30,130  INFO [main] utils.FileUtils: Creating directory if it doesn't exist: file:/home/alex/Repositories/hive/ql/target/tmp/org.apache.hadoop.hive.ql.TestTxnCommands-1713960750541/warehouse/nonacidnonbucket
2024-04-24T05:15:30,144  INFO [main] metadata.Hive: Dumping metastore api call timing information for : execution phase
2024-04-24T05:15:30,144  INFO [main] metadata.Hive: Total time spent in each metastore function (ms): {isCompatibleWith_(Configuration)=0, createTable_(Table)=19}
2024-04-24T05:15:30,144  INFO [main] ql.Driver: Completed executing command(queryId=alex_20240424051530_10a710aa-a4b0-4bbc-b3ce-f4d88ee6848a); Time taken: 0.02 seconds
2024-04-24T05:15:30,144  INFO [main] lockmgr.DbTxnManager: Stopped heartbeat for query: alex_20240424051530_10a710aa-a4b0-4bbc-b3ce-f4d88ee6848a
2024-04-24T05:15:30,148  INFO [main] txn.TxnHandler: Expected to move at least one record from txn_components to completed_txn_components when committing txn! txnid:12
2024-04-24T05:15:30,155  INFO [main] txn.TxnHandler: Removed transactions: ([12]) from MIN_HISTORY_LEVEL
2024-04-24T05:15:30,155  WARN [main] txn.CompactionTxnHandler: No compaction queue record found for Compaction type transaction commit. txnId:12
2024-04-24T05:15:30,155  INFO [main] ql.TxnCommandsBaseForTests: Running the query: drop table if exists target
2024-04-24T05:15:30,155  INFO [main] ql.Driver: Compiling command(queryId=alex_20240424051530_721f4194-d82a-412b-a561-1f4f42157dbd): drop table if exists target
2024-04-24T05:15:30,157  INFO [main] txn.TxnHandler: Added entries to MIN_HISTORY_LEVEL for current txns: ([13]) with min_open_txn: 1
2024-04-24T05:15:30,158  INFO [main] lockmgr.DbTxnManager: Opened txnid:13
2024-04-24T05:15:30,158  INFO [main] HiveMetaStore.audit: ugi=alex	ip=unknown-ip-addr	cmd=get_table : tbl=hive.default.target	
2024-04-24T05:15:30,161  INFO [main] ql.Driver: Semantic Analysis Completed (retrial = false)
2024-04-24T05:15:30,161  INFO [main] ql.Driver: Created Hive schema: Schema(fieldSchemas:null, properties:null)
2024-04-24T05:15:30,161  INFO [main] metadata.Hive: Dumping metastore api call timing information for : compilation phase
2024-04-24T05:15:30,161  INFO [main] metadata.Hive: Total time spent in each metastore function (ms): {getValidTxns_(long)=0, flushCache_()=0, openTxn_(String, TxnType)=2, isCompatibleWith_(Configuration)=0, commitTxn_(CommitTxnRequest)=11}
2024-04-24T05:15:30,161  INFO [main] ql.Driver: Completed compiling command(queryId=alex_20240424051530_721f4194-d82a-412b-a561-1f4f42157dbd); Time taken: 0.006 seconds
2024-04-24T05:15:30,162  INFO [main] lockmgr.DbTxnManager: Setting lock request transaction to txnid:13 for queryId=alex_20240424051530_721f4194-d82a-412b-a561-1f4f42157dbd
2024-04-24T05:15:30,162  INFO [main] ql.Driver: Operation DROPTABLE obtained 0 locks
2024-04-24T05:15:30,162  INFO [main] ql.Driver: Executing command(queryId=alex_20240424051530_721f4194-d82a-412b-a561-1f4f42157dbd): drop table if exists target
2024-04-24T05:15:30,162  INFO [main] ql.Driver: Starting task [Stage-0:DDL] in serial mode
2024-04-24T05:15:30,162  INFO [main] HiveMetaStore.audit: ugi=alex	ip=unknown-ip-addr	cmd=get_table : tbl=hive.default.target	
2024-04-24T05:15:30,165  INFO [main] metadata.Hive: Dumping metastore api call timing information for : execution phase
2024-04-24T05:15:30,165  INFO [main] metadata.Hive: Total time spent in each metastore function (ms): {isCompatibleWith_(Configuration)=0}
2024-04-24T05:15:30,165  INFO [main] ql.Driver: Completed executing command(queryId=alex_20240424051530_721f4194-d82a-412b-a561-1f4f42157dbd); Time taken: 0.003 seconds
2024-04-24T05:15:30,165  INFO [main] lockmgr.DbTxnManager: Stopped heartbeat for query: alex_20240424051530_721f4194-d82a-412b-a561-1f4f42157dbd
2024-04-24T05:15:30,170  INFO [main] txn.TxnHandler: Expected to move at least one record from txn_components to completed_txn_components when committing txn! txnid:13
2024-04-24T05:15:30,176  INFO [main] txn.TxnHandler: Removed transactions: ([13]) from MIN_HISTORY_LEVEL
2024-04-24T05:15:30,176  WARN [main] txn.CompactionTxnHandler: No compaction queue record found for Compaction type transaction commit. txnId:13
2024-04-24T05:15:30,176  INFO [main] ql.TxnCommandsBaseForTests: Running the query: drop table if exists source
2024-04-24T05:15:30,176  INFO [main] ql.Driver: Compiling command(queryId=alex_20240424051530_5758d660-8787-49dc-9b5a-e81f5f8a534a): drop table if exists source
2024-04-24T05:15:30,178  INFO [main] txn.TxnHandler: Added entries to MIN_HISTORY_LEVEL for current txns: ([14]) with min_open_txn: 1
2024-04-24T05:15:30,179  INFO [main] lockmgr.DbTxnManager: Opened txnid:14
2024-04-24T05:15:30,179  INFO [main] HiveMetaStore.audit: ugi=alex	ip=unknown-ip-addr	cmd=get_table : tbl=hive.default.source	
2024-04-24T05:15:30,182  INFO [main] ql.Driver: Semantic Analysis Completed (retrial = false)
2024-04-24T05:15:30,182  INFO [main] ql.Driver: Created Hive schema: Schema(fieldSchemas:null, properties:null)
2024-04-24T05:15:30,182  INFO [main] metadata.Hive: Dumping metastore api call timing information for : compilation phase
2024-04-24T05:15:30,182  INFO [main] metadata.Hive: Total time spent in each metastore function (ms): {flushCache_()=0, commitTxn_(CommitTxnRequest)=11, isCompatibleWith_(Configuration)=0, openTxn_(String, TxnType)=2, getValidTxns_(long)=0}
2024-04-24T05:15:30,182  INFO [main] ql.Driver: Completed compiling command(queryId=alex_20240424051530_5758d660-8787-49dc-9b5a-e81f5f8a534a); Time taken: 0.006 seconds
2024-04-24T05:15:30,182  INFO [main] lockmgr.DbTxnManager: Setting lock request transaction to txnid:14 for queryId=alex_20240424051530_5758d660-8787-49dc-9b5a-e81f5f8a534a
2024-04-24T05:15:30,182  INFO [main] ql.Driver: Operation DROPTABLE obtained 0 locks
2024-04-24T05:15:30,183  INFO [main] ql.Driver: Executing command(queryId=alex_20240424051530_5758d660-8787-49dc-9b5a-e81f5f8a534a): drop table if exists source
2024-04-24T05:15:30,183  INFO [main] ql.Driver: Starting task [Stage-0:DDL] in serial mode
2024-04-24T05:15:30,183  INFO [main] HiveMetaStore.audit: ugi=alex	ip=unknown-ip-addr	cmd=get_table : tbl=hive.default.source	
2024-04-24T05:15:30,185  INFO [main] metadata.Hive: Dumping metastore api call timing information for : execution phase
2024-04-24T05:15:30,186  INFO [main] metadata.Hive: Total time spent in each metastore function (ms): {isCompatibleWith_(Configuration)=0}
2024-04-24T05:15:30,186  INFO [main] ql.Driver: Completed executing command(queryId=alex_20240424051530_5758d660-8787-49dc-9b5a-e81f5f8a534a); Time taken: 0.003 seconds
2024-04-24T05:15:30,186  INFO [main] lockmgr.DbTxnManager: Stopped heartbeat for query: alex_20240424051530_5758d660-8787-49dc-9b5a-e81f5f8a534a
2024-04-24T05:15:30,191  INFO [main] txn.TxnHandler: Expected to move at least one record from txn_components to completed_txn_components when committing txn! txnid:14
2024-04-24T05:15:30,197  INFO [main] txn.TxnHandler: Removed transactions: ([14]) from MIN_HISTORY_LEVEL
2024-04-24T05:15:30,197  WARN [main] txn.CompactionTxnHandler: No compaction queue record found for Compaction type transaction commit. txnId:14
2024-04-24T05:15:30,198  INFO [main] ql.TxnCommandsBaseForTests: Running the query: drop table if exists splitTable
2024-04-24T05:15:30,198  INFO [main] ql.Driver: Compiling command(queryId=alex_20240424051530_b39abc81-2eb2-4ef7-9bd1-4633bb37d445): drop table if exists splitTable
2024-04-24T05:15:30,200  INFO [main] txn.TxnHandler: Added entries to MIN_HISTORY_LEVEL for current txns: ([15]) with min_open_txn: 1
2024-04-24T05:15:30,200  INFO [main] lockmgr.DbTxnManager: Opened txnid:15
2024-04-24T05:15:30,200  INFO [main] HiveMetaStore.audit: ugi=alex	ip=unknown-ip-addr	cmd=get_table : tbl=hive.default.splitTable	
2024-04-24T05:15:30,203  INFO [main] ql.Driver: Semantic Analysis Completed (retrial = false)
2024-04-24T05:15:30,203  INFO [main] ql.Driver: Created Hive schema: Schema(fieldSchemas:null, properties:null)
2024-04-24T05:15:30,203  INFO [main] metadata.Hive: Dumping metastore api call timing information for : compilation phase
2024-04-24T05:15:30,203  INFO [main] metadata.Hive: Total time spent in each metastore function (ms): {commitTxn_(CommitTxnRequest)=11, openTxn_(String, TxnType)=2, isCompatibleWith_(Configuration)=0, getValidTxns_(long)=0, flushCache_()=0}
2024-04-24T05:15:30,204  INFO [main] ql.Driver: Completed compiling command(queryId=alex_20240424051530_b39abc81-2eb2-4ef7-9bd1-4633bb37d445); Time taken: 0.005 seconds
2024-04-24T05:15:30,204  INFO [main] lockmgr.DbTxnManager: Setting lock request transaction to txnid:15 for queryId=alex_20240424051530_b39abc81-2eb2-4ef7-9bd1-4633bb37d445
2024-04-24T05:15:30,204  INFO [main] ql.Driver: Operation DROPTABLE obtained 0 locks
2024-04-24T05:15:30,204  INFO [main] ql.Driver: Executing command(queryId=alex_20240424051530_b39abc81-2eb2-4ef7-9bd1-4633bb37d445): drop table if exists splitTable
2024-04-24T05:15:30,204  INFO [main] ql.Driver: Starting task [Stage-0:DDL] in serial mode
2024-04-24T05:15:30,204  INFO [main] HiveMetaStore.audit: ugi=alex	ip=unknown-ip-addr	cmd=get_table : tbl=hive.default.splitTable	
2024-04-24T05:15:30,207  INFO [main] metadata.Hive: Dumping metastore api call timing information for : execution phase
2024-04-24T05:15:30,207  INFO [main] metadata.Hive: Total time spent in each metastore function (ms): {isCompatibleWith_(Configuration)=0}
2024-04-24T05:15:30,207  INFO [main] ql.Driver: Completed executing command(queryId=alex_20240424051530_b39abc81-2eb2-4ef7-9bd1-4633bb37d445); Time taken: 0.003 seconds
2024-04-24T05:15:30,207  INFO [main] lockmgr.DbTxnManager: Stopped heartbeat for query: alex_20240424051530_b39abc81-2eb2-4ef7-9bd1-4633bb37d445
2024-04-24T05:15:30,213  INFO [main] txn.TxnHandler: Expected to move at least one record from txn_components to completed_txn_components when committing txn! txnid:15
2024-04-24T05:15:30,218  INFO [main] txn.TxnHandler: Removed transactions: ([15]) from MIN_HISTORY_LEVEL
2024-04-24T05:15:30,218  WARN [main] txn.CompactionTxnHandler: No compaction queue record found for Compaction type transaction commit. txnId:15
2024-04-24T05:15:30,219  INFO [main] ql.TxnCommandsBaseForTests: Running the query: create table splitTable(op int)
2024-04-24T05:15:30,219  INFO [main] ql.Driver: Compiling command(queryId=alex_20240424051530_89099e56-7f20-4d15-9cc5-0460ed8f9fdc): create table splitTable(op int)
2024-04-24T05:15:30,221  INFO [main] txn.TxnHandler: Added entries to MIN_HISTORY_LEVEL for current txns: ([16]) with min_open_txn: 1
2024-04-24T05:15:30,222  INFO [main] lockmgr.DbTxnManager: Opened txnid:16
2024-04-24T05:15:30,222  INFO [main] parse.CalcitePlanner: Starting caching scope for: 
2024-04-24T05:15:30,222  INFO [main] parse.CalcitePlanner: Starting Semantic Analysis
2024-04-24T05:15:30,227  INFO [main] parse.CalcitePlanner: Creating table default.splitTable position=13
2024-04-24T05:15:30,227  INFO [main] HiveMetaStore.audit: ugi=alex	ip=unknown-ip-addr	cmd=get_database: default	
2024-04-24T05:15:30,229  INFO [main] parse.CalcitePlanner: Ending caching scope for: 
2024-04-24T05:15:30,229  INFO [main] ql.Driver: Semantic Analysis Completed (retrial = false)
2024-04-24T05:15:30,229  INFO [main] ql.Driver: Created Hive schema: Schema(fieldSchemas:null, properties:null)
2024-04-24T05:15:30,229  INFO [main] metadata.Hive: Dumping metastore api call timing information for : compilation phase
2024-04-24T05:15:30,229  INFO [main] metadata.Hive: Total time spent in each metastore function (ms): {flushCache_()=0, openTxn_(String, TxnType)=3, getValidTxns_(long)=0, commitTxn_(CommitTxnRequest)=10, isCompatibleWith_(Configuration)=1, getValidWriteIds_(List, String)=5, getDatabase_(String)=2}
2024-04-24T05:15:30,229  INFO [main] ql.Driver: Completed compiling command(queryId=alex_20240424051530_89099e56-7f20-4d15-9cc5-0460ed8f9fdc); Time taken: 0.01 seconds
2024-04-24T05:15:30,229  INFO [main] lockmgr.DbTxnManager: Setting lock request transaction to txnid:16 for queryId=alex_20240424051530_89099e56-7f20-4d15-9cc5-0460ed8f9fdc
2024-04-24T05:15:30,230  INFO [main] lockmgr.DbLockManager: Requesting lock for queryId=alex_20240424051530_89099e56-7f20-4d15-9cc5-0460ed8f9fdc
2024-04-24T05:15:30,248  INFO [main] lockmgr.DbLockManager: Response to queryId=alex_20240424051530_89099e56-7f20-4d15-9cc5-0460ed8f9fdc LockResponse(lockid:7, state:ACQUIRED)
2024-04-24T05:15:30,248  INFO [main] ql.Driver: Operation CREATETABLE obtained 1 locks
2024-04-24T05:15:30,248  INFO [main] ql.Driver: Executing command(queryId=alex_20240424051530_89099e56-7f20-4d15-9cc5-0460ed8f9fdc): create table splitTable(op int)
2024-04-24T05:15:30,248  INFO [main] ql.Driver: Starting task [Stage-0:DDL] in serial mode
2024-04-24T05:15:30,249  INFO [main] HiveMetaStore.audit: ugi=alex	ip=unknown-ip-addr	cmd=create_table_req: Table(tableName:splitTable, dbName:default, owner:alex, createTime:1713960930, lastAccessTime:0, retention:0, sd:StorageDescriptor(cols:[FieldSchema(name:op, type:int, comment:null)], location:null, inputFormat:org.apache.hadoop.mapred.TextInputFormat, outputFormat:org.apache.hadoop.hive.ql.io.HiveIgnoreKeyTextOutputFormat, compressed:false, numBuckets:-1, serdeInfo:SerDeInfo(name:null, serializationLib:org.apache.hadoop.hive.serde2.lazy.LazySimpleSerDe, parameters:{serialization.format=1}), bucketCols:[], sortCols:[], parameters:{}, skewedInfo:SkewedInfo(skewedColNames:[], skewedColValues:[], skewedColValueLocationMaps:{}), storedAsSubDirectories:false), partitionKeys:[], parameters:{numFiles=0, totalSize=0, bucketing_version=2, rawDataSize=0, numFilesErasureCoded=0, numRows=0, COLUMN_STATS_ACCURATE={"BASIC_STATS":"true","COLUMN_STATS":{"op":"true"}}}, viewOriginalText:null, viewExpandedText:null, tableType:MANAGED_TABLE, privileges:PrincipalPrivilegeSet(userPrivileges:{alex=[PrivilegeGrantInfo(privilege:INSERT, createTime:-1, grantor:alex, grantorType:USER, grantOption:true), PrivilegeGrantInfo(privilege:SELECT, createTime:-1, grantor:alex, grantorType:USER, grantOption:true), PrivilegeGrantInfo(privilege:UPDATE, createTime:-1, grantor:alex, grantorType:USER, grantOption:true), PrivilegeGrantInfo(privilege:DELETE, createTime:-1, grantor:alex, grantorType:USER, grantOption:true)]}, groupPrivileges:null, rolePrivileges:null), temporary:false, catName:hive, ownerType:USER)	
2024-04-24T05:15:30,254  INFO [main] utils.FileUtils: Creating directory if it doesn't exist: file:/home/alex/Repositories/hive/ql/target/tmp/org.apache.hadoop.hive.ql.TestTxnCommands-1713960750541/warehouse/splittable
2024-04-24T05:15:30,286  INFO [main] metadata.Hive: Dumping metastore api call timing information for : execution phase
2024-04-24T05:15:30,286  INFO [main] metadata.Hive: Total time spent in each metastore function (ms): {isCompatibleWith_(Configuration)=0, createTable_(Table)=38}
2024-04-24T05:15:30,286  INFO [main] ql.Driver: Completed executing command(queryId=alex_20240424051530_89099e56-7f20-4d15-9cc5-0460ed8f9fdc); Time taken: 0.038 seconds
2024-04-24T05:15:30,286  INFO [main] lockmgr.DbTxnManager: Stopped heartbeat for query: alex_20240424051530_89099e56-7f20-4d15-9cc5-0460ed8f9fdc
2024-04-24T05:15:30,290  INFO [main] txn.TxnHandler: Expected to move at least one record from txn_components to completed_txn_components when committing txn! txnid:16
2024-04-24T05:15:30,296  INFO [main] txn.TxnHandler: Removed transactions: ([16]) from MIN_HISTORY_LEVEL
2024-04-24T05:15:30,296  WARN [main] txn.CompactionTxnHandler: No compaction queue record found for Compaction type transaction commit. txnId:16
2024-04-24T05:15:30,296  INFO [main] ql.TxnCommandsBaseForTests: Running the query: insert into splitTable values (0),(1)
2024-04-24T05:15:30,296  INFO [main] ql.Driver: Compiling command(queryId=alex_20240424051530_d7e2e0c8-92bc-40a9-810c-567794234574): insert into splitTable values (0),(1)
2024-04-24T05:15:30,298  INFO [main] txn.TxnHandler: Added entries to MIN_HISTORY_LEVEL for current txns: ([17]) with min_open_txn: 1
2024-04-24T05:15:30,299  INFO [main] lockmgr.DbTxnManager: Opened txnid:17
2024-04-24T05:15:30,299  INFO [main] parse.CalcitePlanner: Starting caching scope for: 
2024-04-24T05:15:30,299  INFO [main] parse.CalcitePlanner: Starting Semantic Analysis
2024-04-24T05:15:30,302  INFO [main] HiveMetaStore.audit: ugi=alex	ip=unknown-ip-addr	cmd=get_table : tbl=hive.default.splitTable	
2024-04-24T05:15:30,336  INFO [main] metastore.HMSHandler: Skipping translation for processor with null
2024-04-24T05:15:30,336  INFO [main] parse.CalcitePlanner: Completed phase 1 of Semantic Analysis
2024-04-24T05:15:30,336  INFO [main] parse.CalcitePlanner: Get metadata for source tables
2024-04-24T05:15:30,336  INFO [main] parse.CalcitePlanner: Get metadata for subqueries
2024-04-24T05:15:30,336  INFO [main] parse.CalcitePlanner: Get metadata for destination tables
2024-04-24T05:15:30,336  INFO [main] HiveMetaStore.audit: ugi=alex	ip=unknown-ip-addr	cmd=get_table : tbl=hive.default.splitTable	
2024-04-24T05:15:30,345  INFO [main] metastore.HMSHandler: Skipping translation for processor with null
2024-04-24T05:15:30,346  INFO [main] parse.CalcitePlanner: Completed getting MetaData in Semantic Analysis
2024-04-24T05:15:30,346  INFO [main] parse.CalcitePlanner: Disabling LLAP IO encode as ETL query is detected
2024-04-24T05:15:30,367  INFO [main] HiveMetaStore.audit: ugi=alex	ip=unknown-ip-addr	cmd=get_all_table_constraints : tbl=hive._dummy_database._dummy_table	
2024-04-24T05:15:30,440  INFO [main] parse.CalcitePlanner: Get metadata for source tables
2024-04-24T05:15:30,440  INFO [main] parse.CalcitePlanner: Get metadata for subqueries
2024-04-24T05:15:30,440  INFO [main] parse.CalcitePlanner: Get metadata for source tables
2024-04-24T05:15:30,441  INFO [main] HiveMetaStore.audit: ugi=alex	ip=unknown-ip-addr	cmd=get_table : tbl=hive._dummy_database._dummy_table	
2024-04-24T05:15:30,443  INFO [main] parse.CalcitePlanner: Get metadata for subqueries
2024-04-24T05:15:30,443  INFO [main] parse.CalcitePlanner: Get metadata for destination tables
2024-04-24T05:15:30,443  INFO [main] parse.CalcitePlanner: Get metadata for destination tables
2024-04-24T05:15:30,443  INFO [main] HiveMetaStore.audit: ugi=alex	ip=unknown-ip-addr	cmd=get_table : tbl=hive.default.splitTable	
2024-04-24T05:15:30,452  INFO [main] metastore.HMSHandler: Skipping translation for processor with null
2024-04-24T05:15:30,453  INFO [main] common.FileUtils: Creating directory if it doesn't exist: file:/home/alex/Repositories/hive/ql/target/tmp/org.apache.hadoop.hive.ql.TestTxnCommands-1713960750541/warehouse/splittable/.hive-staging_hive_2024-04-24_05-15-30_296_4723612906166844310-1
2024-04-24T05:15:30,456  INFO [main] HiveMetaStore.audit: ugi=alex	ip=unknown-ip-addr	cmd=get_not_null_constraints : tbl=hive.default.splittable	
2024-04-24T05:15:30,457  INFO [main] HiveMetaStore.audit: ugi=alex	ip=unknown-ip-addr	cmd=get_check_constraints : tbl=hive.default.splittable	
2024-04-24T05:15:30,458  INFO [main] parse.CalcitePlanner: CBO Succeeded; optimized logical plan.
2024-04-24T05:15:30,461  INFO [main] optimizer.BucketVersionPopulator: not considering bucketingVersion for: TS[0] because it has -1<2 buckets 
2024-04-24T05:15:30,461  INFO [main] optimizer.SortedDynPartitionOptimizer: Sorted dynamic partitioning optimization kicked in..
2024-04-24T05:15:30,469  INFO [main] HiveMetaStore.audit: ugi=alex	ip=unknown-ip-addr	cmd=get_table : tbl=hive.default.splittable	
2024-04-24T05:15:30,479  INFO [main] metastore.HMSHandler: Skipping translation for processor with null
2024-04-24T05:15:30,480  INFO [main] optimizer.GenMRFileSink1: using CombineHiveInputformat for the merge job
2024-04-24T05:15:30,480  INFO [main] HiveMetaStore.audit: ugi=alex	ip=unknown-ip-addr	cmd=get_table : tbl=hive.default.splittable	
2024-04-24T05:15:30,490  INFO [main] metastore.HMSHandler: Skipping translation for processor with null
2024-04-24T05:15:30,508  INFO [main] physical.Vectorizer: Examining input format to see if vectorization is enabled.
2024-04-24T05:15:30,508  INFO [main] physical.Vectorizer: Map vectorization enabled: false
2024-04-24T05:15:30,508  INFO [main] physical.Vectorizer: Map vectorized: false
2024-04-24T05:15:30,508  INFO [main] physical.Vectorizer: Map vectorizedVertexNum: 0
2024-04-24T05:15:30,508  INFO [main] physical.Vectorizer: Map enabledConditionsMet: [hive.vectorized.use.vectorized.input.format IS true]
2024-04-24T05:15:30,508  INFO [main] physical.Vectorizer: Map enabledConditionsNotMet: [Could not enable vectorization due to partition column names size 1 is greater than the number of table column names size 0 IS false]
2024-04-24T05:15:30,508  INFO [main] physical.Vectorizer: Map inputFileFormatClassNameSet: [org.apache.hadoop.hive.ql.io.NullRowsInputFormat]
2024-04-24T05:15:30,509  INFO [main] parse.CalcitePlanner: Completed plan generation
2024-04-24T05:15:30,509  INFO [main] parse.CalcitePlanner: Ending caching scope for: 
2024-04-24T05:15:30,509  INFO [main] ql.Driver: Semantic Analysis Completed (retrial = false)
2024-04-24T05:15:30,509  INFO [main] ql.Driver: Created Hive schema: Schema(fieldSchemas:[FieldSchema(name:col1, type:int, comment:null)], properties:null)
2024-04-24T05:15:30,509  INFO [main] metadata.Hive: Dumping metastore api call timing information for : compilation phase
2024-04-24T05:15:30,509  INFO [main] metadata.Hive: Total time spent in each metastore function (ms): {getCheckConstraints_(CheckConstraintsRequest)=1, getTable_(GetTableRequest)=74, openTxn_(String, TxnType)=2, isCompatibleWith_(Configuration)=1, getValidTxns_(long)=0, getNotNullConstraints_(NotNullConstraintsRequest)=1, commitTxn_(CommitTxnRequest)=10, getValidWriteIds_(List, String)=2, getAllTableConstraints_(AllTableConstraintsRequest)=29, flushCache_()=0}
2024-04-24T05:15:30,509  INFO [main] ql.Driver: Completed compiling command(queryId=alex_20240424051530_d7e2e0c8-92bc-40a9-810c-567794234574); Time taken: 0.213 seconds
2024-04-24T05:15:30,510  INFO [main] lockmgr.DbTxnManager: Setting lock request transaction to txnid:17 for queryId=alex_20240424051530_d7e2e0c8-92bc-40a9-810c-567794234574
2024-04-24T05:15:30,510  INFO [main] lockmgr.DbLockManager: Requesting lock for queryId=alex_20240424051530_d7e2e0c8-92bc-40a9-810c-567794234574
2024-04-24T05:15:30,524  INFO [main] lockmgr.DbLockManager: Response to queryId=alex_20240424051530_d7e2e0c8-92bc-40a9-810c-567794234574 LockResponse(lockid:8, state:ACQUIRED)
2024-04-24T05:15:30,524  INFO [main] ql.Driver: Operation QUERY obtained 1 locks
2024-04-24T05:15:30,524  INFO [main] ql.Driver: Executing command(queryId=alex_20240424051530_d7e2e0c8-92bc-40a9-810c-567794234574): insert into splitTable values (0),(1)
2024-04-24T05:15:30,525  WARN [main] ql.Driver: Hive-on-MR is deprecated in Hive 2 and may not be available in the future versions. Consider using a different execution engine (i.e. spark, tez) or using Hive 1.X releases.
Query ID = alex_20240424051530_d7e2e0c8-92bc-40a9-810c-567794234574
2024-04-24T05:15:30,525  INFO [main] ql.Driver: Query ID = alex_20240424051530_d7e2e0c8-92bc-40a9-810c-567794234574
Total jobs = 3
2024-04-24T05:15:30,525  INFO [main] ql.Driver: Total jobs = 3
Launching Job 1 out of 3
2024-04-24T05:15:30,525  INFO [main] ql.Driver: Launching Job 1 out of 3
2024-04-24T05:15:30,672  INFO [main] ql.Driver: Starting task [Stage-1:MAPRED] in serial mode
Number of reduce tasks is set to 0 since there's no reduce operator
2024-04-24T05:15:30,672  INFO [main] exec.Task: Number of reduce tasks is set to 0 since there's no reduce operator
2024-04-24T05:15:30,674  INFO [main] mr.ExecDriver: Using org.apache.hadoop.hive.ql.io.HiveInputFormat
2024-04-24T05:15:30,674  INFO [main] exec.Utilities: Processing alias $hdt$_0:_dummy_table
2024-04-24T05:15:30,674  INFO [main] exec.Utilities: Adding 1 inputs; the first input is file:/home/alex/Repositories/hive/ql/target/tmp/localscratchdir/c1668d89-b9c1-4180-9b20-b21a51bfebc8/hive_2024-04-24_05-15-30_296_4723612906166844310-1/dummy_path
2024-04-24T05:15:30,684  INFO [main] exec.SerializationUtilities: Serializing MapWork using kryo
2024-04-24T05:15:30,684  INFO [main] exec.Utilities: Serialized plan (via FILE) - name: null size: 5,89KB
2024-04-24T05:15:30,685  WARN [main] impl.MetricsSystemImpl: JobTracker metrics system already initialized!
2024-04-24T05:15:30,689  INFO [main] fs.FSStatsPublisher: created : file:/home/alex/Repositories/hive/ql/target/tmp/localscratchdir/c1668d89-b9c1-4180-9b20-b21a51bfebc8/hive_2024-04-24_05-15-30_296_4723612906166844310-1/-mr-10001
2024-04-24T05:15:30,693  WARN [main] impl.MetricsSystemImpl: JobTracker metrics system already initialized!
2024-04-24T05:15:30,700  WARN [main] mapreduce.JobResourceUploader: Hadoop command-line option parsing not performed. Implement the Tool interface and execute your application with ToolRunner to remedy this.
2024-04-24T05:15:30,704  WARN [main] mapreduce.JobResourceUploader: No job jar file set.  User classes may not be found. See Job or Job#setJar(String).
2024-04-24T05:15:30,705  INFO [main] io.HiveInputFormat: hive.io.file.readcolumn.ids = 
2024-04-24T05:15:30,705  INFO [main] io.HiveInputFormat: hive.io.file.readcolumn.names = 
2024-04-24T05:15:30,705  INFO [main] io.HiveInputFormat: Generating splits for dirs: file:/home/alex/Repositories/hive/ql/target/tmp/localscratchdir/c1668d89-b9c1-4180-9b20-b21a51bfebc8/hive_2024-04-24_05-15-30_296_4723612906166844310-1/dummy_path
2024-04-24T05:15:30,705  INFO [main] io.HiveInputFormat: number of splits 1
2024-04-24T05:15:30,723  INFO [main] mapreduce.JobSubmitter: number of splits:1
2024-04-24T05:15:30,741  INFO [main] mapreduce.JobSubmitter: Submitting tokens for job: job_local1296431215_0068
2024-04-24T05:15:30,741  INFO [main] mapreduce.JobSubmitter: Executing with tokens: []
2024-04-24T05:15:30,821  INFO [main] mapreduce.Job: The url to track the job: http://localhost:8080/
Job running in-process (local Hadoop)
2024-04-24T05:15:30,821  INFO [main] exec.Task: Job running in-process (local Hadoop)
2024-04-24T05:15:30,821  INFO [Thread-5788] mapred.LocalJobRunner: OutputCommitter set in config org.apache.hadoop.hive.ql.io.HiveFileFormatUtils$NullOutputCommitter
2024-04-24T05:15:30,822  INFO [Thread-5788] mapred.LocalJobRunner: OutputCommitter is org.apache.hadoop.hive.ql.io.HiveFileFormatUtils$NullOutputCommitter
2024-04-24T05:15:30,823  INFO [Thread-5788] mapred.LocalJobRunner: Waiting for map tasks
2024-04-24T05:15:30,823  INFO [LocalJobRunner Map Task Executor #0] mapred.LocalJobRunner: Starting task: attempt_local1296431215_0068_m_000000_0
2024-04-24T05:15:30,826  INFO [LocalJobRunner Map Task Executor #0] mapred.Task:  Using ResourceCalculatorProcessTree : [ ]
2024-04-24T05:15:30,826  INFO [LocalJobRunner Map Task Executor #0] mapred.MapTask: Processing split: org.apache.hadoop.hive.ql.io.NullRowsInputFormat:file:/home/alex/Repositories/hive/ql/target/tmp/localscratchdir/c1668d89-b9c1-4180-9b20-b21a51bfebc8/hive_2024-04-24_05-15-30_296_4723612906166844310-1/dummy_path/null:0+1
2024-04-24T05:15:30,828  INFO [LocalJobRunner Map Task Executor #0] exec.SerializationUtilities: Deserializing MapWork using kryo
2024-04-24T05:15:30,829  INFO [LocalJobRunner Map Task Executor #0] exec.Utilities: Deserialized plan (via FILE) - name: null size: 5,89KB
2024-04-24T05:15:30,829  INFO [LocalJobRunner Map Task Executor #0] mapred.MapTask: numReduceTasks: 0
2024-04-24T05:15:30,831  INFO [LocalJobRunner Map Task Executor #0] exec.MapOperator: Initializing Operator: MAP[0]
2024-04-24T05:15:30,831  INFO [LocalJobRunner Map Task Executor #0] mr.ExecMapper: 
<MAP>Id =0
  <Children>null
  <\Children>
  <Parent><\Parent>
<\MAP>
2024-04-24T05:15:30,832  INFO [LocalJobRunner Map Task Executor #0] exec.TableScanOperator: Initializing Operator: TS[0]
2024-04-24T05:15:30,832  INFO [LocalJobRunner Map Task Executor #0] exec.SelectOperator: Initializing Operator: SEL[1]
2024-04-24T05:15:30,832  INFO [LocalJobRunner Map Task Executor #0] exec.SelectOperator: SELECT null
2024-04-24T05:15:30,832  INFO [LocalJobRunner Map Task Executor #0] exec.UDTFOperator: Initializing Operator: UDTF[2]
2024-04-24T05:15:30,832  INFO [LocalJobRunner Map Task Executor #0] exec.SelectOperator: Initializing Operator: SEL[3]
2024-04-24T05:15:30,832  INFO [LocalJobRunner Map Task Executor #0] exec.SelectOperator: SELECT struct<col1:int>
2024-04-24T05:15:30,832  INFO [LocalJobRunner Map Task Executor #0] exec.FileSinkOperator: Initializing Operator: FS[4]
2024-04-24T05:15:30,832  INFO [LocalJobRunner Map Task Executor #0] exec.FileSinkOperator: Using serializer : class org.apache.hadoop.hive.serde2.lazy.LazySimpleSerDe [serdeParams=org.apache.hadoop.hive.serde2.lazy.LazySerDeParameters@58766a12, cachedObjectInspector=org.apache.hadoop.hive.serde2.lazy.objectinspector.LazySimpleStructObjectInspector<org.apache.hadoop.hive.serde2.lazy.objectinspector.primitive.LazyIntObjectInspector@20e4e27f>, serializedSize=0, stats=org.apache.hadoop.hive.serde2.SerDeStats@1ea5ed5d, lastOperationSerialize=false, lastOperationDeserialize=false [1, 2, 3, 4, 5, 6, 7, 8] : [op] : [int]] and formatter : org.apache.hadoop.hive.ql.io.HiveIgnoreKeyTextOutputFormat@38bc10c2
2024-04-24T05:15:30,833  INFO [LocalJobRunner Map Task Executor #0] exec.FileSinkOperator: Final Path: FS file:/home/alex/Repositories/hive/ql/target/tmp/org.apache.hadoop.hive.ql.TestTxnCommands-1713960750541/warehouse/splittable/.hive-staging_hive_2024-04-24_05-15-30_296_4723612906166844310-1/_tmp.-ext-10002/000000_0
2024-04-24T05:15:30,833  INFO [LocalJobRunner Map Task Executor #0] exec.FileSinkOperator: Writing to temp file: FS file:/home/alex/Repositories/hive/ql/target/tmp/org.apache.hadoop.hive.ql.TestTxnCommands-1713960750541/warehouse/splittable/.hive-staging_hive_2024-04-24_05-15-30_296_4723612906166844310-1/_task_tmp.-ext-10002/_tmp.000000_0
2024-04-24T05:15:30,833  INFO [LocalJobRunner Map Task Executor #0] exec.FileSinkOperator: New Final Path: FS file:/home/alex/Repositories/hive/ql/target/tmp/org.apache.hadoop.hive.ql.TestTxnCommands-1713960750541/warehouse/splittable/.hive-staging_hive_2024-04-24_05-15-30_296_4723612906166844310-1/_tmp.-ext-10002/000000_0
2024-04-24T05:15:30,841  INFO [LocalJobRunner Map Task Executor #0] exec.FileSinkOperator: FS[4]: records written - 1
2024-04-24T05:15:30,841  INFO [LocalJobRunner Map Task Executor #0] exec.MapOperator: MAP[0]: records read - 1
2024-04-24T05:15:30,841  INFO [LocalJobRunner Map Task Executor #0] exec.MapOperator: Closing Operator: MAP[0]
2024-04-24T05:15:30,841  INFO [LocalJobRunner Map Task Executor #0] exec.MapOperator: MAP[0]: Total records read - 3. abort - false
2024-04-24T05:15:30,841  INFO [LocalJobRunner Map Task Executor #0] exec.MapOperator: RECORDS_OUT_OPERATOR_MAP_0:0, DESERIALIZE_ERRORS:0, RECORDS_IN:3, RECORDS_OUT_INTERMEDIATE:0, 
2024-04-24T05:15:30,842  INFO [LocalJobRunner Map Task Executor #0] exec.TableScanOperator: Closing Operator: TS[0]
2024-04-24T05:15:30,842  INFO [LocalJobRunner Map Task Executor #0] exec.TableScanOperator: RECORDS_OUT_OPERATOR_TS_0:1, RECORDS_OUT_INTERMEDIATE:0, 
2024-04-24T05:15:30,842  INFO [LocalJobRunner Map Task Executor #0] exec.SelectOperator: Closing Operator: SEL[1]
2024-04-24T05:15:30,842  INFO [LocalJobRunner Map Task Executor #0] exec.SelectOperator: RECORDS_OUT_INTERMEDIATE:0, RECORDS_OUT_OPERATOR_SEL_1:1, 
2024-04-24T05:15:30,842  INFO [LocalJobRunner Map Task Executor #0] exec.UDTFOperator: Closing Operator: UDTF[2]
2024-04-24T05:15:30,842  INFO [LocalJobRunner Map Task Executor #0] exec.UDTFOperator: RECORDS_OUT_INTERMEDIATE:0, RECORDS_OUT_OPERATOR_UDTF_2:2, 
2024-04-24T05:15:30,842  INFO [LocalJobRunner Map Task Executor #0] exec.SelectOperator: Closing Operator: SEL[3]
2024-04-24T05:15:30,842  INFO [LocalJobRunner Map Task Executor #0] exec.SelectOperator: RECORDS_OUT_OPERATOR_SEL_3:2, RECORDS_OUT_INTERMEDIATE:0, 
2024-04-24T05:15:30,842  INFO [LocalJobRunner Map Task Executor #0] exec.FileSinkOperator: Closing Operator: FS[4]
2024-04-24T05:15:30,842  INFO [LocalJobRunner Map Task Executor #0] exec.FileSinkOperator: FS[4]: records written - 2
2024-04-24T05:15:30,847  INFO [LocalJobRunner Map Task Executor #0] exec.FileSinkOperator: RECORDS_OUT_OPERATOR_FS_4:2, RECORDS_OUT_1_default.splittable:2, TOTAL_TABLE_ROWS_WRITTEN:2, RECORDS_OUT_INTERMEDIATE:0, 
2024-04-24T05:15:30,847  INFO [LocalJobRunner Map Task Executor #0] mapred.LocalJobRunner: 
2024-04-24T05:15:30,849  INFO [LocalJobRunner Map Task Executor #0] mapred.Task: Task:attempt_local1296431215_0068_m_000000_0 is done. And is in the process of committing
2024-04-24T05:15:30,850  INFO [LocalJobRunner Map Task Executor #0] mapred.LocalJobRunner: map
2024-04-24T05:15:30,850  INFO [LocalJobRunner Map Task Executor #0] mapred.Task: Task 'attempt_local1296431215_0068_m_000000_0' done.
2024-04-24T05:15:30,850  INFO [LocalJobRunner Map Task Executor #0] mapred.Task: Final Counters for attempt_local1296431215_0068_m_000000_0: Counters: 32
	File System Counters
		FILE: Number of bytes read=1514673
		FILE: Number of bytes written=85272188
		FILE: Number of read operations=0
		FILE: Number of large read operations=0
		FILE: Number of write operations=0
		HDFS: Number of bytes read=0
		HDFS: Number of bytes written=0
		HDFS: Number of read operations=0
		HDFS: Number of large read operations=0
		HDFS: Number of write operations=0
	Map-Reduce Framework
		Map input records=4
		Map output records=0
		Input split bytes=361
		Spilled Records=0
		Failed Shuffles=0
		Merged Map outputs=0
		GC time elapsed (ms)=0
		Total committed heap usage (bytes)=1517813760
	HIVE
		CREATED_FILES=1
		DESERIALIZE_ERRORS=0
		RECORDS_IN=3
		RECORDS_OUT_1_default.splittable=2
		RECORDS_OUT_INTERMEDIATE=0
		RECORDS_OUT_OPERATOR_FS_4=2
		RECORDS_OUT_OPERATOR_MAP_0=0
		RECORDS_OUT_OPERATOR_SEL_1=1
		RECORDS_OUT_OPERATOR_SEL_3=2
		RECORDS_OUT_OPERATOR_TS_0=1
		RECORDS_OUT_OPERATOR_UDTF_2=2
		TOTAL_TABLE_ROWS_WRITTEN=2
	File Input Format Counters 
		Bytes Read=5948
	File Output Format Counters 
		Bytes Written=0
2024-04-24T05:15:30,850  INFO [LocalJobRunner Map Task Executor #0] mapred.LocalJobRunner: Finishing task: attempt_local1296431215_0068_m_000000_0
2024-04-24T05:15:30,850  INFO [Thread-5788] mapred.LocalJobRunner: map task executor complete.
2024-04-24 05:15:31,823 Stage-1 map = 100%,  reduce = 0%
2024-04-24T05:15:31,823  INFO [main] exec.Task: 2024-04-24 05:15:31,823 Stage-1 map = 100%,  reduce = 0%
Ended Job = job_local1296431215_0068
2024-04-24T05:15:31,824  INFO [main] exec.Task: Ended Job = job_local1296431215_0068
2024-04-24T05:15:31,825  INFO [main] ql.Driver: Starting task [Stage-7:CONDITIONAL] in serial mode
Stage-4 is selected by condition resolver.
2024-04-24T05:15:31,826  INFO [main] exec.Task: Stage-4 is selected by condition resolver.
Stage-3 is filtered out by condition resolver.
2024-04-24T05:15:31,826  INFO [main] exec.Task: Stage-3 is filtered out by condition resolver.
Stage-5 is filtered out by condition resolver.
2024-04-24T05:15:31,826  INFO [main] exec.Task: Stage-5 is filtered out by condition resolver.
2024-04-24T05:15:31,826  INFO [main] ql.Driver: Starting task [Stage-4:MOVE] in serial mode
Moving data to directory file:/home/alex/Repositories/hive/ql/target/tmp/org.apache.hadoop.hive.ql.TestTxnCommands-1713960750541/warehouse/splittable/.hive-staging_hive_2024-04-24_05-15-30_296_4723612906166844310-1/-ext-10000
2024-04-24T05:15:31,826  INFO [main] exec.Task: Moving data to directory file:/home/alex/Repositories/hive/ql/target/tmp/org.apache.hadoop.hive.ql.TestTxnCommands-1713960750541/warehouse/splittable/.hive-staging_hive_2024-04-24_05-15-30_296_4723612906166844310-1/-ext-10000 from file:/home/alex/Repositories/hive/ql/target/tmp/org.apache.hadoop.hive.ql.TestTxnCommands-1713960750541/warehouse/splittable/.hive-staging_hive_2024-04-24_05-15-30_296_4723612906166844310-1/-ext-10002
2024-04-24T05:15:31,827  INFO [main] ql.Driver: Starting task [Stage-0:MOVE] in serial mode
Loading data to table default.splittable
2024-04-24T05:15:31,827  INFO [main] exec.Task: Loading data to table default.splittable from file:/home/alex/Repositories/hive/ql/target/tmp/org.apache.hadoop.hive.ql.TestTxnCommands-1713960750541/warehouse/splittable/.hive-staging_hive_2024-04-24_05-15-30_296_4723612906166844310-1/-ext-10000
2024-04-24T05:15:31,827  INFO [main] HiveMetaStore.audit: ugi=alex	ip=unknown-ip-addr	cmd=get_table : tbl=hive.default.splittable	
2024-04-24T05:15:31,836  INFO [main] metastore.HMSHandler: Skipping translation for processor with null
2024-04-24T05:15:31,837  INFO [main] HiveMetaStore.audit: ugi=alex	ip=unknown-ip-addr	cmd=get_table : tbl=hive.default.splittable	
2024-04-24T05:15:31,846  INFO [main] metastore.HMSHandler: Skipping translation for processor with null
2024-04-24T05:15:31,848  WARN [main] metadata.Hive: Cannot get a table snapshot for splittable
2024-04-24T05:15:31,848  INFO [main] HiveMetaStore.audit: ugi=alex	ip=unknown-ip-addr	cmd=alter_table: hive.default.splittable newtbl=splittable	
2024-04-24T05:15:31,877  INFO [main] ql.Driver: Starting task [Stage-2:STATS] in serial mode
2024-04-24T05:15:31,877  INFO [main] HiveMetaStore.audit: ugi=alex	ip=unknown-ip-addr	cmd=get_table : tbl=hive.default.splittable	
2024-04-24T05:15:31,885  INFO [main] metastore.HMSHandler: Skipping translation for processor with null
2024-04-24T05:15:31,885  INFO [main] stats.BasicStatsTask: Executing stats task
2024-04-24T05:15:31,886  INFO [main] fs.FSStatsPublisher: created : file:/home/alex/Repositories/hive/ql/target/tmp/localscratchdir/c1668d89-b9c1-4180-9b20-b21a51bfebc8/hive_2024-04-24_05-15-30_296_4723612906166844310-1/-mr-10001
2024-04-24T05:15:31,886  INFO [main] HiveMetaStore.audit: ugi=alex	ip=unknown-ip-addr	cmd=get_table : tbl=hive.default.splittable	
2024-04-24T05:15:31,894  INFO [main] metastore.HMSHandler: Skipping translation for processor with null
2024-04-24T05:15:31,895  INFO [main] FileOperations: Read stats for default.splittable/, numRows, true, 2, false: 
2024-04-24T05:15:31,895  INFO [main] FileOperations: Read stats for default.splittable/, rawDataSize, true, 2, false: 
2024-04-24T05:15:31,895  WARN [main] metadata.Hive: Cannot get a table snapshot for splittable
2024-04-24T05:15:31,895  INFO [main] HiveMetaStore.audit: ugi=alex	ip=unknown-ip-addr	cmd=alter_table: hive.default.splittable newtbl=splittable	
2024-04-24T05:15:31,917  INFO [main] stats.BasicStatsTask: Table default.splittable stats: [numFiles=1, numRows=2, totalSize=4, rawDataSize=2, numFilesErasureCoded=0]
2024-04-24T05:15:31,918  INFO [main] metadata.Hive: Dumping metastore api call timing information for : execution phase
2024-04-24T05:15:31,918  INFO [main] metadata.Hive: Total time spent in each metastore function (ms): {getTable_(GetTableRequest)=35, isCompatibleWith_(Configuration)=0, alter_table_(String, String, String, Table, EnvironmentContext, String)=51}
MapReduce Jobs Launched: 
2024-04-24T05:15:31,918  INFO [main] ql.Driver: MapReduce Jobs Launched: 
Stage-Stage-1:  HDFS Read: 0 HDFS Write: 0 SUCCESS
2024-04-24T05:15:31,918  INFO [main] ql.Driver: Stage-Stage-1:  HDFS Read: 0 HDFS Write: 0 SUCCESS
Total MapReduce CPU Time Spent: 0 msec
2024-04-24T05:15:31,918  INFO [main] ql.Driver: Total MapReduce CPU Time Spent: 0 msec
2024-04-24T05:15:31,918  INFO [main] ql.Driver: Completed executing command(queryId=alex_20240424051530_d7e2e0c8-92bc-40a9-810c-567794234574); Time taken: 1.394 seconds
2024-04-24T05:15:31,918  INFO [main] lockmgr.DbTxnManager: Stopped heartbeat for query: alex_20240424051530_d7e2e0c8-92bc-40a9-810c-567794234574
2024-04-24T05:15:31,922  INFO [main] txn.TxnHandler: Expected to move at least one record from txn_components to completed_txn_components when committing txn! txnid:17
2024-04-24T05:15:31,927  INFO [main] txn.TxnHandler: Removed transactions: ([17]) from MIN_HISTORY_LEVEL
2024-04-24T05:15:31,927  WARN [main] txn.CompactionTxnHandler: No compaction queue record found for Compaction type transaction commit. txnId:17
2024-04-24T05:15:31,928  INFO [main] ql.TxnCommandsBaseForTests: Running the query: create table source (key int, data int)
2024-04-24T05:15:31,928  INFO [main] ql.Context: Deleting scratch dir: file:/home/alex/Repositories/hive/ql/target/tmp/localscratchdir/c1668d89-b9c1-4180-9b20-b21a51bfebc8/hive_2024-04-24_05-15-30_296_4723612906166844310-1
2024-04-24T05:15:31,929  INFO [main] cleanup.SyncCleanupService: Deleted directory: file:/home/alex/Repositories/hive/ql/target/tmp/localscratchdir/c1668d89-b9c1-4180-9b20-b21a51bfebc8/hive_2024-04-24_05-15-30_296_4723612906166844310-1 on fs with scheme file
2024-04-24T05:15:31,929  INFO [main] ql.Context: Deleting scratch dir: file:/home/alex/Repositories/hive/ql/target/tmp/org.apache.hadoop.hive.ql.TestTxnCommands-1713960750541/warehouse/splittable/.hive-staging_hive_2024-04-24_05-15-30_296_4723612906166844310-1
2024-04-24T05:15:31,929  INFO [main] cleanup.SyncCleanupService: Deleted directory: file:/home/alex/Repositories/hive/ql/target/tmp/org.apache.hadoop.hive.ql.TestTxnCommands-1713960750541/warehouse/splittable/.hive-staging_hive_2024-04-24_05-15-30_296_4723612906166844310-1 on fs with scheme file
2024-04-24T05:15:31,929  INFO [main] ql.Driver: Compiling command(queryId=alex_20240424051531_c7b59e6c-e677-4498-8b3a-21548a0096d2): create table source (key int, data int)
2024-04-24T05:15:31,931  INFO [main] txn.TxnHandler: Added entries to MIN_HISTORY_LEVEL for current txns: ([18]) with min_open_txn: 18
2024-04-24T05:15:31,932  INFO [main] lockmgr.DbTxnManager: Opened txnid:18
2024-04-24T05:15:31,932  INFO [main] parse.CalcitePlanner: Starting caching scope for: 
2024-04-24T05:15:31,932  INFO [main] parse.CalcitePlanner: Starting Semantic Analysis
2024-04-24T05:15:31,934  INFO [main] parse.CalcitePlanner: Creating table default.source position=13
2024-04-24T05:15:31,934  INFO [main] HiveMetaStore.audit: ugi=alex	ip=unknown-ip-addr	cmd=get_database: default	
2024-04-24T05:15:31,936  INFO [main] parse.CalcitePlanner: Ending caching scope for: 
2024-04-24T05:15:31,936  INFO [main] ql.Driver: Semantic Analysis Completed (retrial = false)
2024-04-24T05:15:31,936  INFO [main] ql.Driver: Created Hive schema: Schema(fieldSchemas:null, properties:null)
2024-04-24T05:15:31,936  INFO [main] metadata.Hive: Dumping metastore api call timing information for : compilation phase
2024-04-24T05:15:31,936  INFO [main] metadata.Hive: Total time spent in each metastore function (ms): {getDatabase_(String)=2, openTxn_(String, TxnType)=2, getValidTxns_(long)=0, flushCache_()=0, commitTxn_(CommitTxnRequest)=10, isCompatibleWith_(Configuration)=0, getValidWriteIds_(List, String)=2}
2024-04-24T05:15:31,936  INFO [main] ql.Driver: Completed compiling command(queryId=alex_20240424051531_c7b59e6c-e677-4498-8b3a-21548a0096d2); Time taken: 0.007 seconds
2024-04-24T05:15:31,937  INFO [main] lockmgr.DbTxnManager: Setting lock request transaction to txnid:18 for queryId=alex_20240424051531_c7b59e6c-e677-4498-8b3a-21548a0096d2
2024-04-24T05:15:31,937  INFO [main] lockmgr.DbLockManager: Requesting lock for queryId=alex_20240424051531_c7b59e6c-e677-4498-8b3a-21548a0096d2
2024-04-24T05:15:31,950  INFO [main] lockmgr.DbLockManager: Response to queryId=alex_20240424051531_c7b59e6c-e677-4498-8b3a-21548a0096d2 LockResponse(lockid:9, state:ACQUIRED)
2024-04-24T05:15:31,950  INFO [main] ql.Driver: Operation CREATETABLE obtained 1 locks
2024-04-24T05:15:31,950  INFO [main] ql.Driver: Executing command(queryId=alex_20240424051531_c7b59e6c-e677-4498-8b3a-21548a0096d2): create table source (key int, data int)
2024-04-24T05:15:31,950  INFO [main] ql.Driver: Starting task [Stage-0:DDL] in serial mode
2024-04-24T05:15:31,951  INFO [main] HiveMetaStore.audit: ugi=alex	ip=unknown-ip-addr	cmd=create_table_req: Table(tableName:source, dbName:default, owner:alex, createTime:1713960931, lastAccessTime:0, retention:0, sd:StorageDescriptor(cols:[FieldSchema(name:key, type:int, comment:null), FieldSchema(name:data, type:int, comment:null)], location:null, inputFormat:org.apache.hadoop.mapred.TextInputFormat, outputFormat:org.apache.hadoop.hive.ql.io.HiveIgnoreKeyTextOutputFormat, compressed:false, numBuckets:-1, serdeInfo:SerDeInfo(name:null, serializationLib:org.apache.hadoop.hive.serde2.lazy.LazySimpleSerDe, parameters:{serialization.format=1}), bucketCols:[], sortCols:[], parameters:{}, skewedInfo:SkewedInfo(skewedColNames:[], skewedColValues:[], skewedColValueLocationMaps:{}), storedAsSubDirectories:false), partitionKeys:[], parameters:{totalSize=0, rawDataSize=0, COLUMN_STATS_ACCURATE={"BASIC_STATS":"true","COLUMN_STATS":{"data":"true","key":"true"}}, numRows=0, bucketing_version=2, numFilesErasureCoded=0, numFiles=0}, viewOriginalText:null, viewExpandedText:null, tableType:MANAGED_TABLE, privileges:PrincipalPrivilegeSet(userPrivileges:{alex=[PrivilegeGrantInfo(privilege:INSERT, createTime:-1, grantor:alex, grantorType:USER, grantOption:true), PrivilegeGrantInfo(privilege:SELECT, createTime:-1, grantor:alex, grantorType:USER, grantOption:true), PrivilegeGrantInfo(privilege:UPDATE, createTime:-1, grantor:alex, grantorType:USER, grantOption:true), PrivilegeGrantInfo(privilege:DELETE, createTime:-1, grantor:alex, grantorType:USER, grantOption:true)]}, groupPrivileges:null, rolePrivileges:null), temporary:false, catName:hive, ownerType:USER)	
2024-04-24T05:15:31,958  INFO [main] utils.FileUtils: Creating directory if it doesn't exist: file:/home/alex/Repositories/hive/ql/target/tmp/org.apache.hadoop.hive.ql.TestTxnCommands-1713960750541/warehouse/source
2024-04-24T05:15:31,972  INFO [main] metadata.Hive: Dumping metastore api call timing information for : execution phase
2024-04-24T05:15:31,972  INFO [main] metadata.Hive: Total time spent in each metastore function (ms): {isCompatibleWith_(Configuration)=0, createTable_(Table)=21}
2024-04-24T05:15:31,972  INFO [main] ql.Driver: Completed executing command(queryId=alex_20240424051531_c7b59e6c-e677-4498-8b3a-21548a0096d2); Time taken: 0.022 seconds
2024-04-24T05:15:31,972  INFO [main] lockmgr.DbTxnManager: Stopped heartbeat for query: alex_20240424051531_c7b59e6c-e677-4498-8b3a-21548a0096d2
2024-04-24T05:15:31,976  INFO [main] txn.TxnHandler: Expected to move at least one record from txn_components to completed_txn_components when committing txn! txnid:18
2024-04-24T05:15:31,981  INFO [main] txn.TxnHandler: Removed transactions: ([18]) from MIN_HISTORY_LEVEL
2024-04-24T05:15:31,981  WARN [main] txn.CompactionTxnHandler: No compaction queue record found for Compaction type transaction commit. txnId:18
2024-04-24T05:15:31,982  INFO [main] ql.TxnCommandsBaseForTests: Running the query: create table target (key int, data int, cur int) clustered by (key) into 2 buckets stored as orc TBLPROPERTIES ('transactional'='true')
2024-04-24T05:15:31,982  INFO [main] ql.Driver: Compiling command(queryId=alex_20240424051531_ac1b7910-2721-4c13-86c9-72d79241e3ce): create table target (key int, data int, cur int) clustered by (key) into 2 buckets stored as orc TBLPROPERTIES ('transactional'='true')
2024-04-24T05:15:31,984  INFO [main] txn.TxnHandler: Added entries to MIN_HISTORY_LEVEL for current txns: ([19]) with min_open_txn: 18
2024-04-24T05:15:31,984  INFO [main] lockmgr.DbTxnManager: Opened txnid:19
2024-04-24T05:15:31,985  INFO [main] parse.CalcitePlanner: Starting caching scope for: 
2024-04-24T05:15:31,985  INFO [main] parse.CalcitePlanner: Starting Semantic Analysis
2024-04-24T05:15:31,987  INFO [main] parse.CalcitePlanner: Creating table default.target position=13
2024-04-24T05:15:31,987  INFO [main] HiveMetaStore.audit: ugi=alex	ip=unknown-ip-addr	cmd=get_database: default	
2024-04-24T05:15:31,989  INFO [main] parse.CalcitePlanner: Ending caching scope for: 
2024-04-24T05:15:31,989  INFO [main] ql.Driver: Semantic Analysis Completed (retrial = false)
2024-04-24T05:15:31,989  INFO [main] ql.Driver: Created Hive schema: Schema(fieldSchemas:null, properties:null)
2024-04-24T05:15:31,989  INFO [main] metadata.Hive: Dumping metastore api call timing information for : compilation phase
2024-04-24T05:15:31,989  INFO [main] metadata.Hive: Total time spent in each metastore function (ms): {flushCache_()=0, isCompatibleWith_(Configuration)=1, getDatabase_(String)=2, commitTxn_(CommitTxnRequest)=10, getValidTxns_(long)=0, openTxn_(String, TxnType)=1, getValidWriteIds_(List, String)=2}
2024-04-24T05:15:31,989  INFO [main] ql.Driver: Completed compiling command(queryId=alex_20240424051531_ac1b7910-2721-4c13-86c9-72d79241e3ce); Time taken: 0.007 seconds
2024-04-24T05:15:31,989  INFO [main] lockmgr.DbTxnManager: Setting lock request transaction to txnid:19 for queryId=alex_20240424051531_ac1b7910-2721-4c13-86c9-72d79241e3ce
2024-04-24T05:15:31,990  INFO [main] lockmgr.DbLockManager: Requesting lock for queryId=alex_20240424051531_ac1b7910-2721-4c13-86c9-72d79241e3ce
2024-04-24T05:15:32,002  INFO [main] lockmgr.DbLockManager: Response to queryId=alex_20240424051531_ac1b7910-2721-4c13-86c9-72d79241e3ce LockResponse(lockid:10, state:ACQUIRED)
2024-04-24T05:15:32,003  INFO [main] ql.Driver: Operation CREATETABLE obtained 1 locks
2024-04-24T05:15:32,003  INFO [main] ql.Driver: Executing command(queryId=alex_20240424051531_ac1b7910-2721-4c13-86c9-72d79241e3ce): create table target (key int, data int, cur int) clustered by (key) into 2 buckets stored as orc TBLPROPERTIES ('transactional'='true')
2024-04-24T05:15:32,003  INFO [main] ql.Driver: Starting task [Stage-0:DDL] in serial mode
2024-04-24T05:15:32,004  INFO [main] HiveMetaStore.audit: ugi=alex	ip=unknown-ip-addr	cmd=create_table_req: Table(tableName:target, dbName:default, owner:alex, createTime:1713960932, lastAccessTime:0, retention:0, sd:StorageDescriptor(cols:[FieldSchema(name:key, type:int, comment:null), FieldSchema(name:data, type:int, comment:null), FieldSchema(name:cur, type:int, comment:null)], location:null, inputFormat:org.apache.hadoop.hive.ql.io.orc.OrcInputFormat, outputFormat:org.apache.hadoop.hive.ql.io.orc.OrcOutputFormat, compressed:false, numBuckets:2, serdeInfo:SerDeInfo(name:null, serializationLib:org.apache.hadoop.hive.ql.io.orc.OrcSerde, parameters:{serialization.format=1}), bucketCols:[key], sortCols:[], parameters:{}, skewedInfo:SkewedInfo(skewedColNames:[], skewedColValues:[], skewedColValueLocationMaps:{}), storedAsSubDirectories:false), partitionKeys:[], parameters:{numFiles=0, totalSize=0, transactional=true, numFilesErasureCoded=0, numRows=0, COLUMN_STATS_ACCURATE={"BASIC_STATS":"true","COLUMN_STATS":{"cur":"true","data":"true","key":"true"}}, bucketing_version=2, rawDataSize=0}, viewOriginalText:null, viewExpandedText:null, tableType:MANAGED_TABLE, privileges:PrincipalPrivilegeSet(userPrivileges:{alex=[PrivilegeGrantInfo(privilege:INSERT, createTime:-1, grantor:alex, grantorType:USER, grantOption:true), PrivilegeGrantInfo(privilege:SELECT, createTime:-1, grantor:alex, grantorType:USER, grantOption:true), PrivilegeGrantInfo(privilege:UPDATE, createTime:-1, grantor:alex, grantorType:USER, grantOption:true), PrivilegeGrantInfo(privilege:DELETE, createTime:-1, grantor:alex, grantorType:USER, grantOption:true)]}, groupPrivileges:null, rolePrivileges:null), temporary:false, catName:hive, ownerType:USER, writeId:0)	
2024-04-24T05:15:32,009  INFO [main] utils.FileUtils: Creating directory if it doesn't exist: file:/home/alex/Repositories/hive/ql/target/tmp/org.apache.hadoop.hive.ql.TestTxnCommands-1713960750541/warehouse/target
2024-04-24T05:15:32,025  INFO [main] metadata.Hive: Dumping metastore api call timing information for : execution phase
2024-04-24T05:15:32,025  INFO [main] metadata.Hive: Total time spent in each metastore function (ms): {createTable_(Table)=21, isCompatibleWith_(Configuration)=0}
2024-04-24T05:15:32,025  INFO [main] ql.Driver: Completed executing command(queryId=alex_20240424051531_ac1b7910-2721-4c13-86c9-72d79241e3ce); Time taken: 0.022 seconds
2024-04-24T05:15:32,025  INFO [main] lockmgr.DbTxnManager: Stopped heartbeat for query: alex_20240424051531_ac1b7910-2721-4c13-86c9-72d79241e3ce
2024-04-24T05:15:32,029  INFO [main] txn.TxnHandler: Expected to move at least one record from txn_components to completed_txn_components when committing txn! txnid:19
2024-04-24T05:15:32,034  INFO [main] txn.TxnHandler: Removed transactions: ([19]) from MIN_HISTORY_LEVEL
2024-04-24T05:15:32,034  WARN [main] txn.CompactionTxnHandler: No compaction queue record found for Compaction type transaction commit. txnId:19
2024-04-24T05:15:32,035  INFO [main] ql.TxnCommandsBaseForTests: Running the query: insert into target  values(1,5,1),(2,6,1),(1,18,0)
2024-04-24T05:15:32,035  INFO [main] ql.Driver: Compiling command(queryId=alex_20240424051532_7545b1c9-92b3-4c32-af75-f5ef2eb2ca55): insert into target  values(1,5,1),(2,6,1),(1,18,0)
2024-04-24T05:15:32,037  INFO [main] txn.TxnHandler: Added entries to MIN_HISTORY_LEVEL for current txns: ([20]) with min_open_txn: 18
2024-04-24T05:15:32,037  INFO [main] lockmgr.DbTxnManager: Opened txnid:20
2024-04-24T05:15:32,037  INFO [main] parse.CalcitePlanner: Starting caching scope for: 
2024-04-24T05:15:32,037  INFO [main] parse.CalcitePlanner: Starting Semantic Analysis
2024-04-24T05:15:32,040  INFO [main] HiveMetaStore.audit: ugi=alex	ip=unknown-ip-addr	cmd=get_table : tbl=hive.default.target	
2024-04-24T05:15:32,046  INFO [main] metastore.HMSHandler: Skipping translation for processor with null
2024-04-24T05:15:32,046  INFO [main] parse.CalcitePlanner: Completed phase 1 of Semantic Analysis
2024-04-24T05:15:32,047  INFO [main] parse.CalcitePlanner: Get metadata for source tables
2024-04-24T05:15:32,047  INFO [main] parse.CalcitePlanner: Get metadata for subqueries
2024-04-24T05:15:32,047  INFO [main] parse.CalcitePlanner: Get metadata for destination tables
2024-04-24T05:15:32,047  INFO [main] HiveMetaStore.audit: ugi=alex	ip=unknown-ip-addr	cmd=get_table : tbl=hive.default.target	
2024-04-24T05:15:32,053  INFO [main] metastore.HMSHandler: Skipping translation for processor with null
2024-04-24T05:15:32,053  INFO [main] parse.CalcitePlanner: Completed getting MetaData in Semantic Analysis
2024-04-24T05:15:32,053  INFO [main] parse.CalcitePlanner: Disabling LLAP IO encode as ETL query is detected
2024-04-24T05:15:32,073  INFO [main] HiveMetaStore.audit: ugi=alex	ip=unknown-ip-addr	cmd=get_all_table_constraints : tbl=hive._dummy_database._dummy_table	
2024-04-24T05:15:32,124  INFO [main] parse.CalcitePlanner: Get metadata for source tables
2024-04-24T05:15:32,124  INFO [main] parse.CalcitePlanner: Get metadata for subqueries
2024-04-24T05:15:32,124  INFO [main] parse.CalcitePlanner: Get metadata for source tables
2024-04-24T05:15:32,125  INFO [main] HiveMetaStore.audit: ugi=alex	ip=unknown-ip-addr	cmd=get_table : tbl=hive._dummy_database._dummy_table	
2024-04-24T05:15:32,128  INFO [main] parse.CalcitePlanner: Get metadata for subqueries
2024-04-24T05:15:32,128  INFO [main] parse.CalcitePlanner: Get metadata for destination tables
2024-04-24T05:15:32,128  INFO [main] parse.CalcitePlanner: Get metadata for destination tables
2024-04-24T05:15:32,128  INFO [main] HiveMetaStore.audit: ugi=alex	ip=unknown-ip-addr	cmd=get_table : tbl=hive.default.target	
2024-04-24T05:15:32,137  INFO [main] metastore.HMSHandler: Skipping translation for processor with null
2024-04-24T05:15:32,139  INFO [main] HiveMetaStore.audit: ugi=alex	ip=unknown-ip-addr	cmd=get_not_null_constraints : tbl=hive.default.target	
2024-04-24T05:15:32,140  INFO [main] HiveMetaStore.audit: ugi=alex	ip=unknown-ip-addr	cmd=get_check_constraints : tbl=hive.default.target	
2024-04-24T05:15:32,149  INFO [main] txn.TxnHandler: Allocated writeId: 1 for txnId: 20
2024-04-24T05:15:32,149  INFO [main] txn.TxnHandler: Allocated write ids for dbName=default, tblName=target (txnIds: [20])
2024-04-24T05:15:32,150  INFO [main] parse.CalcitePlanner: CBO Succeeded; optimized logical plan.
2024-04-24T05:15:32,153  INFO [main] optimizer.ColumnPrunerProcFactory: RS 4 oldColExprMap: {KEY.reducesinkkey0=Column[_col0], VALUE._col0=Column[_col1], VALUE._col1=Column[_col2]}
2024-04-24T05:15:32,153  INFO [main] optimizer.ColumnPrunerProcFactory: RS 4 newColExprMap: {VALUE._col1=Column[_col2], KEY.reducesinkkey0=Column[_col0], VALUE._col0=Column[_col1]}
2024-04-24T05:15:32,154  INFO [main] optimizer.BucketVersionPopulator: not considering bucketingVersion for: TS[0] because it has -1<2 buckets 
2024-04-24T05:15:32,154  INFO [main] optimizer.SortedDynPartitionOptimizer: Sorted dynamic partitioning optimization kicked in..
2024-04-24T05:15:32,162  INFO [main] HiveMetaStore.audit: ugi=alex	ip=unknown-ip-addr	cmd=get_table : tbl=hive.default.target	
2024-04-24T05:15:32,170  INFO [main] metastore.HMSHandler: Skipping translation for processor with null
2024-04-24T05:15:32,170  INFO [main] physical.Vectorizer: Examining input format to see if vectorization is enabled.
2024-04-24T05:15:32,171  INFO [main] physical.Vectorizer: Map vectorization enabled: false
2024-04-24T05:15:32,171  INFO [main] physical.Vectorizer: Map vectorized: false
2024-04-24T05:15:32,171  INFO [main] physical.Vectorizer: Map vectorizedVertexNum: 0
2024-04-24T05:15:32,171  INFO [main] physical.Vectorizer: Map enabledConditionsMet: [hive.vectorized.use.vectorized.input.format IS true]
2024-04-24T05:15:32,171  INFO [main] physical.Vectorizer: Map enabledConditionsNotMet: [Could not enable vectorization due to partition column names size 1 is greater than the number of table column names size 0 IS false]
2024-04-24T05:15:32,171  INFO [main] physical.Vectorizer: Map inputFileFormatClassNameSet: [org.apache.hadoop.hive.ql.io.NullRowsInputFormat]
2024-04-24T05:15:32,171  INFO [main] physical.Vectorizer: Reduce vectorization enabled: false
2024-04-24T05:15:32,171  INFO [main] physical.Vectorizer: Reduce vectorized: false
2024-04-24T05:15:32,171  INFO [main] physical.Vectorizer: Reduce vectorizedVertexNum: 1
2024-04-24T05:15:32,171  INFO [main] physical.Vectorizer: Reducer hive.vectorized.execution.reduce.enabled: true
2024-04-24T05:15:32,171  INFO [main] physical.Vectorizer: Reducer engine: mr
2024-04-24T05:15:32,171  INFO [main] parse.CalcitePlanner: Completed plan generation
2024-04-24T05:15:32,171  INFO [main] parse.CalcitePlanner: Ending caching scope for: 
2024-04-24T05:15:32,171  INFO [main] ql.Driver: Semantic Analysis Completed (retrial = false)
2024-04-24T05:15:32,171  INFO [main] ql.Driver: Created Hive schema: Schema(fieldSchemas:[FieldSchema(name:col1, type:int, comment:null), FieldSchema(name:col2, type:int, comment:null), FieldSchema(name:col3, type:int, comment:null)], properties:null)
2024-04-24T05:15:32,171  INFO [main] metadata.Hive: Dumping metastore api call timing information for : compilation phase
2024-04-24T05:15:32,171  INFO [main] metadata.Hive: Total time spent in each metastore function (ms): {flushCache_()=0, getCheckConstraints_(CheckConstraintsRequest)=1, allocateTableWriteId_(long, String, String)=8, getAllTableConstraints_(AllTableConstraintsRequest)=4, isCompatibleWith_(Configuration)=0, getTable_(GetTableRequest)=30, getValidTxns_(long)=0, getNotNullConstraints_(NotNullConstraintsRequest)=1, openTxn_(String, TxnType)=2, getValidWriteIds_(List, String)=2, commitTxn_(CommitTxnRequest)=9}
2024-04-24T05:15:32,171  INFO [main] ql.Driver: Completed compiling command(queryId=alex_20240424051532_7545b1c9-92b3-4c32-af75-f5ef2eb2ca55); Time taken: 0.136 seconds
2024-04-24T05:15:32,171  INFO [main] lockmgr.DbTxnManager: Setting lock request transaction to txnid:20 for queryId=alex_20240424051532_7545b1c9-92b3-4c32-af75-f5ef2eb2ca55
2024-04-24T05:15:32,171  INFO [main] lockmgr.DbLockManager: Requesting lock for queryId=alex_20240424051532_7545b1c9-92b3-4c32-af75-f5ef2eb2ca55
2024-04-24T05:15:32,188  INFO [main] lockmgr.DbLockManager: Response to queryId=alex_20240424051532_7545b1c9-92b3-4c32-af75-f5ef2eb2ca55 LockResponse(lockid:11, state:ACQUIRED)
2024-04-24T05:15:32,188  INFO [main] ql.Driver: Operation QUERY obtained 1 locks
2024-04-24T05:15:32,190  INFO [main] ql.Driver: Executing command(queryId=alex_20240424051532_7545b1c9-92b3-4c32-af75-f5ef2eb2ca55): insert into target  values(1,5,1),(2,6,1),(1,18,0)
2024-04-24T05:15:32,190  WARN [main] ql.Driver: Hive-on-MR is deprecated in Hive 2 and may not be available in the future versions. Consider using a different execution engine (i.e. spark, tez) or using Hive 1.X releases.
Query ID = alex_20240424051532_7545b1c9-92b3-4c32-af75-f5ef2eb2ca55
2024-04-24T05:15:32,190  INFO [main] ql.Driver: Query ID = alex_20240424051532_7545b1c9-92b3-4c32-af75-f5ef2eb2ca55
Total jobs = 1
2024-04-24T05:15:32,190  INFO [main] ql.Driver: Total jobs = 1
Launching Job 1 out of 1
2024-04-24T05:15:32,190  INFO [main] ql.Driver: Launching Job 1 out of 1
2024-04-24T05:15:32,340  INFO [main] ql.Driver: Starting task [Stage-1:MAPRED] in serial mode
Number of reduce tasks determined at compile time: 2
2024-04-24T05:15:32,340  INFO [main] exec.Task: Number of reduce tasks determined at compile time: 2
In order to change the average load for a reducer (in bytes):
2024-04-24T05:15:32,340  INFO [main] exec.Task: In order to change the average load for a reducer (in bytes):
  set hive.exec.reducers.bytes.per.reducer=<number>
2024-04-24T05:15:32,340  INFO [main] exec.Task:   set hive.exec.reducers.bytes.per.reducer=<number>
In order to limit the maximum number of reducers:
2024-04-24T05:15:32,340  INFO [main] exec.Task: In order to limit the maximum number of reducers:
  set hive.exec.reducers.max=<number>
2024-04-24T05:15:32,340  INFO [main] exec.Task:   set hive.exec.reducers.max=<number>
In order to set a constant number of reducers:
2024-04-24T05:15:32,340  INFO [main] exec.Task: In order to set a constant number of reducers:
  set mapreduce.job.reduces=<number>
2024-04-24T05:15:32,340  INFO [main] exec.Task:   set mapreduce.job.reduces=<number>
2024-04-24T05:15:32,343  INFO [main] mr.ExecDriver: Using org.apache.hadoop.hive.ql.io.HiveInputFormat
2024-04-24T05:15:32,343  INFO [main] exec.Utilities: Processing alias $hdt$_0:_dummy_table
2024-04-24T05:15:32,343  INFO [main] exec.Utilities: Adding 1 inputs; the first input is file:/home/alex/Repositories/hive/ql/target/tmp/localscratchdir/c1668d89-b9c1-4180-9b20-b21a51bfebc8/hive_2024-04-24_05-15-32_035_6011488219232727387-1/dummy_path
2024-04-24T05:15:32,353  INFO [main] exec.SerializationUtilities: Serializing MapWork using kryo
2024-04-24T05:15:32,353  INFO [main] exec.Utilities: Serialized plan (via FILE) - name: null size: 5,46KB
2024-04-24T05:15:32,358  INFO [main] exec.SerializationUtilities: Serializing ReduceWork using kryo
2024-04-24T05:15:32,359  INFO [main] exec.Utilities: Serialized plan (via FILE) - name: null size: 6,16KB
2024-04-24T05:15:32,360  WARN [main] impl.MetricsSystemImpl: JobTracker metrics system already initialized!
2024-04-24T05:15:32,363  INFO [main] fs.FSStatsPublisher: created : file:/home/alex/Repositories/hive/ql/target/tmp/localscratchdir/c1668d89-b9c1-4180-9b20-b21a51bfebc8/hive_2024-04-24_05-15-32_035_6011488219232727387-1/-mr-10000
2024-04-24T05:15:32,365  WARN [main] impl.MetricsSystemImpl: JobTracker metrics system already initialized!
2024-04-24T05:15:32,372  WARN [main] mapreduce.JobResourceUploader: Hadoop command-line option parsing not performed. Implement the Tool interface and execute your application with ToolRunner to remedy this.
2024-04-24T05:15:32,377  WARN [main] mapreduce.JobResourceUploader: No job jar file set.  User classes may not be found. See Job or Job#setJar(String).
2024-04-24T05:15:32,378  INFO [main] io.HiveInputFormat: hive.io.file.readcolumn.ids = 
2024-04-24T05:15:32,378  INFO [main] io.HiveInputFormat: hive.io.file.readcolumn.names = 
2024-04-24T05:15:32,378  INFO [main] io.HiveInputFormat: Generating splits for dirs: file:/home/alex/Repositories/hive/ql/target/tmp/localscratchdir/c1668d89-b9c1-4180-9b20-b21a51bfebc8/hive_2024-04-24_05-15-32_035_6011488219232727387-1/dummy_path
2024-04-24T05:15:32,378  INFO [main] io.HiveInputFormat: number of splits 1
2024-04-24T05:15:32,397  INFO [main] mapreduce.JobSubmitter: number of splits:1
2024-04-24T05:15:32,431  INFO [main] mapreduce.JobSubmitter: Submitting tokens for job: job_local1843679714_0069
2024-04-24T05:15:32,431  INFO [main] mapreduce.JobSubmitter: Executing with tokens: []
2024-04-24T05:15:32,491  INFO [main] mapreduce.Job: The url to track the job: http://localhost:8080/
Job running in-process (local Hadoop)
2024-04-24T05:15:32,491  INFO [main] exec.Task: Job running in-process (local Hadoop)
2024-04-24T05:15:32,492  INFO [Thread-5834] mapred.LocalJobRunner: OutputCommitter set in config org.apache.hadoop.hive.ql.io.HiveFileFormatUtils$NullOutputCommitter
2024-04-24T05:15:32,492  INFO [Thread-5834] mapred.LocalJobRunner: OutputCommitter is org.apache.hadoop.hive.ql.io.HiveFileFormatUtils$NullOutputCommitter
2024-04-24T05:15:32,493  INFO [Thread-5834] mapred.LocalJobRunner: Waiting for map tasks
2024-04-24T05:15:32,493  INFO [LocalJobRunner Map Task Executor #0] mapred.LocalJobRunner: Starting task: attempt_local1843679714_0069_m_000000_0
2024-04-24T05:15:32,494  INFO [LocalJobRunner Map Task Executor #0] mapred.Task:  Using ResourceCalculatorProcessTree : [ ]
2024-04-24T05:15:32,494  INFO [LocalJobRunner Map Task Executor #0] mapred.MapTask: Processing split: org.apache.hadoop.hive.ql.io.NullRowsInputFormat:file:/home/alex/Repositories/hive/ql/target/tmp/localscratchdir/c1668d89-b9c1-4180-9b20-b21a51bfebc8/hive_2024-04-24_05-15-32_035_6011488219232727387-1/dummy_path/null:0+1
2024-04-24T05:15:32,495  INFO [LocalJobRunner Map Task Executor #0] exec.SerializationUtilities: Deserializing MapWork using kryo
2024-04-24T05:15:32,495  INFO [LocalJobRunner Map Task Executor #0] exec.Utilities: Deserialized plan (via FILE) - name: null size: 5,46KB
2024-04-24T05:15:32,495  INFO [LocalJobRunner Map Task Executor #0] mapred.MapTask: numReduceTasks: 2
2024-04-24T05:15:32,499  INFO [LocalJobRunner Map Task Executor #0] mapred.MapTask: (EQUATOR) 0 kvi 26214396(104857584)
2024-04-24T05:15:32,499  INFO [LocalJobRunner Map Task Executor #0] mapred.MapTask: mapreduce.task.io.sort.mb: 100
2024-04-24T05:15:32,499  INFO [LocalJobRunner Map Task Executor #0] mapred.MapTask: soft limit at 83886080
2024-04-24T05:15:32,499  INFO [LocalJobRunner Map Task Executor #0] mapred.MapTask: bufstart = 0; bufvoid = 104857600
2024-04-24T05:15:32,499  INFO [LocalJobRunner Map Task Executor #0] mapred.MapTask: kvstart = 26214396; length = 6553600
2024-04-24T05:15:32,500  INFO [LocalJobRunner Map Task Executor #0] mapred.MapTask: Map output collector class = org.apache.hadoop.mapred.MapTask$MapOutputBuffer
2024-04-24T05:15:32,500  INFO [LocalJobRunner Map Task Executor #0] exec.MapOperator: Initializing Operator: MAP[0]
2024-04-24T05:15:32,501  INFO [LocalJobRunner Map Task Executor #0] mr.ExecMapper: 
<MAP>Id =0
  <Children>null
  <\Children>
  <Parent><\Parent>
<\MAP>
2024-04-24T05:15:32,501  INFO [LocalJobRunner Map Task Executor #0] exec.TableScanOperator: Initializing Operator: TS[0]
2024-04-24T05:15:32,501  INFO [LocalJobRunner Map Task Executor #0] exec.SelectOperator: Initializing Operator: SEL[1]
2024-04-24T05:15:32,502  INFO [LocalJobRunner Map Task Executor #0] exec.SelectOperator: SELECT null
2024-04-24T05:15:32,502  INFO [LocalJobRunner Map Task Executor #0] exec.UDTFOperator: Initializing Operator: UDTF[2]
2024-04-24T05:15:32,502  INFO [LocalJobRunner Map Task Executor #0] exec.SelectOperator: Initializing Operator: SEL[3]
2024-04-24T05:15:32,502  INFO [LocalJobRunner Map Task Executor #0] exec.SelectOperator: SELECT struct<col1:int,col2:int,col3:int>
2024-04-24T05:15:32,502  INFO [LocalJobRunner Map Task Executor #0] exec.ReduceSinkOperator: Initializing Operator: RS[4]
2024-04-24T05:15:32,502  INFO [LocalJobRunner Map Task Executor #0] exec.ReduceSinkOperator: Using tag = -1
2024-04-24T05:15:32,502  INFO [LocalJobRunner Map Task Executor #0] exec.ReduceSinkOperator: keys are [reducesinkkey0] num distributions: 1
2024-04-24T05:15:32,502  INFO [LocalJobRunner Map Task Executor #0] exec.ReduceSinkOperator: RS[4]: records written - 1
2024-04-24T05:15:32,502  INFO [LocalJobRunner Map Task Executor #0] exec.MapOperator: MAP[0]: records read - 1
2024-04-24T05:15:32,503  INFO [LocalJobRunner Map Task Executor #0] exec.MapOperator: Closing Operator: MAP[0]
2024-04-24T05:15:32,503  INFO [LocalJobRunner Map Task Executor #0] exec.MapOperator: MAP[0]: Total records read - 3. abort - false
2024-04-24T05:15:32,503  INFO [LocalJobRunner Map Task Executor #0] exec.MapOperator: RECORDS_IN:3, DESERIALIZE_ERRORS:0, RECORDS_OUT_OPERATOR_MAP_0:0, RECORDS_OUT_INTERMEDIATE:0, 
2024-04-24T05:15:32,503  INFO [LocalJobRunner Map Task Executor #0] exec.TableScanOperator: Closing Operator: TS[0]
2024-04-24T05:15:32,503  INFO [LocalJobRunner Map Task Executor #0] exec.TableScanOperator: RECORDS_OUT_INTERMEDIATE:0, RECORDS_OUT_OPERATOR_TS_0:1, 
2024-04-24T05:15:32,503  INFO [LocalJobRunner Map Task Executor #0] exec.SelectOperator: Closing Operator: SEL[1]
2024-04-24T05:15:32,503  INFO [LocalJobRunner Map Task Executor #0] exec.SelectOperator: RECORDS_OUT_OPERATOR_SEL_1:1, RECORDS_OUT_INTERMEDIATE:0, 
2024-04-24T05:15:32,503  INFO [LocalJobRunner Map Task Executor #0] exec.UDTFOperator: Closing Operator: UDTF[2]
2024-04-24T05:15:32,503  INFO [LocalJobRunner Map Task Executor #0] exec.UDTFOperator: RECORDS_OUT_INTERMEDIATE:0, RECORDS_OUT_OPERATOR_UDTF_2:3, 
2024-04-24T05:15:32,503  INFO [LocalJobRunner Map Task Executor #0] exec.SelectOperator: Closing Operator: SEL[3]
2024-04-24T05:15:32,503  INFO [LocalJobRunner Map Task Executor #0] exec.SelectOperator: RECORDS_OUT_OPERATOR_SEL_3:3, RECORDS_OUT_INTERMEDIATE:0, 
2024-04-24T05:15:32,503  INFO [LocalJobRunner Map Task Executor #0] exec.ReduceSinkOperator: Closing Operator: RS[4]
2024-04-24T05:15:32,503  INFO [LocalJobRunner Map Task Executor #0] exec.ReduceSinkOperator: RS[4]: Total records written - 3. abort - false
2024-04-24T05:15:32,503  INFO [LocalJobRunner Map Task Executor #0] exec.ReduceSinkOperator: RECORDS_OUT_INTERMEDIATE:3, RECORDS_OUT_OPERATOR_RS_4:3, 
2024-04-24T05:15:32,503  INFO [LocalJobRunner Map Task Executor #0] mapred.LocalJobRunner: 
2024-04-24T05:15:32,503  INFO [LocalJobRunner Map Task Executor #0] mapred.MapTask: Starting flush of map output
2024-04-24T05:15:32,504  INFO [LocalJobRunner Map Task Executor #0] mapred.MapTask: Spilling map output
2024-04-24T05:15:32,504  INFO [LocalJobRunner Map Task Executor #0] mapred.MapTask: bufstart = 0; bufend = 51; bufvoid = 104857600
2024-04-24T05:15:32,504  INFO [LocalJobRunner Map Task Executor #0] mapred.MapTask: kvstart = 26214396(104857584); kvend = 26214388(104857552); length = 9/6553600
2024-04-24T05:15:32,513  INFO [LocalJobRunner Map Task Executor #0] mapred.MapTask: Finished spill 0
2024-04-24T05:15:32,516  INFO [LocalJobRunner Map Task Executor #0] mapred.Task: Task:attempt_local1843679714_0069_m_000000_0 is done. And is in the process of committing
2024-04-24T05:15:32,517  INFO [LocalJobRunner Map Task Executor #0] mapred.LocalJobRunner: map
2024-04-24T05:15:32,517  INFO [LocalJobRunner Map Task Executor #0] mapred.Task: Task 'attempt_local1843679714_0069_m_000000_0' done.
2024-04-24T05:15:32,517  INFO [LocalJobRunner Map Task Executor #0] mapred.Task: Final Counters for attempt_local1843679714_0069_m_000000_0: Counters: 31
	File System Counters
		FILE: Number of bytes read=1520688
		FILE: Number of bytes written=86528177
		FILE: Number of read operations=0
		FILE: Number of large read operations=0
		FILE: Number of write operations=0
		HDFS: Number of bytes read=0
		HDFS: Number of bytes written=0
		HDFS: Number of read operations=0
		HDFS: Number of large read operations=0
		HDFS: Number of write operations=0
	Map-Reduce Framework
		Map input records=4
		Map output records=3
		Map output bytes=51
		Map output materialized bytes=69
		Input split bytes=361
		Combine input records=0
		Spilled Records=3
		Failed Shuffles=0
		Merged Map outputs=0
		GC time elapsed (ms)=0
		Total committed heap usage (bytes)=1515716608
	HIVE
		DESERIALIZE_ERRORS=0
		RECORDS_IN=3
		RECORDS_OUT_INTERMEDIATE=3
		RECORDS_OUT_OPERATOR_MAP_0=0
		RECORDS_OUT_OPERATOR_RS_4=3
		RECORDS_OUT_OPERATOR_SEL_1=1
		RECORDS_OUT_OPERATOR_SEL_3=3
		RECORDS_OUT_OPERATOR_TS_0=1
		RECORDS_OUT_OPERATOR_UDTF_2=3
	File Input Format Counters 
		Bytes Read=5520
2024-04-24T05:15:32,517  INFO [LocalJobRunner Map Task Executor #0] mapred.LocalJobRunner: Finishing task: attempt_local1843679714_0069_m_000000_0
2024-04-24T05:15:32,517  INFO [Thread-5834] mapred.LocalJobRunner: map task executor complete.
2024-04-24T05:15:32,518  INFO [Thread-5834] mapred.LocalJobRunner: Waiting for reduce tasks
2024-04-24T05:15:32,518  INFO [pool-338-thread-1] mapred.LocalJobRunner: Starting task: attempt_local1843679714_0069_r_000000_0
2024-04-24T05:15:32,519  INFO [pool-338-thread-1] mapred.Task:  Using ResourceCalculatorProcessTree : [ ]
2024-04-24T05:15:32,519  INFO [pool-338-thread-1] mapred.ReduceTask: Using ShuffleConsumerPlugin: org.apache.hadoop.mapreduce.task.reduce.Shuffle@593c9640
2024-04-24T05:15:32,519  WARN [pool-338-thread-1] impl.MetricsSystemImpl: JobTracker metrics system already initialized!
2024-04-24T05:15:32,520  INFO [pool-338-thread-1] reduce.MergeManagerImpl: MergerManager: memoryLimit=1336252800, maxSingleShuffleLimit=334063200, mergeThreshold=881926912, ioSortFactor=10, memToMemMergeOutputsThreshold=10
2024-04-24T05:15:32,521  INFO [EventFetcher for fetching Map Completion Events] reduce.EventFetcher: attempt_local1843679714_0069_r_000000_0 Thread started: EventFetcher for fetching Map Completion Events
2024-04-24T05:15:32,524  INFO [localfetcher#93] reduce.LocalFetcher: localfetcher#93 about to shuffle output of map attempt_local1843679714_0069_m_000000_0 decomp: 21 len: 25 to MEMORY
2024-04-24T05:15:32,524  INFO [localfetcher#93] reduce.InMemoryMapOutput: Read 21 bytes from map-output for attempt_local1843679714_0069_m_000000_0
2024-04-24T05:15:32,524  INFO [localfetcher#93] reduce.MergeManagerImpl: closeInMemoryFile -> map-output of size: 21, inMemoryMapOutputs.size() -> 1, commitMemory -> 0, usedMemory ->21
2024-04-24T05:15:32,524  INFO [EventFetcher for fetching Map Completion Events] reduce.EventFetcher: EventFetcher is interrupted.. Returning
2024-04-24T05:15:32,525  INFO [pool-338-thread-1] mapred.LocalJobRunner: 1 / 1 copied.
2024-04-24T05:15:32,525  INFO [pool-338-thread-1] reduce.MergeManagerImpl: finalMerge called with 1 in-memory map-outputs and 0 on-disk map-outputs
2024-04-24T05:15:32,531  INFO [pool-338-thread-1] mapred.Merger: Merging 1 sorted segments
2024-04-24T05:15:32,531  INFO [pool-338-thread-1] mapred.Merger: Down to the last merge-pass, with 1 segments left of total size: 9 bytes
2024-04-24T05:15:32,533  INFO [pool-338-thread-1] reduce.MergeManagerImpl: Merged 1 segments, 21 bytes to disk to satisfy reduce memory limit
2024-04-24T05:15:32,533  INFO [pool-338-thread-1] reduce.MergeManagerImpl: Merging 1 files, 25 bytes from disk
2024-04-24T05:15:32,533  INFO [pool-338-thread-1] reduce.MergeManagerImpl: Merging 0 segments, 0 bytes from memory into reduce
2024-04-24T05:15:32,533  INFO [pool-338-thread-1] mapred.Merger: Merging 1 sorted segments
2024-04-24T05:15:32,533  INFO [pool-338-thread-1] mapred.Merger: Down to the last merge-pass, with 1 segments left of total size: 9 bytes
2024-04-24T05:15:32,534  INFO [pool-338-thread-1] mapred.LocalJobRunner: 1 / 1 copied.
2024-04-24T05:15:32,534  INFO [pool-338-thread-1] exec.SerializationUtilities: Deserializing ReduceWork using kryo
2024-04-24T05:15:32,534  INFO [pool-338-thread-1] exec.Utilities: Deserialized plan (via FILE) - name: null size: 6,16KB
2024-04-24T05:15:32,535  INFO [pool-338-thread-1] ExecReducer: 
<SEL>Id =5
  <Children>
    <FS>Id =6
      <Children>
      <\Children>
      <Parent>Id = 5 null<\Parent>
    <\FS>
  <\Children>
  <Parent><\Parent>
<\SEL>
2024-04-24T05:15:32,535  INFO [pool-338-thread-1] exec.SelectOperator: Initializing Operator: SEL[5]
2024-04-24T05:15:32,535  INFO [pool-338-thread-1] exec.SelectOperator: SELECT struct<key:struct<reducesinkkey0:int>,value:struct<_col0:int,_col1:int>>
2024-04-24T05:15:32,535  INFO [pool-338-thread-1] exec.FileSinkOperator: Initializing Operator: FS[6]
2024-04-24T05:15:32,535  INFO [pool-338-thread-1] exec.FileSinkOperator: Using serializer : AbstractSerDe [log=org.apache.logging.slf4j.Log4jLogger@a925655, configuration=Optional[Configuration: core-default.xml, core-site.xml, mapred-default.xml, mapred-site.xml, yarn-default.xml, yarn-site.xml, hdfs-default.xml, hdfs-site.xml, file:/home/alex/Repositories/hive/ql/target/tmp/TestTxnCommandsWithSplitUpdateAndVectorization/mapred/local/localRunner/alex/job_local1843679714_0069/job_local1843679714_0069.xml], properties={transactional_properties=default, name=default.target, transactional=true, columns.types=int:int:int, bucket_field_name=key, columns=key,data,cur, numFilesErasureCoded=0, columns.comments=&amp#0;&amp#0;, bucketing_version=2, bucket_count=2, serialization.lib=org.apache.hadoop.hive.ql.io.orc.OrcSerde, file.inputformat=org.apache.hadoop.hive.ql.io.orc.OrcInputFormat, file.outputformat=org.apache.hadoop.hive.ql.io.orc.OrcOutputFormat, location=file:/home/alex/Repositories/hive/ql/target/tmp/org.apache.hadoop.hive.ql.TestTxnCommands-1713960750541/warehouse/target, column.name.delimiter=,}, tableProperties={transactional_properties=default, name=default.target, transactional=true, columns.types=int:int:int, bucket_field_name=key, columns=key,data,cur, numFilesErasureCoded=0, columns.comments=&amp#0;&amp#0;, bucketing_version=2, bucket_count=2, serialization.lib=org.apache.hadoop.hive.ql.io.orc.OrcSerde, file.inputformat=org.apache.hadoop.hive.ql.io.orc.OrcInputFormat, location=file:/home/alex/Repositories/hive/ql/target/tmp/org.apache.hadoop.hive.ql.TestTxnCommands-1713960750541/warehouse/target, file.outputformat=org.apache.hadoop.hive.ql.io.orc.OrcOutputFormat, column.name.delimiter=,}, partitionProperties=Optional.empty, columnNames=[key, data, cur], columnTypes=[int, int, int], getClass()=class org.apache.hadoop.hive.ql.io.orc.OrcSerde] and formatter : org.apache.hadoop.hive.ql.io.orc.OrcOutputFormat@48c741c6
2024-04-24T05:15:32,536  INFO [pool-338-thread-1] exec.FileSinkOperator: Final Path: FS file:/home/alex/Repositories/hive/ql/target/tmp/org.apache.hadoop.hive.ql.TestTxnCommands-1713960750541/warehouse/target
2024-04-24T05:15:32,536  INFO [pool-338-thread-1] exec.FileSinkOperator: New Final Path: FS file:/home/alex/Repositories/hive/ql/target/tmp/org.apache.hadoop.hive.ql.TestTxnCommands-1713960750541/warehouse/target
2024-04-24T05:15:32,536  INFO [pool-338-thread-1] common.FileUtils: Creating directory if it doesn't exist: file:/home/alex/Repositories/hive/ql/target/tmp/org.apache.hadoop.hive.ql.TestTxnCommands-1713960750541/warehouse
2024-04-24T05:15:32,536  INFO [pool-338-thread-1] exec.FileSinkOperator: FS[6]: records written - 1
2024-04-24T05:15:32,536  INFO [pool-338-thread-1] impl.PhysicalFsWriter: ORC writer created for path: file:/home/alex/Repositories/hive/ql/target/tmp/org.apache.hadoop.hive.ql.TestTxnCommands-1713960750541/warehouse/target/delta_0000001_0000001_0000/bucket_00000_0 with stripeSize: 8388608 blockSize: 268435456 compression: Compress: ZLIB buffer: 32768
2024-04-24T05:15:32,543  INFO [pool-338-thread-1] impl.WriterImpl: ORC writer created for path: file:/home/alex/Repositories/hive/ql/target/tmp/org.apache.hadoop.hive.ql.TestTxnCommands-1713960750541/warehouse/target/delta_0000001_0000001_0000/bucket_00000_0 with stripeSize: 8388608 options: Compress: ZLIB buffer: 32768
2024-04-24T05:15:32,547  INFO [pool-338-thread-1] exec.SelectOperator: Closing Operator: SEL[5]
2024-04-24T05:15:32,547  INFO [pool-338-thread-1] exec.SelectOperator: RECORDS_OUT_OPERATOR_SEL_5:1, RECORDS_OUT_INTERMEDIATE:0, 
2024-04-24T05:15:32,547  INFO [pool-338-thread-1] exec.FileSinkOperator: Closing Operator: FS[6]
2024-04-24T05:15:32,547  INFO [pool-338-thread-1] exec.FileSinkOperator: FS[6]: records written - 1
2024-04-24T05:15:32,549  INFO [pool-338-thread-1] FileOperations: Writing manifest to file:/home/alex/Repositories/hive/ql/target/tmp/org.apache.hadoop.hive.ql.TestTxnCommands-1713960750541/warehouse/target/_tmp.delta_0000001_0000001_0000/000000_0.manifest with [file:/home/alex/Repositories/hive/ql/target/tmp/org.apache.hadoop.hive.ql.TestTxnCommands-1713960750541/warehouse/target/delta_0000001_0000001_0000/bucket_00000_0]
2024-04-24T05:15:32,559  INFO [pool-338-thread-1] exec.FileSinkOperator: RECORDS_OUT_1_default.target:1, RECORDS_OUT_OPERATOR_FS_6:1, TOTAL_TABLE_ROWS_WRITTEN:1, RECORDS_OUT_INTERMEDIATE:0, 
2024-04-24T05:15:32,560  INFO [pool-338-thread-1] mapred.Task: Task:attempt_local1843679714_0069_r_000000_0 is done. And is in the process of committing
2024-04-24T05:15:32,560  INFO [pool-338-thread-1] mapred.LocalJobRunner: reduce > reduce
2024-04-24T05:15:32,560  INFO [pool-338-thread-1] mapred.Task: Task 'attempt_local1843679714_0069_r_000000_0' done.
2024-04-24T05:15:32,560  INFO [pool-338-thread-1] mapred.Task: Final Counters for attempt_local1843679714_0069_r_000000_0: Counters: 35
	File System Counters
		FILE: Number of bytes read=1527064
		FILE: Number of bytes written=86529258
		FILE: Number of read operations=0
		FILE: Number of large read operations=0
		FILE: Number of write operations=0
		HDFS: Number of bytes read=0
		HDFS: Number of bytes written=0
		HDFS: Number of read operations=0
		HDFS: Number of large read operations=0
		HDFS: Number of write operations=0
	Map-Reduce Framework
		Combine input records=0
		Combine output records=0
		Reduce input groups=1
		Reduce shuffle bytes=25
		Reduce input records=1
		Reduce output records=0
		Spilled Records=1
		Shuffled Maps =1
		Failed Shuffles=0
		Merged Map outputs=1
		GC time elapsed (ms)=0
		Total committed heap usage (bytes)=1515716608
	HIVE
		CREATED_FILES=1
		RECORDS_OUT_1_default.target=1
		RECORDS_OUT_INTERMEDIATE=0
		RECORDS_OUT_OPERATOR_FS_6=1
		RECORDS_OUT_OPERATOR_SEL_5=1
		TOTAL_TABLE_ROWS_WRITTEN=1
	Shuffle Errors
		BAD_ID=0
		CONNECTION=0
		IO_ERROR=0
		WRONG_LENGTH=0
		WRONG_MAP=0
		WRONG_REDUCE=0
	File Output Format Counters 
		Bytes Written=0
2024-04-24T05:15:32,560  INFO [pool-338-thread-1] mapred.LocalJobRunner: Finishing task: attempt_local1843679714_0069_r_000000_0
2024-04-24T05:15:32,560  INFO [pool-338-thread-1] mapred.LocalJobRunner: Starting task: attempt_local1843679714_0069_r_000001_0
2024-04-24T05:15:32,561  INFO [pool-338-thread-1] mapred.Task:  Using ResourceCalculatorProcessTree : [ ]
2024-04-24T05:15:32,561  INFO [pool-338-thread-1] mapred.ReduceTask: Using ShuffleConsumerPlugin: org.apache.hadoop.mapreduce.task.reduce.Shuffle@349c9fdf
2024-04-24T05:15:32,561  WARN [pool-338-thread-1] impl.MetricsSystemImpl: JobTracker metrics system already initialized!
2024-04-24T05:15:32,562  INFO [pool-338-thread-1] reduce.MergeManagerImpl: MergerManager: memoryLimit=1336252800, maxSingleShuffleLimit=334063200, mergeThreshold=881926912, ioSortFactor=10, memToMemMergeOutputsThreshold=10
2024-04-24T05:15:32,562  INFO [EventFetcher for fetching Map Completion Events] reduce.EventFetcher: attempt_local1843679714_0069_r_000001_0 Thread started: EventFetcher for fetching Map Completion Events
2024-04-24T05:15:32,565  INFO [localfetcher#94] reduce.LocalFetcher: localfetcher#94 about to shuffle output of map attempt_local1843679714_0069_m_000000_0 decomp: 40 len: 44 to MEMORY
2024-04-24T05:15:32,565  INFO [localfetcher#94] reduce.InMemoryMapOutput: Read 40 bytes from map-output for attempt_local1843679714_0069_m_000000_0
2024-04-24T05:15:32,565  INFO [localfetcher#94] reduce.MergeManagerImpl: closeInMemoryFile -> map-output of size: 40, inMemoryMapOutputs.size() -> 1, commitMemory -> 0, usedMemory ->40
2024-04-24T05:15:32,566  INFO [EventFetcher for fetching Map Completion Events] reduce.EventFetcher: EventFetcher is interrupted.. Returning
2024-04-24T05:15:32,566  INFO [pool-338-thread-1] mapred.LocalJobRunner: 1 / 1 copied.
2024-04-24T05:15:32,566  INFO [pool-338-thread-1] reduce.MergeManagerImpl: finalMerge called with 1 in-memory map-outputs and 0 on-disk map-outputs
2024-04-24T05:15:32,572  INFO [pool-338-thread-1] mapred.Merger: Merging 1 sorted segments
2024-04-24T05:15:32,572  INFO [pool-338-thread-1] mapred.Merger: Down to the last merge-pass, with 1 segments left of total size: 28 bytes
2024-04-24T05:15:32,574  INFO [pool-338-thread-1] reduce.MergeManagerImpl: Merged 1 segments, 40 bytes to disk to satisfy reduce memory limit
2024-04-24T05:15:32,575  INFO [pool-338-thread-1] reduce.MergeManagerImpl: Merging 1 files, 44 bytes from disk
2024-04-24T05:15:32,575  INFO [pool-338-thread-1] reduce.MergeManagerImpl: Merging 0 segments, 0 bytes from memory into reduce
2024-04-24T05:15:32,575  INFO [pool-338-thread-1] mapred.Merger: Merging 1 sorted segments
2024-04-24T05:15:32,575  INFO [pool-338-thread-1] mapred.Merger: Down to the last merge-pass, with 1 segments left of total size: 28 bytes
2024-04-24T05:15:32,575  INFO [pool-338-thread-1] mapred.LocalJobRunner: 1 / 1 copied.
2024-04-24T05:15:32,575  INFO [pool-338-thread-1] exec.SerializationUtilities: Deserializing ReduceWork using kryo
2024-04-24T05:15:32,576  INFO [pool-338-thread-1] exec.Utilities: Deserialized plan (via FILE) - name: null size: 6,16KB
2024-04-24T05:15:32,576  INFO [pool-338-thread-1] ExecReducer: 
<SEL>Id =5
  <Children>
    <FS>Id =6
      <Children>
      <\Children>
      <Parent>Id = 5 null<\Parent>
    <\FS>
  <\Children>
  <Parent><\Parent>
<\SEL>
2024-04-24T05:15:32,576  INFO [pool-338-thread-1] exec.SelectOperator: Initializing Operator: SEL[5]
2024-04-24T05:15:32,576  INFO [pool-338-thread-1] exec.SelectOperator: SELECT struct<key:struct<reducesinkkey0:int>,value:struct<_col0:int,_col1:int>>
2024-04-24T05:15:32,576  INFO [pool-338-thread-1] exec.FileSinkOperator: Initializing Operator: FS[6]
2024-04-24T05:15:32,577  INFO [pool-338-thread-1] exec.FileSinkOperator: Using serializer : AbstractSerDe [log=org.apache.logging.slf4j.Log4jLogger@a925655, configuration=Optional[Configuration: core-default.xml, core-site.xml, mapred-default.xml, mapred-site.xml, yarn-default.xml, yarn-site.xml, hdfs-default.xml, hdfs-site.xml, file:/home/alex/Repositories/hive/ql/target/tmp/TestTxnCommandsWithSplitUpdateAndVectorization/mapred/local/localRunner/alex/job_local1843679714_0069/job_local1843679714_0069.xml], properties={transactional_properties=default, name=default.target, transactional=true, columns.types=int:int:int, bucket_field_name=key, columns=key,data,cur, numFilesErasureCoded=0, columns.comments=&amp#0;&amp#0;, bucketing_version=2, bucket_count=2, serialization.lib=org.apache.hadoop.hive.ql.io.orc.OrcSerde, file.inputformat=org.apache.hadoop.hive.ql.io.orc.OrcInputFormat, file.outputformat=org.apache.hadoop.hive.ql.io.orc.OrcOutputFormat, location=file:/home/alex/Repositories/hive/ql/target/tmp/org.apache.hadoop.hive.ql.TestTxnCommands-1713960750541/warehouse/target, column.name.delimiter=,}, tableProperties={transactional_properties=default, name=default.target, transactional=true, columns.types=int:int:int, bucket_field_name=key, columns=key,data,cur, numFilesErasureCoded=0, columns.comments=&amp#0;&amp#0;, bucketing_version=2, bucket_count=2, serialization.lib=org.apache.hadoop.hive.ql.io.orc.OrcSerde, file.inputformat=org.apache.hadoop.hive.ql.io.orc.OrcInputFormat, location=file:/home/alex/Repositories/hive/ql/target/tmp/org.apache.hadoop.hive.ql.TestTxnCommands-1713960750541/warehouse/target, file.outputformat=org.apache.hadoop.hive.ql.io.orc.OrcOutputFormat, column.name.delimiter=,}, partitionProperties=Optional.empty, columnNames=[key, data, cur], columnTypes=[int, int, int], getClass()=class org.apache.hadoop.hive.ql.io.orc.OrcSerde] and formatter : org.apache.hadoop.hive.ql.io.orc.OrcOutputFormat@761dc73b
2024-04-24T05:15:32,577  INFO [pool-338-thread-1] exec.FileSinkOperator: Final Path: FS file:/home/alex/Repositories/hive/ql/target/tmp/org.apache.hadoop.hive.ql.TestTxnCommands-1713960750541/warehouse/target
2024-04-24T05:15:32,577  INFO [pool-338-thread-1] exec.FileSinkOperator: New Final Path: FS file:/home/alex/Repositories/hive/ql/target/tmp/org.apache.hadoop.hive.ql.TestTxnCommands-1713960750541/warehouse/target
2024-04-24T05:15:32,577  INFO [pool-338-thread-1] common.FileUtils: Creating directory if it doesn't exist: file:/home/alex/Repositories/hive/ql/target/tmp/org.apache.hadoop.hive.ql.TestTxnCommands-1713960750541/warehouse
2024-04-24T05:15:32,578  INFO [pool-338-thread-1] exec.FileSinkOperator: FS[6]: records written - 1
2024-04-24T05:15:32,578  INFO [pool-338-thread-1] impl.PhysicalFsWriter: ORC writer created for path: file:/home/alex/Repositories/hive/ql/target/tmp/org.apache.hadoop.hive.ql.TestTxnCommands-1713960750541/warehouse/target/delta_0000001_0000001_0000/bucket_00001_0 with stripeSize: 8388608 blockSize: 268435456 compression: Compress: ZLIB buffer: 32768
2024-04-24T05:15:32,582  INFO [pool-338-thread-1] impl.WriterImpl: ORC writer created for path: file:/home/alex/Repositories/hive/ql/target/tmp/org.apache.hadoop.hive.ql.TestTxnCommands-1713960750541/warehouse/target/delta_0000001_0000001_0000/bucket_00001_0 with stripeSize: 8388608 options: Compress: ZLIB buffer: 32768
2024-04-24T05:15:32,583  INFO [pool-338-thread-1] exec.SelectOperator: Closing Operator: SEL[5]
2024-04-24T05:15:32,583  INFO [pool-338-thread-1] exec.SelectOperator: RECORDS_OUT_OPERATOR_SEL_5:2, RECORDS_OUT_INTERMEDIATE:0, 
2024-04-24T05:15:32,583  INFO [pool-338-thread-1] exec.FileSinkOperator: Closing Operator: FS[6]
2024-04-24T05:15:32,583  INFO [pool-338-thread-1] exec.FileSinkOperator: FS[6]: records written - 2
2024-04-24T05:15:32,584  INFO [pool-338-thread-1] FileOperations: Writing manifest to file:/home/alex/Repositories/hive/ql/target/tmp/org.apache.hadoop.hive.ql.TestTxnCommands-1713960750541/warehouse/target/_tmp.delta_0000001_0000001_0000/000001_0.manifest with [file:/home/alex/Repositories/hive/ql/target/tmp/org.apache.hadoop.hive.ql.TestTxnCommands-1713960750541/warehouse/target/delta_0000001_0000001_0000/bucket_00001_0]
2024-04-24T05:15:32,593  INFO [pool-338-thread-1] exec.FileSinkOperator: RECORDS_OUT_1_default.target:2, RECORDS_OUT_INTERMEDIATE:0, RECORDS_OUT_OPERATOR_FS_6:2, TOTAL_TABLE_ROWS_WRITTEN:2, 
2024-04-24T05:15:32,594  INFO [pool-338-thread-1] mapred.Task: Task:attempt_local1843679714_0069_r_000001_0 is done. And is in the process of committing
2024-04-24T05:15:32,594  INFO [pool-338-thread-1] mapred.LocalJobRunner: reduce > reduce
2024-04-24T05:15:32,594  INFO [pool-338-thread-1] mapred.Task: Task 'attempt_local1843679714_0069_r_000001_0' done.
2024-04-24T05:15:32,594  INFO [pool-338-thread-1] mapred.Task: Final Counters for attempt_local1843679714_0069_r_000001_0: Counters: 35
	File System Counters
		FILE: Number of bytes read=1533434
		FILE: Number of bytes written=86530377
		FILE: Number of read operations=0
		FILE: Number of large read operations=0
		FILE: Number of write operations=0
		HDFS: Number of bytes read=0
		HDFS: Number of bytes written=0
		HDFS: Number of read operations=0
		HDFS: Number of large read operations=0
		HDFS: Number of write operations=0
	Map-Reduce Framework
		Combine input records=0
		Combine output records=0
		Reduce input groups=1
		Reduce shuffle bytes=44
		Reduce input records=2
		Reduce output records=0
		Spilled Records=2
		Shuffled Maps =1
		Failed Shuffles=0
		Merged Map outputs=1
		GC time elapsed (ms)=0
		Total committed heap usage (bytes)=1515716608
	HIVE
		CREATED_FILES=1
		RECORDS_OUT_1_default.target=2
		RECORDS_OUT_INTERMEDIATE=0
		RECORDS_OUT_OPERATOR_FS_6=2
		RECORDS_OUT_OPERATOR_SEL_5=2
		TOTAL_TABLE_ROWS_WRITTEN=2
	Shuffle Errors
		BAD_ID=0
		CONNECTION=0
		IO_ERROR=0
		WRONG_LENGTH=0
		WRONG_MAP=0
		WRONG_REDUCE=0
	File Output Format Counters 
		Bytes Written=0
2024-04-24T05:15:32,594  INFO [pool-338-thread-1] mapred.LocalJobRunner: Finishing task: attempt_local1843679714_0069_r_000001_0
2024-04-24T05:15:32,594  INFO [Thread-5834] mapred.LocalJobRunner: reduce task executor complete.
2024-04-24 05:15:33,494 Stage-1 map = 100%,  reduce = 100%
2024-04-24T05:15:33,495  INFO [main] exec.Task: 2024-04-24 05:15:33,494 Stage-1 map = 100%,  reduce = 100%
Ended Job = job_local1843679714_0069
2024-04-24T05:15:33,497  INFO [main] exec.Task: Ended Job = job_local1843679714_0069
2024-04-24T05:15:33,498  INFO [main] FileOperations: Found manifest file file:/home/alex/Repositories/hive/ql/target/tmp/org.apache.hadoop.hive.ql.TestTxnCommands-1713960750541/warehouse/target/_tmp.delta_0000001_0000001_0000/000000_0.manifest with attemptId 0.
2024-04-24T05:15:33,498  INFO [main] FileOperations: Found manifest file file:/home/alex/Repositories/hive/ql/target/tmp/org.apache.hadoop.hive.ql.TestTxnCommands-1713960750541/warehouse/target/_tmp.delta_0000001_0000001_0000/000001_0.manifest with attemptId 0.
2024-04-24T05:15:33,498  INFO [main] FileOperations: Looking at manifest file: file:/home/alex/Repositories/hive/ql/target/tmp/org.apache.hadoop.hive.ql.TestTxnCommands-1713960750541/warehouse/target/_tmp.delta_0000001_0000001_0000/000000_0.manifest
2024-04-24T05:15:33,498  INFO [main] FileOperations: Looking at manifest file: file:/home/alex/Repositories/hive/ql/target/tmp/org.apache.hadoop.hive.ql.TestTxnCommands-1713960750541/warehouse/target/_tmp.delta_0000001_0000001_0000/000001_0.manifest
2024-04-24T05:15:33,499  INFO [main] FileOperations: Deleting manifest directory file:/home/alex/Repositories/hive/ql/target/tmp/org.apache.hadoop.hive.ql.TestTxnCommands-1713960750541/warehouse/target/_tmp.delta_0000001_0000001_0000
2024-04-24T05:15:33,500  INFO [main] ql.Driver: Starting task [Stage-0:MOVE] in serial mode
Loading data to table default.target
2024-04-24T05:15:33,500  INFO [main] exec.Task: Loading data to table default.target from file:/home/alex/Repositories/hive/ql/target/tmp/org.apache.hadoop.hive.ql.TestTxnCommands-1713960750541/warehouse/target
2024-04-24T05:15:33,500  INFO [main] HiveMetaStore.audit: ugi=alex	ip=unknown-ip-addr	cmd=get_table : tbl=hive.default.target	
2024-04-24T05:15:33,507  INFO [main] metastore.HMSHandler: Skipping translation for processor with null
2024-04-24T05:15:33,507  INFO [main] HiveMetaStore.audit: ugi=alex	ip=unknown-ip-addr	cmd=get_table : tbl=hive.default.target	
2024-04-24T05:15:33,513  INFO [main] metastore.HMSHandler: Skipping translation for processor with null
2024-04-24T05:15:33,514  INFO [main] HiveMetaStore.audit: ugi=alex	ip=unknown-ip-addr	cmd=alter_table: hive.default.target newtbl=target	
2024-04-24T05:15:33,539  INFO [main] ql.Driver: Starting task [Stage-2:STATS] in serial mode
2024-04-24T05:15:33,539  INFO [main] HiveMetaStore.audit: ugi=alex	ip=unknown-ip-addr	cmd=get_table : tbl=hive.default.target	
2024-04-24T05:15:33,545  INFO [main] metastore.HMSHandler: Skipping translation for processor with null
2024-04-24T05:15:33,545  INFO [main] stats.BasicStatsTask: Executing stats task
2024-04-24T05:15:33,545  INFO [main] fs.FSStatsPublisher: created : file:/home/alex/Repositories/hive/ql/target/tmp/localscratchdir/c1668d89-b9c1-4180-9b20-b21a51bfebc8/hive_2024-04-24_05-15-32_035_6011488219232727387-1/-mr-10000
2024-04-24T05:15:33,547  INFO [main] HiveMetaStore.audit: ugi=alex	ip=unknown-ip-addr	cmd=get_table : tbl=hive.default.target	
2024-04-24T05:15:33,553  INFO [main] metastore.HMSHandler: Skipping translation for processor with null
2024-04-24T05:15:33,564  WARN [main] FileOperations: Computing stats for an ACID table; stats may be inaccurate
2024-04-24T05:15:33,564  INFO [main] FileOperations: Read stats for default.target/, numRows, true, 3, false: 
2024-04-24T05:15:33,564  INFO [main] FileOperations: Read stats for default.target/, rawDataSize, true, 0, false: 
2024-04-24T05:15:33,564  INFO [main] HiveMetaStore.audit: ugi=alex	ip=unknown-ip-addr	cmd=alter_table: hive.default.target newtbl=target	
2024-04-24T05:15:33,584  INFO [main] FileOperations: Read stats for default.target/, insertCount, true, 3, false: 
2024-04-24T05:15:33,584  INFO [main] FileOperations: Read stats for default.target/, updateCount, true, 0, false: 
2024-04-24T05:15:33,584  INFO [main] FileOperations: Read stats for default.target/, deleteCount, true, 0, false: 
2024-04-24T05:15:33,586  INFO [main] stats.BasicStatsTask: Table default.target stats: [numFiles=2, numRows=3, totalSize=1460, rawDataSize=0, numFilesErasureCoded=0]
2024-04-24T05:15:33,587  INFO [main] metadata.Hive: Dumping metastore api call timing information for : execution phase
2024-04-24T05:15:33,587  INFO [main] metadata.Hive: Total time spent in each metastore function (ms): {updateTransactionalStatistics_(UpdateTransactionalStatsRequest)=2, isCompatibleWith_(Configuration)=0, getTable_(GetTableRequest)=25, alter_table_(String, String, String, Table, EnvironmentContext, String)=45}
MapReduce Jobs Launched: 
2024-04-24T05:15:33,587  INFO [main] ql.Driver: MapReduce Jobs Launched: 
Stage-Stage-1:  HDFS Read: 0 HDFS Write: 0 SUCCESS
2024-04-24T05:15:33,587  INFO [main] ql.Driver: Stage-Stage-1:  HDFS Read: 0 HDFS Write: 0 SUCCESS
Total MapReduce CPU Time Spent: 0 msec
2024-04-24T05:15:33,587  INFO [main] ql.Driver: Total MapReduce CPU Time Spent: 0 msec
2024-04-24T05:15:33,587  INFO [main] ql.Driver: Completed executing command(queryId=alex_20240424051532_7545b1c9-92b3-4c32-af75-f5ef2eb2ca55); Time taken: 1.397 seconds
2024-04-24T05:15:33,587  INFO [main] lockmgr.DbTxnManager: Stopped heartbeat for query: alex_20240424051532_7545b1c9-92b3-4c32-af75-f5ef2eb2ca55
2024-04-24T05:15:33,596  INFO [main] txn.TxnHandler: Removed transactions: ([20]) from MIN_HISTORY_LEVEL
2024-04-24T05:15:33,596  WARN [main] txn.CompactionTxnHandler: No compaction queue record found for Compaction type transaction commit. txnId:20
2024-04-24T05:15:33,597  INFO [main] ql.TxnCommandsBaseForTests: Running the query: insert into source  values(1,7),(3,8)
2024-04-24T05:15:33,597  INFO [main] ql.Context: Deleting scratch dir: file:/home/alex/Repositories/hive/ql/target/tmp/localscratchdir/c1668d89-b9c1-4180-9b20-b21a51bfebc8/hive_2024-04-24_05-15-32_035_6011488219232727387-1
2024-04-24T05:15:33,597  INFO [main] cleanup.SyncCleanupService: Deleted directory: file:/home/alex/Repositories/hive/ql/target/tmp/localscratchdir/c1668d89-b9c1-4180-9b20-b21a51bfebc8/hive_2024-04-24_05-15-32_035_6011488219232727387-1 on fs with scheme file
2024-04-24T05:15:33,598  INFO [main] ql.Driver: Compiling command(queryId=alex_20240424051533_1fd8ba43-22d2-4198-9291-b2730729c5d8): insert into source  values(1,7),(3,8)
2024-04-24T05:15:33,600  INFO [main] txn.TxnHandler: Added entries to MIN_HISTORY_LEVEL for current txns: ([21]) with min_open_txn: 21
2024-04-24T05:15:33,600  INFO [main] lockmgr.DbTxnManager: Opened txnid:21
2024-04-24T05:15:33,600  INFO [main] parse.CalcitePlanner: Starting caching scope for: 
2024-04-24T05:15:33,600  INFO [main] parse.CalcitePlanner: Starting Semantic Analysis
2024-04-24T05:15:33,603  INFO [main] HiveMetaStore.audit: ugi=alex	ip=unknown-ip-addr	cmd=get_table : tbl=hive.default.source	
2024-04-24T05:15:33,623  INFO [main] metastore.HMSHandler: Skipping translation for processor with null
2024-04-24T05:15:33,624  INFO [main] parse.CalcitePlanner: Completed phase 1 of Semantic Analysis
2024-04-24T05:15:33,624  INFO [main] parse.CalcitePlanner: Get metadata for source tables
2024-04-24T05:15:33,624  INFO [main] parse.CalcitePlanner: Get metadata for subqueries
2024-04-24T05:15:33,624  INFO [main] parse.CalcitePlanner: Get metadata for destination tables
2024-04-24T05:15:33,624  INFO [main] HiveMetaStore.audit: ugi=alex	ip=unknown-ip-addr	cmd=get_table : tbl=hive.default.source	
2024-04-24T05:15:33,632  INFO [main] metastore.HMSHandler: Skipping translation for processor with null
2024-04-24T05:15:33,632  INFO [main] parse.CalcitePlanner: Completed getting MetaData in Semantic Analysis
2024-04-24T05:15:33,632  INFO [main] parse.CalcitePlanner: Disabling LLAP IO encode as ETL query is detected
2024-04-24T05:15:33,652  INFO [main] HiveMetaStore.audit: ugi=alex	ip=unknown-ip-addr	cmd=get_all_table_constraints : tbl=hive._dummy_database._dummy_table	
2024-04-24T05:15:33,698  INFO [main] parse.CalcitePlanner: Get metadata for source tables
2024-04-24T05:15:33,699  INFO [main] parse.CalcitePlanner: Get metadata for subqueries
2024-04-24T05:15:33,699  INFO [main] parse.CalcitePlanner: Get metadata for source tables
2024-04-24T05:15:33,700  INFO [main] HiveMetaStore.audit: ugi=alex	ip=unknown-ip-addr	cmd=get_table : tbl=hive._dummy_database._dummy_table	
2024-04-24T05:15:33,702  INFO [main] parse.CalcitePlanner: Get metadata for subqueries
2024-04-24T05:15:33,702  INFO [main] parse.CalcitePlanner: Get metadata for destination tables
2024-04-24T05:15:33,702  INFO [main] parse.CalcitePlanner: Get metadata for destination tables
2024-04-24T05:15:33,702  INFO [main] HiveMetaStore.audit: ugi=alex	ip=unknown-ip-addr	cmd=get_table : tbl=hive.default.source	
2024-04-24T05:15:33,711  INFO [main] metastore.HMSHandler: Skipping translation for processor with null
2024-04-24T05:15:33,712  INFO [main] common.FileUtils: Creating directory if it doesn't exist: file:/home/alex/Repositories/hive/ql/target/tmp/org.apache.hadoop.hive.ql.TestTxnCommands-1713960750541/warehouse/source/.hive-staging_hive_2024-04-24_05-15-33_598_3759825613513446467-1
2024-04-24T05:15:33,715  INFO [main] HiveMetaStore.audit: ugi=alex	ip=unknown-ip-addr	cmd=get_not_null_constraints : tbl=hive.default.source	
2024-04-24T05:15:33,716  INFO [main] HiveMetaStore.audit: ugi=alex	ip=unknown-ip-addr	cmd=get_check_constraints : tbl=hive.default.source	
2024-04-24T05:15:33,717  INFO [main] parse.CalcitePlanner: CBO Succeeded; optimized logical plan.
2024-04-24T05:15:33,719  INFO [main] optimizer.BucketVersionPopulator: not considering bucketingVersion for: TS[0] because it has -1<2 buckets 
2024-04-24T05:15:33,720  INFO [main] optimizer.SortedDynPartitionOptimizer: Sorted dynamic partitioning optimization kicked in..
2024-04-24T05:15:33,727  INFO [main] HiveMetaStore.audit: ugi=alex	ip=unknown-ip-addr	cmd=get_table : tbl=hive.default.source	
2024-04-24T05:15:33,736  INFO [main] metastore.HMSHandler: Skipping translation for processor with null
2024-04-24T05:15:33,736  INFO [main] optimizer.GenMRFileSink1: using CombineHiveInputformat for the merge job
2024-04-24T05:15:33,737  INFO [main] HiveMetaStore.audit: ugi=alex	ip=unknown-ip-addr	cmd=get_table : tbl=hive.default.source	
2024-04-24T05:15:33,745  INFO [main] metastore.HMSHandler: Skipping translation for processor with null
2024-04-24T05:15:33,760  INFO [main] physical.Vectorizer: Examining input format to see if vectorization is enabled.
2024-04-24T05:15:33,760  INFO [main] physical.Vectorizer: Map vectorization enabled: false
2024-04-24T05:15:33,760  INFO [main] physical.Vectorizer: Map vectorized: false
2024-04-24T05:15:33,760  INFO [main] physical.Vectorizer: Map vectorizedVertexNum: 0
2024-04-24T05:15:33,760  INFO [main] physical.Vectorizer: Map enabledConditionsMet: [hive.vectorized.use.vectorized.input.format IS true]
2024-04-24T05:15:33,760  INFO [main] physical.Vectorizer: Map enabledConditionsNotMet: [Could not enable vectorization due to partition column names size 1 is greater than the number of table column names size 0 IS false]
2024-04-24T05:15:33,760  INFO [main] physical.Vectorizer: Map inputFileFormatClassNameSet: [org.apache.hadoop.hive.ql.io.NullRowsInputFormat]
2024-04-24T05:15:33,761  INFO [main] parse.CalcitePlanner: Completed plan generation
2024-04-24T05:15:33,761  INFO [main] parse.CalcitePlanner: Ending caching scope for: 
2024-04-24T05:15:33,761  INFO [main] ql.Driver: Semantic Analysis Completed (retrial = false)
2024-04-24T05:15:33,761  INFO [main] ql.Driver: Created Hive schema: Schema(fieldSchemas:[FieldSchema(name:col1, type:int, comment:null), FieldSchema(name:col2, type:int, comment:null)], properties:null)
2024-04-24T05:15:33,761  INFO [main] metadata.Hive: Dumping metastore api call timing information for : compilation phase
2024-04-24T05:15:33,761  INFO [main] metadata.Hive: Total time spent in each metastore function (ms): {getAllTableConstraints_(AllTableConstraintsRequest)=4, getTable_(GetTableRequest)=56, getNotNullConstraints_(NotNullConstraintsRequest)=1, commitTxn_(CommitTxnRequest)=10, isCompatibleWith_(Configuration)=1, getValidTxns_(long)=0, openTxn_(String, TxnType)=2, getValidWriteIds_(List, String)=3, getCheckConstraints_(CheckConstraintsRequest)=1, flushCache_()=0}
2024-04-24T05:15:33,762  INFO [main] ql.Driver: Completed compiling command(queryId=alex_20240424051533_1fd8ba43-22d2-4198-9291-b2730729c5d8); Time taken: 0.163 seconds
2024-04-24T05:15:33,762  INFO [main] lockmgr.DbTxnManager: Setting lock request transaction to txnid:21 for queryId=alex_20240424051533_1fd8ba43-22d2-4198-9291-b2730729c5d8
2024-04-24T05:15:33,762  INFO [main] lockmgr.DbLockManager: Requesting lock for queryId=alex_20240424051533_1fd8ba43-22d2-4198-9291-b2730729c5d8
2024-04-24T05:15:33,775  INFO [main] lockmgr.DbLockManager: Response to queryId=alex_20240424051533_1fd8ba43-22d2-4198-9291-b2730729c5d8 LockResponse(lockid:12, state:ACQUIRED)
2024-04-24T05:15:33,775  INFO [main] ql.Driver: Operation QUERY obtained 1 locks
2024-04-24T05:15:33,775  INFO [main] ql.Driver: Executing command(queryId=alex_20240424051533_1fd8ba43-22d2-4198-9291-b2730729c5d8): insert into source  values(1,7),(3,8)
2024-04-24T05:15:33,776  WARN [main] ql.Driver: Hive-on-MR is deprecated in Hive 2 and may not be available in the future versions. Consider using a different execution engine (i.e. tez, spark) or using Hive 1.X releases.
Query ID = alex_20240424051533_1fd8ba43-22d2-4198-9291-b2730729c5d8
2024-04-24T05:15:33,776  INFO [main] ql.Driver: Query ID = alex_20240424051533_1fd8ba43-22d2-4198-9291-b2730729c5d8
Total jobs = 3
2024-04-24T05:15:33,776  INFO [main] ql.Driver: Total jobs = 3
Launching Job 1 out of 3
2024-04-24T05:15:33,776  INFO [main] ql.Driver: Launching Job 1 out of 3
2024-04-24T05:15:33,918  INFO [main] ql.Driver: Starting task [Stage-1:MAPRED] in serial mode
Number of reduce tasks is set to 0 since there's no reduce operator
2024-04-24T05:15:33,918  INFO [main] exec.Task: Number of reduce tasks is set to 0 since there's no reduce operator
2024-04-24T05:15:33,920  INFO [main] mr.ExecDriver: Using org.apache.hadoop.hive.ql.io.HiveInputFormat
2024-04-24T05:15:33,921  INFO [main] exec.Utilities: Processing alias $hdt$_0:_dummy_table
2024-04-24T05:15:33,921  INFO [main] exec.Utilities: Adding 1 inputs; the first input is file:/home/alex/Repositories/hive/ql/target/tmp/localscratchdir/c1668d89-b9c1-4180-9b20-b21a51bfebc8/hive_2024-04-24_05-15-33_598_3759825613513446467-1/dummy_path
2024-04-24T05:15:33,930  INFO [main] exec.SerializationUtilities: Serializing MapWork using kryo
2024-04-24T05:15:33,930  INFO [main] exec.Utilities: Serialized plan (via FILE) - name: null size: 5,99KB
2024-04-24T05:15:33,931  WARN [main] impl.MetricsSystemImpl: JobTracker metrics system already initialized!
2024-04-24T05:15:33,934  INFO [main] fs.FSStatsPublisher: created : file:/home/alex/Repositories/hive/ql/target/tmp/localscratchdir/c1668d89-b9c1-4180-9b20-b21a51bfebc8/hive_2024-04-24_05-15-33_598_3759825613513446467-1/-mr-10001
2024-04-24T05:15:33,938  WARN [main] impl.MetricsSystemImpl: JobTracker metrics system already initialized!
2024-04-24T05:15:33,945  WARN [main] mapreduce.JobResourceUploader: Hadoop command-line option parsing not performed. Implement the Tool interface and execute your application with ToolRunner to remedy this.
2024-04-24T05:15:33,949  WARN [main] mapreduce.JobResourceUploader: No job jar file set.  User classes may not be found. See Job or Job#setJar(String).
2024-04-24T05:15:33,950  INFO [main] io.HiveInputFormat: hive.io.file.readcolumn.ids = 
2024-04-24T05:15:33,950  INFO [main] io.HiveInputFormat: hive.io.file.readcolumn.names = 
2024-04-24T05:15:33,950  INFO [main] io.HiveInputFormat: Generating splits for dirs: file:/home/alex/Repositories/hive/ql/target/tmp/localscratchdir/c1668d89-b9c1-4180-9b20-b21a51bfebc8/hive_2024-04-24_05-15-33_598_3759825613513446467-1/dummy_path
2024-04-24T05:15:33,950  INFO [main] io.HiveInputFormat: number of splits 1
2024-04-24T05:15:33,968  INFO [main] mapreduce.JobSubmitter: number of splits:1
2024-04-24T05:15:33,986  INFO [main] mapreduce.JobSubmitter: Submitting tokens for job: job_local1898998909_0070
2024-04-24T05:15:33,986  INFO [main] mapreduce.JobSubmitter: Executing with tokens: []
2024-04-24T05:15:34,046  INFO [main] mapreduce.Job: The url to track the job: http://localhost:8080/
Job running in-process (local Hadoop)
2024-04-24T05:15:34,046  INFO [main] exec.Task: Job running in-process (local Hadoop)
2024-04-24T05:15:34,047  INFO [Thread-5908] mapred.LocalJobRunner: OutputCommitter set in config org.apache.hadoop.hive.ql.io.HiveFileFormatUtils$NullOutputCommitter
2024-04-24T05:15:34,047  INFO [Thread-5908] mapred.LocalJobRunner: OutputCommitter is org.apache.hadoop.hive.ql.io.HiveFileFormatUtils$NullOutputCommitter
2024-04-24T05:15:34,048  INFO [Thread-5908] mapred.LocalJobRunner: Waiting for map tasks
2024-04-24T05:15:34,049  INFO [LocalJobRunner Map Task Executor #0] mapred.LocalJobRunner: Starting task: attempt_local1898998909_0070_m_000000_0
2024-04-24T05:15:34,049  INFO [LocalJobRunner Map Task Executor #0] mapred.Task:  Using ResourceCalculatorProcessTree : [ ]
2024-04-24T05:15:34,049  INFO [LocalJobRunner Map Task Executor #0] mapred.MapTask: Processing split: org.apache.hadoop.hive.ql.io.NullRowsInputFormat:file:/home/alex/Repositories/hive/ql/target/tmp/localscratchdir/c1668d89-b9c1-4180-9b20-b21a51bfebc8/hive_2024-04-24_05-15-33_598_3759825613513446467-1/dummy_path/null:0+1
2024-04-24T05:15:34,050  INFO [LocalJobRunner Map Task Executor #0] exec.SerializationUtilities: Deserializing MapWork using kryo
2024-04-24T05:15:34,050  INFO [LocalJobRunner Map Task Executor #0] exec.Utilities: Deserialized plan (via FILE) - name: null size: 5,99KB
2024-04-24T05:15:34,051  INFO [LocalJobRunner Map Task Executor #0] mapred.MapTask: numReduceTasks: 0
2024-04-24T05:15:34,051  INFO [LocalJobRunner Map Task Executor #0] exec.MapOperator: Initializing Operator: MAP[0]
2024-04-24T05:15:34,051  INFO [LocalJobRunner Map Task Executor #0] mr.ExecMapper: 
<MAP>Id =0
  <Children>null
  <\Children>
  <Parent><\Parent>
<\MAP>
2024-04-24T05:15:34,052  INFO [LocalJobRunner Map Task Executor #0] exec.TableScanOperator: Initializing Operator: TS[0]
2024-04-24T05:15:34,052  INFO [LocalJobRunner Map Task Executor #0] exec.SelectOperator: Initializing Operator: SEL[1]
2024-04-24T05:15:34,052  INFO [LocalJobRunner Map Task Executor #0] exec.SelectOperator: SELECT null
2024-04-24T05:15:34,052  INFO [LocalJobRunner Map Task Executor #0] exec.UDTFOperator: Initializing Operator: UDTF[2]
2024-04-24T05:15:34,052  INFO [LocalJobRunner Map Task Executor #0] exec.SelectOperator: Initializing Operator: SEL[3]
2024-04-24T05:15:34,052  INFO [LocalJobRunner Map Task Executor #0] exec.SelectOperator: SELECT struct<col1:int,col2:int>
2024-04-24T05:15:34,052  INFO [LocalJobRunner Map Task Executor #0] exec.FileSinkOperator: Initializing Operator: FS[4]
2024-04-24T05:15:34,052  INFO [LocalJobRunner Map Task Executor #0] exec.FileSinkOperator: Using serializer : class org.apache.hadoop.hive.serde2.lazy.LazySimpleSerDe [serdeParams=org.apache.hadoop.hive.serde2.lazy.LazySerDeParameters@21955677, cachedObjectInspector=org.apache.hadoop.hive.serde2.lazy.objectinspector.LazySimpleStructObjectInspector<org.apache.hadoop.hive.serde2.lazy.objectinspector.primitive.LazyIntObjectInspector@20e4e27f,org.apache.hadoop.hive.serde2.lazy.objectinspector.primitive.LazyIntObjectInspector@20e4e27f>, serializedSize=0, stats=org.apache.hadoop.hive.serde2.SerDeStats@1ff6bd7f, lastOperationSerialize=false, lastOperationDeserialize=false [1, 2, 3, 4, 5, 6, 7, 8] : [key, data] : [int, int]] and formatter : org.apache.hadoop.hive.ql.io.HiveIgnoreKeyTextOutputFormat@7060198a
2024-04-24T05:15:34,053  INFO [LocalJobRunner Map Task Executor #0] exec.FileSinkOperator: Final Path: FS file:/home/alex/Repositories/hive/ql/target/tmp/org.apache.hadoop.hive.ql.TestTxnCommands-1713960750541/warehouse/source/.hive-staging_hive_2024-04-24_05-15-33_598_3759825613513446467-1/_tmp.-ext-10002/000000_0
2024-04-24T05:15:34,053  INFO [LocalJobRunner Map Task Executor #0] exec.FileSinkOperator: Writing to temp file: FS file:/home/alex/Repositories/hive/ql/target/tmp/org.apache.hadoop.hive.ql.TestTxnCommands-1713960750541/warehouse/source/.hive-staging_hive_2024-04-24_05-15-33_598_3759825613513446467-1/_task_tmp.-ext-10002/_tmp.000000_0
2024-04-24T05:15:34,053  INFO [LocalJobRunner Map Task Executor #0] exec.FileSinkOperator: New Final Path: FS file:/home/alex/Repositories/hive/ql/target/tmp/org.apache.hadoop.hive.ql.TestTxnCommands-1713960750541/warehouse/source/.hive-staging_hive_2024-04-24_05-15-33_598_3759825613513446467-1/_tmp.-ext-10002/000000_0
2024-04-24T05:15:34,060  INFO [LocalJobRunner Map Task Executor #0] exec.FileSinkOperator: FS[4]: records written - 1
2024-04-24T05:15:34,061  INFO [LocalJobRunner Map Task Executor #0] exec.MapOperator: MAP[0]: records read - 1
2024-04-24T05:15:34,061  INFO [LocalJobRunner Map Task Executor #0] exec.MapOperator: Closing Operator: MAP[0]
2024-04-24T05:15:34,061  INFO [LocalJobRunner Map Task Executor #0] exec.MapOperator: MAP[0]: Total records read - 3. abort - false
2024-04-24T05:15:34,061  INFO [LocalJobRunner Map Task Executor #0] exec.MapOperator: RECORDS_OUT_INTERMEDIATE:0, RECORDS_IN:3, RECORDS_OUT_OPERATOR_MAP_0:0, DESERIALIZE_ERRORS:0, 
2024-04-24T05:15:34,061  INFO [LocalJobRunner Map Task Executor #0] exec.TableScanOperator: Closing Operator: TS[0]
2024-04-24T05:15:34,061  INFO [LocalJobRunner Map Task Executor #0] exec.TableScanOperator: RECORDS_OUT_INTERMEDIATE:0, RECORDS_OUT_OPERATOR_TS_0:1, 
2024-04-24T05:15:34,061  INFO [LocalJobRunner Map Task Executor #0] exec.SelectOperator: Closing Operator: SEL[1]
2024-04-24T05:15:34,061  INFO [LocalJobRunner Map Task Executor #0] exec.SelectOperator: RECORDS_OUT_INTERMEDIATE:0, RECORDS_OUT_OPERATOR_SEL_1:1, 
2024-04-24T05:15:34,061  INFO [LocalJobRunner Map Task Executor #0] exec.UDTFOperator: Closing Operator: UDTF[2]
2024-04-24T05:15:34,061  INFO [LocalJobRunner Map Task Executor #0] exec.UDTFOperator: RECORDS_OUT_INTERMEDIATE:0, RECORDS_OUT_OPERATOR_UDTF_2:2, 
2024-04-24T05:15:34,061  INFO [LocalJobRunner Map Task Executor #0] exec.SelectOperator: Closing Operator: SEL[3]
2024-04-24T05:15:34,061  INFO [LocalJobRunner Map Task Executor #0] exec.SelectOperator: RECORDS_OUT_INTERMEDIATE:0, RECORDS_OUT_OPERATOR_SEL_3:2, 
2024-04-24T05:15:34,061  INFO [LocalJobRunner Map Task Executor #0] exec.FileSinkOperator: Closing Operator: FS[4]
2024-04-24T05:15:34,061  INFO [LocalJobRunner Map Task Executor #0] exec.FileSinkOperator: FS[4]: records written - 2
2024-04-24T05:15:34,066  INFO [LocalJobRunner Map Task Executor #0] exec.FileSinkOperator: RECORDS_OUT_INTERMEDIATE:0, RECORDS_OUT_OPERATOR_FS_4:2, TOTAL_TABLE_ROWS_WRITTEN:2, RECORDS_OUT_1_default.source:2, 
2024-04-24T05:15:34,067  INFO [LocalJobRunner Map Task Executor #0] mapred.LocalJobRunner: 
2024-04-24T05:15:34,067  INFO [LocalJobRunner Map Task Executor #0] mapred.Task: Task:attempt_local1898998909_0070_m_000000_0 is done. And is in the process of committing
2024-04-24T05:15:34,068  INFO [LocalJobRunner Map Task Executor #0] mapred.LocalJobRunner: map
2024-04-24T05:15:34,068  INFO [LocalJobRunner Map Task Executor #0] mapred.Task: Task 'attempt_local1898998909_0070_m_000000_0' done.
2024-04-24T05:15:34,068  INFO [LocalJobRunner Map Task Executor #0] mapred.Task: Final Counters for attempt_local1898998909_0070_m_000000_0: Counters: 32
	File System Counters
		FILE: Number of bytes read=1540527
		FILE: Number of bytes written=87778322
		FILE: Number of read operations=0
		FILE: Number of large read operations=0
		FILE: Number of write operations=0
		HDFS: Number of bytes read=0
		HDFS: Number of bytes written=0
		HDFS: Number of read operations=0
		HDFS: Number of large read operations=0
		HDFS: Number of write operations=0
	Map-Reduce Framework
		Map input records=4
		Map output records=0
		Input split bytes=361
		Spilled Records=0
		Failed Shuffles=0
		Merged Map outputs=0
		GC time elapsed (ms)=0
		Total committed heap usage (bytes)=1515716608
	HIVE
		CREATED_FILES=1
		DESERIALIZE_ERRORS=0
		RECORDS_IN=3
		RECORDS_OUT_1_default.source=2
		RECORDS_OUT_INTERMEDIATE=0
		RECORDS_OUT_OPERATOR_FS_4=2
		RECORDS_OUT_OPERATOR_MAP_0=0
		RECORDS_OUT_OPERATOR_SEL_1=1
		RECORDS_OUT_OPERATOR_SEL_3=2
		RECORDS_OUT_OPERATOR_TS_0=1
		RECORDS_OUT_OPERATOR_UDTF_2=2
		TOTAL_TABLE_ROWS_WRITTEN=2
	File Input Format Counters 
		Bytes Read=6054
	File Output Format Counters 
		Bytes Written=0
2024-04-24T05:15:34,068  INFO [LocalJobRunner Map Task Executor #0] mapred.LocalJobRunner: Finishing task: attempt_local1898998909_0070_m_000000_0
2024-04-24T05:15:34,068  INFO [Thread-5908] mapred.LocalJobRunner: map task executor complete.
2024-04-24 05:15:35,048 Stage-1 map = 100%,  reduce = 0%
2024-04-24T05:15:35,049  INFO [main] exec.Task: 2024-04-24 05:15:35,048 Stage-1 map = 100%,  reduce = 0%
Ended Job = job_local1898998909_0070
2024-04-24T05:15:35,050  INFO [main] exec.Task: Ended Job = job_local1898998909_0070
2024-04-24T05:15:35,054  INFO [main] ql.Driver: Starting task [Stage-7:CONDITIONAL] in serial mode
Stage-4 is selected by condition resolver.
2024-04-24T05:15:35,055  INFO [main] exec.Task: Stage-4 is selected by condition resolver.
Stage-3 is filtered out by condition resolver.
2024-04-24T05:15:35,055  INFO [main] exec.Task: Stage-3 is filtered out by condition resolver.
Stage-5 is filtered out by condition resolver.
2024-04-24T05:15:35,055  INFO [main] exec.Task: Stage-5 is filtered out by condition resolver.
2024-04-24T05:15:35,055  INFO [main] ql.Driver: Starting task [Stage-4:MOVE] in serial mode
Moving data to directory file:/home/alex/Repositories/hive/ql/target/tmp/org.apache.hadoop.hive.ql.TestTxnCommands-1713960750541/warehouse/source/.hive-staging_hive_2024-04-24_05-15-33_598_3759825613513446467-1/-ext-10000
2024-04-24T05:15:35,056  INFO [main] exec.Task: Moving data to directory file:/home/alex/Repositories/hive/ql/target/tmp/org.apache.hadoop.hive.ql.TestTxnCommands-1713960750541/warehouse/source/.hive-staging_hive_2024-04-24_05-15-33_598_3759825613513446467-1/-ext-10000 from file:/home/alex/Repositories/hive/ql/target/tmp/org.apache.hadoop.hive.ql.TestTxnCommands-1713960750541/warehouse/source/.hive-staging_hive_2024-04-24_05-15-33_598_3759825613513446467-1/-ext-10002
2024-04-24T05:15:35,057  INFO [main] ql.Driver: Starting task [Stage-0:MOVE] in serial mode
Loading data to table default.source
2024-04-24T05:15:35,057  INFO [main] exec.Task: Loading data to table default.source from file:/home/alex/Repositories/hive/ql/target/tmp/org.apache.hadoop.hive.ql.TestTxnCommands-1713960750541/warehouse/source/.hive-staging_hive_2024-04-24_05-15-33_598_3759825613513446467-1/-ext-10000
2024-04-24T05:15:35,058  INFO [main] HiveMetaStore.audit: ugi=alex	ip=unknown-ip-addr	cmd=get_table : tbl=hive.default.source	
2024-04-24T05:15:35,070  INFO [main] metastore.HMSHandler: Skipping translation for processor with null
2024-04-24T05:15:35,070  INFO [main] HiveMetaStore.audit: ugi=alex	ip=unknown-ip-addr	cmd=get_table : tbl=hive.default.source	
2024-04-24T05:15:35,079  INFO [main] metastore.HMSHandler: Skipping translation for processor with null
2024-04-24T05:15:35,081  WARN [main] metadata.Hive: Cannot get a table snapshot for source
2024-04-24T05:15:35,081  INFO [main] HiveMetaStore.audit: ugi=alex	ip=unknown-ip-addr	cmd=alter_table: hive.default.source newtbl=source	
2024-04-24T05:15:35,103  INFO [main] ql.Driver: Starting task [Stage-2:STATS] in serial mode
2024-04-24T05:15:35,104  INFO [main] HiveMetaStore.audit: ugi=alex	ip=unknown-ip-addr	cmd=get_table : tbl=hive.default.source	
2024-04-24T05:15:35,112  INFO [main] metastore.HMSHandler: Skipping translation for processor with null
2024-04-24T05:15:35,112  INFO [main] stats.BasicStatsTask: Executing stats task
2024-04-24T05:15:35,112  INFO [main] fs.FSStatsPublisher: created : file:/home/alex/Repositories/hive/ql/target/tmp/localscratchdir/c1668d89-b9c1-4180-9b20-b21a51bfebc8/hive_2024-04-24_05-15-33_598_3759825613513446467-1/-mr-10001
2024-04-24T05:15:35,113  INFO [main] HiveMetaStore.audit: ugi=alex	ip=unknown-ip-addr	cmd=get_table : tbl=hive.default.source	
2024-04-24T05:15:35,121  INFO [main] metastore.HMSHandler: Skipping translation for processor with null
2024-04-24T05:15:35,122  INFO [main] FileOperations: Read stats for default.source/, numRows, true, 2, false: 
2024-04-24T05:15:35,122  INFO [main] FileOperations: Read stats for default.source/, rawDataSize, true, 6, false: 
2024-04-24T05:15:35,122  WARN [main] metadata.Hive: Cannot get a table snapshot for source
2024-04-24T05:15:35,122  INFO [main] HiveMetaStore.audit: ugi=alex	ip=unknown-ip-addr	cmd=alter_table: hive.default.source newtbl=source	
2024-04-24T05:15:35,145  INFO [main] stats.BasicStatsTask: Table default.source stats: [numFiles=1, numRows=2, totalSize=8, rawDataSize=6, numFilesErasureCoded=0]
2024-04-24T05:15:35,145  INFO [main] metadata.Hive: Dumping metastore api call timing information for : execution phase
2024-04-24T05:15:35,146  INFO [main] metadata.Hive: Total time spent in each metastore function (ms): {getTable_(GetTableRequest)=38, isCompatibleWith_(Configuration)=0, alter_table_(String, String, String, Table, EnvironmentContext, String)=45}
MapReduce Jobs Launched: 
2024-04-24T05:15:35,146  INFO [main] ql.Driver: MapReduce Jobs Launched: 
Stage-Stage-1:  HDFS Read: 0 HDFS Write: 0 SUCCESS
2024-04-24T05:15:35,146  INFO [main] ql.Driver: Stage-Stage-1:  HDFS Read: 0 HDFS Write: 0 SUCCESS
Total MapReduce CPU Time Spent: 0 msec
2024-04-24T05:15:35,146  INFO [main] ql.Driver: Total MapReduce CPU Time Spent: 0 msec
2024-04-24T05:15:35,146  INFO [main] ql.Driver: Completed executing command(queryId=alex_20240424051533_1fd8ba43-22d2-4198-9291-b2730729c5d8); Time taken: 1.37 seconds
2024-04-24T05:15:35,146  INFO [main] lockmgr.DbTxnManager: Stopped heartbeat for query: alex_20240424051533_1fd8ba43-22d2-4198-9291-b2730729c5d8
2024-04-24T05:15:35,151  INFO [main] txn.TxnHandler: Expected to move at least one record from txn_components to completed_txn_components when committing txn! txnid:21
2024-04-24T05:15:35,157  INFO [main] txn.TxnHandler: Removed transactions: ([21]) from MIN_HISTORY_LEVEL
2024-04-24T05:15:35,157  WARN [main] txn.CompactionTxnHandler: No compaction queue record found for Compaction type transaction commit. txnId:21
2024-04-24T05:15:35,157  INFO [main] ql.TxnCommandsBaseForTests: Running the query: merge into target t using (select curMatch.*, case when splitTable.op is null or splitTable.op = 0 then 0 else 1 end `o/p\n` from (select s.*, case when t.cur is null then 0 else 1 end m from source s left outer join (select * from target where target.cur=1) t on s.key=t.key) curMatch left outer join splitTable on curMatch.m=1) s on t.key=s.key and t.cur=1 and s.`o/p\n`=1 when matched then update set cur=0 when not matched then insert values(s.key,s.data,1)
2024-04-24T05:15:35,157  INFO [main] ql.Context: Deleting scratch dir: file:/home/alex/Repositories/hive/ql/target/tmp/org.apache.hadoop.hive.ql.TestTxnCommands-1713960750541/warehouse/source/.hive-staging_hive_2024-04-24_05-15-33_598_3759825613513446467-1
2024-04-24T05:15:35,158  INFO [main] cleanup.SyncCleanupService: Deleted directory: file:/home/alex/Repositories/hive/ql/target/tmp/org.apache.hadoop.hive.ql.TestTxnCommands-1713960750541/warehouse/source/.hive-staging_hive_2024-04-24_05-15-33_598_3759825613513446467-1 on fs with scheme file
2024-04-24T05:15:35,158  INFO [main] ql.Context: Deleting scratch dir: file:/home/alex/Repositories/hive/ql/target/tmp/localscratchdir/c1668d89-b9c1-4180-9b20-b21a51bfebc8/hive_2024-04-24_05-15-33_598_3759825613513446467-1
2024-04-24T05:15:35,158  INFO [main] cleanup.SyncCleanupService: Deleted directory: file:/home/alex/Repositories/hive/ql/target/tmp/localscratchdir/c1668d89-b9c1-4180-9b20-b21a51bfebc8/hive_2024-04-24_05-15-33_598_3759825613513446467-1 on fs with scheme file
2024-04-24T05:15:35,158  INFO [main] ql.Driver: Compiling command(queryId=alex_20240424051535_da48e722-afd3-41cf-85ce-054a8f85fb96): merge into target t using (select curMatch.*, case when splitTable.op is null or splitTable.op = 0 then 0 else 1 end `o/p\n` from (select s.*, case when t.cur is null then 0 else 1 end m from source s left outer join (select * from target where target.cur=1) t on s.key=t.key) curMatch left outer join splitTable on curMatch.m=1) s on t.key=s.key and t.cur=1 and s.`o/p\n`=1 when matched then update set cur=0 when not matched then insert values(s.key,s.data,1)
2024-04-24T05:15:35,161  INFO [main] txn.TxnHandler: Added entries to MIN_HISTORY_LEVEL for current txns: ([22]) with min_open_txn: 22
2024-04-24T05:15:35,162  INFO [main] lockmgr.DbTxnManager: Opened txnid:22
2024-04-24T05:15:35,162  INFO [main] parse.MergeSemanticAnalyzer: Starting caching scope for: 
2024-04-24T05:15:35,163  INFO [main] HiveMetaStore.audit: ugi=alex	ip=unknown-ip-addr	cmd=get_table : tbl=hive.default.target	
2024-04-24T05:15:35,169  INFO [main] metastore.HMSHandler: Skipping translation for processor with null
2024-04-24T05:15:35,171  INFO [main] HiveMetaStore.audit: ugi=alex	ip=unknown-ip-addr	cmd=get_table : tbl=hive.default.merge_tmp_table	
2024-04-24T05:15:35,174  INFO [main] utils.FileUtils: Creating directory if it doesn't exist: file:/home/alex/Repositories/hive/ql/target/tmp/scratchdir/alex/c1668d89-b9c1-4180-9b20-b21a51bfebc8/_tmp_space.db/merge_tmp_table
2024-04-24T05:15:35,177  INFO [main] parse.RewriteSemanticAnalyzer: Going to reparse <merge into target t using (select curMatch.*, case when splitTable.op is null or splitTable.op = 0 then 0 else 1 end `o/p\n` from (select s.*, case when t.cur is null then 0 else 1 end m from source s left outer join (select * from target where target.cur=1) t on s.key=t.key) curMatch left outer join splitTable on curMatch.m=1) s on t.key=s.key and t.cur=1 and s.`o/p\n`=1 when matched then update set cur=0 when not matched then insert values(s.key,s.data,1)> as 
<FROM
  `default`.`target` `t`
  RIGHT OUTER JOIN
  (select `curMatch`.*, case when `splitTable`.`op` is null or `splitTable`.`op` = 0 then 0 else 1 end `o/p\n` from (select `s`.*, case when `t`.`cur` is null then 0 else 1 end `m` from `source` `s` left outer join (select * from `target` where `target`.`cur`=1) `t` on `s`.`key`=`t`.`key`) `curMatch` left outer join `splitTable` on `curMatch`.`m`=1) `s`
  ON `t`.`key`=`s`.`key` and `t`.`cur`=1 and `s`.`o/p\n`=1
INSERT INTO `default`.`target`    -- update clause(insert part)
 SELECT `t`.`key`, `t`.`data`, 0
   WHERE `t`.`key`=`s`.`key` and `t`.`cur`=1 and `s`.`o/p\n`=1
INSERT INTO `default`.`target`    -- update clause (delete part)
 SELECT `t`.ROW__ID 
   WHERE `t`.`key`=`s`.`key` and `t`.`cur`=1 and `s`.`o/p\n`=1
 SORT BY `t`.ROW__ID 
INSERT INTO `default`.`target`    -- insert clause
  SELECT `s`.`key`,`s`.`data`,1
   WHERE `t`.`key` IS NULL AND `t`.`cur` IS NULL
INSERT INTO merge_tmp_table
  SELECT cardinality_violation(`t`.ROW__ID)
 WHERE `t`.`key`=`s`.`key` and `t`.`cur`=1 and `s`.`o/p\n`=1 GROUP BY `t`.ROW__ID HAVING count(*) > 1>
2024-04-24T05:15:35,178  INFO [main] parse.MergeSemanticAnalyzer: Starting Semantic Analysis
2024-04-24T05:15:35,181  INFO [main] parse.MergeSemanticAnalyzer: Completed phase 1 of Semantic Analysis
2024-04-24T05:15:35,181  INFO [main] parse.MergeSemanticAnalyzer: Get metadata for source tables
2024-04-24T05:15:35,182  INFO [main] HiveMetaStore.audit: ugi=alex	ip=unknown-ip-addr	cmd=get_table : tbl=hive.default.target	
2024-04-24T05:15:35,188  INFO [main] metastore.HMSHandler: Skipping translation for processor with null
2024-04-24T05:15:35,189  INFO [main] parse.MergeSemanticAnalyzer: Get metadata for subqueries
2024-04-24T05:15:35,189  INFO [main] parse.MergeSemanticAnalyzer: Get metadata for source tables
2024-04-24T05:15:35,189  INFO [main] HiveMetaStore.audit: ugi=alex	ip=unknown-ip-addr	cmd=get_table : tbl=hive.default.splittable	
2024-04-24T05:15:35,198  INFO [main] metastore.HMSHandler: Skipping translation for processor with null
2024-04-24T05:15:35,198  INFO [main] parse.MergeSemanticAnalyzer: Get metadata for subqueries
2024-04-24T05:15:35,198  INFO [main] parse.MergeSemanticAnalyzer: Get metadata for source tables
2024-04-24T05:15:35,198  INFO [main] HiveMetaStore.audit: ugi=alex	ip=unknown-ip-addr	cmd=get_table : tbl=hive.default.source	
2024-04-24T05:15:35,207  INFO [main] metastore.HMSHandler: Skipping translation for processor with null
2024-04-24T05:15:35,207  INFO [main] parse.MergeSemanticAnalyzer: Get metadata for subqueries
2024-04-24T05:15:35,207  INFO [main] parse.MergeSemanticAnalyzer: Get metadata for source tables
2024-04-24T05:15:35,207  INFO [main] parse.MergeSemanticAnalyzer: Get metadata for subqueries
2024-04-24T05:15:35,207  INFO [main] parse.MergeSemanticAnalyzer: Get metadata for destination tables
2024-04-24T05:15:35,207  INFO [main] parse.MergeSemanticAnalyzer: Get metadata for destination tables
2024-04-24T05:15:35,207  INFO [main] parse.MergeSemanticAnalyzer: Get metadata for destination tables
2024-04-24T05:15:35,207  INFO [main] parse.MergeSemanticAnalyzer: Get metadata for destination tables
2024-04-24T05:15:35,208  INFO [main] HiveMetaStore.audit: ugi=alex	ip=unknown-ip-addr	cmd=get_table : tbl=hive.default.target	
2024-04-24T05:15:35,214  INFO [main] metastore.HMSHandler: Skipping translation for processor with null
2024-04-24T05:15:35,215  INFO [main] HiveMetaStore.audit: ugi=alex	ip=unknown-ip-addr	cmd=get_table : tbl=hive.default.target	
2024-04-24T05:15:35,221  INFO [main] metastore.HMSHandler: Skipping translation for processor with null
2024-04-24T05:15:35,221  INFO [main] HiveMetaStore.audit: ugi=alex	ip=unknown-ip-addr	cmd=get_table : tbl=hive.default.target	
2024-04-24T05:15:35,227  INFO [main] metastore.HMSHandler: Skipping translation for processor with null
2024-04-24T05:15:35,227  INFO [main] parse.MergeSemanticAnalyzer: Completed getting MetaData in Semantic Analysis
2024-04-24T05:15:35,228  INFO [main] parse.MergeSemanticAnalyzer: Disabling LLAP IO encode as ETL query is detected
2024-04-24T05:15:35,229  INFO [main] parse.MergeSemanticAnalyzer: Get metadata for source tables
2024-04-24T05:15:35,229  INFO [main] parse.MergeSemanticAnalyzer: Get metadata for subqueries
2024-04-24T05:15:35,229  INFO [main] parse.MergeSemanticAnalyzer: Get metadata for source tables
2024-04-24T05:15:35,229  INFO [main] parse.MergeSemanticAnalyzer: Get metadata for subqueries
2024-04-24T05:15:35,229  INFO [main] parse.MergeSemanticAnalyzer: Get metadata for source tables
2024-04-24T05:15:35,229  INFO [main] parse.MergeSemanticAnalyzer: Get metadata for subqueries
2024-04-24T05:15:35,229  INFO [main] parse.MergeSemanticAnalyzer: Get metadata for source tables
2024-04-24T05:15:35,229  INFO [main] parse.MergeSemanticAnalyzer: Get metadata for subqueries
2024-04-24T05:15:35,229  INFO [main] parse.MergeSemanticAnalyzer: Get metadata for destination tables
2024-04-24T05:15:35,229  INFO [main] parse.MergeSemanticAnalyzer: Get metadata for destination tables
2024-04-24T05:15:35,229  INFO [main] parse.MergeSemanticAnalyzer: Get metadata for destination tables
2024-04-24T05:15:35,229  INFO [main] parse.MergeSemanticAnalyzer: Get metadata for destination tables
2024-04-24T05:15:35,242  INFO [main] HiveMetaStore.audit: ugi=alex	ip=unknown-ip-addr	cmd=get_all_table_constraints : tbl=hive.default.target	
2024-04-24T05:15:35,249  INFO [main] HiveMetaStore.audit: ugi=alex	ip=unknown-ip-addr	cmd=get_all_table_constraints : tbl=hive.default.source	
2024-04-24T05:15:35,257  INFO [main] HiveMetaStore.audit: ugi=alex	ip=unknown-ip-addr	cmd=get_all_table_constraints : tbl=hive.default.splittable	
2024-04-24T05:15:35,265  INFO [main] HiveMetaStore.audit: ugi=alex	ip=unknown-ip-addr	cmd=get_all_table_constraints : tbl=hive.default.target	
2024-04-24T05:15:35,353  INFO [main] calcite.RelOptHiveTable: Calculating column statistics for default.target, projIndxSet: [0, 1, 2], allowMissingStats: true
2024-04-24T05:15:35,353  INFO [main] HiveMetaStore.audit: ugi=alex	ip=unknown-ip-addr	cmd=get_table : tbl=hive.default.target	
2024-04-24T05:15:35,362  INFO [main] metastore.HMSHandler: Skipping translation for processor with null
2024-04-24T05:15:35,362  INFO [main] HiveMetaStore.audit: ugi=alex	ip=unknown-ip-addr	cmd=get_table : tbl=hive.default.target	
2024-04-24T05:15:35,371  INFO [main] metastore.HMSHandler: Skipping translation for processor with null
2024-04-24T05:15:35,371  INFO [main] HiveMetaStore.audit: ugi=alex	ip=unknown-ip-addr	cmd=get_table_statistics_req: table=hive.default.target	
2024-04-24T05:15:35,381  WARN [main] calcite.RelOptHiveTable: No Stats for default@target, Columns: data, cur, key
No Stats for default@target, Columns: data, cur, key
2024-04-24T05:15:35,381  INFO [main] SessionState: No Stats for default@target, Columns: data, cur, key
2024-04-24T05:15:35,382  INFO [main] calcite.RelOptHiveTable: Calculating column statistics for default.source, projIndxSet: [0, 1], allowMissingStats: true
2024-04-24T05:15:35,383  INFO [main] HiveMetaStore.audit: ugi=alex	ip=unknown-ip-addr	cmd=get_table : tbl=hive.default.source	
2024-04-24T05:15:35,396  INFO [main] metastore.HMSHandler: Skipping translation for processor with null
2024-04-24T05:15:35,396  INFO [main] HiveMetaStore.audit: ugi=alex	ip=unknown-ip-addr	cmd=get_table : tbl=hive.default.source	
2024-04-24T05:15:35,408  INFO [main] metastore.HMSHandler: Skipping translation for processor with null
2024-04-24T05:15:35,409  INFO [main] HiveMetaStore.audit: ugi=alex	ip=unknown-ip-addr	cmd=get_table_statistics_req: table=hive.default.source	
2024-04-24T05:15:35,422  WARN [main] calcite.RelOptHiveTable: No Stats for default@source, Columns: data, key
No Stats for default@source, Columns: data, key
2024-04-24T05:15:35,422  INFO [main] SessionState: No Stats for default@source, Columns: data, key
2024-04-24T05:15:35,423  INFO [main] calcite.RelOptHiveTable: Calculating column statistics for default.target, projIndxSet: [0, 2], allowMissingStats: true
2024-04-24T05:15:35,424  WARN [main] calcite.RelOptHiveTable: No Stats for default@target, Columns: key, cur
No Stats for default@target, Columns: key, cur
2024-04-24T05:15:35,424  INFO [main] SessionState: No Stats for default@target, Columns: key, cur
2024-04-24T05:15:35,425  INFO [main] calcite.RelOptHiveTable: Calculating column statistics for default.splittable, projIndxSet: [0], allowMissingStats: true
2024-04-24T05:15:35,425  INFO [main] HiveMetaStore.audit: ugi=alex	ip=unknown-ip-addr	cmd=get_table : tbl=hive.default.splittable	
2024-04-24T05:15:35,437  INFO [main] metastore.HMSHandler: Skipping translation for processor with null
2024-04-24T05:15:35,438  INFO [main] HiveMetaStore.audit: ugi=alex	ip=unknown-ip-addr	cmd=get_table : tbl=hive.default.splittable	
2024-04-24T05:15:35,449  INFO [main] metastore.HMSHandler: Skipping translation for processor with null
2024-04-24T05:15:35,449  INFO [main] HiveMetaStore.audit: ugi=alex	ip=unknown-ip-addr	cmd=get_table_statistics_req: table=hive.default.splittable	
2024-04-24T05:15:35,461  WARN [main] calcite.RelOptHiveTable: No Stats for default@splittable, Columns: op
No Stats for default@splittable, Columns: op
2024-04-24T05:15:35,461  INFO [main] SessionState: No Stats for default@splittable, Columns: op
2024-04-24T05:15:35,723  INFO [main] parse.MergeSemanticAnalyzer: Get metadata for source tables
2024-04-24T05:15:35,723  INFO [main] parse.MergeSemanticAnalyzer: Get metadata for subqueries
2024-04-24T05:15:35,723  INFO [main] parse.MergeSemanticAnalyzer: Get metadata for source tables
2024-04-24T05:15:35,723  INFO [main] parse.MergeSemanticAnalyzer: Get metadata for subqueries
2024-04-24T05:15:35,723  INFO [main] parse.MergeSemanticAnalyzer: Get metadata for source tables
2024-04-24T05:15:35,723  INFO [main] parse.MergeSemanticAnalyzer: Get metadata for subqueries
2024-04-24T05:15:35,723  INFO [main] parse.MergeSemanticAnalyzer: Get metadata for destination tables
2024-04-24T05:15:35,723  INFO [main] parse.MergeSemanticAnalyzer: Get metadata for source tables
2024-04-24T05:15:35,724  INFO [main] parse.MergeSemanticAnalyzer: Get metadata for subqueries
2024-04-24T05:15:35,724  INFO [main] parse.MergeSemanticAnalyzer: Get metadata for destination tables
2024-04-24T05:15:35,724  INFO [main] parse.MergeSemanticAnalyzer: Get metadata for source tables
2024-04-24T05:15:35,724  INFO [main] parse.MergeSemanticAnalyzer: Get metadata for subqueries
2024-04-24T05:15:35,724  INFO [main] parse.MergeSemanticAnalyzer: Get metadata for destination tables
2024-04-24T05:15:35,724  INFO [main] parse.MergeSemanticAnalyzer: Get metadata for source tables
2024-04-24T05:15:35,724  INFO [main] parse.MergeSemanticAnalyzer: Get metadata for subqueries
2024-04-24T05:15:35,724  INFO [main] parse.MergeSemanticAnalyzer: Get metadata for destination tables
2024-04-24T05:15:35,724  INFO [main] parse.MergeSemanticAnalyzer: Get metadata for destination tables
2024-04-24T05:15:35,724  INFO [main] parse.MergeSemanticAnalyzer: Get metadata for destination tables
2024-04-24T05:15:35,724  INFO [main] HiveMetaStore.audit: ugi=alex	ip=unknown-ip-addr	cmd=get_table : tbl=hive.default.target	
2024-04-24T05:15:35,731  INFO [main] metastore.HMSHandler: Skipping translation for processor with null
2024-04-24T05:15:35,731  INFO [main] HiveMetaStore.audit: ugi=alex	ip=unknown-ip-addr	cmd=get_table : tbl=hive.default.target	
2024-04-24T05:15:35,739  INFO [main] metastore.HMSHandler: Skipping translation for processor with null
2024-04-24T05:15:35,739  INFO [main] HiveMetaStore.audit: ugi=alex	ip=unknown-ip-addr	cmd=get_table : tbl=hive.default.target	
2024-04-24T05:15:35,746  INFO [main] metastore.HMSHandler: Skipping translation for processor with null
2024-04-24T05:15:35,761  INFO [main] txn.TxnHandler: Allocated writeId: 2 for txnId: 22
2024-04-24T05:15:35,761  INFO [main] txn.TxnHandler: Allocated write ids for dbName=default, tblName=target (txnIds: [22])
2024-04-24T05:15:35,764  INFO [main] HiveMetaStore.audit: ugi=alex	ip=unknown-ip-addr	cmd=get_not_null_constraints : tbl=hive.default.target	
2024-04-24T05:15:35,765  INFO [main] HiveMetaStore.audit: ugi=alex	ip=unknown-ip-addr	cmd=get_check_constraints : tbl=hive.default.target	
2024-04-24T05:15:35,769  INFO [main] HiveMetaStore.audit: ugi=alex	ip=unknown-ip-addr	cmd=get_not_null_constraints : tbl=hive.default.target	
2024-04-24T05:15:35,770  INFO [main] HiveMetaStore.audit: ugi=alex	ip=unknown-ip-addr	cmd=get_check_constraints : tbl=hive.default.target	
2024-04-24T05:15:35,776  INFO [main] common.FileUtils: Creating directory if it doesn't exist: file:/home/alex/Repositories/hive/ql/target/tmp/scratchdir/alex/c1668d89-b9c1-4180-9b20-b21a51bfebc8/_tmp_space.db/merge_tmp_table/.hive-staging_hive_2024-04-24_05-15-35_177_564479641029660752-1
2024-04-24T05:15:35,780  INFO [main] parse.MergeSemanticAnalyzer: CBO Succeeded; optimized logical plan.
2024-04-24T05:15:35,800  INFO [main] optimizer.ColumnPrunerProcFactory: RS 24 oldColExprMap: {KEY.reducesinkkey0=Column[_col0]}
2024-04-24T05:15:35,800  INFO [main] optimizer.ColumnPrunerProcFactory: RS 24 newColExprMap: {KEY.reducesinkkey0=Column[_col0]}
2024-04-24T05:15:35,800  INFO [main] optimizer.ColumnPrunerProcFactory: RS 29 oldColExprMap: {KEY.reducesinkkey0=Column[_col0], VALUE._col1=Column[_col2], VALUE._col0=Column[_col1]}
2024-04-24T05:15:35,800  INFO [main] optimizer.ColumnPrunerProcFactory: RS 29 newColExprMap: {VALUE._col1=Column[_col2], KEY.reducesinkkey0=Column[_col0], VALUE._col0=Column[_col1]}
2024-04-24T05:15:35,800  INFO [main] optimizer.ColumnPrunerProcFactory: RS 34 oldColExprMap: {VALUE._col0=Column[_col1], VALUE._col1=Column[_col2], KEY.reducesinkkey0=Column[_col0]}
2024-04-24T05:15:35,800  INFO [main] optimizer.ColumnPrunerProcFactory: RS 34 newColExprMap: {VALUE._col1=Column[_col2], KEY.reducesinkkey0=Column[_col0], VALUE._col0=Column[_col1]}
2024-04-24T05:15:35,801  INFO [main] optimizer.ColumnPrunerProcFactory: RS 22 oldColExprMap: {KEY.reducesinkkey0=Column[_col0]}
2024-04-24T05:15:35,801  INFO [main] optimizer.ColumnPrunerProcFactory: RS 22 newColExprMap: {KEY.reducesinkkey0=Column[_col0]}
2024-04-24T05:15:35,801  INFO [main] optimizer.ColumnPrunerProcFactory: RS 40 oldColExprMap: {KEY._col0=Column[_col0], VALUE._col0=Column[_col1]}
2024-04-24T05:15:35,801  INFO [main] optimizer.ColumnPrunerProcFactory: RS 40 newColExprMap: {VALUE._col0=Column[_col1], KEY._col0=Column[_col0]}
2024-04-24T05:15:35,801  INFO [main] optimizer.ColumnPrunerProcFactory: JOIN 18 oldExprs: {1=[Column[KEY.reducesinkkey0], Column[VALUE._col0], Column[VALUE._col1], Column[VALUE._col2]], 0=[Column[KEY.reducesinkkey0], Column[VALUE._col0], Column[VALUE._col1], Column[VALUE._col2], Column[VALUE._col3], Column[VALUE._col4]]}
2024-04-24T05:15:35,802  INFO [main] optimizer.ColumnPrunerProcFactory: JOIN 18 newExprs: {1=[Column[KEY.reducesinkkey0], Column[VALUE._col0], Column[VALUE._col1], Column[VALUE._col2]], 0=[Column[KEY.reducesinkkey0], Column[VALUE._col0], Column[VALUE._col3], Column[VALUE._col4]]}
2024-04-24T05:15:35,802  INFO [main] optimizer.ColumnPrunerProcFactory: RS 16 oldColExprMap: {VALUE._col2=Column[_col3], VALUE._col0=Column[_col1], KEY.reducesinkkey0=Column[_col0], VALUE._col3=Column[_col4], VALUE._col1=Column[_col2], VALUE._col4=Column[_col5]}
2024-04-24T05:15:35,802  INFO [main] optimizer.ColumnPrunerProcFactory: RS 16 newColExprMap: {KEY.reducesinkkey0=Column[_col0], VALUE._col3=Column[_col4], VALUE._col0=Column[_col1], VALUE._col4=Column[_col5]}
2024-04-24T05:15:35,802  INFO [main] optimizer.ColumnPrunerProcFactory: JOIN 15 oldExprs: {1=[Column[VALUE._col0], Column[VALUE._col1]], 0=[Column[VALUE._col0], Column[VALUE._col1], Column[VALUE._col2], Column[VALUE._col3]]}
2024-04-24T05:15:35,803  INFO [main] optimizer.ColumnPrunerProcFactory: RS 16 oldColExprMap: {VALUE._col3=Column[_col4], KEY.reducesinkkey0=Column[_col0], VALUE._col0=Column[_col1], VALUE._col4=Column[_col5]}
2024-04-24T05:15:35,803  INFO [main] optimizer.ColumnPrunerProcFactory: RS 16 newColExprMap: {VALUE._col4=Column[_col5], VALUE._col3=Column[_col4], KEY.reducesinkkey0=Column[_col0], VALUE._col0=Column[_col1]}
2024-04-24T05:15:35,803  INFO [main] optimizer.ColumnPrunerProcFactory: JOIN 15 newExprs: {1=[Column[VALUE._col0], Column[VALUE._col1]], 0=[Column[VALUE._col0], Column[VALUE._col1]]}
2024-04-24T05:15:35,803  INFO [main] optimizer.ColumnPrunerProcFactory: RS 17 oldColExprMap: {VALUE._col2=Column[_col3], VALUE._col1=Column[_col2], VALUE._col0=Column[_col1], KEY.reducesinkkey0=Column[_col0]}
2024-04-24T05:15:35,803  INFO [main] optimizer.ColumnPrunerProcFactory: RS 17 newColExprMap: {VALUE._col2=Column[_col3], VALUE._col1=Column[_col2], KEY.reducesinkkey0=Column[_col0], VALUE._col0=Column[_col1]}
2024-04-24T05:15:35,804  INFO [main] optimizer.ColumnPrunerProcFactory: RS 13 oldColExprMap: {VALUE._col0=Column[_col0], VALUE._col2=Column[_col2], VALUE._col3=Column[_col3], VALUE._col1=Column[_col1]}
2024-04-24T05:15:35,804  INFO [main] optimizer.ColumnPrunerProcFactory: RS 13 newColExprMap: {VALUE._col0=Column[_col0], VALUE._col1=Column[_col1], VALUE._col3=Column[_col3]}
2024-04-24T05:15:35,804  INFO [main] optimizer.ColumnPrunerProcFactory: JOIN 12 oldExprs: {1=[Column[KEY.reducesinkkey0], Column[VALUE._col0]], 0=[Column[KEY.reducesinkkey0], Column[VALUE._col0]]}
2024-04-24T05:15:35,804  INFO [main] optimizer.ColumnPrunerProcFactory: RS 13 oldColExprMap: {VALUE._col3=Column[_col3], VALUE._col0=Column[_col0], VALUE._col1=Column[_col1]}
2024-04-24T05:15:35,804  INFO [main] optimizer.ColumnPrunerProcFactory: RS 13 newColExprMap: {VALUE._col0=Column[_col0], VALUE._col3=Column[_col3], VALUE._col1=Column[_col1]}
2024-04-24T05:15:35,804  INFO [main] optimizer.ColumnPrunerProcFactory: JOIN 12 newExprs: {1=[Column[VALUE._col0]], 0=[Column[KEY.reducesinkkey0], Column[VALUE._col0]]}
2024-04-24T05:15:35,805  INFO [main] optimizer.ColumnPrunerProcFactory: RS 14 oldColExprMap: {VALUE._col0=Column[_col0], VALUE._col1=Column[_col1]}
2024-04-24T05:15:35,805  INFO [main] optimizer.ColumnPrunerProcFactory: RS 14 newColExprMap: {VALUE._col1=Column[_col1], VALUE._col0=Column[_col0]}
2024-04-24T05:15:35,805  INFO [main] optimizer.ColumnPrunerProcFactory: RS 10 oldColExprMap: {KEY.reducesinkkey0=Column[_col0], VALUE._col0=Column[_col1]}
2024-04-24T05:15:35,805  INFO [main] optimizer.ColumnPrunerProcFactory: RS 10 newColExprMap: {KEY.reducesinkkey0=Column[_col0], VALUE._col0=Column[_col1]}
2024-04-24T05:15:35,805  INFO [main] optimizer.ColumnPrunerProcFactory: RS 11 oldColExprMap: {VALUE._col0=Column[_col1], KEY.reducesinkkey0=Column[_col0]}
2024-04-24T05:15:35,805  INFO [main] optimizer.ColumnPrunerProcFactory: RS 11 newColExprMap: {VALUE._col0=Column[_col1], KEY.reducesinkkey0=Column[_col0]}
2024-04-24T05:15:35,808  INFO [main] optimizer.BucketVersionPopulator: not considering bucketingVersion for: TS[5] because it has -1<2 buckets 
2024-04-24T05:15:35,810  INFO [main] optimizer.BucketVersionPopulator: not considering bucketingVersion for: TS[0] because it has -1<2 buckets 
2024-04-24T05:15:35,812  INFO [main] optimizer.SortedDynPartitionOptimizer: Sorted dynamic partitioning optimization kicked in..
2024-04-24T05:15:35,813  INFO [main] optimizer.SortedDynPartitionOptimizer: Sorted dynamic partitioning optimization kicked in..
2024-04-24T05:15:35,813  INFO [main] optimizer.SortedDynPartitionOptimizer: Sorted dynamic partitioning optimization kicked in..
2024-04-24T05:15:35,813  INFO [main] optimizer.SortedDynPartitionOptimizer: Sorted dynamic partitioning optimization kicked in..
2024-04-24T05:15:35,844  INFO [main] HiveMetaStore.audit: ugi=alex	ip=unknown-ip-addr	cmd=get_table : tbl=hive.default.target	
2024-04-24T05:15:35,852  INFO [main] metastore.HMSHandler: Skipping translation for processor with null
2024-04-24T05:15:35,861  INFO [main] HiveMetaStore.audit: ugi=alex	ip=unknown-ip-addr	cmd=get_table : tbl=hive.default.target	
2024-04-24T05:15:35,871  INFO [main] metastore.HMSHandler: Skipping translation for processor with null
2024-04-24T05:15:35,880  INFO [main] HiveMetaStore.audit: ugi=alex	ip=unknown-ip-addr	cmd=get_table : tbl=hive.default.target	
2024-04-24T05:15:35,888  INFO [main] metastore.HMSHandler: Skipping translation for processor with null
Warning: Shuffle Join JOIN[15][tables = [$hdt$_2, $hdt$_0, $hdt$_1]] in Stage 'Stage-5:MAPRED' is a cross product
2024-04-24T05:15:35,924  INFO [main] SessionState: Warning: Shuffle Join JOIN[15][tables = [$hdt$_2, $hdt$_0, $hdt$_1]] in Stage 'Stage-5:MAPRED' is a cross product
2024-04-24T05:15:35,925  INFO [main] physical.Vectorizer: Examining input format to see if vectorization is enabled.
2024-04-24T05:15:35,925  INFO [main] physical.Vectorizer: Vectorization is enabled for input format(s) [org.apache.hadoop.mapred.SequenceFileInputFormat]
2024-04-24T05:15:35,925  INFO [main] physical.Vectorizer: Validating and vectorizing MapWork... (vectorizedVertexNum 0)
2024-04-24T05:15:35,926  INFO [main] physical.Vectorizer: Map vectorization enabled: true
2024-04-24T05:15:35,926  INFO [main] physical.Vectorizer: Map vectorized: true
2024-04-24T05:15:35,926  INFO [main] physical.Vectorizer: Map vectorizedVertexNum: 0
2024-04-24T05:15:35,926  INFO [main] physical.Vectorizer: Map enabledConditionsMet: [hive.vectorized.use.vector.serde.deserialize IS true]
2024-04-24T05:15:35,926  INFO [main] physical.Vectorizer: Map inputFileFormatClassNameSet: [org.apache.hadoop.mapred.SequenceFileInputFormat]
2024-04-24T05:15:35,926  INFO [main] physical.Vectorizer: Reduce vectorization enabled: false
2024-04-24T05:15:35,926  INFO [main] physical.Vectorizer: Reduce vectorized: false
2024-04-24T05:15:35,926  INFO [main] physical.Vectorizer: Reduce vectorizedVertexNum: 1
2024-04-24T05:15:35,926  INFO [main] physical.Vectorizer: Reducer hive.vectorized.execution.reduce.enabled: true
2024-04-24T05:15:35,926  INFO [main] physical.Vectorizer: Reducer engine: mr
2024-04-24T05:15:35,926  INFO [main] physical.Vectorizer: Examining input format to see if vectorization is enabled.
2024-04-24T05:15:35,926  INFO [main] physical.Vectorizer: Vectorization is enabled for input format(s) [org.apache.hadoop.mapred.SequenceFileInputFormat]
2024-04-24T05:15:35,926  INFO [main] physical.Vectorizer: Validating and vectorizing MapWork... (vectorizedVertexNum 2)
2024-04-24T05:15:35,927  INFO [main] physical.Vectorizer: Map vectorization enabled: true
2024-04-24T05:15:35,927  INFO [main] physical.Vectorizer: Map vectorized: true
2024-04-24T05:15:35,927  INFO [main] physical.Vectorizer: Map vectorizedVertexNum: 2
2024-04-24T05:15:35,927  INFO [main] physical.Vectorizer: Map enabledConditionsMet: [hive.vectorized.use.vector.serde.deserialize IS true]
2024-04-24T05:15:35,927  INFO [main] physical.Vectorizer: Map inputFileFormatClassNameSet: [org.apache.hadoop.mapred.SequenceFileInputFormat]
2024-04-24T05:15:35,927  INFO [main] physical.Vectorizer: Reduce vectorization enabled: false
2024-04-24T05:15:35,927  INFO [main] physical.Vectorizer: Reduce vectorized: false
2024-04-24T05:15:35,927  INFO [main] physical.Vectorizer: Reduce vectorizedVertexNum: 3
2024-04-24T05:15:35,927  INFO [main] physical.Vectorizer: Reducer hive.vectorized.execution.reduce.enabled: true
2024-04-24T05:15:35,927  INFO [main] physical.Vectorizer: Reducer engine: mr
2024-04-24T05:15:35,927  INFO [main] physical.Vectorizer: Examining input format to see if vectorization is enabled.
2024-04-24T05:15:35,928  INFO [main] physical.Vectorizer: Vectorization is enabled for input format(s) [org.apache.hadoop.mapred.SequenceFileInputFormat]
2024-04-24T05:15:35,928  INFO [main] physical.Vectorizer: Validating and vectorizing MapWork... (vectorizedVertexNum 4)
2024-04-24T05:15:35,928  INFO [main] physical.Vectorizer: Map vectorization enabled: true
2024-04-24T05:15:35,928  INFO [main] physical.Vectorizer: Map vectorized: true
2024-04-24T05:15:35,928  INFO [main] physical.Vectorizer: Map vectorizedVertexNum: 4
2024-04-24T05:15:35,928  INFO [main] physical.Vectorizer: Map enabledConditionsMet: [hive.vectorized.use.vector.serde.deserialize IS true]
2024-04-24T05:15:35,928  INFO [main] physical.Vectorizer: Map inputFileFormatClassNameSet: [org.apache.hadoop.mapred.SequenceFileInputFormat]
2024-04-24T05:15:35,928  INFO [main] physical.Vectorizer: Reduce vectorization enabled: false
2024-04-24T05:15:35,928  INFO [main] physical.Vectorizer: Reduce vectorized: false
2024-04-24T05:15:35,928  INFO [main] physical.Vectorizer: Reduce vectorizedVertexNum: 5
2024-04-24T05:15:35,928  INFO [main] physical.Vectorizer: Reducer hive.vectorized.execution.reduce.enabled: true
2024-04-24T05:15:35,929  INFO [main] physical.Vectorizer: Reducer engine: mr
2024-04-24T05:15:35,929  INFO [main] physical.Vectorizer: Examining input format to see if vectorization is enabled.
2024-04-24T05:15:35,929  INFO [main] physical.Vectorizer: Vectorization is enabled for input format(s) [org.apache.hadoop.mapred.SequenceFileInputFormat]
2024-04-24T05:15:35,929  INFO [main] physical.Vectorizer: Validating and vectorizing MapWork... (vectorizedVertexNum 6)
2024-04-24T05:15:35,929  INFO [main] physical.Vectorizer: Map vectorization enabled: true
2024-04-24T05:15:35,929  INFO [main] physical.Vectorizer: Map vectorized: true
2024-04-24T05:15:35,929  INFO [main] physical.Vectorizer: Map vectorizedVertexNum: 6
2024-04-24T05:15:35,930  INFO [main] physical.Vectorizer: Map enabledConditionsMet: [hive.vectorized.use.vector.serde.deserialize IS true]
2024-04-24T05:15:35,930  INFO [main] physical.Vectorizer: Map inputFileFormatClassNameSet: [org.apache.hadoop.mapred.SequenceFileInputFormat]
2024-04-24T05:15:35,930  INFO [main] physical.Vectorizer: Reduce vectorization enabled: false
2024-04-24T05:15:35,930  INFO [main] physical.Vectorizer: Reduce vectorized: false
2024-04-24T05:15:35,930  INFO [main] physical.Vectorizer: Reduce vectorizedVertexNum: 7
2024-04-24T05:15:35,930  INFO [main] physical.Vectorizer: Reducer hive.vectorized.execution.reduce.enabled: true
2024-04-24T05:15:35,930  INFO [main] physical.Vectorizer: Reducer engine: mr
2024-04-24T05:15:35,930  INFO [main] physical.Vectorizer: Examining input format to see if vectorization is enabled.
2024-04-24T05:15:35,930  INFO [main] physical.Vectorizer: Map vectorization enabled: false
2024-04-24T05:15:35,930  INFO [main] physical.Vectorizer: Map vectorized: false
2024-04-24T05:15:35,930  INFO [main] physical.Vectorizer: Map notVectorizedReason: Vectorized map work only works with 1 TableScanOperator
2024-04-24T05:15:35,930  INFO [main] physical.Vectorizer: Map vectorizedVertexNum: 8
2024-04-24T05:15:35,930  INFO [main] physical.Vectorizer: Map enabledConditionsNotMet: [Vectorized map work only works with 1 TableScanOperator IS false]
2024-04-24T05:15:35,930  INFO [main] physical.Vectorizer: Reduce vectorization enabled: false
2024-04-24T05:15:35,930  INFO [main] physical.Vectorizer: Reduce vectorized: false
2024-04-24T05:15:35,930  INFO [main] physical.Vectorizer: Reduce vectorizedVertexNum: 9
2024-04-24T05:15:35,930  INFO [main] physical.Vectorizer: Reducer hive.vectorized.execution.reduce.enabled: true
2024-04-24T05:15:35,930  INFO [main] physical.Vectorizer: Reducer engine: mr
2024-04-24T05:15:35,930  INFO [main] physical.Vectorizer: Examining input format to see if vectorization is enabled.
2024-04-24T05:15:35,930  INFO [main] physical.Vectorizer: Map vectorization enabled: false
2024-04-24T05:15:35,930  INFO [main] physical.Vectorizer: Map vectorized: false
2024-04-24T05:15:35,930  INFO [main] physical.Vectorizer: Map notVectorizedReason: Vectorized map work only works with 1 TableScanOperator
2024-04-24T05:15:35,930  INFO [main] physical.Vectorizer: Map vectorizedVertexNum: 10
2024-04-24T05:15:35,930  INFO [main] physical.Vectorizer: Map enabledConditionsNotMet: [Vectorized map work only works with 1 TableScanOperator IS false]
2024-04-24T05:15:35,930  INFO [main] physical.Vectorizer: Reduce vectorization enabled: false
2024-04-24T05:15:35,930  INFO [main] physical.Vectorizer: Reduce vectorized: false
2024-04-24T05:15:35,930  INFO [main] physical.Vectorizer: Reduce vectorizedVertexNum: 11
2024-04-24T05:15:35,930  INFO [main] physical.Vectorizer: Reducer hive.vectorized.execution.reduce.enabled: true
2024-04-24T05:15:35,930  INFO [main] physical.Vectorizer: Reducer engine: mr
2024-04-24T05:15:35,930  INFO [main] physical.Vectorizer: Examining input format to see if vectorization is enabled.
2024-04-24T05:15:35,930  INFO [main] physical.Vectorizer: Map vectorization enabled: false
2024-04-24T05:15:35,930  INFO [main] physical.Vectorizer: Map vectorized: false
2024-04-24T05:15:35,930  INFO [main] physical.Vectorizer: Map notVectorizedReason: Vectorized map work only works with 1 TableScanOperator
2024-04-24T05:15:35,930  INFO [main] physical.Vectorizer: Map vectorizedVertexNum: 12
2024-04-24T05:15:35,930  INFO [main] physical.Vectorizer: Map enabledConditionsNotMet: [Vectorized map work only works with 1 TableScanOperator IS false]
2024-04-24T05:15:35,930  INFO [main] physical.Vectorizer: Reduce vectorization enabled: false
2024-04-24T05:15:35,930  INFO [main] physical.Vectorizer: Reduce vectorized: false
2024-04-24T05:15:35,930  INFO [main] physical.Vectorizer: Reduce vectorizedVertexNum: 13
2024-04-24T05:15:35,930  INFO [main] physical.Vectorizer: Reducer hive.vectorized.execution.reduce.enabled: true
2024-04-24T05:15:35,930  INFO [main] physical.Vectorizer: Reducer engine: mr
2024-04-24T05:15:35,931  INFO [main] parse.MergeSemanticAnalyzer: Completed plan generation
2024-04-24T05:15:35,932  INFO [main] parse.MergeSemanticAnalyzer: Ending caching scope for: 
2024-04-24T05:15:35,932  INFO [main] ql.Driver: Semantic Analysis Completed (retrial = false)
2024-04-24T05:15:35,932  INFO [main] ql.Driver: Created Hive schema: Schema(fieldSchemas:[FieldSchema(name:_c0, type:int, comment:null)], properties:null)
2024-04-24T05:15:35,932  INFO [main] metadata.Hive: Dumping metastore api call timing information for : compilation phase
2024-04-24T05:15:35,932  INFO [main] metadata.Hive: Total time spent in each metastore function (ms): {getNotNullConstraints_(NotNullConstraintsRequest)=2, createTable_(Table)=3, getCheckConstraints_(CheckConstraintsRequest)=2, getTableColumnStatistics_(String, String, List, String)=102, getValidTxns_(long)=0, openTxn_(String, TxnType)=2, isCompatibleWith_(Configuration)=0, getTable_(GetTableRequest)=99, commitTxn_(CommitTxnRequest)=11, getAllTableConstraints_(AllTableConstraintsRequest)=20, allocateTableWriteId_(long, String, String)=6, getValidWriteIds_(List, String)=5, flushCache_()=0}
2024-04-24T05:15:35,932  INFO [main] ql.Driver: Completed compiling command(queryId=alex_20240424051535_da48e722-afd3-41cf-85ce-054a8f85fb96); Time taken: 0.774 seconds
2024-04-24T05:15:35,933  INFO [main] lockmgr.DbTxnManager: Setting lock request transaction to txnid:22 for queryId=alex_20240424051535_da48e722-afd3-41cf-85ce-054a8f85fb96
2024-04-24T05:15:35,933  INFO [main] lockmgr.DbLockManager: Requesting lock for queryId=alex_20240424051535_da48e722-afd3-41cf-85ce-054a8f85fb96
2024-04-24T05:15:35,949  INFO [main] lockmgr.DbLockManager: Response to queryId=alex_20240424051535_da48e722-afd3-41cf-85ce-054a8f85fb96 LockResponse(lockid:13, state:ACQUIRED)
2024-04-24T05:15:35,949  INFO [main] ql.Driver: Operation QUERY obtained 1 locks
2024-04-24T05:15:35,955  INFO [main] ql.Driver: Executing command(queryId=alex_20240424051535_da48e722-afd3-41cf-85ce-054a8f85fb96): merge into target t using (select curMatch.*, case when splitTable.op is null or splitTable.op = 0 then 0 else 1 end `o/p\n` from (select s.*, case when t.cur is null then 0 else 1 end m from source s left outer join (select * from target where target.cur=1) t on s.key=t.key) curMatch left outer join splitTable on curMatch.m=1) s on t.key=s.key and t.cur=1 and s.`o/p\n`=1 when matched then update set cur=0 when not matched then insert values(s.key,s.data,1)
2024-04-24T05:15:35,956  WARN [main] ql.Driver: Hive-on-MR is deprecated in Hive 2 and may not be available in the future versions. Consider using a different execution engine (i.e. spark, tez) or using Hive 1.X releases.
Query ID = alex_20240424051535_da48e722-afd3-41cf-85ce-054a8f85fb96
2024-04-24T05:15:35,956  INFO [main] ql.Driver: Query ID = alex_20240424051535_da48e722-afd3-41cf-85ce-054a8f85fb96
Total jobs = 7
2024-04-24T05:15:35,956  INFO [main] ql.Driver: Total jobs = 7
Launching Job 1 out of 7
2024-04-24T05:15:35,956  INFO [main] ql.Driver: Launching Job 1 out of 7
2024-04-24T05:15:36,110  INFO [main] ql.Driver: Starting task [Stage-4:MAPRED] in serial mode
2024-04-24T05:15:36,110  INFO [main] exec.Utilities: Not using thread pool for getContentSummary
2024-04-24T05:15:36,111  INFO [main] exec.Utilities: BytesPerReducer=256000000 maxReducers=1009 totalInputFileSize=1469
2024-04-24T05:15:36,111  INFO [Metastore Scheduled Worker 4] metastore.HMSHandler: 9: Opening raw store with implementation class:org.apache.hadoop.hive.metastore.ObjectStore
Number of reduce tasks not specified. Estimated from input data size: 1
2024-04-24T05:15:36,111  INFO [main] exec.Task: Number of reduce tasks not specified. Estimated from input data size: 1
In order to change the average load for a reducer (in bytes):
2024-04-24T05:15:36,111  INFO [main] exec.Task: In order to change the average load for a reducer (in bytes):
  set hive.exec.reducers.bytes.per.reducer=<number>
2024-04-24T05:15:36,111  INFO [main] exec.Task:   set hive.exec.reducers.bytes.per.reducer=<number>
In order to limit the maximum number of reducers:
2024-04-24T05:15:36,112  INFO [main] exec.Task: In order to limit the maximum number of reducers:
  set hive.exec.reducers.max=<number>
2024-04-24T05:15:36,112  INFO [main] exec.Task:   set hive.exec.reducers.max=<number>
In order to set a constant number of reducers:
2024-04-24T05:15:36,112  INFO [main] exec.Task: In order to set a constant number of reducers:
  set mapreduce.job.reduces=<number>
2024-04-24T05:15:36,112  INFO [main] exec.Task:   set mapreduce.job.reduces=<number>
2024-04-24T05:15:36,112  INFO [Metastore Scheduled Worker 4] metastore.ObjectStore: RawStore: org.apache.hadoop.hive.metastore.ObjectStore@646aea0e, with PersistenceManager: null will be shutdown
2024-04-24T05:15:36,112  INFO [Metastore Scheduled Worker 4] metastore.ObjectStore: RawStore: org.apache.hadoop.hive.metastore.ObjectStore@646aea0e, with PersistenceManager: org.datanucleus.api.jdo.JDOPersistenceManager@2731d1f5 created in the thread with id: 48
2024-04-24T05:15:36,117  INFO [main] mr.ExecDriver: Using org.apache.hadoop.hive.ql.io.HiveInputFormat
2024-04-24T05:15:36,117  INFO [main] exec.Utilities: Processing alias subq:$hdt$_0:s
2024-04-24T05:15:36,117  INFO [main] exec.Utilities: Adding 2 inputs; the first input is file:/home/alex/Repositories/hive/ql/target/tmp/org.apache.hadoop.hive.ql.TestTxnCommands-1713960750541/warehouse/source
2024-04-24T05:15:36,117  INFO [main] exec.Utilities: Processing alias subq:$hdt$_1:target
2024-04-24T05:15:36,117  INFO [main] exec.Utilities: Adding 2 inputs; the first input is file:/home/alex/Repositories/hive/ql/target/tmp/org.apache.hadoop.hive.ql.TestTxnCommands-1713960750541/warehouse/target
2024-04-24T05:15:36,127  INFO [main] exec.SerializationUtilities: Serializing MapWork using kryo
2024-04-24T05:15:36,129  INFO [main] exec.Utilities: Serialized plan (via FILE) - name: null size: 7,60KB
2024-04-24T05:15:36,134  INFO [main] exec.SerializationUtilities: Serializing ReduceWork using kryo
2024-04-24T05:15:36,136  INFO [main] exec.Utilities: Serialized plan (via FILE) - name: null size: 7,42KB
2024-04-24T05:15:36,137  WARN [main] impl.MetricsSystemImpl: JobTracker metrics system already initialized!
2024-04-24T05:15:36,141  INFO [Metastore Scheduled Worker 4] metastore.HMSHandler: Created RawStore: org.apache.hadoop.hive.metastore.ObjectStore@646aea0e from thread id: 48
2024-04-24T05:15:36,145  WARN [main] impl.MetricsSystemImpl: JobTracker metrics system already initialized!
2024-04-24T05:15:36,152  WARN [main] mapreduce.JobResourceUploader: Hadoop command-line option parsing not performed. Implement the Tool interface and execute your application with ToolRunner to remedy this.
2024-04-24T05:15:36,157  WARN [main] mapreduce.JobResourceUploader: No job jar file set.  User classes may not be found. See Job or Job#setJar(String).
2024-04-24T05:15:36,158  INFO [main] io.HiveInputFormat: Generating splits as currentDirs is not empty. currentDirs: [file:/home/alex/Repositories/hive/ql/target/tmp/org.apache.hadoop.hive.ql.TestTxnCommands-1713960750541/warehouse/source]
2024-04-24T05:15:36,158  INFO [main] io.HiveInputFormat: hive.io.file.readcolumn.ids = 0,2
2024-04-24T05:15:36,158  INFO [main] io.HiveInputFormat: hive.io.file.readcolumn.names = key,cur
2024-04-24T05:15:36,162  INFO [main] mapred.FileInputFormat: Total input files to process : 1
2024-04-24T05:15:36,162  INFO [main] io.HiveInputFormat: hive.io.file.readcolumn.ids = 0,2
2024-04-24T05:15:36,162  INFO [main] io.HiveInputFormat: hive.io.file.readcolumn.names = key,cur
2024-04-24T05:15:36,162  INFO [main] io.HiveInputFormat: Generating splits for dirs: file:/home/alex/Repositories/hive/ql/target/tmp/org.apache.hadoop.hive.ql.TestTxnCommands-1713960750541/warehouse/source
2024-04-24T05:15:36,162  INFO [main] orc.OrcInputFormat: getSplits started
2024-04-24T05:15:36,162  INFO [main] orc.OrcInputFormat: Context:: isAcid: true isVectorMode: false sarg: null minSplitSize: 1 maxSplitSize: 256000000 splitStrategy: HYBRID footerInSplits: false numBuckets: 2 numThreads: 10 cacheMemSize: 268435456 cacheStripeDetails: true useSoftReference: false writeIdList: default.target:2:9223372036854775807:: isTransactionalTable: true txnProperties: default 
2024-04-24T05:15:36,162  INFO [main] orc.OrcInputFormat: ORC pushdown predicate: null
2024-04-24T05:15:36,175  INFO [main] orc.OrcInputFormat: FooterCacheHitRatio: 0/2
2024-04-24T05:15:36,175  INFO [main] orc.OrcInputFormat: getSplits finished (#splits: 2). duration: 13 ms
2024-04-24T05:15:36,175  INFO [main] io.HiveInputFormat: number of splits 3
2024-04-24T05:15:36,193  INFO [main] mapreduce.JobSubmitter: number of splits:3
2024-04-24T05:15:36,211  INFO [main] mapreduce.JobSubmitter: Submitting tokens for job: job_local1215016116_0071
2024-04-24T05:15:36,211  INFO [main] mapreduce.JobSubmitter: Executing with tokens: []
2024-04-24T05:15:36,272  INFO [main] mapreduce.Job: The url to track the job: http://localhost:8080/
Job running in-process (local Hadoop)
2024-04-24T05:15:36,272  INFO [main] exec.Task: Job running in-process (local Hadoop)
2024-04-24T05:15:36,272  INFO [Thread-5955] mapred.LocalJobRunner: OutputCommitter set in config org.apache.hadoop.hive.ql.io.HiveFileFormatUtils$NullOutputCommitter
2024-04-24T05:15:36,272  INFO [Thread-5955] mapred.LocalJobRunner: OutputCommitter is org.apache.hadoop.hive.ql.io.HiveFileFormatUtils$NullOutputCommitter
2024-04-24T05:15:36,275  INFO [Thread-5955] mapred.LocalJobRunner: Waiting for map tasks
2024-04-24T05:15:36,275  INFO [LocalJobRunner Map Task Executor #0] mapred.LocalJobRunner: Starting task: attempt_local1215016116_0071_m_000000_0
2024-04-24T05:15:36,276  INFO [LocalJobRunner Map Task Executor #0] mapred.Task:  Using ResourceCalculatorProcessTree : [ ]
2024-04-24T05:15:36,276  INFO [LocalJobRunner Map Task Executor #0] mapred.MapTask: Processing split: org.apache.hadoop.hive.ql.io.orc.OrcInputFormat:OrcSplit [file:/home/alex/Repositories/hive/ql/target/tmp/org.apache.hadoop.hive.ql.TestTxnCommands-1713960750541/warehouse/target/delta_0000001_0000001_0000/bucket_00001_0, start=3, length=354, isOriginal=false, fileLength=746, hasFooter=false, hasBase=true, deltas=0]
2024-04-24T05:15:36,277  INFO [LocalJobRunner Map Task Executor #0] exec.SerializationUtilities: Deserializing MapWork using kryo
2024-04-24T05:15:36,277  INFO [LocalJobRunner Map Task Executor #0] exec.Utilities: Deserialized plan (via FILE) - name: null size: 7,60KB
2024-04-24T05:15:36,279  INFO [LocalJobRunner Map Task Executor #0] orc.OrcRawRecordMerger: min key = null, max key = null
2024-04-24T05:15:36,279  INFO [LocalJobRunner Map Task Executor #0] orc.ReaderImpl: Reading ORC rows from file:/home/alex/Repositories/hive/ql/target/tmp/org.apache.hadoop.hive.ql.TestTxnCommands-1713960750541/warehouse/target/delta_0000001_0000001_0000/bucket_00001_0 with {include: [true, true, false, true], offset: 3, length: 354, schema: struct<key:int,data:int,cur:int>, includeAcidColumns: true}
2024-04-24T05:15:36,279  INFO [LocalJobRunner Map Task Executor #0] orc.OrcRawRecordMerger: updated min key = null, max key = null
2024-04-24T05:15:36,280  INFO [LocalJobRunner Map Task Executor #0] mapred.MapTask: numReduceTasks: 1
2024-04-24T05:15:36,297  INFO [LocalJobRunner Map Task Executor #0] mapred.MapTask: (EQUATOR) 0 kvi 26214396(104857584)
2024-04-24T05:15:36,297  INFO [LocalJobRunner Map Task Executor #0] mapred.MapTask: mapreduce.task.io.sort.mb: 100
2024-04-24T05:15:36,297  INFO [LocalJobRunner Map Task Executor #0] mapred.MapTask: soft limit at 83886080
2024-04-24T05:15:36,297  INFO [LocalJobRunner Map Task Executor #0] mapred.MapTask: bufstart = 0; bufvoid = 104857600
2024-04-24T05:15:36,297  INFO [LocalJobRunner Map Task Executor #0] mapred.MapTask: kvstart = 26214396; length = 6553600
2024-04-24T05:15:36,298  INFO [LocalJobRunner Map Task Executor #0] mapred.MapTask: Map output collector class = org.apache.hadoop.mapred.MapTask$MapOutputBuffer
2024-04-24T05:15:36,298  INFO [LocalJobRunner Map Task Executor #0] exec.MapOperator: Initializing Operator: MAP[0]
2024-04-24T05:15:36,300  INFO [LocalJobRunner Map Task Executor #0] mr.ExecMapper: 
<MAP>Id =0
  <Children>null
    <TS>Id =2
      <Children>
        <FIL>Id =45
          <Children>
            <SEL>Id =4
              <Children>
                <RS>Id =11
                  <Children>
                  <\Children>
                  <Parent>Id = 4 null<\Parent>
                <\RS>
              <\Children>
              <Parent>Id = 45 null<\Parent>
            <\SEL>
          <\Children>
          <Parent>Id = 2 null<\Parent>
        <\FIL>
      <\Children>
      <Parent>Id = 0 null<\Parent>
    <\TS>
  <\Children>
  <Parent><\Parent>
<\MAP>
2024-04-24T05:15:36,300  INFO [LocalJobRunner Map Task Executor #0] exec.TableScanOperator: Initializing Operator: TS[0]
2024-04-24T05:15:36,300  INFO [LocalJobRunner Map Task Executor #0] exec.SelectOperator: Initializing Operator: SEL[1]
2024-04-24T05:15:36,300  INFO [LocalJobRunner Map Task Executor #0] exec.SelectOperator: SELECT struct<key:int,data:int>
2024-04-24T05:15:36,300  INFO [LocalJobRunner Map Task Executor #0] exec.ReduceSinkOperator: Initializing Operator: RS[10]
2024-04-24T05:15:36,300  INFO [LocalJobRunner Map Task Executor #0] exec.ReduceSinkOperator: Using tag = 0
2024-04-24T05:15:36,301  INFO [LocalJobRunner Map Task Executor #0] exec.TableScanOperator: Initializing Operator: TS[2]
2024-04-24T05:15:36,301  INFO [LocalJobRunner Map Task Executor #0] exec.FilterOperator: Initializing Operator: FIL[45]
2024-04-24T05:15:36,301  INFO [LocalJobRunner Map Task Executor #0] exec.SelectOperator: Initializing Operator: SEL[4]
2024-04-24T05:15:36,301  INFO [LocalJobRunner Map Task Executor #0] exec.SelectOperator: SELECT struct<key:int,data:int,cur:int>
2024-04-24T05:15:36,301  INFO [LocalJobRunner Map Task Executor #0] exec.ReduceSinkOperator: Initializing Operator: RS[11]
2024-04-24T05:15:36,301  INFO [LocalJobRunner Map Task Executor #0] exec.ReduceSinkOperator: Using tag = 1
2024-04-24T05:15:36,302  INFO [LocalJobRunner Map Task Executor #0] exec.MapOperator: MAP[0]: records read - 1
2024-04-24T05:15:36,302  INFO [LocalJobRunner Map Task Executor #0] exec.ReduceSinkOperator: keys are [reducesinkkey0] num distributions: 1
2024-04-24T05:15:36,302  INFO [LocalJobRunner Map Task Executor #0] exec.ReduceSinkOperator: RS[11]: records written - 1
2024-04-24T05:15:36,302  INFO [LocalJobRunner Map Task Executor #0] exec.MapOperator: Closing Operator: MAP[0]
2024-04-24T05:15:36,302  INFO [LocalJobRunner Map Task Executor #0] exec.MapOperator: MAP[0]: Total records read - 2. abort - false
2024-04-24T05:15:36,302  INFO [LocalJobRunner Map Task Executor #0] exec.MapOperator: RECORDS_OUT_INTERMEDIATE:0, RECORDS_IN:2, DESERIALIZE_ERRORS:0, RECORDS_OUT_OPERATOR_MAP_0:0, 
2024-04-24T05:15:36,302  INFO [LocalJobRunner Map Task Executor #0] exec.TableScanOperator: Closing Operator: TS[0]
2024-04-24T05:15:36,302  INFO [LocalJobRunner Map Task Executor #0] exec.TableScanOperator: RECORDS_OUT_OPERATOR_TS_0:0, RECORDS_OUT_INTERMEDIATE:0, 
2024-04-24T05:15:36,302  INFO [LocalJobRunner Map Task Executor #0] exec.SelectOperator: Closing Operator: SEL[1]
2024-04-24T05:15:36,302  INFO [LocalJobRunner Map Task Executor #0] exec.SelectOperator: RECORDS_OUT_INTERMEDIATE:0, RECORDS_OUT_OPERATOR_SEL_1:0, 
2024-04-24T05:15:36,302  INFO [LocalJobRunner Map Task Executor #0] exec.ReduceSinkOperator: Closing Operator: RS[10]
2024-04-24T05:15:36,302  INFO [LocalJobRunner Map Task Executor #0] exec.ReduceSinkOperator: RS[10]: Total records written - 0. abort - false
2024-04-24T05:15:36,302  INFO [LocalJobRunner Map Task Executor #0] exec.ReduceSinkOperator: RECORDS_OUT_INTERMEDIATE:0, RECORDS_OUT_OPERATOR_RS_10:0, 
2024-04-24T05:15:36,302  INFO [LocalJobRunner Map Task Executor #0] exec.TableScanOperator: Closing Operator: TS[2]
2024-04-24T05:15:36,302  INFO [LocalJobRunner Map Task Executor #0] exec.TableScanOperator: RECORDS_OUT_OPERATOR_TS_2:2, RECORDS_OUT_INTERMEDIATE:0, 
2024-04-24T05:15:36,302  INFO [LocalJobRunner Map Task Executor #0] exec.FilterOperator: Closing Operator: FIL[45]
2024-04-24T05:15:36,302  INFO [LocalJobRunner Map Task Executor #0] exec.FilterOperator: RECORDS_OUT_OPERATOR_FIL_45:1, RECORDS_OUT_INTERMEDIATE:0, 
2024-04-24T05:15:36,302  INFO [LocalJobRunner Map Task Executor #0] exec.SelectOperator: Closing Operator: SEL[4]
2024-04-24T05:15:36,303  INFO [LocalJobRunner Map Task Executor #0] exec.SelectOperator: RECORDS_OUT_INTERMEDIATE:0, RECORDS_OUT_OPERATOR_SEL_4:1, 
2024-04-24T05:15:36,303  INFO [LocalJobRunner Map Task Executor #0] exec.ReduceSinkOperator: Closing Operator: RS[11]
2024-04-24T05:15:36,303  INFO [LocalJobRunner Map Task Executor #0] exec.ReduceSinkOperator: RS[11]: Total records written - 1. abort - false
2024-04-24T05:15:36,303  INFO [LocalJobRunner Map Task Executor #0] exec.ReduceSinkOperator: RECORDS_OUT_OPERATOR_RS_11:1, RECORDS_OUT_INTERMEDIATE:1, 
2024-04-24T05:15:36,303  INFO [LocalJobRunner Map Task Executor #0] mapred.LocalJobRunner: 
2024-04-24T05:15:36,303  INFO [LocalJobRunner Map Task Executor #0] mapred.MapTask: Starting flush of map output
2024-04-24T05:15:36,303  INFO [LocalJobRunner Map Task Executor #0] mapred.MapTask: Spilling map output
2024-04-24T05:15:36,303  INFO [LocalJobRunner Map Task Executor #0] mapred.MapTask: bufstart = 0; bufend = 16; bufvoid = 104857600
2024-04-24T05:15:36,303  INFO [LocalJobRunner Map Task Executor #0] mapred.MapTask: kvstart = 26214396(104857584); kvend = 26214396(104857584); length = 1/6553600
2024-04-24T05:15:36,313  INFO [LocalJobRunner Map Task Executor #0] mapred.MapTask: Finished spill 0
2024-04-24T05:15:36,316  INFO [LocalJobRunner Map Task Executor #0] mapred.Task: Task:attempt_local1215016116_0071_m_000000_0 is done. And is in the process of committing
2024-04-24T05:15:36,317  INFO [LocalJobRunner Map Task Executor #0] mapred.LocalJobRunner: OrcSplit [file:/home/alex/Repositories/hive/ql/target/tmp/org.apache.hadoop.hive.ql.TestTxnCommands-1713960750541/warehouse/target/delta_0000001_0000001_0000/bucket_00001_0, start=3, length=354, isOriginal=false, fileLength=746, hasFooter=false, hasBase=true, deltas=0]
2024-04-24T05:15:36,317  INFO [LocalJobRunner Map Task Executor #0] mapred.Task: Task 'attempt_local1215016116_0071_m_000000_0' done.
2024-04-24T05:15:36,317  INFO [LocalJobRunner Map Task Executor #0] mapred.Task: Final Counters for attempt_local1215016116_0071_m_000000_0: Counters: 33
	File System Counters
		FILE: Number of bytes read=1554998
		FILE: Number of bytes written=89034747
		FILE: Number of read operations=0
		FILE: Number of large read operations=0
		FILE: Number of write operations=0
		HDFS: Number of bytes read=0
		HDFS: Number of bytes written=0
		HDFS: Number of read operations=0
		HDFS: Number of large read operations=0
		HDFS: Number of write operations=0
	Map-Reduce Framework
		Map input records=2
		Map output records=1
		Map output bytes=16
		Map output materialized bytes=24
		Input split bytes=493
		Combine input records=0
		Spilled Records=1
		Failed Shuffles=0
		Merged Map outputs=0
		GC time elapsed (ms)=12
		Total committed heap usage (bytes)=1513095168
	HIVE
		DESERIALIZE_ERRORS=0
		RECORDS_IN=2
		RECORDS_OUT_INTERMEDIATE=1
		RECORDS_OUT_OPERATOR_FIL_45=1
		RECORDS_OUT_OPERATOR_MAP_0=0
		RECORDS_OUT_OPERATOR_RS_10=0
		RECORDS_OUT_OPERATOR_RS_11=1
		RECORDS_OUT_OPERATOR_SEL_1=0
		RECORDS_OUT_OPERATOR_SEL_4=1
		RECORDS_OUT_OPERATOR_TS_0=0
		RECORDS_OUT_OPERATOR_TS_2=2
	File Input Format Counters 
		Bytes Read=11494
2024-04-24T05:15:36,317  INFO [LocalJobRunner Map Task Executor #0] mapred.LocalJobRunner: Finishing task: attempt_local1215016116_0071_m_000000_0
2024-04-24T05:15:36,317  INFO [LocalJobRunner Map Task Executor #0] mapred.LocalJobRunner: Starting task: attempt_local1215016116_0071_m_000001_0
2024-04-24T05:15:36,317  INFO [LocalJobRunner Map Task Executor #0] mapred.Task:  Using ResourceCalculatorProcessTree : [ ]
2024-04-24T05:15:36,318  INFO [LocalJobRunner Map Task Executor #0] mapred.MapTask: Processing split: org.apache.hadoop.hive.ql.io.orc.OrcInputFormat:OrcSplit [file:/home/alex/Repositories/hive/ql/target/tmp/org.apache.hadoop.hive.ql.TestTxnCommands-1713960750541/warehouse/target/delta_0000001_0000001_0000/bucket_00000_0, start=3, length=343, isOriginal=false, fileLength=714, hasFooter=false, hasBase=true, deltas=0]
2024-04-24T05:15:36,318  INFO [LocalJobRunner Map Task Executor #0] exec.SerializationUtilities: Deserializing MapWork using kryo
2024-04-24T05:15:36,319  INFO [LocalJobRunner Map Task Executor #0] exec.Utilities: Deserialized plan (via FILE) - name: null size: 7,60KB
2024-04-24T05:15:36,320  INFO [LocalJobRunner Map Task Executor #0] orc.OrcRawRecordMerger: min key = null, max key = null
2024-04-24T05:15:36,320  INFO [LocalJobRunner Map Task Executor #0] orc.ReaderImpl: Reading ORC rows from file:/home/alex/Repositories/hive/ql/target/tmp/org.apache.hadoop.hive.ql.TestTxnCommands-1713960750541/warehouse/target/delta_0000001_0000001_0000/bucket_00000_0 with {include: [true, true, false, true], offset: 3, length: 343, schema: struct<key:int,data:int,cur:int>, includeAcidColumns: true}
2024-04-24T05:15:36,321  INFO [LocalJobRunner Map Task Executor #0] orc.OrcRawRecordMerger: updated min key = null, max key = null
2024-04-24T05:15:36,321  INFO [LocalJobRunner Map Task Executor #0] mapred.MapTask: numReduceTasks: 1
2024-04-24T05:15:36,326  INFO [LocalJobRunner Map Task Executor #0] mapred.MapTask: (EQUATOR) 0 kvi 26214396(104857584)
2024-04-24T05:15:36,326  INFO [LocalJobRunner Map Task Executor #0] mapred.MapTask: mapreduce.task.io.sort.mb: 100
2024-04-24T05:15:36,326  INFO [LocalJobRunner Map Task Executor #0] mapred.MapTask: soft limit at 83886080
2024-04-24T05:15:36,326  INFO [LocalJobRunner Map Task Executor #0] mapred.MapTask: bufstart = 0; bufvoid = 104857600
2024-04-24T05:15:36,326  INFO [LocalJobRunner Map Task Executor #0] mapred.MapTask: kvstart = 26214396; length = 6553600
2024-04-24T05:15:36,326  INFO [LocalJobRunner Map Task Executor #0] mapred.MapTask: Map output collector class = org.apache.hadoop.mapred.MapTask$MapOutputBuffer
2024-04-24T05:15:36,327  INFO [LocalJobRunner Map Task Executor #0] exec.MapOperator: Initializing Operator: MAP[0]
2024-04-24T05:15:36,328  INFO [LocalJobRunner Map Task Executor #0] mr.ExecMapper: 
<MAP>Id =0
  <Children>null
    <TS>Id =2
      <Children>
        <FIL>Id =45
          <Children>
            <SEL>Id =4
              <Children>
                <RS>Id =11
                  <Children>
                  <\Children>
                  <Parent>Id = 4 null<\Parent>
                <\RS>
              <\Children>
              <Parent>Id = 45 null<\Parent>
            <\SEL>
          <\Children>
          <Parent>Id = 2 null<\Parent>
        <\FIL>
      <\Children>
      <Parent>Id = 0 null<\Parent>
    <\TS>
  <\Children>
  <Parent><\Parent>
<\MAP>
2024-04-24T05:15:36,329  INFO [LocalJobRunner Map Task Executor #0] exec.TableScanOperator: Initializing Operator: TS[0]
2024-04-24T05:15:36,329  INFO [LocalJobRunner Map Task Executor #0] exec.SelectOperator: Initializing Operator: SEL[1]
2024-04-24T05:15:36,329  INFO [LocalJobRunner Map Task Executor #0] exec.SelectOperator: SELECT struct<key:int,data:int>
2024-04-24T05:15:36,329  INFO [LocalJobRunner Map Task Executor #0] exec.ReduceSinkOperator: Initializing Operator: RS[10]
2024-04-24T05:15:36,329  INFO [LocalJobRunner Map Task Executor #0] exec.ReduceSinkOperator: Using tag = 0
2024-04-24T05:15:36,329  INFO [LocalJobRunner Map Task Executor #0] exec.TableScanOperator: Initializing Operator: TS[2]
2024-04-24T05:15:36,329  INFO [LocalJobRunner Map Task Executor #0] exec.FilterOperator: Initializing Operator: FIL[45]
2024-04-24T05:15:36,329  INFO [LocalJobRunner Map Task Executor #0] exec.SelectOperator: Initializing Operator: SEL[4]
2024-04-24T05:15:36,329  INFO [LocalJobRunner Map Task Executor #0] exec.SelectOperator: SELECT struct<key:int,data:int,cur:int>
2024-04-24T05:15:36,329  INFO [LocalJobRunner Map Task Executor #0] exec.ReduceSinkOperator: Initializing Operator: RS[11]
2024-04-24T05:15:36,330  INFO [LocalJobRunner Map Task Executor #0] exec.ReduceSinkOperator: Using tag = 1
2024-04-24T05:15:36,330  INFO [LocalJobRunner Map Task Executor #0] exec.ReduceSinkOperator: keys are [reducesinkkey0] num distributions: 1
2024-04-24T05:15:36,330  INFO [LocalJobRunner Map Task Executor #0] exec.ReduceSinkOperator: RS[11]: records written - 1
2024-04-24T05:15:36,330  INFO [LocalJobRunner Map Task Executor #0] exec.MapOperator: MAP[0]: records read - 1
2024-04-24T05:15:36,330  INFO [LocalJobRunner Map Task Executor #0] exec.MapOperator: Closing Operator: MAP[0]
2024-04-24T05:15:36,330  INFO [LocalJobRunner Map Task Executor #0] exec.MapOperator: MAP[0]: Total records read - 1. abort - false
2024-04-24T05:15:36,330  INFO [LocalJobRunner Map Task Executor #0] exec.MapOperator: DESERIALIZE_ERRORS:0, RECORDS_OUT_OPERATOR_MAP_0:0, RECORDS_IN:1, RECORDS_OUT_INTERMEDIATE:0, 
2024-04-24T05:15:36,330  INFO [LocalJobRunner Map Task Executor #0] exec.TableScanOperator: Closing Operator: TS[0]
2024-04-24T05:15:36,330  INFO [LocalJobRunner Map Task Executor #0] exec.TableScanOperator: RECORDS_OUT_INTERMEDIATE:0, RECORDS_OUT_OPERATOR_TS_0:0, 
2024-04-24T05:15:36,330  INFO [LocalJobRunner Map Task Executor #0] exec.SelectOperator: Closing Operator: SEL[1]
2024-04-24T05:15:36,330  INFO [LocalJobRunner Map Task Executor #0] exec.SelectOperator: RECORDS_OUT_OPERATOR_SEL_1:0, RECORDS_OUT_INTERMEDIATE:0, 
2024-04-24T05:15:36,330  INFO [LocalJobRunner Map Task Executor #0] exec.ReduceSinkOperator: Closing Operator: RS[10]
2024-04-24T05:15:36,330  INFO [LocalJobRunner Map Task Executor #0] exec.ReduceSinkOperator: RS[10]: Total records written - 0. abort - false
2024-04-24T05:15:36,330  INFO [LocalJobRunner Map Task Executor #0] exec.ReduceSinkOperator: RECORDS_OUT_INTERMEDIATE:0, RECORDS_OUT_OPERATOR_RS_10:0, 
2024-04-24T05:15:36,330  INFO [LocalJobRunner Map Task Executor #0] exec.TableScanOperator: Closing Operator: TS[2]
2024-04-24T05:15:36,330  INFO [LocalJobRunner Map Task Executor #0] exec.TableScanOperator: RECORDS_OUT_INTERMEDIATE:0, RECORDS_OUT_OPERATOR_TS_2:1, 
2024-04-24T05:15:36,331  INFO [LocalJobRunner Map Task Executor #0] exec.FilterOperator: Closing Operator: FIL[45]
2024-04-24T05:15:36,331  INFO [LocalJobRunner Map Task Executor #0] exec.FilterOperator: RECORDS_OUT_INTERMEDIATE:0, RECORDS_OUT_OPERATOR_FIL_45:1, 
2024-04-24T05:15:36,331  INFO [LocalJobRunner Map Task Executor #0] exec.SelectOperator: Closing Operator: SEL[4]
2024-04-24T05:15:36,331  INFO [LocalJobRunner Map Task Executor #0] exec.SelectOperator: RECORDS_OUT_OPERATOR_SEL_4:1, RECORDS_OUT_INTERMEDIATE:0, 
2024-04-24T05:15:36,331  INFO [LocalJobRunner Map Task Executor #0] exec.ReduceSinkOperator: Closing Operator: RS[11]
2024-04-24T05:15:36,331  INFO [LocalJobRunner Map Task Executor #0] exec.ReduceSinkOperator: RS[11]: Total records written - 1. abort - false
2024-04-24T05:15:36,331  INFO [LocalJobRunner Map Task Executor #0] exec.ReduceSinkOperator: RECORDS_OUT_INTERMEDIATE:1, RECORDS_OUT_OPERATOR_RS_11:1, 
2024-04-24T05:15:36,331  INFO [LocalJobRunner Map Task Executor #0] mapred.LocalJobRunner: 
2024-04-24T05:15:36,331  INFO [LocalJobRunner Map Task Executor #0] mapred.MapTask: Starting flush of map output
2024-04-24T05:15:36,331  INFO [LocalJobRunner Map Task Executor #0] mapred.MapTask: Spilling map output
2024-04-24T05:15:36,331  INFO [LocalJobRunner Map Task Executor #0] mapred.MapTask: bufstart = 0; bufend = 16; bufvoid = 104857600
2024-04-24T05:15:36,331  INFO [LocalJobRunner Map Task Executor #0] mapred.MapTask: kvstart = 26214396(104857584); kvend = 26214396(104857584); length = 1/6553600
2024-04-24T05:15:36,339  INFO [LocalJobRunner Map Task Executor #0] mapred.MapTask: Finished spill 0
2024-04-24T05:15:36,342  INFO [LocalJobRunner Map Task Executor #0] mapred.Task: Task:attempt_local1215016116_0071_m_000001_0 is done. And is in the process of committing
2024-04-24T05:15:36,342  INFO [LocalJobRunner Map Task Executor #0] mapred.LocalJobRunner: OrcSplit [file:/home/alex/Repositories/hive/ql/target/tmp/org.apache.hadoop.hive.ql.TestTxnCommands-1713960750541/warehouse/target/delta_0000001_0000001_0000/bucket_00000_0, start=3, length=343, isOriginal=false, fileLength=714, hasFooter=false, hasBase=true, deltas=0]
2024-04-24T05:15:36,342  INFO [LocalJobRunner Map Task Executor #0] mapred.Task: Task 'attempt_local1215016116_0071_m_000001_0' done.
2024-04-24T05:15:36,342  INFO [LocalJobRunner Map Task Executor #0] mapred.Task: Final Counters for attempt_local1215016116_0071_m_000001_0: Counters: 33
	File System Counters
		FILE: Number of bytes read=1567630
		FILE: Number of bytes written=89034803
		FILE: Number of read operations=0
		FILE: Number of large read operations=0
		FILE: Number of write operations=0
		HDFS: Number of bytes read=0
		HDFS: Number of bytes written=0
		HDFS: Number of read operations=0
		HDFS: Number of large read operations=0
		HDFS: Number of write operations=0
	Map-Reduce Framework
		Map input records=1
		Map output records=1
		Map output bytes=16
		Map output materialized bytes=24
		Input split bytes=493
		Combine input records=0
		Spilled Records=1
		Failed Shuffles=0
		Merged Map outputs=0
		GC time elapsed (ms)=0
		Total committed heap usage (bytes)=1513095168
	HIVE
		DESERIALIZE_ERRORS=0
		RECORDS_IN=1
		RECORDS_OUT_INTERMEDIATE=1
		RECORDS_OUT_OPERATOR_FIL_45=1
		RECORDS_OUT_OPERATOR_MAP_0=0
		RECORDS_OUT_OPERATOR_RS_10=0
		RECORDS_OUT_OPERATOR_RS_11=1
		RECORDS_OUT_OPERATOR_SEL_1=0
		RECORDS_OUT_OPERATOR_SEL_4=1
		RECORDS_OUT_OPERATOR_TS_0=0
		RECORDS_OUT_OPERATOR_TS_2=1
	File Input Format Counters 
		Bytes Read=11334
2024-04-24T05:15:36,342  INFO [LocalJobRunner Map Task Executor #0] mapred.LocalJobRunner: Finishing task: attempt_local1215016116_0071_m_000001_0
2024-04-24T05:15:36,342  INFO [LocalJobRunner Map Task Executor #0] mapred.LocalJobRunner: Starting task: attempt_local1215016116_0071_m_000002_0
2024-04-24T05:15:36,343  INFO [LocalJobRunner Map Task Executor #0] mapred.Task:  Using ResourceCalculatorProcessTree : [ ]
2024-04-24T05:15:36,343  INFO [LocalJobRunner Map Task Executor #0] mapred.MapTask: Processing split: org.apache.hadoop.mapred.TextInputFormat:file:/home/alex/Repositories/hive/ql/target/tmp/org.apache.hadoop.hive.ql.TestTxnCommands-1713960750541/warehouse/source/000000_0:0+8
2024-04-24T05:15:36,344  INFO [LocalJobRunner Map Task Executor #0] exec.SerializationUtilities: Deserializing MapWork using kryo
2024-04-24T05:15:36,344  INFO [LocalJobRunner Map Task Executor #0] exec.Utilities: Deserialized plan (via FILE) - name: null size: 7,60KB
2024-04-24T05:15:36,345  INFO [LocalJobRunner Map Task Executor #0] mapred.MapTask: numReduceTasks: 1
2024-04-24T05:15:36,349  INFO [LocalJobRunner Map Task Executor #0] mapred.MapTask: (EQUATOR) 0 kvi 26214396(104857584)
2024-04-24T05:15:36,349  INFO [LocalJobRunner Map Task Executor #0] mapred.MapTask: mapreduce.task.io.sort.mb: 100
2024-04-24T05:15:36,349  INFO [LocalJobRunner Map Task Executor #0] mapred.MapTask: soft limit at 83886080
2024-04-24T05:15:36,349  INFO [LocalJobRunner Map Task Executor #0] mapred.MapTask: bufstart = 0; bufvoid = 104857600
2024-04-24T05:15:36,349  INFO [LocalJobRunner Map Task Executor #0] mapred.MapTask: kvstart = 26214396; length = 6553600
2024-04-24T05:15:36,349  INFO [LocalJobRunner Map Task Executor #0] mapred.MapTask: Map output collector class = org.apache.hadoop.mapred.MapTask$MapOutputBuffer
2024-04-24T05:15:36,350  INFO [LocalJobRunner Map Task Executor #0] exec.MapOperator: Initializing Operator: MAP[0]
2024-04-24T05:15:36,352  INFO [LocalJobRunner Map Task Executor #0] mr.ExecMapper: 
<MAP>Id =0
  <Children>null
    <TS>Id =2
      <Children>
        <FIL>Id =45
          <Children>
            <SEL>Id =4
              <Children>
                <RS>Id =11
                  <Children>
                  <\Children>
                  <Parent>Id = 4 null<\Parent>
                <\RS>
              <\Children>
              <Parent>Id = 45 null<\Parent>
            <\SEL>
          <\Children>
          <Parent>Id = 2 null<\Parent>
        <\FIL>
      <\Children>
      <Parent>Id = 0 null<\Parent>
    <\TS>
  <\Children>
  <Parent><\Parent>
<\MAP>
2024-04-24T05:15:36,352  INFO [LocalJobRunner Map Task Executor #0] exec.TableScanOperator: Initializing Operator: TS[0]
2024-04-24T05:15:36,352  INFO [LocalJobRunner Map Task Executor #0] exec.SelectOperator: Initializing Operator: SEL[1]
2024-04-24T05:15:36,352  INFO [LocalJobRunner Map Task Executor #0] exec.SelectOperator: SELECT struct<key:int,data:int>
2024-04-24T05:15:36,352  INFO [LocalJobRunner Map Task Executor #0] exec.ReduceSinkOperator: Initializing Operator: RS[10]
2024-04-24T05:15:36,352  INFO [LocalJobRunner Map Task Executor #0] exec.ReduceSinkOperator: Using tag = 0
2024-04-24T05:15:36,353  INFO [LocalJobRunner Map Task Executor #0] exec.TableScanOperator: Initializing Operator: TS[2]
2024-04-24T05:15:36,353  INFO [LocalJobRunner Map Task Executor #0] exec.FilterOperator: Initializing Operator: FIL[45]
2024-04-24T05:15:36,353  INFO [LocalJobRunner Map Task Executor #0] exec.SelectOperator: Initializing Operator: SEL[4]
2024-04-24T05:15:36,353  INFO [LocalJobRunner Map Task Executor #0] exec.SelectOperator: SELECT struct<key:int,data:int,cur:int>
2024-04-24T05:15:36,353  INFO [LocalJobRunner Map Task Executor #0] exec.ReduceSinkOperator: Initializing Operator: RS[11]
2024-04-24T05:15:36,353  INFO [LocalJobRunner Map Task Executor #0] exec.ReduceSinkOperator: Using tag = 1
2024-04-24T05:15:36,353  INFO [LocalJobRunner Map Task Executor #0] exec.ReduceSinkOperator: keys are [reducesinkkey0] num distributions: 1
2024-04-24T05:15:36,353  INFO [LocalJobRunner Map Task Executor #0] exec.ReduceSinkOperator: RS[10]: records written - 1
2024-04-24T05:15:36,353  INFO [LocalJobRunner Map Task Executor #0] exec.MapOperator: MAP[0]: records read - 1
2024-04-24T05:15:36,354  INFO [LocalJobRunner Map Task Executor #0] exec.MapOperator: Closing Operator: MAP[0]
2024-04-24T05:15:36,354  INFO [LocalJobRunner Map Task Executor #0] exec.MapOperator: MAP[0]: Total records read - 2. abort - false
2024-04-24T05:15:36,354  INFO [LocalJobRunner Map Task Executor #0] exec.MapOperator: DESERIALIZE_ERRORS:0, RECORDS_IN:2, RECORDS_OUT_OPERATOR_MAP_0:0, RECORDS_OUT_INTERMEDIATE:0, 
2024-04-24T05:15:36,354  INFO [LocalJobRunner Map Task Executor #0] exec.TableScanOperator: Closing Operator: TS[0]
2024-04-24T05:15:36,354  INFO [LocalJobRunner Map Task Executor #0] exec.TableScanOperator: RECORDS_OUT_OPERATOR_TS_0:2, RECORDS_OUT_INTERMEDIATE:0, 
2024-04-24T05:15:36,354  INFO [LocalJobRunner Map Task Executor #0] exec.SelectOperator: Closing Operator: SEL[1]
2024-04-24T05:15:36,354  INFO [LocalJobRunner Map Task Executor #0] exec.SelectOperator: RECORDS_OUT_INTERMEDIATE:0, RECORDS_OUT_OPERATOR_SEL_1:2, 
2024-04-24T05:15:36,354  INFO [LocalJobRunner Map Task Executor #0] exec.ReduceSinkOperator: Closing Operator: RS[10]
2024-04-24T05:15:36,354  INFO [LocalJobRunner Map Task Executor #0] exec.ReduceSinkOperator: RS[10]: Total records written - 2. abort - false
2024-04-24T05:15:36,354  INFO [LocalJobRunner Map Task Executor #0] exec.ReduceSinkOperator: RECORDS_OUT_INTERMEDIATE:2, RECORDS_OUT_OPERATOR_RS_10:2, 
2024-04-24T05:15:36,354  INFO [LocalJobRunner Map Task Executor #0] exec.TableScanOperator: Closing Operator: TS[2]
2024-04-24T05:15:36,354  INFO [LocalJobRunner Map Task Executor #0] exec.TableScanOperator: RECORDS_OUT_INTERMEDIATE:0, RECORDS_OUT_OPERATOR_TS_2:0, 
2024-04-24T05:15:36,354  INFO [LocalJobRunner Map Task Executor #0] exec.FilterOperator: Closing Operator: FIL[45]
2024-04-24T05:15:36,354  INFO [LocalJobRunner Map Task Executor #0] exec.FilterOperator: RECORDS_OUT_INTERMEDIATE:0, RECORDS_OUT_OPERATOR_FIL_45:0, 
2024-04-24T05:15:36,354  INFO [LocalJobRunner Map Task Executor #0] exec.SelectOperator: Closing Operator: SEL[4]
2024-04-24T05:15:36,354  INFO [LocalJobRunner Map Task Executor #0] exec.SelectOperator: RECORDS_OUT_INTERMEDIATE:0, RECORDS_OUT_OPERATOR_SEL_4:0, 
2024-04-24T05:15:36,354  INFO [LocalJobRunner Map Task Executor #0] exec.ReduceSinkOperator: Closing Operator: RS[11]
2024-04-24T05:15:36,354  INFO [LocalJobRunner Map Task Executor #0] exec.ReduceSinkOperator: RS[11]: Total records written - 0. abort - false
2024-04-24T05:15:36,354  INFO [LocalJobRunner Map Task Executor #0] exec.ReduceSinkOperator: RECORDS_OUT_OPERATOR_RS_11:0, RECORDS_OUT_INTERMEDIATE:0, 
2024-04-24T05:15:36,355  INFO [LocalJobRunner Map Task Executor #0] mapred.LocalJobRunner: 
2024-04-24T05:15:36,355  INFO [LocalJobRunner Map Task Executor #0] mapred.MapTask: Starting flush of map output
2024-04-24T05:15:36,355  INFO [LocalJobRunner Map Task Executor #0] mapred.MapTask: Spilling map output
2024-04-24T05:15:36,355  INFO [LocalJobRunner Map Task Executor #0] mapred.MapTask: bufstart = 0; bufend = 32; bufvoid = 104857600
2024-04-24T05:15:36,355  INFO [LocalJobRunner Map Task Executor #0] mapred.MapTask: kvstart = 26214396(104857584); kvend = 26214392(104857568); length = 5/6553600
2024-04-24T05:15:36,362  INFO [LocalJobRunner Map Task Executor #0] mapred.MapTask: Finished spill 0
2024-04-24T05:15:36,365  INFO [LocalJobRunner Map Task Executor #0] mapred.Task: Task:attempt_local1215016116_0071_m_000002_0 is done. And is in the process of committing
2024-04-24T05:15:36,366  INFO [LocalJobRunner Map Task Executor #0] mapred.LocalJobRunner: file:/home/alex/Repositories/hive/ql/target/tmp/org.apache.hadoop.hive.ql.TestTxnCommands-1713960750541/warehouse/source/000000_0:0+8
2024-04-24T05:15:36,366  INFO [LocalJobRunner Map Task Executor #0] mapred.Task: Task 'attempt_local1215016116_0071_m_000002_0' done.
2024-04-24T05:15:36,366  INFO [LocalJobRunner Map Task Executor #0] mapred.Task: Final Counters for attempt_local1215016116_0071_m_000002_0: Counters: 33
	File System Counters
		FILE: Number of bytes read=1576108
		FILE: Number of bytes written=89034877
		FILE: Number of read operations=0
		FILE: Number of large read operations=0
		FILE: Number of write operations=0
		HDFS: Number of bytes read=0
		HDFS: Number of bytes written=0
		HDFS: Number of read operations=0
		HDFS: Number of large read operations=0
		HDFS: Number of write operations=0
	Map-Reduce Framework
		Map input records=2
		Map output records=2
		Map output bytes=32
		Map output materialized bytes=42
		Input split bytes=285
		Combine input records=0
		Spilled Records=2
		Failed Shuffles=0
		Merged Map outputs=0
		GC time elapsed (ms)=0
		Total committed heap usage (bytes)=1513095168
	HIVE
		DESERIALIZE_ERRORS=0
		RECORDS_IN=2
		RECORDS_OUT_INTERMEDIATE=2
		RECORDS_OUT_OPERATOR_FIL_45=0
		RECORDS_OUT_OPERATOR_MAP_0=0
		RECORDS_OUT_OPERATOR_RS_10=2
		RECORDS_OUT_OPERATOR_RS_11=0
		RECORDS_OUT_OPERATOR_SEL_1=2
		RECORDS_OUT_OPERATOR_SEL_4=0
		RECORDS_OUT_OPERATOR_TS_0=2
		RECORDS_OUT_OPERATOR_TS_2=0
	File Input Format Counters 
		Bytes Read=7692
2024-04-24T05:15:36,366  INFO [LocalJobRunner Map Task Executor #0] mapred.LocalJobRunner: Finishing task: attempt_local1215016116_0071_m_000002_0
2024-04-24T05:15:36,366  INFO [Thread-5955] mapred.LocalJobRunner: map task executor complete.
2024-04-24T05:15:36,367  INFO [Thread-5955] mapred.LocalJobRunner: Waiting for reduce tasks
2024-04-24T05:15:36,367  INFO [pool-347-thread-1] mapred.LocalJobRunner: Starting task: attempt_local1215016116_0071_r_000000_0
2024-04-24T05:15:36,368  INFO [pool-347-thread-1] mapred.Task:  Using ResourceCalculatorProcessTree : [ ]
2024-04-24T05:15:36,368  INFO [pool-347-thread-1] mapred.ReduceTask: Using ShuffleConsumerPlugin: org.apache.hadoop.mapreduce.task.reduce.Shuffle@5b78f5db
2024-04-24T05:15:36,368  WARN [pool-347-thread-1] impl.MetricsSystemImpl: JobTracker metrics system already initialized!
2024-04-24T05:15:36,368  INFO [pool-347-thread-1] reduce.MergeManagerImpl: MergerManager: memoryLimit=1336252800, maxSingleShuffleLimit=334063200, mergeThreshold=881926912, ioSortFactor=10, memToMemMergeOutputsThreshold=10
2024-04-24T05:15:36,369  INFO [EventFetcher for fetching Map Completion Events] reduce.EventFetcher: attempt_local1215016116_0071_r_000000_0 Thread started: EventFetcher for fetching Map Completion Events
2024-04-24T05:15:36,371  INFO [localfetcher#95] reduce.LocalFetcher: localfetcher#95 about to shuffle output of map attempt_local1215016116_0071_m_000000_0 decomp: 20 len: 24 to MEMORY
2024-04-24T05:15:36,371  INFO [localfetcher#95] reduce.InMemoryMapOutput: Read 20 bytes from map-output for attempt_local1215016116_0071_m_000000_0
2024-04-24T05:15:36,371  INFO [localfetcher#95] reduce.MergeManagerImpl: closeInMemoryFile -> map-output of size: 20, inMemoryMapOutputs.size() -> 1, commitMemory -> 0, usedMemory ->20
2024-04-24T05:15:36,374  INFO [localfetcher#95] reduce.LocalFetcher: localfetcher#95 about to shuffle output of map attempt_local1215016116_0071_m_000002_0 decomp: 38 len: 42 to MEMORY
2024-04-24T05:15:36,374  INFO [localfetcher#95] reduce.InMemoryMapOutput: Read 38 bytes from map-output for attempt_local1215016116_0071_m_000002_0
2024-04-24T05:15:36,374  INFO [localfetcher#95] reduce.MergeManagerImpl: closeInMemoryFile -> map-output of size: 38, inMemoryMapOutputs.size() -> 2, commitMemory -> 20, usedMemory ->58
2024-04-24T05:15:36,376  INFO [localfetcher#95] reduce.LocalFetcher: localfetcher#95 about to shuffle output of map attempt_local1215016116_0071_m_000001_0 decomp: 20 len: 24 to MEMORY
2024-04-24T05:15:36,376  INFO [localfetcher#95] reduce.InMemoryMapOutput: Read 20 bytes from map-output for attempt_local1215016116_0071_m_000001_0
2024-04-24T05:15:36,376  INFO [localfetcher#95] reduce.MergeManagerImpl: closeInMemoryFile -> map-output of size: 20, inMemoryMapOutputs.size() -> 3, commitMemory -> 58, usedMemory ->78
2024-04-24T05:15:36,376  INFO [EventFetcher for fetching Map Completion Events] reduce.EventFetcher: EventFetcher is interrupted.. Returning
2024-04-24T05:15:36,377  INFO [pool-347-thread-1] mapred.LocalJobRunner: 3 / 3 copied.
2024-04-24T05:15:36,377  INFO [pool-347-thread-1] reduce.MergeManagerImpl: finalMerge called with 3 in-memory map-outputs and 0 on-disk map-outputs
2024-04-24T05:15:36,383  INFO [pool-347-thread-1] mapred.Merger: Merging 3 sorted segments
2024-04-24T05:15:36,383  INFO [pool-347-thread-1] mapred.Merger: Down to the last merge-pass, with 3 segments left of total size: 42 bytes
2024-04-24T05:15:36,385  INFO [pool-347-thread-1] reduce.MergeManagerImpl: Merged 3 segments, 78 bytes to disk to satisfy reduce memory limit
2024-04-24T05:15:36,385  INFO [pool-347-thread-1] reduce.MergeManagerImpl: Merging 1 files, 78 bytes from disk
2024-04-24T05:15:36,385  INFO [pool-347-thread-1] reduce.MergeManagerImpl: Merging 0 segments, 0 bytes from memory into reduce
2024-04-24T05:15:36,385  INFO [pool-347-thread-1] mapred.Merger: Merging 1 sorted segments
2024-04-24T05:15:36,385  INFO [pool-347-thread-1] mapred.Merger: Down to the last merge-pass, with 1 segments left of total size: 62 bytes
2024-04-24T05:15:36,385  INFO [pool-347-thread-1] mapred.LocalJobRunner: 3 / 3 copied.
2024-04-24T05:15:36,386  INFO [pool-347-thread-1] exec.SerializationUtilities: Deserializing ReduceWork using kryo
2024-04-24T05:15:36,386  INFO [pool-347-thread-1] exec.Utilities: Deserialized plan (via FILE) - name: null size: 7,42KB
2024-04-24T05:15:36,387  INFO [pool-347-thread-1] ExecReducer: 
<JOIN>Id =12
  <Children>
    <FS>Id =47
      <Children>
      <\Children>
      <Parent>Id = 12 null<\Parent>
    <\FS>
  <\Children>
  <Parent><\Parent>
<\JOIN>
2024-04-24T05:15:36,387  INFO [pool-347-thread-1] exec.JoinOperator: Initializing Operator: JOIN[12]
2024-04-24T05:15:36,388  INFO [pool-347-thread-1] exec.CommonJoinOperator: JOIN struct<_col0:int,_col1:int,_col3:int> totalsz = 3
2024-04-24T05:15:36,389  INFO [pool-347-thread-1] exec.FileSinkOperator: Initializing Operator: FS[47]
2024-04-24T05:15:36,389  INFO [pool-347-thread-1] exec.FileSinkOperator: Using serializer : AbstractSerDe [log=org.apache.logging.slf4j.Log4jLogger@614c7665, configuration=Optional[Configuration: core-default.xml, core-site.xml, mapred-default.xml, mapred-site.xml, yarn-default.xml, yarn-site.xml, hdfs-default.xml, hdfs-site.xml, file:/home/alex/Repositories/hive/ql/target/tmp/TestTxnCommandsWithSplitUpdateAndVectorization/mapred/local/localRunner/alex/job_local1215016116_0071/job_local1215016116_0071.xml], properties={columns=_col0,_col1,_col3, serialization.lib=org.apache.hadoop.hive.serde2.lazybinary.LazyBinarySerDe, columns.types=int,int,int, escape.delim=\, column.name.delimiter=,}, tableProperties={columns=_col0,_col1,_col3, serialization.lib=org.apache.hadoop.hive.serde2.lazybinary.LazyBinarySerDe, columns.types=int,int,int, column.name.delimiter=,, escape.delim=\}, partitionProperties=Optional.empty, columnNames=[_col0, _col1, _col3], columnTypes=[int, int, int], getClass()=class org.apache.hadoop.hive.serde2.lazybinary.LazyBinarySerDe] and formatter : org.apache.hadoop.hive.ql.io.HiveSequenceFileOutputFormat@310aea4c
2024-04-24T05:15:36,390  INFO [pool-347-thread-1] exec.FileSinkOperator: Final Path: FS file:/home/alex/Repositories/hive/ql/target/tmp/localscratchdir/c1668d89-b9c1-4180-9b20-b21a51bfebc8/hive_2024-04-24_05-15-35_177_564479641029660752-1/_tmp.-mr-10006/000000_0
2024-04-24T05:15:36,390  INFO [pool-347-thread-1] exec.FileSinkOperator: Writing to temp file: FS file:/home/alex/Repositories/hive/ql/target/tmp/localscratchdir/c1668d89-b9c1-4180-9b20-b21a51bfebc8/hive_2024-04-24_05-15-35_177_564479641029660752-1/_task_tmp.-mr-10006/_tmp.000000_0
2024-04-24T05:15:36,390  INFO [pool-347-thread-1] exec.FileSinkOperator: New Final Path: FS file:/home/alex/Repositories/hive/ql/target/tmp/localscratchdir/c1668d89-b9c1-4180-9b20-b21a51bfebc8/hive_2024-04-24_05-15-35_177_564479641029660752-1/_tmp.-mr-10006/000000_0
2024-04-24T05:15:36,397  INFO [pool-347-thread-1] exec.FileSinkOperator: FS[47]: records written - 1
2024-04-24T05:15:36,398  INFO [pool-347-thread-1] exec.JoinOperator: Closing Operator: JOIN[12]
2024-04-24T05:15:36,398  INFO [pool-347-thread-1] exec.JoinOperator: SKEWJOINFOLLOWUPJOBS:0, RECORDS_OUT_OPERATOR_JOIN_12:2, RECORDS_OUT_INTERMEDIATE:0, 
2024-04-24T05:15:36,398  INFO [pool-347-thread-1] exec.FileSinkOperator: Closing Operator: FS[47]
2024-04-24T05:15:36,398  INFO [pool-347-thread-1] exec.FileSinkOperator: FS[47]: records written - 2
2024-04-24T05:15:36,398  INFO [pool-347-thread-1] exec.FileSinkOperator: RECORDS_OUT_0:2, RECORDS_OUT_INTERMEDIATE:0, RECORDS_OUT_OPERATOR_FS_47:2, 
2024-04-24T05:15:36,398  INFO [pool-347-thread-1] mapred.Task: Task:attempt_local1215016116_0071_r_000000_0 is done. And is in the process of committing
2024-04-24T05:15:36,399  INFO [pool-347-thread-1] mapred.LocalJobRunner: reduce > reduce
2024-04-24T05:15:36,399  INFO [pool-347-thread-1] mapred.Task: Task 'attempt_local1215016116_0071_r_000000_0' done.
2024-04-24T05:15:36,399  INFO [pool-347-thread-1] mapred.Task: Final Counters for attempt_local1215016116_0071_r_000000_0: Counters: 35
	File System Counters
		FILE: Number of bytes read=1583862
		FILE: Number of bytes written=89035102
		FILE: Number of read operations=0
		FILE: Number of large read operations=0
		FILE: Number of write operations=0
		HDFS: Number of bytes read=0
		HDFS: Number of bytes written=0
		HDFS: Number of read operations=0
		HDFS: Number of large read operations=0
		HDFS: Number of write operations=0
	Map-Reduce Framework
		Combine input records=0
		Combine output records=0
		Reduce input groups=4
		Reduce shuffle bytes=90
		Reduce input records=4
		Reduce output records=0
		Spilled Records=4
		Shuffled Maps =3
		Failed Shuffles=0
		Merged Map outputs=3
		GC time elapsed (ms)=0
		Total committed heap usage (bytes)=1513095168
	HIVE
		CREATED_FILES=1
		RECORDS_OUT_0=2
		RECORDS_OUT_INTERMEDIATE=0
		RECORDS_OUT_OPERATOR_FS_47=2
		RECORDS_OUT_OPERATOR_JOIN_12=2
		SKEWJOINFOLLOWUPJOBS=0
	Shuffle Errors
		BAD_ID=0
		CONNECTION=0
		IO_ERROR=0
		WRONG_LENGTH=0
		WRONG_MAP=0
		WRONG_REDUCE=0
	File Output Format Counters 
		Bytes Written=0
2024-04-24T05:15:36,399  INFO [pool-347-thread-1] mapred.LocalJobRunner: Finishing task: attempt_local1215016116_0071_r_000000_0
2024-04-24T05:15:36,399  INFO [Thread-5955] mapred.LocalJobRunner: reduce task executor complete.
2024-04-24 05:15:37,273 Stage-4 map = 100%,  reduce = 100%
2024-04-24T05:15:37,273  INFO [main] exec.Task: 2024-04-24 05:15:37,273 Stage-4 map = 100%,  reduce = 100%
Ended Job = job_local1215016116_0071
2024-04-24T05:15:37,274  INFO [main] exec.Task: Ended Job = job_local1215016116_0071
Launching Job 2 out of 7
2024-04-24T05:15:37,275  INFO [main] ql.Driver: Launching Job 2 out of 7
2024-04-24T05:15:37,421  INFO [main] ql.Driver: Starting task [Stage-5:MAPRED] in serial mode
Number of reduce tasks determined at compile time: 1
2024-04-24T05:15:37,421  INFO [main] exec.Task: Number of reduce tasks determined at compile time: 1
In order to change the average load for a reducer (in bytes):
2024-04-24T05:15:37,421  INFO [main] exec.Task: In order to change the average load for a reducer (in bytes):
  set hive.exec.reducers.bytes.per.reducer=<number>
2024-04-24T05:15:37,422  INFO [main] exec.Task:   set hive.exec.reducers.bytes.per.reducer=<number>
In order to limit the maximum number of reducers:
2024-04-24T05:15:37,422  INFO [main] exec.Task: In order to limit the maximum number of reducers:
  set hive.exec.reducers.max=<number>
2024-04-24T05:15:37,422  INFO [main] exec.Task:   set hive.exec.reducers.max=<number>
In order to set a constant number of reducers:
2024-04-24T05:15:37,422  INFO [main] exec.Task: In order to set a constant number of reducers:
  set mapreduce.job.reduces=<number>
2024-04-24T05:15:37,422  INFO [main] exec.Task:   set mapreduce.job.reduces=<number>
2024-04-24T05:15:37,424  INFO [main] mr.ExecDriver: Using org.apache.hadoop.hive.ql.io.HiveInputFormat
2024-04-24T05:15:37,424  INFO [main] exec.Utilities: Processing alias subq:$INTNAME
2024-04-24T05:15:37,424  INFO [main] exec.Utilities: Adding 2 inputs; the first input is file:/home/alex/Repositories/hive/ql/target/tmp/localscratchdir/c1668d89-b9c1-4180-9b20-b21a51bfebc8/hive_2024-04-24_05-15-35_177_564479641029660752-1/-mr-10006
2024-04-24T05:15:37,424  INFO [main] exec.Utilities: Processing alias subq:$hdt$_2:splittable
2024-04-24T05:15:37,424  INFO [main] exec.Utilities: Adding 2 inputs; the first input is file:/home/alex/Repositories/hive/ql/target/tmp/org.apache.hadoop.hive.ql.TestTxnCommands-1713960750541/warehouse/splittable
2024-04-24T05:15:37,434  INFO [main] exec.SerializationUtilities: Serializing MapWork using kryo
2024-04-24T05:15:37,435  INFO [main] exec.Utilities: Serialized plan (via FILE) - name: null size: 5,91KB
2024-04-24T05:15:37,440  INFO [main] exec.SerializationUtilities: Serializing ReduceWork using kryo
2024-04-24T05:15:37,441  INFO [main] exec.Utilities: Serialized plan (via FILE) - name: null size: 6,18KB
2024-04-24T05:15:37,442  WARN [main] impl.MetricsSystemImpl: JobTracker metrics system already initialized!
2024-04-24T05:15:37,447  WARN [main] impl.MetricsSystemImpl: JobTracker metrics system already initialized!
2024-04-24T05:15:37,454  WARN [main] mapreduce.JobResourceUploader: Hadoop command-line option parsing not performed. Implement the Tool interface and execute your application with ToolRunner to remedy this.
2024-04-24T05:15:37,459  WARN [main] mapreduce.JobResourceUploader: No job jar file set.  User classes may not be found. See Job or Job#setJar(String).
2024-04-24T05:15:37,460  INFO [main] io.HiveInputFormat: Generating splits as currentDirs is not empty. currentDirs: [file:/home/alex/Repositories/hive/ql/target/tmp/localscratchdir/c1668d89-b9c1-4180-9b20-b21a51bfebc8/hive_2024-04-24_05-15-35_177_564479641029660752-1/-mr-10006]
2024-04-24T05:15:37,460  INFO [main] io.HiveInputFormat: hive.io.file.readcolumn.ids = 0
2024-04-24T05:15:37,460  INFO [main] io.HiveInputFormat: hive.io.file.readcolumn.names = op
2024-04-24T05:15:37,464  INFO [main] mapred.FileInputFormat: Total input files to process : 1
2024-04-24T05:15:37,464  INFO [main] io.HiveInputFormat: hive.io.file.readcolumn.ids = 0
2024-04-24T05:15:37,464  INFO [main] io.HiveInputFormat: hive.io.file.readcolumn.names = op
2024-04-24T05:15:37,464  INFO [main] io.HiveInputFormat: Generating splits for dirs: file:/home/alex/Repositories/hive/ql/target/tmp/localscratchdir/c1668d89-b9c1-4180-9b20-b21a51bfebc8/hive_2024-04-24_05-15-35_177_564479641029660752-1/-mr-10006
2024-04-24T05:15:37,468  INFO [main] mapred.FileInputFormat: Total input files to process : 1
2024-04-24T05:15:37,468  INFO [main] io.HiveInputFormat: number of splits 2
2024-04-24T05:15:37,487  INFO [main] mapreduce.JobSubmitter: number of splits:2
2024-04-24T05:15:37,506  INFO [main] mapreduce.JobSubmitter: Submitting tokens for job: job_local1997255335_0072
2024-04-24T05:15:37,506  INFO [main] mapreduce.JobSubmitter: Executing with tokens: []
2024-04-24T05:15:37,567  INFO [main] mapreduce.Job: The url to track the job: http://localhost:8080/
Job running in-process (local Hadoop)
2024-04-24T05:15:37,567  INFO [main] exec.Task: Job running in-process (local Hadoop)
2024-04-24T05:15:37,567  INFO [Thread-6009] mapred.LocalJobRunner: OutputCommitter set in config org.apache.hadoop.hive.ql.io.HiveFileFormatUtils$NullOutputCommitter
2024-04-24T05:15:37,567  INFO [Thread-6009] mapred.LocalJobRunner: OutputCommitter is org.apache.hadoop.hive.ql.io.HiveFileFormatUtils$NullOutputCommitter
2024-04-24T05:15:37,569  INFO [Thread-6009] mapred.LocalJobRunner: Waiting for map tasks
2024-04-24T05:15:37,569  INFO [LocalJobRunner Map Task Executor #0] mapred.LocalJobRunner: Starting task: attempt_local1997255335_0072_m_000000_0
2024-04-24T05:15:37,569  INFO [LocalJobRunner Map Task Executor #0] mapred.Task:  Using ResourceCalculatorProcessTree : [ ]
2024-04-24T05:15:37,570  INFO [LocalJobRunner Map Task Executor #0] mapred.MapTask: Processing split: org.apache.hadoop.mapred.SequenceFileInputFormat:file:/home/alex/Repositories/hive/ql/target/tmp/localscratchdir/c1668d89-b9c1-4180-9b20-b21a51bfebc8/hive_2024-04-24_05-15-35_177_564479641029660752-1/-mr-10006/000000_0:0+135
2024-04-24T05:15:37,570  INFO [LocalJobRunner Map Task Executor #0] exec.SerializationUtilities: Deserializing MapWork using kryo
2024-04-24T05:15:37,571  INFO [LocalJobRunner Map Task Executor #0] exec.Utilities: Deserialized plan (via FILE) - name: null size: 5,91KB
2024-04-24T05:15:37,572  INFO [LocalJobRunner Map Task Executor #0] mapred.MapTask: numReduceTasks: 1
2024-04-24T05:15:37,576  INFO [LocalJobRunner Map Task Executor #0] mapred.MapTask: (EQUATOR) 0 kvi 26214396(104857584)
2024-04-24T05:15:37,576  INFO [LocalJobRunner Map Task Executor #0] mapred.MapTask: mapreduce.task.io.sort.mb: 100
2024-04-24T05:15:37,576  INFO [LocalJobRunner Map Task Executor #0] mapred.MapTask: soft limit at 83886080
2024-04-24T05:15:37,576  INFO [LocalJobRunner Map Task Executor #0] mapred.MapTask: bufstart = 0; bufvoid = 104857600
2024-04-24T05:15:37,576  INFO [LocalJobRunner Map Task Executor #0] mapred.MapTask: kvstart = 26214396; length = 6553600
2024-04-24T05:15:37,577  INFO [LocalJobRunner Map Task Executor #0] mapred.MapTask: Map output collector class = org.apache.hadoop.mapred.MapTask$MapOutputBuffer
2024-04-24T05:15:37,577  INFO [LocalJobRunner Map Task Executor #0] exec.MapOperator: Initializing Operator: MAP[0]
2024-04-24T05:15:37,578  INFO [LocalJobRunner Map Task Executor #0] mr.ExecMapper: 
<MAP>Id =0
  <Children>
    <TS>Id =48
      <Children>
        <RS>Id =13
          <Children>
          <\Children>
          <Parent>Id = 48 null<\Parent>
        <\RS>
      <\Children>
      <Parent>Id = 0 null<\Parent>
    <\TS>
    <TS>Id =5
      <Children>
        <SEL>Id =6
          <Children>
            <RS>Id =14
              <Children>
              <\Children>
              <Parent>Id = 6 null<\Parent>
            <\RS>
          <\Children>
          <Parent>Id = 5 null<\Parent>
        <\SEL>
      <\Children>
      <Parent>Id = 0 null<\Parent>
    <\TS>
  <\Children>
  <Parent><\Parent>
<\MAP>
2024-04-24T05:15:37,579  INFO [LocalJobRunner Map Task Executor #0] exec.TableScanOperator: Initializing Operator: TS[5]
2024-04-24T05:15:37,579  INFO [LocalJobRunner Map Task Executor #0] exec.SelectOperator: Initializing Operator: SEL[6]
2024-04-24T05:15:37,579  INFO [LocalJobRunner Map Task Executor #0] exec.SelectOperator: SELECT struct<op:int>
2024-04-24T05:15:37,579  INFO [LocalJobRunner Map Task Executor #0] exec.ReduceSinkOperator: Initializing Operator: RS[14]
2024-04-24T05:15:37,579  INFO [LocalJobRunner Map Task Executor #0] exec.ReduceSinkOperator: Using tag = 1
2024-04-24T05:15:37,579  INFO [LocalJobRunner Map Task Executor #0] exec.TableScanOperator: Initializing Operator: TS[48]
2024-04-24T05:15:37,579  INFO [LocalJobRunner Map Task Executor #0] exec.ReduceSinkOperator: Initializing Operator: RS[13]
2024-04-24T05:15:37,579  INFO [LocalJobRunner Map Task Executor #0] exec.ReduceSinkOperator: Using tag = 0
2024-04-24T05:15:37,580  INFO [LocalJobRunner Map Task Executor #0] exec.ReduceSinkOperator: keys are [] num distributions: 0
2024-04-24T05:15:37,580  INFO [LocalJobRunner Map Task Executor #0] exec.ReduceSinkOperator: RS[13]: records written - 1
2024-04-24T05:15:37,580  INFO [LocalJobRunner Map Task Executor #0] exec.MapOperator: MAP[0]: records read - 1
2024-04-24T05:15:37,580  INFO [LocalJobRunner Map Task Executor #0] exec.MapOperator: Closing Operator: MAP[0]
2024-04-24T05:15:37,580  INFO [LocalJobRunner Map Task Executor #0] exec.MapOperator: MAP[0]: Total records read - 2. abort - false
2024-04-24T05:15:37,580  INFO [LocalJobRunner Map Task Executor #0] exec.MapOperator: RECORDS_OUT_INTERMEDIATE:0, RECORDS_OUT_OPERATOR_MAP_0:0, DESERIALIZE_ERRORS:0, RECORDS_IN:2, 
2024-04-24T05:15:37,580  INFO [LocalJobRunner Map Task Executor #0] exec.TableScanOperator: Closing Operator: TS[48]
2024-04-24T05:15:37,580  INFO [LocalJobRunner Map Task Executor #0] exec.TableScanOperator: RECORDS_OUT_INTERMEDIATE:0, RECORDS_OUT_OPERATOR_TS_48:2, 
2024-04-24T05:15:37,580  INFO [LocalJobRunner Map Task Executor #0] exec.ReduceSinkOperator: Closing Operator: RS[13]
2024-04-24T05:15:37,580  INFO [LocalJobRunner Map Task Executor #0] exec.ReduceSinkOperator: RS[13]: Total records written - 2. abort - false
2024-04-24T05:15:37,580  INFO [LocalJobRunner Map Task Executor #0] exec.ReduceSinkOperator: RECORDS_OUT_INTERMEDIATE:2, RECORDS_OUT_OPERATOR_RS_13:2, 
2024-04-24T05:15:37,580  INFO [LocalJobRunner Map Task Executor #0] exec.TableScanOperator: Closing Operator: TS[5]
2024-04-24T05:15:37,581  INFO [LocalJobRunner Map Task Executor #0] exec.TableScanOperator: RECORDS_OUT_INTERMEDIATE:0, RECORDS_OUT_OPERATOR_TS_5:0, 
2024-04-24T05:15:37,581  INFO [LocalJobRunner Map Task Executor #0] exec.SelectOperator: Closing Operator: SEL[6]
2024-04-24T05:15:37,581  INFO [LocalJobRunner Map Task Executor #0] exec.SelectOperator: RECORDS_OUT_OPERATOR_SEL_6:0, RECORDS_OUT_INTERMEDIATE:0, 
2024-04-24T05:15:37,581  INFO [LocalJobRunner Map Task Executor #0] exec.ReduceSinkOperator: Closing Operator: RS[14]
2024-04-24T05:15:37,581  INFO [LocalJobRunner Map Task Executor #0] exec.ReduceSinkOperator: RS[14]: Total records written - 0. abort - false
2024-04-24T05:15:37,581  INFO [LocalJobRunner Map Task Executor #0] exec.ReduceSinkOperator: RECORDS_OUT_INTERMEDIATE:0, RECORDS_OUT_OPERATOR_RS_14:0, 
2024-04-24T05:15:37,581  INFO [LocalJobRunner Map Task Executor #0] mapred.LocalJobRunner: 
2024-04-24T05:15:37,581  INFO [LocalJobRunner Map Task Executor #0] mapred.MapTask: Starting flush of map output
2024-04-24T05:15:37,581  INFO [LocalJobRunner Map Task Executor #0] mapred.MapTask: Spilling map output
2024-04-24T05:15:37,581  INFO [LocalJobRunner Map Task Executor #0] mapred.MapTask: bufstart = 0; bufend = 25; bufvoid = 104857600
2024-04-24T05:15:37,581  INFO [LocalJobRunner Map Task Executor #0] mapred.MapTask: kvstart = 26214396(104857584); kvend = 26214392(104857568); length = 5/6553600
2024-04-24T05:15:37,591  INFO [LocalJobRunner Map Task Executor #0] mapred.MapTask: Finished spill 0
2024-04-24T05:15:37,594  INFO [LocalJobRunner Map Task Executor #0] mapred.Task: Task:attempt_local1997255335_0072_m_000000_0 is done. And is in the process of committing
2024-04-24T05:15:37,595  INFO [LocalJobRunner Map Task Executor #0] mapred.LocalJobRunner: file:/home/alex/Repositories/hive/ql/target/tmp/localscratchdir/c1668d89-b9c1-4180-9b20-b21a51bfebc8/hive_2024-04-24_05-15-35_177_564479641029660752-1/-mr-10006/000000_0:0+135
2024-04-24T05:15:37,595  INFO [LocalJobRunner Map Task Executor #0] mapred.Task: Task 'attempt_local1997255335_0072_m_000000_0' done.
2024-04-24T05:15:37,595  INFO [LocalJobRunner Map Task Executor #0] mapred.Task: Final Counters for attempt_local1997255335_0072_m_000000_0: Counters: 31
	File System Counters
		FILE: Number of bytes read=1590817
		FILE: Number of bytes written=90288031
		FILE: Number of read operations=0
		FILE: Number of large read operations=0
		FILE: Number of write operations=0
		HDFS: Number of bytes read=0
		HDFS: Number of bytes written=0
		HDFS: Number of read operations=0
		HDFS: Number of large read operations=0
		HDFS: Number of write operations=0
	Map-Reduce Framework
		Map input records=2
		Map output records=2
		Map output bytes=25
		Map output materialized bytes=35
		Input split bytes=333
		Combine input records=0
		Spilled Records=2
		Failed Shuffles=0
		Merged Map outputs=0
		GC time elapsed (ms)=0
		Total committed heap usage (bytes)=1513095168
	HIVE
		DESERIALIZE_ERRORS=0
		RECORDS_IN=2
		RECORDS_OUT_INTERMEDIATE=2
		RECORDS_OUT_OPERATOR_MAP_0=0
		RECORDS_OUT_OPERATOR_RS_13=2
		RECORDS_OUT_OPERATOR_RS_14=0
		RECORDS_OUT_OPERATOR_SEL_6=0
		RECORDS_OUT_OPERATOR_TS_48=2
		RECORDS_OUT_OPERATOR_TS_5=0
	File Input Format Counters 
		Bytes Read=6259
2024-04-24T05:15:37,595  INFO [LocalJobRunner Map Task Executor #0] mapred.LocalJobRunner: Finishing task: attempt_local1997255335_0072_m_000000_0
2024-04-24T05:15:37,595  INFO [LocalJobRunner Map Task Executor #0] mapred.LocalJobRunner: Starting task: attempt_local1997255335_0072_m_000001_0
2024-04-24T05:15:37,595  INFO [LocalJobRunner Map Task Executor #0] mapred.Task:  Using ResourceCalculatorProcessTree : [ ]
2024-04-24T05:15:37,596  INFO [LocalJobRunner Map Task Executor #0] mapred.MapTask: Processing split: org.apache.hadoop.mapred.TextInputFormat:file:/home/alex/Repositories/hive/ql/target/tmp/org.apache.hadoop.hive.ql.TestTxnCommands-1713960750541/warehouse/splittable/000000_0:0+4
2024-04-24T05:15:37,596  INFO [LocalJobRunner Map Task Executor #0] exec.SerializationUtilities: Deserializing MapWork using kryo
2024-04-24T05:15:37,596  INFO [LocalJobRunner Map Task Executor #0] exec.Utilities: Deserialized plan (via FILE) - name: null size: 5,91KB
2024-04-24T05:15:37,597  INFO [LocalJobRunner Map Task Executor #0] mapred.MapTask: numReduceTasks: 1
2024-04-24T05:15:37,614  INFO [LocalJobRunner Map Task Executor #0] mapred.MapTask: (EQUATOR) 0 kvi 26214396(104857584)
2024-04-24T05:15:37,614  INFO [LocalJobRunner Map Task Executor #0] mapred.MapTask: mapreduce.task.io.sort.mb: 100
2024-04-24T05:15:37,614  INFO [LocalJobRunner Map Task Executor #0] mapred.MapTask: soft limit at 83886080
2024-04-24T05:15:37,614  INFO [LocalJobRunner Map Task Executor #0] mapred.MapTask: bufstart = 0; bufvoid = 104857600
2024-04-24T05:15:37,614  INFO [LocalJobRunner Map Task Executor #0] mapred.MapTask: kvstart = 26214396; length = 6553600
2024-04-24T05:15:37,614  INFO [LocalJobRunner Map Task Executor #0] mapred.MapTask: Map output collector class = org.apache.hadoop.mapred.MapTask$MapOutputBuffer
2024-04-24T05:15:37,615  INFO [LocalJobRunner Map Task Executor #0] exec.MapOperator: Initializing Operator: MAP[0]
2024-04-24T05:15:37,616  INFO [LocalJobRunner Map Task Executor #0] mr.ExecMapper: 
<MAP>Id =0
  <Children>
    <TS>Id =48
      <Children>
        <RS>Id =13
          <Children>
          <\Children>
          <Parent>Id = 48 null<\Parent>
        <\RS>
      <\Children>
      <Parent>Id = 0 null<\Parent>
    <\TS>
    <TS>Id =5
      <Children>
        <SEL>Id =6
          <Children>
            <RS>Id =14
              <Children>
              <\Children>
              <Parent>Id = 6 null<\Parent>
            <\RS>
          <\Children>
          <Parent>Id = 5 null<\Parent>
        <\SEL>
      <\Children>
      <Parent>Id = 0 null<\Parent>
    <\TS>
  <\Children>
  <Parent><\Parent>
<\MAP>
2024-04-24T05:15:37,617  INFO [LocalJobRunner Map Task Executor #0] exec.TableScanOperator: Initializing Operator: TS[48]
2024-04-24T05:15:37,617  INFO [LocalJobRunner Map Task Executor #0] exec.ReduceSinkOperator: Initializing Operator: RS[13]
2024-04-24T05:15:37,617  INFO [LocalJobRunner Map Task Executor #0] exec.ReduceSinkOperator: Using tag = 0
2024-04-24T05:15:37,617  INFO [LocalJobRunner Map Task Executor #0] exec.TableScanOperator: Initializing Operator: TS[5]
2024-04-24T05:15:37,617  INFO [LocalJobRunner Map Task Executor #0] exec.SelectOperator: Initializing Operator: SEL[6]
2024-04-24T05:15:37,617  INFO [LocalJobRunner Map Task Executor #0] exec.SelectOperator: SELECT struct<op:int>
2024-04-24T05:15:37,617  INFO [LocalJobRunner Map Task Executor #0] exec.ReduceSinkOperator: Initializing Operator: RS[14]
2024-04-24T05:15:37,617  INFO [LocalJobRunner Map Task Executor #0] exec.ReduceSinkOperator: Using tag = 1
2024-04-24T05:15:37,618  INFO [LocalJobRunner Map Task Executor #0] exec.ReduceSinkOperator: keys are [] num distributions: 0
2024-04-24T05:15:37,618  INFO [LocalJobRunner Map Task Executor #0] exec.ReduceSinkOperator: RS[14]: records written - 1
2024-04-24T05:15:37,618  INFO [LocalJobRunner Map Task Executor #0] exec.MapOperator: MAP[0]: records read - 1
2024-04-24T05:15:37,618  INFO [LocalJobRunner Map Task Executor #0] exec.MapOperator: Closing Operator: MAP[0]
2024-04-24T05:15:37,618  INFO [LocalJobRunner Map Task Executor #0] exec.MapOperator: MAP[0]: Total records read - 2. abort - false
2024-04-24T05:15:37,618  INFO [LocalJobRunner Map Task Executor #0] exec.MapOperator: RECORDS_OUT_INTERMEDIATE:0, RECORDS_OUT_OPERATOR_MAP_0:0, DESERIALIZE_ERRORS:0, RECORDS_IN:2, 
2024-04-24T05:15:37,618  INFO [LocalJobRunner Map Task Executor #0] exec.TableScanOperator: Closing Operator: TS[48]
2024-04-24T05:15:37,618  INFO [LocalJobRunner Map Task Executor #0] exec.TableScanOperator: RECORDS_OUT_OPERATOR_TS_48:0, RECORDS_OUT_INTERMEDIATE:0, 
2024-04-24T05:15:37,619  INFO [LocalJobRunner Map Task Executor #0] exec.ReduceSinkOperator: Closing Operator: RS[13]
2024-04-24T05:15:37,619  INFO [LocalJobRunner Map Task Executor #0] exec.ReduceSinkOperator: RS[13]: Total records written - 0. abort - false
2024-04-24T05:15:37,619  INFO [LocalJobRunner Map Task Executor #0] exec.ReduceSinkOperator: RECORDS_OUT_INTERMEDIATE:0, RECORDS_OUT_OPERATOR_RS_13:0, 
2024-04-24T05:15:37,619  INFO [LocalJobRunner Map Task Executor #0] exec.TableScanOperator: Closing Operator: TS[5]
2024-04-24T05:15:37,619  INFO [LocalJobRunner Map Task Executor #0] exec.TableScanOperator: RECORDS_OUT_OPERATOR_TS_5:2, RECORDS_OUT_INTERMEDIATE:0, 
2024-04-24T05:15:37,619  INFO [LocalJobRunner Map Task Executor #0] exec.SelectOperator: Closing Operator: SEL[6]
2024-04-24T05:15:37,619  INFO [LocalJobRunner Map Task Executor #0] exec.SelectOperator: RECORDS_OUT_INTERMEDIATE:0, RECORDS_OUT_OPERATOR_SEL_6:2, 
2024-04-24T05:15:37,619  INFO [LocalJobRunner Map Task Executor #0] exec.ReduceSinkOperator: Closing Operator: RS[14]
2024-04-24T05:15:37,619  INFO [LocalJobRunner Map Task Executor #0] exec.ReduceSinkOperator: RS[14]: Total records written - 2. abort - false
2024-04-24T05:15:37,619  INFO [LocalJobRunner Map Task Executor #0] exec.ReduceSinkOperator: RECORDS_OUT_OPERATOR_RS_14:2, RECORDS_OUT_INTERMEDIATE:2, 
2024-04-24T05:15:37,620  INFO [LocalJobRunner Map Task Executor #0] mapred.LocalJobRunner: 
2024-04-24T05:15:37,620  INFO [LocalJobRunner Map Task Executor #0] mapred.MapTask: Starting flush of map output
2024-04-24T05:15:37,620  INFO [LocalJobRunner Map Task Executor #0] mapred.MapTask: Spilling map output
2024-04-24T05:15:37,620  INFO [LocalJobRunner Map Task Executor #0] mapred.MapTask: bufstart = 0; bufend = 24; bufvoid = 104857600
2024-04-24T05:15:37,620  INFO [LocalJobRunner Map Task Executor #0] mapred.MapTask: kvstart = 26214396(104857584); kvend = 26214392(104857568); length = 5/6553600
2024-04-24T05:15:37,628  INFO [LocalJobRunner Map Task Executor #0] mapred.MapTask: Finished spill 0
2024-04-24T05:15:37,631  INFO [LocalJobRunner Map Task Executor #0] mapred.Task: Task:attempt_local1997255335_0072_m_000001_0 is done. And is in the process of committing
2024-04-24T05:15:37,631  INFO [LocalJobRunner Map Task Executor #0] mapred.LocalJobRunner: file:/home/alex/Repositories/hive/ql/target/tmp/org.apache.hadoop.hive.ql.TestTxnCommands-1713960750541/warehouse/splittable/000000_0:0+4
2024-04-24T05:15:37,631  INFO [LocalJobRunner Map Task Executor #0] mapred.Task: Task 'attempt_local1997255335_0072_m_000001_0' done.
2024-04-24T05:15:37,631  INFO [LocalJobRunner Map Task Executor #0] mapred.Task: Final Counters for attempt_local1997255335_0072_m_000001_0: Counters: 31
	File System Counters
		FILE: Number of bytes read=1597447
		FILE: Number of bytes written=90288097
		FILE: Number of read operations=0
		FILE: Number of large read operations=0
		FILE: Number of write operations=0
		HDFS: Number of bytes read=0
		HDFS: Number of bytes written=0
		HDFS: Number of read operations=0
		HDFS: Number of large read operations=0
		HDFS: Number of write operations=0
	Map-Reduce Framework
		Map input records=2
		Map output records=2
		Map output bytes=24
		Map output materialized bytes=34
		Input split bytes=289
		Combine input records=0
		Spilled Records=2
		Failed Shuffles=0
		Merged Map outputs=0
		GC time elapsed (ms)=12
		Total committed heap usage (bytes)=1514668032
	HIVE
		DESERIALIZE_ERRORS=0
		RECORDS_IN=2
		RECORDS_OUT_INTERMEDIATE=2
		RECORDS_OUT_OPERATOR_MAP_0=0
		RECORDS_OUT_OPERATOR_RS_13=0
		RECORDS_OUT_OPERATOR_RS_14=2
		RECORDS_OUT_OPERATOR_SEL_6=2
		RECORDS_OUT_OPERATOR_TS_48=0
		RECORDS_OUT_OPERATOR_TS_5=2
	File Input Format Counters 
		Bytes Read=5985
2024-04-24T05:15:37,631  INFO [LocalJobRunner Map Task Executor #0] mapred.LocalJobRunner: Finishing task: attempt_local1997255335_0072_m_000001_0
2024-04-24T05:15:37,631  INFO [Thread-6009] mapred.LocalJobRunner: map task executor complete.
2024-04-24T05:15:37,632  INFO [Thread-6009] mapred.LocalJobRunner: Waiting for reduce tasks
2024-04-24T05:15:37,632  INFO [pool-350-thread-1] mapred.LocalJobRunner: Starting task: attempt_local1997255335_0072_r_000000_0
2024-04-24T05:15:37,633  INFO [pool-350-thread-1] mapred.Task:  Using ResourceCalculatorProcessTree : [ ]
2024-04-24T05:15:37,633  INFO [pool-350-thread-1] mapred.ReduceTask: Using ShuffleConsumerPlugin: org.apache.hadoop.mapreduce.task.reduce.Shuffle@29823c44
2024-04-24T05:15:37,633  WARN [pool-350-thread-1] impl.MetricsSystemImpl: JobTracker metrics system already initialized!
2024-04-24T05:15:37,634  INFO [pool-350-thread-1] reduce.MergeManagerImpl: MergerManager: memoryLimit=1336252800, maxSingleShuffleLimit=334063200, mergeThreshold=881926912, ioSortFactor=10, memToMemMergeOutputsThreshold=10
2024-04-24T05:15:37,634  INFO [EventFetcher for fetching Map Completion Events] reduce.EventFetcher: attempt_local1997255335_0072_r_000000_0 Thread started: EventFetcher for fetching Map Completion Events
2024-04-24T05:15:37,635  INFO [localfetcher#96] reduce.LocalFetcher: localfetcher#96 about to shuffle output of map attempt_local1997255335_0072_m_000001_0 decomp: 30 len: 34 to MEMORY
2024-04-24T05:15:37,635  INFO [localfetcher#96] reduce.InMemoryMapOutput: Read 30 bytes from map-output for attempt_local1997255335_0072_m_000001_0
2024-04-24T05:15:37,635  INFO [localfetcher#96] reduce.MergeManagerImpl: closeInMemoryFile -> map-output of size: 30, inMemoryMapOutputs.size() -> 1, commitMemory -> 0, usedMemory ->30
2024-04-24T05:15:37,637  INFO [localfetcher#96] reduce.LocalFetcher: localfetcher#96 about to shuffle output of map attempt_local1997255335_0072_m_000000_0 decomp: 31 len: 35 to MEMORY
2024-04-24T05:15:37,638  INFO [localfetcher#96] reduce.InMemoryMapOutput: Read 31 bytes from map-output for attempt_local1997255335_0072_m_000000_0
2024-04-24T05:15:37,638  INFO [localfetcher#96] reduce.MergeManagerImpl: closeInMemoryFile -> map-output of size: 31, inMemoryMapOutputs.size() -> 2, commitMemory -> 30, usedMemory ->61
2024-04-24T05:15:37,638  INFO [EventFetcher for fetching Map Completion Events] reduce.EventFetcher: EventFetcher is interrupted.. Returning
2024-04-24T05:15:37,638  INFO [pool-350-thread-1] mapred.LocalJobRunner: 2 / 2 copied.
2024-04-24T05:15:37,638  INFO [pool-350-thread-1] reduce.MergeManagerImpl: finalMerge called with 2 in-memory map-outputs and 0 on-disk map-outputs
2024-04-24T05:15:37,644  INFO [pool-350-thread-1] mapred.Merger: Merging 2 sorted segments
2024-04-24T05:15:37,644  INFO [pool-350-thread-1] mapred.Merger: Down to the last merge-pass, with 2 segments left of total size: 47 bytes
2024-04-24T05:15:37,647  INFO [pool-350-thread-1] reduce.MergeManagerImpl: Merged 2 segments, 61 bytes to disk to satisfy reduce memory limit
2024-04-24T05:15:37,647  INFO [pool-350-thread-1] reduce.MergeManagerImpl: Merging 1 files, 63 bytes from disk
2024-04-24T05:15:37,647  INFO [pool-350-thread-1] reduce.MergeManagerImpl: Merging 0 segments, 0 bytes from memory into reduce
2024-04-24T05:15:37,647  INFO [pool-350-thread-1] mapred.Merger: Merging 1 sorted segments
2024-04-24T05:15:37,647  INFO [pool-350-thread-1] mapred.Merger: Down to the last merge-pass, with 1 segments left of total size: 52 bytes
2024-04-24T05:15:37,647  INFO [pool-350-thread-1] mapred.LocalJobRunner: 2 / 2 copied.
2024-04-24T05:15:37,647  INFO [pool-350-thread-1] exec.SerializationUtilities: Deserializing ReduceWork using kryo
2024-04-24T05:15:37,650  INFO [pool-350-thread-1] exec.Utilities: Deserialized plan (via FILE) - name: null size: 6,18KB
2024-04-24T05:15:37,651  INFO [pool-350-thread-1] ExecReducer: 
<JOIN>Id =15
  <Children>
    <FS>Id =49
      <Children>
      <\Children>
      <Parent>Id = 15 null<\Parent>
    <\FS>
  <\Children>
  <Parent><\Parent>
<\JOIN>
2024-04-24T05:15:37,652  INFO [pool-350-thread-1] exec.JoinOperator: Initializing Operator: JOIN[15]
2024-04-24T05:15:37,653  INFO [pool-350-thread-1] exec.CommonJoinOperator: JOIN struct<_col0:int,_col1:int,_col4:int,_col5:boolean> totalsz = 4
2024-04-24T05:15:37,653  INFO [pool-350-thread-1] exec.FileSinkOperator: Initializing Operator: FS[49]
2024-04-24T05:15:37,653  INFO [pool-350-thread-1] exec.FileSinkOperator: Using serializer : AbstractSerDe [log=org.apache.logging.slf4j.Log4jLogger@614c7665, configuration=Optional[Configuration: core-default.xml, core-site.xml, mapred-default.xml, mapred-site.xml, yarn-default.xml, yarn-site.xml, hdfs-default.xml, hdfs-site.xml, file:/home/alex/Repositories/hive/ql/target/tmp/TestTxnCommandsWithSplitUpdateAndVectorization/mapred/local/localRunner/alex/job_local1997255335_0072/job_local1997255335_0072.xml], properties={columns=_col0,_col1,_col4,_col5, serialization.lib=org.apache.hadoop.hive.serde2.lazybinary.LazyBinarySerDe, columns.types=int,int,int,boolean, escape.delim=\, column.name.delimiter=,}, tableProperties={columns=_col0,_col1,_col4,_col5, serialization.lib=org.apache.hadoop.hive.serde2.lazybinary.LazyBinarySerDe, columns.types=int,int,int,boolean, column.name.delimiter=,, escape.delim=\}, partitionProperties=Optional.empty, columnNames=[_col0, _col1, _col4, _col5], columnTypes=[int, int, int, boolean], getClass()=class org.apache.hadoop.hive.serde2.lazybinary.LazyBinarySerDe] and formatter : org.apache.hadoop.hive.ql.io.HiveSequenceFileOutputFormat@2ab1bc08
2024-04-24T05:15:37,654  INFO [pool-350-thread-1] exec.CommonJoinOperator: Table 0 has 1 rows for join key []
2024-04-24T05:15:37,654  INFO [pool-350-thread-1] exec.CommonJoinOperator: Table 1 has 1 rows for join key []
2024-04-24T05:15:37,655  INFO [pool-350-thread-1] exec.FileSinkOperator: Final Path: FS file:/home/alex/Repositories/hive/ql/target/tmp/localscratchdir/c1668d89-b9c1-4180-9b20-b21a51bfebc8/hive_2024-04-24_05-15-35_177_564479641029660752-1/_tmp.-mr-10007/000000_0
2024-04-24T05:15:37,655  INFO [pool-350-thread-1] exec.FileSinkOperator: Writing to temp file: FS file:/home/alex/Repositories/hive/ql/target/tmp/localscratchdir/c1668d89-b9c1-4180-9b20-b21a51bfebc8/hive_2024-04-24_05-15-35_177_564479641029660752-1/_task_tmp.-mr-10007/_tmp.000000_0
2024-04-24T05:15:37,655  INFO [pool-350-thread-1] exec.FileSinkOperator: New Final Path: FS file:/home/alex/Repositories/hive/ql/target/tmp/localscratchdir/c1668d89-b9c1-4180-9b20-b21a51bfebc8/hive_2024-04-24_05-15-35_177_564479641029660752-1/_tmp.-mr-10007/000000_0
2024-04-24T05:15:37,662  INFO [pool-350-thread-1] exec.FileSinkOperator: FS[49]: records written - 1
2024-04-24T05:15:37,662  INFO [pool-350-thread-1] exec.JoinOperator: Closing Operator: JOIN[15]
2024-04-24T05:15:37,662  INFO [pool-350-thread-1] exec.JoinOperator: RECORDS_OUT_OPERATOR_JOIN_15:3, RECORDS_OUT_INTERMEDIATE:0, SKEWJOINFOLLOWUPJOBS:0, 
2024-04-24T05:15:37,662  INFO [pool-350-thread-1] exec.FileSinkOperator: Closing Operator: FS[49]
2024-04-24T05:15:37,662  INFO [pool-350-thread-1] exec.FileSinkOperator: FS[49]: records written - 3
2024-04-24T05:15:37,662  INFO [pool-350-thread-1] exec.FileSinkOperator: RECORDS_OUT_0:3, RECORDS_OUT_INTERMEDIATE:0, RECORDS_OUT_OPERATOR_FS_49:3, 
2024-04-24T05:15:37,663  INFO [pool-350-thread-1] mapred.Task: Task:attempt_local1997255335_0072_r_000000_0 is done. And is in the process of committing
2024-04-24T05:15:37,663  INFO [pool-350-thread-1] mapred.LocalJobRunner: reduce > reduce
2024-04-24T05:15:37,663  INFO [pool-350-thread-1] mapred.Task: Task 'attempt_local1997255335_0072_r_000000_0' done.
2024-04-24T05:15:37,663  INFO [pool-350-thread-1] mapred.Task: Final Counters for attempt_local1997255335_0072_r_000000_0: Counters: 35
	File System Counters
		FILE: Number of bytes read=1603884
		FILE: Number of bytes written=90288329
		FILE: Number of read operations=0
		FILE: Number of large read operations=0
		FILE: Number of write operations=0
		HDFS: Number of bytes read=0
		HDFS: Number of bytes written=0
		HDFS: Number of read operations=0
		HDFS: Number of large read operations=0
		HDFS: Number of write operations=0
	Map-Reduce Framework
		Combine input records=0
		Combine output records=0
		Reduce input groups=4
		Reduce shuffle bytes=69
		Reduce input records=4
		Reduce output records=0
		Spilled Records=4
		Shuffled Maps =2
		Failed Shuffles=0
		Merged Map outputs=2
		GC time elapsed (ms)=0
		Total committed heap usage (bytes)=1514668032
	HIVE
		CREATED_FILES=1
		RECORDS_OUT_0=3
		RECORDS_OUT_INTERMEDIATE=0
		RECORDS_OUT_OPERATOR_FS_49=3
		RECORDS_OUT_OPERATOR_JOIN_15=3
		SKEWJOINFOLLOWUPJOBS=0
	Shuffle Errors
		BAD_ID=0
		CONNECTION=0
		IO_ERROR=0
		WRONG_LENGTH=0
		WRONG_MAP=0
		WRONG_REDUCE=0
	File Output Format Counters 
		Bytes Written=0
2024-04-24T05:15:37,663  INFO [pool-350-thread-1] mapred.LocalJobRunner: Finishing task: attempt_local1997255335_0072_r_000000_0
2024-04-24T05:15:37,663  INFO [Thread-6009] mapred.LocalJobRunner: reduce task executor complete.
2024-04-24 05:15:38,569 Stage-5 map = 100%,  reduce = 100%
2024-04-24T05:15:38,570  INFO [main] exec.Task: 2024-04-24 05:15:38,569 Stage-5 map = 100%,  reduce = 100%
Ended Job = job_local1997255335_0072
2024-04-24T05:15:38,571  INFO [main] exec.Task: Ended Job = job_local1997255335_0072
Launching Job 3 out of 7
2024-04-24T05:15:38,574  INFO [main] ql.Driver: Launching Job 3 out of 7
2024-04-24T05:15:38,714  INFO [main] ql.Driver: Starting task [Stage-6:MAPRED] in serial mode
2024-04-24T05:15:38,714  INFO [main] exec.Utilities: Not using thread pool for getContentSummary
2024-04-24T05:15:38,715  INFO [main] exec.Utilities: BytesPerReducer=256000000 maxReducers=1009 totalInputFileSize=1618
Number of reduce tasks not specified. Estimated from input data size: 1
2024-04-24T05:15:38,715  INFO [main] exec.Task: Number of reduce tasks not specified. Estimated from input data size: 1
In order to change the average load for a reducer (in bytes):
2024-04-24T05:15:38,715  INFO [main] exec.Task: In order to change the average load for a reducer (in bytes):
  set hive.exec.reducers.bytes.per.reducer=<number>
2024-04-24T05:15:38,715  INFO [main] exec.Task:   set hive.exec.reducers.bytes.per.reducer=<number>
In order to limit the maximum number of reducers:
2024-04-24T05:15:38,715  INFO [main] exec.Task: In order to limit the maximum number of reducers:
  set hive.exec.reducers.max=<number>
2024-04-24T05:15:38,715  INFO [main] exec.Task:   set hive.exec.reducers.max=<number>
In order to set a constant number of reducers:
2024-04-24T05:15:38,715  INFO [main] exec.Task: In order to set a constant number of reducers:
  set mapreduce.job.reduces=<number>
2024-04-24T05:15:38,716  INFO [main] exec.Task:   set mapreduce.job.reduces=<number>
2024-04-24T05:15:38,718  INFO [main] mr.ExecDriver: Using org.apache.hadoop.hive.ql.io.HiveInputFormat
2024-04-24T05:15:38,718  INFO [main] exec.Utilities: Processing alias subq:$INTNAME
2024-04-24T05:15:38,718  INFO [main] exec.Utilities: Adding 2 inputs; the first input is file:/home/alex/Repositories/hive/ql/target/tmp/localscratchdir/c1668d89-b9c1-4180-9b20-b21a51bfebc8/hive_2024-04-24_05-15-35_177_564479641029660752-1/-mr-10007
2024-04-24T05:15:38,718  INFO [main] exec.Utilities: Processing alias subq:$hdt$_3:t
2024-04-24T05:15:38,718  INFO [main] exec.Utilities: Adding 2 inputs; the first input is file:/home/alex/Repositories/hive/ql/target/tmp/org.apache.hadoop.hive.ql.TestTxnCommands-1713960750541/warehouse/target
2024-04-24T05:15:38,727  INFO [main] exec.SerializationUtilities: Serializing MapWork using kryo
2024-04-24T05:15:38,728  INFO [main] exec.Utilities: Serialized plan (via FILE) - name: null size: 7,18KB
2024-04-24T05:15:38,733  INFO [main] exec.SerializationUtilities: Serializing ReduceWork using kryo
2024-04-24T05:15:38,735  INFO [main] exec.Utilities: Serialized plan (via FILE) - name: null size: 10,94KB
2024-04-24T05:15:38,736  WARN [main] impl.MetricsSystemImpl: JobTracker metrics system already initialized!
2024-04-24T05:15:38,748  WARN [main] impl.MetricsSystemImpl: JobTracker metrics system already initialized!
2024-04-24T05:15:38,754  WARN [main] mapreduce.JobResourceUploader: Hadoop command-line option parsing not performed. Implement the Tool interface and execute your application with ToolRunner to remedy this.
2024-04-24T05:15:38,759  WARN [main] mapreduce.JobResourceUploader: No job jar file set.  User classes may not be found. See Job or Job#setJar(String).
2024-04-24T05:15:38,760  INFO [main] io.HiveInputFormat: Generating splits as currentDirs is not empty. currentDirs: [file:/home/alex/Repositories/hive/ql/target/tmp/localscratchdir/c1668d89-b9c1-4180-9b20-b21a51bfebc8/hive_2024-04-24_05-15-35_177_564479641029660752-1/-mr-10007]
2024-04-24T05:15:38,760  INFO [main] io.HiveInputFormat: hive.io.file.readcolumn.ids = 0,1,2
2024-04-24T05:15:38,760  INFO [main] io.HiveInputFormat: hive.io.file.readcolumn.names = key,data,cur
2024-04-24T05:15:38,764  INFO [main] mapred.FileInputFormat: Total input files to process : 1
2024-04-24T05:15:38,764  INFO [main] io.HiveInputFormat: hive.io.file.readcolumn.ids = 0,1,2
2024-04-24T05:15:38,764  INFO [main] io.HiveInputFormat: hive.io.file.readcolumn.names = key,data,cur
2024-04-24T05:15:38,764  INFO [main] io.HiveInputFormat: Generating splits for dirs: file:/home/alex/Repositories/hive/ql/target/tmp/localscratchdir/c1668d89-b9c1-4180-9b20-b21a51bfebc8/hive_2024-04-24_05-15-35_177_564479641029660752-1/-mr-10007
2024-04-24T05:15:38,764  INFO [main] orc.OrcInputFormat: getSplits started
2024-04-24T05:15:38,764  INFO [main] orc.OrcInputFormat: Context:: isAcid: true isVectorMode: false sarg: null minSplitSize: 1 maxSplitSize: 256000000 splitStrategy: HYBRID footerInSplits: false numBuckets: 2 numThreads: 10 cacheMemSize: 268435456 cacheStripeDetails: true useSoftReference: false writeIdList: default.target:2:9223372036854775807:: isTransactionalTable: true txnProperties: default 
2024-04-24T05:15:38,764  INFO [main] orc.OrcInputFormat: ORC pushdown predicate: null
2024-04-24T05:15:38,776  INFO [main] orc.OrcInputFormat: FooterCacheHitRatio: 2/2
2024-04-24T05:15:38,776  INFO [main] orc.OrcInputFormat: getSplits finished (#splits: 2). duration: 12 ms
2024-04-24T05:15:38,777  INFO [main] io.HiveInputFormat: number of splits 3
2024-04-24T05:15:38,793  INFO [main] mapreduce.JobSubmitter: number of splits:3
2024-04-24T05:15:38,812  INFO [main] mapreduce.JobSubmitter: Submitting tokens for job: job_local815705366_0073
2024-04-24T05:15:38,812  INFO [main] mapreduce.JobSubmitter: Executing with tokens: []
2024-04-24T05:15:38,869  INFO [main] mapreduce.Job: The url to track the job: http://localhost:8080/
Job running in-process (local Hadoop)
2024-04-24T05:15:38,869  INFO [main] exec.Task: Job running in-process (local Hadoop)
2024-04-24T05:15:38,869  INFO [Thread-6065] mapred.LocalJobRunner: OutputCommitter set in config org.apache.hadoop.hive.ql.io.HiveFileFormatUtils$NullOutputCommitter
2024-04-24T05:15:38,870  INFO [Thread-6065] mapred.LocalJobRunner: OutputCommitter is org.apache.hadoop.hive.ql.io.HiveFileFormatUtils$NullOutputCommitter
2024-04-24T05:15:38,872  INFO [Thread-6065] mapred.LocalJobRunner: Waiting for map tasks
2024-04-24T05:15:38,872  INFO [LocalJobRunner Map Task Executor #0] mapred.LocalJobRunner: Starting task: attempt_local815705366_0073_m_000000_0
2024-04-24T05:15:38,872  INFO [LocalJobRunner Map Task Executor #0] mapred.Task:  Using ResourceCalculatorProcessTree : [ ]
2024-04-24T05:15:38,873  INFO [LocalJobRunner Map Task Executor #0] mapred.MapTask: Processing split: org.apache.hadoop.hive.ql.io.orc.OrcInputFormat:OrcSplit [file:/home/alex/Repositories/hive/ql/target/tmp/org.apache.hadoop.hive.ql.TestTxnCommands-1713960750541/warehouse/target/delta_0000001_0000001_0000/bucket_00001_0, start=3, length=354, isOriginal=false, fileLength=746, hasFooter=false, hasBase=true, deltas=0]
2024-04-24T05:15:38,873  INFO [LocalJobRunner Map Task Executor #0] exec.SerializationUtilities: Deserializing MapWork using kryo
2024-04-24T05:15:38,873  INFO [LocalJobRunner Map Task Executor #0] exec.Utilities: Deserialized plan (via FILE) - name: null size: 7,18KB
2024-04-24T05:15:38,875  INFO [LocalJobRunner Map Task Executor #0] orc.OrcRawRecordMerger: min key = null, max key = null
2024-04-24T05:15:38,875  INFO [LocalJobRunner Map Task Executor #0] orc.ReaderImpl: Reading ORC rows from file:/home/alex/Repositories/hive/ql/target/tmp/org.apache.hadoop.hive.ql.TestTxnCommands-1713960750541/warehouse/target/delta_0000001_0000001_0000/bucket_00001_0 with {include: [true, true, true, true], offset: 3, length: 354, schema: struct<key:int,data:int,cur:int>, includeAcidColumns: true}
2024-04-24T05:15:38,875  INFO [LocalJobRunner Map Task Executor #0] orc.OrcRawRecordMerger: updated min key = null, max key = null
2024-04-24T05:15:38,876  INFO [LocalJobRunner Map Task Executor #0] mapred.MapTask: numReduceTasks: 1
2024-04-24T05:15:38,880  INFO [LocalJobRunner Map Task Executor #0] mapred.MapTask: (EQUATOR) 0 kvi 26214396(104857584)
2024-04-24T05:15:38,880  INFO [LocalJobRunner Map Task Executor #0] mapred.MapTask: mapreduce.task.io.sort.mb: 100
2024-04-24T05:15:38,880  INFO [LocalJobRunner Map Task Executor #0] mapred.MapTask: soft limit at 83886080
2024-04-24T05:15:38,880  INFO [LocalJobRunner Map Task Executor #0] mapred.MapTask: bufstart = 0; bufvoid = 104857600
2024-04-24T05:15:38,880  INFO [LocalJobRunner Map Task Executor #0] mapred.MapTask: kvstart = 26214396; length = 6553600
2024-04-24T05:15:38,880  INFO [LocalJobRunner Map Task Executor #0] mapred.MapTask: Map output collector class = org.apache.hadoop.mapred.MapTask$MapOutputBuffer
2024-04-24T05:15:38,881  INFO [LocalJobRunner Map Task Executor #0] exec.MapOperator: Initializing Operator: MAP[0]
2024-04-24T05:15:38,882  INFO [LocalJobRunner Map Task Executor #0] mr.ExecMapper: 
<MAP>Id =0
  <Children>
    <TS>Id =50
      <Children>
        <RS>Id =16
          <Children>
          <\Children>
          <Parent>Id = 50 null<\Parent>
        <\RS>
      <\Children>
      <Parent>Id = 0 null<\Parent>
    <\TS>
    <TS>Id =7
      <Children>
        <FIL>Id =46
          <Children>
            <SEL>Id =9
              <Children>
                <RS>Id =17
                  <Children>
                  <\Children>
                  <Parent>Id = 9 null<\Parent>
                <\RS>
              <\Children>
              <Parent>Id = 46 null<\Parent>
            <\SEL>
          <\Children>
          <Parent>Id = 7 null<\Parent>
        <\FIL>
      <\Children>
      <Parent>Id = 0 null<\Parent>
    <\TS>
  <\Children>
  <Parent><\Parent>
<\MAP>
2024-04-24T05:15:38,883  INFO [LocalJobRunner Map Task Executor #0] exec.TableScanOperator: Initializing Operator: TS[50]
2024-04-24T05:15:38,883  INFO [LocalJobRunner Map Task Executor #0] exec.ReduceSinkOperator: Initializing Operator: RS[16]
2024-04-24T05:15:38,883  INFO [LocalJobRunner Map Task Executor #0] exec.ReduceSinkOperator: Using tag = 0
2024-04-24T05:15:38,883  INFO [LocalJobRunner Map Task Executor #0] exec.TableScanOperator: Initializing Operator: TS[7]
2024-04-24T05:15:38,883  INFO [LocalJobRunner Map Task Executor #0] exec.FilterOperator: Initializing Operator: FIL[46]
2024-04-24T05:15:38,883  INFO [LocalJobRunner Map Task Executor #0] exec.SelectOperator: Initializing Operator: SEL[9]
2024-04-24T05:15:38,883  INFO [LocalJobRunner Map Task Executor #0] exec.SelectOperator: SELECT struct<key:int,data:int,cur:int,row__id:struct<writeid:bigint,bucketid:int,rowid:bigint>>
2024-04-24T05:15:38,883  INFO [LocalJobRunner Map Task Executor #0] exec.ReduceSinkOperator: Initializing Operator: RS[17]
2024-04-24T05:15:38,883  INFO [LocalJobRunner Map Task Executor #0] exec.ReduceSinkOperator: Using tag = 1
2024-04-24T05:15:38,884  INFO [LocalJobRunner Map Task Executor #0] exec.MapOperator: MAP[0]: records read - 1
2024-04-24T05:15:38,884  INFO [LocalJobRunner Map Task Executor #0] exec.ReduceSinkOperator: keys are [reducesinkkey0] num distributions: 1
2024-04-24T05:15:38,884  INFO [LocalJobRunner Map Task Executor #0] exec.ReduceSinkOperator: RS[17]: records written - 1
2024-04-24T05:15:38,884  INFO [LocalJobRunner Map Task Executor #0] exec.MapOperator: Closing Operator: MAP[0]
2024-04-24T05:15:38,884  INFO [LocalJobRunner Map Task Executor #0] exec.MapOperator: MAP[0]: Total records read - 2. abort - false
2024-04-24T05:15:38,884  INFO [LocalJobRunner Map Task Executor #0] exec.MapOperator: RECORDS_IN:2, RECORDS_OUT_OPERATOR_MAP_0:0, DESERIALIZE_ERRORS:0, RECORDS_OUT_INTERMEDIATE:0, 
2024-04-24T05:15:38,884  INFO [LocalJobRunner Map Task Executor #0] exec.TableScanOperator: Closing Operator: TS[50]
2024-04-24T05:15:38,884  INFO [LocalJobRunner Map Task Executor #0] exec.TableScanOperator: RECORDS_OUT_OPERATOR_TS_50:0, RECORDS_OUT_INTERMEDIATE:0, 
2024-04-24T05:15:38,884  INFO [LocalJobRunner Map Task Executor #0] exec.ReduceSinkOperator: Closing Operator: RS[16]
2024-04-24T05:15:38,884  INFO [LocalJobRunner Map Task Executor #0] exec.ReduceSinkOperator: RS[16]: Total records written - 0. abort - false
2024-04-24T05:15:38,884  INFO [LocalJobRunner Map Task Executor #0] exec.ReduceSinkOperator: RECORDS_OUT_INTERMEDIATE:0, RECORDS_OUT_OPERATOR_RS_16:0, 
2024-04-24T05:15:38,884  INFO [LocalJobRunner Map Task Executor #0] exec.TableScanOperator: Closing Operator: TS[7]
2024-04-24T05:15:38,884  INFO [LocalJobRunner Map Task Executor #0] exec.TableScanOperator: RECORDS_OUT_INTERMEDIATE:0, RECORDS_OUT_OPERATOR_TS_7:2, 
2024-04-24T05:15:38,884  INFO [LocalJobRunner Map Task Executor #0] exec.FilterOperator: Closing Operator: FIL[46]
2024-04-24T05:15:38,884  INFO [LocalJobRunner Map Task Executor #0] exec.FilterOperator: RECORDS_OUT_OPERATOR_FIL_46:1, RECORDS_OUT_INTERMEDIATE:0, 
2024-04-24T05:15:38,884  INFO [LocalJobRunner Map Task Executor #0] exec.SelectOperator: Closing Operator: SEL[9]
2024-04-24T05:15:38,884  INFO [LocalJobRunner Map Task Executor #0] exec.SelectOperator: RECORDS_OUT_OPERATOR_SEL_9:1, RECORDS_OUT_INTERMEDIATE:0, 
2024-04-24T05:15:38,884  INFO [LocalJobRunner Map Task Executor #0] exec.ReduceSinkOperator: Closing Operator: RS[17]
2024-04-24T05:15:38,884  INFO [LocalJobRunner Map Task Executor #0] exec.ReduceSinkOperator: RS[17]: Total records written - 1. abort - false
2024-04-24T05:15:38,884  INFO [LocalJobRunner Map Task Executor #0] exec.ReduceSinkOperator: RECORDS_OUT_OPERATOR_RS_17:1, RECORDS_OUT_INTERMEDIATE:1, 
2024-04-24T05:15:38,885  INFO [LocalJobRunner Map Task Executor #0] mapred.LocalJobRunner: 
2024-04-24T05:15:38,885  INFO [LocalJobRunner Map Task Executor #0] mapred.MapTask: Starting flush of map output
2024-04-24T05:15:38,885  INFO [LocalJobRunner Map Task Executor #0] mapred.MapTask: Spilling map output
2024-04-24T05:15:38,885  INFO [LocalJobRunner Map Task Executor #0] mapred.MapTask: bufstart = 0; bufend = 29; bufvoid = 104857600
2024-04-24T05:15:38,885  INFO [LocalJobRunner Map Task Executor #0] mapred.MapTask: kvstart = 26214396(104857584); kvend = 26214396(104857584); length = 1/6553600
2024-04-24T05:15:38,896  INFO [LocalJobRunner Map Task Executor #0] mapred.MapTask: Finished spill 0
2024-04-24T05:15:38,898  INFO [LocalJobRunner Map Task Executor #0] mapred.Task: Task:attempt_local815705366_0073_m_000000_0 is done. And is in the process of committing
2024-04-24T05:15:38,899  INFO [LocalJobRunner Map Task Executor #0] mapred.LocalJobRunner: OrcSplit [file:/home/alex/Repositories/hive/ql/target/tmp/org.apache.hadoop.hive.ql.TestTxnCommands-1713960750541/warehouse/target/delta_0000001_0000001_0000/bucket_00001_0, start=3, length=354, isOriginal=false, fileLength=746, hasFooter=false, hasBase=true, deltas=0]
2024-04-24T05:15:38,899  INFO [LocalJobRunner Map Task Executor #0] mapred.Task: Task 'attempt_local815705366_0073_m_000000_0' done.
2024-04-24T05:15:38,899  INFO [LocalJobRunner Map Task Executor #0] mapred.Task: Final Counters for attempt_local815705366_0073_m_000000_0: Counters: 32
	File System Counters
		FILE: Number of bytes read=1615611
		FILE: Number of bytes written=91543315
		FILE: Number of read operations=0
		FILE: Number of large read operations=0
		FILE: Number of write operations=0
		HDFS: Number of bytes read=0
		HDFS: Number of bytes written=0
		HDFS: Number of read operations=0
		HDFS: Number of large read operations=0
		HDFS: Number of write operations=0
	Map-Reduce Framework
		Map input records=2
		Map output records=1
		Map output bytes=29
		Map output materialized bytes=37
		Input split bytes=493
		Combine input records=0
		Spilled Records=1
		Failed Shuffles=0
		Merged Map outputs=0
		GC time elapsed (ms)=0
		Total committed heap usage (bytes)=1514668032
	HIVE
		DESERIALIZE_ERRORS=0
		RECORDS_IN=2
		RECORDS_OUT_INTERMEDIATE=1
		RECORDS_OUT_OPERATOR_FIL_46=1
		RECORDS_OUT_OPERATOR_MAP_0=0
		RECORDS_OUT_OPERATOR_RS_16=0
		RECORDS_OUT_OPERATOR_RS_17=1
		RECORDS_OUT_OPERATOR_SEL_9=1
		RECORDS_OUT_OPERATOR_TS_50=0
		RECORDS_OUT_OPERATOR_TS_7=2
	File Input Format Counters 
		Bytes Read=10311
2024-04-24T05:15:38,899  INFO [LocalJobRunner Map Task Executor #0] mapred.LocalJobRunner: Finishing task: attempt_local815705366_0073_m_000000_0
2024-04-24T05:15:38,899  INFO [LocalJobRunner Map Task Executor #0] mapred.LocalJobRunner: Starting task: attempt_local815705366_0073_m_000001_0
2024-04-24T05:15:38,899  INFO [LocalJobRunner Map Task Executor #0] mapred.Task:  Using ResourceCalculatorProcessTree : [ ]
2024-04-24T05:15:38,900  INFO [LocalJobRunner Map Task Executor #0] mapred.MapTask: Processing split: org.apache.hadoop.hive.ql.io.orc.OrcInputFormat:OrcSplit [file:/home/alex/Repositories/hive/ql/target/tmp/org.apache.hadoop.hive.ql.TestTxnCommands-1713960750541/warehouse/target/delta_0000001_0000001_0000/bucket_00000_0, start=3, length=343, isOriginal=false, fileLength=714, hasFooter=false, hasBase=true, deltas=0]
2024-04-24T05:15:38,900  INFO [LocalJobRunner Map Task Executor #0] exec.SerializationUtilities: Deserializing MapWork using kryo
2024-04-24T05:15:38,901  INFO [LocalJobRunner Map Task Executor #0] exec.Utilities: Deserialized plan (via FILE) - name: null size: 7,18KB
2024-04-24T05:15:38,901  INFO [LocalJobRunner Map Task Executor #0] orc.OrcRawRecordMerger: min key = null, max key = null
2024-04-24T05:15:38,901  INFO [LocalJobRunner Map Task Executor #0] orc.ReaderImpl: Reading ORC rows from file:/home/alex/Repositories/hive/ql/target/tmp/org.apache.hadoop.hive.ql.TestTxnCommands-1713960750541/warehouse/target/delta_0000001_0000001_0000/bucket_00000_0 with {include: [true, true, true, true], offset: 3, length: 343, schema: struct<key:int,data:int,cur:int>, includeAcidColumns: true}
2024-04-24T05:15:38,902  INFO [LocalJobRunner Map Task Executor #0] orc.OrcRawRecordMerger: updated min key = null, max key = null
2024-04-24T05:15:38,902  INFO [LocalJobRunner Map Task Executor #0] mapred.MapTask: numReduceTasks: 1
2024-04-24T05:15:38,906  INFO [LocalJobRunner Map Task Executor #0] mapred.MapTask: (EQUATOR) 0 kvi 26214396(104857584)
2024-04-24T05:15:38,906  INFO [LocalJobRunner Map Task Executor #0] mapred.MapTask: mapreduce.task.io.sort.mb: 100
2024-04-24T05:15:38,906  INFO [LocalJobRunner Map Task Executor #0] mapred.MapTask: soft limit at 83886080
2024-04-24T05:15:38,906  INFO [LocalJobRunner Map Task Executor #0] mapred.MapTask: bufstart = 0; bufvoid = 104857600
2024-04-24T05:15:38,906  INFO [LocalJobRunner Map Task Executor #0] mapred.MapTask: kvstart = 26214396; length = 6553600
2024-04-24T05:15:38,906  INFO [LocalJobRunner Map Task Executor #0] mapred.MapTask: Map output collector class = org.apache.hadoop.mapred.MapTask$MapOutputBuffer
2024-04-24T05:15:38,907  INFO [LocalJobRunner Map Task Executor #0] exec.MapOperator: Initializing Operator: MAP[0]
2024-04-24T05:15:38,908  INFO [LocalJobRunner Map Task Executor #0] mr.ExecMapper: 
<MAP>Id =0
  <Children>
    <TS>Id =50
      <Children>
        <RS>Id =16
          <Children>
          <\Children>
          <Parent>Id = 50 null<\Parent>
        <\RS>
      <\Children>
      <Parent>Id = 0 null<\Parent>
    <\TS>
    <TS>Id =7
      <Children>
        <FIL>Id =46
          <Children>
            <SEL>Id =9
              <Children>
                <RS>Id =17
                  <Children>
                  <\Children>
                  <Parent>Id = 9 null<\Parent>
                <\RS>
              <\Children>
              <Parent>Id = 46 null<\Parent>
            <\SEL>
          <\Children>
          <Parent>Id = 7 null<\Parent>
        <\FIL>
      <\Children>
      <Parent>Id = 0 null<\Parent>
    <\TS>
  <\Children>
  <Parent><\Parent>
<\MAP>
2024-04-24T05:15:38,908  INFO [LocalJobRunner Map Task Executor #0] exec.TableScanOperator: Initializing Operator: TS[7]
2024-04-24T05:15:38,909  INFO [LocalJobRunner Map Task Executor #0] exec.FilterOperator: Initializing Operator: FIL[46]
2024-04-24T05:15:38,909  INFO [LocalJobRunner Map Task Executor #0] exec.SelectOperator: Initializing Operator: SEL[9]
2024-04-24T05:15:38,909  INFO [LocalJobRunner Map Task Executor #0] exec.SelectOperator: SELECT struct<key:int,data:int,cur:int,row__id:struct<writeid:bigint,bucketid:int,rowid:bigint>>
2024-04-24T05:15:38,909  INFO [LocalJobRunner Map Task Executor #0] exec.ReduceSinkOperator: Initializing Operator: RS[17]
2024-04-24T05:15:38,909  INFO [LocalJobRunner Map Task Executor #0] exec.ReduceSinkOperator: Using tag = 1
2024-04-24T05:15:38,909  INFO [LocalJobRunner Map Task Executor #0] exec.TableScanOperator: Initializing Operator: TS[50]
2024-04-24T05:15:38,909  INFO [LocalJobRunner Map Task Executor #0] exec.ReduceSinkOperator: Initializing Operator: RS[16]
2024-04-24T05:15:38,909  INFO [LocalJobRunner Map Task Executor #0] exec.ReduceSinkOperator: Using tag = 0
2024-04-24T05:15:38,909  INFO [LocalJobRunner Map Task Executor #0] exec.ReduceSinkOperator: keys are [reducesinkkey0] num distributions: 1
2024-04-24T05:15:38,910  INFO [LocalJobRunner Map Task Executor #0] exec.ReduceSinkOperator: RS[17]: records written - 1
2024-04-24T05:15:38,910  INFO [LocalJobRunner Map Task Executor #0] exec.MapOperator: MAP[0]: records read - 1
2024-04-24T05:15:38,910  INFO [LocalJobRunner Map Task Executor #0] exec.MapOperator: Closing Operator: MAP[0]
2024-04-24T05:15:38,910  INFO [LocalJobRunner Map Task Executor #0] exec.MapOperator: MAP[0]: Total records read - 1. abort - false
2024-04-24T05:15:38,910  INFO [LocalJobRunner Map Task Executor #0] exec.MapOperator: RECORDS_OUT_OPERATOR_MAP_0:0, DESERIALIZE_ERRORS:0, RECORDS_IN:1, RECORDS_OUT_INTERMEDIATE:0, 
2024-04-24T05:15:38,910  INFO [LocalJobRunner Map Task Executor #0] exec.TableScanOperator: Closing Operator: TS[50]
2024-04-24T05:15:38,910  INFO [LocalJobRunner Map Task Executor #0] exec.TableScanOperator: RECORDS_OUT_OPERATOR_TS_50:0, RECORDS_OUT_INTERMEDIATE:0, 
2024-04-24T05:15:38,910  INFO [LocalJobRunner Map Task Executor #0] exec.ReduceSinkOperator: Closing Operator: RS[16]
2024-04-24T05:15:38,910  INFO [LocalJobRunner Map Task Executor #0] exec.ReduceSinkOperator: RS[16]: Total records written - 0. abort - false
2024-04-24T05:15:38,910  INFO [LocalJobRunner Map Task Executor #0] exec.ReduceSinkOperator: RECORDS_OUT_INTERMEDIATE:0, RECORDS_OUT_OPERATOR_RS_16:0, 
2024-04-24T05:15:38,910  INFO [LocalJobRunner Map Task Executor #0] exec.TableScanOperator: Closing Operator: TS[7]
2024-04-24T05:15:38,910  INFO [LocalJobRunner Map Task Executor #0] exec.TableScanOperator: RECORDS_OUT_INTERMEDIATE:0, RECORDS_OUT_OPERATOR_TS_7:1, 
2024-04-24T05:15:38,910  INFO [LocalJobRunner Map Task Executor #0] exec.FilterOperator: Closing Operator: FIL[46]
2024-04-24T05:15:38,910  INFO [LocalJobRunner Map Task Executor #0] exec.FilterOperator: RECORDS_OUT_INTERMEDIATE:0, RECORDS_OUT_OPERATOR_FIL_46:1, 
2024-04-24T05:15:38,910  INFO [LocalJobRunner Map Task Executor #0] exec.SelectOperator: Closing Operator: SEL[9]
2024-04-24T05:15:38,910  INFO [LocalJobRunner Map Task Executor #0] exec.SelectOperator: RECORDS_OUT_OPERATOR_SEL_9:1, RECORDS_OUT_INTERMEDIATE:0, 
2024-04-24T05:15:38,910  INFO [LocalJobRunner Map Task Executor #0] exec.ReduceSinkOperator: Closing Operator: RS[17]
2024-04-24T05:15:38,910  INFO [LocalJobRunner Map Task Executor #0] exec.ReduceSinkOperator: RS[17]: Total records written - 1. abort - false
2024-04-24T05:15:38,910  INFO [LocalJobRunner Map Task Executor #0] exec.ReduceSinkOperator: RECORDS_OUT_INTERMEDIATE:1, RECORDS_OUT_OPERATOR_RS_17:1, 
2024-04-24T05:15:38,911  INFO [LocalJobRunner Map Task Executor #0] mapred.LocalJobRunner: 
2024-04-24T05:15:38,911  INFO [LocalJobRunner Map Task Executor #0] mapred.MapTask: Starting flush of map output
2024-04-24T05:15:38,911  INFO [LocalJobRunner Map Task Executor #0] mapred.MapTask: Spilling map output
2024-04-24T05:15:38,911  INFO [LocalJobRunner Map Task Executor #0] mapred.MapTask: bufstart = 0; bufend = 29; bufvoid = 104857600
2024-04-24T05:15:38,911  INFO [LocalJobRunner Map Task Executor #0] mapred.MapTask: kvstart = 26214396(104857584); kvend = 26214396(104857584); length = 1/6553600
2024-04-24T05:15:38,919  INFO [LocalJobRunner Map Task Executor #0] mapred.MapTask: Finished spill 0
2024-04-24T05:15:38,921  INFO [LocalJobRunner Map Task Executor #0] mapred.Task: Task:attempt_local815705366_0073_m_000001_0 is done. And is in the process of committing
2024-04-24T05:15:38,922  INFO [LocalJobRunner Map Task Executor #0] mapred.LocalJobRunner: OrcSplit [file:/home/alex/Repositories/hive/ql/target/tmp/org.apache.hadoop.hive.ql.TestTxnCommands-1713960750541/warehouse/target/delta_0000001_0000001_0000/bucket_00000_0, start=3, length=343, isOriginal=false, fileLength=714, hasFooter=false, hasBase=true, deltas=0]
2024-04-24T05:15:38,922  INFO [LocalJobRunner Map Task Executor #0] mapred.Task: Task 'attempt_local815705366_0073_m_000001_0' done.
2024-04-24T05:15:38,922  INFO [LocalJobRunner Map Task Executor #0] mapred.Task: Final Counters for attempt_local815705366_0073_m_000001_0: Counters: 32
	File System Counters
		FILE: Number of bytes read=1627140
		FILE: Number of bytes written=91543384
		FILE: Number of read operations=0
		FILE: Number of large read operations=0
		FILE: Number of write operations=0
		HDFS: Number of bytes read=0
		HDFS: Number of bytes written=0
		HDFS: Number of read operations=0
		HDFS: Number of large read operations=0
		HDFS: Number of write operations=0
	Map-Reduce Framework
		Map input records=1
		Map output records=1
		Map output bytes=29
		Map output materialized bytes=37
		Input split bytes=493
		Combine input records=0
		Spilled Records=1
		Failed Shuffles=0
		Merged Map outputs=0
		GC time elapsed (ms)=0
		Total committed heap usage (bytes)=1514668032
	HIVE
		DESERIALIZE_ERRORS=0
		RECORDS_IN=1
		RECORDS_OUT_INTERMEDIATE=1
		RECORDS_OUT_OPERATOR_FIL_46=1
		RECORDS_OUT_OPERATOR_MAP_0=0
		RECORDS_OUT_OPERATOR_RS_16=0
		RECORDS_OUT_OPERATOR_RS_17=1
		RECORDS_OUT_OPERATOR_SEL_9=1
		RECORDS_OUT_OPERATOR_TS_50=0
		RECORDS_OUT_OPERATOR_TS_7=1
	File Input Format Counters 
		Bytes Read=10183
2024-04-24T05:15:38,922  INFO [LocalJobRunner Map Task Executor #0] mapred.LocalJobRunner: Finishing task: attempt_local815705366_0073_m_000001_0
2024-04-24T05:15:38,922  INFO [LocalJobRunner Map Task Executor #0] mapred.LocalJobRunner: Starting task: attempt_local815705366_0073_m_000002_0
2024-04-24T05:15:38,922  INFO [LocalJobRunner Map Task Executor #0] mapred.Task:  Using ResourceCalculatorProcessTree : [ ]
2024-04-24T05:15:38,923  INFO [LocalJobRunner Map Task Executor #0] mapred.MapTask: Processing split: org.apache.hadoop.mapred.SequenceFileInputFormat:file:/home/alex/Repositories/hive/ql/target/tmp/localscratchdir/c1668d89-b9c1-4180-9b20-b21a51bfebc8/hive_2024-04-24_05-15-35_177_564479641029660752-1/-mr-10007/000000_0:0+157
2024-04-24T05:15:38,923  INFO [LocalJobRunner Map Task Executor #0] exec.SerializationUtilities: Deserializing MapWork using kryo
2024-04-24T05:15:38,924  INFO [LocalJobRunner Map Task Executor #0] exec.Utilities: Deserialized plan (via FILE) - name: null size: 7,18KB
2024-04-24T05:15:38,925  INFO [LocalJobRunner Map Task Executor #0] mapred.MapTask: numReduceTasks: 1
2024-04-24T05:15:38,929  INFO [LocalJobRunner Map Task Executor #0] mapred.MapTask: (EQUATOR) 0 kvi 26214396(104857584)
2024-04-24T05:15:38,929  INFO [LocalJobRunner Map Task Executor #0] mapred.MapTask: mapreduce.task.io.sort.mb: 100
2024-04-24T05:15:38,929  INFO [LocalJobRunner Map Task Executor #0] mapred.MapTask: soft limit at 83886080
2024-04-24T05:15:38,929  INFO [LocalJobRunner Map Task Executor #0] mapred.MapTask: bufstart = 0; bufvoid = 104857600
2024-04-24T05:15:38,929  INFO [LocalJobRunner Map Task Executor #0] mapred.MapTask: kvstart = 26214396; length = 6553600
2024-04-24T05:15:38,929  INFO [LocalJobRunner Map Task Executor #0] mapred.MapTask: Map output collector class = org.apache.hadoop.mapred.MapTask$MapOutputBuffer
2024-04-24T05:15:38,929  INFO [LocalJobRunner Map Task Executor #0] exec.MapOperator: Initializing Operator: MAP[0]
2024-04-24T05:15:38,931  INFO [LocalJobRunner Map Task Executor #0] mr.ExecMapper: 
<MAP>Id =0
  <Children>
    <TS>Id =50
      <Children>
        <RS>Id =16
          <Children>
          <\Children>
          <Parent>Id = 50 null<\Parent>
        <\RS>
      <\Children>
      <Parent>Id = 0 null<\Parent>
    <\TS>
    <TS>Id =7
      <Children>
        <FIL>Id =46
          <Children>
            <SEL>Id =9
              <Children>
                <RS>Id =17
                  <Children>
                  <\Children>
                  <Parent>Id = 9 null<\Parent>
                <\RS>
              <\Children>
              <Parent>Id = 46 null<\Parent>
            <\SEL>
          <\Children>
          <Parent>Id = 7 null<\Parent>
        <\FIL>
      <\Children>
      <Parent>Id = 0 null<\Parent>
    <\TS>
  <\Children>
  <Parent><\Parent>
<\MAP>
2024-04-24T05:15:38,932  INFO [LocalJobRunner Map Task Executor #0] exec.TableScanOperator: Initializing Operator: TS[7]
2024-04-24T05:15:38,932  INFO [LocalJobRunner Map Task Executor #0] exec.FilterOperator: Initializing Operator: FIL[46]
2024-04-24T05:15:38,932  INFO [LocalJobRunner Map Task Executor #0] exec.SelectOperator: Initializing Operator: SEL[9]
2024-04-24T05:15:38,932  INFO [LocalJobRunner Map Task Executor #0] exec.SelectOperator: SELECT struct<key:int,data:int,cur:int,row__id:struct<writeid:bigint,bucketid:int,rowid:bigint>>
2024-04-24T05:15:38,932  INFO [LocalJobRunner Map Task Executor #0] exec.ReduceSinkOperator: Initializing Operator: RS[17]
2024-04-24T05:15:38,932  INFO [LocalJobRunner Map Task Executor #0] exec.ReduceSinkOperator: Using tag = 1
2024-04-24T05:15:38,932  INFO [LocalJobRunner Map Task Executor #0] exec.TableScanOperator: Initializing Operator: TS[50]
2024-04-24T05:15:38,932  INFO [LocalJobRunner Map Task Executor #0] exec.ReduceSinkOperator: Initializing Operator: RS[16]
2024-04-24T05:15:38,932  INFO [LocalJobRunner Map Task Executor #0] exec.ReduceSinkOperator: Using tag = 0
2024-04-24T05:15:38,932  INFO [LocalJobRunner Map Task Executor #0] exec.ReduceSinkOperator: keys are [reducesinkkey0] num distributions: 1
2024-04-24T05:15:38,932  INFO [LocalJobRunner Map Task Executor #0] exec.ReduceSinkOperator: RS[16]: records written - 1
2024-04-24T05:15:38,933  INFO [LocalJobRunner Map Task Executor #0] exec.MapOperator: MAP[0]: records read - 1
2024-04-24T05:15:38,933  INFO [LocalJobRunner Map Task Executor #0] exec.MapOperator: Closing Operator: MAP[0]
2024-04-24T05:15:38,933  INFO [LocalJobRunner Map Task Executor #0] exec.MapOperator: MAP[0]: Total records read - 3. abort - false
2024-04-24T05:15:38,933  INFO [LocalJobRunner Map Task Executor #0] exec.MapOperator: DESERIALIZE_ERRORS:0, RECORDS_OUT_INTERMEDIATE:0, RECORDS_OUT_OPERATOR_MAP_0:0, RECORDS_IN:3, 
2024-04-24T05:15:38,933  INFO [LocalJobRunner Map Task Executor #0] exec.TableScanOperator: Closing Operator: TS[50]
2024-04-24T05:15:38,933  INFO [LocalJobRunner Map Task Executor #0] exec.TableScanOperator: RECORDS_OUT_OPERATOR_TS_50:3, RECORDS_OUT_INTERMEDIATE:0, 
2024-04-24T05:15:38,933  INFO [LocalJobRunner Map Task Executor #0] exec.ReduceSinkOperator: Closing Operator: RS[16]
2024-04-24T05:15:38,933  INFO [LocalJobRunner Map Task Executor #0] exec.ReduceSinkOperator: RS[16]: Total records written - 3. abort - false
2024-04-24T05:15:38,933  INFO [LocalJobRunner Map Task Executor #0] exec.ReduceSinkOperator: RECORDS_OUT_INTERMEDIATE:3, RECORDS_OUT_OPERATOR_RS_16:3, 
2024-04-24T05:15:38,933  INFO [LocalJobRunner Map Task Executor #0] exec.TableScanOperator: Closing Operator: TS[7]
2024-04-24T05:15:38,933  INFO [LocalJobRunner Map Task Executor #0] exec.TableScanOperator: RECORDS_OUT_INTERMEDIATE:0, RECORDS_OUT_OPERATOR_TS_7:0, 
2024-04-24T05:15:38,933  INFO [LocalJobRunner Map Task Executor #0] exec.FilterOperator: Closing Operator: FIL[46]
2024-04-24T05:15:38,933  INFO [LocalJobRunner Map Task Executor #0] exec.FilterOperator: RECORDS_OUT_INTERMEDIATE:0, RECORDS_OUT_OPERATOR_FIL_46:0, 
2024-04-24T05:15:38,933  INFO [LocalJobRunner Map Task Executor #0] exec.SelectOperator: Closing Operator: SEL[9]
2024-04-24T05:15:38,933  INFO [LocalJobRunner Map Task Executor #0] exec.SelectOperator: RECORDS_OUT_INTERMEDIATE:0, RECORDS_OUT_OPERATOR_SEL_9:0, 
2024-04-24T05:15:38,933  INFO [LocalJobRunner Map Task Executor #0] exec.ReduceSinkOperator: Closing Operator: RS[17]
2024-04-24T05:15:38,933  INFO [LocalJobRunner Map Task Executor #0] exec.ReduceSinkOperator: RS[17]: Total records written - 0. abort - false
2024-04-24T05:15:38,933  INFO [LocalJobRunner Map Task Executor #0] exec.ReduceSinkOperator: RECORDS_OUT_OPERATOR_RS_17:0, RECORDS_OUT_INTERMEDIATE:0, 
2024-04-24T05:15:38,934  INFO [LocalJobRunner Map Task Executor #0] mapred.LocalJobRunner: 
2024-04-24T05:15:38,934  INFO [LocalJobRunner Map Task Executor #0] mapred.MapTask: Starting flush of map output
2024-04-24T05:15:38,934  INFO [LocalJobRunner Map Task Executor #0] mapred.MapTask: Spilling map output
2024-04-24T05:15:38,934  INFO [LocalJobRunner Map Task Executor #0] mapred.MapTask: bufstart = 0; bufend = 52; bufvoid = 104857600
2024-04-24T05:15:38,934  INFO [LocalJobRunner Map Task Executor #0] mapred.MapTask: kvstart = 26214396(104857584); kvend = 26214388(104857552); length = 9/6553600
2024-04-24T05:15:38,941  INFO [LocalJobRunner Map Task Executor #0] mapred.MapTask: Finished spill 0
2024-04-24T05:15:38,944  INFO [LocalJobRunner Map Task Executor #0] mapred.Task: Task:attempt_local815705366_0073_m_000002_0 is done. And is in the process of committing
2024-04-24T05:15:38,945  INFO [LocalJobRunner Map Task Executor #0] mapred.LocalJobRunner: file:/home/alex/Repositories/hive/ql/target/tmp/localscratchdir/c1668d89-b9c1-4180-9b20-b21a51bfebc8/hive_2024-04-24_05-15-35_177_564479641029660752-1/-mr-10007/000000_0:0+157
2024-04-24T05:15:38,945  INFO [LocalJobRunner Map Task Executor #0] mapred.Task: Task 'attempt_local815705366_0073_m_000002_0' done.
2024-04-24T05:15:38,945  INFO [LocalJobRunner Map Task Executor #0] mapred.Task: Final Counters for attempt_local815705366_0073_m_000002_0: Counters: 32
	File System Counters
		FILE: Number of bytes read=1635559
		FILE: Number of bytes written=91543480
		FILE: Number of read operations=0
		FILE: Number of large read operations=0
		FILE: Number of write operations=0
		HDFS: Number of bytes read=0
		HDFS: Number of bytes written=0
		HDFS: Number of read operations=0
		HDFS: Number of large read operations=0
		HDFS: Number of write operations=0
	Map-Reduce Framework
		Map input records=3
		Map output records=3
		Map output bytes=52
		Map output materialized bytes=64
		Input split bytes=333
		Combine input records=0
		Spilled Records=3
		Failed Shuffles=0
		Merged Map outputs=0
		GC time elapsed (ms)=0
		Total committed heap usage (bytes)=1514668032
	HIVE
		DESERIALIZE_ERRORS=0
		RECORDS_IN=3
		RECORDS_OUT_INTERMEDIATE=3
		RECORDS_OUT_OPERATOR_FIL_46=0
		RECORDS_OUT_OPERATOR_MAP_0=0
		RECORDS_OUT_OPERATOR_RS_16=3
		RECORDS_OUT_OPERATOR_RS_17=0
		RECORDS_OUT_OPERATOR_SEL_9=0
		RECORDS_OUT_OPERATOR_TS_50=3
		RECORDS_OUT_OPERATOR_TS_7=0
	File Input Format Counters 
		Bytes Read=7585
2024-04-24T05:15:38,945  INFO [LocalJobRunner Map Task Executor #0] mapred.LocalJobRunner: Finishing task: attempt_local815705366_0073_m_000002_0
2024-04-24T05:15:38,945  INFO [Thread-6065] mapred.LocalJobRunner: map task executor complete.
2024-04-24T05:15:38,946  INFO [Thread-6065] mapred.LocalJobRunner: Waiting for reduce tasks
2024-04-24T05:15:38,946  INFO [pool-353-thread-1] mapred.LocalJobRunner: Starting task: attempt_local815705366_0073_r_000000_0
2024-04-24T05:15:38,946  INFO [pool-353-thread-1] mapred.Task:  Using ResourceCalculatorProcessTree : [ ]
2024-04-24T05:15:38,946  INFO [pool-353-thread-1] mapred.ReduceTask: Using ShuffleConsumerPlugin: org.apache.hadoop.mapreduce.task.reduce.Shuffle@69af449a
2024-04-24T05:15:38,946  WARN [pool-353-thread-1] impl.MetricsSystemImpl: JobTracker metrics system already initialized!
2024-04-24T05:15:38,947  INFO [pool-353-thread-1] reduce.MergeManagerImpl: MergerManager: memoryLimit=1336252800, maxSingleShuffleLimit=334063200, mergeThreshold=881926912, ioSortFactor=10, memToMemMergeOutputsThreshold=10
2024-04-24T05:15:38,948  INFO [EventFetcher for fetching Map Completion Events] reduce.EventFetcher: attempt_local815705366_0073_r_000000_0 Thread started: EventFetcher for fetching Map Completion Events
2024-04-24T05:15:38,948  INFO [localfetcher#97] reduce.LocalFetcher: localfetcher#97 about to shuffle output of map attempt_local815705366_0073_m_000002_0 decomp: 60 len: 64 to MEMORY
2024-04-24T05:15:38,949  INFO [localfetcher#97] reduce.InMemoryMapOutput: Read 60 bytes from map-output for attempt_local815705366_0073_m_000002_0
2024-04-24T05:15:38,949  INFO [localfetcher#97] reduce.MergeManagerImpl: closeInMemoryFile -> map-output of size: 60, inMemoryMapOutputs.size() -> 1, commitMemory -> 0, usedMemory ->60
2024-04-24T05:15:38,951  INFO [localfetcher#97] reduce.LocalFetcher: localfetcher#97 about to shuffle output of map attempt_local815705366_0073_m_000001_0 decomp: 33 len: 37 to MEMORY
2024-04-24T05:15:38,951  INFO [localfetcher#97] reduce.InMemoryMapOutput: Read 33 bytes from map-output for attempt_local815705366_0073_m_000001_0
2024-04-24T05:15:38,951  INFO [localfetcher#97] reduce.MergeManagerImpl: closeInMemoryFile -> map-output of size: 33, inMemoryMapOutputs.size() -> 2, commitMemory -> 60, usedMemory ->93
2024-04-24T05:15:38,954  INFO [localfetcher#97] reduce.LocalFetcher: localfetcher#97 about to shuffle output of map attempt_local815705366_0073_m_000000_0 decomp: 33 len: 37 to MEMORY
2024-04-24T05:15:38,955  INFO [localfetcher#97] reduce.InMemoryMapOutput: Read 33 bytes from map-output for attempt_local815705366_0073_m_000000_0
2024-04-24T05:15:38,955  INFO [localfetcher#97] reduce.MergeManagerImpl: closeInMemoryFile -> map-output of size: 33, inMemoryMapOutputs.size() -> 3, commitMemory -> 93, usedMemory ->126
2024-04-24T05:15:38,956  INFO [EventFetcher for fetching Map Completion Events] reduce.EventFetcher: EventFetcher is interrupted.. Returning
2024-04-24T05:15:38,956  INFO [pool-353-thread-1] mapred.LocalJobRunner: 3 / 3 copied.
2024-04-24T05:15:38,956  INFO [pool-353-thread-1] reduce.MergeManagerImpl: finalMerge called with 3 in-memory map-outputs and 0 on-disk map-outputs
2024-04-24T05:15:38,968  INFO [pool-353-thread-1] mapred.Merger: Merging 3 sorted segments
2024-04-24T05:15:38,968  INFO [pool-353-thread-1] mapred.Merger: Down to the last merge-pass, with 3 segments left of total size: 90 bytes
2024-04-24T05:15:38,975  INFO [pool-353-thread-1] reduce.MergeManagerImpl: Merged 3 segments, 126 bytes to disk to satisfy reduce memory limit
2024-04-24T05:15:38,975  INFO [pool-353-thread-1] reduce.MergeManagerImpl: Merging 1 files, 126 bytes from disk
2024-04-24T05:15:38,975  INFO [pool-353-thread-1] reduce.MergeManagerImpl: Merging 0 segments, 0 bytes from memory into reduce
2024-04-24T05:15:38,975  INFO [pool-353-thread-1] mapred.Merger: Merging 1 sorted segments
2024-04-24T05:15:38,975  INFO [pool-353-thread-1] mapred.Merger: Down to the last merge-pass, with 1 segments left of total size: 110 bytes
2024-04-24T05:15:38,976  INFO [pool-353-thread-1] mapred.LocalJobRunner: 3 / 3 copied.
2024-04-24T05:15:38,977  INFO [pool-353-thread-1] exec.SerializationUtilities: Deserializing ReduceWork using kryo
2024-04-24T05:15:38,979  INFO [pool-353-thread-1] exec.Utilities: Deserialized plan (via FILE) - name: null size: 10,94KB
2024-04-24T05:15:38,981  INFO [pool-353-thread-1] ExecReducer: 
<JOIN>Id =18
  <Children>
    <SEL>Id =19
      <Children>
        <FIL>Id =20
          <Children>
            <SEL>Id =21
              <Children>
                <FS>Id =51
                  <Children>
                  <\Children>
                  <Parent>Id = 21 null<\Parent>
                <\FS>
              <\Children>
              <Parent>Id = 20 null<\Parent>
            <\SEL>
          <\Children>
          <Parent>Id = 19 null<\Parent>
        <\FIL>
        <FIL>Id =27
          <Children>
            <SEL>Id =28
              <Children>
                <FS>Id =53
                  <Children>
                  <\Children>
                  <Parent>Id = 28 null<\Parent>
                <\FS>
              <\Children>
              <Parent>Id = 27 null<\Parent>
            <\SEL>
          <\Children>
          <Parent>Id = 19 null<\Parent>
        <\FIL>
        <FIL>Id =32
          <Children>
            <SEL>Id =33
              <Children>
                <FS>Id =55
                  <Children>
                  <\Children>
                  <Parent>Id = 33 null<\Parent>
                <\FS>
              <\Children>
              <Parent>Id = 32 null<\Parent>
            <\SEL>
          <\Children>
          <Parent>Id = 19 null<\Parent>
        <\FIL>
        <FIL>Id =37
          <Children>
            <SEL>Id =38
              <Children>
                <GBY>Id =39
                  <Children>
                    <FS>Id =57
                      <Children>
                      <\Children>
                      <Parent>Id = 39 null<\Parent>
                    <\FS>
                  <\Children>
                  <Parent>Id = 38 null<\Parent>
                <\GBY>
              <\Children>
              <Parent>Id = 37 null<\Parent>
            <\SEL>
          <\Children>
          <Parent>Id = 19 null<\Parent>
        <\FIL>
      <\Children>
      <Parent>Id = 18 null<\Parent>
    <\SEL>
  <\Children>
  <Parent><\Parent>
<\JOIN>
2024-04-24T05:15:38,981  INFO [pool-353-thread-1] exec.JoinOperator: Initializing Operator: JOIN[18]
2024-04-24T05:15:38,985  INFO [pool-353-thread-1] exec.CommonJoinOperator: JOIN struct<_col0:int,_col1:int,_col4:int,_col5:boolean,_col6:int,_col7:int,_col8:int,_col9:struct<writeid:bigint,bucketid:int,rowid:bigint>> totalsz = 8
2024-04-24T05:15:38,985  INFO [pool-353-thread-1] exec.SelectOperator: Initializing Operator: SEL[19]
2024-04-24T05:15:38,985  INFO [pool-353-thread-1] exec.SelectOperator: SELECT struct<_col0:int,_col1:int,_col4:int,_col5:boolean,_col6:int,_col7:int,_col8:int,_col9:struct<writeid:bigint,bucketid:int,rowid:bigint>>
2024-04-24T05:15:38,985  INFO [pool-353-thread-1] exec.FilterOperator: Initializing Operator: FIL[20]
2024-04-24T05:15:38,985  INFO [pool-353-thread-1] exec.SelectOperator: Initializing Operator: SEL[21]
2024-04-24T05:15:38,985  INFO [pool-353-thread-1] exec.SelectOperator: SELECT struct<_col0:int,_col1:int,_col2:struct<writeid:bigint,bucketid:int,rowid:bigint>,_col3:int,_col4:int,_col5:int,_col6:int>
2024-04-24T05:15:38,986  INFO [pool-353-thread-1] exec.FileSinkOperator: Initializing Operator: FS[51]
2024-04-24T05:15:38,986  INFO [pool-353-thread-1] exec.FileSinkOperator: Using serializer : AbstractSerDe [log=org.apache.logging.slf4j.Log4jLogger@614c7665, configuration=Optional[Configuration: core-default.xml, core-site.xml, mapred-default.xml, mapred-site.xml, yarn-default.xml, yarn-site.xml, hdfs-default.xml, hdfs-site.xml, file:/home/alex/Repositories/hive/ql/target/tmp/TestTxnCommandsWithSplitUpdateAndVectorization/mapred/local/localRunner/alex/job_local815705366_0073/job_local815705366_0073.xml], properties={columns=_col0, serialization.lib=org.apache.hadoop.hive.serde2.lazybinary.LazyBinarySerDe, columns.types=struct<writeid:bigint,bucketid:int,rowid:bigint>, escape.delim=\, column.name.delimiter=,}, tableProperties={columns=_col0, serialization.lib=org.apache.hadoop.hive.serde2.lazybinary.LazyBinarySerDe, columns.types=struct<writeid:bigint,bucketid:int,rowid:bigint>, column.name.delimiter=,, escape.delim=\}, partitionProperties=Optional.empty, columnNames=[_col0], columnTypes=[struct<writeid:bigint,bucketid:int,rowid:bigint>], getClass()=class org.apache.hadoop.hive.serde2.lazybinary.LazyBinarySerDe] and formatter : org.apache.hadoop.hive.ql.io.HiveSequenceFileOutputFormat@5489c274
2024-04-24T05:15:38,987  INFO [pool-353-thread-1] exec.FilterOperator: Initializing Operator: FIL[27]
2024-04-24T05:15:38,987  INFO [pool-353-thread-1] exec.SelectOperator: Initializing Operator: SEL[28]
2024-04-24T05:15:38,987  INFO [pool-353-thread-1] exec.SelectOperator: SELECT struct<_col0:int,_col1:int,_col2:struct<writeid:bigint,bucketid:int,rowid:bigint>,_col3:int,_col4:int,_col5:int,_col6:int>
2024-04-24T05:15:38,987  INFO [pool-353-thread-1] exec.FileSinkOperator: Initializing Operator: FS[53]
2024-04-24T05:15:38,988  INFO [pool-353-thread-1] exec.FileSinkOperator: Using serializer : AbstractSerDe [log=org.apache.logging.slf4j.Log4jLogger@614c7665, configuration=Optional[Configuration: core-default.xml, core-site.xml, mapred-default.xml, mapred-site.xml, yarn-default.xml, yarn-site.xml, hdfs-default.xml, hdfs-site.xml, file:/home/alex/Repositories/hive/ql/target/tmp/TestTxnCommandsWithSplitUpdateAndVectorization/mapred/local/localRunner/alex/job_local815705366_0073/job_local815705366_0073.xml], properties={columns=_col0,_col1,_col2, serialization.lib=org.apache.hadoop.hive.serde2.lazybinary.LazyBinarySerDe, columns.types=int,int,int, escape.delim=\, column.name.delimiter=,}, tableProperties={columns=_col0,_col1,_col2, serialization.lib=org.apache.hadoop.hive.serde2.lazybinary.LazyBinarySerDe, columns.types=int,int,int, column.name.delimiter=,, escape.delim=\}, partitionProperties=Optional.empty, columnNames=[_col0, _col1, _col2], columnTypes=[int, int, int], getClass()=class org.apache.hadoop.hive.serde2.lazybinary.LazyBinarySerDe] and formatter : org.apache.hadoop.hive.ql.io.HiveSequenceFileOutputFormat@3f6f61d9
2024-04-24T05:15:38,988  INFO [pool-353-thread-1] exec.FilterOperator: Initializing Operator: FIL[32]
2024-04-24T05:15:38,988  INFO [pool-353-thread-1] exec.SelectOperator: Initializing Operator: SEL[33]
2024-04-24T05:15:38,988  INFO [pool-353-thread-1] exec.SelectOperator: SELECT struct<_col0:int,_col1:int,_col2:struct<writeid:bigint,bucketid:int,rowid:bigint>,_col3:int,_col4:int,_col5:int,_col6:int>
2024-04-24T05:15:38,989  INFO [pool-353-thread-1] exec.FileSinkOperator: Initializing Operator: FS[55]
2024-04-24T05:15:38,989  INFO [pool-353-thread-1] exec.FileSinkOperator: Using serializer : AbstractSerDe [log=org.apache.logging.slf4j.Log4jLogger@614c7665, configuration=Optional[Configuration: core-default.xml, core-site.xml, mapred-default.xml, mapred-site.xml, yarn-default.xml, yarn-site.xml, hdfs-default.xml, hdfs-site.xml, file:/home/alex/Repositories/hive/ql/target/tmp/TestTxnCommandsWithSplitUpdateAndVectorization/mapred/local/localRunner/alex/job_local815705366_0073/job_local815705366_0073.xml], properties={columns=_col0,_col1,_col2, serialization.lib=org.apache.hadoop.hive.serde2.lazybinary.LazyBinarySerDe, columns.types=int,int,int, escape.delim=\, column.name.delimiter=,}, tableProperties={columns=_col0,_col1,_col2, serialization.lib=org.apache.hadoop.hive.serde2.lazybinary.LazyBinarySerDe, columns.types=int,int,int, column.name.delimiter=,, escape.delim=\}, partitionProperties=Optional.empty, columnNames=[_col0, _col1, _col2], columnTypes=[int, int, int], getClass()=class org.apache.hadoop.hive.serde2.lazybinary.LazyBinarySerDe] and formatter : org.apache.hadoop.hive.ql.io.HiveSequenceFileOutputFormat@6a985232
2024-04-24T05:15:38,990  INFO [pool-353-thread-1] exec.FilterOperator: Initializing Operator: FIL[37]
2024-04-24T05:15:38,990  INFO [pool-353-thread-1] exec.SelectOperator: Initializing Operator: SEL[38]
2024-04-24T05:15:38,990  INFO [pool-353-thread-1] exec.SelectOperator: SELECT struct<_col0:int,_col1:int,_col2:struct<writeid:bigint,bucketid:int,rowid:bigint>,_col3:int,_col4:int,_col5:int,_col6:int>
2024-04-24T05:15:38,990  INFO [pool-353-thread-1] exec.GroupByOperator: Initializing Operator: GBY[39]
2024-04-24T05:15:38,992  INFO [pool-353-thread-1] exec.GroupByOperator: Max hash table memory: 954466304 bytes
2024-04-24T05:15:38,992  INFO [pool-353-thread-1] exec.GroupByOperator: isTez: false isLlap: false numExecutors: 1 maxMemory: 1908932608
2024-04-24T05:15:38,992  INFO [pool-353-thread-1] exec.FileSinkOperator: Initializing Operator: FS[57]
2024-04-24T05:15:38,993  INFO [pool-353-thread-1] exec.FileSinkOperator: Using serializer : AbstractSerDe [log=org.apache.logging.slf4j.Log4jLogger@614c7665, configuration=Optional[Configuration: core-default.xml, core-site.xml, mapred-default.xml, mapred-site.xml, yarn-default.xml, yarn-site.xml, hdfs-default.xml, hdfs-site.xml, file:/home/alex/Repositories/hive/ql/target/tmp/TestTxnCommandsWithSplitUpdateAndVectorization/mapred/local/localRunner/alex/job_local815705366_0073/job_local815705366_0073.xml], properties={columns=_col0,_col1, serialization.lib=org.apache.hadoop.hive.serde2.lazybinary.LazyBinarySerDe, columns.types=struct<writeid:bigint,bucketid:int,rowid:bigint>,bigint, escape.delim=\, column.name.delimiter=,}, tableProperties={columns=_col0,_col1, serialization.lib=org.apache.hadoop.hive.serde2.lazybinary.LazyBinarySerDe, columns.types=struct<writeid:bigint,bucketid:int,rowid:bigint>,bigint, column.name.delimiter=,, escape.delim=\}, partitionProperties=Optional.empty, columnNames=[_col0, _col1], columnTypes=[struct<writeid:bigint,bucketid:int,rowid:bigint>, bigint], getClass()=class org.apache.hadoop.hive.serde2.lazybinary.LazyBinarySerDe] and formatter : org.apache.hadoop.hive.ql.io.HiveSequenceFileOutputFormat@6f86d6a1
2024-04-24T05:15:38,994  INFO [pool-353-thread-1] exec.CommonJoinOperator: Table 0 has 1 rows for join key [1]
2024-04-24T05:15:38,995  INFO [pool-353-thread-1] exec.FileSinkOperator: Final Path: FS file:/home/alex/Repositories/hive/ql/target/tmp/localscratchdir/c1668d89-b9c1-4180-9b20-b21a51bfebc8/hive_2024-04-24_05-15-35_177_564479641029660752-1/_tmp.-mr-10010/000000_0
2024-04-24T05:15:38,995  INFO [pool-353-thread-1] exec.FileSinkOperator: Writing to temp file: FS file:/home/alex/Repositories/hive/ql/target/tmp/localscratchdir/c1668d89-b9c1-4180-9b20-b21a51bfebc8/hive_2024-04-24_05-15-35_177_564479641029660752-1/_task_tmp.-mr-10010/_tmp.000000_0
2024-04-24T05:15:38,995  INFO [pool-353-thread-1] exec.FileSinkOperator: New Final Path: FS file:/home/alex/Repositories/hive/ql/target/tmp/localscratchdir/c1668d89-b9c1-4180-9b20-b21a51bfebc8/hive_2024-04-24_05-15-35_177_564479641029660752-1/_tmp.-mr-10010/000000_0
2024-04-24T05:15:39,013  INFO [pool-353-thread-1] exec.FileSinkOperator: FS[55]: records written - 1
2024-04-24T05:15:39,014  INFO [pool-353-thread-1] exec.FileSinkOperator: Final Path: FS file:/home/alex/Repositories/hive/ql/target/tmp/localscratchdir/c1668d89-b9c1-4180-9b20-b21a51bfebc8/hive_2024-04-24_05-15-35_177_564479641029660752-1/_tmp.-mr-10008/000000_0
2024-04-24T05:15:39,014  INFO [pool-353-thread-1] exec.FileSinkOperator: Writing to temp file: FS file:/home/alex/Repositories/hive/ql/target/tmp/localscratchdir/c1668d89-b9c1-4180-9b20-b21a51bfebc8/hive_2024-04-24_05-15-35_177_564479641029660752-1/_task_tmp.-mr-10008/_tmp.000000_0
2024-04-24T05:15:39,014  INFO [pool-353-thread-1] exec.FileSinkOperator: New Final Path: FS file:/home/alex/Repositories/hive/ql/target/tmp/localscratchdir/c1668d89-b9c1-4180-9b20-b21a51bfebc8/hive_2024-04-24_05-15-35_177_564479641029660752-1/_tmp.-mr-10008/000000_0
2024-04-24T05:15:39,033  INFO [pool-353-thread-1] exec.FileSinkOperator: FS[51]: records written - 1
2024-04-24T05:15:39,033  INFO [pool-353-thread-1] exec.FileSinkOperator: Final Path: FS file:/home/alex/Repositories/hive/ql/target/tmp/localscratchdir/c1668d89-b9c1-4180-9b20-b21a51bfebc8/hive_2024-04-24_05-15-35_177_564479641029660752-1/_tmp.-mr-10009/000000_0
2024-04-24T05:15:39,033  INFO [pool-353-thread-1] exec.FileSinkOperator: Writing to temp file: FS file:/home/alex/Repositories/hive/ql/target/tmp/localscratchdir/c1668d89-b9c1-4180-9b20-b21a51bfebc8/hive_2024-04-24_05-15-35_177_564479641029660752-1/_task_tmp.-mr-10009/_tmp.000000_0
2024-04-24T05:15:39,033  INFO [pool-353-thread-1] exec.FileSinkOperator: New Final Path: FS file:/home/alex/Repositories/hive/ql/target/tmp/localscratchdir/c1668d89-b9c1-4180-9b20-b21a51bfebc8/hive_2024-04-24_05-15-35_177_564479641029660752-1/_tmp.-mr-10009/000000_0
2024-04-24T05:15:39,053  INFO [pool-353-thread-1] exec.FileSinkOperator: FS[53]: records written - 1
2024-04-24T05:15:39,055  INFO [pool-353-thread-1] exec.JoinOperator: Closing Operator: JOIN[18]
2024-04-24T05:15:39,056  INFO [pool-353-thread-1] exec.JoinOperator: RECORDS_OUT_OPERATOR_JOIN_18:3, RECORDS_OUT_INTERMEDIATE:0, SKEWJOINFOLLOWUPJOBS:0, 
2024-04-24T05:15:39,056  INFO [pool-353-thread-1] exec.SelectOperator: Closing Operator: SEL[19]
2024-04-24T05:15:39,056  INFO [pool-353-thread-1] exec.SelectOperator: RECORDS_OUT_INTERMEDIATE:0, RECORDS_OUT_OPERATOR_SEL_19:3, 
2024-04-24T05:15:39,056  INFO [pool-353-thread-1] exec.FilterOperator: Closing Operator: FIL[20]
2024-04-24T05:15:39,056  INFO [pool-353-thread-1] exec.FilterOperator: RECORDS_OUT_OPERATOR_FIL_20:1, RECORDS_OUT_INTERMEDIATE:0, 
2024-04-24T05:15:39,056  INFO [pool-353-thread-1] exec.SelectOperator: Closing Operator: SEL[21]
2024-04-24T05:15:39,056  INFO [pool-353-thread-1] exec.SelectOperator: RECORDS_OUT_INTERMEDIATE:0, RECORDS_OUT_OPERATOR_SEL_21:1, 
2024-04-24T05:15:39,056  INFO [pool-353-thread-1] exec.FileSinkOperator: Closing Operator: FS[51]
2024-04-24T05:15:39,056  INFO [pool-353-thread-1] exec.FileSinkOperator: FS[51]: records written - 1
2024-04-24T05:15:39,057  INFO [pool-353-thread-1] exec.FileSinkOperator: RECORDS_OUT_OPERATOR_FS_51:1, RECORDS_OUT_0:1, RECORDS_OUT_INTERMEDIATE:0, 
2024-04-24T05:15:39,057  INFO [pool-353-thread-1] exec.FilterOperator: Closing Operator: FIL[27]
2024-04-24T05:15:39,057  INFO [pool-353-thread-1] exec.FilterOperator: RECORDS_OUT_INTERMEDIATE:0, RECORDS_OUT_OPERATOR_FIL_27:1, 
2024-04-24T05:15:39,057  INFO [pool-353-thread-1] exec.SelectOperator: Closing Operator: SEL[28]
2024-04-24T05:15:39,058  INFO [pool-353-thread-1] exec.SelectOperator: RECORDS_OUT_OPERATOR_SEL_28:1, RECORDS_OUT_INTERMEDIATE:0, 
2024-04-24T05:15:39,058  INFO [pool-353-thread-1] exec.FileSinkOperator: Closing Operator: FS[53]
2024-04-24T05:15:39,058  INFO [pool-353-thread-1] exec.FileSinkOperator: FS[53]: records written - 1
2024-04-24T05:15:39,059  INFO [pool-353-thread-1] exec.FileSinkOperator: RECORDS_OUT_0:1, RECORDS_OUT_OPERATOR_FS_53:1, RECORDS_OUT_INTERMEDIATE:0, 
2024-04-24T05:15:39,059  INFO [pool-353-thread-1] exec.FilterOperator: Closing Operator: FIL[32]
2024-04-24T05:15:39,059  INFO [pool-353-thread-1] exec.FilterOperator: RECORDS_OUT_OPERATOR_FIL_32:2, RECORDS_OUT_INTERMEDIATE:0, 
2024-04-24T05:15:39,059  INFO [pool-353-thread-1] exec.SelectOperator: Closing Operator: SEL[33]
2024-04-24T05:15:39,059  INFO [pool-353-thread-1] exec.SelectOperator: RECORDS_OUT_OPERATOR_SEL_33:2, RECORDS_OUT_INTERMEDIATE:0, 
2024-04-24T05:15:39,059  INFO [pool-353-thread-1] exec.FileSinkOperator: Closing Operator: FS[55]
2024-04-24T05:15:39,059  INFO [pool-353-thread-1] exec.FileSinkOperator: FS[55]: records written - 2
2024-04-24T05:15:39,060  INFO [pool-353-thread-1] exec.FileSinkOperator: RECORDS_OUT_OPERATOR_FS_55:2, RECORDS_OUT_0:2, RECORDS_OUT_INTERMEDIATE:0, 
2024-04-24T05:15:39,061  INFO [pool-353-thread-1] exec.FilterOperator: Closing Operator: FIL[37]
2024-04-24T05:15:39,061  INFO [pool-353-thread-1] exec.FilterOperator: RECORDS_OUT_INTERMEDIATE:0, RECORDS_OUT_OPERATOR_FIL_37:1, 
2024-04-24T05:15:39,061  INFO [pool-353-thread-1] exec.SelectOperator: Closing Operator: SEL[38]
2024-04-24T05:15:39,061  INFO [pool-353-thread-1] exec.SelectOperator: RECORDS_OUT_OPERATOR_SEL_38:1, RECORDS_OUT_INTERMEDIATE:0, 
2024-04-24T05:15:39,061  INFO [pool-353-thread-1] exec.GroupByOperator: Closing Operator: GBY[39]
2024-04-24T05:15:39,061  INFO [pool-353-thread-1] exec.GroupByOperator: Begin Hash Table flush: size = 1
2024-04-24T05:15:39,061  INFO [pool-353-thread-1] exec.FileSinkOperator: Final Path: FS file:/home/alex/Repositories/hive/ql/target/tmp/localscratchdir/c1668d89-b9c1-4180-9b20-b21a51bfebc8/hive_2024-04-24_05-15-35_177_564479641029660752-1/_tmp.-mr-10011/000000_0
2024-04-24T05:15:39,061  INFO [pool-353-thread-1] exec.FileSinkOperator: Writing to temp file: FS file:/home/alex/Repositories/hive/ql/target/tmp/localscratchdir/c1668d89-b9c1-4180-9b20-b21a51bfebc8/hive_2024-04-24_05-15-35_177_564479641029660752-1/_task_tmp.-mr-10011/_tmp.000000_0
2024-04-24T05:15:39,061  INFO [pool-353-thread-1] exec.FileSinkOperator: New Final Path: FS file:/home/alex/Repositories/hive/ql/target/tmp/localscratchdir/c1668d89-b9c1-4180-9b20-b21a51bfebc8/hive_2024-04-24_05-15-35_177_564479641029660752-1/_tmp.-mr-10011/000000_0
2024-04-24T05:15:39,080  INFO [pool-353-thread-1] exec.FileSinkOperator: FS[57]: records written - 1
2024-04-24T05:15:39,080  INFO [pool-353-thread-1] exec.GroupByOperator: RECORDS_OUT_OPERATOR_GBY_39:1, RECORDS_OUT_INTERMEDIATE:0, 
2024-04-24T05:15:39,080  INFO [pool-353-thread-1] exec.FileSinkOperator: Closing Operator: FS[57]
2024-04-24T05:15:39,080  INFO [pool-353-thread-1] exec.FileSinkOperator: FS[57]: records written - 1
2024-04-24T05:15:39,081  INFO [pool-353-thread-1] exec.FileSinkOperator: RECORDS_OUT_INTERMEDIATE:0, RECORDS_OUT_0:1, RECORDS_OUT_OPERATOR_FS_57:1, 
2024-04-24T05:15:39,084  INFO [pool-353-thread-1] mapred.Task: Task:attempt_local815705366_0073_r_000000_0 is done. And is in the process of committing
2024-04-24T05:15:39,085  INFO [pool-353-thread-1] mapred.LocalJobRunner: reduce > reduce
2024-04-24T05:15:39,085  INFO [pool-353-thread-1] mapred.Task: Task 'attempt_local815705366_0073_r_000000_0' done.
2024-04-24T05:15:39,085  INFO [pool-353-thread-1] mapred.Task: Final Counters for attempt_local815705366_0073_r_000000_0: Counters: 48
	File System Counters
		FILE: Number of bytes read=1646963
		FILE: Number of bytes written=91544157
		FILE: Number of read operations=0
		FILE: Number of large read operations=0
		FILE: Number of write operations=0
		HDFS: Number of bytes read=0
		HDFS: Number of bytes written=0
		HDFS: Number of read operations=0
		HDFS: Number of large read operations=0
		HDFS: Number of write operations=0
	Map-Reduce Framework
		Combine input records=0
		Combine output records=0
		Reduce input groups=5
		Reduce shuffle bytes=138
		Reduce input records=5
		Reduce output records=0
		Spilled Records=5
		Shuffled Maps =3
		Failed Shuffles=0
		Merged Map outputs=3
		GC time elapsed (ms)=0
		Total committed heap usage (bytes)=1514668032
	HIVE
		CREATED_FILES=4
		RECORDS_OUT_0=5
		RECORDS_OUT_INTERMEDIATE=0
		RECORDS_OUT_OPERATOR_FIL_20=1
		RECORDS_OUT_OPERATOR_FIL_27=1
		RECORDS_OUT_OPERATOR_FIL_32=2
		RECORDS_OUT_OPERATOR_FIL_37=1
		RECORDS_OUT_OPERATOR_FS_51=1
		RECORDS_OUT_OPERATOR_FS_53=1
		RECORDS_OUT_OPERATOR_FS_55=2
		RECORDS_OUT_OPERATOR_FS_57=1
		RECORDS_OUT_OPERATOR_GBY_39=1
		RECORDS_OUT_OPERATOR_JOIN_18=3
		RECORDS_OUT_OPERATOR_SEL_19=3
		RECORDS_OUT_OPERATOR_SEL_21=1
		RECORDS_OUT_OPERATOR_SEL_28=1
		RECORDS_OUT_OPERATOR_SEL_33=2
		RECORDS_OUT_OPERATOR_SEL_38=1
		SKEWJOINFOLLOWUPJOBS=0
	Shuffle Errors
		BAD_ID=0
		CONNECTION=0
		IO_ERROR=0
		WRONG_LENGTH=0
		WRONG_MAP=0
		WRONG_REDUCE=0
	File Output Format Counters 
		Bytes Written=0
2024-04-24T05:15:39,085  INFO [pool-353-thread-1] mapred.LocalJobRunner: Finishing task: attempt_local815705366_0073_r_000000_0
2024-04-24T05:15:39,085  INFO [Thread-6065] mapred.LocalJobRunner: reduce task executor complete.
2024-04-24 05:15:39,872 Stage-6 map = 100%,  reduce = 100%
2024-04-24T05:15:39,872  INFO [main] exec.Task: 2024-04-24 05:15:39,872 Stage-6 map = 100%,  reduce = 100%
Ended Job = job_local815705366_0073
2024-04-24T05:15:39,875  INFO [main] exec.Task: Ended Job = job_local815705366_0073
Launching Job 4 out of 7
2024-04-24T05:15:39,879  INFO [main] ql.Driver: Launching Job 4 out of 7
2024-04-24T05:15:40,023  INFO [main] ql.Driver: Starting task [Stage-7:MAPRED] in serial mode
Number of reduce tasks determined at compile time: 2
2024-04-24T05:15:40,023  INFO [main] exec.Task: Number of reduce tasks determined at compile time: 2
In order to change the average load for a reducer (in bytes):
2024-04-24T05:15:40,023  INFO [main] exec.Task: In order to change the average load for a reducer (in bytes):
  set hive.exec.reducers.bytes.per.reducer=<number>
2024-04-24T05:15:40,023  INFO [main] exec.Task:   set hive.exec.reducers.bytes.per.reducer=<number>
In order to limit the maximum number of reducers:
2024-04-24T05:15:40,023  INFO [main] exec.Task: In order to limit the maximum number of reducers:
  set hive.exec.reducers.max=<number>
2024-04-24T05:15:40,023  INFO [main] exec.Task:   set hive.exec.reducers.max=<number>
In order to set a constant number of reducers:
2024-04-24T05:15:40,023  INFO [main] exec.Task: In order to set a constant number of reducers:
  set mapreduce.job.reduces=<number>
2024-04-24T05:15:40,023  INFO [main] exec.Task:   set mapreduce.job.reduces=<number>
2024-04-24T05:15:40,025  INFO [main] mr.ExecDriver: Using org.apache.hadoop.hive.ql.io.HiveInputFormat
2024-04-24T05:15:40,025  INFO [main] exec.Utilities: Processing alias file:/home/alex/Repositories/hive/ql/target/tmp/localscratchdir/c1668d89-b9c1-4180-9b20-b21a51bfebc8/hive_2024-04-24_05-15-35_177_564479641029660752-1/-mr-10008
2024-04-24T05:15:40,025  INFO [main] exec.Utilities: Adding 1 inputs; the first input is file:/home/alex/Repositories/hive/ql/target/tmp/localscratchdir/c1668d89-b9c1-4180-9b20-b21a51bfebc8/hive_2024-04-24_05-15-35_177_564479641029660752-1/-mr-10008
2024-04-24T05:15:40,035  INFO [main] exec.SerializationUtilities: Serializing MapWork using kryo
2024-04-24T05:15:40,036  INFO [main] exec.Utilities: Serialized plan (via FILE) - name: null size: 4,75KB
2024-04-24T05:15:40,040  INFO [main] exec.SerializationUtilities: Serializing ReduceWork using kryo
2024-04-24T05:15:40,041  INFO [main] exec.Utilities: Serialized plan (via FILE) - name: null size: 5,71KB
2024-04-24T05:15:40,042  WARN [main] impl.MetricsSystemImpl: JobTracker metrics system already initialized!
2024-04-24T05:15:40,046  INFO [main] fs.FSStatsPublisher: created : file:/home/alex/Repositories/hive/ql/target/tmp/localscratchdir/c1668d89-b9c1-4180-9b20-b21a51bfebc8/hive_2024-04-24_05-15-35_177_564479641029660752-1/-mr-10001
2024-04-24T05:15:40,047  WARN [main] impl.MetricsSystemImpl: JobTracker metrics system already initialized!
2024-04-24T05:15:40,054  WARN [main] mapreduce.JobResourceUploader: Hadoop command-line option parsing not performed. Implement the Tool interface and execute your application with ToolRunner to remedy this.
2024-04-24T05:15:40,058  WARN [main] mapreduce.JobResourceUploader: No job jar file set.  User classes may not be found. See Job or Job#setJar(String).
2024-04-24T05:15:40,059  INFO [main] io.HiveInputFormat: hive.io.file.readcolumn.ids = 0
2024-04-24T05:15:40,059  INFO [main] io.HiveInputFormat: hive.io.file.readcolumn.names = _col0
2024-04-24T05:15:40,059  INFO [main] io.HiveInputFormat: Generating splits for dirs: file:/home/alex/Repositories/hive/ql/target/tmp/localscratchdir/c1668d89-b9c1-4180-9b20-b21a51bfebc8/hive_2024-04-24_05-15-35_177_564479641029660752-1/-mr-10008
2024-04-24T05:15:40,063  INFO [main] mapred.FileInputFormat: Total input files to process : 1
2024-04-24T05:15:40,063  INFO [main] io.HiveInputFormat: number of splits 1
2024-04-24T05:15:40,081  INFO [main] mapreduce.JobSubmitter: number of splits:1
2024-04-24T05:15:40,110  INFO [main] mapreduce.JobSubmitter: Submitting tokens for job: job_local1126683128_0074
2024-04-24T05:15:40,110  INFO [main] mapreduce.JobSubmitter: Executing with tokens: []
2024-04-24T05:15:40,170  INFO [main] mapreduce.Job: The url to track the job: http://localhost:8080/
Job running in-process (local Hadoop)
2024-04-24T05:15:40,171  INFO [main] exec.Task: Job running in-process (local Hadoop)
2024-04-24T05:15:40,171  INFO [Thread-6127] mapred.LocalJobRunner: OutputCommitter set in config org.apache.hadoop.hive.ql.io.HiveFileFormatUtils$NullOutputCommitter
2024-04-24T05:15:40,171  INFO [Thread-6127] mapred.LocalJobRunner: OutputCommitter is org.apache.hadoop.hive.ql.io.HiveFileFormatUtils$NullOutputCommitter
2024-04-24T05:15:40,172  INFO [Thread-6127] mapred.LocalJobRunner: Waiting for map tasks
2024-04-24T05:15:40,173  INFO [LocalJobRunner Map Task Executor #0] mapred.LocalJobRunner: Starting task: attempt_local1126683128_0074_m_000000_0
2024-04-24T05:15:40,173  INFO [LocalJobRunner Map Task Executor #0] mapred.Task:  Using ResourceCalculatorProcessTree : [ ]
2024-04-24T05:15:40,173  INFO [LocalJobRunner Map Task Executor #0] mapred.MapTask: Processing split: org.apache.hadoop.mapred.SequenceFileInputFormat:file:/home/alex/Repositories/hive/ql/target/tmp/localscratchdir/c1668d89-b9c1-4180-9b20-b21a51bfebc8/hive_2024-04-24_05-15-35_177_564479641029660752-1/-mr-10008/000000_0:0+125
2024-04-24T05:15:40,174  INFO [LocalJobRunner Map Task Executor #0] exec.SerializationUtilities: Deserializing MapWork using kryo
2024-04-24T05:15:40,174  INFO [LocalJobRunner Map Task Executor #0] exec.Utilities: Deserialized plan (via FILE) - name: null size: 4,75KB
2024-04-24T05:15:40,175  INFO [LocalJobRunner Map Task Executor #0] mapred.MapTask: numReduceTasks: 2
2024-04-24T05:15:40,179  INFO [LocalJobRunner Map Task Executor #0] mapred.MapTask: (EQUATOR) 0 kvi 26214396(104857584)
2024-04-24T05:15:40,179  INFO [LocalJobRunner Map Task Executor #0] mapred.MapTask: mapreduce.task.io.sort.mb: 100
2024-04-24T05:15:40,179  INFO [LocalJobRunner Map Task Executor #0] mapred.MapTask: soft limit at 83886080
2024-04-24T05:15:40,179  INFO [LocalJobRunner Map Task Executor #0] mapred.MapTask: bufstart = 0; bufvoid = 104857600
2024-04-24T05:15:40,179  INFO [LocalJobRunner Map Task Executor #0] mapred.MapTask: kvstart = 26214396; length = 6553600
2024-04-24T05:15:40,180  INFO [LocalJobRunner Map Task Executor #0] mapred.MapTask: Map output collector class = org.apache.hadoop.mapred.MapTask$MapOutputBuffer
2024-04-24T05:15:40,180  INFO [LocalJobRunner Map Task Executor #0] vector.VectorMapOperator: Initializing Operator: MAP[0]
2024-04-24T05:15:40,180  INFO [LocalJobRunner Map Task Executor #0] mr.ExecMapper: 
<MAP>Id =0
  <Children>
    <TS>Id =52
      <Children>
        <RS>Id =59
          <Children>
          <\Children>
          <Parent>Id = 52 null<\Parent>
        <\RS>
      <\Children>
      <Parent><\Parent>
    <\TS>
  <\Children>
  <Parent><\Parent>
<\MAP>
2024-04-24T05:15:40,181  INFO [LocalJobRunner Map Task Executor #0] exec.TableScanOperator: Initializing Operator: TS[52]
2024-04-24T05:15:40,181  INFO [LocalJobRunner Map Task Executor #0] vector.VectorReduceSinkOperator: Initializing Operator: RS[59]
2024-04-24T05:15:40,181  INFO [LocalJobRunner Map Task Executor #0] vector.VectorReduceSinkOperator: Using tag = -1
2024-04-24T05:15:40,182  INFO [LocalJobRunner Map Task Executor #0] vector.VectorMapOperator: Closing Operator: MAP[0]
2024-04-24T05:15:40,182  INFO [LocalJobRunner Map Task Executor #0] vector.VectorReduceSinkOperator: keys are [reducesinkkey0] num distributions: 1
2024-04-24T05:15:40,182 ERROR [LocalJobRunner Map Task Executor #0] mr.ExecMapper: Hit error while closing operators - failing tree
2024-04-24T05:15:40,183  INFO [Thread-6127] mapred.LocalJobRunner: map task executor complete.
2024-04-24T05:15:40,183  WARN [Thread-6127] mapred.LocalJobRunner: job_local1126683128_0074
java.lang.Exception: java.lang.RuntimeException: Hive Runtime Error while closing operators
	at org.apache.hadoop.mapred.LocalJobRunner$Job.runTasks(LocalJobRunner.java:492) ~[hadoop-mapreduce-client-common-3.1.0.jar:?]
	at org.apache.hadoop.mapred.LocalJobRunner$Job.run(LocalJobRunner.java:552) [hadoop-mapreduce-client-common-3.1.0.jar:?]
Caused by: java.lang.RuntimeException: Hive Runtime Error while closing operators
	at org.apache.hadoop.hive.ql.exec.mr.ExecMapper.close(ExecMapper.java:205) ~[classes/:?]
	at org.apache.hadoop.mapred.MapRunner.run(MapRunner.java:61) ~[hadoop-mapreduce-client-core-3.1.0.jar:?]
	at org.apache.hadoop.hive.ql.exec.mr.ExecMapRunner.run(ExecMapRunner.java:37) ~[classes/:?]
	at org.apache.hadoop.mapred.MapTask.runOldMapper(MapTask.java:465) ~[hadoop-mapreduce-client-core-3.1.0.jar:?]
	at org.apache.hadoop.mapred.MapTask.run(MapTask.java:349) ~[hadoop-mapreduce-client-core-3.1.0.jar:?]
	at org.apache.hadoop.mapred.LocalJobRunner$Job$MapTaskRunnable.run(LocalJobRunner.java:271) ~[hadoop-mapreduce-client-common-3.1.0.jar:?]
	at java.util.concurrent.Executors$RunnableAdapter.call(Executors.java:511) ~[?:1.8.0_402]
	at java.util.concurrent.FutureTask.run(FutureTask.java:266) ~[?:1.8.0_402]
	at java.util.concurrent.ThreadPoolExecutor.runWorker(ThreadPoolExecutor.java:1149) ~[?:1.8.0_402]
	at java.util.concurrent.ThreadPoolExecutor$Worker.run(ThreadPoolExecutor.java:624) ~[?:1.8.0_402]
	at java.lang.Thread.run(Thread.java:750) ~[?:1.8.0_402]
Caused by: org.apache.hadoop.hive.ql.exec.NoMatchingMethodException: No matching method for class org.apache.hadoop.hive.ql.udf.UDFToInteger with (struct<writeid:bigint,bucketid:int,rowid:bigint>). Possible choices: _FUNC_(bigint)  _FUNC_(boolean)  _FUNC_(decimal(38,18))  _FUNC_(double)  _FUNC_(float)  _FUNC_(smallint)  _FUNC_(string)  _FUNC_(struct<writeid:bigint,rowid:int,bucketid:bigint>)  _FUNC_(timestamp)  _FUNC_(tinyint)  _FUNC_(void)  
	at org.apache.hadoop.hive.ql.exec.MethodUtils.getMethodInternal(MethodUtils.java:130) ~[classes/:?]
	at org.apache.hadoop.hive.ql.exec.MethodUtils.getMethodInternal(MethodUtils.java:60) ~[classes/:?]
	at org.apache.hadoop.hive.ql.exec.DefaultUDFMethodResolver.getEvalMethod(DefaultUDFMethodResolver.java:59) ~[classes/:?]
	at org.apache.hadoop.hive.ql.udf.TimestampCastRestrictorResolver.getEvalMethod(TimestampCastRestrictorResolver.java:68) ~[classes/:?]
	at org.apache.hadoop.hive.ql.udf.generic.GenericUDFBridge.initialize(GenericUDFBridge.java:168) ~[classes/:?]
	at org.apache.hadoop.hive.ql.udf.generic.GenericUDF.initializeAndFoldConstants(GenericUDF.java:149) ~[classes/:?]
	at org.apache.hadoop.hive.ql.exec.ExprNodeGenericFuncEvaluator.initialize(ExprNodeGenericFuncEvaluator.java:184) ~[classes/:?]
	at org.apache.hadoop.hive.ql.exec.Operator.initEvaluators(Operator.java:1073) ~[classes/:?]
	at org.apache.hadoop.hive.ql.exec.ReduceSinkOperator.process(ReduceSinkOperator.java:307) ~[classes/:?]
	at org.apache.hadoop.hive.ql.exec.vector.VectorReduceSinkOperator.process(VectorReduceSinkOperator.java:115) ~[classes/:?]
	at org.apache.hadoop.hive.ql.exec.Operator.vectorForward(Operator.java:919) ~[classes/:?]
	at org.apache.hadoop.hive.ql.exec.TableScanOperator.process(TableScanOperator.java:171) ~[classes/:?]
	at org.apache.hadoop.hive.ql.exec.vector.VectorMapOperator.closeOp(VectorMapOperator.java:1010) ~[classes/:?]
	at org.apache.hadoop.hive.ql.exec.Operator.close(Operator.java:686) ~[classes/:?]
	at org.apache.hadoop.hive.ql.exec.mr.ExecMapper.close(ExecMapper.java:187) ~[classes/:?]
	at org.apache.hadoop.mapred.MapRunner.run(MapRunner.java:61) ~[hadoop-mapreduce-client-core-3.1.0.jar:?]
	at org.apache.hadoop.hive.ql.exec.mr.ExecMapRunner.run(ExecMapRunner.java:37) ~[classes/:?]
	at org.apache.hadoop.mapred.MapTask.runOldMapper(MapTask.java:465) ~[hadoop-mapreduce-client-core-3.1.0.jar:?]
	at org.apache.hadoop.mapred.MapTask.run(MapTask.java:349) ~[hadoop-mapreduce-client-core-3.1.0.jar:?]
	at org.apache.hadoop.mapred.LocalJobRunner$Job$MapTaskRunnable.run(LocalJobRunner.java:271) ~[hadoop-mapreduce-client-common-3.1.0.jar:?]
	at java.util.concurrent.Executors$RunnableAdapter.call(Executors.java:511) ~[?:1.8.0_402]
	at java.util.concurrent.FutureTask.run(FutureTask.java:266) ~[?:1.8.0_402]
	at java.util.concurrent.ThreadPoolExecutor.runWorker(ThreadPoolExecutor.java:1149) ~[?:1.8.0_402]
	at java.util.concurrent.ThreadPoolExecutor$Worker.run(ThreadPoolExecutor.java:624) ~[?:1.8.0_402]
	at java.lang.Thread.run(Thread.java:750) ~[?:1.8.0_402]
2024-04-24T05:15:41,172  WARN [main] mapreduce.Counters: Group org.apache.hadoop.mapred.Task$Counter is deprecated. Use org.apache.hadoop.mapreduce.TaskCounter instead
2024-04-24 05:15:41,172 Stage-7 map = 0%,  reduce = 0%
2024-04-24T05:15:41,173  INFO [main] exec.Task: 2024-04-24 05:15:41,172 Stage-7 map = 0%,  reduce = 0%
2024-04-24T05:15:41,173  WARN [main] mapreduce.Counters: Group org.apache.hadoop.mapred.Task$Counter is deprecated. Use org.apache.hadoop.mapreduce.TaskCounter instead
Ended Job = job_local1126683128_0074 with errors
2024-04-24T05:15:41,173 ERROR [main] exec.Task: Ended Job = job_local1126683128_0074 with errors
Error during job, obtaining debugging information...
2024-04-24T05:15:41,174 ERROR [Thread-6132] exec.Task: Error during job, obtaining debugging information...
2024-04-24T05:15:41,177  INFO [main] FileOperations: Deleting file:/home/alex/Repositories/hive/ql/target/tmp/org.apache.hadoop.hive.ql.TestTxnCommands-1713960750541/warehouse/target/_tmp.delete_delta_0000002_0000002_0000 on failure
FAILED: Execution Error, return code 2 from org.apache.hadoop.hive.ql.exec.mr.MapRedTask
2024-04-24T05:15:41,177 ERROR [main] ql.Driver: FAILED: Execution Error, return code 2 from org.apache.hadoop.hive.ql.exec.mr.MapRedTask
2024-04-24T05:15:41,178  INFO [main] metadata.Hive: Dumping metastore api call timing information for : execution phase
2024-04-24T05:15:41,178  INFO [main] metadata.Hive: Total time spent in each metastore function (ms): {}
MapReduce Jobs Launched: 
2024-04-24T05:15:41,179  INFO [main] ql.Driver: MapReduce Jobs Launched: 
Stage-Stage-4:  HDFS Read: 0 HDFS Write: 0 SUCCESS
2024-04-24T05:15:41,179  INFO [main] ql.Driver: Stage-Stage-4:  HDFS Read: 0 HDFS Write: 0 SUCCESS
Stage-Stage-5:  HDFS Read: 0 HDFS Write: 0 SUCCESS
2024-04-24T05:15:41,179  INFO [main] ql.Driver: Stage-Stage-5:  HDFS Read: 0 HDFS Write: 0 SUCCESS
Stage-Stage-6:  HDFS Read: 0 HDFS Write: 0 SUCCESS
2024-04-24T05:15:41,179  INFO [main] ql.Driver: Stage-Stage-6:  HDFS Read: 0 HDFS Write: 0 SUCCESS
2024-04-24T05:15:41,179  WARN [main] mapreduce.Counters: Group FileSystemCounters is deprecated. Use org.apache.hadoop.mapreduce.FileSystemCounter instead
Stage-Stage-7:  HDFS Read: 0 HDFS Write: 0 FAIL
2024-04-24T05:15:41,179  INFO [main] ql.Driver: Stage-Stage-7:  HDFS Read: 0 HDFS Write: 0 FAIL
Total MapReduce CPU Time Spent: 0 msec
2024-04-24T05:15:41,179  INFO [main] ql.Driver: Total MapReduce CPU Time Spent: 0 msec
2024-04-24T05:15:41,179  INFO [main] ql.Driver: Completed executing command(queryId=alex_20240424051535_da48e722-afd3-41cf-85ce-054a8f85fb96); Time taken: 5.222 seconds
2024-04-24T05:15:41,179  INFO [main] lockmgr.DbTxnManager: Stopped heartbeat for query: alex_20240424051535_da48e722-afd3-41cf-85ce-054a8f85fb96
2024-04-24T05:15:41,182  INFO [main] txn.TxnHandler: Removed transactions: ([22]) from MIN_HISTORY_LEVEL
2024-04-24T05:15:41,190  INFO [main] ql.TxnCommandsBaseForTests: Running the query: drop table if exists acidTbl
2024-04-24T05:15:41,190  INFO [main] ql.Context: Deleting scratch dir: file:/home/alex/Repositories/hive/ql/target/tmp/localscratchdir/c1668d89-b9c1-4180-9b20-b21a51bfebc8/hive_2024-04-24_05-15-35_177_564479641029660752-1
2024-04-24T05:15:41,192  INFO [main] cleanup.SyncCleanupService: Deleted directory: file:/home/alex/Repositories/hive/ql/target/tmp/localscratchdir/c1668d89-b9c1-4180-9b20-b21a51bfebc8/hive_2024-04-24_05-15-35_177_564479641029660752-1 on fs with scheme file
2024-04-24T05:15:41,192  INFO [main] ql.Context: Deleting scratch dir: file:/home/alex/Repositories/hive/ql/target/tmp/scratchdir/alex/c1668d89-b9c1-4180-9b20-b21a51bfebc8/_tmp_space.db/merge_tmp_table/.hive-staging_hive_2024-04-24_05-15-35_177_564479641029660752-1
2024-04-24T05:15:41,192  INFO [main] cleanup.SyncCleanupService: Deleted directory: file:/home/alex/Repositories/hive/ql/target/tmp/scratchdir/alex/c1668d89-b9c1-4180-9b20-b21a51bfebc8/_tmp_space.db/merge_tmp_table/.hive-staging_hive_2024-04-24_05-15-35_177_564479641029660752-1 on fs with scheme file
2024-04-24T05:15:41,192  INFO [main] ql.Context: Deleting scratch dir: file:/home/alex/Repositories/hive/ql/target/tmp/localscratchdir/c1668d89-b9c1-4180-9b20-b21a51bfebc8/hive_2024-04-24_05-15-35_158_1185889825896665719-1
2024-04-24T05:15:41,193  INFO [main] cleanup.SyncCleanupService: Deleted directory: file:/home/alex/Repositories/hive/ql/target/tmp/localscratchdir/c1668d89-b9c1-4180-9b20-b21a51bfebc8/hive_2024-04-24_05-15-35_158_1185889825896665719-1 on fs with scheme file
2024-04-24T05:15:41,193  INFO [main] ql.Driver: Compiling command(queryId=alex_20240424051541_1a9475de-638d-423e-a9a4-055147b9fa00): drop table if exists acidTbl
2024-04-24T05:15:41,195  INFO [main] txn.TxnHandler: Added entries to MIN_HISTORY_LEVEL for current txns: ([23]) with min_open_txn: 23
2024-04-24T05:15:41,195  INFO [main] lockmgr.DbTxnManager: Opened txnid:23
2024-04-24T05:15:41,196  INFO [main] HiveMetaStore.audit: ugi=alex	ip=unknown-ip-addr	cmd=get_table : tbl=hive.default.acidTbl	
2024-04-24T05:15:41,203  INFO [main] metastore.HMSHandler: Skipping translation for processor with null
2024-04-24T05:15:41,203  INFO [main] ql.Driver: Semantic Analysis Completed (retrial = false)
2024-04-24T05:15:41,203  INFO [main] ql.Driver: Created Hive schema: Schema(fieldSchemas:null, properties:null)
2024-04-24T05:15:41,203  INFO [main] metadata.Hive: Dumping metastore api call timing information for : compilation phase
2024-04-24T05:15:41,203  INFO [main] metadata.Hive: Total time spent in each metastore function (ms): {flushCache_()=0, isCompatibleWith_(Configuration)=2, getValidTxns_(long)=0, rollbackTxn_(long)=10, openTxn_(String, TxnType)=2, getTable_(GetTableRequest)=7}
2024-04-24T05:15:41,203  INFO [main] ql.Driver: Completed compiling command(queryId=alex_20240424051541_1a9475de-638d-423e-a9a4-055147b9fa00); Time taken: 0.01 seconds
2024-04-24T05:15:41,204  INFO [main] lockmgr.DbTxnManager: Setting lock request transaction to txnid:23 for queryId=alex_20240424051541_1a9475de-638d-423e-a9a4-055147b9fa00
2024-04-24T05:15:41,204  INFO [main] lockmgr.DbLockManager: Requesting lock for queryId=alex_20240424051541_1a9475de-638d-423e-a9a4-055147b9fa00
2024-04-24T05:15:41,218  INFO [main] lockmgr.DbLockManager: Response to queryId=alex_20240424051541_1a9475de-638d-423e-a9a4-055147b9fa00 LockResponse(lockid:14, state:ACQUIRED)
2024-04-24T05:15:41,218  INFO [main] ql.Driver: Operation DROPTABLE obtained 1 locks
2024-04-24T05:15:41,218  INFO [main] ql.Driver: Executing command(queryId=alex_20240424051541_1a9475de-638d-423e-a9a4-055147b9fa00): drop table if exists acidTbl
2024-04-24T05:15:41,218  INFO [main] ql.Driver: Starting task [Stage-0:DDL] in serial mode
2024-04-24T05:15:41,218  INFO [main] HiveMetaStore.audit: ugi=alex	ip=unknown-ip-addr	cmd=get_table : tbl=hive.default.acidTbl	
2024-04-24T05:15:41,225  INFO [main] metastore.HMSHandler: Skipping translation for processor with null
2024-04-24T05:15:41,225  INFO [main] HiveMetaStore.audit: ugi=alex	ip=unknown-ip-addr	cmd=get_table : tbl=hive.default.acidTbl	
2024-04-24T05:15:41,231  INFO [main] metastore.HMSHandler: Skipping translation for processor with null
2024-04-24T05:15:41,232  INFO [main] HiveMetaStore.audit: ugi=alex	ip=unknown-ip-addr	cmd=drop_table : tbl=hive.default.acidTbl	
2024-04-24T05:15:41,324  INFO [main] metadata.Hive: Dumping metastore api call timing information for : execution phase
2024-04-24T05:15:41,324  INFO [main] metadata.Hive: Total time spent in each metastore function (ms): {getTable_(GetTableRequest)=7, isCompatibleWith_(Configuration)=0, dropTable_(String, String, boolean, boolean, boolean)=99}
2024-04-24T05:15:41,324  INFO [main] ql.Driver: Completed executing command(queryId=alex_20240424051541_1a9475de-638d-423e-a9a4-055147b9fa00); Time taken: 0.106 seconds
2024-04-24T05:15:41,324  INFO [main] lockmgr.DbTxnManager: Stopped heartbeat for query: alex_20240424051541_1a9475de-638d-423e-a9a4-055147b9fa00
2024-04-24T05:15:41,328  INFO [main] txn.TxnHandler: Expected to move at least one record from txn_components to completed_txn_components when committing txn! txnid:23
2024-04-24T05:15:41,333  INFO [main] txn.TxnHandler: Removed transactions: ([23]) from MIN_HISTORY_LEVEL
2024-04-24T05:15:41,334  WARN [main] txn.CompactionTxnHandler: No compaction queue record found for Compaction type transaction commit. txnId:23
2024-04-24T05:15:41,335  INFO [main] ql.TxnCommandsBaseForTests: Running the query: drop table if exists acidTblPart
2024-04-24T05:15:41,335  INFO [main] ql.Driver: Compiling command(queryId=alex_20240424051541_a77d09ae-ec94-497b-a223-35da2eb5d775): drop table if exists acidTblPart
2024-04-24T05:15:41,337  INFO [main] txn.TxnHandler: Added entries to MIN_HISTORY_LEVEL for current txns: ([24]) with min_open_txn: 23
2024-04-24T05:15:41,338  INFO [main] lockmgr.DbTxnManager: Opened txnid:24
2024-04-24T05:15:41,338  INFO [main] HiveMetaStore.audit: ugi=alex	ip=unknown-ip-addr	cmd=get_table : tbl=hive.default.acidTblPart	
2024-04-24T05:15:41,345  INFO [main] metastore.HMSHandler: Skipping translation for processor with null
2024-04-24T05:15:41,345  INFO [main] ql.Driver: Semantic Analysis Completed (retrial = false)
2024-04-24T05:15:41,345  INFO [main] ql.Driver: Created Hive schema: Schema(fieldSchemas:null, properties:null)
2024-04-24T05:15:41,345  INFO [main] metadata.Hive: Dumping metastore api call timing information for : compilation phase
2024-04-24T05:15:41,346  INFO [main] metadata.Hive: Total time spent in each metastore function (ms): {isCompatibleWith_(Configuration)=0, getTable_(GetTableRequest)=7, getValidTxns_(long)=0, commitTxn_(CommitTxnRequest)=11, flushCache_()=0, openTxn_(String, TxnType)=3}
2024-04-24T05:15:41,346  INFO [main] ql.Driver: Completed compiling command(queryId=alex_20240424051541_a77d09ae-ec94-497b-a223-35da2eb5d775); Time taken: 0.01 seconds
2024-04-24T05:15:41,346  INFO [main] lockmgr.DbTxnManager: Setting lock request transaction to txnid:24 for queryId=alex_20240424051541_a77d09ae-ec94-497b-a223-35da2eb5d775
2024-04-24T05:15:41,346  INFO [main] lockmgr.DbLockManager: Requesting lock for queryId=alex_20240424051541_a77d09ae-ec94-497b-a223-35da2eb5d775
2024-04-24T05:15:41,359  INFO [main] lockmgr.DbLockManager: Response to queryId=alex_20240424051541_a77d09ae-ec94-497b-a223-35da2eb5d775 LockResponse(lockid:15, state:ACQUIRED)
2024-04-24T05:15:41,359  INFO [main] ql.Driver: Operation DROPTABLE obtained 1 locks
2024-04-24T05:15:41,359  INFO [main] ql.Driver: Executing command(queryId=alex_20240424051541_a77d09ae-ec94-497b-a223-35da2eb5d775): drop table if exists acidTblPart
2024-04-24T05:15:41,360  INFO [main] ql.Driver: Starting task [Stage-0:DDL] in serial mode
2024-04-24T05:15:41,360  INFO [main] HiveMetaStore.audit: ugi=alex	ip=unknown-ip-addr	cmd=get_table : tbl=hive.default.acidTblPart	
2024-04-24T05:15:41,366  INFO [main] metastore.HMSHandler: Skipping translation for processor with null
2024-04-24T05:15:41,366  INFO [main] HiveMetaStore.audit: ugi=alex	ip=unknown-ip-addr	cmd=get_table : tbl=hive.default.acidTblPart	
2024-04-24T05:15:41,372  INFO [main] metastore.HMSHandler: Skipping translation for processor with null
2024-04-24T05:15:41,372  INFO [main] HiveMetaStore.audit: ugi=alex	ip=unknown-ip-addr	cmd=drop_table : tbl=hive.default.acidTblPart	
2024-04-24T05:15:41,408  INFO [main] metadata.Hive: Dumping metastore api call timing information for : execution phase
2024-04-24T05:15:41,408  INFO [main] metadata.Hive: Total time spent in each metastore function (ms): {dropTable_(String, String, boolean, boolean, boolean)=42, isCompatibleWith_(Configuration)=0, getTable_(GetTableRequest)=6}
2024-04-24T05:15:41,409  INFO [main] ql.Driver: Completed executing command(queryId=alex_20240424051541_a77d09ae-ec94-497b-a223-35da2eb5d775); Time taken: 0.049 seconds
2024-04-24T05:15:41,409  INFO [main] lockmgr.DbTxnManager: Stopped heartbeat for query: alex_20240424051541_a77d09ae-ec94-497b-a223-35da2eb5d775
2024-04-24T05:15:41,412  INFO [main] txn.TxnHandler: Expected to move at least one record from txn_components to completed_txn_components when committing txn! txnid:24
2024-04-24T05:15:41,418  INFO [main] txn.TxnHandler: Removed transactions: ([24]) from MIN_HISTORY_LEVEL
2024-04-24T05:15:41,418  WARN [main] txn.CompactionTxnHandler: No compaction queue record found for Compaction type transaction commit. txnId:24
2024-04-24T05:15:41,419  INFO [main] ql.TxnCommandsBaseForTests: Running the query: drop table if exists acidTbl2
2024-04-24T05:15:41,419  INFO [main] ql.Driver: Compiling command(queryId=alex_20240424051541_269e874e-6efe-4551-a299-615afe99b48f): drop table if exists acidTbl2
2024-04-24T05:15:41,421  INFO [main] txn.TxnHandler: Added entries to MIN_HISTORY_LEVEL for current txns: ([25]) with min_open_txn: 23
2024-04-24T05:15:41,421  INFO [main] lockmgr.DbTxnManager: Opened txnid:25
2024-04-24T05:15:41,421  INFO [main] ql.Driver: Semantic Analysis Completed (retrial = false)
2024-04-24T05:15:41,422  INFO [main] ql.Driver: Created Hive schema: Schema(fieldSchemas:null, properties:null)
2024-04-24T05:15:41,422  INFO [main] metadata.Hive: Dumping metastore api call timing information for : compilation phase
2024-04-24T05:15:41,422  INFO [main] metadata.Hive: Total time spent in each metastore function (ms): {commitTxn_(CommitTxnRequest)=9, openTxn_(String, TxnType)=2, getValidTxns_(long)=0, isCompatibleWith_(Configuration)=0, flushCache_()=0, getTable_(GetTableRequest)=0}
2024-04-24T05:15:41,422  INFO [main] ql.Driver: Completed compiling command(queryId=alex_20240424051541_269e874e-6efe-4551-a299-615afe99b48f); Time taken: 0.003 seconds
2024-04-24T05:15:41,422  INFO [main] lockmgr.DbTxnManager: Setting lock request transaction to txnid:25 for queryId=alex_20240424051541_269e874e-6efe-4551-a299-615afe99b48f
2024-04-24T05:15:41,422  INFO [main] ql.Driver: Operation DROPTABLE obtained 0 locks
2024-04-24T05:15:41,422  INFO [main] ql.Driver: Executing command(queryId=alex_20240424051541_269e874e-6efe-4551-a299-615afe99b48f): drop table if exists acidTbl2
2024-04-24T05:15:41,422  INFO [main] ql.Driver: Starting task [Stage-0:DDL] in serial mode
2024-04-24T05:15:41,423  INFO [main] metadata.SessionHiveMetaStoreClient: Column stats doesn't exist for db=default temp table=acidTbl2
2024-04-24T05:15:41,423  INFO [main] metadata.Hive: Dumping metastore api call timing information for : execution phase
2024-04-24T05:15:41,423  INFO [main] metadata.Hive: Total time spent in each metastore function (ms): {isCompatibleWith_(Configuration)=0, dropTable_(String, String, boolean, boolean, boolean)=0, getTable_(GetTableRequest)=1}
2024-04-24T05:15:41,423  INFO [main] ql.Driver: Completed executing command(queryId=alex_20240424051541_269e874e-6efe-4551-a299-615afe99b48f); Time taken: 0.001 seconds
2024-04-24T05:15:41,423  INFO [main] lockmgr.DbTxnManager: Stopped heartbeat for query: alex_20240424051541_269e874e-6efe-4551-a299-615afe99b48f
2024-04-24T05:15:41,428  INFO [main] txn.TxnHandler: Expected to move at least one record from txn_components to completed_txn_components when committing txn! txnid:25
2024-04-24T05:15:41,433  INFO [main] txn.TxnHandler: Removed transactions: ([25]) from MIN_HISTORY_LEVEL
2024-04-24T05:15:41,433  WARN [main] txn.CompactionTxnHandler: No compaction queue record found for Compaction type transaction commit. txnId:25
2024-04-24T05:15:41,434  INFO [main] ql.TxnCommandsBaseForTests: Running the query: drop table if exists nonAcidOrcTbl
2024-04-24T05:15:41,434  INFO [main] ql.Driver: Compiling command(queryId=alex_20240424051541_4302139a-cff9-464f-8437-03c6f30be4fa): drop table if exists nonAcidOrcTbl
2024-04-24T05:15:41,436  INFO [main] txn.TxnHandler: Added entries to MIN_HISTORY_LEVEL for current txns: ([26]) with min_open_txn: 23
2024-04-24T05:15:41,436  INFO [main] lockmgr.DbTxnManager: Opened txnid:26
2024-04-24T05:15:41,437  INFO [main] HiveMetaStore.audit: ugi=alex	ip=unknown-ip-addr	cmd=get_table : tbl=hive.default.nonAcidOrcTbl	
2024-04-24T05:15:41,456  INFO [main] metastore.HMSHandler: Skipping translation for processor with null
2024-04-24T05:15:41,456  INFO [main] ql.Driver: Semantic Analysis Completed (retrial = false)
2024-04-24T05:15:41,456  INFO [main] ql.Driver: Created Hive schema: Schema(fieldSchemas:null, properties:null)
2024-04-24T05:15:41,456  INFO [main] metadata.Hive: Dumping metastore api call timing information for : compilation phase
2024-04-24T05:15:41,456  INFO [main] metadata.Hive: Total time spent in each metastore function (ms): {getTable_(GetTableRequest)=19, getValidTxns_(long)=1, flushCache_()=0, isCompatibleWith_(Configuration)=0, openTxn_(String, TxnType)=2, commitTxn_(CommitTxnRequest)=10}
2024-04-24T05:15:41,456  INFO [main] ql.Driver: Completed compiling command(queryId=alex_20240424051541_4302139a-cff9-464f-8437-03c6f30be4fa); Time taken: 0.022 seconds
2024-04-24T05:15:41,456  INFO [main] lockmgr.DbTxnManager: Setting lock request transaction to txnid:26 for queryId=alex_20240424051541_4302139a-cff9-464f-8437-03c6f30be4fa
2024-04-24T05:15:41,457  INFO [main] lockmgr.DbLockManager: Requesting lock for queryId=alex_20240424051541_4302139a-cff9-464f-8437-03c6f30be4fa
2024-04-24T05:15:41,471  INFO [main] lockmgr.DbLockManager: Response to queryId=alex_20240424051541_4302139a-cff9-464f-8437-03c6f30be4fa LockResponse(lockid:16, state:ACQUIRED)
2024-04-24T05:15:41,471  INFO [main] ql.Driver: Operation DROPTABLE obtained 1 locks
2024-04-24T05:15:41,471  INFO [main] ql.Driver: Executing command(queryId=alex_20240424051541_4302139a-cff9-464f-8437-03c6f30be4fa): drop table if exists nonAcidOrcTbl
2024-04-24T05:15:41,471  INFO [main] ql.Driver: Starting task [Stage-0:DDL] in serial mode
2024-04-24T05:15:41,471  INFO [main] HiveMetaStore.audit: ugi=alex	ip=unknown-ip-addr	cmd=get_table : tbl=hive.default.nonAcidOrcTbl	
2024-04-24T05:15:41,479  INFO [main] metastore.HMSHandler: Skipping translation for processor with null
2024-04-24T05:15:41,479  INFO [main] HiveMetaStore.audit: ugi=alex	ip=unknown-ip-addr	cmd=get_table : tbl=hive.default.nonAcidOrcTbl	
2024-04-24T05:15:41,487  INFO [main] metastore.HMSHandler: Skipping translation for processor with null
2024-04-24T05:15:41,487  INFO [main] HiveMetaStore.audit: ugi=alex	ip=unknown-ip-addr	cmd=drop_table : tbl=hive.default.nonAcidOrcTbl	
2024-04-24T05:15:41,550  INFO [main] metadata.Hive: Dumping metastore api call timing information for : execution phase
2024-04-24T05:15:41,550  INFO [main] metadata.Hive: Total time spent in each metastore function (ms): {isCompatibleWith_(Configuration)=0, dropTable_(String, String, boolean, boolean, boolean)=71, getTable_(GetTableRequest)=8}
2024-04-24T05:15:41,550  INFO [main] ql.Driver: Completed executing command(queryId=alex_20240424051541_4302139a-cff9-464f-8437-03c6f30be4fa); Time taken: 0.079 seconds
2024-04-24T05:15:41,551  INFO [main] lockmgr.DbTxnManager: Stopped heartbeat for query: alex_20240424051541_4302139a-cff9-464f-8437-03c6f30be4fa
2024-04-24T05:15:41,554  INFO [main] txn.TxnHandler: Expected to move at least one record from txn_components to completed_txn_components when committing txn! txnid:26
2024-04-24T05:15:41,559  INFO [main] txn.TxnHandler: Removed transactions: ([26]) from MIN_HISTORY_LEVEL
2024-04-24T05:15:41,560  WARN [main] txn.CompactionTxnHandler: No compaction queue record found for Compaction type transaction commit. txnId:26
2024-04-24T05:15:41,560  INFO [main] ql.TxnCommandsBaseForTests: Running the query: drop table if exists nonAcidOrcTbl2
2024-04-24T05:15:41,560  INFO [main] ql.Driver: Compiling command(queryId=alex_20240424051541_190bc268-646e-48aa-a250-f39f2562be30): drop table if exists nonAcidOrcTbl2
2024-04-24T05:15:41,562  INFO [main] txn.TxnHandler: Added entries to MIN_HISTORY_LEVEL for current txns: ([27]) with min_open_txn: 23
2024-04-24T05:15:41,563  INFO [main] lockmgr.DbTxnManager: Opened txnid:27
2024-04-24T05:15:41,563  INFO [main] HiveMetaStore.audit: ugi=alex	ip=unknown-ip-addr	cmd=get_table : tbl=hive.default.nonAcidOrcTbl2	
2024-04-24T05:15:41,571  INFO [main] metastore.HMSHandler: Skipping translation for processor with null
2024-04-24T05:15:41,571  INFO [main] ql.Driver: Semantic Analysis Completed (retrial = false)
2024-04-24T05:15:41,571  INFO [main] ql.Driver: Created Hive schema: Schema(fieldSchemas:null, properties:null)
2024-04-24T05:15:41,571  INFO [main] metadata.Hive: Dumping metastore api call timing information for : compilation phase
2024-04-24T05:15:41,571  INFO [main] metadata.Hive: Total time spent in each metastore function (ms): {getTable_(GetTableRequest)=8, getValidTxns_(long)=0, commitTxn_(CommitTxnRequest)=9, flushCache_()=0, openTxn_(String, TxnType)=2, isCompatibleWith_(Configuration)=1}
2024-04-24T05:15:41,571  INFO [main] ql.Driver: Completed compiling command(queryId=alex_20240424051541_190bc268-646e-48aa-a250-f39f2562be30); Time taken: 0.011 seconds
2024-04-24T05:15:41,572  INFO [main] lockmgr.DbTxnManager: Setting lock request transaction to txnid:27 for queryId=alex_20240424051541_190bc268-646e-48aa-a250-f39f2562be30
2024-04-24T05:15:41,572  INFO [main] lockmgr.DbLockManager: Requesting lock for queryId=alex_20240424051541_190bc268-646e-48aa-a250-f39f2562be30
2024-04-24T05:15:41,585  INFO [main] lockmgr.DbLockManager: Response to queryId=alex_20240424051541_190bc268-646e-48aa-a250-f39f2562be30 LockResponse(lockid:17, state:ACQUIRED)
2024-04-24T05:15:41,585  INFO [main] ql.Driver: Operation DROPTABLE obtained 1 locks
2024-04-24T05:15:41,585  INFO [main] ql.Driver: Executing command(queryId=alex_20240424051541_190bc268-646e-48aa-a250-f39f2562be30): drop table if exists nonAcidOrcTbl2
2024-04-24T05:15:41,585  INFO [main] ql.Driver: Starting task [Stage-0:DDL] in serial mode
2024-04-24T05:15:41,585  INFO [main] HiveMetaStore.audit: ugi=alex	ip=unknown-ip-addr	cmd=get_table : tbl=hive.default.nonAcidOrcTbl2	
2024-04-24T05:15:41,593  INFO [main] metastore.HMSHandler: Skipping translation for processor with null
2024-04-24T05:15:41,593  INFO [main] HiveMetaStore.audit: ugi=alex	ip=unknown-ip-addr	cmd=get_table : tbl=hive.default.nonAcidOrcTbl2	
2024-04-24T05:15:41,601  INFO [main] metastore.HMSHandler: Skipping translation for processor with null
2024-04-24T05:15:41,601  INFO [main] HiveMetaStore.audit: ugi=alex	ip=unknown-ip-addr	cmd=drop_table : tbl=hive.default.nonAcidOrcTbl2	
2024-04-24T05:15:41,630  INFO [main] metadata.Hive: Dumping metastore api call timing information for : execution phase
2024-04-24T05:15:41,630  INFO [main] metadata.Hive: Total time spent in each metastore function (ms): {getTable_(GetTableRequest)=8, isCompatibleWith_(Configuration)=0, dropTable_(String, String, boolean, boolean, boolean)=37}
2024-04-24T05:15:41,630  INFO [main] ql.Driver: Completed executing command(queryId=alex_20240424051541_190bc268-646e-48aa-a250-f39f2562be30); Time taken: 0.045 seconds
2024-04-24T05:15:41,630  INFO [main] lockmgr.DbTxnManager: Stopped heartbeat for query: alex_20240424051541_190bc268-646e-48aa-a250-f39f2562be30
2024-04-24T05:15:41,633  INFO [main] txn.TxnHandler: Expected to move at least one record from txn_components to completed_txn_components when committing txn! txnid:27
2024-04-24T05:15:41,639  INFO [main] txn.TxnHandler: Removed transactions: ([27]) from MIN_HISTORY_LEVEL
2024-04-24T05:15:41,639  WARN [main] txn.CompactionTxnHandler: No compaction queue record found for Compaction type transaction commit. txnId:27
2024-04-24T05:15:41,639  INFO [main] ql.TxnCommandsBaseForTests: Running the query: drop table if exists nonAcidNonBucket
2024-04-24T05:15:41,639  INFO [main] ql.Driver: Compiling command(queryId=alex_20240424051541_da25de7c-25f5-4205-a1ac-da9178f85a85): drop table if exists nonAcidNonBucket
2024-04-24T05:15:41,641  INFO [main] txn.TxnHandler: Added entries to MIN_HISTORY_LEVEL for current txns: ([28]) with min_open_txn: 23
2024-04-24T05:15:41,642  INFO [main] lockmgr.DbTxnManager: Opened txnid:28
2024-04-24T05:15:41,642  INFO [main] HiveMetaStore.audit: ugi=alex	ip=unknown-ip-addr	cmd=get_table : tbl=hive.default.nonAcidNonBucket	
2024-04-24T05:15:41,650  INFO [main] metastore.HMSHandler: Skipping translation for processor with null
2024-04-24T05:15:41,650  INFO [main] ql.Driver: Semantic Analysis Completed (retrial = false)
2024-04-24T05:15:41,650  INFO [main] ql.Driver: Created Hive schema: Schema(fieldSchemas:null, properties:null)
2024-04-24T05:15:41,650  INFO [main] metadata.Hive: Dumping metastore api call timing information for : compilation phase
2024-04-24T05:15:41,650  INFO [main] metadata.Hive: Total time spent in each metastore function (ms): {flushCache_()=0, getValidTxns_(long)=0, openTxn_(String, TxnType)=2, getTable_(GetTableRequest)=8, commitTxn_(CommitTxnRequest)=9, isCompatibleWith_(Configuration)=0}
2024-04-24T05:15:41,650  INFO [main] ql.Driver: Completed compiling command(queryId=alex_20240424051541_da25de7c-25f5-4205-a1ac-da9178f85a85); Time taken: 0.011 seconds
2024-04-24T05:15:41,651  INFO [main] lockmgr.DbTxnManager: Setting lock request transaction to txnid:28 for queryId=alex_20240424051541_da25de7c-25f5-4205-a1ac-da9178f85a85
2024-04-24T05:15:41,651  INFO [main] lockmgr.DbLockManager: Requesting lock for queryId=alex_20240424051541_da25de7c-25f5-4205-a1ac-da9178f85a85
2024-04-24T05:15:41,664  INFO [main] lockmgr.DbLockManager: Response to queryId=alex_20240424051541_da25de7c-25f5-4205-a1ac-da9178f85a85 LockResponse(lockid:18, state:ACQUIRED)
2024-04-24T05:15:41,664  INFO [main] ql.Driver: Operation DROPTABLE obtained 1 locks
2024-04-24T05:15:41,664  INFO [main] ql.Driver: Executing command(queryId=alex_20240424051541_da25de7c-25f5-4205-a1ac-da9178f85a85): drop table if exists nonAcidNonBucket
2024-04-24T05:15:41,664  INFO [main] ql.Driver: Starting task [Stage-0:DDL] in serial mode
2024-04-24T05:15:41,664  INFO [main] HiveMetaStore.audit: ugi=alex	ip=unknown-ip-addr	cmd=get_table : tbl=hive.default.nonAcidNonBucket	
2024-04-24T05:15:41,672  INFO [main] metastore.HMSHandler: Skipping translation for processor with null
2024-04-24T05:15:41,672  INFO [main] HiveMetaStore.audit: ugi=alex	ip=unknown-ip-addr	cmd=get_table : tbl=hive.default.nonAcidNonBucket	
2024-04-24T05:15:41,680  INFO [main] metastore.HMSHandler: Skipping translation for processor with null
2024-04-24T05:15:41,680  INFO [main] HiveMetaStore.audit: ugi=alex	ip=unknown-ip-addr	cmd=drop_table : tbl=hive.default.nonAcidNonBucket	
2024-04-24T05:15:41,709  INFO [main] metadata.Hive: Dumping metastore api call timing information for : execution phase
2024-04-24T05:15:41,709  INFO [main] metadata.Hive: Total time spent in each metastore function (ms): {getTable_(GetTableRequest)=8, isCompatibleWith_(Configuration)=0, dropTable_(String, String, boolean, boolean, boolean)=37}
2024-04-24T05:15:41,709  INFO [main] ql.Driver: Completed executing command(queryId=alex_20240424051541_da25de7c-25f5-4205-a1ac-da9178f85a85); Time taken: 0.045 seconds
2024-04-24T05:15:41,709  INFO [main] lockmgr.DbTxnManager: Stopped heartbeat for query: alex_20240424051541_da25de7c-25f5-4205-a1ac-da9178f85a85
2024-04-24T05:15:41,713  INFO [main] txn.TxnHandler: Expected to move at least one record from txn_components to completed_txn_components when committing txn! txnid:28
2024-04-24T05:15:41,718  INFO [main] txn.TxnHandler: Removed transactions: ([28]) from MIN_HISTORY_LEVEL
2024-04-24T05:15:41,718  WARN [main] txn.CompactionTxnHandler: No compaction queue record found for Compaction type transaction commit. txnId:28
2024-04-24T05:15:41,719  INFO [main] utils.TestTxnDbUtil: Cleaning transactional tables
]]></system-err>
  </testcase>
  <testcase name="testMergeType2SCD02" classname="org.apache.hadoop.hive.ql.TestTxnCommandsWithSplitUpdateAndVectorization" time="5.121">
    <error type="java.lang.RuntimeException"><![CDATA[java.lang.RuntimeException: merge into target t using (select source.*, 0 c from source union all select source.*, 1 c from source inner join target on source.key=target.key where target.cur=1) s on t.key=s.key and t.cur=s.c and t.cur=1 when matched then update set cur=0 when not matched then insert values(s.key,s.data,1) failed: (responseCode = 40000, errorMessage = FAILED: NoMatchingMethodException No matching method for class org.apache.hadoop.hive.ql.udf.UDFToInteger with (struct<writeid:bigint,bucketid:int,rowid:bigint>). Possible choices: _FUNC_(bigint)  _FUNC_(boolean)  _FUNC_(decimal(38,18))  _FUNC_(double)  _FUNC_(float)  _FUNC_(smallint)  _FUNC_(string)  _FUNC_(struct<writeid:bigint,rowid:int,bucketid:bigint>)  _FUNC_(timestamp)  _FUNC_(tinyint)  _FUNC_(void)  , hiveErrorCode = 40000, SQLState = 42000, exception = No matching method for class org.apache.hadoop.hive.ql.udf.UDFToInteger with (struct<writeid:bigint,bucketid:int,rowid:bigint>). Possible choices: _FUNC_(bigint)  _FUNC_(boolean)  _FUNC_(decimal(38,18))  _FUNC_(double)  _FUNC_(float)  _FUNC_(smallint)  _FUNC_(string)  _FUNC_(struct<writeid:bigint,rowid:int,bucketid:bigint>)  _FUNC_(timestamp)  _FUNC_(tinyint)  _FUNC_(void)  )
	at org.apache.hadoop.hive.ql.TxnCommandsBaseForTests.runStatementOnDriver(TxnCommandsBaseForTests.java:247)
	at org.apache.hadoop.hive.ql.TestTxnCommands.testMergeType2SCD02(TestTxnCommands.java:1178)
	at sun.reflect.NativeMethodAccessorImpl.invoke0(Native Method)
	at sun.reflect.NativeMethodAccessorImpl.invoke(NativeMethodAccessorImpl.java:62)
	at sun.reflect.DelegatingMethodAccessorImpl.invoke(DelegatingMethodAccessorImpl.java:43)
	at java.lang.reflect.Method.invoke(Method.java:498)
	at org.junit.runners.model.FrameworkMethod$1.runReflectiveCall(FrameworkMethod.java:59)
	at org.junit.internal.runners.model.ReflectiveCallable.run(ReflectiveCallable.java:12)
	at org.junit.runners.model.FrameworkMethod.invokeExplosively(FrameworkMethod.java:56)
	at org.junit.internal.runners.statements.InvokeMethod.evaluate(InvokeMethod.java:17)
	at org.junit.internal.runners.statements.RunBefores.evaluate(RunBefores.java:26)
	at org.junit.internal.runners.statements.RunAfters.evaluate(RunAfters.java:27)
	at org.junit.rules.TestWatcher$1.evaluate(TestWatcher.java:61)
	at org.junit.runners.ParentRunner$3.evaluate(ParentRunner.java:306)
	at org.junit.runners.BlockJUnit4ClassRunner$1.evaluate(BlockJUnit4ClassRunner.java:100)
	at org.junit.runners.ParentRunner.runLeaf(ParentRunner.java:366)
	at org.junit.runners.BlockJUnit4ClassRunner.runChild(BlockJUnit4ClassRunner.java:103)
	at org.junit.runners.BlockJUnit4ClassRunner.runChild(BlockJUnit4ClassRunner.java:63)
	at org.junit.runners.ParentRunner$4.run(ParentRunner.java:331)
	at org.junit.runners.ParentRunner$1.schedule(ParentRunner.java:79)
	at org.junit.runners.ParentRunner.runChildren(ParentRunner.java:329)
	at org.junit.runners.ParentRunner.access$100(ParentRunner.java:66)
	at org.junit.runners.ParentRunner$2.evaluate(ParentRunner.java:293)
	at org.junit.runners.ParentRunner$3.evaluate(ParentRunner.java:306)
	at org.junit.runners.ParentRunner.run(ParentRunner.java:413)
	at org.junit.runner.JUnitCore.run(JUnitCore.java:137)
	at org.junit.runner.JUnitCore.run(JUnitCore.java:115)
	at org.junit.vintage.engine.execution.RunnerExecutor.execute(RunnerExecutor.java:43)
	at java.util.stream.ForEachOps$ForEachOp$OfRef.accept(ForEachOps.java:183)
	at java.util.stream.ReferencePipeline$3$1.accept(ReferencePipeline.java:193)
	at java.util.Iterator.forEachRemaining(Iterator.java:116)
	at java.util.Spliterators$IteratorSpliterator.forEachRemaining(Spliterators.java:1801)
	at java.util.stream.AbstractPipeline.copyInto(AbstractPipeline.java:482)
	at java.util.stream.AbstractPipeline.wrapAndCopyInto(AbstractPipeline.java:472)
	at java.util.stream.ForEachOps$ForEachOp.evaluateSequential(ForEachOps.java:150)
	at java.util.stream.ForEachOps$ForEachOp$OfRef.evaluateSequential(ForEachOps.java:173)
	at java.util.stream.AbstractPipeline.evaluate(AbstractPipeline.java:234)
	at java.util.stream.ReferencePipeline.forEach(ReferencePipeline.java:485)
	at org.junit.vintage.engine.VintageTestEngine.executeAllChildren(VintageTestEngine.java:82)
	at org.junit.vintage.engine.VintageTestEngine.execute(VintageTestEngine.java:73)
	at org.junit.platform.launcher.core.DefaultLauncher.execute(DefaultLauncher.java:248)
	at org.junit.platform.launcher.core.DefaultLauncher.lambda$execute$5(DefaultLauncher.java:211)
	at org.junit.platform.launcher.core.DefaultLauncher.withInterceptedStreams(DefaultLauncher.java:226)
	at org.junit.platform.launcher.core.DefaultLauncher.execute(DefaultLauncher.java:199)
	at org.junit.platform.launcher.core.DefaultLauncher.execute(DefaultLauncher.java:132)
	at org.apache.maven.surefire.junitplatform.JUnitPlatformProvider.invokeAllTests(JUnitPlatformProvider.java:154)
	at org.apache.maven.surefire.junitplatform.JUnitPlatformProvider.invoke(JUnitPlatformProvider.java:123)
	at org.apache.maven.surefire.booter.ForkedBooter.runSuitesInProcess(ForkedBooter.java:377)
	at org.apache.maven.surefire.booter.ForkedBooter.execute(ForkedBooter.java:138)
	at org.apache.maven.surefire.booter.ForkedBooter.run(ForkedBooter.java:465)
	at org.apache.maven.surefire.booter.ForkedBooter.main(ForkedBooter.java:451)
]]></error>
    <system-err><![CDATA[2024-04-24T05:15:41,775  WARN [main] conf.HiveConf: HiveConf of name hive.dummyparam.test.server.specific.config.metastoresite does not exist
2024-04-24T05:15:41,775  WARN [main] conf.HiveConf: HiveConf of name hive.llap.io.cache.orc.size does not exist
2024-04-24T05:15:41,775  WARN [main] conf.HiveConf: HiveConf of name hive.llap.io.cache.orc.arena.size does not exist
2024-04-24T05:15:41,775  WARN [main] conf.HiveConf: HiveConf of name hive.metastore.client.cache.maxSize does not exist
2024-04-24T05:15:41,775  WARN [main] conf.HiveConf: HiveConf of name hive.dummyparam.test.server.specific.config.override does not exist
2024-04-24T05:15:41,775  WARN [main] conf.HiveConf: HiveConf of name hive.llap.io.cache.orc.alloc.max does not exist
2024-04-24T05:15:41,775  WARN [main] conf.HiveConf: HiveConf of name hive.stats.key.prefix.reserve.length does not exist
2024-04-24T05:15:41,775  WARN [main] conf.HiveConf: HiveConf of name hive.llap.io.cache.orc.alloc.min does not exist
2024-04-24T05:15:41,775  WARN [main] conf.HiveConf: HiveConf of name hive.dummyparam.test.server.specific.config.hivesite does not exist
2024-04-24T05:15:41,775  WARN [main] conf.HiveConf: HiveConf of name hive.metastore.client.cache.recordStats does not exist
2024-04-24T05:15:41,775  WARN [main] conf.HiveConf: HiveConf of name hive.metastore.metadb.dir does not exist
2024-04-24T05:15:41,777  INFO [main] utils.TestTxnDbUtil: Creating transactional tables
Hive Session ID = 36d1e6a9-53cc-4a7f-b483-f485bf88721c
2024-04-24T05:15:41,779  INFO [main] SessionState: Hive Session ID = 36d1e6a9-53cc-4a7f-b483-f485bf88721c
ivysettings.xml file not found in HIVE_HOME or HIVE_CONF_DIR,/home/alex/Repositories/hive/conf/ivysettings.xml will be used
2024-04-24T05:15:41,780  INFO [main] DependencyResolver: ivysettings.xml file not found in HIVE_HOME or HIVE_CONF_DIR,/home/alex/Repositories/hive/conf/ivysettings.xml will be used
2024-04-24T05:15:41,785  INFO [main] session.SessionState: Created HDFS directory: /home/alex/Repositories/hive/ql/target/tmp/scratchdir/alex/36d1e6a9-53cc-4a7f-b483-f485bf88721c
2024-04-24T05:15:41,787  INFO [main] session.SessionState: Created local directory: /home/alex/Repositories/hive/ql/target/tmp/localscratchdir/36d1e6a9-53cc-4a7f-b483-f485bf88721c
2024-04-24T05:15:41,789  INFO [main] session.SessionState: Created HDFS directory: /home/alex/Repositories/hive/ql/target/tmp/scratchdir/alex/36d1e6a9-53cc-4a7f-b483-f485bf88721c/_tmp_space.db
2024-04-24T05:15:41,789  INFO [main] sqlstd.SQLStdHiveAccessController: Created SQLStdHiveAccessController for session context : HiveAuthzSessionContext [sessionString=36d1e6a9-53cc-4a7f-b483-f485bf88721c, clientType=HIVECLI]
2024-04-24T05:15:41,789  INFO [main] ql.TxnCommandsBaseForTests: Running the query: drop table if exists acidTbl
2024-04-24T05:15:41,790  INFO [main] ql.Driver: Compiling command(queryId=alex_20240424051541_9257a04a-4f6e-4cf6-8104-d3d724bc978f): drop table if exists acidTbl
2024-04-24T05:15:41,797  INFO [main] txn.TxnHandler: Added entries to MIN_HISTORY_LEVEL for current txns: ([1]) with min_open_txn: 1
2024-04-24T05:15:41,797  INFO [main] lockmgr.DbTxnManager: Opened txnid:1
2024-04-24T05:15:41,800  INFO [main] HiveMetaStore.audit: ugi=alex	ip=unknown-ip-addr	cmd=get_table : tbl=hive.default.acidTbl	
2024-04-24T05:15:41,802  INFO [main] ql.Driver: Semantic Analysis Completed (retrial = false)
2024-04-24T05:15:41,802  INFO [main] ql.Driver: Created Hive schema: Schema(fieldSchemas:null, properties:null)
2024-04-24T05:15:41,802  INFO [main] metadata.Hive: Dumping metastore api call timing information for : compilation phase
2024-04-24T05:15:41,802  INFO [main] metadata.Hive: Total time spent in each metastore function (ms): {isCompatibleWith_(Configuration)=0, commitTxn_(CommitTxnRequest)=10, openTxn_(String, TxnType)=7, getValidTxns_(long)=1, flushCache_()=0}
2024-04-24T05:15:41,803  INFO [main] ql.Driver: Completed compiling command(queryId=alex_20240424051541_9257a04a-4f6e-4cf6-8104-d3d724bc978f); Time taken: 0.012 seconds
2024-04-24T05:15:41,803  INFO [main] lockmgr.DbTxnManager: Setting lock request transaction to txnid:1 for queryId=alex_20240424051541_9257a04a-4f6e-4cf6-8104-d3d724bc978f
2024-04-24T05:15:41,803  INFO [main] ql.Driver: Operation DROPTABLE obtained 0 locks
2024-04-24T05:15:41,803  INFO [main] ql.Driver: Executing command(queryId=alex_20240424051541_9257a04a-4f6e-4cf6-8104-d3d724bc978f): drop table if exists acidTbl
2024-04-24T05:15:41,803  INFO [main] ql.Driver: Starting task [Stage-0:DDL] in serial mode
2024-04-24T05:15:41,803  INFO [main] HiveMetaStore.audit: ugi=alex	ip=unknown-ip-addr	cmd=get_table : tbl=hive.default.acidTbl	
2024-04-24T05:15:41,806  INFO [main] metadata.Hive: Dumping metastore api call timing information for : execution phase
2024-04-24T05:15:41,806  INFO [main] metadata.Hive: Total time spent in each metastore function (ms): {isCompatibleWith_(Configuration)=0}
2024-04-24T05:15:41,806  INFO [main] ql.Driver: Completed executing command(queryId=alex_20240424051541_9257a04a-4f6e-4cf6-8104-d3d724bc978f); Time taken: 0.003 seconds
2024-04-24T05:15:41,806  INFO [main] lockmgr.DbTxnManager: Stopped heartbeat for query: alex_20240424051541_9257a04a-4f6e-4cf6-8104-d3d724bc978f
2024-04-24T05:15:41,812  INFO [main] txn.TxnHandler: Expected to move at least one record from txn_components to completed_txn_components when committing txn! txnid:1
2024-04-24T05:15:41,818  INFO [main] txn.TxnHandler: Removed transactions: ([1]) from MIN_HISTORY_LEVEL
2024-04-24T05:15:41,818  WARN [main] txn.CompactionTxnHandler: No compaction queue record found for Compaction type transaction commit. txnId:1
2024-04-24T05:15:41,818  INFO [main] ql.TxnCommandsBaseForTests: Running the query: drop table if exists acidTblPart
2024-04-24T05:15:41,818  INFO [main] ql.Driver: Compiling command(queryId=alex_20240424051541_7149e2af-5b37-4dcf-bf9e-08abd0586182): drop table if exists acidTblPart
2024-04-24T05:15:41,820  INFO [main] txn.TxnHandler: Added entries to MIN_HISTORY_LEVEL for current txns: ([2]) with min_open_txn: 1
2024-04-24T05:15:41,820  INFO [main] lockmgr.DbTxnManager: Opened txnid:2
2024-04-24T05:15:41,821  INFO [main] HiveMetaStore.audit: ugi=alex	ip=unknown-ip-addr	cmd=get_table : tbl=hive.default.acidTblPart	
2024-04-24T05:15:41,823  INFO [main] ql.Driver: Semantic Analysis Completed (retrial = false)
2024-04-24T05:15:41,824  INFO [main] ql.Driver: Created Hive schema: Schema(fieldSchemas:null, properties:null)
2024-04-24T05:15:41,824  INFO [main] metadata.Hive: Dumping metastore api call timing information for : compilation phase
2024-04-24T05:15:41,824  INFO [main] metadata.Hive: Total time spent in each metastore function (ms): {getValidTxns_(long)=0, flushCache_()=0, isCompatibleWith_(Configuration)=0, commitTxn_(CommitTxnRequest)=12, openTxn_(String, TxnType)=1}
2024-04-24T05:15:41,824  INFO [main] ql.Driver: Completed compiling command(queryId=alex_20240424051541_7149e2af-5b37-4dcf-bf9e-08abd0586182); Time taken: 0.006 seconds
2024-04-24T05:15:41,824  INFO [main] lockmgr.DbTxnManager: Setting lock request transaction to txnid:2 for queryId=alex_20240424051541_7149e2af-5b37-4dcf-bf9e-08abd0586182
2024-04-24T05:15:41,824  INFO [main] ql.Driver: Operation DROPTABLE obtained 0 locks
2024-04-24T05:15:41,824  INFO [main] ql.Driver: Executing command(queryId=alex_20240424051541_7149e2af-5b37-4dcf-bf9e-08abd0586182): drop table if exists acidTblPart
2024-04-24T05:15:41,824  INFO [main] ql.Driver: Starting task [Stage-0:DDL] in serial mode
2024-04-24T05:15:41,824  INFO [main] HiveMetaStore.audit: ugi=alex	ip=unknown-ip-addr	cmd=get_table : tbl=hive.default.acidTblPart	
2024-04-24T05:15:41,828  INFO [main] metadata.Hive: Dumping metastore api call timing information for : execution phase
2024-04-24T05:15:41,828  INFO [main] metadata.Hive: Total time spent in each metastore function (ms): {isCompatibleWith_(Configuration)=0}
2024-04-24T05:15:41,828  INFO [main] ql.Driver: Completed executing command(queryId=alex_20240424051541_7149e2af-5b37-4dcf-bf9e-08abd0586182); Time taken: 0.004 seconds
2024-04-24T05:15:41,828  INFO [main] lockmgr.DbTxnManager: Stopped heartbeat for query: alex_20240424051541_7149e2af-5b37-4dcf-bf9e-08abd0586182
2024-04-24T05:15:41,833  INFO [main] txn.TxnHandler: Expected to move at least one record from txn_components to completed_txn_components when committing txn! txnid:2
2024-04-24T05:15:41,838  INFO [main] txn.TxnHandler: Removed transactions: ([2]) from MIN_HISTORY_LEVEL
2024-04-24T05:15:41,839  WARN [main] txn.CompactionTxnHandler: No compaction queue record found for Compaction type transaction commit. txnId:2
2024-04-24T05:15:41,839  INFO [main] ql.TxnCommandsBaseForTests: Running the query: drop table if exists acidTbl2
2024-04-24T05:15:41,839  INFO [main] ql.Driver: Compiling command(queryId=alex_20240424051541_34d6654c-a31b-408b-8bed-230a91d5b087): drop table if exists acidTbl2
2024-04-24T05:15:41,841  INFO [main] txn.TxnHandler: Added entries to MIN_HISTORY_LEVEL for current txns: ([3]) with min_open_txn: 1
2024-04-24T05:15:41,841  INFO [main] lockmgr.DbTxnManager: Opened txnid:3
2024-04-24T05:15:41,842  INFO [main] HiveMetaStore.audit: ugi=alex	ip=unknown-ip-addr	cmd=get_table : tbl=hive.default.acidTbl2	
2024-04-24T05:15:41,844  INFO [main] ql.Driver: Semantic Analysis Completed (retrial = false)
2024-04-24T05:15:41,844  INFO [main] ql.Driver: Created Hive schema: Schema(fieldSchemas:null, properties:null)
2024-04-24T05:15:41,845  INFO [main] metadata.Hive: Dumping metastore api call timing information for : compilation phase
2024-04-24T05:15:41,845  INFO [main] metadata.Hive: Total time spent in each metastore function (ms): {getValidTxns_(long)=0, isCompatibleWith_(Configuration)=0, commitTxn_(CommitTxnRequest)=11, openTxn_(String, TxnType)=1, flushCache_()=0}
2024-04-24T05:15:41,845  INFO [main] ql.Driver: Completed compiling command(queryId=alex_20240424051541_34d6654c-a31b-408b-8bed-230a91d5b087); Time taken: 0.006 seconds
2024-04-24T05:15:41,845  INFO [main] lockmgr.DbTxnManager: Setting lock request transaction to txnid:3 for queryId=alex_20240424051541_34d6654c-a31b-408b-8bed-230a91d5b087
2024-04-24T05:15:41,845  INFO [main] ql.Driver: Operation DROPTABLE obtained 0 locks
2024-04-24T05:15:41,845  INFO [main] ql.Driver: Executing command(queryId=alex_20240424051541_34d6654c-a31b-408b-8bed-230a91d5b087): drop table if exists acidTbl2
2024-04-24T05:15:41,845  INFO [main] ql.Driver: Starting task [Stage-0:DDL] in serial mode
2024-04-24T05:15:41,845  INFO [main] HiveMetaStore.audit: ugi=alex	ip=unknown-ip-addr	cmd=get_table : tbl=hive.default.acidTbl2	
2024-04-24T05:15:41,848  INFO [main] metadata.Hive: Dumping metastore api call timing information for : execution phase
2024-04-24T05:15:41,848  INFO [main] metadata.Hive: Total time spent in each metastore function (ms): {isCompatibleWith_(Configuration)=0}
2024-04-24T05:15:41,849  INFO [main] ql.Driver: Completed executing command(queryId=alex_20240424051541_34d6654c-a31b-408b-8bed-230a91d5b087); Time taken: 0.003 seconds
2024-04-24T05:15:41,849  INFO [main] lockmgr.DbTxnManager: Stopped heartbeat for query: alex_20240424051541_34d6654c-a31b-408b-8bed-230a91d5b087
2024-04-24T05:15:41,853  INFO [main] txn.TxnHandler: Expected to move at least one record from txn_components to completed_txn_components when committing txn! txnid:3
2024-04-24T05:15:41,859  INFO [main] txn.TxnHandler: Removed transactions: ([3]) from MIN_HISTORY_LEVEL
2024-04-24T05:15:41,859  WARN [main] txn.CompactionTxnHandler: No compaction queue record found for Compaction type transaction commit. txnId:3
2024-04-24T05:15:41,859  INFO [main] ql.TxnCommandsBaseForTests: Running the query: drop table if exists nonAcidOrcTbl
2024-04-24T05:15:41,859  INFO [main] ql.Driver: Compiling command(queryId=alex_20240424051541_4318330b-949f-4f93-85e4-fe217e51d5b4): drop table if exists nonAcidOrcTbl
2024-04-24T05:15:41,861  INFO [main] txn.TxnHandler: Added entries to MIN_HISTORY_LEVEL for current txns: ([4]) with min_open_txn: 1
2024-04-24T05:15:41,861  INFO [main] lockmgr.DbTxnManager: Opened txnid:4
2024-04-24T05:15:41,862  INFO [main] HiveMetaStore.audit: ugi=alex	ip=unknown-ip-addr	cmd=get_table : tbl=hive.default.nonAcidOrcTbl	
2024-04-24T05:15:41,865  INFO [main] ql.Driver: Semantic Analysis Completed (retrial = false)
2024-04-24T05:15:41,865  INFO [main] ql.Driver: Created Hive schema: Schema(fieldSchemas:null, properties:null)
2024-04-24T05:15:41,865  INFO [main] metadata.Hive: Dumping metastore api call timing information for : compilation phase
2024-04-24T05:15:41,865  INFO [main] metadata.Hive: Total time spent in each metastore function (ms): {isCompatibleWith_(Configuration)=0, flushCache_()=0, getValidTxns_(long)=0, openTxn_(String, TxnType)=1, commitTxn_(CommitTxnRequest)=10}
2024-04-24T05:15:41,865  INFO [main] ql.Driver: Completed compiling command(queryId=alex_20240424051541_4318330b-949f-4f93-85e4-fe217e51d5b4); Time taken: 0.006 seconds
2024-04-24T05:15:41,865  INFO [main] lockmgr.DbTxnManager: Setting lock request transaction to txnid:4 for queryId=alex_20240424051541_4318330b-949f-4f93-85e4-fe217e51d5b4
2024-04-24T05:15:41,865  INFO [main] ql.Driver: Operation DROPTABLE obtained 0 locks
2024-04-24T05:15:41,865  INFO [main] ql.Driver: Executing command(queryId=alex_20240424051541_4318330b-949f-4f93-85e4-fe217e51d5b4): drop table if exists nonAcidOrcTbl
2024-04-24T05:15:41,865  INFO [main] ql.Driver: Starting task [Stage-0:DDL] in serial mode
2024-04-24T05:15:41,866  INFO [main] HiveMetaStore.audit: ugi=alex	ip=unknown-ip-addr	cmd=get_table : tbl=hive.default.nonAcidOrcTbl	
2024-04-24T05:15:41,870  INFO [main] metadata.Hive: Dumping metastore api call timing information for : execution phase
2024-04-24T05:15:41,870  INFO [main] metadata.Hive: Total time spent in each metastore function (ms): {isCompatibleWith_(Configuration)=1}
2024-04-24T05:15:41,871  INFO [main] ql.Driver: Completed executing command(queryId=alex_20240424051541_4318330b-949f-4f93-85e4-fe217e51d5b4); Time taken: 0.005 seconds
2024-04-24T05:15:41,871  INFO [main] lockmgr.DbTxnManager: Stopped heartbeat for query: alex_20240424051541_4318330b-949f-4f93-85e4-fe217e51d5b4
2024-04-24T05:15:41,876  INFO [main] txn.TxnHandler: Expected to move at least one record from txn_components to completed_txn_components when committing txn! txnid:4
2024-04-24T05:15:41,882  INFO [main] txn.TxnHandler: Removed transactions: ([4]) from MIN_HISTORY_LEVEL
2024-04-24T05:15:41,882  WARN [main] txn.CompactionTxnHandler: No compaction queue record found for Compaction type transaction commit. txnId:4
2024-04-24T05:15:41,883  INFO [main] ql.TxnCommandsBaseForTests: Running the query: drop table if exists nonAcidOrcTbl2
2024-04-24T05:15:41,883  INFO [main] ql.Driver: Compiling command(queryId=alex_20240424051541_e5862752-3368-4eca-bd62-8dea99437e9a): drop table if exists nonAcidOrcTbl2
2024-04-24T05:15:41,885  INFO [main] txn.TxnHandler: Added entries to MIN_HISTORY_LEVEL for current txns: ([5]) with min_open_txn: 1
2024-04-24T05:15:41,885  INFO [main] lockmgr.DbTxnManager: Opened txnid:5
2024-04-24T05:15:41,885  INFO [main] HiveMetaStore.audit: ugi=alex	ip=unknown-ip-addr	cmd=get_table : tbl=hive.default.nonAcidOrcTbl2	
2024-04-24T05:15:41,888  INFO [main] ql.Driver: Semantic Analysis Completed (retrial = false)
2024-04-24T05:15:41,888  INFO [main] ql.Driver: Created Hive schema: Schema(fieldSchemas:null, properties:null)
2024-04-24T05:15:41,888  INFO [main] metadata.Hive: Dumping metastore api call timing information for : compilation phase
2024-04-24T05:15:41,888  INFO [main] metadata.Hive: Total time spent in each metastore function (ms): {isCompatibleWith_(Configuration)=0, openTxn_(String, TxnType)=2, commitTxn_(CommitTxnRequest)=11, flushCache_()=0, getValidTxns_(long)=0}
2024-04-24T05:15:41,888  INFO [main] ql.Driver: Completed compiling command(queryId=alex_20240424051541_e5862752-3368-4eca-bd62-8dea99437e9a); Time taken: 0.005 seconds
2024-04-24T05:15:41,889  INFO [main] lockmgr.DbTxnManager: Setting lock request transaction to txnid:5 for queryId=alex_20240424051541_e5862752-3368-4eca-bd62-8dea99437e9a
2024-04-24T05:15:41,889  INFO [main] ql.Driver: Operation DROPTABLE obtained 0 locks
2024-04-24T05:15:41,889  INFO [main] ql.Driver: Executing command(queryId=alex_20240424051541_e5862752-3368-4eca-bd62-8dea99437e9a): drop table if exists nonAcidOrcTbl2
2024-04-24T05:15:41,889  INFO [main] ql.Driver: Starting task [Stage-0:DDL] in serial mode
2024-04-24T05:15:41,889  INFO [main] HiveMetaStore.audit: ugi=alex	ip=unknown-ip-addr	cmd=get_table : tbl=hive.default.nonAcidOrcTbl2	
2024-04-24T05:15:41,892  INFO [main] metadata.Hive: Dumping metastore api call timing information for : execution phase
2024-04-24T05:15:41,893  INFO [main] metadata.Hive: Total time spent in each metastore function (ms): {isCompatibleWith_(Configuration)=0}
2024-04-24T05:15:41,893  INFO [main] ql.Driver: Completed executing command(queryId=alex_20240424051541_e5862752-3368-4eca-bd62-8dea99437e9a); Time taken: 0.003 seconds
2024-04-24T05:15:41,893  INFO [main] lockmgr.DbTxnManager: Stopped heartbeat for query: alex_20240424051541_e5862752-3368-4eca-bd62-8dea99437e9a
2024-04-24T05:15:41,898  INFO [main] txn.TxnHandler: Expected to move at least one record from txn_components to completed_txn_components when committing txn! txnid:5
2024-04-24T05:15:41,903  INFO [main] txn.TxnHandler: Removed transactions: ([5]) from MIN_HISTORY_LEVEL
2024-04-24T05:15:41,903  WARN [main] txn.CompactionTxnHandler: No compaction queue record found for Compaction type transaction commit. txnId:5
2024-04-24T05:15:41,904  INFO [main] ql.TxnCommandsBaseForTests: Running the query: drop table if exists nonAcidNonBucket
2024-04-24T05:15:41,904  INFO [main] ql.Driver: Compiling command(queryId=alex_20240424051541_6aabbef4-9574-4e7c-be1c-410f7de66842): drop table if exists nonAcidNonBucket
2024-04-24T05:15:41,905  INFO [main] txn.TxnHandler: Added entries to MIN_HISTORY_LEVEL for current txns: ([6]) with min_open_txn: 1
2024-04-24T05:15:41,906  INFO [main] lockmgr.DbTxnManager: Opened txnid:6
2024-04-24T05:15:41,906  INFO [main] HiveMetaStore.audit: ugi=alex	ip=unknown-ip-addr	cmd=get_table : tbl=hive.default.nonAcidNonBucket	
2024-04-24T05:15:41,909  INFO [main] ql.Driver: Semantic Analysis Completed (retrial = false)
2024-04-24T05:15:41,909  INFO [main] ql.Driver: Created Hive schema: Schema(fieldSchemas:null, properties:null)
2024-04-24T05:15:41,909  INFO [main] metadata.Hive: Dumping metastore api call timing information for : compilation phase
2024-04-24T05:15:41,909  INFO [main] metadata.Hive: Total time spent in each metastore function (ms): {getValidTxns_(long)=0, openTxn_(String, TxnType)=2, commitTxn_(CommitTxnRequest)=10, isCompatibleWith_(Configuration)=0, flushCache_()=0}
2024-04-24T05:15:41,909  INFO [main] ql.Driver: Completed compiling command(queryId=alex_20240424051541_6aabbef4-9574-4e7c-be1c-410f7de66842); Time taken: 0.005 seconds
2024-04-24T05:15:41,909  INFO [main] lockmgr.DbTxnManager: Setting lock request transaction to txnid:6 for queryId=alex_20240424051541_6aabbef4-9574-4e7c-be1c-410f7de66842
2024-04-24T05:15:41,910  INFO [main] ql.Driver: Operation DROPTABLE obtained 0 locks
2024-04-24T05:15:41,910  INFO [main] ql.Driver: Executing command(queryId=alex_20240424051541_6aabbef4-9574-4e7c-be1c-410f7de66842): drop table if exists nonAcidNonBucket
2024-04-24T05:15:41,910  INFO [main] ql.Driver: Starting task [Stage-0:DDL] in serial mode
2024-04-24T05:15:41,910  INFO [main] HiveMetaStore.audit: ugi=alex	ip=unknown-ip-addr	cmd=get_table : tbl=hive.default.nonAcidNonBucket	
2024-04-24T05:15:41,913  INFO [main] metadata.Hive: Dumping metastore api call timing information for : execution phase
2024-04-24T05:15:41,913  INFO [main] metadata.Hive: Total time spent in each metastore function (ms): {isCompatibleWith_(Configuration)=0}
2024-04-24T05:15:41,913  INFO [main] ql.Driver: Completed executing command(queryId=alex_20240424051541_6aabbef4-9574-4e7c-be1c-410f7de66842); Time taken: 0.003 seconds
2024-04-24T05:15:41,913  INFO [main] lockmgr.DbTxnManager: Stopped heartbeat for query: alex_20240424051541_6aabbef4-9574-4e7c-be1c-410f7de66842
2024-04-24T05:15:41,918  INFO [main] txn.TxnHandler: Expected to move at least one record from txn_components to completed_txn_components when committing txn! txnid:6
2024-04-24T05:15:41,923  INFO [main] txn.TxnHandler: Removed transactions: ([6]) from MIN_HISTORY_LEVEL
2024-04-24T05:15:41,923  WARN [main] txn.CompactionTxnHandler: No compaction queue record found for Compaction type transaction commit. txnId:6
2024-04-24T05:15:41,924  INFO [main] ql.TxnCommandsBaseForTests: Running the query: create table acidTbl(a int, b int) clustered by (a) into 2 buckets stored as orc TBLPROPERTIES ('transactional'='true')
2024-04-24T05:15:41,924  INFO [main] ql.Driver: Compiling command(queryId=alex_20240424051541_714f1b56-fe05-4262-8dba-cb3d5bed19da): create table acidTbl(a int, b int) clustered by (a) into 2 buckets stored as orc TBLPROPERTIES ('transactional'='true')
2024-04-24T05:15:41,926  INFO [main] txn.TxnHandler: Added entries to MIN_HISTORY_LEVEL for current txns: ([7]) with min_open_txn: 1
2024-04-24T05:15:41,926  INFO [main] lockmgr.DbTxnManager: Opened txnid:7
2024-04-24T05:15:41,926  INFO [main] parse.CalcitePlanner: Starting caching scope for: 
2024-04-24T05:15:41,926  INFO [main] parse.CalcitePlanner: Starting Semantic Analysis
2024-04-24T05:15:41,931  INFO [main] parse.CalcitePlanner: Creating table default.acidTbl position=13
2024-04-24T05:15:41,932  INFO [main] HiveMetaStore.audit: ugi=alex	ip=unknown-ip-addr	cmd=get_database: default	
2024-04-24T05:15:41,933  INFO [main] parse.CalcitePlanner: Ending caching scope for: 
2024-04-24T05:15:41,933  INFO [main] ql.Driver: Semantic Analysis Completed (retrial = false)
2024-04-24T05:15:41,933  INFO [main] ql.Driver: Created Hive schema: Schema(fieldSchemas:null, properties:null)
2024-04-24T05:15:41,933  INFO [main] metadata.Hive: Dumping metastore api call timing information for : compilation phase
2024-04-24T05:15:41,933  INFO [main] metadata.Hive: Total time spent in each metastore function (ms): {getValidWriteIds_(List, String)=4, isCompatibleWith_(Configuration)=0, getDatabase_(String)=1, getValidTxns_(long)=0, flushCache_()=0, openTxn_(String, TxnType)=2, commitTxn_(CommitTxnRequest)=11}
2024-04-24T05:15:41,933  INFO [main] ql.Driver: Completed compiling command(queryId=alex_20240424051541_714f1b56-fe05-4262-8dba-cb3d5bed19da); Time taken: 0.009 seconds
2024-04-24T05:15:41,934  INFO [main] lockmgr.DbTxnManager: Setting lock request transaction to txnid:7 for queryId=alex_20240424051541_714f1b56-fe05-4262-8dba-cb3d5bed19da
2024-04-24T05:15:41,934  INFO [main] lockmgr.DbLockManager: Requesting lock for queryId=alex_20240424051541_714f1b56-fe05-4262-8dba-cb3d5bed19da
2024-04-24T05:15:41,950  INFO [main] lockmgr.DbLockManager: Response to queryId=alex_20240424051541_714f1b56-fe05-4262-8dba-cb3d5bed19da LockResponse(lockid:1, state:ACQUIRED)
2024-04-24T05:15:41,950  INFO [main] ql.Driver: Operation CREATETABLE obtained 1 locks
2024-04-24T05:15:41,950  INFO [main] ql.Driver: Executing command(queryId=alex_20240424051541_714f1b56-fe05-4262-8dba-cb3d5bed19da): create table acidTbl(a int, b int) clustered by (a) into 2 buckets stored as orc TBLPROPERTIES ('transactional'='true')
2024-04-24T05:15:41,951  INFO [main] ql.Driver: Starting task [Stage-0:DDL] in serial mode
2024-04-24T05:15:41,951  INFO [main] HiveMetaStore.audit: ugi=alex	ip=unknown-ip-addr	cmd=create_table_req: Table(tableName:acidTbl, dbName:default, owner:alex, createTime:1713960941, lastAccessTime:0, retention:0, sd:StorageDescriptor(cols:[FieldSchema(name:a, type:int, comment:null), FieldSchema(name:b, type:int, comment:null)], location:null, inputFormat:org.apache.hadoop.hive.ql.io.orc.OrcInputFormat, outputFormat:org.apache.hadoop.hive.ql.io.orc.OrcOutputFormat, compressed:false, numBuckets:2, serdeInfo:SerDeInfo(name:null, serializationLib:org.apache.hadoop.hive.ql.io.orc.OrcSerde, parameters:{serialization.format=1}), bucketCols:[a], sortCols:[], parameters:{}, skewedInfo:SkewedInfo(skewedColNames:[], skewedColValues:[], skewedColValueLocationMaps:{}), storedAsSubDirectories:false), partitionKeys:[], parameters:{rawDataSize=0, numRows=0, bucketing_version=2, COLUMN_STATS_ACCURATE={"BASIC_STATS":"true","COLUMN_STATS":{"a":"true","b":"true"}}, totalSize=0, numFilesErasureCoded=0, numFiles=0, transactional=true}, viewOriginalText:null, viewExpandedText:null, tableType:MANAGED_TABLE, privileges:PrincipalPrivilegeSet(userPrivileges:{alex=[PrivilegeGrantInfo(privilege:INSERT, createTime:-1, grantor:alex, grantorType:USER, grantOption:true), PrivilegeGrantInfo(privilege:SELECT, createTime:-1, grantor:alex, grantorType:USER, grantOption:true), PrivilegeGrantInfo(privilege:UPDATE, createTime:-1, grantor:alex, grantorType:USER, grantOption:true), PrivilegeGrantInfo(privilege:DELETE, createTime:-1, grantor:alex, grantorType:USER, grantOption:true)]}, groupPrivileges:null, rolePrivileges:null), temporary:false, catName:hive, ownerType:USER, writeId:0)	
2024-04-24T05:15:41,956  INFO [main] utils.FileUtils: Creating directory if it doesn't exist: file:/home/alex/Repositories/hive/ql/target/tmp/org.apache.hadoop.hive.ql.TestTxnCommands-1713960750541/warehouse/acidtbl
2024-04-24T05:15:41,993  INFO [main] metadata.Hive: Dumping metastore api call timing information for : execution phase
2024-04-24T05:15:41,993  INFO [main] metadata.Hive: Total time spent in each metastore function (ms): {isCompatibleWith_(Configuration)=0, createTable_(Table)=42}
2024-04-24T05:15:41,993  INFO [main] ql.Driver: Completed executing command(queryId=alex_20240424051541_714f1b56-fe05-4262-8dba-cb3d5bed19da); Time taken: 0.043 seconds
2024-04-24T05:15:41,993  INFO [main] lockmgr.DbTxnManager: Stopped heartbeat for query: alex_20240424051541_714f1b56-fe05-4262-8dba-cb3d5bed19da
2024-04-24T05:15:41,997  INFO [main] txn.TxnHandler: Expected to move at least one record from txn_components to completed_txn_components when committing txn! txnid:7
2024-04-24T05:15:42,002  INFO [main] txn.TxnHandler: Removed transactions: ([7]) from MIN_HISTORY_LEVEL
2024-04-24T05:15:42,002  WARN [main] txn.CompactionTxnHandler: No compaction queue record found for Compaction type transaction commit. txnId:7
2024-04-24T05:15:42,003  INFO [main] ql.TxnCommandsBaseForTests: Running the query: create table acidTblPart(a int, b int) partitioned by (p string) clustered by (a) into 2 buckets stored as orc TBLPROPERTIES ('transactional'='true')
2024-04-24T05:15:42,003  INFO [main] ql.Driver: Compiling command(queryId=alex_20240424051542_21346609-cf05-4daf-8456-abce7530279c): create table acidTblPart(a int, b int) partitioned by (p string) clustered by (a) into 2 buckets stored as orc TBLPROPERTIES ('transactional'='true')
2024-04-24T05:15:42,005  INFO [main] txn.TxnHandler: Added entries to MIN_HISTORY_LEVEL for current txns: ([8]) with min_open_txn: 1
2024-04-24T05:15:42,005  INFO [main] lockmgr.DbTxnManager: Opened txnid:8
2024-04-24T05:15:42,005  INFO [main] parse.CalcitePlanner: Starting caching scope for: 
2024-04-24T05:15:42,006  INFO [main] parse.CalcitePlanner: Starting Semantic Analysis
2024-04-24T05:15:42,008  INFO [main] parse.CalcitePlanner: Creating table default.acidTblPart position=13
2024-04-24T05:15:42,008  INFO [main] HiveMetaStore.audit: ugi=alex	ip=unknown-ip-addr	cmd=get_database: default	
2024-04-24T05:15:42,009  INFO [main] parse.CalcitePlanner: Ending caching scope for: 
2024-04-24T05:15:42,009  INFO [main] ql.Driver: Semantic Analysis Completed (retrial = false)
2024-04-24T05:15:42,009  INFO [main] ql.Driver: Created Hive schema: Schema(fieldSchemas:null, properties:null)
2024-04-24T05:15:42,009  INFO [main] metadata.Hive: Dumping metastore api call timing information for : compilation phase
2024-04-24T05:15:42,010  INFO [main] metadata.Hive: Total time spent in each metastore function (ms): {getDatabase_(String)=1, flushCache_()=0, getValidWriteIds_(List, String)=2, getValidTxns_(long)=0, commitTxn_(CommitTxnRequest)=10, openTxn_(String, TxnType)=2, isCompatibleWith_(Configuration)=0}
2024-04-24T05:15:42,010  INFO [main] ql.Driver: Completed compiling command(queryId=alex_20240424051542_21346609-cf05-4daf-8456-abce7530279c); Time taken: 0.006 seconds
2024-04-24T05:15:42,010  INFO [main] lockmgr.DbTxnManager: Setting lock request transaction to txnid:8 for queryId=alex_20240424051542_21346609-cf05-4daf-8456-abce7530279c
2024-04-24T05:15:42,010  INFO [main] lockmgr.DbLockManager: Requesting lock for queryId=alex_20240424051542_21346609-cf05-4daf-8456-abce7530279c
2024-04-24T05:15:42,024  INFO [main] lockmgr.DbLockManager: Response to queryId=alex_20240424051542_21346609-cf05-4daf-8456-abce7530279c LockResponse(lockid:2, state:ACQUIRED)
2024-04-24T05:15:42,024  INFO [main] ql.Driver: Operation CREATETABLE obtained 1 locks
2024-04-24T05:15:42,024  INFO [main] ql.Driver: Executing command(queryId=alex_20240424051542_21346609-cf05-4daf-8456-abce7530279c): create table acidTblPart(a int, b int) partitioned by (p string) clustered by (a) into 2 buckets stored as orc TBLPROPERTIES ('transactional'='true')
2024-04-24T05:15:42,024  INFO [main] ql.Driver: Starting task [Stage-0:DDL] in serial mode
2024-04-24T05:15:42,025  INFO [main] HiveMetaStore.audit: ugi=alex	ip=unknown-ip-addr	cmd=create_table_req: Table(tableName:acidTblPart, dbName:default, owner:alex, createTime:1713960942, lastAccessTime:0, retention:0, sd:StorageDescriptor(cols:[FieldSchema(name:a, type:int, comment:null), FieldSchema(name:b, type:int, comment:null)], location:null, inputFormat:org.apache.hadoop.hive.ql.io.orc.OrcInputFormat, outputFormat:org.apache.hadoop.hive.ql.io.orc.OrcOutputFormat, compressed:false, numBuckets:2, serdeInfo:SerDeInfo(name:null, serializationLib:org.apache.hadoop.hive.ql.io.orc.OrcSerde, parameters:{serialization.format=1}), bucketCols:[a], sortCols:[], parameters:{}, skewedInfo:SkewedInfo(skewedColNames:[], skewedColValues:[], skewedColValueLocationMaps:{}), storedAsSubDirectories:false), partitionKeys:[FieldSchema(name:p, type:string, comment:null)], parameters:{bucketing_version=2, transactional=true}, viewOriginalText:null, viewExpandedText:null, tableType:MANAGED_TABLE, privileges:PrincipalPrivilegeSet(userPrivileges:{alex=[PrivilegeGrantInfo(privilege:INSERT, createTime:-1, grantor:alex, grantorType:USER, grantOption:true), PrivilegeGrantInfo(privilege:SELECT, createTime:-1, grantor:alex, grantorType:USER, grantOption:true), PrivilegeGrantInfo(privilege:UPDATE, createTime:-1, grantor:alex, grantorType:USER, grantOption:true), PrivilegeGrantInfo(privilege:DELETE, createTime:-1, grantor:alex, grantorType:USER, grantOption:true)]}, groupPrivileges:null, rolePrivileges:null), temporary:false, catName:hive, ownerType:USER, writeId:0)	
2024-04-24T05:15:42,030  INFO [main] utils.FileUtils: Creating directory if it doesn't exist: file:/home/alex/Repositories/hive/ql/target/tmp/org.apache.hadoop.hive.ql.TestTxnCommands-1713960750541/warehouse/acidtblpart
2024-04-24T05:15:42,046  INFO [main] metadata.Hive: Dumping metastore api call timing information for : execution phase
2024-04-24T05:15:42,046  INFO [main] metadata.Hive: Total time spent in each metastore function (ms): {isCompatibleWith_(Configuration)=0, createTable_(Table)=21}
2024-04-24T05:15:42,047  INFO [main] ql.Driver: Completed executing command(queryId=alex_20240424051542_21346609-cf05-4daf-8456-abce7530279c); Time taken: 0.022 seconds
2024-04-24T05:15:42,047  INFO [main] lockmgr.DbTxnManager: Stopped heartbeat for query: alex_20240424051542_21346609-cf05-4daf-8456-abce7530279c
2024-04-24T05:15:42,051  INFO [main] txn.TxnHandler: Expected to move at least one record from txn_components to completed_txn_components when committing txn! txnid:8
2024-04-24T05:15:42,059  INFO [main] txn.TxnHandler: Removed transactions: ([8]) from MIN_HISTORY_LEVEL
2024-04-24T05:15:42,059  WARN [main] txn.CompactionTxnHandler: No compaction queue record found for Compaction type transaction commit. txnId:8
2024-04-24T05:15:42,059  INFO [main] ql.TxnCommandsBaseForTests: Running the query: create table nonAcidOrcTbl(a int, b int) clustered by (a) into 2 buckets stored as orc TBLPROPERTIES ('transactional'='false')
2024-04-24T05:15:42,060  INFO [main] ql.Driver: Compiling command(queryId=alex_20240424051542_a2e032ad-fa60-457c-95ae-ff21f52bc754): create table nonAcidOrcTbl(a int, b int) clustered by (a) into 2 buckets stored as orc TBLPROPERTIES ('transactional'='false')
2024-04-24T05:15:42,062  INFO [main] txn.TxnHandler: Added entries to MIN_HISTORY_LEVEL for current txns: ([9]) with min_open_txn: 1
2024-04-24T05:15:42,062  INFO [main] lockmgr.DbTxnManager: Opened txnid:9
2024-04-24T05:15:42,063  INFO [main] parse.CalcitePlanner: Starting caching scope for: 
2024-04-24T05:15:42,063  INFO [main] parse.CalcitePlanner: Starting Semantic Analysis
2024-04-24T05:15:42,065  INFO [main] parse.CalcitePlanner: Creating table default.nonAcidOrcTbl position=13
2024-04-24T05:15:42,065  INFO [main] HiveMetaStore.audit: ugi=alex	ip=unknown-ip-addr	cmd=get_database: default	
2024-04-24T05:15:42,067  INFO [main] parse.CalcitePlanner: Ending caching scope for: 
2024-04-24T05:15:42,067  INFO [main] ql.Driver: Semantic Analysis Completed (retrial = false)
2024-04-24T05:15:42,067  INFO [main] ql.Driver: Created Hive schema: Schema(fieldSchemas:null, properties:null)
2024-04-24T05:15:42,067  INFO [main] metadata.Hive: Dumping metastore api call timing information for : compilation phase
2024-04-24T05:15:42,067  INFO [main] metadata.Hive: Total time spent in each metastore function (ms): {flushCache_()=0, getValidWriteIds_(List, String)=2, openTxn_(String, TxnType)=2, getDatabase_(String)=2, getValidTxns_(long)=1, isCompatibleWith_(Configuration)=0, commitTxn_(CommitTxnRequest)=12}
2024-04-24T05:15:42,067  INFO [main] ql.Driver: Completed compiling command(queryId=alex_20240424051542_a2e032ad-fa60-457c-95ae-ff21f52bc754); Time taken: 0.007 seconds
2024-04-24T05:15:42,067  INFO [main] lockmgr.DbTxnManager: Setting lock request transaction to txnid:9 for queryId=alex_20240424051542_a2e032ad-fa60-457c-95ae-ff21f52bc754
2024-04-24T05:15:42,068  INFO [main] lockmgr.DbLockManager: Requesting lock for queryId=alex_20240424051542_a2e032ad-fa60-457c-95ae-ff21f52bc754
2024-04-24T05:15:42,084  INFO [main] lockmgr.DbLockManager: Response to queryId=alex_20240424051542_a2e032ad-fa60-457c-95ae-ff21f52bc754 LockResponse(lockid:3, state:ACQUIRED)
2024-04-24T05:15:42,084  INFO [main] ql.Driver: Operation CREATETABLE obtained 1 locks
2024-04-24T05:15:42,084  INFO [main] ql.Driver: Executing command(queryId=alex_20240424051542_a2e032ad-fa60-457c-95ae-ff21f52bc754): create table nonAcidOrcTbl(a int, b int) clustered by (a) into 2 buckets stored as orc TBLPROPERTIES ('transactional'='false')
2024-04-24T05:15:42,084  INFO [main] ql.Driver: Starting task [Stage-0:DDL] in serial mode
2024-04-24T05:15:42,085  INFO [main] HiveMetaStore.audit: ugi=alex	ip=unknown-ip-addr	cmd=create_table_req: Table(tableName:nonAcidOrcTbl, dbName:default, owner:alex, createTime:1713960942, lastAccessTime:0, retention:0, sd:StorageDescriptor(cols:[FieldSchema(name:a, type:int, comment:null), FieldSchema(name:b, type:int, comment:null)], location:null, inputFormat:org.apache.hadoop.hive.ql.io.orc.OrcInputFormat, outputFormat:org.apache.hadoop.hive.ql.io.orc.OrcOutputFormat, compressed:false, numBuckets:2, serdeInfo:SerDeInfo(name:null, serializationLib:org.apache.hadoop.hive.ql.io.orc.OrcSerde, parameters:{serialization.format=1}), bucketCols:[a], sortCols:[], parameters:{}, skewedInfo:SkewedInfo(skewedColNames:[], skewedColValues:[], skewedColValueLocationMaps:{}), storedAsSubDirectories:false), partitionKeys:[], parameters:{transactional=false, numFiles=0, COLUMN_STATS_ACCURATE={"BASIC_STATS":"true","COLUMN_STATS":{"a":"true","b":"true"}}, rawDataSize=0, bucketing_version=2, numFilesErasureCoded=0, numRows=0, totalSize=0}, viewOriginalText:null, viewExpandedText:null, tableType:MANAGED_TABLE, privileges:PrincipalPrivilegeSet(userPrivileges:{alex=[PrivilegeGrantInfo(privilege:INSERT, createTime:-1, grantor:alex, grantorType:USER, grantOption:true), PrivilegeGrantInfo(privilege:SELECT, createTime:-1, grantor:alex, grantorType:USER, grantOption:true), PrivilegeGrantInfo(privilege:UPDATE, createTime:-1, grantor:alex, grantorType:USER, grantOption:true), PrivilegeGrantInfo(privilege:DELETE, createTime:-1, grantor:alex, grantorType:USER, grantOption:true)]}, groupPrivileges:null, rolePrivileges:null), temporary:false, catName:hive, ownerType:USER)	
2024-04-24T05:15:42,091  INFO [main] utils.FileUtils: Creating directory if it doesn't exist: file:/home/alex/Repositories/hive/ql/target/tmp/org.apache.hadoop.hive.ql.TestTxnCommands-1713960750541/warehouse/nonacidorctbl
2024-04-24T05:15:42,106  INFO [main] metadata.Hive: Dumping metastore api call timing information for : execution phase
2024-04-24T05:15:42,107  INFO [main] metadata.Hive: Total time spent in each metastore function (ms): {createTable_(Table)=21, isCompatibleWith_(Configuration)=0}
2024-04-24T05:15:42,107  INFO [main] ql.Driver: Completed executing command(queryId=alex_20240424051542_a2e032ad-fa60-457c-95ae-ff21f52bc754); Time taken: 0.022 seconds
2024-04-24T05:15:42,107  INFO [main] lockmgr.DbTxnManager: Stopped heartbeat for query: alex_20240424051542_a2e032ad-fa60-457c-95ae-ff21f52bc754
2024-04-24T05:15:42,111  INFO [main] txn.TxnHandler: Expected to move at least one record from txn_components to completed_txn_components when committing txn! txnid:9
2024-04-24T05:15:42,118  INFO [main] txn.TxnHandler: Removed transactions: ([9]) from MIN_HISTORY_LEVEL
2024-04-24T05:15:42,118  WARN [main] txn.CompactionTxnHandler: No compaction queue record found for Compaction type transaction commit. txnId:9
2024-04-24T05:15:42,119  INFO [main] ql.TxnCommandsBaseForTests: Running the query: create table nonAcidOrcTbl2(a int, b int) clustered by (a) into 2 buckets stored as orc TBLPROPERTIES ('transactional'='false')
2024-04-24T05:15:42,119  INFO [main] ql.Driver: Compiling command(queryId=alex_20240424051542_9c372f6c-81fe-4698-82af-67f01878528b): create table nonAcidOrcTbl2(a int, b int) clustered by (a) into 2 buckets stored as orc TBLPROPERTIES ('transactional'='false')
2024-04-24T05:15:42,121  INFO [main] txn.TxnHandler: Added entries to MIN_HISTORY_LEVEL for current txns: ([10]) with min_open_txn: 1
2024-04-24T05:15:42,122  INFO [main] lockmgr.DbTxnManager: Opened txnid:10
2024-04-24T05:15:42,122  INFO [main] parse.CalcitePlanner: Starting caching scope for: 
2024-04-24T05:15:42,122  INFO [main] parse.CalcitePlanner: Starting Semantic Analysis
2024-04-24T05:15:42,125  INFO [main] parse.CalcitePlanner: Creating table default.nonAcidOrcTbl2 position=13
2024-04-24T05:15:42,125  INFO [main] HiveMetaStore.audit: ugi=alex	ip=unknown-ip-addr	cmd=get_database: default	
2024-04-24T05:15:42,126  INFO [main] parse.CalcitePlanner: Ending caching scope for: 
2024-04-24T05:15:42,126  INFO [main] ql.Driver: Semantic Analysis Completed (retrial = false)
2024-04-24T05:15:42,126  INFO [main] ql.Driver: Created Hive schema: Schema(fieldSchemas:null, properties:null)
2024-04-24T05:15:42,126  INFO [main] metadata.Hive: Dumping metastore api call timing information for : compilation phase
2024-04-24T05:15:42,126  INFO [main] metadata.Hive: Total time spent in each metastore function (ms): {getValidWriteIds_(List, String)=2, commitTxn_(CommitTxnRequest)=12, flushCache_()=1, getDatabase_(String)=1, isCompatibleWith_(Configuration)=0, openTxn_(String, TxnType)=2, getValidTxns_(long)=0}
2024-04-24T05:15:42,127  INFO [main] ql.Driver: Completed compiling command(queryId=alex_20240424051542_9c372f6c-81fe-4698-82af-67f01878528b); Time taken: 0.007 seconds
2024-04-24T05:15:42,127  INFO [main] lockmgr.DbTxnManager: Setting lock request transaction to txnid:10 for queryId=alex_20240424051542_9c372f6c-81fe-4698-82af-67f01878528b
2024-04-24T05:15:42,127  INFO [main] lockmgr.DbLockManager: Requesting lock for queryId=alex_20240424051542_9c372f6c-81fe-4698-82af-67f01878528b
2024-04-24T05:15:42,141  INFO [main] lockmgr.DbLockManager: Response to queryId=alex_20240424051542_9c372f6c-81fe-4698-82af-67f01878528b LockResponse(lockid:4, state:ACQUIRED)
2024-04-24T05:15:42,141  INFO [main] ql.Driver: Operation CREATETABLE obtained 1 locks
2024-04-24T05:15:42,141  INFO [main] ql.Driver: Executing command(queryId=alex_20240424051542_9c372f6c-81fe-4698-82af-67f01878528b): create table nonAcidOrcTbl2(a int, b int) clustered by (a) into 2 buckets stored as orc TBLPROPERTIES ('transactional'='false')
2024-04-24T05:15:42,141  INFO [main] ql.Driver: Starting task [Stage-0:DDL] in serial mode
2024-04-24T05:15:42,142  INFO [main] HiveMetaStore.audit: ugi=alex	ip=unknown-ip-addr	cmd=create_table_req: Table(tableName:nonAcidOrcTbl2, dbName:default, owner:alex, createTime:1713960942, lastAccessTime:0, retention:0, sd:StorageDescriptor(cols:[FieldSchema(name:a, type:int, comment:null), FieldSchema(name:b, type:int, comment:null)], location:null, inputFormat:org.apache.hadoop.hive.ql.io.orc.OrcInputFormat, outputFormat:org.apache.hadoop.hive.ql.io.orc.OrcOutputFormat, compressed:false, numBuckets:2, serdeInfo:SerDeInfo(name:null, serializationLib:org.apache.hadoop.hive.ql.io.orc.OrcSerde, parameters:{serialization.format=1}), bucketCols:[a], sortCols:[], parameters:{}, skewedInfo:SkewedInfo(skewedColNames:[], skewedColValues:[], skewedColValueLocationMaps:{}), storedAsSubDirectories:false), partitionKeys:[], parameters:{numFilesErasureCoded=0, COLUMN_STATS_ACCURATE={"BASIC_STATS":"true","COLUMN_STATS":{"a":"true","b":"true"}}, rawDataSize=0, totalSize=0, transactional=false, bucketing_version=2, numFiles=0, numRows=0}, viewOriginalText:null, viewExpandedText:null, tableType:MANAGED_TABLE, privileges:PrincipalPrivilegeSet(userPrivileges:{alex=[PrivilegeGrantInfo(privilege:INSERT, createTime:-1, grantor:alex, grantorType:USER, grantOption:true), PrivilegeGrantInfo(privilege:SELECT, createTime:-1, grantor:alex, grantorType:USER, grantOption:true), PrivilegeGrantInfo(privilege:UPDATE, createTime:-1, grantor:alex, grantorType:USER, grantOption:true), PrivilegeGrantInfo(privilege:DELETE, createTime:-1, grantor:alex, grantorType:USER, grantOption:true)]}, groupPrivileges:null, rolePrivileges:null), temporary:false, catName:hive, ownerType:USER)	
2024-04-24T05:15:42,147  INFO [main] utils.FileUtils: Creating directory if it doesn't exist: file:/home/alex/Repositories/hive/ql/target/tmp/org.apache.hadoop.hive.ql.TestTxnCommands-1713960750541/warehouse/nonacidorctbl2
2024-04-24T05:15:42,162  INFO [main] metadata.Hive: Dumping metastore api call timing information for : execution phase
2024-04-24T05:15:42,162  INFO [main] metadata.Hive: Total time spent in each metastore function (ms): {isCompatibleWith_(Configuration)=0, createTable_(Table)=20}
2024-04-24T05:15:42,162  INFO [main] ql.Driver: Completed executing command(queryId=alex_20240424051542_9c372f6c-81fe-4698-82af-67f01878528b); Time taken: 0.021 seconds
2024-04-24T05:15:42,162  INFO [main] lockmgr.DbTxnManager: Stopped heartbeat for query: alex_20240424051542_9c372f6c-81fe-4698-82af-67f01878528b
2024-04-24T05:15:42,166  INFO [main] txn.TxnHandler: Expected to move at least one record from txn_components to completed_txn_components when committing txn! txnid:10
2024-04-24T05:15:42,172  INFO [main] txn.TxnHandler: Removed transactions: ([10]) from MIN_HISTORY_LEVEL
2024-04-24T05:15:42,173  WARN [main] txn.CompactionTxnHandler: No compaction queue record found for Compaction type transaction commit. txnId:10
2024-04-24T05:15:42,173  INFO [main] ql.TxnCommandsBaseForTests: Running the query: create temporary  table acidTbl2(a int, b int, c int) clustered by (c) into 2 buckets stored as orc TBLPROPERTIES ('transactional'='true')
2024-04-24T05:15:42,173  INFO [main] ql.Driver: Compiling command(queryId=alex_20240424051542_2102c6ac-f900-45e6-ba18-ab97c0ec2349): create temporary  table acidTbl2(a int, b int, c int) clustered by (c) into 2 buckets stored as orc TBLPROPERTIES ('transactional'='true')
2024-04-24T05:15:42,176  INFO [main] txn.TxnHandler: Added entries to MIN_HISTORY_LEVEL for current txns: ([11]) with min_open_txn: 1
2024-04-24T05:15:42,176  INFO [main] lockmgr.DbTxnManager: Opened txnid:11
2024-04-24T05:15:42,176  INFO [main] parse.CalcitePlanner: Starting caching scope for: 
2024-04-24T05:15:42,176  INFO [main] parse.CalcitePlanner: Starting Semantic Analysis
2024-04-24T05:15:42,179  INFO [main] parse.CalcitePlanner: Creating table default.acidTbl2 position=24
2024-04-24T05:15:42,179  INFO [main] HiveMetaStore.audit: ugi=alex	ip=unknown-ip-addr	cmd=get_database: default	
2024-04-24T05:15:42,180  INFO [main] parse.CalcitePlanner: Ending caching scope for: 
2024-04-24T05:15:42,181  INFO [main] ql.Driver: Semantic Analysis Completed (retrial = false)
2024-04-24T05:15:42,181  INFO [main] ql.Driver: Created Hive schema: Schema(fieldSchemas:null, properties:null)
2024-04-24T05:15:42,181  INFO [main] metadata.Hive: Dumping metastore api call timing information for : compilation phase
2024-04-24T05:15:42,181  INFO [main] metadata.Hive: Total time spent in each metastore function (ms): {getValidTxns_(long)=0, getDatabase_(String)=1, isCompatibleWith_(Configuration)=1, flushCache_()=0, getValidWriteIds_(List, String)=2, commitTxn_(CommitTxnRequest)=11, openTxn_(String, TxnType)=2}
2024-04-24T05:15:42,181  INFO [main] ql.Driver: Completed compiling command(queryId=alex_20240424051542_2102c6ac-f900-45e6-ba18-ab97c0ec2349); Time taken: 0.008 seconds
2024-04-24T05:15:42,181  INFO [main] lockmgr.DbTxnManager: Setting lock request transaction to txnid:11 for queryId=alex_20240424051542_2102c6ac-f900-45e6-ba18-ab97c0ec2349
2024-04-24T05:15:42,181  INFO [main] lockmgr.DbLockManager: Requesting lock for queryId=alex_20240424051542_2102c6ac-f900-45e6-ba18-ab97c0ec2349
2024-04-24T05:15:42,196  INFO [main] lockmgr.DbLockManager: Response to queryId=alex_20240424051542_2102c6ac-f900-45e6-ba18-ab97c0ec2349 LockResponse(lockid:5, state:ACQUIRED)
2024-04-24T05:15:42,196  INFO [main] ql.Driver: Operation CREATETABLE obtained 1 locks
2024-04-24T05:15:42,196  INFO [main] ql.Driver: Executing command(queryId=alex_20240424051542_2102c6ac-f900-45e6-ba18-ab97c0ec2349): create temporary  table acidTbl2(a int, b int, c int) clustered by (c) into 2 buckets stored as orc TBLPROPERTIES ('transactional'='true')
2024-04-24T05:15:42,196  INFO [main] ql.Driver: Starting task [Stage-0:DDL] in serial mode
2024-04-24T05:15:42,197  INFO [main] utils.FileUtils: Creating directory if it doesn't exist: file:/home/alex/Repositories/hive/ql/target/tmp/scratchdir/alex/36d1e6a9-53cc-4a7f-b483-f485bf88721c/_tmp_space.db/2352b657-8251-461b-a1f2-fa6d18e98247
2024-04-24T05:15:42,200  INFO [main] metadata.Hive: Dumping metastore api call timing information for : execution phase
2024-04-24T05:15:42,200  INFO [main] metadata.Hive: Total time spent in each metastore function (ms): {isCompatibleWith_(Configuration)=0, createTable_(Table)=3}
2024-04-24T05:15:42,200  INFO [main] ql.Driver: Completed executing command(queryId=alex_20240424051542_2102c6ac-f900-45e6-ba18-ab97c0ec2349); Time taken: 0.004 seconds
2024-04-24T05:15:42,200  INFO [main] lockmgr.DbTxnManager: Stopped heartbeat for query: alex_20240424051542_2102c6ac-f900-45e6-ba18-ab97c0ec2349
2024-04-24T05:15:42,204  INFO [main] txn.TxnHandler: Expected to move at least one record from txn_components to completed_txn_components when committing txn! txnid:11
2024-04-24T05:15:42,211  INFO [main] txn.TxnHandler: Removed transactions: ([11]) from MIN_HISTORY_LEVEL
2024-04-24T05:15:42,211  WARN [main] txn.CompactionTxnHandler: No compaction queue record found for Compaction type transaction commit. txnId:11
2024-04-24T05:15:42,212  INFO [main] ql.TxnCommandsBaseForTests: Running the query: create table nonAcidNonBucket(a int, b int) stored as orc TBLPROPERTIES ('transactional'='false')
2024-04-24T05:15:42,212  INFO [main] ql.Driver: Compiling command(queryId=alex_20240424051542_0e20819a-b651-4c99-b960-b90e88635321): create table nonAcidNonBucket(a int, b int) stored as orc TBLPROPERTIES ('transactional'='false')
2024-04-24T05:15:42,214  INFO [main] txn.TxnHandler: Added entries to MIN_HISTORY_LEVEL for current txns: ([12]) with min_open_txn: 1
2024-04-24T05:15:42,214  INFO [main] lockmgr.DbTxnManager: Opened txnid:12
2024-04-24T05:15:42,215  INFO [main] parse.CalcitePlanner: Starting caching scope for: 
2024-04-24T05:15:42,215  INFO [main] parse.CalcitePlanner: Starting Semantic Analysis
2024-04-24T05:15:42,217  INFO [main] parse.CalcitePlanner: Creating table default.nonAcidNonBucket position=13
2024-04-24T05:15:42,217  INFO [main] HiveMetaStore.audit: ugi=alex	ip=unknown-ip-addr	cmd=get_database: default	
2024-04-24T05:15:42,219  INFO [main] parse.CalcitePlanner: Ending caching scope for: 
2024-04-24T05:15:42,219  INFO [main] ql.Driver: Semantic Analysis Completed (retrial = false)
2024-04-24T05:15:42,219  INFO [main] ql.Driver: Created Hive schema: Schema(fieldSchemas:null, properties:null)
2024-04-24T05:15:42,219  INFO [main] metadata.Hive: Dumping metastore api call timing information for : compilation phase
2024-04-24T05:15:42,219  INFO [main] metadata.Hive: Total time spent in each metastore function (ms): {openTxn_(String, TxnType)=2, getValidWriteIds_(List, String)=2, getValidTxns_(long)=1, flushCache_()=0, getDatabase_(String)=2, commitTxn_(CommitTxnRequest)=11, isCompatibleWith_(Configuration)=0}
2024-04-24T05:15:42,219  INFO [main] ql.Driver: Completed compiling command(queryId=alex_20240424051542_0e20819a-b651-4c99-b960-b90e88635321); Time taken: 0.007 seconds
2024-04-24T05:15:42,219  INFO [main] lockmgr.DbTxnManager: Setting lock request transaction to txnid:12 for queryId=alex_20240424051542_0e20819a-b651-4c99-b960-b90e88635321
2024-04-24T05:15:42,220  INFO [main] lockmgr.DbLockManager: Requesting lock for queryId=alex_20240424051542_0e20819a-b651-4c99-b960-b90e88635321
2024-04-24T05:15:42,234  INFO [main] lockmgr.DbLockManager: Response to queryId=alex_20240424051542_0e20819a-b651-4c99-b960-b90e88635321 LockResponse(lockid:6, state:ACQUIRED)
2024-04-24T05:15:42,234  INFO [main] ql.Driver: Operation CREATETABLE obtained 1 locks
2024-04-24T05:15:42,234  INFO [main] ql.Driver: Executing command(queryId=alex_20240424051542_0e20819a-b651-4c99-b960-b90e88635321): create table nonAcidNonBucket(a int, b int) stored as orc TBLPROPERTIES ('transactional'='false')
2024-04-24T05:15:42,234  INFO [main] ql.Driver: Starting task [Stage-0:DDL] in serial mode
2024-04-24T05:15:42,235  INFO [main] HiveMetaStore.audit: ugi=alex	ip=unknown-ip-addr	cmd=create_table_req: Table(tableName:nonAcidNonBucket, dbName:default, owner:alex, createTime:1713960942, lastAccessTime:0, retention:0, sd:StorageDescriptor(cols:[FieldSchema(name:a, type:int, comment:null), FieldSchema(name:b, type:int, comment:null)], location:null, inputFormat:org.apache.hadoop.hive.ql.io.orc.OrcInputFormat, outputFormat:org.apache.hadoop.hive.ql.io.orc.OrcOutputFormat, compressed:false, numBuckets:-1, serdeInfo:SerDeInfo(name:null, serializationLib:org.apache.hadoop.hive.ql.io.orc.OrcSerde, parameters:{serialization.format=1}), bucketCols:[], sortCols:[], parameters:{}, skewedInfo:SkewedInfo(skewedColNames:[], skewedColValues:[], skewedColValueLocationMaps:{}), storedAsSubDirectories:false), partitionKeys:[], parameters:{transactional=false, rawDataSize=0, numRows=0, numFiles=0, totalSize=0, bucketing_version=2, COLUMN_STATS_ACCURATE={"BASIC_STATS":"true","COLUMN_STATS":{"a":"true","b":"true"}}, numFilesErasureCoded=0}, viewOriginalText:null, viewExpandedText:null, tableType:MANAGED_TABLE, privileges:PrincipalPrivilegeSet(userPrivileges:{alex=[PrivilegeGrantInfo(privilege:INSERT, createTime:-1, grantor:alex, grantorType:USER, grantOption:true), PrivilegeGrantInfo(privilege:SELECT, createTime:-1, grantor:alex, grantorType:USER, grantOption:true), PrivilegeGrantInfo(privilege:UPDATE, createTime:-1, grantor:alex, grantorType:USER, grantOption:true), PrivilegeGrantInfo(privilege:DELETE, createTime:-1, grantor:alex, grantorType:USER, grantOption:true)]}, groupPrivileges:null, rolePrivileges:null), temporary:false, catName:hive, ownerType:USER)	
2024-04-24T05:15:42,241  INFO [main] utils.FileUtils: Creating directory if it doesn't exist: file:/home/alex/Repositories/hive/ql/target/tmp/org.apache.hadoop.hive.ql.TestTxnCommands-1713960750541/warehouse/nonacidnonbucket
2024-04-24T05:15:42,254  INFO [main] metadata.Hive: Dumping metastore api call timing information for : execution phase
2024-04-24T05:15:42,254  INFO [main] metadata.Hive: Total time spent in each metastore function (ms): {isCompatibleWith_(Configuration)=0, createTable_(Table)=19}
2024-04-24T05:15:42,255  INFO [main] ql.Driver: Completed executing command(queryId=alex_20240424051542_0e20819a-b651-4c99-b960-b90e88635321); Time taken: 0.02 seconds
2024-04-24T05:15:42,255  INFO [main] lockmgr.DbTxnManager: Stopped heartbeat for query: alex_20240424051542_0e20819a-b651-4c99-b960-b90e88635321
2024-04-24T05:15:42,259  INFO [main] txn.TxnHandler: Expected to move at least one record from txn_components to completed_txn_components when committing txn! txnid:12
2024-04-24T05:15:42,265  INFO [main] txn.TxnHandler: Removed transactions: ([12]) from MIN_HISTORY_LEVEL
2024-04-24T05:15:42,266  WARN [main] txn.CompactionTxnHandler: No compaction queue record found for Compaction type transaction commit. txnId:12
2024-04-24T05:15:42,266  INFO [main] ql.TxnCommandsBaseForTests: Running the query: drop table if exists target
2024-04-24T05:15:42,266  INFO [main] ql.Driver: Compiling command(queryId=alex_20240424051542_777d1205-a5d8-4dc1-b6eb-d514ba80c30c): drop table if exists target
2024-04-24T05:15:42,269  INFO [main] txn.TxnHandler: Added entries to MIN_HISTORY_LEVEL for current txns: ([13]) with min_open_txn: 1
2024-04-24T05:15:42,269  INFO [main] lockmgr.DbTxnManager: Opened txnid:13
2024-04-24T05:15:42,269  INFO [main] HiveMetaStore.audit: ugi=alex	ip=unknown-ip-addr	cmd=get_table : tbl=hive.default.target	
2024-04-24T05:15:42,290  INFO [main] metastore.HMSHandler: Skipping translation for processor with null
2024-04-24T05:15:42,290  INFO [main] ql.Driver: Semantic Analysis Completed (retrial = false)
2024-04-24T05:15:42,290  INFO [main] ql.Driver: Created Hive schema: Schema(fieldSchemas:null, properties:null)
2024-04-24T05:15:42,290  INFO [main] metadata.Hive: Dumping metastore api call timing information for : compilation phase
2024-04-24T05:15:42,290  INFO [main] metadata.Hive: Total time spent in each metastore function (ms): {getValidTxns_(long)=0, flushCache_()=0, commitTxn_(CommitTxnRequest)=11, getTable_(GetTableRequest)=21, openTxn_(String, TxnType)=2, isCompatibleWith_(Configuration)=0}
2024-04-24T05:15:42,290  INFO [main] ql.Driver: Completed compiling command(queryId=alex_20240424051542_777d1205-a5d8-4dc1-b6eb-d514ba80c30c); Time taken: 0.024 seconds
2024-04-24T05:15:42,291  INFO [main] lockmgr.DbTxnManager: Setting lock request transaction to txnid:13 for queryId=alex_20240424051542_777d1205-a5d8-4dc1-b6eb-d514ba80c30c
2024-04-24T05:15:42,291  INFO [main] lockmgr.DbLockManager: Requesting lock for queryId=alex_20240424051542_777d1205-a5d8-4dc1-b6eb-d514ba80c30c
2024-04-24T05:15:42,311  INFO [main] lockmgr.DbLockManager: Response to queryId=alex_20240424051542_777d1205-a5d8-4dc1-b6eb-d514ba80c30c LockResponse(lockid:7, state:ACQUIRED)
2024-04-24T05:15:42,311  INFO [main] ql.Driver: Operation DROPTABLE obtained 1 locks
2024-04-24T05:15:42,311  INFO [main] ql.Driver: Executing command(queryId=alex_20240424051542_777d1205-a5d8-4dc1-b6eb-d514ba80c30c): drop table if exists target
2024-04-24T05:15:42,311  INFO [main] ql.Driver: Starting task [Stage-0:DDL] in serial mode
2024-04-24T05:15:42,312  INFO [main] HiveMetaStore.audit: ugi=alex	ip=unknown-ip-addr	cmd=get_table : tbl=hive.default.target	
2024-04-24T05:15:42,318  INFO [main] metastore.HMSHandler: Skipping translation for processor with null
2024-04-24T05:15:42,318  INFO [main] HiveMetaStore.audit: ugi=alex	ip=unknown-ip-addr	cmd=get_table : tbl=hive.default.target	
2024-04-24T05:15:42,325  INFO [main] metastore.HMSHandler: Skipping translation for processor with null
2024-04-24T05:15:42,325  INFO [main] HiveMetaStore.audit: ugi=alex	ip=unknown-ip-addr	cmd=drop_table : tbl=hive.default.target	
2024-04-24T05:15:42,426  WARN [main] utils.FileUtils: File file:/home/alex/Repositories/hive/ql/target/tmp/org.apache.hadoop.hive.ql.TestTxnCommands-1713960750541/warehouse/target does not exist; Force to delete it.
2024-04-24T05:15:42,426 ERROR [main] utils.FileUtils: Failed to delete file:/home/alex/Repositories/hive/ql/target/tmp/org.apache.hadoop.hive.ql.TestTxnCommands-1713960750541/warehouse/target
2024-04-24T05:15:42,426  INFO [main] metadata.Hive: Dumping metastore api call timing information for : execution phase
2024-04-24T05:15:42,426  INFO [main] metadata.Hive: Total time spent in each metastore function (ms): {isCompatibleWith_(Configuration)=1, getTable_(GetTableRequest)=6, dropTable_(String, String, boolean, boolean, boolean)=108}
2024-04-24T05:15:42,426  INFO [main] ql.Driver: Completed executing command(queryId=alex_20240424051542_777d1205-a5d8-4dc1-b6eb-d514ba80c30c); Time taken: 0.115 seconds
2024-04-24T05:15:42,427  INFO [main] lockmgr.DbTxnManager: Stopped heartbeat for query: alex_20240424051542_777d1205-a5d8-4dc1-b6eb-d514ba80c30c
2024-04-24T05:15:42,431  INFO [main] txn.TxnHandler: Expected to move at least one record from txn_components to completed_txn_components when committing txn! txnid:13
2024-04-24T05:15:42,437  INFO [main] txn.TxnHandler: Removed transactions: ([13]) from MIN_HISTORY_LEVEL
2024-04-24T05:15:42,438  WARN [main] txn.CompactionTxnHandler: No compaction queue record found for Compaction type transaction commit. txnId:13
2024-04-24T05:15:42,438  INFO [main] ql.TxnCommandsBaseForTests: Running the query: drop table if exists source
2024-04-24T05:15:42,438  INFO [main] ql.Driver: Compiling command(queryId=alex_20240424051542_3a2c2194-fc0e-41dc-aec5-efa4e0361815): drop table if exists source
2024-04-24T05:15:42,440  INFO [main] txn.TxnHandler: Added entries to MIN_HISTORY_LEVEL for current txns: ([14]) with min_open_txn: 1
2024-04-24T05:15:42,441  INFO [main] lockmgr.DbTxnManager: Opened txnid:14
2024-04-24T05:15:42,441  INFO [main] HiveMetaStore.audit: ugi=alex	ip=unknown-ip-addr	cmd=get_table : tbl=hive.default.source	
2024-04-24T05:15:42,463  INFO [main] metastore.HMSHandler: Skipping translation for processor with null
2024-04-24T05:15:42,463  INFO [main] ql.Driver: Semantic Analysis Completed (retrial = false)
2024-04-24T05:15:42,463  INFO [main] ql.Driver: Created Hive schema: Schema(fieldSchemas:null, properties:null)
2024-04-24T05:15:42,464  INFO [main] metadata.Hive: Dumping metastore api call timing information for : compilation phase
2024-04-24T05:15:42,464  INFO [main] metadata.Hive: Total time spent in each metastore function (ms): {flushCache_()=0, getValidTxns_(long)=0, getTable_(GetTableRequest)=22, isCompatibleWith_(Configuration)=0, openTxn_(String, TxnType)=2, commitTxn_(CommitTxnRequest)=11}
2024-04-24T05:15:42,464  INFO [main] ql.Driver: Completed compiling command(queryId=alex_20240424051542_3a2c2194-fc0e-41dc-aec5-efa4e0361815); Time taken: 0.026 seconds
2024-04-24T05:15:42,464  INFO [main] lockmgr.DbTxnManager: Setting lock request transaction to txnid:14 for queryId=alex_20240424051542_3a2c2194-fc0e-41dc-aec5-efa4e0361815
2024-04-24T05:15:42,465  INFO [main] lockmgr.DbLockManager: Requesting lock for queryId=alex_20240424051542_3a2c2194-fc0e-41dc-aec5-efa4e0361815
2024-04-24T05:15:42,479  INFO [main] lockmgr.DbLockManager: Response to queryId=alex_20240424051542_3a2c2194-fc0e-41dc-aec5-efa4e0361815 LockResponse(lockid:8, state:ACQUIRED)
2024-04-24T05:15:42,479  INFO [main] ql.Driver: Operation DROPTABLE obtained 1 locks
2024-04-24T05:15:42,479  INFO [main] ql.Driver: Executing command(queryId=alex_20240424051542_3a2c2194-fc0e-41dc-aec5-efa4e0361815): drop table if exists source
2024-04-24T05:15:42,479  INFO [main] ql.Driver: Starting task [Stage-0:DDL] in serial mode
2024-04-24T05:15:42,480  INFO [main] HiveMetaStore.audit: ugi=alex	ip=unknown-ip-addr	cmd=get_table : tbl=hive.default.source	
2024-04-24T05:15:42,488  INFO [main] metastore.HMSHandler: Skipping translation for processor with null
2024-04-24T05:15:42,488  INFO [main] HiveMetaStore.audit: ugi=alex	ip=unknown-ip-addr	cmd=get_table : tbl=hive.default.source	
2024-04-24T05:15:42,497  INFO [main] metastore.HMSHandler: Skipping translation for processor with null
2024-04-24T05:15:42,497  INFO [main] HiveMetaStore.audit: ugi=alex	ip=unknown-ip-addr	cmd=drop_table : tbl=hive.default.source	
2024-04-24T05:15:42,527  WARN [main] utils.FileUtils: File file:/home/alex/Repositories/hive/ql/target/tmp/org.apache.hadoop.hive.ql.TestTxnCommands-1713960750541/warehouse/source does not exist; Force to delete it.
2024-04-24T05:15:42,527 ERROR [main] utils.FileUtils: Failed to delete file:/home/alex/Repositories/hive/ql/target/tmp/org.apache.hadoop.hive.ql.TestTxnCommands-1713960750541/warehouse/source
2024-04-24T05:15:42,527  INFO [main] metadata.Hive: Dumping metastore api call timing information for : execution phase
2024-04-24T05:15:42,527  INFO [main] metadata.Hive: Total time spent in each metastore function (ms): {dropTable_(String, String, boolean, boolean, boolean)=39, isCompatibleWith_(Configuration)=0, getTable_(GetTableRequest)=8}
2024-04-24T05:15:42,527  INFO [main] ql.Driver: Completed executing command(queryId=alex_20240424051542_3a2c2194-fc0e-41dc-aec5-efa4e0361815); Time taken: 0.048 seconds
2024-04-24T05:15:42,527  INFO [main] lockmgr.DbTxnManager: Stopped heartbeat for query: alex_20240424051542_3a2c2194-fc0e-41dc-aec5-efa4e0361815
2024-04-24T05:15:42,531  INFO [main] txn.TxnHandler: Expected to move at least one record from txn_components to completed_txn_components when committing txn! txnid:14
2024-04-24T05:15:42,537  INFO [main] txn.TxnHandler: Removed transactions: ([14]) from MIN_HISTORY_LEVEL
2024-04-24T05:15:42,537  WARN [main] txn.CompactionTxnHandler: No compaction queue record found for Compaction type transaction commit. txnId:14
2024-04-24T05:15:42,537  INFO [main] ql.TxnCommandsBaseForTests: Running the query: create table source (key int, data int)
2024-04-24T05:15:42,538  INFO [main] ql.Driver: Compiling command(queryId=alex_20240424051542_e7ad09c5-9500-43da-a682-a7204507a567): create table source (key int, data int)
2024-04-24T05:15:42,540  INFO [main] txn.TxnHandler: Added entries to MIN_HISTORY_LEVEL for current txns: ([15]) with min_open_txn: 1
2024-04-24T05:15:42,540  INFO [main] lockmgr.DbTxnManager: Opened txnid:15
2024-04-24T05:15:42,540  INFO [main] parse.CalcitePlanner: Starting caching scope for: 
2024-04-24T05:15:42,540  INFO [main] parse.CalcitePlanner: Starting Semantic Analysis
2024-04-24T05:15:42,545  INFO [main] parse.CalcitePlanner: Creating table default.source position=13
2024-04-24T05:15:42,545  INFO [main] HiveMetaStore.audit: ugi=alex	ip=unknown-ip-addr	cmd=get_database: default	
2024-04-24T05:15:42,547  INFO [main] parse.CalcitePlanner: Ending caching scope for: 
2024-04-24T05:15:42,547  INFO [main] ql.Driver: Semantic Analysis Completed (retrial = false)
2024-04-24T05:15:42,547  INFO [main] ql.Driver: Created Hive schema: Schema(fieldSchemas:null, properties:null)
2024-04-24T05:15:42,547  INFO [main] metadata.Hive: Dumping metastore api call timing information for : compilation phase
2024-04-24T05:15:42,547  INFO [main] metadata.Hive: Total time spent in each metastore function (ms): {getDatabase_(String)=2, openTxn_(String, TxnType)=2, getValidTxns_(long)=0, getValidWriteIds_(List, String)=5, flushCache_()=0, isCompatibleWith_(Configuration)=0, commitTxn_(CommitTxnRequest)=9}
2024-04-24T05:15:42,547  INFO [main] ql.Driver: Completed compiling command(queryId=alex_20240424051542_e7ad09c5-9500-43da-a682-a7204507a567); Time taken: 0.01 seconds
2024-04-24T05:15:42,547  INFO [main] lockmgr.DbTxnManager: Setting lock request transaction to txnid:15 for queryId=alex_20240424051542_e7ad09c5-9500-43da-a682-a7204507a567
2024-04-24T05:15:42,548  INFO [main] lockmgr.DbLockManager: Requesting lock for queryId=alex_20240424051542_e7ad09c5-9500-43da-a682-a7204507a567
2024-04-24T05:15:42,561  INFO [main] lockmgr.DbLockManager: Response to queryId=alex_20240424051542_e7ad09c5-9500-43da-a682-a7204507a567 LockResponse(lockid:9, state:ACQUIRED)
2024-04-24T05:15:42,561  INFO [main] ql.Driver: Operation CREATETABLE obtained 1 locks
2024-04-24T05:15:42,561  INFO [main] ql.Driver: Executing command(queryId=alex_20240424051542_e7ad09c5-9500-43da-a682-a7204507a567): create table source (key int, data int)
2024-04-24T05:15:42,561  INFO [main] ql.Driver: Starting task [Stage-0:DDL] in serial mode
2024-04-24T05:15:42,562  INFO [main] HiveMetaStore.audit: ugi=alex	ip=unknown-ip-addr	cmd=create_table_req: Table(tableName:source, dbName:default, owner:alex, createTime:1713960942, lastAccessTime:0, retention:0, sd:StorageDescriptor(cols:[FieldSchema(name:key, type:int, comment:null), FieldSchema(name:data, type:int, comment:null)], location:null, inputFormat:org.apache.hadoop.mapred.TextInputFormat, outputFormat:org.apache.hadoop.hive.ql.io.HiveIgnoreKeyTextOutputFormat, compressed:false, numBuckets:-1, serdeInfo:SerDeInfo(name:null, serializationLib:org.apache.hadoop.hive.serde2.lazy.LazySimpleSerDe, parameters:{serialization.format=1}), bucketCols:[], sortCols:[], parameters:{}, skewedInfo:SkewedInfo(skewedColNames:[], skewedColValues:[], skewedColValueLocationMaps:{}), storedAsSubDirectories:false), partitionKeys:[], parameters:{COLUMN_STATS_ACCURATE={"BASIC_STATS":"true","COLUMN_STATS":{"data":"true","key":"true"}}, bucketing_version=2, numFiles=0, rawDataSize=0, totalSize=0, numFilesErasureCoded=0, numRows=0}, viewOriginalText:null, viewExpandedText:null, tableType:MANAGED_TABLE, privileges:PrincipalPrivilegeSet(userPrivileges:{alex=[PrivilegeGrantInfo(privilege:INSERT, createTime:-1, grantor:alex, grantorType:USER, grantOption:true), PrivilegeGrantInfo(privilege:SELECT, createTime:-1, grantor:alex, grantorType:USER, grantOption:true), PrivilegeGrantInfo(privilege:UPDATE, createTime:-1, grantor:alex, grantorType:USER, grantOption:true), PrivilegeGrantInfo(privilege:DELETE, createTime:-1, grantor:alex, grantorType:USER, grantOption:true)]}, groupPrivileges:null, rolePrivileges:null), temporary:false, catName:hive, ownerType:USER)	
2024-04-24T05:15:42,567  INFO [main] utils.FileUtils: Creating directory if it doesn't exist: file:/home/alex/Repositories/hive/ql/target/tmp/org.apache.hadoop.hive.ql.TestTxnCommands-1713960750541/warehouse/source
2024-04-24T05:15:42,598  INFO [main] metadata.Hive: Dumping metastore api call timing information for : execution phase
2024-04-24T05:15:42,598  INFO [main] metadata.Hive: Total time spent in each metastore function (ms): {createTable_(Table)=36, isCompatibleWith_(Configuration)=0}
2024-04-24T05:15:42,599  INFO [main] ql.Driver: Completed executing command(queryId=alex_20240424051542_e7ad09c5-9500-43da-a682-a7204507a567); Time taken: 0.037 seconds
2024-04-24T05:15:42,599  INFO [main] lockmgr.DbTxnManager: Stopped heartbeat for query: alex_20240424051542_e7ad09c5-9500-43da-a682-a7204507a567
2024-04-24T05:15:42,602  INFO [main] txn.TxnHandler: Expected to move at least one record from txn_components to completed_txn_components when committing txn! txnid:15
2024-04-24T05:15:42,608  INFO [main] txn.TxnHandler: Removed transactions: ([15]) from MIN_HISTORY_LEVEL
2024-04-24T05:15:42,608  WARN [main] txn.CompactionTxnHandler: No compaction queue record found for Compaction type transaction commit. txnId:15
2024-04-24T05:15:42,608  INFO [main] ql.TxnCommandsBaseForTests: Running the query: create table target (key int, data int, cur int) clustered by (key) into 2 buckets stored as orc TBLPROPERTIES ('transactional'='true')
2024-04-24T05:15:42,608  INFO [main] ql.Driver: Compiling command(queryId=alex_20240424051542_c37a8a7e-e13a-4bda-ad2a-ea9c9e68f125): create table target (key int, data int, cur int) clustered by (key) into 2 buckets stored as orc TBLPROPERTIES ('transactional'='true')
2024-04-24T05:15:42,611  INFO [main] txn.TxnHandler: Added entries to MIN_HISTORY_LEVEL for current txns: ([16]) with min_open_txn: 1
2024-04-24T05:15:42,612  INFO [main] lockmgr.DbTxnManager: Opened txnid:16
2024-04-24T05:15:42,612  INFO [main] parse.CalcitePlanner: Starting caching scope for: 
2024-04-24T05:15:42,612  INFO [main] parse.CalcitePlanner: Starting Semantic Analysis
2024-04-24T05:15:42,615  INFO [main] parse.CalcitePlanner: Creating table default.target position=13
2024-04-24T05:15:42,615  INFO [main] HiveMetaStore.audit: ugi=alex	ip=unknown-ip-addr	cmd=get_database: default	
2024-04-24T05:15:42,616  INFO [main] parse.CalcitePlanner: Ending caching scope for: 
2024-04-24T05:15:42,616  INFO [main] ql.Driver: Semantic Analysis Completed (retrial = false)
2024-04-24T05:15:42,616  INFO [main] ql.Driver: Created Hive schema: Schema(fieldSchemas:null, properties:null)
2024-04-24T05:15:42,616  INFO [main] metadata.Hive: Dumping metastore api call timing information for : compilation phase
2024-04-24T05:15:42,617  INFO [main] metadata.Hive: Total time spent in each metastore function (ms): {getValidTxns_(long)=0, openTxn_(String, TxnType)=3, flushCache_()=0, commitTxn_(CommitTxnRequest)=9, isCompatibleWith_(Configuration)=0, getValidWriteIds_(List, String)=3, getDatabase_(String)=1}
2024-04-24T05:15:42,617  INFO [main] ql.Driver: Completed compiling command(queryId=alex_20240424051542_c37a8a7e-e13a-4bda-ad2a-ea9c9e68f125); Time taken: 0.008 seconds
2024-04-24T05:15:42,617  INFO [main] lockmgr.DbTxnManager: Setting lock request transaction to txnid:16 for queryId=alex_20240424051542_c37a8a7e-e13a-4bda-ad2a-ea9c9e68f125
2024-04-24T05:15:42,617  INFO [main] lockmgr.DbLockManager: Requesting lock for queryId=alex_20240424051542_c37a8a7e-e13a-4bda-ad2a-ea9c9e68f125
2024-04-24T05:15:42,634  INFO [main] lockmgr.DbLockManager: Response to queryId=alex_20240424051542_c37a8a7e-e13a-4bda-ad2a-ea9c9e68f125 LockResponse(lockid:10, state:ACQUIRED)
2024-04-24T05:15:42,634  INFO [main] ql.Driver: Operation CREATETABLE obtained 1 locks
2024-04-24T05:15:42,634  INFO [main] ql.Driver: Executing command(queryId=alex_20240424051542_c37a8a7e-e13a-4bda-ad2a-ea9c9e68f125): create table target (key int, data int, cur int) clustered by (key) into 2 buckets stored as orc TBLPROPERTIES ('transactional'='true')
2024-04-24T05:15:42,634  INFO [main] ql.Driver: Starting task [Stage-0:DDL] in serial mode
2024-04-24T05:15:42,635  INFO [main] HiveMetaStore.audit: ugi=alex	ip=unknown-ip-addr	cmd=create_table_req: Table(tableName:target, dbName:default, owner:alex, createTime:1713960942, lastAccessTime:0, retention:0, sd:StorageDescriptor(cols:[FieldSchema(name:key, type:int, comment:null), FieldSchema(name:data, type:int, comment:null), FieldSchema(name:cur, type:int, comment:null)], location:null, inputFormat:org.apache.hadoop.hive.ql.io.orc.OrcInputFormat, outputFormat:org.apache.hadoop.hive.ql.io.orc.OrcOutputFormat, compressed:false, numBuckets:2, serdeInfo:SerDeInfo(name:null, serializationLib:org.apache.hadoop.hive.ql.io.orc.OrcSerde, parameters:{serialization.format=1}), bucketCols:[key], sortCols:[], parameters:{}, skewedInfo:SkewedInfo(skewedColNames:[], skewedColValues:[], skewedColValueLocationMaps:{}), storedAsSubDirectories:false), partitionKeys:[], parameters:{COLUMN_STATS_ACCURATE={"BASIC_STATS":"true","COLUMN_STATS":{"cur":"true","data":"true","key":"true"}}, rawDataSize=0, numFiles=0, numFilesErasureCoded=0, totalSize=0, transactional=true, bucketing_version=2, numRows=0}, viewOriginalText:null, viewExpandedText:null, tableType:MANAGED_TABLE, privileges:PrincipalPrivilegeSet(userPrivileges:{alex=[PrivilegeGrantInfo(privilege:INSERT, createTime:-1, grantor:alex, grantorType:USER, grantOption:true), PrivilegeGrantInfo(privilege:SELECT, createTime:-1, grantor:alex, grantorType:USER, grantOption:true), PrivilegeGrantInfo(privilege:UPDATE, createTime:-1, grantor:alex, grantorType:USER, grantOption:true), PrivilegeGrantInfo(privilege:DELETE, createTime:-1, grantor:alex, grantorType:USER, grantOption:true)]}, groupPrivileges:null, rolePrivileges:null), temporary:false, catName:hive, ownerType:USER, writeId:0)	
2024-04-24T05:15:42,640  INFO [main] utils.FileUtils: Creating directory if it doesn't exist: file:/home/alex/Repositories/hive/ql/target/tmp/org.apache.hadoop.hive.ql.TestTxnCommands-1713960750541/warehouse/target
2024-04-24T05:15:42,656  INFO [main] metadata.Hive: Dumping metastore api call timing information for : execution phase
2024-04-24T05:15:42,656  INFO [main] metadata.Hive: Total time spent in each metastore function (ms): {createTable_(Table)=20, isCompatibleWith_(Configuration)=1}
2024-04-24T05:15:42,656  INFO [main] ql.Driver: Completed executing command(queryId=alex_20240424051542_c37a8a7e-e13a-4bda-ad2a-ea9c9e68f125); Time taken: 0.022 seconds
2024-04-24T05:15:42,656  INFO [main] lockmgr.DbTxnManager: Stopped heartbeat for query: alex_20240424051542_c37a8a7e-e13a-4bda-ad2a-ea9c9e68f125
2024-04-24T05:15:42,660  INFO [main] txn.TxnHandler: Expected to move at least one record from txn_components to completed_txn_components when committing txn! txnid:16
2024-04-24T05:15:42,665  INFO [main] txn.TxnHandler: Removed transactions: ([16]) from MIN_HISTORY_LEVEL
2024-04-24T05:15:42,665  WARN [main] txn.CompactionTxnHandler: No compaction queue record found for Compaction type transaction commit. txnId:16
2024-04-24T05:15:42,666  INFO [main] ql.TxnCommandsBaseForTests: Running the query: insert into target  values(1,5,1),(2,6,1),(1,18,0)
2024-04-24T05:15:42,666  INFO [main] ql.Driver: Compiling command(queryId=alex_20240424051542_07477346-0a6f-4ca6-a6a1-11e1cb2711dd): insert into target  values(1,5,1),(2,6,1),(1,18,0)
2024-04-24T05:15:42,668  INFO [main] txn.TxnHandler: Added entries to MIN_HISTORY_LEVEL for current txns: ([17]) with min_open_txn: 1
2024-04-24T05:15:42,668  INFO [main] lockmgr.DbTxnManager: Opened txnid:17
2024-04-24T05:15:42,669  INFO [main] parse.CalcitePlanner: Starting caching scope for: 
2024-04-24T05:15:42,669  INFO [main] parse.CalcitePlanner: Starting Semantic Analysis
2024-04-24T05:15:42,671  INFO [main] HiveMetaStore.audit: ugi=alex	ip=unknown-ip-addr	cmd=get_table : tbl=hive.default.target	
2024-04-24T05:15:42,689  INFO [main] metastore.HMSHandler: Skipping translation for processor with null
2024-04-24T05:15:42,689  INFO [main] parse.CalcitePlanner: Completed phase 1 of Semantic Analysis
2024-04-24T05:15:42,689  INFO [main] parse.CalcitePlanner: Get metadata for source tables
2024-04-24T05:15:42,689  INFO [main] parse.CalcitePlanner: Get metadata for subqueries
2024-04-24T05:15:42,689  INFO [main] parse.CalcitePlanner: Get metadata for destination tables
2024-04-24T05:15:42,689  INFO [main] HiveMetaStore.audit: ugi=alex	ip=unknown-ip-addr	cmd=get_table : tbl=hive.default.target	
2024-04-24T05:15:42,695  INFO [main] metastore.HMSHandler: Skipping translation for processor with null
2024-04-24T05:15:42,695  INFO [main] parse.CalcitePlanner: Completed getting MetaData in Semantic Analysis
2024-04-24T05:15:42,695  INFO [main] parse.CalcitePlanner: Disabling LLAP IO encode as ETL query is detected
2024-04-24T05:15:42,715  INFO [main] HiveMetaStore.audit: ugi=alex	ip=unknown-ip-addr	cmd=get_all_table_constraints : tbl=hive._dummy_database._dummy_table	
2024-04-24T05:15:42,784  INFO [main] parse.CalcitePlanner: Get metadata for source tables
2024-04-24T05:15:42,785  INFO [main] parse.CalcitePlanner: Get metadata for subqueries
2024-04-24T05:15:42,785  INFO [main] parse.CalcitePlanner: Get metadata for source tables
2024-04-24T05:15:42,785  INFO [main] HiveMetaStore.audit: ugi=alex	ip=unknown-ip-addr	cmd=get_table : tbl=hive._dummy_database._dummy_table	
2024-04-24T05:15:42,787  INFO [main] parse.CalcitePlanner: Get metadata for subqueries
2024-04-24T05:15:42,787  INFO [main] parse.CalcitePlanner: Get metadata for destination tables
2024-04-24T05:15:42,787  INFO [main] parse.CalcitePlanner: Get metadata for destination tables
2024-04-24T05:15:42,787  INFO [main] HiveMetaStore.audit: ugi=alex	ip=unknown-ip-addr	cmd=get_table : tbl=hive.default.target	
2024-04-24T05:15:42,794  INFO [main] metastore.HMSHandler: Skipping translation for processor with null
2024-04-24T05:15:42,795  INFO [main] HiveMetaStore.audit: ugi=alex	ip=unknown-ip-addr	cmd=get_not_null_constraints : tbl=hive.default.target	
2024-04-24T05:15:42,796  INFO [main] HiveMetaStore.audit: ugi=alex	ip=unknown-ip-addr	cmd=get_check_constraints : tbl=hive.default.target	
2024-04-24T05:15:42,805  INFO [main] txn.TxnHandler: Allocated writeId: 1 for txnId: 17
2024-04-24T05:15:42,805  INFO [main] txn.TxnHandler: Allocated write ids for dbName=default, tblName=target (txnIds: [17])
2024-04-24T05:15:42,806  INFO [main] parse.CalcitePlanner: CBO Succeeded; optimized logical plan.
2024-04-24T05:15:42,809  INFO [main] optimizer.ColumnPrunerProcFactory: RS 4 oldColExprMap: {VALUE._col1=Column[_col2], VALUE._col0=Column[_col1], KEY.reducesinkkey0=Column[_col0]}
2024-04-24T05:15:42,809  INFO [main] optimizer.ColumnPrunerProcFactory: RS 4 newColExprMap: {KEY.reducesinkkey0=Column[_col0], VALUE._col1=Column[_col2], VALUE._col0=Column[_col1]}
2024-04-24T05:15:42,810  INFO [main] optimizer.BucketVersionPopulator: not considering bucketingVersion for: TS[0] because it has -1<2 buckets 
2024-04-24T05:15:42,811  INFO [main] optimizer.SortedDynPartitionOptimizer: Sorted dynamic partitioning optimization kicked in..
2024-04-24T05:15:42,819  INFO [main] HiveMetaStore.audit: ugi=alex	ip=unknown-ip-addr	cmd=get_table : tbl=hive.default.target	
2024-04-24T05:15:42,825  INFO [main] metastore.HMSHandler: Skipping translation for processor with null
2024-04-24T05:15:42,826  INFO [main] physical.Vectorizer: Examining input format to see if vectorization is enabled.
2024-04-24T05:15:42,826  INFO [main] physical.Vectorizer: Map vectorization enabled: false
2024-04-24T05:15:42,826  INFO [main] physical.Vectorizer: Map vectorized: false
2024-04-24T05:15:42,826  INFO [main] physical.Vectorizer: Map vectorizedVertexNum: 0
2024-04-24T05:15:42,826  INFO [main] physical.Vectorizer: Map enabledConditionsMet: [hive.vectorized.use.vectorized.input.format IS true]
2024-04-24T05:15:42,826  INFO [main] physical.Vectorizer: Map enabledConditionsNotMet: [Could not enable vectorization due to partition column names size 1 is greater than the number of table column names size 0 IS false]
2024-04-24T05:15:42,826  INFO [main] physical.Vectorizer: Map inputFileFormatClassNameSet: [org.apache.hadoop.hive.ql.io.NullRowsInputFormat]
2024-04-24T05:15:42,826  INFO [main] physical.Vectorizer: Reduce vectorization enabled: false
2024-04-24T05:15:42,826  INFO [main] physical.Vectorizer: Reduce vectorized: false
2024-04-24T05:15:42,826  INFO [main] physical.Vectorizer: Reduce vectorizedVertexNum: 1
2024-04-24T05:15:42,826  INFO [main] physical.Vectorizer: Reducer hive.vectorized.execution.reduce.enabled: true
2024-04-24T05:15:42,826  INFO [main] physical.Vectorizer: Reducer engine: mr
2024-04-24T05:15:42,826  INFO [main] parse.CalcitePlanner: Completed plan generation
2024-04-24T05:15:42,826  INFO [main] parse.CalcitePlanner: Ending caching scope for: 
2024-04-24T05:15:42,826  INFO [main] ql.Driver: Semantic Analysis Completed (retrial = false)
2024-04-24T05:15:42,826  INFO [main] ql.Driver: Created Hive schema: Schema(fieldSchemas:[FieldSchema(name:col1, type:int, comment:null), FieldSchema(name:col2, type:int, comment:null), FieldSchema(name:col3, type:int, comment:null)], properties:null)
2024-04-24T05:15:42,827  INFO [main] metadata.Hive: Dumping metastore api call timing information for : compilation phase
2024-04-24T05:15:42,827  INFO [main] metadata.Hive: Total time spent in each metastore function (ms): {allocateTableWriteId_(long, String, String)=8, flushCache_()=0, getCheckConstraints_(CheckConstraintsRequest)=1, getAllTableConstraints_(AllTableConstraintsRequest)=25, getValidTxns_(long)=1, getValidWriteIds_(List, String)=2, getNotNullConstraints_(NotNullConstraintsRequest)=1, getTable_(GetTableRequest)=39, openTxn_(String, TxnType)=2, commitTxn_(CommitTxnRequest)=10, isCompatibleWith_(Configuration)=0}
2024-04-24T05:15:42,827  INFO [main] ql.Driver: Completed compiling command(queryId=alex_20240424051542_07477346-0a6f-4ca6-a6a1-11e1cb2711dd); Time taken: 0.161 seconds
2024-04-24T05:15:42,827  INFO [main] lockmgr.DbTxnManager: Setting lock request transaction to txnid:17 for queryId=alex_20240424051542_07477346-0a6f-4ca6-a6a1-11e1cb2711dd
2024-04-24T05:15:42,827  INFO [main] lockmgr.DbLockManager: Requesting lock for queryId=alex_20240424051542_07477346-0a6f-4ca6-a6a1-11e1cb2711dd
2024-04-24T05:15:42,842  INFO [main] lockmgr.DbLockManager: Response to queryId=alex_20240424051542_07477346-0a6f-4ca6-a6a1-11e1cb2711dd LockResponse(lockid:11, state:ACQUIRED)
2024-04-24T05:15:42,842  INFO [main] ql.Driver: Operation QUERY obtained 1 locks
2024-04-24T05:15:42,844  INFO [main] ql.Driver: Executing command(queryId=alex_20240424051542_07477346-0a6f-4ca6-a6a1-11e1cb2711dd): insert into target  values(1,5,1),(2,6,1),(1,18,0)
2024-04-24T05:15:42,844  WARN [main] ql.Driver: Hive-on-MR is deprecated in Hive 2 and may not be available in the future versions. Consider using a different execution engine (i.e. spark, tez) or using Hive 1.X releases.
Query ID = alex_20240424051542_07477346-0a6f-4ca6-a6a1-11e1cb2711dd
2024-04-24T05:15:42,845  INFO [main] ql.Driver: Query ID = alex_20240424051542_07477346-0a6f-4ca6-a6a1-11e1cb2711dd
Total jobs = 1
2024-04-24T05:15:42,845  INFO [main] ql.Driver: Total jobs = 1
Launching Job 1 out of 1
2024-04-24T05:15:42,845  INFO [main] ql.Driver: Launching Job 1 out of 1
2024-04-24T05:15:42,986  INFO [main] ql.Driver: Starting task [Stage-1:MAPRED] in serial mode
Number of reduce tasks determined at compile time: 2
2024-04-24T05:15:42,986  INFO [main] exec.Task: Number of reduce tasks determined at compile time: 2
In order to change the average load for a reducer (in bytes):
2024-04-24T05:15:42,986  INFO [main] exec.Task: In order to change the average load for a reducer (in bytes):
  set hive.exec.reducers.bytes.per.reducer=<number>
2024-04-24T05:15:42,986  INFO [main] exec.Task:   set hive.exec.reducers.bytes.per.reducer=<number>
In order to limit the maximum number of reducers:
2024-04-24T05:15:42,986  INFO [main] exec.Task: In order to limit the maximum number of reducers:
  set hive.exec.reducers.max=<number>
2024-04-24T05:15:42,986  INFO [main] exec.Task:   set hive.exec.reducers.max=<number>
In order to set a constant number of reducers:
2024-04-24T05:15:42,986  INFO [main] exec.Task: In order to set a constant number of reducers:
  set mapreduce.job.reduces=<number>
2024-04-24T05:15:42,986  INFO [main] exec.Task:   set mapreduce.job.reduces=<number>
2024-04-24T05:15:42,988  INFO [main] mr.ExecDriver: Using org.apache.hadoop.hive.ql.io.HiveInputFormat
2024-04-24T05:15:42,988  INFO [main] exec.Utilities: Processing alias $hdt$_0:_dummy_table
2024-04-24T05:15:42,988  INFO [main] exec.Utilities: Adding 1 inputs; the first input is file:/home/alex/Repositories/hive/ql/target/tmp/localscratchdir/36d1e6a9-53cc-4a7f-b483-f485bf88721c/hive_2024-04-24_05-15-42_666_276511350437951309-1/dummy_path
2024-04-24T05:15:42,997  INFO [main] exec.SerializationUtilities: Serializing MapWork using kryo
2024-04-24T05:15:42,997  INFO [main] exec.Utilities: Serialized plan (via FILE) - name: null size: 5,44KB
2024-04-24T05:15:43,002  INFO [main] exec.SerializationUtilities: Serializing ReduceWork using kryo
2024-04-24T05:15:43,002  INFO [main] exec.Utilities: Serialized plan (via FILE) - name: null size: 6,16KB
2024-04-24T05:15:43,003  WARN [main] impl.MetricsSystemImpl: JobTracker metrics system already initialized!
2024-04-24T05:15:43,007  INFO [main] fs.FSStatsPublisher: created : file:/home/alex/Repositories/hive/ql/target/tmp/localscratchdir/36d1e6a9-53cc-4a7f-b483-f485bf88721c/hive_2024-04-24_05-15-42_666_276511350437951309-1/-mr-10000
2024-04-24T05:15:43,008  WARN [main] impl.MetricsSystemImpl: JobTracker metrics system already initialized!
2024-04-24T05:15:43,015  WARN [main] mapreduce.JobResourceUploader: Hadoop command-line option parsing not performed. Implement the Tool interface and execute your application with ToolRunner to remedy this.
2024-04-24T05:15:43,019  WARN [main] mapreduce.JobResourceUploader: No job jar file set.  User classes may not be found. See Job or Job#setJar(String).
2024-04-24T05:15:43,020  INFO [main] io.HiveInputFormat: hive.io.file.readcolumn.ids = 
2024-04-24T05:15:43,020  INFO [main] io.HiveInputFormat: hive.io.file.readcolumn.names = 
2024-04-24T05:15:43,020  INFO [main] io.HiveInputFormat: Generating splits for dirs: file:/home/alex/Repositories/hive/ql/target/tmp/localscratchdir/36d1e6a9-53cc-4a7f-b483-f485bf88721c/hive_2024-04-24_05-15-42_666_276511350437951309-1/dummy_path
2024-04-24T05:15:43,021  INFO [main] io.HiveInputFormat: number of splits 1
2024-04-24T05:15:43,037  INFO [main] mapreduce.JobSubmitter: number of splits:1
2024-04-24T05:15:43,056  INFO [main] mapreduce.JobSubmitter: Submitting tokens for job: job_local946004588_0075
2024-04-24T05:15:43,056  INFO [main] mapreduce.JobSubmitter: Executing with tokens: []
2024-04-24T05:15:43,113  INFO [main] mapreduce.Job: The url to track the job: http://localhost:8080/
Job running in-process (local Hadoop)
2024-04-24T05:15:43,113  INFO [main] exec.Task: Job running in-process (local Hadoop)
2024-04-24T05:15:43,113  INFO [Thread-6199] mapred.LocalJobRunner: OutputCommitter set in config org.apache.hadoop.hive.ql.io.HiveFileFormatUtils$NullOutputCommitter
2024-04-24T05:15:43,114  INFO [Thread-6199] mapred.LocalJobRunner: OutputCommitter is org.apache.hadoop.hive.ql.io.HiveFileFormatUtils$NullOutputCommitter
2024-04-24T05:15:43,115  INFO [Thread-6199] mapred.LocalJobRunner: Waiting for map tasks
2024-04-24T05:15:43,115  INFO [LocalJobRunner Map Task Executor #0] mapred.LocalJobRunner: Starting task: attempt_local946004588_0075_m_000000_0
2024-04-24T05:15:43,118  INFO [LocalJobRunner Map Task Executor #0] mapred.Task:  Using ResourceCalculatorProcessTree : [ ]
2024-04-24T05:15:43,118  INFO [LocalJobRunner Map Task Executor #0] mapred.MapTask: Processing split: org.apache.hadoop.hive.ql.io.NullRowsInputFormat:file:/home/alex/Repositories/hive/ql/target/tmp/localscratchdir/36d1e6a9-53cc-4a7f-b483-f485bf88721c/hive_2024-04-24_05-15-42_666_276511350437951309-1/dummy_path/null:0+1
2024-04-24T05:15:43,120  INFO [LocalJobRunner Map Task Executor #0] exec.SerializationUtilities: Deserializing MapWork using kryo
2024-04-24T05:15:43,121  INFO [LocalJobRunner Map Task Executor #0] exec.Utilities: Deserialized plan (via FILE) - name: null size: 5,44KB
2024-04-24T05:15:43,121  INFO [LocalJobRunner Map Task Executor #0] mapred.MapTask: numReduceTasks: 2
2024-04-24T05:15:43,125  INFO [LocalJobRunner Map Task Executor #0] mapred.MapTask: (EQUATOR) 0 kvi 26214396(104857584)
2024-04-24T05:15:43,125  INFO [LocalJobRunner Map Task Executor #0] mapred.MapTask: mapreduce.task.io.sort.mb: 100
2024-04-24T05:15:43,125  INFO [LocalJobRunner Map Task Executor #0] mapred.MapTask: soft limit at 83886080
2024-04-24T05:15:43,125  INFO [LocalJobRunner Map Task Executor #0] mapred.MapTask: bufstart = 0; bufvoid = 104857600
2024-04-24T05:15:43,125  INFO [LocalJobRunner Map Task Executor #0] mapred.MapTask: kvstart = 26214396; length = 6553600
2024-04-24T05:15:43,125  INFO [LocalJobRunner Map Task Executor #0] mapred.MapTask: Map output collector class = org.apache.hadoop.mapred.MapTask$MapOutputBuffer
2024-04-24T05:15:43,126  INFO [LocalJobRunner Map Task Executor #0] exec.MapOperator: Initializing Operator: MAP[0]
2024-04-24T05:15:43,126  INFO [LocalJobRunner Map Task Executor #0] mr.ExecMapper: 
<MAP>Id =0
  <Children>null
  <\Children>
  <Parent><\Parent>
<\MAP>
2024-04-24T05:15:43,127  INFO [LocalJobRunner Map Task Executor #0] exec.TableScanOperator: Initializing Operator: TS[0]
2024-04-24T05:15:43,127  INFO [LocalJobRunner Map Task Executor #0] exec.SelectOperator: Initializing Operator: SEL[1]
2024-04-24T05:15:43,127  INFO [LocalJobRunner Map Task Executor #0] exec.SelectOperator: SELECT null
2024-04-24T05:15:43,127  INFO [LocalJobRunner Map Task Executor #0] exec.UDTFOperator: Initializing Operator: UDTF[2]
2024-04-24T05:15:43,127  INFO [LocalJobRunner Map Task Executor #0] exec.SelectOperator: Initializing Operator: SEL[3]
2024-04-24T05:15:43,127  INFO [LocalJobRunner Map Task Executor #0] exec.SelectOperator: SELECT struct<col1:int,col2:int,col3:int>
2024-04-24T05:15:43,127  INFO [LocalJobRunner Map Task Executor #0] exec.ReduceSinkOperator: Initializing Operator: RS[4]
2024-04-24T05:15:43,127  INFO [LocalJobRunner Map Task Executor #0] exec.ReduceSinkOperator: Using tag = -1
2024-04-24T05:15:43,127  INFO [LocalJobRunner Map Task Executor #0] exec.ReduceSinkOperator: keys are [reducesinkkey0] num distributions: 1
2024-04-24T05:15:43,127  INFO [LocalJobRunner Map Task Executor #0] exec.ReduceSinkOperator: RS[4]: records written - 1
2024-04-24T05:15:43,128  INFO [LocalJobRunner Map Task Executor #0] exec.MapOperator: MAP[0]: records read - 1
2024-04-24T05:15:43,128  INFO [LocalJobRunner Map Task Executor #0] exec.MapOperator: Closing Operator: MAP[0]
2024-04-24T05:15:43,128  INFO [LocalJobRunner Map Task Executor #0] exec.MapOperator: MAP[0]: Total records read - 3. abort - false
2024-04-24T05:15:43,128  INFO [LocalJobRunner Map Task Executor #0] exec.MapOperator: RECORDS_OUT_OPERATOR_MAP_0:0, RECORDS_IN:3, DESERIALIZE_ERRORS:0, RECORDS_OUT_INTERMEDIATE:0, 
2024-04-24T05:15:43,128  INFO [LocalJobRunner Map Task Executor #0] exec.TableScanOperator: Closing Operator: TS[0]
2024-04-24T05:15:43,128  INFO [LocalJobRunner Map Task Executor #0] exec.TableScanOperator: RECORDS_OUT_INTERMEDIATE:0, RECORDS_OUT_OPERATOR_TS_0:1, 
2024-04-24T05:15:43,128  INFO [LocalJobRunner Map Task Executor #0] exec.SelectOperator: Closing Operator: SEL[1]
2024-04-24T05:15:43,128  INFO [LocalJobRunner Map Task Executor #0] exec.SelectOperator: RECORDS_OUT_INTERMEDIATE:0, RECORDS_OUT_OPERATOR_SEL_1:1, 
2024-04-24T05:15:43,128  INFO [LocalJobRunner Map Task Executor #0] exec.UDTFOperator: Closing Operator: UDTF[2]
2024-04-24T05:15:43,128  INFO [LocalJobRunner Map Task Executor #0] exec.UDTFOperator: RECORDS_OUT_INTERMEDIATE:0, RECORDS_OUT_OPERATOR_UDTF_2:3, 
2024-04-24T05:15:43,128  INFO [LocalJobRunner Map Task Executor #0] exec.SelectOperator: Closing Operator: SEL[3]
2024-04-24T05:15:43,128  INFO [LocalJobRunner Map Task Executor #0] exec.SelectOperator: RECORDS_OUT_INTERMEDIATE:0, RECORDS_OUT_OPERATOR_SEL_3:3, 
2024-04-24T05:15:43,128  INFO [LocalJobRunner Map Task Executor #0] exec.ReduceSinkOperator: Closing Operator: RS[4]
2024-04-24T05:15:43,128  INFO [LocalJobRunner Map Task Executor #0] exec.ReduceSinkOperator: RS[4]: Total records written - 3. abort - false
2024-04-24T05:15:43,128  INFO [LocalJobRunner Map Task Executor #0] exec.ReduceSinkOperator: RECORDS_OUT_INTERMEDIATE:3, RECORDS_OUT_OPERATOR_RS_4:3, 
2024-04-24T05:15:43,130  INFO [LocalJobRunner Map Task Executor #0] mapred.LocalJobRunner: 
2024-04-24T05:15:43,130  INFO [LocalJobRunner Map Task Executor #0] mapred.MapTask: Starting flush of map output
2024-04-24T05:15:43,130  INFO [LocalJobRunner Map Task Executor #0] mapred.MapTask: Spilling map output
2024-04-24T05:15:43,130  INFO [LocalJobRunner Map Task Executor #0] mapred.MapTask: bufstart = 0; bufend = 51; bufvoid = 104857600
2024-04-24T05:15:43,130  INFO [LocalJobRunner Map Task Executor #0] mapred.MapTask: kvstart = 26214396(104857584); kvend = 26214388(104857552); length = 9/6553600
2024-04-24T05:15:43,143  INFO [LocalJobRunner Map Task Executor #0] mapred.MapTask: Finished spill 0
2024-04-24T05:15:43,154  INFO [LocalJobRunner Map Task Executor #0] mapred.Task: Task:attempt_local946004588_0075_m_000000_0 is done. And is in the process of committing
2024-04-24T05:15:43,155  INFO [LocalJobRunner Map Task Executor #0] mapred.LocalJobRunner: map
2024-04-24T05:15:43,155  INFO [LocalJobRunner Map Task Executor #0] mapred.Task: Task 'attempt_local946004588_0075_m_000000_0' done.
2024-04-24T05:15:43,155  INFO [LocalJobRunner Map Task Executor #0] mapred.Task: Final Counters for attempt_local946004588_0075_m_000000_0: Counters: 31
	File System Counters
		FILE: Number of bytes read=1658329
		FILE: Number of bytes written=94050628
		FILE: Number of read operations=0
		FILE: Number of large read operations=0
		FILE: Number of write operations=0
		HDFS: Number of bytes read=0
		HDFS: Number of bytes written=0
		HDFS: Number of read operations=0
		HDFS: Number of large read operations=0
		HDFS: Number of write operations=0
	Map-Reduce Framework
		Map input records=4
		Map output records=3
		Map output bytes=51
		Map output materialized bytes=69
		Input split bytes=360
		Combine input records=0
		Spilled Records=3
		Failed Shuffles=0
		Merged Map outputs=0
		GC time elapsed (ms)=0
		Total committed heap usage (bytes)=1510473728
	HIVE
		DESERIALIZE_ERRORS=0
		RECORDS_IN=3
		RECORDS_OUT_INTERMEDIATE=3
		RECORDS_OUT_OPERATOR_MAP_0=0
		RECORDS_OUT_OPERATOR_RS_4=3
		RECORDS_OUT_OPERATOR_SEL_1=1
		RECORDS_OUT_OPERATOR_SEL_3=3
		RECORDS_OUT_OPERATOR_TS_0=1
		RECORDS_OUT_OPERATOR_UDTF_2=3
	File Input Format Counters 
		Bytes Read=5498
2024-04-24T05:15:43,155  INFO [LocalJobRunner Map Task Executor #0] mapred.LocalJobRunner: Finishing task: attempt_local946004588_0075_m_000000_0
2024-04-24T05:15:43,156  INFO [Thread-6199] mapred.LocalJobRunner: map task executor complete.
2024-04-24T05:15:43,158  INFO [Thread-6199] mapred.LocalJobRunner: Waiting for reduce tasks
2024-04-24T05:15:43,159  INFO [pool-358-thread-1] mapred.LocalJobRunner: Starting task: attempt_local946004588_0075_r_000000_0
2024-04-24T05:15:43,163  INFO [pool-358-thread-1] mapred.Task:  Using ResourceCalculatorProcessTree : [ ]
2024-04-24T05:15:43,163  INFO [pool-358-thread-1] mapred.ReduceTask: Using ShuffleConsumerPlugin: org.apache.hadoop.mapreduce.task.reduce.Shuffle@efc64dc
2024-04-24T05:15:43,164  WARN [pool-358-thread-1] impl.MetricsSystemImpl: JobTracker metrics system already initialized!
2024-04-24T05:15:43,165  INFO [pool-358-thread-1] reduce.MergeManagerImpl: MergerManager: memoryLimit=1336252800, maxSingleShuffleLimit=334063200, mergeThreshold=881926912, ioSortFactor=10, memToMemMergeOutputsThreshold=10
2024-04-24T05:15:43,167  INFO [EventFetcher for fetching Map Completion Events] reduce.EventFetcher: attempt_local946004588_0075_r_000000_0 Thread started: EventFetcher for fetching Map Completion Events
2024-04-24T05:15:43,172  INFO [localfetcher#98] reduce.LocalFetcher: localfetcher#98 about to shuffle output of map attempt_local946004588_0075_m_000000_0 decomp: 21 len: 25 to MEMORY
2024-04-24T05:15:43,173  INFO [localfetcher#98] reduce.InMemoryMapOutput: Read 21 bytes from map-output for attempt_local946004588_0075_m_000000_0
2024-04-24T05:15:43,173  INFO [localfetcher#98] reduce.MergeManagerImpl: closeInMemoryFile -> map-output of size: 21, inMemoryMapOutputs.size() -> 1, commitMemory -> 0, usedMemory ->21
2024-04-24T05:15:43,173  INFO [EventFetcher for fetching Map Completion Events] reduce.EventFetcher: EventFetcher is interrupted.. Returning
2024-04-24T05:15:43,174  INFO [pool-358-thread-1] mapred.LocalJobRunner: 1 / 1 copied.
2024-04-24T05:15:43,174  INFO [pool-358-thread-1] reduce.MergeManagerImpl: finalMerge called with 1 in-memory map-outputs and 0 on-disk map-outputs
2024-04-24T05:15:43,185  INFO [pool-358-thread-1] mapred.Merger: Merging 1 sorted segments
2024-04-24T05:15:43,185  INFO [pool-358-thread-1] mapred.Merger: Down to the last merge-pass, with 1 segments left of total size: 9 bytes
2024-04-24T05:15:43,190  INFO [pool-358-thread-1] reduce.MergeManagerImpl: Merged 1 segments, 21 bytes to disk to satisfy reduce memory limit
2024-04-24T05:15:43,191  INFO [pool-358-thread-1] reduce.MergeManagerImpl: Merging 1 files, 25 bytes from disk
2024-04-24T05:15:43,191  INFO [pool-358-thread-1] reduce.MergeManagerImpl: Merging 0 segments, 0 bytes from memory into reduce
2024-04-24T05:15:43,191  INFO [pool-358-thread-1] mapred.Merger: Merging 1 sorted segments
2024-04-24T05:15:43,191  INFO [pool-358-thread-1] mapred.Merger: Down to the last merge-pass, with 1 segments left of total size: 9 bytes
2024-04-24T05:15:43,191  INFO [pool-358-thread-1] mapred.LocalJobRunner: 1 / 1 copied.
2024-04-24T05:15:43,192  INFO [pool-358-thread-1] exec.SerializationUtilities: Deserializing ReduceWork using kryo
2024-04-24T05:15:43,193  INFO [pool-358-thread-1] exec.Utilities: Deserialized plan (via FILE) - name: null size: 6,16KB
2024-04-24T05:15:43,195  INFO [pool-358-thread-1] ExecReducer: 
<SEL>Id =5
  <Children>
    <FS>Id =6
      <Children>
      <\Children>
      <Parent>Id = 5 null<\Parent>
    <\FS>
  <\Children>
  <Parent><\Parent>
<\SEL>
2024-04-24T05:15:43,195  INFO [pool-358-thread-1] exec.SelectOperator: Initializing Operator: SEL[5]
2024-04-24T05:15:43,195  INFO [pool-358-thread-1] exec.SelectOperator: SELECT struct<key:struct<reducesinkkey0:int>,value:struct<_col0:int,_col1:int>>
2024-04-24T05:15:43,195  INFO [pool-358-thread-1] exec.FileSinkOperator: Initializing Operator: FS[6]
2024-04-24T05:15:43,196  INFO [pool-358-thread-1] exec.FileSinkOperator: Using serializer : AbstractSerDe [log=org.apache.logging.slf4j.Log4jLogger@a925655, configuration=Optional[Configuration: core-default.xml, core-site.xml, mapred-default.xml, mapred-site.xml, yarn-default.xml, yarn-site.xml, hdfs-default.xml, hdfs-site.xml, file:/home/alex/Repositories/hive/ql/target/tmp/TestTxnCommandsWithSplitUpdateAndVectorization/mapred/local/localRunner/alex/job_local946004588_0075/job_local946004588_0075.xml], properties={transactional_properties=default, name=default.target, transactional=true, columns.types=int:int:int, bucket_field_name=key, columns=key,data,cur, numFilesErasureCoded=0, columns.comments=&amp#0;&amp#0;, bucketing_version=2, bucket_count=2, serialization.lib=org.apache.hadoop.hive.ql.io.orc.OrcSerde, file.inputformat=org.apache.hadoop.hive.ql.io.orc.OrcInputFormat, file.outputformat=org.apache.hadoop.hive.ql.io.orc.OrcOutputFormat, location=file:/home/alex/Repositories/hive/ql/target/tmp/org.apache.hadoop.hive.ql.TestTxnCommands-1713960750541/warehouse/target, column.name.delimiter=,}, tableProperties={transactional_properties=default, name=default.target, transactional=true, columns.types=int:int:int, bucket_field_name=key, columns=key,data,cur, numFilesErasureCoded=0, columns.comments=&amp#0;&amp#0;, bucketing_version=2, bucket_count=2, serialization.lib=org.apache.hadoop.hive.ql.io.orc.OrcSerde, file.inputformat=org.apache.hadoop.hive.ql.io.orc.OrcInputFormat, location=file:/home/alex/Repositories/hive/ql/target/tmp/org.apache.hadoop.hive.ql.TestTxnCommands-1713960750541/warehouse/target, file.outputformat=org.apache.hadoop.hive.ql.io.orc.OrcOutputFormat, column.name.delimiter=,}, partitionProperties=Optional.empty, columnNames=[key, data, cur], columnTypes=[int, int, int], getClass()=class org.apache.hadoop.hive.ql.io.orc.OrcSerde] and formatter : org.apache.hadoop.hive.ql.io.orc.OrcOutputFormat@55042f16
2024-04-24T05:15:43,196  INFO [pool-358-thread-1] exec.FileSinkOperator: Final Path: FS file:/home/alex/Repositories/hive/ql/target/tmp/org.apache.hadoop.hive.ql.TestTxnCommands-1713960750541/warehouse/target
2024-04-24T05:15:43,196  INFO [pool-358-thread-1] exec.FileSinkOperator: New Final Path: FS file:/home/alex/Repositories/hive/ql/target/tmp/org.apache.hadoop.hive.ql.TestTxnCommands-1713960750541/warehouse/target
2024-04-24T05:15:43,197  INFO [pool-358-thread-1] common.FileUtils: Creating directory if it doesn't exist: file:/home/alex/Repositories/hive/ql/target/tmp/org.apache.hadoop.hive.ql.TestTxnCommands-1713960750541/warehouse
2024-04-24T05:15:43,198  INFO [pool-358-thread-1] exec.FileSinkOperator: FS[6]: records written - 1
2024-04-24T05:15:43,198  INFO [pool-358-thread-1] impl.PhysicalFsWriter: ORC writer created for path: file:/home/alex/Repositories/hive/ql/target/tmp/org.apache.hadoop.hive.ql.TestTxnCommands-1713960750541/warehouse/target/delta_0000001_0000001_0000/bucket_00000_0 with stripeSize: 8388608 blockSize: 268435456 compression: Compress: ZLIB buffer: 32768
2024-04-24T05:15:43,246  INFO [pool-358-thread-1] impl.WriterImpl: ORC writer created for path: file:/home/alex/Repositories/hive/ql/target/tmp/org.apache.hadoop.hive.ql.TestTxnCommands-1713960750541/warehouse/target/delta_0000001_0000001_0000/bucket_00000_0 with stripeSize: 8388608 options: Compress: ZLIB buffer: 32768
2024-04-24T05:15:43,252  INFO [pool-358-thread-1] exec.SelectOperator: Closing Operator: SEL[5]
2024-04-24T05:15:43,252  INFO [pool-358-thread-1] exec.SelectOperator: RECORDS_OUT_INTERMEDIATE:0, RECORDS_OUT_OPERATOR_SEL_5:1, 
2024-04-24T05:15:43,252  INFO [pool-358-thread-1] exec.FileSinkOperator: Closing Operator: FS[6]
2024-04-24T05:15:43,252  INFO [pool-358-thread-1] exec.FileSinkOperator: FS[6]: records written - 1
2024-04-24T05:15:43,254  INFO [pool-358-thread-1] FileOperations: Writing manifest to file:/home/alex/Repositories/hive/ql/target/tmp/org.apache.hadoop.hive.ql.TestTxnCommands-1713960750541/warehouse/target/_tmp.delta_0000001_0000001_0000/000000_0.manifest with [file:/home/alex/Repositories/hive/ql/target/tmp/org.apache.hadoop.hive.ql.TestTxnCommands-1713960750541/warehouse/target/delta_0000001_0000001_0000/bucket_00000_0]
2024-04-24T05:15:43,266  INFO [pool-358-thread-1] exec.FileSinkOperator: RECORDS_OUT_1_default.target:1, RECORDS_OUT_INTERMEDIATE:0, RECORDS_OUT_OPERATOR_FS_6:1, TOTAL_TABLE_ROWS_WRITTEN:1, 
2024-04-24T05:15:43,266  INFO [pool-358-thread-1] mapred.Task: Task:attempt_local946004588_0075_r_000000_0 is done. And is in the process of committing
2024-04-24T05:15:43,267  INFO [pool-358-thread-1] mapred.LocalJobRunner: reduce > reduce
2024-04-24T05:15:43,267  INFO [pool-358-thread-1] mapred.Task: Task 'attempt_local946004588_0075_r_000000_0' done.
2024-04-24T05:15:43,267  INFO [pool-358-thread-1] mapred.Task: Final Counters for attempt_local946004588_0075_r_000000_0: Counters: 35
	File System Counters
		FILE: Number of bytes read=1664702
		FILE: Number of bytes written=94051709
		FILE: Number of read operations=0
		FILE: Number of large read operations=0
		FILE: Number of write operations=0
		HDFS: Number of bytes read=0
		HDFS: Number of bytes written=0
		HDFS: Number of read operations=0
		HDFS: Number of large read operations=0
		HDFS: Number of write operations=0
	Map-Reduce Framework
		Combine input records=0
		Combine output records=0
		Reduce input groups=1
		Reduce shuffle bytes=25
		Reduce input records=1
		Reduce output records=0
		Spilled Records=1
		Shuffled Maps =1
		Failed Shuffles=0
		Merged Map outputs=1
		GC time elapsed (ms)=33
		Total committed heap usage (bytes)=1510473728
	HIVE
		CREATED_FILES=1
		RECORDS_OUT_1_default.target=1
		RECORDS_OUT_INTERMEDIATE=0
		RECORDS_OUT_OPERATOR_FS_6=1
		RECORDS_OUT_OPERATOR_SEL_5=1
		TOTAL_TABLE_ROWS_WRITTEN=1
	Shuffle Errors
		BAD_ID=0
		CONNECTION=0
		IO_ERROR=0
		WRONG_LENGTH=0
		WRONG_MAP=0
		WRONG_REDUCE=0
	File Output Format Counters 
		Bytes Written=0
2024-04-24T05:15:43,267  INFO [pool-358-thread-1] mapred.LocalJobRunner: Finishing task: attempt_local946004588_0075_r_000000_0
2024-04-24T05:15:43,267  INFO [pool-358-thread-1] mapred.LocalJobRunner: Starting task: attempt_local946004588_0075_r_000001_0
2024-04-24T05:15:43,267  INFO [pool-358-thread-1] mapred.Task:  Using ResourceCalculatorProcessTree : [ ]
2024-04-24T05:15:43,267  INFO [pool-358-thread-1] mapred.ReduceTask: Using ShuffleConsumerPlugin: org.apache.hadoop.mapreduce.task.reduce.Shuffle@192ab76e
2024-04-24T05:15:43,267  WARN [pool-358-thread-1] impl.MetricsSystemImpl: JobTracker metrics system already initialized!
2024-04-24T05:15:43,268  INFO [pool-358-thread-1] reduce.MergeManagerImpl: MergerManager: memoryLimit=1336252800, maxSingleShuffleLimit=334063200, mergeThreshold=881926912, ioSortFactor=10, memToMemMergeOutputsThreshold=10
2024-04-24T05:15:43,269  INFO [EventFetcher for fetching Map Completion Events] reduce.EventFetcher: attempt_local946004588_0075_r_000001_0 Thread started: EventFetcher for fetching Map Completion Events
2024-04-24T05:15:43,272  INFO [localfetcher#99] reduce.LocalFetcher: localfetcher#99 about to shuffle output of map attempt_local946004588_0075_m_000000_0 decomp: 40 len: 44 to MEMORY
2024-04-24T05:15:43,272  INFO [localfetcher#99] reduce.InMemoryMapOutput: Read 40 bytes from map-output for attempt_local946004588_0075_m_000000_0
2024-04-24T05:15:43,272  INFO [localfetcher#99] reduce.MergeManagerImpl: closeInMemoryFile -> map-output of size: 40, inMemoryMapOutputs.size() -> 1, commitMemory -> 0, usedMemory ->40
2024-04-24T05:15:43,273  INFO [EventFetcher for fetching Map Completion Events] reduce.EventFetcher: EventFetcher is interrupted.. Returning
2024-04-24T05:15:43,273  INFO [pool-358-thread-1] mapred.LocalJobRunner: 1 / 1 copied.
2024-04-24T05:15:43,273  INFO [pool-358-thread-1] reduce.MergeManagerImpl: finalMerge called with 1 in-memory map-outputs and 0 on-disk map-outputs
2024-04-24T05:15:43,279  INFO [pool-358-thread-1] mapred.Merger: Merging 1 sorted segments
2024-04-24T05:15:43,279  INFO [pool-358-thread-1] mapred.Merger: Down to the last merge-pass, with 1 segments left of total size: 28 bytes
2024-04-24T05:15:43,282  INFO [pool-358-thread-1] reduce.MergeManagerImpl: Merged 1 segments, 40 bytes to disk to satisfy reduce memory limit
2024-04-24T05:15:43,282  INFO [pool-358-thread-1] reduce.MergeManagerImpl: Merging 1 files, 44 bytes from disk
2024-04-24T05:15:43,282  INFO [pool-358-thread-1] reduce.MergeManagerImpl: Merging 0 segments, 0 bytes from memory into reduce
2024-04-24T05:15:43,282  INFO [pool-358-thread-1] mapred.Merger: Merging 1 sorted segments
2024-04-24T05:15:43,282  INFO [pool-358-thread-1] mapred.Merger: Down to the last merge-pass, with 1 segments left of total size: 28 bytes
2024-04-24T05:15:43,282  INFO [pool-358-thread-1] mapred.LocalJobRunner: 1 / 1 copied.
2024-04-24T05:15:43,282  INFO [pool-358-thread-1] exec.SerializationUtilities: Deserializing ReduceWork using kryo
2024-04-24T05:15:43,283  INFO [pool-358-thread-1] exec.Utilities: Deserialized plan (via FILE) - name: null size: 6,16KB
2024-04-24T05:15:43,283  INFO [pool-358-thread-1] ExecReducer: 
<SEL>Id =5
  <Children>
    <FS>Id =6
      <Children>
      <\Children>
      <Parent>Id = 5 null<\Parent>
    <\FS>
  <\Children>
  <Parent><\Parent>
<\SEL>
2024-04-24T05:15:43,283  INFO [pool-358-thread-1] exec.SelectOperator: Initializing Operator: SEL[5]
2024-04-24T05:15:43,283  INFO [pool-358-thread-1] exec.SelectOperator: SELECT struct<key:struct<reducesinkkey0:int>,value:struct<_col0:int,_col1:int>>
2024-04-24T05:15:43,284  INFO [pool-358-thread-1] exec.FileSinkOperator: Initializing Operator: FS[6]
2024-04-24T05:15:43,284  INFO [pool-358-thread-1] exec.FileSinkOperator: Using serializer : AbstractSerDe [log=org.apache.logging.slf4j.Log4jLogger@a925655, configuration=Optional[Configuration: core-default.xml, core-site.xml, mapred-default.xml, mapred-site.xml, yarn-default.xml, yarn-site.xml, hdfs-default.xml, hdfs-site.xml, file:/home/alex/Repositories/hive/ql/target/tmp/TestTxnCommandsWithSplitUpdateAndVectorization/mapred/local/localRunner/alex/job_local946004588_0075/job_local946004588_0075.xml], properties={transactional_properties=default, name=default.target, transactional=true, columns.types=int:int:int, bucket_field_name=key, columns=key,data,cur, numFilesErasureCoded=0, columns.comments=&amp#0;&amp#0;, bucketing_version=2, bucket_count=2, serialization.lib=org.apache.hadoop.hive.ql.io.orc.OrcSerde, file.inputformat=org.apache.hadoop.hive.ql.io.orc.OrcInputFormat, file.outputformat=org.apache.hadoop.hive.ql.io.orc.OrcOutputFormat, location=file:/home/alex/Repositories/hive/ql/target/tmp/org.apache.hadoop.hive.ql.TestTxnCommands-1713960750541/warehouse/target, column.name.delimiter=,}, tableProperties={transactional_properties=default, name=default.target, transactional=true, columns.types=int:int:int, bucket_field_name=key, columns=key,data,cur, numFilesErasureCoded=0, columns.comments=&amp#0;&amp#0;, bucketing_version=2, bucket_count=2, serialization.lib=org.apache.hadoop.hive.ql.io.orc.OrcSerde, file.inputformat=org.apache.hadoop.hive.ql.io.orc.OrcInputFormat, location=file:/home/alex/Repositories/hive/ql/target/tmp/org.apache.hadoop.hive.ql.TestTxnCommands-1713960750541/warehouse/target, file.outputformat=org.apache.hadoop.hive.ql.io.orc.OrcOutputFormat, column.name.delimiter=,}, partitionProperties=Optional.empty, columnNames=[key, data, cur], columnTypes=[int, int, int], getClass()=class org.apache.hadoop.hive.ql.io.orc.OrcSerde] and formatter : org.apache.hadoop.hive.ql.io.orc.OrcOutputFormat@4ca5f438
2024-04-24T05:15:43,284  INFO [pool-358-thread-1] exec.FileSinkOperator: Final Path: FS file:/home/alex/Repositories/hive/ql/target/tmp/org.apache.hadoop.hive.ql.TestTxnCommands-1713960750541/warehouse/target
2024-04-24T05:15:43,284  INFO [pool-358-thread-1] exec.FileSinkOperator: New Final Path: FS file:/home/alex/Repositories/hive/ql/target/tmp/org.apache.hadoop.hive.ql.TestTxnCommands-1713960750541/warehouse/target
2024-04-24T05:15:43,284  INFO [pool-358-thread-1] common.FileUtils: Creating directory if it doesn't exist: file:/home/alex/Repositories/hive/ql/target/tmp/org.apache.hadoop.hive.ql.TestTxnCommands-1713960750541/warehouse
2024-04-24T05:15:43,285  INFO [pool-358-thread-1] exec.FileSinkOperator: FS[6]: records written - 1
2024-04-24T05:15:43,285  INFO [pool-358-thread-1] impl.PhysicalFsWriter: ORC writer created for path: file:/home/alex/Repositories/hive/ql/target/tmp/org.apache.hadoop.hive.ql.TestTxnCommands-1713960750541/warehouse/target/delta_0000001_0000001_0000/bucket_00001_0 with stripeSize: 8388608 blockSize: 268435456 compression: Compress: ZLIB buffer: 32768
2024-04-24T05:15:43,290  INFO [pool-358-thread-1] impl.WriterImpl: ORC writer created for path: file:/home/alex/Repositories/hive/ql/target/tmp/org.apache.hadoop.hive.ql.TestTxnCommands-1713960750541/warehouse/target/delta_0000001_0000001_0000/bucket_00001_0 with stripeSize: 8388608 options: Compress: ZLIB buffer: 32768
2024-04-24T05:15:43,290  INFO [pool-358-thread-1] exec.SelectOperator: Closing Operator: SEL[5]
2024-04-24T05:15:43,290  INFO [pool-358-thread-1] exec.SelectOperator: RECORDS_OUT_OPERATOR_SEL_5:2, RECORDS_OUT_INTERMEDIATE:0, 
2024-04-24T05:15:43,290  INFO [pool-358-thread-1] exec.FileSinkOperator: Closing Operator: FS[6]
2024-04-24T05:15:43,290  INFO [pool-358-thread-1] exec.FileSinkOperator: FS[6]: records written - 2
2024-04-24T05:15:43,292  INFO [pool-358-thread-1] FileOperations: Writing manifest to file:/home/alex/Repositories/hive/ql/target/tmp/org.apache.hadoop.hive.ql.TestTxnCommands-1713960750541/warehouse/target/_tmp.delta_0000001_0000001_0000/000001_0.manifest with [file:/home/alex/Repositories/hive/ql/target/tmp/org.apache.hadoop.hive.ql.TestTxnCommands-1713960750541/warehouse/target/delta_0000001_0000001_0000/bucket_00001_0]
2024-04-24T05:15:43,301  INFO [pool-358-thread-1] exec.FileSinkOperator: RECORDS_OUT_1_default.target:2, RECORDS_OUT_INTERMEDIATE:0, RECORDS_OUT_OPERATOR_FS_6:2, TOTAL_TABLE_ROWS_WRITTEN:2, 
2024-04-24T05:15:43,301  INFO [pool-358-thread-1] mapred.Task: Task:attempt_local946004588_0075_r_000001_0 is done. And is in the process of committing
2024-04-24T05:15:43,301  INFO [pool-358-thread-1] mapred.LocalJobRunner: reduce > reduce
2024-04-24T05:15:43,301  INFO [pool-358-thread-1] mapred.Task: Task 'attempt_local946004588_0075_r_000001_0' done.
2024-04-24T05:15:43,302  INFO [pool-358-thread-1] mapred.Task: Final Counters for attempt_local946004588_0075_r_000001_0: Counters: 35
	File System Counters
		FILE: Number of bytes read=1671069
		FILE: Number of bytes written=94052828
		FILE: Number of read operations=0
		FILE: Number of large read operations=0
		FILE: Number of write operations=0
		HDFS: Number of bytes read=0
		HDFS: Number of bytes written=0
		HDFS: Number of read operations=0
		HDFS: Number of large read operations=0
		HDFS: Number of write operations=0
	Map-Reduce Framework
		Combine input records=0
		Combine output records=0
		Reduce input groups=1
		Reduce shuffle bytes=44
		Reduce input records=2
		Reduce output records=0
		Spilled Records=2
		Shuffled Maps =1
		Failed Shuffles=0
		Merged Map outputs=1
		GC time elapsed (ms)=0
		Total committed heap usage (bytes)=1510473728
	HIVE
		CREATED_FILES=1
		RECORDS_OUT_1_default.target=2
		RECORDS_OUT_INTERMEDIATE=0
		RECORDS_OUT_OPERATOR_FS_6=2
		RECORDS_OUT_OPERATOR_SEL_5=2
		TOTAL_TABLE_ROWS_WRITTEN=2
	Shuffle Errors
		BAD_ID=0
		CONNECTION=0
		IO_ERROR=0
		WRONG_LENGTH=0
		WRONG_MAP=0
		WRONG_REDUCE=0
	File Output Format Counters 
		Bytes Written=0
2024-04-24T05:15:43,302  INFO [pool-358-thread-1] mapred.LocalJobRunner: Finishing task: attempt_local946004588_0075_r_000001_0
2024-04-24T05:15:43,302  INFO [Thread-6199] mapred.LocalJobRunner: reduce task executor complete.
2024-04-24 05:15:44,117 Stage-1 map = 100%,  reduce = 100%
2024-04-24T05:15:44,117  INFO [main] exec.Task: 2024-04-24 05:15:44,117 Stage-1 map = 100%,  reduce = 100%
Ended Job = job_local946004588_0075
2024-04-24T05:15:44,119  INFO [main] exec.Task: Ended Job = job_local946004588_0075
2024-04-24T05:15:44,120  INFO [main] FileOperations: Found manifest file file:/home/alex/Repositories/hive/ql/target/tmp/org.apache.hadoop.hive.ql.TestTxnCommands-1713960750541/warehouse/target/_tmp.delta_0000001_0000001_0000/000000_0.manifest with attemptId 0.
2024-04-24T05:15:44,120  INFO [main] FileOperations: Found manifest file file:/home/alex/Repositories/hive/ql/target/tmp/org.apache.hadoop.hive.ql.TestTxnCommands-1713960750541/warehouse/target/_tmp.delta_0000001_0000001_0000/000001_0.manifest with attemptId 0.
2024-04-24T05:15:44,120  INFO [main] FileOperations: Looking at manifest file: file:/home/alex/Repositories/hive/ql/target/tmp/org.apache.hadoop.hive.ql.TestTxnCommands-1713960750541/warehouse/target/_tmp.delta_0000001_0000001_0000/000001_0.manifest
2024-04-24T05:15:44,120  INFO [main] FileOperations: Looking at manifest file: file:/home/alex/Repositories/hive/ql/target/tmp/org.apache.hadoop.hive.ql.TestTxnCommands-1713960750541/warehouse/target/_tmp.delta_0000001_0000001_0000/000000_0.manifest
2024-04-24T05:15:44,120  INFO [main] FileOperations: Deleting manifest directory file:/home/alex/Repositories/hive/ql/target/tmp/org.apache.hadoop.hive.ql.TestTxnCommands-1713960750541/warehouse/target/_tmp.delta_0000001_0000001_0000
2024-04-24T05:15:44,121  INFO [main] ql.Driver: Starting task [Stage-0:MOVE] in serial mode
Loading data to table default.target
2024-04-24T05:15:44,121  INFO [main] exec.Task: Loading data to table default.target from file:/home/alex/Repositories/hive/ql/target/tmp/org.apache.hadoop.hive.ql.TestTxnCommands-1713960750541/warehouse/target
2024-04-24T05:15:44,121  INFO [main] HiveMetaStore.audit: ugi=alex	ip=unknown-ip-addr	cmd=get_table : tbl=hive.default.target	
2024-04-24T05:15:44,128  INFO [main] metastore.HMSHandler: Skipping translation for processor with null
2024-04-24T05:15:44,128  INFO [main] HiveMetaStore.audit: ugi=alex	ip=unknown-ip-addr	cmd=get_table : tbl=hive.default.target	
2024-04-24T05:15:44,134  INFO [main] metastore.HMSHandler: Skipping translation for processor with null
2024-04-24T05:15:44,135  INFO [main] HiveMetaStore.audit: ugi=alex	ip=unknown-ip-addr	cmd=alter_table: hive.default.target newtbl=target	
2024-04-24T05:15:44,162  INFO [main] ql.Driver: Starting task [Stage-2:STATS] in serial mode
2024-04-24T05:15:44,162  INFO [main] HiveMetaStore.audit: ugi=alex	ip=unknown-ip-addr	cmd=get_table : tbl=hive.default.target	
2024-04-24T05:15:44,168  INFO [main] metastore.HMSHandler: Skipping translation for processor with null
2024-04-24T05:15:44,168  INFO [main] stats.BasicStatsTask: Executing stats task
2024-04-24T05:15:44,168  INFO [main] fs.FSStatsPublisher: created : file:/home/alex/Repositories/hive/ql/target/tmp/localscratchdir/36d1e6a9-53cc-4a7f-b483-f485bf88721c/hive_2024-04-24_05-15-42_666_276511350437951309-1/-mr-10000
2024-04-24T05:15:44,169  INFO [main] HiveMetaStore.audit: ugi=alex	ip=unknown-ip-addr	cmd=get_table : tbl=hive.default.target	
2024-04-24T05:15:44,176  INFO [main] metastore.HMSHandler: Skipping translation for processor with null
2024-04-24T05:15:44,186  WARN [main] FileOperations: Computing stats for an ACID table; stats may be inaccurate
2024-04-24T05:15:44,187  INFO [main] FileOperations: Read stats for default.target/, numRows, true, 3, false: 
2024-04-24T05:15:44,187  INFO [main] FileOperations: Read stats for default.target/, rawDataSize, true, 0, false: 
2024-04-24T05:15:44,187  INFO [main] HiveMetaStore.audit: ugi=alex	ip=unknown-ip-addr	cmd=alter_table: hive.default.target newtbl=target	
2024-04-24T05:15:44,206  INFO [main] FileOperations: Read stats for default.target/, insertCount, true, 3, false: 
2024-04-24T05:15:44,206  INFO [main] FileOperations: Read stats for default.target/, updateCount, true, 0, false: 
2024-04-24T05:15:44,206  INFO [main] FileOperations: Read stats for default.target/, deleteCount, true, 0, false: 
2024-04-24T05:15:44,208  INFO [main] stats.BasicStatsTask: Table default.target stats: [numFiles=2, numRows=3, totalSize=1460, rawDataSize=0, numFilesErasureCoded=0]
2024-04-24T05:15:44,209  INFO [main] metadata.Hive: Dumping metastore api call timing information for : execution phase
2024-04-24T05:15:44,209  INFO [main] metadata.Hive: Total time spent in each metastore function (ms): {alter_table_(String, String, String, Table, EnvironmentContext, String)=45, isCompatibleWith_(Configuration)=0, updateTransactionalStatistics_(UpdateTransactionalStatsRequest)=2, getTable_(GetTableRequest)=26}
MapReduce Jobs Launched: 
2024-04-24T05:15:44,209  INFO [main] ql.Driver: MapReduce Jobs Launched: 
Stage-Stage-1:  HDFS Read: 0 HDFS Write: 0 SUCCESS
2024-04-24T05:15:44,209  INFO [main] ql.Driver: Stage-Stage-1:  HDFS Read: 0 HDFS Write: 0 SUCCESS
Total MapReduce CPU Time Spent: 0 msec
2024-04-24T05:15:44,209  INFO [main] ql.Driver: Total MapReduce CPU Time Spent: 0 msec
2024-04-24T05:15:44,209  INFO [main] ql.Driver: Completed executing command(queryId=alex_20240424051542_07477346-0a6f-4ca6-a6a1-11e1cb2711dd); Time taken: 1.365 seconds
2024-04-24T05:15:44,209  INFO [main] lockmgr.DbTxnManager: Stopped heartbeat for query: alex_20240424051542_07477346-0a6f-4ca6-a6a1-11e1cb2711dd
2024-04-24T05:15:44,219  INFO [main] txn.TxnHandler: Removed transactions: ([17]) from MIN_HISTORY_LEVEL
2024-04-24T05:15:44,219  WARN [main] txn.CompactionTxnHandler: No compaction queue record found for Compaction type transaction commit. txnId:17
2024-04-24T05:15:44,219  INFO [main] ql.TxnCommandsBaseForTests: Running the query: insert into source  values(1,7),(3,8)
2024-04-24T05:15:44,219  INFO [main] ql.Context: Deleting scratch dir: file:/home/alex/Repositories/hive/ql/target/tmp/localscratchdir/36d1e6a9-53cc-4a7f-b483-f485bf88721c/hive_2024-04-24_05-15-42_666_276511350437951309-1
2024-04-24T05:15:44,220  INFO [main] cleanup.SyncCleanupService: Deleted directory: file:/home/alex/Repositories/hive/ql/target/tmp/localscratchdir/36d1e6a9-53cc-4a7f-b483-f485bf88721c/hive_2024-04-24_05-15-42_666_276511350437951309-1 on fs with scheme file
2024-04-24T05:15:44,220  INFO [main] ql.Driver: Compiling command(queryId=alex_20240424051544_a9d418c2-608d-46d7-b686-088b307db682): insert into source  values(1,7),(3,8)
2024-04-24T05:15:44,222  INFO [main] txn.TxnHandler: Added entries to MIN_HISTORY_LEVEL for current txns: ([18]) with min_open_txn: 18
2024-04-24T05:15:44,223  INFO [main] lockmgr.DbTxnManager: Opened txnid:18
2024-04-24T05:15:44,223  INFO [main] parse.CalcitePlanner: Starting caching scope for: 
2024-04-24T05:15:44,223  INFO [main] parse.CalcitePlanner: Starting Semantic Analysis
2024-04-24T05:15:44,226  INFO [main] HiveMetaStore.audit: ugi=alex	ip=unknown-ip-addr	cmd=get_table : tbl=hive.default.source	
2024-04-24T05:15:44,245  INFO [main] metastore.HMSHandler: Skipping translation for processor with null
2024-04-24T05:15:44,246  INFO [main] parse.CalcitePlanner: Completed phase 1 of Semantic Analysis
2024-04-24T05:15:44,246  INFO [main] parse.CalcitePlanner: Get metadata for source tables
2024-04-24T05:15:44,246  INFO [main] parse.CalcitePlanner: Get metadata for subqueries
2024-04-24T05:15:44,246  INFO [main] parse.CalcitePlanner: Get metadata for destination tables
2024-04-24T05:15:44,246  INFO [main] HiveMetaStore.audit: ugi=alex	ip=unknown-ip-addr	cmd=get_table : tbl=hive.default.source	
2024-04-24T05:15:44,254  INFO [main] metastore.HMSHandler: Skipping translation for processor with null
2024-04-24T05:15:44,254  INFO [main] parse.CalcitePlanner: Completed getting MetaData in Semantic Analysis
2024-04-24T05:15:44,254  INFO [main] parse.CalcitePlanner: Disabling LLAP IO encode as ETL query is detected
2024-04-24T05:15:44,274  INFO [main] HiveMetaStore.audit: ugi=alex	ip=unknown-ip-addr	cmd=get_all_table_constraints : tbl=hive._dummy_database._dummy_table	
2024-04-24T05:15:44,321  INFO [main] parse.CalcitePlanner: Get metadata for source tables
2024-04-24T05:15:44,321  INFO [main] parse.CalcitePlanner: Get metadata for subqueries
2024-04-24T05:15:44,321  INFO [main] parse.CalcitePlanner: Get metadata for source tables
2024-04-24T05:15:44,322  INFO [main] HiveMetaStore.audit: ugi=alex	ip=unknown-ip-addr	cmd=get_table : tbl=hive._dummy_database._dummy_table	
2024-04-24T05:15:44,324  INFO [main] parse.CalcitePlanner: Get metadata for subqueries
2024-04-24T05:15:44,324  INFO [main] parse.CalcitePlanner: Get metadata for destination tables
2024-04-24T05:15:44,324  INFO [main] parse.CalcitePlanner: Get metadata for destination tables
2024-04-24T05:15:44,324  INFO [main] HiveMetaStore.audit: ugi=alex	ip=unknown-ip-addr	cmd=get_table : tbl=hive.default.source	
2024-04-24T05:15:44,332  INFO [main] metastore.HMSHandler: Skipping translation for processor with null
2024-04-24T05:15:44,334  INFO [main] common.FileUtils: Creating directory if it doesn't exist: file:/home/alex/Repositories/hive/ql/target/tmp/org.apache.hadoop.hive.ql.TestTxnCommands-1713960750541/warehouse/source/.hive-staging_hive_2024-04-24_05-15-44_220_5343039274081659852-1
2024-04-24T05:15:44,336  INFO [main] HiveMetaStore.audit: ugi=alex	ip=unknown-ip-addr	cmd=get_not_null_constraints : tbl=hive.default.source	
2024-04-24T05:15:44,337  INFO [main] HiveMetaStore.audit: ugi=alex	ip=unknown-ip-addr	cmd=get_check_constraints : tbl=hive.default.source	
2024-04-24T05:15:44,338  INFO [main] parse.CalcitePlanner: CBO Succeeded; optimized logical plan.
2024-04-24T05:15:44,341  INFO [main] optimizer.BucketVersionPopulator: not considering bucketingVersion for: TS[0] because it has -1<2 buckets 
2024-04-24T05:15:44,341  INFO [main] optimizer.SortedDynPartitionOptimizer: Sorted dynamic partitioning optimization kicked in..
2024-04-24T05:15:44,348  INFO [main] HiveMetaStore.audit: ugi=alex	ip=unknown-ip-addr	cmd=get_table : tbl=hive.default.source	
2024-04-24T05:15:44,358  INFO [main] metastore.HMSHandler: Skipping translation for processor with null
2024-04-24T05:15:44,358  INFO [main] optimizer.GenMRFileSink1: using CombineHiveInputformat for the merge job
2024-04-24T05:15:44,359  INFO [main] HiveMetaStore.audit: ugi=alex	ip=unknown-ip-addr	cmd=get_table : tbl=hive.default.source	
2024-04-24T05:15:44,368  INFO [main] metastore.HMSHandler: Skipping translation for processor with null
2024-04-24T05:15:44,386  INFO [main] physical.Vectorizer: Examining input format to see if vectorization is enabled.
2024-04-24T05:15:44,386  INFO [main] physical.Vectorizer: Map vectorization enabled: false
2024-04-24T05:15:44,386  INFO [main] physical.Vectorizer: Map vectorized: false
2024-04-24T05:15:44,386  INFO [main] physical.Vectorizer: Map vectorizedVertexNum: 0
2024-04-24T05:15:44,386  INFO [main] physical.Vectorizer: Map enabledConditionsMet: [hive.vectorized.use.vectorized.input.format IS true]
2024-04-24T05:15:44,386  INFO [main] physical.Vectorizer: Map enabledConditionsNotMet: [Could not enable vectorization due to partition column names size 1 is greater than the number of table column names size 0 IS false]
2024-04-24T05:15:44,386  INFO [main] physical.Vectorizer: Map inputFileFormatClassNameSet: [org.apache.hadoop.hive.ql.io.NullRowsInputFormat]
2024-04-24T05:15:44,387  INFO [main] parse.CalcitePlanner: Completed plan generation
2024-04-24T05:15:44,387  INFO [main] parse.CalcitePlanner: Ending caching scope for: 
2024-04-24T05:15:44,387  INFO [main] ql.Driver: Semantic Analysis Completed (retrial = false)
2024-04-24T05:15:44,387  INFO [main] ql.Driver: Created Hive schema: Schema(fieldSchemas:[FieldSchema(name:col1, type:int, comment:null), FieldSchema(name:col2, type:int, comment:null)], properties:null)
2024-04-24T05:15:44,387  INFO [main] metadata.Hive: Dumping metastore api call timing information for : compilation phase
2024-04-24T05:15:44,387  INFO [main] metadata.Hive: Total time spent in each metastore function (ms): {getTable_(GetTableRequest)=55, isCompatibleWith_(Configuration)=2, getValidWriteIds_(List, String)=2, getValidTxns_(long)=0, getCheckConstraints_(CheckConstraintsRequest)=1, flushCache_()=0, getAllTableConstraints_(AllTableConstraintsRequest)=5, commitTxn_(CommitTxnRequest)=10, getNotNullConstraints_(NotNullConstraintsRequest)=1, openTxn_(String, TxnType)=2}
2024-04-24T05:15:44,387  INFO [main] ql.Driver: Completed compiling command(queryId=alex_20240424051544_a9d418c2-608d-46d7-b686-088b307db682); Time taken: 0.167 seconds
2024-04-24T05:15:44,387  INFO [main] lockmgr.DbTxnManager: Setting lock request transaction to txnid:18 for queryId=alex_20240424051544_a9d418c2-608d-46d7-b686-088b307db682
2024-04-24T05:15:44,387  INFO [main] lockmgr.DbLockManager: Requesting lock for queryId=alex_20240424051544_a9d418c2-608d-46d7-b686-088b307db682
2024-04-24T05:15:44,400  INFO [main] lockmgr.DbLockManager: Response to queryId=alex_20240424051544_a9d418c2-608d-46d7-b686-088b307db682 LockResponse(lockid:12, state:ACQUIRED)
2024-04-24T05:15:44,400  INFO [main] ql.Driver: Operation QUERY obtained 1 locks
2024-04-24T05:15:44,400  INFO [main] ql.Driver: Executing command(queryId=alex_20240424051544_a9d418c2-608d-46d7-b686-088b307db682): insert into source  values(1,7),(3,8)
2024-04-24T05:15:44,401  WARN [main] ql.Driver: Hive-on-MR is deprecated in Hive 2 and may not be available in the future versions. Consider using a different execution engine (i.e. spark, tez) or using Hive 1.X releases.
Query ID = alex_20240424051544_a9d418c2-608d-46d7-b686-088b307db682
2024-04-24T05:15:44,401  INFO [main] ql.Driver: Query ID = alex_20240424051544_a9d418c2-608d-46d7-b686-088b307db682
Total jobs = 3
2024-04-24T05:15:44,401  INFO [main] ql.Driver: Total jobs = 3
Launching Job 1 out of 3
2024-04-24T05:15:44,401  INFO [main] ql.Driver: Launching Job 1 out of 3
2024-04-24T05:15:44,540  INFO [main] ql.Driver: Starting task [Stage-1:MAPRED] in serial mode
Number of reduce tasks is set to 0 since there's no reduce operator
2024-04-24T05:15:44,540  INFO [main] exec.Task: Number of reduce tasks is set to 0 since there's no reduce operator
2024-04-24T05:15:44,543  INFO [main] mr.ExecDriver: Using org.apache.hadoop.hive.ql.io.HiveInputFormat
2024-04-24T05:15:44,543  INFO [main] exec.Utilities: Processing alias $hdt$_0:_dummy_table
2024-04-24T05:15:44,543  INFO [main] exec.Utilities: Adding 1 inputs; the first input is file:/home/alex/Repositories/hive/ql/target/tmp/localscratchdir/36d1e6a9-53cc-4a7f-b483-f485bf88721c/hive_2024-04-24_05-15-44_220_5343039274081659852-1/dummy_path
2024-04-24T05:15:44,551  INFO [main] exec.SerializationUtilities: Serializing MapWork using kryo
2024-04-24T05:15:44,552  INFO [main] exec.Utilities: Serialized plan (via FILE) - name: null size: 5,99KB
2024-04-24T05:15:44,553  WARN [main] impl.MetricsSystemImpl: JobTracker metrics system already initialized!
2024-04-24T05:15:44,556  INFO [main] fs.FSStatsPublisher: created : file:/home/alex/Repositories/hive/ql/target/tmp/localscratchdir/36d1e6a9-53cc-4a7f-b483-f485bf88721c/hive_2024-04-24_05-15-44_220_5343039274081659852-1/-mr-10001
2024-04-24T05:15:44,560  WARN [main] impl.MetricsSystemImpl: JobTracker metrics system already initialized!
2024-04-24T05:15:44,567  WARN [main] mapreduce.JobResourceUploader: Hadoop command-line option parsing not performed. Implement the Tool interface and execute your application with ToolRunner to remedy this.
2024-04-24T05:15:44,571  WARN [main] mapreduce.JobResourceUploader: No job jar file set.  User classes may not be found. See Job or Job#setJar(String).
2024-04-24T05:15:44,572  INFO [main] io.HiveInputFormat: hive.io.file.readcolumn.ids = 
2024-04-24T05:15:44,572  INFO [main] io.HiveInputFormat: hive.io.file.readcolumn.names = 
2024-04-24T05:15:44,572  INFO [main] io.HiveInputFormat: Generating splits for dirs: file:/home/alex/Repositories/hive/ql/target/tmp/localscratchdir/36d1e6a9-53cc-4a7f-b483-f485bf88721c/hive_2024-04-24_05-15-44_220_5343039274081659852-1/dummy_path
2024-04-24T05:15:44,572  INFO [main] io.HiveInputFormat: number of splits 1
2024-04-24T05:15:44,589  INFO [main] mapreduce.JobSubmitter: number of splits:1
2024-04-24T05:15:44,606  INFO [main] mapreduce.JobSubmitter: Submitting tokens for job: job_local536703464_0076
2024-04-24T05:15:44,606  INFO [main] mapreduce.JobSubmitter: Executing with tokens: []
2024-04-24T05:15:44,665  INFO [main] mapreduce.Job: The url to track the job: http://localhost:8080/
Job running in-process (local Hadoop)
2024-04-24T05:15:44,666  INFO [main] exec.Task: Job running in-process (local Hadoop)
2024-04-24T05:15:44,666  INFO [Thread-6273] mapred.LocalJobRunner: OutputCommitter set in config org.apache.hadoop.hive.ql.io.HiveFileFormatUtils$NullOutputCommitter
2024-04-24T05:15:44,666  INFO [Thread-6273] mapred.LocalJobRunner: OutputCommitter is org.apache.hadoop.hive.ql.io.HiveFileFormatUtils$NullOutputCommitter
2024-04-24T05:15:44,667  INFO [Thread-6273] mapred.LocalJobRunner: Waiting for map tasks
2024-04-24T05:15:44,667  INFO [LocalJobRunner Map Task Executor #0] mapred.LocalJobRunner: Starting task: attempt_local536703464_0076_m_000000_0
2024-04-24T05:15:44,668  INFO [LocalJobRunner Map Task Executor #0] mapred.Task:  Using ResourceCalculatorProcessTree : [ ]
2024-04-24T05:15:44,668  INFO [LocalJobRunner Map Task Executor #0] mapred.MapTask: Processing split: org.apache.hadoop.hive.ql.io.NullRowsInputFormat:file:/home/alex/Repositories/hive/ql/target/tmp/localscratchdir/36d1e6a9-53cc-4a7f-b483-f485bf88721c/hive_2024-04-24_05-15-44_220_5343039274081659852-1/dummy_path/null:0+1
2024-04-24T05:15:44,669  INFO [LocalJobRunner Map Task Executor #0] exec.SerializationUtilities: Deserializing MapWork using kryo
2024-04-24T05:15:44,669  INFO [LocalJobRunner Map Task Executor #0] exec.Utilities: Deserialized plan (via FILE) - name: null size: 5,99KB
2024-04-24T05:15:44,669  INFO [LocalJobRunner Map Task Executor #0] mapred.MapTask: numReduceTasks: 0
2024-04-24T05:15:44,669  INFO [LocalJobRunner Map Task Executor #0] exec.MapOperator: Initializing Operator: MAP[0]
2024-04-24T05:15:44,670  INFO [LocalJobRunner Map Task Executor #0] mr.ExecMapper: 
<MAP>Id =0
  <Children>null
  <\Children>
  <Parent><\Parent>
<\MAP>
2024-04-24T05:15:44,670  INFO [LocalJobRunner Map Task Executor #0] exec.TableScanOperator: Initializing Operator: TS[0]
2024-04-24T05:15:44,670  INFO [LocalJobRunner Map Task Executor #0] exec.SelectOperator: Initializing Operator: SEL[1]
2024-04-24T05:15:44,670  INFO [LocalJobRunner Map Task Executor #0] exec.SelectOperator: SELECT null
2024-04-24T05:15:44,671  INFO [LocalJobRunner Map Task Executor #0] exec.UDTFOperator: Initializing Operator: UDTF[2]
2024-04-24T05:15:44,671  INFO [LocalJobRunner Map Task Executor #0] exec.SelectOperator: Initializing Operator: SEL[3]
2024-04-24T05:15:44,671  INFO [LocalJobRunner Map Task Executor #0] exec.SelectOperator: SELECT struct<col1:int,col2:int>
2024-04-24T05:15:44,671  INFO [LocalJobRunner Map Task Executor #0] exec.FileSinkOperator: Initializing Operator: FS[4]
2024-04-24T05:15:44,671  INFO [LocalJobRunner Map Task Executor #0] exec.FileSinkOperator: Using serializer : class org.apache.hadoop.hive.serde2.lazy.LazySimpleSerDe [serdeParams=org.apache.hadoop.hive.serde2.lazy.LazySerDeParameters@55034876, cachedObjectInspector=org.apache.hadoop.hive.serde2.lazy.objectinspector.LazySimpleStructObjectInspector<org.apache.hadoop.hive.serde2.lazy.objectinspector.primitive.LazyIntObjectInspector@20e4e27f,org.apache.hadoop.hive.serde2.lazy.objectinspector.primitive.LazyIntObjectInspector@20e4e27f>, serializedSize=0, stats=org.apache.hadoop.hive.serde2.SerDeStats@b5132cb, lastOperationSerialize=false, lastOperationDeserialize=false [1, 2, 3, 4, 5, 6, 7, 8] : [key, data] : [int, int]] and formatter : org.apache.hadoop.hive.ql.io.HiveIgnoreKeyTextOutputFormat@402917f
2024-04-24T05:15:44,671  INFO [LocalJobRunner Map Task Executor #0] exec.FileSinkOperator: Final Path: FS file:/home/alex/Repositories/hive/ql/target/tmp/org.apache.hadoop.hive.ql.TestTxnCommands-1713960750541/warehouse/source/.hive-staging_hive_2024-04-24_05-15-44_220_5343039274081659852-1/_tmp.-ext-10002/000000_0
2024-04-24T05:15:44,671  INFO [LocalJobRunner Map Task Executor #0] exec.FileSinkOperator: Writing to temp file: FS file:/home/alex/Repositories/hive/ql/target/tmp/org.apache.hadoop.hive.ql.TestTxnCommands-1713960750541/warehouse/source/.hive-staging_hive_2024-04-24_05-15-44_220_5343039274081659852-1/_task_tmp.-ext-10002/_tmp.000000_0
2024-04-24T05:15:44,671  INFO [LocalJobRunner Map Task Executor #0] exec.FileSinkOperator: New Final Path: FS file:/home/alex/Repositories/hive/ql/target/tmp/org.apache.hadoop.hive.ql.TestTxnCommands-1713960750541/warehouse/source/.hive-staging_hive_2024-04-24_05-15-44_220_5343039274081659852-1/_tmp.-ext-10002/000000_0
2024-04-24T05:15:44,678  INFO [LocalJobRunner Map Task Executor #0] exec.FileSinkOperator: FS[4]: records written - 1
2024-04-24T05:15:44,678  INFO [LocalJobRunner Map Task Executor #0] exec.MapOperator: MAP[0]: records read - 1
2024-04-24T05:15:44,678  INFO [LocalJobRunner Map Task Executor #0] exec.MapOperator: Closing Operator: MAP[0]
2024-04-24T05:15:44,678  INFO [LocalJobRunner Map Task Executor #0] exec.MapOperator: MAP[0]: Total records read - 3. abort - false
2024-04-24T05:15:44,678  INFO [LocalJobRunner Map Task Executor #0] exec.MapOperator: DESERIALIZE_ERRORS:0, RECORDS_OUT_INTERMEDIATE:0, RECORDS_IN:3, RECORDS_OUT_OPERATOR_MAP_0:0, 
2024-04-24T05:15:44,678  INFO [LocalJobRunner Map Task Executor #0] exec.TableScanOperator: Closing Operator: TS[0]
2024-04-24T05:15:44,679  INFO [LocalJobRunner Map Task Executor #0] exec.TableScanOperator: RECORDS_OUT_OPERATOR_TS_0:1, RECORDS_OUT_INTERMEDIATE:0, 
2024-04-24T05:15:44,679  INFO [LocalJobRunner Map Task Executor #0] exec.SelectOperator: Closing Operator: SEL[1]
2024-04-24T05:15:44,679  INFO [LocalJobRunner Map Task Executor #0] exec.SelectOperator: RECORDS_OUT_OPERATOR_SEL_1:1, RECORDS_OUT_INTERMEDIATE:0, 
2024-04-24T05:15:44,679  INFO [LocalJobRunner Map Task Executor #0] exec.UDTFOperator: Closing Operator: UDTF[2]
2024-04-24T05:15:44,679  INFO [LocalJobRunner Map Task Executor #0] exec.UDTFOperator: RECORDS_OUT_OPERATOR_UDTF_2:2, RECORDS_OUT_INTERMEDIATE:0, 
2024-04-24T05:15:44,679  INFO [LocalJobRunner Map Task Executor #0] exec.SelectOperator: Closing Operator: SEL[3]
2024-04-24T05:15:44,679  INFO [LocalJobRunner Map Task Executor #0] exec.SelectOperator: RECORDS_OUT_INTERMEDIATE:0, RECORDS_OUT_OPERATOR_SEL_3:2, 
2024-04-24T05:15:44,679  INFO [LocalJobRunner Map Task Executor #0] exec.FileSinkOperator: Closing Operator: FS[4]
2024-04-24T05:15:44,679  INFO [LocalJobRunner Map Task Executor #0] exec.FileSinkOperator: FS[4]: records written - 2
2024-04-24T05:15:44,684  INFO [LocalJobRunner Map Task Executor #0] exec.FileSinkOperator: RECORDS_OUT_INTERMEDIATE:0, RECORDS_OUT_OPERATOR_FS_4:2, RECORDS_OUT_1_default.source:2, TOTAL_TABLE_ROWS_WRITTEN:2, 
2024-04-24T05:15:44,684  INFO [LocalJobRunner Map Task Executor #0] mapred.LocalJobRunner: 
2024-04-24T05:15:44,684  INFO [LocalJobRunner Map Task Executor #0] mapred.Task: Task:attempt_local536703464_0076_m_000000_0 is done. And is in the process of committing
2024-04-24T05:15:44,685  INFO [LocalJobRunner Map Task Executor #0] mapred.LocalJobRunner: map
2024-04-24T05:15:44,685  INFO [LocalJobRunner Map Task Executor #0] mapred.Task: Task 'attempt_local536703464_0076_m_000000_0' done.
2024-04-24T05:15:44,685  INFO [LocalJobRunner Map Task Executor #0] mapred.Task: Final Counters for attempt_local536703464_0076_m_000000_0: Counters: 32
	File System Counters
		FILE: Number of bytes read=1678162
		FILE: Number of bytes written=95295957
		FILE: Number of read operations=0
		FILE: Number of large read operations=0
		FILE: Number of write operations=0
		HDFS: Number of bytes read=0
		HDFS: Number of bytes written=0
		HDFS: Number of read operations=0
		HDFS: Number of large read operations=0
		HDFS: Number of write operations=0
	Map-Reduce Framework
		Map input records=4
		Map output records=0
		Input split bytes=361
		Spilled Records=0
		Failed Shuffles=0
		Merged Map outputs=0
		GC time elapsed (ms)=0
		Total committed heap usage (bytes)=1510473728
	HIVE
		CREATED_FILES=1
		DESERIALIZE_ERRORS=0
		RECORDS_IN=3
		RECORDS_OUT_1_default.source=2
		RECORDS_OUT_INTERMEDIATE=0
		RECORDS_OUT_OPERATOR_FS_4=2
		RECORDS_OUT_OPERATOR_MAP_0=0
		RECORDS_OUT_OPERATOR_SEL_1=1
		RECORDS_OUT_OPERATOR_SEL_3=2
		RECORDS_OUT_OPERATOR_TS_0=1
		RECORDS_OUT_OPERATOR_UDTF_2=2
		TOTAL_TABLE_ROWS_WRITTEN=2
	File Input Format Counters 
		Bytes Read=6054
	File Output Format Counters 
		Bytes Written=0
2024-04-24T05:15:44,685  INFO [LocalJobRunner Map Task Executor #0] mapred.LocalJobRunner: Finishing task: attempt_local536703464_0076_m_000000_0
2024-04-24T05:15:44,685  INFO [Thread-6273] mapred.LocalJobRunner: map task executor complete.
2024-04-24 05:15:45,667 Stage-1 map = 100%,  reduce = 0%
2024-04-24T05:15:45,668  INFO [main] exec.Task: 2024-04-24 05:15:45,667 Stage-1 map = 100%,  reduce = 0%
Ended Job = job_local536703464_0076
2024-04-24T05:15:45,669  INFO [main] exec.Task: Ended Job = job_local536703464_0076
2024-04-24T05:15:45,673  INFO [main] ql.Driver: Starting task [Stage-7:CONDITIONAL] in serial mode
Stage-4 is selected by condition resolver.
2024-04-24T05:15:45,673  INFO [main] exec.Task: Stage-4 is selected by condition resolver.
Stage-3 is filtered out by condition resolver.
2024-04-24T05:15:45,673  INFO [main] exec.Task: Stage-3 is filtered out by condition resolver.
Stage-5 is filtered out by condition resolver.
2024-04-24T05:15:45,673  INFO [main] exec.Task: Stage-5 is filtered out by condition resolver.
2024-04-24T05:15:45,673  INFO [main] ql.Driver: Starting task [Stage-4:MOVE] in serial mode
Moving data to directory file:/home/alex/Repositories/hive/ql/target/tmp/org.apache.hadoop.hive.ql.TestTxnCommands-1713960750541/warehouse/source/.hive-staging_hive_2024-04-24_05-15-44_220_5343039274081659852-1/-ext-10000
2024-04-24T05:15:45,674  INFO [main] exec.Task: Moving data to directory file:/home/alex/Repositories/hive/ql/target/tmp/org.apache.hadoop.hive.ql.TestTxnCommands-1713960750541/warehouse/source/.hive-staging_hive_2024-04-24_05-15-44_220_5343039274081659852-1/-ext-10000 from file:/home/alex/Repositories/hive/ql/target/tmp/org.apache.hadoop.hive.ql.TestTxnCommands-1713960750541/warehouse/source/.hive-staging_hive_2024-04-24_05-15-44_220_5343039274081659852-1/-ext-10002
2024-04-24T05:15:45,674  INFO [main] ql.Driver: Starting task [Stage-0:MOVE] in serial mode
Loading data to table default.source
2024-04-24T05:15:45,674  INFO [main] exec.Task: Loading data to table default.source from file:/home/alex/Repositories/hive/ql/target/tmp/org.apache.hadoop.hive.ql.TestTxnCommands-1713960750541/warehouse/source/.hive-staging_hive_2024-04-24_05-15-44_220_5343039274081659852-1/-ext-10000
2024-04-24T05:15:45,675  INFO [main] HiveMetaStore.audit: ugi=alex	ip=unknown-ip-addr	cmd=get_table : tbl=hive.default.source	
2024-04-24T05:15:45,685  INFO [main] metastore.HMSHandler: Skipping translation for processor with null
2024-04-24T05:15:45,685  INFO [main] HiveMetaStore.audit: ugi=alex	ip=unknown-ip-addr	cmd=get_table : tbl=hive.default.source	
2024-04-24T05:15:45,693  INFO [main] metastore.HMSHandler: Skipping translation for processor with null
2024-04-24T05:15:45,695  WARN [main] metadata.Hive: Cannot get a table snapshot for source
2024-04-24T05:15:45,695  INFO [main] HiveMetaStore.audit: ugi=alex	ip=unknown-ip-addr	cmd=alter_table: hive.default.source newtbl=source	
2024-04-24T05:15:45,715  INFO [main] ql.Driver: Starting task [Stage-2:STATS] in serial mode
2024-04-24T05:15:45,715  INFO [main] HiveMetaStore.audit: ugi=alex	ip=unknown-ip-addr	cmd=get_table : tbl=hive.default.source	
2024-04-24T05:15:45,723  INFO [main] metastore.HMSHandler: Skipping translation for processor with null
2024-04-24T05:15:45,723  INFO [main] stats.BasicStatsTask: Executing stats task
2024-04-24T05:15:45,723  INFO [main] fs.FSStatsPublisher: created : file:/home/alex/Repositories/hive/ql/target/tmp/localscratchdir/36d1e6a9-53cc-4a7f-b483-f485bf88721c/hive_2024-04-24_05-15-44_220_5343039274081659852-1/-mr-10001
2024-04-24T05:15:45,724  INFO [main] HiveMetaStore.audit: ugi=alex	ip=unknown-ip-addr	cmd=get_table : tbl=hive.default.source	
2024-04-24T05:15:45,732  INFO [main] metastore.HMSHandler: Skipping translation for processor with null
2024-04-24T05:15:45,732  INFO [main] FileOperations: Read stats for default.source/, numRows, true, 2, false: 
2024-04-24T05:15:45,732  INFO [main] FileOperations: Read stats for default.source/, rawDataSize, true, 6, false: 
2024-04-24T05:15:45,733  WARN [main] metadata.Hive: Cannot get a table snapshot for source
2024-04-24T05:15:45,733  INFO [main] HiveMetaStore.audit: ugi=alex	ip=unknown-ip-addr	cmd=alter_table: hive.default.source newtbl=source	
2024-04-24T05:15:45,755  INFO [main] stats.BasicStatsTask: Table default.source stats: [numFiles=1, numRows=2, totalSize=8, rawDataSize=6, numFilesErasureCoded=0]
2024-04-24T05:15:45,755  INFO [main] metadata.Hive: Dumping metastore api call timing information for : execution phase
2024-04-24T05:15:45,755  INFO [main] metadata.Hive: Total time spent in each metastore function (ms): {alter_table_(String, String, String, Table, EnvironmentContext, String)=42, getTable_(GetTableRequest)=35, isCompatibleWith_(Configuration)=0}
MapReduce Jobs Launched: 
2024-04-24T05:15:45,755  INFO [main] ql.Driver: MapReduce Jobs Launched: 
Stage-Stage-1:  HDFS Read: 0 HDFS Write: 0 SUCCESS
2024-04-24T05:15:45,755  INFO [main] ql.Driver: Stage-Stage-1:  HDFS Read: 0 HDFS Write: 0 SUCCESS
Total MapReduce CPU Time Spent: 0 msec
2024-04-24T05:15:45,755  INFO [main] ql.Driver: Total MapReduce CPU Time Spent: 0 msec
2024-04-24T05:15:45,755  INFO [main] ql.Driver: Completed executing command(queryId=alex_20240424051544_a9d418c2-608d-46d7-b686-088b307db682); Time taken: 1.355 seconds
2024-04-24T05:15:45,755  INFO [main] lockmgr.DbTxnManager: Stopped heartbeat for query: alex_20240424051544_a9d418c2-608d-46d7-b686-088b307db682
2024-04-24T05:15:45,759  INFO [main] txn.TxnHandler: Expected to move at least one record from txn_components to completed_txn_components when committing txn! txnid:18
2024-04-24T05:15:45,764  INFO [main] txn.TxnHandler: Removed transactions: ([18]) from MIN_HISTORY_LEVEL
2024-04-24T05:15:45,766  WARN [main] txn.CompactionTxnHandler: No compaction queue record found for Compaction type transaction commit. txnId:18
2024-04-24T05:15:45,766  INFO [main] ql.TxnCommandsBaseForTests: Running the query: merge into target t using (select source.*, 0 c from source union all select source.*, 1 c from source inner join target on source.key=target.key where target.cur=1) s on t.key=s.key and t.cur=s.c and t.cur=1 when matched then update set cur=0 when not matched then insert values(s.key,s.data,1)
2024-04-24T05:15:45,767  INFO [main] ql.Context: Deleting scratch dir: file:/home/alex/Repositories/hive/ql/target/tmp/org.apache.hadoop.hive.ql.TestTxnCommands-1713960750541/warehouse/source/.hive-staging_hive_2024-04-24_05-15-44_220_5343039274081659852-1
2024-04-24T05:15:45,767  INFO [main] cleanup.SyncCleanupService: Deleted directory: file:/home/alex/Repositories/hive/ql/target/tmp/org.apache.hadoop.hive.ql.TestTxnCommands-1713960750541/warehouse/source/.hive-staging_hive_2024-04-24_05-15-44_220_5343039274081659852-1 on fs with scheme file
2024-04-24T05:15:45,767  INFO [main] ql.Context: Deleting scratch dir: file:/home/alex/Repositories/hive/ql/target/tmp/localscratchdir/36d1e6a9-53cc-4a7f-b483-f485bf88721c/hive_2024-04-24_05-15-44_220_5343039274081659852-1
2024-04-24T05:15:45,767  INFO [main] cleanup.SyncCleanupService: Deleted directory: file:/home/alex/Repositories/hive/ql/target/tmp/localscratchdir/36d1e6a9-53cc-4a7f-b483-f485bf88721c/hive_2024-04-24_05-15-44_220_5343039274081659852-1 on fs with scheme file
2024-04-24T05:15:45,767  INFO [main] ql.Driver: Compiling command(queryId=alex_20240424051545_bf9383fd-76e4-477b-98db-5de23d194bc0): merge into target t using (select source.*, 0 c from source union all select source.*, 1 c from source inner join target on source.key=target.key where target.cur=1) s on t.key=s.key and t.cur=s.c and t.cur=1 when matched then update set cur=0 when not matched then insert values(s.key,s.data,1)
2024-04-24T05:15:45,771  INFO [main] txn.TxnHandler: Added entries to MIN_HISTORY_LEVEL for current txns: ([19]) with min_open_txn: 19
2024-04-24T05:15:45,771  INFO [main] lockmgr.DbTxnManager: Opened txnid:19
2024-04-24T05:15:45,772  INFO [main] parse.MergeSemanticAnalyzer: Starting caching scope for: 
2024-04-24T05:15:45,772  INFO [main] HiveMetaStore.audit: ugi=alex	ip=unknown-ip-addr	cmd=get_table : tbl=hive.default.target	
2024-04-24T05:15:45,778  INFO [main] metastore.HMSHandler: Skipping translation for processor with null
2024-04-24T05:15:45,779  INFO [main] HiveMetaStore.audit: ugi=alex	ip=unknown-ip-addr	cmd=get_table : tbl=hive.default.merge_tmp_table	
2024-04-24T05:15:45,781  INFO [main] utils.FileUtils: Creating directory if it doesn't exist: file:/home/alex/Repositories/hive/ql/target/tmp/scratchdir/alex/36d1e6a9-53cc-4a7f-b483-f485bf88721c/_tmp_space.db/merge_tmp_table
2024-04-24T05:15:45,784  INFO [main] parse.RewriteSemanticAnalyzer: Going to reparse <merge into target t using (select source.*, 0 c from source union all select source.*, 1 c from source inner join target on source.key=target.key where target.cur=1) s on t.key=s.key and t.cur=s.c and t.cur=1 when matched then update set cur=0 when not matched then insert values(s.key,s.data,1)> as 
<FROM
  `default`.`target` `t`
  RIGHT OUTER JOIN
  (select `source`.*, 0 `c` from `source` union all select `source`.*, 1 `c` from `source` inner join `target` on `source`.`key`=`target`.`key` where `target`.`cur`=1) `s`
  ON `t`.`key`=`s`.`key` and `t`.`cur`=`s`.`c` and `t`.`cur`=1
INSERT INTO `default`.`target`    -- update clause(insert part)
 SELECT `t`.`key`, `t`.`data`, 0
   WHERE `t`.`key`=`s`.`key` and `t`.`cur`=`s`.`c` and `t`.`cur`=1
INSERT INTO `default`.`target`    -- update clause (delete part)
 SELECT `t`.ROW__ID 
   WHERE `t`.`key`=`s`.`key` and `t`.`cur`=`s`.`c` and `t`.`cur`=1
 SORT BY `t`.ROW__ID 
INSERT INTO `default`.`target`    -- insert clause
  SELECT `s`.`key`,`s`.`data`,1
   WHERE `t`.`key` IS NULL AND `t`.`cur` IS NULL AND `t`.`cur` IS NULL
INSERT INTO merge_tmp_table
  SELECT cardinality_violation(`t`.ROW__ID)
 WHERE `t`.`key`=`s`.`key` and `t`.`cur`=`s`.`c` and `t`.`cur`=1 GROUP BY `t`.ROW__ID HAVING count(*) > 1>
2024-04-24T05:15:45,785  INFO [main] parse.MergeSemanticAnalyzer: Starting Semantic Analysis
2024-04-24T05:15:45,788  INFO [main] parse.MergeSemanticAnalyzer: Completed phase 1 of Semantic Analysis
2024-04-24T05:15:45,788  INFO [main] parse.MergeSemanticAnalyzer: Get metadata for source tables
2024-04-24T05:15:45,789  INFO [main] HiveMetaStore.audit: ugi=alex	ip=unknown-ip-addr	cmd=get_table : tbl=hive.default.target	
2024-04-24T05:15:45,795  INFO [main] metastore.HMSHandler: Skipping translation for processor with null
2024-04-24T05:15:45,795  INFO [main] parse.MergeSemanticAnalyzer: Get metadata for subqueries
2024-04-24T05:15:45,795  INFO [main] parse.MergeSemanticAnalyzer: Get metadata for source tables
2024-04-24T05:15:45,795  INFO [main] parse.MergeSemanticAnalyzer: Get metadata for subqueries
2024-04-24T05:15:45,795  INFO [main] parse.MergeSemanticAnalyzer: Get metadata for source tables
2024-04-24T05:15:45,796  INFO [main] HiveMetaStore.audit: ugi=alex	ip=unknown-ip-addr	cmd=get_table : tbl=hive.default.source	
2024-04-24T05:15:45,804  INFO [main] metastore.HMSHandler: Skipping translation for processor with null
2024-04-24T05:15:45,804  INFO [main] parse.MergeSemanticAnalyzer: Get metadata for subqueries
2024-04-24T05:15:45,804  INFO [main] parse.MergeSemanticAnalyzer: Get metadata for destination tables
2024-04-24T05:15:45,804  INFO [main] parse.MergeSemanticAnalyzer: Get metadata for source tables
2024-04-24T05:15:45,804  INFO [main] parse.MergeSemanticAnalyzer: Get metadata for subqueries
2024-04-24T05:15:45,805  INFO [main] parse.MergeSemanticAnalyzer: Get metadata for destination tables
2024-04-24T05:15:45,805  INFO [main] parse.MergeSemanticAnalyzer: Get metadata for destination tables
2024-04-24T05:15:45,805  INFO [main] parse.MergeSemanticAnalyzer: Get metadata for destination tables
2024-04-24T05:15:45,805  INFO [main] HiveMetaStore.audit: ugi=alex	ip=unknown-ip-addr	cmd=get_table : tbl=hive.default.target	
2024-04-24T05:15:45,811  INFO [main] metastore.HMSHandler: Skipping translation for processor with null
2024-04-24T05:15:45,811  INFO [main] HiveMetaStore.audit: ugi=alex	ip=unknown-ip-addr	cmd=get_table : tbl=hive.default.target	
2024-04-24T05:15:45,818  INFO [main] metastore.HMSHandler: Skipping translation for processor with null
2024-04-24T05:15:45,818  INFO [main] HiveMetaStore.audit: ugi=alex	ip=unknown-ip-addr	cmd=get_table : tbl=hive.default.target	
2024-04-24T05:15:45,824  INFO [main] metastore.HMSHandler: Skipping translation for processor with null
2024-04-24T05:15:45,824  INFO [main] parse.MergeSemanticAnalyzer: Completed getting MetaData in Semantic Analysis
2024-04-24T05:15:45,824  INFO [main] parse.MergeSemanticAnalyzer: Disabling LLAP IO encode as ETL query is detected
2024-04-24T05:15:45,825  INFO [main] parse.MergeSemanticAnalyzer: Get metadata for source tables
2024-04-24T05:15:45,825  INFO [main] parse.MergeSemanticAnalyzer: Get metadata for subqueries
2024-04-24T05:15:45,825  INFO [main] parse.MergeSemanticAnalyzer: Get metadata for source tables
2024-04-24T05:15:45,825  INFO [main] parse.MergeSemanticAnalyzer: Get metadata for subqueries
2024-04-24T05:15:45,825  INFO [main] parse.MergeSemanticAnalyzer: Get metadata for source tables
2024-04-24T05:15:45,825  INFO [main] parse.MergeSemanticAnalyzer: Get metadata for subqueries
2024-04-24T05:15:45,825  INFO [main] parse.MergeSemanticAnalyzer: Get metadata for destination tables
2024-04-24T05:15:45,825  INFO [main] parse.MergeSemanticAnalyzer: Get metadata for source tables
2024-04-24T05:15:45,826  INFO [main] parse.MergeSemanticAnalyzer: Get metadata for subqueries
2024-04-24T05:15:45,826  INFO [main] parse.MergeSemanticAnalyzer: Get metadata for destination tables
2024-04-24T05:15:45,826  INFO [main] parse.MergeSemanticAnalyzer: Get metadata for destination tables
2024-04-24T05:15:45,826  INFO [main] parse.MergeSemanticAnalyzer: Get metadata for destination tables
2024-04-24T05:15:45,838  INFO [main] HiveMetaStore.audit: ugi=alex	ip=unknown-ip-addr	cmd=get_all_table_constraints : tbl=hive.default.source	
2024-04-24T05:15:45,845  INFO [main] HiveMetaStore.audit: ugi=alex	ip=unknown-ip-addr	cmd=get_all_table_constraints : tbl=hive.default.source	
2024-04-24T05:15:45,850  INFO [main] HiveMetaStore.audit: ugi=alex	ip=unknown-ip-addr	cmd=get_all_table_constraints : tbl=hive.default.target	
2024-04-24T05:15:45,859  INFO [main] HiveMetaStore.audit: ugi=alex	ip=unknown-ip-addr	cmd=get_all_table_constraints : tbl=hive.default.target	
2024-04-24T05:15:45,967  INFO [main] calcite.RelOptHiveTable: Calculating column statistics for default.target, projIndxSet: [0, 1, 2], allowMissingStats: true
2024-04-24T05:15:45,968  INFO [main] HiveMetaStore.audit: ugi=alex	ip=unknown-ip-addr	cmd=get_table : tbl=hive.default.target	
2024-04-24T05:15:45,976  INFO [main] metastore.HMSHandler: Skipping translation for processor with null
2024-04-24T05:15:45,977  INFO [main] HiveMetaStore.audit: ugi=alex	ip=unknown-ip-addr	cmd=get_table : tbl=hive.default.target	
2024-04-24T05:15:45,985  INFO [main] metastore.HMSHandler: Skipping translation for processor with null
2024-04-24T05:15:45,985  INFO [main] HiveMetaStore.audit: ugi=alex	ip=unknown-ip-addr	cmd=get_table_statistics_req: table=hive.default.target	
2024-04-24T05:15:45,995  WARN [main] calcite.RelOptHiveTable: No Stats for default@target, Columns: key, data, cur
No Stats for default@target, Columns: key, data, cur
2024-04-24T05:15:45,995  INFO [main] SessionState: No Stats for default@target, Columns: key, data, cur
2024-04-24T05:15:45,997  INFO [main] calcite.RelOptHiveTable: Calculating column statistics for default.source, projIndxSet: [0, 1], allowMissingStats: true
2024-04-24T05:15:45,997  INFO [main] HiveMetaStore.audit: ugi=alex	ip=unknown-ip-addr	cmd=get_table : tbl=hive.default.source	
2024-04-24T05:15:46,008  INFO [main] metastore.HMSHandler: Skipping translation for processor with null
2024-04-24T05:15:46,008  INFO [main] HiveMetaStore.audit: ugi=alex	ip=unknown-ip-addr	cmd=get_table : tbl=hive.default.source	
2024-04-24T05:15:46,021  INFO [main] metastore.HMSHandler: Skipping translation for processor with null
2024-04-24T05:15:46,022  INFO [main] HiveMetaStore.audit: ugi=alex	ip=unknown-ip-addr	cmd=get_table_statistics_req: table=hive.default.source	
2024-04-24T05:15:46,034  WARN [main] calcite.RelOptHiveTable: No Stats for default@source, Columns: key, data
No Stats for default@source, Columns: key, data
2024-04-24T05:15:46,034  INFO [main] SessionState: No Stats for default@source, Columns: key, data
2024-04-24T05:15:46,035  INFO [main] calcite.RelOptHiveTable: Calculating column statistics for default.source, projIndxSet: [0, 1], allowMissingStats: true
2024-04-24T05:15:46,036  WARN [main] calcite.RelOptHiveTable: No Stats for default@source, Columns: data, key
No Stats for default@source, Columns: data, key
2024-04-24T05:15:46,036  INFO [main] SessionState: No Stats for default@source, Columns: data, key
2024-04-24T05:15:46,036  INFO [main] calcite.RelOptHiveTable: Calculating column statistics for default.target, projIndxSet: [0, 2], allowMissingStats: true
2024-04-24T05:15:46,037  WARN [main] calcite.RelOptHiveTable: No Stats for default@target, Columns: cur, key
No Stats for default@target, Columns: cur, key
2024-04-24T05:15:46,037  INFO [main] SessionState: No Stats for default@target, Columns: cur, key
2024-04-24T05:15:46,276  INFO [main] parse.MergeSemanticAnalyzer: Get metadata for source tables
2024-04-24T05:15:46,276  INFO [main] parse.MergeSemanticAnalyzer: Get metadata for subqueries
2024-04-24T05:15:46,276  INFO [main] parse.MergeSemanticAnalyzer: Get metadata for source tables
2024-04-24T05:15:46,276  INFO [main] parse.MergeSemanticAnalyzer: Get metadata for subqueries
2024-04-24T05:15:46,276  INFO [main] parse.MergeSemanticAnalyzer: Get metadata for source tables
2024-04-24T05:15:46,276  INFO [main] parse.MergeSemanticAnalyzer: Get metadata for subqueries
2024-04-24T05:15:46,276  INFO [main] parse.MergeSemanticAnalyzer: Get metadata for source tables
2024-04-24T05:15:46,276  INFO [main] parse.MergeSemanticAnalyzer: Get metadata for subqueries
2024-04-24T05:15:46,276  INFO [main] parse.MergeSemanticAnalyzer: Get metadata for destination tables
2024-04-24T05:15:46,276  INFO [main] parse.MergeSemanticAnalyzer: Get metadata for source tables
2024-04-24T05:15:46,276  INFO [main] parse.MergeSemanticAnalyzer: Get metadata for subqueries
2024-04-24T05:15:46,276  INFO [main] parse.MergeSemanticAnalyzer: Get metadata for source tables
2024-04-24T05:15:46,276  INFO [main] parse.MergeSemanticAnalyzer: Get metadata for subqueries
2024-04-24T05:15:46,276  INFO [main] parse.MergeSemanticAnalyzer: Get metadata for destination tables
2024-04-24T05:15:46,276  INFO [main] parse.MergeSemanticAnalyzer: Get metadata for source tables
2024-04-24T05:15:46,276  INFO [main] parse.MergeSemanticAnalyzer: Get metadata for subqueries
2024-04-24T05:15:46,276  INFO [main] parse.MergeSemanticAnalyzer: Get metadata for destination tables
2024-04-24T05:15:46,276  INFO [main] parse.MergeSemanticAnalyzer: Get metadata for destination tables
2024-04-24T05:15:46,276  INFO [main] parse.MergeSemanticAnalyzer: Get metadata for destination tables
2024-04-24T05:15:46,276  INFO [main] parse.MergeSemanticAnalyzer: Get metadata for source tables
2024-04-24T05:15:46,277  INFO [main] parse.MergeSemanticAnalyzer: Get metadata for subqueries
2024-04-24T05:15:46,277  INFO [main] parse.MergeSemanticAnalyzer: Get metadata for destination tables
2024-04-24T05:15:46,277  INFO [main] parse.MergeSemanticAnalyzer: Get metadata for destination tables
2024-04-24T05:15:46,277  INFO [main] parse.MergeSemanticAnalyzer: Get metadata for destination tables
2024-04-24T05:15:46,277  INFO [main] HiveMetaStore.audit: ugi=alex	ip=unknown-ip-addr	cmd=get_table : tbl=hive.default.target	
2024-04-24T05:15:46,283  INFO [main] metastore.HMSHandler: Skipping translation for processor with null
2024-04-24T05:15:46,284  INFO [main] HiveMetaStore.audit: ugi=alex	ip=unknown-ip-addr	cmd=get_table : tbl=hive.default.target	
2024-04-24T05:15:46,290  INFO [main] metastore.HMSHandler: Skipping translation for processor with null
2024-04-24T05:15:46,290  INFO [main] HiveMetaStore.audit: ugi=alex	ip=unknown-ip-addr	cmd=get_table : tbl=hive.default.target	
2024-04-24T05:15:46,296  INFO [main] metastore.HMSHandler: Skipping translation for processor with null
2024-04-24T05:15:46,305 ERROR [main] parse.MergeSemanticAnalyzer: CBO failed, skipping CBO. 
org.apache.hadoop.hive.ql.exec.NoMatchingMethodException: No matching method for class org.apache.hadoop.hive.ql.udf.UDFToInteger with (struct<writeid:bigint,bucketid:int,rowid:bigint>). Possible choices: _FUNC_(bigint)  _FUNC_(boolean)  _FUNC_(decimal(38,18))  _FUNC_(double)  _FUNC_(float)  _FUNC_(smallint)  _FUNC_(string)  _FUNC_(struct<writeid:bigint,rowid:int,bucketid:bigint>)  _FUNC_(timestamp)  _FUNC_(tinyint)  _FUNC_(void)  
	at org.apache.hadoop.hive.ql.exec.MethodUtils.getMethodInternal(MethodUtils.java:130) ~[classes/:?]
	at org.apache.hadoop.hive.ql.exec.MethodUtils.getMethodInternal(MethodUtils.java:60) ~[classes/:?]
	at org.apache.hadoop.hive.ql.exec.DefaultUDFMethodResolver.getEvalMethod(DefaultUDFMethodResolver.java:59) ~[classes/:?]
	at org.apache.hadoop.hive.ql.udf.TimestampCastRestrictorResolver.getEvalMethod(TimestampCastRestrictorResolver.java:68) ~[classes/:?]
	at org.apache.hadoop.hive.ql.udf.generic.GenericUDFBridge.initialize(GenericUDFBridge.java:168) ~[classes/:?]
	at org.apache.hadoop.hive.ql.udf.generic.GenericUDF.initializeAndFoldConstants(GenericUDF.java:149) ~[classes/:?]
	at org.apache.hadoop.hive.ql.plan.ExprNodeGenericFuncDesc.newInstance(ExprNodeGenericFuncDesc.java:235) ~[classes/:?]
	at org.apache.hadoop.hive.ql.parse.type.ExprNodeDescExprFactory.createFuncCallExpr(ExprNodeDescExprFactory.java:584) ~[classes/:?]
	at org.apache.hadoop.hive.ql.parse.type.ExprNodeDescExprFactory.createFuncCallExpr(ExprNodeDescExprFactory.java:97) ~[classes/:?]
	at org.apache.hadoop.hive.ql.parse.type.TypeCheckProcFactory$DefaultExprProcessor.getFuncExprNodeDescWithUdfData(TypeCheckProcFactory.java:762) ~[classes/:?]
	at org.apache.hadoop.hive.ql.parse.type.TypeCheckProcFactory$DefaultExprProcessor.createConversionCast(TypeCheckProcFactory.java:783) ~[classes/:?]
	at org.apache.hadoop.hive.ql.parse.SemanticAnalyzer.getPartitionColsFromBucketColsForUpdateDelete(SemanticAnalyzer.java:8725) ~[classes/:?]
	at org.apache.hadoop.hive.ql.parse.SemanticAnalyzer.genBucketingSortingDest(SemanticAnalyzer.java:6906) ~[classes/:?]
	at org.apache.hadoop.hive.ql.parse.SemanticAnalyzer.genFileSinkPlan(SemanticAnalyzer.java:7335) ~[classes/:?]
	at org.apache.hadoop.hive.ql.parse.SemanticAnalyzer.genPostGroupByBodyPlan(SemanticAnalyzer.java:11063) ~[classes/:?]
	at org.apache.hadoop.hive.ql.parse.SemanticAnalyzer.genBodyPlan(SemanticAnalyzer.java:10938) ~[classes/:?]
	at org.apache.hadoop.hive.ql.parse.SemanticAnalyzer.genPlan(SemanticAnalyzer.java:11853) ~[classes/:?]
	at org.apache.hadoop.hive.ql.parse.SemanticAnalyzer.genPlan(SemanticAnalyzer.java:11723) ~[classes/:?]
	at org.apache.hadoop.hive.ql.parse.CalcitePlanner.genOPTree(CalcitePlanner.java:626) ~[classes/:?]
	at org.apache.hadoop.hive.ql.parse.SemanticAnalyzer.analyzeInternal(SemanticAnalyzer.java:12558) ~[classes/:?]
	at org.apache.hadoop.hive.ql.parse.CalcitePlanner.analyzeInternal(CalcitePlanner.java:456) ~[classes/:?]
	at org.apache.hadoop.hive.ql.parse.RewriteSemanticAnalyzer.analyzeInternal(RewriteSemanticAnalyzer.java:67) ~[classes/:?]
	at org.apache.hadoop.hive.ql.parse.BaseSemanticAnalyzer.analyze(BaseSemanticAnalyzer.java:317) ~[classes/:?]
	at org.apache.hadoop.hive.ql.parse.MergeSemanticAnalyzer.analyzeMerge(MergeSemanticAnalyzer.java:317) ~[classes/:?]
	at org.apache.hadoop.hive.ql.parse.MergeSemanticAnalyzer.analyze(MergeSemanticAnalyzer.java:63) ~[classes/:?]
	at org.apache.hadoop.hive.ql.parse.RewriteSemanticAnalyzer.analyzeInternal(RewriteSemanticAnalyzer.java:72) ~[classes/:?]
	at org.apache.hadoop.hive.ql.parse.BaseSemanticAnalyzer.analyze(BaseSemanticAnalyzer.java:317) ~[classes/:?]
	at org.apache.hadoop.hive.ql.Compiler.analyze(Compiler.java:223) ~[classes/:?]
	at org.apache.hadoop.hive.ql.Compiler.compile(Compiler.java:105) ~[classes/:?]
	at org.apache.hadoop.hive.ql.Driver.compile(Driver.java:500) ~[classes/:?]
	at org.apache.hadoop.hive.ql.Driver.compileInternal(Driver.java:453) ~[classes/:?]
	at org.apache.hadoop.hive.ql.Driver.runInternal(Driver.java:181) ~[classes/:?]
	at org.apache.hadoop.hive.ql.Driver.run(Driver.java:153) ~[classes/:?]
	at org.apache.hadoop.hive.ql.Driver.run(Driver.java:140) ~[classes/:?]
	at org.apache.hadoop.hive.ql.TxnCommandsBaseForTests.runStatementOnDriver(TxnCommandsBaseForTests.java:245) ~[test-classes/:?]
	at org.apache.hadoop.hive.ql.TestTxnCommands.testMergeType2SCD02(TestTxnCommands.java:1178) ~[test-classes/:?]
	at sun.reflect.NativeMethodAccessorImpl.invoke0(Native Method) ~[?:1.8.0_402]
	at sun.reflect.NativeMethodAccessorImpl.invoke(NativeMethodAccessorImpl.java:62) ~[?:1.8.0_402]
	at sun.reflect.DelegatingMethodAccessorImpl.invoke(DelegatingMethodAccessorImpl.java:43) ~[?:1.8.0_402]
	at java.lang.reflect.Method.invoke(Method.java:498) ~[?:1.8.0_402]
	at org.junit.runners.model.FrameworkMethod$1.runReflectiveCall(FrameworkMethod.java:59) ~[junit-4.13.jar:4.13]
	at org.junit.internal.runners.model.ReflectiveCallable.run(ReflectiveCallable.java:12) ~[junit-4.13.jar:4.13]
	at org.junit.runners.model.FrameworkMethod.invokeExplosively(FrameworkMethod.java:56) ~[junit-4.13.jar:4.13]
	at org.junit.internal.runners.statements.InvokeMethod.evaluate(InvokeMethod.java:17) ~[junit-4.13.jar:4.13]
	at org.junit.internal.runners.statements.RunBefores.evaluate(RunBefores.java:26) ~[junit-4.13.jar:4.13]
	at org.junit.internal.runners.statements.RunAfters.evaluate(RunAfters.java:27) ~[junit-4.13.jar:4.13]
	at org.junit.rules.TestWatcher$1.evaluate(TestWatcher.java:61) ~[junit-4.13.jar:4.13]
	at org.junit.runners.ParentRunner$3.evaluate(ParentRunner.java:306) ~[junit-4.13.jar:4.13]
	at org.junit.runners.BlockJUnit4ClassRunner$1.evaluate(BlockJUnit4ClassRunner.java:100) ~[junit-4.13.jar:4.13]
	at org.junit.runners.ParentRunner.runLeaf(ParentRunner.java:366) ~[junit-4.13.jar:4.13]
	at org.junit.runners.BlockJUnit4ClassRunner.runChild(BlockJUnit4ClassRunner.java:103) ~[junit-4.13.jar:4.13]
	at org.junit.runners.BlockJUnit4ClassRunner.runChild(BlockJUnit4ClassRunner.java:63) ~[junit-4.13.jar:4.13]
	at org.junit.runners.ParentRunner$4.run(ParentRunner.java:331) ~[junit-4.13.jar:4.13]
	at org.junit.runners.ParentRunner$1.schedule(ParentRunner.java:79) ~[junit-4.13.jar:4.13]
	at org.junit.runners.ParentRunner.runChildren(ParentRunner.java:329) ~[junit-4.13.jar:4.13]
	at org.junit.runners.ParentRunner.access$100(ParentRunner.java:66) ~[junit-4.13.jar:4.13]
	at org.junit.runners.ParentRunner$2.evaluate(ParentRunner.java:293) ~[junit-4.13.jar:4.13]
	at org.junit.runners.ParentRunner$3.evaluate(ParentRunner.java:306) ~[junit-4.13.jar:4.13]
	at org.junit.runners.ParentRunner.run(ParentRunner.java:413) ~[junit-4.13.jar:4.13]
	at org.junit.runner.JUnitCore.run(JUnitCore.java:137) ~[junit-4.13.jar:4.13]
	at org.junit.runner.JUnitCore.run(JUnitCore.java:115) ~[junit-4.13.jar:4.13]
	at org.junit.vintage.engine.execution.RunnerExecutor.execute(RunnerExecutor.java:43) ~[junit-vintage-engine-5.6.2.jar:5.6.2]
	at java.util.stream.ForEachOps$ForEachOp$OfRef.accept(ForEachOps.java:183) ~[?:1.8.0_402]
	at java.util.stream.ReferencePipeline$3$1.accept(ReferencePipeline.java:193) ~[?:1.8.0_402]
	at java.util.Iterator.forEachRemaining(Iterator.java:116) ~[?:1.8.0_402]
	at java.util.Spliterators$IteratorSpliterator.forEachRemaining(Spliterators.java:1801) ~[?:1.8.0_402]
	at java.util.stream.AbstractPipeline.copyInto(AbstractPipeline.java:482) ~[?:1.8.0_402]
	at java.util.stream.AbstractPipeline.wrapAndCopyInto(AbstractPipeline.java:472) ~[?:1.8.0_402]
	at java.util.stream.ForEachOps$ForEachOp.evaluateSequential(ForEachOps.java:150) ~[?:1.8.0_402]
	at java.util.stream.ForEachOps$ForEachOp$OfRef.evaluateSequential(ForEachOps.java:173) ~[?:1.8.0_402]
	at java.util.stream.AbstractPipeline.evaluate(AbstractPipeline.java:234) ~[?:1.8.0_402]
	at java.util.stream.ReferencePipeline.forEach(ReferencePipeline.java:485) ~[?:1.8.0_402]
	at org.junit.vintage.engine.VintageTestEngine.executeAllChildren(VintageTestEngine.java:82) ~[junit-vintage-engine-5.6.2.jar:5.6.2]
	at org.junit.vintage.engine.VintageTestEngine.execute(VintageTestEngine.java:73) ~[junit-vintage-engine-5.6.2.jar:5.6.2]
	at org.junit.platform.launcher.core.DefaultLauncher.execute(DefaultLauncher.java:248) ~[junit-platform-launcher-1.6.2.jar:1.6.2]
	at org.junit.platform.launcher.core.DefaultLauncher.lambda$execute$5(DefaultLauncher.java:211) ~[junit-platform-launcher-1.6.2.jar:1.6.2]
	at org.junit.platform.launcher.core.DefaultLauncher.withInterceptedStreams(DefaultLauncher.java:226) [junit-platform-launcher-1.6.2.jar:1.6.2]
	at org.junit.platform.launcher.core.DefaultLauncher.execute(DefaultLauncher.java:199) [junit-platform-launcher-1.6.2.jar:1.6.2]
	at org.junit.platform.launcher.core.DefaultLauncher.execute(DefaultLauncher.java:132) [junit-platform-launcher-1.6.2.jar:1.6.2]
	at org.apache.maven.surefire.junitplatform.JUnitPlatformProvider.invokeAllTests(JUnitPlatformProvider.java:154) [surefire-junit-platform-3.0.0-M4.jar:3.0.0-M4]
	at org.apache.maven.surefire.junitplatform.JUnitPlatformProvider.invoke(JUnitPlatformProvider.java:123) [surefire-junit-platform-3.0.0-M4.jar:3.0.0-M4]
	at org.apache.maven.surefire.booter.ForkedBooter.runSuitesInProcess(ForkedBooter.java:377) [surefire-booter-3.0.0-M4.jar:3.0.0-M4]
	at org.apache.maven.surefire.booter.ForkedBooter.execute(ForkedBooter.java:138) [surefire-booter-3.0.0-M4.jar:3.0.0-M4]
	at org.apache.maven.surefire.booter.ForkedBooter.run(ForkedBooter.java:465) [surefire-booter-3.0.0-M4.jar:3.0.0-M4]
	at org.apache.maven.surefire.booter.ForkedBooter.main(ForkedBooter.java:451) [surefire-booter-3.0.0-M4.jar:3.0.0-M4]
2024-04-24T05:15:46,306 ERROR [main] parse.MergeSemanticAnalyzer: CBO failed due to missing column stats (see previous errors), skipping CBO
2024-04-24T05:15:46,306  INFO [main] parse.MergeSemanticAnalyzer: Ending caching scope for: 
FAILED: NoMatchingMethodException No matching method for class org.apache.hadoop.hive.ql.udf.UDFToInteger with (struct<writeid:bigint,bucketid:int,rowid:bigint>). Possible choices: _FUNC_(bigint)  _FUNC_(boolean)  _FUNC_(decimal(38,18))  _FUNC_(double)  _FUNC_(float)  _FUNC_(smallint)  _FUNC_(string)  _FUNC_(struct<writeid:bigint,rowid:int,bucketid:bigint>)  _FUNC_(timestamp)  _FUNC_(tinyint)  _FUNC_(void)  
2024-04-24T05:15:46,307 ERROR [main] ql.Driver: FAILED: NoMatchingMethodException No matching method for class org.apache.hadoop.hive.ql.udf.UDFToInteger with (struct<writeid:bigint,bucketid:int,rowid:bigint>). Possible choices: _FUNC_(bigint)  _FUNC_(boolean)  _FUNC_(decimal(38,18))  _FUNC_(double)  _FUNC_(float)  _FUNC_(smallint)  _FUNC_(string)  _FUNC_(struct<writeid:bigint,rowid:int,bucketid:bigint>)  _FUNC_(timestamp)  _FUNC_(tinyint)  _FUNC_(void)  
org.apache.hadoop.hive.ql.exec.NoMatchingMethodException: No matching method for class org.apache.hadoop.hive.ql.udf.UDFToInteger with (struct<writeid:bigint,bucketid:int,rowid:bigint>). Possible choices: _FUNC_(bigint)  _FUNC_(boolean)  _FUNC_(decimal(38,18))  _FUNC_(double)  _FUNC_(float)  _FUNC_(smallint)  _FUNC_(string)  _FUNC_(struct<writeid:bigint,rowid:int,bucketid:bigint>)  _FUNC_(timestamp)  _FUNC_(tinyint)  _FUNC_(void)  
	at org.apache.hadoop.hive.ql.exec.MethodUtils.getMethodInternal(MethodUtils.java:130)
	at org.apache.hadoop.hive.ql.exec.MethodUtils.getMethodInternal(MethodUtils.java:60)
	at org.apache.hadoop.hive.ql.exec.DefaultUDFMethodResolver.getEvalMethod(DefaultUDFMethodResolver.java:59)
	at org.apache.hadoop.hive.ql.udf.TimestampCastRestrictorResolver.getEvalMethod(TimestampCastRestrictorResolver.java:68)
	at org.apache.hadoop.hive.ql.udf.generic.GenericUDFBridge.initialize(GenericUDFBridge.java:168)
	at org.apache.hadoop.hive.ql.udf.generic.GenericUDF.initializeAndFoldConstants(GenericUDF.java:149)
	at org.apache.hadoop.hive.ql.plan.ExprNodeGenericFuncDesc.newInstance(ExprNodeGenericFuncDesc.java:235)
	at org.apache.hadoop.hive.ql.parse.type.ExprNodeDescExprFactory.createFuncCallExpr(ExprNodeDescExprFactory.java:584)
	at org.apache.hadoop.hive.ql.parse.type.ExprNodeDescExprFactory.createFuncCallExpr(ExprNodeDescExprFactory.java:97)
	at org.apache.hadoop.hive.ql.parse.type.TypeCheckProcFactory$DefaultExprProcessor.getFuncExprNodeDescWithUdfData(TypeCheckProcFactory.java:762)
	at org.apache.hadoop.hive.ql.parse.type.TypeCheckProcFactory$DefaultExprProcessor.createConversionCast(TypeCheckProcFactory.java:783)
	at org.apache.hadoop.hive.ql.parse.SemanticAnalyzer.getPartitionColsFromBucketColsForUpdateDelete(SemanticAnalyzer.java:8725)
	at org.apache.hadoop.hive.ql.parse.SemanticAnalyzer.genBucketingSortingDest(SemanticAnalyzer.java:6906)
	at org.apache.hadoop.hive.ql.parse.SemanticAnalyzer.genFileSinkPlan(SemanticAnalyzer.java:7335)
	at org.apache.hadoop.hive.ql.parse.SemanticAnalyzer.genPostGroupByBodyPlan(SemanticAnalyzer.java:11063)
	at org.apache.hadoop.hive.ql.parse.SemanticAnalyzer.genBodyPlan(SemanticAnalyzer.java:10938)
	at org.apache.hadoop.hive.ql.parse.SemanticAnalyzer.genPlan(SemanticAnalyzer.java:11853)
	at org.apache.hadoop.hive.ql.parse.SemanticAnalyzer.genPlan(SemanticAnalyzer.java:11723)
	at org.apache.hadoop.hive.ql.parse.CalcitePlanner.genOPTree(CalcitePlanner.java:626)
	at org.apache.hadoop.hive.ql.parse.SemanticAnalyzer.analyzeInternal(SemanticAnalyzer.java:12558)
	at org.apache.hadoop.hive.ql.parse.CalcitePlanner.analyzeInternal(CalcitePlanner.java:456)
	at org.apache.hadoop.hive.ql.parse.RewriteSemanticAnalyzer.analyzeInternal(RewriteSemanticAnalyzer.java:67)
	at org.apache.hadoop.hive.ql.parse.BaseSemanticAnalyzer.analyze(BaseSemanticAnalyzer.java:317)
	at org.apache.hadoop.hive.ql.parse.MergeSemanticAnalyzer.analyzeMerge(MergeSemanticAnalyzer.java:317)
	at org.apache.hadoop.hive.ql.parse.MergeSemanticAnalyzer.analyze(MergeSemanticAnalyzer.java:63)
	at org.apache.hadoop.hive.ql.parse.RewriteSemanticAnalyzer.analyzeInternal(RewriteSemanticAnalyzer.java:72)
	at org.apache.hadoop.hive.ql.parse.BaseSemanticAnalyzer.analyze(BaseSemanticAnalyzer.java:317)
	at org.apache.hadoop.hive.ql.Compiler.analyze(Compiler.java:223)
	at org.apache.hadoop.hive.ql.Compiler.compile(Compiler.java:105)
	at org.apache.hadoop.hive.ql.Driver.compile(Driver.java:500)
	at org.apache.hadoop.hive.ql.Driver.compileInternal(Driver.java:453)
	at org.apache.hadoop.hive.ql.Driver.runInternal(Driver.java:181)
	at org.apache.hadoop.hive.ql.Driver.run(Driver.java:153)
	at org.apache.hadoop.hive.ql.Driver.run(Driver.java:140)
	at org.apache.hadoop.hive.ql.TxnCommandsBaseForTests.runStatementOnDriver(TxnCommandsBaseForTests.java:245)
	at org.apache.hadoop.hive.ql.TestTxnCommands.testMergeType2SCD02(TestTxnCommands.java:1178)
	at sun.reflect.NativeMethodAccessorImpl.invoke0(Native Method)
	at sun.reflect.NativeMethodAccessorImpl.invoke(NativeMethodAccessorImpl.java:62)
	at sun.reflect.DelegatingMethodAccessorImpl.invoke(DelegatingMethodAccessorImpl.java:43)
	at java.lang.reflect.Method.invoke(Method.java:498)
	at org.junit.runners.model.FrameworkMethod$1.runReflectiveCall(FrameworkMethod.java:59)
	at org.junit.internal.runners.model.ReflectiveCallable.run(ReflectiveCallable.java:12)
	at org.junit.runners.model.FrameworkMethod.invokeExplosively(FrameworkMethod.java:56)
	at org.junit.internal.runners.statements.InvokeMethod.evaluate(InvokeMethod.java:17)
	at org.junit.internal.runners.statements.RunBefores.evaluate(RunBefores.java:26)
	at org.junit.internal.runners.statements.RunAfters.evaluate(RunAfters.java:27)
	at org.junit.rules.TestWatcher$1.evaluate(TestWatcher.java:61)
	at org.junit.runners.ParentRunner$3.evaluate(ParentRunner.java:306)
	at org.junit.runners.BlockJUnit4ClassRunner$1.evaluate(BlockJUnit4ClassRunner.java:100)
	at org.junit.runners.ParentRunner.runLeaf(ParentRunner.java:366)
	at org.junit.runners.BlockJUnit4ClassRunner.runChild(BlockJUnit4ClassRunner.java:103)
	at org.junit.runners.BlockJUnit4ClassRunner.runChild(BlockJUnit4ClassRunner.java:63)
	at org.junit.runners.ParentRunner$4.run(ParentRunner.java:331)
	at org.junit.runners.ParentRunner$1.schedule(ParentRunner.java:79)
	at org.junit.runners.ParentRunner.runChildren(ParentRunner.java:329)
	at org.junit.runners.ParentRunner.access$100(ParentRunner.java:66)
	at org.junit.runners.ParentRunner$2.evaluate(ParentRunner.java:293)
	at org.junit.runners.ParentRunner$3.evaluate(ParentRunner.java:306)
	at org.junit.runners.ParentRunner.run(ParentRunner.java:413)
	at org.junit.runner.JUnitCore.run(JUnitCore.java:137)
	at org.junit.runner.JUnitCore.run(JUnitCore.java:115)
	at org.junit.vintage.engine.execution.RunnerExecutor.execute(RunnerExecutor.java:43)
	at java.util.stream.ForEachOps$ForEachOp$OfRef.accept(ForEachOps.java:183)
	at java.util.stream.ReferencePipeline$3$1.accept(ReferencePipeline.java:193)
	at java.util.Iterator.forEachRemaining(Iterator.java:116)
	at java.util.Spliterators$IteratorSpliterator.forEachRemaining(Spliterators.java:1801)
	at java.util.stream.AbstractPipeline.copyInto(AbstractPipeline.java:482)
	at java.util.stream.AbstractPipeline.wrapAndCopyInto(AbstractPipeline.java:472)
	at java.util.stream.ForEachOps$ForEachOp.evaluateSequential(ForEachOps.java:150)
	at java.util.stream.ForEachOps$ForEachOp$OfRef.evaluateSequential(ForEachOps.java:173)
	at java.util.stream.AbstractPipeline.evaluate(AbstractPipeline.java:234)
	at java.util.stream.ReferencePipeline.forEach(ReferencePipeline.java:485)
	at org.junit.vintage.engine.VintageTestEngine.executeAllChildren(VintageTestEngine.java:82)
	at org.junit.vintage.engine.VintageTestEngine.execute(VintageTestEngine.java:73)
	at org.junit.platform.launcher.core.DefaultLauncher.execute(DefaultLauncher.java:248)
	at org.junit.platform.launcher.core.DefaultLauncher.lambda$execute$5(DefaultLauncher.java:211)
	at org.junit.platform.launcher.core.DefaultLauncher.withInterceptedStreams(DefaultLauncher.java:226)
	at org.junit.platform.launcher.core.DefaultLauncher.execute(DefaultLauncher.java:199)
	at org.junit.platform.launcher.core.DefaultLauncher.execute(DefaultLauncher.java:132)
	at org.apache.maven.surefire.junitplatform.JUnitPlatformProvider.invokeAllTests(JUnitPlatformProvider.java:154)
	at org.apache.maven.surefire.junitplatform.JUnitPlatformProvider.invoke(JUnitPlatformProvider.java:123)
	at org.apache.maven.surefire.booter.ForkedBooter.runSuitesInProcess(ForkedBooter.java:377)
	at org.apache.maven.surefire.booter.ForkedBooter.execute(ForkedBooter.java:138)
	at org.apache.maven.surefire.booter.ForkedBooter.run(ForkedBooter.java:465)
	at org.apache.maven.surefire.booter.ForkedBooter.main(ForkedBooter.java:451)

2024-04-24T05:15:46,307  INFO [main] metadata.Hive: Dumping metastore api call timing information for : compilation phase
2024-04-24T05:15:46,307  INFO [main] metadata.Hive: Total time spent in each metastore function (ms): {getTable_(GetTableRequest)=58, createTable_(Table)=3, isCompatibleWith_(Configuration)=4, openTxn_(String, TxnType)=2, getValidTxns_(long)=1, flushCache_()=0, getAllTableConstraints_(AllTableConstraintsRequest)=17, commitTxn_(CommitTxnRequest)=10, getTableColumnStatistics_(String, String, List, String)=64, getValidWriteIds_(List, String)=5}
2024-04-24T05:15:46,308  INFO [main] ql.Driver: Completed compiling command(queryId=alex_20240424051545_bf9383fd-76e4-477b-98db-5de23d194bc0); Time taken: 0.54 seconds
2024-04-24T05:15:46,308  INFO [main] lockmgr.DbTxnManager: Stopped heartbeat for query: null
2024-04-24T05:15:46,311  INFO [main] txn.TxnHandler: Removed transactions: ([19]) from MIN_HISTORY_LEVEL
2024-04-24T05:15:46,317  INFO [main] ql.TxnCommandsBaseForTests: Running the query: drop table if exists acidTbl
2024-04-24T05:15:46,317  INFO [main] ql.Context: Deleting scratch dir: file:/home/alex/Repositories/hive/ql/target/tmp/localscratchdir/36d1e6a9-53cc-4a7f-b483-f485bf88721c/hive_2024-04-24_05-15-45_784_3198792488272769071-1
2024-04-24T05:15:46,317  INFO [main] ql.Driver: Compiling command(queryId=alex_20240424051546_69d7574b-1ebd-48d9-9aec-39a363a5f76d): drop table if exists acidTbl
2024-04-24T05:15:46,319  INFO [main] txn.TxnHandler: Added entries to MIN_HISTORY_LEVEL for current txns: ([20]) with min_open_txn: 19
2024-04-24T05:15:46,320  INFO [main] lockmgr.DbTxnManager: Opened txnid:20
2024-04-24T05:15:46,320  INFO [main] HiveMetaStore.audit: ugi=alex	ip=unknown-ip-addr	cmd=get_table : tbl=hive.default.acidTbl	
2024-04-24T05:15:46,326  INFO [main] metastore.HMSHandler: Skipping translation for processor with null
2024-04-24T05:15:46,326  INFO [main] ql.Driver: Semantic Analysis Completed (retrial = false)
2024-04-24T05:15:46,326  INFO [main] ql.Driver: Created Hive schema: Schema(fieldSchemas:null, properties:null)
2024-04-24T05:15:46,326  INFO [main] metadata.Hive: Dumping metastore api call timing information for : compilation phase
2024-04-24T05:15:46,326  INFO [main] metadata.Hive: Total time spent in each metastore function (ms): {openTxn_(String, TxnType)=2, getValidTxns_(long)=0, isCompatibleWith_(Configuration)=0, getTable_(GetTableRequest)=6, flushCache_()=0, rollbackTxn_(long)=9}
2024-04-24T05:15:46,326  INFO [main] ql.Driver: Completed compiling command(queryId=alex_20240424051546_69d7574b-1ebd-48d9-9aec-39a363a5f76d); Time taken: 0.009 seconds
2024-04-24T05:15:46,327  INFO [main] lockmgr.DbTxnManager: Setting lock request transaction to txnid:20 for queryId=alex_20240424051546_69d7574b-1ebd-48d9-9aec-39a363a5f76d
2024-04-24T05:15:46,327  INFO [main] lockmgr.DbLockManager: Requesting lock for queryId=alex_20240424051546_69d7574b-1ebd-48d9-9aec-39a363a5f76d
2024-04-24T05:15:46,341  INFO [main] lockmgr.DbLockManager: Response to queryId=alex_20240424051546_69d7574b-1ebd-48d9-9aec-39a363a5f76d LockResponse(lockid:13, state:ACQUIRED)
2024-04-24T05:15:46,341  INFO [main] ql.Driver: Operation DROPTABLE obtained 1 locks
2024-04-24T05:15:46,341  INFO [main] ql.Driver: Executing command(queryId=alex_20240424051546_69d7574b-1ebd-48d9-9aec-39a363a5f76d): drop table if exists acidTbl
2024-04-24T05:15:46,341  INFO [main] ql.Driver: Starting task [Stage-0:DDL] in serial mode
2024-04-24T05:15:46,342  INFO [main] HiveMetaStore.audit: ugi=alex	ip=unknown-ip-addr	cmd=get_table : tbl=hive.default.acidTbl	
2024-04-24T05:15:46,348  INFO [main] metastore.HMSHandler: Skipping translation for processor with null
2024-04-24T05:15:46,348  INFO [main] HiveMetaStore.audit: ugi=alex	ip=unknown-ip-addr	cmd=get_table : tbl=hive.default.acidTbl	
2024-04-24T05:15:46,355  INFO [main] metastore.HMSHandler: Skipping translation for processor with null
2024-04-24T05:15:46,355  INFO [main] HiveMetaStore.audit: ugi=alex	ip=unknown-ip-addr	cmd=drop_table : tbl=hive.default.acidTbl	
2024-04-24T05:15:46,456  INFO [main] metadata.Hive: Dumping metastore api call timing information for : execution phase
2024-04-24T05:15:46,456  INFO [main] metadata.Hive: Total time spent in each metastore function (ms): {dropTable_(String, String, boolean, boolean, boolean)=108, getTable_(GetTableRequest)=6, isCompatibleWith_(Configuration)=0}
2024-04-24T05:15:46,457  INFO [main] ql.Driver: Completed executing command(queryId=alex_20240424051546_69d7574b-1ebd-48d9-9aec-39a363a5f76d); Time taken: 0.115 seconds
2024-04-24T05:15:46,457  INFO [main] lockmgr.DbTxnManager: Stopped heartbeat for query: alex_20240424051546_69d7574b-1ebd-48d9-9aec-39a363a5f76d
2024-04-24T05:15:46,460  INFO [main] txn.TxnHandler: Expected to move at least one record from txn_components to completed_txn_components when committing txn! txnid:20
2024-04-24T05:15:46,466  INFO [main] txn.TxnHandler: Removed transactions: ([20]) from MIN_HISTORY_LEVEL
2024-04-24T05:15:46,466  WARN [main] txn.CompactionTxnHandler: No compaction queue record found for Compaction type transaction commit. txnId:20
2024-04-24T05:15:46,466  INFO [main] ql.TxnCommandsBaseForTests: Running the query: drop table if exists acidTblPart
2024-04-24T05:15:46,467  INFO [main] ql.Driver: Compiling command(queryId=alex_20240424051546_48282496-317a-412d-86ea-5e87fc847a37): drop table if exists acidTblPart
2024-04-24T05:15:46,469  INFO [main] txn.TxnHandler: Added entries to MIN_HISTORY_LEVEL for current txns: ([21]) with min_open_txn: 19
2024-04-24T05:15:46,469  INFO [main] lockmgr.DbTxnManager: Opened txnid:21
2024-04-24T05:15:46,469  INFO [main] HiveMetaStore.audit: ugi=alex	ip=unknown-ip-addr	cmd=get_table : tbl=hive.default.acidTblPart	
2024-04-24T05:15:46,483  INFO [main] metastore.HMSHandler: Skipping translation for processor with null
2024-04-24T05:15:46,483  INFO [main] ql.Driver: Semantic Analysis Completed (retrial = false)
2024-04-24T05:15:46,483  INFO [main] ql.Driver: Created Hive schema: Schema(fieldSchemas:null, properties:null)
2024-04-24T05:15:46,483  INFO [main] metadata.Hive: Dumping metastore api call timing information for : compilation phase
2024-04-24T05:15:46,483  INFO [main] metadata.Hive: Total time spent in each metastore function (ms): {getValidTxns_(long)=0, isCompatibleWith_(Configuration)=0, getTable_(GetTableRequest)=14, openTxn_(String, TxnType)=2, commitTxn_(CommitTxnRequest)=9, flushCache_()=0}
2024-04-24T05:15:46,484  INFO [main] ql.Driver: Completed compiling command(queryId=alex_20240424051546_48282496-317a-412d-86ea-5e87fc847a37); Time taken: 0.016 seconds
2024-04-24T05:15:46,484  INFO [main] lockmgr.DbTxnManager: Setting lock request transaction to txnid:21 for queryId=alex_20240424051546_48282496-317a-412d-86ea-5e87fc847a37
2024-04-24T05:15:46,484  INFO [main] lockmgr.DbLockManager: Requesting lock for queryId=alex_20240424051546_48282496-317a-412d-86ea-5e87fc847a37
2024-04-24T05:15:46,497  INFO [main] lockmgr.DbLockManager: Response to queryId=alex_20240424051546_48282496-317a-412d-86ea-5e87fc847a37 LockResponse(lockid:14, state:ACQUIRED)
2024-04-24T05:15:46,497  INFO [main] ql.Driver: Operation DROPTABLE obtained 1 locks
2024-04-24T05:15:46,497  INFO [main] ql.Driver: Executing command(queryId=alex_20240424051546_48282496-317a-412d-86ea-5e87fc847a37): drop table if exists acidTblPart
2024-04-24T05:15:46,497  INFO [main] ql.Driver: Starting task [Stage-0:DDL] in serial mode
2024-04-24T05:15:46,497  INFO [main] HiveMetaStore.audit: ugi=alex	ip=unknown-ip-addr	cmd=get_table : tbl=hive.default.acidTblPart	
2024-04-24T05:15:46,503  INFO [main] metastore.HMSHandler: Skipping translation for processor with null
2024-04-24T05:15:46,503  INFO [main] HiveMetaStore.audit: ugi=alex	ip=unknown-ip-addr	cmd=get_table : tbl=hive.default.acidTblPart	
2024-04-24T05:15:46,509  INFO [main] metastore.HMSHandler: Skipping translation for processor with null
2024-04-24T05:15:46,509  INFO [main] HiveMetaStore.audit: ugi=alex	ip=unknown-ip-addr	cmd=drop_table : tbl=hive.default.acidTblPart	
2024-04-24T05:15:46,548  INFO [main] metadata.Hive: Dumping metastore api call timing information for : execution phase
2024-04-24T05:15:46,548  INFO [main] metadata.Hive: Total time spent in each metastore function (ms): {getTable_(GetTableRequest)=6, isCompatibleWith_(Configuration)=0, dropTable_(String, String, boolean, boolean, boolean)=45}
2024-04-24T05:15:46,549  INFO [main] ql.Driver: Completed executing command(queryId=alex_20240424051546_48282496-317a-412d-86ea-5e87fc847a37); Time taken: 0.051 seconds
2024-04-24T05:15:46,549  INFO [main] lockmgr.DbTxnManager: Stopped heartbeat for query: alex_20240424051546_48282496-317a-412d-86ea-5e87fc847a37
2024-04-24T05:15:46,552  INFO [main] txn.TxnHandler: Expected to move at least one record from txn_components to completed_txn_components when committing txn! txnid:21
2024-04-24T05:15:46,558  INFO [main] txn.TxnHandler: Removed transactions: ([21]) from MIN_HISTORY_LEVEL
2024-04-24T05:15:46,558  WARN [main] txn.CompactionTxnHandler: No compaction queue record found for Compaction type transaction commit. txnId:21
2024-04-24T05:15:46,558  INFO [main] ql.TxnCommandsBaseForTests: Running the query: drop table if exists acidTbl2
2024-04-24T05:15:46,558  INFO [main] ql.Driver: Compiling command(queryId=alex_20240424051546_87aa2b49-bf4a-4f98-9961-94488deb4749): drop table if exists acidTbl2
2024-04-24T05:15:46,560  INFO [main] txn.TxnHandler: Added entries to MIN_HISTORY_LEVEL for current txns: ([22]) with min_open_txn: 19
2024-04-24T05:15:46,561  INFO [main] lockmgr.DbTxnManager: Opened txnid:22
2024-04-24T05:15:46,561  INFO [main] ql.Driver: Semantic Analysis Completed (retrial = false)
2024-04-24T05:15:46,561  INFO [main] ql.Driver: Created Hive schema: Schema(fieldSchemas:null, properties:null)
2024-04-24T05:15:46,561  INFO [main] metadata.Hive: Dumping metastore api call timing information for : compilation phase
2024-04-24T05:15:46,561  INFO [main] metadata.Hive: Total time spent in each metastore function (ms): {openTxn_(String, TxnType)=2, flushCache_()=0, isCompatibleWith_(Configuration)=0, getTable_(GetTableRequest)=0, commitTxn_(CommitTxnRequest)=9, getValidTxns_(long)=0}
2024-04-24T05:15:46,562  INFO [main] ql.Driver: Completed compiling command(queryId=alex_20240424051546_87aa2b49-bf4a-4f98-9961-94488deb4749); Time taken: 0.003 seconds
2024-04-24T05:15:46,562  INFO [main] lockmgr.DbTxnManager: Setting lock request transaction to txnid:22 for queryId=alex_20240424051546_87aa2b49-bf4a-4f98-9961-94488deb4749
2024-04-24T05:15:46,562  INFO [main] ql.Driver: Operation DROPTABLE obtained 0 locks
2024-04-24T05:15:46,562  INFO [main] ql.Driver: Executing command(queryId=alex_20240424051546_87aa2b49-bf4a-4f98-9961-94488deb4749): drop table if exists acidTbl2
2024-04-24T05:15:46,562  INFO [main] ql.Driver: Starting task [Stage-0:DDL] in serial mode
2024-04-24T05:15:46,563  INFO [main] metadata.SessionHiveMetaStoreClient: Column stats doesn't exist for db=default temp table=acidTbl2
2024-04-24T05:15:46,563  INFO [main] metadata.Hive: Dumping metastore api call timing information for : execution phase
2024-04-24T05:15:46,563  INFO [main] metadata.Hive: Total time spent in each metastore function (ms): {isCompatibleWith_(Configuration)=0, getTable_(GetTableRequest)=0, dropTable_(String, String, boolean, boolean, boolean)=1}
2024-04-24T05:15:46,563  INFO [main] ql.Driver: Completed executing command(queryId=alex_20240424051546_87aa2b49-bf4a-4f98-9961-94488deb4749); Time taken: 0.001 seconds
2024-04-24T05:15:46,563  INFO [main] lockmgr.DbTxnManager: Stopped heartbeat for query: alex_20240424051546_87aa2b49-bf4a-4f98-9961-94488deb4749
2024-04-24T05:15:46,568  INFO [main] txn.TxnHandler: Expected to move at least one record from txn_components to completed_txn_components when committing txn! txnid:22
2024-04-24T05:15:46,573  INFO [main] txn.TxnHandler: Removed transactions: ([22]) from MIN_HISTORY_LEVEL
2024-04-24T05:15:46,573  WARN [main] txn.CompactionTxnHandler: No compaction queue record found for Compaction type transaction commit. txnId:22
2024-04-24T05:15:46,574  INFO [main] ql.TxnCommandsBaseForTests: Running the query: drop table if exists nonAcidOrcTbl
2024-04-24T05:15:46,574  INFO [main] ql.Driver: Compiling command(queryId=alex_20240424051546_8d51c581-6d96-4d30-b078-0c5764a0f064): drop table if exists nonAcidOrcTbl
2024-04-24T05:15:46,576  INFO [main] txn.TxnHandler: Added entries to MIN_HISTORY_LEVEL for current txns: ([23]) with min_open_txn: 19
2024-04-24T05:15:46,576  INFO [main] lockmgr.DbTxnManager: Opened txnid:23
2024-04-24T05:15:46,577  INFO [main] HiveMetaStore.audit: ugi=alex	ip=unknown-ip-addr	cmd=get_table : tbl=hive.default.nonAcidOrcTbl	
2024-04-24T05:15:46,596  INFO [main] metastore.HMSHandler: Skipping translation for processor with null
2024-04-24T05:15:46,597  INFO [main] ql.Driver: Semantic Analysis Completed (retrial = false)
2024-04-24T05:15:46,597  INFO [main] ql.Driver: Created Hive schema: Schema(fieldSchemas:null, properties:null)
2024-04-24T05:15:46,597  INFO [main] metadata.Hive: Dumping metastore api call timing information for : compilation phase
2024-04-24T05:15:46,597  INFO [main] metadata.Hive: Total time spent in each metastore function (ms): {getTable_(GetTableRequest)=19, flushCache_()=0, getValidTxns_(long)=0, openTxn_(String, TxnType)=2, isCompatibleWith_(Configuration)=0, commitTxn_(CommitTxnRequest)=11}
2024-04-24T05:15:46,597  INFO [main] ql.Driver: Completed compiling command(queryId=alex_20240424051546_8d51c581-6d96-4d30-b078-0c5764a0f064); Time taken: 0.023 seconds
2024-04-24T05:15:46,597  INFO [main] lockmgr.DbTxnManager: Setting lock request transaction to txnid:23 for queryId=alex_20240424051546_8d51c581-6d96-4d30-b078-0c5764a0f064
2024-04-24T05:15:46,598  INFO [main] lockmgr.DbLockManager: Requesting lock for queryId=alex_20240424051546_8d51c581-6d96-4d30-b078-0c5764a0f064
2024-04-24T05:15:46,610  INFO [main] lockmgr.DbLockManager: Response to queryId=alex_20240424051546_8d51c581-6d96-4d30-b078-0c5764a0f064 LockResponse(lockid:15, state:ACQUIRED)
2024-04-24T05:15:46,610  INFO [main] ql.Driver: Operation DROPTABLE obtained 1 locks
2024-04-24T05:15:46,610  INFO [main] ql.Driver: Executing command(queryId=alex_20240424051546_8d51c581-6d96-4d30-b078-0c5764a0f064): drop table if exists nonAcidOrcTbl
2024-04-24T05:15:46,611  INFO [main] ql.Driver: Starting task [Stage-0:DDL] in serial mode
2024-04-24T05:15:46,611  INFO [main] HiveMetaStore.audit: ugi=alex	ip=unknown-ip-addr	cmd=get_table : tbl=hive.default.nonAcidOrcTbl	
2024-04-24T05:15:46,619  INFO [main] metastore.HMSHandler: Skipping translation for processor with null
2024-04-24T05:15:46,619  INFO [main] HiveMetaStore.audit: ugi=alex	ip=unknown-ip-addr	cmd=get_table : tbl=hive.default.nonAcidOrcTbl	
2024-04-24T05:15:46,626  INFO [main] metastore.HMSHandler: Skipping translation for processor with null
2024-04-24T05:15:46,626  INFO [main] HiveMetaStore.audit: ugi=alex	ip=unknown-ip-addr	cmd=drop_table : tbl=hive.default.nonAcidOrcTbl	
2024-04-24T05:15:46,668  INFO [main] metadata.Hive: Dumping metastore api call timing information for : execution phase
2024-04-24T05:15:46,668  INFO [main] metadata.Hive: Total time spent in each metastore function (ms): {isCompatibleWith_(Configuration)=0, getTable_(GetTableRequest)=8, dropTable_(String, String, boolean, boolean, boolean)=49}
2024-04-24T05:15:46,669  INFO [main] ql.Driver: Completed executing command(queryId=alex_20240424051546_8d51c581-6d96-4d30-b078-0c5764a0f064); Time taken: 0.058 seconds
2024-04-24T05:15:46,669  INFO [main] lockmgr.DbTxnManager: Stopped heartbeat for query: alex_20240424051546_8d51c581-6d96-4d30-b078-0c5764a0f064
2024-04-24T05:15:46,672  INFO [main] txn.TxnHandler: Expected to move at least one record from txn_components to completed_txn_components when committing txn! txnid:23
2024-04-24T05:15:46,678  INFO [main] txn.TxnHandler: Removed transactions: ([23]) from MIN_HISTORY_LEVEL
2024-04-24T05:15:46,678  WARN [main] txn.CompactionTxnHandler: No compaction queue record found for Compaction type transaction commit. txnId:23
2024-04-24T05:15:46,678  INFO [main] ql.TxnCommandsBaseForTests: Running the query: drop table if exists nonAcidOrcTbl2
2024-04-24T05:15:46,679  INFO [main] ql.Driver: Compiling command(queryId=alex_20240424051546_38029693-f6f0-417f-b587-0e8e306ba017): drop table if exists nonAcidOrcTbl2
2024-04-24T05:15:46,681  INFO [main] txn.TxnHandler: Added entries to MIN_HISTORY_LEVEL for current txns: ([24]) with min_open_txn: 19
2024-04-24T05:15:46,681  INFO [main] lockmgr.DbTxnManager: Opened txnid:24
2024-04-24T05:15:46,681  INFO [main] HiveMetaStore.audit: ugi=alex	ip=unknown-ip-addr	cmd=get_table : tbl=hive.default.nonAcidOrcTbl2	
2024-04-24T05:15:46,689  INFO [main] metastore.HMSHandler: Skipping translation for processor with null
2024-04-24T05:15:46,689  INFO [main] ql.Driver: Semantic Analysis Completed (retrial = false)
2024-04-24T05:15:46,689  INFO [main] ql.Driver: Created Hive schema: Schema(fieldSchemas:null, properties:null)
2024-04-24T05:15:46,689  INFO [main] metadata.Hive: Dumping metastore api call timing information for : compilation phase
2024-04-24T05:15:46,689  INFO [main] metadata.Hive: Total time spent in each metastore function (ms): {getValidTxns_(long)=0, openTxn_(String, TxnType)=2, commitTxn_(CommitTxnRequest)=9, isCompatibleWith_(Configuration)=0, getTable_(GetTableRequest)=8, flushCache_()=0}
2024-04-24T05:15:46,690  INFO [main] ql.Driver: Completed compiling command(queryId=alex_20240424051546_38029693-f6f0-417f-b587-0e8e306ba017); Time taken: 0.01 seconds
2024-04-24T05:15:46,690  INFO [main] lockmgr.DbTxnManager: Setting lock request transaction to txnid:24 for queryId=alex_20240424051546_38029693-f6f0-417f-b587-0e8e306ba017
2024-04-24T05:15:46,690  INFO [main] lockmgr.DbLockManager: Requesting lock for queryId=alex_20240424051546_38029693-f6f0-417f-b587-0e8e306ba017
2024-04-24T05:15:46,703  INFO [main] lockmgr.DbLockManager: Response to queryId=alex_20240424051546_38029693-f6f0-417f-b587-0e8e306ba017 LockResponse(lockid:16, state:ACQUIRED)
2024-04-24T05:15:46,703  INFO [main] ql.Driver: Operation DROPTABLE obtained 1 locks
2024-04-24T05:15:46,703  INFO [main] ql.Driver: Executing command(queryId=alex_20240424051546_38029693-f6f0-417f-b587-0e8e306ba017): drop table if exists nonAcidOrcTbl2
2024-04-24T05:15:46,703  INFO [main] ql.Driver: Starting task [Stage-0:DDL] in serial mode
2024-04-24T05:15:46,704  INFO [main] HiveMetaStore.audit: ugi=alex	ip=unknown-ip-addr	cmd=get_table : tbl=hive.default.nonAcidOrcTbl2	
2024-04-24T05:15:46,711  INFO [main] metastore.HMSHandler: Skipping translation for processor with null
2024-04-24T05:15:46,712  INFO [main] HiveMetaStore.audit: ugi=alex	ip=unknown-ip-addr	cmd=get_table : tbl=hive.default.nonAcidOrcTbl2	
2024-04-24T05:15:46,720  INFO [main] metastore.HMSHandler: Skipping translation for processor with null
2024-04-24T05:15:46,720  INFO [main] HiveMetaStore.audit: ugi=alex	ip=unknown-ip-addr	cmd=drop_table : tbl=hive.default.nonAcidOrcTbl2	
2024-04-24T05:15:46,748  INFO [main] metadata.Hive: Dumping metastore api call timing information for : execution phase
2024-04-24T05:15:46,748  INFO [main] metadata.Hive: Total time spent in each metastore function (ms): {dropTable_(String, String, boolean, boolean, boolean)=36, isCompatibleWith_(Configuration)=0, getTable_(GetTableRequest)=9}
2024-04-24T05:15:46,748  INFO [main] ql.Driver: Completed executing command(queryId=alex_20240424051546_38029693-f6f0-417f-b587-0e8e306ba017); Time taken: 0.045 seconds
2024-04-24T05:15:46,748  INFO [main] lockmgr.DbTxnManager: Stopped heartbeat for query: alex_20240424051546_38029693-f6f0-417f-b587-0e8e306ba017
2024-04-24T05:15:46,752  INFO [main] txn.TxnHandler: Expected to move at least one record from txn_components to completed_txn_components when committing txn! txnid:24
2024-04-24T05:15:46,757  INFO [main] txn.TxnHandler: Removed transactions: ([24]) from MIN_HISTORY_LEVEL
2024-04-24T05:15:46,757  WARN [main] txn.CompactionTxnHandler: No compaction queue record found for Compaction type transaction commit. txnId:24
2024-04-24T05:15:46,758  INFO [main] ql.TxnCommandsBaseForTests: Running the query: drop table if exists nonAcidNonBucket
2024-04-24T05:15:46,758  INFO [main] ql.Driver: Compiling command(queryId=alex_20240424051546_8a1f8c22-9f7b-49c4-a4a2-e8fe845820ea): drop table if exists nonAcidNonBucket
2024-04-24T05:15:46,760  INFO [main] txn.TxnHandler: Added entries to MIN_HISTORY_LEVEL for current txns: ([25]) with min_open_txn: 19
2024-04-24T05:15:46,761  INFO [main] lockmgr.DbTxnManager: Opened txnid:25
2024-04-24T05:15:46,761  INFO [main] HiveMetaStore.audit: ugi=alex	ip=unknown-ip-addr	cmd=get_table : tbl=hive.default.nonAcidNonBucket	
2024-04-24T05:15:46,769  INFO [main] metastore.HMSHandler: Skipping translation for processor with null
2024-04-24T05:15:46,769  INFO [main] ql.Driver: Semantic Analysis Completed (retrial = false)
2024-04-24T05:15:46,769  INFO [main] ql.Driver: Created Hive schema: Schema(fieldSchemas:null, properties:null)
2024-04-24T05:15:46,769  INFO [main] metadata.Hive: Dumping metastore api call timing information for : compilation phase
2024-04-24T05:15:46,769  INFO [main] metadata.Hive: Total time spent in each metastore function (ms): {openTxn_(String, TxnType)=2, flushCache_()=0, getValidTxns_(long)=0, getTable_(GetTableRequest)=8, isCompatibleWith_(Configuration)=2, commitTxn_(CommitTxnRequest)=9}
2024-04-24T05:15:46,769  INFO [main] ql.Driver: Completed compiling command(queryId=alex_20240424051546_8a1f8c22-9f7b-49c4-a4a2-e8fe845820ea); Time taken: 0.011 seconds
2024-04-24T05:15:46,770  INFO [main] lockmgr.DbTxnManager: Setting lock request transaction to txnid:25 for queryId=alex_20240424051546_8a1f8c22-9f7b-49c4-a4a2-e8fe845820ea
2024-04-24T05:15:46,770  INFO [main] lockmgr.DbLockManager: Requesting lock for queryId=alex_20240424051546_8a1f8c22-9f7b-49c4-a4a2-e8fe845820ea
2024-04-24T05:15:46,783  INFO [main] lockmgr.DbLockManager: Response to queryId=alex_20240424051546_8a1f8c22-9f7b-49c4-a4a2-e8fe845820ea LockResponse(lockid:17, state:ACQUIRED)
2024-04-24T05:15:46,783  INFO [main] ql.Driver: Operation DROPTABLE obtained 1 locks
2024-04-24T05:15:46,783  INFO [main] ql.Driver: Executing command(queryId=alex_20240424051546_8a1f8c22-9f7b-49c4-a4a2-e8fe845820ea): drop table if exists nonAcidNonBucket
2024-04-24T05:15:46,783  INFO [main] ql.Driver: Starting task [Stage-0:DDL] in serial mode
2024-04-24T05:15:46,783  INFO [main] HiveMetaStore.audit: ugi=alex	ip=unknown-ip-addr	cmd=get_table : tbl=hive.default.nonAcidNonBucket	
2024-04-24T05:15:46,791  INFO [main] metastore.HMSHandler: Skipping translation for processor with null
2024-04-24T05:15:46,792  INFO [main] HiveMetaStore.audit: ugi=alex	ip=unknown-ip-addr	cmd=get_table : tbl=hive.default.nonAcidNonBucket	
2024-04-24T05:15:46,800  INFO [main] metastore.HMSHandler: Skipping translation for processor with null
2024-04-24T05:15:46,800  INFO [main] HiveMetaStore.audit: ugi=alex	ip=unknown-ip-addr	cmd=drop_table : tbl=hive.default.nonAcidNonBucket	
2024-04-24T05:15:46,830  INFO [main] metadata.Hive: Dumping metastore api call timing information for : execution phase
2024-04-24T05:15:46,830  INFO [main] metadata.Hive: Total time spent in each metastore function (ms): {isCompatibleWith_(Configuration)=0, getTable_(GetTableRequest)=8, dropTable_(String, String, boolean, boolean, boolean)=39}
2024-04-24T05:15:46,830  INFO [main] ql.Driver: Completed executing command(queryId=alex_20240424051546_8a1f8c22-9f7b-49c4-a4a2-e8fe845820ea); Time taken: 0.047 seconds
2024-04-24T05:15:46,830  INFO [main] lockmgr.DbTxnManager: Stopped heartbeat for query: alex_20240424051546_8a1f8c22-9f7b-49c4-a4a2-e8fe845820ea
2024-04-24T05:15:46,834  INFO [main] txn.TxnHandler: Expected to move at least one record from txn_components to completed_txn_components when committing txn! txnid:25
2024-04-24T05:15:46,840  INFO [main] txn.TxnHandler: Removed transactions: ([25]) from MIN_HISTORY_LEVEL
2024-04-24T05:15:46,840  WARN [main] txn.CompactionTxnHandler: No compaction queue record found for Compaction type transaction commit. txnId:25
2024-04-24T05:15:46,840  INFO [main] utils.TestTxnDbUtil: Cleaning transactional tables
]]></system-err>
  </testcase>
  <testcase name="testQuotedIdentifier2" classname="org.apache.hadoop.hive.ql.TestTxnCommandsWithSplitUpdateAndVectorization" time="1.905">
    <error type="java.lang.RuntimeException"><![CDATA[java.lang.RuntimeException: 
merge into `aci/d_u/ami` as `d/8` using `src/name` as `a/b` on i=`g/h`
when matched and `g/h` > 5 then delete 
when matched and `g/h` < 0 then update set vc='∆∋', `d?*de e` =  `d?*de e` * j + 1
when not matched and `d?*de e` <> 0 then insert values(`a/b`.`g/h`,`a/b`.j,`a/b`.k) failed: (responseCode = 40000, errorMessage = FAILED: NoMatchingMethodException No matching method for class org.apache.hadoop.hive.ql.udf.UDFToInteger with (struct<writeid:bigint,bucketid:int,rowid:bigint>). Possible choices: _FUNC_(bigint)  _FUNC_(boolean)  _FUNC_(decimal(38,18))  _FUNC_(double)  _FUNC_(float)  _FUNC_(smallint)  _FUNC_(string)  _FUNC_(struct<writeid:bigint,rowid:int,bucketid:bigint>)  _FUNC_(timestamp)  _FUNC_(tinyint)  _FUNC_(void)  , hiveErrorCode = 40000, SQLState = 42000, exception = No matching method for class org.apache.hadoop.hive.ql.udf.UDFToInteger with (struct<writeid:bigint,bucketid:int,rowid:bigint>). Possible choices: _FUNC_(bigint)  _FUNC_(boolean)  _FUNC_(decimal(38,18))  _FUNC_(double)  _FUNC_(float)  _FUNC_(smallint)  _FUNC_(string)  _FUNC_(struct<writeid:bigint,rowid:int,bucketid:bigint>)  _FUNC_(timestamp)  _FUNC_(tinyint)  _FUNC_(void)  )
	at org.apache.hadoop.hive.ql.TxnCommandsBaseForTests.runStatementOnDriver(TxnCommandsBaseForTests.java:247)
	at org.apache.hadoop.hive.ql.TestTxnCommands.testQuotedIdentifier2(TestTxnCommands.java:1097)
	at sun.reflect.NativeMethodAccessorImpl.invoke0(Native Method)
	at sun.reflect.NativeMethodAccessorImpl.invoke(NativeMethodAccessorImpl.java:62)
	at sun.reflect.DelegatingMethodAccessorImpl.invoke(DelegatingMethodAccessorImpl.java:43)
	at java.lang.reflect.Method.invoke(Method.java:498)
	at org.junit.runners.model.FrameworkMethod$1.runReflectiveCall(FrameworkMethod.java:59)
	at org.junit.internal.runners.model.ReflectiveCallable.run(ReflectiveCallable.java:12)
	at org.junit.runners.model.FrameworkMethod.invokeExplosively(FrameworkMethod.java:56)
	at org.junit.internal.runners.statements.InvokeMethod.evaluate(InvokeMethod.java:17)
	at org.junit.internal.runners.statements.RunBefores.evaluate(RunBefores.java:26)
	at org.junit.internal.runners.statements.RunAfters.evaluate(RunAfters.java:27)
	at org.junit.rules.TestWatcher$1.evaluate(TestWatcher.java:61)
	at org.junit.runners.ParentRunner$3.evaluate(ParentRunner.java:306)
	at org.junit.runners.BlockJUnit4ClassRunner$1.evaluate(BlockJUnit4ClassRunner.java:100)
	at org.junit.runners.ParentRunner.runLeaf(ParentRunner.java:366)
	at org.junit.runners.BlockJUnit4ClassRunner.runChild(BlockJUnit4ClassRunner.java:103)
	at org.junit.runners.BlockJUnit4ClassRunner.runChild(BlockJUnit4ClassRunner.java:63)
	at org.junit.runners.ParentRunner$4.run(ParentRunner.java:331)
	at org.junit.runners.ParentRunner$1.schedule(ParentRunner.java:79)
	at org.junit.runners.ParentRunner.runChildren(ParentRunner.java:329)
	at org.junit.runners.ParentRunner.access$100(ParentRunner.java:66)
	at org.junit.runners.ParentRunner$2.evaluate(ParentRunner.java:293)
	at org.junit.runners.ParentRunner$3.evaluate(ParentRunner.java:306)
	at org.junit.runners.ParentRunner.run(ParentRunner.java:413)
	at org.junit.runner.JUnitCore.run(JUnitCore.java:137)
	at org.junit.runner.JUnitCore.run(JUnitCore.java:115)
	at org.junit.vintage.engine.execution.RunnerExecutor.execute(RunnerExecutor.java:43)
	at java.util.stream.ForEachOps$ForEachOp$OfRef.accept(ForEachOps.java:183)
	at java.util.stream.ReferencePipeline$3$1.accept(ReferencePipeline.java:193)
	at java.util.Iterator.forEachRemaining(Iterator.java:116)
	at java.util.Spliterators$IteratorSpliterator.forEachRemaining(Spliterators.java:1801)
	at java.util.stream.AbstractPipeline.copyInto(AbstractPipeline.java:482)
	at java.util.stream.AbstractPipeline.wrapAndCopyInto(AbstractPipeline.java:472)
	at java.util.stream.ForEachOps$ForEachOp.evaluateSequential(ForEachOps.java:150)
	at java.util.stream.ForEachOps$ForEachOp$OfRef.evaluateSequential(ForEachOps.java:173)
	at java.util.stream.AbstractPipeline.evaluate(AbstractPipeline.java:234)
	at java.util.stream.ReferencePipeline.forEach(ReferencePipeline.java:485)
	at org.junit.vintage.engine.VintageTestEngine.executeAllChildren(VintageTestEngine.java:82)
	at org.junit.vintage.engine.VintageTestEngine.execute(VintageTestEngine.java:73)
	at org.junit.platform.launcher.core.DefaultLauncher.execute(DefaultLauncher.java:248)
	at org.junit.platform.launcher.core.DefaultLauncher.lambda$execute$5(DefaultLauncher.java:211)
	at org.junit.platform.launcher.core.DefaultLauncher.withInterceptedStreams(DefaultLauncher.java:226)
	at org.junit.platform.launcher.core.DefaultLauncher.execute(DefaultLauncher.java:199)
	at org.junit.platform.launcher.core.DefaultLauncher.execute(DefaultLauncher.java:132)
	at org.apache.maven.surefire.junitplatform.JUnitPlatformProvider.invokeAllTests(JUnitPlatformProvider.java:154)
	at org.apache.maven.surefire.junitplatform.JUnitPlatformProvider.invoke(JUnitPlatformProvider.java:123)
	at org.apache.maven.surefire.booter.ForkedBooter.runSuitesInProcess(ForkedBooter.java:377)
	at org.apache.maven.surefire.booter.ForkedBooter.execute(ForkedBooter.java:138)
	at org.apache.maven.surefire.booter.ForkedBooter.run(ForkedBooter.java:465)
	at org.apache.maven.surefire.booter.ForkedBooter.main(ForkedBooter.java:451)
]]></error>
    <system-err><![CDATA[2024-04-24T05:15:46,896  WARN [main] conf.HiveConf: HiveConf of name hive.llap.io.cache.orc.alloc.min does not exist
2024-04-24T05:15:46,896  WARN [main] conf.HiveConf: HiveConf of name hive.dummyparam.test.server.specific.config.hivesite does not exist
2024-04-24T05:15:46,896  WARN [main] conf.HiveConf: HiveConf of name hive.metastore.client.cache.recordStats does not exist
2024-04-24T05:15:46,896  WARN [main] conf.HiveConf: HiveConf of name hive.dummyparam.test.server.specific.config.override does not exist
2024-04-24T05:15:46,896  WARN [main] conf.HiveConf: HiveConf of name hive.stats.key.prefix.reserve.length does not exist
2024-04-24T05:15:46,896  WARN [main] conf.HiveConf: HiveConf of name hive.metastore.metadb.dir does not exist
2024-04-24T05:15:46,896  WARN [main] conf.HiveConf: HiveConf of name hive.dummyparam.test.server.specific.config.metastoresite does not exist
2024-04-24T05:15:46,896  WARN [main] conf.HiveConf: HiveConf of name hive.llap.io.cache.orc.arena.size does not exist
2024-04-24T05:15:46,896  WARN [main] conf.HiveConf: HiveConf of name hive.metastore.client.cache.maxSize does not exist
2024-04-24T05:15:46,896  WARN [main] conf.HiveConf: HiveConf of name hive.llap.io.cache.orc.size does not exist
2024-04-24T05:15:46,896  WARN [main] conf.HiveConf: HiveConf of name hive.llap.io.cache.orc.alloc.max does not exist
2024-04-24T05:15:46,898  INFO [main] utils.TestTxnDbUtil: Creating transactional tables
Hive Session ID = abf7bf9f-ddbf-4749-8130-de551674f6fa
2024-04-24T05:15:46,901  INFO [main] SessionState: Hive Session ID = abf7bf9f-ddbf-4749-8130-de551674f6fa
ivysettings.xml file not found in HIVE_HOME or HIVE_CONF_DIR,/home/alex/Repositories/hive/conf/ivysettings.xml will be used
2024-04-24T05:15:46,901  INFO [main] DependencyResolver: ivysettings.xml file not found in HIVE_HOME or HIVE_CONF_DIR,/home/alex/Repositories/hive/conf/ivysettings.xml will be used
2024-04-24T05:15:46,906  INFO [main] session.SessionState: Created HDFS directory: /home/alex/Repositories/hive/ql/target/tmp/scratchdir/alex/abf7bf9f-ddbf-4749-8130-de551674f6fa
2024-04-24T05:15:46,908  INFO [main] session.SessionState: Created local directory: /home/alex/Repositories/hive/ql/target/tmp/localscratchdir/abf7bf9f-ddbf-4749-8130-de551674f6fa
2024-04-24T05:15:46,911  INFO [main] session.SessionState: Created HDFS directory: /home/alex/Repositories/hive/ql/target/tmp/scratchdir/alex/abf7bf9f-ddbf-4749-8130-de551674f6fa/_tmp_space.db
2024-04-24T05:15:46,911  INFO [main] sqlstd.SQLStdHiveAccessController: Created SQLStdHiveAccessController for session context : HiveAuthzSessionContext [sessionString=abf7bf9f-ddbf-4749-8130-de551674f6fa, clientType=HIVECLI]
2024-04-24T05:15:46,911  INFO [main] ql.TxnCommandsBaseForTests: Running the query: drop table if exists acidTbl
2024-04-24T05:15:46,911  INFO [main] ql.Driver: Compiling command(queryId=alex_20240424051546_16f626c3-5c16-4431-8993-1314317f8091): drop table if exists acidTbl
2024-04-24T05:15:46,920  INFO [main] txn.TxnHandler: Added entries to MIN_HISTORY_LEVEL for current txns: ([1]) with min_open_txn: 1
2024-04-24T05:15:46,920  INFO [main] lockmgr.DbTxnManager: Opened txnid:1
2024-04-24T05:15:46,922  INFO [main] HiveMetaStore.audit: ugi=alex	ip=unknown-ip-addr	cmd=get_table : tbl=hive.default.acidTbl	
2024-04-24T05:15:46,924  INFO [main] ql.Driver: Semantic Analysis Completed (retrial = false)
2024-04-24T05:15:46,924  INFO [main] ql.Driver: Created Hive schema: Schema(fieldSchemas:null, properties:null)
2024-04-24T05:15:46,924  INFO [main] metadata.Hive: Dumping metastore api call timing information for : compilation phase
2024-04-24T05:15:46,925  INFO [main] metadata.Hive: Total time spent in each metastore function (ms): {getValidTxns_(long)=2, commitTxn_(CommitTxnRequest)=9, flushCache_()=0, openTxn_(String, TxnType)=8, isCompatibleWith_(Configuration)=0}
2024-04-24T05:15:46,925  INFO [main] ql.Driver: Completed compiling command(queryId=alex_20240424051546_16f626c3-5c16-4431-8993-1314317f8091); Time taken: 0.013 seconds
2024-04-24T05:15:46,925  INFO [main] lockmgr.DbTxnManager: Setting lock request transaction to txnid:1 for queryId=alex_20240424051546_16f626c3-5c16-4431-8993-1314317f8091
2024-04-24T05:15:46,925  INFO [main] ql.Driver: Operation DROPTABLE obtained 0 locks
2024-04-24T05:15:46,925  INFO [main] ql.Driver: Executing command(queryId=alex_20240424051546_16f626c3-5c16-4431-8993-1314317f8091): drop table if exists acidTbl
2024-04-24T05:15:46,925  INFO [main] ql.Driver: Starting task [Stage-0:DDL] in serial mode
2024-04-24T05:15:46,925  INFO [main] HiveMetaStore.audit: ugi=alex	ip=unknown-ip-addr	cmd=get_table : tbl=hive.default.acidTbl	
2024-04-24T05:15:46,929  INFO [main] metadata.Hive: Dumping metastore api call timing information for : execution phase
2024-04-24T05:15:46,929  INFO [main] metadata.Hive: Total time spent in each metastore function (ms): {isCompatibleWith_(Configuration)=0}
2024-04-24T05:15:46,929  INFO [main] ql.Driver: Completed executing command(queryId=alex_20240424051546_16f626c3-5c16-4431-8993-1314317f8091); Time taken: 0.004 seconds
2024-04-24T05:15:46,929  INFO [main] lockmgr.DbTxnManager: Stopped heartbeat for query: alex_20240424051546_16f626c3-5c16-4431-8993-1314317f8091
2024-04-24T05:15:46,935  INFO [main] txn.TxnHandler: Expected to move at least one record from txn_components to completed_txn_components when committing txn! txnid:1
2024-04-24T05:15:46,940  INFO [main] txn.TxnHandler: Removed transactions: ([1]) from MIN_HISTORY_LEVEL
2024-04-24T05:15:46,940  WARN [main] txn.CompactionTxnHandler: No compaction queue record found for Compaction type transaction commit. txnId:1
2024-04-24T05:15:46,941  INFO [main] ql.TxnCommandsBaseForTests: Running the query: drop table if exists acidTblPart
2024-04-24T05:15:46,941  INFO [main] ql.Driver: Compiling command(queryId=alex_20240424051546_3a6e6024-f89c-4802-addb-32fd55c88f4a): drop table if exists acidTblPart
2024-04-24T05:15:46,943  INFO [main] txn.TxnHandler: Added entries to MIN_HISTORY_LEVEL for current txns: ([2]) with min_open_txn: 1
2024-04-24T05:15:46,943  INFO [main] lockmgr.DbTxnManager: Opened txnid:2
2024-04-24T05:15:46,944  INFO [main] HiveMetaStore.audit: ugi=alex	ip=unknown-ip-addr	cmd=get_table : tbl=hive.default.acidTblPart	
2024-04-24T05:15:46,946  INFO [main] ql.Driver: Semantic Analysis Completed (retrial = false)
2024-04-24T05:15:46,946  INFO [main] ql.Driver: Created Hive schema: Schema(fieldSchemas:null, properties:null)
2024-04-24T05:15:46,946  INFO [main] metadata.Hive: Dumping metastore api call timing information for : compilation phase
2024-04-24T05:15:46,946  INFO [main] metadata.Hive: Total time spent in each metastore function (ms): {commitTxn_(CommitTxnRequest)=12, isCompatibleWith_(Configuration)=1, flushCache_()=0, openTxn_(String, TxnType)=1, getValidTxns_(long)=1}
2024-04-24T05:15:46,947  INFO [main] ql.Driver: Completed compiling command(queryId=alex_20240424051546_3a6e6024-f89c-4802-addb-32fd55c88f4a); Time taken: 0.005 seconds
2024-04-24T05:15:46,947  INFO [main] lockmgr.DbTxnManager: Setting lock request transaction to txnid:2 for queryId=alex_20240424051546_3a6e6024-f89c-4802-addb-32fd55c88f4a
2024-04-24T05:15:46,947  INFO [main] ql.Driver: Operation DROPTABLE obtained 0 locks
2024-04-24T05:15:46,947  INFO [main] ql.Driver: Executing command(queryId=alex_20240424051546_3a6e6024-f89c-4802-addb-32fd55c88f4a): drop table if exists acidTblPart
2024-04-24T05:15:46,947  INFO [main] ql.Driver: Starting task [Stage-0:DDL] in serial mode
2024-04-24T05:15:46,947  INFO [main] HiveMetaStore.audit: ugi=alex	ip=unknown-ip-addr	cmd=get_table : tbl=hive.default.acidTblPart	
2024-04-24T05:15:46,950  INFO [main] metadata.Hive: Dumping metastore api call timing information for : execution phase
2024-04-24T05:15:46,950  INFO [main] metadata.Hive: Total time spent in each metastore function (ms): {isCompatibleWith_(Configuration)=0}
2024-04-24T05:15:46,950  INFO [main] ql.Driver: Completed executing command(queryId=alex_20240424051546_3a6e6024-f89c-4802-addb-32fd55c88f4a); Time taken: 0.003 seconds
2024-04-24T05:15:46,950  INFO [main] lockmgr.DbTxnManager: Stopped heartbeat for query: alex_20240424051546_3a6e6024-f89c-4802-addb-32fd55c88f4a
2024-04-24T05:15:46,955  INFO [main] txn.TxnHandler: Expected to move at least one record from txn_components to completed_txn_components when committing txn! txnid:2
2024-04-24T05:15:46,960  INFO [main] txn.TxnHandler: Removed transactions: ([2]) from MIN_HISTORY_LEVEL
2024-04-24T05:15:46,961  WARN [main] txn.CompactionTxnHandler: No compaction queue record found for Compaction type transaction commit. txnId:2
2024-04-24T05:15:46,961  INFO [main] ql.TxnCommandsBaseForTests: Running the query: drop table if exists acidTbl2
2024-04-24T05:15:46,961  INFO [main] ql.Driver: Compiling command(queryId=alex_20240424051546_88b587a0-59b2-40ae-9ce2-cf4f1bba5164): drop table if exists acidTbl2
2024-04-24T05:15:46,963  INFO [main] txn.TxnHandler: Added entries to MIN_HISTORY_LEVEL for current txns: ([3]) with min_open_txn: 1
2024-04-24T05:15:46,963  INFO [main] lockmgr.DbTxnManager: Opened txnid:3
2024-04-24T05:15:46,964  INFO [main] HiveMetaStore.audit: ugi=alex	ip=unknown-ip-addr	cmd=get_table : tbl=hive.default.acidTbl2	
2024-04-24T05:15:46,966  INFO [main] ql.Driver: Semantic Analysis Completed (retrial = false)
2024-04-24T05:15:46,966  INFO [main] ql.Driver: Created Hive schema: Schema(fieldSchemas:null, properties:null)
2024-04-24T05:15:46,966  INFO [main] metadata.Hive: Dumping metastore api call timing information for : compilation phase
2024-04-24T05:15:46,966  INFO [main] metadata.Hive: Total time spent in each metastore function (ms): {flushCache_()=0, getValidTxns_(long)=1, commitTxn_(CommitTxnRequest)=11, openTxn_(String, TxnType)=1, isCompatibleWith_(Configuration)=0}
2024-04-24T05:15:46,967  INFO [main] ql.Driver: Completed compiling command(queryId=alex_20240424051546_88b587a0-59b2-40ae-9ce2-cf4f1bba5164); Time taken: 0.005 seconds
2024-04-24T05:15:46,967  INFO [main] lockmgr.DbTxnManager: Setting lock request transaction to txnid:3 for queryId=alex_20240424051546_88b587a0-59b2-40ae-9ce2-cf4f1bba5164
2024-04-24T05:15:46,967  INFO [main] ql.Driver: Operation DROPTABLE obtained 0 locks
2024-04-24T05:15:46,967  INFO [main] ql.Driver: Executing command(queryId=alex_20240424051546_88b587a0-59b2-40ae-9ce2-cf4f1bba5164): drop table if exists acidTbl2
2024-04-24T05:15:46,967  INFO [main] ql.Driver: Starting task [Stage-0:DDL] in serial mode
2024-04-24T05:15:46,967  INFO [main] HiveMetaStore.audit: ugi=alex	ip=unknown-ip-addr	cmd=get_table : tbl=hive.default.acidTbl2	
2024-04-24T05:15:46,970  INFO [main] metadata.Hive: Dumping metastore api call timing information for : execution phase
2024-04-24T05:15:46,970  INFO [main] metadata.Hive: Total time spent in each metastore function (ms): {isCompatibleWith_(Configuration)=0}
2024-04-24T05:15:46,970  INFO [main] ql.Driver: Completed executing command(queryId=alex_20240424051546_88b587a0-59b2-40ae-9ce2-cf4f1bba5164); Time taken: 0.003 seconds
2024-04-24T05:15:46,970  INFO [main] lockmgr.DbTxnManager: Stopped heartbeat for query: alex_20240424051546_88b587a0-59b2-40ae-9ce2-cf4f1bba5164
2024-04-24T05:15:46,975  INFO [main] txn.TxnHandler: Expected to move at least one record from txn_components to completed_txn_components when committing txn! txnid:3
2024-04-24T05:15:46,982  INFO [main] txn.TxnHandler: Removed transactions: ([3]) from MIN_HISTORY_LEVEL
2024-04-24T05:15:46,982  WARN [main] txn.CompactionTxnHandler: No compaction queue record found for Compaction type transaction commit. txnId:3
2024-04-24T05:15:46,982  INFO [main] ql.TxnCommandsBaseForTests: Running the query: drop table if exists nonAcidOrcTbl
2024-04-24T05:15:46,982  INFO [main] ql.Driver: Compiling command(queryId=alex_20240424051546_be3032d7-7a61-4d5d-a1c3-d3726d59ad5f): drop table if exists nonAcidOrcTbl
2024-04-24T05:15:46,984  INFO [main] txn.TxnHandler: Added entries to MIN_HISTORY_LEVEL for current txns: ([4]) with min_open_txn: 1
2024-04-24T05:15:46,985  INFO [main] lockmgr.DbTxnManager: Opened txnid:4
2024-04-24T05:15:46,985  INFO [main] HiveMetaStore.audit: ugi=alex	ip=unknown-ip-addr	cmd=get_table : tbl=hive.default.nonAcidOrcTbl	
2024-04-24T05:15:46,988  INFO [main] ql.Driver: Semantic Analysis Completed (retrial = false)
2024-04-24T05:15:46,988  INFO [main] ql.Driver: Created Hive schema: Schema(fieldSchemas:null, properties:null)
2024-04-24T05:15:46,988  INFO [main] metadata.Hive: Dumping metastore api call timing information for : compilation phase
2024-04-24T05:15:46,988  INFO [main] metadata.Hive: Total time spent in each metastore function (ms): {commitTxn_(CommitTxnRequest)=12, flushCache_()=1, isCompatibleWith_(Configuration)=0, getValidTxns_(long)=0, openTxn_(String, TxnType)=2}
2024-04-24T05:15:46,988  INFO [main] ql.Driver: Completed compiling command(queryId=alex_20240424051546_be3032d7-7a61-4d5d-a1c3-d3726d59ad5f); Time taken: 0.006 seconds
2024-04-24T05:15:46,988  INFO [main] lockmgr.DbTxnManager: Setting lock request transaction to txnid:4 for queryId=alex_20240424051546_be3032d7-7a61-4d5d-a1c3-d3726d59ad5f
2024-04-24T05:15:46,988  INFO [main] ql.Driver: Operation DROPTABLE obtained 0 locks
2024-04-24T05:15:46,989  INFO [main] ql.Driver: Executing command(queryId=alex_20240424051546_be3032d7-7a61-4d5d-a1c3-d3726d59ad5f): drop table if exists nonAcidOrcTbl
2024-04-24T05:15:46,989  INFO [main] ql.Driver: Starting task [Stage-0:DDL] in serial mode
2024-04-24T05:15:46,989  INFO [main] HiveMetaStore.audit: ugi=alex	ip=unknown-ip-addr	cmd=get_table : tbl=hive.default.nonAcidOrcTbl	
2024-04-24T05:15:46,992  INFO [main] metadata.Hive: Dumping metastore api call timing information for : execution phase
2024-04-24T05:15:46,992  INFO [main] metadata.Hive: Total time spent in each metastore function (ms): {isCompatibleWith_(Configuration)=0}
2024-04-24T05:15:46,992  INFO [main] ql.Driver: Completed executing command(queryId=alex_20240424051546_be3032d7-7a61-4d5d-a1c3-d3726d59ad5f); Time taken: 0.003 seconds
2024-04-24T05:15:46,992  INFO [main] lockmgr.DbTxnManager: Stopped heartbeat for query: alex_20240424051546_be3032d7-7a61-4d5d-a1c3-d3726d59ad5f
2024-04-24T05:15:46,997  INFO [main] txn.TxnHandler: Expected to move at least one record from txn_components to completed_txn_components when committing txn! txnid:4
2024-04-24T05:15:47,002  INFO [main] txn.TxnHandler: Removed transactions: ([4]) from MIN_HISTORY_LEVEL
2024-04-24T05:15:47,002  WARN [main] txn.CompactionTxnHandler: No compaction queue record found for Compaction type transaction commit. txnId:4
2024-04-24T05:15:47,003  INFO [main] ql.TxnCommandsBaseForTests: Running the query: drop table if exists nonAcidOrcTbl2
2024-04-24T05:15:47,003  INFO [main] ql.Driver: Compiling command(queryId=alex_20240424051547_d0dfc21c-c8bf-46f7-ad57-8d40efd6683f): drop table if exists nonAcidOrcTbl2
2024-04-24T05:15:47,005  INFO [main] txn.TxnHandler: Added entries to MIN_HISTORY_LEVEL for current txns: ([5]) with min_open_txn: 1
2024-04-24T05:15:47,005  INFO [main] lockmgr.DbTxnManager: Opened txnid:5
2024-04-24T05:15:47,006  INFO [main] HiveMetaStore.audit: ugi=alex	ip=unknown-ip-addr	cmd=get_table : tbl=hive.default.nonAcidOrcTbl2	
2024-04-24T05:15:47,008  INFO [main] ql.Driver: Semantic Analysis Completed (retrial = false)
2024-04-24T05:15:47,008  INFO [main] ql.Driver: Created Hive schema: Schema(fieldSchemas:null, properties:null)
2024-04-24T05:15:47,008  INFO [main] metadata.Hive: Dumping metastore api call timing information for : compilation phase
2024-04-24T05:15:47,008  INFO [main] metadata.Hive: Total time spent in each metastore function (ms): {isCompatibleWith_(Configuration)=0, commitTxn_(CommitTxnRequest)=11, getValidTxns_(long)=0, flushCache_()=0, openTxn_(String, TxnType)=2}
2024-04-24T05:15:47,009  INFO [main] ql.Driver: Completed compiling command(queryId=alex_20240424051547_d0dfc21c-c8bf-46f7-ad57-8d40efd6683f); Time taken: 0.005 seconds
2024-04-24T05:15:47,009  INFO [main] lockmgr.DbTxnManager: Setting lock request transaction to txnid:5 for queryId=alex_20240424051547_d0dfc21c-c8bf-46f7-ad57-8d40efd6683f
2024-04-24T05:15:47,009  INFO [main] ql.Driver: Operation DROPTABLE obtained 0 locks
2024-04-24T05:15:47,009  INFO [main] ql.Driver: Executing command(queryId=alex_20240424051547_d0dfc21c-c8bf-46f7-ad57-8d40efd6683f): drop table if exists nonAcidOrcTbl2
2024-04-24T05:15:47,009  INFO [main] ql.Driver: Starting task [Stage-0:DDL] in serial mode
2024-04-24T05:15:47,009  INFO [main] HiveMetaStore.audit: ugi=alex	ip=unknown-ip-addr	cmd=get_table : tbl=hive.default.nonAcidOrcTbl2	
2024-04-24T05:15:47,012  INFO [main] metadata.Hive: Dumping metastore api call timing information for : execution phase
2024-04-24T05:15:47,012  INFO [main] metadata.Hive: Total time spent in each metastore function (ms): {isCompatibleWith_(Configuration)=0}
2024-04-24T05:15:47,012  INFO [main] ql.Driver: Completed executing command(queryId=alex_20240424051547_d0dfc21c-c8bf-46f7-ad57-8d40efd6683f); Time taken: 0.003 seconds
2024-04-24T05:15:47,012  INFO [main] lockmgr.DbTxnManager: Stopped heartbeat for query: alex_20240424051547_d0dfc21c-c8bf-46f7-ad57-8d40efd6683f
2024-04-24T05:15:47,018  INFO [main] txn.TxnHandler: Expected to move at least one record from txn_components to completed_txn_components when committing txn! txnid:5
2024-04-24T05:15:47,024  INFO [main] txn.TxnHandler: Removed transactions: ([5]) from MIN_HISTORY_LEVEL
2024-04-24T05:15:47,024  WARN [main] txn.CompactionTxnHandler: No compaction queue record found for Compaction type transaction commit. txnId:5
2024-04-24T05:15:47,025  INFO [main] ql.TxnCommandsBaseForTests: Running the query: drop table if exists nonAcidNonBucket
2024-04-24T05:15:47,025  INFO [main] ql.Driver: Compiling command(queryId=alex_20240424051547_7d1bd9cb-6b09-4d1e-9229-565442cf06b8): drop table if exists nonAcidNonBucket
2024-04-24T05:15:47,027  INFO [main] txn.TxnHandler: Added entries to MIN_HISTORY_LEVEL for current txns: ([6]) with min_open_txn: 1
2024-04-24T05:15:47,027  INFO [main] lockmgr.DbTxnManager: Opened txnid:6
2024-04-24T05:15:47,028  INFO [main] HiveMetaStore.audit: ugi=alex	ip=unknown-ip-addr	cmd=get_table : tbl=hive.default.nonAcidNonBucket	
2024-04-24T05:15:47,031  INFO [main] ql.Driver: Semantic Analysis Completed (retrial = false)
2024-04-24T05:15:47,031  INFO [main] ql.Driver: Created Hive schema: Schema(fieldSchemas:null, properties:null)
2024-04-24T05:15:47,031  INFO [main] metadata.Hive: Dumping metastore api call timing information for : compilation phase
2024-04-24T05:15:47,031  INFO [main] metadata.Hive: Total time spent in each metastore function (ms): {flushCache_()=0, commitTxn_(CommitTxnRequest)=13, isCompatibleWith_(Configuration)=1, openTxn_(String, TxnType)=1, getValidTxns_(long)=0}
2024-04-24T05:15:47,031  INFO [main] ql.Driver: Completed compiling command(queryId=alex_20240424051547_7d1bd9cb-6b09-4d1e-9229-565442cf06b8); Time taken: 0.006 seconds
2024-04-24T05:15:47,031  INFO [main] lockmgr.DbTxnManager: Setting lock request transaction to txnid:6 for queryId=alex_20240424051547_7d1bd9cb-6b09-4d1e-9229-565442cf06b8
2024-04-24T05:15:47,031  INFO [main] ql.Driver: Operation DROPTABLE obtained 0 locks
2024-04-24T05:15:47,031  INFO [main] ql.Driver: Executing command(queryId=alex_20240424051547_7d1bd9cb-6b09-4d1e-9229-565442cf06b8): drop table if exists nonAcidNonBucket
2024-04-24T05:15:47,032  INFO [main] ql.Driver: Starting task [Stage-0:DDL] in serial mode
2024-04-24T05:15:47,032  INFO [main] HiveMetaStore.audit: ugi=alex	ip=unknown-ip-addr	cmd=get_table : tbl=hive.default.nonAcidNonBucket	
2024-04-24T05:15:47,035  INFO [main] metadata.Hive: Dumping metastore api call timing information for : execution phase
2024-04-24T05:15:47,035  INFO [main] metadata.Hive: Total time spent in each metastore function (ms): {isCompatibleWith_(Configuration)=0}
2024-04-24T05:15:47,035  INFO [main] ql.Driver: Completed executing command(queryId=alex_20240424051547_7d1bd9cb-6b09-4d1e-9229-565442cf06b8); Time taken: 0.004 seconds
2024-04-24T05:15:47,035  INFO [main] lockmgr.DbTxnManager: Stopped heartbeat for query: alex_20240424051547_7d1bd9cb-6b09-4d1e-9229-565442cf06b8
2024-04-24T05:15:47,040  INFO [main] txn.TxnHandler: Expected to move at least one record from txn_components to completed_txn_components when committing txn! txnid:6
2024-04-24T05:15:47,045  INFO [main] txn.TxnHandler: Removed transactions: ([6]) from MIN_HISTORY_LEVEL
2024-04-24T05:15:47,045  WARN [main] txn.CompactionTxnHandler: No compaction queue record found for Compaction type transaction commit. txnId:6
2024-04-24T05:15:47,046  INFO [main] ql.TxnCommandsBaseForTests: Running the query: create table acidTbl(a int, b int) clustered by (a) into 2 buckets stored as orc TBLPROPERTIES ('transactional'='true')
2024-04-24T05:15:47,046  INFO [main] ql.Driver: Compiling command(queryId=alex_20240424051547_8ae8f23a-46e0-4d5c-8edc-b784011cb288): create table acidTbl(a int, b int) clustered by (a) into 2 buckets stored as orc TBLPROPERTIES ('transactional'='true')
2024-04-24T05:15:47,048  INFO [main] txn.TxnHandler: Added entries to MIN_HISTORY_LEVEL for current txns: ([7]) with min_open_txn: 1
2024-04-24T05:15:47,048  INFO [main] lockmgr.DbTxnManager: Opened txnid:7
2024-04-24T05:15:47,049  INFO [main] parse.CalcitePlanner: Starting caching scope for: 
2024-04-24T05:15:47,049  INFO [main] parse.CalcitePlanner: Starting Semantic Analysis
2024-04-24T05:15:47,054  INFO [main] parse.CalcitePlanner: Creating table default.acidTbl position=13
2024-04-24T05:15:47,054  INFO [main] HiveMetaStore.audit: ugi=alex	ip=unknown-ip-addr	cmd=get_database: default	
2024-04-24T05:15:47,055  INFO [main] parse.CalcitePlanner: Ending caching scope for: 
2024-04-24T05:15:47,055  INFO [main] ql.Driver: Semantic Analysis Completed (retrial = false)
2024-04-24T05:15:47,056  INFO [main] ql.Driver: Created Hive schema: Schema(fieldSchemas:null, properties:null)
2024-04-24T05:15:47,056  INFO [main] metadata.Hive: Dumping metastore api call timing information for : compilation phase
2024-04-24T05:15:47,056  INFO [main] metadata.Hive: Total time spent in each metastore function (ms): {getValidWriteIds_(List, String)=5, flushCache_()=0, commitTxn_(CommitTxnRequest)=11, openTxn_(String, TxnType)=1, getValidTxns_(long)=0, isCompatibleWith_(Configuration)=2, getDatabase_(String)=1}
2024-04-24T05:15:47,056  INFO [main] ql.Driver: Completed compiling command(queryId=alex_20240424051547_8ae8f23a-46e0-4d5c-8edc-b784011cb288); Time taken: 0.01 seconds
2024-04-24T05:15:47,056  INFO [main] lockmgr.DbTxnManager: Setting lock request transaction to txnid:7 for queryId=alex_20240424051547_8ae8f23a-46e0-4d5c-8edc-b784011cb288
2024-04-24T05:15:47,056  INFO [main] lockmgr.DbLockManager: Requesting lock for queryId=alex_20240424051547_8ae8f23a-46e0-4d5c-8edc-b784011cb288
2024-04-24T05:15:47,073  INFO [main] lockmgr.DbLockManager: Response to queryId=alex_20240424051547_8ae8f23a-46e0-4d5c-8edc-b784011cb288 LockResponse(lockid:1, state:ACQUIRED)
2024-04-24T05:15:47,073  INFO [main] ql.Driver: Operation CREATETABLE obtained 1 locks
2024-04-24T05:15:47,073  INFO [main] ql.Driver: Executing command(queryId=alex_20240424051547_8ae8f23a-46e0-4d5c-8edc-b784011cb288): create table acidTbl(a int, b int) clustered by (a) into 2 buckets stored as orc TBLPROPERTIES ('transactional'='true')
2024-04-24T05:15:47,073  INFO [main] ql.Driver: Starting task [Stage-0:DDL] in serial mode
2024-04-24T05:15:47,074  INFO [main] HiveMetaStore.audit: ugi=alex	ip=unknown-ip-addr	cmd=create_table_req: Table(tableName:acidTbl, dbName:default, owner:alex, createTime:1713960947, lastAccessTime:0, retention:0, sd:StorageDescriptor(cols:[FieldSchema(name:a, type:int, comment:null), FieldSchema(name:b, type:int, comment:null)], location:null, inputFormat:org.apache.hadoop.hive.ql.io.orc.OrcInputFormat, outputFormat:org.apache.hadoop.hive.ql.io.orc.OrcOutputFormat, compressed:false, numBuckets:2, serdeInfo:SerDeInfo(name:null, serializationLib:org.apache.hadoop.hive.ql.io.orc.OrcSerde, parameters:{serialization.format=1}), bucketCols:[a], sortCols:[], parameters:{}, skewedInfo:SkewedInfo(skewedColNames:[], skewedColValues:[], skewedColValueLocationMaps:{}), storedAsSubDirectories:false), partitionKeys:[], parameters:{transactional=true, bucketing_version=2, totalSize=0, numRows=0, numFiles=0, numFilesErasureCoded=0, rawDataSize=0, COLUMN_STATS_ACCURATE={"BASIC_STATS":"true","COLUMN_STATS":{"a":"true","b":"true"}}}, viewOriginalText:null, viewExpandedText:null, tableType:MANAGED_TABLE, privileges:PrincipalPrivilegeSet(userPrivileges:{alex=[PrivilegeGrantInfo(privilege:INSERT, createTime:-1, grantor:alex, grantorType:USER, grantOption:true), PrivilegeGrantInfo(privilege:SELECT, createTime:-1, grantor:alex, grantorType:USER, grantOption:true), PrivilegeGrantInfo(privilege:UPDATE, createTime:-1, grantor:alex, grantorType:USER, grantOption:true), PrivilegeGrantInfo(privilege:DELETE, createTime:-1, grantor:alex, grantorType:USER, grantOption:true)]}, groupPrivileges:null, rolePrivileges:null), temporary:false, catName:hive, ownerType:USER, writeId:0)	
2024-04-24T05:15:47,079  INFO [main] utils.FileUtils: Creating directory if it doesn't exist: file:/home/alex/Repositories/hive/ql/target/tmp/org.apache.hadoop.hive.ql.TestTxnCommands-1713960750541/warehouse/acidtbl
2024-04-24T05:15:47,116  INFO [main] metadata.Hive: Dumping metastore api call timing information for : execution phase
2024-04-24T05:15:47,117  INFO [main] metadata.Hive: Total time spent in each metastore function (ms): {createTable_(Table)=42, isCompatibleWith_(Configuration)=1}
2024-04-24T05:15:47,117  INFO [main] ql.Driver: Completed executing command(queryId=alex_20240424051547_8ae8f23a-46e0-4d5c-8edc-b784011cb288); Time taken: 0.043 seconds
2024-04-24T05:15:47,117  INFO [main] lockmgr.DbTxnManager: Stopped heartbeat for query: alex_20240424051547_8ae8f23a-46e0-4d5c-8edc-b784011cb288
2024-04-24T05:15:47,121  INFO [main] txn.TxnHandler: Expected to move at least one record from txn_components to completed_txn_components when committing txn! txnid:7
2024-04-24T05:15:47,126  INFO [main] txn.TxnHandler: Removed transactions: ([7]) from MIN_HISTORY_LEVEL
2024-04-24T05:15:47,127  WARN [main] txn.CompactionTxnHandler: No compaction queue record found for Compaction type transaction commit. txnId:7
2024-04-24T05:15:47,128  INFO [main] ql.TxnCommandsBaseForTests: Running the query: create table acidTblPart(a int, b int) partitioned by (p string) clustered by (a) into 2 buckets stored as orc TBLPROPERTIES ('transactional'='true')
2024-04-24T05:15:47,128  INFO [main] ql.Driver: Compiling command(queryId=alex_20240424051547_59f40653-d39f-4faa-85d1-ab4e91d3a3e8): create table acidTblPart(a int, b int) partitioned by (p string) clustered by (a) into 2 buckets stored as orc TBLPROPERTIES ('transactional'='true')
2024-04-24T05:15:47,130  INFO [main] txn.TxnHandler: Added entries to MIN_HISTORY_LEVEL for current txns: ([8]) with min_open_txn: 1
2024-04-24T05:15:47,131  INFO [main] lockmgr.DbTxnManager: Opened txnid:8
2024-04-24T05:15:47,131  INFO [main] parse.CalcitePlanner: Starting caching scope for: 
2024-04-24T05:15:47,131  INFO [main] parse.CalcitePlanner: Starting Semantic Analysis
2024-04-24T05:15:47,133  INFO [main] parse.CalcitePlanner: Creating table default.acidTblPart position=13
2024-04-24T05:15:47,134  INFO [main] HiveMetaStore.audit: ugi=alex	ip=unknown-ip-addr	cmd=get_database: default	
2024-04-24T05:15:47,139  INFO [main] parse.CalcitePlanner: Ending caching scope for: 
2024-04-24T05:15:47,139  INFO [main] ql.Driver: Semantic Analysis Completed (retrial = false)
2024-04-24T05:15:47,139  INFO [main] ql.Driver: Created Hive schema: Schema(fieldSchemas:null, properties:null)
2024-04-24T05:15:47,139  INFO [main] metadata.Hive: Dumping metastore api call timing information for : compilation phase
2024-04-24T05:15:47,139  INFO [main] metadata.Hive: Total time spent in each metastore function (ms): {getDatabase_(String)=5, flushCache_()=0, commitTxn_(CommitTxnRequest)=11, getValidWriteIds_(List, String)=2, openTxn_(String, TxnType)=2, isCompatibleWith_(Configuration)=1, getValidTxns_(long)=0}
2024-04-24T05:15:47,139  INFO [main] ql.Driver: Completed compiling command(queryId=alex_20240424051547_59f40653-d39f-4faa-85d1-ab4e91d3a3e8); Time taken: 0.011 seconds
2024-04-24T05:15:47,139  INFO [main] lockmgr.DbTxnManager: Setting lock request transaction to txnid:8 for queryId=alex_20240424051547_59f40653-d39f-4faa-85d1-ab4e91d3a3e8
2024-04-24T05:15:47,139  INFO [main] lockmgr.DbLockManager: Requesting lock for queryId=alex_20240424051547_59f40653-d39f-4faa-85d1-ab4e91d3a3e8
2024-04-24T05:15:47,153  INFO [main] lockmgr.DbLockManager: Response to queryId=alex_20240424051547_59f40653-d39f-4faa-85d1-ab4e91d3a3e8 LockResponse(lockid:2, state:ACQUIRED)
2024-04-24T05:15:47,153  INFO [main] ql.Driver: Operation CREATETABLE obtained 1 locks
2024-04-24T05:15:47,154  INFO [main] ql.Driver: Executing command(queryId=alex_20240424051547_59f40653-d39f-4faa-85d1-ab4e91d3a3e8): create table acidTblPart(a int, b int) partitioned by (p string) clustered by (a) into 2 buckets stored as orc TBLPROPERTIES ('transactional'='true')
2024-04-24T05:15:47,154  INFO [main] ql.Driver: Starting task [Stage-0:DDL] in serial mode
2024-04-24T05:15:47,154  INFO [main] HiveMetaStore.audit: ugi=alex	ip=unknown-ip-addr	cmd=create_table_req: Table(tableName:acidTblPart, dbName:default, owner:alex, createTime:1713960947, lastAccessTime:0, retention:0, sd:StorageDescriptor(cols:[FieldSchema(name:a, type:int, comment:null), FieldSchema(name:b, type:int, comment:null)], location:null, inputFormat:org.apache.hadoop.hive.ql.io.orc.OrcInputFormat, outputFormat:org.apache.hadoop.hive.ql.io.orc.OrcOutputFormat, compressed:false, numBuckets:2, serdeInfo:SerDeInfo(name:null, serializationLib:org.apache.hadoop.hive.ql.io.orc.OrcSerde, parameters:{serialization.format=1}), bucketCols:[a], sortCols:[], parameters:{}, skewedInfo:SkewedInfo(skewedColNames:[], skewedColValues:[], skewedColValueLocationMaps:{}), storedAsSubDirectories:false), partitionKeys:[FieldSchema(name:p, type:string, comment:null)], parameters:{bucketing_version=2, transactional=true}, viewOriginalText:null, viewExpandedText:null, tableType:MANAGED_TABLE, privileges:PrincipalPrivilegeSet(userPrivileges:{alex=[PrivilegeGrantInfo(privilege:INSERT, createTime:-1, grantor:alex, grantorType:USER, grantOption:true), PrivilegeGrantInfo(privilege:SELECT, createTime:-1, grantor:alex, grantorType:USER, grantOption:true), PrivilegeGrantInfo(privilege:UPDATE, createTime:-1, grantor:alex, grantorType:USER, grantOption:true), PrivilegeGrantInfo(privilege:DELETE, createTime:-1, grantor:alex, grantorType:USER, grantOption:true)]}, groupPrivileges:null, rolePrivileges:null), temporary:false, catName:hive, ownerType:USER, writeId:0)	
2024-04-24T05:15:47,162  INFO [main] utils.FileUtils: Creating directory if it doesn't exist: file:/home/alex/Repositories/hive/ql/target/tmp/org.apache.hadoop.hive.ql.TestTxnCommands-1713960750541/warehouse/acidtblpart
2024-04-24T05:15:47,176  INFO [main] metadata.Hive: Dumping metastore api call timing information for : execution phase
2024-04-24T05:15:47,176  INFO [main] metadata.Hive: Total time spent in each metastore function (ms): {createTable_(Table)=22, isCompatibleWith_(Configuration)=0}
2024-04-24T05:15:47,176  INFO [main] ql.Driver: Completed executing command(queryId=alex_20240424051547_59f40653-d39f-4faa-85d1-ab4e91d3a3e8); Time taken: 0.022 seconds
2024-04-24T05:15:47,176  INFO [main] lockmgr.DbTxnManager: Stopped heartbeat for query: alex_20240424051547_59f40653-d39f-4faa-85d1-ab4e91d3a3e8
2024-04-24T05:15:47,180  INFO [main] txn.TxnHandler: Expected to move at least one record from txn_components to completed_txn_components when committing txn! txnid:8
2024-04-24T05:15:47,185  INFO [main] txn.TxnHandler: Removed transactions: ([8]) from MIN_HISTORY_LEVEL
2024-04-24T05:15:47,185  WARN [main] txn.CompactionTxnHandler: No compaction queue record found for Compaction type transaction commit. txnId:8
2024-04-24T05:15:47,186  INFO [main] ql.TxnCommandsBaseForTests: Running the query: create table nonAcidOrcTbl(a int, b int) clustered by (a) into 2 buckets stored as orc TBLPROPERTIES ('transactional'='false')
2024-04-24T05:15:47,186  INFO [main] ql.Driver: Compiling command(queryId=alex_20240424051547_8f0ecd82-4888-49cf-928e-f1c9850d2642): create table nonAcidOrcTbl(a int, b int) clustered by (a) into 2 buckets stored as orc TBLPROPERTIES ('transactional'='false')
2024-04-24T05:15:47,188  INFO [main] txn.TxnHandler: Added entries to MIN_HISTORY_LEVEL for current txns: ([9]) with min_open_txn: 1
2024-04-24T05:15:47,188  INFO [main] lockmgr.DbTxnManager: Opened txnid:9
2024-04-24T05:15:47,189  INFO [main] parse.CalcitePlanner: Starting caching scope for: 
2024-04-24T05:15:47,189  INFO [main] parse.CalcitePlanner: Starting Semantic Analysis
2024-04-24T05:15:47,191  INFO [main] parse.CalcitePlanner: Creating table default.nonAcidOrcTbl position=13
2024-04-24T05:15:47,191  INFO [main] HiveMetaStore.audit: ugi=alex	ip=unknown-ip-addr	cmd=get_database: default	
2024-04-24T05:15:47,192  INFO [main] parse.CalcitePlanner: Ending caching scope for: 
2024-04-24T05:15:47,192  INFO [main] ql.Driver: Semantic Analysis Completed (retrial = false)
2024-04-24T05:15:47,192  INFO [main] ql.Driver: Created Hive schema: Schema(fieldSchemas:null, properties:null)
2024-04-24T05:15:47,193  INFO [main] metadata.Hive: Dumping metastore api call timing information for : compilation phase
2024-04-24T05:15:47,193  INFO [main] metadata.Hive: Total time spent in each metastore function (ms): {getDatabase_(String)=1, flushCache_()=0, getValidTxns_(long)=1, isCompatibleWith_(Configuration)=1, getValidWriteIds_(List, String)=2, openTxn_(String, TxnType)=1, commitTxn_(CommitTxnRequest)=10}
2024-04-24T05:15:47,193  INFO [main] ql.Driver: Completed compiling command(queryId=alex_20240424051547_8f0ecd82-4888-49cf-928e-f1c9850d2642); Time taken: 0.006 seconds
2024-04-24T05:15:47,193  INFO [main] lockmgr.DbTxnManager: Setting lock request transaction to txnid:9 for queryId=alex_20240424051547_8f0ecd82-4888-49cf-928e-f1c9850d2642
2024-04-24T05:15:47,193  INFO [main] lockmgr.DbLockManager: Requesting lock for queryId=alex_20240424051547_8f0ecd82-4888-49cf-928e-f1c9850d2642
2024-04-24T05:15:47,206  INFO [main] lockmgr.DbLockManager: Response to queryId=alex_20240424051547_8f0ecd82-4888-49cf-928e-f1c9850d2642 LockResponse(lockid:3, state:ACQUIRED)
2024-04-24T05:15:47,206  INFO [main] ql.Driver: Operation CREATETABLE obtained 1 locks
2024-04-24T05:15:47,206  INFO [main] ql.Driver: Executing command(queryId=alex_20240424051547_8f0ecd82-4888-49cf-928e-f1c9850d2642): create table nonAcidOrcTbl(a int, b int) clustered by (a) into 2 buckets stored as orc TBLPROPERTIES ('transactional'='false')
2024-04-24T05:15:47,206  INFO [main] ql.Driver: Starting task [Stage-0:DDL] in serial mode
2024-04-24T05:15:47,207  INFO [main] HiveMetaStore.audit: ugi=alex	ip=unknown-ip-addr	cmd=create_table_req: Table(tableName:nonAcidOrcTbl, dbName:default, owner:alex, createTime:1713960947, lastAccessTime:0, retention:0, sd:StorageDescriptor(cols:[FieldSchema(name:a, type:int, comment:null), FieldSchema(name:b, type:int, comment:null)], location:null, inputFormat:org.apache.hadoop.hive.ql.io.orc.OrcInputFormat, outputFormat:org.apache.hadoop.hive.ql.io.orc.OrcOutputFormat, compressed:false, numBuckets:2, serdeInfo:SerDeInfo(name:null, serializationLib:org.apache.hadoop.hive.ql.io.orc.OrcSerde, parameters:{serialization.format=1}), bucketCols:[a], sortCols:[], parameters:{}, skewedInfo:SkewedInfo(skewedColNames:[], skewedColValues:[], skewedColValueLocationMaps:{}), storedAsSubDirectories:false), partitionKeys:[], parameters:{COLUMN_STATS_ACCURATE={"BASIC_STATS":"true","COLUMN_STATS":{"a":"true","b":"true"}}, numFiles=0, totalSize=0, bucketing_version=2, transactional=false, numRows=0, numFilesErasureCoded=0, rawDataSize=0}, viewOriginalText:null, viewExpandedText:null, tableType:MANAGED_TABLE, privileges:PrincipalPrivilegeSet(userPrivileges:{alex=[PrivilegeGrantInfo(privilege:INSERT, createTime:-1, grantor:alex, grantorType:USER, grantOption:true), PrivilegeGrantInfo(privilege:SELECT, createTime:-1, grantor:alex, grantorType:USER, grantOption:true), PrivilegeGrantInfo(privilege:UPDATE, createTime:-1, grantor:alex, grantorType:USER, grantOption:true), PrivilegeGrantInfo(privilege:DELETE, createTime:-1, grantor:alex, grantorType:USER, grantOption:true)]}, groupPrivileges:null, rolePrivileges:null), temporary:false, catName:hive, ownerType:USER)	
2024-04-24T05:15:47,212  INFO [main] utils.FileUtils: Creating directory if it doesn't exist: file:/home/alex/Repositories/hive/ql/target/tmp/org.apache.hadoop.hive.ql.TestTxnCommands-1713960750541/warehouse/nonacidorctbl
2024-04-24T05:15:47,225  INFO [main] metadata.Hive: Dumping metastore api call timing information for : execution phase
2024-04-24T05:15:47,226  INFO [main] metadata.Hive: Total time spent in each metastore function (ms): {isCompatibleWith_(Configuration)=1, createTable_(Table)=18}
2024-04-24T05:15:47,226  INFO [main] ql.Driver: Completed executing command(queryId=alex_20240424051547_8f0ecd82-4888-49cf-928e-f1c9850d2642); Time taken: 0.019 seconds
2024-04-24T05:15:47,226  INFO [main] lockmgr.DbTxnManager: Stopped heartbeat for query: alex_20240424051547_8f0ecd82-4888-49cf-928e-f1c9850d2642
2024-04-24T05:15:47,230  INFO [main] txn.TxnHandler: Expected to move at least one record from txn_components to completed_txn_components when committing txn! txnid:9
2024-04-24T05:15:47,235  INFO [main] txn.TxnHandler: Removed transactions: ([9]) from MIN_HISTORY_LEVEL
2024-04-24T05:15:47,235  WARN [main] txn.CompactionTxnHandler: No compaction queue record found for Compaction type transaction commit. txnId:9
2024-04-24T05:15:47,236  INFO [main] ql.TxnCommandsBaseForTests: Running the query: create table nonAcidOrcTbl2(a int, b int) clustered by (a) into 2 buckets stored as orc TBLPROPERTIES ('transactional'='false')
2024-04-24T05:15:47,236  INFO [main] ql.Driver: Compiling command(queryId=alex_20240424051547_8ab27607-3639-4084-bcac-1b4781d8157c): create table nonAcidOrcTbl2(a int, b int) clustered by (a) into 2 buckets stored as orc TBLPROPERTIES ('transactional'='false')
2024-04-24T05:15:47,238  INFO [main] txn.TxnHandler: Added entries to MIN_HISTORY_LEVEL for current txns: ([10]) with min_open_txn: 1
2024-04-24T05:15:47,238  INFO [main] lockmgr.DbTxnManager: Opened txnid:10
2024-04-24T05:15:47,238  INFO [main] parse.CalcitePlanner: Starting caching scope for: 
2024-04-24T05:15:47,238  INFO [main] parse.CalcitePlanner: Starting Semantic Analysis
2024-04-24T05:15:47,241  INFO [main] parse.CalcitePlanner: Creating table default.nonAcidOrcTbl2 position=13
2024-04-24T05:15:47,241  INFO [main] HiveMetaStore.audit: ugi=alex	ip=unknown-ip-addr	cmd=get_database: default	
2024-04-24T05:15:47,242  INFO [main] parse.CalcitePlanner: Ending caching scope for: 
2024-04-24T05:15:47,242  INFO [main] ql.Driver: Semantic Analysis Completed (retrial = false)
2024-04-24T05:15:47,242  INFO [main] ql.Driver: Created Hive schema: Schema(fieldSchemas:null, properties:null)
2024-04-24T05:15:47,242  INFO [main] metadata.Hive: Dumping metastore api call timing information for : compilation phase
2024-04-24T05:15:47,242  INFO [main] metadata.Hive: Total time spent in each metastore function (ms): {commitTxn_(CommitTxnRequest)=9, flushCache_()=0, isCompatibleWith_(Configuration)=0, getValidWriteIds_(List, String)=3, openTxn_(String, TxnType)=2, getDatabase_(String)=1, getValidTxns_(long)=0}
2024-04-24T05:15:47,243  INFO [main] ql.Driver: Completed compiling command(queryId=alex_20240424051547_8ab27607-3639-4084-bcac-1b4781d8157c); Time taken: 0.006 seconds
2024-04-24T05:15:47,243  INFO [main] lockmgr.DbTxnManager: Setting lock request transaction to txnid:10 for queryId=alex_20240424051547_8ab27607-3639-4084-bcac-1b4781d8157c
2024-04-24T05:15:47,243  INFO [main] lockmgr.DbLockManager: Requesting lock for queryId=alex_20240424051547_8ab27607-3639-4084-bcac-1b4781d8157c
2024-04-24T05:15:47,256  INFO [main] lockmgr.DbLockManager: Response to queryId=alex_20240424051547_8ab27607-3639-4084-bcac-1b4781d8157c LockResponse(lockid:4, state:ACQUIRED)
2024-04-24T05:15:47,256  INFO [main] ql.Driver: Operation CREATETABLE obtained 1 locks
2024-04-24T05:15:47,256  INFO [main] ql.Driver: Executing command(queryId=alex_20240424051547_8ab27607-3639-4084-bcac-1b4781d8157c): create table nonAcidOrcTbl2(a int, b int) clustered by (a) into 2 buckets stored as orc TBLPROPERTIES ('transactional'='false')
2024-04-24T05:15:47,256  INFO [main] ql.Driver: Starting task [Stage-0:DDL] in serial mode
2024-04-24T05:15:47,257  INFO [main] HiveMetaStore.audit: ugi=alex	ip=unknown-ip-addr	cmd=create_table_req: Table(tableName:nonAcidOrcTbl2, dbName:default, owner:alex, createTime:1713960947, lastAccessTime:0, retention:0, sd:StorageDescriptor(cols:[FieldSchema(name:a, type:int, comment:null), FieldSchema(name:b, type:int, comment:null)], location:null, inputFormat:org.apache.hadoop.hive.ql.io.orc.OrcInputFormat, outputFormat:org.apache.hadoop.hive.ql.io.orc.OrcOutputFormat, compressed:false, numBuckets:2, serdeInfo:SerDeInfo(name:null, serializationLib:org.apache.hadoop.hive.ql.io.orc.OrcSerde, parameters:{serialization.format=1}), bucketCols:[a], sortCols:[], parameters:{}, skewedInfo:SkewedInfo(skewedColNames:[], skewedColValues:[], skewedColValueLocationMaps:{}), storedAsSubDirectories:false), partitionKeys:[], parameters:{numRows=0, COLUMN_STATS_ACCURATE={"BASIC_STATS":"true","COLUMN_STATS":{"a":"true","b":"true"}}, rawDataSize=0, numFiles=0, bucketing_version=2, numFilesErasureCoded=0, transactional=false, totalSize=0}, viewOriginalText:null, viewExpandedText:null, tableType:MANAGED_TABLE, privileges:PrincipalPrivilegeSet(userPrivileges:{alex=[PrivilegeGrantInfo(privilege:INSERT, createTime:-1, grantor:alex, grantorType:USER, grantOption:true), PrivilegeGrantInfo(privilege:SELECT, createTime:-1, grantor:alex, grantorType:USER, grantOption:true), PrivilegeGrantInfo(privilege:UPDATE, createTime:-1, grantor:alex, grantorType:USER, grantOption:true), PrivilegeGrantInfo(privilege:DELETE, createTime:-1, grantor:alex, grantorType:USER, grantOption:true)]}, groupPrivileges:null, rolePrivileges:null), temporary:false, catName:hive, ownerType:USER)	
2024-04-24T05:15:47,262  INFO [main] utils.FileUtils: Creating directory if it doesn't exist: file:/home/alex/Repositories/hive/ql/target/tmp/org.apache.hadoop.hive.ql.TestTxnCommands-1713960750541/warehouse/nonacidorctbl2
2024-04-24T05:15:47,276  INFO [main] metadata.Hive: Dumping metastore api call timing information for : execution phase
2024-04-24T05:15:47,276  INFO [main] metadata.Hive: Total time spent in each metastore function (ms): {createTable_(Table)=19, isCompatibleWith_(Configuration)=0}
2024-04-24T05:15:47,276  INFO [main] ql.Driver: Completed executing command(queryId=alex_20240424051547_8ab27607-3639-4084-bcac-1b4781d8157c); Time taken: 0.02 seconds
2024-04-24T05:15:47,276  INFO [main] lockmgr.DbTxnManager: Stopped heartbeat for query: alex_20240424051547_8ab27607-3639-4084-bcac-1b4781d8157c
2024-04-24T05:15:47,280  INFO [main] txn.TxnHandler: Expected to move at least one record from txn_components to completed_txn_components when committing txn! txnid:10
2024-04-24T05:15:47,285  INFO [main] txn.TxnHandler: Removed transactions: ([10]) from MIN_HISTORY_LEVEL
2024-04-24T05:15:47,285  WARN [main] txn.CompactionTxnHandler: No compaction queue record found for Compaction type transaction commit. txnId:10
2024-04-24T05:15:47,286  INFO [main] ql.TxnCommandsBaseForTests: Running the query: create temporary  table acidTbl2(a int, b int, c int) clustered by (c) into 2 buckets stored as orc TBLPROPERTIES ('transactional'='true')
2024-04-24T05:15:47,286  INFO [main] ql.Driver: Compiling command(queryId=alex_20240424051547_7275311e-1dd7-465e-8a03-7351bf129b58): create temporary  table acidTbl2(a int, b int, c int) clustered by (c) into 2 buckets stored as orc TBLPROPERTIES ('transactional'='true')
2024-04-24T05:15:47,288  INFO [main] txn.TxnHandler: Added entries to MIN_HISTORY_LEVEL for current txns: ([11]) with min_open_txn: 1
2024-04-24T05:15:47,288  INFO [main] lockmgr.DbTxnManager: Opened txnid:11
2024-04-24T05:15:47,289  INFO [main] parse.CalcitePlanner: Starting caching scope for: 
2024-04-24T05:15:47,289  INFO [main] parse.CalcitePlanner: Starting Semantic Analysis
2024-04-24T05:15:47,291  INFO [main] parse.CalcitePlanner: Creating table default.acidTbl2 position=24
2024-04-24T05:15:47,291  INFO [main] HiveMetaStore.audit: ugi=alex	ip=unknown-ip-addr	cmd=get_database: default	
2024-04-24T05:15:47,292  INFO [main] parse.CalcitePlanner: Ending caching scope for: 
2024-04-24T05:15:47,293  INFO [main] ql.Driver: Semantic Analysis Completed (retrial = false)
2024-04-24T05:15:47,293  INFO [main] ql.Driver: Created Hive schema: Schema(fieldSchemas:null, properties:null)
2024-04-24T05:15:47,293  INFO [main] metadata.Hive: Dumping metastore api call timing information for : compilation phase
2024-04-24T05:15:47,293  INFO [main] metadata.Hive: Total time spent in each metastore function (ms): {flushCache_()=0, getValidTxns_(long)=1, commitTxn_(CommitTxnRequest)=10, openTxn_(String, TxnType)=1, isCompatibleWith_(Configuration)=1, getValidWriteIds_(List, String)=2, getDatabase_(String)=1}
2024-04-24T05:15:47,293  INFO [main] ql.Driver: Completed compiling command(queryId=alex_20240424051547_7275311e-1dd7-465e-8a03-7351bf129b58); Time taken: 0.007 seconds
2024-04-24T05:15:47,293  INFO [main] lockmgr.DbTxnManager: Setting lock request transaction to txnid:11 for queryId=alex_20240424051547_7275311e-1dd7-465e-8a03-7351bf129b58
2024-04-24T05:15:47,293  INFO [main] lockmgr.DbLockManager: Requesting lock for queryId=alex_20240424051547_7275311e-1dd7-465e-8a03-7351bf129b58
2024-04-24T05:15:47,306  INFO [main] lockmgr.DbLockManager: Response to queryId=alex_20240424051547_7275311e-1dd7-465e-8a03-7351bf129b58 LockResponse(lockid:5, state:ACQUIRED)
2024-04-24T05:15:47,306  INFO [main] ql.Driver: Operation CREATETABLE obtained 1 locks
2024-04-24T05:15:47,307  INFO [main] ql.Driver: Executing command(queryId=alex_20240424051547_7275311e-1dd7-465e-8a03-7351bf129b58): create temporary  table acidTbl2(a int, b int, c int) clustered by (c) into 2 buckets stored as orc TBLPROPERTIES ('transactional'='true')
2024-04-24T05:15:47,307  INFO [main] ql.Driver: Starting task [Stage-0:DDL] in serial mode
2024-04-24T05:15:47,308  INFO [main] utils.FileUtils: Creating directory if it doesn't exist: file:/home/alex/Repositories/hive/ql/target/tmp/scratchdir/alex/abf7bf9f-ddbf-4749-8130-de551674f6fa/_tmp_space.db/29093ae8-d2d9-451e-b294-c21ea5dd69de
2024-04-24T05:15:47,310  INFO [main] metadata.Hive: Dumping metastore api call timing information for : execution phase
2024-04-24T05:15:47,311  INFO [main] metadata.Hive: Total time spent in each metastore function (ms): {isCompatibleWith_(Configuration)=0, createTable_(Table)=2}
2024-04-24T05:15:47,311  INFO [main] ql.Driver: Completed executing command(queryId=alex_20240424051547_7275311e-1dd7-465e-8a03-7351bf129b58); Time taken: 0.003 seconds
2024-04-24T05:15:47,311  INFO [main] lockmgr.DbTxnManager: Stopped heartbeat for query: alex_20240424051547_7275311e-1dd7-465e-8a03-7351bf129b58
2024-04-24T05:15:47,315  INFO [main] txn.TxnHandler: Expected to move at least one record from txn_components to completed_txn_components when committing txn! txnid:11
2024-04-24T05:15:47,320  INFO [main] txn.TxnHandler: Removed transactions: ([11]) from MIN_HISTORY_LEVEL
2024-04-24T05:15:47,320  WARN [main] txn.CompactionTxnHandler: No compaction queue record found for Compaction type transaction commit. txnId:11
2024-04-24T05:15:47,321  INFO [main] ql.TxnCommandsBaseForTests: Running the query: create table nonAcidNonBucket(a int, b int) stored as orc TBLPROPERTIES ('transactional'='false')
2024-04-24T05:15:47,321  INFO [main] ql.Driver: Compiling command(queryId=alex_20240424051547_7167d470-c381-4bbf-857a-6223ec6fed73): create table nonAcidNonBucket(a int, b int) stored as orc TBLPROPERTIES ('transactional'='false')
2024-04-24T05:15:47,323  INFO [main] txn.TxnHandler: Added entries to MIN_HISTORY_LEVEL for current txns: ([12]) with min_open_txn: 1
2024-04-24T05:15:47,323  INFO [main] lockmgr.DbTxnManager: Opened txnid:12
2024-04-24T05:15:47,324  INFO [main] parse.CalcitePlanner: Starting caching scope for: 
2024-04-24T05:15:47,324  INFO [main] parse.CalcitePlanner: Starting Semantic Analysis
2024-04-24T05:15:47,326  INFO [main] parse.CalcitePlanner: Creating table default.nonAcidNonBucket position=13
2024-04-24T05:15:47,326  INFO [main] HiveMetaStore.audit: ugi=alex	ip=unknown-ip-addr	cmd=get_database: default	
2024-04-24T05:15:47,327  INFO [main] parse.CalcitePlanner: Ending caching scope for: 
2024-04-24T05:15:47,327  INFO [main] ql.Driver: Semantic Analysis Completed (retrial = false)
2024-04-24T05:15:47,327  INFO [main] ql.Driver: Created Hive schema: Schema(fieldSchemas:null, properties:null)
2024-04-24T05:15:47,328  INFO [main] metadata.Hive: Dumping metastore api call timing information for : compilation phase
2024-04-24T05:15:47,328  INFO [main] metadata.Hive: Total time spent in each metastore function (ms): {getValidTxns_(long)=1, getValidWriteIds_(List, String)=2, flushCache_()=0, isCompatibleWith_(Configuration)=0, openTxn_(String, TxnType)=2, commitTxn_(CommitTxnRequest)=10, getDatabase_(String)=1}
2024-04-24T05:15:47,328  INFO [main] ql.Driver: Completed compiling command(queryId=alex_20240424051547_7167d470-c381-4bbf-857a-6223ec6fed73); Time taken: 0.007 seconds
2024-04-24T05:15:47,328  INFO [main] lockmgr.DbTxnManager: Setting lock request transaction to txnid:12 for queryId=alex_20240424051547_7167d470-c381-4bbf-857a-6223ec6fed73
2024-04-24T05:15:47,328  INFO [main] lockmgr.DbLockManager: Requesting lock for queryId=alex_20240424051547_7167d470-c381-4bbf-857a-6223ec6fed73
2024-04-24T05:15:47,341  INFO [main] lockmgr.DbLockManager: Response to queryId=alex_20240424051547_7167d470-c381-4bbf-857a-6223ec6fed73 LockResponse(lockid:6, state:ACQUIRED)
2024-04-24T05:15:47,341  INFO [main] ql.Driver: Operation CREATETABLE obtained 1 locks
2024-04-24T05:15:47,341  INFO [main] ql.Driver: Executing command(queryId=alex_20240424051547_7167d470-c381-4bbf-857a-6223ec6fed73): create table nonAcidNonBucket(a int, b int) stored as orc TBLPROPERTIES ('transactional'='false')
2024-04-24T05:15:47,341  INFO [main] ql.Driver: Starting task [Stage-0:DDL] in serial mode
2024-04-24T05:15:47,342  INFO [main] HiveMetaStore.audit: ugi=alex	ip=unknown-ip-addr	cmd=create_table_req: Table(tableName:nonAcidNonBucket, dbName:default, owner:alex, createTime:1713960947, lastAccessTime:0, retention:0, sd:StorageDescriptor(cols:[FieldSchema(name:a, type:int, comment:null), FieldSchema(name:b, type:int, comment:null)], location:null, inputFormat:org.apache.hadoop.hive.ql.io.orc.OrcInputFormat, outputFormat:org.apache.hadoop.hive.ql.io.orc.OrcOutputFormat, compressed:false, numBuckets:-1, serdeInfo:SerDeInfo(name:null, serializationLib:org.apache.hadoop.hive.ql.io.orc.OrcSerde, parameters:{serialization.format=1}), bucketCols:[], sortCols:[], parameters:{}, skewedInfo:SkewedInfo(skewedColNames:[], skewedColValues:[], skewedColValueLocationMaps:{}), storedAsSubDirectories:false), partitionKeys:[], parameters:{transactional=false, numFilesErasureCoded=0, COLUMN_STATS_ACCURATE={"BASIC_STATS":"true","COLUMN_STATS":{"a":"true","b":"true"}}, bucketing_version=2, numRows=0, numFiles=0, totalSize=0, rawDataSize=0}, viewOriginalText:null, viewExpandedText:null, tableType:MANAGED_TABLE, privileges:PrincipalPrivilegeSet(userPrivileges:{alex=[PrivilegeGrantInfo(privilege:INSERT, createTime:-1, grantor:alex, grantorType:USER, grantOption:true), PrivilegeGrantInfo(privilege:SELECT, createTime:-1, grantor:alex, grantorType:USER, grantOption:true), PrivilegeGrantInfo(privilege:UPDATE, createTime:-1, grantor:alex, grantorType:USER, grantOption:true), PrivilegeGrantInfo(privilege:DELETE, createTime:-1, grantor:alex, grantorType:USER, grantOption:true)]}, groupPrivileges:null, rolePrivileges:null), temporary:false, catName:hive, ownerType:USER)	
2024-04-24T05:15:47,347  INFO [main] utils.FileUtils: Creating directory if it doesn't exist: file:/home/alex/Repositories/hive/ql/target/tmp/org.apache.hadoop.hive.ql.TestTxnCommands-1713960750541/warehouse/nonacidnonbucket
2024-04-24T05:15:47,359  INFO [main] metadata.Hive: Dumping metastore api call timing information for : execution phase
2024-04-24T05:15:47,360  INFO [main] metadata.Hive: Total time spent in each metastore function (ms): {createTable_(Table)=17, isCompatibleWith_(Configuration)=0}
2024-04-24T05:15:47,360  INFO [main] ql.Driver: Completed executing command(queryId=alex_20240424051547_7167d470-c381-4bbf-857a-6223ec6fed73); Time taken: 0.018 seconds
2024-04-24T05:15:47,360  INFO [main] lockmgr.DbTxnManager: Stopped heartbeat for query: alex_20240424051547_7167d470-c381-4bbf-857a-6223ec6fed73
2024-04-24T05:15:47,363  INFO [main] txn.TxnHandler: Expected to move at least one record from txn_components to completed_txn_components when committing txn! txnid:12
2024-04-24T05:15:47,369  INFO [main] txn.TxnHandler: Removed transactions: ([12]) from MIN_HISTORY_LEVEL
2024-04-24T05:15:47,369  WARN [main] txn.CompactionTxnHandler: No compaction queue record found for Compaction type transaction commit. txnId:12
2024-04-24T05:15:47,370  INFO [main] ql.TxnCommandsBaseForTests: Running the query: drop table if exists `aci/d_u/ami`
2024-04-24T05:15:47,370  INFO [main] ql.Driver: Compiling command(queryId=alex_20240424051547_0177727f-e01e-4cd6-b24f-01d6ef15257e): drop table if exists `aci/d_u/ami`
2024-04-24T05:15:47,372  INFO [main] txn.TxnHandler: Added entries to MIN_HISTORY_LEVEL for current txns: ([13]) with min_open_txn: 1
2024-04-24T05:15:47,372  INFO [main] lockmgr.DbTxnManager: Opened txnid:13
2024-04-24T05:15:47,372  INFO [main] HiveMetaStore.audit: ugi=alex	ip=unknown-ip-addr	cmd=get_table : tbl=hive.default.aci/d_u/ami	
2024-04-24T05:15:47,390  INFO [main] metastore.HMSHandler: Skipping translation for processor with null
2024-04-24T05:15:47,390  INFO [main] ql.Driver: Semantic Analysis Completed (retrial = false)
2024-04-24T05:15:47,390  INFO [main] ql.Driver: Created Hive schema: Schema(fieldSchemas:null, properties:null)
2024-04-24T05:15:47,390  INFO [main] metadata.Hive: Dumping metastore api call timing information for : compilation phase
2024-04-24T05:15:47,390  INFO [main] metadata.Hive: Total time spent in each metastore function (ms): {isCompatibleWith_(Configuration)=0, getValidTxns_(long)=0, getTable_(GetTableRequest)=18, openTxn_(String, TxnType)=2, flushCache_()=0, commitTxn_(CommitTxnRequest)=9}
2024-04-24T05:15:47,390  INFO [main] ql.Driver: Completed compiling command(queryId=alex_20240424051547_0177727f-e01e-4cd6-b24f-01d6ef15257e); Time taken: 0.02 seconds
2024-04-24T05:15:47,390  INFO [main] lockmgr.DbTxnManager: Setting lock request transaction to txnid:13 for queryId=alex_20240424051547_0177727f-e01e-4cd6-b24f-01d6ef15257e
2024-04-24T05:15:47,391  INFO [main] lockmgr.DbLockManager: Requesting lock for queryId=alex_20240424051547_0177727f-e01e-4cd6-b24f-01d6ef15257e
2024-04-24T05:15:47,407  INFO [main] lockmgr.DbLockManager: Response to queryId=alex_20240424051547_0177727f-e01e-4cd6-b24f-01d6ef15257e LockResponse(lockid:7, state:ACQUIRED)
2024-04-24T05:15:47,407  INFO [main] ql.Driver: Operation DROPTABLE obtained 1 locks
2024-04-24T05:15:47,407  INFO [main] ql.Driver: Executing command(queryId=alex_20240424051547_0177727f-e01e-4cd6-b24f-01d6ef15257e): drop table if exists `aci/d_u/ami`
2024-04-24T05:15:47,407  INFO [main] ql.Driver: Starting task [Stage-0:DDL] in serial mode
2024-04-24T05:15:47,408  INFO [main] HiveMetaStore.audit: ugi=alex	ip=unknown-ip-addr	cmd=get_table : tbl=hive.default.aci/d_u/ami	
2024-04-24T05:15:47,414  INFO [main] metastore.HMSHandler: Skipping translation for processor with null
2024-04-24T05:15:47,414  INFO [main] HiveMetaStore.audit: ugi=alex	ip=unknown-ip-addr	cmd=get_table : tbl=hive.default.aci/d_u/ami	
2024-04-24T05:15:47,420  INFO [main] metastore.HMSHandler: Skipping translation for processor with null
2024-04-24T05:15:47,420  INFO [main] HiveMetaStore.audit: ugi=alex	ip=unknown-ip-addr	cmd=drop_table : tbl=hive.default.aci/d_u/ami	
2024-04-24T05:15:47,516  WARN [main] utils.FileUtils: File file:/home/alex/Repositories/hive/ql/target/tmp/org.apache.hadoop.hive.ql.TestTxnCommands-1713960750541/warehouse/aci-47-d_u-47-ami does not exist; Force to delete it.
2024-04-24T05:15:47,516 ERROR [main] utils.FileUtils: Failed to delete file:/home/alex/Repositories/hive/ql/target/tmp/org.apache.hadoop.hive.ql.TestTxnCommands-1713960750541/warehouse/aci-47-d_u-47-ami
2024-04-24T05:15:47,516  INFO [main] metadata.Hive: Dumping metastore api call timing information for : execution phase
2024-04-24T05:15:47,517  INFO [main] metadata.Hive: Total time spent in each metastore function (ms): {dropTable_(String, String, boolean, boolean, boolean)=102, isCompatibleWith_(Configuration)=1, getTable_(GetTableRequest)=6}
2024-04-24T05:15:47,517  INFO [main] ql.Driver: Completed executing command(queryId=alex_20240424051547_0177727f-e01e-4cd6-b24f-01d6ef15257e); Time taken: 0.109 seconds
2024-04-24T05:15:47,517  INFO [main] lockmgr.DbTxnManager: Stopped heartbeat for query: alex_20240424051547_0177727f-e01e-4cd6-b24f-01d6ef15257e
2024-04-24T05:15:47,520  INFO [main] txn.TxnHandler: Expected to move at least one record from txn_components to completed_txn_components when committing txn! txnid:13
2024-04-24T05:15:47,526  INFO [main] txn.TxnHandler: Removed transactions: ([13]) from MIN_HISTORY_LEVEL
2024-04-24T05:15:47,526  WARN [main] txn.CompactionTxnHandler: No compaction queue record found for Compaction type transaction commit. txnId:13
2024-04-24T05:15:47,527  INFO [main] ql.TxnCommandsBaseForTests: Running the query: drop table if exists `src/name`
2024-04-24T05:15:47,527  INFO [main] ql.Driver: Compiling command(queryId=alex_20240424051547_d402bd59-d0f4-44ca-8b02-1ee3296d56c2): drop table if exists `src/name`
2024-04-24T05:15:47,529  INFO [main] txn.TxnHandler: Added entries to MIN_HISTORY_LEVEL for current txns: ([14]) with min_open_txn: 1
2024-04-24T05:15:47,529  INFO [main] lockmgr.DbTxnManager: Opened txnid:14
2024-04-24T05:15:47,529  INFO [main] HiveMetaStore.audit: ugi=alex	ip=unknown-ip-addr	cmd=get_table : tbl=hive.default.src/name	
2024-04-24T05:15:47,549  INFO [main] metastore.HMSHandler: Skipping translation for processor with null
2024-04-24T05:15:47,549  INFO [main] ql.Driver: Semantic Analysis Completed (retrial = false)
2024-04-24T05:15:47,549  INFO [main] ql.Driver: Created Hive schema: Schema(fieldSchemas:null, properties:null)
2024-04-24T05:15:47,549  INFO [main] metadata.Hive: Dumping metastore api call timing information for : compilation phase
2024-04-24T05:15:47,549  INFO [main] metadata.Hive: Total time spent in each metastore function (ms): {getTable_(GetTableRequest)=20, commitTxn_(CommitTxnRequest)=9, flushCache_()=0, openTxn_(String, TxnType)=2, getValidTxns_(long)=0, isCompatibleWith_(Configuration)=0}
2024-04-24T05:15:47,549  INFO [main] ql.Driver: Completed compiling command(queryId=alex_20240424051547_d402bd59-d0f4-44ca-8b02-1ee3296d56c2); Time taken: 0.022 seconds
2024-04-24T05:15:47,550  INFO [main] lockmgr.DbTxnManager: Setting lock request transaction to txnid:14 for queryId=alex_20240424051547_d402bd59-d0f4-44ca-8b02-1ee3296d56c2
2024-04-24T05:15:47,550  INFO [main] lockmgr.DbLockManager: Requesting lock for queryId=alex_20240424051547_d402bd59-d0f4-44ca-8b02-1ee3296d56c2
2024-04-24T05:15:47,563  INFO [main] lockmgr.DbLockManager: Response to queryId=alex_20240424051547_d402bd59-d0f4-44ca-8b02-1ee3296d56c2 LockResponse(lockid:8, state:ACQUIRED)
2024-04-24T05:15:47,563  INFO [main] ql.Driver: Operation DROPTABLE obtained 1 locks
2024-04-24T05:15:47,563  INFO [main] ql.Driver: Executing command(queryId=alex_20240424051547_d402bd59-d0f4-44ca-8b02-1ee3296d56c2): drop table if exists `src/name`
2024-04-24T05:15:47,563  INFO [main] ql.Driver: Starting task [Stage-0:DDL] in serial mode
2024-04-24T05:15:47,563  INFO [main] HiveMetaStore.audit: ugi=alex	ip=unknown-ip-addr	cmd=get_table : tbl=hive.default.src/name	
2024-04-24T05:15:47,572  INFO [main] metastore.HMSHandler: Skipping translation for processor with null
2024-04-24T05:15:47,572  INFO [main] HiveMetaStore.audit: ugi=alex	ip=unknown-ip-addr	cmd=get_table : tbl=hive.default.src/name	
2024-04-24T05:15:47,579  INFO [main] metastore.HMSHandler: Skipping translation for processor with null
2024-04-24T05:15:47,579  INFO [main] HiveMetaStore.audit: ugi=alex	ip=unknown-ip-addr	cmd=drop_table : tbl=hive.default.src/name	
2024-04-24T05:15:47,608  WARN [main] utils.FileUtils: File file:/home/alex/Repositories/hive/ql/target/tmp/org.apache.hadoop.hive.ql.TestTxnCommands-1713960750541/warehouse/src-47-name does not exist; Force to delete it.
2024-04-24T05:15:47,609 ERROR [main] utils.FileUtils: Failed to delete file:/home/alex/Repositories/hive/ql/target/tmp/org.apache.hadoop.hive.ql.TestTxnCommands-1713960750541/warehouse/src-47-name
2024-04-24T05:15:47,609  INFO [main] metadata.Hive: Dumping metastore api call timing information for : execution phase
2024-04-24T05:15:47,609  INFO [main] metadata.Hive: Total time spent in each metastore function (ms): {dropTable_(String, String, boolean, boolean, boolean)=37, isCompatibleWith_(Configuration)=0, getTable_(GetTableRequest)=9}
2024-04-24T05:15:47,609  INFO [main] ql.Driver: Completed executing command(queryId=alex_20240424051547_d402bd59-d0f4-44ca-8b02-1ee3296d56c2); Time taken: 0.046 seconds
2024-04-24T05:15:47,609  INFO [main] lockmgr.DbTxnManager: Stopped heartbeat for query: alex_20240424051547_d402bd59-d0f4-44ca-8b02-1ee3296d56c2
2024-04-24T05:15:47,613  INFO [main] txn.TxnHandler: Expected to move at least one record from txn_components to completed_txn_components when committing txn! txnid:14
2024-04-24T05:15:47,618  INFO [main] txn.TxnHandler: Removed transactions: ([14]) from MIN_HISTORY_LEVEL
2024-04-24T05:15:47,618  WARN [main] txn.CompactionTxnHandler: No compaction queue record found for Compaction type transaction commit. txnId:14
2024-04-24T05:15:47,619  INFO [main] ql.TxnCommandsBaseForTests: Running the query: create table `aci/d_u/ami`(i int,`d?*de e` decimal(5,2),vc varchar(128)) clustered by (i) into 2 buckets stored as orc TBLPROPERTIES ('transactional'='true')
2024-04-24T05:15:47,619  INFO [main] ql.Driver: Compiling command(queryId=alex_20240424051547_b099d45f-6f16-4103-8982-6678216b0741): create table `aci/d_u/ami`(i int,`d?*de e` decimal(5,2),vc varchar(128)) clustered by (i) into 2 buckets stored as orc TBLPROPERTIES ('transactional'='true')
2024-04-24T05:15:47,622  INFO [main] txn.TxnHandler: Added entries to MIN_HISTORY_LEVEL for current txns: ([15]) with min_open_txn: 1
2024-04-24T05:15:47,622  INFO [main] lockmgr.DbTxnManager: Opened txnid:15
2024-04-24T05:15:47,622  INFO [main] parse.CalcitePlanner: Starting caching scope for: 
2024-04-24T05:15:47,622  INFO [main] parse.CalcitePlanner: Starting Semantic Analysis
2024-04-24T05:15:47,627  INFO [main] parse.CalcitePlanner: Creating table default.aci/d_u/ami position=13
2024-04-24T05:15:47,627  INFO [main] HiveMetaStore.audit: ugi=alex	ip=unknown-ip-addr	cmd=get_database: default	
2024-04-24T05:15:47,629  INFO [main] parse.CalcitePlanner: Ending caching scope for: 
2024-04-24T05:15:47,629  INFO [main] ql.Driver: Semantic Analysis Completed (retrial = false)
2024-04-24T05:15:47,629  INFO [main] ql.Driver: Created Hive schema: Schema(fieldSchemas:null, properties:null)
2024-04-24T05:15:47,629  INFO [main] metadata.Hive: Dumping metastore api call timing information for : compilation phase
2024-04-24T05:15:47,629  INFO [main] metadata.Hive: Total time spent in each metastore function (ms): {getValidWriteIds_(List, String)=5, commitTxn_(CommitTxnRequest)=10, openTxn_(String, TxnType)=2, getValidTxns_(long)=0, getDatabase_(String)=2, isCompatibleWith_(Configuration)=0, flushCache_()=0}
2024-04-24T05:15:47,629  INFO [main] ql.Driver: Completed compiling command(queryId=alex_20240424051547_b099d45f-6f16-4103-8982-6678216b0741); Time taken: 0.01 seconds
2024-04-24T05:15:47,629  INFO [main] lockmgr.DbTxnManager: Setting lock request transaction to txnid:15 for queryId=alex_20240424051547_b099d45f-6f16-4103-8982-6678216b0741
2024-04-24T05:15:47,630  INFO [main] lockmgr.DbLockManager: Requesting lock for queryId=alex_20240424051547_b099d45f-6f16-4103-8982-6678216b0741
2024-04-24T05:15:47,644  INFO [main] lockmgr.DbLockManager: Response to queryId=alex_20240424051547_b099d45f-6f16-4103-8982-6678216b0741 LockResponse(lockid:9, state:ACQUIRED)
2024-04-24T05:15:47,644  INFO [main] ql.Driver: Operation CREATETABLE obtained 1 locks
2024-04-24T05:15:47,644  INFO [main] ql.Driver: Executing command(queryId=alex_20240424051547_b099d45f-6f16-4103-8982-6678216b0741): create table `aci/d_u/ami`(i int,`d?*de e` decimal(5,2),vc varchar(128)) clustered by (i) into 2 buckets stored as orc TBLPROPERTIES ('transactional'='true')
2024-04-24T05:15:47,644  INFO [main] ql.Driver: Starting task [Stage-0:DDL] in serial mode
2024-04-24T05:15:47,645  INFO [main] HiveMetaStore.audit: ugi=alex	ip=unknown-ip-addr	cmd=create_table_req: Table(tableName:aci/d_u/ami, dbName:default, owner:alex, createTime:1713960947, lastAccessTime:0, retention:0, sd:StorageDescriptor(cols:[FieldSchema(name:i, type:int, comment:null), FieldSchema(name:d?*de e, type:decimal(5,2), comment:null), FieldSchema(name:vc, type:varchar(128), comment:null)], location:null, inputFormat:org.apache.hadoop.hive.ql.io.orc.OrcInputFormat, outputFormat:org.apache.hadoop.hive.ql.io.orc.OrcOutputFormat, compressed:false, numBuckets:2, serdeInfo:SerDeInfo(name:null, serializationLib:org.apache.hadoop.hive.ql.io.orc.OrcSerde, parameters:{serialization.format=1}), bucketCols:[i], sortCols:[], parameters:{}, skewedInfo:SkewedInfo(skewedColNames:[], skewedColValues:[], skewedColValueLocationMaps:{}), storedAsSubDirectories:false), partitionKeys:[], parameters:{numFiles=0, numFilesErasureCoded=0, transactional=true, bucketing_version=2, totalSize=0, COLUMN_STATS_ACCURATE={"BASIC_STATS":"true","COLUMN_STATS":{"d?*de e":"true","i":"true","vc":"true"}}, numRows=0, rawDataSize=0}, viewOriginalText:null, viewExpandedText:null, tableType:MANAGED_TABLE, privileges:PrincipalPrivilegeSet(userPrivileges:{alex=[PrivilegeGrantInfo(privilege:INSERT, createTime:-1, grantor:alex, grantorType:USER, grantOption:true), PrivilegeGrantInfo(privilege:SELECT, createTime:-1, grantor:alex, grantorType:USER, grantOption:true), PrivilegeGrantInfo(privilege:UPDATE, createTime:-1, grantor:alex, grantorType:USER, grantOption:true), PrivilegeGrantInfo(privilege:DELETE, createTime:-1, grantor:alex, grantorType:USER, grantOption:true)]}, groupPrivileges:null, rolePrivileges:null), temporary:false, catName:hive, ownerType:USER, writeId:0)	
2024-04-24T05:15:47,650  INFO [main] utils.FileUtils: Creating directory if it doesn't exist: file:/home/alex/Repositories/hive/ql/target/tmp/org.apache.hadoop.hive.ql.TestTxnCommands-1713960750541/warehouse/aci-47-d_u-47-ami
2024-04-24T05:15:47,683  INFO [main] metadata.Hive: Dumping metastore api call timing information for : execution phase
2024-04-24T05:15:47,683  INFO [main] metadata.Hive: Total time spent in each metastore function (ms): {createTable_(Table)=38, isCompatibleWith_(Configuration)=0}
2024-04-24T05:15:47,684  INFO [main] ql.Driver: Completed executing command(queryId=alex_20240424051547_b099d45f-6f16-4103-8982-6678216b0741); Time taken: 0.039 seconds
2024-04-24T05:15:47,684  INFO [main] lockmgr.DbTxnManager: Stopped heartbeat for query: alex_20240424051547_b099d45f-6f16-4103-8982-6678216b0741
2024-04-24T05:15:47,687  INFO [main] txn.TxnHandler: Expected to move at least one record from txn_components to completed_txn_components when committing txn! txnid:15
2024-04-24T05:15:47,693  INFO [main] txn.TxnHandler: Removed transactions: ([15]) from MIN_HISTORY_LEVEL
2024-04-24T05:15:47,694  WARN [main] txn.CompactionTxnHandler: No compaction queue record found for Compaction type transaction commit. txnId:15
2024-04-24T05:15:47,695  INFO [main] ql.TxnCommandsBaseForTests: Running the query: create table `src/name`(`g/h` int, j decimal(5,2), k varchar(128))
2024-04-24T05:15:47,695  INFO [main] ql.Driver: Compiling command(queryId=alex_20240424051547_adbe1c32-4362-431d-ad89-f40f5729d3f8): create table `src/name`(`g/h` int, j decimal(5,2), k varchar(128))
2024-04-24T05:15:47,697  INFO [main] txn.TxnHandler: Added entries to MIN_HISTORY_LEVEL for current txns: ([16]) with min_open_txn: 1
2024-04-24T05:15:47,698  INFO [main] lockmgr.DbTxnManager: Opened txnid:16
2024-04-24T05:15:47,698  INFO [main] parse.CalcitePlanner: Starting caching scope for: 
2024-04-24T05:15:47,698  INFO [main] parse.CalcitePlanner: Starting Semantic Analysis
2024-04-24T05:15:47,701  INFO [main] parse.CalcitePlanner: Creating table default.src/name position=13
2024-04-24T05:15:47,701  INFO [main] HiveMetaStore.audit: ugi=alex	ip=unknown-ip-addr	cmd=get_database: default	
2024-04-24T05:15:47,702  INFO [main] parse.CalcitePlanner: Ending caching scope for: 
2024-04-24T05:15:47,702  INFO [main] ql.Driver: Semantic Analysis Completed (retrial = false)
2024-04-24T05:15:47,702  INFO [main] ql.Driver: Created Hive schema: Schema(fieldSchemas:null, properties:null)
2024-04-24T05:15:47,702  INFO [main] metadata.Hive: Dumping metastore api call timing information for : compilation phase
2024-04-24T05:15:47,702  INFO [main] metadata.Hive: Total time spent in each metastore function (ms): {getValidTxns_(long)=0, isCompatibleWith_(Configuration)=0, openTxn_(String, TxnType)=3, getDatabase_(String)=1, getValidWriteIds_(List, String)=2, flushCache_()=0, commitTxn_(CommitTxnRequest)=10}
2024-04-24T05:15:47,703  INFO [main] ql.Driver: Completed compiling command(queryId=alex_20240424051547_adbe1c32-4362-431d-ad89-f40f5729d3f8); Time taken: 0.007 seconds
2024-04-24T05:15:47,703  INFO [main] lockmgr.DbTxnManager: Setting lock request transaction to txnid:16 for queryId=alex_20240424051547_adbe1c32-4362-431d-ad89-f40f5729d3f8
2024-04-24T05:15:47,703  INFO [main] lockmgr.DbLockManager: Requesting lock for queryId=alex_20240424051547_adbe1c32-4362-431d-ad89-f40f5729d3f8
2024-04-24T05:15:47,719  INFO [main] lockmgr.DbLockManager: Response to queryId=alex_20240424051547_adbe1c32-4362-431d-ad89-f40f5729d3f8 LockResponse(lockid:10, state:ACQUIRED)
2024-04-24T05:15:47,719  INFO [main] ql.Driver: Operation CREATETABLE obtained 1 locks
2024-04-24T05:15:47,719  INFO [main] ql.Driver: Executing command(queryId=alex_20240424051547_adbe1c32-4362-431d-ad89-f40f5729d3f8): create table `src/name`(`g/h` int, j decimal(5,2), k varchar(128))
2024-04-24T05:15:47,719  INFO [main] ql.Driver: Starting task [Stage-0:DDL] in serial mode
2024-04-24T05:15:47,720  INFO [main] HiveMetaStore.audit: ugi=alex	ip=unknown-ip-addr	cmd=create_table_req: Table(tableName:src/name, dbName:default, owner:alex, createTime:1713960947, lastAccessTime:0, retention:0, sd:StorageDescriptor(cols:[FieldSchema(name:g/h, type:int, comment:null), FieldSchema(name:j, type:decimal(5,2), comment:null), FieldSchema(name:k, type:varchar(128), comment:null)], location:null, inputFormat:org.apache.hadoop.mapred.TextInputFormat, outputFormat:org.apache.hadoop.hive.ql.io.HiveIgnoreKeyTextOutputFormat, compressed:false, numBuckets:-1, serdeInfo:SerDeInfo(name:null, serializationLib:org.apache.hadoop.hive.serde2.lazy.LazySimpleSerDe, parameters:{serialization.format=1}), bucketCols:[], sortCols:[], parameters:{}, skewedInfo:SkewedInfo(skewedColNames:[], skewedColValues:[], skewedColValueLocationMaps:{}), storedAsSubDirectories:false), partitionKeys:[], parameters:{numFiles=0, totalSize=0, numRows=0, bucketing_version=2, COLUMN_STATS_ACCURATE={"BASIC_STATS":"true","COLUMN_STATS":{"g/h":"true","j":"true","k":"true"}}, numFilesErasureCoded=0, rawDataSize=0}, viewOriginalText:null, viewExpandedText:null, tableType:MANAGED_TABLE, privileges:PrincipalPrivilegeSet(userPrivileges:{alex=[PrivilegeGrantInfo(privilege:INSERT, createTime:-1, grantor:alex, grantorType:USER, grantOption:true), PrivilegeGrantInfo(privilege:SELECT, createTime:-1, grantor:alex, grantorType:USER, grantOption:true), PrivilegeGrantInfo(privilege:UPDATE, createTime:-1, grantor:alex, grantorType:USER, grantOption:true), PrivilegeGrantInfo(privilege:DELETE, createTime:-1, grantor:alex, grantorType:USER, grantOption:true)]}, groupPrivileges:null, rolePrivileges:null), temporary:false, catName:hive, ownerType:USER)	
2024-04-24T05:15:47,727  INFO [main] utils.FileUtils: Creating directory if it doesn't exist: file:/home/alex/Repositories/hive/ql/target/tmp/org.apache.hadoop.hive.ql.TestTxnCommands-1713960750541/warehouse/src-47-name
2024-04-24T05:15:47,741  INFO [main] metadata.Hive: Dumping metastore api call timing information for : execution phase
2024-04-24T05:15:47,741  INFO [main] metadata.Hive: Total time spent in each metastore function (ms): {isCompatibleWith_(Configuration)=0, createTable_(Table)=21}
2024-04-24T05:15:47,741  INFO [main] ql.Driver: Completed executing command(queryId=alex_20240424051547_adbe1c32-4362-431d-ad89-f40f5729d3f8); Time taken: 0.022 seconds
2024-04-24T05:15:47,741  INFO [main] lockmgr.DbTxnManager: Stopped heartbeat for query: alex_20240424051547_adbe1c32-4362-431d-ad89-f40f5729d3f8
2024-04-24T05:15:47,745  INFO [main] txn.TxnHandler: Expected to move at least one record from txn_components to completed_txn_components when committing txn! txnid:16
2024-04-24T05:15:47,751  INFO [main] txn.TxnHandler: Removed transactions: ([16]) from MIN_HISTORY_LEVEL
2024-04-24T05:15:47,751  WARN [main] txn.CompactionTxnHandler: No compaction queue record found for Compaction type transaction commit. txnId:16
2024-04-24T05:15:47,751  INFO [main] ql.TxnCommandsBaseForTests: Running the query: merge into `aci/d_u/ami` as `d/8` using `src/name` as `a/b` on i=`g/h`
when matched and `g/h` > 5 then delete 
when matched and `g/h` < 0 then update set vc='∆∋', `d?*de e` =  `d?*de e` * j + 1
when not matched and `d?*de e` <> 0 then insert values(`a/b`.`g/h`,`a/b`.j,`a/b`.k)
2024-04-24T05:15:47,752  INFO [main] ql.Driver: Compiling command(queryId=alex_20240424051547_40b006d1-2fe3-4cb0-aa3e-216a2ade5d01): merge into `aci/d_u/ami` as `d/8` using `src/name` as `a/b` on i=`g/h`
when matched and `g/h` > 5 then delete 
when matched and `g/h` < 0 then update set vc='∆∋', `d?*de e` =  `d?*de e` * j + 1
when not matched and `d?*de e` <> 0 then insert values(`a/b`.`g/h`,`a/b`.j,`a/b`.k)
2024-04-24T05:15:47,756  INFO [main] txn.TxnHandler: Added entries to MIN_HISTORY_LEVEL for current txns: ([17]) with min_open_txn: 1
2024-04-24T05:15:47,757  INFO [main] lockmgr.DbTxnManager: Opened txnid:17
2024-04-24T05:15:47,757  INFO [main] parse.MergeSemanticAnalyzer: Starting caching scope for: 
2024-04-24T05:15:47,757  INFO [main] HiveMetaStore.audit: ugi=alex	ip=unknown-ip-addr	cmd=get_table : tbl=hive.default.aci/d_u/ami	
2024-04-24T05:15:47,773  INFO [main] metastore.HMSHandler: Skipping translation for processor with null
2024-04-24T05:15:47,774  INFO [main] HiveMetaStore.audit: ugi=alex	ip=unknown-ip-addr	cmd=get_table : tbl=hive.default.merge_tmp_table	
2024-04-24T05:15:47,777  INFO [main] utils.FileUtils: Creating directory if it doesn't exist: file:/home/alex/Repositories/hive/ql/target/tmp/scratchdir/alex/abf7bf9f-ddbf-4749-8130-de551674f6fa/_tmp_space.db/merge_tmp_table
2024-04-24T05:15:47,779  INFO [main] parse.RewriteSemanticAnalyzer: Going to reparse <merge into `aci/d_u/ami` as `d/8` using `src/name` as `a/b` on i=`g/h`
when matched and `g/h` > 5 then delete 
when matched and `g/h` < 0 then update set vc='∆∋', `d?*de e` =  `d?*de e` * j + 1
when not matched and `d?*de e` <> 0 then insert values(`a/b`.`g/h`,`a/b`.j,`a/b`.k)> as 
<FROM
  `default`.`aci/d_u/ami` `d/8`
  RIGHT OUTER JOIN
  `default`.`src/name` `a/b`
  ON `i`=`g/h`
INSERT INTO `default`.`aci/d_u/ami`    -- delete clause
 SELECT `d/8`.ROW__ID 
   WHERE `i`=`g/h` AND `g/h` > 5
 SORT BY `d/8`.ROW__ID 
INSERT INTO `default`.`aci/d_u/ami`    -- update clause(insert part)
 SELECT `d/8`.`i`, `d?*de e` * `j` + 1, '∆∋'
   WHERE `i`=`g/h` AND `g/h` < 0 AND NOT(`g/h` > 5)
INSERT INTO `default`.`aci/d_u/ami`    -- update clause (delete part)
 SELECT `d/8`.ROW__ID 
   WHERE `i`=`g/h` AND `g/h` < 0 AND NOT(`g/h` > 5)
 SORT BY `d/8`.ROW__ID 
INSERT INTO `default`.`aci/d_u/ami`    -- insert clause
  SELECT `a/b`.`g/h`,`a/b`.`j`,`a/b`.`k`
   WHERE `d/8`.`i` IS NULL AND `d?*de e` <> 0
INSERT INTO merge_tmp_table
  SELECT cardinality_violation(`d/8`.ROW__ID)
 WHERE `i`=`g/h` GROUP BY `d/8`.ROW__ID HAVING count(*) > 1>
2024-04-24T05:15:47,781  INFO [main] parse.MergeSemanticAnalyzer: Starting Semantic Analysis
2024-04-24T05:15:47,783  INFO [main] parse.MergeSemanticAnalyzer: Completed phase 1 of Semantic Analysis
2024-04-24T05:15:47,784  INFO [main] parse.MergeSemanticAnalyzer: Get metadata for source tables
2024-04-24T05:15:47,784  INFO [main] HiveMetaStore.audit: ugi=alex	ip=unknown-ip-addr	cmd=get_table : tbl=hive.default.aci/d_u/ami	
2024-04-24T05:15:47,790  INFO [main] metastore.HMSHandler: Skipping translation for processor with null
2024-04-24T05:15:47,791  INFO [main] HiveMetaStore.audit: ugi=alex	ip=unknown-ip-addr	cmd=get_table : tbl=hive.default.src/name	
2024-04-24T05:15:47,799  INFO [main] metastore.HMSHandler: Skipping translation for processor with null
2024-04-24T05:15:47,799  INFO [main] parse.MergeSemanticAnalyzer: Get metadata for subqueries
2024-04-24T05:15:47,799  INFO [main] parse.MergeSemanticAnalyzer: Get metadata for destination tables
2024-04-24T05:15:47,799  INFO [main] HiveMetaStore.audit: ugi=alex	ip=unknown-ip-addr	cmd=get_table : tbl=hive.default.aci/d_u/ami	
2024-04-24T05:15:47,805  INFO [main] metastore.HMSHandler: Skipping translation for processor with null
2024-04-24T05:15:47,806  INFO [main] HiveMetaStore.audit: ugi=alex	ip=unknown-ip-addr	cmd=get_table : tbl=hive.default.aci/d_u/ami	
2024-04-24T05:15:47,812  INFO [main] metastore.HMSHandler: Skipping translation for processor with null
2024-04-24T05:15:47,812  INFO [main] HiveMetaStore.audit: ugi=alex	ip=unknown-ip-addr	cmd=get_table : tbl=hive.default.aci/d_u/ami	
2024-04-24T05:15:47,818  INFO [main] metastore.HMSHandler: Skipping translation for processor with null
2024-04-24T05:15:47,819  INFO [main] HiveMetaStore.audit: ugi=alex	ip=unknown-ip-addr	cmd=get_table : tbl=hive.default.aci/d_u/ami	
2024-04-24T05:15:47,825  INFO [main] metastore.HMSHandler: Skipping translation for processor with null
2024-04-24T05:15:47,825  INFO [main] parse.MergeSemanticAnalyzer: Completed getting MetaData in Semantic Analysis
2024-04-24T05:15:47,825  INFO [main] parse.MergeSemanticAnalyzer: Disabling LLAP IO encode as ETL query is detected
2024-04-24T05:15:47,825  INFO [main] parse.MergeSemanticAnalyzer: Get metadata for source tables
2024-04-24T05:15:47,826  INFO [main] parse.MergeSemanticAnalyzer: Get metadata for subqueries
2024-04-24T05:15:47,826  INFO [main] parse.MergeSemanticAnalyzer: Get metadata for destination tables
2024-04-24T05:15:47,838  INFO [main] HiveMetaStore.audit: ugi=alex	ip=unknown-ip-addr	cmd=get_all_table_constraints : tbl=hive.default.aci/d_u/ami	
2024-04-24T05:15:47,869  INFO [main] HiveMetaStore.audit: ugi=alex	ip=unknown-ip-addr	cmd=get_all_table_constraints : tbl=hive.default.src/name	
2024-04-24T05:15:47,904  INFO [main] calcite.RelOptHiveTable: Calculating column statistics for default.aci/d_u/ami, projIndxSet: [0, 1], allowMissingStats: true
2024-04-24T05:15:47,904  INFO [main] HiveMetaStore.audit: ugi=alex	ip=unknown-ip-addr	cmd=get_table : tbl=hive.default.aci/d_u/ami	
2024-04-24T05:15:47,913  INFO [main] metastore.HMSHandler: Skipping translation for processor with null
2024-04-24T05:15:47,913  INFO [main] HiveMetaStore.audit: ugi=alex	ip=unknown-ip-addr	cmd=get_table : tbl=hive.default.aci/d_u/ami	
2024-04-24T05:15:47,922  INFO [main] metastore.HMSHandler: Skipping translation for processor with null
2024-04-24T05:15:47,922  INFO [main] HiveMetaStore.audit: ugi=alex	ip=unknown-ip-addr	cmd=get_table_statistics_req: table=hive.default.aci/d_u/ami	
2024-04-24T05:15:47,932  WARN [main] calcite.RelOptHiveTable: No Stats for default@aci/d_u/ami, Columns: i, d?*de e
No Stats for default@aci/d_u/ami, Columns: i, d?*de e
2024-04-24T05:15:47,932  INFO [main] SessionState: No Stats for default@aci/d_u/ami, Columns: i, d?*de e
2024-04-24T05:15:47,932  INFO [main] calcite.RelOptHiveTable: Calculating column statistics for default.src/name, projIndxSet: [0, 1, 2], allowMissingStats: true
2024-04-24T05:15:47,933  INFO [main] HiveMetaStore.audit: ugi=alex	ip=unknown-ip-addr	cmd=get_table : tbl=hive.default.src/name	
2024-04-24T05:15:47,944  INFO [main] metastore.HMSHandler: Skipping translation for processor with null
2024-04-24T05:15:47,944  INFO [main] HiveMetaStore.audit: ugi=alex	ip=unknown-ip-addr	cmd=get_table : tbl=hive.default.src/name	
2024-04-24T05:15:47,955  INFO [main] metastore.HMSHandler: Skipping translation for processor with null
2024-04-24T05:15:47,955  INFO [main] HiveMetaStore.audit: ugi=alex	ip=unknown-ip-addr	cmd=get_table_statistics_req: table=hive.default.src/name	
2024-04-24T05:15:47,969  WARN [main] calcite.RelOptHiveTable: No Stats for default@src/name, Columns: j, g/h, k
No Stats for default@src/name, Columns: j, g/h, k
2024-04-24T05:15:47,969  INFO [main] SessionState: No Stats for default@src/name, Columns: j, g/h, k
2024-04-24T05:15:48,142  INFO [main] parse.MergeSemanticAnalyzer: Get metadata for source tables
2024-04-24T05:15:48,142  INFO [main] parse.MergeSemanticAnalyzer: Get metadata for subqueries
2024-04-24T05:15:48,142  INFO [main] parse.MergeSemanticAnalyzer: Get metadata for source tables
2024-04-24T05:15:48,142  INFO [main] parse.MergeSemanticAnalyzer: Get metadata for subqueries
2024-04-24T05:15:48,142  INFO [main] parse.MergeSemanticAnalyzer: Get metadata for source tables
2024-04-24T05:15:48,142  INFO [main] parse.MergeSemanticAnalyzer: Get metadata for subqueries
2024-04-24T05:15:48,142  INFO [main] parse.MergeSemanticAnalyzer: Get metadata for destination tables
2024-04-24T05:15:48,142  INFO [main] parse.MergeSemanticAnalyzer: Get metadata for source tables
2024-04-24T05:15:48,142  INFO [main] parse.MergeSemanticAnalyzer: Get metadata for subqueries
2024-04-24T05:15:48,142  INFO [main] parse.MergeSemanticAnalyzer: Get metadata for destination tables
2024-04-24T05:15:48,143  INFO [main] parse.MergeSemanticAnalyzer: Get metadata for destination tables
2024-04-24T05:15:48,143  INFO [main] parse.MergeSemanticAnalyzer: Get metadata for destination tables
2024-04-24T05:15:48,143  INFO [main] HiveMetaStore.audit: ugi=alex	ip=unknown-ip-addr	cmd=get_table : tbl=hive.default.aci/d_u/ami	
2024-04-24T05:15:48,149  INFO [main] metastore.HMSHandler: Skipping translation for processor with null
2024-04-24T05:15:48,150  INFO [main] HiveMetaStore.audit: ugi=alex	ip=unknown-ip-addr	cmd=get_table : tbl=hive.default.aci/d_u/ami	
2024-04-24T05:15:48,156  INFO [main] metastore.HMSHandler: Skipping translation for processor with null
2024-04-24T05:15:48,156  INFO [main] HiveMetaStore.audit: ugi=alex	ip=unknown-ip-addr	cmd=get_table : tbl=hive.default.aci/d_u/ami	
2024-04-24T05:15:48,164  INFO [main] metastore.HMSHandler: Skipping translation for processor with null
2024-04-24T05:15:48,164  INFO [main] HiveMetaStore.audit: ugi=alex	ip=unknown-ip-addr	cmd=get_table : tbl=hive.default.aci/d_u/ami	
2024-04-24T05:15:48,170  INFO [main] metastore.HMSHandler: Skipping translation for processor with null
2024-04-24T05:15:48,181  INFO [main] txn.TxnHandler: Allocated writeId: 1 for txnId: 17
2024-04-24T05:15:48,182  INFO [main] txn.TxnHandler: Allocated write ids for dbName=default, tblName=aci/d_u/ami (txnIds: [17])
2024-04-24T05:15:48,185 ERROR [main] parse.MergeSemanticAnalyzer: CBO failed, skipping CBO. 
org.apache.hadoop.hive.ql.exec.NoMatchingMethodException: No matching method for class org.apache.hadoop.hive.ql.udf.UDFToInteger with (struct<writeid:bigint,bucketid:int,rowid:bigint>). Possible choices: _FUNC_(bigint)  _FUNC_(boolean)  _FUNC_(decimal(38,18))  _FUNC_(double)  _FUNC_(float)  _FUNC_(smallint)  _FUNC_(string)  _FUNC_(struct<writeid:bigint,rowid:int,bucketid:bigint>)  _FUNC_(timestamp)  _FUNC_(tinyint)  _FUNC_(void)  
	at org.apache.hadoop.hive.ql.exec.MethodUtils.getMethodInternal(MethodUtils.java:130) ~[classes/:?]
	at org.apache.hadoop.hive.ql.exec.MethodUtils.getMethodInternal(MethodUtils.java:60) ~[classes/:?]
	at org.apache.hadoop.hive.ql.exec.DefaultUDFMethodResolver.getEvalMethod(DefaultUDFMethodResolver.java:59) ~[classes/:?]
	at org.apache.hadoop.hive.ql.udf.TimestampCastRestrictorResolver.getEvalMethod(TimestampCastRestrictorResolver.java:68) ~[classes/:?]
	at org.apache.hadoop.hive.ql.udf.generic.GenericUDFBridge.initialize(GenericUDFBridge.java:168) ~[classes/:?]
	at org.apache.hadoop.hive.ql.udf.generic.GenericUDF.initializeAndFoldConstants(GenericUDF.java:149) ~[classes/:?]
	at org.apache.hadoop.hive.ql.plan.ExprNodeGenericFuncDesc.newInstance(ExprNodeGenericFuncDesc.java:235) ~[classes/:?]
	at org.apache.hadoop.hive.ql.parse.type.ExprNodeDescExprFactory.createFuncCallExpr(ExprNodeDescExprFactory.java:584) ~[classes/:?]
	at org.apache.hadoop.hive.ql.parse.type.ExprNodeDescExprFactory.createFuncCallExpr(ExprNodeDescExprFactory.java:97) ~[classes/:?]
	at org.apache.hadoop.hive.ql.parse.type.TypeCheckProcFactory$DefaultExprProcessor.getFuncExprNodeDescWithUdfData(TypeCheckProcFactory.java:762) ~[classes/:?]
	at org.apache.hadoop.hive.ql.parse.type.TypeCheckProcFactory$DefaultExprProcessor.createConversionCast(TypeCheckProcFactory.java:783) ~[classes/:?]
	at org.apache.hadoop.hive.ql.parse.SemanticAnalyzer.getPartitionColsFromBucketColsForUpdateDelete(SemanticAnalyzer.java:8725) ~[classes/:?]
	at org.apache.hadoop.hive.ql.parse.SemanticAnalyzer.genBucketingSortingDest(SemanticAnalyzer.java:6906) ~[classes/:?]
	at org.apache.hadoop.hive.ql.parse.SemanticAnalyzer.genFileSinkPlan(SemanticAnalyzer.java:7335) ~[classes/:?]
	at org.apache.hadoop.hive.ql.parse.SemanticAnalyzer.genPostGroupByBodyPlan(SemanticAnalyzer.java:11063) ~[classes/:?]
	at org.apache.hadoop.hive.ql.parse.SemanticAnalyzer.genBodyPlan(SemanticAnalyzer.java:10938) ~[classes/:?]
	at org.apache.hadoop.hive.ql.parse.SemanticAnalyzer.genPlan(SemanticAnalyzer.java:11853) ~[classes/:?]
	at org.apache.hadoop.hive.ql.parse.SemanticAnalyzer.genPlan(SemanticAnalyzer.java:11723) ~[classes/:?]
	at org.apache.hadoop.hive.ql.parse.CalcitePlanner.genOPTree(CalcitePlanner.java:626) ~[classes/:?]
	at org.apache.hadoop.hive.ql.parse.SemanticAnalyzer.analyzeInternal(SemanticAnalyzer.java:12558) ~[classes/:?]
	at org.apache.hadoop.hive.ql.parse.CalcitePlanner.analyzeInternal(CalcitePlanner.java:456) ~[classes/:?]
	at org.apache.hadoop.hive.ql.parse.RewriteSemanticAnalyzer.analyzeInternal(RewriteSemanticAnalyzer.java:67) ~[classes/:?]
	at org.apache.hadoop.hive.ql.parse.BaseSemanticAnalyzer.analyze(BaseSemanticAnalyzer.java:317) ~[classes/:?]
	at org.apache.hadoop.hive.ql.parse.MergeSemanticAnalyzer.analyzeMerge(MergeSemanticAnalyzer.java:317) ~[classes/:?]
	at org.apache.hadoop.hive.ql.parse.MergeSemanticAnalyzer.analyze(MergeSemanticAnalyzer.java:63) ~[classes/:?]
	at org.apache.hadoop.hive.ql.parse.RewriteSemanticAnalyzer.analyzeInternal(RewriteSemanticAnalyzer.java:72) ~[classes/:?]
	at org.apache.hadoop.hive.ql.parse.BaseSemanticAnalyzer.analyze(BaseSemanticAnalyzer.java:317) ~[classes/:?]
	at org.apache.hadoop.hive.ql.Compiler.analyze(Compiler.java:223) ~[classes/:?]
	at org.apache.hadoop.hive.ql.Compiler.compile(Compiler.java:105) ~[classes/:?]
	at org.apache.hadoop.hive.ql.Driver.compile(Driver.java:500) ~[classes/:?]
	at org.apache.hadoop.hive.ql.Driver.compileInternal(Driver.java:453) ~[classes/:?]
	at org.apache.hadoop.hive.ql.Driver.runInternal(Driver.java:181) ~[classes/:?]
	at org.apache.hadoop.hive.ql.Driver.run(Driver.java:153) ~[classes/:?]
	at org.apache.hadoop.hive.ql.Driver.run(Driver.java:140) ~[classes/:?]
	at org.apache.hadoop.hive.ql.TxnCommandsBaseForTests.runStatementOnDriver(TxnCommandsBaseForTests.java:245) ~[test-classes/:?]
	at org.apache.hadoop.hive.ql.TestTxnCommands.testQuotedIdentifier2(TestTxnCommands.java:1097) ~[test-classes/:?]
	at sun.reflect.NativeMethodAccessorImpl.invoke0(Native Method) ~[?:1.8.0_402]
	at sun.reflect.NativeMethodAccessorImpl.invoke(NativeMethodAccessorImpl.java:62) ~[?:1.8.0_402]
	at sun.reflect.DelegatingMethodAccessorImpl.invoke(DelegatingMethodAccessorImpl.java:43) ~[?:1.8.0_402]
	at java.lang.reflect.Method.invoke(Method.java:498) ~[?:1.8.0_402]
	at org.junit.runners.model.FrameworkMethod$1.runReflectiveCall(FrameworkMethod.java:59) ~[junit-4.13.jar:4.13]
	at org.junit.internal.runners.model.ReflectiveCallable.run(ReflectiveCallable.java:12) ~[junit-4.13.jar:4.13]
	at org.junit.runners.model.FrameworkMethod.invokeExplosively(FrameworkMethod.java:56) ~[junit-4.13.jar:4.13]
	at org.junit.internal.runners.statements.InvokeMethod.evaluate(InvokeMethod.java:17) ~[junit-4.13.jar:4.13]
	at org.junit.internal.runners.statements.RunBefores.evaluate(RunBefores.java:26) ~[junit-4.13.jar:4.13]
	at org.junit.internal.runners.statements.RunAfters.evaluate(RunAfters.java:27) ~[junit-4.13.jar:4.13]
	at org.junit.rules.TestWatcher$1.evaluate(TestWatcher.java:61) ~[junit-4.13.jar:4.13]
	at org.junit.runners.ParentRunner$3.evaluate(ParentRunner.java:306) ~[junit-4.13.jar:4.13]
	at org.junit.runners.BlockJUnit4ClassRunner$1.evaluate(BlockJUnit4ClassRunner.java:100) ~[junit-4.13.jar:4.13]
	at org.junit.runners.ParentRunner.runLeaf(ParentRunner.java:366) ~[junit-4.13.jar:4.13]
	at org.junit.runners.BlockJUnit4ClassRunner.runChild(BlockJUnit4ClassRunner.java:103) ~[junit-4.13.jar:4.13]
	at org.junit.runners.BlockJUnit4ClassRunner.runChild(BlockJUnit4ClassRunner.java:63) ~[junit-4.13.jar:4.13]
	at org.junit.runners.ParentRunner$4.run(ParentRunner.java:331) ~[junit-4.13.jar:4.13]
	at org.junit.runners.ParentRunner$1.schedule(ParentRunner.java:79) ~[junit-4.13.jar:4.13]
	at org.junit.runners.ParentRunner.runChildren(ParentRunner.java:329) ~[junit-4.13.jar:4.13]
	at org.junit.runners.ParentRunner.access$100(ParentRunner.java:66) ~[junit-4.13.jar:4.13]
	at org.junit.runners.ParentRunner$2.evaluate(ParentRunner.java:293) ~[junit-4.13.jar:4.13]
	at org.junit.runners.ParentRunner$3.evaluate(ParentRunner.java:306) ~[junit-4.13.jar:4.13]
	at org.junit.runners.ParentRunner.run(ParentRunner.java:413) ~[junit-4.13.jar:4.13]
	at org.junit.runner.JUnitCore.run(JUnitCore.java:137) ~[junit-4.13.jar:4.13]
	at org.junit.runner.JUnitCore.run(JUnitCore.java:115) ~[junit-4.13.jar:4.13]
	at org.junit.vintage.engine.execution.RunnerExecutor.execute(RunnerExecutor.java:43) ~[junit-vintage-engine-5.6.2.jar:5.6.2]
	at java.util.stream.ForEachOps$ForEachOp$OfRef.accept(ForEachOps.java:183) ~[?:1.8.0_402]
	at java.util.stream.ReferencePipeline$3$1.accept(ReferencePipeline.java:193) ~[?:1.8.0_402]
	at java.util.Iterator.forEachRemaining(Iterator.java:116) ~[?:1.8.0_402]
	at java.util.Spliterators$IteratorSpliterator.forEachRemaining(Spliterators.java:1801) ~[?:1.8.0_402]
	at java.util.stream.AbstractPipeline.copyInto(AbstractPipeline.java:482) ~[?:1.8.0_402]
	at java.util.stream.AbstractPipeline.wrapAndCopyInto(AbstractPipeline.java:472) ~[?:1.8.0_402]
	at java.util.stream.ForEachOps$ForEachOp.evaluateSequential(ForEachOps.java:150) ~[?:1.8.0_402]
	at java.util.stream.ForEachOps$ForEachOp$OfRef.evaluateSequential(ForEachOps.java:173) ~[?:1.8.0_402]
	at java.util.stream.AbstractPipeline.evaluate(AbstractPipeline.java:234) ~[?:1.8.0_402]
	at java.util.stream.ReferencePipeline.forEach(ReferencePipeline.java:485) ~[?:1.8.0_402]
	at org.junit.vintage.engine.VintageTestEngine.executeAllChildren(VintageTestEngine.java:82) ~[junit-vintage-engine-5.6.2.jar:5.6.2]
	at org.junit.vintage.engine.VintageTestEngine.execute(VintageTestEngine.java:73) ~[junit-vintage-engine-5.6.2.jar:5.6.2]
	at org.junit.platform.launcher.core.DefaultLauncher.execute(DefaultLauncher.java:248) ~[junit-platform-launcher-1.6.2.jar:1.6.2]
	at org.junit.platform.launcher.core.DefaultLauncher.lambda$execute$5(DefaultLauncher.java:211) ~[junit-platform-launcher-1.6.2.jar:1.6.2]
	at org.junit.platform.launcher.core.DefaultLauncher.withInterceptedStreams(DefaultLauncher.java:226) [junit-platform-launcher-1.6.2.jar:1.6.2]
	at org.junit.platform.launcher.core.DefaultLauncher.execute(DefaultLauncher.java:199) [junit-platform-launcher-1.6.2.jar:1.6.2]
	at org.junit.platform.launcher.core.DefaultLauncher.execute(DefaultLauncher.java:132) [junit-platform-launcher-1.6.2.jar:1.6.2]
	at org.apache.maven.surefire.junitplatform.JUnitPlatformProvider.invokeAllTests(JUnitPlatformProvider.java:154) [surefire-junit-platform-3.0.0-M4.jar:3.0.0-M4]
	at org.apache.maven.surefire.junitplatform.JUnitPlatformProvider.invoke(JUnitPlatformProvider.java:123) [surefire-junit-platform-3.0.0-M4.jar:3.0.0-M4]
	at org.apache.maven.surefire.booter.ForkedBooter.runSuitesInProcess(ForkedBooter.java:377) [surefire-booter-3.0.0-M4.jar:3.0.0-M4]
	at org.apache.maven.surefire.booter.ForkedBooter.execute(ForkedBooter.java:138) [surefire-booter-3.0.0-M4.jar:3.0.0-M4]
	at org.apache.maven.surefire.booter.ForkedBooter.run(ForkedBooter.java:465) [surefire-booter-3.0.0-M4.jar:3.0.0-M4]
	at org.apache.maven.surefire.booter.ForkedBooter.main(ForkedBooter.java:451) [surefire-booter-3.0.0-M4.jar:3.0.0-M4]
2024-04-24T05:15:48,186 ERROR [main] parse.MergeSemanticAnalyzer: CBO failed due to missing column stats (see previous errors), skipping CBO
2024-04-24T05:15:48,186  INFO [main] parse.MergeSemanticAnalyzer: Ending caching scope for: 
FAILED: NoMatchingMethodException No matching method for class org.apache.hadoop.hive.ql.udf.UDFToInteger with (struct<writeid:bigint,bucketid:int,rowid:bigint>). Possible choices: _FUNC_(bigint)  _FUNC_(boolean)  _FUNC_(decimal(38,18))  _FUNC_(double)  _FUNC_(float)  _FUNC_(smallint)  _FUNC_(string)  _FUNC_(struct<writeid:bigint,rowid:int,bucketid:bigint>)  _FUNC_(timestamp)  _FUNC_(tinyint)  _FUNC_(void)  
2024-04-24T05:15:48,186 ERROR [main] ql.Driver: FAILED: NoMatchingMethodException No matching method for class org.apache.hadoop.hive.ql.udf.UDFToInteger with (struct<writeid:bigint,bucketid:int,rowid:bigint>). Possible choices: _FUNC_(bigint)  _FUNC_(boolean)  _FUNC_(decimal(38,18))  _FUNC_(double)  _FUNC_(float)  _FUNC_(smallint)  _FUNC_(string)  _FUNC_(struct<writeid:bigint,rowid:int,bucketid:bigint>)  _FUNC_(timestamp)  _FUNC_(tinyint)  _FUNC_(void)  
org.apache.hadoop.hive.ql.exec.NoMatchingMethodException: No matching method for class org.apache.hadoop.hive.ql.udf.UDFToInteger with (struct<writeid:bigint,bucketid:int,rowid:bigint>). Possible choices: _FUNC_(bigint)  _FUNC_(boolean)  _FUNC_(decimal(38,18))  _FUNC_(double)  _FUNC_(float)  _FUNC_(smallint)  _FUNC_(string)  _FUNC_(struct<writeid:bigint,rowid:int,bucketid:bigint>)  _FUNC_(timestamp)  _FUNC_(tinyint)  _FUNC_(void)  
	at org.apache.hadoop.hive.ql.exec.MethodUtils.getMethodInternal(MethodUtils.java:130)
	at org.apache.hadoop.hive.ql.exec.MethodUtils.getMethodInternal(MethodUtils.java:60)
	at org.apache.hadoop.hive.ql.exec.DefaultUDFMethodResolver.getEvalMethod(DefaultUDFMethodResolver.java:59)
	at org.apache.hadoop.hive.ql.udf.TimestampCastRestrictorResolver.getEvalMethod(TimestampCastRestrictorResolver.java:68)
	at org.apache.hadoop.hive.ql.udf.generic.GenericUDFBridge.initialize(GenericUDFBridge.java:168)
	at org.apache.hadoop.hive.ql.udf.generic.GenericUDF.initializeAndFoldConstants(GenericUDF.java:149)
	at org.apache.hadoop.hive.ql.plan.ExprNodeGenericFuncDesc.newInstance(ExprNodeGenericFuncDesc.java:235)
	at org.apache.hadoop.hive.ql.parse.type.ExprNodeDescExprFactory.createFuncCallExpr(ExprNodeDescExprFactory.java:584)
	at org.apache.hadoop.hive.ql.parse.type.ExprNodeDescExprFactory.createFuncCallExpr(ExprNodeDescExprFactory.java:97)
	at org.apache.hadoop.hive.ql.parse.type.TypeCheckProcFactory$DefaultExprProcessor.getFuncExprNodeDescWithUdfData(TypeCheckProcFactory.java:762)
	at org.apache.hadoop.hive.ql.parse.type.TypeCheckProcFactory$DefaultExprProcessor.createConversionCast(TypeCheckProcFactory.java:783)
	at org.apache.hadoop.hive.ql.parse.SemanticAnalyzer.getPartitionColsFromBucketColsForUpdateDelete(SemanticAnalyzer.java:8725)
	at org.apache.hadoop.hive.ql.parse.SemanticAnalyzer.genBucketingSortingDest(SemanticAnalyzer.java:6906)
	at org.apache.hadoop.hive.ql.parse.SemanticAnalyzer.genFileSinkPlan(SemanticAnalyzer.java:7335)
	at org.apache.hadoop.hive.ql.parse.SemanticAnalyzer.genPostGroupByBodyPlan(SemanticAnalyzer.java:11063)
	at org.apache.hadoop.hive.ql.parse.SemanticAnalyzer.genBodyPlan(SemanticAnalyzer.java:10938)
	at org.apache.hadoop.hive.ql.parse.SemanticAnalyzer.genPlan(SemanticAnalyzer.java:11853)
	at org.apache.hadoop.hive.ql.parse.SemanticAnalyzer.genPlan(SemanticAnalyzer.java:11723)
	at org.apache.hadoop.hive.ql.parse.CalcitePlanner.genOPTree(CalcitePlanner.java:626)
	at org.apache.hadoop.hive.ql.parse.SemanticAnalyzer.analyzeInternal(SemanticAnalyzer.java:12558)
	at org.apache.hadoop.hive.ql.parse.CalcitePlanner.analyzeInternal(CalcitePlanner.java:456)
	at org.apache.hadoop.hive.ql.parse.RewriteSemanticAnalyzer.analyzeInternal(RewriteSemanticAnalyzer.java:67)
	at org.apache.hadoop.hive.ql.parse.BaseSemanticAnalyzer.analyze(BaseSemanticAnalyzer.java:317)
	at org.apache.hadoop.hive.ql.parse.MergeSemanticAnalyzer.analyzeMerge(MergeSemanticAnalyzer.java:317)
	at org.apache.hadoop.hive.ql.parse.MergeSemanticAnalyzer.analyze(MergeSemanticAnalyzer.java:63)
	at org.apache.hadoop.hive.ql.parse.RewriteSemanticAnalyzer.analyzeInternal(RewriteSemanticAnalyzer.java:72)
	at org.apache.hadoop.hive.ql.parse.BaseSemanticAnalyzer.analyze(BaseSemanticAnalyzer.java:317)
	at org.apache.hadoop.hive.ql.Compiler.analyze(Compiler.java:223)
	at org.apache.hadoop.hive.ql.Compiler.compile(Compiler.java:105)
	at org.apache.hadoop.hive.ql.Driver.compile(Driver.java:500)
	at org.apache.hadoop.hive.ql.Driver.compileInternal(Driver.java:453)
	at org.apache.hadoop.hive.ql.Driver.runInternal(Driver.java:181)
	at org.apache.hadoop.hive.ql.Driver.run(Driver.java:153)
	at org.apache.hadoop.hive.ql.Driver.run(Driver.java:140)
	at org.apache.hadoop.hive.ql.TxnCommandsBaseForTests.runStatementOnDriver(TxnCommandsBaseForTests.java:245)
	at org.apache.hadoop.hive.ql.TestTxnCommands.testQuotedIdentifier2(TestTxnCommands.java:1097)
	at sun.reflect.NativeMethodAccessorImpl.invoke0(Native Method)
	at sun.reflect.NativeMethodAccessorImpl.invoke(NativeMethodAccessorImpl.java:62)
	at sun.reflect.DelegatingMethodAccessorImpl.invoke(DelegatingMethodAccessorImpl.java:43)
	at java.lang.reflect.Method.invoke(Method.java:498)
	at org.junit.runners.model.FrameworkMethod$1.runReflectiveCall(FrameworkMethod.java:59)
	at org.junit.internal.runners.model.ReflectiveCallable.run(ReflectiveCallable.java:12)
	at org.junit.runners.model.FrameworkMethod.invokeExplosively(FrameworkMethod.java:56)
	at org.junit.internal.runners.statements.InvokeMethod.evaluate(InvokeMethod.java:17)
	at org.junit.internal.runners.statements.RunBefores.evaluate(RunBefores.java:26)
	at org.junit.internal.runners.statements.RunAfters.evaluate(RunAfters.java:27)
	at org.junit.rules.TestWatcher$1.evaluate(TestWatcher.java:61)
	at org.junit.runners.ParentRunner$3.evaluate(ParentRunner.java:306)
	at org.junit.runners.BlockJUnit4ClassRunner$1.evaluate(BlockJUnit4ClassRunner.java:100)
	at org.junit.runners.ParentRunner.runLeaf(ParentRunner.java:366)
	at org.junit.runners.BlockJUnit4ClassRunner.runChild(BlockJUnit4ClassRunner.java:103)
	at org.junit.runners.BlockJUnit4ClassRunner.runChild(BlockJUnit4ClassRunner.java:63)
	at org.junit.runners.ParentRunner$4.run(ParentRunner.java:331)
	at org.junit.runners.ParentRunner$1.schedule(ParentRunner.java:79)
	at org.junit.runners.ParentRunner.runChildren(ParentRunner.java:329)
	at org.junit.runners.ParentRunner.access$100(ParentRunner.java:66)
	at org.junit.runners.ParentRunner$2.evaluate(ParentRunner.java:293)
	at org.junit.runners.ParentRunner$3.evaluate(ParentRunner.java:306)
	at org.junit.runners.ParentRunner.run(ParentRunner.java:413)
	at org.junit.runner.JUnitCore.run(JUnitCore.java:137)
	at org.junit.runner.JUnitCore.run(JUnitCore.java:115)
	at org.junit.vintage.engine.execution.RunnerExecutor.execute(RunnerExecutor.java:43)
	at java.util.stream.ForEachOps$ForEachOp$OfRef.accept(ForEachOps.java:183)
	at java.util.stream.ReferencePipeline$3$1.accept(ReferencePipeline.java:193)
	at java.util.Iterator.forEachRemaining(Iterator.java:116)
	at java.util.Spliterators$IteratorSpliterator.forEachRemaining(Spliterators.java:1801)
	at java.util.stream.AbstractPipeline.copyInto(AbstractPipeline.java:482)
	at java.util.stream.AbstractPipeline.wrapAndCopyInto(AbstractPipeline.java:472)
	at java.util.stream.ForEachOps$ForEachOp.evaluateSequential(ForEachOps.java:150)
	at java.util.stream.ForEachOps$ForEachOp$OfRef.evaluateSequential(ForEachOps.java:173)
	at java.util.stream.AbstractPipeline.evaluate(AbstractPipeline.java:234)
	at java.util.stream.ReferencePipeline.forEach(ReferencePipeline.java:485)
	at org.junit.vintage.engine.VintageTestEngine.executeAllChildren(VintageTestEngine.java:82)
	at org.junit.vintage.engine.VintageTestEngine.execute(VintageTestEngine.java:73)
	at org.junit.platform.launcher.core.DefaultLauncher.execute(DefaultLauncher.java:248)
	at org.junit.platform.launcher.core.DefaultLauncher.lambda$execute$5(DefaultLauncher.java:211)
	at org.junit.platform.launcher.core.DefaultLauncher.withInterceptedStreams(DefaultLauncher.java:226)
	at org.junit.platform.launcher.core.DefaultLauncher.execute(DefaultLauncher.java:199)
	at org.junit.platform.launcher.core.DefaultLauncher.execute(DefaultLauncher.java:132)
	at org.apache.maven.surefire.junitplatform.JUnitPlatformProvider.invokeAllTests(JUnitPlatformProvider.java:154)
	at org.apache.maven.surefire.junitplatform.JUnitPlatformProvider.invoke(JUnitPlatformProvider.java:123)
	at org.apache.maven.surefire.booter.ForkedBooter.runSuitesInProcess(ForkedBooter.java:377)
	at org.apache.maven.surefire.booter.ForkedBooter.execute(ForkedBooter.java:138)
	at org.apache.maven.surefire.booter.ForkedBooter.run(ForkedBooter.java:465)
	at org.apache.maven.surefire.booter.ForkedBooter.main(ForkedBooter.java:451)

2024-04-24T05:15:48,187  INFO [main] metadata.Hive: Dumping metastore api call timing information for : compilation phase
2024-04-24T05:15:48,187  INFO [main] metadata.Hive: Total time spent in each metastore function (ms): {getValidWriteIds_(List, String)=5, isCompatibleWith_(Configuration)=1, getValidTxns_(long)=0, getTable_(GetTableRequest)=83, createTable_(Table)=2, openTxn_(String, TxnType)=3, flushCache_()=0, getAllTableConstraints_(AllTableConstraintsRequest)=37, allocateTableWriteId_(long, String, String)=7, commitTxn_(CommitTxnRequest)=10, getTableColumnStatistics_(String, String, List, String)=62}
2024-04-24T05:15:48,187  INFO [main] ql.Driver: Completed compiling command(queryId=alex_20240424051547_40b006d1-2fe3-4cb0-aa3e-216a2ade5d01); Time taken: 0.435 seconds
2024-04-24T05:15:48,187  INFO [main] lockmgr.DbTxnManager: Stopped heartbeat for query: null
2024-04-24T05:15:48,190  INFO [main] txn.TxnHandler: Removed transactions: ([17]) from MIN_HISTORY_LEVEL
2024-04-24T05:15:48,196  INFO [main] ql.TxnCommandsBaseForTests: Running the query: drop table if exists acidTbl
2024-04-24T05:15:48,197  INFO [main] ql.Context: Deleting scratch dir: file:/home/alex/Repositories/hive/ql/target/tmp/localscratchdir/abf7bf9f-ddbf-4749-8130-de551674f6fa/hive_2024-04-24_05-15-47_779_1304894950782883567-1
2024-04-24T05:15:48,197  INFO [main] ql.Driver: Compiling command(queryId=alex_20240424051548_42c192c3-46a1-451b-bf3b-e0bea341eb50): drop table if exists acidTbl
2024-04-24T05:15:48,199  INFO [main] txn.TxnHandler: Added entries to MIN_HISTORY_LEVEL for current txns: ([18]) with min_open_txn: 10
2024-04-24T05:15:48,199  INFO [main] lockmgr.DbTxnManager: Opened txnid:18
2024-04-24T05:15:48,200  INFO [main] HiveMetaStore.audit: ugi=alex	ip=unknown-ip-addr	cmd=get_table : tbl=hive.default.acidTbl	
2024-04-24T05:15:48,205  INFO [main] metastore.HMSHandler: Skipping translation for processor with null
2024-04-24T05:15:48,205  INFO [main] ql.Driver: Semantic Analysis Completed (retrial = false)
2024-04-24T05:15:48,205  INFO [main] ql.Driver: Created Hive schema: Schema(fieldSchemas:null, properties:null)
2024-04-24T05:15:48,206  INFO [main] metadata.Hive: Dumping metastore api call timing information for : compilation phase
2024-04-24T05:15:48,206  INFO [main] metadata.Hive: Total time spent in each metastore function (ms): {rollbackTxn_(long)=9, getValidTxns_(long)=0, getTable_(GetTableRequest)=6, openTxn_(String, TxnType)=2, isCompatibleWith_(Configuration)=0, flushCache_()=0}
2024-04-24T05:15:48,206  INFO [main] ql.Driver: Completed compiling command(queryId=alex_20240424051548_42c192c3-46a1-451b-bf3b-e0bea341eb50); Time taken: 0.008 seconds
2024-04-24T05:15:48,206  INFO [main] lockmgr.DbTxnManager: Setting lock request transaction to txnid:18 for queryId=alex_20240424051548_42c192c3-46a1-451b-bf3b-e0bea341eb50
2024-04-24T05:15:48,207  INFO [main] lockmgr.DbLockManager: Requesting lock for queryId=alex_20240424051548_42c192c3-46a1-451b-bf3b-e0bea341eb50
2024-04-24T05:15:48,220  INFO [main] lockmgr.DbLockManager: Response to queryId=alex_20240424051548_42c192c3-46a1-451b-bf3b-e0bea341eb50 LockResponse(lockid:11, state:ACQUIRED)
2024-04-24T05:15:48,220  INFO [main] ql.Driver: Operation DROPTABLE obtained 1 locks
2024-04-24T05:15:48,220  INFO [main] ql.Driver: Executing command(queryId=alex_20240424051548_42c192c3-46a1-451b-bf3b-e0bea341eb50): drop table if exists acidTbl
2024-04-24T05:15:48,220  INFO [main] ql.Driver: Starting task [Stage-0:DDL] in serial mode
2024-04-24T05:15:48,220  INFO [main] HiveMetaStore.audit: ugi=alex	ip=unknown-ip-addr	cmd=get_table : tbl=hive.default.acidTbl	
2024-04-24T05:15:48,226  INFO [main] metastore.HMSHandler: Skipping translation for processor with null
2024-04-24T05:15:48,226  INFO [main] HiveMetaStore.audit: ugi=alex	ip=unknown-ip-addr	cmd=get_table : tbl=hive.default.acidTbl	
2024-04-24T05:15:48,245  INFO [main] metastore.HMSHandler: Skipping translation for processor with null
2024-04-24T05:15:48,246  INFO [main] HiveMetaStore.audit: ugi=alex	ip=unknown-ip-addr	cmd=drop_table : tbl=hive.default.acidTbl	
2024-04-24T05:15:48,338  INFO [main] metadata.Hive: Dumping metastore api call timing information for : execution phase
2024-04-24T05:15:48,339  INFO [main] metadata.Hive: Total time spent in each metastore function (ms): {getTable_(GetTableRequest)=6, dropTable_(String, String, boolean, boolean, boolean)=112, isCompatibleWith_(Configuration)=0}
2024-04-24T05:15:48,339  INFO [main] ql.Driver: Completed executing command(queryId=alex_20240424051548_42c192c3-46a1-451b-bf3b-e0bea341eb50); Time taken: 0.118 seconds
2024-04-24T05:15:48,339  INFO [main] lockmgr.DbTxnManager: Stopped heartbeat for query: alex_20240424051548_42c192c3-46a1-451b-bf3b-e0bea341eb50
2024-04-24T05:15:48,342  INFO [main] txn.TxnHandler: Expected to move at least one record from txn_components to completed_txn_components when committing txn! txnid:18
2024-04-24T05:15:48,348  INFO [main] txn.TxnHandler: Removed transactions: ([18]) from MIN_HISTORY_LEVEL
2024-04-24T05:15:48,349  WARN [main] txn.CompactionTxnHandler: No compaction queue record found for Compaction type transaction commit. txnId:18
2024-04-24T05:15:48,350  INFO [main] ql.TxnCommandsBaseForTests: Running the query: drop table if exists acidTblPart
2024-04-24T05:15:48,350  INFO [main] ql.Driver: Compiling command(queryId=alex_20240424051548_9edc7e3d-e2bf-4f9d-8714-29170245d298): drop table if exists acidTblPart
2024-04-24T05:15:48,352  INFO [main] txn.TxnHandler: Added entries to MIN_HISTORY_LEVEL for current txns: ([19]) with min_open_txn: 13
2024-04-24T05:15:48,352  INFO [main] lockmgr.DbTxnManager: Opened txnid:19
2024-04-24T05:15:48,353  INFO [main] HiveMetaStore.audit: ugi=alex	ip=unknown-ip-addr	cmd=get_table : tbl=hive.default.acidTblPart	
2024-04-24T05:15:48,362  INFO [main] metastore.HMSHandler: Skipping translation for processor with null
2024-04-24T05:15:48,362  INFO [main] ql.Driver: Semantic Analysis Completed (retrial = false)
2024-04-24T05:15:48,362  INFO [main] ql.Driver: Created Hive schema: Schema(fieldSchemas:null, properties:null)
2024-04-24T05:15:48,362  INFO [main] metadata.Hive: Dumping metastore api call timing information for : compilation phase
2024-04-24T05:15:48,362  INFO [main] metadata.Hive: Total time spent in each metastore function (ms): {commitTxn_(CommitTxnRequest)=11, flushCache_()=0, getTable_(GetTableRequest)=9, isCompatibleWith_(Configuration)=1, openTxn_(String, TxnType)=1, getValidTxns_(long)=0}
2024-04-24T05:15:48,363  INFO [main] ql.Driver: Completed compiling command(queryId=alex_20240424051548_9edc7e3d-e2bf-4f9d-8714-29170245d298); Time taken: 0.012 seconds
2024-04-24T05:15:48,363  INFO [main] lockmgr.DbTxnManager: Setting lock request transaction to txnid:19 for queryId=alex_20240424051548_9edc7e3d-e2bf-4f9d-8714-29170245d298
2024-04-24T05:15:48,363  INFO [main] lockmgr.DbLockManager: Requesting lock for queryId=alex_20240424051548_9edc7e3d-e2bf-4f9d-8714-29170245d298
2024-04-24T05:15:48,380  INFO [main] lockmgr.DbLockManager: Response to queryId=alex_20240424051548_9edc7e3d-e2bf-4f9d-8714-29170245d298 LockResponse(lockid:12, state:ACQUIRED)
2024-04-24T05:15:48,380  INFO [main] ql.Driver: Operation DROPTABLE obtained 1 locks
2024-04-24T05:15:48,380  INFO [main] ql.Driver: Executing command(queryId=alex_20240424051548_9edc7e3d-e2bf-4f9d-8714-29170245d298): drop table if exists acidTblPart
2024-04-24T05:15:48,380  INFO [main] ql.Driver: Starting task [Stage-0:DDL] in serial mode
2024-04-24T05:15:48,380  INFO [main] HiveMetaStore.audit: ugi=alex	ip=unknown-ip-addr	cmd=get_table : tbl=hive.default.acidTblPart	
2024-04-24T05:15:48,386  INFO [main] metastore.HMSHandler: Skipping translation for processor with null
2024-04-24T05:15:48,387  INFO [main] HiveMetaStore.audit: ugi=alex	ip=unknown-ip-addr	cmd=get_table : tbl=hive.default.acidTblPart	
2024-04-24T05:15:48,392  INFO [main] metastore.HMSHandler: Skipping translation for processor with null
2024-04-24T05:15:48,393  INFO [main] HiveMetaStore.audit: ugi=alex	ip=unknown-ip-addr	cmd=drop_table : tbl=hive.default.acidTblPart	
2024-04-24T05:15:48,430  INFO [main] metadata.Hive: Dumping metastore api call timing information for : execution phase
2024-04-24T05:15:48,430  INFO [main] metadata.Hive: Total time spent in each metastore function (ms): {dropTable_(String, String, boolean, boolean, boolean)=44, isCompatibleWith_(Configuration)=0, getTable_(GetTableRequest)=6}
2024-04-24T05:15:48,431  INFO [main] ql.Driver: Completed executing command(queryId=alex_20240424051548_9edc7e3d-e2bf-4f9d-8714-29170245d298); Time taken: 0.05 seconds
2024-04-24T05:15:48,431  INFO [main] lockmgr.DbTxnManager: Stopped heartbeat for query: alex_20240424051548_9edc7e3d-e2bf-4f9d-8714-29170245d298
2024-04-24T05:15:48,434  INFO [main] txn.TxnHandler: Expected to move at least one record from txn_components to completed_txn_components when committing txn! txnid:19
2024-04-24T05:15:48,440  INFO [main] txn.TxnHandler: Removed transactions: ([19]) from MIN_HISTORY_LEVEL
2024-04-24T05:15:48,440  WARN [main] txn.CompactionTxnHandler: No compaction queue record found for Compaction type transaction commit. txnId:19
2024-04-24T05:15:48,441  INFO [main] ql.TxnCommandsBaseForTests: Running the query: drop table if exists acidTbl2
2024-04-24T05:15:48,441  INFO [main] ql.Driver: Compiling command(queryId=alex_20240424051548_4c2fc898-d0aa-4d76-a592-073364937775): drop table if exists acidTbl2
2024-04-24T05:15:48,443  INFO [main] txn.TxnHandler: Added entries to MIN_HISTORY_LEVEL for current txns: ([20]) with min_open_txn: 14
2024-04-24T05:15:48,443  INFO [main] lockmgr.DbTxnManager: Opened txnid:20
2024-04-24T05:15:48,443  INFO [main] ql.Driver: Semantic Analysis Completed (retrial = false)
2024-04-24T05:15:48,444  INFO [main] ql.Driver: Created Hive schema: Schema(fieldSchemas:null, properties:null)
2024-04-24T05:15:48,444  INFO [main] metadata.Hive: Dumping metastore api call timing information for : compilation phase
2024-04-24T05:15:48,444  INFO [main] metadata.Hive: Total time spent in each metastore function (ms): {flushCache_()=0, openTxn_(String, TxnType)=2, commitTxn_(CommitTxnRequest)=9, getValidTxns_(long)=0, getTable_(GetTableRequest)=0, isCompatibleWith_(Configuration)=0}
2024-04-24T05:15:48,444  INFO [main] ql.Driver: Completed compiling command(queryId=alex_20240424051548_4c2fc898-d0aa-4d76-a592-073364937775); Time taken: 0.003 seconds
2024-04-24T05:15:48,444  INFO [main] lockmgr.DbTxnManager: Setting lock request transaction to txnid:20 for queryId=alex_20240424051548_4c2fc898-d0aa-4d76-a592-073364937775
2024-04-24T05:15:48,444  INFO [main] ql.Driver: Operation DROPTABLE obtained 0 locks
2024-04-24T05:15:48,444  INFO [main] ql.Driver: Executing command(queryId=alex_20240424051548_4c2fc898-d0aa-4d76-a592-073364937775): drop table if exists acidTbl2
2024-04-24T05:15:48,444  INFO [main] ql.Driver: Starting task [Stage-0:DDL] in serial mode
2024-04-24T05:15:48,445  INFO [main] metadata.SessionHiveMetaStoreClient: Column stats doesn't exist for db=default temp table=acidTbl2
2024-04-24T05:15:48,445  INFO [main] metadata.Hive: Dumping metastore api call timing information for : execution phase
2024-04-24T05:15:48,445  INFO [main] metadata.Hive: Total time spent in each metastore function (ms): {dropTable_(String, String, boolean, boolean, boolean)=0, getTable_(GetTableRequest)=0, isCompatibleWith_(Configuration)=1}
2024-04-24T05:15:48,445  INFO [main] ql.Driver: Completed executing command(queryId=alex_20240424051548_4c2fc898-d0aa-4d76-a592-073364937775); Time taken: 0.001 seconds
2024-04-24T05:15:48,445  INFO [main] lockmgr.DbTxnManager: Stopped heartbeat for query: alex_20240424051548_4c2fc898-d0aa-4d76-a592-073364937775
2024-04-24T05:15:48,450  INFO [main] txn.TxnHandler: Expected to move at least one record from txn_components to completed_txn_components when committing txn! txnid:20
2024-04-24T05:15:48,456  INFO [main] txn.TxnHandler: Removed transactions: ([20]) from MIN_HISTORY_LEVEL
2024-04-24T05:15:48,456  WARN [main] txn.CompactionTxnHandler: No compaction queue record found for Compaction type transaction commit. txnId:20
2024-04-24T05:15:48,457  INFO [main] ql.TxnCommandsBaseForTests: Running the query: drop table if exists nonAcidOrcTbl
2024-04-24T05:15:48,457  INFO [main] ql.Driver: Compiling command(queryId=alex_20240424051548_083eb122-e0dc-401f-addb-1c8c1e9f3d54): drop table if exists nonAcidOrcTbl
2024-04-24T05:15:48,459  INFO [main] txn.TxnHandler: Added entries to MIN_HISTORY_LEVEL for current txns: ([21]) with min_open_txn: 14
2024-04-24T05:15:48,459  INFO [main] lockmgr.DbTxnManager: Opened txnid:21
2024-04-24T05:15:48,459  INFO [main] HiveMetaStore.audit: ugi=alex	ip=unknown-ip-addr	cmd=get_table : tbl=hive.default.nonAcidOrcTbl	
2024-04-24T05:15:48,481  INFO [main] metastore.HMSHandler: Skipping translation for processor with null
2024-04-24T05:15:48,481  INFO [main] ql.Driver: Semantic Analysis Completed (retrial = false)
2024-04-24T05:15:48,481  INFO [main] ql.Driver: Created Hive schema: Schema(fieldSchemas:null, properties:null)
2024-04-24T05:15:48,481  INFO [main] metadata.Hive: Dumping metastore api call timing information for : compilation phase
2024-04-24T05:15:48,481  INFO [main] metadata.Hive: Total time spent in each metastore function (ms): {openTxn_(String, TxnType)=2, isCompatibleWith_(Configuration)=1, commitTxn_(CommitTxnRequest)=10, getValidTxns_(long)=0, getTable_(GetTableRequest)=22, flushCache_()=0}
2024-04-24T05:15:48,482  INFO [main] ql.Driver: Completed compiling command(queryId=alex_20240424051548_083eb122-e0dc-401f-addb-1c8c1e9f3d54); Time taken: 0.024 seconds
2024-04-24T05:15:48,482  INFO [main] lockmgr.DbTxnManager: Setting lock request transaction to txnid:21 for queryId=alex_20240424051548_083eb122-e0dc-401f-addb-1c8c1e9f3d54
2024-04-24T05:15:48,482  INFO [main] lockmgr.DbLockManager: Requesting lock for queryId=alex_20240424051548_083eb122-e0dc-401f-addb-1c8c1e9f3d54
2024-04-24T05:15:48,495  INFO [main] lockmgr.DbLockManager: Response to queryId=alex_20240424051548_083eb122-e0dc-401f-addb-1c8c1e9f3d54 LockResponse(lockid:13, state:ACQUIRED)
2024-04-24T05:15:48,496  INFO [main] ql.Driver: Operation DROPTABLE obtained 1 locks
2024-04-24T05:15:48,496  INFO [main] ql.Driver: Executing command(queryId=alex_20240424051548_083eb122-e0dc-401f-addb-1c8c1e9f3d54): drop table if exists nonAcidOrcTbl
2024-04-24T05:15:48,496  INFO [main] ql.Driver: Starting task [Stage-0:DDL] in serial mode
2024-04-24T05:15:48,496  INFO [main] HiveMetaStore.audit: ugi=alex	ip=unknown-ip-addr	cmd=get_table : tbl=hive.default.nonAcidOrcTbl	
2024-04-24T05:15:48,504  INFO [main] metastore.HMSHandler: Skipping translation for processor with null
2024-04-24T05:15:48,504  INFO [main] HiveMetaStore.audit: ugi=alex	ip=unknown-ip-addr	cmd=get_table : tbl=hive.default.nonAcidOrcTbl	
2024-04-24T05:15:48,513  INFO [main] metastore.HMSHandler: Skipping translation for processor with null
2024-04-24T05:15:48,513  INFO [main] HiveMetaStore.audit: ugi=alex	ip=unknown-ip-addr	cmd=drop_table : tbl=hive.default.nonAcidOrcTbl	
2024-04-24T05:15:48,572  INFO [main] metadata.Hive: Dumping metastore api call timing information for : execution phase
2024-04-24T05:15:48,572  INFO [main] metadata.Hive: Total time spent in each metastore function (ms): {dropTable_(String, String, boolean, boolean, boolean)=68, isCompatibleWith_(Configuration)=0, getTable_(GetTableRequest)=8}
2024-04-24T05:15:48,572  INFO [main] ql.Driver: Completed executing command(queryId=alex_20240424051548_083eb122-e0dc-401f-addb-1c8c1e9f3d54); Time taken: 0.076 seconds
2024-04-24T05:15:48,572  INFO [main] lockmgr.DbTxnManager: Stopped heartbeat for query: alex_20240424051548_083eb122-e0dc-401f-addb-1c8c1e9f3d54
2024-04-24T05:15:48,576  INFO [main] txn.TxnHandler: Expected to move at least one record from txn_components to completed_txn_components when committing txn! txnid:21
2024-04-24T05:15:48,582  INFO [main] txn.TxnHandler: Removed transactions: ([21]) from MIN_HISTORY_LEVEL
2024-04-24T05:15:48,582  WARN [main] txn.CompactionTxnHandler: No compaction queue record found for Compaction type transaction commit. txnId:21
2024-04-24T05:15:48,582  INFO [main] ql.TxnCommandsBaseForTests: Running the query: drop table if exists nonAcidOrcTbl2
2024-04-24T05:15:48,582  INFO [main] ql.Driver: Compiling command(queryId=alex_20240424051548_a1a96710-5d75-40e6-a037-f330c8cea27b): drop table if exists nonAcidOrcTbl2
2024-04-24T05:15:48,584  INFO [main] txn.TxnHandler: Added entries to MIN_HISTORY_LEVEL for current txns: ([22]) with min_open_txn: 15
2024-04-24T05:15:48,584  INFO [main] lockmgr.DbTxnManager: Opened txnid:22
2024-04-24T05:15:48,585  INFO [main] HiveMetaStore.audit: ugi=alex	ip=unknown-ip-addr	cmd=get_table : tbl=hive.default.nonAcidOrcTbl2	
2024-04-24T05:15:48,593  INFO [main] metastore.HMSHandler: Skipping translation for processor with null
2024-04-24T05:15:48,593  INFO [main] ql.Driver: Semantic Analysis Completed (retrial = false)
2024-04-24T05:15:48,593  INFO [main] ql.Driver: Created Hive schema: Schema(fieldSchemas:null, properties:null)
2024-04-24T05:15:48,593  INFO [main] metadata.Hive: Dumping metastore api call timing information for : compilation phase
2024-04-24T05:15:48,594  INFO [main] metadata.Hive: Total time spent in each metastore function (ms): {getValidTxns_(long)=0, flushCache_()=0, getTable_(GetTableRequest)=8, openTxn_(String, TxnType)=1, commitTxn_(CommitTxnRequest)=10, isCompatibleWith_(Configuration)=0}
2024-04-24T05:15:48,594  INFO [main] ql.Driver: Completed compiling command(queryId=alex_20240424051548_a1a96710-5d75-40e6-a037-f330c8cea27b); Time taken: 0.011 seconds
2024-04-24T05:15:48,594  INFO [main] lockmgr.DbTxnManager: Setting lock request transaction to txnid:22 for queryId=alex_20240424051548_a1a96710-5d75-40e6-a037-f330c8cea27b
2024-04-24T05:15:48,594  INFO [main] lockmgr.DbLockManager: Requesting lock for queryId=alex_20240424051548_a1a96710-5d75-40e6-a037-f330c8cea27b
2024-04-24T05:15:48,608  INFO [main] lockmgr.DbLockManager: Response to queryId=alex_20240424051548_a1a96710-5d75-40e6-a037-f330c8cea27b LockResponse(lockid:14, state:ACQUIRED)
2024-04-24T05:15:48,608  INFO [main] ql.Driver: Operation DROPTABLE obtained 1 locks
2024-04-24T05:15:48,608  INFO [main] ql.Driver: Executing command(queryId=alex_20240424051548_a1a96710-5d75-40e6-a037-f330c8cea27b): drop table if exists nonAcidOrcTbl2
2024-04-24T05:15:48,608  INFO [main] ql.Driver: Starting task [Stage-0:DDL] in serial mode
2024-04-24T05:15:48,608  INFO [main] HiveMetaStore.audit: ugi=alex	ip=unknown-ip-addr	cmd=get_table : tbl=hive.default.nonAcidOrcTbl2	
2024-04-24T05:15:48,616  INFO [main] metastore.HMSHandler: Skipping translation for processor with null
2024-04-24T05:15:48,616  INFO [main] HiveMetaStore.audit: ugi=alex	ip=unknown-ip-addr	cmd=get_table : tbl=hive.default.nonAcidOrcTbl2	
2024-04-24T05:15:48,624  INFO [main] metastore.HMSHandler: Skipping translation for processor with null
2024-04-24T05:15:48,624  INFO [main] HiveMetaStore.audit: ugi=alex	ip=unknown-ip-addr	cmd=drop_table : tbl=hive.default.nonAcidOrcTbl2	
2024-04-24T05:15:48,654  INFO [main] metadata.Hive: Dumping metastore api call timing information for : execution phase
2024-04-24T05:15:48,654  INFO [main] metadata.Hive: Total time spent in each metastore function (ms): {getTable_(GetTableRequest)=8, dropTable_(String, String, boolean, boolean, boolean)=38, isCompatibleWith_(Configuration)=0}
2024-04-24T05:15:48,655  INFO [main] ql.Driver: Completed executing command(queryId=alex_20240424051548_a1a96710-5d75-40e6-a037-f330c8cea27b); Time taken: 0.046 seconds
2024-04-24T05:15:48,655  INFO [main] lockmgr.DbTxnManager: Stopped heartbeat for query: alex_20240424051548_a1a96710-5d75-40e6-a037-f330c8cea27b
2024-04-24T05:15:48,658  INFO [main] txn.TxnHandler: Expected to move at least one record from txn_components to completed_txn_components when committing txn! txnid:22
2024-04-24T05:15:48,664  INFO [main] txn.TxnHandler: Removed transactions: ([22]) from MIN_HISTORY_LEVEL
2024-04-24T05:15:48,664  WARN [main] txn.CompactionTxnHandler: No compaction queue record found for Compaction type transaction commit. txnId:22
2024-04-24T05:15:48,665  INFO [main] ql.TxnCommandsBaseForTests: Running the query: drop table if exists nonAcidNonBucket
2024-04-24T05:15:48,665  INFO [main] ql.Driver: Compiling command(queryId=alex_20240424051548_93c6e16b-5b01-4089-b56a-434d70f67f1d): drop table if exists nonAcidNonBucket
2024-04-24T05:15:48,667  INFO [main] txn.TxnHandler: Added entries to MIN_HISTORY_LEVEL for current txns: ([23]) with min_open_txn: 16
2024-04-24T05:15:48,667  INFO [main] lockmgr.DbTxnManager: Opened txnid:23
2024-04-24T05:15:48,668  INFO [main] HiveMetaStore.audit: ugi=alex	ip=unknown-ip-addr	cmd=get_table : tbl=hive.default.nonAcidNonBucket	
2024-04-24T05:15:48,676  INFO [main] metastore.HMSHandler: Skipping translation for processor with null
2024-04-24T05:15:48,676  INFO [main] ql.Driver: Semantic Analysis Completed (retrial = false)
2024-04-24T05:15:48,676  INFO [main] ql.Driver: Created Hive schema: Schema(fieldSchemas:null, properties:null)
2024-04-24T05:15:48,677  INFO [main] metadata.Hive: Dumping metastore api call timing information for : compilation phase
2024-04-24T05:15:48,677  INFO [main] metadata.Hive: Total time spent in each metastore function (ms): {openTxn_(String, TxnType)=2, isCompatibleWith_(Configuration)=0, flushCache_()=0, getValidTxns_(long)=1, getTable_(GetTableRequest)=8, commitTxn_(CommitTxnRequest)=9}
2024-04-24T05:15:48,677  INFO [main] ql.Driver: Completed compiling command(queryId=alex_20240424051548_93c6e16b-5b01-4089-b56a-434d70f67f1d); Time taken: 0.011 seconds
2024-04-24T05:15:48,677  INFO [main] lockmgr.DbTxnManager: Setting lock request transaction to txnid:23 for queryId=alex_20240424051548_93c6e16b-5b01-4089-b56a-434d70f67f1d
2024-04-24T05:15:48,678  INFO [main] lockmgr.DbLockManager: Requesting lock for queryId=alex_20240424051548_93c6e16b-5b01-4089-b56a-434d70f67f1d
2024-04-24T05:15:48,691  INFO [main] lockmgr.DbLockManager: Response to queryId=alex_20240424051548_93c6e16b-5b01-4089-b56a-434d70f67f1d LockResponse(lockid:15, state:ACQUIRED)
2024-04-24T05:15:48,691  INFO [main] ql.Driver: Operation DROPTABLE obtained 1 locks
2024-04-24T05:15:48,691  INFO [main] ql.Driver: Executing command(queryId=alex_20240424051548_93c6e16b-5b01-4089-b56a-434d70f67f1d): drop table if exists nonAcidNonBucket
2024-04-24T05:15:48,691  INFO [main] ql.Driver: Starting task [Stage-0:DDL] in serial mode
2024-04-24T05:15:48,691  INFO [main] HiveMetaStore.audit: ugi=alex	ip=unknown-ip-addr	cmd=get_table : tbl=hive.default.nonAcidNonBucket	
2024-04-24T05:15:48,699  INFO [main] metastore.HMSHandler: Skipping translation for processor with null
2024-04-24T05:15:48,699  INFO [main] HiveMetaStore.audit: ugi=alex	ip=unknown-ip-addr	cmd=get_table : tbl=hive.default.nonAcidNonBucket	
2024-04-24T05:15:48,707  INFO [main] metastore.HMSHandler: Skipping translation for processor with null
2024-04-24T05:15:48,707  INFO [main] HiveMetaStore.audit: ugi=alex	ip=unknown-ip-addr	cmd=drop_table : tbl=hive.default.nonAcidNonBucket	
2024-04-24T05:15:48,736  INFO [main] metadata.Hive: Dumping metastore api call timing information for : execution phase
2024-04-24T05:15:48,736  INFO [main] metadata.Hive: Total time spent in each metastore function (ms): {dropTable_(String, String, boolean, boolean, boolean)=37, isCompatibleWith_(Configuration)=0, getTable_(GetTableRequest)=8}
2024-04-24T05:15:48,736  INFO [main] ql.Driver: Completed executing command(queryId=alex_20240424051548_93c6e16b-5b01-4089-b56a-434d70f67f1d); Time taken: 0.045 seconds
2024-04-24T05:15:48,736  INFO [main] lockmgr.DbTxnManager: Stopped heartbeat for query: alex_20240424051548_93c6e16b-5b01-4089-b56a-434d70f67f1d
2024-04-24T05:15:48,740  INFO [main] txn.TxnHandler: Expected to move at least one record from txn_components to completed_txn_components when committing txn! txnid:23
2024-04-24T05:15:48,745  INFO [main] txn.TxnHandler: Removed transactions: ([23]) from MIN_HISTORY_LEVEL
2024-04-24T05:15:48,746  WARN [main] txn.CompactionTxnHandler: No compaction queue record found for Compaction type transaction commit. txnId:23
2024-04-24T05:15:48,746  INFO [main] utils.TestTxnDbUtil: Cleaning transactional tables
]]></system-err>
  </testcase>
  <testcase name="testDelete" classname="org.apache.hadoop.hive.ql.TestTxnCommandsWithSplitUpdateAndVectorization" time="4.329">
    <error type="java.lang.RuntimeException"><![CDATA[java.lang.RuntimeException: delete from acidTbl where b = 4 failed: (responseCode = 40000, errorMessage = FAILED: NoMatchingMethodException No matching method for class org.apache.hadoop.hive.ql.udf.UDFToInteger with (struct<writeid:bigint,bucketid:int,rowid:bigint>). Possible choices: _FUNC_(bigint)  _FUNC_(boolean)  _FUNC_(decimal(38,18))  _FUNC_(double)  _FUNC_(float)  _FUNC_(smallint)  _FUNC_(string)  _FUNC_(struct<writeid:bigint,rowid:int,bucketid:bigint>)  _FUNC_(timestamp)  _FUNC_(tinyint)  _FUNC_(void)  , hiveErrorCode = 40000, SQLState = 42000, exception = No matching method for class org.apache.hadoop.hive.ql.udf.UDFToInteger with (struct<writeid:bigint,bucketid:int,rowid:bigint>). Possible choices: _FUNC_(bigint)  _FUNC_(boolean)  _FUNC_(decimal(38,18))  _FUNC_(double)  _FUNC_(float)  _FUNC_(smallint)  _FUNC_(string)  _FUNC_(struct<writeid:bigint,rowid:int,bucketid:bigint>)  _FUNC_(timestamp)  _FUNC_(tinyint)  _FUNC_(void)  )
	at org.apache.hadoop.hive.ql.TxnCommandsBaseForTests.runStatementOnDriver(TxnCommandsBaseForTests.java:247)
	at org.apache.hadoop.hive.ql.TestTxnCommands.testDelete(TestTxnCommands.java:840)
	at sun.reflect.NativeMethodAccessorImpl.invoke0(Native Method)
	at sun.reflect.NativeMethodAccessorImpl.invoke(NativeMethodAccessorImpl.java:62)
	at sun.reflect.DelegatingMethodAccessorImpl.invoke(DelegatingMethodAccessorImpl.java:43)
	at java.lang.reflect.Method.invoke(Method.java:498)
	at org.junit.runners.model.FrameworkMethod$1.runReflectiveCall(FrameworkMethod.java:59)
	at org.junit.internal.runners.model.ReflectiveCallable.run(ReflectiveCallable.java:12)
	at org.junit.runners.model.FrameworkMethod.invokeExplosively(FrameworkMethod.java:56)
	at org.junit.internal.runners.statements.InvokeMethod.evaluate(InvokeMethod.java:17)
	at org.junit.internal.runners.statements.RunBefores.evaluate(RunBefores.java:26)
	at org.junit.internal.runners.statements.RunAfters.evaluate(RunAfters.java:27)
	at org.junit.rules.TestWatcher$1.evaluate(TestWatcher.java:61)
	at org.junit.runners.ParentRunner$3.evaluate(ParentRunner.java:306)
	at org.junit.runners.BlockJUnit4ClassRunner$1.evaluate(BlockJUnit4ClassRunner.java:100)
	at org.junit.runners.ParentRunner.runLeaf(ParentRunner.java:366)
	at org.junit.runners.BlockJUnit4ClassRunner.runChild(BlockJUnit4ClassRunner.java:103)
	at org.junit.runners.BlockJUnit4ClassRunner.runChild(BlockJUnit4ClassRunner.java:63)
	at org.junit.runners.ParentRunner$4.run(ParentRunner.java:331)
	at org.junit.runners.ParentRunner$1.schedule(ParentRunner.java:79)
	at org.junit.runners.ParentRunner.runChildren(ParentRunner.java:329)
	at org.junit.runners.ParentRunner.access$100(ParentRunner.java:66)
	at org.junit.runners.ParentRunner$2.evaluate(ParentRunner.java:293)
	at org.junit.runners.ParentRunner$3.evaluate(ParentRunner.java:306)
	at org.junit.runners.ParentRunner.run(ParentRunner.java:413)
	at org.junit.runner.JUnitCore.run(JUnitCore.java:137)
	at org.junit.runner.JUnitCore.run(JUnitCore.java:115)
	at org.junit.vintage.engine.execution.RunnerExecutor.execute(RunnerExecutor.java:43)
	at java.util.stream.ForEachOps$ForEachOp$OfRef.accept(ForEachOps.java:183)
	at java.util.stream.ReferencePipeline$3$1.accept(ReferencePipeline.java:193)
	at java.util.Iterator.forEachRemaining(Iterator.java:116)
	at java.util.Spliterators$IteratorSpliterator.forEachRemaining(Spliterators.java:1801)
	at java.util.stream.AbstractPipeline.copyInto(AbstractPipeline.java:482)
	at java.util.stream.AbstractPipeline.wrapAndCopyInto(AbstractPipeline.java:472)
	at java.util.stream.ForEachOps$ForEachOp.evaluateSequential(ForEachOps.java:150)
	at java.util.stream.ForEachOps$ForEachOp$OfRef.evaluateSequential(ForEachOps.java:173)
	at java.util.stream.AbstractPipeline.evaluate(AbstractPipeline.java:234)
	at java.util.stream.ReferencePipeline.forEach(ReferencePipeline.java:485)
	at org.junit.vintage.engine.VintageTestEngine.executeAllChildren(VintageTestEngine.java:82)
	at org.junit.vintage.engine.VintageTestEngine.execute(VintageTestEngine.java:73)
	at org.junit.platform.launcher.core.DefaultLauncher.execute(DefaultLauncher.java:248)
	at org.junit.platform.launcher.core.DefaultLauncher.lambda$execute$5(DefaultLauncher.java:211)
	at org.junit.platform.launcher.core.DefaultLauncher.withInterceptedStreams(DefaultLauncher.java:226)
	at org.junit.platform.launcher.core.DefaultLauncher.execute(DefaultLauncher.java:199)
	at org.junit.platform.launcher.core.DefaultLauncher.execute(DefaultLauncher.java:132)
	at org.apache.maven.surefire.junitplatform.JUnitPlatformProvider.invokeAllTests(JUnitPlatformProvider.java:154)
	at org.apache.maven.surefire.junitplatform.JUnitPlatformProvider.invoke(JUnitPlatformProvider.java:123)
	at org.apache.maven.surefire.booter.ForkedBooter.runSuitesInProcess(ForkedBooter.java:377)
	at org.apache.maven.surefire.booter.ForkedBooter.execute(ForkedBooter.java:138)
	at org.apache.maven.surefire.booter.ForkedBooter.run(ForkedBooter.java:465)
	at org.apache.maven.surefire.booter.ForkedBooter.main(ForkedBooter.java:451)
]]></error>
    <system-err><![CDATA[2024-04-24T05:15:48,801  WARN [main] conf.HiveConf: HiveConf of name hive.llap.io.cache.orc.size does not exist
2024-04-24T05:15:48,801  WARN [main] conf.HiveConf: HiveConf of name hive.metastore.client.cache.recordStats does not exist
2024-04-24T05:15:48,801  WARN [main] conf.HiveConf: HiveConf of name hive.llap.io.cache.orc.arena.size does not exist
2024-04-24T05:15:48,801  WARN [main] conf.HiveConf: HiveConf of name hive.metastore.metadb.dir does not exist
2024-04-24T05:15:48,801  WARN [main] conf.HiveConf: HiveConf of name hive.dummyparam.test.server.specific.config.hivesite does not exist
2024-04-24T05:15:48,801  WARN [main] conf.HiveConf: HiveConf of name hive.llap.io.cache.orc.alloc.min does not exist
2024-04-24T05:15:48,801  WARN [main] conf.HiveConf: HiveConf of name hive.llap.io.cache.orc.alloc.max does not exist
2024-04-24T05:15:48,802  WARN [main] conf.HiveConf: HiveConf of name hive.metastore.client.cache.maxSize does not exist
2024-04-24T05:15:48,802  WARN [main] conf.HiveConf: HiveConf of name hive.stats.key.prefix.reserve.length does not exist
2024-04-24T05:15:48,802  WARN [main] conf.HiveConf: HiveConf of name hive.dummyparam.test.server.specific.config.override does not exist
2024-04-24T05:15:48,802  WARN [main] conf.HiveConf: HiveConf of name hive.dummyparam.test.server.specific.config.metastoresite does not exist
2024-04-24T05:15:48,803  INFO [main] utils.TestTxnDbUtil: Creating transactional tables
Hive Session ID = b6af5111-30d9-4d09-81a6-b8f5d8dff8c7
2024-04-24T05:15:48,806  INFO [main] SessionState: Hive Session ID = b6af5111-30d9-4d09-81a6-b8f5d8dff8c7
ivysettings.xml file not found in HIVE_HOME or HIVE_CONF_DIR,/home/alex/Repositories/hive/conf/ivysettings.xml will be used
2024-04-24T05:15:48,806  INFO [main] DependencyResolver: ivysettings.xml file not found in HIVE_HOME or HIVE_CONF_DIR,/home/alex/Repositories/hive/conf/ivysettings.xml will be used
2024-04-24T05:15:48,811  INFO [main] session.SessionState: Created HDFS directory: /home/alex/Repositories/hive/ql/target/tmp/scratchdir/alex/b6af5111-30d9-4d09-81a6-b8f5d8dff8c7
2024-04-24T05:15:48,814  INFO [main] session.SessionState: Created local directory: /home/alex/Repositories/hive/ql/target/tmp/localscratchdir/b6af5111-30d9-4d09-81a6-b8f5d8dff8c7
2024-04-24T05:15:48,816  INFO [main] session.SessionState: Created HDFS directory: /home/alex/Repositories/hive/ql/target/tmp/scratchdir/alex/b6af5111-30d9-4d09-81a6-b8f5d8dff8c7/_tmp_space.db
2024-04-24T05:15:48,817  INFO [main] sqlstd.SQLStdHiveAccessController: Created SQLStdHiveAccessController for session context : HiveAuthzSessionContext [sessionString=b6af5111-30d9-4d09-81a6-b8f5d8dff8c7, clientType=HIVECLI]
2024-04-24T05:15:48,817  INFO [main] ql.TxnCommandsBaseForTests: Running the query: drop table if exists acidTbl
2024-04-24T05:15:48,817  INFO [main] ql.Driver: Compiling command(queryId=alex_20240424051548_4988bf5d-d3bf-4a6e-b1cc-2e7cb69b6e84): drop table if exists acidTbl
2024-04-24T05:15:48,824  INFO [main] txn.TxnHandler: Added entries to MIN_HISTORY_LEVEL for current txns: ([1]) with min_open_txn: 1
2024-04-24T05:15:48,825  INFO [main] lockmgr.DbTxnManager: Opened txnid:1
2024-04-24T05:15:48,827  INFO [main] HiveMetaStore.audit: ugi=alex	ip=unknown-ip-addr	cmd=get_table : tbl=hive.default.acidTbl	
2024-04-24T05:15:48,829  INFO [main] ql.Driver: Semantic Analysis Completed (retrial = false)
2024-04-24T05:15:48,830  INFO [main] ql.Driver: Created Hive schema: Schema(fieldSchemas:null, properties:null)
2024-04-24T05:15:48,830  INFO [main] metadata.Hive: Dumping metastore api call timing information for : compilation phase
2024-04-24T05:15:48,830  INFO [main] metadata.Hive: Total time spent in each metastore function (ms): {flushCache_()=0, isCompatibleWith_(Configuration)=1, getValidTxns_(long)=2, commitTxn_(CommitTxnRequest)=10, openTxn_(String, TxnType)=7}
2024-04-24T05:15:48,830  INFO [main] ql.Driver: Completed compiling command(queryId=alex_20240424051548_4988bf5d-d3bf-4a6e-b1cc-2e7cb69b6e84); Time taken: 0.013 seconds
2024-04-24T05:15:48,830  INFO [main] lockmgr.DbTxnManager: Setting lock request transaction to txnid:1 for queryId=alex_20240424051548_4988bf5d-d3bf-4a6e-b1cc-2e7cb69b6e84
2024-04-24T05:15:48,830  INFO [main] ql.Driver: Operation DROPTABLE obtained 0 locks
2024-04-24T05:15:48,830  INFO [main] ql.Driver: Executing command(queryId=alex_20240424051548_4988bf5d-d3bf-4a6e-b1cc-2e7cb69b6e84): drop table if exists acidTbl
2024-04-24T05:15:48,830  INFO [main] ql.Driver: Starting task [Stage-0:DDL] in serial mode
2024-04-24T05:15:48,830  INFO [main] HiveMetaStore.audit: ugi=alex	ip=unknown-ip-addr	cmd=get_table : tbl=hive.default.acidTbl	
2024-04-24T05:15:48,833  INFO [main] metadata.Hive: Dumping metastore api call timing information for : execution phase
2024-04-24T05:15:48,833  INFO [main] metadata.Hive: Total time spent in each metastore function (ms): {isCompatibleWith_(Configuration)=0}
2024-04-24T05:15:48,833  INFO [main] ql.Driver: Completed executing command(queryId=alex_20240424051548_4988bf5d-d3bf-4a6e-b1cc-2e7cb69b6e84); Time taken: 0.003 seconds
2024-04-24T05:15:48,833  INFO [main] lockmgr.DbTxnManager: Stopped heartbeat for query: alex_20240424051548_4988bf5d-d3bf-4a6e-b1cc-2e7cb69b6e84
2024-04-24T05:15:48,839  INFO [main] txn.TxnHandler: Expected to move at least one record from txn_components to completed_txn_components when committing txn! txnid:1
2024-04-24T05:15:48,845  INFO [main] txn.TxnHandler: Removed transactions: ([1]) from MIN_HISTORY_LEVEL
2024-04-24T05:15:48,845  WARN [main] txn.CompactionTxnHandler: No compaction queue record found for Compaction type transaction commit. txnId:1
2024-04-24T05:15:48,845  INFO [main] ql.TxnCommandsBaseForTests: Running the query: drop table if exists acidTblPart
2024-04-24T05:15:48,845  INFO [main] ql.Driver: Compiling command(queryId=alex_20240424051548_e8361c09-edd4-4183-aa7f-18939114dd8b): drop table if exists acidTblPart
2024-04-24T05:15:48,847  INFO [main] txn.TxnHandler: Added entries to MIN_HISTORY_LEVEL for current txns: ([2]) with min_open_txn: 1
2024-04-24T05:15:48,848  INFO [main] lockmgr.DbTxnManager: Opened txnid:2
2024-04-24T05:15:48,848  INFO [main] HiveMetaStore.audit: ugi=alex	ip=unknown-ip-addr	cmd=get_table : tbl=hive.default.acidTblPart	
2024-04-24T05:15:48,851  INFO [main] ql.Driver: Semantic Analysis Completed (retrial = false)
2024-04-24T05:15:48,851  INFO [main] ql.Driver: Created Hive schema: Schema(fieldSchemas:null, properties:null)
2024-04-24T05:15:48,851  INFO [main] metadata.Hive: Dumping metastore api call timing information for : compilation phase
2024-04-24T05:15:48,851  INFO [main] metadata.Hive: Total time spent in each metastore function (ms): {flushCache_()=0, commitTxn_(CommitTxnRequest)=12, isCompatibleWith_(Configuration)=0, openTxn_(String, TxnType)=2, getValidTxns_(long)=0}
2024-04-24T05:15:48,851  INFO [main] ql.Driver: Completed compiling command(queryId=alex_20240424051548_e8361c09-edd4-4183-aa7f-18939114dd8b); Time taken: 0.006 seconds
2024-04-24T05:15:48,851  INFO [main] lockmgr.DbTxnManager: Setting lock request transaction to txnid:2 for queryId=alex_20240424051548_e8361c09-edd4-4183-aa7f-18939114dd8b
2024-04-24T05:15:48,851  INFO [main] ql.Driver: Operation DROPTABLE obtained 0 locks
2024-04-24T05:15:48,851  INFO [main] ql.Driver: Executing command(queryId=alex_20240424051548_e8361c09-edd4-4183-aa7f-18939114dd8b): drop table if exists acidTblPart
2024-04-24T05:15:48,852  INFO [main] ql.Driver: Starting task [Stage-0:DDL] in serial mode
2024-04-24T05:15:48,852  INFO [main] HiveMetaStore.audit: ugi=alex	ip=unknown-ip-addr	cmd=get_table : tbl=hive.default.acidTblPart	
2024-04-24T05:15:48,855  INFO [main] metadata.Hive: Dumping metastore api call timing information for : execution phase
2024-04-24T05:15:48,855  INFO [main] metadata.Hive: Total time spent in each metastore function (ms): {isCompatibleWith_(Configuration)=0}
2024-04-24T05:15:48,855  INFO [main] ql.Driver: Completed executing command(queryId=alex_20240424051548_e8361c09-edd4-4183-aa7f-18939114dd8b); Time taken: 0.004 seconds
2024-04-24T05:15:48,855  INFO [main] lockmgr.DbTxnManager: Stopped heartbeat for query: alex_20240424051548_e8361c09-edd4-4183-aa7f-18939114dd8b
2024-04-24T05:15:48,860  INFO [main] txn.TxnHandler: Expected to move at least one record from txn_components to completed_txn_components when committing txn! txnid:2
2024-04-24T05:15:48,866  INFO [main] txn.TxnHandler: Removed transactions: ([2]) from MIN_HISTORY_LEVEL
2024-04-24T05:15:48,866  WARN [main] txn.CompactionTxnHandler: No compaction queue record found for Compaction type transaction commit. txnId:2
2024-04-24T05:15:48,867  INFO [main] ql.TxnCommandsBaseForTests: Running the query: drop table if exists acidTbl2
2024-04-24T05:15:48,867  INFO [main] ql.Driver: Compiling command(queryId=alex_20240424051548_b3a8c6f8-a0fc-4b66-9260-2c061450d816): drop table if exists acidTbl2
2024-04-24T05:15:48,869  INFO [main] txn.TxnHandler: Added entries to MIN_HISTORY_LEVEL for current txns: ([3]) with min_open_txn: 1
2024-04-24T05:15:48,869  INFO [main] lockmgr.DbTxnManager: Opened txnid:3
2024-04-24T05:15:48,870  INFO [main] HiveMetaStore.audit: ugi=alex	ip=unknown-ip-addr	cmd=get_table : tbl=hive.default.acidTbl2	
2024-04-24T05:15:48,872  INFO [main] ql.Driver: Semantic Analysis Completed (retrial = false)
2024-04-24T05:15:48,872  INFO [main] ql.Driver: Created Hive schema: Schema(fieldSchemas:null, properties:null)
2024-04-24T05:15:48,873  INFO [main] metadata.Hive: Dumping metastore api call timing information for : compilation phase
2024-04-24T05:15:48,873  INFO [main] metadata.Hive: Total time spent in each metastore function (ms): {openTxn_(String, TxnType)=2, commitTxn_(CommitTxnRequest)=12, getValidTxns_(long)=1, flushCache_()=0, isCompatibleWith_(Configuration)=0}
2024-04-24T05:15:48,873  INFO [main] ql.Driver: Completed compiling command(queryId=alex_20240424051548_b3a8c6f8-a0fc-4b66-9260-2c061450d816); Time taken: 0.006 seconds
2024-04-24T05:15:48,873  INFO [main] lockmgr.DbTxnManager: Setting lock request transaction to txnid:3 for queryId=alex_20240424051548_b3a8c6f8-a0fc-4b66-9260-2c061450d816
2024-04-24T05:15:48,873  INFO [main] ql.Driver: Operation DROPTABLE obtained 0 locks
2024-04-24T05:15:48,873  INFO [main] ql.Driver: Executing command(queryId=alex_20240424051548_b3a8c6f8-a0fc-4b66-9260-2c061450d816): drop table if exists acidTbl2
2024-04-24T05:15:48,873  INFO [main] ql.Driver: Starting task [Stage-0:DDL] in serial mode
2024-04-24T05:15:48,874  INFO [main] HiveMetaStore.audit: ugi=alex	ip=unknown-ip-addr	cmd=get_table : tbl=hive.default.acidTbl2	
2024-04-24T05:15:48,876  INFO [main] metadata.Hive: Dumping metastore api call timing information for : execution phase
2024-04-24T05:15:48,876  INFO [main] metadata.Hive: Total time spent in each metastore function (ms): {isCompatibleWith_(Configuration)=0}
2024-04-24T05:15:48,877  INFO [main] ql.Driver: Completed executing command(queryId=alex_20240424051548_b3a8c6f8-a0fc-4b66-9260-2c061450d816); Time taken: 0.003 seconds
2024-04-24T05:15:48,877  INFO [main] lockmgr.DbTxnManager: Stopped heartbeat for query: alex_20240424051548_b3a8c6f8-a0fc-4b66-9260-2c061450d816
2024-04-24T05:15:48,882  INFO [main] txn.TxnHandler: Expected to move at least one record from txn_components to completed_txn_components when committing txn! txnid:3
2024-04-24T05:15:48,887  INFO [main] txn.TxnHandler: Removed transactions: ([3]) from MIN_HISTORY_LEVEL
2024-04-24T05:15:48,888  WARN [main] txn.CompactionTxnHandler: No compaction queue record found for Compaction type transaction commit. txnId:3
2024-04-24T05:15:48,888  INFO [main] ql.TxnCommandsBaseForTests: Running the query: drop table if exists nonAcidOrcTbl
2024-04-24T05:15:48,888  INFO [main] ql.Driver: Compiling command(queryId=alex_20240424051548_10e76d9b-4312-449d-b255-62ff6413eb1d): drop table if exists nonAcidOrcTbl
2024-04-24T05:15:48,890  INFO [main] txn.TxnHandler: Added entries to MIN_HISTORY_LEVEL for current txns: ([4]) with min_open_txn: 1
2024-04-24T05:15:48,890  INFO [main] lockmgr.DbTxnManager: Opened txnid:4
2024-04-24T05:15:48,891  INFO [main] HiveMetaStore.audit: ugi=alex	ip=unknown-ip-addr	cmd=get_table : tbl=hive.default.nonAcidOrcTbl	
2024-04-24T05:15:48,893  INFO [main] ql.Driver: Semantic Analysis Completed (retrial = false)
2024-04-24T05:15:48,893  INFO [main] ql.Driver: Created Hive schema: Schema(fieldSchemas:null, properties:null)
2024-04-24T05:15:48,893  INFO [main] metadata.Hive: Dumping metastore api call timing information for : compilation phase
2024-04-24T05:15:48,894  INFO [main] metadata.Hive: Total time spent in each metastore function (ms): {getValidTxns_(long)=1, commitTxn_(CommitTxnRequest)=11, isCompatibleWith_(Configuration)=1, openTxn_(String, TxnType)=1, flushCache_()=0}
2024-04-24T05:15:48,894  INFO [main] ql.Driver: Completed compiling command(queryId=alex_20240424051548_10e76d9b-4312-449d-b255-62ff6413eb1d); Time taken: 0.005 seconds
2024-04-24T05:15:48,894  INFO [main] lockmgr.DbTxnManager: Setting lock request transaction to txnid:4 for queryId=alex_20240424051548_10e76d9b-4312-449d-b255-62ff6413eb1d
2024-04-24T05:15:48,894  INFO [main] ql.Driver: Operation DROPTABLE obtained 0 locks
2024-04-24T05:15:48,894  INFO [main] ql.Driver: Executing command(queryId=alex_20240424051548_10e76d9b-4312-449d-b255-62ff6413eb1d): drop table if exists nonAcidOrcTbl
2024-04-24T05:15:48,894  INFO [main] ql.Driver: Starting task [Stage-0:DDL] in serial mode
2024-04-24T05:15:48,894  INFO [main] HiveMetaStore.audit: ugi=alex	ip=unknown-ip-addr	cmd=get_table : tbl=hive.default.nonAcidOrcTbl	
2024-04-24T05:15:48,897  INFO [main] metadata.Hive: Dumping metastore api call timing information for : execution phase
2024-04-24T05:15:48,897  INFO [main] metadata.Hive: Total time spent in each metastore function (ms): {isCompatibleWith_(Configuration)=0}
2024-04-24T05:15:48,897  INFO [main] ql.Driver: Completed executing command(queryId=alex_20240424051548_10e76d9b-4312-449d-b255-62ff6413eb1d); Time taken: 0.003 seconds
2024-04-24T05:15:48,898  INFO [main] lockmgr.DbTxnManager: Stopped heartbeat for query: alex_20240424051548_10e76d9b-4312-449d-b255-62ff6413eb1d
2024-04-24T05:15:48,903  INFO [main] txn.TxnHandler: Expected to move at least one record from txn_components to completed_txn_components when committing txn! txnid:4
2024-04-24T05:15:48,908  INFO [main] txn.TxnHandler: Removed transactions: ([4]) from MIN_HISTORY_LEVEL
2024-04-24T05:15:48,908  WARN [main] txn.CompactionTxnHandler: No compaction queue record found for Compaction type transaction commit. txnId:4
2024-04-24T05:15:48,909  INFO [main] ql.TxnCommandsBaseForTests: Running the query: drop table if exists nonAcidOrcTbl2
2024-04-24T05:15:48,909  INFO [main] ql.Driver: Compiling command(queryId=alex_20240424051548_48816a25-cff3-4d50-87c5-c2bf725f120f): drop table if exists nonAcidOrcTbl2
2024-04-24T05:15:48,911  INFO [main] txn.TxnHandler: Added entries to MIN_HISTORY_LEVEL for current txns: ([5]) with min_open_txn: 1
2024-04-24T05:15:48,911  INFO [main] lockmgr.DbTxnManager: Opened txnid:5
2024-04-24T05:15:48,912  INFO [main] HiveMetaStore.audit: ugi=alex	ip=unknown-ip-addr	cmd=get_table : tbl=hive.default.nonAcidOrcTbl2	
2024-04-24T05:15:48,914  INFO [main] ql.Driver: Semantic Analysis Completed (retrial = false)
2024-04-24T05:15:48,914  INFO [main] ql.Driver: Created Hive schema: Schema(fieldSchemas:null, properties:null)
2024-04-24T05:15:48,914  INFO [main] metadata.Hive: Dumping metastore api call timing information for : compilation phase
2024-04-24T05:15:48,914  INFO [main] metadata.Hive: Total time spent in each metastore function (ms): {getValidTxns_(long)=0, openTxn_(String, TxnType)=2, isCompatibleWith_(Configuration)=0, commitTxn_(CommitTxnRequest)=11, flushCache_()=0}
2024-04-24T05:15:48,915  INFO [main] ql.Driver: Completed compiling command(queryId=alex_20240424051548_48816a25-cff3-4d50-87c5-c2bf725f120f); Time taken: 0.005 seconds
2024-04-24T05:15:48,915  INFO [main] lockmgr.DbTxnManager: Setting lock request transaction to txnid:5 for queryId=alex_20240424051548_48816a25-cff3-4d50-87c5-c2bf725f120f
2024-04-24T05:15:48,915  INFO [main] ql.Driver: Operation DROPTABLE obtained 0 locks
2024-04-24T05:15:48,915  INFO [main] ql.Driver: Executing command(queryId=alex_20240424051548_48816a25-cff3-4d50-87c5-c2bf725f120f): drop table if exists nonAcidOrcTbl2
2024-04-24T05:15:48,915  INFO [main] ql.Driver: Starting task [Stage-0:DDL] in serial mode
2024-04-24T05:15:48,915  INFO [main] HiveMetaStore.audit: ugi=alex	ip=unknown-ip-addr	cmd=get_table : tbl=hive.default.nonAcidOrcTbl2	
2024-04-24T05:15:48,918  INFO [main] metadata.Hive: Dumping metastore api call timing information for : execution phase
2024-04-24T05:15:48,918  INFO [main] metadata.Hive: Total time spent in each metastore function (ms): {isCompatibleWith_(Configuration)=0}
2024-04-24T05:15:48,918  INFO [main] ql.Driver: Completed executing command(queryId=alex_20240424051548_48816a25-cff3-4d50-87c5-c2bf725f120f); Time taken: 0.003 seconds
2024-04-24T05:15:48,918  INFO [main] lockmgr.DbTxnManager: Stopped heartbeat for query: alex_20240424051548_48816a25-cff3-4d50-87c5-c2bf725f120f
2024-04-24T05:15:48,923  INFO [main] txn.TxnHandler: Expected to move at least one record from txn_components to completed_txn_components when committing txn! txnid:5
2024-04-24T05:15:48,929  INFO [main] txn.TxnHandler: Removed transactions: ([5]) from MIN_HISTORY_LEVEL
2024-04-24T05:15:48,929  WARN [main] txn.CompactionTxnHandler: No compaction queue record found for Compaction type transaction commit. txnId:5
2024-04-24T05:15:48,929  INFO [main] ql.TxnCommandsBaseForTests: Running the query: drop table if exists nonAcidNonBucket
2024-04-24T05:15:48,929  INFO [main] ql.Driver: Compiling command(queryId=alex_20240424051548_39052c24-f679-45c5-a476-92203b1134b6): drop table if exists nonAcidNonBucket
2024-04-24T05:15:48,931  INFO [main] txn.TxnHandler: Added entries to MIN_HISTORY_LEVEL for current txns: ([6]) with min_open_txn: 1
2024-04-24T05:15:48,932  INFO [main] lockmgr.DbTxnManager: Opened txnid:6
2024-04-24T05:15:48,932  INFO [main] HiveMetaStore.audit: ugi=alex	ip=unknown-ip-addr	cmd=get_table : tbl=hive.default.nonAcidNonBucket	
2024-04-24T05:15:48,935  INFO [main] ql.Driver: Semantic Analysis Completed (retrial = false)
2024-04-24T05:15:48,935  INFO [main] ql.Driver: Created Hive schema: Schema(fieldSchemas:null, properties:null)
2024-04-24T05:15:48,935  INFO [main] metadata.Hive: Dumping metastore api call timing information for : compilation phase
2024-04-24T05:15:48,935  INFO [main] metadata.Hive: Total time spent in each metastore function (ms): {openTxn_(String, TxnType)=2, flushCache_()=0, commitTxn_(CommitTxnRequest)=11, isCompatibleWith_(Configuration)=0, getValidTxns_(long)=0}
2024-04-24T05:15:48,935  INFO [main] ql.Driver: Completed compiling command(queryId=alex_20240424051548_39052c24-f679-45c5-a476-92203b1134b6); Time taken: 0.006 seconds
2024-04-24T05:15:48,935  INFO [main] lockmgr.DbTxnManager: Setting lock request transaction to txnid:6 for queryId=alex_20240424051548_39052c24-f679-45c5-a476-92203b1134b6
2024-04-24T05:15:48,935  INFO [main] ql.Driver: Operation DROPTABLE obtained 0 locks
2024-04-24T05:15:48,935  INFO [main] ql.Driver: Executing command(queryId=alex_20240424051548_39052c24-f679-45c5-a476-92203b1134b6): drop table if exists nonAcidNonBucket
2024-04-24T05:15:48,936  INFO [main] ql.Driver: Starting task [Stage-0:DDL] in serial mode
2024-04-24T05:15:48,936  INFO [main] HiveMetaStore.audit: ugi=alex	ip=unknown-ip-addr	cmd=get_table : tbl=hive.default.nonAcidNonBucket	
2024-04-24T05:15:48,939  INFO [main] metadata.Hive: Dumping metastore api call timing information for : execution phase
2024-04-24T05:15:48,939  INFO [main] metadata.Hive: Total time spent in each metastore function (ms): {isCompatibleWith_(Configuration)=0}
2024-04-24T05:15:48,939  INFO [main] ql.Driver: Completed executing command(queryId=alex_20240424051548_39052c24-f679-45c5-a476-92203b1134b6); Time taken: 0.004 seconds
2024-04-24T05:15:48,939  INFO [main] lockmgr.DbTxnManager: Stopped heartbeat for query: alex_20240424051548_39052c24-f679-45c5-a476-92203b1134b6
2024-04-24T05:15:48,944  INFO [main] txn.TxnHandler: Expected to move at least one record from txn_components to completed_txn_components when committing txn! txnid:6
2024-04-24T05:15:48,950  INFO [main] txn.TxnHandler: Removed transactions: ([6]) from MIN_HISTORY_LEVEL
2024-04-24T05:15:48,950  WARN [main] txn.CompactionTxnHandler: No compaction queue record found for Compaction type transaction commit. txnId:6
2024-04-24T05:15:48,950  INFO [main] ql.TxnCommandsBaseForTests: Running the query: create table acidTbl(a int, b int) clustered by (a) into 2 buckets stored as orc TBLPROPERTIES ('transactional'='true')
2024-04-24T05:15:48,950  INFO [main] ql.Driver: Compiling command(queryId=alex_20240424051548_da063de0-9898-43ca-a7bb-bc4c56f0469f): create table acidTbl(a int, b int) clustered by (a) into 2 buckets stored as orc TBLPROPERTIES ('transactional'='true')
2024-04-24T05:15:48,952  INFO [main] txn.TxnHandler: Added entries to MIN_HISTORY_LEVEL for current txns: ([7]) with min_open_txn: 1
2024-04-24T05:15:48,953  INFO [main] lockmgr.DbTxnManager: Opened txnid:7
2024-04-24T05:15:48,953  INFO [main] parse.CalcitePlanner: Starting caching scope for: 
2024-04-24T05:15:48,953  INFO [main] parse.CalcitePlanner: Starting Semantic Analysis
2024-04-24T05:15:48,958  INFO [main] parse.CalcitePlanner: Creating table default.acidTbl position=13
2024-04-24T05:15:48,958  INFO [main] HiveMetaStore.audit: ugi=alex	ip=unknown-ip-addr	cmd=get_database: default	
2024-04-24T05:15:48,960  INFO [main] parse.CalcitePlanner: Ending caching scope for: 
2024-04-24T05:15:48,960  INFO [main] ql.Driver: Semantic Analysis Completed (retrial = false)
2024-04-24T05:15:48,960  INFO [main] ql.Driver: Created Hive schema: Schema(fieldSchemas:null, properties:null)
2024-04-24T05:15:48,960  INFO [main] metadata.Hive: Dumping metastore api call timing information for : compilation phase
2024-04-24T05:15:48,960  INFO [main] metadata.Hive: Total time spent in each metastore function (ms): {openTxn_(String, TxnType)=2, flushCache_()=0, commitTxn_(CommitTxnRequest)=11, isCompatibleWith_(Configuration)=0, getDatabase_(String)=2, getValidTxns_(long)=0, getValidWriteIds_(List, String)=5}
2024-04-24T05:15:48,960  INFO [main] ql.Driver: Completed compiling command(queryId=alex_20240424051548_da063de0-9898-43ca-a7bb-bc4c56f0469f); Time taken: 0.01 seconds
2024-04-24T05:15:48,961  INFO [main] lockmgr.DbTxnManager: Setting lock request transaction to txnid:7 for queryId=alex_20240424051548_da063de0-9898-43ca-a7bb-bc4c56f0469f
2024-04-24T05:15:48,961  INFO [main] lockmgr.DbLockManager: Requesting lock for queryId=alex_20240424051548_da063de0-9898-43ca-a7bb-bc4c56f0469f
2024-04-24T05:15:48,978  INFO [main] lockmgr.DbLockManager: Response to queryId=alex_20240424051548_da063de0-9898-43ca-a7bb-bc4c56f0469f LockResponse(lockid:1, state:ACQUIRED)
2024-04-24T05:15:48,978  INFO [main] ql.Driver: Operation CREATETABLE obtained 1 locks
2024-04-24T05:15:48,978  INFO [main] ql.Driver: Executing command(queryId=alex_20240424051548_da063de0-9898-43ca-a7bb-bc4c56f0469f): create table acidTbl(a int, b int) clustered by (a) into 2 buckets stored as orc TBLPROPERTIES ('transactional'='true')
2024-04-24T05:15:48,978  INFO [main] ql.Driver: Starting task [Stage-0:DDL] in serial mode
2024-04-24T05:15:48,979  INFO [main] HiveMetaStore.audit: ugi=alex	ip=unknown-ip-addr	cmd=create_table_req: Table(tableName:acidTbl, dbName:default, owner:alex, createTime:1713960948, lastAccessTime:0, retention:0, sd:StorageDescriptor(cols:[FieldSchema(name:a, type:int, comment:null), FieldSchema(name:b, type:int, comment:null)], location:null, inputFormat:org.apache.hadoop.hive.ql.io.orc.OrcInputFormat, outputFormat:org.apache.hadoop.hive.ql.io.orc.OrcOutputFormat, compressed:false, numBuckets:2, serdeInfo:SerDeInfo(name:null, serializationLib:org.apache.hadoop.hive.ql.io.orc.OrcSerde, parameters:{serialization.format=1}), bucketCols:[a], sortCols:[], parameters:{}, skewedInfo:SkewedInfo(skewedColNames:[], skewedColValues:[], skewedColValueLocationMaps:{}), storedAsSubDirectories:false), partitionKeys:[], parameters:{COLUMN_STATS_ACCURATE={"BASIC_STATS":"true","COLUMN_STATS":{"a":"true","b":"true"}}, numRows=0, numFilesErasureCoded=0, numFiles=0, totalSize=0, rawDataSize=0, bucketing_version=2, transactional=true}, viewOriginalText:null, viewExpandedText:null, tableType:MANAGED_TABLE, privileges:PrincipalPrivilegeSet(userPrivileges:{alex=[PrivilegeGrantInfo(privilege:INSERT, createTime:-1, grantor:alex, grantorType:USER, grantOption:true), PrivilegeGrantInfo(privilege:SELECT, createTime:-1, grantor:alex, grantorType:USER, grantOption:true), PrivilegeGrantInfo(privilege:UPDATE, createTime:-1, grantor:alex, grantorType:USER, grantOption:true), PrivilegeGrantInfo(privilege:DELETE, createTime:-1, grantor:alex, grantorType:USER, grantOption:true)]}, groupPrivileges:null, rolePrivileges:null), temporary:false, catName:hive, ownerType:USER, writeId:0)	
2024-04-24T05:15:48,985  INFO [main] utils.FileUtils: Creating directory if it doesn't exist: file:/home/alex/Repositories/hive/ql/target/tmp/org.apache.hadoop.hive.ql.TestTxnCommands-1713960750541/warehouse/acidtbl
2024-04-24T05:15:49,016  INFO [main] metadata.Hive: Dumping metastore api call timing information for : execution phase
2024-04-24T05:15:49,017  INFO [main] metadata.Hive: Total time spent in each metastore function (ms): {isCompatibleWith_(Configuration)=0, createTable_(Table)=37}
2024-04-24T05:15:49,017  INFO [main] ql.Driver: Completed executing command(queryId=alex_20240424051548_da063de0-9898-43ca-a7bb-bc4c56f0469f); Time taken: 0.038 seconds
2024-04-24T05:15:49,017  INFO [main] lockmgr.DbTxnManager: Stopped heartbeat for query: alex_20240424051548_da063de0-9898-43ca-a7bb-bc4c56f0469f
2024-04-24T05:15:49,021  INFO [main] txn.TxnHandler: Expected to move at least one record from txn_components to completed_txn_components when committing txn! txnid:7
2024-04-24T05:15:49,026  INFO [main] txn.TxnHandler: Removed transactions: ([7]) from MIN_HISTORY_LEVEL
2024-04-24T05:15:49,026  WARN [main] txn.CompactionTxnHandler: No compaction queue record found for Compaction type transaction commit. txnId:7
2024-04-24T05:15:49,027  INFO [main] ql.TxnCommandsBaseForTests: Running the query: create table acidTblPart(a int, b int) partitioned by (p string) clustered by (a) into 2 buckets stored as orc TBLPROPERTIES ('transactional'='true')
2024-04-24T05:15:49,027  INFO [main] ql.Driver: Compiling command(queryId=alex_20240424051549_a8d965a8-8f8e-47f8-b623-43c5572057d9): create table acidTblPart(a int, b int) partitioned by (p string) clustered by (a) into 2 buckets stored as orc TBLPROPERTIES ('transactional'='true')
2024-04-24T05:15:49,029  INFO [main] txn.TxnHandler: Added entries to MIN_HISTORY_LEVEL for current txns: ([8]) with min_open_txn: 1
2024-04-24T05:15:49,029  INFO [main] lockmgr.DbTxnManager: Opened txnid:8
2024-04-24T05:15:49,030  INFO [main] parse.CalcitePlanner: Starting caching scope for: 
2024-04-24T05:15:49,030  INFO [main] parse.CalcitePlanner: Starting Semantic Analysis
2024-04-24T05:15:49,032  INFO [main] parse.CalcitePlanner: Creating table default.acidTblPart position=13
2024-04-24T05:15:49,032  INFO [main] HiveMetaStore.audit: ugi=alex	ip=unknown-ip-addr	cmd=get_database: default	
2024-04-24T05:15:49,034  INFO [main] parse.CalcitePlanner: Ending caching scope for: 
2024-04-24T05:15:49,034  INFO [main] ql.Driver: Semantic Analysis Completed (retrial = false)
2024-04-24T05:15:49,034  INFO [main] ql.Driver: Created Hive schema: Schema(fieldSchemas:null, properties:null)
2024-04-24T05:15:49,034  INFO [main] metadata.Hive: Dumping metastore api call timing information for : compilation phase
2024-04-24T05:15:49,034  INFO [main] metadata.Hive: Total time spent in each metastore function (ms): {getDatabase_(String)=2, openTxn_(String, TxnType)=1, commitTxn_(CommitTxnRequest)=10, getValidTxns_(long)=0, getValidWriteIds_(List, String)=2, isCompatibleWith_(Configuration)=2, flushCache_()=0}
2024-04-24T05:15:49,034  INFO [main] ql.Driver: Completed compiling command(queryId=alex_20240424051549_a8d965a8-8f8e-47f8-b623-43c5572057d9); Time taken: 0.007 seconds
2024-04-24T05:15:49,034  INFO [main] lockmgr.DbTxnManager: Setting lock request transaction to txnid:8 for queryId=alex_20240424051549_a8d965a8-8f8e-47f8-b623-43c5572057d9
2024-04-24T05:15:49,034  INFO [main] lockmgr.DbLockManager: Requesting lock for queryId=alex_20240424051549_a8d965a8-8f8e-47f8-b623-43c5572057d9
2024-04-24T05:15:49,048  INFO [main] lockmgr.DbLockManager: Response to queryId=alex_20240424051549_a8d965a8-8f8e-47f8-b623-43c5572057d9 LockResponse(lockid:2, state:ACQUIRED)
2024-04-24T05:15:49,048  INFO [main] ql.Driver: Operation CREATETABLE obtained 1 locks
2024-04-24T05:15:49,048  INFO [main] ql.Driver: Executing command(queryId=alex_20240424051549_a8d965a8-8f8e-47f8-b623-43c5572057d9): create table acidTblPart(a int, b int) partitioned by (p string) clustered by (a) into 2 buckets stored as orc TBLPROPERTIES ('transactional'='true')
2024-04-24T05:15:49,048  INFO [main] ql.Driver: Starting task [Stage-0:DDL] in serial mode
2024-04-24T05:15:49,049  INFO [main] HiveMetaStore.audit: ugi=alex	ip=unknown-ip-addr	cmd=create_table_req: Table(tableName:acidTblPart, dbName:default, owner:alex, createTime:1713960949, lastAccessTime:0, retention:0, sd:StorageDescriptor(cols:[FieldSchema(name:a, type:int, comment:null), FieldSchema(name:b, type:int, comment:null)], location:null, inputFormat:org.apache.hadoop.hive.ql.io.orc.OrcInputFormat, outputFormat:org.apache.hadoop.hive.ql.io.orc.OrcOutputFormat, compressed:false, numBuckets:2, serdeInfo:SerDeInfo(name:null, serializationLib:org.apache.hadoop.hive.ql.io.orc.OrcSerde, parameters:{serialization.format=1}), bucketCols:[a], sortCols:[], parameters:{}, skewedInfo:SkewedInfo(skewedColNames:[], skewedColValues:[], skewedColValueLocationMaps:{}), storedAsSubDirectories:false), partitionKeys:[FieldSchema(name:p, type:string, comment:null)], parameters:{transactional=true, bucketing_version=2}, viewOriginalText:null, viewExpandedText:null, tableType:MANAGED_TABLE, privileges:PrincipalPrivilegeSet(userPrivileges:{alex=[PrivilegeGrantInfo(privilege:INSERT, createTime:-1, grantor:alex, grantorType:USER, grantOption:true), PrivilegeGrantInfo(privilege:SELECT, createTime:-1, grantor:alex, grantorType:USER, grantOption:true), PrivilegeGrantInfo(privilege:UPDATE, createTime:-1, grantor:alex, grantorType:USER, grantOption:true), PrivilegeGrantInfo(privilege:DELETE, createTime:-1, grantor:alex, grantorType:USER, grantOption:true)]}, groupPrivileges:null, rolePrivileges:null), temporary:false, catName:hive, ownerType:USER, writeId:0)	
2024-04-24T05:15:49,056  INFO [main] utils.FileUtils: Creating directory if it doesn't exist: file:/home/alex/Repositories/hive/ql/target/tmp/org.apache.hadoop.hive.ql.TestTxnCommands-1713960750541/warehouse/acidtblpart
2024-04-24T05:15:49,073  INFO [main] metadata.Hive: Dumping metastore api call timing information for : execution phase
2024-04-24T05:15:49,073  INFO [main] metadata.Hive: Total time spent in each metastore function (ms): {createTable_(Table)=24, isCompatibleWith_(Configuration)=1}
2024-04-24T05:15:49,073  INFO [main] ql.Driver: Completed executing command(queryId=alex_20240424051549_a8d965a8-8f8e-47f8-b623-43c5572057d9); Time taken: 0.025 seconds
2024-04-24T05:15:49,073  INFO [main] lockmgr.DbTxnManager: Stopped heartbeat for query: alex_20240424051549_a8d965a8-8f8e-47f8-b623-43c5572057d9
2024-04-24T05:15:49,077  INFO [main] txn.TxnHandler: Expected to move at least one record from txn_components to completed_txn_components when committing txn! txnid:8
2024-04-24T05:15:49,083  INFO [main] txn.TxnHandler: Removed transactions: ([8]) from MIN_HISTORY_LEVEL
2024-04-24T05:15:49,083  WARN [main] txn.CompactionTxnHandler: No compaction queue record found for Compaction type transaction commit. txnId:8
2024-04-24T05:15:49,084  INFO [main] ql.TxnCommandsBaseForTests: Running the query: create table nonAcidOrcTbl(a int, b int) clustered by (a) into 2 buckets stored as orc TBLPROPERTIES ('transactional'='false')
2024-04-24T05:15:49,084  INFO [main] ql.Driver: Compiling command(queryId=alex_20240424051549_ae501960-c69d-40d8-8b41-96d4f23c5042): create table nonAcidOrcTbl(a int, b int) clustered by (a) into 2 buckets stored as orc TBLPROPERTIES ('transactional'='false')
2024-04-24T05:15:49,086  INFO [main] txn.TxnHandler: Added entries to MIN_HISTORY_LEVEL for current txns: ([9]) with min_open_txn: 1
2024-04-24T05:15:49,086  INFO [main] lockmgr.DbTxnManager: Opened txnid:9
2024-04-24T05:15:49,086  INFO [main] parse.CalcitePlanner: Starting caching scope for: 
2024-04-24T05:15:49,086  INFO [main] parse.CalcitePlanner: Starting Semantic Analysis
2024-04-24T05:15:49,089  INFO [main] parse.CalcitePlanner: Creating table default.nonAcidOrcTbl position=13
2024-04-24T05:15:49,089  INFO [main] HiveMetaStore.audit: ugi=alex	ip=unknown-ip-addr	cmd=get_database: default	
2024-04-24T05:15:49,090  INFO [main] parse.CalcitePlanner: Ending caching scope for: 
2024-04-24T05:15:49,090  INFO [main] ql.Driver: Semantic Analysis Completed (retrial = false)
2024-04-24T05:15:49,090  INFO [main] ql.Driver: Created Hive schema: Schema(fieldSchemas:null, properties:null)
2024-04-24T05:15:49,090  INFO [main] metadata.Hive: Dumping metastore api call timing information for : compilation phase
2024-04-24T05:15:49,090  INFO [main] metadata.Hive: Total time spent in each metastore function (ms): {getValidWriteIds_(List, String)=2, getDatabase_(String)=1, openTxn_(String, TxnType)=2, getValidTxns_(long)=0, commitTxn_(CommitTxnRequest)=10, isCompatibleWith_(Configuration)=1, flushCache_()=0}
2024-04-24T05:15:49,091  INFO [main] ql.Driver: Completed compiling command(queryId=alex_20240424051549_ae501960-c69d-40d8-8b41-96d4f23c5042); Time taken: 0.006 seconds
2024-04-24T05:15:49,091  INFO [main] lockmgr.DbTxnManager: Setting lock request transaction to txnid:9 for queryId=alex_20240424051549_ae501960-c69d-40d8-8b41-96d4f23c5042
2024-04-24T05:15:49,091  INFO [main] lockmgr.DbLockManager: Requesting lock for queryId=alex_20240424051549_ae501960-c69d-40d8-8b41-96d4f23c5042
2024-04-24T05:15:49,104  INFO [main] lockmgr.DbLockManager: Response to queryId=alex_20240424051549_ae501960-c69d-40d8-8b41-96d4f23c5042 LockResponse(lockid:3, state:ACQUIRED)
2024-04-24T05:15:49,104  INFO [main] ql.Driver: Operation CREATETABLE obtained 1 locks
2024-04-24T05:15:49,104  INFO [main] ql.Driver: Executing command(queryId=alex_20240424051549_ae501960-c69d-40d8-8b41-96d4f23c5042): create table nonAcidOrcTbl(a int, b int) clustered by (a) into 2 buckets stored as orc TBLPROPERTIES ('transactional'='false')
2024-04-24T05:15:49,104  INFO [main] ql.Driver: Starting task [Stage-0:DDL] in serial mode
2024-04-24T05:15:49,105  INFO [main] HiveMetaStore.audit: ugi=alex	ip=unknown-ip-addr	cmd=create_table_req: Table(tableName:nonAcidOrcTbl, dbName:default, owner:alex, createTime:1713960949, lastAccessTime:0, retention:0, sd:StorageDescriptor(cols:[FieldSchema(name:a, type:int, comment:null), FieldSchema(name:b, type:int, comment:null)], location:null, inputFormat:org.apache.hadoop.hive.ql.io.orc.OrcInputFormat, outputFormat:org.apache.hadoop.hive.ql.io.orc.OrcOutputFormat, compressed:false, numBuckets:2, serdeInfo:SerDeInfo(name:null, serializationLib:org.apache.hadoop.hive.ql.io.orc.OrcSerde, parameters:{serialization.format=1}), bucketCols:[a], sortCols:[], parameters:{}, skewedInfo:SkewedInfo(skewedColNames:[], skewedColValues:[], skewedColValueLocationMaps:{}), storedAsSubDirectories:false), partitionKeys:[], parameters:{numFiles=0, numFilesErasureCoded=0, COLUMN_STATS_ACCURATE={"BASIC_STATS":"true","COLUMN_STATS":{"a":"true","b":"true"}}, bucketing_version=2, rawDataSize=0, totalSize=0, transactional=false, numRows=0}, viewOriginalText:null, viewExpandedText:null, tableType:MANAGED_TABLE, privileges:PrincipalPrivilegeSet(userPrivileges:{alex=[PrivilegeGrantInfo(privilege:INSERT, createTime:-1, grantor:alex, grantorType:USER, grantOption:true), PrivilegeGrantInfo(privilege:SELECT, createTime:-1, grantor:alex, grantorType:USER, grantOption:true), PrivilegeGrantInfo(privilege:UPDATE, createTime:-1, grantor:alex, grantorType:USER, grantOption:true), PrivilegeGrantInfo(privilege:DELETE, createTime:-1, grantor:alex, grantorType:USER, grantOption:true)]}, groupPrivileges:null, rolePrivileges:null), temporary:false, catName:hive, ownerType:USER)	
2024-04-24T05:15:49,110  INFO [main] utils.FileUtils: Creating directory if it doesn't exist: file:/home/alex/Repositories/hive/ql/target/tmp/org.apache.hadoop.hive.ql.TestTxnCommands-1713960750541/warehouse/nonacidorctbl
2024-04-24T05:15:49,124  INFO [main] metadata.Hive: Dumping metastore api call timing information for : execution phase
2024-04-24T05:15:49,124  INFO [main] metadata.Hive: Total time spent in each metastore function (ms): {createTable_(Table)=19, isCompatibleWith_(Configuration)=0}
2024-04-24T05:15:49,124  INFO [main] ql.Driver: Completed executing command(queryId=alex_20240424051549_ae501960-c69d-40d8-8b41-96d4f23c5042); Time taken: 0.02 seconds
2024-04-24T05:15:49,124  INFO [main] lockmgr.DbTxnManager: Stopped heartbeat for query: alex_20240424051549_ae501960-c69d-40d8-8b41-96d4f23c5042
2024-04-24T05:15:49,128  INFO [main] txn.TxnHandler: Expected to move at least one record from txn_components to completed_txn_components when committing txn! txnid:9
2024-04-24T05:15:49,134  INFO [main] txn.TxnHandler: Removed transactions: ([9]) from MIN_HISTORY_LEVEL
2024-04-24T05:15:49,134  WARN [main] txn.CompactionTxnHandler: No compaction queue record found for Compaction type transaction commit. txnId:9
2024-04-24T05:15:49,135  INFO [main] ql.TxnCommandsBaseForTests: Running the query: create table nonAcidOrcTbl2(a int, b int) clustered by (a) into 2 buckets stored as orc TBLPROPERTIES ('transactional'='false')
2024-04-24T05:15:49,135  INFO [main] ql.Driver: Compiling command(queryId=alex_20240424051549_1574fcbc-f3d4-40cf-9b87-14dc4d627f3d): create table nonAcidOrcTbl2(a int, b int) clustered by (a) into 2 buckets stored as orc TBLPROPERTIES ('transactional'='false')
2024-04-24T05:15:49,137  INFO [main] txn.TxnHandler: Added entries to MIN_HISTORY_LEVEL for current txns: ([10]) with min_open_txn: 1
2024-04-24T05:15:49,137  INFO [main] lockmgr.DbTxnManager: Opened txnid:10
2024-04-24T05:15:49,138  INFO [main] parse.CalcitePlanner: Starting caching scope for: 
2024-04-24T05:15:49,138  INFO [main] parse.CalcitePlanner: Starting Semantic Analysis
2024-04-24T05:15:49,140  INFO [main] parse.CalcitePlanner: Creating table default.nonAcidOrcTbl2 position=13
2024-04-24T05:15:49,141  INFO [main] HiveMetaStore.audit: ugi=alex	ip=unknown-ip-addr	cmd=get_database: default	
2024-04-24T05:15:49,142  INFO [main] parse.CalcitePlanner: Ending caching scope for: 
2024-04-24T05:15:49,142  INFO [main] ql.Driver: Semantic Analysis Completed (retrial = false)
2024-04-24T05:15:49,142  INFO [main] ql.Driver: Created Hive schema: Schema(fieldSchemas:null, properties:null)
2024-04-24T05:15:49,142  INFO [main] metadata.Hive: Dumping metastore api call timing information for : compilation phase
2024-04-24T05:15:49,143  INFO [main] metadata.Hive: Total time spent in each metastore function (ms): {getValidTxns_(long)=0, isCompatibleWith_(Configuration)=2, getValidWriteIds_(List, String)=2, openTxn_(String, TxnType)=2, commitTxn_(CommitTxnRequest)=9, flushCache_()=0, getDatabase_(String)=2}
2024-04-24T05:15:49,143  INFO [main] ql.Driver: Completed compiling command(queryId=alex_20240424051549_1574fcbc-f3d4-40cf-9b87-14dc4d627f3d); Time taken: 0.007 seconds
2024-04-24T05:15:49,143  INFO [main] lockmgr.DbTxnManager: Setting lock request transaction to txnid:10 for queryId=alex_20240424051549_1574fcbc-f3d4-40cf-9b87-14dc4d627f3d
2024-04-24T05:15:49,143  INFO [main] lockmgr.DbLockManager: Requesting lock for queryId=alex_20240424051549_1574fcbc-f3d4-40cf-9b87-14dc4d627f3d
2024-04-24T05:15:49,157  INFO [main] lockmgr.DbLockManager: Response to queryId=alex_20240424051549_1574fcbc-f3d4-40cf-9b87-14dc4d627f3d LockResponse(lockid:4, state:ACQUIRED)
2024-04-24T05:15:49,157  INFO [main] ql.Driver: Operation CREATETABLE obtained 1 locks
2024-04-24T05:15:49,157  INFO [main] ql.Driver: Executing command(queryId=alex_20240424051549_1574fcbc-f3d4-40cf-9b87-14dc4d627f3d): create table nonAcidOrcTbl2(a int, b int) clustered by (a) into 2 buckets stored as orc TBLPROPERTIES ('transactional'='false')
2024-04-24T05:15:49,157  INFO [main] ql.Driver: Starting task [Stage-0:DDL] in serial mode
2024-04-24T05:15:49,158  INFO [main] HiveMetaStore.audit: ugi=alex	ip=unknown-ip-addr	cmd=create_table_req: Table(tableName:nonAcidOrcTbl2, dbName:default, owner:alex, createTime:1713960949, lastAccessTime:0, retention:0, sd:StorageDescriptor(cols:[FieldSchema(name:a, type:int, comment:null), FieldSchema(name:b, type:int, comment:null)], location:null, inputFormat:org.apache.hadoop.hive.ql.io.orc.OrcInputFormat, outputFormat:org.apache.hadoop.hive.ql.io.orc.OrcOutputFormat, compressed:false, numBuckets:2, serdeInfo:SerDeInfo(name:null, serializationLib:org.apache.hadoop.hive.ql.io.orc.OrcSerde, parameters:{serialization.format=1}), bucketCols:[a], sortCols:[], parameters:{}, skewedInfo:SkewedInfo(skewedColNames:[], skewedColValues:[], skewedColValueLocationMaps:{}), storedAsSubDirectories:false), partitionKeys:[], parameters:{bucketing_version=2, numRows=0, COLUMN_STATS_ACCURATE={"BASIC_STATS":"true","COLUMN_STATS":{"a":"true","b":"true"}}, numFiles=0, rawDataSize=0, transactional=false, numFilesErasureCoded=0, totalSize=0}, viewOriginalText:null, viewExpandedText:null, tableType:MANAGED_TABLE, privileges:PrincipalPrivilegeSet(userPrivileges:{alex=[PrivilegeGrantInfo(privilege:INSERT, createTime:-1, grantor:alex, grantorType:USER, grantOption:true), PrivilegeGrantInfo(privilege:SELECT, createTime:-1, grantor:alex, grantorType:USER, grantOption:true), PrivilegeGrantInfo(privilege:UPDATE, createTime:-1, grantor:alex, grantorType:USER, grantOption:true), PrivilegeGrantInfo(privilege:DELETE, createTime:-1, grantor:alex, grantorType:USER, grantOption:true)]}, groupPrivileges:null, rolePrivileges:null), temporary:false, catName:hive, ownerType:USER)	
2024-04-24T05:15:49,164  INFO [main] utils.FileUtils: Creating directory if it doesn't exist: file:/home/alex/Repositories/hive/ql/target/tmp/org.apache.hadoop.hive.ql.TestTxnCommands-1713960750541/warehouse/nonacidorctbl2
2024-04-24T05:15:49,177  INFO [main] metadata.Hive: Dumping metastore api call timing information for : execution phase
2024-04-24T05:15:49,177  INFO [main] metadata.Hive: Total time spent in each metastore function (ms): {isCompatibleWith_(Configuration)=1, createTable_(Table)=19}
2024-04-24T05:15:49,177  INFO [main] ql.Driver: Completed executing command(queryId=alex_20240424051549_1574fcbc-f3d4-40cf-9b87-14dc4d627f3d); Time taken: 0.02 seconds
2024-04-24T05:15:49,177  INFO [main] lockmgr.DbTxnManager: Stopped heartbeat for query: alex_20240424051549_1574fcbc-f3d4-40cf-9b87-14dc4d627f3d
2024-04-24T05:15:49,181  INFO [main] txn.TxnHandler: Expected to move at least one record from txn_components to completed_txn_components when committing txn! txnid:10
2024-04-24T05:15:49,187  INFO [main] txn.TxnHandler: Removed transactions: ([10]) from MIN_HISTORY_LEVEL
2024-04-24T05:15:49,187  WARN [main] txn.CompactionTxnHandler: No compaction queue record found for Compaction type transaction commit. txnId:10
2024-04-24T05:15:49,188  INFO [main] ql.TxnCommandsBaseForTests: Running the query: create temporary  table acidTbl2(a int, b int, c int) clustered by (c) into 2 buckets stored as orc TBLPROPERTIES ('transactional'='true')
2024-04-24T05:15:49,188  INFO [main] ql.Driver: Compiling command(queryId=alex_20240424051549_ab12eb86-1fcb-4c3e-b139-8ae3bf08cc80): create temporary  table acidTbl2(a int, b int, c int) clustered by (c) into 2 buckets stored as orc TBLPROPERTIES ('transactional'='true')
2024-04-24T05:15:49,190  INFO [main] txn.TxnHandler: Added entries to MIN_HISTORY_LEVEL for current txns: ([11]) with min_open_txn: 1
2024-04-24T05:15:49,190  INFO [main] lockmgr.DbTxnManager: Opened txnid:11
2024-04-24T05:15:49,191  INFO [main] parse.CalcitePlanner: Starting caching scope for: 
2024-04-24T05:15:49,191  INFO [main] parse.CalcitePlanner: Starting Semantic Analysis
2024-04-24T05:15:49,193  INFO [main] parse.CalcitePlanner: Creating table default.acidTbl2 position=24
2024-04-24T05:15:49,194  INFO [main] HiveMetaStore.audit: ugi=alex	ip=unknown-ip-addr	cmd=get_database: default	
2024-04-24T05:15:49,195  INFO [main] parse.CalcitePlanner: Ending caching scope for: 
2024-04-24T05:15:49,195  INFO [main] ql.Driver: Semantic Analysis Completed (retrial = false)
2024-04-24T05:15:49,195  INFO [main] ql.Driver: Created Hive schema: Schema(fieldSchemas:null, properties:null)
2024-04-24T05:15:49,195  INFO [main] metadata.Hive: Dumping metastore api call timing information for : compilation phase
2024-04-24T05:15:49,195  INFO [main] metadata.Hive: Total time spent in each metastore function (ms): {commitTxn_(CommitTxnRequest)=10, openTxn_(String, TxnType)=2, getDatabase_(String)=2, isCompatibleWith_(Configuration)=0, flushCache_()=0, getValidWriteIds_(List, String)=2, getValidTxns_(long)=0}
2024-04-24T05:15:49,196  INFO [main] ql.Driver: Completed compiling command(queryId=alex_20240424051549_ab12eb86-1fcb-4c3e-b139-8ae3bf08cc80); Time taken: 0.007 seconds
2024-04-24T05:15:49,196  INFO [main] lockmgr.DbTxnManager: Setting lock request transaction to txnid:11 for queryId=alex_20240424051549_ab12eb86-1fcb-4c3e-b139-8ae3bf08cc80
2024-04-24T05:15:49,196  INFO [main] lockmgr.DbLockManager: Requesting lock for queryId=alex_20240424051549_ab12eb86-1fcb-4c3e-b139-8ae3bf08cc80
2024-04-24T05:15:49,209  INFO [main] lockmgr.DbLockManager: Response to queryId=alex_20240424051549_ab12eb86-1fcb-4c3e-b139-8ae3bf08cc80 LockResponse(lockid:5, state:ACQUIRED)
2024-04-24T05:15:49,209  INFO [main] ql.Driver: Operation CREATETABLE obtained 1 locks
2024-04-24T05:15:49,210  INFO [main] ql.Driver: Executing command(queryId=alex_20240424051549_ab12eb86-1fcb-4c3e-b139-8ae3bf08cc80): create temporary  table acidTbl2(a int, b int, c int) clustered by (c) into 2 buckets stored as orc TBLPROPERTIES ('transactional'='true')
2024-04-24T05:15:49,210  INFO [main] ql.Driver: Starting task [Stage-0:DDL] in serial mode
2024-04-24T05:15:49,211  INFO [main] utils.FileUtils: Creating directory if it doesn't exist: file:/home/alex/Repositories/hive/ql/target/tmp/scratchdir/alex/b6af5111-30d9-4d09-81a6-b8f5d8dff8c7/_tmp_space.db/60f35991-0975-48f1-bf23-3e1666b3a8ce
2024-04-24T05:15:49,213  INFO [main] metadata.Hive: Dumping metastore api call timing information for : execution phase
2024-04-24T05:15:49,214  INFO [main] metadata.Hive: Total time spent in each metastore function (ms): {createTable_(Table)=2, isCompatibleWith_(Configuration)=0}
2024-04-24T05:15:49,214  INFO [main] ql.Driver: Completed executing command(queryId=alex_20240424051549_ab12eb86-1fcb-4c3e-b139-8ae3bf08cc80); Time taken: 0.003 seconds
2024-04-24T05:15:49,214  INFO [main] lockmgr.DbTxnManager: Stopped heartbeat for query: alex_20240424051549_ab12eb86-1fcb-4c3e-b139-8ae3bf08cc80
2024-04-24T05:15:49,218  INFO [main] txn.TxnHandler: Expected to move at least one record from txn_components to completed_txn_components when committing txn! txnid:11
2024-04-24T05:15:49,223  INFO [main] txn.TxnHandler: Removed transactions: ([11]) from MIN_HISTORY_LEVEL
2024-04-24T05:15:49,223  WARN [main] txn.CompactionTxnHandler: No compaction queue record found for Compaction type transaction commit. txnId:11
2024-04-24T05:15:49,224  INFO [main] ql.TxnCommandsBaseForTests: Running the query: create table nonAcidNonBucket(a int, b int) stored as orc TBLPROPERTIES ('transactional'='false')
2024-04-24T05:15:49,224  INFO [main] ql.Driver: Compiling command(queryId=alex_20240424051549_1c7f8aed-b9e5-40bb-9d7b-91dde059a451): create table nonAcidNonBucket(a int, b int) stored as orc TBLPROPERTIES ('transactional'='false')
2024-04-24T05:15:49,226  INFO [main] txn.TxnHandler: Added entries to MIN_HISTORY_LEVEL for current txns: ([12]) with min_open_txn: 1
2024-04-24T05:15:49,227  INFO [main] lockmgr.DbTxnManager: Opened txnid:12
2024-04-24T05:15:49,227  INFO [main] parse.CalcitePlanner: Starting caching scope for: 
2024-04-24T05:15:49,227  INFO [main] parse.CalcitePlanner: Starting Semantic Analysis
2024-04-24T05:15:49,229  INFO [main] parse.CalcitePlanner: Creating table default.nonAcidNonBucket position=13
2024-04-24T05:15:49,229  INFO [main] HiveMetaStore.audit: ugi=alex	ip=unknown-ip-addr	cmd=get_database: default	
2024-04-24T05:15:49,231  INFO [main] parse.CalcitePlanner: Ending caching scope for: 
2024-04-24T05:15:49,231  INFO [main] ql.Driver: Semantic Analysis Completed (retrial = false)
2024-04-24T05:15:49,231  INFO [main] ql.Driver: Created Hive schema: Schema(fieldSchemas:null, properties:null)
2024-04-24T05:15:49,231  INFO [main] metadata.Hive: Dumping metastore api call timing information for : compilation phase
2024-04-24T05:15:49,231  INFO [main] metadata.Hive: Total time spent in each metastore function (ms): {getValidTxns_(long)=0, getValidWriteIds_(List, String)=2, isCompatibleWith_(Configuration)=0, flushCache_()=0, commitTxn_(CommitTxnRequest)=10, openTxn_(String, TxnType)=2, getDatabase_(String)=2}
2024-04-24T05:15:49,231  INFO [main] ql.Driver: Completed compiling command(queryId=alex_20240424051549_1c7f8aed-b9e5-40bb-9d7b-91dde059a451); Time taken: 0.007 seconds
2024-04-24T05:15:49,231  INFO [main] lockmgr.DbTxnManager: Setting lock request transaction to txnid:12 for queryId=alex_20240424051549_1c7f8aed-b9e5-40bb-9d7b-91dde059a451
2024-04-24T05:15:49,232  INFO [main] lockmgr.DbLockManager: Requesting lock for queryId=alex_20240424051549_1c7f8aed-b9e5-40bb-9d7b-91dde059a451
2024-04-24T05:15:49,248  INFO [main] lockmgr.DbLockManager: Response to queryId=alex_20240424051549_1c7f8aed-b9e5-40bb-9d7b-91dde059a451 LockResponse(lockid:6, state:ACQUIRED)
2024-04-24T05:15:49,248  INFO [main] ql.Driver: Operation CREATETABLE obtained 1 locks
2024-04-24T05:15:49,248  INFO [main] ql.Driver: Executing command(queryId=alex_20240424051549_1c7f8aed-b9e5-40bb-9d7b-91dde059a451): create table nonAcidNonBucket(a int, b int) stored as orc TBLPROPERTIES ('transactional'='false')
2024-04-24T05:15:49,248  INFO [main] ql.Driver: Starting task [Stage-0:DDL] in serial mode
2024-04-24T05:15:49,249  INFO [main] HiveMetaStore.audit: ugi=alex	ip=unknown-ip-addr	cmd=create_table_req: Table(tableName:nonAcidNonBucket, dbName:default, owner:alex, createTime:1713960949, lastAccessTime:0, retention:0, sd:StorageDescriptor(cols:[FieldSchema(name:a, type:int, comment:null), FieldSchema(name:b, type:int, comment:null)], location:null, inputFormat:org.apache.hadoop.hive.ql.io.orc.OrcInputFormat, outputFormat:org.apache.hadoop.hive.ql.io.orc.OrcOutputFormat, compressed:false, numBuckets:-1, serdeInfo:SerDeInfo(name:null, serializationLib:org.apache.hadoop.hive.ql.io.orc.OrcSerde, parameters:{serialization.format=1}), bucketCols:[], sortCols:[], parameters:{}, skewedInfo:SkewedInfo(skewedColNames:[], skewedColValues:[], skewedColValueLocationMaps:{}), storedAsSubDirectories:false), partitionKeys:[], parameters:{numFilesErasureCoded=0, numFiles=0, rawDataSize=0, COLUMN_STATS_ACCURATE={"BASIC_STATS":"true","COLUMN_STATS":{"a":"true","b":"true"}}, totalSize=0, transactional=false, bucketing_version=2, numRows=0}, viewOriginalText:null, viewExpandedText:null, tableType:MANAGED_TABLE, privileges:PrincipalPrivilegeSet(userPrivileges:{alex=[PrivilegeGrantInfo(privilege:INSERT, createTime:-1, grantor:alex, grantorType:USER, grantOption:true), PrivilegeGrantInfo(privilege:SELECT, createTime:-1, grantor:alex, grantorType:USER, grantOption:true), PrivilegeGrantInfo(privilege:UPDATE, createTime:-1, grantor:alex, grantorType:USER, grantOption:true), PrivilegeGrantInfo(privilege:DELETE, createTime:-1, grantor:alex, grantorType:USER, grantOption:true)]}, groupPrivileges:null, rolePrivileges:null), temporary:false, catName:hive, ownerType:USER)	
2024-04-24T05:15:49,254  INFO [main] utils.FileUtils: Creating directory if it doesn't exist: file:/home/alex/Repositories/hive/ql/target/tmp/org.apache.hadoop.hive.ql.TestTxnCommands-1713960750541/warehouse/nonacidnonbucket
2024-04-24T05:15:49,267  INFO [main] metadata.Hive: Dumping metastore api call timing information for : execution phase
2024-04-24T05:15:49,267  INFO [main] metadata.Hive: Total time spent in each metastore function (ms): {isCompatibleWith_(Configuration)=0, createTable_(Table)=19}
2024-04-24T05:15:49,267  INFO [main] ql.Driver: Completed executing command(queryId=alex_20240424051549_1c7f8aed-b9e5-40bb-9d7b-91dde059a451); Time taken: 0.019 seconds
2024-04-24T05:15:49,267  INFO [main] lockmgr.DbTxnManager: Stopped heartbeat for query: alex_20240424051549_1c7f8aed-b9e5-40bb-9d7b-91dde059a451
2024-04-24T05:15:49,271  INFO [main] txn.TxnHandler: Expected to move at least one record from txn_components to completed_txn_components when committing txn! txnid:12
2024-04-24T05:15:49,277  INFO [main] txn.TxnHandler: Removed transactions: ([12]) from MIN_HISTORY_LEVEL
2024-04-24T05:15:49,277  WARN [main] txn.CompactionTxnHandler: No compaction queue record found for Compaction type transaction commit. txnId:12
2024-04-24T05:15:49,277  INFO [main] ql.TxnCommandsBaseForTests: Running the query: insert into acidTbl(a,b)  values(1,2),(3,4)
2024-04-24T05:15:49,278  INFO [main] ql.Driver: Compiling command(queryId=alex_20240424051549_707e7150-b4c5-45b6-a96a-5bb71506769a): insert into acidTbl(a,b)  values(1,2),(3,4)
2024-04-24T05:15:49,280  INFO [main] txn.TxnHandler: Added entries to MIN_HISTORY_LEVEL for current txns: ([13]) with min_open_txn: 1
2024-04-24T05:15:49,280  INFO [main] lockmgr.DbTxnManager: Opened txnid:13
2024-04-24T05:15:49,280  INFO [main] parse.CalcitePlanner: Starting caching scope for: 
2024-04-24T05:15:49,280  INFO [main] parse.CalcitePlanner: Starting Semantic Analysis
2024-04-24T05:15:49,283  INFO [main] HiveMetaStore.audit: ugi=alex	ip=unknown-ip-addr	cmd=get_table : tbl=hive.default.acidTbl	
2024-04-24T05:15:49,301  INFO [main] metastore.HMSHandler: Skipping translation for processor with null
2024-04-24T05:15:49,302  INFO [main] parse.CalcitePlanner: Completed phase 1 of Semantic Analysis
2024-04-24T05:15:49,302  INFO [main] parse.CalcitePlanner: Get metadata for source tables
2024-04-24T05:15:49,302  INFO [main] parse.CalcitePlanner: Get metadata for subqueries
2024-04-24T05:15:49,302  INFO [main] parse.CalcitePlanner: Get metadata for destination tables
2024-04-24T05:15:49,302  INFO [main] HiveMetaStore.audit: ugi=alex	ip=unknown-ip-addr	cmd=get_table : tbl=hive.default.acidTbl	
2024-04-24T05:15:49,308  INFO [main] metastore.HMSHandler: Skipping translation for processor with null
2024-04-24T05:15:49,308  INFO [main] parse.CalcitePlanner: Completed getting MetaData in Semantic Analysis
2024-04-24T05:15:49,308  INFO [main] parse.CalcitePlanner: Disabling LLAP IO encode as ETL query is detected
2024-04-24T05:15:49,328  INFO [main] HiveMetaStore.audit: ugi=alex	ip=unknown-ip-addr	cmd=get_all_table_constraints : tbl=hive._dummy_database._dummy_table	
2024-04-24T05:15:49,395  INFO [main] parse.CalcitePlanner: Get metadata for source tables
2024-04-24T05:15:49,395  INFO [main] parse.CalcitePlanner: Get metadata for subqueries
2024-04-24T05:15:49,395  INFO [main] parse.CalcitePlanner: Get metadata for source tables
2024-04-24T05:15:49,396  INFO [main] HiveMetaStore.audit: ugi=alex	ip=unknown-ip-addr	cmd=get_table : tbl=hive._dummy_database._dummy_table	
2024-04-24T05:15:49,398  INFO [main] parse.CalcitePlanner: Get metadata for subqueries
2024-04-24T05:15:49,398  INFO [main] parse.CalcitePlanner: Get metadata for destination tables
2024-04-24T05:15:49,398  INFO [main] parse.CalcitePlanner: Get metadata for destination tables
2024-04-24T05:15:49,398  INFO [main] HiveMetaStore.audit: ugi=alex	ip=unknown-ip-addr	cmd=get_table : tbl=hive.default.acidTbl	
2024-04-24T05:15:49,404  INFO [main] metastore.HMSHandler: Skipping translation for processor with null
2024-04-24T05:15:49,406  INFO [main] HiveMetaStore.audit: ugi=alex	ip=unknown-ip-addr	cmd=get_not_null_constraints : tbl=hive.default.acidtbl	
2024-04-24T05:15:49,407  INFO [main] HiveMetaStore.audit: ugi=alex	ip=unknown-ip-addr	cmd=get_check_constraints : tbl=hive.default.acidtbl	
2024-04-24T05:15:49,414  INFO [main] txn.TxnHandler: Allocated writeId: 1 for txnId: 13
2024-04-24T05:15:49,415  INFO [main] txn.TxnHandler: Allocated write ids for dbName=default, tblName=acidtbl (txnIds: [13])
2024-04-24T05:15:49,416  INFO [main] parse.CalcitePlanner: CBO Succeeded; optimized logical plan.
2024-04-24T05:15:49,419  INFO [main] optimizer.ColumnPrunerProcFactory: RS 4 oldColExprMap: {VALUE._col0=Column[_col1], KEY.reducesinkkey0=Column[_col0]}
2024-04-24T05:15:49,419  INFO [main] optimizer.ColumnPrunerProcFactory: RS 4 newColExprMap: {KEY.reducesinkkey0=Column[_col0], VALUE._col0=Column[_col1]}
2024-04-24T05:15:49,420  INFO [main] optimizer.BucketVersionPopulator: not considering bucketingVersion for: TS[0] because it has -1<2 buckets 
2024-04-24T05:15:49,420  INFO [main] optimizer.SortedDynPartitionOptimizer: Sorted dynamic partitioning optimization kicked in..
2024-04-24T05:15:49,428  INFO [main] HiveMetaStore.audit: ugi=alex	ip=unknown-ip-addr	cmd=get_table : tbl=hive.default.acidtbl	
2024-04-24T05:15:49,435  INFO [main] metastore.HMSHandler: Skipping translation for processor with null
2024-04-24T05:15:49,435  INFO [main] physical.Vectorizer: Examining input format to see if vectorization is enabled.
2024-04-24T05:15:49,435  INFO [main] physical.Vectorizer: Map vectorization enabled: false
2024-04-24T05:15:49,436  INFO [main] physical.Vectorizer: Map vectorized: false
2024-04-24T05:15:49,436  INFO [main] physical.Vectorizer: Map vectorizedVertexNum: 0
2024-04-24T05:15:49,436  INFO [main] physical.Vectorizer: Map enabledConditionsMet: [hive.vectorized.use.vectorized.input.format IS true]
2024-04-24T05:15:49,436  INFO [main] physical.Vectorizer: Map enabledConditionsNotMet: [Could not enable vectorization due to partition column names size 1 is greater than the number of table column names size 0 IS false]
2024-04-24T05:15:49,436  INFO [main] physical.Vectorizer: Map inputFileFormatClassNameSet: [org.apache.hadoop.hive.ql.io.NullRowsInputFormat]
2024-04-24T05:15:49,436  INFO [main] physical.Vectorizer: Reduce vectorization enabled: false
2024-04-24T05:15:49,436  INFO [main] physical.Vectorizer: Reduce vectorized: false
2024-04-24T05:15:49,436  INFO [main] physical.Vectorizer: Reduce vectorizedVertexNum: 1
2024-04-24T05:15:49,436  INFO [main] physical.Vectorizer: Reducer hive.vectorized.execution.reduce.enabled: true
2024-04-24T05:15:49,436  INFO [main] physical.Vectorizer: Reducer engine: mr
2024-04-24T05:15:49,436  INFO [main] parse.CalcitePlanner: Completed plan generation
2024-04-24T05:15:49,436  INFO [main] parse.CalcitePlanner: Ending caching scope for: 
2024-04-24T05:15:49,436  INFO [main] ql.Driver: Semantic Analysis Completed (retrial = false)
2024-04-24T05:15:49,436  INFO [main] ql.Driver: Created Hive schema: Schema(fieldSchemas:[FieldSchema(name:_col0, type:int, comment:null), FieldSchema(name:_col1, type:int, comment:null)], properties:null)
2024-04-24T05:15:49,436  INFO [main] metadata.Hive: Dumping metastore api call timing information for : compilation phase
2024-04-24T05:15:49,436  INFO [main] metadata.Hive: Total time spent in each metastore function (ms): {getValidTxns_(long)=0, getAllTableConstraints_(AllTableConstraintsRequest)=25, getTable_(GetTableRequest)=38, flushCache_()=0, openTxn_(String, TxnType)=2, commitTxn_(CommitTxnRequest)=10, allocateTableWriteId_(long, String, String)=7, isCompatibleWith_(Configuration)=0, getValidWriteIds_(List, String)=3, getNotNullConstraints_(NotNullConstraintsRequest)=2, getCheckConstraints_(CheckConstraintsRequest)=1}
2024-04-24T05:15:49,436  INFO [main] ql.Driver: Completed compiling command(queryId=alex_20240424051549_707e7150-b4c5-45b6-a96a-5bb71506769a); Time taken: 0.158 seconds
2024-04-24T05:15:49,436  INFO [main] lockmgr.DbTxnManager: Setting lock request transaction to txnid:13 for queryId=alex_20240424051549_707e7150-b4c5-45b6-a96a-5bb71506769a
2024-04-24T05:15:49,437  INFO [main] lockmgr.DbLockManager: Requesting lock for queryId=alex_20240424051549_707e7150-b4c5-45b6-a96a-5bb71506769a
2024-04-24T05:15:49,456  INFO [main] lockmgr.DbLockManager: Response to queryId=alex_20240424051549_707e7150-b4c5-45b6-a96a-5bb71506769a LockResponse(lockid:7, state:ACQUIRED)
2024-04-24T05:15:49,456  INFO [main] ql.Driver: Operation QUERY obtained 1 locks
2024-04-24T05:15:49,459  INFO [main] ql.Driver: Executing command(queryId=alex_20240424051549_707e7150-b4c5-45b6-a96a-5bb71506769a): insert into acidTbl(a,b)  values(1,2),(3,4)
2024-04-24T05:15:49,459  WARN [main] ql.Driver: Hive-on-MR is deprecated in Hive 2 and may not be available in the future versions. Consider using a different execution engine (i.e. tez, spark) or using Hive 1.X releases.
Query ID = alex_20240424051549_707e7150-b4c5-45b6-a96a-5bb71506769a
2024-04-24T05:15:49,459  INFO [main] ql.Driver: Query ID = alex_20240424051549_707e7150-b4c5-45b6-a96a-5bb71506769a
Total jobs = 1
2024-04-24T05:15:49,459  INFO [main] ql.Driver: Total jobs = 1
Launching Job 1 out of 1
2024-04-24T05:15:49,459  INFO [main] ql.Driver: Launching Job 1 out of 1
2024-04-24T05:15:49,600  INFO [main] ql.Driver: Starting task [Stage-1:MAPRED] in serial mode
Number of reduce tasks determined at compile time: 2
2024-04-24T05:15:49,600  INFO [main] exec.Task: Number of reduce tasks determined at compile time: 2
In order to change the average load for a reducer (in bytes):
2024-04-24T05:15:49,600  INFO [main] exec.Task: In order to change the average load for a reducer (in bytes):
  set hive.exec.reducers.bytes.per.reducer=<number>
2024-04-24T05:15:49,600  INFO [main] exec.Task:   set hive.exec.reducers.bytes.per.reducer=<number>
In order to limit the maximum number of reducers:
2024-04-24T05:15:49,600  INFO [main] exec.Task: In order to limit the maximum number of reducers:
  set hive.exec.reducers.max=<number>
2024-04-24T05:15:49,600  INFO [main] exec.Task:   set hive.exec.reducers.max=<number>
In order to set a constant number of reducers:
2024-04-24T05:15:49,600  INFO [main] exec.Task: In order to set a constant number of reducers:
  set mapreduce.job.reduces=<number>
2024-04-24T05:15:49,600  INFO [main] exec.Task:   set mapreduce.job.reduces=<number>
2024-04-24T05:15:49,603  INFO [main] mr.ExecDriver: Using org.apache.hadoop.hive.ql.io.HiveInputFormat
2024-04-24T05:15:49,603  INFO [main] exec.Utilities: Processing alias $hdt$_0:_dummy_table
2024-04-24T05:15:49,603  INFO [main] exec.Utilities: Adding 1 inputs; the first input is file:/home/alex/Repositories/hive/ql/target/tmp/localscratchdir/b6af5111-30d9-4d09-81a6-b8f5d8dff8c7/hive_2024-04-24_05-15-49_278_2419665802327640867-1/dummy_path
2024-04-24T05:15:49,612  INFO [main] exec.SerializationUtilities: Serializing MapWork using kryo
2024-04-24T05:15:49,613  INFO [main] exec.Utilities: Serialized plan (via FILE) - name: null size: 5,29KB
2024-04-24T05:15:49,617  INFO [main] exec.SerializationUtilities: Serializing ReduceWork using kryo
2024-04-24T05:15:49,618  INFO [main] exec.Utilities: Serialized plan (via FILE) - name: null size: 5,92KB
2024-04-24T05:15:49,619  WARN [main] impl.MetricsSystemImpl: JobTracker metrics system already initialized!
2024-04-24T05:15:49,623  INFO [main] fs.FSStatsPublisher: created : file:/home/alex/Repositories/hive/ql/target/tmp/localscratchdir/b6af5111-30d9-4d09-81a6-b8f5d8dff8c7/hive_2024-04-24_05-15-49_278_2419665802327640867-1/-mr-10000
2024-04-24T05:15:49,625  WARN [main] impl.MetricsSystemImpl: JobTracker metrics system already initialized!
2024-04-24T05:15:49,632  WARN [main] mapreduce.JobResourceUploader: Hadoop command-line option parsing not performed. Implement the Tool interface and execute your application with ToolRunner to remedy this.
2024-04-24T05:15:49,637  WARN [main] mapreduce.JobResourceUploader: No job jar file set.  User classes may not be found. See Job or Job#setJar(String).
2024-04-24T05:15:49,637  INFO [main] io.HiveInputFormat: hive.io.file.readcolumn.ids = 
2024-04-24T05:15:49,638  INFO [main] io.HiveInputFormat: hive.io.file.readcolumn.names = 
2024-04-24T05:15:49,638  INFO [main] io.HiveInputFormat: Generating splits for dirs: file:/home/alex/Repositories/hive/ql/target/tmp/localscratchdir/b6af5111-30d9-4d09-81a6-b8f5d8dff8c7/hive_2024-04-24_05-15-49_278_2419665802327640867-1/dummy_path
2024-04-24T05:15:49,638  INFO [main] io.HiveInputFormat: number of splits 1
2024-04-24T05:15:49,655  INFO [main] mapreduce.JobSubmitter: number of splits:1
2024-04-24T05:15:49,672  INFO [main] mapreduce.JobSubmitter: Submitting tokens for job: job_local1393187079_0077
2024-04-24T05:15:49,672  INFO [main] mapreduce.JobSubmitter: Executing with tokens: []
2024-04-24T05:15:49,729  INFO [main] mapreduce.Job: The url to track the job: http://localhost:8080/
Job running in-process (local Hadoop)
2024-04-24T05:15:49,729  INFO [main] exec.Task: Job running in-process (local Hadoop)
2024-04-24T05:15:49,730  INFO [Thread-6383] mapred.LocalJobRunner: OutputCommitter set in config org.apache.hadoop.hive.ql.io.HiveFileFormatUtils$NullOutputCommitter
2024-04-24T05:15:49,730  INFO [Thread-6383] mapred.LocalJobRunner: OutputCommitter is org.apache.hadoop.hive.ql.io.HiveFileFormatUtils$NullOutputCommitter
2024-04-24T05:15:49,732  INFO [Thread-6383] mapred.LocalJobRunner: Waiting for map tasks
2024-04-24T05:15:49,732  INFO [LocalJobRunner Map Task Executor #0] mapred.LocalJobRunner: Starting task: attempt_local1393187079_0077_m_000000_0
2024-04-24T05:15:49,734  INFO [LocalJobRunner Map Task Executor #0] mapred.Task:  Using ResourceCalculatorProcessTree : [ ]
2024-04-24T05:15:49,735  INFO [LocalJobRunner Map Task Executor #0] mapred.MapTask: Processing split: org.apache.hadoop.hive.ql.io.NullRowsInputFormat:file:/home/alex/Repositories/hive/ql/target/tmp/localscratchdir/b6af5111-30d9-4d09-81a6-b8f5d8dff8c7/hive_2024-04-24_05-15-49_278_2419665802327640867-1/dummy_path/null:0+1
2024-04-24T05:15:49,737  INFO [LocalJobRunner Map Task Executor #0] exec.SerializationUtilities: Deserializing MapWork using kryo
2024-04-24T05:15:49,737  INFO [LocalJobRunner Map Task Executor #0] exec.Utilities: Deserialized plan (via FILE) - name: null size: 5,29KB
2024-04-24T05:15:49,737  INFO [LocalJobRunner Map Task Executor #0] mapred.MapTask: numReduceTasks: 2
2024-04-24T05:15:49,741  INFO [LocalJobRunner Map Task Executor #0] mapred.MapTask: (EQUATOR) 0 kvi 26214396(104857584)
2024-04-24T05:15:49,742  INFO [LocalJobRunner Map Task Executor #0] mapred.MapTask: mapreduce.task.io.sort.mb: 100
2024-04-24T05:15:49,742  INFO [LocalJobRunner Map Task Executor #0] mapred.MapTask: soft limit at 83886080
2024-04-24T05:15:49,742  INFO [LocalJobRunner Map Task Executor #0] mapred.MapTask: bufstart = 0; bufvoid = 104857600
2024-04-24T05:15:49,742  INFO [LocalJobRunner Map Task Executor #0] mapred.MapTask: kvstart = 26214396; length = 6553600
2024-04-24T05:15:49,742  INFO [LocalJobRunner Map Task Executor #0] mapred.MapTask: Map output collector class = org.apache.hadoop.mapred.MapTask$MapOutputBuffer
2024-04-24T05:15:49,743  INFO [LocalJobRunner Map Task Executor #0] exec.MapOperator: Initializing Operator: MAP[0]
2024-04-24T05:15:49,743  INFO [LocalJobRunner Map Task Executor #0] mr.ExecMapper: 
<MAP>Id =0
  <Children>null
  <\Children>
  <Parent><\Parent>
<\MAP>
2024-04-24T05:15:49,743  INFO [LocalJobRunner Map Task Executor #0] exec.TableScanOperator: Initializing Operator: TS[0]
2024-04-24T05:15:49,743  INFO [LocalJobRunner Map Task Executor #0] exec.SelectOperator: Initializing Operator: SEL[1]
2024-04-24T05:15:49,744  INFO [LocalJobRunner Map Task Executor #0] exec.SelectOperator: SELECT null
2024-04-24T05:15:49,744  INFO [LocalJobRunner Map Task Executor #0] exec.UDTFOperator: Initializing Operator: UDTF[2]
2024-04-24T05:15:49,744  INFO [LocalJobRunner Map Task Executor #0] exec.SelectOperator: Initializing Operator: SEL[3]
2024-04-24T05:15:49,744  INFO [LocalJobRunner Map Task Executor #0] exec.SelectOperator: SELECT struct<col1:int,col2:int>
2024-04-24T05:15:49,744  INFO [LocalJobRunner Map Task Executor #0] exec.ReduceSinkOperator: Initializing Operator: RS[4]
2024-04-24T05:15:49,744  INFO [LocalJobRunner Map Task Executor #0] exec.ReduceSinkOperator: Using tag = -1
2024-04-24T05:15:49,744  INFO [LocalJobRunner Map Task Executor #0] exec.ReduceSinkOperator: keys are [reducesinkkey0] num distributions: 1
2024-04-24T05:15:49,744  INFO [LocalJobRunner Map Task Executor #0] exec.ReduceSinkOperator: RS[4]: records written - 1
2024-04-24T05:15:49,744  INFO [LocalJobRunner Map Task Executor #0] exec.MapOperator: MAP[0]: records read - 1
2024-04-24T05:15:49,745  INFO [LocalJobRunner Map Task Executor #0] exec.MapOperator: Closing Operator: MAP[0]
2024-04-24T05:15:49,745  INFO [LocalJobRunner Map Task Executor #0] exec.MapOperator: MAP[0]: Total records read - 3. abort - false
2024-04-24T05:15:49,745  INFO [LocalJobRunner Map Task Executor #0] exec.MapOperator: RECORDS_OUT_INTERMEDIATE:0, RECORDS_OUT_OPERATOR_MAP_0:0, RECORDS_IN:3, DESERIALIZE_ERRORS:0, 
2024-04-24T05:15:49,745  INFO [LocalJobRunner Map Task Executor #0] exec.TableScanOperator: Closing Operator: TS[0]
2024-04-24T05:15:49,745  INFO [LocalJobRunner Map Task Executor #0] exec.TableScanOperator: RECORDS_OUT_INTERMEDIATE:0, RECORDS_OUT_OPERATOR_TS_0:1, 
2024-04-24T05:15:49,745  INFO [LocalJobRunner Map Task Executor #0] exec.SelectOperator: Closing Operator: SEL[1]
2024-04-24T05:15:49,745  INFO [LocalJobRunner Map Task Executor #0] exec.SelectOperator: RECORDS_OUT_INTERMEDIATE:0, RECORDS_OUT_OPERATOR_SEL_1:1, 
2024-04-24T05:15:49,745  INFO [LocalJobRunner Map Task Executor #0] exec.UDTFOperator: Closing Operator: UDTF[2]
2024-04-24T05:15:49,745  INFO [LocalJobRunner Map Task Executor #0] exec.UDTFOperator: RECORDS_OUT_INTERMEDIATE:0, RECORDS_OUT_OPERATOR_UDTF_2:2, 
2024-04-24T05:15:49,745  INFO [LocalJobRunner Map Task Executor #0] exec.SelectOperator: Closing Operator: SEL[3]
2024-04-24T05:15:49,745  INFO [LocalJobRunner Map Task Executor #0] exec.SelectOperator: RECORDS_OUT_OPERATOR_SEL_3:2, RECORDS_OUT_INTERMEDIATE:0, 
2024-04-24T05:15:49,745  INFO [LocalJobRunner Map Task Executor #0] exec.ReduceSinkOperator: Closing Operator: RS[4]
2024-04-24T05:15:49,745  INFO [LocalJobRunner Map Task Executor #0] exec.ReduceSinkOperator: RS[4]: Total records written - 2. abort - false
2024-04-24T05:15:49,745  INFO [LocalJobRunner Map Task Executor #0] exec.ReduceSinkOperator: RECORDS_OUT_OPERATOR_RS_4:2, RECORDS_OUT_INTERMEDIATE:2, 
2024-04-24T05:15:49,747  INFO [LocalJobRunner Map Task Executor #0] mapred.LocalJobRunner: 
2024-04-24T05:15:49,747  INFO [LocalJobRunner Map Task Executor #0] mapred.MapTask: Starting flush of map output
2024-04-24T05:15:49,747  INFO [LocalJobRunner Map Task Executor #0] mapred.MapTask: Spilling map output
2024-04-24T05:15:49,747  INFO [LocalJobRunner Map Task Executor #0] mapred.MapTask: bufstart = 0; bufend = 32; bufvoid = 104857600
2024-04-24T05:15:49,747  INFO [LocalJobRunner Map Task Executor #0] mapred.MapTask: kvstart = 26214396(104857584); kvend = 26214392(104857568); length = 5/6553600
2024-04-24T05:15:49,757  INFO [LocalJobRunner Map Task Executor #0] mapred.MapTask: Finished spill 0
2024-04-24T05:15:49,761  INFO [LocalJobRunner Map Task Executor #0] mapred.Task: Task:attempt_local1393187079_0077_m_000000_0 is done. And is in the process of committing
2024-04-24T05:15:49,762  INFO [LocalJobRunner Map Task Executor #0] mapred.LocalJobRunner: map
2024-04-24T05:15:49,762  INFO [LocalJobRunner Map Task Executor #0] mapred.Task: Task 'attempt_local1393187079_0077_m_000000_0' done.
2024-04-24T05:15:49,762  INFO [LocalJobRunner Map Task Executor #0] mapred.Task: Final Counters for attempt_local1393187079_0077_m_000000_0: Counters: 31
	File System Counters
		FILE: Number of bytes read=1683995
		FILE: Number of bytes written=96551432
		FILE: Number of read operations=0
		FILE: Number of large read operations=0
		FILE: Number of write operations=0
		HDFS: Number of bytes read=0
		HDFS: Number of bytes written=0
		HDFS: Number of read operations=0
		HDFS: Number of large read operations=0
		HDFS: Number of write operations=0
	Map-Reduce Framework
		Map input records=4
		Map output records=2
		Map output bytes=32
		Map output materialized bytes=48
		Input split bytes=361
		Combine input records=0
		Spilled Records=2
		Failed Shuffles=0
		Merged Map outputs=0
		GC time elapsed (ms)=0
		Total committed heap usage (bytes)=1503657984
	HIVE
		DESERIALIZE_ERRORS=0
		RECORDS_IN=3
		RECORDS_OUT_INTERMEDIATE=2
		RECORDS_OUT_OPERATOR_MAP_0=0
		RECORDS_OUT_OPERATOR_RS_4=2
		RECORDS_OUT_OPERATOR_SEL_1=1
		RECORDS_OUT_OPERATOR_SEL_3=2
		RECORDS_OUT_OPERATOR_TS_0=1
		RECORDS_OUT_OPERATOR_UDTF_2=2
	File Input Format Counters 
		Bytes Read=5342
2024-04-24T05:15:49,762  INFO [LocalJobRunner Map Task Executor #0] mapred.LocalJobRunner: Finishing task: attempt_local1393187079_0077_m_000000_0
2024-04-24T05:15:49,762  INFO [Thread-6383] mapred.LocalJobRunner: map task executor complete.
2024-04-24T05:15:49,763  INFO [Thread-6383] mapred.LocalJobRunner: Waiting for reduce tasks
2024-04-24T05:15:49,763  INFO [pool-367-thread-1] mapred.LocalJobRunner: Starting task: attempt_local1393187079_0077_r_000000_0
2024-04-24T05:15:49,765  INFO [pool-367-thread-1] mapred.Task:  Using ResourceCalculatorProcessTree : [ ]
2024-04-24T05:15:49,765  INFO [pool-367-thread-1] mapred.ReduceTask: Using ShuffleConsumerPlugin: org.apache.hadoop.mapreduce.task.reduce.Shuffle@314e089c
2024-04-24T05:15:49,766  WARN [pool-367-thread-1] impl.MetricsSystemImpl: JobTracker metrics system already initialized!
2024-04-24T05:15:49,767  INFO [pool-367-thread-1] reduce.MergeManagerImpl: MergerManager: memoryLimit=1336252800, maxSingleShuffleLimit=334063200, mergeThreshold=881926912, ioSortFactor=10, memToMemMergeOutputsThreshold=10
2024-04-24T05:15:49,767  INFO [EventFetcher for fetching Map Completion Events] reduce.EventFetcher: attempt_local1393187079_0077_r_000000_0 Thread started: EventFetcher for fetching Map Completion Events
2024-04-24T05:15:49,770  INFO [localfetcher#100] reduce.LocalFetcher: localfetcher#100 about to shuffle output of map attempt_local1393187079_0077_m_000000_0 decomp: 20 len: 24 to MEMORY
2024-04-24T05:15:49,770  INFO [localfetcher#100] reduce.InMemoryMapOutput: Read 20 bytes from map-output for attempt_local1393187079_0077_m_000000_0
2024-04-24T05:15:49,770  INFO [localfetcher#100] reduce.MergeManagerImpl: closeInMemoryFile -> map-output of size: 20, inMemoryMapOutputs.size() -> 1, commitMemory -> 0, usedMemory ->20
2024-04-24T05:15:49,771  INFO [EventFetcher for fetching Map Completion Events] reduce.EventFetcher: EventFetcher is interrupted.. Returning
2024-04-24T05:15:49,771  INFO [pool-367-thread-1] mapred.LocalJobRunner: 1 / 1 copied.
2024-04-24T05:15:49,771  INFO [pool-367-thread-1] reduce.MergeManagerImpl: finalMerge called with 1 in-memory map-outputs and 0 on-disk map-outputs
2024-04-24T05:15:49,777  INFO [pool-367-thread-1] mapred.Merger: Merging 1 sorted segments
2024-04-24T05:15:49,777  INFO [pool-367-thread-1] mapred.Merger: Down to the last merge-pass, with 1 segments left of total size: 8 bytes
2024-04-24T05:15:49,779  INFO [pool-367-thread-1] reduce.MergeManagerImpl: Merged 1 segments, 20 bytes to disk to satisfy reduce memory limit
2024-04-24T05:15:49,779  INFO [pool-367-thread-1] reduce.MergeManagerImpl: Merging 1 files, 24 bytes from disk
2024-04-24T05:15:49,779  INFO [pool-367-thread-1] reduce.MergeManagerImpl: Merging 0 segments, 0 bytes from memory into reduce
2024-04-24T05:15:49,779  INFO [pool-367-thread-1] mapred.Merger: Merging 1 sorted segments
2024-04-24T05:15:49,780  INFO [pool-367-thread-1] mapred.Merger: Down to the last merge-pass, with 1 segments left of total size: 8 bytes
2024-04-24T05:15:49,780  INFO [pool-367-thread-1] mapred.LocalJobRunner: 1 / 1 copied.
2024-04-24T05:15:49,780  INFO [pool-367-thread-1] exec.SerializationUtilities: Deserializing ReduceWork using kryo
2024-04-24T05:15:49,780  INFO [pool-367-thread-1] exec.Utilities: Deserialized plan (via FILE) - name: null size: 5,92KB
2024-04-24T05:15:49,781  INFO [pool-367-thread-1] ExecReducer: 
<SEL>Id =5
  <Children>
    <FS>Id =6
      <Children>
      <\Children>
      <Parent>Id = 5 null<\Parent>
    <\FS>
  <\Children>
  <Parent><\Parent>
<\SEL>
2024-04-24T05:15:49,781  INFO [pool-367-thread-1] exec.SelectOperator: Initializing Operator: SEL[5]
2024-04-24T05:15:49,781  INFO [pool-367-thread-1] exec.SelectOperator: SELECT struct<key:struct<reducesinkkey0:int>,value:struct<_col0:int>>
2024-04-24T05:15:49,781  INFO [pool-367-thread-1] exec.FileSinkOperator: Initializing Operator: FS[6]
2024-04-24T05:15:49,781  INFO [pool-367-thread-1] exec.FileSinkOperator: Using serializer : AbstractSerDe [log=org.apache.logging.slf4j.Log4jLogger@a925655, configuration=Optional[Configuration: core-default.xml, core-site.xml, mapred-default.xml, mapred-site.xml, yarn-default.xml, yarn-site.xml, hdfs-default.xml, hdfs-site.xml, file:/home/alex/Repositories/hive/ql/target/tmp/TestTxnCommandsWithSplitUpdateAndVectorization/mapred/local/localRunner/alex/job_local1393187079_0077/job_local1393187079_0077.xml], properties={transactional_properties=default, name=default.acidtbl, transactional=true, columns.types=int:int, bucket_field_name=a, columns=a,b, numFilesErasureCoded=0, columns.comments=&amp#0;, bucketing_version=2, bucket_count=2, serialization.lib=org.apache.hadoop.hive.ql.io.orc.OrcSerde, file.inputformat=org.apache.hadoop.hive.ql.io.orc.OrcInputFormat, file.outputformat=org.apache.hadoop.hive.ql.io.orc.OrcOutputFormat, location=file:/home/alex/Repositories/hive/ql/target/tmp/org.apache.hadoop.hive.ql.TestTxnCommands-1713960750541/warehouse/acidtbl, column.name.delimiter=,}, tableProperties={transactional_properties=default, name=default.acidtbl, transactional=true, columns.types=int:int, bucket_field_name=a, columns=a,b, numFilesErasureCoded=0, columns.comments=&amp#0;, bucketing_version=2, bucket_count=2, serialization.lib=org.apache.hadoop.hive.ql.io.orc.OrcSerde, file.inputformat=org.apache.hadoop.hive.ql.io.orc.OrcInputFormat, location=file:/home/alex/Repositories/hive/ql/target/tmp/org.apache.hadoop.hive.ql.TestTxnCommands-1713960750541/warehouse/acidtbl, file.outputformat=org.apache.hadoop.hive.ql.io.orc.OrcOutputFormat, column.name.delimiter=,}, partitionProperties=Optional.empty, columnNames=[a, b], columnTypes=[int, int], getClass()=class org.apache.hadoop.hive.ql.io.orc.OrcSerde] and formatter : org.apache.hadoop.hive.ql.io.orc.OrcOutputFormat@642e8301
2024-04-24T05:15:49,782  INFO [pool-367-thread-1] exec.FileSinkOperator: Final Path: FS file:/home/alex/Repositories/hive/ql/target/tmp/org.apache.hadoop.hive.ql.TestTxnCommands-1713960750541/warehouse/acidtbl
2024-04-24T05:15:49,782  INFO [pool-367-thread-1] exec.FileSinkOperator: New Final Path: FS file:/home/alex/Repositories/hive/ql/target/tmp/org.apache.hadoop.hive.ql.TestTxnCommands-1713960750541/warehouse/acidtbl
2024-04-24T05:15:49,782  INFO [pool-367-thread-1] common.FileUtils: Creating directory if it doesn't exist: file:/home/alex/Repositories/hive/ql/target/tmp/org.apache.hadoop.hive.ql.TestTxnCommands-1713960750541/warehouse
2024-04-24T05:15:49,782  INFO [pool-367-thread-1] exec.FileSinkOperator: FS[6]: records written - 1
2024-04-24T05:15:49,782  INFO [pool-367-thread-1] impl.PhysicalFsWriter: ORC writer created for path: file:/home/alex/Repositories/hive/ql/target/tmp/org.apache.hadoop.hive.ql.TestTxnCommands-1713960750541/warehouse/acidtbl/delta_0000001_0000001_0000/bucket_00000_0 with stripeSize: 8388608 blockSize: 268435456 compression: Compress: ZLIB buffer: 32768
2024-04-24T05:15:49,789  INFO [pool-367-thread-1] impl.WriterImpl: ORC writer created for path: file:/home/alex/Repositories/hive/ql/target/tmp/org.apache.hadoop.hive.ql.TestTxnCommands-1713960750541/warehouse/acidtbl/delta_0000001_0000001_0000/bucket_00000_0 with stripeSize: 8388608 options: Compress: ZLIB buffer: 32768
2024-04-24T05:15:49,793  INFO [pool-367-thread-1] exec.SelectOperator: Closing Operator: SEL[5]
2024-04-24T05:15:49,793  INFO [pool-367-thread-1] exec.SelectOperator: RECORDS_OUT_INTERMEDIATE:0, RECORDS_OUT_OPERATOR_SEL_5:1, 
2024-04-24T05:15:49,793  INFO [pool-367-thread-1] exec.FileSinkOperator: Closing Operator: FS[6]
2024-04-24T05:15:49,793  INFO [pool-367-thread-1] exec.FileSinkOperator: FS[6]: records written - 1
2024-04-24T05:15:49,794  INFO [pool-367-thread-1] FileOperations: Writing manifest to file:/home/alex/Repositories/hive/ql/target/tmp/org.apache.hadoop.hive.ql.TestTxnCommands-1713960750541/warehouse/acidtbl/_tmp.delta_0000001_0000001_0000/000000_0.manifest with [file:/home/alex/Repositories/hive/ql/target/tmp/org.apache.hadoop.hive.ql.TestTxnCommands-1713960750541/warehouse/acidtbl/delta_0000001_0000001_0000/bucket_00000_0]
2024-04-24T05:15:49,805  INFO [pool-367-thread-1] exec.FileSinkOperator: RECORDS_OUT_OPERATOR_FS_6:1, RECORDS_OUT_INTERMEDIATE:0, TOTAL_TABLE_ROWS_WRITTEN:1, RECORDS_OUT_1_default.acidtbl:1, 
2024-04-24T05:15:49,805  INFO [pool-367-thread-1] mapred.Task: Task:attempt_local1393187079_0077_r_000000_0 is done. And is in the process of committing
2024-04-24T05:15:49,806  INFO [pool-367-thread-1] mapred.LocalJobRunner: reduce > reduce
2024-04-24T05:15:49,806  INFO [pool-367-thread-1] mapred.Task: Task 'attempt_local1393187079_0077_r_000000_0' done.
2024-04-24T05:15:49,806  INFO [pool-367-thread-1] mapred.Task: Final Counters for attempt_local1393187079_0077_r_000000_0: Counters: 35
	File System Counters
		FILE: Number of bytes read=1690102
		FILE: Number of bytes written=96552471
		FILE: Number of read operations=0
		FILE: Number of large read operations=0
		FILE: Number of write operations=0
		HDFS: Number of bytes read=0
		HDFS: Number of bytes written=0
		HDFS: Number of read operations=0
		HDFS: Number of large read operations=0
		HDFS: Number of write operations=0
	Map-Reduce Framework
		Combine input records=0
		Combine output records=0
		Reduce input groups=1
		Reduce shuffle bytes=24
		Reduce input records=1
		Reduce output records=0
		Spilled Records=1
		Shuffled Maps =1
		Failed Shuffles=0
		Merged Map outputs=1
		GC time elapsed (ms)=0
		Total committed heap usage (bytes)=1503657984
	HIVE
		CREATED_FILES=1
		RECORDS_OUT_1_default.acidtbl=1
		RECORDS_OUT_INTERMEDIATE=0
		RECORDS_OUT_OPERATOR_FS_6=1
		RECORDS_OUT_OPERATOR_SEL_5=1
		TOTAL_TABLE_ROWS_WRITTEN=1
	Shuffle Errors
		BAD_ID=0
		CONNECTION=0
		IO_ERROR=0
		WRONG_LENGTH=0
		WRONG_MAP=0
		WRONG_REDUCE=0
	File Output Format Counters 
		Bytes Written=0
2024-04-24T05:15:49,806  INFO [pool-367-thread-1] mapred.LocalJobRunner: Finishing task: attempt_local1393187079_0077_r_000000_0
2024-04-24T05:15:49,806  INFO [pool-367-thread-1] mapred.LocalJobRunner: Starting task: attempt_local1393187079_0077_r_000001_0
2024-04-24T05:15:49,806  INFO [pool-367-thread-1] mapred.Task:  Using ResourceCalculatorProcessTree : [ ]
2024-04-24T05:15:49,806  INFO [pool-367-thread-1] mapred.ReduceTask: Using ShuffleConsumerPlugin: org.apache.hadoop.mapreduce.task.reduce.Shuffle@2a5deb5b
2024-04-24T05:15:49,806  WARN [pool-367-thread-1] impl.MetricsSystemImpl: JobTracker metrics system already initialized!
2024-04-24T05:15:49,807  INFO [pool-367-thread-1] reduce.MergeManagerImpl: MergerManager: memoryLimit=1336252800, maxSingleShuffleLimit=334063200, mergeThreshold=881926912, ioSortFactor=10, memToMemMergeOutputsThreshold=10
2024-04-24T05:15:49,808  INFO [EventFetcher for fetching Map Completion Events] reduce.EventFetcher: attempt_local1393187079_0077_r_000001_0 Thread started: EventFetcher for fetching Map Completion Events
2024-04-24T05:15:49,810  INFO [localfetcher#101] reduce.LocalFetcher: localfetcher#101 about to shuffle output of map attempt_local1393187079_0077_m_000000_0 decomp: 20 len: 24 to MEMORY
2024-04-24T05:15:49,810  INFO [localfetcher#101] reduce.InMemoryMapOutput: Read 20 bytes from map-output for attempt_local1393187079_0077_m_000000_0
2024-04-24T05:15:49,810  INFO [localfetcher#101] reduce.MergeManagerImpl: closeInMemoryFile -> map-output of size: 20, inMemoryMapOutputs.size() -> 1, commitMemory -> 0, usedMemory ->20
2024-04-24T05:15:49,811  INFO [EventFetcher for fetching Map Completion Events] reduce.EventFetcher: EventFetcher is interrupted.. Returning
2024-04-24T05:15:49,811  INFO [pool-367-thread-1] mapred.LocalJobRunner: 1 / 1 copied.
2024-04-24T05:15:49,811  INFO [pool-367-thread-1] reduce.MergeManagerImpl: finalMerge called with 1 in-memory map-outputs and 0 on-disk map-outputs
2024-04-24T05:15:49,817  INFO [pool-367-thread-1] mapred.Merger: Merging 1 sorted segments
2024-04-24T05:15:49,817  INFO [pool-367-thread-1] mapred.Merger: Down to the last merge-pass, with 1 segments left of total size: 8 bytes
2024-04-24T05:15:49,819  INFO [pool-367-thread-1] reduce.MergeManagerImpl: Merged 1 segments, 20 bytes to disk to satisfy reduce memory limit
2024-04-24T05:15:49,820  INFO [pool-367-thread-1] reduce.MergeManagerImpl: Merging 1 files, 24 bytes from disk
2024-04-24T05:15:49,820  INFO [pool-367-thread-1] reduce.MergeManagerImpl: Merging 0 segments, 0 bytes from memory into reduce
2024-04-24T05:15:49,820  INFO [pool-367-thread-1] mapred.Merger: Merging 1 sorted segments
2024-04-24T05:15:49,820  INFO [pool-367-thread-1] mapred.Merger: Down to the last merge-pass, with 1 segments left of total size: 8 bytes
2024-04-24T05:15:49,820  INFO [pool-367-thread-1] mapred.LocalJobRunner: 1 / 1 copied.
2024-04-24T05:15:49,820  INFO [pool-367-thread-1] exec.SerializationUtilities: Deserializing ReduceWork using kryo
2024-04-24T05:15:49,820  INFO [pool-367-thread-1] exec.Utilities: Deserialized plan (via FILE) - name: null size: 5,92KB
2024-04-24T05:15:49,821  INFO [pool-367-thread-1] ExecReducer: 
<SEL>Id =5
  <Children>
    <FS>Id =6
      <Children>
      <\Children>
      <Parent>Id = 5 null<\Parent>
    <\FS>
  <\Children>
  <Parent><\Parent>
<\SEL>
2024-04-24T05:15:49,821  INFO [pool-367-thread-1] exec.SelectOperator: Initializing Operator: SEL[5]
2024-04-24T05:15:49,821  INFO [pool-367-thread-1] exec.SelectOperator: SELECT struct<key:struct<reducesinkkey0:int>,value:struct<_col0:int>>
2024-04-24T05:15:49,821  INFO [pool-367-thread-1] exec.FileSinkOperator: Initializing Operator: FS[6]
2024-04-24T05:15:49,822  INFO [pool-367-thread-1] exec.FileSinkOperator: Using serializer : AbstractSerDe [log=org.apache.logging.slf4j.Log4jLogger@a925655, configuration=Optional[Configuration: core-default.xml, core-site.xml, mapred-default.xml, mapred-site.xml, yarn-default.xml, yarn-site.xml, hdfs-default.xml, hdfs-site.xml, file:/home/alex/Repositories/hive/ql/target/tmp/TestTxnCommandsWithSplitUpdateAndVectorization/mapred/local/localRunner/alex/job_local1393187079_0077/job_local1393187079_0077.xml], properties={transactional_properties=default, name=default.acidtbl, transactional=true, columns.types=int:int, bucket_field_name=a, columns=a,b, numFilesErasureCoded=0, columns.comments=&amp#0;, bucketing_version=2, bucket_count=2, serialization.lib=org.apache.hadoop.hive.ql.io.orc.OrcSerde, file.inputformat=org.apache.hadoop.hive.ql.io.orc.OrcInputFormat, file.outputformat=org.apache.hadoop.hive.ql.io.orc.OrcOutputFormat, location=file:/home/alex/Repositories/hive/ql/target/tmp/org.apache.hadoop.hive.ql.TestTxnCommands-1713960750541/warehouse/acidtbl, column.name.delimiter=,}, tableProperties={transactional_properties=default, name=default.acidtbl, transactional=true, columns.types=int:int, bucket_field_name=a, columns=a,b, numFilesErasureCoded=0, columns.comments=&amp#0;, bucketing_version=2, bucket_count=2, serialization.lib=org.apache.hadoop.hive.ql.io.orc.OrcSerde, file.inputformat=org.apache.hadoop.hive.ql.io.orc.OrcInputFormat, location=file:/home/alex/Repositories/hive/ql/target/tmp/org.apache.hadoop.hive.ql.TestTxnCommands-1713960750541/warehouse/acidtbl, file.outputformat=org.apache.hadoop.hive.ql.io.orc.OrcOutputFormat, column.name.delimiter=,}, partitionProperties=Optional.empty, columnNames=[a, b], columnTypes=[int, int], getClass()=class org.apache.hadoop.hive.ql.io.orc.OrcSerde] and formatter : org.apache.hadoop.hive.ql.io.orc.OrcOutputFormat@41ed0864
2024-04-24T05:15:49,822  INFO [pool-367-thread-1] exec.FileSinkOperator: Final Path: FS file:/home/alex/Repositories/hive/ql/target/tmp/org.apache.hadoop.hive.ql.TestTxnCommands-1713960750541/warehouse/acidtbl
2024-04-24T05:15:49,822  INFO [pool-367-thread-1] exec.FileSinkOperator: New Final Path: FS file:/home/alex/Repositories/hive/ql/target/tmp/org.apache.hadoop.hive.ql.TestTxnCommands-1713960750541/warehouse/acidtbl
2024-04-24T05:15:49,822  INFO [pool-367-thread-1] common.FileUtils: Creating directory if it doesn't exist: file:/home/alex/Repositories/hive/ql/target/tmp/org.apache.hadoop.hive.ql.TestTxnCommands-1713960750541/warehouse
2024-04-24T05:15:49,822  INFO [pool-367-thread-1] exec.FileSinkOperator: FS[6]: records written - 1
2024-04-24T05:15:49,823  INFO [pool-367-thread-1] impl.PhysicalFsWriter: ORC writer created for path: file:/home/alex/Repositories/hive/ql/target/tmp/org.apache.hadoop.hive.ql.TestTxnCommands-1713960750541/warehouse/acidtbl/delta_0000001_0000001_0000/bucket_00001_0 with stripeSize: 8388608 blockSize: 268435456 compression: Compress: ZLIB buffer: 32768
2024-04-24T05:15:49,827  INFO [pool-367-thread-1] impl.WriterImpl: ORC writer created for path: file:/home/alex/Repositories/hive/ql/target/tmp/org.apache.hadoop.hive.ql.TestTxnCommands-1713960750541/warehouse/acidtbl/delta_0000001_0000001_0000/bucket_00001_0 with stripeSize: 8388608 options: Compress: ZLIB buffer: 32768
2024-04-24T05:15:49,827  INFO [pool-367-thread-1] exec.SelectOperator: Closing Operator: SEL[5]
2024-04-24T05:15:49,827  INFO [pool-367-thread-1] exec.SelectOperator: RECORDS_OUT_INTERMEDIATE:0, RECORDS_OUT_OPERATOR_SEL_5:1, 
2024-04-24T05:15:49,827  INFO [pool-367-thread-1] exec.FileSinkOperator: Closing Operator: FS[6]
2024-04-24T05:15:49,827  INFO [pool-367-thread-1] exec.FileSinkOperator: FS[6]: records written - 1
2024-04-24T05:15:49,829  INFO [pool-367-thread-1] FileOperations: Writing manifest to file:/home/alex/Repositories/hive/ql/target/tmp/org.apache.hadoop.hive.ql.TestTxnCommands-1713960750541/warehouse/acidtbl/_tmp.delta_0000001_0000001_0000/000001_0.manifest with [file:/home/alex/Repositories/hive/ql/target/tmp/org.apache.hadoop.hive.ql.TestTxnCommands-1713960750541/warehouse/acidtbl/delta_0000001_0000001_0000/bucket_00001_0]
2024-04-24T05:15:49,838  INFO [pool-367-thread-1] exec.FileSinkOperator: RECORDS_OUT_OPERATOR_FS_6:1, TOTAL_TABLE_ROWS_WRITTEN:1, RECORDS_OUT_1_default.acidtbl:1, RECORDS_OUT_INTERMEDIATE:0, 
2024-04-24T05:15:49,838  INFO [pool-367-thread-1] mapred.Task: Task:attempt_local1393187079_0077_r_000001_0 is done. And is in the process of committing
2024-04-24T05:15:49,838  INFO [pool-367-thread-1] mapred.LocalJobRunner: reduce > reduce
2024-04-24T05:15:49,838  INFO [pool-367-thread-1] mapred.Task: Task 'attempt_local1393187079_0077_r_000001_0' done.
2024-04-24T05:15:49,838  INFO [pool-367-thread-1] mapred.Task: Final Counters for attempt_local1393187079_0077_r_000001_0: Counters: 35
	File System Counters
		FILE: Number of bytes read=1696185
		FILE: Number of bytes written=96553499
		FILE: Number of read operations=0
		FILE: Number of large read operations=0
		FILE: Number of write operations=0
		HDFS: Number of bytes read=0
		HDFS: Number of bytes written=0
		HDFS: Number of read operations=0
		HDFS: Number of large read operations=0
		HDFS: Number of write operations=0
	Map-Reduce Framework
		Combine input records=0
		Combine output records=0
		Reduce input groups=1
		Reduce shuffle bytes=24
		Reduce input records=1
		Reduce output records=0
		Spilled Records=1
		Shuffled Maps =1
		Failed Shuffles=0
		Merged Map outputs=1
		GC time elapsed (ms)=0
		Total committed heap usage (bytes)=1503657984
	HIVE
		CREATED_FILES=1
		RECORDS_OUT_1_default.acidtbl=1
		RECORDS_OUT_INTERMEDIATE=0
		RECORDS_OUT_OPERATOR_FS_6=1
		RECORDS_OUT_OPERATOR_SEL_5=1
		TOTAL_TABLE_ROWS_WRITTEN=1
	Shuffle Errors
		BAD_ID=0
		CONNECTION=0
		IO_ERROR=0
		WRONG_LENGTH=0
		WRONG_MAP=0
		WRONG_REDUCE=0
	File Output Format Counters 
		Bytes Written=0
2024-04-24T05:15:49,838  INFO [pool-367-thread-1] mapred.LocalJobRunner: Finishing task: attempt_local1393187079_0077_r_000001_0
2024-04-24T05:15:49,838  INFO [Thread-6383] mapred.LocalJobRunner: reduce task executor complete.
2024-04-24 05:15:50,732 Stage-1 map = 100%,  reduce = 100%
2024-04-24T05:15:50,733  INFO [main] exec.Task: 2024-04-24 05:15:50,732 Stage-1 map = 100%,  reduce = 100%
Ended Job = job_local1393187079_0077
2024-04-24T05:15:50,735  INFO [main] exec.Task: Ended Job = job_local1393187079_0077
2024-04-24T05:15:50,735  INFO [main] FileOperations: Found manifest file file:/home/alex/Repositories/hive/ql/target/tmp/org.apache.hadoop.hive.ql.TestTxnCommands-1713960750541/warehouse/acidtbl/_tmp.delta_0000001_0000001_0000/000001_0.manifest with attemptId 0.
2024-04-24T05:15:50,736  INFO [main] FileOperations: Found manifest file file:/home/alex/Repositories/hive/ql/target/tmp/org.apache.hadoop.hive.ql.TestTxnCommands-1713960750541/warehouse/acidtbl/_tmp.delta_0000001_0000001_0000/000000_0.manifest with attemptId 0.
2024-04-24T05:15:50,736  INFO [main] FileOperations: Looking at manifest file: file:/home/alex/Repositories/hive/ql/target/tmp/org.apache.hadoop.hive.ql.TestTxnCommands-1713960750541/warehouse/acidtbl/_tmp.delta_0000001_0000001_0000/000001_0.manifest
2024-04-24T05:15:50,736  INFO [main] FileOperations: Looking at manifest file: file:/home/alex/Repositories/hive/ql/target/tmp/org.apache.hadoop.hive.ql.TestTxnCommands-1713960750541/warehouse/acidtbl/_tmp.delta_0000001_0000001_0000/000000_0.manifest
2024-04-24T05:15:50,736  INFO [main] FileOperations: Deleting manifest directory file:/home/alex/Repositories/hive/ql/target/tmp/org.apache.hadoop.hive.ql.TestTxnCommands-1713960750541/warehouse/acidtbl/_tmp.delta_0000001_0000001_0000
2024-04-24T05:15:50,737  INFO [main] ql.Driver: Starting task [Stage-0:MOVE] in serial mode
Loading data to table default.acidtbl
2024-04-24T05:15:50,737  INFO [main] exec.Task: Loading data to table default.acidtbl from file:/home/alex/Repositories/hive/ql/target/tmp/org.apache.hadoop.hive.ql.TestTxnCommands-1713960750541/warehouse/acidtbl
2024-04-24T05:15:50,737  INFO [main] HiveMetaStore.audit: ugi=alex	ip=unknown-ip-addr	cmd=get_table : tbl=hive.default.acidtbl	
2024-04-24T05:15:50,744  INFO [main] metastore.HMSHandler: Skipping translation for processor with null
2024-04-24T05:15:50,744  INFO [main] HiveMetaStore.audit: ugi=alex	ip=unknown-ip-addr	cmd=get_table : tbl=hive.default.acidtbl	
2024-04-24T05:15:50,751  INFO [main] metastore.HMSHandler: Skipping translation for processor with null
2024-04-24T05:15:50,752  INFO [main] HiveMetaStore.audit: ugi=alex	ip=unknown-ip-addr	cmd=alter_table: hive.default.acidtbl newtbl=acidtbl	
2024-04-24T05:15:50,786  INFO [main] ql.Driver: Starting task [Stage-2:STATS] in serial mode
2024-04-24T05:15:50,787  INFO [main] HiveMetaStore.audit: ugi=alex	ip=unknown-ip-addr	cmd=get_table : tbl=hive.default.acidtbl	
2024-04-24T05:15:50,792  INFO [main] metastore.HMSHandler: Skipping translation for processor with null
2024-04-24T05:15:50,793  INFO [main] stats.BasicStatsTask: Executing stats task
2024-04-24T05:15:50,793  INFO [main] fs.FSStatsPublisher: created : file:/home/alex/Repositories/hive/ql/target/tmp/localscratchdir/b6af5111-30d9-4d09-81a6-b8f5d8dff8c7/hive_2024-04-24_05-15-49_278_2419665802327640867-1/-mr-10000
2024-04-24T05:15:50,794  INFO [main] HiveMetaStore.audit: ugi=alex	ip=unknown-ip-addr	cmd=get_table : tbl=hive.default.acidtbl	
2024-04-24T05:15:50,800  INFO [main] metastore.HMSHandler: Skipping translation for processor with null
2024-04-24T05:15:50,811  WARN [main] FileOperations: Computing stats for an ACID table; stats may be inaccurate
2024-04-24T05:15:50,811  INFO [main] FileOperations: Read stats for default.acidtbl/, numRows, true, 2, false: 
2024-04-24T05:15:50,811  INFO [main] FileOperations: Read stats for default.acidtbl/, rawDataSize, true, 0, false: 
2024-04-24T05:15:50,812  INFO [main] HiveMetaStore.audit: ugi=alex	ip=unknown-ip-addr	cmd=alter_table: hive.default.acidtbl newtbl=acidtbl	
2024-04-24T05:15:50,832  INFO [main] FileOperations: Read stats for default.acidtbl/, insertCount, true, 2, false: 
2024-04-24T05:15:50,832  INFO [main] FileOperations: Read stats for default.acidtbl/, updateCount, true, 0, false: 
2024-04-24T05:15:50,832  INFO [main] FileOperations: Read stats for default.acidtbl/, deleteCount, true, 0, false: 
2024-04-24T05:15:50,834  INFO [main] stats.BasicStatsTask: Table default.acidtbl stats: [numFiles=2, numRows=2, totalSize=1344, rawDataSize=0, numFilesErasureCoded=0]
2024-04-24T05:15:50,834  INFO [main] metadata.Hive: Dumping metastore api call timing information for : execution phase
2024-04-24T05:15:50,834  INFO [main] metadata.Hive: Total time spent in each metastore function (ms): {updateTransactionalStatistics_(UpdateTransactionalStatsRequest)=2, getTable_(GetTableRequest)=26, isCompatibleWith_(Configuration)=0, alter_table_(String, String, String, Table, EnvironmentContext, String)=54}
MapReduce Jobs Launched: 
2024-04-24T05:15:50,835  INFO [main] ql.Driver: MapReduce Jobs Launched: 
Stage-Stage-1:  HDFS Read: 0 HDFS Write: 0 SUCCESS
2024-04-24T05:15:50,835  INFO [main] ql.Driver: Stage-Stage-1:  HDFS Read: 0 HDFS Write: 0 SUCCESS
Total MapReduce CPU Time Spent: 0 msec
2024-04-24T05:15:50,835  INFO [main] ql.Driver: Total MapReduce CPU Time Spent: 0 msec
2024-04-24T05:15:50,835  INFO [main] ql.Driver: Completed executing command(queryId=alex_20240424051549_707e7150-b4c5-45b6-a96a-5bb71506769a); Time taken: 1.375 seconds
2024-04-24T05:15:50,835  INFO [main] lockmgr.DbTxnManager: Stopped heartbeat for query: alex_20240424051549_707e7150-b4c5-45b6-a96a-5bb71506769a
2024-04-24T05:15:50,845  INFO [main] txn.TxnHandler: Removed transactions: ([13]) from MIN_HISTORY_LEVEL
2024-04-24T05:15:50,846  WARN [main] txn.CompactionTxnHandler: No compaction queue record found for Compaction type transaction commit. txnId:13
2024-04-24T05:15:50,846  INFO [main] ql.TxnCommandsBaseForTests: Running the query: select a,b from acidTbl order by a,b
2024-04-24T05:15:50,846  INFO [main] ql.Context: Deleting scratch dir: file:/home/alex/Repositories/hive/ql/target/tmp/localscratchdir/b6af5111-30d9-4d09-81a6-b8f5d8dff8c7/hive_2024-04-24_05-15-49_278_2419665802327640867-1
2024-04-24T05:15:50,847  INFO [main] cleanup.SyncCleanupService: Deleted directory: file:/home/alex/Repositories/hive/ql/target/tmp/localscratchdir/b6af5111-30d9-4d09-81a6-b8f5d8dff8c7/hive_2024-04-24_05-15-49_278_2419665802327640867-1 on fs with scheme file
2024-04-24T05:15:50,847  INFO [main] ql.Driver: Compiling command(queryId=alex_20240424051550_b1bc1f61-0df3-4c57-9b31-91f154908fd3): select a,b from acidTbl order by a,b
2024-04-24T05:15:50,849  INFO [main] txn.TxnHandler: Added entries to MIN_HISTORY_LEVEL for current txns: ([14]) with min_open_txn: 14
2024-04-24T05:15:50,849  INFO [main] lockmgr.DbTxnManager: Opened txnid:14
2024-04-24T05:15:50,850  INFO [main] parse.CalcitePlanner: Starting caching scope for: 
2024-04-24T05:15:50,850  INFO [main] parse.CalcitePlanner: Starting Semantic Analysis
2024-04-24T05:15:50,852  INFO [main] parse.CalcitePlanner: Completed phase 1 of Semantic Analysis
2024-04-24T05:15:50,852  INFO [main] parse.CalcitePlanner: Get metadata for source tables
2024-04-24T05:15:50,853  INFO [main] HiveMetaStore.audit: ugi=alex	ip=unknown-ip-addr	cmd=get_table : tbl=hive.default.acidtbl	
2024-04-24T05:15:50,859  INFO [main] metastore.HMSHandler: Skipping translation for processor with null
2024-04-24T05:15:50,859  INFO [main] parse.CalcitePlanner: Get metadata for subqueries
2024-04-24T05:15:50,859  INFO [main] parse.CalcitePlanner: Get metadata for destination tables
2024-04-24T05:15:50,859  INFO [main] parse.CalcitePlanner: Completed getting MetaData in Semantic Analysis
2024-04-24T05:15:50,871  INFO [main] HiveMetaStore.audit: ugi=alex	ip=unknown-ip-addr	cmd=get_all_table_constraints : tbl=hive.default.acidtbl	
2024-04-24T05:15:50,892  INFO [main] calcite.RelOptHiveTable: Calculating column statistics for default.acidtbl, projIndxSet: [0, 1], allowMissingStats: true
2024-04-24T05:15:50,892  INFO [main] HiveMetaStore.audit: ugi=alex	ip=unknown-ip-addr	cmd=get_table : tbl=hive.default.acidtbl	
2024-04-24T05:15:50,900  INFO [main] metastore.HMSHandler: Skipping translation for processor with null
2024-04-24T05:15:50,901  INFO [main] HiveMetaStore.audit: ugi=alex	ip=unknown-ip-addr	cmd=get_table : tbl=hive.default.acidtbl	
2024-04-24T05:15:50,909  INFO [main] metastore.HMSHandler: Skipping translation for processor with null
2024-04-24T05:15:50,909  INFO [main] HiveMetaStore.audit: ugi=alex	ip=unknown-ip-addr	cmd=get_table_statistics_req: table=hive.default.acidtbl	
2024-04-24T05:15:50,920  WARN [main] calcite.RelOptHiveTable: No Stats for default@acidtbl, Columns: a, b
No Stats for default@acidtbl, Columns: a, b
2024-04-24T05:15:50,920  INFO [main] SessionState: No Stats for default@acidtbl, Columns: a, b
2024-04-24T05:15:50,962  INFO [main] parse.CalcitePlanner: Get metadata for source tables
2024-04-24T05:15:50,962  INFO [main] parse.CalcitePlanner: Get metadata for subqueries
2024-04-24T05:15:50,962  INFO [main] parse.CalcitePlanner: Get metadata for destination tables
2024-04-24T05:15:50,963  INFO [main] common.FileUtils: Creating directory if it doesn't exist: file:/home/alex/Repositories/hive/ql/target/tmp/localscratchdir/b6af5111-30d9-4d09-81a6-b8f5d8dff8c7/hive_2024-04-24_05-15-50_847_4937193064120406456-1/-mr-10001/.hive-staging_hive_2024-04-24_05-15-50_847_4937193064120406456-1
2024-04-24T05:15:50,971  INFO [main] parse.CalcitePlanner: CBO Succeeded; optimized logical plan.
2024-04-24T05:15:50,973  INFO [main] optimizer.ColumnPrunerProcFactory: RS 2 oldColExprMap: {KEY.reducesinkkey1=Column[_col1], KEY.reducesinkkey0=Column[_col0]}
2024-04-24T05:15:50,973  INFO [main] optimizer.ColumnPrunerProcFactory: RS 2 newColExprMap: {KEY.reducesinkkey1=Column[_col1], KEY.reducesinkkey0=Column[_col0]}
2024-04-24T05:15:50,974  INFO [main] optimizer.SortedDynPartitionOptimizer: Sorted dynamic partitioning optimization kicked in..
2024-04-24T05:15:50,983  INFO [main] physical.Vectorizer: Examining input format to see if vectorization is enabled.
2024-04-24T05:15:50,983  INFO [main] physical.Vectorizer: Vectorization is enabled for input format(s) [org.apache.hadoop.hive.ql.io.orc.OrcInputFormat]
2024-04-24T05:15:50,983  INFO [main] physical.Vectorizer: Validating and vectorizing MapWork... (vectorizedVertexNum 0)
2024-04-24T05:15:50,984  INFO [main] physical.Vectorizer: Map vectorization enabled: true
2024-04-24T05:15:50,984  INFO [main] physical.Vectorizer: Map vectorized: true
2024-04-24T05:15:50,984  INFO [main] physical.Vectorizer: Map vectorizedVertexNum: 0
2024-04-24T05:15:50,984  INFO [main] physical.Vectorizer: Map enabledConditionsMet: [hive.vectorized.use.vectorized.input.format IS true]
2024-04-24T05:15:50,984  INFO [main] physical.Vectorizer: Map inputFileFormatClassNameSet: [org.apache.hadoop.hive.ql.io.orc.OrcInputFormat]
2024-04-24T05:15:50,984  INFO [main] physical.Vectorizer: Reduce vectorization enabled: false
2024-04-24T05:15:50,984  INFO [main] physical.Vectorizer: Reduce vectorized: false
2024-04-24T05:15:50,984  INFO [main] physical.Vectorizer: Reduce vectorizedVertexNum: 1
2024-04-24T05:15:50,984  INFO [main] physical.Vectorizer: Reducer hive.vectorized.execution.reduce.enabled: true
2024-04-24T05:15:50,984  INFO [main] physical.Vectorizer: Reducer engine: mr
2024-04-24T05:15:50,985  INFO [main] parse.CalcitePlanner: Completed plan generation
2024-04-24T05:15:50,985  INFO [main] parse.CalcitePlanner: Ending caching scope for: 
2024-04-24T05:15:50,985  INFO [main] ql.Driver: Semantic Analysis Completed (retrial = false)
2024-04-24T05:15:50,985  INFO [main] ql.Driver: Created Hive schema: Schema(fieldSchemas:[FieldSchema(name:a, type:int, comment:null), FieldSchema(name:b, type:int, comment:null)], properties:null)
2024-04-24T05:15:50,986  INFO [main] exec.ListSinkOperator: Initializing Operator: LIST_SINK[7]
2024-04-24T05:15:50,986  INFO [main] metadata.Hive: Dumping metastore api call timing information for : compilation phase
2024-04-24T05:15:50,986  INFO [main] metadata.Hive: Total time spent in each metastore function (ms): {isCompatibleWith_(Configuration)=2, getTable_(GetTableRequest)=6, getValidWriteIds_(List, String)=4, getTableColumnStatistics_(String, String, List, String)=27, getAllTableConstraints_(AllTableConstraintsRequest)=4, flushCache_()=0, getValidTxns_(long)=0, commitTxn_(CommitTxnRequest)=11, openTxn_(String, TxnType)=2}
2024-04-24T05:15:50,986  INFO [main] ql.Driver: Completed compiling command(queryId=alex_20240424051550_b1bc1f61-0df3-4c57-9b31-91f154908fd3); Time taken: 0.139 seconds
2024-04-24T05:15:50,986  INFO [main] lockmgr.DbTxnManager: Setting lock request transaction to txnid:14 for queryId=alex_20240424051550_b1bc1f61-0df3-4c57-9b31-91f154908fd3
2024-04-24T05:15:50,987  INFO [main] lockmgr.DbLockManager: Requesting lock for queryId=alex_20240424051550_b1bc1f61-0df3-4c57-9b31-91f154908fd3
2024-04-24T05:15:51,002  INFO [main] lockmgr.DbLockManager: Response to queryId=alex_20240424051550_b1bc1f61-0df3-4c57-9b31-91f154908fd3 LockResponse(lockid:8, state:ACQUIRED)
2024-04-24T05:15:51,002  INFO [main] ql.Driver: Operation QUERY obtained 1 locks
2024-04-24T05:15:51,002  INFO [main] ql.Driver: Executing command(queryId=alex_20240424051550_b1bc1f61-0df3-4c57-9b31-91f154908fd3): select a,b from acidTbl order by a,b
2024-04-24T05:15:51,003  WARN [main] ql.Driver: Hive-on-MR is deprecated in Hive 2 and may not be available in the future versions. Consider using a different execution engine (i.e. spark, tez) or using Hive 1.X releases.
Query ID = alex_20240424051550_b1bc1f61-0df3-4c57-9b31-91f154908fd3
2024-04-24T05:15:51,003  INFO [main] ql.Driver: Query ID = alex_20240424051550_b1bc1f61-0df3-4c57-9b31-91f154908fd3
Total jobs = 1
2024-04-24T05:15:51,003  INFO [main] ql.Driver: Total jobs = 1
Launching Job 1 out of 1
2024-04-24T05:15:51,003  INFO [main] ql.Driver: Launching Job 1 out of 1
2024-04-24T05:15:51,145  INFO [main] ql.Driver: Starting task [Stage-1:MAPRED] in serial mode
Number of reduce tasks determined at compile time: 1
2024-04-24T05:15:51,145  INFO [main] exec.Task: Number of reduce tasks determined at compile time: 1
In order to change the average load for a reducer (in bytes):
2024-04-24T05:15:51,145  INFO [main] exec.Task: In order to change the average load for a reducer (in bytes):
  set hive.exec.reducers.bytes.per.reducer=<number>
2024-04-24T05:15:51,145  INFO [main] exec.Task:   set hive.exec.reducers.bytes.per.reducer=<number>
In order to limit the maximum number of reducers:
2024-04-24T05:15:51,145  INFO [main] exec.Task: In order to limit the maximum number of reducers:
  set hive.exec.reducers.max=<number>
2024-04-24T05:15:51,145  INFO [main] exec.Task:   set hive.exec.reducers.max=<number>
In order to set a constant number of reducers:
2024-04-24T05:15:51,145  INFO [main] exec.Task: In order to set a constant number of reducers:
  set mapreduce.job.reduces=<number>
2024-04-24T05:15:51,145  INFO [main] exec.Task:   set mapreduce.job.reduces=<number>
2024-04-24T05:15:51,148  INFO [main] mr.ExecDriver: Using org.apache.hadoop.hive.ql.io.HiveInputFormat
2024-04-24T05:15:51,148  INFO [main] exec.Utilities: Processing alias acidtbl
2024-04-24T05:15:51,148  INFO [main] exec.Utilities: Adding 1 inputs; the first input is file:/home/alex/Repositories/hive/ql/target/tmp/org.apache.hadoop.hive.ql.TestTxnCommands-1713960750541/warehouse/acidtbl
2024-04-24T05:15:51,157  INFO [main] exec.SerializationUtilities: Serializing MapWork using kryo
2024-04-24T05:15:51,158  INFO [main] exec.Utilities: Serialized plan (via FILE) - name: null size: 6,04KB
2024-04-24T05:15:51,163  INFO [main] exec.SerializationUtilities: Serializing ReduceWork using kryo
2024-04-24T05:15:51,164  INFO [main] exec.Utilities: Serialized plan (via FILE) - name: null size: 7,01KB
2024-04-24T05:15:51,164  WARN [main] impl.MetricsSystemImpl: JobTracker metrics system already initialized!
2024-04-24T05:15:51,170  WARN [main] impl.MetricsSystemImpl: JobTracker metrics system already initialized!
2024-04-24T05:15:51,177  WARN [main] mapreduce.JobResourceUploader: Hadoop command-line option parsing not performed. Implement the Tool interface and execute your application with ToolRunner to remedy this.
2024-04-24T05:15:51,181  WARN [main] mapreduce.JobResourceUploader: No job jar file set.  User classes may not be found. See Job or Job#setJar(String).
2024-04-24T05:15:51,182  INFO [main] io.HiveInputFormat: hive.io.file.readcolumn.ids = 0,1
2024-04-24T05:15:51,182  INFO [main] io.HiveInputFormat: hive.io.file.readcolumn.names = a,b
2024-04-24T05:15:51,182  INFO [main] io.HiveInputFormat: Generating splits for dirs: file:/home/alex/Repositories/hive/ql/target/tmp/org.apache.hadoop.hive.ql.TestTxnCommands-1713960750541/warehouse/acidtbl
2024-04-24T05:15:51,182  INFO [main] orc.OrcInputFormat: getSplits started
2024-04-24T05:15:51,182  INFO [main] orc.OrcInputFormat: Context:: isAcid: true isVectorMode: true sarg: null minSplitSize: 1 maxSplitSize: 256000000 splitStrategy: HYBRID footerInSplits: false numBuckets: 2 numThreads: 10 cacheMemSize: 268435456 cacheStripeDetails: true useSoftReference: false writeIdList: default.acidtbl:1:9223372036854775807:: isTransactionalTable: true txnProperties: default 
2024-04-24T05:15:51,182  INFO [main] orc.OrcInputFormat: ORC pushdown predicate: null
2024-04-24T05:15:51,193  INFO [main] orc.OrcInputFormat: FooterCacheHitRatio: 0/2
2024-04-24T05:15:51,193  INFO [main] orc.OrcInputFormat: getSplits finished (#splits: 2). duration: 11 ms
2024-04-24T05:15:51,193  INFO [main] io.HiveInputFormat: number of splits 2
2024-04-24T05:15:51,210  INFO [main] mapreduce.JobSubmitter: number of splits:2
2024-04-24T05:15:51,228  INFO [main] mapreduce.JobSubmitter: Submitting tokens for job: job_local1867322323_0078
2024-04-24T05:15:51,228  INFO [main] mapreduce.JobSubmitter: Executing with tokens: []
2024-04-24T05:15:51,285  INFO [main] mapreduce.Job: The url to track the job: http://localhost:8080/
Job running in-process (local Hadoop)
2024-04-24T05:15:51,285  INFO [main] exec.Task: Job running in-process (local Hadoop)
2024-04-24T05:15:51,286  INFO [Thread-6460] mapred.LocalJobRunner: OutputCommitter set in config org.apache.hadoop.hive.ql.io.HiveFileFormatUtils$NullOutputCommitter
2024-04-24T05:15:51,286  INFO [Thread-6460] mapred.LocalJobRunner: OutputCommitter is org.apache.hadoop.hive.ql.io.HiveFileFormatUtils$NullOutputCommitter
2024-04-24T05:15:51,287  INFO [Thread-6460] mapred.LocalJobRunner: Waiting for map tasks
2024-04-24T05:15:51,288  INFO [LocalJobRunner Map Task Executor #0] mapred.LocalJobRunner: Starting task: attempt_local1867322323_0078_m_000000_0
2024-04-24T05:15:51,288  INFO [LocalJobRunner Map Task Executor #0] mapred.Task:  Using ResourceCalculatorProcessTree : [ ]
2024-04-24T05:15:51,289  INFO [LocalJobRunner Map Task Executor #0] mapred.MapTask: Processing split: org.apache.hadoop.hive.ql.io.orc.OrcInputFormat:OrcSplit [file:/home/alex/Repositories/hive/ql/target/tmp/org.apache.hadoop.hive.ql.TestTxnCommands-1713960750541/warehouse/acidtbl/delta_0000001_0000001_0000/bucket_00001_0, start=0, length=673, isOriginal=false, fileLength=673, hasFooter=false, hasBase=true, deltas=0]
2024-04-24T05:15:51,289  INFO [LocalJobRunner Map Task Executor #0] exec.SerializationUtilities: Deserializing MapWork using kryo
2024-04-24T05:15:51,290  INFO [LocalJobRunner Map Task Executor #0] exec.Utilities: Deserialized plan (via FILE) - name: null size: 6,04KB
2024-04-24T05:15:51,290  INFO [LocalJobRunner Map Task Executor #0] orc.VectorizedOrcAcidRowBatchReader: Read ValidWriteIdList: default.acidtbl:1:9223372036854775807:::OrcSplit [file:/home/alex/Repositories/hive/ql/target/tmp/org.apache.hadoop.hive.ql.TestTxnCommands-1713960750541/warehouse/acidtbl/delta_0000001_0000001_0000/bucket_00001_0, start=0, length=673, isOriginal=false, fileLength=673, hasFooter=false, hasBase=true, deltas=0]
2024-04-24T05:15:51,291  INFO [LocalJobRunner Map Task Executor #0] orc.ReaderImpl: Reading ORC rows from file:/home/alex/Repositories/hive/ql/target/tmp/org.apache.hadoop.hive.ql.TestTxnCommands-1713960750541/warehouse/acidtbl/delta_0000001_0000001_0000/bucket_00001_0 with {include: [true, true, true], offset: 0, length: 673, schema: struct<a:int,b:int>, includeAcidColumns: false}
2024-04-24T05:15:51,291  INFO [LocalJobRunner Map Task Executor #0] mapred.MapTask: numReduceTasks: 1
2024-04-24T05:15:51,309  INFO [LocalJobRunner Map Task Executor #0] mapred.MapTask: (EQUATOR) 0 kvi 26214396(104857584)
2024-04-24T05:15:51,309  INFO [LocalJobRunner Map Task Executor #0] mapred.MapTask: mapreduce.task.io.sort.mb: 100
2024-04-24T05:15:51,309  INFO [LocalJobRunner Map Task Executor #0] mapred.MapTask: soft limit at 83886080
2024-04-24T05:15:51,309  INFO [LocalJobRunner Map Task Executor #0] mapred.MapTask: bufstart = 0; bufvoid = 104857600
2024-04-24T05:15:51,309  INFO [LocalJobRunner Map Task Executor #0] mapred.MapTask: kvstart = 26214396; length = 6553600
2024-04-24T05:15:51,309  INFO [LocalJobRunner Map Task Executor #0] mapred.MapTask: Map output collector class = org.apache.hadoop.mapred.MapTask$MapOutputBuffer
2024-04-24T05:15:51,309  INFO [LocalJobRunner Map Task Executor #0] vector.VectorMapOperator: Initializing Operator: MAP[0]
2024-04-24T05:15:51,309  INFO [LocalJobRunner Map Task Executor #0] mr.ExecMapper: 
<MAP>Id =0
  <Children>null
  <\Children>
  <Parent><\Parent>
<\MAP>
2024-04-24T05:15:51,310  INFO [LocalJobRunner Map Task Executor #0] exec.TableScanOperator: Initializing Operator: TS[0]
2024-04-24T05:15:51,310  INFO [LocalJobRunner Map Task Executor #0] vector.VectorSelectOperator: Initializing Operator: SEL[5]
2024-04-24T05:15:51,310  INFO [LocalJobRunner Map Task Executor #0] vector.VectorReduceSinkOperator: Initializing Operator: RS[6]
2024-04-24T05:15:51,310  INFO [LocalJobRunner Map Task Executor #0] vector.VectorReduceSinkOperator: Using tag = -1
2024-04-24T05:15:51,311  INFO [LocalJobRunner Map Task Executor #0] vector.VectorReduceSinkOperator: keys are [reducesinkkey0, reducesinkkey1] num distributions: 2
2024-04-24T05:15:51,311  INFO [LocalJobRunner Map Task Executor #0] vector.VectorReduceSinkOperator: RS[6]: records written - 1
2024-04-24T05:15:51,311  INFO [LocalJobRunner Map Task Executor #0] vector.VectorMapOperator: Closing Operator: MAP[0]
2024-04-24T05:15:51,311  INFO [LocalJobRunner Map Task Executor #0] vector.VectorMapOperator: RECORDS_OUT_OPERATOR_MAP_0:0, RECORDS_IN:1, RECORDS_OUT_INTERMEDIATE:0, DESERIALIZE_ERRORS:0, 
2024-04-24T05:15:51,311  INFO [LocalJobRunner Map Task Executor #0] exec.TableScanOperator: Closing Operator: TS[0]
2024-04-24T05:15:51,311  INFO [LocalJobRunner Map Task Executor #0] exec.TableScanOperator: RECORDS_OUT_OPERATOR_TS_0:1, RECORDS_OUT_INTERMEDIATE:0, 
2024-04-24T05:15:51,311  INFO [LocalJobRunner Map Task Executor #0] vector.VectorSelectOperator: Closing Operator: SEL[5]
2024-04-24T05:15:51,311  INFO [LocalJobRunner Map Task Executor #0] vector.VectorSelectOperator: RECORDS_OUT_INTERMEDIATE:0, RECORDS_OUT_OPERATOR_SEL_5:1, 
2024-04-24T05:15:51,311  INFO [LocalJobRunner Map Task Executor #0] vector.VectorReduceSinkOperator: Closing Operator: RS[6]
2024-04-24T05:15:51,311  INFO [LocalJobRunner Map Task Executor #0] vector.VectorReduceSinkOperator: RS[6]: Total records written - 1. abort - false
2024-04-24T05:15:51,311  INFO [LocalJobRunner Map Task Executor #0] vector.VectorReduceSinkOperator: RECORDS_OUT_OPERATOR_RS_6:1, RECORDS_OUT_INTERMEDIATE:1, 
2024-04-24T05:15:51,312  INFO [LocalJobRunner Map Task Executor #0] mapred.LocalJobRunner: 
2024-04-24T05:15:51,312  INFO [LocalJobRunner Map Task Executor #0] mapred.MapTask: Starting flush of map output
2024-04-24T05:15:51,312  INFO [LocalJobRunner Map Task Executor #0] mapred.MapTask: Spilling map output
2024-04-24T05:15:51,312  INFO [LocalJobRunner Map Task Executor #0] mapred.MapTask: bufstart = 0; bufend = 19; bufvoid = 104857600
2024-04-24T05:15:51,312  INFO [LocalJobRunner Map Task Executor #0] mapred.MapTask: kvstart = 26214396(104857584); kvend = 26214396(104857584); length = 1/6553600
2024-04-24T05:15:51,322  INFO [LocalJobRunner Map Task Executor #0] mapred.MapTask: Finished spill 0
2024-04-24T05:15:51,325  INFO [LocalJobRunner Map Task Executor #0] mapred.Task: Task:attempt_local1867322323_0078_m_000000_0 is done. And is in the process of committing
2024-04-24T05:15:51,326  INFO [LocalJobRunner Map Task Executor #0] mapred.LocalJobRunner: OrcSplit [file:/home/alex/Repositories/hive/ql/target/tmp/org.apache.hadoop.hive.ql.TestTxnCommands-1713960750541/warehouse/acidtbl/delta_0000001_0000001_0000/bucket_00001_0, start=0, length=673, isOriginal=false, fileLength=673, hasFooter=false, hasBase=true, deltas=0]
2024-04-24T05:15:51,326  INFO [LocalJobRunner Map Task Executor #0] mapred.Task: Task 'attempt_local1867322323_0078_m_000000_0' done.
2024-04-24T05:15:51,326  INFO [LocalJobRunner Map Task Executor #0] mapred.Task: Final Counters for attempt_local1867322323_0078_m_000000_0: Counters: 29
	File System Counters
		FILE: Number of bytes read=1706759
		FILE: Number of bytes written=97807973
		FILE: Number of read operations=0
		FILE: Number of large read operations=0
		FILE: Number of write operations=0
		HDFS: Number of bytes read=0
		HDFS: Number of bytes written=0
		HDFS: Number of read operations=0
		HDFS: Number of large read operations=0
		HDFS: Number of write operations=0
	Map-Reduce Framework
		Map input records=1
		Map output records=1
		Map output bytes=19
		Map output materialized bytes=27
		Input split bytes=495
		Combine input records=0
		Spilled Records=1
		Failed Shuffles=0
		Merged Map outputs=0
		GC time elapsed (ms)=13
		Total committed heap usage (bytes)=1509425152
	HIVE
		DESERIALIZE_ERRORS=0
		RECORDS_IN=1
		RECORDS_OUT_INTERMEDIATE=1
		RECORDS_OUT_OPERATOR_MAP_0=0
		RECORDS_OUT_OPERATOR_RS_6=1
		RECORDS_OUT_OPERATOR_SEL_5=1
		RECORDS_OUT_OPERATOR_TS_0=1
	File Input Format Counters 
		Bytes Read=8869
2024-04-24T05:15:51,326  INFO [LocalJobRunner Map Task Executor #0] mapred.LocalJobRunner: Finishing task: attempt_local1867322323_0078_m_000000_0
2024-04-24T05:15:51,326  INFO [LocalJobRunner Map Task Executor #0] mapred.LocalJobRunner: Starting task: attempt_local1867322323_0078_m_000001_0
2024-04-24T05:15:51,326  INFO [LocalJobRunner Map Task Executor #0] mapred.Task:  Using ResourceCalculatorProcessTree : [ ]
2024-04-24T05:15:51,327  INFO [LocalJobRunner Map Task Executor #0] mapred.MapTask: Processing split: org.apache.hadoop.hive.ql.io.orc.OrcInputFormat:OrcSplit [file:/home/alex/Repositories/hive/ql/target/tmp/org.apache.hadoop.hive.ql.TestTxnCommands-1713960750541/warehouse/acidtbl/delta_0000001_0000001_0000/bucket_00000_0, start=0, length=671, isOriginal=false, fileLength=671, hasFooter=false, hasBase=true, deltas=0]
2024-04-24T05:15:51,327  INFO [LocalJobRunner Map Task Executor #0] exec.SerializationUtilities: Deserializing MapWork using kryo
2024-04-24T05:15:51,327  INFO [LocalJobRunner Map Task Executor #0] exec.Utilities: Deserialized plan (via FILE) - name: null size: 6,04KB
2024-04-24T05:15:51,328  INFO [LocalJobRunner Map Task Executor #0] orc.VectorizedOrcAcidRowBatchReader: Read ValidWriteIdList: default.acidtbl:1:9223372036854775807:::OrcSplit [file:/home/alex/Repositories/hive/ql/target/tmp/org.apache.hadoop.hive.ql.TestTxnCommands-1713960750541/warehouse/acidtbl/delta_0000001_0000001_0000/bucket_00000_0, start=0, length=671, isOriginal=false, fileLength=671, hasFooter=false, hasBase=true, deltas=0]
2024-04-24T05:15:51,328  INFO [LocalJobRunner Map Task Executor #0] orc.ReaderImpl: Reading ORC rows from file:/home/alex/Repositories/hive/ql/target/tmp/org.apache.hadoop.hive.ql.TestTxnCommands-1713960750541/warehouse/acidtbl/delta_0000001_0000001_0000/bucket_00000_0 with {include: [true, true, true], offset: 0, length: 671, schema: struct<a:int,b:int>, includeAcidColumns: false}
2024-04-24T05:15:51,329  INFO [LocalJobRunner Map Task Executor #0] mapred.MapTask: numReduceTasks: 1
2024-04-24T05:15:51,333  INFO [LocalJobRunner Map Task Executor #0] mapred.MapTask: (EQUATOR) 0 kvi 26214396(104857584)
2024-04-24T05:15:51,333  INFO [LocalJobRunner Map Task Executor #0] mapred.MapTask: mapreduce.task.io.sort.mb: 100
2024-04-24T05:15:51,333  INFO [LocalJobRunner Map Task Executor #0] mapred.MapTask: soft limit at 83886080
2024-04-24T05:15:51,333  INFO [LocalJobRunner Map Task Executor #0] mapred.MapTask: bufstart = 0; bufvoid = 104857600
2024-04-24T05:15:51,333  INFO [LocalJobRunner Map Task Executor #0] mapred.MapTask: kvstart = 26214396; length = 6553600
2024-04-24T05:15:51,334  INFO [LocalJobRunner Map Task Executor #0] mapred.MapTask: Map output collector class = org.apache.hadoop.mapred.MapTask$MapOutputBuffer
2024-04-24T05:15:51,334  INFO [LocalJobRunner Map Task Executor #0] vector.VectorMapOperator: Initializing Operator: MAP[0]
2024-04-24T05:15:51,334  INFO [LocalJobRunner Map Task Executor #0] mr.ExecMapper: 
<MAP>Id =0
  <Children>null
  <\Children>
  <Parent><\Parent>
<\MAP>
2024-04-24T05:15:51,335  INFO [LocalJobRunner Map Task Executor #0] exec.TableScanOperator: Initializing Operator: TS[0]
2024-04-24T05:15:51,335  INFO [LocalJobRunner Map Task Executor #0] vector.VectorSelectOperator: Initializing Operator: SEL[5]
2024-04-24T05:15:51,335  INFO [LocalJobRunner Map Task Executor #0] vector.VectorReduceSinkOperator: Initializing Operator: RS[6]
2024-04-24T05:15:51,335  INFO [LocalJobRunner Map Task Executor #0] vector.VectorReduceSinkOperator: Using tag = -1
2024-04-24T05:15:51,335  INFO [LocalJobRunner Map Task Executor #0] vector.VectorReduceSinkOperator: keys are [reducesinkkey0, reducesinkkey1] num distributions: 2
2024-04-24T05:15:51,335  INFO [LocalJobRunner Map Task Executor #0] vector.VectorReduceSinkOperator: RS[6]: records written - 1
2024-04-24T05:15:51,335  INFO [LocalJobRunner Map Task Executor #0] vector.VectorMapOperator: Closing Operator: MAP[0]
2024-04-24T05:15:51,336  INFO [LocalJobRunner Map Task Executor #0] vector.VectorMapOperator: RECORDS_OUT_OPERATOR_MAP_0:0, RECORDS_IN:1, DESERIALIZE_ERRORS:0, RECORDS_OUT_INTERMEDIATE:0, 
2024-04-24T05:15:51,336  INFO [LocalJobRunner Map Task Executor #0] exec.TableScanOperator: Closing Operator: TS[0]
2024-04-24T05:15:51,336  INFO [LocalJobRunner Map Task Executor #0] exec.TableScanOperator: RECORDS_OUT_OPERATOR_TS_0:1, RECORDS_OUT_INTERMEDIATE:0, 
2024-04-24T05:15:51,336  INFO [LocalJobRunner Map Task Executor #0] vector.VectorSelectOperator: Closing Operator: SEL[5]
2024-04-24T05:15:51,336  INFO [LocalJobRunner Map Task Executor #0] vector.VectorSelectOperator: RECORDS_OUT_INTERMEDIATE:0, RECORDS_OUT_OPERATOR_SEL_5:1, 
2024-04-24T05:15:51,336  INFO [LocalJobRunner Map Task Executor #0] vector.VectorReduceSinkOperator: Closing Operator: RS[6]
2024-04-24T05:15:51,336  INFO [LocalJobRunner Map Task Executor #0] vector.VectorReduceSinkOperator: RS[6]: Total records written - 1. abort - false
2024-04-24T05:15:51,336  INFO [LocalJobRunner Map Task Executor #0] vector.VectorReduceSinkOperator: RECORDS_OUT_OPERATOR_RS_6:1, RECORDS_OUT_INTERMEDIATE:1, 
2024-04-24T05:15:51,336  INFO [LocalJobRunner Map Task Executor #0] mapred.LocalJobRunner: 
2024-04-24T05:15:51,336  INFO [LocalJobRunner Map Task Executor #0] mapred.MapTask: Starting flush of map output
2024-04-24T05:15:51,336  INFO [LocalJobRunner Map Task Executor #0] mapred.MapTask: Spilling map output
2024-04-24T05:15:51,336  INFO [LocalJobRunner Map Task Executor #0] mapred.MapTask: bufstart = 0; bufend = 19; bufvoid = 104857600
2024-04-24T05:15:51,336  INFO [LocalJobRunner Map Task Executor #0] mapred.MapTask: kvstart = 26214396(104857584); kvend = 26214396(104857584); length = 1/6553600
2024-04-24T05:15:51,344  INFO [LocalJobRunner Map Task Executor #0] mapred.MapTask: Finished spill 0
2024-04-24T05:15:51,347  INFO [LocalJobRunner Map Task Executor #0] mapred.Task: Task:attempt_local1867322323_0078_m_000001_0 is done. And is in the process of committing
2024-04-24T05:15:51,348  INFO [LocalJobRunner Map Task Executor #0] mapred.LocalJobRunner: OrcSplit [file:/home/alex/Repositories/hive/ql/target/tmp/org.apache.hadoop.hive.ql.TestTxnCommands-1713960750541/warehouse/acidtbl/delta_0000001_0000001_0000/bucket_00000_0, start=0, length=671, isOriginal=false, fileLength=671, hasFooter=false, hasBase=true, deltas=0]
2024-04-24T05:15:51,348  INFO [LocalJobRunner Map Task Executor #0] mapred.Task: Task 'attempt_local1867322323_0078_m_000001_0' done.
2024-04-24T05:15:51,348  INFO [LocalJobRunner Map Task Executor #0] mapred.Task: Final Counters for attempt_local1867322323_0078_m_000001_0: Counters: 29
	File System Counters
		FILE: Number of bytes read=1716633
		FILE: Number of bytes written=97808032
		FILE: Number of read operations=0
		FILE: Number of large read operations=0
		FILE: Number of write operations=0
		HDFS: Number of bytes read=0
		HDFS: Number of bytes written=0
		HDFS: Number of read operations=0
		HDFS: Number of large read operations=0
		HDFS: Number of write operations=0
	Map-Reduce Framework
		Map input records=1
		Map output records=1
		Map output bytes=19
		Map output materialized bytes=27
		Input split bytes=495
		Combine input records=0
		Spilled Records=1
		Failed Shuffles=0
		Merged Map outputs=0
		GC time elapsed (ms)=0
		Total committed heap usage (bytes)=1509425152
	HIVE
		DESERIALIZE_ERRORS=0
		RECORDS_IN=1
		RECORDS_OUT_INTERMEDIATE=1
		RECORDS_OUT_OPERATOR_MAP_0=0
		RECORDS_OUT_OPERATOR_RS_6=1
		RECORDS_OUT_OPERATOR_SEL_5=1
		RECORDS_OUT_OPERATOR_TS_0=1
	File Input Format Counters 
		Bytes Read=8861
2024-04-24T05:15:51,348  INFO [LocalJobRunner Map Task Executor #0] mapred.LocalJobRunner: Finishing task: attempt_local1867322323_0078_m_000001_0
2024-04-24T05:15:51,348  INFO [Thread-6460] mapred.LocalJobRunner: map task executor complete.
2024-04-24T05:15:51,348  INFO [Thread-6460] mapred.LocalJobRunner: Waiting for reduce tasks
2024-04-24T05:15:51,349  INFO [pool-372-thread-1] mapred.LocalJobRunner: Starting task: attempt_local1867322323_0078_r_000000_0
2024-04-24T05:15:51,349  INFO [pool-372-thread-1] mapred.Task:  Using ResourceCalculatorProcessTree : [ ]
2024-04-24T05:15:51,349  INFO [pool-372-thread-1] mapred.ReduceTask: Using ShuffleConsumerPlugin: org.apache.hadoop.mapreduce.task.reduce.Shuffle@7b9c4de2
2024-04-24T05:15:51,349  WARN [pool-372-thread-1] impl.MetricsSystemImpl: JobTracker metrics system already initialized!
2024-04-24T05:15:51,350  INFO [pool-372-thread-1] reduce.MergeManagerImpl: MergerManager: memoryLimit=1336252800, maxSingleShuffleLimit=334063200, mergeThreshold=881926912, ioSortFactor=10, memToMemMergeOutputsThreshold=10
2024-04-24T05:15:51,350  INFO [EventFetcher for fetching Map Completion Events] reduce.EventFetcher: attempt_local1867322323_0078_r_000000_0 Thread started: EventFetcher for fetching Map Completion Events
2024-04-24T05:15:51,358  INFO [localfetcher#102] reduce.LocalFetcher: localfetcher#102 about to shuffle output of map attempt_local1867322323_0078_m_000000_0 decomp: 23 len: 27 to MEMORY
2024-04-24T05:15:51,358  INFO [localfetcher#102] reduce.InMemoryMapOutput: Read 23 bytes from map-output for attempt_local1867322323_0078_m_000000_0
2024-04-24T05:15:51,358  INFO [localfetcher#102] reduce.MergeManagerImpl: closeInMemoryFile -> map-output of size: 23, inMemoryMapOutputs.size() -> 1, commitMemory -> 0, usedMemory ->23
2024-04-24T05:15:51,362  INFO [localfetcher#102] reduce.LocalFetcher: localfetcher#102 about to shuffle output of map attempt_local1867322323_0078_m_000001_0 decomp: 23 len: 27 to MEMORY
2024-04-24T05:15:51,362  INFO [localfetcher#102] reduce.InMemoryMapOutput: Read 23 bytes from map-output for attempt_local1867322323_0078_m_000001_0
2024-04-24T05:15:51,362  INFO [localfetcher#102] reduce.MergeManagerImpl: closeInMemoryFile -> map-output of size: 23, inMemoryMapOutputs.size() -> 2, commitMemory -> 23, usedMemory ->46
2024-04-24T05:15:51,363  INFO [EventFetcher for fetching Map Completion Events] reduce.EventFetcher: EventFetcher is interrupted.. Returning
2024-04-24T05:15:51,364  INFO [pool-372-thread-1] mapred.LocalJobRunner: 2 / 2 copied.
2024-04-24T05:15:51,364  INFO [pool-372-thread-1] reduce.MergeManagerImpl: finalMerge called with 2 in-memory map-outputs and 0 on-disk map-outputs
2024-04-24T05:15:51,374  INFO [pool-372-thread-1] mapred.Merger: Merging 2 sorted segments
2024-04-24T05:15:51,375  INFO [pool-372-thread-1] mapred.Merger: Down to the last merge-pass, with 2 segments left of total size: 12 bytes
2024-04-24T05:15:51,381  INFO [pool-372-thread-1] reduce.MergeManagerImpl: Merged 2 segments, 46 bytes to disk to satisfy reduce memory limit
2024-04-24T05:15:51,381  INFO [pool-372-thread-1] reduce.MergeManagerImpl: Merging 1 files, 48 bytes from disk
2024-04-24T05:15:51,381  INFO [pool-372-thread-1] reduce.MergeManagerImpl: Merging 0 segments, 0 bytes from memory into reduce
2024-04-24T05:15:51,381  INFO [pool-372-thread-1] mapred.Merger: Merging 1 sorted segments
2024-04-24T05:15:51,381  INFO [pool-372-thread-1] mapred.Merger: Down to the last merge-pass, with 1 segments left of total size: 27 bytes
2024-04-24T05:15:51,382  INFO [pool-372-thread-1] mapred.LocalJobRunner: 2 / 2 copied.
2024-04-24T05:15:51,382  INFO [pool-372-thread-1] exec.SerializationUtilities: Deserializing ReduceWork using kryo
2024-04-24T05:15:51,383  INFO [pool-372-thread-1] exec.Utilities: Deserialized plan (via FILE) - name: null size: 7,01KB
2024-04-24T05:15:51,385  INFO [pool-372-thread-1] ExecReducer: 
<SEL>Id =3
  <Children>
    <FS>Id =4
      <Children>
      <\Children>
      <Parent>Id = 3 null<\Parent>
    <\FS>
  <\Children>
  <Parent><\Parent>
<\SEL>
2024-04-24T05:15:51,385  INFO [pool-372-thread-1] exec.SelectOperator: Initializing Operator: SEL[3]
2024-04-24T05:15:51,385  INFO [pool-372-thread-1] exec.SelectOperator: SELECT struct<key:struct<reducesinkkey0:int,reducesinkkey1:int>,value:struct<>>
2024-04-24T05:15:51,385  INFO [pool-372-thread-1] exec.FileSinkOperator: Initializing Operator: FS[4]
2024-04-24T05:15:51,386  INFO [pool-372-thread-1] exec.FileSinkOperator: Using serializer : class org.apache.hadoop.hive.serde2.lazy.LazySimpleSerDe [serdeParams=org.apache.hadoop.hive.serde2.lazy.LazySerDeParameters@197f7eb3, cachedObjectInspector=org.apache.hadoop.hive.serde2.lazy.objectinspector.LazySimpleStructObjectInspector<org.apache.hadoop.hive.serde2.lazy.objectinspector.primitive.LazyIntObjectInspector@20e4e27f,org.apache.hadoop.hive.serde2.lazy.objectinspector.primitive.LazyIntObjectInspector@20e4e27f>, serializedSize=0, stats=org.apache.hadoop.hive.serde2.SerDeStats@5c3a166a, lastOperationSerialize=false, lastOperationDeserialize=false [1, 2, 3, 4, 5, 6, 7, 8, 11, 14, 15, 16, 17, 18, 19, 20, 21, 22, 23, 24, 25, 26, 28, 29, 30, 31, -128, -127, -126, -125, -124, -123, -122, -121, -120, -119, -118, -117, -116, -115, -114, -113, -112, -111, -110, -109, -108, -107, -106, -105, -104, -103, -102, -101, -100, -99, -98, -97, -96, -95, -94, -93, -92, -91, -90, -89, -88, -87, -86, -85, -84, -83, -82, -81, -80, -79, -78, -77, -76, -75, -74, -73, -72, -71, -70, -69, -68, -67, -66, -65, -64, -63, -62, -61, -60, -59, -58, -57, -56, -55, -54, -53, -52, -51, -50, -49, -48, -47, -46, -45, -44, -43, -42, -41, -40, -39, -38, -37, -36, -35, -34, -33, -32, -31, -30, -29, -28, -27, -26, -25, -24, -23, -22, -21, -20, -19, -18, -17, -16, -15, -14, -13, -12, -11, -10, -9, -8, -7, -6, -5, -4, -3, -2, -1] : [_col0, _col1] : [int, int]] and formatter : org.apache.hadoop.hive.ql.io.HiveSequenceFileOutputFormat@4e1c8cd2
2024-04-24T05:15:51,387  INFO [pool-372-thread-1] exec.FileSinkOperator: Final Path: FS file:/home/alex/Repositories/hive/ql/target/tmp/localscratchdir/b6af5111-30d9-4d09-81a6-b8f5d8dff8c7/hive_2024-04-24_05-15-50_847_4937193064120406456-1/-mr-10001/.hive-staging_hive_2024-04-24_05-15-50_847_4937193064120406456-1/_tmp.-ext-10002/000000_0
2024-04-24T05:15:51,387  INFO [pool-372-thread-1] exec.FileSinkOperator: Writing to temp file: FS file:/home/alex/Repositories/hive/ql/target/tmp/localscratchdir/b6af5111-30d9-4d09-81a6-b8f5d8dff8c7/hive_2024-04-24_05-15-50_847_4937193064120406456-1/-mr-10001/.hive-staging_hive_2024-04-24_05-15-50_847_4937193064120406456-1/_task_tmp.-ext-10002/_tmp.000000_0
2024-04-24T05:15:51,387  INFO [pool-372-thread-1] exec.FileSinkOperator: New Final Path: FS file:/home/alex/Repositories/hive/ql/target/tmp/localscratchdir/b6af5111-30d9-4d09-81a6-b8f5d8dff8c7/hive_2024-04-24_05-15-50_847_4937193064120406456-1/-mr-10001/.hive-staging_hive_2024-04-24_05-15-50_847_4937193064120406456-1/_tmp.-ext-10002/000000_0
2024-04-24T05:15:51,404  INFO [pool-372-thread-1] exec.FileSinkOperator: FS[4]: records written - 1
2024-04-24T05:15:51,404  INFO [pool-372-thread-1] exec.SelectOperator: Closing Operator: SEL[3]
2024-04-24T05:15:51,405  INFO [pool-372-thread-1] exec.SelectOperator: RECORDS_OUT_OPERATOR_SEL_3:2, RECORDS_OUT_INTERMEDIATE:0, 
2024-04-24T05:15:51,405  INFO [pool-372-thread-1] exec.FileSinkOperator: Closing Operator: FS[4]
2024-04-24T05:15:51,405  INFO [pool-372-thread-1] exec.FileSinkOperator: FS[4]: records written - 2
2024-04-24T05:15:51,406  INFO [pool-372-thread-1] exec.FileSinkOperator: RECORDS_OUT_0:2, RECORDS_OUT_OPERATOR_FS_4:2, RECORDS_OUT_INTERMEDIATE:0, 
2024-04-24T05:15:51,406  INFO [pool-372-thread-1] mapred.Task: Task:attempt_local1867322323_0078_r_000000_0 is done. And is in the process of committing
2024-04-24T05:15:51,407  INFO [pool-372-thread-1] mapred.LocalJobRunner: reduce > reduce
2024-04-24T05:15:51,407  INFO [pool-372-thread-1] mapred.Task: Task 'attempt_local1867322323_0078_r_000000_0' done.
2024-04-24T05:15:51,407  INFO [pool-372-thread-1] mapred.Task: Final Counters for attempt_local1867322323_0078_r_000000_0: Counters: 34
	File System Counters
		FILE: Number of bytes read=1723877
		FILE: Number of bytes written=97808211
		FILE: Number of read operations=0
		FILE: Number of large read operations=0
		FILE: Number of write operations=0
		HDFS: Number of bytes read=0
		HDFS: Number of bytes written=0
		HDFS: Number of read operations=0
		HDFS: Number of large read operations=0
		HDFS: Number of write operations=0
	Map-Reduce Framework
		Combine input records=0
		Combine output records=0
		Reduce input groups=2
		Reduce shuffle bytes=54
		Reduce input records=2
		Reduce output records=0
		Spilled Records=2
		Shuffled Maps =2
		Failed Shuffles=0
		Merged Map outputs=2
		GC time elapsed (ms)=0
		Total committed heap usage (bytes)=1509425152
	HIVE
		CREATED_FILES=1
		RECORDS_OUT_0=2
		RECORDS_OUT_INTERMEDIATE=0
		RECORDS_OUT_OPERATOR_FS_4=2
		RECORDS_OUT_OPERATOR_SEL_3=2
	Shuffle Errors
		BAD_ID=0
		CONNECTION=0
		IO_ERROR=0
		WRONG_LENGTH=0
		WRONG_MAP=0
		WRONG_REDUCE=0
	File Output Format Counters 
		Bytes Written=0
2024-04-24T05:15:51,408  INFO [pool-372-thread-1] mapred.LocalJobRunner: Finishing task: attempt_local1867322323_0078_r_000000_0
2024-04-24T05:15:51,408  INFO [Thread-6460] mapred.LocalJobRunner: reduce task executor complete.
2024-04-24T05:15:52,176  INFO [communication thread] mapred.LocalJobRunner: file:/home/alex/Repositories/hive/ql/target/tmp/localscratchdir/c1668d89-b9c1-4180-9b20-b21a51bfebc8/hive_2024-04-24_05-15-35_177_564479641029660752-1/-mr-10008/000000_0:0+125 > map
2024-04-24 05:15:52,288 Stage-1 map = 100%,  reduce = 100%
2024-04-24T05:15:52,288  INFO [main] exec.Task: 2024-04-24 05:15:52,288 Stage-1 map = 100%,  reduce = 100%
Ended Job = job_local1867322323_0078
2024-04-24T05:15:52,290  INFO [main] exec.Task: Ended Job = job_local1867322323_0078
2024-04-24T05:15:52,295  INFO [main] metadata.Hive: Dumping metastore api call timing information for : execution phase
2024-04-24T05:15:52,295  INFO [main] metadata.Hive: Total time spent in each metastore function (ms): {}
MapReduce Jobs Launched: 
2024-04-24T05:15:52,295  INFO [main] ql.Driver: MapReduce Jobs Launched: 
Stage-Stage-1:  HDFS Read: 0 HDFS Write: 0 SUCCESS
2024-04-24T05:15:52,296  INFO [main] ql.Driver: Stage-Stage-1:  HDFS Read: 0 HDFS Write: 0 SUCCESS
Total MapReduce CPU Time Spent: 0 msec
2024-04-24T05:15:52,296  INFO [main] ql.Driver: Total MapReduce CPU Time Spent: 0 msec
2024-04-24T05:15:52,296  INFO [main] ql.Driver: Completed executing command(queryId=alex_20240424051550_b1bc1f61-0df3-4c57-9b31-91f154908fd3); Time taken: 1.292 seconds
2024-04-24T05:15:52,296  INFO [main] lockmgr.DbTxnManager: Stopped heartbeat for query: alex_20240424051550_b1bc1f61-0df3-4c57-9b31-91f154908fd3
2024-04-24T05:15:52,309  INFO [main] txn.TxnHandler: Expected to move at least one record from txn_components to completed_txn_components when committing txn! txnid:14
2024-04-24T05:15:52,325  INFO [main] txn.TxnHandler: Removed transactions: ([14]) from MIN_HISTORY_LEVEL
2024-04-24T05:15:52,325  WARN [main] txn.CompactionTxnHandler: No compaction queue record found for Compaction type transaction commit. txnId:14
2024-04-24T05:15:52,331  INFO [main] mapred.FileInputFormat: Total input files to process : 1
2024-04-24T05:15:52,332  INFO [main] exec.ListSinkOperator: Closing Operator: LIST_SINK[7]
2024-04-24T05:15:52,332  INFO [main] exec.ListSinkOperator: RECORDS_OUT_OPERATOR_LIST_SINK_7:2, RECORDS_OUT_INTERMEDIATE:0, 
2024-04-24T05:15:52,332  INFO [main] ql.TxnCommandsBaseForTests: Running the query: START TRANSACTION
2024-04-24T05:15:52,332  INFO [main] ql.Context: Deleting scratch dir: file:/home/alex/Repositories/hive/ql/target/tmp/localscratchdir/b6af5111-30d9-4d09-81a6-b8f5d8dff8c7/hive_2024-04-24_05-15-50_847_4937193064120406456-1
2024-04-24T05:15:52,333  INFO [main] cleanup.SyncCleanupService: Deleted directory: file:/home/alex/Repositories/hive/ql/target/tmp/localscratchdir/b6af5111-30d9-4d09-81a6-b8f5d8dff8c7/hive_2024-04-24_05-15-50_847_4937193064120406456-1 on fs with scheme file
2024-04-24T05:15:52,334  INFO [main] ql.Driver: Compiling command(queryId=alex_20240424051552_b958795a-50a6-4144-b3f7-41fd7a79cd10): START TRANSACTION
2024-04-24T05:15:52,336  INFO [main] txn.TxnHandler: Added entries to MIN_HISTORY_LEVEL for current txns: ([15]) with min_open_txn: 15
2024-04-24T05:15:52,336  INFO [main] lockmgr.DbTxnManager: Opened txnid:15
2024-04-24T05:15:52,336  INFO [main] parse.CalcitePlanner: Starting caching scope for: 
2024-04-24T05:15:52,337  INFO [main] parse.CalcitePlanner: Starting Semantic Analysis
2024-04-24T05:15:52,337  INFO [main] parse.CalcitePlanner: Ending caching scope for: 
2024-04-24T05:15:52,337  INFO [main] ql.Driver: Semantic Analysis Completed (retrial = false)
2024-04-24T05:15:52,337  INFO [main] ql.Driver: Created Hive schema: Schema(fieldSchemas:null, properties:null)
2024-04-24T05:15:52,337  INFO [main] metadata.Hive: Dumping metastore api call timing information for : compilation phase
2024-04-24T05:15:52,337  INFO [main] metadata.Hive: Total time spent in each metastore function (ms): {commitTxn_(CommitTxnRequest)=29, flushCache_()=0, isCompatibleWith_(Configuration)=0, getValidTxns_(long)=0, getValidWriteIds_(List, String)=0, openTxn_(String, TxnType)=2}
2024-04-24T05:15:52,337  INFO [main] ql.Driver: Completed compiling command(queryId=alex_20240424051552_b958795a-50a6-4144-b3f7-41fd7a79cd10); Time taken: 0.003 seconds
2024-04-24T05:15:52,337  INFO [main] lockmgr.DbTxnManager: Setting lock request transaction to txnid:15 for queryId=alex_20240424051552_b958795a-50a6-4144-b3f7-41fd7a79cd10
2024-04-24T05:15:52,337  INFO [main] ql.Driver: Operation START_TRANSACTION obtained 0 locks
2024-04-24T05:15:52,338  INFO [main] ql.Driver: Executing command(queryId=alex_20240424051552_b958795a-50a6-4144-b3f7-41fd7a79cd10): START TRANSACTION
2024-04-24T05:15:52,338  INFO [main] metadata.Hive: Dumping metastore api call timing information for : execution phase
2024-04-24T05:15:52,338  INFO [main] metadata.Hive: Total time spent in each metastore function (ms): {}
2024-04-24T05:15:52,338  INFO [main] ql.Driver: Completed executing command(queryId=alex_20240424051552_b958795a-50a6-4144-b3f7-41fd7a79cd10); Time taken: 0.001 seconds
2024-04-24T05:15:52,338  INFO [main] ql.TxnCommandsBaseForTests: Running the query: delete from acidTbl where b = 4
2024-04-24T05:15:52,338  INFO [main] ql.Driver: Compiling command(queryId=alex_20240424051552_56dbc6a6-c485-44d5-9198-90a30f4af629): delete from acidTbl where b = 4
2024-04-24T05:15:52,339  INFO [main] parse.UpdateDeleteSemanticAnalyzer: Starting caching scope for: 
2024-04-24T05:15:52,339  INFO [main] HiveMetaStore.audit: ugi=alex	ip=unknown-ip-addr	cmd=get_table : tbl=hive.default.acidTbl	
2024-04-24T05:15:52,345  INFO [main] metastore.HMSHandler: Skipping translation for processor with null
2024-04-24T05:15:52,345  INFO [main] parse.RewriteSemanticAnalyzer: Going to reparse <delete from acidTbl where b = 4> as 
<insert into table `default`.`acidTbl` select ROW__ID from `default`.`acidTbl` sort by ROW__ID >
2024-04-24T05:15:52,345  INFO [main] parse.UpdateDeleteSemanticAnalyzer: Starting Semantic Analysis
2024-04-24T05:15:52,348  INFO [main] parse.UpdateDeleteSemanticAnalyzer: Completed phase 1 of Semantic Analysis
2024-04-24T05:15:52,348  INFO [main] parse.UpdateDeleteSemanticAnalyzer: Get metadata for source tables
2024-04-24T05:15:52,349  INFO [main] HiveMetaStore.audit: ugi=alex	ip=unknown-ip-addr	cmd=get_table : tbl=hive.default.acidtbl	
2024-04-24T05:15:52,355  INFO [main] metastore.HMSHandler: Skipping translation for processor with null
2024-04-24T05:15:52,355  INFO [main] parse.UpdateDeleteSemanticAnalyzer: Get metadata for subqueries
2024-04-24T05:15:52,355  INFO [main] parse.UpdateDeleteSemanticAnalyzer: Get metadata for destination tables
2024-04-24T05:15:52,355  INFO [main] HiveMetaStore.audit: ugi=alex	ip=unknown-ip-addr	cmd=get_table : tbl=hive.default.acidTbl	
2024-04-24T05:15:52,362  INFO [main] metastore.HMSHandler: Skipping translation for processor with null
2024-04-24T05:15:52,362  INFO [main] parse.UpdateDeleteSemanticAnalyzer: Completed getting MetaData in Semantic Analysis
2024-04-24T05:15:52,362  INFO [main] parse.UpdateDeleteSemanticAnalyzer: Disabling LLAP IO encode as ETL query is detected
2024-04-24T05:15:52,375  INFO [main] HiveMetaStore.audit: ugi=alex	ip=unknown-ip-addr	cmd=get_all_table_constraints : tbl=hive.default.acidtbl	
2024-04-24T05:15:52,400  INFO [main] calcite.RelOptHiveTable: Calculating column statistics for default.acidtbl, projIndxSet: [1], allowMissingStats: true
2024-04-24T05:15:52,400  INFO [main] HiveMetaStore.audit: ugi=alex	ip=unknown-ip-addr	cmd=get_table : tbl=hive.default.acidtbl	
2024-04-24T05:15:52,411  INFO [main] metastore.HMSHandler: Skipping translation for processor with null
2024-04-24T05:15:52,411  INFO [main] HiveMetaStore.audit: ugi=alex	ip=unknown-ip-addr	cmd=get_table : tbl=hive.default.acidtbl	
2024-04-24T05:15:52,421  INFO [main] metastore.HMSHandler: Skipping translation for processor with null
2024-04-24T05:15:52,421  INFO [main] HiveMetaStore.audit: ugi=alex	ip=unknown-ip-addr	cmd=get_table_statistics_req: table=hive.default.acidtbl	
2024-04-24T05:15:52,432  WARN [main] calcite.RelOptHiveTable: No Stats for default@acidtbl, Columns: b
No Stats for default@acidtbl, Columns: b
2024-04-24T05:15:52,432  INFO [main] SessionState: No Stats for default@acidtbl, Columns: b
2024-04-24T05:15:52,490  INFO [main] parse.UpdateDeleteSemanticAnalyzer: Get metadata for source tables
2024-04-24T05:15:52,490  INFO [main] parse.UpdateDeleteSemanticAnalyzer: Get metadata for subqueries
2024-04-24T05:15:52,490  INFO [main] parse.UpdateDeleteSemanticAnalyzer: Get metadata for destination tables
2024-04-24T05:15:52,490  INFO [main] HiveMetaStore.audit: ugi=alex	ip=unknown-ip-addr	cmd=get_table : tbl=hive.default.acidTbl	
2024-04-24T05:15:52,497  INFO [main] metastore.HMSHandler: Skipping translation for processor with null
2024-04-24T05:15:52,499 ERROR [main] parse.UpdateDeleteSemanticAnalyzer: CBO failed, skipping CBO. 
org.apache.hadoop.hive.ql.exec.NoMatchingMethodException: No matching method for class org.apache.hadoop.hive.ql.udf.UDFToInteger with (struct<writeid:bigint,bucketid:int,rowid:bigint>). Possible choices: _FUNC_(bigint)  _FUNC_(boolean)  _FUNC_(decimal(38,18))  _FUNC_(double)  _FUNC_(float)  _FUNC_(smallint)  _FUNC_(string)  _FUNC_(struct<writeid:bigint,rowid:int,bucketid:bigint>)  _FUNC_(timestamp)  _FUNC_(tinyint)  _FUNC_(void)  
	at org.apache.hadoop.hive.ql.exec.MethodUtils.getMethodInternal(MethodUtils.java:130) ~[classes/:?]
	at org.apache.hadoop.hive.ql.exec.MethodUtils.getMethodInternal(MethodUtils.java:60) ~[classes/:?]
	at org.apache.hadoop.hive.ql.exec.DefaultUDFMethodResolver.getEvalMethod(DefaultUDFMethodResolver.java:59) ~[classes/:?]
	at org.apache.hadoop.hive.ql.udf.TimestampCastRestrictorResolver.getEvalMethod(TimestampCastRestrictorResolver.java:68) ~[classes/:?]
	at org.apache.hadoop.hive.ql.udf.generic.GenericUDFBridge.initialize(GenericUDFBridge.java:168) ~[classes/:?]
	at org.apache.hadoop.hive.ql.udf.generic.GenericUDF.initializeAndFoldConstants(GenericUDF.java:149) ~[classes/:?]
	at org.apache.hadoop.hive.ql.plan.ExprNodeGenericFuncDesc.newInstance(ExprNodeGenericFuncDesc.java:235) ~[classes/:?]
	at org.apache.hadoop.hive.ql.parse.type.ExprNodeDescExprFactory.createFuncCallExpr(ExprNodeDescExprFactory.java:584) ~[classes/:?]
	at org.apache.hadoop.hive.ql.parse.type.ExprNodeDescExprFactory.createFuncCallExpr(ExprNodeDescExprFactory.java:97) ~[classes/:?]
	at org.apache.hadoop.hive.ql.parse.type.TypeCheckProcFactory$DefaultExprProcessor.getFuncExprNodeDescWithUdfData(TypeCheckProcFactory.java:762) ~[classes/:?]
	at org.apache.hadoop.hive.ql.parse.type.TypeCheckProcFactory$DefaultExprProcessor.createConversionCast(TypeCheckProcFactory.java:783) ~[classes/:?]
	at org.apache.hadoop.hive.ql.parse.SemanticAnalyzer.getPartitionColsFromBucketColsForUpdateDelete(SemanticAnalyzer.java:8725) ~[classes/:?]
	at org.apache.hadoop.hive.ql.parse.SemanticAnalyzer.genBucketingSortingDest(SemanticAnalyzer.java:6906) ~[classes/:?]
	at org.apache.hadoop.hive.ql.parse.SemanticAnalyzer.genFileSinkPlan(SemanticAnalyzer.java:7335) ~[classes/:?]
	at org.apache.hadoop.hive.ql.parse.SemanticAnalyzer.genPostGroupByBodyPlan(SemanticAnalyzer.java:11063) ~[classes/:?]
	at org.apache.hadoop.hive.ql.parse.SemanticAnalyzer.genBodyPlan(SemanticAnalyzer.java:10938) ~[classes/:?]
	at org.apache.hadoop.hive.ql.parse.SemanticAnalyzer.genPlan(SemanticAnalyzer.java:11853) ~[classes/:?]
	at org.apache.hadoop.hive.ql.parse.SemanticAnalyzer.genPlan(SemanticAnalyzer.java:11723) ~[classes/:?]
	at org.apache.hadoop.hive.ql.parse.CalcitePlanner.genOPTree(CalcitePlanner.java:626) ~[classes/:?]
	at org.apache.hadoop.hive.ql.parse.SemanticAnalyzer.analyzeInternal(SemanticAnalyzer.java:12558) ~[classes/:?]
	at org.apache.hadoop.hive.ql.parse.CalcitePlanner.analyzeInternal(CalcitePlanner.java:456) ~[classes/:?]
	at org.apache.hadoop.hive.ql.parse.RewriteSemanticAnalyzer.analyzeInternal(RewriteSemanticAnalyzer.java:67) ~[classes/:?]
	at org.apache.hadoop.hive.ql.parse.BaseSemanticAnalyzer.analyze(BaseSemanticAnalyzer.java:317) ~[classes/:?]
	at org.apache.hadoop.hive.ql.parse.UpdateDeleteSemanticAnalyzer.reparseAndSuperAnalyze(UpdateDeleteSemanticAnalyzer.java:208) ~[classes/:?]
	at org.apache.hadoop.hive.ql.parse.UpdateDeleteSemanticAnalyzer.analyzeDelete(UpdateDeleteSemanticAnalyzer.java:68) ~[classes/:?]
	at org.apache.hadoop.hive.ql.parse.UpdateDeleteSemanticAnalyzer.analyze(UpdateDeleteSemanticAnalyzer.java:50) ~[classes/:?]
	at org.apache.hadoop.hive.ql.parse.RewriteSemanticAnalyzer.analyzeInternal(RewriteSemanticAnalyzer.java:72) ~[classes/:?]
	at org.apache.hadoop.hive.ql.parse.BaseSemanticAnalyzer.analyze(BaseSemanticAnalyzer.java:317) ~[classes/:?]
	at org.apache.hadoop.hive.ql.Compiler.analyze(Compiler.java:223) ~[classes/:?]
	at org.apache.hadoop.hive.ql.Compiler.compile(Compiler.java:105) ~[classes/:?]
	at org.apache.hadoop.hive.ql.Driver.compile(Driver.java:500) ~[classes/:?]
	at org.apache.hadoop.hive.ql.Driver.compileInternal(Driver.java:453) ~[classes/:?]
	at org.apache.hadoop.hive.ql.Driver.runInternal(Driver.java:181) ~[classes/:?]
	at org.apache.hadoop.hive.ql.Driver.run(Driver.java:153) ~[classes/:?]
	at org.apache.hadoop.hive.ql.Driver.run(Driver.java:140) ~[classes/:?]
	at org.apache.hadoop.hive.ql.TxnCommandsBaseForTests.runStatementOnDriver(TxnCommandsBaseForTests.java:245) ~[test-classes/:?]
	at org.apache.hadoop.hive.ql.TestTxnCommands.testDelete(TestTxnCommands.java:840) ~[test-classes/:?]
	at sun.reflect.NativeMethodAccessorImpl.invoke0(Native Method) ~[?:1.8.0_402]
	at sun.reflect.NativeMethodAccessorImpl.invoke(NativeMethodAccessorImpl.java:62) ~[?:1.8.0_402]
	at sun.reflect.DelegatingMethodAccessorImpl.invoke(DelegatingMethodAccessorImpl.java:43) ~[?:1.8.0_402]
	at java.lang.reflect.Method.invoke(Method.java:498) ~[?:1.8.0_402]
	at org.junit.runners.model.FrameworkMethod$1.runReflectiveCall(FrameworkMethod.java:59) ~[junit-4.13.jar:4.13]
	at org.junit.internal.runners.model.ReflectiveCallable.run(ReflectiveCallable.java:12) ~[junit-4.13.jar:4.13]
	at org.junit.runners.model.FrameworkMethod.invokeExplosively(FrameworkMethod.java:56) ~[junit-4.13.jar:4.13]
	at org.junit.internal.runners.statements.InvokeMethod.evaluate(InvokeMethod.java:17) ~[junit-4.13.jar:4.13]
	at org.junit.internal.runners.statements.RunBefores.evaluate(RunBefores.java:26) ~[junit-4.13.jar:4.13]
	at org.junit.internal.runners.statements.RunAfters.evaluate(RunAfters.java:27) ~[junit-4.13.jar:4.13]
	at org.junit.rules.TestWatcher$1.evaluate(TestWatcher.java:61) ~[junit-4.13.jar:4.13]
	at org.junit.runners.ParentRunner$3.evaluate(ParentRunner.java:306) ~[junit-4.13.jar:4.13]
	at org.junit.runners.BlockJUnit4ClassRunner$1.evaluate(BlockJUnit4ClassRunner.java:100) ~[junit-4.13.jar:4.13]
	at org.junit.runners.ParentRunner.runLeaf(ParentRunner.java:366) ~[junit-4.13.jar:4.13]
	at org.junit.runners.BlockJUnit4ClassRunner.runChild(BlockJUnit4ClassRunner.java:103) ~[junit-4.13.jar:4.13]
	at org.junit.runners.BlockJUnit4ClassRunner.runChild(BlockJUnit4ClassRunner.java:63) ~[junit-4.13.jar:4.13]
	at org.junit.runners.ParentRunner$4.run(ParentRunner.java:331) ~[junit-4.13.jar:4.13]
	at org.junit.runners.ParentRunner$1.schedule(ParentRunner.java:79) ~[junit-4.13.jar:4.13]
	at org.junit.runners.ParentRunner.runChildren(ParentRunner.java:329) ~[junit-4.13.jar:4.13]
	at org.junit.runners.ParentRunner.access$100(ParentRunner.java:66) ~[junit-4.13.jar:4.13]
	at org.junit.runners.ParentRunner$2.evaluate(ParentRunner.java:293) ~[junit-4.13.jar:4.13]
	at org.junit.runners.ParentRunner$3.evaluate(ParentRunner.java:306) ~[junit-4.13.jar:4.13]
	at org.junit.runners.ParentRunner.run(ParentRunner.java:413) ~[junit-4.13.jar:4.13]
	at org.junit.runner.JUnitCore.run(JUnitCore.java:137) ~[junit-4.13.jar:4.13]
	at org.junit.runner.JUnitCore.run(JUnitCore.java:115) ~[junit-4.13.jar:4.13]
	at org.junit.vintage.engine.execution.RunnerExecutor.execute(RunnerExecutor.java:43) ~[junit-vintage-engine-5.6.2.jar:5.6.2]
	at java.util.stream.ForEachOps$ForEachOp$OfRef.accept(ForEachOps.java:183) ~[?:1.8.0_402]
	at java.util.stream.ReferencePipeline$3$1.accept(ReferencePipeline.java:193) ~[?:1.8.0_402]
	at java.util.Iterator.forEachRemaining(Iterator.java:116) ~[?:1.8.0_402]
	at java.util.Spliterators$IteratorSpliterator.forEachRemaining(Spliterators.java:1801) ~[?:1.8.0_402]
	at java.util.stream.AbstractPipeline.copyInto(AbstractPipeline.java:482) ~[?:1.8.0_402]
	at java.util.stream.AbstractPipeline.wrapAndCopyInto(AbstractPipeline.java:472) ~[?:1.8.0_402]
	at java.util.stream.ForEachOps$ForEachOp.evaluateSequential(ForEachOps.java:150) ~[?:1.8.0_402]
	at java.util.stream.ForEachOps$ForEachOp$OfRef.evaluateSequential(ForEachOps.java:173) ~[?:1.8.0_402]
	at java.util.stream.AbstractPipeline.evaluate(AbstractPipeline.java:234) ~[?:1.8.0_402]
	at java.util.stream.ReferencePipeline.forEach(ReferencePipeline.java:485) ~[?:1.8.0_402]
	at org.junit.vintage.engine.VintageTestEngine.executeAllChildren(VintageTestEngine.java:82) ~[junit-vintage-engine-5.6.2.jar:5.6.2]
	at org.junit.vintage.engine.VintageTestEngine.execute(VintageTestEngine.java:73) ~[junit-vintage-engine-5.6.2.jar:5.6.2]
	at org.junit.platform.launcher.core.DefaultLauncher.execute(DefaultLauncher.java:248) ~[junit-platform-launcher-1.6.2.jar:1.6.2]
	at org.junit.platform.launcher.core.DefaultLauncher.lambda$execute$5(DefaultLauncher.java:211) ~[junit-platform-launcher-1.6.2.jar:1.6.2]
	at org.junit.platform.launcher.core.DefaultLauncher.withInterceptedStreams(DefaultLauncher.java:226) [junit-platform-launcher-1.6.2.jar:1.6.2]
	at org.junit.platform.launcher.core.DefaultLauncher.execute(DefaultLauncher.java:199) [junit-platform-launcher-1.6.2.jar:1.6.2]
	at org.junit.platform.launcher.core.DefaultLauncher.execute(DefaultLauncher.java:132) [junit-platform-launcher-1.6.2.jar:1.6.2]
	at org.apache.maven.surefire.junitplatform.JUnitPlatformProvider.invokeAllTests(JUnitPlatformProvider.java:154) [surefire-junit-platform-3.0.0-M4.jar:3.0.0-M4]
	at org.apache.maven.surefire.junitplatform.JUnitPlatformProvider.invoke(JUnitPlatformProvider.java:123) [surefire-junit-platform-3.0.0-M4.jar:3.0.0-M4]
	at org.apache.maven.surefire.booter.ForkedBooter.runSuitesInProcess(ForkedBooter.java:377) [surefire-booter-3.0.0-M4.jar:3.0.0-M4]
	at org.apache.maven.surefire.booter.ForkedBooter.execute(ForkedBooter.java:138) [surefire-booter-3.0.0-M4.jar:3.0.0-M4]
	at org.apache.maven.surefire.booter.ForkedBooter.run(ForkedBooter.java:465) [surefire-booter-3.0.0-M4.jar:3.0.0-M4]
	at org.apache.maven.surefire.booter.ForkedBooter.main(ForkedBooter.java:451) [surefire-booter-3.0.0-M4.jar:3.0.0-M4]
2024-04-24T05:15:52,500 ERROR [main] parse.UpdateDeleteSemanticAnalyzer: CBO failed due to missing column stats (see previous errors), skipping CBO
2024-04-24T05:15:52,500  INFO [main] parse.UpdateDeleteSemanticAnalyzer: Ending caching scope for: 
FAILED: NoMatchingMethodException No matching method for class org.apache.hadoop.hive.ql.udf.UDFToInteger with (struct<writeid:bigint,bucketid:int,rowid:bigint>). Possible choices: _FUNC_(bigint)  _FUNC_(boolean)  _FUNC_(decimal(38,18))  _FUNC_(double)  _FUNC_(float)  _FUNC_(smallint)  _FUNC_(string)  _FUNC_(struct<writeid:bigint,rowid:int,bucketid:bigint>)  _FUNC_(timestamp)  _FUNC_(tinyint)  _FUNC_(void)  
2024-04-24T05:15:52,501 ERROR [main] ql.Driver: FAILED: NoMatchingMethodException No matching method for class org.apache.hadoop.hive.ql.udf.UDFToInteger with (struct<writeid:bigint,bucketid:int,rowid:bigint>). Possible choices: _FUNC_(bigint)  _FUNC_(boolean)  _FUNC_(decimal(38,18))  _FUNC_(double)  _FUNC_(float)  _FUNC_(smallint)  _FUNC_(string)  _FUNC_(struct<writeid:bigint,rowid:int,bucketid:bigint>)  _FUNC_(timestamp)  _FUNC_(tinyint)  _FUNC_(void)  
org.apache.hadoop.hive.ql.exec.NoMatchingMethodException: No matching method for class org.apache.hadoop.hive.ql.udf.UDFToInteger with (struct<writeid:bigint,bucketid:int,rowid:bigint>). Possible choices: _FUNC_(bigint)  _FUNC_(boolean)  _FUNC_(decimal(38,18))  _FUNC_(double)  _FUNC_(float)  _FUNC_(smallint)  _FUNC_(string)  _FUNC_(struct<writeid:bigint,rowid:int,bucketid:bigint>)  _FUNC_(timestamp)  _FUNC_(tinyint)  _FUNC_(void)  
	at org.apache.hadoop.hive.ql.exec.MethodUtils.getMethodInternal(MethodUtils.java:130)
	at org.apache.hadoop.hive.ql.exec.MethodUtils.getMethodInternal(MethodUtils.java:60)
	at org.apache.hadoop.hive.ql.exec.DefaultUDFMethodResolver.getEvalMethod(DefaultUDFMethodResolver.java:59)
	at org.apache.hadoop.hive.ql.udf.TimestampCastRestrictorResolver.getEvalMethod(TimestampCastRestrictorResolver.java:68)
	at org.apache.hadoop.hive.ql.udf.generic.GenericUDFBridge.initialize(GenericUDFBridge.java:168)
	at org.apache.hadoop.hive.ql.udf.generic.GenericUDF.initializeAndFoldConstants(GenericUDF.java:149)
	at org.apache.hadoop.hive.ql.plan.ExprNodeGenericFuncDesc.newInstance(ExprNodeGenericFuncDesc.java:235)
	at org.apache.hadoop.hive.ql.parse.type.ExprNodeDescExprFactory.createFuncCallExpr(ExprNodeDescExprFactory.java:584)
	at org.apache.hadoop.hive.ql.parse.type.ExprNodeDescExprFactory.createFuncCallExpr(ExprNodeDescExprFactory.java:97)
	at org.apache.hadoop.hive.ql.parse.type.TypeCheckProcFactory$DefaultExprProcessor.getFuncExprNodeDescWithUdfData(TypeCheckProcFactory.java:762)
	at org.apache.hadoop.hive.ql.parse.type.TypeCheckProcFactory$DefaultExprProcessor.createConversionCast(TypeCheckProcFactory.java:783)
	at org.apache.hadoop.hive.ql.parse.SemanticAnalyzer.getPartitionColsFromBucketColsForUpdateDelete(SemanticAnalyzer.java:8725)
	at org.apache.hadoop.hive.ql.parse.SemanticAnalyzer.genBucketingSortingDest(SemanticAnalyzer.java:6906)
	at org.apache.hadoop.hive.ql.parse.SemanticAnalyzer.genFileSinkPlan(SemanticAnalyzer.java:7335)
	at org.apache.hadoop.hive.ql.parse.SemanticAnalyzer.genPostGroupByBodyPlan(SemanticAnalyzer.java:11063)
	at org.apache.hadoop.hive.ql.parse.SemanticAnalyzer.genBodyPlan(SemanticAnalyzer.java:10938)
	at org.apache.hadoop.hive.ql.parse.SemanticAnalyzer.genPlan(SemanticAnalyzer.java:11853)
	at org.apache.hadoop.hive.ql.parse.SemanticAnalyzer.genPlan(SemanticAnalyzer.java:11723)
	at org.apache.hadoop.hive.ql.parse.CalcitePlanner.genOPTree(CalcitePlanner.java:626)
	at org.apache.hadoop.hive.ql.parse.SemanticAnalyzer.analyzeInternal(SemanticAnalyzer.java:12558)
	at org.apache.hadoop.hive.ql.parse.CalcitePlanner.analyzeInternal(CalcitePlanner.java:456)
	at org.apache.hadoop.hive.ql.parse.RewriteSemanticAnalyzer.analyzeInternal(RewriteSemanticAnalyzer.java:67)
	at org.apache.hadoop.hive.ql.parse.BaseSemanticAnalyzer.analyze(BaseSemanticAnalyzer.java:317)
	at org.apache.hadoop.hive.ql.parse.UpdateDeleteSemanticAnalyzer.reparseAndSuperAnalyze(UpdateDeleteSemanticAnalyzer.java:208)
	at org.apache.hadoop.hive.ql.parse.UpdateDeleteSemanticAnalyzer.analyzeDelete(UpdateDeleteSemanticAnalyzer.java:68)
	at org.apache.hadoop.hive.ql.parse.UpdateDeleteSemanticAnalyzer.analyze(UpdateDeleteSemanticAnalyzer.java:50)
	at org.apache.hadoop.hive.ql.parse.RewriteSemanticAnalyzer.analyzeInternal(RewriteSemanticAnalyzer.java:72)
	at org.apache.hadoop.hive.ql.parse.BaseSemanticAnalyzer.analyze(BaseSemanticAnalyzer.java:317)
	at org.apache.hadoop.hive.ql.Compiler.analyze(Compiler.java:223)
	at org.apache.hadoop.hive.ql.Compiler.compile(Compiler.java:105)
	at org.apache.hadoop.hive.ql.Driver.compile(Driver.java:500)
	at org.apache.hadoop.hive.ql.Driver.compileInternal(Driver.java:453)
	at org.apache.hadoop.hive.ql.Driver.runInternal(Driver.java:181)
	at org.apache.hadoop.hive.ql.Driver.run(Driver.java:153)
	at org.apache.hadoop.hive.ql.Driver.run(Driver.java:140)
	at org.apache.hadoop.hive.ql.TxnCommandsBaseForTests.runStatementOnDriver(TxnCommandsBaseForTests.java:245)
	at org.apache.hadoop.hive.ql.TestTxnCommands.testDelete(TestTxnCommands.java:840)
	at sun.reflect.NativeMethodAccessorImpl.invoke0(Native Method)
	at sun.reflect.NativeMethodAccessorImpl.invoke(NativeMethodAccessorImpl.java:62)
	at sun.reflect.DelegatingMethodAccessorImpl.invoke(DelegatingMethodAccessorImpl.java:43)
	at java.lang.reflect.Method.invoke(Method.java:498)
	at org.junit.runners.model.FrameworkMethod$1.runReflectiveCall(FrameworkMethod.java:59)
	at org.junit.internal.runners.model.ReflectiveCallable.run(ReflectiveCallable.java:12)
	at org.junit.runners.model.FrameworkMethod.invokeExplosively(FrameworkMethod.java:56)
	at org.junit.internal.runners.statements.InvokeMethod.evaluate(InvokeMethod.java:17)
	at org.junit.internal.runners.statements.RunBefores.evaluate(RunBefores.java:26)
	at org.junit.internal.runners.statements.RunAfters.evaluate(RunAfters.java:27)
	at org.junit.rules.TestWatcher$1.evaluate(TestWatcher.java:61)
	at org.junit.runners.ParentRunner$3.evaluate(ParentRunner.java:306)
	at org.junit.runners.BlockJUnit4ClassRunner$1.evaluate(BlockJUnit4ClassRunner.java:100)
	at org.junit.runners.ParentRunner.runLeaf(ParentRunner.java:366)
	at org.junit.runners.BlockJUnit4ClassRunner.runChild(BlockJUnit4ClassRunner.java:103)
	at org.junit.runners.BlockJUnit4ClassRunner.runChild(BlockJUnit4ClassRunner.java:63)
	at org.junit.runners.ParentRunner$4.run(ParentRunner.java:331)
	at org.junit.runners.ParentRunner$1.schedule(ParentRunner.java:79)
	at org.junit.runners.ParentRunner.runChildren(ParentRunner.java:329)
	at org.junit.runners.ParentRunner.access$100(ParentRunner.java:66)
	at org.junit.runners.ParentRunner$2.evaluate(ParentRunner.java:293)
	at org.junit.runners.ParentRunner$3.evaluate(ParentRunner.java:306)
	at org.junit.runners.ParentRunner.run(ParentRunner.java:413)
	at org.junit.runner.JUnitCore.run(JUnitCore.java:137)
	at org.junit.runner.JUnitCore.run(JUnitCore.java:115)
	at org.junit.vintage.engine.execution.RunnerExecutor.execute(RunnerExecutor.java:43)
	at java.util.stream.ForEachOps$ForEachOp$OfRef.accept(ForEachOps.java:183)
	at java.util.stream.ReferencePipeline$3$1.accept(ReferencePipeline.java:193)
	at java.util.Iterator.forEachRemaining(Iterator.java:116)
	at java.util.Spliterators$IteratorSpliterator.forEachRemaining(Spliterators.java:1801)
	at java.util.stream.AbstractPipeline.copyInto(AbstractPipeline.java:482)
	at java.util.stream.AbstractPipeline.wrapAndCopyInto(AbstractPipeline.java:472)
	at java.util.stream.ForEachOps$ForEachOp.evaluateSequential(ForEachOps.java:150)
	at java.util.stream.ForEachOps$ForEachOp$OfRef.evaluateSequential(ForEachOps.java:173)
	at java.util.stream.AbstractPipeline.evaluate(AbstractPipeline.java:234)
	at java.util.stream.ReferencePipeline.forEach(ReferencePipeline.java:485)
	at org.junit.vintage.engine.VintageTestEngine.executeAllChildren(VintageTestEngine.java:82)
	at org.junit.vintage.engine.VintageTestEngine.execute(VintageTestEngine.java:73)
	at org.junit.platform.launcher.core.DefaultLauncher.execute(DefaultLauncher.java:248)
	at org.junit.platform.launcher.core.DefaultLauncher.lambda$execute$5(DefaultLauncher.java:211)
	at org.junit.platform.launcher.core.DefaultLauncher.withInterceptedStreams(DefaultLauncher.java:226)
	at org.junit.platform.launcher.core.DefaultLauncher.execute(DefaultLauncher.java:199)
	at org.junit.platform.launcher.core.DefaultLauncher.execute(DefaultLauncher.java:132)
	at org.apache.maven.surefire.junitplatform.JUnitPlatformProvider.invokeAllTests(JUnitPlatformProvider.java:154)
	at org.apache.maven.surefire.junitplatform.JUnitPlatformProvider.invoke(JUnitPlatformProvider.java:123)
	at org.apache.maven.surefire.booter.ForkedBooter.runSuitesInProcess(ForkedBooter.java:377)
	at org.apache.maven.surefire.booter.ForkedBooter.execute(ForkedBooter.java:138)
	at org.apache.maven.surefire.booter.ForkedBooter.run(ForkedBooter.java:465)
	at org.apache.maven.surefire.booter.ForkedBooter.main(ForkedBooter.java:451)

2024-04-24T05:15:52,501  INFO [main] metadata.Hive: Dumping metastore api call timing information for : compilation phase
2024-04-24T05:15:52,501  INFO [main] metadata.Hive: Total time spent in each metastore function (ms): {isCompatibleWith_(Configuration)=0, flushCache_()=1, getValidWriteIds_(List, String)=2, getTable_(GetTableRequest)=26, getTableColumnStatistics_(String, String, List, String)=32, getAllTableConstraints_(AllTableConstraintsRequest)=4}
2024-04-24T05:15:52,501  INFO [main] ql.Driver: Completed compiling command(queryId=alex_20240424051552_56dbc6a6-c485-44d5-9198-90a30f4af629); Time taken: 0.163 seconds
2024-04-24T05:15:52,501  INFO [main] lockmgr.DbTxnManager: Stopped heartbeat for query: alex_20240424051552_b958795a-50a6-4144-b3f7-41fd7a79cd10
2024-04-24T05:15:52,505  INFO [main] txn.TxnHandler: Removed transactions: ([15]) from MIN_HISTORY_LEVEL
2024-04-24T05:15:52,513  INFO [main] ql.TxnCommandsBaseForTests: Running the query: drop table if exists acidTbl
2024-04-24T05:15:52,513  INFO [main] ql.Driver: Compiling command(queryId=alex_20240424051552_6f2790d2-53ce-4426-b726-51015c6b446e): drop table if exists acidTbl
2024-04-24T05:15:52,516  INFO [main] txn.TxnHandler: Added entries to MIN_HISTORY_LEVEL for current txns: ([16]) with min_open_txn: 15
2024-04-24T05:15:52,516  INFO [main] lockmgr.DbTxnManager: Opened txnid:16
2024-04-24T05:15:52,517  INFO [main] HiveMetaStore.audit: ugi=alex	ip=unknown-ip-addr	cmd=get_table : tbl=hive.default.acidTbl	
2024-04-24T05:15:52,523  INFO [main] metastore.HMSHandler: Skipping translation for processor with null
2024-04-24T05:15:52,523  INFO [main] ql.Driver: Semantic Analysis Completed (retrial = false)
2024-04-24T05:15:52,523  INFO [main] ql.Driver: Created Hive schema: Schema(fieldSchemas:null, properties:null)
2024-04-24T05:15:52,523  INFO [main] metadata.Hive: Dumping metastore api call timing information for : compilation phase
2024-04-24T05:15:52,524  INFO [main] metadata.Hive: Total time spent in each metastore function (ms): {isCompatibleWith_(Configuration)=0, rollbackTxn_(long)=12, openTxn_(String, TxnType)=3, flushCache_()=0, getTable_(GetTableRequest)=6, getValidTxns_(long)=1}
2024-04-24T05:15:52,524  INFO [main] ql.Driver: Completed compiling command(queryId=alex_20240424051552_6f2790d2-53ce-4426-b726-51015c6b446e); Time taken: 0.01 seconds
2024-04-24T05:15:52,524  INFO [main] lockmgr.DbTxnManager: Setting lock request transaction to txnid:16 for queryId=alex_20240424051552_6f2790d2-53ce-4426-b726-51015c6b446e
2024-04-24T05:15:52,524  INFO [main] lockmgr.DbLockManager: Requesting lock for queryId=alex_20240424051552_6f2790d2-53ce-4426-b726-51015c6b446e
2024-04-24T05:15:52,539  INFO [main] lockmgr.DbLockManager: Response to queryId=alex_20240424051552_6f2790d2-53ce-4426-b726-51015c6b446e LockResponse(lockid:9, state:ACQUIRED)
2024-04-24T05:15:52,540  INFO [main] ql.Driver: Operation DROPTABLE obtained 1 locks
2024-04-24T05:15:52,540  INFO [main] ql.Driver: Executing command(queryId=alex_20240424051552_6f2790d2-53ce-4426-b726-51015c6b446e): drop table if exists acidTbl
2024-04-24T05:15:52,540  INFO [main] ql.Driver: Starting task [Stage-0:DDL] in serial mode
2024-04-24T05:15:52,540  INFO [main] HiveMetaStore.audit: ugi=alex	ip=unknown-ip-addr	cmd=get_table : tbl=hive.default.acidTbl	
2024-04-24T05:15:52,546  INFO [main] metastore.HMSHandler: Skipping translation for processor with null
2024-04-24T05:15:52,547  INFO [main] HiveMetaStore.audit: ugi=alex	ip=unknown-ip-addr	cmd=get_table : tbl=hive.default.acidTbl	
2024-04-24T05:15:52,553  INFO [main] metastore.HMSHandler: Skipping translation for processor with null
2024-04-24T05:15:52,553  INFO [main] HiveMetaStore.audit: ugi=alex	ip=unknown-ip-addr	cmd=drop_table : tbl=hive.default.acidTbl	
2024-04-24T05:15:52,648  INFO [main] metadata.Hive: Dumping metastore api call timing information for : execution phase
2024-04-24T05:15:52,648  INFO [main] metadata.Hive: Total time spent in each metastore function (ms): {dropTable_(String, String, boolean, boolean, boolean)=101, getTable_(GetTableRequest)=7, isCompatibleWith_(Configuration)=0}
2024-04-24T05:15:52,648  INFO [main] ql.Driver: Completed executing command(queryId=alex_20240424051552_6f2790d2-53ce-4426-b726-51015c6b446e); Time taken: 0.108 seconds
2024-04-24T05:15:52,648  INFO [main] lockmgr.DbTxnManager: Stopped heartbeat for query: alex_20240424051552_6f2790d2-53ce-4426-b726-51015c6b446e
2024-04-24T05:15:52,652  INFO [main] txn.TxnHandler: Expected to move at least one record from txn_components to completed_txn_components when committing txn! txnid:16
2024-04-24T05:15:52,658  INFO [main] txn.TxnHandler: Removed transactions: ([16]) from MIN_HISTORY_LEVEL
2024-04-24T05:15:52,660  WARN [main] txn.CompactionTxnHandler: No compaction queue record found for Compaction type transaction commit. txnId:16
2024-04-24T05:15:52,660  INFO [main] ql.TxnCommandsBaseForTests: Running the query: drop table if exists acidTblPart
2024-04-24T05:15:52,660  INFO [main] ql.Driver: Compiling command(queryId=alex_20240424051552_c9c30388-60a1-46c4-9395-95f8c4fbcb1e): drop table if exists acidTblPart
2024-04-24T05:15:52,669  INFO [main] txn.TxnHandler: Added entries to MIN_HISTORY_LEVEL for current txns: ([17]) with min_open_txn: 15
2024-04-24T05:15:52,669  INFO [main] lockmgr.DbTxnManager: Opened txnid:17
2024-04-24T05:15:52,671  INFO [main] HiveMetaStore.audit: ugi=alex	ip=unknown-ip-addr	cmd=get_table : tbl=hive.default.acidTblPart	
2024-04-24T05:15:52,687  INFO [main] metastore.HMSHandler: Skipping translation for processor with null
2024-04-24T05:15:52,687  INFO [main] ql.Driver: Semantic Analysis Completed (retrial = false)
2024-04-24T05:15:52,687  INFO [main] ql.Driver: Created Hive schema: Schema(fieldSchemas:null, properties:null)
2024-04-24T05:15:52,687  INFO [main] metadata.Hive: Dumping metastore api call timing information for : compilation phase
2024-04-24T05:15:52,687  INFO [main] metadata.Hive: Total time spent in each metastore function (ms): {commitTxn_(CommitTxnRequest)=12, openTxn_(String, TxnType)=8, getValidTxns_(long)=2, getTable_(GetTableRequest)=16, flushCache_()=0, isCompatibleWith_(Configuration)=1}
2024-04-24T05:15:52,688  INFO [main] ql.Driver: Completed compiling command(queryId=alex_20240424051552_c9c30388-60a1-46c4-9395-95f8c4fbcb1e); Time taken: 0.027 seconds
2024-04-24T05:15:52,688  INFO [main] lockmgr.DbTxnManager: Setting lock request transaction to txnid:17 for queryId=alex_20240424051552_c9c30388-60a1-46c4-9395-95f8c4fbcb1e
2024-04-24T05:15:52,688  INFO [main] lockmgr.DbLockManager: Requesting lock for queryId=alex_20240424051552_c9c30388-60a1-46c4-9395-95f8c4fbcb1e
2024-04-24T05:15:52,706  INFO [main] lockmgr.DbLockManager: Response to queryId=alex_20240424051552_c9c30388-60a1-46c4-9395-95f8c4fbcb1e LockResponse(lockid:10, state:ACQUIRED)
2024-04-24T05:15:52,706  INFO [main] ql.Driver: Operation DROPTABLE obtained 1 locks
2024-04-24T05:15:52,706  INFO [main] ql.Driver: Executing command(queryId=alex_20240424051552_c9c30388-60a1-46c4-9395-95f8c4fbcb1e): drop table if exists acidTblPart
2024-04-24T05:15:52,706  INFO [main] ql.Driver: Starting task [Stage-0:DDL] in serial mode
2024-04-24T05:15:52,706  INFO [main] HiveMetaStore.audit: ugi=alex	ip=unknown-ip-addr	cmd=get_table : tbl=hive.default.acidTblPart	
2024-04-24T05:15:52,713  INFO [main] metastore.HMSHandler: Skipping translation for processor with null
2024-04-24T05:15:52,713  INFO [main] HiveMetaStore.audit: ugi=alex	ip=unknown-ip-addr	cmd=get_table : tbl=hive.default.acidTblPart	
2024-04-24T05:15:52,719  INFO [main] metastore.HMSHandler: Skipping translation for processor with null
2024-04-24T05:15:52,720  INFO [main] HiveMetaStore.audit: ugi=alex	ip=unknown-ip-addr	cmd=drop_table : tbl=hive.default.acidTblPart	
2024-04-24T05:15:52,765  INFO [main] metadata.Hive: Dumping metastore api call timing information for : execution phase
2024-04-24T05:15:52,765  INFO [main] metadata.Hive: Total time spent in each metastore function (ms): {isCompatibleWith_(Configuration)=0, dropTable_(String, String, boolean, boolean, boolean)=51, getTable_(GetTableRequest)=7}
2024-04-24T05:15:52,765  INFO [main] ql.Driver: Completed executing command(queryId=alex_20240424051552_c9c30388-60a1-46c4-9395-95f8c4fbcb1e); Time taken: 0.058 seconds
2024-04-24T05:15:52,765  INFO [main] lockmgr.DbTxnManager: Stopped heartbeat for query: alex_20240424051552_c9c30388-60a1-46c4-9395-95f8c4fbcb1e
2024-04-24T05:15:52,769  INFO [main] txn.TxnHandler: Expected to move at least one record from txn_components to completed_txn_components when committing txn! txnid:17
2024-04-24T05:15:52,776  INFO [main] txn.TxnHandler: Removed transactions: ([17]) from MIN_HISTORY_LEVEL
2024-04-24T05:15:52,776  WARN [main] txn.CompactionTxnHandler: No compaction queue record found for Compaction type transaction commit. txnId:17
2024-04-24T05:15:52,776  INFO [main] ql.TxnCommandsBaseForTests: Running the query: drop table if exists acidTbl2
2024-04-24T05:15:52,777  INFO [main] ql.Driver: Compiling command(queryId=alex_20240424051552_1811a707-0cb6-4da5-8398-0933012f0540): drop table if exists acidTbl2
2024-04-24T05:15:52,779  INFO [main] txn.TxnHandler: Added entries to MIN_HISTORY_LEVEL for current txns: ([18]) with min_open_txn: 15
2024-04-24T05:15:52,779  INFO [main] lockmgr.DbTxnManager: Opened txnid:18
2024-04-24T05:15:52,780  INFO [main] ql.Driver: Semantic Analysis Completed (retrial = false)
2024-04-24T05:15:52,780  INFO [main] ql.Driver: Created Hive schema: Schema(fieldSchemas:null, properties:null)
2024-04-24T05:15:52,780  INFO [main] metadata.Hive: Dumping metastore api call timing information for : compilation phase
2024-04-24T05:15:52,780  INFO [main] metadata.Hive: Total time spent in each metastore function (ms): {getValidTxns_(long)=0, openTxn_(String, TxnType)=2, flushCache_()=0, commitTxn_(CommitTxnRequest)=11, getTable_(GetTableRequest)=1, isCompatibleWith_(Configuration)=0}
2024-04-24T05:15:52,780  INFO [main] ql.Driver: Completed compiling command(queryId=alex_20240424051552_1811a707-0cb6-4da5-8398-0933012f0540); Time taken: 0.003 seconds
2024-04-24T05:15:52,780  INFO [main] lockmgr.DbTxnManager: Setting lock request transaction to txnid:18 for queryId=alex_20240424051552_1811a707-0cb6-4da5-8398-0933012f0540
2024-04-24T05:15:52,780  INFO [main] ql.Driver: Operation DROPTABLE obtained 0 locks
2024-04-24T05:15:52,780  INFO [main] ql.Driver: Executing command(queryId=alex_20240424051552_1811a707-0cb6-4da5-8398-0933012f0540): drop table if exists acidTbl2
2024-04-24T05:15:52,780  INFO [main] ql.Driver: Starting task [Stage-0:DDL] in serial mode
2024-04-24T05:15:52,781  INFO [main] metadata.SessionHiveMetaStoreClient: Column stats doesn't exist for db=default temp table=acidTbl2
2024-04-24T05:15:52,781  INFO [main] metadata.Hive: Dumping metastore api call timing information for : execution phase
2024-04-24T05:15:52,781  INFO [main] metadata.Hive: Total time spent in each metastore function (ms): {isCompatibleWith_(Configuration)=0, getTable_(GetTableRequest)=0, dropTable_(String, String, boolean, boolean, boolean)=0}
2024-04-24T05:15:52,782  INFO [main] ql.Driver: Completed executing command(queryId=alex_20240424051552_1811a707-0cb6-4da5-8398-0933012f0540); Time taken: 0.001 seconds
2024-04-24T05:15:52,782  INFO [main] lockmgr.DbTxnManager: Stopped heartbeat for query: alex_20240424051552_1811a707-0cb6-4da5-8398-0933012f0540
2024-04-24T05:15:52,787  INFO [main] txn.TxnHandler: Expected to move at least one record from txn_components to completed_txn_components when committing txn! txnid:18
2024-04-24T05:15:52,794  INFO [main] txn.TxnHandler: Removed transactions: ([18]) from MIN_HISTORY_LEVEL
2024-04-24T05:15:52,794  WARN [main] txn.CompactionTxnHandler: No compaction queue record found for Compaction type transaction commit. txnId:18
2024-04-24T05:15:52,795  INFO [main] ql.TxnCommandsBaseForTests: Running the query: drop table if exists nonAcidOrcTbl
2024-04-24T05:15:52,795  INFO [main] ql.Driver: Compiling command(queryId=alex_20240424051552_5d33eba4-b11c-41b1-9f1b-97dc962ffbd3): drop table if exists nonAcidOrcTbl
2024-04-24T05:15:52,797  INFO [main] txn.TxnHandler: Added entries to MIN_HISTORY_LEVEL for current txns: ([19]) with min_open_txn: 15
2024-04-24T05:15:52,797  INFO [main] lockmgr.DbTxnManager: Opened txnid:19
2024-04-24T05:15:52,798  INFO [main] HiveMetaStore.audit: ugi=alex	ip=unknown-ip-addr	cmd=get_table : tbl=hive.default.nonAcidOrcTbl	
2024-04-24T05:15:52,820  INFO [main] metastore.HMSHandler: Skipping translation for processor with null
2024-04-24T05:15:52,820  INFO [main] ql.Driver: Semantic Analysis Completed (retrial = false)
2024-04-24T05:15:52,820  INFO [main] ql.Driver: Created Hive schema: Schema(fieldSchemas:null, properties:null)
2024-04-24T05:15:52,820  INFO [main] metadata.Hive: Dumping metastore api call timing information for : compilation phase
2024-04-24T05:15:52,821  INFO [main] metadata.Hive: Total time spent in each metastore function (ms): {openTxn_(String, TxnType)=2, getValidTxns_(long)=0, isCompatibleWith_(Configuration)=0, flushCache_()=0, commitTxn_(CommitTxnRequest)=12, getTable_(GetTableRequest)=23}
2024-04-24T05:15:52,821  INFO [main] ql.Driver: Completed compiling command(queryId=alex_20240424051552_5d33eba4-b11c-41b1-9f1b-97dc962ffbd3); Time taken: 0.025 seconds
2024-04-24T05:15:52,821  INFO [main] lockmgr.DbTxnManager: Setting lock request transaction to txnid:19 for queryId=alex_20240424051552_5d33eba4-b11c-41b1-9f1b-97dc962ffbd3
2024-04-24T05:15:52,821  INFO [main] lockmgr.DbLockManager: Requesting lock for queryId=alex_20240424051552_5d33eba4-b11c-41b1-9f1b-97dc962ffbd3
2024-04-24T05:15:52,836  INFO [main] lockmgr.DbLockManager: Response to queryId=alex_20240424051552_5d33eba4-b11c-41b1-9f1b-97dc962ffbd3 LockResponse(lockid:11, state:ACQUIRED)
2024-04-24T05:15:52,836  INFO [main] ql.Driver: Operation DROPTABLE obtained 1 locks
2024-04-24T05:15:52,836  INFO [main] ql.Driver: Executing command(queryId=alex_20240424051552_5d33eba4-b11c-41b1-9f1b-97dc962ffbd3): drop table if exists nonAcidOrcTbl
2024-04-24T05:15:52,836  INFO [main] ql.Driver: Starting task [Stage-0:DDL] in serial mode
2024-04-24T05:15:52,837  INFO [main] HiveMetaStore.audit: ugi=alex	ip=unknown-ip-addr	cmd=get_table : tbl=hive.default.nonAcidOrcTbl	
2024-04-24T05:15:52,849  INFO [main] metastore.HMSHandler: Skipping translation for processor with null
2024-04-24T05:15:52,850  INFO [main] HiveMetaStore.audit: ugi=alex	ip=unknown-ip-addr	cmd=get_table : tbl=hive.default.nonAcidOrcTbl	
2024-04-24T05:15:52,857  INFO [main] metastore.HMSHandler: Skipping translation for processor with null
2024-04-24T05:15:52,857  INFO [main] HiveMetaStore.audit: ugi=alex	ip=unknown-ip-addr	cmd=drop_table : tbl=hive.default.nonAcidOrcTbl	
2024-04-24T05:15:52,905  INFO [main] metadata.Hive: Dumping metastore api call timing information for : execution phase
2024-04-24T05:15:52,905  INFO [main] metadata.Hive: Total time spent in each metastore function (ms): {getTable_(GetTableRequest)=13, isCompatibleWith_(Configuration)=1, dropTable_(String, String, boolean, boolean, boolean)=55}
2024-04-24T05:15:52,905  INFO [main] ql.Driver: Completed executing command(queryId=alex_20240424051552_5d33eba4-b11c-41b1-9f1b-97dc962ffbd3); Time taken: 0.069 seconds
2024-04-24T05:15:52,905  INFO [main] lockmgr.DbTxnManager: Stopped heartbeat for query: alex_20240424051552_5d33eba4-b11c-41b1-9f1b-97dc962ffbd3
2024-04-24T05:15:52,909  INFO [main] txn.TxnHandler: Expected to move at least one record from txn_components to completed_txn_components when committing txn! txnid:19
2024-04-24T05:15:52,915  INFO [main] txn.TxnHandler: Removed transactions: ([19]) from MIN_HISTORY_LEVEL
2024-04-24T05:15:52,915  WARN [main] txn.CompactionTxnHandler: No compaction queue record found for Compaction type transaction commit. txnId:19
2024-04-24T05:15:52,915  INFO [main] ql.TxnCommandsBaseForTests: Running the query: drop table if exists nonAcidOrcTbl2
2024-04-24T05:15:52,916  INFO [main] ql.Driver: Compiling command(queryId=alex_20240424051552_7bdd819f-8fc7-4c5a-958d-bcc83346ab6f): drop table if exists nonAcidOrcTbl2
2024-04-24T05:15:52,917  INFO [main] txn.TxnHandler: Added entries to MIN_HISTORY_LEVEL for current txns: ([20]) with min_open_txn: 15
2024-04-24T05:15:52,918  INFO [main] lockmgr.DbTxnManager: Opened txnid:20
2024-04-24T05:15:52,918  INFO [main] HiveMetaStore.audit: ugi=alex	ip=unknown-ip-addr	cmd=get_table : tbl=hive.default.nonAcidOrcTbl2	
2024-04-24T05:15:52,926  INFO [main] metastore.HMSHandler: Skipping translation for processor with null
2024-04-24T05:15:52,926  INFO [main] ql.Driver: Semantic Analysis Completed (retrial = false)
2024-04-24T05:15:52,926  INFO [main] ql.Driver: Created Hive schema: Schema(fieldSchemas:null, properties:null)
2024-04-24T05:15:52,926  INFO [main] metadata.Hive: Dumping metastore api call timing information for : compilation phase
2024-04-24T05:15:52,926  INFO [main] metadata.Hive: Total time spent in each metastore function (ms): {isCompatibleWith_(Configuration)=0, openTxn_(String, TxnType)=2, getValidTxns_(long)=0, flushCache_()=0, commitTxn_(CommitTxnRequest)=10, getTable_(GetTableRequest)=8}
2024-04-24T05:15:52,926  INFO [main] ql.Driver: Completed compiling command(queryId=alex_20240424051552_7bdd819f-8fc7-4c5a-958d-bcc83346ab6f); Time taken: 0.01 seconds
2024-04-24T05:15:52,927  INFO [main] lockmgr.DbTxnManager: Setting lock request transaction to txnid:20 for queryId=alex_20240424051552_7bdd819f-8fc7-4c5a-958d-bcc83346ab6f
2024-04-24T05:15:52,927  INFO [main] lockmgr.DbLockManager: Requesting lock for queryId=alex_20240424051552_7bdd819f-8fc7-4c5a-958d-bcc83346ab6f
2024-04-24T05:15:52,940  INFO [main] lockmgr.DbLockManager: Response to queryId=alex_20240424051552_7bdd819f-8fc7-4c5a-958d-bcc83346ab6f LockResponse(lockid:12, state:ACQUIRED)
2024-04-24T05:15:52,940  INFO [main] ql.Driver: Operation DROPTABLE obtained 1 locks
2024-04-24T05:15:52,940  INFO [main] ql.Driver: Executing command(queryId=alex_20240424051552_7bdd819f-8fc7-4c5a-958d-bcc83346ab6f): drop table if exists nonAcidOrcTbl2
2024-04-24T05:15:52,940  INFO [main] ql.Driver: Starting task [Stage-0:DDL] in serial mode
2024-04-24T05:15:52,941  INFO [main] HiveMetaStore.audit: ugi=alex	ip=unknown-ip-addr	cmd=get_table : tbl=hive.default.nonAcidOrcTbl2	
2024-04-24T05:15:52,948  INFO [main] metastore.HMSHandler: Skipping translation for processor with null
2024-04-24T05:15:52,948  INFO [main] HiveMetaStore.audit: ugi=alex	ip=unknown-ip-addr	cmd=get_table : tbl=hive.default.nonAcidOrcTbl2	
2024-04-24T05:15:52,956  INFO [main] metastore.HMSHandler: Skipping translation for processor with null
2024-04-24T05:15:52,956  INFO [main] HiveMetaStore.audit: ugi=alex	ip=unknown-ip-addr	cmd=drop_table : tbl=hive.default.nonAcidOrcTbl2	
2024-04-24T05:15:52,985  INFO [main] metadata.Hive: Dumping metastore api call timing information for : execution phase
2024-04-24T05:15:52,985  INFO [main] metadata.Hive: Total time spent in each metastore function (ms): {getTable_(GetTableRequest)=8, dropTable_(String, String, boolean, boolean, boolean)=37, isCompatibleWith_(Configuration)=0}
2024-04-24T05:15:52,985  INFO [main] ql.Driver: Completed executing command(queryId=alex_20240424051552_7bdd819f-8fc7-4c5a-958d-bcc83346ab6f); Time taken: 0.045 seconds
2024-04-24T05:15:52,985  INFO [main] lockmgr.DbTxnManager: Stopped heartbeat for query: alex_20240424051552_7bdd819f-8fc7-4c5a-958d-bcc83346ab6f
2024-04-24T05:15:52,989  INFO [main] txn.TxnHandler: Expected to move at least one record from txn_components to completed_txn_components when committing txn! txnid:20
2024-04-24T05:15:52,994  INFO [main] txn.TxnHandler: Removed transactions: ([20]) from MIN_HISTORY_LEVEL
2024-04-24T05:15:52,995  WARN [main] txn.CompactionTxnHandler: No compaction queue record found for Compaction type transaction commit. txnId:20
2024-04-24T05:15:52,995  INFO [main] ql.TxnCommandsBaseForTests: Running the query: drop table if exists nonAcidNonBucket
2024-04-24T05:15:52,995  INFO [main] ql.Driver: Compiling command(queryId=alex_20240424051552_6c31429e-64ff-45b6-8326-2af5335d9ae8): drop table if exists nonAcidNonBucket
2024-04-24T05:15:52,997  INFO [main] txn.TxnHandler: Added entries to MIN_HISTORY_LEVEL for current txns: ([21]) with min_open_txn: 15
2024-04-24T05:15:52,997  INFO [main] lockmgr.DbTxnManager: Opened txnid:21
2024-04-24T05:15:52,998  INFO [main] HiveMetaStore.audit: ugi=alex	ip=unknown-ip-addr	cmd=get_table : tbl=hive.default.nonAcidNonBucket	
2024-04-24T05:15:53,005  INFO [main] metastore.HMSHandler: Skipping translation for processor with null
2024-04-24T05:15:53,005  INFO [main] ql.Driver: Semantic Analysis Completed (retrial = false)
2024-04-24T05:15:53,005  INFO [main] ql.Driver: Created Hive schema: Schema(fieldSchemas:null, properties:null)
2024-04-24T05:15:53,006  INFO [main] metadata.Hive: Dumping metastore api call timing information for : compilation phase
2024-04-24T05:15:53,006  INFO [main] metadata.Hive: Total time spent in each metastore function (ms): {getValidTxns_(long)=1, openTxn_(String, TxnType)=1, commitTxn_(CommitTxnRequest)=10, getTable_(GetTableRequest)=7, isCompatibleWith_(Configuration)=0, flushCache_()=0}
2024-04-24T05:15:53,006  INFO [main] ql.Driver: Completed compiling command(queryId=alex_20240424051552_6c31429e-64ff-45b6-8326-2af5335d9ae8); Time taken: 0.011 seconds
2024-04-24T05:15:53,006  INFO [main] lockmgr.DbTxnManager: Setting lock request transaction to txnid:21 for queryId=alex_20240424051552_6c31429e-64ff-45b6-8326-2af5335d9ae8
2024-04-24T05:15:53,007  INFO [main] lockmgr.DbLockManager: Requesting lock for queryId=alex_20240424051552_6c31429e-64ff-45b6-8326-2af5335d9ae8
2024-04-24T05:15:53,020  INFO [main] lockmgr.DbLockManager: Response to queryId=alex_20240424051552_6c31429e-64ff-45b6-8326-2af5335d9ae8 LockResponse(lockid:13, state:ACQUIRED)
2024-04-24T05:15:53,020  INFO [main] ql.Driver: Operation DROPTABLE obtained 1 locks
2024-04-24T05:15:53,020  INFO [main] ql.Driver: Executing command(queryId=alex_20240424051552_6c31429e-64ff-45b6-8326-2af5335d9ae8): drop table if exists nonAcidNonBucket
2024-04-24T05:15:53,020  INFO [main] ql.Driver: Starting task [Stage-0:DDL] in serial mode
2024-04-24T05:15:53,020  INFO [main] HiveMetaStore.audit: ugi=alex	ip=unknown-ip-addr	cmd=get_table : tbl=hive.default.nonAcidNonBucket	
2024-04-24T05:15:53,028  INFO [main] metastore.HMSHandler: Skipping translation for processor with null
2024-04-24T05:15:53,028  INFO [main] HiveMetaStore.audit: ugi=alex	ip=unknown-ip-addr	cmd=get_table : tbl=hive.default.nonAcidNonBucket	
2024-04-24T05:15:53,036  INFO [main] metastore.HMSHandler: Skipping translation for processor with null
2024-04-24T05:15:53,036  INFO [main] HiveMetaStore.audit: ugi=alex	ip=unknown-ip-addr	cmd=drop_table : tbl=hive.default.nonAcidNonBucket	
2024-04-24T05:15:53,065  INFO [main] metadata.Hive: Dumping metastore api call timing information for : execution phase
2024-04-24T05:15:53,065  INFO [main] metadata.Hive: Total time spent in each metastore function (ms): {dropTable_(String, String, boolean, boolean, boolean)=37, getTable_(GetTableRequest)=8, isCompatibleWith_(Configuration)=0}
2024-04-24T05:15:53,066  INFO [main] ql.Driver: Completed executing command(queryId=alex_20240424051552_6c31429e-64ff-45b6-8326-2af5335d9ae8); Time taken: 0.045 seconds
2024-04-24T05:15:53,066  INFO [main] lockmgr.DbTxnManager: Stopped heartbeat for query: alex_20240424051552_6c31429e-64ff-45b6-8326-2af5335d9ae8
2024-04-24T05:15:53,069  INFO [main] txn.TxnHandler: Expected to move at least one record from txn_components to completed_txn_components when committing txn! txnid:21
2024-04-24T05:15:53,075  INFO [main] txn.TxnHandler: Removed transactions: ([21]) from MIN_HISTORY_LEVEL
2024-04-24T05:15:53,075  WARN [main] txn.CompactionTxnHandler: No compaction queue record found for Compaction type transaction commit. txnId:21
2024-04-24T05:15:53,076  INFO [main] utils.TestTxnDbUtil: Cleaning transactional tables
]]></system-err>
  </testcase>
  <testcase name="testErrors" classname="org.apache.hadoop.hive.ql.TestTxnCommandsWithSplitUpdateAndVectorization" time="5.639"/>
  <testcase name="testMoreBucketsThanReducers" classname="org.apache.hadoop.hive.ql.TestTxnCommandsWithSplitUpdateAndVectorization" time="4.382">
    <error type="java.lang.RuntimeException"><![CDATA[java.lang.RuntimeException: update acidTbl set b = -1 failed: (responseCode = 40000, errorMessage = FAILED: NoMatchingMethodException No matching method for class org.apache.hadoop.hive.ql.udf.UDFToInteger with (struct<writeid:bigint,bucketid:int,rowid:bigint>). Possible choices: _FUNC_(bigint)  _FUNC_(boolean)  _FUNC_(decimal(38,18))  _FUNC_(double)  _FUNC_(float)  _FUNC_(smallint)  _FUNC_(string)  _FUNC_(struct<writeid:bigint,rowid:int,bucketid:bigint>)  _FUNC_(timestamp)  _FUNC_(tinyint)  _FUNC_(void)  , hiveErrorCode = 40000, SQLState = 42000, exception = No matching method for class org.apache.hadoop.hive.ql.udf.UDFToInteger with (struct<writeid:bigint,bucketid:int,rowid:bigint>). Possible choices: _FUNC_(bigint)  _FUNC_(boolean)  _FUNC_(decimal(38,18))  _FUNC_(double)  _FUNC_(float)  _FUNC_(smallint)  _FUNC_(string)  _FUNC_(struct<writeid:bigint,rowid:int,bucketid:bigint>)  _FUNC_(timestamp)  _FUNC_(tinyint)  _FUNC_(void)  )
	at org.apache.hadoop.hive.ql.TxnCommandsBaseForTests.runStatementOnDriver(TxnCommandsBaseForTests.java:247)
	at org.apache.hadoop.hive.ql.TestTxnCommands.testMoreBucketsThanReducers(TestTxnCommands.java:1429)
	at sun.reflect.NativeMethodAccessorImpl.invoke0(Native Method)
	at sun.reflect.NativeMethodAccessorImpl.invoke(NativeMethodAccessorImpl.java:62)
	at sun.reflect.DelegatingMethodAccessorImpl.invoke(DelegatingMethodAccessorImpl.java:43)
	at java.lang.reflect.Method.invoke(Method.java:498)
	at org.junit.runners.model.FrameworkMethod$1.runReflectiveCall(FrameworkMethod.java:59)
	at org.junit.internal.runners.model.ReflectiveCallable.run(ReflectiveCallable.java:12)
	at org.junit.runners.model.FrameworkMethod.invokeExplosively(FrameworkMethod.java:56)
	at org.junit.internal.runners.statements.InvokeMethod.evaluate(InvokeMethod.java:17)
	at org.junit.internal.runners.statements.RunBefores.evaluate(RunBefores.java:26)
	at org.junit.internal.runners.statements.RunAfters.evaluate(RunAfters.java:27)
	at org.junit.rules.TestWatcher$1.evaluate(TestWatcher.java:61)
	at org.junit.runners.ParentRunner$3.evaluate(ParentRunner.java:306)
	at org.junit.runners.BlockJUnit4ClassRunner$1.evaluate(BlockJUnit4ClassRunner.java:100)
	at org.junit.runners.ParentRunner.runLeaf(ParentRunner.java:366)
	at org.junit.runners.BlockJUnit4ClassRunner.runChild(BlockJUnit4ClassRunner.java:103)
	at org.junit.runners.BlockJUnit4ClassRunner.runChild(BlockJUnit4ClassRunner.java:63)
	at org.junit.runners.ParentRunner$4.run(ParentRunner.java:331)
	at org.junit.runners.ParentRunner$1.schedule(ParentRunner.java:79)
	at org.junit.runners.ParentRunner.runChildren(ParentRunner.java:329)
	at org.junit.runners.ParentRunner.access$100(ParentRunner.java:66)
	at org.junit.runners.ParentRunner$2.evaluate(ParentRunner.java:293)
	at org.junit.runners.ParentRunner$3.evaluate(ParentRunner.java:306)
	at org.junit.runners.ParentRunner.run(ParentRunner.java:413)
	at org.junit.runner.JUnitCore.run(JUnitCore.java:137)
	at org.junit.runner.JUnitCore.run(JUnitCore.java:115)
	at org.junit.vintage.engine.execution.RunnerExecutor.execute(RunnerExecutor.java:43)
	at java.util.stream.ForEachOps$ForEachOp$OfRef.accept(ForEachOps.java:183)
	at java.util.stream.ReferencePipeline$3$1.accept(ReferencePipeline.java:193)
	at java.util.Iterator.forEachRemaining(Iterator.java:116)
	at java.util.Spliterators$IteratorSpliterator.forEachRemaining(Spliterators.java:1801)
	at java.util.stream.AbstractPipeline.copyInto(AbstractPipeline.java:482)
	at java.util.stream.AbstractPipeline.wrapAndCopyInto(AbstractPipeline.java:472)
	at java.util.stream.ForEachOps$ForEachOp.evaluateSequential(ForEachOps.java:150)
	at java.util.stream.ForEachOps$ForEachOp$OfRef.evaluateSequential(ForEachOps.java:173)
	at java.util.stream.AbstractPipeline.evaluate(AbstractPipeline.java:234)
	at java.util.stream.ReferencePipeline.forEach(ReferencePipeline.java:485)
	at org.junit.vintage.engine.VintageTestEngine.executeAllChildren(VintageTestEngine.java:82)
	at org.junit.vintage.engine.VintageTestEngine.execute(VintageTestEngine.java:73)
	at org.junit.platform.launcher.core.DefaultLauncher.execute(DefaultLauncher.java:248)
	at org.junit.platform.launcher.core.DefaultLauncher.lambda$execute$5(DefaultLauncher.java:211)
	at org.junit.platform.launcher.core.DefaultLauncher.withInterceptedStreams(DefaultLauncher.java:226)
	at org.junit.platform.launcher.core.DefaultLauncher.execute(DefaultLauncher.java:199)
	at org.junit.platform.launcher.core.DefaultLauncher.execute(DefaultLauncher.java:132)
	at org.apache.maven.surefire.junitplatform.JUnitPlatformProvider.invokeAllTests(JUnitPlatformProvider.java:154)
	at org.apache.maven.surefire.junitplatform.JUnitPlatformProvider.invoke(JUnitPlatformProvider.java:123)
	at org.apache.maven.surefire.booter.ForkedBooter.runSuitesInProcess(ForkedBooter.java:377)
	at org.apache.maven.surefire.booter.ForkedBooter.execute(ForkedBooter.java:138)
	at org.apache.maven.surefire.booter.ForkedBooter.run(ForkedBooter.java:465)
	at org.apache.maven.surefire.booter.ForkedBooter.main(ForkedBooter.java:451)
]]></error>
    <system-err><![CDATA[2024-04-24T05:15:58,774  WARN [main] conf.HiveConf: HiveConf of name hive.llap.io.cache.orc.size does not exist
2024-04-24T05:15:58,774  WARN [main] conf.HiveConf: HiveConf of name hive.dummyparam.test.server.specific.config.override does not exist
2024-04-24T05:15:58,774  WARN [main] conf.HiveConf: HiveConf of name hive.llap.io.cache.orc.alloc.max does not exist
2024-04-24T05:15:58,774  WARN [main] conf.HiveConf: HiveConf of name hive.stats.key.prefix.reserve.length does not exist
2024-04-24T05:15:58,774  WARN [main] conf.HiveConf: HiveConf of name hive.dummyparam.test.server.specific.config.hivesite does not exist
2024-04-24T05:15:58,774  WARN [main] conf.HiveConf: HiveConf of name hive.dummyparam.test.server.specific.config.metastoresite does not exist
2024-04-24T05:15:58,774  WARN [main] conf.HiveConf: HiveConf of name hive.llap.io.cache.orc.alloc.min does not exist
2024-04-24T05:15:58,774  WARN [main] conf.HiveConf: HiveConf of name hive.llap.io.cache.orc.arena.size does not exist
2024-04-24T05:15:58,774  WARN [main] conf.HiveConf: HiveConf of name hive.metastore.metadb.dir does not exist
2024-04-24T05:15:58,774  WARN [main] conf.HiveConf: HiveConf of name hive.metastore.client.cache.maxSize does not exist
2024-04-24T05:15:58,774  WARN [main] conf.HiveConf: HiveConf of name hive.metastore.client.cache.recordStats does not exist
2024-04-24T05:15:58,776  INFO [main] utils.TestTxnDbUtil: Creating transactional tables
Hive Session ID = 132a7943-fb35-4d8c-86e1-83088f13f5ff
2024-04-24T05:15:58,779  INFO [main] SessionState: Hive Session ID = 132a7943-fb35-4d8c-86e1-83088f13f5ff
ivysettings.xml file not found in HIVE_HOME or HIVE_CONF_DIR,/home/alex/Repositories/hive/conf/ivysettings.xml will be used
2024-04-24T05:15:58,779  INFO [main] DependencyResolver: ivysettings.xml file not found in HIVE_HOME or HIVE_CONF_DIR,/home/alex/Repositories/hive/conf/ivysettings.xml will be used
2024-04-24T05:15:58,784  INFO [main] session.SessionState: Created HDFS directory: /home/alex/Repositories/hive/ql/target/tmp/scratchdir/alex/132a7943-fb35-4d8c-86e1-83088f13f5ff
2024-04-24T05:15:58,787  INFO [main] session.SessionState: Created local directory: /home/alex/Repositories/hive/ql/target/tmp/localscratchdir/132a7943-fb35-4d8c-86e1-83088f13f5ff
2024-04-24T05:15:58,789  INFO [main] session.SessionState: Created HDFS directory: /home/alex/Repositories/hive/ql/target/tmp/scratchdir/alex/132a7943-fb35-4d8c-86e1-83088f13f5ff/_tmp_space.db
2024-04-24T05:15:58,789  INFO [main] sqlstd.SQLStdHiveAccessController: Created SQLStdHiveAccessController for session context : HiveAuthzSessionContext [sessionString=132a7943-fb35-4d8c-86e1-83088f13f5ff, clientType=HIVECLI]
2024-04-24T05:15:58,790  INFO [main] ql.TxnCommandsBaseForTests: Running the query: drop table if exists acidTbl
2024-04-24T05:15:58,790  INFO [main] ql.Driver: Compiling command(queryId=alex_20240424051558_5010c009-fefc-4c8c-a2ee-00b876093c52): drop table if exists acidTbl
2024-04-24T05:15:58,799  INFO [main] txn.TxnHandler: Added entries to MIN_HISTORY_LEVEL for current txns: ([1]) with min_open_txn: 1
2024-04-24T05:15:58,799  INFO [main] lockmgr.DbTxnManager: Opened txnid:1
2024-04-24T05:15:58,801  INFO [main] HiveMetaStore.audit: ugi=alex	ip=unknown-ip-addr	cmd=get_table : tbl=hive.default.acidTbl	
2024-04-24T05:15:58,804  INFO [main] ql.Driver: Semantic Analysis Completed (retrial = false)
2024-04-24T05:15:58,804  INFO [main] ql.Driver: Created Hive schema: Schema(fieldSchemas:null, properties:null)
2024-04-24T05:15:58,804  INFO [main] metadata.Hive: Dumping metastore api call timing information for : compilation phase
2024-04-24T05:15:58,804  INFO [main] metadata.Hive: Total time spent in each metastore function (ms): {isCompatibleWith_(Configuration)=0, flushCache_()=0, openTxn_(String, TxnType)=9, commitTxn_(CommitTxnRequest)=14, getValidTxns_(long)=2}
2024-04-24T05:15:58,804  INFO [main] ql.Driver: Completed compiling command(queryId=alex_20240424051558_5010c009-fefc-4c8c-a2ee-00b876093c52); Time taken: 0.014 seconds
2024-04-24T05:15:58,805  INFO [main] lockmgr.DbTxnManager: Setting lock request transaction to txnid:1 for queryId=alex_20240424051558_5010c009-fefc-4c8c-a2ee-00b876093c52
2024-04-24T05:15:58,805  INFO [main] ql.Driver: Operation DROPTABLE obtained 0 locks
2024-04-24T05:15:58,805  INFO [main] ql.Driver: Executing command(queryId=alex_20240424051558_5010c009-fefc-4c8c-a2ee-00b876093c52): drop table if exists acidTbl
2024-04-24T05:15:58,805  INFO [main] ql.Driver: Starting task [Stage-0:DDL] in serial mode
2024-04-24T05:15:58,805  INFO [main] HiveMetaStore.audit: ugi=alex	ip=unknown-ip-addr	cmd=get_table : tbl=hive.default.acidTbl	
2024-04-24T05:15:58,808  INFO [main] metadata.Hive: Dumping metastore api call timing information for : execution phase
2024-04-24T05:15:58,808  INFO [main] metadata.Hive: Total time spent in each metastore function (ms): {isCompatibleWith_(Configuration)=0}
2024-04-24T05:15:58,808  INFO [main] ql.Driver: Completed executing command(queryId=alex_20240424051558_5010c009-fefc-4c8c-a2ee-00b876093c52); Time taken: 0.003 seconds
2024-04-24T05:15:58,808  INFO [main] lockmgr.DbTxnManager: Stopped heartbeat for query: alex_20240424051558_5010c009-fefc-4c8c-a2ee-00b876093c52
2024-04-24T05:15:58,814  INFO [main] txn.TxnHandler: Expected to move at least one record from txn_components to completed_txn_components when committing txn! txnid:1
2024-04-24T05:15:58,821  INFO [main] txn.TxnHandler: Removed transactions: ([1]) from MIN_HISTORY_LEVEL
2024-04-24T05:15:58,821  WARN [main] txn.CompactionTxnHandler: No compaction queue record found for Compaction type transaction commit. txnId:1
2024-04-24T05:15:58,821  INFO [main] ql.TxnCommandsBaseForTests: Running the query: drop table if exists acidTblPart
2024-04-24T05:15:58,822  INFO [main] ql.Driver: Compiling command(queryId=alex_20240424051558_e764f252-3664-46d3-90b5-33f12351eb8e): drop table if exists acidTblPart
2024-04-24T05:15:58,824  INFO [main] txn.TxnHandler: Added entries to MIN_HISTORY_LEVEL for current txns: ([2]) with min_open_txn: 1
2024-04-24T05:15:58,824  INFO [main] lockmgr.DbTxnManager: Opened txnid:2
2024-04-24T05:15:58,824  INFO [main] HiveMetaStore.audit: ugi=alex	ip=unknown-ip-addr	cmd=get_table : tbl=hive.default.acidTblPart	
2024-04-24T05:15:58,827  INFO [main] ql.Driver: Semantic Analysis Completed (retrial = false)
2024-04-24T05:15:58,827  INFO [main] ql.Driver: Created Hive schema: Schema(fieldSchemas:null, properties:null)
2024-04-24T05:15:58,827  INFO [main] metadata.Hive: Dumping metastore api call timing information for : compilation phase
2024-04-24T05:15:58,827  INFO [main] metadata.Hive: Total time spent in each metastore function (ms): {getValidTxns_(long)=0, isCompatibleWith_(Configuration)=0, commitTxn_(CommitTxnRequest)=13, flushCache_()=0, openTxn_(String, TxnType)=2}
2024-04-24T05:15:58,827  INFO [main] ql.Driver: Completed compiling command(queryId=alex_20240424051558_e764f252-3664-46d3-90b5-33f12351eb8e); Time taken: 0.005 seconds
2024-04-24T05:15:58,827  INFO [main] lockmgr.DbTxnManager: Setting lock request transaction to txnid:2 for queryId=alex_20240424051558_e764f252-3664-46d3-90b5-33f12351eb8e
2024-04-24T05:15:58,827  INFO [main] ql.Driver: Operation DROPTABLE obtained 0 locks
2024-04-24T05:15:58,827  INFO [main] ql.Driver: Executing command(queryId=alex_20240424051558_e764f252-3664-46d3-90b5-33f12351eb8e): drop table if exists acidTblPart
2024-04-24T05:15:58,827  INFO [main] ql.Driver: Starting task [Stage-0:DDL] in serial mode
2024-04-24T05:15:58,828  INFO [main] HiveMetaStore.audit: ugi=alex	ip=unknown-ip-addr	cmd=get_table : tbl=hive.default.acidTblPart	
2024-04-24T05:15:58,830  INFO [main] metadata.Hive: Dumping metastore api call timing information for : execution phase
2024-04-24T05:15:58,830  INFO [main] metadata.Hive: Total time spent in each metastore function (ms): {isCompatibleWith_(Configuration)=1}
2024-04-24T05:15:58,830  INFO [main] ql.Driver: Completed executing command(queryId=alex_20240424051558_e764f252-3664-46d3-90b5-33f12351eb8e); Time taken: 0.003 seconds
2024-04-24T05:15:58,830  INFO [main] lockmgr.DbTxnManager: Stopped heartbeat for query: alex_20240424051558_e764f252-3664-46d3-90b5-33f12351eb8e
2024-04-24T05:15:58,836  INFO [main] txn.TxnHandler: Expected to move at least one record from txn_components to completed_txn_components when committing txn! txnid:2
2024-04-24T05:15:58,842  INFO [main] txn.TxnHandler: Removed transactions: ([2]) from MIN_HISTORY_LEVEL
2024-04-24T05:15:58,842  WARN [main] txn.CompactionTxnHandler: No compaction queue record found for Compaction type transaction commit. txnId:2
2024-04-24T05:15:58,842  INFO [main] ql.TxnCommandsBaseForTests: Running the query: drop table if exists acidTbl2
2024-04-24T05:15:58,843  INFO [main] ql.Driver: Compiling command(queryId=alex_20240424051558_d2803c36-8180-4706-8db3-f34dfa7ef1e7): drop table if exists acidTbl2
2024-04-24T05:15:58,844  INFO [main] txn.TxnHandler: Added entries to MIN_HISTORY_LEVEL for current txns: ([3]) with min_open_txn: 1
2024-04-24T05:15:58,845  INFO [main] lockmgr.DbTxnManager: Opened txnid:3
2024-04-24T05:15:58,845  INFO [main] HiveMetaStore.audit: ugi=alex	ip=unknown-ip-addr	cmd=get_table : tbl=hive.default.acidTbl2	
2024-04-24T05:15:58,848  INFO [main] ql.Driver: Semantic Analysis Completed (retrial = false)
2024-04-24T05:15:58,848  INFO [main] ql.Driver: Created Hive schema: Schema(fieldSchemas:null, properties:null)
2024-04-24T05:15:58,848  INFO [main] metadata.Hive: Dumping metastore api call timing information for : compilation phase
2024-04-24T05:15:58,848  INFO [main] metadata.Hive: Total time spent in each metastore function (ms): {isCompatibleWith_(Configuration)=0, flushCache_()=0, getValidTxns_(long)=0, commitTxn_(CommitTxnRequest)=11, openTxn_(String, TxnType)=2}
2024-04-24T05:15:58,848  INFO [main] ql.Driver: Completed compiling command(queryId=alex_20240424051558_d2803c36-8180-4706-8db3-f34dfa7ef1e7); Time taken: 0.005 seconds
2024-04-24T05:15:58,848  INFO [main] lockmgr.DbTxnManager: Setting lock request transaction to txnid:3 for queryId=alex_20240424051558_d2803c36-8180-4706-8db3-f34dfa7ef1e7
2024-04-24T05:15:58,848  INFO [main] ql.Driver: Operation DROPTABLE obtained 0 locks
2024-04-24T05:15:58,848  INFO [main] ql.Driver: Executing command(queryId=alex_20240424051558_d2803c36-8180-4706-8db3-f34dfa7ef1e7): drop table if exists acidTbl2
2024-04-24T05:15:58,848  INFO [main] ql.Driver: Starting task [Stage-0:DDL] in serial mode
2024-04-24T05:15:58,849  INFO [main] HiveMetaStore.audit: ugi=alex	ip=unknown-ip-addr	cmd=get_table : tbl=hive.default.acidTbl2	
2024-04-24T05:15:58,851  INFO [main] metadata.Hive: Dumping metastore api call timing information for : execution phase
2024-04-24T05:15:58,851  INFO [main] metadata.Hive: Total time spent in each metastore function (ms): {isCompatibleWith_(Configuration)=0}
2024-04-24T05:15:58,852  INFO [main] ql.Driver: Completed executing command(queryId=alex_20240424051558_d2803c36-8180-4706-8db3-f34dfa7ef1e7); Time taken: 0.003 seconds
2024-04-24T05:15:58,852  INFO [main] lockmgr.DbTxnManager: Stopped heartbeat for query: alex_20240424051558_d2803c36-8180-4706-8db3-f34dfa7ef1e7
2024-04-24T05:15:58,857  INFO [main] txn.TxnHandler: Expected to move at least one record from txn_components to completed_txn_components when committing txn! txnid:3
2024-04-24T05:15:58,863  INFO [main] txn.TxnHandler: Removed transactions: ([3]) from MIN_HISTORY_LEVEL
2024-04-24T05:15:58,863  WARN [main] txn.CompactionTxnHandler: No compaction queue record found for Compaction type transaction commit. txnId:3
2024-04-24T05:15:58,863  INFO [main] ql.TxnCommandsBaseForTests: Running the query: drop table if exists nonAcidOrcTbl
2024-04-24T05:15:58,864  INFO [main] ql.Driver: Compiling command(queryId=alex_20240424051558_95acb8ef-f7a0-4ebc-b388-95b82c37d445): drop table if exists nonAcidOrcTbl
2024-04-24T05:15:58,865  INFO [main] txn.TxnHandler: Added entries to MIN_HISTORY_LEVEL for current txns: ([4]) with min_open_txn: 1
2024-04-24T05:15:58,866  INFO [main] lockmgr.DbTxnManager: Opened txnid:4
2024-04-24T05:15:58,866  INFO [main] HiveMetaStore.audit: ugi=alex	ip=unknown-ip-addr	cmd=get_table : tbl=hive.default.nonAcidOrcTbl	
2024-04-24T05:15:58,869  INFO [main] ql.Driver: Semantic Analysis Completed (retrial = false)
2024-04-24T05:15:58,869  INFO [main] ql.Driver: Created Hive schema: Schema(fieldSchemas:null, properties:null)
2024-04-24T05:15:58,869  INFO [main] metadata.Hive: Dumping metastore api call timing information for : compilation phase
2024-04-24T05:15:58,869  INFO [main] metadata.Hive: Total time spent in each metastore function (ms): {openTxn_(String, TxnType)=2, commitTxn_(CommitTxnRequest)=11, getValidTxns_(long)=0, isCompatibleWith_(Configuration)=0, flushCache_()=0}
2024-04-24T05:15:58,869  INFO [main] ql.Driver: Completed compiling command(queryId=alex_20240424051558_95acb8ef-f7a0-4ebc-b388-95b82c37d445); Time taken: 0.005 seconds
2024-04-24T05:15:58,869  INFO [main] lockmgr.DbTxnManager: Setting lock request transaction to txnid:4 for queryId=alex_20240424051558_95acb8ef-f7a0-4ebc-b388-95b82c37d445
2024-04-24T05:15:58,869  INFO [main] ql.Driver: Operation DROPTABLE obtained 0 locks
2024-04-24T05:15:58,869  INFO [main] ql.Driver: Executing command(queryId=alex_20240424051558_95acb8ef-f7a0-4ebc-b388-95b82c37d445): drop table if exists nonAcidOrcTbl
2024-04-24T05:15:58,869  INFO [main] ql.Driver: Starting task [Stage-0:DDL] in serial mode
2024-04-24T05:15:58,870  INFO [main] HiveMetaStore.audit: ugi=alex	ip=unknown-ip-addr	cmd=get_table : tbl=hive.default.nonAcidOrcTbl	
2024-04-24T05:15:58,872  INFO [main] metadata.Hive: Dumping metastore api call timing information for : execution phase
2024-04-24T05:15:58,872  INFO [main] metadata.Hive: Total time spent in each metastore function (ms): {isCompatibleWith_(Configuration)=1}
2024-04-24T05:15:58,873  INFO [main] ql.Driver: Completed executing command(queryId=alex_20240424051558_95acb8ef-f7a0-4ebc-b388-95b82c37d445); Time taken: 0.003 seconds
2024-04-24T05:15:58,873  INFO [main] lockmgr.DbTxnManager: Stopped heartbeat for query: alex_20240424051558_95acb8ef-f7a0-4ebc-b388-95b82c37d445
2024-04-24T05:15:58,878  INFO [main] txn.TxnHandler: Expected to move at least one record from txn_components to completed_txn_components when committing txn! txnid:4
2024-04-24T05:15:58,883  INFO [main] txn.TxnHandler: Removed transactions: ([4]) from MIN_HISTORY_LEVEL
2024-04-24T05:15:58,884  WARN [main] txn.CompactionTxnHandler: No compaction queue record found for Compaction type transaction commit. txnId:4
2024-04-24T05:15:58,884  INFO [main] ql.TxnCommandsBaseForTests: Running the query: drop table if exists nonAcidOrcTbl2
2024-04-24T05:15:58,884  INFO [main] ql.Driver: Compiling command(queryId=alex_20240424051558_e213f83e-c113-4ec7-aaa4-daa0abf12a4f): drop table if exists nonAcidOrcTbl2
2024-04-24T05:15:58,886  INFO [main] txn.TxnHandler: Added entries to MIN_HISTORY_LEVEL for current txns: ([5]) with min_open_txn: 1
2024-04-24T05:15:58,886  INFO [main] lockmgr.DbTxnManager: Opened txnid:5
2024-04-24T05:15:58,887  INFO [main] HiveMetaStore.audit: ugi=alex	ip=unknown-ip-addr	cmd=get_table : tbl=hive.default.nonAcidOrcTbl2	
2024-04-24T05:15:58,889  INFO [main] ql.Driver: Semantic Analysis Completed (retrial = false)
2024-04-24T05:15:58,889  INFO [main] ql.Driver: Created Hive schema: Schema(fieldSchemas:null, properties:null)
2024-04-24T05:15:58,889  INFO [main] metadata.Hive: Dumping metastore api call timing information for : compilation phase
2024-04-24T05:15:58,889  INFO [main] metadata.Hive: Total time spent in each metastore function (ms): {openTxn_(String, TxnType)=2, commitTxn_(CommitTxnRequest)=11, isCompatibleWith_(Configuration)=0, getValidTxns_(long)=1, flushCache_()=0}
2024-04-24T05:15:58,890  INFO [main] ql.Driver: Completed compiling command(queryId=alex_20240424051558_e213f83e-c113-4ec7-aaa4-daa0abf12a4f); Time taken: 0.005 seconds
2024-04-24T05:15:58,890  INFO [main] lockmgr.DbTxnManager: Setting lock request transaction to txnid:5 for queryId=alex_20240424051558_e213f83e-c113-4ec7-aaa4-daa0abf12a4f
2024-04-24T05:15:58,890  INFO [main] ql.Driver: Operation DROPTABLE obtained 0 locks
2024-04-24T05:15:58,890  INFO [main] ql.Driver: Executing command(queryId=alex_20240424051558_e213f83e-c113-4ec7-aaa4-daa0abf12a4f): drop table if exists nonAcidOrcTbl2
2024-04-24T05:15:58,890  INFO [main] ql.Driver: Starting task [Stage-0:DDL] in serial mode
2024-04-24T05:15:58,890  INFO [main] HiveMetaStore.audit: ugi=alex	ip=unknown-ip-addr	cmd=get_table : tbl=hive.default.nonAcidOrcTbl2	
2024-04-24T05:15:58,893  INFO [main] metadata.Hive: Dumping metastore api call timing information for : execution phase
2024-04-24T05:15:58,893  INFO [main] metadata.Hive: Total time spent in each metastore function (ms): {isCompatibleWith_(Configuration)=0}
2024-04-24T05:15:58,893  INFO [main] ql.Driver: Completed executing command(queryId=alex_20240424051558_e213f83e-c113-4ec7-aaa4-daa0abf12a4f); Time taken: 0.003 seconds
2024-04-24T05:15:58,893  INFO [main] lockmgr.DbTxnManager: Stopped heartbeat for query: alex_20240424051558_e213f83e-c113-4ec7-aaa4-daa0abf12a4f
2024-04-24T05:15:58,898  INFO [main] txn.TxnHandler: Expected to move at least one record from txn_components to completed_txn_components when committing txn! txnid:5
2024-04-24T05:15:58,904  INFO [main] txn.TxnHandler: Removed transactions: ([5]) from MIN_HISTORY_LEVEL
2024-04-24T05:15:58,904  WARN [main] txn.CompactionTxnHandler: No compaction queue record found for Compaction type transaction commit. txnId:5
2024-04-24T05:15:58,904  INFO [main] ql.TxnCommandsBaseForTests: Running the query: drop table if exists nonAcidNonBucket
2024-04-24T05:15:58,905  INFO [main] ql.Driver: Compiling command(queryId=alex_20240424051558_1b511108-0df9-4bd7-81ee-f70f42f7403e): drop table if exists nonAcidNonBucket
2024-04-24T05:15:58,906  INFO [main] txn.TxnHandler: Added entries to MIN_HISTORY_LEVEL for current txns: ([6]) with min_open_txn: 1
2024-04-24T05:15:58,907  INFO [main] lockmgr.DbTxnManager: Opened txnid:6
2024-04-24T05:15:58,907  INFO [main] HiveMetaStore.audit: ugi=alex	ip=unknown-ip-addr	cmd=get_table : tbl=hive.default.nonAcidNonBucket	
2024-04-24T05:15:58,910  INFO [main] ql.Driver: Semantic Analysis Completed (retrial = false)
2024-04-24T05:15:58,910  INFO [main] ql.Driver: Created Hive schema: Schema(fieldSchemas:null, properties:null)
2024-04-24T05:15:58,910  INFO [main] metadata.Hive: Dumping metastore api call timing information for : compilation phase
2024-04-24T05:15:58,910  INFO [main] metadata.Hive: Total time spent in each metastore function (ms): {getValidTxns_(long)=0, flushCache_()=0, isCompatibleWith_(Configuration)=0, openTxn_(String, TxnType)=2, commitTxn_(CommitTxnRequest)=11}
2024-04-24T05:15:58,910  INFO [main] ql.Driver: Completed compiling command(queryId=alex_20240424051558_1b511108-0df9-4bd7-81ee-f70f42f7403e); Time taken: 0.005 seconds
2024-04-24T05:15:58,910  INFO [main] lockmgr.DbTxnManager: Setting lock request transaction to txnid:6 for queryId=alex_20240424051558_1b511108-0df9-4bd7-81ee-f70f42f7403e
2024-04-24T05:15:58,910  INFO [main] ql.Driver: Operation DROPTABLE obtained 0 locks
2024-04-24T05:15:58,910  INFO [main] ql.Driver: Executing command(queryId=alex_20240424051558_1b511108-0df9-4bd7-81ee-f70f42f7403e): drop table if exists nonAcidNonBucket
2024-04-24T05:15:58,910  INFO [main] ql.Driver: Starting task [Stage-0:DDL] in serial mode
2024-04-24T05:15:58,910  INFO [main] HiveMetaStore.audit: ugi=alex	ip=unknown-ip-addr	cmd=get_table : tbl=hive.default.nonAcidNonBucket	
2024-04-24T05:15:58,913  INFO [main] metadata.Hive: Dumping metastore api call timing information for : execution phase
2024-04-24T05:15:58,913  INFO [main] metadata.Hive: Total time spent in each metastore function (ms): {isCompatibleWith_(Configuration)=0}
2024-04-24T05:15:58,913  INFO [main] ql.Driver: Completed executing command(queryId=alex_20240424051558_1b511108-0df9-4bd7-81ee-f70f42f7403e); Time taken: 0.003 seconds
2024-04-24T05:15:58,913  INFO [main] lockmgr.DbTxnManager: Stopped heartbeat for query: alex_20240424051558_1b511108-0df9-4bd7-81ee-f70f42f7403e
2024-04-24T05:15:58,919  INFO [main] txn.TxnHandler: Expected to move at least one record from txn_components to completed_txn_components when committing txn! txnid:6
2024-04-24T05:15:58,924  INFO [main] txn.TxnHandler: Removed transactions: ([6]) from MIN_HISTORY_LEVEL
2024-04-24T05:15:58,925  WARN [main] txn.CompactionTxnHandler: No compaction queue record found for Compaction type transaction commit. txnId:6
2024-04-24T05:15:58,925  INFO [main] ql.TxnCommandsBaseForTests: Running the query: create table acidTbl(a int, b int) clustered by (a) into 2 buckets stored as orc TBLPROPERTIES ('transactional'='true')
2024-04-24T05:15:58,925  INFO [main] ql.Driver: Compiling command(queryId=alex_20240424051558_bd2d7f4f-8cdc-4c1f-931a-d7ef6eecaa1f): create table acidTbl(a int, b int) clustered by (a) into 2 buckets stored as orc TBLPROPERTIES ('transactional'='true')
2024-04-24T05:15:58,927  INFO [main] txn.TxnHandler: Added entries to MIN_HISTORY_LEVEL for current txns: ([7]) with min_open_txn: 1
2024-04-24T05:15:58,928  INFO [main] lockmgr.DbTxnManager: Opened txnid:7
2024-04-24T05:15:58,928  INFO [main] parse.CalcitePlanner: Starting caching scope for: 
2024-04-24T05:15:58,928  INFO [main] parse.CalcitePlanner: Starting Semantic Analysis
2024-04-24T05:15:58,933  INFO [main] parse.CalcitePlanner: Creating table default.acidTbl position=13
2024-04-24T05:15:58,933  INFO [main] HiveMetaStore.audit: ugi=alex	ip=unknown-ip-addr	cmd=get_database: default	
2024-04-24T05:15:58,935  INFO [main] parse.CalcitePlanner: Ending caching scope for: 
2024-04-24T05:15:58,935  INFO [main] ql.Driver: Semantic Analysis Completed (retrial = false)
2024-04-24T05:15:58,935  INFO [main] ql.Driver: Created Hive schema: Schema(fieldSchemas:null, properties:null)
2024-04-24T05:15:58,935  INFO [main] metadata.Hive: Dumping metastore api call timing information for : compilation phase
2024-04-24T05:15:58,935  INFO [main] metadata.Hive: Total time spent in each metastore function (ms): {openTxn_(String, TxnType)=2, getValidWriteIds_(List, String)=5, getDatabase_(String)=2, flushCache_()=0, getValidTxns_(long)=0, commitTxn_(CommitTxnRequest)=11, isCompatibleWith_(Configuration)=0}
2024-04-24T05:15:58,935  INFO [main] ql.Driver: Completed compiling command(queryId=alex_20240424051558_bd2d7f4f-8cdc-4c1f-931a-d7ef6eecaa1f); Time taken: 0.01 seconds
2024-04-24T05:15:58,935  INFO [main] lockmgr.DbTxnManager: Setting lock request transaction to txnid:7 for queryId=alex_20240424051558_bd2d7f4f-8cdc-4c1f-931a-d7ef6eecaa1f
2024-04-24T05:15:58,936  INFO [main] lockmgr.DbLockManager: Requesting lock for queryId=alex_20240424051558_bd2d7f4f-8cdc-4c1f-931a-d7ef6eecaa1f
2024-04-24T05:15:58,953  INFO [main] lockmgr.DbLockManager: Response to queryId=alex_20240424051558_bd2d7f4f-8cdc-4c1f-931a-d7ef6eecaa1f LockResponse(lockid:1, state:ACQUIRED)
2024-04-24T05:15:58,953  INFO [main] ql.Driver: Operation CREATETABLE obtained 1 locks
2024-04-24T05:15:58,953  INFO [main] ql.Driver: Executing command(queryId=alex_20240424051558_bd2d7f4f-8cdc-4c1f-931a-d7ef6eecaa1f): create table acidTbl(a int, b int) clustered by (a) into 2 buckets stored as orc TBLPROPERTIES ('transactional'='true')
2024-04-24T05:15:58,954  INFO [main] ql.Driver: Starting task [Stage-0:DDL] in serial mode
2024-04-24T05:15:58,955  INFO [main] HiveMetaStore.audit: ugi=alex	ip=unknown-ip-addr	cmd=create_table_req: Table(tableName:acidTbl, dbName:default, owner:alex, createTime:1713960958, lastAccessTime:0, retention:0, sd:StorageDescriptor(cols:[FieldSchema(name:a, type:int, comment:null), FieldSchema(name:b, type:int, comment:null)], location:null, inputFormat:org.apache.hadoop.hive.ql.io.orc.OrcInputFormat, outputFormat:org.apache.hadoop.hive.ql.io.orc.OrcOutputFormat, compressed:false, numBuckets:2, serdeInfo:SerDeInfo(name:null, serializationLib:org.apache.hadoop.hive.ql.io.orc.OrcSerde, parameters:{serialization.format=1}), bucketCols:[a], sortCols:[], parameters:{}, skewedInfo:SkewedInfo(skewedColNames:[], skewedColValues:[], skewedColValueLocationMaps:{}), storedAsSubDirectories:false), partitionKeys:[], parameters:{bucketing_version=2, COLUMN_STATS_ACCURATE={"BASIC_STATS":"true","COLUMN_STATS":{"a":"true","b":"true"}}, numRows=0, transactional=true, rawDataSize=0, numFilesErasureCoded=0, totalSize=0, numFiles=0}, viewOriginalText:null, viewExpandedText:null, tableType:MANAGED_TABLE, privileges:PrincipalPrivilegeSet(userPrivileges:{alex=[PrivilegeGrantInfo(privilege:INSERT, createTime:-1, grantor:alex, grantorType:USER, grantOption:true), PrivilegeGrantInfo(privilege:SELECT, createTime:-1, grantor:alex, grantorType:USER, grantOption:true), PrivilegeGrantInfo(privilege:UPDATE, createTime:-1, grantor:alex, grantorType:USER, grantOption:true), PrivilegeGrantInfo(privilege:DELETE, createTime:-1, grantor:alex, grantorType:USER, grantOption:true)]}, groupPrivileges:null, rolePrivileges:null), temporary:false, catName:hive, ownerType:USER, writeId:0)	
2024-04-24T05:15:58,961  INFO [main] utils.FileUtils: Creating directory if it doesn't exist: file:/home/alex/Repositories/hive/ql/target/tmp/org.apache.hadoop.hive.ql.TestTxnCommands-1713960750541/warehouse/acidtbl
2024-04-24T05:15:58,995  INFO [main] metadata.Hive: Dumping metastore api call timing information for : execution phase
2024-04-24T05:15:58,995  INFO [main] metadata.Hive: Total time spent in each metastore function (ms): {createTable_(Table)=40, isCompatibleWith_(Configuration)=0}
2024-04-24T05:15:58,995  INFO [main] ql.Driver: Completed executing command(queryId=alex_20240424051558_bd2d7f4f-8cdc-4c1f-931a-d7ef6eecaa1f); Time taken: 0.042 seconds
2024-04-24T05:15:58,995  INFO [main] lockmgr.DbTxnManager: Stopped heartbeat for query: alex_20240424051558_bd2d7f4f-8cdc-4c1f-931a-d7ef6eecaa1f
2024-04-24T05:15:58,999  INFO [main] txn.TxnHandler: Expected to move at least one record from txn_components to completed_txn_components when committing txn! txnid:7
2024-04-24T05:15:59,005  INFO [main] txn.TxnHandler: Removed transactions: ([7]) from MIN_HISTORY_LEVEL
2024-04-24T05:15:59,005  WARN [main] txn.CompactionTxnHandler: No compaction queue record found for Compaction type transaction commit. txnId:7
2024-04-24T05:15:59,005  INFO [main] ql.TxnCommandsBaseForTests: Running the query: create table acidTblPart(a int, b int) partitioned by (p string) clustered by (a) into 2 buckets stored as orc TBLPROPERTIES ('transactional'='true')
2024-04-24T05:15:59,005  INFO [main] ql.Driver: Compiling command(queryId=alex_20240424051559_0f3e9af9-6776-4053-8270-111800594701): create table acidTblPart(a int, b int) partitioned by (p string) clustered by (a) into 2 buckets stored as orc TBLPROPERTIES ('transactional'='true')
2024-04-24T05:15:59,007  INFO [main] txn.TxnHandler: Added entries to MIN_HISTORY_LEVEL for current txns: ([8]) with min_open_txn: 1
2024-04-24T05:15:59,008  INFO [main] lockmgr.DbTxnManager: Opened txnid:8
2024-04-24T05:15:59,008  INFO [main] parse.CalcitePlanner: Starting caching scope for: 
2024-04-24T05:15:59,008  INFO [main] parse.CalcitePlanner: Starting Semantic Analysis
2024-04-24T05:15:59,010  INFO [main] parse.CalcitePlanner: Creating table default.acidTblPart position=13
2024-04-24T05:15:59,011  INFO [main] HiveMetaStore.audit: ugi=alex	ip=unknown-ip-addr	cmd=get_database: default	
2024-04-24T05:15:59,012  INFO [main] parse.CalcitePlanner: Ending caching scope for: 
2024-04-24T05:15:59,012  INFO [main] ql.Driver: Semantic Analysis Completed (retrial = false)
2024-04-24T05:15:59,012  INFO [main] ql.Driver: Created Hive schema: Schema(fieldSchemas:null, properties:null)
2024-04-24T05:15:59,012  INFO [main] metadata.Hive: Dumping metastore api call timing information for : compilation phase
2024-04-24T05:15:59,012  INFO [main] metadata.Hive: Total time spent in each metastore function (ms): {commitTxn_(CommitTxnRequest)=10, getDatabase_(String)=2, getValidTxns_(long)=0, flushCache_()=0, getValidWriteIds_(List, String)=2, isCompatibleWith_(Configuration)=0, openTxn_(String, TxnType)=2}
2024-04-24T05:15:59,012  INFO [main] ql.Driver: Completed compiling command(queryId=alex_20240424051559_0f3e9af9-6776-4053-8270-111800594701); Time taken: 0.007 seconds
2024-04-24T05:15:59,013  INFO [main] lockmgr.DbTxnManager: Setting lock request transaction to txnid:8 for queryId=alex_20240424051559_0f3e9af9-6776-4053-8270-111800594701
2024-04-24T05:15:59,013  INFO [main] lockmgr.DbLockManager: Requesting lock for queryId=alex_20240424051559_0f3e9af9-6776-4053-8270-111800594701
2024-04-24T05:15:59,026  INFO [main] lockmgr.DbLockManager: Response to queryId=alex_20240424051559_0f3e9af9-6776-4053-8270-111800594701 LockResponse(lockid:2, state:ACQUIRED)
2024-04-24T05:15:59,026  INFO [main] ql.Driver: Operation CREATETABLE obtained 1 locks
2024-04-24T05:15:59,027  INFO [main] ql.Driver: Executing command(queryId=alex_20240424051559_0f3e9af9-6776-4053-8270-111800594701): create table acidTblPart(a int, b int) partitioned by (p string) clustered by (a) into 2 buckets stored as orc TBLPROPERTIES ('transactional'='true')
2024-04-24T05:15:59,027  INFO [main] ql.Driver: Starting task [Stage-0:DDL] in serial mode
2024-04-24T05:15:59,028  INFO [main] HiveMetaStore.audit: ugi=alex	ip=unknown-ip-addr	cmd=create_table_req: Table(tableName:acidTblPart, dbName:default, owner:alex, createTime:1713960959, lastAccessTime:0, retention:0, sd:StorageDescriptor(cols:[FieldSchema(name:a, type:int, comment:null), FieldSchema(name:b, type:int, comment:null)], location:null, inputFormat:org.apache.hadoop.hive.ql.io.orc.OrcInputFormat, outputFormat:org.apache.hadoop.hive.ql.io.orc.OrcOutputFormat, compressed:false, numBuckets:2, serdeInfo:SerDeInfo(name:null, serializationLib:org.apache.hadoop.hive.ql.io.orc.OrcSerde, parameters:{serialization.format=1}), bucketCols:[a], sortCols:[], parameters:{}, skewedInfo:SkewedInfo(skewedColNames:[], skewedColValues:[], skewedColValueLocationMaps:{}), storedAsSubDirectories:false), partitionKeys:[FieldSchema(name:p, type:string, comment:null)], parameters:{bucketing_version=2, transactional=true}, viewOriginalText:null, viewExpandedText:null, tableType:MANAGED_TABLE, privileges:PrincipalPrivilegeSet(userPrivileges:{alex=[PrivilegeGrantInfo(privilege:INSERT, createTime:-1, grantor:alex, grantorType:USER, grantOption:true), PrivilegeGrantInfo(privilege:SELECT, createTime:-1, grantor:alex, grantorType:USER, grantOption:true), PrivilegeGrantInfo(privilege:UPDATE, createTime:-1, grantor:alex, grantorType:USER, grantOption:true), PrivilegeGrantInfo(privilege:DELETE, createTime:-1, grantor:alex, grantorType:USER, grantOption:true)]}, groupPrivileges:null, rolePrivileges:null), temporary:false, catName:hive, ownerType:USER, writeId:0)	
2024-04-24T05:15:59,033  INFO [main] utils.FileUtils: Creating directory if it doesn't exist: file:/home/alex/Repositories/hive/ql/target/tmp/org.apache.hadoop.hive.ql.TestTxnCommands-1713960750541/warehouse/acidtblpart
2024-04-24T05:15:59,050  INFO [main] metadata.Hive: Dumping metastore api call timing information for : execution phase
2024-04-24T05:15:59,051  INFO [main] metadata.Hive: Total time spent in each metastore function (ms): {createTable_(Table)=23, isCompatibleWith_(Configuration)=0}
2024-04-24T05:15:59,051  INFO [main] ql.Driver: Completed executing command(queryId=alex_20240424051559_0f3e9af9-6776-4053-8270-111800594701); Time taken: 0.023 seconds
2024-04-24T05:15:59,051  INFO [main] lockmgr.DbTxnManager: Stopped heartbeat for query: alex_20240424051559_0f3e9af9-6776-4053-8270-111800594701
2024-04-24T05:15:59,055  INFO [main] txn.TxnHandler: Expected to move at least one record from txn_components to completed_txn_components when committing txn! txnid:8
2024-04-24T05:15:59,061  INFO [main] txn.TxnHandler: Removed transactions: ([8]) from MIN_HISTORY_LEVEL
2024-04-24T05:15:59,061  WARN [main] txn.CompactionTxnHandler: No compaction queue record found for Compaction type transaction commit. txnId:8
2024-04-24T05:15:59,061  INFO [main] ql.TxnCommandsBaseForTests: Running the query: create table nonAcidOrcTbl(a int, b int) clustered by (a) into 2 buckets stored as orc TBLPROPERTIES ('transactional'='false')
2024-04-24T05:15:59,061  INFO [main] ql.Driver: Compiling command(queryId=alex_20240424051559_0f337ab8-ffcd-45ea-81b2-5678d3cbdbbf): create table nonAcidOrcTbl(a int, b int) clustered by (a) into 2 buckets stored as orc TBLPROPERTIES ('transactional'='false')
2024-04-24T05:15:59,064  INFO [main] txn.TxnHandler: Added entries to MIN_HISTORY_LEVEL for current txns: ([9]) with min_open_txn: 1
2024-04-24T05:15:59,064  INFO [main] lockmgr.DbTxnManager: Opened txnid:9
2024-04-24T05:15:59,064  INFO [main] parse.CalcitePlanner: Starting caching scope for: 
2024-04-24T05:15:59,064  INFO [main] parse.CalcitePlanner: Starting Semantic Analysis
2024-04-24T05:15:59,067  INFO [main] parse.CalcitePlanner: Creating table default.nonAcidOrcTbl position=13
2024-04-24T05:15:59,067  INFO [main] HiveMetaStore.audit: ugi=alex	ip=unknown-ip-addr	cmd=get_database: default	
2024-04-24T05:15:59,068  INFO [main] parse.CalcitePlanner: Ending caching scope for: 
2024-04-24T05:15:59,068  INFO [main] ql.Driver: Semantic Analysis Completed (retrial = false)
2024-04-24T05:15:59,068  INFO [main] ql.Driver: Created Hive schema: Schema(fieldSchemas:null, properties:null)
2024-04-24T05:15:59,068  INFO [main] metadata.Hive: Dumping metastore api call timing information for : compilation phase
2024-04-24T05:15:59,068  INFO [main] metadata.Hive: Total time spent in each metastore function (ms): {getValidTxns_(long)=0, flushCache_()=0, commitTxn_(CommitTxnRequest)=10, isCompatibleWith_(Configuration)=0, getValidWriteIds_(List, String)=3, getDatabase_(String)=1, openTxn_(String, TxnType)=2}
2024-04-24T05:15:59,069  INFO [main] ql.Driver: Completed compiling command(queryId=alex_20240424051559_0f337ab8-ffcd-45ea-81b2-5678d3cbdbbf); Time taken: 0.007 seconds
2024-04-24T05:15:59,069  INFO [main] lockmgr.DbTxnManager: Setting lock request transaction to txnid:9 for queryId=alex_20240424051559_0f337ab8-ffcd-45ea-81b2-5678d3cbdbbf
2024-04-24T05:15:59,069  INFO [main] lockmgr.DbLockManager: Requesting lock for queryId=alex_20240424051559_0f337ab8-ffcd-45ea-81b2-5678d3cbdbbf
2024-04-24T05:15:59,083  INFO [main] lockmgr.DbLockManager: Response to queryId=alex_20240424051559_0f337ab8-ffcd-45ea-81b2-5678d3cbdbbf LockResponse(lockid:3, state:ACQUIRED)
2024-04-24T05:15:59,083  INFO [main] ql.Driver: Operation CREATETABLE obtained 1 locks
2024-04-24T05:15:59,083  INFO [main] ql.Driver: Executing command(queryId=alex_20240424051559_0f337ab8-ffcd-45ea-81b2-5678d3cbdbbf): create table nonAcidOrcTbl(a int, b int) clustered by (a) into 2 buckets stored as orc TBLPROPERTIES ('transactional'='false')
2024-04-24T05:15:59,083  INFO [main] ql.Driver: Starting task [Stage-0:DDL] in serial mode
2024-04-24T05:15:59,084  INFO [main] HiveMetaStore.audit: ugi=alex	ip=unknown-ip-addr	cmd=create_table_req: Table(tableName:nonAcidOrcTbl, dbName:default, owner:alex, createTime:1713960959, lastAccessTime:0, retention:0, sd:StorageDescriptor(cols:[FieldSchema(name:a, type:int, comment:null), FieldSchema(name:b, type:int, comment:null)], location:null, inputFormat:org.apache.hadoop.hive.ql.io.orc.OrcInputFormat, outputFormat:org.apache.hadoop.hive.ql.io.orc.OrcOutputFormat, compressed:false, numBuckets:2, serdeInfo:SerDeInfo(name:null, serializationLib:org.apache.hadoop.hive.ql.io.orc.OrcSerde, parameters:{serialization.format=1}), bucketCols:[a], sortCols:[], parameters:{}, skewedInfo:SkewedInfo(skewedColNames:[], skewedColValues:[], skewedColValueLocationMaps:{}), storedAsSubDirectories:false), partitionKeys:[], parameters:{COLUMN_STATS_ACCURATE={"BASIC_STATS":"true","COLUMN_STATS":{"a":"true","b":"true"}}, numRows=0, transactional=false, numFilesErasureCoded=0, totalSize=0, bucketing_version=2, rawDataSize=0, numFiles=0}, viewOriginalText:null, viewExpandedText:null, tableType:MANAGED_TABLE, privileges:PrincipalPrivilegeSet(userPrivileges:{alex=[PrivilegeGrantInfo(privilege:INSERT, createTime:-1, grantor:alex, grantorType:USER, grantOption:true), PrivilegeGrantInfo(privilege:SELECT, createTime:-1, grantor:alex, grantorType:USER, grantOption:true), PrivilegeGrantInfo(privilege:UPDATE, createTime:-1, grantor:alex, grantorType:USER, grantOption:true), PrivilegeGrantInfo(privilege:DELETE, createTime:-1, grantor:alex, grantorType:USER, grantOption:true)]}, groupPrivileges:null, rolePrivileges:null), temporary:false, catName:hive, ownerType:USER)	
2024-04-24T05:15:59,089  INFO [main] utils.FileUtils: Creating directory if it doesn't exist: file:/home/alex/Repositories/hive/ql/target/tmp/org.apache.hadoop.hive.ql.TestTxnCommands-1713960750541/warehouse/nonacidorctbl
2024-04-24T05:15:59,102  INFO [main] metadata.Hive: Dumping metastore api call timing information for : execution phase
2024-04-24T05:15:59,102  INFO [main] metadata.Hive: Total time spent in each metastore function (ms): {isCompatibleWith_(Configuration)=0, createTable_(Table)=18}
2024-04-24T05:15:59,102  INFO [main] ql.Driver: Completed executing command(queryId=alex_20240424051559_0f337ab8-ffcd-45ea-81b2-5678d3cbdbbf); Time taken: 0.019 seconds
2024-04-24T05:15:59,102  INFO [main] lockmgr.DbTxnManager: Stopped heartbeat for query: alex_20240424051559_0f337ab8-ffcd-45ea-81b2-5678d3cbdbbf
2024-04-24T05:15:59,106  INFO [main] txn.TxnHandler: Expected to move at least one record from txn_components to completed_txn_components when committing txn! txnid:9
2024-04-24T05:15:59,112  INFO [main] txn.TxnHandler: Removed transactions: ([9]) from MIN_HISTORY_LEVEL
2024-04-24T05:15:59,112  WARN [main] txn.CompactionTxnHandler: No compaction queue record found for Compaction type transaction commit. txnId:9
2024-04-24T05:15:59,112  INFO [main] ql.TxnCommandsBaseForTests: Running the query: create table nonAcidOrcTbl2(a int, b int) clustered by (a) into 2 buckets stored as orc TBLPROPERTIES ('transactional'='false')
2024-04-24T05:15:59,113  INFO [main] ql.Driver: Compiling command(queryId=alex_20240424051559_7026c2d7-208c-4f5c-96c5-45050e649b96): create table nonAcidOrcTbl2(a int, b int) clustered by (a) into 2 buckets stored as orc TBLPROPERTIES ('transactional'='false')
2024-04-24T05:15:59,115  INFO [main] txn.TxnHandler: Added entries to MIN_HISTORY_LEVEL for current txns: ([10]) with min_open_txn: 1
2024-04-24T05:15:59,115  INFO [main] lockmgr.DbTxnManager: Opened txnid:10
2024-04-24T05:15:59,115  INFO [main] parse.CalcitePlanner: Starting caching scope for: 
2024-04-24T05:15:59,115  INFO [main] parse.CalcitePlanner: Starting Semantic Analysis
2024-04-24T05:15:59,118  INFO [main] parse.CalcitePlanner: Creating table default.nonAcidOrcTbl2 position=13
2024-04-24T05:15:59,118  INFO [main] HiveMetaStore.audit: ugi=alex	ip=unknown-ip-addr	cmd=get_database: default	
2024-04-24T05:15:59,119  INFO [main] parse.CalcitePlanner: Ending caching scope for: 
2024-04-24T05:15:59,119  INFO [main] ql.Driver: Semantic Analysis Completed (retrial = false)
2024-04-24T05:15:59,119  INFO [main] ql.Driver: Created Hive schema: Schema(fieldSchemas:null, properties:null)
2024-04-24T05:15:59,119  INFO [main] metadata.Hive: Dumping metastore api call timing information for : compilation phase
2024-04-24T05:15:59,120  INFO [main] metadata.Hive: Total time spent in each metastore function (ms): {getValidTxns_(long)=0, flushCache_()=0, getDatabase_(String)=1, commitTxn_(CommitTxnRequest)=10, getValidWriteIds_(List, String)=3, isCompatibleWith_(Configuration)=0, openTxn_(String, TxnType)=2}
2024-04-24T05:15:59,120  INFO [main] ql.Driver: Completed compiling command(queryId=alex_20240424051559_7026c2d7-208c-4f5c-96c5-45050e649b96); Time taken: 0.006 seconds
2024-04-24T05:15:59,120  INFO [main] lockmgr.DbTxnManager: Setting lock request transaction to txnid:10 for queryId=alex_20240424051559_7026c2d7-208c-4f5c-96c5-45050e649b96
2024-04-24T05:15:59,120  INFO [main] lockmgr.DbLockManager: Requesting lock for queryId=alex_20240424051559_7026c2d7-208c-4f5c-96c5-45050e649b96
2024-04-24T05:15:59,134  INFO [main] lockmgr.DbLockManager: Response to queryId=alex_20240424051559_7026c2d7-208c-4f5c-96c5-45050e649b96 LockResponse(lockid:4, state:ACQUIRED)
2024-04-24T05:15:59,134  INFO [main] ql.Driver: Operation CREATETABLE obtained 1 locks
2024-04-24T05:15:59,134  INFO [main] ql.Driver: Executing command(queryId=alex_20240424051559_7026c2d7-208c-4f5c-96c5-45050e649b96): create table nonAcidOrcTbl2(a int, b int) clustered by (a) into 2 buckets stored as orc TBLPROPERTIES ('transactional'='false')
2024-04-24T05:15:59,134  INFO [main] ql.Driver: Starting task [Stage-0:DDL] in serial mode
2024-04-24T05:15:59,135  INFO [main] HiveMetaStore.audit: ugi=alex	ip=unknown-ip-addr	cmd=create_table_req: Table(tableName:nonAcidOrcTbl2, dbName:default, owner:alex, createTime:1713960959, lastAccessTime:0, retention:0, sd:StorageDescriptor(cols:[FieldSchema(name:a, type:int, comment:null), FieldSchema(name:b, type:int, comment:null)], location:null, inputFormat:org.apache.hadoop.hive.ql.io.orc.OrcInputFormat, outputFormat:org.apache.hadoop.hive.ql.io.orc.OrcOutputFormat, compressed:false, numBuckets:2, serdeInfo:SerDeInfo(name:null, serializationLib:org.apache.hadoop.hive.ql.io.orc.OrcSerde, parameters:{serialization.format=1}), bucketCols:[a], sortCols:[], parameters:{}, skewedInfo:SkewedInfo(skewedColNames:[], skewedColValues:[], skewedColValueLocationMaps:{}), storedAsSubDirectories:false), partitionKeys:[], parameters:{numFiles=0, totalSize=0, transactional=false, rawDataSize=0, numFilesErasureCoded=0, numRows=0, COLUMN_STATS_ACCURATE={"BASIC_STATS":"true","COLUMN_STATS":{"a":"true","b":"true"}}, bucketing_version=2}, viewOriginalText:null, viewExpandedText:null, tableType:MANAGED_TABLE, privileges:PrincipalPrivilegeSet(userPrivileges:{alex=[PrivilegeGrantInfo(privilege:INSERT, createTime:-1, grantor:alex, grantorType:USER, grantOption:true), PrivilegeGrantInfo(privilege:SELECT, createTime:-1, grantor:alex, grantorType:USER, grantOption:true), PrivilegeGrantInfo(privilege:UPDATE, createTime:-1, grantor:alex, grantorType:USER, grantOption:true), PrivilegeGrantInfo(privilege:DELETE, createTime:-1, grantor:alex, grantorType:USER, grantOption:true)]}, groupPrivileges:null, rolePrivileges:null), temporary:false, catName:hive, ownerType:USER)	
2024-04-24T05:15:59,140  INFO [main] utils.FileUtils: Creating directory if it doesn't exist: file:/home/alex/Repositories/hive/ql/target/tmp/org.apache.hadoop.hive.ql.TestTxnCommands-1713960750541/warehouse/nonacidorctbl2
2024-04-24T05:15:59,153  INFO [main] metadata.Hive: Dumping metastore api call timing information for : execution phase
2024-04-24T05:15:59,153  INFO [main] metadata.Hive: Total time spent in each metastore function (ms): {isCompatibleWith_(Configuration)=0, createTable_(Table)=19}
2024-04-24T05:15:59,153  INFO [main] ql.Driver: Completed executing command(queryId=alex_20240424051559_7026c2d7-208c-4f5c-96c5-45050e649b96); Time taken: 0.019 seconds
2024-04-24T05:15:59,153  INFO [main] lockmgr.DbTxnManager: Stopped heartbeat for query: alex_20240424051559_7026c2d7-208c-4f5c-96c5-45050e649b96
2024-04-24T05:15:59,158  INFO [main] txn.TxnHandler: Expected to move at least one record from txn_components to completed_txn_components when committing txn! txnid:10
2024-04-24T05:15:59,166  INFO [main] txn.TxnHandler: Removed transactions: ([10]) from MIN_HISTORY_LEVEL
2024-04-24T05:15:59,166  WARN [main] txn.CompactionTxnHandler: No compaction queue record found for Compaction type transaction commit. txnId:10
2024-04-24T05:15:59,167  INFO [main] ql.TxnCommandsBaseForTests: Running the query: create temporary  table acidTbl2(a int, b int, c int) clustered by (c) into 2 buckets stored as orc TBLPROPERTIES ('transactional'='true')
2024-04-24T05:15:59,167  INFO [main] ql.Driver: Compiling command(queryId=alex_20240424051559_12c49d00-5322-4564-bd03-e4826fcc9868): create temporary  table acidTbl2(a int, b int, c int) clustered by (c) into 2 buckets stored as orc TBLPROPERTIES ('transactional'='true')
2024-04-24T05:15:59,169  INFO [main] txn.TxnHandler: Added entries to MIN_HISTORY_LEVEL for current txns: ([11]) with min_open_txn: 1
2024-04-24T05:15:59,170  INFO [main] lockmgr.DbTxnManager: Opened txnid:11
2024-04-24T05:15:59,170  INFO [main] parse.CalcitePlanner: Starting caching scope for: 
2024-04-24T05:15:59,170  INFO [main] parse.CalcitePlanner: Starting Semantic Analysis
2024-04-24T05:15:59,173  INFO [main] parse.CalcitePlanner: Creating table default.acidTbl2 position=24
2024-04-24T05:15:59,173  INFO [main] HiveMetaStore.audit: ugi=alex	ip=unknown-ip-addr	cmd=get_database: default	
2024-04-24T05:15:59,175  INFO [main] parse.CalcitePlanner: Ending caching scope for: 
2024-04-24T05:15:59,175  INFO [main] ql.Driver: Semantic Analysis Completed (retrial = false)
2024-04-24T05:15:59,175  INFO [main] ql.Driver: Created Hive schema: Schema(fieldSchemas:null, properties:null)
2024-04-24T05:15:59,175  INFO [main] metadata.Hive: Dumping metastore api call timing information for : compilation phase
2024-04-24T05:15:59,175  INFO [main] metadata.Hive: Total time spent in each metastore function (ms): {commitTxn_(CommitTxnRequest)=12, openTxn_(String, TxnType)=3, isCompatibleWith_(Configuration)=1, flushCache_()=0, getDatabase_(String)=2, getValidTxns_(long)=0, getValidWriteIds_(List, String)=2}
2024-04-24T05:15:59,175  INFO [main] ql.Driver: Completed compiling command(queryId=alex_20240424051559_12c49d00-5322-4564-bd03-e4826fcc9868); Time taken: 0.008 seconds
2024-04-24T05:15:59,175  INFO [main] lockmgr.DbTxnManager: Setting lock request transaction to txnid:11 for queryId=alex_20240424051559_12c49d00-5322-4564-bd03-e4826fcc9868
2024-04-24T05:15:59,175  INFO [main] lockmgr.DbLockManager: Requesting lock for queryId=alex_20240424051559_12c49d00-5322-4564-bd03-e4826fcc9868
2024-04-24T05:15:59,190  INFO [main] lockmgr.DbLockManager: Response to queryId=alex_20240424051559_12c49d00-5322-4564-bd03-e4826fcc9868 LockResponse(lockid:5, state:ACQUIRED)
2024-04-24T05:15:59,190  INFO [main] ql.Driver: Operation CREATETABLE obtained 1 locks
2024-04-24T05:15:59,191  INFO [main] ql.Driver: Executing command(queryId=alex_20240424051559_12c49d00-5322-4564-bd03-e4826fcc9868): create temporary  table acidTbl2(a int, b int, c int) clustered by (c) into 2 buckets stored as orc TBLPROPERTIES ('transactional'='true')
2024-04-24T05:15:59,191  INFO [main] ql.Driver: Starting task [Stage-0:DDL] in serial mode
2024-04-24T05:15:59,192  INFO [main] utils.FileUtils: Creating directory if it doesn't exist: file:/home/alex/Repositories/hive/ql/target/tmp/scratchdir/alex/132a7943-fb35-4d8c-86e1-83088f13f5ff/_tmp_space.db/cf45d030-4b9a-4571-af9b-afb79c6f2bfc
2024-04-24T05:15:59,194  INFO [main] metadata.Hive: Dumping metastore api call timing information for : execution phase
2024-04-24T05:15:59,195  INFO [main] metadata.Hive: Total time spent in each metastore function (ms): {createTable_(Table)=2, isCompatibleWith_(Configuration)=0}
2024-04-24T05:15:59,195  INFO [main] ql.Driver: Completed executing command(queryId=alex_20240424051559_12c49d00-5322-4564-bd03-e4826fcc9868); Time taken: 0.003 seconds
2024-04-24T05:15:59,195  INFO [main] lockmgr.DbTxnManager: Stopped heartbeat for query: alex_20240424051559_12c49d00-5322-4564-bd03-e4826fcc9868
2024-04-24T05:15:59,199  INFO [main] txn.TxnHandler: Expected to move at least one record from txn_components to completed_txn_components when committing txn! txnid:11
2024-04-24T05:15:59,206  INFO [main] txn.TxnHandler: Removed transactions: ([11]) from MIN_HISTORY_LEVEL
2024-04-24T05:15:59,206  WARN [main] txn.CompactionTxnHandler: No compaction queue record found for Compaction type transaction commit. txnId:11
2024-04-24T05:15:59,206  INFO [main] ql.TxnCommandsBaseForTests: Running the query: create table nonAcidNonBucket(a int, b int) stored as orc TBLPROPERTIES ('transactional'='false')
2024-04-24T05:15:59,206  INFO [main] ql.Driver: Compiling command(queryId=alex_20240424051559_6bcadefb-e586-4f06-9914-40fb9f09ca2c): create table nonAcidNonBucket(a int, b int) stored as orc TBLPROPERTIES ('transactional'='false')
2024-04-24T05:15:59,208  INFO [main] txn.TxnHandler: Added entries to MIN_HISTORY_LEVEL for current txns: ([12]) with min_open_txn: 1
2024-04-24T05:15:59,209  INFO [main] lockmgr.DbTxnManager: Opened txnid:12
2024-04-24T05:15:59,209  INFO [main] parse.CalcitePlanner: Starting caching scope for: 
2024-04-24T05:15:59,209  INFO [main] parse.CalcitePlanner: Starting Semantic Analysis
2024-04-24T05:15:59,211  INFO [main] parse.CalcitePlanner: Creating table default.nonAcidNonBucket position=13
2024-04-24T05:15:59,212  INFO [main] HiveMetaStore.audit: ugi=alex	ip=unknown-ip-addr	cmd=get_database: default	
2024-04-24T05:15:59,213  INFO [main] parse.CalcitePlanner: Ending caching scope for: 
2024-04-24T05:15:59,213  INFO [main] ql.Driver: Semantic Analysis Completed (retrial = false)
2024-04-24T05:15:59,213  INFO [main] ql.Driver: Created Hive schema: Schema(fieldSchemas:null, properties:null)
2024-04-24T05:15:59,213  INFO [main] metadata.Hive: Dumping metastore api call timing information for : compilation phase
2024-04-24T05:15:59,213  INFO [main] metadata.Hive: Total time spent in each metastore function (ms): {flushCache_()=0, commitTxn_(CommitTxnRequest)=11, openTxn_(String, TxnType)=2, isCompatibleWith_(Configuration)=0, getValidWriteIds_(List, String)=2, getDatabase_(String)=1, getValidTxns_(long)=0}
2024-04-24T05:15:59,214  INFO [main] ql.Driver: Completed compiling command(queryId=alex_20240424051559_6bcadefb-e586-4f06-9914-40fb9f09ca2c); Time taken: 0.007 seconds
2024-04-24T05:15:59,214  INFO [main] lockmgr.DbTxnManager: Setting lock request transaction to txnid:12 for queryId=alex_20240424051559_6bcadefb-e586-4f06-9914-40fb9f09ca2c
2024-04-24T05:15:59,214  INFO [main] lockmgr.DbLockManager: Requesting lock for queryId=alex_20240424051559_6bcadefb-e586-4f06-9914-40fb9f09ca2c
2024-04-24T05:15:59,229  INFO [main] lockmgr.DbLockManager: Response to queryId=alex_20240424051559_6bcadefb-e586-4f06-9914-40fb9f09ca2c LockResponse(lockid:6, state:ACQUIRED)
2024-04-24T05:15:59,229  INFO [main] ql.Driver: Operation CREATETABLE obtained 1 locks
2024-04-24T05:15:59,229  INFO [main] ql.Driver: Executing command(queryId=alex_20240424051559_6bcadefb-e586-4f06-9914-40fb9f09ca2c): create table nonAcidNonBucket(a int, b int) stored as orc TBLPROPERTIES ('transactional'='false')
2024-04-24T05:15:59,229  INFO [main] ql.Driver: Starting task [Stage-0:DDL] in serial mode
2024-04-24T05:15:59,230  INFO [main] HiveMetaStore.audit: ugi=alex	ip=unknown-ip-addr	cmd=create_table_req: Table(tableName:nonAcidNonBucket, dbName:default, owner:alex, createTime:1713960959, lastAccessTime:0, retention:0, sd:StorageDescriptor(cols:[FieldSchema(name:a, type:int, comment:null), FieldSchema(name:b, type:int, comment:null)], location:null, inputFormat:org.apache.hadoop.hive.ql.io.orc.OrcInputFormat, outputFormat:org.apache.hadoop.hive.ql.io.orc.OrcOutputFormat, compressed:false, numBuckets:-1, serdeInfo:SerDeInfo(name:null, serializationLib:org.apache.hadoop.hive.ql.io.orc.OrcSerde, parameters:{serialization.format=1}), bucketCols:[], sortCols:[], parameters:{}, skewedInfo:SkewedInfo(skewedColNames:[], skewedColValues:[], skewedColValueLocationMaps:{}), storedAsSubDirectories:false), partitionKeys:[], parameters:{totalSize=0, numFilesErasureCoded=0, numFiles=0, numRows=0, transactional=false, bucketing_version=2, COLUMN_STATS_ACCURATE={"BASIC_STATS":"true","COLUMN_STATS":{"a":"true","b":"true"}}, rawDataSize=0}, viewOriginalText:null, viewExpandedText:null, tableType:MANAGED_TABLE, privileges:PrincipalPrivilegeSet(userPrivileges:{alex=[PrivilegeGrantInfo(privilege:INSERT, createTime:-1, grantor:alex, grantorType:USER, grantOption:true), PrivilegeGrantInfo(privilege:SELECT, createTime:-1, grantor:alex, grantorType:USER, grantOption:true), PrivilegeGrantInfo(privilege:UPDATE, createTime:-1, grantor:alex, grantorType:USER, grantOption:true), PrivilegeGrantInfo(privilege:DELETE, createTime:-1, grantor:alex, grantorType:USER, grantOption:true)]}, groupPrivileges:null, rolePrivileges:null), temporary:false, catName:hive, ownerType:USER)	
2024-04-24T05:15:59,235  INFO [main] utils.FileUtils: Creating directory if it doesn't exist: file:/home/alex/Repositories/hive/ql/target/tmp/org.apache.hadoop.hive.ql.TestTxnCommands-1713960750541/warehouse/nonacidnonbucket
2024-04-24T05:15:59,250  INFO [main] metadata.Hive: Dumping metastore api call timing information for : execution phase
2024-04-24T05:15:59,250  INFO [main] metadata.Hive: Total time spent in each metastore function (ms): {isCompatibleWith_(Configuration)=0, createTable_(Table)=19}
2024-04-24T05:15:59,250  INFO [main] ql.Driver: Completed executing command(queryId=alex_20240424051559_6bcadefb-e586-4f06-9914-40fb9f09ca2c); Time taken: 0.021 seconds
2024-04-24T05:15:59,250  INFO [main] lockmgr.DbTxnManager: Stopped heartbeat for query: alex_20240424051559_6bcadefb-e586-4f06-9914-40fb9f09ca2c
2024-04-24T05:15:59,254  INFO [main] txn.TxnHandler: Expected to move at least one record from txn_components to completed_txn_components when committing txn! txnid:12
2024-04-24T05:15:59,261  INFO [main] txn.TxnHandler: Removed transactions: ([12]) from MIN_HISTORY_LEVEL
2024-04-24T05:15:59,261  WARN [main] txn.CompactionTxnHandler: No compaction queue record found for Compaction type transaction commit. txnId:12
2024-04-24T05:15:59,263  INFO [main] ql.TxnCommandsBaseForTests: Running the query: insert into acidTbl values(1,1)
2024-04-24T05:15:59,263  INFO [main] ql.Driver: Compiling command(queryId=alex_20240424051559_9efd365b-9826-4140-9ea8-7a519ce9a5ba): insert into acidTbl values(1,1)
2024-04-24T05:15:59,266  INFO [main] txn.TxnHandler: Added entries to MIN_HISTORY_LEVEL for current txns: ([13]) with min_open_txn: 1
2024-04-24T05:15:59,266  INFO [main] lockmgr.DbTxnManager: Opened txnid:13
2024-04-24T05:15:59,266  INFO [main] parse.CalcitePlanner: Starting caching scope for: alex_20240424051559_9efd365b-9826-4140-9ea8-7a519ce9a5ba
2024-04-24T05:15:59,266  INFO [main] parse.CalcitePlanner: Starting Semantic Analysis
2024-04-24T05:15:59,270  INFO [main] HiveMetaStore.audit: ugi=alex	ip=unknown-ip-addr	cmd=get_table : tbl=hive.default.acidTbl	
2024-04-24T05:15:59,291  INFO [main] metastore.HMSHandler: Skipping translation for processor with null
2024-04-24T05:15:59,291  INFO [main] parse.CalcitePlanner: Completed phase 1 of Semantic Analysis
2024-04-24T05:15:59,291  INFO [main] parse.CalcitePlanner: Get metadata for source tables
2024-04-24T05:15:59,291  INFO [main] parse.CalcitePlanner: Get metadata for subqueries
2024-04-24T05:15:59,291  INFO [main] parse.CalcitePlanner: Get metadata for destination tables
2024-04-24T05:15:59,292  INFO [main] HiveMetaStore.audit: ugi=alex	ip=unknown-ip-addr	cmd=get_table : tbl=hive.default.acidTbl	
2024-04-24T05:15:59,298  INFO [main] metastore.HMSHandler: Skipping translation for processor with null
2024-04-24T05:15:59,298  INFO [main] parse.CalcitePlanner: Completed getting MetaData in Semantic Analysis
2024-04-24T05:15:59,298  INFO [main] parse.CalcitePlanner: Disabling LLAP IO encode as ETL query is detected
2024-04-24T05:15:59,319  INFO [main] HiveMetaStore.audit: ugi=alex	ip=unknown-ip-addr	cmd=get_all_table_constraints : tbl=hive._dummy_database._dummy_table	
2024-04-24T05:15:59,387  INFO [main] parse.CalcitePlanner: Get metadata for source tables
2024-04-24T05:15:59,387  INFO [main] parse.CalcitePlanner: Get metadata for subqueries
2024-04-24T05:15:59,387  INFO [main] parse.CalcitePlanner: Get metadata for source tables
2024-04-24T05:15:59,387  INFO [main] HiveMetaStore.audit: ugi=alex	ip=unknown-ip-addr	cmd=get_table : tbl=hive._dummy_database._dummy_table	
2024-04-24T05:15:59,389  INFO [main] parse.CalcitePlanner: Get metadata for subqueries
2024-04-24T05:15:59,389  INFO [main] parse.CalcitePlanner: Get metadata for destination tables
2024-04-24T05:15:59,389  INFO [main] parse.CalcitePlanner: Get metadata for destination tables
2024-04-24T05:15:59,391  INFO [main] HiveMetaStore.audit: ugi=alex	ip=unknown-ip-addr	cmd=get_not_null_constraints : tbl=hive.default.acidtbl	
2024-04-24T05:15:59,392  INFO [main] HiveMetaStore.audit: ugi=alex	ip=unknown-ip-addr	cmd=get_check_constraints : tbl=hive.default.acidtbl	
2024-04-24T05:15:59,405  INFO [main] txn.TxnHandler: Allocated writeId: 1 for txnId: 13
2024-04-24T05:15:59,405  INFO [main] txn.TxnHandler: Allocated write ids for dbName=default, tblName=acidtbl (txnIds: [13])
2024-04-24T05:15:59,406  INFO [main] parse.CalcitePlanner: CBO Succeeded; optimized logical plan.
2024-04-24T05:15:59,411  INFO [main] optimizer.ColumnPrunerProcFactory: RS 4 oldColExprMap: {VALUE._col0=Column[_col1], KEY.reducesinkkey0=Column[_col0]}
2024-04-24T05:15:59,411  INFO [main] optimizer.ColumnPrunerProcFactory: RS 4 newColExprMap: {KEY.reducesinkkey0=Column[_col0], VALUE._col0=Column[_col1]}
2024-04-24T05:15:59,412  INFO [main] optimizer.BucketVersionPopulator: not considering bucketingVersion for: TS[0] because it has -1<2 buckets 
2024-04-24T05:15:59,413  INFO [main] optimizer.SortedDynPartitionOptimizer: Sorted dynamic partitioning optimization kicked in..
2024-04-24T05:15:59,425  INFO [main] HiveMetaStore.audit: ugi=alex	ip=unknown-ip-addr	cmd=get_table : tbl=hive.default.acidtbl	
2024-04-24T05:15:59,435  INFO [main] metastore.HMSHandler: Skipping translation for processor with null
2024-04-24T05:15:59,435  INFO [main] physical.Vectorizer: Examining input format to see if vectorization is enabled.
2024-04-24T05:15:59,436  INFO [main] physical.Vectorizer: Map vectorization enabled: false
2024-04-24T05:15:59,436  INFO [main] physical.Vectorizer: Map vectorized: false
2024-04-24T05:15:59,436  INFO [main] physical.Vectorizer: Map vectorizedVertexNum: 0
2024-04-24T05:15:59,436  INFO [main] physical.Vectorizer: Map enabledConditionsMet: [hive.vectorized.use.vectorized.input.format IS true]
2024-04-24T05:15:59,436  INFO [main] physical.Vectorizer: Map enabledConditionsNotMet: [Could not enable vectorization due to partition column names size 1 is greater than the number of table column names size 0 IS false]
2024-04-24T05:15:59,436  INFO [main] physical.Vectorizer: Map inputFileFormatClassNameSet: [org.apache.hadoop.hive.ql.io.NullRowsInputFormat]
2024-04-24T05:15:59,436  INFO [main] physical.Vectorizer: Reduce vectorization enabled: false
2024-04-24T05:15:59,436  INFO [main] physical.Vectorizer: Reduce vectorized: false
2024-04-24T05:15:59,436  INFO [main] physical.Vectorizer: Reduce vectorizedVertexNum: 1
2024-04-24T05:15:59,436  INFO [main] physical.Vectorizer: Reducer hive.vectorized.execution.reduce.enabled: true
2024-04-24T05:15:59,436  INFO [main] physical.Vectorizer: Reducer engine: mr
2024-04-24T05:15:59,436  INFO [main] parse.CalcitePlanner: Completed plan generation
2024-04-24T05:15:59,436  INFO [main] parse.CalcitePlanner: Ending caching scope for: alex_20240424051559_9efd365b-9826-4140-9ea8-7a519ce9a5ba
2024-04-24T05:15:59,436  INFO [main] ql.Driver: Semantic Analysis Completed (retrial = false)
2024-04-24T05:15:59,436  INFO [main] ql.Driver: Created Hive schema: Schema(fieldSchemas:[FieldSchema(name:col1, type:int, comment:null), FieldSchema(name:col2, type:int, comment:null)], properties:null)
2024-04-24T05:15:59,436  INFO [main] metadata.Hive: Dumping metastore api call timing information for : compilation phase
2024-04-24T05:15:59,436  INFO [main] metadata.Hive: Total time spent in each metastore function (ms): {getValidTxns_(long)=0, getValidWriteIds_(List, String)=3, getNotNullConstraints_(NotNullConstraintsRequest)=2, getCheckConstraints_(CheckConstraintsRequest)=2, isCompatibleWith_(Configuration)=0, getTable_(GetTableRequest)=40, openTxn_(String, TxnType)=2, getAllTableConstraints_(AllTableConstraintsRequest)=26, allocateTableWriteId_(long, String, String)=12, commitTxn_(CommitTxnRequest)=12, flushCache_()=0}
2024-04-24T05:15:59,437  INFO [main] ql.Driver: Completed compiling command(queryId=alex_20240424051559_9efd365b-9826-4140-9ea8-7a519ce9a5ba); Time taken: 0.173 seconds
2024-04-24T05:15:59,437  INFO [main] lockmgr.DbTxnManager: Setting lock request transaction to txnid:13 for queryId=alex_20240424051559_9efd365b-9826-4140-9ea8-7a519ce9a5ba
2024-04-24T05:15:59,437  INFO [main] lockmgr.DbLockManager: Requesting lock for queryId=alex_20240424051559_9efd365b-9826-4140-9ea8-7a519ce9a5ba
2024-04-24T05:15:59,462  INFO [main] lockmgr.DbLockManager: Response to queryId=alex_20240424051559_9efd365b-9826-4140-9ea8-7a519ce9a5ba LockResponse(lockid:7, state:ACQUIRED)
2024-04-24T05:15:59,462  INFO [main] ql.Driver: Operation QUERY obtained 1 locks
2024-04-24T05:15:59,464  INFO [main] ql.Driver: Executing command(queryId=alex_20240424051559_9efd365b-9826-4140-9ea8-7a519ce9a5ba): insert into acidTbl values(1,1)
2024-04-24T05:15:59,465  WARN [main] ql.Driver: Hive-on-MR is deprecated in Hive 2 and may not be available in the future versions. Consider using a different execution engine (i.e. spark, tez) or using Hive 1.X releases.
Query ID = alex_20240424051559_9efd365b-9826-4140-9ea8-7a519ce9a5ba
2024-04-24T05:15:59,465  INFO [main] ql.Driver: Query ID = alex_20240424051559_9efd365b-9826-4140-9ea8-7a519ce9a5ba
Total jobs = 1
2024-04-24T05:15:59,465  INFO [main] ql.Driver: Total jobs = 1
Launching Job 1 out of 1
2024-04-24T05:15:59,465  INFO [main] ql.Driver: Launching Job 1 out of 1
2024-04-24T05:15:59,606  INFO [main] ql.Driver: Starting task [Stage-1:MAPRED] in serial mode
Number of reduce tasks determined at compile time: 1
2024-04-24T05:15:59,606  INFO [main] exec.Task: Number of reduce tasks determined at compile time: 1
In order to change the average load for a reducer (in bytes):
2024-04-24T05:15:59,606  INFO [main] exec.Task: In order to change the average load for a reducer (in bytes):
  set hive.exec.reducers.bytes.per.reducer=<number>
2024-04-24T05:15:59,606  INFO [main] exec.Task:   set hive.exec.reducers.bytes.per.reducer=<number>
In order to limit the maximum number of reducers:
2024-04-24T05:15:59,606  INFO [main] exec.Task: In order to limit the maximum number of reducers:
  set hive.exec.reducers.max=<number>
2024-04-24T05:15:59,606  INFO [main] exec.Task:   set hive.exec.reducers.max=<number>
In order to set a constant number of reducers:
2024-04-24T05:15:59,607  INFO [main] exec.Task: In order to set a constant number of reducers:
  set mapreduce.job.reduces=<number>
2024-04-24T05:15:59,607  INFO [main] exec.Task:   set mapreduce.job.reduces=<number>
2024-04-24T05:15:59,609  INFO [main] mr.ExecDriver: Using org.apache.hadoop.hive.ql.io.HiveInputFormat
2024-04-24T05:15:59,609  INFO [main] exec.Utilities: Processing alias $hdt$_0:_dummy_table
2024-04-24T05:15:59,609  INFO [main] exec.Utilities: Adding 1 inputs; the first input is file:/home/alex/Repositories/hive/ql/target/tmp/localscratchdir/132a7943-fb35-4d8c-86e1-83088f13f5ff/hive_2024-04-24_05-15-59_263_5030042398844677964-1/dummy_path
2024-04-24T05:15:59,618  INFO [main] exec.SerializationUtilities: Serializing MapWork using kryo
2024-04-24T05:15:59,619  INFO [main] exec.Utilities: Serialized plan (via FILE) - name: null size: 5,26KB
2024-04-24T05:15:59,623  INFO [main] exec.SerializationUtilities: Serializing ReduceWork using kryo
2024-04-24T05:15:59,624  INFO [main] exec.Utilities: Serialized plan (via FILE) - name: null size: 5,90KB
2024-04-24T05:15:59,625  WARN [main] impl.MetricsSystemImpl: JobTracker metrics system already initialized!
2024-04-24T05:15:59,628  INFO [main] fs.FSStatsPublisher: created : file:/home/alex/Repositories/hive/ql/target/tmp/localscratchdir/132a7943-fb35-4d8c-86e1-83088f13f5ff/hive_2024-04-24_05-15-59_263_5030042398844677964-1/-mr-10000
2024-04-24T05:15:59,630  WARN [main] impl.MetricsSystemImpl: JobTracker metrics system already initialized!
2024-04-24T05:15:59,637  WARN [main] mapreduce.JobResourceUploader: Hadoop command-line option parsing not performed. Implement the Tool interface and execute your application with ToolRunner to remedy this.
2024-04-24T05:15:59,641  WARN [main] mapreduce.JobResourceUploader: No job jar file set.  User classes may not be found. See Job or Job#setJar(String).
2024-04-24T05:15:59,642  INFO [main] io.HiveInputFormat: hive.io.file.readcolumn.ids = 
2024-04-24T05:15:59,642  INFO [main] io.HiveInputFormat: hive.io.file.readcolumn.names = 
2024-04-24T05:15:59,642  INFO [main] io.HiveInputFormat: Generating splits for dirs: file:/home/alex/Repositories/hive/ql/target/tmp/localscratchdir/132a7943-fb35-4d8c-86e1-83088f13f5ff/hive_2024-04-24_05-15-59_263_5030042398844677964-1/dummy_path
2024-04-24T05:15:59,642  INFO [main] io.HiveInputFormat: number of splits 1
2024-04-24T05:15:59,659  INFO [main] mapreduce.JobSubmitter: number of splits:1
2024-04-24T05:15:59,676  INFO [main] mapreduce.JobSubmitter: Submitting tokens for job: job_local527800787_0082
2024-04-24T05:15:59,676  INFO [main] mapreduce.JobSubmitter: Executing with tokens: []
2024-04-24T05:15:59,736  INFO [main] mapreduce.Job: The url to track the job: http://localhost:8080/
Job running in-process (local Hadoop)
2024-04-24T05:15:59,736  INFO [main] exec.Task: Job running in-process (local Hadoop)
2024-04-24T05:15:59,736  INFO [Thread-6744] mapred.LocalJobRunner: OutputCommitter set in config org.apache.hadoop.hive.ql.io.HiveFileFormatUtils$NullOutputCommitter
2024-04-24T05:15:59,737  INFO [Thread-6744] mapred.LocalJobRunner: OutputCommitter is org.apache.hadoop.hive.ql.io.HiveFileFormatUtils$NullOutputCommitter
2024-04-24T05:15:59,738  INFO [Thread-6744] mapred.LocalJobRunner: Waiting for map tasks
2024-04-24T05:15:59,738  INFO [LocalJobRunner Map Task Executor #0] mapred.LocalJobRunner: Starting task: attempt_local527800787_0082_m_000000_0
2024-04-24T05:15:59,740  INFO [LocalJobRunner Map Task Executor #0] mapred.Task:  Using ResourceCalculatorProcessTree : [ ]
2024-04-24T05:15:59,741  INFO [LocalJobRunner Map Task Executor #0] mapred.MapTask: Processing split: org.apache.hadoop.hive.ql.io.NullRowsInputFormat:file:/home/alex/Repositories/hive/ql/target/tmp/localscratchdir/132a7943-fb35-4d8c-86e1-83088f13f5ff/hive_2024-04-24_05-15-59_263_5030042398844677964-1/dummy_path/null:0+1
2024-04-24T05:15:59,743  INFO [LocalJobRunner Map Task Executor #0] exec.SerializationUtilities: Deserializing MapWork using kryo
2024-04-24T05:15:59,743  INFO [LocalJobRunner Map Task Executor #0] exec.Utilities: Deserialized plan (via FILE) - name: null size: 5,26KB
2024-04-24T05:15:59,743  INFO [LocalJobRunner Map Task Executor #0] mapred.MapTask: numReduceTasks: 1
2024-04-24T05:15:59,747  INFO [LocalJobRunner Map Task Executor #0] mapred.MapTask: (EQUATOR) 0 kvi 26214396(104857584)
2024-04-24T05:15:59,747  INFO [LocalJobRunner Map Task Executor #0] mapred.MapTask: mapreduce.task.io.sort.mb: 100
2024-04-24T05:15:59,747  INFO [LocalJobRunner Map Task Executor #0] mapred.MapTask: soft limit at 83886080
2024-04-24T05:15:59,747  INFO [LocalJobRunner Map Task Executor #0] mapred.MapTask: bufstart = 0; bufvoid = 104857600
2024-04-24T05:15:59,747  INFO [LocalJobRunner Map Task Executor #0] mapred.MapTask: kvstart = 26214396; length = 6553600
2024-04-24T05:15:59,748  INFO [LocalJobRunner Map Task Executor #0] mapred.MapTask: Map output collector class = org.apache.hadoop.mapred.MapTask$MapOutputBuffer
2024-04-24T05:15:59,748  INFO [LocalJobRunner Map Task Executor #0] exec.MapOperator: Initializing Operator: MAP[0]
2024-04-24T05:15:59,749  INFO [LocalJobRunner Map Task Executor #0] mr.ExecMapper: 
<MAP>Id =0
  <Children>null
  <\Children>
  <Parent><\Parent>
<\MAP>
2024-04-24T05:15:59,749  INFO [LocalJobRunner Map Task Executor #0] exec.TableScanOperator: Initializing Operator: TS[0]
2024-04-24T05:15:59,749  INFO [LocalJobRunner Map Task Executor #0] exec.SelectOperator: Initializing Operator: SEL[1]
2024-04-24T05:15:59,749  INFO [LocalJobRunner Map Task Executor #0] exec.SelectOperator: SELECT null
2024-04-24T05:15:59,750  INFO [LocalJobRunner Map Task Executor #0] exec.UDTFOperator: Initializing Operator: UDTF[2]
2024-04-24T05:15:59,750  INFO [LocalJobRunner Map Task Executor #0] exec.SelectOperator: Initializing Operator: SEL[3]
2024-04-24T05:15:59,750  INFO [LocalJobRunner Map Task Executor #0] exec.SelectOperator: SELECT struct<col1:int,col2:int>
2024-04-24T05:15:59,750  INFO [LocalJobRunner Map Task Executor #0] exec.ReduceSinkOperator: Initializing Operator: RS[4]
2024-04-24T05:15:59,750  INFO [LocalJobRunner Map Task Executor #0] exec.ReduceSinkOperator: Using tag = -1
2024-04-24T05:15:59,750  INFO [LocalJobRunner Map Task Executor #0] exec.ReduceSinkOperator: keys are [reducesinkkey0] num distributions: 1
2024-04-24T05:15:59,750  INFO [LocalJobRunner Map Task Executor #0] exec.ReduceSinkOperator: RS[4]: records written - 1
2024-04-24T05:15:59,750  INFO [LocalJobRunner Map Task Executor #0] exec.MapOperator: MAP[0]: records read - 1
2024-04-24T05:15:59,751  INFO [LocalJobRunner Map Task Executor #0] exec.MapOperator: Closing Operator: MAP[0]
2024-04-24T05:15:59,751  INFO [LocalJobRunner Map Task Executor #0] exec.MapOperator: MAP[0]: Total records read - 3. abort - false
2024-04-24T05:15:59,751  INFO [LocalJobRunner Map Task Executor #0] exec.MapOperator: RECORDS_IN:3, RECORDS_OUT_INTERMEDIATE:0, DESERIALIZE_ERRORS:0, RECORDS_OUT_OPERATOR_MAP_0:0, 
2024-04-24T05:15:59,751  INFO [LocalJobRunner Map Task Executor #0] exec.TableScanOperator: Closing Operator: TS[0]
2024-04-24T05:15:59,751  INFO [LocalJobRunner Map Task Executor #0] exec.TableScanOperator: RECORDS_OUT_INTERMEDIATE:0, RECORDS_OUT_OPERATOR_TS_0:1, 
2024-04-24T05:15:59,751  INFO [LocalJobRunner Map Task Executor #0] exec.SelectOperator: Closing Operator: SEL[1]
2024-04-24T05:15:59,751  INFO [LocalJobRunner Map Task Executor #0] exec.SelectOperator: RECORDS_OUT_INTERMEDIATE:0, RECORDS_OUT_OPERATOR_SEL_1:1, 
2024-04-24T05:15:59,751  INFO [LocalJobRunner Map Task Executor #0] exec.UDTFOperator: Closing Operator: UDTF[2]
2024-04-24T05:15:59,751  INFO [LocalJobRunner Map Task Executor #0] exec.UDTFOperator: RECORDS_OUT_OPERATOR_UDTF_2:1, RECORDS_OUT_INTERMEDIATE:0, 
2024-04-24T05:15:59,751  INFO [LocalJobRunner Map Task Executor #0] exec.SelectOperator: Closing Operator: SEL[3]
2024-04-24T05:15:59,751  INFO [LocalJobRunner Map Task Executor #0] exec.SelectOperator: RECORDS_OUT_OPERATOR_SEL_3:1, RECORDS_OUT_INTERMEDIATE:0, 
2024-04-24T05:15:59,751  INFO [LocalJobRunner Map Task Executor #0] exec.ReduceSinkOperator: Closing Operator: RS[4]
2024-04-24T05:15:59,751  INFO [LocalJobRunner Map Task Executor #0] exec.ReduceSinkOperator: RS[4]: Total records written - 1. abort - false
2024-04-24T05:15:59,751  INFO [LocalJobRunner Map Task Executor #0] exec.ReduceSinkOperator: RECORDS_OUT_INTERMEDIATE:1, RECORDS_OUT_OPERATOR_RS_4:1, 
2024-04-24T05:15:59,753  INFO [LocalJobRunner Map Task Executor #0] mapred.LocalJobRunner: 
2024-04-24T05:15:59,753  INFO [LocalJobRunner Map Task Executor #0] mapred.MapTask: Starting flush of map output
2024-04-24T05:15:59,753  INFO [LocalJobRunner Map Task Executor #0] mapred.MapTask: Spilling map output
2024-04-24T05:15:59,753  INFO [LocalJobRunner Map Task Executor #0] mapred.MapTask: bufstart = 0; bufend = 16; bufvoid = 104857600
2024-04-24T05:15:59,753  INFO [LocalJobRunner Map Task Executor #0] mapred.MapTask: kvstart = 26214396(104857584); kvend = 26214396(104857584); length = 1/6553600
2024-04-24T05:15:59,763  INFO [LocalJobRunner Map Task Executor #0] mapred.MapTask: Finished spill 0
2024-04-24T05:15:59,768  INFO [LocalJobRunner Map Task Executor #0] mapred.Task: Task:attempt_local527800787_0082_m_000000_0 is done. And is in the process of committing
2024-04-24T05:15:59,768  INFO [LocalJobRunner Map Task Executor #0] mapred.LocalJobRunner: map
2024-04-24T05:15:59,768  INFO [LocalJobRunner Map Task Executor #0] mapred.Task: Task 'attempt_local527800787_0082_m_000000_0' done.
2024-04-24T05:15:59,768  INFO [LocalJobRunner Map Task Executor #0] mapred.Task: Final Counters for attempt_local527800787_0082_m_000000_0: Counters: 31
	File System Counters
		FILE: Number of bytes read=1782123
		FILE: Number of bytes written=102815361
		FILE: Number of read operations=0
		FILE: Number of large read operations=0
		FILE: Number of write operations=0
		HDFS: Number of bytes read=0
		HDFS: Number of bytes written=0
		HDFS: Number of read operations=0
		HDFS: Number of large read operations=0
		HDFS: Number of write operations=0
	Map-Reduce Framework
		Map input records=4
		Map output records=1
		Map output bytes=16
		Map output materialized bytes=24
		Input split bytes=361
		Combine input records=0
		Spilled Records=1
		Failed Shuffles=0
		Merged Map outputs=0
		GC time elapsed (ms)=0
		Total committed heap usage (bytes)=1510998016
	HIVE
		DESERIALIZE_ERRORS=0
		RECORDS_IN=3
		RECORDS_OUT_INTERMEDIATE=1
		RECORDS_OUT_OPERATOR_MAP_0=0
		RECORDS_OUT_OPERATOR_RS_4=1
		RECORDS_OUT_OPERATOR_SEL_1=1
		RECORDS_OUT_OPERATOR_SEL_3=1
		RECORDS_OUT_OPERATOR_TS_0=1
		RECORDS_OUT_OPERATOR_UDTF_2=1
	File Input Format Counters 
		Bytes Read=5315
2024-04-24T05:15:59,768  INFO [LocalJobRunner Map Task Executor #0] mapred.LocalJobRunner: Finishing task: attempt_local527800787_0082_m_000000_0
2024-04-24T05:15:59,769  INFO [Thread-6744] mapred.LocalJobRunner: map task executor complete.
2024-04-24T05:15:59,769  INFO [Thread-6744] mapred.LocalJobRunner: Waiting for reduce tasks
2024-04-24T05:15:59,769  INFO [pool-386-thread-1] mapred.LocalJobRunner: Starting task: attempt_local527800787_0082_r_000000_0
2024-04-24T05:15:59,772  INFO [pool-386-thread-1] mapred.Task:  Using ResourceCalculatorProcessTree : [ ]
2024-04-24T05:15:59,772  INFO [pool-386-thread-1] mapred.ReduceTask: Using ShuffleConsumerPlugin: org.apache.hadoop.mapreduce.task.reduce.Shuffle@2f4c944f
2024-04-24T05:15:59,772  WARN [pool-386-thread-1] impl.MetricsSystemImpl: JobTracker metrics system already initialized!
2024-04-24T05:15:59,772  INFO [pool-386-thread-1] reduce.MergeManagerImpl: MergerManager: memoryLimit=1336252800, maxSingleShuffleLimit=334063200, mergeThreshold=881926912, ioSortFactor=10, memToMemMergeOutputsThreshold=10
2024-04-24T05:15:59,773  INFO [EventFetcher for fetching Map Completion Events] reduce.EventFetcher: attempt_local527800787_0082_r_000000_0 Thread started: EventFetcher for fetching Map Completion Events
2024-04-24T05:15:59,776  INFO [localfetcher#107] reduce.LocalFetcher: localfetcher#107 about to shuffle output of map attempt_local527800787_0082_m_000000_0 decomp: 20 len: 24 to MEMORY
2024-04-24T05:15:59,776  INFO [localfetcher#107] reduce.InMemoryMapOutput: Read 20 bytes from map-output for attempt_local527800787_0082_m_000000_0
2024-04-24T05:15:59,776  INFO [localfetcher#107] reduce.MergeManagerImpl: closeInMemoryFile -> map-output of size: 20, inMemoryMapOutputs.size() -> 1, commitMemory -> 0, usedMemory ->20
2024-04-24T05:15:59,777  INFO [EventFetcher for fetching Map Completion Events] reduce.EventFetcher: EventFetcher is interrupted.. Returning
2024-04-24T05:15:59,777  INFO [pool-386-thread-1] mapred.LocalJobRunner: 1 / 1 copied.
2024-04-24T05:15:59,777  INFO [pool-386-thread-1] reduce.MergeManagerImpl: finalMerge called with 1 in-memory map-outputs and 0 on-disk map-outputs
2024-04-24T05:15:59,783  INFO [pool-386-thread-1] mapred.Merger: Merging 1 sorted segments
2024-04-24T05:15:59,783  INFO [pool-386-thread-1] mapred.Merger: Down to the last merge-pass, with 1 segments left of total size: 8 bytes
2024-04-24T05:15:59,786  INFO [pool-386-thread-1] reduce.MergeManagerImpl: Merged 1 segments, 20 bytes to disk to satisfy reduce memory limit
2024-04-24T05:15:59,786  INFO [pool-386-thread-1] reduce.MergeManagerImpl: Merging 1 files, 24 bytes from disk
2024-04-24T05:15:59,786  INFO [pool-386-thread-1] reduce.MergeManagerImpl: Merging 0 segments, 0 bytes from memory into reduce
2024-04-24T05:15:59,786  INFO [pool-386-thread-1] mapred.Merger: Merging 1 sorted segments
2024-04-24T05:15:59,786  INFO [pool-386-thread-1] mapred.Merger: Down to the last merge-pass, with 1 segments left of total size: 8 bytes
2024-04-24T05:15:59,786  INFO [pool-386-thread-1] mapred.LocalJobRunner: 1 / 1 copied.
2024-04-24T05:15:59,787  INFO [pool-386-thread-1] exec.SerializationUtilities: Deserializing ReduceWork using kryo
2024-04-24T05:15:59,787  INFO [pool-386-thread-1] exec.Utilities: Deserialized plan (via FILE) - name: null size: 5,90KB
2024-04-24T05:15:59,788  INFO [pool-386-thread-1] ExecReducer: 
<SEL>Id =5
  <Children>
    <FS>Id =6
      <Children>
      <\Children>
      <Parent>Id = 5 null<\Parent>
    <\FS>
  <\Children>
  <Parent><\Parent>
<\SEL>
2024-04-24T05:15:59,788  INFO [pool-386-thread-1] exec.SelectOperator: Initializing Operator: SEL[5]
2024-04-24T05:15:59,788  INFO [pool-386-thread-1] exec.SelectOperator: SELECT struct<key:struct<reducesinkkey0:int>,value:struct<_col0:int>>
2024-04-24T05:15:59,788  INFO [pool-386-thread-1] exec.FileSinkOperator: Initializing Operator: FS[6]
2024-04-24T05:15:59,788  INFO [pool-386-thread-1] exec.FileSinkOperator: Using serializer : AbstractSerDe [log=org.apache.logging.slf4j.Log4jLogger@a925655, configuration=Optional[Configuration: core-default.xml, core-site.xml, mapred-default.xml, mapred-site.xml, yarn-default.xml, yarn-site.xml, hdfs-default.xml, hdfs-site.xml, file:/home/alex/Repositories/hive/ql/target/tmp/TestTxnCommandsWithSplitUpdateAndVectorization/mapred/local/localRunner/alex/job_local527800787_0082/job_local527800787_0082.xml], properties={transactional_properties=default, name=default.acidtbl, transactional=true, columns.types=int:int, bucket_field_name=a, columns=a,b, numFilesErasureCoded=0, columns.comments=&amp#0;, bucketing_version=2, bucket_count=2, serialization.lib=org.apache.hadoop.hive.ql.io.orc.OrcSerde, file.inputformat=org.apache.hadoop.hive.ql.io.orc.OrcInputFormat, file.outputformat=org.apache.hadoop.hive.ql.io.orc.OrcOutputFormat, location=file:/home/alex/Repositories/hive/ql/target/tmp/org.apache.hadoop.hive.ql.TestTxnCommands-1713960750541/warehouse/acidtbl, column.name.delimiter=,}, tableProperties={transactional_properties=default, name=default.acidtbl, transactional=true, columns.types=int:int, bucket_field_name=a, columns=a,b, numFilesErasureCoded=0, columns.comments=&amp#0;, bucketing_version=2, bucket_count=2, serialization.lib=org.apache.hadoop.hive.ql.io.orc.OrcSerde, file.inputformat=org.apache.hadoop.hive.ql.io.orc.OrcInputFormat, location=file:/home/alex/Repositories/hive/ql/target/tmp/org.apache.hadoop.hive.ql.TestTxnCommands-1713960750541/warehouse/acidtbl, file.outputformat=org.apache.hadoop.hive.ql.io.orc.OrcOutputFormat, column.name.delimiter=,}, partitionProperties=Optional.empty, columnNames=[a, b], columnTypes=[int, int], getClass()=class org.apache.hadoop.hive.ql.io.orc.OrcSerde] and formatter : org.apache.hadoop.hive.ql.io.orc.OrcOutputFormat@59921057
2024-04-24T05:15:59,789  INFO [pool-386-thread-1] exec.FileSinkOperator: Final Path: FS file:/home/alex/Repositories/hive/ql/target/tmp/org.apache.hadoop.hive.ql.TestTxnCommands-1713960750541/warehouse/acidtbl
2024-04-24T05:15:59,789  INFO [pool-386-thread-1] exec.FileSinkOperator: New Final Path: FS file:/home/alex/Repositories/hive/ql/target/tmp/org.apache.hadoop.hive.ql.TestTxnCommands-1713960750541/warehouse/acidtbl
2024-04-24T05:15:59,789  INFO [pool-386-thread-1] common.FileUtils: Creating directory if it doesn't exist: file:/home/alex/Repositories/hive/ql/target/tmp/org.apache.hadoop.hive.ql.TestTxnCommands-1713960750541/warehouse
2024-04-24T05:15:59,790  INFO [pool-386-thread-1] exec.FileSinkOperator: Final Path: FS file:/home/alex/Repositories/hive/ql/target/tmp/org.apache.hadoop.hive.ql.TestTxnCommands-1713960750541/warehouse/acidtbl
2024-04-24T05:15:59,790  INFO [pool-386-thread-1] exec.FileSinkOperator: New Final Path: FS file:/home/alex/Repositories/hive/ql/target/tmp/org.apache.hadoop.hive.ql.TestTxnCommands-1713960750541/warehouse/acidtbl
2024-04-24T05:15:59,790  INFO [pool-386-thread-1] common.FileUtils: Creating directory if it doesn't exist: file:/home/alex/Repositories/hive/ql/target/tmp/org.apache.hadoop.hive.ql.TestTxnCommands-1713960750541/warehouse
2024-04-24T05:15:59,790  INFO [pool-386-thread-1] exec.FileSinkOperator: FS[6]: records written - 1
2024-04-24T05:15:59,790  INFO [pool-386-thread-1] impl.PhysicalFsWriter: ORC writer created for path: file:/home/alex/Repositories/hive/ql/target/tmp/org.apache.hadoop.hive.ql.TestTxnCommands-1713960750541/warehouse/acidtbl/delta_0000001_0000001_0000/bucket_00001_0 with stripeSize: 8388608 blockSize: 268435456 compression: Compress: ZLIB buffer: 32768
2024-04-24T05:15:59,799  INFO [pool-386-thread-1] impl.WriterImpl: ORC writer created for path: file:/home/alex/Repositories/hive/ql/target/tmp/org.apache.hadoop.hive.ql.TestTxnCommands-1713960750541/warehouse/acidtbl/delta_0000001_0000001_0000/bucket_00001_0 with stripeSize: 8388608 options: Compress: ZLIB buffer: 32768
2024-04-24T05:15:59,804  INFO [pool-386-thread-1] exec.SelectOperator: Closing Operator: SEL[5]
2024-04-24T05:15:59,804  INFO [pool-386-thread-1] exec.SelectOperator: RECORDS_OUT_INTERMEDIATE:0, RECORDS_OUT_OPERATOR_SEL_5:1, 
2024-04-24T05:15:59,804  INFO [pool-386-thread-1] exec.FileSinkOperator: Closing Operator: FS[6]
2024-04-24T05:15:59,804  INFO [pool-386-thread-1] exec.FileSinkOperator: FS[6]: records written - 1
2024-04-24T05:15:59,806  INFO [pool-386-thread-1] FileOperations: Writing manifest to file:/home/alex/Repositories/hive/ql/target/tmp/org.apache.hadoop.hive.ql.TestTxnCommands-1713960750541/warehouse/acidtbl/_tmp.delta_0000001_0000001_0000/000000_0.manifest with [file:/home/alex/Repositories/hive/ql/target/tmp/org.apache.hadoop.hive.ql.TestTxnCommands-1713960750541/warehouse/acidtbl/delta_0000001_0000001_0000/bucket_00001_0]
2024-04-24T05:15:59,819  INFO [pool-386-thread-1] exec.FileSinkOperator: RECORDS_OUT_1_default.acidtbl:1, TOTAL_TABLE_ROWS_WRITTEN:1, RECORDS_OUT_INTERMEDIATE:0, RECORDS_OUT_OPERATOR_FS_6:1, 
2024-04-24T05:15:59,820  INFO [pool-386-thread-1] mapred.Task: Task:attempt_local527800787_0082_r_000000_0 is done. And is in the process of committing
2024-04-24T05:15:59,820  INFO [pool-386-thread-1] mapred.LocalJobRunner: reduce > reduce
2024-04-24T05:15:59,820  INFO [pool-386-thread-1] mapred.Task: Task 'attempt_local527800787_0082_r_000000_0' done.
2024-04-24T05:15:59,820  INFO [pool-386-thread-1] mapred.Task: Final Counters for attempt_local527800787_0082_r_000000_0: Counters: 35
	File System Counters
		FILE: Number of bytes read=1788159
		FILE: Number of bytes written=102816388
		FILE: Number of read operations=0
		FILE: Number of large read operations=0
		FILE: Number of write operations=0
		HDFS: Number of bytes read=0
		HDFS: Number of bytes written=0
		HDFS: Number of read operations=0
		HDFS: Number of large read operations=0
		HDFS: Number of write operations=0
	Map-Reduce Framework
		Combine input records=0
		Combine output records=0
		Reduce input groups=1
		Reduce shuffle bytes=24
		Reduce input records=1
		Reduce output records=0
		Spilled Records=1
		Shuffled Maps =1
		Failed Shuffles=0
		Merged Map outputs=1
		GC time elapsed (ms)=0
		Total committed heap usage (bytes)=1510998016
	HIVE
		CREATED_FILES=2
		RECORDS_OUT_1_default.acidtbl=1
		RECORDS_OUT_INTERMEDIATE=0
		RECORDS_OUT_OPERATOR_FS_6=1
		RECORDS_OUT_OPERATOR_SEL_5=1
		TOTAL_TABLE_ROWS_WRITTEN=1
	Shuffle Errors
		BAD_ID=0
		CONNECTION=0
		IO_ERROR=0
		WRONG_LENGTH=0
		WRONG_MAP=0
		WRONG_REDUCE=0
	File Output Format Counters 
		Bytes Written=0
2024-04-24T05:15:59,820  INFO [pool-386-thread-1] mapred.LocalJobRunner: Finishing task: attempt_local527800787_0082_r_000000_0
2024-04-24T05:15:59,821  INFO [Thread-6744] mapred.LocalJobRunner: reduce task executor complete.
2024-04-24 05:16:00,738 Stage-1 map = 100%,  reduce = 100%
2024-04-24T05:16:00,738  INFO [main] exec.Task: 2024-04-24 05:16:00,738 Stage-1 map = 100%,  reduce = 100%
Ended Job = job_local527800787_0082
2024-04-24T05:16:00,740  INFO [main] exec.Task: Ended Job = job_local527800787_0082
2024-04-24T05:16:00,741  INFO [main] FileOperations: Found manifest file file:/home/alex/Repositories/hive/ql/target/tmp/org.apache.hadoop.hive.ql.TestTxnCommands-1713960750541/warehouse/acidtbl/_tmp.delta_0000001_0000001_0000/000000_0.manifest with attemptId 0.
2024-04-24T05:16:00,741  INFO [main] FileOperations: Looking at manifest file: file:/home/alex/Repositories/hive/ql/target/tmp/org.apache.hadoop.hive.ql.TestTxnCommands-1713960750541/warehouse/acidtbl/_tmp.delta_0000001_0000001_0000/000000_0.manifest
2024-04-24T05:16:00,741  INFO [main] FileOperations: Deleting manifest directory file:/home/alex/Repositories/hive/ql/target/tmp/org.apache.hadoop.hive.ql.TestTxnCommands-1713960750541/warehouse/acidtbl/_tmp.delta_0000001_0000001_0000
2024-04-24T05:16:00,742  INFO [main] ql.Driver: Starting task [Stage-0:MOVE] in serial mode
Loading data to table default.acidtbl
2024-04-24T05:16:00,742  INFO [main] exec.Task: Loading data to table default.acidtbl from file:/home/alex/Repositories/hive/ql/target/tmp/org.apache.hadoop.hive.ql.TestTxnCommands-1713960750541/warehouse/acidtbl
2024-04-24T05:16:00,742  INFO [main] HiveMetaStore.audit: ugi=alex	ip=unknown-ip-addr	cmd=get_table : tbl=hive.default.acidtbl	
2024-04-24T05:16:00,749  INFO [main] metastore.HMSHandler: Skipping translation for processor with null
2024-04-24T05:16:00,749  INFO [main] HiveMetaStore.audit: ugi=alex	ip=unknown-ip-addr	cmd=get_table : tbl=hive.default.acidtbl	
2024-04-24T05:16:00,755  INFO [main] metastore.HMSHandler: Skipping translation for processor with null
2024-04-24T05:16:00,755  INFO [main] HiveMetaStore.audit: ugi=alex	ip=unknown-ip-addr	cmd=alter_table: hive.default.acidtbl newtbl=acidtbl	
2024-04-24T05:16:00,789  INFO [main] ql.Driver: Starting task [Stage-2:STATS] in serial mode
2024-04-24T05:16:00,789  INFO [main] HiveMetaStore.audit: ugi=alex	ip=unknown-ip-addr	cmd=get_table : tbl=hive.default.acidtbl	
2024-04-24T05:16:00,795  INFO [main] metastore.HMSHandler: Skipping translation for processor with null
2024-04-24T05:16:00,795  INFO [main] stats.BasicStatsTask: Executing stats task
2024-04-24T05:16:00,795  INFO [main] fs.FSStatsPublisher: created : file:/home/alex/Repositories/hive/ql/target/tmp/localscratchdir/132a7943-fb35-4d8c-86e1-83088f13f5ff/hive_2024-04-24_05-15-59_263_5030042398844677964-1/-mr-10000
2024-04-24T05:16:00,796  INFO [main] HiveMetaStore.audit: ugi=alex	ip=unknown-ip-addr	cmd=get_table : tbl=hive.default.acidtbl	
2024-04-24T05:16:00,802  INFO [main] metastore.HMSHandler: Skipping translation for processor with null
2024-04-24T05:16:00,810  WARN [main] FileOperations: Computing stats for an ACID table; stats may be inaccurate
2024-04-24T05:16:00,810  INFO [main] FileOperations: Read stats for default.acidtbl/, numRows, true, 1, false: 
2024-04-24T05:16:00,811  INFO [main] FileOperations: Read stats for default.acidtbl/, rawDataSize, true, 0, false: 
2024-04-24T05:16:00,811  INFO [main] HiveMetaStore.audit: ugi=alex	ip=unknown-ip-addr	cmd=alter_table: hive.default.acidtbl newtbl=acidtbl	
2024-04-24T05:16:00,830  INFO [main] FileOperations: Read stats for default.acidtbl/, insertCount, true, 1, false: 
2024-04-24T05:16:00,830  INFO [main] FileOperations: Read stats for default.acidtbl/, updateCount, true, 0, false: 
2024-04-24T05:16:00,830  INFO [main] FileOperations: Read stats for default.acidtbl/, deleteCount, true, 0, false: 
2024-04-24T05:16:00,833  INFO [main] stats.BasicStatsTask: Table default.acidtbl stats: [numFiles=1, numRows=1, totalSize=659, rawDataSize=0, numFilesErasureCoded=0]
2024-04-24T05:16:00,833  INFO [main] metadata.Hive: Dumping metastore api call timing information for : execution phase
2024-04-24T05:16:00,833  INFO [main] metadata.Hive: Total time spent in each metastore function (ms): {alter_table_(String, String, String, Table, EnvironmentContext, String)=53, isCompatibleWith_(Configuration)=0, updateTransactionalStatistics_(UpdateTransactionalStatsRequest)=3, getTable_(GetTableRequest)=25}
MapReduce Jobs Launched: 
2024-04-24T05:16:00,833  INFO [main] ql.Driver: MapReduce Jobs Launched: 
Stage-Stage-1:  HDFS Read: 0 HDFS Write: 0 SUCCESS
2024-04-24T05:16:00,833  INFO [main] ql.Driver: Stage-Stage-1:  HDFS Read: 0 HDFS Write: 0 SUCCESS
Total MapReduce CPU Time Spent: 0 msec
2024-04-24T05:16:00,833  INFO [main] ql.Driver: Total MapReduce CPU Time Spent: 0 msec
2024-04-24T05:16:00,833  INFO [main] ql.Driver: Completed executing command(queryId=alex_20240424051559_9efd365b-9826-4140-9ea8-7a519ce9a5ba); Time taken: 1.369 seconds
2024-04-24T05:16:00,833  INFO [main] lockmgr.DbTxnManager: Stopped heartbeat for query: alex_20240424051559_9efd365b-9826-4140-9ea8-7a519ce9a5ba
2024-04-24T05:16:00,844  INFO [main] txn.TxnHandler: Removed transactions: ([13]) from MIN_HISTORY_LEVEL
2024-04-24T05:16:00,845  WARN [main] txn.CompactionTxnHandler: No compaction queue record found for Compaction type transaction commit. txnId:13
2024-04-24T05:16:00,846  INFO [main] ql.TxnCommandsBaseForTests: Running the query: insert into acidTbl values(0,0),(3,3)
2024-04-24T05:16:00,846  INFO [main] ql.Context: Deleting scratch dir: file:/home/alex/Repositories/hive/ql/target/tmp/localscratchdir/132a7943-fb35-4d8c-86e1-83088f13f5ff/hive_2024-04-24_05-15-59_263_5030042398844677964-1
2024-04-24T05:16:00,846  INFO [main] cleanup.SyncCleanupService: Deleted directory: file:/home/alex/Repositories/hive/ql/target/tmp/localscratchdir/132a7943-fb35-4d8c-86e1-83088f13f5ff/hive_2024-04-24_05-15-59_263_5030042398844677964-1 on fs with scheme file
2024-04-24T05:16:00,846  INFO [main] ql.Driver: Compiling command(queryId=alex_20240424051559_9efd365b-9826-4140-9ea8-7a519ce9a5ba): insert into acidTbl values(0,0),(3,3)
2024-04-24T05:16:00,849  INFO [main] txn.TxnHandler: Added entries to MIN_HISTORY_LEVEL for current txns: ([14]) with min_open_txn: 14
2024-04-24T05:16:00,849  INFO [main] lockmgr.DbTxnManager: Opened txnid:14
2024-04-24T05:16:00,849  INFO [main] parse.CalcitePlanner: Starting caching scope for: alex_20240424051559_9efd365b-9826-4140-9ea8-7a519ce9a5ba
2024-04-24T05:16:00,849  INFO [main] parse.CalcitePlanner: Starting Semantic Analysis
2024-04-24T05:16:00,853  INFO [main] HiveMetaStore.audit: ugi=alex	ip=unknown-ip-addr	cmd=get_table : tbl=hive.default.acidTbl	
2024-04-24T05:16:00,859  INFO [main] metastore.HMSHandler: Skipping translation for processor with null
2024-04-24T05:16:00,860  INFO [main] parse.CalcitePlanner: Completed phase 1 of Semantic Analysis
2024-04-24T05:16:00,860  INFO [main] parse.CalcitePlanner: Get metadata for source tables
2024-04-24T05:16:00,860  INFO [main] parse.CalcitePlanner: Get metadata for subqueries
2024-04-24T05:16:00,860  INFO [main] parse.CalcitePlanner: Get metadata for destination tables
2024-04-24T05:16:00,860  INFO [main] HiveMetaStore.audit: ugi=alex	ip=unknown-ip-addr	cmd=get_table : tbl=hive.default.acidTbl	
2024-04-24T05:16:00,866  INFO [main] metastore.HMSHandler: Skipping translation for processor with null
2024-04-24T05:16:00,866  INFO [main] parse.CalcitePlanner: Completed getting MetaData in Semantic Analysis
2024-04-24T05:16:00,866  INFO [main] parse.CalcitePlanner: Disabling LLAP IO encode as ETL query is detected
2024-04-24T05:16:00,887  INFO [main] HiveMetaStore.audit: ugi=alex	ip=unknown-ip-addr	cmd=get_all_table_constraints : tbl=hive._dummy_database._dummy_table	
2024-04-24T05:16:00,934  INFO [main] parse.CalcitePlanner: Get metadata for source tables
2024-04-24T05:16:00,934  INFO [main] parse.CalcitePlanner: Get metadata for subqueries
2024-04-24T05:16:00,934  INFO [main] parse.CalcitePlanner: Get metadata for source tables
2024-04-24T05:16:00,934  INFO [main] HiveMetaStore.audit: ugi=alex	ip=unknown-ip-addr	cmd=get_table : tbl=hive._dummy_database._dummy_table	
2024-04-24T05:16:00,936  INFO [main] parse.CalcitePlanner: Get metadata for subqueries
2024-04-24T05:16:00,936  INFO [main] parse.CalcitePlanner: Get metadata for destination tables
2024-04-24T05:16:00,936  INFO [main] parse.CalcitePlanner: Get metadata for destination tables
2024-04-24T05:16:00,938  INFO [main] HiveMetaStore.audit: ugi=alex	ip=unknown-ip-addr	cmd=get_not_null_constraints : tbl=hive.default.acidtbl	
2024-04-24T05:16:00,939  INFO [main] HiveMetaStore.audit: ugi=alex	ip=unknown-ip-addr	cmd=get_check_constraints : tbl=hive.default.acidtbl	
2024-04-24T05:16:00,947  INFO [main] txn.TxnHandler: Allocated writeId: 2 for txnId: 14
2024-04-24T05:16:00,947  INFO [main] txn.TxnHandler: Allocated write ids for dbName=default, tblName=acidtbl (txnIds: [14])
2024-04-24T05:16:00,948  INFO [main] parse.CalcitePlanner: CBO Succeeded; optimized logical plan.
2024-04-24T05:16:00,951  INFO [main] optimizer.ColumnPrunerProcFactory: RS 4 oldColExprMap: {VALUE._col0=Column[_col1], KEY.reducesinkkey0=Column[_col0]}
2024-04-24T05:16:00,951  INFO [main] optimizer.ColumnPrunerProcFactory: RS 4 newColExprMap: {VALUE._col0=Column[_col1], KEY.reducesinkkey0=Column[_col0]}
2024-04-24T05:16:00,951  INFO [main] optimizer.BucketVersionPopulator: not considering bucketingVersion for: TS[0] because it has -1<2 buckets 
2024-04-24T05:16:00,952  INFO [main] optimizer.SortedDynPartitionOptimizer: Sorted dynamic partitioning optimization kicked in..
2024-04-24T05:16:00,960  INFO [main] HiveMetaStore.audit: ugi=alex	ip=unknown-ip-addr	cmd=get_table : tbl=hive.default.acidtbl	
2024-04-24T05:16:00,967  INFO [main] metastore.HMSHandler: Skipping translation for processor with null
2024-04-24T05:16:00,968  INFO [main] physical.Vectorizer: Examining input format to see if vectorization is enabled.
2024-04-24T05:16:00,968  INFO [main] physical.Vectorizer: Map vectorization enabled: false
2024-04-24T05:16:00,968  INFO [main] physical.Vectorizer: Map vectorized: false
2024-04-24T05:16:00,968  INFO [main] physical.Vectorizer: Map vectorizedVertexNum: 0
2024-04-24T05:16:00,968  INFO [main] physical.Vectorizer: Map enabledConditionsMet: [hive.vectorized.use.vectorized.input.format IS true]
2024-04-24T05:16:00,968  INFO [main] physical.Vectorizer: Map enabledConditionsNotMet: [Could not enable vectorization due to partition column names size 1 is greater than the number of table column names size 0 IS false]
2024-04-24T05:16:00,968  INFO [main] physical.Vectorizer: Map inputFileFormatClassNameSet: [org.apache.hadoop.hive.ql.io.NullRowsInputFormat]
2024-04-24T05:16:00,968  INFO [main] physical.Vectorizer: Reduce vectorization enabled: false
2024-04-24T05:16:00,968  INFO [main] physical.Vectorizer: Reduce vectorized: false
2024-04-24T05:16:00,968  INFO [main] physical.Vectorizer: Reduce vectorizedVertexNum: 1
2024-04-24T05:16:00,968  INFO [main] physical.Vectorizer: Reducer hive.vectorized.execution.reduce.enabled: true
2024-04-24T05:16:00,968  INFO [main] physical.Vectorizer: Reducer engine: mr
2024-04-24T05:16:00,968  INFO [main] parse.CalcitePlanner: Completed plan generation
2024-04-24T05:16:00,968  INFO [main] parse.CalcitePlanner: Ending caching scope for: alex_20240424051559_9efd365b-9826-4140-9ea8-7a519ce9a5ba
2024-04-24T05:16:00,968  INFO [main] ql.Driver: Semantic Analysis Completed (retrial = false)
2024-04-24T05:16:00,968  INFO [main] ql.Driver: Created Hive schema: Schema(fieldSchemas:[FieldSchema(name:col1, type:int, comment:null), FieldSchema(name:col2, type:int, comment:null)], properties:null)
2024-04-24T05:16:00,969  INFO [main] metadata.Hive: Dumping metastore api call timing information for : compilation phase
2024-04-24T05:16:00,969  INFO [main] metadata.Hive: Total time spent in each metastore function (ms): {getCheckConstraints_(CheckConstraintsRequest)=1, getAllTableConstraints_(AllTableConstraintsRequest)=5, allocateTableWriteId_(long, String, String)=7, isCompatibleWith_(Configuration)=2, getValidTxns_(long)=0, getTable_(GetTableRequest)=21, openTxn_(String, TxnType)=2, flushCache_()=0, getValidWriteIds_(List, String)=3, getNotNullConstraints_(NotNullConstraintsRequest)=1, commitTxn_(CommitTxnRequest)=11}
2024-04-24T05:16:00,969  INFO [main] ql.Driver: Completed compiling command(queryId=alex_20240424051559_9efd365b-9826-4140-9ea8-7a519ce9a5ba); Time taken: 0.123 seconds
2024-04-24T05:16:00,969  INFO [main] lockmgr.DbTxnManager: Setting lock request transaction to txnid:14 for queryId=alex_20240424051559_9efd365b-9826-4140-9ea8-7a519ce9a5ba
2024-04-24T05:16:00,969  INFO [main] lockmgr.DbLockManager: Requesting lock for queryId=alex_20240424051559_9efd365b-9826-4140-9ea8-7a519ce9a5ba
2024-04-24T05:16:00,985  INFO [main] lockmgr.DbLockManager: Response to queryId=alex_20240424051559_9efd365b-9826-4140-9ea8-7a519ce9a5ba LockResponse(lockid:8, state:ACQUIRED)
2024-04-24T05:16:00,985  INFO [main] ql.Driver: Operation QUERY obtained 1 locks
2024-04-24T05:16:00,987  INFO [main] ql.Driver: Executing command(queryId=alex_20240424051559_9efd365b-9826-4140-9ea8-7a519ce9a5ba): insert into acidTbl values(0,0),(3,3)
2024-04-24T05:16:00,988  WARN [main] ql.Driver: Hive-on-MR is deprecated in Hive 2 and may not be available in the future versions. Consider using a different execution engine (i.e. tez, spark) or using Hive 1.X releases.
Query ID = alex_20240424051559_9efd365b-9826-4140-9ea8-7a519ce9a5ba
2024-04-24T05:16:00,988  INFO [main] ql.Driver: Query ID = alex_20240424051559_9efd365b-9826-4140-9ea8-7a519ce9a5ba
Total jobs = 1
2024-04-24T05:16:00,988  INFO [main] ql.Driver: Total jobs = 1
Launching Job 1 out of 1
2024-04-24T05:16:00,988  INFO [main] ql.Driver: Launching Job 1 out of 1
2024-04-24T05:16:01,129  INFO [main] ql.Driver: Starting task [Stage-1:MAPRED] in serial mode
Number of reduce tasks determined at compile time: 1
2024-04-24T05:16:01,129  INFO [main] exec.Task: Number of reduce tasks determined at compile time: 1
In order to change the average load for a reducer (in bytes):
2024-04-24T05:16:01,129  INFO [main] exec.Task: In order to change the average load for a reducer (in bytes):
  set hive.exec.reducers.bytes.per.reducer=<number>
2024-04-24T05:16:01,129  INFO [main] exec.Task:   set hive.exec.reducers.bytes.per.reducer=<number>
In order to limit the maximum number of reducers:
2024-04-24T05:16:01,129  INFO [main] exec.Task: In order to limit the maximum number of reducers:
  set hive.exec.reducers.max=<number>
2024-04-24T05:16:01,129  INFO [main] exec.Task:   set hive.exec.reducers.max=<number>
In order to set a constant number of reducers:
2024-04-24T05:16:01,129  INFO [main] exec.Task: In order to set a constant number of reducers:
  set mapreduce.job.reduces=<number>
2024-04-24T05:16:01,129  INFO [main] exec.Task:   set mapreduce.job.reduces=<number>
2024-04-24T05:16:01,132  INFO [main] mr.ExecDriver: Using org.apache.hadoop.hive.ql.io.HiveInputFormat
2024-04-24T05:16:01,132  INFO [main] exec.Utilities: Processing alias $hdt$_0:_dummy_table
2024-04-24T05:16:01,132  INFO [main] exec.Utilities: Adding 1 inputs; the first input is file:/home/alex/Repositories/hive/ql/target/tmp/localscratchdir/132a7943-fb35-4d8c-86e1-83088f13f5ff/hive_2024-04-24_05-16-00_846_7471248569392413735-1/dummy_path
2024-04-24T05:16:01,141  INFO [main] exec.SerializationUtilities: Serializing MapWork using kryo
2024-04-24T05:16:01,142  INFO [main] exec.Utilities: Serialized plan (via FILE) - name: null size: 5,30KB
2024-04-24T05:16:01,146  INFO [main] exec.SerializationUtilities: Serializing ReduceWork using kryo
2024-04-24T05:16:01,147  INFO [main] exec.Utilities: Serialized plan (via FILE) - name: null size: 5,92KB
2024-04-24T05:16:01,147  WARN [main] impl.MetricsSystemImpl: JobTracker metrics system already initialized!
2024-04-24T05:16:01,151  INFO [main] fs.FSStatsPublisher: created : file:/home/alex/Repositories/hive/ql/target/tmp/localscratchdir/132a7943-fb35-4d8c-86e1-83088f13f5ff/hive_2024-04-24_05-16-00_846_7471248569392413735-1/-mr-10000
2024-04-24T05:16:01,153  WARN [main] impl.MetricsSystemImpl: JobTracker metrics system already initialized!
2024-04-24T05:16:01,160  WARN [main] mapreduce.JobResourceUploader: Hadoop command-line option parsing not performed. Implement the Tool interface and execute your application with ToolRunner to remedy this.
2024-04-24T05:16:01,164  WARN [main] mapreduce.JobResourceUploader: No job jar file set.  User classes may not be found. See Job or Job#setJar(String).
2024-04-24T05:16:01,165  INFO [main] io.HiveInputFormat: hive.io.file.readcolumn.ids = 
2024-04-24T05:16:01,165  INFO [main] io.HiveInputFormat: hive.io.file.readcolumn.names = 
2024-04-24T05:16:01,165  INFO [main] io.HiveInputFormat: Generating splits for dirs: file:/home/alex/Repositories/hive/ql/target/tmp/localscratchdir/132a7943-fb35-4d8c-86e1-83088f13f5ff/hive_2024-04-24_05-16-00_846_7471248569392413735-1/dummy_path
2024-04-24T05:16:01,166  INFO [main] io.HiveInputFormat: number of splits 1
2024-04-24T05:16:01,194  INFO [main] mapreduce.JobSubmitter: number of splits:1
2024-04-24T05:16:01,212  INFO [main] mapreduce.JobSubmitter: Submitting tokens for job: job_local531324641_0083
2024-04-24T05:16:01,212  INFO [main] mapreduce.JobSubmitter: Executing with tokens: []
2024-04-24T05:16:01,273  INFO [main] mapreduce.Job: The url to track the job: http://localhost:8080/
Job running in-process (local Hadoop)
2024-04-24T05:16:01,273  INFO [main] exec.Task: Job running in-process (local Hadoop)
2024-04-24T05:16:01,274  INFO [Thread-6804] mapred.LocalJobRunner: OutputCommitter set in config org.apache.hadoop.hive.ql.io.HiveFileFormatUtils$NullOutputCommitter
2024-04-24T05:16:01,274  INFO [Thread-6804] mapred.LocalJobRunner: OutputCommitter is org.apache.hadoop.hive.ql.io.HiveFileFormatUtils$NullOutputCommitter
2024-04-24T05:16:01,275  INFO [Thread-6804] mapred.LocalJobRunner: Waiting for map tasks
2024-04-24T05:16:01,275  INFO [LocalJobRunner Map Task Executor #0] mapred.LocalJobRunner: Starting task: attempt_local531324641_0083_m_000000_0
2024-04-24T05:16:01,276  INFO [LocalJobRunner Map Task Executor #0] mapred.Task:  Using ResourceCalculatorProcessTree : [ ]
2024-04-24T05:16:01,276  INFO [LocalJobRunner Map Task Executor #0] mapred.MapTask: Processing split: org.apache.hadoop.hive.ql.io.NullRowsInputFormat:file:/home/alex/Repositories/hive/ql/target/tmp/localscratchdir/132a7943-fb35-4d8c-86e1-83088f13f5ff/hive_2024-04-24_05-16-00_846_7471248569392413735-1/dummy_path/null:0+1
2024-04-24T05:16:01,277  INFO [LocalJobRunner Map Task Executor #0] exec.SerializationUtilities: Deserializing MapWork using kryo
2024-04-24T05:16:01,277  INFO [LocalJobRunner Map Task Executor #0] exec.Utilities: Deserialized plan (via FILE) - name: null size: 5,30KB
2024-04-24T05:16:01,277  INFO [LocalJobRunner Map Task Executor #0] mapred.MapTask: numReduceTasks: 1
2024-04-24T05:16:01,281  INFO [LocalJobRunner Map Task Executor #0] mapred.MapTask: (EQUATOR) 0 kvi 26214396(104857584)
2024-04-24T05:16:01,281  INFO [LocalJobRunner Map Task Executor #0] mapred.MapTask: mapreduce.task.io.sort.mb: 100
2024-04-24T05:16:01,281  INFO [LocalJobRunner Map Task Executor #0] mapred.MapTask: soft limit at 83886080
2024-04-24T05:16:01,281  INFO [LocalJobRunner Map Task Executor #0] mapred.MapTask: bufstart = 0; bufvoid = 104857600
2024-04-24T05:16:01,281  INFO [LocalJobRunner Map Task Executor #0] mapred.MapTask: kvstart = 26214396; length = 6553600
2024-04-24T05:16:01,282  INFO [LocalJobRunner Map Task Executor #0] mapred.MapTask: Map output collector class = org.apache.hadoop.mapred.MapTask$MapOutputBuffer
2024-04-24T05:16:01,282  INFO [LocalJobRunner Map Task Executor #0] exec.MapOperator: Initializing Operator: MAP[0]
2024-04-24T05:16:01,282  INFO [LocalJobRunner Map Task Executor #0] mr.ExecMapper: 
<MAP>Id =0
  <Children>null
  <\Children>
  <Parent><\Parent>
<\MAP>
2024-04-24T05:16:01,283  INFO [LocalJobRunner Map Task Executor #0] exec.TableScanOperator: Initializing Operator: TS[0]
2024-04-24T05:16:01,283  INFO [LocalJobRunner Map Task Executor #0] exec.SelectOperator: Initializing Operator: SEL[1]
2024-04-24T05:16:01,283  INFO [LocalJobRunner Map Task Executor #0] exec.SelectOperator: SELECT null
2024-04-24T05:16:01,283  INFO [LocalJobRunner Map Task Executor #0] exec.UDTFOperator: Initializing Operator: UDTF[2]
2024-04-24T05:16:01,283  INFO [LocalJobRunner Map Task Executor #0] exec.SelectOperator: Initializing Operator: SEL[3]
2024-04-24T05:16:01,283  INFO [LocalJobRunner Map Task Executor #0] exec.SelectOperator: SELECT struct<col1:int,col2:int>
2024-04-24T05:16:01,283  INFO [LocalJobRunner Map Task Executor #0] exec.ReduceSinkOperator: Initializing Operator: RS[4]
2024-04-24T05:16:01,283  INFO [LocalJobRunner Map Task Executor #0] exec.ReduceSinkOperator: Using tag = -1
2024-04-24T05:16:01,284  INFO [LocalJobRunner Map Task Executor #0] exec.ReduceSinkOperator: keys are [reducesinkkey0] num distributions: 1
2024-04-24T05:16:01,284  INFO [LocalJobRunner Map Task Executor #0] exec.ReduceSinkOperator: RS[4]: records written - 1
2024-04-24T05:16:01,284  INFO [LocalJobRunner Map Task Executor #0] exec.MapOperator: MAP[0]: records read - 1
2024-04-24T05:16:01,284  INFO [LocalJobRunner Map Task Executor #0] exec.MapOperator: Closing Operator: MAP[0]
2024-04-24T05:16:01,284  INFO [LocalJobRunner Map Task Executor #0] exec.MapOperator: MAP[0]: Total records read - 3. abort - false
2024-04-24T05:16:01,284  INFO [LocalJobRunner Map Task Executor #0] exec.MapOperator: RECORDS_OUT_OPERATOR_MAP_0:0, DESERIALIZE_ERRORS:0, RECORDS_OUT_INTERMEDIATE:0, RECORDS_IN:3, 
2024-04-24T05:16:01,284  INFO [LocalJobRunner Map Task Executor #0] exec.TableScanOperator: Closing Operator: TS[0]
2024-04-24T05:16:01,284  INFO [LocalJobRunner Map Task Executor #0] exec.TableScanOperator: RECORDS_OUT_OPERATOR_TS_0:1, RECORDS_OUT_INTERMEDIATE:0, 
2024-04-24T05:16:01,284  INFO [LocalJobRunner Map Task Executor #0] exec.SelectOperator: Closing Operator: SEL[1]
2024-04-24T05:16:01,284  INFO [LocalJobRunner Map Task Executor #0] exec.SelectOperator: RECORDS_OUT_OPERATOR_SEL_1:1, RECORDS_OUT_INTERMEDIATE:0, 
2024-04-24T05:16:01,284  INFO [LocalJobRunner Map Task Executor #0] exec.UDTFOperator: Closing Operator: UDTF[2]
2024-04-24T05:16:01,284  INFO [LocalJobRunner Map Task Executor #0] exec.UDTFOperator: RECORDS_OUT_OPERATOR_UDTF_2:2, RECORDS_OUT_INTERMEDIATE:0, 
2024-04-24T05:16:01,284  INFO [LocalJobRunner Map Task Executor #0] exec.SelectOperator: Closing Operator: SEL[3]
2024-04-24T05:16:01,284  INFO [LocalJobRunner Map Task Executor #0] exec.SelectOperator: RECORDS_OUT_INTERMEDIATE:0, RECORDS_OUT_OPERATOR_SEL_3:2, 
2024-04-24T05:16:01,285  INFO [LocalJobRunner Map Task Executor #0] exec.ReduceSinkOperator: Closing Operator: RS[4]
2024-04-24T05:16:01,285  INFO [LocalJobRunner Map Task Executor #0] exec.ReduceSinkOperator: RS[4]: Total records written - 2. abort - false
2024-04-24T05:16:01,285  INFO [LocalJobRunner Map Task Executor #0] exec.ReduceSinkOperator: RECORDS_OUT_OPERATOR_RS_4:2, RECORDS_OUT_INTERMEDIATE:2, 
2024-04-24T05:16:01,285  INFO [LocalJobRunner Map Task Executor #0] mapred.LocalJobRunner: 
2024-04-24T05:16:01,285  INFO [LocalJobRunner Map Task Executor #0] mapred.MapTask: Starting flush of map output
2024-04-24T05:16:01,285  INFO [LocalJobRunner Map Task Executor #0] mapred.MapTask: Spilling map output
2024-04-24T05:16:01,285  INFO [LocalJobRunner Map Task Executor #0] mapred.MapTask: bufstart = 0; bufend = 32; bufvoid = 104857600
2024-04-24T05:16:01,285  INFO [LocalJobRunner Map Task Executor #0] mapred.MapTask: kvstart = 26214396(104857584); kvend = 26214392(104857568); length = 5/6553600
2024-04-24T05:16:01,296  INFO [LocalJobRunner Map Task Executor #0] mapred.MapTask: Finished spill 0
2024-04-24T05:16:01,299  INFO [LocalJobRunner Map Task Executor #0] mapred.Task: Task:attempt_local531324641_0083_m_000000_0 is done. And is in the process of committing
2024-04-24T05:16:01,300  INFO [LocalJobRunner Map Task Executor #0] mapred.LocalJobRunner: map
2024-04-24T05:16:01,300  INFO [LocalJobRunner Map Task Executor #0] mapred.Task: Task 'attempt_local531324641_0083_m_000000_0' done.
2024-04-24T05:16:01,300  INFO [LocalJobRunner Map Task Executor #0] mapred.Task: Final Counters for attempt_local531324641_0083_m_000000_0: Counters: 31
	File System Counters
		FILE: Number of bytes read=1794240
		FILE: Number of bytes written=104068500
		FILE: Number of read operations=0
		FILE: Number of large read operations=0
		FILE: Number of write operations=0
		HDFS: Number of bytes read=0
		HDFS: Number of bytes written=0
		HDFS: Number of read operations=0
		HDFS: Number of large read operations=0
		HDFS: Number of write operations=0
	Map-Reduce Framework
		Map input records=4
		Map output records=2
		Map output bytes=32
		Map output materialized bytes=42
		Input split bytes=361
		Combine input records=0
		Spilled Records=2
		Failed Shuffles=0
		Merged Map outputs=0
		GC time elapsed (ms)=0
		Total committed heap usage (bytes)=1497366528
	HIVE
		DESERIALIZE_ERRORS=0
		RECORDS_IN=3
		RECORDS_OUT_INTERMEDIATE=2
		RECORDS_OUT_OPERATOR_MAP_0=0
		RECORDS_OUT_OPERATOR_RS_4=2
		RECORDS_OUT_OPERATOR_SEL_1=1
		RECORDS_OUT_OPERATOR_SEL_3=2
		RECORDS_OUT_OPERATOR_TS_0=1
		RECORDS_OUT_OPERATOR_UDTF_2=2
	File Input Format Counters 
		Bytes Read=5357
2024-04-24T05:16:01,300  INFO [LocalJobRunner Map Task Executor #0] mapred.LocalJobRunner: Finishing task: attempt_local531324641_0083_m_000000_0
2024-04-24T05:16:01,300  INFO [Thread-6804] mapred.LocalJobRunner: map task executor complete.
2024-04-24T05:16:01,301  INFO [Thread-6804] mapred.LocalJobRunner: Waiting for reduce tasks
2024-04-24T05:16:01,301  INFO [pool-391-thread-1] mapred.LocalJobRunner: Starting task: attempt_local531324641_0083_r_000000_0
2024-04-24T05:16:01,301  INFO [pool-391-thread-1] mapred.Task:  Using ResourceCalculatorProcessTree : [ ]
2024-04-24T05:16:01,301  INFO [pool-391-thread-1] mapred.ReduceTask: Using ShuffleConsumerPlugin: org.apache.hadoop.mapreduce.task.reduce.Shuffle@7ab0df0f
2024-04-24T05:16:01,302  WARN [pool-391-thread-1] impl.MetricsSystemImpl: JobTracker metrics system already initialized!
2024-04-24T05:16:01,302  INFO [pool-391-thread-1] reduce.MergeManagerImpl: MergerManager: memoryLimit=1336252800, maxSingleShuffleLimit=334063200, mergeThreshold=881926912, ioSortFactor=10, memToMemMergeOutputsThreshold=10
2024-04-24T05:16:01,303  INFO [EventFetcher for fetching Map Completion Events] reduce.EventFetcher: attempt_local531324641_0083_r_000000_0 Thread started: EventFetcher for fetching Map Completion Events
2024-04-24T05:16:01,304  INFO [localfetcher#108] reduce.LocalFetcher: localfetcher#108 about to shuffle output of map attempt_local531324641_0083_m_000000_0 decomp: 38 len: 42 to MEMORY
2024-04-24T05:16:01,304  INFO [localfetcher#108] reduce.InMemoryMapOutput: Read 38 bytes from map-output for attempt_local531324641_0083_m_000000_0
2024-04-24T05:16:01,304  INFO [localfetcher#108] reduce.MergeManagerImpl: closeInMemoryFile -> map-output of size: 38, inMemoryMapOutputs.size() -> 1, commitMemory -> 0, usedMemory ->38
2024-04-24T05:16:01,304  INFO [EventFetcher for fetching Map Completion Events] reduce.EventFetcher: EventFetcher is interrupted.. Returning
2024-04-24T05:16:01,305  INFO [pool-391-thread-1] mapred.LocalJobRunner: 1 / 1 copied.
2024-04-24T05:16:01,305  INFO [pool-391-thread-1] reduce.MergeManagerImpl: finalMerge called with 1 in-memory map-outputs and 0 on-disk map-outputs
2024-04-24T05:16:01,311  INFO [pool-391-thread-1] mapred.Merger: Merging 1 sorted segments
2024-04-24T05:16:01,311  INFO [pool-391-thread-1] mapred.Merger: Down to the last merge-pass, with 1 segments left of total size: 26 bytes
2024-04-24T05:16:01,313  INFO [pool-391-thread-1] reduce.MergeManagerImpl: Merged 1 segments, 38 bytes to disk to satisfy reduce memory limit
2024-04-24T05:16:01,313  INFO [pool-391-thread-1] reduce.MergeManagerImpl: Merging 1 files, 42 bytes from disk
2024-04-24T05:16:01,313  INFO [pool-391-thread-1] reduce.MergeManagerImpl: Merging 0 segments, 0 bytes from memory into reduce
2024-04-24T05:16:01,313  INFO [pool-391-thread-1] mapred.Merger: Merging 1 sorted segments
2024-04-24T05:16:01,314  INFO [pool-391-thread-1] mapred.Merger: Down to the last merge-pass, with 1 segments left of total size: 26 bytes
2024-04-24T05:16:01,314  INFO [pool-391-thread-1] mapred.LocalJobRunner: 1 / 1 copied.
2024-04-24T05:16:01,314  INFO [pool-391-thread-1] exec.SerializationUtilities: Deserializing ReduceWork using kryo
2024-04-24T05:16:01,315  INFO [pool-391-thread-1] exec.Utilities: Deserialized plan (via FILE) - name: null size: 5,92KB
2024-04-24T05:16:01,316  INFO [pool-391-thread-1] ExecReducer: 
<SEL>Id =5
  <Children>
    <FS>Id =6
      <Children>
      <\Children>
      <Parent>Id = 5 null<\Parent>
    <\FS>
  <\Children>
  <Parent><\Parent>
<\SEL>
2024-04-24T05:16:01,316  INFO [pool-391-thread-1] exec.SelectOperator: Initializing Operator: SEL[5]
2024-04-24T05:16:01,316  INFO [pool-391-thread-1] exec.SelectOperator: SELECT struct<key:struct<reducesinkkey0:int>,value:struct<_col0:int>>
2024-04-24T05:16:01,316  INFO [pool-391-thread-1] exec.FileSinkOperator: Initializing Operator: FS[6]
2024-04-24T05:16:01,316  INFO [pool-391-thread-1] exec.FileSinkOperator: Using serializer : AbstractSerDe [log=org.apache.logging.slf4j.Log4jLogger@a925655, configuration=Optional[Configuration: core-default.xml, core-site.xml, mapred-default.xml, mapred-site.xml, yarn-default.xml, yarn-site.xml, hdfs-default.xml, hdfs-site.xml, file:/home/alex/Repositories/hive/ql/target/tmp/TestTxnCommandsWithSplitUpdateAndVectorization/mapred/local/localRunner/alex/job_local531324641_0083/job_local531324641_0083.xml], properties={transactional_properties=default, name=default.acidtbl, transactional=true, columns.types=int:int, bucket_field_name=a, columns=a,b, numFilesErasureCoded=0, columns.comments=&amp#0;, bucketing_version=2, bucket_count=2, serialization.lib=org.apache.hadoop.hive.ql.io.orc.OrcSerde, file.inputformat=org.apache.hadoop.hive.ql.io.orc.OrcInputFormat, file.outputformat=org.apache.hadoop.hive.ql.io.orc.OrcOutputFormat, location=file:/home/alex/Repositories/hive/ql/target/tmp/org.apache.hadoop.hive.ql.TestTxnCommands-1713960750541/warehouse/acidtbl, column.name.delimiter=,}, tableProperties={transactional_properties=default, name=default.acidtbl, transactional=true, columns.types=int:int, bucket_field_name=a, columns=a,b, numFilesErasureCoded=0, columns.comments=&amp#0;, bucketing_version=2, bucket_count=2, serialization.lib=org.apache.hadoop.hive.ql.io.orc.OrcSerde, file.inputformat=org.apache.hadoop.hive.ql.io.orc.OrcInputFormat, location=file:/home/alex/Repositories/hive/ql/target/tmp/org.apache.hadoop.hive.ql.TestTxnCommands-1713960750541/warehouse/acidtbl, file.outputformat=org.apache.hadoop.hive.ql.io.orc.OrcOutputFormat, column.name.delimiter=,}, partitionProperties=Optional.empty, columnNames=[a, b], columnTypes=[int, int], getClass()=class org.apache.hadoop.hive.ql.io.orc.OrcSerde] and formatter : org.apache.hadoop.hive.ql.io.orc.OrcOutputFormat@2aef7baa
2024-04-24T05:16:01,317  INFO [pool-391-thread-1] exec.FileSinkOperator: Final Path: FS file:/home/alex/Repositories/hive/ql/target/tmp/org.apache.hadoop.hive.ql.TestTxnCommands-1713960750541/warehouse/acidtbl
2024-04-24T05:16:01,317  INFO [pool-391-thread-1] exec.FileSinkOperator: New Final Path: FS file:/home/alex/Repositories/hive/ql/target/tmp/org.apache.hadoop.hive.ql.TestTxnCommands-1713960750541/warehouse/acidtbl
2024-04-24T05:16:01,317  INFO [pool-391-thread-1] common.FileUtils: Creating directory if it doesn't exist: file:/home/alex/Repositories/hive/ql/target/tmp/org.apache.hadoop.hive.ql.TestTxnCommands-1713960750541/warehouse
2024-04-24T05:16:01,318  INFO [pool-391-thread-1] exec.FileSinkOperator: Final Path: FS file:/home/alex/Repositories/hive/ql/target/tmp/org.apache.hadoop.hive.ql.TestTxnCommands-1713960750541/warehouse/acidtbl
2024-04-24T05:16:01,318  INFO [pool-391-thread-1] exec.FileSinkOperator: New Final Path: FS file:/home/alex/Repositories/hive/ql/target/tmp/org.apache.hadoop.hive.ql.TestTxnCommands-1713960750541/warehouse/acidtbl
2024-04-24T05:16:01,318  INFO [pool-391-thread-1] common.FileUtils: Creating directory if it doesn't exist: file:/home/alex/Repositories/hive/ql/target/tmp/org.apache.hadoop.hive.ql.TestTxnCommands-1713960750541/warehouse
2024-04-24T05:16:01,319  INFO [pool-391-thread-1] exec.FileSinkOperator: FS[6]: records written - 1
2024-04-24T05:16:01,319  INFO [pool-391-thread-1] impl.PhysicalFsWriter: ORC writer created for path: file:/home/alex/Repositories/hive/ql/target/tmp/org.apache.hadoop.hive.ql.TestTxnCommands-1713960750541/warehouse/acidtbl/delta_0000002_0000002_0000/bucket_00001_0 with stripeSize: 8388608 blockSize: 268435456 compression: Compress: ZLIB buffer: 32768
2024-04-24T05:16:01,326  INFO [pool-391-thread-1] impl.WriterImpl: ORC writer created for path: file:/home/alex/Repositories/hive/ql/target/tmp/org.apache.hadoop.hive.ql.TestTxnCommands-1713960750541/warehouse/acidtbl/delta_0000002_0000002_0000/bucket_00001_0 with stripeSize: 8388608 options: Compress: ZLIB buffer: 32768
2024-04-24T05:16:01,332  INFO [pool-391-thread-1] impl.PhysicalFsWriter: ORC writer created for path: file:/home/alex/Repositories/hive/ql/target/tmp/org.apache.hadoop.hive.ql.TestTxnCommands-1713960750541/warehouse/acidtbl/delta_0000002_0000002_0000/bucket_00000_0 with stripeSize: 8388608 blockSize: 268435456 compression: Compress: ZLIB buffer: 32768
2024-04-24T05:16:01,336  INFO [pool-391-thread-1] impl.WriterImpl: ORC writer created for path: file:/home/alex/Repositories/hive/ql/target/tmp/org.apache.hadoop.hive.ql.TestTxnCommands-1713960750541/warehouse/acidtbl/delta_0000002_0000002_0000/bucket_00000_0 with stripeSize: 8388608 options: Compress: ZLIB buffer: 32768
2024-04-24T05:16:01,337  INFO [pool-391-thread-1] exec.SelectOperator: Closing Operator: SEL[5]
2024-04-24T05:16:01,337  INFO [pool-391-thread-1] exec.SelectOperator: RECORDS_OUT_INTERMEDIATE:0, RECORDS_OUT_OPERATOR_SEL_5:2, 
2024-04-24T05:16:01,337  INFO [pool-391-thread-1] exec.FileSinkOperator: Closing Operator: FS[6]
2024-04-24T05:16:01,337  INFO [pool-391-thread-1] exec.FileSinkOperator: FS[6]: records written - 2
2024-04-24T05:16:01,339  INFO [pool-391-thread-1] FileOperations: Writing manifest to file:/home/alex/Repositories/hive/ql/target/tmp/org.apache.hadoop.hive.ql.TestTxnCommands-1713960750541/warehouse/acidtbl/_tmp.delta_0000002_0000002_0000/000000_0.manifest with [file:/home/alex/Repositories/hive/ql/target/tmp/org.apache.hadoop.hive.ql.TestTxnCommands-1713960750541/warehouse/acidtbl/delta_0000002_0000002_0000/bucket_00000_0, file:/home/alex/Repositories/hive/ql/target/tmp/org.apache.hadoop.hive.ql.TestTxnCommands-1713960750541/warehouse/acidtbl/delta_0000002_0000002_0000/bucket_00001_0]
2024-04-24T05:16:01,352  INFO [pool-391-thread-1] exec.FileSinkOperator: TOTAL_TABLE_ROWS_WRITTEN:2, RECORDS_OUT_OPERATOR_FS_6:2, RECORDS_OUT_INTERMEDIATE:0, RECORDS_OUT_1_default.acidtbl:2, 
2024-04-24T05:16:01,352  INFO [pool-391-thread-1] mapred.Task: Task:attempt_local531324641_0083_r_000000_0 is done. And is in the process of committing
2024-04-24T05:16:01,352  INFO [pool-391-thread-1] mapred.LocalJobRunner: reduce > reduce
2024-04-24T05:16:01,352  INFO [pool-391-thread-1] mapred.Task: Task 'attempt_local531324641_0083_r_000000_0' done.
2024-04-24T05:16:01,352  INFO [pool-391-thread-1] mapred.Task: Final Counters for attempt_local531324641_0083_r_000000_0: Counters: 35
	File System Counters
		FILE: Number of bytes read=1800334
		FILE: Number of bytes written=104070386
		FILE: Number of read operations=0
		FILE: Number of large read operations=0
		FILE: Number of write operations=0
		HDFS: Number of bytes read=0
		HDFS: Number of bytes written=0
		HDFS: Number of read operations=0
		HDFS: Number of large read operations=0
		HDFS: Number of write operations=0
	Map-Reduce Framework
		Combine input records=0
		Combine output records=0
		Reduce input groups=2
		Reduce shuffle bytes=42
		Reduce input records=2
		Reduce output records=0
		Spilled Records=2
		Shuffled Maps =1
		Failed Shuffles=0
		Merged Map outputs=1
		GC time elapsed (ms)=0
		Total committed heap usage (bytes)=1497366528
	HIVE
		CREATED_FILES=2
		RECORDS_OUT_1_default.acidtbl=2
		RECORDS_OUT_INTERMEDIATE=0
		RECORDS_OUT_OPERATOR_FS_6=2
		RECORDS_OUT_OPERATOR_SEL_5=2
		TOTAL_TABLE_ROWS_WRITTEN=2
	Shuffle Errors
		BAD_ID=0
		CONNECTION=0
		IO_ERROR=0
		WRONG_LENGTH=0
		WRONG_MAP=0
		WRONG_REDUCE=0
	File Output Format Counters 
		Bytes Written=0
2024-04-24T05:16:01,353  INFO [pool-391-thread-1] mapred.LocalJobRunner: Finishing task: attempt_local531324641_0083_r_000000_0
2024-04-24T05:16:01,353  INFO [Thread-6804] mapred.LocalJobRunner: reduce task executor complete.
2024-04-24 05:16:02,276 Stage-1 map = 100%,  reduce = 100%
2024-04-24T05:16:02,276  INFO [main] exec.Task: 2024-04-24 05:16:02,276 Stage-1 map = 100%,  reduce = 100%
Ended Job = job_local531324641_0083
2024-04-24T05:16:02,278  INFO [main] exec.Task: Ended Job = job_local531324641_0083
2024-04-24T05:16:02,280  INFO [main] FileOperations: Found manifest file file:/home/alex/Repositories/hive/ql/target/tmp/org.apache.hadoop.hive.ql.TestTxnCommands-1713960750541/warehouse/acidtbl/_tmp.delta_0000002_0000002_0000/000000_0.manifest with attemptId 0.
2024-04-24T05:16:02,280  INFO [main] FileOperations: Looking at manifest file: file:/home/alex/Repositories/hive/ql/target/tmp/org.apache.hadoop.hive.ql.TestTxnCommands-1713960750541/warehouse/acidtbl/_tmp.delta_0000002_0000002_0000/000000_0.manifest
2024-04-24T05:16:02,280  INFO [main] FileOperations: Deleting manifest directory file:/home/alex/Repositories/hive/ql/target/tmp/org.apache.hadoop.hive.ql.TestTxnCommands-1713960750541/warehouse/acidtbl/_tmp.delta_0000002_0000002_0000
2024-04-24T05:16:02,281  INFO [main] ql.Driver: Starting task [Stage-0:MOVE] in serial mode
Loading data to table default.acidtbl
2024-04-24T05:16:02,281  INFO [main] exec.Task: Loading data to table default.acidtbl from file:/home/alex/Repositories/hive/ql/target/tmp/org.apache.hadoop.hive.ql.TestTxnCommands-1713960750541/warehouse/acidtbl
2024-04-24T05:16:02,281  INFO [main] HiveMetaStore.audit: ugi=alex	ip=unknown-ip-addr	cmd=get_table : tbl=hive.default.acidtbl	
2024-04-24T05:16:02,287  INFO [main] metastore.HMSHandler: Skipping translation for processor with null
2024-04-24T05:16:02,288  INFO [main] HiveMetaStore.audit: ugi=alex	ip=unknown-ip-addr	cmd=get_table : tbl=hive.default.acidtbl	
2024-04-24T05:16:02,295  INFO [main] metastore.HMSHandler: Skipping translation for processor with null
2024-04-24T05:16:02,295  INFO [main] HiveMetaStore.audit: ugi=alex	ip=unknown-ip-addr	cmd=alter_table: hive.default.acidtbl newtbl=acidtbl	
2024-04-24T05:16:02,314  INFO [main] ql.Driver: Starting task [Stage-2:STATS] in serial mode
2024-04-24T05:16:02,314  INFO [main] HiveMetaStore.audit: ugi=alex	ip=unknown-ip-addr	cmd=get_table : tbl=hive.default.acidtbl	
2024-04-24T05:16:02,320  INFO [main] metastore.HMSHandler: Skipping translation for processor with null
2024-04-24T05:16:02,320  INFO [main] stats.BasicStatsTask: Executing stats task
2024-04-24T05:16:02,321  INFO [main] fs.FSStatsPublisher: created : file:/home/alex/Repositories/hive/ql/target/tmp/localscratchdir/132a7943-fb35-4d8c-86e1-83088f13f5ff/hive_2024-04-24_05-16-00_846_7471248569392413735-1/-mr-10000
2024-04-24T05:16:02,321  INFO [main] HiveMetaStore.audit: ugi=alex	ip=unknown-ip-addr	cmd=get_table : tbl=hive.default.acidtbl	
2024-04-24T05:16:02,327  INFO [main] metastore.HMSHandler: Skipping translation for processor with null
2024-04-24T05:16:02,346  WARN [main] FileOperations: Computing stats for an ACID table; stats may be inaccurate
2024-04-24T05:16:02,346  INFO [main] FileOperations: Read stats for default.acidtbl/, numRows, true, 2, false: 
2024-04-24T05:16:02,346  INFO [main] FileOperations: Read stats for default.acidtbl/, rawDataSize, true, 0, false: 
2024-04-24T05:16:02,346  INFO [main] HiveMetaStore.audit: ugi=alex	ip=unknown-ip-addr	cmd=alter_table: hive.default.acidtbl newtbl=acidtbl	
2024-04-24T05:16:02,366  INFO [main] FileOperations: Read stats for default.acidtbl/, insertCount, true, 2, false: 
2024-04-24T05:16:02,366  INFO [main] FileOperations: Read stats for default.acidtbl/, updateCount, true, 0, false: 
2024-04-24T05:16:02,366  INFO [main] FileOperations: Read stats for default.acidtbl/, deleteCount, true, 0, false: 
2024-04-24T05:16:02,366  INFO [main] stats.BasicStatsTask: Table default.acidtbl stats: [numFiles=3, numRows=3, totalSize=1978, rawDataSize=0, numFilesErasureCoded=0]
2024-04-24T05:16:02,367  INFO [main] metadata.Hive: Dumping metastore api call timing information for : execution phase
2024-04-24T05:16:02,367  INFO [main] metadata.Hive: Total time spent in each metastore function (ms): {updateTransactionalStatistics_(UpdateTransactionalStatsRequest)=0, alter_table_(String, String, String, Table, EnvironmentContext, String)=39, getTable_(GetTableRequest)=27, isCompatibleWith_(Configuration)=0}
MapReduce Jobs Launched: 
2024-04-24T05:16:02,367  INFO [main] ql.Driver: MapReduce Jobs Launched: 
Stage-Stage-1:  HDFS Read: 0 HDFS Write: 0 SUCCESS
2024-04-24T05:16:02,367  INFO [main] ql.Driver: Stage-Stage-1:  HDFS Read: 0 HDFS Write: 0 SUCCESS
Total MapReduce CPU Time Spent: 0 msec
2024-04-24T05:16:02,367  INFO [main] ql.Driver: Total MapReduce CPU Time Spent: 0 msec
2024-04-24T05:16:02,367  INFO [main] ql.Driver: Completed executing command(queryId=alex_20240424051559_9efd365b-9826-4140-9ea8-7a519ce9a5ba); Time taken: 1.38 seconds
2024-04-24T05:16:02,367  INFO [main] lockmgr.DbTxnManager: Stopped heartbeat for query: alex_20240424051559_9efd365b-9826-4140-9ea8-7a519ce9a5ba
2024-04-24T05:16:02,377  INFO [main] txn.TxnHandler: Removed transactions: ([14]) from MIN_HISTORY_LEVEL
2024-04-24T05:16:02,377  WARN [main] txn.CompactionTxnHandler: No compaction queue record found for Compaction type transaction commit. txnId:14
2024-04-24T05:16:02,378  INFO [main] ql.TxnCommandsBaseForTests: Running the query: update acidTbl set b = -1
2024-04-24T05:16:02,378  INFO [main] ql.Context: Deleting scratch dir: file:/home/alex/Repositories/hive/ql/target/tmp/localscratchdir/132a7943-fb35-4d8c-86e1-83088f13f5ff/hive_2024-04-24_05-16-00_846_7471248569392413735-1
2024-04-24T05:16:02,379  INFO [main] cleanup.SyncCleanupService: Deleted directory: file:/home/alex/Repositories/hive/ql/target/tmp/localscratchdir/132a7943-fb35-4d8c-86e1-83088f13f5ff/hive_2024-04-24_05-16-00_846_7471248569392413735-1 on fs with scheme file
2024-04-24T05:16:02,379  INFO [main] ql.Driver: Compiling command(queryId=alex_20240424051559_9efd365b-9826-4140-9ea8-7a519ce9a5ba): update acidTbl set b = -1
2024-04-24T05:16:02,381  INFO [main] txn.TxnHandler: Added entries to MIN_HISTORY_LEVEL for current txns: ([15]) with min_open_txn: 15
2024-04-24T05:16:02,381  INFO [main] lockmgr.DbTxnManager: Opened txnid:15
2024-04-24T05:16:02,381  INFO [main] parse.UpdateDeleteSemanticAnalyzer: Starting caching scope for: alex_20240424051559_9efd365b-9826-4140-9ea8-7a519ce9a5ba
2024-04-24T05:16:02,382  INFO [main] HiveMetaStore.audit: ugi=alex	ip=unknown-ip-addr	cmd=get_table : tbl=hive.default.acidTbl	
2024-04-24T05:16:02,388  INFO [main] metastore.HMSHandler: Skipping translation for processor with null
2024-04-24T05:16:02,388  INFO [main] parse.RewriteSemanticAnalyzer: Going to reparse <update acidTbl set b = -1> as 
<insert into table `default`.`acidTbl` select ROW__ID,`a`,`b` from `default`.`acidTbl` sort by ROW__ID >
2024-04-24T05:16:02,388  INFO [main] parse.UpdateDeleteSemanticAnalyzer: Starting Semantic Analysis
2024-04-24T05:16:02,391  INFO [main] HiveMetaStore.audit: ugi=alex	ip=unknown-ip-addr	cmd=get_table : tbl=hive.default.acidTbl	
2024-04-24T05:16:02,398  INFO [main] metastore.HMSHandler: Skipping translation for processor with null
2024-04-24T05:16:02,398  INFO [main] parse.UpdateDeleteSemanticAnalyzer: Completed phase 1 of Semantic Analysis
2024-04-24T05:16:02,398  INFO [main] parse.UpdateDeleteSemanticAnalyzer: Get metadata for source tables
2024-04-24T05:16:02,399  INFO [main] HiveMetaStore.audit: ugi=alex	ip=unknown-ip-addr	cmd=get_table : tbl=hive.default.acidtbl	
2024-04-24T05:16:02,405  INFO [main] metastore.HMSHandler: Skipping translation for processor with null
2024-04-24T05:16:02,405  INFO [main] parse.UpdateDeleteSemanticAnalyzer: Get metadata for subqueries
2024-04-24T05:16:02,405  INFO [main] parse.UpdateDeleteSemanticAnalyzer: Get metadata for destination tables
2024-04-24T05:16:02,405  INFO [main] parse.UpdateDeleteSemanticAnalyzer: Completed getting MetaData in Semantic Analysis
2024-04-24T05:16:02,405  INFO [main] parse.UpdateDeleteSemanticAnalyzer: Disabling LLAP IO encode as ETL query is detected
2024-04-24T05:16:02,417  INFO [main] HiveMetaStore.audit: ugi=alex	ip=unknown-ip-addr	cmd=get_all_table_constraints : tbl=hive.default.acidtbl	
2024-04-24T05:16:02,425  INFO [main] HiveMetaStore.audit: ugi=alex	ip=unknown-ip-addr	cmd=get_not_null_constraints : tbl=hive.default.acidtbl	
2024-04-24T05:16:02,426  INFO [main] HiveMetaStore.audit: ugi=alex	ip=unknown-ip-addr	cmd=get_check_constraints : tbl=hive.default.acidtbl	
2024-04-24T05:16:02,445  INFO [main] calcite.RelOptHiveTable: Calculating column statistics for default.acidtbl, projIndxSet: [0], allowMissingStats: true
2024-04-24T05:16:02,445  INFO [main] HiveMetaStore.audit: ugi=alex	ip=unknown-ip-addr	cmd=get_table : tbl=hive.default.acidtbl	
2024-04-24T05:16:02,454  INFO [main] metastore.HMSHandler: Skipping translation for processor with null
2024-04-24T05:16:02,454  INFO [main] HiveMetaStore.audit: ugi=alex	ip=unknown-ip-addr	cmd=get_table : tbl=hive.default.acidtbl	
2024-04-24T05:16:02,463  INFO [main] metastore.HMSHandler: Skipping translation for processor with null
2024-04-24T05:16:02,463  INFO [main] HiveMetaStore.audit: ugi=alex	ip=unknown-ip-addr	cmd=get_table_statistics_req: table=hive.default.acidtbl	
2024-04-24T05:16:02,473  WARN [main] calcite.RelOptHiveTable: No Stats for default@acidtbl, Columns: a
No Stats for default@acidtbl, Columns: a
2024-04-24T05:16:02,473  INFO [main] SessionState: No Stats for default@acidtbl, Columns: a
2024-04-24T05:16:02,521  INFO [main] parse.UpdateDeleteSemanticAnalyzer: Get metadata for source tables
2024-04-24T05:16:02,521  INFO [main] parse.UpdateDeleteSemanticAnalyzer: Get metadata for subqueries
2024-04-24T05:16:02,521  INFO [main] parse.UpdateDeleteSemanticAnalyzer: Get metadata for destination tables
2024-04-24T05:16:02,522 ERROR [main] parse.UpdateDeleteSemanticAnalyzer: CBO failed, skipping CBO. 
org.apache.hadoop.hive.ql.exec.NoMatchingMethodException: No matching method for class org.apache.hadoop.hive.ql.udf.UDFToInteger with (struct<writeid:bigint,bucketid:int,rowid:bigint>). Possible choices: _FUNC_(bigint)  _FUNC_(boolean)  _FUNC_(decimal(38,18))  _FUNC_(double)  _FUNC_(float)  _FUNC_(smallint)  _FUNC_(string)  _FUNC_(struct<writeid:bigint,rowid:int,bucketid:bigint>)  _FUNC_(timestamp)  _FUNC_(tinyint)  _FUNC_(void)  
	at org.apache.hadoop.hive.ql.exec.MethodUtils.getMethodInternal(MethodUtils.java:130) ~[classes/:?]
	at org.apache.hadoop.hive.ql.exec.MethodUtils.getMethodInternal(MethodUtils.java:60) ~[classes/:?]
	at org.apache.hadoop.hive.ql.exec.DefaultUDFMethodResolver.getEvalMethod(DefaultUDFMethodResolver.java:59) ~[classes/:?]
	at org.apache.hadoop.hive.ql.udf.TimestampCastRestrictorResolver.getEvalMethod(TimestampCastRestrictorResolver.java:68) ~[classes/:?]
	at org.apache.hadoop.hive.ql.udf.generic.GenericUDFBridge.initialize(GenericUDFBridge.java:168) ~[classes/:?]
	at org.apache.hadoop.hive.ql.udf.generic.GenericUDF.initializeAndFoldConstants(GenericUDF.java:149) ~[classes/:?]
	at org.apache.hadoop.hive.ql.plan.ExprNodeGenericFuncDesc.newInstance(ExprNodeGenericFuncDesc.java:235) ~[classes/:?]
	at org.apache.hadoop.hive.ql.parse.type.ExprNodeDescExprFactory.createFuncCallExpr(ExprNodeDescExprFactory.java:584) ~[classes/:?]
	at org.apache.hadoop.hive.ql.parse.type.ExprNodeDescExprFactory.createFuncCallExpr(ExprNodeDescExprFactory.java:97) ~[classes/:?]
	at org.apache.hadoop.hive.ql.parse.type.TypeCheckProcFactory$DefaultExprProcessor.getFuncExprNodeDescWithUdfData(TypeCheckProcFactory.java:762) ~[classes/:?]
	at org.apache.hadoop.hive.ql.parse.type.TypeCheckProcFactory$DefaultExprProcessor.createConversionCast(TypeCheckProcFactory.java:783) ~[classes/:?]
	at org.apache.hadoop.hive.ql.parse.SemanticAnalyzer.getPartitionColsFromBucketColsForUpdateDelete(SemanticAnalyzer.java:8725) ~[classes/:?]
	at org.apache.hadoop.hive.ql.parse.SemanticAnalyzer.genBucketingSortingDest(SemanticAnalyzer.java:6906) ~[classes/:?]
	at org.apache.hadoop.hive.ql.parse.SemanticAnalyzer.genFileSinkPlan(SemanticAnalyzer.java:7335) ~[classes/:?]
	at org.apache.hadoop.hive.ql.parse.SemanticAnalyzer.genPostGroupByBodyPlan(SemanticAnalyzer.java:11063) ~[classes/:?]
	at org.apache.hadoop.hive.ql.parse.SemanticAnalyzer.genBodyPlan(SemanticAnalyzer.java:10938) ~[classes/:?]
	at org.apache.hadoop.hive.ql.parse.SemanticAnalyzer.genPlan(SemanticAnalyzer.java:11853) ~[classes/:?]
	at org.apache.hadoop.hive.ql.parse.SemanticAnalyzer.genPlan(SemanticAnalyzer.java:11723) ~[classes/:?]
	at org.apache.hadoop.hive.ql.parse.CalcitePlanner.genOPTree(CalcitePlanner.java:626) ~[classes/:?]
	at org.apache.hadoop.hive.ql.parse.SemanticAnalyzer.analyzeInternal(SemanticAnalyzer.java:12558) ~[classes/:?]
	at org.apache.hadoop.hive.ql.parse.CalcitePlanner.analyzeInternal(CalcitePlanner.java:456) ~[classes/:?]
	at org.apache.hadoop.hive.ql.parse.RewriteSemanticAnalyzer.analyzeInternal(RewriteSemanticAnalyzer.java:67) ~[classes/:?]
	at org.apache.hadoop.hive.ql.parse.BaseSemanticAnalyzer.analyze(BaseSemanticAnalyzer.java:317) ~[classes/:?]
	at org.apache.hadoop.hive.ql.parse.UpdateDeleteSemanticAnalyzer.reparseAndSuperAnalyze(UpdateDeleteSemanticAnalyzer.java:208) ~[classes/:?]
	at org.apache.hadoop.hive.ql.parse.UpdateDeleteSemanticAnalyzer.analyzeUpdate(UpdateDeleteSemanticAnalyzer.java:63) ~[classes/:?]
	at org.apache.hadoop.hive.ql.parse.UpdateDeleteSemanticAnalyzer.analyze(UpdateDeleteSemanticAnalyzer.java:53) ~[classes/:?]
	at org.apache.hadoop.hive.ql.parse.RewriteSemanticAnalyzer.analyzeInternal(RewriteSemanticAnalyzer.java:72) ~[classes/:?]
	at org.apache.hadoop.hive.ql.parse.BaseSemanticAnalyzer.analyze(BaseSemanticAnalyzer.java:317) ~[classes/:?]
	at org.apache.hadoop.hive.ql.Compiler.analyze(Compiler.java:223) ~[classes/:?]
	at org.apache.hadoop.hive.ql.Compiler.compile(Compiler.java:105) ~[classes/:?]
	at org.apache.hadoop.hive.ql.Driver.compile(Driver.java:500) ~[classes/:?]
	at org.apache.hadoop.hive.ql.Driver.compileInternal(Driver.java:453) ~[classes/:?]
	at org.apache.hadoop.hive.ql.Driver.runInternal(Driver.java:181) ~[classes/:?]
	at org.apache.hadoop.hive.ql.Driver.run(Driver.java:153) ~[classes/:?]
	at org.apache.hadoop.hive.ql.Driver.run(Driver.java:140) ~[classes/:?]
	at org.apache.hadoop.hive.ql.TxnCommandsBaseForTests.runStatementOnDriver(TxnCommandsBaseForTests.java:245) ~[test-classes/:?]
	at org.apache.hadoop.hive.ql.TestTxnCommands.testMoreBucketsThanReducers(TestTxnCommands.java:1429) ~[test-classes/:?]
	at sun.reflect.NativeMethodAccessorImpl.invoke0(Native Method) ~[?:1.8.0_402]
	at sun.reflect.NativeMethodAccessorImpl.invoke(NativeMethodAccessorImpl.java:62) ~[?:1.8.0_402]
	at sun.reflect.DelegatingMethodAccessorImpl.invoke(DelegatingMethodAccessorImpl.java:43) ~[?:1.8.0_402]
	at java.lang.reflect.Method.invoke(Method.java:498) ~[?:1.8.0_402]
	at org.junit.runners.model.FrameworkMethod$1.runReflectiveCall(FrameworkMethod.java:59) ~[junit-4.13.jar:4.13]
	at org.junit.internal.runners.model.ReflectiveCallable.run(ReflectiveCallable.java:12) ~[junit-4.13.jar:4.13]
	at org.junit.runners.model.FrameworkMethod.invokeExplosively(FrameworkMethod.java:56) ~[junit-4.13.jar:4.13]
	at org.junit.internal.runners.statements.InvokeMethod.evaluate(InvokeMethod.java:17) ~[junit-4.13.jar:4.13]
	at org.junit.internal.runners.statements.RunBefores.evaluate(RunBefores.java:26) ~[junit-4.13.jar:4.13]
	at org.junit.internal.runners.statements.RunAfters.evaluate(RunAfters.java:27) ~[junit-4.13.jar:4.13]
	at org.junit.rules.TestWatcher$1.evaluate(TestWatcher.java:61) ~[junit-4.13.jar:4.13]
	at org.junit.runners.ParentRunner$3.evaluate(ParentRunner.java:306) ~[junit-4.13.jar:4.13]
	at org.junit.runners.BlockJUnit4ClassRunner$1.evaluate(BlockJUnit4ClassRunner.java:100) ~[junit-4.13.jar:4.13]
	at org.junit.runners.ParentRunner.runLeaf(ParentRunner.java:366) ~[junit-4.13.jar:4.13]
	at org.junit.runners.BlockJUnit4ClassRunner.runChild(BlockJUnit4ClassRunner.java:103) ~[junit-4.13.jar:4.13]
	at org.junit.runners.BlockJUnit4ClassRunner.runChild(BlockJUnit4ClassRunner.java:63) ~[junit-4.13.jar:4.13]
	at org.junit.runners.ParentRunner$4.run(ParentRunner.java:331) ~[junit-4.13.jar:4.13]
	at org.junit.runners.ParentRunner$1.schedule(ParentRunner.java:79) ~[junit-4.13.jar:4.13]
	at org.junit.runners.ParentRunner.runChildren(ParentRunner.java:329) ~[junit-4.13.jar:4.13]
	at org.junit.runners.ParentRunner.access$100(ParentRunner.java:66) ~[junit-4.13.jar:4.13]
	at org.junit.runners.ParentRunner$2.evaluate(ParentRunner.java:293) ~[junit-4.13.jar:4.13]
	at org.junit.runners.ParentRunner$3.evaluate(ParentRunner.java:306) ~[junit-4.13.jar:4.13]
	at org.junit.runners.ParentRunner.run(ParentRunner.java:413) ~[junit-4.13.jar:4.13]
	at org.junit.runner.JUnitCore.run(JUnitCore.java:137) ~[junit-4.13.jar:4.13]
	at org.junit.runner.JUnitCore.run(JUnitCore.java:115) ~[junit-4.13.jar:4.13]
	at org.junit.vintage.engine.execution.RunnerExecutor.execute(RunnerExecutor.java:43) ~[junit-vintage-engine-5.6.2.jar:5.6.2]
	at java.util.stream.ForEachOps$ForEachOp$OfRef.accept(ForEachOps.java:183) ~[?:1.8.0_402]
	at java.util.stream.ReferencePipeline$3$1.accept(ReferencePipeline.java:193) ~[?:1.8.0_402]
	at java.util.Iterator.forEachRemaining(Iterator.java:116) ~[?:1.8.0_402]
	at java.util.Spliterators$IteratorSpliterator.forEachRemaining(Spliterators.java:1801) ~[?:1.8.0_402]
	at java.util.stream.AbstractPipeline.copyInto(AbstractPipeline.java:482) ~[?:1.8.0_402]
	at java.util.stream.AbstractPipeline.wrapAndCopyInto(AbstractPipeline.java:472) ~[?:1.8.0_402]
	at java.util.stream.ForEachOps$ForEachOp.evaluateSequential(ForEachOps.java:150) ~[?:1.8.0_402]
	at java.util.stream.ForEachOps$ForEachOp$OfRef.evaluateSequential(ForEachOps.java:173) ~[?:1.8.0_402]
	at java.util.stream.AbstractPipeline.evaluate(AbstractPipeline.java:234) ~[?:1.8.0_402]
	at java.util.stream.ReferencePipeline.forEach(ReferencePipeline.java:485) ~[?:1.8.0_402]
	at org.junit.vintage.engine.VintageTestEngine.executeAllChildren(VintageTestEngine.java:82) ~[junit-vintage-engine-5.6.2.jar:5.6.2]
	at org.junit.vintage.engine.VintageTestEngine.execute(VintageTestEngine.java:73) ~[junit-vintage-engine-5.6.2.jar:5.6.2]
	at org.junit.platform.launcher.core.DefaultLauncher.execute(DefaultLauncher.java:248) ~[junit-platform-launcher-1.6.2.jar:1.6.2]
	at org.junit.platform.launcher.core.DefaultLauncher.lambda$execute$5(DefaultLauncher.java:211) ~[junit-platform-launcher-1.6.2.jar:1.6.2]
	at org.junit.platform.launcher.core.DefaultLauncher.withInterceptedStreams(DefaultLauncher.java:226) [junit-platform-launcher-1.6.2.jar:1.6.2]
	at org.junit.platform.launcher.core.DefaultLauncher.execute(DefaultLauncher.java:199) [junit-platform-launcher-1.6.2.jar:1.6.2]
	at org.junit.platform.launcher.core.DefaultLauncher.execute(DefaultLauncher.java:132) [junit-platform-launcher-1.6.2.jar:1.6.2]
	at org.apache.maven.surefire.junitplatform.JUnitPlatformProvider.invokeAllTests(JUnitPlatformProvider.java:154) [surefire-junit-platform-3.0.0-M4.jar:3.0.0-M4]
	at org.apache.maven.surefire.junitplatform.JUnitPlatformProvider.invoke(JUnitPlatformProvider.java:123) [surefire-junit-platform-3.0.0-M4.jar:3.0.0-M4]
	at org.apache.maven.surefire.booter.ForkedBooter.runSuitesInProcess(ForkedBooter.java:377) [surefire-booter-3.0.0-M4.jar:3.0.0-M4]
	at org.apache.maven.surefire.booter.ForkedBooter.execute(ForkedBooter.java:138) [surefire-booter-3.0.0-M4.jar:3.0.0-M4]
	at org.apache.maven.surefire.booter.ForkedBooter.run(ForkedBooter.java:465) [surefire-booter-3.0.0-M4.jar:3.0.0-M4]
	at org.apache.maven.surefire.booter.ForkedBooter.main(ForkedBooter.java:451) [surefire-booter-3.0.0-M4.jar:3.0.0-M4]
2024-04-24T05:16:02,523 ERROR [main] parse.UpdateDeleteSemanticAnalyzer: CBO failed due to missing column stats (see previous errors), skipping CBO
2024-04-24T05:16:02,524  INFO [main] parse.UpdateDeleteSemanticAnalyzer: Ending caching scope for: alex_20240424051559_9efd365b-9826-4140-9ea8-7a519ce9a5ba
FAILED: NoMatchingMethodException No matching method for class org.apache.hadoop.hive.ql.udf.UDFToInteger with (struct<writeid:bigint,bucketid:int,rowid:bigint>). Possible choices: _FUNC_(bigint)  _FUNC_(boolean)  _FUNC_(decimal(38,18))  _FUNC_(double)  _FUNC_(float)  _FUNC_(smallint)  _FUNC_(string)  _FUNC_(struct<writeid:bigint,rowid:int,bucketid:bigint>)  _FUNC_(timestamp)  _FUNC_(tinyint)  _FUNC_(void)  
2024-04-24T05:16:02,524 ERROR [main] ql.Driver: FAILED: NoMatchingMethodException No matching method for class org.apache.hadoop.hive.ql.udf.UDFToInteger with (struct<writeid:bigint,bucketid:int,rowid:bigint>). Possible choices: _FUNC_(bigint)  _FUNC_(boolean)  _FUNC_(decimal(38,18))  _FUNC_(double)  _FUNC_(float)  _FUNC_(smallint)  _FUNC_(string)  _FUNC_(struct<writeid:bigint,rowid:int,bucketid:bigint>)  _FUNC_(timestamp)  _FUNC_(tinyint)  _FUNC_(void)  
org.apache.hadoop.hive.ql.exec.NoMatchingMethodException: No matching method for class org.apache.hadoop.hive.ql.udf.UDFToInteger with (struct<writeid:bigint,bucketid:int,rowid:bigint>). Possible choices: _FUNC_(bigint)  _FUNC_(boolean)  _FUNC_(decimal(38,18))  _FUNC_(double)  _FUNC_(float)  _FUNC_(smallint)  _FUNC_(string)  _FUNC_(struct<writeid:bigint,rowid:int,bucketid:bigint>)  _FUNC_(timestamp)  _FUNC_(tinyint)  _FUNC_(void)  
	at org.apache.hadoop.hive.ql.exec.MethodUtils.getMethodInternal(MethodUtils.java:130)
	at org.apache.hadoop.hive.ql.exec.MethodUtils.getMethodInternal(MethodUtils.java:60)
	at org.apache.hadoop.hive.ql.exec.DefaultUDFMethodResolver.getEvalMethod(DefaultUDFMethodResolver.java:59)
	at org.apache.hadoop.hive.ql.udf.TimestampCastRestrictorResolver.getEvalMethod(TimestampCastRestrictorResolver.java:68)
	at org.apache.hadoop.hive.ql.udf.generic.GenericUDFBridge.initialize(GenericUDFBridge.java:168)
	at org.apache.hadoop.hive.ql.udf.generic.GenericUDF.initializeAndFoldConstants(GenericUDF.java:149)
	at org.apache.hadoop.hive.ql.plan.ExprNodeGenericFuncDesc.newInstance(ExprNodeGenericFuncDesc.java:235)
	at org.apache.hadoop.hive.ql.parse.type.ExprNodeDescExprFactory.createFuncCallExpr(ExprNodeDescExprFactory.java:584)
	at org.apache.hadoop.hive.ql.parse.type.ExprNodeDescExprFactory.createFuncCallExpr(ExprNodeDescExprFactory.java:97)
	at org.apache.hadoop.hive.ql.parse.type.TypeCheckProcFactory$DefaultExprProcessor.getFuncExprNodeDescWithUdfData(TypeCheckProcFactory.java:762)
	at org.apache.hadoop.hive.ql.parse.type.TypeCheckProcFactory$DefaultExprProcessor.createConversionCast(TypeCheckProcFactory.java:783)
	at org.apache.hadoop.hive.ql.parse.SemanticAnalyzer.getPartitionColsFromBucketColsForUpdateDelete(SemanticAnalyzer.java:8725)
	at org.apache.hadoop.hive.ql.parse.SemanticAnalyzer.genBucketingSortingDest(SemanticAnalyzer.java:6906)
	at org.apache.hadoop.hive.ql.parse.SemanticAnalyzer.genFileSinkPlan(SemanticAnalyzer.java:7335)
	at org.apache.hadoop.hive.ql.parse.SemanticAnalyzer.genPostGroupByBodyPlan(SemanticAnalyzer.java:11063)
	at org.apache.hadoop.hive.ql.parse.SemanticAnalyzer.genBodyPlan(SemanticAnalyzer.java:10938)
	at org.apache.hadoop.hive.ql.parse.SemanticAnalyzer.genPlan(SemanticAnalyzer.java:11853)
	at org.apache.hadoop.hive.ql.parse.SemanticAnalyzer.genPlan(SemanticAnalyzer.java:11723)
	at org.apache.hadoop.hive.ql.parse.CalcitePlanner.genOPTree(CalcitePlanner.java:626)
	at org.apache.hadoop.hive.ql.parse.SemanticAnalyzer.analyzeInternal(SemanticAnalyzer.java:12558)
	at org.apache.hadoop.hive.ql.parse.CalcitePlanner.analyzeInternal(CalcitePlanner.java:456)
	at org.apache.hadoop.hive.ql.parse.RewriteSemanticAnalyzer.analyzeInternal(RewriteSemanticAnalyzer.java:67)
	at org.apache.hadoop.hive.ql.parse.BaseSemanticAnalyzer.analyze(BaseSemanticAnalyzer.java:317)
	at org.apache.hadoop.hive.ql.parse.UpdateDeleteSemanticAnalyzer.reparseAndSuperAnalyze(UpdateDeleteSemanticAnalyzer.java:208)
	at org.apache.hadoop.hive.ql.parse.UpdateDeleteSemanticAnalyzer.analyzeUpdate(UpdateDeleteSemanticAnalyzer.java:63)
	at org.apache.hadoop.hive.ql.parse.UpdateDeleteSemanticAnalyzer.analyze(UpdateDeleteSemanticAnalyzer.java:53)
	at org.apache.hadoop.hive.ql.parse.RewriteSemanticAnalyzer.analyzeInternal(RewriteSemanticAnalyzer.java:72)
	at org.apache.hadoop.hive.ql.parse.BaseSemanticAnalyzer.analyze(BaseSemanticAnalyzer.java:317)
	at org.apache.hadoop.hive.ql.Compiler.analyze(Compiler.java:223)
	at org.apache.hadoop.hive.ql.Compiler.compile(Compiler.java:105)
	at org.apache.hadoop.hive.ql.Driver.compile(Driver.java:500)
	at org.apache.hadoop.hive.ql.Driver.compileInternal(Driver.java:453)
	at org.apache.hadoop.hive.ql.Driver.runInternal(Driver.java:181)
	at org.apache.hadoop.hive.ql.Driver.run(Driver.java:153)
	at org.apache.hadoop.hive.ql.Driver.run(Driver.java:140)
	at org.apache.hadoop.hive.ql.TxnCommandsBaseForTests.runStatementOnDriver(TxnCommandsBaseForTests.java:245)
	at org.apache.hadoop.hive.ql.TestTxnCommands.testMoreBucketsThanReducers(TestTxnCommands.java:1429)
	at sun.reflect.NativeMethodAccessorImpl.invoke0(Native Method)
	at sun.reflect.NativeMethodAccessorImpl.invoke(NativeMethodAccessorImpl.java:62)
	at sun.reflect.DelegatingMethodAccessorImpl.invoke(DelegatingMethodAccessorImpl.java:43)
	at java.lang.reflect.Method.invoke(Method.java:498)
	at org.junit.runners.model.FrameworkMethod$1.runReflectiveCall(FrameworkMethod.java:59)
	at org.junit.internal.runners.model.ReflectiveCallable.run(ReflectiveCallable.java:12)
	at org.junit.runners.model.FrameworkMethod.invokeExplosively(FrameworkMethod.java:56)
	at org.junit.internal.runners.statements.InvokeMethod.evaluate(InvokeMethod.java:17)
	at org.junit.internal.runners.statements.RunBefores.evaluate(RunBefores.java:26)
	at org.junit.internal.runners.statements.RunAfters.evaluate(RunAfters.java:27)
	at org.junit.rules.TestWatcher$1.evaluate(TestWatcher.java:61)
	at org.junit.runners.ParentRunner$3.evaluate(ParentRunner.java:306)
	at org.junit.runners.BlockJUnit4ClassRunner$1.evaluate(BlockJUnit4ClassRunner.java:100)
	at org.junit.runners.ParentRunner.runLeaf(ParentRunner.java:366)
	at org.junit.runners.BlockJUnit4ClassRunner.runChild(BlockJUnit4ClassRunner.java:103)
	at org.junit.runners.BlockJUnit4ClassRunner.runChild(BlockJUnit4ClassRunner.java:63)
	at org.junit.runners.ParentRunner$4.run(ParentRunner.java:331)
	at org.junit.runners.ParentRunner$1.schedule(ParentRunner.java:79)
	at org.junit.runners.ParentRunner.runChildren(ParentRunner.java:329)
	at org.junit.runners.ParentRunner.access$100(ParentRunner.java:66)
	at org.junit.runners.ParentRunner$2.evaluate(ParentRunner.java:293)
	at org.junit.runners.ParentRunner$3.evaluate(ParentRunner.java:306)
	at org.junit.runners.ParentRunner.run(ParentRunner.java:413)
	at org.junit.runner.JUnitCore.run(JUnitCore.java:137)
	at org.junit.runner.JUnitCore.run(JUnitCore.java:115)
	at org.junit.vintage.engine.execution.RunnerExecutor.execute(RunnerExecutor.java:43)
	at java.util.stream.ForEachOps$ForEachOp$OfRef.accept(ForEachOps.java:183)
	at java.util.stream.ReferencePipeline$3$1.accept(ReferencePipeline.java:193)
	at java.util.Iterator.forEachRemaining(Iterator.java:116)
	at java.util.Spliterators$IteratorSpliterator.forEachRemaining(Spliterators.java:1801)
	at java.util.stream.AbstractPipeline.copyInto(AbstractPipeline.java:482)
	at java.util.stream.AbstractPipeline.wrapAndCopyInto(AbstractPipeline.java:472)
	at java.util.stream.ForEachOps$ForEachOp.evaluateSequential(ForEachOps.java:150)
	at java.util.stream.ForEachOps$ForEachOp$OfRef.evaluateSequential(ForEachOps.java:173)
	at java.util.stream.AbstractPipeline.evaluate(AbstractPipeline.java:234)
	at java.util.stream.ReferencePipeline.forEach(ReferencePipeline.java:485)
	at org.junit.vintage.engine.VintageTestEngine.executeAllChildren(VintageTestEngine.java:82)
	at org.junit.vintage.engine.VintageTestEngine.execute(VintageTestEngine.java:73)
	at org.junit.platform.launcher.core.DefaultLauncher.execute(DefaultLauncher.java:248)
	at org.junit.platform.launcher.core.DefaultLauncher.lambda$execute$5(DefaultLauncher.java:211)
	at org.junit.platform.launcher.core.DefaultLauncher.withInterceptedStreams(DefaultLauncher.java:226)
	at org.junit.platform.launcher.core.DefaultLauncher.execute(DefaultLauncher.java:199)
	at org.junit.platform.launcher.core.DefaultLauncher.execute(DefaultLauncher.java:132)
	at org.apache.maven.surefire.junitplatform.JUnitPlatformProvider.invokeAllTests(JUnitPlatformProvider.java:154)
	at org.apache.maven.surefire.junitplatform.JUnitPlatformProvider.invoke(JUnitPlatformProvider.java:123)
	at org.apache.maven.surefire.booter.ForkedBooter.runSuitesInProcess(ForkedBooter.java:377)
	at org.apache.maven.surefire.booter.ForkedBooter.execute(ForkedBooter.java:138)
	at org.apache.maven.surefire.booter.ForkedBooter.run(ForkedBooter.java:465)
	at org.apache.maven.surefire.booter.ForkedBooter.main(ForkedBooter.java:451)

2024-04-24T05:16:02,524  INFO [main] metadata.Hive: Dumping metastore api call timing information for : compilation phase
2024-04-24T05:16:02,524  INFO [main] metadata.Hive: Total time spent in each metastore function (ms): {isCompatibleWith_(Configuration)=0, getValidTxns_(long)=0, getNotNullConstraints_(NotNullConstraintsRequest)=2, commitTxn_(CommitTxnRequest)=11, getAllTableConstraints_(AllTableConstraintsRequest)=5, getValidWriteIds_(List, String)=3, getCheckConstraints_(CheckConstraintsRequest)=0, getTable_(GetTableRequest)=21, flushCache_()=0, openTxn_(String, TxnType)=2, getTableColumnStatistics_(String, String, List, String)=28}
2024-04-24T05:16:02,525  INFO [main] ql.Driver: Completed compiling command(queryId=alex_20240424051559_9efd365b-9826-4140-9ea8-7a519ce9a5ba); Time taken: 0.145 seconds
2024-04-24T05:16:02,525  INFO [main] lockmgr.DbTxnManager: Stopped heartbeat for query: alex_20240424051559_9efd365b-9826-4140-9ea8-7a519ce9a5ba
2024-04-24T05:16:02,528  INFO [main] txn.TxnHandler: Removed transactions: ([15]) from MIN_HISTORY_LEVEL
2024-04-24T05:16:02,534  INFO [main] ql.TxnCommandsBaseForTests: Running the query: drop table if exists acidTbl
2024-04-24T05:16:02,535  INFO [main] ql.Driver: Compiling command(queryId=alex_20240424051559_9efd365b-9826-4140-9ea8-7a519ce9a5ba): drop table if exists acidTbl
2024-04-24T05:16:02,537  INFO [main] txn.TxnHandler: Added entries to MIN_HISTORY_LEVEL for current txns: ([16]) with min_open_txn: 15
2024-04-24T05:16:02,537  INFO [main] lockmgr.DbTxnManager: Opened txnid:16
2024-04-24T05:16:02,538  INFO [main] HiveMetaStore.audit: ugi=alex	ip=unknown-ip-addr	cmd=get_table : tbl=hive.default.acidTbl	
2024-04-24T05:16:02,544  INFO [main] metastore.HMSHandler: Skipping translation for processor with null
2024-04-24T05:16:02,544  INFO [main] ql.Driver: Semantic Analysis Completed (retrial = false)
2024-04-24T05:16:02,544  INFO [main] ql.Driver: Created Hive schema: Schema(fieldSchemas:null, properties:null)
2024-04-24T05:16:02,544  INFO [main] metadata.Hive: Dumping metastore api call timing information for : compilation phase
2024-04-24T05:16:02,544  INFO [main] metadata.Hive: Total time spent in each metastore function (ms): {getTable_(GetTableRequest)=6, flushCache_()=0, rollbackTxn_(long)=9, isCompatibleWith_(Configuration)=1, getValidTxns_(long)=0, openTxn_(String, TxnType)=2}
2024-04-24T05:16:02,544  INFO [main] ql.Driver: Completed compiling command(queryId=alex_20240424051559_9efd365b-9826-4140-9ea8-7a519ce9a5ba); Time taken: 0.009 seconds
2024-04-24T05:16:02,545  INFO [main] lockmgr.DbTxnManager: Setting lock request transaction to txnid:16 for queryId=alex_20240424051559_9efd365b-9826-4140-9ea8-7a519ce9a5ba
2024-04-24T05:16:02,545  INFO [main] lockmgr.DbLockManager: Requesting lock for queryId=alex_20240424051559_9efd365b-9826-4140-9ea8-7a519ce9a5ba
2024-04-24T05:16:02,559  INFO [main] lockmgr.DbLockManager: Response to queryId=alex_20240424051559_9efd365b-9826-4140-9ea8-7a519ce9a5ba LockResponse(lockid:9, state:ACQUIRED)
2024-04-24T05:16:02,559  INFO [main] ql.Driver: Operation DROPTABLE obtained 1 locks
2024-04-24T05:16:02,559  INFO [main] ql.Driver: Executing command(queryId=alex_20240424051559_9efd365b-9826-4140-9ea8-7a519ce9a5ba): drop table if exists acidTbl
2024-04-24T05:16:02,559  INFO [main] ql.Driver: Starting task [Stage-0:DDL] in serial mode
2024-04-24T05:16:02,559  INFO [main] HiveMetaStore.audit: ugi=alex	ip=unknown-ip-addr	cmd=get_table : tbl=hive.default.acidTbl	
2024-04-24T05:16:02,565  INFO [main] metastore.HMSHandler: Skipping translation for processor with null
2024-04-24T05:16:02,566  INFO [main] HiveMetaStore.audit: ugi=alex	ip=unknown-ip-addr	cmd=get_table : tbl=hive.default.acidTbl	
2024-04-24T05:16:02,571  INFO [main] metastore.HMSHandler: Skipping translation for processor with null
2024-04-24T05:16:02,571  INFO [main] HiveMetaStore.audit: ugi=alex	ip=unknown-ip-addr	cmd=drop_table : tbl=hive.default.acidTbl	
2024-04-24T05:16:02,670  INFO [main] metadata.Hive: Dumping metastore api call timing information for : execution phase
2024-04-24T05:16:02,670  INFO [main] metadata.Hive: Total time spent in each metastore function (ms): {isCompatibleWith_(Configuration)=0, getTable_(GetTableRequest)=6, dropTable_(String, String, boolean, boolean, boolean)=105}
2024-04-24T05:16:02,670  INFO [main] ql.Driver: Completed executing command(queryId=alex_20240424051559_9efd365b-9826-4140-9ea8-7a519ce9a5ba); Time taken: 0.111 seconds
2024-04-24T05:16:02,670  INFO [main] lockmgr.DbTxnManager: Stopped heartbeat for query: alex_20240424051559_9efd365b-9826-4140-9ea8-7a519ce9a5ba
2024-04-24T05:16:02,674  INFO [main] txn.TxnHandler: Expected to move at least one record from txn_components to completed_txn_components when committing txn! txnid:16
2024-04-24T05:16:02,681  INFO [main] txn.TxnHandler: Removed transactions: ([16]) from MIN_HISTORY_LEVEL
2024-04-24T05:16:02,681  WARN [main] txn.CompactionTxnHandler: No compaction queue record found for Compaction type transaction commit. txnId:16
2024-04-24T05:16:02,682  INFO [main] ql.TxnCommandsBaseForTests: Running the query: drop table if exists acidTblPart
2024-04-24T05:16:02,682  INFO [main] ql.Driver: Compiling command(queryId=alex_20240424051559_9efd365b-9826-4140-9ea8-7a519ce9a5ba): drop table if exists acidTblPart
2024-04-24T05:16:02,690  INFO [main] txn.TxnHandler: Added entries to MIN_HISTORY_LEVEL for current txns: ([17]) with min_open_txn: 15
2024-04-24T05:16:02,690  INFO [main] lockmgr.DbTxnManager: Opened txnid:17
2024-04-24T05:16:02,693  INFO [main] HiveMetaStore.audit: ugi=alex	ip=unknown-ip-addr	cmd=get_table : tbl=hive.default.acidTblPart	
2024-04-24T05:16:02,707  INFO [main] metastore.HMSHandler: Skipping translation for processor with null
2024-04-24T05:16:02,708  INFO [main] ql.Driver: Semantic Analysis Completed (retrial = false)
2024-04-24T05:16:02,708  INFO [main] ql.Driver: Created Hive schema: Schema(fieldSchemas:null, properties:null)
2024-04-24T05:16:02,708  INFO [main] metadata.Hive: Dumping metastore api call timing information for : compilation phase
2024-04-24T05:16:02,708  INFO [main] metadata.Hive: Total time spent in each metastore function (ms): {openTxn_(String, TxnType)=8, getValidTxns_(long)=1, isCompatibleWith_(Configuration)=1, flushCache_()=0, commitTxn_(CommitTxnRequest)=12, getTable_(GetTableRequest)=16}
2024-04-24T05:16:02,708  INFO [main] ql.Driver: Completed compiling command(queryId=alex_20240424051559_9efd365b-9826-4140-9ea8-7a519ce9a5ba); Time taken: 0.026 seconds
2024-04-24T05:16:02,708  INFO [main] lockmgr.DbTxnManager: Setting lock request transaction to txnid:17 for queryId=alex_20240424051559_9efd365b-9826-4140-9ea8-7a519ce9a5ba
2024-04-24T05:16:02,709  INFO [main] lockmgr.DbLockManager: Requesting lock for queryId=alex_20240424051559_9efd365b-9826-4140-9ea8-7a519ce9a5ba
2024-04-24T05:16:02,726  INFO [main] lockmgr.DbLockManager: Response to queryId=alex_20240424051559_9efd365b-9826-4140-9ea8-7a519ce9a5ba LockResponse(lockid:10, state:ACQUIRED)
2024-04-24T05:16:02,726  INFO [main] ql.Driver: Operation DROPTABLE obtained 1 locks
2024-04-24T05:16:02,726  INFO [main] ql.Driver: Executing command(queryId=alex_20240424051559_9efd365b-9826-4140-9ea8-7a519ce9a5ba): drop table if exists acidTblPart
2024-04-24T05:16:02,726  INFO [main] ql.Driver: Starting task [Stage-0:DDL] in serial mode
2024-04-24T05:16:02,727  INFO [main] HiveMetaStore.audit: ugi=alex	ip=unknown-ip-addr	cmd=get_table : tbl=hive.default.acidTblPart	
2024-04-24T05:16:02,732  INFO [main] metastore.HMSHandler: Skipping translation for processor with null
2024-04-24T05:16:02,733  INFO [main] HiveMetaStore.audit: ugi=alex	ip=unknown-ip-addr	cmd=get_table : tbl=hive.default.acidTblPart	
2024-04-24T05:16:02,738  INFO [main] metastore.HMSHandler: Skipping translation for processor with null
2024-04-24T05:16:02,739  INFO [main] HiveMetaStore.audit: ugi=alex	ip=unknown-ip-addr	cmd=drop_table : tbl=hive.default.acidTblPart	
2024-04-24T05:16:02,776  INFO [main] metadata.Hive: Dumping metastore api call timing information for : execution phase
2024-04-24T05:16:02,776  INFO [main] metadata.Hive: Total time spent in each metastore function (ms): {getTable_(GetTableRequest)=6, dropTable_(String, String, boolean, boolean, boolean)=44, isCompatibleWith_(Configuration)=0}
2024-04-24T05:16:02,776  INFO [main] ql.Driver: Completed executing command(queryId=alex_20240424051559_9efd365b-9826-4140-9ea8-7a519ce9a5ba); Time taken: 0.05 seconds
2024-04-24T05:16:02,777  INFO [main] lockmgr.DbTxnManager: Stopped heartbeat for query: alex_20240424051559_9efd365b-9826-4140-9ea8-7a519ce9a5ba
2024-04-24T05:16:02,780  INFO [main] txn.TxnHandler: Expected to move at least one record from txn_components to completed_txn_components when committing txn! txnid:17
2024-04-24T05:16:02,786  INFO [main] txn.TxnHandler: Removed transactions: ([17]) from MIN_HISTORY_LEVEL
2024-04-24T05:16:02,786  WARN [main] txn.CompactionTxnHandler: No compaction queue record found for Compaction type transaction commit. txnId:17
2024-04-24T05:16:02,787  INFO [main] ql.TxnCommandsBaseForTests: Running the query: drop table if exists acidTbl2
2024-04-24T05:16:02,787  INFO [main] ql.Driver: Compiling command(queryId=alex_20240424051559_9efd365b-9826-4140-9ea8-7a519ce9a5ba): drop table if exists acidTbl2
2024-04-24T05:16:02,789  INFO [main] txn.TxnHandler: Added entries to MIN_HISTORY_LEVEL for current txns: ([18]) with min_open_txn: 15
2024-04-24T05:16:02,789  INFO [main] lockmgr.DbTxnManager: Opened txnid:18
2024-04-24T05:16:02,790  INFO [main] ql.Driver: Semantic Analysis Completed (retrial = false)
2024-04-24T05:16:02,790  INFO [main] ql.Driver: Created Hive schema: Schema(fieldSchemas:null, properties:null)
2024-04-24T05:16:02,790  INFO [main] metadata.Hive: Dumping metastore api call timing information for : compilation phase
2024-04-24T05:16:02,790  INFO [main] metadata.Hive: Total time spent in each metastore function (ms): {commitTxn_(CommitTxnRequest)=10, isCompatibleWith_(Configuration)=0, flushCache_()=0, getValidTxns_(long)=0, openTxn_(String, TxnType)=2, getTable_(GetTableRequest)=0}
2024-04-24T05:16:02,790  INFO [main] ql.Driver: Completed compiling command(queryId=alex_20240424051559_9efd365b-9826-4140-9ea8-7a519ce9a5ba); Time taken: 0.003 seconds
2024-04-24T05:16:02,791  INFO [main] lockmgr.DbTxnManager: Setting lock request transaction to txnid:18 for queryId=alex_20240424051559_9efd365b-9826-4140-9ea8-7a519ce9a5ba
2024-04-24T05:16:02,791  INFO [main] ql.Driver: Operation DROPTABLE obtained 0 locks
2024-04-24T05:16:02,791  INFO [main] ql.Driver: Executing command(queryId=alex_20240424051559_9efd365b-9826-4140-9ea8-7a519ce9a5ba): drop table if exists acidTbl2
2024-04-24T05:16:02,791  INFO [main] ql.Driver: Starting task [Stage-0:DDL] in serial mode
2024-04-24T05:16:02,791  INFO [main] metadata.SessionHiveMetaStoreClient: Column stats doesn't exist for db=default temp table=acidTbl2
2024-04-24T05:16:02,792  INFO [main] metadata.Hive: Dumping metastore api call timing information for : execution phase
2024-04-24T05:16:02,792  INFO [main] metadata.Hive: Total time spent in each metastore function (ms): {getTable_(GetTableRequest)=0, dropTable_(String, String, boolean, boolean, boolean)=0, isCompatibleWith_(Configuration)=0}
2024-04-24T05:16:02,792  INFO [main] ql.Driver: Completed executing command(queryId=alex_20240424051559_9efd365b-9826-4140-9ea8-7a519ce9a5ba); Time taken: 0.0 seconds
2024-04-24T05:16:02,792  INFO [main] lockmgr.DbTxnManager: Stopped heartbeat for query: alex_20240424051559_9efd365b-9826-4140-9ea8-7a519ce9a5ba
2024-04-24T05:16:02,797  INFO [main] txn.TxnHandler: Expected to move at least one record from txn_components to completed_txn_components when committing txn! txnid:18
2024-04-24T05:16:02,803  INFO [main] txn.TxnHandler: Removed transactions: ([18]) from MIN_HISTORY_LEVEL
2024-04-24T05:16:02,803  WARN [main] txn.CompactionTxnHandler: No compaction queue record found for Compaction type transaction commit. txnId:18
2024-04-24T05:16:02,803  INFO [main] ql.TxnCommandsBaseForTests: Running the query: drop table if exists nonAcidOrcTbl
2024-04-24T05:16:02,804  INFO [main] ql.Driver: Compiling command(queryId=alex_20240424051559_9efd365b-9826-4140-9ea8-7a519ce9a5ba): drop table if exists nonAcidOrcTbl
2024-04-24T05:16:02,806  INFO [main] txn.TxnHandler: Added entries to MIN_HISTORY_LEVEL for current txns: ([19]) with min_open_txn: 15
2024-04-24T05:16:02,806  INFO [main] lockmgr.DbTxnManager: Opened txnid:19
2024-04-24T05:16:02,806  INFO [main] HiveMetaStore.audit: ugi=alex	ip=unknown-ip-addr	cmd=get_table : tbl=hive.default.nonAcidOrcTbl	
2024-04-24T05:16:02,827  INFO [main] metastore.HMSHandler: Skipping translation for processor with null
2024-04-24T05:16:02,827  INFO [main] ql.Driver: Semantic Analysis Completed (retrial = false)
2024-04-24T05:16:02,827  INFO [main] ql.Driver: Created Hive schema: Schema(fieldSchemas:null, properties:null)
2024-04-24T05:16:02,827  INFO [main] metadata.Hive: Dumping metastore api call timing information for : compilation phase
2024-04-24T05:16:02,827  INFO [main] metadata.Hive: Total time spent in each metastore function (ms): {getTable_(GetTableRequest)=21, openTxn_(String, TxnType)=2, isCompatibleWith_(Configuration)=0, commitTxn_(CommitTxnRequest)=11, flushCache_()=0, getValidTxns_(long)=0}
2024-04-24T05:16:02,827  INFO [main] ql.Driver: Completed compiling command(queryId=alex_20240424051559_9efd365b-9826-4140-9ea8-7a519ce9a5ba); Time taken: 0.023 seconds
2024-04-24T05:16:02,828  INFO [main] lockmgr.DbTxnManager: Setting lock request transaction to txnid:19 for queryId=alex_20240424051559_9efd365b-9826-4140-9ea8-7a519ce9a5ba
2024-04-24T05:16:02,828  INFO [main] lockmgr.DbLockManager: Requesting lock for queryId=alex_20240424051559_9efd365b-9826-4140-9ea8-7a519ce9a5ba
2024-04-24T05:16:02,842  INFO [main] lockmgr.DbLockManager: Response to queryId=alex_20240424051559_9efd365b-9826-4140-9ea8-7a519ce9a5ba LockResponse(lockid:11, state:ACQUIRED)
2024-04-24T05:16:02,842  INFO [main] ql.Driver: Operation DROPTABLE obtained 1 locks
2024-04-24T05:16:02,842  INFO [main] ql.Driver: Executing command(queryId=alex_20240424051559_9efd365b-9826-4140-9ea8-7a519ce9a5ba): drop table if exists nonAcidOrcTbl
2024-04-24T05:16:02,842  INFO [main] ql.Driver: Starting task [Stage-0:DDL] in serial mode
2024-04-24T05:16:02,842  INFO [main] HiveMetaStore.audit: ugi=alex	ip=unknown-ip-addr	cmd=get_table : tbl=hive.default.nonAcidOrcTbl	
2024-04-24T05:16:02,850  INFO [main] metastore.HMSHandler: Skipping translation for processor with null
2024-04-24T05:16:02,850  INFO [main] HiveMetaStore.audit: ugi=alex	ip=unknown-ip-addr	cmd=get_table : tbl=hive.default.nonAcidOrcTbl	
2024-04-24T05:16:02,858  INFO [main] metastore.HMSHandler: Skipping translation for processor with null
2024-04-24T05:16:02,858  INFO [main] HiveMetaStore.audit: ugi=alex	ip=unknown-ip-addr	cmd=drop_table : tbl=hive.default.nonAcidOrcTbl	
2024-04-24T05:16:02,913  INFO [main] metadata.Hive: Dumping metastore api call timing information for : execution phase
2024-04-24T05:16:02,913  INFO [main] metadata.Hive: Total time spent in each metastore function (ms): {getTable_(GetTableRequest)=8, isCompatibleWith_(Configuration)=0, dropTable_(String, String, boolean, boolean, boolean)=63}
2024-04-24T05:16:02,914  INFO [main] ql.Driver: Completed executing command(queryId=alex_20240424051559_9efd365b-9826-4140-9ea8-7a519ce9a5ba); Time taken: 0.071 seconds
2024-04-24T05:16:02,914  INFO [main] lockmgr.DbTxnManager: Stopped heartbeat for query: alex_20240424051559_9efd365b-9826-4140-9ea8-7a519ce9a5ba
2024-04-24T05:16:02,918  INFO [main] txn.TxnHandler: Expected to move at least one record from txn_components to completed_txn_components when committing txn! txnid:19
2024-04-24T05:16:02,924  INFO [main] txn.TxnHandler: Removed transactions: ([19]) from MIN_HISTORY_LEVEL
2024-04-24T05:16:02,924  WARN [main] txn.CompactionTxnHandler: No compaction queue record found for Compaction type transaction commit. txnId:19
2024-04-24T05:16:02,925  INFO [main] ql.TxnCommandsBaseForTests: Running the query: drop table if exists nonAcidOrcTbl2
2024-04-24T05:16:02,925  INFO [main] ql.Driver: Compiling command(queryId=alex_20240424051559_9efd365b-9826-4140-9ea8-7a519ce9a5ba): drop table if exists nonAcidOrcTbl2
2024-04-24T05:16:02,927  INFO [main] txn.TxnHandler: Added entries to MIN_HISTORY_LEVEL for current txns: ([20]) with min_open_txn: 15
2024-04-24T05:16:02,927  INFO [main] lockmgr.DbTxnManager: Opened txnid:20
2024-04-24T05:16:02,927  INFO [main] HiveMetaStore.audit: ugi=alex	ip=unknown-ip-addr	cmd=get_table : tbl=hive.default.nonAcidOrcTbl2	
2024-04-24T05:16:02,935  INFO [main] metastore.HMSHandler: Skipping translation for processor with null
2024-04-24T05:16:02,935  INFO [main] ql.Driver: Semantic Analysis Completed (retrial = false)
2024-04-24T05:16:02,935  INFO [main] ql.Driver: Created Hive schema: Schema(fieldSchemas:null, properties:null)
2024-04-24T05:16:02,935  INFO [main] metadata.Hive: Dumping metastore api call timing information for : compilation phase
2024-04-24T05:16:02,935  INFO [main] metadata.Hive: Total time spent in each metastore function (ms): {getValidTxns_(long)=0, openTxn_(String, TxnType)=2, getTable_(GetTableRequest)=8, flushCache_()=0, commitTxn_(CommitTxnRequest)=10, isCompatibleWith_(Configuration)=0}
2024-04-24T05:16:02,936  INFO [main] ql.Driver: Completed compiling command(queryId=alex_20240424051559_9efd365b-9826-4140-9ea8-7a519ce9a5ba); Time taken: 0.01 seconds
2024-04-24T05:16:02,936  INFO [main] lockmgr.DbTxnManager: Setting lock request transaction to txnid:20 for queryId=alex_20240424051559_9efd365b-9826-4140-9ea8-7a519ce9a5ba
2024-04-24T05:16:02,936  INFO [main] lockmgr.DbLockManager: Requesting lock for queryId=alex_20240424051559_9efd365b-9826-4140-9ea8-7a519ce9a5ba
2024-04-24T05:16:02,950  INFO [main] lockmgr.DbLockManager: Response to queryId=alex_20240424051559_9efd365b-9826-4140-9ea8-7a519ce9a5ba LockResponse(lockid:12, state:ACQUIRED)
2024-04-24T05:16:02,950  INFO [main] ql.Driver: Operation DROPTABLE obtained 1 locks
2024-04-24T05:16:02,950  INFO [main] ql.Driver: Executing command(queryId=alex_20240424051559_9efd365b-9826-4140-9ea8-7a519ce9a5ba): drop table if exists nonAcidOrcTbl2
2024-04-24T05:16:02,950  INFO [main] ql.Driver: Starting task [Stage-0:DDL] in serial mode
2024-04-24T05:16:02,950  INFO [main] HiveMetaStore.audit: ugi=alex	ip=unknown-ip-addr	cmd=get_table : tbl=hive.default.nonAcidOrcTbl2	
2024-04-24T05:16:02,958  INFO [main] metastore.HMSHandler: Skipping translation for processor with null
2024-04-24T05:16:02,959  INFO [main] HiveMetaStore.audit: ugi=alex	ip=unknown-ip-addr	cmd=get_table : tbl=hive.default.nonAcidOrcTbl2	
2024-04-24T05:16:02,966  INFO [main] metastore.HMSHandler: Skipping translation for processor with null
2024-04-24T05:16:02,967  INFO [main] HiveMetaStore.audit: ugi=alex	ip=unknown-ip-addr	cmd=drop_table : tbl=hive.default.nonAcidOrcTbl2	
2024-04-24T05:16:02,997  INFO [main] metadata.Hive: Dumping metastore api call timing information for : execution phase
2024-04-24T05:16:02,997  INFO [main] metadata.Hive: Total time spent in each metastore function (ms): {dropTable_(String, String, boolean, boolean, boolean)=39, getTable_(GetTableRequest)=8, isCompatibleWith_(Configuration)=0}
2024-04-24T05:16:02,997  INFO [main] ql.Driver: Completed executing command(queryId=alex_20240424051559_9efd365b-9826-4140-9ea8-7a519ce9a5ba); Time taken: 0.047 seconds
2024-04-24T05:16:02,997  INFO [main] lockmgr.DbTxnManager: Stopped heartbeat for query: alex_20240424051559_9efd365b-9826-4140-9ea8-7a519ce9a5ba
2024-04-24T05:16:03,002  INFO [main] txn.TxnHandler: Expected to move at least one record from txn_components to completed_txn_components when committing txn! txnid:20
2024-04-24T05:16:03,009  INFO [main] txn.TxnHandler: Removed transactions: ([20]) from MIN_HISTORY_LEVEL
2024-04-24T05:16:03,009  WARN [main] txn.CompactionTxnHandler: No compaction queue record found for Compaction type transaction commit. txnId:20
2024-04-24T05:16:03,009  INFO [main] ql.TxnCommandsBaseForTests: Running the query: drop table if exists nonAcidNonBucket
2024-04-24T05:16:03,009  INFO [main] ql.Driver: Compiling command(queryId=alex_20240424051559_9efd365b-9826-4140-9ea8-7a519ce9a5ba): drop table if exists nonAcidNonBucket
2024-04-24T05:16:03,012  INFO [main] txn.TxnHandler: Added entries to MIN_HISTORY_LEVEL for current txns: ([21]) with min_open_txn: 15
2024-04-24T05:16:03,012  INFO [main] lockmgr.DbTxnManager: Opened txnid:21
2024-04-24T05:16:03,012  INFO [main] HiveMetaStore.audit: ugi=alex	ip=unknown-ip-addr	cmd=get_table : tbl=hive.default.nonAcidNonBucket	
2024-04-24T05:16:03,020  INFO [main] metastore.HMSHandler: Skipping translation for processor with null
2024-04-24T05:16:03,020  INFO [main] ql.Driver: Semantic Analysis Completed (retrial = false)
2024-04-24T05:16:03,020  INFO [main] ql.Driver: Created Hive schema: Schema(fieldSchemas:null, properties:null)
2024-04-24T05:16:03,020  INFO [main] metadata.Hive: Dumping metastore api call timing information for : compilation phase
2024-04-24T05:16:03,021  INFO [main] metadata.Hive: Total time spent in each metastore function (ms): {openTxn_(String, TxnType)=2, getValidTxns_(long)=0, flushCache_()=0, getTable_(GetTableRequest)=8, isCompatibleWith_(Configuration)=1, commitTxn_(CommitTxnRequest)=11}
2024-04-24T05:16:03,021  INFO [main] ql.Driver: Completed compiling command(queryId=alex_20240424051559_9efd365b-9826-4140-9ea8-7a519ce9a5ba); Time taken: 0.011 seconds
2024-04-24T05:16:03,021  INFO [main] lockmgr.DbTxnManager: Setting lock request transaction to txnid:21 for queryId=alex_20240424051559_9efd365b-9826-4140-9ea8-7a519ce9a5ba
2024-04-24T05:16:03,021  INFO [main] lockmgr.DbLockManager: Requesting lock for queryId=alex_20240424051559_9efd365b-9826-4140-9ea8-7a519ce9a5ba
2024-04-24T05:16:03,037  INFO [main] lockmgr.DbLockManager: Response to queryId=alex_20240424051559_9efd365b-9826-4140-9ea8-7a519ce9a5ba LockResponse(lockid:13, state:ACQUIRED)
2024-04-24T05:16:03,037  INFO [main] ql.Driver: Operation DROPTABLE obtained 1 locks
2024-04-24T05:16:03,037  INFO [main] ql.Driver: Executing command(queryId=alex_20240424051559_9efd365b-9826-4140-9ea8-7a519ce9a5ba): drop table if exists nonAcidNonBucket
2024-04-24T05:16:03,037  INFO [main] ql.Driver: Starting task [Stage-0:DDL] in serial mode
2024-04-24T05:16:03,037  INFO [main] HiveMetaStore.audit: ugi=alex	ip=unknown-ip-addr	cmd=get_table : tbl=hive.default.nonAcidNonBucket	
2024-04-24T05:16:03,046  INFO [main] metastore.HMSHandler: Skipping translation for processor with null
2024-04-24T05:16:03,046  INFO [main] HiveMetaStore.audit: ugi=alex	ip=unknown-ip-addr	cmd=get_table : tbl=hive.default.nonAcidNonBucket	
2024-04-24T05:16:03,054  INFO [main] metastore.HMSHandler: Skipping translation for processor with null
2024-04-24T05:16:03,054  INFO [main] HiveMetaStore.audit: ugi=alex	ip=unknown-ip-addr	cmd=drop_table : tbl=hive.default.nonAcidNonBucket	
2024-04-24T05:16:03,083  INFO [main] metadata.Hive: Dumping metastore api call timing information for : execution phase
2024-04-24T05:16:03,083  INFO [main] metadata.Hive: Total time spent in each metastore function (ms): {getTable_(GetTableRequest)=9, isCompatibleWith_(Configuration)=0, dropTable_(String, String, boolean, boolean, boolean)=37}
2024-04-24T05:16:03,083  INFO [main] ql.Driver: Completed executing command(queryId=alex_20240424051559_9efd365b-9826-4140-9ea8-7a519ce9a5ba); Time taken: 0.046 seconds
2024-04-24T05:16:03,084  INFO [main] lockmgr.DbTxnManager: Stopped heartbeat for query: alex_20240424051559_9efd365b-9826-4140-9ea8-7a519ce9a5ba
2024-04-24T05:16:03,087  INFO [main] txn.TxnHandler: Expected to move at least one record from txn_components to completed_txn_components when committing txn! txnid:21
2024-04-24T05:16:03,093  INFO [main] txn.TxnHandler: Removed transactions: ([21]) from MIN_HISTORY_LEVEL
2024-04-24T05:16:03,093  WARN [main] txn.CompactionTxnHandler: No compaction queue record found for Compaction type transaction commit. txnId:21
2024-04-24T05:16:03,094  INFO [main] utils.TestTxnDbUtil: Cleaning transactional tables
]]></system-err>
  </testcase>
  <testcase name="testInsertOverwrite" classname="org.apache.hadoop.hive.ql.TestTxnCommandsWithSplitUpdateAndVectorization" time="10.461"/>
  <testcase name="testMergeNegative" classname="org.apache.hadoop.hive.ql.TestTxnCommandsWithSplitUpdateAndVectorization" time="1.234"/>
  <testcase name="testParallelInsertStats" classname="org.apache.hadoop.hive.ql.TestTxnCommandsWithSplitUpdateAndVectorization" time="10.489"/>
  <testcase name="testDeleteIn" classname="org.apache.hadoop.hive.ql.TestTxnCommandsWithSplitUpdateAndVectorization" time="1.693">
    <error type="java.lang.RuntimeException"><![CDATA[java.lang.RuntimeException: delete from acidTbl where a IN (SELECT A.a from acidTbl  A) failed: (responseCode = 40000, errorMessage = FAILED: NoMatchingMethodException No matching method for class org.apache.hadoop.hive.ql.udf.UDFToInteger with (struct<writeid:bigint,bucketid:int,rowid:bigint>). Possible choices: _FUNC_(bigint)  _FUNC_(boolean)  _FUNC_(decimal(38,18))  _FUNC_(double)  _FUNC_(float)  _FUNC_(smallint)  _FUNC_(string)  _FUNC_(struct<writeid:bigint,rowid:int,bucketid:bigint>)  _FUNC_(timestamp)  _FUNC_(tinyint)  _FUNC_(void)  , hiveErrorCode = 40000, SQLState = 42000, exception = No matching method for class org.apache.hadoop.hive.ql.udf.UDFToInteger with (struct<writeid:bigint,bucketid:int,rowid:bigint>). Possible choices: _FUNC_(bigint)  _FUNC_(boolean)  _FUNC_(decimal(38,18))  _FUNC_(double)  _FUNC_(float)  _FUNC_(smallint)  _FUNC_(string)  _FUNC_(struct<writeid:bigint,rowid:int,bucketid:bigint>)  _FUNC_(timestamp)  _FUNC_(tinyint)  _FUNC_(void)  )
	at org.apache.hadoop.hive.ql.TxnCommandsBaseForTests.runStatementOnDriver(TxnCommandsBaseForTests.java:247)
	at org.apache.hadoop.hive.ql.TestTxnCommands.testDeleteIn(TestTxnCommands.java:929)
	at sun.reflect.NativeMethodAccessorImpl.invoke0(Native Method)
	at sun.reflect.NativeMethodAccessorImpl.invoke(NativeMethodAccessorImpl.java:62)
	at sun.reflect.DelegatingMethodAccessorImpl.invoke(DelegatingMethodAccessorImpl.java:43)
	at java.lang.reflect.Method.invoke(Method.java:498)
	at org.junit.runners.model.FrameworkMethod$1.runReflectiveCall(FrameworkMethod.java:59)
	at org.junit.internal.runners.model.ReflectiveCallable.run(ReflectiveCallable.java:12)
	at org.junit.runners.model.FrameworkMethod.invokeExplosively(FrameworkMethod.java:56)
	at org.junit.internal.runners.statements.InvokeMethod.evaluate(InvokeMethod.java:17)
	at org.junit.internal.runners.statements.RunBefores.evaluate(RunBefores.java:26)
	at org.junit.internal.runners.statements.RunAfters.evaluate(RunAfters.java:27)
	at org.junit.rules.TestWatcher$1.evaluate(TestWatcher.java:61)
	at org.junit.runners.ParentRunner$3.evaluate(ParentRunner.java:306)
	at org.junit.runners.BlockJUnit4ClassRunner$1.evaluate(BlockJUnit4ClassRunner.java:100)
	at org.junit.runners.ParentRunner.runLeaf(ParentRunner.java:366)
	at org.junit.runners.BlockJUnit4ClassRunner.runChild(BlockJUnit4ClassRunner.java:103)
	at org.junit.runners.BlockJUnit4ClassRunner.runChild(BlockJUnit4ClassRunner.java:63)
	at org.junit.runners.ParentRunner$4.run(ParentRunner.java:331)
	at org.junit.runners.ParentRunner$1.schedule(ParentRunner.java:79)
	at org.junit.runners.ParentRunner.runChildren(ParentRunner.java:329)
	at org.junit.runners.ParentRunner.access$100(ParentRunner.java:66)
	at org.junit.runners.ParentRunner$2.evaluate(ParentRunner.java:293)
	at org.junit.runners.ParentRunner$3.evaluate(ParentRunner.java:306)
	at org.junit.runners.ParentRunner.run(ParentRunner.java:413)
	at org.junit.runner.JUnitCore.run(JUnitCore.java:137)
	at org.junit.runner.JUnitCore.run(JUnitCore.java:115)
	at org.junit.vintage.engine.execution.RunnerExecutor.execute(RunnerExecutor.java:43)
	at java.util.stream.ForEachOps$ForEachOp$OfRef.accept(ForEachOps.java:183)
	at java.util.stream.ReferencePipeline$3$1.accept(ReferencePipeline.java:193)
	at java.util.Iterator.forEachRemaining(Iterator.java:116)
	at java.util.Spliterators$IteratorSpliterator.forEachRemaining(Spliterators.java:1801)
	at java.util.stream.AbstractPipeline.copyInto(AbstractPipeline.java:482)
	at java.util.stream.AbstractPipeline.wrapAndCopyInto(AbstractPipeline.java:472)
	at java.util.stream.ForEachOps$ForEachOp.evaluateSequential(ForEachOps.java:150)
	at java.util.stream.ForEachOps$ForEachOp$OfRef.evaluateSequential(ForEachOps.java:173)
	at java.util.stream.AbstractPipeline.evaluate(AbstractPipeline.java:234)
	at java.util.stream.ReferencePipeline.forEach(ReferencePipeline.java:485)
	at org.junit.vintage.engine.VintageTestEngine.executeAllChildren(VintageTestEngine.java:82)
	at org.junit.vintage.engine.VintageTestEngine.execute(VintageTestEngine.java:73)
	at org.junit.platform.launcher.core.DefaultLauncher.execute(DefaultLauncher.java:248)
	at org.junit.platform.launcher.core.DefaultLauncher.lambda$execute$5(DefaultLauncher.java:211)
	at org.junit.platform.launcher.core.DefaultLauncher.withInterceptedStreams(DefaultLauncher.java:226)
	at org.junit.platform.launcher.core.DefaultLauncher.execute(DefaultLauncher.java:199)
	at org.junit.platform.launcher.core.DefaultLauncher.execute(DefaultLauncher.java:132)
	at org.apache.maven.surefire.junitplatform.JUnitPlatformProvider.invokeAllTests(JUnitPlatformProvider.java:154)
	at org.apache.maven.surefire.junitplatform.JUnitPlatformProvider.invoke(JUnitPlatformProvider.java:123)
	at org.apache.maven.surefire.booter.ForkedBooter.runSuitesInProcess(ForkedBooter.java:377)
	at org.apache.maven.surefire.booter.ForkedBooter.execute(ForkedBooter.java:138)
	at org.apache.maven.surefire.booter.ForkedBooter.run(ForkedBooter.java:465)
	at org.apache.maven.surefire.booter.ForkedBooter.main(ForkedBooter.java:451)
]]></error>
    <system-err><![CDATA[2024-04-24T05:16:25,339  WARN [main] conf.HiveConf: HiveConf of name hive.llap.io.cache.orc.arena.size does not exist
2024-04-24T05:16:25,340  WARN [main] conf.HiveConf: HiveConf of name hive.llap.io.cache.orc.alloc.max does not exist
2024-04-24T05:16:25,340  WARN [main] conf.HiveConf: HiveConf of name hive.dummyparam.test.server.specific.config.hivesite does not exist
2024-04-24T05:16:25,340  WARN [main] conf.HiveConf: HiveConf of name hive.metastore.metadb.dir does not exist
2024-04-24T05:16:25,340  WARN [main] conf.HiveConf: HiveConf of name hive.dummyparam.test.server.specific.config.override does not exist
2024-04-24T05:16:25,340  WARN [main] conf.HiveConf: HiveConf of name hive.metastore.client.cache.recordStats does not exist
2024-04-24T05:16:25,340  WARN [main] conf.HiveConf: HiveConf of name hive.metastore.client.cache.maxSize does not exist
2024-04-24T05:16:25,340  WARN [main] conf.HiveConf: HiveConf of name hive.llap.io.cache.orc.alloc.min does not exist
2024-04-24T05:16:25,340  WARN [main] conf.HiveConf: HiveConf of name hive.dummyparam.test.server.specific.config.metastoresite does not exist
2024-04-24T05:16:25,340  WARN [main] conf.HiveConf: HiveConf of name hive.stats.key.prefix.reserve.length does not exist
2024-04-24T05:16:25,340  WARN [main] conf.HiveConf: HiveConf of name hive.llap.io.cache.orc.size does not exist
2024-04-24T05:16:25,342  INFO [main] utils.TestTxnDbUtil: Creating transactional tables
Hive Session ID = 073203ee-a51e-4c88-846b-9a57274db6e1
2024-04-24T05:16:25,345  INFO [main] SessionState: Hive Session ID = 073203ee-a51e-4c88-846b-9a57274db6e1
ivysettings.xml file not found in HIVE_HOME or HIVE_CONF_DIR,/home/alex/Repositories/hive/conf/ivysettings.xml will be used
2024-04-24T05:16:25,346  INFO [main] DependencyResolver: ivysettings.xml file not found in HIVE_HOME or HIVE_CONF_DIR,/home/alex/Repositories/hive/conf/ivysettings.xml will be used
2024-04-24T05:16:25,351  INFO [main] session.SessionState: Created HDFS directory: /home/alex/Repositories/hive/ql/target/tmp/scratchdir/alex/073203ee-a51e-4c88-846b-9a57274db6e1
2024-04-24T05:16:25,353  INFO [main] session.SessionState: Created local directory: /home/alex/Repositories/hive/ql/target/tmp/localscratchdir/073203ee-a51e-4c88-846b-9a57274db6e1
2024-04-24T05:16:25,355  INFO [main] session.SessionState: Created HDFS directory: /home/alex/Repositories/hive/ql/target/tmp/scratchdir/alex/073203ee-a51e-4c88-846b-9a57274db6e1/_tmp_space.db
2024-04-24T05:16:25,356  INFO [main] sqlstd.SQLStdHiveAccessController: Created SQLStdHiveAccessController for session context : HiveAuthzSessionContext [sessionString=073203ee-a51e-4c88-846b-9a57274db6e1, clientType=HIVECLI]
2024-04-24T05:16:25,356  INFO [main] ql.TxnCommandsBaseForTests: Running the query: drop table if exists acidTbl
2024-04-24T05:16:25,356  INFO [main] ql.Driver: Compiling command(queryId=alex_20240424051625_f5e6d3b1-7c98-4b2a-9461-05dfc29aae99): drop table if exists acidTbl
2024-04-24T05:16:25,367  INFO [main] txn.TxnHandler: Added entries to MIN_HISTORY_LEVEL for current txns: ([1]) with min_open_txn: 1
2024-04-24T05:16:25,367  INFO [main] lockmgr.DbTxnManager: Opened txnid:1
2024-04-24T05:16:25,370  INFO [main] HiveMetaStore.audit: ugi=alex	ip=unknown-ip-addr	cmd=get_table : tbl=hive.default.acidTbl	
2024-04-24T05:16:25,373  INFO [main] ql.Driver: Semantic Analysis Completed (retrial = false)
2024-04-24T05:16:25,373  INFO [main] ql.Driver: Created Hive schema: Schema(fieldSchemas:null, properties:null)
2024-04-24T05:16:25,373  INFO [main] metadata.Hive: Dumping metastore api call timing information for : compilation phase
2024-04-24T05:16:25,373  INFO [main] metadata.Hive: Total time spent in each metastore function (ms): {flushCache_()=0, openTxn_(String, TxnType)=11, isCompatibleWith_(Configuration)=0, commitTxn_(CommitTxnRequest)=12, getValidTxns_(long)=2}
2024-04-24T05:16:25,373  INFO [main] ql.Driver: Completed compiling command(queryId=alex_20240424051625_f5e6d3b1-7c98-4b2a-9461-05dfc29aae99); Time taken: 0.017 seconds
2024-04-24T05:16:25,374  INFO [main] lockmgr.DbTxnManager: Setting lock request transaction to txnid:1 for queryId=alex_20240424051625_f5e6d3b1-7c98-4b2a-9461-05dfc29aae99
2024-04-24T05:16:25,374  INFO [main] ql.Driver: Operation DROPTABLE obtained 0 locks
2024-04-24T05:16:25,374  INFO [main] ql.Driver: Executing command(queryId=alex_20240424051625_f5e6d3b1-7c98-4b2a-9461-05dfc29aae99): drop table if exists acidTbl
2024-04-24T05:16:25,374  INFO [main] ql.Driver: Starting task [Stage-0:DDL] in serial mode
2024-04-24T05:16:25,374  INFO [main] HiveMetaStore.audit: ugi=alex	ip=unknown-ip-addr	cmd=get_table : tbl=hive.default.acidTbl	
2024-04-24T05:16:25,377  INFO [main] metadata.Hive: Dumping metastore api call timing information for : execution phase
2024-04-24T05:16:25,377  INFO [main] metadata.Hive: Total time spent in each metastore function (ms): {isCompatibleWith_(Configuration)=0}
2024-04-24T05:16:25,377  INFO [main] ql.Driver: Completed executing command(queryId=alex_20240424051625_f5e6d3b1-7c98-4b2a-9461-05dfc29aae99); Time taken: 0.003 seconds
2024-04-24T05:16:25,377  INFO [main] lockmgr.DbTxnManager: Stopped heartbeat for query: alex_20240424051625_f5e6d3b1-7c98-4b2a-9461-05dfc29aae99
2024-04-24T05:16:25,385  INFO [main] txn.TxnHandler: Expected to move at least one record from txn_components to completed_txn_components when committing txn! txnid:1
2024-04-24T05:16:25,393  INFO [main] txn.TxnHandler: Removed transactions: ([1]) from MIN_HISTORY_LEVEL
2024-04-24T05:16:25,393  WARN [main] txn.CompactionTxnHandler: No compaction queue record found for Compaction type transaction commit. txnId:1
2024-04-24T05:16:25,394  INFO [main] ql.TxnCommandsBaseForTests: Running the query: drop table if exists acidTblPart
2024-04-24T05:16:25,394  INFO [main] ql.Driver: Compiling command(queryId=alex_20240424051625_6c179632-85bf-48e6-a700-caf37a6ad232): drop table if exists acidTblPart
2024-04-24T05:16:25,396  INFO [main] txn.TxnHandler: Added entries to MIN_HISTORY_LEVEL for current txns: ([2]) with min_open_txn: 1
2024-04-24T05:16:25,396  INFO [main] lockmgr.DbTxnManager: Opened txnid:2
2024-04-24T05:16:25,397  INFO [main] HiveMetaStore.audit: ugi=alex	ip=unknown-ip-addr	cmd=get_table : tbl=hive.default.acidTblPart	
2024-04-24T05:16:25,399  INFO [main] ql.Driver: Semantic Analysis Completed (retrial = false)
2024-04-24T05:16:25,400  INFO [main] ql.Driver: Created Hive schema: Schema(fieldSchemas:null, properties:null)
2024-04-24T05:16:25,400  INFO [main] metadata.Hive: Dumping metastore api call timing information for : compilation phase
2024-04-24T05:16:25,400  INFO [main] metadata.Hive: Total time spent in each metastore function (ms): {commitTxn_(CommitTxnRequest)=16, flushCache_()=0, openTxn_(String, TxnType)=2, getValidTxns_(long)=1, isCompatibleWith_(Configuration)=0}
2024-04-24T05:16:25,400  INFO [main] ql.Driver: Completed compiling command(queryId=alex_20240424051625_6c179632-85bf-48e6-a700-caf37a6ad232); Time taken: 0.006 seconds
2024-04-24T05:16:25,400  INFO [main] lockmgr.DbTxnManager: Setting lock request transaction to txnid:2 for queryId=alex_20240424051625_6c179632-85bf-48e6-a700-caf37a6ad232
2024-04-24T05:16:25,400  INFO [main] ql.Driver: Operation DROPTABLE obtained 0 locks
2024-04-24T05:16:25,400  INFO [main] ql.Driver: Executing command(queryId=alex_20240424051625_6c179632-85bf-48e6-a700-caf37a6ad232): drop table if exists acidTblPart
2024-04-24T05:16:25,400  INFO [main] ql.Driver: Starting task [Stage-0:DDL] in serial mode
2024-04-24T05:16:25,400  INFO [main] HiveMetaStore.audit: ugi=alex	ip=unknown-ip-addr	cmd=get_table : tbl=hive.default.acidTblPart	
2024-04-24T05:16:25,403  INFO [main] metadata.Hive: Dumping metastore api call timing information for : execution phase
2024-04-24T05:16:25,403  INFO [main] metadata.Hive: Total time spent in each metastore function (ms): {isCompatibleWith_(Configuration)=0}
2024-04-24T05:16:25,403  INFO [main] ql.Driver: Completed executing command(queryId=alex_20240424051625_6c179632-85bf-48e6-a700-caf37a6ad232); Time taken: 0.003 seconds
2024-04-24T05:16:25,403  INFO [main] lockmgr.DbTxnManager: Stopped heartbeat for query: alex_20240424051625_6c179632-85bf-48e6-a700-caf37a6ad232
2024-04-24T05:16:25,410  INFO [main] txn.TxnHandler: Expected to move at least one record from txn_components to completed_txn_components when committing txn! txnid:2
2024-04-24T05:16:25,418  INFO [main] txn.TxnHandler: Removed transactions: ([2]) from MIN_HISTORY_LEVEL
2024-04-24T05:16:25,418  WARN [main] txn.CompactionTxnHandler: No compaction queue record found for Compaction type transaction commit. txnId:2
2024-04-24T05:16:25,419  INFO [main] ql.TxnCommandsBaseForTests: Running the query: drop table if exists acidTbl2
2024-04-24T05:16:25,419  INFO [main] ql.Driver: Compiling command(queryId=alex_20240424051625_95468ba1-eaf1-49d7-9e34-a831df99f01b): drop table if exists acidTbl2
2024-04-24T05:16:25,421  INFO [main] txn.TxnHandler: Added entries to MIN_HISTORY_LEVEL for current txns: ([3]) with min_open_txn: 1
2024-04-24T05:16:25,422  INFO [main] lockmgr.DbTxnManager: Opened txnid:3
2024-04-24T05:16:25,422  INFO [main] HiveMetaStore.audit: ugi=alex	ip=unknown-ip-addr	cmd=get_table : tbl=hive.default.acidTbl2	
2024-04-24T05:16:25,425  INFO [main] ql.Driver: Semantic Analysis Completed (retrial = false)
2024-04-24T05:16:25,425  INFO [main] ql.Driver: Created Hive schema: Schema(fieldSchemas:null, properties:null)
2024-04-24T05:16:25,425  INFO [main] metadata.Hive: Dumping metastore api call timing information for : compilation phase
2024-04-24T05:16:25,425  INFO [main] metadata.Hive: Total time spent in each metastore function (ms): {isCompatibleWith_(Configuration)=1, getValidTxns_(long)=0, flushCache_()=0, openTxn_(String, TxnType)=3, commitTxn_(CommitTxnRequest)=15}
2024-04-24T05:16:25,425  INFO [main] ql.Driver: Completed compiling command(queryId=alex_20240424051625_95468ba1-eaf1-49d7-9e34-a831df99f01b); Time taken: 0.006 seconds
2024-04-24T05:16:25,425  INFO [main] lockmgr.DbTxnManager: Setting lock request transaction to txnid:3 for queryId=alex_20240424051625_95468ba1-eaf1-49d7-9e34-a831df99f01b
2024-04-24T05:16:25,426  INFO [main] ql.Driver: Operation DROPTABLE obtained 0 locks
2024-04-24T05:16:25,426  INFO [main] ql.Driver: Executing command(queryId=alex_20240424051625_95468ba1-eaf1-49d7-9e34-a831df99f01b): drop table if exists acidTbl2
2024-04-24T05:16:25,426  INFO [main] ql.Driver: Starting task [Stage-0:DDL] in serial mode
2024-04-24T05:16:25,426  INFO [main] HiveMetaStore.audit: ugi=alex	ip=unknown-ip-addr	cmd=get_table : tbl=hive.default.acidTbl2	
2024-04-24T05:16:25,429  INFO [main] metadata.Hive: Dumping metastore api call timing information for : execution phase
2024-04-24T05:16:25,429  INFO [main] metadata.Hive: Total time spent in each metastore function (ms): {isCompatibleWith_(Configuration)=0}
2024-04-24T05:16:25,429  INFO [main] ql.Driver: Completed executing command(queryId=alex_20240424051625_95468ba1-eaf1-49d7-9e34-a831df99f01b); Time taken: 0.003 seconds
2024-04-24T05:16:25,429  INFO [main] lockmgr.DbTxnManager: Stopped heartbeat for query: alex_20240424051625_95468ba1-eaf1-49d7-9e34-a831df99f01b
2024-04-24T05:16:25,436  INFO [main] txn.TxnHandler: Expected to move at least one record from txn_components to completed_txn_components when committing txn! txnid:3
2024-04-24T05:16:25,444  INFO [main] txn.TxnHandler: Removed transactions: ([3]) from MIN_HISTORY_LEVEL
2024-04-24T05:16:25,444  WARN [main] txn.CompactionTxnHandler: No compaction queue record found for Compaction type transaction commit. txnId:3
2024-04-24T05:16:25,444  INFO [main] ql.TxnCommandsBaseForTests: Running the query: drop table if exists nonAcidOrcTbl
2024-04-24T05:16:25,444  INFO [main] ql.Driver: Compiling command(queryId=alex_20240424051625_cc56943d-df64-4f34-9f1f-22c7697d57b4): drop table if exists nonAcidOrcTbl
2024-04-24T05:16:25,447  INFO [main] txn.TxnHandler: Added entries to MIN_HISTORY_LEVEL for current txns: ([4]) with min_open_txn: 1
2024-04-24T05:16:25,447  INFO [main] lockmgr.DbTxnManager: Opened txnid:4
2024-04-24T05:16:25,448  INFO [main] HiveMetaStore.audit: ugi=alex	ip=unknown-ip-addr	cmd=get_table : tbl=hive.default.nonAcidOrcTbl	
2024-04-24T05:16:25,451  INFO [main] ql.Driver: Semantic Analysis Completed (retrial = false)
2024-04-24T05:16:25,451  INFO [main] ql.Driver: Created Hive schema: Schema(fieldSchemas:null, properties:null)
2024-04-24T05:16:25,451  INFO [main] metadata.Hive: Dumping metastore api call timing information for : compilation phase
2024-04-24T05:16:25,451  INFO [main] metadata.Hive: Total time spent in each metastore function (ms): {commitTxn_(CommitTxnRequest)=15, flushCache_()=0, isCompatibleWith_(Configuration)=0, getValidTxns_(long)=1, openTxn_(String, TxnType)=2}
2024-04-24T05:16:25,451  INFO [main] ql.Driver: Completed compiling command(queryId=alex_20240424051625_cc56943d-df64-4f34-9f1f-22c7697d57b4); Time taken: 0.007 seconds
2024-04-24T05:16:25,451  INFO [main] lockmgr.DbTxnManager: Setting lock request transaction to txnid:4 for queryId=alex_20240424051625_cc56943d-df64-4f34-9f1f-22c7697d57b4
2024-04-24T05:16:25,451  INFO [main] ql.Driver: Operation DROPTABLE obtained 0 locks
2024-04-24T05:16:25,451  INFO [main] ql.Driver: Executing command(queryId=alex_20240424051625_cc56943d-df64-4f34-9f1f-22c7697d57b4): drop table if exists nonAcidOrcTbl
2024-04-24T05:16:25,451  INFO [main] ql.Driver: Starting task [Stage-0:DDL] in serial mode
2024-04-24T05:16:25,452  INFO [main] HiveMetaStore.audit: ugi=alex	ip=unknown-ip-addr	cmd=get_table : tbl=hive.default.nonAcidOrcTbl	
2024-04-24T05:16:25,455  INFO [main] metadata.Hive: Dumping metastore api call timing information for : execution phase
2024-04-24T05:16:25,455  INFO [main] metadata.Hive: Total time spent in each metastore function (ms): {isCompatibleWith_(Configuration)=0}
2024-04-24T05:16:25,455  INFO [main] ql.Driver: Completed executing command(queryId=alex_20240424051625_cc56943d-df64-4f34-9f1f-22c7697d57b4); Time taken: 0.004 seconds
2024-04-24T05:16:25,455  INFO [main] lockmgr.DbTxnManager: Stopped heartbeat for query: alex_20240424051625_cc56943d-df64-4f34-9f1f-22c7697d57b4
2024-04-24T05:16:25,462  INFO [main] txn.TxnHandler: Expected to move at least one record from txn_components to completed_txn_components when committing txn! txnid:4
2024-04-24T05:16:25,470  INFO [main] txn.TxnHandler: Removed transactions: ([4]) from MIN_HISTORY_LEVEL
2024-04-24T05:16:25,470  WARN [main] txn.CompactionTxnHandler: No compaction queue record found for Compaction type transaction commit. txnId:4
2024-04-24T05:16:25,471  INFO [main] ql.TxnCommandsBaseForTests: Running the query: drop table if exists nonAcidOrcTbl2
2024-04-24T05:16:25,471  INFO [main] ql.Driver: Compiling command(queryId=alex_20240424051625_6f7b25bc-c3e1-4514-9e53-c7eef71faebd): drop table if exists nonAcidOrcTbl2
2024-04-24T05:16:25,473  INFO [main] txn.TxnHandler: Added entries to MIN_HISTORY_LEVEL for current txns: ([5]) with min_open_txn: 1
2024-04-24T05:16:25,474  INFO [main] lockmgr.DbTxnManager: Opened txnid:5
2024-04-24T05:16:25,474  INFO [main] HiveMetaStore.audit: ugi=alex	ip=unknown-ip-addr	cmd=get_table : tbl=hive.default.nonAcidOrcTbl2	
2024-04-24T05:16:25,477  INFO [main] ql.Driver: Semantic Analysis Completed (retrial = false)
2024-04-24T05:16:25,477  INFO [main] ql.Driver: Created Hive schema: Schema(fieldSchemas:null, properties:null)
2024-04-24T05:16:25,477  INFO [main] metadata.Hive: Dumping metastore api call timing information for : compilation phase
2024-04-24T05:16:25,477  INFO [main] metadata.Hive: Total time spent in each metastore function (ms): {isCompatibleWith_(Configuration)=0, flushCache_()=0, commitTxn_(CommitTxnRequest)=16, openTxn_(String, TxnType)=3, getValidTxns_(long)=0}
2024-04-24T05:16:25,477  INFO [main] ql.Driver: Completed compiling command(queryId=alex_20240424051625_6f7b25bc-c3e1-4514-9e53-c7eef71faebd); Time taken: 0.006 seconds
2024-04-24T05:16:25,478  INFO [main] lockmgr.DbTxnManager: Setting lock request transaction to txnid:5 for queryId=alex_20240424051625_6f7b25bc-c3e1-4514-9e53-c7eef71faebd
2024-04-24T05:16:25,478  INFO [main] ql.Driver: Operation DROPTABLE obtained 0 locks
2024-04-24T05:16:25,478  INFO [main] ql.Driver: Executing command(queryId=alex_20240424051625_6f7b25bc-c3e1-4514-9e53-c7eef71faebd): drop table if exists nonAcidOrcTbl2
2024-04-24T05:16:25,478  INFO [main] ql.Driver: Starting task [Stage-0:DDL] in serial mode
2024-04-24T05:16:25,478  INFO [main] HiveMetaStore.audit: ugi=alex	ip=unknown-ip-addr	cmd=get_table : tbl=hive.default.nonAcidOrcTbl2	
2024-04-24T05:16:25,481  INFO [main] metadata.Hive: Dumping metastore api call timing information for : execution phase
2024-04-24T05:16:25,481  INFO [main] metadata.Hive: Total time spent in each metastore function (ms): {isCompatibleWith_(Configuration)=0}
2024-04-24T05:16:25,481  INFO [main] ql.Driver: Completed executing command(queryId=alex_20240424051625_6f7b25bc-c3e1-4514-9e53-c7eef71faebd); Time taken: 0.003 seconds
2024-04-24T05:16:25,481  INFO [main] lockmgr.DbTxnManager: Stopped heartbeat for query: alex_20240424051625_6f7b25bc-c3e1-4514-9e53-c7eef71faebd
2024-04-24T05:16:25,488  INFO [main] txn.TxnHandler: Expected to move at least one record from txn_components to completed_txn_components when committing txn! txnid:5
2024-04-24T05:16:25,496  INFO [main] txn.TxnHandler: Removed transactions: ([5]) from MIN_HISTORY_LEVEL
2024-04-24T05:16:25,496  WARN [main] txn.CompactionTxnHandler: No compaction queue record found for Compaction type transaction commit. txnId:5
2024-04-24T05:16:25,497  INFO [main] ql.TxnCommandsBaseForTests: Running the query: drop table if exists nonAcidNonBucket
2024-04-24T05:16:25,497  INFO [main] ql.Driver: Compiling command(queryId=alex_20240424051625_3bde710d-d7ab-4b7b-93ca-79d5de0d99e7): drop table if exists nonAcidNonBucket
2024-04-24T05:16:25,499  INFO [main] txn.TxnHandler: Added entries to MIN_HISTORY_LEVEL for current txns: ([6]) with min_open_txn: 1
2024-04-24T05:16:25,499  INFO [main] lockmgr.DbTxnManager: Opened txnid:6
2024-04-24T05:16:25,500  INFO [main] HiveMetaStore.audit: ugi=alex	ip=unknown-ip-addr	cmd=get_table : tbl=hive.default.nonAcidNonBucket	
2024-04-24T05:16:25,503  INFO [main] ql.Driver: Semantic Analysis Completed (retrial = false)
2024-04-24T05:16:25,503  INFO [main] ql.Driver: Created Hive schema: Schema(fieldSchemas:null, properties:null)
2024-04-24T05:16:25,503  INFO [main] metadata.Hive: Dumping metastore api call timing information for : compilation phase
2024-04-24T05:16:25,503  INFO [main] metadata.Hive: Total time spent in each metastore function (ms): {openTxn_(String, TxnType)=2, commitTxn_(CommitTxnRequest)=16, flushCache_()=0, isCompatibleWith_(Configuration)=0, getValidTxns_(long)=0}
2024-04-24T05:16:25,503  INFO [main] ql.Driver: Completed compiling command(queryId=alex_20240424051625_3bde710d-d7ab-4b7b-93ca-79d5de0d99e7); Time taken: 0.006 seconds
2024-04-24T05:16:25,503  INFO [main] lockmgr.DbTxnManager: Setting lock request transaction to txnid:6 for queryId=alex_20240424051625_3bde710d-d7ab-4b7b-93ca-79d5de0d99e7
2024-04-24T05:16:25,503  INFO [main] ql.Driver: Operation DROPTABLE obtained 0 locks
2024-04-24T05:16:25,503  INFO [main] ql.Driver: Executing command(queryId=alex_20240424051625_3bde710d-d7ab-4b7b-93ca-79d5de0d99e7): drop table if exists nonAcidNonBucket
2024-04-24T05:16:25,503  INFO [main] ql.Driver: Starting task [Stage-0:DDL] in serial mode
2024-04-24T05:16:25,504  INFO [main] HiveMetaStore.audit: ugi=alex	ip=unknown-ip-addr	cmd=get_table : tbl=hive.default.nonAcidNonBucket	
2024-04-24T05:16:25,506  INFO [main] metadata.Hive: Dumping metastore api call timing information for : execution phase
2024-04-24T05:16:25,506  INFO [main] metadata.Hive: Total time spent in each metastore function (ms): {isCompatibleWith_(Configuration)=1}
2024-04-24T05:16:25,507  INFO [main] ql.Driver: Completed executing command(queryId=alex_20240424051625_3bde710d-d7ab-4b7b-93ca-79d5de0d99e7); Time taken: 0.003 seconds
2024-04-24T05:16:25,507  INFO [main] lockmgr.DbTxnManager: Stopped heartbeat for query: alex_20240424051625_3bde710d-d7ab-4b7b-93ca-79d5de0d99e7
2024-04-24T05:16:25,514  INFO [main] txn.TxnHandler: Expected to move at least one record from txn_components to completed_txn_components when committing txn! txnid:6
2024-04-24T05:16:25,521  INFO [main] txn.TxnHandler: Removed transactions: ([6]) from MIN_HISTORY_LEVEL
2024-04-24T05:16:25,521  WARN [main] txn.CompactionTxnHandler: No compaction queue record found for Compaction type transaction commit. txnId:6
2024-04-24T05:16:25,522  INFO [main] ql.TxnCommandsBaseForTests: Running the query: create table acidTbl(a int, b int) clustered by (a) into 2 buckets stored as orc TBLPROPERTIES ('transactional'='true')
2024-04-24T05:16:25,522  INFO [main] ql.Driver: Compiling command(queryId=alex_20240424051625_8d6c612a-d06c-4e4d-a72e-3b3135300ec4): create table acidTbl(a int, b int) clustered by (a) into 2 buckets stored as orc TBLPROPERTIES ('transactional'='true')
2024-04-24T05:16:25,525  INFO [main] txn.TxnHandler: Added entries to MIN_HISTORY_LEVEL for current txns: ([7]) with min_open_txn: 1
2024-04-24T05:16:25,525  INFO [main] lockmgr.DbTxnManager: Opened txnid:7
2024-04-24T05:16:25,525  INFO [main] parse.CalcitePlanner: Starting caching scope for: 
2024-04-24T05:16:25,525  INFO [main] parse.CalcitePlanner: Starting Semantic Analysis
2024-04-24T05:16:25,532  INFO [main] parse.CalcitePlanner: Creating table default.acidTbl position=13
2024-04-24T05:16:25,532  INFO [main] HiveMetaStore.audit: ugi=alex	ip=unknown-ip-addr	cmd=get_database: default	
2024-04-24T05:16:25,534  INFO [main] parse.CalcitePlanner: Ending caching scope for: 
2024-04-24T05:16:25,534  INFO [main] ql.Driver: Semantic Analysis Completed (retrial = false)
2024-04-24T05:16:25,534  INFO [main] ql.Driver: Created Hive schema: Schema(fieldSchemas:null, properties:null)
2024-04-24T05:16:25,534  INFO [main] metadata.Hive: Dumping metastore api call timing information for : compilation phase
2024-04-24T05:16:25,534  INFO [main] metadata.Hive: Total time spent in each metastore function (ms): {getValidWriteIds_(List, String)=7, isCompatibleWith_(Configuration)=1, commitTxn_(CommitTxnRequest)=15, openTxn_(String, TxnType)=2, getValidTxns_(long)=0, flushCache_()=0, getDatabase_(String)=2}
2024-04-24T05:16:25,534  INFO [main] ql.Driver: Completed compiling command(queryId=alex_20240424051625_8d6c612a-d06c-4e4d-a72e-3b3135300ec4); Time taken: 0.012 seconds
2024-04-24T05:16:25,534  INFO [main] lockmgr.DbTxnManager: Setting lock request transaction to txnid:7 for queryId=alex_20240424051625_8d6c612a-d06c-4e4d-a72e-3b3135300ec4
2024-04-24T05:16:25,535  INFO [main] lockmgr.DbLockManager: Requesting lock for queryId=alex_20240424051625_8d6c612a-d06c-4e4d-a72e-3b3135300ec4
2024-04-24T05:16:25,556  INFO [main] lockmgr.DbLockManager: Response to queryId=alex_20240424051625_8d6c612a-d06c-4e4d-a72e-3b3135300ec4 LockResponse(lockid:1, state:ACQUIRED)
2024-04-24T05:16:25,556  INFO [main] ql.Driver: Operation CREATETABLE obtained 1 locks
2024-04-24T05:16:25,557  INFO [main] ql.Driver: Executing command(queryId=alex_20240424051625_8d6c612a-d06c-4e4d-a72e-3b3135300ec4): create table acidTbl(a int, b int) clustered by (a) into 2 buckets stored as orc TBLPROPERTIES ('transactional'='true')
2024-04-24T05:16:25,557  INFO [main] ql.Driver: Starting task [Stage-0:DDL] in serial mode
2024-04-24T05:16:25,558  INFO [main] HiveMetaStore.audit: ugi=alex	ip=unknown-ip-addr	cmd=create_table_req: Table(tableName:acidTbl, dbName:default, owner:alex, createTime:1713960985, lastAccessTime:0, retention:0, sd:StorageDescriptor(cols:[FieldSchema(name:a, type:int, comment:null), FieldSchema(name:b, type:int, comment:null)], location:null, inputFormat:org.apache.hadoop.hive.ql.io.orc.OrcInputFormat, outputFormat:org.apache.hadoop.hive.ql.io.orc.OrcOutputFormat, compressed:false, numBuckets:2, serdeInfo:SerDeInfo(name:null, serializationLib:org.apache.hadoop.hive.ql.io.orc.OrcSerde, parameters:{serialization.format=1}), bucketCols:[a], sortCols:[], parameters:{}, skewedInfo:SkewedInfo(skewedColNames:[], skewedColValues:[], skewedColValueLocationMaps:{}), storedAsSubDirectories:false), partitionKeys:[], parameters:{numRows=0, bucketing_version=2, numFiles=0, transactional=true, COLUMN_STATS_ACCURATE={"BASIC_STATS":"true","COLUMN_STATS":{"a":"true","b":"true"}}, numFilesErasureCoded=0, totalSize=0, rawDataSize=0}, viewOriginalText:null, viewExpandedText:null, tableType:MANAGED_TABLE, privileges:PrincipalPrivilegeSet(userPrivileges:{alex=[PrivilegeGrantInfo(privilege:INSERT, createTime:-1, grantor:alex, grantorType:USER, grantOption:true), PrivilegeGrantInfo(privilege:SELECT, createTime:-1, grantor:alex, grantorType:USER, grantOption:true), PrivilegeGrantInfo(privilege:UPDATE, createTime:-1, grantor:alex, grantorType:USER, grantOption:true), PrivilegeGrantInfo(privilege:DELETE, createTime:-1, grantor:alex, grantorType:USER, grantOption:true)]}, groupPrivileges:null, rolePrivileges:null), temporary:false, catName:hive, ownerType:USER, writeId:0)	
2024-04-24T05:16:25,563  INFO [main] utils.FileUtils: Creating directory if it doesn't exist: file:/home/alex/Repositories/hive/ql/target/tmp/org.apache.hadoop.hive.ql.TestTxnCommands-1713960750541/warehouse/acidtbl
2024-04-24T05:16:25,604  INFO [main] metadata.Hive: Dumping metastore api call timing information for : execution phase
2024-04-24T05:16:25,604  INFO [main] metadata.Hive: Total time spent in each metastore function (ms): {isCompatibleWith_(Configuration)=0, createTable_(Table)=47}
2024-04-24T05:16:25,604  INFO [main] ql.Driver: Completed executing command(queryId=alex_20240424051625_8d6c612a-d06c-4e4d-a72e-3b3135300ec4); Time taken: 0.047 seconds
2024-04-24T05:16:25,604  INFO [main] lockmgr.DbTxnManager: Stopped heartbeat for query: alex_20240424051625_8d6c612a-d06c-4e4d-a72e-3b3135300ec4
2024-04-24T05:16:25,609  INFO [main] txn.TxnHandler: Expected to move at least one record from txn_components to completed_txn_components when committing txn! txnid:7
2024-04-24T05:16:25,617  INFO [main] txn.TxnHandler: Removed transactions: ([7]) from MIN_HISTORY_LEVEL
2024-04-24T05:16:25,617  WARN [main] txn.CompactionTxnHandler: No compaction queue record found for Compaction type transaction commit. txnId:7
2024-04-24T05:16:25,618  INFO [main] ql.TxnCommandsBaseForTests: Running the query: create table acidTblPart(a int, b int) partitioned by (p string) clustered by (a) into 2 buckets stored as orc TBLPROPERTIES ('transactional'='true')
2024-04-24T05:16:25,618  INFO [main] ql.Driver: Compiling command(queryId=alex_20240424051625_64660627-5a9f-478d-abf5-37a00e8bd7ac): create table acidTblPart(a int, b int) partitioned by (p string) clustered by (a) into 2 buckets stored as orc TBLPROPERTIES ('transactional'='true')
2024-04-24T05:16:25,620  INFO [main] txn.TxnHandler: Added entries to MIN_HISTORY_LEVEL for current txns: ([8]) with min_open_txn: 1
2024-04-24T05:16:25,620  INFO [main] lockmgr.DbTxnManager: Opened txnid:8
2024-04-24T05:16:25,621  INFO [main] parse.CalcitePlanner: Starting caching scope for: 
2024-04-24T05:16:25,621  INFO [main] parse.CalcitePlanner: Starting Semantic Analysis
2024-04-24T05:16:25,624  INFO [main] parse.CalcitePlanner: Creating table default.acidTblPart position=13
2024-04-24T05:16:25,624  INFO [main] HiveMetaStore.audit: ugi=alex	ip=unknown-ip-addr	cmd=get_database: default	
2024-04-24T05:16:25,625  INFO [main] parse.CalcitePlanner: Ending caching scope for: 
2024-04-24T05:16:25,625  INFO [main] ql.Driver: Semantic Analysis Completed (retrial = false)
2024-04-24T05:16:25,626  INFO [main] ql.Driver: Created Hive schema: Schema(fieldSchemas:null, properties:null)
2024-04-24T05:16:25,626  INFO [main] metadata.Hive: Dumping metastore api call timing information for : compilation phase
2024-04-24T05:16:25,626  INFO [main] metadata.Hive: Total time spent in each metastore function (ms): {getValidWriteIds_(List, String)=3, isCompatibleWith_(Configuration)=0, getValidTxns_(long)=0, getDatabase_(String)=1, commitTxn_(CommitTxnRequest)=13, flushCache_()=0, openTxn_(String, TxnType)=2}
2024-04-24T05:16:25,626  INFO [main] ql.Driver: Completed compiling command(queryId=alex_20240424051625_64660627-5a9f-478d-abf5-37a00e8bd7ac); Time taken: 0.008 seconds
2024-04-24T05:16:25,626  INFO [main] lockmgr.DbTxnManager: Setting lock request transaction to txnid:8 for queryId=alex_20240424051625_64660627-5a9f-478d-abf5-37a00e8bd7ac
2024-04-24T05:16:25,626  INFO [main] lockmgr.DbLockManager: Requesting lock for queryId=alex_20240424051625_64660627-5a9f-478d-abf5-37a00e8bd7ac
2024-04-24T05:16:25,644  INFO [main] lockmgr.DbLockManager: Response to queryId=alex_20240424051625_64660627-5a9f-478d-abf5-37a00e8bd7ac LockResponse(lockid:2, state:ACQUIRED)
2024-04-24T05:16:25,644  INFO [main] ql.Driver: Operation CREATETABLE obtained 1 locks
2024-04-24T05:16:25,644  INFO [main] ql.Driver: Executing command(queryId=alex_20240424051625_64660627-5a9f-478d-abf5-37a00e8bd7ac): create table acidTblPart(a int, b int) partitioned by (p string) clustered by (a) into 2 buckets stored as orc TBLPROPERTIES ('transactional'='true')
2024-04-24T05:16:25,645  INFO [main] ql.Driver: Starting task [Stage-0:DDL] in serial mode
2024-04-24T05:16:25,645  INFO [main] HiveMetaStore.audit: ugi=alex	ip=unknown-ip-addr	cmd=create_table_req: Table(tableName:acidTblPart, dbName:default, owner:alex, createTime:1713960985, lastAccessTime:0, retention:0, sd:StorageDescriptor(cols:[FieldSchema(name:a, type:int, comment:null), FieldSchema(name:b, type:int, comment:null)], location:null, inputFormat:org.apache.hadoop.hive.ql.io.orc.OrcInputFormat, outputFormat:org.apache.hadoop.hive.ql.io.orc.OrcOutputFormat, compressed:false, numBuckets:2, serdeInfo:SerDeInfo(name:null, serializationLib:org.apache.hadoop.hive.ql.io.orc.OrcSerde, parameters:{serialization.format=1}), bucketCols:[a], sortCols:[], parameters:{}, skewedInfo:SkewedInfo(skewedColNames:[], skewedColValues:[], skewedColValueLocationMaps:{}), storedAsSubDirectories:false), partitionKeys:[FieldSchema(name:p, type:string, comment:null)], parameters:{bucketing_version=2, transactional=true}, viewOriginalText:null, viewExpandedText:null, tableType:MANAGED_TABLE, privileges:PrincipalPrivilegeSet(userPrivileges:{alex=[PrivilegeGrantInfo(privilege:INSERT, createTime:-1, grantor:alex, grantorType:USER, grantOption:true), PrivilegeGrantInfo(privilege:SELECT, createTime:-1, grantor:alex, grantorType:USER, grantOption:true), PrivilegeGrantInfo(privilege:UPDATE, createTime:-1, grantor:alex, grantorType:USER, grantOption:true), PrivilegeGrantInfo(privilege:DELETE, createTime:-1, grantor:alex, grantorType:USER, grantOption:true)]}, groupPrivileges:null, rolePrivileges:null), temporary:false, catName:hive, ownerType:USER, writeId:0)	
2024-04-24T05:16:25,651  INFO [main] utils.FileUtils: Creating directory if it doesn't exist: file:/home/alex/Repositories/hive/ql/target/tmp/org.apache.hadoop.hive.ql.TestTxnCommands-1713960750541/warehouse/acidtblpart
2024-04-24T05:16:25,671  INFO [main] metadata.Hive: Dumping metastore api call timing information for : execution phase
2024-04-24T05:16:25,671  INFO [main] metadata.Hive: Total time spent in each metastore function (ms): {isCompatibleWith_(Configuration)=0, createTable_(Table)=25}
2024-04-24T05:16:25,671  INFO [main] ql.Driver: Completed executing command(queryId=alex_20240424051625_64660627-5a9f-478d-abf5-37a00e8bd7ac); Time taken: 0.026 seconds
2024-04-24T05:16:25,671  INFO [main] lockmgr.DbTxnManager: Stopped heartbeat for query: alex_20240424051625_64660627-5a9f-478d-abf5-37a00e8bd7ac
2024-04-24T05:16:25,676  INFO [main] txn.TxnHandler: Expected to move at least one record from txn_components to completed_txn_components when committing txn! txnid:8
2024-04-24T05:16:25,684  INFO [main] txn.TxnHandler: Removed transactions: ([8]) from MIN_HISTORY_LEVEL
2024-04-24T05:16:25,684  WARN [main] txn.CompactionTxnHandler: No compaction queue record found for Compaction type transaction commit. txnId:8
2024-04-24T05:16:25,684  INFO [main] ql.TxnCommandsBaseForTests: Running the query: create table nonAcidOrcTbl(a int, b int) clustered by (a) into 2 buckets stored as orc TBLPROPERTIES ('transactional'='false')
2024-04-24T05:16:25,685  INFO [main] ql.Driver: Compiling command(queryId=alex_20240424051625_ebb508e8-f61d-4618-86bc-f5968c33a058): create table nonAcidOrcTbl(a int, b int) clustered by (a) into 2 buckets stored as orc TBLPROPERTIES ('transactional'='false')
2024-04-24T05:16:25,687  INFO [main] txn.TxnHandler: Added entries to MIN_HISTORY_LEVEL for current txns: ([9]) with min_open_txn: 1
2024-04-24T05:16:25,687  INFO [main] lockmgr.DbTxnManager: Opened txnid:9
2024-04-24T05:16:25,688  INFO [main] parse.CalcitePlanner: Starting caching scope for: 
2024-04-24T05:16:25,688  INFO [main] parse.CalcitePlanner: Starting Semantic Analysis
2024-04-24T05:16:25,690  INFO [main] parse.CalcitePlanner: Creating table default.nonAcidOrcTbl position=13
2024-04-24T05:16:25,691  INFO [main] HiveMetaStore.audit: ugi=alex	ip=unknown-ip-addr	cmd=get_database: default	
2024-04-24T05:16:25,692  INFO [main] parse.CalcitePlanner: Ending caching scope for: 
2024-04-24T05:16:25,692  INFO [main] ql.Driver: Semantic Analysis Completed (retrial = false)
2024-04-24T05:16:25,692  INFO [main] ql.Driver: Created Hive schema: Schema(fieldSchemas:null, properties:null)
2024-04-24T05:16:25,692  INFO [main] metadata.Hive: Dumping metastore api call timing information for : compilation phase
2024-04-24T05:16:25,692  INFO [main] metadata.Hive: Total time spent in each metastore function (ms): {openTxn_(String, TxnType)=2, commitTxn_(CommitTxnRequest)=13, getDatabase_(String)=1, isCompatibleWith_(Configuration)=0, getValidWriteIds_(List, String)=2, getValidTxns_(long)=1, flushCache_()=0}
2024-04-24T05:16:25,693  INFO [main] ql.Driver: Completed compiling command(queryId=alex_20240424051625_ebb508e8-f61d-4618-86bc-f5968c33a058); Time taken: 0.007 seconds
2024-04-24T05:16:25,693  INFO [main] lockmgr.DbTxnManager: Setting lock request transaction to txnid:9 for queryId=alex_20240424051625_ebb508e8-f61d-4618-86bc-f5968c33a058
2024-04-24T05:16:25,693  INFO [main] lockmgr.DbLockManager: Requesting lock for queryId=alex_20240424051625_ebb508e8-f61d-4618-86bc-f5968c33a058
2024-04-24T05:16:25,710  INFO [main] lockmgr.DbLockManager: Response to queryId=alex_20240424051625_ebb508e8-f61d-4618-86bc-f5968c33a058 LockResponse(lockid:3, state:ACQUIRED)
2024-04-24T05:16:25,710  INFO [main] ql.Driver: Operation CREATETABLE obtained 1 locks
2024-04-24T05:16:25,710  INFO [main] ql.Driver: Executing command(queryId=alex_20240424051625_ebb508e8-f61d-4618-86bc-f5968c33a058): create table nonAcidOrcTbl(a int, b int) clustered by (a) into 2 buckets stored as orc TBLPROPERTIES ('transactional'='false')
2024-04-24T05:16:25,710  INFO [main] ql.Driver: Starting task [Stage-0:DDL] in serial mode
2024-04-24T05:16:25,711  INFO [main] HiveMetaStore.audit: ugi=alex	ip=unknown-ip-addr	cmd=create_table_req: Table(tableName:nonAcidOrcTbl, dbName:default, owner:alex, createTime:1713960985, lastAccessTime:0, retention:0, sd:StorageDescriptor(cols:[FieldSchema(name:a, type:int, comment:null), FieldSchema(name:b, type:int, comment:null)], location:null, inputFormat:org.apache.hadoop.hive.ql.io.orc.OrcInputFormat, outputFormat:org.apache.hadoop.hive.ql.io.orc.OrcOutputFormat, compressed:false, numBuckets:2, serdeInfo:SerDeInfo(name:null, serializationLib:org.apache.hadoop.hive.ql.io.orc.OrcSerde, parameters:{serialization.format=1}), bucketCols:[a], sortCols:[], parameters:{}, skewedInfo:SkewedInfo(skewedColNames:[], skewedColValues:[], skewedColValueLocationMaps:{}), storedAsSubDirectories:false), partitionKeys:[], parameters:{numFiles=0, COLUMN_STATS_ACCURATE={"BASIC_STATS":"true","COLUMN_STATS":{"a":"true","b":"true"}}, bucketing_version=2, numRows=0, totalSize=0, rawDataSize=0, transactional=false, numFilesErasureCoded=0}, viewOriginalText:null, viewExpandedText:null, tableType:MANAGED_TABLE, privileges:PrincipalPrivilegeSet(userPrivileges:{alex=[PrivilegeGrantInfo(privilege:INSERT, createTime:-1, grantor:alex, grantorType:USER, grantOption:true), PrivilegeGrantInfo(privilege:SELECT, createTime:-1, grantor:alex, grantorType:USER, grantOption:true), PrivilegeGrantInfo(privilege:UPDATE, createTime:-1, grantor:alex, grantorType:USER, grantOption:true), PrivilegeGrantInfo(privilege:DELETE, createTime:-1, grantor:alex, grantorType:USER, grantOption:true)]}, groupPrivileges:null, rolePrivileges:null), temporary:false, catName:hive, ownerType:USER)	
2024-04-24T05:16:25,716  INFO [main] utils.FileUtils: Creating directory if it doesn't exist: file:/home/alex/Repositories/hive/ql/target/tmp/org.apache.hadoop.hive.ql.TestTxnCommands-1713960750541/warehouse/nonacidorctbl
2024-04-24T05:16:25,731  INFO [main] metadata.Hive: Dumping metastore api call timing information for : execution phase
2024-04-24T05:16:25,731  INFO [main] metadata.Hive: Total time spent in each metastore function (ms): {createTable_(Table)=20, isCompatibleWith_(Configuration)=0}
2024-04-24T05:16:25,731  INFO [main] ql.Driver: Completed executing command(queryId=alex_20240424051625_ebb508e8-f61d-4618-86bc-f5968c33a058); Time taken: 0.021 seconds
2024-04-24T05:16:25,731  INFO [main] lockmgr.DbTxnManager: Stopped heartbeat for query: alex_20240424051625_ebb508e8-f61d-4618-86bc-f5968c33a058
2024-04-24T05:16:25,736  INFO [main] txn.TxnHandler: Expected to move at least one record from txn_components to completed_txn_components when committing txn! txnid:9
2024-04-24T05:16:25,745  INFO [main] txn.TxnHandler: Removed transactions: ([9]) from MIN_HISTORY_LEVEL
2024-04-24T05:16:25,745  WARN [main] txn.CompactionTxnHandler: No compaction queue record found for Compaction type transaction commit. txnId:9
2024-04-24T05:16:25,745  INFO [main] ql.TxnCommandsBaseForTests: Running the query: create table nonAcidOrcTbl2(a int, b int) clustered by (a) into 2 buckets stored as orc TBLPROPERTIES ('transactional'='false')
2024-04-24T05:16:25,745  INFO [main] ql.Driver: Compiling command(queryId=alex_20240424051625_ec000b1c-53e5-4d3e-b7c7-114b8a6f0891): create table nonAcidOrcTbl2(a int, b int) clustered by (a) into 2 buckets stored as orc TBLPROPERTIES ('transactional'='false')
2024-04-24T05:16:25,748  INFO [main] txn.TxnHandler: Added entries to MIN_HISTORY_LEVEL for current txns: ([10]) with min_open_txn: 1
2024-04-24T05:16:25,748  INFO [main] lockmgr.DbTxnManager: Opened txnid:10
2024-04-24T05:16:25,748  INFO [main] parse.CalcitePlanner: Starting caching scope for: 
2024-04-24T05:16:25,748  INFO [main] parse.CalcitePlanner: Starting Semantic Analysis
2024-04-24T05:16:25,751  INFO [main] parse.CalcitePlanner: Creating table default.nonAcidOrcTbl2 position=13
2024-04-24T05:16:25,751  INFO [main] HiveMetaStore.audit: ugi=alex	ip=unknown-ip-addr	cmd=get_database: default	
2024-04-24T05:16:25,753  INFO [main] parse.CalcitePlanner: Ending caching scope for: 
2024-04-24T05:16:25,753  INFO [main] ql.Driver: Semantic Analysis Completed (retrial = false)
2024-04-24T05:16:25,753  INFO [main] ql.Driver: Created Hive schema: Schema(fieldSchemas:null, properties:null)
2024-04-24T05:16:25,753  INFO [main] metadata.Hive: Dumping metastore api call timing information for : compilation phase
2024-04-24T05:16:25,753  INFO [main] metadata.Hive: Total time spent in each metastore function (ms): {openTxn_(String, TxnType)=2, flushCache_()=0, isCompatibleWith_(Configuration)=0, getValidTxns_(long)=0, getValidWriteIds_(List, String)=2, commitTxn_(CommitTxnRequest)=14, getDatabase_(String)=2}
2024-04-24T05:16:25,753  INFO [main] ql.Driver: Completed compiling command(queryId=alex_20240424051625_ec000b1c-53e5-4d3e-b7c7-114b8a6f0891); Time taken: 0.008 seconds
2024-04-24T05:16:25,754  INFO [main] lockmgr.DbTxnManager: Setting lock request transaction to txnid:10 for queryId=alex_20240424051625_ec000b1c-53e5-4d3e-b7c7-114b8a6f0891
2024-04-24T05:16:25,754  INFO [main] lockmgr.DbLockManager: Requesting lock for queryId=alex_20240424051625_ec000b1c-53e5-4d3e-b7c7-114b8a6f0891
2024-04-24T05:16:25,771  INFO [main] lockmgr.DbLockManager: Response to queryId=alex_20240424051625_ec000b1c-53e5-4d3e-b7c7-114b8a6f0891 LockResponse(lockid:4, state:ACQUIRED)
2024-04-24T05:16:25,771  INFO [main] ql.Driver: Operation CREATETABLE obtained 1 locks
2024-04-24T05:16:25,771  INFO [main] ql.Driver: Executing command(queryId=alex_20240424051625_ec000b1c-53e5-4d3e-b7c7-114b8a6f0891): create table nonAcidOrcTbl2(a int, b int) clustered by (a) into 2 buckets stored as orc TBLPROPERTIES ('transactional'='false')
2024-04-24T05:16:25,771  INFO [main] ql.Driver: Starting task [Stage-0:DDL] in serial mode
2024-04-24T05:16:25,772  INFO [main] HiveMetaStore.audit: ugi=alex	ip=unknown-ip-addr	cmd=create_table_req: Table(tableName:nonAcidOrcTbl2, dbName:default, owner:alex, createTime:1713960985, lastAccessTime:0, retention:0, sd:StorageDescriptor(cols:[FieldSchema(name:a, type:int, comment:null), FieldSchema(name:b, type:int, comment:null)], location:null, inputFormat:org.apache.hadoop.hive.ql.io.orc.OrcInputFormat, outputFormat:org.apache.hadoop.hive.ql.io.orc.OrcOutputFormat, compressed:false, numBuckets:2, serdeInfo:SerDeInfo(name:null, serializationLib:org.apache.hadoop.hive.ql.io.orc.OrcSerde, parameters:{serialization.format=1}), bucketCols:[a], sortCols:[], parameters:{}, skewedInfo:SkewedInfo(skewedColNames:[], skewedColValues:[], skewedColValueLocationMaps:{}), storedAsSubDirectories:false), partitionKeys:[], parameters:{COLUMN_STATS_ACCURATE={"BASIC_STATS":"true","COLUMN_STATS":{"a":"true","b":"true"}}, totalSize=0, bucketing_version=2, numRows=0, numFilesErasureCoded=0, rawDataSize=0, numFiles=0, transactional=false}, viewOriginalText:null, viewExpandedText:null, tableType:MANAGED_TABLE, privileges:PrincipalPrivilegeSet(userPrivileges:{alex=[PrivilegeGrantInfo(privilege:INSERT, createTime:-1, grantor:alex, grantorType:USER, grantOption:true), PrivilegeGrantInfo(privilege:SELECT, createTime:-1, grantor:alex, grantorType:USER, grantOption:true), PrivilegeGrantInfo(privilege:UPDATE, createTime:-1, grantor:alex, grantorType:USER, grantOption:true), PrivilegeGrantInfo(privilege:DELETE, createTime:-1, grantor:alex, grantorType:USER, grantOption:true)]}, groupPrivileges:null, rolePrivileges:null), temporary:false, catName:hive, ownerType:USER)	
2024-04-24T05:16:25,777  INFO [main] utils.FileUtils: Creating directory if it doesn't exist: file:/home/alex/Repositories/hive/ql/target/tmp/org.apache.hadoop.hive.ql.TestTxnCommands-1713960750541/warehouse/nonacidorctbl2
2024-04-24T05:16:25,791  INFO [main] metadata.Hive: Dumping metastore api call timing information for : execution phase
2024-04-24T05:16:25,791  INFO [main] metadata.Hive: Total time spent in each metastore function (ms): {createTable_(Table)=19, isCompatibleWith_(Configuration)=0}
2024-04-24T05:16:25,791  INFO [main] ql.Driver: Completed executing command(queryId=alex_20240424051625_ec000b1c-53e5-4d3e-b7c7-114b8a6f0891); Time taken: 0.02 seconds
2024-04-24T05:16:25,791  INFO [main] lockmgr.DbTxnManager: Stopped heartbeat for query: alex_20240424051625_ec000b1c-53e5-4d3e-b7c7-114b8a6f0891
2024-04-24T05:16:25,796  INFO [main] txn.TxnHandler: Expected to move at least one record from txn_components to completed_txn_components when committing txn! txnid:10
2024-04-24T05:16:25,804  INFO [main] txn.TxnHandler: Removed transactions: ([10]) from MIN_HISTORY_LEVEL
2024-04-24T05:16:25,804  WARN [main] txn.CompactionTxnHandler: No compaction queue record found for Compaction type transaction commit. txnId:10
2024-04-24T05:16:25,805  INFO [main] ql.TxnCommandsBaseForTests: Running the query: create temporary  table acidTbl2(a int, b int, c int) clustered by (c) into 2 buckets stored as orc TBLPROPERTIES ('transactional'='true')
2024-04-24T05:16:25,805  INFO [main] ql.Driver: Compiling command(queryId=alex_20240424051625_b2cbce7e-081a-4855-9f67-ddccf14d792f): create temporary  table acidTbl2(a int, b int, c int) clustered by (c) into 2 buckets stored as orc TBLPROPERTIES ('transactional'='true')
2024-04-24T05:16:25,807  INFO [main] txn.TxnHandler: Added entries to MIN_HISTORY_LEVEL for current txns: ([11]) with min_open_txn: 1
2024-04-24T05:16:25,808  INFO [main] lockmgr.DbTxnManager: Opened txnid:11
2024-04-24T05:16:25,808  INFO [main] parse.CalcitePlanner: Starting caching scope for: 
2024-04-24T05:16:25,808  INFO [main] parse.CalcitePlanner: Starting Semantic Analysis
2024-04-24T05:16:25,811  INFO [main] parse.CalcitePlanner: Creating table default.acidTbl2 position=24
2024-04-24T05:16:25,811  INFO [main] HiveMetaStore.audit: ugi=alex	ip=unknown-ip-addr	cmd=get_database: default	
2024-04-24T05:16:25,813  INFO [main] parse.CalcitePlanner: Ending caching scope for: 
2024-04-24T05:16:25,813  INFO [main] ql.Driver: Semantic Analysis Completed (retrial = false)
2024-04-24T05:16:25,813  INFO [main] ql.Driver: Created Hive schema: Schema(fieldSchemas:null, properties:null)
2024-04-24T05:16:25,813  INFO [main] metadata.Hive: Dumping metastore api call timing information for : compilation phase
2024-04-24T05:16:25,813  INFO [main] metadata.Hive: Total time spent in each metastore function (ms): {flushCache_()=0, openTxn_(String, TxnType)=3, getValidTxns_(long)=0, isCompatibleWith_(Configuration)=0, commitTxn_(CommitTxnRequest)=14, getValidWriteIds_(List, String)=3, getDatabase_(String)=2}
2024-04-24T05:16:25,813  INFO [main] ql.Driver: Completed compiling command(queryId=alex_20240424051625_b2cbce7e-081a-4855-9f67-ddccf14d792f); Time taken: 0.008 seconds
2024-04-24T05:16:25,813  INFO [main] lockmgr.DbTxnManager: Setting lock request transaction to txnid:11 for queryId=alex_20240424051625_b2cbce7e-081a-4855-9f67-ddccf14d792f
2024-04-24T05:16:25,813  INFO [main] lockmgr.DbLockManager: Requesting lock for queryId=alex_20240424051625_b2cbce7e-081a-4855-9f67-ddccf14d792f
2024-04-24T05:16:25,831  INFO [main] lockmgr.DbLockManager: Response to queryId=alex_20240424051625_b2cbce7e-081a-4855-9f67-ddccf14d792f LockResponse(lockid:5, state:ACQUIRED)
2024-04-24T05:16:25,831  INFO [main] ql.Driver: Operation CREATETABLE obtained 1 locks
2024-04-24T05:16:25,831  INFO [main] ql.Driver: Executing command(queryId=alex_20240424051625_b2cbce7e-081a-4855-9f67-ddccf14d792f): create temporary  table acidTbl2(a int, b int, c int) clustered by (c) into 2 buckets stored as orc TBLPROPERTIES ('transactional'='true')
2024-04-24T05:16:25,831  INFO [main] ql.Driver: Starting task [Stage-0:DDL] in serial mode
2024-04-24T05:16:25,832  INFO [main] utils.FileUtils: Creating directory if it doesn't exist: file:/home/alex/Repositories/hive/ql/target/tmp/scratchdir/alex/073203ee-a51e-4c88-846b-9a57274db6e1/_tmp_space.db/9fe7f506-4e41-4d1f-9b96-b7e7364462ec
2024-04-24T05:16:25,835  INFO [main] metadata.Hive: Dumping metastore api call timing information for : execution phase
2024-04-24T05:16:25,835  INFO [main] metadata.Hive: Total time spent in each metastore function (ms): {createTable_(Table)=2, isCompatibleWith_(Configuration)=0}
2024-04-24T05:16:25,835  INFO [main] ql.Driver: Completed executing command(queryId=alex_20240424051625_b2cbce7e-081a-4855-9f67-ddccf14d792f); Time taken: 0.004 seconds
2024-04-24T05:16:25,835  INFO [main] lockmgr.DbTxnManager: Stopped heartbeat for query: alex_20240424051625_b2cbce7e-081a-4855-9f67-ddccf14d792f
2024-04-24T05:16:25,840  INFO [main] txn.TxnHandler: Expected to move at least one record from txn_components to completed_txn_components when committing txn! txnid:11
2024-04-24T05:16:25,848  INFO [main] txn.TxnHandler: Removed transactions: ([11]) from MIN_HISTORY_LEVEL
2024-04-24T05:16:25,848  WARN [main] txn.CompactionTxnHandler: No compaction queue record found for Compaction type transaction commit. txnId:11
2024-04-24T05:16:25,849  INFO [main] ql.TxnCommandsBaseForTests: Running the query: create table nonAcidNonBucket(a int, b int) stored as orc TBLPROPERTIES ('transactional'='false')
2024-04-24T05:16:25,849  INFO [main] ql.Driver: Compiling command(queryId=alex_20240424051625_0d4e352b-f25d-404a-bc21-b9f758f86f22): create table nonAcidNonBucket(a int, b int) stored as orc TBLPROPERTIES ('transactional'='false')
2024-04-24T05:16:25,851  INFO [main] txn.TxnHandler: Added entries to MIN_HISTORY_LEVEL for current txns: ([12]) with min_open_txn: 1
2024-04-24T05:16:25,851  INFO [main] lockmgr.DbTxnManager: Opened txnid:12
2024-04-24T05:16:25,852  INFO [main] parse.CalcitePlanner: Starting caching scope for: 
2024-04-24T05:16:25,852  INFO [main] parse.CalcitePlanner: Starting Semantic Analysis
2024-04-24T05:16:25,854  INFO [main] parse.CalcitePlanner: Creating table default.nonAcidNonBucket position=13
2024-04-24T05:16:25,855  INFO [main] HiveMetaStore.audit: ugi=alex	ip=unknown-ip-addr	cmd=get_database: default	
2024-04-24T05:16:25,856  INFO [main] parse.CalcitePlanner: Ending caching scope for: 
2024-04-24T05:16:25,856  INFO [main] ql.Driver: Semantic Analysis Completed (retrial = false)
2024-04-24T05:16:25,856  INFO [main] ql.Driver: Created Hive schema: Schema(fieldSchemas:null, properties:null)
2024-04-24T05:16:25,856  INFO [main] metadata.Hive: Dumping metastore api call timing information for : compilation phase
2024-04-24T05:16:25,856  INFO [main] metadata.Hive: Total time spent in each metastore function (ms): {getDatabase_(String)=1, getValidWriteIds_(List, String)=2, getValidTxns_(long)=1, isCompatibleWith_(Configuration)=0, commitTxn_(CommitTxnRequest)=13, openTxn_(String, TxnType)=2, flushCache_()=0}
2024-04-24T05:16:25,857  INFO [main] ql.Driver: Completed compiling command(queryId=alex_20240424051625_0d4e352b-f25d-404a-bc21-b9f758f86f22); Time taken: 0.007 seconds
2024-04-24T05:16:25,857  INFO [main] lockmgr.DbTxnManager: Setting lock request transaction to txnid:12 for queryId=alex_20240424051625_0d4e352b-f25d-404a-bc21-b9f758f86f22
2024-04-24T05:16:25,857  INFO [main] lockmgr.DbLockManager: Requesting lock for queryId=alex_20240424051625_0d4e352b-f25d-404a-bc21-b9f758f86f22
2024-04-24T05:16:25,874  INFO [main] lockmgr.DbLockManager: Response to queryId=alex_20240424051625_0d4e352b-f25d-404a-bc21-b9f758f86f22 LockResponse(lockid:6, state:ACQUIRED)
2024-04-24T05:16:25,874  INFO [main] ql.Driver: Operation CREATETABLE obtained 1 locks
2024-04-24T05:16:25,874  INFO [main] ql.Driver: Executing command(queryId=alex_20240424051625_0d4e352b-f25d-404a-bc21-b9f758f86f22): create table nonAcidNonBucket(a int, b int) stored as orc TBLPROPERTIES ('transactional'='false')
2024-04-24T05:16:25,874  INFO [main] ql.Driver: Starting task [Stage-0:DDL] in serial mode
2024-04-24T05:16:25,875  INFO [main] HiveMetaStore.audit: ugi=alex	ip=unknown-ip-addr	cmd=create_table_req: Table(tableName:nonAcidNonBucket, dbName:default, owner:alex, createTime:1713960985, lastAccessTime:0, retention:0, sd:StorageDescriptor(cols:[FieldSchema(name:a, type:int, comment:null), FieldSchema(name:b, type:int, comment:null)], location:null, inputFormat:org.apache.hadoop.hive.ql.io.orc.OrcInputFormat, outputFormat:org.apache.hadoop.hive.ql.io.orc.OrcOutputFormat, compressed:false, numBuckets:-1, serdeInfo:SerDeInfo(name:null, serializationLib:org.apache.hadoop.hive.ql.io.orc.OrcSerde, parameters:{serialization.format=1}), bucketCols:[], sortCols:[], parameters:{}, skewedInfo:SkewedInfo(skewedColNames:[], skewedColValues:[], skewedColValueLocationMaps:{}), storedAsSubDirectories:false), partitionKeys:[], parameters:{numFilesErasureCoded=0, rawDataSize=0, COLUMN_STATS_ACCURATE={"BASIC_STATS":"true","COLUMN_STATS":{"a":"true","b":"true"}}, numFiles=0, bucketing_version=2, totalSize=0, numRows=0, transactional=false}, viewOriginalText:null, viewExpandedText:null, tableType:MANAGED_TABLE, privileges:PrincipalPrivilegeSet(userPrivileges:{alex=[PrivilegeGrantInfo(privilege:INSERT, createTime:-1, grantor:alex, grantorType:USER, grantOption:true), PrivilegeGrantInfo(privilege:SELECT, createTime:-1, grantor:alex, grantorType:USER, grantOption:true), PrivilegeGrantInfo(privilege:UPDATE, createTime:-1, grantor:alex, grantorType:USER, grantOption:true), PrivilegeGrantInfo(privilege:DELETE, createTime:-1, grantor:alex, grantorType:USER, grantOption:true)]}, groupPrivileges:null, rolePrivileges:null), temporary:false, catName:hive, ownerType:USER)	
2024-04-24T05:16:25,880  INFO [main] utils.FileUtils: Creating directory if it doesn't exist: file:/home/alex/Repositories/hive/ql/target/tmp/org.apache.hadoop.hive.ql.TestTxnCommands-1713960750541/warehouse/nonacidnonbucket
2024-04-24T05:16:25,894  INFO [main] metadata.Hive: Dumping metastore api call timing information for : execution phase
2024-04-24T05:16:25,894  INFO [main] metadata.Hive: Total time spent in each metastore function (ms): {isCompatibleWith_(Configuration)=0, createTable_(Table)=20}
2024-04-24T05:16:25,895  INFO [main] ql.Driver: Completed executing command(queryId=alex_20240424051625_0d4e352b-f25d-404a-bc21-b9f758f86f22); Time taken: 0.02 seconds
2024-04-24T05:16:25,895  INFO [main] lockmgr.DbTxnManager: Stopped heartbeat for query: alex_20240424051625_0d4e352b-f25d-404a-bc21-b9f758f86f22
2024-04-24T05:16:25,900  INFO [main] txn.TxnHandler: Expected to move at least one record from txn_components to completed_txn_components when committing txn! txnid:12
2024-04-24T05:16:25,908  INFO [main] txn.TxnHandler: Removed transactions: ([12]) from MIN_HISTORY_LEVEL
2024-04-24T05:16:25,908  WARN [main] txn.CompactionTxnHandler: No compaction queue record found for Compaction type transaction commit. txnId:12
2024-04-24T05:16:25,908  INFO [main] ql.TxnCommandsBaseForTests: Running the query: delete from acidTbl where a IN (SELECT A.a from acidTbl  A)
2024-04-24T05:16:25,909  INFO [main] ql.Driver: Compiling command(queryId=alex_20240424051625_6123a4f8-b707-49f1-ad58-231673fbed04): delete from acidTbl where a IN (SELECT A.a from acidTbl  A)
2024-04-24T05:16:25,912  INFO [main] txn.TxnHandler: Added entries to MIN_HISTORY_LEVEL for current txns: ([13]) with min_open_txn: 1
2024-04-24T05:16:25,912  INFO [main] lockmgr.DbTxnManager: Opened txnid:13
2024-04-24T05:16:25,912  INFO [main] parse.UpdateDeleteSemanticAnalyzer: Starting caching scope for: 
2024-04-24T05:16:25,912  INFO [main] HiveMetaStore.audit: ugi=alex	ip=unknown-ip-addr	cmd=get_table : tbl=hive.default.acidTbl	
2024-04-24T05:16:25,935  INFO [main] metastore.HMSHandler: Skipping translation for processor with null
2024-04-24T05:16:25,935  INFO [main] parse.RewriteSemanticAnalyzer: Going to reparse <delete from acidTbl where a IN (SELECT A.a from acidTbl  A)> as 
<insert into table `default`.`acidTbl` select ROW__ID from `default`.`acidTbl` sort by ROW__ID >
2024-04-24T05:16:25,935  INFO [main] parse.UpdateDeleteSemanticAnalyzer: Starting Semantic Analysis
2024-04-24T05:16:25,942  INFO [main] parse.UpdateDeleteSemanticAnalyzer: Completed phase 1 of Semantic Analysis
2024-04-24T05:16:25,942  INFO [main] parse.UpdateDeleteSemanticAnalyzer: Get metadata for source tables
2024-04-24T05:16:25,943  INFO [main] HiveMetaStore.audit: ugi=alex	ip=unknown-ip-addr	cmd=get_table : tbl=hive.default.acidtbl	
2024-04-24T05:16:25,949  INFO [main] metastore.HMSHandler: Skipping translation for processor with null
2024-04-24T05:16:25,950  INFO [main] parse.UpdateDeleteSemanticAnalyzer: Get metadata for subqueries
2024-04-24T05:16:25,950  INFO [main] parse.UpdateDeleteSemanticAnalyzer: Get metadata for destination tables
2024-04-24T05:16:25,950  INFO [main] HiveMetaStore.audit: ugi=alex	ip=unknown-ip-addr	cmd=get_table : tbl=hive.default.acidTbl	
2024-04-24T05:16:25,956  INFO [main] metastore.HMSHandler: Skipping translation for processor with null
2024-04-24T05:16:25,956  INFO [main] parse.UpdateDeleteSemanticAnalyzer: Completed getting MetaData in Semantic Analysis
2024-04-24T05:16:25,956  INFO [main] parse.UpdateDeleteSemanticAnalyzer: Disabling LLAP IO encode as ETL query is detected
2024-04-24T05:16:25,969  INFO [main] HiveMetaStore.audit: ugi=alex	ip=unknown-ip-addr	cmd=get_all_table_constraints : tbl=hive.default.acidtbl	
2024-04-24T05:16:26,003  INFO [main] parse.UpdateDeleteSemanticAnalyzer: Get metadata for source tables
2024-04-24T05:16:26,004  INFO [main] parse.UpdateDeleteSemanticAnalyzer: Get metadata for subqueries
2024-04-24T05:16:26,004  INFO [main] parse.UpdateDeleteSemanticAnalyzer: Get metadata for destination tables
2024-04-24T05:16:26,004  INFO [main] HiveMetaStore.audit: ugi=alex	ip=unknown-ip-addr	cmd=get_all_table_constraints : tbl=hive.default.acidtbl	
2024-04-24T05:16:26,117  INFO [main] calcite.RelOptHiveTable: Calculating column statistics for default.acidtbl, projIndxSet: [0], allowMissingStats: true
2024-04-24T05:16:26,117  INFO [main] HiveMetaStore.audit: ugi=alex	ip=unknown-ip-addr	cmd=get_table : tbl=hive.default.acidtbl	
2024-04-24T05:16:26,126  INFO [main] metastore.HMSHandler: Skipping translation for processor with null
2024-04-24T05:16:26,127  INFO [main] HiveMetaStore.audit: ugi=alex	ip=unknown-ip-addr	cmd=get_table : tbl=hive.default.acidtbl	
2024-04-24T05:16:26,136  INFO [main] metastore.HMSHandler: Skipping translation for processor with null
2024-04-24T05:16:26,136  INFO [main] HiveMetaStore.audit: ugi=alex	ip=unknown-ip-addr	cmd=get_table_statistics_req: table=hive.default.acidtbl	
2024-04-24T05:16:26,147  WARN [main] calcite.RelOptHiveTable: No Stats for default@acidtbl, Columns: a
No Stats for default@acidtbl, Columns: a
2024-04-24T05:16:26,147  INFO [main] SessionState: No Stats for default@acidtbl, Columns: a
2024-04-24T05:16:26,147  INFO [main] calcite.RelOptHiveTable: Calculating column statistics for default.acidtbl, projIndxSet: [0], allowMissingStats: true
2024-04-24T05:16:26,147  WARN [main] calcite.RelOptHiveTable: No Stats for default@acidtbl, Columns: a
No Stats for default@acidtbl, Columns: a
2024-04-24T05:16:26,147  INFO [main] SessionState: No Stats for default@acidtbl, Columns: a
2024-04-24T05:16:26,275  INFO [main] parse.UpdateDeleteSemanticAnalyzer: Get metadata for source tables
2024-04-24T05:16:26,275  INFO [main] parse.UpdateDeleteSemanticAnalyzer: Get metadata for subqueries
2024-04-24T05:16:26,275  INFO [main] parse.UpdateDeleteSemanticAnalyzer: Get metadata for source tables
2024-04-24T05:16:26,275  INFO [main] parse.UpdateDeleteSemanticAnalyzer: Get metadata for subqueries
2024-04-24T05:16:26,275  INFO [main] parse.UpdateDeleteSemanticAnalyzer: Get metadata for destination tables
2024-04-24T05:16:26,275  INFO [main] parse.UpdateDeleteSemanticAnalyzer: Get metadata for source tables
2024-04-24T05:16:26,275  INFO [main] parse.UpdateDeleteSemanticAnalyzer: Get metadata for subqueries
2024-04-24T05:16:26,275  INFO [main] parse.UpdateDeleteSemanticAnalyzer: Get metadata for destination tables
2024-04-24T05:16:26,275  INFO [main] parse.UpdateDeleteSemanticAnalyzer: Get metadata for destination tables
2024-04-24T05:16:26,276  INFO [main] HiveMetaStore.audit: ugi=alex	ip=unknown-ip-addr	cmd=get_table : tbl=hive.default.acidTbl	
2024-04-24T05:16:26,282  INFO [main] metastore.HMSHandler: Skipping translation for processor with null
2024-04-24T05:16:26,286 ERROR [main] parse.UpdateDeleteSemanticAnalyzer: CBO failed, skipping CBO. 
org.apache.hadoop.hive.ql.exec.NoMatchingMethodException: No matching method for class org.apache.hadoop.hive.ql.udf.UDFToInteger with (struct<writeid:bigint,bucketid:int,rowid:bigint>). Possible choices: _FUNC_(bigint)  _FUNC_(boolean)  _FUNC_(decimal(38,18))  _FUNC_(double)  _FUNC_(float)  _FUNC_(smallint)  _FUNC_(string)  _FUNC_(struct<writeid:bigint,rowid:int,bucketid:bigint>)  _FUNC_(timestamp)  _FUNC_(tinyint)  _FUNC_(void)  
	at org.apache.hadoop.hive.ql.exec.MethodUtils.getMethodInternal(MethodUtils.java:130) ~[classes/:?]
	at org.apache.hadoop.hive.ql.exec.MethodUtils.getMethodInternal(MethodUtils.java:60) ~[classes/:?]
	at org.apache.hadoop.hive.ql.exec.DefaultUDFMethodResolver.getEvalMethod(DefaultUDFMethodResolver.java:59) ~[classes/:?]
	at org.apache.hadoop.hive.ql.udf.TimestampCastRestrictorResolver.getEvalMethod(TimestampCastRestrictorResolver.java:68) ~[classes/:?]
	at org.apache.hadoop.hive.ql.udf.generic.GenericUDFBridge.initialize(GenericUDFBridge.java:168) ~[classes/:?]
	at org.apache.hadoop.hive.ql.udf.generic.GenericUDF.initializeAndFoldConstants(GenericUDF.java:149) ~[classes/:?]
	at org.apache.hadoop.hive.ql.plan.ExprNodeGenericFuncDesc.newInstance(ExprNodeGenericFuncDesc.java:235) ~[classes/:?]
	at org.apache.hadoop.hive.ql.parse.type.ExprNodeDescExprFactory.createFuncCallExpr(ExprNodeDescExprFactory.java:584) ~[classes/:?]
	at org.apache.hadoop.hive.ql.parse.type.ExprNodeDescExprFactory.createFuncCallExpr(ExprNodeDescExprFactory.java:97) ~[classes/:?]
	at org.apache.hadoop.hive.ql.parse.type.TypeCheckProcFactory$DefaultExprProcessor.getFuncExprNodeDescWithUdfData(TypeCheckProcFactory.java:762) ~[classes/:?]
	at org.apache.hadoop.hive.ql.parse.type.TypeCheckProcFactory$DefaultExprProcessor.createConversionCast(TypeCheckProcFactory.java:783) ~[classes/:?]
	at org.apache.hadoop.hive.ql.parse.SemanticAnalyzer.getPartitionColsFromBucketColsForUpdateDelete(SemanticAnalyzer.java:8725) ~[classes/:?]
	at org.apache.hadoop.hive.ql.parse.SemanticAnalyzer.genBucketingSortingDest(SemanticAnalyzer.java:6906) ~[classes/:?]
	at org.apache.hadoop.hive.ql.parse.SemanticAnalyzer.genFileSinkPlan(SemanticAnalyzer.java:7335) ~[classes/:?]
	at org.apache.hadoop.hive.ql.parse.SemanticAnalyzer.genPostGroupByBodyPlan(SemanticAnalyzer.java:11063) ~[classes/:?]
	at org.apache.hadoop.hive.ql.parse.SemanticAnalyzer.genBodyPlan(SemanticAnalyzer.java:10938) ~[classes/:?]
	at org.apache.hadoop.hive.ql.parse.SemanticAnalyzer.genPlan(SemanticAnalyzer.java:11853) ~[classes/:?]
	at org.apache.hadoop.hive.ql.parse.SemanticAnalyzer.genPlan(SemanticAnalyzer.java:11723) ~[classes/:?]
	at org.apache.hadoop.hive.ql.parse.CalcitePlanner.genOPTree(CalcitePlanner.java:626) ~[classes/:?]
	at org.apache.hadoop.hive.ql.parse.SemanticAnalyzer.analyzeInternal(SemanticAnalyzer.java:12558) ~[classes/:?]
	at org.apache.hadoop.hive.ql.parse.CalcitePlanner.analyzeInternal(CalcitePlanner.java:456) ~[classes/:?]
	at org.apache.hadoop.hive.ql.parse.RewriteSemanticAnalyzer.analyzeInternal(RewriteSemanticAnalyzer.java:67) ~[classes/:?]
	at org.apache.hadoop.hive.ql.parse.BaseSemanticAnalyzer.analyze(BaseSemanticAnalyzer.java:317) ~[classes/:?]
	at org.apache.hadoop.hive.ql.parse.UpdateDeleteSemanticAnalyzer.reparseAndSuperAnalyze(UpdateDeleteSemanticAnalyzer.java:208) ~[classes/:?]
	at org.apache.hadoop.hive.ql.parse.UpdateDeleteSemanticAnalyzer.analyzeDelete(UpdateDeleteSemanticAnalyzer.java:68) ~[classes/:?]
	at org.apache.hadoop.hive.ql.parse.UpdateDeleteSemanticAnalyzer.analyze(UpdateDeleteSemanticAnalyzer.java:50) ~[classes/:?]
	at org.apache.hadoop.hive.ql.parse.RewriteSemanticAnalyzer.analyzeInternal(RewriteSemanticAnalyzer.java:72) ~[classes/:?]
	at org.apache.hadoop.hive.ql.parse.BaseSemanticAnalyzer.analyze(BaseSemanticAnalyzer.java:317) ~[classes/:?]
	at org.apache.hadoop.hive.ql.Compiler.analyze(Compiler.java:223) ~[classes/:?]
	at org.apache.hadoop.hive.ql.Compiler.compile(Compiler.java:105) ~[classes/:?]
	at org.apache.hadoop.hive.ql.Driver.compile(Driver.java:500) ~[classes/:?]
	at org.apache.hadoop.hive.ql.Driver.compileInternal(Driver.java:453) ~[classes/:?]
	at org.apache.hadoop.hive.ql.Driver.runInternal(Driver.java:181) ~[classes/:?]
	at org.apache.hadoop.hive.ql.Driver.run(Driver.java:153) ~[classes/:?]
	at org.apache.hadoop.hive.ql.Driver.run(Driver.java:140) ~[classes/:?]
	at org.apache.hadoop.hive.ql.TxnCommandsBaseForTests.runStatementOnDriver(TxnCommandsBaseForTests.java:245) ~[test-classes/:?]
	at org.apache.hadoop.hive.ql.TestTxnCommands.testDeleteIn(TestTxnCommands.java:929) ~[test-classes/:?]
	at sun.reflect.NativeMethodAccessorImpl.invoke0(Native Method) ~[?:1.8.0_402]
	at sun.reflect.NativeMethodAccessorImpl.invoke(NativeMethodAccessorImpl.java:62) ~[?:1.8.0_402]
	at sun.reflect.DelegatingMethodAccessorImpl.invoke(DelegatingMethodAccessorImpl.java:43) ~[?:1.8.0_402]
	at java.lang.reflect.Method.invoke(Method.java:498) ~[?:1.8.0_402]
	at org.junit.runners.model.FrameworkMethod$1.runReflectiveCall(FrameworkMethod.java:59) ~[junit-4.13.jar:4.13]
	at org.junit.internal.runners.model.ReflectiveCallable.run(ReflectiveCallable.java:12) ~[junit-4.13.jar:4.13]
	at org.junit.runners.model.FrameworkMethod.invokeExplosively(FrameworkMethod.java:56) ~[junit-4.13.jar:4.13]
	at org.junit.internal.runners.statements.InvokeMethod.evaluate(InvokeMethod.java:17) ~[junit-4.13.jar:4.13]
	at org.junit.internal.runners.statements.RunBefores.evaluate(RunBefores.java:26) ~[junit-4.13.jar:4.13]
	at org.junit.internal.runners.statements.RunAfters.evaluate(RunAfters.java:27) ~[junit-4.13.jar:4.13]
	at org.junit.rules.TestWatcher$1.evaluate(TestWatcher.java:61) ~[junit-4.13.jar:4.13]
	at org.junit.runners.ParentRunner$3.evaluate(ParentRunner.java:306) ~[junit-4.13.jar:4.13]
	at org.junit.runners.BlockJUnit4ClassRunner$1.evaluate(BlockJUnit4ClassRunner.java:100) ~[junit-4.13.jar:4.13]
	at org.junit.runners.ParentRunner.runLeaf(ParentRunner.java:366) ~[junit-4.13.jar:4.13]
	at org.junit.runners.BlockJUnit4ClassRunner.runChild(BlockJUnit4ClassRunner.java:103) ~[junit-4.13.jar:4.13]
	at org.junit.runners.BlockJUnit4ClassRunner.runChild(BlockJUnit4ClassRunner.java:63) ~[junit-4.13.jar:4.13]
	at org.junit.runners.ParentRunner$4.run(ParentRunner.java:331) ~[junit-4.13.jar:4.13]
	at org.junit.runners.ParentRunner$1.schedule(ParentRunner.java:79) ~[junit-4.13.jar:4.13]
	at org.junit.runners.ParentRunner.runChildren(ParentRunner.java:329) ~[junit-4.13.jar:4.13]
	at org.junit.runners.ParentRunner.access$100(ParentRunner.java:66) ~[junit-4.13.jar:4.13]
	at org.junit.runners.ParentRunner$2.evaluate(ParentRunner.java:293) ~[junit-4.13.jar:4.13]
	at org.junit.runners.ParentRunner$3.evaluate(ParentRunner.java:306) ~[junit-4.13.jar:4.13]
	at org.junit.runners.ParentRunner.run(ParentRunner.java:413) ~[junit-4.13.jar:4.13]
	at org.junit.runner.JUnitCore.run(JUnitCore.java:137) ~[junit-4.13.jar:4.13]
	at org.junit.runner.JUnitCore.run(JUnitCore.java:115) ~[junit-4.13.jar:4.13]
	at org.junit.vintage.engine.execution.RunnerExecutor.execute(RunnerExecutor.java:43) ~[junit-vintage-engine-5.6.2.jar:5.6.2]
	at java.util.stream.ForEachOps$ForEachOp$OfRef.accept(ForEachOps.java:183) ~[?:1.8.0_402]
	at java.util.stream.ReferencePipeline$3$1.accept(ReferencePipeline.java:193) ~[?:1.8.0_402]
	at java.util.Iterator.forEachRemaining(Iterator.java:116) ~[?:1.8.0_402]
	at java.util.Spliterators$IteratorSpliterator.forEachRemaining(Spliterators.java:1801) ~[?:1.8.0_402]
	at java.util.stream.AbstractPipeline.copyInto(AbstractPipeline.java:482) ~[?:1.8.0_402]
	at java.util.stream.AbstractPipeline.wrapAndCopyInto(AbstractPipeline.java:472) ~[?:1.8.0_402]
	at java.util.stream.ForEachOps$ForEachOp.evaluateSequential(ForEachOps.java:150) ~[?:1.8.0_402]
	at java.util.stream.ForEachOps$ForEachOp$OfRef.evaluateSequential(ForEachOps.java:173) ~[?:1.8.0_402]
	at java.util.stream.AbstractPipeline.evaluate(AbstractPipeline.java:234) ~[?:1.8.0_402]
	at java.util.stream.ReferencePipeline.forEach(ReferencePipeline.java:485) ~[?:1.8.0_402]
	at org.junit.vintage.engine.VintageTestEngine.executeAllChildren(VintageTestEngine.java:82) ~[junit-vintage-engine-5.6.2.jar:5.6.2]
	at org.junit.vintage.engine.VintageTestEngine.execute(VintageTestEngine.java:73) ~[junit-vintage-engine-5.6.2.jar:5.6.2]
	at org.junit.platform.launcher.core.DefaultLauncher.execute(DefaultLauncher.java:248) ~[junit-platform-launcher-1.6.2.jar:1.6.2]
	at org.junit.platform.launcher.core.DefaultLauncher.lambda$execute$5(DefaultLauncher.java:211) ~[junit-platform-launcher-1.6.2.jar:1.6.2]
	at org.junit.platform.launcher.core.DefaultLauncher.withInterceptedStreams(DefaultLauncher.java:226) [junit-platform-launcher-1.6.2.jar:1.6.2]
	at org.junit.platform.launcher.core.DefaultLauncher.execute(DefaultLauncher.java:199) [junit-platform-launcher-1.6.2.jar:1.6.2]
	at org.junit.platform.launcher.core.DefaultLauncher.execute(DefaultLauncher.java:132) [junit-platform-launcher-1.6.2.jar:1.6.2]
	at org.apache.maven.surefire.junitplatform.JUnitPlatformProvider.invokeAllTests(JUnitPlatformProvider.java:154) [surefire-junit-platform-3.0.0-M4.jar:3.0.0-M4]
	at org.apache.maven.surefire.junitplatform.JUnitPlatformProvider.invoke(JUnitPlatformProvider.java:123) [surefire-junit-platform-3.0.0-M4.jar:3.0.0-M4]
	at org.apache.maven.surefire.booter.ForkedBooter.runSuitesInProcess(ForkedBooter.java:377) [surefire-booter-3.0.0-M4.jar:3.0.0-M4]
	at org.apache.maven.surefire.booter.ForkedBooter.execute(ForkedBooter.java:138) [surefire-booter-3.0.0-M4.jar:3.0.0-M4]
	at org.apache.maven.surefire.booter.ForkedBooter.run(ForkedBooter.java:465) [surefire-booter-3.0.0-M4.jar:3.0.0-M4]
	at org.apache.maven.surefire.booter.ForkedBooter.main(ForkedBooter.java:451) [surefire-booter-3.0.0-M4.jar:3.0.0-M4]
2024-04-24T05:16:26,287 ERROR [main] parse.UpdateDeleteSemanticAnalyzer: CBO failed due to missing column stats (see previous errors), skipping CBO
2024-04-24T05:16:26,287  INFO [main] parse.UpdateDeleteSemanticAnalyzer: Ending caching scope for: 
FAILED: NoMatchingMethodException No matching method for class org.apache.hadoop.hive.ql.udf.UDFToInteger with (struct<writeid:bigint,bucketid:int,rowid:bigint>). Possible choices: _FUNC_(bigint)  _FUNC_(boolean)  _FUNC_(decimal(38,18))  _FUNC_(double)  _FUNC_(float)  _FUNC_(smallint)  _FUNC_(string)  _FUNC_(struct<writeid:bigint,rowid:int,bucketid:bigint>)  _FUNC_(timestamp)  _FUNC_(tinyint)  _FUNC_(void)  
2024-04-24T05:16:26,288 ERROR [main] ql.Driver: FAILED: NoMatchingMethodException No matching method for class org.apache.hadoop.hive.ql.udf.UDFToInteger with (struct<writeid:bigint,bucketid:int,rowid:bigint>). Possible choices: _FUNC_(bigint)  _FUNC_(boolean)  _FUNC_(decimal(38,18))  _FUNC_(double)  _FUNC_(float)  _FUNC_(smallint)  _FUNC_(string)  _FUNC_(struct<writeid:bigint,rowid:int,bucketid:bigint>)  _FUNC_(timestamp)  _FUNC_(tinyint)  _FUNC_(void)  
org.apache.hadoop.hive.ql.exec.NoMatchingMethodException: No matching method for class org.apache.hadoop.hive.ql.udf.UDFToInteger with (struct<writeid:bigint,bucketid:int,rowid:bigint>). Possible choices: _FUNC_(bigint)  _FUNC_(boolean)  _FUNC_(decimal(38,18))  _FUNC_(double)  _FUNC_(float)  _FUNC_(smallint)  _FUNC_(string)  _FUNC_(struct<writeid:bigint,rowid:int,bucketid:bigint>)  _FUNC_(timestamp)  _FUNC_(tinyint)  _FUNC_(void)  
	at org.apache.hadoop.hive.ql.exec.MethodUtils.getMethodInternal(MethodUtils.java:130)
	at org.apache.hadoop.hive.ql.exec.MethodUtils.getMethodInternal(MethodUtils.java:60)
	at org.apache.hadoop.hive.ql.exec.DefaultUDFMethodResolver.getEvalMethod(DefaultUDFMethodResolver.java:59)
	at org.apache.hadoop.hive.ql.udf.TimestampCastRestrictorResolver.getEvalMethod(TimestampCastRestrictorResolver.java:68)
	at org.apache.hadoop.hive.ql.udf.generic.GenericUDFBridge.initialize(GenericUDFBridge.java:168)
	at org.apache.hadoop.hive.ql.udf.generic.GenericUDF.initializeAndFoldConstants(GenericUDF.java:149)
	at org.apache.hadoop.hive.ql.plan.ExprNodeGenericFuncDesc.newInstance(ExprNodeGenericFuncDesc.java:235)
	at org.apache.hadoop.hive.ql.parse.type.ExprNodeDescExprFactory.createFuncCallExpr(ExprNodeDescExprFactory.java:584)
	at org.apache.hadoop.hive.ql.parse.type.ExprNodeDescExprFactory.createFuncCallExpr(ExprNodeDescExprFactory.java:97)
	at org.apache.hadoop.hive.ql.parse.type.TypeCheckProcFactory$DefaultExprProcessor.getFuncExprNodeDescWithUdfData(TypeCheckProcFactory.java:762)
	at org.apache.hadoop.hive.ql.parse.type.TypeCheckProcFactory$DefaultExprProcessor.createConversionCast(TypeCheckProcFactory.java:783)
	at org.apache.hadoop.hive.ql.parse.SemanticAnalyzer.getPartitionColsFromBucketColsForUpdateDelete(SemanticAnalyzer.java:8725)
	at org.apache.hadoop.hive.ql.parse.SemanticAnalyzer.genBucketingSortingDest(SemanticAnalyzer.java:6906)
	at org.apache.hadoop.hive.ql.parse.SemanticAnalyzer.genFileSinkPlan(SemanticAnalyzer.java:7335)
	at org.apache.hadoop.hive.ql.parse.SemanticAnalyzer.genPostGroupByBodyPlan(SemanticAnalyzer.java:11063)
	at org.apache.hadoop.hive.ql.parse.SemanticAnalyzer.genBodyPlan(SemanticAnalyzer.java:10938)
	at org.apache.hadoop.hive.ql.parse.SemanticAnalyzer.genPlan(SemanticAnalyzer.java:11853)
	at org.apache.hadoop.hive.ql.parse.SemanticAnalyzer.genPlan(SemanticAnalyzer.java:11723)
	at org.apache.hadoop.hive.ql.parse.CalcitePlanner.genOPTree(CalcitePlanner.java:626)
	at org.apache.hadoop.hive.ql.parse.SemanticAnalyzer.analyzeInternal(SemanticAnalyzer.java:12558)
	at org.apache.hadoop.hive.ql.parse.CalcitePlanner.analyzeInternal(CalcitePlanner.java:456)
	at org.apache.hadoop.hive.ql.parse.RewriteSemanticAnalyzer.analyzeInternal(RewriteSemanticAnalyzer.java:67)
	at org.apache.hadoop.hive.ql.parse.BaseSemanticAnalyzer.analyze(BaseSemanticAnalyzer.java:317)
	at org.apache.hadoop.hive.ql.parse.UpdateDeleteSemanticAnalyzer.reparseAndSuperAnalyze(UpdateDeleteSemanticAnalyzer.java:208)
	at org.apache.hadoop.hive.ql.parse.UpdateDeleteSemanticAnalyzer.analyzeDelete(UpdateDeleteSemanticAnalyzer.java:68)
	at org.apache.hadoop.hive.ql.parse.UpdateDeleteSemanticAnalyzer.analyze(UpdateDeleteSemanticAnalyzer.java:50)
	at org.apache.hadoop.hive.ql.parse.RewriteSemanticAnalyzer.analyzeInternal(RewriteSemanticAnalyzer.java:72)
	at org.apache.hadoop.hive.ql.parse.BaseSemanticAnalyzer.analyze(BaseSemanticAnalyzer.java:317)
	at org.apache.hadoop.hive.ql.Compiler.analyze(Compiler.java:223)
	at org.apache.hadoop.hive.ql.Compiler.compile(Compiler.java:105)
	at org.apache.hadoop.hive.ql.Driver.compile(Driver.java:500)
	at org.apache.hadoop.hive.ql.Driver.compileInternal(Driver.java:453)
	at org.apache.hadoop.hive.ql.Driver.runInternal(Driver.java:181)
	at org.apache.hadoop.hive.ql.Driver.run(Driver.java:153)
	at org.apache.hadoop.hive.ql.Driver.run(Driver.java:140)
	at org.apache.hadoop.hive.ql.TxnCommandsBaseForTests.runStatementOnDriver(TxnCommandsBaseForTests.java:245)
	at org.apache.hadoop.hive.ql.TestTxnCommands.testDeleteIn(TestTxnCommands.java:929)
	at sun.reflect.NativeMethodAccessorImpl.invoke0(Native Method)
	at sun.reflect.NativeMethodAccessorImpl.invoke(NativeMethodAccessorImpl.java:62)
	at sun.reflect.DelegatingMethodAccessorImpl.invoke(DelegatingMethodAccessorImpl.java:43)
	at java.lang.reflect.Method.invoke(Method.java:498)
	at org.junit.runners.model.FrameworkMethod$1.runReflectiveCall(FrameworkMethod.java:59)
	at org.junit.internal.runners.model.ReflectiveCallable.run(ReflectiveCallable.java:12)
	at org.junit.runners.model.FrameworkMethod.invokeExplosively(FrameworkMethod.java:56)
	at org.junit.internal.runners.statements.InvokeMethod.evaluate(InvokeMethod.java:17)
	at org.junit.internal.runners.statements.RunBefores.evaluate(RunBefores.java:26)
	at org.junit.internal.runners.statements.RunAfters.evaluate(RunAfters.java:27)
	at org.junit.rules.TestWatcher$1.evaluate(TestWatcher.java:61)
	at org.junit.runners.ParentRunner$3.evaluate(ParentRunner.java:306)
	at org.junit.runners.BlockJUnit4ClassRunner$1.evaluate(BlockJUnit4ClassRunner.java:100)
	at org.junit.runners.ParentRunner.runLeaf(ParentRunner.java:366)
	at org.junit.runners.BlockJUnit4ClassRunner.runChild(BlockJUnit4ClassRunner.java:103)
	at org.junit.runners.BlockJUnit4ClassRunner.runChild(BlockJUnit4ClassRunner.java:63)
	at org.junit.runners.ParentRunner$4.run(ParentRunner.java:331)
	at org.junit.runners.ParentRunner$1.schedule(ParentRunner.java:79)
	at org.junit.runners.ParentRunner.runChildren(ParentRunner.java:329)
	at org.junit.runners.ParentRunner.access$100(ParentRunner.java:66)
	at org.junit.runners.ParentRunner$2.evaluate(ParentRunner.java:293)
	at org.junit.runners.ParentRunner$3.evaluate(ParentRunner.java:306)
	at org.junit.runners.ParentRunner.run(ParentRunner.java:413)
	at org.junit.runner.JUnitCore.run(JUnitCore.java:137)
	at org.junit.runner.JUnitCore.run(JUnitCore.java:115)
	at org.junit.vintage.engine.execution.RunnerExecutor.execute(RunnerExecutor.java:43)
	at java.util.stream.ForEachOps$ForEachOp$OfRef.accept(ForEachOps.java:183)
	at java.util.stream.ReferencePipeline$3$1.accept(ReferencePipeline.java:193)
	at java.util.Iterator.forEachRemaining(Iterator.java:116)
	at java.util.Spliterators$IteratorSpliterator.forEachRemaining(Spliterators.java:1801)
	at java.util.stream.AbstractPipeline.copyInto(AbstractPipeline.java:482)
	at java.util.stream.AbstractPipeline.wrapAndCopyInto(AbstractPipeline.java:472)
	at java.util.stream.ForEachOps$ForEachOp.evaluateSequential(ForEachOps.java:150)
	at java.util.stream.ForEachOps$ForEachOp$OfRef.evaluateSequential(ForEachOps.java:173)
	at java.util.stream.AbstractPipeline.evaluate(AbstractPipeline.java:234)
	at java.util.stream.ReferencePipeline.forEach(ReferencePipeline.java:485)
	at org.junit.vintage.engine.VintageTestEngine.executeAllChildren(VintageTestEngine.java:82)
	at org.junit.vintage.engine.VintageTestEngine.execute(VintageTestEngine.java:73)
	at org.junit.platform.launcher.core.DefaultLauncher.execute(DefaultLauncher.java:248)
	at org.junit.platform.launcher.core.DefaultLauncher.lambda$execute$5(DefaultLauncher.java:211)
	at org.junit.platform.launcher.core.DefaultLauncher.withInterceptedStreams(DefaultLauncher.java:226)
	at org.junit.platform.launcher.core.DefaultLauncher.execute(DefaultLauncher.java:199)
	at org.junit.platform.launcher.core.DefaultLauncher.execute(DefaultLauncher.java:132)
	at org.apache.maven.surefire.junitplatform.JUnitPlatformProvider.invokeAllTests(JUnitPlatformProvider.java:154)
	at org.apache.maven.surefire.junitplatform.JUnitPlatformProvider.invoke(JUnitPlatformProvider.java:123)
	at org.apache.maven.surefire.booter.ForkedBooter.runSuitesInProcess(ForkedBooter.java:377)
	at org.apache.maven.surefire.booter.ForkedBooter.execute(ForkedBooter.java:138)
	at org.apache.maven.surefire.booter.ForkedBooter.run(ForkedBooter.java:465)
	at org.apache.maven.surefire.booter.ForkedBooter.main(ForkedBooter.java:451)

2024-04-24T05:16:26,288  INFO [main] metadata.Hive: Dumping metastore api call timing information for : compilation phase
2024-04-24T05:16:26,288  INFO [main] metadata.Hive: Total time spent in each metastore function (ms): {getValidTxns_(long)=0, getTableColumnStatistics_(String, String, List, String)=29, getTable_(GetTableRequest)=42, getAllTableConstraints_(AllTableConstraintsRequest)=36, openTxn_(String, TxnType)=2, commitTxn_(CommitTxnRequest)=13, isCompatibleWith_(Configuration)=0, getValidWriteIds_(List, String)=9, flushCache_()=0}
2024-04-24T05:16:26,288  INFO [main] ql.Driver: Completed compiling command(queryId=alex_20240424051625_6123a4f8-b707-49f1-ad58-231673fbed04); Time taken: 0.379 seconds
2024-04-24T05:16:26,288  INFO [main] lockmgr.DbTxnManager: Stopped heartbeat for query: null
2024-04-24T05:16:26,293  INFO [main] txn.TxnHandler: Removed transactions: ([13]) from MIN_HISTORY_LEVEL
2024-04-24T05:16:26,301  INFO [main] ql.TxnCommandsBaseForTests: Running the query: drop table if exists acidTbl
2024-04-24T05:16:26,301  INFO [main] ql.Driver: Compiling command(queryId=alex_20240424051626_33038a17-28e7-4b9d-b13c-82529300653b): drop table if exists acidTbl
2024-04-24T05:16:26,304  INFO [main] txn.TxnHandler: Added entries to MIN_HISTORY_LEVEL for current txns: ([14]) with min_open_txn: 1
2024-04-24T05:16:26,304  INFO [main] lockmgr.DbTxnManager: Opened txnid:14
2024-04-24T05:16:26,305  INFO [main] HiveMetaStore.audit: ugi=alex	ip=unknown-ip-addr	cmd=get_table : tbl=hive.default.acidTbl	
2024-04-24T05:16:26,311  INFO [main] metastore.HMSHandler: Skipping translation for processor with null
2024-04-24T05:16:26,311  INFO [main] ql.Driver: Semantic Analysis Completed (retrial = false)
2024-04-24T05:16:26,311  INFO [main] ql.Driver: Created Hive schema: Schema(fieldSchemas:null, properties:null)
2024-04-24T05:16:26,311  INFO [main] metadata.Hive: Dumping metastore api call timing information for : compilation phase
2024-04-24T05:16:26,311  INFO [main] metadata.Hive: Total time spent in each metastore function (ms): {openTxn_(String, TxnType)=2, rollbackTxn_(long)=13, flushCache_()=1, isCompatibleWith_(Configuration)=0, getTable_(GetTableRequest)=7, getValidTxns_(long)=0}
2024-04-24T05:16:26,311  INFO [main] ql.Driver: Completed compiling command(queryId=alex_20240424051626_33038a17-28e7-4b9d-b13c-82529300653b); Time taken: 0.01 seconds
2024-04-24T05:16:26,311  INFO [main] lockmgr.DbTxnManager: Setting lock request transaction to txnid:14 for queryId=alex_20240424051626_33038a17-28e7-4b9d-b13c-82529300653b
2024-04-24T05:16:26,312  INFO [main] lockmgr.DbLockManager: Requesting lock for queryId=alex_20240424051626_33038a17-28e7-4b9d-b13c-82529300653b
2024-04-24T05:16:26,334  INFO [main] lockmgr.DbLockManager: Response to queryId=alex_20240424051626_33038a17-28e7-4b9d-b13c-82529300653b LockResponse(lockid:7, state:ACQUIRED)
2024-04-24T05:16:26,334  INFO [main] ql.Driver: Operation DROPTABLE obtained 1 locks
2024-04-24T05:16:26,334  INFO [main] ql.Driver: Executing command(queryId=alex_20240424051626_33038a17-28e7-4b9d-b13c-82529300653b): drop table if exists acidTbl
2024-04-24T05:16:26,334  INFO [main] ql.Driver: Starting task [Stage-0:DDL] in serial mode
2024-04-24T05:16:26,335  INFO [main] HiveMetaStore.audit: ugi=alex	ip=unknown-ip-addr	cmd=get_table : tbl=hive.default.acidTbl	
2024-04-24T05:16:26,341  INFO [main] metastore.HMSHandler: Skipping translation for processor with null
2024-04-24T05:16:26,341  INFO [main] HiveMetaStore.audit: ugi=alex	ip=unknown-ip-addr	cmd=get_table : tbl=hive.default.acidTbl	
2024-04-24T05:16:26,347  INFO [main] metastore.HMSHandler: Skipping translation for processor with null
2024-04-24T05:16:26,347  INFO [main] HiveMetaStore.audit: ugi=alex	ip=unknown-ip-addr	cmd=drop_table : tbl=hive.default.acidTbl	
2024-04-24T05:16:26,471  INFO [main] metadata.Hive: Dumping metastore api call timing information for : execution phase
2024-04-24T05:16:26,471  INFO [main] metadata.Hive: Total time spent in each metastore function (ms): {isCompatibleWith_(Configuration)=1, dropTable_(String, String, boolean, boolean, boolean)=130, getTable_(GetTableRequest)=6}
2024-04-24T05:16:26,471  INFO [main] ql.Driver: Completed executing command(queryId=alex_20240424051626_33038a17-28e7-4b9d-b13c-82529300653b); Time taken: 0.137 seconds
2024-04-24T05:16:26,471  INFO [main] lockmgr.DbTxnManager: Stopped heartbeat for query: alex_20240424051626_33038a17-28e7-4b9d-b13c-82529300653b
2024-04-24T05:16:26,476  INFO [main] txn.TxnHandler: Expected to move at least one record from txn_components to completed_txn_components when committing txn! txnid:14
2024-04-24T05:16:26,484  INFO [main] txn.TxnHandler: Removed transactions: ([14]) from MIN_HISTORY_LEVEL
2024-04-24T05:16:26,484  WARN [main] txn.CompactionTxnHandler: No compaction queue record found for Compaction type transaction commit. txnId:14
2024-04-24T05:16:26,485  INFO [main] ql.TxnCommandsBaseForTests: Running the query: drop table if exists acidTblPart
2024-04-24T05:16:26,485  INFO [main] ql.Driver: Compiling command(queryId=alex_20240424051626_579318cb-a6b7-4ec5-b498-db8d59812454): drop table if exists acidTblPart
2024-04-24T05:16:26,487  INFO [main] txn.TxnHandler: Added entries to MIN_HISTORY_LEVEL for current txns: ([15]) with min_open_txn: 6
2024-04-24T05:16:26,488  INFO [main] lockmgr.DbTxnManager: Opened txnid:15
2024-04-24T05:16:26,488  INFO [main] HiveMetaStore.audit: ugi=alex	ip=unknown-ip-addr	cmd=get_table : tbl=hive.default.acidTblPart	
2024-04-24T05:16:26,495  INFO [main] metastore.HMSHandler: Skipping translation for processor with null
2024-04-24T05:16:26,495  INFO [main] ql.Driver: Semantic Analysis Completed (retrial = false)
2024-04-24T05:16:26,495  INFO [main] ql.Driver: Created Hive schema: Schema(fieldSchemas:null, properties:null)
2024-04-24T05:16:26,495  INFO [main] metadata.Hive: Dumping metastore api call timing information for : compilation phase
2024-04-24T05:16:26,495  INFO [main] metadata.Hive: Total time spent in each metastore function (ms): {openTxn_(String, TxnType)=3, flushCache_()=0, isCompatibleWith_(Configuration)=0, commitTxn_(CommitTxnRequest)=14, getValidTxns_(long)=0, getTable_(GetTableRequest)=7}
2024-04-24T05:16:26,495  INFO [main] ql.Driver: Completed compiling command(queryId=alex_20240424051626_579318cb-a6b7-4ec5-b498-db8d59812454); Time taken: 0.01 seconds
2024-04-24T05:16:26,495  INFO [main] lockmgr.DbTxnManager: Setting lock request transaction to txnid:15 for queryId=alex_20240424051626_579318cb-a6b7-4ec5-b498-db8d59812454
2024-04-24T05:16:26,495  INFO [main] lockmgr.DbLockManager: Requesting lock for queryId=alex_20240424051626_579318cb-a6b7-4ec5-b498-db8d59812454
2024-04-24T05:16:26,512  INFO [main] lockmgr.DbLockManager: Response to queryId=alex_20240424051626_579318cb-a6b7-4ec5-b498-db8d59812454 LockResponse(lockid:8, state:ACQUIRED)
2024-04-24T05:16:26,512  INFO [main] ql.Driver: Operation DROPTABLE obtained 1 locks
2024-04-24T05:16:26,512  INFO [main] ql.Driver: Executing command(queryId=alex_20240424051626_579318cb-a6b7-4ec5-b498-db8d59812454): drop table if exists acidTblPart
2024-04-24T05:16:26,512  INFO [main] ql.Driver: Starting task [Stage-0:DDL] in serial mode
2024-04-24T05:16:26,513  INFO [main] HiveMetaStore.audit: ugi=alex	ip=unknown-ip-addr	cmd=get_table : tbl=hive.default.acidTblPart	
2024-04-24T05:16:26,519  INFO [main] metastore.HMSHandler: Skipping translation for processor with null
2024-04-24T05:16:26,519  INFO [main] HiveMetaStore.audit: ugi=alex	ip=unknown-ip-addr	cmd=get_table : tbl=hive.default.acidTblPart	
2024-04-24T05:16:26,525  INFO [main] metastore.HMSHandler: Skipping translation for processor with null
2024-04-24T05:16:26,526  INFO [main] HiveMetaStore.audit: ugi=alex	ip=unknown-ip-addr	cmd=drop_table : tbl=hive.default.acidTblPart	
2024-04-24T05:16:26,571  INFO [main] metadata.Hive: Dumping metastore api call timing information for : execution phase
2024-04-24T05:16:26,571  INFO [main] metadata.Hive: Total time spent in each metastore function (ms): {getTable_(GetTableRequest)=6, isCompatibleWith_(Configuration)=1, dropTable_(String, String, boolean, boolean, boolean)=52}
2024-04-24T05:16:26,572  INFO [main] ql.Driver: Completed executing command(queryId=alex_20240424051626_579318cb-a6b7-4ec5-b498-db8d59812454); Time taken: 0.059 seconds
2024-04-24T05:16:26,572  INFO [main] lockmgr.DbTxnManager: Stopped heartbeat for query: alex_20240424051626_579318cb-a6b7-4ec5-b498-db8d59812454
2024-04-24T05:16:26,577  INFO [main] txn.TxnHandler: Expected to move at least one record from txn_components to completed_txn_components when committing txn! txnid:15
2024-04-24T05:16:26,586  INFO [main] txn.TxnHandler: Removed transactions: ([15]) from MIN_HISTORY_LEVEL
2024-04-24T05:16:26,586  WARN [main] txn.CompactionTxnHandler: No compaction queue record found for Compaction type transaction commit. txnId:15
2024-04-24T05:16:26,587  INFO [main] ql.TxnCommandsBaseForTests: Running the query: drop table if exists acidTbl2
2024-04-24T05:16:26,587  INFO [main] ql.Driver: Compiling command(queryId=alex_20240424051626_49f9fd23-1942-4a2e-8a52-946c24bb4e6d): drop table if exists acidTbl2
2024-04-24T05:16:26,590  INFO [main] txn.TxnHandler: Added entries to MIN_HISTORY_LEVEL for current txns: ([16]) with min_open_txn: 8
2024-04-24T05:16:26,591  INFO [main] lockmgr.DbTxnManager: Opened txnid:16
2024-04-24T05:16:26,592  INFO [main] ql.Driver: Semantic Analysis Completed (retrial = false)
2024-04-24T05:16:26,592  INFO [main] ql.Driver: Created Hive schema: Schema(fieldSchemas:null, properties:null)
2024-04-24T05:16:26,592  INFO [main] metadata.Hive: Dumping metastore api call timing information for : compilation phase
2024-04-24T05:16:26,592  INFO [main] metadata.Hive: Total time spent in each metastore function (ms): {commitTxn_(CommitTxnRequest)=15, flushCache_()=0, getTable_(GetTableRequest)=1, getValidTxns_(long)=0, isCompatibleWith_(Configuration)=0, openTxn_(String, TxnType)=4}
2024-04-24T05:16:26,592  INFO [main] ql.Driver: Completed compiling command(queryId=alex_20240424051626_49f9fd23-1942-4a2e-8a52-946c24bb4e6d); Time taken: 0.005 seconds
2024-04-24T05:16:26,592  INFO [main] lockmgr.DbTxnManager: Setting lock request transaction to txnid:16 for queryId=alex_20240424051626_49f9fd23-1942-4a2e-8a52-946c24bb4e6d
2024-04-24T05:16:26,592  INFO [main] ql.Driver: Operation DROPTABLE obtained 0 locks
2024-04-24T05:16:26,592  INFO [main] ql.Driver: Executing command(queryId=alex_20240424051626_49f9fd23-1942-4a2e-8a52-946c24bb4e6d): drop table if exists acidTbl2
2024-04-24T05:16:26,592  INFO [main] ql.Driver: Starting task [Stage-0:DDL] in serial mode
2024-04-24T05:16:26,593  INFO [main] metadata.SessionHiveMetaStoreClient: Column stats doesn't exist for db=default temp table=acidTbl2
2024-04-24T05:16:26,593  INFO [main] metadata.Hive: Dumping metastore api call timing information for : execution phase
2024-04-24T05:16:26,593  INFO [main] metadata.Hive: Total time spent in each metastore function (ms): {getTable_(GetTableRequest)=1, dropTable_(String, String, boolean, boolean, boolean)=0, isCompatibleWith_(Configuration)=0}
2024-04-24T05:16:26,593  INFO [main] ql.Driver: Completed executing command(queryId=alex_20240424051626_49f9fd23-1942-4a2e-8a52-946c24bb4e6d); Time taken: 0.001 seconds
2024-04-24T05:16:26,593  INFO [main] lockmgr.DbTxnManager: Stopped heartbeat for query: alex_20240424051626_49f9fd23-1942-4a2e-8a52-946c24bb4e6d
2024-04-24T05:16:26,601  INFO [main] txn.TxnHandler: Expected to move at least one record from txn_components to completed_txn_components when committing txn! txnid:16
2024-04-24T05:16:26,609  INFO [main] txn.TxnHandler: Removed transactions: ([16]) from MIN_HISTORY_LEVEL
2024-04-24T05:16:26,609  WARN [main] txn.CompactionTxnHandler: No compaction queue record found for Compaction type transaction commit. txnId:16
2024-04-24T05:16:26,609  INFO [main] ql.TxnCommandsBaseForTests: Running the query: drop table if exists nonAcidOrcTbl
2024-04-24T05:16:26,609  INFO [main] ql.Driver: Compiling command(queryId=alex_20240424051626_ba1f808d-9010-48f4-81a8-e6d98357bf81): drop table if exists nonAcidOrcTbl
2024-04-24T05:16:26,612  INFO [main] txn.TxnHandler: Added entries to MIN_HISTORY_LEVEL for current txns: ([17]) with min_open_txn: 8
2024-04-24T05:16:26,612  INFO [main] lockmgr.DbTxnManager: Opened txnid:17
2024-04-24T05:16:26,612  INFO [main] HiveMetaStore.audit: ugi=alex	ip=unknown-ip-addr	cmd=get_table : tbl=hive.default.nonAcidOrcTbl	
2024-04-24T05:16:26,638  INFO [main] metastore.HMSHandler: Skipping translation for processor with null
2024-04-24T05:16:26,638  INFO [main] ql.Driver: Semantic Analysis Completed (retrial = false)
2024-04-24T05:16:26,638  INFO [main] ql.Driver: Created Hive schema: Schema(fieldSchemas:null, properties:null)
2024-04-24T05:16:26,638  INFO [main] metadata.Hive: Dumping metastore api call timing information for : compilation phase
2024-04-24T05:16:26,638  INFO [main] metadata.Hive: Total time spent in each metastore function (ms): {getValidTxns_(long)=0, isCompatibleWith_(Configuration)=0, commitTxn_(CommitTxnRequest)=16, openTxn_(String, TxnType)=2, getTable_(GetTableRequest)=26, flushCache_()=0}
2024-04-24T05:16:26,638  INFO [main] ql.Driver: Completed compiling command(queryId=alex_20240424051626_ba1f808d-9010-48f4-81a8-e6d98357bf81); Time taken: 0.029 seconds
2024-04-24T05:16:26,638  INFO [main] lockmgr.DbTxnManager: Setting lock request transaction to txnid:17 for queryId=alex_20240424051626_ba1f808d-9010-48f4-81a8-e6d98357bf81
2024-04-24T05:16:26,639  INFO [main] lockmgr.DbLockManager: Requesting lock for queryId=alex_20240424051626_ba1f808d-9010-48f4-81a8-e6d98357bf81
2024-04-24T05:16:26,659  INFO [main] lockmgr.DbLockManager: Response to queryId=alex_20240424051626_ba1f808d-9010-48f4-81a8-e6d98357bf81 LockResponse(lockid:9, state:ACQUIRED)
2024-04-24T05:16:26,659  INFO [main] ql.Driver: Operation DROPTABLE obtained 1 locks
2024-04-24T05:16:26,659  INFO [main] ql.Driver: Executing command(queryId=alex_20240424051626_ba1f808d-9010-48f4-81a8-e6d98357bf81): drop table if exists nonAcidOrcTbl
2024-04-24T05:16:26,659  INFO [main] ql.Driver: Starting task [Stage-0:DDL] in serial mode
2024-04-24T05:16:26,660  INFO [main] HiveMetaStore.audit: ugi=alex	ip=unknown-ip-addr	cmd=get_table : tbl=hive.default.nonAcidOrcTbl	
2024-04-24T05:16:26,668  INFO [main] metastore.HMSHandler: Skipping translation for processor with null
2024-04-24T05:16:26,668  INFO [main] HiveMetaStore.audit: ugi=alex	ip=unknown-ip-addr	cmd=get_table : tbl=hive.default.nonAcidOrcTbl	
2024-04-24T05:16:26,675  INFO [main] metastore.HMSHandler: Skipping translation for processor with null
2024-04-24T05:16:26,676  INFO [main] HiveMetaStore.audit: ugi=alex	ip=unknown-ip-addr	cmd=drop_table : tbl=hive.default.nonAcidOrcTbl	
2024-04-24T05:16:26,777  INFO [main] metadata.Hive: Dumping metastore api call timing information for : execution phase
2024-04-24T05:16:26,777  INFO [main] metadata.Hive: Total time spent in each metastore function (ms): {isCompatibleWith_(Configuration)=0, dropTable_(String, String, boolean, boolean, boolean)=109, getTable_(GetTableRequest)=8}
2024-04-24T05:16:26,777  INFO [main] ql.Driver: Completed executing command(queryId=alex_20240424051626_ba1f808d-9010-48f4-81a8-e6d98357bf81); Time taken: 0.118 seconds
2024-04-24T05:16:26,777  INFO [main] lockmgr.DbTxnManager: Stopped heartbeat for query: alex_20240424051626_ba1f808d-9010-48f4-81a8-e6d98357bf81
2024-04-24T05:16:26,782  INFO [main] txn.TxnHandler: Expected to move at least one record from txn_components to completed_txn_components when committing txn! txnid:17
2024-04-24T05:16:26,790  INFO [main] txn.TxnHandler: Removed transactions: ([17]) from MIN_HISTORY_LEVEL
2024-04-24T05:16:26,790  WARN [main] txn.CompactionTxnHandler: No compaction queue record found for Compaction type transaction commit. txnId:17
2024-04-24T05:16:26,790  INFO [main] ql.TxnCommandsBaseForTests: Running the query: drop table if exists nonAcidOrcTbl2
2024-04-24T05:16:26,791  INFO [main] ql.Driver: Compiling command(queryId=alex_20240424051626_8bfa7928-0b45-4a58-9c11-182c2706390e): drop table if exists nonAcidOrcTbl2
2024-04-24T05:16:26,793  INFO [main] txn.TxnHandler: Added entries to MIN_HISTORY_LEVEL for current txns: ([18]) with min_open_txn: 11
2024-04-24T05:16:26,793  INFO [main] lockmgr.DbTxnManager: Opened txnid:18
2024-04-24T05:16:26,794  INFO [main] HiveMetaStore.audit: ugi=alex	ip=unknown-ip-addr	cmd=get_table : tbl=hive.default.nonAcidOrcTbl2	
2024-04-24T05:16:26,801  INFO [main] metastore.HMSHandler: Skipping translation for processor with null
2024-04-24T05:16:26,801  INFO [main] ql.Driver: Semantic Analysis Completed (retrial = false)
2024-04-24T05:16:26,802  INFO [main] ql.Driver: Created Hive schema: Schema(fieldSchemas:null, properties:null)
2024-04-24T05:16:26,802  INFO [main] metadata.Hive: Dumping metastore api call timing information for : compilation phase
2024-04-24T05:16:26,802  INFO [main] metadata.Hive: Total time spent in each metastore function (ms): {getTable_(GetTableRequest)=7, openTxn_(String, TxnType)=2, isCompatibleWith_(Configuration)=1, getValidTxns_(long)=0, commitTxn_(CommitTxnRequest)=12, flushCache_()=0}
2024-04-24T05:16:26,802  INFO [main] ql.Driver: Completed compiling command(queryId=alex_20240424051626_8bfa7928-0b45-4a58-9c11-182c2706390e); Time taken: 0.011 seconds
2024-04-24T05:16:26,802  INFO [main] lockmgr.DbTxnManager: Setting lock request transaction to txnid:18 for queryId=alex_20240424051626_8bfa7928-0b45-4a58-9c11-182c2706390e
2024-04-24T05:16:26,802  INFO [main] lockmgr.DbLockManager: Requesting lock for queryId=alex_20240424051626_8bfa7928-0b45-4a58-9c11-182c2706390e
2024-04-24T05:16:26,819  INFO [main] lockmgr.DbLockManager: Response to queryId=alex_20240424051626_8bfa7928-0b45-4a58-9c11-182c2706390e LockResponse(lockid:10, state:ACQUIRED)
2024-04-24T05:16:26,819  INFO [main] ql.Driver: Operation DROPTABLE obtained 1 locks
2024-04-24T05:16:26,819  INFO [main] ql.Driver: Executing command(queryId=alex_20240424051626_8bfa7928-0b45-4a58-9c11-182c2706390e): drop table if exists nonAcidOrcTbl2
2024-04-24T05:16:26,819  INFO [main] ql.Driver: Starting task [Stage-0:DDL] in serial mode
2024-04-24T05:16:26,819  INFO [main] HiveMetaStore.audit: ugi=alex	ip=unknown-ip-addr	cmd=get_table : tbl=hive.default.nonAcidOrcTbl2	
2024-04-24T05:16:26,827  INFO [main] metastore.HMSHandler: Skipping translation for processor with null
2024-04-24T05:16:26,827  INFO [main] HiveMetaStore.audit: ugi=alex	ip=unknown-ip-addr	cmd=get_table : tbl=hive.default.nonAcidOrcTbl2	
2024-04-24T05:16:26,836  INFO [main] metastore.HMSHandler: Skipping translation for processor with null
2024-04-24T05:16:26,836  INFO [main] HiveMetaStore.audit: ugi=alex	ip=unknown-ip-addr	cmd=drop_table : tbl=hive.default.nonAcidOrcTbl2	
2024-04-24T05:16:26,867  INFO [main] metadata.Hive: Dumping metastore api call timing information for : execution phase
2024-04-24T05:16:26,867  INFO [main] metadata.Hive: Total time spent in each metastore function (ms): {getTable_(GetTableRequest)=8, isCompatibleWith_(Configuration)=0, dropTable_(String, String, boolean, boolean, boolean)=40}
2024-04-24T05:16:26,867  INFO [main] ql.Driver: Completed executing command(queryId=alex_20240424051626_8bfa7928-0b45-4a58-9c11-182c2706390e); Time taken: 0.048 seconds
2024-04-24T05:16:26,867  INFO [main] lockmgr.DbTxnManager: Stopped heartbeat for query: alex_20240424051626_8bfa7928-0b45-4a58-9c11-182c2706390e
2024-04-24T05:16:26,873  INFO [main] txn.TxnHandler: Expected to move at least one record from txn_components to completed_txn_components when committing txn! txnid:18
2024-04-24T05:16:26,880  INFO [main] txn.TxnHandler: Removed transactions: ([18]) from MIN_HISTORY_LEVEL
2024-04-24T05:16:26,880  WARN [main] txn.CompactionTxnHandler: No compaction queue record found for Compaction type transaction commit. txnId:18
2024-04-24T05:16:26,881  INFO [main] ql.TxnCommandsBaseForTests: Running the query: drop table if exists nonAcidNonBucket
2024-04-24T05:16:26,881  INFO [main] ql.Driver: Compiling command(queryId=alex_20240424051626_e56083af-516f-4d35-8da5-3dc870ef8d23): drop table if exists nonAcidNonBucket
2024-04-24T05:16:26,883  INFO [main] txn.TxnHandler: Added entries to MIN_HISTORY_LEVEL for current txns: ([19]) with min_open_txn: 13
2024-04-24T05:16:26,883  INFO [main] lockmgr.DbTxnManager: Opened txnid:19
2024-04-24T05:16:26,884  INFO [main] HiveMetaStore.audit: ugi=alex	ip=unknown-ip-addr	cmd=get_table : tbl=hive.default.nonAcidNonBucket	
2024-04-24T05:16:26,892  INFO [main] metastore.HMSHandler: Skipping translation for processor with null
2024-04-24T05:16:26,892  INFO [main] ql.Driver: Semantic Analysis Completed (retrial = false)
2024-04-24T05:16:26,892  INFO [main] ql.Driver: Created Hive schema: Schema(fieldSchemas:null, properties:null)
2024-04-24T05:16:26,892  INFO [main] metadata.Hive: Dumping metastore api call timing information for : compilation phase
2024-04-24T05:16:26,892  INFO [main] metadata.Hive: Total time spent in each metastore function (ms): {openTxn_(String, TxnType)=2, isCompatibleWith_(Configuration)=0, commitTxn_(CommitTxnRequest)=14, getTable_(GetTableRequest)=8, getValidTxns_(long)=0, flushCache_()=0}
2024-04-24T05:16:26,892  INFO [main] ql.Driver: Completed compiling command(queryId=alex_20240424051626_e56083af-516f-4d35-8da5-3dc870ef8d23); Time taken: 0.011 seconds
2024-04-24T05:16:26,892  INFO [main] lockmgr.DbTxnManager: Setting lock request transaction to txnid:19 for queryId=alex_20240424051626_e56083af-516f-4d35-8da5-3dc870ef8d23
2024-04-24T05:16:26,893  INFO [main] lockmgr.DbLockManager: Requesting lock for queryId=alex_20240424051626_e56083af-516f-4d35-8da5-3dc870ef8d23
2024-04-24T05:16:26,909  INFO [main] lockmgr.DbLockManager: Response to queryId=alex_20240424051626_e56083af-516f-4d35-8da5-3dc870ef8d23 LockResponse(lockid:11, state:ACQUIRED)
2024-04-24T05:16:26,909  INFO [main] ql.Driver: Operation DROPTABLE obtained 1 locks
2024-04-24T05:16:26,909  INFO [main] ql.Driver: Executing command(queryId=alex_20240424051626_e56083af-516f-4d35-8da5-3dc870ef8d23): drop table if exists nonAcidNonBucket
2024-04-24T05:16:26,909  INFO [main] ql.Driver: Starting task [Stage-0:DDL] in serial mode
2024-04-24T05:16:26,909  INFO [main] HiveMetaStore.audit: ugi=alex	ip=unknown-ip-addr	cmd=get_table : tbl=hive.default.nonAcidNonBucket	
2024-04-24T05:16:26,917  INFO [main] metastore.HMSHandler: Skipping translation for processor with null
2024-04-24T05:16:26,917  INFO [main] HiveMetaStore.audit: ugi=alex	ip=unknown-ip-addr	cmd=get_table : tbl=hive.default.nonAcidNonBucket	
2024-04-24T05:16:26,925  INFO [main] metastore.HMSHandler: Skipping translation for processor with null
2024-04-24T05:16:26,925  INFO [main] HiveMetaStore.audit: ugi=alex	ip=unknown-ip-addr	cmd=drop_table : tbl=hive.default.nonAcidNonBucket	
2024-04-24T05:16:26,953  INFO [main] metadata.Hive: Dumping metastore api call timing information for : execution phase
2024-04-24T05:16:26,953  INFO [main] metadata.Hive: Total time spent in each metastore function (ms): {getTable_(GetTableRequest)=8, dropTable_(String, String, boolean, boolean, boolean)=36, isCompatibleWith_(Configuration)=0}
2024-04-24T05:16:26,954  INFO [main] ql.Driver: Completed executing command(queryId=alex_20240424051626_e56083af-516f-4d35-8da5-3dc870ef8d23); Time taken: 0.044 seconds
2024-04-24T05:16:26,954  INFO [main] lockmgr.DbTxnManager: Stopped heartbeat for query: alex_20240424051626_e56083af-516f-4d35-8da5-3dc870ef8d23
2024-04-24T05:16:26,958  INFO [main] txn.TxnHandler: Expected to move at least one record from txn_components to completed_txn_components when committing txn! txnid:19
2024-04-24T05:16:26,966  INFO [main] txn.TxnHandler: Removed transactions: ([19]) from MIN_HISTORY_LEVEL
2024-04-24T05:16:26,966  WARN [main] txn.CompactionTxnHandler: No compaction queue record found for Compaction type transaction commit. txnId:19
2024-04-24T05:16:26,967  INFO [main] utils.TestTxnDbUtil: Cleaning transactional tables
]]></system-err>
  </testcase>
  <testcase name="testMmExim" classname="org.apache.hadoop.hive.ql.TestTxnCommandsWithSplitUpdateAndVectorization" time="10.423"/>
  <testcase name="testExplicitRollback" classname="org.apache.hadoop.hive.ql.TestTxnCommandsWithSplitUpdateAndVectorization" time="4.305"/>
  <testcase name="testNonAcidInsert" classname="org.apache.hadoop.hive.ql.TestTxnCommandsWithSplitUpdateAndVectorization" time="0">
    <skipped message="not needed but useful for testing"/>
  </testcase>
</testsuite>