<?xml version="1.0" encoding="UTF-8"?>
<testsuite xmlns:xsi="http://www.w3.org/2001/XMLSchema-instance" xsi:noNamespaceSchemaLocation="https://maven.apache.org/surefire/maven-surefire-plugin/xsd/surefire-test-report-3.0.xsd" version="3.0" name="org.apache.hadoop.hive.ql.TestTxnExIm" time="144.087" tests="22" errors="4" skipped="3" failures="0">
  <properties>
    <property name="build.test.dir" value="/home/alex/Repositories/hive/ql/target/tmp"/>
    <property name="awt.toolkit" value="sun.awt.X11.XToolkit"/>
    <property name="test.tmp.dir.uri" value="file:///home/alex/Repositories/hive/ql/target/tmp"/>
    <property name="java.specification.version" value="1.8"/>
    <property name="qfile" value=""/>
    <property name="sun.cpu.isalist" value=""/>
    <property name="test.warehouse.dir" value="pfile:///home/alex/Repositories/hive/ql/target/warehouse"/>
    <property name="sun.jnu.encoding" value="UTF-8"/>
    <property name="run_disabled" value=""/>
    <property name="nondexPrintstack" value="false"/>
    <property name="sun.arch.data.model" value="64"/>
    <property name="java.vendor.url" value="http://java.oracle.com/"/>
    <property name="user.country.format" value="PT"/>
    <property name="test.tmp.dir" value="/home/alex/Repositories/hive/ql/target/tmp"/>
    <property name="sun.boot.library.path" value="/usr/lib/jvm/java-8-openjdk-amd64/jre/lib/amd64"/>
    <property name="sun.java.command" value="/home/alex/Repositories/hive/ql/target/surefire/surefirebooter2320995621736857432.jar /home/alex/Repositories/hive/ql/target/surefire 2024-04-23T21-59-46_173-jvmRun1 surefire1804032986677618234tmp surefire_27598348185952888053177tmp"/>
    <property name="nondexExecid" value="Snhwr3I2MCYp2xI1BMYXdetIVL2H5UQXpCxOgAk9NN4="/>
    <property name="java.specification.vendor" value="Oracle Corporation"/>
    <property name="java.home" value="/usr/lib/jvm/java-8-openjdk-amd64/jre"/>
    <property name="file.separator" value="/"/>
    <property name="basedir" value="/home/alex/Repositories/hive/ql"/>
    <property name="nondexEnd" value="9223372036854775807"/>
    <property name="line.separator" value="&#10;"/>
    <property name="derby.stream.error.file" value="/home/alex/Repositories/hive/ql/target/tmp/derby.log"/>
    <property name="java.vm.specification.vendor" value="Oracle Corporation"/>
    <property name="java.specification.name" value="Java Platform API Specification"/>
    <property name="sun.boot.class.path" value="/home/alex/Repositories/hive/ql/.nondex/nondex-instr.jar:/home/alex/.m2/repository/edu/illinois/nondex-common/2.1.7/nondex-common-2.1.7.jar:/home/alex/.m2/repository/edu/illinois/nondex-annotations/2.1.7/nondex-annotations-2.1.7.jar:/usr/lib/jvm/java-8-openjdk-amd64/jre/lib/resources.jar:/usr/lib/jvm/java-8-openjdk-amd64/jre/lib/rt.jar:/usr/lib/jvm/java-8-openjdk-amd64/jre/lib/sunrsasign.jar:/usr/lib/jvm/java-8-openjdk-amd64/jre/lib/jsse.jar:/usr/lib/jvm/java-8-openjdk-amd64/jre/lib/jce.jar:/usr/lib/jvm/java-8-openjdk-amd64/jre/lib/charsets.jar:/usr/lib/jvm/java-8-openjdk-amd64/jre/lib/jfr.jar:/usr/lib/jvm/java-8-openjdk-amd64/jre/classes"/>
    <property name="log4j.debug" value="true"/>
    <property name="sun.management.compiler" value="HotSpot 64-Bit Tiered Compilers"/>
    <property name="spark.home" value=""/>
    <property name="java.runtime.version" value="1.8.0_402-8u402-ga-2ubuntu1~22.04-b06"/>
    <property name="user.name" value="alex"/>
    <property name="test.src.tables" value=""/>
    <property name="file.encoding" value="UTF-8"/>
    <property name="qfile_regex" value=""/>
    <property name="hadoop.bin.path" value="/home/alex/Repositories/hive/ql/../testutils/hadoop"/>
    <property name="localRepository" value="/home/alex/.m2/repository"/>
    <property name="build.dir" value="/home/alex/Repositories/hive/ql/target"/>
    <property name="nondexDir" value="/home/alex/Repositories/hive/ql/.nondex"/>
    <property name="nondexJarDir" value="/home/alex/Repositories/hive/ql/.nondex"/>
    <property name="mapred.job.tracker" value="local"/>
    <property name="java.io.tmpdir" value="/home/alex/Repositories/hive/ql/target/tmp"/>
    <property name="com.zaxxer.hikari.pool_number" value="3"/>
    <property name="java.version" value="1.8.0_402"/>
    <property name="hive.version" value="4.0.0-SNAPSHOT"/>
    <property name="java.vm.specification.name" value="Java Virtual Machine Specification"/>
    <property name="java.awt.printerjob" value="sun.print.PSPrinterJob"/>
    <property name="sun.os.patch.level" value="unknown"/>
    <property name="test.data.dir" value="/home/alex/Repositories/hive/ql/../data/files"/>
    <property name="java.library.path" value="/usr/java/packages/lib/amd64:/usr/lib/x86_64-linux-gnu/jni:/lib/x86_64-linux-gnu:/usr/lib/x86_64-linux-gnu:/usr/lib/jni:/lib:/usr/lib"/>
    <property name="java.vendor" value="Private Build"/>
    <property name="java.specification.maintenance.version" value="5"/>
    <property name="sun.io.unicode.encoding" value="UnicodeLittle"/>
    <property name="initScript" value=""/>
    <property name="sun.desktop" value="gnome"/>
    <property name="calcite.enable.rexnode.digest.normalize" value="false"/>
    <property name="nondexStart" value="0"/>
    <property name="file.encoding.pkg" value="sun.io"/>
    <property name="log4j.configurationFile" value="file:///home/alex/Repositories/hive/ql/target/testconf/hive-log4j2.properties"/>
    <property name="java.class.path" value="/home/alex/Repositories/hive/ql/target/test-classes:/home/alex/Repositories/hive/ql/target/classes:/home/alex/.m2/repository/org/apache/atlas/atlas-client-v2/2.1.0/atlas-client-v2-2.1.0.jar:/home/alex/.m2/repository/cglib/cglib/2.2.2/cglib-2.2.2.jar:/home/alex/.m2/repository/asm/asm/3.3.1/asm-3.3.1.jar:/home/alex/.m2/repository/org/apache/atlas/atlas-client-common/2.1.0/atlas-client-common-2.1.0.jar:/home/alex/.m2/repository/org/apache/httpcomponents/httpclient/4.5.13/httpclient-4.5.13.jar:/home/alex/.m2/repository/com/sun/jersey/jersey-client/1.19/jersey-client-1.19.jar:/home/alex/.m2/repository/org/apache/atlas/atlas-intg/2.1.0/atlas-intg-2.1.0.jar:/home/alex/.m2/repository/commons-collections/commons-collections/3.2.2/commons-collections-3.2.2.jar:/home/alex/.m2/repository/commons-validator/commons-validator/1.6/commons-validator-1.6.jar:/home/alex/.m2/repository/commons-digester/commons-digester/1.8.1/commons-digester-1.8.1.jar:/home/alex/.m2/repository/com/fasterxml/jackson/jaxrs/jackson-jaxrs-base/2.12.0/jackson-jaxrs-base-2.12.0.jar:/home/alex/.m2/repository/com/fasterxml/jackson/jaxrs/jackson-jaxrs-json-provider/2.12.0/jackson-jaxrs-json-provider-2.12.0.jar:/home/alex/.m2/repository/javax/inject/javax.inject/1/javax.inject-1.jar:/home/alex/.m2/repository/org/springframework/spring-context/4.3.20.RELEASE/spring-context-4.3.20.RELEASE.jar:/home/alex/.m2/repository/org/springframework/spring-aop/4.3.20.RELEASE/spring-aop-4.3.20.RELEASE.jar:/home/alex/.m2/repository/org/springframework/spring-beans/4.3.20.RELEASE/spring-beans-4.3.20.RELEASE.jar:/home/alex/.m2/repository/org/springframework/spring-core/4.3.20.RELEASE/spring-core-4.3.20.RELEASE.jar:/home/alex/.m2/repository/org/springframework/spring-expression/4.3.20.RELEASE/spring-expression-4.3.20.RELEASE.jar:/home/alex/.m2/repository/commons-configuration/commons-configuration/1.10/commons-configuration-1.10.jar:/home/alex/.m2/repository/commons-lang/commons-lang/2.6/commons-lang-2.6.jar:/home/alex/.m2/repository/commons-logging/commons-logging/1.1.1/commons-logging-1.1.1.jar:/home/alex/.m2/repository/org/apache/commons/commons-math3/3.6.1/commons-math3-3.6.1.jar:/home/alex/Repositories/hive/vector-code-gen/target/classes:/home/alex/.m2/repository/org/apache/velocity/velocity/1.5/velocity-1.5.jar:/home/alex/Repositories/hive/common/target/classes:/home/alex/Repositories/hive/classification/target/classes:/home/alex/Repositories/hive/standalone-metastore/metastore-common/target/classes:/home/alex/.m2/repository/commons-cli/commons-cli/1.4/commons-cli-1.4.jar:/home/alex/.m2/repository/org/apache/orc/orc-core/1.6.9/orc-core-1.6.9.jar:/home/alex/.m2/repository/org/apache/orc/orc-shims/1.6.9/orc-shims-1.6.9.jar:/home/alex/.m2/repository/io/airlift/aircompressor/0.19/aircompressor-0.19.jar:/home/alex/.m2/repository/org/jetbrains/annotations/17.0.0/annotations-17.0.0.jar:/home/alex/.m2/repository/org/threeten/threeten-extra/1.5.0/threeten-extra-1.5.0.jar:/home/alex/.m2/repository/jline/jline/2.14.6/jline-2.14.6.jar:/home/alex/.m2/repository/javax/servlet/javax.servlet-api/3.1.0/javax.servlet-api-3.1.0.jar:/home/alex/.m2/repository/org/eclipse/jetty/jetty-http/9.3.27.v20190418/jetty-http-9.3.27.v20190418.jar:/home/alex/.m2/repository/org/eclipse/jetty/jetty-rewrite/9.3.27.v20190418/jetty-rewrite-9.3.27.v20190418.jar:/home/alex/.m2/repository/org/eclipse/jetty/jetty-client/9.3.27.v20190418/jetty-client-9.3.27.v20190418.jar:/home/alex/.m2/repository/org/eclipse/jetty/jetty-server/9.3.27.v20190418/jetty-server-9.3.27.v20190418.jar:/home/alex/.m2/repository/org/eclipse/jetty/jetty-io/9.3.27.v20190418/jetty-io-9.3.27.v20190418.jar:/home/alex/.m2/repository/org/eclipse/jetty/jetty-servlet/9.3.27.v20190418/jetty-servlet-9.3.27.v20190418.jar:/home/alex/.m2/repository/org/eclipse/jetty/jetty-security/9.3.27.v20190418/jetty-security-9.3.27.v20190418.jar:/home/alex/.m2/repository/org/eclipse/jetty/jetty-webapp/9.3.27.v20190418/jetty-webapp-9.3.27.v20190418.jar:/home/alex/.m2/repository/org/eclipse/jetty/jetty-xml/9.3.27.v20190418/jetty-xml-9.3.27.v20190418.jar:/home/alex/.m2/repository/joda-time/joda-time/2.9.9/joda-time-2.9.9.jar:/home/alex/.m2/repository/org/apache/logging/log4j/log4j-web/2.13.2/log4j-web-2.13.2.jar:/home/alex/.m2/repository/net/sf/jpam/jpam/1.1/jpam-1.1.jar:/home/alex/.m2/repository/io/dropwizard/metrics/metrics-core/3.1.0/metrics-core-3.1.0.jar:/home/alex/.m2/repository/io/dropwizard/metrics/metrics-jvm/3.1.0/metrics-jvm-3.1.0.jar:/home/alex/.m2/repository/io/dropwizard/metrics/metrics-json/3.1.0/metrics-json-3.1.0.jar:/home/alex/.m2/repository/com/github/joshelser/dropwizard-metrics-hadoop-metrics2-reporter/0.1.2/dropwizard-metrics-hadoop-metrics2-reporter-0.1.2.jar:/home/alex/Repositories/hive/metastore/target/classes:/home/alex/.m2/repository/org/apache/derby/derby/10.14.1.0/derby-10.14.1.0.jar:/home/alex/Repositories/hive/serde/target/classes:/home/alex/.m2/repository/com/google/code/findbugs/jsr305/3.0.0/jsr305-3.0.0.jar:/home/alex/.m2/repository/org/apache/arrow/arrow-vector/0.15.1/arrow-vector-0.15.1.jar:/home/alex/.m2/repository/org/apache/arrow/arrow-format/0.15.1/arrow-format-0.15.1.jar:/home/alex/.m2/repository/org/apache/arrow/arrow-memory/0.15.1/arrow-memory-0.15.1.jar:/home/alex/.m2/repository/com/google/flatbuffers/flatbuffers-java/1.9.0/flatbuffers-java-1.9.0.jar:/home/alex/.m2/repository/com/carrotsearch/hppc/0.7.2/hppc-0.7.2.jar:/home/alex/.m2/repository/com/github/davidmoten/flatbuffers-java/1.6.0.1/flatbuffers-java-1.6.0.1.jar:/home/alex/Repositories/hive/parser/target/classes:/home/alex/Repositories/hive/udf/target/classes:/home/alex/Repositories/hive/service-rpc/target/classes:/home/alex/Repositories/hive/llap-client/target/classes:/home/alex/Repositories/hive/llap-common/target/classes:/home/alex/.m2/repository/io/jsonwebtoken/jjwt-api/0.10.5/jjwt-api-0.10.5.jar:/home/alex/.m2/repository/io/jsonwebtoken/jjwt-impl/0.10.5/jjwt-impl-0.10.5.jar:/home/alex/.m2/repository/io/jsonwebtoken/jjwt-jackson/0.10.5/jjwt-jackson-0.10.5.jar:/home/alex/Repositories/hive/llap-tez/target/classes:/home/alex/Repositories/hive/shims/aggregator/target/classes:/home/alex/Repositories/hive/shims/common/target/classes:/home/alex/Repositories/hive/shims/0.23/target/classes:/home/alex/.m2/repository/org/apache/hadoop/hadoop-yarn-server-resourcemanager/3.1.0/hadoop-yarn-server-resourcemanager-3.1.0.jar:/home/alex/.m2/repository/org/apache/hadoop/hadoop-yarn-server-applicationhistoryservice/3.1.0/hadoop-yarn-server-applicationhistoryservice-3.1.0.jar:/home/alex/.m2/repository/de/ruedigermoeller/fst/2.50/fst-2.50.jar:/home/alex/.m2/repository/com/cedarsoftware/java-util/1.9.0/java-util-1.9.0.jar:/home/alex/.m2/repository/com/cedarsoftware/json-io/2.5.1/json-io-2.5.1.jar:/home/alex/Repositories/hive/shims/scheduler/target/classes:/home/alex/Repositories/hive/spark-client/target/classes:/home/alex/.m2/repository/io/netty/netty-all/4.1.65.Final/netty-all-4.1.65.Final.jar:/home/alex/.m2/repository/com/fasterxml/jackson/module/jackson-module-scala_2.12/2.12.0/jackson-module-scala_2.12-2.12.0.jar:/home/alex/.m2/repository/org/apache/spark/spark-yarn_2.12/2.4.5/spark-yarn_2.12-2.4.5.jar:/home/alex/Repositories/hive/storage-api/target/classes:/home/alex/.m2/repository/com/amazonaws/aws-java-sdk-bundle/1.11.901/aws-java-sdk-bundle-1.11.901.jar:/home/alex/.m2/repository/com/amazonaws/secretsmanager/aws-secretsmanager-caching-java/1.0.1/aws-secretsmanager-caching-java-1.0.1.jar:/home/alex/.m2/repository/com/esotericsoftware/kryo/5.0.3/kryo-5.0.3.jar:/home/alex/.m2/repository/org/objenesis/objenesis/3.1/objenesis-3.1.jar:/home/alex/.m2/repository/com/esotericsoftware/minlog/1.3.1/minlog-1.3.1.jar:/home/alex/.m2/repository/com/esotericsoftware/reflectasm/1.11.9/reflectasm-1.11.9.jar:/home/alex/.m2/repository/com/google/protobuf/protobuf-java/2.5.0/protobuf-java-2.5.0.jar:/home/alex/.m2/repository/org/apache/hbase/hbase-common/2.0.0-alpha4/hbase-common-2.0.0-alpha4.jar:/home/alex/.m2/repository/org/apache/hbase/thirdparty/hbase-shaded-miscellaneous/1.0.1/hbase-shaded-miscellaneous-1.0.1.jar:/home/alex/.m2/repository/org/apache/htrace/htrace-core/3.2.0-incubating/htrace-core-3.2.0-incubating.jar:/home/alex/.m2/repository/org/apache/commons/commons-crypto/1.0.0/commons-crypto-1.0.0.jar:/home/alex/.m2/repository/com/github/stephenc/findbugs/findbugs-annotations/1.3.9-1/findbugs-annotations-1.3.9-1.jar:/home/alex/.m2/repository/log4j/log4j/1.2.17/log4j-1.2.17.jar:/home/alex/.m2/repository/org/apache/yetus/audience-annotations/0.5.0/audience-annotations-0.5.0.jar:/home/alex/.m2/repository/org/apache/parquet/parquet-hadoop-bundle/1.11.1/parquet-hadoop-bundle-1.11.1.jar:/home/alex/.m2/repository/commons-codec/commons-codec/1.15/commons-codec-1.15.jar:/home/alex/.m2/repository/commons-io/commons-io/2.6/commons-io-2.6.jar:/home/alex/.m2/repository/org/apache/commons/commons-collections4/4.1/commons-collections4-4.1.jar:/home/alex/.m2/repository/org/apache/commons/commons-lang3/3.9/commons-lang3-3.9.jar:/home/alex/.m2/repository/org/apache/commons/commons-text/1.8/commons-text-1.8.jar:/home/alex/.m2/repository/javolution/javolution/5.5.1/javolution-5.5.1.jar:/home/alex/.m2/repository/org/apache/logging/log4j/log4j-1.2-api/2.13.2/log4j-1.2-api-2.13.2.jar:/home/alex/.m2/repository/org/apache/logging/log4j/log4j-api/2.13.2/log4j-api-2.13.2.jar:/home/alex/.m2/repository/org/apache/logging/log4j/log4j-core/2.13.2/log4j-core-2.13.2.jar:/home/alex/.m2/repository/org/apache/logging/log4j/log4j-slf4j-impl/2.13.2/log4j-slf4j-impl-2.13.2.jar:/home/alex/.m2/repository/org/antlr/antlr-runtime/3.5.2/antlr-runtime-3.5.2.jar:/home/alex/.m2/repository/org/antlr/ST4/4.0.4/ST4-4.0.4.jar:/home/alex/.m2/repository/org/apache/avro/avro/1.8.2/avro-1.8.2.jar:/home/alex/.m2/repository/org/codehaus/jackson/jackson-core-asl/1.9.13/jackson-core-asl-1.9.13.jar:/home/alex/.m2/repository/org/codehaus/jackson/jackson-mapper-asl/1.9.13/jackson-mapper-asl-1.9.13.jar:/home/alex/.m2/repository/com/thoughtworks/paranamer/paranamer/2.8/paranamer-2.8.jar:/home/alex/.m2/repository/org/xerial/snappy/snappy-java/1.1.4/snappy-java-1.1.4.jar:/home/alex/.m2/repository/org/tukaani/xz/1.5/xz-1.5.jar:/home/alex/.m2/repository/org/apache/avro/avro-mapred/1.8.2/avro-mapred-1.8.2-hadoop2.jar:/home/alex/.m2/repository/org/apache/avro/avro-ipc/1.8.2/avro-ipc-1.8.2.jar:/home/alex/.m2/repository/org/mortbay/jetty/jetty/6.1.26/jetty-6.1.26.jar:/home/alex/.m2/repository/org/apache/ant/ant/1.9.1/ant-1.9.1.jar:/home/alex/.m2/repository/org/apache/ant/ant-launcher/1.9.1/ant-launcher-1.9.1.jar:/home/alex/.m2/repository/org/apache/commons/commons-compress/1.21/commons-compress-1.21.jar:/home/alex/.m2/repository/org/apache/thrift/libfb303/0.9.3/libfb303-0.9.3.jar:/home/alex/.m2/repository/org/apache/hadoop/hadoop-common/3.1.0/hadoop-common-3.1.0.jar:/home/alex/.m2/repository/org/apache/hadoop/hadoop-annotations/3.1.0/hadoop-annotations-3.1.0.jar:/home/alex/.m2/repository/commons-net/commons-net/3.6/commons-net-3.6.jar:/home/alex/.m2/repository/org/eclipse/jetty/jetty-util/9.3.27.v20190418/jetty-util-9.3.27.v20190418.jar:/home/alex/.m2/repository/javax/servlet/jsp/jsp-api/2.1/jsp-api-2.1.jar:/home/alex/.m2/repository/com/sun/jersey/jersey-core/1.19/jersey-core-1.19.jar:/home/alex/.m2/repository/javax/ws/rs/jsr311-api/1.1.1/jsr311-api-1.1.1.jar:/home/alex/.m2/repository/com/sun/jersey/jersey-json/1.19/jersey-json-1.19.jar:/home/alex/.m2/repository/com/sun/xml/bind/jaxb-impl/2.2.3-1/jaxb-impl-2.2.3-1.jar:/home/alex/.m2/repository/org/codehaus/jackson/jackson-jaxrs/1.9.2/jackson-jaxrs-1.9.2.jar:/home/alex/.m2/repository/org/codehaus/jackson/jackson-xc/1.9.2/jackson-xc-1.9.2.jar:/home/alex/.m2/repository/com/sun/jersey/jersey-server/1.19/jersey-server-1.19.jar:/home/alex/.m2/repository/org/apache/commons/commons-configuration2/2.1.1/commons-configuration2-2.1.1.jar:/home/alex/.m2/repository/org/apache/hadoop/hadoop-auth/3.1.0/hadoop-auth-3.1.0.jar:/home/alex/.m2/repository/com/nimbusds/nimbus-jose-jwt/4.41.1/nimbus-jose-jwt-4.41.1.jar:/home/alex/.m2/repository/com/github/stephenc/jcip/jcip-annotations/1.0-1/jcip-annotations-1.0-1.jar:/home/alex/.m2/repository/com/jcraft/jsch/0.1.54/jsch-0.1.54.jar:/home/alex/.m2/repository/org/apache/htrace/htrace-core4/4.1.0-incubating/htrace-core4-4.1.0-incubating.jar:/home/alex/.m2/repository/org/apache/kerby/kerb-simplekdc/1.0.1/kerb-simplekdc-1.0.1.jar:/home/alex/.m2/repository/org/apache/kerby/kerb-client/1.0.1/kerb-client-1.0.1.jar:/home/alex/.m2/repository/org/apache/kerby/kerby-config/1.0.1/kerby-config-1.0.1.jar:/home/alex/.m2/repository/org/apache/kerby/kerb-core/1.0.1/kerb-core-1.0.1.jar:/home/alex/.m2/repository/org/apache/kerby/kerby-pkix/1.0.1/kerby-pkix-1.0.1.jar:/home/alex/.m2/repository/org/apache/kerby/kerby-asn1/1.0.1/kerby-asn1-1.0.1.jar:/home/alex/.m2/repository/org/apache/kerby/kerby-util/1.0.1/kerby-util-1.0.1.jar:/home/alex/.m2/repository/org/apache/kerby/kerb-common/1.0.1/kerb-common-1.0.1.jar:/home/alex/.m2/repository/org/apache/kerby/kerb-crypto/1.0.1/kerb-crypto-1.0.1.jar:/home/alex/.m2/repository/org/apache/kerby/kerb-util/1.0.1/kerb-util-1.0.1.jar:/home/alex/.m2/repository/org/apache/kerby/token-provider/1.0.1/token-provider-1.0.1.jar:/home/alex/.m2/repository/org/apache/kerby/kerb-admin/1.0.1/kerb-admin-1.0.1.jar:/home/alex/.m2/repository/org/apache/kerby/kerb-server/1.0.1/kerb-server-1.0.1.jar:/home/alex/.m2/repository/org/apache/kerby/kerb-identity/1.0.1/kerb-identity-1.0.1.jar:/home/alex/.m2/repository/org/apache/kerby/kerby-xdr/1.0.1/kerby-xdr-1.0.1.jar:/home/alex/.m2/repository/org/codehaus/woodstox/stax2-api/3.1.4/stax2-api-3.1.4.jar:/home/alex/.m2/repository/com/fasterxml/woodstox/woodstox-core/5.0.3/woodstox-core-5.0.3.jar:/home/alex/.m2/repository/org/apache/hadoop/hadoop-archives/3.1.0/hadoop-archives-3.1.0.jar:/home/alex/.m2/repository/org/apache/hadoop/hadoop-yarn-registry/3.1.0/hadoop-yarn-registry-3.1.0.jar:/home/alex/.m2/repository/org/apache/curator/curator-client/4.2.0/curator-client-4.2.0.jar:/home/alex/.m2/repository/org/apache/curator/curator-recipes/4.2.0/curator-recipes-4.2.0.jar:/home/alex/.m2/repository/commons-daemon/commons-daemon/1.0.13/commons-daemon-1.0.13.jar:/home/alex/.m2/repository/dnsjava/dnsjava/2.1.7/dnsjava-2.1.7.jar:/home/alex/.m2/repository/org/apache/hadoop/hadoop-mapreduce-client-core/3.1.0/hadoop-mapreduce-client-core-3.1.0.jar:/home/alex/.m2/repository/org/apache/hadoop/hadoop-hdfs-client/3.1.0/hadoop-hdfs-client-3.1.0.jar:/home/alex/.m2/repository/com/squareup/okhttp/okhttp/2.7.5/okhttp-2.7.5.jar:/home/alex/.m2/repository/com/squareup/okio/okio/1.6.0/okio-1.6.0.jar:/home/alex/.m2/repository/com/google/inject/extensions/guice-servlet/4.0/guice-servlet-4.0.jar:/home/alex/.m2/repository/org/apache/hadoop/hadoop-mapreduce-client-common/3.1.0/hadoop-mapreduce-client-common-3.1.0.jar:/home/alex/.m2/repository/org/apache/hadoop/hadoop-hdfs/3.1.0/hadoop-hdfs-3.1.0.jar:/home/alex/.m2/repository/org/eclipse/jetty/jetty-util-ajax/9.3.19.v20170502/jetty-util-ajax-9.3.19.v20170502.jar:/home/alex/.m2/repository/org/fusesource/leveldbjni/leveldbjni-all/1.8/leveldbjni-all-1.8.jar:/home/alex/.m2/repository/org/apache/hadoop/hadoop-yarn-api/3.1.0/hadoop-yarn-api-3.1.0.jar:/home/alex/.m2/repository/javax/xml/bind/jaxb-api/2.2.11/jaxb-api-2.2.11.jar:/home/alex/.m2/repository/org/apache/hadoop/hadoop-yarn-common/3.1.0/hadoop-yarn-common-3.1.0.jar:/home/alex/.m2/repository/com/google/inject/guice/4.0/guice-4.0.jar:/home/alex/.m2/repository/aopalliance/aopalliance/1.0/aopalliance-1.0.jar:/home/alex/.m2/repository/com/sun/jersey/contribs/jersey-guice/1.19/jersey-guice-1.19.jar:/home/alex/.m2/repository/com/fasterxml/jackson/module/jackson-module-jaxb-annotations/2.12.0/jackson-module-jaxb-annotations-2.12.0.jar:/home/alex/.m2/repository/jakarta/xml/bind/jakarta.xml.bind-api/2.3.2/jakarta.xml.bind-api-2.3.2.jar:/home/alex/.m2/repository/jakarta/activation/jakarta.activation-api/1.2.1/jakarta.activation-api-1.2.1.jar:/home/alex/.m2/repository/org/apache/hadoop/hadoop-yarn-client/3.1.0/hadoop-yarn-client-3.1.0.jar:/home/alex/.m2/repository/org/apache/orc/orc-tools/1.6.9/orc-tools-1.6.9.jar:/home/alex/.m2/repository/com/opencsv/opencsv/3.9/opencsv-3.9.jar:/home/alex/.m2/repository/org/codehaus/jettison/jettison/1.1/jettison-1.1.jar:/home/alex/.m2/repository/org/threeten/threetenbp/1.3.5/threetenbp-1.3.5.jar:/home/alex/.m2/repository/org/apache/ivy/ivy/2.4.0/ivy-2.4.0.jar:/home/alex/.m2/repository/org/apache/thrift/libthrift/0.14.1/libthrift-0.14.1.jar:/home/alex/.m2/repository/org/apache/httpcomponents/httpcore/4.4.13/httpcore-4.4.13.jar:/home/alex/.m2/repository/org/apache/tomcat/embed/tomcat-embed-core/8.5.46/tomcat-embed-core-8.5.46.jar:/home/alex/.m2/repository/org/apache/tomcat/tomcat-annotations-api/8.5.46/tomcat-annotations-api-8.5.46.jar:/home/alex/.m2/repository/javax/annotation/javax.annotation-api/1.3.2/javax.annotation-api-1.3.2.jar:/home/alex/.m2/repository/org/apache/zookeeper/zookeeper/3.5.5/zookeeper-3.5.5.jar:/home/alex/.m2/repository/org/apache/zookeeper/zookeeper-jute/3.5.5/zookeeper-jute-3.5.5.jar:/home/alex/.m2/repository/org/apache/curator/curator-framework/4.2.0/curator-framework-4.2.0.jar:/home/alex/.m2/repository/org/apache/curator/curator-test/4.2.0/curator-test-4.2.0.jar:/home/alex/.m2/repository/org/apache/datasketches/datasketches-hive/1.1.0-incubating/datasketches-hive-1.1.0-incubating.jar:/home/alex/.m2/repository/org/apache/datasketches/datasketches-java/1.3.0-incubating/datasketches-java-1.3.0-incubating.jar:/home/alex/.m2/repository/org/apache/datasketches/datasketches-memory/1.2.0-incubating/datasketches-memory-1.2.0-incubating.jar:/home/alex/.m2/repository/org/slf4j/slf4j-simple/1.7.27/slf4j-simple-1.7.27.jar:/home/alex/.m2/repository/com/lmax/disruptor/3.3.7/disruptor-3.3.7.jar:/home/alex/.m2/repository/org/codehaus/groovy/groovy-all/2.4.11/groovy-all-2.4.11.jar:/home/alex/.m2/repository/org/jodd/jodd-util/6.0.0/jodd-util-6.0.0.jar:/home/alex/.m2/repository/com/fasterxml/jackson/core/jackson-annotations/2.12.0/jackson-annotations-2.12.0.jar:/home/alex/.m2/repository/com/fasterxml/jackson/core/jackson-core/2.12.0/jackson-core-2.12.0.jar:/home/alex/.m2/repository/com/fasterxml/jackson/core/jackson-databind/2.12.0/jackson-databind-2.12.0.jar:/home/alex/.m2/repository/com/fasterxml/jackson/dataformat/jackson-dataformat-yaml/2.12.0/jackson-dataformat-yaml-2.12.0.jar:/home/alex/.m2/repository/org/yaml/snakeyaml/1.27/snakeyaml-1.27.jar:/home/alex/.m2/repository/org/datanucleus/datanucleus-core/5.2.4/datanucleus-core-5.2.4.jar:/home/alex/.m2/repository/org/apache/calcite/calcite-core/1.25.0/calcite-core-1.25.0.jar:/home/alex/.m2/repository/org/apache/calcite/calcite-linq4j/1.25.0/calcite-linq4j-1.25.0.jar:/home/alex/.m2/repository/org/apiguardian/apiguardian-api/1.1.0/apiguardian-api-1.1.0.jar:/home/alex/.m2/repository/com/esri/geometry/esri-geometry-api/2.2.0/esri-geometry-api-2.2.0.jar:/home/alex/.m2/repository/com/yahoo/datasketches/sketches-core/0.9.0/sketches-core-0.9.0.jar:/home/alex/.m2/repository/com/yahoo/datasketches/memory/0.9.0/memory-0.9.0.jar:/home/alex/.m2/repository/org/apache/commons/commons-dbcp2/2.7.0/commons-dbcp2-2.7.0.jar:/home/alex/.m2/repository/org/apache/commons/commons-pool2/2.7.0/commons-pool2-2.7.0.jar:/home/alex/.m2/repository/org/apache/calcite/calcite-druid/1.25.0/calcite-druid-1.25.0.jar:/home/alex/.m2/repository/org/apache/calcite/avatica/avatica/1.12.0/avatica-1.12.0.jar:/home/alex/.m2/repository/com/google/guava/guava/19.0/guava-19.0.jar:/home/alex/.m2/repository/com/googlecode/javaewah/JavaEWAH/0.3.2/JavaEWAH-0.3.2.jar:/home/alex/.m2/repository/com/google/code/gson/gson/2.2.4/gson-2.2.4.jar:/home/alex/.m2/repository/com/tdunning/json/1.8/json-1.8.jar:/home/alex/.m2/repository/stax/stax-api/1.0.1/stax-api-1.0.1.jar:/home/alex/.m2/repository/net/sf/opencsv/opencsv/2.3/opencsv-2.3.jar:/home/alex/Repositories/hive/standalone-metastore/metastore-server/target/classes:/home/alex/.m2/repository/com/zaxxer/HikariCP/2.6.1/HikariCP-2.6.1.jar:/home/alex/.m2/repository/commons-beanutils/commons-beanutils/1.9.4/commons-beanutils-1.9.4.jar:/home/alex/.m2/repository/org/datanucleus/datanucleus-api-jdo/5.2.4/datanucleus-api-jdo-5.2.4.jar:/home/alex/.m2/repository/org/datanucleus/datanucleus-rdbms/5.2.4/datanucleus-rdbms-5.2.4.jar:/home/alex/.m2/repository/org/datanucleus/javax.jdo/3.2.0-release/javax.jdo-3.2.0-release.jar:/home/alex/.m2/repository/javax/transaction/javax.transaction-api/1.3/javax.transaction-api-1.3.jar:/home/alex/.m2/repository/org/glassfish/corba/glassfish-corba-omgapi/4.2.2/glassfish-corba-omgapi-4.2.2.jar:/home/alex/.m2/repository/sqlline/sqlline/1.9.0/sqlline-1.9.0.jar:/home/alex/.m2/repository/org/jline/jline-terminal/3.12.1/jline-terminal-3.12.1.jar:/home/alex/.m2/repository/org/jline/jline-reader/3.12.1/jline-reader-3.12.1.jar:/home/alex/.m2/repository/org/jline/jline-terminal-jansi/3.12.1/jline-terminal-jansi-3.12.1.jar:/home/alex/.m2/repository/org/fusesource/jansi/jansi/1.18/jansi-1.18.jar:/home/alex/.m2/repository/org/jline/jline-terminal-jna/3.12.1/jline-terminal-jna-3.12.1.jar:/home/alex/.m2/repository/net/java/dev/jna/jna/5.3.1/jna-5.3.1.jar:/home/alex/.m2/repository/org/jline/jline-builtins/3.12.1/jline-builtins-3.12.1.jar:/home/alex/.m2/repository/org/jline/jline-style/3.12.1/jline-style-3.12.1.jar:/home/alex/.m2/repository/com/cronutils/cron-utils/9.1.3/cron-utils-9.1.3.jar:/home/alex/.m2/repository/org/glassfish/javax.el/3.0.0/javax.el-3.0.0.jar:/home/alex/.m2/repository/com/oracle/database/jdbc/ojdbc8/21.3.0.0/ojdbc8-21.3.0.0.jar:/home/alex/.m2/repository/mysql/mysql-connector-java/8.0.27/mysql-connector-java-8.0.27.jar:/home/alex/.m2/repository/com/microsoft/sqlserver/mssql-jdbc/6.2.1.jre8/mssql-jdbc-6.2.1.jre8.jar:/home/alex/.m2/repository/org/postgresql/postgresql/42.2.14/postgresql-42.2.14.jar:/home/alex/Repositories/hive/common/target/test-classes:/home/alex/Repositories/hive/standalone-metastore/metastore-common/target/test-classes:/home/alex/.m2/repository/com/github/ben-manes/caffeine/caffeine/2.8.4/caffeine-2.8.4.jar:/home/alex/.m2/repository/org/checkerframework/checker-qual/3.4.0/checker-qual-3.4.0.jar:/home/alex/Repositories/hive/standalone-metastore/metastore-server/target/test-classes:/home/alex/.m2/repository/org/apache/parquet/parquet-column/1.11.1/parquet-column-1.11.1-tests.jar:/home/alex/.m2/repository/org/apache/parquet/parquet-common/1.11.1/parquet-common-1.11.1.jar:/home/alex/.m2/repository/org/apache/parquet/parquet-format-structures/1.11.1/parquet-format-structures-1.11.1.jar:/home/alex/.m2/repository/org/apache/parquet/parquet-encoding/1.11.1/parquet-encoding-1.11.1.jar:/home/alex/.m2/repository/junit/junit/4.13/junit-4.13.jar:/home/alex/.m2/repository/org/hamcrest/hamcrest-core/1.3/hamcrest-core-1.3.jar:/home/alex/.m2/repository/org/junit/jupiter/junit-jupiter-engine/5.6.2/junit-jupiter-engine-5.6.2.jar:/home/alex/.m2/repository/org/junit/platform/junit-platform-engine/1.6.2/junit-platform-engine-1.6.2.jar:/home/alex/.m2/repository/org/opentest4j/opentest4j/1.2.0/opentest4j-1.2.0.jar:/home/alex/.m2/repository/org/junit/platform/junit-platform-commons/1.6.2/junit-platform-commons-1.6.2.jar:/home/alex/.m2/repository/org/junit/jupiter/junit-jupiter-api/5.6.2/junit-jupiter-api-5.6.2.jar:/home/alex/.m2/repository/org/junit/jupiter/junit-jupiter-params/5.6.2/junit-jupiter-params-5.6.2.jar:/home/alex/.m2/repository/org/junit/vintage/junit-vintage-engine/5.6.2/junit-vintage-engine-5.6.2.jar:/home/alex/.m2/repository/org/apache/tez/tez-api/0.10.1/tez-api-0.10.1.jar:/usr/lib/jvm/java-8-openjdk-amd64/jre/../lib/tools.jar:/home/alex/.m2/repository/org/apache/tez/tez-runtime-library/0.10.1/tez-runtime-library-0.10.1.jar:/home/alex/.m2/repository/org/roaringbitmap/RoaringBitmap/0.5.21/RoaringBitmap-0.5.21.jar:/home/alex/.m2/repository/org/asynchttpclient/async-http-client/2.12.1/async-http-client-2.12.1.jar:/home/alex/.m2/repository/org/asynchttpclient/async-http-client-netty-utils/2.12.1/async-http-client-netty-utils-2.12.1.jar:/home/alex/.m2/repository/io/netty/netty-buffer/4.1.48.Final/netty-buffer-4.1.48.Final.jar:/home/alex/.m2/repository/io/netty/netty-codec-http/4.1.48.Final/netty-codec-http-4.1.48.Final.jar:/home/alex/.m2/repository/io/netty/netty-common/4.1.48.Final/netty-common-4.1.48.Final.jar:/home/alex/.m2/repository/io/netty/netty-transport/4.1.48.Final/netty-transport-4.1.48.Final.jar:/home/alex/.m2/repository/io/netty/netty-codec/4.1.48.Final/netty-codec-4.1.48.Final.jar:/home/alex/.m2/repository/io/netty/netty-handler/4.1.48.Final/netty-handler-4.1.48.Final.jar:/home/alex/.m2/repository/io/netty/netty-resolver/4.1.48.Final/netty-resolver-4.1.48.Final.jar:/home/alex/.m2/repository/io/netty/netty-codec-socks/4.1.48.Final/netty-codec-socks-4.1.48.Final.jar:/home/alex/.m2/repository/io/netty/netty-handler-proxy/4.1.48.Final/netty-handler-proxy-4.1.48.Final.jar:/home/alex/.m2/repository/io/netty/netty-transport-native-epoll/4.1.48.Final/netty-transport-native-epoll-4.1.48.Final-linux-x86_64.jar:/home/alex/.m2/repository/io/netty/netty-transport-native-unix-common/4.1.48.Final/netty-transport-native-unix-common-4.1.48.Final.jar:/home/alex/.m2/repository/io/netty/netty-transport-native-kqueue/4.1.48.Final/netty-transport-native-kqueue-4.1.48.Final-osx-x86_64.jar:/home/alex/.m2/repository/org/reactivestreams/reactive-streams/1.0.3/reactive-streams-1.0.3.jar:/home/alex/.m2/repository/com/typesafe/netty/netty-reactive-streams/2.0.4/netty-reactive-streams-2.0.4.jar:/home/alex/.m2/repository/com/sun/activation/javax.activation/1.2.0/javax.activation-1.2.0.jar:/home/alex/.m2/repository/org/apache/tez/tez-common/0.10.1/tez-common-0.10.1.jar:/home/alex/.m2/repository/org/apache/tez/tez-runtime-internals/0.10.1/tez-runtime-internals-0.10.1.jar:/home/alex/.m2/repository/org/apache/tez/hadoop-shim/0.10.1/hadoop-shim-0.10.1.jar:/home/alex/.m2/repository/org/apache/tez/tez-mapreduce/0.10.1/tez-mapreduce-0.10.1.jar:/home/alex/.m2/repository/org/apache/tez/tez-dag/0.10.1/tez-dag-0.10.1.jar:/home/alex/.m2/repository/org/apache/hadoop/hadoop-yarn-server-web-proxy/3.1.0/hadoop-yarn-server-web-proxy-3.1.0.jar:/home/alex/.m2/repository/org/apache/hadoop/hadoop-yarn-server-common/3.1.0/hadoop-yarn-server-common-3.1.0.jar:/home/alex/.m2/repository/org/apache/geronimo/specs/geronimo-jcache_1.0_spec/1.0-alpha-1/geronimo-jcache_1.0_spec-1.0-alpha-1.jar:/home/alex/.m2/repository/org/ehcache/ehcache/3.3.1/ehcache-3.3.1.jar:/home/alex/.m2/repository/com/zaxxer/HikariCP-java7/2.4.12/HikariCP-java7-2.4.12.jar:/home/alex/.m2/repository/org/apache/spark/spark-core_2.12/2.4.5/spark-core_2.12-2.4.5.jar:/home/alex/.m2/repository/com/twitter/chill_2.12/0.9.3/chill_2.12-0.9.3.jar:/home/alex/.m2/repository/com/twitter/chill-java/0.9.3/chill-java-0.9.3.jar:/home/alex/.m2/repository/org/apache/xbean/xbean-asm6-shaded/4.8/xbean-asm6-shaded-4.8.jar:/home/alex/.m2/repository/org/apache/hadoop/hadoop-client/3.1.0/hadoop-client-3.1.0.jar:/home/alex/.m2/repository/org/apache/hadoop/hadoop-mapreduce-client-jobclient/3.1.0/hadoop-mapreduce-client-jobclient-3.1.0.jar:/home/alex/.m2/repository/org/apache/spark/spark-launcher_2.12/2.4.5/spark-launcher_2.12-2.4.5.jar:/home/alex/.m2/repository/org/apache/spark/spark-kvstore_2.12/2.4.5/spark-kvstore_2.12-2.4.5.jar:/home/alex/.m2/repository/org/apache/spark/spark-network-common_2.12/2.4.5/spark-network-common_2.12-2.4.5.jar:/home/alex/.m2/repository/org/apache/spark/spark-network-shuffle_2.12/2.4.5/spark-network-shuffle_2.12-2.4.5.jar:/home/alex/.m2/repository/org/apache/spark/spark-unsafe_2.12/2.4.5/spark-unsafe_2.12-2.4.5.jar:/home/alex/.m2/repository/javax/activation/activation/1.1.1/activation-1.1.1.jar:/home/alex/.m2/repository/org/slf4j/jul-to-slf4j/1.7.16/jul-to-slf4j-1.7.16.jar:/home/alex/.m2/repository/org/slf4j/jcl-over-slf4j/1.7.16/jcl-over-slf4j-1.7.16.jar:/home/alex/.m2/repository/com/ning/compress-lzf/1.0.3/compress-lzf-1.0.3.jar:/home/alex/.m2/repository/org/lz4/lz4-java/1.4.0/lz4-java-1.4.0.jar:/home/alex/.m2/repository/com/github/luben/zstd-jni/1.3.2-2/zstd-jni-1.3.2-2.jar:/home/alex/.m2/repository/org/scala-lang/scala-library/2.12.10/scala-library-2.12.10.jar:/home/alex/.m2/repository/org/json4s/json4s-jackson_2.12/3.5.3/json4s-jackson_2.12-3.5.3.jar:/home/alex/.m2/repository/org/json4s/json4s-core_2.12/3.5.3/json4s-core_2.12-3.5.3.jar:/home/alex/.m2/repository/org/json4s/json4s-ast_2.12/3.5.3/json4s-ast_2.12-3.5.3.jar:/home/alex/.m2/repository/org/json4s/json4s-scalap_2.12/3.5.3/json4s-scalap_2.12-3.5.3.jar:/home/alex/.m2/repository/org/scala-lang/modules/scala-xml_2.12/1.0.6/scala-xml_2.12-1.0.6.jar:/home/alex/.m2/repository/com/clearspring/analytics/stream/2.7.0/stream-2.7.0.jar:/home/alex/.m2/repository/io/dropwizard/metrics/metrics-graphite/3.1.5/metrics-graphite-3.1.5.jar:/home/alex/.m2/repository/oro/oro/2.0.8/oro-2.0.8.jar:/home/alex/.m2/repository/net/razorvine/pyrolite/4.13/pyrolite-4.13.jar:/home/alex/.m2/repository/net/sf/py4j/py4j/0.10.7/py4j-0.10.7.jar:/home/alex/.m2/repository/org/apache/spark/spark-tags_2.12/2.4.5/spark-tags_2.12-2.4.5.jar:/home/alex/.m2/repository/org/spark-project/spark/unused/1.0.0/unused-1.0.0.jar:/home/alex/.m2/repository/com/sun/jersey/jersey-servlet/1.19/jersey-servlet-1.19.jar:/home/alex/.m2/repository/org/glassfish/jersey/core/jersey-server/2.22.2/jersey-server-2.22.2.jar:/home/alex/.m2/repository/org/glassfish/jersey/core/jersey-common/2.22.2/jersey-common-2.22.2.jar:/home/alex/.m2/repository/org/glassfish/jersey/bundles/repackaged/jersey-guava/2.22.2/jersey-guava-2.22.2.jar:/home/alex/.m2/repository/org/glassfish/hk2/osgi-resource-locator/1.0.1/osgi-resource-locator-1.0.1.jar:/home/alex/.m2/repository/org/glassfish/jersey/core/jersey-client/2.22.2/jersey-client-2.22.2.jar:/home/alex/.m2/repository/javax/ws/rs/javax.ws.rs-api/2.0.1/javax.ws.rs-api-2.0.1.jar:/home/alex/.m2/repository/org/glassfish/jersey/media/jersey-media-jaxb/2.22.2/jersey-media-jaxb-2.22.2.jar:/home/alex/.m2/repository/org/glassfish/hk2/hk2-api/2.4.0-b34/hk2-api-2.4.0-b34.jar:/home/alex/.m2/repository/org/glassfish/hk2/hk2-utils/2.4.0-b34/hk2-utils-2.4.0-b34.jar:/home/alex/.m2/repository/org/glassfish/hk2/external/aopalliance-repackaged/2.4.0-b34/aopalliance-repackaged-2.4.0-b34.jar:/home/alex/.m2/repository/org/glassfish/hk2/external/javax.inject/2.4.0-b34/javax.inject-2.4.0-b34.jar:/home/alex/.m2/repository/org/glassfish/hk2/hk2-locator/2.4.0-b34/hk2-locator-2.4.0-b34.jar:/home/alex/.m2/repository/javax/validation/validation-api/1.1.0.Final/validation-api-1.1.0.Final.jar:/home/alex/.m2/repository/org/glassfish/jersey/containers/jersey-container-servlet-core/2.22.2/jersey-container-servlet-core-2.22.2.jar:/home/alex/.m2/repository/org/hamcrest/hamcrest-all/1.3/hamcrest-all-1.3.jar:/home/alex/.m2/repository/org/powermock/powermock-module-junit4/2.0.2/powermock-module-junit4-2.0.2.jar:/home/alex/.m2/repository/org/powermock/powermock-module-junit4-common/2.0.2/powermock-module-junit4-common-2.0.2.jar:/home/alex/.m2/repository/org/powermock/powermock-reflect/2.0.2/powermock-reflect-2.0.2.jar:/home/alex/.m2/repository/org/powermock/powermock-core/2.0.2/powermock-core-2.0.2.jar:/home/alex/.m2/repository/org/powermock/powermock-api-mockito2/2.0.2/powermock-api-mockito2-2.0.2.jar:/home/alex/.m2/repository/org/powermock/powermock-api-support/2.0.2/powermock-api-support-2.0.2.jar:/home/alex/.m2/repository/com/google/guava/guava-testlib/19.0/guava-testlib-19.0.jar:/home/alex/.m2/repository/com/google/errorprone/error_prone_annotations/2.0.2/error_prone_annotations-2.0.2.jar:/home/alex/.m2/repository/com/google/re2j/re2j/1.2/re2j-1.2.jar:/home/alex/.m2/repository/org/reflections/reflections/0.9.10/reflections-0.9.10.jar:/home/alex/.m2/repository/org/javassist/javassist/3.19.0-GA/javassist-3.19.0-GA.jar:/home/alex/.m2/repository/com/jayway/jsonpath/json-path/2.4.0/json-path-2.4.0.jar:/home/alex/.m2/repository/net/minidev/json-smart/2.3/json-smart-2.3.jar:/home/alex/.m2/repository/net/minidev/accessors-smart/1.2/accessors-smart-1.2.jar:/home/alex/.m2/repository/org/ow2/asm/asm/5.0.4/asm-5.0.4.jar:/home/alex/.m2/repository/org/codehaus/janino/commons-compiler/3.0.11/commons-compiler-3.0.11.jar:/home/alex/.m2/repository/org/codehaus/janino/janino/3.0.11/janino-3.0.11.jar:/home/alex/.m2/repository/com/sun/jersey/contribs/jersey-multipart/1.19/jersey-multipart-1.19.jar:/home/alex/.m2/repository/org/jvnet/mimepull/mimepull/1.9.3/mimepull-1.9.3.jar:/home/alex/.m2/repository/org/apache/kafka/kafka-clients/2.5.0/kafka-clients-2.5.0.jar:/home/alex/.m2/repository/org/slf4j/slf4j-api/1.7.30/slf4j-api-1.7.30.jar:/home/alex/.m2/repository/org/mockito/mockito-core/3.4.4/mockito-core-3.4.4.jar:/home/alex/.m2/repository/net/bytebuddy/byte-buddy/1.10.13/byte-buddy-1.10.13.jar:/home/alex/.m2/repository/net/bytebuddy/byte-buddy-agent/1.10.13/byte-buddy-agent-1.10.13.jar:/home/alex/Repositories/hive/ql/target/testconf:/home/alex/Repositories/hive/ql/../conf:"/>
    <property name="java.vm.vendor" value="Private Build"/>
    <property name="hadoop.version" value="3.1.0"/>
    <property name="user.timezone" value="US/Pacific"/>
    <property name="test.local.warehouse.dir" value="pfile:///home/alex/Repositories/hive/ql/target/localfs/warehouse"/>
    <property name="java.vm.specification.version" value="1.8"/>
    <property name="os.name" value="Linux"/>
    <property name="test.build.data" value="/home/alex/Repositories/hive/ql/target/tmp"/>
    <property name="clustermode" value=""/>
    <property name="sun.java.launcher" value="SUN_STANDARD"/>
    <property name="user.country" value="US"/>
    <property name="test.data.files" value="/home/alex/Repositories/hive/ql/../data/files"/>
    <property name="nondexLogging" value="CONFIG"/>
    <property name="surefire.test.class.path" value="/home/alex/Repositories/hive/ql/target/test-classes:/home/alex/Repositories/hive/ql/target/classes:/home/alex/.m2/repository/org/apache/atlas/atlas-client-v2/2.1.0/atlas-client-v2-2.1.0.jar:/home/alex/.m2/repository/cglib/cglib/2.2.2/cglib-2.2.2.jar:/home/alex/.m2/repository/asm/asm/3.3.1/asm-3.3.1.jar:/home/alex/.m2/repository/org/apache/atlas/atlas-client-common/2.1.0/atlas-client-common-2.1.0.jar:/home/alex/.m2/repository/org/apache/httpcomponents/httpclient/4.5.13/httpclient-4.5.13.jar:/home/alex/.m2/repository/com/sun/jersey/jersey-client/1.19/jersey-client-1.19.jar:/home/alex/.m2/repository/org/apache/atlas/atlas-intg/2.1.0/atlas-intg-2.1.0.jar:/home/alex/.m2/repository/commons-collections/commons-collections/3.2.2/commons-collections-3.2.2.jar:/home/alex/.m2/repository/commons-validator/commons-validator/1.6/commons-validator-1.6.jar:/home/alex/.m2/repository/commons-digester/commons-digester/1.8.1/commons-digester-1.8.1.jar:/home/alex/.m2/repository/com/fasterxml/jackson/jaxrs/jackson-jaxrs-base/2.12.0/jackson-jaxrs-base-2.12.0.jar:/home/alex/.m2/repository/com/fasterxml/jackson/jaxrs/jackson-jaxrs-json-provider/2.12.0/jackson-jaxrs-json-provider-2.12.0.jar:/home/alex/.m2/repository/javax/inject/javax.inject/1/javax.inject-1.jar:/home/alex/.m2/repository/org/springframework/spring-context/4.3.20.RELEASE/spring-context-4.3.20.RELEASE.jar:/home/alex/.m2/repository/org/springframework/spring-aop/4.3.20.RELEASE/spring-aop-4.3.20.RELEASE.jar:/home/alex/.m2/repository/org/springframework/spring-beans/4.3.20.RELEASE/spring-beans-4.3.20.RELEASE.jar:/home/alex/.m2/repository/org/springframework/spring-core/4.3.20.RELEASE/spring-core-4.3.20.RELEASE.jar:/home/alex/.m2/repository/org/springframework/spring-expression/4.3.20.RELEASE/spring-expression-4.3.20.RELEASE.jar:/home/alex/.m2/repository/commons-configuration/commons-configuration/1.10/commons-configuration-1.10.jar:/home/alex/.m2/repository/commons-lang/commons-lang/2.6/commons-lang-2.6.jar:/home/alex/.m2/repository/commons-logging/commons-logging/1.1.1/commons-logging-1.1.1.jar:/home/alex/.m2/repository/org/apache/commons/commons-math3/3.6.1/commons-math3-3.6.1.jar:/home/alex/Repositories/hive/vector-code-gen/target/classes:/home/alex/.m2/repository/org/apache/velocity/velocity/1.5/velocity-1.5.jar:/home/alex/Repositories/hive/common/target/classes:/home/alex/Repositories/hive/classification/target/classes:/home/alex/Repositories/hive/standalone-metastore/metastore-common/target/classes:/home/alex/.m2/repository/commons-cli/commons-cli/1.4/commons-cli-1.4.jar:/home/alex/.m2/repository/org/apache/orc/orc-core/1.6.9/orc-core-1.6.9.jar:/home/alex/.m2/repository/org/apache/orc/orc-shims/1.6.9/orc-shims-1.6.9.jar:/home/alex/.m2/repository/io/airlift/aircompressor/0.19/aircompressor-0.19.jar:/home/alex/.m2/repository/org/jetbrains/annotations/17.0.0/annotations-17.0.0.jar:/home/alex/.m2/repository/org/threeten/threeten-extra/1.5.0/threeten-extra-1.5.0.jar:/home/alex/.m2/repository/jline/jline/2.14.6/jline-2.14.6.jar:/home/alex/.m2/repository/javax/servlet/javax.servlet-api/3.1.0/javax.servlet-api-3.1.0.jar:/home/alex/.m2/repository/org/eclipse/jetty/jetty-http/9.3.27.v20190418/jetty-http-9.3.27.v20190418.jar:/home/alex/.m2/repository/org/eclipse/jetty/jetty-rewrite/9.3.27.v20190418/jetty-rewrite-9.3.27.v20190418.jar:/home/alex/.m2/repository/org/eclipse/jetty/jetty-client/9.3.27.v20190418/jetty-client-9.3.27.v20190418.jar:/home/alex/.m2/repository/org/eclipse/jetty/jetty-server/9.3.27.v20190418/jetty-server-9.3.27.v20190418.jar:/home/alex/.m2/repository/org/eclipse/jetty/jetty-io/9.3.27.v20190418/jetty-io-9.3.27.v20190418.jar:/home/alex/.m2/repository/org/eclipse/jetty/jetty-servlet/9.3.27.v20190418/jetty-servlet-9.3.27.v20190418.jar:/home/alex/.m2/repository/org/eclipse/jetty/jetty-security/9.3.27.v20190418/jetty-security-9.3.27.v20190418.jar:/home/alex/.m2/repository/org/eclipse/jetty/jetty-webapp/9.3.27.v20190418/jetty-webapp-9.3.27.v20190418.jar:/home/alex/.m2/repository/org/eclipse/jetty/jetty-xml/9.3.27.v20190418/jetty-xml-9.3.27.v20190418.jar:/home/alex/.m2/repository/joda-time/joda-time/2.9.9/joda-time-2.9.9.jar:/home/alex/.m2/repository/org/apache/logging/log4j/log4j-web/2.13.2/log4j-web-2.13.2.jar:/home/alex/.m2/repository/net/sf/jpam/jpam/1.1/jpam-1.1.jar:/home/alex/.m2/repository/io/dropwizard/metrics/metrics-core/3.1.0/metrics-core-3.1.0.jar:/home/alex/.m2/repository/io/dropwizard/metrics/metrics-jvm/3.1.0/metrics-jvm-3.1.0.jar:/home/alex/.m2/repository/io/dropwizard/metrics/metrics-json/3.1.0/metrics-json-3.1.0.jar:/home/alex/.m2/repository/com/github/joshelser/dropwizard-metrics-hadoop-metrics2-reporter/0.1.2/dropwizard-metrics-hadoop-metrics2-reporter-0.1.2.jar:/home/alex/Repositories/hive/metastore/target/classes:/home/alex/.m2/repository/org/apache/derby/derby/10.14.1.0/derby-10.14.1.0.jar:/home/alex/Repositories/hive/serde/target/classes:/home/alex/.m2/repository/com/google/code/findbugs/jsr305/3.0.0/jsr305-3.0.0.jar:/home/alex/.m2/repository/org/apache/arrow/arrow-vector/0.15.1/arrow-vector-0.15.1.jar:/home/alex/.m2/repository/org/apache/arrow/arrow-format/0.15.1/arrow-format-0.15.1.jar:/home/alex/.m2/repository/org/apache/arrow/arrow-memory/0.15.1/arrow-memory-0.15.1.jar:/home/alex/.m2/repository/com/google/flatbuffers/flatbuffers-java/1.9.0/flatbuffers-java-1.9.0.jar:/home/alex/.m2/repository/com/carrotsearch/hppc/0.7.2/hppc-0.7.2.jar:/home/alex/.m2/repository/com/github/davidmoten/flatbuffers-java/1.6.0.1/flatbuffers-java-1.6.0.1.jar:/home/alex/Repositories/hive/parser/target/classes:/home/alex/Repositories/hive/udf/target/classes:/home/alex/Repositories/hive/service-rpc/target/classes:/home/alex/Repositories/hive/llap-client/target/classes:/home/alex/Repositories/hive/llap-common/target/classes:/home/alex/.m2/repository/io/jsonwebtoken/jjwt-api/0.10.5/jjwt-api-0.10.5.jar:/home/alex/.m2/repository/io/jsonwebtoken/jjwt-impl/0.10.5/jjwt-impl-0.10.5.jar:/home/alex/.m2/repository/io/jsonwebtoken/jjwt-jackson/0.10.5/jjwt-jackson-0.10.5.jar:/home/alex/Repositories/hive/llap-tez/target/classes:/home/alex/Repositories/hive/shims/aggregator/target/classes:/home/alex/Repositories/hive/shims/common/target/classes:/home/alex/Repositories/hive/shims/0.23/target/classes:/home/alex/.m2/repository/org/apache/hadoop/hadoop-yarn-server-resourcemanager/3.1.0/hadoop-yarn-server-resourcemanager-3.1.0.jar:/home/alex/.m2/repository/org/apache/hadoop/hadoop-yarn-server-applicationhistoryservice/3.1.0/hadoop-yarn-server-applicationhistoryservice-3.1.0.jar:/home/alex/.m2/repository/de/ruedigermoeller/fst/2.50/fst-2.50.jar:/home/alex/.m2/repository/com/cedarsoftware/java-util/1.9.0/java-util-1.9.0.jar:/home/alex/.m2/repository/com/cedarsoftware/json-io/2.5.1/json-io-2.5.1.jar:/home/alex/Repositories/hive/shims/scheduler/target/classes:/home/alex/Repositories/hive/spark-client/target/classes:/home/alex/.m2/repository/io/netty/netty-all/4.1.65.Final/netty-all-4.1.65.Final.jar:/home/alex/.m2/repository/com/fasterxml/jackson/module/jackson-module-scala_2.12/2.12.0/jackson-module-scala_2.12-2.12.0.jar:/home/alex/.m2/repository/org/apache/spark/spark-yarn_2.12/2.4.5/spark-yarn_2.12-2.4.5.jar:/home/alex/Repositories/hive/storage-api/target/classes:/home/alex/.m2/repository/com/amazonaws/aws-java-sdk-bundle/1.11.901/aws-java-sdk-bundle-1.11.901.jar:/home/alex/.m2/repository/com/amazonaws/secretsmanager/aws-secretsmanager-caching-java/1.0.1/aws-secretsmanager-caching-java-1.0.1.jar:/home/alex/.m2/repository/com/esotericsoftware/kryo/5.0.3/kryo-5.0.3.jar:/home/alex/.m2/repository/org/objenesis/objenesis/3.1/objenesis-3.1.jar:/home/alex/.m2/repository/com/esotericsoftware/minlog/1.3.1/minlog-1.3.1.jar:/home/alex/.m2/repository/com/esotericsoftware/reflectasm/1.11.9/reflectasm-1.11.9.jar:/home/alex/.m2/repository/com/google/protobuf/protobuf-java/2.5.0/protobuf-java-2.5.0.jar:/home/alex/.m2/repository/org/apache/hbase/hbase-common/2.0.0-alpha4/hbase-common-2.0.0-alpha4.jar:/home/alex/.m2/repository/org/apache/hbase/thirdparty/hbase-shaded-miscellaneous/1.0.1/hbase-shaded-miscellaneous-1.0.1.jar:/home/alex/.m2/repository/org/apache/htrace/htrace-core/3.2.0-incubating/htrace-core-3.2.0-incubating.jar:/home/alex/.m2/repository/org/apache/commons/commons-crypto/1.0.0/commons-crypto-1.0.0.jar:/home/alex/.m2/repository/com/github/stephenc/findbugs/findbugs-annotations/1.3.9-1/findbugs-annotations-1.3.9-1.jar:/home/alex/.m2/repository/log4j/log4j/1.2.17/log4j-1.2.17.jar:/home/alex/.m2/repository/org/apache/yetus/audience-annotations/0.5.0/audience-annotations-0.5.0.jar:/home/alex/.m2/repository/org/apache/parquet/parquet-hadoop-bundle/1.11.1/parquet-hadoop-bundle-1.11.1.jar:/home/alex/.m2/repository/commons-codec/commons-codec/1.15/commons-codec-1.15.jar:/home/alex/.m2/repository/commons-io/commons-io/2.6/commons-io-2.6.jar:/home/alex/.m2/repository/org/apache/commons/commons-collections4/4.1/commons-collections4-4.1.jar:/home/alex/.m2/repository/org/apache/commons/commons-lang3/3.9/commons-lang3-3.9.jar:/home/alex/.m2/repository/org/apache/commons/commons-text/1.8/commons-text-1.8.jar:/home/alex/.m2/repository/javolution/javolution/5.5.1/javolution-5.5.1.jar:/home/alex/.m2/repository/org/apache/logging/log4j/log4j-1.2-api/2.13.2/log4j-1.2-api-2.13.2.jar:/home/alex/.m2/repository/org/apache/logging/log4j/log4j-api/2.13.2/log4j-api-2.13.2.jar:/home/alex/.m2/repository/org/apache/logging/log4j/log4j-core/2.13.2/log4j-core-2.13.2.jar:/home/alex/.m2/repository/org/apache/logging/log4j/log4j-slf4j-impl/2.13.2/log4j-slf4j-impl-2.13.2.jar:/home/alex/.m2/repository/org/antlr/antlr-runtime/3.5.2/antlr-runtime-3.5.2.jar:/home/alex/.m2/repository/org/antlr/ST4/4.0.4/ST4-4.0.4.jar:/home/alex/.m2/repository/org/apache/avro/avro/1.8.2/avro-1.8.2.jar:/home/alex/.m2/repository/org/codehaus/jackson/jackson-core-asl/1.9.13/jackson-core-asl-1.9.13.jar:/home/alex/.m2/repository/org/codehaus/jackson/jackson-mapper-asl/1.9.13/jackson-mapper-asl-1.9.13.jar:/home/alex/.m2/repository/com/thoughtworks/paranamer/paranamer/2.8/paranamer-2.8.jar:/home/alex/.m2/repository/org/xerial/snappy/snappy-java/1.1.4/snappy-java-1.1.4.jar:/home/alex/.m2/repository/org/tukaani/xz/1.5/xz-1.5.jar:/home/alex/.m2/repository/org/apache/avro/avro-mapred/1.8.2/avro-mapred-1.8.2-hadoop2.jar:/home/alex/.m2/repository/org/apache/avro/avro-ipc/1.8.2/avro-ipc-1.8.2.jar:/home/alex/.m2/repository/org/mortbay/jetty/jetty/6.1.26/jetty-6.1.26.jar:/home/alex/.m2/repository/org/apache/ant/ant/1.9.1/ant-1.9.1.jar:/home/alex/.m2/repository/org/apache/ant/ant-launcher/1.9.1/ant-launcher-1.9.1.jar:/home/alex/.m2/repository/org/apache/commons/commons-compress/1.21/commons-compress-1.21.jar:/home/alex/.m2/repository/org/apache/thrift/libfb303/0.9.3/libfb303-0.9.3.jar:/home/alex/.m2/repository/org/apache/hadoop/hadoop-common/3.1.0/hadoop-common-3.1.0.jar:/home/alex/.m2/repository/org/apache/hadoop/hadoop-annotations/3.1.0/hadoop-annotations-3.1.0.jar:/home/alex/.m2/repository/commons-net/commons-net/3.6/commons-net-3.6.jar:/home/alex/.m2/repository/org/eclipse/jetty/jetty-util/9.3.27.v20190418/jetty-util-9.3.27.v20190418.jar:/home/alex/.m2/repository/javax/servlet/jsp/jsp-api/2.1/jsp-api-2.1.jar:/home/alex/.m2/repository/com/sun/jersey/jersey-core/1.19/jersey-core-1.19.jar:/home/alex/.m2/repository/javax/ws/rs/jsr311-api/1.1.1/jsr311-api-1.1.1.jar:/home/alex/.m2/repository/com/sun/jersey/jersey-json/1.19/jersey-json-1.19.jar:/home/alex/.m2/repository/com/sun/xml/bind/jaxb-impl/2.2.3-1/jaxb-impl-2.2.3-1.jar:/home/alex/.m2/repository/org/codehaus/jackson/jackson-jaxrs/1.9.2/jackson-jaxrs-1.9.2.jar:/home/alex/.m2/repository/org/codehaus/jackson/jackson-xc/1.9.2/jackson-xc-1.9.2.jar:/home/alex/.m2/repository/com/sun/jersey/jersey-server/1.19/jersey-server-1.19.jar:/home/alex/.m2/repository/org/apache/commons/commons-configuration2/2.1.1/commons-configuration2-2.1.1.jar:/home/alex/.m2/repository/org/apache/hadoop/hadoop-auth/3.1.0/hadoop-auth-3.1.0.jar:/home/alex/.m2/repository/com/nimbusds/nimbus-jose-jwt/4.41.1/nimbus-jose-jwt-4.41.1.jar:/home/alex/.m2/repository/com/github/stephenc/jcip/jcip-annotations/1.0-1/jcip-annotations-1.0-1.jar:/home/alex/.m2/repository/com/jcraft/jsch/0.1.54/jsch-0.1.54.jar:/home/alex/.m2/repository/org/apache/htrace/htrace-core4/4.1.0-incubating/htrace-core4-4.1.0-incubating.jar:/home/alex/.m2/repository/org/apache/kerby/kerb-simplekdc/1.0.1/kerb-simplekdc-1.0.1.jar:/home/alex/.m2/repository/org/apache/kerby/kerb-client/1.0.1/kerb-client-1.0.1.jar:/home/alex/.m2/repository/org/apache/kerby/kerby-config/1.0.1/kerby-config-1.0.1.jar:/home/alex/.m2/repository/org/apache/kerby/kerb-core/1.0.1/kerb-core-1.0.1.jar:/home/alex/.m2/repository/org/apache/kerby/kerby-pkix/1.0.1/kerby-pkix-1.0.1.jar:/home/alex/.m2/repository/org/apache/kerby/kerby-asn1/1.0.1/kerby-asn1-1.0.1.jar:/home/alex/.m2/repository/org/apache/kerby/kerby-util/1.0.1/kerby-util-1.0.1.jar:/home/alex/.m2/repository/org/apache/kerby/kerb-common/1.0.1/kerb-common-1.0.1.jar:/home/alex/.m2/repository/org/apache/kerby/kerb-crypto/1.0.1/kerb-crypto-1.0.1.jar:/home/alex/.m2/repository/org/apache/kerby/kerb-util/1.0.1/kerb-util-1.0.1.jar:/home/alex/.m2/repository/org/apache/kerby/token-provider/1.0.1/token-provider-1.0.1.jar:/home/alex/.m2/repository/org/apache/kerby/kerb-admin/1.0.1/kerb-admin-1.0.1.jar:/home/alex/.m2/repository/org/apache/kerby/kerb-server/1.0.1/kerb-server-1.0.1.jar:/home/alex/.m2/repository/org/apache/kerby/kerb-identity/1.0.1/kerb-identity-1.0.1.jar:/home/alex/.m2/repository/org/apache/kerby/kerby-xdr/1.0.1/kerby-xdr-1.0.1.jar:/home/alex/.m2/repository/org/codehaus/woodstox/stax2-api/3.1.4/stax2-api-3.1.4.jar:/home/alex/.m2/repository/com/fasterxml/woodstox/woodstox-core/5.0.3/woodstox-core-5.0.3.jar:/home/alex/.m2/repository/org/apache/hadoop/hadoop-archives/3.1.0/hadoop-archives-3.1.0.jar:/home/alex/.m2/repository/org/apache/hadoop/hadoop-yarn-registry/3.1.0/hadoop-yarn-registry-3.1.0.jar:/home/alex/.m2/repository/org/apache/curator/curator-client/4.2.0/curator-client-4.2.0.jar:/home/alex/.m2/repository/org/apache/curator/curator-recipes/4.2.0/curator-recipes-4.2.0.jar:/home/alex/.m2/repository/commons-daemon/commons-daemon/1.0.13/commons-daemon-1.0.13.jar:/home/alex/.m2/repository/dnsjava/dnsjava/2.1.7/dnsjava-2.1.7.jar:/home/alex/.m2/repository/org/apache/hadoop/hadoop-mapreduce-client-core/3.1.0/hadoop-mapreduce-client-core-3.1.0.jar:/home/alex/.m2/repository/org/apache/hadoop/hadoop-hdfs-client/3.1.0/hadoop-hdfs-client-3.1.0.jar:/home/alex/.m2/repository/com/squareup/okhttp/okhttp/2.7.5/okhttp-2.7.5.jar:/home/alex/.m2/repository/com/squareup/okio/okio/1.6.0/okio-1.6.0.jar:/home/alex/.m2/repository/com/google/inject/extensions/guice-servlet/4.0/guice-servlet-4.0.jar:/home/alex/.m2/repository/org/apache/hadoop/hadoop-mapreduce-client-common/3.1.0/hadoop-mapreduce-client-common-3.1.0.jar:/home/alex/.m2/repository/org/apache/hadoop/hadoop-hdfs/3.1.0/hadoop-hdfs-3.1.0.jar:/home/alex/.m2/repository/org/eclipse/jetty/jetty-util-ajax/9.3.19.v20170502/jetty-util-ajax-9.3.19.v20170502.jar:/home/alex/.m2/repository/org/fusesource/leveldbjni/leveldbjni-all/1.8/leveldbjni-all-1.8.jar:/home/alex/.m2/repository/org/apache/hadoop/hadoop-yarn-api/3.1.0/hadoop-yarn-api-3.1.0.jar:/home/alex/.m2/repository/javax/xml/bind/jaxb-api/2.2.11/jaxb-api-2.2.11.jar:/home/alex/.m2/repository/org/apache/hadoop/hadoop-yarn-common/3.1.0/hadoop-yarn-common-3.1.0.jar:/home/alex/.m2/repository/com/google/inject/guice/4.0/guice-4.0.jar:/home/alex/.m2/repository/aopalliance/aopalliance/1.0/aopalliance-1.0.jar:/home/alex/.m2/repository/com/sun/jersey/contribs/jersey-guice/1.19/jersey-guice-1.19.jar:/home/alex/.m2/repository/com/fasterxml/jackson/module/jackson-module-jaxb-annotations/2.12.0/jackson-module-jaxb-annotations-2.12.0.jar:/home/alex/.m2/repository/jakarta/xml/bind/jakarta.xml.bind-api/2.3.2/jakarta.xml.bind-api-2.3.2.jar:/home/alex/.m2/repository/jakarta/activation/jakarta.activation-api/1.2.1/jakarta.activation-api-1.2.1.jar:/home/alex/.m2/repository/org/apache/hadoop/hadoop-yarn-client/3.1.0/hadoop-yarn-client-3.1.0.jar:/home/alex/.m2/repository/org/apache/orc/orc-tools/1.6.9/orc-tools-1.6.9.jar:/home/alex/.m2/repository/com/opencsv/opencsv/3.9/opencsv-3.9.jar:/home/alex/.m2/repository/org/codehaus/jettison/jettison/1.1/jettison-1.1.jar:/home/alex/.m2/repository/org/threeten/threetenbp/1.3.5/threetenbp-1.3.5.jar:/home/alex/.m2/repository/org/apache/ivy/ivy/2.4.0/ivy-2.4.0.jar:/home/alex/.m2/repository/org/apache/thrift/libthrift/0.14.1/libthrift-0.14.1.jar:/home/alex/.m2/repository/org/apache/httpcomponents/httpcore/4.4.13/httpcore-4.4.13.jar:/home/alex/.m2/repository/org/apache/tomcat/embed/tomcat-embed-core/8.5.46/tomcat-embed-core-8.5.46.jar:/home/alex/.m2/repository/org/apache/tomcat/tomcat-annotations-api/8.5.46/tomcat-annotations-api-8.5.46.jar:/home/alex/.m2/repository/javax/annotation/javax.annotation-api/1.3.2/javax.annotation-api-1.3.2.jar:/home/alex/.m2/repository/org/apache/zookeeper/zookeeper/3.5.5/zookeeper-3.5.5.jar:/home/alex/.m2/repository/org/apache/zookeeper/zookeeper-jute/3.5.5/zookeeper-jute-3.5.5.jar:/home/alex/.m2/repository/org/apache/curator/curator-framework/4.2.0/curator-framework-4.2.0.jar:/home/alex/.m2/repository/org/apache/curator/curator-test/4.2.0/curator-test-4.2.0.jar:/home/alex/.m2/repository/org/apache/datasketches/datasketches-hive/1.1.0-incubating/datasketches-hive-1.1.0-incubating.jar:/home/alex/.m2/repository/org/apache/datasketches/datasketches-java/1.3.0-incubating/datasketches-java-1.3.0-incubating.jar:/home/alex/.m2/repository/org/apache/datasketches/datasketches-memory/1.2.0-incubating/datasketches-memory-1.2.0-incubating.jar:/home/alex/.m2/repository/org/slf4j/slf4j-simple/1.7.27/slf4j-simple-1.7.27.jar:/home/alex/.m2/repository/com/lmax/disruptor/3.3.7/disruptor-3.3.7.jar:/home/alex/.m2/repository/org/codehaus/groovy/groovy-all/2.4.11/groovy-all-2.4.11.jar:/home/alex/.m2/repository/org/jodd/jodd-util/6.0.0/jodd-util-6.0.0.jar:/home/alex/.m2/repository/com/fasterxml/jackson/core/jackson-annotations/2.12.0/jackson-annotations-2.12.0.jar:/home/alex/.m2/repository/com/fasterxml/jackson/core/jackson-core/2.12.0/jackson-core-2.12.0.jar:/home/alex/.m2/repository/com/fasterxml/jackson/core/jackson-databind/2.12.0/jackson-databind-2.12.0.jar:/home/alex/.m2/repository/com/fasterxml/jackson/dataformat/jackson-dataformat-yaml/2.12.0/jackson-dataformat-yaml-2.12.0.jar:/home/alex/.m2/repository/org/yaml/snakeyaml/1.27/snakeyaml-1.27.jar:/home/alex/.m2/repository/org/datanucleus/datanucleus-core/5.2.4/datanucleus-core-5.2.4.jar:/home/alex/.m2/repository/org/apache/calcite/calcite-core/1.25.0/calcite-core-1.25.0.jar:/home/alex/.m2/repository/org/apache/calcite/calcite-linq4j/1.25.0/calcite-linq4j-1.25.0.jar:/home/alex/.m2/repository/org/apiguardian/apiguardian-api/1.1.0/apiguardian-api-1.1.0.jar:/home/alex/.m2/repository/com/esri/geometry/esri-geometry-api/2.2.0/esri-geometry-api-2.2.0.jar:/home/alex/.m2/repository/com/yahoo/datasketches/sketches-core/0.9.0/sketches-core-0.9.0.jar:/home/alex/.m2/repository/com/yahoo/datasketches/memory/0.9.0/memory-0.9.0.jar:/home/alex/.m2/repository/org/apache/commons/commons-dbcp2/2.7.0/commons-dbcp2-2.7.0.jar:/home/alex/.m2/repository/org/apache/commons/commons-pool2/2.7.0/commons-pool2-2.7.0.jar:/home/alex/.m2/repository/org/apache/calcite/calcite-druid/1.25.0/calcite-druid-1.25.0.jar:/home/alex/.m2/repository/org/apache/calcite/avatica/avatica/1.12.0/avatica-1.12.0.jar:/home/alex/.m2/repository/com/google/guava/guava/19.0/guava-19.0.jar:/home/alex/.m2/repository/com/googlecode/javaewah/JavaEWAH/0.3.2/JavaEWAH-0.3.2.jar:/home/alex/.m2/repository/com/google/code/gson/gson/2.2.4/gson-2.2.4.jar:/home/alex/.m2/repository/com/tdunning/json/1.8/json-1.8.jar:/home/alex/.m2/repository/stax/stax-api/1.0.1/stax-api-1.0.1.jar:/home/alex/.m2/repository/net/sf/opencsv/opencsv/2.3/opencsv-2.3.jar:/home/alex/Repositories/hive/standalone-metastore/metastore-server/target/classes:/home/alex/.m2/repository/com/zaxxer/HikariCP/2.6.1/HikariCP-2.6.1.jar:/home/alex/.m2/repository/commons-beanutils/commons-beanutils/1.9.4/commons-beanutils-1.9.4.jar:/home/alex/.m2/repository/org/datanucleus/datanucleus-api-jdo/5.2.4/datanucleus-api-jdo-5.2.4.jar:/home/alex/.m2/repository/org/datanucleus/datanucleus-rdbms/5.2.4/datanucleus-rdbms-5.2.4.jar:/home/alex/.m2/repository/org/datanucleus/javax.jdo/3.2.0-release/javax.jdo-3.2.0-release.jar:/home/alex/.m2/repository/javax/transaction/javax.transaction-api/1.3/javax.transaction-api-1.3.jar:/home/alex/.m2/repository/org/glassfish/corba/glassfish-corba-omgapi/4.2.2/glassfish-corba-omgapi-4.2.2.jar:/home/alex/.m2/repository/sqlline/sqlline/1.9.0/sqlline-1.9.0.jar:/home/alex/.m2/repository/org/jline/jline-terminal/3.12.1/jline-terminal-3.12.1.jar:/home/alex/.m2/repository/org/jline/jline-reader/3.12.1/jline-reader-3.12.1.jar:/home/alex/.m2/repository/org/jline/jline-terminal-jansi/3.12.1/jline-terminal-jansi-3.12.1.jar:/home/alex/.m2/repository/org/fusesource/jansi/jansi/1.18/jansi-1.18.jar:/home/alex/.m2/repository/org/jline/jline-terminal-jna/3.12.1/jline-terminal-jna-3.12.1.jar:/home/alex/.m2/repository/net/java/dev/jna/jna/5.3.1/jna-5.3.1.jar:/home/alex/.m2/repository/org/jline/jline-builtins/3.12.1/jline-builtins-3.12.1.jar:/home/alex/.m2/repository/org/jline/jline-style/3.12.1/jline-style-3.12.1.jar:/home/alex/.m2/repository/com/cronutils/cron-utils/9.1.3/cron-utils-9.1.3.jar:/home/alex/.m2/repository/org/glassfish/javax.el/3.0.0/javax.el-3.0.0.jar:/home/alex/.m2/repository/com/oracle/database/jdbc/ojdbc8/21.3.0.0/ojdbc8-21.3.0.0.jar:/home/alex/.m2/repository/mysql/mysql-connector-java/8.0.27/mysql-connector-java-8.0.27.jar:/home/alex/.m2/repository/com/microsoft/sqlserver/mssql-jdbc/6.2.1.jre8/mssql-jdbc-6.2.1.jre8.jar:/home/alex/.m2/repository/org/postgresql/postgresql/42.2.14/postgresql-42.2.14.jar:/home/alex/Repositories/hive/common/target/test-classes:/home/alex/Repositories/hive/standalone-metastore/metastore-common/target/test-classes:/home/alex/.m2/repository/com/github/ben-manes/caffeine/caffeine/2.8.4/caffeine-2.8.4.jar:/home/alex/.m2/repository/org/checkerframework/checker-qual/3.4.0/checker-qual-3.4.0.jar:/home/alex/Repositories/hive/standalone-metastore/metastore-server/target/test-classes:/home/alex/.m2/repository/org/apache/parquet/parquet-column/1.11.1/parquet-column-1.11.1-tests.jar:/home/alex/.m2/repository/org/apache/parquet/parquet-common/1.11.1/parquet-common-1.11.1.jar:/home/alex/.m2/repository/org/apache/parquet/parquet-format-structures/1.11.1/parquet-format-structures-1.11.1.jar:/home/alex/.m2/repository/org/apache/parquet/parquet-encoding/1.11.1/parquet-encoding-1.11.1.jar:/home/alex/.m2/repository/junit/junit/4.13/junit-4.13.jar:/home/alex/.m2/repository/org/hamcrest/hamcrest-core/1.3/hamcrest-core-1.3.jar:/home/alex/.m2/repository/org/junit/jupiter/junit-jupiter-engine/5.6.2/junit-jupiter-engine-5.6.2.jar:/home/alex/.m2/repository/org/junit/platform/junit-platform-engine/1.6.2/junit-platform-engine-1.6.2.jar:/home/alex/.m2/repository/org/opentest4j/opentest4j/1.2.0/opentest4j-1.2.0.jar:/home/alex/.m2/repository/org/junit/platform/junit-platform-commons/1.6.2/junit-platform-commons-1.6.2.jar:/home/alex/.m2/repository/org/junit/jupiter/junit-jupiter-api/5.6.2/junit-jupiter-api-5.6.2.jar:/home/alex/.m2/repository/org/junit/jupiter/junit-jupiter-params/5.6.2/junit-jupiter-params-5.6.2.jar:/home/alex/.m2/repository/org/junit/vintage/junit-vintage-engine/5.6.2/junit-vintage-engine-5.6.2.jar:/home/alex/.m2/repository/org/apache/tez/tez-api/0.10.1/tez-api-0.10.1.jar:/usr/lib/jvm/java-8-openjdk-amd64/jre/../lib/tools.jar:/home/alex/.m2/repository/org/apache/tez/tez-runtime-library/0.10.1/tez-runtime-library-0.10.1.jar:/home/alex/.m2/repository/org/roaringbitmap/RoaringBitmap/0.5.21/RoaringBitmap-0.5.21.jar:/home/alex/.m2/repository/org/asynchttpclient/async-http-client/2.12.1/async-http-client-2.12.1.jar:/home/alex/.m2/repository/org/asynchttpclient/async-http-client-netty-utils/2.12.1/async-http-client-netty-utils-2.12.1.jar:/home/alex/.m2/repository/io/netty/netty-buffer/4.1.48.Final/netty-buffer-4.1.48.Final.jar:/home/alex/.m2/repository/io/netty/netty-codec-http/4.1.48.Final/netty-codec-http-4.1.48.Final.jar:/home/alex/.m2/repository/io/netty/netty-common/4.1.48.Final/netty-common-4.1.48.Final.jar:/home/alex/.m2/repository/io/netty/netty-transport/4.1.48.Final/netty-transport-4.1.48.Final.jar:/home/alex/.m2/repository/io/netty/netty-codec/4.1.48.Final/netty-codec-4.1.48.Final.jar:/home/alex/.m2/repository/io/netty/netty-handler/4.1.48.Final/netty-handler-4.1.48.Final.jar:/home/alex/.m2/repository/io/netty/netty-resolver/4.1.48.Final/netty-resolver-4.1.48.Final.jar:/home/alex/.m2/repository/io/netty/netty-codec-socks/4.1.48.Final/netty-codec-socks-4.1.48.Final.jar:/home/alex/.m2/repository/io/netty/netty-handler-proxy/4.1.48.Final/netty-handler-proxy-4.1.48.Final.jar:/home/alex/.m2/repository/io/netty/netty-transport-native-epoll/4.1.48.Final/netty-transport-native-epoll-4.1.48.Final-linux-x86_64.jar:/home/alex/.m2/repository/io/netty/netty-transport-native-unix-common/4.1.48.Final/netty-transport-native-unix-common-4.1.48.Final.jar:/home/alex/.m2/repository/io/netty/netty-transport-native-kqueue/4.1.48.Final/netty-transport-native-kqueue-4.1.48.Final-osx-x86_64.jar:/home/alex/.m2/repository/org/reactivestreams/reactive-streams/1.0.3/reactive-streams-1.0.3.jar:/home/alex/.m2/repository/com/typesafe/netty/netty-reactive-streams/2.0.4/netty-reactive-streams-2.0.4.jar:/home/alex/.m2/repository/com/sun/activation/javax.activation/1.2.0/javax.activation-1.2.0.jar:/home/alex/.m2/repository/org/apache/tez/tez-common/0.10.1/tez-common-0.10.1.jar:/home/alex/.m2/repository/org/apache/tez/tez-runtime-internals/0.10.1/tez-runtime-internals-0.10.1.jar:/home/alex/.m2/repository/org/apache/tez/hadoop-shim/0.10.1/hadoop-shim-0.10.1.jar:/home/alex/.m2/repository/org/apache/tez/tez-mapreduce/0.10.1/tez-mapreduce-0.10.1.jar:/home/alex/.m2/repository/org/apache/tez/tez-dag/0.10.1/tez-dag-0.10.1.jar:/home/alex/.m2/repository/org/apache/hadoop/hadoop-yarn-server-web-proxy/3.1.0/hadoop-yarn-server-web-proxy-3.1.0.jar:/home/alex/.m2/repository/org/apache/hadoop/hadoop-yarn-server-common/3.1.0/hadoop-yarn-server-common-3.1.0.jar:/home/alex/.m2/repository/org/apache/geronimo/specs/geronimo-jcache_1.0_spec/1.0-alpha-1/geronimo-jcache_1.0_spec-1.0-alpha-1.jar:/home/alex/.m2/repository/org/ehcache/ehcache/3.3.1/ehcache-3.3.1.jar:/home/alex/.m2/repository/com/zaxxer/HikariCP-java7/2.4.12/HikariCP-java7-2.4.12.jar:/home/alex/.m2/repository/org/apache/spark/spark-core_2.12/2.4.5/spark-core_2.12-2.4.5.jar:/home/alex/.m2/repository/com/twitter/chill_2.12/0.9.3/chill_2.12-0.9.3.jar:/home/alex/.m2/repository/com/twitter/chill-java/0.9.3/chill-java-0.9.3.jar:/home/alex/.m2/repository/org/apache/xbean/xbean-asm6-shaded/4.8/xbean-asm6-shaded-4.8.jar:/home/alex/.m2/repository/org/apache/hadoop/hadoop-client/3.1.0/hadoop-client-3.1.0.jar:/home/alex/.m2/repository/org/apache/hadoop/hadoop-mapreduce-client-jobclient/3.1.0/hadoop-mapreduce-client-jobclient-3.1.0.jar:/home/alex/.m2/repository/org/apache/spark/spark-launcher_2.12/2.4.5/spark-launcher_2.12-2.4.5.jar:/home/alex/.m2/repository/org/apache/spark/spark-kvstore_2.12/2.4.5/spark-kvstore_2.12-2.4.5.jar:/home/alex/.m2/repository/org/apache/spark/spark-network-common_2.12/2.4.5/spark-network-common_2.12-2.4.5.jar:/home/alex/.m2/repository/org/apache/spark/spark-network-shuffle_2.12/2.4.5/spark-network-shuffle_2.12-2.4.5.jar:/home/alex/.m2/repository/org/apache/spark/spark-unsafe_2.12/2.4.5/spark-unsafe_2.12-2.4.5.jar:/home/alex/.m2/repository/javax/activation/activation/1.1.1/activation-1.1.1.jar:/home/alex/.m2/repository/org/slf4j/jul-to-slf4j/1.7.16/jul-to-slf4j-1.7.16.jar:/home/alex/.m2/repository/org/slf4j/jcl-over-slf4j/1.7.16/jcl-over-slf4j-1.7.16.jar:/home/alex/.m2/repository/com/ning/compress-lzf/1.0.3/compress-lzf-1.0.3.jar:/home/alex/.m2/repository/org/lz4/lz4-java/1.4.0/lz4-java-1.4.0.jar:/home/alex/.m2/repository/com/github/luben/zstd-jni/1.3.2-2/zstd-jni-1.3.2-2.jar:/home/alex/.m2/repository/org/scala-lang/scala-library/2.12.10/scala-library-2.12.10.jar:/home/alex/.m2/repository/org/json4s/json4s-jackson_2.12/3.5.3/json4s-jackson_2.12-3.5.3.jar:/home/alex/.m2/repository/org/json4s/json4s-core_2.12/3.5.3/json4s-core_2.12-3.5.3.jar:/home/alex/.m2/repository/org/json4s/json4s-ast_2.12/3.5.3/json4s-ast_2.12-3.5.3.jar:/home/alex/.m2/repository/org/json4s/json4s-scalap_2.12/3.5.3/json4s-scalap_2.12-3.5.3.jar:/home/alex/.m2/repository/org/scala-lang/modules/scala-xml_2.12/1.0.6/scala-xml_2.12-1.0.6.jar:/home/alex/.m2/repository/com/clearspring/analytics/stream/2.7.0/stream-2.7.0.jar:/home/alex/.m2/repository/io/dropwizard/metrics/metrics-graphite/3.1.5/metrics-graphite-3.1.5.jar:/home/alex/.m2/repository/oro/oro/2.0.8/oro-2.0.8.jar:/home/alex/.m2/repository/net/razorvine/pyrolite/4.13/pyrolite-4.13.jar:/home/alex/.m2/repository/net/sf/py4j/py4j/0.10.7/py4j-0.10.7.jar:/home/alex/.m2/repository/org/apache/spark/spark-tags_2.12/2.4.5/spark-tags_2.12-2.4.5.jar:/home/alex/.m2/repository/org/spark-project/spark/unused/1.0.0/unused-1.0.0.jar:/home/alex/.m2/repository/com/sun/jersey/jersey-servlet/1.19/jersey-servlet-1.19.jar:/home/alex/.m2/repository/org/glassfish/jersey/core/jersey-server/2.22.2/jersey-server-2.22.2.jar:/home/alex/.m2/repository/org/glassfish/jersey/core/jersey-common/2.22.2/jersey-common-2.22.2.jar:/home/alex/.m2/repository/org/glassfish/jersey/bundles/repackaged/jersey-guava/2.22.2/jersey-guava-2.22.2.jar:/home/alex/.m2/repository/org/glassfish/hk2/osgi-resource-locator/1.0.1/osgi-resource-locator-1.0.1.jar:/home/alex/.m2/repository/org/glassfish/jersey/core/jersey-client/2.22.2/jersey-client-2.22.2.jar:/home/alex/.m2/repository/javax/ws/rs/javax.ws.rs-api/2.0.1/javax.ws.rs-api-2.0.1.jar:/home/alex/.m2/repository/org/glassfish/jersey/media/jersey-media-jaxb/2.22.2/jersey-media-jaxb-2.22.2.jar:/home/alex/.m2/repository/org/glassfish/hk2/hk2-api/2.4.0-b34/hk2-api-2.4.0-b34.jar:/home/alex/.m2/repository/org/glassfish/hk2/hk2-utils/2.4.0-b34/hk2-utils-2.4.0-b34.jar:/home/alex/.m2/repository/org/glassfish/hk2/external/aopalliance-repackaged/2.4.0-b34/aopalliance-repackaged-2.4.0-b34.jar:/home/alex/.m2/repository/org/glassfish/hk2/external/javax.inject/2.4.0-b34/javax.inject-2.4.0-b34.jar:/home/alex/.m2/repository/org/glassfish/hk2/hk2-locator/2.4.0-b34/hk2-locator-2.4.0-b34.jar:/home/alex/.m2/repository/javax/validation/validation-api/1.1.0.Final/validation-api-1.1.0.Final.jar:/home/alex/.m2/repository/org/glassfish/jersey/containers/jersey-container-servlet-core/2.22.2/jersey-container-servlet-core-2.22.2.jar:/home/alex/.m2/repository/org/hamcrest/hamcrest-all/1.3/hamcrest-all-1.3.jar:/home/alex/.m2/repository/org/powermock/powermock-module-junit4/2.0.2/powermock-module-junit4-2.0.2.jar:/home/alex/.m2/repository/org/powermock/powermock-module-junit4-common/2.0.2/powermock-module-junit4-common-2.0.2.jar:/home/alex/.m2/repository/org/powermock/powermock-reflect/2.0.2/powermock-reflect-2.0.2.jar:/home/alex/.m2/repository/org/powermock/powermock-core/2.0.2/powermock-core-2.0.2.jar:/home/alex/.m2/repository/org/powermock/powermock-api-mockito2/2.0.2/powermock-api-mockito2-2.0.2.jar:/home/alex/.m2/repository/org/powermock/powermock-api-support/2.0.2/powermock-api-support-2.0.2.jar:/home/alex/.m2/repository/com/google/guava/guava-testlib/19.0/guava-testlib-19.0.jar:/home/alex/.m2/repository/com/google/errorprone/error_prone_annotations/2.0.2/error_prone_annotations-2.0.2.jar:/home/alex/.m2/repository/com/google/re2j/re2j/1.2/re2j-1.2.jar:/home/alex/.m2/repository/org/reflections/reflections/0.9.10/reflections-0.9.10.jar:/home/alex/.m2/repository/org/javassist/javassist/3.19.0-GA/javassist-3.19.0-GA.jar:/home/alex/.m2/repository/com/jayway/jsonpath/json-path/2.4.0/json-path-2.4.0.jar:/home/alex/.m2/repository/net/minidev/json-smart/2.3/json-smart-2.3.jar:/home/alex/.m2/repository/net/minidev/accessors-smart/1.2/accessors-smart-1.2.jar:/home/alex/.m2/repository/org/ow2/asm/asm/5.0.4/asm-5.0.4.jar:/home/alex/.m2/repository/org/codehaus/janino/commons-compiler/3.0.11/commons-compiler-3.0.11.jar:/home/alex/.m2/repository/org/codehaus/janino/janino/3.0.11/janino-3.0.11.jar:/home/alex/.m2/repository/com/sun/jersey/contribs/jersey-multipart/1.19/jersey-multipart-1.19.jar:/home/alex/.m2/repository/org/jvnet/mimepull/mimepull/1.9.3/mimepull-1.9.3.jar:/home/alex/.m2/repository/org/apache/kafka/kafka-clients/2.5.0/kafka-clients-2.5.0.jar:/home/alex/.m2/repository/org/slf4j/slf4j-api/1.7.30/slf4j-api-1.7.30.jar:/home/alex/.m2/repository/org/mockito/mockito-core/3.4.4/mockito-core-3.4.4.jar:/home/alex/.m2/repository/net/bytebuddy/byte-buddy/1.10.13/byte-buddy-1.10.13.jar:/home/alex/.m2/repository/net/bytebuddy/byte-buddy-agent/1.10.13/byte-buddy-agent-1.10.13.jar:/home/alex/Repositories/hive/ql/target/testconf:/home/alex/Repositories/hive/ql/../conf:"/>
    <property name="sun.cpu.endian" value="little"/>
    <property name="user.home" value="/home/alex"/>
    <property name="user.language" value="en"/>
    <property name="java.security.krb5.conf" value="/home/alex/Repositories/hive/ql/target/testconf/krb5.conf"/>
    <property name="test.dfs.mkdir" value=""/>
    <property name="java.awt.graphicsenv" value="sun.awt.X11GraphicsEnvironment"/>
    <property name="nondexFilter" value=".*"/>
    <property name="nondexSeed" value="1016066"/>
    <property name="surefire.real.class.path" value="/home/alex/Repositories/hive/ql/target/surefire/surefirebooter2320995621736857432.jar"/>
    <property name="hadoop.log.dir" value="/home/alex/Repositories/hive/ql/target/tmp"/>
    <property name="java.net.preferIPv4Stack" value="true"/>
    <property name="path.separator" value=":"/>
    <property name="os.version" value="6.5.0-28-generic"/>
    <property name="java.endorsed.dirs" value="/usr/lib/jvm/java-8-openjdk-amd64/jre/lib/endorsed"/>
    <property name="java.runtime.name" value="OpenJDK Runtime Environment"/>
    <property name="hive.test.console.log.level" value="INFO"/>
    <property name="java.vm.name" value="OpenJDK 64-Bit Server VM"/>
    <property name="java.vendor.url.bug" value="http://bugreport.sun.com/bugreport/"/>
    <property name="maven.local.repository" value="/home/alex/.m2/repository"/>
    <property name="user.dir" value="/home/alex/Repositories/hive/ql"/>
    <property name="os.arch" value="amd64"/>
    <property name="nondexMode" value="FULL"/>
    <property name="user.language.format" value="pt"/>
    <property name="antlr.version" value="3.5.2"/>
    <property name="derby.version" value="10.14.1.0"/>
    <property name="java.vm.info" value="mixed mode"/>
    <property name="java.vm.version" value="25.402-b06"/>
    <property name="java.ext.dirs" value="/usr/lib/jvm/java-8-openjdk-amd64/jre/lib/ext:/usr/java/packages/lib/ext"/>
    <property name="test.output.overwrite" value=""/>
    <property name="java.class.version" value="52.0"/>
    <property name="hive.root" value="/home/alex/Repositories/hive/ql/../"/>
  </properties>
  <testcase name="testMMFlatSource" classname="org.apache.hadoop.hive.ql.TestTxnExIm" time="18.684"/>
  <testcase name="testMMCreateFlatSource" classname="org.apache.hadoop.hive.ql.TestTxnExIm" time="0">
    <skipped message="in this case no transactional tables are involved"/>
  </testcase>
  <testcase name="testExportCustomDb" classname="org.apache.hadoop.hive.ql.TestTxnExIm" time="8.502"/>
  <testcase name="testCTLT" classname="org.apache.hadoop.hive.ql.TestTxnExIm" time="0">
    <skipped/>
  </testcase>
  <testcase name="testMMCreate" classname="org.apache.hadoop.hive.ql.TestTxnExIm" time="6.696"/>
  <testcase name="testMM" classname="org.apache.hadoop.hive.ql.TestTxnExIm" time="6.386"/>
  <testcase name="testImportPartitionedCreate2" classname="org.apache.hadoop.hive.ql.TestTxnExIm" time="8.683"/>
  <testcase name="testExportPart" classname="org.apache.hadoop.hive.ql.TestTxnExIm" time="7.031"/>
  <testcase name="testImportPartitionedOrc" classname="org.apache.hadoop.hive.ql.TestTxnExIm" time="8.041"/>
  <testcase name="testImportNoTarget" classname="org.apache.hadoop.hive.ql.TestTxnExIm" time="6.79">
    <error type="java.lang.RuntimeException"><![CDATA[java.lang.RuntimeException: update T set a = 0 where b = 6 failed: (responseCode = 40000, errorMessage = FAILED: NoMatchingMethodException No matching method for class org.apache.hadoop.hive.ql.udf.UDFToInteger with (struct<writeid:bigint,bucketid:int,rowid:bigint>). Possible choices: _FUNC_(bigint)  _FUNC_(boolean)  _FUNC_(decimal(38,18))  _FUNC_(double)  _FUNC_(float)  _FUNC_(smallint)  _FUNC_(string)  _FUNC_(struct<bucketid:bigint,writeid:bigint,rowid:int>)  _FUNC_(timestamp)  _FUNC_(tinyint)  _FUNC_(void)  , hiveErrorCode = 40000, SQLState = 42000, exception = No matching method for class org.apache.hadoop.hive.ql.udf.UDFToInteger with (struct<writeid:bigint,bucketid:int,rowid:bigint>). Possible choices: _FUNC_(bigint)  _FUNC_(boolean)  _FUNC_(decimal(38,18))  _FUNC_(double)  _FUNC_(float)  _FUNC_(smallint)  _FUNC_(string)  _FUNC_(struct<bucketid:bigint,writeid:bigint,rowid:int>)  _FUNC_(timestamp)  _FUNC_(tinyint)  _FUNC_(void)  )
	at org.apache.hadoop.hive.ql.TxnCommandsBaseForTests.runStatementOnDriver(TxnCommandsBaseForTests.java:247)
	at org.apache.hadoop.hive.ql.TestTxnExIm.testImport(TestTxnExIm.java:335)
	at org.apache.hadoop.hive.ql.TestTxnExIm.testImportNoTarget(TestTxnExIm.java:298)
	at sun.reflect.NativeMethodAccessorImpl.invoke0(Native Method)
	at sun.reflect.NativeMethodAccessorImpl.invoke(NativeMethodAccessorImpl.java:62)
	at sun.reflect.DelegatingMethodAccessorImpl.invoke(DelegatingMethodAccessorImpl.java:43)
	at java.lang.reflect.Method.invoke(Method.java:498)
	at org.junit.runners.model.FrameworkMethod$1.runReflectiveCall(FrameworkMethod.java:59)
	at org.junit.internal.runners.model.ReflectiveCallable.run(ReflectiveCallable.java:12)
	at org.junit.runners.model.FrameworkMethod.invokeExplosively(FrameworkMethod.java:56)
	at org.junit.internal.runners.statements.InvokeMethod.evaluate(InvokeMethod.java:17)
	at org.junit.internal.runners.statements.RunBefores.evaluate(RunBefores.java:26)
	at org.junit.internal.runners.statements.RunAfters.evaluate(RunAfters.java:27)
	at org.junit.rules.TestWatcher$1.evaluate(TestWatcher.java:61)
	at org.junit.runners.ParentRunner$3.evaluate(ParentRunner.java:306)
	at org.junit.runners.BlockJUnit4ClassRunner$1.evaluate(BlockJUnit4ClassRunner.java:100)
	at org.junit.runners.ParentRunner.runLeaf(ParentRunner.java:366)
	at org.junit.runners.BlockJUnit4ClassRunner.runChild(BlockJUnit4ClassRunner.java:103)
	at org.junit.runners.BlockJUnit4ClassRunner.runChild(BlockJUnit4ClassRunner.java:63)
	at org.junit.runners.ParentRunner$4.run(ParentRunner.java:331)
	at org.junit.runners.ParentRunner$1.schedule(ParentRunner.java:79)
	at org.junit.runners.ParentRunner.runChildren(ParentRunner.java:329)
	at org.junit.runners.ParentRunner.access$100(ParentRunner.java:66)
	at org.junit.runners.ParentRunner$2.evaluate(ParentRunner.java:293)
	at org.junit.runners.ParentRunner$3.evaluate(ParentRunner.java:306)
	at org.junit.runners.ParentRunner.run(ParentRunner.java:413)
	at org.junit.runner.JUnitCore.run(JUnitCore.java:137)
	at org.junit.runner.JUnitCore.run(JUnitCore.java:115)
	at org.junit.vintage.engine.execution.RunnerExecutor.execute(RunnerExecutor.java:43)
	at java.util.stream.ForEachOps$ForEachOp$OfRef.accept(ForEachOps.java:183)
	at java.util.stream.ReferencePipeline$3$1.accept(ReferencePipeline.java:193)
	at java.util.Iterator.forEachRemaining(Iterator.java:116)
	at java.util.Spliterators$IteratorSpliterator.forEachRemaining(Spliterators.java:1801)
	at java.util.stream.AbstractPipeline.copyInto(AbstractPipeline.java:482)
	at java.util.stream.AbstractPipeline.wrapAndCopyInto(AbstractPipeline.java:472)
	at java.util.stream.ForEachOps$ForEachOp.evaluateSequential(ForEachOps.java:150)
	at java.util.stream.ForEachOps$ForEachOp$OfRef.evaluateSequential(ForEachOps.java:173)
	at java.util.stream.AbstractPipeline.evaluate(AbstractPipeline.java:234)
	at java.util.stream.ReferencePipeline.forEach(ReferencePipeline.java:485)
	at org.junit.vintage.engine.VintageTestEngine.executeAllChildren(VintageTestEngine.java:82)
	at org.junit.vintage.engine.VintageTestEngine.execute(VintageTestEngine.java:73)
	at org.junit.platform.launcher.core.DefaultLauncher.execute(DefaultLauncher.java:248)
	at org.junit.platform.launcher.core.DefaultLauncher.lambda$execute$5(DefaultLauncher.java:211)
	at org.junit.platform.launcher.core.DefaultLauncher.withInterceptedStreams(DefaultLauncher.java:226)
	at org.junit.platform.launcher.core.DefaultLauncher.execute(DefaultLauncher.java:199)
	at org.junit.platform.launcher.core.DefaultLauncher.execute(DefaultLauncher.java:132)
	at org.apache.maven.surefire.junitplatform.JUnitPlatformProvider.invokeAllTests(JUnitPlatformProvider.java:154)
	at org.apache.maven.surefire.junitplatform.JUnitPlatformProvider.invoke(JUnitPlatformProvider.java:123)
	at org.apache.maven.surefire.booter.ForkedBooter.runSuitesInProcess(ForkedBooter.java:377)
	at org.apache.maven.surefire.booter.ForkedBooter.execute(ForkedBooter.java:138)
	at org.apache.maven.surefire.booter.ForkedBooter.run(ForkedBooter.java:465)
	at org.apache.maven.surefire.booter.ForkedBooter.main(ForkedBooter.java:451)
]]></error>
    <system-err><![CDATA[2024-04-24T04:56:08,038  WARN [main] conf.HiveConf: HiveConf of name hive.metastore.metadb.dir does not exist
2024-04-24T04:56:08,038  WARN [main] conf.HiveConf: HiveConf of name hive.dummyparam.test.server.specific.config.override does not exist
2024-04-24T04:56:08,038  WARN [main] conf.HiveConf: HiveConf of name hive.llap.io.cache.orc.size does not exist
2024-04-24T04:56:08,038  WARN [main] conf.HiveConf: HiveConf of name hive.metastore.client.cache.maxSize does not exist
2024-04-24T04:56:08,038  WARN [main] conf.HiveConf: HiveConf of name hive.dummyparam.test.server.specific.config.metastoresite does not exist
2024-04-24T04:56:08,038  WARN [main] conf.HiveConf: HiveConf of name hive.llap.io.cache.orc.alloc.max does not exist
2024-04-24T04:56:08,038  WARN [main] conf.HiveConf: HiveConf of name hive.llap.io.cache.orc.alloc.min does not exist
2024-04-24T04:56:08,038  WARN [main] conf.HiveConf: HiveConf of name hive.llap.io.cache.orc.arena.size does not exist
2024-04-24T04:56:08,038  WARN [main] conf.HiveConf: HiveConf of name hive.dummyparam.test.server.specific.config.hivesite does not exist
2024-04-24T04:56:08,038  WARN [main] conf.HiveConf: HiveConf of name hive.metastore.client.cache.recordStats does not exist
2024-04-24T04:56:08,038  WARN [main] conf.HiveConf: HiveConf of name hive.stats.key.prefix.reserve.length does not exist
2024-04-24T04:56:08,041  INFO [main] utils.TestTxnDbUtil: Creating transactional tables
Hive Session ID = c66746de-be8f-4d05-99f8-bf9617dee7bc
2024-04-24T04:56:08,044  INFO [main] SessionState: Hive Session ID = c66746de-be8f-4d05-99f8-bf9617dee7bc
ivysettings.xml file not found in HIVE_HOME or HIVE_CONF_DIR,/home/alex/Repositories/hive/conf/ivysettings.xml will be used
2024-04-24T04:56:08,044  INFO [main] DependencyResolver: ivysettings.xml file not found in HIVE_HOME or HIVE_CONF_DIR,/home/alex/Repositories/hive/conf/ivysettings.xml will be used
2024-04-24T04:56:08,050  INFO [main] session.SessionState: Created HDFS directory: /home/alex/Repositories/hive/ql/target/tmp/scratchdir/alex/c66746de-be8f-4d05-99f8-bf9617dee7bc
2024-04-24T04:56:08,052  INFO [main] session.SessionState: Created local directory: /home/alex/Repositories/hive/ql/target/tmp/localscratchdir/c66746de-be8f-4d05-99f8-bf9617dee7bc
2024-04-24T04:56:08,055  INFO [main] session.SessionState: Created HDFS directory: /home/alex/Repositories/hive/ql/target/tmp/scratchdir/alex/c66746de-be8f-4d05-99f8-bf9617dee7bc/_tmp_space.db
2024-04-24T04:56:08,055  INFO [main] sqlstd.SQLStdHiveAccessController: Created SQLStdHiveAccessController for session context : HiveAuthzSessionContext [sessionString=c66746de-be8f-4d05-99f8-bf9617dee7bc, clientType=HIVECLI]
2024-04-24T04:56:08,055  INFO [main] ql.TxnCommandsBaseForTests: Running the query: drop table if exists acidTbl
2024-04-24T04:56:08,056  INFO [main] ql.Driver: Compiling command(queryId=alex_20240424045608_90d817a9-9992-4890-afe8-94d8a9465709): drop table if exists acidTbl
2024-04-24T04:56:08,066  INFO [main] txn.TxnHandler: Added entries to MIN_HISTORY_LEVEL for current txns: ([1]) with min_open_txn: 1
2024-04-24T04:56:08,066  INFO [main] lockmgr.DbTxnManager: Opened txnid:1
2024-04-24T04:56:08,069  INFO [main] HiveMetaStore.audit: ugi=alex	ip=unknown-ip-addr	cmd=get_table : tbl=hive.default.acidTbl	
2024-04-24T04:56:08,073  INFO [main] ql.Driver: Semantic Analysis Completed (retrial = false)
2024-04-24T04:56:08,073  INFO [main] ql.Driver: Created Hive schema: Schema(fieldSchemas:null, properties:null)
2024-04-24T04:56:08,073  INFO [main] metadata.Hive: Dumping metastore api call timing information for : compilation phase
2024-04-24T04:56:08,073  INFO [main] metadata.Hive: Total time spent in each metastore function (ms): {isCompatibleWith_(Configuration)=0, commitTxn_(CommitTxnRequest)=13, flushCache_()=0, openTxn_(String, TxnType)=10, getValidTxns_(long)=2}
2024-04-24T04:56:08,073  INFO [main] ql.Driver: Completed compiling command(queryId=alex_20240424045608_90d817a9-9992-4890-afe8-94d8a9465709); Time taken: 0.017 seconds
2024-04-24T04:56:08,074  INFO [main] lockmgr.DbTxnManager: Setting lock request transaction to txnid:1 for queryId=alex_20240424045608_90d817a9-9992-4890-afe8-94d8a9465709
2024-04-24T04:56:08,074  INFO [main] ql.Driver: Operation DROPTABLE obtained 0 locks
2024-04-24T04:56:08,074  INFO [main] ql.Driver: Executing command(queryId=alex_20240424045608_90d817a9-9992-4890-afe8-94d8a9465709): drop table if exists acidTbl
2024-04-24T04:56:08,074  INFO [main] ql.Driver: Starting task [Stage-0:DDL] in serial mode
2024-04-24T04:56:08,074  INFO [main] HiveMetaStore.audit: ugi=alex	ip=unknown-ip-addr	cmd=get_table : tbl=hive.default.acidTbl	
2024-04-24T04:56:08,077  INFO [main] metadata.Hive: Dumping metastore api call timing information for : execution phase
2024-04-24T04:56:08,077  INFO [main] metadata.Hive: Total time spent in each metastore function (ms): {isCompatibleWith_(Configuration)=0}
2024-04-24T04:56:08,078  INFO [main] ql.Driver: Completed executing command(queryId=alex_20240424045608_90d817a9-9992-4890-afe8-94d8a9465709); Time taken: 0.003 seconds
2024-04-24T04:56:08,078  INFO [main] lockmgr.DbTxnManager: Stopped heartbeat for query: alex_20240424045608_90d817a9-9992-4890-afe8-94d8a9465709
2024-04-24T04:56:08,085  INFO [main] txn.TxnHandler: Expected to move at least one record from txn_components to completed_txn_components when committing txn! txnid:1
2024-04-24T04:56:08,094  INFO [main] txn.TxnHandler: Removed transactions: ([1]) from MIN_HISTORY_LEVEL
2024-04-24T04:56:08,096  WARN [main] txn.CompactionTxnHandler: No compaction queue record found for Compaction type transaction commit. txnId:1
2024-04-24T04:56:08,096  INFO [main] ql.TxnCommandsBaseForTests: Running the query: drop table if exists acidTblPart
2024-04-24T04:56:08,097  INFO [main] ql.Driver: Compiling command(queryId=alex_20240424045608_2d74c783-c912-498b-bc9d-78a6bb8298bb): drop table if exists acidTblPart
2024-04-24T04:56:08,099  INFO [main] txn.TxnHandler: Added entries to MIN_HISTORY_LEVEL for current txns: ([2]) with min_open_txn: 1
2024-04-24T04:56:08,099  INFO [main] lockmgr.DbTxnManager: Opened txnid:2
2024-04-24T04:56:08,100  INFO [main] HiveMetaStore.audit: ugi=alex	ip=unknown-ip-addr	cmd=get_table : tbl=hive.default.acidTblPart	
2024-04-24T04:56:08,103  INFO [main] ql.Driver: Semantic Analysis Completed (retrial = false)
2024-04-24T04:56:08,103  INFO [main] ql.Driver: Created Hive schema: Schema(fieldSchemas:null, properties:null)
2024-04-24T04:56:08,103  INFO [main] metadata.Hive: Dumping metastore api call timing information for : compilation phase
2024-04-24T04:56:08,103  INFO [main] metadata.Hive: Total time spent in each metastore function (ms): {getValidTxns_(long)=0, commitTxn_(CommitTxnRequest)=18, flushCache_()=0, openTxn_(String, TxnType)=2, isCompatibleWith_(Configuration)=1}
2024-04-24T04:56:08,104  INFO [main] ql.Driver: Completed compiling command(queryId=alex_20240424045608_2d74c783-c912-498b-bc9d-78a6bb8298bb); Time taken: 0.006 seconds
2024-04-24T04:56:08,104  INFO [main] lockmgr.DbTxnManager: Setting lock request transaction to txnid:2 for queryId=alex_20240424045608_2d74c783-c912-498b-bc9d-78a6bb8298bb
2024-04-24T04:56:08,104  INFO [main] ql.Driver: Operation DROPTABLE obtained 0 locks
2024-04-24T04:56:08,104  INFO [main] ql.Driver: Executing command(queryId=alex_20240424045608_2d74c783-c912-498b-bc9d-78a6bb8298bb): drop table if exists acidTblPart
2024-04-24T04:56:08,104  INFO [main] ql.Driver: Starting task [Stage-0:DDL] in serial mode
2024-04-24T04:56:08,104  INFO [main] HiveMetaStore.audit: ugi=alex	ip=unknown-ip-addr	cmd=get_table : tbl=hive.default.acidTblPart	
2024-04-24T04:56:08,108  INFO [main] metadata.Hive: Dumping metastore api call timing information for : execution phase
2024-04-24T04:56:08,108  INFO [main] metadata.Hive: Total time spent in each metastore function (ms): {isCompatibleWith_(Configuration)=0}
2024-04-24T04:56:08,108  INFO [main] ql.Driver: Completed executing command(queryId=alex_20240424045608_2d74c783-c912-498b-bc9d-78a6bb8298bb); Time taken: 0.004 seconds
2024-04-24T04:56:08,108  INFO [main] lockmgr.DbTxnManager: Stopped heartbeat for query: alex_20240424045608_2d74c783-c912-498b-bc9d-78a6bb8298bb
2024-04-24T04:56:08,115  INFO [main] txn.TxnHandler: Expected to move at least one record from txn_components to completed_txn_components when committing txn! txnid:2
2024-04-24T04:56:08,122  INFO [main] txn.TxnHandler: Removed transactions: ([2]) from MIN_HISTORY_LEVEL
2024-04-24T04:56:08,122  WARN [main] txn.CompactionTxnHandler: No compaction queue record found for Compaction type transaction commit. txnId:2
2024-04-24T04:56:08,123  INFO [main] ql.TxnCommandsBaseForTests: Running the query: drop table if exists acidTbl2
2024-04-24T04:56:08,123  INFO [main] ql.Driver: Compiling command(queryId=alex_20240424045608_8a750d9a-ccd9-4792-82a4-c104c4aac315): drop table if exists acidTbl2
2024-04-24T04:56:08,125  INFO [main] txn.TxnHandler: Added entries to MIN_HISTORY_LEVEL for current txns: ([3]) with min_open_txn: 1
2024-04-24T04:56:08,125  INFO [main] lockmgr.DbTxnManager: Opened txnid:3
2024-04-24T04:56:08,126  INFO [main] HiveMetaStore.audit: ugi=alex	ip=unknown-ip-addr	cmd=get_table : tbl=hive.default.acidTbl2	
2024-04-24T04:56:08,129  INFO [main] ql.Driver: Semantic Analysis Completed (retrial = false)
2024-04-24T04:56:08,129  INFO [main] ql.Driver: Created Hive schema: Schema(fieldSchemas:null, properties:null)
2024-04-24T04:56:08,130  INFO [main] metadata.Hive: Dumping metastore api call timing information for : compilation phase
2024-04-24T04:56:08,130  INFO [main] metadata.Hive: Total time spent in each metastore function (ms): {commitTxn_(CommitTxnRequest)=15, isCompatibleWith_(Configuration)=0, flushCache_()=0, getValidTxns_(long)=0, openTxn_(String, TxnType)=2}
2024-04-24T04:56:08,130  INFO [main] ql.Driver: Completed compiling command(queryId=alex_20240424045608_8a750d9a-ccd9-4792-82a4-c104c4aac315); Time taken: 0.006 seconds
2024-04-24T04:56:08,130  INFO [main] lockmgr.DbTxnManager: Setting lock request transaction to txnid:3 for queryId=alex_20240424045608_8a750d9a-ccd9-4792-82a4-c104c4aac315
2024-04-24T04:56:08,130  INFO [main] ql.Driver: Operation DROPTABLE obtained 0 locks
2024-04-24T04:56:08,130  INFO [main] ql.Driver: Executing command(queryId=alex_20240424045608_8a750d9a-ccd9-4792-82a4-c104c4aac315): drop table if exists acidTbl2
2024-04-24T04:56:08,130  INFO [main] ql.Driver: Starting task [Stage-0:DDL] in serial mode
2024-04-24T04:56:08,131  INFO [main] HiveMetaStore.audit: ugi=alex	ip=unknown-ip-addr	cmd=get_table : tbl=hive.default.acidTbl2	
2024-04-24T04:56:08,134  INFO [main] metadata.Hive: Dumping metastore api call timing information for : execution phase
2024-04-24T04:56:08,134  INFO [main] metadata.Hive: Total time spent in each metastore function (ms): {isCompatibleWith_(Configuration)=1}
2024-04-24T04:56:08,134  INFO [main] ql.Driver: Completed executing command(queryId=alex_20240424045608_8a750d9a-ccd9-4792-82a4-c104c4aac315); Time taken: 0.004 seconds
2024-04-24T04:56:08,134  INFO [main] lockmgr.DbTxnManager: Stopped heartbeat for query: alex_20240424045608_8a750d9a-ccd9-4792-82a4-c104c4aac315
2024-04-24T04:56:08,140  INFO [main] txn.TxnHandler: Expected to move at least one record from txn_components to completed_txn_components when committing txn! txnid:3
2024-04-24T04:56:08,147  INFO [main] txn.TxnHandler: Removed transactions: ([3]) from MIN_HISTORY_LEVEL
2024-04-24T04:56:08,147  WARN [main] txn.CompactionTxnHandler: No compaction queue record found for Compaction type transaction commit. txnId:3
2024-04-24T04:56:08,148  INFO [main] ql.TxnCommandsBaseForTests: Running the query: drop table if exists nonAcidOrcTbl
2024-04-24T04:56:08,148  INFO [main] ql.Driver: Compiling command(queryId=alex_20240424045608_90c9f336-d42e-4fc9-abaa-a5b2698b2db1): drop table if exists nonAcidOrcTbl
2024-04-24T04:56:08,150  INFO [main] txn.TxnHandler: Added entries to MIN_HISTORY_LEVEL for current txns: ([4]) with min_open_txn: 1
2024-04-24T04:56:08,151  INFO [main] lockmgr.DbTxnManager: Opened txnid:4
2024-04-24T04:56:08,151  INFO [main] HiveMetaStore.audit: ugi=alex	ip=unknown-ip-addr	cmd=get_table : tbl=hive.default.nonAcidOrcTbl	
2024-04-24T04:56:08,154  INFO [main] ql.Driver: Semantic Analysis Completed (retrial = false)
2024-04-24T04:56:08,154  INFO [main] ql.Driver: Created Hive schema: Schema(fieldSchemas:null, properties:null)
2024-04-24T04:56:08,154  INFO [main] metadata.Hive: Dumping metastore api call timing information for : compilation phase
2024-04-24T04:56:08,154  INFO [main] metadata.Hive: Total time spent in each metastore function (ms): {commitTxn_(CommitTxnRequest)=14, getValidTxns_(long)=0, flushCache_()=0, isCompatibleWith_(Configuration)=0, openTxn_(String, TxnType)=2}
2024-04-24T04:56:08,154  INFO [main] ql.Driver: Completed compiling command(queryId=alex_20240424045608_90c9f336-d42e-4fc9-abaa-a5b2698b2db1); Time taken: 0.006 seconds
2024-04-24T04:56:08,155  INFO [main] lockmgr.DbTxnManager: Setting lock request transaction to txnid:4 for queryId=alex_20240424045608_90c9f336-d42e-4fc9-abaa-a5b2698b2db1
2024-04-24T04:56:08,155  INFO [main] ql.Driver: Operation DROPTABLE obtained 0 locks
2024-04-24T04:56:08,155  INFO [main] ql.Driver: Executing command(queryId=alex_20240424045608_90c9f336-d42e-4fc9-abaa-a5b2698b2db1): drop table if exists nonAcidOrcTbl
2024-04-24T04:56:08,155  INFO [main] ql.Driver: Starting task [Stage-0:DDL] in serial mode
2024-04-24T04:56:08,155  INFO [main] HiveMetaStore.audit: ugi=alex	ip=unknown-ip-addr	cmd=get_table : tbl=hive.default.nonAcidOrcTbl	
2024-04-24T04:56:08,158  INFO [main] metadata.Hive: Dumping metastore api call timing information for : execution phase
2024-04-24T04:56:08,158  INFO [main] metadata.Hive: Total time spent in each metastore function (ms): {isCompatibleWith_(Configuration)=0}
2024-04-24T04:56:08,158  INFO [main] ql.Driver: Completed executing command(queryId=alex_20240424045608_90c9f336-d42e-4fc9-abaa-a5b2698b2db1); Time taken: 0.003 seconds
2024-04-24T04:56:08,158  INFO [main] lockmgr.DbTxnManager: Stopped heartbeat for query: alex_20240424045608_90c9f336-d42e-4fc9-abaa-a5b2698b2db1
2024-04-24T04:56:08,165  INFO [main] txn.TxnHandler: Expected to move at least one record from txn_components to completed_txn_components when committing txn! txnid:4
2024-04-24T04:56:08,172  INFO [main] txn.TxnHandler: Removed transactions: ([4]) from MIN_HISTORY_LEVEL
2024-04-24T04:56:08,172  WARN [main] txn.CompactionTxnHandler: No compaction queue record found for Compaction type transaction commit. txnId:4
2024-04-24T04:56:08,173  INFO [main] ql.TxnCommandsBaseForTests: Running the query: drop table if exists nonAcidOrcTbl2
2024-04-24T04:56:08,173  INFO [main] ql.Driver: Compiling command(queryId=alex_20240424045608_fe80b098-fc9c-41e1-8473-fcdf5b66291f): drop table if exists nonAcidOrcTbl2
2024-04-24T04:56:08,175  INFO [main] txn.TxnHandler: Added entries to MIN_HISTORY_LEVEL for current txns: ([5]) with min_open_txn: 1
2024-04-24T04:56:08,175  INFO [main] lockmgr.DbTxnManager: Opened txnid:5
2024-04-24T04:56:08,176  INFO [main] HiveMetaStore.audit: ugi=alex	ip=unknown-ip-addr	cmd=get_table : tbl=hive.default.nonAcidOrcTbl2	
2024-04-24T04:56:08,179  INFO [main] ql.Driver: Semantic Analysis Completed (retrial = false)
2024-04-24T04:56:08,179  INFO [main] ql.Driver: Created Hive schema: Schema(fieldSchemas:null, properties:null)
2024-04-24T04:56:08,179  INFO [main] metadata.Hive: Dumping metastore api call timing information for : compilation phase
2024-04-24T04:56:08,179  INFO [main] metadata.Hive: Total time spent in each metastore function (ms): {flushCache_()=0, getValidTxns_(long)=0, isCompatibleWith_(Configuration)=1, openTxn_(String, TxnType)=2, commitTxn_(CommitTxnRequest)=13}
2024-04-24T04:56:08,180  INFO [main] ql.Driver: Completed compiling command(queryId=alex_20240424045608_fe80b098-fc9c-41e1-8473-fcdf5b66291f); Time taken: 0.006 seconds
2024-04-24T04:56:08,180  INFO [main] lockmgr.DbTxnManager: Setting lock request transaction to txnid:5 for queryId=alex_20240424045608_fe80b098-fc9c-41e1-8473-fcdf5b66291f
2024-04-24T04:56:08,180  INFO [main] ql.Driver: Operation DROPTABLE obtained 0 locks
2024-04-24T04:56:08,180  INFO [main] ql.Driver: Executing command(queryId=alex_20240424045608_fe80b098-fc9c-41e1-8473-fcdf5b66291f): drop table if exists nonAcidOrcTbl2
2024-04-24T04:56:08,180  INFO [main] ql.Driver: Starting task [Stage-0:DDL] in serial mode
2024-04-24T04:56:08,180  INFO [main] HiveMetaStore.audit: ugi=alex	ip=unknown-ip-addr	cmd=get_table : tbl=hive.default.nonAcidOrcTbl2	
2024-04-24T04:56:08,183  INFO [main] metadata.Hive: Dumping metastore api call timing information for : execution phase
2024-04-24T04:56:08,183  INFO [main] metadata.Hive: Total time spent in each metastore function (ms): {isCompatibleWith_(Configuration)=0}
2024-04-24T04:56:08,184  INFO [main] ql.Driver: Completed executing command(queryId=alex_20240424045608_fe80b098-fc9c-41e1-8473-fcdf5b66291f); Time taken: 0.003 seconds
2024-04-24T04:56:08,184  INFO [main] lockmgr.DbTxnManager: Stopped heartbeat for query: alex_20240424045608_fe80b098-fc9c-41e1-8473-fcdf5b66291f
2024-04-24T04:56:08,189  INFO [main] txn.TxnHandler: Expected to move at least one record from txn_components to completed_txn_components when committing txn! txnid:5
2024-04-24T04:56:08,196  INFO [main] txn.TxnHandler: Removed transactions: ([5]) from MIN_HISTORY_LEVEL
2024-04-24T04:56:08,196  WARN [main] txn.CompactionTxnHandler: No compaction queue record found for Compaction type transaction commit. txnId:5
2024-04-24T04:56:08,196  INFO [main] ql.TxnCommandsBaseForTests: Running the query: drop table if exists nonAcidNonBucket
2024-04-24T04:56:08,197  INFO [main] ql.Driver: Compiling command(queryId=alex_20240424045608_6bf8a6de-5580-4d78-8345-735e687ddb0b): drop table if exists nonAcidNonBucket
2024-04-24T04:56:08,199  INFO [main] txn.TxnHandler: Added entries to MIN_HISTORY_LEVEL for current txns: ([6]) with min_open_txn: 1
2024-04-24T04:56:08,199  INFO [main] lockmgr.DbTxnManager: Opened txnid:6
2024-04-24T04:56:08,200  INFO [main] HiveMetaStore.audit: ugi=alex	ip=unknown-ip-addr	cmd=get_table : tbl=hive.default.nonAcidNonBucket	
2024-04-24T04:56:08,203  INFO [main] ql.Driver: Semantic Analysis Completed (retrial = false)
2024-04-24T04:56:08,203  INFO [main] ql.Driver: Created Hive schema: Schema(fieldSchemas:null, properties:null)
2024-04-24T04:56:08,203  INFO [main] metadata.Hive: Dumping metastore api call timing information for : compilation phase
2024-04-24T04:56:08,203  INFO [main] metadata.Hive: Total time spent in each metastore function (ms): {flushCache_()=0, isCompatibleWith_(Configuration)=0, getValidTxns_(long)=0, commitTxn_(CommitTxnRequest)=12, openTxn_(String, TxnType)=2}
2024-04-24T04:56:08,203  INFO [main] ql.Driver: Completed compiling command(queryId=alex_20240424045608_6bf8a6de-5580-4d78-8345-735e687ddb0b); Time taken: 0.006 seconds
2024-04-24T04:56:08,204  INFO [main] lockmgr.DbTxnManager: Setting lock request transaction to txnid:6 for queryId=alex_20240424045608_6bf8a6de-5580-4d78-8345-735e687ddb0b
2024-04-24T04:56:08,204  INFO [main] ql.Driver: Operation DROPTABLE obtained 0 locks
2024-04-24T04:56:08,204  INFO [main] ql.Driver: Executing command(queryId=alex_20240424045608_6bf8a6de-5580-4d78-8345-735e687ddb0b): drop table if exists nonAcidNonBucket
2024-04-24T04:56:08,204  INFO [main] ql.Driver: Starting task [Stage-0:DDL] in serial mode
2024-04-24T04:56:08,204  INFO [main] HiveMetaStore.audit: ugi=alex	ip=unknown-ip-addr	cmd=get_table : tbl=hive.default.nonAcidNonBucket	
2024-04-24T04:56:08,207  INFO [main] metadata.Hive: Dumping metastore api call timing information for : execution phase
2024-04-24T04:56:08,207  INFO [main] metadata.Hive: Total time spent in each metastore function (ms): {isCompatibleWith_(Configuration)=0}
2024-04-24T04:56:08,208  INFO [main] ql.Driver: Completed executing command(queryId=alex_20240424045608_6bf8a6de-5580-4d78-8345-735e687ddb0b); Time taken: 0.003 seconds
2024-04-24T04:56:08,208  INFO [main] lockmgr.DbTxnManager: Stopped heartbeat for query: alex_20240424045608_6bf8a6de-5580-4d78-8345-735e687ddb0b
2024-04-24T04:56:08,213  INFO [main] txn.TxnHandler: Expected to move at least one record from txn_components to completed_txn_components when committing txn! txnid:6
2024-04-24T04:56:08,220  INFO [main] txn.TxnHandler: Removed transactions: ([6]) from MIN_HISTORY_LEVEL
2024-04-24T04:56:08,220  WARN [main] txn.CompactionTxnHandler: No compaction queue record found for Compaction type transaction commit. txnId:6
2024-04-24T04:56:08,221  INFO [main] ql.TxnCommandsBaseForTests: Running the query: create table acidTbl(a int, b int) clustered by (a) into 2 buckets stored as orc TBLPROPERTIES ('transactional'='true')
2024-04-24T04:56:08,221  INFO [main] ql.Driver: Compiling command(queryId=alex_20240424045608_6b85010e-42b0-4adf-b436-674af226d8d5): create table acidTbl(a int, b int) clustered by (a) into 2 buckets stored as orc TBLPROPERTIES ('transactional'='true')
2024-04-24T04:56:08,223  INFO [main] txn.TxnHandler: Added entries to MIN_HISTORY_LEVEL for current txns: ([7]) with min_open_txn: 1
2024-04-24T04:56:08,223  INFO [main] lockmgr.DbTxnManager: Opened txnid:7
2024-04-24T04:56:08,224  INFO [main] parse.CalcitePlanner: Starting caching scope for: 
2024-04-24T04:56:08,224  INFO [main] parse.CalcitePlanner: Starting Semantic Analysis
2024-04-24T04:56:08,230  INFO [main] parse.CalcitePlanner: Creating table default.acidTbl position=13
2024-04-24T04:56:08,230  INFO [main] HiveMetaStore.audit: ugi=alex	ip=unknown-ip-addr	cmd=get_database: default	
2024-04-24T04:56:08,233  INFO [main] parse.CalcitePlanner: Ending caching scope for: 
2024-04-24T04:56:08,233  INFO [main] ql.Driver: Semantic Analysis Completed (retrial = false)
2024-04-24T04:56:08,233  INFO [main] ql.Driver: Created Hive schema: Schema(fieldSchemas:null, properties:null)
2024-04-24T04:56:08,233  INFO [main] metadata.Hive: Dumping metastore api call timing information for : compilation phase
2024-04-24T04:56:08,233  INFO [main] metadata.Hive: Total time spent in each metastore function (ms): {flushCache_()=0, getValidTxns_(long)=0, isCompatibleWith_(Configuration)=0, openTxn_(String, TxnType)=2, commitTxn_(CommitTxnRequest)=12, getDatabase_(String)=3, getValidWriteIds_(List, String)=6}
2024-04-24T04:56:08,234  INFO [main] ql.Driver: Completed compiling command(queryId=alex_20240424045608_6b85010e-42b0-4adf-b436-674af226d8d5); Time taken: 0.012 seconds
2024-04-24T04:56:08,234  INFO [main] lockmgr.DbTxnManager: Setting lock request transaction to txnid:7 for queryId=alex_20240424045608_6b85010e-42b0-4adf-b436-674af226d8d5
2024-04-24T04:56:08,234  INFO [main] lockmgr.DbLockManager: Requesting lock for queryId=alex_20240424045608_6b85010e-42b0-4adf-b436-674af226d8d5
2024-04-24T04:56:08,253  INFO [main] lockmgr.DbLockManager: Response to queryId=alex_20240424045608_6b85010e-42b0-4adf-b436-674af226d8d5 LockResponse(lockid:1, state:ACQUIRED)
2024-04-24T04:56:08,253  INFO [main] ql.Driver: Operation CREATETABLE obtained 1 locks
2024-04-24T04:56:08,254  INFO [main] ql.Driver: Executing command(queryId=alex_20240424045608_6b85010e-42b0-4adf-b436-674af226d8d5): create table acidTbl(a int, b int) clustered by (a) into 2 buckets stored as orc TBLPROPERTIES ('transactional'='true')
2024-04-24T04:56:08,254  INFO [main] ql.Driver: Starting task [Stage-0:DDL] in serial mode
2024-04-24T04:56:08,255  INFO [main] HiveMetaStore.audit: ugi=alex	ip=unknown-ip-addr	cmd=create_table_req: Table(tableName:acidTbl, dbName:default, owner:alex, createTime:1713959768, lastAccessTime:0, retention:0, sd:StorageDescriptor(cols:[FieldSchema(name:a, type:int, comment:null), FieldSchema(name:b, type:int, comment:null)], location:null, inputFormat:org.apache.hadoop.hive.ql.io.orc.OrcInputFormat, outputFormat:org.apache.hadoop.hive.ql.io.orc.OrcOutputFormat, compressed:false, numBuckets:2, serdeInfo:SerDeInfo(name:null, serializationLib:org.apache.hadoop.hive.ql.io.orc.OrcSerde, parameters:{serialization.format=1}), bucketCols:[a], sortCols:[], parameters:{}, skewedInfo:SkewedInfo(skewedColNames:[], skewedColValues:[], skewedColValueLocationMaps:{}), storedAsSubDirectories:false), partitionKeys:[], parameters:{transactional=true, numRows=0, COLUMN_STATS_ACCURATE={"BASIC_STATS":"true","COLUMN_STATS":{"a":"true","b":"true"}}, rawDataSize=0, numFilesErasureCoded=0, numFiles=0, bucketing_version=2, totalSize=0}, viewOriginalText:null, viewExpandedText:null, tableType:MANAGED_TABLE, privileges:PrincipalPrivilegeSet(userPrivileges:{alex=[PrivilegeGrantInfo(privilege:INSERT, createTime:-1, grantor:alex, grantorType:USER, grantOption:true), PrivilegeGrantInfo(privilege:SELECT, createTime:-1, grantor:alex, grantorType:USER, grantOption:true), PrivilegeGrantInfo(privilege:UPDATE, createTime:-1, grantor:alex, grantorType:USER, grantOption:true), PrivilegeGrantInfo(privilege:DELETE, createTime:-1, grantor:alex, grantorType:USER, grantOption:true)]}, groupPrivileges:null, rolePrivileges:null), temporary:false, catName:hive, ownerType:USER, writeId:0)	
2024-04-24T04:56:08,263  INFO [main] utils.FileUtils: Creating directory if it doesn't exist: file:/home/alex/Repositories/hive/ql/target/tmp/org.apache.hadoop.hive.ql.TestTxnExIm-1713959704617/warehouse/acidtbl
2024-04-24T04:56:08,294  INFO [main] metadata.Hive: Dumping metastore api call timing information for : execution phase
2024-04-24T04:56:08,294  INFO [main] metadata.Hive: Total time spent in each metastore function (ms): {createTable_(Table)=39, isCompatibleWith_(Configuration)=0}
2024-04-24T04:56:08,294  INFO [main] ql.Driver: Completed executing command(queryId=alex_20240424045608_6b85010e-42b0-4adf-b436-674af226d8d5); Time taken: 0.04 seconds
2024-04-24T04:56:08,294  INFO [main] lockmgr.DbTxnManager: Stopped heartbeat for query: alex_20240424045608_6b85010e-42b0-4adf-b436-674af226d8d5
2024-04-24T04:56:08,298  INFO [main] txn.TxnHandler: Expected to move at least one record from txn_components to completed_txn_components when committing txn! txnid:7
2024-04-24T04:56:08,305  INFO [main] txn.TxnHandler: Removed transactions: ([7]) from MIN_HISTORY_LEVEL
2024-04-24T04:56:08,305  WARN [main] txn.CompactionTxnHandler: No compaction queue record found for Compaction type transaction commit. txnId:7
2024-04-24T04:56:08,306  INFO [main] ql.TxnCommandsBaseForTests: Running the query: create table acidTblPart(a int, b int) partitioned by (p string) clustered by (a) into 2 buckets stored as orc TBLPROPERTIES ('transactional'='true')
2024-04-24T04:56:08,306  INFO [main] ql.Driver: Compiling command(queryId=alex_20240424045608_6b396ef1-b869-4ab2-a468-7d736e85b7e3): create table acidTblPart(a int, b int) partitioned by (p string) clustered by (a) into 2 buckets stored as orc TBLPROPERTIES ('transactional'='true')
2024-04-24T04:56:08,309  INFO [main] txn.TxnHandler: Added entries to MIN_HISTORY_LEVEL for current txns: ([8]) with min_open_txn: 1
2024-04-24T04:56:08,309  INFO [main] lockmgr.DbTxnManager: Opened txnid:8
2024-04-24T04:56:08,309  INFO [main] parse.CalcitePlanner: Starting caching scope for: 
2024-04-24T04:56:08,309  INFO [main] parse.CalcitePlanner: Starting Semantic Analysis
2024-04-24T04:56:08,312  INFO [main] parse.CalcitePlanner: Creating table default.acidTblPart position=13
2024-04-24T04:56:08,312  INFO [main] HiveMetaStore.audit: ugi=alex	ip=unknown-ip-addr	cmd=get_database: default	
2024-04-24T04:56:08,313  INFO [main] parse.CalcitePlanner: Ending caching scope for: 
2024-04-24T04:56:08,313  INFO [main] ql.Driver: Semantic Analysis Completed (retrial = false)
2024-04-24T04:56:08,313  INFO [main] ql.Driver: Created Hive schema: Schema(fieldSchemas:null, properties:null)
2024-04-24T04:56:08,313  INFO [main] metadata.Hive: Dumping metastore api call timing information for : compilation phase
2024-04-24T04:56:08,313  INFO [main] metadata.Hive: Total time spent in each metastore function (ms): {getValidWriteIds_(List, String)=3, commitTxn_(CommitTxnRequest)=10, getValidTxns_(long)=0, getDatabase_(String)=1, openTxn_(String, TxnType)=2, flushCache_()=0, isCompatibleWith_(Configuration)=0}
2024-04-24T04:56:08,314  INFO [main] ql.Driver: Completed compiling command(queryId=alex_20240424045608_6b396ef1-b869-4ab2-a468-7d736e85b7e3); Time taken: 0.007 seconds
2024-04-24T04:56:08,314  INFO [main] lockmgr.DbTxnManager: Setting lock request transaction to txnid:8 for queryId=alex_20240424045608_6b396ef1-b869-4ab2-a468-7d736e85b7e3
2024-04-24T04:56:08,314  INFO [main] lockmgr.DbLockManager: Requesting lock for queryId=alex_20240424045608_6b396ef1-b869-4ab2-a468-7d736e85b7e3
2024-04-24T04:56:08,328  INFO [main] lockmgr.DbLockManager: Response to queryId=alex_20240424045608_6b396ef1-b869-4ab2-a468-7d736e85b7e3 LockResponse(lockid:2, state:ACQUIRED)
2024-04-24T04:56:08,328  INFO [main] ql.Driver: Operation CREATETABLE obtained 1 locks
2024-04-24T04:56:08,328  INFO [main] ql.Driver: Executing command(queryId=alex_20240424045608_6b396ef1-b869-4ab2-a468-7d736e85b7e3): create table acidTblPart(a int, b int) partitioned by (p string) clustered by (a) into 2 buckets stored as orc TBLPROPERTIES ('transactional'='true')
2024-04-24T04:56:08,328  INFO [main] ql.Driver: Starting task [Stage-0:DDL] in serial mode
2024-04-24T04:56:08,329  INFO [main] HiveMetaStore.audit: ugi=alex	ip=unknown-ip-addr	cmd=create_table_req: Table(tableName:acidTblPart, dbName:default, owner:alex, createTime:1713959768, lastAccessTime:0, retention:0, sd:StorageDescriptor(cols:[FieldSchema(name:a, type:int, comment:null), FieldSchema(name:b, type:int, comment:null)], location:null, inputFormat:org.apache.hadoop.hive.ql.io.orc.OrcInputFormat, outputFormat:org.apache.hadoop.hive.ql.io.orc.OrcOutputFormat, compressed:false, numBuckets:2, serdeInfo:SerDeInfo(name:null, serializationLib:org.apache.hadoop.hive.ql.io.orc.OrcSerde, parameters:{serialization.format=1}), bucketCols:[a], sortCols:[], parameters:{}, skewedInfo:SkewedInfo(skewedColNames:[], skewedColValues:[], skewedColValueLocationMaps:{}), storedAsSubDirectories:false), partitionKeys:[FieldSchema(name:p, type:string, comment:null)], parameters:{bucketing_version=2, transactional=true}, viewOriginalText:null, viewExpandedText:null, tableType:MANAGED_TABLE, privileges:PrincipalPrivilegeSet(userPrivileges:{alex=[PrivilegeGrantInfo(privilege:INSERT, createTime:-1, grantor:alex, grantorType:USER, grantOption:true), PrivilegeGrantInfo(privilege:SELECT, createTime:-1, grantor:alex, grantorType:USER, grantOption:true), PrivilegeGrantInfo(privilege:UPDATE, createTime:-1, grantor:alex, grantorType:USER, grantOption:true), PrivilegeGrantInfo(privilege:DELETE, createTime:-1, grantor:alex, grantorType:USER, grantOption:true)]}, groupPrivileges:null, rolePrivileges:null), temporary:false, catName:hive, ownerType:USER, writeId:0)	
2024-04-24T04:56:08,334  INFO [main] utils.FileUtils: Creating directory if it doesn't exist: file:/home/alex/Repositories/hive/ql/target/tmp/org.apache.hadoop.hive.ql.TestTxnExIm-1713959704617/warehouse/acidtblpart
2024-04-24T04:56:08,353  INFO [main] metadata.Hive: Dumping metastore api call timing information for : execution phase
2024-04-24T04:56:08,353  INFO [main] metadata.Hive: Total time spent in each metastore function (ms): {createTable_(Table)=24, isCompatibleWith_(Configuration)=0}
2024-04-24T04:56:08,353  INFO [main] ql.Driver: Completed executing command(queryId=alex_20240424045608_6b396ef1-b869-4ab2-a468-7d736e85b7e3); Time taken: 0.025 seconds
2024-04-24T04:56:08,353  INFO [main] lockmgr.DbTxnManager: Stopped heartbeat for query: alex_20240424045608_6b396ef1-b869-4ab2-a468-7d736e85b7e3
2024-04-24T04:56:08,357  INFO [main] txn.TxnHandler: Expected to move at least one record from txn_components to completed_txn_components when committing txn! txnid:8
2024-04-24T04:56:08,363  INFO [main] txn.TxnHandler: Removed transactions: ([8]) from MIN_HISTORY_LEVEL
2024-04-24T04:56:08,363  WARN [main] txn.CompactionTxnHandler: No compaction queue record found for Compaction type transaction commit. txnId:8
2024-04-24T04:56:08,364  INFO [main] ql.TxnCommandsBaseForTests: Running the query: create table nonAcidOrcTbl(a int, b int) clustered by (a) into 2 buckets stored as orc TBLPROPERTIES ('transactional'='false')
2024-04-24T04:56:08,364  INFO [main] ql.Driver: Compiling command(queryId=alex_20240424045608_2c9e2783-6275-49d0-b103-4af4a977e62d): create table nonAcidOrcTbl(a int, b int) clustered by (a) into 2 buckets stored as orc TBLPROPERTIES ('transactional'='false')
2024-04-24T04:56:08,366  INFO [main] txn.TxnHandler: Added entries to MIN_HISTORY_LEVEL for current txns: ([9]) with min_open_txn: 1
2024-04-24T04:56:08,367  INFO [main] lockmgr.DbTxnManager: Opened txnid:9
2024-04-24T04:56:08,367  INFO [main] parse.CalcitePlanner: Starting caching scope for: 
2024-04-24T04:56:08,367  INFO [main] parse.CalcitePlanner: Starting Semantic Analysis
2024-04-24T04:56:08,369  INFO [main] parse.CalcitePlanner: Creating table default.nonAcidOrcTbl position=13
2024-04-24T04:56:08,370  INFO [main] HiveMetaStore.audit: ugi=alex	ip=unknown-ip-addr	cmd=get_database: default	
2024-04-24T04:56:08,371  INFO [main] parse.CalcitePlanner: Ending caching scope for: 
2024-04-24T04:56:08,371  INFO [main] ql.Driver: Semantic Analysis Completed (retrial = false)
2024-04-24T04:56:08,371  INFO [main] ql.Driver: Created Hive schema: Schema(fieldSchemas:null, properties:null)
2024-04-24T04:56:08,371  INFO [main] metadata.Hive: Dumping metastore api call timing information for : compilation phase
2024-04-24T04:56:08,371  INFO [main] metadata.Hive: Total time spent in each metastore function (ms): {openTxn_(String, TxnType)=2, getDatabase_(String)=1, getValidTxns_(long)=0, commitTxn_(CommitTxnRequest)=10, isCompatibleWith_(Configuration)=1, flushCache_()=0, getValidWriteIds_(List, String)=2}
2024-04-24T04:56:08,372  INFO [main] ql.Driver: Completed compiling command(queryId=alex_20240424045608_2c9e2783-6275-49d0-b103-4af4a977e62d); Time taken: 0.007 seconds
2024-04-24T04:56:08,372  INFO [main] lockmgr.DbTxnManager: Setting lock request transaction to txnid:9 for queryId=alex_20240424045608_2c9e2783-6275-49d0-b103-4af4a977e62d
2024-04-24T04:56:08,372  INFO [main] lockmgr.DbLockManager: Requesting lock for queryId=alex_20240424045608_2c9e2783-6275-49d0-b103-4af4a977e62d
2024-04-24T04:56:08,385  INFO [main] lockmgr.DbLockManager: Response to queryId=alex_20240424045608_2c9e2783-6275-49d0-b103-4af4a977e62d LockResponse(lockid:3, state:ACQUIRED)
2024-04-24T04:56:08,385  INFO [main] ql.Driver: Operation CREATETABLE obtained 1 locks
2024-04-24T04:56:08,385  INFO [main] ql.Driver: Executing command(queryId=alex_20240424045608_2c9e2783-6275-49d0-b103-4af4a977e62d): create table nonAcidOrcTbl(a int, b int) clustered by (a) into 2 buckets stored as orc TBLPROPERTIES ('transactional'='false')
2024-04-24T04:56:08,385  INFO [main] ql.Driver: Starting task [Stage-0:DDL] in serial mode
2024-04-24T04:56:08,386  INFO [main] HiveMetaStore.audit: ugi=alex	ip=unknown-ip-addr	cmd=create_table_req: Table(tableName:nonAcidOrcTbl, dbName:default, owner:alex, createTime:1713959768, lastAccessTime:0, retention:0, sd:StorageDescriptor(cols:[FieldSchema(name:a, type:int, comment:null), FieldSchema(name:b, type:int, comment:null)], location:null, inputFormat:org.apache.hadoop.hive.ql.io.orc.OrcInputFormat, outputFormat:org.apache.hadoop.hive.ql.io.orc.OrcOutputFormat, compressed:false, numBuckets:2, serdeInfo:SerDeInfo(name:null, serializationLib:org.apache.hadoop.hive.ql.io.orc.OrcSerde, parameters:{serialization.format=1}), bucketCols:[a], sortCols:[], parameters:{}, skewedInfo:SkewedInfo(skewedColNames:[], skewedColValues:[], skewedColValueLocationMaps:{}), storedAsSubDirectories:false), partitionKeys:[], parameters:{COLUMN_STATS_ACCURATE={"BASIC_STATS":"true","COLUMN_STATS":{"a":"true","b":"true"}}, numRows=0, numFiles=0, bucketing_version=2, numFilesErasureCoded=0, rawDataSize=0, transactional=false, totalSize=0}, viewOriginalText:null, viewExpandedText:null, tableType:MANAGED_TABLE, privileges:PrincipalPrivilegeSet(userPrivileges:{alex=[PrivilegeGrantInfo(privilege:INSERT, createTime:-1, grantor:alex, grantorType:USER, grantOption:true), PrivilegeGrantInfo(privilege:SELECT, createTime:-1, grantor:alex, grantorType:USER, grantOption:true), PrivilegeGrantInfo(privilege:UPDATE, createTime:-1, grantor:alex, grantorType:USER, grantOption:true), PrivilegeGrantInfo(privilege:DELETE, createTime:-1, grantor:alex, grantorType:USER, grantOption:true)]}, groupPrivileges:null, rolePrivileges:null), temporary:false, catName:hive, ownerType:USER)	
2024-04-24T04:56:08,391  INFO [main] utils.FileUtils: Creating directory if it doesn't exist: file:/home/alex/Repositories/hive/ql/target/tmp/org.apache.hadoop.hive.ql.TestTxnExIm-1713959704617/warehouse/nonacidorctbl
2024-04-24T04:56:08,405  INFO [main] metadata.Hive: Dumping metastore api call timing information for : execution phase
2024-04-24T04:56:08,405  INFO [main] metadata.Hive: Total time spent in each metastore function (ms): {createTable_(Table)=19, isCompatibleWith_(Configuration)=0}
2024-04-24T04:56:08,405  INFO [main] ql.Driver: Completed executing command(queryId=alex_20240424045608_2c9e2783-6275-49d0-b103-4af4a977e62d); Time taken: 0.02 seconds
2024-04-24T04:56:08,405  INFO [main] lockmgr.DbTxnManager: Stopped heartbeat for query: alex_20240424045608_2c9e2783-6275-49d0-b103-4af4a977e62d
2024-04-24T04:56:08,409  INFO [main] txn.TxnHandler: Expected to move at least one record from txn_components to completed_txn_components when committing txn! txnid:9
2024-04-24T04:56:08,414  INFO [main] txn.TxnHandler: Removed transactions: ([9]) from MIN_HISTORY_LEVEL
2024-04-24T04:56:08,415  WARN [main] txn.CompactionTxnHandler: No compaction queue record found for Compaction type transaction commit. txnId:9
2024-04-24T04:56:08,415  INFO [main] ql.TxnCommandsBaseForTests: Running the query: create table nonAcidOrcTbl2(a int, b int) clustered by (a) into 2 buckets stored as orc TBLPROPERTIES ('transactional'='false')
2024-04-24T04:56:08,415  INFO [main] ql.Driver: Compiling command(queryId=alex_20240424045608_36e0ec76-5bab-4327-ad7c-ddea6ad65fd9): create table nonAcidOrcTbl2(a int, b int) clustered by (a) into 2 buckets stored as orc TBLPROPERTIES ('transactional'='false')
2024-04-24T04:56:08,417  INFO [main] txn.TxnHandler: Added entries to MIN_HISTORY_LEVEL for current txns: ([10]) with min_open_txn: 1
2024-04-24T04:56:08,418  INFO [main] lockmgr.DbTxnManager: Opened txnid:10
2024-04-24T04:56:08,418  INFO [main] parse.CalcitePlanner: Starting caching scope for: 
2024-04-24T04:56:08,418  INFO [main] parse.CalcitePlanner: Starting Semantic Analysis
2024-04-24T04:56:08,420  INFO [main] parse.CalcitePlanner: Creating table default.nonAcidOrcTbl2 position=13
2024-04-24T04:56:08,421  INFO [main] HiveMetaStore.audit: ugi=alex	ip=unknown-ip-addr	cmd=get_database: default	
2024-04-24T04:56:08,422  INFO [main] parse.CalcitePlanner: Ending caching scope for: 
2024-04-24T04:56:08,422  INFO [main] ql.Driver: Semantic Analysis Completed (retrial = false)
2024-04-24T04:56:08,422  INFO [main] ql.Driver: Created Hive schema: Schema(fieldSchemas:null, properties:null)
2024-04-24T04:56:08,422  INFO [main] metadata.Hive: Dumping metastore api call timing information for : compilation phase
2024-04-24T04:56:08,422  INFO [main] metadata.Hive: Total time spent in each metastore function (ms): {isCompatibleWith_(Configuration)=0, flushCache_()=0, commitTxn_(CommitTxnRequest)=10, getValidTxns_(long)=0, getDatabase_(String)=1, getValidWriteIds_(List, String)=2, openTxn_(String, TxnType)=2}
2024-04-24T04:56:08,422  INFO [main] ql.Driver: Completed compiling command(queryId=alex_20240424045608_36e0ec76-5bab-4327-ad7c-ddea6ad65fd9); Time taken: 0.007 seconds
2024-04-24T04:56:08,423  INFO [main] lockmgr.DbTxnManager: Setting lock request transaction to txnid:10 for queryId=alex_20240424045608_36e0ec76-5bab-4327-ad7c-ddea6ad65fd9
2024-04-24T04:56:08,423  INFO [main] lockmgr.DbLockManager: Requesting lock for queryId=alex_20240424045608_36e0ec76-5bab-4327-ad7c-ddea6ad65fd9
2024-04-24T04:56:08,598  INFO [main] lockmgr.DbLockManager: Response to queryId=alex_20240424045608_36e0ec76-5bab-4327-ad7c-ddea6ad65fd9 LockResponse(lockid:4, state:ACQUIRED)
2024-04-24T04:56:08,598  INFO [main] ql.Driver: Operation CREATETABLE obtained 1 locks
2024-04-24T04:56:08,598  INFO [main] ql.Driver: Executing command(queryId=alex_20240424045608_36e0ec76-5bab-4327-ad7c-ddea6ad65fd9): create table nonAcidOrcTbl2(a int, b int) clustered by (a) into 2 buckets stored as orc TBLPROPERTIES ('transactional'='false')
2024-04-24T04:56:08,598  INFO [main] ql.Driver: Starting task [Stage-0:DDL] in serial mode
2024-04-24T04:56:08,599  INFO [main] HiveMetaStore.audit: ugi=alex	ip=unknown-ip-addr	cmd=create_table_req: Table(tableName:nonAcidOrcTbl2, dbName:default, owner:alex, createTime:1713959768, lastAccessTime:0, retention:0, sd:StorageDescriptor(cols:[FieldSchema(name:a, type:int, comment:null), FieldSchema(name:b, type:int, comment:null)], location:null, inputFormat:org.apache.hadoop.hive.ql.io.orc.OrcInputFormat, outputFormat:org.apache.hadoop.hive.ql.io.orc.OrcOutputFormat, compressed:false, numBuckets:2, serdeInfo:SerDeInfo(name:null, serializationLib:org.apache.hadoop.hive.ql.io.orc.OrcSerde, parameters:{serialization.format=1}), bucketCols:[a], sortCols:[], parameters:{}, skewedInfo:SkewedInfo(skewedColNames:[], skewedColValues:[], skewedColValueLocationMaps:{}), storedAsSubDirectories:false), partitionKeys:[], parameters:{numRows=0, rawDataSize=0, bucketing_version=2, transactional=false, numFiles=0, numFilesErasureCoded=0, totalSize=0, COLUMN_STATS_ACCURATE={"BASIC_STATS":"true","COLUMN_STATS":{"a":"true","b":"true"}}}, viewOriginalText:null, viewExpandedText:null, tableType:MANAGED_TABLE, privileges:PrincipalPrivilegeSet(userPrivileges:{alex=[PrivilegeGrantInfo(privilege:INSERT, createTime:-1, grantor:alex, grantorType:USER, grantOption:true), PrivilegeGrantInfo(privilege:SELECT, createTime:-1, grantor:alex, grantorType:USER, grantOption:true), PrivilegeGrantInfo(privilege:UPDATE, createTime:-1, grantor:alex, grantorType:USER, grantOption:true), PrivilegeGrantInfo(privilege:DELETE, createTime:-1, grantor:alex, grantorType:USER, grantOption:true)]}, groupPrivileges:null, rolePrivileges:null), temporary:false, catName:hive, ownerType:USER)	
2024-04-24T04:56:08,604  INFO [main] utils.FileUtils: Creating directory if it doesn't exist: file:/home/alex/Repositories/hive/ql/target/tmp/org.apache.hadoop.hive.ql.TestTxnExIm-1713959704617/warehouse/nonacidorctbl2
2024-04-24T04:56:08,619  INFO [main] metadata.Hive: Dumping metastore api call timing information for : execution phase
2024-04-24T04:56:08,619  INFO [main] metadata.Hive: Total time spent in each metastore function (ms): {createTable_(Table)=20, isCompatibleWith_(Configuration)=0}
2024-04-24T04:56:08,619  INFO [main] ql.Driver: Completed executing command(queryId=alex_20240424045608_36e0ec76-5bab-4327-ad7c-ddea6ad65fd9); Time taken: 0.021 seconds
2024-04-24T04:56:08,619  INFO [main] lockmgr.DbTxnManager: Stopped heartbeat for query: alex_20240424045608_36e0ec76-5bab-4327-ad7c-ddea6ad65fd9
2024-04-24T04:56:08,622  INFO [main] txn.TxnHandler: Expected to move at least one record from txn_components to completed_txn_components when committing txn! txnid:10
2024-04-24T04:56:08,627  INFO [main] txn.TxnHandler: Removed transactions: ([10]) from MIN_HISTORY_LEVEL
2024-04-24T04:56:08,627  WARN [main] txn.CompactionTxnHandler: No compaction queue record found for Compaction type transaction commit. txnId:10
2024-04-24T04:56:08,627  INFO [main] ql.TxnCommandsBaseForTests: Running the query: create temporary  table acidTbl2(a int, b int, c int) clustered by (c) into 2 buckets stored as orc TBLPROPERTIES ('transactional'='true')
2024-04-24T04:56:08,628  INFO [main] ql.Driver: Compiling command(queryId=alex_20240424045608_63104118-9916-498d-92c9-789fcde9f6b7): create temporary  table acidTbl2(a int, b int, c int) clustered by (c) into 2 buckets stored as orc TBLPROPERTIES ('transactional'='true')
2024-04-24T04:56:08,630  INFO [main] txn.TxnHandler: Added entries to MIN_HISTORY_LEVEL for current txns: ([11]) with min_open_txn: 1
2024-04-24T04:56:08,630  INFO [main] lockmgr.DbTxnManager: Opened txnid:11
2024-04-24T04:56:08,631  INFO [main] parse.CalcitePlanner: Starting caching scope for: 
2024-04-24T04:56:08,631  INFO [main] parse.CalcitePlanner: Starting Semantic Analysis
2024-04-24T04:56:08,634  INFO [main] parse.CalcitePlanner: Creating table default.acidTbl2 position=24
2024-04-24T04:56:08,634  INFO [main] HiveMetaStore.audit: ugi=alex	ip=unknown-ip-addr	cmd=get_database: default	
2024-04-24T04:56:08,635  INFO [main] parse.CalcitePlanner: Ending caching scope for: 
2024-04-24T04:56:08,635  INFO [main] ql.Driver: Semantic Analysis Completed (retrial = false)
2024-04-24T04:56:08,635  INFO [main] ql.Driver: Created Hive schema: Schema(fieldSchemas:null, properties:null)
2024-04-24T04:56:08,636  INFO [main] metadata.Hive: Dumping metastore api call timing information for : compilation phase
2024-04-24T04:56:08,636  INFO [main] metadata.Hive: Total time spent in each metastore function (ms): {flushCache_()=0, getValidTxns_(long)=0, isCompatibleWith_(Configuration)=0, commitTxn_(CommitTxnRequest)=8, openTxn_(String, TxnType)=2, getValidWriteIds_(List, String)=3, getDatabase_(String)=1}
2024-04-24T04:56:08,636  INFO [main] ql.Driver: Completed compiling command(queryId=alex_20240424045608_63104118-9916-498d-92c9-789fcde9f6b7); Time taken: 0.008 seconds
2024-04-24T04:56:08,636  INFO [main] lockmgr.DbTxnManager: Setting lock request transaction to txnid:11 for queryId=alex_20240424045608_63104118-9916-498d-92c9-789fcde9f6b7
2024-04-24T04:56:08,636  INFO [main] lockmgr.DbLockManager: Requesting lock for queryId=alex_20240424045608_63104118-9916-498d-92c9-789fcde9f6b7
2024-04-24T04:56:08,649  INFO [main] lockmgr.DbLockManager: Response to queryId=alex_20240424045608_63104118-9916-498d-92c9-789fcde9f6b7 LockResponse(lockid:5, state:ACQUIRED)
2024-04-24T04:56:08,649  INFO [main] ql.Driver: Operation CREATETABLE obtained 1 locks
2024-04-24T04:56:08,650  INFO [main] ql.Driver: Executing command(queryId=alex_20240424045608_63104118-9916-498d-92c9-789fcde9f6b7): create temporary  table acidTbl2(a int, b int, c int) clustered by (c) into 2 buckets stored as orc TBLPROPERTIES ('transactional'='true')
2024-04-24T04:56:08,650  INFO [main] ql.Driver: Starting task [Stage-0:DDL] in serial mode
2024-04-24T04:56:08,651  INFO [main] utils.FileUtils: Creating directory if it doesn't exist: file:/home/alex/Repositories/hive/ql/target/tmp/scratchdir/alex/c66746de-be8f-4d05-99f8-bf9617dee7bc/_tmp_space.db/0551ea8b-1268-4cfd-b5f4-67ba737907a1
2024-04-24T04:56:08,654  INFO [main] metadata.Hive: Dumping metastore api call timing information for : execution phase
2024-04-24T04:56:08,654  INFO [main] metadata.Hive: Total time spent in each metastore function (ms): {isCompatibleWith_(Configuration)=0, createTable_(Table)=3}
2024-04-24T04:56:08,654  INFO [main] ql.Driver: Completed executing command(queryId=alex_20240424045608_63104118-9916-498d-92c9-789fcde9f6b7); Time taken: 0.004 seconds
2024-04-24T04:56:08,654  INFO [main] lockmgr.DbTxnManager: Stopped heartbeat for query: alex_20240424045608_63104118-9916-498d-92c9-789fcde9f6b7
2024-04-24T04:56:08,657  INFO [main] txn.TxnHandler: Expected to move at least one record from txn_components to completed_txn_components when committing txn! txnid:11
2024-04-24T04:56:08,662  INFO [main] txn.TxnHandler: Removed transactions: ([11]) from MIN_HISTORY_LEVEL
2024-04-24T04:56:08,662  WARN [main] txn.CompactionTxnHandler: No compaction queue record found for Compaction type transaction commit. txnId:11
2024-04-24T04:56:08,663  INFO [main] ql.TxnCommandsBaseForTests: Running the query: create table nonAcidNonBucket(a int, b int) stored as orc TBLPROPERTIES ('transactional'='false')
2024-04-24T04:56:08,663  INFO [main] ql.Driver: Compiling command(queryId=alex_20240424045608_a83e8af8-bf1f-4c36-91e4-67b358eba9dc): create table nonAcidNonBucket(a int, b int) stored as orc TBLPROPERTIES ('transactional'='false')
2024-04-24T04:56:08,665  INFO [main] txn.TxnHandler: Added entries to MIN_HISTORY_LEVEL for current txns: ([12]) with min_open_txn: 1
2024-04-24T04:56:08,665  INFO [main] lockmgr.DbTxnManager: Opened txnid:12
2024-04-24T04:56:08,666  INFO [main] parse.CalcitePlanner: Starting caching scope for: 
2024-04-24T04:56:08,666  INFO [main] parse.CalcitePlanner: Starting Semantic Analysis
2024-04-24T04:56:08,668  INFO [main] parse.CalcitePlanner: Creating table default.nonAcidNonBucket position=13
2024-04-24T04:56:08,668  INFO [main] HiveMetaStore.audit: ugi=alex	ip=unknown-ip-addr	cmd=get_database: default	
2024-04-24T04:56:08,670  INFO [main] parse.CalcitePlanner: Ending caching scope for: 
2024-04-24T04:56:08,670  INFO [main] ql.Driver: Semantic Analysis Completed (retrial = false)
2024-04-24T04:56:08,670  INFO [main] ql.Driver: Created Hive schema: Schema(fieldSchemas:null, properties:null)
2024-04-24T04:56:08,670  INFO [main] metadata.Hive: Dumping metastore api call timing information for : compilation phase
2024-04-24T04:56:08,670  INFO [main] metadata.Hive: Total time spent in each metastore function (ms): {commitTxn_(CommitTxnRequest)=7, getDatabase_(String)=2, getValidWriteIds_(List, String)=2, openTxn_(String, TxnType)=1, isCompatibleWith_(Configuration)=1, flushCache_()=0, getValidTxns_(long)=0}
2024-04-24T04:56:08,670  INFO [main] ql.Driver: Completed compiling command(queryId=alex_20240424045608_a83e8af8-bf1f-4c36-91e4-67b358eba9dc); Time taken: 0.007 seconds
2024-04-24T04:56:08,671  INFO [main] lockmgr.DbTxnManager: Setting lock request transaction to txnid:12 for queryId=alex_20240424045608_a83e8af8-bf1f-4c36-91e4-67b358eba9dc
2024-04-24T04:56:08,671  INFO [main] lockmgr.DbLockManager: Requesting lock for queryId=alex_20240424045608_a83e8af8-bf1f-4c36-91e4-67b358eba9dc
2024-04-24T04:56:08,685  INFO [main] lockmgr.DbLockManager: Response to queryId=alex_20240424045608_a83e8af8-bf1f-4c36-91e4-67b358eba9dc LockResponse(lockid:6, state:ACQUIRED)
2024-04-24T04:56:08,685  INFO [main] ql.Driver: Operation CREATETABLE obtained 1 locks
2024-04-24T04:56:08,685  INFO [main] ql.Driver: Executing command(queryId=alex_20240424045608_a83e8af8-bf1f-4c36-91e4-67b358eba9dc): create table nonAcidNonBucket(a int, b int) stored as orc TBLPROPERTIES ('transactional'='false')
2024-04-24T04:56:08,685  INFO [main] ql.Driver: Starting task [Stage-0:DDL] in serial mode
2024-04-24T04:56:08,686  INFO [main] HiveMetaStore.audit: ugi=alex	ip=unknown-ip-addr	cmd=create_table_req: Table(tableName:nonAcidNonBucket, dbName:default, owner:alex, createTime:1713959768, lastAccessTime:0, retention:0, sd:StorageDescriptor(cols:[FieldSchema(name:a, type:int, comment:null), FieldSchema(name:b, type:int, comment:null)], location:null, inputFormat:org.apache.hadoop.hive.ql.io.orc.OrcInputFormat, outputFormat:org.apache.hadoop.hive.ql.io.orc.OrcOutputFormat, compressed:false, numBuckets:-1, serdeInfo:SerDeInfo(name:null, serializationLib:org.apache.hadoop.hive.ql.io.orc.OrcSerde, parameters:{serialization.format=1}), bucketCols:[], sortCols:[], parameters:{}, skewedInfo:SkewedInfo(skewedColNames:[], skewedColValues:[], skewedColValueLocationMaps:{}), storedAsSubDirectories:false), partitionKeys:[], parameters:{transactional=false, COLUMN_STATS_ACCURATE={"BASIC_STATS":"true","COLUMN_STATS":{"a":"true","b":"true"}}, totalSize=0, numFilesErasureCoded=0, rawDataSize=0, numRows=0, bucketing_version=2, numFiles=0}, viewOriginalText:null, viewExpandedText:null, tableType:MANAGED_TABLE, privileges:PrincipalPrivilegeSet(userPrivileges:{alex=[PrivilegeGrantInfo(privilege:INSERT, createTime:-1, grantor:alex, grantorType:USER, grantOption:true), PrivilegeGrantInfo(privilege:SELECT, createTime:-1, grantor:alex, grantorType:USER, grantOption:true), PrivilegeGrantInfo(privilege:UPDATE, createTime:-1, grantor:alex, grantorType:USER, grantOption:true), PrivilegeGrantInfo(privilege:DELETE, createTime:-1, grantor:alex, grantorType:USER, grantOption:true)]}, groupPrivileges:null, rolePrivileges:null), temporary:false, catName:hive, ownerType:USER)	
2024-04-24T04:56:08,692  INFO [main] utils.FileUtils: Creating directory if it doesn't exist: file:/home/alex/Repositories/hive/ql/target/tmp/org.apache.hadoop.hive.ql.TestTxnExIm-1713959704617/warehouse/nonacidnonbucket
2024-04-24T04:56:08,707  INFO [main] metadata.Hive: Dumping metastore api call timing information for : execution phase
2024-04-24T04:56:08,707  INFO [main] metadata.Hive: Total time spent in each metastore function (ms): {createTable_(Table)=20, isCompatibleWith_(Configuration)=0}
2024-04-24T04:56:08,707  INFO [main] ql.Driver: Completed executing command(queryId=alex_20240424045608_a83e8af8-bf1f-4c36-91e4-67b358eba9dc); Time taken: 0.022 seconds
2024-04-24T04:56:08,707  INFO [main] lockmgr.DbTxnManager: Stopped heartbeat for query: alex_20240424045608_a83e8af8-bf1f-4c36-91e4-67b358eba9dc
2024-04-24T04:56:08,711  INFO [main] txn.TxnHandler: Expected to move at least one record from txn_components to completed_txn_components when committing txn! txnid:12
2024-04-24T04:56:08,717  INFO [main] txn.TxnHandler: Removed transactions: ([12]) from MIN_HISTORY_LEVEL
2024-04-24T04:56:08,717  WARN [main] txn.CompactionTxnHandler: No compaction queue record found for Compaction type transaction commit. txnId:12
2024-04-24T04:56:08,718  INFO [main] ql.TxnCommandsBaseForTests: Running the query: drop table if exists T
2024-04-24T04:56:08,718  INFO [main] ql.Driver: Compiling command(queryId=alex_20240424045608_a8788c28-f9ec-44fd-acd9-90e85c64e2eb): drop table if exists T
2024-04-24T04:56:08,720  INFO [main] txn.TxnHandler: Added entries to MIN_HISTORY_LEVEL for current txns: ([13]) with min_open_txn: 1
2024-04-24T04:56:08,720  INFO [main] lockmgr.DbTxnManager: Opened txnid:13
2024-04-24T04:56:08,721  INFO [main] HiveMetaStore.audit: ugi=alex	ip=unknown-ip-addr	cmd=get_table : tbl=hive.default.T	
2024-04-24T04:56:08,740  INFO [main] metastore.HMSHandler: Skipping translation for processor with null
2024-04-24T04:56:08,740  INFO [main] ql.Driver: Semantic Analysis Completed (retrial = false)
2024-04-24T04:56:08,740  INFO [main] ql.Driver: Created Hive schema: Schema(fieldSchemas:null, properties:null)
2024-04-24T04:56:08,740  INFO [main] metadata.Hive: Dumping metastore api call timing information for : compilation phase
2024-04-24T04:56:08,741  INFO [main] metadata.Hive: Total time spent in each metastore function (ms): {flushCache_()=0, getValidTxns_(long)=1, commitTxn_(CommitTxnRequest)=10, getTable_(GetTableRequest)=19, isCompatibleWith_(Configuration)=0, openTxn_(String, TxnType)=2}
2024-04-24T04:56:08,741  INFO [main] ql.Driver: Completed compiling command(queryId=alex_20240424045608_a8788c28-f9ec-44fd-acd9-90e85c64e2eb); Time taken: 0.022 seconds
2024-04-24T04:56:08,741  INFO [main] lockmgr.DbTxnManager: Setting lock request transaction to txnid:13 for queryId=alex_20240424045608_a8788c28-f9ec-44fd-acd9-90e85c64e2eb
2024-04-24T04:56:08,741  INFO [main] lockmgr.DbLockManager: Requesting lock for queryId=alex_20240424045608_a8788c28-f9ec-44fd-acd9-90e85c64e2eb
2024-04-24T04:56:08,759  INFO [main] lockmgr.DbLockManager: Response to queryId=alex_20240424045608_a8788c28-f9ec-44fd-acd9-90e85c64e2eb LockResponse(lockid:7, state:ACQUIRED)
2024-04-24T04:56:08,759  INFO [main] ql.Driver: Operation DROPTABLE obtained 1 locks
2024-04-24T04:56:08,759  INFO [main] ql.Driver: Executing command(queryId=alex_20240424045608_a8788c28-f9ec-44fd-acd9-90e85c64e2eb): drop table if exists T
2024-04-24T04:56:08,760  INFO [main] ql.Driver: Starting task [Stage-0:DDL] in serial mode
2024-04-24T04:56:08,760  INFO [main] HiveMetaStore.audit: ugi=alex	ip=unknown-ip-addr	cmd=get_table : tbl=hive.default.T	
2024-04-24T04:56:08,767  INFO [main] metastore.HMSHandler: Skipping translation for processor with null
2024-04-24T04:56:08,767  INFO [main] HiveMetaStore.audit: ugi=alex	ip=unknown-ip-addr	cmd=get_table : tbl=hive.default.T	
2024-04-24T04:56:08,774  INFO [main] metastore.HMSHandler: Skipping translation for processor with null
2024-04-24T04:56:08,774  INFO [main] HiveMetaStore.audit: ugi=alex	ip=unknown-ip-addr	cmd=drop_table : tbl=hive.default.T	
2024-04-24T04:56:08,903  WARN [main] utils.FileUtils: File file:/home/alex/Repositories/hive/ql/target/tmp/org.apache.hadoop.hive.ql.TestTxnExIm-1713959704617/warehouse/t does not exist; Force to delete it.
2024-04-24T04:56:08,903 ERROR [main] utils.FileUtils: Failed to delete file:/home/alex/Repositories/hive/ql/target/tmp/org.apache.hadoop.hive.ql.TestTxnExIm-1713959704617/warehouse/t
2024-04-24T04:56:08,903  INFO [main] metadata.Hive: Dumping metastore api call timing information for : execution phase
2024-04-24T04:56:08,903  INFO [main] metadata.Hive: Total time spent in each metastore function (ms): {getTable_(GetTableRequest)=7, isCompatibleWith_(Configuration)=0, dropTable_(String, String, boolean, boolean, boolean)=136}
2024-04-24T04:56:08,904  INFO [main] ql.Driver: Completed executing command(queryId=alex_20240424045608_a8788c28-f9ec-44fd-acd9-90e85c64e2eb); Time taken: 0.144 seconds
2024-04-24T04:56:08,904  INFO [main] lockmgr.DbTxnManager: Stopped heartbeat for query: alex_20240424045608_a8788c28-f9ec-44fd-acd9-90e85c64e2eb
2024-04-24T04:56:08,907  INFO [main] txn.TxnHandler: Expected to move at least one record from txn_components to completed_txn_components when committing txn! txnid:13
2024-04-24T04:56:08,912  INFO [main] txn.TxnHandler: Removed transactions: ([13]) from MIN_HISTORY_LEVEL
2024-04-24T04:56:08,913  WARN [main] txn.CompactionTxnHandler: No compaction queue record found for Compaction type transaction commit. txnId:13
2024-04-24T04:56:08,914  INFO [main] ql.TxnCommandsBaseForTests: Running the query: drop table if exists Tstage
2024-04-24T04:56:08,914  INFO [main] ql.Driver: Compiling command(queryId=alex_20240424045608_4500156c-31b4-4104-898c-7b1620b7b8bb): drop table if exists Tstage
2024-04-24T04:56:08,922  INFO [main] txn.TxnHandler: Added entries to MIN_HISTORY_LEVEL for current txns: ([14]) with min_open_txn: 1
2024-04-24T04:56:08,922  INFO [main] lockmgr.DbTxnManager: Opened txnid:14
2024-04-24T04:56:08,925  INFO [main] HiveMetaStore.audit: ugi=alex	ip=unknown-ip-addr	cmd=get_table : tbl=hive.default.Tstage	
2024-04-24T04:56:08,932  INFO [main] metastore.HMSHandler: Skipping translation for processor with null
2024-04-24T04:56:08,932  INFO [main] ql.Driver: Semantic Analysis Completed (retrial = false)
2024-04-24T04:56:08,932  INFO [main] ql.Driver: Created Hive schema: Schema(fieldSchemas:null, properties:null)
2024-04-24T04:56:08,932  INFO [main] metadata.Hive: Dumping metastore api call timing information for : compilation phase
2024-04-24T04:56:08,932  INFO [main] metadata.Hive: Total time spent in each metastore function (ms): {openTxn_(String, TxnType)=7, commitTxn_(CommitTxnRequest)=10, getTable_(GetTableRequest)=7, isCompatibleWith_(Configuration)=0, getValidTxns_(long)=1, flushCache_()=0}
2024-04-24T04:56:08,932  INFO [main] ql.Driver: Completed compiling command(queryId=alex_20240424045608_4500156c-31b4-4104-898c-7b1620b7b8bb); Time taken: 0.018 seconds
2024-04-24T04:56:08,932  INFO [main] lockmgr.DbTxnManager: Setting lock request transaction to txnid:14 for queryId=alex_20240424045608_4500156c-31b4-4104-898c-7b1620b7b8bb
2024-04-24T04:56:08,933  INFO [main] lockmgr.DbLockManager: Requesting lock for queryId=alex_20240424045608_4500156c-31b4-4104-898c-7b1620b7b8bb
2024-04-24T04:56:08,945  INFO [main] lockmgr.DbLockManager: Response to queryId=alex_20240424045608_4500156c-31b4-4104-898c-7b1620b7b8bb LockResponse(lockid:8, state:ACQUIRED)
2024-04-24T04:56:08,945  INFO [main] ql.Driver: Operation DROPTABLE obtained 1 locks
2024-04-24T04:56:08,945  INFO [main] ql.Driver: Executing command(queryId=alex_20240424045608_4500156c-31b4-4104-898c-7b1620b7b8bb): drop table if exists Tstage
2024-04-24T04:56:08,946  INFO [main] ql.Driver: Starting task [Stage-0:DDL] in serial mode
2024-04-24T04:56:08,946  INFO [main] HiveMetaStore.audit: ugi=alex	ip=unknown-ip-addr	cmd=get_table : tbl=hive.default.Tstage	
2024-04-24T04:56:08,952  INFO [main] metastore.HMSHandler: Skipping translation for processor with null
2024-04-24T04:56:08,953  INFO [main] HiveMetaStore.audit: ugi=alex	ip=unknown-ip-addr	cmd=get_table : tbl=hive.default.Tstage	
2024-04-24T04:56:08,959  INFO [main] metastore.HMSHandler: Skipping translation for processor with null
2024-04-24T04:56:08,959  INFO [main] HiveMetaStore.audit: ugi=alex	ip=unknown-ip-addr	cmd=drop_table : tbl=hive.default.Tstage	
2024-04-24T04:56:09,023  WARN [main] utils.FileUtils: File file:/home/alex/Repositories/hive/ql/target/tmp/org.apache.hadoop.hive.ql.TestTxnExIm-1713959704617/warehouse/tstage does not exist; Force to delete it.
2024-04-24T04:56:09,023 ERROR [main] utils.FileUtils: Failed to delete file:/home/alex/Repositories/hive/ql/target/tmp/org.apache.hadoop.hive.ql.TestTxnExIm-1713959704617/warehouse/tstage
2024-04-24T04:56:09,023  INFO [main] metadata.Hive: Dumping metastore api call timing information for : execution phase
2024-04-24T04:56:09,023  INFO [main] metadata.Hive: Total time spent in each metastore function (ms): {isCompatibleWith_(Configuration)=0, dropTable_(String, String, boolean, boolean, boolean)=70, getTable_(GetTableRequest)=7}
2024-04-24T04:56:09,023  INFO [main] ql.Driver: Completed executing command(queryId=alex_20240424045608_4500156c-31b4-4104-898c-7b1620b7b8bb); Time taken: 0.078 seconds
2024-04-24T04:56:09,023  INFO [main] lockmgr.DbTxnManager: Stopped heartbeat for query: alex_20240424045608_4500156c-31b4-4104-898c-7b1620b7b8bb
2024-04-24T04:56:09,026  INFO [main] txn.TxnHandler: Expected to move at least one record from txn_components to completed_txn_components when committing txn! txnid:14
2024-04-24T04:56:09,031  INFO [main] txn.TxnHandler: Removed transactions: ([14]) from MIN_HISTORY_LEVEL
2024-04-24T04:56:09,031  WARN [main] txn.CompactionTxnHandler: No compaction queue record found for Compaction type transaction commit. txnId:14
2024-04-24T04:56:09,032  INFO [main] ql.TxnCommandsBaseForTests: Running the query: create table Tstage (a int, b int) stored as orc tblproperties('transactional'='true')
2024-04-24T04:56:09,032  INFO [main] ql.Driver: Compiling command(queryId=alex_20240424045609_e314aeaa-e7f5-4a89-97fc-bb65555dddc5): create table Tstage (a int, b int) stored as orc tblproperties('transactional'='true')
2024-04-24T04:56:09,034  INFO [main] txn.TxnHandler: Added entries to MIN_HISTORY_LEVEL for current txns: ([15]) with min_open_txn: 1
2024-04-24T04:56:09,034  INFO [main] lockmgr.DbTxnManager: Opened txnid:15
2024-04-24T04:56:09,035  INFO [main] parse.CalcitePlanner: Starting caching scope for: 
2024-04-24T04:56:09,035  INFO [main] parse.CalcitePlanner: Starting Semantic Analysis
2024-04-24T04:56:09,039  INFO [main] parse.CalcitePlanner: Creating table default.Tstage position=13
2024-04-24T04:56:09,039  INFO [main] HiveMetaStore.audit: ugi=alex	ip=unknown-ip-addr	cmd=get_database: default	
2024-04-24T04:56:09,041  INFO [main] parse.CalcitePlanner: Ending caching scope for: 
2024-04-24T04:56:09,041  INFO [main] ql.Driver: Semantic Analysis Completed (retrial = false)
2024-04-24T04:56:09,041  INFO [main] ql.Driver: Created Hive schema: Schema(fieldSchemas:null, properties:null)
2024-04-24T04:56:09,041  INFO [main] metadata.Hive: Dumping metastore api call timing information for : compilation phase
2024-04-24T04:56:09,041  INFO [main] metadata.Hive: Total time spent in each metastore function (ms): {commitTxn_(CommitTxnRequest)=9, flushCache_()=0, getDatabase_(String)=2, isCompatibleWith_(Configuration)=0, getValidTxns_(long)=0, getValidWriteIds_(List, String)=4, openTxn_(String, TxnType)=1}
2024-04-24T04:56:09,041  INFO [main] ql.Driver: Completed compiling command(queryId=alex_20240424045609_e314aeaa-e7f5-4a89-97fc-bb65555dddc5); Time taken: 0.009 seconds
2024-04-24T04:56:09,042  INFO [main] lockmgr.DbTxnManager: Setting lock request transaction to txnid:15 for queryId=alex_20240424045609_e314aeaa-e7f5-4a89-97fc-bb65555dddc5
2024-04-24T04:56:09,042  INFO [main] lockmgr.DbLockManager: Requesting lock for queryId=alex_20240424045609_e314aeaa-e7f5-4a89-97fc-bb65555dddc5
2024-04-24T04:56:09,061  INFO [main] lockmgr.DbLockManager: Response to queryId=alex_20240424045609_e314aeaa-e7f5-4a89-97fc-bb65555dddc5 LockResponse(lockid:9, state:ACQUIRED)
2024-04-24T04:56:09,061  INFO [main] ql.Driver: Operation CREATETABLE obtained 1 locks
2024-04-24T04:56:09,062  INFO [main] ql.Driver: Executing command(queryId=alex_20240424045609_e314aeaa-e7f5-4a89-97fc-bb65555dddc5): create table Tstage (a int, b int) stored as orc tblproperties('transactional'='true')
2024-04-24T04:56:09,062  INFO [main] ql.Driver: Starting task [Stage-0:DDL] in serial mode
2024-04-24T04:56:09,063  INFO [main] HiveMetaStore.audit: ugi=alex	ip=unknown-ip-addr	cmd=create_table_req: Table(tableName:Tstage, dbName:default, owner:alex, createTime:1713959769, lastAccessTime:0, retention:0, sd:StorageDescriptor(cols:[FieldSchema(name:a, type:int, comment:null), FieldSchema(name:b, type:int, comment:null)], location:null, inputFormat:org.apache.hadoop.hive.ql.io.orc.OrcInputFormat, outputFormat:org.apache.hadoop.hive.ql.io.orc.OrcOutputFormat, compressed:false, numBuckets:-1, serdeInfo:SerDeInfo(name:null, serializationLib:org.apache.hadoop.hive.ql.io.orc.OrcSerde, parameters:{serialization.format=1}), bucketCols:[], sortCols:[], parameters:{}, skewedInfo:SkewedInfo(skewedColNames:[], skewedColValues:[], skewedColValueLocationMaps:{}), storedAsSubDirectories:false), partitionKeys:[], parameters:{COLUMN_STATS_ACCURATE={"BASIC_STATS":"true","COLUMN_STATS":{"a":"true","b":"true"}}, transactional=true, bucketing_version=2, numFilesErasureCoded=0, totalSize=0, numFiles=0, rawDataSize=0, numRows=0}, viewOriginalText:null, viewExpandedText:null, tableType:MANAGED_TABLE, privileges:PrincipalPrivilegeSet(userPrivileges:{alex=[PrivilegeGrantInfo(privilege:INSERT, createTime:-1, grantor:alex, grantorType:USER, grantOption:true), PrivilegeGrantInfo(privilege:SELECT, createTime:-1, grantor:alex, grantorType:USER, grantOption:true), PrivilegeGrantInfo(privilege:UPDATE, createTime:-1, grantor:alex, grantorType:USER, grantOption:true), PrivilegeGrantInfo(privilege:DELETE, createTime:-1, grantor:alex, grantorType:USER, grantOption:true)]}, groupPrivileges:null, rolePrivileges:null), temporary:false, catName:hive, ownerType:USER, writeId:0)	
2024-04-24T04:56:09,069  INFO [main] utils.FileUtils: Creating directory if it doesn't exist: file:/home/alex/Repositories/hive/ql/target/tmp/org.apache.hadoop.hive.ql.TestTxnExIm-1713959704617/warehouse/tstage
2024-04-24T04:56:09,096  INFO [main] metadata.Hive: Dumping metastore api call timing information for : execution phase
2024-04-24T04:56:09,096  INFO [main] metadata.Hive: Total time spent in each metastore function (ms): {createTable_(Table)=33, isCompatibleWith_(Configuration)=0}
2024-04-24T04:56:09,096  INFO [main] ql.Driver: Completed executing command(queryId=alex_20240424045609_e314aeaa-e7f5-4a89-97fc-bb65555dddc5); Time taken: 0.034 seconds
2024-04-24T04:56:09,096  INFO [main] lockmgr.DbTxnManager: Stopped heartbeat for query: alex_20240424045609_e314aeaa-e7f5-4a89-97fc-bb65555dddc5
2024-04-24T04:56:09,100  INFO [main] txn.TxnHandler: Expected to move at least one record from txn_components to completed_txn_components when committing txn! txnid:15
2024-04-24T04:56:09,104  INFO [main] txn.TxnHandler: Removed transactions: ([15]) from MIN_HISTORY_LEVEL
2024-04-24T04:56:09,104  WARN [main] txn.CompactionTxnHandler: No compaction queue record found for Compaction type transaction commit. txnId:15
2024-04-24T04:56:09,105  INFO [main] ql.TxnCommandsBaseForTests: Running the query: insert into Tstage values(1,2),(3,4),(5,6)
2024-04-24T04:56:09,105  INFO [main] ql.Driver: Compiling command(queryId=alex_20240424045609_40d77701-3830-4adc-b199-f7821b46c69f): insert into Tstage values(1,2),(3,4),(5,6)
2024-04-24T04:56:09,108  INFO [main] txn.TxnHandler: Added entries to MIN_HISTORY_LEVEL for current txns: ([16]) with min_open_txn: 3
2024-04-24T04:56:09,108  INFO [main] lockmgr.DbTxnManager: Opened txnid:16
2024-04-24T04:56:09,108  INFO [main] parse.CalcitePlanner: Starting caching scope for: 
2024-04-24T04:56:09,108  INFO [main] parse.CalcitePlanner: Starting Semantic Analysis
2024-04-24T04:56:09,111  INFO [main] HiveMetaStore.audit: ugi=alex	ip=unknown-ip-addr	cmd=get_table : tbl=hive.default.Tstage	
2024-04-24T04:56:09,127  INFO [main] metastore.HMSHandler: Skipping translation for processor with null
2024-04-24T04:56:09,127  INFO [main] parse.CalcitePlanner: Completed phase 1 of Semantic Analysis
2024-04-24T04:56:09,127  INFO [main] parse.CalcitePlanner: Get metadata for source tables
2024-04-24T04:56:09,127  INFO [main] parse.CalcitePlanner: Get metadata for subqueries
2024-04-24T04:56:09,127  INFO [main] parse.CalcitePlanner: Get metadata for destination tables
2024-04-24T04:56:09,127  INFO [main] HiveMetaStore.audit: ugi=alex	ip=unknown-ip-addr	cmd=get_table : tbl=hive.default.Tstage	
2024-04-24T04:56:09,134  INFO [main] metastore.HMSHandler: Skipping translation for processor with null
2024-04-24T04:56:09,134  INFO [main] parse.CalcitePlanner: Completed getting MetaData in Semantic Analysis
2024-04-24T04:56:09,134  INFO [main] parse.CalcitePlanner: Disabling LLAP IO encode as ETL query is detected
2024-04-24T04:56:09,155  INFO [main] HiveMetaStore.audit: ugi=alex	ip=unknown-ip-addr	cmd=get_all_table_constraints : tbl=hive._dummy_database._dummy_table	
2024-04-24T04:56:09,226  INFO [main] parse.CalcitePlanner: Get metadata for source tables
2024-04-24T04:56:09,226  INFO [main] parse.CalcitePlanner: Get metadata for subqueries
2024-04-24T04:56:09,226  INFO [main] parse.CalcitePlanner: Get metadata for source tables
2024-04-24T04:56:09,226  INFO [main] HiveMetaStore.audit: ugi=alex	ip=unknown-ip-addr	cmd=get_table : tbl=hive._dummy_database._dummy_table	
2024-04-24T04:56:09,228  INFO [main] parse.CalcitePlanner: Get metadata for subqueries
2024-04-24T04:56:09,228  INFO [main] parse.CalcitePlanner: Get metadata for destination tables
2024-04-24T04:56:09,229  INFO [main] parse.CalcitePlanner: Get metadata for destination tables
2024-04-24T04:56:09,229  INFO [main] HiveMetaStore.audit: ugi=alex	ip=unknown-ip-addr	cmd=get_table : tbl=hive.default.Tstage	
2024-04-24T04:56:09,235  INFO [main] metastore.HMSHandler: Skipping translation for processor with null
2024-04-24T04:56:09,238  INFO [main] HiveMetaStore.audit: ugi=alex	ip=unknown-ip-addr	cmd=get_not_null_constraints : tbl=hive.default.tstage	
2024-04-24T04:56:09,239  INFO [main] HiveMetaStore.audit: ugi=alex	ip=unknown-ip-addr	cmd=get_check_constraints : tbl=hive.default.tstage	
2024-04-24T04:56:09,246  INFO [main] txn.TxnHandler: Allocated writeId: 1 for txnId: 16
2024-04-24T04:56:09,246  INFO [main] txn.TxnHandler: Allocated write ids for dbName=default, tblName=tstage (txnIds: [16])
2024-04-24T04:56:09,247  INFO [main] parse.CalcitePlanner: CBO Succeeded; optimized logical plan.
2024-04-24T04:56:09,250  INFO [main] optimizer.BucketVersionPopulator: not considering bucketingVersion for: TS[0] because it has -1<2 buckets 
2024-04-24T04:56:09,251  INFO [main] optimizer.SortedDynPartitionOptimizer: Sorted dynamic partitioning optimization kicked in..
2024-04-24T04:56:09,259  INFO [main] HiveMetaStore.audit: ugi=alex	ip=unknown-ip-addr	cmd=get_table : tbl=hive.default.tstage	
2024-04-24T04:56:09,266  INFO [main] metastore.HMSHandler: Skipping translation for processor with null
2024-04-24T04:56:09,267  INFO [main] physical.Vectorizer: Examining input format to see if vectorization is enabled.
2024-04-24T04:56:09,267  INFO [main] physical.Vectorizer: Map vectorization enabled: false
2024-04-24T04:56:09,267  INFO [main] physical.Vectorizer: Map vectorized: false
2024-04-24T04:56:09,267  INFO [main] physical.Vectorizer: Map vectorizedVertexNum: 0
2024-04-24T04:56:09,267  INFO [main] physical.Vectorizer: Map enabledConditionsMet: [hive.vectorized.use.vectorized.input.format IS true]
2024-04-24T04:56:09,267  INFO [main] physical.Vectorizer: Map enabledConditionsNotMet: [Could not enable vectorization due to partition column names size 1 is greater than the number of table column names size 0 IS false]
2024-04-24T04:56:09,267  INFO [main] physical.Vectorizer: Map inputFileFormatClassNameSet: [org.apache.hadoop.hive.ql.io.NullRowsInputFormat]
2024-04-24T04:56:09,267  INFO [main] parse.CalcitePlanner: Completed plan generation
2024-04-24T04:56:09,267  INFO [main] parse.CalcitePlanner: Ending caching scope for: 
2024-04-24T04:56:09,267  INFO [main] ql.Driver: Semantic Analysis Completed (retrial = false)
2024-04-24T04:56:09,267  INFO [main] ql.Driver: Created Hive schema: Schema(fieldSchemas:[FieldSchema(name:col1, type:int, comment:null), FieldSchema(name:col2, type:int, comment:null)], properties:null)
2024-04-24T04:56:09,267  INFO [main] metadata.Hive: Dumping metastore api call timing information for : compilation phase
2024-04-24T04:56:09,268  INFO [main] metadata.Hive: Total time spent in each metastore function (ms): {getAllTableConstraints_(AllTableConstraintsRequest)=26, getTable_(GetTableRequest)=36, commitTxn_(CommitTxnRequest)=9, getCheckConstraints_(CheckConstraintsRequest)=1, getValidTxns_(long)=0, getValidWriteIds_(List, String)=1, isCompatibleWith_(Configuration)=1, openTxn_(String, TxnType)=2, allocateTableWriteId_(long, String, String)=6, getNotNullConstraints_(NotNullConstraintsRequest)=2, flushCache_()=0}
2024-04-24T04:56:09,268  INFO [main] ql.Driver: Completed compiling command(queryId=alex_20240424045609_40d77701-3830-4adc-b199-f7821b46c69f); Time taken: 0.162 seconds
2024-04-24T04:56:09,268  INFO [main] lockmgr.DbTxnManager: Setting lock request transaction to txnid:16 for queryId=alex_20240424045609_40d77701-3830-4adc-b199-f7821b46c69f
2024-04-24T04:56:09,268  INFO [main] lockmgr.DbLockManager: Requesting lock for queryId=alex_20240424045609_40d77701-3830-4adc-b199-f7821b46c69f
2024-04-24T04:56:09,282  INFO [main] lockmgr.DbLockManager: Response to queryId=alex_20240424045609_40d77701-3830-4adc-b199-f7821b46c69f LockResponse(lockid:10, state:ACQUIRED)
2024-04-24T04:56:09,282  INFO [main] ql.Driver: Operation QUERY obtained 1 locks
2024-04-24T04:56:09,285  INFO [main] ql.Driver: Executing command(queryId=alex_20240424045609_40d77701-3830-4adc-b199-f7821b46c69f): insert into Tstage values(1,2),(3,4),(5,6)
2024-04-24T04:56:09,285  WARN [main] ql.Driver: Hive-on-MR is deprecated in Hive 2 and may not be available in the future versions. Consider using a different execution engine (i.e. spark, tez) or using Hive 1.X releases.
Query ID = alex_20240424045609_40d77701-3830-4adc-b199-f7821b46c69f
2024-04-24T04:56:09,285  INFO [main] ql.Driver: Query ID = alex_20240424045609_40d77701-3830-4adc-b199-f7821b46c69f
Total jobs = 1
2024-04-24T04:56:09,285  INFO [main] ql.Driver: Total jobs = 1
Launching Job 1 out of 1
2024-04-24T04:56:09,285  INFO [main] ql.Driver: Launching Job 1 out of 1
2024-04-24T04:56:09,410  INFO [main] ql.Driver: Starting task [Stage-1:MAPRED] in serial mode
Number of reduce tasks is set to 0 since there's no reduce operator
2024-04-24T04:56:09,410  INFO [main] exec.Task: Number of reduce tasks is set to 0 since there's no reduce operator
2024-04-24T04:56:09,412  INFO [main] mr.ExecDriver: Using org.apache.hadoop.hive.ql.io.HiveInputFormat
2024-04-24T04:56:09,412  INFO [main] exec.Utilities: Processing alias $hdt$_0:_dummy_table
2024-04-24T04:56:09,412  INFO [main] exec.Utilities: Adding 1 inputs; the first input is file:/home/alex/Repositories/hive/ql/target/tmp/localscratchdir/c66746de-be8f-4d05-99f8-bf9617dee7bc/hive_2024-04-24_04-56-09_105_1203909862612834546-1/dummy_path
2024-04-24T04:56:09,421  INFO [main] exec.SerializationUtilities: Serializing MapWork using kryo
2024-04-24T04:56:09,422  INFO [main] exec.Utilities: Serialized plan (via FILE) - name: null size: 5,72KB
2024-04-24T04:56:09,423  WARN [main] impl.MetricsSystemImpl: JobTracker metrics system already initialized!
2024-04-24T04:56:09,426  INFO [main] fs.FSStatsPublisher: created : file:/home/alex/Repositories/hive/ql/target/tmp/localscratchdir/c66746de-be8f-4d05-99f8-bf9617dee7bc/hive_2024-04-24_04-56-09_105_1203909862612834546-1/-mr-10000
2024-04-24T04:56:09,428  WARN [main] impl.MetricsSystemImpl: JobTracker metrics system already initialized!
2024-04-24T04:56:09,435  WARN [main] mapreduce.JobResourceUploader: Hadoop command-line option parsing not performed. Implement the Tool interface and execute your application with ToolRunner to remedy this.
2024-04-24T04:56:09,439  WARN [main] mapreduce.JobResourceUploader: No job jar file set.  User classes may not be found. See Job or Job#setJar(String).
2024-04-24T04:56:09,441  INFO [main] io.HiveInputFormat: hive.io.file.readcolumn.ids = 
2024-04-24T04:56:09,441  INFO [main] io.HiveInputFormat: hive.io.file.readcolumn.names = 
2024-04-24T04:56:09,441  INFO [main] io.HiveInputFormat: Generating splits for dirs: file:/home/alex/Repositories/hive/ql/target/tmp/localscratchdir/c66746de-be8f-4d05-99f8-bf9617dee7bc/hive_2024-04-24_04-56-09_105_1203909862612834546-1/dummy_path
2024-04-24T04:56:09,441  INFO [main] io.HiveInputFormat: number of splits 1
2024-04-24T04:56:09,458  INFO [main] mapreduce.JobSubmitter: number of splits:1
2024-04-24T04:56:09,476  INFO [main] mapreduce.JobSubmitter: Submitting tokens for job: job_local457654961_0024
2024-04-24T04:56:09,476  INFO [main] mapreduce.JobSubmitter: Executing with tokens: []
2024-04-24T04:56:09,534  INFO [main] mapreduce.Job: The url to track the job: http://localhost:8080/
Job running in-process (local Hadoop)
2024-04-24T04:56:09,534  INFO [main] exec.Task: Job running in-process (local Hadoop)
2024-04-24T04:56:09,535  INFO [Thread-1834] mapred.LocalJobRunner: OutputCommitter set in config org.apache.hadoop.hive.ql.io.HiveFileFormatUtils$NullOutputCommitter
2024-04-24T04:56:09,535  INFO [Thread-1834] mapred.LocalJobRunner: OutputCommitter is org.apache.hadoop.hive.ql.io.HiveFileFormatUtils$NullOutputCommitter
2024-04-24T04:56:09,537  INFO [Thread-1834] mapred.LocalJobRunner: Waiting for map tasks
2024-04-24T04:56:09,537  INFO [LocalJobRunner Map Task Executor #0] mapred.LocalJobRunner: Starting task: attempt_local457654961_0024_m_000000_0
2024-04-24T04:56:09,539  INFO [LocalJobRunner Map Task Executor #0] mapred.Task:  Using ResourceCalculatorProcessTree : [ ]
2024-04-24T04:56:09,540  INFO [LocalJobRunner Map Task Executor #0] mapred.MapTask: Processing split: org.apache.hadoop.hive.ql.io.NullRowsInputFormat:file:/home/alex/Repositories/hive/ql/target/tmp/localscratchdir/c66746de-be8f-4d05-99f8-bf9617dee7bc/hive_2024-04-24_04-56-09_105_1203909862612834546-1/dummy_path/null:0+1
2024-04-24T04:56:09,542  INFO [LocalJobRunner Map Task Executor #0] exec.SerializationUtilities: Deserializing MapWork using kryo
2024-04-24T04:56:09,542  INFO [LocalJobRunner Map Task Executor #0] exec.Utilities: Deserialized plan (via FILE) - name: null size: 5,72KB
2024-04-24T04:56:09,543  INFO [LocalJobRunner Map Task Executor #0] mapred.MapTask: numReduceTasks: 0
2024-04-24T04:56:09,544  INFO [LocalJobRunner Map Task Executor #0] exec.MapOperator: Initializing Operator: MAP[0]
2024-04-24T04:56:09,544  INFO [LocalJobRunner Map Task Executor #0] mr.ExecMapper: 
<MAP>Id =0
  <Children>null
  <\Children>
  <Parent><\Parent>
<\MAP>
2024-04-24T04:56:09,545  INFO [LocalJobRunner Map Task Executor #0] exec.TableScanOperator: Initializing Operator: TS[0]
2024-04-24T04:56:09,545  INFO [LocalJobRunner Map Task Executor #0] exec.SelectOperator: Initializing Operator: SEL[1]
2024-04-24T04:56:09,545  INFO [LocalJobRunner Map Task Executor #0] exec.SelectOperator: SELECT null
2024-04-24T04:56:09,545  INFO [LocalJobRunner Map Task Executor #0] exec.UDTFOperator: Initializing Operator: UDTF[2]
2024-04-24T04:56:09,546  INFO [LocalJobRunner Map Task Executor #0] exec.SelectOperator: Initializing Operator: SEL[3]
2024-04-24T04:56:09,546  INFO [LocalJobRunner Map Task Executor #0] exec.SelectOperator: SELECT struct<col1:int,col2:int>
2024-04-24T04:56:09,546  INFO [LocalJobRunner Map Task Executor #0] exec.FileSinkOperator: Initializing Operator: FS[4]
2024-04-24T04:56:09,546  INFO [LocalJobRunner Map Task Executor #0] exec.FileSinkOperator: Using serializer : AbstractSerDe [log=org.apache.logging.slf4j.Log4jLogger@167b171d, configuration=Optional[Configuration: core-default.xml, core-site.xml, mapred-default.xml, mapred-site.xml, yarn-default.xml, yarn-site.xml, hdfs-default.xml, hdfs-site.xml, file:/home/alex/Repositories/hive/ql/target/tmp/TestTxnExIm/mapred/local/localRunner/alex/job_local457654961_0024/job_local457654961_0024.xml], properties={transactional_properties=default, name=default.tstage, transactional=true, columns.types=int:int, columns=a,b, numFilesErasureCoded=0, columns.comments=&amp#0;, bucketing_version=2, serialization.lib=org.apache.hadoop.hive.ql.io.orc.OrcSerde, file.inputformat=org.apache.hadoop.hive.ql.io.orc.OrcInputFormat, file.outputformat=org.apache.hadoop.hive.ql.io.orc.OrcOutputFormat, location=file:/home/alex/Repositories/hive/ql/target/tmp/org.apache.hadoop.hive.ql.TestTxnExIm-1713959704617/warehouse/tstage, column.name.delimiter=,}, tableProperties={transactional_properties=default, name=default.tstage, transactional=true, columns.types=int:int, columns=a,b, numFilesErasureCoded=0, columns.comments=&amp#0;, bucketing_version=2, serialization.lib=org.apache.hadoop.hive.ql.io.orc.OrcSerde, file.inputformat=org.apache.hadoop.hive.ql.io.orc.OrcInputFormat, location=file:/home/alex/Repositories/hive/ql/target/tmp/org.apache.hadoop.hive.ql.TestTxnExIm-1713959704617/warehouse/tstage, file.outputformat=org.apache.hadoop.hive.ql.io.orc.OrcOutputFormat, column.name.delimiter=,}, partitionProperties=Optional.empty, columnNames=[a, b], columnTypes=[int, int], getClass()=class org.apache.hadoop.hive.ql.io.orc.OrcSerde] and formatter : org.apache.hadoop.hive.ql.io.orc.OrcOutputFormat@48839711
2024-04-24T04:56:09,546  INFO [LocalJobRunner Map Task Executor #0] exec.FileSinkOperator: Final Path: FS file:/home/alex/Repositories/hive/ql/target/tmp/org.apache.hadoop.hive.ql.TestTxnExIm-1713959704617/warehouse/tstage
2024-04-24T04:56:09,547  INFO [LocalJobRunner Map Task Executor #0] exec.FileSinkOperator: New Final Path: FS file:/home/alex/Repositories/hive/ql/target/tmp/org.apache.hadoop.hive.ql.TestTxnExIm-1713959704617/warehouse/tstage
2024-04-24T04:56:09,547  INFO [LocalJobRunner Map Task Executor #0] common.FileUtils: Creating directory if it doesn't exist: file:/home/alex/Repositories/hive/ql/target/tmp/org.apache.hadoop.hive.ql.TestTxnExIm-1713959704617/warehouse
2024-04-24T04:56:09,549  INFO [LocalJobRunner Map Task Executor #0] exec.FileSinkOperator: FS[4]: records written - 1
2024-04-24T04:56:09,549  INFO [LocalJobRunner Map Task Executor #0] impl.PhysicalFsWriter: ORC writer created for path: file:/home/alex/Repositories/hive/ql/target/tmp/org.apache.hadoop.hive.ql.TestTxnExIm-1713959704617/warehouse/tstage/delta_0000001_0000001_0000/bucket_00000_0 with stripeSize: 8388608 blockSize: 268435456 compression: Compress: ZLIB buffer: 32768
2024-04-24T04:56:09,556  INFO [LocalJobRunner Map Task Executor #0] impl.WriterImpl: ORC writer created for path: file:/home/alex/Repositories/hive/ql/target/tmp/org.apache.hadoop.hive.ql.TestTxnExIm-1713959704617/warehouse/tstage/delta_0000001_0000001_0000/bucket_00000_0 with stripeSize: 8388608 options: Compress: ZLIB buffer: 32768
2024-04-24T04:56:09,560  INFO [LocalJobRunner Map Task Executor #0] exec.MapOperator: MAP[0]: records read - 1
2024-04-24T04:56:09,561  INFO [LocalJobRunner Map Task Executor #0] exec.MapOperator: Closing Operator: MAP[0]
2024-04-24T04:56:09,561  INFO [LocalJobRunner Map Task Executor #0] exec.MapOperator: MAP[0]: Total records read - 3. abort - false
2024-04-24T04:56:09,561  INFO [LocalJobRunner Map Task Executor #0] exec.MapOperator: RECORDS_OUT_OPERATOR_MAP_0:0, DESERIALIZE_ERRORS:0, RECORDS_IN:3, RECORDS_OUT_INTERMEDIATE:0, 
2024-04-24T04:56:09,561  INFO [LocalJobRunner Map Task Executor #0] exec.TableScanOperator: Closing Operator: TS[0]
2024-04-24T04:56:09,561  INFO [LocalJobRunner Map Task Executor #0] exec.TableScanOperator: RECORDS_OUT_INTERMEDIATE:0, RECORDS_OUT_OPERATOR_TS_0:1, 
2024-04-24T04:56:09,561  INFO [LocalJobRunner Map Task Executor #0] exec.SelectOperator: Closing Operator: SEL[1]
2024-04-24T04:56:09,561  INFO [LocalJobRunner Map Task Executor #0] exec.SelectOperator: RECORDS_OUT_OPERATOR_SEL_1:1, RECORDS_OUT_INTERMEDIATE:0, 
2024-04-24T04:56:09,561  INFO [LocalJobRunner Map Task Executor #0] exec.UDTFOperator: Closing Operator: UDTF[2]
2024-04-24T04:56:09,561  INFO [LocalJobRunner Map Task Executor #0] exec.UDTFOperator: RECORDS_OUT_OPERATOR_UDTF_2:3, RECORDS_OUT_INTERMEDIATE:0, 
2024-04-24T04:56:09,561  INFO [LocalJobRunner Map Task Executor #0] exec.SelectOperator: Closing Operator: SEL[3]
2024-04-24T04:56:09,561  INFO [LocalJobRunner Map Task Executor #0] exec.SelectOperator: RECORDS_OUT_INTERMEDIATE:0, RECORDS_OUT_OPERATOR_SEL_3:3, 
2024-04-24T04:56:09,561  INFO [LocalJobRunner Map Task Executor #0] exec.FileSinkOperator: Closing Operator: FS[4]
2024-04-24T04:56:09,561  INFO [LocalJobRunner Map Task Executor #0] exec.FileSinkOperator: FS[4]: records written - 3
2024-04-24T04:56:09,563  INFO [LocalJobRunner Map Task Executor #0] FileOperations: Writing manifest to file:/home/alex/Repositories/hive/ql/target/tmp/org.apache.hadoop.hive.ql.TestTxnExIm-1713959704617/warehouse/tstage/_tmp.delta_0000001_0000001_0000/000000_0.manifest with [file:/home/alex/Repositories/hive/ql/target/tmp/org.apache.hadoop.hive.ql.TestTxnExIm-1713959704617/warehouse/tstage/delta_0000001_0000001_0000/bucket_00000_0]
2024-04-24T04:56:09,574  INFO [LocalJobRunner Map Task Executor #0] exec.FileSinkOperator: RECORDS_OUT_1_default.tstage:3, TOTAL_TABLE_ROWS_WRITTEN:3, RECORDS_OUT_INTERMEDIATE:0, RECORDS_OUT_OPERATOR_FS_4:3, 
2024-04-24T04:56:09,575  INFO [LocalJobRunner Map Task Executor #0] mapred.LocalJobRunner: 
2024-04-24T04:56:09,576  INFO [LocalJobRunner Map Task Executor #0] mapred.Task: Task:attempt_local457654961_0024_m_000000_0 is done. And is in the process of committing
2024-04-24T04:56:09,577  INFO [LocalJobRunner Map Task Executor #0] mapred.LocalJobRunner: map
2024-04-24T04:56:09,577  INFO [LocalJobRunner Map Task Executor #0] mapred.Task: Task 'attempt_local457654961_0024_m_000000_0' done.
2024-04-24T04:56:09,577  INFO [LocalJobRunner Map Task Executor #0] mapred.Task: Final Counters for attempt_local457654961_0024_m_000000_0: Counters: 27
	File System Counters
		FILE: Number of bytes read=452100
		FILE: Number of bytes written=28089484
		FILE: Number of read operations=0
		FILE: Number of large read operations=0
		FILE: Number of write operations=0
	Map-Reduce Framework
		Map input records=4
		Map output records=0
		Input split bytes=361
		Spilled Records=0
		Failed Shuffles=0
		Merged Map outputs=0
		GC time elapsed (ms)=0
		Total committed heap usage (bytes)=1227882496
	HIVE
		CREATED_FILES=1
		DESERIALIZE_ERRORS=0
		RECORDS_IN=3
		RECORDS_OUT_1_default.tstage=3
		RECORDS_OUT_INTERMEDIATE=0
		RECORDS_OUT_OPERATOR_FS_4=3
		RECORDS_OUT_OPERATOR_MAP_0=0
		RECORDS_OUT_OPERATOR_SEL_1=1
		RECORDS_OUT_OPERATOR_SEL_3=3
		RECORDS_OUT_OPERATOR_TS_0=1
		RECORDS_OUT_OPERATOR_UDTF_2=3
		TOTAL_TABLE_ROWS_WRITTEN=3
	File Input Format Counters 
		Bytes Read=5776
	File Output Format Counters 
		Bytes Written=0
2024-04-24T04:56:09,577  INFO [LocalJobRunner Map Task Executor #0] mapred.LocalJobRunner: Finishing task: attempt_local457654961_0024_m_000000_0
2024-04-24T04:56:09,577  INFO [Thread-1834] mapred.LocalJobRunner: map task executor complete.
2024-04-24T04:56:10,141  INFO [Metastore Scheduled Worker 0] metastore.HMSHandler: 4: Opening raw store with implementation class:org.apache.hadoop.hive.metastore.ObjectStore
2024-04-24T04:56:10,142  INFO [Metastore Scheduled Worker 0] metastore.ObjectStore: RawStore: org.apache.hadoop.hive.metastore.ObjectStore@2be4c33b, with PersistenceManager: null will be shutdown
2024-04-24T04:56:10,142  INFO [Metastore Scheduled Worker 0] metastore.ObjectStore: RawStore: org.apache.hadoop.hive.metastore.ObjectStore@2be4c33b, with PersistenceManager: org.datanucleus.api.jdo.JDOPersistenceManager@560979f5 created in the thread with id: 44
2024-04-24T04:56:10,159  INFO [Metastore Scheduled Worker 0] metastore.HMSHandler: Created RawStore: org.apache.hadoop.hive.metastore.ObjectStore@2be4c33b from thread id: 44
2024-04-24 04:56:10,537 Stage-1 map = 100%,  reduce = 0%
2024-04-24T04:56:10,537  INFO [main] exec.Task: 2024-04-24 04:56:10,537 Stage-1 map = 100%,  reduce = 0%
Ended Job = job_local457654961_0024
2024-04-24T04:56:10,538  INFO [main] exec.Task: Ended Job = job_local457654961_0024
2024-04-24T04:56:10,540  INFO [main] FileOperations: Found manifest file file:/home/alex/Repositories/hive/ql/target/tmp/org.apache.hadoop.hive.ql.TestTxnExIm-1713959704617/warehouse/tstage/_tmp.delta_0000001_0000001_0000/000000_0.manifest with attemptId 0.
2024-04-24T04:56:10,540  INFO [main] FileOperations: Looking at manifest file: file:/home/alex/Repositories/hive/ql/target/tmp/org.apache.hadoop.hive.ql.TestTxnExIm-1713959704617/warehouse/tstage/_tmp.delta_0000001_0000001_0000/000000_0.manifest
2024-04-24T04:56:10,540  INFO [main] FileOperations: Deleting manifest directory file:/home/alex/Repositories/hive/ql/target/tmp/org.apache.hadoop.hive.ql.TestTxnExIm-1713959704617/warehouse/tstage/_tmp.delta_0000001_0000001_0000
2024-04-24T04:56:10,543  INFO [main] ql.Driver: Starting task [Stage-0:MOVE] in serial mode
Loading data to table default.tstage
2024-04-24T04:56:10,543  INFO [main] exec.Task: Loading data to table default.tstage from file:/home/alex/Repositories/hive/ql/target/tmp/org.apache.hadoop.hive.ql.TestTxnExIm-1713959704617/warehouse/tstage
2024-04-24T04:56:10,544  INFO [main] HiveMetaStore.audit: ugi=alex	ip=unknown-ip-addr	cmd=get_table : tbl=hive.default.tstage	
2024-04-24T04:56:10,568  INFO [main] metastore.HMSHandler: Skipping translation for processor with null
2024-04-24T04:56:10,569  INFO [main] HiveMetaStore.audit: ugi=alex	ip=unknown-ip-addr	cmd=get_table : tbl=hive.default.tstage	
2024-04-24T04:56:10,582  INFO [main] metastore.HMSHandler: Skipping translation for processor with null
2024-04-24T04:56:10,583  INFO [main] HiveMetaStore.audit: ugi=alex	ip=unknown-ip-addr	cmd=alter_table: hive.default.tstage newtbl=tstage	
2024-04-24T04:56:10,614  INFO [main] ql.Driver: Starting task [Stage-2:STATS] in serial mode
2024-04-24T04:56:10,614  INFO [main] HiveMetaStore.audit: ugi=alex	ip=unknown-ip-addr	cmd=get_table : tbl=hive.default.tstage	
2024-04-24T04:56:10,621  INFO [main] metastore.HMSHandler: Skipping translation for processor with null
2024-04-24T04:56:10,621  INFO [main] stats.BasicStatsTask: Executing stats task
2024-04-24T04:56:10,621  INFO [main] fs.FSStatsPublisher: created : file:/home/alex/Repositories/hive/ql/target/tmp/localscratchdir/c66746de-be8f-4d05-99f8-bf9617dee7bc/hive_2024-04-24_04-56-09_105_1203909862612834546-1/-mr-10000
2024-04-24T04:56:10,622  INFO [main] HiveMetaStore.audit: ugi=alex	ip=unknown-ip-addr	cmd=get_table : tbl=hive.default.tstage	
2024-04-24T04:56:10,629  INFO [main] metastore.HMSHandler: Skipping translation for processor with null
2024-04-24T04:56:10,637  WARN [main] FileOperations: Computing stats for an ACID table; stats may be inaccurate
2024-04-24T04:56:10,637  INFO [main] FileOperations: Read stats for default.tstage/, numRows, true, 3, false: 
2024-04-24T04:56:10,637  INFO [main] FileOperations: Read stats for default.tstage/, rawDataSize, true, 0, false: 
2024-04-24T04:56:10,638  INFO [main] HiveMetaStore.audit: ugi=alex	ip=unknown-ip-addr	cmd=alter_table: hive.default.tstage newtbl=tstage	
2024-04-24T04:56:10,658  INFO [main] FileOperations: Read stats for default.tstage/, insertCount, true, 3, false: 
2024-04-24T04:56:10,658  INFO [main] FileOperations: Read stats for default.tstage/, updateCount, true, 0, false: 
2024-04-24T04:56:10,658  INFO [main] FileOperations: Read stats for default.tstage/, deleteCount, true, 0, false: 
2024-04-24T04:56:10,661  INFO [main] stats.BasicStatsTask: Table default.tstage stats: [numFiles=1, numRows=3, totalSize=686, rawDataSize=0, numFilesErasureCoded=0]
2024-04-24T04:56:10,661  INFO [main] metadata.Hive: Dumping metastore api call timing information for : execution phase
2024-04-24T04:56:10,661  INFO [main] metadata.Hive: Total time spent in each metastore function (ms): {isCompatibleWith_(Configuration)=0, updateTransactionalStatistics_(UpdateTransactionalStatsRequest)=3, getTable_(GetTableRequest)=53, alter_table_(String, String, String, Table, EnvironmentContext, String)=51}
MapReduce Jobs Launched: 
2024-04-24T04:56:10,661  INFO [main] ql.Driver: MapReduce Jobs Launched: 
Stage-Stage-1:  HDFS Read: 0 HDFS Write: 0 SUCCESS
2024-04-24T04:56:10,662  INFO [main] ql.Driver: Stage-Stage-1:  HDFS Read: 0 HDFS Write: 0 SUCCESS
Total MapReduce CPU Time Spent: 0 msec
2024-04-24T04:56:10,662  INFO [main] ql.Driver: Total MapReduce CPU Time Spent: 0 msec
2024-04-24T04:56:10,662  INFO [main] ql.Driver: Completed executing command(queryId=alex_20240424045609_40d77701-3830-4adc-b199-f7821b46c69f); Time taken: 1.376 seconds
2024-04-24T04:56:10,662  INFO [main] lockmgr.DbTxnManager: Stopped heartbeat for query: alex_20240424045609_40d77701-3830-4adc-b199-f7821b46c69f
2024-04-24T04:56:10,673  INFO [main] txn.TxnHandler: Removed transactions: ([16]) from MIN_HISTORY_LEVEL
2024-04-24T04:56:10,673  WARN [main] txn.CompactionTxnHandler: No compaction queue record found for Compaction type transaction commit. txnId:16
2024-04-24T04:56:10,674  INFO [main] ql.TxnCommandsBaseForTests: Running the query: export table Tstage to '/home/alex/Repositories/hive/ql/target/tmp/org.apache.hadoop.hive.ql.TestTxnExIm-1713959704617/warehouse/1'
2024-04-24T04:56:10,674  INFO [main] ql.Context: Deleting scratch dir: file:/home/alex/Repositories/hive/ql/target/tmp/localscratchdir/c66746de-be8f-4d05-99f8-bf9617dee7bc/hive_2024-04-24_04-56-09_105_1203909862612834546-1
2024-04-24T04:56:10,674  INFO [main] cleanup.SyncCleanupService: Deleted directory: file:/home/alex/Repositories/hive/ql/target/tmp/localscratchdir/c66746de-be8f-4d05-99f8-bf9617dee7bc/hive_2024-04-24_04-56-09_105_1203909862612834546-1 on fs with scheme file
2024-04-24T04:56:10,675  INFO [main] ql.Driver: Compiling command(queryId=alex_20240424045610_dcf8f6b9-83e5-4a96-86fb-4593f2e11c9e): export table Tstage to '/home/alex/Repositories/hive/ql/target/tmp/org.apache.hadoop.hive.ql.TestTxnExIm-1713959704617/warehouse/1'
2024-04-24T04:56:10,675  INFO [main] HiveMetaStore.audit: ugi=alex	ip=unknown-ip-addr	cmd=get_table : tbl=hive.default.Tstage	
2024-04-24T04:56:10,681  INFO [main] metastore.HMSHandler: Skipping translation for processor with null
2024-04-24T04:56:10,683  INFO [main] txn.TxnHandler: Added entries to MIN_HISTORY_LEVEL for current txns: ([17]) with min_open_txn: 17
2024-04-24T04:56:10,683  INFO [main] lockmgr.DbTxnManager: Opened txnid:17
2024-04-24T04:56:10,684  INFO [main] parse.AcidExportSemanticAnalyzer: Starting caching scope for: 
2024-04-24T04:56:10,684  INFO [main] HiveMetaStore.audit: ugi=alex	ip=unknown-ip-addr	cmd=get_table : tbl=hive.default.Tstage	
2024-04-24T04:56:10,690  INFO [main] metastore.HMSHandler: Skipping translation for processor with null
2024-04-24T04:56:10,691  INFO [main] HiveMetaStore.audit: ugi=alex	ip=unknown-ip-addr	cmd=get_database: default	
2024-04-24T04:56:10,692  INFO [main] HiveMetaStore.audit: ugi=alex	ip=unknown-ip-addr	cmd=get_table : tbl=hive.default.tstage	
2024-04-24T04:56:10,699  INFO [main] metastore.HMSHandler: Skipping translation for processor with null
2024-04-24T04:56:10,699  INFO [main] utils.FileUtils: Creating directory if it doesn't exist: file:/home/alex/Repositories/hive/ql/target/tmp/scratchdir/alex/c66746de-be8f-4d05-99f8-bf9617dee7bc/_tmp_space.db/49087d85-c174-4051-bd64-a29b7c3aa0b3
2024-04-24T04:56:10,702  INFO [main] HiveMetaStore.audit: ugi=alex	ip=unknown-ip-addr	cmd=get_table : tbl=hive.default.Tstage	
2024-04-24T04:56:10,710  INFO [main] metastore.HMSHandler: Skipping translation for processor with null
2024-04-24T04:56:10,710  INFO [main] parse.RewriteSemanticAnalyzer: Going to reparse <export table Tstage to '/home/alex/Repositories/hive/ql/target/tmp/org.apache.hadoop.hive.ql.TestTxnExIm-1713959704617/warehouse/1'> as 
<insert into default.tstage_0b3934dd_9bb6_4728_9974_9c280bca8db1 select * from `default`.`Tstage`>
2024-04-24T04:56:10,711  INFO [main] parse.AcidExportSemanticAnalyzer: Starting Semantic Analysis
2024-04-24T04:56:10,713  INFO [main] parse.AcidExportSemanticAnalyzer: Completed phase 1 of Semantic Analysis
2024-04-24T04:56:10,713  INFO [main] parse.AcidExportSemanticAnalyzer: Get metadata for source tables
2024-04-24T04:56:10,714  INFO [main] HiveMetaStore.audit: ugi=alex	ip=unknown-ip-addr	cmd=get_table : tbl=hive.default.tstage	
2024-04-24T04:56:10,724  INFO [main] metastore.HMSHandler: Skipping translation for processor with null
2024-04-24T04:56:10,724  INFO [main] parse.AcidExportSemanticAnalyzer: Get metadata for subqueries
2024-04-24T04:56:10,724  INFO [main] parse.AcidExportSemanticAnalyzer: Get metadata for destination tables
2024-04-24T04:56:10,725  INFO [main] parse.AcidExportSemanticAnalyzer: Completed getting MetaData in Semantic Analysis
2024-04-24T04:56:10,725  INFO [main] parse.AcidExportSemanticAnalyzer: Disabling LLAP IO encode as ETL query is detected
2024-04-24T04:56:10,737  INFO [main] HiveMetaStore.audit: ugi=alex	ip=unknown-ip-addr	cmd=get_all_table_constraints : tbl=hive.default.tstage	
2024-04-24T04:56:10,745  INFO [main] calcite.RelOptHiveTable: Calculating column statistics for default.tstage, projIndxSet: [0, 1], allowMissingStats: true
2024-04-24T04:56:10,746  INFO [main] HiveMetaStore.audit: ugi=alex	ip=unknown-ip-addr	cmd=get_table : tbl=hive.default.tstage	
2024-04-24T04:56:10,755  INFO [main] metastore.HMSHandler: Skipping translation for processor with null
2024-04-24T04:56:10,755  INFO [main] HiveMetaStore.audit: ugi=alex	ip=unknown-ip-addr	cmd=get_table : tbl=hive.default.tstage	
2024-04-24T04:56:10,765  INFO [main] metastore.HMSHandler: Skipping translation for processor with null
2024-04-24T04:56:10,765  INFO [main] HiveMetaStore.audit: ugi=alex	ip=unknown-ip-addr	cmd=get_table_statistics_req: table=hive.default.tstage	
2024-04-24T04:56:10,775  WARN [main] calcite.RelOptHiveTable: No Stats for default@tstage, Columns: a, b
No Stats for default@tstage, Columns: a, b
2024-04-24T04:56:10,775  INFO [main] SessionState: No Stats for default@tstage, Columns: a, b
2024-04-24T04:56:10,820  INFO [main] parse.AcidExportSemanticAnalyzer: Get metadata for source tables
2024-04-24T04:56:10,820  INFO [main] parse.AcidExportSemanticAnalyzer: Get metadata for subqueries
2024-04-24T04:56:10,820  INFO [main] parse.AcidExportSemanticAnalyzer: Get metadata for destination tables
2024-04-24T04:56:10,822  INFO [main] common.FileUtils: Creating directory if it doesn't exist: file:/home/alex/Repositories/hive/ql/target/tmp/scratchdir/alex/c66746de-be8f-4d05-99f8-bf9617dee7bc/_tmp_space.db/49087d85-c174-4051-bd64-a29b7c3aa0b3/.hive-staging_hive_2024-04-24_04-56-10_710_1935888191826944038-1
2024-04-24T04:56:10,825  INFO [main] HiveMetaStore.audit: ugi=alex	ip=unknown-ip-addr	cmd=get_not_null_constraints : tbl=hive.default.tstage_0b3934dd_9bb6_4728_9974_9c280bca8db1	
2024-04-24T04:56:10,826  INFO [main] HiveMetaStore.audit: ugi=alex	ip=unknown-ip-addr	cmd=get_check_constraints : tbl=hive.default.tstage_0b3934dd_9bb6_4728_9974_9c280bca8db1	
2024-04-24T04:56:10,829  INFO [main] parse.AcidExportSemanticAnalyzer: CBO Succeeded; optimized logical plan.
2024-04-24T04:56:10,831  INFO [main] optimizer.BucketVersionPopulator: not considering bucketingVersion for: TS[0] because it has -1<2 buckets 
2024-04-24T04:56:10,832  INFO [main] optimizer.SortedDynPartitionOptimizer: Sorted dynamic partitioning optimization kicked in..
2024-04-24T04:56:10,840  INFO [main] optimizer.GenMRFileSink1: using CombineHiveInputformat for the merge job
2024-04-24T04:56:10,841  INFO [main] physical.Vectorizer: Examining input format to see if vectorization is enabled.
2024-04-24T04:56:10,842  INFO [main] physical.Vectorizer: Vectorization is enabled for input format(s) [org.apache.hadoop.hive.ql.io.orc.OrcInputFormat]
2024-04-24T04:56:10,842  INFO [main] physical.Vectorizer: Validating and vectorizing MapWork... (vectorizedVertexNum 0)
2024-04-24T04:56:10,843  INFO [main] physical.Vectorizer: Map vectorization enabled: true
2024-04-24T04:56:10,843  INFO [main] physical.Vectorizer: Map vectorized: true
2024-04-24T04:56:10,843  INFO [main] physical.Vectorizer: Map vectorizedVertexNum: 0
2024-04-24T04:56:10,843  INFO [main] physical.Vectorizer: Map enabledConditionsMet: [hive.vectorized.use.vectorized.input.format IS true]
2024-04-24T04:56:10,843  INFO [main] physical.Vectorizer: Map inputFileFormatClassNameSet: [org.apache.hadoop.hive.ql.io.orc.OrcInputFormat]
2024-04-24T04:56:10,844  INFO [main] parse.AcidExportSemanticAnalyzer: Completed plan generation
2024-04-24T04:56:10,846  INFO [main] HiveMetaStore.audit: ugi=alex	ip=unknown-ip-addr	cmd=get_table : tbl=hive.default.Tstage	
2024-04-24T04:56:10,852  INFO [main] metastore.HMSHandler: Skipping translation for processor with null
2024-04-24T04:56:10,852  INFO [main] parse.EximUtil: Path before norm :/home/alex/Repositories/hive/ql/target/tmp/org.apache.hadoop.hive.ql.TestTxnExIm-1713959704617/warehouse/1
2024-04-24T04:56:10,852  INFO [main] parse.EximUtil: Scheme:file, authority:null, path:/home/alex/Repositories/hive/ql/target/tmp/org.apache.hadoop.hive.ql.TestTxnExIm-1713959704617/warehouse/1
2024-04-24T04:56:10,852  INFO [main] parse.EximUtil: Path before norm :/home/alex/Repositories/hive/ql/target/tmp/org.apache.hadoop.hive.ql.TestTxnExIm-1713959704617/warehouse/1
2024-04-24T04:56:10,852  INFO [main] parse.EximUtil: Scheme:file, authority:null, path:/home/alex/Repositories/hive/ql/target/tmp/org.apache.hadoop.hive.ql.TestTxnExIm-1713959704617/warehouse/1
2024-04-24T04:56:10,853  INFO [main] parse.AcidExportSemanticAnalyzer: Ending caching scope for: 
2024-04-24T04:56:10,853  INFO [main] ql.Driver: Semantic Analysis Completed (retrial = false)
2024-04-24T04:56:10,853  INFO [main] ql.Driver: Created Hive schema: Schema(fieldSchemas:[FieldSchema(name:tstage.a, type:int, comment:null), FieldSchema(name:tstage.b, type:int, comment:null)], properties:null)
2024-04-24T04:56:10,853  INFO [main] metadata.Hive: Dumping metastore api call timing information for : compilation phase
2024-04-24T04:56:10,853  INFO [main] metadata.Hive: Total time spent in each metastore function (ms): {getValidTxns_(long)=0, getTable_(GetTableRequest)=45, getNotNullConstraints_(NotNullConstraintsRequest)=2, commitTxn_(CommitTxnRequest)=11, getCurrentNotificationEventId_()=2, flushCache_()=0, getDatabase_(String)=1, getAllTableConstraints_(AllTableConstraintsRequest)=6, isCompatibleWith_(Configuration)=0, createTable_(Table)=3, getCheckConstraints_(CheckConstraintsRequest)=0, getValidWriteIds_(List, String)=2, getTableColumnStatistics_(String, String, List, String)=29, openTxn_(String, TxnType)=2}
2024-04-24T04:56:10,853  INFO [main] ql.Driver: Completed compiling command(queryId=alex_20240424045610_dcf8f6b9-83e5-4a96-86fb-4593f2e11c9e); Time taken: 0.178 seconds
2024-04-24T04:56:10,854  INFO [main] lockmgr.DbTxnManager: Setting lock request transaction to txnid:17 for queryId=alex_20240424045610_dcf8f6b9-83e5-4a96-86fb-4593f2e11c9e
2024-04-24T04:56:10,854  INFO [main] lockmgr.DbLockManager: Requesting lock for queryId=alex_20240424045610_dcf8f6b9-83e5-4a96-86fb-4593f2e11c9e
2024-04-24T04:56:10,868  INFO [main] lockmgr.DbLockManager: Response to queryId=alex_20240424045610_dcf8f6b9-83e5-4a96-86fb-4593f2e11c9e LockResponse(lockid:11, state:ACQUIRED)
2024-04-24T04:56:10,868  INFO [main] ql.Driver: Operation QUERY obtained 1 locks
2024-04-24T04:56:10,868  INFO [main] ql.Driver: Executing command(queryId=alex_20240424045610_dcf8f6b9-83e5-4a96-86fb-4593f2e11c9e): export table Tstage to '/home/alex/Repositories/hive/ql/target/tmp/org.apache.hadoop.hive.ql.TestTxnExIm-1713959704617/warehouse/1'
2024-04-24T04:56:10,869  WARN [main] ql.Driver: Hive-on-MR is deprecated in Hive 2 and may not be available in the future versions. Consider using a different execution engine (i.e. tez, spark) or using Hive 1.X releases.
Query ID = alex_20240424045610_dcf8f6b9-83e5-4a96-86fb-4593f2e11c9e
2024-04-24T04:56:10,869  INFO [main] ql.Driver: Query ID = alex_20240424045610_dcf8f6b9-83e5-4a96-86fb-4593f2e11c9e
Total jobs = 1
2024-04-24T04:56:10,869  INFO [main] ql.Driver: Total jobs = 1
Launching Job 1 out of 1
2024-04-24T04:56:10,869  INFO [main] ql.Driver: Launching Job 1 out of 1
2024-04-24T04:56:10,992  INFO [main] ql.Driver: Starting task [Stage-2:MAPRED] in serial mode
Number of reduce tasks is set to 0 since there's no reduce operator
2024-04-24T04:56:10,992  INFO [main] exec.Task: Number of reduce tasks is set to 0 since there's no reduce operator
2024-04-24T04:56:10,997  INFO [main] mr.ExecDriver: Using org.apache.hadoop.hive.ql.io.HiveInputFormat
2024-04-24T04:56:10,997  INFO [main] exec.Utilities: Processing alias tstage
2024-04-24T04:56:10,997  INFO [main] exec.Utilities: Adding 1 inputs; the first input is file:/home/alex/Repositories/hive/ql/target/tmp/org.apache.hadoop.hive.ql.TestTxnExIm-1713959704617/warehouse/tstage
2024-04-24T04:56:11,006  INFO [main] exec.SerializationUtilities: Serializing MapWork using kryo
2024-04-24T04:56:11,007  INFO [main] exec.Utilities: Serialized plan (via FILE) - name: null size: 6,56KB
2024-04-24T04:56:11,008  WARN [main] impl.MetricsSystemImpl: JobTracker metrics system already initialized!
2024-04-24T04:56:11,011  INFO [main] fs.FSStatsPublisher: created : file:/home/alex/Repositories/hive/ql/target/tmp/localscratchdir/c66746de-be8f-4d05-99f8-bf9617dee7bc/hive_2024-04-24_04-56-10_710_1935888191826944038-1/-mr-10001
2024-04-24T04:56:11,015  WARN [main] impl.MetricsSystemImpl: JobTracker metrics system already initialized!
2024-04-24T04:56:11,022  WARN [main] mapreduce.JobResourceUploader: Hadoop command-line option parsing not performed. Implement the Tool interface and execute your application with ToolRunner to remedy this.
2024-04-24T04:56:11,026  WARN [main] mapreduce.JobResourceUploader: No job jar file set.  User classes may not be found. See Job or Job#setJar(String).
2024-04-24T04:56:11,027  INFO [main] io.HiveInputFormat: hive.io.file.readcolumn.ids = 0,1
2024-04-24T04:56:11,027  INFO [main] io.HiveInputFormat: hive.io.file.readcolumn.names = a,b
2024-04-24T04:56:11,027  INFO [main] io.HiveInputFormat: Generating splits for dirs: file:/home/alex/Repositories/hive/ql/target/tmp/org.apache.hadoop.hive.ql.TestTxnExIm-1713959704617/warehouse/tstage
2024-04-24T04:56:11,028  INFO [main] orc.OrcInputFormat: getSplits started
2024-04-24T04:56:11,028  INFO [main] orc.OrcInputFormat: Context:: isAcid: true isVectorMode: true sarg: null minSplitSize: 1 maxSplitSize: 256000000 splitStrategy: HYBRID footerInSplits: false numBuckets: 0 numThreads: 10 cacheMemSize: 268435456 cacheStripeDetails: true useSoftReference: false writeIdList: default.tstage:1:9223372036854775807:: isTransactionalTable: true txnProperties: default 
2024-04-24T04:56:11,028  INFO [main] orc.OrcInputFormat: ORC pushdown predicate: null
2024-04-24T04:56:11,037  INFO [main] orc.OrcInputFormat: FooterCacheHitRatio: 0/1
2024-04-24T04:56:11,037  INFO [main] orc.OrcInputFormat: getSplits finished (#splits: 1). duration: 9 ms
2024-04-24T04:56:11,037  INFO [main] io.HiveInputFormat: number of splits 1
2024-04-24T04:56:11,053  INFO [main] mapreduce.JobSubmitter: number of splits:1
2024-04-24T04:56:11,071  INFO [main] mapreduce.JobSubmitter: Submitting tokens for job: job_local584483180_0025
2024-04-24T04:56:11,071  INFO [main] mapreduce.JobSubmitter: Executing with tokens: []
2024-04-24T04:56:11,131  INFO [main] mapreduce.Job: The url to track the job: http://localhost:8080/
Job running in-process (local Hadoop)
2024-04-24T04:56:11,131  INFO [main] exec.Task: Job running in-process (local Hadoop)
2024-04-24T04:56:11,131  INFO [Thread-1884] mapred.LocalJobRunner: OutputCommitter set in config org.apache.hadoop.hive.ql.io.HiveFileFormatUtils$NullOutputCommitter
2024-04-24T04:56:11,131  INFO [Thread-1884] mapred.LocalJobRunner: OutputCommitter is org.apache.hadoop.hive.ql.io.HiveFileFormatUtils$NullOutputCommitter
2024-04-24T04:56:11,133  INFO [Thread-1884] mapred.LocalJobRunner: Waiting for map tasks
2024-04-24T04:56:11,133  INFO [LocalJobRunner Map Task Executor #0] mapred.LocalJobRunner: Starting task: attempt_local584483180_0025_m_000000_0
2024-04-24T04:56:11,133  INFO [LocalJobRunner Map Task Executor #0] mapred.Task:  Using ResourceCalculatorProcessTree : [ ]
2024-04-24T04:56:11,134  INFO [LocalJobRunner Map Task Executor #0] mapred.MapTask: Processing split: org.apache.hadoop.hive.ql.io.orc.OrcInputFormat:OrcSplit [file:/home/alex/Repositories/hive/ql/target/tmp/org.apache.hadoop.hive.ql.TestTxnExIm-1713959704617/warehouse/tstage/delta_0000001_0000001_0000/bucket_00000_0, start=3, length=311, isOriginal=false, fileLength=686, hasFooter=false, hasBase=true, deltas=0]
2024-04-24T04:56:11,134  INFO [LocalJobRunner Map Task Executor #0] exec.SerializationUtilities: Deserializing MapWork using kryo
2024-04-24T04:56:11,135  INFO [LocalJobRunner Map Task Executor #0] exec.Utilities: Deserialized plan (via FILE) - name: null size: 6,56KB
2024-04-24T04:56:11,135  INFO [LocalJobRunner Map Task Executor #0] orc.VectorizedOrcAcidRowBatchReader: Read ValidWriteIdList: default.tstage:1:9223372036854775807:::OrcSplit [file:/home/alex/Repositories/hive/ql/target/tmp/org.apache.hadoop.hive.ql.TestTxnExIm-1713959704617/warehouse/tstage/delta_0000001_0000001_0000/bucket_00000_0, start=3, length=311, isOriginal=false, fileLength=686, hasFooter=false, hasBase=true, deltas=0]
2024-04-24T04:56:11,136  INFO [LocalJobRunner Map Task Executor #0] orc.ReaderImpl: Reading ORC rows from file:/home/alex/Repositories/hive/ql/target/tmp/org.apache.hadoop.hive.ql.TestTxnExIm-1713959704617/warehouse/tstage/delta_0000001_0000001_0000/bucket_00000_0 with {include: [true, true, true], offset: 3, length: 311, schema: struct<a:int,b:int>, includeAcidColumns: false}
2024-04-24T04:56:11,137  INFO [LocalJobRunner Map Task Executor #0] mapred.MapTask: numReduceTasks: 0
2024-04-24T04:56:11,137  INFO [LocalJobRunner Map Task Executor #0] vector.VectorMapOperator: Initializing Operator: MAP[0]
2024-04-24T04:56:11,137  INFO [LocalJobRunner Map Task Executor #0] mr.ExecMapper: 
<MAP>Id =0
  <Children>null
  <\Children>
  <Parent><\Parent>
<\MAP>
2024-04-24T04:56:11,138  INFO [LocalJobRunner Map Task Executor #0] exec.TableScanOperator: Initializing Operator: TS[0]
2024-04-24T04:56:11,138  INFO [LocalJobRunner Map Task Executor #0] vector.VectorSelectOperator: Initializing Operator: SEL[4]
2024-04-24T04:56:11,138  INFO [LocalJobRunner Map Task Executor #0] vector.VectorFileSinkOperator: Initializing Operator: FS[5]
2024-04-24T04:56:11,139  INFO [LocalJobRunner Map Task Executor #0] exec.FileSinkOperator: Using serializer : AbstractSerDe [log=org.apache.logging.slf4j.Log4jLogger@167b171d, configuration=Optional[Configuration: core-default.xml, core-site.xml, mapred-default.xml, mapred-site.xml, yarn-default.xml, yarn-site.xml, hdfs-default.xml, hdfs-site.xml, file:/home/alex/Repositories/hive/ql/target/tmp/TestTxnExIm/mapred/local/localRunner/alex/job_local584483180_0025/job_local584483180_0025.xml], properties={name=default.tstage_0b3934dd_9bb6_4728_9974_9c280bca8db1, transactional=false, columns.types=int:int, numFilesErasureCoded=0, columns=a,b, columns.comments=&amp#0;, serialization.lib=org.apache.hadoop.hive.ql.io.orc.OrcSerde, file.inputformat=org.apache.hadoop.hive.ql.io.orc.OrcInputFormat, file.outputformat=org.apache.hadoop.hive.ql.io.orc.OrcOutputFormat, location=file:/home/alex/Repositories/hive/ql/target/tmp/scratchdir/alex/c66746de-be8f-4d05-99f8-bf9617dee7bc/_tmp_space.db/49087d85-c174-4051-bd64-a29b7c3aa0b3, column.name.delimiter=,}, tableProperties={name=default.tstage_0b3934dd_9bb6_4728_9974_9c280bca8db1, transactional=false, columns.types=int:int, numFilesErasureCoded=0, columns=a,b, columns.comments=&amp#0;, serialization.lib=org.apache.hadoop.hive.ql.io.orc.OrcSerde, file.inputformat=org.apache.hadoop.hive.ql.io.orc.OrcInputFormat, location=file:/home/alex/Repositories/hive/ql/target/tmp/scratchdir/alex/c66746de-be8f-4d05-99f8-bf9617dee7bc/_tmp_space.db/49087d85-c174-4051-bd64-a29b7c3aa0b3, file.outputformat=org.apache.hadoop.hive.ql.io.orc.OrcOutputFormat, column.name.delimiter=,}, partitionProperties=Optional.empty, columnNames=[a, b], columnTypes=[int, int], getClass()=class org.apache.hadoop.hive.ql.io.orc.OrcSerde] and formatter : org.apache.hadoop.hive.ql.io.orc.OrcOutputFormat@2c043bf0
2024-04-24T04:56:11,139  INFO [LocalJobRunner Map Task Executor #0] exec.FileSinkOperator: Final Path: FS file:/home/alex/Repositories/hive/ql/target/tmp/scratchdir/alex/c66746de-be8f-4d05-99f8-bf9617dee7bc/_tmp_space.db/49087d85-c174-4051-bd64-a29b7c3aa0b3/.hive-staging_hive_2024-04-24_04-56-10_710_1935888191826944038-1/_tmp.-ext-10002/000000_0
2024-04-24T04:56:11,139  INFO [LocalJobRunner Map Task Executor #0] exec.FileSinkOperator: Writing to temp file: FS file:/home/alex/Repositories/hive/ql/target/tmp/scratchdir/alex/c66746de-be8f-4d05-99f8-bf9617dee7bc/_tmp_space.db/49087d85-c174-4051-bd64-a29b7c3aa0b3/.hive-staging_hive_2024-04-24_04-56-10_710_1935888191826944038-1/_task_tmp.-ext-10002/_tmp.000000_0
2024-04-24T04:56:11,139  INFO [LocalJobRunner Map Task Executor #0] exec.FileSinkOperator: New Final Path: FS file:/home/alex/Repositories/hive/ql/target/tmp/scratchdir/alex/c66746de-be8f-4d05-99f8-bf9617dee7bc/_tmp_space.db/49087d85-c174-4051-bd64-a29b7c3aa0b3/.hive-staging_hive_2024-04-24_04-56-10_710_1935888191826944038-1/_tmp.-ext-10002/000000_0
2024-04-24T04:56:11,139  INFO [LocalJobRunner Map Task Executor #0] exec.FileSinkOperator: FS[5]: records written - 1
2024-04-24T04:56:11,140  INFO [LocalJobRunner Map Task Executor #0] impl.PhysicalFsWriter: ORC writer created for path: file:/home/alex/Repositories/hive/ql/target/tmp/scratchdir/alex/c66746de-be8f-4d05-99f8-bf9617dee7bc/_tmp_space.db/49087d85-c174-4051-bd64-a29b7c3aa0b3/.hive-staging_hive_2024-04-24_04-56-10_710_1935888191826944038-1/_task_tmp.-ext-10002/_tmp.000000_0 with stripeSize: 67108864 blockSize: 268435456 compression: Compress: ZLIB buffer: 262144
2024-04-24T04:56:11,147  INFO [LocalJobRunner Map Task Executor #0] impl.WriterImpl: ORC writer created for path: file:/home/alex/Repositories/hive/ql/target/tmp/scratchdir/alex/c66746de-be8f-4d05-99f8-bf9617dee7bc/_tmp_space.db/49087d85-c174-4051-bd64-a29b7c3aa0b3/.hive-staging_hive_2024-04-24_04-56-10_710_1935888191826944038-1/_task_tmp.-ext-10002/_tmp.000000_0 with stripeSize: 67108864 options: Compress: ZLIB buffer: 262144
2024-04-24T04:56:11,147  INFO [LocalJobRunner Map Task Executor #0] vector.VectorMapOperator: Closing Operator: MAP[0]
2024-04-24T04:56:11,147  INFO [LocalJobRunner Map Task Executor #0] vector.VectorMapOperator: RECORDS_OUT_INTERMEDIATE:0, RECORDS_OUT_OPERATOR_MAP_0:0, DESERIALIZE_ERRORS:0, RECORDS_IN:3, 
2024-04-24T04:56:11,147  INFO [LocalJobRunner Map Task Executor #0] exec.TableScanOperator: Closing Operator: TS[0]
2024-04-24T04:56:11,147  INFO [LocalJobRunner Map Task Executor #0] exec.TableScanOperator: RECORDS_OUT_INTERMEDIATE:0, RECORDS_OUT_OPERATOR_TS_0:3, 
2024-04-24T04:56:11,147  INFO [LocalJobRunner Map Task Executor #0] vector.VectorSelectOperator: Closing Operator: SEL[4]
2024-04-24T04:56:11,147  INFO [LocalJobRunner Map Task Executor #0] vector.VectorSelectOperator: RECORDS_OUT_INTERMEDIATE:0, RECORDS_OUT_OPERATOR_SEL_4:3, 
2024-04-24T04:56:11,147  INFO [LocalJobRunner Map Task Executor #0] vector.VectorFileSinkOperator: Closing Operator: FS[5]
2024-04-24T04:56:11,147  INFO [LocalJobRunner Map Task Executor #0] exec.FileSinkOperator: FS[5]: records written - 3
2024-04-24T04:56:11,154  INFO [LocalJobRunner Map Task Executor #0] vector.VectorFileSinkOperator: TOTAL_TABLE_ROWS_WRITTEN:3, RECORDS_OUT_INTERMEDIATE:0, RECORDS_OUT_OPERATOR_FS_5:3, RECORDS_OUT_1_default.tstage_0b3934dd_9bb6_4728_9974_9c280bca8db1:3, 
2024-04-24T04:56:11,154  INFO [LocalJobRunner Map Task Executor #0] mapred.LocalJobRunner: 
2024-04-24T04:56:11,155  INFO [LocalJobRunner Map Task Executor #0] mapred.Task: Task:attempt_local584483180_0025_m_000000_0 is done. And is in the process of committing
2024-04-24T04:56:11,155  INFO [LocalJobRunner Map Task Executor #0] mapred.LocalJobRunner: OrcSplit [file:/home/alex/Repositories/hive/ql/target/tmp/org.apache.hadoop.hive.ql.TestTxnExIm-1713959704617/warehouse/tstage/delta_0000001_0000001_0000/bucket_00000_0, start=3, length=311, isOriginal=false, fileLength=686, hasFooter=false, hasBase=true, deltas=0]
2024-04-24T04:56:11,155  INFO [LocalJobRunner Map Task Executor #0] mapred.Task: Task 'attempt_local584483180_0025_m_000000_0' done.
2024-04-24T04:56:11,155  INFO [LocalJobRunner Map Task Executor #0] mapred.Task: Final Counters for attempt_local584483180_0025_m_000000_0: Counters: 25
	File System Counters
		FILE: Number of bytes read=463121
		FILE: Number of bytes written=29249694
		FILE: Number of read operations=0
		FILE: Number of large read operations=0
		FILE: Number of write operations=0
	Map-Reduce Framework
		Map input records=1
		Map output records=0
		Input split bytes=485
		Spilled Records=0
		Failed Shuffles=0
		Merged Map outputs=0
		GC time elapsed (ms)=0
		Total committed heap usage (bytes)=1227882496
	HIVE
		CREATED_FILES=1
		DESERIALIZE_ERRORS=0
		RECORDS_IN=3
		RECORDS_OUT_1_default.tstage_0b3934dd_9bb6_4728_9974_9c280bca8d=3
		RECORDS_OUT_INTERMEDIATE=0
		RECORDS_OUT_OPERATOR_FS_5=3
		RECORDS_OUT_OPERATOR_MAP_0=0
		RECORDS_OUT_OPERATOR_SEL_4=3
		RECORDS_OUT_OPERATOR_TS_0=3
		TOTAL_TABLE_ROWS_WRITTEN=3
	File Input Format Counters 
		Bytes Read=9449
	File Output Format Counters 
		Bytes Written=0
2024-04-24T04:56:11,155  INFO [LocalJobRunner Map Task Executor #0] mapred.LocalJobRunner: Finishing task: attempt_local584483180_0025_m_000000_0
2024-04-24T04:56:11,155  INFO [Thread-1884] mapred.LocalJobRunner: map task executor complete.
2024-04-24 04:56:12,132 Stage-2 map = 100%,  reduce = 0%
2024-04-24T04:56:12,133  INFO [main] exec.Task: 2024-04-24 04:56:12,132 Stage-2 map = 100%,  reduce = 0%
Ended Job = job_local584483180_0025
2024-04-24T04:56:12,134  INFO [main] exec.Task: Ended Job = job_local584483180_0025
2024-04-24T04:56:12,138  INFO [main] ql.Driver: Starting task [Stage-8:CONDITIONAL] in serial mode
Stage-5 is selected by condition resolver.
2024-04-24T04:56:12,139  INFO [main] exec.Task: Stage-5 is selected by condition resolver.
Stage-4 is filtered out by condition resolver.
2024-04-24T04:56:12,139  INFO [main] exec.Task: Stage-4 is filtered out by condition resolver.
Stage-6 is filtered out by condition resolver.
2024-04-24T04:56:12,139  INFO [main] exec.Task: Stage-6 is filtered out by condition resolver.
2024-04-24T04:56:12,140  INFO [main] ql.Driver: Starting task [Stage-5:MOVE] in serial mode
Moving data to directory file:/home/alex/Repositories/hive/ql/target/tmp/scratchdir/alex/c66746de-be8f-4d05-99f8-bf9617dee7bc/_tmp_space.db/49087d85-c174-4051-bd64-a29b7c3aa0b3/.hive-staging_hive_2024-04-24_04-56-10_710_1935888191826944038-1/-ext-10000
2024-04-24T04:56:12,140  INFO [main] exec.Task: Moving data to directory file:/home/alex/Repositories/hive/ql/target/tmp/scratchdir/alex/c66746de-be8f-4d05-99f8-bf9617dee7bc/_tmp_space.db/49087d85-c174-4051-bd64-a29b7c3aa0b3/.hive-staging_hive_2024-04-24_04-56-10_710_1935888191826944038-1/-ext-10000 from file:/home/alex/Repositories/hive/ql/target/tmp/scratchdir/alex/c66746de-be8f-4d05-99f8-bf9617dee7bc/_tmp_space.db/49087d85-c174-4051-bd64-a29b7c3aa0b3/.hive-staging_hive_2024-04-24_04-56-10_710_1935888191826944038-1/-ext-10002
2024-04-24T04:56:12,141  INFO [main] ql.Driver: Starting task [Stage-1:MOVE] in serial mode
Loading data to table default.tstage_0b3934dd_9bb6_4728_9974_9c280bca8db1
2024-04-24T04:56:12,142  INFO [main] exec.Task: Loading data to table default.tstage_0b3934dd_9bb6_4728_9974_9c280bca8db1 from file:/home/alex/Repositories/hive/ql/target/tmp/scratchdir/alex/c66746de-be8f-4d05-99f8-bf9617dee7bc/_tmp_space.db/49087d85-c174-4051-bd64-a29b7c3aa0b3/.hive-staging_hive_2024-04-24_04-56-10_710_1935888191826944038-1/-ext-10000
2024-04-24T04:56:12,147  WARN [main] metadata.Hive: Cannot get a table snapshot for tstage_0b3934dd_9bb6_4728_9974_9c280bca8db1
2024-04-24T04:56:12,148  INFO [main] metadata.SessionHiveMetaStoreClient: Column stats doesn't exist for db=default temp table=tstage_0b3934dd_9bb6_4728_9974_9c280bca8db1
2024-04-24T04:56:12,148  INFO [main] ql.Driver: Starting task [Stage-10:DDL] in serial mode
2024-04-24T04:56:12,152  INFO [main] metadata.SessionHiveMetaStoreClient: Column stats doesn't exist for db=default temp table=tstage_0b3934dd_9bb6_4728_9974_9c280bca8db1
2024-04-24T04:56:12,152  INFO [main] ql.Driver: Starting task [Stage-9:REPL_DUMP] in serial mode
2024-04-24T04:56:12,152  INFO [main] parse.EximUtil: Path before norm :/home/alex/Repositories/hive/ql/target/tmp/org.apache.hadoop.hive.ql.TestTxnExIm-1713959704617/warehouse/1
2024-04-24T04:56:12,153  INFO [main] parse.EximUtil: Scheme:file, authority:null, path:/home/alex/Repositories/hive/ql/target/tmp/org.apache.hadoop.hive.ql.TestTxnExIm-1713959704617/warehouse/1
2024-04-24T04:56:12,153  INFO [main] parse.EximUtil: Path before norm :/home/alex/Repositories/hive/ql/target/tmp/org.apache.hadoop.hive.ql.TestTxnExIm-1713959704617/warehouse/1
2024-04-24T04:56:12,153  INFO [main] parse.EximUtil: Scheme:file, authority:null, path:/home/alex/Repositories/hive/ql/target/tmp/org.apache.hadoop.hive.ql.TestTxnExIm-1713959704617/warehouse/1
2024-04-24T04:56:12,153  INFO [main] plan.ExportWork: Swapping export of Tstage to default.tstage_0b3934dd_9bb6_4728_9974_9c280bca8db1 using partSpec=null
2024-04-24T04:56:12,165  WARN [main] shims.Utils: XAttr won't be preserved since it is not supported for file system: file:///
2024-04-24T04:56:12,171  INFO [main] ql.Driver: Starting task [Stage-11:DDL] in serial mode
2024-04-24T04:56:12,171  INFO [main] metadata.SessionHiveMetaStoreClient: Column stats doesn't exist for db=default temp table=tstage_0b3934dd_9bb6_4728_9974_9c280bca8db1
2024-04-24T04:56:12,172  INFO [main] metadata.Hive: Dumping metastore api call timing information for : execution phase
2024-04-24T04:56:12,172  INFO [main] metadata.Hive: Total time spent in each metastore function (ms): {getValidWriteIds_(List, String)=1, isCompatibleWith_(Configuration)=1, alter_table_(String, String, String, Table, EnvironmentContext, String)=1, dropTable_(String, String, boolean, boolean, boolean)=1, getTable_(GetTableRequest)=3}
MapReduce Jobs Launched: 
2024-04-24T04:56:12,172  INFO [main] ql.Driver: MapReduce Jobs Launched: 
Stage-Stage-2:  HDFS Read: 0 HDFS Write: 0 SUCCESS
2024-04-24T04:56:12,172  INFO [main] ql.Driver: Stage-Stage-2:  HDFS Read: 0 HDFS Write: 0 SUCCESS
Total MapReduce CPU Time Spent: 0 msec
2024-04-24T04:56:12,172  INFO [main] ql.Driver: Total MapReduce CPU Time Spent: 0 msec
2024-04-24T04:56:12,172  INFO [main] ql.Driver: Completed executing command(queryId=alex_20240424045610_dcf8f6b9-83e5-4a96-86fb-4593f2e11c9e); Time taken: 1.304 seconds
2024-04-24T04:56:12,172  INFO [main] lockmgr.DbTxnManager: Stopped heartbeat for query: alex_20240424045610_dcf8f6b9-83e5-4a96-86fb-4593f2e11c9e
2024-04-24T04:56:12,176  INFO [main] txn.TxnHandler: Expected to move at least one record from txn_components to completed_txn_components when committing txn! txnid:17
2024-04-24T04:56:12,180  INFO [main] txn.TxnHandler: Removed transactions: ([17]) from MIN_HISTORY_LEVEL
2024-04-24T04:56:12,180  WARN [main] txn.CompactionTxnHandler: No compaction queue record found for Compaction type transaction commit. txnId:17
2024-04-24T04:56:12,181  INFO [main] ql.TxnCommandsBaseForTests: Running the query: import table T from '/home/alex/Repositories/hive/ql/target/tmp/org.apache.hadoop.hive.ql.TestTxnExIm-1713959704617/warehouse/1'
2024-04-24T04:56:12,181  INFO [main] ql.Context: Deleting scratch dir: file:/home/alex/Repositories/hive/ql/target/tmp/scratchdir/alex/c66746de-be8f-4d05-99f8-bf9617dee7bc/_tmp_space.db/49087d85-c174-4051-bd64-a29b7c3aa0b3/.hive-staging_hive_2024-04-24_04-56-10_710_1935888191826944038-1
2024-04-24T04:56:12,181  INFO [main] ql.Context: Deleting scratch dir: file:/home/alex/Repositories/hive/ql/target/tmp/localscratchdir/c66746de-be8f-4d05-99f8-bf9617dee7bc/hive_2024-04-24_04-56-10_710_1935888191826944038-1
2024-04-24T04:56:12,181  INFO [main] cleanup.SyncCleanupService: Deleted directory: file:/home/alex/Repositories/hive/ql/target/tmp/localscratchdir/c66746de-be8f-4d05-99f8-bf9617dee7bc/hive_2024-04-24_04-56-10_710_1935888191826944038-1 on fs with scheme file
2024-04-24T04:56:12,181  INFO [main] ql.Context: Deleting scratch dir: file:/home/alex/Repositories/hive/ql/target/tmp/localscratchdir/c66746de-be8f-4d05-99f8-bf9617dee7bc/hive_2024-04-24_04-56-10_674_2453284542300734856-1
2024-04-24T04:56:12,182  INFO [main] cleanup.SyncCleanupService: Deleted directory: file:/home/alex/Repositories/hive/ql/target/tmp/localscratchdir/c66746de-be8f-4d05-99f8-bf9617dee7bc/hive_2024-04-24_04-56-10_674_2453284542300734856-1 on fs with scheme file
2024-04-24T04:56:12,182  INFO [main] ql.Driver: Compiling command(queryId=alex_20240424045612_56c7c7e1-1eaf-4de3-b508-5d492927df7d): import table T from '/home/alex/Repositories/hive/ql/target/tmp/org.apache.hadoop.hive.ql.TestTxnExIm-1713959704617/warehouse/1'
2024-04-24T04:56:12,184  INFO [main] txn.TxnHandler: Added entries to MIN_HISTORY_LEVEL for current txns: ([18]) with min_open_txn: 18
2024-04-24T04:56:12,184  INFO [main] lockmgr.DbTxnManager: Opened txnid:18
2024-04-24T04:56:12,185  INFO [main] parse.EximUtil: Path before norm :/home/alex/Repositories/hive/ql/target/tmp/org.apache.hadoop.hive.ql.TestTxnExIm-1713959704617/warehouse/1
2024-04-24T04:56:12,185  INFO [main] parse.EximUtil: Scheme:file, authority:null, path:/home/alex/Repositories/hive/ql/target/tmp/org.apache.hadoop.hive.ql.TestTxnExIm-1713959704617/warehouse/1
2024-04-24T04:56:12,185  INFO [main] parse.EximUtil: Path before norm :/home/alex/Repositories/hive/ql/target/tmp/org.apache.hadoop.hive.ql.TestTxnExIm-1713959704617/warehouse/1
2024-04-24T04:56:12,185  INFO [main] parse.EximUtil: Scheme:file, authority:null, path:/home/alex/Repositories/hive/ql/target/tmp/org.apache.hadoop.hive.ql.TestTxnExIm-1713959704617/warehouse/1
2024-04-24T04:56:12,186  INFO [main] HiveMetaStore.audit: ugi=alex	ip=unknown-ip-addr	cmd=get_table : tbl=hive.default.T	
2024-04-24T04:56:12,192  INFO [main] txn.TxnHandler: Allocated writeId: 1 for txnId: 18
2024-04-24T04:56:12,192  INFO [main] txn.TxnHandler: Allocated write ids for dbName=default, tblName=t (txnIds: [18])
2024-04-24T04:56:12,192  INFO [main] HiveMetaStore.audit: ugi=alex	ip=unknown-ip-addr	cmd=get_database: default	
2024-04-24T04:56:12,194  INFO [main] ql.Driver: Semantic Analysis Completed (retrial = false)
2024-04-24T04:56:12,194  INFO [main] ql.Driver: Created Hive schema: Schema(fieldSchemas:null, properties:null)
2024-04-24T04:56:12,194  INFO [main] metadata.Hive: Dumping metastore api call timing information for : compilation phase
2024-04-24T04:56:12,194  INFO [main] metadata.Hive: Total time spent in each metastore function (ms): {openTxn_(String, TxnType)=2, getDatabase_(String)=1, isCompatibleWith_(Configuration)=0, allocateTableWriteId_(long, String, String)=4, commitTxn_(CommitTxnRequest)=8, getValidTxns_(long)=1, flushCache_()=0}
2024-04-24T04:56:12,194  INFO [main] ql.Driver: Completed compiling command(queryId=alex_20240424045612_56c7c7e1-1eaf-4de3-b508-5d492927df7d); Time taken: 0.012 seconds
2024-04-24T04:56:12,194  INFO [main] lockmgr.DbTxnManager: Setting lock request transaction to txnid:18 for queryId=alex_20240424045612_56c7c7e1-1eaf-4de3-b508-5d492927df7d
2024-04-24T04:56:12,195  INFO [main] lockmgr.DbLockManager: Requesting lock for queryId=alex_20240424045612_56c7c7e1-1eaf-4de3-b508-5d492927df7d
2024-04-24T04:56:12,206  INFO [main] lockmgr.DbLockManager: Response to queryId=alex_20240424045612_56c7c7e1-1eaf-4de3-b508-5d492927df7d LockResponse(lockid:12, state:ACQUIRED)
2024-04-24T04:56:12,206  INFO [main] ql.Driver: Operation IMPORT obtained 1 locks
2024-04-24T04:56:12,207  INFO [main] ql.Driver: Executing command(queryId=alex_20240424045612_56c7c7e1-1eaf-4de3-b508-5d492927df7d): import table T from '/home/alex/Repositories/hive/ql/target/tmp/org.apache.hadoop.hive.ql.TestTxnExIm-1713959704617/warehouse/1'
2024-04-24T04:56:12,207  INFO [main] ql.Driver: Starting task [Stage-1:COPY] in serial mode
Copying data from file:/home/alex/Repositories/hive/ql/target/tmp/org.apache.hadoop.hive.ql.TestTxnExIm-1713959704617/warehouse/1/data
2024-04-24T04:56:12,207  INFO [main] exec.Task: Copying data from file:/home/alex/Repositories/hive/ql/target/tmp/org.apache.hadoop.hive.ql.TestTxnExIm-1713959704617/warehouse/1/data to file:/home/alex/Repositories/hive/ql/target/tmp/org.apache.hadoop.hive.ql.TestTxnExIm-1713959704617/warehouse/t/delta_0000001_0000001_0000
2024-04-24T04:56:12,207  INFO [main] common.FileUtils: Creating directory if it doesn't exist: file:/home/alex/Repositories/hive/ql/target/tmp/org.apache.hadoop.hive.ql.TestTxnExIm-1713959704617/warehouse/t/delta_0000001_0000001_0000
Copying file: file:/home/alex/Repositories/hive/ql/target/tmp/org.apache.hadoop.hive.ql.TestTxnExIm-1713959704617/warehouse/1/data/000000_0
2024-04-24T04:56:12,212  INFO [main] exec.Task: Copying file: file:/home/alex/Repositories/hive/ql/target/tmp/org.apache.hadoop.hive.ql.TestTxnExIm-1713959704617/warehouse/1/data/000000_0
2024-04-24T04:56:12,212  WARN [main] shims.Utils: XAttr won't be preserved since it is not supported for file system: file:///
2024-04-24T04:56:12,216  INFO [main] ql.Driver: Starting task [Stage-0:DDL] in serial mode
2024-04-24T04:56:12,220  INFO [main] HiveMetaStore.audit: ugi=alex	ip=unknown-ip-addr	cmd=create_table_req: Table(tableName:T, dbName:default, owner:alex, createTime:1713959772, lastAccessTime:0, retention:0, sd:StorageDescriptor(cols:[FieldSchema(name:a, type:int, comment:null), FieldSchema(name:b, type:int, comment:null)], location:null, inputFormat:org.apache.hadoop.hive.ql.io.orc.OrcInputFormat, outputFormat:org.apache.hadoop.hive.ql.io.orc.OrcOutputFormat, compressed:false, numBuckets:-1, serdeInfo:SerDeInfo(name:null, serializationLib:org.apache.hadoop.hive.ql.io.orc.OrcSerde, parameters:{serialization.format=1}), bucketCols:[], sortCols:[], parameters:{}, skewedInfo:SkewedInfo(skewedColNames:[], skewedColValues:[], skewedColValueLocationMaps:{}), storedAsSubDirectories:false), partitionKeys:[], parameters:{bucketing_version=2, last_modified_by=alex, totalSize=0, last_modified_time=1713959772, numFiles=0, numFilesErasureCoded=0, numRows=0, COLUMN_STATS_ACCURATE={"BASIC_STATS":"true","COLUMN_STATS":{"a":"true","b":"true"}}, transactional=true, rawDataSize=0}, viewOriginalText:null, viewExpandedText:null, tableType:MANAGED_TABLE, privileges:PrincipalPrivilegeSet(userPrivileges:{alex=[PrivilegeGrantInfo(privilege:INSERT, createTime:-1, grantor:alex, grantorType:USER, grantOption:true), PrivilegeGrantInfo(privilege:SELECT, createTime:-1, grantor:alex, grantorType:USER, grantOption:true), PrivilegeGrantInfo(privilege:UPDATE, createTime:-1, grantor:alex, grantorType:USER, grantOption:true), PrivilegeGrantInfo(privilege:DELETE, createTime:-1, grantor:alex, grantorType:USER, grantOption:true)]}, groupPrivileges:null, rolePrivileges:null), temporary:false, catName:hive, ownerType:USER, writeId:1)	
2024-04-24T04:56:12,252  INFO [main] ql.Driver: Starting task [Stage-2:MOVE] in serial mode
Loading data to table default.T
2024-04-24T04:56:12,252  INFO [main] exec.Task: Loading data to table default.T from file:/home/alex/Repositories/hive/ql/target/tmp/org.apache.hadoop.hive.ql.TestTxnExIm-1713959704617/warehouse/t
2024-04-24T04:56:12,252  INFO [main] HiveMetaStore.audit: ugi=alex	ip=unknown-ip-addr	cmd=get_table : tbl=hive.default.T	
2024-04-24T04:56:12,260  INFO [main] metastore.HMSHandler: Skipping translation for processor with null
2024-04-24T04:56:12,260  INFO [main] HiveMetaStore.audit: ugi=alex	ip=unknown-ip-addr	cmd=get_table : tbl=hive.default.T	
2024-04-24T04:56:12,266  INFO [main] metastore.HMSHandler: Skipping translation for processor with null
2024-04-24T04:56:12,266  INFO [main] HiveMetaStore.audit: ugi=alex	ip=unknown-ip-addr	cmd=alter_table: hive.default.t newtbl=t	
2024-04-24T04:56:12,279  INFO [main] utils.MetaStoreServerUtils: Updating table stats for t
2024-04-24T04:56:12,280  INFO [main] utils.MetaStoreServerUtils: Updated size of table t to 256
2024-04-24T04:56:12,288  INFO [main] metadata.Hive: Dumping metastore api call timing information for : execution phase
2024-04-24T04:56:12,288  INFO [main] metadata.Hive: Total time spent in each metastore function (ms): {isCompatibleWith_(Configuration)=1, getTable_(GetTableRequest)=14, getValidWriteIds_(List, String)=2, createTable_(Table)=33, alter_table_(String, String, String, Table, EnvironmentContext, String)=22}
2024-04-24T04:56:12,289  INFO [main] ql.Driver: Completed executing command(queryId=alex_20240424045612_56c7c7e1-1eaf-4de3-b508-5d492927df7d); Time taken: 0.082 seconds
2024-04-24T04:56:12,289  INFO [main] lockmgr.DbTxnManager: Stopped heartbeat for query: alex_20240424045612_56c7c7e1-1eaf-4de3-b508-5d492927df7d
2024-04-24T04:56:12,292  INFO [main] txn.TxnHandler: Expected to move at least one record from txn_components to completed_txn_components when committing txn! txnid:18
2024-04-24T04:56:12,296  INFO [main] txn.TxnHandler: Removed transactions: ([18]) from MIN_HISTORY_LEVEL
2024-04-24T04:56:12,296  WARN [main] txn.CompactionTxnHandler: No compaction queue record found for Compaction type transaction commit. txnId:18
2024-04-24T04:56:12,296  INFO [main] ql.TxnCommandsBaseForTests: Running the query: select ROW__ID, a, b, INPUT__FILE__NAME from T order by ROW__ID
2024-04-24T04:56:12,297  INFO [main] ql.Driver: Compiling command(queryId=alex_20240424045612_c8d506c4-48d4-4383-b5ac-318eea037bbb): select ROW__ID, a, b, INPUT__FILE__NAME from T order by ROW__ID
2024-04-24T04:56:12,299  INFO [main] txn.TxnHandler: Added entries to MIN_HISTORY_LEVEL for current txns: ([19]) with min_open_txn: 18
2024-04-24T04:56:12,299  INFO [main] lockmgr.DbTxnManager: Opened txnid:19
2024-04-24T04:56:12,299  INFO [main] parse.CalcitePlanner: Starting caching scope for: 
2024-04-24T04:56:12,299  INFO [main] parse.CalcitePlanner: Starting Semantic Analysis
2024-04-24T04:56:12,301  INFO [main] parse.CalcitePlanner: Completed phase 1 of Semantic Analysis
2024-04-24T04:56:12,301  INFO [main] parse.CalcitePlanner: Get metadata for source tables
2024-04-24T04:56:12,302  INFO [main] HiveMetaStore.audit: ugi=alex	ip=unknown-ip-addr	cmd=get_table : tbl=hive.default.t	
2024-04-24T04:56:12,306  INFO [main] metastore.ObjectStore: Removed COLUMN_STATS_ACCURATE from Table's parameters.
2024-04-24T04:56:12,308  INFO [main] metastore.HMSHandler: Skipping translation for processor with null
2024-04-24T04:56:12,308  INFO [main] parse.CalcitePlanner: Get metadata for subqueries
2024-04-24T04:56:12,308  INFO [main] parse.CalcitePlanner: Get metadata for destination tables
2024-04-24T04:56:12,308  INFO [main] parse.CalcitePlanner: Completed getting MetaData in Semantic Analysis
2024-04-24T04:56:12,319  INFO [main] HiveMetaStore.audit: ugi=alex	ip=unknown-ip-addr	cmd=get_all_table_constraints : tbl=hive.default.t	
2024-04-24T04:56:12,361  INFO [main] calcite.RelOptHiveTable: Calculating column statistics for default.t, projIndxSet: [0, 1], allowMissingStats: true
2024-04-24T04:56:12,362  INFO [main] HiveMetaStore.audit: ugi=alex	ip=unknown-ip-addr	cmd=get_table : tbl=hive.default.t	
2024-04-24T04:56:12,370  INFO [main] metastore.HMSHandler: Skipping translation for processor with null
2024-04-24T04:56:12,371  INFO [main] HiveMetaStore.audit: ugi=alex	ip=unknown-ip-addr	cmd=get_table : tbl=hive.default.t	
2024-04-24T04:56:12,379  INFO [main] metastore.HMSHandler: Skipping translation for processor with null
2024-04-24T04:56:12,379  INFO [main] HiveMetaStore.audit: ugi=alex	ip=unknown-ip-addr	cmd=get_table_statistics_req: table=hive.default.t	
2024-04-24T04:56:12,388  WARN [main] calcite.RelOptHiveTable: No Stats for default@t, Columns: b, a
No Stats for default@t, Columns: b, a
2024-04-24T04:56:12,388  INFO [main] SessionState: No Stats for default@t, Columns: b, a
2024-04-24T04:56:12,428  INFO [main] parse.CalcitePlanner: Get metadata for source tables
2024-04-24T04:56:12,429  INFO [main] parse.CalcitePlanner: Get metadata for subqueries
2024-04-24T04:56:12,429  INFO [main] parse.CalcitePlanner: Get metadata for destination tables
2024-04-24T04:56:12,430  INFO [main] common.FileUtils: Creating directory if it doesn't exist: file:/home/alex/Repositories/hive/ql/target/tmp/localscratchdir/c66746de-be8f-4d05-99f8-bf9617dee7bc/hive_2024-04-24_04-56-12_296_6270856345747171405-1/-mr-10001/.hive-staging_hive_2024-04-24_04-56-12_296_6270856345747171405-1
2024-04-24T04:56:12,437  INFO [main] parse.CalcitePlanner: CBO Succeeded; optimized logical plan.
2024-04-24T04:56:12,440  INFO [main] optimizer.ColumnPrunerProcFactory: RS 2 oldColExprMap: {VALUE._col1=Column[_col2], VALUE._col0=Column[_col1], KEY.reducesinkkey0=Column[_col0], VALUE._col2=Column[_col3]}
2024-04-24T04:56:12,440  INFO [main] optimizer.ColumnPrunerProcFactory: RS 2 newColExprMap: {VALUE._col1=Column[_col2], VALUE._col2=Column[_col3], KEY.reducesinkkey0=Column[_col0], VALUE._col0=Column[_col1]}
2024-04-24T04:56:12,440  INFO [main] optimizer.BucketVersionPopulator: not considering bucketingVersion for: TS[0] because it has -1<2 buckets 
2024-04-24T04:56:12,441  INFO [main] optimizer.SortedDynPartitionOptimizer: Sorted dynamic partitioning optimization kicked in..
2024-04-24T04:56:12,450  INFO [main] physical.Vectorizer: Examining input format to see if vectorization is enabled.
2024-04-24T04:56:12,450  INFO [main] physical.Vectorizer: Vectorization is enabled for input format(s) [org.apache.hadoop.hive.ql.io.orc.OrcInputFormat]
2024-04-24T04:56:12,450  INFO [main] physical.Vectorizer: Validating and vectorizing MapWork... (vectorizedVertexNum 0)
2024-04-24T04:56:12,450  INFO [main] physical.Vectorizer: Map vectorization enabled: true
2024-04-24T04:56:12,450  INFO [main] physical.Vectorizer: Map vectorized: false
2024-04-24T04:56:12,450  INFO [main] physical.Vectorizer: Map notVectorizedReason: Select expression for SELECT operator: Virtual column INPUT__FILE__NAME is not supported
2024-04-24T04:56:12,450  INFO [main] physical.Vectorizer: Map vectorizedVertexNum: 0
2024-04-24T04:56:12,450  INFO [main] physical.Vectorizer: Map enabledConditionsMet: [hive.vectorized.use.vectorized.input.format IS true]
2024-04-24T04:56:12,450  INFO [main] physical.Vectorizer: Map inputFileFormatClassNameSet: [org.apache.hadoop.hive.ql.io.orc.OrcInputFormat]
2024-04-24T04:56:12,450  INFO [main] physical.Vectorizer: Reduce vectorization enabled: false
2024-04-24T04:56:12,450  INFO [main] physical.Vectorizer: Reduce vectorized: false
2024-04-24T04:56:12,450  INFO [main] physical.Vectorizer: Reduce vectorizedVertexNum: 1
2024-04-24T04:56:12,450  INFO [main] physical.Vectorizer: Reducer hive.vectorized.execution.reduce.enabled: true
2024-04-24T04:56:12,450  INFO [main] physical.Vectorizer: Reducer engine: mr
2024-04-24T04:56:12,450  INFO [main] parse.CalcitePlanner: Completed plan generation
2024-04-24T04:56:12,450  INFO [main] parse.CalcitePlanner: Ending caching scope for: 
2024-04-24T04:56:12,450  INFO [main] ql.Driver: Semantic Analysis Completed (retrial = false)
2024-04-24T04:56:12,450  INFO [main] ql.Driver: Created Hive schema: Schema(fieldSchemas:[FieldSchema(name:row__id, type:struct<writeid:bigint,bucketid:int,rowid:bigint>, comment:null), FieldSchema(name:a, type:int, comment:null), FieldSchema(name:b, type:int, comment:null), FieldSchema(name:input__file__name, type:string, comment:null)], properties:null)
2024-04-24T04:56:12,451  INFO [main] exec.ListSinkOperator: Initializing Operator: LIST_SINK[5]
2024-04-24T04:56:12,452  INFO [main] metadata.Hive: Dumping metastore api call timing information for : compilation phase
2024-04-24T04:56:12,452  INFO [main] metadata.Hive: Total time spent in each metastore function (ms): {getAllTableConstraints_(AllTableConstraintsRequest)=24, openTxn_(String, TxnType)=2, getValidWriteIds_(List, String)=5, getTableColumnStatistics_(String, String, List, String)=25, getValidTxns_(long)=0, commitTxn_(CommitTxnRequest)=7, flushCache_()=0, isCompatibleWith_(Configuration)=0, getTable_(GetTableRequest)=6}
2024-04-24T04:56:12,452  INFO [main] ql.Driver: Completed compiling command(queryId=alex_20240424045612_c8d506c4-48d4-4383-b5ac-318eea037bbb); Time taken: 0.155 seconds
2024-04-24T04:56:12,453  INFO [main] lockmgr.DbTxnManager: Setting lock request transaction to txnid:19 for queryId=alex_20240424045612_c8d506c4-48d4-4383-b5ac-318eea037bbb
2024-04-24T04:56:12,453  INFO [main] lockmgr.DbLockManager: Requesting lock for queryId=alex_20240424045612_c8d506c4-48d4-4383-b5ac-318eea037bbb
2024-04-24T04:56:12,467  INFO [main] lockmgr.DbLockManager: Response to queryId=alex_20240424045612_c8d506c4-48d4-4383-b5ac-318eea037bbb LockResponse(lockid:13, state:ACQUIRED)
2024-04-24T04:56:12,467  INFO [main] ql.Driver: Operation QUERY obtained 1 locks
2024-04-24T04:56:12,467  INFO [main] ql.Driver: Executing command(queryId=alex_20240424045612_c8d506c4-48d4-4383-b5ac-318eea037bbb): select ROW__ID, a, b, INPUT__FILE__NAME from T order by ROW__ID
2024-04-24T04:56:12,467  WARN [main] ql.Driver: Hive-on-MR is deprecated in Hive 2 and may not be available in the future versions. Consider using a different execution engine (i.e. tez, spark) or using Hive 1.X releases.
Query ID = alex_20240424045612_c8d506c4-48d4-4383-b5ac-318eea037bbb
2024-04-24T04:56:12,467  INFO [main] ql.Driver: Query ID = alex_20240424045612_c8d506c4-48d4-4383-b5ac-318eea037bbb
Total jobs = 1
2024-04-24T04:56:12,467  INFO [main] ql.Driver: Total jobs = 1
Launching Job 1 out of 1
2024-04-24T04:56:12,467  INFO [main] ql.Driver: Launching Job 1 out of 1
2024-04-24T04:56:12,596  INFO [main] ql.Driver: Starting task [Stage-1:MAPRED] in serial mode
Number of reduce tasks determined at compile time: 1
2024-04-24T04:56:12,596  INFO [main] exec.Task: Number of reduce tasks determined at compile time: 1
In order to change the average load for a reducer (in bytes):
2024-04-24T04:56:12,596  INFO [main] exec.Task: In order to change the average load for a reducer (in bytes):
  set hive.exec.reducers.bytes.per.reducer=<number>
2024-04-24T04:56:12,596  INFO [main] exec.Task:   set hive.exec.reducers.bytes.per.reducer=<number>
In order to limit the maximum number of reducers:
2024-04-24T04:56:12,596  INFO [main] exec.Task: In order to limit the maximum number of reducers:
  set hive.exec.reducers.max=<number>
2024-04-24T04:56:12,596  INFO [main] exec.Task:   set hive.exec.reducers.max=<number>
In order to set a constant number of reducers:
2024-04-24T04:56:12,596  INFO [main] exec.Task: In order to set a constant number of reducers:
  set mapreduce.job.reduces=<number>
2024-04-24T04:56:12,596  INFO [main] exec.Task:   set mapreduce.job.reduces=<number>
2024-04-24T04:56:12,599  INFO [main] mr.ExecDriver: Using org.apache.hadoop.hive.ql.io.HiveInputFormat
2024-04-24T04:56:12,599  INFO [main] exec.Utilities: Processing alias t
2024-04-24T04:56:12,599  INFO [main] exec.Utilities: Adding 1 inputs; the first input is file:/home/alex/Repositories/hive/ql/target/tmp/org.apache.hadoop.hive.ql.TestTxnExIm-1713959704617/warehouse/t
2024-04-24T04:56:12,608  INFO [main] exec.SerializationUtilities: Serializing MapWork using kryo
2024-04-24T04:56:12,609  INFO [main] exec.Utilities: Serialized plan (via FILE) - name: null size: 5,10KB
2024-04-24T04:56:12,614  INFO [main] exec.SerializationUtilities: Serializing ReduceWork using kryo
2024-04-24T04:56:12,615  INFO [main] exec.Utilities: Serialized plan (via FILE) - name: null size: 6,05KB
2024-04-24T04:56:12,615  WARN [main] impl.MetricsSystemImpl: JobTracker metrics system already initialized!
2024-04-24T04:56:12,621  WARN [main] impl.MetricsSystemImpl: JobTracker metrics system already initialized!
2024-04-24T04:56:12,628  WARN [main] mapreduce.JobResourceUploader: Hadoop command-line option parsing not performed. Implement the Tool interface and execute your application with ToolRunner to remedy this.
2024-04-24T04:56:12,633  WARN [main] mapreduce.JobResourceUploader: No job jar file set.  User classes may not be found. See Job or Job#setJar(String).
2024-04-24T04:56:12,634  INFO [main] io.HiveInputFormat: hive.io.file.readcolumn.ids = 0,1
2024-04-24T04:56:12,634  INFO [main] io.HiveInputFormat: hive.io.file.readcolumn.names = a,b
2024-04-24T04:56:12,634  INFO [main] io.HiveInputFormat: Generating splits for dirs: file:/home/alex/Repositories/hive/ql/target/tmp/org.apache.hadoop.hive.ql.TestTxnExIm-1713959704617/warehouse/t
2024-04-24T04:56:12,634  INFO [main] orc.OrcInputFormat: getSplits started
2024-04-24T04:56:12,634  INFO [main] orc.OrcInputFormat: Context:: isAcid: true isVectorMode: false sarg: null minSplitSize: 1 maxSplitSize: 256000000 splitStrategy: HYBRID footerInSplits: false numBuckets: 0 numThreads: 10 cacheMemSize: 268435456 cacheStripeDetails: true useSoftReference: false writeIdList: default.t:1:9223372036854775807:: isTransactionalTable: true txnProperties: default 
2024-04-24T04:56:12,634  INFO [main] orc.OrcInputFormat: ORC pushdown predicate: null
2024-04-24T04:56:12,641  INFO [main] orc.OrcInputFormat: FooterCacheHitRatio: 0/1
2024-04-24T04:56:12,641  INFO [main] orc.OrcInputFormat: getSplits finished (#splits: 1). duration: 7 ms
2024-04-24T04:56:12,641  INFO [main] io.HiveInputFormat: number of splits 1
2024-04-24T04:56:12,657  INFO [main] mapreduce.JobSubmitter: number of splits:1
2024-04-24T04:56:12,675  INFO [main] mapreduce.JobSubmitter: Submitting tokens for job: job_local619393339_0026
2024-04-24T04:56:12,675  INFO [main] mapreduce.JobSubmitter: Executing with tokens: []
2024-04-24T04:56:12,731  INFO [main] mapreduce.Job: The url to track the job: http://localhost:8080/
Job running in-process (local Hadoop)
2024-04-24T04:56:12,731  INFO [main] exec.Task: Job running in-process (local Hadoop)
2024-04-24T04:56:12,732  INFO [Thread-1942] mapred.LocalJobRunner: OutputCommitter set in config org.apache.hadoop.hive.ql.io.HiveFileFormatUtils$NullOutputCommitter
2024-04-24T04:56:12,732  INFO [Thread-1942] mapred.LocalJobRunner: OutputCommitter is org.apache.hadoop.hive.ql.io.HiveFileFormatUtils$NullOutputCommitter
2024-04-24T04:56:12,733  INFO [Thread-1942] mapred.LocalJobRunner: Waiting for map tasks
2024-04-24T04:56:12,733  INFO [LocalJobRunner Map Task Executor #0] mapred.LocalJobRunner: Starting task: attempt_local619393339_0026_m_000000_0
2024-04-24T04:56:12,734  INFO [LocalJobRunner Map Task Executor #0] mapred.Task:  Using ResourceCalculatorProcessTree : [ ]
2024-04-24T04:56:12,734  INFO [LocalJobRunner Map Task Executor #0] mapred.MapTask: Processing split: org.apache.hadoop.hive.ql.io.orc.OrcInputFormat:OrcSplit [file:/home/alex/Repositories/hive/ql/target/tmp/org.apache.hadoop.hive.ql.TestTxnExIm-1713959704617/warehouse/t/delta_0000001_0000001_0000/000000_0, start=3, length=112, isOriginal=true, fileLength=256, hasFooter=false, hasBase=true, deltas=0]
2024-04-24T04:56:12,735  INFO [LocalJobRunner Map Task Executor #0] exec.SerializationUtilities: Deserializing MapWork using kryo
2024-04-24T04:56:12,736  INFO [LocalJobRunner Map Task Executor #0] exec.Utilities: Deserialized plan (via FILE) - name: null size: 5,10KB
2024-04-24T04:56:12,737  INFO [LocalJobRunner Map Task Executor #0] orc.OrcRawRecordMerger: min key = null, max key = null
2024-04-24T04:56:12,737  INFO [LocalJobRunner Map Task Executor #0] orc.ReaderImpl: Reading ORC rows from file:/home/alex/Repositories/hive/ql/target/tmp/org.apache.hadoop.hive.ql.TestTxnExIm-1713959704617/warehouse/t/delta_0000001_0000001_0000/000000_0 with {include: [true, true, true], offset: 3, length: 112, schema: struct<a:int,b:int>, includeAcidColumns: true}
2024-04-24T04:56:12,740  INFO [LocalJobRunner Map Task Executor #0] orc.OrcRawRecordMerger: updated min key = null, max key = null
2024-04-24T04:56:12,741  INFO [LocalJobRunner Map Task Executor #0] mapred.MapTask: numReduceTasks: 1
2024-04-24T04:56:12,751  INFO [LocalJobRunner Map Task Executor #0] mapred.MapTask: (EQUATOR) 0 kvi 26214396(104857584)
2024-04-24T04:56:12,751  INFO [LocalJobRunner Map Task Executor #0] mapred.MapTask: mapreduce.task.io.sort.mb: 100
2024-04-24T04:56:12,751  INFO [LocalJobRunner Map Task Executor #0] mapred.MapTask: soft limit at 83886080
2024-04-24T04:56:12,752  INFO [LocalJobRunner Map Task Executor #0] mapred.MapTask: bufstart = 0; bufvoid = 104857600
2024-04-24T04:56:12,752  INFO [LocalJobRunner Map Task Executor #0] mapred.MapTask: kvstart = 26214396; length = 6553600
2024-04-24T04:56:12,752  INFO [LocalJobRunner Map Task Executor #0] mapred.MapTask: Map output collector class = org.apache.hadoop.mapred.MapTask$MapOutputBuffer
2024-04-24T04:56:12,752  INFO [LocalJobRunner Map Task Executor #0] exec.MapOperator: Initializing Operator: MAP[0]
2024-04-24T04:56:12,753  INFO [LocalJobRunner Map Task Executor #0] mr.ExecMapper: 
<MAP>Id =0
  <Children>null
  <\Children>
  <Parent><\Parent>
<\MAP>
2024-04-24T04:56:12,754  INFO [LocalJobRunner Map Task Executor #0] exec.TableScanOperator: Initializing Operator: TS[0]
2024-04-24T04:56:12,754  INFO [LocalJobRunner Map Task Executor #0] exec.SelectOperator: Initializing Operator: SEL[1]
2024-04-24T04:56:12,754  INFO [LocalJobRunner Map Task Executor #0] exec.SelectOperator: SELECT struct<a:int,b:int,row__id:struct<writeid:bigint,bucketid:int,rowid:bigint>,input__file__name:string>
2024-04-24T04:56:12,754  INFO [LocalJobRunner Map Task Executor #0] exec.ReduceSinkOperator: Initializing Operator: RS[2]
2024-04-24T04:56:12,754  INFO [LocalJobRunner Map Task Executor #0] exec.ReduceSinkOperator: Using tag = -1
2024-04-24T04:56:12,755  INFO [LocalJobRunner Map Task Executor #0] exec.ReduceSinkOperator: keys are [reducesinkkey0] num distributions: 1
2024-04-24T04:56:12,755  INFO [LocalJobRunner Map Task Executor #0] exec.ReduceSinkOperator: RS[2]: records written - 1
2024-04-24T04:56:12,755  INFO [LocalJobRunner Map Task Executor #0] exec.MapOperator: MAP[0]: records read - 1
2024-04-24T04:56:12,755  INFO [LocalJobRunner Map Task Executor #0] exec.MapOperator: Closing Operator: MAP[0]
2024-04-24T04:56:12,755  INFO [LocalJobRunner Map Task Executor #0] exec.MapOperator: MAP[0]: Total records read - 3. abort - false
2024-04-24T04:56:12,755  INFO [LocalJobRunner Map Task Executor #0] exec.MapOperator: RECORDS_IN:3, DESERIALIZE_ERRORS:0, RECORDS_OUT_OPERATOR_MAP_0:0, RECORDS_OUT_INTERMEDIATE:0, 
2024-04-24T04:56:12,755  INFO [LocalJobRunner Map Task Executor #0] exec.TableScanOperator: Closing Operator: TS[0]
2024-04-24T04:56:12,755  INFO [LocalJobRunner Map Task Executor #0] exec.TableScanOperator: RECORDS_OUT_INTERMEDIATE:0, RECORDS_OUT_OPERATOR_TS_0:3, 
2024-04-24T04:56:12,755  INFO [LocalJobRunner Map Task Executor #0] exec.SelectOperator: Closing Operator: SEL[1]
2024-04-24T04:56:12,755  INFO [LocalJobRunner Map Task Executor #0] exec.SelectOperator: RECORDS_OUT_INTERMEDIATE:0, RECORDS_OUT_OPERATOR_SEL_1:3, 
2024-04-24T04:56:12,755  INFO [LocalJobRunner Map Task Executor #0] exec.ReduceSinkOperator: Closing Operator: RS[2]
2024-04-24T04:56:12,755  INFO [LocalJobRunner Map Task Executor #0] exec.ReduceSinkOperator: RS[2]: Total records written - 3. abort - false
2024-04-24T04:56:12,755  INFO [LocalJobRunner Map Task Executor #0] exec.ReduceSinkOperator: RECORDS_OUT_OPERATOR_RS_2:3, RECORDS_OUT_INTERMEDIATE:3, 
2024-04-24T04:56:12,756  INFO [LocalJobRunner Map Task Executor #0] mapred.LocalJobRunner: 
2024-04-24T04:56:12,756  INFO [LocalJobRunner Map Task Executor #0] mapred.MapTask: Starting flush of map output
2024-04-24T04:56:12,756  INFO [LocalJobRunner Map Task Executor #0] mapred.MapTask: Spilling map output
2024-04-24T04:56:12,756  INFO [LocalJobRunner Map Task Executor #0] mapred.MapTask: bufstart = 0; bufend = 555; bufvoid = 104857600
2024-04-24T04:56:12,756  INFO [LocalJobRunner Map Task Executor #0] mapred.MapTask: kvstart = 26214396(104857584); kvend = 26214388(104857552); length = 9/6553600
2024-04-24T04:56:12,767  INFO [LocalJobRunner Map Task Executor #0] mapred.MapTask: Finished spill 0
2024-04-24T04:56:12,770  INFO [LocalJobRunner Map Task Executor #0] mapred.Task: Task:attempt_local619393339_0026_m_000000_0 is done. And is in the process of committing
2024-04-24T04:56:12,770  INFO [LocalJobRunner Map Task Executor #0] mapred.LocalJobRunner: OrcSplit [file:/home/alex/Repositories/hive/ql/target/tmp/org.apache.hadoop.hive.ql.TestTxnExIm-1713959704617/warehouse/t/delta_0000001_0000001_0000/000000_0, start=3, length=112, isOriginal=true, fileLength=256, hasFooter=false, hasBase=true, deltas=0]
2024-04-24T04:56:12,770  INFO [LocalJobRunner Map Task Executor #0] mapred.Task: Task 'attempt_local619393339_0026_m_000000_0' done.
2024-04-24T04:56:12,771  INFO [LocalJobRunner Map Task Executor #0] mapred.Task: Final Counters for attempt_local619393339_0026_m_000000_0: Counters: 24
	File System Counters
		FILE: Number of bytes read=473001
		FILE: Number of bytes written=30416412
		FILE: Number of read operations=0
		FILE: Number of large read operations=0
		FILE: Number of write operations=0
	Map-Reduce Framework
		Map input records=3
		Map output records=3
		Map output bytes=555
		Map output materialized bytes=570
		Input split bytes=469
		Combine input records=0
		Spilled Records=3
		Failed Shuffles=0
		Merged Map outputs=0
		GC time elapsed (ms)=6
		Total committed heap usage (bytes)=1236795392
	HIVE
		DESERIALIZE_ERRORS=0
		RECORDS_IN=3
		RECORDS_OUT_INTERMEDIATE=3
		RECORDS_OUT_OPERATOR_MAP_0=0
		RECORDS_OUT_OPERATOR_RS_2=3
		RECORDS_OUT_OPERATOR_SEL_1=3
		RECORDS_OUT_OPERATOR_TS_0=3
	File Input Format Counters 
		Bytes Read=6238
2024-04-24T04:56:12,771  INFO [LocalJobRunner Map Task Executor #0] mapred.LocalJobRunner: Finishing task: attempt_local619393339_0026_m_000000_0
2024-04-24T04:56:12,771  INFO [Thread-1942] mapred.LocalJobRunner: map task executor complete.
2024-04-24T04:56:12,771  INFO [Thread-1942] mapred.LocalJobRunner: Waiting for reduce tasks
2024-04-24T04:56:12,772  INFO [pool-116-thread-1] mapred.LocalJobRunner: Starting task: attempt_local619393339_0026_r_000000_0
2024-04-24T04:56:12,772  INFO [pool-116-thread-1] mapred.Task:  Using ResourceCalculatorProcessTree : [ ]
2024-04-24T04:56:12,772  INFO [pool-116-thread-1] mapred.ReduceTask: Using ShuffleConsumerPlugin: org.apache.hadoop.mapreduce.task.reduce.Shuffle@62c8ed7c
2024-04-24T04:56:12,772  WARN [pool-116-thread-1] impl.MetricsSystemImpl: JobTracker metrics system already initialized!
2024-04-24T04:56:12,773  INFO [pool-116-thread-1] reduce.MergeManagerImpl: MergerManager: memoryLimit=1336252800, maxSingleShuffleLimit=334063200, mergeThreshold=881926912, ioSortFactor=10, memToMemMergeOutputsThreshold=10
2024-04-24T04:56:12,774  INFO [EventFetcher for fetching Map Completion Events] reduce.EventFetcher: attempt_local619393339_0026_r_000000_0 Thread started: EventFetcher for fetching Map Completion Events
2024-04-24T04:56:12,776  INFO [localfetcher#18] reduce.LocalFetcher: localfetcher#18 about to shuffle output of map attempt_local619393339_0026_m_000000_0 decomp: 566 len: 570 to MEMORY
2024-04-24T04:56:12,776  INFO [localfetcher#18] reduce.InMemoryMapOutput: Read 566 bytes from map-output for attempt_local619393339_0026_m_000000_0
2024-04-24T04:56:12,776  INFO [localfetcher#18] reduce.MergeManagerImpl: closeInMemoryFile -> map-output of size: 566, inMemoryMapOutputs.size() -> 1, commitMemory -> 0, usedMemory ->566
2024-04-24T04:56:12,777  INFO [EventFetcher for fetching Map Completion Events] reduce.EventFetcher: EventFetcher is interrupted.. Returning
2024-04-24T04:56:12,777  INFO [pool-116-thread-1] mapred.LocalJobRunner: 1 / 1 copied.
2024-04-24T04:56:12,777  INFO [pool-116-thread-1] reduce.MergeManagerImpl: finalMerge called with 1 in-memory map-outputs and 0 on-disk map-outputs
2024-04-24T04:56:12,784  INFO [pool-116-thread-1] mapred.Merger: Merging 1 sorted segments
2024-04-24T04:56:12,784  INFO [pool-116-thread-1] mapred.Merger: Down to the last merge-pass, with 1 segments left of total size: 534 bytes
2024-04-24T04:56:12,786  INFO [pool-116-thread-1] reduce.MergeManagerImpl: Merged 1 segments, 566 bytes to disk to satisfy reduce memory limit
2024-04-24T04:56:12,787  INFO [pool-116-thread-1] reduce.MergeManagerImpl: Merging 1 files, 570 bytes from disk
2024-04-24T04:56:12,787  INFO [pool-116-thread-1] reduce.MergeManagerImpl: Merging 0 segments, 0 bytes from memory into reduce
2024-04-24T04:56:12,787  INFO [pool-116-thread-1] mapred.Merger: Merging 1 sorted segments
2024-04-24T04:56:12,787  INFO [pool-116-thread-1] mapred.Merger: Down to the last merge-pass, with 1 segments left of total size: 534 bytes
2024-04-24T04:56:12,787  INFO [pool-116-thread-1] mapred.LocalJobRunner: 1 / 1 copied.
2024-04-24T04:56:12,787  INFO [pool-116-thread-1] exec.SerializationUtilities: Deserializing ReduceWork using kryo
2024-04-24T04:56:12,788  INFO [pool-116-thread-1] exec.Utilities: Deserialized plan (via FILE) - name: null size: 6,05KB
2024-04-24T04:56:12,788  INFO [pool-116-thread-1] ExecReducer: 
<SEL>Id =3
  <Children>
    <FS>Id =4
      <Children>
      <\Children>
      <Parent>Id = 3 null<\Parent>
    <\FS>
  <\Children>
  <Parent><\Parent>
<\SEL>
2024-04-24T04:56:12,789  INFO [pool-116-thread-1] exec.SelectOperator: Initializing Operator: SEL[3]
2024-04-24T04:56:12,789  INFO [pool-116-thread-1] exec.SelectOperator: SELECT struct<key:struct<reducesinkkey0:struct<writeid:bigint,bucketid:int,rowid:bigint>>,value:struct<_col0:int,_col1:int,_col2:string>>
2024-04-24T04:56:12,789  INFO [pool-116-thread-1] exec.FileSinkOperator: Initializing Operator: FS[4]
2024-04-24T04:56:12,789  INFO [pool-116-thread-1] exec.FileSinkOperator: Using serializer : class org.apache.hadoop.hive.serde2.lazy.LazySimpleSerDe [serdeParams=org.apache.hadoop.hive.serde2.lazy.LazySerDeParameters@236ab556, cachedObjectInspector=org.apache.hadoop.hive.serde2.lazy.objectinspector.LazySimpleStructObjectInspector<org.apache.hadoop.hive.serde2.lazy.objectinspector.LazySimpleStructObjectInspector<org.apache.hadoop.hive.serde2.lazy.objectinspector.primitive.LazyLongObjectInspector@6fdaeb7f,org.apache.hadoop.hive.serde2.lazy.objectinspector.primitive.LazyIntObjectInspector@2b8cf049,org.apache.hadoop.hive.serde2.lazy.objectinspector.primitive.LazyLongObjectInspector@6fdaeb7f>,org.apache.hadoop.hive.serde2.lazy.objectinspector.primitive.LazyIntObjectInspector@2b8cf049,org.apache.hadoop.hive.serde2.lazy.objectinspector.primitive.LazyIntObjectInspector@2b8cf049,org.apache.hadoop.hive.serde2.lazy.objectinspector.primitive.LazyStringObjectInspector@609f136b>, serializedSize=0, stats=org.apache.hadoop.hive.serde2.SerDeStats@1f3fe29a, lastOperationSerialize=false, lastOperationDeserialize=false [1, 2, 3, 4, 5, 6, 7, 8, 11, 14, 15, 16, 17, 18, 19, 20, 21, 22, 23, 24, 25, 26, 28, 29, 30, 31, -128, -127, -126, -125, -124, -123, -122, -121, -120, -119, -118, -117, -116, -115, -114, -113, -112, -111, -110, -109, -108, -107, -106, -105, -104, -103, -102, -101, -100, -99, -98, -97, -96, -95, -94, -93, -92, -91, -90, -89, -88, -87, -86, -85, -84, -83, -82, -81, -80, -79, -78, -77, -76, -75, -74, -73, -72, -71, -70, -69, -68, -67, -66, -65, -64, -63, -62, -61, -60, -59, -58, -57, -56, -55, -54, -53, -52, -51, -50, -49, -48, -47, -46, -45, -44, -43, -42, -41, -40, -39, -38, -37, -36, -35, -34, -33, -32, -31, -30, -29, -28, -27, -26, -25, -24, -23, -22, -21, -20, -19, -18, -17, -16, -15, -14, -13, -12, -11, -10, -9, -8, -7, -6, -5, -4, -3, -2, -1] : [_col0, _col1, _col2, _col3] : [struct<writeid:bigint,bucketid:int,rowid:bigint>, int, int, string]] and formatter : org.apache.hadoop.hive.ql.io.HiveSequenceFileOutputFormat@1f8365fc
2024-04-24T04:56:12,790  INFO [pool-116-thread-1] exec.FileSinkOperator: Final Path: FS file:/home/alex/Repositories/hive/ql/target/tmp/localscratchdir/c66746de-be8f-4d05-99f8-bf9617dee7bc/hive_2024-04-24_04-56-12_296_6270856345747171405-1/-mr-10001/.hive-staging_hive_2024-04-24_04-56-12_296_6270856345747171405-1/_tmp.-ext-10002/000000_0
2024-04-24T04:56:12,790  INFO [pool-116-thread-1] exec.FileSinkOperator: Writing to temp file: FS file:/home/alex/Repositories/hive/ql/target/tmp/localscratchdir/c66746de-be8f-4d05-99f8-bf9617dee7bc/hive_2024-04-24_04-56-12_296_6270856345747171405-1/-mr-10001/.hive-staging_hive_2024-04-24_04-56-12_296_6270856345747171405-1/_task_tmp.-ext-10002/_tmp.000000_0
2024-04-24T04:56:12,790  INFO [pool-116-thread-1] exec.FileSinkOperator: New Final Path: FS file:/home/alex/Repositories/hive/ql/target/tmp/localscratchdir/c66746de-be8f-4d05-99f8-bf9617dee7bc/hive_2024-04-24_04-56-12_296_6270856345747171405-1/-mr-10001/.hive-staging_hive_2024-04-24_04-56-12_296_6270856345747171405-1/_tmp.-ext-10002/000000_0
2024-04-24T04:56:12,797  INFO [pool-116-thread-1] exec.FileSinkOperator: FS[4]: records written - 1
2024-04-24T04:56:12,797  INFO [pool-116-thread-1] exec.SelectOperator: Closing Operator: SEL[3]
2024-04-24T04:56:12,798  INFO [pool-116-thread-1] exec.SelectOperator: RECORDS_OUT_OPERATOR_SEL_3:3, RECORDS_OUT_INTERMEDIATE:0, 
2024-04-24T04:56:12,798  INFO [pool-116-thread-1] exec.FileSinkOperator: Closing Operator: FS[4]
2024-04-24T04:56:12,798  INFO [pool-116-thread-1] exec.FileSinkOperator: FS[4]: records written - 3
2024-04-24T04:56:12,798  INFO [pool-116-thread-1] exec.FileSinkOperator: RECORDS_OUT_INTERMEDIATE:0, RECORDS_OUT_OPERATOR_FS_4:3, RECORDS_OUT_0:3, 
2024-04-24T04:56:12,799  INFO [pool-116-thread-1] mapred.Task: Task:attempt_local619393339_0026_r_000000_0 is done. And is in the process of committing
2024-04-24T04:56:12,799  INFO [pool-116-thread-1] mapred.LocalJobRunner: reduce > reduce
2024-04-24T04:56:12,799  INFO [pool-116-thread-1] mapred.Task: Task 'attempt_local619393339_0026_r_000000_0' done.
2024-04-24T04:56:12,799  INFO [pool-116-thread-1] mapred.Task: Final Counters for attempt_local619393339_0026_r_000000_0: Counters: 29
	File System Counters
		FILE: Number of bytes read=480281
		FILE: Number of bytes written=30417622
		FILE: Number of read operations=0
		FILE: Number of large read operations=0
		FILE: Number of write operations=0
	Map-Reduce Framework
		Combine input records=0
		Combine output records=0
		Reduce input groups=3
		Reduce shuffle bytes=570
		Reduce input records=3
		Reduce output records=0
		Spilled Records=3
		Shuffled Maps =1
		Failed Shuffles=0
		Merged Map outputs=1
		GC time elapsed (ms)=0
		Total committed heap usage (bytes)=1236795392
	HIVE
		CREATED_FILES=1
		RECORDS_OUT_0=3
		RECORDS_OUT_INTERMEDIATE=0
		RECORDS_OUT_OPERATOR_FS_4=3
		RECORDS_OUT_OPERATOR_SEL_3=3
	Shuffle Errors
		BAD_ID=0
		CONNECTION=0
		IO_ERROR=0
		WRONG_LENGTH=0
		WRONG_MAP=0
		WRONG_REDUCE=0
	File Output Format Counters 
		Bytes Written=0
2024-04-24T04:56:12,799  INFO [pool-116-thread-1] mapred.LocalJobRunner: Finishing task: attempt_local619393339_0026_r_000000_0
2024-04-24T04:56:12,799  INFO [Thread-1942] mapred.LocalJobRunner: reduce task executor complete.
2024-04-24 04:56:13,734 Stage-1 map = 100%,  reduce = 100%
2024-04-24T04:56:13,734  INFO [main] exec.Task: 2024-04-24 04:56:13,734 Stage-1 map = 100%,  reduce = 100%
Ended Job = job_local619393339_0026
2024-04-24T04:56:13,736  INFO [main] exec.Task: Ended Job = job_local619393339_0026
2024-04-24T04:56:13,741  INFO [main] metadata.Hive: Dumping metastore api call timing information for : execution phase
2024-04-24T04:56:13,741  INFO [main] metadata.Hive: Total time spent in each metastore function (ms): {}
MapReduce Jobs Launched: 
2024-04-24T04:56:13,742  INFO [main] ql.Driver: MapReduce Jobs Launched: 
Stage-Stage-1:  HDFS Read: 0 HDFS Write: 0 SUCCESS
2024-04-24T04:56:13,742  INFO [main] ql.Driver: Stage-Stage-1:  HDFS Read: 0 HDFS Write: 0 SUCCESS
Total MapReduce CPU Time Spent: 0 msec
2024-04-24T04:56:13,742  INFO [main] ql.Driver: Total MapReduce CPU Time Spent: 0 msec
2024-04-24T04:56:13,742  INFO [main] ql.Driver: Completed executing command(queryId=alex_20240424045612_c8d506c4-48d4-4383-b5ac-318eea037bbb); Time taken: 1.274 seconds
2024-04-24T04:56:13,742  INFO [main] lockmgr.DbTxnManager: Stopped heartbeat for query: alex_20240424045612_c8d506c4-48d4-4383-b5ac-318eea037bbb
2024-04-24T04:56:13,753  INFO [main] txn.TxnHandler: Expected to move at least one record from txn_components to completed_txn_components when committing txn! txnid:19
2024-04-24T04:56:13,768  INFO [main] txn.TxnHandler: Removed transactions: ([19]) from MIN_HISTORY_LEVEL
2024-04-24T04:56:13,768  WARN [main] txn.CompactionTxnHandler: No compaction queue record found for Compaction type transaction commit. txnId:19
2024-04-24T04:56:13,776  INFO [main] mapred.FileInputFormat: Total input files to process : 1
2024-04-24T04:56:13,778  INFO [main] exec.ListSinkOperator: Closing Operator: LIST_SINK[5]
2024-04-24T04:56:13,779  INFO [main] exec.ListSinkOperator: RECORDS_OUT_OPERATOR_LIST_SINK_5:3, RECORDS_OUT_INTERMEDIATE:0, 
2024-04-24T04:56:13,779  WARN [main] ql.TestTxnExIm: testImportNoTarget: read data(import existing table): 
2024-04-24T04:56:13,779  INFO [main] ql.TestTxnExIm: {"writeid":1,"bucketid":536870912,"rowid":0}	1	2	file:/home/alex/Repositories/hive/ql/target/tmp/org.apache.hadoop.hive.ql.TestTxnExIm-1713959704617/warehouse/t/delta_0000001_0000001_0000/000000_0
{"writeid":1,"bucketid":536870912,"rowid":1}	3	4	file:/home/alex/Repositories/hive/ql/target/tmp/org.apache.hadoop.hive.ql.TestTxnExIm-1713959704617/warehouse/t/delta_0000001_0000001_0000/000000_0
{"writeid":1,"bucketid":536870912,"rowid":2}	5	6	file:/home/alex/Repositories/hive/ql/target/tmp/org.apache.hadoop.hive.ql.TestTxnExIm-1713959704617/warehouse/t/delta_0000001_0000001_0000/000000_0

2024-04-24T04:56:13,779  INFO [main] ql.TxnCommandsBaseForTests: Running the query: EXPLAIN VECTORIZATION DETAIL select ROW__ID, a, b, INPUT__FILE__NAME from T order by ROW__ID
2024-04-24T04:56:13,779  INFO [main] ql.Context: Deleting scratch dir: file:/home/alex/Repositories/hive/ql/target/tmp/localscratchdir/c66746de-be8f-4d05-99f8-bf9617dee7bc/hive_2024-04-24_04-56-12_296_6270856345747171405-1
2024-04-24T04:56:13,781  INFO [main] cleanup.SyncCleanupService: Deleted directory: file:/home/alex/Repositories/hive/ql/target/tmp/localscratchdir/c66746de-be8f-4d05-99f8-bf9617dee7bc/hive_2024-04-24_04-56-12_296_6270856345747171405-1 on fs with scheme file
2024-04-24T04:56:13,781  INFO [main] ql.Driver: Compiling command(queryId=alex_20240424045613_75426dde-3d3b-4e09-b7bb-b8814bd64a4c): EXPLAIN VECTORIZATION DETAIL select ROW__ID, a, b, INPUT__FILE__NAME from T order by ROW__ID
2024-04-24T04:56:13,785  INFO [main] txn.TxnHandler: Added entries to MIN_HISTORY_LEVEL for current txns: ([20]) with min_open_txn: 20
2024-04-24T04:56:13,785  INFO [main] lockmgr.DbTxnManager: Opened txnid:20
2024-04-24T04:56:13,786  INFO [main] parse.CalcitePlanner: Starting Semantic Analysis
2024-04-24T04:56:13,789  INFO [main] parse.CalcitePlanner: Completed phase 1 of Semantic Analysis
2024-04-24T04:56:13,789  INFO [main] parse.CalcitePlanner: Get metadata for source tables
2024-04-24T04:56:13,790  INFO [main] HiveMetaStore.audit: ugi=alex	ip=unknown-ip-addr	cmd=get_table : tbl=hive.default.t	
2024-04-24T04:56:13,796  INFO [main] metastore.ObjectStore: Removed COLUMN_STATS_ACCURATE from Table's parameters.
2024-04-24T04:56:13,797  INFO [main] metastore.HMSHandler: Skipping translation for processor with null
2024-04-24T04:56:13,798  INFO [main] parse.CalcitePlanner: Get metadata for subqueries
2024-04-24T04:56:13,798  INFO [main] parse.CalcitePlanner: Get metadata for destination tables
2024-04-24T04:56:13,798  INFO [main] parse.CalcitePlanner: Completed getting MetaData in Semantic Analysis
2024-04-24T04:56:13,810  INFO [main] HiveMetaStore.audit: ugi=alex	ip=unknown-ip-addr	cmd=get_all_table_constraints : tbl=hive.default.t	
2024-04-24T04:56:13,820  INFO [main] calcite.RelOptHiveTable: Calculating column statistics for default.t, projIndxSet: [0, 1], allowMissingStats: true
2024-04-24T04:56:13,820  INFO [main] HiveMetaStore.audit: ugi=alex	ip=unknown-ip-addr	cmd=get_table : tbl=hive.default.t	
2024-04-24T04:56:13,829  INFO [main] metastore.HMSHandler: Skipping translation for processor with null
2024-04-24T04:56:13,829  INFO [main] HiveMetaStore.audit: ugi=alex	ip=unknown-ip-addr	cmd=get_table : tbl=hive.default.t	
2024-04-24T04:56:13,837  INFO [main] metastore.HMSHandler: Skipping translation for processor with null
2024-04-24T04:56:13,837  INFO [main] HiveMetaStore.audit: ugi=alex	ip=unknown-ip-addr	cmd=get_table_statistics_req: table=hive.default.t	
2024-04-24T04:56:13,846  WARN [main] calcite.RelOptHiveTable: No Stats for default@t, Columns: b, a
No Stats for default@t, Columns: b, a
2024-04-24T04:56:13,846  INFO [main] SessionState: No Stats for default@t, Columns: b, a
2024-04-24T04:56:13,888  INFO [main] parse.CalcitePlanner: Get metadata for source tables
2024-04-24T04:56:13,888  INFO [main] parse.CalcitePlanner: Get metadata for subqueries
2024-04-24T04:56:13,888  INFO [main] parse.CalcitePlanner: Get metadata for destination tables
2024-04-24T04:56:13,890  INFO [main] parse.CalcitePlanner: CBO Succeeded; optimized logical plan.
2024-04-24T04:56:13,892  INFO [main] optimizer.ColumnPrunerProcFactory: RS 2 oldColExprMap: {VALUE._col1=Column[_col2], KEY.reducesinkkey0=Column[_col0], VALUE._col0=Column[_col1], VALUE._col2=Column[_col3]}
2024-04-24T04:56:13,892  INFO [main] optimizer.ColumnPrunerProcFactory: RS 2 newColExprMap: {VALUE._col2=Column[_col3], VALUE._col0=Column[_col1], VALUE._col1=Column[_col2], KEY.reducesinkkey0=Column[_col0]}
2024-04-24T04:56:13,893  INFO [main] optimizer.BucketVersionPopulator: not considering bucketingVersion for: TS[0] because it has -1<2 buckets 
2024-04-24T04:56:13,896  INFO [main] optimizer.SortedDynPartitionOptimizer: Sorted dynamic partitioning optimization kicked in..
2024-04-24T04:56:13,904  INFO [main] physical.Vectorizer: Examining input format to see if vectorization is enabled.
2024-04-24T04:56:13,904  INFO [main] physical.Vectorizer: Vectorization is enabled for input format(s) [org.apache.hadoop.hive.ql.io.orc.OrcInputFormat]
2024-04-24T04:56:13,904  INFO [main] physical.Vectorizer: Validating and vectorizing MapWork... (vectorizedVertexNum 0)
2024-04-24T04:56:13,904  INFO [main] physical.Vectorizer: Map vectorization enabled: true
2024-04-24T04:56:13,904  INFO [main] physical.Vectorizer: Map vectorized: false
2024-04-24T04:56:13,904  INFO [main] physical.Vectorizer: Map notVectorizedReason: Select expression for SELECT operator: Virtual column INPUT__FILE__NAME is not supported
2024-04-24T04:56:13,904  INFO [main] physical.Vectorizer: Map vectorizedVertexNum: 0
2024-04-24T04:56:13,904  INFO [main] physical.Vectorizer: Map enabledConditionsMet: [hive.vectorized.use.vectorized.input.format IS true]
2024-04-24T04:56:13,904  INFO [main] physical.Vectorizer: Map inputFileFormatClassNameSet: [org.apache.hadoop.hive.ql.io.orc.OrcInputFormat]
2024-04-24T04:56:13,904  INFO [main] physical.Vectorizer: Reduce vectorization enabled: false
2024-04-24T04:56:13,904  INFO [main] physical.Vectorizer: Reduce vectorized: false
2024-04-24T04:56:13,904  INFO [main] physical.Vectorizer: Reduce vectorizedVertexNum: 1
2024-04-24T04:56:13,904  INFO [main] physical.Vectorizer: Reducer hive.vectorized.execution.reduce.enabled: true
2024-04-24T04:56:13,904  INFO [main] physical.Vectorizer: Reducer engine: mr
2024-04-24T04:56:13,905  INFO [main] parse.CalcitePlanner: Completed plan generation
2024-04-24T04:56:13,905  INFO [main] ql.Driver: Semantic Analysis Completed (retrial = false)
2024-04-24T04:56:13,905  INFO [main] ql.Driver: Created Hive schema: Schema(fieldSchemas:[FieldSchema(name:Explain, type:string, comment:null)], properties:null)
2024-04-24T04:56:13,905  INFO [main] metadata.Hive: Dumping metastore api call timing information for : compilation phase
2024-04-24T04:56:13,905  INFO [main] metadata.Hive: Total time spent in each metastore function (ms): {getTable_(GetTableRequest)=8, getTableColumnStatistics_(String, String, List, String)=25, flushCache_()=0, isCompatibleWith_(Configuration)=1, getValidWriteIds_(List, String)=3, getValidTxns_(long)=1, openTxn_(String, TxnType)=3, getAllTableConstraints_(AllTableConstraintsRequest)=5, commitTxn_(CommitTxnRequest)=26}
2024-04-24T04:56:13,905  INFO [main] ql.Driver: Completed compiling command(queryId=alex_20240424045613_75426dde-3d3b-4e09-b7bb-b8814bd64a4c); Time taken: 0.124 seconds
2024-04-24T04:56:13,906  INFO [main] ql.Driver: Executing command(queryId=alex_20240424045613_75426dde-3d3b-4e09-b7bb-b8814bd64a4c): EXPLAIN VECTORIZATION DETAIL select ROW__ID, a, b, INPUT__FILE__NAME from T order by ROW__ID
2024-04-24T04:56:13,906  INFO [main] ql.Driver: Starting task [Stage-2:EXPLAIN] in serial mode
2024-04-24T04:56:13,920  INFO [main] metadata.Hive: Dumping metastore api call timing information for : execution phase
2024-04-24T04:56:13,920  INFO [main] metadata.Hive: Total time spent in each metastore function (ms): {}
2024-04-24T04:56:13,921  INFO [main] ql.Driver: Completed executing command(queryId=alex_20240424045613_75426dde-3d3b-4e09-b7bb-b8814bd64a4c); Time taken: 0.014 seconds
2024-04-24T04:56:13,921  INFO [main] lockmgr.DbTxnManager: Stopped heartbeat for query: null
2024-04-24T04:56:13,925  INFO [main] txn.TxnHandler: Expected to move at least one record from txn_components to completed_txn_components when committing txn! txnid:20
2024-04-24T04:56:13,929  INFO [main] txn.TxnHandler: Removed transactions: ([20]) from MIN_HISTORY_LEVEL
2024-04-24T04:56:13,929  WARN [main] txn.CompactionTxnHandler: No compaction queue record found for Compaction type transaction commit. txnId:20
2024-04-24T04:56:13,930  INFO [main] ql.TxnCommandsBaseForTests: Running the query: update T set a = 0 where b = 6
2024-04-24T04:56:13,930  INFO [main] ql.Context: Deleting scratch dir: file:/home/alex/Repositories/hive/ql/target/tmp/localscratchdir/c66746de-be8f-4d05-99f8-bf9617dee7bc/hive_2024-04-24_04-56-13_781_4767911793169883714-1
2024-04-24T04:56:13,930  INFO [main] cleanup.SyncCleanupService: Deleted directory: file:/home/alex/Repositories/hive/ql/target/tmp/localscratchdir/c66746de-be8f-4d05-99f8-bf9617dee7bc/hive_2024-04-24_04-56-13_781_4767911793169883714-1 on fs with scheme file
2024-04-24T04:56:13,931  INFO [main] ql.Driver: Compiling command(queryId=alex_20240424045613_a3ed04e3-837d-4db8-a44d-53cac656463b): update T set a = 0 where b = 6
2024-04-24T04:56:13,933  INFO [main] txn.TxnHandler: Added entries to MIN_HISTORY_LEVEL for current txns: ([21]) with min_open_txn: 20
2024-04-24T04:56:13,934  INFO [main] lockmgr.DbTxnManager: Opened txnid:21
2024-04-24T04:56:13,934  INFO [main] parse.UpdateDeleteSemanticAnalyzer: Starting caching scope for: 
2024-04-24T04:56:13,934  INFO [main] HiveMetaStore.audit: ugi=alex	ip=unknown-ip-addr	cmd=get_table : tbl=hive.default.T	
2024-04-24T04:56:13,940  INFO [main] metastore.HMSHandler: Skipping translation for processor with null
2024-04-24T04:56:13,941  INFO [main] parse.RewriteSemanticAnalyzer: Going to reparse <update T set a = 0 where b = 6> as 
<insert into table `default`.`T` select ROW__ID,`a`,`b` from `default`.`T` sort by ROW__ID >
2024-04-24T04:56:13,941  INFO [main] parse.UpdateDeleteSemanticAnalyzer: Starting Semantic Analysis
2024-04-24T04:56:13,944  INFO [main] HiveMetaStore.audit: ugi=alex	ip=unknown-ip-addr	cmd=get_table : tbl=hive.default.T	
2024-04-24T04:56:13,949  INFO [main] metastore.ObjectStore: Removed COLUMN_STATS_ACCURATE from Table's parameters.
2024-04-24T04:56:13,950  INFO [main] metastore.HMSHandler: Skipping translation for processor with null
2024-04-24T04:56:13,950  INFO [main] parse.UpdateDeleteSemanticAnalyzer: Completed phase 1 of Semantic Analysis
2024-04-24T04:56:13,950  INFO [main] parse.UpdateDeleteSemanticAnalyzer: Get metadata for source tables
2024-04-24T04:56:13,951  INFO [main] HiveMetaStore.audit: ugi=alex	ip=unknown-ip-addr	cmd=get_table : tbl=hive.default.t	
2024-04-24T04:56:13,956  INFO [main] metastore.ObjectStore: Removed COLUMN_STATS_ACCURATE from Table's parameters.
2024-04-24T04:56:13,957  INFO [main] metastore.HMSHandler: Skipping translation for processor with null
2024-04-24T04:56:13,958  INFO [main] parse.UpdateDeleteSemanticAnalyzer: Get metadata for subqueries
2024-04-24T04:56:13,958  INFO [main] parse.UpdateDeleteSemanticAnalyzer: Get metadata for destination tables
2024-04-24T04:56:13,958  INFO [main] HiveMetaStore.audit: ugi=alex	ip=unknown-ip-addr	cmd=get_table : tbl=hive.default.T	
2024-04-24T04:56:13,964  INFO [main] metastore.HMSHandler: Skipping translation for processor with null
2024-04-24T04:56:13,964  INFO [main] parse.UpdateDeleteSemanticAnalyzer: Completed getting MetaData in Semantic Analysis
2024-04-24T04:56:13,964  INFO [main] parse.UpdateDeleteSemanticAnalyzer: Disabling LLAP IO encode as ETL query is detected
2024-04-24T04:56:13,976  INFO [main] HiveMetaStore.audit: ugi=alex	ip=unknown-ip-addr	cmd=get_all_table_constraints : tbl=hive.default.t	
2024-04-24T04:56:13,982  INFO [main] HiveMetaStore.audit: ugi=alex	ip=unknown-ip-addr	cmd=get_not_null_constraints : tbl=hive.default.t	
2024-04-24T04:56:13,983  INFO [main] HiveMetaStore.audit: ugi=alex	ip=unknown-ip-addr	cmd=get_check_constraints : tbl=hive.default.t	
2024-04-24T04:56:14,072  INFO [main] calcite.RelOptHiveTable: Calculating column statistics for default.t, projIndxSet: [1], allowMissingStats: true
2024-04-24T04:56:14,072  INFO [main] HiveMetaStore.audit: ugi=alex	ip=unknown-ip-addr	cmd=get_table : tbl=hive.default.t	
2024-04-24T04:56:14,081  INFO [main] metastore.HMSHandler: Skipping translation for processor with null
2024-04-24T04:56:14,082  INFO [main] HiveMetaStore.audit: ugi=alex	ip=unknown-ip-addr	cmd=get_table : tbl=hive.default.t	
2024-04-24T04:56:14,091  INFO [main] metastore.HMSHandler: Skipping translation for processor with null
2024-04-24T04:56:14,091  INFO [main] HiveMetaStore.audit: ugi=alex	ip=unknown-ip-addr	cmd=get_table_statistics_req: table=hive.default.t	
2024-04-24T04:56:14,101  WARN [main] calcite.RelOptHiveTable: No Stats for default@t, Columns: b
No Stats for default@t, Columns: b
2024-04-24T04:56:14,102  INFO [main] SessionState: No Stats for default@t, Columns: b
2024-04-24T04:56:14,176  INFO [main] parse.UpdateDeleteSemanticAnalyzer: Get metadata for source tables
2024-04-24T04:56:14,176  INFO [main] parse.UpdateDeleteSemanticAnalyzer: Get metadata for subqueries
2024-04-24T04:56:14,176  INFO [main] parse.UpdateDeleteSemanticAnalyzer: Get metadata for destination tables
2024-04-24T04:56:14,177  INFO [main] HiveMetaStore.audit: ugi=alex	ip=unknown-ip-addr	cmd=get_table : tbl=hive.default.T	
2024-04-24T04:56:14,184  INFO [main] metastore.HMSHandler: Skipping translation for processor with null
2024-04-24T04:56:14,191 ERROR [main] parse.UpdateDeleteSemanticAnalyzer: CBO failed, skipping CBO. 
org.apache.hadoop.hive.ql.exec.NoMatchingMethodException: No matching method for class org.apache.hadoop.hive.ql.udf.UDFToInteger with (struct<writeid:bigint,bucketid:int,rowid:bigint>). Possible choices: _FUNC_(bigint)  _FUNC_(boolean)  _FUNC_(decimal(38,18))  _FUNC_(double)  _FUNC_(float)  _FUNC_(smallint)  _FUNC_(string)  _FUNC_(struct<bucketid:bigint,writeid:bigint,rowid:int>)  _FUNC_(timestamp)  _FUNC_(tinyint)  _FUNC_(void)  
	at org.apache.hadoop.hive.ql.exec.MethodUtils.getMethodInternal(MethodUtils.java:130) ~[classes/:?]
	at org.apache.hadoop.hive.ql.exec.MethodUtils.getMethodInternal(MethodUtils.java:60) ~[classes/:?]
	at org.apache.hadoop.hive.ql.exec.DefaultUDFMethodResolver.getEvalMethod(DefaultUDFMethodResolver.java:59) ~[classes/:?]
	at org.apache.hadoop.hive.ql.udf.TimestampCastRestrictorResolver.getEvalMethod(TimestampCastRestrictorResolver.java:68) ~[classes/:?]
	at org.apache.hadoop.hive.ql.udf.generic.GenericUDFBridge.initialize(GenericUDFBridge.java:168) ~[classes/:?]
	at org.apache.hadoop.hive.ql.udf.generic.GenericUDF.initializeAndFoldConstants(GenericUDF.java:149) ~[classes/:?]
	at org.apache.hadoop.hive.ql.plan.ExprNodeGenericFuncDesc.newInstance(ExprNodeGenericFuncDesc.java:235) ~[classes/:?]
	at org.apache.hadoop.hive.ql.parse.type.ExprNodeDescExprFactory.createFuncCallExpr(ExprNodeDescExprFactory.java:584) ~[classes/:?]
	at org.apache.hadoop.hive.ql.parse.type.ExprNodeDescExprFactory.createFuncCallExpr(ExprNodeDescExprFactory.java:97) ~[classes/:?]
	at org.apache.hadoop.hive.ql.parse.type.TypeCheckProcFactory$DefaultExprProcessor.getFuncExprNodeDescWithUdfData(TypeCheckProcFactory.java:762) ~[classes/:?]
	at org.apache.hadoop.hive.ql.parse.type.TypeCheckProcFactory$DefaultExprProcessor.createConversionCast(TypeCheckProcFactory.java:783) ~[classes/:?]
	at org.apache.hadoop.hive.ql.parse.SemanticAnalyzer.getPartitionColsFromBucketColsForUpdateDelete(SemanticAnalyzer.java:8725) ~[classes/:?]
	at org.apache.hadoop.hive.ql.parse.SemanticAnalyzer.genBucketingSortingDest(SemanticAnalyzer.java:6914) ~[classes/:?]
	at org.apache.hadoop.hive.ql.parse.SemanticAnalyzer.genFileSinkPlan(SemanticAnalyzer.java:7335) ~[classes/:?]
	at org.apache.hadoop.hive.ql.parse.SemanticAnalyzer.genPostGroupByBodyPlan(SemanticAnalyzer.java:11063) ~[classes/:?]
	at org.apache.hadoop.hive.ql.parse.SemanticAnalyzer.genBodyPlan(SemanticAnalyzer.java:10938) ~[classes/:?]
	at org.apache.hadoop.hive.ql.parse.SemanticAnalyzer.genPlan(SemanticAnalyzer.java:11853) ~[classes/:?]
	at org.apache.hadoop.hive.ql.parse.SemanticAnalyzer.genPlan(SemanticAnalyzer.java:11723) ~[classes/:?]
	at org.apache.hadoop.hive.ql.parse.CalcitePlanner.genOPTree(CalcitePlanner.java:626) ~[classes/:?]
	at org.apache.hadoop.hive.ql.parse.SemanticAnalyzer.analyzeInternal(SemanticAnalyzer.java:12558) ~[classes/:?]
	at org.apache.hadoop.hive.ql.parse.CalcitePlanner.analyzeInternal(CalcitePlanner.java:456) ~[classes/:?]
	at org.apache.hadoop.hive.ql.parse.RewriteSemanticAnalyzer.analyzeInternal(RewriteSemanticAnalyzer.java:67) ~[classes/:?]
	at org.apache.hadoop.hive.ql.parse.BaseSemanticAnalyzer.analyze(BaseSemanticAnalyzer.java:317) ~[classes/:?]
	at org.apache.hadoop.hive.ql.parse.UpdateDeleteSemanticAnalyzer.reparseAndSuperAnalyze(UpdateDeleteSemanticAnalyzer.java:208) ~[classes/:?]
	at org.apache.hadoop.hive.ql.parse.UpdateDeleteSemanticAnalyzer.analyzeUpdate(UpdateDeleteSemanticAnalyzer.java:63) ~[classes/:?]
	at org.apache.hadoop.hive.ql.parse.UpdateDeleteSemanticAnalyzer.analyze(UpdateDeleteSemanticAnalyzer.java:53) ~[classes/:?]
	at org.apache.hadoop.hive.ql.parse.RewriteSemanticAnalyzer.analyzeInternal(RewriteSemanticAnalyzer.java:72) ~[classes/:?]
	at org.apache.hadoop.hive.ql.parse.BaseSemanticAnalyzer.analyze(BaseSemanticAnalyzer.java:317) ~[classes/:?]
	at org.apache.hadoop.hive.ql.Compiler.analyze(Compiler.java:223) ~[classes/:?]
	at org.apache.hadoop.hive.ql.Compiler.compile(Compiler.java:105) ~[classes/:?]
	at org.apache.hadoop.hive.ql.Driver.compile(Driver.java:500) ~[classes/:?]
	at org.apache.hadoop.hive.ql.Driver.compileInternal(Driver.java:453) ~[classes/:?]
	at org.apache.hadoop.hive.ql.Driver.runInternal(Driver.java:181) ~[classes/:?]
	at org.apache.hadoop.hive.ql.Driver.run(Driver.java:153) ~[classes/:?]
	at org.apache.hadoop.hive.ql.Driver.run(Driver.java:140) ~[classes/:?]
	at org.apache.hadoop.hive.ql.TxnCommandsBaseForTests.runStatementOnDriver(TxnCommandsBaseForTests.java:245) ~[test-classes/:?]
	at org.apache.hadoop.hive.ql.TestTxnExIm.testImport(TestTxnExIm.java:335) ~[test-classes/:?]
	at org.apache.hadoop.hive.ql.TestTxnExIm.testImportNoTarget(TestTxnExIm.java:298) ~[test-classes/:?]
	at sun.reflect.NativeMethodAccessorImpl.invoke0(Native Method) ~[?:1.8.0_402]
	at sun.reflect.NativeMethodAccessorImpl.invoke(NativeMethodAccessorImpl.java:62) ~[?:1.8.0_402]
	at sun.reflect.DelegatingMethodAccessorImpl.invoke(DelegatingMethodAccessorImpl.java:43) ~[?:1.8.0_402]
	at java.lang.reflect.Method.invoke(Method.java:498) ~[?:1.8.0_402]
	at org.junit.runners.model.FrameworkMethod$1.runReflectiveCall(FrameworkMethod.java:59) ~[junit-4.13.jar:4.13]
	at org.junit.internal.runners.model.ReflectiveCallable.run(ReflectiveCallable.java:12) ~[junit-4.13.jar:4.13]
	at org.junit.runners.model.FrameworkMethod.invokeExplosively(FrameworkMethod.java:56) ~[junit-4.13.jar:4.13]
	at org.junit.internal.runners.statements.InvokeMethod.evaluate(InvokeMethod.java:17) ~[junit-4.13.jar:4.13]
	at org.junit.internal.runners.statements.RunBefores.evaluate(RunBefores.java:26) ~[junit-4.13.jar:4.13]
	at org.junit.internal.runners.statements.RunAfters.evaluate(RunAfters.java:27) ~[junit-4.13.jar:4.13]
	at org.junit.rules.TestWatcher$1.evaluate(TestWatcher.java:61) ~[junit-4.13.jar:4.13]
	at org.junit.runners.ParentRunner$3.evaluate(ParentRunner.java:306) ~[junit-4.13.jar:4.13]
	at org.junit.runners.BlockJUnit4ClassRunner$1.evaluate(BlockJUnit4ClassRunner.java:100) ~[junit-4.13.jar:4.13]
	at org.junit.runners.ParentRunner.runLeaf(ParentRunner.java:366) ~[junit-4.13.jar:4.13]
	at org.junit.runners.BlockJUnit4ClassRunner.runChild(BlockJUnit4ClassRunner.java:103) ~[junit-4.13.jar:4.13]
	at org.junit.runners.BlockJUnit4ClassRunner.runChild(BlockJUnit4ClassRunner.java:63) ~[junit-4.13.jar:4.13]
	at org.junit.runners.ParentRunner$4.run(ParentRunner.java:331) ~[junit-4.13.jar:4.13]
	at org.junit.runners.ParentRunner$1.schedule(ParentRunner.java:79) ~[junit-4.13.jar:4.13]
	at org.junit.runners.ParentRunner.runChildren(ParentRunner.java:329) ~[junit-4.13.jar:4.13]
	at org.junit.runners.ParentRunner.access$100(ParentRunner.java:66) ~[junit-4.13.jar:4.13]
	at org.junit.runners.ParentRunner$2.evaluate(ParentRunner.java:293) ~[junit-4.13.jar:4.13]
	at org.junit.runners.ParentRunner$3.evaluate(ParentRunner.java:306) ~[junit-4.13.jar:4.13]
	at org.junit.runners.ParentRunner.run(ParentRunner.java:413) ~[junit-4.13.jar:4.13]
	at org.junit.runner.JUnitCore.run(JUnitCore.java:137) ~[junit-4.13.jar:4.13]
	at org.junit.runner.JUnitCore.run(JUnitCore.java:115) ~[junit-4.13.jar:4.13]
	at org.junit.vintage.engine.execution.RunnerExecutor.execute(RunnerExecutor.java:43) ~[junit-vintage-engine-5.6.2.jar:5.6.2]
	at java.util.stream.ForEachOps$ForEachOp$OfRef.accept(ForEachOps.java:183) ~[?:1.8.0_402]
	at java.util.stream.ReferencePipeline$3$1.accept(ReferencePipeline.java:193) ~[?:1.8.0_402]
	at java.util.Iterator.forEachRemaining(Iterator.java:116) ~[?:1.8.0_402]
	at java.util.Spliterators$IteratorSpliterator.forEachRemaining(Spliterators.java:1801) ~[?:1.8.0_402]
	at java.util.stream.AbstractPipeline.copyInto(AbstractPipeline.java:482) ~[?:1.8.0_402]
	at java.util.stream.AbstractPipeline.wrapAndCopyInto(AbstractPipeline.java:472) ~[?:1.8.0_402]
	at java.util.stream.ForEachOps$ForEachOp.evaluateSequential(ForEachOps.java:150) ~[?:1.8.0_402]
	at java.util.stream.ForEachOps$ForEachOp$OfRef.evaluateSequential(ForEachOps.java:173) ~[?:1.8.0_402]
	at java.util.stream.AbstractPipeline.evaluate(AbstractPipeline.java:234) ~[?:1.8.0_402]
	at java.util.stream.ReferencePipeline.forEach(ReferencePipeline.java:485) ~[?:1.8.0_402]
	at org.junit.vintage.engine.VintageTestEngine.executeAllChildren(VintageTestEngine.java:82) ~[junit-vintage-engine-5.6.2.jar:5.6.2]
	at org.junit.vintage.engine.VintageTestEngine.execute(VintageTestEngine.java:73) ~[junit-vintage-engine-5.6.2.jar:5.6.2]
	at org.junit.platform.launcher.core.DefaultLauncher.execute(DefaultLauncher.java:248) ~[junit-platform-launcher-1.6.2.jar:1.6.2]
	at org.junit.platform.launcher.core.DefaultLauncher.lambda$execute$5(DefaultLauncher.java:211) ~[junit-platform-launcher-1.6.2.jar:1.6.2]
	at org.junit.platform.launcher.core.DefaultLauncher.withInterceptedStreams(DefaultLauncher.java:226) [junit-platform-launcher-1.6.2.jar:1.6.2]
	at org.junit.platform.launcher.core.DefaultLauncher.execute(DefaultLauncher.java:199) [junit-platform-launcher-1.6.2.jar:1.6.2]
	at org.junit.platform.launcher.core.DefaultLauncher.execute(DefaultLauncher.java:132) [junit-platform-launcher-1.6.2.jar:1.6.2]
	at org.apache.maven.surefire.junitplatform.JUnitPlatformProvider.invokeAllTests(JUnitPlatformProvider.java:154) [surefire-junit-platform-3.0.0-M4.jar:3.0.0-M4]
	at org.apache.maven.surefire.junitplatform.JUnitPlatformProvider.invoke(JUnitPlatformProvider.java:123) [surefire-junit-platform-3.0.0-M4.jar:3.0.0-M4]
	at org.apache.maven.surefire.booter.ForkedBooter.runSuitesInProcess(ForkedBooter.java:377) [surefire-booter-3.0.0-M4.jar:3.0.0-M4]
	at org.apache.maven.surefire.booter.ForkedBooter.execute(ForkedBooter.java:138) [surefire-booter-3.0.0-M4.jar:3.0.0-M4]
	at org.apache.maven.surefire.booter.ForkedBooter.run(ForkedBooter.java:465) [surefire-booter-3.0.0-M4.jar:3.0.0-M4]
	at org.apache.maven.surefire.booter.ForkedBooter.main(ForkedBooter.java:451) [surefire-booter-3.0.0-M4.jar:3.0.0-M4]
2024-04-24T04:56:14,192 ERROR [main] parse.UpdateDeleteSemanticAnalyzer: CBO failed due to missing column stats (see previous errors), skipping CBO
2024-04-24T04:56:14,193  INFO [main] parse.UpdateDeleteSemanticAnalyzer: Ending caching scope for: 
FAILED: NoMatchingMethodException No matching method for class org.apache.hadoop.hive.ql.udf.UDFToInteger with (struct<writeid:bigint,bucketid:int,rowid:bigint>). Possible choices: _FUNC_(bigint)  _FUNC_(boolean)  _FUNC_(decimal(38,18))  _FUNC_(double)  _FUNC_(float)  _FUNC_(smallint)  _FUNC_(string)  _FUNC_(struct<bucketid:bigint,writeid:bigint,rowid:int>)  _FUNC_(timestamp)  _FUNC_(tinyint)  _FUNC_(void)  
2024-04-24T04:56:14,194 ERROR [main] ql.Driver: FAILED: NoMatchingMethodException No matching method for class org.apache.hadoop.hive.ql.udf.UDFToInteger with (struct<writeid:bigint,bucketid:int,rowid:bigint>). Possible choices: _FUNC_(bigint)  _FUNC_(boolean)  _FUNC_(decimal(38,18))  _FUNC_(double)  _FUNC_(float)  _FUNC_(smallint)  _FUNC_(string)  _FUNC_(struct<bucketid:bigint,writeid:bigint,rowid:int>)  _FUNC_(timestamp)  _FUNC_(tinyint)  _FUNC_(void)  
org.apache.hadoop.hive.ql.exec.NoMatchingMethodException: No matching method for class org.apache.hadoop.hive.ql.udf.UDFToInteger with (struct<writeid:bigint,bucketid:int,rowid:bigint>). Possible choices: _FUNC_(bigint)  _FUNC_(boolean)  _FUNC_(decimal(38,18))  _FUNC_(double)  _FUNC_(float)  _FUNC_(smallint)  _FUNC_(string)  _FUNC_(struct<bucketid:bigint,writeid:bigint,rowid:int>)  _FUNC_(timestamp)  _FUNC_(tinyint)  _FUNC_(void)  
	at org.apache.hadoop.hive.ql.exec.MethodUtils.getMethodInternal(MethodUtils.java:130)
	at org.apache.hadoop.hive.ql.exec.MethodUtils.getMethodInternal(MethodUtils.java:60)
	at org.apache.hadoop.hive.ql.exec.DefaultUDFMethodResolver.getEvalMethod(DefaultUDFMethodResolver.java:59)
	at org.apache.hadoop.hive.ql.udf.TimestampCastRestrictorResolver.getEvalMethod(TimestampCastRestrictorResolver.java:68)
	at org.apache.hadoop.hive.ql.udf.generic.GenericUDFBridge.initialize(GenericUDFBridge.java:168)
	at org.apache.hadoop.hive.ql.udf.generic.GenericUDF.initializeAndFoldConstants(GenericUDF.java:149)
	at org.apache.hadoop.hive.ql.plan.ExprNodeGenericFuncDesc.newInstance(ExprNodeGenericFuncDesc.java:235)
	at org.apache.hadoop.hive.ql.parse.type.ExprNodeDescExprFactory.createFuncCallExpr(ExprNodeDescExprFactory.java:584)
	at org.apache.hadoop.hive.ql.parse.type.ExprNodeDescExprFactory.createFuncCallExpr(ExprNodeDescExprFactory.java:97)
	at org.apache.hadoop.hive.ql.parse.type.TypeCheckProcFactory$DefaultExprProcessor.getFuncExprNodeDescWithUdfData(TypeCheckProcFactory.java:762)
	at org.apache.hadoop.hive.ql.parse.type.TypeCheckProcFactory$DefaultExprProcessor.createConversionCast(TypeCheckProcFactory.java:783)
	at org.apache.hadoop.hive.ql.parse.SemanticAnalyzer.getPartitionColsFromBucketColsForUpdateDelete(SemanticAnalyzer.java:8725)
	at org.apache.hadoop.hive.ql.parse.SemanticAnalyzer.genBucketingSortingDest(SemanticAnalyzer.java:6914)
	at org.apache.hadoop.hive.ql.parse.SemanticAnalyzer.genFileSinkPlan(SemanticAnalyzer.java:7335)
	at org.apache.hadoop.hive.ql.parse.SemanticAnalyzer.genPostGroupByBodyPlan(SemanticAnalyzer.java:11063)
	at org.apache.hadoop.hive.ql.parse.SemanticAnalyzer.genBodyPlan(SemanticAnalyzer.java:10938)
	at org.apache.hadoop.hive.ql.parse.SemanticAnalyzer.genPlan(SemanticAnalyzer.java:11853)
	at org.apache.hadoop.hive.ql.parse.SemanticAnalyzer.genPlan(SemanticAnalyzer.java:11723)
	at org.apache.hadoop.hive.ql.parse.CalcitePlanner.genOPTree(CalcitePlanner.java:626)
	at org.apache.hadoop.hive.ql.parse.SemanticAnalyzer.analyzeInternal(SemanticAnalyzer.java:12558)
	at org.apache.hadoop.hive.ql.parse.CalcitePlanner.analyzeInternal(CalcitePlanner.java:456)
	at org.apache.hadoop.hive.ql.parse.RewriteSemanticAnalyzer.analyzeInternal(RewriteSemanticAnalyzer.java:67)
	at org.apache.hadoop.hive.ql.parse.BaseSemanticAnalyzer.analyze(BaseSemanticAnalyzer.java:317)
	at org.apache.hadoop.hive.ql.parse.UpdateDeleteSemanticAnalyzer.reparseAndSuperAnalyze(UpdateDeleteSemanticAnalyzer.java:208)
	at org.apache.hadoop.hive.ql.parse.UpdateDeleteSemanticAnalyzer.analyzeUpdate(UpdateDeleteSemanticAnalyzer.java:63)
	at org.apache.hadoop.hive.ql.parse.UpdateDeleteSemanticAnalyzer.analyze(UpdateDeleteSemanticAnalyzer.java:53)
	at org.apache.hadoop.hive.ql.parse.RewriteSemanticAnalyzer.analyzeInternal(RewriteSemanticAnalyzer.java:72)
	at org.apache.hadoop.hive.ql.parse.BaseSemanticAnalyzer.analyze(BaseSemanticAnalyzer.java:317)
	at org.apache.hadoop.hive.ql.Compiler.analyze(Compiler.java:223)
	at org.apache.hadoop.hive.ql.Compiler.compile(Compiler.java:105)
	at org.apache.hadoop.hive.ql.Driver.compile(Driver.java:500)
	at org.apache.hadoop.hive.ql.Driver.compileInternal(Driver.java:453)
	at org.apache.hadoop.hive.ql.Driver.runInternal(Driver.java:181)
	at org.apache.hadoop.hive.ql.Driver.run(Driver.java:153)
	at org.apache.hadoop.hive.ql.Driver.run(Driver.java:140)
	at org.apache.hadoop.hive.ql.TxnCommandsBaseForTests.runStatementOnDriver(TxnCommandsBaseForTests.java:245)
	at org.apache.hadoop.hive.ql.TestTxnExIm.testImport(TestTxnExIm.java:335)
	at org.apache.hadoop.hive.ql.TestTxnExIm.testImportNoTarget(TestTxnExIm.java:298)
	at sun.reflect.NativeMethodAccessorImpl.invoke0(Native Method)
	at sun.reflect.NativeMethodAccessorImpl.invoke(NativeMethodAccessorImpl.java:62)
	at sun.reflect.DelegatingMethodAccessorImpl.invoke(DelegatingMethodAccessorImpl.java:43)
	at java.lang.reflect.Method.invoke(Method.java:498)
	at org.junit.runners.model.FrameworkMethod$1.runReflectiveCall(FrameworkMethod.java:59)
	at org.junit.internal.runners.model.ReflectiveCallable.run(ReflectiveCallable.java:12)
	at org.junit.runners.model.FrameworkMethod.invokeExplosively(FrameworkMethod.java:56)
	at org.junit.internal.runners.statements.InvokeMethod.evaluate(InvokeMethod.java:17)
	at org.junit.internal.runners.statements.RunBefores.evaluate(RunBefores.java:26)
	at org.junit.internal.runners.statements.RunAfters.evaluate(RunAfters.java:27)
	at org.junit.rules.TestWatcher$1.evaluate(TestWatcher.java:61)
	at org.junit.runners.ParentRunner$3.evaluate(ParentRunner.java:306)
	at org.junit.runners.BlockJUnit4ClassRunner$1.evaluate(BlockJUnit4ClassRunner.java:100)
	at org.junit.runners.ParentRunner.runLeaf(ParentRunner.java:366)
	at org.junit.runners.BlockJUnit4ClassRunner.runChild(BlockJUnit4ClassRunner.java:103)
	at org.junit.runners.BlockJUnit4ClassRunner.runChild(BlockJUnit4ClassRunner.java:63)
	at org.junit.runners.ParentRunner$4.run(ParentRunner.java:331)
	at org.junit.runners.ParentRunner$1.schedule(ParentRunner.java:79)
	at org.junit.runners.ParentRunner.runChildren(ParentRunner.java:329)
	at org.junit.runners.ParentRunner.access$100(ParentRunner.java:66)
	at org.junit.runners.ParentRunner$2.evaluate(ParentRunner.java:293)
	at org.junit.runners.ParentRunner$3.evaluate(ParentRunner.java:306)
	at org.junit.runners.ParentRunner.run(ParentRunner.java:413)
	at org.junit.runner.JUnitCore.run(JUnitCore.java:137)
	at org.junit.runner.JUnitCore.run(JUnitCore.java:115)
	at org.junit.vintage.engine.execution.RunnerExecutor.execute(RunnerExecutor.java:43)
	at java.util.stream.ForEachOps$ForEachOp$OfRef.accept(ForEachOps.java:183)
	at java.util.stream.ReferencePipeline$3$1.accept(ReferencePipeline.java:193)
	at java.util.Iterator.forEachRemaining(Iterator.java:116)
	at java.util.Spliterators$IteratorSpliterator.forEachRemaining(Spliterators.java:1801)
	at java.util.stream.AbstractPipeline.copyInto(AbstractPipeline.java:482)
	at java.util.stream.AbstractPipeline.wrapAndCopyInto(AbstractPipeline.java:472)
	at java.util.stream.ForEachOps$ForEachOp.evaluateSequential(ForEachOps.java:150)
	at java.util.stream.ForEachOps$ForEachOp$OfRef.evaluateSequential(ForEachOps.java:173)
	at java.util.stream.AbstractPipeline.evaluate(AbstractPipeline.java:234)
	at java.util.stream.ReferencePipeline.forEach(ReferencePipeline.java:485)
	at org.junit.vintage.engine.VintageTestEngine.executeAllChildren(VintageTestEngine.java:82)
	at org.junit.vintage.engine.VintageTestEngine.execute(VintageTestEngine.java:73)
	at org.junit.platform.launcher.core.DefaultLauncher.execute(DefaultLauncher.java:248)
	at org.junit.platform.launcher.core.DefaultLauncher.lambda$execute$5(DefaultLauncher.java:211)
	at org.junit.platform.launcher.core.DefaultLauncher.withInterceptedStreams(DefaultLauncher.java:226)
	at org.junit.platform.launcher.core.DefaultLauncher.execute(DefaultLauncher.java:199)
	at org.junit.platform.launcher.core.DefaultLauncher.execute(DefaultLauncher.java:132)
	at org.apache.maven.surefire.junitplatform.JUnitPlatformProvider.invokeAllTests(JUnitPlatformProvider.java:154)
	at org.apache.maven.surefire.junitplatform.JUnitPlatformProvider.invoke(JUnitPlatformProvider.java:123)
	at org.apache.maven.surefire.booter.ForkedBooter.runSuitesInProcess(ForkedBooter.java:377)
	at org.apache.maven.surefire.booter.ForkedBooter.execute(ForkedBooter.java:138)
	at org.apache.maven.surefire.booter.ForkedBooter.run(ForkedBooter.java:465)
	at org.apache.maven.surefire.booter.ForkedBooter.main(ForkedBooter.java:451)

2024-04-24T04:56:14,195  INFO [main] metadata.Hive: Dumping metastore api call timing information for : compilation phase
2024-04-24T04:56:14,195  INFO [main] metadata.Hive: Total time spent in each metastore function (ms): {getAllTableConstraints_(AllTableConstraintsRequest)=4, openTxn_(String, TxnType)=2, flushCache_()=1, getTableColumnStatistics_(String, String, List, String)=29, getValidTxns_(long)=0, getCheckConstraints_(CheckConstraintsRequest)=1, getNotNullConstraints_(NotNullConstraintsRequest)=1, isCompatibleWith_(Configuration)=2, getTable_(GetTableRequest)=32, commitTxn_(CommitTxnRequest)=8, getValidWriteIds_(List, String)=1}
2024-04-24T04:56:14,195  INFO [main] ql.Driver: Completed compiling command(queryId=alex_20240424045613_a3ed04e3-837d-4db8-a44d-53cac656463b); Time taken: 0.264 seconds
2024-04-24T04:56:14,195  INFO [main] lockmgr.DbTxnManager: Stopped heartbeat for query: null
2024-04-24T04:56:14,199  INFO [main] txn.TxnHandler: Removed transactions: ([21]) from MIN_HISTORY_LEVEL
2024-04-24T04:56:14,206  INFO [main] ql.TxnCommandsBaseForTests: Running the query: drop table if exists acidTbl
2024-04-24T04:56:14,206  INFO [main] ql.Driver: Compiling command(queryId=alex_20240424045614_6bb6cc3d-a16a-4731-bef1-20a0c0692509): drop table if exists acidTbl
2024-04-24T04:56:14,208  INFO [main] txn.TxnHandler: Added entries to MIN_HISTORY_LEVEL for current txns: ([22]) with min_open_txn: 20
2024-04-24T04:56:14,209  INFO [main] lockmgr.DbTxnManager: Opened txnid:22
2024-04-24T04:56:14,209  INFO [main] HiveMetaStore.audit: ugi=alex	ip=unknown-ip-addr	cmd=get_table : tbl=hive.default.acidTbl	
2024-04-24T04:56:14,216  INFO [main] metastore.HMSHandler: Skipping translation for processor with null
2024-04-24T04:56:14,216  INFO [main] ql.Driver: Semantic Analysis Completed (retrial = false)
2024-04-24T04:56:14,216  INFO [main] ql.Driver: Created Hive schema: Schema(fieldSchemas:null, properties:null)
2024-04-24T04:56:14,216  INFO [main] metadata.Hive: Dumping metastore api call timing information for : compilation phase
2024-04-24T04:56:14,216  INFO [main] metadata.Hive: Total time spent in each metastore function (ms): {rollbackTxn_(long)=9, flushCache_()=0, isCompatibleWith_(Configuration)=1, getTable_(GetTableRequest)=7, getValidTxns_(long)=0, openTxn_(String, TxnType)=2}
2024-04-24T04:56:14,216  INFO [main] ql.Driver: Completed compiling command(queryId=alex_20240424045614_6bb6cc3d-a16a-4731-bef1-20a0c0692509); Time taken: 0.01 seconds
2024-04-24T04:56:14,217  INFO [main] lockmgr.DbTxnManager: Setting lock request transaction to txnid:22 for queryId=alex_20240424045614_6bb6cc3d-a16a-4731-bef1-20a0c0692509
2024-04-24T04:56:14,217  INFO [main] lockmgr.DbLockManager: Requesting lock for queryId=alex_20240424045614_6bb6cc3d-a16a-4731-bef1-20a0c0692509
2024-04-24T04:56:14,230  INFO [main] lockmgr.DbLockManager: Response to queryId=alex_20240424045614_6bb6cc3d-a16a-4731-bef1-20a0c0692509 LockResponse(lockid:14, state:ACQUIRED)
2024-04-24T04:56:14,230  INFO [main] ql.Driver: Operation DROPTABLE obtained 1 locks
2024-04-24T04:56:14,230  INFO [main] ql.Driver: Executing command(queryId=alex_20240424045614_6bb6cc3d-a16a-4731-bef1-20a0c0692509): drop table if exists acidTbl
2024-04-24T04:56:14,230  INFO [main] ql.Driver: Starting task [Stage-0:DDL] in serial mode
2024-04-24T04:56:14,230  INFO [main] HiveMetaStore.audit: ugi=alex	ip=unknown-ip-addr	cmd=get_table : tbl=hive.default.acidTbl	
2024-04-24T04:56:14,237  INFO [main] metastore.HMSHandler: Skipping translation for processor with null
2024-04-24T04:56:14,237  INFO [main] HiveMetaStore.audit: ugi=alex	ip=unknown-ip-addr	cmd=get_table : tbl=hive.default.acidTbl	
2024-04-24T04:56:14,243  INFO [main] metastore.HMSHandler: Skipping translation for processor with null
2024-04-24T04:56:14,244  INFO [main] HiveMetaStore.audit: ugi=alex	ip=unknown-ip-addr	cmd=drop_table : tbl=hive.default.acidTbl	
2024-04-24T04:56:14,344  INFO [main] metadata.Hive: Dumping metastore api call timing information for : execution phase
2024-04-24T04:56:14,344  INFO [main] metadata.Hive: Total time spent in each metastore function (ms): {isCompatibleWith_(Configuration)=0, getTable_(GetTableRequest)=7, dropTable_(String, String, boolean, boolean, boolean)=106}
2024-04-24T04:56:14,344  INFO [main] ql.Driver: Completed executing command(queryId=alex_20240424045614_6bb6cc3d-a16a-4731-bef1-20a0c0692509); Time taken: 0.114 seconds
2024-04-24T04:56:14,344  INFO [main] lockmgr.DbTxnManager: Stopped heartbeat for query: alex_20240424045614_6bb6cc3d-a16a-4731-bef1-20a0c0692509
2024-04-24T04:56:14,348  INFO [main] txn.TxnHandler: Expected to move at least one record from txn_components to completed_txn_components when committing txn! txnid:22
2024-04-24T04:56:14,354  INFO [main] txn.TxnHandler: Removed transactions: ([22]) from MIN_HISTORY_LEVEL
2024-04-24T04:56:14,355  WARN [main] txn.CompactionTxnHandler: No compaction queue record found for Compaction type transaction commit. txnId:22
2024-04-24T04:56:14,355  INFO [main] ql.TxnCommandsBaseForTests: Running the query: drop table if exists acidTblPart
2024-04-24T04:56:14,355  INFO [main] ql.Driver: Compiling command(queryId=alex_20240424045614_4694eb95-d275-4847-8ef4-aadd3a9f1475): drop table if exists acidTblPart
2024-04-24T04:56:14,357  INFO [main] txn.TxnHandler: Added entries to MIN_HISTORY_LEVEL for current txns: ([23]) with min_open_txn: 20
2024-04-24T04:56:14,358  INFO [main] lockmgr.DbTxnManager: Opened txnid:23
2024-04-24T04:56:14,360  INFO [main] HiveMetaStore.audit: ugi=alex	ip=unknown-ip-addr	cmd=get_table : tbl=hive.default.acidTblPart	
2024-04-24T04:56:14,366  INFO [main] metastore.HMSHandler: Skipping translation for processor with null
2024-04-24T04:56:14,366  INFO [main] ql.Driver: Semantic Analysis Completed (retrial = false)
2024-04-24T04:56:14,366  INFO [main] ql.Driver: Created Hive schema: Schema(fieldSchemas:null, properties:null)
2024-04-24T04:56:14,366  INFO [main] metadata.Hive: Dumping metastore api call timing information for : compilation phase
2024-04-24T04:56:14,366  INFO [main] metadata.Hive: Total time spent in each metastore function (ms): {flushCache_()=0, getTable_(GetTableRequest)=6, commitTxn_(CommitTxnRequest)=11, openTxn_(String, TxnType)=2, getValidTxns_(long)=1, isCompatibleWith_(Configuration)=0}
2024-04-24T04:56:14,366  INFO [main] ql.Driver: Completed compiling command(queryId=alex_20240424045614_4694eb95-d275-4847-8ef4-aadd3a9f1475); Time taken: 0.011 seconds
2024-04-24T04:56:14,367  INFO [main] lockmgr.DbTxnManager: Setting lock request transaction to txnid:23 for queryId=alex_20240424045614_4694eb95-d275-4847-8ef4-aadd3a9f1475
2024-04-24T04:56:14,367  INFO [main] lockmgr.DbLockManager: Requesting lock for queryId=alex_20240424045614_4694eb95-d275-4847-8ef4-aadd3a9f1475
2024-04-24T04:56:14,379  INFO [main] lockmgr.DbLockManager: Response to queryId=alex_20240424045614_4694eb95-d275-4847-8ef4-aadd3a9f1475 LockResponse(lockid:15, state:ACQUIRED)
2024-04-24T04:56:14,379  INFO [main] ql.Driver: Operation DROPTABLE obtained 1 locks
2024-04-24T04:56:14,379  INFO [main] ql.Driver: Executing command(queryId=alex_20240424045614_4694eb95-d275-4847-8ef4-aadd3a9f1475): drop table if exists acidTblPart
2024-04-24T04:56:14,379  INFO [main] ql.Driver: Starting task [Stage-0:DDL] in serial mode
2024-04-24T04:56:14,379  INFO [main] HiveMetaStore.audit: ugi=alex	ip=unknown-ip-addr	cmd=get_table : tbl=hive.default.acidTblPart	
2024-04-24T04:56:14,385  INFO [main] metastore.HMSHandler: Skipping translation for processor with null
2024-04-24T04:56:14,385  INFO [main] HiveMetaStore.audit: ugi=alex	ip=unknown-ip-addr	cmd=get_table : tbl=hive.default.acidTblPart	
2024-04-24T04:56:14,391  INFO [main] metastore.HMSHandler: Skipping translation for processor with null
2024-04-24T04:56:14,391  INFO [main] HiveMetaStore.audit: ugi=alex	ip=unknown-ip-addr	cmd=drop_table : tbl=hive.default.acidTblPart	
2024-04-24T04:56:14,427  INFO [main] metadata.Hive: Dumping metastore api call timing information for : execution phase
2024-04-24T04:56:14,427  INFO [main] metadata.Hive: Total time spent in each metastore function (ms): {dropTable_(String, String, boolean, boolean, boolean)=42, getTable_(GetTableRequest)=6, isCompatibleWith_(Configuration)=0}
2024-04-24T04:56:14,428  INFO [main] ql.Driver: Completed executing command(queryId=alex_20240424045614_4694eb95-d275-4847-8ef4-aadd3a9f1475); Time taken: 0.048 seconds
2024-04-24T04:56:14,428  INFO [main] lockmgr.DbTxnManager: Stopped heartbeat for query: alex_20240424045614_4694eb95-d275-4847-8ef4-aadd3a9f1475
2024-04-24T04:56:14,431  INFO [main] txn.TxnHandler: Expected to move at least one record from txn_components to completed_txn_components when committing txn! txnid:23
2024-04-24T04:56:14,435  INFO [main] txn.TxnHandler: Removed transactions: ([23]) from MIN_HISTORY_LEVEL
2024-04-24T04:56:14,435  WARN [main] txn.CompactionTxnHandler: No compaction queue record found for Compaction type transaction commit. txnId:23
2024-04-24T04:56:14,436  INFO [main] ql.TxnCommandsBaseForTests: Running the query: drop table if exists acidTbl2
2024-04-24T04:56:14,436  INFO [main] ql.Driver: Compiling command(queryId=alex_20240424045614_b835d991-c55f-4fd4-9d31-941a473e3b6b): drop table if exists acidTbl2
2024-04-24T04:56:14,438  INFO [main] txn.TxnHandler: Added entries to MIN_HISTORY_LEVEL for current txns: ([24]) with min_open_txn: 20
2024-04-24T04:56:14,438  INFO [main] lockmgr.DbTxnManager: Opened txnid:24
2024-04-24T04:56:14,439  INFO [main] ql.Driver: Semantic Analysis Completed (retrial = false)
2024-04-24T04:56:14,439  INFO [main] ql.Driver: Created Hive schema: Schema(fieldSchemas:null, properties:null)
2024-04-24T04:56:14,439  INFO [main] metadata.Hive: Dumping metastore api call timing information for : compilation phase
2024-04-24T04:56:14,439  INFO [main] metadata.Hive: Total time spent in each metastore function (ms): {getTable_(GetTableRequest)=0, isCompatibleWith_(Configuration)=1, getValidTxns_(long)=1, commitTxn_(CommitTxnRequest)=8, flushCache_()=0, openTxn_(String, TxnType)=1}
2024-04-24T04:56:14,439  INFO [main] ql.Driver: Completed compiling command(queryId=alex_20240424045614_b835d991-c55f-4fd4-9d31-941a473e3b6b); Time taken: 0.003 seconds
2024-04-24T04:56:14,440  INFO [main] lockmgr.DbTxnManager: Setting lock request transaction to txnid:24 for queryId=alex_20240424045614_b835d991-c55f-4fd4-9d31-941a473e3b6b
2024-04-24T04:56:14,440  INFO [main] ql.Driver: Operation DROPTABLE obtained 0 locks
2024-04-24T04:56:14,440  INFO [main] ql.Driver: Executing command(queryId=alex_20240424045614_b835d991-c55f-4fd4-9d31-941a473e3b6b): drop table if exists acidTbl2
2024-04-24T04:56:14,440  INFO [main] ql.Driver: Starting task [Stage-0:DDL] in serial mode
2024-04-24T04:56:14,440  INFO [main] metadata.SessionHiveMetaStoreClient: Column stats doesn't exist for db=default temp table=acidTbl2
2024-04-24T04:56:14,441  INFO [main] metadata.Hive: Dumping metastore api call timing information for : execution phase
2024-04-24T04:56:14,441  INFO [main] metadata.Hive: Total time spent in each metastore function (ms): {getTable_(GetTableRequest)=0, dropTable_(String, String, boolean, boolean, boolean)=0, isCompatibleWith_(Configuration)=0}
2024-04-24T04:56:14,441  INFO [main] ql.Driver: Completed executing command(queryId=alex_20240424045614_b835d991-c55f-4fd4-9d31-941a473e3b6b); Time taken: 0.001 seconds
2024-04-24T04:56:14,441  INFO [main] lockmgr.DbTxnManager: Stopped heartbeat for query: alex_20240424045614_b835d991-c55f-4fd4-9d31-941a473e3b6b
2024-04-24T04:56:14,445  INFO [main] txn.TxnHandler: Expected to move at least one record from txn_components to completed_txn_components when committing txn! txnid:24
2024-04-24T04:56:14,449  INFO [main] txn.TxnHandler: Removed transactions: ([24]) from MIN_HISTORY_LEVEL
2024-04-24T04:56:14,449  WARN [main] txn.CompactionTxnHandler: No compaction queue record found for Compaction type transaction commit. txnId:24
2024-04-24T04:56:14,450  INFO [main] ql.TxnCommandsBaseForTests: Running the query: drop table if exists nonAcidOrcTbl
2024-04-24T04:56:14,450  INFO [main] ql.Driver: Compiling command(queryId=alex_20240424045614_0ed1f9eb-3594-462f-8bd2-b20ffe957632): drop table if exists nonAcidOrcTbl
2024-04-24T04:56:14,452  INFO [main] txn.TxnHandler: Added entries to MIN_HISTORY_LEVEL for current txns: ([25]) with min_open_txn: 20
2024-04-24T04:56:14,452  INFO [main] lockmgr.DbTxnManager: Opened txnid:25
2024-04-24T04:56:14,453  INFO [main] HiveMetaStore.audit: ugi=alex	ip=unknown-ip-addr	cmd=get_table : tbl=hive.default.nonAcidOrcTbl	
2024-04-24T04:56:14,470  INFO [main] metastore.HMSHandler: Skipping translation for processor with null
2024-04-24T04:56:14,470  INFO [main] ql.Driver: Semantic Analysis Completed (retrial = false)
2024-04-24T04:56:14,471  INFO [main] ql.Driver: Created Hive schema: Schema(fieldSchemas:null, properties:null)
2024-04-24T04:56:14,471  INFO [main] metadata.Hive: Dumping metastore api call timing information for : compilation phase
2024-04-24T04:56:14,471  INFO [main] metadata.Hive: Total time spent in each metastore function (ms): {getTable_(GetTableRequest)=17, commitTxn_(CommitTxnRequest)=8, isCompatibleWith_(Configuration)=0, openTxn_(String, TxnType)=2, flushCache_()=0, getValidTxns_(long)=1}
2024-04-24T04:56:14,471  INFO [main] ql.Driver: Completed compiling command(queryId=alex_20240424045614_0ed1f9eb-3594-462f-8bd2-b20ffe957632); Time taken: 0.021 seconds
2024-04-24T04:56:14,471  INFO [main] lockmgr.DbTxnManager: Setting lock request transaction to txnid:25 for queryId=alex_20240424045614_0ed1f9eb-3594-462f-8bd2-b20ffe957632
2024-04-24T04:56:14,472  INFO [main] lockmgr.DbLockManager: Requesting lock for queryId=alex_20240424045614_0ed1f9eb-3594-462f-8bd2-b20ffe957632
2024-04-24T04:56:14,487  INFO [main] lockmgr.DbLockManager: Response to queryId=alex_20240424045614_0ed1f9eb-3594-462f-8bd2-b20ffe957632 LockResponse(lockid:16, state:ACQUIRED)
2024-04-24T04:56:14,487  INFO [main] ql.Driver: Operation DROPTABLE obtained 1 locks
2024-04-24T04:56:14,487  INFO [main] ql.Driver: Executing command(queryId=alex_20240424045614_0ed1f9eb-3594-462f-8bd2-b20ffe957632): drop table if exists nonAcidOrcTbl
2024-04-24T04:56:14,488  INFO [main] ql.Driver: Starting task [Stage-0:DDL] in serial mode
2024-04-24T04:56:14,488  INFO [main] HiveMetaStore.audit: ugi=alex	ip=unknown-ip-addr	cmd=get_table : tbl=hive.default.nonAcidOrcTbl	
2024-04-24T04:56:14,497  INFO [main] metastore.HMSHandler: Skipping translation for processor with null
2024-04-24T04:56:14,497  INFO [main] HiveMetaStore.audit: ugi=alex	ip=unknown-ip-addr	cmd=get_table : tbl=hive.default.nonAcidOrcTbl	
2024-04-24T04:56:14,506  INFO [main] metastore.HMSHandler: Skipping translation for processor with null
2024-04-24T04:56:14,506  INFO [main] HiveMetaStore.audit: ugi=alex	ip=unknown-ip-addr	cmd=drop_table : tbl=hive.default.nonAcidOrcTbl	
2024-04-24T04:56:14,561  INFO [main] metadata.Hive: Dumping metastore api call timing information for : execution phase
2024-04-24T04:56:14,561  INFO [main] metadata.Hive: Total time spent in each metastore function (ms): {dropTable_(String, String, boolean, boolean, boolean)=64, isCompatibleWith_(Configuration)=0, getTable_(GetTableRequest)=9}
2024-04-24T04:56:14,561  INFO [main] ql.Driver: Completed executing command(queryId=alex_20240424045614_0ed1f9eb-3594-462f-8bd2-b20ffe957632); Time taken: 0.074 seconds
2024-04-24T04:56:14,561  INFO [main] lockmgr.DbTxnManager: Stopped heartbeat for query: alex_20240424045614_0ed1f9eb-3594-462f-8bd2-b20ffe957632
2024-04-24T04:56:14,565  INFO [main] txn.TxnHandler: Expected to move at least one record from txn_components to completed_txn_components when committing txn! txnid:25
2024-04-24T04:56:14,571  INFO [main] txn.TxnHandler: Removed transactions: ([25]) from MIN_HISTORY_LEVEL
2024-04-24T04:56:14,571  WARN [main] txn.CompactionTxnHandler: No compaction queue record found for Compaction type transaction commit. txnId:25
2024-04-24T04:56:14,572  INFO [main] ql.TxnCommandsBaseForTests: Running the query: drop table if exists nonAcidOrcTbl2
2024-04-24T04:56:14,572  INFO [main] ql.Driver: Compiling command(queryId=alex_20240424045614_d842ca81-524d-47b3-95b1-28da8b7aec2b): drop table if exists nonAcidOrcTbl2
2024-04-24T04:56:14,575  INFO [main] txn.TxnHandler: Added entries to MIN_HISTORY_LEVEL for current txns: ([26]) with min_open_txn: 20
2024-04-24T04:56:14,576  INFO [main] lockmgr.DbTxnManager: Opened txnid:26
2024-04-24T04:56:14,576  INFO [main] HiveMetaStore.audit: ugi=alex	ip=unknown-ip-addr	cmd=get_table : tbl=hive.default.nonAcidOrcTbl2	
2024-04-24T04:56:14,587  INFO [main] metastore.HMSHandler: Skipping translation for processor with null
2024-04-24T04:56:14,587  INFO [main] ql.Driver: Semantic Analysis Completed (retrial = false)
2024-04-24T04:56:14,587  INFO [main] ql.Driver: Created Hive schema: Schema(fieldSchemas:null, properties:null)
2024-04-24T04:56:14,587  INFO [main] metadata.Hive: Dumping metastore api call timing information for : compilation phase
2024-04-24T04:56:14,587  INFO [main] metadata.Hive: Total time spent in each metastore function (ms): {isCompatibleWith_(Configuration)=0, commitTxn_(CommitTxnRequest)=11, flushCache_()=0, getValidTxns_(long)=0, getTable_(GetTableRequest)=11, openTxn_(String, TxnType)=3}
2024-04-24T04:56:14,587  INFO [main] ql.Driver: Completed compiling command(queryId=alex_20240424045614_d842ca81-524d-47b3-95b1-28da8b7aec2b); Time taken: 0.015 seconds
2024-04-24T04:56:14,588  INFO [main] lockmgr.DbTxnManager: Setting lock request transaction to txnid:26 for queryId=alex_20240424045614_d842ca81-524d-47b3-95b1-28da8b7aec2b
2024-04-24T04:56:14,588  INFO [main] lockmgr.DbLockManager: Requesting lock for queryId=alex_20240424045614_d842ca81-524d-47b3-95b1-28da8b7aec2b
2024-04-24T04:56:14,601  INFO [main] lockmgr.DbLockManager: Response to queryId=alex_20240424045614_d842ca81-524d-47b3-95b1-28da8b7aec2b LockResponse(lockid:17, state:ACQUIRED)
2024-04-24T04:56:14,601  INFO [main] ql.Driver: Operation DROPTABLE obtained 1 locks
2024-04-24T04:56:14,601  INFO [main] ql.Driver: Executing command(queryId=alex_20240424045614_d842ca81-524d-47b3-95b1-28da8b7aec2b): drop table if exists nonAcidOrcTbl2
2024-04-24T04:56:14,602  INFO [main] ql.Driver: Starting task [Stage-0:DDL] in serial mode
2024-04-24T04:56:14,602  INFO [main] HiveMetaStore.audit: ugi=alex	ip=unknown-ip-addr	cmd=get_table : tbl=hive.default.nonAcidOrcTbl2	
2024-04-24T04:56:14,612  INFO [main] metastore.HMSHandler: Skipping translation for processor with null
2024-04-24T04:56:14,612  INFO [main] HiveMetaStore.audit: ugi=alex	ip=unknown-ip-addr	cmd=get_table : tbl=hive.default.nonAcidOrcTbl2	
2024-04-24T04:56:14,622  INFO [main] metastore.HMSHandler: Skipping translation for processor with null
2024-04-24T04:56:14,622  INFO [main] HiveMetaStore.audit: ugi=alex	ip=unknown-ip-addr	cmd=drop_table : tbl=hive.default.nonAcidOrcTbl2	
2024-04-24T04:56:14,653  INFO [main] metadata.Hive: Dumping metastore api call timing information for : execution phase
2024-04-24T04:56:14,653  INFO [main] metadata.Hive: Total time spent in each metastore function (ms): {getTable_(GetTableRequest)=10, isCompatibleWith_(Configuration)=0, dropTable_(String, String, boolean, boolean, boolean)=41}
2024-04-24T04:56:14,654  INFO [main] ql.Driver: Completed executing command(queryId=alex_20240424045614_d842ca81-524d-47b3-95b1-28da8b7aec2b); Time taken: 0.052 seconds
2024-04-24T04:56:14,654  INFO [main] lockmgr.DbTxnManager: Stopped heartbeat for query: alex_20240424045614_d842ca81-524d-47b3-95b1-28da8b7aec2b
2024-04-24T04:56:14,657  INFO [main] txn.TxnHandler: Expected to move at least one record from txn_components to completed_txn_components when committing txn! txnid:26
2024-04-24T04:56:14,662  INFO [main] txn.TxnHandler: Removed transactions: ([26]) from MIN_HISTORY_LEVEL
2024-04-24T04:56:14,662  WARN [main] txn.CompactionTxnHandler: No compaction queue record found for Compaction type transaction commit. txnId:26
2024-04-24T04:56:14,663  INFO [main] ql.TxnCommandsBaseForTests: Running the query: drop table if exists nonAcidNonBucket
2024-04-24T04:56:14,663  INFO [main] ql.Driver: Compiling command(queryId=alex_20240424045614_6a227d59-d921-49ae-8328-1849a670b128): drop table if exists nonAcidNonBucket
2024-04-24T04:56:14,665  INFO [main] txn.TxnHandler: Added entries to MIN_HISTORY_LEVEL for current txns: ([27]) with min_open_txn: 20
2024-04-24T04:56:14,666  INFO [main] lockmgr.DbTxnManager: Opened txnid:27
2024-04-24T04:56:14,666  INFO [main] HiveMetaStore.audit: ugi=alex	ip=unknown-ip-addr	cmd=get_table : tbl=hive.default.nonAcidNonBucket	
2024-04-24T04:56:14,675  INFO [main] metastore.HMSHandler: Skipping translation for processor with null
2024-04-24T04:56:14,675  INFO [main] ql.Driver: Semantic Analysis Completed (retrial = false)
2024-04-24T04:56:14,675  INFO [main] ql.Driver: Created Hive schema: Schema(fieldSchemas:null, properties:null)
2024-04-24T04:56:14,675  INFO [main] metadata.Hive: Dumping metastore api call timing information for : compilation phase
2024-04-24T04:56:14,675  INFO [main] metadata.Hive: Total time spent in each metastore function (ms): {isCompatibleWith_(Configuration)=0, flushCache_()=0, getTable_(GetTableRequest)=9, getValidTxns_(long)=0, openTxn_(String, TxnType)=2, commitTxn_(CommitTxnRequest)=9}
2024-04-24T04:56:14,676  INFO [main] ql.Driver: Completed compiling command(queryId=alex_20240424045614_6a227d59-d921-49ae-8328-1849a670b128); Time taken: 0.012 seconds
2024-04-24T04:56:14,676  INFO [main] lockmgr.DbTxnManager: Setting lock request transaction to txnid:27 for queryId=alex_20240424045614_6a227d59-d921-49ae-8328-1849a670b128
2024-04-24T04:56:14,676  INFO [main] lockmgr.DbLockManager: Requesting lock for queryId=alex_20240424045614_6a227d59-d921-49ae-8328-1849a670b128
2024-04-24T04:56:14,691  INFO [main] lockmgr.DbLockManager: Response to queryId=alex_20240424045614_6a227d59-d921-49ae-8328-1849a670b128 LockResponse(lockid:18, state:ACQUIRED)
2024-04-24T04:56:14,691  INFO [main] ql.Driver: Operation DROPTABLE obtained 1 locks
2024-04-24T04:56:14,691  INFO [main] ql.Driver: Executing command(queryId=alex_20240424045614_6a227d59-d921-49ae-8328-1849a670b128): drop table if exists nonAcidNonBucket
2024-04-24T04:56:14,691  INFO [main] ql.Driver: Starting task [Stage-0:DDL] in serial mode
2024-04-24T04:56:14,691  INFO [main] HiveMetaStore.audit: ugi=alex	ip=unknown-ip-addr	cmd=get_table : tbl=hive.default.nonAcidNonBucket	
2024-04-24T04:56:14,701  INFO [main] metastore.HMSHandler: Skipping translation for processor with null
2024-04-24T04:56:14,701  INFO [main] HiveMetaStore.audit: ugi=alex	ip=unknown-ip-addr	cmd=get_table : tbl=hive.default.nonAcidNonBucket	
2024-04-24T04:56:14,711  INFO [main] metastore.HMSHandler: Skipping translation for processor with null
2024-04-24T04:56:14,711  INFO [main] HiveMetaStore.audit: ugi=alex	ip=unknown-ip-addr	cmd=drop_table : tbl=hive.default.nonAcidNonBucket	
2024-04-24T04:56:14,746  INFO [main] metadata.Hive: Dumping metastore api call timing information for : execution phase
2024-04-24T04:56:14,746  INFO [main] metadata.Hive: Total time spent in each metastore function (ms): {dropTable_(String, String, boolean, boolean, boolean)=45, isCompatibleWith_(Configuration)=0, getTable_(GetTableRequest)=10}
2024-04-24T04:56:14,747  INFO [main] ql.Driver: Completed executing command(queryId=alex_20240424045614_6a227d59-d921-49ae-8328-1849a670b128); Time taken: 0.055 seconds
2024-04-24T04:56:14,747  INFO [main] lockmgr.DbTxnManager: Stopped heartbeat for query: alex_20240424045614_6a227d59-d921-49ae-8328-1849a670b128
2024-04-24T04:56:14,750  INFO [main] txn.TxnHandler: Expected to move at least one record from txn_components to completed_txn_components when committing txn! txnid:27
2024-04-24T04:56:14,757  INFO [main] txn.TxnHandler: Removed transactions: ([27]) from MIN_HISTORY_LEVEL
2024-04-24T04:56:14,757  WARN [main] txn.CompactionTxnHandler: No compaction queue record found for Compaction type transaction commit. txnId:27
2024-04-24T04:56:14,757  INFO [main] utils.TestTxnDbUtil: Cleaning transactional tables
]]></system-err>
  </testcase>
  <testcase name="testExportDefaultDb" classname="org.apache.hadoop.hive.ql.TestTxnExIm" time="7.889"/>
  <testcase name="testImportOrc" classname="org.apache.hadoop.hive.ql.TestTxnExIm" time="5.957"/>
  <testcase name="testImportVectorized" classname="org.apache.hadoop.hive.ql.TestTxnExIm" time="7.625">
    <error type="java.lang.RuntimeException"><![CDATA[java.lang.RuntimeException: update T set a = 0 where b = 6 failed: (responseCode = 2, errorMessage = FAILED: Execution Error, return code 2 from org.apache.hadoop.hive.ql.exec.mr.MapRedTask, SQLState = 08S01)
	at org.apache.hadoop.hive.ql.TxnCommandsBaseForTests.runStatementOnDriver(TxnCommandsBaseForTests.java:247)
	at org.apache.hadoop.hive.ql.TestTxnExIm.testImport(TestTxnExIm.java:335)
	at org.apache.hadoop.hive.ql.TestTxnExIm.testImportVectorized(TestTxnExIm.java:291)
	at sun.reflect.NativeMethodAccessorImpl.invoke0(Native Method)
	at sun.reflect.NativeMethodAccessorImpl.invoke(NativeMethodAccessorImpl.java:62)
	at sun.reflect.DelegatingMethodAccessorImpl.invoke(DelegatingMethodAccessorImpl.java:43)
	at java.lang.reflect.Method.invoke(Method.java:498)
	at org.junit.runners.model.FrameworkMethod$1.runReflectiveCall(FrameworkMethod.java:59)
	at org.junit.internal.runners.model.ReflectiveCallable.run(ReflectiveCallable.java:12)
	at org.junit.runners.model.FrameworkMethod.invokeExplosively(FrameworkMethod.java:56)
	at org.junit.internal.runners.statements.InvokeMethod.evaluate(InvokeMethod.java:17)
	at org.junit.internal.runners.statements.RunBefores.evaluate(RunBefores.java:26)
	at org.junit.internal.runners.statements.RunAfters.evaluate(RunAfters.java:27)
	at org.junit.rules.TestWatcher$1.evaluate(TestWatcher.java:61)
	at org.junit.runners.ParentRunner$3.evaluate(ParentRunner.java:306)
	at org.junit.runners.BlockJUnit4ClassRunner$1.evaluate(BlockJUnit4ClassRunner.java:100)
	at org.junit.runners.ParentRunner.runLeaf(ParentRunner.java:366)
	at org.junit.runners.BlockJUnit4ClassRunner.runChild(BlockJUnit4ClassRunner.java:103)
	at org.junit.runners.BlockJUnit4ClassRunner.runChild(BlockJUnit4ClassRunner.java:63)
	at org.junit.runners.ParentRunner$4.run(ParentRunner.java:331)
	at org.junit.runners.ParentRunner$1.schedule(ParentRunner.java:79)
	at org.junit.runners.ParentRunner.runChildren(ParentRunner.java:329)
	at org.junit.runners.ParentRunner.access$100(ParentRunner.java:66)
	at org.junit.runners.ParentRunner$2.evaluate(ParentRunner.java:293)
	at org.junit.runners.ParentRunner$3.evaluate(ParentRunner.java:306)
	at org.junit.runners.ParentRunner.run(ParentRunner.java:413)
	at org.junit.runner.JUnitCore.run(JUnitCore.java:137)
	at org.junit.runner.JUnitCore.run(JUnitCore.java:115)
	at org.junit.vintage.engine.execution.RunnerExecutor.execute(RunnerExecutor.java:43)
	at java.util.stream.ForEachOps$ForEachOp$OfRef.accept(ForEachOps.java:183)
	at java.util.stream.ReferencePipeline$3$1.accept(ReferencePipeline.java:193)
	at java.util.Iterator.forEachRemaining(Iterator.java:116)
	at java.util.Spliterators$IteratorSpliterator.forEachRemaining(Spliterators.java:1801)
	at java.util.stream.AbstractPipeline.copyInto(AbstractPipeline.java:482)
	at java.util.stream.AbstractPipeline.wrapAndCopyInto(AbstractPipeline.java:472)
	at java.util.stream.ForEachOps$ForEachOp.evaluateSequential(ForEachOps.java:150)
	at java.util.stream.ForEachOps$ForEachOp$OfRef.evaluateSequential(ForEachOps.java:173)
	at java.util.stream.AbstractPipeline.evaluate(AbstractPipeline.java:234)
	at java.util.stream.ReferencePipeline.forEach(ReferencePipeline.java:485)
	at org.junit.vintage.engine.VintageTestEngine.executeAllChildren(VintageTestEngine.java:82)
	at org.junit.vintage.engine.VintageTestEngine.execute(VintageTestEngine.java:73)
	at org.junit.platform.launcher.core.DefaultLauncher.execute(DefaultLauncher.java:248)
	at org.junit.platform.launcher.core.DefaultLauncher.lambda$execute$5(DefaultLauncher.java:211)
	at org.junit.platform.launcher.core.DefaultLauncher.withInterceptedStreams(DefaultLauncher.java:226)
	at org.junit.platform.launcher.core.DefaultLauncher.execute(DefaultLauncher.java:199)
	at org.junit.platform.launcher.core.DefaultLauncher.execute(DefaultLauncher.java:132)
	at org.apache.maven.surefire.junitplatform.JUnitPlatformProvider.invokeAllTests(JUnitPlatformProvider.java:154)
	at org.apache.maven.surefire.junitplatform.JUnitPlatformProvider.invoke(JUnitPlatformProvider.java:123)
	at org.apache.maven.surefire.booter.ForkedBooter.runSuitesInProcess(ForkedBooter.java:377)
	at org.apache.maven.surefire.booter.ForkedBooter.execute(ForkedBooter.java:138)
	at org.apache.maven.surefire.booter.ForkedBooter.run(ForkedBooter.java:465)
	at org.apache.maven.surefire.booter.ForkedBooter.main(ForkedBooter.java:451)
]]></error>
    <system-err><![CDATA[2024-04-24T04:56:28,674  WARN [main] conf.HiveConf: HiveConf of name hive.dummyparam.test.server.specific.config.hivesite does not exist
2024-04-24T04:56:28,674  WARN [main] conf.HiveConf: HiveConf of name hive.metastore.client.cache.maxSize does not exist
2024-04-24T04:56:28,674  WARN [main] conf.HiveConf: HiveConf of name hive.llap.io.cache.orc.size does not exist
2024-04-24T04:56:28,674  WARN [main] conf.HiveConf: HiveConf of name hive.llap.io.cache.orc.alloc.max does not exist
2024-04-24T04:56:28,674  WARN [main] conf.HiveConf: HiveConf of name hive.dummyparam.test.server.specific.config.override does not exist
2024-04-24T04:56:28,674  WARN [main] conf.HiveConf: HiveConf of name hive.metastore.metadb.dir does not exist
2024-04-24T04:56:28,674  WARN [main] conf.HiveConf: HiveConf of name hive.dummyparam.test.server.specific.config.metastoresite does not exist
2024-04-24T04:56:28,674  WARN [main] conf.HiveConf: HiveConf of name hive.stats.key.prefix.reserve.length does not exist
2024-04-24T04:56:28,674  WARN [main] conf.HiveConf: HiveConf of name hive.llap.io.cache.orc.arena.size does not exist
2024-04-24T04:56:28,674  WARN [main] conf.HiveConf: HiveConf of name hive.llap.io.cache.orc.alloc.min does not exist
2024-04-24T04:56:28,674  WARN [main] conf.HiveConf: HiveConf of name hive.metastore.client.cache.recordStats does not exist
2024-04-24T04:56:28,676  INFO [main] utils.TestTxnDbUtil: Creating transactional tables
Hive Session ID = 56e08b2e-de69-4589-b547-68b079721dec
2024-04-24T04:56:28,678  INFO [main] SessionState: Hive Session ID = 56e08b2e-de69-4589-b547-68b079721dec
ivysettings.xml file not found in HIVE_HOME or HIVE_CONF_DIR,/home/alex/Repositories/hive/conf/ivysettings.xml will be used
2024-04-24T04:56:28,679  INFO [main] DependencyResolver: ivysettings.xml file not found in HIVE_HOME or HIVE_CONF_DIR,/home/alex/Repositories/hive/conf/ivysettings.xml will be used
2024-04-24T04:56:28,684  INFO [main] session.SessionState: Created HDFS directory: /home/alex/Repositories/hive/ql/target/tmp/scratchdir/alex/56e08b2e-de69-4589-b547-68b079721dec
2024-04-24T04:56:28,686  INFO [main] session.SessionState: Created local directory: /home/alex/Repositories/hive/ql/target/tmp/localscratchdir/56e08b2e-de69-4589-b547-68b079721dec
2024-04-24T04:56:28,689  INFO [main] session.SessionState: Created HDFS directory: /home/alex/Repositories/hive/ql/target/tmp/scratchdir/alex/56e08b2e-de69-4589-b547-68b079721dec/_tmp_space.db
2024-04-24T04:56:28,689  INFO [main] sqlstd.SQLStdHiveAccessController: Created SQLStdHiveAccessController for session context : HiveAuthzSessionContext [sessionString=56e08b2e-de69-4589-b547-68b079721dec, clientType=HIVECLI]
2024-04-24T04:56:28,689  INFO [main] ql.TxnCommandsBaseForTests: Running the query: drop table if exists acidTbl
2024-04-24T04:56:28,689  INFO [main] ql.Driver: Compiling command(queryId=alex_20240424045628_5f116b02-d196-4853-aaf7-333cd6220c4f): drop table if exists acidTbl
2024-04-24T04:56:28,697  INFO [main] txn.TxnHandler: Added entries to MIN_HISTORY_LEVEL for current txns: ([1]) with min_open_txn: 1
2024-04-24T04:56:28,697  INFO [main] lockmgr.DbTxnManager: Opened txnid:1
2024-04-24T04:56:28,699  INFO [main] HiveMetaStore.audit: ugi=alex	ip=unknown-ip-addr	cmd=get_table : tbl=hive.default.acidTbl	
2024-04-24T04:56:28,701  INFO [main] ql.Driver: Semantic Analysis Completed (retrial = false)
2024-04-24T04:56:28,701  INFO [main] ql.Driver: Created Hive schema: Schema(fieldSchemas:null, properties:null)
2024-04-24T04:56:28,701  INFO [main] metadata.Hive: Dumping metastore api call timing information for : compilation phase
2024-04-24T04:56:28,702  INFO [main] metadata.Hive: Total time spent in each metastore function (ms): {isCompatibleWith_(Configuration)=0, getValidTxns_(long)=2, flushCache_()=0, commitTxn_(CommitTxnRequest)=8, openTxn_(String, TxnType)=7}
2024-04-24T04:56:28,702  INFO [main] ql.Driver: Completed compiling command(queryId=alex_20240424045628_5f116b02-d196-4853-aaf7-333cd6220c4f); Time taken: 0.012 seconds
2024-04-24T04:56:28,702  INFO [main] lockmgr.DbTxnManager: Setting lock request transaction to txnid:1 for queryId=alex_20240424045628_5f116b02-d196-4853-aaf7-333cd6220c4f
2024-04-24T04:56:28,702  INFO [main] ql.Driver: Operation DROPTABLE obtained 0 locks
2024-04-24T04:56:28,702  INFO [main] ql.Driver: Executing command(queryId=alex_20240424045628_5f116b02-d196-4853-aaf7-333cd6220c4f): drop table if exists acidTbl
2024-04-24T04:56:28,702  INFO [main] ql.Driver: Starting task [Stage-0:DDL] in serial mode
2024-04-24T04:56:28,702  INFO [main] HiveMetaStore.audit: ugi=alex	ip=unknown-ip-addr	cmd=get_table : tbl=hive.default.acidTbl	
2024-04-24T04:56:28,705  INFO [main] metadata.Hive: Dumping metastore api call timing information for : execution phase
2024-04-24T04:56:28,705  INFO [main] metadata.Hive: Total time spent in each metastore function (ms): {isCompatibleWith_(Configuration)=0}
2024-04-24T04:56:28,705  INFO [main] ql.Driver: Completed executing command(queryId=alex_20240424045628_5f116b02-d196-4853-aaf7-333cd6220c4f); Time taken: 0.003 seconds
2024-04-24T04:56:28,705  INFO [main] lockmgr.DbTxnManager: Stopped heartbeat for query: alex_20240424045628_5f116b02-d196-4853-aaf7-333cd6220c4f
2024-04-24T04:56:28,711  INFO [main] txn.TxnHandler: Expected to move at least one record from txn_components to completed_txn_components when committing txn! txnid:1
2024-04-24T04:56:28,716  INFO [main] txn.TxnHandler: Removed transactions: ([1]) from MIN_HISTORY_LEVEL
2024-04-24T04:56:28,716  WARN [main] txn.CompactionTxnHandler: No compaction queue record found for Compaction type transaction commit. txnId:1
2024-04-24T04:56:28,716  INFO [main] ql.TxnCommandsBaseForTests: Running the query: drop table if exists acidTblPart
2024-04-24T04:56:28,717  INFO [main] ql.Driver: Compiling command(queryId=alex_20240424045628_8f2fd11f-a15c-4031-8425-bea835effee8): drop table if exists acidTblPart
2024-04-24T04:56:28,718  INFO [main] txn.TxnHandler: Added entries to MIN_HISTORY_LEVEL for current txns: ([2]) with min_open_txn: 1
2024-04-24T04:56:28,719  INFO [main] lockmgr.DbTxnManager: Opened txnid:2
2024-04-24T04:56:28,719  INFO [main] HiveMetaStore.audit: ugi=alex	ip=unknown-ip-addr	cmd=get_table : tbl=hive.default.acidTblPart	
2024-04-24T04:56:28,722  INFO [main] ql.Driver: Semantic Analysis Completed (retrial = false)
2024-04-24T04:56:28,722  INFO [main] ql.Driver: Created Hive schema: Schema(fieldSchemas:null, properties:null)
2024-04-24T04:56:28,722  INFO [main] metadata.Hive: Dumping metastore api call timing information for : compilation phase
2024-04-24T04:56:28,722  INFO [main] metadata.Hive: Total time spent in each metastore function (ms): {commitTxn_(CommitTxnRequest)=11, flushCache_()=0, getValidTxns_(long)=0, openTxn_(String, TxnType)=2, isCompatibleWith_(Configuration)=0}
2024-04-24T04:56:28,722  INFO [main] ql.Driver: Completed compiling command(queryId=alex_20240424045628_8f2fd11f-a15c-4031-8425-bea835effee8); Time taken: 0.006 seconds
2024-04-24T04:56:28,722  INFO [main] lockmgr.DbTxnManager: Setting lock request transaction to txnid:2 for queryId=alex_20240424045628_8f2fd11f-a15c-4031-8425-bea835effee8
2024-04-24T04:56:28,722  INFO [main] ql.Driver: Operation DROPTABLE obtained 0 locks
2024-04-24T04:56:28,723  INFO [main] ql.Driver: Executing command(queryId=alex_20240424045628_8f2fd11f-a15c-4031-8425-bea835effee8): drop table if exists acidTblPart
2024-04-24T04:56:28,723  INFO [main] ql.Driver: Starting task [Stage-0:DDL] in serial mode
2024-04-24T04:56:28,723  INFO [main] HiveMetaStore.audit: ugi=alex	ip=unknown-ip-addr	cmd=get_table : tbl=hive.default.acidTblPart	
2024-04-24T04:56:28,726  INFO [main] metadata.Hive: Dumping metastore api call timing information for : execution phase
2024-04-24T04:56:28,726  INFO [main] metadata.Hive: Total time spent in each metastore function (ms): {isCompatibleWith_(Configuration)=0}
2024-04-24T04:56:28,726  INFO [main] ql.Driver: Completed executing command(queryId=alex_20240424045628_8f2fd11f-a15c-4031-8425-bea835effee8); Time taken: 0.004 seconds
2024-04-24T04:56:28,726  INFO [main] lockmgr.DbTxnManager: Stopped heartbeat for query: alex_20240424045628_8f2fd11f-a15c-4031-8425-bea835effee8
2024-04-24T04:56:28,730  INFO [main] txn.TxnHandler: Expected to move at least one record from txn_components to completed_txn_components when committing txn! txnid:2
2024-04-24T04:56:28,735  INFO [main] txn.TxnHandler: Removed transactions: ([2]) from MIN_HISTORY_LEVEL
2024-04-24T04:56:28,735  WARN [main] txn.CompactionTxnHandler: No compaction queue record found for Compaction type transaction commit. txnId:2
2024-04-24T04:56:28,736  INFO [main] ql.TxnCommandsBaseForTests: Running the query: drop table if exists acidTbl2
2024-04-24T04:56:28,736  INFO [main] ql.Driver: Compiling command(queryId=alex_20240424045628_0c8a04a6-a5a6-4c33-8c17-1d7abe04d8c8): drop table if exists acidTbl2
2024-04-24T04:56:28,738  INFO [main] txn.TxnHandler: Added entries to MIN_HISTORY_LEVEL for current txns: ([3]) with min_open_txn: 1
2024-04-24T04:56:28,738  INFO [main] lockmgr.DbTxnManager: Opened txnid:3
2024-04-24T04:56:28,739  INFO [main] HiveMetaStore.audit: ugi=alex	ip=unknown-ip-addr	cmd=get_table : tbl=hive.default.acidTbl2	
2024-04-24T04:56:28,741  INFO [main] ql.Driver: Semantic Analysis Completed (retrial = false)
2024-04-24T04:56:28,741  INFO [main] ql.Driver: Created Hive schema: Schema(fieldSchemas:null, properties:null)
2024-04-24T04:56:28,741  INFO [main] metadata.Hive: Dumping metastore api call timing information for : compilation phase
2024-04-24T04:56:28,741  INFO [main] metadata.Hive: Total time spent in each metastore function (ms): {flushCache_()=0, isCompatibleWith_(Configuration)=1, openTxn_(String, TxnType)=1, commitTxn_(CommitTxnRequest)=10, getValidTxns_(long)=1}
2024-04-24T04:56:28,742  INFO [main] ql.Driver: Completed compiling command(queryId=alex_20240424045628_0c8a04a6-a5a6-4c33-8c17-1d7abe04d8c8); Time taken: 0.005 seconds
2024-04-24T04:56:28,742  INFO [main] lockmgr.DbTxnManager: Setting lock request transaction to txnid:3 for queryId=alex_20240424045628_0c8a04a6-a5a6-4c33-8c17-1d7abe04d8c8
2024-04-24T04:56:28,742  INFO [main] ql.Driver: Operation DROPTABLE obtained 0 locks
2024-04-24T04:56:28,742  INFO [main] ql.Driver: Executing command(queryId=alex_20240424045628_0c8a04a6-a5a6-4c33-8c17-1d7abe04d8c8): drop table if exists acidTbl2
2024-04-24T04:56:28,742  INFO [main] ql.Driver: Starting task [Stage-0:DDL] in serial mode
2024-04-24T04:56:28,742  INFO [main] HiveMetaStore.audit: ugi=alex	ip=unknown-ip-addr	cmd=get_table : tbl=hive.default.acidTbl2	
2024-04-24T04:56:28,745  INFO [main] metadata.Hive: Dumping metastore api call timing information for : execution phase
2024-04-24T04:56:28,745  INFO [main] metadata.Hive: Total time spent in each metastore function (ms): {isCompatibleWith_(Configuration)=0}
2024-04-24T04:56:28,745  INFO [main] ql.Driver: Completed executing command(queryId=alex_20240424045628_0c8a04a6-a5a6-4c33-8c17-1d7abe04d8c8); Time taken: 0.003 seconds
2024-04-24T04:56:28,745  INFO [main] lockmgr.DbTxnManager: Stopped heartbeat for query: alex_20240424045628_0c8a04a6-a5a6-4c33-8c17-1d7abe04d8c8
2024-04-24T04:56:28,749  INFO [main] txn.TxnHandler: Expected to move at least one record from txn_components to completed_txn_components when committing txn! txnid:3
2024-04-24T04:56:28,754  INFO [main] txn.TxnHandler: Removed transactions: ([3]) from MIN_HISTORY_LEVEL
2024-04-24T04:56:28,754  WARN [main] txn.CompactionTxnHandler: No compaction queue record found for Compaction type transaction commit. txnId:3
2024-04-24T04:56:28,755  INFO [main] ql.TxnCommandsBaseForTests: Running the query: drop table if exists nonAcidOrcTbl
2024-04-24T04:56:28,755  INFO [main] ql.Driver: Compiling command(queryId=alex_20240424045628_a4f4bd1e-2bea-4994-82d6-561d1873174f): drop table if exists nonAcidOrcTbl
2024-04-24T04:56:28,757  INFO [main] txn.TxnHandler: Added entries to MIN_HISTORY_LEVEL for current txns: ([4]) with min_open_txn: 1
2024-04-24T04:56:28,757  INFO [main] lockmgr.DbTxnManager: Opened txnid:4
2024-04-24T04:56:28,757  INFO [main] HiveMetaStore.audit: ugi=alex	ip=unknown-ip-addr	cmd=get_table : tbl=hive.default.nonAcidOrcTbl	
2024-04-24T04:56:28,760  INFO [main] ql.Driver: Semantic Analysis Completed (retrial = false)
2024-04-24T04:56:28,760  INFO [main] ql.Driver: Created Hive schema: Schema(fieldSchemas:null, properties:null)
2024-04-24T04:56:28,760  INFO [main] metadata.Hive: Dumping metastore api call timing information for : compilation phase
2024-04-24T04:56:28,760  INFO [main] metadata.Hive: Total time spent in each metastore function (ms): {openTxn_(String, TxnType)=2, flushCache_()=0, isCompatibleWith_(Configuration)=0, commitTxn_(CommitTxnRequest)=9, getValidTxns_(long)=0}
2024-04-24T04:56:28,761  INFO [main] ql.Driver: Completed compiling command(queryId=alex_20240424045628_a4f4bd1e-2bea-4994-82d6-561d1873174f); Time taken: 0.005 seconds
2024-04-24T04:56:28,761  INFO [main] lockmgr.DbTxnManager: Setting lock request transaction to txnid:4 for queryId=alex_20240424045628_a4f4bd1e-2bea-4994-82d6-561d1873174f
2024-04-24T04:56:28,761  INFO [main] ql.Driver: Operation DROPTABLE obtained 0 locks
2024-04-24T04:56:28,761  INFO [main] ql.Driver: Executing command(queryId=alex_20240424045628_a4f4bd1e-2bea-4994-82d6-561d1873174f): drop table if exists nonAcidOrcTbl
2024-04-24T04:56:28,761  INFO [main] ql.Driver: Starting task [Stage-0:DDL] in serial mode
2024-04-24T04:56:28,761  INFO [main] HiveMetaStore.audit: ugi=alex	ip=unknown-ip-addr	cmd=get_table : tbl=hive.default.nonAcidOrcTbl	
2024-04-24T04:56:28,764  INFO [main] metadata.Hive: Dumping metastore api call timing information for : execution phase
2024-04-24T04:56:28,764  INFO [main] metadata.Hive: Total time spent in each metastore function (ms): {isCompatibleWith_(Configuration)=0}
2024-04-24T04:56:28,764  INFO [main] ql.Driver: Completed executing command(queryId=alex_20240424045628_a4f4bd1e-2bea-4994-82d6-561d1873174f); Time taken: 0.003 seconds
2024-04-24T04:56:28,764  INFO [main] lockmgr.DbTxnManager: Stopped heartbeat for query: alex_20240424045628_a4f4bd1e-2bea-4994-82d6-561d1873174f
2024-04-24T04:56:28,769  INFO [main] txn.TxnHandler: Expected to move at least one record from txn_components to completed_txn_components when committing txn! txnid:4
2024-04-24T04:56:28,774  INFO [main] txn.TxnHandler: Removed transactions: ([4]) from MIN_HISTORY_LEVEL
2024-04-24T04:56:28,775  WARN [main] txn.CompactionTxnHandler: No compaction queue record found for Compaction type transaction commit. txnId:4
2024-04-24T04:56:28,775  INFO [main] ql.TxnCommandsBaseForTests: Running the query: drop table if exists nonAcidOrcTbl2
2024-04-24T04:56:28,775  INFO [main] ql.Driver: Compiling command(queryId=alex_20240424045628_a4cf34d7-d46a-41ed-9d6b-f10f3b81d644): drop table if exists nonAcidOrcTbl2
2024-04-24T04:56:28,778  INFO [main] txn.TxnHandler: Added entries to MIN_HISTORY_LEVEL for current txns: ([5]) with min_open_txn: 1
2024-04-24T04:56:28,778  INFO [main] lockmgr.DbTxnManager: Opened txnid:5
2024-04-24T04:56:28,779  INFO [main] HiveMetaStore.audit: ugi=alex	ip=unknown-ip-addr	cmd=get_table : tbl=hive.default.nonAcidOrcTbl2	
2024-04-24T04:56:28,781  INFO [main] ql.Driver: Semantic Analysis Completed (retrial = false)
2024-04-24T04:56:28,781  INFO [main] ql.Driver: Created Hive schema: Schema(fieldSchemas:null, properties:null)
2024-04-24T04:56:28,782  INFO [main] metadata.Hive: Dumping metastore api call timing information for : compilation phase
2024-04-24T04:56:28,782  INFO [main] metadata.Hive: Total time spent in each metastore function (ms): {getValidTxns_(long)=1, openTxn_(String, TxnType)=2, isCompatibleWith_(Configuration)=0, flushCache_()=0, commitTxn_(CommitTxnRequest)=11}
2024-04-24T04:56:28,782  INFO [main] ql.Driver: Completed compiling command(queryId=alex_20240424045628_a4cf34d7-d46a-41ed-9d6b-f10f3b81d644); Time taken: 0.007 seconds
2024-04-24T04:56:28,782  INFO [main] lockmgr.DbTxnManager: Setting lock request transaction to txnid:5 for queryId=alex_20240424045628_a4cf34d7-d46a-41ed-9d6b-f10f3b81d644
2024-04-24T04:56:28,782  INFO [main] ql.Driver: Operation DROPTABLE obtained 0 locks
2024-04-24T04:56:28,782  INFO [main] ql.Driver: Executing command(queryId=alex_20240424045628_a4cf34d7-d46a-41ed-9d6b-f10f3b81d644): drop table if exists nonAcidOrcTbl2
2024-04-24T04:56:28,782  INFO [main] ql.Driver: Starting task [Stage-0:DDL] in serial mode
2024-04-24T04:56:28,783  INFO [main] HiveMetaStore.audit: ugi=alex	ip=unknown-ip-addr	cmd=get_table : tbl=hive.default.nonAcidOrcTbl2	
2024-04-24T04:56:28,785  INFO [main] metadata.Hive: Dumping metastore api call timing information for : execution phase
2024-04-24T04:56:28,786  INFO [main] metadata.Hive: Total time spent in each metastore function (ms): {isCompatibleWith_(Configuration)=1}
2024-04-24T04:56:28,786  INFO [main] ql.Driver: Completed executing command(queryId=alex_20240424045628_a4cf34d7-d46a-41ed-9d6b-f10f3b81d644); Time taken: 0.003 seconds
2024-04-24T04:56:28,786  INFO [main] lockmgr.DbTxnManager: Stopped heartbeat for query: alex_20240424045628_a4cf34d7-d46a-41ed-9d6b-f10f3b81d644
2024-04-24T04:56:28,790  INFO [main] txn.TxnHandler: Expected to move at least one record from txn_components to completed_txn_components when committing txn! txnid:5
2024-04-24T04:56:28,794  INFO [main] txn.TxnHandler: Removed transactions: ([5]) from MIN_HISTORY_LEVEL
2024-04-24T04:56:28,795  WARN [main] txn.CompactionTxnHandler: No compaction queue record found for Compaction type transaction commit. txnId:5
2024-04-24T04:56:28,795  INFO [main] ql.TxnCommandsBaseForTests: Running the query: drop table if exists nonAcidNonBucket
2024-04-24T04:56:28,795  INFO [main] ql.Driver: Compiling command(queryId=alex_20240424045628_2ee0922c-b976-4f92-8e6e-923f66932bd8): drop table if exists nonAcidNonBucket
2024-04-24T04:56:28,797  INFO [main] txn.TxnHandler: Added entries to MIN_HISTORY_LEVEL for current txns: ([6]) with min_open_txn: 1
2024-04-24T04:56:28,797  INFO [main] lockmgr.DbTxnManager: Opened txnid:6
2024-04-24T04:56:28,798  INFO [main] HiveMetaStore.audit: ugi=alex	ip=unknown-ip-addr	cmd=get_table : tbl=hive.default.nonAcidNonBucket	
2024-04-24T04:56:28,801  INFO [main] ql.Driver: Semantic Analysis Completed (retrial = false)
2024-04-24T04:56:28,801  INFO [main] ql.Driver: Created Hive schema: Schema(fieldSchemas:null, properties:null)
2024-04-24T04:56:28,801  INFO [main] metadata.Hive: Dumping metastore api call timing information for : compilation phase
2024-04-24T04:56:28,801  INFO [main] metadata.Hive: Total time spent in each metastore function (ms): {flushCache_()=0, isCompatibleWith_(Configuration)=1, getValidTxns_(long)=0, commitTxn_(CommitTxnRequest)=9, openTxn_(String, TxnType)=1}
2024-04-24T04:56:28,801  INFO [main] ql.Driver: Completed compiling command(queryId=alex_20240424045628_2ee0922c-b976-4f92-8e6e-923f66932bd8); Time taken: 0.006 seconds
2024-04-24T04:56:28,801  INFO [main] lockmgr.DbTxnManager: Setting lock request transaction to txnid:6 for queryId=alex_20240424045628_2ee0922c-b976-4f92-8e6e-923f66932bd8
2024-04-24T04:56:28,801  INFO [main] ql.Driver: Operation DROPTABLE obtained 0 locks
2024-04-24T04:56:28,801  INFO [main] ql.Driver: Executing command(queryId=alex_20240424045628_2ee0922c-b976-4f92-8e6e-923f66932bd8): drop table if exists nonAcidNonBucket
2024-04-24T04:56:28,801  INFO [main] ql.Driver: Starting task [Stage-0:DDL] in serial mode
2024-04-24T04:56:28,802  INFO [main] HiveMetaStore.audit: ugi=alex	ip=unknown-ip-addr	cmd=get_table : tbl=hive.default.nonAcidNonBucket	
2024-04-24T04:56:28,804  INFO [main] metadata.Hive: Dumping metastore api call timing information for : execution phase
2024-04-24T04:56:28,804  INFO [main] metadata.Hive: Total time spent in each metastore function (ms): {isCompatibleWith_(Configuration)=1}
2024-04-24T04:56:28,805  INFO [main] ql.Driver: Completed executing command(queryId=alex_20240424045628_2ee0922c-b976-4f92-8e6e-923f66932bd8); Time taken: 0.003 seconds
2024-04-24T04:56:28,805  INFO [main] lockmgr.DbTxnManager: Stopped heartbeat for query: alex_20240424045628_2ee0922c-b976-4f92-8e6e-923f66932bd8
2024-04-24T04:56:28,809  INFO [main] txn.TxnHandler: Expected to move at least one record from txn_components to completed_txn_components when committing txn! txnid:6
2024-04-24T04:56:28,813  INFO [main] txn.TxnHandler: Removed transactions: ([6]) from MIN_HISTORY_LEVEL
2024-04-24T04:56:28,813  WARN [main] txn.CompactionTxnHandler: No compaction queue record found for Compaction type transaction commit. txnId:6
2024-04-24T04:56:28,814  INFO [main] ql.TxnCommandsBaseForTests: Running the query: create table acidTbl(a int, b int) clustered by (a) into 2 buckets stored as orc TBLPROPERTIES ('transactional'='true')
2024-04-24T04:56:28,814  INFO [main] ql.Driver: Compiling command(queryId=alex_20240424045628_4b8d29ff-c9b8-4675-acdb-d8bfc69d660e): create table acidTbl(a int, b int) clustered by (a) into 2 buckets stored as orc TBLPROPERTIES ('transactional'='true')
2024-04-24T04:56:28,816  INFO [main] txn.TxnHandler: Added entries to MIN_HISTORY_LEVEL for current txns: ([7]) with min_open_txn: 1
2024-04-24T04:56:28,816  INFO [main] lockmgr.DbTxnManager: Opened txnid:7
2024-04-24T04:56:28,816  INFO [main] parse.CalcitePlanner: Starting caching scope for: 
2024-04-24T04:56:28,816  INFO [main] parse.CalcitePlanner: Starting Semantic Analysis
2024-04-24T04:56:28,821  INFO [main] parse.CalcitePlanner: Creating table default.acidTbl position=13
2024-04-24T04:56:28,821  INFO [main] HiveMetaStore.audit: ugi=alex	ip=unknown-ip-addr	cmd=get_database: default	
2024-04-24T04:56:28,822  INFO [main] parse.CalcitePlanner: Ending caching scope for: 
2024-04-24T04:56:28,822  INFO [main] ql.Driver: Semantic Analysis Completed (retrial = false)
2024-04-24T04:56:28,823  INFO [main] ql.Driver: Created Hive schema: Schema(fieldSchemas:null, properties:null)
2024-04-24T04:56:28,823  INFO [main] metadata.Hive: Dumping metastore api call timing information for : compilation phase
2024-04-24T04:56:28,823  INFO [main] metadata.Hive: Total time spent in each metastore function (ms): {getDatabase_(String)=1, flushCache_()=0, commitTxn_(CommitTxnRequest)=8, getValidWriteIds_(List, String)=4, openTxn_(String, TxnType)=2, isCompatibleWith_(Configuration)=0, getValidTxns_(long)=0}
2024-04-24T04:56:28,823  INFO [main] ql.Driver: Completed compiling command(queryId=alex_20240424045628_4b8d29ff-c9b8-4675-acdb-d8bfc69d660e); Time taken: 0.009 seconds
2024-04-24T04:56:28,823  INFO [main] lockmgr.DbTxnManager: Setting lock request transaction to txnid:7 for queryId=alex_20240424045628_4b8d29ff-c9b8-4675-acdb-d8bfc69d660e
2024-04-24T04:56:28,823  INFO [main] lockmgr.DbLockManager: Requesting lock for queryId=alex_20240424045628_4b8d29ff-c9b8-4675-acdb-d8bfc69d660e
2024-04-24T04:56:28,838  INFO [main] lockmgr.DbLockManager: Response to queryId=alex_20240424045628_4b8d29ff-c9b8-4675-acdb-d8bfc69d660e LockResponse(lockid:1, state:ACQUIRED)
2024-04-24T04:56:28,838  INFO [main] ql.Driver: Operation CREATETABLE obtained 1 locks
2024-04-24T04:56:28,838  INFO [main] ql.Driver: Executing command(queryId=alex_20240424045628_4b8d29ff-c9b8-4675-acdb-d8bfc69d660e): create table acidTbl(a int, b int) clustered by (a) into 2 buckets stored as orc TBLPROPERTIES ('transactional'='true')
2024-04-24T04:56:28,838  INFO [main] ql.Driver: Starting task [Stage-0:DDL] in serial mode
2024-04-24T04:56:28,839  INFO [main] HiveMetaStore.audit: ugi=alex	ip=unknown-ip-addr	cmd=create_table_req: Table(tableName:acidTbl, dbName:default, owner:alex, createTime:1713959788, lastAccessTime:0, retention:0, sd:StorageDescriptor(cols:[FieldSchema(name:a, type:int, comment:null), FieldSchema(name:b, type:int, comment:null)], location:null, inputFormat:org.apache.hadoop.hive.ql.io.orc.OrcInputFormat, outputFormat:org.apache.hadoop.hive.ql.io.orc.OrcOutputFormat, compressed:false, numBuckets:2, serdeInfo:SerDeInfo(name:null, serializationLib:org.apache.hadoop.hive.ql.io.orc.OrcSerde, parameters:{serialization.format=1}), bucketCols:[a], sortCols:[], parameters:{}, skewedInfo:SkewedInfo(skewedColNames:[], skewedColValues:[], skewedColValueLocationMaps:{}), storedAsSubDirectories:false), partitionKeys:[], parameters:{transactional=true, rawDataSize=0, bucketing_version=2, COLUMN_STATS_ACCURATE={"BASIC_STATS":"true","COLUMN_STATS":{"a":"true","b":"true"}}, totalSize=0, numFiles=0, numFilesErasureCoded=0, numRows=0}, viewOriginalText:null, viewExpandedText:null, tableType:MANAGED_TABLE, privileges:PrincipalPrivilegeSet(userPrivileges:{alex=[PrivilegeGrantInfo(privilege:INSERT, createTime:-1, grantor:alex, grantorType:USER, grantOption:true), PrivilegeGrantInfo(privilege:SELECT, createTime:-1, grantor:alex, grantorType:USER, grantOption:true), PrivilegeGrantInfo(privilege:UPDATE, createTime:-1, grantor:alex, grantorType:USER, grantOption:true), PrivilegeGrantInfo(privilege:DELETE, createTime:-1, grantor:alex, grantorType:USER, grantOption:true)]}, groupPrivileges:null, rolePrivileges:null), temporary:false, catName:hive, ownerType:USER, writeId:0)	
2024-04-24T04:56:28,844  INFO [main] utils.FileUtils: Creating directory if it doesn't exist: file:/home/alex/Repositories/hive/ql/target/tmp/org.apache.hadoop.hive.ql.TestTxnExIm-1713959704617/warehouse/acidtbl
2024-04-24T04:56:28,877  INFO [main] metadata.Hive: Dumping metastore api call timing information for : execution phase
2024-04-24T04:56:28,877  INFO [main] metadata.Hive: Total time spent in each metastore function (ms): {isCompatibleWith_(Configuration)=1, createTable_(Table)=38}
2024-04-24T04:56:28,877  INFO [main] ql.Driver: Completed executing command(queryId=alex_20240424045628_4b8d29ff-c9b8-4675-acdb-d8bfc69d660e); Time taken: 0.039 seconds
2024-04-24T04:56:28,877  INFO [main] lockmgr.DbTxnManager: Stopped heartbeat for query: alex_20240424045628_4b8d29ff-c9b8-4675-acdb-d8bfc69d660e
2024-04-24T04:56:28,880  INFO [main] txn.TxnHandler: Expected to move at least one record from txn_components to completed_txn_components when committing txn! txnid:7
2024-04-24T04:56:28,884  INFO [main] txn.TxnHandler: Removed transactions: ([7]) from MIN_HISTORY_LEVEL
2024-04-24T04:56:28,885  WARN [main] txn.CompactionTxnHandler: No compaction queue record found for Compaction type transaction commit. txnId:7
2024-04-24T04:56:28,885  INFO [main] ql.TxnCommandsBaseForTests: Running the query: create table acidTblPart(a int, b int) partitioned by (p string) clustered by (a) into 2 buckets stored as orc TBLPROPERTIES ('transactional'='true')
2024-04-24T04:56:28,885  INFO [main] ql.Driver: Compiling command(queryId=alex_20240424045628_3bed52d2-6628-474c-8c76-26556d93dde7): create table acidTblPart(a int, b int) partitioned by (p string) clustered by (a) into 2 buckets stored as orc TBLPROPERTIES ('transactional'='true')
2024-04-24T04:56:28,887  INFO [main] txn.TxnHandler: Added entries to MIN_HISTORY_LEVEL for current txns: ([8]) with min_open_txn: 1
2024-04-24T04:56:28,888  INFO [main] lockmgr.DbTxnManager: Opened txnid:8
2024-04-24T04:56:28,888  INFO [main] parse.CalcitePlanner: Starting caching scope for: 
2024-04-24T04:56:28,888  INFO [main] parse.CalcitePlanner: Starting Semantic Analysis
2024-04-24T04:56:28,890  INFO [main] parse.CalcitePlanner: Creating table default.acidTblPart position=13
2024-04-24T04:56:28,890  INFO [main] HiveMetaStore.audit: ugi=alex	ip=unknown-ip-addr	cmd=get_database: default	
2024-04-24T04:56:28,892  INFO [main] parse.CalcitePlanner: Ending caching scope for: 
2024-04-24T04:56:28,892  INFO [main] ql.Driver: Semantic Analysis Completed (retrial = false)
2024-04-24T04:56:28,892  INFO [main] ql.Driver: Created Hive schema: Schema(fieldSchemas:null, properties:null)
2024-04-24T04:56:28,892  INFO [main] metadata.Hive: Dumping metastore api call timing information for : compilation phase
2024-04-24T04:56:28,892  INFO [main] metadata.Hive: Total time spent in each metastore function (ms): {getValidWriteIds_(List, String)=2, flushCache_()=0, isCompatibleWith_(Configuration)=0, getValidTxns_(long)=0, openTxn_(String, TxnType)=2, commitTxn_(CommitTxnRequest)=8, getDatabase_(String)=2}
2024-04-24T04:56:28,892  INFO [main] ql.Driver: Completed compiling command(queryId=alex_20240424045628_3bed52d2-6628-474c-8c76-26556d93dde7); Time taken: 0.007 seconds
2024-04-24T04:56:28,892  INFO [main] lockmgr.DbTxnManager: Setting lock request transaction to txnid:8 for queryId=alex_20240424045628_3bed52d2-6628-474c-8c76-26556d93dde7
2024-04-24T04:56:28,893  INFO [main] lockmgr.DbLockManager: Requesting lock for queryId=alex_20240424045628_3bed52d2-6628-474c-8c76-26556d93dde7
2024-04-24T04:56:28,906  INFO [main] lockmgr.DbLockManager: Response to queryId=alex_20240424045628_3bed52d2-6628-474c-8c76-26556d93dde7 LockResponse(lockid:2, state:ACQUIRED)
2024-04-24T04:56:28,906  INFO [main] ql.Driver: Operation CREATETABLE obtained 1 locks
2024-04-24T04:56:28,906  INFO [main] ql.Driver: Executing command(queryId=alex_20240424045628_3bed52d2-6628-474c-8c76-26556d93dde7): create table acidTblPart(a int, b int) partitioned by (p string) clustered by (a) into 2 buckets stored as orc TBLPROPERTIES ('transactional'='true')
2024-04-24T04:56:28,906  INFO [main] ql.Driver: Starting task [Stage-0:DDL] in serial mode
2024-04-24T04:56:28,907  INFO [main] HiveMetaStore.audit: ugi=alex	ip=unknown-ip-addr	cmd=create_table_req: Table(tableName:acidTblPart, dbName:default, owner:alex, createTime:1713959788, lastAccessTime:0, retention:0, sd:StorageDescriptor(cols:[FieldSchema(name:a, type:int, comment:null), FieldSchema(name:b, type:int, comment:null)], location:null, inputFormat:org.apache.hadoop.hive.ql.io.orc.OrcInputFormat, outputFormat:org.apache.hadoop.hive.ql.io.orc.OrcOutputFormat, compressed:false, numBuckets:2, serdeInfo:SerDeInfo(name:null, serializationLib:org.apache.hadoop.hive.ql.io.orc.OrcSerde, parameters:{serialization.format=1}), bucketCols:[a], sortCols:[], parameters:{}, skewedInfo:SkewedInfo(skewedColNames:[], skewedColValues:[], skewedColValueLocationMaps:{}), storedAsSubDirectories:false), partitionKeys:[FieldSchema(name:p, type:string, comment:null)], parameters:{transactional=true, bucketing_version=2}, viewOriginalText:null, viewExpandedText:null, tableType:MANAGED_TABLE, privileges:PrincipalPrivilegeSet(userPrivileges:{alex=[PrivilegeGrantInfo(privilege:INSERT, createTime:-1, grantor:alex, grantorType:USER, grantOption:true), PrivilegeGrantInfo(privilege:SELECT, createTime:-1, grantor:alex, grantorType:USER, grantOption:true), PrivilegeGrantInfo(privilege:UPDATE, createTime:-1, grantor:alex, grantorType:USER, grantOption:true), PrivilegeGrantInfo(privilege:DELETE, createTime:-1, grantor:alex, grantorType:USER, grantOption:true)]}, groupPrivileges:null, rolePrivileges:null), temporary:false, catName:hive, ownerType:USER, writeId:0)	
2024-04-24T04:56:28,913  INFO [main] utils.FileUtils: Creating directory if it doesn't exist: file:/home/alex/Repositories/hive/ql/target/tmp/org.apache.hadoop.hive.ql.TestTxnExIm-1713959704617/warehouse/acidtblpart
2024-04-24T04:56:28,928  INFO [main] metadata.Hive: Dumping metastore api call timing information for : execution phase
2024-04-24T04:56:28,928  INFO [main] metadata.Hive: Total time spent in each metastore function (ms): {isCompatibleWith_(Configuration)=0, createTable_(Table)=21}
2024-04-24T04:56:28,929  INFO [main] ql.Driver: Completed executing command(queryId=alex_20240424045628_3bed52d2-6628-474c-8c76-26556d93dde7); Time taken: 0.022 seconds
2024-04-24T04:56:28,929  INFO [main] lockmgr.DbTxnManager: Stopped heartbeat for query: alex_20240424045628_3bed52d2-6628-474c-8c76-26556d93dde7
2024-04-24T04:56:28,932  INFO [main] txn.TxnHandler: Expected to move at least one record from txn_components to completed_txn_components when committing txn! txnid:8
2024-04-24T04:56:28,937  INFO [main] txn.TxnHandler: Removed transactions: ([8]) from MIN_HISTORY_LEVEL
2024-04-24T04:56:28,937  WARN [main] txn.CompactionTxnHandler: No compaction queue record found for Compaction type transaction commit. txnId:8
2024-04-24T04:56:28,938  INFO [main] ql.TxnCommandsBaseForTests: Running the query: create table nonAcidOrcTbl(a int, b int) clustered by (a) into 2 buckets stored as orc TBLPROPERTIES ('transactional'='false')
2024-04-24T04:56:28,938  INFO [main] ql.Driver: Compiling command(queryId=alex_20240424045628_bfb7dc85-8482-4695-aef5-2858b42fe8d2): create table nonAcidOrcTbl(a int, b int) clustered by (a) into 2 buckets stored as orc TBLPROPERTIES ('transactional'='false')
2024-04-24T04:56:28,940  INFO [main] txn.TxnHandler: Added entries to MIN_HISTORY_LEVEL for current txns: ([9]) with min_open_txn: 1
2024-04-24T04:56:28,940  INFO [main] lockmgr.DbTxnManager: Opened txnid:9
2024-04-24T04:56:28,941  INFO [main] parse.CalcitePlanner: Starting caching scope for: 
2024-04-24T04:56:28,941  INFO [main] parse.CalcitePlanner: Starting Semantic Analysis
2024-04-24T04:56:28,943  INFO [main] parse.CalcitePlanner: Creating table default.nonAcidOrcTbl position=13
2024-04-24T04:56:28,943  INFO [main] HiveMetaStore.audit: ugi=alex	ip=unknown-ip-addr	cmd=get_database: default	
2024-04-24T04:56:28,945  INFO [main] parse.CalcitePlanner: Ending caching scope for: 
2024-04-24T04:56:28,945  INFO [main] ql.Driver: Semantic Analysis Completed (retrial = false)
2024-04-24T04:56:28,945  INFO [main] ql.Driver: Created Hive schema: Schema(fieldSchemas:null, properties:null)
2024-04-24T04:56:28,945  INFO [main] metadata.Hive: Dumping metastore api call timing information for : compilation phase
2024-04-24T04:56:28,945  INFO [main] metadata.Hive: Total time spent in each metastore function (ms): {getValidWriteIds_(List, String)=2, getValidTxns_(long)=0, isCompatibleWith_(Configuration)=0, getDatabase_(String)=2, flushCache_()=0, openTxn_(String, TxnType)=1, commitTxn_(CommitTxnRequest)=9}
2024-04-24T04:56:28,945  INFO [main] ql.Driver: Completed compiling command(queryId=alex_20240424045628_bfb7dc85-8482-4695-aef5-2858b42fe8d2); Time taken: 0.007 seconds
2024-04-24T04:56:28,945  INFO [main] lockmgr.DbTxnManager: Setting lock request transaction to txnid:9 for queryId=alex_20240424045628_bfb7dc85-8482-4695-aef5-2858b42fe8d2
2024-04-24T04:56:28,946  INFO [main] lockmgr.DbLockManager: Requesting lock for queryId=alex_20240424045628_bfb7dc85-8482-4695-aef5-2858b42fe8d2
2024-04-24T04:56:28,958  INFO [main] lockmgr.DbLockManager: Response to queryId=alex_20240424045628_bfb7dc85-8482-4695-aef5-2858b42fe8d2 LockResponse(lockid:3, state:ACQUIRED)
2024-04-24T04:56:28,958  INFO [main] ql.Driver: Operation CREATETABLE obtained 1 locks
2024-04-24T04:56:28,958  INFO [main] ql.Driver: Executing command(queryId=alex_20240424045628_bfb7dc85-8482-4695-aef5-2858b42fe8d2): create table nonAcidOrcTbl(a int, b int) clustered by (a) into 2 buckets stored as orc TBLPROPERTIES ('transactional'='false')
2024-04-24T04:56:28,958  INFO [main] ql.Driver: Starting task [Stage-0:DDL] in serial mode
2024-04-24T04:56:28,959  INFO [main] HiveMetaStore.audit: ugi=alex	ip=unknown-ip-addr	cmd=create_table_req: Table(tableName:nonAcidOrcTbl, dbName:default, owner:alex, createTime:1713959788, lastAccessTime:0, retention:0, sd:StorageDescriptor(cols:[FieldSchema(name:a, type:int, comment:null), FieldSchema(name:b, type:int, comment:null)], location:null, inputFormat:org.apache.hadoop.hive.ql.io.orc.OrcInputFormat, outputFormat:org.apache.hadoop.hive.ql.io.orc.OrcOutputFormat, compressed:false, numBuckets:2, serdeInfo:SerDeInfo(name:null, serializationLib:org.apache.hadoop.hive.ql.io.orc.OrcSerde, parameters:{serialization.format=1}), bucketCols:[a], sortCols:[], parameters:{}, skewedInfo:SkewedInfo(skewedColNames:[], skewedColValues:[], skewedColValueLocationMaps:{}), storedAsSubDirectories:false), partitionKeys:[], parameters:{numFilesErasureCoded=0, numFiles=0, totalSize=0, bucketing_version=2, transactional=false, COLUMN_STATS_ACCURATE={"BASIC_STATS":"true","COLUMN_STATS":{"a":"true","b":"true"}}, rawDataSize=0, numRows=0}, viewOriginalText:null, viewExpandedText:null, tableType:MANAGED_TABLE, privileges:PrincipalPrivilegeSet(userPrivileges:{alex=[PrivilegeGrantInfo(privilege:INSERT, createTime:-1, grantor:alex, grantorType:USER, grantOption:true), PrivilegeGrantInfo(privilege:SELECT, createTime:-1, grantor:alex, grantorType:USER, grantOption:true), PrivilegeGrantInfo(privilege:UPDATE, createTime:-1, grantor:alex, grantorType:USER, grantOption:true), PrivilegeGrantInfo(privilege:DELETE, createTime:-1, grantor:alex, grantorType:USER, grantOption:true)]}, groupPrivileges:null, rolePrivileges:null), temporary:false, catName:hive, ownerType:USER)	
2024-04-24T04:56:28,964  INFO [main] utils.FileUtils: Creating directory if it doesn't exist: file:/home/alex/Repositories/hive/ql/target/tmp/org.apache.hadoop.hive.ql.TestTxnExIm-1713959704617/warehouse/nonacidorctbl
2024-04-24T04:56:28,978  INFO [main] metadata.Hive: Dumping metastore api call timing information for : execution phase
2024-04-24T04:56:28,978  INFO [main] metadata.Hive: Total time spent in each metastore function (ms): {createTable_(Table)=19, isCompatibleWith_(Configuration)=0}
2024-04-24T04:56:28,978  INFO [main] ql.Driver: Completed executing command(queryId=alex_20240424045628_bfb7dc85-8482-4695-aef5-2858b42fe8d2); Time taken: 0.02 seconds
2024-04-24T04:56:28,978  INFO [main] lockmgr.DbTxnManager: Stopped heartbeat for query: alex_20240424045628_bfb7dc85-8482-4695-aef5-2858b42fe8d2
2024-04-24T04:56:28,981  INFO [main] txn.TxnHandler: Expected to move at least one record from txn_components to completed_txn_components when committing txn! txnid:9
2024-04-24T04:56:28,986  INFO [main] txn.TxnHandler: Removed transactions: ([9]) from MIN_HISTORY_LEVEL
2024-04-24T04:56:28,986  WARN [main] txn.CompactionTxnHandler: No compaction queue record found for Compaction type transaction commit. txnId:9
2024-04-24T04:56:28,986  INFO [main] ql.TxnCommandsBaseForTests: Running the query: create table nonAcidOrcTbl2(a int, b int) clustered by (a) into 2 buckets stored as orc TBLPROPERTIES ('transactional'='false')
2024-04-24T04:56:28,987  INFO [main] ql.Driver: Compiling command(queryId=alex_20240424045628_904ab5d5-b816-42df-b41a-55421a29f39b): create table nonAcidOrcTbl2(a int, b int) clustered by (a) into 2 buckets stored as orc TBLPROPERTIES ('transactional'='false')
2024-04-24T04:56:28,989  INFO [main] txn.TxnHandler: Added entries to MIN_HISTORY_LEVEL for current txns: ([10]) with min_open_txn: 1
2024-04-24T04:56:28,989  INFO [main] lockmgr.DbTxnManager: Opened txnid:10
2024-04-24T04:56:28,989  INFO [main] parse.CalcitePlanner: Starting caching scope for: 
2024-04-24T04:56:28,989  INFO [main] parse.CalcitePlanner: Starting Semantic Analysis
2024-04-24T04:56:28,992  INFO [main] parse.CalcitePlanner: Creating table default.nonAcidOrcTbl2 position=13
2024-04-24T04:56:28,992  INFO [main] HiveMetaStore.audit: ugi=alex	ip=unknown-ip-addr	cmd=get_database: default	
2024-04-24T04:56:28,993  INFO [main] parse.CalcitePlanner: Ending caching scope for: 
2024-04-24T04:56:28,993  INFO [main] ql.Driver: Semantic Analysis Completed (retrial = false)
2024-04-24T04:56:28,993  INFO [main] ql.Driver: Created Hive schema: Schema(fieldSchemas:null, properties:null)
2024-04-24T04:56:28,993  INFO [main] metadata.Hive: Dumping metastore api call timing information for : compilation phase
2024-04-24T04:56:28,994  INFO [main] metadata.Hive: Total time spent in each metastore function (ms): {isCompatibleWith_(Configuration)=1, flushCache_()=0, openTxn_(String, TxnType)=2, getValidTxns_(long)=0, getValidWriteIds_(List, String)=1, getDatabase_(String)=1, commitTxn_(CommitTxnRequest)=8}
2024-04-24T04:56:28,994  INFO [main] ql.Driver: Completed compiling command(queryId=alex_20240424045628_904ab5d5-b816-42df-b41a-55421a29f39b); Time taken: 0.006 seconds
2024-04-24T04:56:28,994  INFO [main] lockmgr.DbTxnManager: Setting lock request transaction to txnid:10 for queryId=alex_20240424045628_904ab5d5-b816-42df-b41a-55421a29f39b
2024-04-24T04:56:28,994  INFO [main] lockmgr.DbLockManager: Requesting lock for queryId=alex_20240424045628_904ab5d5-b816-42df-b41a-55421a29f39b
2024-04-24T04:56:29,007  INFO [main] lockmgr.DbLockManager: Response to queryId=alex_20240424045628_904ab5d5-b816-42df-b41a-55421a29f39b LockResponse(lockid:4, state:ACQUIRED)
2024-04-24T04:56:29,007  INFO [main] ql.Driver: Operation CREATETABLE obtained 1 locks
2024-04-24T04:56:29,007  INFO [main] ql.Driver: Executing command(queryId=alex_20240424045628_904ab5d5-b816-42df-b41a-55421a29f39b): create table nonAcidOrcTbl2(a int, b int) clustered by (a) into 2 buckets stored as orc TBLPROPERTIES ('transactional'='false')
2024-04-24T04:56:29,007  INFO [main] ql.Driver: Starting task [Stage-0:DDL] in serial mode
2024-04-24T04:56:29,008  INFO [main] HiveMetaStore.audit: ugi=alex	ip=unknown-ip-addr	cmd=create_table_req: Table(tableName:nonAcidOrcTbl2, dbName:default, owner:alex, createTime:1713959789, lastAccessTime:0, retention:0, sd:StorageDescriptor(cols:[FieldSchema(name:a, type:int, comment:null), FieldSchema(name:b, type:int, comment:null)], location:null, inputFormat:org.apache.hadoop.hive.ql.io.orc.OrcInputFormat, outputFormat:org.apache.hadoop.hive.ql.io.orc.OrcOutputFormat, compressed:false, numBuckets:2, serdeInfo:SerDeInfo(name:null, serializationLib:org.apache.hadoop.hive.ql.io.orc.OrcSerde, parameters:{serialization.format=1}), bucketCols:[a], sortCols:[], parameters:{}, skewedInfo:SkewedInfo(skewedColNames:[], skewedColValues:[], skewedColValueLocationMaps:{}), storedAsSubDirectories:false), partitionKeys:[], parameters:{numRows=0, rawDataSize=0, totalSize=0, numFiles=0, numFilesErasureCoded=0, COLUMN_STATS_ACCURATE={"BASIC_STATS":"true","COLUMN_STATS":{"a":"true","b":"true"}}, bucketing_version=2, transactional=false}, viewOriginalText:null, viewExpandedText:null, tableType:MANAGED_TABLE, privileges:PrincipalPrivilegeSet(userPrivileges:{alex=[PrivilegeGrantInfo(privilege:INSERT, createTime:-1, grantor:alex, grantorType:USER, grantOption:true), PrivilegeGrantInfo(privilege:SELECT, createTime:-1, grantor:alex, grantorType:USER, grantOption:true), PrivilegeGrantInfo(privilege:UPDATE, createTime:-1, grantor:alex, grantorType:USER, grantOption:true), PrivilegeGrantInfo(privilege:DELETE, createTime:-1, grantor:alex, grantorType:USER, grantOption:true)]}, groupPrivileges:null, rolePrivileges:null), temporary:false, catName:hive, ownerType:USER)	
2024-04-24T04:56:29,013  INFO [main] utils.FileUtils: Creating directory if it doesn't exist: file:/home/alex/Repositories/hive/ql/target/tmp/org.apache.hadoop.hive.ql.TestTxnExIm-1713959704617/warehouse/nonacidorctbl2
2024-04-24T04:56:29,026  INFO [main] metadata.Hive: Dumping metastore api call timing information for : execution phase
2024-04-24T04:56:29,026  INFO [main] metadata.Hive: Total time spent in each metastore function (ms): {createTable_(Table)=18, isCompatibleWith_(Configuration)=0}
2024-04-24T04:56:29,026  INFO [main] ql.Driver: Completed executing command(queryId=alex_20240424045628_904ab5d5-b816-42df-b41a-55421a29f39b); Time taken: 0.019 seconds
2024-04-24T04:56:29,026  INFO [main] lockmgr.DbTxnManager: Stopped heartbeat for query: alex_20240424045628_904ab5d5-b816-42df-b41a-55421a29f39b
2024-04-24T04:56:29,029  INFO [main] txn.TxnHandler: Expected to move at least one record from txn_components to completed_txn_components when committing txn! txnid:10
2024-04-24T04:56:29,034  INFO [main] txn.TxnHandler: Removed transactions: ([10]) from MIN_HISTORY_LEVEL
2024-04-24T04:56:29,034  WARN [main] txn.CompactionTxnHandler: No compaction queue record found for Compaction type transaction commit. txnId:10
2024-04-24T04:56:29,034  INFO [main] ql.TxnCommandsBaseForTests: Running the query: create temporary  table acidTbl2(a int, b int, c int) clustered by (c) into 2 buckets stored as orc TBLPROPERTIES ('transactional'='true')
2024-04-24T04:56:29,034  INFO [main] ql.Driver: Compiling command(queryId=alex_20240424045629_77a7a632-babe-428e-a2cc-cf7f7511cf98): create temporary  table acidTbl2(a int, b int, c int) clustered by (c) into 2 buckets stored as orc TBLPROPERTIES ('transactional'='true')
2024-04-24T04:56:29,037  INFO [main] txn.TxnHandler: Added entries to MIN_HISTORY_LEVEL for current txns: ([11]) with min_open_txn: 1
2024-04-24T04:56:29,037  INFO [main] lockmgr.DbTxnManager: Opened txnid:11
2024-04-24T04:56:29,037  INFO [main] parse.CalcitePlanner: Starting caching scope for: 
2024-04-24T04:56:29,037  INFO [main] parse.CalcitePlanner: Starting Semantic Analysis
2024-04-24T04:56:29,040  INFO [main] parse.CalcitePlanner: Creating table default.acidTbl2 position=24
2024-04-24T04:56:29,040  INFO [main] HiveMetaStore.audit: ugi=alex	ip=unknown-ip-addr	cmd=get_database: default	
2024-04-24T04:56:29,041  INFO [main] parse.CalcitePlanner: Ending caching scope for: 
2024-04-24T04:56:29,041  INFO [main] ql.Driver: Semantic Analysis Completed (retrial = false)
2024-04-24T04:56:29,041  INFO [main] ql.Driver: Created Hive schema: Schema(fieldSchemas:null, properties:null)
2024-04-24T04:56:29,041  INFO [main] metadata.Hive: Dumping metastore api call timing information for : compilation phase
2024-04-24T04:56:29,041  INFO [main] metadata.Hive: Total time spent in each metastore function (ms): {getValidTxns_(long)=0, flushCache_()=0, openTxn_(String, TxnType)=2, getValidWriteIds_(List, String)=2, isCompatibleWith_(Configuration)=0, getDatabase_(String)=1, commitTxn_(CommitTxnRequest)=8}
2024-04-24T04:56:29,042  INFO [main] ql.Driver: Completed compiling command(queryId=alex_20240424045629_77a7a632-babe-428e-a2cc-cf7f7511cf98); Time taken: 0.007 seconds
2024-04-24T04:56:29,042  INFO [main] lockmgr.DbTxnManager: Setting lock request transaction to txnid:11 for queryId=alex_20240424045629_77a7a632-babe-428e-a2cc-cf7f7511cf98
2024-04-24T04:56:29,042  INFO [main] lockmgr.DbLockManager: Requesting lock for queryId=alex_20240424045629_77a7a632-babe-428e-a2cc-cf7f7511cf98
2024-04-24T04:56:29,054  INFO [main] lockmgr.DbLockManager: Response to queryId=alex_20240424045629_77a7a632-babe-428e-a2cc-cf7f7511cf98 LockResponse(lockid:5, state:ACQUIRED)
2024-04-24T04:56:29,054  INFO [main] ql.Driver: Operation CREATETABLE obtained 1 locks
2024-04-24T04:56:29,055  INFO [main] ql.Driver: Executing command(queryId=alex_20240424045629_77a7a632-babe-428e-a2cc-cf7f7511cf98): create temporary  table acidTbl2(a int, b int, c int) clustered by (c) into 2 buckets stored as orc TBLPROPERTIES ('transactional'='true')
2024-04-24T04:56:29,055  INFO [main] ql.Driver: Starting task [Stage-0:DDL] in serial mode
2024-04-24T04:56:29,056  INFO [main] utils.FileUtils: Creating directory if it doesn't exist: file:/home/alex/Repositories/hive/ql/target/tmp/scratchdir/alex/56e08b2e-de69-4589-b547-68b079721dec/_tmp_space.db/0d062d1c-58ac-456b-9357-f7440833fe47
2024-04-24T04:56:29,058  INFO [main] metadata.Hive: Dumping metastore api call timing information for : execution phase
2024-04-24T04:56:29,058  INFO [main] metadata.Hive: Total time spent in each metastore function (ms): {isCompatibleWith_(Configuration)=0, createTable_(Table)=3}
2024-04-24T04:56:29,059  INFO [main] ql.Driver: Completed executing command(queryId=alex_20240424045629_77a7a632-babe-428e-a2cc-cf7f7511cf98); Time taken: 0.003 seconds
2024-04-24T04:56:29,059  INFO [main] lockmgr.DbTxnManager: Stopped heartbeat for query: alex_20240424045629_77a7a632-babe-428e-a2cc-cf7f7511cf98
2024-04-24T04:56:29,062  INFO [main] txn.TxnHandler: Expected to move at least one record from txn_components to completed_txn_components when committing txn! txnid:11
2024-04-24T04:56:29,067  INFO [main] txn.TxnHandler: Removed transactions: ([11]) from MIN_HISTORY_LEVEL
2024-04-24T04:56:29,067  WARN [main] txn.CompactionTxnHandler: No compaction queue record found for Compaction type transaction commit. txnId:11
2024-04-24T04:56:29,067  INFO [main] ql.TxnCommandsBaseForTests: Running the query: create table nonAcidNonBucket(a int, b int) stored as orc TBLPROPERTIES ('transactional'='false')
2024-04-24T04:56:29,067  INFO [main] ql.Driver: Compiling command(queryId=alex_20240424045629_969d545b-9420-4a96-8bdc-9b9a0fe8f95e): create table nonAcidNonBucket(a int, b int) stored as orc TBLPROPERTIES ('transactional'='false')
2024-04-24T04:56:29,070  INFO [main] txn.TxnHandler: Added entries to MIN_HISTORY_LEVEL for current txns: ([12]) with min_open_txn: 1
2024-04-24T04:56:29,071  INFO [main] lockmgr.DbTxnManager: Opened txnid:12
2024-04-24T04:56:29,071  INFO [main] parse.CalcitePlanner: Starting caching scope for: 
2024-04-24T04:56:29,071  INFO [main] parse.CalcitePlanner: Starting Semantic Analysis
2024-04-24T04:56:29,073  INFO [main] parse.CalcitePlanner: Creating table default.nonAcidNonBucket position=13
2024-04-24T04:56:29,073  INFO [main] HiveMetaStore.audit: ugi=alex	ip=unknown-ip-addr	cmd=get_database: default	
2024-04-24T04:56:29,075  INFO [main] parse.CalcitePlanner: Ending caching scope for: 
2024-04-24T04:56:29,075  INFO [main] ql.Driver: Semantic Analysis Completed (retrial = false)
2024-04-24T04:56:29,075  INFO [main] ql.Driver: Created Hive schema: Schema(fieldSchemas:null, properties:null)
2024-04-24T04:56:29,075  INFO [main] metadata.Hive: Dumping metastore api call timing information for : compilation phase
2024-04-24T04:56:29,075  INFO [main] metadata.Hive: Total time spent in each metastore function (ms): {getValidTxns_(long)=0, flushCache_()=0, isCompatibleWith_(Configuration)=0, openTxn_(String, TxnType)=2, commitTxn_(CommitTxnRequest)=8, getValidWriteIds_(List, String)=2, getDatabase_(String)=2}
2024-04-24T04:56:29,075  INFO [main] ql.Driver: Completed compiling command(queryId=alex_20240424045629_969d545b-9420-4a96-8bdc-9b9a0fe8f95e); Time taken: 0.008 seconds
2024-04-24T04:56:29,075  INFO [main] lockmgr.DbTxnManager: Setting lock request transaction to txnid:12 for queryId=alex_20240424045629_969d545b-9420-4a96-8bdc-9b9a0fe8f95e
2024-04-24T04:56:29,076  INFO [main] lockmgr.DbLockManager: Requesting lock for queryId=alex_20240424045629_969d545b-9420-4a96-8bdc-9b9a0fe8f95e
2024-04-24T04:56:29,089  INFO [main] lockmgr.DbLockManager: Response to queryId=alex_20240424045629_969d545b-9420-4a96-8bdc-9b9a0fe8f95e LockResponse(lockid:6, state:ACQUIRED)
2024-04-24T04:56:29,089  INFO [main] ql.Driver: Operation CREATETABLE obtained 1 locks
2024-04-24T04:56:29,089  INFO [main] ql.Driver: Executing command(queryId=alex_20240424045629_969d545b-9420-4a96-8bdc-9b9a0fe8f95e): create table nonAcidNonBucket(a int, b int) stored as orc TBLPROPERTIES ('transactional'='false')
2024-04-24T04:56:29,089  INFO [main] ql.Driver: Starting task [Stage-0:DDL] in serial mode
2024-04-24T04:56:29,090  INFO [main] HiveMetaStore.audit: ugi=alex	ip=unknown-ip-addr	cmd=create_table_req: Table(tableName:nonAcidNonBucket, dbName:default, owner:alex, createTime:1713959789, lastAccessTime:0, retention:0, sd:StorageDescriptor(cols:[FieldSchema(name:a, type:int, comment:null), FieldSchema(name:b, type:int, comment:null)], location:null, inputFormat:org.apache.hadoop.hive.ql.io.orc.OrcInputFormat, outputFormat:org.apache.hadoop.hive.ql.io.orc.OrcOutputFormat, compressed:false, numBuckets:-1, serdeInfo:SerDeInfo(name:null, serializationLib:org.apache.hadoop.hive.ql.io.orc.OrcSerde, parameters:{serialization.format=1}), bucketCols:[], sortCols:[], parameters:{}, skewedInfo:SkewedInfo(skewedColNames:[], skewedColValues:[], skewedColValueLocationMaps:{}), storedAsSubDirectories:false), partitionKeys:[], parameters:{rawDataSize=0, bucketing_version=2, numFilesErasureCoded=0, numFiles=0, numRows=0, COLUMN_STATS_ACCURATE={"BASIC_STATS":"true","COLUMN_STATS":{"a":"true","b":"true"}}, totalSize=0, transactional=false}, viewOriginalText:null, viewExpandedText:null, tableType:MANAGED_TABLE, privileges:PrincipalPrivilegeSet(userPrivileges:{alex=[PrivilegeGrantInfo(privilege:INSERT, createTime:-1, grantor:alex, grantorType:USER, grantOption:true), PrivilegeGrantInfo(privilege:SELECT, createTime:-1, grantor:alex, grantorType:USER, grantOption:true), PrivilegeGrantInfo(privilege:UPDATE, createTime:-1, grantor:alex, grantorType:USER, grantOption:true), PrivilegeGrantInfo(privilege:DELETE, createTime:-1, grantor:alex, grantorType:USER, grantOption:true)]}, groupPrivileges:null, rolePrivileges:null), temporary:false, catName:hive, ownerType:USER)	
2024-04-24T04:56:29,095  INFO [main] utils.FileUtils: Creating directory if it doesn't exist: file:/home/alex/Repositories/hive/ql/target/tmp/org.apache.hadoop.hive.ql.TestTxnExIm-1713959704617/warehouse/nonacidnonbucket
2024-04-24T04:56:29,108  INFO [main] metadata.Hive: Dumping metastore api call timing information for : execution phase
2024-04-24T04:56:29,108  INFO [main] metadata.Hive: Total time spent in each metastore function (ms): {createTable_(Table)=18, isCompatibleWith_(Configuration)=0}
2024-04-24T04:56:29,108  INFO [main] ql.Driver: Completed executing command(queryId=alex_20240424045629_969d545b-9420-4a96-8bdc-9b9a0fe8f95e); Time taken: 0.019 seconds
2024-04-24T04:56:29,108  INFO [main] lockmgr.DbTxnManager: Stopped heartbeat for query: alex_20240424045629_969d545b-9420-4a96-8bdc-9b9a0fe8f95e
2024-04-24T04:56:29,111  INFO [main] txn.TxnHandler: Expected to move at least one record from txn_components to completed_txn_components when committing txn! txnid:12
2024-04-24T04:56:29,116  INFO [main] txn.TxnHandler: Removed transactions: ([12]) from MIN_HISTORY_LEVEL
2024-04-24T04:56:29,116  WARN [main] txn.CompactionTxnHandler: No compaction queue record found for Compaction type transaction commit. txnId:12
2024-04-24T04:56:29,116  INFO [main] ql.TxnCommandsBaseForTests: Running the query: drop table if exists T
2024-04-24T04:56:29,117  INFO [main] ql.Driver: Compiling command(queryId=alex_20240424045629_e0ce0e76-9028-48c3-b9f4-3383c9caf915): drop table if exists T
2024-04-24T04:56:29,118  INFO [main] txn.TxnHandler: Added entries to MIN_HISTORY_LEVEL for current txns: ([13]) with min_open_txn: 1
2024-04-24T04:56:29,119  INFO [main] lockmgr.DbTxnManager: Opened txnid:13
2024-04-24T04:56:29,119  INFO [main] HiveMetaStore.audit: ugi=alex	ip=unknown-ip-addr	cmd=get_table : tbl=hive.default.T	
2024-04-24T04:56:29,136  INFO [main] metastore.HMSHandler: Skipping translation for processor with null
2024-04-24T04:56:29,136  INFO [main] ql.Driver: Semantic Analysis Completed (retrial = false)
2024-04-24T04:56:29,136  INFO [main] ql.Driver: Created Hive schema: Schema(fieldSchemas:null, properties:null)
2024-04-24T04:56:29,136  INFO [main] metadata.Hive: Dumping metastore api call timing information for : compilation phase
2024-04-24T04:56:29,136  INFO [main] metadata.Hive: Total time spent in each metastore function (ms): {flushCache_()=0, getTable_(GetTableRequest)=17, openTxn_(String, TxnType)=2, commitTxn_(CommitTxnRequest)=8, getValidTxns_(long)=0, isCompatibleWith_(Configuration)=0}
2024-04-24T04:56:29,137  INFO [main] ql.Driver: Completed compiling command(queryId=alex_20240424045629_e0ce0e76-9028-48c3-b9f4-3383c9caf915); Time taken: 0.019 seconds
2024-04-24T04:56:29,137  INFO [main] lockmgr.DbTxnManager: Setting lock request transaction to txnid:13 for queryId=alex_20240424045629_e0ce0e76-9028-48c3-b9f4-3383c9caf915
2024-04-24T04:56:29,137  INFO [main] lockmgr.DbLockManager: Requesting lock for queryId=alex_20240424045629_e0ce0e76-9028-48c3-b9f4-3383c9caf915
2024-04-24T04:56:29,153  INFO [main] lockmgr.DbLockManager: Response to queryId=alex_20240424045629_e0ce0e76-9028-48c3-b9f4-3383c9caf915 LockResponse(lockid:7, state:ACQUIRED)
2024-04-24T04:56:29,153  INFO [main] ql.Driver: Operation DROPTABLE obtained 1 locks
2024-04-24T04:56:29,153  INFO [main] ql.Driver: Executing command(queryId=alex_20240424045629_e0ce0e76-9028-48c3-b9f4-3383c9caf915): drop table if exists T
2024-04-24T04:56:29,153  INFO [main] ql.Driver: Starting task [Stage-0:DDL] in serial mode
2024-04-24T04:56:29,153  INFO [main] HiveMetaStore.audit: ugi=alex	ip=unknown-ip-addr	cmd=get_table : tbl=hive.default.T	
2024-04-24T04:56:29,159  INFO [main] metastore.HMSHandler: Skipping translation for processor with null
2024-04-24T04:56:29,159  INFO [main] HiveMetaStore.audit: ugi=alex	ip=unknown-ip-addr	cmd=get_table : tbl=hive.default.T	
2024-04-24T04:56:29,165  INFO [main] metastore.HMSHandler: Skipping translation for processor with null
2024-04-24T04:56:29,165  INFO [main] HiveMetaStore.audit: ugi=alex	ip=unknown-ip-addr	cmd=drop_table : tbl=hive.default.T	
2024-04-24T04:56:29,251  WARN [main] utils.FileUtils: File file:/home/alex/Repositories/hive/ql/target/tmp/org.apache.hadoop.hive.ql.TestTxnExIm-1713959704617/warehouse/t does not exist; Force to delete it.
2024-04-24T04:56:29,251 ERROR [main] utils.FileUtils: Failed to delete file:/home/alex/Repositories/hive/ql/target/tmp/org.apache.hadoop.hive.ql.TestTxnExIm-1713959704617/warehouse/t
2024-04-24T04:56:29,251  INFO [main] metadata.Hive: Dumping metastore api call timing information for : execution phase
2024-04-24T04:56:29,251  INFO [main] metadata.Hive: Total time spent in each metastore function (ms): {getTable_(GetTableRequest)=6, isCompatibleWith_(Configuration)=0, dropTable_(String, String, boolean, boolean, boolean)=92}
2024-04-24T04:56:29,251  INFO [main] ql.Driver: Completed executing command(queryId=alex_20240424045629_e0ce0e76-9028-48c3-b9f4-3383c9caf915); Time taken: 0.098 seconds
2024-04-24T04:56:29,251  INFO [main] lockmgr.DbTxnManager: Stopped heartbeat for query: alex_20240424045629_e0ce0e76-9028-48c3-b9f4-3383c9caf915
2024-04-24T04:56:29,254  INFO [main] txn.TxnHandler: Expected to move at least one record from txn_components to completed_txn_components when committing txn! txnid:13
2024-04-24T04:56:29,259  INFO [main] txn.TxnHandler: Removed transactions: ([13]) from MIN_HISTORY_LEVEL
2024-04-24T04:56:29,259  WARN [main] txn.CompactionTxnHandler: No compaction queue record found for Compaction type transaction commit. txnId:13
2024-04-24T04:56:29,260  INFO [main] ql.TxnCommandsBaseForTests: Running the query: drop table if exists Tstage
2024-04-24T04:56:29,260  INFO [main] ql.Driver: Compiling command(queryId=alex_20240424045629_0472ed87-2efe-4756-b939-1e8e420919de): drop table if exists Tstage
2024-04-24T04:56:29,262  INFO [main] txn.TxnHandler: Added entries to MIN_HISTORY_LEVEL for current txns: ([14]) with min_open_txn: 1
2024-04-24T04:56:29,262  INFO [main] lockmgr.DbTxnManager: Opened txnid:14
2024-04-24T04:56:29,262  INFO [main] HiveMetaStore.audit: ugi=alex	ip=unknown-ip-addr	cmd=get_table : tbl=hive.default.Tstage	
2024-04-24T04:56:29,268  INFO [main] metastore.HMSHandler: Skipping translation for processor with null
2024-04-24T04:56:29,268  INFO [main] ql.Driver: Semantic Analysis Completed (retrial = false)
2024-04-24T04:56:29,269  INFO [main] ql.Driver: Created Hive schema: Schema(fieldSchemas:null, properties:null)
2024-04-24T04:56:29,269  INFO [main] metadata.Hive: Dumping metastore api call timing information for : compilation phase
2024-04-24T04:56:29,269  INFO [main] metadata.Hive: Total time spent in each metastore function (ms): {openTxn_(String, TxnType)=2, getTable_(GetTableRequest)=6, flushCache_()=0, getValidTxns_(long)=0, isCompatibleWith_(Configuration)=1, commitTxn_(CommitTxnRequest)=7}
2024-04-24T04:56:29,269  INFO [main] ql.Driver: Completed compiling command(queryId=alex_20240424045629_0472ed87-2efe-4756-b939-1e8e420919de); Time taken: 0.009 seconds
2024-04-24T04:56:29,269  INFO [main] lockmgr.DbTxnManager: Setting lock request transaction to txnid:14 for queryId=alex_20240424045629_0472ed87-2efe-4756-b939-1e8e420919de
2024-04-24T04:56:29,270  INFO [main] lockmgr.DbLockManager: Requesting lock for queryId=alex_20240424045629_0472ed87-2efe-4756-b939-1e8e420919de
2024-04-24T04:56:29,282  INFO [main] lockmgr.DbLockManager: Response to queryId=alex_20240424045629_0472ed87-2efe-4756-b939-1e8e420919de LockResponse(lockid:8, state:ACQUIRED)
2024-04-24T04:56:29,282  INFO [main] ql.Driver: Operation DROPTABLE obtained 1 locks
2024-04-24T04:56:29,282  INFO [main] ql.Driver: Executing command(queryId=alex_20240424045629_0472ed87-2efe-4756-b939-1e8e420919de): drop table if exists Tstage
2024-04-24T04:56:29,282  INFO [main] ql.Driver: Starting task [Stage-0:DDL] in serial mode
2024-04-24T04:56:29,282  INFO [main] HiveMetaStore.audit: ugi=alex	ip=unknown-ip-addr	cmd=get_table : tbl=hive.default.Tstage	
2024-04-24T04:56:29,288  INFO [main] metastore.HMSHandler: Skipping translation for processor with null
2024-04-24T04:56:29,289  INFO [main] HiveMetaStore.audit: ugi=alex	ip=unknown-ip-addr	cmd=get_table : tbl=hive.default.Tstage	
2024-04-24T04:56:29,294  INFO [main] metastore.HMSHandler: Skipping translation for processor with null
2024-04-24T04:56:29,294  INFO [main] HiveMetaStore.audit: ugi=alex	ip=unknown-ip-addr	cmd=drop_table : tbl=hive.default.Tstage	
2024-04-24T04:56:29,330  WARN [main] utils.FileUtils: File file:/home/alex/Repositories/hive/ql/target/tmp/org.apache.hadoop.hive.ql.TestTxnExIm-1713959704617/warehouse/tstage does not exist; Force to delete it.
2024-04-24T04:56:29,330 ERROR [main] utils.FileUtils: Failed to delete file:/home/alex/Repositories/hive/ql/target/tmp/org.apache.hadoop.hive.ql.TestTxnExIm-1713959704617/warehouse/tstage
2024-04-24T04:56:29,330  INFO [main] metadata.Hive: Dumping metastore api call timing information for : execution phase
2024-04-24T04:56:29,330  INFO [main] metadata.Hive: Total time spent in each metastore function (ms): {isCompatibleWith_(Configuration)=0, getTable_(GetTableRequest)=6, dropTable_(String, String, boolean, boolean, boolean)=41}
2024-04-24T04:56:29,330  INFO [main] ql.Driver: Completed executing command(queryId=alex_20240424045629_0472ed87-2efe-4756-b939-1e8e420919de); Time taken: 0.048 seconds
2024-04-24T04:56:29,330  INFO [main] lockmgr.DbTxnManager: Stopped heartbeat for query: alex_20240424045629_0472ed87-2efe-4756-b939-1e8e420919de
2024-04-24T04:56:29,334  INFO [main] txn.TxnHandler: Expected to move at least one record from txn_components to completed_txn_components when committing txn! txnid:14
2024-04-24T04:56:29,338  INFO [main] txn.TxnHandler: Removed transactions: ([14]) from MIN_HISTORY_LEVEL
2024-04-24T04:56:29,339  WARN [main] txn.CompactionTxnHandler: No compaction queue record found for Compaction type transaction commit. txnId:14
2024-04-24T04:56:29,339  INFO [main] ql.TxnCommandsBaseForTests: Running the query: create table T (a int, b int) stored as orc
2024-04-24T04:56:29,339  INFO [main] ql.Driver: Compiling command(queryId=alex_20240424045629_96a6a605-c011-487e-8c48-9773eadb9365): create table T (a int, b int) stored as orc
2024-04-24T04:56:29,342  INFO [main] txn.TxnHandler: Added entries to MIN_HISTORY_LEVEL for current txns: ([15]) with min_open_txn: 1
2024-04-24T04:56:29,342  INFO [main] lockmgr.DbTxnManager: Opened txnid:15
2024-04-24T04:56:29,342  INFO [main] parse.CalcitePlanner: Starting caching scope for: 
2024-04-24T04:56:29,342  INFO [main] parse.CalcitePlanner: Starting Semantic Analysis
2024-04-24T04:56:29,346  INFO [main] parse.CalcitePlanner: Creating table default.T position=13
2024-04-24T04:56:29,346  INFO [main] parse.CalcitePlanner: Automatically chose to make default.T acid.
2024-04-24T04:56:29,347  INFO [main] HiveMetaStore.audit: ugi=alex	ip=unknown-ip-addr	cmd=get_database: default	
2024-04-24T04:56:29,348  INFO [main] parse.CalcitePlanner: Ending caching scope for: 
2024-04-24T04:56:29,348  INFO [main] ql.Driver: Semantic Analysis Completed (retrial = false)
2024-04-24T04:56:29,348  INFO [main] ql.Driver: Created Hive schema: Schema(fieldSchemas:null, properties:null)
2024-04-24T04:56:29,348  INFO [main] metadata.Hive: Dumping metastore api call timing information for : compilation phase
2024-04-24T04:56:29,348  INFO [main] metadata.Hive: Total time spent in each metastore function (ms): {flushCache_()=0, getValidWriteIds_(List, String)=3, commitTxn_(CommitTxnRequest)=9, getDatabase_(String)=2, isCompatibleWith_(Configuration)=0, getValidTxns_(long)=0, openTxn_(String, TxnType)=2}
2024-04-24T04:56:29,349  INFO [main] ql.Driver: Completed compiling command(queryId=alex_20240424045629_96a6a605-c011-487e-8c48-9773eadb9365); Time taken: 0.009 seconds
2024-04-24T04:56:29,349  INFO [main] lockmgr.DbTxnManager: Setting lock request transaction to txnid:15 for queryId=alex_20240424045629_96a6a605-c011-487e-8c48-9773eadb9365
2024-04-24T04:56:29,349  INFO [main] lockmgr.DbLockManager: Requesting lock for queryId=alex_20240424045629_96a6a605-c011-487e-8c48-9773eadb9365
2024-04-24T04:56:29,361  INFO [main] lockmgr.DbLockManager: Response to queryId=alex_20240424045629_96a6a605-c011-487e-8c48-9773eadb9365 LockResponse(lockid:9, state:ACQUIRED)
2024-04-24T04:56:29,361  INFO [main] ql.Driver: Operation CREATETABLE obtained 1 locks
2024-04-24T04:56:29,361  INFO [main] ql.Driver: Executing command(queryId=alex_20240424045629_96a6a605-c011-487e-8c48-9773eadb9365): create table T (a int, b int) stored as orc
2024-04-24T04:56:29,361  INFO [main] ql.Driver: Starting task [Stage-0:DDL] in serial mode
2024-04-24T04:56:29,362  INFO [main] HiveMetaStore.audit: ugi=alex	ip=unknown-ip-addr	cmd=create_table_req: Table(tableName:T, dbName:default, owner:alex, createTime:1713959789, lastAccessTime:0, retention:0, sd:StorageDescriptor(cols:[FieldSchema(name:a, type:int, comment:null), FieldSchema(name:b, type:int, comment:null)], location:null, inputFormat:org.apache.hadoop.hive.ql.io.orc.OrcInputFormat, outputFormat:org.apache.hadoop.hive.ql.io.orc.OrcOutputFormat, compressed:false, numBuckets:-1, serdeInfo:SerDeInfo(name:null, serializationLib:org.apache.hadoop.hive.ql.io.orc.OrcSerde, parameters:{serialization.format=1}), bucketCols:[], sortCols:[], parameters:{}, skewedInfo:SkewedInfo(skewedColNames:[], skewedColValues:[], skewedColValueLocationMaps:{}), storedAsSubDirectories:false), partitionKeys:[], parameters:{rawDataSize=0, totalSize=0, COLUMN_STATS_ACCURATE={"BASIC_STATS":"true","COLUMN_STATS":{"a":"true","b":"true"}}, numRows=0, transactional_properties=default, numFilesErasureCoded=0, transactional=true, numFiles=0, bucketing_version=2}, viewOriginalText:null, viewExpandedText:null, tableType:MANAGED_TABLE, privileges:PrincipalPrivilegeSet(userPrivileges:{alex=[PrivilegeGrantInfo(privilege:INSERT, createTime:-1, grantor:alex, grantorType:USER, grantOption:true), PrivilegeGrantInfo(privilege:SELECT, createTime:-1, grantor:alex, grantorType:USER, grantOption:true), PrivilegeGrantInfo(privilege:UPDATE, createTime:-1, grantor:alex, grantorType:USER, grantOption:true), PrivilegeGrantInfo(privilege:DELETE, createTime:-1, grantor:alex, grantorType:USER, grantOption:true)]}, groupPrivileges:null, rolePrivileges:null), temporary:false, catName:hive, ownerType:USER, writeId:0)	
2024-04-24T04:56:29,367  INFO [main] utils.FileUtils: Creating directory if it doesn't exist: file:/home/alex/Repositories/hive/ql/target/tmp/org.apache.hadoop.hive.ql.TestTxnExIm-1713959704617/warehouse/t
2024-04-24T04:56:29,396  INFO [main] metadata.Hive: Dumping metastore api call timing information for : execution phase
2024-04-24T04:56:29,396  INFO [main] metadata.Hive: Total time spent in each metastore function (ms): {createTable_(Table)=34, isCompatibleWith_(Configuration)=0}
2024-04-24T04:56:29,396  INFO [main] ql.Driver: Completed executing command(queryId=alex_20240424045629_96a6a605-c011-487e-8c48-9773eadb9365); Time taken: 0.035 seconds
2024-04-24T04:56:29,396  INFO [main] lockmgr.DbTxnManager: Stopped heartbeat for query: alex_20240424045629_96a6a605-c011-487e-8c48-9773eadb9365
2024-04-24T04:56:29,399  INFO [main] txn.TxnHandler: Expected to move at least one record from txn_components to completed_txn_components when committing txn! txnid:15
2024-04-24T04:56:29,404  INFO [main] txn.TxnHandler: Removed transactions: ([15]) from MIN_HISTORY_LEVEL
2024-04-24T04:56:29,404  WARN [main] txn.CompactionTxnHandler: No compaction queue record found for Compaction type transaction commit. txnId:15
2024-04-24T04:56:29,404  INFO [main] ql.TxnCommandsBaseForTests: Running the query: create table Tstage (a int, b int) stored as orc tblproperties('transactional'='true')
2024-04-24T04:56:29,405  INFO [main] ql.Driver: Compiling command(queryId=alex_20240424045629_06245ed2-6e98-4014-a317-f135d7ebb726): create table Tstage (a int, b int) stored as orc tblproperties('transactional'='true')
2024-04-24T04:56:29,409  INFO [main] txn.TxnHandler: Added entries to MIN_HISTORY_LEVEL for current txns: ([16]) with min_open_txn: 1
2024-04-24T04:56:29,409  INFO [main] lockmgr.DbTxnManager: Opened txnid:16
2024-04-24T04:56:29,410  INFO [main] parse.CalcitePlanner: Starting caching scope for: 
2024-04-24T04:56:29,410  INFO [main] parse.CalcitePlanner: Starting Semantic Analysis
2024-04-24T04:56:29,412  INFO [main] parse.CalcitePlanner: Creating table default.Tstage position=13
2024-04-24T04:56:29,412  INFO [main] HiveMetaStore.audit: ugi=alex	ip=unknown-ip-addr	cmd=get_database: default	
2024-04-24T04:56:29,414  INFO [main] parse.CalcitePlanner: Ending caching scope for: 
2024-04-24T04:56:29,414  INFO [main] ql.Driver: Semantic Analysis Completed (retrial = false)
2024-04-24T04:56:29,414  INFO [main] ql.Driver: Created Hive schema: Schema(fieldSchemas:null, properties:null)
2024-04-24T04:56:29,414  INFO [main] metadata.Hive: Dumping metastore api call timing information for : compilation phase
2024-04-24T04:56:29,414  INFO [main] metadata.Hive: Total time spent in each metastore function (ms): {getValidTxns_(long)=1, getValidWriteIds_(List, String)=2, getDatabase_(String)=2, isCompatibleWith_(Configuration)=1, commitTxn_(CommitTxnRequest)=7, flushCache_()=0, openTxn_(String, TxnType)=4}
2024-04-24T04:56:29,414  INFO [main] ql.Driver: Completed compiling command(queryId=alex_20240424045629_06245ed2-6e98-4014-a317-f135d7ebb726); Time taken: 0.009 seconds
2024-04-24T04:56:29,414  INFO [main] lockmgr.DbTxnManager: Setting lock request transaction to txnid:16 for queryId=alex_20240424045629_06245ed2-6e98-4014-a317-f135d7ebb726
2024-04-24T04:56:29,415  INFO [main] lockmgr.DbLockManager: Requesting lock for queryId=alex_20240424045629_06245ed2-6e98-4014-a317-f135d7ebb726
2024-04-24T04:56:29,428  INFO [main] lockmgr.DbLockManager: Response to queryId=alex_20240424045629_06245ed2-6e98-4014-a317-f135d7ebb726 LockResponse(lockid:10, state:ACQUIRED)
2024-04-24T04:56:29,429  INFO [main] ql.Driver: Operation CREATETABLE obtained 1 locks
2024-04-24T04:56:29,429  INFO [main] ql.Driver: Executing command(queryId=alex_20240424045629_06245ed2-6e98-4014-a317-f135d7ebb726): create table Tstage (a int, b int) stored as orc tblproperties('transactional'='true')
2024-04-24T04:56:29,429  INFO [main] ql.Driver: Starting task [Stage-0:DDL] in serial mode
2024-04-24T04:56:29,430  INFO [main] HiveMetaStore.audit: ugi=alex	ip=unknown-ip-addr	cmd=create_table_req: Table(tableName:Tstage, dbName:default, owner:alex, createTime:1713959789, lastAccessTime:0, retention:0, sd:StorageDescriptor(cols:[FieldSchema(name:a, type:int, comment:null), FieldSchema(name:b, type:int, comment:null)], location:null, inputFormat:org.apache.hadoop.hive.ql.io.orc.OrcInputFormat, outputFormat:org.apache.hadoop.hive.ql.io.orc.OrcOutputFormat, compressed:false, numBuckets:-1, serdeInfo:SerDeInfo(name:null, serializationLib:org.apache.hadoop.hive.ql.io.orc.OrcSerde, parameters:{serialization.format=1}), bucketCols:[], sortCols:[], parameters:{}, skewedInfo:SkewedInfo(skewedColNames:[], skewedColValues:[], skewedColValueLocationMaps:{}), storedAsSubDirectories:false), partitionKeys:[], parameters:{totalSize=0, numFiles=0, numRows=0, rawDataSize=0, numFilesErasureCoded=0, transactional=true, COLUMN_STATS_ACCURATE={"BASIC_STATS":"true","COLUMN_STATS":{"a":"true","b":"true"}}, bucketing_version=2}, viewOriginalText:null, viewExpandedText:null, tableType:MANAGED_TABLE, privileges:PrincipalPrivilegeSet(userPrivileges:{alex=[PrivilegeGrantInfo(privilege:INSERT, createTime:-1, grantor:alex, grantorType:USER, grantOption:true), PrivilegeGrantInfo(privilege:SELECT, createTime:-1, grantor:alex, grantorType:USER, grantOption:true), PrivilegeGrantInfo(privilege:UPDATE, createTime:-1, grantor:alex, grantorType:USER, grantOption:true), PrivilegeGrantInfo(privilege:DELETE, createTime:-1, grantor:alex, grantorType:USER, grantOption:true)]}, groupPrivileges:null, rolePrivileges:null), temporary:false, catName:hive, ownerType:USER, writeId:0)	
2024-04-24T04:56:29,435  INFO [main] utils.FileUtils: Creating directory if it doesn't exist: file:/home/alex/Repositories/hive/ql/target/tmp/org.apache.hadoop.hive.ql.TestTxnExIm-1713959704617/warehouse/tstage
2024-04-24T04:56:29,449  INFO [main] metadata.Hive: Dumping metastore api call timing information for : execution phase
2024-04-24T04:56:29,449  INFO [main] metadata.Hive: Total time spent in each metastore function (ms): {createTable_(Table)=18, isCompatibleWith_(Configuration)=0}
2024-04-24T04:56:29,449  INFO [main] ql.Driver: Completed executing command(queryId=alex_20240424045629_06245ed2-6e98-4014-a317-f135d7ebb726); Time taken: 0.02 seconds
2024-04-24T04:56:29,449  INFO [main] lockmgr.DbTxnManager: Stopped heartbeat for query: alex_20240424045629_06245ed2-6e98-4014-a317-f135d7ebb726
2024-04-24T04:56:29,452  INFO [main] txn.TxnHandler: Expected to move at least one record from txn_components to completed_txn_components when committing txn! txnid:16
2024-04-24T04:56:29,457  INFO [main] txn.TxnHandler: Removed transactions: ([16]) from MIN_HISTORY_LEVEL
2024-04-24T04:56:29,457  WARN [main] txn.CompactionTxnHandler: No compaction queue record found for Compaction type transaction commit. txnId:16
2024-04-24T04:56:29,457  INFO [main] ql.TxnCommandsBaseForTests: Running the query: insert into Tstage values(1,2),(3,4),(5,6)
2024-04-24T04:56:29,457  INFO [main] ql.Driver: Compiling command(queryId=alex_20240424045629_cc7e99db-9b42-42b1-b8ec-92f084059f77): insert into Tstage values(1,2),(3,4),(5,6)
2024-04-24T04:56:29,460  INFO [main] txn.TxnHandler: Added entries to MIN_HISTORY_LEVEL for current txns: ([17]) with min_open_txn: 1
2024-04-24T04:56:29,460  INFO [main] lockmgr.DbTxnManager: Opened txnid:17
2024-04-24T04:56:29,460  INFO [main] parse.CalcitePlanner: Starting caching scope for: 
2024-04-24T04:56:29,460  INFO [main] parse.CalcitePlanner: Starting Semantic Analysis
2024-04-24T04:56:29,463  INFO [main] HiveMetaStore.audit: ugi=alex	ip=unknown-ip-addr	cmd=get_table : tbl=hive.default.Tstage	
2024-04-24T04:56:29,478  INFO [main] metastore.HMSHandler: Skipping translation for processor with null
2024-04-24T04:56:29,478  INFO [main] parse.CalcitePlanner: Completed phase 1 of Semantic Analysis
2024-04-24T04:56:29,478  INFO [main] parse.CalcitePlanner: Get metadata for source tables
2024-04-24T04:56:29,478  INFO [main] parse.CalcitePlanner: Get metadata for subqueries
2024-04-24T04:56:29,478  INFO [main] parse.CalcitePlanner: Get metadata for destination tables
2024-04-24T04:56:29,478  INFO [main] HiveMetaStore.audit: ugi=alex	ip=unknown-ip-addr	cmd=get_table : tbl=hive.default.Tstage	
2024-04-24T04:56:29,484  INFO [main] metastore.HMSHandler: Skipping translation for processor with null
2024-04-24T04:56:29,484  INFO [main] parse.CalcitePlanner: Completed getting MetaData in Semantic Analysis
2024-04-24T04:56:29,484  INFO [main] parse.CalcitePlanner: Disabling LLAP IO encode as ETL query is detected
2024-04-24T04:56:29,506  INFO [main] HiveMetaStore.audit: ugi=alex	ip=unknown-ip-addr	cmd=get_all_table_constraints : tbl=hive._dummy_database._dummy_table	
2024-04-24T04:56:29,570  INFO [main] parse.CalcitePlanner: Get metadata for source tables
2024-04-24T04:56:29,570  INFO [main] parse.CalcitePlanner: Get metadata for subqueries
2024-04-24T04:56:29,570  INFO [main] parse.CalcitePlanner: Get metadata for source tables
2024-04-24T04:56:29,571  INFO [main] HiveMetaStore.audit: ugi=alex	ip=unknown-ip-addr	cmd=get_table : tbl=hive._dummy_database._dummy_table	
2024-04-24T04:56:29,573  INFO [main] parse.CalcitePlanner: Get metadata for subqueries
2024-04-24T04:56:29,573  INFO [main] parse.CalcitePlanner: Get metadata for destination tables
2024-04-24T04:56:29,573  INFO [main] parse.CalcitePlanner: Get metadata for destination tables
2024-04-24T04:56:29,573  INFO [main] HiveMetaStore.audit: ugi=alex	ip=unknown-ip-addr	cmd=get_table : tbl=hive.default.Tstage	
2024-04-24T04:56:29,579  INFO [main] metastore.HMSHandler: Skipping translation for processor with null
2024-04-24T04:56:29,581  INFO [main] HiveMetaStore.audit: ugi=alex	ip=unknown-ip-addr	cmd=get_not_null_constraints : tbl=hive.default.tstage	
2024-04-24T04:56:29,582  INFO [main] HiveMetaStore.audit: ugi=alex	ip=unknown-ip-addr	cmd=get_check_constraints : tbl=hive.default.tstage	
2024-04-24T04:56:29,590  INFO [main] txn.TxnHandler: Allocated writeId: 1 for txnId: 17
2024-04-24T04:56:29,590  INFO [main] txn.TxnHandler: Allocated write ids for dbName=default, tblName=tstage (txnIds: [17])
2024-04-24T04:56:29,591  INFO [main] parse.CalcitePlanner: CBO Succeeded; optimized logical plan.
2024-04-24T04:56:29,594  INFO [main] optimizer.BucketVersionPopulator: not considering bucketingVersion for: TS[0] because it has -1<2 buckets 
2024-04-24T04:56:29,594  INFO [main] optimizer.SortedDynPartitionOptimizer: Sorted dynamic partitioning optimization kicked in..
2024-04-24T04:56:29,602  INFO [main] HiveMetaStore.audit: ugi=alex	ip=unknown-ip-addr	cmd=get_table : tbl=hive.default.tstage	
2024-04-24T04:56:29,609  INFO [main] metastore.HMSHandler: Skipping translation for processor with null
2024-04-24T04:56:29,610  INFO [main] physical.Vectorizer: Examining input format to see if vectorization is enabled.
2024-04-24T04:56:29,610  INFO [main] physical.Vectorizer: Map vectorization enabled: false
2024-04-24T04:56:29,610  INFO [main] physical.Vectorizer: Map vectorized: false
2024-04-24T04:56:29,610  INFO [main] physical.Vectorizer: Map vectorizedVertexNum: 0
2024-04-24T04:56:29,610  INFO [main] physical.Vectorizer: Map enabledConditionsMet: [hive.vectorized.use.vectorized.input.format IS true]
2024-04-24T04:56:29,610  INFO [main] physical.Vectorizer: Map enabledConditionsNotMet: [Could not enable vectorization due to partition column names size 1 is greater than the number of table column names size 0 IS false]
2024-04-24T04:56:29,610  INFO [main] physical.Vectorizer: Map inputFileFormatClassNameSet: [org.apache.hadoop.hive.ql.io.NullRowsInputFormat]
2024-04-24T04:56:29,611  INFO [main] parse.CalcitePlanner: Completed plan generation
2024-04-24T04:56:29,611  INFO [main] parse.CalcitePlanner: Ending caching scope for: 
2024-04-24T04:56:29,611  INFO [main] ql.Driver: Semantic Analysis Completed (retrial = false)
2024-04-24T04:56:29,611  INFO [main] ql.Driver: Created Hive schema: Schema(fieldSchemas:[FieldSchema(name:col1, type:int, comment:null), FieldSchema(name:col2, type:int, comment:null)], properties:null)
2024-04-24T04:56:29,611  INFO [main] metadata.Hive: Dumping metastore api call timing information for : compilation phase
2024-04-24T04:56:29,611  INFO [main] metadata.Hive: Total time spent in each metastore function (ms): {getValidWriteIds_(List, String)=3, getTable_(GetTableRequest)=35, getAllTableConstraints_(AllTableConstraintsRequest)=22, flushCache_()=0, openTxn_(String, TxnType)=2, getCheckConstraints_(CheckConstraintsRequest)=1, isCompatibleWith_(Configuration)=1, getValidTxns_(long)=0, allocateTableWriteId_(long, String, String)=7, getNotNullConstraints_(NotNullConstraintsRequest)=1, commitTxn_(CommitTxnRequest)=8}
2024-04-24T04:56:29,611  INFO [main] ql.Driver: Completed compiling command(queryId=alex_20240424045629_cc7e99db-9b42-42b1-b8ec-92f084059f77); Time taken: 0.154 seconds
2024-04-24T04:56:29,611  INFO [main] lockmgr.DbTxnManager: Setting lock request transaction to txnid:17 for queryId=alex_20240424045629_cc7e99db-9b42-42b1-b8ec-92f084059f77
2024-04-24T04:56:29,611  INFO [main] lockmgr.DbLockManager: Requesting lock for queryId=alex_20240424045629_cc7e99db-9b42-42b1-b8ec-92f084059f77
2024-04-24T04:56:29,626  INFO [main] lockmgr.DbLockManager: Response to queryId=alex_20240424045629_cc7e99db-9b42-42b1-b8ec-92f084059f77 LockResponse(lockid:11, state:ACQUIRED)
2024-04-24T04:56:29,626  INFO [main] ql.Driver: Operation QUERY obtained 1 locks
2024-04-24T04:56:29,628  INFO [main] ql.Driver: Executing command(queryId=alex_20240424045629_cc7e99db-9b42-42b1-b8ec-92f084059f77): insert into Tstage values(1,2),(3,4),(5,6)
2024-04-24T04:56:29,629  WARN [main] ql.Driver: Hive-on-MR is deprecated in Hive 2 and may not be available in the future versions. Consider using a different execution engine (i.e. tez, spark) or using Hive 1.X releases.
Query ID = alex_20240424045629_cc7e99db-9b42-42b1-b8ec-92f084059f77
2024-04-24T04:56:29,629  INFO [main] ql.Driver: Query ID = alex_20240424045629_cc7e99db-9b42-42b1-b8ec-92f084059f77
Total jobs = 1
2024-04-24T04:56:29,629  INFO [main] ql.Driver: Total jobs = 1
Launching Job 1 out of 1
2024-04-24T04:56:29,629  INFO [main] ql.Driver: Launching Job 1 out of 1
2024-04-24T04:56:29,754  INFO [main] ql.Driver: Starting task [Stage-1:MAPRED] in serial mode
Number of reduce tasks is set to 0 since there's no reduce operator
2024-04-24T04:56:29,754  INFO [main] exec.Task: Number of reduce tasks is set to 0 since there's no reduce operator
2024-04-24T04:56:29,756  INFO [main] mr.ExecDriver: Using org.apache.hadoop.hive.ql.io.HiveInputFormat
2024-04-24T04:56:29,756  INFO [main] exec.Utilities: Processing alias $hdt$_0:_dummy_table
2024-04-24T04:56:29,756  INFO [main] exec.Utilities: Adding 1 inputs; the first input is file:/home/alex/Repositories/hive/ql/target/tmp/localscratchdir/56e08b2e-de69-4589-b547-68b079721dec/hive_2024-04-24_04-56-29_457_2070988524690326520-1/dummy_path
2024-04-24T04:56:29,765  INFO [main] exec.SerializationUtilities: Serializing MapWork using kryo
2024-04-24T04:56:29,766  INFO [main] exec.Utilities: Serialized plan (via FILE) - name: null size: 5,72KB
2024-04-24T04:56:29,767  WARN [main] impl.MetricsSystemImpl: JobTracker metrics system already initialized!
2024-04-24T04:56:29,770  INFO [main] fs.FSStatsPublisher: created : file:/home/alex/Repositories/hive/ql/target/tmp/localscratchdir/56e08b2e-de69-4589-b547-68b079721dec/hive_2024-04-24_04-56-29_457_2070988524690326520-1/-mr-10000
2024-04-24T04:56:29,772  WARN [main] impl.MetricsSystemImpl: JobTracker metrics system already initialized!
2024-04-24T04:56:29,779  WARN [main] mapreduce.JobResourceUploader: Hadoop command-line option parsing not performed. Implement the Tool interface and execute your application with ToolRunner to remedy this.
2024-04-24T04:56:29,783  WARN [main] mapreduce.JobResourceUploader: No job jar file set.  User classes may not be found. See Job or Job#setJar(String).
2024-04-24T04:56:29,784  INFO [main] io.HiveInputFormat: hive.io.file.readcolumn.ids = 
2024-04-24T04:56:29,784  INFO [main] io.HiveInputFormat: hive.io.file.readcolumn.names = 
2024-04-24T04:56:29,784  INFO [main] io.HiveInputFormat: Generating splits for dirs: file:/home/alex/Repositories/hive/ql/target/tmp/localscratchdir/56e08b2e-de69-4589-b547-68b079721dec/hive_2024-04-24_04-56-29_457_2070988524690326520-1/dummy_path
2024-04-24T04:56:29,784  INFO [main] io.HiveInputFormat: number of splits 1
2024-04-24T04:56:29,801  INFO [main] mapreduce.JobSubmitter: number of splits:1
2024-04-24T04:56:29,818  INFO [main] mapreduce.JobSubmitter: Submitting tokens for job: job_local148414792_0034
2024-04-24T04:56:29,818  INFO [main] mapreduce.JobSubmitter: Executing with tokens: []
2024-04-24T04:56:29,882  INFO [main] mapreduce.Job: The url to track the job: http://localhost:8080/
Job running in-process (local Hadoop)
2024-04-24T04:56:29,882  INFO [main] exec.Task: Job running in-process (local Hadoop)
2024-04-24T04:56:29,882  INFO [Thread-2472] mapred.LocalJobRunner: OutputCommitter set in config org.apache.hadoop.hive.ql.io.HiveFileFormatUtils$NullOutputCommitter
2024-04-24T04:56:29,882  INFO [Thread-2472] mapred.LocalJobRunner: OutputCommitter is org.apache.hadoop.hive.ql.io.HiveFileFormatUtils$NullOutputCommitter
2024-04-24T04:56:29,884  INFO [Thread-2472] mapred.LocalJobRunner: Waiting for map tasks
2024-04-24T04:56:29,884  INFO [LocalJobRunner Map Task Executor #0] mapred.LocalJobRunner: Starting task: attempt_local148414792_0034_m_000000_0
2024-04-24T04:56:29,887  INFO [LocalJobRunner Map Task Executor #0] mapred.Task:  Using ResourceCalculatorProcessTree : [ ]
2024-04-24T04:56:29,887  INFO [LocalJobRunner Map Task Executor #0] mapred.MapTask: Processing split: org.apache.hadoop.hive.ql.io.NullRowsInputFormat:file:/home/alex/Repositories/hive/ql/target/tmp/localscratchdir/56e08b2e-de69-4589-b547-68b079721dec/hive_2024-04-24_04-56-29_457_2070988524690326520-1/dummy_path/null:0+1
2024-04-24T04:56:29,889  INFO [LocalJobRunner Map Task Executor #0] exec.SerializationUtilities: Deserializing MapWork using kryo
2024-04-24T04:56:29,890  INFO [LocalJobRunner Map Task Executor #0] exec.Utilities: Deserialized plan (via FILE) - name: null size: 5,72KB
2024-04-24T04:56:29,890  INFO [LocalJobRunner Map Task Executor #0] mapred.MapTask: numReduceTasks: 0
2024-04-24T04:56:29,892  INFO [LocalJobRunner Map Task Executor #0] exec.MapOperator: Initializing Operator: MAP[0]
2024-04-24T04:56:29,892  INFO [LocalJobRunner Map Task Executor #0] mr.ExecMapper: 
<MAP>Id =0
  <Children>null
  <\Children>
  <Parent><\Parent>
<\MAP>
2024-04-24T04:56:29,893  INFO [LocalJobRunner Map Task Executor #0] exec.TableScanOperator: Initializing Operator: TS[0]
2024-04-24T04:56:29,893  INFO [LocalJobRunner Map Task Executor #0] exec.SelectOperator: Initializing Operator: SEL[1]
2024-04-24T04:56:29,893  INFO [LocalJobRunner Map Task Executor #0] exec.SelectOperator: SELECT null
2024-04-24T04:56:29,893  INFO [LocalJobRunner Map Task Executor #0] exec.UDTFOperator: Initializing Operator: UDTF[2]
2024-04-24T04:56:29,894  INFO [LocalJobRunner Map Task Executor #0] exec.SelectOperator: Initializing Operator: SEL[3]
2024-04-24T04:56:29,894  INFO [LocalJobRunner Map Task Executor #0] exec.SelectOperator: SELECT struct<col1:int,col2:int>
2024-04-24T04:56:29,894  INFO [LocalJobRunner Map Task Executor #0] exec.FileSinkOperator: Initializing Operator: FS[4]
2024-04-24T04:56:29,894  INFO [LocalJobRunner Map Task Executor #0] exec.FileSinkOperator: Using serializer : AbstractSerDe [log=org.apache.logging.slf4j.Log4jLogger@167b171d, configuration=Optional[Configuration: core-default.xml, core-site.xml, mapred-default.xml, mapred-site.xml, yarn-default.xml, yarn-site.xml, hdfs-default.xml, hdfs-site.xml, file:/home/alex/Repositories/hive/ql/target/tmp/TestTxnExIm/mapred/local/localRunner/alex/job_local148414792_0034/job_local148414792_0034.xml], properties={transactional_properties=default, name=default.tstage, transactional=true, columns.types=int:int, columns=a,b, numFilesErasureCoded=0, columns.comments=&amp#0;, bucketing_version=2, serialization.lib=org.apache.hadoop.hive.ql.io.orc.OrcSerde, file.inputformat=org.apache.hadoop.hive.ql.io.orc.OrcInputFormat, file.outputformat=org.apache.hadoop.hive.ql.io.orc.OrcOutputFormat, location=file:/home/alex/Repositories/hive/ql/target/tmp/org.apache.hadoop.hive.ql.TestTxnExIm-1713959704617/warehouse/tstage, column.name.delimiter=,}, tableProperties={transactional_properties=default, name=default.tstage, transactional=true, columns.types=int:int, columns=a,b, numFilesErasureCoded=0, columns.comments=&amp#0;, bucketing_version=2, serialization.lib=org.apache.hadoop.hive.ql.io.orc.OrcSerde, file.inputformat=org.apache.hadoop.hive.ql.io.orc.OrcInputFormat, location=file:/home/alex/Repositories/hive/ql/target/tmp/org.apache.hadoop.hive.ql.TestTxnExIm-1713959704617/warehouse/tstage, file.outputformat=org.apache.hadoop.hive.ql.io.orc.OrcOutputFormat, column.name.delimiter=,}, partitionProperties=Optional.empty, columnNames=[a, b], columnTypes=[int, int], getClass()=class org.apache.hadoop.hive.ql.io.orc.OrcSerde] and formatter : org.apache.hadoop.hive.ql.io.orc.OrcOutputFormat@3cb6be7a
2024-04-24T04:56:29,894  INFO [LocalJobRunner Map Task Executor #0] exec.FileSinkOperator: Final Path: FS file:/home/alex/Repositories/hive/ql/target/tmp/org.apache.hadoop.hive.ql.TestTxnExIm-1713959704617/warehouse/tstage
2024-04-24T04:56:29,894  INFO [LocalJobRunner Map Task Executor #0] exec.FileSinkOperator: New Final Path: FS file:/home/alex/Repositories/hive/ql/target/tmp/org.apache.hadoop.hive.ql.TestTxnExIm-1713959704617/warehouse/tstage
2024-04-24T04:56:29,894  INFO [LocalJobRunner Map Task Executor #0] common.FileUtils: Creating directory if it doesn't exist: file:/home/alex/Repositories/hive/ql/target/tmp/org.apache.hadoop.hive.ql.TestTxnExIm-1713959704617/warehouse
2024-04-24T04:56:29,896  INFO [LocalJobRunner Map Task Executor #0] exec.FileSinkOperator: FS[4]: records written - 1
2024-04-24T04:56:29,896  INFO [LocalJobRunner Map Task Executor #0] impl.PhysicalFsWriter: ORC writer created for path: file:/home/alex/Repositories/hive/ql/target/tmp/org.apache.hadoop.hive.ql.TestTxnExIm-1713959704617/warehouse/tstage/delta_0000001_0000001_0000/bucket_00000_0 with stripeSize: 8388608 blockSize: 268435456 compression: Compress: ZLIB buffer: 32768
2024-04-24T04:56:29,903  INFO [LocalJobRunner Map Task Executor #0] impl.WriterImpl: ORC writer created for path: file:/home/alex/Repositories/hive/ql/target/tmp/org.apache.hadoop.hive.ql.TestTxnExIm-1713959704617/warehouse/tstage/delta_0000001_0000001_0000/bucket_00000_0 with stripeSize: 8388608 options: Compress: ZLIB buffer: 32768
2024-04-24T04:56:29,908  INFO [LocalJobRunner Map Task Executor #0] exec.MapOperator: MAP[0]: records read - 1
2024-04-24T04:56:29,909  INFO [LocalJobRunner Map Task Executor #0] exec.MapOperator: Closing Operator: MAP[0]
2024-04-24T04:56:29,909  INFO [LocalJobRunner Map Task Executor #0] exec.MapOperator: MAP[0]: Total records read - 3. abort - false
2024-04-24T04:56:29,909  INFO [LocalJobRunner Map Task Executor #0] exec.MapOperator: RECORDS_OUT_INTERMEDIATE:0, DESERIALIZE_ERRORS:0, RECORDS_IN:3, RECORDS_OUT_OPERATOR_MAP_0:0, 
2024-04-24T04:56:29,909  INFO [LocalJobRunner Map Task Executor #0] exec.TableScanOperator: Closing Operator: TS[0]
2024-04-24T04:56:29,909  INFO [LocalJobRunner Map Task Executor #0] exec.TableScanOperator: RECORDS_OUT_OPERATOR_TS_0:1, RECORDS_OUT_INTERMEDIATE:0, 
2024-04-24T04:56:29,909  INFO [LocalJobRunner Map Task Executor #0] exec.SelectOperator: Closing Operator: SEL[1]
2024-04-24T04:56:29,909  INFO [LocalJobRunner Map Task Executor #0] exec.SelectOperator: RECORDS_OUT_INTERMEDIATE:0, RECORDS_OUT_OPERATOR_SEL_1:1, 
2024-04-24T04:56:29,909  INFO [LocalJobRunner Map Task Executor #0] exec.UDTFOperator: Closing Operator: UDTF[2]
2024-04-24T04:56:29,909  INFO [LocalJobRunner Map Task Executor #0] exec.UDTFOperator: RECORDS_OUT_INTERMEDIATE:0, RECORDS_OUT_OPERATOR_UDTF_2:3, 
2024-04-24T04:56:29,909  INFO [LocalJobRunner Map Task Executor #0] exec.SelectOperator: Closing Operator: SEL[3]
2024-04-24T04:56:29,909  INFO [LocalJobRunner Map Task Executor #0] exec.SelectOperator: RECORDS_OUT_OPERATOR_SEL_3:3, RECORDS_OUT_INTERMEDIATE:0, 
2024-04-24T04:56:29,909  INFO [LocalJobRunner Map Task Executor #0] exec.FileSinkOperator: Closing Operator: FS[4]
2024-04-24T04:56:29,909  INFO [LocalJobRunner Map Task Executor #0] exec.FileSinkOperator: FS[4]: records written - 3
2024-04-24T04:56:29,911  INFO [LocalJobRunner Map Task Executor #0] FileOperations: Writing manifest to file:/home/alex/Repositories/hive/ql/target/tmp/org.apache.hadoop.hive.ql.TestTxnExIm-1713959704617/warehouse/tstage/_tmp.delta_0000001_0000001_0000/000000_0.manifest with [file:/home/alex/Repositories/hive/ql/target/tmp/org.apache.hadoop.hive.ql.TestTxnExIm-1713959704617/warehouse/tstage/delta_0000001_0000001_0000/bucket_00000_0]
2024-04-24T04:56:29,923  INFO [LocalJobRunner Map Task Executor #0] exec.FileSinkOperator: RECORDS_OUT_1_default.tstage:3, TOTAL_TABLE_ROWS_WRITTEN:3, RECORDS_OUT_INTERMEDIATE:0, RECORDS_OUT_OPERATOR_FS_4:3, 
2024-04-24T04:56:29,924  INFO [LocalJobRunner Map Task Executor #0] mapred.LocalJobRunner: 
2024-04-24T04:56:29,925  INFO [LocalJobRunner Map Task Executor #0] mapred.Task: Task:attempt_local148414792_0034_m_000000_0 is done. And is in the process of committing
2024-04-24T04:56:29,926  INFO [LocalJobRunner Map Task Executor #0] mapred.LocalJobRunner: map
2024-04-24T04:56:29,926  INFO [LocalJobRunner Map Task Executor #0] mapred.Task: Task 'attempt_local148414792_0034_m_000000_0' done.
2024-04-24T04:56:29,926  INFO [LocalJobRunner Map Task Executor #0] mapred.Task: Final Counters for attempt_local148414792_0034_m_000000_0: Counters: 27
	File System Counters
		FILE: Number of bytes read=581540
		FILE: Number of bytes written=39742315
		FILE: Number of read operations=0
		FILE: Number of large read operations=0
		FILE: Number of write operations=0
	Map-Reduce Framework
		Map input records=4
		Map output records=0
		Input split bytes=361
		Spilled Records=0
		Failed Shuffles=0
		Merged Map outputs=0
		GC time elapsed (ms)=0
		Total committed heap usage (bytes)=1237843968
	HIVE
		CREATED_FILES=1
		DESERIALIZE_ERRORS=0
		RECORDS_IN=3
		RECORDS_OUT_1_default.tstage=3
		RECORDS_OUT_INTERMEDIATE=0
		RECORDS_OUT_OPERATOR_FS_4=3
		RECORDS_OUT_OPERATOR_MAP_0=0
		RECORDS_OUT_OPERATOR_SEL_1=1
		RECORDS_OUT_OPERATOR_SEL_3=3
		RECORDS_OUT_OPERATOR_TS_0=1
		RECORDS_OUT_OPERATOR_UDTF_2=3
		TOTAL_TABLE_ROWS_WRITTEN=3
	File Input Format Counters 
		Bytes Read=5776
	File Output Format Counters 
		Bytes Written=0
2024-04-24T04:56:29,926  INFO [LocalJobRunner Map Task Executor #0] mapred.LocalJobRunner: Finishing task: attempt_local148414792_0034_m_000000_0
2024-04-24T04:56:29,926  INFO [Thread-2472] mapred.LocalJobRunner: map task executor complete.
2024-04-24 04:56:30,884 Stage-1 map = 100%,  reduce = 0%
2024-04-24T04:56:30,884  INFO [main] exec.Task: 2024-04-24 04:56:30,884 Stage-1 map = 100%,  reduce = 0%
Ended Job = job_local148414792_0034
2024-04-24T04:56:30,885  INFO [main] exec.Task: Ended Job = job_local148414792_0034
2024-04-24T04:56:30,887  INFO [main] FileOperations: Found manifest file file:/home/alex/Repositories/hive/ql/target/tmp/org.apache.hadoop.hive.ql.TestTxnExIm-1713959704617/warehouse/tstage/_tmp.delta_0000001_0000001_0000/000000_0.manifest with attemptId 0.
2024-04-24T04:56:30,887  INFO [main] FileOperations: Looking at manifest file: file:/home/alex/Repositories/hive/ql/target/tmp/org.apache.hadoop.hive.ql.TestTxnExIm-1713959704617/warehouse/tstage/_tmp.delta_0000001_0000001_0000/000000_0.manifest
2024-04-24T04:56:30,888  INFO [main] FileOperations: Deleting manifest directory file:/home/alex/Repositories/hive/ql/target/tmp/org.apache.hadoop.hive.ql.TestTxnExIm-1713959704617/warehouse/tstage/_tmp.delta_0000001_0000001_0000
2024-04-24T04:56:30,889  INFO [main] ql.Driver: Starting task [Stage-0:MOVE] in serial mode
Loading data to table default.tstage
2024-04-24T04:56:30,889  INFO [main] exec.Task: Loading data to table default.tstage from file:/home/alex/Repositories/hive/ql/target/tmp/org.apache.hadoop.hive.ql.TestTxnExIm-1713959704617/warehouse/tstage
2024-04-24T04:56:30,889  INFO [main] HiveMetaStore.audit: ugi=alex	ip=unknown-ip-addr	cmd=get_table : tbl=hive.default.tstage	
2024-04-24T04:56:30,896  INFO [main] metastore.HMSHandler: Skipping translation for processor with null
2024-04-24T04:56:30,896  INFO [main] HiveMetaStore.audit: ugi=alex	ip=unknown-ip-addr	cmd=get_table : tbl=hive.default.tstage	
2024-04-24T04:56:30,902  INFO [main] metastore.HMSHandler: Skipping translation for processor with null
2024-04-24T04:56:30,902  INFO [main] HiveMetaStore.audit: ugi=alex	ip=unknown-ip-addr	cmd=alter_table: hive.default.tstage newtbl=tstage	
2024-04-24T04:56:30,928  INFO [main] ql.Driver: Starting task [Stage-2:STATS] in serial mode
2024-04-24T04:56:30,928  INFO [main] HiveMetaStore.audit: ugi=alex	ip=unknown-ip-addr	cmd=get_table : tbl=hive.default.tstage	
2024-04-24T04:56:30,934  INFO [main] metastore.HMSHandler: Skipping translation for processor with null
2024-04-24T04:56:30,934  INFO [main] stats.BasicStatsTask: Executing stats task
2024-04-24T04:56:30,934  INFO [main] fs.FSStatsPublisher: created : file:/home/alex/Repositories/hive/ql/target/tmp/localscratchdir/56e08b2e-de69-4589-b547-68b079721dec/hive_2024-04-24_04-56-29_457_2070988524690326520-1/-mr-10000
2024-04-24T04:56:30,935  INFO [main] HiveMetaStore.audit: ugi=alex	ip=unknown-ip-addr	cmd=get_table : tbl=hive.default.tstage	
2024-04-24T04:56:30,940  INFO [main] metastore.HMSHandler: Skipping translation for processor with null
2024-04-24T04:56:30,949  WARN [main] FileOperations: Computing stats for an ACID table; stats may be inaccurate
2024-04-24T04:56:30,949  INFO [main] FileOperations: Read stats for default.tstage/, numRows, true, 3, false: 
2024-04-24T04:56:30,949  INFO [main] FileOperations: Read stats for default.tstage/, rawDataSize, true, 0, false: 
2024-04-24T04:56:30,949  INFO [main] HiveMetaStore.audit: ugi=alex	ip=unknown-ip-addr	cmd=alter_table: hive.default.tstage newtbl=tstage	
2024-04-24T04:56:30,968  INFO [main] FileOperations: Read stats for default.tstage/, insertCount, true, 3, false: 
2024-04-24T04:56:30,969  INFO [main] FileOperations: Read stats for default.tstage/, updateCount, true, 0, false: 
2024-04-24T04:56:30,969  INFO [main] FileOperations: Read stats for default.tstage/, deleteCount, true, 0, false: 
2024-04-24T04:56:30,970  INFO [main] stats.BasicStatsTask: Table default.tstage stats: [numFiles=1, numRows=3, totalSize=686, rawDataSize=0, numFilesErasureCoded=0]
2024-04-24T04:56:30,971  INFO [main] metadata.Hive: Dumping metastore api call timing information for : execution phase
2024-04-24T04:56:30,971  INFO [main] metadata.Hive: Total time spent in each metastore function (ms): {getTable_(GetTableRequest)=25, updateTransactionalStatistics_(UpdateTransactionalStatsRequest)=1, alter_table_(String, String, String, Table, EnvironmentContext, String)=45, isCompatibleWith_(Configuration)=0}
MapReduce Jobs Launched: 
2024-04-24T04:56:30,971  INFO [main] ql.Driver: MapReduce Jobs Launched: 
Stage-Stage-1:  HDFS Read: 0 HDFS Write: 0 SUCCESS
2024-04-24T04:56:30,971  INFO [main] ql.Driver: Stage-Stage-1:  HDFS Read: 0 HDFS Write: 0 SUCCESS
Total MapReduce CPU Time Spent: 0 msec
2024-04-24T04:56:30,971  INFO [main] ql.Driver: Total MapReduce CPU Time Spent: 0 msec
2024-04-24T04:56:30,971  INFO [main] ql.Driver: Completed executing command(queryId=alex_20240424045629_cc7e99db-9b42-42b1-b8ec-92f084059f77); Time taken: 1.343 seconds
2024-04-24T04:56:30,971  INFO [main] lockmgr.DbTxnManager: Stopped heartbeat for query: alex_20240424045629_cc7e99db-9b42-42b1-b8ec-92f084059f77
2024-04-24T04:56:30,979  INFO [main] txn.TxnHandler: Removed transactions: ([17]) from MIN_HISTORY_LEVEL
2024-04-24T04:56:30,979  WARN [main] txn.CompactionTxnHandler: No compaction queue record found for Compaction type transaction commit. txnId:17
2024-04-24T04:56:30,979  INFO [main] ql.TxnCommandsBaseForTests: Running the query: export table Tstage to '/home/alex/Repositories/hive/ql/target/tmp/org.apache.hadoop.hive.ql.TestTxnExIm-1713959704617/warehouse/1'
2024-04-24T04:56:30,980  INFO [main] ql.Context: Deleting scratch dir: file:/home/alex/Repositories/hive/ql/target/tmp/localscratchdir/56e08b2e-de69-4589-b547-68b079721dec/hive_2024-04-24_04-56-29_457_2070988524690326520-1
2024-04-24T04:56:30,980  INFO [main] cleanup.SyncCleanupService: Deleted directory: file:/home/alex/Repositories/hive/ql/target/tmp/localscratchdir/56e08b2e-de69-4589-b547-68b079721dec/hive_2024-04-24_04-56-29_457_2070988524690326520-1 on fs with scheme file
2024-04-24T04:56:30,980  INFO [main] ql.Driver: Compiling command(queryId=alex_20240424045630_826975c2-7a84-44d9-9200-b260e1aa202b): export table Tstage to '/home/alex/Repositories/hive/ql/target/tmp/org.apache.hadoop.hive.ql.TestTxnExIm-1713959704617/warehouse/1'
2024-04-24T04:56:30,981  INFO [main] HiveMetaStore.audit: ugi=alex	ip=unknown-ip-addr	cmd=get_table : tbl=hive.default.Tstage	
2024-04-24T04:56:30,986  INFO [main] metastore.HMSHandler: Skipping translation for processor with null
2024-04-24T04:56:30,988  INFO [main] txn.TxnHandler: Added entries to MIN_HISTORY_LEVEL for current txns: ([18]) with min_open_txn: 18
2024-04-24T04:56:30,988  INFO [main] lockmgr.DbTxnManager: Opened txnid:18
2024-04-24T04:56:30,989  INFO [main] parse.AcidExportSemanticAnalyzer: Starting caching scope for: 
2024-04-24T04:56:30,989  INFO [main] HiveMetaStore.audit: ugi=alex	ip=unknown-ip-addr	cmd=get_table : tbl=hive.default.Tstage	
2024-04-24T04:56:30,995  INFO [main] metastore.HMSHandler: Skipping translation for processor with null
2024-04-24T04:56:30,995  INFO [main] HiveMetaStore.audit: ugi=alex	ip=unknown-ip-addr	cmd=get_database: default	
2024-04-24T04:56:30,996  INFO [main] HiveMetaStore.audit: ugi=alex	ip=unknown-ip-addr	cmd=get_table : tbl=hive.default.tstage	
2024-04-24T04:56:31,002  INFO [main] metastore.HMSHandler: Skipping translation for processor with null
2024-04-24T04:56:31,003  INFO [main] utils.FileUtils: Creating directory if it doesn't exist: file:/home/alex/Repositories/hive/ql/target/tmp/scratchdir/alex/56e08b2e-de69-4589-b547-68b079721dec/_tmp_space.db/4cde325b-c058-4041-90d3-6ea38e258c24
2024-04-24T04:56:31,005  INFO [main] HiveMetaStore.audit: ugi=alex	ip=unknown-ip-addr	cmd=get_table : tbl=hive.default.Tstage	
2024-04-24T04:56:31,012  INFO [main] metastore.HMSHandler: Skipping translation for processor with null
2024-04-24T04:56:31,012  INFO [main] parse.RewriteSemanticAnalyzer: Going to reparse <export table Tstage to '/home/alex/Repositories/hive/ql/target/tmp/org.apache.hadoop.hive.ql.TestTxnExIm-1713959704617/warehouse/1'> as 
<insert into default.tstage_4c65fc9a_bce2_4405_8cde_62d76d2a0da3 select * from `default`.`Tstage`>
2024-04-24T04:56:31,013  INFO [main] parse.AcidExportSemanticAnalyzer: Starting Semantic Analysis
2024-04-24T04:56:31,015  INFO [main] parse.AcidExportSemanticAnalyzer: Completed phase 1 of Semantic Analysis
2024-04-24T04:56:31,015  INFO [main] parse.AcidExportSemanticAnalyzer: Get metadata for source tables
2024-04-24T04:56:31,016  INFO [main] HiveMetaStore.audit: ugi=alex	ip=unknown-ip-addr	cmd=get_table : tbl=hive.default.tstage	
2024-04-24T04:56:31,022  INFO [main] metastore.HMSHandler: Skipping translation for processor with null
2024-04-24T04:56:31,022  INFO [main] parse.AcidExportSemanticAnalyzer: Get metadata for subqueries
2024-04-24T04:56:31,022  INFO [main] parse.AcidExportSemanticAnalyzer: Get metadata for destination tables
2024-04-24T04:56:31,022  INFO [main] parse.AcidExportSemanticAnalyzer: Completed getting MetaData in Semantic Analysis
2024-04-24T04:56:31,022  INFO [main] parse.AcidExportSemanticAnalyzer: Disabling LLAP IO encode as ETL query is detected
2024-04-24T04:56:31,033  INFO [main] HiveMetaStore.audit: ugi=alex	ip=unknown-ip-addr	cmd=get_all_table_constraints : tbl=hive.default.tstage	
2024-04-24T04:56:31,040  INFO [main] calcite.RelOptHiveTable: Calculating column statistics for default.tstage, projIndxSet: [0, 1], allowMissingStats: true
2024-04-24T04:56:31,041  INFO [main] HiveMetaStore.audit: ugi=alex	ip=unknown-ip-addr	cmd=get_table : tbl=hive.default.tstage	
2024-04-24T04:56:31,048  INFO [main] metastore.HMSHandler: Skipping translation for processor with null
2024-04-24T04:56:31,049  INFO [main] HiveMetaStore.audit: ugi=alex	ip=unknown-ip-addr	cmd=get_table : tbl=hive.default.tstage	
2024-04-24T04:56:31,056  INFO [main] metastore.HMSHandler: Skipping translation for processor with null
2024-04-24T04:56:31,057  INFO [main] HiveMetaStore.audit: ugi=alex	ip=unknown-ip-addr	cmd=get_table_statistics_req: table=hive.default.tstage	
2024-04-24T04:56:31,066  WARN [main] calcite.RelOptHiveTable: No Stats for default@tstage, Columns: a, b
No Stats for default@tstage, Columns: a, b
2024-04-24T04:56:31,066  INFO [main] SessionState: No Stats for default@tstage, Columns: a, b
2024-04-24T04:56:31,103  INFO [main] parse.AcidExportSemanticAnalyzer: Get metadata for source tables
2024-04-24T04:56:31,104  INFO [main] parse.AcidExportSemanticAnalyzer: Get metadata for subqueries
2024-04-24T04:56:31,104  INFO [main] parse.AcidExportSemanticAnalyzer: Get metadata for destination tables
2024-04-24T04:56:31,105  INFO [main] common.FileUtils: Creating directory if it doesn't exist: file:/home/alex/Repositories/hive/ql/target/tmp/scratchdir/alex/56e08b2e-de69-4589-b547-68b079721dec/_tmp_space.db/4cde325b-c058-4041-90d3-6ea38e258c24/.hive-staging_hive_2024-04-24_04-56-31_012_1710936339178734578-1
2024-04-24T04:56:31,107  INFO [main] HiveMetaStore.audit: ugi=alex	ip=unknown-ip-addr	cmd=get_not_null_constraints : tbl=hive.default.tstage_4c65fc9a_bce2_4405_8cde_62d76d2a0da3	
2024-04-24T04:56:31,108  INFO [main] HiveMetaStore.audit: ugi=alex	ip=unknown-ip-addr	cmd=get_check_constraints : tbl=hive.default.tstage_4c65fc9a_bce2_4405_8cde_62d76d2a0da3	
2024-04-24T04:56:31,112  INFO [main] parse.AcidExportSemanticAnalyzer: CBO Succeeded; optimized logical plan.
2024-04-24T04:56:31,114  INFO [main] optimizer.BucketVersionPopulator: not considering bucketingVersion for: TS[0] because it has -1<2 buckets 
2024-04-24T04:56:31,114  INFO [main] optimizer.SortedDynPartitionOptimizer: Sorted dynamic partitioning optimization kicked in..
2024-04-24T04:56:31,122  INFO [main] optimizer.GenMRFileSink1: using CombineHiveInputformat for the merge job
2024-04-24T04:56:31,124  INFO [main] physical.Vectorizer: Examining input format to see if vectorization is enabled.
2024-04-24T04:56:31,124  INFO [main] physical.Vectorizer: Vectorization is enabled for input format(s) [org.apache.hadoop.hive.ql.io.orc.OrcInputFormat]
2024-04-24T04:56:31,124  INFO [main] physical.Vectorizer: Validating and vectorizing MapWork... (vectorizedVertexNum 0)
2024-04-24T04:56:31,125  INFO [main] physical.Vectorizer: Map vectorization enabled: true
2024-04-24T04:56:31,125  INFO [main] physical.Vectorizer: Map vectorized: true
2024-04-24T04:56:31,125  INFO [main] physical.Vectorizer: Map vectorizedVertexNum: 0
2024-04-24T04:56:31,125  INFO [main] physical.Vectorizer: Map enabledConditionsMet: [hive.vectorized.use.vectorized.input.format IS true]
2024-04-24T04:56:31,125  INFO [main] physical.Vectorizer: Map inputFileFormatClassNameSet: [org.apache.hadoop.hive.ql.io.orc.OrcInputFormat]
2024-04-24T04:56:31,126  INFO [main] parse.AcidExportSemanticAnalyzer: Completed plan generation
2024-04-24T04:56:31,128  INFO [main] HiveMetaStore.audit: ugi=alex	ip=unknown-ip-addr	cmd=get_table : tbl=hive.default.Tstage	
2024-04-24T04:56:31,134  INFO [main] metastore.HMSHandler: Skipping translation for processor with null
2024-04-24T04:56:31,134  INFO [main] parse.EximUtil: Path before norm :/home/alex/Repositories/hive/ql/target/tmp/org.apache.hadoop.hive.ql.TestTxnExIm-1713959704617/warehouse/1
2024-04-24T04:56:31,134  INFO [main] parse.EximUtil: Scheme:file, authority:null, path:/home/alex/Repositories/hive/ql/target/tmp/org.apache.hadoop.hive.ql.TestTxnExIm-1713959704617/warehouse/1
2024-04-24T04:56:31,134  INFO [main] parse.EximUtil: Path before norm :/home/alex/Repositories/hive/ql/target/tmp/org.apache.hadoop.hive.ql.TestTxnExIm-1713959704617/warehouse/1
2024-04-24T04:56:31,134  INFO [main] parse.EximUtil: Scheme:file, authority:null, path:/home/alex/Repositories/hive/ql/target/tmp/org.apache.hadoop.hive.ql.TestTxnExIm-1713959704617/warehouse/1
2024-04-24T04:56:31,134  INFO [main] parse.AcidExportSemanticAnalyzer: Ending caching scope for: 
2024-04-24T04:56:31,134  INFO [main] ql.Driver: Semantic Analysis Completed (retrial = false)
2024-04-24T04:56:31,134  INFO [main] ql.Driver: Created Hive schema: Schema(fieldSchemas:[FieldSchema(name:tstage.a, type:int, comment:null), FieldSchema(name:tstage.b, type:int, comment:null)], properties:null)
2024-04-24T04:56:31,134  INFO [main] metadata.Hive: Dumping metastore api call timing information for : compilation phase
2024-04-24T04:56:31,135  INFO [main] metadata.Hive: Total time spent in each metastore function (ms): {createTable_(Table)=3, getCheckConstraints_(CheckConstraintsRequest)=1, commitTxn_(CommitTxnRequest)=8, flushCache_()=0, getNotNullConstraints_(NotNullConstraintsRequest)=1, getTable_(GetTableRequest)=37, isCompatibleWith_(Configuration)=2, openTxn_(String, TxnType)=1, getDatabase_(String)=1, getAllTableConstraints_(AllTableConstraintsRequest)=5, getValidTxns_(long)=0, getCurrentNotificationEventId_()=2, getValidWriteIds_(List, String)=3, getTableColumnStatistics_(String, String, List, String)=25}
2024-04-24T04:56:31,135  INFO [main] ql.Driver: Completed compiling command(queryId=alex_20240424045630_826975c2-7a84-44d9-9200-b260e1aa202b); Time taken: 0.154 seconds
2024-04-24T04:56:31,135  INFO [main] lockmgr.DbTxnManager: Setting lock request transaction to txnid:18 for queryId=alex_20240424045630_826975c2-7a84-44d9-9200-b260e1aa202b
2024-04-24T04:56:31,135  INFO [main] lockmgr.DbLockManager: Requesting lock for queryId=alex_20240424045630_826975c2-7a84-44d9-9200-b260e1aa202b
2024-04-24T04:56:31,148  INFO [main] lockmgr.DbLockManager: Response to queryId=alex_20240424045630_826975c2-7a84-44d9-9200-b260e1aa202b LockResponse(lockid:12, state:ACQUIRED)
2024-04-24T04:56:31,148  INFO [main] ql.Driver: Operation QUERY obtained 1 locks
2024-04-24T04:56:31,149  INFO [main] ql.Driver: Executing command(queryId=alex_20240424045630_826975c2-7a84-44d9-9200-b260e1aa202b): export table Tstage to '/home/alex/Repositories/hive/ql/target/tmp/org.apache.hadoop.hive.ql.TestTxnExIm-1713959704617/warehouse/1'
2024-04-24T04:56:31,149  WARN [main] ql.Driver: Hive-on-MR is deprecated in Hive 2 and may not be available in the future versions. Consider using a different execution engine (i.e. spark, tez) or using Hive 1.X releases.
Query ID = alex_20240424045630_826975c2-7a84-44d9-9200-b260e1aa202b
2024-04-24T04:56:31,149  INFO [main] ql.Driver: Query ID = alex_20240424045630_826975c2-7a84-44d9-9200-b260e1aa202b
Total jobs = 1
2024-04-24T04:56:31,150  INFO [main] ql.Driver: Total jobs = 1
Launching Job 1 out of 1
2024-04-24T04:56:31,150  INFO [main] ql.Driver: Launching Job 1 out of 1
2024-04-24T04:56:31,276  INFO [main] ql.Driver: Starting task [Stage-2:MAPRED] in serial mode
Number of reduce tasks is set to 0 since there's no reduce operator
2024-04-24T04:56:31,276  INFO [main] exec.Task: Number of reduce tasks is set to 0 since there's no reduce operator
2024-04-24T04:56:31,280  INFO [main] mr.ExecDriver: Using org.apache.hadoop.hive.ql.io.HiveInputFormat
2024-04-24T04:56:31,280  INFO [main] exec.Utilities: Processing alias tstage
2024-04-24T04:56:31,280  INFO [main] exec.Utilities: Adding 1 inputs; the first input is file:/home/alex/Repositories/hive/ql/target/tmp/org.apache.hadoop.hive.ql.TestTxnExIm-1713959704617/warehouse/tstage
2024-04-24T04:56:31,289  INFO [main] exec.SerializationUtilities: Serializing MapWork using kryo
2024-04-24T04:56:31,290  INFO [main] exec.Utilities: Serialized plan (via FILE) - name: null size: 6,56KB
2024-04-24T04:56:31,291  WARN [main] impl.MetricsSystemImpl: JobTracker metrics system already initialized!
2024-04-24T04:56:31,294  INFO [main] fs.FSStatsPublisher: created : file:/home/alex/Repositories/hive/ql/target/tmp/localscratchdir/56e08b2e-de69-4589-b547-68b079721dec/hive_2024-04-24_04-56-31_012_1710936339178734578-1/-mr-10001
2024-04-24T04:56:31,298  WARN [main] impl.MetricsSystemImpl: JobTracker metrics system already initialized!
2024-04-24T04:56:31,305  WARN [main] mapreduce.JobResourceUploader: Hadoop command-line option parsing not performed. Implement the Tool interface and execute your application with ToolRunner to remedy this.
2024-04-24T04:56:31,309  WARN [main] mapreduce.JobResourceUploader: No job jar file set.  User classes may not be found. See Job or Job#setJar(String).
2024-04-24T04:56:31,310  INFO [main] io.HiveInputFormat: hive.io.file.readcolumn.ids = 0,1
2024-04-24T04:56:31,310  INFO [main] io.HiveInputFormat: hive.io.file.readcolumn.names = a,b
2024-04-24T04:56:31,310  INFO [main] io.HiveInputFormat: Generating splits for dirs: file:/home/alex/Repositories/hive/ql/target/tmp/org.apache.hadoop.hive.ql.TestTxnExIm-1713959704617/warehouse/tstage
2024-04-24T04:56:31,310  INFO [main] orc.OrcInputFormat: getSplits started
2024-04-24T04:56:31,310  INFO [main] orc.OrcInputFormat: Context:: isAcid: true isVectorMode: true sarg: null minSplitSize: 1 maxSplitSize: 256000000 splitStrategy: HYBRID footerInSplits: false numBuckets: 0 numThreads: 10 cacheMemSize: 268435456 cacheStripeDetails: true useSoftReference: false writeIdList: default.tstage:1:9223372036854775807:: isTransactionalTable: true txnProperties: default 
2024-04-24T04:56:31,310  INFO [main] orc.OrcInputFormat: ORC pushdown predicate: null
2024-04-24T04:56:31,321  INFO [main] orc.OrcInputFormat: FooterCacheHitRatio: 0/1
2024-04-24T04:56:31,321  INFO [main] orc.OrcInputFormat: getSplits finished (#splits: 1). duration: 11 ms
2024-04-24T04:56:31,321  INFO [main] io.HiveInputFormat: number of splits 1
2024-04-24T04:56:31,340  INFO [main] mapreduce.JobSubmitter: number of splits:1
2024-04-24T04:56:31,359  INFO [main] mapreduce.JobSubmitter: Submitting tokens for job: job_local1971574206_0035
2024-04-24T04:56:31,359  INFO [main] mapreduce.JobSubmitter: Executing with tokens: []
2024-04-24T04:56:31,418  INFO [main] mapreduce.Job: The url to track the job: http://localhost:8080/
Job running in-process (local Hadoop)
2024-04-24T04:56:31,418  INFO [main] exec.Task: Job running in-process (local Hadoop)
2024-04-24T04:56:31,419  INFO [Thread-2522] mapred.LocalJobRunner: OutputCommitter set in config org.apache.hadoop.hive.ql.io.HiveFileFormatUtils$NullOutputCommitter
2024-04-24T04:56:31,419  INFO [Thread-2522] mapred.LocalJobRunner: OutputCommitter is org.apache.hadoop.hive.ql.io.HiveFileFormatUtils$NullOutputCommitter
2024-04-24T04:56:31,420  INFO [Thread-2522] mapred.LocalJobRunner: Waiting for map tasks
2024-04-24T04:56:31,421  INFO [LocalJobRunner Map Task Executor #0] mapred.LocalJobRunner: Starting task: attempt_local1971574206_0035_m_000000_0
2024-04-24T04:56:31,421  INFO [LocalJobRunner Map Task Executor #0] mapred.Task:  Using ResourceCalculatorProcessTree : [ ]
2024-04-24T04:56:31,422  INFO [LocalJobRunner Map Task Executor #0] mapred.MapTask: Processing split: org.apache.hadoop.hive.ql.io.orc.OrcInputFormat:OrcSplit [file:/home/alex/Repositories/hive/ql/target/tmp/org.apache.hadoop.hive.ql.TestTxnExIm-1713959704617/warehouse/tstage/delta_0000001_0000001_0000/bucket_00000_0, start=3, length=311, isOriginal=false, fileLength=686, hasFooter=false, hasBase=true, deltas=0]
2024-04-24T04:56:31,422  INFO [LocalJobRunner Map Task Executor #0] exec.SerializationUtilities: Deserializing MapWork using kryo
2024-04-24T04:56:31,422  INFO [LocalJobRunner Map Task Executor #0] exec.Utilities: Deserialized plan (via FILE) - name: null size: 6,56KB
2024-04-24T04:56:31,423  INFO [LocalJobRunner Map Task Executor #0] orc.VectorizedOrcAcidRowBatchReader: Read ValidWriteIdList: default.tstage:1:9223372036854775807:::OrcSplit [file:/home/alex/Repositories/hive/ql/target/tmp/org.apache.hadoop.hive.ql.TestTxnExIm-1713959704617/warehouse/tstage/delta_0000001_0000001_0000/bucket_00000_0, start=3, length=311, isOriginal=false, fileLength=686, hasFooter=false, hasBase=true, deltas=0]
2024-04-24T04:56:31,424  INFO [LocalJobRunner Map Task Executor #0] orc.ReaderImpl: Reading ORC rows from file:/home/alex/Repositories/hive/ql/target/tmp/org.apache.hadoop.hive.ql.TestTxnExIm-1713959704617/warehouse/tstage/delta_0000001_0000001_0000/bucket_00000_0 with {include: [true, true, true], offset: 3, length: 311, schema: struct<a:int,b:int>, includeAcidColumns: false}
2024-04-24T04:56:31,424  INFO [LocalJobRunner Map Task Executor #0] mapred.MapTask: numReduceTasks: 0
2024-04-24T04:56:31,425  INFO [LocalJobRunner Map Task Executor #0] vector.VectorMapOperator: Initializing Operator: MAP[0]
2024-04-24T04:56:31,425  INFO [LocalJobRunner Map Task Executor #0] mr.ExecMapper: 
<MAP>Id =0
  <Children>null
  <\Children>
  <Parent><\Parent>
<\MAP>
2024-04-24T04:56:31,425  INFO [LocalJobRunner Map Task Executor #0] exec.TableScanOperator: Initializing Operator: TS[0]
2024-04-24T04:56:31,426  INFO [LocalJobRunner Map Task Executor #0] vector.VectorSelectOperator: Initializing Operator: SEL[4]
2024-04-24T04:56:31,426  INFO [LocalJobRunner Map Task Executor #0] vector.VectorFileSinkOperator: Initializing Operator: FS[5]
2024-04-24T04:56:31,427  INFO [LocalJobRunner Map Task Executor #0] exec.FileSinkOperator: Using serializer : AbstractSerDe [log=org.apache.logging.slf4j.Log4jLogger@167b171d, configuration=Optional[Configuration: core-default.xml, core-site.xml, mapred-default.xml, mapred-site.xml, yarn-default.xml, yarn-site.xml, hdfs-default.xml, hdfs-site.xml, file:/home/alex/Repositories/hive/ql/target/tmp/TestTxnExIm/mapred/local/localRunner/alex/job_local1971574206_0035/job_local1971574206_0035.xml], properties={name=default.tstage_4c65fc9a_bce2_4405_8cde_62d76d2a0da3, transactional=false, columns.types=int:int, numFilesErasureCoded=0, columns=a,b, columns.comments=&amp#0;, serialization.lib=org.apache.hadoop.hive.ql.io.orc.OrcSerde, file.inputformat=org.apache.hadoop.hive.ql.io.orc.OrcInputFormat, file.outputformat=org.apache.hadoop.hive.ql.io.orc.OrcOutputFormat, location=file:/home/alex/Repositories/hive/ql/target/tmp/scratchdir/alex/56e08b2e-de69-4589-b547-68b079721dec/_tmp_space.db/4cde325b-c058-4041-90d3-6ea38e258c24, column.name.delimiter=,}, tableProperties={name=default.tstage_4c65fc9a_bce2_4405_8cde_62d76d2a0da3, transactional=false, columns.types=int:int, numFilesErasureCoded=0, columns=a,b, columns.comments=&amp#0;, serialization.lib=org.apache.hadoop.hive.ql.io.orc.OrcSerde, file.inputformat=org.apache.hadoop.hive.ql.io.orc.OrcInputFormat, location=file:/home/alex/Repositories/hive/ql/target/tmp/scratchdir/alex/56e08b2e-de69-4589-b547-68b079721dec/_tmp_space.db/4cde325b-c058-4041-90d3-6ea38e258c24, file.outputformat=org.apache.hadoop.hive.ql.io.orc.OrcOutputFormat, column.name.delimiter=,}, partitionProperties=Optional.empty, columnNames=[a, b], columnTypes=[int, int], getClass()=class org.apache.hadoop.hive.ql.io.orc.OrcSerde] and formatter : org.apache.hadoop.hive.ql.io.orc.OrcOutputFormat@535d2fd
2024-04-24T04:56:31,427  INFO [LocalJobRunner Map Task Executor #0] exec.FileSinkOperator: Final Path: FS file:/home/alex/Repositories/hive/ql/target/tmp/scratchdir/alex/56e08b2e-de69-4589-b547-68b079721dec/_tmp_space.db/4cde325b-c058-4041-90d3-6ea38e258c24/.hive-staging_hive_2024-04-24_04-56-31_012_1710936339178734578-1/_tmp.-ext-10002/000000_0
2024-04-24T04:56:31,427  INFO [LocalJobRunner Map Task Executor #0] exec.FileSinkOperator: Writing to temp file: FS file:/home/alex/Repositories/hive/ql/target/tmp/scratchdir/alex/56e08b2e-de69-4589-b547-68b079721dec/_tmp_space.db/4cde325b-c058-4041-90d3-6ea38e258c24/.hive-staging_hive_2024-04-24_04-56-31_012_1710936339178734578-1/_task_tmp.-ext-10002/_tmp.000000_0
2024-04-24T04:56:31,427  INFO [LocalJobRunner Map Task Executor #0] exec.FileSinkOperator: New Final Path: FS file:/home/alex/Repositories/hive/ql/target/tmp/scratchdir/alex/56e08b2e-de69-4589-b547-68b079721dec/_tmp_space.db/4cde325b-c058-4041-90d3-6ea38e258c24/.hive-staging_hive_2024-04-24_04-56-31_012_1710936339178734578-1/_tmp.-ext-10002/000000_0
2024-04-24T04:56:31,427  INFO [LocalJobRunner Map Task Executor #0] exec.FileSinkOperator: FS[5]: records written - 1
2024-04-24T04:56:31,427  INFO [LocalJobRunner Map Task Executor #0] impl.PhysicalFsWriter: ORC writer created for path: file:/home/alex/Repositories/hive/ql/target/tmp/scratchdir/alex/56e08b2e-de69-4589-b547-68b079721dec/_tmp_space.db/4cde325b-c058-4041-90d3-6ea38e258c24/.hive-staging_hive_2024-04-24_04-56-31_012_1710936339178734578-1/_task_tmp.-ext-10002/_tmp.000000_0 with stripeSize: 67108864 blockSize: 268435456 compression: Compress: ZLIB buffer: 262144
2024-04-24T04:56:31,435  INFO [LocalJobRunner Map Task Executor #0] impl.WriterImpl: ORC writer created for path: file:/home/alex/Repositories/hive/ql/target/tmp/scratchdir/alex/56e08b2e-de69-4589-b547-68b079721dec/_tmp_space.db/4cde325b-c058-4041-90d3-6ea38e258c24/.hive-staging_hive_2024-04-24_04-56-31_012_1710936339178734578-1/_task_tmp.-ext-10002/_tmp.000000_0 with stripeSize: 67108864 options: Compress: ZLIB buffer: 262144
2024-04-24T04:56:31,435  INFO [LocalJobRunner Map Task Executor #0] vector.VectorMapOperator: Closing Operator: MAP[0]
2024-04-24T04:56:31,435  INFO [LocalJobRunner Map Task Executor #0] vector.VectorMapOperator: RECORDS_OUT_INTERMEDIATE:0, RECORDS_OUT_OPERATOR_MAP_0:0, RECORDS_IN:3, DESERIALIZE_ERRORS:0, 
2024-04-24T04:56:31,435  INFO [LocalJobRunner Map Task Executor #0] exec.TableScanOperator: Closing Operator: TS[0]
2024-04-24T04:56:31,435  INFO [LocalJobRunner Map Task Executor #0] exec.TableScanOperator: RECORDS_OUT_INTERMEDIATE:0, RECORDS_OUT_OPERATOR_TS_0:3, 
2024-04-24T04:56:31,435  INFO [LocalJobRunner Map Task Executor #0] vector.VectorSelectOperator: Closing Operator: SEL[4]
2024-04-24T04:56:31,435  INFO [LocalJobRunner Map Task Executor #0] vector.VectorSelectOperator: RECORDS_OUT_INTERMEDIATE:0, RECORDS_OUT_OPERATOR_SEL_4:3, 
2024-04-24T04:56:31,435  INFO [LocalJobRunner Map Task Executor #0] vector.VectorFileSinkOperator: Closing Operator: FS[5]
2024-04-24T04:56:31,435  INFO [LocalJobRunner Map Task Executor #0] exec.FileSinkOperator: FS[5]: records written - 3
2024-04-24T04:56:31,442  INFO [LocalJobRunner Map Task Executor #0] vector.VectorFileSinkOperator: RECORDS_OUT_1_default.tstage_4c65fc9a_bce2_4405_8cde_62d76d2a0da3:3, TOTAL_TABLE_ROWS_WRITTEN:3, RECORDS_OUT_INTERMEDIATE:0, RECORDS_OUT_OPERATOR_FS_5:3, 
2024-04-24T04:56:31,442  INFO [LocalJobRunner Map Task Executor #0] mapred.LocalJobRunner: 
2024-04-24T04:56:31,443  INFO [LocalJobRunner Map Task Executor #0] mapred.Task: Task:attempt_local1971574206_0035_m_000000_0 is done. And is in the process of committing
2024-04-24T04:56:31,443  INFO [LocalJobRunner Map Task Executor #0] mapred.LocalJobRunner: OrcSplit [file:/home/alex/Repositories/hive/ql/target/tmp/org.apache.hadoop.hive.ql.TestTxnExIm-1713959704617/warehouse/tstage/delta_0000001_0000001_0000/bucket_00000_0, start=3, length=311, isOriginal=false, fileLength=686, hasFooter=false, hasBase=true, deltas=0]
2024-04-24T04:56:31,443  INFO [LocalJobRunner Map Task Executor #0] mapred.Task: Task 'attempt_local1971574206_0035_m_000000_0' done.
2024-04-24T04:56:31,443  INFO [LocalJobRunner Map Task Executor #0] mapred.Task: Final Counters for attempt_local1971574206_0035_m_000000_0: Counters: 25
	File System Counters
		FILE: Number of bytes read=592562
		FILE: Number of bytes written=40907280
		FILE: Number of read operations=0
		FILE: Number of large read operations=0
		FILE: Number of write operations=0
	Map-Reduce Framework
		Map input records=1
		Map output records=0
		Input split bytes=485
		Spilled Records=0
		Failed Shuffles=0
		Merged Map outputs=0
		GC time elapsed (ms)=0
		Total committed heap usage (bytes)=1237843968
	HIVE
		CREATED_FILES=1
		DESERIALIZE_ERRORS=0
		RECORDS_IN=3
		RECORDS_OUT_1_default.tstage_4c65fc9a_bce2_4405_8cde_62d76d2a0d=3
		RECORDS_OUT_INTERMEDIATE=0
		RECORDS_OUT_OPERATOR_FS_5=3
		RECORDS_OUT_OPERATOR_MAP_0=0
		RECORDS_OUT_OPERATOR_SEL_4=3
		RECORDS_OUT_OPERATOR_TS_0=3
		TOTAL_TABLE_ROWS_WRITTEN=3
	File Input Format Counters 
		Bytes Read=9450
	File Output Format Counters 
		Bytes Written=0
2024-04-24T04:56:31,443  INFO [LocalJobRunner Map Task Executor #0] mapred.LocalJobRunner: Finishing task: attempt_local1971574206_0035_m_000000_0
2024-04-24T04:56:31,443  INFO [Thread-2522] mapred.LocalJobRunner: map task executor complete.
2024-04-24 04:56:32,420 Stage-2 map = 100%,  reduce = 0%
2024-04-24T04:56:32,420  INFO [main] exec.Task: 2024-04-24 04:56:32,420 Stage-2 map = 100%,  reduce = 0%
Ended Job = job_local1971574206_0035
2024-04-24T04:56:32,421  INFO [main] exec.Task: Ended Job = job_local1971574206_0035
2024-04-24T04:56:32,425  INFO [main] ql.Driver: Starting task [Stage-8:CONDITIONAL] in serial mode
Stage-5 is selected by condition resolver.
2024-04-24T04:56:32,426  INFO [main] exec.Task: Stage-5 is selected by condition resolver.
Stage-4 is filtered out by condition resolver.
2024-04-24T04:56:32,426  INFO [main] exec.Task: Stage-4 is filtered out by condition resolver.
Stage-6 is filtered out by condition resolver.
2024-04-24T04:56:32,426  INFO [main] exec.Task: Stage-6 is filtered out by condition resolver.
2024-04-24T04:56:32,426  INFO [main] ql.Driver: Starting task [Stage-5:MOVE] in serial mode
Moving data to directory file:/home/alex/Repositories/hive/ql/target/tmp/scratchdir/alex/56e08b2e-de69-4589-b547-68b079721dec/_tmp_space.db/4cde325b-c058-4041-90d3-6ea38e258c24/.hive-staging_hive_2024-04-24_04-56-31_012_1710936339178734578-1/-ext-10000
2024-04-24T04:56:32,426  INFO [main] exec.Task: Moving data to directory file:/home/alex/Repositories/hive/ql/target/tmp/scratchdir/alex/56e08b2e-de69-4589-b547-68b079721dec/_tmp_space.db/4cde325b-c058-4041-90d3-6ea38e258c24/.hive-staging_hive_2024-04-24_04-56-31_012_1710936339178734578-1/-ext-10000 from file:/home/alex/Repositories/hive/ql/target/tmp/scratchdir/alex/56e08b2e-de69-4589-b547-68b079721dec/_tmp_space.db/4cde325b-c058-4041-90d3-6ea38e258c24/.hive-staging_hive_2024-04-24_04-56-31_012_1710936339178734578-1/-ext-10002
2024-04-24T04:56:32,427  INFO [main] ql.Driver: Starting task [Stage-1:MOVE] in serial mode
Loading data to table default.tstage_4c65fc9a_bce2_4405_8cde_62d76d2a0da3
2024-04-24T04:56:32,427  INFO [main] exec.Task: Loading data to table default.tstage_4c65fc9a_bce2_4405_8cde_62d76d2a0da3 from file:/home/alex/Repositories/hive/ql/target/tmp/scratchdir/alex/56e08b2e-de69-4589-b547-68b079721dec/_tmp_space.db/4cde325b-c058-4041-90d3-6ea38e258c24/.hive-staging_hive_2024-04-24_04-56-31_012_1710936339178734578-1/-ext-10000
2024-04-24T04:56:32,429  WARN [main] metadata.Hive: Cannot get a table snapshot for tstage_4c65fc9a_bce2_4405_8cde_62d76d2a0da3
2024-04-24T04:56:32,429  INFO [main] metadata.SessionHiveMetaStoreClient: Column stats doesn't exist for db=default temp table=tstage_4c65fc9a_bce2_4405_8cde_62d76d2a0da3
2024-04-24T04:56:32,430  INFO [main] ql.Driver: Starting task [Stage-10:DDL] in serial mode
2024-04-24T04:56:32,431  INFO [main] metadata.SessionHiveMetaStoreClient: Column stats doesn't exist for db=default temp table=tstage_4c65fc9a_bce2_4405_8cde_62d76d2a0da3
2024-04-24T04:56:32,431  INFO [main] ql.Driver: Starting task [Stage-9:REPL_DUMP] in serial mode
2024-04-24T04:56:32,431  INFO [main] parse.EximUtil: Path before norm :/home/alex/Repositories/hive/ql/target/tmp/org.apache.hadoop.hive.ql.TestTxnExIm-1713959704617/warehouse/1
2024-04-24T04:56:32,432  INFO [main] parse.EximUtil: Scheme:file, authority:null, path:/home/alex/Repositories/hive/ql/target/tmp/org.apache.hadoop.hive.ql.TestTxnExIm-1713959704617/warehouse/1
2024-04-24T04:56:32,432  INFO [main] parse.EximUtil: Path before norm :/home/alex/Repositories/hive/ql/target/tmp/org.apache.hadoop.hive.ql.TestTxnExIm-1713959704617/warehouse/1
2024-04-24T04:56:32,432  INFO [main] parse.EximUtil: Scheme:file, authority:null, path:/home/alex/Repositories/hive/ql/target/tmp/org.apache.hadoop.hive.ql.TestTxnExIm-1713959704617/warehouse/1
2024-04-24T04:56:32,432  INFO [main] plan.ExportWork: Swapping export of Tstage to default.tstage_4c65fc9a_bce2_4405_8cde_62d76d2a0da3 using partSpec=null
2024-04-24T04:56:32,443  WARN [main] shims.Utils: XAttr won't be preserved since it is not supported for file system: file:///
2024-04-24T04:56:32,449  INFO [main] ql.Driver: Starting task [Stage-11:DDL] in serial mode
2024-04-24T04:56:32,449  INFO [main] metadata.SessionHiveMetaStoreClient: Column stats doesn't exist for db=default temp table=tstage_4c65fc9a_bce2_4405_8cde_62d76d2a0da3
2024-04-24T04:56:32,450  INFO [main] metadata.Hive: Dumping metastore api call timing information for : execution phase
2024-04-24T04:56:32,450  INFO [main] metadata.Hive: Total time spent in each metastore function (ms): {getValidWriteIds_(List, String)=0, getTable_(GetTableRequest)=0, dropTable_(String, String, boolean, boolean, boolean)=1, isCompatibleWith_(Configuration)=0, alter_table_(String, String, String, Table, EnvironmentContext, String)=0}
MapReduce Jobs Launched: 
2024-04-24T04:56:32,450  INFO [main] ql.Driver: MapReduce Jobs Launched: 
Stage-Stage-2:  HDFS Read: 0 HDFS Write: 0 SUCCESS
2024-04-24T04:56:32,451  INFO [main] ql.Driver: Stage-Stage-2:  HDFS Read: 0 HDFS Write: 0 SUCCESS
Total MapReduce CPU Time Spent: 0 msec
2024-04-24T04:56:32,451  INFO [main] ql.Driver: Total MapReduce CPU Time Spent: 0 msec
2024-04-24T04:56:32,451  INFO [main] ql.Driver: Completed executing command(queryId=alex_20240424045630_826975c2-7a84-44d9-9200-b260e1aa202b); Time taken: 1.301 seconds
2024-04-24T04:56:32,451  INFO [main] lockmgr.DbTxnManager: Stopped heartbeat for query: alex_20240424045630_826975c2-7a84-44d9-9200-b260e1aa202b
2024-04-24T04:56:32,455  INFO [main] txn.TxnHandler: Expected to move at least one record from txn_components to completed_txn_components when committing txn! txnid:18
2024-04-24T04:56:32,463  INFO [main] txn.TxnHandler: Removed transactions: ([18]) from MIN_HISTORY_LEVEL
2024-04-24T04:56:32,464  WARN [main] txn.CompactionTxnHandler: No compaction queue record found for Compaction type transaction commit. txnId:18
2024-04-24T04:56:32,464  INFO [main] ql.TxnCommandsBaseForTests: Running the query: import table T from '/home/alex/Repositories/hive/ql/target/tmp/org.apache.hadoop.hive.ql.TestTxnExIm-1713959704617/warehouse/1'
2024-04-24T04:56:32,465  INFO [main] ql.Context: Deleting scratch dir: file:/home/alex/Repositories/hive/ql/target/tmp/scratchdir/alex/56e08b2e-de69-4589-b547-68b079721dec/_tmp_space.db/4cde325b-c058-4041-90d3-6ea38e258c24/.hive-staging_hive_2024-04-24_04-56-31_012_1710936339178734578-1
2024-04-24T04:56:32,465  INFO [main] ql.Context: Deleting scratch dir: file:/home/alex/Repositories/hive/ql/target/tmp/localscratchdir/56e08b2e-de69-4589-b547-68b079721dec/hive_2024-04-24_04-56-31_012_1710936339178734578-1
2024-04-24T04:56:32,465  INFO [main] cleanup.SyncCleanupService: Deleted directory: file:/home/alex/Repositories/hive/ql/target/tmp/localscratchdir/56e08b2e-de69-4589-b547-68b079721dec/hive_2024-04-24_04-56-31_012_1710936339178734578-1 on fs with scheme file
2024-04-24T04:56:32,465  INFO [main] ql.Context: Deleting scratch dir: file:/home/alex/Repositories/hive/ql/target/tmp/localscratchdir/56e08b2e-de69-4589-b547-68b079721dec/hive_2024-04-24_04-56-30_980_7511522383705379763-1
2024-04-24T04:56:32,465  INFO [main] cleanup.SyncCleanupService: Deleted directory: file:/home/alex/Repositories/hive/ql/target/tmp/localscratchdir/56e08b2e-de69-4589-b547-68b079721dec/hive_2024-04-24_04-56-30_980_7511522383705379763-1 on fs with scheme file
2024-04-24T04:56:32,466  INFO [main] ql.Driver: Compiling command(queryId=alex_20240424045632_0055dea3-df05-4777-807f-bf52b9a66bf0): import table T from '/home/alex/Repositories/hive/ql/target/tmp/org.apache.hadoop.hive.ql.TestTxnExIm-1713959704617/warehouse/1'
2024-04-24T04:56:32,468  INFO [main] txn.TxnHandler: Added entries to MIN_HISTORY_LEVEL for current txns: ([19]) with min_open_txn: 19
2024-04-24T04:56:32,468  INFO [main] lockmgr.DbTxnManager: Opened txnid:19
2024-04-24T04:56:32,469  INFO [main] parse.EximUtil: Path before norm :/home/alex/Repositories/hive/ql/target/tmp/org.apache.hadoop.hive.ql.TestTxnExIm-1713959704617/warehouse/1
2024-04-24T04:56:32,469  INFO [main] parse.EximUtil: Scheme:file, authority:null, path:/home/alex/Repositories/hive/ql/target/tmp/org.apache.hadoop.hive.ql.TestTxnExIm-1713959704617/warehouse/1
2024-04-24T04:56:32,469  INFO [main] parse.EximUtil: Path before norm :/home/alex/Repositories/hive/ql/target/tmp/org.apache.hadoop.hive.ql.TestTxnExIm-1713959704617/warehouse/1
2024-04-24T04:56:32,469  INFO [main] parse.EximUtil: Scheme:file, authority:null, path:/home/alex/Repositories/hive/ql/target/tmp/org.apache.hadoop.hive.ql.TestTxnExIm-1713959704617/warehouse/1
2024-04-24T04:56:32,470  INFO [main] HiveMetaStore.audit: ugi=alex	ip=unknown-ip-addr	cmd=get_table : tbl=hive.default.T	
2024-04-24T04:56:32,476  INFO [main] metastore.HMSHandler: Skipping translation for processor with null
2024-04-24T04:56:32,479  INFO [main] txn.TxnHandler: Allocated writeId: 1 for txnId: 19
2024-04-24T04:56:32,479  INFO [main] txn.TxnHandler: Allocated write ids for dbName=default, tblName=t (txnIds: [19])
2024-04-24T04:56:32,480  INFO [main] ql.Driver: Semantic Analysis Completed (retrial = false)
2024-04-24T04:56:32,480  INFO [main] ql.Driver: Created Hive schema: Schema(fieldSchemas:null, properties:null)
2024-04-24T04:56:32,480  INFO [main] metadata.Hive: Dumping metastore api call timing information for : compilation phase
2024-04-24T04:56:32,480  INFO [main] metadata.Hive: Total time spent in each metastore function (ms): {getValidTxns_(long)=0, getTable_(GetTableRequest)=7, isCompatibleWith_(Configuration)=0, flushCache_()=0, allocateTableWriteId_(long, String, String)=3, commitTxn_(CommitTxnRequest)=13, openTxn_(String, TxnType)=2}
2024-04-24T04:56:32,480  INFO [main] ql.Driver: Completed compiling command(queryId=alex_20240424045632_0055dea3-df05-4777-807f-bf52b9a66bf0); Time taken: 0.014 seconds
2024-04-24T04:56:32,480  INFO [main] lockmgr.DbTxnManager: Setting lock request transaction to txnid:19 for queryId=alex_20240424045632_0055dea3-df05-4777-807f-bf52b9a66bf0
2024-04-24T04:56:32,481  INFO [main] ql.Driver: Operation IMPORT obtained 0 locks
2024-04-24T04:56:32,481  INFO [main] ql.Driver: Executing command(queryId=alex_20240424045632_0055dea3-df05-4777-807f-bf52b9a66bf0): import table T from '/home/alex/Repositories/hive/ql/target/tmp/org.apache.hadoop.hive.ql.TestTxnExIm-1713959704617/warehouse/1'
2024-04-24T04:56:32,481  INFO [main] ql.Driver: Starting task [Stage-0:COPY] in serial mode
Copying data from file:/home/alex/Repositories/hive/ql/target/tmp/org.apache.hadoop.hive.ql.TestTxnExIm-1713959704617/warehouse/1/data
2024-04-24T04:56:32,481  INFO [main] exec.Task: Copying data from file:/home/alex/Repositories/hive/ql/target/tmp/org.apache.hadoop.hive.ql.TestTxnExIm-1713959704617/warehouse/1/data to file:/home/alex/Repositories/hive/ql/target/tmp/org.apache.hadoop.hive.ql.TestTxnExIm-1713959704617/warehouse/t/delta_0000001_0000001_0000
2024-04-24T04:56:32,481  INFO [main] common.FileUtils: Creating directory if it doesn't exist: file:/home/alex/Repositories/hive/ql/target/tmp/org.apache.hadoop.hive.ql.TestTxnExIm-1713959704617/warehouse/t/delta_0000001_0000001_0000
Copying file: file:/home/alex/Repositories/hive/ql/target/tmp/org.apache.hadoop.hive.ql.TestTxnExIm-1713959704617/warehouse/1/data/000000_0
2024-04-24T04:56:32,483  INFO [main] exec.Task: Copying file: file:/home/alex/Repositories/hive/ql/target/tmp/org.apache.hadoop.hive.ql.TestTxnExIm-1713959704617/warehouse/1/data/000000_0
2024-04-24T04:56:32,484  WARN [main] shims.Utils: XAttr won't be preserved since it is not supported for file system: file:///
2024-04-24T04:56:32,488  INFO [main] ql.Driver: Starting task [Stage-1:MOVE] in serial mode
Loading data to table default.t
2024-04-24T04:56:32,488  INFO [main] exec.Task: Loading data to table default.t from file:/home/alex/Repositories/hive/ql/target/tmp/org.apache.hadoop.hive.ql.TestTxnExIm-1713959704617/warehouse/t
2024-04-24T04:56:32,489  INFO [main] HiveMetaStore.audit: ugi=alex	ip=unknown-ip-addr	cmd=get_table : tbl=hive.default.t	
2024-04-24T04:56:32,494  INFO [main] metastore.HMSHandler: Skipping translation for processor with null
2024-04-24T04:56:32,494  INFO [main] HiveMetaStore.audit: ugi=alex	ip=unknown-ip-addr	cmd=get_table : tbl=hive.default.t	
2024-04-24T04:56:32,500  INFO [main] metastore.HMSHandler: Skipping translation for processor with null
2024-04-24T04:56:32,500  INFO [main] HiveMetaStore.audit: ugi=alex	ip=unknown-ip-addr	cmd=alter_table: hive.default.t newtbl=t	
2024-04-24T04:56:32,513  INFO [main] utils.MetaStoreServerUtils: Updating table stats for t
2024-04-24T04:56:32,513  INFO [main] utils.MetaStoreServerUtils: Updated size of table t to 256
2024-04-24T04:56:32,522  INFO [main] metadata.Hive: Dumping metastore api call timing information for : execution phase
2024-04-24T04:56:32,522  INFO [main] metadata.Hive: Total time spent in each metastore function (ms): {getTable_(GetTableRequest)=12, alter_table_(String, String, String, Table, EnvironmentContext, String)=22, isCompatibleWith_(Configuration)=0}
2024-04-24T04:56:32,522  INFO [main] ql.Driver: Completed executing command(queryId=alex_20240424045632_0055dea3-df05-4777-807f-bf52b9a66bf0); Time taken: 0.041 seconds
2024-04-24T04:56:32,522  INFO [main] lockmgr.DbTxnManager: Stopped heartbeat for query: alex_20240424045632_0055dea3-df05-4777-807f-bf52b9a66bf0
2024-04-24T04:56:32,526  INFO [main] txn.TxnHandler: Expected to move at least one record from txn_components to completed_txn_components when committing txn! txnid:19
2024-04-24T04:56:32,530  INFO [main] txn.TxnHandler: Removed transactions: ([19]) from MIN_HISTORY_LEVEL
2024-04-24T04:56:32,530  WARN [main] txn.CompactionTxnHandler: No compaction queue record found for Compaction type transaction commit. txnId:19
2024-04-24T04:56:32,531  INFO [main] ql.TxnCommandsBaseForTests: Running the query: select ROW__ID, a, b from T order by ROW__ID
2024-04-24T04:56:32,531  INFO [main] ql.Driver: Compiling command(queryId=alex_20240424045632_63ce4db1-ba36-42ce-a1a2-880b1d59e9e6): select ROW__ID, a, b from T order by ROW__ID
2024-04-24T04:56:32,533  INFO [main] txn.TxnHandler: Added entries to MIN_HISTORY_LEVEL for current txns: ([20]) with min_open_txn: 19
2024-04-24T04:56:32,533  INFO [main] lockmgr.DbTxnManager: Opened txnid:20
2024-04-24T04:56:32,534  INFO [main] parse.CalcitePlanner: Starting caching scope for: 
2024-04-24T04:56:32,534  INFO [main] parse.CalcitePlanner: Starting Semantic Analysis
2024-04-24T04:56:32,536  INFO [main] parse.CalcitePlanner: Completed phase 1 of Semantic Analysis
2024-04-24T04:56:32,536  INFO [main] parse.CalcitePlanner: Get metadata for source tables
2024-04-24T04:56:32,537  INFO [main] HiveMetaStore.audit: ugi=alex	ip=unknown-ip-addr	cmd=get_table : tbl=hive.default.t	
2024-04-24T04:56:32,541  INFO [main] metastore.ObjectStore: Removed COLUMN_STATS_ACCURATE from Table's parameters.
2024-04-24T04:56:32,543  INFO [main] metastore.HMSHandler: Skipping translation for processor with null
2024-04-24T04:56:32,543  INFO [main] parse.CalcitePlanner: Get metadata for subqueries
2024-04-24T04:56:32,543  INFO [main] parse.CalcitePlanner: Get metadata for destination tables
2024-04-24T04:56:32,543  INFO [main] parse.CalcitePlanner: Completed getting MetaData in Semantic Analysis
2024-04-24T04:56:32,554  INFO [main] HiveMetaStore.audit: ugi=alex	ip=unknown-ip-addr	cmd=get_all_table_constraints : tbl=hive.default.t	
2024-04-24T04:56:32,562  INFO [main] calcite.RelOptHiveTable: Calculating column statistics for default.t, projIndxSet: [0, 1], allowMissingStats: true
2024-04-24T04:56:32,563  INFO [main] HiveMetaStore.audit: ugi=alex	ip=unknown-ip-addr	cmd=get_table : tbl=hive.default.t	
2024-04-24T04:56:32,570  INFO [main] metastore.HMSHandler: Skipping translation for processor with null
2024-04-24T04:56:32,571  INFO [main] HiveMetaStore.audit: ugi=alex	ip=unknown-ip-addr	cmd=get_table : tbl=hive.default.t	
2024-04-24T04:56:32,578  INFO [main] metastore.HMSHandler: Skipping translation for processor with null
2024-04-24T04:56:32,578  INFO [main] HiveMetaStore.audit: ugi=alex	ip=unknown-ip-addr	cmd=get_table_statistics_req: table=hive.default.t	
2024-04-24T04:56:32,594  WARN [main] calcite.RelOptHiveTable: No Stats for default@t, Columns: b, a
No Stats for default@t, Columns: b, a
2024-04-24T04:56:32,594  INFO [main] SessionState: No Stats for default@t, Columns: b, a
2024-04-24T04:56:32,631  INFO [main] parse.CalcitePlanner: Get metadata for source tables
2024-04-24T04:56:32,632  INFO [main] parse.CalcitePlanner: Get metadata for subqueries
2024-04-24T04:56:32,632  INFO [main] parse.CalcitePlanner: Get metadata for destination tables
2024-04-24T04:56:32,633  INFO [main] common.FileUtils: Creating directory if it doesn't exist: file:/home/alex/Repositories/hive/ql/target/tmp/localscratchdir/56e08b2e-de69-4589-b547-68b079721dec/hive_2024-04-24_04-56-32_531_2414533436038238887-1/-mr-10001/.hive-staging_hive_2024-04-24_04-56-32_531_2414533436038238887-1
2024-04-24T04:56:32,640  INFO [main] parse.CalcitePlanner: CBO Succeeded; optimized logical plan.
2024-04-24T04:56:32,642  INFO [main] optimizer.ColumnPrunerProcFactory: RS 2 oldColExprMap: {VALUE._col1=Column[_col2], KEY.reducesinkkey0=Column[_col0], VALUE._col0=Column[_col1]}
2024-04-24T04:56:32,642  INFO [main] optimizer.ColumnPrunerProcFactory: RS 2 newColExprMap: {VALUE._col0=Column[_col1], VALUE._col1=Column[_col2], KEY.reducesinkkey0=Column[_col0]}
2024-04-24T04:56:32,643  INFO [main] optimizer.BucketVersionPopulator: not considering bucketingVersion for: TS[0] because it has -1<2 buckets 
2024-04-24T04:56:32,643  INFO [main] optimizer.SortedDynPartitionOptimizer: Sorted dynamic partitioning optimization kicked in..
2024-04-24T04:56:32,651  INFO [main] physical.Vectorizer: Examining input format to see if vectorization is enabled.
2024-04-24T04:56:32,652  INFO [main] physical.Vectorizer: Vectorization is enabled for input format(s) [org.apache.hadoop.hive.ql.io.orc.OrcInputFormat]
2024-04-24T04:56:32,652  INFO [main] physical.Vectorizer: Validating and vectorizing MapWork... (vectorizedVertexNum 0)
2024-04-24T04:56:32,653  INFO [main] physical.Vectorizer: Map vectorization enabled: true
2024-04-24T04:56:32,653  INFO [main] physical.Vectorizer: Map vectorized: true
2024-04-24T04:56:32,653  INFO [main] physical.Vectorizer: Map vectorizedVertexNum: 0
2024-04-24T04:56:32,653  INFO [main] physical.Vectorizer: Map enabledConditionsMet: [hive.vectorized.use.vectorized.input.format IS true]
2024-04-24T04:56:32,653  INFO [main] physical.Vectorizer: Map inputFileFormatClassNameSet: [org.apache.hadoop.hive.ql.io.orc.OrcInputFormat]
2024-04-24T04:56:32,653  INFO [main] physical.Vectorizer: Reduce vectorization enabled: false
2024-04-24T04:56:32,653  INFO [main] physical.Vectorizer: Reduce vectorized: false
2024-04-24T04:56:32,653  INFO [main] physical.Vectorizer: Reduce vectorizedVertexNum: 1
2024-04-24T04:56:32,653  INFO [main] physical.Vectorizer: Reducer hive.vectorized.execution.reduce.enabled: true
2024-04-24T04:56:32,653  INFO [main] physical.Vectorizer: Reducer engine: mr
2024-04-24T04:56:32,653  INFO [main] parse.CalcitePlanner: Completed plan generation
2024-04-24T04:56:32,653  INFO [main] parse.CalcitePlanner: Ending caching scope for: 
2024-04-24T04:56:32,653  INFO [main] ql.Driver: Semantic Analysis Completed (retrial = false)
2024-04-24T04:56:32,653  INFO [main] ql.Driver: Created Hive schema: Schema(fieldSchemas:[FieldSchema(name:row__id, type:struct<writeid:bigint,bucketid:int,rowid:bigint>, comment:null), FieldSchema(name:a, type:int, comment:null), FieldSchema(name:b, type:int, comment:null)], properties:null)
2024-04-24T04:56:32,654  INFO [main] exec.ListSinkOperator: Initializing Operator: LIST_SINK[7]
2024-04-24T04:56:32,654  INFO [main] metadata.Hive: Dumping metastore api call timing information for : compilation phase
2024-04-24T04:56:32,654  INFO [main] metadata.Hive: Total time spent in each metastore function (ms): {getTableColumnStatistics_(String, String, List, String)=31, getValidTxns_(long)=0, getAllTableConstraints_(AllTableConstraintsRequest)=4, openTxn_(String, TxnType)=1, getValidWriteIds_(List, String)=2, flushCache_()=0, getTable_(GetTableRequest)=6, commitTxn_(CommitTxnRequest)=9, isCompatibleWith_(Configuration)=2}
2024-04-24T04:56:32,655  INFO [main] ql.Driver: Completed compiling command(queryId=alex_20240424045632_63ce4db1-ba36-42ce-a1a2-880b1d59e9e6); Time taken: 0.123 seconds
2024-04-24T04:56:32,655  INFO [main] lockmgr.DbTxnManager: Setting lock request transaction to txnid:20 for queryId=alex_20240424045632_63ce4db1-ba36-42ce-a1a2-880b1d59e9e6
2024-04-24T04:56:32,655  INFO [main] lockmgr.DbLockManager: Requesting lock for queryId=alex_20240424045632_63ce4db1-ba36-42ce-a1a2-880b1d59e9e6
2024-04-24T04:56:32,669  INFO [main] lockmgr.DbLockManager: Response to queryId=alex_20240424045632_63ce4db1-ba36-42ce-a1a2-880b1d59e9e6 LockResponse(lockid:13, state:ACQUIRED)
2024-04-24T04:56:32,669  INFO [main] ql.Driver: Operation QUERY obtained 1 locks
2024-04-24T04:56:32,670  INFO [main] ql.Driver: Executing command(queryId=alex_20240424045632_63ce4db1-ba36-42ce-a1a2-880b1d59e9e6): select ROW__ID, a, b from T order by ROW__ID
2024-04-24T04:56:32,670  WARN [main] ql.Driver: Hive-on-MR is deprecated in Hive 2 and may not be available in the future versions. Consider using a different execution engine (i.e. spark, tez) or using Hive 1.X releases.
Query ID = alex_20240424045632_63ce4db1-ba36-42ce-a1a2-880b1d59e9e6
2024-04-24T04:56:32,670  INFO [main] ql.Driver: Query ID = alex_20240424045632_63ce4db1-ba36-42ce-a1a2-880b1d59e9e6
Total jobs = 1
2024-04-24T04:56:32,670  INFO [main] ql.Driver: Total jobs = 1
Launching Job 1 out of 1
2024-04-24T04:56:32,670  INFO [main] ql.Driver: Launching Job 1 out of 1
2024-04-24T04:56:32,798  INFO [main] ql.Driver: Starting task [Stage-1:MAPRED] in serial mode
Number of reduce tasks determined at compile time: 1
2024-04-24T04:56:32,799  INFO [main] exec.Task: Number of reduce tasks determined at compile time: 1
In order to change the average load for a reducer (in bytes):
2024-04-24T04:56:32,799  INFO [main] exec.Task: In order to change the average load for a reducer (in bytes):
  set hive.exec.reducers.bytes.per.reducer=<number>
2024-04-24T04:56:32,799  INFO [main] exec.Task:   set hive.exec.reducers.bytes.per.reducer=<number>
In order to limit the maximum number of reducers:
2024-04-24T04:56:32,799  INFO [main] exec.Task: In order to limit the maximum number of reducers:
  set hive.exec.reducers.max=<number>
2024-04-24T04:56:32,799  INFO [main] exec.Task:   set hive.exec.reducers.max=<number>
In order to set a constant number of reducers:
2024-04-24T04:56:32,799  INFO [main] exec.Task: In order to set a constant number of reducers:
  set mapreduce.job.reduces=<number>
2024-04-24T04:56:32,799  INFO [main] exec.Task:   set mapreduce.job.reduces=<number>
2024-04-24T04:56:32,801  INFO [main] mr.ExecDriver: Using org.apache.hadoop.hive.ql.io.HiveInputFormat
2024-04-24T04:56:32,801  INFO [main] exec.Utilities: Processing alias t
2024-04-24T04:56:32,801  INFO [main] exec.Utilities: Adding 1 inputs; the first input is file:/home/alex/Repositories/hive/ql/target/tmp/org.apache.hadoop.hive.ql.TestTxnExIm-1713959704617/warehouse/t
2024-04-24T04:56:32,810  INFO [main] exec.SerializationUtilities: Serializing MapWork using kryo
2024-04-24T04:56:32,811  INFO [main] exec.Utilities: Serialized plan (via FILE) - name: null size: 5,99KB
2024-04-24T04:56:32,815  INFO [main] exec.SerializationUtilities: Serializing ReduceWork using kryo
2024-04-24T04:56:32,816  INFO [main] exec.Utilities: Serialized plan (via FILE) - name: null size: 7,16KB
2024-04-24T04:56:32,817  WARN [main] impl.MetricsSystemImpl: JobTracker metrics system already initialized!
2024-04-24T04:56:32,822  WARN [main] impl.MetricsSystemImpl: JobTracker metrics system already initialized!
2024-04-24T04:56:32,829  WARN [main] mapreduce.JobResourceUploader: Hadoop command-line option parsing not performed. Implement the Tool interface and execute your application with ToolRunner to remedy this.
2024-04-24T04:56:32,834  WARN [main] mapreduce.JobResourceUploader: No job jar file set.  User classes may not be found. See Job or Job#setJar(String).
2024-04-24T04:56:32,835  INFO [main] io.HiveInputFormat: hive.io.file.readcolumn.ids = 0,1
2024-04-24T04:56:32,835  INFO [main] io.HiveInputFormat: hive.io.file.readcolumn.names = a,b
2024-04-24T04:56:32,835  INFO [main] io.HiveInputFormat: Generating splits for dirs: file:/home/alex/Repositories/hive/ql/target/tmp/org.apache.hadoop.hive.ql.TestTxnExIm-1713959704617/warehouse/t
2024-04-24T04:56:32,835  INFO [main] orc.OrcInputFormat: getSplits started
2024-04-24T04:56:32,835  INFO [main] orc.OrcInputFormat: Context:: isAcid: true isVectorMode: true sarg: null minSplitSize: 1 maxSplitSize: 256000000 splitStrategy: HYBRID footerInSplits: false numBuckets: 0 numThreads: 10 cacheMemSize: 268435456 cacheStripeDetails: true useSoftReference: false writeIdList: default.t:1:9223372036854775807:: isTransactionalTable: true txnProperties: default 
2024-04-24T04:56:32,835  INFO [main] orc.OrcInputFormat: ORC pushdown predicate: null
2024-04-24T04:56:32,845  INFO [main] orc.OrcInputFormat: FooterCacheHitRatio: 0/1
2024-04-24T04:56:32,846  INFO [main] orc.OrcInputFormat: getSplits finished (#splits: 1). duration: 11 ms
2024-04-24T04:56:32,846  INFO [main] io.HiveInputFormat: number of splits 1
2024-04-24T04:56:32,862  INFO [main] mapreduce.JobSubmitter: number of splits:1
2024-04-24T04:56:32,880  INFO [main] mapreduce.JobSubmitter: Submitting tokens for job: job_local1217065716_0036
2024-04-24T04:56:32,880  INFO [main] mapreduce.JobSubmitter: Executing with tokens: []
2024-04-24T04:56:32,936  INFO [main] mapreduce.Job: The url to track the job: http://localhost:8080/
Job running in-process (local Hadoop)
2024-04-24T04:56:32,936  INFO [main] exec.Task: Job running in-process (local Hadoop)
2024-04-24T04:56:32,936  INFO [Thread-2579] mapred.LocalJobRunner: OutputCommitter set in config org.apache.hadoop.hive.ql.io.HiveFileFormatUtils$NullOutputCommitter
2024-04-24T04:56:32,936  INFO [Thread-2579] mapred.LocalJobRunner: OutputCommitter is org.apache.hadoop.hive.ql.io.HiveFileFormatUtils$NullOutputCommitter
2024-04-24T04:56:32,937  INFO [Thread-2579] mapred.LocalJobRunner: Waiting for map tasks
2024-04-24T04:56:32,937  INFO [LocalJobRunner Map Task Executor #0] mapred.LocalJobRunner: Starting task: attempt_local1217065716_0036_m_000000_0
2024-04-24T04:56:32,938  INFO [LocalJobRunner Map Task Executor #0] mapred.Task:  Using ResourceCalculatorProcessTree : [ ]
2024-04-24T04:56:32,938  INFO [LocalJobRunner Map Task Executor #0] mapred.MapTask: Processing split: org.apache.hadoop.hive.ql.io.orc.OrcInputFormat:OrcSplit [file:/home/alex/Repositories/hive/ql/target/tmp/org.apache.hadoop.hive.ql.TestTxnExIm-1713959704617/warehouse/t/delta_0000001_0000001_0000/000000_0, start=3, length=112, isOriginal=true, fileLength=256, hasFooter=false, hasBase=true, deltas=0]
2024-04-24T04:56:32,939  INFO [LocalJobRunner Map Task Executor #0] exec.SerializationUtilities: Deserializing MapWork using kryo
2024-04-24T04:56:32,939  INFO [LocalJobRunner Map Task Executor #0] exec.Utilities: Deserialized plan (via FILE) - name: null size: 5,99KB
2024-04-24T04:56:32,940  INFO [LocalJobRunner Map Task Executor #0] orc.VectorizedOrcAcidRowBatchReader: Read ValidWriteIdList: default.t:1:9223372036854775807:::OrcSplit [file:/home/alex/Repositories/hive/ql/target/tmp/org.apache.hadoop.hive.ql.TestTxnExIm-1713959704617/warehouse/t/delta_0000001_0000001_0000/000000_0, start=3, length=112, isOriginal=true, fileLength=256, hasFooter=false, hasBase=true, deltas=0]
2024-04-24T04:56:32,940  INFO [LocalJobRunner Map Task Executor #0] orc.ReaderImpl: Reading ORC rows from file:/home/alex/Repositories/hive/ql/target/tmp/org.apache.hadoop.hive.ql.TestTxnExIm-1713959704617/warehouse/t/delta_0000001_0000001_0000/000000_0 with {include: [true, true, true], offset: 3, length: 112, schema: struct<a:int,b:int>, includeAcidColumns: true}
2024-04-24T04:56:32,941  INFO [LocalJobRunner Map Task Executor #0] mapred.MapTask: numReduceTasks: 1
2024-04-24T04:56:32,945  INFO [LocalJobRunner Map Task Executor #0] mapred.MapTask: (EQUATOR) 0 kvi 26214396(104857584)
2024-04-24T04:56:32,945  INFO [LocalJobRunner Map Task Executor #0] mapred.MapTask: mapreduce.task.io.sort.mb: 100
2024-04-24T04:56:32,945  INFO [LocalJobRunner Map Task Executor #0] mapred.MapTask: soft limit at 83886080
2024-04-24T04:56:32,945  INFO [LocalJobRunner Map Task Executor #0] mapred.MapTask: bufstart = 0; bufvoid = 104857600
2024-04-24T04:56:32,945  INFO [LocalJobRunner Map Task Executor #0] mapred.MapTask: kvstart = 26214396; length = 6553600
2024-04-24T04:56:32,946  INFO [LocalJobRunner Map Task Executor #0] mapred.MapTask: Map output collector class = org.apache.hadoop.mapred.MapTask$MapOutputBuffer
2024-04-24T04:56:32,946  INFO [LocalJobRunner Map Task Executor #0] vector.VectorMapOperator: Initializing Operator: MAP[0]
2024-04-24T04:56:32,946  INFO [LocalJobRunner Map Task Executor #0] mr.ExecMapper: 
<MAP>Id =0
  <Children>null
  <\Children>
  <Parent><\Parent>
<\MAP>
2024-04-24T04:56:32,947  INFO [LocalJobRunner Map Task Executor #0] exec.TableScanOperator: Initializing Operator: TS[0]
2024-04-24T04:56:32,947  INFO [LocalJobRunner Map Task Executor #0] vector.VectorSelectOperator: Initializing Operator: SEL[5]
2024-04-24T04:56:32,948  INFO [LocalJobRunner Map Task Executor #0] vector.VectorReduceSinkOperator: Initializing Operator: RS[6]
2024-04-24T04:56:32,948  INFO [LocalJobRunner Map Task Executor #0] vector.VectorReduceSinkOperator: Using tag = -1
2024-04-24T04:56:32,948  INFO [LocalJobRunner Map Task Executor #0] vector.VectorReduceSinkOperator: keys are [reducesinkkey0] num distributions: 1
2024-04-24T04:56:32,948  INFO [LocalJobRunner Map Task Executor #0] vector.VectorReduceSinkOperator: RS[6]: records written - 1
2024-04-24T04:56:32,948  INFO [LocalJobRunner Map Task Executor #0] vector.VectorMapOperator: Closing Operator: MAP[0]
2024-04-24T04:56:32,949  INFO [LocalJobRunner Map Task Executor #0] vector.VectorMapOperator: RECORDS_OUT_OPERATOR_MAP_0:0, RECORDS_IN:3, DESERIALIZE_ERRORS:0, RECORDS_OUT_INTERMEDIATE:0, 
2024-04-24T04:56:32,949  INFO [LocalJobRunner Map Task Executor #0] exec.TableScanOperator: Closing Operator: TS[0]
2024-04-24T04:56:32,949  INFO [LocalJobRunner Map Task Executor #0] exec.TableScanOperator: RECORDS_OUT_INTERMEDIATE:0, RECORDS_OUT_OPERATOR_TS_0:3, 
2024-04-24T04:56:32,949  INFO [LocalJobRunner Map Task Executor #0] vector.VectorSelectOperator: Closing Operator: SEL[5]
2024-04-24T04:56:32,949  INFO [LocalJobRunner Map Task Executor #0] vector.VectorSelectOperator: RECORDS_OUT_OPERATOR_SEL_5:3, RECORDS_OUT_INTERMEDIATE:0, 
2024-04-24T04:56:32,949  INFO [LocalJobRunner Map Task Executor #0] vector.VectorReduceSinkOperator: Closing Operator: RS[6]
2024-04-24T04:56:32,949  INFO [LocalJobRunner Map Task Executor #0] vector.VectorReduceSinkOperator: RS[6]: Total records written - 3. abort - false
2024-04-24T04:56:32,949  INFO [LocalJobRunner Map Task Executor #0] vector.VectorReduceSinkOperator: RECORDS_OUT_INTERMEDIATE:3, RECORDS_OUT_OPERATOR_RS_6:3, 
2024-04-24T04:56:32,949  INFO [LocalJobRunner Map Task Executor #0] mapred.LocalJobRunner: 
2024-04-24T04:56:32,949  INFO [LocalJobRunner Map Task Executor #0] mapred.MapTask: Starting flush of map output
2024-04-24T04:56:32,949  INFO [LocalJobRunner Map Task Executor #0] mapred.MapTask: Spilling map output
2024-04-24T04:56:32,949  INFO [LocalJobRunner Map Task Executor #0] mapred.MapTask: bufstart = 0; bufend = 108; bufvoid = 104857600
2024-04-24T04:56:32,949  INFO [LocalJobRunner Map Task Executor #0] mapred.MapTask: kvstart = 26214396(104857584); kvend = 26214388(104857552); length = 9/6553600
2024-04-24T04:56:32,960  INFO [LocalJobRunner Map Task Executor #0] mapred.MapTask: Finished spill 0
2024-04-24T04:56:32,963  INFO [LocalJobRunner Map Task Executor #0] mapred.Task: Task:attempt_local1217065716_0036_m_000000_0 is done. And is in the process of committing
2024-04-24T04:56:32,963  INFO [LocalJobRunner Map Task Executor #0] mapred.LocalJobRunner: OrcSplit [file:/home/alex/Repositories/hive/ql/target/tmp/org.apache.hadoop.hive.ql.TestTxnExIm-1713959704617/warehouse/t/delta_0000001_0000001_0000/000000_0, start=3, length=112, isOriginal=true, fileLength=256, hasFooter=false, hasBase=true, deltas=0]
2024-04-24T04:56:32,964  INFO [LocalJobRunner Map Task Executor #0] mapred.Task: Task 'attempt_local1217065716_0036_m_000000_0' done.
2024-04-24T04:56:32,964  INFO [LocalJobRunner Map Task Executor #0] mapred.Task: Final Counters for attempt_local1217065716_0036_m_000000_0: Counters: 24
	File System Counters
		FILE: Number of bytes read=603354
		FILE: Number of bytes written=42080264
		FILE: Number of read operations=0
		FILE: Number of large read operations=0
		FILE: Number of write operations=0
	Map-Reduce Framework
		Map input records=1
		Map output records=3
		Map output bytes=108
		Map output materialized bytes=120
		Input split bytes=489
		Combine input records=0
		Spilled Records=3
		Failed Shuffles=0
		Merged Map outputs=0
		GC time elapsed (ms)=0
		Total committed heap usage (bytes)=1237319680
	HIVE
		DESERIALIZE_ERRORS=0
		RECORDS_IN=3
		RECORDS_OUT_INTERMEDIATE=3
		RECORDS_OUT_OPERATOR_MAP_0=0
		RECORDS_OUT_OPERATOR_RS_6=3
		RECORDS_OUT_OPERATOR_SEL_5=3
		RECORDS_OUT_OPERATOR_TS_0=3
	File Input Format Counters 
		Bytes Read=7130
2024-04-24T04:56:32,964  INFO [LocalJobRunner Map Task Executor #0] mapred.LocalJobRunner: Finishing task: attempt_local1217065716_0036_m_000000_0
2024-04-24T04:56:32,964  INFO [Thread-2579] mapred.LocalJobRunner: map task executor complete.
2024-04-24T04:56:32,964  INFO [Thread-2579] mapred.LocalJobRunner: Waiting for reduce tasks
2024-04-24T04:56:32,965  INFO [pool-150-thread-1] mapred.LocalJobRunner: Starting task: attempt_local1217065716_0036_r_000000_0
2024-04-24T04:56:32,965  INFO [pool-150-thread-1] mapred.Task:  Using ResourceCalculatorProcessTree : [ ]
2024-04-24T04:56:32,965  INFO [pool-150-thread-1] mapred.ReduceTask: Using ShuffleConsumerPlugin: org.apache.hadoop.mapreduce.task.reduce.Shuffle@32d35a97
2024-04-24T04:56:32,965  WARN [pool-150-thread-1] impl.MetricsSystemImpl: JobTracker metrics system already initialized!
2024-04-24T04:56:32,966  INFO [pool-150-thread-1] reduce.MergeManagerImpl: MergerManager: memoryLimit=1336252800, maxSingleShuffleLimit=334063200, mergeThreshold=881926912, ioSortFactor=10, memToMemMergeOutputsThreshold=10
2024-04-24T04:56:32,967  INFO [EventFetcher for fetching Map Completion Events] reduce.EventFetcher: attempt_local1217065716_0036_r_000000_0 Thread started: EventFetcher for fetching Map Completion Events
2024-04-24T04:56:32,969  INFO [localfetcher#22] reduce.LocalFetcher: localfetcher#22 about to shuffle output of map attempt_local1217065716_0036_m_000000_0 decomp: 116 len: 120 to MEMORY
2024-04-24T04:56:32,969  INFO [localfetcher#22] reduce.InMemoryMapOutput: Read 116 bytes from map-output for attempt_local1217065716_0036_m_000000_0
2024-04-24T04:56:32,969  INFO [localfetcher#22] reduce.MergeManagerImpl: closeInMemoryFile -> map-output of size: 116, inMemoryMapOutputs.size() -> 1, commitMemory -> 0, usedMemory ->116
2024-04-24T04:56:32,970  INFO [EventFetcher for fetching Map Completion Events] reduce.EventFetcher: EventFetcher is interrupted.. Returning
2024-04-24T04:56:32,970  INFO [pool-150-thread-1] mapred.LocalJobRunner: 1 / 1 copied.
2024-04-24T04:56:32,970  INFO [pool-150-thread-1] reduce.MergeManagerImpl: finalMerge called with 1 in-memory map-outputs and 0 on-disk map-outputs
2024-04-24T04:56:32,977  INFO [pool-150-thread-1] mapred.Merger: Merging 1 sorted segments
2024-04-24T04:56:32,977  INFO [pool-150-thread-1] mapred.Merger: Down to the last merge-pass, with 1 segments left of total size: 85 bytes
2024-04-24T04:56:32,980  INFO [pool-150-thread-1] reduce.MergeManagerImpl: Merged 1 segments, 116 bytes to disk to satisfy reduce memory limit
2024-04-24T04:56:32,980  INFO [pool-150-thread-1] reduce.MergeManagerImpl: Merging 1 files, 120 bytes from disk
2024-04-24T04:56:32,980  INFO [pool-150-thread-1] reduce.MergeManagerImpl: Merging 0 segments, 0 bytes from memory into reduce
2024-04-24T04:56:32,980  INFO [pool-150-thread-1] mapred.Merger: Merging 1 sorted segments
2024-04-24T04:56:32,980  INFO [pool-150-thread-1] mapred.Merger: Down to the last merge-pass, with 1 segments left of total size: 85 bytes
2024-04-24T04:56:32,980  INFO [pool-150-thread-1] mapred.LocalJobRunner: 1 / 1 copied.
2024-04-24T04:56:32,981  INFO [pool-150-thread-1] exec.SerializationUtilities: Deserializing ReduceWork using kryo
2024-04-24T04:56:32,981  INFO [pool-150-thread-1] exec.Utilities: Deserialized plan (via FILE) - name: null size: 7,16KB
2024-04-24T04:56:32,982  INFO [pool-150-thread-1] ExecReducer: 
<SEL>Id =3
  <Children>
    <FS>Id =4
      <Children>
      <\Children>
      <Parent>Id = 3 null<\Parent>
    <\FS>
  <\Children>
  <Parent><\Parent>
<\SEL>
2024-04-24T04:56:32,982  INFO [pool-150-thread-1] exec.SelectOperator: Initializing Operator: SEL[3]
2024-04-24T04:56:32,982  INFO [pool-150-thread-1] exec.SelectOperator: SELECT struct<key:struct<reducesinkkey0:struct<writeid:bigint,bucketid:int,rowid:bigint>>,value:struct<_col0:int,_col1:int>>
2024-04-24T04:56:32,982  INFO [pool-150-thread-1] exec.FileSinkOperator: Initializing Operator: FS[4]
2024-04-24T04:56:32,983  INFO [pool-150-thread-1] exec.FileSinkOperator: Using serializer : class org.apache.hadoop.hive.serde2.lazy.LazySimpleSerDe [serdeParams=org.apache.hadoop.hive.serde2.lazy.LazySerDeParameters@36df9f7b, cachedObjectInspector=org.apache.hadoop.hive.serde2.lazy.objectinspector.LazySimpleStructObjectInspector<org.apache.hadoop.hive.serde2.lazy.objectinspector.LazySimpleStructObjectInspector<org.apache.hadoop.hive.serde2.lazy.objectinspector.primitive.LazyLongObjectInspector@6fdaeb7f,org.apache.hadoop.hive.serde2.lazy.objectinspector.primitive.LazyIntObjectInspector@2b8cf049,org.apache.hadoop.hive.serde2.lazy.objectinspector.primitive.LazyLongObjectInspector@6fdaeb7f>,org.apache.hadoop.hive.serde2.lazy.objectinspector.primitive.LazyIntObjectInspector@2b8cf049,org.apache.hadoop.hive.serde2.lazy.objectinspector.primitive.LazyIntObjectInspector@2b8cf049>, serializedSize=0, stats=org.apache.hadoop.hive.serde2.SerDeStats@19482e76, lastOperationSerialize=false, lastOperationDeserialize=false [1, 2, 3, 4, 5, 6, 7, 8, 11, 14, 15, 16, 17, 18, 19, 20, 21, 22, 23, 24, 25, 26, 28, 29, 30, 31, -128, -127, -126, -125, -124, -123, -122, -121, -120, -119, -118, -117, -116, -115, -114, -113, -112, -111, -110, -109, -108, -107, -106, -105, -104, -103, -102, -101, -100, -99, -98, -97, -96, -95, -94, -93, -92, -91, -90, -89, -88, -87, -86, -85, -84, -83, -82, -81, -80, -79, -78, -77, -76, -75, -74, -73, -72, -71, -70, -69, -68, -67, -66, -65, -64, -63, -62, -61, -60, -59, -58, -57, -56, -55, -54, -53, -52, -51, -50, -49, -48, -47, -46, -45, -44, -43, -42, -41, -40, -39, -38, -37, -36, -35, -34, -33, -32, -31, -30, -29, -28, -27, -26, -25, -24, -23, -22, -21, -20, -19, -18, -17, -16, -15, -14, -13, -12, -11, -10, -9, -8, -7, -6, -5, -4, -3, -2, -1] : [_col0, _col1, _col2] : [struct<writeid:bigint,bucketid:int,rowid:bigint>, int, int]] and formatter : org.apache.hadoop.hive.ql.io.HiveSequenceFileOutputFormat@4efc14c8
2024-04-24T04:56:32,984  INFO [pool-150-thread-1] exec.FileSinkOperator: Final Path: FS file:/home/alex/Repositories/hive/ql/target/tmp/localscratchdir/56e08b2e-de69-4589-b547-68b079721dec/hive_2024-04-24_04-56-32_531_2414533436038238887-1/-mr-10001/.hive-staging_hive_2024-04-24_04-56-32_531_2414533436038238887-1/_tmp.-ext-10002/000000_0
2024-04-24T04:56:32,984  INFO [pool-150-thread-1] exec.FileSinkOperator: Writing to temp file: FS file:/home/alex/Repositories/hive/ql/target/tmp/localscratchdir/56e08b2e-de69-4589-b547-68b079721dec/hive_2024-04-24_04-56-32_531_2414533436038238887-1/-mr-10001/.hive-staging_hive_2024-04-24_04-56-32_531_2414533436038238887-1/_task_tmp.-ext-10002/_tmp.000000_0
2024-04-24T04:56:32,984  INFO [pool-150-thread-1] exec.FileSinkOperator: New Final Path: FS file:/home/alex/Repositories/hive/ql/target/tmp/localscratchdir/56e08b2e-de69-4589-b547-68b079721dec/hive_2024-04-24_04-56-32_531_2414533436038238887-1/-mr-10001/.hive-staging_hive_2024-04-24_04-56-32_531_2414533436038238887-1/_tmp.-ext-10002/000000_0
2024-04-24T04:56:32,991  INFO [pool-150-thread-1] exec.FileSinkOperator: FS[4]: records written - 1
2024-04-24T04:56:32,992  INFO [pool-150-thread-1] exec.SelectOperator: Closing Operator: SEL[3]
2024-04-24T04:56:32,992  INFO [pool-150-thread-1] exec.SelectOperator: RECORDS_OUT_INTERMEDIATE:0, RECORDS_OUT_OPERATOR_SEL_3:3, 
2024-04-24T04:56:32,992  INFO [pool-150-thread-1] exec.FileSinkOperator: Closing Operator: FS[4]
2024-04-24T04:56:32,992  INFO [pool-150-thread-1] exec.FileSinkOperator: FS[4]: records written - 3
2024-04-24T04:56:32,992  INFO [pool-150-thread-1] exec.FileSinkOperator: RECORDS_OUT_INTERMEDIATE:0, RECORDS_OUT_0:3, RECORDS_OUT_OPERATOR_FS_4:3, 
2024-04-24T04:56:32,992  INFO [pool-150-thread-1] mapred.Task: Task:attempt_local1217065716_0036_r_000000_0 is done. And is in the process of committing
2024-04-24T04:56:32,993  INFO [pool-150-thread-1] mapred.LocalJobRunner: reduce > reduce
2024-04-24T04:56:32,993  INFO [pool-150-thread-1] mapred.Task: Task 'attempt_local1217065716_0036_r_000000_0' done.
2024-04-24T04:56:32,993  INFO [pool-150-thread-1] mapred.Task: Final Counters for attempt_local1217065716_0036_r_000000_0: Counters: 29
	File System Counters
		FILE: Number of bytes read=610854
		FILE: Number of bytes written=42080573
		FILE: Number of read operations=0
		FILE: Number of large read operations=0
		FILE: Number of write operations=0
	Map-Reduce Framework
		Combine input records=0
		Combine output records=0
		Reduce input groups=3
		Reduce shuffle bytes=120
		Reduce input records=3
		Reduce output records=0
		Spilled Records=3
		Shuffled Maps =1
		Failed Shuffles=0
		Merged Map outputs=1
		GC time elapsed (ms)=0
		Total committed heap usage (bytes)=1237319680
	HIVE
		CREATED_FILES=1
		RECORDS_OUT_0=3
		RECORDS_OUT_INTERMEDIATE=0
		RECORDS_OUT_OPERATOR_FS_4=3
		RECORDS_OUT_OPERATOR_SEL_3=3
	Shuffle Errors
		BAD_ID=0
		CONNECTION=0
		IO_ERROR=0
		WRONG_LENGTH=0
		WRONG_MAP=0
		WRONG_REDUCE=0
	File Output Format Counters 
		Bytes Written=0
2024-04-24T04:56:32,993  INFO [pool-150-thread-1] mapred.LocalJobRunner: Finishing task: attempt_local1217065716_0036_r_000000_0
2024-04-24T04:56:32,993  INFO [Thread-2579] mapred.LocalJobRunner: reduce task executor complete.
2024-04-24 04:56:33,938 Stage-1 map = 100%,  reduce = 100%
2024-04-24T04:56:33,938  INFO [main] exec.Task: 2024-04-24 04:56:33,938 Stage-1 map = 100%,  reduce = 100%
Ended Job = job_local1217065716_0036
2024-04-24T04:56:33,940  INFO [main] exec.Task: Ended Job = job_local1217065716_0036
2024-04-24T04:56:33,943  INFO [main] metadata.Hive: Dumping metastore api call timing information for : execution phase
2024-04-24T04:56:33,943  INFO [main] metadata.Hive: Total time spent in each metastore function (ms): {}
MapReduce Jobs Launched: 
2024-04-24T04:56:33,943  INFO [main] ql.Driver: MapReduce Jobs Launched: 
Stage-Stage-1:  HDFS Read: 0 HDFS Write: 0 SUCCESS
2024-04-24T04:56:33,943  INFO [main] ql.Driver: Stage-Stage-1:  HDFS Read: 0 HDFS Write: 0 SUCCESS
Total MapReduce CPU Time Spent: 0 msec
2024-04-24T04:56:33,943  INFO [main] ql.Driver: Total MapReduce CPU Time Spent: 0 msec
2024-04-24T04:56:33,943  INFO [main] ql.Driver: Completed executing command(queryId=alex_20240424045632_63ce4db1-ba36-42ce-a1a2-880b1d59e9e6); Time taken: 1.272 seconds
2024-04-24T04:56:33,943  INFO [main] lockmgr.DbTxnManager: Stopped heartbeat for query: alex_20240424045632_63ce4db1-ba36-42ce-a1a2-880b1d59e9e6
2024-04-24T04:56:33,946  INFO [main] txn.TxnHandler: Expected to move at least one record from txn_components to completed_txn_components when committing txn! txnid:20
2024-04-24T04:56:33,951  INFO [main] txn.TxnHandler: Removed transactions: ([20]) from MIN_HISTORY_LEVEL
2024-04-24T04:56:33,951  WARN [main] txn.CompactionTxnHandler: No compaction queue record found for Compaction type transaction commit. txnId:20
2024-04-24T04:56:33,955  INFO [main] mapred.FileInputFormat: Total input files to process : 1
2024-04-24T04:56:33,956  INFO [main] exec.ListSinkOperator: Closing Operator: LIST_SINK[7]
2024-04-24T04:56:33,956  INFO [main] exec.ListSinkOperator: RECORDS_OUT_INTERMEDIATE:0, RECORDS_OUT_OPERATOR_LIST_SINK_7:3, 
2024-04-24T04:56:33,956  WARN [main] ql.TestTxnExIm: testImportVectorized: read data(import existing table vect): 
2024-04-24T04:56:33,956  INFO [main] ql.TestTxnExIm: {"writeid":1,"bucketid":536870912,"rowid":0}	1	2
{"writeid":1,"bucketid":536870912,"rowid":1}	3	4
{"writeid":1,"bucketid":536870912,"rowid":2}	5	6

2024-04-24T04:56:33,956  INFO [main] ql.TxnCommandsBaseForTests: Running the query: EXPLAIN VECTORIZATION DETAIL select ROW__ID, a, b from T order by ROW__ID
2024-04-24T04:56:33,956  INFO [main] ql.Context: Deleting scratch dir: file:/home/alex/Repositories/hive/ql/target/tmp/localscratchdir/56e08b2e-de69-4589-b547-68b079721dec/hive_2024-04-24_04-56-32_531_2414533436038238887-1
2024-04-24T04:56:33,957  INFO [main] cleanup.SyncCleanupService: Deleted directory: file:/home/alex/Repositories/hive/ql/target/tmp/localscratchdir/56e08b2e-de69-4589-b547-68b079721dec/hive_2024-04-24_04-56-32_531_2414533436038238887-1 on fs with scheme file
2024-04-24T04:56:33,957  INFO [main] ql.Driver: Compiling command(queryId=alex_20240424045633_b30960f5-7d7d-4c9b-9d2d-88ac91cf9306): EXPLAIN VECTORIZATION DETAIL select ROW__ID, a, b from T order by ROW__ID
2024-04-24T04:56:33,960  INFO [main] txn.TxnHandler: Added entries to MIN_HISTORY_LEVEL for current txns: ([21]) with min_open_txn: 21
2024-04-24T04:56:33,960  INFO [main] lockmgr.DbTxnManager: Opened txnid:21
2024-04-24T04:56:33,961  INFO [main] parse.CalcitePlanner: Starting Semantic Analysis
2024-04-24T04:56:33,963  INFO [main] parse.CalcitePlanner: Completed phase 1 of Semantic Analysis
2024-04-24T04:56:33,963  INFO [main] parse.CalcitePlanner: Get metadata for source tables
2024-04-24T04:56:33,963  INFO [main] HiveMetaStore.audit: ugi=alex	ip=unknown-ip-addr	cmd=get_table : tbl=hive.default.t	
2024-04-24T04:56:33,968  INFO [main] metastore.ObjectStore: Removed COLUMN_STATS_ACCURATE from Table's parameters.
2024-04-24T04:56:33,969  INFO [main] metastore.HMSHandler: Skipping translation for processor with null
2024-04-24T04:56:33,970  INFO [main] parse.CalcitePlanner: Get metadata for subqueries
2024-04-24T04:56:33,970  INFO [main] parse.CalcitePlanner: Get metadata for destination tables
2024-04-24T04:56:33,970  INFO [main] parse.CalcitePlanner: Completed getting MetaData in Semantic Analysis
2024-04-24T04:56:33,981  INFO [main] HiveMetaStore.audit: ugi=alex	ip=unknown-ip-addr	cmd=get_all_table_constraints : tbl=hive.default.t	
2024-04-24T04:56:33,990  INFO [main] calcite.RelOptHiveTable: Calculating column statistics for default.t, projIndxSet: [0, 1], allowMissingStats: true
2024-04-24T04:56:33,991  INFO [main] HiveMetaStore.audit: ugi=alex	ip=unknown-ip-addr	cmd=get_table : tbl=hive.default.t	
2024-04-24T04:56:33,999  INFO [main] metastore.HMSHandler: Skipping translation for processor with null
2024-04-24T04:56:34,000  INFO [main] HiveMetaStore.audit: ugi=alex	ip=unknown-ip-addr	cmd=get_table : tbl=hive.default.t	
2024-04-24T04:56:34,007  INFO [main] metastore.HMSHandler: Skipping translation for processor with null
2024-04-24T04:56:34,008  INFO [main] HiveMetaStore.audit: ugi=alex	ip=unknown-ip-addr	cmd=get_table_statistics_req: table=hive.default.t	
2024-04-24T04:56:34,015  WARN [main] calcite.RelOptHiveTable: No Stats for default@t, Columns: a, b
No Stats for default@t, Columns: a, b
2024-04-24T04:56:34,015  INFO [main] SessionState: No Stats for default@t, Columns: a, b
2024-04-24T04:56:34,053  INFO [main] parse.CalcitePlanner: Get metadata for source tables
2024-04-24T04:56:34,053  INFO [main] parse.CalcitePlanner: Get metadata for subqueries
2024-04-24T04:56:34,053  INFO [main] parse.CalcitePlanner: Get metadata for destination tables
2024-04-24T04:56:34,055  INFO [main] parse.CalcitePlanner: CBO Succeeded; optimized logical plan.
2024-04-24T04:56:34,057  INFO [main] optimizer.ColumnPrunerProcFactory: RS 2 oldColExprMap: {VALUE._col1=Column[_col2], VALUE._col0=Column[_col1], KEY.reducesinkkey0=Column[_col0]}
2024-04-24T04:56:34,057  INFO [main] optimizer.ColumnPrunerProcFactory: RS 2 newColExprMap: {VALUE._col0=Column[_col1], KEY.reducesinkkey0=Column[_col0], VALUE._col1=Column[_col2]}
2024-04-24T04:56:34,058  INFO [main] optimizer.BucketVersionPopulator: not considering bucketingVersion for: TS[0] because it has -1<2 buckets 
2024-04-24T04:56:34,061  INFO [main] optimizer.SortedDynPartitionOptimizer: Sorted dynamic partitioning optimization kicked in..
2024-04-24T04:56:34,069  INFO [main] physical.Vectorizer: Examining input format to see if vectorization is enabled.
2024-04-24T04:56:34,069  INFO [main] physical.Vectorizer: Vectorization is enabled for input format(s) [org.apache.hadoop.hive.ql.io.orc.OrcInputFormat]
2024-04-24T04:56:34,069  INFO [main] physical.Vectorizer: Validating and vectorizing MapWork... (vectorizedVertexNum 0)
2024-04-24T04:56:34,070  INFO [main] physical.Vectorizer: Map vectorization enabled: true
2024-04-24T04:56:34,070  INFO [main] physical.Vectorizer: Map vectorized: true
2024-04-24T04:56:34,070  INFO [main] physical.Vectorizer: Map vectorizedVertexNum: 0
2024-04-24T04:56:34,070  INFO [main] physical.Vectorizer: Map enabledConditionsMet: [hive.vectorized.use.vectorized.input.format IS true]
2024-04-24T04:56:34,070  INFO [main] physical.Vectorizer: Map inputFileFormatClassNameSet: [org.apache.hadoop.hive.ql.io.orc.OrcInputFormat]
2024-04-24T04:56:34,070  INFO [main] physical.Vectorizer: Reduce vectorization enabled: false
2024-04-24T04:56:34,070  INFO [main] physical.Vectorizer: Reduce vectorized: false
2024-04-24T04:56:34,070  INFO [main] physical.Vectorizer: Reduce vectorizedVertexNum: 1
2024-04-24T04:56:34,070  INFO [main] physical.Vectorizer: Reducer hive.vectorized.execution.reduce.enabled: true
2024-04-24T04:56:34,070  INFO [main] physical.Vectorizer: Reducer engine: mr
2024-04-24T04:56:34,070  INFO [main] parse.CalcitePlanner: Completed plan generation
2024-04-24T04:56:34,071  INFO [main] ql.Driver: Semantic Analysis Completed (retrial = false)
2024-04-24T04:56:34,071  INFO [main] ql.Driver: Created Hive schema: Schema(fieldSchemas:[FieldSchema(name:Explain, type:string, comment:null)], properties:null)
2024-04-24T04:56:34,071  INFO [main] metadata.Hive: Dumping metastore api call timing information for : compilation phase
2024-04-24T04:56:34,071  INFO [main] metadata.Hive: Total time spent in each metastore function (ms): {getTableColumnStatistics_(String, String, List, String)=23, isCompatibleWith_(Configuration)=0, getValidTxns_(long)=1, openTxn_(String, TxnType)=2, getTable_(GetTableRequest)=7, commitTxn_(CommitTxnRequest)=9, getValidWriteIds_(List, String)=2, getAllTableConstraints_(AllTableConstraintsRequest)=5, flushCache_()=0}
2024-04-24T04:56:34,071  INFO [main] ql.Driver: Completed compiling command(queryId=alex_20240424045633_b30960f5-7d7d-4c9b-9d2d-88ac91cf9306); Time taken: 0.114 seconds
2024-04-24T04:56:34,071  INFO [main] ql.Driver: Executing command(queryId=alex_20240424045633_b30960f5-7d7d-4c9b-9d2d-88ac91cf9306): EXPLAIN VECTORIZATION DETAIL select ROW__ID, a, b from T order by ROW__ID
2024-04-24T04:56:34,071  INFO [main] ql.Driver: Starting task [Stage-2:EXPLAIN] in serial mode
2024-04-24T04:56:34,085  INFO [main] metadata.Hive: Dumping metastore api call timing information for : execution phase
2024-04-24T04:56:34,085  INFO [main] metadata.Hive: Total time spent in each metastore function (ms): {}
2024-04-24T04:56:34,085  INFO [main] ql.Driver: Completed executing command(queryId=alex_20240424045633_b30960f5-7d7d-4c9b-9d2d-88ac91cf9306); Time taken: 0.014 seconds
2024-04-24T04:56:34,085  INFO [main] lockmgr.DbTxnManager: Stopped heartbeat for query: null
2024-04-24T04:56:34,090  INFO [main] txn.TxnHandler: Expected to move at least one record from txn_components to completed_txn_components when committing txn! txnid:21
2024-04-24T04:56:34,096  INFO [main] txn.TxnHandler: Removed transactions: ([21]) from MIN_HISTORY_LEVEL
2024-04-24T04:56:34,096  WARN [main] txn.CompactionTxnHandler: No compaction queue record found for Compaction type transaction commit. txnId:21
2024-04-24T04:56:34,097  INFO [main] ql.TxnCommandsBaseForTests: Running the query: update T set a = 0 where b = 6
2024-04-24T04:56:34,097  INFO [main] ql.Context: Deleting scratch dir: file:/home/alex/Repositories/hive/ql/target/tmp/localscratchdir/56e08b2e-de69-4589-b547-68b079721dec/hive_2024-04-24_04-56-33_957_7236663467551005329-1
2024-04-24T04:56:34,098  INFO [main] cleanup.SyncCleanupService: Deleted directory: file:/home/alex/Repositories/hive/ql/target/tmp/localscratchdir/56e08b2e-de69-4589-b547-68b079721dec/hive_2024-04-24_04-56-33_957_7236663467551005329-1 on fs with scheme file
2024-04-24T04:56:34,098  INFO [main] ql.Driver: Compiling command(queryId=alex_20240424045634_8c469d02-82ae-410f-96b8-c045348866e6): update T set a = 0 where b = 6
2024-04-24T04:56:34,100  INFO [main] txn.TxnHandler: Added entries to MIN_HISTORY_LEVEL for current txns: ([22]) with min_open_txn: 21
2024-04-24T04:56:34,100  INFO [main] lockmgr.DbTxnManager: Opened txnid:22
2024-04-24T04:56:34,101  INFO [main] parse.UpdateDeleteSemanticAnalyzer: Starting caching scope for: 
2024-04-24T04:56:34,101  INFO [main] HiveMetaStore.audit: ugi=alex	ip=unknown-ip-addr	cmd=get_table : tbl=hive.default.T	
2024-04-24T04:56:34,107  INFO [main] metastore.HMSHandler: Skipping translation for processor with null
2024-04-24T04:56:34,107  INFO [main] parse.RewriteSemanticAnalyzer: Going to reparse <update T set a = 0 where b = 6> as 
<insert into table `default`.`T` select ROW__ID,`a`,`b` from `default`.`T` sort by ROW__ID >
2024-04-24T04:56:34,108  INFO [main] parse.UpdateDeleteSemanticAnalyzer: Starting Semantic Analysis
2024-04-24T04:56:34,111  INFO [main] HiveMetaStore.audit: ugi=alex	ip=unknown-ip-addr	cmd=get_table : tbl=hive.default.T	
2024-04-24T04:56:34,116  INFO [main] metastore.ObjectStore: Removed COLUMN_STATS_ACCURATE from Table's parameters.
2024-04-24T04:56:34,118  INFO [main] metastore.HMSHandler: Skipping translation for processor with null
2024-04-24T04:56:34,118  INFO [main] parse.UpdateDeleteSemanticAnalyzer: Completed phase 1 of Semantic Analysis
2024-04-24T04:56:34,118  INFO [main] parse.UpdateDeleteSemanticAnalyzer: Get metadata for source tables
2024-04-24T04:56:34,118  INFO [main] HiveMetaStore.audit: ugi=alex	ip=unknown-ip-addr	cmd=get_table : tbl=hive.default.t	
2024-04-24T04:56:34,123  INFO [main] metastore.ObjectStore: Removed COLUMN_STATS_ACCURATE from Table's parameters.
2024-04-24T04:56:34,125  INFO [main] metastore.HMSHandler: Skipping translation for processor with null
2024-04-24T04:56:34,125  INFO [main] parse.UpdateDeleteSemanticAnalyzer: Get metadata for subqueries
2024-04-24T04:56:34,125  INFO [main] parse.UpdateDeleteSemanticAnalyzer: Get metadata for destination tables
2024-04-24T04:56:34,125  INFO [main] HiveMetaStore.audit: ugi=alex	ip=unknown-ip-addr	cmd=get_table : tbl=hive.default.T	
2024-04-24T04:56:34,135  INFO [main] metastore.HMSHandler: Skipping translation for processor with null
2024-04-24T04:56:34,135  INFO [main] parse.UpdateDeleteSemanticAnalyzer: Completed getting MetaData in Semantic Analysis
2024-04-24T04:56:34,135  INFO [main] parse.UpdateDeleteSemanticAnalyzer: Disabling LLAP IO encode as ETL query is detected
2024-04-24T04:56:34,148  INFO [main] HiveMetaStore.audit: ugi=alex	ip=unknown-ip-addr	cmd=get_all_table_constraints : tbl=hive.default.t	
2024-04-24T04:56:34,154  INFO [main] HiveMetaStore.audit: ugi=alex	ip=unknown-ip-addr	cmd=get_not_null_constraints : tbl=hive.default.t	
2024-04-24T04:56:34,155  INFO [main] HiveMetaStore.audit: ugi=alex	ip=unknown-ip-addr	cmd=get_check_constraints : tbl=hive.default.t	
2024-04-24T04:56:34,178  INFO [main] calcite.RelOptHiveTable: Calculating column statistics for default.t, projIndxSet: [1], allowMissingStats: true
2024-04-24T04:56:34,178  INFO [main] HiveMetaStore.audit: ugi=alex	ip=unknown-ip-addr	cmd=get_table : tbl=hive.default.t	
2024-04-24T04:56:34,187  INFO [main] metastore.HMSHandler: Skipping translation for processor with null
2024-04-24T04:56:34,188  INFO [main] HiveMetaStore.audit: ugi=alex	ip=unknown-ip-addr	cmd=get_table : tbl=hive.default.t	
2024-04-24T04:56:34,197  INFO [main] metastore.HMSHandler: Skipping translation for processor with null
2024-04-24T04:56:34,197  INFO [main] HiveMetaStore.audit: ugi=alex	ip=unknown-ip-addr	cmd=get_table_statistics_req: table=hive.default.t	
2024-04-24T04:56:34,207  WARN [main] calcite.RelOptHiveTable: No Stats for default@t, Columns: b
No Stats for default@t, Columns: b
2024-04-24T04:56:34,207  INFO [main] SessionState: No Stats for default@t, Columns: b
2024-04-24T04:56:34,267  INFO [main] parse.UpdateDeleteSemanticAnalyzer: Get metadata for source tables
2024-04-24T04:56:34,267  INFO [main] parse.UpdateDeleteSemanticAnalyzer: Get metadata for subqueries
2024-04-24T04:56:34,267  INFO [main] parse.UpdateDeleteSemanticAnalyzer: Get metadata for destination tables
2024-04-24T04:56:34,268  INFO [main] HiveMetaStore.audit: ugi=alex	ip=unknown-ip-addr	cmd=get_table : tbl=hive.default.T	
2024-04-24T04:56:34,274  INFO [main] metastore.HMSHandler: Skipping translation for processor with null
2024-04-24T04:56:34,283  INFO [main] txn.TxnHandler: Allocated writeId: 2 for txnId: 22
2024-04-24T04:56:34,283  INFO [main] txn.TxnHandler: Allocated write ids for dbName=default, tblName=t (txnIds: [22])
2024-04-24T04:56:34,286  INFO [main] parse.UpdateDeleteSemanticAnalyzer: CBO Succeeded; optimized logical plan.
2024-04-24T04:56:34,290  INFO [main] optimizer.ColumnPrunerProcFactory: RS 5 oldColExprMap: {VALUE._col0=Column[_col0], VALUE._col1=Column[_col1], VALUE._col2=Column[_col2]}
2024-04-24T04:56:34,290  INFO [main] optimizer.ColumnPrunerProcFactory: RS 5 newColExprMap: {VALUE._col0=Column[_col0], VALUE._col1=Column[_col1], VALUE._col2=Column[_col2]}
2024-04-24T04:56:34,290  INFO [main] optimizer.ColumnPrunerProcFactory: RS 3 oldColExprMap: {KEY.reducesinkkey0=Column[_col0]}
2024-04-24T04:56:34,290  INFO [main] optimizer.ColumnPrunerProcFactory: RS 3 newColExprMap: {KEY.reducesinkkey0=Column[_col0]}
2024-04-24T04:56:34,291  INFO [main] optimizer.ColumnPrunerProcFactory: RS 3 oldColExprMap: {KEY.reducesinkkey0=Column[_col0]}
2024-04-24T04:56:34,291  INFO [main] optimizer.ColumnPrunerProcFactory: RS 3 newColExprMap: {KEY.reducesinkkey0=Column[_col0]}
2024-04-24T04:56:34,292  INFO [main] optimizer.BucketVersionPopulator: not considering bucketingVersion for: TS[0] because it has -1<2 buckets 
2024-04-24T04:56:34,296  INFO [main] optimizer.SortedDynPartitionOptimizer: Sorted dynamic partitioning optimization kicked in..
2024-04-24T04:56:34,304  INFO [main] HiveMetaStore.audit: ugi=alex	ip=unknown-ip-addr	cmd=get_table : tbl=hive.default.t	
2024-04-24T04:56:34,311  INFO [main] metastore.HMSHandler: Skipping translation for processor with null
2024-04-24T04:56:34,312  INFO [main] physical.Vectorizer: Examining input format to see if vectorization is enabled.
2024-04-24T04:56:34,312  INFO [main] physical.Vectorizer: Vectorization is enabled for input format(s) [org.apache.hadoop.hive.ql.io.orc.OrcInputFormat]
2024-04-24T04:56:34,312  INFO [main] physical.Vectorizer: Validating and vectorizing MapWork... (vectorizedVertexNum 0)
2024-04-24T04:56:34,320  INFO [main] physical.Vectorizer: Map vectorization enabled: true
2024-04-24T04:56:34,320  INFO [main] physical.Vectorizer: Map vectorized: true
2024-04-24T04:56:34,320  INFO [main] physical.Vectorizer: Map vectorizedVertexNum: 0
2024-04-24T04:56:34,320  INFO [main] physical.Vectorizer: Map enabledConditionsMet: [hive.vectorized.use.vectorized.input.format IS true]
2024-04-24T04:56:34,320  INFO [main] physical.Vectorizer: Map inputFileFormatClassNameSet: [org.apache.hadoop.hive.ql.io.orc.OrcInputFormat]
2024-04-24T04:56:34,320  INFO [main] physical.Vectorizer: Reduce vectorization enabled: false
2024-04-24T04:56:34,320  INFO [main] physical.Vectorizer: Reduce vectorized: false
2024-04-24T04:56:34,321  INFO [main] physical.Vectorizer: Reduce vectorizedVertexNum: 1
2024-04-24T04:56:34,321  INFO [main] physical.Vectorizer: Reducer hive.vectorized.execution.reduce.enabled: true
2024-04-24T04:56:34,321  INFO [main] physical.Vectorizer: Reducer engine: mr
2024-04-24T04:56:34,321  INFO [main] parse.UpdateDeleteSemanticAnalyzer: Completed plan generation
2024-04-24T04:56:34,321  INFO [main] parse.UpdateDeleteSemanticAnalyzer: Ending caching scope for: 
2024-04-24T04:56:34,321  INFO [main] ql.Driver: Semantic Analysis Completed (retrial = false)
2024-04-24T04:56:34,321  INFO [main] ql.Driver: Created Hive schema: Schema(fieldSchemas:[FieldSchema(name:row__id, type:struct<writeid:bigint,bucketid:int,rowid:bigint>, comment:null), FieldSchema(name:_c1, type:int, comment:null), FieldSchema(name:b, type:int, comment:null)], properties:null)
2024-04-24T04:56:34,321  INFO [main] metadata.Hive: Dumping metastore api call timing information for : compilation phase
2024-04-24T04:56:34,321  INFO [main] metadata.Hive: Total time spent in each metastore function (ms): {getTableColumnStatistics_(String, String, List, String)=29, flushCache_()=0, openTxn_(String, TxnType)=2, allocateTableWriteId_(long, String, String)=5, getTable_(GetTableRequest)=44, getCheckConstraints_(CheckConstraintsRequest)=1, isCompatibleWith_(Configuration)=1, getValidTxns_(long)=1, getAllTableConstraints_(AllTableConstraintsRequest)=4, getValidWriteIds_(List, String)=5, getNotNullConstraints_(NotNullConstraintsRequest)=1, commitTxn_(CommitTxnRequest)=11}
2024-04-24T04:56:34,321  INFO [main] ql.Driver: Completed compiling command(queryId=alex_20240424045634_8c469d02-82ae-410f-96b8-c045348866e6); Time taken: 0.223 seconds
2024-04-24T04:56:34,321  INFO [main] lockmgr.DbTxnManager: Setting lock request transaction to txnid:22 for queryId=alex_20240424045634_8c469d02-82ae-410f-96b8-c045348866e6
2024-04-24T04:56:34,322  INFO [main] lockmgr.DbLockManager: Requesting lock for queryId=alex_20240424045634_8c469d02-82ae-410f-96b8-c045348866e6
2024-04-24T04:56:34,337  INFO [main] lockmgr.DbLockManager: Response to queryId=alex_20240424045634_8c469d02-82ae-410f-96b8-c045348866e6 LockResponse(lockid:14, state:ACQUIRED)
2024-04-24T04:56:34,337  INFO [main] ql.Driver: Operation QUERY obtained 1 locks
2024-04-24T04:56:34,344  INFO [main] ql.Driver: Executing command(queryId=alex_20240424045634_8c469d02-82ae-410f-96b8-c045348866e6): update T set a = 0 where b = 6
2024-04-24T04:56:34,344  WARN [main] ql.Driver: Hive-on-MR is deprecated in Hive 2 and may not be available in the future versions. Consider using a different execution engine (i.e. tez, spark) or using Hive 1.X releases.
Query ID = alex_20240424045634_8c469d02-82ae-410f-96b8-c045348866e6
2024-04-24T04:56:34,344  INFO [main] ql.Driver: Query ID = alex_20240424045634_8c469d02-82ae-410f-96b8-c045348866e6
Total jobs = 1
2024-04-24T04:56:34,344  INFO [main] ql.Driver: Total jobs = 1
Launching Job 1 out of 1
2024-04-24T04:56:34,344  INFO [main] ql.Driver: Launching Job 1 out of 1
2024-04-24T04:56:34,475  INFO [main] ql.Driver: Starting task [Stage-1:MAPRED] in serial mode
2024-04-24T04:56:34,475  INFO [main] exec.Utilities: Not using thread pool for getContentSummary
2024-04-24T04:56:34,476  INFO [main] exec.Utilities: BytesPerReducer=256000000 maxReducers=1009 totalInputFileSize=256
Number of reduce tasks not specified. Estimated from input data size: 1
2024-04-24T04:56:34,476  INFO [main] exec.Task: Number of reduce tasks not specified. Estimated from input data size: 1
In order to change the average load for a reducer (in bytes):
2024-04-24T04:56:34,476  INFO [main] exec.Task: In order to change the average load for a reducer (in bytes):
  set hive.exec.reducers.bytes.per.reducer=<number>
2024-04-24T04:56:34,476  INFO [main] exec.Task:   set hive.exec.reducers.bytes.per.reducer=<number>
In order to limit the maximum number of reducers:
2024-04-24T04:56:34,476  INFO [main] exec.Task: In order to limit the maximum number of reducers:
  set hive.exec.reducers.max=<number>
2024-04-24T04:56:34,476  INFO [main] exec.Task:   set hive.exec.reducers.max=<number>
In order to set a constant number of reducers:
2024-04-24T04:56:34,476  INFO [main] exec.Task: In order to set a constant number of reducers:
  set mapreduce.job.reduces=<number>
2024-04-24T04:56:34,476  INFO [main] exec.Task:   set mapreduce.job.reduces=<number>
2024-04-24T04:56:34,481  INFO [main] mr.ExecDriver: Using org.apache.hadoop.hive.ql.io.HiveInputFormat
2024-04-24T04:56:34,481  INFO [main] exec.Utilities: Processing alias t
2024-04-24T04:56:34,481  INFO [main] exec.Utilities: Adding 1 inputs; the first input is file:/home/alex/Repositories/hive/ql/target/tmp/org.apache.hadoop.hive.ql.TestTxnExIm-1713959704617/warehouse/t
2024-04-24T04:56:34,491  INFO [main] exec.SerializationUtilities: Serializing MapWork using kryo
2024-04-24T04:56:34,495  INFO [main] exec.Utilities: Serialized plan (via FILE) - name: null size: 6,82KB
2024-04-24T04:56:34,500  INFO [main] exec.SerializationUtilities: Serializing ReduceWork using kryo
2024-04-24T04:56:34,501  INFO [main] exec.Utilities: Serialized plan (via FILE) - name: null size: 7,39KB
2024-04-24T04:56:34,502  WARN [main] impl.MetricsSystemImpl: JobTracker metrics system already initialized!
2024-04-24T04:56:34,506  INFO [main] fs.FSStatsPublisher: created : file:/home/alex/Repositories/hive/ql/target/tmp/localscratchdir/56e08b2e-de69-4589-b547-68b079721dec/hive_2024-04-24_04-56-34_107_9209434574009092798-1/-mr-10000
2024-04-24T04:56:34,508  WARN [main] impl.MetricsSystemImpl: JobTracker metrics system already initialized!
2024-04-24T04:56:34,515  WARN [main] mapreduce.JobResourceUploader: Hadoop command-line option parsing not performed. Implement the Tool interface and execute your application with ToolRunner to remedy this.
2024-04-24T04:56:34,520  WARN [main] mapreduce.JobResourceUploader: No job jar file set.  User classes may not be found. See Job or Job#setJar(String).
2024-04-24T04:56:34,521  INFO [main] io.HiveInputFormat: hive.io.file.readcolumn.ids = 1
2024-04-24T04:56:34,521  INFO [main] io.HiveInputFormat: hive.io.file.readcolumn.names = b
2024-04-24T04:56:34,521  INFO [main] io.HiveInputFormat: Generating splits for dirs: file:/home/alex/Repositories/hive/ql/target/tmp/org.apache.hadoop.hive.ql.TestTxnExIm-1713959704617/warehouse/t
2024-04-24T04:56:34,521  INFO [main] orc.OrcInputFormat: getSplits started
2024-04-24T04:56:34,521  INFO [main] orc.OrcInputFormat: Context:: isAcid: true isVectorMode: true sarg: leaf-(EQUALS b 6) minSplitSize: 1 maxSplitSize: 256000000 splitStrategy: HYBRID footerInSplits: false numBuckets: 0 numThreads: 10 cacheMemSize: 268435456 cacheStripeDetails: true useSoftReference: false writeIdList: default.t:2:9223372036854775807:: isTransactionalTable: true txnProperties: default 
2024-04-24T04:56:34,521  INFO [main] orc.OrcInputFormat: ORC pushdown predicate: leaf-(EQUALS b 6)
2024-04-24T04:56:34,534  INFO [main] orc.OrcInputFormat: FooterCacheHitRatio: 1/1
2024-04-24T04:56:34,534  INFO [main] orc.OrcInputFormat: getSplits finished (#splits: 1). duration: 13 ms
2024-04-24T04:56:34,534  INFO [main] io.HiveInputFormat: number of splits 1
2024-04-24T04:56:34,553  INFO [main] mapreduce.JobSubmitter: number of splits:1
2024-04-24T04:56:34,571  INFO [main] mapreduce.JobSubmitter: Submitting tokens for job: job_local1327463553_0037
2024-04-24T04:56:34,571  INFO [main] mapreduce.JobSubmitter: Executing with tokens: []
2024-04-24T04:56:34,629  INFO [main] mapreduce.Job: The url to track the job: http://localhost:8080/
Job running in-process (local Hadoop)
2024-04-24T04:56:34,629  INFO [main] exec.Task: Job running in-process (local Hadoop)
2024-04-24T04:56:34,629  INFO [Thread-2633] mapred.LocalJobRunner: OutputCommitter set in config org.apache.hadoop.hive.ql.io.HiveFileFormatUtils$NullOutputCommitter
2024-04-24T04:56:34,629  INFO [Thread-2633] mapred.LocalJobRunner: OutputCommitter is org.apache.hadoop.hive.ql.io.HiveFileFormatUtils$NullOutputCommitter
2024-04-24T04:56:34,631  INFO [Thread-2633] mapred.LocalJobRunner: Waiting for map tasks
2024-04-24T04:56:34,631  INFO [LocalJobRunner Map Task Executor #0] mapred.LocalJobRunner: Starting task: attempt_local1327463553_0037_m_000000_0
2024-04-24T04:56:34,631  INFO [LocalJobRunner Map Task Executor #0] mapred.Task:  Using ResourceCalculatorProcessTree : [ ]
2024-04-24T04:56:34,632  INFO [LocalJobRunner Map Task Executor #0] mapred.MapTask: Processing split: org.apache.hadoop.hive.ql.io.orc.OrcInputFormat:OrcSplit [file:/home/alex/Repositories/hive/ql/target/tmp/org.apache.hadoop.hive.ql.TestTxnExIm-1713959704617/warehouse/t/delta_0000001_0000001_0000/000000_0, start=3, length=112, isOriginal=true, fileLength=256, hasFooter=false, hasBase=true, deltas=0]
2024-04-24T04:56:34,632  INFO [LocalJobRunner Map Task Executor #0] exec.SerializationUtilities: Deserializing MapWork using kryo
2024-04-24T04:56:34,634  INFO [LocalJobRunner Map Task Executor #0] exec.Utilities: Deserialized plan (via FILE) - name: null size: 6,82KB
2024-04-24T04:56:34,634  INFO [LocalJobRunner Map Task Executor #0] orc.OrcInputFormat: ORC pushdown predicate: leaf-(EQUALS b 6)
2024-04-24T04:56:34,634  INFO [LocalJobRunner Map Task Executor #0] orc.VectorizedOrcAcidRowBatchReader: Read ValidWriteIdList: default.t:2:9223372036854775807:::OrcSplit [file:/home/alex/Repositories/hive/ql/target/tmp/org.apache.hadoop.hive.ql.TestTxnExIm-1713959704617/warehouse/t/delta_0000001_0000001_0000/000000_0, start=3, length=112, isOriginal=true, fileLength=256, hasFooter=false, hasBase=true, deltas=0]
2024-04-24T04:56:34,635  INFO [LocalJobRunner Map Task Executor #0] orc.ReaderImpl: Reading ORC rows from file:/home/alex/Repositories/hive/ql/target/tmp/org.apache.hadoop.hive.ql.TestTxnExIm-1713959704617/warehouse/t/delta_0000001_0000001_0000/000000_0 with {include: [true, false, true], offset: 3, length: 112, sarg: leaf-(EQUALS b 6), schema: struct<a:int,b:int>, includeAcidColumns: true}
2024-04-24T04:56:34,636  INFO [LocalJobRunner Map Task Executor #0] mapred.MapTask: numReduceTasks: 1
2024-04-24T04:56:34,641  INFO [LocalJobRunner Map Task Executor #0] mapred.MapTask: (EQUATOR) 0 kvi 26214396(104857584)
2024-04-24T04:56:34,641  INFO [LocalJobRunner Map Task Executor #0] mapred.MapTask: mapreduce.task.io.sort.mb: 100
2024-04-24T04:56:34,641  INFO [LocalJobRunner Map Task Executor #0] mapred.MapTask: soft limit at 83886080
2024-04-24T04:56:34,641  INFO [LocalJobRunner Map Task Executor #0] mapred.MapTask: bufstart = 0; bufvoid = 104857600
2024-04-24T04:56:34,641  INFO [LocalJobRunner Map Task Executor #0] mapred.MapTask: kvstart = 26214396; length = 6553600
2024-04-24T04:56:34,641  INFO [LocalJobRunner Map Task Executor #0] mapred.MapTask: Map output collector class = org.apache.hadoop.mapred.MapTask$MapOutputBuffer
2024-04-24T04:56:34,641  INFO [LocalJobRunner Map Task Executor #0] vector.VectorMapOperator: Initializing Operator: MAP[0]
2024-04-24T04:56:34,642  INFO [LocalJobRunner Map Task Executor #0] mr.ExecMapper: 
<MAP>Id =0
  <Children>null
  <\Children>
  <Parent><\Parent>
<\MAP>
2024-04-24T04:56:34,642  INFO [LocalJobRunner Map Task Executor #0] exec.TableScanOperator: Initializing Operator: TS[0]
2024-04-24T04:56:34,642  INFO [LocalJobRunner Map Task Executor #0] vector.VectorFilterOperator: Initializing Operator: FIL[10]
2024-04-24T04:56:34,642  INFO [LocalJobRunner Map Task Executor #0] vector.VectorSelectOperator: Initializing Operator: SEL[11]
2024-04-24T04:56:34,643  INFO [LocalJobRunner Map Task Executor #0] vector.VectorReduceSinkOperator: Initializing Operator: RS[12]
2024-04-24T04:56:34,643  INFO [LocalJobRunner Map Task Executor #0] vector.VectorReduceSinkOperator: Using tag = -1
2024-04-24T04:56:34,643  INFO [LocalJobRunner Map Task Executor #0] vector.VectorReduceSinkOperator: keys are [reducesinkkey0] num distributions: 1
2024-04-24T04:56:34,644 ERROR [LocalJobRunner Map Task Executor #0] mr.ExecMapper: org.apache.hadoop.hive.ql.metadata.HiveException: Hive Runtime Error while processing row 
	at org.apache.hadoop.hive.ql.exec.vector.VectorMapOperator.process(VectorMapOperator.java:993)
	at org.apache.hadoop.hive.ql.exec.mr.ExecMapper.map(ExecMapper.java:148)
	at org.apache.hadoop.mapred.MapRunner.run(MapRunner.java:54)
	at org.apache.hadoop.hive.ql.exec.mr.ExecMapRunner.run(ExecMapRunner.java:37)
	at org.apache.hadoop.mapred.MapTask.runOldMapper(MapTask.java:465)
	at org.apache.hadoop.mapred.MapTask.run(MapTask.java:349)
	at org.apache.hadoop.mapred.LocalJobRunner$Job$MapTaskRunnable.run(LocalJobRunner.java:271)
	at java.util.concurrent.Executors$RunnableAdapter.call(Executors.java:511)
	at java.util.concurrent.FutureTask.run(FutureTask.java:266)
	at java.util.concurrent.ThreadPoolExecutor.runWorker(ThreadPoolExecutor.java:1149)
	at java.util.concurrent.ThreadPoolExecutor$Worker.run(ThreadPoolExecutor.java:624)
	at java.lang.Thread.run(Thread.java:750)
Caused by: org.apache.hadoop.hive.ql.exec.NoMatchingMethodException: No matching method for class org.apache.hadoop.hive.ql.udf.UDFToInteger with (struct<writeid:bigint,bucketid:int,rowid:bigint>). Possible choices: _FUNC_(bigint)  _FUNC_(boolean)  _FUNC_(decimal(38,18))  _FUNC_(double)  _FUNC_(float)  _FUNC_(smallint)  _FUNC_(string)  _FUNC_(struct<bucketid:bigint,writeid:bigint,rowid:int>)  _FUNC_(timestamp)  _FUNC_(tinyint)  _FUNC_(void)  
	at org.apache.hadoop.hive.ql.exec.MethodUtils.getMethodInternal(MethodUtils.java:130)
	at org.apache.hadoop.hive.ql.exec.MethodUtils.getMethodInternal(MethodUtils.java:60)
	at org.apache.hadoop.hive.ql.exec.DefaultUDFMethodResolver.getEvalMethod(DefaultUDFMethodResolver.java:59)
	at org.apache.hadoop.hive.ql.udf.TimestampCastRestrictorResolver.getEvalMethod(TimestampCastRestrictorResolver.java:68)
	at org.apache.hadoop.hive.ql.udf.generic.GenericUDFBridge.initialize(GenericUDFBridge.java:168)
	at org.apache.hadoop.hive.ql.udf.generic.GenericUDF.initializeAndFoldConstants(GenericUDF.java:149)
	at org.apache.hadoop.hive.ql.exec.ExprNodeGenericFuncEvaluator.initialize(ExprNodeGenericFuncEvaluator.java:184)
	at org.apache.hadoop.hive.ql.exec.Operator.initEvaluators(Operator.java:1073)
	at org.apache.hadoop.hive.ql.exec.ReduceSinkOperator.process(ReduceSinkOperator.java:307)
	at org.apache.hadoop.hive.ql.exec.vector.VectorReduceSinkOperator.process(VectorReduceSinkOperator.java:110)
	at org.apache.hadoop.hive.ql.exec.Operator.vectorForward(Operator.java:919)
	at org.apache.hadoop.hive.ql.exec.vector.VectorSelectOperator.process(VectorSelectOperator.java:158)
	at org.apache.hadoop.hive.ql.exec.Operator.vectorForward(Operator.java:919)
	at org.apache.hadoop.hive.ql.exec.vector.VectorFilterOperator.process(VectorFilterOperator.java:136)
	at org.apache.hadoop.hive.ql.exec.Operator.vectorForward(Operator.java:919)
	at org.apache.hadoop.hive.ql.exec.TableScanOperator.process(TableScanOperator.java:171)
	at org.apache.hadoop.hive.ql.exec.vector.VectorMapOperator.deliverVectorizedRowBatch(VectorMapOperator.java:809)
	at org.apache.hadoop.hive.ql.exec.vector.VectorMapOperator.process(VectorMapOperator.java:878)
	... 11 more

2024-04-24T04:56:34,644  INFO [LocalJobRunner Map Task Executor #0] vector.VectorMapOperator: Closing Operator: MAP[0]
2024-04-24T04:56:34,644  INFO [LocalJobRunner Map Task Executor #0] vector.VectorMapOperator: RECORDS_OUT_INTERMEDIATE:0, RECORDS_OUT_OPERATOR_MAP_0:0, DESERIALIZE_ERRORS:0, RECORDS_IN:3, 
2024-04-24T04:56:34,644  INFO [LocalJobRunner Map Task Executor #0] exec.TableScanOperator: Closing Operator: TS[0]
2024-04-24T04:56:34,644  INFO [LocalJobRunner Map Task Executor #0] exec.TableScanOperator: RECORDS_OUT_INTERMEDIATE:0, RECORDS_OUT_OPERATOR_TS_0:3, 
2024-04-24T04:56:34,644  INFO [LocalJobRunner Map Task Executor #0] vector.VectorFilterOperator: Closing Operator: FIL[10]
2024-04-24T04:56:34,644  INFO [LocalJobRunner Map Task Executor #0] vector.VectorFilterOperator: RECORDS_OUT_OPERATOR_FIL_10:1, RECORDS_OUT_INTERMEDIATE:0, 
2024-04-24T04:56:34,644  INFO [LocalJobRunner Map Task Executor #0] vector.VectorSelectOperator: Closing Operator: SEL[11]
2024-04-24T04:56:34,644  INFO [LocalJobRunner Map Task Executor #0] vector.VectorSelectOperator: RECORDS_OUT_OPERATOR_SEL_11:1, RECORDS_OUT_INTERMEDIATE:0, 
2024-04-24T04:56:34,644  INFO [LocalJobRunner Map Task Executor #0] vector.VectorReduceSinkOperator: Closing Operator: RS[12]
2024-04-24T04:56:34,644  INFO [LocalJobRunner Map Task Executor #0] vector.VectorReduceSinkOperator: RS[12]: Total records written - 0. abort - true
2024-04-24T04:56:34,644  INFO [LocalJobRunner Map Task Executor #0] vector.VectorReduceSinkOperator: RECORDS_OUT_INTERMEDIATE:0, RECORDS_OUT_OPERATOR_RS_12:0, 
2024-04-24T04:56:34,645  INFO [Thread-2633] mapred.LocalJobRunner: map task executor complete.
2024-04-24T04:56:34,645  WARN [Thread-2633] mapred.LocalJobRunner: job_local1327463553_0037
java.lang.Exception: java.lang.RuntimeException: org.apache.hadoop.hive.ql.metadata.HiveException: Hive Runtime Error while processing row 
	at org.apache.hadoop.mapred.LocalJobRunner$Job.runTasks(LocalJobRunner.java:492) ~[hadoop-mapreduce-client-common-3.1.0.jar:?]
	at org.apache.hadoop.mapred.LocalJobRunner$Job.run(LocalJobRunner.java:552) [hadoop-mapreduce-client-common-3.1.0.jar:?]
Caused by: java.lang.RuntimeException: org.apache.hadoop.hive.ql.metadata.HiveException: Hive Runtime Error while processing row 
	at org.apache.hadoop.hive.ql.exec.mr.ExecMapper.map(ExecMapper.java:157) ~[classes/:?]
	at org.apache.hadoop.mapred.MapRunner.run(MapRunner.java:54) ~[hadoop-mapreduce-client-core-3.1.0.jar:?]
	at org.apache.hadoop.hive.ql.exec.mr.ExecMapRunner.run(ExecMapRunner.java:37) ~[classes/:?]
	at org.apache.hadoop.mapred.MapTask.runOldMapper(MapTask.java:465) ~[hadoop-mapreduce-client-core-3.1.0.jar:?]
	at org.apache.hadoop.mapred.MapTask.run(MapTask.java:349) ~[hadoop-mapreduce-client-core-3.1.0.jar:?]
	at org.apache.hadoop.mapred.LocalJobRunner$Job$MapTaskRunnable.run(LocalJobRunner.java:271) ~[hadoop-mapreduce-client-common-3.1.0.jar:?]
	at java.util.concurrent.Executors$RunnableAdapter.call(Executors.java:511) ~[?:1.8.0_402]
	at java.util.concurrent.FutureTask.run(FutureTask.java:266) ~[?:1.8.0_402]
	at java.util.concurrent.ThreadPoolExecutor.runWorker(ThreadPoolExecutor.java:1149) ~[?:1.8.0_402]
	at java.util.concurrent.ThreadPoolExecutor$Worker.run(ThreadPoolExecutor.java:624) ~[?:1.8.0_402]
	at java.lang.Thread.run(Thread.java:750) ~[?:1.8.0_402]
Caused by: org.apache.hadoop.hive.ql.metadata.HiveException: Hive Runtime Error while processing row 
	at org.apache.hadoop.hive.ql.exec.vector.VectorMapOperator.process(VectorMapOperator.java:993) ~[classes/:?]
	at org.apache.hadoop.hive.ql.exec.mr.ExecMapper.map(ExecMapper.java:148) ~[classes/:?]
	at org.apache.hadoop.mapred.MapRunner.run(MapRunner.java:54) ~[hadoop-mapreduce-client-core-3.1.0.jar:?]
	at org.apache.hadoop.hive.ql.exec.mr.ExecMapRunner.run(ExecMapRunner.java:37) ~[classes/:?]
	at org.apache.hadoop.mapred.MapTask.runOldMapper(MapTask.java:465) ~[hadoop-mapreduce-client-core-3.1.0.jar:?]
	at org.apache.hadoop.mapred.MapTask.run(MapTask.java:349) ~[hadoop-mapreduce-client-core-3.1.0.jar:?]
	at org.apache.hadoop.mapred.LocalJobRunner$Job$MapTaskRunnable.run(LocalJobRunner.java:271) ~[hadoop-mapreduce-client-common-3.1.0.jar:?]
	at java.util.concurrent.Executors$RunnableAdapter.call(Executors.java:511) ~[?:1.8.0_402]
	at java.util.concurrent.FutureTask.run(FutureTask.java:266) ~[?:1.8.0_402]
	at java.util.concurrent.ThreadPoolExecutor.runWorker(ThreadPoolExecutor.java:1149) ~[?:1.8.0_402]
	at java.util.concurrent.ThreadPoolExecutor$Worker.run(ThreadPoolExecutor.java:624) ~[?:1.8.0_402]
	at java.lang.Thread.run(Thread.java:750) ~[?:1.8.0_402]
Caused by: org.apache.hadoop.hive.ql.exec.NoMatchingMethodException: No matching method for class org.apache.hadoop.hive.ql.udf.UDFToInteger with (struct<writeid:bigint,bucketid:int,rowid:bigint>). Possible choices: _FUNC_(bigint)  _FUNC_(boolean)  _FUNC_(decimal(38,18))  _FUNC_(double)  _FUNC_(float)  _FUNC_(smallint)  _FUNC_(string)  _FUNC_(struct<bucketid:bigint,writeid:bigint,rowid:int>)  _FUNC_(timestamp)  _FUNC_(tinyint)  _FUNC_(void)  
	at org.apache.hadoop.hive.ql.exec.MethodUtils.getMethodInternal(MethodUtils.java:130) ~[classes/:?]
	at org.apache.hadoop.hive.ql.exec.MethodUtils.getMethodInternal(MethodUtils.java:60) ~[classes/:?]
	at org.apache.hadoop.hive.ql.exec.DefaultUDFMethodResolver.getEvalMethod(DefaultUDFMethodResolver.java:59) ~[classes/:?]
	at org.apache.hadoop.hive.ql.udf.TimestampCastRestrictorResolver.getEvalMethod(TimestampCastRestrictorResolver.java:68) ~[classes/:?]
	at org.apache.hadoop.hive.ql.udf.generic.GenericUDFBridge.initialize(GenericUDFBridge.java:168) ~[classes/:?]
	at org.apache.hadoop.hive.ql.udf.generic.GenericUDF.initializeAndFoldConstants(GenericUDF.java:149) ~[classes/:?]
	at org.apache.hadoop.hive.ql.exec.ExprNodeGenericFuncEvaluator.initialize(ExprNodeGenericFuncEvaluator.java:184) ~[classes/:?]
	at org.apache.hadoop.hive.ql.exec.Operator.initEvaluators(Operator.java:1073) ~[classes/:?]
	at org.apache.hadoop.hive.ql.exec.ReduceSinkOperator.process(ReduceSinkOperator.java:307) ~[classes/:?]
	at org.apache.hadoop.hive.ql.exec.vector.VectorReduceSinkOperator.process(VectorReduceSinkOperator.java:110) ~[classes/:?]
	at org.apache.hadoop.hive.ql.exec.Operator.vectorForward(Operator.java:919) ~[classes/:?]
	at org.apache.hadoop.hive.ql.exec.vector.VectorSelectOperator.process(VectorSelectOperator.java:158) ~[classes/:?]
	at org.apache.hadoop.hive.ql.exec.Operator.vectorForward(Operator.java:919) ~[classes/:?]
	at org.apache.hadoop.hive.ql.exec.vector.VectorFilterOperator.process(VectorFilterOperator.java:136) ~[classes/:?]
	at org.apache.hadoop.hive.ql.exec.Operator.vectorForward(Operator.java:919) ~[classes/:?]
	at org.apache.hadoop.hive.ql.exec.TableScanOperator.process(TableScanOperator.java:171) ~[classes/:?]
	at org.apache.hadoop.hive.ql.exec.vector.VectorMapOperator.deliverVectorizedRowBatch(VectorMapOperator.java:809) ~[classes/:?]
	at org.apache.hadoop.hive.ql.exec.vector.VectorMapOperator.process(VectorMapOperator.java:878) ~[classes/:?]
	at org.apache.hadoop.hive.ql.exec.mr.ExecMapper.map(ExecMapper.java:148) ~[classes/:?]
	at org.apache.hadoop.mapred.MapRunner.run(MapRunner.java:54) ~[hadoop-mapreduce-client-core-3.1.0.jar:?]
	at org.apache.hadoop.hive.ql.exec.mr.ExecMapRunner.run(ExecMapRunner.java:37) ~[classes/:?]
	at org.apache.hadoop.mapred.MapTask.runOldMapper(MapTask.java:465) ~[hadoop-mapreduce-client-core-3.1.0.jar:?]
	at org.apache.hadoop.mapred.MapTask.run(MapTask.java:349) ~[hadoop-mapreduce-client-core-3.1.0.jar:?]
	at org.apache.hadoop.mapred.LocalJobRunner$Job$MapTaskRunnable.run(LocalJobRunner.java:271) ~[hadoop-mapreduce-client-common-3.1.0.jar:?]
	at java.util.concurrent.Executors$RunnableAdapter.call(Executors.java:511) ~[?:1.8.0_402]
	at java.util.concurrent.FutureTask.run(FutureTask.java:266) ~[?:1.8.0_402]
	at java.util.concurrent.ThreadPoolExecutor.runWorker(ThreadPoolExecutor.java:1149) ~[?:1.8.0_402]
	at java.util.concurrent.ThreadPoolExecutor$Worker.run(ThreadPoolExecutor.java:624) ~[?:1.8.0_402]
	at java.lang.Thread.run(Thread.java:750) ~[?:1.8.0_402]
2024-04-24T04:56:35,630  WARN [main] mapreduce.Counters: Group org.apache.hadoop.mapred.Task$Counter is deprecated. Use org.apache.hadoop.mapreduce.TaskCounter instead
2024-04-24 04:56:35,630 Stage-1 map = 0%,  reduce = 0%
2024-04-24T04:56:35,630  INFO [main] exec.Task: 2024-04-24 04:56:35,630 Stage-1 map = 0%,  reduce = 0%
2024-04-24T04:56:35,631  WARN [main] mapreduce.Counters: Group org.apache.hadoop.mapred.Task$Counter is deprecated. Use org.apache.hadoop.mapreduce.TaskCounter instead
Ended Job = job_local1327463553_0037 with errors
2024-04-24T04:56:35,631 ERROR [main] exec.Task: Ended Job = job_local1327463553_0037 with errors
Error during job, obtaining debugging information...
2024-04-24T04:56:35,634 ERROR [Thread-2638] exec.Task: Error during job, obtaining debugging information...
2024-04-24T04:56:35,640  INFO [main] FileOperations: Deleting file:/home/alex/Repositories/hive/ql/target/tmp/org.apache.hadoop.hive.ql.TestTxnExIm-1713959704617/warehouse/t/_tmp.delta_0000002_0000002_0000 on failure
FAILED: Execution Error, return code 2 from org.apache.hadoop.hive.ql.exec.mr.MapRedTask
2024-04-24T04:56:35,640 ERROR [main] ql.Driver: FAILED: Execution Error, return code 2 from org.apache.hadoop.hive.ql.exec.mr.MapRedTask
2024-04-24T04:56:35,641  INFO [main] metadata.Hive: Dumping metastore api call timing information for : execution phase
2024-04-24T04:56:35,641  INFO [main] metadata.Hive: Total time spent in each metastore function (ms): {}
MapReduce Jobs Launched: 
2024-04-24T04:56:35,642  INFO [main] ql.Driver: MapReduce Jobs Launched: 
2024-04-24T04:56:35,642  WARN [main] mapreduce.Counters: Group FileSystemCounters is deprecated. Use org.apache.hadoop.mapreduce.FileSystemCounter instead
Stage-Stage-1:  HDFS Read: 0 HDFS Write: 0 FAIL
2024-04-24T04:56:35,642  INFO [main] ql.Driver: Stage-Stage-1:  HDFS Read: 0 HDFS Write: 0 FAIL
Total MapReduce CPU Time Spent: 0 msec
2024-04-24T04:56:35,642  INFO [main] ql.Driver: Total MapReduce CPU Time Spent: 0 msec
2024-04-24T04:56:35,642  INFO [main] ql.Driver: Completed executing command(queryId=alex_20240424045634_8c469d02-82ae-410f-96b8-c045348866e6); Time taken: 1.297 seconds
2024-04-24T04:56:35,642  INFO [main] lockmgr.DbTxnManager: Stopped heartbeat for query: alex_20240424045634_8c469d02-82ae-410f-96b8-c045348866e6
2024-04-24T04:56:35,645  INFO [main] txn.TxnHandler: Removed transactions: ([22]) from MIN_HISTORY_LEVEL
2024-04-24T04:56:35,652  INFO [main] ql.TxnCommandsBaseForTests: Running the query: drop table if exists acidTbl
2024-04-24T04:56:35,652  INFO [main] ql.Context: Deleting scratch dir: file:/home/alex/Repositories/hive/ql/target/tmp/localscratchdir/56e08b2e-de69-4589-b547-68b079721dec/hive_2024-04-24_04-56-34_107_9209434574009092798-1
2024-04-24T04:56:35,652  INFO [main] cleanup.SyncCleanupService: Deleted directory: file:/home/alex/Repositories/hive/ql/target/tmp/localscratchdir/56e08b2e-de69-4589-b547-68b079721dec/hive_2024-04-24_04-56-34_107_9209434574009092798-1 on fs with scheme file
2024-04-24T04:56:35,652  INFO [main] ql.Context: Deleting scratch dir: file:/home/alex/Repositories/hive/ql/target/tmp/localscratchdir/56e08b2e-de69-4589-b547-68b079721dec/hive_2024-04-24_04-56-34_098_8314551984438756267-1
2024-04-24T04:56:35,653  INFO [main] cleanup.SyncCleanupService: Deleted directory: file:/home/alex/Repositories/hive/ql/target/tmp/localscratchdir/56e08b2e-de69-4589-b547-68b079721dec/hive_2024-04-24_04-56-34_098_8314551984438756267-1 on fs with scheme file
2024-04-24T04:56:35,653  INFO [main] ql.Driver: Compiling command(queryId=alex_20240424045635_45c93fe2-66a9-40cf-bfd9-a941d593f802): drop table if exists acidTbl
2024-04-24T04:56:35,655  INFO [main] txn.TxnHandler: Added entries to MIN_HISTORY_LEVEL for current txns: ([23]) with min_open_txn: 23
2024-04-24T04:56:35,655  INFO [main] lockmgr.DbTxnManager: Opened txnid:23
2024-04-24T04:56:35,656  INFO [main] HiveMetaStore.audit: ugi=alex	ip=unknown-ip-addr	cmd=get_table : tbl=hive.default.acidTbl	
2024-04-24T04:56:35,662  INFO [main] metastore.HMSHandler: Skipping translation for processor with null
2024-04-24T04:56:35,662  INFO [main] ql.Driver: Semantic Analysis Completed (retrial = false)
2024-04-24T04:56:35,662  INFO [main] ql.Driver: Created Hive schema: Schema(fieldSchemas:null, properties:null)
2024-04-24T04:56:35,662  INFO [main] metadata.Hive: Dumping metastore api call timing information for : compilation phase
2024-04-24T04:56:35,662  INFO [main] metadata.Hive: Total time spent in each metastore function (ms): {rollbackTxn_(long)=10, flushCache_()=0, getTable_(GetTableRequest)=6, openTxn_(String, TxnType)=2, getValidTxns_(long)=1, isCompatibleWith_(Configuration)=0}
2024-04-24T04:56:35,663  INFO [main] ql.Driver: Completed compiling command(queryId=alex_20240424045635_45c93fe2-66a9-40cf-bfd9-a941d593f802); Time taken: 0.009 seconds
2024-04-24T04:56:35,663  INFO [main] lockmgr.DbTxnManager: Setting lock request transaction to txnid:23 for queryId=alex_20240424045635_45c93fe2-66a9-40cf-bfd9-a941d593f802
2024-04-24T04:56:35,663  INFO [main] lockmgr.DbLockManager: Requesting lock for queryId=alex_20240424045635_45c93fe2-66a9-40cf-bfd9-a941d593f802
2024-04-24T04:56:35,678  INFO [main] lockmgr.DbLockManager: Response to queryId=alex_20240424045635_45c93fe2-66a9-40cf-bfd9-a941d593f802 LockResponse(lockid:15, state:ACQUIRED)
2024-04-24T04:56:35,678  INFO [main] ql.Driver: Operation DROPTABLE obtained 1 locks
2024-04-24T04:56:35,678  INFO [main] ql.Driver: Executing command(queryId=alex_20240424045635_45c93fe2-66a9-40cf-bfd9-a941d593f802): drop table if exists acidTbl
2024-04-24T04:56:35,678  INFO [main] ql.Driver: Starting task [Stage-0:DDL] in serial mode
2024-04-24T04:56:35,678  INFO [main] HiveMetaStore.audit: ugi=alex	ip=unknown-ip-addr	cmd=get_table : tbl=hive.default.acidTbl	
2024-04-24T04:56:35,684  INFO [main] metastore.HMSHandler: Skipping translation for processor with null
2024-04-24T04:56:35,684  INFO [main] HiveMetaStore.audit: ugi=alex	ip=unknown-ip-addr	cmd=get_table : tbl=hive.default.acidTbl	
2024-04-24T04:56:35,689  INFO [main] metastore.HMSHandler: Skipping translation for processor with null
2024-04-24T04:56:35,690  INFO [main] HiveMetaStore.audit: ugi=alex	ip=unknown-ip-addr	cmd=drop_table : tbl=hive.default.acidTbl	
2024-04-24T04:56:35,787  INFO [main] metadata.Hive: Dumping metastore api call timing information for : execution phase
2024-04-24T04:56:35,788  INFO [main] metadata.Hive: Total time spent in each metastore function (ms): {getTable_(GetTableRequest)=6, isCompatibleWith_(Configuration)=0, dropTable_(String, String, boolean, boolean, boolean)=103}
2024-04-24T04:56:35,788  INFO [main] ql.Driver: Completed executing command(queryId=alex_20240424045635_45c93fe2-66a9-40cf-bfd9-a941d593f802); Time taken: 0.109 seconds
2024-04-24T04:56:35,788  INFO [main] lockmgr.DbTxnManager: Stopped heartbeat for query: alex_20240424045635_45c93fe2-66a9-40cf-bfd9-a941d593f802
2024-04-24T04:56:35,791  INFO [main] txn.TxnHandler: Expected to move at least one record from txn_components to completed_txn_components when committing txn! txnid:23
2024-04-24T04:56:35,797  INFO [main] txn.TxnHandler: Removed transactions: ([23]) from MIN_HISTORY_LEVEL
2024-04-24T04:56:35,798  WARN [main] txn.CompactionTxnHandler: No compaction queue record found for Compaction type transaction commit. txnId:23
2024-04-24T04:56:35,799  INFO [main] ql.TxnCommandsBaseForTests: Running the query: drop table if exists acidTblPart
2024-04-24T04:56:35,799  INFO [main] ql.Driver: Compiling command(queryId=alex_20240424045635_966b2c28-8fd4-4190-8a7a-d3e27cd53e72): drop table if exists acidTblPart
2024-04-24T04:56:35,801  INFO [main] txn.TxnHandler: Added entries to MIN_HISTORY_LEVEL for current txns: ([24]) with min_open_txn: 23
2024-04-24T04:56:35,802  INFO [main] lockmgr.DbTxnManager: Opened txnid:24
2024-04-24T04:56:35,802  INFO [main] HiveMetaStore.audit: ugi=alex	ip=unknown-ip-addr	cmd=get_table : tbl=hive.default.acidTblPart	
2024-04-24T04:56:35,809  INFO [main] metastore.HMSHandler: Skipping translation for processor with null
2024-04-24T04:56:35,809  INFO [main] ql.Driver: Semantic Analysis Completed (retrial = false)
2024-04-24T04:56:35,809  INFO [main] ql.Driver: Created Hive schema: Schema(fieldSchemas:null, properties:null)
2024-04-24T04:56:35,809  INFO [main] metadata.Hive: Dumping metastore api call timing information for : compilation phase
2024-04-24T04:56:35,809  INFO [main] metadata.Hive: Total time spent in each metastore function (ms): {commitTxn_(CommitTxnRequest)=11, getValidTxns_(long)=0, openTxn_(String, TxnType)=2, isCompatibleWith_(Configuration)=0, flushCache_()=0, getTable_(GetTableRequest)=7}
2024-04-24T04:56:35,809  INFO [main] ql.Driver: Completed compiling command(queryId=alex_20240424045635_966b2c28-8fd4-4190-8a7a-d3e27cd53e72); Time taken: 0.01 seconds
2024-04-24T04:56:35,810  INFO [main] lockmgr.DbTxnManager: Setting lock request transaction to txnid:24 for queryId=alex_20240424045635_966b2c28-8fd4-4190-8a7a-d3e27cd53e72
2024-04-24T04:56:35,810  INFO [main] lockmgr.DbLockManager: Requesting lock for queryId=alex_20240424045635_966b2c28-8fd4-4190-8a7a-d3e27cd53e72
2024-04-24T04:56:35,824  INFO [main] lockmgr.DbLockManager: Response to queryId=alex_20240424045635_966b2c28-8fd4-4190-8a7a-d3e27cd53e72 LockResponse(lockid:16, state:ACQUIRED)
2024-04-24T04:56:35,824  INFO [main] ql.Driver: Operation DROPTABLE obtained 1 locks
2024-04-24T04:56:35,824  INFO [main] ql.Driver: Executing command(queryId=alex_20240424045635_966b2c28-8fd4-4190-8a7a-d3e27cd53e72): drop table if exists acidTblPart
2024-04-24T04:56:35,824  INFO [main] ql.Driver: Starting task [Stage-0:DDL] in serial mode
2024-04-24T04:56:35,824  INFO [main] HiveMetaStore.audit: ugi=alex	ip=unknown-ip-addr	cmd=get_table : tbl=hive.default.acidTblPart	
2024-04-24T04:56:35,831  INFO [main] metastore.HMSHandler: Skipping translation for processor with null
2024-04-24T04:56:35,831  INFO [main] HiveMetaStore.audit: ugi=alex	ip=unknown-ip-addr	cmd=get_table : tbl=hive.default.acidTblPart	
2024-04-24T04:56:35,838  INFO [main] metastore.HMSHandler: Skipping translation for processor with null
2024-04-24T04:56:35,838  INFO [main] HiveMetaStore.audit: ugi=alex	ip=unknown-ip-addr	cmd=drop_table : tbl=hive.default.acidTblPart	
2024-04-24T04:56:35,878  INFO [main] metadata.Hive: Dumping metastore api call timing information for : execution phase
2024-04-24T04:56:35,878  INFO [main] metadata.Hive: Total time spent in each metastore function (ms): {dropTable_(String, String, boolean, boolean, boolean)=47, getTable_(GetTableRequest)=7, isCompatibleWith_(Configuration)=0}
2024-04-24T04:56:35,878  INFO [main] ql.Driver: Completed executing command(queryId=alex_20240424045635_966b2c28-8fd4-4190-8a7a-d3e27cd53e72); Time taken: 0.054 seconds
2024-04-24T04:56:35,879  INFO [main] lockmgr.DbTxnManager: Stopped heartbeat for query: alex_20240424045635_966b2c28-8fd4-4190-8a7a-d3e27cd53e72
2024-04-24T04:56:35,882  INFO [main] txn.TxnHandler: Expected to move at least one record from txn_components to completed_txn_components when committing txn! txnid:24
2024-04-24T04:56:35,888  INFO [main] txn.TxnHandler: Removed transactions: ([24]) from MIN_HISTORY_LEVEL
2024-04-24T04:56:35,888  WARN [main] txn.CompactionTxnHandler: No compaction queue record found for Compaction type transaction commit. txnId:24
2024-04-24T04:56:35,888  INFO [main] ql.TxnCommandsBaseForTests: Running the query: drop table if exists acidTbl2
2024-04-24T04:56:35,888  INFO [main] ql.Driver: Compiling command(queryId=alex_20240424045635_37484dbc-ec0c-4919-85f9-8a60755af167): drop table if exists acidTbl2
2024-04-24T04:56:35,890  INFO [main] txn.TxnHandler: Added entries to MIN_HISTORY_LEVEL for current txns: ([25]) with min_open_txn: 23
2024-04-24T04:56:35,891  INFO [main] lockmgr.DbTxnManager: Opened txnid:25
2024-04-24T04:56:35,891  INFO [main] ql.Driver: Semantic Analysis Completed (retrial = false)
2024-04-24T04:56:35,891  INFO [main] ql.Driver: Created Hive schema: Schema(fieldSchemas:null, properties:null)
2024-04-24T04:56:35,891  INFO [main] metadata.Hive: Dumping metastore api call timing information for : compilation phase
2024-04-24T04:56:35,891  INFO [main] metadata.Hive: Total time spent in each metastore function (ms): {openTxn_(String, TxnType)=2, getTable_(GetTableRequest)=0, commitTxn_(CommitTxnRequest)=9, isCompatibleWith_(Configuration)=0, getValidTxns_(long)=0, flushCache_()=0}
2024-04-24T04:56:35,891  INFO [main] ql.Driver: Completed compiling command(queryId=alex_20240424045635_37484dbc-ec0c-4919-85f9-8a60755af167); Time taken: 0.003 seconds
2024-04-24T04:56:35,892  INFO [main] lockmgr.DbTxnManager: Setting lock request transaction to txnid:25 for queryId=alex_20240424045635_37484dbc-ec0c-4919-85f9-8a60755af167
2024-04-24T04:56:35,892  INFO [main] ql.Driver: Operation DROPTABLE obtained 0 locks
2024-04-24T04:56:35,892  INFO [main] ql.Driver: Executing command(queryId=alex_20240424045635_37484dbc-ec0c-4919-85f9-8a60755af167): drop table if exists acidTbl2
2024-04-24T04:56:35,892  INFO [main] ql.Driver: Starting task [Stage-0:DDL] in serial mode
2024-04-24T04:56:35,892  INFO [main] metadata.SessionHiveMetaStoreClient: Column stats doesn't exist for db=default temp table=acidTbl2
2024-04-24T04:56:35,893  INFO [main] metadata.Hive: Dumping metastore api call timing information for : execution phase
2024-04-24T04:56:35,893  INFO [main] metadata.Hive: Total time spent in each metastore function (ms): {isCompatibleWith_(Configuration)=0, getTable_(GetTableRequest)=0, dropTable_(String, String, boolean, boolean, boolean)=1}
2024-04-24T04:56:35,893  INFO [main] ql.Driver: Completed executing command(queryId=alex_20240424045635_37484dbc-ec0c-4919-85f9-8a60755af167); Time taken: 0.001 seconds
2024-04-24T04:56:35,893  INFO [main] lockmgr.DbTxnManager: Stopped heartbeat for query: alex_20240424045635_37484dbc-ec0c-4919-85f9-8a60755af167
2024-04-24T04:56:35,897  INFO [main] txn.TxnHandler: Expected to move at least one record from txn_components to completed_txn_components when committing txn! txnid:25
2024-04-24T04:56:35,902  INFO [main] txn.TxnHandler: Removed transactions: ([25]) from MIN_HISTORY_LEVEL
2024-04-24T04:56:35,902  WARN [main] txn.CompactionTxnHandler: No compaction queue record found for Compaction type transaction commit. txnId:25
2024-04-24T04:56:35,903  INFO [main] ql.TxnCommandsBaseForTests: Running the query: drop table if exists nonAcidOrcTbl
2024-04-24T04:56:35,903  INFO [main] ql.Driver: Compiling command(queryId=alex_20240424045635_36de1227-cdee-4487-bb8a-278fc9db4e4a): drop table if exists nonAcidOrcTbl
2024-04-24T04:56:35,905  INFO [main] txn.TxnHandler: Added entries to MIN_HISTORY_LEVEL for current txns: ([26]) with min_open_txn: 23
2024-04-24T04:56:35,905  INFO [main] lockmgr.DbTxnManager: Opened txnid:26
2024-04-24T04:56:35,906  INFO [main] HiveMetaStore.audit: ugi=alex	ip=unknown-ip-addr	cmd=get_table : tbl=hive.default.nonAcidOrcTbl	
2024-04-24T04:56:35,925  INFO [main] metastore.HMSHandler: Skipping translation for processor with null
2024-04-24T04:56:35,925  INFO [main] ql.Driver: Semantic Analysis Completed (retrial = false)
2024-04-24T04:56:35,925  INFO [main] ql.Driver: Created Hive schema: Schema(fieldSchemas:null, properties:null)
2024-04-24T04:56:35,925  INFO [main] metadata.Hive: Dumping metastore api call timing information for : compilation phase
2024-04-24T04:56:35,925  INFO [main] metadata.Hive: Total time spent in each metastore function (ms): {getTable_(GetTableRequest)=19, flushCache_()=0, commitTxn_(CommitTxnRequest)=10, getValidTxns_(long)=1, isCompatibleWith_(Configuration)=0, openTxn_(String, TxnType)=2}
2024-04-24T04:56:35,925  INFO [main] ql.Driver: Completed compiling command(queryId=alex_20240424045635_36de1227-cdee-4487-bb8a-278fc9db4e4a); Time taken: 0.022 seconds
2024-04-24T04:56:35,925  INFO [main] lockmgr.DbTxnManager: Setting lock request transaction to txnid:26 for queryId=alex_20240424045635_36de1227-cdee-4487-bb8a-278fc9db4e4a
2024-04-24T04:56:35,926  INFO [main] lockmgr.DbLockManager: Requesting lock for queryId=alex_20240424045635_36de1227-cdee-4487-bb8a-278fc9db4e4a
2024-04-24T04:56:35,939  INFO [main] lockmgr.DbLockManager: Response to queryId=alex_20240424045635_36de1227-cdee-4487-bb8a-278fc9db4e4a LockResponse(lockid:17, state:ACQUIRED)
2024-04-24T04:56:35,939  INFO [main] ql.Driver: Operation DROPTABLE obtained 1 locks
2024-04-24T04:56:35,939  INFO [main] ql.Driver: Executing command(queryId=alex_20240424045635_36de1227-cdee-4487-bb8a-278fc9db4e4a): drop table if exists nonAcidOrcTbl
2024-04-24T04:56:35,939  INFO [main] ql.Driver: Starting task [Stage-0:DDL] in serial mode
2024-04-24T04:56:35,939  INFO [main] HiveMetaStore.audit: ugi=alex	ip=unknown-ip-addr	cmd=get_table : tbl=hive.default.nonAcidOrcTbl	
2024-04-24T04:56:35,947  INFO [main] metastore.HMSHandler: Skipping translation for processor with null
2024-04-24T04:56:35,947  INFO [main] HiveMetaStore.audit: ugi=alex	ip=unknown-ip-addr	cmd=get_table : tbl=hive.default.nonAcidOrcTbl	
2024-04-24T04:56:35,956  INFO [main] metastore.HMSHandler: Skipping translation for processor with null
2024-04-24T04:56:35,956  INFO [main] HiveMetaStore.audit: ugi=alex	ip=unknown-ip-addr	cmd=drop_table : tbl=hive.default.nonAcidOrcTbl	
2024-04-24T04:56:36,043  INFO [main] metadata.Hive: Dumping metastore api call timing information for : execution phase
2024-04-24T04:56:36,043  INFO [main] metadata.Hive: Total time spent in each metastore function (ms): {dropTable_(String, String, boolean, boolean, boolean)=96, getTable_(GetTableRequest)=8, isCompatibleWith_(Configuration)=0}
2024-04-24T04:56:36,043  INFO [main] ql.Driver: Completed executing command(queryId=alex_20240424045635_36de1227-cdee-4487-bb8a-278fc9db4e4a); Time taken: 0.104 seconds
2024-04-24T04:56:36,043  INFO [main] lockmgr.DbTxnManager: Stopped heartbeat for query: alex_20240424045635_36de1227-cdee-4487-bb8a-278fc9db4e4a
2024-04-24T04:56:36,047  INFO [main] txn.TxnHandler: Expected to move at least one record from txn_components to completed_txn_components when committing txn! txnid:26
2024-04-24T04:56:36,054  INFO [main] txn.TxnHandler: Removed transactions: ([26]) from MIN_HISTORY_LEVEL
2024-04-24T04:56:36,054  WARN [main] txn.CompactionTxnHandler: No compaction queue record found for Compaction type transaction commit. txnId:26
2024-04-24T04:56:36,054  INFO [main] ql.TxnCommandsBaseForTests: Running the query: drop table if exists nonAcidOrcTbl2
2024-04-24T04:56:36,055  INFO [main] ql.Driver: Compiling command(queryId=alex_20240424045636_f494e3b8-6ccf-4a3a-914b-02f3050f3fa1): drop table if exists nonAcidOrcTbl2
2024-04-24T04:56:36,063  INFO [main] txn.TxnHandler: Added entries to MIN_HISTORY_LEVEL for current txns: ([27]) with min_open_txn: 23
2024-04-24T04:56:36,064  INFO [main] lockmgr.DbTxnManager: Opened txnid:27
2024-04-24T04:56:36,066  INFO [main] HiveMetaStore.audit: ugi=alex	ip=unknown-ip-addr	cmd=get_table : tbl=hive.default.nonAcidOrcTbl2	
2024-04-24T04:56:36,075  INFO [main] metastore.HMSHandler: Skipping translation for processor with null
2024-04-24T04:56:36,075  INFO [main] ql.Driver: Semantic Analysis Completed (retrial = false)
2024-04-24T04:56:36,075  INFO [main] ql.Driver: Created Hive schema: Schema(fieldSchemas:null, properties:null)
2024-04-24T04:56:36,075  INFO [main] metadata.Hive: Dumping metastore api call timing information for : compilation phase
2024-04-24T04:56:36,075  INFO [main] metadata.Hive: Total time spent in each metastore function (ms): {getValidTxns_(long)=2, openTxn_(String, TxnType)=9, commitTxn_(CommitTxnRequest)=11, isCompatibleWith_(Configuration)=0, getTable_(GetTableRequest)=9, flushCache_()=0}
2024-04-24T04:56:36,076  INFO [main] ql.Driver: Completed compiling command(queryId=alex_20240424045636_f494e3b8-6ccf-4a3a-914b-02f3050f3fa1); Time taken: 0.021 seconds
2024-04-24T04:56:36,076  INFO [main] lockmgr.DbTxnManager: Setting lock request transaction to txnid:27 for queryId=alex_20240424045636_f494e3b8-6ccf-4a3a-914b-02f3050f3fa1
2024-04-24T04:56:36,076  INFO [main] lockmgr.DbLockManager: Requesting lock for queryId=alex_20240424045636_f494e3b8-6ccf-4a3a-914b-02f3050f3fa1
2024-04-24T04:56:36,091  INFO [main] lockmgr.DbLockManager: Response to queryId=alex_20240424045636_f494e3b8-6ccf-4a3a-914b-02f3050f3fa1 LockResponse(lockid:18, state:ACQUIRED)
2024-04-24T04:56:36,091  INFO [main] ql.Driver: Operation DROPTABLE obtained 1 locks
2024-04-24T04:56:36,091  INFO [main] ql.Driver: Executing command(queryId=alex_20240424045636_f494e3b8-6ccf-4a3a-914b-02f3050f3fa1): drop table if exists nonAcidOrcTbl2
2024-04-24T04:56:36,091  INFO [main] ql.Driver: Starting task [Stage-0:DDL] in serial mode
2024-04-24T04:56:36,091  INFO [main] HiveMetaStore.audit: ugi=alex	ip=unknown-ip-addr	cmd=get_table : tbl=hive.default.nonAcidOrcTbl2	
2024-04-24T04:56:36,100  INFO [main] metastore.HMSHandler: Skipping translation for processor with null
2024-04-24T04:56:36,100  INFO [main] HiveMetaStore.audit: ugi=alex	ip=unknown-ip-addr	cmd=get_table : tbl=hive.default.nonAcidOrcTbl2	
2024-04-24T04:56:36,108  INFO [main] metastore.HMSHandler: Skipping translation for processor with null
2024-04-24T04:56:36,109  INFO [main] HiveMetaStore.audit: ugi=alex	ip=unknown-ip-addr	cmd=drop_table : tbl=hive.default.nonAcidOrcTbl2	
2024-04-24T04:56:36,140  INFO [main] metadata.Hive: Dumping metastore api call timing information for : execution phase
2024-04-24T04:56:36,140  INFO [main] metadata.Hive: Total time spent in each metastore function (ms): {getTable_(GetTableRequest)=9, isCompatibleWith_(Configuration)=0, dropTable_(String, String, boolean, boolean, boolean)=40}
2024-04-24T04:56:36,140  INFO [main] ql.Driver: Completed executing command(queryId=alex_20240424045636_f494e3b8-6ccf-4a3a-914b-02f3050f3fa1); Time taken: 0.049 seconds
2024-04-24T04:56:36,140  INFO [main] lockmgr.DbTxnManager: Stopped heartbeat for query: alex_20240424045636_f494e3b8-6ccf-4a3a-914b-02f3050f3fa1
2024-04-24T04:56:36,144  INFO [main] txn.TxnHandler: Expected to move at least one record from txn_components to completed_txn_components when committing txn! txnid:27
2024-04-24T04:56:36,151  INFO [main] txn.TxnHandler: Removed transactions: ([27]) from MIN_HISTORY_LEVEL
2024-04-24T04:56:36,151  WARN [main] txn.CompactionTxnHandler: No compaction queue record found for Compaction type transaction commit. txnId:27
2024-04-24T04:56:36,152  INFO [main] ql.TxnCommandsBaseForTests: Running the query: drop table if exists nonAcidNonBucket
2024-04-24T04:56:36,152  INFO [main] ql.Driver: Compiling command(queryId=alex_20240424045636_e08a3458-9ce4-4c97-af4c-73c791b3f408): drop table if exists nonAcidNonBucket
2024-04-24T04:56:36,154  INFO [main] txn.TxnHandler: Added entries to MIN_HISTORY_LEVEL for current txns: ([28]) with min_open_txn: 23
2024-04-24T04:56:36,154  INFO [main] lockmgr.DbTxnManager: Opened txnid:28
2024-04-24T04:56:36,155  INFO [main] HiveMetaStore.audit: ugi=alex	ip=unknown-ip-addr	cmd=get_table : tbl=hive.default.nonAcidNonBucket	
2024-04-24T04:56:36,163  INFO [main] metastore.HMSHandler: Skipping translation for processor with null
2024-04-24T04:56:36,163  INFO [main] ql.Driver: Semantic Analysis Completed (retrial = false)
2024-04-24T04:56:36,163  INFO [main] ql.Driver: Created Hive schema: Schema(fieldSchemas:null, properties:null)
2024-04-24T04:56:36,163  INFO [main] metadata.Hive: Dumping metastore api call timing information for : compilation phase
2024-04-24T04:56:36,164  INFO [main] metadata.Hive: Total time spent in each metastore function (ms): {commitTxn_(CommitTxnRequest)=10, getValidTxns_(long)=1, getTable_(GetTableRequest)=8, flushCache_()=0, isCompatibleWith_(Configuration)=1, openTxn_(String, TxnType)=2}
2024-04-24T04:56:36,164  INFO [main] ql.Driver: Completed compiling command(queryId=alex_20240424045636_e08a3458-9ce4-4c97-af4c-73c791b3f408); Time taken: 0.011 seconds
2024-04-24T04:56:36,164  INFO [main] lockmgr.DbTxnManager: Setting lock request transaction to txnid:28 for queryId=alex_20240424045636_e08a3458-9ce4-4c97-af4c-73c791b3f408
2024-04-24T04:56:36,164  INFO [main] lockmgr.DbLockManager: Requesting lock for queryId=alex_20240424045636_e08a3458-9ce4-4c97-af4c-73c791b3f408
2024-04-24T04:56:36,179  INFO [main] lockmgr.DbLockManager: Response to queryId=alex_20240424045636_e08a3458-9ce4-4c97-af4c-73c791b3f408 LockResponse(lockid:19, state:ACQUIRED)
2024-04-24T04:56:36,179  INFO [main] ql.Driver: Operation DROPTABLE obtained 1 locks
2024-04-24T04:56:36,179  INFO [main] ql.Driver: Executing command(queryId=alex_20240424045636_e08a3458-9ce4-4c97-af4c-73c791b3f408): drop table if exists nonAcidNonBucket
2024-04-24T04:56:36,179  INFO [main] ql.Driver: Starting task [Stage-0:DDL] in serial mode
2024-04-24T04:56:36,179  INFO [main] HiveMetaStore.audit: ugi=alex	ip=unknown-ip-addr	cmd=get_table : tbl=hive.default.nonAcidNonBucket	
2024-04-24T04:56:36,187  INFO [main] metastore.HMSHandler: Skipping translation for processor with null
2024-04-24T04:56:36,188  INFO [main] HiveMetaStore.audit: ugi=alex	ip=unknown-ip-addr	cmd=get_table : tbl=hive.default.nonAcidNonBucket	
2024-04-24T04:56:36,196  INFO [main] metastore.HMSHandler: Skipping translation for processor with null
2024-04-24T04:56:36,196  INFO [main] HiveMetaStore.audit: ugi=alex	ip=unknown-ip-addr	cmd=drop_table : tbl=hive.default.nonAcidNonBucket	
2024-04-24T04:56:36,229  INFO [main] metadata.Hive: Dumping metastore api call timing information for : execution phase
2024-04-24T04:56:36,229  INFO [main] metadata.Hive: Total time spent in each metastore function (ms): {getTable_(GetTableRequest)=8, dropTable_(String, String, boolean, boolean, boolean)=42, isCompatibleWith_(Configuration)=0}
2024-04-24T04:56:36,229  INFO [main] ql.Driver: Completed executing command(queryId=alex_20240424045636_e08a3458-9ce4-4c97-af4c-73c791b3f408); Time taken: 0.05 seconds
2024-04-24T04:56:36,229  INFO [main] lockmgr.DbTxnManager: Stopped heartbeat for query: alex_20240424045636_e08a3458-9ce4-4c97-af4c-73c791b3f408
2024-04-24T04:56:36,233  INFO [main] txn.TxnHandler: Expected to move at least one record from txn_components to completed_txn_components when committing txn! txnid:28
2024-04-24T04:56:36,239  INFO [main] txn.TxnHandler: Removed transactions: ([28]) from MIN_HISTORY_LEVEL
2024-04-24T04:56:36,240  WARN [main] txn.CompactionTxnHandler: No compaction queue record found for Compaction type transaction commit. txnId:28
2024-04-24T04:56:36,240  INFO [main] utils.TestTxnDbUtil: Cleaning transactional tables
]]></system-err>
  </testcase>
  <testcase name="testExportBucketed" classname="org.apache.hadoop.hive.ql.TestTxnExIm" time="5.912"/>
  <testcase name="testImportPartitioned" classname="org.apache.hadoop.hive.ql.TestTxnExIm" time="6.878"/>
  <testcase name="testMMExportAborted" classname="org.apache.hadoop.hive.ql.TestTxnExIm" time="0">
    <skipped/>
  </testcase>
  <testcase name="testImport" classname="org.apache.hadoop.hive.ql.TestTxnExIm" time="6.314">
    <error type="java.lang.RuntimeException"><![CDATA[java.lang.RuntimeException: update T set a = 0 where b = 6 failed: (responseCode = 40000, errorMessage = FAILED: NoMatchingMethodException No matching method for class org.apache.hadoop.hive.ql.udf.UDFToInteger with (struct<writeid:bigint,bucketid:int,rowid:bigint>). Possible choices: _FUNC_(bigint)  _FUNC_(boolean)  _FUNC_(decimal(38,18))  _FUNC_(double)  _FUNC_(float)  _FUNC_(smallint)  _FUNC_(string)  _FUNC_(struct<bucketid:bigint,writeid:bigint,rowid:int>)  _FUNC_(timestamp)  _FUNC_(tinyint)  _FUNC_(void)  , hiveErrorCode = 40000, SQLState = 42000, exception = No matching method for class org.apache.hadoop.hive.ql.udf.UDFToInteger with (struct<writeid:bigint,bucketid:int,rowid:bigint>). Possible choices: _FUNC_(bigint)  _FUNC_(boolean)  _FUNC_(decimal(38,18))  _FUNC_(double)  _FUNC_(float)  _FUNC_(smallint)  _FUNC_(string)  _FUNC_(struct<bucketid:bigint,writeid:bigint,rowid:int>)  _FUNC_(timestamp)  _FUNC_(tinyint)  _FUNC_(void)  )
	at org.apache.hadoop.hive.ql.TxnCommandsBaseForTests.runStatementOnDriver(TxnCommandsBaseForTests.java:247)
	at org.apache.hadoop.hive.ql.TestTxnExIm.testImport(TestTxnExIm.java:335)
	at org.apache.hadoop.hive.ql.TestTxnExIm.testImport(TestTxnExIm.java:283)
	at sun.reflect.NativeMethodAccessorImpl.invoke0(Native Method)
	at sun.reflect.NativeMethodAccessorImpl.invoke(NativeMethodAccessorImpl.java:62)
	at sun.reflect.DelegatingMethodAccessorImpl.invoke(DelegatingMethodAccessorImpl.java:43)
	at java.lang.reflect.Method.invoke(Method.java:498)
	at org.junit.runners.model.FrameworkMethod$1.runReflectiveCall(FrameworkMethod.java:59)
	at org.junit.internal.runners.model.ReflectiveCallable.run(ReflectiveCallable.java:12)
	at org.junit.runners.model.FrameworkMethod.invokeExplosively(FrameworkMethod.java:56)
	at org.junit.internal.runners.statements.InvokeMethod.evaluate(InvokeMethod.java:17)
	at org.junit.internal.runners.statements.RunBefores.evaluate(RunBefores.java:26)
	at org.junit.internal.runners.statements.RunAfters.evaluate(RunAfters.java:27)
	at org.junit.rules.TestWatcher$1.evaluate(TestWatcher.java:61)
	at org.junit.runners.ParentRunner$3.evaluate(ParentRunner.java:306)
	at org.junit.runners.BlockJUnit4ClassRunner$1.evaluate(BlockJUnit4ClassRunner.java:100)
	at org.junit.runners.ParentRunner.runLeaf(ParentRunner.java:366)
	at org.junit.runners.BlockJUnit4ClassRunner.runChild(BlockJUnit4ClassRunner.java:103)
	at org.junit.runners.BlockJUnit4ClassRunner.runChild(BlockJUnit4ClassRunner.java:63)
	at org.junit.runners.ParentRunner$4.run(ParentRunner.java:331)
	at org.junit.runners.ParentRunner$1.schedule(ParentRunner.java:79)
	at org.junit.runners.ParentRunner.runChildren(ParentRunner.java:329)
	at org.junit.runners.ParentRunner.access$100(ParentRunner.java:66)
	at org.junit.runners.ParentRunner$2.evaluate(ParentRunner.java:293)
	at org.junit.runners.ParentRunner$3.evaluate(ParentRunner.java:306)
	at org.junit.runners.ParentRunner.run(ParentRunner.java:413)
	at org.junit.runner.JUnitCore.run(JUnitCore.java:137)
	at org.junit.runner.JUnitCore.run(JUnitCore.java:115)
	at org.junit.vintage.engine.execution.RunnerExecutor.execute(RunnerExecutor.java:43)
	at java.util.stream.ForEachOps$ForEachOp$OfRef.accept(ForEachOps.java:183)
	at java.util.stream.ReferencePipeline$3$1.accept(ReferencePipeline.java:193)
	at java.util.Iterator.forEachRemaining(Iterator.java:116)
	at java.util.Spliterators$IteratorSpliterator.forEachRemaining(Spliterators.java:1801)
	at java.util.stream.AbstractPipeline.copyInto(AbstractPipeline.java:482)
	at java.util.stream.AbstractPipeline.wrapAndCopyInto(AbstractPipeline.java:472)
	at java.util.stream.ForEachOps$ForEachOp.evaluateSequential(ForEachOps.java:150)
	at java.util.stream.ForEachOps$ForEachOp$OfRef.evaluateSequential(ForEachOps.java:173)
	at java.util.stream.AbstractPipeline.evaluate(AbstractPipeline.java:234)
	at java.util.stream.ReferencePipeline.forEach(ReferencePipeline.java:485)
	at org.junit.vintage.engine.VintageTestEngine.executeAllChildren(VintageTestEngine.java:82)
	at org.junit.vintage.engine.VintageTestEngine.execute(VintageTestEngine.java:73)
	at org.junit.platform.launcher.core.DefaultLauncher.execute(DefaultLauncher.java:248)
	at org.junit.platform.launcher.core.DefaultLauncher.lambda$execute$5(DefaultLauncher.java:211)
	at org.junit.platform.launcher.core.DefaultLauncher.withInterceptedStreams(DefaultLauncher.java:226)
	at org.junit.platform.launcher.core.DefaultLauncher.execute(DefaultLauncher.java:199)
	at org.junit.platform.launcher.core.DefaultLauncher.execute(DefaultLauncher.java:132)
	at org.apache.maven.surefire.junitplatform.JUnitPlatformProvider.invokeAllTests(JUnitPlatformProvider.java:154)
	at org.apache.maven.surefire.junitplatform.JUnitPlatformProvider.invoke(JUnitPlatformProvider.java:123)
	at org.apache.maven.surefire.booter.ForkedBooter.runSuitesInProcess(ForkedBooter.java:377)
	at org.apache.maven.surefire.booter.ForkedBooter.execute(ForkedBooter.java:138)
	at org.apache.maven.surefire.booter.ForkedBooter.run(ForkedBooter.java:465)
	at org.apache.maven.surefire.booter.ForkedBooter.main(ForkedBooter.java:451)
]]></error>
    <system-err><![CDATA[2024-04-24T04:56:49,089  WARN [main] conf.HiveConf: HiveConf of name hive.llap.io.cache.orc.size does not exist
2024-04-24T04:56:49,089  WARN [main] conf.HiveConf: HiveConf of name hive.dummyparam.test.server.specific.config.metastoresite does not exist
2024-04-24T04:56:49,089  WARN [main] conf.HiveConf: HiveConf of name hive.dummyparam.test.server.specific.config.hivesite does not exist
2024-04-24T04:56:49,089  WARN [main] conf.HiveConf: HiveConf of name hive.llap.io.cache.orc.alloc.max does not exist
2024-04-24T04:56:49,090  WARN [main] conf.HiveConf: HiveConf of name hive.llap.io.cache.orc.alloc.min does not exist
2024-04-24T04:56:49,090  WARN [main] conf.HiveConf: HiveConf of name hive.llap.io.cache.orc.arena.size does not exist
2024-04-24T04:56:49,090  WARN [main] conf.HiveConf: HiveConf of name hive.dummyparam.test.server.specific.config.override does not exist
2024-04-24T04:56:49,090  WARN [main] conf.HiveConf: HiveConf of name hive.metastore.client.cache.maxSize does not exist
2024-04-24T04:56:49,090  WARN [main] conf.HiveConf: HiveConf of name hive.stats.key.prefix.reserve.length does not exist
2024-04-24T04:56:49,090  WARN [main] conf.HiveConf: HiveConf of name hive.metastore.metadb.dir does not exist
2024-04-24T04:56:49,090  WARN [main] conf.HiveConf: HiveConf of name hive.metastore.client.cache.recordStats does not exist
2024-04-24T04:56:49,092  INFO [main] utils.TestTxnDbUtil: Creating transactional tables
Hive Session ID = 76f5c248-f88a-41bd-9470-170abb95aeb5
2024-04-24T04:56:49,094  INFO [main] SessionState: Hive Session ID = 76f5c248-f88a-41bd-9470-170abb95aeb5
ivysettings.xml file not found in HIVE_HOME or HIVE_CONF_DIR,/home/alex/Repositories/hive/conf/ivysettings.xml will be used
2024-04-24T04:56:49,095  INFO [main] DependencyResolver: ivysettings.xml file not found in HIVE_HOME or HIVE_CONF_DIR,/home/alex/Repositories/hive/conf/ivysettings.xml will be used
2024-04-24T04:56:49,100  INFO [main] session.SessionState: Created HDFS directory: /home/alex/Repositories/hive/ql/target/tmp/scratchdir/alex/76f5c248-f88a-41bd-9470-170abb95aeb5
2024-04-24T04:56:49,102  INFO [main] session.SessionState: Created local directory: /home/alex/Repositories/hive/ql/target/tmp/localscratchdir/76f5c248-f88a-41bd-9470-170abb95aeb5
2024-04-24T04:56:49,104  INFO [main] session.SessionState: Created HDFS directory: /home/alex/Repositories/hive/ql/target/tmp/scratchdir/alex/76f5c248-f88a-41bd-9470-170abb95aeb5/_tmp_space.db
2024-04-24T04:56:49,105  INFO [main] sqlstd.SQLStdHiveAccessController: Created SQLStdHiveAccessController for session context : HiveAuthzSessionContext [sessionString=76f5c248-f88a-41bd-9470-170abb95aeb5, clientType=HIVECLI]
2024-04-24T04:56:49,105  INFO [main] ql.TxnCommandsBaseForTests: Running the query: drop table if exists acidTbl
2024-04-24T04:56:49,105  INFO [main] ql.Driver: Compiling command(queryId=alex_20240424045649_daa5f57b-991e-49c5-afed-e2387e59abb8): drop table if exists acidTbl
2024-04-24T04:56:49,112  INFO [main] txn.TxnHandler: Added entries to MIN_HISTORY_LEVEL for current txns: ([1]) with min_open_txn: 1
2024-04-24T04:56:49,112  INFO [main] lockmgr.DbTxnManager: Opened txnid:1
2024-04-24T04:56:49,114  INFO [main] HiveMetaStore.audit: ugi=alex	ip=unknown-ip-addr	cmd=get_table : tbl=hive.default.acidTbl	
2024-04-24T04:56:49,117  INFO [main] ql.Driver: Semantic Analysis Completed (retrial = false)
2024-04-24T04:56:49,117  INFO [main] ql.Driver: Created Hive schema: Schema(fieldSchemas:null, properties:null)
2024-04-24T04:56:49,117  INFO [main] metadata.Hive: Dumping metastore api call timing information for : compilation phase
2024-04-24T04:56:49,117  INFO [main] metadata.Hive: Total time spent in each metastore function (ms): {openTxn_(String, TxnType)=7, commitTxn_(CommitTxnRequest)=10, getValidTxns_(long)=2, isCompatibleWith_(Configuration)=0, flushCache_()=0}
2024-04-24T04:56:49,117  INFO [main] ql.Driver: Completed compiling command(queryId=alex_20240424045649_daa5f57b-991e-49c5-afed-e2387e59abb8); Time taken: 0.012 seconds
2024-04-24T04:56:49,118  INFO [main] lockmgr.DbTxnManager: Setting lock request transaction to txnid:1 for queryId=alex_20240424045649_daa5f57b-991e-49c5-afed-e2387e59abb8
2024-04-24T04:56:49,118  INFO [main] ql.Driver: Operation DROPTABLE obtained 0 locks
2024-04-24T04:56:49,118  INFO [main] ql.Driver: Executing command(queryId=alex_20240424045649_daa5f57b-991e-49c5-afed-e2387e59abb8): drop table if exists acidTbl
2024-04-24T04:56:49,118  INFO [main] ql.Driver: Starting task [Stage-0:DDL] in serial mode
2024-04-24T04:56:49,118  INFO [main] HiveMetaStore.audit: ugi=alex	ip=unknown-ip-addr	cmd=get_table : tbl=hive.default.acidTbl	
2024-04-24T04:56:49,121  INFO [main] metadata.Hive: Dumping metastore api call timing information for : execution phase
2024-04-24T04:56:49,121  INFO [main] metadata.Hive: Total time spent in each metastore function (ms): {isCompatibleWith_(Configuration)=0}
2024-04-24T04:56:49,121  INFO [main] ql.Driver: Completed executing command(queryId=alex_20240424045649_daa5f57b-991e-49c5-afed-e2387e59abb8); Time taken: 0.003 seconds
2024-04-24T04:56:49,121  INFO [main] lockmgr.DbTxnManager: Stopped heartbeat for query: alex_20240424045649_daa5f57b-991e-49c5-afed-e2387e59abb8
2024-04-24T04:56:49,126  INFO [main] txn.TxnHandler: Expected to move at least one record from txn_components to completed_txn_components when committing txn! txnid:1
2024-04-24T04:56:49,132  INFO [main] txn.TxnHandler: Removed transactions: ([1]) from MIN_HISTORY_LEVEL
2024-04-24T04:56:49,132  WARN [main] txn.CompactionTxnHandler: No compaction queue record found for Compaction type transaction commit. txnId:1
2024-04-24T04:56:49,132  INFO [main] ql.TxnCommandsBaseForTests: Running the query: drop table if exists acidTblPart
2024-04-24T04:56:49,132  INFO [main] ql.Driver: Compiling command(queryId=alex_20240424045649_ae88cb3c-53e4-4a11-98f8-f795759576b4): drop table if exists acidTblPart
2024-04-24T04:56:49,135  INFO [main] txn.TxnHandler: Added entries to MIN_HISTORY_LEVEL for current txns: ([2]) with min_open_txn: 1
2024-04-24T04:56:49,135  INFO [main] lockmgr.DbTxnManager: Opened txnid:2
2024-04-24T04:56:49,136  INFO [main] HiveMetaStore.audit: ugi=alex	ip=unknown-ip-addr	cmd=get_table : tbl=hive.default.acidTblPart	
2024-04-24T04:56:49,138  INFO [main] ql.Driver: Semantic Analysis Completed (retrial = false)
2024-04-24T04:56:49,138  INFO [main] ql.Driver: Created Hive schema: Schema(fieldSchemas:null, properties:null)
2024-04-24T04:56:49,139  INFO [main] metadata.Hive: Dumping metastore api call timing information for : compilation phase
2024-04-24T04:56:49,139  INFO [main] metadata.Hive: Total time spent in each metastore function (ms): {flushCache_()=0, isCompatibleWith_(Configuration)=0, openTxn_(String, TxnType)=2, getValidTxns_(long)=1, commitTxn_(CommitTxnRequest)=11}
2024-04-24T04:56:49,139  INFO [main] ql.Driver: Completed compiling command(queryId=alex_20240424045649_ae88cb3c-53e4-4a11-98f8-f795759576b4); Time taken: 0.006 seconds
2024-04-24T04:56:49,139  INFO [main] lockmgr.DbTxnManager: Setting lock request transaction to txnid:2 for queryId=alex_20240424045649_ae88cb3c-53e4-4a11-98f8-f795759576b4
2024-04-24T04:56:49,139  INFO [main] ql.Driver: Operation DROPTABLE obtained 0 locks
2024-04-24T04:56:49,139  INFO [main] ql.Driver: Executing command(queryId=alex_20240424045649_ae88cb3c-53e4-4a11-98f8-f795759576b4): drop table if exists acidTblPart
2024-04-24T04:56:49,139  INFO [main] ql.Driver: Starting task [Stage-0:DDL] in serial mode
2024-04-24T04:56:49,140  INFO [main] HiveMetaStore.audit: ugi=alex	ip=unknown-ip-addr	cmd=get_table : tbl=hive.default.acidTblPart	
2024-04-24T04:56:49,142  INFO [main] metadata.Hive: Dumping metastore api call timing information for : execution phase
2024-04-24T04:56:49,143  INFO [main] metadata.Hive: Total time spent in each metastore function (ms): {isCompatibleWith_(Configuration)=1}
2024-04-24T04:56:49,143  INFO [main] ql.Driver: Completed executing command(queryId=alex_20240424045649_ae88cb3c-53e4-4a11-98f8-f795759576b4); Time taken: 0.003 seconds
2024-04-24T04:56:49,143  INFO [main] lockmgr.DbTxnManager: Stopped heartbeat for query: alex_20240424045649_ae88cb3c-53e4-4a11-98f8-f795759576b4
2024-04-24T04:56:49,149  INFO [main] txn.TxnHandler: Expected to move at least one record from txn_components to completed_txn_components when committing txn! txnid:2
2024-04-24T04:56:49,154  INFO [main] txn.TxnHandler: Removed transactions: ([2]) from MIN_HISTORY_LEVEL
2024-04-24T04:56:49,154  WARN [main] txn.CompactionTxnHandler: No compaction queue record found for Compaction type transaction commit. txnId:2
2024-04-24T04:56:49,155  INFO [main] ql.TxnCommandsBaseForTests: Running the query: drop table if exists acidTbl2
2024-04-24T04:56:49,155  INFO [main] ql.Driver: Compiling command(queryId=alex_20240424045649_b80b1fae-dd39-4e71-9d81-81c99f899204): drop table if exists acidTbl2
2024-04-24T04:56:49,157  INFO [main] txn.TxnHandler: Added entries to MIN_HISTORY_LEVEL for current txns: ([3]) with min_open_txn: 1
2024-04-24T04:56:49,158  INFO [main] lockmgr.DbTxnManager: Opened txnid:3
2024-04-24T04:56:49,158  INFO [main] HiveMetaStore.audit: ugi=alex	ip=unknown-ip-addr	cmd=get_table : tbl=hive.default.acidTbl2	
2024-04-24T04:56:49,161  INFO [main] ql.Driver: Semantic Analysis Completed (retrial = false)
2024-04-24T04:56:49,161  INFO [main] ql.Driver: Created Hive schema: Schema(fieldSchemas:null, properties:null)
2024-04-24T04:56:49,161  INFO [main] metadata.Hive: Dumping metastore api call timing information for : compilation phase
2024-04-24T04:56:49,161  INFO [main] metadata.Hive: Total time spent in each metastore function (ms): {flushCache_()=0, openTxn_(String, TxnType)=2, getValidTxns_(long)=0, isCompatibleWith_(Configuration)=0, commitTxn_(CommitTxnRequest)=12}
2024-04-24T04:56:49,161  INFO [main] ql.Driver: Completed compiling command(queryId=alex_20240424045649_b80b1fae-dd39-4e71-9d81-81c99f899204); Time taken: 0.006 seconds
2024-04-24T04:56:49,161  INFO [main] lockmgr.DbTxnManager: Setting lock request transaction to txnid:3 for queryId=alex_20240424045649_b80b1fae-dd39-4e71-9d81-81c99f899204
2024-04-24T04:56:49,161  INFO [main] ql.Driver: Operation DROPTABLE obtained 0 locks
2024-04-24T04:56:49,161  INFO [main] ql.Driver: Executing command(queryId=alex_20240424045649_b80b1fae-dd39-4e71-9d81-81c99f899204): drop table if exists acidTbl2
2024-04-24T04:56:49,162  INFO [main] ql.Driver: Starting task [Stage-0:DDL] in serial mode
2024-04-24T04:56:49,162  INFO [main] HiveMetaStore.audit: ugi=alex	ip=unknown-ip-addr	cmd=get_table : tbl=hive.default.acidTbl2	
2024-04-24T04:56:49,165  INFO [main] metadata.Hive: Dumping metastore api call timing information for : execution phase
2024-04-24T04:56:49,165  INFO [main] metadata.Hive: Total time spent in each metastore function (ms): {isCompatibleWith_(Configuration)=0}
2024-04-24T04:56:49,165  INFO [main] ql.Driver: Completed executing command(queryId=alex_20240424045649_b80b1fae-dd39-4e71-9d81-81c99f899204); Time taken: 0.004 seconds
2024-04-24T04:56:49,165  INFO [main] lockmgr.DbTxnManager: Stopped heartbeat for query: alex_20240424045649_b80b1fae-dd39-4e71-9d81-81c99f899204
2024-04-24T04:56:49,170  INFO [main] txn.TxnHandler: Expected to move at least one record from txn_components to completed_txn_components when committing txn! txnid:3
2024-04-24T04:56:49,175  INFO [main] txn.TxnHandler: Removed transactions: ([3]) from MIN_HISTORY_LEVEL
2024-04-24T04:56:49,175  WARN [main] txn.CompactionTxnHandler: No compaction queue record found for Compaction type transaction commit. txnId:3
2024-04-24T04:56:49,175  INFO [main] ql.TxnCommandsBaseForTests: Running the query: drop table if exists nonAcidOrcTbl
2024-04-24T04:56:49,176  INFO [main] ql.Driver: Compiling command(queryId=alex_20240424045649_76f3ab16-a8e9-432a-a087-efa12298f3ad): drop table if exists nonAcidOrcTbl
2024-04-24T04:56:49,177  INFO [main] txn.TxnHandler: Added entries to MIN_HISTORY_LEVEL for current txns: ([4]) with min_open_txn: 1
2024-04-24T04:56:49,178  INFO [main] lockmgr.DbTxnManager: Opened txnid:4
2024-04-24T04:56:49,178  INFO [main] HiveMetaStore.audit: ugi=alex	ip=unknown-ip-addr	cmd=get_table : tbl=hive.default.nonAcidOrcTbl	
2024-04-24T04:56:49,181  INFO [main] ql.Driver: Semantic Analysis Completed (retrial = false)
2024-04-24T04:56:49,181  INFO [main] ql.Driver: Created Hive schema: Schema(fieldSchemas:null, properties:null)
2024-04-24T04:56:49,181  INFO [main] metadata.Hive: Dumping metastore api call timing information for : compilation phase
2024-04-24T04:56:49,181  INFO [main] metadata.Hive: Total time spent in each metastore function (ms): {isCompatibleWith_(Configuration)=0, flushCache_()=0, commitTxn_(CommitTxnRequest)=10, openTxn_(String, TxnType)=2, getValidTxns_(long)=0}
2024-04-24T04:56:49,181  INFO [main] ql.Driver: Completed compiling command(queryId=alex_20240424045649_76f3ab16-a8e9-432a-a087-efa12298f3ad); Time taken: 0.005 seconds
2024-04-24T04:56:49,181  INFO [main] lockmgr.DbTxnManager: Setting lock request transaction to txnid:4 for queryId=alex_20240424045649_76f3ab16-a8e9-432a-a087-efa12298f3ad
2024-04-24T04:56:49,182  INFO [main] ql.Driver: Operation DROPTABLE obtained 0 locks
2024-04-24T04:56:49,182  INFO [main] ql.Driver: Executing command(queryId=alex_20240424045649_76f3ab16-a8e9-432a-a087-efa12298f3ad): drop table if exists nonAcidOrcTbl
2024-04-24T04:56:49,182  INFO [main] ql.Driver: Starting task [Stage-0:DDL] in serial mode
2024-04-24T04:56:49,182  INFO [main] HiveMetaStore.audit: ugi=alex	ip=unknown-ip-addr	cmd=get_table : tbl=hive.default.nonAcidOrcTbl	
2024-04-24T04:56:49,185  INFO [main] metadata.Hive: Dumping metastore api call timing information for : execution phase
2024-04-24T04:56:49,185  INFO [main] metadata.Hive: Total time spent in each metastore function (ms): {isCompatibleWith_(Configuration)=0}
2024-04-24T04:56:49,185  INFO [main] ql.Driver: Completed executing command(queryId=alex_20240424045649_76f3ab16-a8e9-432a-a087-efa12298f3ad); Time taken: 0.003 seconds
2024-04-24T04:56:49,185  INFO [main] lockmgr.DbTxnManager: Stopped heartbeat for query: alex_20240424045649_76f3ab16-a8e9-432a-a087-efa12298f3ad
2024-04-24T04:56:49,190  INFO [main] txn.TxnHandler: Expected to move at least one record from txn_components to completed_txn_components when committing txn! txnid:4
2024-04-24T04:56:49,195  INFO [main] txn.TxnHandler: Removed transactions: ([4]) from MIN_HISTORY_LEVEL
2024-04-24T04:56:49,195  WARN [main] txn.CompactionTxnHandler: No compaction queue record found for Compaction type transaction commit. txnId:4
2024-04-24T04:56:49,196  INFO [main] ql.TxnCommandsBaseForTests: Running the query: drop table if exists nonAcidOrcTbl2
2024-04-24T04:56:49,196  INFO [main] ql.Driver: Compiling command(queryId=alex_20240424045649_45c17227-d04e-458f-9352-ebd5266a5e9e): drop table if exists nonAcidOrcTbl2
2024-04-24T04:56:49,198  INFO [main] txn.TxnHandler: Added entries to MIN_HISTORY_LEVEL for current txns: ([5]) with min_open_txn: 1
2024-04-24T04:56:49,198  INFO [main] lockmgr.DbTxnManager: Opened txnid:5
2024-04-24T04:56:49,199  INFO [main] HiveMetaStore.audit: ugi=alex	ip=unknown-ip-addr	cmd=get_table : tbl=hive.default.nonAcidOrcTbl2	
2024-04-24T04:56:49,201  INFO [main] ql.Driver: Semantic Analysis Completed (retrial = false)
2024-04-24T04:56:49,201  INFO [main] ql.Driver: Created Hive schema: Schema(fieldSchemas:null, properties:null)
2024-04-24T04:56:49,201  INFO [main] metadata.Hive: Dumping metastore api call timing information for : compilation phase
2024-04-24T04:56:49,201  INFO [main] metadata.Hive: Total time spent in each metastore function (ms): {getValidTxns_(long)=0, isCompatibleWith_(Configuration)=0, commitTxn_(CommitTxnRequest)=10, flushCache_()=0, openTxn_(String, TxnType)=2}
2024-04-24T04:56:49,202  INFO [main] ql.Driver: Completed compiling command(queryId=alex_20240424045649_45c17227-d04e-458f-9352-ebd5266a5e9e); Time taken: 0.005 seconds
2024-04-24T04:56:49,202  INFO [main] lockmgr.DbTxnManager: Setting lock request transaction to txnid:5 for queryId=alex_20240424045649_45c17227-d04e-458f-9352-ebd5266a5e9e
2024-04-24T04:56:49,202  INFO [main] ql.Driver: Operation DROPTABLE obtained 0 locks
2024-04-24T04:56:49,202  INFO [main] ql.Driver: Executing command(queryId=alex_20240424045649_45c17227-d04e-458f-9352-ebd5266a5e9e): drop table if exists nonAcidOrcTbl2
2024-04-24T04:56:49,202  INFO [main] ql.Driver: Starting task [Stage-0:DDL] in serial mode
2024-04-24T04:56:49,202  INFO [main] HiveMetaStore.audit: ugi=alex	ip=unknown-ip-addr	cmd=get_table : tbl=hive.default.nonAcidOrcTbl2	
2024-04-24T04:56:49,205  INFO [main] metadata.Hive: Dumping metastore api call timing information for : execution phase
2024-04-24T04:56:49,205  INFO [main] metadata.Hive: Total time spent in each metastore function (ms): {isCompatibleWith_(Configuration)=0}
2024-04-24T04:56:49,205  INFO [main] ql.Driver: Completed executing command(queryId=alex_20240424045649_45c17227-d04e-458f-9352-ebd5266a5e9e); Time taken: 0.003 seconds
2024-04-24T04:56:49,205  INFO [main] lockmgr.DbTxnManager: Stopped heartbeat for query: alex_20240424045649_45c17227-d04e-458f-9352-ebd5266a5e9e
2024-04-24T04:56:49,210  INFO [main] txn.TxnHandler: Expected to move at least one record from txn_components to completed_txn_components when committing txn! txnid:5
2024-04-24T04:56:49,215  INFO [main] txn.TxnHandler: Removed transactions: ([5]) from MIN_HISTORY_LEVEL
2024-04-24T04:56:49,215  WARN [main] txn.CompactionTxnHandler: No compaction queue record found for Compaction type transaction commit. txnId:5
2024-04-24T04:56:49,216  INFO [main] ql.TxnCommandsBaseForTests: Running the query: drop table if exists nonAcidNonBucket
2024-04-24T04:56:49,216  INFO [main] ql.Driver: Compiling command(queryId=alex_20240424045649_da46711e-8460-46f1-ac72-2b71769349de): drop table if exists nonAcidNonBucket
2024-04-24T04:56:49,218  INFO [main] txn.TxnHandler: Added entries to MIN_HISTORY_LEVEL for current txns: ([6]) with min_open_txn: 1
2024-04-24T04:56:49,218  INFO [main] lockmgr.DbTxnManager: Opened txnid:6
2024-04-24T04:56:49,219  INFO [main] HiveMetaStore.audit: ugi=alex	ip=unknown-ip-addr	cmd=get_table : tbl=hive.default.nonAcidNonBucket	
2024-04-24T04:56:49,221  INFO [main] ql.Driver: Semantic Analysis Completed (retrial = false)
2024-04-24T04:56:49,221  INFO [main] ql.Driver: Created Hive schema: Schema(fieldSchemas:null, properties:null)
2024-04-24T04:56:49,221  INFO [main] metadata.Hive: Dumping metastore api call timing information for : compilation phase
2024-04-24T04:56:49,222  INFO [main] metadata.Hive: Total time spent in each metastore function (ms): {flushCache_()=0, getValidTxns_(long)=1, commitTxn_(CommitTxnRequest)=11, isCompatibleWith_(Configuration)=0, openTxn_(String, TxnType)=2}
2024-04-24T04:56:49,222  INFO [main] ql.Driver: Completed compiling command(queryId=alex_20240424045649_da46711e-8460-46f1-ac72-2b71769349de); Time taken: 0.005 seconds
2024-04-24T04:56:49,222  INFO [main] lockmgr.DbTxnManager: Setting lock request transaction to txnid:6 for queryId=alex_20240424045649_da46711e-8460-46f1-ac72-2b71769349de
2024-04-24T04:56:49,222  INFO [main] ql.Driver: Operation DROPTABLE obtained 0 locks
2024-04-24T04:56:49,222  INFO [main] ql.Driver: Executing command(queryId=alex_20240424045649_da46711e-8460-46f1-ac72-2b71769349de): drop table if exists nonAcidNonBucket
2024-04-24T04:56:49,222  INFO [main] ql.Driver: Starting task [Stage-0:DDL] in serial mode
2024-04-24T04:56:49,222  INFO [main] HiveMetaStore.audit: ugi=alex	ip=unknown-ip-addr	cmd=get_table : tbl=hive.default.nonAcidNonBucket	
2024-04-24T04:56:49,225  INFO [main] metadata.Hive: Dumping metastore api call timing information for : execution phase
2024-04-24T04:56:49,225  INFO [main] metadata.Hive: Total time spent in each metastore function (ms): {isCompatibleWith_(Configuration)=0}
2024-04-24T04:56:49,225  INFO [main] ql.Driver: Completed executing command(queryId=alex_20240424045649_da46711e-8460-46f1-ac72-2b71769349de); Time taken: 0.003 seconds
2024-04-24T04:56:49,225  INFO [main] lockmgr.DbTxnManager: Stopped heartbeat for query: alex_20240424045649_da46711e-8460-46f1-ac72-2b71769349de
2024-04-24T04:56:49,231  INFO [main] txn.TxnHandler: Expected to move at least one record from txn_components to completed_txn_components when committing txn! txnid:6
2024-04-24T04:56:49,236  INFO [main] txn.TxnHandler: Removed transactions: ([6]) from MIN_HISTORY_LEVEL
2024-04-24T04:56:49,236  WARN [main] txn.CompactionTxnHandler: No compaction queue record found for Compaction type transaction commit. txnId:6
2024-04-24T04:56:49,236  INFO [main] ql.TxnCommandsBaseForTests: Running the query: create table acidTbl(a int, b int) clustered by (a) into 2 buckets stored as orc TBLPROPERTIES ('transactional'='true')
2024-04-24T04:56:49,237  INFO [main] ql.Driver: Compiling command(queryId=alex_20240424045649_08097958-cebd-49c3-a151-927d5b7c9b22): create table acidTbl(a int, b int) clustered by (a) into 2 buckets stored as orc TBLPROPERTIES ('transactional'='true')
2024-04-24T04:56:49,239  INFO [main] txn.TxnHandler: Added entries to MIN_HISTORY_LEVEL for current txns: ([7]) with min_open_txn: 1
2024-04-24T04:56:49,239  INFO [main] lockmgr.DbTxnManager: Opened txnid:7
2024-04-24T04:56:49,240  INFO [main] parse.CalcitePlanner: Starting caching scope for: 
2024-04-24T04:56:49,240  INFO [main] parse.CalcitePlanner: Starting Semantic Analysis
2024-04-24T04:56:49,244  INFO [main] parse.CalcitePlanner: Creating table default.acidTbl position=13
2024-04-24T04:56:49,245  INFO [main] HiveMetaStore.audit: ugi=alex	ip=unknown-ip-addr	cmd=get_database: default	
2024-04-24T04:56:49,246  INFO [main] parse.CalcitePlanner: Ending caching scope for: 
2024-04-24T04:56:49,246  INFO [main] ql.Driver: Semantic Analysis Completed (retrial = false)
2024-04-24T04:56:49,246  INFO [main] ql.Driver: Created Hive schema: Schema(fieldSchemas:null, properties:null)
2024-04-24T04:56:49,246  INFO [main] metadata.Hive: Dumping metastore api call timing information for : compilation phase
2024-04-24T04:56:49,246  INFO [main] metadata.Hive: Total time spent in each metastore function (ms): {getValidTxns_(long)=1, isCompatibleWith_(Configuration)=0, getDatabase_(String)=1, openTxn_(String, TxnType)=2, commitTxn_(CommitTxnRequest)=11, getValidWriteIds_(List, String)=4, flushCache_()=0}
2024-04-24T04:56:49,246  INFO [main] ql.Driver: Completed compiling command(queryId=alex_20240424045649_08097958-cebd-49c3-a151-927d5b7c9b22); Time taken: 0.009 seconds
2024-04-24T04:56:49,247  INFO [main] lockmgr.DbTxnManager: Setting lock request transaction to txnid:7 for queryId=alex_20240424045649_08097958-cebd-49c3-a151-927d5b7c9b22
2024-04-24T04:56:49,247  INFO [main] lockmgr.DbLockManager: Requesting lock for queryId=alex_20240424045649_08097958-cebd-49c3-a151-927d5b7c9b22
2024-04-24T04:56:49,263  INFO [main] lockmgr.DbLockManager: Response to queryId=alex_20240424045649_08097958-cebd-49c3-a151-927d5b7c9b22 LockResponse(lockid:1, state:ACQUIRED)
2024-04-24T04:56:49,263  INFO [main] ql.Driver: Operation CREATETABLE obtained 1 locks
2024-04-24T04:56:49,264  INFO [main] ql.Driver: Executing command(queryId=alex_20240424045649_08097958-cebd-49c3-a151-927d5b7c9b22): create table acidTbl(a int, b int) clustered by (a) into 2 buckets stored as orc TBLPROPERTIES ('transactional'='true')
2024-04-24T04:56:49,264  INFO [main] ql.Driver: Starting task [Stage-0:DDL] in serial mode
2024-04-24T04:56:49,265  INFO [main] HiveMetaStore.audit: ugi=alex	ip=unknown-ip-addr	cmd=create_table_req: Table(tableName:acidTbl, dbName:default, owner:alex, createTime:1713959809, lastAccessTime:0, retention:0, sd:StorageDescriptor(cols:[FieldSchema(name:a, type:int, comment:null), FieldSchema(name:b, type:int, comment:null)], location:null, inputFormat:org.apache.hadoop.hive.ql.io.orc.OrcInputFormat, outputFormat:org.apache.hadoop.hive.ql.io.orc.OrcOutputFormat, compressed:false, numBuckets:2, serdeInfo:SerDeInfo(name:null, serializationLib:org.apache.hadoop.hive.ql.io.orc.OrcSerde, parameters:{serialization.format=1}), bucketCols:[a], sortCols:[], parameters:{}, skewedInfo:SkewedInfo(skewedColNames:[], skewedColValues:[], skewedColValueLocationMaps:{}), storedAsSubDirectories:false), partitionKeys:[], parameters:{numRows=0, transactional=true, numFilesErasureCoded=0, COLUMN_STATS_ACCURATE={"BASIC_STATS":"true","COLUMN_STATS":{"a":"true","b":"true"}}, numFiles=0, totalSize=0, bucketing_version=2, rawDataSize=0}, viewOriginalText:null, viewExpandedText:null, tableType:MANAGED_TABLE, privileges:PrincipalPrivilegeSet(userPrivileges:{alex=[PrivilegeGrantInfo(privilege:INSERT, createTime:-1, grantor:alex, grantorType:USER, grantOption:true), PrivilegeGrantInfo(privilege:SELECT, createTime:-1, grantor:alex, grantorType:USER, grantOption:true), PrivilegeGrantInfo(privilege:UPDATE, createTime:-1, grantor:alex, grantorType:USER, grantOption:true), PrivilegeGrantInfo(privilege:DELETE, createTime:-1, grantor:alex, grantorType:USER, grantOption:true)]}, groupPrivileges:null, rolePrivileges:null), temporary:false, catName:hive, ownerType:USER, writeId:0)	
2024-04-24T04:56:49,270  INFO [main] utils.FileUtils: Creating directory if it doesn't exist: file:/home/alex/Repositories/hive/ql/target/tmp/org.apache.hadoop.hive.ql.TestTxnExIm-1713959704617/warehouse/acidtbl
2024-04-24T04:56:49,308  INFO [main] metadata.Hive: Dumping metastore api call timing information for : execution phase
2024-04-24T04:56:49,308  INFO [main] metadata.Hive: Total time spent in each metastore function (ms): {createTable_(Table)=44, isCompatibleWith_(Configuration)=0}
2024-04-24T04:56:49,308  INFO [main] ql.Driver: Completed executing command(queryId=alex_20240424045649_08097958-cebd-49c3-a151-927d5b7c9b22); Time taken: 0.044 seconds
2024-04-24T04:56:49,309  INFO [main] lockmgr.DbTxnManager: Stopped heartbeat for query: alex_20240424045649_08097958-cebd-49c3-a151-927d5b7c9b22
2024-04-24T04:56:49,312  INFO [main] txn.TxnHandler: Expected to move at least one record from txn_components to completed_txn_components when committing txn! txnid:7
2024-04-24T04:56:49,318  INFO [main] txn.TxnHandler: Removed transactions: ([7]) from MIN_HISTORY_LEVEL
2024-04-24T04:56:49,318  WARN [main] txn.CompactionTxnHandler: No compaction queue record found for Compaction type transaction commit. txnId:7
2024-04-24T04:56:49,318  INFO [main] ql.TxnCommandsBaseForTests: Running the query: create table acidTblPart(a int, b int) partitioned by (p string) clustered by (a) into 2 buckets stored as orc TBLPROPERTIES ('transactional'='true')
2024-04-24T04:56:49,318  INFO [main] ql.Driver: Compiling command(queryId=alex_20240424045649_3f262ff6-883d-4080-9fe2-3d7a563b67c5): create table acidTblPart(a int, b int) partitioned by (p string) clustered by (a) into 2 buckets stored as orc TBLPROPERTIES ('transactional'='true')
2024-04-24T04:56:49,320  INFO [main] txn.TxnHandler: Added entries to MIN_HISTORY_LEVEL for current txns: ([8]) with min_open_txn: 1
2024-04-24T04:56:49,321  INFO [main] lockmgr.DbTxnManager: Opened txnid:8
2024-04-24T04:56:49,321  INFO [main] parse.CalcitePlanner: Starting caching scope for: 
2024-04-24T04:56:49,321  INFO [main] parse.CalcitePlanner: Starting Semantic Analysis
2024-04-24T04:56:49,323  INFO [main] parse.CalcitePlanner: Creating table default.acidTblPart position=13
2024-04-24T04:56:49,324  INFO [main] HiveMetaStore.audit: ugi=alex	ip=unknown-ip-addr	cmd=get_database: default	
2024-04-24T04:56:49,325  INFO [main] parse.CalcitePlanner: Ending caching scope for: 
2024-04-24T04:56:49,325  INFO [main] ql.Driver: Semantic Analysis Completed (retrial = false)
2024-04-24T04:56:49,325  INFO [main] ql.Driver: Created Hive schema: Schema(fieldSchemas:null, properties:null)
2024-04-24T04:56:49,325  INFO [main] metadata.Hive: Dumping metastore api call timing information for : compilation phase
2024-04-24T04:56:49,325  INFO [main] metadata.Hive: Total time spent in each metastore function (ms): {getDatabase_(String)=2, isCompatibleWith_(Configuration)=0, openTxn_(String, TxnType)=2, getValidWriteIds_(List, String)=2, commitTxn_(CommitTxnRequest)=9, getValidTxns_(long)=0, flushCache_()=0}
2024-04-24T04:56:49,326  INFO [main] ql.Driver: Completed compiling command(queryId=alex_20240424045649_3f262ff6-883d-4080-9fe2-3d7a563b67c5); Time taken: 0.007 seconds
2024-04-24T04:56:49,326  INFO [main] lockmgr.DbTxnManager: Setting lock request transaction to txnid:8 for queryId=alex_20240424045649_3f262ff6-883d-4080-9fe2-3d7a563b67c5
2024-04-24T04:56:49,326  INFO [main] lockmgr.DbLockManager: Requesting lock for queryId=alex_20240424045649_3f262ff6-883d-4080-9fe2-3d7a563b67c5
2024-04-24T04:56:49,339  INFO [main] lockmgr.DbLockManager: Response to queryId=alex_20240424045649_3f262ff6-883d-4080-9fe2-3d7a563b67c5 LockResponse(lockid:2, state:ACQUIRED)
2024-04-24T04:56:49,339  INFO [main] ql.Driver: Operation CREATETABLE obtained 1 locks
2024-04-24T04:56:49,339  INFO [main] ql.Driver: Executing command(queryId=alex_20240424045649_3f262ff6-883d-4080-9fe2-3d7a563b67c5): create table acidTblPart(a int, b int) partitioned by (p string) clustered by (a) into 2 buckets stored as orc TBLPROPERTIES ('transactional'='true')
2024-04-24T04:56:49,340  INFO [main] ql.Driver: Starting task [Stage-0:DDL] in serial mode
2024-04-24T04:56:49,340  INFO [main] HiveMetaStore.audit: ugi=alex	ip=unknown-ip-addr	cmd=create_table_req: Table(tableName:acidTblPart, dbName:default, owner:alex, createTime:1713959809, lastAccessTime:0, retention:0, sd:StorageDescriptor(cols:[FieldSchema(name:a, type:int, comment:null), FieldSchema(name:b, type:int, comment:null)], location:null, inputFormat:org.apache.hadoop.hive.ql.io.orc.OrcInputFormat, outputFormat:org.apache.hadoop.hive.ql.io.orc.OrcOutputFormat, compressed:false, numBuckets:2, serdeInfo:SerDeInfo(name:null, serializationLib:org.apache.hadoop.hive.ql.io.orc.OrcSerde, parameters:{serialization.format=1}), bucketCols:[a], sortCols:[], parameters:{}, skewedInfo:SkewedInfo(skewedColNames:[], skewedColValues:[], skewedColValueLocationMaps:{}), storedAsSubDirectories:false), partitionKeys:[FieldSchema(name:p, type:string, comment:null)], parameters:{bucketing_version=2, transactional=true}, viewOriginalText:null, viewExpandedText:null, tableType:MANAGED_TABLE, privileges:PrincipalPrivilegeSet(userPrivileges:{alex=[PrivilegeGrantInfo(privilege:INSERT, createTime:-1, grantor:alex, grantorType:USER, grantOption:true), PrivilegeGrantInfo(privilege:SELECT, createTime:-1, grantor:alex, grantorType:USER, grantOption:true), PrivilegeGrantInfo(privilege:UPDATE, createTime:-1, grantor:alex, grantorType:USER, grantOption:true), PrivilegeGrantInfo(privilege:DELETE, createTime:-1, grantor:alex, grantorType:USER, grantOption:true)]}, groupPrivileges:null, rolePrivileges:null), temporary:false, catName:hive, ownerType:USER, writeId:0)	
2024-04-24T04:56:49,345  INFO [main] utils.FileUtils: Creating directory if it doesn't exist: file:/home/alex/Repositories/hive/ql/target/tmp/org.apache.hadoop.hive.ql.TestTxnExIm-1713959704617/warehouse/acidtblpart
2024-04-24T04:56:49,359  INFO [main] metadata.Hive: Dumping metastore api call timing information for : execution phase
2024-04-24T04:56:49,359  INFO [main] metadata.Hive: Total time spent in each metastore function (ms): {createTable_(Table)=19, isCompatibleWith_(Configuration)=0}
2024-04-24T04:56:49,359  INFO [main] ql.Driver: Completed executing command(queryId=alex_20240424045649_3f262ff6-883d-4080-9fe2-3d7a563b67c5); Time taken: 0.02 seconds
2024-04-24T04:56:49,359  INFO [main] lockmgr.DbTxnManager: Stopped heartbeat for query: alex_20240424045649_3f262ff6-883d-4080-9fe2-3d7a563b67c5
2024-04-24T04:56:49,363  INFO [main] txn.TxnHandler: Expected to move at least one record from txn_components to completed_txn_components when committing txn! txnid:8
2024-04-24T04:56:49,368  INFO [main] txn.TxnHandler: Removed transactions: ([8]) from MIN_HISTORY_LEVEL
2024-04-24T04:56:49,368  WARN [main] txn.CompactionTxnHandler: No compaction queue record found for Compaction type transaction commit. txnId:8
2024-04-24T04:56:49,369  INFO [main] ql.TxnCommandsBaseForTests: Running the query: create table nonAcidOrcTbl(a int, b int) clustered by (a) into 2 buckets stored as orc TBLPROPERTIES ('transactional'='false')
2024-04-24T04:56:49,369  INFO [main] ql.Driver: Compiling command(queryId=alex_20240424045649_8365257e-d769-4d88-a190-d918ed0cdd86): create table nonAcidOrcTbl(a int, b int) clustered by (a) into 2 buckets stored as orc TBLPROPERTIES ('transactional'='false')
2024-04-24T04:56:49,371  INFO [main] txn.TxnHandler: Added entries to MIN_HISTORY_LEVEL for current txns: ([9]) with min_open_txn: 1
2024-04-24T04:56:49,372  INFO [main] lockmgr.DbTxnManager: Opened txnid:9
2024-04-24T04:56:49,372  INFO [main] parse.CalcitePlanner: Starting caching scope for: 
2024-04-24T04:56:49,372  INFO [main] parse.CalcitePlanner: Starting Semantic Analysis
2024-04-24T04:56:49,374  INFO [main] parse.CalcitePlanner: Creating table default.nonAcidOrcTbl position=13
2024-04-24T04:56:49,374  INFO [main] HiveMetaStore.audit: ugi=alex	ip=unknown-ip-addr	cmd=get_database: default	
2024-04-24T04:56:49,376  INFO [main] parse.CalcitePlanner: Ending caching scope for: 
2024-04-24T04:56:49,376  INFO [main] ql.Driver: Semantic Analysis Completed (retrial = false)
2024-04-24T04:56:49,376  INFO [main] ql.Driver: Created Hive schema: Schema(fieldSchemas:null, properties:null)
2024-04-24T04:56:49,376  INFO [main] metadata.Hive: Dumping metastore api call timing information for : compilation phase
2024-04-24T04:56:49,376  INFO [main] metadata.Hive: Total time spent in each metastore function (ms): {flushCache_()=0, openTxn_(String, TxnType)=2, getValidTxns_(long)=0, getValidWriteIds_(List, String)=2, getDatabase_(String)=2, isCompatibleWith_(Configuration)=0, commitTxn_(CommitTxnRequest)=10}
2024-04-24T04:56:49,376  INFO [main] ql.Driver: Completed compiling command(queryId=alex_20240424045649_8365257e-d769-4d88-a190-d918ed0cdd86); Time taken: 0.007 seconds
2024-04-24T04:56:49,377  INFO [main] lockmgr.DbTxnManager: Setting lock request transaction to txnid:9 for queryId=alex_20240424045649_8365257e-d769-4d88-a190-d918ed0cdd86
2024-04-24T04:56:49,377  INFO [main] lockmgr.DbLockManager: Requesting lock for queryId=alex_20240424045649_8365257e-d769-4d88-a190-d918ed0cdd86
2024-04-24T04:56:49,390  INFO [main] lockmgr.DbLockManager: Response to queryId=alex_20240424045649_8365257e-d769-4d88-a190-d918ed0cdd86 LockResponse(lockid:3, state:ACQUIRED)
2024-04-24T04:56:49,390  INFO [main] ql.Driver: Operation CREATETABLE obtained 1 locks
2024-04-24T04:56:49,390  INFO [main] ql.Driver: Executing command(queryId=alex_20240424045649_8365257e-d769-4d88-a190-d918ed0cdd86): create table nonAcidOrcTbl(a int, b int) clustered by (a) into 2 buckets stored as orc TBLPROPERTIES ('transactional'='false')
2024-04-24T04:56:49,390  INFO [main] ql.Driver: Starting task [Stage-0:DDL] in serial mode
2024-04-24T04:56:49,391  INFO [main] HiveMetaStore.audit: ugi=alex	ip=unknown-ip-addr	cmd=create_table_req: Table(tableName:nonAcidOrcTbl, dbName:default, owner:alex, createTime:1713959809, lastAccessTime:0, retention:0, sd:StorageDescriptor(cols:[FieldSchema(name:a, type:int, comment:null), FieldSchema(name:b, type:int, comment:null)], location:null, inputFormat:org.apache.hadoop.hive.ql.io.orc.OrcInputFormat, outputFormat:org.apache.hadoop.hive.ql.io.orc.OrcOutputFormat, compressed:false, numBuckets:2, serdeInfo:SerDeInfo(name:null, serializationLib:org.apache.hadoop.hive.ql.io.orc.OrcSerde, parameters:{serialization.format=1}), bucketCols:[a], sortCols:[], parameters:{}, skewedInfo:SkewedInfo(skewedColNames:[], skewedColValues:[], skewedColValueLocationMaps:{}), storedAsSubDirectories:false), partitionKeys:[], parameters:{numFilesErasureCoded=0, numFiles=0, COLUMN_STATS_ACCURATE={"BASIC_STATS":"true","COLUMN_STATS":{"a":"true","b":"true"}}, rawDataSize=0, transactional=false, totalSize=0, numRows=0, bucketing_version=2}, viewOriginalText:null, viewExpandedText:null, tableType:MANAGED_TABLE, privileges:PrincipalPrivilegeSet(userPrivileges:{alex=[PrivilegeGrantInfo(privilege:INSERT, createTime:-1, grantor:alex, grantorType:USER, grantOption:true), PrivilegeGrantInfo(privilege:SELECT, createTime:-1, grantor:alex, grantorType:USER, grantOption:true), PrivilegeGrantInfo(privilege:UPDATE, createTime:-1, grantor:alex, grantorType:USER, grantOption:true), PrivilegeGrantInfo(privilege:DELETE, createTime:-1, grantor:alex, grantorType:USER, grantOption:true)]}, groupPrivileges:null, rolePrivileges:null), temporary:false, catName:hive, ownerType:USER)	
2024-04-24T04:56:49,396  INFO [main] utils.FileUtils: Creating directory if it doesn't exist: file:/home/alex/Repositories/hive/ql/target/tmp/org.apache.hadoop.hive.ql.TestTxnExIm-1713959704617/warehouse/nonacidorctbl
2024-04-24T04:56:49,409  INFO [main] metadata.Hive: Dumping metastore api call timing information for : execution phase
2024-04-24T04:56:49,409  INFO [main] metadata.Hive: Total time spent in each metastore function (ms): {isCompatibleWith_(Configuration)=0, createTable_(Table)=18}
2024-04-24T04:56:49,409  INFO [main] ql.Driver: Completed executing command(queryId=alex_20240424045649_8365257e-d769-4d88-a190-d918ed0cdd86); Time taken: 0.019 seconds
2024-04-24T04:56:49,409  INFO [main] lockmgr.DbTxnManager: Stopped heartbeat for query: alex_20240424045649_8365257e-d769-4d88-a190-d918ed0cdd86
2024-04-24T04:56:49,413  INFO [main] txn.TxnHandler: Expected to move at least one record from txn_components to completed_txn_components when committing txn! txnid:9
2024-04-24T04:56:49,418  INFO [main] txn.TxnHandler: Removed transactions: ([9]) from MIN_HISTORY_LEVEL
2024-04-24T04:56:49,418  WARN [main] txn.CompactionTxnHandler: No compaction queue record found for Compaction type transaction commit. txnId:9
2024-04-24T04:56:49,419  INFO [main] ql.TxnCommandsBaseForTests: Running the query: create table nonAcidOrcTbl2(a int, b int) clustered by (a) into 2 buckets stored as orc TBLPROPERTIES ('transactional'='false')
2024-04-24T04:56:49,419  INFO [main] ql.Driver: Compiling command(queryId=alex_20240424045649_e8edca77-4149-44b4-a550-77ab5fe4ffe1): create table nonAcidOrcTbl2(a int, b int) clustered by (a) into 2 buckets stored as orc TBLPROPERTIES ('transactional'='false')
2024-04-24T04:56:49,421  INFO [main] txn.TxnHandler: Added entries to MIN_HISTORY_LEVEL for current txns: ([10]) with min_open_txn: 1
2024-04-24T04:56:49,421  INFO [main] lockmgr.DbTxnManager: Opened txnid:10
2024-04-24T04:56:49,422  INFO [main] parse.CalcitePlanner: Starting caching scope for: 
2024-04-24T04:56:49,422  INFO [main] parse.CalcitePlanner: Starting Semantic Analysis
2024-04-24T04:56:49,424  INFO [main] parse.CalcitePlanner: Creating table default.nonAcidOrcTbl2 position=13
2024-04-24T04:56:49,424  INFO [main] HiveMetaStore.audit: ugi=alex	ip=unknown-ip-addr	cmd=get_database: default	
2024-04-24T04:56:49,425  INFO [main] parse.CalcitePlanner: Ending caching scope for: 
2024-04-24T04:56:49,425  INFO [main] ql.Driver: Semantic Analysis Completed (retrial = false)
2024-04-24T04:56:49,426  INFO [main] ql.Driver: Created Hive schema: Schema(fieldSchemas:null, properties:null)
2024-04-24T04:56:49,426  INFO [main] metadata.Hive: Dumping metastore api call timing information for : compilation phase
2024-04-24T04:56:49,426  INFO [main] metadata.Hive: Total time spent in each metastore function (ms): {getDatabase_(String)=1, getValidWriteIds_(List, String)=2, isCompatibleWith_(Configuration)=0, commitTxn_(CommitTxnRequest)=9, openTxn_(String, TxnType)=1, flushCache_()=0, getValidTxns_(long)=1}
2024-04-24T04:56:49,426  INFO [main] ql.Driver: Completed compiling command(queryId=alex_20240424045649_e8edca77-4149-44b4-a550-77ab5fe4ffe1); Time taken: 0.007 seconds
2024-04-24T04:56:49,426  INFO [main] lockmgr.DbTxnManager: Setting lock request transaction to txnid:10 for queryId=alex_20240424045649_e8edca77-4149-44b4-a550-77ab5fe4ffe1
2024-04-24T04:56:49,426  INFO [main] lockmgr.DbLockManager: Requesting lock for queryId=alex_20240424045649_e8edca77-4149-44b4-a550-77ab5fe4ffe1
2024-04-24T04:56:49,439  INFO [main] lockmgr.DbLockManager: Response to queryId=alex_20240424045649_e8edca77-4149-44b4-a550-77ab5fe4ffe1 LockResponse(lockid:4, state:ACQUIRED)
2024-04-24T04:56:49,439  INFO [main] ql.Driver: Operation CREATETABLE obtained 1 locks
2024-04-24T04:56:49,439  INFO [main] ql.Driver: Executing command(queryId=alex_20240424045649_e8edca77-4149-44b4-a550-77ab5fe4ffe1): create table nonAcidOrcTbl2(a int, b int) clustered by (a) into 2 buckets stored as orc TBLPROPERTIES ('transactional'='false')
2024-04-24T04:56:49,440  INFO [main] ql.Driver: Starting task [Stage-0:DDL] in serial mode
2024-04-24T04:56:49,440  INFO [main] HiveMetaStore.audit: ugi=alex	ip=unknown-ip-addr	cmd=create_table_req: Table(tableName:nonAcidOrcTbl2, dbName:default, owner:alex, createTime:1713959809, lastAccessTime:0, retention:0, sd:StorageDescriptor(cols:[FieldSchema(name:a, type:int, comment:null), FieldSchema(name:b, type:int, comment:null)], location:null, inputFormat:org.apache.hadoop.hive.ql.io.orc.OrcInputFormat, outputFormat:org.apache.hadoop.hive.ql.io.orc.OrcOutputFormat, compressed:false, numBuckets:2, serdeInfo:SerDeInfo(name:null, serializationLib:org.apache.hadoop.hive.ql.io.orc.OrcSerde, parameters:{serialization.format=1}), bucketCols:[a], sortCols:[], parameters:{}, skewedInfo:SkewedInfo(skewedColNames:[], skewedColValues:[], skewedColValueLocationMaps:{}), storedAsSubDirectories:false), partitionKeys:[], parameters:{totalSize=0, rawDataSize=0, COLUMN_STATS_ACCURATE={"BASIC_STATS":"true","COLUMN_STATS":{"a":"true","b":"true"}}, numFilesErasureCoded=0, numRows=0, bucketing_version=2, transactional=false, numFiles=0}, viewOriginalText:null, viewExpandedText:null, tableType:MANAGED_TABLE, privileges:PrincipalPrivilegeSet(userPrivileges:{alex=[PrivilegeGrantInfo(privilege:INSERT, createTime:-1, grantor:alex, grantorType:USER, grantOption:true), PrivilegeGrantInfo(privilege:SELECT, createTime:-1, grantor:alex, grantorType:USER, grantOption:true), PrivilegeGrantInfo(privilege:UPDATE, createTime:-1, grantor:alex, grantorType:USER, grantOption:true), PrivilegeGrantInfo(privilege:DELETE, createTime:-1, grantor:alex, grantorType:USER, grantOption:true)]}, groupPrivileges:null, rolePrivileges:null), temporary:false, catName:hive, ownerType:USER)	
2024-04-24T04:56:49,445  INFO [main] utils.FileUtils: Creating directory if it doesn't exist: file:/home/alex/Repositories/hive/ql/target/tmp/org.apache.hadoop.hive.ql.TestTxnExIm-1713959704617/warehouse/nonacidorctbl2
2024-04-24T04:56:49,458  INFO [main] metadata.Hive: Dumping metastore api call timing information for : execution phase
2024-04-24T04:56:49,458  INFO [main] metadata.Hive: Total time spent in each metastore function (ms): {isCompatibleWith_(Configuration)=0, createTable_(Table)=17}
2024-04-24T04:56:49,458  INFO [main] ql.Driver: Completed executing command(queryId=alex_20240424045649_e8edca77-4149-44b4-a550-77ab5fe4ffe1); Time taken: 0.019 seconds
2024-04-24T04:56:49,458  INFO [main] lockmgr.DbTxnManager: Stopped heartbeat for query: alex_20240424045649_e8edca77-4149-44b4-a550-77ab5fe4ffe1
2024-04-24T04:56:49,462  INFO [main] txn.TxnHandler: Expected to move at least one record from txn_components to completed_txn_components when committing txn! txnid:10
2024-04-24T04:56:49,467  INFO [main] txn.TxnHandler: Removed transactions: ([10]) from MIN_HISTORY_LEVEL
2024-04-24T04:56:49,467  WARN [main] txn.CompactionTxnHandler: No compaction queue record found for Compaction type transaction commit. txnId:10
2024-04-24T04:56:49,468  INFO [main] ql.TxnCommandsBaseForTests: Running the query: create temporary  table acidTbl2(a int, b int, c int) clustered by (c) into 2 buckets stored as orc TBLPROPERTIES ('transactional'='true')
2024-04-24T04:56:49,468  INFO [main] ql.Driver: Compiling command(queryId=alex_20240424045649_ef51c410-3e72-4053-b78d-81e0f236f844): create temporary  table acidTbl2(a int, b int, c int) clustered by (c) into 2 buckets stored as orc TBLPROPERTIES ('transactional'='true')
2024-04-24T04:56:49,471  INFO [main] txn.TxnHandler: Added entries to MIN_HISTORY_LEVEL for current txns: ([11]) with min_open_txn: 1
2024-04-24T04:56:49,471  INFO [main] lockmgr.DbTxnManager: Opened txnid:11
2024-04-24T04:56:49,471  INFO [main] parse.CalcitePlanner: Starting caching scope for: 
2024-04-24T04:56:49,471  INFO [main] parse.CalcitePlanner: Starting Semantic Analysis
2024-04-24T04:56:49,474  INFO [main] parse.CalcitePlanner: Creating table default.acidTbl2 position=24
2024-04-24T04:56:49,474  INFO [main] HiveMetaStore.audit: ugi=alex	ip=unknown-ip-addr	cmd=get_database: default	
2024-04-24T04:56:49,475  INFO [main] parse.CalcitePlanner: Ending caching scope for: 
2024-04-24T04:56:49,475  INFO [main] ql.Driver: Semantic Analysis Completed (retrial = false)
2024-04-24T04:56:49,475  INFO [main] ql.Driver: Created Hive schema: Schema(fieldSchemas:null, properties:null)
2024-04-24T04:56:49,475  INFO [main] metadata.Hive: Dumping metastore api call timing information for : compilation phase
2024-04-24T04:56:49,476  INFO [main] metadata.Hive: Total time spent in each metastore function (ms): {getValidWriteIds_(List, String)=1, openTxn_(String, TxnType)=2, getValidTxns_(long)=0, isCompatibleWith_(Configuration)=0, getDatabase_(String)=1, commitTxn_(CommitTxnRequest)=10, flushCache_()=0}
2024-04-24T04:56:49,476  INFO [main] ql.Driver: Completed compiling command(queryId=alex_20240424045649_ef51c410-3e72-4053-b78d-81e0f236f844); Time taken: 0.007 seconds
2024-04-24T04:56:49,476  INFO [main] lockmgr.DbTxnManager: Setting lock request transaction to txnid:11 for queryId=alex_20240424045649_ef51c410-3e72-4053-b78d-81e0f236f844
2024-04-24T04:56:49,476  INFO [main] lockmgr.DbLockManager: Requesting lock for queryId=alex_20240424045649_ef51c410-3e72-4053-b78d-81e0f236f844
2024-04-24T04:56:49,489  INFO [main] lockmgr.DbLockManager: Response to queryId=alex_20240424045649_ef51c410-3e72-4053-b78d-81e0f236f844 LockResponse(lockid:5, state:ACQUIRED)
2024-04-24T04:56:49,489  INFO [main] ql.Driver: Operation CREATETABLE obtained 1 locks
2024-04-24T04:56:49,490  INFO [main] ql.Driver: Executing command(queryId=alex_20240424045649_ef51c410-3e72-4053-b78d-81e0f236f844): create temporary  table acidTbl2(a int, b int, c int) clustered by (c) into 2 buckets stored as orc TBLPROPERTIES ('transactional'='true')
2024-04-24T04:56:49,490  INFO [main] ql.Driver: Starting task [Stage-0:DDL] in serial mode
2024-04-24T04:56:49,491  INFO [main] utils.FileUtils: Creating directory if it doesn't exist: file:/home/alex/Repositories/hive/ql/target/tmp/scratchdir/alex/76f5c248-f88a-41bd-9470-170abb95aeb5/_tmp_space.db/8956265c-3045-4d83-bc27-0c3d750d4321
2024-04-24T04:56:49,494  INFO [main] metadata.Hive: Dumping metastore api call timing information for : execution phase
2024-04-24T04:56:49,494  INFO [main] metadata.Hive: Total time spent in each metastore function (ms): {isCompatibleWith_(Configuration)=0, createTable_(Table)=3}
2024-04-24T04:56:49,494  INFO [main] ql.Driver: Completed executing command(queryId=alex_20240424045649_ef51c410-3e72-4053-b78d-81e0f236f844); Time taken: 0.004 seconds
2024-04-24T04:56:49,494  INFO [main] lockmgr.DbTxnManager: Stopped heartbeat for query: alex_20240424045649_ef51c410-3e72-4053-b78d-81e0f236f844
2024-04-24T04:56:49,498  INFO [main] txn.TxnHandler: Expected to move at least one record from txn_components to completed_txn_components when committing txn! txnid:11
2024-04-24T04:56:49,503  INFO [main] txn.TxnHandler: Removed transactions: ([11]) from MIN_HISTORY_LEVEL
2024-04-24T04:56:49,504  WARN [main] txn.CompactionTxnHandler: No compaction queue record found for Compaction type transaction commit. txnId:11
2024-04-24T04:56:49,504  INFO [main] ql.TxnCommandsBaseForTests: Running the query: create table nonAcidNonBucket(a int, b int) stored as orc TBLPROPERTIES ('transactional'='false')
2024-04-24T04:56:49,504  INFO [main] ql.Driver: Compiling command(queryId=alex_20240424045649_0b95bb06-c864-4d3e-aeeb-5f2e6aafd109): create table nonAcidNonBucket(a int, b int) stored as orc TBLPROPERTIES ('transactional'='false')
2024-04-24T04:56:49,506  INFO [main] txn.TxnHandler: Added entries to MIN_HISTORY_LEVEL for current txns: ([12]) with min_open_txn: 1
2024-04-24T04:56:49,507  INFO [main] lockmgr.DbTxnManager: Opened txnid:12
2024-04-24T04:56:49,507  INFO [main] parse.CalcitePlanner: Starting caching scope for: 
2024-04-24T04:56:49,507  INFO [main] parse.CalcitePlanner: Starting Semantic Analysis
2024-04-24T04:56:49,510  INFO [main] parse.CalcitePlanner: Creating table default.nonAcidNonBucket position=13
2024-04-24T04:56:49,510  INFO [main] HiveMetaStore.audit: ugi=alex	ip=unknown-ip-addr	cmd=get_database: default	
2024-04-24T04:56:49,511  INFO [main] parse.CalcitePlanner: Ending caching scope for: 
2024-04-24T04:56:49,511  INFO [main] ql.Driver: Semantic Analysis Completed (retrial = false)
2024-04-24T04:56:49,511  INFO [main] ql.Driver: Created Hive schema: Schema(fieldSchemas:null, properties:null)
2024-04-24T04:56:49,511  INFO [main] metadata.Hive: Dumping metastore api call timing information for : compilation phase
2024-04-24T04:56:49,512  INFO [main] metadata.Hive: Total time spent in each metastore function (ms): {getValidWriteIds_(List, String)=2, commitTxn_(CommitTxnRequest)=10, getValidTxns_(long)=0, openTxn_(String, TxnType)=2, flushCache_()=0, getDatabase_(String)=1, isCompatibleWith_(Configuration)=0}
2024-04-24T04:56:49,512  INFO [main] ql.Driver: Completed compiling command(queryId=alex_20240424045649_0b95bb06-c864-4d3e-aeeb-5f2e6aafd109); Time taken: 0.007 seconds
2024-04-24T04:56:49,512  INFO [main] lockmgr.DbTxnManager: Setting lock request transaction to txnid:12 for queryId=alex_20240424045649_0b95bb06-c864-4d3e-aeeb-5f2e6aafd109
2024-04-24T04:56:49,512  INFO [main] lockmgr.DbLockManager: Requesting lock for queryId=alex_20240424045649_0b95bb06-c864-4d3e-aeeb-5f2e6aafd109
2024-04-24T04:56:49,526  INFO [main] lockmgr.DbLockManager: Response to queryId=alex_20240424045649_0b95bb06-c864-4d3e-aeeb-5f2e6aafd109 LockResponse(lockid:6, state:ACQUIRED)
2024-04-24T04:56:49,526  INFO [main] ql.Driver: Operation CREATETABLE obtained 1 locks
2024-04-24T04:56:49,526  INFO [main] ql.Driver: Executing command(queryId=alex_20240424045649_0b95bb06-c864-4d3e-aeeb-5f2e6aafd109): create table nonAcidNonBucket(a int, b int) stored as orc TBLPROPERTIES ('transactional'='false')
2024-04-24T04:56:49,526  INFO [main] ql.Driver: Starting task [Stage-0:DDL] in serial mode
2024-04-24T04:56:49,527  INFO [main] HiveMetaStore.audit: ugi=alex	ip=unknown-ip-addr	cmd=create_table_req: Table(tableName:nonAcidNonBucket, dbName:default, owner:alex, createTime:1713959809, lastAccessTime:0, retention:0, sd:StorageDescriptor(cols:[FieldSchema(name:a, type:int, comment:null), FieldSchema(name:b, type:int, comment:null)], location:null, inputFormat:org.apache.hadoop.hive.ql.io.orc.OrcInputFormat, outputFormat:org.apache.hadoop.hive.ql.io.orc.OrcOutputFormat, compressed:false, numBuckets:-1, serdeInfo:SerDeInfo(name:null, serializationLib:org.apache.hadoop.hive.ql.io.orc.OrcSerde, parameters:{serialization.format=1}), bucketCols:[], sortCols:[], parameters:{}, skewedInfo:SkewedInfo(skewedColNames:[], skewedColValues:[], skewedColValueLocationMaps:{}), storedAsSubDirectories:false), partitionKeys:[], parameters:{rawDataSize=0, transactional=false, numRows=0, totalSize=0, COLUMN_STATS_ACCURATE={"BASIC_STATS":"true","COLUMN_STATS":{"a":"true","b":"true"}}, numFilesErasureCoded=0, bucketing_version=2, numFiles=0}, viewOriginalText:null, viewExpandedText:null, tableType:MANAGED_TABLE, privileges:PrincipalPrivilegeSet(userPrivileges:{alex=[PrivilegeGrantInfo(privilege:INSERT, createTime:-1, grantor:alex, grantorType:USER, grantOption:true), PrivilegeGrantInfo(privilege:SELECT, createTime:-1, grantor:alex, grantorType:USER, grantOption:true), PrivilegeGrantInfo(privilege:UPDATE, createTime:-1, grantor:alex, grantorType:USER, grantOption:true), PrivilegeGrantInfo(privilege:DELETE, createTime:-1, grantor:alex, grantorType:USER, grantOption:true)]}, groupPrivileges:null, rolePrivileges:null), temporary:false, catName:hive, ownerType:USER)	
2024-04-24T04:56:49,532  INFO [main] utils.FileUtils: Creating directory if it doesn't exist: file:/home/alex/Repositories/hive/ql/target/tmp/org.apache.hadoop.hive.ql.TestTxnExIm-1713959704617/warehouse/nonacidnonbucket
2024-04-24T04:56:49,544  INFO [main] metadata.Hive: Dumping metastore api call timing information for : execution phase
2024-04-24T04:56:49,545  INFO [main] metadata.Hive: Total time spent in each metastore function (ms): {createTable_(Table)=18, isCompatibleWith_(Configuration)=0}
2024-04-24T04:56:49,545  INFO [main] ql.Driver: Completed executing command(queryId=alex_20240424045649_0b95bb06-c864-4d3e-aeeb-5f2e6aafd109); Time taken: 0.018 seconds
2024-04-24T04:56:49,545  INFO [main] lockmgr.DbTxnManager: Stopped heartbeat for query: alex_20240424045649_0b95bb06-c864-4d3e-aeeb-5f2e6aafd109
2024-04-24T04:56:49,549  INFO [main] txn.TxnHandler: Expected to move at least one record from txn_components to completed_txn_components when committing txn! txnid:12
2024-04-24T04:56:49,555  INFO [main] txn.TxnHandler: Removed transactions: ([12]) from MIN_HISTORY_LEVEL
2024-04-24T04:56:49,555  WARN [main] txn.CompactionTxnHandler: No compaction queue record found for Compaction type transaction commit. txnId:12
2024-04-24T04:56:49,555  INFO [main] ql.TxnCommandsBaseForTests: Running the query: drop table if exists T
2024-04-24T04:56:49,556  INFO [main] ql.Driver: Compiling command(queryId=alex_20240424045649_e97cc85a-e183-4852-93fc-b0e75cbf4ed4): drop table if exists T
2024-04-24T04:56:49,558  INFO [main] txn.TxnHandler: Added entries to MIN_HISTORY_LEVEL for current txns: ([13]) with min_open_txn: 1
2024-04-24T04:56:49,558  INFO [main] lockmgr.DbTxnManager: Opened txnid:13
2024-04-24T04:56:49,558  INFO [main] HiveMetaStore.audit: ugi=alex	ip=unknown-ip-addr	cmd=get_table : tbl=hive.default.T	
2024-04-24T04:56:49,576  INFO [main] metastore.HMSHandler: Skipping translation for processor with null
2024-04-24T04:56:49,576  INFO [main] ql.Driver: Semantic Analysis Completed (retrial = false)
2024-04-24T04:56:49,576  INFO [main] ql.Driver: Created Hive schema: Schema(fieldSchemas:null, properties:null)
2024-04-24T04:56:49,576  INFO [main] metadata.Hive: Dumping metastore api call timing information for : compilation phase
2024-04-24T04:56:49,576  INFO [main] metadata.Hive: Total time spent in each metastore function (ms): {getValidTxns_(long)=0, isCompatibleWith_(Configuration)=0, commitTxn_(CommitTxnRequest)=10, getTable_(GetTableRequest)=18, openTxn_(String, TxnType)=2, flushCache_()=0}
2024-04-24T04:56:49,576  INFO [main] ql.Driver: Completed compiling command(queryId=alex_20240424045649_e97cc85a-e183-4852-93fc-b0e75cbf4ed4); Time taken: 0.021 seconds
2024-04-24T04:56:49,576  INFO [main] lockmgr.DbTxnManager: Setting lock request transaction to txnid:13 for queryId=alex_20240424045649_e97cc85a-e183-4852-93fc-b0e75cbf4ed4
2024-04-24T04:56:49,577  INFO [main] lockmgr.DbLockManager: Requesting lock for queryId=alex_20240424045649_e97cc85a-e183-4852-93fc-b0e75cbf4ed4
2024-04-24T04:56:49,593  INFO [main] lockmgr.DbLockManager: Response to queryId=alex_20240424045649_e97cc85a-e183-4852-93fc-b0e75cbf4ed4 LockResponse(lockid:7, state:ACQUIRED)
2024-04-24T04:56:49,593  INFO [main] ql.Driver: Operation DROPTABLE obtained 1 locks
2024-04-24T04:56:49,593  INFO [main] ql.Driver: Executing command(queryId=alex_20240424045649_e97cc85a-e183-4852-93fc-b0e75cbf4ed4): drop table if exists T
2024-04-24T04:56:49,593  INFO [main] ql.Driver: Starting task [Stage-0:DDL] in serial mode
2024-04-24T04:56:49,594  INFO [main] HiveMetaStore.audit: ugi=alex	ip=unknown-ip-addr	cmd=get_table : tbl=hive.default.T	
2024-04-24T04:56:49,599  INFO [main] metastore.HMSHandler: Skipping translation for processor with null
2024-04-24T04:56:49,600  INFO [main] HiveMetaStore.audit: ugi=alex	ip=unknown-ip-addr	cmd=get_table : tbl=hive.default.T	
2024-04-24T04:56:49,605  INFO [main] metastore.HMSHandler: Skipping translation for processor with null
2024-04-24T04:56:49,606  INFO [main] HiveMetaStore.audit: ugi=alex	ip=unknown-ip-addr	cmd=drop_table : tbl=hive.default.T	
2024-04-24T04:56:49,740  WARN [main] utils.FileUtils: File file:/home/alex/Repositories/hive/ql/target/tmp/org.apache.hadoop.hive.ql.TestTxnExIm-1713959704617/warehouse/t does not exist; Force to delete it.
2024-04-24T04:56:49,740 ERROR [main] utils.FileUtils: Failed to delete file:/home/alex/Repositories/hive/ql/target/tmp/org.apache.hadoop.hive.ql.TestTxnExIm-1713959704617/warehouse/t
2024-04-24T04:56:49,740  INFO [main] metadata.Hive: Dumping metastore api call timing information for : execution phase
2024-04-24T04:56:49,740  INFO [main] metadata.Hive: Total time spent in each metastore function (ms): {isCompatibleWith_(Configuration)=1, getTable_(GetTableRequest)=5, dropTable_(String, String, boolean, boolean, boolean)=141}
2024-04-24T04:56:49,741  INFO [main] ql.Driver: Completed executing command(queryId=alex_20240424045649_e97cc85a-e183-4852-93fc-b0e75cbf4ed4); Time taken: 0.147 seconds
2024-04-24T04:56:49,741  INFO [main] lockmgr.DbTxnManager: Stopped heartbeat for query: alex_20240424045649_e97cc85a-e183-4852-93fc-b0e75cbf4ed4
2024-04-24T04:56:49,744  INFO [main] txn.TxnHandler: Expected to move at least one record from txn_components to completed_txn_components when committing txn! txnid:13
2024-04-24T04:56:49,750  INFO [main] txn.TxnHandler: Removed transactions: ([13]) from MIN_HISTORY_LEVEL
2024-04-24T04:56:49,751  WARN [main] txn.CompactionTxnHandler: No compaction queue record found for Compaction type transaction commit. txnId:13
2024-04-24T04:56:49,751  INFO [main] ql.TxnCommandsBaseForTests: Running the query: drop table if exists Tstage
2024-04-24T04:56:49,752  INFO [main] ql.Driver: Compiling command(queryId=alex_20240424045649_c540deba-3eef-4f49-95c4-027bbb85d827): drop table if exists Tstage
2024-04-24T04:56:49,761  INFO [main] txn.TxnHandler: Added entries to MIN_HISTORY_LEVEL for current txns: ([14]) with min_open_txn: 1
2024-04-24T04:56:49,761  INFO [main] lockmgr.DbTxnManager: Opened txnid:14
2024-04-24T04:56:49,763  INFO [main] HiveMetaStore.audit: ugi=alex	ip=unknown-ip-addr	cmd=get_table : tbl=hive.default.Tstage	
2024-04-24T04:56:49,782  INFO [main] metastore.HMSHandler: Skipping translation for processor with null
2024-04-24T04:56:49,782  INFO [main] ql.Driver: Semantic Analysis Completed (retrial = false)
2024-04-24T04:56:49,782  INFO [main] ql.Driver: Created Hive schema: Schema(fieldSchemas:null, properties:null)
2024-04-24T04:56:49,782  INFO [main] metadata.Hive: Dumping metastore api call timing information for : compilation phase
2024-04-24T04:56:49,783  INFO [main] metadata.Hive: Total time spent in each metastore function (ms): {flushCache_()=0, isCompatibleWith_(Configuration)=0, commitTxn_(CommitTxnRequest)=10, getTable_(GetTableRequest)=19, getValidTxns_(long)=2, openTxn_(String, TxnType)=9}
2024-04-24T04:56:49,783  INFO [main] ql.Driver: Completed compiling command(queryId=alex_20240424045649_c540deba-3eef-4f49-95c4-027bbb85d827); Time taken: 0.03 seconds
2024-04-24T04:56:49,783  INFO [main] lockmgr.DbTxnManager: Setting lock request transaction to txnid:14 for queryId=alex_20240424045649_c540deba-3eef-4f49-95c4-027bbb85d827
2024-04-24T04:56:49,783  INFO [main] lockmgr.DbLockManager: Requesting lock for queryId=alex_20240424045649_c540deba-3eef-4f49-95c4-027bbb85d827
2024-04-24T04:56:49,798  INFO [main] lockmgr.DbLockManager: Response to queryId=alex_20240424045649_c540deba-3eef-4f49-95c4-027bbb85d827 LockResponse(lockid:8, state:ACQUIRED)
2024-04-24T04:56:49,798  INFO [main] ql.Driver: Operation DROPTABLE obtained 1 locks
2024-04-24T04:56:49,798  INFO [main] ql.Driver: Executing command(queryId=alex_20240424045649_c540deba-3eef-4f49-95c4-027bbb85d827): drop table if exists Tstage
2024-04-24T04:56:49,798  INFO [main] ql.Driver: Starting task [Stage-0:DDL] in serial mode
2024-04-24T04:56:49,798  INFO [main] HiveMetaStore.audit: ugi=alex	ip=unknown-ip-addr	cmd=get_table : tbl=hive.default.Tstage	
2024-04-24T04:56:49,806  INFO [main] metastore.HMSHandler: Skipping translation for processor with null
2024-04-24T04:56:49,806  INFO [main] HiveMetaStore.audit: ugi=alex	ip=unknown-ip-addr	cmd=get_table : tbl=hive.default.Tstage	
2024-04-24T04:56:49,814  INFO [main] metastore.HMSHandler: Skipping translation for processor with null
2024-04-24T04:56:49,814  INFO [main] HiveMetaStore.audit: ugi=alex	ip=unknown-ip-addr	cmd=drop_table : tbl=hive.default.Tstage	
2024-04-24T04:56:49,868  WARN [main] utils.FileUtils: File file:/home/alex/Repositories/hive/ql/target/tmp/org.apache.hadoop.hive.ql.TestTxnExIm-1713959704617/warehouse/tstage does not exist; Force to delete it.
2024-04-24T04:56:49,868 ERROR [main] utils.FileUtils: Failed to delete file:/home/alex/Repositories/hive/ql/target/tmp/org.apache.hadoop.hive.ql.TestTxnExIm-1713959704617/warehouse/tstage
2024-04-24T04:56:49,868  INFO [main] metadata.Hive: Dumping metastore api call timing information for : execution phase
2024-04-24T04:56:49,868  INFO [main] metadata.Hive: Total time spent in each metastore function (ms): {getTable_(GetTableRequest)=8, isCompatibleWith_(Configuration)=0, dropTable_(String, String, boolean, boolean, boolean)=62}
2024-04-24T04:56:49,869  INFO [main] ql.Driver: Completed executing command(queryId=alex_20240424045649_c540deba-3eef-4f49-95c4-027bbb85d827); Time taken: 0.07 seconds
2024-04-24T04:56:49,869  INFO [main] lockmgr.DbTxnManager: Stopped heartbeat for query: alex_20240424045649_c540deba-3eef-4f49-95c4-027bbb85d827
2024-04-24T04:56:49,872  INFO [main] txn.TxnHandler: Expected to move at least one record from txn_components to completed_txn_components when committing txn! txnid:14
2024-04-24T04:56:49,878  INFO [main] txn.TxnHandler: Removed transactions: ([14]) from MIN_HISTORY_LEVEL
2024-04-24T04:56:49,878  WARN [main] txn.CompactionTxnHandler: No compaction queue record found for Compaction type transaction commit. txnId:14
2024-04-24T04:56:49,879  INFO [main] ql.TxnCommandsBaseForTests: Running the query: create table T (a int, b int) stored as orc
2024-04-24T04:56:49,879  INFO [main] ql.Driver: Compiling command(queryId=alex_20240424045649_7519f200-80e2-4129-bafb-7054b12816b6): create table T (a int, b int) stored as orc
2024-04-24T04:56:49,881  INFO [main] txn.TxnHandler: Added entries to MIN_HISTORY_LEVEL for current txns: ([15]) with min_open_txn: 1
2024-04-24T04:56:49,881  INFO [main] lockmgr.DbTxnManager: Opened txnid:15
2024-04-24T04:56:49,881  INFO [main] parse.CalcitePlanner: Starting caching scope for: 
2024-04-24T04:56:49,882  INFO [main] parse.CalcitePlanner: Starting Semantic Analysis
2024-04-24T04:56:49,886  INFO [main] parse.CalcitePlanner: Creating table default.T position=13
2024-04-24T04:56:49,886  INFO [main] parse.CalcitePlanner: Automatically chose to make default.T acid.
2024-04-24T04:56:49,887  INFO [main] HiveMetaStore.audit: ugi=alex	ip=unknown-ip-addr	cmd=get_database: default	
2024-04-24T04:56:49,888  INFO [main] parse.CalcitePlanner: Ending caching scope for: 
2024-04-24T04:56:49,888  INFO [main] ql.Driver: Semantic Analysis Completed (retrial = false)
2024-04-24T04:56:49,888  INFO [main] ql.Driver: Created Hive schema: Schema(fieldSchemas:null, properties:null)
2024-04-24T04:56:49,888  INFO [main] metadata.Hive: Dumping metastore api call timing information for : compilation phase
2024-04-24T04:56:49,888  INFO [main] metadata.Hive: Total time spent in each metastore function (ms): {getValidWriteIds_(List, String)=4, openTxn_(String, TxnType)=2, getValidTxns_(long)=0, isCompatibleWith_(Configuration)=0, getDatabase_(String)=2, commitTxn_(CommitTxnRequest)=9, flushCache_()=0}
2024-04-24T04:56:49,888  INFO [main] ql.Driver: Completed compiling command(queryId=alex_20240424045649_7519f200-80e2-4129-bafb-7054b12816b6); Time taken: 0.009 seconds
2024-04-24T04:56:49,889  INFO [main] lockmgr.DbTxnManager: Setting lock request transaction to txnid:15 for queryId=alex_20240424045649_7519f200-80e2-4129-bafb-7054b12816b6
2024-04-24T04:56:49,889  INFO [main] lockmgr.DbLockManager: Requesting lock for queryId=alex_20240424045649_7519f200-80e2-4129-bafb-7054b12816b6
2024-04-24T04:56:49,902  INFO [main] lockmgr.DbLockManager: Response to queryId=alex_20240424045649_7519f200-80e2-4129-bafb-7054b12816b6 LockResponse(lockid:9, state:ACQUIRED)
2024-04-24T04:56:49,902  INFO [main] ql.Driver: Operation CREATETABLE obtained 1 locks
2024-04-24T04:56:49,902  INFO [main] ql.Driver: Executing command(queryId=alex_20240424045649_7519f200-80e2-4129-bafb-7054b12816b6): create table T (a int, b int) stored as orc
2024-04-24T04:56:49,903  INFO [main] ql.Driver: Starting task [Stage-0:DDL] in serial mode
2024-04-24T04:56:49,903  INFO [main] HiveMetaStore.audit: ugi=alex	ip=unknown-ip-addr	cmd=create_table_req: Table(tableName:T, dbName:default, owner:alex, createTime:1713959809, lastAccessTime:0, retention:0, sd:StorageDescriptor(cols:[FieldSchema(name:a, type:int, comment:null), FieldSchema(name:b, type:int, comment:null)], location:null, inputFormat:org.apache.hadoop.hive.ql.io.orc.OrcInputFormat, outputFormat:org.apache.hadoop.hive.ql.io.orc.OrcOutputFormat, compressed:false, numBuckets:-1, serdeInfo:SerDeInfo(name:null, serializationLib:org.apache.hadoop.hive.ql.io.orc.OrcSerde, parameters:{serialization.format=1}), bucketCols:[], sortCols:[], parameters:{}, skewedInfo:SkewedInfo(skewedColNames:[], skewedColValues:[], skewedColValueLocationMaps:{}), storedAsSubDirectories:false), partitionKeys:[], parameters:{numFiles=0, numRows=0, rawDataSize=0, transactional_properties=default, transactional=true, numFilesErasureCoded=0, totalSize=0, bucketing_version=2, COLUMN_STATS_ACCURATE={"BASIC_STATS":"true","COLUMN_STATS":{"a":"true","b":"true"}}}, viewOriginalText:null, viewExpandedText:null, tableType:MANAGED_TABLE, privileges:PrincipalPrivilegeSet(userPrivileges:{alex=[PrivilegeGrantInfo(privilege:INSERT, createTime:-1, grantor:alex, grantorType:USER, grantOption:true), PrivilegeGrantInfo(privilege:SELECT, createTime:-1, grantor:alex, grantorType:USER, grantOption:true), PrivilegeGrantInfo(privilege:UPDATE, createTime:-1, grantor:alex, grantorType:USER, grantOption:true), PrivilegeGrantInfo(privilege:DELETE, createTime:-1, grantor:alex, grantorType:USER, grantOption:true)]}, groupPrivileges:null, rolePrivileges:null), temporary:false, catName:hive, ownerType:USER, writeId:0)	
2024-04-24T04:56:49,909  INFO [main] utils.FileUtils: Creating directory if it doesn't exist: file:/home/alex/Repositories/hive/ql/target/tmp/org.apache.hadoop.hive.ql.TestTxnExIm-1713959704617/warehouse/t
2024-04-24T04:56:49,938  INFO [main] metadata.Hive: Dumping metastore api call timing information for : execution phase
2024-04-24T04:56:49,938  INFO [main] metadata.Hive: Total time spent in each metastore function (ms): {createTable_(Table)=35, isCompatibleWith_(Configuration)=0}
2024-04-24T04:56:49,939  INFO [main] ql.Driver: Completed executing command(queryId=alex_20240424045649_7519f200-80e2-4129-bafb-7054b12816b6); Time taken: 0.036 seconds
2024-04-24T04:56:49,939  INFO [main] lockmgr.DbTxnManager: Stopped heartbeat for query: alex_20240424045649_7519f200-80e2-4129-bafb-7054b12816b6
2024-04-24T04:56:49,942  INFO [main] txn.TxnHandler: Expected to move at least one record from txn_components to completed_txn_components when committing txn! txnid:15
2024-04-24T04:56:49,948  INFO [main] txn.TxnHandler: Removed transactions: ([15]) from MIN_HISTORY_LEVEL
2024-04-24T04:56:49,948  WARN [main] txn.CompactionTxnHandler: No compaction queue record found for Compaction type transaction commit. txnId:15
2024-04-24T04:56:49,948  INFO [main] ql.TxnCommandsBaseForTests: Running the query: create table Tstage (a int, b int) stored as orc tblproperties('transactional'='true')
2024-04-24T04:56:49,949  INFO [main] ql.Driver: Compiling command(queryId=alex_20240424045649_d4ce6ee9-23ff-4ee9-ac36-5f12a976aa43): create table Tstage (a int, b int) stored as orc tblproperties('transactional'='true')
2024-04-24T04:56:49,951  INFO [main] txn.TxnHandler: Added entries to MIN_HISTORY_LEVEL for current txns: ([16]) with min_open_txn: 1
2024-04-24T04:56:49,952  INFO [main] lockmgr.DbTxnManager: Opened txnid:16
2024-04-24T04:56:49,952  INFO [main] parse.CalcitePlanner: Starting caching scope for: 
2024-04-24T04:56:49,952  INFO [main] parse.CalcitePlanner: Starting Semantic Analysis
2024-04-24T04:56:49,955  INFO [main] parse.CalcitePlanner: Creating table default.Tstage position=13
2024-04-24T04:56:49,955  INFO [main] HiveMetaStore.audit: ugi=alex	ip=unknown-ip-addr	cmd=get_database: default	
2024-04-24T04:56:49,956  INFO [main] parse.CalcitePlanner: Ending caching scope for: 
2024-04-24T04:56:49,956  INFO [main] ql.Driver: Semantic Analysis Completed (retrial = false)
2024-04-24T04:56:49,957  INFO [main] ql.Driver: Created Hive schema: Schema(fieldSchemas:null, properties:null)
2024-04-24T04:56:49,957  INFO [main] metadata.Hive: Dumping metastore api call timing information for : compilation phase
2024-04-24T04:56:49,957  INFO [main] metadata.Hive: Total time spent in each metastore function (ms): {getValidTxns_(long)=0, openTxn_(String, TxnType)=3, commitTxn_(CommitTxnRequest)=9, isCompatibleWith_(Configuration)=0, flushCache_()=0, getValidWriteIds_(List, String)=3, getDatabase_(String)=1}
2024-04-24T04:56:49,957  INFO [main] ql.Driver: Completed compiling command(queryId=alex_20240424045649_d4ce6ee9-23ff-4ee9-ac36-5f12a976aa43); Time taken: 0.008 seconds
2024-04-24T04:56:49,957  INFO [main] lockmgr.DbTxnManager: Setting lock request transaction to txnid:16 for queryId=alex_20240424045649_d4ce6ee9-23ff-4ee9-ac36-5f12a976aa43
2024-04-24T04:56:49,957  INFO [main] lockmgr.DbLockManager: Requesting lock for queryId=alex_20240424045649_d4ce6ee9-23ff-4ee9-ac36-5f12a976aa43
2024-04-24T04:56:49,972  INFO [main] lockmgr.DbLockManager: Response to queryId=alex_20240424045649_d4ce6ee9-23ff-4ee9-ac36-5f12a976aa43 LockResponse(lockid:10, state:ACQUIRED)
2024-04-24T04:56:49,972  INFO [main] ql.Driver: Operation CREATETABLE obtained 1 locks
2024-04-24T04:56:49,973  INFO [main] ql.Driver: Executing command(queryId=alex_20240424045649_d4ce6ee9-23ff-4ee9-ac36-5f12a976aa43): create table Tstage (a int, b int) stored as orc tblproperties('transactional'='true')
2024-04-24T04:56:49,973  INFO [main] ql.Driver: Starting task [Stage-0:DDL] in serial mode
2024-04-24T04:56:49,974  INFO [main] HiveMetaStore.audit: ugi=alex	ip=unknown-ip-addr	cmd=create_table_req: Table(tableName:Tstage, dbName:default, owner:alex, createTime:1713959809, lastAccessTime:0, retention:0, sd:StorageDescriptor(cols:[FieldSchema(name:a, type:int, comment:null), FieldSchema(name:b, type:int, comment:null)], location:null, inputFormat:org.apache.hadoop.hive.ql.io.orc.OrcInputFormat, outputFormat:org.apache.hadoop.hive.ql.io.orc.OrcOutputFormat, compressed:false, numBuckets:-1, serdeInfo:SerDeInfo(name:null, serializationLib:org.apache.hadoop.hive.ql.io.orc.OrcSerde, parameters:{serialization.format=1}), bucketCols:[], sortCols:[], parameters:{}, skewedInfo:SkewedInfo(skewedColNames:[], skewedColValues:[], skewedColValueLocationMaps:{}), storedAsSubDirectories:false), partitionKeys:[], parameters:{numFiles=0, bucketing_version=2, numFilesErasureCoded=0, rawDataSize=0, transactional=true, COLUMN_STATS_ACCURATE={"BASIC_STATS":"true","COLUMN_STATS":{"a":"true","b":"true"}}, numRows=0, totalSize=0}, viewOriginalText:null, viewExpandedText:null, tableType:MANAGED_TABLE, privileges:PrincipalPrivilegeSet(userPrivileges:{alex=[PrivilegeGrantInfo(privilege:INSERT, createTime:-1, grantor:alex, grantorType:USER, grantOption:true), PrivilegeGrantInfo(privilege:SELECT, createTime:-1, grantor:alex, grantorType:USER, grantOption:true), PrivilegeGrantInfo(privilege:UPDATE, createTime:-1, grantor:alex, grantorType:USER, grantOption:true), PrivilegeGrantInfo(privilege:DELETE, createTime:-1, grantor:alex, grantorType:USER, grantOption:true)]}, groupPrivileges:null, rolePrivileges:null), temporary:false, catName:hive, ownerType:USER, writeId:0)	
2024-04-24T04:56:49,979  INFO [main] utils.FileUtils: Creating directory if it doesn't exist: file:/home/alex/Repositories/hive/ql/target/tmp/org.apache.hadoop.hive.ql.TestTxnExIm-1713959704617/warehouse/tstage
2024-04-24T04:56:49,993  INFO [main] metadata.Hive: Dumping metastore api call timing information for : execution phase
2024-04-24T04:56:49,993  INFO [main] metadata.Hive: Total time spent in each metastore function (ms): {isCompatibleWith_(Configuration)=0, createTable_(Table)=19}
2024-04-24T04:56:49,994  INFO [main] ql.Driver: Completed executing command(queryId=alex_20240424045649_d4ce6ee9-23ff-4ee9-ac36-5f12a976aa43); Time taken: 0.02 seconds
2024-04-24T04:56:49,994  INFO [main] lockmgr.DbTxnManager: Stopped heartbeat for query: alex_20240424045649_d4ce6ee9-23ff-4ee9-ac36-5f12a976aa43
2024-04-24T04:56:49,997  INFO [main] txn.TxnHandler: Expected to move at least one record from txn_components to completed_txn_components when committing txn! txnid:16
2024-04-24T04:56:50,003  INFO [main] txn.TxnHandler: Removed transactions: ([16]) from MIN_HISTORY_LEVEL
2024-04-24T04:56:50,003  WARN [main] txn.CompactionTxnHandler: No compaction queue record found for Compaction type transaction commit. txnId:16
2024-04-24T04:56:50,004  INFO [main] ql.TxnCommandsBaseForTests: Running the query: insert into Tstage values(1,2),(3,4),(5,6)
2024-04-24T04:56:50,004  INFO [main] ql.Driver: Compiling command(queryId=alex_20240424045650_37a36555-bfb5-44bd-aa54-0af6bdd6312e): insert into Tstage values(1,2),(3,4),(5,6)
2024-04-24T04:56:50,006  INFO [main] txn.TxnHandler: Added entries to MIN_HISTORY_LEVEL for current txns: ([17]) with min_open_txn: 1
2024-04-24T04:56:50,007  INFO [main] lockmgr.DbTxnManager: Opened txnid:17
2024-04-24T04:56:50,007  INFO [main] parse.CalcitePlanner: Starting caching scope for: 
2024-04-24T04:56:50,007  INFO [main] parse.CalcitePlanner: Starting Semantic Analysis
2024-04-24T04:56:50,010  INFO [main] HiveMetaStore.audit: ugi=alex	ip=unknown-ip-addr	cmd=get_table : tbl=hive.default.Tstage	
2024-04-24T04:56:50,025  INFO [main] metastore.HMSHandler: Skipping translation for processor with null
2024-04-24T04:56:50,025  INFO [main] parse.CalcitePlanner: Completed phase 1 of Semantic Analysis
2024-04-24T04:56:50,025  INFO [main] parse.CalcitePlanner: Get metadata for source tables
2024-04-24T04:56:50,025  INFO [main] parse.CalcitePlanner: Get metadata for subqueries
2024-04-24T04:56:50,025  INFO [main] parse.CalcitePlanner: Get metadata for destination tables
2024-04-24T04:56:50,025  INFO [main] HiveMetaStore.audit: ugi=alex	ip=unknown-ip-addr	cmd=get_table : tbl=hive.default.Tstage	
2024-04-24T04:56:50,031  INFO [main] metastore.HMSHandler: Skipping translation for processor with null
2024-04-24T04:56:50,031  INFO [main] parse.CalcitePlanner: Completed getting MetaData in Semantic Analysis
2024-04-24T04:56:50,031  INFO [main] parse.CalcitePlanner: Disabling LLAP IO encode as ETL query is detected
2024-04-24T04:56:50,050  INFO [main] HiveMetaStore.audit: ugi=alex	ip=unknown-ip-addr	cmd=get_all_table_constraints : tbl=hive._dummy_database._dummy_table	
2024-04-24T04:56:50,119  INFO [main] parse.CalcitePlanner: Get metadata for source tables
2024-04-24T04:56:50,119  INFO [main] parse.CalcitePlanner: Get metadata for subqueries
2024-04-24T04:56:50,119  INFO [main] parse.CalcitePlanner: Get metadata for source tables
2024-04-24T04:56:50,119  INFO [main] HiveMetaStore.audit: ugi=alex	ip=unknown-ip-addr	cmd=get_table : tbl=hive._dummy_database._dummy_table	
2024-04-24T04:56:50,121  INFO [main] parse.CalcitePlanner: Get metadata for subqueries
2024-04-24T04:56:50,121  INFO [main] parse.CalcitePlanner: Get metadata for destination tables
2024-04-24T04:56:50,121  INFO [main] parse.CalcitePlanner: Get metadata for destination tables
2024-04-24T04:56:50,121  INFO [main] HiveMetaStore.audit: ugi=alex	ip=unknown-ip-addr	cmd=get_table : tbl=hive.default.Tstage	
2024-04-24T04:56:50,128  INFO [main] metastore.HMSHandler: Skipping translation for processor with null
2024-04-24T04:56:50,130  INFO [main] HiveMetaStore.audit: ugi=alex	ip=unknown-ip-addr	cmd=get_not_null_constraints : tbl=hive.default.tstage	
2024-04-24T04:56:50,131  INFO [main] HiveMetaStore.audit: ugi=alex	ip=unknown-ip-addr	cmd=get_check_constraints : tbl=hive.default.tstage	
2024-04-24T04:56:50,140  INFO [main] txn.TxnHandler: Allocated writeId: 1 for txnId: 17
2024-04-24T04:56:50,140  INFO [main] txn.TxnHandler: Allocated write ids for dbName=default, tblName=tstage (txnIds: [17])
2024-04-24T04:56:50,141  INFO [main] parse.CalcitePlanner: CBO Succeeded; optimized logical plan.
2024-04-24T04:56:50,143  INFO [main] optimizer.BucketVersionPopulator: not considering bucketingVersion for: TS[0] because it has -1<2 buckets 
2024-04-24T04:56:50,144  INFO [main] optimizer.SortedDynPartitionOptimizer: Sorted dynamic partitioning optimization kicked in..
2024-04-24T04:56:50,151  INFO [main] HiveMetaStore.audit: ugi=alex	ip=unknown-ip-addr	cmd=get_table : tbl=hive.default.tstage	
2024-04-24T04:56:50,157  INFO [main] metastore.HMSHandler: Skipping translation for processor with null
2024-04-24T04:56:50,158  INFO [main] physical.Vectorizer: Examining input format to see if vectorization is enabled.
2024-04-24T04:56:50,159  INFO [main] physical.Vectorizer: Map vectorization enabled: false
2024-04-24T04:56:50,159  INFO [main] physical.Vectorizer: Map vectorized: false
2024-04-24T04:56:50,159  INFO [main] physical.Vectorizer: Map vectorizedVertexNum: 0
2024-04-24T04:56:50,159  INFO [main] physical.Vectorizer: Map enabledConditionsMet: [hive.vectorized.use.vectorized.input.format IS true]
2024-04-24T04:56:50,159  INFO [main] physical.Vectorizer: Map enabledConditionsNotMet: [Could not enable vectorization due to partition column names size 1 is greater than the number of table column names size 0 IS false]
2024-04-24T04:56:50,159  INFO [main] physical.Vectorizer: Map inputFileFormatClassNameSet: [org.apache.hadoop.hive.ql.io.NullRowsInputFormat]
2024-04-24T04:56:50,159  INFO [main] parse.CalcitePlanner: Completed plan generation
2024-04-24T04:56:50,159  INFO [main] parse.CalcitePlanner: Ending caching scope for: 
2024-04-24T04:56:50,159  INFO [main] ql.Driver: Semantic Analysis Completed (retrial = false)
2024-04-24T04:56:50,159  INFO [main] ql.Driver: Created Hive schema: Schema(fieldSchemas:[FieldSchema(name:col1, type:int, comment:null), FieldSchema(name:col2, type:int, comment:null)], properties:null)
2024-04-24T04:56:50,159  INFO [main] metadata.Hive: Dumping metastore api call timing information for : compilation phase
2024-04-24T04:56:50,159  INFO [main] metadata.Hive: Total time spent in each metastore function (ms): {isCompatibleWith_(Configuration)=0, getValidWriteIds_(List, String)=3, commitTxn_(CommitTxnRequest)=9, getNotNullConstraints_(NotNullConstraintsRequest)=2, getCheckConstraints_(CheckConstraintsRequest)=1, openTxn_(String, TxnType)=2, getTable_(GetTableRequest)=34, getValidTxns_(long)=0, flushCache_()=0, getAllTableConstraints_(AllTableConstraintsRequest)=26, allocateTableWriteId_(long, String, String)=9}
2024-04-24T04:56:50,160  INFO [main] ql.Driver: Completed compiling command(queryId=alex_20240424045650_37a36555-bfb5-44bd-aa54-0af6bdd6312e); Time taken: 0.155 seconds
2024-04-24T04:56:50,160  INFO [main] lockmgr.DbTxnManager: Setting lock request transaction to txnid:17 for queryId=alex_20240424045650_37a36555-bfb5-44bd-aa54-0af6bdd6312e
2024-04-24T04:56:50,160  INFO [main] lockmgr.DbLockManager: Requesting lock for queryId=alex_20240424045650_37a36555-bfb5-44bd-aa54-0af6bdd6312e
2024-04-24T04:56:50,175  INFO [main] lockmgr.DbLockManager: Response to queryId=alex_20240424045650_37a36555-bfb5-44bd-aa54-0af6bdd6312e LockResponse(lockid:11, state:ACQUIRED)
2024-04-24T04:56:50,175  INFO [main] ql.Driver: Operation QUERY obtained 1 locks
2024-04-24T04:56:50,178  INFO [main] ql.Driver: Executing command(queryId=alex_20240424045650_37a36555-bfb5-44bd-aa54-0af6bdd6312e): insert into Tstage values(1,2),(3,4),(5,6)
2024-04-24T04:56:50,178  WARN [main] ql.Driver: Hive-on-MR is deprecated in Hive 2 and may not be available in the future versions. Consider using a different execution engine (i.e. spark, tez) or using Hive 1.X releases.
Query ID = alex_20240424045650_37a36555-bfb5-44bd-aa54-0af6bdd6312e
2024-04-24T04:56:50,178  INFO [main] ql.Driver: Query ID = alex_20240424045650_37a36555-bfb5-44bd-aa54-0af6bdd6312e
Total jobs = 1
2024-04-24T04:56:50,178  INFO [main] ql.Driver: Total jobs = 1
Launching Job 1 out of 1
2024-04-24T04:56:50,178  INFO [main] ql.Driver: Launching Job 1 out of 1
2024-04-24T04:56:50,301  INFO [main] ql.Driver: Starting task [Stage-1:MAPRED] in serial mode
Number of reduce tasks is set to 0 since there's no reduce operator
2024-04-24T04:56:50,301  INFO [main] exec.Task: Number of reduce tasks is set to 0 since there's no reduce operator
2024-04-24T04:56:50,304  INFO [main] mr.ExecDriver: Using org.apache.hadoop.hive.ql.io.HiveInputFormat
2024-04-24T04:56:50,304  INFO [main] exec.Utilities: Processing alias $hdt$_0:_dummy_table
2024-04-24T04:56:50,304  INFO [main] exec.Utilities: Adding 1 inputs; the first input is file:/home/alex/Repositories/hive/ql/target/tmp/localscratchdir/76f5c248-f88a-41bd-9470-170abb95aeb5/hive_2024-04-24_04-56-50_004_1681700096539657681-1/dummy_path
2024-04-24T04:56:50,312  INFO [main] exec.SerializationUtilities: Serializing MapWork using kryo
2024-04-24T04:56:50,313  INFO [main] exec.Utilities: Serialized plan (via FILE) - name: null size: 5,72KB
2024-04-24T04:56:50,314  WARN [main] impl.MetricsSystemImpl: JobTracker metrics system already initialized!
2024-04-24T04:56:50,317  INFO [main] fs.FSStatsPublisher: created : file:/home/alex/Repositories/hive/ql/target/tmp/localscratchdir/76f5c248-f88a-41bd-9470-170abb95aeb5/hive_2024-04-24_04-56-50_004_1681700096539657681-1/-mr-10000
2024-04-24T04:56:50,319  WARN [main] impl.MetricsSystemImpl: JobTracker metrics system already initialized!
2024-04-24T04:56:50,326  WARN [main] mapreduce.JobResourceUploader: Hadoop command-line option parsing not performed. Implement the Tool interface and execute your application with ToolRunner to remedy this.
2024-04-24T04:56:50,331  WARN [main] mapreduce.JobResourceUploader: No job jar file set.  User classes may not be found. See Job or Job#setJar(String).
2024-04-24T04:56:50,332  INFO [main] io.HiveInputFormat: hive.io.file.readcolumn.ids = 
2024-04-24T04:56:50,332  INFO [main] io.HiveInputFormat: hive.io.file.readcolumn.names = 
2024-04-24T04:56:50,332  INFO [main] io.HiveInputFormat: Generating splits for dirs: file:/home/alex/Repositories/hive/ql/target/tmp/localscratchdir/76f5c248-f88a-41bd-9470-170abb95aeb5/hive_2024-04-24_04-56-50_004_1681700096539657681-1/dummy_path
2024-04-24T04:56:50,332  INFO [main] io.HiveInputFormat: number of splits 1
2024-04-24T04:56:50,351  INFO [main] mapreduce.JobSubmitter: number of splits:1
2024-04-24T04:56:50,369  INFO [main] mapreduce.JobSubmitter: Submitting tokens for job: job_local762999835_0044
2024-04-24T04:56:50,369  INFO [main] mapreduce.JobSubmitter: Executing with tokens: []
2024-04-24T04:56:50,430  INFO [main] mapreduce.Job: The url to track the job: http://localhost:8080/
Job running in-process (local Hadoop)
2024-04-24T04:56:50,430  INFO [main] exec.Task: Job running in-process (local Hadoop)
2024-04-24T04:56:50,430  INFO [Thread-3214] mapred.LocalJobRunner: OutputCommitter set in config org.apache.hadoop.hive.ql.io.HiveFileFormatUtils$NullOutputCommitter
2024-04-24T04:56:50,431  INFO [Thread-3214] mapred.LocalJobRunner: OutputCommitter is org.apache.hadoop.hive.ql.io.HiveFileFormatUtils$NullOutputCommitter
2024-04-24T04:56:50,432  INFO [Thread-3214] mapred.LocalJobRunner: Waiting for map tasks
2024-04-24T04:56:50,432  INFO [LocalJobRunner Map Task Executor #0] mapred.LocalJobRunner: Starting task: attempt_local762999835_0044_m_000000_0
2024-04-24T04:56:50,436  INFO [LocalJobRunner Map Task Executor #0] mapred.Task:  Using ResourceCalculatorProcessTree : [ ]
2024-04-24T04:56:50,436  INFO [LocalJobRunner Map Task Executor #0] mapred.MapTask: Processing split: org.apache.hadoop.hive.ql.io.NullRowsInputFormat:file:/home/alex/Repositories/hive/ql/target/tmp/localscratchdir/76f5c248-f88a-41bd-9470-170abb95aeb5/hive_2024-04-24_04-56-50_004_1681700096539657681-1/dummy_path/null:0+1
2024-04-24T04:56:50,439  INFO [LocalJobRunner Map Task Executor #0] exec.SerializationUtilities: Deserializing MapWork using kryo
2024-04-24T04:56:50,439  INFO [LocalJobRunner Map Task Executor #0] exec.Utilities: Deserialized plan (via FILE) - name: null size: 5,72KB
2024-04-24T04:56:50,440  INFO [LocalJobRunner Map Task Executor #0] mapred.MapTask: numReduceTasks: 0
2024-04-24T04:56:50,441  INFO [LocalJobRunner Map Task Executor #0] exec.MapOperator: Initializing Operator: MAP[0]
2024-04-24T04:56:50,442  INFO [LocalJobRunner Map Task Executor #0] mr.ExecMapper: 
<MAP>Id =0
  <Children>null
  <\Children>
  <Parent><\Parent>
<\MAP>
2024-04-24T04:56:50,442  INFO [LocalJobRunner Map Task Executor #0] exec.TableScanOperator: Initializing Operator: TS[0]
2024-04-24T04:56:50,442  INFO [LocalJobRunner Map Task Executor #0] exec.SelectOperator: Initializing Operator: SEL[1]
2024-04-24T04:56:50,443  INFO [LocalJobRunner Map Task Executor #0] exec.SelectOperator: SELECT null
2024-04-24T04:56:50,443  INFO [LocalJobRunner Map Task Executor #0] exec.UDTFOperator: Initializing Operator: UDTF[2]
2024-04-24T04:56:50,443  INFO [LocalJobRunner Map Task Executor #0] exec.SelectOperator: Initializing Operator: SEL[3]
2024-04-24T04:56:50,443  INFO [LocalJobRunner Map Task Executor #0] exec.SelectOperator: SELECT struct<col1:int,col2:int>
2024-04-24T04:56:50,443  INFO [LocalJobRunner Map Task Executor #0] exec.FileSinkOperator: Initializing Operator: FS[4]
2024-04-24T04:56:50,443  INFO [LocalJobRunner Map Task Executor #0] exec.FileSinkOperator: Using serializer : AbstractSerDe [log=org.apache.logging.slf4j.Log4jLogger@167b171d, configuration=Optional[Configuration: core-default.xml, core-site.xml, mapred-default.xml, mapred-site.xml, yarn-default.xml, yarn-site.xml, hdfs-default.xml, hdfs-site.xml, file:/home/alex/Repositories/hive/ql/target/tmp/TestTxnExIm/mapred/local/localRunner/alex/job_local762999835_0044/job_local762999835_0044.xml], properties={transactional_properties=default, name=default.tstage, transactional=true, columns.types=int:int, columns=a,b, numFilesErasureCoded=0, columns.comments=&amp#0;, bucketing_version=2, serialization.lib=org.apache.hadoop.hive.ql.io.orc.OrcSerde, file.inputformat=org.apache.hadoop.hive.ql.io.orc.OrcInputFormat, file.outputformat=org.apache.hadoop.hive.ql.io.orc.OrcOutputFormat, location=file:/home/alex/Repositories/hive/ql/target/tmp/org.apache.hadoop.hive.ql.TestTxnExIm-1713959704617/warehouse/tstage, column.name.delimiter=,}, tableProperties={transactional_properties=default, name=default.tstage, transactional=true, columns.types=int:int, columns=a,b, numFilesErasureCoded=0, columns.comments=&amp#0;, bucketing_version=2, serialization.lib=org.apache.hadoop.hive.ql.io.orc.OrcSerde, file.inputformat=org.apache.hadoop.hive.ql.io.orc.OrcInputFormat, location=file:/home/alex/Repositories/hive/ql/target/tmp/org.apache.hadoop.hive.ql.TestTxnExIm-1713959704617/warehouse/tstage, file.outputformat=org.apache.hadoop.hive.ql.io.orc.OrcOutputFormat, column.name.delimiter=,}, partitionProperties=Optional.empty, columnNames=[a, b], columnTypes=[int, int], getClass()=class org.apache.hadoop.hive.ql.io.orc.OrcSerde] and formatter : org.apache.hadoop.hive.ql.io.orc.OrcOutputFormat@36fdf88d
2024-04-24T04:56:50,444  INFO [LocalJobRunner Map Task Executor #0] exec.FileSinkOperator: Final Path: FS file:/home/alex/Repositories/hive/ql/target/tmp/org.apache.hadoop.hive.ql.TestTxnExIm-1713959704617/warehouse/tstage
2024-04-24T04:56:50,444  INFO [LocalJobRunner Map Task Executor #0] exec.FileSinkOperator: New Final Path: FS file:/home/alex/Repositories/hive/ql/target/tmp/org.apache.hadoop.hive.ql.TestTxnExIm-1713959704617/warehouse/tstage
2024-04-24T04:56:50,444  INFO [LocalJobRunner Map Task Executor #0] common.FileUtils: Creating directory if it doesn't exist: file:/home/alex/Repositories/hive/ql/target/tmp/org.apache.hadoop.hive.ql.TestTxnExIm-1713959704617/warehouse
2024-04-24T04:56:50,446  INFO [LocalJobRunner Map Task Executor #0] exec.FileSinkOperator: FS[4]: records written - 1
2024-04-24T04:56:50,446  INFO [LocalJobRunner Map Task Executor #0] impl.PhysicalFsWriter: ORC writer created for path: file:/home/alex/Repositories/hive/ql/target/tmp/org.apache.hadoop.hive.ql.TestTxnExIm-1713959704617/warehouse/tstage/delta_0000001_0000001_0000/bucket_00000_0 with stripeSize: 8388608 blockSize: 268435456 compression: Compress: ZLIB buffer: 32768
2024-04-24T04:56:50,453  INFO [LocalJobRunner Map Task Executor #0] impl.WriterImpl: ORC writer created for path: file:/home/alex/Repositories/hive/ql/target/tmp/org.apache.hadoop.hive.ql.TestTxnExIm-1713959704617/warehouse/tstage/delta_0000001_0000001_0000/bucket_00000_0 with stripeSize: 8388608 options: Compress: ZLIB buffer: 32768
2024-04-24T04:56:50,457  INFO [LocalJobRunner Map Task Executor #0] exec.MapOperator: MAP[0]: records read - 1
2024-04-24T04:56:50,457  INFO [LocalJobRunner Map Task Executor #0] exec.MapOperator: Closing Operator: MAP[0]
2024-04-24T04:56:50,457  INFO [LocalJobRunner Map Task Executor #0] exec.MapOperator: MAP[0]: Total records read - 3. abort - false
2024-04-24T04:56:50,457  INFO [LocalJobRunner Map Task Executor #0] exec.MapOperator: RECORDS_OUT_OPERATOR_MAP_0:0, RECORDS_IN:3, RECORDS_OUT_INTERMEDIATE:0, DESERIALIZE_ERRORS:0, 
2024-04-24T04:56:50,457  INFO [LocalJobRunner Map Task Executor #0] exec.TableScanOperator: Closing Operator: TS[0]
2024-04-24T04:56:50,457  INFO [LocalJobRunner Map Task Executor #0] exec.TableScanOperator: RECORDS_OUT_OPERATOR_TS_0:1, RECORDS_OUT_INTERMEDIATE:0, 
2024-04-24T04:56:50,457  INFO [LocalJobRunner Map Task Executor #0] exec.SelectOperator: Closing Operator: SEL[1]
2024-04-24T04:56:50,457  INFO [LocalJobRunner Map Task Executor #0] exec.SelectOperator: RECORDS_OUT_INTERMEDIATE:0, RECORDS_OUT_OPERATOR_SEL_1:1, 
2024-04-24T04:56:50,457  INFO [LocalJobRunner Map Task Executor #0] exec.UDTFOperator: Closing Operator: UDTF[2]
2024-04-24T04:56:50,458  INFO [LocalJobRunner Map Task Executor #0] exec.UDTFOperator: RECORDS_OUT_INTERMEDIATE:0, RECORDS_OUT_OPERATOR_UDTF_2:3, 
2024-04-24T04:56:50,458  INFO [LocalJobRunner Map Task Executor #0] exec.SelectOperator: Closing Operator: SEL[3]
2024-04-24T04:56:50,458  INFO [LocalJobRunner Map Task Executor #0] exec.SelectOperator: RECORDS_OUT_OPERATOR_SEL_3:3, RECORDS_OUT_INTERMEDIATE:0, 
2024-04-24T04:56:50,458  INFO [LocalJobRunner Map Task Executor #0] exec.FileSinkOperator: Closing Operator: FS[4]
2024-04-24T04:56:50,458  INFO [LocalJobRunner Map Task Executor #0] exec.FileSinkOperator: FS[4]: records written - 3
2024-04-24T04:56:50,460  INFO [LocalJobRunner Map Task Executor #0] FileOperations: Writing manifest to file:/home/alex/Repositories/hive/ql/target/tmp/org.apache.hadoop.hive.ql.TestTxnExIm-1713959704617/warehouse/tstage/_tmp.delta_0000001_0000001_0000/000000_0.manifest with [file:/home/alex/Repositories/hive/ql/target/tmp/org.apache.hadoop.hive.ql.TestTxnExIm-1713959704617/warehouse/tstage/delta_0000001_0000001_0000/bucket_00000_0]
2024-04-24T04:56:50,471  INFO [LocalJobRunner Map Task Executor #0] exec.FileSinkOperator: RECORDS_OUT_1_default.tstage:3, RECORDS_OUT_INTERMEDIATE:0, TOTAL_TABLE_ROWS_WRITTEN:3, RECORDS_OUT_OPERATOR_FS_4:3, 
2024-04-24T04:56:50,471  INFO [LocalJobRunner Map Task Executor #0] mapred.LocalJobRunner: 
2024-04-24T04:56:50,473  INFO [LocalJobRunner Map Task Executor #0] mapred.Task: Task:attempt_local762999835_0044_m_000000_0 is done. And is in the process of committing
2024-04-24T04:56:50,473  INFO [LocalJobRunner Map Task Executor #0] mapred.LocalJobRunner: map
2024-04-24T04:56:50,473  INFO [LocalJobRunner Map Task Executor #0] mapred.Task: Task 'attempt_local762999835_0044_m_000000_0' done.
2024-04-24T04:56:50,474  INFO [LocalJobRunner Map Task Executor #0] mapred.Task: Final Counters for attempt_local762999835_0044_m_000000_0: Counters: 27
	File System Counters
		FILE: Number of bytes read=785952
		FILE: Number of bytes written=51450209
		FILE: Number of read operations=0
		FILE: Number of large read operations=0
		FILE: Number of write operations=0
	Map-Reduce Framework
		Map input records=4
		Map output records=0
		Input split bytes=361
		Spilled Records=0
		Failed Shuffles=0
		Merged Map outputs=0
		GC time elapsed (ms)=0
		Total committed heap usage (bytes)=1240465408
	HIVE
		CREATED_FILES=1
		DESERIALIZE_ERRORS=0
		RECORDS_IN=3
		RECORDS_OUT_1_default.tstage=3
		RECORDS_OUT_INTERMEDIATE=0
		RECORDS_OUT_OPERATOR_FS_4=3
		RECORDS_OUT_OPERATOR_MAP_0=0
		RECORDS_OUT_OPERATOR_SEL_1=1
		RECORDS_OUT_OPERATOR_SEL_3=3
		RECORDS_OUT_OPERATOR_TS_0=1
		RECORDS_OUT_OPERATOR_UDTF_2=3
		TOTAL_TABLE_ROWS_WRITTEN=3
	File Input Format Counters 
		Bytes Read=5776
	File Output Format Counters 
		Bytes Written=0
2024-04-24T04:56:50,474  INFO [LocalJobRunner Map Task Executor #0] mapred.LocalJobRunner: Finishing task: attempt_local762999835_0044_m_000000_0
2024-04-24T04:56:50,474  INFO [Thread-3214] mapred.LocalJobRunner: map task executor complete.
2024-04-24 04:56:51,432 Stage-1 map = 100%,  reduce = 0%
2024-04-24T04:56:51,432  INFO [main] exec.Task: 2024-04-24 04:56:51,432 Stage-1 map = 100%,  reduce = 0%
Ended Job = job_local762999835_0044
2024-04-24T04:56:51,433  INFO [main] exec.Task: Ended Job = job_local762999835_0044
2024-04-24T04:56:51,434  INFO [main] FileOperations: Found manifest file file:/home/alex/Repositories/hive/ql/target/tmp/org.apache.hadoop.hive.ql.TestTxnExIm-1713959704617/warehouse/tstage/_tmp.delta_0000001_0000001_0000/000000_0.manifest with attemptId 0.
2024-04-24T04:56:51,434  INFO [main] FileOperations: Looking at manifest file: file:/home/alex/Repositories/hive/ql/target/tmp/org.apache.hadoop.hive.ql.TestTxnExIm-1713959704617/warehouse/tstage/_tmp.delta_0000001_0000001_0000/000000_0.manifest
2024-04-24T04:56:51,434  INFO [main] FileOperations: Deleting manifest directory file:/home/alex/Repositories/hive/ql/target/tmp/org.apache.hadoop.hive.ql.TestTxnExIm-1713959704617/warehouse/tstage/_tmp.delta_0000001_0000001_0000
2024-04-24T04:56:51,435  INFO [main] ql.Driver: Starting task [Stage-0:MOVE] in serial mode
Loading data to table default.tstage
2024-04-24T04:56:51,435  INFO [main] exec.Task: Loading data to table default.tstage from file:/home/alex/Repositories/hive/ql/target/tmp/org.apache.hadoop.hive.ql.TestTxnExIm-1713959704617/warehouse/tstage
2024-04-24T04:56:51,435  INFO [main] HiveMetaStore.audit: ugi=alex	ip=unknown-ip-addr	cmd=get_table : tbl=hive.default.tstage	
2024-04-24T04:56:51,441  INFO [main] metastore.HMSHandler: Skipping translation for processor with null
2024-04-24T04:56:51,442  INFO [main] HiveMetaStore.audit: ugi=alex	ip=unknown-ip-addr	cmd=get_table : tbl=hive.default.tstage	
2024-04-24T04:56:51,449  INFO [main] metastore.HMSHandler: Skipping translation for processor with null
2024-04-24T04:56:51,449  INFO [main] HiveMetaStore.audit: ugi=alex	ip=unknown-ip-addr	cmd=alter_table: hive.default.tstage newtbl=tstage	
2024-04-24T04:56:51,477  INFO [main] ql.Driver: Starting task [Stage-2:STATS] in serial mode
2024-04-24T04:56:51,477  INFO [main] HiveMetaStore.audit: ugi=alex	ip=unknown-ip-addr	cmd=get_table : tbl=hive.default.tstage	
2024-04-24T04:56:51,483  INFO [main] metastore.HMSHandler: Skipping translation for processor with null
2024-04-24T04:56:51,483  INFO [main] stats.BasicStatsTask: Executing stats task
2024-04-24T04:56:51,483  INFO [main] fs.FSStatsPublisher: created : file:/home/alex/Repositories/hive/ql/target/tmp/localscratchdir/76f5c248-f88a-41bd-9470-170abb95aeb5/hive_2024-04-24_04-56-50_004_1681700096539657681-1/-mr-10000
2024-04-24T04:56:51,484  INFO [main] HiveMetaStore.audit: ugi=alex	ip=unknown-ip-addr	cmd=get_table : tbl=hive.default.tstage	
2024-04-24T04:56:51,490  INFO [main] metastore.HMSHandler: Skipping translation for processor with null
2024-04-24T04:56:51,499  WARN [main] FileOperations: Computing stats for an ACID table; stats may be inaccurate
2024-04-24T04:56:51,500  INFO [main] FileOperations: Read stats for default.tstage/, numRows, true, 3, false: 
2024-04-24T04:56:51,500  INFO [main] FileOperations: Read stats for default.tstage/, rawDataSize, true, 0, false: 
2024-04-24T04:56:51,500  INFO [main] HiveMetaStore.audit: ugi=alex	ip=unknown-ip-addr	cmd=alter_table: hive.default.tstage newtbl=tstage	
2024-04-24T04:56:51,520  INFO [main] FileOperations: Read stats for default.tstage/, insertCount, true, 3, false: 
2024-04-24T04:56:51,520  INFO [main] FileOperations: Read stats for default.tstage/, updateCount, true, 0, false: 
2024-04-24T04:56:51,520  INFO [main] FileOperations: Read stats for default.tstage/, deleteCount, true, 0, false: 
2024-04-24T04:56:51,522  INFO [main] stats.BasicStatsTask: Table default.tstage stats: [numFiles=1, numRows=3, totalSize=686, rawDataSize=0, numFilesErasureCoded=0]
2024-04-24T04:56:51,523  INFO [main] metadata.Hive: Dumping metastore api call timing information for : execution phase
2024-04-24T04:56:51,523  INFO [main] metadata.Hive: Total time spent in each metastore function (ms): {getTable_(GetTableRequest)=25, isCompatibleWith_(Configuration)=0, alter_table_(String, String, String, Table, EnvironmentContext, String)=48, updateTransactionalStatistics_(UpdateTransactionalStatsRequest)=2}
MapReduce Jobs Launched: 
2024-04-24T04:56:51,523  INFO [main] ql.Driver: MapReduce Jobs Launched: 
Stage-Stage-1:  HDFS Read: 0 HDFS Write: 0 SUCCESS
2024-04-24T04:56:51,523  INFO [main] ql.Driver: Stage-Stage-1:  HDFS Read: 0 HDFS Write: 0 SUCCESS
Total MapReduce CPU Time Spent: 0 msec
2024-04-24T04:56:51,523  INFO [main] ql.Driver: Total MapReduce CPU Time Spent: 0 msec
2024-04-24T04:56:51,523  INFO [main] ql.Driver: Completed executing command(queryId=alex_20240424045650_37a36555-bfb5-44bd-aa54-0af6bdd6312e); Time taken: 1.345 seconds
2024-04-24T04:56:51,523  INFO [main] lockmgr.DbTxnManager: Stopped heartbeat for query: alex_20240424045650_37a36555-bfb5-44bd-aa54-0af6bdd6312e
2024-04-24T04:56:51,533  INFO [main] txn.TxnHandler: Removed transactions: ([17]) from MIN_HISTORY_LEVEL
2024-04-24T04:56:51,533  WARN [main] txn.CompactionTxnHandler: No compaction queue record found for Compaction type transaction commit. txnId:17
2024-04-24T04:56:51,533  INFO [main] ql.TxnCommandsBaseForTests: Running the query: export table Tstage to '/home/alex/Repositories/hive/ql/target/tmp/org.apache.hadoop.hive.ql.TestTxnExIm-1713959704617/warehouse/1'
2024-04-24T04:56:51,533  INFO [main] ql.Context: Deleting scratch dir: file:/home/alex/Repositories/hive/ql/target/tmp/localscratchdir/76f5c248-f88a-41bd-9470-170abb95aeb5/hive_2024-04-24_04-56-50_004_1681700096539657681-1
2024-04-24T04:56:51,534  INFO [main] cleanup.SyncCleanupService: Deleted directory: file:/home/alex/Repositories/hive/ql/target/tmp/localscratchdir/76f5c248-f88a-41bd-9470-170abb95aeb5/hive_2024-04-24_04-56-50_004_1681700096539657681-1 on fs with scheme file
2024-04-24T04:56:51,534  INFO [main] ql.Driver: Compiling command(queryId=alex_20240424045651_b23ee1af-3b62-49b0-905a-28972800524a): export table Tstage to '/home/alex/Repositories/hive/ql/target/tmp/org.apache.hadoop.hive.ql.TestTxnExIm-1713959704617/warehouse/1'
2024-04-24T04:56:51,535  INFO [main] HiveMetaStore.audit: ugi=alex	ip=unknown-ip-addr	cmd=get_table : tbl=hive.default.Tstage	
2024-04-24T04:56:51,540  INFO [main] metastore.HMSHandler: Skipping translation for processor with null
2024-04-24T04:56:51,542  INFO [main] txn.TxnHandler: Added entries to MIN_HISTORY_LEVEL for current txns: ([18]) with min_open_txn: 18
2024-04-24T04:56:51,543  INFO [main] lockmgr.DbTxnManager: Opened txnid:18
2024-04-24T04:56:51,543  INFO [main] parse.AcidExportSemanticAnalyzer: Starting caching scope for: 
2024-04-24T04:56:51,543  INFO [main] HiveMetaStore.audit: ugi=alex	ip=unknown-ip-addr	cmd=get_table : tbl=hive.default.Tstage	
2024-04-24T04:56:51,549  INFO [main] metastore.HMSHandler: Skipping translation for processor with null
2024-04-24T04:56:51,549  INFO [main] HiveMetaStore.audit: ugi=alex	ip=unknown-ip-addr	cmd=get_database: default	
2024-04-24T04:56:51,551  INFO [main] HiveMetaStore.audit: ugi=alex	ip=unknown-ip-addr	cmd=get_table : tbl=hive.default.tstage	
2024-04-24T04:56:51,556  INFO [main] metastore.HMSHandler: Skipping translation for processor with null
2024-04-24T04:56:51,557  INFO [main] utils.FileUtils: Creating directory if it doesn't exist: file:/home/alex/Repositories/hive/ql/target/tmp/scratchdir/alex/76f5c248-f88a-41bd-9470-170abb95aeb5/_tmp_space.db/4941188e-d1d1-4267-91e1-18d441e15c59
2024-04-24T04:56:51,559  INFO [main] HiveMetaStore.audit: ugi=alex	ip=unknown-ip-addr	cmd=get_table : tbl=hive.default.Tstage	
2024-04-24T04:56:51,566  INFO [main] metastore.HMSHandler: Skipping translation for processor with null
2024-04-24T04:56:51,566  INFO [main] parse.RewriteSemanticAnalyzer: Going to reparse <export table Tstage to '/home/alex/Repositories/hive/ql/target/tmp/org.apache.hadoop.hive.ql.TestTxnExIm-1713959704617/warehouse/1'> as 
<insert into default.tstage_0f45a9f7_2dfe_45d9_a079_c11fa45a84fe select * from `default`.`Tstage`>
2024-04-24T04:56:51,567  INFO [main] parse.AcidExportSemanticAnalyzer: Starting Semantic Analysis
2024-04-24T04:56:51,569  INFO [main] parse.AcidExportSemanticAnalyzer: Completed phase 1 of Semantic Analysis
2024-04-24T04:56:51,569  INFO [main] parse.AcidExportSemanticAnalyzer: Get metadata for source tables
2024-04-24T04:56:51,570  INFO [main] HiveMetaStore.audit: ugi=alex	ip=unknown-ip-addr	cmd=get_table : tbl=hive.default.tstage	
2024-04-24T04:56:51,576  INFO [main] metastore.HMSHandler: Skipping translation for processor with null
2024-04-24T04:56:51,576  INFO [main] parse.AcidExportSemanticAnalyzer: Get metadata for subqueries
2024-04-24T04:56:51,576  INFO [main] parse.AcidExportSemanticAnalyzer: Get metadata for destination tables
2024-04-24T04:56:51,576  INFO [main] parse.AcidExportSemanticAnalyzer: Completed getting MetaData in Semantic Analysis
2024-04-24T04:56:51,576  INFO [main] parse.AcidExportSemanticAnalyzer: Disabling LLAP IO encode as ETL query is detected
2024-04-24T04:56:51,587  INFO [main] HiveMetaStore.audit: ugi=alex	ip=unknown-ip-addr	cmd=get_all_table_constraints : tbl=hive.default.tstage	
2024-04-24T04:56:51,594  INFO [main] calcite.RelOptHiveTable: Calculating column statistics for default.tstage, projIndxSet: [0, 1], allowMissingStats: true
2024-04-24T04:56:51,594  INFO [main] HiveMetaStore.audit: ugi=alex	ip=unknown-ip-addr	cmd=get_table : tbl=hive.default.tstage	
2024-04-24T04:56:51,602  INFO [main] metastore.HMSHandler: Skipping translation for processor with null
2024-04-24T04:56:51,602  INFO [main] HiveMetaStore.audit: ugi=alex	ip=unknown-ip-addr	cmd=get_table : tbl=hive.default.tstage	
2024-04-24T04:56:51,609  INFO [main] metastore.HMSHandler: Skipping translation for processor with null
2024-04-24T04:56:51,610  INFO [main] HiveMetaStore.audit: ugi=alex	ip=unknown-ip-addr	cmd=get_table_statistics_req: table=hive.default.tstage	
2024-04-24T04:56:51,619  WARN [main] calcite.RelOptHiveTable: No Stats for default@tstage, Columns: b, a
No Stats for default@tstage, Columns: b, a
2024-04-24T04:56:51,619  INFO [main] SessionState: No Stats for default@tstage, Columns: b, a
2024-04-24T04:56:51,658  INFO [main] parse.AcidExportSemanticAnalyzer: Get metadata for source tables
2024-04-24T04:56:51,658  INFO [main] parse.AcidExportSemanticAnalyzer: Get metadata for subqueries
2024-04-24T04:56:51,658  INFO [main] parse.AcidExportSemanticAnalyzer: Get metadata for destination tables
2024-04-24T04:56:51,659  INFO [main] common.FileUtils: Creating directory if it doesn't exist: file:/home/alex/Repositories/hive/ql/target/tmp/scratchdir/alex/76f5c248-f88a-41bd-9470-170abb95aeb5/_tmp_space.db/4941188e-d1d1-4267-91e1-18d441e15c59/.hive-staging_hive_2024-04-24_04-56-51_566_5783015926060152627-1
2024-04-24T04:56:51,661  INFO [main] HiveMetaStore.audit: ugi=alex	ip=unknown-ip-addr	cmd=get_not_null_constraints : tbl=hive.default.tstage_0f45a9f7_2dfe_45d9_a079_c11fa45a84fe	
2024-04-24T04:56:51,662  INFO [main] HiveMetaStore.audit: ugi=alex	ip=unknown-ip-addr	cmd=get_check_constraints : tbl=hive.default.tstage_0f45a9f7_2dfe_45d9_a079_c11fa45a84fe	
2024-04-24T04:56:51,666  INFO [main] parse.AcidExportSemanticAnalyzer: CBO Succeeded; optimized logical plan.
2024-04-24T04:56:51,667  INFO [main] optimizer.BucketVersionPopulator: not considering bucketingVersion for: TS[0] because it has -1<2 buckets 
2024-04-24T04:56:51,668  INFO [main] optimizer.SortedDynPartitionOptimizer: Sorted dynamic partitioning optimization kicked in..
2024-04-24T04:56:51,676  INFO [main] optimizer.GenMRFileSink1: using CombineHiveInputformat for the merge job
2024-04-24T04:56:51,677  INFO [main] physical.Vectorizer: Examining input format to see if vectorization is enabled.
2024-04-24T04:56:51,677  INFO [main] physical.Vectorizer: Vectorization is enabled for input format(s) [org.apache.hadoop.hive.ql.io.orc.OrcInputFormat]
2024-04-24T04:56:51,677  INFO [main] physical.Vectorizer: Validating and vectorizing MapWork... (vectorizedVertexNum 0)
2024-04-24T04:56:51,678  INFO [main] physical.Vectorizer: Map vectorization enabled: true
2024-04-24T04:56:51,678  INFO [main] physical.Vectorizer: Map vectorized: true
2024-04-24T04:56:51,678  INFO [main] physical.Vectorizer: Map vectorizedVertexNum: 0
2024-04-24T04:56:51,678  INFO [main] physical.Vectorizer: Map enabledConditionsMet: [hive.vectorized.use.vectorized.input.format IS true]
2024-04-24T04:56:51,678  INFO [main] physical.Vectorizer: Map inputFileFormatClassNameSet: [org.apache.hadoop.hive.ql.io.orc.OrcInputFormat]
2024-04-24T04:56:51,679  INFO [main] parse.AcidExportSemanticAnalyzer: Completed plan generation
2024-04-24T04:56:51,681  INFO [main] HiveMetaStore.audit: ugi=alex	ip=unknown-ip-addr	cmd=get_table : tbl=hive.default.Tstage	
2024-04-24T04:56:51,687  INFO [main] metastore.HMSHandler: Skipping translation for processor with null
2024-04-24T04:56:51,687  INFO [main] parse.EximUtil: Path before norm :/home/alex/Repositories/hive/ql/target/tmp/org.apache.hadoop.hive.ql.TestTxnExIm-1713959704617/warehouse/1
2024-04-24T04:56:51,687  INFO [main] parse.EximUtil: Scheme:file, authority:null, path:/home/alex/Repositories/hive/ql/target/tmp/org.apache.hadoop.hive.ql.TestTxnExIm-1713959704617/warehouse/1
2024-04-24T04:56:51,687  INFO [main] parse.EximUtil: Path before norm :/home/alex/Repositories/hive/ql/target/tmp/org.apache.hadoop.hive.ql.TestTxnExIm-1713959704617/warehouse/1
2024-04-24T04:56:51,688  INFO [main] parse.EximUtil: Scheme:file, authority:null, path:/home/alex/Repositories/hive/ql/target/tmp/org.apache.hadoop.hive.ql.TestTxnExIm-1713959704617/warehouse/1
2024-04-24T04:56:51,688  INFO [main] parse.AcidExportSemanticAnalyzer: Ending caching scope for: 
2024-04-24T04:56:51,688  INFO [main] ql.Driver: Semantic Analysis Completed (retrial = false)
2024-04-24T04:56:51,688  INFO [main] ql.Driver: Created Hive schema: Schema(fieldSchemas:[FieldSchema(name:tstage.a, type:int, comment:null), FieldSchema(name:tstage.b, type:int, comment:null)], properties:null)
2024-04-24T04:56:51,688  INFO [main] metadata.Hive: Dumping metastore api call timing information for : compilation phase
2024-04-24T04:56:51,688  INFO [main] metadata.Hive: Total time spent in each metastore function (ms): {commitTxn_(CommitTxnRequest)=10, isCompatibleWith_(Configuration)=2, getValidTxns_(long)=0, getTable_(GetTableRequest)=35, getCurrentNotificationEventId_()=2, createTable_(Table)=2, getCheckConstraints_(CheckConstraintsRequest)=1, flushCache_()=1, openTxn_(String, TxnType)=2, getDatabase_(String)=1, getAllTableConstraints_(AllTableConstraintsRequest)=5, getTableColumnStatistics_(String, String, List, String)=24, getNotNullConstraints_(NotNullConstraintsRequest)=1, getValidWriteIds_(List, String)=3}
2024-04-24T04:56:51,689  INFO [main] ql.Driver: Completed compiling command(queryId=alex_20240424045651_b23ee1af-3b62-49b0-905a-28972800524a); Time taken: 0.154 seconds
2024-04-24T04:56:51,689  INFO [main] lockmgr.DbTxnManager: Setting lock request transaction to txnid:18 for queryId=alex_20240424045651_b23ee1af-3b62-49b0-905a-28972800524a
2024-04-24T04:56:51,689  INFO [main] lockmgr.DbLockManager: Requesting lock for queryId=alex_20240424045651_b23ee1af-3b62-49b0-905a-28972800524a
2024-04-24T04:56:51,703  INFO [main] lockmgr.DbLockManager: Response to queryId=alex_20240424045651_b23ee1af-3b62-49b0-905a-28972800524a LockResponse(lockid:12, state:ACQUIRED)
2024-04-24T04:56:51,703  INFO [main] ql.Driver: Operation QUERY obtained 1 locks
2024-04-24T04:56:51,703  INFO [main] ql.Driver: Executing command(queryId=alex_20240424045651_b23ee1af-3b62-49b0-905a-28972800524a): export table Tstage to '/home/alex/Repositories/hive/ql/target/tmp/org.apache.hadoop.hive.ql.TestTxnExIm-1713959704617/warehouse/1'
2024-04-24T04:56:51,704  WARN [main] ql.Driver: Hive-on-MR is deprecated in Hive 2 and may not be available in the future versions. Consider using a different execution engine (i.e. spark, tez) or using Hive 1.X releases.
Query ID = alex_20240424045651_b23ee1af-3b62-49b0-905a-28972800524a
2024-04-24T04:56:51,704  INFO [main] ql.Driver: Query ID = alex_20240424045651_b23ee1af-3b62-49b0-905a-28972800524a
Total jobs = 1
2024-04-24T04:56:51,704  INFO [main] ql.Driver: Total jobs = 1
Launching Job 1 out of 1
2024-04-24T04:56:51,704  INFO [main] ql.Driver: Launching Job 1 out of 1
2024-04-24T04:56:51,827  INFO [main] ql.Driver: Starting task [Stage-2:MAPRED] in serial mode
Number of reduce tasks is set to 0 since there's no reduce operator
2024-04-24T04:56:51,827  INFO [main] exec.Task: Number of reduce tasks is set to 0 since there's no reduce operator
2024-04-24T04:56:51,832  INFO [main] mr.ExecDriver: Using org.apache.hadoop.hive.ql.io.HiveInputFormat
2024-04-24T04:56:51,832  INFO [main] exec.Utilities: Processing alias tstage
2024-04-24T04:56:51,832  INFO [main] exec.Utilities: Adding 1 inputs; the first input is file:/home/alex/Repositories/hive/ql/target/tmp/org.apache.hadoop.hive.ql.TestTxnExIm-1713959704617/warehouse/tstage
2024-04-24T04:56:51,841  INFO [main] exec.SerializationUtilities: Serializing MapWork using kryo
2024-04-24T04:56:51,842  INFO [main] exec.Utilities: Serialized plan (via FILE) - name: null size: 6,56KB
2024-04-24T04:56:51,843  WARN [main] impl.MetricsSystemImpl: JobTracker metrics system already initialized!
2024-04-24T04:56:51,846  INFO [main] fs.FSStatsPublisher: created : file:/home/alex/Repositories/hive/ql/target/tmp/localscratchdir/76f5c248-f88a-41bd-9470-170abb95aeb5/hive_2024-04-24_04-56-51_566_5783015926060152627-1/-mr-10001
2024-04-24T04:56:51,850  WARN [main] impl.MetricsSystemImpl: JobTracker metrics system already initialized!
2024-04-24T04:56:51,857  WARN [main] mapreduce.JobResourceUploader: Hadoop command-line option parsing not performed. Implement the Tool interface and execute your application with ToolRunner to remedy this.
2024-04-24T04:56:51,861  WARN [main] mapreduce.JobResourceUploader: No job jar file set.  User classes may not be found. See Job or Job#setJar(String).
2024-04-24T04:56:51,862  INFO [main] io.HiveInputFormat: hive.io.file.readcolumn.ids = 0,1
2024-04-24T04:56:51,862  INFO [main] io.HiveInputFormat: hive.io.file.readcolumn.names = a,b
2024-04-24T04:56:51,862  INFO [main] io.HiveInputFormat: Generating splits for dirs: file:/home/alex/Repositories/hive/ql/target/tmp/org.apache.hadoop.hive.ql.TestTxnExIm-1713959704617/warehouse/tstage
2024-04-24T04:56:51,862  INFO [main] orc.OrcInputFormat: getSplits started
2024-04-24T04:56:51,863  INFO [main] orc.OrcInputFormat: Context:: isAcid: true isVectorMode: true sarg: null minSplitSize: 1 maxSplitSize: 256000000 splitStrategy: HYBRID footerInSplits: false numBuckets: 0 numThreads: 10 cacheMemSize: 268435456 cacheStripeDetails: true useSoftReference: false writeIdList: default.tstage:1:9223372036854775807:: isTransactionalTable: true txnProperties: default 
2024-04-24T04:56:51,863  INFO [main] orc.OrcInputFormat: ORC pushdown predicate: null
2024-04-24T04:56:51,872  INFO [main] orc.OrcInputFormat: FooterCacheHitRatio: 0/1
2024-04-24T04:56:51,872  INFO [main] orc.OrcInputFormat: getSplits finished (#splits: 1). duration: 10 ms
2024-04-24T04:56:51,872  INFO [main] io.HiveInputFormat: number of splits 1
2024-04-24T04:56:51,890  INFO [main] mapreduce.JobSubmitter: number of splits:1
2024-04-24T04:56:51,908  INFO [main] mapreduce.JobSubmitter: Submitting tokens for job: job_local539878083_0045
2024-04-24T04:56:51,908  INFO [main] mapreduce.JobSubmitter: Executing with tokens: []
2024-04-24T04:56:51,964  INFO [main] mapreduce.Job: The url to track the job: http://localhost:8080/
Job running in-process (local Hadoop)
2024-04-24T04:56:51,964  INFO [main] exec.Task: Job running in-process (local Hadoop)
2024-04-24T04:56:51,964  INFO [Thread-3264] mapred.LocalJobRunner: OutputCommitter set in config org.apache.hadoop.hive.ql.io.HiveFileFormatUtils$NullOutputCommitter
2024-04-24T04:56:51,964  INFO [Thread-3264] mapred.LocalJobRunner: OutputCommitter is org.apache.hadoop.hive.ql.io.HiveFileFormatUtils$NullOutputCommitter
2024-04-24T04:56:51,966  INFO [Thread-3264] mapred.LocalJobRunner: Waiting for map tasks
2024-04-24T04:56:51,966  INFO [LocalJobRunner Map Task Executor #0] mapred.LocalJobRunner: Starting task: attempt_local539878083_0045_m_000000_0
2024-04-24T04:56:51,966  INFO [LocalJobRunner Map Task Executor #0] mapred.Task:  Using ResourceCalculatorProcessTree : [ ]
2024-04-24T04:56:51,967  INFO [LocalJobRunner Map Task Executor #0] mapred.MapTask: Processing split: org.apache.hadoop.hive.ql.io.orc.OrcInputFormat:OrcSplit [file:/home/alex/Repositories/hive/ql/target/tmp/org.apache.hadoop.hive.ql.TestTxnExIm-1713959704617/warehouse/tstage/delta_0000001_0000001_0000/bucket_00000_0, start=3, length=311, isOriginal=false, fileLength=686, hasFooter=false, hasBase=true, deltas=0]
2024-04-24T04:56:51,967  INFO [LocalJobRunner Map Task Executor #0] exec.SerializationUtilities: Deserializing MapWork using kryo
2024-04-24T04:56:51,968  INFO [LocalJobRunner Map Task Executor #0] exec.Utilities: Deserialized plan (via FILE) - name: null size: 6,56KB
2024-04-24T04:56:51,968  INFO [LocalJobRunner Map Task Executor #0] orc.VectorizedOrcAcidRowBatchReader: Read ValidWriteIdList: default.tstage:1:9223372036854775807:::OrcSplit [file:/home/alex/Repositories/hive/ql/target/tmp/org.apache.hadoop.hive.ql.TestTxnExIm-1713959704617/warehouse/tstage/delta_0000001_0000001_0000/bucket_00000_0, start=3, length=311, isOriginal=false, fileLength=686, hasFooter=false, hasBase=true, deltas=0]
2024-04-24T04:56:51,969  INFO [LocalJobRunner Map Task Executor #0] orc.ReaderImpl: Reading ORC rows from file:/home/alex/Repositories/hive/ql/target/tmp/org.apache.hadoop.hive.ql.TestTxnExIm-1713959704617/warehouse/tstage/delta_0000001_0000001_0000/bucket_00000_0 with {include: [true, true, true], offset: 3, length: 311, schema: struct<a:int,b:int>, includeAcidColumns: false}
2024-04-24T04:56:51,969  INFO [LocalJobRunner Map Task Executor #0] mapred.MapTask: numReduceTasks: 0
2024-04-24T04:56:51,970  INFO [LocalJobRunner Map Task Executor #0] vector.VectorMapOperator: Initializing Operator: MAP[0]
2024-04-24T04:56:51,970  INFO [LocalJobRunner Map Task Executor #0] mr.ExecMapper: 
<MAP>Id =0
  <Children>null
  <\Children>
  <Parent><\Parent>
<\MAP>
2024-04-24T04:56:51,970  INFO [LocalJobRunner Map Task Executor #0] exec.TableScanOperator: Initializing Operator: TS[0]
2024-04-24T04:56:51,970  INFO [LocalJobRunner Map Task Executor #0] vector.VectorSelectOperator: Initializing Operator: SEL[4]
2024-04-24T04:56:51,970  INFO [LocalJobRunner Map Task Executor #0] vector.VectorFileSinkOperator: Initializing Operator: FS[5]
2024-04-24T04:56:51,971  INFO [LocalJobRunner Map Task Executor #0] exec.FileSinkOperator: Using serializer : AbstractSerDe [log=org.apache.logging.slf4j.Log4jLogger@167b171d, configuration=Optional[Configuration: core-default.xml, core-site.xml, mapred-default.xml, mapred-site.xml, yarn-default.xml, yarn-site.xml, hdfs-default.xml, hdfs-site.xml, file:/home/alex/Repositories/hive/ql/target/tmp/TestTxnExIm/mapred/local/localRunner/alex/job_local539878083_0045/job_local539878083_0045.xml], properties={name=default.tstage_0f45a9f7_2dfe_45d9_a079_c11fa45a84fe, transactional=false, columns.types=int:int, numFilesErasureCoded=0, columns=a,b, columns.comments=&amp#0;, serialization.lib=org.apache.hadoop.hive.ql.io.orc.OrcSerde, file.inputformat=org.apache.hadoop.hive.ql.io.orc.OrcInputFormat, file.outputformat=org.apache.hadoop.hive.ql.io.orc.OrcOutputFormat, location=file:/home/alex/Repositories/hive/ql/target/tmp/scratchdir/alex/76f5c248-f88a-41bd-9470-170abb95aeb5/_tmp_space.db/4941188e-d1d1-4267-91e1-18d441e15c59, column.name.delimiter=,}, tableProperties={name=default.tstage_0f45a9f7_2dfe_45d9_a079_c11fa45a84fe, transactional=false, columns.types=int:int, numFilesErasureCoded=0, columns=a,b, columns.comments=&amp#0;, serialization.lib=org.apache.hadoop.hive.ql.io.orc.OrcSerde, file.inputformat=org.apache.hadoop.hive.ql.io.orc.OrcInputFormat, location=file:/home/alex/Repositories/hive/ql/target/tmp/scratchdir/alex/76f5c248-f88a-41bd-9470-170abb95aeb5/_tmp_space.db/4941188e-d1d1-4267-91e1-18d441e15c59, file.outputformat=org.apache.hadoop.hive.ql.io.orc.OrcOutputFormat, column.name.delimiter=,}, partitionProperties=Optional.empty, columnNames=[a, b], columnTypes=[int, int], getClass()=class org.apache.hadoop.hive.ql.io.orc.OrcSerde] and formatter : org.apache.hadoop.hive.ql.io.orc.OrcOutputFormat@43ef356d
2024-04-24T04:56:51,972  INFO [LocalJobRunner Map Task Executor #0] exec.FileSinkOperator: Final Path: FS file:/home/alex/Repositories/hive/ql/target/tmp/scratchdir/alex/76f5c248-f88a-41bd-9470-170abb95aeb5/_tmp_space.db/4941188e-d1d1-4267-91e1-18d441e15c59/.hive-staging_hive_2024-04-24_04-56-51_566_5783015926060152627-1/_tmp.-ext-10002/000000_0
2024-04-24T04:56:51,972  INFO [LocalJobRunner Map Task Executor #0] exec.FileSinkOperator: Writing to temp file: FS file:/home/alex/Repositories/hive/ql/target/tmp/scratchdir/alex/76f5c248-f88a-41bd-9470-170abb95aeb5/_tmp_space.db/4941188e-d1d1-4267-91e1-18d441e15c59/.hive-staging_hive_2024-04-24_04-56-51_566_5783015926060152627-1/_task_tmp.-ext-10002/_tmp.000000_0
2024-04-24T04:56:51,972  INFO [LocalJobRunner Map Task Executor #0] exec.FileSinkOperator: New Final Path: FS file:/home/alex/Repositories/hive/ql/target/tmp/scratchdir/alex/76f5c248-f88a-41bd-9470-170abb95aeb5/_tmp_space.db/4941188e-d1d1-4267-91e1-18d441e15c59/.hive-staging_hive_2024-04-24_04-56-51_566_5783015926060152627-1/_tmp.-ext-10002/000000_0
2024-04-24T04:56:51,972  INFO [LocalJobRunner Map Task Executor #0] exec.FileSinkOperator: FS[5]: records written - 1
2024-04-24T04:56:51,972  INFO [LocalJobRunner Map Task Executor #0] impl.PhysicalFsWriter: ORC writer created for path: file:/home/alex/Repositories/hive/ql/target/tmp/scratchdir/alex/76f5c248-f88a-41bd-9470-170abb95aeb5/_tmp_space.db/4941188e-d1d1-4267-91e1-18d441e15c59/.hive-staging_hive_2024-04-24_04-56-51_566_5783015926060152627-1/_task_tmp.-ext-10002/_tmp.000000_0 with stripeSize: 67108864 blockSize: 268435456 compression: Compress: ZLIB buffer: 262144
2024-04-24T04:56:51,979  INFO [LocalJobRunner Map Task Executor #0] impl.WriterImpl: ORC writer created for path: file:/home/alex/Repositories/hive/ql/target/tmp/scratchdir/alex/76f5c248-f88a-41bd-9470-170abb95aeb5/_tmp_space.db/4941188e-d1d1-4267-91e1-18d441e15c59/.hive-staging_hive_2024-04-24_04-56-51_566_5783015926060152627-1/_task_tmp.-ext-10002/_tmp.000000_0 with stripeSize: 67108864 options: Compress: ZLIB buffer: 262144
2024-04-24T04:56:51,979  INFO [LocalJobRunner Map Task Executor #0] vector.VectorMapOperator: Closing Operator: MAP[0]
2024-04-24T04:56:51,979  INFO [LocalJobRunner Map Task Executor #0] vector.VectorMapOperator: RECORDS_OUT_OPERATOR_MAP_0:0, RECORDS_OUT_INTERMEDIATE:0, DESERIALIZE_ERRORS:0, RECORDS_IN:3, 
2024-04-24T04:56:51,979  INFO [LocalJobRunner Map Task Executor #0] exec.TableScanOperator: Closing Operator: TS[0]
2024-04-24T04:56:51,979  INFO [LocalJobRunner Map Task Executor #0] exec.TableScanOperator: RECORDS_OUT_OPERATOR_TS_0:3, RECORDS_OUT_INTERMEDIATE:0, 
2024-04-24T04:56:51,979  INFO [LocalJobRunner Map Task Executor #0] vector.VectorSelectOperator: Closing Operator: SEL[4]
2024-04-24T04:56:51,979  INFO [LocalJobRunner Map Task Executor #0] vector.VectorSelectOperator: RECORDS_OUT_INTERMEDIATE:0, RECORDS_OUT_OPERATOR_SEL_4:3, 
2024-04-24T04:56:51,979  INFO [LocalJobRunner Map Task Executor #0] vector.VectorFileSinkOperator: Closing Operator: FS[5]
2024-04-24T04:56:51,979  INFO [LocalJobRunner Map Task Executor #0] exec.FileSinkOperator: FS[5]: records written - 3
2024-04-24T04:56:51,985  INFO [LocalJobRunner Map Task Executor #0] vector.VectorFileSinkOperator: RECORDS_OUT_1_default.tstage_0f45a9f7_2dfe_45d9_a079_c11fa45a84fe:3, RECORDS_OUT_OPERATOR_FS_5:3, RECORDS_OUT_INTERMEDIATE:0, TOTAL_TABLE_ROWS_WRITTEN:3, 
2024-04-24T04:56:51,986  INFO [LocalJobRunner Map Task Executor #0] mapred.LocalJobRunner: 
2024-04-24T04:56:51,986  INFO [LocalJobRunner Map Task Executor #0] mapred.Task: Task:attempt_local539878083_0045_m_000000_0 is done. And is in the process of committing
2024-04-24T04:56:51,986  INFO [LocalJobRunner Map Task Executor #0] mapred.LocalJobRunner: OrcSplit [file:/home/alex/Repositories/hive/ql/target/tmp/org.apache.hadoop.hive.ql.TestTxnExIm-1713959704617/warehouse/tstage/delta_0000001_0000001_0000/bucket_00000_0, start=3, length=311, isOriginal=false, fileLength=686, hasFooter=false, hasBase=true, deltas=0]
2024-04-24T04:56:51,986  INFO [LocalJobRunner Map Task Executor #0] mapred.Task: Task 'attempt_local539878083_0045_m_000000_0' done.
2024-04-24T04:56:51,986  INFO [LocalJobRunner Map Task Executor #0] mapred.Task: Final Counters for attempt_local539878083_0045_m_000000_0: Counters: 25
	File System Counters
		FILE: Number of bytes read=796974
		FILE: Number of bytes written=52610420
		FILE: Number of read operations=0
		FILE: Number of large read operations=0
		FILE: Number of write operations=0
	Map-Reduce Framework
		Map input records=1
		Map output records=0
		Input split bytes=485
		Spilled Records=0
		Failed Shuffles=0
		Merged Map outputs=0
		GC time elapsed (ms)=0
		Total committed heap usage (bytes)=1240465408
	HIVE
		CREATED_FILES=1
		DESERIALIZE_ERRORS=0
		RECORDS_IN=3
		RECORDS_OUT_1_default.tstage_0f45a9f7_2dfe_45d9_a079_c11fa45a84=3
		RECORDS_OUT_INTERMEDIATE=0
		RECORDS_OUT_OPERATOR_FS_5=3
		RECORDS_OUT_OPERATOR_MAP_0=0
		RECORDS_OUT_OPERATOR_SEL_4=3
		RECORDS_OUT_OPERATOR_TS_0=3
		TOTAL_TABLE_ROWS_WRITTEN=3
	File Input Format Counters 
		Bytes Read=9450
	File Output Format Counters 
		Bytes Written=0
2024-04-24T04:56:51,986  INFO [LocalJobRunner Map Task Executor #0] mapred.LocalJobRunner: Finishing task: attempt_local539878083_0045_m_000000_0
2024-04-24T04:56:51,987  INFO [Thread-3264] mapred.LocalJobRunner: map task executor complete.
2024-04-24 04:56:52,966 Stage-2 map = 100%,  reduce = 0%
2024-04-24T04:56:52,966  INFO [main] exec.Task: 2024-04-24 04:56:52,966 Stage-2 map = 100%,  reduce = 0%
Ended Job = job_local539878083_0045
2024-04-24T04:56:52,967  INFO [main] exec.Task: Ended Job = job_local539878083_0045
2024-04-24T04:56:52,969  INFO [main] ql.Driver: Starting task [Stage-8:CONDITIONAL] in serial mode
Stage-5 is selected by condition resolver.
2024-04-24T04:56:52,970  INFO [main] exec.Task: Stage-5 is selected by condition resolver.
Stage-4 is filtered out by condition resolver.
2024-04-24T04:56:52,970  INFO [main] exec.Task: Stage-4 is filtered out by condition resolver.
Stage-6 is filtered out by condition resolver.
2024-04-24T04:56:52,970  INFO [main] exec.Task: Stage-6 is filtered out by condition resolver.
2024-04-24T04:56:52,970  INFO [main] ql.Driver: Starting task [Stage-5:MOVE] in serial mode
Moving data to directory file:/home/alex/Repositories/hive/ql/target/tmp/scratchdir/alex/76f5c248-f88a-41bd-9470-170abb95aeb5/_tmp_space.db/4941188e-d1d1-4267-91e1-18d441e15c59/.hive-staging_hive_2024-04-24_04-56-51_566_5783015926060152627-1/-ext-10000
2024-04-24T04:56:52,970  INFO [main] exec.Task: Moving data to directory file:/home/alex/Repositories/hive/ql/target/tmp/scratchdir/alex/76f5c248-f88a-41bd-9470-170abb95aeb5/_tmp_space.db/4941188e-d1d1-4267-91e1-18d441e15c59/.hive-staging_hive_2024-04-24_04-56-51_566_5783015926060152627-1/-ext-10000 from file:/home/alex/Repositories/hive/ql/target/tmp/scratchdir/alex/76f5c248-f88a-41bd-9470-170abb95aeb5/_tmp_space.db/4941188e-d1d1-4267-91e1-18d441e15c59/.hive-staging_hive_2024-04-24_04-56-51_566_5783015926060152627-1/-ext-10002
2024-04-24T04:56:52,970  INFO [main] ql.Driver: Starting task [Stage-1:MOVE] in serial mode
Loading data to table default.tstage_0f45a9f7_2dfe_45d9_a079_c11fa45a84fe
2024-04-24T04:56:52,970  INFO [main] exec.Task: Loading data to table default.tstage_0f45a9f7_2dfe_45d9_a079_c11fa45a84fe from file:/home/alex/Repositories/hive/ql/target/tmp/scratchdir/alex/76f5c248-f88a-41bd-9470-170abb95aeb5/_tmp_space.db/4941188e-d1d1-4267-91e1-18d441e15c59/.hive-staging_hive_2024-04-24_04-56-51_566_5783015926060152627-1/-ext-10000
2024-04-24T04:56:52,972  WARN [main] metadata.Hive: Cannot get a table snapshot for tstage_0f45a9f7_2dfe_45d9_a079_c11fa45a84fe
2024-04-24T04:56:52,972  INFO [main] metadata.SessionHiveMetaStoreClient: Column stats doesn't exist for db=default temp table=tstage_0f45a9f7_2dfe_45d9_a079_c11fa45a84fe
2024-04-24T04:56:52,972  INFO [main] ql.Driver: Starting task [Stage-10:DDL] in serial mode
2024-04-24T04:56:52,973  INFO [main] metadata.SessionHiveMetaStoreClient: Column stats doesn't exist for db=default temp table=tstage_0f45a9f7_2dfe_45d9_a079_c11fa45a84fe
2024-04-24T04:56:52,973  INFO [main] ql.Driver: Starting task [Stage-9:REPL_DUMP] in serial mode
2024-04-24T04:56:52,973  INFO [main] parse.EximUtil: Path before norm :/home/alex/Repositories/hive/ql/target/tmp/org.apache.hadoop.hive.ql.TestTxnExIm-1713959704617/warehouse/1
2024-04-24T04:56:52,973  INFO [main] parse.EximUtil: Scheme:file, authority:null, path:/home/alex/Repositories/hive/ql/target/tmp/org.apache.hadoop.hive.ql.TestTxnExIm-1713959704617/warehouse/1
2024-04-24T04:56:52,973  INFO [main] parse.EximUtil: Path before norm :/home/alex/Repositories/hive/ql/target/tmp/org.apache.hadoop.hive.ql.TestTxnExIm-1713959704617/warehouse/1
2024-04-24T04:56:52,973  INFO [main] parse.EximUtil: Scheme:file, authority:null, path:/home/alex/Repositories/hive/ql/target/tmp/org.apache.hadoop.hive.ql.TestTxnExIm-1713959704617/warehouse/1
2024-04-24T04:56:52,974  INFO [main] plan.ExportWork: Swapping export of Tstage to default.tstage_0f45a9f7_2dfe_45d9_a079_c11fa45a84fe using partSpec=null
2024-04-24T04:56:52,984  WARN [main] shims.Utils: XAttr won't be preserved since it is not supported for file system: file:///
2024-04-24T04:56:52,989  INFO [main] ql.Driver: Starting task [Stage-11:DDL] in serial mode
2024-04-24T04:56:52,990  INFO [main] metadata.SessionHiveMetaStoreClient: Column stats doesn't exist for db=default temp table=tstage_0f45a9f7_2dfe_45d9_a079_c11fa45a84fe
2024-04-24T04:56:52,991  INFO [main] metadata.Hive: Dumping metastore api call timing information for : execution phase
2024-04-24T04:56:52,991  INFO [main] metadata.Hive: Total time spent in each metastore function (ms): {getTable_(GetTableRequest)=1, alter_table_(String, String, String, Table, EnvironmentContext, String)=0, dropTable_(String, String, boolean, boolean, boolean)=1, getValidWriteIds_(List, String)=0, isCompatibleWith_(Configuration)=0}
MapReduce Jobs Launched: 
2024-04-24T04:56:52,991  INFO [main] ql.Driver: MapReduce Jobs Launched: 
Stage-Stage-2:  HDFS Read: 0 HDFS Write: 0 SUCCESS
2024-04-24T04:56:52,991  INFO [main] ql.Driver: Stage-Stage-2:  HDFS Read: 0 HDFS Write: 0 SUCCESS
Total MapReduce CPU Time Spent: 0 msec
2024-04-24T04:56:52,991  INFO [main] ql.Driver: Total MapReduce CPU Time Spent: 0 msec
2024-04-24T04:56:52,991  INFO [main] ql.Driver: Completed executing command(queryId=alex_20240424045651_b23ee1af-3b62-49b0-905a-28972800524a); Time taken: 1.288 seconds
2024-04-24T04:56:52,991  INFO [main] lockmgr.DbTxnManager: Stopped heartbeat for query: alex_20240424045651_b23ee1af-3b62-49b0-905a-28972800524a
2024-04-24T04:56:52,997  INFO [main] txn.TxnHandler: Expected to move at least one record from txn_components to completed_txn_components when committing txn! txnid:18
2024-04-24T04:56:53,006  INFO [main] txn.TxnHandler: Removed transactions: ([18]) from MIN_HISTORY_LEVEL
2024-04-24T04:56:53,006  WARN [main] txn.CompactionTxnHandler: No compaction queue record found for Compaction type transaction commit. txnId:18
2024-04-24T04:56:53,007  INFO [main] ql.TxnCommandsBaseForTests: Running the query: import table T from '/home/alex/Repositories/hive/ql/target/tmp/org.apache.hadoop.hive.ql.TestTxnExIm-1713959704617/warehouse/1'
2024-04-24T04:56:53,007  INFO [main] ql.Context: Deleting scratch dir: file:/home/alex/Repositories/hive/ql/target/tmp/scratchdir/alex/76f5c248-f88a-41bd-9470-170abb95aeb5/_tmp_space.db/4941188e-d1d1-4267-91e1-18d441e15c59/.hive-staging_hive_2024-04-24_04-56-51_566_5783015926060152627-1
2024-04-24T04:56:53,007  INFO [main] ql.Context: Deleting scratch dir: file:/home/alex/Repositories/hive/ql/target/tmp/localscratchdir/76f5c248-f88a-41bd-9470-170abb95aeb5/hive_2024-04-24_04-56-51_566_5783015926060152627-1
2024-04-24T04:56:53,008  INFO [main] cleanup.SyncCleanupService: Deleted directory: file:/home/alex/Repositories/hive/ql/target/tmp/localscratchdir/76f5c248-f88a-41bd-9470-170abb95aeb5/hive_2024-04-24_04-56-51_566_5783015926060152627-1 on fs with scheme file
2024-04-24T04:56:53,008  INFO [main] ql.Context: Deleting scratch dir: file:/home/alex/Repositories/hive/ql/target/tmp/localscratchdir/76f5c248-f88a-41bd-9470-170abb95aeb5/hive_2024-04-24_04-56-51_534_4913158024923858341-1
2024-04-24T04:56:53,008  INFO [main] cleanup.SyncCleanupService: Deleted directory: file:/home/alex/Repositories/hive/ql/target/tmp/localscratchdir/76f5c248-f88a-41bd-9470-170abb95aeb5/hive_2024-04-24_04-56-51_534_4913158024923858341-1 on fs with scheme file
2024-04-24T04:56:53,008  INFO [main] ql.Driver: Compiling command(queryId=alex_20240424045653_b4071733-49e9-4939-998e-32a35023ce1f): import table T from '/home/alex/Repositories/hive/ql/target/tmp/org.apache.hadoop.hive.ql.TestTxnExIm-1713959704617/warehouse/1'
2024-04-24T04:56:53,012  INFO [main] txn.TxnHandler: Added entries to MIN_HISTORY_LEVEL for current txns: ([19]) with min_open_txn: 19
2024-04-24T04:56:53,012  INFO [main] lockmgr.DbTxnManager: Opened txnid:19
2024-04-24T04:56:53,013  INFO [main] parse.EximUtil: Path before norm :/home/alex/Repositories/hive/ql/target/tmp/org.apache.hadoop.hive.ql.TestTxnExIm-1713959704617/warehouse/1
2024-04-24T04:56:53,013  INFO [main] parse.EximUtil: Scheme:file, authority:null, path:/home/alex/Repositories/hive/ql/target/tmp/org.apache.hadoop.hive.ql.TestTxnExIm-1713959704617/warehouse/1
2024-04-24T04:56:53,014  INFO [main] parse.EximUtil: Path before norm :/home/alex/Repositories/hive/ql/target/tmp/org.apache.hadoop.hive.ql.TestTxnExIm-1713959704617/warehouse/1
2024-04-24T04:56:53,014  INFO [main] parse.EximUtil: Scheme:file, authority:null, path:/home/alex/Repositories/hive/ql/target/tmp/org.apache.hadoop.hive.ql.TestTxnExIm-1713959704617/warehouse/1
2024-04-24T04:56:53,014  INFO [main] HiveMetaStore.audit: ugi=alex	ip=unknown-ip-addr	cmd=get_table : tbl=hive.default.T	
2024-04-24T04:56:53,024  INFO [main] metastore.HMSHandler: Skipping translation for processor with null
2024-04-24T04:56:53,029  INFO [main] txn.TxnHandler: Allocated writeId: 1 for txnId: 19
2024-04-24T04:56:53,029  INFO [main] txn.TxnHandler: Allocated write ids for dbName=default, tblName=t (txnIds: [19])
2024-04-24T04:56:53,029  INFO [main] ql.Driver: Semantic Analysis Completed (retrial = false)
2024-04-24T04:56:53,029  INFO [main] ql.Driver: Created Hive schema: Schema(fieldSchemas:null, properties:null)
2024-04-24T04:56:53,029  INFO [main] metadata.Hive: Dumping metastore api call timing information for : compilation phase
2024-04-24T04:56:53,030  INFO [main] metadata.Hive: Total time spent in each metastore function (ms): {getTable_(GetTableRequest)=10, flushCache_()=0, isCompatibleWith_(Configuration)=0, commitTxn_(CommitTxnRequest)=15, getValidTxns_(long)=1, allocateTableWriteId_(long, String, String)=5, openTxn_(String, TxnType)=3}
2024-04-24T04:56:53,030  INFO [main] ql.Driver: Completed compiling command(queryId=alex_20240424045653_b4071733-49e9-4939-998e-32a35023ce1f); Time taken: 0.021 seconds
2024-04-24T04:56:53,030  INFO [main] lockmgr.DbTxnManager: Setting lock request transaction to txnid:19 for queryId=alex_20240424045653_b4071733-49e9-4939-998e-32a35023ce1f
2024-04-24T04:56:53,030  INFO [main] ql.Driver: Operation IMPORT obtained 0 locks
2024-04-24T04:56:53,030  INFO [main] ql.Driver: Executing command(queryId=alex_20240424045653_b4071733-49e9-4939-998e-32a35023ce1f): import table T from '/home/alex/Repositories/hive/ql/target/tmp/org.apache.hadoop.hive.ql.TestTxnExIm-1713959704617/warehouse/1'
2024-04-24T04:56:53,030  INFO [main] ql.Driver: Starting task [Stage-0:COPY] in serial mode
Copying data from file:/home/alex/Repositories/hive/ql/target/tmp/org.apache.hadoop.hive.ql.TestTxnExIm-1713959704617/warehouse/1/data
2024-04-24T04:56:53,030  INFO [main] exec.Task: Copying data from file:/home/alex/Repositories/hive/ql/target/tmp/org.apache.hadoop.hive.ql.TestTxnExIm-1713959704617/warehouse/1/data to file:/home/alex/Repositories/hive/ql/target/tmp/org.apache.hadoop.hive.ql.TestTxnExIm-1713959704617/warehouse/t/delta_0000001_0000001_0000
2024-04-24T04:56:53,031  INFO [main] common.FileUtils: Creating directory if it doesn't exist: file:/home/alex/Repositories/hive/ql/target/tmp/org.apache.hadoop.hive.ql.TestTxnExIm-1713959704617/warehouse/t/delta_0000001_0000001_0000
Copying file: file:/home/alex/Repositories/hive/ql/target/tmp/org.apache.hadoop.hive.ql.TestTxnExIm-1713959704617/warehouse/1/data/000000_0
2024-04-24T04:56:53,033  INFO [main] exec.Task: Copying file: file:/home/alex/Repositories/hive/ql/target/tmp/org.apache.hadoop.hive.ql.TestTxnExIm-1713959704617/warehouse/1/data/000000_0
2024-04-24T04:56:53,033  WARN [main] shims.Utils: XAttr won't be preserved since it is not supported for file system: file:///
2024-04-24T04:56:53,038  INFO [main] ql.Driver: Starting task [Stage-1:MOVE] in serial mode
Loading data to table default.t
2024-04-24T04:56:53,038  INFO [main] exec.Task: Loading data to table default.t from file:/home/alex/Repositories/hive/ql/target/tmp/org.apache.hadoop.hive.ql.TestTxnExIm-1713959704617/warehouse/t
2024-04-24T04:56:53,038  INFO [main] HiveMetaStore.audit: ugi=alex	ip=unknown-ip-addr	cmd=get_table : tbl=hive.default.t	
2024-04-24T04:56:53,044  INFO [main] metastore.HMSHandler: Skipping translation for processor with null
2024-04-24T04:56:53,044  INFO [main] HiveMetaStore.audit: ugi=alex	ip=unknown-ip-addr	cmd=get_table : tbl=hive.default.t	
2024-04-24T04:56:53,050  INFO [main] metastore.HMSHandler: Skipping translation for processor with null
2024-04-24T04:56:53,050  INFO [main] HiveMetaStore.audit: ugi=alex	ip=unknown-ip-addr	cmd=alter_table: hive.default.t newtbl=t	
2024-04-24T04:56:53,062  INFO [main] utils.MetaStoreServerUtils: Updating table stats for t
2024-04-24T04:56:53,062  INFO [main] utils.MetaStoreServerUtils: Updated size of table t to 256
2024-04-24T04:56:53,072  INFO [main] metadata.Hive: Dumping metastore api call timing information for : execution phase
2024-04-24T04:56:53,072  INFO [main] metadata.Hive: Total time spent in each metastore function (ms): {getTable_(GetTableRequest)=12, isCompatibleWith_(Configuration)=0, alter_table_(String, String, String, Table, EnvironmentContext, String)=22}
2024-04-24T04:56:53,072  INFO [main] ql.Driver: Completed executing command(queryId=alex_20240424045653_b4071733-49e9-4939-998e-32a35023ce1f); Time taken: 0.042 seconds
2024-04-24T04:56:53,072  INFO [main] lockmgr.DbTxnManager: Stopped heartbeat for query: alex_20240424045653_b4071733-49e9-4939-998e-32a35023ce1f
2024-04-24T04:56:53,077  INFO [main] txn.TxnHandler: Expected to move at least one record from txn_components to completed_txn_components when committing txn! txnid:19
2024-04-24T04:56:53,082  INFO [main] txn.TxnHandler: Removed transactions: ([19]) from MIN_HISTORY_LEVEL
2024-04-24T04:56:53,082  WARN [main] txn.CompactionTxnHandler: No compaction queue record found for Compaction type transaction commit. txnId:19
2024-04-24T04:56:53,083  INFO [main] ql.TxnCommandsBaseForTests: Running the query: select ROW__ID, a, b, INPUT__FILE__NAME from T order by ROW__ID
2024-04-24T04:56:53,083  INFO [main] ql.Driver: Compiling command(queryId=alex_20240424045653_19c8f83f-755f-4159-8b18-7a56569f9c39): select ROW__ID, a, b, INPUT__FILE__NAME from T order by ROW__ID
2024-04-24T04:56:53,086  INFO [main] txn.TxnHandler: Added entries to MIN_HISTORY_LEVEL for current txns: ([20]) with min_open_txn: 19
2024-04-24T04:56:53,086  INFO [main] lockmgr.DbTxnManager: Opened txnid:20
2024-04-24T04:56:53,086  INFO [main] parse.CalcitePlanner: Starting caching scope for: 
2024-04-24T04:56:53,086  INFO [main] parse.CalcitePlanner: Starting Semantic Analysis
2024-04-24T04:56:53,089  INFO [main] parse.CalcitePlanner: Completed phase 1 of Semantic Analysis
2024-04-24T04:56:53,089  INFO [main] parse.CalcitePlanner: Get metadata for source tables
2024-04-24T04:56:53,089  INFO [main] HiveMetaStore.audit: ugi=alex	ip=unknown-ip-addr	cmd=get_table : tbl=hive.default.t	
2024-04-24T04:56:53,094  INFO [main] metastore.ObjectStore: Removed COLUMN_STATS_ACCURATE from Table's parameters.
2024-04-24T04:56:53,095  INFO [main] metastore.HMSHandler: Skipping translation for processor with null
2024-04-24T04:56:53,096  INFO [main] parse.CalcitePlanner: Get metadata for subqueries
2024-04-24T04:56:53,096  INFO [main] parse.CalcitePlanner: Get metadata for destination tables
2024-04-24T04:56:53,096  INFO [main] parse.CalcitePlanner: Completed getting MetaData in Semantic Analysis
2024-04-24T04:56:53,107  INFO [main] HiveMetaStore.audit: ugi=alex	ip=unknown-ip-addr	cmd=get_all_table_constraints : tbl=hive.default.t	
2024-04-24T04:56:53,115  INFO [main] calcite.RelOptHiveTable: Calculating column statistics for default.t, projIndxSet: [0, 1], allowMissingStats: true
2024-04-24T04:56:53,116  INFO [main] HiveMetaStore.audit: ugi=alex	ip=unknown-ip-addr	cmd=get_table : tbl=hive.default.t	
2024-04-24T04:56:53,124  INFO [main] metastore.HMSHandler: Skipping translation for processor with null
2024-04-24T04:56:53,124  INFO [main] HiveMetaStore.audit: ugi=alex	ip=unknown-ip-addr	cmd=get_table : tbl=hive.default.t	
2024-04-24T04:56:53,132  INFO [main] metastore.HMSHandler: Skipping translation for processor with null
2024-04-24T04:56:53,132  INFO [main] HiveMetaStore.audit: ugi=alex	ip=unknown-ip-addr	cmd=get_table_statistics_req: table=hive.default.t	
2024-04-24T04:56:53,140  WARN [main] calcite.RelOptHiveTable: No Stats for default@t, Columns: b, a
No Stats for default@t, Columns: b, a
2024-04-24T04:56:53,140  INFO [main] SessionState: No Stats for default@t, Columns: b, a
2024-04-24T04:56:53,180  INFO [main] parse.CalcitePlanner: Get metadata for source tables
2024-04-24T04:56:53,180  INFO [main] parse.CalcitePlanner: Get metadata for subqueries
2024-04-24T04:56:53,180  INFO [main] parse.CalcitePlanner: Get metadata for destination tables
2024-04-24T04:56:53,181  INFO [main] common.FileUtils: Creating directory if it doesn't exist: file:/home/alex/Repositories/hive/ql/target/tmp/localscratchdir/76f5c248-f88a-41bd-9470-170abb95aeb5/hive_2024-04-24_04-56-53_083_7599185818514674959-1/-mr-10001/.hive-staging_hive_2024-04-24_04-56-53_083_7599185818514674959-1
2024-04-24T04:56:53,188  INFO [main] parse.CalcitePlanner: CBO Succeeded; optimized logical plan.
2024-04-24T04:56:53,190  INFO [main] optimizer.ColumnPrunerProcFactory: RS 2 oldColExprMap: {VALUE._col1=Column[_col2], KEY.reducesinkkey0=Column[_col0], VALUE._col2=Column[_col3], VALUE._col0=Column[_col1]}
2024-04-24T04:56:53,190  INFO [main] optimizer.ColumnPrunerProcFactory: RS 2 newColExprMap: {VALUE._col0=Column[_col1], VALUE._col2=Column[_col3], VALUE._col1=Column[_col2], KEY.reducesinkkey0=Column[_col0]}
2024-04-24T04:56:53,190  INFO [main] optimizer.BucketVersionPopulator: not considering bucketingVersion for: TS[0] because it has -1<2 buckets 
2024-04-24T04:56:53,191  INFO [main] optimizer.SortedDynPartitionOptimizer: Sorted dynamic partitioning optimization kicked in..
2024-04-24T04:56:53,199  INFO [main] physical.Vectorizer: Examining input format to see if vectorization is enabled.
2024-04-24T04:56:53,199  INFO [main] physical.Vectorizer: Vectorization is enabled for input format(s) [org.apache.hadoop.hive.ql.io.orc.OrcInputFormat]
2024-04-24T04:56:53,199  INFO [main] physical.Vectorizer: Validating and vectorizing MapWork... (vectorizedVertexNum 0)
2024-04-24T04:56:53,200  INFO [main] physical.Vectorizer: Map vectorization enabled: true
2024-04-24T04:56:53,200  INFO [main] physical.Vectorizer: Map vectorized: false
2024-04-24T04:56:53,200  INFO [main] physical.Vectorizer: Map notVectorizedReason: Select expression for SELECT operator: Virtual column INPUT__FILE__NAME is not supported
2024-04-24T04:56:53,200  INFO [main] physical.Vectorizer: Map vectorizedVertexNum: 0
2024-04-24T04:56:53,200  INFO [main] physical.Vectorizer: Map enabledConditionsMet: [hive.vectorized.use.vectorized.input.format IS true]
2024-04-24T04:56:53,200  INFO [main] physical.Vectorizer: Map inputFileFormatClassNameSet: [org.apache.hadoop.hive.ql.io.orc.OrcInputFormat]
2024-04-24T04:56:53,200  INFO [main] physical.Vectorizer: Reduce vectorization enabled: false
2024-04-24T04:56:53,200  INFO [main] physical.Vectorizer: Reduce vectorized: false
2024-04-24T04:56:53,200  INFO [main] physical.Vectorizer: Reduce vectorizedVertexNum: 1
2024-04-24T04:56:53,200  INFO [main] physical.Vectorizer: Reducer hive.vectorized.execution.reduce.enabled: true
2024-04-24T04:56:53,200  INFO [main] physical.Vectorizer: Reducer engine: mr
2024-04-24T04:56:53,200  INFO [main] parse.CalcitePlanner: Completed plan generation
2024-04-24T04:56:53,200  INFO [main] parse.CalcitePlanner: Ending caching scope for: 
2024-04-24T04:56:53,200  INFO [main] ql.Driver: Semantic Analysis Completed (retrial = false)
2024-04-24T04:56:53,200  INFO [main] ql.Driver: Created Hive schema: Schema(fieldSchemas:[FieldSchema(name:row__id, type:struct<writeid:bigint,bucketid:int,rowid:bigint>, comment:null), FieldSchema(name:a, type:int, comment:null), FieldSchema(name:b, type:int, comment:null), FieldSchema(name:input__file__name, type:string, comment:null)], properties:null)
2024-04-24T04:56:53,201  INFO [main] exec.ListSinkOperator: Initializing Operator: LIST_SINK[5]
2024-04-24T04:56:53,201  INFO [main] metadata.Hive: Dumping metastore api call timing information for : compilation phase
2024-04-24T04:56:53,201  INFO [main] metadata.Hive: Total time spent in each metastore function (ms): {getTableColumnStatistics_(String, String, List, String)=23, getValidTxns_(long)=0, getTable_(GetTableRequest)=6, isCompatibleWith_(Configuration)=0, openTxn_(String, TxnType)=2, flushCache_()=0, commitTxn_(CommitTxnRequest)=11, getAllTableConstraints_(AllTableConstraintsRequest)=4, getValidWriteIds_(List, String)=4}
2024-04-24T04:56:53,201  INFO [main] ql.Driver: Completed compiling command(queryId=alex_20240424045653_19c8f83f-755f-4159-8b18-7a56569f9c39); Time taken: 0.118 seconds
2024-04-24T04:56:53,202  INFO [main] lockmgr.DbTxnManager: Setting lock request transaction to txnid:20 for queryId=alex_20240424045653_19c8f83f-755f-4159-8b18-7a56569f9c39
2024-04-24T04:56:53,202  INFO [main] lockmgr.DbLockManager: Requesting lock for queryId=alex_20240424045653_19c8f83f-755f-4159-8b18-7a56569f9c39
2024-04-24T04:56:53,216  INFO [main] lockmgr.DbLockManager: Response to queryId=alex_20240424045653_19c8f83f-755f-4159-8b18-7a56569f9c39 LockResponse(lockid:13, state:ACQUIRED)
2024-04-24T04:56:53,216  INFO [main] ql.Driver: Operation QUERY obtained 1 locks
2024-04-24T04:56:53,216  INFO [main] ql.Driver: Executing command(queryId=alex_20240424045653_19c8f83f-755f-4159-8b18-7a56569f9c39): select ROW__ID, a, b, INPUT__FILE__NAME from T order by ROW__ID
2024-04-24T04:56:53,216  WARN [main] ql.Driver: Hive-on-MR is deprecated in Hive 2 and may not be available in the future versions. Consider using a different execution engine (i.e. spark, tez) or using Hive 1.X releases.
Query ID = alex_20240424045653_19c8f83f-755f-4159-8b18-7a56569f9c39
2024-04-24T04:56:53,217  INFO [main] ql.Driver: Query ID = alex_20240424045653_19c8f83f-755f-4159-8b18-7a56569f9c39
Total jobs = 1
2024-04-24T04:56:53,217  INFO [main] ql.Driver: Total jobs = 1
Launching Job 1 out of 1
2024-04-24T04:56:53,217  INFO [main] ql.Driver: Launching Job 1 out of 1
2024-04-24T04:56:53,344  INFO [main] ql.Driver: Starting task [Stage-1:MAPRED] in serial mode
Number of reduce tasks determined at compile time: 1
2024-04-24T04:56:53,344  INFO [main] exec.Task: Number of reduce tasks determined at compile time: 1
In order to change the average load for a reducer (in bytes):
2024-04-24T04:56:53,344  INFO [main] exec.Task: In order to change the average load for a reducer (in bytes):
  set hive.exec.reducers.bytes.per.reducer=<number>
2024-04-24T04:56:53,344  INFO [main] exec.Task:   set hive.exec.reducers.bytes.per.reducer=<number>
In order to limit the maximum number of reducers:
2024-04-24T04:56:53,344  INFO [main] exec.Task: In order to limit the maximum number of reducers:
  set hive.exec.reducers.max=<number>
2024-04-24T04:56:53,344  INFO [main] exec.Task:   set hive.exec.reducers.max=<number>
In order to set a constant number of reducers:
2024-04-24T04:56:53,344  INFO [main] exec.Task: In order to set a constant number of reducers:
  set mapreduce.job.reduces=<number>
2024-04-24T04:56:53,344  INFO [main] exec.Task:   set mapreduce.job.reduces=<number>
2024-04-24T04:56:53,347  INFO [main] mr.ExecDriver: Using org.apache.hadoop.hive.ql.io.HiveInputFormat
2024-04-24T04:56:53,347  INFO [main] exec.Utilities: Processing alias t
2024-04-24T04:56:53,347  INFO [main] exec.Utilities: Adding 1 inputs; the first input is file:/home/alex/Repositories/hive/ql/target/tmp/org.apache.hadoop.hive.ql.TestTxnExIm-1713959704617/warehouse/t
2024-04-24T04:56:53,356  INFO [main] exec.SerializationUtilities: Serializing MapWork using kryo
2024-04-24T04:56:53,357  INFO [main] exec.Utilities: Serialized plan (via FILE) - name: null size: 5,01KB
2024-04-24T04:56:53,361  INFO [main] exec.SerializationUtilities: Serializing ReduceWork using kryo
2024-04-24T04:56:53,362  INFO [main] exec.Utilities: Serialized plan (via FILE) - name: null size: 6,00KB
2024-04-24T04:56:53,363  WARN [main] impl.MetricsSystemImpl: JobTracker metrics system already initialized!
2024-04-24T04:56:53,368  WARN [main] impl.MetricsSystemImpl: JobTracker metrics system already initialized!
2024-04-24T04:56:53,375  WARN [main] mapreduce.JobResourceUploader: Hadoop command-line option parsing not performed. Implement the Tool interface and execute your application with ToolRunner to remedy this.
2024-04-24T04:56:53,379  WARN [main] mapreduce.JobResourceUploader: No job jar file set.  User classes may not be found. See Job or Job#setJar(String).
2024-04-24T04:56:53,380  INFO [main] io.HiveInputFormat: hive.io.file.readcolumn.ids = 0,1
2024-04-24T04:56:53,380  INFO [main] io.HiveInputFormat: hive.io.file.readcolumn.names = a,b
2024-04-24T04:56:53,380  INFO [main] io.HiveInputFormat: Generating splits for dirs: file:/home/alex/Repositories/hive/ql/target/tmp/org.apache.hadoop.hive.ql.TestTxnExIm-1713959704617/warehouse/t
2024-04-24T04:56:53,381  INFO [main] orc.OrcInputFormat: getSplits started
2024-04-24T04:56:53,381  INFO [main] orc.OrcInputFormat: Context:: isAcid: true isVectorMode: false sarg: null minSplitSize: 1 maxSplitSize: 256000000 splitStrategy: HYBRID footerInSplits: false numBuckets: 0 numThreads: 10 cacheMemSize: 268435456 cacheStripeDetails: true useSoftReference: false writeIdList: default.t:1:9223372036854775807:: isTransactionalTable: true txnProperties: default 
2024-04-24T04:56:53,381  INFO [main] orc.OrcInputFormat: ORC pushdown predicate: null
2024-04-24T04:56:53,388  INFO [main] orc.OrcInputFormat: FooterCacheHitRatio: 0/1
2024-04-24T04:56:53,388  INFO [main] orc.OrcInputFormat: getSplits finished (#splits: 1). duration: 7 ms
2024-04-24T04:56:53,388  INFO [main] io.HiveInputFormat: number of splits 1
2024-04-24T04:56:53,405  INFO [main] mapreduce.JobSubmitter: number of splits:1
2024-04-24T04:56:53,423  INFO [main] mapreduce.JobSubmitter: Submitting tokens for job: job_local604071807_0046
2024-04-24T04:56:53,423  INFO [main] mapreduce.JobSubmitter: Executing with tokens: []
2024-04-24T04:56:53,478  INFO [main] mapreduce.Job: The url to track the job: http://localhost:8080/
Job running in-process (local Hadoop)
2024-04-24T04:56:53,479  INFO [main] exec.Task: Job running in-process (local Hadoop)
2024-04-24T04:56:53,479  INFO [Thread-3320] mapred.LocalJobRunner: OutputCommitter set in config org.apache.hadoop.hive.ql.io.HiveFileFormatUtils$NullOutputCommitter
2024-04-24T04:56:53,479  INFO [Thread-3320] mapred.LocalJobRunner: OutputCommitter is org.apache.hadoop.hive.ql.io.HiveFileFormatUtils$NullOutputCommitter
2024-04-24T04:56:53,480  INFO [Thread-3320] mapred.LocalJobRunner: Waiting for map tasks
2024-04-24T04:56:53,480  INFO [LocalJobRunner Map Task Executor #0] mapred.LocalJobRunner: Starting task: attempt_local604071807_0046_m_000000_0
2024-04-24T04:56:53,481  INFO [LocalJobRunner Map Task Executor #0] mapred.Task:  Using ResourceCalculatorProcessTree : [ ]
2024-04-24T04:56:53,481  INFO [LocalJobRunner Map Task Executor #0] mapred.MapTask: Processing split: org.apache.hadoop.hive.ql.io.orc.OrcInputFormat:OrcSplit [file:/home/alex/Repositories/hive/ql/target/tmp/org.apache.hadoop.hive.ql.TestTxnExIm-1713959704617/warehouse/t/delta_0000001_0000001_0000/000000_0, start=3, length=112, isOriginal=true, fileLength=256, hasFooter=false, hasBase=true, deltas=0]
2024-04-24T04:56:53,482  INFO [LocalJobRunner Map Task Executor #0] exec.SerializationUtilities: Deserializing MapWork using kryo
2024-04-24T04:56:53,482  INFO [LocalJobRunner Map Task Executor #0] exec.Utilities: Deserialized plan (via FILE) - name: null size: 5,01KB
2024-04-24T04:56:53,483  INFO [LocalJobRunner Map Task Executor #0] orc.OrcRawRecordMerger: min key = null, max key = null
2024-04-24T04:56:53,483  INFO [LocalJobRunner Map Task Executor #0] orc.ReaderImpl: Reading ORC rows from file:/home/alex/Repositories/hive/ql/target/tmp/org.apache.hadoop.hive.ql.TestTxnExIm-1713959704617/warehouse/t/delta_0000001_0000001_0000/000000_0 with {include: [true, true, true], offset: 3, length: 112, schema: struct<a:int,b:int>, includeAcidColumns: true}
2024-04-24T04:56:53,487  INFO [LocalJobRunner Map Task Executor #0] orc.OrcRawRecordMerger: updated min key = null, max key = null
2024-04-24T04:56:53,487  INFO [LocalJobRunner Map Task Executor #0] mapred.MapTask: numReduceTasks: 1
2024-04-24T04:56:53,504  INFO [LocalJobRunner Map Task Executor #0] mapred.MapTask: (EQUATOR) 0 kvi 26214396(104857584)
2024-04-24T04:56:53,505  INFO [LocalJobRunner Map Task Executor #0] mapred.MapTask: mapreduce.task.io.sort.mb: 100
2024-04-24T04:56:53,505  INFO [LocalJobRunner Map Task Executor #0] mapred.MapTask: soft limit at 83886080
2024-04-24T04:56:53,505  INFO [LocalJobRunner Map Task Executor #0] mapred.MapTask: bufstart = 0; bufvoid = 104857600
2024-04-24T04:56:53,505  INFO [LocalJobRunner Map Task Executor #0] mapred.MapTask: kvstart = 26214396; length = 6553600
2024-04-24T04:56:53,505  INFO [LocalJobRunner Map Task Executor #0] mapred.MapTask: Map output collector class = org.apache.hadoop.mapred.MapTask$MapOutputBuffer
2024-04-24T04:56:53,505  INFO [LocalJobRunner Map Task Executor #0] exec.MapOperator: Initializing Operator: MAP[0]
2024-04-24T04:56:53,507  INFO [LocalJobRunner Map Task Executor #0] mr.ExecMapper: 
<MAP>Id =0
  <Children>null
  <\Children>
  <Parent><\Parent>
<\MAP>
2024-04-24T04:56:53,507  INFO [LocalJobRunner Map Task Executor #0] exec.TableScanOperator: Initializing Operator: TS[0]
2024-04-24T04:56:53,507  INFO [LocalJobRunner Map Task Executor #0] exec.SelectOperator: Initializing Operator: SEL[1]
2024-04-24T04:56:53,507  INFO [LocalJobRunner Map Task Executor #0] exec.SelectOperator: SELECT struct<a:int,b:int,row__id:struct<writeid:bigint,bucketid:int,rowid:bigint>,input__file__name:string>
2024-04-24T04:56:53,507  INFO [LocalJobRunner Map Task Executor #0] exec.ReduceSinkOperator: Initializing Operator: RS[2]
2024-04-24T04:56:53,507  INFO [LocalJobRunner Map Task Executor #0] exec.ReduceSinkOperator: Using tag = -1
2024-04-24T04:56:53,508  INFO [LocalJobRunner Map Task Executor #0] exec.ReduceSinkOperator: keys are [reducesinkkey0] num distributions: 1
2024-04-24T04:56:53,508  INFO [LocalJobRunner Map Task Executor #0] exec.ReduceSinkOperator: RS[2]: records written - 1
2024-04-24T04:56:53,508  INFO [LocalJobRunner Map Task Executor #0] exec.MapOperator: MAP[0]: records read - 1
2024-04-24T04:56:53,508  INFO [LocalJobRunner Map Task Executor #0] exec.MapOperator: Closing Operator: MAP[0]
2024-04-24T04:56:53,508  INFO [LocalJobRunner Map Task Executor #0] exec.MapOperator: MAP[0]: Total records read - 3. abort - false
2024-04-24T04:56:53,508  INFO [LocalJobRunner Map Task Executor #0] exec.MapOperator: RECORDS_OUT_INTERMEDIATE:0, RECORDS_OUT_OPERATOR_MAP_0:0, DESERIALIZE_ERRORS:0, RECORDS_IN:3, 
2024-04-24T04:56:53,509  INFO [LocalJobRunner Map Task Executor #0] exec.TableScanOperator: Closing Operator: TS[0]
2024-04-24T04:56:53,509  INFO [LocalJobRunner Map Task Executor #0] exec.TableScanOperator: RECORDS_OUT_OPERATOR_TS_0:3, RECORDS_OUT_INTERMEDIATE:0, 
2024-04-24T04:56:53,509  INFO [LocalJobRunner Map Task Executor #0] exec.SelectOperator: Closing Operator: SEL[1]
2024-04-24T04:56:53,509  INFO [LocalJobRunner Map Task Executor #0] exec.SelectOperator: RECORDS_OUT_INTERMEDIATE:0, RECORDS_OUT_OPERATOR_SEL_1:3, 
2024-04-24T04:56:53,509  INFO [LocalJobRunner Map Task Executor #0] exec.ReduceSinkOperator: Closing Operator: RS[2]
2024-04-24T04:56:53,509  INFO [LocalJobRunner Map Task Executor #0] exec.ReduceSinkOperator: RS[2]: Total records written - 3. abort - false
2024-04-24T04:56:53,509  INFO [LocalJobRunner Map Task Executor #0] exec.ReduceSinkOperator: RECORDS_OUT_INTERMEDIATE:3, RECORDS_OUT_OPERATOR_RS_2:3, 
2024-04-24T04:56:53,509  INFO [LocalJobRunner Map Task Executor #0] mapred.LocalJobRunner: 
2024-04-24T04:56:53,509  INFO [LocalJobRunner Map Task Executor #0] mapred.MapTask: Starting flush of map output
2024-04-24T04:56:53,509  INFO [LocalJobRunner Map Task Executor #0] mapred.MapTask: Spilling map output
2024-04-24T04:56:53,509  INFO [LocalJobRunner Map Task Executor #0] mapred.MapTask: bufstart = 0; bufend = 555; bufvoid = 104857600
2024-04-24T04:56:53,509  INFO [LocalJobRunner Map Task Executor #0] mapred.MapTask: kvstart = 26214396(104857584); kvend = 26214388(104857552); length = 9/6553600
2024-04-24T04:56:53,521  INFO [LocalJobRunner Map Task Executor #0] mapred.MapTask: Finished spill 0
2024-04-24T04:56:53,524  INFO [LocalJobRunner Map Task Executor #0] mapred.Task: Task:attempt_local604071807_0046_m_000000_0 is done. And is in the process of committing
2024-04-24T04:56:53,524  INFO [LocalJobRunner Map Task Executor #0] mapred.LocalJobRunner: OrcSplit [file:/home/alex/Repositories/hive/ql/target/tmp/org.apache.hadoop.hive.ql.TestTxnExIm-1713959704617/warehouse/t/delta_0000001_0000001_0000/000000_0, start=3, length=112, isOriginal=true, fileLength=256, hasFooter=false, hasBase=true, deltas=0]
2024-04-24T04:56:53,524  INFO [LocalJobRunner Map Task Executor #0] mapred.Task: Task 'attempt_local604071807_0046_m_000000_0' done.
2024-04-24T04:56:53,524  INFO [LocalJobRunner Map Task Executor #0] mapred.Task: Final Counters for attempt_local604071807_0046_m_000000_0: Counters: 24
	File System Counters
		FILE: Number of bytes read=806760
		FILE: Number of bytes written=53776993
		FILE: Number of read operations=0
		FILE: Number of large read operations=0
		FILE: Number of write operations=0
	Map-Reduce Framework
		Map input records=3
		Map output records=3
		Map output bytes=555
		Map output materialized bytes=570
		Input split bytes=469
		Combine input records=0
		Spilled Records=3
		Failed Shuffles=0
		Merged Map outputs=0
		GC time elapsed (ms)=12
		Total committed heap usage (bytes)=1237319680
	HIVE
		DESERIALIZE_ERRORS=0
		RECORDS_IN=3
		RECORDS_OUT_INTERMEDIATE=3
		RECORDS_OUT_OPERATOR_MAP_0=0
		RECORDS_OUT_OPERATOR_RS_2=3
		RECORDS_OUT_OPERATOR_SEL_1=3
		RECORDS_OUT_OPERATOR_TS_0=3
	File Input Format Counters 
		Bytes Read=6144
2024-04-24T04:56:53,524  INFO [LocalJobRunner Map Task Executor #0] mapred.LocalJobRunner: Finishing task: attempt_local604071807_0046_m_000000_0
2024-04-24T04:56:53,524  INFO [Thread-3320] mapred.LocalJobRunner: map task executor complete.
2024-04-24T04:56:53,525  INFO [Thread-3320] mapred.LocalJobRunner: Waiting for reduce tasks
2024-04-24T04:56:53,525  INFO [pool-197-thread-1] mapred.LocalJobRunner: Starting task: attempt_local604071807_0046_r_000000_0
2024-04-24T04:56:53,526  INFO [pool-197-thread-1] mapred.Task:  Using ResourceCalculatorProcessTree : [ ]
2024-04-24T04:56:53,526  INFO [pool-197-thread-1] mapred.ReduceTask: Using ShuffleConsumerPlugin: org.apache.hadoop.mapreduce.task.reduce.Shuffle@4f8fa42
2024-04-24T04:56:53,526  WARN [pool-197-thread-1] impl.MetricsSystemImpl: JobTracker metrics system already initialized!
2024-04-24T04:56:53,527  INFO [pool-197-thread-1] reduce.MergeManagerImpl: MergerManager: memoryLimit=1336252800, maxSingleShuffleLimit=334063200, mergeThreshold=881926912, ioSortFactor=10, memToMemMergeOutputsThreshold=10
2024-04-24T04:56:53,527  INFO [EventFetcher for fetching Map Completion Events] reduce.EventFetcher: attempt_local604071807_0046_r_000000_0 Thread started: EventFetcher for fetching Map Completion Events
2024-04-24T04:56:53,530  INFO [localfetcher#31] reduce.LocalFetcher: localfetcher#31 about to shuffle output of map attempt_local604071807_0046_m_000000_0 decomp: 566 len: 570 to MEMORY
2024-04-24T04:56:53,530  INFO [localfetcher#31] reduce.InMemoryMapOutput: Read 566 bytes from map-output for attempt_local604071807_0046_m_000000_0
2024-04-24T04:56:53,530  INFO [localfetcher#31] reduce.MergeManagerImpl: closeInMemoryFile -> map-output of size: 566, inMemoryMapOutputs.size() -> 1, commitMemory -> 0, usedMemory ->566
2024-04-24T04:56:53,531  INFO [EventFetcher for fetching Map Completion Events] reduce.EventFetcher: EventFetcher is interrupted.. Returning
2024-04-24T04:56:53,531  INFO [pool-197-thread-1] mapred.LocalJobRunner: 1 / 1 copied.
2024-04-24T04:56:53,531  INFO [pool-197-thread-1] reduce.MergeManagerImpl: finalMerge called with 1 in-memory map-outputs and 0 on-disk map-outputs
2024-04-24T04:56:53,537  INFO [pool-197-thread-1] mapred.Merger: Merging 1 sorted segments
2024-04-24T04:56:53,537  INFO [pool-197-thread-1] mapred.Merger: Down to the last merge-pass, with 1 segments left of total size: 534 bytes
2024-04-24T04:56:53,539  INFO [pool-197-thread-1] reduce.MergeManagerImpl: Merged 1 segments, 566 bytes to disk to satisfy reduce memory limit
2024-04-24T04:56:53,540  INFO [pool-197-thread-1] reduce.MergeManagerImpl: Merging 1 files, 570 bytes from disk
2024-04-24T04:56:53,540  INFO [pool-197-thread-1] reduce.MergeManagerImpl: Merging 0 segments, 0 bytes from memory into reduce
2024-04-24T04:56:53,540  INFO [pool-197-thread-1] mapred.Merger: Merging 1 sorted segments
2024-04-24T04:56:53,540  INFO [pool-197-thread-1] mapred.Merger: Down to the last merge-pass, with 1 segments left of total size: 534 bytes
2024-04-24T04:56:53,540  INFO [pool-197-thread-1] mapred.LocalJobRunner: 1 / 1 copied.
2024-04-24T04:56:53,540  INFO [pool-197-thread-1] exec.SerializationUtilities: Deserializing ReduceWork using kryo
2024-04-24T04:56:53,541  INFO [pool-197-thread-1] exec.Utilities: Deserialized plan (via FILE) - name: null size: 6,00KB
2024-04-24T04:56:53,542  INFO [pool-197-thread-1] ExecReducer: 
<SEL>Id =3
  <Children>
    <FS>Id =4
      <Children>
      <\Children>
      <Parent>Id = 3 null<\Parent>
    <\FS>
  <\Children>
  <Parent><\Parent>
<\SEL>
2024-04-24T04:56:53,542  INFO [pool-197-thread-1] exec.SelectOperator: Initializing Operator: SEL[3]
2024-04-24T04:56:53,542  INFO [pool-197-thread-1] exec.SelectOperator: SELECT struct<key:struct<reducesinkkey0:struct<writeid:bigint,bucketid:int,rowid:bigint>>,value:struct<_col0:int,_col1:int,_col2:string>>
2024-04-24T04:56:53,542  INFO [pool-197-thread-1] exec.FileSinkOperator: Initializing Operator: FS[4]
2024-04-24T04:56:53,542  INFO [pool-197-thread-1] exec.FileSinkOperator: Using serializer : class org.apache.hadoop.hive.serde2.lazy.LazySimpleSerDe [serdeParams=org.apache.hadoop.hive.serde2.lazy.LazySerDeParameters@6b8429d5, cachedObjectInspector=org.apache.hadoop.hive.serde2.lazy.objectinspector.LazySimpleStructObjectInspector<org.apache.hadoop.hive.serde2.lazy.objectinspector.LazySimpleStructObjectInspector<org.apache.hadoop.hive.serde2.lazy.objectinspector.primitive.LazyLongObjectInspector@6fdaeb7f,org.apache.hadoop.hive.serde2.lazy.objectinspector.primitive.LazyIntObjectInspector@2b8cf049,org.apache.hadoop.hive.serde2.lazy.objectinspector.primitive.LazyLongObjectInspector@6fdaeb7f>,org.apache.hadoop.hive.serde2.lazy.objectinspector.primitive.LazyIntObjectInspector@2b8cf049,org.apache.hadoop.hive.serde2.lazy.objectinspector.primitive.LazyIntObjectInspector@2b8cf049,org.apache.hadoop.hive.serde2.lazy.objectinspector.primitive.LazyStringObjectInspector@609f136b>, serializedSize=0, stats=org.apache.hadoop.hive.serde2.SerDeStats@2f633e55, lastOperationSerialize=false, lastOperationDeserialize=false [1, 2, 3, 4, 5, 6, 7, 8, 11, 14, 15, 16, 17, 18, 19, 20, 21, 22, 23, 24, 25, 26, 28, 29, 30, 31, -128, -127, -126, -125, -124, -123, -122, -121, -120, -119, -118, -117, -116, -115, -114, -113, -112, -111, -110, -109, -108, -107, -106, -105, -104, -103, -102, -101, -100, -99, -98, -97, -96, -95, -94, -93, -92, -91, -90, -89, -88, -87, -86, -85, -84, -83, -82, -81, -80, -79, -78, -77, -76, -75, -74, -73, -72, -71, -70, -69, -68, -67, -66, -65, -64, -63, -62, -61, -60, -59, -58, -57, -56, -55, -54, -53, -52, -51, -50, -49, -48, -47, -46, -45, -44, -43, -42, -41, -40, -39, -38, -37, -36, -35, -34, -33, -32, -31, -30, -29, -28, -27, -26, -25, -24, -23, -22, -21, -20, -19, -18, -17, -16, -15, -14, -13, -12, -11, -10, -9, -8, -7, -6, -5, -4, -3, -2, -1] : [_col0, _col1, _col2, _col3] : [struct<writeid:bigint,bucketid:int,rowid:bigint>, int, int, string]] and formatter : org.apache.hadoop.hive.ql.io.HiveSequenceFileOutputFormat@272ad56
2024-04-24T04:56:53,543  INFO [pool-197-thread-1] exec.FileSinkOperator: Final Path: FS file:/home/alex/Repositories/hive/ql/target/tmp/localscratchdir/76f5c248-f88a-41bd-9470-170abb95aeb5/hive_2024-04-24_04-56-53_083_7599185818514674959-1/-mr-10001/.hive-staging_hive_2024-04-24_04-56-53_083_7599185818514674959-1/_tmp.-ext-10002/000000_0
2024-04-24T04:56:53,543  INFO [pool-197-thread-1] exec.FileSinkOperator: Writing to temp file: FS file:/home/alex/Repositories/hive/ql/target/tmp/localscratchdir/76f5c248-f88a-41bd-9470-170abb95aeb5/hive_2024-04-24_04-56-53_083_7599185818514674959-1/-mr-10001/.hive-staging_hive_2024-04-24_04-56-53_083_7599185818514674959-1/_task_tmp.-ext-10002/_tmp.000000_0
2024-04-24T04:56:53,543  INFO [pool-197-thread-1] exec.FileSinkOperator: New Final Path: FS file:/home/alex/Repositories/hive/ql/target/tmp/localscratchdir/76f5c248-f88a-41bd-9470-170abb95aeb5/hive_2024-04-24_04-56-53_083_7599185818514674959-1/-mr-10001/.hive-staging_hive_2024-04-24_04-56-53_083_7599185818514674959-1/_tmp.-ext-10002/000000_0
2024-04-24T04:56:53,549  INFO [pool-197-thread-1] exec.FileSinkOperator: FS[4]: records written - 1
2024-04-24T04:56:53,550  INFO [pool-197-thread-1] exec.SelectOperator: Closing Operator: SEL[3]
2024-04-24T04:56:53,550  INFO [pool-197-thread-1] exec.SelectOperator: RECORDS_OUT_OPERATOR_SEL_3:3, RECORDS_OUT_INTERMEDIATE:0, 
2024-04-24T04:56:53,550  INFO [pool-197-thread-1] exec.FileSinkOperator: Closing Operator: FS[4]
2024-04-24T04:56:53,550  INFO [pool-197-thread-1] exec.FileSinkOperator: FS[4]: records written - 3
2024-04-24T04:56:53,550  INFO [pool-197-thread-1] exec.FileSinkOperator: RECORDS_OUT_OPERATOR_FS_4:3, RECORDS_OUT_INTERMEDIATE:0, RECORDS_OUT_0:3, 
2024-04-24T04:56:53,550  INFO [pool-197-thread-1] mapred.Task: Task:attempt_local604071807_0046_r_000000_0 is done. And is in the process of committing
2024-04-24T04:56:53,551  INFO [pool-197-thread-1] mapred.LocalJobRunner: reduce > reduce
2024-04-24T04:56:53,551  INFO [pool-197-thread-1] mapred.Task: Task 'attempt_local604071807_0046_r_000000_0' done.
2024-04-24T04:56:53,551  INFO [pool-197-thread-1] mapred.Task: Final Counters for attempt_local604071807_0046_r_000000_0: Counters: 29
	File System Counters
		FILE: Number of bytes read=813989
		FILE: Number of bytes written=53778203
		FILE: Number of read operations=0
		FILE: Number of large read operations=0
		FILE: Number of write operations=0
	Map-Reduce Framework
		Combine input records=0
		Combine output records=0
		Reduce input groups=3
		Reduce shuffle bytes=570
		Reduce input records=3
		Reduce output records=0
		Spilled Records=3
		Shuffled Maps =1
		Failed Shuffles=0
		Merged Map outputs=1
		GC time elapsed (ms)=0
		Total committed heap usage (bytes)=1237319680
	HIVE
		CREATED_FILES=1
		RECORDS_OUT_0=3
		RECORDS_OUT_INTERMEDIATE=0
		RECORDS_OUT_OPERATOR_FS_4=3
		RECORDS_OUT_OPERATOR_SEL_3=3
	Shuffle Errors
		BAD_ID=0
		CONNECTION=0
		IO_ERROR=0
		WRONG_LENGTH=0
		WRONG_MAP=0
		WRONG_REDUCE=0
	File Output Format Counters 
		Bytes Written=0
2024-04-24T04:56:53,551  INFO [pool-197-thread-1] mapred.LocalJobRunner: Finishing task: attempt_local604071807_0046_r_000000_0
2024-04-24T04:56:53,551  INFO [Thread-3320] mapred.LocalJobRunner: reduce task executor complete.
2024-04-24 04:56:54,481 Stage-1 map = 100%,  reduce = 100%
2024-04-24T04:56:54,481  INFO [main] exec.Task: 2024-04-24 04:56:54,481 Stage-1 map = 100%,  reduce = 100%
Ended Job = job_local604071807_0046
2024-04-24T04:56:54,483  INFO [main] exec.Task: Ended Job = job_local604071807_0046
2024-04-24T04:56:54,485  INFO [main] metadata.Hive: Dumping metastore api call timing information for : execution phase
2024-04-24T04:56:54,486  INFO [main] metadata.Hive: Total time spent in each metastore function (ms): {}
MapReduce Jobs Launched: 
2024-04-24T04:56:54,486  INFO [main] ql.Driver: MapReduce Jobs Launched: 
Stage-Stage-1:  HDFS Read: 0 HDFS Write: 0 SUCCESS
2024-04-24T04:56:54,486  INFO [main] ql.Driver: Stage-Stage-1:  HDFS Read: 0 HDFS Write: 0 SUCCESS
Total MapReduce CPU Time Spent: 0 msec
2024-04-24T04:56:54,486  INFO [main] ql.Driver: Total MapReduce CPU Time Spent: 0 msec
2024-04-24T04:56:54,486  INFO [main] ql.Driver: Completed executing command(queryId=alex_20240424045653_19c8f83f-755f-4159-8b18-7a56569f9c39); Time taken: 1.269 seconds
2024-04-24T04:56:54,486  INFO [main] lockmgr.DbTxnManager: Stopped heartbeat for query: alex_20240424045653_19c8f83f-755f-4159-8b18-7a56569f9c39
2024-04-24T04:56:54,490  INFO [main] txn.TxnHandler: Expected to move at least one record from txn_components to completed_txn_components when committing txn! txnid:20
2024-04-24T04:56:54,495  INFO [main] txn.TxnHandler: Removed transactions: ([20]) from MIN_HISTORY_LEVEL
2024-04-24T04:56:54,495  WARN [main] txn.CompactionTxnHandler: No compaction queue record found for Compaction type transaction commit. txnId:20
2024-04-24T04:56:54,499  INFO [main] mapred.FileInputFormat: Total input files to process : 1
2024-04-24T04:56:54,500  INFO [main] exec.ListSinkOperator: Closing Operator: LIST_SINK[5]
2024-04-24T04:56:54,500  INFO [main] exec.ListSinkOperator: RECORDS_OUT_INTERMEDIATE:0, RECORDS_OUT_OPERATOR_LIST_SINK_5:3, 
2024-04-24T04:56:54,500  WARN [main] ql.TestTxnExIm: testImport: read data(import existing table): 
2024-04-24T04:56:54,500  INFO [main] ql.TestTxnExIm: {"writeid":1,"bucketid":536870912,"rowid":0}	1	2	file:/home/alex/Repositories/hive/ql/target/tmp/org.apache.hadoop.hive.ql.TestTxnExIm-1713959704617/warehouse/t/delta_0000001_0000001_0000/000000_0
{"writeid":1,"bucketid":536870912,"rowid":1}	3	4	file:/home/alex/Repositories/hive/ql/target/tmp/org.apache.hadoop.hive.ql.TestTxnExIm-1713959704617/warehouse/t/delta_0000001_0000001_0000/000000_0
{"writeid":1,"bucketid":536870912,"rowid":2}	5	6	file:/home/alex/Repositories/hive/ql/target/tmp/org.apache.hadoop.hive.ql.TestTxnExIm-1713959704617/warehouse/t/delta_0000001_0000001_0000/000000_0

2024-04-24T04:56:54,500  INFO [main] ql.TxnCommandsBaseForTests: Running the query: EXPLAIN VECTORIZATION DETAIL select ROW__ID, a, b, INPUT__FILE__NAME from T order by ROW__ID
2024-04-24T04:56:54,500  INFO [main] ql.Context: Deleting scratch dir: file:/home/alex/Repositories/hive/ql/target/tmp/localscratchdir/76f5c248-f88a-41bd-9470-170abb95aeb5/hive_2024-04-24_04-56-53_083_7599185818514674959-1
2024-04-24T04:56:54,501  INFO [main] cleanup.SyncCleanupService: Deleted directory: file:/home/alex/Repositories/hive/ql/target/tmp/localscratchdir/76f5c248-f88a-41bd-9470-170abb95aeb5/hive_2024-04-24_04-56-53_083_7599185818514674959-1 on fs with scheme file
2024-04-24T04:56:54,501  INFO [main] ql.Driver: Compiling command(queryId=alex_20240424045654_2b7afc24-ed5d-4e3a-86b9-85677fcaa989): EXPLAIN VECTORIZATION DETAIL select ROW__ID, a, b, INPUT__FILE__NAME from T order by ROW__ID
2024-04-24T04:56:54,504  INFO [main] txn.TxnHandler: Added entries to MIN_HISTORY_LEVEL for current txns: ([21]) with min_open_txn: 21
2024-04-24T04:56:54,504  INFO [main] lockmgr.DbTxnManager: Opened txnid:21
2024-04-24T04:56:54,504  INFO [main] parse.CalcitePlanner: Starting Semantic Analysis
2024-04-24T04:56:54,507  INFO [main] parse.CalcitePlanner: Completed phase 1 of Semantic Analysis
2024-04-24T04:56:54,507  INFO [main] parse.CalcitePlanner: Get metadata for source tables
2024-04-24T04:56:54,507  INFO [main] HiveMetaStore.audit: ugi=alex	ip=unknown-ip-addr	cmd=get_table : tbl=hive.default.t	
2024-04-24T04:56:54,512  INFO [main] metastore.ObjectStore: Removed COLUMN_STATS_ACCURATE from Table's parameters.
2024-04-24T04:56:54,514  INFO [main] metastore.HMSHandler: Skipping translation for processor with null
2024-04-24T04:56:54,514  INFO [main] parse.CalcitePlanner: Get metadata for subqueries
2024-04-24T04:56:54,514  INFO [main] parse.CalcitePlanner: Get metadata for destination tables
2024-04-24T04:56:54,514  INFO [main] parse.CalcitePlanner: Completed getting MetaData in Semantic Analysis
2024-04-24T04:56:54,525  INFO [main] HiveMetaStore.audit: ugi=alex	ip=unknown-ip-addr	cmd=get_all_table_constraints : tbl=hive.default.t	
2024-04-24T04:56:54,533  INFO [main] calcite.RelOptHiveTable: Calculating column statistics for default.t, projIndxSet: [0, 1], allowMissingStats: true
2024-04-24T04:56:54,534  INFO [main] HiveMetaStore.audit: ugi=alex	ip=unknown-ip-addr	cmd=get_table : tbl=hive.default.t	
2024-04-24T04:56:54,542  INFO [main] metastore.HMSHandler: Skipping translation for processor with null
2024-04-24T04:56:54,542  INFO [main] HiveMetaStore.audit: ugi=alex	ip=unknown-ip-addr	cmd=get_table : tbl=hive.default.t	
2024-04-24T04:56:54,550  INFO [main] metastore.HMSHandler: Skipping translation for processor with null
2024-04-24T04:56:54,550  INFO [main] HiveMetaStore.audit: ugi=alex	ip=unknown-ip-addr	cmd=get_table_statistics_req: table=hive.default.t	
2024-04-24T04:56:54,557  WARN [main] calcite.RelOptHiveTable: No Stats for default@t, Columns: b, a
No Stats for default@t, Columns: b, a
2024-04-24T04:56:54,557  INFO [main] SessionState: No Stats for default@t, Columns: b, a
2024-04-24T04:56:54,596  INFO [main] parse.CalcitePlanner: Get metadata for source tables
2024-04-24T04:56:54,596  INFO [main] parse.CalcitePlanner: Get metadata for subqueries
2024-04-24T04:56:54,596  INFO [main] parse.CalcitePlanner: Get metadata for destination tables
2024-04-24T04:56:54,597  INFO [main] parse.CalcitePlanner: CBO Succeeded; optimized logical plan.
2024-04-24T04:56:54,599  INFO [main] optimizer.ColumnPrunerProcFactory: RS 2 oldColExprMap: {KEY.reducesinkkey0=Column[_col0], VALUE._col1=Column[_col2], VALUE._col2=Column[_col3], VALUE._col0=Column[_col1]}
2024-04-24T04:56:54,600  INFO [main] optimizer.ColumnPrunerProcFactory: RS 2 newColExprMap: {VALUE._col2=Column[_col3], KEY.reducesinkkey0=Column[_col0], VALUE._col0=Column[_col1], VALUE._col1=Column[_col2]}
2024-04-24T04:56:54,600  INFO [main] optimizer.BucketVersionPopulator: not considering bucketingVersion for: TS[0] because it has -1<2 buckets 
2024-04-24T04:56:54,603  INFO [main] optimizer.SortedDynPartitionOptimizer: Sorted dynamic partitioning optimization kicked in..
2024-04-24T04:56:54,611  INFO [main] physical.Vectorizer: Examining input format to see if vectorization is enabled.
2024-04-24T04:56:54,611  INFO [main] physical.Vectorizer: Vectorization is enabled for input format(s) [org.apache.hadoop.hive.ql.io.orc.OrcInputFormat]
2024-04-24T04:56:54,611  INFO [main] physical.Vectorizer: Validating and vectorizing MapWork... (vectorizedVertexNum 0)
2024-04-24T04:56:54,612  INFO [main] physical.Vectorizer: Map vectorization enabled: true
2024-04-24T04:56:54,612  INFO [main] physical.Vectorizer: Map vectorized: false
2024-04-24T04:56:54,612  INFO [main] physical.Vectorizer: Map notVectorizedReason: Select expression for SELECT operator: Virtual column INPUT__FILE__NAME is not supported
2024-04-24T04:56:54,612  INFO [main] physical.Vectorizer: Map vectorizedVertexNum: 0
2024-04-24T04:56:54,612  INFO [main] physical.Vectorizer: Map enabledConditionsMet: [hive.vectorized.use.vectorized.input.format IS true]
2024-04-24T04:56:54,612  INFO [main] physical.Vectorizer: Map inputFileFormatClassNameSet: [org.apache.hadoop.hive.ql.io.orc.OrcInputFormat]
2024-04-24T04:56:54,612  INFO [main] physical.Vectorizer: Reduce vectorization enabled: false
2024-04-24T04:56:54,612  INFO [main] physical.Vectorizer: Reduce vectorized: false
2024-04-24T04:56:54,612  INFO [main] physical.Vectorizer: Reduce vectorizedVertexNum: 1
2024-04-24T04:56:54,612  INFO [main] physical.Vectorizer: Reducer hive.vectorized.execution.reduce.enabled: true
2024-04-24T04:56:54,612  INFO [main] physical.Vectorizer: Reducer engine: mr
2024-04-24T04:56:54,612  INFO [main] parse.CalcitePlanner: Completed plan generation
2024-04-24T04:56:54,612  INFO [main] ql.Driver: Semantic Analysis Completed (retrial = false)
2024-04-24T04:56:54,612  INFO [main] ql.Driver: Created Hive schema: Schema(fieldSchemas:[FieldSchema(name:Explain, type:string, comment:null)], properties:null)
2024-04-24T04:56:54,612  INFO [main] metadata.Hive: Dumping metastore api call timing information for : compilation phase
2024-04-24T04:56:54,612  INFO [main] metadata.Hive: Total time spent in each metastore function (ms): {getAllTableConstraints_(AllTableConstraintsRequest)=5, getTableColumnStatistics_(String, String, List, String)=23, getValidWriteIds_(List, String)=2, flushCache_()=1, getTable_(GetTableRequest)=7, isCompatibleWith_(Configuration)=1, openTxn_(String, TxnType)=2, commitTxn_(CommitTxnRequest)=10, getValidTxns_(long)=0}
2024-04-24T04:56:54,612  INFO [main] ql.Driver: Completed compiling command(queryId=alex_20240424045654_2b7afc24-ed5d-4e3a-86b9-85677fcaa989); Time taken: 0.111 seconds
2024-04-24T04:56:54,613  INFO [main] ql.Driver: Executing command(queryId=alex_20240424045654_2b7afc24-ed5d-4e3a-86b9-85677fcaa989): EXPLAIN VECTORIZATION DETAIL select ROW__ID, a, b, INPUT__FILE__NAME from T order by ROW__ID
2024-04-24T04:56:54,613  INFO [main] ql.Driver: Starting task [Stage-2:EXPLAIN] in serial mode
2024-04-24T04:56:54,622  INFO [main] metadata.Hive: Dumping metastore api call timing information for : execution phase
2024-04-24T04:56:54,622  INFO [main] metadata.Hive: Total time spent in each metastore function (ms): {}
2024-04-24T04:56:54,622  INFO [main] ql.Driver: Completed executing command(queryId=alex_20240424045654_2b7afc24-ed5d-4e3a-86b9-85677fcaa989); Time taken: 0.009 seconds
2024-04-24T04:56:54,622  INFO [main] lockmgr.DbTxnManager: Stopped heartbeat for query: null
2024-04-24T04:56:54,627  INFO [main] txn.TxnHandler: Expected to move at least one record from txn_components to completed_txn_components when committing txn! txnid:21
2024-04-24T04:56:54,632  INFO [main] txn.TxnHandler: Removed transactions: ([21]) from MIN_HISTORY_LEVEL
2024-04-24T04:56:54,632  WARN [main] txn.CompactionTxnHandler: No compaction queue record found for Compaction type transaction commit. txnId:21
2024-04-24T04:56:54,633  INFO [main] ql.TxnCommandsBaseForTests: Running the query: update T set a = 0 where b = 6
2024-04-24T04:56:54,633  INFO [main] ql.Context: Deleting scratch dir: file:/home/alex/Repositories/hive/ql/target/tmp/localscratchdir/76f5c248-f88a-41bd-9470-170abb95aeb5/hive_2024-04-24_04-56-54_501_6175896262410630886-1
2024-04-24T04:56:54,633  INFO [main] cleanup.SyncCleanupService: Deleted directory: file:/home/alex/Repositories/hive/ql/target/tmp/localscratchdir/76f5c248-f88a-41bd-9470-170abb95aeb5/hive_2024-04-24_04-56-54_501_6175896262410630886-1 on fs with scheme file
2024-04-24T04:56:54,634  INFO [main] ql.Driver: Compiling command(queryId=alex_20240424045654_d8519b61-d3ff-4f34-a0bc-25d193434c3b): update T set a = 0 where b = 6
2024-04-24T04:56:54,636  INFO [main] txn.TxnHandler: Added entries to MIN_HISTORY_LEVEL for current txns: ([22]) with min_open_txn: 21
2024-04-24T04:56:54,636  INFO [main] lockmgr.DbTxnManager: Opened txnid:22
2024-04-24T04:56:54,636  INFO [main] parse.UpdateDeleteSemanticAnalyzer: Starting caching scope for: 
2024-04-24T04:56:54,637  INFO [main] HiveMetaStore.audit: ugi=alex	ip=unknown-ip-addr	cmd=get_table : tbl=hive.default.T	
2024-04-24T04:56:54,642  INFO [main] metastore.HMSHandler: Skipping translation for processor with null
2024-04-24T04:56:54,643  INFO [main] parse.RewriteSemanticAnalyzer: Going to reparse <update T set a = 0 where b = 6> as 
<insert into table `default`.`T` select ROW__ID,`a`,`b` from `default`.`T` sort by ROW__ID >
2024-04-24T04:56:54,643  INFO [main] parse.UpdateDeleteSemanticAnalyzer: Starting Semantic Analysis
2024-04-24T04:56:54,646  INFO [main] HiveMetaStore.audit: ugi=alex	ip=unknown-ip-addr	cmd=get_table : tbl=hive.default.T	
2024-04-24T04:56:54,653  INFO [main] metastore.ObjectStore: Removed COLUMN_STATS_ACCURATE from Table's parameters.
2024-04-24T04:56:54,655  INFO [main] metastore.HMSHandler: Skipping translation for processor with null
2024-04-24T04:56:54,655  INFO [main] parse.UpdateDeleteSemanticAnalyzer: Completed phase 1 of Semantic Analysis
2024-04-24T04:56:54,655  INFO [main] parse.UpdateDeleteSemanticAnalyzer: Get metadata for source tables
2024-04-24T04:56:54,655  INFO [main] HiveMetaStore.audit: ugi=alex	ip=unknown-ip-addr	cmd=get_table : tbl=hive.default.t	
2024-04-24T04:56:54,660  INFO [main] metastore.ObjectStore: Removed COLUMN_STATS_ACCURATE from Table's parameters.
2024-04-24T04:56:54,662  INFO [main] metastore.HMSHandler: Skipping translation for processor with null
2024-04-24T04:56:54,662  INFO [main] parse.UpdateDeleteSemanticAnalyzer: Get metadata for subqueries
2024-04-24T04:56:54,662  INFO [main] parse.UpdateDeleteSemanticAnalyzer: Get metadata for destination tables
2024-04-24T04:56:54,662  INFO [main] HiveMetaStore.audit: ugi=alex	ip=unknown-ip-addr	cmd=get_table : tbl=hive.default.T	
2024-04-24T04:56:54,668  INFO [main] metastore.HMSHandler: Skipping translation for processor with null
2024-04-24T04:56:54,669  INFO [main] parse.UpdateDeleteSemanticAnalyzer: Completed getting MetaData in Semantic Analysis
2024-04-24T04:56:54,669  INFO [main] parse.UpdateDeleteSemanticAnalyzer: Disabling LLAP IO encode as ETL query is detected
2024-04-24T04:56:54,680  INFO [main] HiveMetaStore.audit: ugi=alex	ip=unknown-ip-addr	cmd=get_all_table_constraints : tbl=hive.default.t	
2024-04-24T04:56:54,687  INFO [main] HiveMetaStore.audit: ugi=alex	ip=unknown-ip-addr	cmd=get_not_null_constraints : tbl=hive.default.t	
2024-04-24T04:56:54,688  INFO [main] HiveMetaStore.audit: ugi=alex	ip=unknown-ip-addr	cmd=get_check_constraints : tbl=hive.default.t	
2024-04-24T04:56:54,712  INFO [main] calcite.RelOptHiveTable: Calculating column statistics for default.t, projIndxSet: [1], allowMissingStats: true
2024-04-24T04:56:54,712  INFO [main] HiveMetaStore.audit: ugi=alex	ip=unknown-ip-addr	cmd=get_table : tbl=hive.default.t	
2024-04-24T04:56:54,721  INFO [main] metastore.HMSHandler: Skipping translation for processor with null
2024-04-24T04:56:54,722  INFO [main] HiveMetaStore.audit: ugi=alex	ip=unknown-ip-addr	cmd=get_table : tbl=hive.default.t	
2024-04-24T04:56:54,731  INFO [main] metastore.HMSHandler: Skipping translation for processor with null
2024-04-24T04:56:54,731  INFO [main] HiveMetaStore.audit: ugi=alex	ip=unknown-ip-addr	cmd=get_table_statistics_req: table=hive.default.t	
2024-04-24T04:56:54,741  WARN [main] calcite.RelOptHiveTable: No Stats for default@t, Columns: b
No Stats for default@t, Columns: b
2024-04-24T04:56:54,741  INFO [main] SessionState: No Stats for default@t, Columns: b
2024-04-24T04:56:54,799  INFO [main] parse.UpdateDeleteSemanticAnalyzer: Get metadata for source tables
2024-04-24T04:56:54,799  INFO [main] parse.UpdateDeleteSemanticAnalyzer: Get metadata for subqueries
2024-04-24T04:56:54,799  INFO [main] parse.UpdateDeleteSemanticAnalyzer: Get metadata for destination tables
2024-04-24T04:56:54,799  INFO [main] HiveMetaStore.audit: ugi=alex	ip=unknown-ip-addr	cmd=get_table : tbl=hive.default.T	
2024-04-24T04:56:54,806  INFO [main] metastore.HMSHandler: Skipping translation for processor with null
2024-04-24T04:56:54,808 ERROR [main] parse.UpdateDeleteSemanticAnalyzer: CBO failed, skipping CBO. 
org.apache.hadoop.hive.ql.exec.NoMatchingMethodException: No matching method for class org.apache.hadoop.hive.ql.udf.UDFToInteger with (struct<writeid:bigint,bucketid:int,rowid:bigint>). Possible choices: _FUNC_(bigint)  _FUNC_(boolean)  _FUNC_(decimal(38,18))  _FUNC_(double)  _FUNC_(float)  _FUNC_(smallint)  _FUNC_(string)  _FUNC_(struct<bucketid:bigint,writeid:bigint,rowid:int>)  _FUNC_(timestamp)  _FUNC_(tinyint)  _FUNC_(void)  
	at org.apache.hadoop.hive.ql.exec.MethodUtils.getMethodInternal(MethodUtils.java:130) ~[classes/:?]
	at org.apache.hadoop.hive.ql.exec.MethodUtils.getMethodInternal(MethodUtils.java:60) ~[classes/:?]
	at org.apache.hadoop.hive.ql.exec.DefaultUDFMethodResolver.getEvalMethod(DefaultUDFMethodResolver.java:59) ~[classes/:?]
	at org.apache.hadoop.hive.ql.udf.TimestampCastRestrictorResolver.getEvalMethod(TimestampCastRestrictorResolver.java:68) ~[classes/:?]
	at org.apache.hadoop.hive.ql.udf.generic.GenericUDFBridge.initialize(GenericUDFBridge.java:168) ~[classes/:?]
	at org.apache.hadoop.hive.ql.udf.generic.GenericUDF.initializeAndFoldConstants(GenericUDF.java:149) ~[classes/:?]
	at org.apache.hadoop.hive.ql.plan.ExprNodeGenericFuncDesc.newInstance(ExprNodeGenericFuncDesc.java:235) ~[classes/:?]
	at org.apache.hadoop.hive.ql.parse.type.ExprNodeDescExprFactory.createFuncCallExpr(ExprNodeDescExprFactory.java:584) ~[classes/:?]
	at org.apache.hadoop.hive.ql.parse.type.ExprNodeDescExprFactory.createFuncCallExpr(ExprNodeDescExprFactory.java:97) ~[classes/:?]
	at org.apache.hadoop.hive.ql.parse.type.TypeCheckProcFactory$DefaultExprProcessor.getFuncExprNodeDescWithUdfData(TypeCheckProcFactory.java:762) ~[classes/:?]
	at org.apache.hadoop.hive.ql.parse.type.TypeCheckProcFactory$DefaultExprProcessor.createConversionCast(TypeCheckProcFactory.java:783) ~[classes/:?]
	at org.apache.hadoop.hive.ql.parse.SemanticAnalyzer.getPartitionColsFromBucketColsForUpdateDelete(SemanticAnalyzer.java:8725) ~[classes/:?]
	at org.apache.hadoop.hive.ql.parse.SemanticAnalyzer.genBucketingSortingDest(SemanticAnalyzer.java:6914) ~[classes/:?]
	at org.apache.hadoop.hive.ql.parse.SemanticAnalyzer.genFileSinkPlan(SemanticAnalyzer.java:7335) ~[classes/:?]
	at org.apache.hadoop.hive.ql.parse.SemanticAnalyzer.genPostGroupByBodyPlan(SemanticAnalyzer.java:11063) ~[classes/:?]
	at org.apache.hadoop.hive.ql.parse.SemanticAnalyzer.genBodyPlan(SemanticAnalyzer.java:10938) ~[classes/:?]
	at org.apache.hadoop.hive.ql.parse.SemanticAnalyzer.genPlan(SemanticAnalyzer.java:11853) ~[classes/:?]
	at org.apache.hadoop.hive.ql.parse.SemanticAnalyzer.genPlan(SemanticAnalyzer.java:11723) ~[classes/:?]
	at org.apache.hadoop.hive.ql.parse.CalcitePlanner.genOPTree(CalcitePlanner.java:626) ~[classes/:?]
	at org.apache.hadoop.hive.ql.parse.SemanticAnalyzer.analyzeInternal(SemanticAnalyzer.java:12558) ~[classes/:?]
	at org.apache.hadoop.hive.ql.parse.CalcitePlanner.analyzeInternal(CalcitePlanner.java:456) ~[classes/:?]
	at org.apache.hadoop.hive.ql.parse.RewriteSemanticAnalyzer.analyzeInternal(RewriteSemanticAnalyzer.java:67) ~[classes/:?]
	at org.apache.hadoop.hive.ql.parse.BaseSemanticAnalyzer.analyze(BaseSemanticAnalyzer.java:317) ~[classes/:?]
	at org.apache.hadoop.hive.ql.parse.UpdateDeleteSemanticAnalyzer.reparseAndSuperAnalyze(UpdateDeleteSemanticAnalyzer.java:208) ~[classes/:?]
	at org.apache.hadoop.hive.ql.parse.UpdateDeleteSemanticAnalyzer.analyzeUpdate(UpdateDeleteSemanticAnalyzer.java:63) ~[classes/:?]
	at org.apache.hadoop.hive.ql.parse.UpdateDeleteSemanticAnalyzer.analyze(UpdateDeleteSemanticAnalyzer.java:53) ~[classes/:?]
	at org.apache.hadoop.hive.ql.parse.RewriteSemanticAnalyzer.analyzeInternal(RewriteSemanticAnalyzer.java:72) ~[classes/:?]
	at org.apache.hadoop.hive.ql.parse.BaseSemanticAnalyzer.analyze(BaseSemanticAnalyzer.java:317) ~[classes/:?]
	at org.apache.hadoop.hive.ql.Compiler.analyze(Compiler.java:223) ~[classes/:?]
	at org.apache.hadoop.hive.ql.Compiler.compile(Compiler.java:105) ~[classes/:?]
	at org.apache.hadoop.hive.ql.Driver.compile(Driver.java:500) ~[classes/:?]
	at org.apache.hadoop.hive.ql.Driver.compileInternal(Driver.java:453) ~[classes/:?]
	at org.apache.hadoop.hive.ql.Driver.runInternal(Driver.java:181) ~[classes/:?]
	at org.apache.hadoop.hive.ql.Driver.run(Driver.java:153) ~[classes/:?]
	at org.apache.hadoop.hive.ql.Driver.run(Driver.java:140) ~[classes/:?]
	at org.apache.hadoop.hive.ql.TxnCommandsBaseForTests.runStatementOnDriver(TxnCommandsBaseForTests.java:245) ~[test-classes/:?]
	at org.apache.hadoop.hive.ql.TestTxnExIm.testImport(TestTxnExIm.java:335) ~[test-classes/:?]
	at org.apache.hadoop.hive.ql.TestTxnExIm.testImport(TestTxnExIm.java:283) ~[test-classes/:?]
	at sun.reflect.NativeMethodAccessorImpl.invoke0(Native Method) ~[?:1.8.0_402]
	at sun.reflect.NativeMethodAccessorImpl.invoke(NativeMethodAccessorImpl.java:62) ~[?:1.8.0_402]
	at sun.reflect.DelegatingMethodAccessorImpl.invoke(DelegatingMethodAccessorImpl.java:43) ~[?:1.8.0_402]
	at java.lang.reflect.Method.invoke(Method.java:498) ~[?:1.8.0_402]
	at org.junit.runners.model.FrameworkMethod$1.runReflectiveCall(FrameworkMethod.java:59) ~[junit-4.13.jar:4.13]
	at org.junit.internal.runners.model.ReflectiveCallable.run(ReflectiveCallable.java:12) ~[junit-4.13.jar:4.13]
	at org.junit.runners.model.FrameworkMethod.invokeExplosively(FrameworkMethod.java:56) ~[junit-4.13.jar:4.13]
	at org.junit.internal.runners.statements.InvokeMethod.evaluate(InvokeMethod.java:17) ~[junit-4.13.jar:4.13]
	at org.junit.internal.runners.statements.RunBefores.evaluate(RunBefores.java:26) ~[junit-4.13.jar:4.13]
	at org.junit.internal.runners.statements.RunAfters.evaluate(RunAfters.java:27) ~[junit-4.13.jar:4.13]
	at org.junit.rules.TestWatcher$1.evaluate(TestWatcher.java:61) ~[junit-4.13.jar:4.13]
	at org.junit.runners.ParentRunner$3.evaluate(ParentRunner.java:306) ~[junit-4.13.jar:4.13]
	at org.junit.runners.BlockJUnit4ClassRunner$1.evaluate(BlockJUnit4ClassRunner.java:100) ~[junit-4.13.jar:4.13]
	at org.junit.runners.ParentRunner.runLeaf(ParentRunner.java:366) ~[junit-4.13.jar:4.13]
	at org.junit.runners.BlockJUnit4ClassRunner.runChild(BlockJUnit4ClassRunner.java:103) ~[junit-4.13.jar:4.13]
	at org.junit.runners.BlockJUnit4ClassRunner.runChild(BlockJUnit4ClassRunner.java:63) ~[junit-4.13.jar:4.13]
	at org.junit.runners.ParentRunner$4.run(ParentRunner.java:331) ~[junit-4.13.jar:4.13]
	at org.junit.runners.ParentRunner$1.schedule(ParentRunner.java:79) ~[junit-4.13.jar:4.13]
	at org.junit.runners.ParentRunner.runChildren(ParentRunner.java:329) ~[junit-4.13.jar:4.13]
	at org.junit.runners.ParentRunner.access$100(ParentRunner.java:66) ~[junit-4.13.jar:4.13]
	at org.junit.runners.ParentRunner$2.evaluate(ParentRunner.java:293) ~[junit-4.13.jar:4.13]
	at org.junit.runners.ParentRunner$3.evaluate(ParentRunner.java:306) ~[junit-4.13.jar:4.13]
	at org.junit.runners.ParentRunner.run(ParentRunner.java:413) ~[junit-4.13.jar:4.13]
	at org.junit.runner.JUnitCore.run(JUnitCore.java:137) ~[junit-4.13.jar:4.13]
	at org.junit.runner.JUnitCore.run(JUnitCore.java:115) ~[junit-4.13.jar:4.13]
	at org.junit.vintage.engine.execution.RunnerExecutor.execute(RunnerExecutor.java:43) ~[junit-vintage-engine-5.6.2.jar:5.6.2]
	at java.util.stream.ForEachOps$ForEachOp$OfRef.accept(ForEachOps.java:183) ~[?:1.8.0_402]
	at java.util.stream.ReferencePipeline$3$1.accept(ReferencePipeline.java:193) ~[?:1.8.0_402]
	at java.util.Iterator.forEachRemaining(Iterator.java:116) ~[?:1.8.0_402]
	at java.util.Spliterators$IteratorSpliterator.forEachRemaining(Spliterators.java:1801) ~[?:1.8.0_402]
	at java.util.stream.AbstractPipeline.copyInto(AbstractPipeline.java:482) ~[?:1.8.0_402]
	at java.util.stream.AbstractPipeline.wrapAndCopyInto(AbstractPipeline.java:472) ~[?:1.8.0_402]
	at java.util.stream.ForEachOps$ForEachOp.evaluateSequential(ForEachOps.java:150) ~[?:1.8.0_402]
	at java.util.stream.ForEachOps$ForEachOp$OfRef.evaluateSequential(ForEachOps.java:173) ~[?:1.8.0_402]
	at java.util.stream.AbstractPipeline.evaluate(AbstractPipeline.java:234) ~[?:1.8.0_402]
	at java.util.stream.ReferencePipeline.forEach(ReferencePipeline.java:485) ~[?:1.8.0_402]
	at org.junit.vintage.engine.VintageTestEngine.executeAllChildren(VintageTestEngine.java:82) ~[junit-vintage-engine-5.6.2.jar:5.6.2]
	at org.junit.vintage.engine.VintageTestEngine.execute(VintageTestEngine.java:73) ~[junit-vintage-engine-5.6.2.jar:5.6.2]
	at org.junit.platform.launcher.core.DefaultLauncher.execute(DefaultLauncher.java:248) ~[junit-platform-launcher-1.6.2.jar:1.6.2]
	at org.junit.platform.launcher.core.DefaultLauncher.lambda$execute$5(DefaultLauncher.java:211) ~[junit-platform-launcher-1.6.2.jar:1.6.2]
	at org.junit.platform.launcher.core.DefaultLauncher.withInterceptedStreams(DefaultLauncher.java:226) [junit-platform-launcher-1.6.2.jar:1.6.2]
	at org.junit.platform.launcher.core.DefaultLauncher.execute(DefaultLauncher.java:199) [junit-platform-launcher-1.6.2.jar:1.6.2]
	at org.junit.platform.launcher.core.DefaultLauncher.execute(DefaultLauncher.java:132) [junit-platform-launcher-1.6.2.jar:1.6.2]
	at org.apache.maven.surefire.junitplatform.JUnitPlatformProvider.invokeAllTests(JUnitPlatformProvider.java:154) [surefire-junit-platform-3.0.0-M4.jar:3.0.0-M4]
	at org.apache.maven.surefire.junitplatform.JUnitPlatformProvider.invoke(JUnitPlatformProvider.java:123) [surefire-junit-platform-3.0.0-M4.jar:3.0.0-M4]
	at org.apache.maven.surefire.booter.ForkedBooter.runSuitesInProcess(ForkedBooter.java:377) [surefire-booter-3.0.0-M4.jar:3.0.0-M4]
	at org.apache.maven.surefire.booter.ForkedBooter.execute(ForkedBooter.java:138) [surefire-booter-3.0.0-M4.jar:3.0.0-M4]
	at org.apache.maven.surefire.booter.ForkedBooter.run(ForkedBooter.java:465) [surefire-booter-3.0.0-M4.jar:3.0.0-M4]
	at org.apache.maven.surefire.booter.ForkedBooter.main(ForkedBooter.java:451) [surefire-booter-3.0.0-M4.jar:3.0.0-M4]
2024-04-24T04:56:54,809 ERROR [main] parse.UpdateDeleteSemanticAnalyzer: CBO failed due to missing column stats (see previous errors), skipping CBO
2024-04-24T04:56:54,809  INFO [main] parse.UpdateDeleteSemanticAnalyzer: Ending caching scope for: 
FAILED: NoMatchingMethodException No matching method for class org.apache.hadoop.hive.ql.udf.UDFToInteger with (struct<writeid:bigint,bucketid:int,rowid:bigint>). Possible choices: _FUNC_(bigint)  _FUNC_(boolean)  _FUNC_(decimal(38,18))  _FUNC_(double)  _FUNC_(float)  _FUNC_(smallint)  _FUNC_(string)  _FUNC_(struct<bucketid:bigint,writeid:bigint,rowid:int>)  _FUNC_(timestamp)  _FUNC_(tinyint)  _FUNC_(void)  
2024-04-24T04:56:54,810 ERROR [main] ql.Driver: FAILED: NoMatchingMethodException No matching method for class org.apache.hadoop.hive.ql.udf.UDFToInteger with (struct<writeid:bigint,bucketid:int,rowid:bigint>). Possible choices: _FUNC_(bigint)  _FUNC_(boolean)  _FUNC_(decimal(38,18))  _FUNC_(double)  _FUNC_(float)  _FUNC_(smallint)  _FUNC_(string)  _FUNC_(struct<bucketid:bigint,writeid:bigint,rowid:int>)  _FUNC_(timestamp)  _FUNC_(tinyint)  _FUNC_(void)  
org.apache.hadoop.hive.ql.exec.NoMatchingMethodException: No matching method for class org.apache.hadoop.hive.ql.udf.UDFToInteger with (struct<writeid:bigint,bucketid:int,rowid:bigint>). Possible choices: _FUNC_(bigint)  _FUNC_(boolean)  _FUNC_(decimal(38,18))  _FUNC_(double)  _FUNC_(float)  _FUNC_(smallint)  _FUNC_(string)  _FUNC_(struct<bucketid:bigint,writeid:bigint,rowid:int>)  _FUNC_(timestamp)  _FUNC_(tinyint)  _FUNC_(void)  
	at org.apache.hadoop.hive.ql.exec.MethodUtils.getMethodInternal(MethodUtils.java:130)
	at org.apache.hadoop.hive.ql.exec.MethodUtils.getMethodInternal(MethodUtils.java:60)
	at org.apache.hadoop.hive.ql.exec.DefaultUDFMethodResolver.getEvalMethod(DefaultUDFMethodResolver.java:59)
	at org.apache.hadoop.hive.ql.udf.TimestampCastRestrictorResolver.getEvalMethod(TimestampCastRestrictorResolver.java:68)
	at org.apache.hadoop.hive.ql.udf.generic.GenericUDFBridge.initialize(GenericUDFBridge.java:168)
	at org.apache.hadoop.hive.ql.udf.generic.GenericUDF.initializeAndFoldConstants(GenericUDF.java:149)
	at org.apache.hadoop.hive.ql.plan.ExprNodeGenericFuncDesc.newInstance(ExprNodeGenericFuncDesc.java:235)
	at org.apache.hadoop.hive.ql.parse.type.ExprNodeDescExprFactory.createFuncCallExpr(ExprNodeDescExprFactory.java:584)
	at org.apache.hadoop.hive.ql.parse.type.ExprNodeDescExprFactory.createFuncCallExpr(ExprNodeDescExprFactory.java:97)
	at org.apache.hadoop.hive.ql.parse.type.TypeCheckProcFactory$DefaultExprProcessor.getFuncExprNodeDescWithUdfData(TypeCheckProcFactory.java:762)
	at org.apache.hadoop.hive.ql.parse.type.TypeCheckProcFactory$DefaultExprProcessor.createConversionCast(TypeCheckProcFactory.java:783)
	at org.apache.hadoop.hive.ql.parse.SemanticAnalyzer.getPartitionColsFromBucketColsForUpdateDelete(SemanticAnalyzer.java:8725)
	at org.apache.hadoop.hive.ql.parse.SemanticAnalyzer.genBucketingSortingDest(SemanticAnalyzer.java:6914)
	at org.apache.hadoop.hive.ql.parse.SemanticAnalyzer.genFileSinkPlan(SemanticAnalyzer.java:7335)
	at org.apache.hadoop.hive.ql.parse.SemanticAnalyzer.genPostGroupByBodyPlan(SemanticAnalyzer.java:11063)
	at org.apache.hadoop.hive.ql.parse.SemanticAnalyzer.genBodyPlan(SemanticAnalyzer.java:10938)
	at org.apache.hadoop.hive.ql.parse.SemanticAnalyzer.genPlan(SemanticAnalyzer.java:11853)
	at org.apache.hadoop.hive.ql.parse.SemanticAnalyzer.genPlan(SemanticAnalyzer.java:11723)
	at org.apache.hadoop.hive.ql.parse.CalcitePlanner.genOPTree(CalcitePlanner.java:626)
	at org.apache.hadoop.hive.ql.parse.SemanticAnalyzer.analyzeInternal(SemanticAnalyzer.java:12558)
	at org.apache.hadoop.hive.ql.parse.CalcitePlanner.analyzeInternal(CalcitePlanner.java:456)
	at org.apache.hadoop.hive.ql.parse.RewriteSemanticAnalyzer.analyzeInternal(RewriteSemanticAnalyzer.java:67)
	at org.apache.hadoop.hive.ql.parse.BaseSemanticAnalyzer.analyze(BaseSemanticAnalyzer.java:317)
	at org.apache.hadoop.hive.ql.parse.UpdateDeleteSemanticAnalyzer.reparseAndSuperAnalyze(UpdateDeleteSemanticAnalyzer.java:208)
	at org.apache.hadoop.hive.ql.parse.UpdateDeleteSemanticAnalyzer.analyzeUpdate(UpdateDeleteSemanticAnalyzer.java:63)
	at org.apache.hadoop.hive.ql.parse.UpdateDeleteSemanticAnalyzer.analyze(UpdateDeleteSemanticAnalyzer.java:53)
	at org.apache.hadoop.hive.ql.parse.RewriteSemanticAnalyzer.analyzeInternal(RewriteSemanticAnalyzer.java:72)
	at org.apache.hadoop.hive.ql.parse.BaseSemanticAnalyzer.analyze(BaseSemanticAnalyzer.java:317)
	at org.apache.hadoop.hive.ql.Compiler.analyze(Compiler.java:223)
	at org.apache.hadoop.hive.ql.Compiler.compile(Compiler.java:105)
	at org.apache.hadoop.hive.ql.Driver.compile(Driver.java:500)
	at org.apache.hadoop.hive.ql.Driver.compileInternal(Driver.java:453)
	at org.apache.hadoop.hive.ql.Driver.runInternal(Driver.java:181)
	at org.apache.hadoop.hive.ql.Driver.run(Driver.java:153)
	at org.apache.hadoop.hive.ql.Driver.run(Driver.java:140)
	at org.apache.hadoop.hive.ql.TxnCommandsBaseForTests.runStatementOnDriver(TxnCommandsBaseForTests.java:245)
	at org.apache.hadoop.hive.ql.TestTxnExIm.testImport(TestTxnExIm.java:335)
	at org.apache.hadoop.hive.ql.TestTxnExIm.testImport(TestTxnExIm.java:283)
	at sun.reflect.NativeMethodAccessorImpl.invoke0(Native Method)
	at sun.reflect.NativeMethodAccessorImpl.invoke(NativeMethodAccessorImpl.java:62)
	at sun.reflect.DelegatingMethodAccessorImpl.invoke(DelegatingMethodAccessorImpl.java:43)
	at java.lang.reflect.Method.invoke(Method.java:498)
	at org.junit.runners.model.FrameworkMethod$1.runReflectiveCall(FrameworkMethod.java:59)
	at org.junit.internal.runners.model.ReflectiveCallable.run(ReflectiveCallable.java:12)
	at org.junit.runners.model.FrameworkMethod.invokeExplosively(FrameworkMethod.java:56)
	at org.junit.internal.runners.statements.InvokeMethod.evaluate(InvokeMethod.java:17)
	at org.junit.internal.runners.statements.RunBefores.evaluate(RunBefores.java:26)
	at org.junit.internal.runners.statements.RunAfters.evaluate(RunAfters.java:27)
	at org.junit.rules.TestWatcher$1.evaluate(TestWatcher.java:61)
	at org.junit.runners.ParentRunner$3.evaluate(ParentRunner.java:306)
	at org.junit.runners.BlockJUnit4ClassRunner$1.evaluate(BlockJUnit4ClassRunner.java:100)
	at org.junit.runners.ParentRunner.runLeaf(ParentRunner.java:366)
	at org.junit.runners.BlockJUnit4ClassRunner.runChild(BlockJUnit4ClassRunner.java:103)
	at org.junit.runners.BlockJUnit4ClassRunner.runChild(BlockJUnit4ClassRunner.java:63)
	at org.junit.runners.ParentRunner$4.run(ParentRunner.java:331)
	at org.junit.runners.ParentRunner$1.schedule(ParentRunner.java:79)
	at org.junit.runners.ParentRunner.runChildren(ParentRunner.java:329)
	at org.junit.runners.ParentRunner.access$100(ParentRunner.java:66)
	at org.junit.runners.ParentRunner$2.evaluate(ParentRunner.java:293)
	at org.junit.runners.ParentRunner$3.evaluate(ParentRunner.java:306)
	at org.junit.runners.ParentRunner.run(ParentRunner.java:413)
	at org.junit.runner.JUnitCore.run(JUnitCore.java:137)
	at org.junit.runner.JUnitCore.run(JUnitCore.java:115)
	at org.junit.vintage.engine.execution.RunnerExecutor.execute(RunnerExecutor.java:43)
	at java.util.stream.ForEachOps$ForEachOp$OfRef.accept(ForEachOps.java:183)
	at java.util.stream.ReferencePipeline$3$1.accept(ReferencePipeline.java:193)
	at java.util.Iterator.forEachRemaining(Iterator.java:116)
	at java.util.Spliterators$IteratorSpliterator.forEachRemaining(Spliterators.java:1801)
	at java.util.stream.AbstractPipeline.copyInto(AbstractPipeline.java:482)
	at java.util.stream.AbstractPipeline.wrapAndCopyInto(AbstractPipeline.java:472)
	at java.util.stream.ForEachOps$ForEachOp.evaluateSequential(ForEachOps.java:150)
	at java.util.stream.ForEachOps$ForEachOp$OfRef.evaluateSequential(ForEachOps.java:173)
	at java.util.stream.AbstractPipeline.evaluate(AbstractPipeline.java:234)
	at java.util.stream.ReferencePipeline.forEach(ReferencePipeline.java:485)
	at org.junit.vintage.engine.VintageTestEngine.executeAllChildren(VintageTestEngine.java:82)
	at org.junit.vintage.engine.VintageTestEngine.execute(VintageTestEngine.java:73)
	at org.junit.platform.launcher.core.DefaultLauncher.execute(DefaultLauncher.java:248)
	at org.junit.platform.launcher.core.DefaultLauncher.lambda$execute$5(DefaultLauncher.java:211)
	at org.junit.platform.launcher.core.DefaultLauncher.withInterceptedStreams(DefaultLauncher.java:226)
	at org.junit.platform.launcher.core.DefaultLauncher.execute(DefaultLauncher.java:199)
	at org.junit.platform.launcher.core.DefaultLauncher.execute(DefaultLauncher.java:132)
	at org.apache.maven.surefire.junitplatform.JUnitPlatformProvider.invokeAllTests(JUnitPlatformProvider.java:154)
	at org.apache.maven.surefire.junitplatform.JUnitPlatformProvider.invoke(JUnitPlatformProvider.java:123)
	at org.apache.maven.surefire.booter.ForkedBooter.runSuitesInProcess(ForkedBooter.java:377)
	at org.apache.maven.surefire.booter.ForkedBooter.execute(ForkedBooter.java:138)
	at org.apache.maven.surefire.booter.ForkedBooter.run(ForkedBooter.java:465)
	at org.apache.maven.surefire.booter.ForkedBooter.main(ForkedBooter.java:451)

2024-04-24T04:56:54,810  INFO [main] metadata.Hive: Dumping metastore api call timing information for : compilation phase
2024-04-24T04:56:54,810  INFO [main] metadata.Hive: Total time spent in each metastore function (ms): {getCheckConstraints_(CheckConstraintsRequest)=1, getAllTableConstraints_(AllTableConstraintsRequest)=5, getTable_(GetTableRequest)=34, getValidTxns_(long)=0, commitTxn_(CommitTxnRequest)=11, getValidWriteIds_(List, String)=3, flushCache_()=0, openTxn_(String, TxnType)=2, getTableColumnStatistics_(String, String, List, String)=29, getNotNullConstraints_(NotNullConstraintsRequest)=1, isCompatibleWith_(Configuration)=0}
2024-04-24T04:56:54,810  INFO [main] ql.Driver: Completed compiling command(queryId=alex_20240424045654_d8519b61-d3ff-4f34-a0bc-25d193434c3b); Time taken: 0.176 seconds
2024-04-24T04:56:54,810  INFO [main] lockmgr.DbTxnManager: Stopped heartbeat for query: null
2024-04-24T04:56:54,814  INFO [main] txn.TxnHandler: Removed transactions: ([22]) from MIN_HISTORY_LEVEL
2024-04-24T04:56:54,820  INFO [main] ql.TxnCommandsBaseForTests: Running the query: drop table if exists acidTbl
2024-04-24T04:56:54,820  INFO [main] ql.Driver: Compiling command(queryId=alex_20240424045654_3b5ad8c1-4d06-4468-8c24-17024795ec86): drop table if exists acidTbl
2024-04-24T04:56:54,822  INFO [main] txn.TxnHandler: Added entries to MIN_HISTORY_LEVEL for current txns: ([23]) with min_open_txn: 21
2024-04-24T04:56:54,822  INFO [main] lockmgr.DbTxnManager: Opened txnid:23
2024-04-24T04:56:54,823  INFO [main] HiveMetaStore.audit: ugi=alex	ip=unknown-ip-addr	cmd=get_table : tbl=hive.default.acidTbl	
2024-04-24T04:56:54,828  INFO [main] metastore.HMSHandler: Skipping translation for processor with null
2024-04-24T04:56:54,829  INFO [main] ql.Driver: Semantic Analysis Completed (retrial = false)
2024-04-24T04:56:54,829  INFO [main] ql.Driver: Created Hive schema: Schema(fieldSchemas:null, properties:null)
2024-04-24T04:56:54,829  INFO [main] metadata.Hive: Dumping metastore api call timing information for : compilation phase
2024-04-24T04:56:54,829  INFO [main] metadata.Hive: Total time spent in each metastore function (ms): {openTxn_(String, TxnType)=2, rollbackTxn_(long)=9, flushCache_()=0, getValidTxns_(long)=1, getTable_(GetTableRequest)=5, isCompatibleWith_(Configuration)=0}
2024-04-24T04:56:54,829  INFO [main] ql.Driver: Completed compiling command(queryId=alex_20240424045654_3b5ad8c1-4d06-4468-8c24-17024795ec86); Time taken: 0.009 seconds
2024-04-24T04:56:54,829  INFO [main] lockmgr.DbTxnManager: Setting lock request transaction to txnid:23 for queryId=alex_20240424045654_3b5ad8c1-4d06-4468-8c24-17024795ec86
2024-04-24T04:56:54,830  INFO [main] lockmgr.DbLockManager: Requesting lock for queryId=alex_20240424045654_3b5ad8c1-4d06-4468-8c24-17024795ec86
2024-04-24T04:56:54,845  INFO [main] lockmgr.DbLockManager: Response to queryId=alex_20240424045654_3b5ad8c1-4d06-4468-8c24-17024795ec86 LockResponse(lockid:14, state:ACQUIRED)
2024-04-24T04:56:54,845  INFO [main] ql.Driver: Operation DROPTABLE obtained 1 locks
2024-04-24T04:56:54,845  INFO [main] ql.Driver: Executing command(queryId=alex_20240424045654_3b5ad8c1-4d06-4468-8c24-17024795ec86): drop table if exists acidTbl
2024-04-24T04:56:54,845  INFO [main] ql.Driver: Starting task [Stage-0:DDL] in serial mode
2024-04-24T04:56:54,845  INFO [main] HiveMetaStore.audit: ugi=alex	ip=unknown-ip-addr	cmd=get_table : tbl=hive.default.acidTbl	
2024-04-24T04:56:54,851  INFO [main] metastore.HMSHandler: Skipping translation for processor with null
2024-04-24T04:56:54,851  INFO [main] HiveMetaStore.audit: ugi=alex	ip=unknown-ip-addr	cmd=get_table : tbl=hive.default.acidTbl	
2024-04-24T04:56:54,857  INFO [main] metastore.HMSHandler: Skipping translation for processor with null
2024-04-24T04:56:54,857  INFO [main] HiveMetaStore.audit: ugi=alex	ip=unknown-ip-addr	cmd=drop_table : tbl=hive.default.acidTbl	
2024-04-24T04:56:54,944  INFO [main] metadata.Hive: Dumping metastore api call timing information for : execution phase
2024-04-24T04:56:54,944  INFO [main] metadata.Hive: Total time spent in each metastore function (ms): {isCompatibleWith_(Configuration)=0, getTable_(GetTableRequest)=6, dropTable_(String, String, boolean, boolean, boolean)=93}
2024-04-24T04:56:54,945  INFO [main] ql.Driver: Completed executing command(queryId=alex_20240424045654_3b5ad8c1-4d06-4468-8c24-17024795ec86); Time taken: 0.099 seconds
2024-04-24T04:56:54,945  INFO [main] lockmgr.DbTxnManager: Stopped heartbeat for query: alex_20240424045654_3b5ad8c1-4d06-4468-8c24-17024795ec86
2024-04-24T04:56:54,948  INFO [main] txn.TxnHandler: Expected to move at least one record from txn_components to completed_txn_components when committing txn! txnid:23
2024-04-24T04:56:54,954  INFO [main] txn.TxnHandler: Removed transactions: ([23]) from MIN_HISTORY_LEVEL
2024-04-24T04:56:54,955  WARN [main] txn.CompactionTxnHandler: No compaction queue record found for Compaction type transaction commit. txnId:23
2024-04-24T04:56:54,955  INFO [main] ql.TxnCommandsBaseForTests: Running the query: drop table if exists acidTblPart
2024-04-24T04:56:54,956  INFO [main] ql.Driver: Compiling command(queryId=alex_20240424045654_490d01d8-aadb-40ee-a2c8-7ea68bc7009a): drop table if exists acidTblPart
2024-04-24T04:56:54,958  INFO [main] txn.TxnHandler: Added entries to MIN_HISTORY_LEVEL for current txns: ([24]) with min_open_txn: 21
2024-04-24T04:56:54,958  INFO [main] lockmgr.DbTxnManager: Opened txnid:24
2024-04-24T04:56:54,959  INFO [main] HiveMetaStore.audit: ugi=alex	ip=unknown-ip-addr	cmd=get_table : tbl=hive.default.acidTblPart	
2024-04-24T04:56:54,965  INFO [main] metastore.HMSHandler: Skipping translation for processor with null
2024-04-24T04:56:54,965  INFO [main] ql.Driver: Semantic Analysis Completed (retrial = false)
2024-04-24T04:56:54,965  INFO [main] ql.Driver: Created Hive schema: Schema(fieldSchemas:null, properties:null)
2024-04-24T04:56:54,965  INFO [main] metadata.Hive: Dumping metastore api call timing information for : compilation phase
2024-04-24T04:56:54,966  INFO [main] metadata.Hive: Total time spent in each metastore function (ms): {getValidTxns_(long)=0, getTable_(GetTableRequest)=6, commitTxn_(CommitTxnRequest)=10, flushCache_()=0, isCompatibleWith_(Configuration)=1, openTxn_(String, TxnType)=2}
2024-04-24T04:56:54,966  INFO [main] ql.Driver: Completed compiling command(queryId=alex_20240424045654_490d01d8-aadb-40ee-a2c8-7ea68bc7009a); Time taken: 0.009 seconds
2024-04-24T04:56:54,966  INFO [main] lockmgr.DbTxnManager: Setting lock request transaction to txnid:24 for queryId=alex_20240424045654_490d01d8-aadb-40ee-a2c8-7ea68bc7009a
2024-04-24T04:56:54,966  INFO [main] lockmgr.DbLockManager: Requesting lock for queryId=alex_20240424045654_490d01d8-aadb-40ee-a2c8-7ea68bc7009a
2024-04-24T04:56:54,981  INFO [main] lockmgr.DbLockManager: Response to queryId=alex_20240424045654_490d01d8-aadb-40ee-a2c8-7ea68bc7009a LockResponse(lockid:15, state:ACQUIRED)
2024-04-24T04:56:54,981  INFO [main] ql.Driver: Operation DROPTABLE obtained 1 locks
2024-04-24T04:56:54,981  INFO [main] ql.Driver: Executing command(queryId=alex_20240424045654_490d01d8-aadb-40ee-a2c8-7ea68bc7009a): drop table if exists acidTblPart
2024-04-24T04:56:54,981  INFO [main] ql.Driver: Starting task [Stage-0:DDL] in serial mode
2024-04-24T04:56:54,981  INFO [main] HiveMetaStore.audit: ugi=alex	ip=unknown-ip-addr	cmd=get_table : tbl=hive.default.acidTblPart	
2024-04-24T04:56:54,987  INFO [main] metastore.HMSHandler: Skipping translation for processor with null
2024-04-24T04:56:54,987  INFO [main] HiveMetaStore.audit: ugi=alex	ip=unknown-ip-addr	cmd=get_table : tbl=hive.default.acidTblPart	
2024-04-24T04:56:54,993  INFO [main] metastore.HMSHandler: Skipping translation for processor with null
2024-04-24T04:56:54,993  INFO [main] HiveMetaStore.audit: ugi=alex	ip=unknown-ip-addr	cmd=drop_table : tbl=hive.default.acidTblPart	
2024-04-24T04:56:55,027  INFO [main] metadata.Hive: Dumping metastore api call timing information for : execution phase
2024-04-24T04:56:55,027  INFO [main] metadata.Hive: Total time spent in each metastore function (ms): {getTable_(GetTableRequest)=6, isCompatibleWith_(Configuration)=0, dropTable_(String, String, boolean, boolean, boolean)=40}
2024-04-24T04:56:55,028  INFO [main] ql.Driver: Completed executing command(queryId=alex_20240424045654_490d01d8-aadb-40ee-a2c8-7ea68bc7009a); Time taken: 0.046 seconds
2024-04-24T04:56:55,028  INFO [main] lockmgr.DbTxnManager: Stopped heartbeat for query: alex_20240424045654_490d01d8-aadb-40ee-a2c8-7ea68bc7009a
2024-04-24T04:56:55,031  INFO [main] txn.TxnHandler: Expected to move at least one record from txn_components to completed_txn_components when committing txn! txnid:24
2024-04-24T04:56:55,037  INFO [main] txn.TxnHandler: Removed transactions: ([24]) from MIN_HISTORY_LEVEL
2024-04-24T04:56:55,037  WARN [main] txn.CompactionTxnHandler: No compaction queue record found for Compaction type transaction commit. txnId:24
2024-04-24T04:56:55,037  INFO [main] ql.TxnCommandsBaseForTests: Running the query: drop table if exists acidTbl2
2024-04-24T04:56:55,038  INFO [main] ql.Driver: Compiling command(queryId=alex_20240424045655_38b333f2-f97b-47b6-a49c-fca7e5eafe6f): drop table if exists acidTbl2
2024-04-24T04:56:55,040  INFO [main] txn.TxnHandler: Added entries to MIN_HISTORY_LEVEL for current txns: ([25]) with min_open_txn: 21
2024-04-24T04:56:55,040  INFO [main] lockmgr.DbTxnManager: Opened txnid:25
2024-04-24T04:56:55,040  INFO [main] ql.Driver: Semantic Analysis Completed (retrial = false)
2024-04-24T04:56:55,040  INFO [main] ql.Driver: Created Hive schema: Schema(fieldSchemas:null, properties:null)
2024-04-24T04:56:55,040  INFO [main] metadata.Hive: Dumping metastore api call timing information for : compilation phase
2024-04-24T04:56:55,041  INFO [main] metadata.Hive: Total time spent in each metastore function (ms): {isCompatibleWith_(Configuration)=0, commitTxn_(CommitTxnRequest)=9, flushCache_()=0, getValidTxns_(long)=0, openTxn_(String, TxnType)=2, getTable_(GetTableRequest)=0}
2024-04-24T04:56:55,041  INFO [main] ql.Driver: Completed compiling command(queryId=alex_20240424045655_38b333f2-f97b-47b6-a49c-fca7e5eafe6f); Time taken: 0.002 seconds
2024-04-24T04:56:55,041  INFO [main] lockmgr.DbTxnManager: Setting lock request transaction to txnid:25 for queryId=alex_20240424045655_38b333f2-f97b-47b6-a49c-fca7e5eafe6f
2024-04-24T04:56:55,041  INFO [main] ql.Driver: Operation DROPTABLE obtained 0 locks
2024-04-24T04:56:55,041  INFO [main] ql.Driver: Executing command(queryId=alex_20240424045655_38b333f2-f97b-47b6-a49c-fca7e5eafe6f): drop table if exists acidTbl2
2024-04-24T04:56:55,041  INFO [main] ql.Driver: Starting task [Stage-0:DDL] in serial mode
2024-04-24T04:56:55,042  INFO [main] metadata.SessionHiveMetaStoreClient: Column stats doesn't exist for db=default temp table=acidTbl2
2024-04-24T04:56:55,042  INFO [main] metadata.Hive: Dumping metastore api call timing information for : execution phase
2024-04-24T04:56:55,042  INFO [main] metadata.Hive: Total time spent in each metastore function (ms): {dropTable_(String, String, boolean, boolean, boolean)=1, isCompatibleWith_(Configuration)=0, getTable_(GetTableRequest)=0}
2024-04-24T04:56:55,042  INFO [main] ql.Driver: Completed executing command(queryId=alex_20240424045655_38b333f2-f97b-47b6-a49c-fca7e5eafe6f); Time taken: 0.001 seconds
2024-04-24T04:56:55,042  INFO [main] lockmgr.DbTxnManager: Stopped heartbeat for query: alex_20240424045655_38b333f2-f97b-47b6-a49c-fca7e5eafe6f
2024-04-24T04:56:55,047  INFO [main] txn.TxnHandler: Expected to move at least one record from txn_components to completed_txn_components when committing txn! txnid:25
2024-04-24T04:56:55,052  INFO [main] txn.TxnHandler: Removed transactions: ([25]) from MIN_HISTORY_LEVEL
2024-04-24T04:56:55,053  WARN [main] txn.CompactionTxnHandler: No compaction queue record found for Compaction type transaction commit. txnId:25
2024-04-24T04:56:55,053  INFO [main] ql.TxnCommandsBaseForTests: Running the query: drop table if exists nonAcidOrcTbl
2024-04-24T04:56:55,053  INFO [main] ql.Driver: Compiling command(queryId=alex_20240424045655_9cd95876-9bf3-4002-bd3a-4d9877944b73): drop table if exists nonAcidOrcTbl
2024-04-24T04:56:55,056  INFO [main] txn.TxnHandler: Added entries to MIN_HISTORY_LEVEL for current txns: ([26]) with min_open_txn: 21
2024-04-24T04:56:55,056  INFO [main] lockmgr.DbTxnManager: Opened txnid:26
2024-04-24T04:56:55,057  INFO [main] HiveMetaStore.audit: ugi=alex	ip=unknown-ip-addr	cmd=get_table : tbl=hive.default.nonAcidOrcTbl	
2024-04-24T04:56:55,076  INFO [main] metastore.HMSHandler: Skipping translation for processor with null
2024-04-24T04:56:55,077  INFO [main] ql.Driver: Semantic Analysis Completed (retrial = false)
2024-04-24T04:56:55,077  INFO [main] ql.Driver: Created Hive schema: Schema(fieldSchemas:null, properties:null)
2024-04-24T04:56:55,077  INFO [main] metadata.Hive: Dumping metastore api call timing information for : compilation phase
2024-04-24T04:56:55,077  INFO [main] metadata.Hive: Total time spent in each metastore function (ms): {isCompatibleWith_(Configuration)=0, getValidTxns_(long)=0, flushCache_()=0, openTxn_(String, TxnType)=2, commitTxn_(CommitTxnRequest)=11, getTable_(GetTableRequest)=21}
2024-04-24T04:56:55,077  INFO [main] ql.Driver: Completed compiling command(queryId=alex_20240424045655_9cd95876-9bf3-4002-bd3a-4d9877944b73); Time taken: 0.024 seconds
2024-04-24T04:56:55,077  INFO [main] lockmgr.DbTxnManager: Setting lock request transaction to txnid:26 for queryId=alex_20240424045655_9cd95876-9bf3-4002-bd3a-4d9877944b73
2024-04-24T04:56:55,078  INFO [main] lockmgr.DbLockManager: Requesting lock for queryId=alex_20240424045655_9cd95876-9bf3-4002-bd3a-4d9877944b73
2024-04-24T04:56:55,091  INFO [main] lockmgr.DbLockManager: Response to queryId=alex_20240424045655_9cd95876-9bf3-4002-bd3a-4d9877944b73 LockResponse(lockid:16, state:ACQUIRED)
2024-04-24T04:56:55,091  INFO [main] ql.Driver: Operation DROPTABLE obtained 1 locks
2024-04-24T04:56:55,091  INFO [main] ql.Driver: Executing command(queryId=alex_20240424045655_9cd95876-9bf3-4002-bd3a-4d9877944b73): drop table if exists nonAcidOrcTbl
2024-04-24T04:56:55,092  INFO [main] ql.Driver: Starting task [Stage-0:DDL] in serial mode
2024-04-24T04:56:55,092  INFO [main] HiveMetaStore.audit: ugi=alex	ip=unknown-ip-addr	cmd=get_table : tbl=hive.default.nonAcidOrcTbl	
2024-04-24T04:56:55,099  INFO [main] metastore.HMSHandler: Skipping translation for processor with null
2024-04-24T04:56:55,099  INFO [main] HiveMetaStore.audit: ugi=alex	ip=unknown-ip-addr	cmd=get_table : tbl=hive.default.nonAcidOrcTbl	
2024-04-24T04:56:55,107  INFO [main] metastore.HMSHandler: Skipping translation for processor with null
2024-04-24T04:56:55,107  INFO [main] HiveMetaStore.audit: ugi=alex	ip=unknown-ip-addr	cmd=drop_table : tbl=hive.default.nonAcidOrcTbl	
2024-04-24T04:56:55,175  INFO [main] metadata.Hive: Dumping metastore api call timing information for : execution phase
2024-04-24T04:56:55,175  INFO [main] metadata.Hive: Total time spent in each metastore function (ms): {dropTable_(String, String, boolean, boolean, boolean)=76, getTable_(GetTableRequest)=7, isCompatibleWith_(Configuration)=0}
2024-04-24T04:56:55,175  INFO [main] ql.Driver: Completed executing command(queryId=alex_20240424045655_9cd95876-9bf3-4002-bd3a-4d9877944b73); Time taken: 0.084 seconds
2024-04-24T04:56:55,175  INFO [main] lockmgr.DbTxnManager: Stopped heartbeat for query: alex_20240424045655_9cd95876-9bf3-4002-bd3a-4d9877944b73
2024-04-24T04:56:55,179  INFO [main] txn.TxnHandler: Expected to move at least one record from txn_components to completed_txn_components when committing txn! txnid:26
2024-04-24T04:56:55,184  INFO [main] txn.TxnHandler: Removed transactions: ([26]) from MIN_HISTORY_LEVEL
2024-04-24T04:56:55,184  WARN [main] txn.CompactionTxnHandler: No compaction queue record found for Compaction type transaction commit. txnId:26
2024-04-24T04:56:55,185  INFO [main] ql.TxnCommandsBaseForTests: Running the query: drop table if exists nonAcidOrcTbl2
2024-04-24T04:56:55,185  INFO [main] ql.Driver: Compiling command(queryId=alex_20240424045655_fbf72a26-b898-4076-be11-aa20e4870c7c): drop table if exists nonAcidOrcTbl2
2024-04-24T04:56:55,188  INFO [main] txn.TxnHandler: Added entries to MIN_HISTORY_LEVEL for current txns: ([27]) with min_open_txn: 21
2024-04-24T04:56:55,188  INFO [main] lockmgr.DbTxnManager: Opened txnid:27
2024-04-24T04:56:55,188  INFO [main] HiveMetaStore.audit: ugi=alex	ip=unknown-ip-addr	cmd=get_table : tbl=hive.default.nonAcidOrcTbl2	
2024-04-24T04:56:55,196  INFO [main] metastore.HMSHandler: Skipping translation for processor with null
2024-04-24T04:56:55,196  INFO [main] ql.Driver: Semantic Analysis Completed (retrial = false)
2024-04-24T04:56:55,196  INFO [main] ql.Driver: Created Hive schema: Schema(fieldSchemas:null, properties:null)
2024-04-24T04:56:55,196  INFO [main] metadata.Hive: Dumping metastore api call timing information for : compilation phase
2024-04-24T04:56:55,196  INFO [main] metadata.Hive: Total time spent in each metastore function (ms): {commitTxn_(CommitTxnRequest)=10, openTxn_(String, TxnType)=2, getValidTxns_(long)=0, isCompatibleWith_(Configuration)=0, getTable_(GetTableRequest)=8, flushCache_()=0}
2024-04-24T04:56:55,196  INFO [main] ql.Driver: Completed compiling command(queryId=alex_20240424045655_fbf72a26-b898-4076-be11-aa20e4870c7c); Time taken: 0.011 seconds
2024-04-24T04:56:55,197  INFO [main] lockmgr.DbTxnManager: Setting lock request transaction to txnid:27 for queryId=alex_20240424045655_fbf72a26-b898-4076-be11-aa20e4870c7c
2024-04-24T04:56:55,197  INFO [main] lockmgr.DbLockManager: Requesting lock for queryId=alex_20240424045655_fbf72a26-b898-4076-be11-aa20e4870c7c
2024-04-24T04:56:55,210  INFO [main] lockmgr.DbLockManager: Response to queryId=alex_20240424045655_fbf72a26-b898-4076-be11-aa20e4870c7c LockResponse(lockid:17, state:ACQUIRED)
2024-04-24T04:56:55,210  INFO [main] ql.Driver: Operation DROPTABLE obtained 1 locks
2024-04-24T04:56:55,210  INFO [main] ql.Driver: Executing command(queryId=alex_20240424045655_fbf72a26-b898-4076-be11-aa20e4870c7c): drop table if exists nonAcidOrcTbl2
2024-04-24T04:56:55,211  INFO [main] ql.Driver: Starting task [Stage-0:DDL] in serial mode
2024-04-24T04:56:55,211  INFO [main] HiveMetaStore.audit: ugi=alex	ip=unknown-ip-addr	cmd=get_table : tbl=hive.default.nonAcidOrcTbl2	
2024-04-24T04:56:55,218  INFO [main] metastore.HMSHandler: Skipping translation for processor with null
2024-04-24T04:56:55,218  INFO [main] HiveMetaStore.audit: ugi=alex	ip=unknown-ip-addr	cmd=get_table : tbl=hive.default.nonAcidOrcTbl2	
2024-04-24T04:56:55,226  INFO [main] metastore.HMSHandler: Skipping translation for processor with null
2024-04-24T04:56:55,226  INFO [main] HiveMetaStore.audit: ugi=alex	ip=unknown-ip-addr	cmd=drop_table : tbl=hive.default.nonAcidOrcTbl2	
2024-04-24T04:56:55,254  INFO [main] metadata.Hive: Dumping metastore api call timing information for : execution phase
2024-04-24T04:56:55,254  INFO [main] metadata.Hive: Total time spent in each metastore function (ms): {getTable_(GetTableRequest)=7, isCompatibleWith_(Configuration)=0, dropTable_(String, String, boolean, boolean, boolean)=35}
2024-04-24T04:56:55,254  INFO [main] ql.Driver: Completed executing command(queryId=alex_20240424045655_fbf72a26-b898-4076-be11-aa20e4870c7c); Time taken: 0.043 seconds
2024-04-24T04:56:55,254  INFO [main] lockmgr.DbTxnManager: Stopped heartbeat for query: alex_20240424045655_fbf72a26-b898-4076-be11-aa20e4870c7c
2024-04-24T04:56:55,258  INFO [main] txn.TxnHandler: Expected to move at least one record from txn_components to completed_txn_components when committing txn! txnid:27
2024-04-24T04:56:55,266  INFO [main] txn.TxnHandler: Removed transactions: ([27]) from MIN_HISTORY_LEVEL
2024-04-24T04:56:55,266  WARN [main] txn.CompactionTxnHandler: No compaction queue record found for Compaction type transaction commit. txnId:27
2024-04-24T04:56:55,266  INFO [main] ql.TxnCommandsBaseForTests: Running the query: drop table if exists nonAcidNonBucket
2024-04-24T04:56:55,267  INFO [main] ql.Driver: Compiling command(queryId=alex_20240424045655_5fdc891d-65ad-4bac-96cd-9dc331fed091): drop table if exists nonAcidNonBucket
2024-04-24T04:56:55,269  INFO [main] txn.TxnHandler: Added entries to MIN_HISTORY_LEVEL for current txns: ([28]) with min_open_txn: 21
2024-04-24T04:56:55,270  INFO [main] lockmgr.DbTxnManager: Opened txnid:28
2024-04-24T04:56:55,270  INFO [main] HiveMetaStore.audit: ugi=alex	ip=unknown-ip-addr	cmd=get_table : tbl=hive.default.nonAcidNonBucket	
2024-04-24T04:56:55,278  INFO [main] metastore.HMSHandler: Skipping translation for processor with null
2024-04-24T04:56:55,278  INFO [main] ql.Driver: Semantic Analysis Completed (retrial = false)
2024-04-24T04:56:55,278  INFO [main] ql.Driver: Created Hive schema: Schema(fieldSchemas:null, properties:null)
2024-04-24T04:56:55,278  INFO [main] metadata.Hive: Dumping metastore api call timing information for : compilation phase
2024-04-24T04:56:55,279  INFO [main] metadata.Hive: Total time spent in each metastore function (ms): {isCompatibleWith_(Configuration)=0, getTable_(GetTableRequest)=8, commitTxn_(CommitTxnRequest)=12, openTxn_(String, TxnType)=3, getValidTxns_(long)=0, flushCache_()=0}
2024-04-24T04:56:55,279  INFO [main] ql.Driver: Completed compiling command(queryId=alex_20240424045655_5fdc891d-65ad-4bac-96cd-9dc331fed091); Time taken: 0.011 seconds
2024-04-24T04:56:55,279  INFO [main] lockmgr.DbTxnManager: Setting lock request transaction to txnid:28 for queryId=alex_20240424045655_5fdc891d-65ad-4bac-96cd-9dc331fed091
2024-04-24T04:56:55,279  INFO [main] lockmgr.DbLockManager: Requesting lock for queryId=alex_20240424045655_5fdc891d-65ad-4bac-96cd-9dc331fed091
2024-04-24T04:56:55,295  INFO [main] lockmgr.DbLockManager: Response to queryId=alex_20240424045655_5fdc891d-65ad-4bac-96cd-9dc331fed091 LockResponse(lockid:18, state:ACQUIRED)
2024-04-24T04:56:55,295  INFO [main] ql.Driver: Operation DROPTABLE obtained 1 locks
2024-04-24T04:56:55,295  INFO [main] ql.Driver: Executing command(queryId=alex_20240424045655_5fdc891d-65ad-4bac-96cd-9dc331fed091): drop table if exists nonAcidNonBucket
2024-04-24T04:56:55,295  INFO [main] ql.Driver: Starting task [Stage-0:DDL] in serial mode
2024-04-24T04:56:55,295  INFO [main] HiveMetaStore.audit: ugi=alex	ip=unknown-ip-addr	cmd=get_table : tbl=hive.default.nonAcidNonBucket	
2024-04-24T04:56:55,303  INFO [main] metastore.HMSHandler: Skipping translation for processor with null
2024-04-24T04:56:55,303  INFO [main] HiveMetaStore.audit: ugi=alex	ip=unknown-ip-addr	cmd=get_table : tbl=hive.default.nonAcidNonBucket	
2024-04-24T04:56:55,311  INFO [main] metastore.HMSHandler: Skipping translation for processor with null
2024-04-24T04:56:55,311  INFO [main] HiveMetaStore.audit: ugi=alex	ip=unknown-ip-addr	cmd=drop_table : tbl=hive.default.nonAcidNonBucket	
2024-04-24T04:56:55,337  INFO [main] metadata.Hive: Dumping metastore api call timing information for : execution phase
2024-04-24T04:56:55,337  INFO [main] metadata.Hive: Total time spent in each metastore function (ms): {isCompatibleWith_(Configuration)=0, dropTable_(String, String, boolean, boolean, boolean)=34, getTable_(GetTableRequest)=8}
2024-04-24T04:56:55,337  INFO [main] ql.Driver: Completed executing command(queryId=alex_20240424045655_5fdc891d-65ad-4bac-96cd-9dc331fed091); Time taken: 0.042 seconds
2024-04-24T04:56:55,337  INFO [main] lockmgr.DbTxnManager: Stopped heartbeat for query: alex_20240424045655_5fdc891d-65ad-4bac-96cd-9dc331fed091
2024-04-24T04:56:55,341  INFO [main] txn.TxnHandler: Expected to move at least one record from txn_components to completed_txn_components when committing txn! txnid:28
2024-04-24T04:56:55,346  INFO [main] txn.TxnHandler: Removed transactions: ([28]) from MIN_HISTORY_LEVEL
2024-04-24T04:56:55,346  WARN [main] txn.CompactionTxnHandler: No compaction queue record found for Compaction type transaction commit. txnId:28
2024-04-24T04:56:55,347  INFO [main] utils.TestTxnDbUtil: Cleaning transactional tables
]]></system-err>
  </testcase>
  <testcase name="testExportPartPartial2" classname="org.apache.hadoop.hive.ql.TestTxnExIm" time="6.565"/>
  <testcase name="testExportPartPartial3" classname="org.apache.hadoop.hive.ql.TestTxnExIm" time="6.696"/>
  <testcase name="testExportMerge" classname="org.apache.hadoop.hive.ql.TestTxnExIm" time="4.71">
    <error type="java.lang.RuntimeException"><![CDATA[java.lang.RuntimeException: update T set b = 17 where a = 1 failed: (responseCode = 2, errorMessage = FAILED: Execution Error, return code 2 from org.apache.hadoop.hive.ql.exec.mr.MapRedTask, SQLState = 08S01)
	at org.apache.hadoop.hive.ql.TxnCommandsBaseForTests.runStatementOnDriver(TxnCommandsBaseForTests.java:247)
	at org.apache.hadoop.hive.ql.TestTxnExIm.testExportMerge(TestTxnExIm.java:104)
	at sun.reflect.NativeMethodAccessorImpl.invoke0(Native Method)
	at sun.reflect.NativeMethodAccessorImpl.invoke(NativeMethodAccessorImpl.java:62)
	at sun.reflect.DelegatingMethodAccessorImpl.invoke(DelegatingMethodAccessorImpl.java:43)
	at java.lang.reflect.Method.invoke(Method.java:498)
	at org.junit.runners.model.FrameworkMethod$1.runReflectiveCall(FrameworkMethod.java:59)
	at org.junit.internal.runners.model.ReflectiveCallable.run(ReflectiveCallable.java:12)
	at org.junit.runners.model.FrameworkMethod.invokeExplosively(FrameworkMethod.java:56)
	at org.junit.internal.runners.statements.InvokeMethod.evaluate(InvokeMethod.java:17)
	at org.junit.internal.runners.statements.RunBefores.evaluate(RunBefores.java:26)
	at org.junit.internal.runners.statements.RunAfters.evaluate(RunAfters.java:27)
	at org.junit.rules.TestWatcher$1.evaluate(TestWatcher.java:61)
	at org.junit.runners.ParentRunner$3.evaluate(ParentRunner.java:306)
	at org.junit.runners.BlockJUnit4ClassRunner$1.evaluate(BlockJUnit4ClassRunner.java:100)
	at org.junit.runners.ParentRunner.runLeaf(ParentRunner.java:366)
	at org.junit.runners.BlockJUnit4ClassRunner.runChild(BlockJUnit4ClassRunner.java:103)
	at org.junit.runners.BlockJUnit4ClassRunner.runChild(BlockJUnit4ClassRunner.java:63)
	at org.junit.runners.ParentRunner$4.run(ParentRunner.java:331)
	at org.junit.runners.ParentRunner$1.schedule(ParentRunner.java:79)
	at org.junit.runners.ParentRunner.runChildren(ParentRunner.java:329)
	at org.junit.runners.ParentRunner.access$100(ParentRunner.java:66)
	at org.junit.runners.ParentRunner$2.evaluate(ParentRunner.java:293)
	at org.junit.runners.ParentRunner$3.evaluate(ParentRunner.java:306)
	at org.junit.runners.ParentRunner.run(ParentRunner.java:413)
	at org.junit.runner.JUnitCore.run(JUnitCore.java:137)
	at org.junit.runner.JUnitCore.run(JUnitCore.java:115)
	at org.junit.vintage.engine.execution.RunnerExecutor.execute(RunnerExecutor.java:43)
	at java.util.stream.ForEachOps$ForEachOp$OfRef.accept(ForEachOps.java:183)
	at java.util.stream.ReferencePipeline$3$1.accept(ReferencePipeline.java:193)
	at java.util.Iterator.forEachRemaining(Iterator.java:116)
	at java.util.Spliterators$IteratorSpliterator.forEachRemaining(Spliterators.java:1801)
	at java.util.stream.AbstractPipeline.copyInto(AbstractPipeline.java:482)
	at java.util.stream.AbstractPipeline.wrapAndCopyInto(AbstractPipeline.java:472)
	at java.util.stream.ForEachOps$ForEachOp.evaluateSequential(ForEachOps.java:150)
	at java.util.stream.ForEachOps$ForEachOp$OfRef.evaluateSequential(ForEachOps.java:173)
	at java.util.stream.AbstractPipeline.evaluate(AbstractPipeline.java:234)
	at java.util.stream.ReferencePipeline.forEach(ReferencePipeline.java:485)
	at org.junit.vintage.engine.VintageTestEngine.executeAllChildren(VintageTestEngine.java:82)
	at org.junit.vintage.engine.VintageTestEngine.execute(VintageTestEngine.java:73)
	at org.junit.platform.launcher.core.DefaultLauncher.execute(DefaultLauncher.java:248)
	at org.junit.platform.launcher.core.DefaultLauncher.lambda$execute$5(DefaultLauncher.java:211)
	at org.junit.platform.launcher.core.DefaultLauncher.withInterceptedStreams(DefaultLauncher.java:226)
	at org.junit.platform.launcher.core.DefaultLauncher.execute(DefaultLauncher.java:199)
	at org.junit.platform.launcher.core.DefaultLauncher.execute(DefaultLauncher.java:132)
	at org.apache.maven.surefire.junitplatform.JUnitPlatformProvider.invokeAllTests(JUnitPlatformProvider.java:154)
	at org.apache.maven.surefire.junitplatform.JUnitPlatformProvider.invoke(JUnitPlatformProvider.java:123)
	at org.apache.maven.surefire.booter.ForkedBooter.runSuitesInProcess(ForkedBooter.java:377)
	at org.apache.maven.surefire.booter.ForkedBooter.execute(ForkedBooter.java:138)
	at org.apache.maven.surefire.booter.ForkedBooter.run(ForkedBooter.java:465)
	at org.apache.maven.surefire.booter.ForkedBooter.main(ForkedBooter.java:451)
]]></error>
    <system-err><![CDATA[2024-04-24T04:57:08,665  WARN [main] conf.HiveConf: HiveConf of name hive.llap.io.cache.orc.size does not exist
2024-04-24T04:57:08,665  WARN [main] conf.HiveConf: HiveConf of name hive.llap.io.cache.orc.arena.size does not exist
2024-04-24T04:57:08,665  WARN [main] conf.HiveConf: HiveConf of name hive.metastore.client.cache.maxSize does not exist
2024-04-24T04:57:08,665  WARN [main] conf.HiveConf: HiveConf of name hive.dummyparam.test.server.specific.config.hivesite does not exist
2024-04-24T04:57:08,665  WARN [main] conf.HiveConf: HiveConf of name hive.dummyparam.test.server.specific.config.metastoresite does not exist
2024-04-24T04:57:08,665  WARN [main] conf.HiveConf: HiveConf of name hive.llap.io.cache.orc.alloc.max does not exist
2024-04-24T04:57:08,665  WARN [main] conf.HiveConf: HiveConf of name hive.metastore.client.cache.recordStats does not exist
2024-04-24T04:57:08,665  WARN [main] conf.HiveConf: HiveConf of name hive.dummyparam.test.server.specific.config.override does not exist
2024-04-24T04:57:08,665  WARN [main] conf.HiveConf: HiveConf of name hive.metastore.metadb.dir does not exist
2024-04-24T04:57:08,665  WARN [main] conf.HiveConf: HiveConf of name hive.stats.key.prefix.reserve.length does not exist
2024-04-24T04:57:08,666  WARN [main] conf.HiveConf: HiveConf of name hive.llap.io.cache.orc.alloc.min does not exist
2024-04-24T04:57:08,667  INFO [main] utils.TestTxnDbUtil: Creating transactional tables
Hive Session ID = 4eb241f2-a226-41ac-b5bc-70ff5b441787
2024-04-24T04:57:08,669  INFO [main] SessionState: Hive Session ID = 4eb241f2-a226-41ac-b5bc-70ff5b441787
ivysettings.xml file not found in HIVE_HOME or HIVE_CONF_DIR,/home/alex/Repositories/hive/conf/ivysettings.xml will be used
2024-04-24T04:57:08,670  INFO [main] DependencyResolver: ivysettings.xml file not found in HIVE_HOME or HIVE_CONF_DIR,/home/alex/Repositories/hive/conf/ivysettings.xml will be used
2024-04-24T04:57:08,675  INFO [main] session.SessionState: Created HDFS directory: /home/alex/Repositories/hive/ql/target/tmp/scratchdir/alex/4eb241f2-a226-41ac-b5bc-70ff5b441787
2024-04-24T04:57:08,678  INFO [main] session.SessionState: Created local directory: /home/alex/Repositories/hive/ql/target/tmp/localscratchdir/4eb241f2-a226-41ac-b5bc-70ff5b441787
2024-04-24T04:57:08,680  INFO [main] session.SessionState: Created HDFS directory: /home/alex/Repositories/hive/ql/target/tmp/scratchdir/alex/4eb241f2-a226-41ac-b5bc-70ff5b441787/_tmp_space.db
2024-04-24T04:57:08,680  INFO [main] sqlstd.SQLStdHiveAccessController: Created SQLStdHiveAccessController for session context : HiveAuthzSessionContext [sessionString=4eb241f2-a226-41ac-b5bc-70ff5b441787, clientType=HIVECLI]
2024-04-24T04:57:08,680  INFO [main] ql.TxnCommandsBaseForTests: Running the query: drop table if exists acidTbl
2024-04-24T04:57:08,681  INFO [main] ql.Driver: Compiling command(queryId=alex_20240424045708_528f0ea4-f0de-485f-928a-60d5d65ce817): drop table if exists acidTbl
2024-04-24T04:57:08,688  INFO [main] txn.TxnHandler: Added entries to MIN_HISTORY_LEVEL for current txns: ([1]) with min_open_txn: 1
2024-04-24T04:57:08,688  INFO [main] lockmgr.DbTxnManager: Opened txnid:1
2024-04-24T04:57:08,691  INFO [main] HiveMetaStore.audit: ugi=alex	ip=unknown-ip-addr	cmd=get_table : tbl=hive.default.acidTbl	
2024-04-24T04:57:08,693  INFO [main] ql.Driver: Semantic Analysis Completed (retrial = false)
2024-04-24T04:57:08,693  INFO [main] ql.Driver: Created Hive schema: Schema(fieldSchemas:null, properties:null)
2024-04-24T04:57:08,693  INFO [main] metadata.Hive: Dumping metastore api call timing information for : compilation phase
2024-04-24T04:57:08,693  INFO [main] metadata.Hive: Total time spent in each metastore function (ms): {flushCache_()=0, isCompatibleWith_(Configuration)=2, getValidTxns_(long)=1, commitTxn_(CommitTxnRequest)=10, openTxn_(String, TxnType)=7}
2024-04-24T04:57:08,694  INFO [main] ql.Driver: Completed compiling command(queryId=alex_20240424045708_528f0ea4-f0de-485f-928a-60d5d65ce817); Time taken: 0.012 seconds
2024-04-24T04:57:08,694  INFO [main] lockmgr.DbTxnManager: Setting lock request transaction to txnid:1 for queryId=alex_20240424045708_528f0ea4-f0de-485f-928a-60d5d65ce817
2024-04-24T04:57:08,694  INFO [main] ql.Driver: Operation DROPTABLE obtained 0 locks
2024-04-24T04:57:08,694  INFO [main] ql.Driver: Executing command(queryId=alex_20240424045708_528f0ea4-f0de-485f-928a-60d5d65ce817): drop table if exists acidTbl
2024-04-24T04:57:08,694  INFO [main] ql.Driver: Starting task [Stage-0:DDL] in serial mode
2024-04-24T04:57:08,694  INFO [main] HiveMetaStore.audit: ugi=alex	ip=unknown-ip-addr	cmd=get_table : tbl=hive.default.acidTbl	
2024-04-24T04:57:08,697  INFO [main] metadata.Hive: Dumping metastore api call timing information for : execution phase
2024-04-24T04:57:08,697  INFO [main] metadata.Hive: Total time spent in each metastore function (ms): {isCompatibleWith_(Configuration)=0}
2024-04-24T04:57:08,697  INFO [main] ql.Driver: Completed executing command(queryId=alex_20240424045708_528f0ea4-f0de-485f-928a-60d5d65ce817); Time taken: 0.003 seconds
2024-04-24T04:57:08,697  INFO [main] lockmgr.DbTxnManager: Stopped heartbeat for query: alex_20240424045708_528f0ea4-f0de-485f-928a-60d5d65ce817
2024-04-24T04:57:08,702  INFO [main] txn.TxnHandler: Expected to move at least one record from txn_components to completed_txn_components when committing txn! txnid:1
2024-04-24T04:57:08,709  INFO [main] txn.TxnHandler: Removed transactions: ([1]) from MIN_HISTORY_LEVEL
2024-04-24T04:57:08,709  WARN [main] txn.CompactionTxnHandler: No compaction queue record found for Compaction type transaction commit. txnId:1
2024-04-24T04:57:08,709  INFO [main] ql.TxnCommandsBaseForTests: Running the query: drop table if exists acidTblPart
2024-04-24T04:57:08,710  INFO [main] ql.Driver: Compiling command(queryId=alex_20240424045708_d870159a-2618-4233-a471-58d5a193a345): drop table if exists acidTblPart
2024-04-24T04:57:08,712  INFO [main] txn.TxnHandler: Added entries to MIN_HISTORY_LEVEL for current txns: ([2]) with min_open_txn: 1
2024-04-24T04:57:08,712  INFO [main] lockmgr.DbTxnManager: Opened txnid:2
2024-04-24T04:57:08,712  INFO [main] HiveMetaStore.audit: ugi=alex	ip=unknown-ip-addr	cmd=get_table : tbl=hive.default.acidTblPart	
2024-04-24T04:57:08,715  INFO [main] ql.Driver: Semantic Analysis Completed (retrial = false)
2024-04-24T04:57:08,715  INFO [main] ql.Driver: Created Hive schema: Schema(fieldSchemas:null, properties:null)
2024-04-24T04:57:08,715  INFO [main] metadata.Hive: Dumping metastore api call timing information for : compilation phase
2024-04-24T04:57:08,715  INFO [main] metadata.Hive: Total time spent in each metastore function (ms): {getValidTxns_(long)=0, isCompatibleWith_(Configuration)=0, flushCache_()=0, commitTxn_(CommitTxnRequest)=12, openTxn_(String, TxnType)=2}
2024-04-24T04:57:08,715  INFO [main] ql.Driver: Completed compiling command(queryId=alex_20240424045708_d870159a-2618-4233-a471-58d5a193a345); Time taken: 0.005 seconds
2024-04-24T04:57:08,716  INFO [main] lockmgr.DbTxnManager: Setting lock request transaction to txnid:2 for queryId=alex_20240424045708_d870159a-2618-4233-a471-58d5a193a345
2024-04-24T04:57:08,716  INFO [main] ql.Driver: Operation DROPTABLE obtained 0 locks
2024-04-24T04:57:08,716  INFO [main] ql.Driver: Executing command(queryId=alex_20240424045708_d870159a-2618-4233-a471-58d5a193a345): drop table if exists acidTblPart
2024-04-24T04:57:08,716  INFO [main] ql.Driver: Starting task [Stage-0:DDL] in serial mode
2024-04-24T04:57:08,716  INFO [main] HiveMetaStore.audit: ugi=alex	ip=unknown-ip-addr	cmd=get_table : tbl=hive.default.acidTblPart	
2024-04-24T04:57:08,719  INFO [main] metadata.Hive: Dumping metastore api call timing information for : execution phase
2024-04-24T04:57:08,719  INFO [main] metadata.Hive: Total time spent in each metastore function (ms): {isCompatibleWith_(Configuration)=0}
2024-04-24T04:57:08,719  INFO [main] ql.Driver: Completed executing command(queryId=alex_20240424045708_d870159a-2618-4233-a471-58d5a193a345); Time taken: 0.003 seconds
2024-04-24T04:57:08,719  INFO [main] lockmgr.DbTxnManager: Stopped heartbeat for query: alex_20240424045708_d870159a-2618-4233-a471-58d5a193a345
2024-04-24T04:57:08,724  INFO [main] txn.TxnHandler: Expected to move at least one record from txn_components to completed_txn_components when committing txn! txnid:2
2024-04-24T04:57:08,730  INFO [main] txn.TxnHandler: Removed transactions: ([2]) from MIN_HISTORY_LEVEL
2024-04-24T04:57:08,730  WARN [main] txn.CompactionTxnHandler: No compaction queue record found for Compaction type transaction commit. txnId:2
2024-04-24T04:57:08,731  INFO [main] ql.TxnCommandsBaseForTests: Running the query: drop table if exists acidTbl2
2024-04-24T04:57:08,731  INFO [main] ql.Driver: Compiling command(queryId=alex_20240424045708_8bdd7cab-72f2-4a5d-9f6e-a3faefa26105): drop table if exists acidTbl2
2024-04-24T04:57:08,733  INFO [main] txn.TxnHandler: Added entries to MIN_HISTORY_LEVEL for current txns: ([3]) with min_open_txn: 1
2024-04-24T04:57:08,733  INFO [main] lockmgr.DbTxnManager: Opened txnid:3
2024-04-24T04:57:08,734  INFO [main] HiveMetaStore.audit: ugi=alex	ip=unknown-ip-addr	cmd=get_table : tbl=hive.default.acidTbl2	
2024-04-24T04:57:08,736  INFO [main] ql.Driver: Semantic Analysis Completed (retrial = false)
2024-04-24T04:57:08,736  INFO [main] ql.Driver: Created Hive schema: Schema(fieldSchemas:null, properties:null)
2024-04-24T04:57:08,736  INFO [main] metadata.Hive: Dumping metastore api call timing information for : compilation phase
2024-04-24T04:57:08,737  INFO [main] metadata.Hive: Total time spent in each metastore function (ms): {isCompatibleWith_(Configuration)=2, openTxn_(String, TxnType)=1, flushCache_()=0, commitTxn_(CommitTxnRequest)=12, getValidTxns_(long)=0}
2024-04-24T04:57:08,737  INFO [main] ql.Driver: Completed compiling command(queryId=alex_20240424045708_8bdd7cab-72f2-4a5d-9f6e-a3faefa26105); Time taken: 0.005 seconds
2024-04-24T04:57:08,737  INFO [main] lockmgr.DbTxnManager: Setting lock request transaction to txnid:3 for queryId=alex_20240424045708_8bdd7cab-72f2-4a5d-9f6e-a3faefa26105
2024-04-24T04:57:08,737  INFO [main] ql.Driver: Operation DROPTABLE obtained 0 locks
2024-04-24T04:57:08,737  INFO [main] ql.Driver: Executing command(queryId=alex_20240424045708_8bdd7cab-72f2-4a5d-9f6e-a3faefa26105): drop table if exists acidTbl2
2024-04-24T04:57:08,737  INFO [main] ql.Driver: Starting task [Stage-0:DDL] in serial mode
2024-04-24T04:57:08,737  INFO [main] HiveMetaStore.audit: ugi=alex	ip=unknown-ip-addr	cmd=get_table : tbl=hive.default.acidTbl2	
2024-04-24T04:57:08,740  INFO [main] metadata.Hive: Dumping metastore api call timing information for : execution phase
2024-04-24T04:57:08,740  INFO [main] metadata.Hive: Total time spent in each metastore function (ms): {isCompatibleWith_(Configuration)=0}
2024-04-24T04:57:08,740  INFO [main] ql.Driver: Completed executing command(queryId=alex_20240424045708_8bdd7cab-72f2-4a5d-9f6e-a3faefa26105); Time taken: 0.003 seconds
2024-04-24T04:57:08,741  INFO [main] lockmgr.DbTxnManager: Stopped heartbeat for query: alex_20240424045708_8bdd7cab-72f2-4a5d-9f6e-a3faefa26105
2024-04-24T04:57:08,746  INFO [main] txn.TxnHandler: Expected to move at least one record from txn_components to completed_txn_components when committing txn! txnid:3
2024-04-24T04:57:08,752  INFO [main] txn.TxnHandler: Removed transactions: ([3]) from MIN_HISTORY_LEVEL
2024-04-24T04:57:08,752  WARN [main] txn.CompactionTxnHandler: No compaction queue record found for Compaction type transaction commit. txnId:3
2024-04-24T04:57:08,753  INFO [main] ql.TxnCommandsBaseForTests: Running the query: drop table if exists nonAcidOrcTbl
2024-04-24T04:57:08,753  INFO [main] ql.Driver: Compiling command(queryId=alex_20240424045708_63ef2e1c-808b-41d0-8b31-e5f361358842): drop table if exists nonAcidOrcTbl
2024-04-24T04:57:08,755  INFO [main] txn.TxnHandler: Added entries to MIN_HISTORY_LEVEL for current txns: ([4]) with min_open_txn: 1
2024-04-24T04:57:08,756  INFO [main] lockmgr.DbTxnManager: Opened txnid:4
2024-04-24T04:57:08,756  INFO [main] HiveMetaStore.audit: ugi=alex	ip=unknown-ip-addr	cmd=get_table : tbl=hive.default.nonAcidOrcTbl	
2024-04-24T04:57:08,759  INFO [main] ql.Driver: Semantic Analysis Completed (retrial = false)
2024-04-24T04:57:08,759  INFO [main] ql.Driver: Created Hive schema: Schema(fieldSchemas:null, properties:null)
2024-04-24T04:57:08,759  INFO [main] metadata.Hive: Dumping metastore api call timing information for : compilation phase
2024-04-24T04:57:08,759  INFO [main] metadata.Hive: Total time spent in each metastore function (ms): {openTxn_(String, TxnType)=3, commitTxn_(CommitTxnRequest)=11, flushCache_()=0, isCompatibleWith_(Configuration)=0, getValidTxns_(long)=0}
2024-04-24T04:57:08,759  INFO [main] ql.Driver: Completed compiling command(queryId=alex_20240424045708_63ef2e1c-808b-41d0-8b31-e5f361358842); Time taken: 0.006 seconds
2024-04-24T04:57:08,759  INFO [main] lockmgr.DbTxnManager: Setting lock request transaction to txnid:4 for queryId=alex_20240424045708_63ef2e1c-808b-41d0-8b31-e5f361358842
2024-04-24T04:57:08,759  INFO [main] ql.Driver: Operation DROPTABLE obtained 0 locks
2024-04-24T04:57:08,759  INFO [main] ql.Driver: Executing command(queryId=alex_20240424045708_63ef2e1c-808b-41d0-8b31-e5f361358842): drop table if exists nonAcidOrcTbl
2024-04-24T04:57:08,759  INFO [main] ql.Driver: Starting task [Stage-0:DDL] in serial mode
2024-04-24T04:57:08,760  INFO [main] HiveMetaStore.audit: ugi=alex	ip=unknown-ip-addr	cmd=get_table : tbl=hive.default.nonAcidOrcTbl	
2024-04-24T04:57:08,762  INFO [main] metadata.Hive: Dumping metastore api call timing information for : execution phase
2024-04-24T04:57:08,762  INFO [main] metadata.Hive: Total time spent in each metastore function (ms): {isCompatibleWith_(Configuration)=1}
2024-04-24T04:57:08,762  INFO [main] ql.Driver: Completed executing command(queryId=alex_20240424045708_63ef2e1c-808b-41d0-8b31-e5f361358842); Time taken: 0.003 seconds
2024-04-24T04:57:08,763  INFO [main] lockmgr.DbTxnManager: Stopped heartbeat for query: alex_20240424045708_63ef2e1c-808b-41d0-8b31-e5f361358842
2024-04-24T04:57:08,768  INFO [main] txn.TxnHandler: Expected to move at least one record from txn_components to completed_txn_components when committing txn! txnid:4
2024-04-24T04:57:08,774  INFO [main] txn.TxnHandler: Removed transactions: ([4]) from MIN_HISTORY_LEVEL
2024-04-24T04:57:08,774  WARN [main] txn.CompactionTxnHandler: No compaction queue record found for Compaction type transaction commit. txnId:4
2024-04-24T04:57:08,775  INFO [main] ql.TxnCommandsBaseForTests: Running the query: drop table if exists nonAcidOrcTbl2
2024-04-24T04:57:08,775  INFO [main] ql.Driver: Compiling command(queryId=alex_20240424045708_39e25164-5be8-4668-a85f-09cadd722622): drop table if exists nonAcidOrcTbl2
2024-04-24T04:57:08,777  INFO [main] txn.TxnHandler: Added entries to MIN_HISTORY_LEVEL for current txns: ([5]) with min_open_txn: 1
2024-04-24T04:57:08,778  INFO [main] lockmgr.DbTxnManager: Opened txnid:5
2024-04-24T04:57:08,778  INFO [main] HiveMetaStore.audit: ugi=alex	ip=unknown-ip-addr	cmd=get_table : tbl=hive.default.nonAcidOrcTbl2	
2024-04-24T04:57:08,781  INFO [main] ql.Driver: Semantic Analysis Completed (retrial = false)
2024-04-24T04:57:08,781  INFO [main] ql.Driver: Created Hive schema: Schema(fieldSchemas:null, properties:null)
2024-04-24T04:57:08,781  INFO [main] metadata.Hive: Dumping metastore api call timing information for : compilation phase
2024-04-24T04:57:08,781  INFO [main] metadata.Hive: Total time spent in each metastore function (ms): {commitTxn_(CommitTxnRequest)=12, openTxn_(String, TxnType)=2, getValidTxns_(long)=0, isCompatibleWith_(Configuration)=0, flushCache_()=0}
2024-04-24T04:57:08,781  INFO [main] ql.Driver: Completed compiling command(queryId=alex_20240424045708_39e25164-5be8-4668-a85f-09cadd722622); Time taken: 0.006 seconds
2024-04-24T04:57:08,781  INFO [main] lockmgr.DbTxnManager: Setting lock request transaction to txnid:5 for queryId=alex_20240424045708_39e25164-5be8-4668-a85f-09cadd722622
2024-04-24T04:57:08,781  INFO [main] ql.Driver: Operation DROPTABLE obtained 0 locks
2024-04-24T04:57:08,781  INFO [main] ql.Driver: Executing command(queryId=alex_20240424045708_39e25164-5be8-4668-a85f-09cadd722622): drop table if exists nonAcidOrcTbl2
2024-04-24T04:57:08,782  INFO [main] ql.Driver: Starting task [Stage-0:DDL] in serial mode
2024-04-24T04:57:08,782  INFO [main] HiveMetaStore.audit: ugi=alex	ip=unknown-ip-addr	cmd=get_table : tbl=hive.default.nonAcidOrcTbl2	
2024-04-24T04:57:08,784  INFO [main] metadata.Hive: Dumping metastore api call timing information for : execution phase
2024-04-24T04:57:08,785  INFO [main] metadata.Hive: Total time spent in each metastore function (ms): {isCompatibleWith_(Configuration)=0}
2024-04-24T04:57:08,785  INFO [main] ql.Driver: Completed executing command(queryId=alex_20240424045708_39e25164-5be8-4668-a85f-09cadd722622); Time taken: 0.003 seconds
2024-04-24T04:57:08,785  INFO [main] lockmgr.DbTxnManager: Stopped heartbeat for query: alex_20240424045708_39e25164-5be8-4668-a85f-09cadd722622
2024-04-24T04:57:08,791  INFO [main] txn.TxnHandler: Expected to move at least one record from txn_components to completed_txn_components when committing txn! txnid:5
2024-04-24T04:57:08,798  INFO [main] txn.TxnHandler: Removed transactions: ([5]) from MIN_HISTORY_LEVEL
2024-04-24T04:57:08,798  WARN [main] txn.CompactionTxnHandler: No compaction queue record found for Compaction type transaction commit. txnId:5
2024-04-24T04:57:08,799  INFO [main] ql.TxnCommandsBaseForTests: Running the query: drop table if exists nonAcidNonBucket
2024-04-24T04:57:08,799  INFO [main] ql.Driver: Compiling command(queryId=alex_20240424045708_fac0869e-cc97-4608-a287-38bb8a0c9e1f): drop table if exists nonAcidNonBucket
2024-04-24T04:57:08,801  INFO [main] txn.TxnHandler: Added entries to MIN_HISTORY_LEVEL for current txns: ([6]) with min_open_txn: 1
2024-04-24T04:57:08,801  INFO [main] lockmgr.DbTxnManager: Opened txnid:6
2024-04-24T04:57:08,802  INFO [main] HiveMetaStore.audit: ugi=alex	ip=unknown-ip-addr	cmd=get_table : tbl=hive.default.nonAcidNonBucket	
2024-04-24T04:57:08,804  INFO [main] ql.Driver: Semantic Analysis Completed (retrial = false)
2024-04-24T04:57:08,804  INFO [main] ql.Driver: Created Hive schema: Schema(fieldSchemas:null, properties:null)
2024-04-24T04:57:08,804  INFO [main] metadata.Hive: Dumping metastore api call timing information for : compilation phase
2024-04-24T04:57:08,805  INFO [main] metadata.Hive: Total time spent in each metastore function (ms): {isCompatibleWith_(Configuration)=0, openTxn_(String, TxnType)=2, getValidTxns_(long)=1, flushCache_()=0, commitTxn_(CommitTxnRequest)=13}
2024-04-24T04:57:08,805  INFO [main] ql.Driver: Completed compiling command(queryId=alex_20240424045708_fac0869e-cc97-4608-a287-38bb8a0c9e1f); Time taken: 0.005 seconds
2024-04-24T04:57:08,805  INFO [main] lockmgr.DbTxnManager: Setting lock request transaction to txnid:6 for queryId=alex_20240424045708_fac0869e-cc97-4608-a287-38bb8a0c9e1f
2024-04-24T04:57:08,805  INFO [main] ql.Driver: Operation DROPTABLE obtained 0 locks
2024-04-24T04:57:08,805  INFO [main] ql.Driver: Executing command(queryId=alex_20240424045708_fac0869e-cc97-4608-a287-38bb8a0c9e1f): drop table if exists nonAcidNonBucket
2024-04-24T04:57:08,805  INFO [main] ql.Driver: Starting task [Stage-0:DDL] in serial mode
2024-04-24T04:57:08,805  INFO [main] HiveMetaStore.audit: ugi=alex	ip=unknown-ip-addr	cmd=get_table : tbl=hive.default.nonAcidNonBucket	
2024-04-24T04:57:08,808  INFO [main] metadata.Hive: Dumping metastore api call timing information for : execution phase
2024-04-24T04:57:08,808  INFO [main] metadata.Hive: Total time spent in each metastore function (ms): {isCompatibleWith_(Configuration)=0}
2024-04-24T04:57:08,808  INFO [main] ql.Driver: Completed executing command(queryId=alex_20240424045708_fac0869e-cc97-4608-a287-38bb8a0c9e1f); Time taken: 0.003 seconds
2024-04-24T04:57:08,808  INFO [main] lockmgr.DbTxnManager: Stopped heartbeat for query: alex_20240424045708_fac0869e-cc97-4608-a287-38bb8a0c9e1f
2024-04-24T04:57:08,815  INFO [main] txn.TxnHandler: Expected to move at least one record from txn_components to completed_txn_components when committing txn! txnid:6
2024-04-24T04:57:08,822  INFO [main] txn.TxnHandler: Removed transactions: ([6]) from MIN_HISTORY_LEVEL
2024-04-24T04:57:08,822  WARN [main] txn.CompactionTxnHandler: No compaction queue record found for Compaction type transaction commit. txnId:6
2024-04-24T04:57:08,822  INFO [main] ql.TxnCommandsBaseForTests: Running the query: create table acidTbl(a int, b int) clustered by (a) into 2 buckets stored as orc TBLPROPERTIES ('transactional'='true')
2024-04-24T04:57:08,823  INFO [main] ql.Driver: Compiling command(queryId=alex_20240424045708_492a8025-10d3-4a3e-886d-33d0b50aca42): create table acidTbl(a int, b int) clustered by (a) into 2 buckets stored as orc TBLPROPERTIES ('transactional'='true')
2024-04-24T04:57:08,825  INFO [main] txn.TxnHandler: Added entries to MIN_HISTORY_LEVEL for current txns: ([7]) with min_open_txn: 1
2024-04-24T04:57:08,825  INFO [main] lockmgr.DbTxnManager: Opened txnid:7
2024-04-24T04:57:08,826  INFO [main] parse.CalcitePlanner: Starting caching scope for: 
2024-04-24T04:57:08,826  INFO [main] parse.CalcitePlanner: Starting Semantic Analysis
2024-04-24T04:57:08,832  INFO [main] parse.CalcitePlanner: Creating table default.acidTbl position=13
2024-04-24T04:57:08,832  INFO [main] HiveMetaStore.audit: ugi=alex	ip=unknown-ip-addr	cmd=get_database: default	
2024-04-24T04:57:08,834  INFO [main] parse.CalcitePlanner: Ending caching scope for: 
2024-04-24T04:57:08,834  INFO [main] ql.Driver: Semantic Analysis Completed (retrial = false)
2024-04-24T04:57:08,834  INFO [main] ql.Driver: Created Hive schema: Schema(fieldSchemas:null, properties:null)
2024-04-24T04:57:08,834  INFO [main] metadata.Hive: Dumping metastore api call timing information for : compilation phase
2024-04-24T04:57:08,834  INFO [main] metadata.Hive: Total time spent in each metastore function (ms): {getValidTxns_(long)=0, isCompatibleWith_(Configuration)=1, flushCache_()=0, getValidWriteIds_(List, String)=6, getDatabase_(String)=2, openTxn_(String, TxnType)=2, commitTxn_(CommitTxnRequest)=14}
2024-04-24T04:57:08,834  INFO [main] ql.Driver: Completed compiling command(queryId=alex_20240424045708_492a8025-10d3-4a3e-886d-33d0b50aca42); Time taken: 0.011 seconds
2024-04-24T04:57:08,834  INFO [main] lockmgr.DbTxnManager: Setting lock request transaction to txnid:7 for queryId=alex_20240424045708_492a8025-10d3-4a3e-886d-33d0b50aca42
2024-04-24T04:57:08,835  INFO [main] lockmgr.DbLockManager: Requesting lock for queryId=alex_20240424045708_492a8025-10d3-4a3e-886d-33d0b50aca42
2024-04-24T04:57:08,855  INFO [main] lockmgr.DbLockManager: Response to queryId=alex_20240424045708_492a8025-10d3-4a3e-886d-33d0b50aca42 LockResponse(lockid:1, state:ACQUIRED)
2024-04-24T04:57:08,855  INFO [main] ql.Driver: Operation CREATETABLE obtained 1 locks
2024-04-24T04:57:08,856  INFO [main] ql.Driver: Executing command(queryId=alex_20240424045708_492a8025-10d3-4a3e-886d-33d0b50aca42): create table acidTbl(a int, b int) clustered by (a) into 2 buckets stored as orc TBLPROPERTIES ('transactional'='true')
2024-04-24T04:57:08,856  INFO [main] ql.Driver: Starting task [Stage-0:DDL] in serial mode
2024-04-24T04:57:08,857  INFO [main] HiveMetaStore.audit: ugi=alex	ip=unknown-ip-addr	cmd=create_table_req: Table(tableName:acidTbl, dbName:default, owner:alex, createTime:1713959828, lastAccessTime:0, retention:0, sd:StorageDescriptor(cols:[FieldSchema(name:a, type:int, comment:null), FieldSchema(name:b, type:int, comment:null)], location:null, inputFormat:org.apache.hadoop.hive.ql.io.orc.OrcInputFormat, outputFormat:org.apache.hadoop.hive.ql.io.orc.OrcOutputFormat, compressed:false, numBuckets:2, serdeInfo:SerDeInfo(name:null, serializationLib:org.apache.hadoop.hive.ql.io.orc.OrcSerde, parameters:{serialization.format=1}), bucketCols:[a], sortCols:[], parameters:{}, skewedInfo:SkewedInfo(skewedColNames:[], skewedColValues:[], skewedColValueLocationMaps:{}), storedAsSubDirectories:false), partitionKeys:[], parameters:{transactional=true, totalSize=0, numFilesErasureCoded=0, COLUMN_STATS_ACCURATE={"BASIC_STATS":"true","COLUMN_STATS":{"a":"true","b":"true"}}, rawDataSize=0, numFiles=0, numRows=0, bucketing_version=2}, viewOriginalText:null, viewExpandedText:null, tableType:MANAGED_TABLE, privileges:PrincipalPrivilegeSet(userPrivileges:{alex=[PrivilegeGrantInfo(privilege:INSERT, createTime:-1, grantor:alex, grantorType:USER, grantOption:true), PrivilegeGrantInfo(privilege:SELECT, createTime:-1, grantor:alex, grantorType:USER, grantOption:true), PrivilegeGrantInfo(privilege:UPDATE, createTime:-1, grantor:alex, grantorType:USER, grantOption:true), PrivilegeGrantInfo(privilege:DELETE, createTime:-1, grantor:alex, grantorType:USER, grantOption:true)]}, groupPrivileges:null, rolePrivileges:null), temporary:false, catName:hive, ownerType:USER, writeId:0)	
2024-04-24T04:57:08,863  INFO [main] utils.FileUtils: Creating directory if it doesn't exist: file:/home/alex/Repositories/hive/ql/target/tmp/org.apache.hadoop.hive.ql.TestTxnExIm-1713959704617/warehouse/acidtbl
2024-04-24T04:57:08,900  INFO [main] metadata.Hive: Dumping metastore api call timing information for : execution phase
2024-04-24T04:57:08,900  INFO [main] metadata.Hive: Total time spent in each metastore function (ms): {isCompatibleWith_(Configuration)=0, createTable_(Table)=42}
2024-04-24T04:57:08,900  INFO [main] ql.Driver: Completed executing command(queryId=alex_20240424045708_492a8025-10d3-4a3e-886d-33d0b50aca42); Time taken: 0.044 seconds
2024-04-24T04:57:08,900  INFO [main] lockmgr.DbTxnManager: Stopped heartbeat for query: alex_20240424045708_492a8025-10d3-4a3e-886d-33d0b50aca42
2024-04-24T04:57:08,904  INFO [main] txn.TxnHandler: Expected to move at least one record from txn_components to completed_txn_components when committing txn! txnid:7
2024-04-24T04:57:08,910  INFO [main] txn.TxnHandler: Removed transactions: ([7]) from MIN_HISTORY_LEVEL
2024-04-24T04:57:08,910  WARN [main] txn.CompactionTxnHandler: No compaction queue record found for Compaction type transaction commit. txnId:7
2024-04-24T04:57:08,911  INFO [main] ql.TxnCommandsBaseForTests: Running the query: create table acidTblPart(a int, b int) partitioned by (p string) clustered by (a) into 2 buckets stored as orc TBLPROPERTIES ('transactional'='true')
2024-04-24T04:57:08,911  INFO [main] ql.Driver: Compiling command(queryId=alex_20240424045708_393dca1e-3dc3-4f70-aa64-ae6b42e8b388): create table acidTblPart(a int, b int) partitioned by (p string) clustered by (a) into 2 buckets stored as orc TBLPROPERTIES ('transactional'='true')
2024-04-24T04:57:08,914  INFO [main] txn.TxnHandler: Added entries to MIN_HISTORY_LEVEL for current txns: ([8]) with min_open_txn: 1
2024-04-24T04:57:08,915  INFO [main] lockmgr.DbTxnManager: Opened txnid:8
2024-04-24T04:57:08,917  INFO [main] parse.CalcitePlanner: Starting caching scope for: 
2024-04-24T04:57:08,917  INFO [main] parse.CalcitePlanner: Starting Semantic Analysis
2024-04-24T04:57:08,921  INFO [main] parse.CalcitePlanner: Creating table default.acidTblPart position=13
2024-04-24T04:57:08,921  INFO [main] HiveMetaStore.audit: ugi=alex	ip=unknown-ip-addr	cmd=get_database: default	
2024-04-24T04:57:08,922  INFO [main] parse.CalcitePlanner: Ending caching scope for: 
2024-04-24T04:57:08,922  INFO [main] ql.Driver: Semantic Analysis Completed (retrial = false)
2024-04-24T04:57:08,922  INFO [main] ql.Driver: Created Hive schema: Schema(fieldSchemas:null, properties:null)
2024-04-24T04:57:08,923  INFO [main] metadata.Hive: Dumping metastore api call timing information for : compilation phase
2024-04-24T04:57:08,923  INFO [main] metadata.Hive: Total time spent in each metastore function (ms): {getValidWriteIds_(List, String)=4, isCompatibleWith_(Configuration)=0, getValidTxns_(long)=2, openTxn_(String, TxnType)=2, commitTxn_(CommitTxnRequest)=10, getDatabase_(String)=1, flushCache_()=0}
2024-04-24T04:57:08,923  INFO [main] ql.Driver: Completed compiling command(queryId=alex_20240424045708_393dca1e-3dc3-4f70-aa64-ae6b42e8b388); Time taken: 0.012 seconds
2024-04-24T04:57:08,923  INFO [main] lockmgr.DbTxnManager: Setting lock request transaction to txnid:8 for queryId=alex_20240424045708_393dca1e-3dc3-4f70-aa64-ae6b42e8b388
2024-04-24T04:57:08,923  INFO [main] lockmgr.DbLockManager: Requesting lock for queryId=alex_20240424045708_393dca1e-3dc3-4f70-aa64-ae6b42e8b388
2024-04-24T04:57:08,937  INFO [main] lockmgr.DbLockManager: Response to queryId=alex_20240424045708_393dca1e-3dc3-4f70-aa64-ae6b42e8b388 LockResponse(lockid:2, state:ACQUIRED)
2024-04-24T04:57:08,937  INFO [main] ql.Driver: Operation CREATETABLE obtained 1 locks
2024-04-24T04:57:08,938  INFO [main] ql.Driver: Executing command(queryId=alex_20240424045708_393dca1e-3dc3-4f70-aa64-ae6b42e8b388): create table acidTblPart(a int, b int) partitioned by (p string) clustered by (a) into 2 buckets stored as orc TBLPROPERTIES ('transactional'='true')
2024-04-24T04:57:08,938  INFO [main] ql.Driver: Starting task [Stage-0:DDL] in serial mode
2024-04-24T04:57:08,939  INFO [main] HiveMetaStore.audit: ugi=alex	ip=unknown-ip-addr	cmd=create_table_req: Table(tableName:acidTblPart, dbName:default, owner:alex, createTime:1713959828, lastAccessTime:0, retention:0, sd:StorageDescriptor(cols:[FieldSchema(name:a, type:int, comment:null), FieldSchema(name:b, type:int, comment:null)], location:null, inputFormat:org.apache.hadoop.hive.ql.io.orc.OrcInputFormat, outputFormat:org.apache.hadoop.hive.ql.io.orc.OrcOutputFormat, compressed:false, numBuckets:2, serdeInfo:SerDeInfo(name:null, serializationLib:org.apache.hadoop.hive.ql.io.orc.OrcSerde, parameters:{serialization.format=1}), bucketCols:[a], sortCols:[], parameters:{}, skewedInfo:SkewedInfo(skewedColNames:[], skewedColValues:[], skewedColValueLocationMaps:{}), storedAsSubDirectories:false), partitionKeys:[FieldSchema(name:p, type:string, comment:null)], parameters:{transactional=true, bucketing_version=2}, viewOriginalText:null, viewExpandedText:null, tableType:MANAGED_TABLE, privileges:PrincipalPrivilegeSet(userPrivileges:{alex=[PrivilegeGrantInfo(privilege:INSERT, createTime:-1, grantor:alex, grantorType:USER, grantOption:true), PrivilegeGrantInfo(privilege:SELECT, createTime:-1, grantor:alex, grantorType:USER, grantOption:true), PrivilegeGrantInfo(privilege:UPDATE, createTime:-1, grantor:alex, grantorType:USER, grantOption:true), PrivilegeGrantInfo(privilege:DELETE, createTime:-1, grantor:alex, grantorType:USER, grantOption:true)]}, groupPrivileges:null, rolePrivileges:null), temporary:false, catName:hive, ownerType:USER, writeId:0)	
2024-04-24T04:57:08,944  INFO [main] utils.FileUtils: Creating directory if it doesn't exist: file:/home/alex/Repositories/hive/ql/target/tmp/org.apache.hadoop.hive.ql.TestTxnExIm-1713959704617/warehouse/acidtblpart
2024-04-24T04:57:08,961  INFO [main] metadata.Hive: Dumping metastore api call timing information for : execution phase
2024-04-24T04:57:08,961  INFO [main] metadata.Hive: Total time spent in each metastore function (ms): {createTable_(Table)=23, isCompatibleWith_(Configuration)=0}
2024-04-24T04:57:08,961  INFO [main] ql.Driver: Completed executing command(queryId=alex_20240424045708_393dca1e-3dc3-4f70-aa64-ae6b42e8b388); Time taken: 0.023 seconds
2024-04-24T04:57:08,961  INFO [main] lockmgr.DbTxnManager: Stopped heartbeat for query: alex_20240424045708_393dca1e-3dc3-4f70-aa64-ae6b42e8b388
2024-04-24T04:57:08,965  INFO [main] txn.TxnHandler: Expected to move at least one record from txn_components to completed_txn_components when committing txn! txnid:8
2024-04-24T04:57:08,971  INFO [main] txn.TxnHandler: Removed transactions: ([8]) from MIN_HISTORY_LEVEL
2024-04-24T04:57:08,971  WARN [main] txn.CompactionTxnHandler: No compaction queue record found for Compaction type transaction commit. txnId:8
2024-04-24T04:57:08,972  INFO [main] ql.TxnCommandsBaseForTests: Running the query: create table nonAcidOrcTbl(a int, b int) clustered by (a) into 2 buckets stored as orc TBLPROPERTIES ('transactional'='false')
2024-04-24T04:57:08,972  INFO [main] ql.Driver: Compiling command(queryId=alex_20240424045708_fd5eb8b0-bb0a-4542-a15c-0c60dd2aada5): create table nonAcidOrcTbl(a int, b int) clustered by (a) into 2 buckets stored as orc TBLPROPERTIES ('transactional'='false')
2024-04-24T04:57:08,974  INFO [main] txn.TxnHandler: Added entries to MIN_HISTORY_LEVEL for current txns: ([9]) with min_open_txn: 1
2024-04-24T04:57:08,974  INFO [main] lockmgr.DbTxnManager: Opened txnid:9
2024-04-24T04:57:08,975  INFO [main] parse.CalcitePlanner: Starting caching scope for: 
2024-04-24T04:57:08,975  INFO [main] parse.CalcitePlanner: Starting Semantic Analysis
2024-04-24T04:57:08,978  INFO [main] parse.CalcitePlanner: Creating table default.nonAcidOrcTbl position=13
2024-04-24T04:57:08,978  INFO [main] HiveMetaStore.audit: ugi=alex	ip=unknown-ip-addr	cmd=get_database: default	
2024-04-24T04:57:08,979  INFO [main] parse.CalcitePlanner: Ending caching scope for: 
2024-04-24T04:57:08,979  INFO [main] ql.Driver: Semantic Analysis Completed (retrial = false)
2024-04-24T04:57:08,979  INFO [main] ql.Driver: Created Hive schema: Schema(fieldSchemas:null, properties:null)
2024-04-24T04:57:08,979  INFO [main] metadata.Hive: Dumping metastore api call timing information for : compilation phase
2024-04-24T04:57:08,979  INFO [main] metadata.Hive: Total time spent in each metastore function (ms): {getDatabase_(String)=1, flushCache_()=0, getValidWriteIds_(List, String)=3, isCompatibleWith_(Configuration)=0, getValidTxns_(long)=1, openTxn_(String, TxnType)=2, commitTxn_(CommitTxnRequest)=10}
2024-04-24T04:57:08,979  INFO [main] ql.Driver: Completed compiling command(queryId=alex_20240424045708_fd5eb8b0-bb0a-4542-a15c-0c60dd2aada5); Time taken: 0.007 seconds
2024-04-24T04:57:08,980  INFO [main] lockmgr.DbTxnManager: Setting lock request transaction to txnid:9 for queryId=alex_20240424045708_fd5eb8b0-bb0a-4542-a15c-0c60dd2aada5
2024-04-24T04:57:08,980  INFO [main] lockmgr.DbLockManager: Requesting lock for queryId=alex_20240424045708_fd5eb8b0-bb0a-4542-a15c-0c60dd2aada5
2024-04-24T04:57:08,994  INFO [main] lockmgr.DbLockManager: Response to queryId=alex_20240424045708_fd5eb8b0-bb0a-4542-a15c-0c60dd2aada5 LockResponse(lockid:3, state:ACQUIRED)
2024-04-24T04:57:08,994  INFO [main] ql.Driver: Operation CREATETABLE obtained 1 locks
2024-04-24T04:57:08,994  INFO [main] ql.Driver: Executing command(queryId=alex_20240424045708_fd5eb8b0-bb0a-4542-a15c-0c60dd2aada5): create table nonAcidOrcTbl(a int, b int) clustered by (a) into 2 buckets stored as orc TBLPROPERTIES ('transactional'='false')
2024-04-24T04:57:08,994  INFO [main] ql.Driver: Starting task [Stage-0:DDL] in serial mode
2024-04-24T04:57:08,995  INFO [main] HiveMetaStore.audit: ugi=alex	ip=unknown-ip-addr	cmd=create_table_req: Table(tableName:nonAcidOrcTbl, dbName:default, owner:alex, createTime:1713959828, lastAccessTime:0, retention:0, sd:StorageDescriptor(cols:[FieldSchema(name:a, type:int, comment:null), FieldSchema(name:b, type:int, comment:null)], location:null, inputFormat:org.apache.hadoop.hive.ql.io.orc.OrcInputFormat, outputFormat:org.apache.hadoop.hive.ql.io.orc.OrcOutputFormat, compressed:false, numBuckets:2, serdeInfo:SerDeInfo(name:null, serializationLib:org.apache.hadoop.hive.ql.io.orc.OrcSerde, parameters:{serialization.format=1}), bucketCols:[a], sortCols:[], parameters:{}, skewedInfo:SkewedInfo(skewedColNames:[], skewedColValues:[], skewedColValueLocationMaps:{}), storedAsSubDirectories:false), partitionKeys:[], parameters:{transactional=false, totalSize=0, numRows=0, numFiles=0, COLUMN_STATS_ACCURATE={"BASIC_STATS":"true","COLUMN_STATS":{"a":"true","b":"true"}}, numFilesErasureCoded=0, rawDataSize=0, bucketing_version=2}, viewOriginalText:null, viewExpandedText:null, tableType:MANAGED_TABLE, privileges:PrincipalPrivilegeSet(userPrivileges:{alex=[PrivilegeGrantInfo(privilege:INSERT, createTime:-1, grantor:alex, grantorType:USER, grantOption:true), PrivilegeGrantInfo(privilege:SELECT, createTime:-1, grantor:alex, grantorType:USER, grantOption:true), PrivilegeGrantInfo(privilege:UPDATE, createTime:-1, grantor:alex, grantorType:USER, grantOption:true), PrivilegeGrantInfo(privilege:DELETE, createTime:-1, grantor:alex, grantorType:USER, grantOption:true)]}, groupPrivileges:null, rolePrivileges:null), temporary:false, catName:hive, ownerType:USER)	
2024-04-24T04:57:09,000  INFO [main] utils.FileUtils: Creating directory if it doesn't exist: file:/home/alex/Repositories/hive/ql/target/tmp/org.apache.hadoop.hive.ql.TestTxnExIm-1713959704617/warehouse/nonacidorctbl
2024-04-24T04:57:09,013  INFO [main] metadata.Hive: Dumping metastore api call timing information for : execution phase
2024-04-24T04:57:09,013  INFO [main] metadata.Hive: Total time spent in each metastore function (ms): {createTable_(Table)=18, isCompatibleWith_(Configuration)=0}
2024-04-24T04:57:09,014  INFO [main] ql.Driver: Completed executing command(queryId=alex_20240424045708_fd5eb8b0-bb0a-4542-a15c-0c60dd2aada5); Time taken: 0.019 seconds
2024-04-24T04:57:09,014  INFO [main] lockmgr.DbTxnManager: Stopped heartbeat for query: alex_20240424045708_fd5eb8b0-bb0a-4542-a15c-0c60dd2aada5
2024-04-24T04:57:09,018  INFO [main] txn.TxnHandler: Expected to move at least one record from txn_components to completed_txn_components when committing txn! txnid:9
2024-04-24T04:57:09,024  INFO [main] txn.TxnHandler: Removed transactions: ([9]) from MIN_HISTORY_LEVEL
2024-04-24T04:57:09,024  WARN [main] txn.CompactionTxnHandler: No compaction queue record found for Compaction type transaction commit. txnId:9
2024-04-24T04:57:09,024  INFO [main] ql.TxnCommandsBaseForTests: Running the query: create table nonAcidOrcTbl2(a int, b int) clustered by (a) into 2 buckets stored as orc TBLPROPERTIES ('transactional'='false')
2024-04-24T04:57:09,025  INFO [main] ql.Driver: Compiling command(queryId=alex_20240424045709_f6237cba-9f54-40e8-8370-243cac7838a6): create table nonAcidOrcTbl2(a int, b int) clustered by (a) into 2 buckets stored as orc TBLPROPERTIES ('transactional'='false')
2024-04-24T04:57:09,027  INFO [main] txn.TxnHandler: Added entries to MIN_HISTORY_LEVEL for current txns: ([10]) with min_open_txn: 1
2024-04-24T04:57:09,027  INFO [main] lockmgr.DbTxnManager: Opened txnid:10
2024-04-24T04:57:09,027  INFO [main] parse.CalcitePlanner: Starting caching scope for: 
2024-04-24T04:57:09,027  INFO [main] parse.CalcitePlanner: Starting Semantic Analysis
2024-04-24T04:57:09,030  INFO [main] parse.CalcitePlanner: Creating table default.nonAcidOrcTbl2 position=13
2024-04-24T04:57:09,030  INFO [main] HiveMetaStore.audit: ugi=alex	ip=unknown-ip-addr	cmd=get_database: default	
2024-04-24T04:57:09,031  INFO [main] parse.CalcitePlanner: Ending caching scope for: 
2024-04-24T04:57:09,031  INFO [main] ql.Driver: Semantic Analysis Completed (retrial = false)
2024-04-24T04:57:09,031  INFO [main] ql.Driver: Created Hive schema: Schema(fieldSchemas:null, properties:null)
2024-04-24T04:57:09,031  INFO [main] metadata.Hive: Dumping metastore api call timing information for : compilation phase
2024-04-24T04:57:09,031  INFO [main] metadata.Hive: Total time spent in each metastore function (ms): {isCompatibleWith_(Configuration)=0, getValidWriteIds_(List, String)=2, commitTxn_(CommitTxnRequest)=10, getValidTxns_(long)=0, openTxn_(String, TxnType)=2, flushCache_()=0, getDatabase_(String)=1}
2024-04-24T04:57:09,032  INFO [main] ql.Driver: Completed compiling command(queryId=alex_20240424045709_f6237cba-9f54-40e8-8370-243cac7838a6); Time taken: 0.006 seconds
2024-04-24T04:57:09,032  INFO [main] lockmgr.DbTxnManager: Setting lock request transaction to txnid:10 for queryId=alex_20240424045709_f6237cba-9f54-40e8-8370-243cac7838a6
2024-04-24T04:57:09,032  INFO [main] lockmgr.DbLockManager: Requesting lock for queryId=alex_20240424045709_f6237cba-9f54-40e8-8370-243cac7838a6
2024-04-24T04:57:09,046  INFO [main] lockmgr.DbLockManager: Response to queryId=alex_20240424045709_f6237cba-9f54-40e8-8370-243cac7838a6 LockResponse(lockid:4, state:ACQUIRED)
2024-04-24T04:57:09,046  INFO [main] ql.Driver: Operation CREATETABLE obtained 1 locks
2024-04-24T04:57:09,046  INFO [main] ql.Driver: Executing command(queryId=alex_20240424045709_f6237cba-9f54-40e8-8370-243cac7838a6): create table nonAcidOrcTbl2(a int, b int) clustered by (a) into 2 buckets stored as orc TBLPROPERTIES ('transactional'='false')
2024-04-24T04:57:09,046  INFO [main] ql.Driver: Starting task [Stage-0:DDL] in serial mode
2024-04-24T04:57:09,047  INFO [main] HiveMetaStore.audit: ugi=alex	ip=unknown-ip-addr	cmd=create_table_req: Table(tableName:nonAcidOrcTbl2, dbName:default, owner:alex, createTime:1713959829, lastAccessTime:0, retention:0, sd:StorageDescriptor(cols:[FieldSchema(name:a, type:int, comment:null), FieldSchema(name:b, type:int, comment:null)], location:null, inputFormat:org.apache.hadoop.hive.ql.io.orc.OrcInputFormat, outputFormat:org.apache.hadoop.hive.ql.io.orc.OrcOutputFormat, compressed:false, numBuckets:2, serdeInfo:SerDeInfo(name:null, serializationLib:org.apache.hadoop.hive.ql.io.orc.OrcSerde, parameters:{serialization.format=1}), bucketCols:[a], sortCols:[], parameters:{}, skewedInfo:SkewedInfo(skewedColNames:[], skewedColValues:[], skewedColValueLocationMaps:{}), storedAsSubDirectories:false), partitionKeys:[], parameters:{numFilesErasureCoded=0, numFiles=0, COLUMN_STATS_ACCURATE={"BASIC_STATS":"true","COLUMN_STATS":{"a":"true","b":"true"}}, rawDataSize=0, numRows=0, transactional=false, bucketing_version=2, totalSize=0}, viewOriginalText:null, viewExpandedText:null, tableType:MANAGED_TABLE, privileges:PrincipalPrivilegeSet(userPrivileges:{alex=[PrivilegeGrantInfo(privilege:INSERT, createTime:-1, grantor:alex, grantorType:USER, grantOption:true), PrivilegeGrantInfo(privilege:SELECT, createTime:-1, grantor:alex, grantorType:USER, grantOption:true), PrivilegeGrantInfo(privilege:UPDATE, createTime:-1, grantor:alex, grantorType:USER, grantOption:true), PrivilegeGrantInfo(privilege:DELETE, createTime:-1, grantor:alex, grantorType:USER, grantOption:true)]}, groupPrivileges:null, rolePrivileges:null), temporary:false, catName:hive, ownerType:USER)	
2024-04-24T04:57:09,052  INFO [main] utils.FileUtils: Creating directory if it doesn't exist: file:/home/alex/Repositories/hive/ql/target/tmp/org.apache.hadoop.hive.ql.TestTxnExIm-1713959704617/warehouse/nonacidorctbl2
2024-04-24T04:57:09,065  INFO [main] metadata.Hive: Dumping metastore api call timing information for : execution phase
2024-04-24T04:57:09,065  INFO [main] metadata.Hive: Total time spent in each metastore function (ms): {createTable_(Table)=18, isCompatibleWith_(Configuration)=0}
2024-04-24T04:57:09,065  INFO [main] ql.Driver: Completed executing command(queryId=alex_20240424045709_f6237cba-9f54-40e8-8370-243cac7838a6); Time taken: 0.019 seconds
2024-04-24T04:57:09,065  INFO [main] lockmgr.DbTxnManager: Stopped heartbeat for query: alex_20240424045709_f6237cba-9f54-40e8-8370-243cac7838a6
2024-04-24T04:57:09,069  INFO [main] txn.TxnHandler: Expected to move at least one record from txn_components to completed_txn_components when committing txn! txnid:10
2024-04-24T04:57:09,075  INFO [main] txn.TxnHandler: Removed transactions: ([10]) from MIN_HISTORY_LEVEL
2024-04-24T04:57:09,075  WARN [main] txn.CompactionTxnHandler: No compaction queue record found for Compaction type transaction commit. txnId:10
2024-04-24T04:57:09,075  INFO [main] ql.TxnCommandsBaseForTests: Running the query: create temporary  table acidTbl2(a int, b int, c int) clustered by (c) into 2 buckets stored as orc TBLPROPERTIES ('transactional'='true')
2024-04-24T04:57:09,076  INFO [main] ql.Driver: Compiling command(queryId=alex_20240424045709_eae44789-a46d-4543-9719-54c6db63ab8b): create temporary  table acidTbl2(a int, b int, c int) clustered by (c) into 2 buckets stored as orc TBLPROPERTIES ('transactional'='true')
2024-04-24T04:57:09,078  INFO [main] txn.TxnHandler: Added entries to MIN_HISTORY_LEVEL for current txns: ([11]) with min_open_txn: 1
2024-04-24T04:57:09,078  INFO [main] lockmgr.DbTxnManager: Opened txnid:11
2024-04-24T04:57:09,079  INFO [main] parse.CalcitePlanner: Starting caching scope for: 
2024-04-24T04:57:09,079  INFO [main] parse.CalcitePlanner: Starting Semantic Analysis
2024-04-24T04:57:09,081  INFO [main] parse.CalcitePlanner: Creating table default.acidTbl2 position=24
2024-04-24T04:57:09,081  INFO [main] HiveMetaStore.audit: ugi=alex	ip=unknown-ip-addr	cmd=get_database: default	
2024-04-24T04:57:09,083  INFO [main] parse.CalcitePlanner: Ending caching scope for: 
2024-04-24T04:57:09,083  INFO [main] ql.Driver: Semantic Analysis Completed (retrial = false)
2024-04-24T04:57:09,083  INFO [main] ql.Driver: Created Hive schema: Schema(fieldSchemas:null, properties:null)
2024-04-24T04:57:09,083  INFO [main] metadata.Hive: Dumping metastore api call timing information for : compilation phase
2024-04-24T04:57:09,083  INFO [main] metadata.Hive: Total time spent in each metastore function (ms): {getValidTxns_(long)=0, commitTxn_(CommitTxnRequest)=10, openTxn_(String, TxnType)=2, isCompatibleWith_(Configuration)=0, getValidWriteIds_(List, String)=2, flushCache_()=0, getDatabase_(String)=2}
2024-04-24T04:57:09,083  INFO [main] ql.Driver: Completed compiling command(queryId=alex_20240424045709_eae44789-a46d-4543-9719-54c6db63ab8b); Time taken: 0.007 seconds
2024-04-24T04:57:09,083  INFO [main] lockmgr.DbTxnManager: Setting lock request transaction to txnid:11 for queryId=alex_20240424045709_eae44789-a46d-4543-9719-54c6db63ab8b
2024-04-24T04:57:09,083  INFO [main] lockmgr.DbLockManager: Requesting lock for queryId=alex_20240424045709_eae44789-a46d-4543-9719-54c6db63ab8b
2024-04-24T04:57:09,098  INFO [main] lockmgr.DbLockManager: Response to queryId=alex_20240424045709_eae44789-a46d-4543-9719-54c6db63ab8b LockResponse(lockid:5, state:ACQUIRED)
2024-04-24T04:57:09,098  INFO [main] ql.Driver: Operation CREATETABLE obtained 1 locks
2024-04-24T04:57:09,099  INFO [main] ql.Driver: Executing command(queryId=alex_20240424045709_eae44789-a46d-4543-9719-54c6db63ab8b): create temporary  table acidTbl2(a int, b int, c int) clustered by (c) into 2 buckets stored as orc TBLPROPERTIES ('transactional'='true')
2024-04-24T04:57:09,099  INFO [main] ql.Driver: Starting task [Stage-0:DDL] in serial mode
2024-04-24T04:57:09,100  INFO [main] utils.FileUtils: Creating directory if it doesn't exist: file:/home/alex/Repositories/hive/ql/target/tmp/scratchdir/alex/4eb241f2-a226-41ac-b5bc-70ff5b441787/_tmp_space.db/f8b2de41-c964-43d3-ba9a-cef328f53eba
2024-04-24T04:57:09,103  INFO [main] metadata.Hive: Dumping metastore api call timing information for : execution phase
2024-04-24T04:57:09,103  INFO [main] metadata.Hive: Total time spent in each metastore function (ms): {createTable_(Table)=2, isCompatibleWith_(Configuration)=0}
2024-04-24T04:57:09,103  INFO [main] ql.Driver: Completed executing command(queryId=alex_20240424045709_eae44789-a46d-4543-9719-54c6db63ab8b); Time taken: 0.004 seconds
2024-04-24T04:57:09,103  INFO [main] lockmgr.DbTxnManager: Stopped heartbeat for query: alex_20240424045709_eae44789-a46d-4543-9719-54c6db63ab8b
2024-04-24T04:57:09,107  INFO [main] txn.TxnHandler: Expected to move at least one record from txn_components to completed_txn_components when committing txn! txnid:11
2024-04-24T04:57:09,113  INFO [main] txn.TxnHandler: Removed transactions: ([11]) from MIN_HISTORY_LEVEL
2024-04-24T04:57:09,113  WARN [main] txn.CompactionTxnHandler: No compaction queue record found for Compaction type transaction commit. txnId:11
2024-04-24T04:57:09,114  INFO [main] ql.TxnCommandsBaseForTests: Running the query: create table nonAcidNonBucket(a int, b int) stored as orc TBLPROPERTIES ('transactional'='false')
2024-04-24T04:57:09,114  INFO [main] ql.Driver: Compiling command(queryId=alex_20240424045709_507639a0-c76a-427d-af2f-9723bde58c6b): create table nonAcidNonBucket(a int, b int) stored as orc TBLPROPERTIES ('transactional'='false')
2024-04-24T04:57:09,117  INFO [main] txn.TxnHandler: Added entries to MIN_HISTORY_LEVEL for current txns: ([12]) with min_open_txn: 1
2024-04-24T04:57:09,117  INFO [main] lockmgr.DbTxnManager: Opened txnid:12
2024-04-24T04:57:09,117  INFO [main] parse.CalcitePlanner: Starting caching scope for: 
2024-04-24T04:57:09,117  INFO [main] parse.CalcitePlanner: Starting Semantic Analysis
2024-04-24T04:57:09,120  INFO [main] parse.CalcitePlanner: Creating table default.nonAcidNonBucket position=13
2024-04-24T04:57:09,120  INFO [main] HiveMetaStore.audit: ugi=alex	ip=unknown-ip-addr	cmd=get_database: default	
2024-04-24T04:57:09,122  INFO [main] parse.CalcitePlanner: Ending caching scope for: 
2024-04-24T04:57:09,122  INFO [main] ql.Driver: Semantic Analysis Completed (retrial = false)
2024-04-24T04:57:09,122  INFO [main] ql.Driver: Created Hive schema: Schema(fieldSchemas:null, properties:null)
2024-04-24T04:57:09,122  INFO [main] metadata.Hive: Dumping metastore api call timing information for : compilation phase
2024-04-24T04:57:09,122  INFO [main] metadata.Hive: Total time spent in each metastore function (ms): {commitTxn_(CommitTxnRequest)=11, getValidTxns_(long)=0, openTxn_(String, TxnType)=2, getValidWriteIds_(List, String)=2, flushCache_()=0, isCompatibleWith_(Configuration)=1, getDatabase_(String)=2}
2024-04-24T04:57:09,123  INFO [main] ql.Driver: Completed compiling command(queryId=alex_20240424045709_507639a0-c76a-427d-af2f-9723bde58c6b); Time taken: 0.008 seconds
2024-04-24T04:57:09,123  INFO [main] lockmgr.DbTxnManager: Setting lock request transaction to txnid:12 for queryId=alex_20240424045709_507639a0-c76a-427d-af2f-9723bde58c6b
2024-04-24T04:57:09,123  INFO [main] lockmgr.DbLockManager: Requesting lock for queryId=alex_20240424045709_507639a0-c76a-427d-af2f-9723bde58c6b
2024-04-24T04:57:09,138  INFO [main] lockmgr.DbLockManager: Response to queryId=alex_20240424045709_507639a0-c76a-427d-af2f-9723bde58c6b LockResponse(lockid:6, state:ACQUIRED)
2024-04-24T04:57:09,138  INFO [main] ql.Driver: Operation CREATETABLE obtained 1 locks
2024-04-24T04:57:09,138  INFO [main] ql.Driver: Executing command(queryId=alex_20240424045709_507639a0-c76a-427d-af2f-9723bde58c6b): create table nonAcidNonBucket(a int, b int) stored as orc TBLPROPERTIES ('transactional'='false')
2024-04-24T04:57:09,139  INFO [main] ql.Driver: Starting task [Stage-0:DDL] in serial mode
2024-04-24T04:57:09,139  INFO [main] HiveMetaStore.audit: ugi=alex	ip=unknown-ip-addr	cmd=create_table_req: Table(tableName:nonAcidNonBucket, dbName:default, owner:alex, createTime:1713959829, lastAccessTime:0, retention:0, sd:StorageDescriptor(cols:[FieldSchema(name:a, type:int, comment:null), FieldSchema(name:b, type:int, comment:null)], location:null, inputFormat:org.apache.hadoop.hive.ql.io.orc.OrcInputFormat, outputFormat:org.apache.hadoop.hive.ql.io.orc.OrcOutputFormat, compressed:false, numBuckets:-1, serdeInfo:SerDeInfo(name:null, serializationLib:org.apache.hadoop.hive.ql.io.orc.OrcSerde, parameters:{serialization.format=1}), bucketCols:[], sortCols:[], parameters:{}, skewedInfo:SkewedInfo(skewedColNames:[], skewedColValues:[], skewedColValueLocationMaps:{}), storedAsSubDirectories:false), partitionKeys:[], parameters:{numFiles=0, transactional=false, numFilesErasureCoded=0, COLUMN_STATS_ACCURATE={"BASIC_STATS":"true","COLUMN_STATS":{"a":"true","b":"true"}}, numRows=0, bucketing_version=2, rawDataSize=0, totalSize=0}, viewOriginalText:null, viewExpandedText:null, tableType:MANAGED_TABLE, privileges:PrincipalPrivilegeSet(userPrivileges:{alex=[PrivilegeGrantInfo(privilege:INSERT, createTime:-1, grantor:alex, grantorType:USER, grantOption:true), PrivilegeGrantInfo(privilege:SELECT, createTime:-1, grantor:alex, grantorType:USER, grantOption:true), PrivilegeGrantInfo(privilege:UPDATE, createTime:-1, grantor:alex, grantorType:USER, grantOption:true), PrivilegeGrantInfo(privilege:DELETE, createTime:-1, grantor:alex, grantorType:USER, grantOption:true)]}, groupPrivileges:null, rolePrivileges:null), temporary:false, catName:hive, ownerType:USER)	
2024-04-24T04:57:09,145  INFO [main] utils.FileUtils: Creating directory if it doesn't exist: file:/home/alex/Repositories/hive/ql/target/tmp/org.apache.hadoop.hive.ql.TestTxnExIm-1713959704617/warehouse/nonacidnonbucket
2024-04-24T04:57:09,158  INFO [main] metadata.Hive: Dumping metastore api call timing information for : execution phase
2024-04-24T04:57:09,158  INFO [main] metadata.Hive: Total time spent in each metastore function (ms): {createTable_(Table)=19, isCompatibleWith_(Configuration)=0}
2024-04-24T04:57:09,158  INFO [main] ql.Driver: Completed executing command(queryId=alex_20240424045709_507639a0-c76a-427d-af2f-9723bde58c6b); Time taken: 0.02 seconds
2024-04-24T04:57:09,158  INFO [main] lockmgr.DbTxnManager: Stopped heartbeat for query: alex_20240424045709_507639a0-c76a-427d-af2f-9723bde58c6b
2024-04-24T04:57:09,163  INFO [main] txn.TxnHandler: Expected to move at least one record from txn_components to completed_txn_components when committing txn! txnid:12
2024-04-24T04:57:09,171  INFO [main] txn.TxnHandler: Removed transactions: ([12]) from MIN_HISTORY_LEVEL
2024-04-24T04:57:09,171  WARN [main] txn.CompactionTxnHandler: No compaction queue record found for Compaction type transaction commit. txnId:12
2024-04-24T04:57:09,171  INFO [main] ql.TxnCommandsBaseForTests: Running the query: drop table if exists T
2024-04-24T04:57:09,172  INFO [main] ql.Driver: Compiling command(queryId=alex_20240424045709_465708db-73db-4fd6-a7a3-72e222c2663a): drop table if exists T
2024-04-24T04:57:09,174  INFO [main] txn.TxnHandler: Added entries to MIN_HISTORY_LEVEL for current txns: ([13]) with min_open_txn: 1
2024-04-24T04:57:09,174  INFO [main] lockmgr.DbTxnManager: Opened txnid:13
2024-04-24T04:57:09,175  INFO [main] HiveMetaStore.audit: ugi=alex	ip=unknown-ip-addr	cmd=get_table : tbl=hive.default.T	
2024-04-24T04:57:09,195  INFO [main] metastore.HMSHandler: Skipping translation for processor with null
2024-04-24T04:57:09,195  INFO [main] ql.Driver: Semantic Analysis Completed (retrial = false)
2024-04-24T04:57:09,195  INFO [main] ql.Driver: Created Hive schema: Schema(fieldSchemas:null, properties:null)
2024-04-24T04:57:09,195  INFO [main] metadata.Hive: Dumping metastore api call timing information for : compilation phase
2024-04-24T04:57:09,195  INFO [main] metadata.Hive: Total time spent in each metastore function (ms): {commitTxn_(CommitTxnRequest)=12, flushCache_()=0, openTxn_(String, TxnType)=2, isCompatibleWith_(Configuration)=0, getTable_(GetTableRequest)=20, getValidTxns_(long)=1}
2024-04-24T04:57:09,195  INFO [main] ql.Driver: Completed compiling command(queryId=alex_20240424045709_465708db-73db-4fd6-a7a3-72e222c2663a); Time taken: 0.023 seconds
2024-04-24T04:57:09,195  INFO [main] lockmgr.DbTxnManager: Setting lock request transaction to txnid:13 for queryId=alex_20240424045709_465708db-73db-4fd6-a7a3-72e222c2663a
2024-04-24T04:57:09,196  INFO [main] lockmgr.DbLockManager: Requesting lock for queryId=alex_20240424045709_465708db-73db-4fd6-a7a3-72e222c2663a
2024-04-24T04:57:09,217  INFO [main] lockmgr.DbLockManager: Response to queryId=alex_20240424045709_465708db-73db-4fd6-a7a3-72e222c2663a LockResponse(lockid:7, state:ACQUIRED)
2024-04-24T04:57:09,217  INFO [main] ql.Driver: Operation DROPTABLE obtained 1 locks
2024-04-24T04:57:09,217  INFO [main] ql.Driver: Executing command(queryId=alex_20240424045709_465708db-73db-4fd6-a7a3-72e222c2663a): drop table if exists T
2024-04-24T04:57:09,217  INFO [main] ql.Driver: Starting task [Stage-0:DDL] in serial mode
2024-04-24T04:57:09,217  INFO [main] HiveMetaStore.audit: ugi=alex	ip=unknown-ip-addr	cmd=get_table : tbl=hive.default.T	
2024-04-24T04:57:09,223  INFO [main] metastore.HMSHandler: Skipping translation for processor with null
2024-04-24T04:57:09,224  INFO [main] HiveMetaStore.audit: ugi=alex	ip=unknown-ip-addr	cmd=get_table : tbl=hive.default.T	
2024-04-24T04:57:09,230  INFO [main] metastore.HMSHandler: Skipping translation for processor with null
2024-04-24T04:57:09,230  INFO [main] HiveMetaStore.audit: ugi=alex	ip=unknown-ip-addr	cmd=drop_table : tbl=hive.default.T	
2024-04-24T04:57:09,375  WARN [main] utils.FileUtils: File file:/home/alex/Repositories/hive/ql/target/tmp/org.apache.hadoop.hive.ql.TestTxnExIm-1713959704617/warehouse/t does not exist; Force to delete it.
2024-04-24T04:57:09,375 ERROR [main] utils.FileUtils: Failed to delete file:/home/alex/Repositories/hive/ql/target/tmp/org.apache.hadoop.hive.ql.TestTxnExIm-1713959704617/warehouse/t
2024-04-24T04:57:09,376  INFO [main] metadata.Hive: Dumping metastore api call timing information for : execution phase
2024-04-24T04:57:09,376  INFO [main] metadata.Hive: Total time spent in each metastore function (ms): {getTable_(GetTableRequest)=6, isCompatibleWith_(Configuration)=0, dropTable_(String, String, boolean, boolean, boolean)=152}
2024-04-24T04:57:09,376  INFO [main] ql.Driver: Completed executing command(queryId=alex_20240424045709_465708db-73db-4fd6-a7a3-72e222c2663a); Time taken: 0.159 seconds
2024-04-24T04:57:09,376  INFO [main] lockmgr.DbTxnManager: Stopped heartbeat for query: alex_20240424045709_465708db-73db-4fd6-a7a3-72e222c2663a
2024-04-24T04:57:09,380  INFO [main] txn.TxnHandler: Expected to move at least one record from txn_components to completed_txn_components when committing txn! txnid:13
2024-04-24T04:57:09,387  INFO [main] txn.TxnHandler: Removed transactions: ([13]) from MIN_HISTORY_LEVEL
2024-04-24T04:57:09,387  WARN [main] txn.CompactionTxnHandler: No compaction queue record found for Compaction type transaction commit. txnId:13
2024-04-24T04:57:09,387  INFO [main] ql.TxnCommandsBaseForTests: Running the query: drop table if exists TImport 
2024-04-24T04:57:09,388  INFO [main] ql.Driver: Compiling command(queryId=alex_20240424045709_193e1a00-1a7a-40c1-b45d-81ed89d750bc): drop table if exists TImport 
2024-04-24T04:57:09,390  INFO [main] txn.TxnHandler: Added entries to MIN_HISTORY_LEVEL for current txns: ([14]) with min_open_txn: 1
2024-04-24T04:57:09,390  INFO [main] lockmgr.DbTxnManager: Opened txnid:14
2024-04-24T04:57:09,391  INFO [main] HiveMetaStore.audit: ugi=alex	ip=unknown-ip-addr	cmd=get_table : tbl=hive.default.TImport	
2024-04-24T04:57:09,413  INFO [main] metastore.HMSHandler: Skipping translation for processor with null
2024-04-24T04:57:09,413  INFO [main] ql.Driver: Semantic Analysis Completed (retrial = false)
2024-04-24T04:57:09,413  INFO [main] ql.Driver: Created Hive schema: Schema(fieldSchemas:null, properties:null)
2024-04-24T04:57:09,413  INFO [main] metadata.Hive: Dumping metastore api call timing information for : compilation phase
2024-04-24T04:57:09,413  INFO [main] metadata.Hive: Total time spent in each metastore function (ms): {openTxn_(String, TxnType)=2, commitTxn_(CommitTxnRequest)=11, getValidTxns_(long)=1, flushCache_()=0, getTable_(GetTableRequest)=22, isCompatibleWith_(Configuration)=0}
2024-04-24T04:57:09,414  INFO [main] ql.Driver: Completed compiling command(queryId=alex_20240424045709_193e1a00-1a7a-40c1-b45d-81ed89d750bc); Time taken: 0.025 seconds
2024-04-24T04:57:09,414  INFO [main] lockmgr.DbTxnManager: Setting lock request transaction to txnid:14 for queryId=alex_20240424045709_193e1a00-1a7a-40c1-b45d-81ed89d750bc
2024-04-24T04:57:09,414  INFO [main] lockmgr.DbLockManager: Requesting lock for queryId=alex_20240424045709_193e1a00-1a7a-40c1-b45d-81ed89d750bc
2024-04-24T04:57:09,430  INFO [main] lockmgr.DbLockManager: Response to queryId=alex_20240424045709_193e1a00-1a7a-40c1-b45d-81ed89d750bc LockResponse(lockid:8, state:ACQUIRED)
2024-04-24T04:57:09,430  INFO [main] ql.Driver: Operation DROPTABLE obtained 1 locks
2024-04-24T04:57:09,430  INFO [main] ql.Driver: Executing command(queryId=alex_20240424045709_193e1a00-1a7a-40c1-b45d-81ed89d750bc): drop table if exists TImport 
2024-04-24T04:57:09,430  INFO [main] ql.Driver: Starting task [Stage-0:DDL] in serial mode
2024-04-24T04:57:09,430  INFO [main] HiveMetaStore.audit: ugi=alex	ip=unknown-ip-addr	cmd=get_table : tbl=hive.default.TImport	
2024-04-24T04:57:09,438  INFO [main] metastore.HMSHandler: Skipping translation for processor with null
2024-04-24T04:57:09,438  INFO [main] HiveMetaStore.audit: ugi=alex	ip=unknown-ip-addr	cmd=get_table : tbl=hive.default.TImport	
2024-04-24T04:57:09,446  INFO [main] metastore.HMSHandler: Skipping translation for processor with null
2024-04-24T04:57:09,446  INFO [main] HiveMetaStore.audit: ugi=alex	ip=unknown-ip-addr	cmd=drop_table : tbl=hive.default.TImport	
2024-04-24T04:57:09,515  WARN [main] utils.FileUtils: File file:/home/alex/Repositories/hive/ql/target/tmp/org.apache.hadoop.hive.ql.TestTxnExIm-1713959704617/warehouse/timport does not exist; Force to delete it.
2024-04-24T04:57:09,515 ERROR [main] utils.FileUtils: Failed to delete file:/home/alex/Repositories/hive/ql/target/tmp/org.apache.hadoop.hive.ql.TestTxnExIm-1713959704617/warehouse/timport
2024-04-24T04:57:09,515  INFO [main] metadata.Hive: Dumping metastore api call timing information for : execution phase
2024-04-24T04:57:09,515  INFO [main] metadata.Hive: Total time spent in each metastore function (ms): {isCompatibleWith_(Configuration)=0, dropTable_(String, String, boolean, boolean, boolean)=77, getTable_(GetTableRequest)=8}
2024-04-24T04:57:09,516  INFO [main] ql.Driver: Completed executing command(queryId=alex_20240424045709_193e1a00-1a7a-40c1-b45d-81ed89d750bc); Time taken: 0.085 seconds
2024-04-24T04:57:09,516  INFO [main] lockmgr.DbTxnManager: Stopped heartbeat for query: alex_20240424045709_193e1a00-1a7a-40c1-b45d-81ed89d750bc
2024-04-24T04:57:09,520  INFO [main] txn.TxnHandler: Expected to move at least one record from txn_components to completed_txn_components when committing txn! txnid:14
2024-04-24T04:57:09,526  INFO [main] txn.TxnHandler: Removed transactions: ([14]) from MIN_HISTORY_LEVEL
2024-04-24T04:57:09,528  WARN [main] txn.CompactionTxnHandler: No compaction queue record found for Compaction type transaction commit. txnId:14
2024-04-24T04:57:09,528  INFO [main] ql.TxnCommandsBaseForTests: Running the query: create table T (a int, b int) stored as ORC
2024-04-24T04:57:09,529  INFO [main] ql.Driver: Compiling command(queryId=alex_20240424045709_34486b2a-3232-4120-93e5-0bdcbd51b445): create table T (a int, b int) stored as ORC
2024-04-24T04:57:09,540  INFO [main] txn.TxnHandler: Added entries to MIN_HISTORY_LEVEL for current txns: ([15]) with min_open_txn: 1
2024-04-24T04:57:09,540  INFO [main] lockmgr.DbTxnManager: Opened txnid:15
2024-04-24T04:57:09,542  INFO [main] parse.CalcitePlanner: Starting caching scope for: 
2024-04-24T04:57:09,542  INFO [main] parse.CalcitePlanner: Starting Semantic Analysis
2024-04-24T04:57:09,548  INFO [main] parse.CalcitePlanner: Creating table default.T position=13
2024-04-24T04:57:09,548  INFO [main] parse.CalcitePlanner: Automatically chose to make default.T acid.
2024-04-24T04:57:09,548  INFO [main] HiveMetaStore.audit: ugi=alex	ip=unknown-ip-addr	cmd=get_database: default	
2024-04-24T04:57:09,550  INFO [main] parse.CalcitePlanner: Ending caching scope for: 
2024-04-24T04:57:09,550  INFO [main] ql.Driver: Semantic Analysis Completed (retrial = false)
2024-04-24T04:57:09,550  INFO [main] ql.Driver: Created Hive schema: Schema(fieldSchemas:null, properties:null)
2024-04-24T04:57:09,550  INFO [main] metadata.Hive: Dumping metastore api call timing information for : compilation phase
2024-04-24T04:57:09,550  INFO [main] metadata.Hive: Total time spent in each metastore function (ms): {isCompatibleWith_(Configuration)=0, getValidTxns_(long)=2, commitTxn_(CommitTxnRequest)=12, getValidWriteIds_(List, String)=5, flushCache_()=0, openTxn_(String, TxnType)=11, getDatabase_(String)=2}
2024-04-24T04:57:09,550  INFO [main] ql.Driver: Completed compiling command(queryId=alex_20240424045709_34486b2a-3232-4120-93e5-0bdcbd51b445); Time taken: 0.022 seconds
2024-04-24T04:57:09,550  INFO [main] lockmgr.DbTxnManager: Setting lock request transaction to txnid:15 for queryId=alex_20240424045709_34486b2a-3232-4120-93e5-0bdcbd51b445
2024-04-24T04:57:09,550  INFO [main] lockmgr.DbLockManager: Requesting lock for queryId=alex_20240424045709_34486b2a-3232-4120-93e5-0bdcbd51b445
2024-04-24T04:57:09,564  INFO [main] lockmgr.DbLockManager: Response to queryId=alex_20240424045709_34486b2a-3232-4120-93e5-0bdcbd51b445 LockResponse(lockid:9, state:ACQUIRED)
2024-04-24T04:57:09,564  INFO [main] ql.Driver: Operation CREATETABLE obtained 1 locks
2024-04-24T04:57:09,565  INFO [main] ql.Driver: Executing command(queryId=alex_20240424045709_34486b2a-3232-4120-93e5-0bdcbd51b445): create table T (a int, b int) stored as ORC
2024-04-24T04:57:09,565  INFO [main] ql.Driver: Starting task [Stage-0:DDL] in serial mode
2024-04-24T04:57:09,566  INFO [main] HiveMetaStore.audit: ugi=alex	ip=unknown-ip-addr	cmd=create_table_req: Table(tableName:T, dbName:default, owner:alex, createTime:1713959829, lastAccessTime:0, retention:0, sd:StorageDescriptor(cols:[FieldSchema(name:a, type:int, comment:null), FieldSchema(name:b, type:int, comment:null)], location:null, inputFormat:org.apache.hadoop.hive.ql.io.orc.OrcInputFormat, outputFormat:org.apache.hadoop.hive.ql.io.orc.OrcOutputFormat, compressed:false, numBuckets:-1, serdeInfo:SerDeInfo(name:null, serializationLib:org.apache.hadoop.hive.ql.io.orc.OrcSerde, parameters:{serialization.format=1}), bucketCols:[], sortCols:[], parameters:{}, skewedInfo:SkewedInfo(skewedColNames:[], skewedColValues:[], skewedColValueLocationMaps:{}), storedAsSubDirectories:false), partitionKeys:[], parameters:{rawDataSize=0, numRows=0, COLUMN_STATS_ACCURATE={"BASIC_STATS":"true","COLUMN_STATS":{"a":"true","b":"true"}}, totalSize=0, numFilesErasureCoded=0, transactional_properties=default, transactional=true, numFiles=0, bucketing_version=2}, viewOriginalText:null, viewExpandedText:null, tableType:MANAGED_TABLE, privileges:PrincipalPrivilegeSet(userPrivileges:{alex=[PrivilegeGrantInfo(privilege:INSERT, createTime:-1, grantor:alex, grantorType:USER, grantOption:true), PrivilegeGrantInfo(privilege:SELECT, createTime:-1, grantor:alex, grantorType:USER, grantOption:true), PrivilegeGrantInfo(privilege:UPDATE, createTime:-1, grantor:alex, grantorType:USER, grantOption:true), PrivilegeGrantInfo(privilege:DELETE, createTime:-1, grantor:alex, grantorType:USER, grantOption:true)]}, groupPrivileges:null, rolePrivileges:null), temporary:false, catName:hive, ownerType:USER, writeId:0)	
2024-04-24T04:57:09,571  INFO [main] utils.FileUtils: Creating directory if it doesn't exist: file:/home/alex/Repositories/hive/ql/target/tmp/org.apache.hadoop.hive.ql.TestTxnExIm-1713959704617/warehouse/t
2024-04-24T04:57:09,599  INFO [main] metadata.Hive: Dumping metastore api call timing information for : execution phase
2024-04-24T04:57:09,599  INFO [main] metadata.Hive: Total time spent in each metastore function (ms): {createTable_(Table)=33, isCompatibleWith_(Configuration)=0}
2024-04-24T04:57:09,599  INFO [main] ql.Driver: Completed executing command(queryId=alex_20240424045709_34486b2a-3232-4120-93e5-0bdcbd51b445); Time taken: 0.034 seconds
2024-04-24T04:57:09,600  INFO [main] lockmgr.DbTxnManager: Stopped heartbeat for query: alex_20240424045709_34486b2a-3232-4120-93e5-0bdcbd51b445
2024-04-24T04:57:09,603  INFO [main] txn.TxnHandler: Expected to move at least one record from txn_components to completed_txn_components when committing txn! txnid:15
2024-04-24T04:57:09,609  INFO [main] txn.TxnHandler: Removed transactions: ([15]) from MIN_HISTORY_LEVEL
2024-04-24T04:57:09,609  WARN [main] txn.CompactionTxnHandler: No compaction queue record found for Compaction type transaction commit. txnId:15
2024-04-24T04:57:09,610  INFO [main] ql.TxnCommandsBaseForTests: Running the query: create table TImport (a int, b int) stored as ORC TBLPROPERTIES ('transactional'='false')
2024-04-24T04:57:09,610  INFO [main] ql.Driver: Compiling command(queryId=alex_20240424045709_a3d67c26-a3bc-4563-992b-fe336777a1fc): create table TImport (a int, b int) stored as ORC TBLPROPERTIES ('transactional'='false')
2024-04-24T04:57:09,612  INFO [main] txn.TxnHandler: Added entries to MIN_HISTORY_LEVEL for current txns: ([16]) with min_open_txn: 1
2024-04-24T04:57:09,613  INFO [main] lockmgr.DbTxnManager: Opened txnid:16
2024-04-24T04:57:09,613  INFO [main] parse.CalcitePlanner: Starting caching scope for: 
2024-04-24T04:57:09,613  INFO [main] parse.CalcitePlanner: Starting Semantic Analysis
2024-04-24T04:57:09,616  INFO [main] parse.CalcitePlanner: Creating table default.TImport position=13
2024-04-24T04:57:09,616  INFO [main] HiveMetaStore.audit: ugi=alex	ip=unknown-ip-addr	cmd=get_database: default	
2024-04-24T04:57:09,617  INFO [main] parse.CalcitePlanner: Ending caching scope for: 
2024-04-24T04:57:09,617  INFO [main] ql.Driver: Semantic Analysis Completed (retrial = false)
2024-04-24T04:57:09,617  INFO [main] ql.Driver: Created Hive schema: Schema(fieldSchemas:null, properties:null)
2024-04-24T04:57:09,617  INFO [main] metadata.Hive: Dumping metastore api call timing information for : compilation phase
2024-04-24T04:57:09,618  INFO [main] metadata.Hive: Total time spent in each metastore function (ms): {isCompatibleWith_(Configuration)=1, getValidWriteIds_(List, String)=3, commitTxn_(CommitTxnRequest)=10, openTxn_(String, TxnType)=2, getValidTxns_(long)=0, getDatabase_(String)=1, flushCache_()=0}
2024-04-24T04:57:09,618  INFO [main] ql.Driver: Completed compiling command(queryId=alex_20240424045709_a3d67c26-a3bc-4563-992b-fe336777a1fc); Time taken: 0.007 seconds
2024-04-24T04:57:09,618  INFO [main] lockmgr.DbTxnManager: Setting lock request transaction to txnid:16 for queryId=alex_20240424045709_a3d67c26-a3bc-4563-992b-fe336777a1fc
2024-04-24T04:57:09,618  INFO [main] lockmgr.DbLockManager: Requesting lock for queryId=alex_20240424045709_a3d67c26-a3bc-4563-992b-fe336777a1fc
2024-04-24T04:57:09,632  INFO [main] lockmgr.DbLockManager: Response to queryId=alex_20240424045709_a3d67c26-a3bc-4563-992b-fe336777a1fc LockResponse(lockid:10, state:ACQUIRED)
2024-04-24T04:57:09,632  INFO [main] ql.Driver: Operation CREATETABLE obtained 1 locks
2024-04-24T04:57:09,632  INFO [main] ql.Driver: Executing command(queryId=alex_20240424045709_a3d67c26-a3bc-4563-992b-fe336777a1fc): create table TImport (a int, b int) stored as ORC TBLPROPERTIES ('transactional'='false')
2024-04-24T04:57:09,633  INFO [main] ql.Driver: Starting task [Stage-0:DDL] in serial mode
2024-04-24T04:57:09,633  INFO [main] HiveMetaStore.audit: ugi=alex	ip=unknown-ip-addr	cmd=create_table_req: Table(tableName:TImport, dbName:default, owner:alex, createTime:1713959829, lastAccessTime:0, retention:0, sd:StorageDescriptor(cols:[FieldSchema(name:a, type:int, comment:null), FieldSchema(name:b, type:int, comment:null)], location:null, inputFormat:org.apache.hadoop.hive.ql.io.orc.OrcInputFormat, outputFormat:org.apache.hadoop.hive.ql.io.orc.OrcOutputFormat, compressed:false, numBuckets:-1, serdeInfo:SerDeInfo(name:null, serializationLib:org.apache.hadoop.hive.ql.io.orc.OrcSerde, parameters:{serialization.format=1}), bucketCols:[], sortCols:[], parameters:{}, skewedInfo:SkewedInfo(skewedColNames:[], skewedColValues:[], skewedColValueLocationMaps:{}), storedAsSubDirectories:false), partitionKeys:[], parameters:{bucketing_version=2, transactional=false, numRows=0, numFilesErasureCoded=0, rawDataSize=0, numFiles=0, COLUMN_STATS_ACCURATE={"BASIC_STATS":"true","COLUMN_STATS":{"a":"true","b":"true"}}, totalSize=0}, viewOriginalText:null, viewExpandedText:null, tableType:MANAGED_TABLE, privileges:PrincipalPrivilegeSet(userPrivileges:{alex=[PrivilegeGrantInfo(privilege:INSERT, createTime:-1, grantor:alex, grantorType:USER, grantOption:true), PrivilegeGrantInfo(privilege:SELECT, createTime:-1, grantor:alex, grantorType:USER, grantOption:true), PrivilegeGrantInfo(privilege:UPDATE, createTime:-1, grantor:alex, grantorType:USER, grantOption:true), PrivilegeGrantInfo(privilege:DELETE, createTime:-1, grantor:alex, grantorType:USER, grantOption:true)]}, groupPrivileges:null, rolePrivileges:null), temporary:false, catName:hive, ownerType:USER)	
2024-04-24T04:57:09,638  INFO [main] utils.FileUtils: Creating directory if it doesn't exist: file:/home/alex/Repositories/hive/ql/target/tmp/org.apache.hadoop.hive.ql.TestTxnExIm-1713959704617/warehouse/timport
2024-04-24T04:57:09,654  INFO [main] metadata.Hive: Dumping metastore api call timing information for : execution phase
2024-04-24T04:57:09,654  INFO [main] metadata.Hive: Total time spent in each metastore function (ms): {createTable_(Table)=21, isCompatibleWith_(Configuration)=0}
2024-04-24T04:57:09,654  INFO [main] ql.Driver: Completed executing command(queryId=alex_20240424045709_a3d67c26-a3bc-4563-992b-fe336777a1fc); Time taken: 0.022 seconds
2024-04-24T04:57:09,654  INFO [main] lockmgr.DbTxnManager: Stopped heartbeat for query: alex_20240424045709_a3d67c26-a3bc-4563-992b-fe336777a1fc
2024-04-24T04:57:09,658  INFO [main] txn.TxnHandler: Expected to move at least one record from txn_components to completed_txn_components when committing txn! txnid:16
2024-04-24T04:57:09,665  INFO [main] txn.TxnHandler: Removed transactions: ([16]) from MIN_HISTORY_LEVEL
2024-04-24T04:57:09,665  WARN [main] txn.CompactionTxnHandler: No compaction queue record found for Compaction type transaction commit. txnId:16
2024-04-24T04:57:09,665  INFO [main] ql.TxnCommandsBaseForTests: Running the query: insert into T(a,b)  values(1,2),(3,4)
2024-04-24T04:57:09,665  INFO [main] ql.Driver: Compiling command(queryId=alex_20240424045709_51896295-83e4-4702-a498-fd87cec87dd0): insert into T(a,b)  values(1,2),(3,4)
2024-04-24T04:57:09,668  INFO [main] txn.TxnHandler: Added entries to MIN_HISTORY_LEVEL for current txns: ([17]) with min_open_txn: 1
2024-04-24T04:57:09,668  INFO [main] lockmgr.DbTxnManager: Opened txnid:17
2024-04-24T04:57:09,669  INFO [main] parse.CalcitePlanner: Starting caching scope for: 
2024-04-24T04:57:09,669  INFO [main] parse.CalcitePlanner: Starting Semantic Analysis
2024-04-24T04:57:09,671  INFO [main] HiveMetaStore.audit: ugi=alex	ip=unknown-ip-addr	cmd=get_table : tbl=hive.default.T	
2024-04-24T04:57:09,686  INFO [main] metastore.HMSHandler: Skipping translation for processor with null
2024-04-24T04:57:09,686  INFO [main] parse.CalcitePlanner: Completed phase 1 of Semantic Analysis
2024-04-24T04:57:09,686  INFO [main] parse.CalcitePlanner: Get metadata for source tables
2024-04-24T04:57:09,686  INFO [main] parse.CalcitePlanner: Get metadata for subqueries
2024-04-24T04:57:09,686  INFO [main] parse.CalcitePlanner: Get metadata for destination tables
2024-04-24T04:57:09,687  INFO [main] HiveMetaStore.audit: ugi=alex	ip=unknown-ip-addr	cmd=get_table : tbl=hive.default.T	
2024-04-24T04:57:09,692  INFO [main] metastore.HMSHandler: Skipping translation for processor with null
2024-04-24T04:57:09,692  INFO [main] parse.CalcitePlanner: Completed getting MetaData in Semantic Analysis
2024-04-24T04:57:09,692  INFO [main] parse.CalcitePlanner: Disabling LLAP IO encode as ETL query is detected
2024-04-24T04:57:09,711  INFO [main] HiveMetaStore.audit: ugi=alex	ip=unknown-ip-addr	cmd=get_all_table_constraints : tbl=hive._dummy_database._dummy_table	
2024-04-24T04:57:09,794  INFO [main] parse.CalcitePlanner: Get metadata for source tables
2024-04-24T04:57:09,794  INFO [main] parse.CalcitePlanner: Get metadata for subqueries
2024-04-24T04:57:09,794  INFO [main] parse.CalcitePlanner: Get metadata for source tables
2024-04-24T04:57:09,795  INFO [main] HiveMetaStore.audit: ugi=alex	ip=unknown-ip-addr	cmd=get_table : tbl=hive._dummy_database._dummy_table	
2024-04-24T04:57:09,797  INFO [main] parse.CalcitePlanner: Get metadata for subqueries
2024-04-24T04:57:09,797  INFO [main] parse.CalcitePlanner: Get metadata for destination tables
2024-04-24T04:57:09,797  INFO [main] parse.CalcitePlanner: Get metadata for destination tables
2024-04-24T04:57:09,797  INFO [main] HiveMetaStore.audit: ugi=alex	ip=unknown-ip-addr	cmd=get_table : tbl=hive.default.T	
2024-04-24T04:57:09,803  INFO [main] metastore.HMSHandler: Skipping translation for processor with null
2024-04-24T04:57:09,804  INFO [main] HiveMetaStore.audit: ugi=alex	ip=unknown-ip-addr	cmd=get_not_null_constraints : tbl=hive.default.t	
2024-04-24T04:57:09,805  INFO [main] HiveMetaStore.audit: ugi=alex	ip=unknown-ip-addr	cmd=get_check_constraints : tbl=hive.default.t	
2024-04-24T04:57:09,813  INFO [main] txn.TxnHandler: Allocated writeId: 1 for txnId: 17
2024-04-24T04:57:09,813  INFO [main] txn.TxnHandler: Allocated write ids for dbName=default, tblName=t (txnIds: [17])
2024-04-24T04:57:09,814  INFO [main] parse.CalcitePlanner: CBO Succeeded; optimized logical plan.
2024-04-24T04:57:09,816  INFO [main] optimizer.BucketVersionPopulator: not considering bucketingVersion for: TS[0] because it has -1<2 buckets 
2024-04-24T04:57:09,816  INFO [main] optimizer.SortedDynPartitionOptimizer: Sorted dynamic partitioning optimization kicked in..
2024-04-24T04:57:09,824  INFO [main] HiveMetaStore.audit: ugi=alex	ip=unknown-ip-addr	cmd=get_table : tbl=hive.default.t	
2024-04-24T04:57:09,833  INFO [main] metastore.HMSHandler: Skipping translation for processor with null
2024-04-24T04:57:09,834  INFO [main] physical.Vectorizer: Examining input format to see if vectorization is enabled.
2024-04-24T04:57:09,834  INFO [main] physical.Vectorizer: Map vectorization enabled: false
2024-04-24T04:57:09,834  INFO [main] physical.Vectorizer: Map vectorized: false
2024-04-24T04:57:09,834  INFO [main] physical.Vectorizer: Map vectorizedVertexNum: 0
2024-04-24T04:57:09,834  INFO [main] physical.Vectorizer: Map enabledConditionsMet: [hive.vectorized.use.vectorized.input.format IS true]
2024-04-24T04:57:09,834  INFO [main] physical.Vectorizer: Map enabledConditionsNotMet: [Could not enable vectorization due to partition column names size 1 is greater than the number of table column names size 0 IS false]
2024-04-24T04:57:09,834  INFO [main] physical.Vectorizer: Map inputFileFormatClassNameSet: [org.apache.hadoop.hive.ql.io.NullRowsInputFormat]
2024-04-24T04:57:09,834  INFO [main] parse.CalcitePlanner: Completed plan generation
2024-04-24T04:57:09,834  INFO [main] parse.CalcitePlanner: Ending caching scope for: 
2024-04-24T04:57:09,834  INFO [main] ql.Driver: Semantic Analysis Completed (retrial = false)
2024-04-24T04:57:09,834  INFO [main] ql.Driver: Created Hive schema: Schema(fieldSchemas:[FieldSchema(name:_col0, type:int, comment:null), FieldSchema(name:_col1, type:int, comment:null)], properties:null)
2024-04-24T04:57:09,834  INFO [main] metadata.Hive: Dumping metastore api call timing information for : compilation phase
2024-04-24T04:57:09,834  INFO [main] metadata.Hive: Total time spent in each metastore function (ms): {getValidTxns_(long)=1, getCheckConstraints_(CheckConstraintsRequest)=1, commitTxn_(CommitTxnRequest)=10, allocateTableWriteId_(long, String, String)=7, flushCache_()=0, getValidWriteIds_(List, String)=3, openTxn_(String, TxnType)=2, getAllTableConstraints_(AllTableConstraintsRequest)=26, getTable_(GetTableRequest)=35, isCompatibleWith_(Configuration)=0, getNotNullConstraints_(NotNullConstraintsRequest)=1}
2024-04-24T04:57:09,834  INFO [main] ql.Driver: Completed compiling command(queryId=alex_20240424045709_51896295-83e4-4702-a498-fd87cec87dd0); Time taken: 0.169 seconds
2024-04-24T04:57:09,835  INFO [main] lockmgr.DbTxnManager: Setting lock request transaction to txnid:17 for queryId=alex_20240424045709_51896295-83e4-4702-a498-fd87cec87dd0
2024-04-24T04:57:09,835  INFO [main] lockmgr.DbLockManager: Requesting lock for queryId=alex_20240424045709_51896295-83e4-4702-a498-fd87cec87dd0
2024-04-24T04:57:09,853  INFO [main] lockmgr.DbLockManager: Response to queryId=alex_20240424045709_51896295-83e4-4702-a498-fd87cec87dd0 LockResponse(lockid:11, state:ACQUIRED)
2024-04-24T04:57:09,853  INFO [main] ql.Driver: Operation QUERY obtained 1 locks
2024-04-24T04:57:09,855  INFO [main] ql.Driver: Executing command(queryId=alex_20240424045709_51896295-83e4-4702-a498-fd87cec87dd0): insert into T(a,b)  values(1,2),(3,4)
2024-04-24T04:57:09,856  WARN [main] ql.Driver: Hive-on-MR is deprecated in Hive 2 and may not be available in the future versions. Consider using a different execution engine (i.e. spark, tez) or using Hive 1.X releases.
Query ID = alex_20240424045709_51896295-83e4-4702-a498-fd87cec87dd0
2024-04-24T04:57:09,856  INFO [main] ql.Driver: Query ID = alex_20240424045709_51896295-83e4-4702-a498-fd87cec87dd0
Total jobs = 1
2024-04-24T04:57:09,856  INFO [main] ql.Driver: Total jobs = 1
Launching Job 1 out of 1
2024-04-24T04:57:09,856  INFO [main] ql.Driver: Launching Job 1 out of 1
2024-04-24T04:57:09,981  INFO [main] ql.Driver: Starting task [Stage-1:MAPRED] in serial mode
Number of reduce tasks is set to 0 since there's no reduce operator
2024-04-24T04:57:09,981  INFO [main] exec.Task: Number of reduce tasks is set to 0 since there's no reduce operator
2024-04-24T04:57:09,984  INFO [main] mr.ExecDriver: Using org.apache.hadoop.hive.ql.io.HiveInputFormat
2024-04-24T04:57:09,984  INFO [main] exec.Utilities: Processing alias $hdt$_0:_dummy_table
2024-04-24T04:57:09,984  INFO [main] exec.Utilities: Adding 1 inputs; the first input is file:/home/alex/Repositories/hive/ql/target/tmp/localscratchdir/4eb241f2-a226-41ac-b5bc-70ff5b441787/hive_2024-04-24_04-57-09_665_1661235131587737539-1/dummy_path
2024-04-24T04:57:09,993  INFO [main] exec.SerializationUtilities: Serializing MapWork using kryo
2024-04-24T04:57:09,993  INFO [main] exec.Utilities: Serialized plan (via FILE) - name: null size: 5,69KB
2024-04-24T04:57:09,994  WARN [main] impl.MetricsSystemImpl: JobTracker metrics system already initialized!
2024-04-24T04:57:09,998  INFO [main] fs.FSStatsPublisher: created : file:/home/alex/Repositories/hive/ql/target/tmp/localscratchdir/4eb241f2-a226-41ac-b5bc-70ff5b441787/hive_2024-04-24_04-57-09_665_1661235131587737539-1/-mr-10000
2024-04-24T04:57:10,000  WARN [main] impl.MetricsSystemImpl: JobTracker metrics system already initialized!
2024-04-24T04:57:10,006  WARN [main] mapreduce.JobResourceUploader: Hadoop command-line option parsing not performed. Implement the Tool interface and execute your application with ToolRunner to remedy this.
2024-04-24T04:57:10,011  WARN [main] mapreduce.JobResourceUploader: No job jar file set.  User classes may not be found. See Job or Job#setJar(String).
2024-04-24T04:57:10,012  INFO [main] io.HiveInputFormat: hive.io.file.readcolumn.ids = 
2024-04-24T04:57:10,012  INFO [main] io.HiveInputFormat: hive.io.file.readcolumn.names = 
2024-04-24T04:57:10,012  INFO [main] io.HiveInputFormat: Generating splits for dirs: file:/home/alex/Repositories/hive/ql/target/tmp/localscratchdir/4eb241f2-a226-41ac-b5bc-70ff5b441787/hive_2024-04-24_04-57-09_665_1661235131587737539-1/dummy_path
2024-04-24T04:57:10,012  INFO [main] io.HiveInputFormat: number of splits 1
2024-04-24T04:57:10,028  INFO [main] mapreduce.JobSubmitter: number of splits:1
2024-04-24T04:57:10,046  INFO [main] mapreduce.JobSubmitter: Submitting tokens for job: job_local1963115603_0053
2024-04-24T04:57:10,046  INFO [main] mapreduce.JobSubmitter: Executing with tokens: []
2024-04-24T04:57:10,106  INFO [main] mapreduce.Job: The url to track the job: http://localhost:8080/
Job running in-process (local Hadoop)
2024-04-24T04:57:10,106  INFO [main] exec.Task: Job running in-process (local Hadoop)
2024-04-24T04:57:10,106  INFO [Thread-3984] mapred.LocalJobRunner: OutputCommitter set in config org.apache.hadoop.hive.ql.io.HiveFileFormatUtils$NullOutputCommitter
2024-04-24T04:57:10,106  INFO [Thread-3984] mapred.LocalJobRunner: OutputCommitter is org.apache.hadoop.hive.ql.io.HiveFileFormatUtils$NullOutputCommitter
2024-04-24T04:57:10,108  INFO [Thread-3984] mapred.LocalJobRunner: Waiting for map tasks
2024-04-24T04:57:10,108  INFO [LocalJobRunner Map Task Executor #0] mapred.LocalJobRunner: Starting task: attempt_local1963115603_0053_m_000000_0
2024-04-24T04:57:10,111  INFO [LocalJobRunner Map Task Executor #0] mapred.Task:  Using ResourceCalculatorProcessTree : [ ]
2024-04-24T04:57:10,112  INFO [LocalJobRunner Map Task Executor #0] mapred.MapTask: Processing split: org.apache.hadoop.hive.ql.io.NullRowsInputFormat:file:/home/alex/Repositories/hive/ql/target/tmp/localscratchdir/4eb241f2-a226-41ac-b5bc-70ff5b441787/hive_2024-04-24_04-57-09_665_1661235131587737539-1/dummy_path/null:0+1
2024-04-24T04:57:10,114  INFO [LocalJobRunner Map Task Executor #0] exec.SerializationUtilities: Deserializing MapWork using kryo
2024-04-24T04:57:10,114  INFO [LocalJobRunner Map Task Executor #0] exec.Utilities: Deserialized plan (via FILE) - name: null size: 5,69KB
2024-04-24T04:57:10,115  INFO [LocalJobRunner Map Task Executor #0] mapred.MapTask: numReduceTasks: 0
2024-04-24T04:57:10,116  INFO [LocalJobRunner Map Task Executor #0] exec.MapOperator: Initializing Operator: MAP[0]
2024-04-24T04:57:10,117  INFO [LocalJobRunner Map Task Executor #0] mr.ExecMapper: 
<MAP>Id =0
  <Children>null
  <\Children>
  <Parent><\Parent>
<\MAP>
2024-04-24T04:57:10,117  INFO [LocalJobRunner Map Task Executor #0] exec.TableScanOperator: Initializing Operator: TS[0]
2024-04-24T04:57:10,117  INFO [LocalJobRunner Map Task Executor #0] exec.SelectOperator: Initializing Operator: SEL[1]
2024-04-24T04:57:10,117  INFO [LocalJobRunner Map Task Executor #0] exec.SelectOperator: SELECT null
2024-04-24T04:57:10,118  INFO [LocalJobRunner Map Task Executor #0] exec.UDTFOperator: Initializing Operator: UDTF[2]
2024-04-24T04:57:10,118  INFO [LocalJobRunner Map Task Executor #0] exec.SelectOperator: Initializing Operator: SEL[3]
2024-04-24T04:57:10,118  INFO [LocalJobRunner Map Task Executor #0] exec.SelectOperator: SELECT struct<col1:int,col2:int>
2024-04-24T04:57:10,118  INFO [LocalJobRunner Map Task Executor #0] exec.FileSinkOperator: Initializing Operator: FS[4]
2024-04-24T04:57:10,118  INFO [LocalJobRunner Map Task Executor #0] exec.FileSinkOperator: Using serializer : AbstractSerDe [log=org.apache.logging.slf4j.Log4jLogger@167b171d, configuration=Optional[Configuration: core-default.xml, core-site.xml, mapred-default.xml, mapred-site.xml, yarn-default.xml, yarn-site.xml, hdfs-default.xml, hdfs-site.xml, file:/home/alex/Repositories/hive/ql/target/tmp/TestTxnExIm/mapred/local/localRunner/alex/job_local1963115603_0053/job_local1963115603_0053.xml], properties={transactional_properties=default, name=default.t, transactional=true, columns.types=int:int, columns=a,b, numFilesErasureCoded=0, columns.comments=&amp#0;, bucketing_version=2, serialization.lib=org.apache.hadoop.hive.ql.io.orc.OrcSerde, file.inputformat=org.apache.hadoop.hive.ql.io.orc.OrcInputFormat, file.outputformat=org.apache.hadoop.hive.ql.io.orc.OrcOutputFormat, location=file:/home/alex/Repositories/hive/ql/target/tmp/org.apache.hadoop.hive.ql.TestTxnExIm-1713959704617/warehouse/t, column.name.delimiter=,}, tableProperties={transactional_properties=default, name=default.t, transactional=true, columns.types=int:int, columns=a,b, numFilesErasureCoded=0, columns.comments=&amp#0;, bucketing_version=2, serialization.lib=org.apache.hadoop.hive.ql.io.orc.OrcSerde, file.inputformat=org.apache.hadoop.hive.ql.io.orc.OrcInputFormat, location=file:/home/alex/Repositories/hive/ql/target/tmp/org.apache.hadoop.hive.ql.TestTxnExIm-1713959704617/warehouse/t, file.outputformat=org.apache.hadoop.hive.ql.io.orc.OrcOutputFormat, column.name.delimiter=,}, partitionProperties=Optional.empty, columnNames=[a, b], columnTypes=[int, int], getClass()=class org.apache.hadoop.hive.ql.io.orc.OrcSerde] and formatter : org.apache.hadoop.hive.ql.io.orc.OrcOutputFormat@58442ee8
2024-04-24T04:57:10,119  INFO [LocalJobRunner Map Task Executor #0] exec.FileSinkOperator: Final Path: FS file:/home/alex/Repositories/hive/ql/target/tmp/org.apache.hadoop.hive.ql.TestTxnExIm-1713959704617/warehouse/t
2024-04-24T04:57:10,119  INFO [LocalJobRunner Map Task Executor #0] exec.FileSinkOperator: New Final Path: FS file:/home/alex/Repositories/hive/ql/target/tmp/org.apache.hadoop.hive.ql.TestTxnExIm-1713959704617/warehouse/t
2024-04-24T04:57:10,119  INFO [LocalJobRunner Map Task Executor #0] common.FileUtils: Creating directory if it doesn't exist: file:/home/alex/Repositories/hive/ql/target/tmp/org.apache.hadoop.hive.ql.TestTxnExIm-1713959704617/warehouse
2024-04-24T04:57:10,121  INFO [LocalJobRunner Map Task Executor #0] exec.FileSinkOperator: FS[4]: records written - 1
2024-04-24T04:57:10,121  INFO [LocalJobRunner Map Task Executor #0] impl.PhysicalFsWriter: ORC writer created for path: file:/home/alex/Repositories/hive/ql/target/tmp/org.apache.hadoop.hive.ql.TestTxnExIm-1713959704617/warehouse/t/delta_0000001_0000001_0000/bucket_00000_0 with stripeSize: 8388608 blockSize: 268435456 compression: Compress: ZLIB buffer: 32768
2024-04-24T04:57:10,127  INFO [LocalJobRunner Map Task Executor #0] impl.WriterImpl: ORC writer created for path: file:/home/alex/Repositories/hive/ql/target/tmp/org.apache.hadoop.hive.ql.TestTxnExIm-1713959704617/warehouse/t/delta_0000001_0000001_0000/bucket_00000_0 with stripeSize: 8388608 options: Compress: ZLIB buffer: 32768
2024-04-24T04:57:10,132  INFO [LocalJobRunner Map Task Executor #0] exec.MapOperator: MAP[0]: records read - 1
2024-04-24T04:57:10,132  INFO [LocalJobRunner Map Task Executor #0] exec.MapOperator: Closing Operator: MAP[0]
2024-04-24T04:57:10,132  INFO [LocalJobRunner Map Task Executor #0] exec.MapOperator: MAP[0]: Total records read - 3. abort - false
2024-04-24T04:57:10,132  INFO [LocalJobRunner Map Task Executor #0] exec.MapOperator: DESERIALIZE_ERRORS:0, RECORDS_IN:3, RECORDS_OUT_OPERATOR_MAP_0:0, RECORDS_OUT_INTERMEDIATE:0, 
2024-04-24T04:57:10,132  INFO [LocalJobRunner Map Task Executor #0] exec.TableScanOperator: Closing Operator: TS[0]
2024-04-24T04:57:10,133  INFO [LocalJobRunner Map Task Executor #0] exec.TableScanOperator: RECORDS_OUT_OPERATOR_TS_0:1, RECORDS_OUT_INTERMEDIATE:0, 
2024-04-24T04:57:10,133  INFO [LocalJobRunner Map Task Executor #0] exec.SelectOperator: Closing Operator: SEL[1]
2024-04-24T04:57:10,133  INFO [LocalJobRunner Map Task Executor #0] exec.SelectOperator: RECORDS_OUT_OPERATOR_SEL_1:1, RECORDS_OUT_INTERMEDIATE:0, 
2024-04-24T04:57:10,133  INFO [LocalJobRunner Map Task Executor #0] exec.UDTFOperator: Closing Operator: UDTF[2]
2024-04-24T04:57:10,133  INFO [LocalJobRunner Map Task Executor #0] exec.UDTFOperator: RECORDS_OUT_INTERMEDIATE:0, RECORDS_OUT_OPERATOR_UDTF_2:2, 
2024-04-24T04:57:10,133  INFO [LocalJobRunner Map Task Executor #0] exec.SelectOperator: Closing Operator: SEL[3]
2024-04-24T04:57:10,133  INFO [LocalJobRunner Map Task Executor #0] exec.SelectOperator: RECORDS_OUT_OPERATOR_SEL_3:2, RECORDS_OUT_INTERMEDIATE:0, 
2024-04-24T04:57:10,133  INFO [LocalJobRunner Map Task Executor #0] exec.FileSinkOperator: Closing Operator: FS[4]
2024-04-24T04:57:10,133  INFO [LocalJobRunner Map Task Executor #0] exec.FileSinkOperator: FS[4]: records written - 2
2024-04-24T04:57:10,134  INFO [LocalJobRunner Map Task Executor #0] FileOperations: Writing manifest to file:/home/alex/Repositories/hive/ql/target/tmp/org.apache.hadoop.hive.ql.TestTxnExIm-1713959704617/warehouse/t/_tmp.delta_0000001_0000001_0000/000000_0.manifest with [file:/home/alex/Repositories/hive/ql/target/tmp/org.apache.hadoop.hive.ql.TestTxnExIm-1713959704617/warehouse/t/delta_0000001_0000001_0000/bucket_00000_0]
2024-04-24T04:57:10,140  INFO [Metastore Scheduled Worker 2] metastore.HMSHandler: 9: Opening raw store with implementation class:org.apache.hadoop.hive.metastore.ObjectStore
2024-04-24T04:57:10,140  INFO [Metastore Scheduled Worker 2] metastore.ObjectStore: RawStore: org.apache.hadoop.hive.metastore.ObjectStore@633a4023, with PersistenceManager: null will be shutdown
2024-04-24T04:57:10,140  INFO [Metastore Scheduled Worker 2] metastore.ObjectStore: RawStore: org.apache.hadoop.hive.metastore.ObjectStore@633a4023, with PersistenceManager: org.datanucleus.api.jdo.JDOPersistenceManager@22074a18 created in the thread with id: 46
2024-04-24T04:57:10,147  INFO [LocalJobRunner Map Task Executor #0] exec.FileSinkOperator: TOTAL_TABLE_ROWS_WRITTEN:2, RECORDS_OUT_1_default.t:2, RECORDS_OUT_OPERATOR_FS_4:2, RECORDS_OUT_INTERMEDIATE:0, 
2024-04-24T04:57:10,147  INFO [LocalJobRunner Map Task Executor #0] mapred.LocalJobRunner: 
2024-04-24T04:57:10,150  INFO [LocalJobRunner Map Task Executor #0] mapred.Task: Task:attempt_local1963115603_0053_m_000000_0 is done. And is in the process of committing
2024-04-24T04:57:10,150  INFO [LocalJobRunner Map Task Executor #0] mapred.LocalJobRunner: map
2024-04-24T04:57:10,150  INFO [LocalJobRunner Map Task Executor #0] mapred.Task: Task 'attempt_local1963115603_0053_m_000000_0' done.
2024-04-24T04:57:10,150  INFO [LocalJobRunner Map Task Executor #0] mapred.Task: Final Counters for attempt_local1963115603_0053_m_000000_0: Counters: 27
	File System Counters
		FILE: Number of bytes read=980512
		FILE: Number of bytes written=61997387
		FILE: Number of read operations=0
		FILE: Number of large read operations=0
		FILE: Number of write operations=0
	Map-Reduce Framework
		Map input records=4
		Map output records=0
		Input split bytes=361
		Spilled Records=0
		Failed Shuffles=0
		Merged Map outputs=0
		GC time elapsed (ms)=0
		Total committed heap usage (bytes)=1227882496
	HIVE
		CREATED_FILES=1
		DESERIALIZE_ERRORS=0
		RECORDS_IN=3
		RECORDS_OUT_1_default.t=2
		RECORDS_OUT_INTERMEDIATE=0
		RECORDS_OUT_OPERATOR_FS_4=2
		RECORDS_OUT_OPERATOR_MAP_0=0
		RECORDS_OUT_OPERATOR_SEL_1=1
		RECORDS_OUT_OPERATOR_SEL_3=2
		RECORDS_OUT_OPERATOR_TS_0=1
		RECORDS_OUT_OPERATOR_UDTF_2=2
		TOTAL_TABLE_ROWS_WRITTEN=2
	File Input Format Counters 
		Bytes Read=5747
	File Output Format Counters 
		Bytes Written=0
2024-04-24T04:57:10,150  INFO [LocalJobRunner Map Task Executor #0] mapred.LocalJobRunner: Finishing task: attempt_local1963115603_0053_m_000000_0
2024-04-24T04:57:10,150  INFO [Thread-3984] mapred.LocalJobRunner: map task executor complete.
2024-04-24T04:57:10,164  INFO [Metastore Scheduled Worker 2] metastore.HMSHandler: Created RawStore: org.apache.hadoop.hive.metastore.ObjectStore@633a4023 from thread id: 46
2024-04-24 04:57:11,108 Stage-1 map = 100%,  reduce = 0%
2024-04-24T04:57:11,108  INFO [main] exec.Task: 2024-04-24 04:57:11,108 Stage-1 map = 100%,  reduce = 0%
Ended Job = job_local1963115603_0053
2024-04-24T04:57:11,109  INFO [main] exec.Task: Ended Job = job_local1963115603_0053
2024-04-24T04:57:11,110  INFO [main] FileOperations: Found manifest file file:/home/alex/Repositories/hive/ql/target/tmp/org.apache.hadoop.hive.ql.TestTxnExIm-1713959704617/warehouse/t/_tmp.delta_0000001_0000001_0000/000000_0.manifest with attemptId 0.
2024-04-24T04:57:11,111  INFO [main] FileOperations: Looking at manifest file: file:/home/alex/Repositories/hive/ql/target/tmp/org.apache.hadoop.hive.ql.TestTxnExIm-1713959704617/warehouse/t/_tmp.delta_0000001_0000001_0000/000000_0.manifest
2024-04-24T04:57:11,111  INFO [main] FileOperations: Deleting manifest directory file:/home/alex/Repositories/hive/ql/target/tmp/org.apache.hadoop.hive.ql.TestTxnExIm-1713959704617/warehouse/t/_tmp.delta_0000001_0000001_0000
2024-04-24T04:57:11,112  INFO [main] ql.Driver: Starting task [Stage-0:MOVE] in serial mode
Loading data to table default.t
2024-04-24T04:57:11,113  INFO [main] exec.Task: Loading data to table default.t from file:/home/alex/Repositories/hive/ql/target/tmp/org.apache.hadoop.hive.ql.TestTxnExIm-1713959704617/warehouse/t
2024-04-24T04:57:11,113  INFO [main] HiveMetaStore.audit: ugi=alex	ip=unknown-ip-addr	cmd=get_table : tbl=hive.default.t	
2024-04-24T04:57:11,119  INFO [main] metastore.HMSHandler: Skipping translation for processor with null
2024-04-24T04:57:11,119  INFO [main] HiveMetaStore.audit: ugi=alex	ip=unknown-ip-addr	cmd=get_table : tbl=hive.default.t	
2024-04-24T04:57:11,125  INFO [main] metastore.HMSHandler: Skipping translation for processor with null
2024-04-24T04:57:11,126  INFO [main] HiveMetaStore.audit: ugi=alex	ip=unknown-ip-addr	cmd=alter_table: hive.default.t newtbl=t	
2024-04-24T04:57:11,165  INFO [main] ql.Driver: Starting task [Stage-2:STATS] in serial mode
2024-04-24T04:57:11,166  INFO [main] HiveMetaStore.audit: ugi=alex	ip=unknown-ip-addr	cmd=get_table : tbl=hive.default.t	
2024-04-24T04:57:11,175  INFO [main] metastore.HMSHandler: Skipping translation for processor with null
2024-04-24T04:57:11,175  INFO [main] stats.BasicStatsTask: Executing stats task
2024-04-24T04:57:11,175  INFO [main] fs.FSStatsPublisher: created : file:/home/alex/Repositories/hive/ql/target/tmp/localscratchdir/4eb241f2-a226-41ac-b5bc-70ff5b441787/hive_2024-04-24_04-57-09_665_1661235131587737539-1/-mr-10000
2024-04-24T04:57:11,176  INFO [main] HiveMetaStore.audit: ugi=alex	ip=unknown-ip-addr	cmd=get_table : tbl=hive.default.t	
2024-04-24T04:57:11,183  INFO [main] metastore.HMSHandler: Skipping translation for processor with null
2024-04-24T04:57:11,192  WARN [main] FileOperations: Computing stats for an ACID table; stats may be inaccurate
2024-04-24T04:57:11,192  INFO [main] FileOperations: Read stats for default.t/, numRows, true, 2, false: 
2024-04-24T04:57:11,192  INFO [main] FileOperations: Read stats for default.t/, rawDataSize, true, 0, false: 
2024-04-24T04:57:11,193  INFO [main] HiveMetaStore.audit: ugi=alex	ip=unknown-ip-addr	cmd=alter_table: hive.default.t newtbl=t	
2024-04-24T04:57:11,211  INFO [main] FileOperations: Read stats for default.t/, insertCount, true, 2, false: 
2024-04-24T04:57:11,211  INFO [main] FileOperations: Read stats for default.t/, updateCount, true, 0, false: 
2024-04-24T04:57:11,211  INFO [main] FileOperations: Read stats for default.t/, deleteCount, true, 0, false: 
2024-04-24T04:57:11,213  INFO [main] stats.BasicStatsTask: Table default.t stats: [numFiles=1, numRows=2, totalSize=687, rawDataSize=0, numFilesErasureCoded=0]
2024-04-24T04:57:11,214  INFO [main] metadata.Hive: Dumping metastore api call timing information for : execution phase
2024-04-24T04:57:11,214  INFO [main] metadata.Hive: Total time spent in each metastore function (ms): {alter_table_(String, String, String, Table, EnvironmentContext, String)=57, isCompatibleWith_(Configuration)=1, updateTransactionalStatistics_(UpdateTransactionalStatsRequest)=2, getTable_(GetTableRequest)=29}
MapReduce Jobs Launched: 
2024-04-24T04:57:11,214  INFO [main] ql.Driver: MapReduce Jobs Launched: 
Stage-Stage-1:  HDFS Read: 0 HDFS Write: 0 SUCCESS
2024-04-24T04:57:11,214  INFO [main] ql.Driver: Stage-Stage-1:  HDFS Read: 0 HDFS Write: 0 SUCCESS
Total MapReduce CPU Time Spent: 0 msec
2024-04-24T04:57:11,214  INFO [main] ql.Driver: Total MapReduce CPU Time Spent: 0 msec
2024-04-24T04:57:11,214  INFO [main] ql.Driver: Completed executing command(queryId=alex_20240424045709_51896295-83e4-4702-a498-fd87cec87dd0); Time taken: 1.359 seconds
2024-04-24T04:57:11,214  INFO [main] lockmgr.DbTxnManager: Stopped heartbeat for query: alex_20240424045709_51896295-83e4-4702-a498-fd87cec87dd0
2024-04-24T04:57:11,225  INFO [main] txn.TxnHandler: Removed transactions: ([17]) from MIN_HISTORY_LEVEL
2024-04-24T04:57:11,226  WARN [main] txn.CompactionTxnHandler: No compaction queue record found for Compaction type transaction commit. txnId:17
2024-04-24T04:57:11,226  INFO [main] ql.TxnCommandsBaseForTests: Running the query: update T set b = 17 where a = 1
2024-04-24T04:57:11,226  INFO [main] ql.Context: Deleting scratch dir: file:/home/alex/Repositories/hive/ql/target/tmp/localscratchdir/4eb241f2-a226-41ac-b5bc-70ff5b441787/hive_2024-04-24_04-57-09_665_1661235131587737539-1
2024-04-24T04:57:11,227  INFO [main] cleanup.SyncCleanupService: Deleted directory: file:/home/alex/Repositories/hive/ql/target/tmp/localscratchdir/4eb241f2-a226-41ac-b5bc-70ff5b441787/hive_2024-04-24_04-57-09_665_1661235131587737539-1 on fs with scheme file
2024-04-24T04:57:11,227  INFO [main] ql.Driver: Compiling command(queryId=alex_20240424045711_4cf77b84-e5e9-4cd1-b1ff-5ac367f73421): update T set b = 17 where a = 1
2024-04-24T04:57:11,229  INFO [main] txn.TxnHandler: Added entries to MIN_HISTORY_LEVEL for current txns: ([18]) with min_open_txn: 18
2024-04-24T04:57:11,230  INFO [main] lockmgr.DbTxnManager: Opened txnid:18
2024-04-24T04:57:11,232  INFO [main] parse.UpdateDeleteSemanticAnalyzer: Starting caching scope for: 
2024-04-24T04:57:11,232  INFO [main] HiveMetaStore.audit: ugi=alex	ip=unknown-ip-addr	cmd=get_table : tbl=hive.default.T	
2024-04-24T04:57:11,238  INFO [main] metastore.HMSHandler: Skipping translation for processor with null
2024-04-24T04:57:11,238  INFO [main] parse.RewriteSemanticAnalyzer: Going to reparse <update T set b = 17 where a = 1> as 
<insert into table `default`.`T` select ROW__ID,`a`,`b` from `default`.`T` sort by ROW__ID >
2024-04-24T04:57:11,238  INFO [main] parse.UpdateDeleteSemanticAnalyzer: Starting Semantic Analysis
2024-04-24T04:57:11,244  INFO [main] HiveMetaStore.audit: ugi=alex	ip=unknown-ip-addr	cmd=get_table : tbl=hive.default.T	
2024-04-24T04:57:11,250  INFO [main] metastore.HMSHandler: Skipping translation for processor with null
2024-04-24T04:57:11,251  INFO [main] parse.UpdateDeleteSemanticAnalyzer: Completed phase 1 of Semantic Analysis
2024-04-24T04:57:11,251  INFO [main] parse.UpdateDeleteSemanticAnalyzer: Get metadata for source tables
2024-04-24T04:57:11,251  INFO [main] HiveMetaStore.audit: ugi=alex	ip=unknown-ip-addr	cmd=get_table : tbl=hive.default.t	
2024-04-24T04:57:11,259  INFO [main] metastore.HMSHandler: Skipping translation for processor with null
2024-04-24T04:57:11,259  INFO [main] parse.UpdateDeleteSemanticAnalyzer: Get metadata for subqueries
2024-04-24T04:57:11,259  INFO [main] parse.UpdateDeleteSemanticAnalyzer: Get metadata for destination tables
2024-04-24T04:57:11,259  INFO [main] HiveMetaStore.audit: ugi=alex	ip=unknown-ip-addr	cmd=get_table : tbl=hive.default.T	
2024-04-24T04:57:11,270  INFO [main] metastore.HMSHandler: Skipping translation for processor with null
2024-04-24T04:57:11,270  INFO [main] parse.UpdateDeleteSemanticAnalyzer: Completed getting MetaData in Semantic Analysis
2024-04-24T04:57:11,270  INFO [main] parse.UpdateDeleteSemanticAnalyzer: Disabling LLAP IO encode as ETL query is detected
2024-04-24T04:57:11,282  INFO [main] HiveMetaStore.audit: ugi=alex	ip=unknown-ip-addr	cmd=get_all_table_constraints : tbl=hive.default.t	
2024-04-24T04:57:11,288  INFO [main] HiveMetaStore.audit: ugi=alex	ip=unknown-ip-addr	cmd=get_not_null_constraints : tbl=hive.default.t	
2024-04-24T04:57:11,289  INFO [main] HiveMetaStore.audit: ugi=alex	ip=unknown-ip-addr	cmd=get_check_constraints : tbl=hive.default.t	
2024-04-24T04:57:11,313  INFO [main] calcite.RelOptHiveTable: Calculating column statistics for default.t, projIndxSet: [0], allowMissingStats: true
2024-04-24T04:57:11,314  INFO [main] HiveMetaStore.audit: ugi=alex	ip=unknown-ip-addr	cmd=get_table : tbl=hive.default.t	
2024-04-24T04:57:11,323  INFO [main] metastore.HMSHandler: Skipping translation for processor with null
2024-04-24T04:57:11,324  INFO [main] HiveMetaStore.audit: ugi=alex	ip=unknown-ip-addr	cmd=get_table : tbl=hive.default.t	
2024-04-24T04:57:11,333  INFO [main] metastore.HMSHandler: Skipping translation for processor with null
2024-04-24T04:57:11,333  INFO [main] HiveMetaStore.audit: ugi=alex	ip=unknown-ip-addr	cmd=get_table_statistics_req: table=hive.default.t	
2024-04-24T04:57:11,343  WARN [main] calcite.RelOptHiveTable: No Stats for default@t, Columns: a
No Stats for default@t, Columns: a
2024-04-24T04:57:11,343  INFO [main] SessionState: No Stats for default@t, Columns: a
2024-04-24T04:57:11,409  INFO [main] parse.UpdateDeleteSemanticAnalyzer: Get metadata for source tables
2024-04-24T04:57:11,409  INFO [main] parse.UpdateDeleteSemanticAnalyzer: Get metadata for subqueries
2024-04-24T04:57:11,409  INFO [main] parse.UpdateDeleteSemanticAnalyzer: Get metadata for destination tables
2024-04-24T04:57:11,409  INFO [main] HiveMetaStore.audit: ugi=alex	ip=unknown-ip-addr	cmd=get_table : tbl=hive.default.T	
2024-04-24T04:57:11,420  INFO [main] metastore.HMSHandler: Skipping translation for processor with null
2024-04-24T04:57:11,433  INFO [main] txn.TxnHandler: Allocated writeId: 2 for txnId: 18
2024-04-24T04:57:11,434  INFO [main] txn.TxnHandler: Allocated write ids for dbName=default, tblName=t (txnIds: [18])
2024-04-24T04:57:11,437  INFO [main] parse.UpdateDeleteSemanticAnalyzer: CBO Succeeded; optimized logical plan.
2024-04-24T04:57:11,443  INFO [main] optimizer.ColumnPrunerProcFactory: RS 5 oldColExprMap: {VALUE._col0=Column[_col0], VALUE._col1=Column[_col1], VALUE._col2=Column[_col2]}
2024-04-24T04:57:11,443  INFO [main] optimizer.ColumnPrunerProcFactory: RS 5 newColExprMap: {VALUE._col0=Column[_col0], VALUE._col1=Column[_col1], VALUE._col2=Column[_col2]}
2024-04-24T04:57:11,443  INFO [main] optimizer.ColumnPrunerProcFactory: RS 3 oldColExprMap: {KEY.reducesinkkey0=Column[_col0]}
2024-04-24T04:57:11,443  INFO [main] optimizer.ColumnPrunerProcFactory: RS 3 newColExprMap: {KEY.reducesinkkey0=Column[_col0]}
2024-04-24T04:57:11,444  INFO [main] optimizer.ColumnPrunerProcFactory: RS 3 oldColExprMap: {KEY.reducesinkkey0=Column[_col0]}
2024-04-24T04:57:11,444  INFO [main] optimizer.ColumnPrunerProcFactory: RS 3 newColExprMap: {KEY.reducesinkkey0=Column[_col0]}
2024-04-24T04:57:11,445  INFO [main] optimizer.BucketVersionPopulator: not considering bucketingVersion for: TS[0] because it has -1<2 buckets 
2024-04-24T04:57:11,446  INFO [main] optimizer.SortedDynPartitionOptimizer: Sorted dynamic partitioning optimization kicked in..
2024-04-24T04:57:11,457  INFO [main] HiveMetaStore.audit: ugi=alex	ip=unknown-ip-addr	cmd=get_table : tbl=hive.default.t	
2024-04-24T04:57:11,464  INFO [main] metastore.HMSHandler: Skipping translation for processor with null
2024-04-24T04:57:11,464  INFO [main] physical.Vectorizer: Examining input format to see if vectorization is enabled.
2024-04-24T04:57:11,465  INFO [main] physical.Vectorizer: Vectorization is enabled for input format(s) [org.apache.hadoop.hive.ql.io.orc.OrcInputFormat]
2024-04-24T04:57:11,465  INFO [main] physical.Vectorizer: Validating and vectorizing MapWork... (vectorizedVertexNum 0)
2024-04-24T04:57:11,468  INFO [main] physical.Vectorizer: Map vectorization enabled: true
2024-04-24T04:57:11,468  INFO [main] physical.Vectorizer: Map vectorized: true
2024-04-24T04:57:11,468  INFO [main] physical.Vectorizer: Map vectorizedVertexNum: 0
2024-04-24T04:57:11,468  INFO [main] physical.Vectorizer: Map enabledConditionsMet: [hive.vectorized.use.vectorized.input.format IS true]
2024-04-24T04:57:11,468  INFO [main] physical.Vectorizer: Map inputFileFormatClassNameSet: [org.apache.hadoop.hive.ql.io.orc.OrcInputFormat]
2024-04-24T04:57:11,468  INFO [main] physical.Vectorizer: Reduce vectorization enabled: false
2024-04-24T04:57:11,468  INFO [main] physical.Vectorizer: Reduce vectorized: false
2024-04-24T04:57:11,468  INFO [main] physical.Vectorizer: Reduce vectorizedVertexNum: 1
2024-04-24T04:57:11,468  INFO [main] physical.Vectorizer: Reducer hive.vectorized.execution.reduce.enabled: true
2024-04-24T04:57:11,468  INFO [main] physical.Vectorizer: Reducer engine: mr
2024-04-24T04:57:11,468  INFO [main] parse.UpdateDeleteSemanticAnalyzer: Completed plan generation
2024-04-24T04:57:11,468  INFO [main] parse.UpdateDeleteSemanticAnalyzer: Ending caching scope for: 
2024-04-24T04:57:11,468  INFO [main] ql.Driver: Semantic Analysis Completed (retrial = false)
2024-04-24T04:57:11,468  INFO [main] ql.Driver: Created Hive schema: Schema(fieldSchemas:[FieldSchema(name:row__id, type:struct<writeid:bigint,bucketid:int,rowid:bigint>, comment:null), FieldSchema(name:a, type:int, comment:null), FieldSchema(name:_c2, type:int, comment:null)], properties:null)
2024-04-24T04:57:11,468  INFO [main] metadata.Hive: Dumping metastore api call timing information for : compilation phase
2024-04-24T04:57:11,468  INFO [main] metadata.Hive: Total time spent in each metastore function (ms): {getValidTxns_(long)=2, getTable_(GetTableRequest)=50, getNotNullConstraints_(NotNullConstraintsRequest)=1, allocateTableWriteId_(long, String, String)=10, isCompatibleWith_(Configuration)=2, openTxn_(String, TxnType)=2, getCheckConstraints_(CheckConstraintsRequest)=1, flushCache_()=0, getTableColumnStatistics_(String, String, List, String)=29, commitTxn_(CommitTxnRequest)=12, getAllTableConstraints_(AllTableConstraintsRequest)=5, getValidWriteIds_(List, String)=6}
2024-04-24T04:57:11,468  INFO [main] ql.Driver: Completed compiling command(queryId=alex_20240424045711_4cf77b84-e5e9-4cd1-b1ff-5ac367f73421); Time taken: 0.241 seconds
2024-04-24T04:57:11,469  INFO [main] lockmgr.DbTxnManager: Setting lock request transaction to txnid:18 for queryId=alex_20240424045711_4cf77b84-e5e9-4cd1-b1ff-5ac367f73421
2024-04-24T04:57:11,469  INFO [main] lockmgr.DbLockManager: Requesting lock for queryId=alex_20240424045711_4cf77b84-e5e9-4cd1-b1ff-5ac367f73421
2024-04-24T04:57:11,486  INFO [main] lockmgr.DbLockManager: Response to queryId=alex_20240424045711_4cf77b84-e5e9-4cd1-b1ff-5ac367f73421 LockResponse(lockid:12, state:ACQUIRED)
2024-04-24T04:57:11,486  INFO [main] ql.Driver: Operation QUERY obtained 1 locks
2024-04-24T04:57:11,492  INFO [main] ql.Driver: Executing command(queryId=alex_20240424045711_4cf77b84-e5e9-4cd1-b1ff-5ac367f73421): update T set b = 17 where a = 1
2024-04-24T04:57:11,492  WARN [main] ql.Driver: Hive-on-MR is deprecated in Hive 2 and may not be available in the future versions. Consider using a different execution engine (i.e. spark, tez) or using Hive 1.X releases.
Query ID = alex_20240424045711_4cf77b84-e5e9-4cd1-b1ff-5ac367f73421
2024-04-24T04:57:11,493  INFO [main] ql.Driver: Query ID = alex_20240424045711_4cf77b84-e5e9-4cd1-b1ff-5ac367f73421
Total jobs = 1
2024-04-24T04:57:11,493  INFO [main] ql.Driver: Total jobs = 1
Launching Job 1 out of 1
2024-04-24T04:57:11,493  INFO [main] ql.Driver: Launching Job 1 out of 1
2024-04-24T04:57:11,620  INFO [main] ql.Driver: Starting task [Stage-1:MAPRED] in serial mode
2024-04-24T04:57:11,620  INFO [main] exec.Utilities: Not using thread pool for getContentSummary
2024-04-24T04:57:11,621  INFO [main] exec.Utilities: BytesPerReducer=256000000 maxReducers=1009 totalInputFileSize=688
Number of reduce tasks not specified. Estimated from input data size: 1
2024-04-24T04:57:11,621  INFO [main] exec.Task: Number of reduce tasks not specified. Estimated from input data size: 1
In order to change the average load for a reducer (in bytes):
2024-04-24T04:57:11,621  INFO [main] exec.Task: In order to change the average load for a reducer (in bytes):
  set hive.exec.reducers.bytes.per.reducer=<number>
2024-04-24T04:57:11,621  INFO [main] exec.Task:   set hive.exec.reducers.bytes.per.reducer=<number>
In order to limit the maximum number of reducers:
2024-04-24T04:57:11,621  INFO [main] exec.Task: In order to limit the maximum number of reducers:
  set hive.exec.reducers.max=<number>
2024-04-24T04:57:11,621  INFO [main] exec.Task:   set hive.exec.reducers.max=<number>
In order to set a constant number of reducers:
2024-04-24T04:57:11,621  INFO [main] exec.Task: In order to set a constant number of reducers:
  set mapreduce.job.reduces=<number>
2024-04-24T04:57:11,621  INFO [main] exec.Task:   set mapreduce.job.reduces=<number>
2024-04-24T04:57:11,625  INFO [main] mr.ExecDriver: Using org.apache.hadoop.hive.ql.io.HiveInputFormat
2024-04-24T04:57:11,625  INFO [main] exec.Utilities: Processing alias t
2024-04-24T04:57:11,625  INFO [main] exec.Utilities: Adding 1 inputs; the first input is file:/home/alex/Repositories/hive/ql/target/tmp/org.apache.hadoop.hive.ql.TestTxnExIm-1713959704617/warehouse/t
2024-04-24T04:57:11,634  INFO [main] exec.SerializationUtilities: Serializing MapWork using kryo
2024-04-24T04:57:11,635  INFO [main] exec.Utilities: Serialized plan (via FILE) - name: null size: 6,78KB
2024-04-24T04:57:11,639  INFO [main] exec.SerializationUtilities: Serializing ReduceWork using kryo
2024-04-24T04:57:11,640  INFO [main] exec.Utilities: Serialized plan (via FILE) - name: null size: 7,43KB
2024-04-24T04:57:11,641  WARN [main] impl.MetricsSystemImpl: JobTracker metrics system already initialized!
2024-04-24T04:57:11,644  INFO [main] fs.FSStatsPublisher: created : file:/home/alex/Repositories/hive/ql/target/tmp/localscratchdir/4eb241f2-a226-41ac-b5bc-70ff5b441787/hive_2024-04-24_04-57-11_238_8234346137714921300-1/-mr-10000
2024-04-24T04:57:11,646  WARN [main] impl.MetricsSystemImpl: JobTracker metrics system already initialized!
2024-04-24T04:57:11,652  WARN [main] mapreduce.JobResourceUploader: Hadoop command-line option parsing not performed. Implement the Tool interface and execute your application with ToolRunner to remedy this.
2024-04-24T04:57:11,656  WARN [main] mapreduce.JobResourceUploader: No job jar file set.  User classes may not be found. See Job or Job#setJar(String).
2024-04-24T04:57:11,657  INFO [main] io.HiveInputFormat: hive.io.file.readcolumn.ids = 0
2024-04-24T04:57:11,657  INFO [main] io.HiveInputFormat: hive.io.file.readcolumn.names = a
2024-04-24T04:57:11,657  INFO [main] io.HiveInputFormat: Generating splits for dirs: file:/home/alex/Repositories/hive/ql/target/tmp/org.apache.hadoop.hive.ql.TestTxnExIm-1713959704617/warehouse/t
2024-04-24T04:57:11,658  INFO [main] orc.OrcInputFormat: getSplits started
2024-04-24T04:57:11,658  INFO [main] orc.OrcInputFormat: Context:: isAcid: true isVectorMode: true sarg: leaf-(EQUALS a 1) minSplitSize: 1 maxSplitSize: 256000000 splitStrategy: HYBRID footerInSplits: false numBuckets: 0 numThreads: 10 cacheMemSize: 268435456 cacheStripeDetails: true useSoftReference: false writeIdList: default.t:2:9223372036854775807:: isTransactionalTable: true txnProperties: default 
2024-04-24T04:57:11,658  INFO [main] orc.OrcInputFormat: ORC pushdown predicate: leaf-(EQUALS a 1)
2024-04-24T04:57:11,670  INFO [main] orc.OrcInputFormat: FooterCacheHitRatio: 0/1
2024-04-24T04:57:11,670  INFO [main] orc.OrcInputFormat: getSplits finished (#splits: 1). duration: 12 ms
2024-04-24T04:57:11,670  INFO [main] io.HiveInputFormat: number of splits 1
2024-04-24T04:57:11,688  INFO [main] mapreduce.JobSubmitter: number of splits:1
2024-04-24T04:57:11,706  INFO [main] mapreduce.JobSubmitter: Submitting tokens for job: job_local1264581490_0054
2024-04-24T04:57:11,706  INFO [main] mapreduce.JobSubmitter: Executing with tokens: []
2024-04-24T04:57:11,760  INFO [main] mapreduce.Job: The url to track the job: http://localhost:8080/
Job running in-process (local Hadoop)
2024-04-24T04:57:11,761  INFO [main] exec.Task: Job running in-process (local Hadoop)
2024-04-24T04:57:11,761  INFO [Thread-4033] mapred.LocalJobRunner: OutputCommitter set in config org.apache.hadoop.hive.ql.io.HiveFileFormatUtils$NullOutputCommitter
2024-04-24T04:57:11,761  INFO [Thread-4033] mapred.LocalJobRunner: OutputCommitter is org.apache.hadoop.hive.ql.io.HiveFileFormatUtils$NullOutputCommitter
2024-04-24T04:57:11,762  INFO [Thread-4033] mapred.LocalJobRunner: Waiting for map tasks
2024-04-24T04:57:11,763  INFO [LocalJobRunner Map Task Executor #0] mapred.LocalJobRunner: Starting task: attempt_local1264581490_0054_m_000000_0
2024-04-24T04:57:11,763  INFO [LocalJobRunner Map Task Executor #0] mapred.Task:  Using ResourceCalculatorProcessTree : [ ]
2024-04-24T04:57:11,763  INFO [LocalJobRunner Map Task Executor #0] mapred.MapTask: Processing split: org.apache.hadoop.hive.ql.io.orc.OrcInputFormat:OrcSplit [file:/home/alex/Repositories/hive/ql/target/tmp/org.apache.hadoop.hive.ql.TestTxnExIm-1713959704617/warehouse/t/delta_0000001_0000001_0000/bucket_00000_0, start=3, length=314, isOriginal=false, fileLength=687, hasFooter=false, hasBase=true, deltas=0]
2024-04-24T04:57:11,764  INFO [LocalJobRunner Map Task Executor #0] exec.SerializationUtilities: Deserializing MapWork using kryo
2024-04-24T04:57:11,764  INFO [LocalJobRunner Map Task Executor #0] exec.Utilities: Deserialized plan (via FILE) - name: null size: 6,78KB
2024-04-24T04:57:11,765  INFO [LocalJobRunner Map Task Executor #0] orc.OrcInputFormat: ORC pushdown predicate: leaf-(EQUALS a 1)
2024-04-24T04:57:11,765  INFO [LocalJobRunner Map Task Executor #0] orc.VectorizedOrcAcidRowBatchReader: Read ValidWriteIdList: default.t:2:9223372036854775807:::OrcSplit [file:/home/alex/Repositories/hive/ql/target/tmp/org.apache.hadoop.hive.ql.TestTxnExIm-1713959704617/warehouse/t/delta_0000001_0000001_0000/bucket_00000_0, start=3, length=314, isOriginal=false, fileLength=687, hasFooter=false, hasBase=true, deltas=0]
2024-04-24T04:57:11,765  INFO [LocalJobRunner Map Task Executor #0] orc.ReaderImpl: Reading ORC rows from file:/home/alex/Repositories/hive/ql/target/tmp/org.apache.hadoop.hive.ql.TestTxnExIm-1713959704617/warehouse/t/delta_0000001_0000001_0000/bucket_00000_0 with {include: [true, true, false], offset: 3, length: 314, sarg: leaf-(EQUALS a 1), schema: struct<a:int,b:int>, includeAcidColumns: true}
2024-04-24T04:57:11,766  INFO [LocalJobRunner Map Task Executor #0] mapred.MapTask: numReduceTasks: 1
2024-04-24T04:57:11,770  INFO [LocalJobRunner Map Task Executor #0] mapred.MapTask: (EQUATOR) 0 kvi 26214396(104857584)
2024-04-24T04:57:11,771  INFO [LocalJobRunner Map Task Executor #0] mapred.MapTask: mapreduce.task.io.sort.mb: 100
2024-04-24T04:57:11,771  INFO [LocalJobRunner Map Task Executor #0] mapred.MapTask: soft limit at 83886080
2024-04-24T04:57:11,771  INFO [LocalJobRunner Map Task Executor #0] mapred.MapTask: bufstart = 0; bufvoid = 104857600
2024-04-24T04:57:11,771  INFO [LocalJobRunner Map Task Executor #0] mapred.MapTask: kvstart = 26214396; length = 6553600
2024-04-24T04:57:11,771  INFO [LocalJobRunner Map Task Executor #0] mapred.MapTask: Map output collector class = org.apache.hadoop.mapred.MapTask$MapOutputBuffer
2024-04-24T04:57:11,771  INFO [LocalJobRunner Map Task Executor #0] vector.VectorMapOperator: Initializing Operator: MAP[0]
2024-04-24T04:57:11,772  INFO [LocalJobRunner Map Task Executor #0] mr.ExecMapper: 
<MAP>Id =0
  <Children>null
  <\Children>
  <Parent><\Parent>
<\MAP>
2024-04-24T04:57:11,772  INFO [LocalJobRunner Map Task Executor #0] exec.TableScanOperator: Initializing Operator: TS[0]
2024-04-24T04:57:11,772  INFO [LocalJobRunner Map Task Executor #0] vector.VectorFilterOperator: Initializing Operator: FIL[10]
2024-04-24T04:57:11,773  INFO [LocalJobRunner Map Task Executor #0] vector.VectorSelectOperator: Initializing Operator: SEL[11]
2024-04-24T04:57:11,773  INFO [LocalJobRunner Map Task Executor #0] vector.VectorReduceSinkOperator: Initializing Operator: RS[12]
2024-04-24T04:57:11,773  INFO [LocalJobRunner Map Task Executor #0] vector.VectorReduceSinkOperator: Using tag = -1
2024-04-24T04:57:11,773  INFO [LocalJobRunner Map Task Executor #0] vector.VectorReduceSinkOperator: keys are [reducesinkkey0] num distributions: 1
2024-04-24T04:57:11,774 ERROR [LocalJobRunner Map Task Executor #0] mr.ExecMapper: org.apache.hadoop.hive.ql.metadata.HiveException: Hive Runtime Error while processing row 
	at org.apache.hadoop.hive.ql.exec.vector.VectorMapOperator.process(VectorMapOperator.java:993)
	at org.apache.hadoop.hive.ql.exec.mr.ExecMapper.map(ExecMapper.java:148)
	at org.apache.hadoop.mapred.MapRunner.run(MapRunner.java:54)
	at org.apache.hadoop.hive.ql.exec.mr.ExecMapRunner.run(ExecMapRunner.java:37)
	at org.apache.hadoop.mapred.MapTask.runOldMapper(MapTask.java:465)
	at org.apache.hadoop.mapred.MapTask.run(MapTask.java:349)
	at org.apache.hadoop.mapred.LocalJobRunner$Job$MapTaskRunnable.run(LocalJobRunner.java:271)
	at java.util.concurrent.Executors$RunnableAdapter.call(Executors.java:511)
	at java.util.concurrent.FutureTask.run(FutureTask.java:266)
	at java.util.concurrent.ThreadPoolExecutor.runWorker(ThreadPoolExecutor.java:1149)
	at java.util.concurrent.ThreadPoolExecutor$Worker.run(ThreadPoolExecutor.java:624)
	at java.lang.Thread.run(Thread.java:750)
Caused by: org.apache.hadoop.hive.ql.exec.NoMatchingMethodException: No matching method for class org.apache.hadoop.hive.ql.udf.UDFToInteger with (struct<writeid:bigint,bucketid:int,rowid:bigint>). Possible choices: _FUNC_(bigint)  _FUNC_(boolean)  _FUNC_(decimal(38,18))  _FUNC_(double)  _FUNC_(float)  _FUNC_(smallint)  _FUNC_(string)  _FUNC_(struct<bucketid:bigint,writeid:bigint,rowid:int>)  _FUNC_(timestamp)  _FUNC_(tinyint)  _FUNC_(void)  
	at org.apache.hadoop.hive.ql.exec.MethodUtils.getMethodInternal(MethodUtils.java:130)
	at org.apache.hadoop.hive.ql.exec.MethodUtils.getMethodInternal(MethodUtils.java:60)
	at org.apache.hadoop.hive.ql.exec.DefaultUDFMethodResolver.getEvalMethod(DefaultUDFMethodResolver.java:59)
	at org.apache.hadoop.hive.ql.udf.TimestampCastRestrictorResolver.getEvalMethod(TimestampCastRestrictorResolver.java:68)
	at org.apache.hadoop.hive.ql.udf.generic.GenericUDFBridge.initialize(GenericUDFBridge.java:168)
	at org.apache.hadoop.hive.ql.udf.generic.GenericUDF.initializeAndFoldConstants(GenericUDF.java:149)
	at org.apache.hadoop.hive.ql.exec.ExprNodeGenericFuncEvaluator.initialize(ExprNodeGenericFuncEvaluator.java:184)
	at org.apache.hadoop.hive.ql.exec.Operator.initEvaluators(Operator.java:1073)
	at org.apache.hadoop.hive.ql.exec.ReduceSinkOperator.process(ReduceSinkOperator.java:307)
	at org.apache.hadoop.hive.ql.exec.vector.VectorReduceSinkOperator.process(VectorReduceSinkOperator.java:110)
	at org.apache.hadoop.hive.ql.exec.Operator.vectorForward(Operator.java:919)
	at org.apache.hadoop.hive.ql.exec.vector.VectorSelectOperator.process(VectorSelectOperator.java:158)
	at org.apache.hadoop.hive.ql.exec.Operator.vectorForward(Operator.java:919)
	at org.apache.hadoop.hive.ql.exec.vector.VectorFilterOperator.process(VectorFilterOperator.java:136)
	at org.apache.hadoop.hive.ql.exec.Operator.vectorForward(Operator.java:919)
	at org.apache.hadoop.hive.ql.exec.TableScanOperator.process(TableScanOperator.java:171)
	at org.apache.hadoop.hive.ql.exec.vector.VectorMapOperator.deliverVectorizedRowBatch(VectorMapOperator.java:809)
	at org.apache.hadoop.hive.ql.exec.vector.VectorMapOperator.process(VectorMapOperator.java:878)
	... 11 more

2024-04-24T04:57:11,774  INFO [LocalJobRunner Map Task Executor #0] vector.VectorMapOperator: Closing Operator: MAP[0]
2024-04-24T04:57:11,774  INFO [LocalJobRunner Map Task Executor #0] vector.VectorMapOperator: RECORDS_OUT_INTERMEDIATE:0, RECORDS_OUT_OPERATOR_MAP_0:0, DESERIALIZE_ERRORS:0, RECORDS_IN:2, 
2024-04-24T04:57:11,774  INFO [LocalJobRunner Map Task Executor #0] exec.TableScanOperator: Closing Operator: TS[0]
2024-04-24T04:57:11,774  INFO [LocalJobRunner Map Task Executor #0] exec.TableScanOperator: RECORDS_OUT_OPERATOR_TS_0:2, RECORDS_OUT_INTERMEDIATE:0, 
2024-04-24T04:57:11,774  INFO [LocalJobRunner Map Task Executor #0] vector.VectorFilterOperator: Closing Operator: FIL[10]
2024-04-24T04:57:11,774  INFO [LocalJobRunner Map Task Executor #0] vector.VectorFilterOperator: RECORDS_OUT_OPERATOR_FIL_10:1, RECORDS_OUT_INTERMEDIATE:0, 
2024-04-24T04:57:11,775  INFO [LocalJobRunner Map Task Executor #0] vector.VectorSelectOperator: Closing Operator: SEL[11]
2024-04-24T04:57:11,775  INFO [LocalJobRunner Map Task Executor #0] vector.VectorSelectOperator: RECORDS_OUT_OPERATOR_SEL_11:1, RECORDS_OUT_INTERMEDIATE:0, 
2024-04-24T04:57:11,775  INFO [LocalJobRunner Map Task Executor #0] vector.VectorReduceSinkOperator: Closing Operator: RS[12]
2024-04-24T04:57:11,775  INFO [LocalJobRunner Map Task Executor #0] vector.VectorReduceSinkOperator: RS[12]: Total records written - 0. abort - true
2024-04-24T04:57:11,775  INFO [LocalJobRunner Map Task Executor #0] vector.VectorReduceSinkOperator: RECORDS_OUT_OPERATOR_RS_12:0, RECORDS_OUT_INTERMEDIATE:0, 
2024-04-24T04:57:11,775  INFO [Thread-4033] mapred.LocalJobRunner: map task executor complete.
2024-04-24T04:57:11,776  WARN [Thread-4033] mapred.LocalJobRunner: job_local1264581490_0054
java.lang.Exception: java.lang.RuntimeException: org.apache.hadoop.hive.ql.metadata.HiveException: Hive Runtime Error while processing row 
	at org.apache.hadoop.mapred.LocalJobRunner$Job.runTasks(LocalJobRunner.java:492) ~[hadoop-mapreduce-client-common-3.1.0.jar:?]
	at org.apache.hadoop.mapred.LocalJobRunner$Job.run(LocalJobRunner.java:552) [hadoop-mapreduce-client-common-3.1.0.jar:?]
Caused by: java.lang.RuntimeException: org.apache.hadoop.hive.ql.metadata.HiveException: Hive Runtime Error while processing row 
	at org.apache.hadoop.hive.ql.exec.mr.ExecMapper.map(ExecMapper.java:157) ~[classes/:?]
	at org.apache.hadoop.mapred.MapRunner.run(MapRunner.java:54) ~[hadoop-mapreduce-client-core-3.1.0.jar:?]
	at org.apache.hadoop.hive.ql.exec.mr.ExecMapRunner.run(ExecMapRunner.java:37) ~[classes/:?]
	at org.apache.hadoop.mapred.MapTask.runOldMapper(MapTask.java:465) ~[hadoop-mapreduce-client-core-3.1.0.jar:?]
	at org.apache.hadoop.mapred.MapTask.run(MapTask.java:349) ~[hadoop-mapreduce-client-core-3.1.0.jar:?]
	at org.apache.hadoop.mapred.LocalJobRunner$Job$MapTaskRunnable.run(LocalJobRunner.java:271) ~[hadoop-mapreduce-client-common-3.1.0.jar:?]
	at java.util.concurrent.Executors$RunnableAdapter.call(Executors.java:511) ~[?:1.8.0_402]
	at java.util.concurrent.FutureTask.run(FutureTask.java:266) ~[?:1.8.0_402]
	at java.util.concurrent.ThreadPoolExecutor.runWorker(ThreadPoolExecutor.java:1149) ~[?:1.8.0_402]
	at java.util.concurrent.ThreadPoolExecutor$Worker.run(ThreadPoolExecutor.java:624) ~[?:1.8.0_402]
	at java.lang.Thread.run(Thread.java:750) ~[?:1.8.0_402]
Caused by: org.apache.hadoop.hive.ql.metadata.HiveException: Hive Runtime Error while processing row 
	at org.apache.hadoop.hive.ql.exec.vector.VectorMapOperator.process(VectorMapOperator.java:993) ~[classes/:?]
	at org.apache.hadoop.hive.ql.exec.mr.ExecMapper.map(ExecMapper.java:148) ~[classes/:?]
	at org.apache.hadoop.mapred.MapRunner.run(MapRunner.java:54) ~[hadoop-mapreduce-client-core-3.1.0.jar:?]
	at org.apache.hadoop.hive.ql.exec.mr.ExecMapRunner.run(ExecMapRunner.java:37) ~[classes/:?]
	at org.apache.hadoop.mapred.MapTask.runOldMapper(MapTask.java:465) ~[hadoop-mapreduce-client-core-3.1.0.jar:?]
	at org.apache.hadoop.mapred.MapTask.run(MapTask.java:349) ~[hadoop-mapreduce-client-core-3.1.0.jar:?]
	at org.apache.hadoop.mapred.LocalJobRunner$Job$MapTaskRunnable.run(LocalJobRunner.java:271) ~[hadoop-mapreduce-client-common-3.1.0.jar:?]
	at java.util.concurrent.Executors$RunnableAdapter.call(Executors.java:511) ~[?:1.8.0_402]
	at java.util.concurrent.FutureTask.run(FutureTask.java:266) ~[?:1.8.0_402]
	at java.util.concurrent.ThreadPoolExecutor.runWorker(ThreadPoolExecutor.java:1149) ~[?:1.8.0_402]
	at java.util.concurrent.ThreadPoolExecutor$Worker.run(ThreadPoolExecutor.java:624) ~[?:1.8.0_402]
	at java.lang.Thread.run(Thread.java:750) ~[?:1.8.0_402]
Caused by: org.apache.hadoop.hive.ql.exec.NoMatchingMethodException: No matching method for class org.apache.hadoop.hive.ql.udf.UDFToInteger with (struct<writeid:bigint,bucketid:int,rowid:bigint>). Possible choices: _FUNC_(bigint)  _FUNC_(boolean)  _FUNC_(decimal(38,18))  _FUNC_(double)  _FUNC_(float)  _FUNC_(smallint)  _FUNC_(string)  _FUNC_(struct<bucketid:bigint,writeid:bigint,rowid:int>)  _FUNC_(timestamp)  _FUNC_(tinyint)  _FUNC_(void)  
	at org.apache.hadoop.hive.ql.exec.MethodUtils.getMethodInternal(MethodUtils.java:130) ~[classes/:?]
	at org.apache.hadoop.hive.ql.exec.MethodUtils.getMethodInternal(MethodUtils.java:60) ~[classes/:?]
	at org.apache.hadoop.hive.ql.exec.DefaultUDFMethodResolver.getEvalMethod(DefaultUDFMethodResolver.java:59) ~[classes/:?]
	at org.apache.hadoop.hive.ql.udf.TimestampCastRestrictorResolver.getEvalMethod(TimestampCastRestrictorResolver.java:68) ~[classes/:?]
	at org.apache.hadoop.hive.ql.udf.generic.GenericUDFBridge.initialize(GenericUDFBridge.java:168) ~[classes/:?]
	at org.apache.hadoop.hive.ql.udf.generic.GenericUDF.initializeAndFoldConstants(GenericUDF.java:149) ~[classes/:?]
	at org.apache.hadoop.hive.ql.exec.ExprNodeGenericFuncEvaluator.initialize(ExprNodeGenericFuncEvaluator.java:184) ~[classes/:?]
	at org.apache.hadoop.hive.ql.exec.Operator.initEvaluators(Operator.java:1073) ~[classes/:?]
	at org.apache.hadoop.hive.ql.exec.ReduceSinkOperator.process(ReduceSinkOperator.java:307) ~[classes/:?]
	at org.apache.hadoop.hive.ql.exec.vector.VectorReduceSinkOperator.process(VectorReduceSinkOperator.java:110) ~[classes/:?]
	at org.apache.hadoop.hive.ql.exec.Operator.vectorForward(Operator.java:919) ~[classes/:?]
	at org.apache.hadoop.hive.ql.exec.vector.VectorSelectOperator.process(VectorSelectOperator.java:158) ~[classes/:?]
	at org.apache.hadoop.hive.ql.exec.Operator.vectorForward(Operator.java:919) ~[classes/:?]
	at org.apache.hadoop.hive.ql.exec.vector.VectorFilterOperator.process(VectorFilterOperator.java:136) ~[classes/:?]
	at org.apache.hadoop.hive.ql.exec.Operator.vectorForward(Operator.java:919) ~[classes/:?]
	at org.apache.hadoop.hive.ql.exec.TableScanOperator.process(TableScanOperator.java:171) ~[classes/:?]
	at org.apache.hadoop.hive.ql.exec.vector.VectorMapOperator.deliverVectorizedRowBatch(VectorMapOperator.java:809) ~[classes/:?]
	at org.apache.hadoop.hive.ql.exec.vector.VectorMapOperator.process(VectorMapOperator.java:878) ~[classes/:?]
	at org.apache.hadoop.hive.ql.exec.mr.ExecMapper.map(ExecMapper.java:148) ~[classes/:?]
	at org.apache.hadoop.mapred.MapRunner.run(MapRunner.java:54) ~[hadoop-mapreduce-client-core-3.1.0.jar:?]
	at org.apache.hadoop.hive.ql.exec.mr.ExecMapRunner.run(ExecMapRunner.java:37) ~[classes/:?]
	at org.apache.hadoop.mapred.MapTask.runOldMapper(MapTask.java:465) ~[hadoop-mapreduce-client-core-3.1.0.jar:?]
	at org.apache.hadoop.mapred.MapTask.run(MapTask.java:349) ~[hadoop-mapreduce-client-core-3.1.0.jar:?]
	at org.apache.hadoop.mapred.LocalJobRunner$Job$MapTaskRunnable.run(LocalJobRunner.java:271) ~[hadoop-mapreduce-client-common-3.1.0.jar:?]
	at java.util.concurrent.Executors$RunnableAdapter.call(Executors.java:511) ~[?:1.8.0_402]
	at java.util.concurrent.FutureTask.run(FutureTask.java:266) ~[?:1.8.0_402]
	at java.util.concurrent.ThreadPoolExecutor.runWorker(ThreadPoolExecutor.java:1149) ~[?:1.8.0_402]
	at java.util.concurrent.ThreadPoolExecutor$Worker.run(ThreadPoolExecutor.java:624) ~[?:1.8.0_402]
	at java.lang.Thread.run(Thread.java:750) ~[?:1.8.0_402]
2024-04-24T04:57:12,762  WARN [main] mapreduce.Counters: Group org.apache.hadoop.mapred.Task$Counter is deprecated. Use org.apache.hadoop.mapreduce.TaskCounter instead
2024-04-24 04:57:12,762 Stage-1 map = 0%,  reduce = 0%
2024-04-24T04:57:12,762  INFO [main] exec.Task: 2024-04-24 04:57:12,762 Stage-1 map = 0%,  reduce = 0%
2024-04-24T04:57:12,762  WARN [main] mapreduce.Counters: Group org.apache.hadoop.mapred.Task$Counter is deprecated. Use org.apache.hadoop.mapreduce.TaskCounter instead
Ended Job = job_local1264581490_0054 with errors
2024-04-24T04:57:12,762 ERROR [main] exec.Task: Ended Job = job_local1264581490_0054 with errors
Error during job, obtaining debugging information...
2024-04-24T04:57:12,762 ERROR [Thread-4038] exec.Task: Error during job, obtaining debugging information...
2024-04-24T04:57:12,764  INFO [main] FileOperations: Deleting file:/home/alex/Repositories/hive/ql/target/tmp/org.apache.hadoop.hive.ql.TestTxnExIm-1713959704617/warehouse/t/_tmp.delta_0000002_0000002_0000 on failure
FAILED: Execution Error, return code 2 from org.apache.hadoop.hive.ql.exec.mr.MapRedTask
2024-04-24T04:57:12,764 ERROR [main] ql.Driver: FAILED: Execution Error, return code 2 from org.apache.hadoop.hive.ql.exec.mr.MapRedTask
2024-04-24T04:57:12,764  INFO [main] metadata.Hive: Dumping metastore api call timing information for : execution phase
2024-04-24T04:57:12,764  INFO [main] metadata.Hive: Total time spent in each metastore function (ms): {}
MapReduce Jobs Launched: 
2024-04-24T04:57:12,764  INFO [main] ql.Driver: MapReduce Jobs Launched: 
2024-04-24T04:57:12,764  WARN [main] mapreduce.Counters: Group FileSystemCounters is deprecated. Use org.apache.hadoop.mapreduce.FileSystemCounter instead
Stage-Stage-1:  HDFS Read: 0 HDFS Write: 0 FAIL
2024-04-24T04:57:12,764  INFO [main] ql.Driver: Stage-Stage-1:  HDFS Read: 0 HDFS Write: 0 FAIL
Total MapReduce CPU Time Spent: 0 msec
2024-04-24T04:57:12,764  INFO [main] ql.Driver: Total MapReduce CPU Time Spent: 0 msec
2024-04-24T04:57:12,764  INFO [main] ql.Driver: Completed executing command(queryId=alex_20240424045711_4cf77b84-e5e9-4cd1-b1ff-5ac367f73421); Time taken: 1.272 seconds
2024-04-24T04:57:12,764  INFO [main] lockmgr.DbTxnManager: Stopped heartbeat for query: alex_20240424045711_4cf77b84-e5e9-4cd1-b1ff-5ac367f73421
2024-04-24T04:57:12,767  INFO [main] txn.TxnHandler: Removed transactions: ([18]) from MIN_HISTORY_LEVEL
2024-04-24T04:57:12,774  INFO [main] ql.TxnCommandsBaseForTests: Running the query: drop table if exists acidTbl
2024-04-24T04:57:12,774  INFO [main] ql.Context: Deleting scratch dir: file:/home/alex/Repositories/hive/ql/target/tmp/localscratchdir/4eb241f2-a226-41ac-b5bc-70ff5b441787/hive_2024-04-24_04-57-11_238_8234346137714921300-1
2024-04-24T04:57:12,774  INFO [main] cleanup.SyncCleanupService: Deleted directory: file:/home/alex/Repositories/hive/ql/target/tmp/localscratchdir/4eb241f2-a226-41ac-b5bc-70ff5b441787/hive_2024-04-24_04-57-11_238_8234346137714921300-1 on fs with scheme file
2024-04-24T04:57:12,774  INFO [main] ql.Context: Deleting scratch dir: file:/home/alex/Repositories/hive/ql/target/tmp/localscratchdir/4eb241f2-a226-41ac-b5bc-70ff5b441787/hive_2024-04-24_04-57-11_227_6284617601761654912-1
2024-04-24T04:57:12,774  INFO [main] cleanup.SyncCleanupService: Deleted directory: file:/home/alex/Repositories/hive/ql/target/tmp/localscratchdir/4eb241f2-a226-41ac-b5bc-70ff5b441787/hive_2024-04-24_04-57-11_227_6284617601761654912-1 on fs with scheme file
2024-04-24T04:57:12,775  INFO [main] ql.Driver: Compiling command(queryId=alex_20240424045712_6b57a0f0-f2db-4230-88af-1956aaebee9c): drop table if exists acidTbl
2024-04-24T04:57:12,777  INFO [main] txn.TxnHandler: Added entries to MIN_HISTORY_LEVEL for current txns: ([19]) with min_open_txn: 19
2024-04-24T04:57:12,777  INFO [main] lockmgr.DbTxnManager: Opened txnid:19
2024-04-24T04:57:12,777  INFO [main] HiveMetaStore.audit: ugi=alex	ip=unknown-ip-addr	cmd=get_table : tbl=hive.default.acidTbl	
2024-04-24T04:57:12,783  INFO [main] metastore.HMSHandler: Skipping translation for processor with null
2024-04-24T04:57:12,783  INFO [main] ql.Driver: Semantic Analysis Completed (retrial = false)
2024-04-24T04:57:12,783  INFO [main] ql.Driver: Created Hive schema: Schema(fieldSchemas:null, properties:null)
2024-04-24T04:57:12,783  INFO [main] metadata.Hive: Dumping metastore api call timing information for : compilation phase
2024-04-24T04:57:12,783  INFO [main] metadata.Hive: Total time spent in each metastore function (ms): {isCompatibleWith_(Configuration)=0, rollbackTxn_(long)=9, getTable_(GetTableRequest)=6, openTxn_(String, TxnType)=2, getValidTxns_(long)=0, flushCache_()=0}
2024-04-24T04:57:12,784  INFO [main] ql.Driver: Completed compiling command(queryId=alex_20240424045712_6b57a0f0-f2db-4230-88af-1956aaebee9c); Time taken: 0.009 seconds
2024-04-24T04:57:12,784  INFO [main] lockmgr.DbTxnManager: Setting lock request transaction to txnid:19 for queryId=alex_20240424045712_6b57a0f0-f2db-4230-88af-1956aaebee9c
2024-04-24T04:57:12,784  INFO [main] lockmgr.DbLockManager: Requesting lock for queryId=alex_20240424045712_6b57a0f0-f2db-4230-88af-1956aaebee9c
2024-04-24T04:57:12,798  INFO [main] lockmgr.DbLockManager: Response to queryId=alex_20240424045712_6b57a0f0-f2db-4230-88af-1956aaebee9c LockResponse(lockid:13, state:ACQUIRED)
2024-04-24T04:57:12,798  INFO [main] ql.Driver: Operation DROPTABLE obtained 1 locks
2024-04-24T04:57:12,798  INFO [main] ql.Driver: Executing command(queryId=alex_20240424045712_6b57a0f0-f2db-4230-88af-1956aaebee9c): drop table if exists acidTbl
2024-04-24T04:57:12,798  INFO [main] ql.Driver: Starting task [Stage-0:DDL] in serial mode
2024-04-24T04:57:12,799  INFO [main] HiveMetaStore.audit: ugi=alex	ip=unknown-ip-addr	cmd=get_table : tbl=hive.default.acidTbl	
2024-04-24T04:57:12,804  INFO [main] metastore.HMSHandler: Skipping translation for processor with null
2024-04-24T04:57:12,804  INFO [main] HiveMetaStore.audit: ugi=alex	ip=unknown-ip-addr	cmd=get_table : tbl=hive.default.acidTbl	
2024-04-24T04:57:12,810  INFO [main] metastore.HMSHandler: Skipping translation for processor with null
2024-04-24T04:57:12,810  INFO [main] HiveMetaStore.audit: ugi=alex	ip=unknown-ip-addr	cmd=drop_table : tbl=hive.default.acidTbl	
2024-04-24T04:57:12,911  INFO [main] metadata.Hive: Dumping metastore api call timing information for : execution phase
2024-04-24T04:57:12,911  INFO [main] metadata.Hive: Total time spent in each metastore function (ms): {dropTable_(String, String, boolean, boolean, boolean)=107, getTable_(GetTableRequest)=5, isCompatibleWith_(Configuration)=1}
2024-04-24T04:57:12,911  INFO [main] ql.Driver: Completed executing command(queryId=alex_20240424045712_6b57a0f0-f2db-4230-88af-1956aaebee9c); Time taken: 0.113 seconds
2024-04-24T04:57:12,911  INFO [main] lockmgr.DbTxnManager: Stopped heartbeat for query: alex_20240424045712_6b57a0f0-f2db-4230-88af-1956aaebee9c
2024-04-24T04:57:12,915  INFO [main] txn.TxnHandler: Expected to move at least one record from txn_components to completed_txn_components when committing txn! txnid:19
2024-04-24T04:57:12,921  INFO [main] txn.TxnHandler: Removed transactions: ([19]) from MIN_HISTORY_LEVEL
2024-04-24T04:57:12,923  WARN [main] txn.CompactionTxnHandler: No compaction queue record found for Compaction type transaction commit. txnId:19
2024-04-24T04:57:12,923  INFO [main] ql.TxnCommandsBaseForTests: Running the query: drop table if exists acidTblPart
2024-04-24T04:57:12,923  INFO [main] ql.Driver: Compiling command(queryId=alex_20240424045712_54584061-5009-43ec-9849-b9b48194bb1e): drop table if exists acidTblPart
2024-04-24T04:57:12,925  INFO [main] txn.TxnHandler: Added entries to MIN_HISTORY_LEVEL for current txns: ([20]) with min_open_txn: 19
2024-04-24T04:57:12,926  INFO [main] lockmgr.DbTxnManager: Opened txnid:20
2024-04-24T04:57:12,926  INFO [main] HiveMetaStore.audit: ugi=alex	ip=unknown-ip-addr	cmd=get_table : tbl=hive.default.acidTblPart	
2024-04-24T04:57:12,941  INFO [main] metastore.HMSHandler: Skipping translation for processor with null
2024-04-24T04:57:12,941  INFO [main] ql.Driver: Semantic Analysis Completed (retrial = false)
2024-04-24T04:57:12,941  INFO [main] ql.Driver: Created Hive schema: Schema(fieldSchemas:null, properties:null)
2024-04-24T04:57:12,941  INFO [main] metadata.Hive: Dumping metastore api call timing information for : compilation phase
2024-04-24T04:57:12,941  INFO [main] metadata.Hive: Total time spent in each metastore function (ms): {isCompatibleWith_(Configuration)=1, getValidTxns_(long)=0, openTxn_(String, TxnType)=2, commitTxn_(CommitTxnRequest)=12, getTable_(GetTableRequest)=15, flushCache_()=0}
2024-04-24T04:57:12,941  INFO [main] ql.Driver: Completed compiling command(queryId=alex_20240424045712_54584061-5009-43ec-9849-b9b48194bb1e); Time taken: 0.018 seconds
2024-04-24T04:57:12,942  INFO [main] lockmgr.DbTxnManager: Setting lock request transaction to txnid:20 for queryId=alex_20240424045712_54584061-5009-43ec-9849-b9b48194bb1e
2024-04-24T04:57:12,942  INFO [main] lockmgr.DbLockManager: Requesting lock for queryId=alex_20240424045712_54584061-5009-43ec-9849-b9b48194bb1e
2024-04-24T04:57:12,956  INFO [main] lockmgr.DbLockManager: Response to queryId=alex_20240424045712_54584061-5009-43ec-9849-b9b48194bb1e LockResponse(lockid:14, state:ACQUIRED)
2024-04-24T04:57:12,956  INFO [main] ql.Driver: Operation DROPTABLE obtained 1 locks
2024-04-24T04:57:12,956  INFO [main] ql.Driver: Executing command(queryId=alex_20240424045712_54584061-5009-43ec-9849-b9b48194bb1e): drop table if exists acidTblPart
2024-04-24T04:57:12,956  INFO [main] ql.Driver: Starting task [Stage-0:DDL] in serial mode
2024-04-24T04:57:12,956  INFO [main] HiveMetaStore.audit: ugi=alex	ip=unknown-ip-addr	cmd=get_table : tbl=hive.default.acidTblPart	
2024-04-24T04:57:12,962  INFO [main] metastore.HMSHandler: Skipping translation for processor with null
2024-04-24T04:57:12,962  INFO [main] HiveMetaStore.audit: ugi=alex	ip=unknown-ip-addr	cmd=get_table : tbl=hive.default.acidTblPart	
2024-04-24T04:57:12,968  INFO [main] metastore.HMSHandler: Skipping translation for processor with null
2024-04-24T04:57:12,968  INFO [main] HiveMetaStore.audit: ugi=alex	ip=unknown-ip-addr	cmd=drop_table : tbl=hive.default.acidTblPart	
2024-04-24T04:57:13,002  INFO [main] metadata.Hive: Dumping metastore api call timing information for : execution phase
2024-04-24T04:57:13,002  INFO [main] metadata.Hive: Total time spent in each metastore function (ms): {isCompatibleWith_(Configuration)=0, getTable_(GetTableRequest)=6, dropTable_(String, String, boolean, boolean, boolean)=40}
2024-04-24T04:57:13,003  INFO [main] ql.Driver: Completed executing command(queryId=alex_20240424045712_54584061-5009-43ec-9849-b9b48194bb1e); Time taken: 0.046 seconds
2024-04-24T04:57:13,003  INFO [main] lockmgr.DbTxnManager: Stopped heartbeat for query: alex_20240424045712_54584061-5009-43ec-9849-b9b48194bb1e
2024-04-24T04:57:13,006  INFO [main] txn.TxnHandler: Expected to move at least one record from txn_components to completed_txn_components when committing txn! txnid:20
2024-04-24T04:57:13,013  INFO [main] txn.TxnHandler: Removed transactions: ([20]) from MIN_HISTORY_LEVEL
2024-04-24T04:57:13,013  WARN [main] txn.CompactionTxnHandler: No compaction queue record found for Compaction type transaction commit. txnId:20
2024-04-24T04:57:13,013  INFO [main] ql.TxnCommandsBaseForTests: Running the query: drop table if exists acidTbl2
2024-04-24T04:57:13,013  INFO [main] ql.Driver: Compiling command(queryId=alex_20240424045713_5dab936e-d0d7-493d-909c-bcf6b71637f2): drop table if exists acidTbl2
2024-04-24T04:57:13,016  INFO [main] txn.TxnHandler: Added entries to MIN_HISTORY_LEVEL for current txns: ([21]) with min_open_txn: 19
2024-04-24T04:57:13,016  INFO [main] lockmgr.DbTxnManager: Opened txnid:21
2024-04-24T04:57:13,017  INFO [main] ql.Driver: Semantic Analysis Completed (retrial = false)
2024-04-24T04:57:13,017  INFO [main] ql.Driver: Created Hive schema: Schema(fieldSchemas:null, properties:null)
2024-04-24T04:57:13,017  INFO [main] metadata.Hive: Dumping metastore api call timing information for : compilation phase
2024-04-24T04:57:13,017  INFO [main] metadata.Hive: Total time spent in each metastore function (ms): {flushCache_()=0, getValidTxns_(long)=0, getTable_(GetTableRequest)=1, commitTxn_(CommitTxnRequest)=10, openTxn_(String, TxnType)=2, isCompatibleWith_(Configuration)=0}
2024-04-24T04:57:13,017  INFO [main] ql.Driver: Completed compiling command(queryId=alex_20240424045713_5dab936e-d0d7-493d-909c-bcf6b71637f2); Time taken: 0.004 seconds
2024-04-24T04:57:13,017  INFO [main] lockmgr.DbTxnManager: Setting lock request transaction to txnid:21 for queryId=alex_20240424045713_5dab936e-d0d7-493d-909c-bcf6b71637f2
2024-04-24T04:57:13,017  INFO [main] ql.Driver: Operation DROPTABLE obtained 0 locks
2024-04-24T04:57:13,017  INFO [main] ql.Driver: Executing command(queryId=alex_20240424045713_5dab936e-d0d7-493d-909c-bcf6b71637f2): drop table if exists acidTbl2
2024-04-24T04:57:13,017  INFO [main] ql.Driver: Starting task [Stage-0:DDL] in serial mode
2024-04-24T04:57:13,018  INFO [main] metadata.SessionHiveMetaStoreClient: Column stats doesn't exist for db=default temp table=acidTbl2
2024-04-24T04:57:13,018  INFO [main] metadata.Hive: Dumping metastore api call timing information for : execution phase
2024-04-24T04:57:13,018  INFO [main] metadata.Hive: Total time spent in each metastore function (ms): {getTable_(GetTableRequest)=0, dropTable_(String, String, boolean, boolean, boolean)=0, isCompatibleWith_(Configuration)=1}
2024-04-24T04:57:13,018  INFO [main] ql.Driver: Completed executing command(queryId=alex_20240424045713_5dab936e-d0d7-493d-909c-bcf6b71637f2); Time taken: 0.001 seconds
2024-04-24T04:57:13,019  INFO [main] lockmgr.DbTxnManager: Stopped heartbeat for query: alex_20240424045713_5dab936e-d0d7-493d-909c-bcf6b71637f2
2024-04-24T04:57:13,024  INFO [main] txn.TxnHandler: Expected to move at least one record from txn_components to completed_txn_components when committing txn! txnid:21
2024-04-24T04:57:13,030  INFO [main] txn.TxnHandler: Removed transactions: ([21]) from MIN_HISTORY_LEVEL
2024-04-24T04:57:13,030  WARN [main] txn.CompactionTxnHandler: No compaction queue record found for Compaction type transaction commit. txnId:21
2024-04-24T04:57:13,030  INFO [main] ql.TxnCommandsBaseForTests: Running the query: drop table if exists nonAcidOrcTbl
2024-04-24T04:57:13,031  INFO [main] ql.Driver: Compiling command(queryId=alex_20240424045713_0215bb64-bd16-4135-b7d6-5d6e11d8464a): drop table if exists nonAcidOrcTbl
2024-04-24T04:57:13,033  INFO [main] txn.TxnHandler: Added entries to MIN_HISTORY_LEVEL for current txns: ([22]) with min_open_txn: 19
2024-04-24T04:57:13,033  INFO [main] lockmgr.DbTxnManager: Opened txnid:22
2024-04-24T04:57:13,033  INFO [main] HiveMetaStore.audit: ugi=alex	ip=unknown-ip-addr	cmd=get_table : tbl=hive.default.nonAcidOrcTbl	
2024-04-24T04:57:13,053  INFO [main] metastore.HMSHandler: Skipping translation for processor with null
2024-04-24T04:57:13,053  INFO [main] ql.Driver: Semantic Analysis Completed (retrial = false)
2024-04-24T04:57:13,053  INFO [main] ql.Driver: Created Hive schema: Schema(fieldSchemas:null, properties:null)
2024-04-24T04:57:13,053  INFO [main] metadata.Hive: Dumping metastore api call timing information for : compilation phase
2024-04-24T04:57:13,053  INFO [main] metadata.Hive: Total time spent in each metastore function (ms): {isCompatibleWith_(Configuration)=0, getValidTxns_(long)=0, commitTxn_(CommitTxnRequest)=11, openTxn_(String, TxnType)=2, getTable_(GetTableRequest)=20, flushCache_()=0}
2024-04-24T04:57:13,053  INFO [main] ql.Driver: Completed compiling command(queryId=alex_20240424045713_0215bb64-bd16-4135-b7d6-5d6e11d8464a); Time taken: 0.022 seconds
2024-04-24T04:57:13,054  INFO [main] lockmgr.DbTxnManager: Setting lock request transaction to txnid:22 for queryId=alex_20240424045713_0215bb64-bd16-4135-b7d6-5d6e11d8464a
2024-04-24T04:57:13,054  INFO [main] lockmgr.DbLockManager: Requesting lock for queryId=alex_20240424045713_0215bb64-bd16-4135-b7d6-5d6e11d8464a
2024-04-24T04:57:13,071  INFO [main] lockmgr.DbLockManager: Response to queryId=alex_20240424045713_0215bb64-bd16-4135-b7d6-5d6e11d8464a LockResponse(lockid:15, state:ACQUIRED)
2024-04-24T04:57:13,071  INFO [main] ql.Driver: Operation DROPTABLE obtained 1 locks
2024-04-24T04:57:13,071  INFO [main] ql.Driver: Executing command(queryId=alex_20240424045713_0215bb64-bd16-4135-b7d6-5d6e11d8464a): drop table if exists nonAcidOrcTbl
2024-04-24T04:57:13,071  INFO [main] ql.Driver: Starting task [Stage-0:DDL] in serial mode
2024-04-24T04:57:13,072  INFO [main] HiveMetaStore.audit: ugi=alex	ip=unknown-ip-addr	cmd=get_table : tbl=hive.default.nonAcidOrcTbl	
2024-04-24T04:57:13,079  INFO [main] metastore.HMSHandler: Skipping translation for processor with null
2024-04-24T04:57:13,079  INFO [main] HiveMetaStore.audit: ugi=alex	ip=unknown-ip-addr	cmd=get_table : tbl=hive.default.nonAcidOrcTbl	
2024-04-24T04:57:13,086  INFO [main] metastore.HMSHandler: Skipping translation for processor with null
2024-04-24T04:57:13,086  INFO [main] HiveMetaStore.audit: ugi=alex	ip=unknown-ip-addr	cmd=drop_table : tbl=hive.default.nonAcidOrcTbl	
2024-04-24T04:57:13,150  INFO [main] metadata.Hive: Dumping metastore api call timing information for : execution phase
2024-04-24T04:57:13,150  INFO [main] metadata.Hive: Total time spent in each metastore function (ms): {dropTable_(String, String, boolean, boolean, boolean)=71, getTable_(GetTableRequest)=7, isCompatibleWith_(Configuration)=1}
2024-04-24T04:57:13,150  INFO [main] ql.Driver: Completed executing command(queryId=alex_20240424045713_0215bb64-bd16-4135-b7d6-5d6e11d8464a); Time taken: 0.079 seconds
2024-04-24T04:57:13,150  INFO [main] lockmgr.DbTxnManager: Stopped heartbeat for query: alex_20240424045713_0215bb64-bd16-4135-b7d6-5d6e11d8464a
2024-04-24T04:57:13,154  INFO [main] txn.TxnHandler: Expected to move at least one record from txn_components to completed_txn_components when committing txn! txnid:22
2024-04-24T04:57:13,161  INFO [main] txn.TxnHandler: Removed transactions: ([22]) from MIN_HISTORY_LEVEL
2024-04-24T04:57:13,161  WARN [main] txn.CompactionTxnHandler: No compaction queue record found for Compaction type transaction commit. txnId:22
2024-04-24T04:57:13,161  INFO [main] ql.TxnCommandsBaseForTests: Running the query: drop table if exists nonAcidOrcTbl2
2024-04-24T04:57:13,162  INFO [main] ql.Driver: Compiling command(queryId=alex_20240424045713_ebe76941-cf75-45aa-99aa-5ef3c677204e): drop table if exists nonAcidOrcTbl2
2024-04-24T04:57:13,164  INFO [main] txn.TxnHandler: Added entries to MIN_HISTORY_LEVEL for current txns: ([23]) with min_open_txn: 19
2024-04-24T04:57:13,164  INFO [main] lockmgr.DbTxnManager: Opened txnid:23
2024-04-24T04:57:13,164  INFO [main] HiveMetaStore.audit: ugi=alex	ip=unknown-ip-addr	cmd=get_table : tbl=hive.default.nonAcidOrcTbl2	
2024-04-24T04:57:13,172  INFO [main] metastore.HMSHandler: Skipping translation for processor with null
2024-04-24T04:57:13,172  INFO [main] ql.Driver: Semantic Analysis Completed (retrial = false)
2024-04-24T04:57:13,172  INFO [main] ql.Driver: Created Hive schema: Schema(fieldSchemas:null, properties:null)
2024-04-24T04:57:13,172  INFO [main] metadata.Hive: Dumping metastore api call timing information for : compilation phase
2024-04-24T04:57:13,172  INFO [main] metadata.Hive: Total time spent in each metastore function (ms): {flushCache_()=0, openTxn_(String, TxnType)=2, getValidTxns_(long)=0, isCompatibleWith_(Configuration)=0, commitTxn_(CommitTxnRequest)=11, getTable_(GetTableRequest)=8}
2024-04-24T04:57:13,172  INFO [main] ql.Driver: Completed compiling command(queryId=alex_20240424045713_ebe76941-cf75-45aa-99aa-5ef3c677204e); Time taken: 0.01 seconds
2024-04-24T04:57:13,172  INFO [main] lockmgr.DbTxnManager: Setting lock request transaction to txnid:23 for queryId=alex_20240424045713_ebe76941-cf75-45aa-99aa-5ef3c677204e
2024-04-24T04:57:13,173  INFO [main] lockmgr.DbLockManager: Requesting lock for queryId=alex_20240424045713_ebe76941-cf75-45aa-99aa-5ef3c677204e
2024-04-24T04:57:13,187  INFO [main] lockmgr.DbLockManager: Response to queryId=alex_20240424045713_ebe76941-cf75-45aa-99aa-5ef3c677204e LockResponse(lockid:16, state:ACQUIRED)
2024-04-24T04:57:13,187  INFO [main] ql.Driver: Operation DROPTABLE obtained 1 locks
2024-04-24T04:57:13,187  INFO [main] ql.Driver: Executing command(queryId=alex_20240424045713_ebe76941-cf75-45aa-99aa-5ef3c677204e): drop table if exists nonAcidOrcTbl2
2024-04-24T04:57:13,187  INFO [main] ql.Driver: Starting task [Stage-0:DDL] in serial mode
2024-04-24T04:57:13,187  INFO [main] HiveMetaStore.audit: ugi=alex	ip=unknown-ip-addr	cmd=get_table : tbl=hive.default.nonAcidOrcTbl2	
2024-04-24T04:57:13,195  INFO [main] metastore.HMSHandler: Skipping translation for processor with null
2024-04-24T04:57:13,195  INFO [main] HiveMetaStore.audit: ugi=alex	ip=unknown-ip-addr	cmd=get_table : tbl=hive.default.nonAcidOrcTbl2	
2024-04-24T04:57:13,202  INFO [main] metastore.HMSHandler: Skipping translation for processor with null
2024-04-24T04:57:13,202  INFO [main] HiveMetaStore.audit: ugi=alex	ip=unknown-ip-addr	cmd=drop_table : tbl=hive.default.nonAcidOrcTbl2	
2024-04-24T04:57:13,228  INFO [main] metadata.Hive: Dumping metastore api call timing information for : execution phase
2024-04-24T04:57:13,228  INFO [main] metadata.Hive: Total time spent in each metastore function (ms): {getTable_(GetTableRequest)=8, isCompatibleWith_(Configuration)=0, dropTable_(String, String, boolean, boolean, boolean)=33}
2024-04-24T04:57:13,228  INFO [main] ql.Driver: Completed executing command(queryId=alex_20240424045713_ebe76941-cf75-45aa-99aa-5ef3c677204e); Time taken: 0.041 seconds
2024-04-24T04:57:13,228  INFO [main] lockmgr.DbTxnManager: Stopped heartbeat for query: alex_20240424045713_ebe76941-cf75-45aa-99aa-5ef3c677204e
2024-04-24T04:57:13,232  INFO [main] txn.TxnHandler: Expected to move at least one record from txn_components to completed_txn_components when committing txn! txnid:23
2024-04-24T04:57:13,238  INFO [main] txn.TxnHandler: Removed transactions: ([23]) from MIN_HISTORY_LEVEL
2024-04-24T04:57:13,239  WARN [main] txn.CompactionTxnHandler: No compaction queue record found for Compaction type transaction commit. txnId:23
2024-04-24T04:57:13,239  INFO [main] ql.TxnCommandsBaseForTests: Running the query: drop table if exists nonAcidNonBucket
2024-04-24T04:57:13,239  INFO [main] ql.Driver: Compiling command(queryId=alex_20240424045713_5ccae0f4-0a50-40fd-8ae9-b1e73391c77f): drop table if exists nonAcidNonBucket
2024-04-24T04:57:13,241  INFO [main] txn.TxnHandler: Added entries to MIN_HISTORY_LEVEL for current txns: ([24]) with min_open_txn: 19
2024-04-24T04:57:13,242  INFO [main] lockmgr.DbTxnManager: Opened txnid:24
2024-04-24T04:57:13,242  INFO [main] HiveMetaStore.audit: ugi=alex	ip=unknown-ip-addr	cmd=get_table : tbl=hive.default.nonAcidNonBucket	
2024-04-24T04:57:13,249  INFO [main] metastore.HMSHandler: Skipping translation for processor with null
2024-04-24T04:57:13,249  INFO [main] ql.Driver: Semantic Analysis Completed (retrial = false)
2024-04-24T04:57:13,249  INFO [main] ql.Driver: Created Hive schema: Schema(fieldSchemas:null, properties:null)
2024-04-24T04:57:13,249  INFO [main] metadata.Hive: Dumping metastore api call timing information for : compilation phase
2024-04-24T04:57:13,250  INFO [main] metadata.Hive: Total time spent in each metastore function (ms): {getTable_(GetTableRequest)=7, commitTxn_(CommitTxnRequest)=11, isCompatibleWith_(Configuration)=1, flushCache_()=0, getValidTxns_(long)=0, openTxn_(String, TxnType)=2}
2024-04-24T04:57:13,250  INFO [main] ql.Driver: Completed compiling command(queryId=alex_20240424045713_5ccae0f4-0a50-40fd-8ae9-b1e73391c77f); Time taken: 0.01 seconds
2024-04-24T04:57:13,250  INFO [main] lockmgr.DbTxnManager: Setting lock request transaction to txnid:24 for queryId=alex_20240424045713_5ccae0f4-0a50-40fd-8ae9-b1e73391c77f
2024-04-24T04:57:13,250  INFO [main] lockmgr.DbLockManager: Requesting lock for queryId=alex_20240424045713_5ccae0f4-0a50-40fd-8ae9-b1e73391c77f
2024-04-24T04:57:13,265  INFO [main] lockmgr.DbLockManager: Response to queryId=alex_20240424045713_5ccae0f4-0a50-40fd-8ae9-b1e73391c77f LockResponse(lockid:17, state:ACQUIRED)
2024-04-24T04:57:13,265  INFO [main] ql.Driver: Operation DROPTABLE obtained 1 locks
2024-04-24T04:57:13,265  INFO [main] ql.Driver: Executing command(queryId=alex_20240424045713_5ccae0f4-0a50-40fd-8ae9-b1e73391c77f): drop table if exists nonAcidNonBucket
2024-04-24T04:57:13,265  INFO [main] ql.Driver: Starting task [Stage-0:DDL] in serial mode
2024-04-24T04:57:13,265  INFO [main] HiveMetaStore.audit: ugi=alex	ip=unknown-ip-addr	cmd=get_table : tbl=hive.default.nonAcidNonBucket	
2024-04-24T04:57:13,272  INFO [main] metastore.HMSHandler: Skipping translation for processor with null
2024-04-24T04:57:13,272  INFO [main] HiveMetaStore.audit: ugi=alex	ip=unknown-ip-addr	cmd=get_table : tbl=hive.default.nonAcidNonBucket	
2024-04-24T04:57:13,280  INFO [main] metastore.HMSHandler: Skipping translation for processor with null
2024-04-24T04:57:13,280  INFO [main] HiveMetaStore.audit: ugi=alex	ip=unknown-ip-addr	cmd=drop_table : tbl=hive.default.nonAcidNonBucket	
2024-04-24T04:57:13,307  INFO [main] metadata.Hive: Dumping metastore api call timing information for : execution phase
2024-04-24T04:57:13,307  INFO [main] metadata.Hive: Total time spent in each metastore function (ms): {isCompatibleWith_(Configuration)=0, getTable_(GetTableRequest)=7, dropTable_(String, String, boolean, boolean, boolean)=35}
2024-04-24T04:57:13,307  INFO [main] ql.Driver: Completed executing command(queryId=alex_20240424045713_5ccae0f4-0a50-40fd-8ae9-b1e73391c77f); Time taken: 0.042 seconds
2024-04-24T04:57:13,307  INFO [main] lockmgr.DbTxnManager: Stopped heartbeat for query: alex_20240424045713_5ccae0f4-0a50-40fd-8ae9-b1e73391c77f
2024-04-24T04:57:13,311  INFO [main] txn.TxnHandler: Expected to move at least one record from txn_components to completed_txn_components when committing txn! txnid:24
2024-04-24T04:57:13,317  INFO [main] txn.TxnHandler: Removed transactions: ([24]) from MIN_HISTORY_LEVEL
2024-04-24T04:57:13,317  WARN [main] txn.CompactionTxnHandler: No compaction queue record found for Compaction type transaction commit. txnId:24
2024-04-24T04:57:13,318  INFO [main] utils.TestTxnDbUtil: Cleaning transactional tables
]]></system-err>
  </testcase>
  <testcase name="testExportPartPartial" classname="org.apache.hadoop.hive.ql.TestTxnExIm" time="6.748"/>
  <testcase name="testImportPartitionedCreate" classname="org.apache.hadoop.hive.ql.TestTxnExIm" time="7.957"/>
</testsuite>