<?xml version="1.0" encoding="UTF-8"?>
<testsuite xmlns:xsi="http://www.w3.org/2001/XMLSchema-instance" xsi:noNamespaceSchemaLocation="https://maven.apache.org/surefire/maven-surefire-plugin/xsd/surefire-test-report-3.0.xsd" version="3.0" name="org.apache.hadoop.hive.ql.TestTxnNoBucketsVectorized" time="159.173" tests="15" errors="5" skipped="0" failures="0">
  <properties>
    <property name="build.test.dir" value="/home/alex/Repositories/hive/ql/target/tmp"/>
    <property name="awt.toolkit" value="sun.awt.X11.XToolkit"/>
    <property name="test.tmp.dir.uri" value="file:///home/alex/Repositories/hive/ql/target/tmp"/>
    <property name="java.specification.version" value="1.8"/>
    <property name="qfile" value=""/>
    <property name="sun.cpu.isalist" value=""/>
    <property name="test.warehouse.dir" value="pfile:///home/alex/Repositories/hive/ql/target/warehouse"/>
    <property name="sun.jnu.encoding" value="UTF-8"/>
    <property name="run_disabled" value=""/>
    <property name="nondexPrintstack" value="false"/>
    <property name="sun.arch.data.model" value="64"/>
    <property name="java.vendor.url" value="http://java.oracle.com/"/>
    <property name="user.country.format" value="PT"/>
    <property name="test.tmp.dir" value="/home/alex/Repositories/hive/ql/target/tmp"/>
    <property name="sun.boot.library.path" value="/usr/lib/jvm/java-8-openjdk-amd64/jre/lib/amd64"/>
    <property name="sun.java.command" value="/home/alex/Repositories/hive/ql/target/surefire/surefirebooter3551127832411333143.jar /home/alex/Repositories/hive/ql/target/surefire 2024-04-23T21-59-46_173-jvmRun1 surefire3168456965483532798tmp surefire_27608679679874919355046tmp"/>
    <property name="nondexExecid" value="Snhwr3I2MCYp2xI1BMYXdetIVL2H5UQXpCxOgAk9NN4="/>
    <property name="java.specification.vendor" value="Oracle Corporation"/>
    <property name="java.home" value="/usr/lib/jvm/java-8-openjdk-amd64/jre"/>
    <property name="file.separator" value="/"/>
    <property name="basedir" value="/home/alex/Repositories/hive/ql"/>
    <property name="line.separator" value="&#10;"/>
    <property name="nondexEnd" value="9223372036854775807"/>
    <property name="java.specification.name" value="Java Platform API Specification"/>
    <property name="java.vm.specification.vendor" value="Oracle Corporation"/>
    <property name="derby.stream.error.file" value="/home/alex/Repositories/hive/ql/target/tmp/derby.log"/>
    <property name="sun.boot.class.path" value="/home/alex/Repositories/hive/ql/.nondex/nondex-instr.jar:/home/alex/.m2/repository/edu/illinois/nondex-common/2.1.7/nondex-common-2.1.7.jar:/home/alex/.m2/repository/edu/illinois/nondex-annotations/2.1.7/nondex-annotations-2.1.7.jar:/usr/lib/jvm/java-8-openjdk-amd64/jre/lib/resources.jar:/usr/lib/jvm/java-8-openjdk-amd64/jre/lib/rt.jar:/usr/lib/jvm/java-8-openjdk-amd64/jre/lib/sunrsasign.jar:/usr/lib/jvm/java-8-openjdk-amd64/jre/lib/jsse.jar:/usr/lib/jvm/java-8-openjdk-amd64/jre/lib/jce.jar:/usr/lib/jvm/java-8-openjdk-amd64/jre/lib/charsets.jar:/usr/lib/jvm/java-8-openjdk-amd64/jre/lib/jfr.jar:/usr/lib/jvm/java-8-openjdk-amd64/jre/classes"/>
    <property name="log4j.debug" value="true"/>
    <property name="sun.management.compiler" value="HotSpot 64-Bit Tiered Compilers"/>
    <property name="spark.home" value=""/>
    <property name="java.runtime.version" value="1.8.0_402-8u402-ga-2ubuntu1~22.04-b06"/>
    <property name="user.name" value="alex"/>
    <property name="test.src.tables" value=""/>
    <property name="file.encoding" value="UTF-8"/>
    <property name="qfile_regex" value=""/>
    <property name="hadoop.bin.path" value="/home/alex/Repositories/hive/ql/../testutils/hadoop"/>
    <property name="localRepository" value="/home/alex/.m2/repository"/>
    <property name="nondexDir" value="/home/alex/Repositories/hive/ql/.nondex"/>
    <property name="build.dir" value="/home/alex/Repositories/hive/ql/target"/>
    <property name="nondexJarDir" value="/home/alex/Repositories/hive/ql/.nondex"/>
    <property name="mapred.job.tracker" value="local"/>
    <property name="java.io.tmpdir" value="/home/alex/Repositories/hive/ql/target/tmp"/>
    <property name="com.zaxxer.hikari.pool_number" value="3"/>
    <property name="java.version" value="1.8.0_402"/>
    <property name="hive.version" value="4.0.0-SNAPSHOT"/>
    <property name="java.vm.specification.name" value="Java Virtual Machine Specification"/>
    <property name="java.awt.printerjob" value="sun.print.PSPrinterJob"/>
    <property name="sun.os.patch.level" value="unknown"/>
    <property name="java.library.path" value="/usr/java/packages/lib/amd64:/usr/lib/x86_64-linux-gnu/jni:/lib/x86_64-linux-gnu:/usr/lib/x86_64-linux-gnu:/usr/lib/jni:/lib:/usr/lib"/>
    <property name="test.data.dir" value="/home/alex/Repositories/hive/ql/../data/files"/>
    <property name="java.vendor" value="Private Build"/>
    <property name="java.specification.maintenance.version" value="5"/>
    <property name="sun.io.unicode.encoding" value="UnicodeLittle"/>
    <property name="initScript" value=""/>
    <property name="sun.desktop" value="gnome"/>
    <property name="calcite.enable.rexnode.digest.normalize" value="false"/>
    <property name="nondexStart" value="0"/>
    <property name="file.encoding.pkg" value="sun.io"/>
    <property name="log4j.configurationFile" value="file:///home/alex/Repositories/hive/ql/target/testconf/hive-log4j2.properties"/>
    <property name="java.class.path" value="/home/alex/Repositories/hive/ql/target/test-classes:/home/alex/Repositories/hive/ql/target/classes:/home/alex/.m2/repository/org/apache/atlas/atlas-client-v2/2.1.0/atlas-client-v2-2.1.0.jar:/home/alex/.m2/repository/cglib/cglib/2.2.2/cglib-2.2.2.jar:/home/alex/.m2/repository/asm/asm/3.3.1/asm-3.3.1.jar:/home/alex/.m2/repository/org/apache/atlas/atlas-client-common/2.1.0/atlas-client-common-2.1.0.jar:/home/alex/.m2/repository/org/apache/httpcomponents/httpclient/4.5.13/httpclient-4.5.13.jar:/home/alex/.m2/repository/com/sun/jersey/jersey-client/1.19/jersey-client-1.19.jar:/home/alex/.m2/repository/org/apache/atlas/atlas-intg/2.1.0/atlas-intg-2.1.0.jar:/home/alex/.m2/repository/commons-collections/commons-collections/3.2.2/commons-collections-3.2.2.jar:/home/alex/.m2/repository/commons-validator/commons-validator/1.6/commons-validator-1.6.jar:/home/alex/.m2/repository/commons-digester/commons-digester/1.8.1/commons-digester-1.8.1.jar:/home/alex/.m2/repository/com/fasterxml/jackson/jaxrs/jackson-jaxrs-base/2.12.0/jackson-jaxrs-base-2.12.0.jar:/home/alex/.m2/repository/com/fasterxml/jackson/jaxrs/jackson-jaxrs-json-provider/2.12.0/jackson-jaxrs-json-provider-2.12.0.jar:/home/alex/.m2/repository/javax/inject/javax.inject/1/javax.inject-1.jar:/home/alex/.m2/repository/org/springframework/spring-context/4.3.20.RELEASE/spring-context-4.3.20.RELEASE.jar:/home/alex/.m2/repository/org/springframework/spring-aop/4.3.20.RELEASE/spring-aop-4.3.20.RELEASE.jar:/home/alex/.m2/repository/org/springframework/spring-beans/4.3.20.RELEASE/spring-beans-4.3.20.RELEASE.jar:/home/alex/.m2/repository/org/springframework/spring-core/4.3.20.RELEASE/spring-core-4.3.20.RELEASE.jar:/home/alex/.m2/repository/org/springframework/spring-expression/4.3.20.RELEASE/spring-expression-4.3.20.RELEASE.jar:/home/alex/.m2/repository/commons-configuration/commons-configuration/1.10/commons-configuration-1.10.jar:/home/alex/.m2/repository/commons-lang/commons-lang/2.6/commons-lang-2.6.jar:/home/alex/.m2/repository/commons-logging/commons-logging/1.1.1/commons-logging-1.1.1.jar:/home/alex/.m2/repository/org/apache/commons/commons-math3/3.6.1/commons-math3-3.6.1.jar:/home/alex/Repositories/hive/vector-code-gen/target/classes:/home/alex/.m2/repository/org/apache/velocity/velocity/1.5/velocity-1.5.jar:/home/alex/Repositories/hive/common/target/classes:/home/alex/Repositories/hive/classification/target/classes:/home/alex/Repositories/hive/standalone-metastore/metastore-common/target/classes:/home/alex/.m2/repository/commons-cli/commons-cli/1.4/commons-cli-1.4.jar:/home/alex/.m2/repository/org/apache/orc/orc-core/1.6.9/orc-core-1.6.9.jar:/home/alex/.m2/repository/org/apache/orc/orc-shims/1.6.9/orc-shims-1.6.9.jar:/home/alex/.m2/repository/io/airlift/aircompressor/0.19/aircompressor-0.19.jar:/home/alex/.m2/repository/org/jetbrains/annotations/17.0.0/annotations-17.0.0.jar:/home/alex/.m2/repository/org/threeten/threeten-extra/1.5.0/threeten-extra-1.5.0.jar:/home/alex/.m2/repository/jline/jline/2.14.6/jline-2.14.6.jar:/home/alex/.m2/repository/javax/servlet/javax.servlet-api/3.1.0/javax.servlet-api-3.1.0.jar:/home/alex/.m2/repository/org/eclipse/jetty/jetty-http/9.3.27.v20190418/jetty-http-9.3.27.v20190418.jar:/home/alex/.m2/repository/org/eclipse/jetty/jetty-rewrite/9.3.27.v20190418/jetty-rewrite-9.3.27.v20190418.jar:/home/alex/.m2/repository/org/eclipse/jetty/jetty-client/9.3.27.v20190418/jetty-client-9.3.27.v20190418.jar:/home/alex/.m2/repository/org/eclipse/jetty/jetty-server/9.3.27.v20190418/jetty-server-9.3.27.v20190418.jar:/home/alex/.m2/repository/org/eclipse/jetty/jetty-io/9.3.27.v20190418/jetty-io-9.3.27.v20190418.jar:/home/alex/.m2/repository/org/eclipse/jetty/jetty-servlet/9.3.27.v20190418/jetty-servlet-9.3.27.v20190418.jar:/home/alex/.m2/repository/org/eclipse/jetty/jetty-security/9.3.27.v20190418/jetty-security-9.3.27.v20190418.jar:/home/alex/.m2/repository/org/eclipse/jetty/jetty-webapp/9.3.27.v20190418/jetty-webapp-9.3.27.v20190418.jar:/home/alex/.m2/repository/org/eclipse/jetty/jetty-xml/9.3.27.v20190418/jetty-xml-9.3.27.v20190418.jar:/home/alex/.m2/repository/joda-time/joda-time/2.9.9/joda-time-2.9.9.jar:/home/alex/.m2/repository/org/apache/logging/log4j/log4j-web/2.13.2/log4j-web-2.13.2.jar:/home/alex/.m2/repository/net/sf/jpam/jpam/1.1/jpam-1.1.jar:/home/alex/.m2/repository/io/dropwizard/metrics/metrics-core/3.1.0/metrics-core-3.1.0.jar:/home/alex/.m2/repository/io/dropwizard/metrics/metrics-jvm/3.1.0/metrics-jvm-3.1.0.jar:/home/alex/.m2/repository/io/dropwizard/metrics/metrics-json/3.1.0/metrics-json-3.1.0.jar:/home/alex/.m2/repository/com/github/joshelser/dropwizard-metrics-hadoop-metrics2-reporter/0.1.2/dropwizard-metrics-hadoop-metrics2-reporter-0.1.2.jar:/home/alex/Repositories/hive/metastore/target/classes:/home/alex/.m2/repository/org/apache/derby/derby/10.14.1.0/derby-10.14.1.0.jar:/home/alex/Repositories/hive/serde/target/classes:/home/alex/.m2/repository/com/google/code/findbugs/jsr305/3.0.0/jsr305-3.0.0.jar:/home/alex/.m2/repository/org/apache/arrow/arrow-vector/0.15.1/arrow-vector-0.15.1.jar:/home/alex/.m2/repository/org/apache/arrow/arrow-format/0.15.1/arrow-format-0.15.1.jar:/home/alex/.m2/repository/org/apache/arrow/arrow-memory/0.15.1/arrow-memory-0.15.1.jar:/home/alex/.m2/repository/com/google/flatbuffers/flatbuffers-java/1.9.0/flatbuffers-java-1.9.0.jar:/home/alex/.m2/repository/com/carrotsearch/hppc/0.7.2/hppc-0.7.2.jar:/home/alex/.m2/repository/com/github/davidmoten/flatbuffers-java/1.6.0.1/flatbuffers-java-1.6.0.1.jar:/home/alex/Repositories/hive/parser/target/classes:/home/alex/Repositories/hive/udf/target/classes:/home/alex/Repositories/hive/service-rpc/target/classes:/home/alex/Repositories/hive/llap-client/target/classes:/home/alex/Repositories/hive/llap-common/target/classes:/home/alex/.m2/repository/io/jsonwebtoken/jjwt-api/0.10.5/jjwt-api-0.10.5.jar:/home/alex/.m2/repository/io/jsonwebtoken/jjwt-impl/0.10.5/jjwt-impl-0.10.5.jar:/home/alex/.m2/repository/io/jsonwebtoken/jjwt-jackson/0.10.5/jjwt-jackson-0.10.5.jar:/home/alex/Repositories/hive/llap-tez/target/classes:/home/alex/Repositories/hive/shims/aggregator/target/classes:/home/alex/Repositories/hive/shims/common/target/classes:/home/alex/Repositories/hive/shims/0.23/target/classes:/home/alex/.m2/repository/org/apache/hadoop/hadoop-yarn-server-resourcemanager/3.1.0/hadoop-yarn-server-resourcemanager-3.1.0.jar:/home/alex/.m2/repository/org/apache/hadoop/hadoop-yarn-server-applicationhistoryservice/3.1.0/hadoop-yarn-server-applicationhistoryservice-3.1.0.jar:/home/alex/.m2/repository/de/ruedigermoeller/fst/2.50/fst-2.50.jar:/home/alex/.m2/repository/com/cedarsoftware/java-util/1.9.0/java-util-1.9.0.jar:/home/alex/.m2/repository/com/cedarsoftware/json-io/2.5.1/json-io-2.5.1.jar:/home/alex/Repositories/hive/shims/scheduler/target/classes:/home/alex/Repositories/hive/spark-client/target/classes:/home/alex/.m2/repository/io/netty/netty-all/4.1.65.Final/netty-all-4.1.65.Final.jar:/home/alex/.m2/repository/com/fasterxml/jackson/module/jackson-module-scala_2.12/2.12.0/jackson-module-scala_2.12-2.12.0.jar:/home/alex/.m2/repository/org/apache/spark/spark-yarn_2.12/2.4.5/spark-yarn_2.12-2.4.5.jar:/home/alex/Repositories/hive/storage-api/target/classes:/home/alex/.m2/repository/com/amazonaws/aws-java-sdk-bundle/1.11.901/aws-java-sdk-bundle-1.11.901.jar:/home/alex/.m2/repository/com/amazonaws/secretsmanager/aws-secretsmanager-caching-java/1.0.1/aws-secretsmanager-caching-java-1.0.1.jar:/home/alex/.m2/repository/com/esotericsoftware/kryo/5.0.3/kryo-5.0.3.jar:/home/alex/.m2/repository/org/objenesis/objenesis/3.1/objenesis-3.1.jar:/home/alex/.m2/repository/com/esotericsoftware/minlog/1.3.1/minlog-1.3.1.jar:/home/alex/.m2/repository/com/esotericsoftware/reflectasm/1.11.9/reflectasm-1.11.9.jar:/home/alex/.m2/repository/com/google/protobuf/protobuf-java/2.5.0/protobuf-java-2.5.0.jar:/home/alex/.m2/repository/org/apache/hbase/hbase-common/2.0.0-alpha4/hbase-common-2.0.0-alpha4.jar:/home/alex/.m2/repository/org/apache/hbase/thirdparty/hbase-shaded-miscellaneous/1.0.1/hbase-shaded-miscellaneous-1.0.1.jar:/home/alex/.m2/repository/org/apache/htrace/htrace-core/3.2.0-incubating/htrace-core-3.2.0-incubating.jar:/home/alex/.m2/repository/org/apache/commons/commons-crypto/1.0.0/commons-crypto-1.0.0.jar:/home/alex/.m2/repository/com/github/stephenc/findbugs/findbugs-annotations/1.3.9-1/findbugs-annotations-1.3.9-1.jar:/home/alex/.m2/repository/log4j/log4j/1.2.17/log4j-1.2.17.jar:/home/alex/.m2/repository/org/apache/yetus/audience-annotations/0.5.0/audience-annotations-0.5.0.jar:/home/alex/.m2/repository/org/apache/parquet/parquet-hadoop-bundle/1.11.1/parquet-hadoop-bundle-1.11.1.jar:/home/alex/.m2/repository/commons-codec/commons-codec/1.15/commons-codec-1.15.jar:/home/alex/.m2/repository/commons-io/commons-io/2.6/commons-io-2.6.jar:/home/alex/.m2/repository/org/apache/commons/commons-collections4/4.1/commons-collections4-4.1.jar:/home/alex/.m2/repository/org/apache/commons/commons-lang3/3.9/commons-lang3-3.9.jar:/home/alex/.m2/repository/org/apache/commons/commons-text/1.8/commons-text-1.8.jar:/home/alex/.m2/repository/javolution/javolution/5.5.1/javolution-5.5.1.jar:/home/alex/.m2/repository/org/apache/logging/log4j/log4j-1.2-api/2.13.2/log4j-1.2-api-2.13.2.jar:/home/alex/.m2/repository/org/apache/logging/log4j/log4j-api/2.13.2/log4j-api-2.13.2.jar:/home/alex/.m2/repository/org/apache/logging/log4j/log4j-core/2.13.2/log4j-core-2.13.2.jar:/home/alex/.m2/repository/org/apache/logging/log4j/log4j-slf4j-impl/2.13.2/log4j-slf4j-impl-2.13.2.jar:/home/alex/.m2/repository/org/antlr/antlr-runtime/3.5.2/antlr-runtime-3.5.2.jar:/home/alex/.m2/repository/org/antlr/ST4/4.0.4/ST4-4.0.4.jar:/home/alex/.m2/repository/org/apache/avro/avro/1.8.2/avro-1.8.2.jar:/home/alex/.m2/repository/org/codehaus/jackson/jackson-core-asl/1.9.13/jackson-core-asl-1.9.13.jar:/home/alex/.m2/repository/org/codehaus/jackson/jackson-mapper-asl/1.9.13/jackson-mapper-asl-1.9.13.jar:/home/alex/.m2/repository/com/thoughtworks/paranamer/paranamer/2.8/paranamer-2.8.jar:/home/alex/.m2/repository/org/xerial/snappy/snappy-java/1.1.4/snappy-java-1.1.4.jar:/home/alex/.m2/repository/org/tukaani/xz/1.5/xz-1.5.jar:/home/alex/.m2/repository/org/apache/avro/avro-mapred/1.8.2/avro-mapred-1.8.2-hadoop2.jar:/home/alex/.m2/repository/org/apache/avro/avro-ipc/1.8.2/avro-ipc-1.8.2.jar:/home/alex/.m2/repository/org/mortbay/jetty/jetty/6.1.26/jetty-6.1.26.jar:/home/alex/.m2/repository/org/apache/ant/ant/1.9.1/ant-1.9.1.jar:/home/alex/.m2/repository/org/apache/ant/ant-launcher/1.9.1/ant-launcher-1.9.1.jar:/home/alex/.m2/repository/org/apache/commons/commons-compress/1.21/commons-compress-1.21.jar:/home/alex/.m2/repository/org/apache/thrift/libfb303/0.9.3/libfb303-0.9.3.jar:/home/alex/.m2/repository/org/apache/hadoop/hadoop-common/3.1.0/hadoop-common-3.1.0.jar:/home/alex/.m2/repository/org/apache/hadoop/hadoop-annotations/3.1.0/hadoop-annotations-3.1.0.jar:/home/alex/.m2/repository/commons-net/commons-net/3.6/commons-net-3.6.jar:/home/alex/.m2/repository/org/eclipse/jetty/jetty-util/9.3.27.v20190418/jetty-util-9.3.27.v20190418.jar:/home/alex/.m2/repository/javax/servlet/jsp/jsp-api/2.1/jsp-api-2.1.jar:/home/alex/.m2/repository/com/sun/jersey/jersey-core/1.19/jersey-core-1.19.jar:/home/alex/.m2/repository/javax/ws/rs/jsr311-api/1.1.1/jsr311-api-1.1.1.jar:/home/alex/.m2/repository/com/sun/jersey/jersey-json/1.19/jersey-json-1.19.jar:/home/alex/.m2/repository/com/sun/xml/bind/jaxb-impl/2.2.3-1/jaxb-impl-2.2.3-1.jar:/home/alex/.m2/repository/org/codehaus/jackson/jackson-jaxrs/1.9.2/jackson-jaxrs-1.9.2.jar:/home/alex/.m2/repository/org/codehaus/jackson/jackson-xc/1.9.2/jackson-xc-1.9.2.jar:/home/alex/.m2/repository/com/sun/jersey/jersey-server/1.19/jersey-server-1.19.jar:/home/alex/.m2/repository/org/apache/commons/commons-configuration2/2.1.1/commons-configuration2-2.1.1.jar:/home/alex/.m2/repository/org/apache/hadoop/hadoop-auth/3.1.0/hadoop-auth-3.1.0.jar:/home/alex/.m2/repository/com/nimbusds/nimbus-jose-jwt/4.41.1/nimbus-jose-jwt-4.41.1.jar:/home/alex/.m2/repository/com/github/stephenc/jcip/jcip-annotations/1.0-1/jcip-annotations-1.0-1.jar:/home/alex/.m2/repository/com/jcraft/jsch/0.1.54/jsch-0.1.54.jar:/home/alex/.m2/repository/org/apache/htrace/htrace-core4/4.1.0-incubating/htrace-core4-4.1.0-incubating.jar:/home/alex/.m2/repository/org/apache/kerby/kerb-simplekdc/1.0.1/kerb-simplekdc-1.0.1.jar:/home/alex/.m2/repository/org/apache/kerby/kerb-client/1.0.1/kerb-client-1.0.1.jar:/home/alex/.m2/repository/org/apache/kerby/kerby-config/1.0.1/kerby-config-1.0.1.jar:/home/alex/.m2/repository/org/apache/kerby/kerb-core/1.0.1/kerb-core-1.0.1.jar:/home/alex/.m2/repository/org/apache/kerby/kerby-pkix/1.0.1/kerby-pkix-1.0.1.jar:/home/alex/.m2/repository/org/apache/kerby/kerby-asn1/1.0.1/kerby-asn1-1.0.1.jar:/home/alex/.m2/repository/org/apache/kerby/kerby-util/1.0.1/kerby-util-1.0.1.jar:/home/alex/.m2/repository/org/apache/kerby/kerb-common/1.0.1/kerb-common-1.0.1.jar:/home/alex/.m2/repository/org/apache/kerby/kerb-crypto/1.0.1/kerb-crypto-1.0.1.jar:/home/alex/.m2/repository/org/apache/kerby/kerb-util/1.0.1/kerb-util-1.0.1.jar:/home/alex/.m2/repository/org/apache/kerby/token-provider/1.0.1/token-provider-1.0.1.jar:/home/alex/.m2/repository/org/apache/kerby/kerb-admin/1.0.1/kerb-admin-1.0.1.jar:/home/alex/.m2/repository/org/apache/kerby/kerb-server/1.0.1/kerb-server-1.0.1.jar:/home/alex/.m2/repository/org/apache/kerby/kerb-identity/1.0.1/kerb-identity-1.0.1.jar:/home/alex/.m2/repository/org/apache/kerby/kerby-xdr/1.0.1/kerby-xdr-1.0.1.jar:/home/alex/.m2/repository/org/codehaus/woodstox/stax2-api/3.1.4/stax2-api-3.1.4.jar:/home/alex/.m2/repository/com/fasterxml/woodstox/woodstox-core/5.0.3/woodstox-core-5.0.3.jar:/home/alex/.m2/repository/org/apache/hadoop/hadoop-archives/3.1.0/hadoop-archives-3.1.0.jar:/home/alex/.m2/repository/org/apache/hadoop/hadoop-yarn-registry/3.1.0/hadoop-yarn-registry-3.1.0.jar:/home/alex/.m2/repository/org/apache/curator/curator-client/4.2.0/curator-client-4.2.0.jar:/home/alex/.m2/repository/org/apache/curator/curator-recipes/4.2.0/curator-recipes-4.2.0.jar:/home/alex/.m2/repository/commons-daemon/commons-daemon/1.0.13/commons-daemon-1.0.13.jar:/home/alex/.m2/repository/dnsjava/dnsjava/2.1.7/dnsjava-2.1.7.jar:/home/alex/.m2/repository/org/apache/hadoop/hadoop-mapreduce-client-core/3.1.0/hadoop-mapreduce-client-core-3.1.0.jar:/home/alex/.m2/repository/org/apache/hadoop/hadoop-hdfs-client/3.1.0/hadoop-hdfs-client-3.1.0.jar:/home/alex/.m2/repository/com/squareup/okhttp/okhttp/2.7.5/okhttp-2.7.5.jar:/home/alex/.m2/repository/com/squareup/okio/okio/1.6.0/okio-1.6.0.jar:/home/alex/.m2/repository/com/google/inject/extensions/guice-servlet/4.0/guice-servlet-4.0.jar:/home/alex/.m2/repository/org/apache/hadoop/hadoop-mapreduce-client-common/3.1.0/hadoop-mapreduce-client-common-3.1.0.jar:/home/alex/.m2/repository/org/apache/hadoop/hadoop-hdfs/3.1.0/hadoop-hdfs-3.1.0.jar:/home/alex/.m2/repository/org/eclipse/jetty/jetty-util-ajax/9.3.19.v20170502/jetty-util-ajax-9.3.19.v20170502.jar:/home/alex/.m2/repository/org/fusesource/leveldbjni/leveldbjni-all/1.8/leveldbjni-all-1.8.jar:/home/alex/.m2/repository/org/apache/hadoop/hadoop-yarn-api/3.1.0/hadoop-yarn-api-3.1.0.jar:/home/alex/.m2/repository/javax/xml/bind/jaxb-api/2.2.11/jaxb-api-2.2.11.jar:/home/alex/.m2/repository/org/apache/hadoop/hadoop-yarn-common/3.1.0/hadoop-yarn-common-3.1.0.jar:/home/alex/.m2/repository/com/google/inject/guice/4.0/guice-4.0.jar:/home/alex/.m2/repository/aopalliance/aopalliance/1.0/aopalliance-1.0.jar:/home/alex/.m2/repository/com/sun/jersey/contribs/jersey-guice/1.19/jersey-guice-1.19.jar:/home/alex/.m2/repository/com/fasterxml/jackson/module/jackson-module-jaxb-annotations/2.12.0/jackson-module-jaxb-annotations-2.12.0.jar:/home/alex/.m2/repository/jakarta/xml/bind/jakarta.xml.bind-api/2.3.2/jakarta.xml.bind-api-2.3.2.jar:/home/alex/.m2/repository/jakarta/activation/jakarta.activation-api/1.2.1/jakarta.activation-api-1.2.1.jar:/home/alex/.m2/repository/org/apache/hadoop/hadoop-yarn-client/3.1.0/hadoop-yarn-client-3.1.0.jar:/home/alex/.m2/repository/org/apache/orc/orc-tools/1.6.9/orc-tools-1.6.9.jar:/home/alex/.m2/repository/com/opencsv/opencsv/3.9/opencsv-3.9.jar:/home/alex/.m2/repository/org/codehaus/jettison/jettison/1.1/jettison-1.1.jar:/home/alex/.m2/repository/org/threeten/threetenbp/1.3.5/threetenbp-1.3.5.jar:/home/alex/.m2/repository/org/apache/ivy/ivy/2.4.0/ivy-2.4.0.jar:/home/alex/.m2/repository/org/apache/thrift/libthrift/0.14.1/libthrift-0.14.1.jar:/home/alex/.m2/repository/org/apache/httpcomponents/httpcore/4.4.13/httpcore-4.4.13.jar:/home/alex/.m2/repository/org/apache/tomcat/embed/tomcat-embed-core/8.5.46/tomcat-embed-core-8.5.46.jar:/home/alex/.m2/repository/org/apache/tomcat/tomcat-annotations-api/8.5.46/tomcat-annotations-api-8.5.46.jar:/home/alex/.m2/repository/javax/annotation/javax.annotation-api/1.3.2/javax.annotation-api-1.3.2.jar:/home/alex/.m2/repository/org/apache/zookeeper/zookeeper/3.5.5/zookeeper-3.5.5.jar:/home/alex/.m2/repository/org/apache/zookeeper/zookeeper-jute/3.5.5/zookeeper-jute-3.5.5.jar:/home/alex/.m2/repository/org/apache/curator/curator-framework/4.2.0/curator-framework-4.2.0.jar:/home/alex/.m2/repository/org/apache/curator/curator-test/4.2.0/curator-test-4.2.0.jar:/home/alex/.m2/repository/org/apache/datasketches/datasketches-hive/1.1.0-incubating/datasketches-hive-1.1.0-incubating.jar:/home/alex/.m2/repository/org/apache/datasketches/datasketches-java/1.3.0-incubating/datasketches-java-1.3.0-incubating.jar:/home/alex/.m2/repository/org/apache/datasketches/datasketches-memory/1.2.0-incubating/datasketches-memory-1.2.0-incubating.jar:/home/alex/.m2/repository/org/slf4j/slf4j-simple/1.7.27/slf4j-simple-1.7.27.jar:/home/alex/.m2/repository/com/lmax/disruptor/3.3.7/disruptor-3.3.7.jar:/home/alex/.m2/repository/org/codehaus/groovy/groovy-all/2.4.11/groovy-all-2.4.11.jar:/home/alex/.m2/repository/org/jodd/jodd-util/6.0.0/jodd-util-6.0.0.jar:/home/alex/.m2/repository/com/fasterxml/jackson/core/jackson-annotations/2.12.0/jackson-annotations-2.12.0.jar:/home/alex/.m2/repository/com/fasterxml/jackson/core/jackson-core/2.12.0/jackson-core-2.12.0.jar:/home/alex/.m2/repository/com/fasterxml/jackson/core/jackson-databind/2.12.0/jackson-databind-2.12.0.jar:/home/alex/.m2/repository/com/fasterxml/jackson/dataformat/jackson-dataformat-yaml/2.12.0/jackson-dataformat-yaml-2.12.0.jar:/home/alex/.m2/repository/org/yaml/snakeyaml/1.27/snakeyaml-1.27.jar:/home/alex/.m2/repository/org/datanucleus/datanucleus-core/5.2.4/datanucleus-core-5.2.4.jar:/home/alex/.m2/repository/org/apache/calcite/calcite-core/1.25.0/calcite-core-1.25.0.jar:/home/alex/.m2/repository/org/apache/calcite/calcite-linq4j/1.25.0/calcite-linq4j-1.25.0.jar:/home/alex/.m2/repository/org/apiguardian/apiguardian-api/1.1.0/apiguardian-api-1.1.0.jar:/home/alex/.m2/repository/com/esri/geometry/esri-geometry-api/2.2.0/esri-geometry-api-2.2.0.jar:/home/alex/.m2/repository/com/yahoo/datasketches/sketches-core/0.9.0/sketches-core-0.9.0.jar:/home/alex/.m2/repository/com/yahoo/datasketches/memory/0.9.0/memory-0.9.0.jar:/home/alex/.m2/repository/org/apache/commons/commons-dbcp2/2.7.0/commons-dbcp2-2.7.0.jar:/home/alex/.m2/repository/org/apache/commons/commons-pool2/2.7.0/commons-pool2-2.7.0.jar:/home/alex/.m2/repository/org/apache/calcite/calcite-druid/1.25.0/calcite-druid-1.25.0.jar:/home/alex/.m2/repository/org/apache/calcite/avatica/avatica/1.12.0/avatica-1.12.0.jar:/home/alex/.m2/repository/com/google/guava/guava/19.0/guava-19.0.jar:/home/alex/.m2/repository/com/googlecode/javaewah/JavaEWAH/0.3.2/JavaEWAH-0.3.2.jar:/home/alex/.m2/repository/com/google/code/gson/gson/2.2.4/gson-2.2.4.jar:/home/alex/.m2/repository/com/tdunning/json/1.8/json-1.8.jar:/home/alex/.m2/repository/stax/stax-api/1.0.1/stax-api-1.0.1.jar:/home/alex/.m2/repository/net/sf/opencsv/opencsv/2.3/opencsv-2.3.jar:/home/alex/Repositories/hive/standalone-metastore/metastore-server/target/classes:/home/alex/.m2/repository/com/zaxxer/HikariCP/2.6.1/HikariCP-2.6.1.jar:/home/alex/.m2/repository/commons-beanutils/commons-beanutils/1.9.4/commons-beanutils-1.9.4.jar:/home/alex/.m2/repository/org/datanucleus/datanucleus-api-jdo/5.2.4/datanucleus-api-jdo-5.2.4.jar:/home/alex/.m2/repository/org/datanucleus/datanucleus-rdbms/5.2.4/datanucleus-rdbms-5.2.4.jar:/home/alex/.m2/repository/org/datanucleus/javax.jdo/3.2.0-release/javax.jdo-3.2.0-release.jar:/home/alex/.m2/repository/javax/transaction/javax.transaction-api/1.3/javax.transaction-api-1.3.jar:/home/alex/.m2/repository/org/glassfish/corba/glassfish-corba-omgapi/4.2.2/glassfish-corba-omgapi-4.2.2.jar:/home/alex/.m2/repository/sqlline/sqlline/1.9.0/sqlline-1.9.0.jar:/home/alex/.m2/repository/org/jline/jline-terminal/3.12.1/jline-terminal-3.12.1.jar:/home/alex/.m2/repository/org/jline/jline-reader/3.12.1/jline-reader-3.12.1.jar:/home/alex/.m2/repository/org/jline/jline-terminal-jansi/3.12.1/jline-terminal-jansi-3.12.1.jar:/home/alex/.m2/repository/org/fusesource/jansi/jansi/1.18/jansi-1.18.jar:/home/alex/.m2/repository/org/jline/jline-terminal-jna/3.12.1/jline-terminal-jna-3.12.1.jar:/home/alex/.m2/repository/net/java/dev/jna/jna/5.3.1/jna-5.3.1.jar:/home/alex/.m2/repository/org/jline/jline-builtins/3.12.1/jline-builtins-3.12.1.jar:/home/alex/.m2/repository/org/jline/jline-style/3.12.1/jline-style-3.12.1.jar:/home/alex/.m2/repository/com/cronutils/cron-utils/9.1.3/cron-utils-9.1.3.jar:/home/alex/.m2/repository/org/glassfish/javax.el/3.0.0/javax.el-3.0.0.jar:/home/alex/.m2/repository/com/oracle/database/jdbc/ojdbc8/21.3.0.0/ojdbc8-21.3.0.0.jar:/home/alex/.m2/repository/mysql/mysql-connector-java/8.0.27/mysql-connector-java-8.0.27.jar:/home/alex/.m2/repository/com/microsoft/sqlserver/mssql-jdbc/6.2.1.jre8/mssql-jdbc-6.2.1.jre8.jar:/home/alex/.m2/repository/org/postgresql/postgresql/42.2.14/postgresql-42.2.14.jar:/home/alex/Repositories/hive/common/target/test-classes:/home/alex/Repositories/hive/standalone-metastore/metastore-common/target/test-classes:/home/alex/.m2/repository/com/github/ben-manes/caffeine/caffeine/2.8.4/caffeine-2.8.4.jar:/home/alex/.m2/repository/org/checkerframework/checker-qual/3.4.0/checker-qual-3.4.0.jar:/home/alex/Repositories/hive/standalone-metastore/metastore-server/target/test-classes:/home/alex/.m2/repository/org/apache/parquet/parquet-column/1.11.1/parquet-column-1.11.1-tests.jar:/home/alex/.m2/repository/org/apache/parquet/parquet-common/1.11.1/parquet-common-1.11.1.jar:/home/alex/.m2/repository/org/apache/parquet/parquet-format-structures/1.11.1/parquet-format-structures-1.11.1.jar:/home/alex/.m2/repository/org/apache/parquet/parquet-encoding/1.11.1/parquet-encoding-1.11.1.jar:/home/alex/.m2/repository/junit/junit/4.13/junit-4.13.jar:/home/alex/.m2/repository/org/hamcrest/hamcrest-core/1.3/hamcrest-core-1.3.jar:/home/alex/.m2/repository/org/junit/jupiter/junit-jupiter-engine/5.6.2/junit-jupiter-engine-5.6.2.jar:/home/alex/.m2/repository/org/junit/platform/junit-platform-engine/1.6.2/junit-platform-engine-1.6.2.jar:/home/alex/.m2/repository/org/opentest4j/opentest4j/1.2.0/opentest4j-1.2.0.jar:/home/alex/.m2/repository/org/junit/platform/junit-platform-commons/1.6.2/junit-platform-commons-1.6.2.jar:/home/alex/.m2/repository/org/junit/jupiter/junit-jupiter-api/5.6.2/junit-jupiter-api-5.6.2.jar:/home/alex/.m2/repository/org/junit/jupiter/junit-jupiter-params/5.6.2/junit-jupiter-params-5.6.2.jar:/home/alex/.m2/repository/org/junit/vintage/junit-vintage-engine/5.6.2/junit-vintage-engine-5.6.2.jar:/home/alex/.m2/repository/org/apache/tez/tez-api/0.10.1/tez-api-0.10.1.jar:/usr/lib/jvm/java-8-openjdk-amd64/jre/../lib/tools.jar:/home/alex/.m2/repository/org/apache/tez/tez-runtime-library/0.10.1/tez-runtime-library-0.10.1.jar:/home/alex/.m2/repository/org/roaringbitmap/RoaringBitmap/0.5.21/RoaringBitmap-0.5.21.jar:/home/alex/.m2/repository/org/asynchttpclient/async-http-client/2.12.1/async-http-client-2.12.1.jar:/home/alex/.m2/repository/org/asynchttpclient/async-http-client-netty-utils/2.12.1/async-http-client-netty-utils-2.12.1.jar:/home/alex/.m2/repository/io/netty/netty-buffer/4.1.48.Final/netty-buffer-4.1.48.Final.jar:/home/alex/.m2/repository/io/netty/netty-codec-http/4.1.48.Final/netty-codec-http-4.1.48.Final.jar:/home/alex/.m2/repository/io/netty/netty-common/4.1.48.Final/netty-common-4.1.48.Final.jar:/home/alex/.m2/repository/io/netty/netty-transport/4.1.48.Final/netty-transport-4.1.48.Final.jar:/home/alex/.m2/repository/io/netty/netty-codec/4.1.48.Final/netty-codec-4.1.48.Final.jar:/home/alex/.m2/repository/io/netty/netty-handler/4.1.48.Final/netty-handler-4.1.48.Final.jar:/home/alex/.m2/repository/io/netty/netty-resolver/4.1.48.Final/netty-resolver-4.1.48.Final.jar:/home/alex/.m2/repository/io/netty/netty-codec-socks/4.1.48.Final/netty-codec-socks-4.1.48.Final.jar:/home/alex/.m2/repository/io/netty/netty-handler-proxy/4.1.48.Final/netty-handler-proxy-4.1.48.Final.jar:/home/alex/.m2/repository/io/netty/netty-transport-native-epoll/4.1.48.Final/netty-transport-native-epoll-4.1.48.Final-linux-x86_64.jar:/home/alex/.m2/repository/io/netty/netty-transport-native-unix-common/4.1.48.Final/netty-transport-native-unix-common-4.1.48.Final.jar:/home/alex/.m2/repository/io/netty/netty-transport-native-kqueue/4.1.48.Final/netty-transport-native-kqueue-4.1.48.Final-osx-x86_64.jar:/home/alex/.m2/repository/org/reactivestreams/reactive-streams/1.0.3/reactive-streams-1.0.3.jar:/home/alex/.m2/repository/com/typesafe/netty/netty-reactive-streams/2.0.4/netty-reactive-streams-2.0.4.jar:/home/alex/.m2/repository/com/sun/activation/javax.activation/1.2.0/javax.activation-1.2.0.jar:/home/alex/.m2/repository/org/apache/tez/tez-common/0.10.1/tez-common-0.10.1.jar:/home/alex/.m2/repository/org/apache/tez/tez-runtime-internals/0.10.1/tez-runtime-internals-0.10.1.jar:/home/alex/.m2/repository/org/apache/tez/hadoop-shim/0.10.1/hadoop-shim-0.10.1.jar:/home/alex/.m2/repository/org/apache/tez/tez-mapreduce/0.10.1/tez-mapreduce-0.10.1.jar:/home/alex/.m2/repository/org/apache/tez/tez-dag/0.10.1/tez-dag-0.10.1.jar:/home/alex/.m2/repository/org/apache/hadoop/hadoop-yarn-server-web-proxy/3.1.0/hadoop-yarn-server-web-proxy-3.1.0.jar:/home/alex/.m2/repository/org/apache/hadoop/hadoop-yarn-server-common/3.1.0/hadoop-yarn-server-common-3.1.0.jar:/home/alex/.m2/repository/org/apache/geronimo/specs/geronimo-jcache_1.0_spec/1.0-alpha-1/geronimo-jcache_1.0_spec-1.0-alpha-1.jar:/home/alex/.m2/repository/org/ehcache/ehcache/3.3.1/ehcache-3.3.1.jar:/home/alex/.m2/repository/com/zaxxer/HikariCP-java7/2.4.12/HikariCP-java7-2.4.12.jar:/home/alex/.m2/repository/org/apache/spark/spark-core_2.12/2.4.5/spark-core_2.12-2.4.5.jar:/home/alex/.m2/repository/com/twitter/chill_2.12/0.9.3/chill_2.12-0.9.3.jar:/home/alex/.m2/repository/com/twitter/chill-java/0.9.3/chill-java-0.9.3.jar:/home/alex/.m2/repository/org/apache/xbean/xbean-asm6-shaded/4.8/xbean-asm6-shaded-4.8.jar:/home/alex/.m2/repository/org/apache/hadoop/hadoop-client/3.1.0/hadoop-client-3.1.0.jar:/home/alex/.m2/repository/org/apache/hadoop/hadoop-mapreduce-client-jobclient/3.1.0/hadoop-mapreduce-client-jobclient-3.1.0.jar:/home/alex/.m2/repository/org/apache/spark/spark-launcher_2.12/2.4.5/spark-launcher_2.12-2.4.5.jar:/home/alex/.m2/repository/org/apache/spark/spark-kvstore_2.12/2.4.5/spark-kvstore_2.12-2.4.5.jar:/home/alex/.m2/repository/org/apache/spark/spark-network-common_2.12/2.4.5/spark-network-common_2.12-2.4.5.jar:/home/alex/.m2/repository/org/apache/spark/spark-network-shuffle_2.12/2.4.5/spark-network-shuffle_2.12-2.4.5.jar:/home/alex/.m2/repository/org/apache/spark/spark-unsafe_2.12/2.4.5/spark-unsafe_2.12-2.4.5.jar:/home/alex/.m2/repository/javax/activation/activation/1.1.1/activation-1.1.1.jar:/home/alex/.m2/repository/org/slf4j/jul-to-slf4j/1.7.16/jul-to-slf4j-1.7.16.jar:/home/alex/.m2/repository/org/slf4j/jcl-over-slf4j/1.7.16/jcl-over-slf4j-1.7.16.jar:/home/alex/.m2/repository/com/ning/compress-lzf/1.0.3/compress-lzf-1.0.3.jar:/home/alex/.m2/repository/org/lz4/lz4-java/1.4.0/lz4-java-1.4.0.jar:/home/alex/.m2/repository/com/github/luben/zstd-jni/1.3.2-2/zstd-jni-1.3.2-2.jar:/home/alex/.m2/repository/org/scala-lang/scala-library/2.12.10/scala-library-2.12.10.jar:/home/alex/.m2/repository/org/json4s/json4s-jackson_2.12/3.5.3/json4s-jackson_2.12-3.5.3.jar:/home/alex/.m2/repository/org/json4s/json4s-core_2.12/3.5.3/json4s-core_2.12-3.5.3.jar:/home/alex/.m2/repository/org/json4s/json4s-ast_2.12/3.5.3/json4s-ast_2.12-3.5.3.jar:/home/alex/.m2/repository/org/json4s/json4s-scalap_2.12/3.5.3/json4s-scalap_2.12-3.5.3.jar:/home/alex/.m2/repository/org/scala-lang/modules/scala-xml_2.12/1.0.6/scala-xml_2.12-1.0.6.jar:/home/alex/.m2/repository/com/clearspring/analytics/stream/2.7.0/stream-2.7.0.jar:/home/alex/.m2/repository/io/dropwizard/metrics/metrics-graphite/3.1.5/metrics-graphite-3.1.5.jar:/home/alex/.m2/repository/oro/oro/2.0.8/oro-2.0.8.jar:/home/alex/.m2/repository/net/razorvine/pyrolite/4.13/pyrolite-4.13.jar:/home/alex/.m2/repository/net/sf/py4j/py4j/0.10.7/py4j-0.10.7.jar:/home/alex/.m2/repository/org/apache/spark/spark-tags_2.12/2.4.5/spark-tags_2.12-2.4.5.jar:/home/alex/.m2/repository/org/spark-project/spark/unused/1.0.0/unused-1.0.0.jar:/home/alex/.m2/repository/com/sun/jersey/jersey-servlet/1.19/jersey-servlet-1.19.jar:/home/alex/.m2/repository/org/glassfish/jersey/core/jersey-server/2.22.2/jersey-server-2.22.2.jar:/home/alex/.m2/repository/org/glassfish/jersey/core/jersey-common/2.22.2/jersey-common-2.22.2.jar:/home/alex/.m2/repository/org/glassfish/jersey/bundles/repackaged/jersey-guava/2.22.2/jersey-guava-2.22.2.jar:/home/alex/.m2/repository/org/glassfish/hk2/osgi-resource-locator/1.0.1/osgi-resource-locator-1.0.1.jar:/home/alex/.m2/repository/org/glassfish/jersey/core/jersey-client/2.22.2/jersey-client-2.22.2.jar:/home/alex/.m2/repository/javax/ws/rs/javax.ws.rs-api/2.0.1/javax.ws.rs-api-2.0.1.jar:/home/alex/.m2/repository/org/glassfish/jersey/media/jersey-media-jaxb/2.22.2/jersey-media-jaxb-2.22.2.jar:/home/alex/.m2/repository/org/glassfish/hk2/hk2-api/2.4.0-b34/hk2-api-2.4.0-b34.jar:/home/alex/.m2/repository/org/glassfish/hk2/hk2-utils/2.4.0-b34/hk2-utils-2.4.0-b34.jar:/home/alex/.m2/repository/org/glassfish/hk2/external/aopalliance-repackaged/2.4.0-b34/aopalliance-repackaged-2.4.0-b34.jar:/home/alex/.m2/repository/org/glassfish/hk2/external/javax.inject/2.4.0-b34/javax.inject-2.4.0-b34.jar:/home/alex/.m2/repository/org/glassfish/hk2/hk2-locator/2.4.0-b34/hk2-locator-2.4.0-b34.jar:/home/alex/.m2/repository/javax/validation/validation-api/1.1.0.Final/validation-api-1.1.0.Final.jar:/home/alex/.m2/repository/org/glassfish/jersey/containers/jersey-container-servlet-core/2.22.2/jersey-container-servlet-core-2.22.2.jar:/home/alex/.m2/repository/org/hamcrest/hamcrest-all/1.3/hamcrest-all-1.3.jar:/home/alex/.m2/repository/org/powermock/powermock-module-junit4/2.0.2/powermock-module-junit4-2.0.2.jar:/home/alex/.m2/repository/org/powermock/powermock-module-junit4-common/2.0.2/powermock-module-junit4-common-2.0.2.jar:/home/alex/.m2/repository/org/powermock/powermock-reflect/2.0.2/powermock-reflect-2.0.2.jar:/home/alex/.m2/repository/org/powermock/powermock-core/2.0.2/powermock-core-2.0.2.jar:/home/alex/.m2/repository/org/powermock/powermock-api-mockito2/2.0.2/powermock-api-mockito2-2.0.2.jar:/home/alex/.m2/repository/org/powermock/powermock-api-support/2.0.2/powermock-api-support-2.0.2.jar:/home/alex/.m2/repository/com/google/guava/guava-testlib/19.0/guava-testlib-19.0.jar:/home/alex/.m2/repository/com/google/errorprone/error_prone_annotations/2.0.2/error_prone_annotations-2.0.2.jar:/home/alex/.m2/repository/com/google/re2j/re2j/1.2/re2j-1.2.jar:/home/alex/.m2/repository/org/reflections/reflections/0.9.10/reflections-0.9.10.jar:/home/alex/.m2/repository/org/javassist/javassist/3.19.0-GA/javassist-3.19.0-GA.jar:/home/alex/.m2/repository/com/jayway/jsonpath/json-path/2.4.0/json-path-2.4.0.jar:/home/alex/.m2/repository/net/minidev/json-smart/2.3/json-smart-2.3.jar:/home/alex/.m2/repository/net/minidev/accessors-smart/1.2/accessors-smart-1.2.jar:/home/alex/.m2/repository/org/ow2/asm/asm/5.0.4/asm-5.0.4.jar:/home/alex/.m2/repository/org/codehaus/janino/commons-compiler/3.0.11/commons-compiler-3.0.11.jar:/home/alex/.m2/repository/org/codehaus/janino/janino/3.0.11/janino-3.0.11.jar:/home/alex/.m2/repository/com/sun/jersey/contribs/jersey-multipart/1.19/jersey-multipart-1.19.jar:/home/alex/.m2/repository/org/jvnet/mimepull/mimepull/1.9.3/mimepull-1.9.3.jar:/home/alex/.m2/repository/org/apache/kafka/kafka-clients/2.5.0/kafka-clients-2.5.0.jar:/home/alex/.m2/repository/org/slf4j/slf4j-api/1.7.30/slf4j-api-1.7.30.jar:/home/alex/.m2/repository/org/mockito/mockito-core/3.4.4/mockito-core-3.4.4.jar:/home/alex/.m2/repository/net/bytebuddy/byte-buddy/1.10.13/byte-buddy-1.10.13.jar:/home/alex/.m2/repository/net/bytebuddy/byte-buddy-agent/1.10.13/byte-buddy-agent-1.10.13.jar:/home/alex/Repositories/hive/ql/target/testconf:/home/alex/Repositories/hive/ql/../conf:"/>
    <property name="java.vm.vendor" value="Private Build"/>
    <property name="hadoop.version" value="3.1.0"/>
    <property name="user.timezone" value="US/Pacific"/>
    <property name="test.local.warehouse.dir" value="pfile:///home/alex/Repositories/hive/ql/target/localfs/warehouse"/>
    <property name="java.vm.specification.version" value="1.8"/>
    <property name="os.name" value="Linux"/>
    <property name="clustermode" value=""/>
    <property name="test.build.data" value="/home/alex/Repositories/hive/ql/target/tmp"/>
    <property name="sun.java.launcher" value="SUN_STANDARD"/>
    <property name="user.country" value="US"/>
    <property name="test.data.files" value="/home/alex/Repositories/hive/ql/../data/files"/>
    <property name="nondexLogging" value="CONFIG"/>
    <property name="surefire.test.class.path" value="/home/alex/Repositories/hive/ql/target/test-classes:/home/alex/Repositories/hive/ql/target/classes:/home/alex/.m2/repository/org/apache/atlas/atlas-client-v2/2.1.0/atlas-client-v2-2.1.0.jar:/home/alex/.m2/repository/cglib/cglib/2.2.2/cglib-2.2.2.jar:/home/alex/.m2/repository/asm/asm/3.3.1/asm-3.3.1.jar:/home/alex/.m2/repository/org/apache/atlas/atlas-client-common/2.1.0/atlas-client-common-2.1.0.jar:/home/alex/.m2/repository/org/apache/httpcomponents/httpclient/4.5.13/httpclient-4.5.13.jar:/home/alex/.m2/repository/com/sun/jersey/jersey-client/1.19/jersey-client-1.19.jar:/home/alex/.m2/repository/org/apache/atlas/atlas-intg/2.1.0/atlas-intg-2.1.0.jar:/home/alex/.m2/repository/commons-collections/commons-collections/3.2.2/commons-collections-3.2.2.jar:/home/alex/.m2/repository/commons-validator/commons-validator/1.6/commons-validator-1.6.jar:/home/alex/.m2/repository/commons-digester/commons-digester/1.8.1/commons-digester-1.8.1.jar:/home/alex/.m2/repository/com/fasterxml/jackson/jaxrs/jackson-jaxrs-base/2.12.0/jackson-jaxrs-base-2.12.0.jar:/home/alex/.m2/repository/com/fasterxml/jackson/jaxrs/jackson-jaxrs-json-provider/2.12.0/jackson-jaxrs-json-provider-2.12.0.jar:/home/alex/.m2/repository/javax/inject/javax.inject/1/javax.inject-1.jar:/home/alex/.m2/repository/org/springframework/spring-context/4.3.20.RELEASE/spring-context-4.3.20.RELEASE.jar:/home/alex/.m2/repository/org/springframework/spring-aop/4.3.20.RELEASE/spring-aop-4.3.20.RELEASE.jar:/home/alex/.m2/repository/org/springframework/spring-beans/4.3.20.RELEASE/spring-beans-4.3.20.RELEASE.jar:/home/alex/.m2/repository/org/springframework/spring-core/4.3.20.RELEASE/spring-core-4.3.20.RELEASE.jar:/home/alex/.m2/repository/org/springframework/spring-expression/4.3.20.RELEASE/spring-expression-4.3.20.RELEASE.jar:/home/alex/.m2/repository/commons-configuration/commons-configuration/1.10/commons-configuration-1.10.jar:/home/alex/.m2/repository/commons-lang/commons-lang/2.6/commons-lang-2.6.jar:/home/alex/.m2/repository/commons-logging/commons-logging/1.1.1/commons-logging-1.1.1.jar:/home/alex/.m2/repository/org/apache/commons/commons-math3/3.6.1/commons-math3-3.6.1.jar:/home/alex/Repositories/hive/vector-code-gen/target/classes:/home/alex/.m2/repository/org/apache/velocity/velocity/1.5/velocity-1.5.jar:/home/alex/Repositories/hive/common/target/classes:/home/alex/Repositories/hive/classification/target/classes:/home/alex/Repositories/hive/standalone-metastore/metastore-common/target/classes:/home/alex/.m2/repository/commons-cli/commons-cli/1.4/commons-cli-1.4.jar:/home/alex/.m2/repository/org/apache/orc/orc-core/1.6.9/orc-core-1.6.9.jar:/home/alex/.m2/repository/org/apache/orc/orc-shims/1.6.9/orc-shims-1.6.9.jar:/home/alex/.m2/repository/io/airlift/aircompressor/0.19/aircompressor-0.19.jar:/home/alex/.m2/repository/org/jetbrains/annotations/17.0.0/annotations-17.0.0.jar:/home/alex/.m2/repository/org/threeten/threeten-extra/1.5.0/threeten-extra-1.5.0.jar:/home/alex/.m2/repository/jline/jline/2.14.6/jline-2.14.6.jar:/home/alex/.m2/repository/javax/servlet/javax.servlet-api/3.1.0/javax.servlet-api-3.1.0.jar:/home/alex/.m2/repository/org/eclipse/jetty/jetty-http/9.3.27.v20190418/jetty-http-9.3.27.v20190418.jar:/home/alex/.m2/repository/org/eclipse/jetty/jetty-rewrite/9.3.27.v20190418/jetty-rewrite-9.3.27.v20190418.jar:/home/alex/.m2/repository/org/eclipse/jetty/jetty-client/9.3.27.v20190418/jetty-client-9.3.27.v20190418.jar:/home/alex/.m2/repository/org/eclipse/jetty/jetty-server/9.3.27.v20190418/jetty-server-9.3.27.v20190418.jar:/home/alex/.m2/repository/org/eclipse/jetty/jetty-io/9.3.27.v20190418/jetty-io-9.3.27.v20190418.jar:/home/alex/.m2/repository/org/eclipse/jetty/jetty-servlet/9.3.27.v20190418/jetty-servlet-9.3.27.v20190418.jar:/home/alex/.m2/repository/org/eclipse/jetty/jetty-security/9.3.27.v20190418/jetty-security-9.3.27.v20190418.jar:/home/alex/.m2/repository/org/eclipse/jetty/jetty-webapp/9.3.27.v20190418/jetty-webapp-9.3.27.v20190418.jar:/home/alex/.m2/repository/org/eclipse/jetty/jetty-xml/9.3.27.v20190418/jetty-xml-9.3.27.v20190418.jar:/home/alex/.m2/repository/joda-time/joda-time/2.9.9/joda-time-2.9.9.jar:/home/alex/.m2/repository/org/apache/logging/log4j/log4j-web/2.13.2/log4j-web-2.13.2.jar:/home/alex/.m2/repository/net/sf/jpam/jpam/1.1/jpam-1.1.jar:/home/alex/.m2/repository/io/dropwizard/metrics/metrics-core/3.1.0/metrics-core-3.1.0.jar:/home/alex/.m2/repository/io/dropwizard/metrics/metrics-jvm/3.1.0/metrics-jvm-3.1.0.jar:/home/alex/.m2/repository/io/dropwizard/metrics/metrics-json/3.1.0/metrics-json-3.1.0.jar:/home/alex/.m2/repository/com/github/joshelser/dropwizard-metrics-hadoop-metrics2-reporter/0.1.2/dropwizard-metrics-hadoop-metrics2-reporter-0.1.2.jar:/home/alex/Repositories/hive/metastore/target/classes:/home/alex/.m2/repository/org/apache/derby/derby/10.14.1.0/derby-10.14.1.0.jar:/home/alex/Repositories/hive/serde/target/classes:/home/alex/.m2/repository/com/google/code/findbugs/jsr305/3.0.0/jsr305-3.0.0.jar:/home/alex/.m2/repository/org/apache/arrow/arrow-vector/0.15.1/arrow-vector-0.15.1.jar:/home/alex/.m2/repository/org/apache/arrow/arrow-format/0.15.1/arrow-format-0.15.1.jar:/home/alex/.m2/repository/org/apache/arrow/arrow-memory/0.15.1/arrow-memory-0.15.1.jar:/home/alex/.m2/repository/com/google/flatbuffers/flatbuffers-java/1.9.0/flatbuffers-java-1.9.0.jar:/home/alex/.m2/repository/com/carrotsearch/hppc/0.7.2/hppc-0.7.2.jar:/home/alex/.m2/repository/com/github/davidmoten/flatbuffers-java/1.6.0.1/flatbuffers-java-1.6.0.1.jar:/home/alex/Repositories/hive/parser/target/classes:/home/alex/Repositories/hive/udf/target/classes:/home/alex/Repositories/hive/service-rpc/target/classes:/home/alex/Repositories/hive/llap-client/target/classes:/home/alex/Repositories/hive/llap-common/target/classes:/home/alex/.m2/repository/io/jsonwebtoken/jjwt-api/0.10.5/jjwt-api-0.10.5.jar:/home/alex/.m2/repository/io/jsonwebtoken/jjwt-impl/0.10.5/jjwt-impl-0.10.5.jar:/home/alex/.m2/repository/io/jsonwebtoken/jjwt-jackson/0.10.5/jjwt-jackson-0.10.5.jar:/home/alex/Repositories/hive/llap-tez/target/classes:/home/alex/Repositories/hive/shims/aggregator/target/classes:/home/alex/Repositories/hive/shims/common/target/classes:/home/alex/Repositories/hive/shims/0.23/target/classes:/home/alex/.m2/repository/org/apache/hadoop/hadoop-yarn-server-resourcemanager/3.1.0/hadoop-yarn-server-resourcemanager-3.1.0.jar:/home/alex/.m2/repository/org/apache/hadoop/hadoop-yarn-server-applicationhistoryservice/3.1.0/hadoop-yarn-server-applicationhistoryservice-3.1.0.jar:/home/alex/.m2/repository/de/ruedigermoeller/fst/2.50/fst-2.50.jar:/home/alex/.m2/repository/com/cedarsoftware/java-util/1.9.0/java-util-1.9.0.jar:/home/alex/.m2/repository/com/cedarsoftware/json-io/2.5.1/json-io-2.5.1.jar:/home/alex/Repositories/hive/shims/scheduler/target/classes:/home/alex/Repositories/hive/spark-client/target/classes:/home/alex/.m2/repository/io/netty/netty-all/4.1.65.Final/netty-all-4.1.65.Final.jar:/home/alex/.m2/repository/com/fasterxml/jackson/module/jackson-module-scala_2.12/2.12.0/jackson-module-scala_2.12-2.12.0.jar:/home/alex/.m2/repository/org/apache/spark/spark-yarn_2.12/2.4.5/spark-yarn_2.12-2.4.5.jar:/home/alex/Repositories/hive/storage-api/target/classes:/home/alex/.m2/repository/com/amazonaws/aws-java-sdk-bundle/1.11.901/aws-java-sdk-bundle-1.11.901.jar:/home/alex/.m2/repository/com/amazonaws/secretsmanager/aws-secretsmanager-caching-java/1.0.1/aws-secretsmanager-caching-java-1.0.1.jar:/home/alex/.m2/repository/com/esotericsoftware/kryo/5.0.3/kryo-5.0.3.jar:/home/alex/.m2/repository/org/objenesis/objenesis/3.1/objenesis-3.1.jar:/home/alex/.m2/repository/com/esotericsoftware/minlog/1.3.1/minlog-1.3.1.jar:/home/alex/.m2/repository/com/esotericsoftware/reflectasm/1.11.9/reflectasm-1.11.9.jar:/home/alex/.m2/repository/com/google/protobuf/protobuf-java/2.5.0/protobuf-java-2.5.0.jar:/home/alex/.m2/repository/org/apache/hbase/hbase-common/2.0.0-alpha4/hbase-common-2.0.0-alpha4.jar:/home/alex/.m2/repository/org/apache/hbase/thirdparty/hbase-shaded-miscellaneous/1.0.1/hbase-shaded-miscellaneous-1.0.1.jar:/home/alex/.m2/repository/org/apache/htrace/htrace-core/3.2.0-incubating/htrace-core-3.2.0-incubating.jar:/home/alex/.m2/repository/org/apache/commons/commons-crypto/1.0.0/commons-crypto-1.0.0.jar:/home/alex/.m2/repository/com/github/stephenc/findbugs/findbugs-annotations/1.3.9-1/findbugs-annotations-1.3.9-1.jar:/home/alex/.m2/repository/log4j/log4j/1.2.17/log4j-1.2.17.jar:/home/alex/.m2/repository/org/apache/yetus/audience-annotations/0.5.0/audience-annotations-0.5.0.jar:/home/alex/.m2/repository/org/apache/parquet/parquet-hadoop-bundle/1.11.1/parquet-hadoop-bundle-1.11.1.jar:/home/alex/.m2/repository/commons-codec/commons-codec/1.15/commons-codec-1.15.jar:/home/alex/.m2/repository/commons-io/commons-io/2.6/commons-io-2.6.jar:/home/alex/.m2/repository/org/apache/commons/commons-collections4/4.1/commons-collections4-4.1.jar:/home/alex/.m2/repository/org/apache/commons/commons-lang3/3.9/commons-lang3-3.9.jar:/home/alex/.m2/repository/org/apache/commons/commons-text/1.8/commons-text-1.8.jar:/home/alex/.m2/repository/javolution/javolution/5.5.1/javolution-5.5.1.jar:/home/alex/.m2/repository/org/apache/logging/log4j/log4j-1.2-api/2.13.2/log4j-1.2-api-2.13.2.jar:/home/alex/.m2/repository/org/apache/logging/log4j/log4j-api/2.13.2/log4j-api-2.13.2.jar:/home/alex/.m2/repository/org/apache/logging/log4j/log4j-core/2.13.2/log4j-core-2.13.2.jar:/home/alex/.m2/repository/org/apache/logging/log4j/log4j-slf4j-impl/2.13.2/log4j-slf4j-impl-2.13.2.jar:/home/alex/.m2/repository/org/antlr/antlr-runtime/3.5.2/antlr-runtime-3.5.2.jar:/home/alex/.m2/repository/org/antlr/ST4/4.0.4/ST4-4.0.4.jar:/home/alex/.m2/repository/org/apache/avro/avro/1.8.2/avro-1.8.2.jar:/home/alex/.m2/repository/org/codehaus/jackson/jackson-core-asl/1.9.13/jackson-core-asl-1.9.13.jar:/home/alex/.m2/repository/org/codehaus/jackson/jackson-mapper-asl/1.9.13/jackson-mapper-asl-1.9.13.jar:/home/alex/.m2/repository/com/thoughtworks/paranamer/paranamer/2.8/paranamer-2.8.jar:/home/alex/.m2/repository/org/xerial/snappy/snappy-java/1.1.4/snappy-java-1.1.4.jar:/home/alex/.m2/repository/org/tukaani/xz/1.5/xz-1.5.jar:/home/alex/.m2/repository/org/apache/avro/avro-mapred/1.8.2/avro-mapred-1.8.2-hadoop2.jar:/home/alex/.m2/repository/org/apache/avro/avro-ipc/1.8.2/avro-ipc-1.8.2.jar:/home/alex/.m2/repository/org/mortbay/jetty/jetty/6.1.26/jetty-6.1.26.jar:/home/alex/.m2/repository/org/apache/ant/ant/1.9.1/ant-1.9.1.jar:/home/alex/.m2/repository/org/apache/ant/ant-launcher/1.9.1/ant-launcher-1.9.1.jar:/home/alex/.m2/repository/org/apache/commons/commons-compress/1.21/commons-compress-1.21.jar:/home/alex/.m2/repository/org/apache/thrift/libfb303/0.9.3/libfb303-0.9.3.jar:/home/alex/.m2/repository/org/apache/hadoop/hadoop-common/3.1.0/hadoop-common-3.1.0.jar:/home/alex/.m2/repository/org/apache/hadoop/hadoop-annotations/3.1.0/hadoop-annotations-3.1.0.jar:/home/alex/.m2/repository/commons-net/commons-net/3.6/commons-net-3.6.jar:/home/alex/.m2/repository/org/eclipse/jetty/jetty-util/9.3.27.v20190418/jetty-util-9.3.27.v20190418.jar:/home/alex/.m2/repository/javax/servlet/jsp/jsp-api/2.1/jsp-api-2.1.jar:/home/alex/.m2/repository/com/sun/jersey/jersey-core/1.19/jersey-core-1.19.jar:/home/alex/.m2/repository/javax/ws/rs/jsr311-api/1.1.1/jsr311-api-1.1.1.jar:/home/alex/.m2/repository/com/sun/jersey/jersey-json/1.19/jersey-json-1.19.jar:/home/alex/.m2/repository/com/sun/xml/bind/jaxb-impl/2.2.3-1/jaxb-impl-2.2.3-1.jar:/home/alex/.m2/repository/org/codehaus/jackson/jackson-jaxrs/1.9.2/jackson-jaxrs-1.9.2.jar:/home/alex/.m2/repository/org/codehaus/jackson/jackson-xc/1.9.2/jackson-xc-1.9.2.jar:/home/alex/.m2/repository/com/sun/jersey/jersey-server/1.19/jersey-server-1.19.jar:/home/alex/.m2/repository/org/apache/commons/commons-configuration2/2.1.1/commons-configuration2-2.1.1.jar:/home/alex/.m2/repository/org/apache/hadoop/hadoop-auth/3.1.0/hadoop-auth-3.1.0.jar:/home/alex/.m2/repository/com/nimbusds/nimbus-jose-jwt/4.41.1/nimbus-jose-jwt-4.41.1.jar:/home/alex/.m2/repository/com/github/stephenc/jcip/jcip-annotations/1.0-1/jcip-annotations-1.0-1.jar:/home/alex/.m2/repository/com/jcraft/jsch/0.1.54/jsch-0.1.54.jar:/home/alex/.m2/repository/org/apache/htrace/htrace-core4/4.1.0-incubating/htrace-core4-4.1.0-incubating.jar:/home/alex/.m2/repository/org/apache/kerby/kerb-simplekdc/1.0.1/kerb-simplekdc-1.0.1.jar:/home/alex/.m2/repository/org/apache/kerby/kerb-client/1.0.1/kerb-client-1.0.1.jar:/home/alex/.m2/repository/org/apache/kerby/kerby-config/1.0.1/kerby-config-1.0.1.jar:/home/alex/.m2/repository/org/apache/kerby/kerb-core/1.0.1/kerb-core-1.0.1.jar:/home/alex/.m2/repository/org/apache/kerby/kerby-pkix/1.0.1/kerby-pkix-1.0.1.jar:/home/alex/.m2/repository/org/apache/kerby/kerby-asn1/1.0.1/kerby-asn1-1.0.1.jar:/home/alex/.m2/repository/org/apache/kerby/kerby-util/1.0.1/kerby-util-1.0.1.jar:/home/alex/.m2/repository/org/apache/kerby/kerb-common/1.0.1/kerb-common-1.0.1.jar:/home/alex/.m2/repository/org/apache/kerby/kerb-crypto/1.0.1/kerb-crypto-1.0.1.jar:/home/alex/.m2/repository/org/apache/kerby/kerb-util/1.0.1/kerb-util-1.0.1.jar:/home/alex/.m2/repository/org/apache/kerby/token-provider/1.0.1/token-provider-1.0.1.jar:/home/alex/.m2/repository/org/apache/kerby/kerb-admin/1.0.1/kerb-admin-1.0.1.jar:/home/alex/.m2/repository/org/apache/kerby/kerb-server/1.0.1/kerb-server-1.0.1.jar:/home/alex/.m2/repository/org/apache/kerby/kerb-identity/1.0.1/kerb-identity-1.0.1.jar:/home/alex/.m2/repository/org/apache/kerby/kerby-xdr/1.0.1/kerby-xdr-1.0.1.jar:/home/alex/.m2/repository/org/codehaus/woodstox/stax2-api/3.1.4/stax2-api-3.1.4.jar:/home/alex/.m2/repository/com/fasterxml/woodstox/woodstox-core/5.0.3/woodstox-core-5.0.3.jar:/home/alex/.m2/repository/org/apache/hadoop/hadoop-archives/3.1.0/hadoop-archives-3.1.0.jar:/home/alex/.m2/repository/org/apache/hadoop/hadoop-yarn-registry/3.1.0/hadoop-yarn-registry-3.1.0.jar:/home/alex/.m2/repository/org/apache/curator/curator-client/4.2.0/curator-client-4.2.0.jar:/home/alex/.m2/repository/org/apache/curator/curator-recipes/4.2.0/curator-recipes-4.2.0.jar:/home/alex/.m2/repository/commons-daemon/commons-daemon/1.0.13/commons-daemon-1.0.13.jar:/home/alex/.m2/repository/dnsjava/dnsjava/2.1.7/dnsjava-2.1.7.jar:/home/alex/.m2/repository/org/apache/hadoop/hadoop-mapreduce-client-core/3.1.0/hadoop-mapreduce-client-core-3.1.0.jar:/home/alex/.m2/repository/org/apache/hadoop/hadoop-hdfs-client/3.1.0/hadoop-hdfs-client-3.1.0.jar:/home/alex/.m2/repository/com/squareup/okhttp/okhttp/2.7.5/okhttp-2.7.5.jar:/home/alex/.m2/repository/com/squareup/okio/okio/1.6.0/okio-1.6.0.jar:/home/alex/.m2/repository/com/google/inject/extensions/guice-servlet/4.0/guice-servlet-4.0.jar:/home/alex/.m2/repository/org/apache/hadoop/hadoop-mapreduce-client-common/3.1.0/hadoop-mapreduce-client-common-3.1.0.jar:/home/alex/.m2/repository/org/apache/hadoop/hadoop-hdfs/3.1.0/hadoop-hdfs-3.1.0.jar:/home/alex/.m2/repository/org/eclipse/jetty/jetty-util-ajax/9.3.19.v20170502/jetty-util-ajax-9.3.19.v20170502.jar:/home/alex/.m2/repository/org/fusesource/leveldbjni/leveldbjni-all/1.8/leveldbjni-all-1.8.jar:/home/alex/.m2/repository/org/apache/hadoop/hadoop-yarn-api/3.1.0/hadoop-yarn-api-3.1.0.jar:/home/alex/.m2/repository/javax/xml/bind/jaxb-api/2.2.11/jaxb-api-2.2.11.jar:/home/alex/.m2/repository/org/apache/hadoop/hadoop-yarn-common/3.1.0/hadoop-yarn-common-3.1.0.jar:/home/alex/.m2/repository/com/google/inject/guice/4.0/guice-4.0.jar:/home/alex/.m2/repository/aopalliance/aopalliance/1.0/aopalliance-1.0.jar:/home/alex/.m2/repository/com/sun/jersey/contribs/jersey-guice/1.19/jersey-guice-1.19.jar:/home/alex/.m2/repository/com/fasterxml/jackson/module/jackson-module-jaxb-annotations/2.12.0/jackson-module-jaxb-annotations-2.12.0.jar:/home/alex/.m2/repository/jakarta/xml/bind/jakarta.xml.bind-api/2.3.2/jakarta.xml.bind-api-2.3.2.jar:/home/alex/.m2/repository/jakarta/activation/jakarta.activation-api/1.2.1/jakarta.activation-api-1.2.1.jar:/home/alex/.m2/repository/org/apache/hadoop/hadoop-yarn-client/3.1.0/hadoop-yarn-client-3.1.0.jar:/home/alex/.m2/repository/org/apache/orc/orc-tools/1.6.9/orc-tools-1.6.9.jar:/home/alex/.m2/repository/com/opencsv/opencsv/3.9/opencsv-3.9.jar:/home/alex/.m2/repository/org/codehaus/jettison/jettison/1.1/jettison-1.1.jar:/home/alex/.m2/repository/org/threeten/threetenbp/1.3.5/threetenbp-1.3.5.jar:/home/alex/.m2/repository/org/apache/ivy/ivy/2.4.0/ivy-2.4.0.jar:/home/alex/.m2/repository/org/apache/thrift/libthrift/0.14.1/libthrift-0.14.1.jar:/home/alex/.m2/repository/org/apache/httpcomponents/httpcore/4.4.13/httpcore-4.4.13.jar:/home/alex/.m2/repository/org/apache/tomcat/embed/tomcat-embed-core/8.5.46/tomcat-embed-core-8.5.46.jar:/home/alex/.m2/repository/org/apache/tomcat/tomcat-annotations-api/8.5.46/tomcat-annotations-api-8.5.46.jar:/home/alex/.m2/repository/javax/annotation/javax.annotation-api/1.3.2/javax.annotation-api-1.3.2.jar:/home/alex/.m2/repository/org/apache/zookeeper/zookeeper/3.5.5/zookeeper-3.5.5.jar:/home/alex/.m2/repository/org/apache/zookeeper/zookeeper-jute/3.5.5/zookeeper-jute-3.5.5.jar:/home/alex/.m2/repository/org/apache/curator/curator-framework/4.2.0/curator-framework-4.2.0.jar:/home/alex/.m2/repository/org/apache/curator/curator-test/4.2.0/curator-test-4.2.0.jar:/home/alex/.m2/repository/org/apache/datasketches/datasketches-hive/1.1.0-incubating/datasketches-hive-1.1.0-incubating.jar:/home/alex/.m2/repository/org/apache/datasketches/datasketches-java/1.3.0-incubating/datasketches-java-1.3.0-incubating.jar:/home/alex/.m2/repository/org/apache/datasketches/datasketches-memory/1.2.0-incubating/datasketches-memory-1.2.0-incubating.jar:/home/alex/.m2/repository/org/slf4j/slf4j-simple/1.7.27/slf4j-simple-1.7.27.jar:/home/alex/.m2/repository/com/lmax/disruptor/3.3.7/disruptor-3.3.7.jar:/home/alex/.m2/repository/org/codehaus/groovy/groovy-all/2.4.11/groovy-all-2.4.11.jar:/home/alex/.m2/repository/org/jodd/jodd-util/6.0.0/jodd-util-6.0.0.jar:/home/alex/.m2/repository/com/fasterxml/jackson/core/jackson-annotations/2.12.0/jackson-annotations-2.12.0.jar:/home/alex/.m2/repository/com/fasterxml/jackson/core/jackson-core/2.12.0/jackson-core-2.12.0.jar:/home/alex/.m2/repository/com/fasterxml/jackson/core/jackson-databind/2.12.0/jackson-databind-2.12.0.jar:/home/alex/.m2/repository/com/fasterxml/jackson/dataformat/jackson-dataformat-yaml/2.12.0/jackson-dataformat-yaml-2.12.0.jar:/home/alex/.m2/repository/org/yaml/snakeyaml/1.27/snakeyaml-1.27.jar:/home/alex/.m2/repository/org/datanucleus/datanucleus-core/5.2.4/datanucleus-core-5.2.4.jar:/home/alex/.m2/repository/org/apache/calcite/calcite-core/1.25.0/calcite-core-1.25.0.jar:/home/alex/.m2/repository/org/apache/calcite/calcite-linq4j/1.25.0/calcite-linq4j-1.25.0.jar:/home/alex/.m2/repository/org/apiguardian/apiguardian-api/1.1.0/apiguardian-api-1.1.0.jar:/home/alex/.m2/repository/com/esri/geometry/esri-geometry-api/2.2.0/esri-geometry-api-2.2.0.jar:/home/alex/.m2/repository/com/yahoo/datasketches/sketches-core/0.9.0/sketches-core-0.9.0.jar:/home/alex/.m2/repository/com/yahoo/datasketches/memory/0.9.0/memory-0.9.0.jar:/home/alex/.m2/repository/org/apache/commons/commons-dbcp2/2.7.0/commons-dbcp2-2.7.0.jar:/home/alex/.m2/repository/org/apache/commons/commons-pool2/2.7.0/commons-pool2-2.7.0.jar:/home/alex/.m2/repository/org/apache/calcite/calcite-druid/1.25.0/calcite-druid-1.25.0.jar:/home/alex/.m2/repository/org/apache/calcite/avatica/avatica/1.12.0/avatica-1.12.0.jar:/home/alex/.m2/repository/com/google/guava/guava/19.0/guava-19.0.jar:/home/alex/.m2/repository/com/googlecode/javaewah/JavaEWAH/0.3.2/JavaEWAH-0.3.2.jar:/home/alex/.m2/repository/com/google/code/gson/gson/2.2.4/gson-2.2.4.jar:/home/alex/.m2/repository/com/tdunning/json/1.8/json-1.8.jar:/home/alex/.m2/repository/stax/stax-api/1.0.1/stax-api-1.0.1.jar:/home/alex/.m2/repository/net/sf/opencsv/opencsv/2.3/opencsv-2.3.jar:/home/alex/Repositories/hive/standalone-metastore/metastore-server/target/classes:/home/alex/.m2/repository/com/zaxxer/HikariCP/2.6.1/HikariCP-2.6.1.jar:/home/alex/.m2/repository/commons-beanutils/commons-beanutils/1.9.4/commons-beanutils-1.9.4.jar:/home/alex/.m2/repository/org/datanucleus/datanucleus-api-jdo/5.2.4/datanucleus-api-jdo-5.2.4.jar:/home/alex/.m2/repository/org/datanucleus/datanucleus-rdbms/5.2.4/datanucleus-rdbms-5.2.4.jar:/home/alex/.m2/repository/org/datanucleus/javax.jdo/3.2.0-release/javax.jdo-3.2.0-release.jar:/home/alex/.m2/repository/javax/transaction/javax.transaction-api/1.3/javax.transaction-api-1.3.jar:/home/alex/.m2/repository/org/glassfish/corba/glassfish-corba-omgapi/4.2.2/glassfish-corba-omgapi-4.2.2.jar:/home/alex/.m2/repository/sqlline/sqlline/1.9.0/sqlline-1.9.0.jar:/home/alex/.m2/repository/org/jline/jline-terminal/3.12.1/jline-terminal-3.12.1.jar:/home/alex/.m2/repository/org/jline/jline-reader/3.12.1/jline-reader-3.12.1.jar:/home/alex/.m2/repository/org/jline/jline-terminal-jansi/3.12.1/jline-terminal-jansi-3.12.1.jar:/home/alex/.m2/repository/org/fusesource/jansi/jansi/1.18/jansi-1.18.jar:/home/alex/.m2/repository/org/jline/jline-terminal-jna/3.12.1/jline-terminal-jna-3.12.1.jar:/home/alex/.m2/repository/net/java/dev/jna/jna/5.3.1/jna-5.3.1.jar:/home/alex/.m2/repository/org/jline/jline-builtins/3.12.1/jline-builtins-3.12.1.jar:/home/alex/.m2/repository/org/jline/jline-style/3.12.1/jline-style-3.12.1.jar:/home/alex/.m2/repository/com/cronutils/cron-utils/9.1.3/cron-utils-9.1.3.jar:/home/alex/.m2/repository/org/glassfish/javax.el/3.0.0/javax.el-3.0.0.jar:/home/alex/.m2/repository/com/oracle/database/jdbc/ojdbc8/21.3.0.0/ojdbc8-21.3.0.0.jar:/home/alex/.m2/repository/mysql/mysql-connector-java/8.0.27/mysql-connector-java-8.0.27.jar:/home/alex/.m2/repository/com/microsoft/sqlserver/mssql-jdbc/6.2.1.jre8/mssql-jdbc-6.2.1.jre8.jar:/home/alex/.m2/repository/org/postgresql/postgresql/42.2.14/postgresql-42.2.14.jar:/home/alex/Repositories/hive/common/target/test-classes:/home/alex/Repositories/hive/standalone-metastore/metastore-common/target/test-classes:/home/alex/.m2/repository/com/github/ben-manes/caffeine/caffeine/2.8.4/caffeine-2.8.4.jar:/home/alex/.m2/repository/org/checkerframework/checker-qual/3.4.0/checker-qual-3.4.0.jar:/home/alex/Repositories/hive/standalone-metastore/metastore-server/target/test-classes:/home/alex/.m2/repository/org/apache/parquet/parquet-column/1.11.1/parquet-column-1.11.1-tests.jar:/home/alex/.m2/repository/org/apache/parquet/parquet-common/1.11.1/parquet-common-1.11.1.jar:/home/alex/.m2/repository/org/apache/parquet/parquet-format-structures/1.11.1/parquet-format-structures-1.11.1.jar:/home/alex/.m2/repository/org/apache/parquet/parquet-encoding/1.11.1/parquet-encoding-1.11.1.jar:/home/alex/.m2/repository/junit/junit/4.13/junit-4.13.jar:/home/alex/.m2/repository/org/hamcrest/hamcrest-core/1.3/hamcrest-core-1.3.jar:/home/alex/.m2/repository/org/junit/jupiter/junit-jupiter-engine/5.6.2/junit-jupiter-engine-5.6.2.jar:/home/alex/.m2/repository/org/junit/platform/junit-platform-engine/1.6.2/junit-platform-engine-1.6.2.jar:/home/alex/.m2/repository/org/opentest4j/opentest4j/1.2.0/opentest4j-1.2.0.jar:/home/alex/.m2/repository/org/junit/platform/junit-platform-commons/1.6.2/junit-platform-commons-1.6.2.jar:/home/alex/.m2/repository/org/junit/jupiter/junit-jupiter-api/5.6.2/junit-jupiter-api-5.6.2.jar:/home/alex/.m2/repository/org/junit/jupiter/junit-jupiter-params/5.6.2/junit-jupiter-params-5.6.2.jar:/home/alex/.m2/repository/org/junit/vintage/junit-vintage-engine/5.6.2/junit-vintage-engine-5.6.2.jar:/home/alex/.m2/repository/org/apache/tez/tez-api/0.10.1/tez-api-0.10.1.jar:/usr/lib/jvm/java-8-openjdk-amd64/jre/../lib/tools.jar:/home/alex/.m2/repository/org/apache/tez/tez-runtime-library/0.10.1/tez-runtime-library-0.10.1.jar:/home/alex/.m2/repository/org/roaringbitmap/RoaringBitmap/0.5.21/RoaringBitmap-0.5.21.jar:/home/alex/.m2/repository/org/asynchttpclient/async-http-client/2.12.1/async-http-client-2.12.1.jar:/home/alex/.m2/repository/org/asynchttpclient/async-http-client-netty-utils/2.12.1/async-http-client-netty-utils-2.12.1.jar:/home/alex/.m2/repository/io/netty/netty-buffer/4.1.48.Final/netty-buffer-4.1.48.Final.jar:/home/alex/.m2/repository/io/netty/netty-codec-http/4.1.48.Final/netty-codec-http-4.1.48.Final.jar:/home/alex/.m2/repository/io/netty/netty-common/4.1.48.Final/netty-common-4.1.48.Final.jar:/home/alex/.m2/repository/io/netty/netty-transport/4.1.48.Final/netty-transport-4.1.48.Final.jar:/home/alex/.m2/repository/io/netty/netty-codec/4.1.48.Final/netty-codec-4.1.48.Final.jar:/home/alex/.m2/repository/io/netty/netty-handler/4.1.48.Final/netty-handler-4.1.48.Final.jar:/home/alex/.m2/repository/io/netty/netty-resolver/4.1.48.Final/netty-resolver-4.1.48.Final.jar:/home/alex/.m2/repository/io/netty/netty-codec-socks/4.1.48.Final/netty-codec-socks-4.1.48.Final.jar:/home/alex/.m2/repository/io/netty/netty-handler-proxy/4.1.48.Final/netty-handler-proxy-4.1.48.Final.jar:/home/alex/.m2/repository/io/netty/netty-transport-native-epoll/4.1.48.Final/netty-transport-native-epoll-4.1.48.Final-linux-x86_64.jar:/home/alex/.m2/repository/io/netty/netty-transport-native-unix-common/4.1.48.Final/netty-transport-native-unix-common-4.1.48.Final.jar:/home/alex/.m2/repository/io/netty/netty-transport-native-kqueue/4.1.48.Final/netty-transport-native-kqueue-4.1.48.Final-osx-x86_64.jar:/home/alex/.m2/repository/org/reactivestreams/reactive-streams/1.0.3/reactive-streams-1.0.3.jar:/home/alex/.m2/repository/com/typesafe/netty/netty-reactive-streams/2.0.4/netty-reactive-streams-2.0.4.jar:/home/alex/.m2/repository/com/sun/activation/javax.activation/1.2.0/javax.activation-1.2.0.jar:/home/alex/.m2/repository/org/apache/tez/tez-common/0.10.1/tez-common-0.10.1.jar:/home/alex/.m2/repository/org/apache/tez/tez-runtime-internals/0.10.1/tez-runtime-internals-0.10.1.jar:/home/alex/.m2/repository/org/apache/tez/hadoop-shim/0.10.1/hadoop-shim-0.10.1.jar:/home/alex/.m2/repository/org/apache/tez/tez-mapreduce/0.10.1/tez-mapreduce-0.10.1.jar:/home/alex/.m2/repository/org/apache/tez/tez-dag/0.10.1/tez-dag-0.10.1.jar:/home/alex/.m2/repository/org/apache/hadoop/hadoop-yarn-server-web-proxy/3.1.0/hadoop-yarn-server-web-proxy-3.1.0.jar:/home/alex/.m2/repository/org/apache/hadoop/hadoop-yarn-server-common/3.1.0/hadoop-yarn-server-common-3.1.0.jar:/home/alex/.m2/repository/org/apache/geronimo/specs/geronimo-jcache_1.0_spec/1.0-alpha-1/geronimo-jcache_1.0_spec-1.0-alpha-1.jar:/home/alex/.m2/repository/org/ehcache/ehcache/3.3.1/ehcache-3.3.1.jar:/home/alex/.m2/repository/com/zaxxer/HikariCP-java7/2.4.12/HikariCP-java7-2.4.12.jar:/home/alex/.m2/repository/org/apache/spark/spark-core_2.12/2.4.5/spark-core_2.12-2.4.5.jar:/home/alex/.m2/repository/com/twitter/chill_2.12/0.9.3/chill_2.12-0.9.3.jar:/home/alex/.m2/repository/com/twitter/chill-java/0.9.3/chill-java-0.9.3.jar:/home/alex/.m2/repository/org/apache/xbean/xbean-asm6-shaded/4.8/xbean-asm6-shaded-4.8.jar:/home/alex/.m2/repository/org/apache/hadoop/hadoop-client/3.1.0/hadoop-client-3.1.0.jar:/home/alex/.m2/repository/org/apache/hadoop/hadoop-mapreduce-client-jobclient/3.1.0/hadoop-mapreduce-client-jobclient-3.1.0.jar:/home/alex/.m2/repository/org/apache/spark/spark-launcher_2.12/2.4.5/spark-launcher_2.12-2.4.5.jar:/home/alex/.m2/repository/org/apache/spark/spark-kvstore_2.12/2.4.5/spark-kvstore_2.12-2.4.5.jar:/home/alex/.m2/repository/org/apache/spark/spark-network-common_2.12/2.4.5/spark-network-common_2.12-2.4.5.jar:/home/alex/.m2/repository/org/apache/spark/spark-network-shuffle_2.12/2.4.5/spark-network-shuffle_2.12-2.4.5.jar:/home/alex/.m2/repository/org/apache/spark/spark-unsafe_2.12/2.4.5/spark-unsafe_2.12-2.4.5.jar:/home/alex/.m2/repository/javax/activation/activation/1.1.1/activation-1.1.1.jar:/home/alex/.m2/repository/org/slf4j/jul-to-slf4j/1.7.16/jul-to-slf4j-1.7.16.jar:/home/alex/.m2/repository/org/slf4j/jcl-over-slf4j/1.7.16/jcl-over-slf4j-1.7.16.jar:/home/alex/.m2/repository/com/ning/compress-lzf/1.0.3/compress-lzf-1.0.3.jar:/home/alex/.m2/repository/org/lz4/lz4-java/1.4.0/lz4-java-1.4.0.jar:/home/alex/.m2/repository/com/github/luben/zstd-jni/1.3.2-2/zstd-jni-1.3.2-2.jar:/home/alex/.m2/repository/org/scala-lang/scala-library/2.12.10/scala-library-2.12.10.jar:/home/alex/.m2/repository/org/json4s/json4s-jackson_2.12/3.5.3/json4s-jackson_2.12-3.5.3.jar:/home/alex/.m2/repository/org/json4s/json4s-core_2.12/3.5.3/json4s-core_2.12-3.5.3.jar:/home/alex/.m2/repository/org/json4s/json4s-ast_2.12/3.5.3/json4s-ast_2.12-3.5.3.jar:/home/alex/.m2/repository/org/json4s/json4s-scalap_2.12/3.5.3/json4s-scalap_2.12-3.5.3.jar:/home/alex/.m2/repository/org/scala-lang/modules/scala-xml_2.12/1.0.6/scala-xml_2.12-1.0.6.jar:/home/alex/.m2/repository/com/clearspring/analytics/stream/2.7.0/stream-2.7.0.jar:/home/alex/.m2/repository/io/dropwizard/metrics/metrics-graphite/3.1.5/metrics-graphite-3.1.5.jar:/home/alex/.m2/repository/oro/oro/2.0.8/oro-2.0.8.jar:/home/alex/.m2/repository/net/razorvine/pyrolite/4.13/pyrolite-4.13.jar:/home/alex/.m2/repository/net/sf/py4j/py4j/0.10.7/py4j-0.10.7.jar:/home/alex/.m2/repository/org/apache/spark/spark-tags_2.12/2.4.5/spark-tags_2.12-2.4.5.jar:/home/alex/.m2/repository/org/spark-project/spark/unused/1.0.0/unused-1.0.0.jar:/home/alex/.m2/repository/com/sun/jersey/jersey-servlet/1.19/jersey-servlet-1.19.jar:/home/alex/.m2/repository/org/glassfish/jersey/core/jersey-server/2.22.2/jersey-server-2.22.2.jar:/home/alex/.m2/repository/org/glassfish/jersey/core/jersey-common/2.22.2/jersey-common-2.22.2.jar:/home/alex/.m2/repository/org/glassfish/jersey/bundles/repackaged/jersey-guava/2.22.2/jersey-guava-2.22.2.jar:/home/alex/.m2/repository/org/glassfish/hk2/osgi-resource-locator/1.0.1/osgi-resource-locator-1.0.1.jar:/home/alex/.m2/repository/org/glassfish/jersey/core/jersey-client/2.22.2/jersey-client-2.22.2.jar:/home/alex/.m2/repository/javax/ws/rs/javax.ws.rs-api/2.0.1/javax.ws.rs-api-2.0.1.jar:/home/alex/.m2/repository/org/glassfish/jersey/media/jersey-media-jaxb/2.22.2/jersey-media-jaxb-2.22.2.jar:/home/alex/.m2/repository/org/glassfish/hk2/hk2-api/2.4.0-b34/hk2-api-2.4.0-b34.jar:/home/alex/.m2/repository/org/glassfish/hk2/hk2-utils/2.4.0-b34/hk2-utils-2.4.0-b34.jar:/home/alex/.m2/repository/org/glassfish/hk2/external/aopalliance-repackaged/2.4.0-b34/aopalliance-repackaged-2.4.0-b34.jar:/home/alex/.m2/repository/org/glassfish/hk2/external/javax.inject/2.4.0-b34/javax.inject-2.4.0-b34.jar:/home/alex/.m2/repository/org/glassfish/hk2/hk2-locator/2.4.0-b34/hk2-locator-2.4.0-b34.jar:/home/alex/.m2/repository/javax/validation/validation-api/1.1.0.Final/validation-api-1.1.0.Final.jar:/home/alex/.m2/repository/org/glassfish/jersey/containers/jersey-container-servlet-core/2.22.2/jersey-container-servlet-core-2.22.2.jar:/home/alex/.m2/repository/org/hamcrest/hamcrest-all/1.3/hamcrest-all-1.3.jar:/home/alex/.m2/repository/org/powermock/powermock-module-junit4/2.0.2/powermock-module-junit4-2.0.2.jar:/home/alex/.m2/repository/org/powermock/powermock-module-junit4-common/2.0.2/powermock-module-junit4-common-2.0.2.jar:/home/alex/.m2/repository/org/powermock/powermock-reflect/2.0.2/powermock-reflect-2.0.2.jar:/home/alex/.m2/repository/org/powermock/powermock-core/2.0.2/powermock-core-2.0.2.jar:/home/alex/.m2/repository/org/powermock/powermock-api-mockito2/2.0.2/powermock-api-mockito2-2.0.2.jar:/home/alex/.m2/repository/org/powermock/powermock-api-support/2.0.2/powermock-api-support-2.0.2.jar:/home/alex/.m2/repository/com/google/guava/guava-testlib/19.0/guava-testlib-19.0.jar:/home/alex/.m2/repository/com/google/errorprone/error_prone_annotations/2.0.2/error_prone_annotations-2.0.2.jar:/home/alex/.m2/repository/com/google/re2j/re2j/1.2/re2j-1.2.jar:/home/alex/.m2/repository/org/reflections/reflections/0.9.10/reflections-0.9.10.jar:/home/alex/.m2/repository/org/javassist/javassist/3.19.0-GA/javassist-3.19.0-GA.jar:/home/alex/.m2/repository/com/jayway/jsonpath/json-path/2.4.0/json-path-2.4.0.jar:/home/alex/.m2/repository/net/minidev/json-smart/2.3/json-smart-2.3.jar:/home/alex/.m2/repository/net/minidev/accessors-smart/1.2/accessors-smart-1.2.jar:/home/alex/.m2/repository/org/ow2/asm/asm/5.0.4/asm-5.0.4.jar:/home/alex/.m2/repository/org/codehaus/janino/commons-compiler/3.0.11/commons-compiler-3.0.11.jar:/home/alex/.m2/repository/org/codehaus/janino/janino/3.0.11/janino-3.0.11.jar:/home/alex/.m2/repository/com/sun/jersey/contribs/jersey-multipart/1.19/jersey-multipart-1.19.jar:/home/alex/.m2/repository/org/jvnet/mimepull/mimepull/1.9.3/mimepull-1.9.3.jar:/home/alex/.m2/repository/org/apache/kafka/kafka-clients/2.5.0/kafka-clients-2.5.0.jar:/home/alex/.m2/repository/org/slf4j/slf4j-api/1.7.30/slf4j-api-1.7.30.jar:/home/alex/.m2/repository/org/mockito/mockito-core/3.4.4/mockito-core-3.4.4.jar:/home/alex/.m2/repository/net/bytebuddy/byte-buddy/1.10.13/byte-buddy-1.10.13.jar:/home/alex/.m2/repository/net/bytebuddy/byte-buddy-agent/1.10.13/byte-buddy-agent-1.10.13.jar:/home/alex/Repositories/hive/ql/target/testconf:/home/alex/Repositories/hive/ql/../conf:"/>
    <property name="sun.cpu.endian" value="little"/>
    <property name="user.home" value="/home/alex"/>
    <property name="user.language" value="en"/>
    <property name="java.security.krb5.conf" value="/home/alex/Repositories/hive/ql/target/testconf/krb5.conf"/>
    <property name="test.dfs.mkdir" value=""/>
    <property name="java.awt.graphicsenv" value="sun.awt.X11GraphicsEnvironment"/>
    <property name="nondexFilter" value=".*"/>
    <property name="nondexSeed" value="1016066"/>
    <property name="surefire.real.class.path" value="/home/alex/Repositories/hive/ql/target/surefire/surefirebooter3551127832411333143.jar"/>
    <property name="hadoop.log.dir" value="/home/alex/Repositories/hive/ql/target/tmp"/>
    <property name="java.net.preferIPv4Stack" value="true"/>
    <property name="path.separator" value=":"/>
    <property name="os.version" value="6.5.0-28-generic"/>
    <property name="java.endorsed.dirs" value="/usr/lib/jvm/java-8-openjdk-amd64/jre/lib/endorsed"/>
    <property name="java.runtime.name" value="OpenJDK Runtime Environment"/>
    <property name="hive.test.console.log.level" value="INFO"/>
    <property name="java.vm.name" value="OpenJDK 64-Bit Server VM"/>
    <property name="java.vendor.url.bug" value="http://bugreport.sun.com/bugreport/"/>
    <property name="maven.local.repository" value="/home/alex/.m2/repository"/>
    <property name="user.dir" value="/home/alex/Repositories/hive/ql"/>
    <property name="os.arch" value="amd64"/>
    <property name="nondexMode" value="FULL"/>
    <property name="user.language.format" value="pt"/>
    <property name="antlr.version" value="3.5.2"/>
    <property name="derby.version" value="10.14.1.0"/>
    <property name="java.vm.info" value="mixed mode"/>
    <property name="java.vm.version" value="25.402-b06"/>
    <property name="java.ext.dirs" value="/usr/lib/jvm/java-8-openjdk-amd64/jre/lib/ext:/usr/java/packages/lib/ext"/>
    <property name="java.class.version" value="52.0"/>
    <property name="test.output.overwrite" value=""/>
    <property name="hive.root" value="/home/alex/Repositories/hive/ql/../"/>
  </properties>
  <testcase name="testInsertFromUnion" classname="org.apache.hadoop.hive.ql.TestTxnNoBucketsVectorized" time="23.492"/>
  <testcase name="testCtasPartitioned" classname="org.apache.hadoop.hive.ql.TestTxnNoBucketsVectorized" time="3.34"/>
  <testcase name="testNoBucketsDP" classname="org.apache.hadoop.hive.ql.TestTxnNoBucketsVectorized" time="14.345">
    <error type="java.lang.RuntimeException"><![CDATA[java.lang.RuntimeException: update nobuckets set c2 = 17 where c2 in(0,3) failed: (responseCode = 40000, errorMessage = FAILED: NoMatchingMethodException No matching method for class org.apache.hadoop.hive.ql.udf.UDFToInteger with (struct<writeid:bigint,bucketid:int,rowid:bigint>). Possible choices: _FUNC_(bigint)  _FUNC_(boolean)  _FUNC_(decimal(38,18))  _FUNC_(double)  _FUNC_(float)  _FUNC_(smallint)  _FUNC_(string)  _FUNC_(struct<bucketid:bigint,rowid:bigint,writeid:int>)  _FUNC_(timestamp)  _FUNC_(tinyint)  _FUNC_(void)  , hiveErrorCode = 40000, SQLState = 42000, exception = No matching method for class org.apache.hadoop.hive.ql.udf.UDFToInteger with (struct<writeid:bigint,bucketid:int,rowid:bigint>). Possible choices: _FUNC_(bigint)  _FUNC_(boolean)  _FUNC_(decimal(38,18))  _FUNC_(double)  _FUNC_(float)  _FUNC_(smallint)  _FUNC_(string)  _FUNC_(struct<bucketid:bigint,rowid:bigint,writeid:int>)  _FUNC_(timestamp)  _FUNC_(tinyint)  _FUNC_(void)  )
	at org.apache.hadoop.hive.ql.TxnCommandsBaseForTests.runStatementOnDriver(TxnCommandsBaseForTests.java:247)
	at org.apache.hadoop.hive.ql.TestTxnNoBuckets.testNoBucketsDP(TestTxnNoBuckets.java:233)
	at sun.reflect.NativeMethodAccessorImpl.invoke0(Native Method)
	at sun.reflect.NativeMethodAccessorImpl.invoke(NativeMethodAccessorImpl.java:62)
	at sun.reflect.DelegatingMethodAccessorImpl.invoke(DelegatingMethodAccessorImpl.java:43)
	at java.lang.reflect.Method.invoke(Method.java:498)
	at org.junit.runners.model.FrameworkMethod$1.runReflectiveCall(FrameworkMethod.java:59)
	at org.junit.internal.runners.model.ReflectiveCallable.run(ReflectiveCallable.java:12)
	at org.junit.runners.model.FrameworkMethod.invokeExplosively(FrameworkMethod.java:56)
	at org.junit.internal.runners.statements.InvokeMethod.evaluate(InvokeMethod.java:17)
	at org.junit.internal.runners.statements.RunBefores.evaluate(RunBefores.java:26)
	at org.junit.internal.runners.statements.RunAfters.evaluate(RunAfters.java:27)
	at org.junit.rules.TestWatcher$1.evaluate(TestWatcher.java:61)
	at org.junit.runners.ParentRunner$3.evaluate(ParentRunner.java:306)
	at org.junit.runners.BlockJUnit4ClassRunner$1.evaluate(BlockJUnit4ClassRunner.java:100)
	at org.junit.runners.ParentRunner.runLeaf(ParentRunner.java:366)
	at org.junit.runners.BlockJUnit4ClassRunner.runChild(BlockJUnit4ClassRunner.java:103)
	at org.junit.runners.BlockJUnit4ClassRunner.runChild(BlockJUnit4ClassRunner.java:63)
	at org.junit.runners.ParentRunner$4.run(ParentRunner.java:331)
	at org.junit.runners.ParentRunner$1.schedule(ParentRunner.java:79)
	at org.junit.runners.ParentRunner.runChildren(ParentRunner.java:329)
	at org.junit.runners.ParentRunner.access$100(ParentRunner.java:66)
	at org.junit.runners.ParentRunner$2.evaluate(ParentRunner.java:293)
	at org.junit.runners.ParentRunner$3.evaluate(ParentRunner.java:306)
	at org.junit.runners.ParentRunner.run(ParentRunner.java:413)
	at org.junit.runner.JUnitCore.run(JUnitCore.java:137)
	at org.junit.runner.JUnitCore.run(JUnitCore.java:115)
	at org.junit.vintage.engine.execution.RunnerExecutor.execute(RunnerExecutor.java:43)
	at java.util.stream.ForEachOps$ForEachOp$OfRef.accept(ForEachOps.java:183)
	at java.util.stream.ReferencePipeline$3$1.accept(ReferencePipeline.java:193)
	at java.util.Iterator.forEachRemaining(Iterator.java:116)
	at java.util.Spliterators$IteratorSpliterator.forEachRemaining(Spliterators.java:1801)
	at java.util.stream.AbstractPipeline.copyInto(AbstractPipeline.java:482)
	at java.util.stream.AbstractPipeline.wrapAndCopyInto(AbstractPipeline.java:472)
	at java.util.stream.ForEachOps$ForEachOp.evaluateSequential(ForEachOps.java:150)
	at java.util.stream.ForEachOps$ForEachOp$OfRef.evaluateSequential(ForEachOps.java:173)
	at java.util.stream.AbstractPipeline.evaluate(AbstractPipeline.java:234)
	at java.util.stream.ReferencePipeline.forEach(ReferencePipeline.java:485)
	at org.junit.vintage.engine.VintageTestEngine.executeAllChildren(VintageTestEngine.java:82)
	at org.junit.vintage.engine.VintageTestEngine.execute(VintageTestEngine.java:73)
	at org.junit.platform.launcher.core.DefaultLauncher.execute(DefaultLauncher.java:248)
	at org.junit.platform.launcher.core.DefaultLauncher.lambda$execute$5(DefaultLauncher.java:211)
	at org.junit.platform.launcher.core.DefaultLauncher.withInterceptedStreams(DefaultLauncher.java:226)
	at org.junit.platform.launcher.core.DefaultLauncher.execute(DefaultLauncher.java:199)
	at org.junit.platform.launcher.core.DefaultLauncher.execute(DefaultLauncher.java:132)
	at org.apache.maven.surefire.junitplatform.JUnitPlatformProvider.invokeAllTests(JUnitPlatformProvider.java:154)
	at org.apache.maven.surefire.junitplatform.JUnitPlatformProvider.invoke(JUnitPlatformProvider.java:123)
	at org.apache.maven.surefire.booter.ForkedBooter.runSuitesInProcess(ForkedBooter.java:377)
	at org.apache.maven.surefire.booter.ForkedBooter.execute(ForkedBooter.java:138)
	at org.apache.maven.surefire.booter.ForkedBooter.run(ForkedBooter.java:465)
	at org.apache.maven.surefire.booter.ForkedBooter.main(ForkedBooter.java:451)
]]></error>
    <system-err><![CDATA[2024-04-24T04:57:56,157  WARN [main] conf.HiveConf: HiveConf of name hive.llap.io.cache.orc.alloc.max does not exist
2024-04-24T04:57:56,157  WARN [main] conf.HiveConf: HiveConf of name hive.metastore.metadb.dir does not exist
2024-04-24T04:57:56,158  WARN [main] conf.HiveConf: HiveConf of name hive.metastore.client.cache.recordStats does not exist
2024-04-24T04:57:56,158  WARN [main] conf.HiveConf: HiveConf of name hive.llap.io.cache.orc.arena.size does not exist
2024-04-24T04:57:56,158  WARN [main] conf.HiveConf: HiveConf of name hive.dummyparam.test.server.specific.config.hivesite does not exist
2024-04-24T04:57:56,158  WARN [main] conf.HiveConf: HiveConf of name hive.llap.io.cache.orc.size does not exist
2024-04-24T04:57:56,158  WARN [main] conf.HiveConf: HiveConf of name hive.stats.key.prefix.reserve.length does not exist
2024-04-24T04:57:56,158  WARN [main] conf.HiveConf: HiveConf of name hive.dummyparam.test.server.specific.config.metastoresite does not exist
2024-04-24T04:57:56,158  WARN [main] conf.HiveConf: HiveConf of name hive.llap.io.cache.orc.alloc.min does not exist
2024-04-24T04:57:56,158  WARN [main] conf.HiveConf: HiveConf of name hive.dummyparam.test.server.specific.config.override does not exist
2024-04-24T04:57:56,158  WARN [main] conf.HiveConf: HiveConf of name hive.metastore.client.cache.maxSize does not exist
2024-04-24T04:57:56,160  INFO [main] utils.TestTxnDbUtil: Creating transactional tables
Hive Session ID = 58c22cca-0704-4611-b509-aa39277260ab
2024-04-24T04:57:56,163  INFO [main] SessionState: Hive Session ID = 58c22cca-0704-4611-b509-aa39277260ab
ivysettings.xml file not found in HIVE_HOME or HIVE_CONF_DIR,/home/alex/Repositories/hive/conf/ivysettings.xml will be used
2024-04-24T04:57:56,163  INFO [main] DependencyResolver: ivysettings.xml file not found in HIVE_HOME or HIVE_CONF_DIR,/home/alex/Repositories/hive/conf/ivysettings.xml will be used
2024-04-24T04:57:56,169  INFO [main] session.SessionState: Created HDFS directory: /home/alex/Repositories/hive/ql/target/tmp/scratchdir/alex/58c22cca-0704-4611-b509-aa39277260ab
2024-04-24T04:57:56,171  INFO [main] session.SessionState: Created local directory: /home/alex/Repositories/hive/ql/target/tmp/localscratchdir/58c22cca-0704-4611-b509-aa39277260ab
2024-04-24T04:57:56,173  INFO [main] session.SessionState: Created HDFS directory: /home/alex/Repositories/hive/ql/target/tmp/scratchdir/alex/58c22cca-0704-4611-b509-aa39277260ab/_tmp_space.db
2024-04-24T04:57:56,173  INFO [main] sqlstd.SQLStdHiveAccessController: Created SQLStdHiveAccessController for session context : HiveAuthzSessionContext [sessionString=58c22cca-0704-4611-b509-aa39277260ab, clientType=HIVECLI]
2024-04-24T04:57:56,174  INFO [main] ql.TxnCommandsBaseForTests: Running the query: drop table if exists acidTbl
2024-04-24T04:57:56,174  INFO [main] ql.Driver: Compiling command(queryId=alex_20240424045756_788d3b79-7bfc-45da-bf99-3c6c7cf7e62f): drop table if exists acidTbl
2024-04-24T04:57:56,182  INFO [main] txn.TxnHandler: Added entries to MIN_HISTORY_LEVEL for current txns: ([1]) with min_open_txn: 1
2024-04-24T04:57:56,182  INFO [main] lockmgr.DbTxnManager: Opened txnid:1
2024-04-24T04:57:56,185  INFO [main] HiveMetaStore.audit: ugi=alex	ip=unknown-ip-addr	cmd=get_table : tbl=hive.default.acidTbl	
2024-04-24T04:57:56,188  INFO [main] ql.Driver: Semantic Analysis Completed (retrial = false)
2024-04-24T04:57:56,188  INFO [main] ql.Driver: Created Hive schema: Schema(fieldSchemas:null, properties:null)
2024-04-24T04:57:56,188  INFO [main] metadata.Hive: Dumping metastore api call timing information for : compilation phase
2024-04-24T04:57:56,189  INFO [main] metadata.Hive: Total time spent in each metastore function (ms): {commitTxn_(CommitTxnRequest)=10, openTxn_(String, TxnType)=7, getValidTxns_(long)=2, isCompatibleWith_(Configuration)=1, flushCache_()=0}
2024-04-24T04:57:56,189  INFO [main] ql.Driver: Completed compiling command(queryId=alex_20240424045756_788d3b79-7bfc-45da-bf99-3c6c7cf7e62f); Time taken: 0.014 seconds
2024-04-24T04:57:56,189  INFO [main] lockmgr.DbTxnManager: Setting lock request transaction to txnid:1 for queryId=alex_20240424045756_788d3b79-7bfc-45da-bf99-3c6c7cf7e62f
2024-04-24T04:57:56,189  INFO [main] ql.Driver: Operation DROPTABLE obtained 0 locks
2024-04-24T04:57:56,189  INFO [main] ql.Driver: Executing command(queryId=alex_20240424045756_788d3b79-7bfc-45da-bf99-3c6c7cf7e62f): drop table if exists acidTbl
2024-04-24T04:57:56,189  INFO [main] ql.Driver: Starting task [Stage-0:DDL] in serial mode
2024-04-24T04:57:56,189  INFO [main] HiveMetaStore.audit: ugi=alex	ip=unknown-ip-addr	cmd=get_table : tbl=hive.default.acidTbl	
2024-04-24T04:57:56,193  INFO [main] metadata.Hive: Dumping metastore api call timing information for : execution phase
2024-04-24T04:57:56,193  INFO [main] metadata.Hive: Total time spent in each metastore function (ms): {isCompatibleWith_(Configuration)=0}
2024-04-24T04:57:56,193  INFO [main] ql.Driver: Completed executing command(queryId=alex_20240424045756_788d3b79-7bfc-45da-bf99-3c6c7cf7e62f); Time taken: 0.004 seconds
2024-04-24T04:57:56,193  INFO [main] lockmgr.DbTxnManager: Stopped heartbeat for query: alex_20240424045756_788d3b79-7bfc-45da-bf99-3c6c7cf7e62f
2024-04-24T04:57:56,200  INFO [main] txn.TxnHandler: Expected to move at least one record from txn_components to completed_txn_components when committing txn! txnid:1
2024-04-24T04:57:56,207  INFO [main] txn.TxnHandler: Removed transactions: ([1]) from MIN_HISTORY_LEVEL
2024-04-24T04:57:56,207  WARN [main] txn.CompactionTxnHandler: No compaction queue record found for Compaction type transaction commit. txnId:1
2024-04-24T04:57:56,207  INFO [main] ql.TxnCommandsBaseForTests: Running the query: drop table if exists acidTblPart
2024-04-24T04:57:56,208  INFO [main] ql.Driver: Compiling command(queryId=alex_20240424045756_afcafe49-5740-454b-8e89-5901ae71c579): drop table if exists acidTblPart
2024-04-24T04:57:56,210  INFO [main] txn.TxnHandler: Added entries to MIN_HISTORY_LEVEL for current txns: ([2]) with min_open_txn: 1
2024-04-24T04:57:56,210  INFO [main] lockmgr.DbTxnManager: Opened txnid:2
2024-04-24T04:57:56,211  INFO [main] HiveMetaStore.audit: ugi=alex	ip=unknown-ip-addr	cmd=get_table : tbl=hive.default.acidTblPart	
2024-04-24T04:57:56,214  INFO [main] ql.Driver: Semantic Analysis Completed (retrial = false)
2024-04-24T04:57:56,214  INFO [main] ql.Driver: Created Hive schema: Schema(fieldSchemas:null, properties:null)
2024-04-24T04:57:56,214  INFO [main] metadata.Hive: Dumping metastore api call timing information for : compilation phase
2024-04-24T04:57:56,215  INFO [main] metadata.Hive: Total time spent in each metastore function (ms): {openTxn_(String, TxnType)=2, commitTxn_(CommitTxnRequest)=14, isCompatibleWith_(Configuration)=0, flushCache_()=0, getValidTxns_(long)=0}
2024-04-24T04:57:56,215  INFO [main] ql.Driver: Completed compiling command(queryId=alex_20240424045756_afcafe49-5740-454b-8e89-5901ae71c579); Time taken: 0.006 seconds
2024-04-24T04:57:56,215  INFO [main] lockmgr.DbTxnManager: Setting lock request transaction to txnid:2 for queryId=alex_20240424045756_afcafe49-5740-454b-8e89-5901ae71c579
2024-04-24T04:57:56,215  INFO [main] ql.Driver: Operation DROPTABLE obtained 0 locks
2024-04-24T04:57:56,215  INFO [main] ql.Driver: Executing command(queryId=alex_20240424045756_afcafe49-5740-454b-8e89-5901ae71c579): drop table if exists acidTblPart
2024-04-24T04:57:56,215  INFO [main] ql.Driver: Starting task [Stage-0:DDL] in serial mode
2024-04-24T04:57:56,216  INFO [main] HiveMetaStore.audit: ugi=alex	ip=unknown-ip-addr	cmd=get_table : tbl=hive.default.acidTblPart	
2024-04-24T04:57:56,219  INFO [main] metadata.Hive: Dumping metastore api call timing information for : execution phase
2024-04-24T04:57:56,219  INFO [main] metadata.Hive: Total time spent in each metastore function (ms): {isCompatibleWith_(Configuration)=0}
2024-04-24T04:57:56,219  INFO [main] ql.Driver: Completed executing command(queryId=alex_20240424045756_afcafe49-5740-454b-8e89-5901ae71c579); Time taken: 0.004 seconds
2024-04-24T04:57:56,219  INFO [main] lockmgr.DbTxnManager: Stopped heartbeat for query: alex_20240424045756_afcafe49-5740-454b-8e89-5901ae71c579
2024-04-24T04:57:56,227  INFO [main] txn.TxnHandler: Expected to move at least one record from txn_components to completed_txn_components when committing txn! txnid:2
2024-04-24T04:57:56,236  INFO [main] txn.TxnHandler: Removed transactions: ([2]) from MIN_HISTORY_LEVEL
2024-04-24T04:57:56,236  WARN [main] txn.CompactionTxnHandler: No compaction queue record found for Compaction type transaction commit. txnId:2
2024-04-24T04:57:56,237  INFO [main] ql.TxnCommandsBaseForTests: Running the query: drop table if exists acidTbl2
2024-04-24T04:57:56,238  INFO [main] ql.Driver: Compiling command(queryId=alex_20240424045756_b3db44b2-6663-4b73-86d4-a745439ef103): drop table if exists acidTbl2
2024-04-24T04:57:56,241  INFO [main] txn.TxnHandler: Added entries to MIN_HISTORY_LEVEL for current txns: ([3]) with min_open_txn: 1
2024-04-24T04:57:56,241  INFO [main] lockmgr.DbTxnManager: Opened txnid:3
2024-04-24T04:57:56,242  INFO [main] HiveMetaStore.audit: ugi=alex	ip=unknown-ip-addr	cmd=get_table : tbl=hive.default.acidTbl2	
2024-04-24T04:57:56,246  INFO [main] ql.Driver: Semantic Analysis Completed (retrial = false)
2024-04-24T04:57:56,246  INFO [main] ql.Driver: Created Hive schema: Schema(fieldSchemas:null, properties:null)
2024-04-24T04:57:56,246  INFO [main] metadata.Hive: Dumping metastore api call timing information for : compilation phase
2024-04-24T04:57:56,247  INFO [main] metadata.Hive: Total time spent in each metastore function (ms): {openTxn_(String, TxnType)=3, commitTxn_(CommitTxnRequest)=17, flushCache_()=0, isCompatibleWith_(Configuration)=1, getValidTxns_(long)=1}
2024-04-24T04:57:56,247  INFO [main] ql.Driver: Completed compiling command(queryId=alex_20240424045756_b3db44b2-6663-4b73-86d4-a745439ef103); Time taken: 0.009 seconds
2024-04-24T04:57:56,247  INFO [main] lockmgr.DbTxnManager: Setting lock request transaction to txnid:3 for queryId=alex_20240424045756_b3db44b2-6663-4b73-86d4-a745439ef103
2024-04-24T04:57:56,247  INFO [main] ql.Driver: Operation DROPTABLE obtained 0 locks
2024-04-24T04:57:56,247  INFO [main] ql.Driver: Executing command(queryId=alex_20240424045756_b3db44b2-6663-4b73-86d4-a745439ef103): drop table if exists acidTbl2
2024-04-24T04:57:56,248  INFO [main] ql.Driver: Starting task [Stage-0:DDL] in serial mode
2024-04-24T04:57:56,248  INFO [main] HiveMetaStore.audit: ugi=alex	ip=unknown-ip-addr	cmd=get_table : tbl=hive.default.acidTbl2	
2024-04-24T04:57:56,253  INFO [main] metadata.Hive: Dumping metastore api call timing information for : execution phase
2024-04-24T04:57:56,253  INFO [main] metadata.Hive: Total time spent in each metastore function (ms): {isCompatibleWith_(Configuration)=0}
2024-04-24T04:57:56,253  INFO [main] ql.Driver: Completed executing command(queryId=alex_20240424045756_b3db44b2-6663-4b73-86d4-a745439ef103); Time taken: 0.006 seconds
2024-04-24T04:57:56,253  INFO [main] lockmgr.DbTxnManager: Stopped heartbeat for query: alex_20240424045756_b3db44b2-6663-4b73-86d4-a745439ef103
2024-04-24T04:57:56,258  INFO [main] txn.TxnHandler: Expected to move at least one record from txn_components to completed_txn_components when committing txn! txnid:3
2024-04-24T04:57:56,265  INFO [main] txn.TxnHandler: Removed transactions: ([3]) from MIN_HISTORY_LEVEL
2024-04-24T04:57:56,265  WARN [main] txn.CompactionTxnHandler: No compaction queue record found for Compaction type transaction commit. txnId:3
2024-04-24T04:57:56,265  INFO [main] ql.TxnCommandsBaseForTests: Running the query: drop table if exists nonAcidOrcTbl
2024-04-24T04:57:56,266  INFO [main] ql.Driver: Compiling command(queryId=alex_20240424045756_f421adeb-0cc6-4006-a4d6-edd2ca36c40f): drop table if exists nonAcidOrcTbl
2024-04-24T04:57:56,268  INFO [main] txn.TxnHandler: Added entries to MIN_HISTORY_LEVEL for current txns: ([4]) with min_open_txn: 1
2024-04-24T04:57:56,269  INFO [main] lockmgr.DbTxnManager: Opened txnid:4
2024-04-24T04:57:56,269  INFO [main] HiveMetaStore.audit: ugi=alex	ip=unknown-ip-addr	cmd=get_table : tbl=hive.default.nonAcidOrcTbl	
2024-04-24T04:57:56,273  INFO [main] ql.Driver: Semantic Analysis Completed (retrial = false)
2024-04-24T04:57:56,273  INFO [main] ql.Driver: Created Hive schema: Schema(fieldSchemas:null, properties:null)
2024-04-24T04:57:56,273  INFO [main] metadata.Hive: Dumping metastore api call timing information for : compilation phase
2024-04-24T04:57:56,273  INFO [main] metadata.Hive: Total time spent in each metastore function (ms): {isCompatibleWith_(Configuration)=0, getValidTxns_(long)=0, openTxn_(String, TxnType)=3, commitTxn_(CommitTxnRequest)=12, flushCache_()=0}
2024-04-24T04:57:56,273  INFO [main] ql.Driver: Completed compiling command(queryId=alex_20240424045756_f421adeb-0cc6-4006-a4d6-edd2ca36c40f); Time taken: 0.007 seconds
2024-04-24T04:57:56,273  INFO [main] lockmgr.DbTxnManager: Setting lock request transaction to txnid:4 for queryId=alex_20240424045756_f421adeb-0cc6-4006-a4d6-edd2ca36c40f
2024-04-24T04:57:56,273  INFO [main] ql.Driver: Operation DROPTABLE obtained 0 locks
2024-04-24T04:57:56,274  INFO [main] ql.Driver: Executing command(queryId=alex_20240424045756_f421adeb-0cc6-4006-a4d6-edd2ca36c40f): drop table if exists nonAcidOrcTbl
2024-04-24T04:57:56,274  INFO [main] ql.Driver: Starting task [Stage-0:DDL] in serial mode
2024-04-24T04:57:56,274  INFO [main] HiveMetaStore.audit: ugi=alex	ip=unknown-ip-addr	cmd=get_table : tbl=hive.default.nonAcidOrcTbl	
2024-04-24T04:57:56,277  INFO [main] metadata.Hive: Dumping metastore api call timing information for : execution phase
2024-04-24T04:57:56,277  INFO [main] metadata.Hive: Total time spent in each metastore function (ms): {isCompatibleWith_(Configuration)=0}
2024-04-24T04:57:56,278  INFO [main] ql.Driver: Completed executing command(queryId=alex_20240424045756_f421adeb-0cc6-4006-a4d6-edd2ca36c40f); Time taken: 0.003 seconds
2024-04-24T04:57:56,278  INFO [main] lockmgr.DbTxnManager: Stopped heartbeat for query: alex_20240424045756_f421adeb-0cc6-4006-a4d6-edd2ca36c40f
2024-04-24T04:57:56,284  INFO [main] txn.TxnHandler: Expected to move at least one record from txn_components to completed_txn_components when committing txn! txnid:4
2024-04-24T04:57:56,290  INFO [main] txn.TxnHandler: Removed transactions: ([4]) from MIN_HISTORY_LEVEL
2024-04-24T04:57:56,290  WARN [main] txn.CompactionTxnHandler: No compaction queue record found for Compaction type transaction commit. txnId:4
2024-04-24T04:57:56,291  INFO [main] ql.TxnCommandsBaseForTests: Running the query: drop table if exists nonAcidOrcTbl2
2024-04-24T04:57:56,291  INFO [main] ql.Driver: Compiling command(queryId=alex_20240424045756_f240244f-4924-4f09-a5b6-1ef832b33d1c): drop table if exists nonAcidOrcTbl2
2024-04-24T04:57:56,294  INFO [main] txn.TxnHandler: Added entries to MIN_HISTORY_LEVEL for current txns: ([5]) with min_open_txn: 1
2024-04-24T04:57:56,294  INFO [main] lockmgr.DbTxnManager: Opened txnid:5
2024-04-24T04:57:56,295  INFO [main] HiveMetaStore.audit: ugi=alex	ip=unknown-ip-addr	cmd=get_table : tbl=hive.default.nonAcidOrcTbl2	
2024-04-24T04:57:56,298  INFO [main] ql.Driver: Semantic Analysis Completed (retrial = false)
2024-04-24T04:57:56,298  INFO [main] ql.Driver: Created Hive schema: Schema(fieldSchemas:null, properties:null)
2024-04-24T04:57:56,298  INFO [main] metadata.Hive: Dumping metastore api call timing information for : compilation phase
2024-04-24T04:57:56,298  INFO [main] metadata.Hive: Total time spent in each metastore function (ms): {commitTxn_(CommitTxnRequest)=13, flushCache_()=0, getValidTxns_(long)=1, openTxn_(String, TxnType)=2, isCompatibleWith_(Configuration)=0}
2024-04-24T04:57:56,298  INFO [main] ql.Driver: Completed compiling command(queryId=alex_20240424045756_f240244f-4924-4f09-a5b6-1ef832b33d1c); Time taken: 0.007 seconds
2024-04-24T04:57:56,299  INFO [main] lockmgr.DbTxnManager: Setting lock request transaction to txnid:5 for queryId=alex_20240424045756_f240244f-4924-4f09-a5b6-1ef832b33d1c
2024-04-24T04:57:56,299  INFO [main] ql.Driver: Operation DROPTABLE obtained 0 locks
2024-04-24T04:57:56,299  INFO [main] ql.Driver: Executing command(queryId=alex_20240424045756_f240244f-4924-4f09-a5b6-1ef832b33d1c): drop table if exists nonAcidOrcTbl2
2024-04-24T04:57:56,299  INFO [main] ql.Driver: Starting task [Stage-0:DDL] in serial mode
2024-04-24T04:57:56,299  INFO [main] HiveMetaStore.audit: ugi=alex	ip=unknown-ip-addr	cmd=get_table : tbl=hive.default.nonAcidOrcTbl2	
2024-04-24T04:57:56,302  INFO [main] metadata.Hive: Dumping metastore api call timing information for : execution phase
2024-04-24T04:57:56,303  INFO [main] metadata.Hive: Total time spent in each metastore function (ms): {isCompatibleWith_(Configuration)=0}
2024-04-24T04:57:56,303  INFO [main] ql.Driver: Completed executing command(queryId=alex_20240424045756_f240244f-4924-4f09-a5b6-1ef832b33d1c); Time taken: 0.003 seconds
2024-04-24T04:57:56,303  INFO [main] lockmgr.DbTxnManager: Stopped heartbeat for query: alex_20240424045756_f240244f-4924-4f09-a5b6-1ef832b33d1c
2024-04-24T04:57:56,308  INFO [main] txn.TxnHandler: Expected to move at least one record from txn_components to completed_txn_components when committing txn! txnid:5
2024-04-24T04:57:56,316  INFO [main] txn.TxnHandler: Removed transactions: ([5]) from MIN_HISTORY_LEVEL
2024-04-24T04:57:56,316  WARN [main] txn.CompactionTxnHandler: No compaction queue record found for Compaction type transaction commit. txnId:5
2024-04-24T04:57:56,316  INFO [main] ql.TxnCommandsBaseForTests: Running the query: drop table if exists nonAcidNonBucket
2024-04-24T04:57:56,317  INFO [main] ql.Driver: Compiling command(queryId=alex_20240424045756_ca99a2f3-b2fa-4be5-85af-2c775aef893b): drop table if exists nonAcidNonBucket
2024-04-24T04:57:56,320  INFO [main] txn.TxnHandler: Added entries to MIN_HISTORY_LEVEL for current txns: ([6]) with min_open_txn: 1
2024-04-24T04:57:56,320  INFO [main] lockmgr.DbTxnManager: Opened txnid:6
2024-04-24T04:57:56,335  INFO [main] HiveMetaStore.audit: ugi=alex	ip=unknown-ip-addr	cmd=get_table : tbl=hive.default.nonAcidNonBucket	
2024-04-24T04:57:56,340  INFO [main] ql.Driver: Semantic Analysis Completed (retrial = false)
2024-04-24T04:57:56,340  INFO [main] ql.Driver: Created Hive schema: Schema(fieldSchemas:null, properties:null)
2024-04-24T04:57:56,340  INFO [main] metadata.Hive: Dumping metastore api call timing information for : compilation phase
2024-04-24T04:57:56,340  INFO [main] metadata.Hive: Total time spent in each metastore function (ms): {getValidTxns_(long)=1, isCompatibleWith_(Configuration)=14, commitTxn_(CommitTxnRequest)=13, flushCache_()=0, openTxn_(String, TxnType)=3}
2024-04-24T04:57:56,340  INFO [main] ql.Driver: Completed compiling command(queryId=alex_20240424045756_ca99a2f3-b2fa-4be5-85af-2c775aef893b); Time taken: 0.023 seconds
2024-04-24T04:57:56,341  INFO [main] lockmgr.DbTxnManager: Setting lock request transaction to txnid:6 for queryId=alex_20240424045756_ca99a2f3-b2fa-4be5-85af-2c775aef893b
2024-04-24T04:57:56,341  INFO [main] ql.Driver: Operation DROPTABLE obtained 0 locks
2024-04-24T04:57:56,341  INFO [main] ql.Driver: Executing command(queryId=alex_20240424045756_ca99a2f3-b2fa-4be5-85af-2c775aef893b): drop table if exists nonAcidNonBucket
2024-04-24T04:57:56,341  INFO [main] ql.Driver: Starting task [Stage-0:DDL] in serial mode
2024-04-24T04:57:56,341  INFO [main] HiveMetaStore.audit: ugi=alex	ip=unknown-ip-addr	cmd=get_table : tbl=hive.default.nonAcidNonBucket	
2024-04-24T04:57:56,344  INFO [main] metadata.Hive: Dumping metastore api call timing information for : execution phase
2024-04-24T04:57:56,344  INFO [main] metadata.Hive: Total time spent in each metastore function (ms): {isCompatibleWith_(Configuration)=0}
2024-04-24T04:57:56,345  INFO [main] ql.Driver: Completed executing command(queryId=alex_20240424045756_ca99a2f3-b2fa-4be5-85af-2c775aef893b); Time taken: 0.003 seconds
2024-04-24T04:57:56,345  INFO [main] lockmgr.DbTxnManager: Stopped heartbeat for query: alex_20240424045756_ca99a2f3-b2fa-4be5-85af-2c775aef893b
2024-04-24T04:57:56,350  INFO [main] txn.TxnHandler: Expected to move at least one record from txn_components to completed_txn_components when committing txn! txnid:6
2024-04-24T04:57:56,356  INFO [main] txn.TxnHandler: Removed transactions: ([6]) from MIN_HISTORY_LEVEL
2024-04-24T04:57:56,356  WARN [main] txn.CompactionTxnHandler: No compaction queue record found for Compaction type transaction commit. txnId:6
2024-04-24T04:57:56,357  INFO [main] ql.TxnCommandsBaseForTests: Running the query: create table acidTbl(a int, b int) clustered by (a) into 2 buckets stored as orc TBLPROPERTIES ('transactional'='true')
2024-04-24T04:57:56,357  INFO [main] ql.Driver: Compiling command(queryId=alex_20240424045756_b48ff9b1-1f71-4b66-a88b-16d331ec08c8): create table acidTbl(a int, b int) clustered by (a) into 2 buckets stored as orc TBLPROPERTIES ('transactional'='true')
2024-04-24T04:57:56,360  INFO [main] txn.TxnHandler: Added entries to MIN_HISTORY_LEVEL for current txns: ([7]) with min_open_txn: 1
2024-04-24T04:57:56,360  INFO [main] lockmgr.DbTxnManager: Opened txnid:7
2024-04-24T04:57:56,361  INFO [main] parse.CalcitePlanner: Starting caching scope for: 
2024-04-24T04:57:56,361  INFO [main] parse.CalcitePlanner: Starting Semantic Analysis
2024-04-24T04:57:56,369  INFO [main] parse.CalcitePlanner: Creating table default.acidTbl position=13
2024-04-24T04:57:56,370  INFO [main] HiveMetaStore.audit: ugi=alex	ip=unknown-ip-addr	cmd=get_database: default	
2024-04-24T04:57:56,372  INFO [main] parse.CalcitePlanner: Ending caching scope for: 
2024-04-24T04:57:56,372  INFO [main] ql.Driver: Semantic Analysis Completed (retrial = false)
2024-04-24T04:57:56,372  INFO [main] ql.Driver: Created Hive schema: Schema(fieldSchemas:null, properties:null)
2024-04-24T04:57:56,372  INFO [main] metadata.Hive: Dumping metastore api call timing information for : compilation phase
2024-04-24T04:57:56,372  INFO [main] metadata.Hive: Total time spent in each metastore function (ms): {getValidTxns_(long)=1, commitTxn_(CommitTxnRequest)=12, isCompatibleWith_(Configuration)=0, flushCache_()=0, getDatabase_(String)=3, openTxn_(String, TxnType)=2, getValidWriteIds_(List, String)=8}
2024-04-24T04:57:56,373  INFO [main] ql.Driver: Completed compiling command(queryId=alex_20240424045756_b48ff9b1-1f71-4b66-a88b-16d331ec08c8); Time taken: 0.015 seconds
2024-04-24T04:57:56,373  INFO [main] lockmgr.DbTxnManager: Setting lock request transaction to txnid:7 for queryId=alex_20240424045756_b48ff9b1-1f71-4b66-a88b-16d331ec08c8
2024-04-24T04:57:56,373  INFO [main] lockmgr.DbLockManager: Requesting lock for queryId=alex_20240424045756_b48ff9b1-1f71-4b66-a88b-16d331ec08c8
2024-04-24T04:57:56,394  INFO [main] lockmgr.DbLockManager: Response to queryId=alex_20240424045756_b48ff9b1-1f71-4b66-a88b-16d331ec08c8 LockResponse(lockid:1, state:ACQUIRED)
2024-04-24T04:57:56,394  INFO [main] ql.Driver: Operation CREATETABLE obtained 1 locks
2024-04-24T04:57:56,395  INFO [main] ql.Driver: Executing command(queryId=alex_20240424045756_b48ff9b1-1f71-4b66-a88b-16d331ec08c8): create table acidTbl(a int, b int) clustered by (a) into 2 buckets stored as orc TBLPROPERTIES ('transactional'='true')
2024-04-24T04:57:56,395  INFO [main] ql.Driver: Starting task [Stage-0:DDL] in serial mode
2024-04-24T04:57:56,396  INFO [main] HiveMetaStore.audit: ugi=alex	ip=unknown-ip-addr	cmd=create_table_req: Table(tableName:acidTbl, dbName:default, owner:alex, createTime:1713959876, lastAccessTime:0, retention:0, sd:StorageDescriptor(cols:[FieldSchema(name:a, type:int, comment:null), FieldSchema(name:b, type:int, comment:null)], location:null, inputFormat:org.apache.hadoop.hive.ql.io.orc.OrcInputFormat, outputFormat:org.apache.hadoop.hive.ql.io.orc.OrcOutputFormat, compressed:false, numBuckets:2, serdeInfo:SerDeInfo(name:null, serializationLib:org.apache.hadoop.hive.ql.io.orc.OrcSerde, parameters:{serialization.format=1}), bucketCols:[a], sortCols:[], parameters:{}, skewedInfo:SkewedInfo(skewedColNames:[], skewedColValues:[], skewedColValueLocationMaps:{}), storedAsSubDirectories:false), partitionKeys:[], parameters:{COLUMN_STATS_ACCURATE={"BASIC_STATS":"true","COLUMN_STATS":{"a":"true","b":"true"}}, transactional=true, bucketing_version=2, numFiles=0, numFilesErasureCoded=0, rawDataSize=0, totalSize=0, numRows=0}, viewOriginalText:null, viewExpandedText:null, tableType:MANAGED_TABLE, privileges:PrincipalPrivilegeSet(userPrivileges:{alex=[PrivilegeGrantInfo(privilege:INSERT, createTime:-1, grantor:alex, grantorType:USER, grantOption:true), PrivilegeGrantInfo(privilege:SELECT, createTime:-1, grantor:alex, grantorType:USER, grantOption:true), PrivilegeGrantInfo(privilege:UPDATE, createTime:-1, grantor:alex, grantorType:USER, grantOption:true), PrivilegeGrantInfo(privilege:DELETE, createTime:-1, grantor:alex, grantorType:USER, grantOption:true)]}, groupPrivileges:null, rolePrivileges:null), temporary:false, catName:hive, ownerType:USER, writeId:0)	
2024-04-24T04:57:56,402  INFO [main] utils.FileUtils: Creating directory if it doesn't exist: file:/home/alex/Repositories/hive/ql/target/tmp/org.apache.hadoop.hive.ql.TestTxnNoBuckets-1713959849960/warehouse/acidtbl
2024-04-24T04:57:56,442  INFO [main] metadata.Hive: Dumping metastore api call timing information for : execution phase
2024-04-24T04:57:56,442  INFO [main] metadata.Hive: Total time spent in each metastore function (ms): {isCompatibleWith_(Configuration)=0, createTable_(Table)=46}
2024-04-24T04:57:56,443  INFO [main] ql.Driver: Completed executing command(queryId=alex_20240424045756_b48ff9b1-1f71-4b66-a88b-16d331ec08c8); Time taken: 0.047 seconds
2024-04-24T04:57:56,443  INFO [main] lockmgr.DbTxnManager: Stopped heartbeat for query: alex_20240424045756_b48ff9b1-1f71-4b66-a88b-16d331ec08c8
2024-04-24T04:57:56,446  INFO [main] txn.TxnHandler: Expected to move at least one record from txn_components to completed_txn_components when committing txn! txnid:7
2024-04-24T04:57:56,452  INFO [main] txn.TxnHandler: Removed transactions: ([7]) from MIN_HISTORY_LEVEL
2024-04-24T04:57:56,452  WARN [main] txn.CompactionTxnHandler: No compaction queue record found for Compaction type transaction commit. txnId:7
2024-04-24T04:57:56,453  INFO [main] ql.TxnCommandsBaseForTests: Running the query: create table acidTblPart(a int, b int) partitioned by (p string) clustered by (a) into 2 buckets stored as orc TBLPROPERTIES ('transactional'='true')
2024-04-24T04:57:56,453  INFO [main] ql.Driver: Compiling command(queryId=alex_20240424045756_26858dc7-8cf1-4ac4-bef9-014bfd1754ae): create table acidTblPart(a int, b int) partitioned by (p string) clustered by (a) into 2 buckets stored as orc TBLPROPERTIES ('transactional'='true')
2024-04-24T04:57:56,456  INFO [main] txn.TxnHandler: Added entries to MIN_HISTORY_LEVEL for current txns: ([8]) with min_open_txn: 1
2024-04-24T04:57:56,456  INFO [main] lockmgr.DbTxnManager: Opened txnid:8
2024-04-24T04:57:56,457  INFO [main] parse.CalcitePlanner: Starting caching scope for: 
2024-04-24T04:57:56,457  INFO [main] parse.CalcitePlanner: Starting Semantic Analysis
2024-04-24T04:57:56,459  INFO [main] parse.CalcitePlanner: Creating table default.acidTblPart position=13
2024-04-24T04:57:56,459  INFO [main] HiveMetaStore.audit: ugi=alex	ip=unknown-ip-addr	cmd=get_database: default	
2024-04-24T04:57:56,461  INFO [main] parse.CalcitePlanner: Ending caching scope for: 
2024-04-24T04:57:56,461  INFO [main] ql.Driver: Semantic Analysis Completed (retrial = false)
2024-04-24T04:57:56,461  INFO [main] ql.Driver: Created Hive schema: Schema(fieldSchemas:null, properties:null)
2024-04-24T04:57:56,461  INFO [main] metadata.Hive: Dumping metastore api call timing information for : compilation phase
2024-04-24T04:57:56,461  INFO [main] metadata.Hive: Total time spent in each metastore function (ms): {getValidTxns_(long)=1, commitTxn_(CommitTxnRequest)=10, openTxn_(String, TxnType)=2, getDatabase_(String)=2, getValidWriteIds_(List, String)=2, flushCache_()=0, isCompatibleWith_(Configuration)=0}
2024-04-24T04:57:56,462  INFO [main] ql.Driver: Completed compiling command(queryId=alex_20240424045756_26858dc7-8cf1-4ac4-bef9-014bfd1754ae); Time taken: 0.008 seconds
2024-04-24T04:57:56,462  INFO [main] lockmgr.DbTxnManager: Setting lock request transaction to txnid:8 for queryId=alex_20240424045756_26858dc7-8cf1-4ac4-bef9-014bfd1754ae
2024-04-24T04:57:56,462  INFO [main] lockmgr.DbLockManager: Requesting lock for queryId=alex_20240424045756_26858dc7-8cf1-4ac4-bef9-014bfd1754ae
2024-04-24T04:57:56,481  INFO [main] lockmgr.DbLockManager: Response to queryId=alex_20240424045756_26858dc7-8cf1-4ac4-bef9-014bfd1754ae LockResponse(lockid:2, state:ACQUIRED)
2024-04-24T04:57:56,481  INFO [main] ql.Driver: Operation CREATETABLE obtained 1 locks
2024-04-24T04:57:56,482  INFO [main] ql.Driver: Executing command(queryId=alex_20240424045756_26858dc7-8cf1-4ac4-bef9-014bfd1754ae): create table acidTblPart(a int, b int) partitioned by (p string) clustered by (a) into 2 buckets stored as orc TBLPROPERTIES ('transactional'='true')
2024-04-24T04:57:56,483  INFO [main] ql.Driver: Starting task [Stage-0:DDL] in serial mode
2024-04-24T04:57:56,483  INFO [main] HiveMetaStore.audit: ugi=alex	ip=unknown-ip-addr	cmd=create_table_req: Table(tableName:acidTblPart, dbName:default, owner:alex, createTime:1713959876, lastAccessTime:0, retention:0, sd:StorageDescriptor(cols:[FieldSchema(name:a, type:int, comment:null), FieldSchema(name:b, type:int, comment:null)], location:null, inputFormat:org.apache.hadoop.hive.ql.io.orc.OrcInputFormat, outputFormat:org.apache.hadoop.hive.ql.io.orc.OrcOutputFormat, compressed:false, numBuckets:2, serdeInfo:SerDeInfo(name:null, serializationLib:org.apache.hadoop.hive.ql.io.orc.OrcSerde, parameters:{serialization.format=1}), bucketCols:[a], sortCols:[], parameters:{}, skewedInfo:SkewedInfo(skewedColNames:[], skewedColValues:[], skewedColValueLocationMaps:{}), storedAsSubDirectories:false), partitionKeys:[FieldSchema(name:p, type:string, comment:null)], parameters:{transactional=true, bucketing_version=2}, viewOriginalText:null, viewExpandedText:null, tableType:MANAGED_TABLE, privileges:PrincipalPrivilegeSet(userPrivileges:{alex=[PrivilegeGrantInfo(privilege:INSERT, createTime:-1, grantor:alex, grantorType:USER, grantOption:true), PrivilegeGrantInfo(privilege:SELECT, createTime:-1, grantor:alex, grantorType:USER, grantOption:true), PrivilegeGrantInfo(privilege:UPDATE, createTime:-1, grantor:alex, grantorType:USER, grantOption:true), PrivilegeGrantInfo(privilege:DELETE, createTime:-1, grantor:alex, grantorType:USER, grantOption:true)]}, groupPrivileges:null, rolePrivileges:null), temporary:false, catName:hive, ownerType:USER, writeId:0)	
2024-04-24T04:57:56,490  INFO [main] utils.FileUtils: Creating directory if it doesn't exist: file:/home/alex/Repositories/hive/ql/target/tmp/org.apache.hadoop.hive.ql.TestTxnNoBuckets-1713959849960/warehouse/acidtblpart
2024-04-24T04:57:56,646  INFO [main] metadata.Hive: Dumping metastore api call timing information for : execution phase
2024-04-24T04:57:56,647  INFO [main] metadata.Hive: Total time spent in each metastore function (ms): {createTable_(Table)=163, isCompatibleWith_(Configuration)=0}
2024-04-24T04:57:56,647  INFO [main] ql.Driver: Completed executing command(queryId=alex_20240424045756_26858dc7-8cf1-4ac4-bef9-014bfd1754ae); Time taken: 0.164 seconds
2024-04-24T04:57:56,647  INFO [main] lockmgr.DbTxnManager: Stopped heartbeat for query: alex_20240424045756_26858dc7-8cf1-4ac4-bef9-014bfd1754ae
2024-04-24T04:57:56,653  INFO [main] txn.TxnHandler: Expected to move at least one record from txn_components to completed_txn_components when committing txn! txnid:8
2024-04-24T04:57:56,660  INFO [main] txn.TxnHandler: Removed transactions: ([8]) from MIN_HISTORY_LEVEL
2024-04-24T04:57:56,660  WARN [main] txn.CompactionTxnHandler: No compaction queue record found for Compaction type transaction commit. txnId:8
2024-04-24T04:57:56,661  INFO [main] ql.TxnCommandsBaseForTests: Running the query: create table nonAcidOrcTbl(a int, b int) clustered by (a) into 2 buckets stored as orc TBLPROPERTIES ('transactional'='false')
2024-04-24T04:57:56,661  INFO [main] ql.Driver: Compiling command(queryId=alex_20240424045756_575f066a-8243-492b-8d38-8ce3cc5c321e): create table nonAcidOrcTbl(a int, b int) clustered by (a) into 2 buckets stored as orc TBLPROPERTIES ('transactional'='false')
2024-04-24T04:57:56,664  INFO [main] txn.TxnHandler: Added entries to MIN_HISTORY_LEVEL for current txns: ([9]) with min_open_txn: 1
2024-04-24T04:57:56,665  INFO [main] lockmgr.DbTxnManager: Opened txnid:9
2024-04-24T04:57:56,665  INFO [main] parse.CalcitePlanner: Starting caching scope for: 
2024-04-24T04:57:56,665  INFO [main] parse.CalcitePlanner: Starting Semantic Analysis
2024-04-24T04:57:56,668  INFO [main] parse.CalcitePlanner: Creating table default.nonAcidOrcTbl position=13
2024-04-24T04:57:56,669  INFO [main] HiveMetaStore.audit: ugi=alex	ip=unknown-ip-addr	cmd=get_database: default	
2024-04-24T04:57:56,671  INFO [main] parse.CalcitePlanner: Ending caching scope for: 
2024-04-24T04:57:56,671  INFO [main] ql.Driver: Semantic Analysis Completed (retrial = false)
2024-04-24T04:57:56,671  INFO [main] ql.Driver: Created Hive schema: Schema(fieldSchemas:null, properties:null)
2024-04-24T04:57:56,671  INFO [main] metadata.Hive: Dumping metastore api call timing information for : compilation phase
2024-04-24T04:57:56,672  INFO [main] metadata.Hive: Total time spent in each metastore function (ms): {commitTxn_(CommitTxnRequest)=13, getDatabase_(String)=3, getValidTxns_(long)=0, isCompatibleWith_(Configuration)=0, flushCache_()=0, getValidWriteIds_(List, String)=2, openTxn_(String, TxnType)=3}
2024-04-24T04:57:56,672  INFO [main] ql.Driver: Completed compiling command(queryId=alex_20240424045756_575f066a-8243-492b-8d38-8ce3cc5c321e); Time taken: 0.01 seconds
2024-04-24T04:57:56,672  INFO [main] lockmgr.DbTxnManager: Setting lock request transaction to txnid:9 for queryId=alex_20240424045756_575f066a-8243-492b-8d38-8ce3cc5c321e
2024-04-24T04:57:56,672  INFO [main] lockmgr.DbLockManager: Requesting lock for queryId=alex_20240424045756_575f066a-8243-492b-8d38-8ce3cc5c321e
2024-04-24T04:57:56,690  INFO [main] lockmgr.DbLockManager: Response to queryId=alex_20240424045756_575f066a-8243-492b-8d38-8ce3cc5c321e LockResponse(lockid:3, state:ACQUIRED)
2024-04-24T04:57:56,690  INFO [main] ql.Driver: Operation CREATETABLE obtained 1 locks
2024-04-24T04:57:56,690  INFO [main] ql.Driver: Executing command(queryId=alex_20240424045756_575f066a-8243-492b-8d38-8ce3cc5c321e): create table nonAcidOrcTbl(a int, b int) clustered by (a) into 2 buckets stored as orc TBLPROPERTIES ('transactional'='false')
2024-04-24T04:57:56,691  INFO [main] ql.Driver: Starting task [Stage-0:DDL] in serial mode
2024-04-24T04:57:56,692  INFO [main] HiveMetaStore.audit: ugi=alex	ip=unknown-ip-addr	cmd=create_table_req: Table(tableName:nonAcidOrcTbl, dbName:default, owner:alex, createTime:1713959876, lastAccessTime:0, retention:0, sd:StorageDescriptor(cols:[FieldSchema(name:a, type:int, comment:null), FieldSchema(name:b, type:int, comment:null)], location:null, inputFormat:org.apache.hadoop.hive.ql.io.orc.OrcInputFormat, outputFormat:org.apache.hadoop.hive.ql.io.orc.OrcOutputFormat, compressed:false, numBuckets:2, serdeInfo:SerDeInfo(name:null, serializationLib:org.apache.hadoop.hive.ql.io.orc.OrcSerde, parameters:{serialization.format=1}), bucketCols:[a], sortCols:[], parameters:{}, skewedInfo:SkewedInfo(skewedColNames:[], skewedColValues:[], skewedColValueLocationMaps:{}), storedAsSubDirectories:false), partitionKeys:[], parameters:{bucketing_version=2, totalSize=0, rawDataSize=0, numFilesErasureCoded=0, numFiles=0, numRows=0, COLUMN_STATS_ACCURATE={"BASIC_STATS":"true","COLUMN_STATS":{"a":"true","b":"true"}}, transactional=false}, viewOriginalText:null, viewExpandedText:null, tableType:MANAGED_TABLE, privileges:PrincipalPrivilegeSet(userPrivileges:{alex=[PrivilegeGrantInfo(privilege:INSERT, createTime:-1, grantor:alex, grantorType:USER, grantOption:true), PrivilegeGrantInfo(privilege:SELECT, createTime:-1, grantor:alex, grantorType:USER, grantOption:true), PrivilegeGrantInfo(privilege:UPDATE, createTime:-1, grantor:alex, grantorType:USER, grantOption:true), PrivilegeGrantInfo(privilege:DELETE, createTime:-1, grantor:alex, grantorType:USER, grantOption:true)]}, groupPrivileges:null, rolePrivileges:null), temporary:false, catName:hive, ownerType:USER)	
2024-04-24T04:57:56,699  INFO [main] utils.FileUtils: Creating directory if it doesn't exist: file:/home/alex/Repositories/hive/ql/target/tmp/org.apache.hadoop.hive.ql.TestTxnNoBuckets-1713959849960/warehouse/nonacidorctbl
2024-04-24T04:57:56,720  INFO [main] metadata.Hive: Dumping metastore api call timing information for : execution phase
2024-04-24T04:57:56,720  INFO [main] metadata.Hive: Total time spent in each metastore function (ms): {createTable_(Table)=28, isCompatibleWith_(Configuration)=0}
2024-04-24T04:57:56,720  INFO [main] ql.Driver: Completed executing command(queryId=alex_20240424045756_575f066a-8243-492b-8d38-8ce3cc5c321e); Time taken: 0.03 seconds
2024-04-24T04:57:56,720  INFO [main] lockmgr.DbTxnManager: Stopped heartbeat for query: alex_20240424045756_575f066a-8243-492b-8d38-8ce3cc5c321e
2024-04-24T04:57:56,725  INFO [main] txn.TxnHandler: Expected to move at least one record from txn_components to completed_txn_components when committing txn! txnid:9
2024-04-24T04:57:56,732  INFO [main] txn.TxnHandler: Removed transactions: ([9]) from MIN_HISTORY_LEVEL
2024-04-24T04:57:56,732  WARN [main] txn.CompactionTxnHandler: No compaction queue record found for Compaction type transaction commit. txnId:9
2024-04-24T04:57:56,733  INFO [main] ql.TxnCommandsBaseForTests: Running the query: create table nonAcidOrcTbl2(a int, b int) clustered by (a) into 2 buckets stored as orc TBLPROPERTIES ('transactional'='false')
2024-04-24T04:57:56,733  INFO [main] ql.Driver: Compiling command(queryId=alex_20240424045756_b0b8c996-5b27-4b9b-88cb-61b69b695009): create table nonAcidOrcTbl2(a int, b int) clustered by (a) into 2 buckets stored as orc TBLPROPERTIES ('transactional'='false')
2024-04-24T04:57:56,736  INFO [main] txn.TxnHandler: Added entries to MIN_HISTORY_LEVEL for current txns: ([10]) with min_open_txn: 1
2024-04-24T04:57:56,736  INFO [main] lockmgr.DbTxnManager: Opened txnid:10
2024-04-24T04:57:56,737  INFO [main] parse.CalcitePlanner: Starting caching scope for: 
2024-04-24T04:57:56,737  INFO [main] parse.CalcitePlanner: Starting Semantic Analysis
2024-04-24T04:57:56,740  INFO [main] parse.CalcitePlanner: Creating table default.nonAcidOrcTbl2 position=13
2024-04-24T04:57:56,740  INFO [main] HiveMetaStore.audit: ugi=alex	ip=unknown-ip-addr	cmd=get_database: default	
2024-04-24T04:57:56,742  INFO [main] parse.CalcitePlanner: Ending caching scope for: 
2024-04-24T04:57:56,742  INFO [main] ql.Driver: Semantic Analysis Completed (retrial = false)
2024-04-24T04:57:56,742  INFO [main] ql.Driver: Created Hive schema: Schema(fieldSchemas:null, properties:null)
2024-04-24T04:57:56,742  INFO [main] metadata.Hive: Dumping metastore api call timing information for : compilation phase
2024-04-24T04:57:56,742  INFO [main] metadata.Hive: Total time spent in each metastore function (ms): {getValidTxns_(long)=1, commitTxn_(CommitTxnRequest)=12, getDatabase_(String)=2, flushCache_()=0, getValidWriteIds_(List, String)=3, openTxn_(String, TxnType)=2, isCompatibleWith_(Configuration)=0}
2024-04-24T04:57:56,743  INFO [main] ql.Driver: Completed compiling command(queryId=alex_20240424045756_b0b8c996-5b27-4b9b-88cb-61b69b695009); Time taken: 0.009 seconds
2024-04-24T04:57:56,743  INFO [main] lockmgr.DbTxnManager: Setting lock request transaction to txnid:10 for queryId=alex_20240424045756_b0b8c996-5b27-4b9b-88cb-61b69b695009
2024-04-24T04:57:56,743  INFO [main] lockmgr.DbLockManager: Requesting lock for queryId=alex_20240424045756_b0b8c996-5b27-4b9b-88cb-61b69b695009
2024-04-24T04:57:56,759  INFO [main] lockmgr.DbLockManager: Response to queryId=alex_20240424045756_b0b8c996-5b27-4b9b-88cb-61b69b695009 LockResponse(lockid:4, state:ACQUIRED)
2024-04-24T04:57:56,759  INFO [main] ql.Driver: Operation CREATETABLE obtained 1 locks
2024-04-24T04:57:56,759  INFO [main] ql.Driver: Executing command(queryId=alex_20240424045756_b0b8c996-5b27-4b9b-88cb-61b69b695009): create table nonAcidOrcTbl2(a int, b int) clustered by (a) into 2 buckets stored as orc TBLPROPERTIES ('transactional'='false')
2024-04-24T04:57:56,759  INFO [main] ql.Driver: Starting task [Stage-0:DDL] in serial mode
2024-04-24T04:57:56,760  INFO [main] HiveMetaStore.audit: ugi=alex	ip=unknown-ip-addr	cmd=create_table_req: Table(tableName:nonAcidOrcTbl2, dbName:default, owner:alex, createTime:1713959876, lastAccessTime:0, retention:0, sd:StorageDescriptor(cols:[FieldSchema(name:a, type:int, comment:null), FieldSchema(name:b, type:int, comment:null)], location:null, inputFormat:org.apache.hadoop.hive.ql.io.orc.OrcInputFormat, outputFormat:org.apache.hadoop.hive.ql.io.orc.OrcOutputFormat, compressed:false, numBuckets:2, serdeInfo:SerDeInfo(name:null, serializationLib:org.apache.hadoop.hive.ql.io.orc.OrcSerde, parameters:{serialization.format=1}), bucketCols:[a], sortCols:[], parameters:{}, skewedInfo:SkewedInfo(skewedColNames:[], skewedColValues:[], skewedColValueLocationMaps:{}), storedAsSubDirectories:false), partitionKeys:[], parameters:{totalSize=0, transactional=false, rawDataSize=0, numFiles=0, numFilesErasureCoded=0, bucketing_version=2, numRows=0, COLUMN_STATS_ACCURATE={"BASIC_STATS":"true","COLUMN_STATS":{"a":"true","b":"true"}}}, viewOriginalText:null, viewExpandedText:null, tableType:MANAGED_TABLE, privileges:PrincipalPrivilegeSet(userPrivileges:{alex=[PrivilegeGrantInfo(privilege:INSERT, createTime:-1, grantor:alex, grantorType:USER, grantOption:true), PrivilegeGrantInfo(privilege:SELECT, createTime:-1, grantor:alex, grantorType:USER, grantOption:true), PrivilegeGrantInfo(privilege:UPDATE, createTime:-1, grantor:alex, grantorType:USER, grantOption:true), PrivilegeGrantInfo(privilege:DELETE, createTime:-1, grantor:alex, grantorType:USER, grantOption:true)]}, groupPrivileges:null, rolePrivileges:null), temporary:false, catName:hive, ownerType:USER)	
2024-04-24T04:57:56,766  INFO [main] utils.FileUtils: Creating directory if it doesn't exist: file:/home/alex/Repositories/hive/ql/target/tmp/org.apache.hadoop.hive.ql.TestTxnNoBuckets-1713959849960/warehouse/nonacidorctbl2
2024-04-24T04:57:56,783  INFO [main] metadata.Hive: Dumping metastore api call timing information for : execution phase
2024-04-24T04:57:56,783  INFO [main] metadata.Hive: Total time spent in each metastore function (ms): {createTable_(Table)=23, isCompatibleWith_(Configuration)=0}
2024-04-24T04:57:56,783  INFO [main] ql.Driver: Completed executing command(queryId=alex_20240424045756_b0b8c996-5b27-4b9b-88cb-61b69b695009); Time taken: 0.024 seconds
2024-04-24T04:57:56,783  INFO [main] lockmgr.DbTxnManager: Stopped heartbeat for query: alex_20240424045756_b0b8c996-5b27-4b9b-88cb-61b69b695009
2024-04-24T04:57:56,787  INFO [main] txn.TxnHandler: Expected to move at least one record from txn_components to completed_txn_components when committing txn! txnid:10
2024-04-24T04:57:56,792  INFO [main] txn.TxnHandler: Removed transactions: ([10]) from MIN_HISTORY_LEVEL
2024-04-24T04:57:56,793  WARN [main] txn.CompactionTxnHandler: No compaction queue record found for Compaction type transaction commit. txnId:10
2024-04-24T04:57:56,793  INFO [main] ql.TxnCommandsBaseForTests: Running the query: create temporary  table acidTbl2(a int, b int, c int) clustered by (c) into 2 buckets stored as orc TBLPROPERTIES ('transactional'='true')
2024-04-24T04:57:56,794  INFO [main] ql.Driver: Compiling command(queryId=alex_20240424045756_eb546b59-225f-4f3f-b3b2-ae274816601b): create temporary  table acidTbl2(a int, b int, c int) clustered by (c) into 2 buckets stored as orc TBLPROPERTIES ('transactional'='true')
2024-04-24T04:57:56,797  INFO [main] txn.TxnHandler: Added entries to MIN_HISTORY_LEVEL for current txns: ([11]) with min_open_txn: 1
2024-04-24T04:57:56,797  INFO [main] lockmgr.DbTxnManager: Opened txnid:11
2024-04-24T04:57:56,798  INFO [main] parse.CalcitePlanner: Starting caching scope for: 
2024-04-24T04:57:56,798  INFO [main] parse.CalcitePlanner: Starting Semantic Analysis
2024-04-24T04:57:56,800  INFO [main] parse.CalcitePlanner: Creating table default.acidTbl2 position=24
2024-04-24T04:57:56,801  INFO [main] HiveMetaStore.audit: ugi=alex	ip=unknown-ip-addr	cmd=get_database: default	
2024-04-24T04:57:56,803  INFO [main] parse.CalcitePlanner: Ending caching scope for: 
2024-04-24T04:57:56,803  INFO [main] ql.Driver: Semantic Analysis Completed (retrial = false)
2024-04-24T04:57:56,803  INFO [main] ql.Driver: Created Hive schema: Schema(fieldSchemas:null, properties:null)
2024-04-24T04:57:56,803  INFO [main] metadata.Hive: Dumping metastore api call timing information for : compilation phase
2024-04-24T04:57:56,803  INFO [main] metadata.Hive: Total time spent in each metastore function (ms): {openTxn_(String, TxnType)=2, flushCache_()=0, isCompatibleWith_(Configuration)=0, getDatabase_(String)=1, getValidWriteIds_(List, String)=2, getValidTxns_(long)=1, commitTxn_(CommitTxnRequest)=9}
2024-04-24T04:57:56,803  INFO [main] ql.Driver: Completed compiling command(queryId=alex_20240424045756_eb546b59-225f-4f3f-b3b2-ae274816601b); Time taken: 0.009 seconds
2024-04-24T04:57:56,803  INFO [main] lockmgr.DbTxnManager: Setting lock request transaction to txnid:11 for queryId=alex_20240424045756_eb546b59-225f-4f3f-b3b2-ae274816601b
2024-04-24T04:57:56,804  INFO [main] lockmgr.DbLockManager: Requesting lock for queryId=alex_20240424045756_eb546b59-225f-4f3f-b3b2-ae274816601b
2024-04-24T04:57:56,818  INFO [main] lockmgr.DbLockManager: Response to queryId=alex_20240424045756_eb546b59-225f-4f3f-b3b2-ae274816601b LockResponse(lockid:5, state:ACQUIRED)
2024-04-24T04:57:56,818  INFO [main] ql.Driver: Operation CREATETABLE obtained 1 locks
2024-04-24T04:57:56,819  INFO [main] ql.Driver: Executing command(queryId=alex_20240424045756_eb546b59-225f-4f3f-b3b2-ae274816601b): create temporary  table acidTbl2(a int, b int, c int) clustered by (c) into 2 buckets stored as orc TBLPROPERTIES ('transactional'='true')
2024-04-24T04:57:56,819  INFO [main] ql.Driver: Starting task [Stage-0:DDL] in serial mode
2024-04-24T04:57:56,820  INFO [main] utils.FileUtils: Creating directory if it doesn't exist: file:/home/alex/Repositories/hive/ql/target/tmp/scratchdir/alex/58c22cca-0704-4611-b509-aa39277260ab/_tmp_space.db/8c5199e1-ec82-4bd8-8139-12a27fca5ea3
2024-04-24T04:57:56,823  INFO [main] metadata.Hive: Dumping metastore api call timing information for : execution phase
2024-04-24T04:57:56,823  INFO [main] metadata.Hive: Total time spent in each metastore function (ms): {isCompatibleWith_(Configuration)=0, createTable_(Table)=3}
2024-04-24T04:57:56,823  INFO [main] ql.Driver: Completed executing command(queryId=alex_20240424045756_eb546b59-225f-4f3f-b3b2-ae274816601b); Time taken: 0.004 seconds
2024-04-24T04:57:56,823  INFO [main] lockmgr.DbTxnManager: Stopped heartbeat for query: alex_20240424045756_eb546b59-225f-4f3f-b3b2-ae274816601b
2024-04-24T04:57:56,827  INFO [main] txn.TxnHandler: Expected to move at least one record from txn_components to completed_txn_components when committing txn! txnid:11
2024-04-24T04:57:56,832  INFO [main] txn.TxnHandler: Removed transactions: ([11]) from MIN_HISTORY_LEVEL
2024-04-24T04:57:56,833  WARN [main] txn.CompactionTxnHandler: No compaction queue record found for Compaction type transaction commit. txnId:11
2024-04-24T04:57:56,833  INFO [main] ql.TxnCommandsBaseForTests: Running the query: create table nonAcidNonBucket(a int, b int) stored as orc TBLPROPERTIES ('transactional'='false')
2024-04-24T04:57:56,834  INFO [main] ql.Driver: Compiling command(queryId=alex_20240424045756_7e2c295d-7a74-4873-a05c-cabfae4b1e5d): create table nonAcidNonBucket(a int, b int) stored as orc TBLPROPERTIES ('transactional'='false')
2024-04-24T04:57:56,836  INFO [main] txn.TxnHandler: Added entries to MIN_HISTORY_LEVEL for current txns: ([12]) with min_open_txn: 1
2024-04-24T04:57:56,836  INFO [main] lockmgr.DbTxnManager: Opened txnid:12
2024-04-24T04:57:56,837  INFO [main] parse.CalcitePlanner: Starting caching scope for: 
2024-04-24T04:57:56,837  INFO [main] parse.CalcitePlanner: Starting Semantic Analysis
2024-04-24T04:57:56,839  INFO [main] parse.CalcitePlanner: Creating table default.nonAcidNonBucket position=13
2024-04-24T04:57:56,840  INFO [main] HiveMetaStore.audit: ugi=alex	ip=unknown-ip-addr	cmd=get_database: default	
2024-04-24T04:57:56,841  INFO [main] parse.CalcitePlanner: Ending caching scope for: 
2024-04-24T04:57:56,841  INFO [main] ql.Driver: Semantic Analysis Completed (retrial = false)
2024-04-24T04:57:56,841  INFO [main] ql.Driver: Created Hive schema: Schema(fieldSchemas:null, properties:null)
2024-04-24T04:57:56,841  INFO [main] metadata.Hive: Dumping metastore api call timing information for : compilation phase
2024-04-24T04:57:56,841  INFO [main] metadata.Hive: Total time spent in each metastore function (ms): {getValidTxns_(long)=0, getDatabase_(String)=2, commitTxn_(CommitTxnRequest)=10, openTxn_(String, TxnType)=2, isCompatibleWith_(Configuration)=0, getValidWriteIds_(List, String)=2, flushCache_()=0}
2024-04-24T04:57:56,842  INFO [main] ql.Driver: Completed compiling command(queryId=alex_20240424045756_7e2c295d-7a74-4873-a05c-cabfae4b1e5d); Time taken: 0.007 seconds
2024-04-24T04:57:56,842  INFO [main] lockmgr.DbTxnManager: Setting lock request transaction to txnid:12 for queryId=alex_20240424045756_7e2c295d-7a74-4873-a05c-cabfae4b1e5d
2024-04-24T04:57:56,842  INFO [main] lockmgr.DbLockManager: Requesting lock for queryId=alex_20240424045756_7e2c295d-7a74-4873-a05c-cabfae4b1e5d
2024-04-24T04:57:56,857  INFO [main] lockmgr.DbLockManager: Response to queryId=alex_20240424045756_7e2c295d-7a74-4873-a05c-cabfae4b1e5d LockResponse(lockid:6, state:ACQUIRED)
2024-04-24T04:57:56,857  INFO [main] ql.Driver: Operation CREATETABLE obtained 1 locks
2024-04-24T04:57:56,857  INFO [main] ql.Driver: Executing command(queryId=alex_20240424045756_7e2c295d-7a74-4873-a05c-cabfae4b1e5d): create table nonAcidNonBucket(a int, b int) stored as orc TBLPROPERTIES ('transactional'='false')
2024-04-24T04:57:56,858  INFO [main] ql.Driver: Starting task [Stage-0:DDL] in serial mode
2024-04-24T04:57:56,859  INFO [main] HiveMetaStore.audit: ugi=alex	ip=unknown-ip-addr	cmd=create_table_req: Table(tableName:nonAcidNonBucket, dbName:default, owner:alex, createTime:1713959876, lastAccessTime:0, retention:0, sd:StorageDescriptor(cols:[FieldSchema(name:a, type:int, comment:null), FieldSchema(name:b, type:int, comment:null)], location:null, inputFormat:org.apache.hadoop.hive.ql.io.orc.OrcInputFormat, outputFormat:org.apache.hadoop.hive.ql.io.orc.OrcOutputFormat, compressed:false, numBuckets:-1, serdeInfo:SerDeInfo(name:null, serializationLib:org.apache.hadoop.hive.ql.io.orc.OrcSerde, parameters:{serialization.format=1}), bucketCols:[], sortCols:[], parameters:{}, skewedInfo:SkewedInfo(skewedColNames:[], skewedColValues:[], skewedColValueLocationMaps:{}), storedAsSubDirectories:false), partitionKeys:[], parameters:{COLUMN_STATS_ACCURATE={"BASIC_STATS":"true","COLUMN_STATS":{"a":"true","b":"true"}}, numFiles=0, rawDataSize=0, totalSize=0, numFilesErasureCoded=0, bucketing_version=2, numRows=0, transactional=false}, viewOriginalText:null, viewExpandedText:null, tableType:MANAGED_TABLE, privileges:PrincipalPrivilegeSet(userPrivileges:{alex=[PrivilegeGrantInfo(privilege:INSERT, createTime:-1, grantor:alex, grantorType:USER, grantOption:true), PrivilegeGrantInfo(privilege:SELECT, createTime:-1, grantor:alex, grantorType:USER, grantOption:true), PrivilegeGrantInfo(privilege:UPDATE, createTime:-1, grantor:alex, grantorType:USER, grantOption:true), PrivilegeGrantInfo(privilege:DELETE, createTime:-1, grantor:alex, grantorType:USER, grantOption:true)]}, groupPrivileges:null, rolePrivileges:null), temporary:false, catName:hive, ownerType:USER)	
2024-04-24T04:57:56,865  INFO [main] utils.FileUtils: Creating directory if it doesn't exist: file:/home/alex/Repositories/hive/ql/target/tmp/org.apache.hadoop.hive.ql.TestTxnNoBuckets-1713959849960/warehouse/nonacidnonbucket
2024-04-24T04:57:56,884  INFO [main] metadata.Hive: Dumping metastore api call timing information for : execution phase
2024-04-24T04:57:56,884  INFO [main] metadata.Hive: Total time spent in each metastore function (ms): {createTable_(Table)=26, isCompatibleWith_(Configuration)=0}
2024-04-24T04:57:56,884  INFO [main] ql.Driver: Completed executing command(queryId=alex_20240424045756_7e2c295d-7a74-4873-a05c-cabfae4b1e5d); Time taken: 0.027 seconds
2024-04-24T04:57:56,885  INFO [main] lockmgr.DbTxnManager: Stopped heartbeat for query: alex_20240424045756_7e2c295d-7a74-4873-a05c-cabfae4b1e5d
2024-04-24T04:57:56,888  INFO [main] txn.TxnHandler: Expected to move at least one record from txn_components to completed_txn_components when committing txn! txnid:12
2024-04-24T04:57:56,894  INFO [main] txn.TxnHandler: Removed transactions: ([12]) from MIN_HISTORY_LEVEL
2024-04-24T04:57:56,895  WARN [main] txn.CompactionTxnHandler: No compaction queue record found for Compaction type transaction commit. txnId:12
2024-04-24T04:57:56,895  INFO [main] ql.TxnCommandsBaseForTests: Running the query: drop table if exists tmp
2024-04-24T04:57:56,896  INFO [main] ql.Driver: Compiling command(queryId=alex_20240424045756_8e97c2b5-35ca-4016-9336-fd04043d1612): drop table if exists tmp
2024-04-24T04:57:56,898  INFO [main] txn.TxnHandler: Added entries to MIN_HISTORY_LEVEL for current txns: ([13]) with min_open_txn: 1
2024-04-24T04:57:56,898  INFO [main] lockmgr.DbTxnManager: Opened txnid:13
2024-04-24T04:57:56,899  INFO [main] HiveMetaStore.audit: ugi=alex	ip=unknown-ip-addr	cmd=get_table : tbl=hive.default.tmp	
2024-04-24T04:57:56,902  INFO [main] ql.Driver: Semantic Analysis Completed (retrial = false)
2024-04-24T04:57:56,902  INFO [main] ql.Driver: Created Hive schema: Schema(fieldSchemas:null, properties:null)
2024-04-24T04:57:56,902  INFO [main] metadata.Hive: Dumping metastore api call timing information for : compilation phase
2024-04-24T04:57:56,902  INFO [main] metadata.Hive: Total time spent in each metastore function (ms): {commitTxn_(CommitTxnRequest)=10, flushCache_()=0, getValidTxns_(long)=1, isCompatibleWith_(Configuration)=0, openTxn_(String, TxnType)=2}
2024-04-24T04:57:56,903  INFO [main] ql.Driver: Completed compiling command(queryId=alex_20240424045756_8e97c2b5-35ca-4016-9336-fd04043d1612); Time taken: 0.006 seconds
2024-04-24T04:57:56,903  INFO [main] lockmgr.DbTxnManager: Setting lock request transaction to txnid:13 for queryId=alex_20240424045756_8e97c2b5-35ca-4016-9336-fd04043d1612
2024-04-24T04:57:56,903  INFO [main] ql.Driver: Operation DROPTABLE obtained 0 locks
2024-04-24T04:57:56,903  INFO [main] ql.Driver: Executing command(queryId=alex_20240424045756_8e97c2b5-35ca-4016-9336-fd04043d1612): drop table if exists tmp
2024-04-24T04:57:56,903  INFO [main] ql.Driver: Starting task [Stage-0:DDL] in serial mode
2024-04-24T04:57:56,903  INFO [main] HiveMetaStore.audit: ugi=alex	ip=unknown-ip-addr	cmd=get_table : tbl=hive.default.tmp	
2024-04-24T04:57:56,907  INFO [main] metadata.Hive: Dumping metastore api call timing information for : execution phase
2024-04-24T04:57:56,907  INFO [main] metadata.Hive: Total time spent in each metastore function (ms): {isCompatibleWith_(Configuration)=0}
2024-04-24T04:57:56,907  INFO [main] ql.Driver: Completed executing command(queryId=alex_20240424045756_8e97c2b5-35ca-4016-9336-fd04043d1612); Time taken: 0.004 seconds
2024-04-24T04:57:56,907  INFO [main] lockmgr.DbTxnManager: Stopped heartbeat for query: alex_20240424045756_8e97c2b5-35ca-4016-9336-fd04043d1612
2024-04-24T04:57:56,913  INFO [main] txn.TxnHandler: Expected to move at least one record from txn_components to completed_txn_components when committing txn! txnid:13
2024-04-24T04:57:56,920  INFO [main] txn.TxnHandler: Removed transactions: ([13]) from MIN_HISTORY_LEVEL
2024-04-24T04:57:56,920  WARN [main] txn.CompactionTxnHandler: No compaction queue record found for Compaction type transaction commit. txnId:13
2024-04-24T04:57:56,921  INFO [main] ql.TxnCommandsBaseForTests: Running the query: create table tmp (c1 integer, c2 integer) partitioned by (c3 integer) stored as orc tblproperties('transactional'='false')
2024-04-24T04:57:56,921  INFO [main] ql.Driver: Compiling command(queryId=alex_20240424045756_851d9f23-7aab-4c6a-b8a9-18af28f41f8c): create table tmp (c1 integer, c2 integer) partitioned by (c3 integer) stored as orc tblproperties('transactional'='false')
2024-04-24T04:57:56,924  INFO [main] txn.TxnHandler: Added entries to MIN_HISTORY_LEVEL for current txns: ([14]) with min_open_txn: 1
2024-04-24T04:57:56,924  INFO [main] lockmgr.DbTxnManager: Opened txnid:14
2024-04-24T04:57:56,925  INFO [main] parse.CalcitePlanner: Starting caching scope for: 
2024-04-24T04:57:56,925  INFO [main] parse.CalcitePlanner: Starting Semantic Analysis
2024-04-24T04:57:56,930  INFO [main] parse.CalcitePlanner: Creating table default.tmp position=13
2024-04-24T04:57:56,931  INFO [main] HiveMetaStore.audit: ugi=alex	ip=unknown-ip-addr	cmd=get_database: default	
2024-04-24T04:57:56,933  INFO [main] parse.CalcitePlanner: Ending caching scope for: 
2024-04-24T04:57:56,933  INFO [main] ql.Driver: Semantic Analysis Completed (retrial = false)
2024-04-24T04:57:56,933  INFO [main] ql.Driver: Created Hive schema: Schema(fieldSchemas:null, properties:null)
2024-04-24T04:57:56,933  INFO [main] metadata.Hive: Dumping metastore api call timing information for : compilation phase
2024-04-24T04:57:56,933  INFO [main] metadata.Hive: Total time spent in each metastore function (ms): {commitTxn_(CommitTxnRequest)=12, getValidWriteIds_(List, String)=5, openTxn_(String, TxnType)=2, getValidTxns_(long)=1, isCompatibleWith_(Configuration)=2, flushCache_()=0, getDatabase_(String)=1}
2024-04-24T04:57:56,933  INFO [main] ql.Driver: Completed compiling command(queryId=alex_20240424045756_851d9f23-7aab-4c6a-b8a9-18af28f41f8c); Time taken: 0.012 seconds
2024-04-24T04:57:56,933  INFO [main] lockmgr.DbTxnManager: Setting lock request transaction to txnid:14 for queryId=alex_20240424045756_851d9f23-7aab-4c6a-b8a9-18af28f41f8c
2024-04-24T04:57:56,933  INFO [main] lockmgr.DbLockManager: Requesting lock for queryId=alex_20240424045756_851d9f23-7aab-4c6a-b8a9-18af28f41f8c
2024-04-24T04:57:56,953  INFO [main] lockmgr.DbLockManager: Response to queryId=alex_20240424045756_851d9f23-7aab-4c6a-b8a9-18af28f41f8c LockResponse(lockid:7, state:ACQUIRED)
2024-04-24T04:57:56,953  INFO [main] ql.Driver: Operation CREATETABLE obtained 1 locks
2024-04-24T04:57:56,953  INFO [main] ql.Driver: Executing command(queryId=alex_20240424045756_851d9f23-7aab-4c6a-b8a9-18af28f41f8c): create table tmp (c1 integer, c2 integer) partitioned by (c3 integer) stored as orc tblproperties('transactional'='false')
2024-04-24T04:57:56,953  INFO [main] ql.Driver: Starting task [Stage-0:DDL] in serial mode
2024-04-24T04:57:56,954  INFO [main] HiveMetaStore.audit: ugi=alex	ip=unknown-ip-addr	cmd=create_table_req: Table(tableName:tmp, dbName:default, owner:alex, createTime:1713959876, lastAccessTime:0, retention:0, sd:StorageDescriptor(cols:[FieldSchema(name:c1, type:int, comment:null), FieldSchema(name:c2, type:int, comment:null)], location:null, inputFormat:org.apache.hadoop.hive.ql.io.orc.OrcInputFormat, outputFormat:org.apache.hadoop.hive.ql.io.orc.OrcOutputFormat, compressed:false, numBuckets:-1, serdeInfo:SerDeInfo(name:null, serializationLib:org.apache.hadoop.hive.ql.io.orc.OrcSerde, parameters:{serialization.format=1}), bucketCols:[], sortCols:[], parameters:{}, skewedInfo:SkewedInfo(skewedColNames:[], skewedColValues:[], skewedColValueLocationMaps:{}), storedAsSubDirectories:false), partitionKeys:[FieldSchema(name:c3, type:int, comment:null)], parameters:{transactional=false, bucketing_version=2}, viewOriginalText:null, viewExpandedText:null, tableType:MANAGED_TABLE, privileges:PrincipalPrivilegeSet(userPrivileges:{alex=[PrivilegeGrantInfo(privilege:INSERT, createTime:-1, grantor:alex, grantorType:USER, grantOption:true), PrivilegeGrantInfo(privilege:SELECT, createTime:-1, grantor:alex, grantorType:USER, grantOption:true), PrivilegeGrantInfo(privilege:UPDATE, createTime:-1, grantor:alex, grantorType:USER, grantOption:true), PrivilegeGrantInfo(privilege:DELETE, createTime:-1, grantor:alex, grantorType:USER, grantOption:true)]}, groupPrivileges:null, rolePrivileges:null), temporary:false, catName:hive, ownerType:USER)	
2024-04-24T04:57:56,960  INFO [main] utils.FileUtils: Creating directory if it doesn't exist: file:/home/alex/Repositories/hive/ql/target/tmp/org.apache.hadoop.hive.ql.TestTxnNoBuckets-1713959849960/warehouse/tmp
2024-04-24T04:57:56,989  INFO [main] metadata.Hive: Dumping metastore api call timing information for : execution phase
2024-04-24T04:57:56,989  INFO [main] metadata.Hive: Total time spent in each metastore function (ms): {createTable_(Table)=35, isCompatibleWith_(Configuration)=0}
2024-04-24T04:57:56,990  INFO [main] ql.Driver: Completed executing command(queryId=alex_20240424045756_851d9f23-7aab-4c6a-b8a9-18af28f41f8c); Time taken: 0.036 seconds
2024-04-24T04:57:56,990  INFO [main] lockmgr.DbTxnManager: Stopped heartbeat for query: alex_20240424045756_851d9f23-7aab-4c6a-b8a9-18af28f41f8c
2024-04-24T04:57:56,994  INFO [main] txn.TxnHandler: Expected to move at least one record from txn_components to completed_txn_components when committing txn! txnid:14
2024-04-24T04:57:57,000  INFO [main] txn.TxnHandler: Removed transactions: ([14]) from MIN_HISTORY_LEVEL
2024-04-24T04:57:57,000  WARN [main] txn.CompactionTxnHandler: No compaction queue record found for Compaction type transaction commit. txnId:14
2024-04-24T04:57:57,001  INFO [main] ql.TxnCommandsBaseForTests: Running the query: insert into tmp  values(0,0,0),(3,3,3)
2024-04-24T04:57:57,001  INFO [main] ql.Driver: Compiling command(queryId=alex_20240424045757_0d927608-6192-433e-b9c1-9bd67c21abf5): insert into tmp  values(0,0,0),(3,3,3)
2024-04-24T04:57:57,004  INFO [main] txn.TxnHandler: Added entries to MIN_HISTORY_LEVEL for current txns: ([15]) with min_open_txn: 1
2024-04-24T04:57:57,004  INFO [main] lockmgr.DbTxnManager: Opened txnid:15
2024-04-24T04:57:57,005  INFO [main] parse.CalcitePlanner: Starting caching scope for: 
2024-04-24T04:57:57,005  INFO [main] parse.CalcitePlanner: Starting Semantic Analysis
2024-04-24T04:57:57,008  INFO [main] HiveMetaStore.audit: ugi=alex	ip=unknown-ip-addr	cmd=get_table : tbl=hive.default.tmp	
2024-04-24T04:57:57,047  INFO [main] metastore.HMSHandler: Skipping translation for processor with null
2024-04-24T04:57:57,048  INFO [main] parse.CalcitePlanner: Completed phase 1 of Semantic Analysis
2024-04-24T04:57:57,048  INFO [main] parse.CalcitePlanner: Get metadata for source tables
2024-04-24T04:57:57,048  INFO [main] parse.CalcitePlanner: Get metadata for subqueries
2024-04-24T04:57:57,048  INFO [main] parse.CalcitePlanner: Get metadata for destination tables
2024-04-24T04:57:57,048  INFO [main] HiveMetaStore.audit: ugi=alex	ip=unknown-ip-addr	cmd=get_table : tbl=hive.default.tmp	
2024-04-24T04:57:57,058  INFO [main] metastore.HMSHandler: Skipping translation for processor with null
2024-04-24T04:57:57,059  INFO [main] parse.CalcitePlanner: Completed getting MetaData in Semantic Analysis
2024-04-24T04:57:57,059  INFO [main] parse.CalcitePlanner: Disabling LLAP IO encode as ETL query is detected
2024-04-24T04:57:57,080  INFO [main] HiveMetaStore.audit: ugi=alex	ip=unknown-ip-addr	cmd=get_all_table_constraints : tbl=hive._dummy_database._dummy_table	
2024-04-24T04:57:57,160  INFO [main] parse.CalcitePlanner: Get metadata for source tables
2024-04-24T04:57:57,160  INFO [main] parse.CalcitePlanner: Get metadata for subqueries
2024-04-24T04:57:57,160  INFO [main] parse.CalcitePlanner: Get metadata for source tables
2024-04-24T04:57:57,161  INFO [main] HiveMetaStore.audit: ugi=alex	ip=unknown-ip-addr	cmd=get_table : tbl=hive._dummy_database._dummy_table	
2024-04-24T04:57:57,163  INFO [main] parse.CalcitePlanner: Get metadata for subqueries
2024-04-24T04:57:57,163  INFO [main] parse.CalcitePlanner: Get metadata for destination tables
2024-04-24T04:57:57,163  INFO [main] parse.CalcitePlanner: Get metadata for destination tables
2024-04-24T04:57:57,163  INFO [main] HiveMetaStore.audit: ugi=alex	ip=unknown-ip-addr	cmd=get_table : tbl=hive.default.tmp	
2024-04-24T04:57:57,173  INFO [main] metastore.HMSHandler: Skipping translation for processor with null
2024-04-24T04:57:57,177  INFO [main] common.FileUtils: Creating directory if it doesn't exist: file:/home/alex/Repositories/hive/ql/target/tmp/org.apache.hadoop.hive.ql.TestTxnNoBuckets-1713959849960/warehouse/tmp/.hive-staging_hive_2024-04-24_04-57-57_001_8596133813138384946-1
2024-04-24T04:57:57,179  INFO [main] HiveMetaStore.audit: ugi=alex	ip=unknown-ip-addr	cmd=get_not_null_constraints : tbl=hive.default.tmp	
2024-04-24T04:57:57,180  INFO [main] HiveMetaStore.audit: ugi=alex	ip=unknown-ip-addr	cmd=get_check_constraints : tbl=hive.default.tmp	
2024-04-24T04:57:57,182  INFO [main] parse.CalcitePlanner: CBO Succeeded; optimized logical plan.
2024-04-24T04:57:57,185  INFO [main] optimizer.BucketVersionPopulator: not considering bucketingVersion for: TS[0] because it has -1<2 buckets 
2024-04-24T04:57:57,186  INFO [main] optimizer.SortedDynPartitionOptimizer: Sorted dynamic partitioning optimization kicked in..
2024-04-24T04:57:57,187  INFO [main] optimizer.SortedDynPartitionOptimizer: Inserted RS_5 and SEL_6 as parent of FS_4 and child of SEL_3
2024-04-24T04:57:57,195  INFO [main] HiveMetaStore.audit: ugi=alex	ip=unknown-ip-addr	cmd=get_table : tbl=hive.default.tmp	
2024-04-24T04:57:57,206  INFO [main] metastore.HMSHandler: Skipping translation for processor with null
2024-04-24T04:57:57,206  INFO [main] physical.Vectorizer: Examining input format to see if vectorization is enabled.
2024-04-24T04:57:57,206  INFO [main] physical.Vectorizer: Map vectorization enabled: false
2024-04-24T04:57:57,206  INFO [main] physical.Vectorizer: Map vectorized: false
2024-04-24T04:57:57,206  INFO [main] physical.Vectorizer: Map vectorizedVertexNum: 0
2024-04-24T04:57:57,206  INFO [main] physical.Vectorizer: Map enabledConditionsMet: [hive.vectorized.use.vectorized.input.format IS true]
2024-04-24T04:57:57,206  INFO [main] physical.Vectorizer: Map enabledConditionsNotMet: [Could not enable vectorization due to partition column names size 1 is greater than the number of table column names size 0 IS false]
2024-04-24T04:57:57,206  INFO [main] physical.Vectorizer: Map inputFileFormatClassNameSet: [org.apache.hadoop.hive.ql.io.NullRowsInputFormat]
2024-04-24T04:57:57,207  INFO [main] physical.Vectorizer: Reduce vectorization enabled: false
2024-04-24T04:57:57,207  INFO [main] physical.Vectorizer: Reduce vectorized: false
2024-04-24T04:57:57,207  INFO [main] physical.Vectorizer: Reduce vectorizedVertexNum: 1
2024-04-24T04:57:57,207  INFO [main] physical.Vectorizer: Reducer hive.vectorized.execution.reduce.enabled: true
2024-04-24T04:57:57,207  INFO [main] physical.Vectorizer: Reducer engine: mr
2024-04-24T04:57:57,207  INFO [main] parse.CalcitePlanner: Completed plan generation
2024-04-24T04:57:57,207  INFO [main] parse.CalcitePlanner: Ending caching scope for: 
2024-04-24T04:57:57,207  INFO [main] ql.Driver: Semantic Analysis Completed (retrial = false)
2024-04-24T04:57:57,207  INFO [main] ql.Driver: Created Hive schema: Schema(fieldSchemas:[FieldSchema(name:col1, type:int, comment:null), FieldSchema(name:col2, type:int, comment:null), FieldSchema(name:col3, type:int, comment:null)], properties:null)
2024-04-24T04:57:57,207  INFO [main] metadata.Hive: Dumping metastore api call timing information for : compilation phase
2024-04-24T04:57:57,207  INFO [main] metadata.Hive: Total time spent in each metastore function (ms): {getValidWriteIds_(List, String)=3, getNotNullConstraints_(NotNullConstraintsRequest)=1, isCompatibleWith_(Configuration)=0, openTxn_(String, TxnType)=2, commitTxn_(CommitTxnRequest)=10, getTable_(GetTableRequest)=71, flushCache_()=0, getAllTableConstraints_(AllTableConstraintsRequest)=28, getMetaConf_(String)=0, getCheckConstraints_(CheckConstraintsRequest)=1, getValidTxns_(long)=1}
2024-04-24T04:57:57,207  INFO [main] ql.Driver: Completed compiling command(queryId=alex_20240424045757_0d927608-6192-433e-b9c1-9bd67c21abf5); Time taken: 0.206 seconds
2024-04-24T04:57:57,208  INFO [main] lockmgr.DbTxnManager: Setting lock request transaction to txnid:15 for queryId=alex_20240424045757_0d927608-6192-433e-b9c1-9bd67c21abf5
2024-04-24T04:57:57,208  INFO [main] lockmgr.DbLockManager: Requesting lock for queryId=alex_20240424045757_0d927608-6192-433e-b9c1-9bd67c21abf5
2024-04-24T04:57:57,223  INFO [main] lockmgr.DbLockManager: Response to queryId=alex_20240424045757_0d927608-6192-433e-b9c1-9bd67c21abf5 LockResponse(lockid:8, state:ACQUIRED)
2024-04-24T04:57:57,223  INFO [main] ql.Driver: Operation QUERY obtained 1 locks
2024-04-24T04:57:57,223  INFO [main] ql.Driver: Executing command(queryId=alex_20240424045757_0d927608-6192-433e-b9c1-9bd67c21abf5): insert into tmp  values(0,0,0),(3,3,3)
2024-04-24T04:57:57,223  WARN [main] ql.Driver: Hive-on-MR is deprecated in Hive 2 and may not be available in the future versions. Consider using a different execution engine (i.e. spark, tez) or using Hive 1.X releases.
Query ID = alex_20240424045757_0d927608-6192-433e-b9c1-9bd67c21abf5
2024-04-24T04:57:57,223  INFO [main] ql.Driver: Query ID = alex_20240424045757_0d927608-6192-433e-b9c1-9bd67c21abf5
Total jobs = 1
2024-04-24T04:57:57,223  INFO [main] ql.Driver: Total jobs = 1
Launching Job 1 out of 1
2024-04-24T04:57:57,223  INFO [main] ql.Driver: Launching Job 1 out of 1
2024-04-24T04:57:57,363  INFO [main] ql.Driver: Starting task [Stage-1:MAPRED] in serial mode
2024-04-24T04:57:57,363  INFO [main] exec.Utilities: Not using thread pool for getContentSummary
2024-04-24T04:57:57,364  INFO [main] exec.Utilities: BytesPerReducer=256000000 maxReducers=1009 totalInputFileSize=1
Number of reduce tasks not specified. Estimated from input data size: 1
2024-04-24T04:57:57,364  INFO [main] exec.Task: Number of reduce tasks not specified. Estimated from input data size: 1
In order to change the average load for a reducer (in bytes):
2024-04-24T04:57:57,364  INFO [main] exec.Task: In order to change the average load for a reducer (in bytes):
  set hive.exec.reducers.bytes.per.reducer=<number>
2024-04-24T04:57:57,364  INFO [main] exec.Task:   set hive.exec.reducers.bytes.per.reducer=<number>
In order to limit the maximum number of reducers:
2024-04-24T04:57:57,364  INFO [main] exec.Task: In order to limit the maximum number of reducers:
  set hive.exec.reducers.max=<number>
2024-04-24T04:57:57,364  INFO [main] exec.Task:   set hive.exec.reducers.max=<number>
In order to set a constant number of reducers:
2024-04-24T04:57:57,364  INFO [main] exec.Task: In order to set a constant number of reducers:
  set mapreduce.job.reduces=<number>
2024-04-24T04:57:57,365  INFO [main] exec.Task:   set mapreduce.job.reduces=<number>
2024-04-24T04:57:57,367  INFO [main] mr.ExecDriver: Using org.apache.hadoop.hive.ql.io.HiveInputFormat
2024-04-24T04:57:57,367  INFO [main] exec.Utilities: Processing alias $hdt$_0:_dummy_table
2024-04-24T04:57:57,367  INFO [main] exec.Utilities: Adding 1 inputs; the first input is file:/home/alex/Repositories/hive/ql/target/tmp/localscratchdir/58c22cca-0704-4611-b509-aa39277260ab/hive_2024-04-24_04-57-57_001_8596133813138384946-1/dummy_path
2024-04-24T04:57:57,376  INFO [main] exec.SerializationUtilities: Serializing MapWork using kryo
2024-04-24T04:57:57,377  INFO [main] exec.Utilities: Serialized plan (via FILE) - name: null size: 5,39KB
2024-04-24T04:57:57,382  INFO [main] exec.SerializationUtilities: Serializing ReduceWork using kryo
2024-04-24T04:57:57,383  INFO [main] exec.Utilities: Serialized plan (via FILE) - name: null size: 6,46KB
2024-04-24T04:57:57,384  WARN [main] impl.MetricsSystemImpl: JobTracker metrics system already initialized!
2024-04-24T04:57:57,388  INFO [main] fs.FSStatsPublisher: created : file:/home/alex/Repositories/hive/ql/target/tmp/localscratchdir/58c22cca-0704-4611-b509-aa39277260ab/hive_2024-04-24_04-57-57_001_8596133813138384946-1/-mr-10001
2024-04-24T04:57:57,393  WARN [main] impl.MetricsSystemImpl: JobTracker metrics system already initialized!
2024-04-24T04:57:57,401  WARN [main] mapreduce.JobResourceUploader: Hadoop command-line option parsing not performed. Implement the Tool interface and execute your application with ToolRunner to remedy this.
2024-04-24T04:57:57,406  WARN [main] mapreduce.JobResourceUploader: No job jar file set.  User classes may not be found. See Job or Job#setJar(String).
2024-04-24T04:57:57,407  INFO [main] io.HiveInputFormat: hive.io.file.readcolumn.ids = 
2024-04-24T04:57:57,407  INFO [main] io.HiveInputFormat: hive.io.file.readcolumn.names = 
2024-04-24T04:57:57,407  INFO [main] io.HiveInputFormat: Generating splits for dirs: file:/home/alex/Repositories/hive/ql/target/tmp/localscratchdir/58c22cca-0704-4611-b509-aa39277260ab/hive_2024-04-24_04-57-57_001_8596133813138384946-1/dummy_path
2024-04-24T04:57:57,407  INFO [main] io.HiveInputFormat: number of splits 1
2024-04-24T04:57:57,426  INFO [main] mapreduce.JobSubmitter: number of splits:1
2024-04-24T04:57:57,446  INFO [main] mapreduce.JobSubmitter: Submitting tokens for job: job_local850399518_0008
2024-04-24T04:57:57,446  INFO [main] mapreduce.JobSubmitter: Executing with tokens: []
2024-04-24T04:57:57,508  INFO [main] mapreduce.Job: The url to track the job: http://localhost:8080/
Job running in-process (local Hadoop)
2024-04-24T04:57:57,508  INFO [main] exec.Task: Job running in-process (local Hadoop)
2024-04-24T04:57:57,508  INFO [Thread-491] mapred.LocalJobRunner: OutputCommitter set in config org.apache.hadoop.hive.ql.io.HiveFileFormatUtils$NullOutputCommitter
2024-04-24T04:57:57,509  INFO [Thread-491] mapred.LocalJobRunner: OutputCommitter is org.apache.hadoop.hive.ql.io.HiveFileFormatUtils$NullOutputCommitter
2024-04-24T04:57:57,510  INFO [Thread-491] mapred.LocalJobRunner: Waiting for map tasks
2024-04-24T04:57:57,510  INFO [LocalJobRunner Map Task Executor #0] mapred.LocalJobRunner: Starting task: attempt_local850399518_0008_m_000000_0
2024-04-24T04:57:57,513  INFO [LocalJobRunner Map Task Executor #0] mapred.Task:  Using ResourceCalculatorProcessTree : [ ]
2024-04-24T04:57:57,514  INFO [LocalJobRunner Map Task Executor #0] mapred.MapTask: Processing split: org.apache.hadoop.hive.ql.io.NullRowsInputFormat:file:/home/alex/Repositories/hive/ql/target/tmp/localscratchdir/58c22cca-0704-4611-b509-aa39277260ab/hive_2024-04-24_04-57-57_001_8596133813138384946-1/dummy_path/null:0+1
2024-04-24T04:57:57,517  INFO [LocalJobRunner Map Task Executor #0] exec.SerializationUtilities: Deserializing MapWork using kryo
2024-04-24T04:57:57,519  INFO [LocalJobRunner Map Task Executor #0] exec.Utilities: Deserialized plan (via FILE) - name: null size: 5,39KB
2024-04-24T04:57:57,519  INFO [LocalJobRunner Map Task Executor #0] mapred.MapTask: numReduceTasks: 1
2024-04-24T04:57:57,525  INFO [LocalJobRunner Map Task Executor #0] mapred.MapTask: (EQUATOR) 0 kvi 26214396(104857584)
2024-04-24T04:57:57,525  INFO [LocalJobRunner Map Task Executor #0] mapred.MapTask: mapreduce.task.io.sort.mb: 100
2024-04-24T04:57:57,525  INFO [LocalJobRunner Map Task Executor #0] mapred.MapTask: soft limit at 83886080
2024-04-24T04:57:57,525  INFO [LocalJobRunner Map Task Executor #0] mapred.MapTask: bufstart = 0; bufvoid = 104857600
2024-04-24T04:57:57,525  INFO [LocalJobRunner Map Task Executor #0] mapred.MapTask: kvstart = 26214396; length = 6553600
2024-04-24T04:57:57,525  INFO [LocalJobRunner Map Task Executor #0] mapred.MapTask: Map output collector class = org.apache.hadoop.mapred.MapTask$MapOutputBuffer
2024-04-24T04:57:57,526  INFO [LocalJobRunner Map Task Executor #0] exec.MapOperator: Initializing Operator: MAP[0]
2024-04-24T04:57:57,526  INFO [LocalJobRunner Map Task Executor #0] mr.ExecMapper: 
<MAP>Id =0
  <Children>null
  <\Children>
  <Parent><\Parent>
<\MAP>
2024-04-24T04:57:57,528  INFO [LocalJobRunner Map Task Executor #0] exec.TableScanOperator: Initializing Operator: TS[0]
2024-04-24T04:57:57,528  INFO [LocalJobRunner Map Task Executor #0] exec.SelectOperator: Initializing Operator: SEL[1]
2024-04-24T04:57:57,528  INFO [LocalJobRunner Map Task Executor #0] exec.SelectOperator: SELECT null
2024-04-24T04:57:57,528  INFO [LocalJobRunner Map Task Executor #0] exec.UDTFOperator: Initializing Operator: UDTF[2]
2024-04-24T04:57:57,528  INFO [LocalJobRunner Map Task Executor #0] exec.SelectOperator: Initializing Operator: SEL[3]
2024-04-24T04:57:57,528  INFO [LocalJobRunner Map Task Executor #0] exec.SelectOperator: SELECT struct<col1:int,col2:int,col3:int>
2024-04-24T04:57:57,529  INFO [LocalJobRunner Map Task Executor #0] exec.ReduceSinkOperator: Initializing Operator: RS[5]
2024-04-24T04:57:57,529  INFO [LocalJobRunner Map Task Executor #0] exec.ReduceSinkOperator: Using tag = -1
2024-04-24T04:57:57,529  INFO [LocalJobRunner Map Task Executor #0] exec.ReduceSinkOperator: keys are [_col2] num distributions: 1
2024-04-24T04:57:57,530  INFO [LocalJobRunner Map Task Executor #0] exec.ReduceSinkOperator: RS[5]: records written - 1
2024-04-24T04:57:57,530  INFO [LocalJobRunner Map Task Executor #0] exec.MapOperator: MAP[0]: records read - 1
2024-04-24T04:57:57,530  INFO [LocalJobRunner Map Task Executor #0] exec.MapOperator: Closing Operator: MAP[0]
2024-04-24T04:57:57,530  INFO [LocalJobRunner Map Task Executor #0] exec.MapOperator: MAP[0]: Total records read - 3. abort - false
2024-04-24T04:57:57,530  INFO [LocalJobRunner Map Task Executor #0] exec.MapOperator: RECORDS_IN:3, RECORDS_OUT_INTERMEDIATE:0, RECORDS_OUT_OPERATOR_MAP_0:0, DESERIALIZE_ERRORS:0, 
2024-04-24T04:57:57,530  INFO [LocalJobRunner Map Task Executor #0] exec.TableScanOperator: Closing Operator: TS[0]
2024-04-24T04:57:57,530  INFO [LocalJobRunner Map Task Executor #0] exec.TableScanOperator: RECORDS_OUT_INTERMEDIATE:0, RECORDS_OUT_OPERATOR_TS_0:1, 
2024-04-24T04:57:57,530  INFO [LocalJobRunner Map Task Executor #0] exec.SelectOperator: Closing Operator: SEL[1]
2024-04-24T04:57:57,530  INFO [LocalJobRunner Map Task Executor #0] exec.SelectOperator: RECORDS_OUT_INTERMEDIATE:0, RECORDS_OUT_OPERATOR_SEL_1:1, 
2024-04-24T04:57:57,530  INFO [LocalJobRunner Map Task Executor #0] exec.UDTFOperator: Closing Operator: UDTF[2]
2024-04-24T04:57:57,530  INFO [LocalJobRunner Map Task Executor #0] exec.UDTFOperator: RECORDS_OUT_OPERATOR_UDTF_2:2, RECORDS_OUT_INTERMEDIATE:0, 
2024-04-24T04:57:57,531  INFO [LocalJobRunner Map Task Executor #0] exec.SelectOperator: Closing Operator: SEL[3]
2024-04-24T04:57:57,531  INFO [LocalJobRunner Map Task Executor #0] exec.SelectOperator: RECORDS_OUT_OPERATOR_SEL_3:2, RECORDS_OUT_INTERMEDIATE:0, 
2024-04-24T04:57:57,531  INFO [LocalJobRunner Map Task Executor #0] exec.ReduceSinkOperator: Closing Operator: RS[5]
2024-04-24T04:57:57,531  INFO [LocalJobRunner Map Task Executor #0] exec.ReduceSinkOperator: RS[5]: Total records written - 2. abort - false
2024-04-24T04:57:57,531  INFO [LocalJobRunner Map Task Executor #0] exec.ReduceSinkOperator: RECORDS_OUT_INTERMEDIATE:2, RECORDS_OUT_OPERATOR_RS_5:2, 
2024-04-24T04:57:57,534  INFO [LocalJobRunner Map Task Executor #0] mapred.LocalJobRunner: 
2024-04-24T04:57:57,534  INFO [LocalJobRunner Map Task Executor #0] mapred.MapTask: Starting flush of map output
2024-04-24T04:57:57,534  INFO [LocalJobRunner Map Task Executor #0] mapred.MapTask: Spilling map output
2024-04-24T04:57:57,534  INFO [LocalJobRunner Map Task Executor #0] mapred.MapTask: bufstart = 0; bufend = 34; bufvoid = 104857600
2024-04-24T04:57:57,534  INFO [LocalJobRunner Map Task Executor #0] mapred.MapTask: kvstart = 26214396(104857584); kvend = 26214392(104857568); length = 5/6553600
2024-04-24T04:57:57,546  INFO [LocalJobRunner Map Task Executor #0] mapred.MapTask: Finished spill 0
2024-04-24T04:57:57,551  INFO [LocalJobRunner Map Task Executor #0] mapred.Task: Task:attempt_local850399518_0008_m_000000_0 is done. And is in the process of committing
2024-04-24T04:57:57,552  INFO [LocalJobRunner Map Task Executor #0] mapred.LocalJobRunner: map
2024-04-24T04:57:57,552  INFO [LocalJobRunner Map Task Executor #0] mapred.Task: Task 'attempt_local850399518_0008_m_000000_0' done.
2024-04-24T04:57:57,552  INFO [LocalJobRunner Map Task Executor #0] mapred.Task: Final Counters for attempt_local850399518_0008_m_000000_0: Counters: 26
	File System Counters
		FILE: Number of bytes read=134672
		FILE: Number of bytes written=9624513
		FILE: Number of read operations=0
		FILE: Number of large read operations=0
		FILE: Number of write operations=0
	Map-Reduce Framework
		Map input records=4
		Map output records=2
		Map output bytes=34
		Map output materialized bytes=44
		Input split bytes=361
		Combine input records=0
		Spilled Records=2
		Failed Shuffles=0
		Merged Map outputs=0
		GC time elapsed (ms)=0
		Total committed heap usage (bytes)=1098907648
	HIVE
		DESERIALIZE_ERRORS=0
		RECORDS_IN=3
		RECORDS_OUT_INTERMEDIATE=2
		RECORDS_OUT_OPERATOR_MAP_0=0
		RECORDS_OUT_OPERATOR_RS_5=2
		RECORDS_OUT_OPERATOR_SEL_1=1
		RECORDS_OUT_OPERATOR_SEL_3=2
		RECORDS_OUT_OPERATOR_TS_0=1
		RECORDS_OUT_OPERATOR_UDTF_2=2
	File Input Format Counters 
		Bytes Read=5446
2024-04-24T04:57:57,552  INFO [LocalJobRunner Map Task Executor #0] mapred.LocalJobRunner: Finishing task: attempt_local850399518_0008_m_000000_0
2024-04-24T04:57:57,552  INFO [Thread-491] mapred.LocalJobRunner: map task executor complete.
2024-04-24T04:57:57,553  INFO [Thread-491] mapred.LocalJobRunner: Waiting for reduce tasks
2024-04-24T04:57:57,553  INFO [pool-35-thread-1] mapred.LocalJobRunner: Starting task: attempt_local850399518_0008_r_000000_0
2024-04-24T04:57:57,556  INFO [pool-35-thread-1] mapred.Task:  Using ResourceCalculatorProcessTree : [ ]
2024-04-24T04:57:57,556  INFO [pool-35-thread-1] mapred.ReduceTask: Using ShuffleConsumerPlugin: org.apache.hadoop.mapreduce.task.reduce.Shuffle@1829f01d
2024-04-24T04:57:57,556  WARN [pool-35-thread-1] impl.MetricsSystemImpl: JobTracker metrics system already initialized!
2024-04-24T04:57:57,557  INFO [pool-35-thread-1] reduce.MergeManagerImpl: MergerManager: memoryLimit=1336252800, maxSingleShuffleLimit=334063200, mergeThreshold=881926912, ioSortFactor=10, memToMemMergeOutputsThreshold=10
2024-04-24T04:57:57,558  INFO [EventFetcher for fetching Map Completion Events] reduce.EventFetcher: attempt_local850399518_0008_r_000000_0 Thread started: EventFetcher for fetching Map Completion Events
2024-04-24T04:57:57,561  INFO [localfetcher#5] reduce.LocalFetcher: localfetcher#5 about to shuffle output of map attempt_local850399518_0008_m_000000_0 decomp: 40 len: 44 to MEMORY
2024-04-24T04:57:57,561  INFO [localfetcher#5] reduce.InMemoryMapOutput: Read 40 bytes from map-output for attempt_local850399518_0008_m_000000_0
2024-04-24T04:57:57,561  INFO [localfetcher#5] reduce.MergeManagerImpl: closeInMemoryFile -> map-output of size: 40, inMemoryMapOutputs.size() -> 1, commitMemory -> 0, usedMemory ->40
2024-04-24T04:57:57,561  INFO [EventFetcher for fetching Map Completion Events] reduce.EventFetcher: EventFetcher is interrupted.. Returning
2024-04-24T04:57:57,562  INFO [pool-35-thread-1] mapred.LocalJobRunner: 1 / 1 copied.
2024-04-24T04:57:57,562  INFO [pool-35-thread-1] reduce.MergeManagerImpl: finalMerge called with 1 in-memory map-outputs and 0 on-disk map-outputs
2024-04-24T04:57:57,568  INFO [pool-35-thread-1] mapred.Merger: Merging 1 sorted segments
2024-04-24T04:57:57,568  INFO [pool-35-thread-1] mapred.Merger: Down to the last merge-pass, with 1 segments left of total size: 28 bytes
2024-04-24T04:57:57,571  INFO [pool-35-thread-1] reduce.MergeManagerImpl: Merged 1 segments, 40 bytes to disk to satisfy reduce memory limit
2024-04-24T04:57:57,571  INFO [pool-35-thread-1] reduce.MergeManagerImpl: Merging 1 files, 44 bytes from disk
2024-04-24T04:57:57,571  INFO [pool-35-thread-1] reduce.MergeManagerImpl: Merging 0 segments, 0 bytes from memory into reduce
2024-04-24T04:57:57,571  INFO [pool-35-thread-1] mapred.Merger: Merging 1 sorted segments
2024-04-24T04:57:57,571  INFO [pool-35-thread-1] mapred.Merger: Down to the last merge-pass, with 1 segments left of total size: 28 bytes
2024-04-24T04:57:57,571  INFO [pool-35-thread-1] mapred.LocalJobRunner: 1 / 1 copied.
2024-04-24T04:57:57,572  INFO [pool-35-thread-1] exec.SerializationUtilities: Deserializing ReduceWork using kryo
2024-04-24T04:57:57,573  INFO [pool-35-thread-1] exec.Utilities: Deserialized plan (via FILE) - name: null size: 6,46KB
2024-04-24T04:57:57,574  INFO [pool-35-thread-1] ExecReducer: 
<SEL>Id =6
  <Children>
    <FS>Id =4
      <Children>
      <\Children>
      <Parent>Id = 6 null<\Parent>
    <\FS>
  <\Children>
  <Parent><\Parent>
<\SEL>
2024-04-24T04:57:57,574  INFO [pool-35-thread-1] exec.SelectOperator: Initializing Operator: SEL[6]
2024-04-24T04:57:57,574  INFO [pool-35-thread-1] exec.SelectOperator: SELECT struct<key:struct<_col2:int>,value:struct<_col0:int,_col1:int>>
2024-04-24T04:57:57,574  INFO [pool-35-thread-1] exec.FileSinkOperator: Initializing Operator: FS[4]
2024-04-24T04:57:57,574  INFO [pool-35-thread-1] exec.FileSinkOperator: Using serializer : AbstractSerDe [log=org.apache.logging.slf4j.Log4jLogger@7620dc3c, configuration=Optional[Configuration: core-default.xml, core-site.xml, mapred-default.xml, mapred-site.xml, yarn-default.xml, yarn-site.xml, hdfs-default.xml, hdfs-site.xml, file:/home/alex/Repositories/hive/ql/target/tmp/TestTxnNoBucketsVectorized/mapred/local/localRunner/alex/job_local850399518_0008/job_local850399518_0008.xml], properties={name=default.tmp, columns.types=int:int, serialization.format=1, columns=c1,c2, columns.comments=&amp#0;, partition_columns.types=int, partition_columns=c3, bucketing_version=2, serialization.lib=org.apache.hadoop.hive.ql.io.orc.OrcSerde, file.inputformat=org.apache.hadoop.hive.ql.io.orc.OrcInputFormat, file.outputformat=org.apache.hadoop.hive.ql.io.orc.OrcOutputFormat, location=file:/home/alex/Repositories/hive/ql/target/tmp/org.apache.hadoop.hive.ql.TestTxnNoBuckets-1713959849960/warehouse/tmp, column.name.delimiter=,}, tableProperties={name=default.tmp, columns.types=int:int, serialization.format=1, columns=c1,c2, columns.comments=&amp#0;, partition_columns.types=int, partition_columns=c3, bucketing_version=2, serialization.lib=org.apache.hadoop.hive.ql.io.orc.OrcSerde, file.inputformat=org.apache.hadoop.hive.ql.io.orc.OrcInputFormat, location=file:/home/alex/Repositories/hive/ql/target/tmp/org.apache.hadoop.hive.ql.TestTxnNoBuckets-1713959849960/warehouse/tmp, file.outputformat=org.apache.hadoop.hive.ql.io.orc.OrcOutputFormat, column.name.delimiter=,}, partitionProperties=Optional.empty, columnNames=[c1, c2], columnTypes=[int, int], getClass()=class org.apache.hadoop.hive.ql.io.orc.OrcSerde] and formatter : org.apache.hadoop.hive.ql.io.orc.OrcOutputFormat@355d53bc
2024-04-24T04:57:57,576  INFO [pool-35-thread-1] exec.FileSinkOperator: Final Path: FS file:/home/alex/Repositories/hive/ql/target/tmp/org.apache.hadoop.hive.ql.TestTxnNoBuckets-1713959849960/warehouse/tmp/.hive-staging_hive_2024-04-24_04-57-57_001_8596133813138384946-1/_tmp.-ext-10000/c3=0/000000_0
2024-04-24T04:57:57,576  INFO [pool-35-thread-1] exec.FileSinkOperator: Writing to temp file: FS file:/home/alex/Repositories/hive/ql/target/tmp/org.apache.hadoop.hive.ql.TestTxnNoBuckets-1713959849960/warehouse/tmp/.hive-staging_hive_2024-04-24_04-57-57_001_8596133813138384946-1/_task_tmp.-ext-10000/c3=0/_tmp.000000_0
2024-04-24T04:57:57,576  INFO [pool-35-thread-1] exec.FileSinkOperator: New Final Path: FS file:/home/alex/Repositories/hive/ql/target/tmp/org.apache.hadoop.hive.ql.TestTxnNoBuckets-1713959849960/warehouse/tmp/.hive-staging_hive_2024-04-24_04-57-57_001_8596133813138384946-1/_tmp.-ext-10000/c3=0/000000_0
2024-04-24T04:57:57,581  INFO [pool-35-thread-1] exec.FileSinkOperator: FS[4]: records written - 1
2024-04-24T04:57:57,582  INFO [pool-35-thread-1] impl.PhysicalFsWriter: ORC writer created for path: file:/home/alex/Repositories/hive/ql/target/tmp/org.apache.hadoop.hive.ql.TestTxnNoBuckets-1713959849960/warehouse/tmp/.hive-staging_hive_2024-04-24_04-57-57_001_8596133813138384946-1/_task_tmp.-ext-10000/c3=0/_tmp.000000_0 with stripeSize: 67108864 blockSize: 268435456 compression: Compress: ZLIB buffer: 262144
2024-04-24T04:57:57,587  INFO [pool-35-thread-1] impl.WriterImpl: ORC writer created for path: file:/home/alex/Repositories/hive/ql/target/tmp/org.apache.hadoop.hive.ql.TestTxnNoBuckets-1713959849960/warehouse/tmp/.hive-staging_hive_2024-04-24_04-57-57_001_8596133813138384946-1/_task_tmp.-ext-10000/c3=0/_tmp.000000_0 with stripeSize: 67108864 options: Compress: ZLIB buffer: 262144
2024-04-24T04:57:57,589  INFO [pool-35-thread-1] exec.FileSinkOperator: Final Path: FS file:/home/alex/Repositories/hive/ql/target/tmp/org.apache.hadoop.hive.ql.TestTxnNoBuckets-1713959849960/warehouse/tmp/.hive-staging_hive_2024-04-24_04-57-57_001_8596133813138384946-1/_tmp.-ext-10000/c3=3/000000_0
2024-04-24T04:57:57,589  INFO [pool-35-thread-1] exec.FileSinkOperator: Writing to temp file: FS file:/home/alex/Repositories/hive/ql/target/tmp/org.apache.hadoop.hive.ql.TestTxnNoBuckets-1713959849960/warehouse/tmp/.hive-staging_hive_2024-04-24_04-57-57_001_8596133813138384946-1/_task_tmp.-ext-10000/c3=3/_tmp.000000_0
2024-04-24T04:57:57,589  INFO [pool-35-thread-1] exec.FileSinkOperator: New Final Path: FS file:/home/alex/Repositories/hive/ql/target/tmp/org.apache.hadoop.hive.ql.TestTxnNoBuckets-1713959849960/warehouse/tmp/.hive-staging_hive_2024-04-24_04-57-57_001_8596133813138384946-1/_tmp.-ext-10000/c3=3/000000_0
2024-04-24T04:57:57,592  INFO [pool-35-thread-1] impl.PhysicalFsWriter: ORC writer created for path: file:/home/alex/Repositories/hive/ql/target/tmp/org.apache.hadoop.hive.ql.TestTxnNoBuckets-1713959849960/warehouse/tmp/.hive-staging_hive_2024-04-24_04-57-57_001_8596133813138384946-1/_task_tmp.-ext-10000/c3=3/_tmp.000000_0 with stripeSize: 67108864 blockSize: 268435456 compression: Compress: ZLIB buffer: 262144
2024-04-24T04:57:57,597  INFO [pool-35-thread-1] impl.WriterImpl: ORC writer created for path: file:/home/alex/Repositories/hive/ql/target/tmp/org.apache.hadoop.hive.ql.TestTxnNoBuckets-1713959849960/warehouse/tmp/.hive-staging_hive_2024-04-24_04-57-57_001_8596133813138384946-1/_task_tmp.-ext-10000/c3=3/_tmp.000000_0 with stripeSize: 67108864 options: Compress: ZLIB buffer: 262144
2024-04-24T04:57:57,597  INFO [pool-35-thread-1] exec.SelectOperator: Closing Operator: SEL[6]
2024-04-24T04:57:57,597  INFO [pool-35-thread-1] exec.SelectOperator: RECORDS_OUT_OPERATOR_SEL_6:2, RECORDS_OUT_INTERMEDIATE:0, 
2024-04-24T04:57:57,597  INFO [pool-35-thread-1] exec.FileSinkOperator: Closing Operator: FS[4]
2024-04-24T04:57:57,597  INFO [pool-35-thread-1] exec.FileSinkOperator: FS[4]: records written - 2
2024-04-24T04:57:57,598  INFO [pool-35-thread-1] common.FileUtils: Creating directory if it doesn't exist: file:/home/alex/Repositories/hive/ql/target/tmp/org.apache.hadoop.hive.ql.TestTxnNoBuckets-1713959849960/warehouse/tmp/.hive-staging_hive_2024-04-24_04-57-57_001_8596133813138384946-1/_tmp.-ext-10000/c3=0
2024-04-24T04:57:57,602  INFO [pool-35-thread-1] common.FileUtils: Creating directory if it doesn't exist: file:/home/alex/Repositories/hive/ql/target/tmp/org.apache.hadoop.hive.ql.TestTxnNoBuckets-1713959849960/warehouse/tmp/.hive-staging_hive_2024-04-24_04-57-57_001_8596133813138384946-1/_tmp.-ext-10000/c3=3
2024-04-24T04:57:57,610  INFO [pool-35-thread-1] exec.FileSinkOperator: RECORDS_OUT_OPERATOR_FS_4:2, RECORDS_OUT_INTERMEDIATE:0, RECORDS_OUT_1_default.tmp:2, TOTAL_TABLE_ROWS_WRITTEN:2, 
2024-04-24T04:57:57,610  INFO [pool-35-thread-1] mapred.Task: Task:attempt_local850399518_0008_r_000000_0 is done. And is in the process of committing
2024-04-24T04:57:57,611  INFO [pool-35-thread-1] mapred.LocalJobRunner: reduce > reduce
2024-04-24T04:57:57,611  INFO [pool-35-thread-1] mapred.Task: Task 'attempt_local850399518_0008_r_000000_0' done.
2024-04-24T04:57:57,611  INFO [pool-35-thread-1] mapred.Task: Final Counters for attempt_local850399518_0008_r_000000_0: Counters: 31
	File System Counters
		FILE: Number of bytes read=141315
		FILE: Number of bytes written=9625184
		FILE: Number of read operations=0
		FILE: Number of large read operations=0
		FILE: Number of write operations=0
	Map-Reduce Framework
		Combine input records=0
		Combine output records=0
		Reduce input groups=2
		Reduce shuffle bytes=44
		Reduce input records=2
		Reduce output records=0
		Spilled Records=2
		Shuffled Maps =1
		Failed Shuffles=0
		Merged Map outputs=1
		GC time elapsed (ms)=0
		Total committed heap usage (bytes)=1098907648
	HIVE
		CREATED_DYNAMIC_PARTITIONS=2
		CREATED_FILES=2
		RECORDS_OUT_1_default.tmp=2
		RECORDS_OUT_INTERMEDIATE=0
		RECORDS_OUT_OPERATOR_FS_4=2
		RECORDS_OUT_OPERATOR_SEL_6=2
		TOTAL_TABLE_ROWS_WRITTEN=2
	Shuffle Errors
		BAD_ID=0
		CONNECTION=0
		IO_ERROR=0
		WRONG_LENGTH=0
		WRONG_MAP=0
		WRONG_REDUCE=0
	File Output Format Counters 
		Bytes Written=0
2024-04-24T04:57:57,611  INFO [pool-35-thread-1] mapred.LocalJobRunner: Finishing task: attempt_local850399518_0008_r_000000_0
2024-04-24T04:57:57,611  INFO [Thread-491] mapred.LocalJobRunner: reduce task executor complete.
2024-04-24 04:57:58,513 Stage-1 map = 100%,  reduce = 100%
2024-04-24T04:57:58,513  INFO [main] exec.Task: 2024-04-24 04:57:58,513 Stage-1 map = 100%,  reduce = 100%
Ended Job = job_local850399518_0008
2024-04-24T04:57:58,516  INFO [main] exec.Task: Ended Job = job_local850399518_0008
2024-04-24T04:57:58,520  INFO [main] ql.Driver: Starting task [Stage-0:MOVE] in serial mode
Loading data to table default.tmp partition (c3=null)
2024-04-24T04:57:58,520  INFO [main] exec.Task: Loading data to table default.tmp partition (c3=null) from file:/home/alex/Repositories/hive/ql/target/tmp/org.apache.hadoop.hive.ql.TestTxnNoBuckets-1713959849960/warehouse/tmp/.hive-staging_hive_2024-04-24_04-57-57_001_8596133813138384946-1/-ext-10000
2024-04-24T04:57:58,520  INFO [main] HiveMetaStore.audit: ugi=alex	ip=unknown-ip-addr	cmd=get_table : tbl=hive.default.tmp	
2024-04-24T04:57:58,531  INFO [main] metastore.HMSHandler: Skipping translation for processor with null
2024-04-24T04:57:58,532  INFO [main] exec.MoveTask: Partition is: {c3=null}


2024-04-24T04:57:58,533  INFO [main] exec.Task: 

2024-04-24T04:57:58,533  INFO [main] HiveMetaStore.audit: ugi=alex	ip=unknown-ip-addr	cmd=get_table : tbl=hive.default.tmp	
2024-04-24T04:57:58,547  INFO [main] metastore.HMSHandler: Skipping translation for processor with null
2024-04-24T04:57:58,548  INFO [main] HiveMetaStore.audit: ugi=alex	ip=unknown-ip-addr	cmd=get_table : tbl=hive.default.tmp	
2024-04-24T04:57:58,558  INFO [main] metastore.HMSHandler: Skipping translation for processor with null
2024-04-24T04:57:58,558  INFO [main] HiveMetaStore.audit: ugi=alex	ip=unknown-ip-addr	cmd=get_table : tbl=hive.default.tmp	
2024-04-24T04:57:58,568  INFO [main] metastore.HMSHandler: Skipping translation for processor with null
2024-04-24T04:57:58,569  INFO [main] HiveMetaStore.audit: ugi=alex	ip=unknown-ip-addr	cmd=get_partitions_names_ps : tbl=hive.default.tmp[]	
2024-04-24T04:57:58,591  INFO [load-dynamic-partitionsToAdd-0] metadata.Hive: New loading path = file:/home/alex/Repositories/hive/ql/target/tmp/org.apache.hadoop.hive.ql.TestTxnNoBuckets-1713959849960/warehouse/tmp/.hive-staging_hive_2024-04-24_04-57-57_001_8596133813138384946-1/-ext-10000/c3=3 withPartSpec {c3=3}
2024-04-24T04:57:58,591  INFO [load-dynamic-partitionsToAdd-1] metadata.Hive: New loading path = file:/home/alex/Repositories/hive/ql/target/tmp/org.apache.hadoop.hive.ql.TestTxnNoBuckets-1713959849960/warehouse/tmp/.hive-staging_hive_2024-04-24_04-57-57_001_8596133813138384946-1/-ext-10000/c3=0 withPartSpec {c3=0}
2024-04-24T04:57:58,592  INFO [load-dynamic-partitionsToAdd-0] metastore.HiveMetaStoreClient: HMS client filtering is enabled.
2024-04-24T04:57:58,593  INFO [load-dynamic-partitionsToAdd-1] metastore.HiveMetaStoreClient: HMS client filtering is enabled.
2024-04-24T04:57:58,594  INFO [load-dynamic-partitionsToAdd-1] metastore.HMSHandler: 4: Opening raw store with implementation class:org.apache.hadoop.hive.metastore.ObjectStore
2024-04-24T04:57:58,594  INFO [load-dynamic-partitionsToAdd-0] metastore.HMSHandler: 3: Opening raw store with implementation class:org.apache.hadoop.hive.metastore.ObjectStore
2024-04-24T04:57:58,594  INFO [load-dynamic-partitionsToAdd-0] metastore.PersistenceManagerProvider: Configuration datanucleus.autoStartMechanismMode is not set. Defaulting to 'ignored'
2024-04-24T04:57:58,594  INFO [load-dynamic-partitionsToAdd-1] metastore.PersistenceManagerProvider: Configuration datanucleus.autoStartMechanismMode is not set. Defaulting to 'ignored'
2024-04-24T04:57:58,595  INFO [load-dynamic-partitionsToAdd-0] metastore.ObjectStore: RawStore: org.apache.hadoop.hive.metastore.ObjectStore@758d558f, with PersistenceManager: null will be shutdown
2024-04-24T04:57:58,596  INFO [load-dynamic-partitionsToAdd-0] metastore.ObjectStore: RawStore: org.apache.hadoop.hive.metastore.ObjectStore@758d558f, with PersistenceManager: org.datanucleus.api.jdo.JDOPersistenceManager@1f5050f created in the thread with id: 597
2024-04-24T04:57:58,596  INFO [load-dynamic-partitionsToAdd-1] metastore.ObjectStore: RawStore: org.apache.hadoop.hive.metastore.ObjectStore@5189a334, with PersistenceManager: null will be shutdown
2024-04-24T04:57:58,596  INFO [load-dynamic-partitionsToAdd-1] metastore.ObjectStore: RawStore: org.apache.hadoop.hive.metastore.ObjectStore@5189a334, with PersistenceManager: org.datanucleus.api.jdo.JDOPersistenceManager@255547c6 created in the thread with id: 598
2024-04-24T04:57:58,625  INFO [load-dynamic-partitionsToAdd-0] metastore.HMSHandler: Created RawStore: org.apache.hadoop.hive.metastore.ObjectStore@758d558f from thread id: 597
2024-04-24T04:57:58,625  INFO [load-dynamic-partitionsToAdd-1] metastore.HMSHandler: Created RawStore: org.apache.hadoop.hive.metastore.ObjectStore@5189a334 from thread id: 598
2024-04-24T04:57:58,625  INFO [load-dynamic-partitionsToAdd-0] metastore.HMSHandler: HMS server filtering is disabled by configuration
2024-04-24T04:57:58,625  INFO [load-dynamic-partitionsToAdd-1] metastore.HMSHandler: HMS server filtering is disabled by configuration
2024-04-24T04:57:58,625  INFO [load-dynamic-partitionsToAdd-0] metastore.RetryingMetaStoreClient: RetryingMetaStoreClient proxy=class org.apache.hadoop.hive.ql.metadata.SessionHiveMetaStoreClient ugi=alex (auth:SIMPLE) retries=1 delay=1 lifetime=0
2024-04-24T04:57:58,625  INFO [load-dynamic-partitionsToAdd-1] metastore.RetryingMetaStoreClient: RetryingMetaStoreClient proxy=class org.apache.hadoop.hive.ql.metadata.SessionHiveMetaStoreClient ugi=alex (auth:SIMPLE) retries=1 delay=1 lifetime=0
2024-04-24T04:57:58,625  INFO [load-dynamic-partitionsToAdd-0] HiveMetaStore.audit: ugi=alex	ip=unknown-ip-addr	cmd=get_database: default	
2024-04-24T04:57:58,625  INFO [load-dynamic-partitionsToAdd-1] HiveMetaStore.audit: ugi=alex	ip=unknown-ip-addr	cmd=get_database: default	
2024-04-24T04:57:58,628  INFO [load-dynamic-partitionsToAdd-1] common.FileUtils: Creating directory if it doesn't exist: file:/home/alex/Repositories/hive/ql/target/tmp/org.apache.hadoop.hive.ql.TestTxnNoBuckets-1713959849960/warehouse/tmp/c3=0
2024-04-24T04:57:58,628  INFO [load-dynamic-partitionsToAdd-0] common.FileUtils: Creating directory if it doesn't exist: file:/home/alex/Repositories/hive/ql/target/tmp/org.apache.hadoop.hive.ql.TestTxnNoBuckets-1713959849960/warehouse/tmp/c3=3
2024-04-24T04:57:58,633  INFO [load-dynamic-partitionsToAdd-1] HiveMetaStore.audit: ugi=alex	ip=unknown-ip-addr	cmd=Cleaning up thread local RawStore...	
2024-04-24T04:57:58,634  INFO [load-dynamic-partitionsToAdd-1] metastore.ObjectStore: RawStore: org.apache.hadoop.hive.metastore.ObjectStore@5189a334, with PersistenceManager: org.datanucleus.api.jdo.JDOPersistenceManager@255547c6 will be shutdown
2024-04-24T04:57:58,634  INFO [load-dynamic-partitionsToAdd-1] HiveMetaStore.audit: ugi=alex	ip=unknown-ip-addr	cmd=Done cleaning up thread local RawStore	
2024-04-24T04:57:58,634  INFO [load-dynamic-partitionsToAdd-1] metastore.HiveMetaStoreClient: Closed a connection to metastore, current connections: -1
2024-04-24T04:57:58,634  INFO [load-dynamic-partitionsToAdd-0] HiveMetaStore.audit: ugi=alex	ip=unknown-ip-addr	cmd=Cleaning up thread local RawStore...	
2024-04-24T04:57:58,634  INFO [load-dynamic-partitionsToAdd-0] metastore.ObjectStore: RawStore: org.apache.hadoop.hive.metastore.ObjectStore@758d558f, with PersistenceManager: org.datanucleus.api.jdo.JDOPersistenceManager@1f5050f will be shutdown
2024-04-24T04:57:58,634  INFO [load-dynamic-partitionsToAdd-0] HiveMetaStore.audit: ugi=alex	ip=unknown-ip-addr	cmd=Done cleaning up thread local RawStore	
2024-04-24T04:57:58,634  INFO [load-dynamic-partitionsToAdd-0] metastore.HiveMetaStoreClient: Closed a connection to metastore, current connections: -2
2024-04-24T04:57:58,634  INFO [main] metadata.Hive: Number of partitionsToAdd to be added is 2
2024-04-24T04:57:58,638  INFO [main] HiveMetaStore.audit: ugi=alex	ip=unknown-ip-addr	cmd=add_partitions	
2024-04-24T04:57:58,698  INFO [main] metadata.Hive: Loaded 2partitionsToAdd
	 Time taken to load dynamic partitions: 0.166 seconds
2024-04-24T04:57:58,699  INFO [main] exec.Task: 	 Time taken to load dynamic partitions: 0.166 seconds
2024-04-24T04:57:58,699  INFO [main] exec.MoveTask: 	 Time taken to load dynamic partitions: 0.166 seconds
2024-04-24T04:57:58,699  INFO [main] exec.MoveTask: Loading partition {c3=3}
2024-04-24T04:57:58,699  INFO [main] exec.MoveTask: Loading partition {c3=0}
	 Time taken for adding to write entity : 0.0 seconds
2024-04-24T04:57:58,699  INFO [main] exec.Task: 	 Time taken for adding to write entity : 0.0 seconds
2024-04-24T04:57:58,699  INFO [main] ql.Driver: Starting task [Stage-2:STATS] in serial mode
2024-04-24T04:57:58,700  INFO [main] HiveMetaStore.audit: ugi=alex	ip=unknown-ip-addr	cmd=get_table : tbl=hive.default.tmp	
2024-04-24T04:57:58,714  INFO [main] metastore.HMSHandler: Skipping translation for processor with null
2024-04-24T04:57:58,714  INFO [main] stats.BasicStatsTask: Executing stats task
2024-04-24T04:57:58,714  INFO [main] fs.FSStatsPublisher: created : file:/home/alex/Repositories/hive/ql/target/tmp/localscratchdir/58c22cca-0704-4611-b509-aa39277260ab/hive_2024-04-24_04-57-57_001_8596133813138384946-1/-mr-10001
2024-04-24T04:57:58,716  INFO [main] HiveMetaStore.audit: ugi=alex	ip=unknown-ip-addr	cmd=get_table : tbl=hive.default.tmp	
2024-04-24T04:57:58,730  INFO [main] metastore.HMSHandler: Skipping translation for processor with null
2024-04-24T04:57:58,731  INFO [main] FileOperations: Read stats for default.tmp/c3=3/, numRows, true, 1, false: 
2024-04-24T04:57:58,731  INFO [main] FileOperations: Read stats for default.tmp/c3=3/, rawDataSize, true, 8, false: 
2024-04-24T04:57:58,731  INFO [main] stats.BasicStatsTask: Partition {c3=3} stats: [numFiles=1, numRows=1, totalSize=242, rawDataSize=8, numFilesErasureCoded=0]
2024-04-24T04:57:58,732  INFO [main] FileOperations: Read stats for default.tmp/c3=0/, numRows, true, 1, false: 
2024-04-24T04:57:58,732  INFO [main] FileOperations: Read stats for default.tmp/c3=0/, rawDataSize, true, 8, false: 
2024-04-24T04:57:58,732  INFO [main] stats.BasicStatsTask: Partition {c3=0} stats: [numFiles=1, numRows=1, totalSize=242, rawDataSize=8, numFilesErasureCoded=0]
2024-04-24T04:57:58,732  INFO [main] HiveMetaStore.audit: ugi=alex	ip=unknown-ip-addr	cmd=alter_partitions : tbl=hive.default.tmp	
2024-04-24T04:57:58,732  INFO [main] metastore.HMSHandler: New partition values:[3]
2024-04-24T04:57:58,732  INFO [main] metastore.HMSHandler: New partition values:[0]
2024-04-24T04:57:58,852  INFO [main] metadata.Hive: Dumping metastore api call timing information for : execution phase
2024-04-24T04:57:58,852  INFO [main] metadata.Hive: Total time spent in each metastore function (ms): {listPartitionNamesRequest_(GetPartitionNamesPsRequest)=31, getTable_(GetTableRequest)=64, isCompatibleWith_(Configuration)=0, add_partitions_(List)=61, alter_partitions_(String, String, List, EnvironmentContext, String, long)=119}
MapReduce Jobs Launched: 
2024-04-24T04:57:58,852  INFO [main] ql.Driver: MapReduce Jobs Launched: 
Stage-Stage-1:  HDFS Read: 0 HDFS Write: 0 SUCCESS
2024-04-24T04:57:58,852  INFO [main] ql.Driver: Stage-Stage-1:  HDFS Read: 0 HDFS Write: 0 SUCCESS
Total MapReduce CPU Time Spent: 0 msec
2024-04-24T04:57:58,852  INFO [main] ql.Driver: Total MapReduce CPU Time Spent: 0 msec
2024-04-24T04:57:58,852  INFO [main] ql.Driver: Completed executing command(queryId=alex_20240424045757_0d927608-6192-433e-b9c1-9bd67c21abf5); Time taken: 1.629 seconds
2024-04-24T04:57:58,853  INFO [main] lockmgr.DbTxnManager: Stopped heartbeat for query: alex_20240424045757_0d927608-6192-433e-b9c1-9bd67c21abf5
2024-04-24T04:57:58,857  INFO [main] txn.TxnHandler: Expected to move at least one record from txn_components to completed_txn_components when committing txn! txnid:15
2024-04-24T04:57:58,863  INFO [main] txn.TxnHandler: Removed transactions: ([15]) from MIN_HISTORY_LEVEL
2024-04-24T04:57:58,864  WARN [main] txn.CompactionTxnHandler: No compaction queue record found for Compaction type transaction commit. txnId:15
2024-04-24T04:57:58,865  INFO [main] ql.TxnCommandsBaseForTests: Running the query: insert into tmp  values(1,1,1),(2,2,2)
2024-04-24T04:57:58,865  INFO [main] ql.Context: Deleting scratch dir: file:/home/alex/Repositories/hive/ql/target/tmp/org.apache.hadoop.hive.ql.TestTxnNoBuckets-1713959849960/warehouse/tmp/.hive-staging_hive_2024-04-24_04-57-57_001_8596133813138384946-1
2024-04-24T04:57:58,865  INFO [main] cleanup.SyncCleanupService: Deleted directory: file:/home/alex/Repositories/hive/ql/target/tmp/org.apache.hadoop.hive.ql.TestTxnNoBuckets-1713959849960/warehouse/tmp/.hive-staging_hive_2024-04-24_04-57-57_001_8596133813138384946-1 on fs with scheme file
2024-04-24T04:57:58,866  INFO [main] ql.Context: Deleting scratch dir: file:/home/alex/Repositories/hive/ql/target/tmp/localscratchdir/58c22cca-0704-4611-b509-aa39277260ab/hive_2024-04-24_04-57-57_001_8596133813138384946-1
2024-04-24T04:57:58,867  INFO [main] cleanup.SyncCleanupService: Deleted directory: file:/home/alex/Repositories/hive/ql/target/tmp/localscratchdir/58c22cca-0704-4611-b509-aa39277260ab/hive_2024-04-24_04-57-57_001_8596133813138384946-1 on fs with scheme file
2024-04-24T04:57:58,867  INFO [main] ql.Driver: Compiling command(queryId=alex_20240424045758_1baea5a1-08de-426f-90d8-9b8b7a6a7a74): insert into tmp  values(1,1,1),(2,2,2)
2024-04-24T04:57:58,879  INFO [main] txn.TxnHandler: Added entries to MIN_HISTORY_LEVEL for current txns: ([16]) with min_open_txn: 16
2024-04-24T04:57:58,880  INFO [main] lockmgr.DbTxnManager: Opened txnid:16
2024-04-24T04:57:58,882  INFO [main] parse.CalcitePlanner: Starting caching scope for: 
2024-04-24T04:57:58,882  INFO [main] parse.CalcitePlanner: Starting Semantic Analysis
2024-04-24T04:57:58,889  INFO [main] HiveMetaStore.audit: ugi=alex	ip=unknown-ip-addr	cmd=get_table : tbl=hive.default.tmp	
2024-04-24T04:57:58,902  INFO [main] metastore.HMSHandler: Skipping translation for processor with null
2024-04-24T04:57:58,902  INFO [main] parse.CalcitePlanner: Completed phase 1 of Semantic Analysis
2024-04-24T04:57:58,902  INFO [main] parse.CalcitePlanner: Get metadata for source tables
2024-04-24T04:57:58,902  INFO [main] parse.CalcitePlanner: Get metadata for subqueries
2024-04-24T04:57:58,902  INFO [main] parse.CalcitePlanner: Get metadata for destination tables
2024-04-24T04:57:58,902  INFO [main] HiveMetaStore.audit: ugi=alex	ip=unknown-ip-addr	cmd=get_table : tbl=hive.default.tmp	
2024-04-24T04:57:58,917  INFO [main] metastore.HMSHandler: Skipping translation for processor with null
2024-04-24T04:57:58,917  INFO [main] parse.CalcitePlanner: Completed getting MetaData in Semantic Analysis
2024-04-24T04:57:58,917  INFO [main] parse.CalcitePlanner: Disabling LLAP IO encode as ETL query is detected
2024-04-24T04:57:58,939  INFO [main] HiveMetaStore.audit: ugi=alex	ip=unknown-ip-addr	cmd=get_all_table_constraints : tbl=hive._dummy_database._dummy_table	
2024-04-24T04:57:58,991  INFO [main] parse.CalcitePlanner: Get metadata for source tables
2024-04-24T04:57:58,991  INFO [main] parse.CalcitePlanner: Get metadata for subqueries
2024-04-24T04:57:58,991  INFO [main] parse.CalcitePlanner: Get metadata for source tables
2024-04-24T04:57:58,991  INFO [main] HiveMetaStore.audit: ugi=alex	ip=unknown-ip-addr	cmd=get_table : tbl=hive._dummy_database._dummy_table	
2024-04-24T04:57:58,994  INFO [main] parse.CalcitePlanner: Get metadata for subqueries
2024-04-24T04:57:58,994  INFO [main] parse.CalcitePlanner: Get metadata for destination tables
2024-04-24T04:57:58,994  INFO [main] parse.CalcitePlanner: Get metadata for destination tables
2024-04-24T04:57:58,994  INFO [main] HiveMetaStore.audit: ugi=alex	ip=unknown-ip-addr	cmd=get_table : tbl=hive.default.tmp	
2024-04-24T04:57:59,004  INFO [main] metastore.HMSHandler: Skipping translation for processor with null
2024-04-24T04:57:59,007  INFO [main] common.FileUtils: Creating directory if it doesn't exist: file:/home/alex/Repositories/hive/ql/target/tmp/org.apache.hadoop.hive.ql.TestTxnNoBuckets-1713959849960/warehouse/tmp/.hive-staging_hive_2024-04-24_04-57-58_867_3627538553309629223-1
2024-04-24T04:57:59,009  INFO [main] HiveMetaStore.audit: ugi=alex	ip=unknown-ip-addr	cmd=get_not_null_constraints : tbl=hive.default.tmp	
2024-04-24T04:57:59,011  INFO [main] HiveMetaStore.audit: ugi=alex	ip=unknown-ip-addr	cmd=get_check_constraints : tbl=hive.default.tmp	
2024-04-24T04:57:59,012  INFO [main] parse.CalcitePlanner: CBO Succeeded; optimized logical plan.
2024-04-24T04:57:59,016  INFO [main] optimizer.BucketVersionPopulator: not considering bucketingVersion for: TS[0] because it has -1<2 buckets 
2024-04-24T04:57:59,017  INFO [main] optimizer.SortedDynPartitionOptimizer: Sorted dynamic partitioning optimization kicked in..
2024-04-24T04:57:59,017  INFO [main] optimizer.SortedDynPartitionOptimizer: Inserted RS_5 and SEL_6 as parent of FS_4 and child of SEL_3
2024-04-24T04:57:59,025  INFO [main] HiveMetaStore.audit: ugi=alex	ip=unknown-ip-addr	cmd=get_table : tbl=hive.default.tmp	
2024-04-24T04:57:59,037  INFO [main] metastore.HMSHandler: Skipping translation for processor with null
2024-04-24T04:57:59,038  INFO [main] physical.Vectorizer: Examining input format to see if vectorization is enabled.
2024-04-24T04:57:59,038  INFO [main] physical.Vectorizer: Map vectorization enabled: false
2024-04-24T04:57:59,038  INFO [main] physical.Vectorizer: Map vectorized: false
2024-04-24T04:57:59,039  INFO [main] physical.Vectorizer: Map vectorizedVertexNum: 0
2024-04-24T04:57:59,039  INFO [main] physical.Vectorizer: Map enabledConditionsMet: [hive.vectorized.use.vectorized.input.format IS true]
2024-04-24T04:57:59,039  INFO [main] physical.Vectorizer: Map enabledConditionsNotMet: [Could not enable vectorization due to partition column names size 1 is greater than the number of table column names size 0 IS false]
2024-04-24T04:57:59,039  INFO [main] physical.Vectorizer: Map inputFileFormatClassNameSet: [org.apache.hadoop.hive.ql.io.NullRowsInputFormat]
2024-04-24T04:57:59,039  INFO [main] physical.Vectorizer: Reduce vectorization enabled: false
2024-04-24T04:57:59,039  INFO [main] physical.Vectorizer: Reduce vectorized: false
2024-04-24T04:57:59,039  INFO [main] physical.Vectorizer: Reduce vectorizedVertexNum: 1
2024-04-24T04:57:59,039  INFO [main] physical.Vectorizer: Reducer hive.vectorized.execution.reduce.enabled: true
2024-04-24T04:57:59,039  INFO [main] physical.Vectorizer: Reducer engine: mr
2024-04-24T04:57:59,039  INFO [main] parse.CalcitePlanner: Completed plan generation
2024-04-24T04:57:59,039  INFO [main] parse.CalcitePlanner: Ending caching scope for: 
2024-04-24T04:57:59,039  INFO [main] ql.Driver: Semantic Analysis Completed (retrial = false)
2024-04-24T04:57:59,039  INFO [main] ql.Driver: Created Hive schema: Schema(fieldSchemas:[FieldSchema(name:col1, type:int, comment:null), FieldSchema(name:col2, type:int, comment:null), FieldSchema(name:col3, type:int, comment:null)], properties:null)
2024-04-24T04:57:59,039  INFO [main] metadata.Hive: Dumping metastore api call timing information for : compilation phase
2024-04-24T04:57:59,039  INFO [main] metadata.Hive: Total time spent in each metastore function (ms): {getTable_(GetTableRequest)=51, isCompatibleWith_(Configuration)=0, flushCache_()=0, getValidTxns_(long)=2, getCheckConstraints_(CheckConstraintsRequest)=1, getValidWriteIds_(List, String)=8, openTxn_(String, TxnType)=12, getMetaConf_(String)=0, commitTxn_(CommitTxnRequest)=12, getAllTableConstraints_(AllTableConstraintsRequest)=5, getNotNullConstraints_(NotNullConstraintsRequest)=2}
2024-04-24T04:57:59,039  INFO [main] ql.Driver: Completed compiling command(queryId=alex_20240424045758_1baea5a1-08de-426f-90d8-9b8b7a6a7a74); Time taken: 0.172 seconds
2024-04-24T04:57:59,039  INFO [main] lockmgr.DbTxnManager: Setting lock request transaction to txnid:16 for queryId=alex_20240424045758_1baea5a1-08de-426f-90d8-9b8b7a6a7a74
2024-04-24T04:57:59,040  INFO [main] lockmgr.DbLockManager: Requesting lock for queryId=alex_20240424045758_1baea5a1-08de-426f-90d8-9b8b7a6a7a74
2024-04-24T04:57:59,060  INFO [main] lockmgr.DbLockManager: Response to queryId=alex_20240424045758_1baea5a1-08de-426f-90d8-9b8b7a6a7a74 LockResponse(lockid:9, state:ACQUIRED)
2024-04-24T04:57:59,060  INFO [main] ql.Driver: Operation QUERY obtained 1 locks
2024-04-24T04:57:59,060  INFO [main] ql.Driver: Executing command(queryId=alex_20240424045758_1baea5a1-08de-426f-90d8-9b8b7a6a7a74): insert into tmp  values(1,1,1),(2,2,2)
2024-04-24T04:57:59,060  WARN [main] ql.Driver: Hive-on-MR is deprecated in Hive 2 and may not be available in the future versions. Consider using a different execution engine (i.e. spark, tez) or using Hive 1.X releases.
Query ID = alex_20240424045758_1baea5a1-08de-426f-90d8-9b8b7a6a7a74
2024-04-24T04:57:59,060  INFO [main] ql.Driver: Query ID = alex_20240424045758_1baea5a1-08de-426f-90d8-9b8b7a6a7a74
Total jobs = 1
2024-04-24T04:57:59,060  INFO [main] ql.Driver: Total jobs = 1
Launching Job 1 out of 1
2024-04-24T04:57:59,060  INFO [main] ql.Driver: Launching Job 1 out of 1
2024-04-24T04:57:59,199  INFO [main] ql.Driver: Starting task [Stage-1:MAPRED] in serial mode
2024-04-24T04:57:59,199  INFO [main] exec.Utilities: Not using thread pool for getContentSummary
2024-04-24T04:57:59,200  INFO [main] exec.Utilities: BytesPerReducer=256000000 maxReducers=1009 totalInputFileSize=1
Number of reduce tasks not specified. Estimated from input data size: 1
2024-04-24T04:57:59,200  INFO [main] exec.Task: Number of reduce tasks not specified. Estimated from input data size: 1
In order to change the average load for a reducer (in bytes):
2024-04-24T04:57:59,200  INFO [main] exec.Task: In order to change the average load for a reducer (in bytes):
  set hive.exec.reducers.bytes.per.reducer=<number>
2024-04-24T04:57:59,200  INFO [main] exec.Task:   set hive.exec.reducers.bytes.per.reducer=<number>
In order to limit the maximum number of reducers:
2024-04-24T04:57:59,200  INFO [main] exec.Task: In order to limit the maximum number of reducers:
  set hive.exec.reducers.max=<number>
2024-04-24T04:57:59,200  INFO [main] exec.Task:   set hive.exec.reducers.max=<number>
In order to set a constant number of reducers:
2024-04-24T04:57:59,200  INFO [main] exec.Task: In order to set a constant number of reducers:
  set mapreduce.job.reduces=<number>
2024-04-24T04:57:59,200  INFO [main] exec.Task:   set mapreduce.job.reduces=<number>
2024-04-24T04:57:59,202  INFO [main] mr.ExecDriver: Using org.apache.hadoop.hive.ql.io.HiveInputFormat
2024-04-24T04:57:59,202  INFO [main] exec.Utilities: Processing alias $hdt$_0:_dummy_table
2024-04-24T04:57:59,202  INFO [main] exec.Utilities: Adding 1 inputs; the first input is file:/home/alex/Repositories/hive/ql/target/tmp/localscratchdir/58c22cca-0704-4611-b509-aa39277260ab/hive_2024-04-24_04-57-58_867_3627538553309629223-1/dummy_path
2024-04-24T04:57:59,211  INFO [main] exec.SerializationUtilities: Serializing MapWork using kryo
2024-04-24T04:57:59,212  INFO [main] exec.Utilities: Serialized plan (via FILE) - name: null size: 5,41KB
2024-04-24T04:57:59,217  INFO [main] exec.SerializationUtilities: Serializing ReduceWork using kryo
2024-04-24T04:57:59,217  INFO [main] exec.Utilities: Serialized plan (via FILE) - name: null size: 6,46KB
2024-04-24T04:57:59,218  WARN [main] impl.MetricsSystemImpl: JobTracker metrics system already initialized!
2024-04-24T04:57:59,222  INFO [main] fs.FSStatsPublisher: created : file:/home/alex/Repositories/hive/ql/target/tmp/localscratchdir/58c22cca-0704-4611-b509-aa39277260ab/hive_2024-04-24_04-57-58_867_3627538553309629223-1/-mr-10001
2024-04-24T04:57:59,226  WARN [main] impl.MetricsSystemImpl: JobTracker metrics system already initialized!
2024-04-24T04:57:59,234  WARN [main] mapreduce.JobResourceUploader: Hadoop command-line option parsing not performed. Implement the Tool interface and execute your application with ToolRunner to remedy this.
2024-04-24T04:57:59,238  WARN [main] mapreduce.JobResourceUploader: No job jar file set.  User classes may not be found. See Job or Job#setJar(String).
2024-04-24T04:57:59,239  INFO [main] io.HiveInputFormat: hive.io.file.readcolumn.ids = 
2024-04-24T04:57:59,239  INFO [main] io.HiveInputFormat: hive.io.file.readcolumn.names = 
2024-04-24T04:57:59,239  INFO [main] io.HiveInputFormat: Generating splits for dirs: file:/home/alex/Repositories/hive/ql/target/tmp/localscratchdir/58c22cca-0704-4611-b509-aa39277260ab/hive_2024-04-24_04-57-58_867_3627538553309629223-1/dummy_path
2024-04-24T04:57:59,240  INFO [main] io.HiveInputFormat: number of splits 1
2024-04-24T04:57:59,257  INFO [main] mapreduce.JobSubmitter: number of splits:1
2024-04-24T04:57:59,276  INFO [main] mapreduce.JobSubmitter: Submitting tokens for job: job_local1826153277_0009
2024-04-24T04:57:59,276  INFO [main] mapreduce.JobSubmitter: Executing with tokens: []
2024-04-24T04:57:59,362  INFO [main] mapreduce.Job: The url to track the job: http://localhost:8080/
Job running in-process (local Hadoop)
2024-04-24T04:57:59,363  INFO [main] exec.Task: Job running in-process (local Hadoop)
2024-04-24T04:57:59,363  INFO [Thread-553] mapred.LocalJobRunner: OutputCommitter set in config org.apache.hadoop.hive.ql.io.HiveFileFormatUtils$NullOutputCommitter
2024-04-24T04:57:59,363  INFO [Thread-553] mapred.LocalJobRunner: OutputCommitter is org.apache.hadoop.hive.ql.io.HiveFileFormatUtils$NullOutputCommitter
2024-04-24T04:57:59,364  INFO [Thread-553] mapred.LocalJobRunner: Waiting for map tasks
2024-04-24T04:57:59,365  INFO [LocalJobRunner Map Task Executor #0] mapred.LocalJobRunner: Starting task: attempt_local1826153277_0009_m_000000_0
2024-04-24T04:57:59,365  INFO [LocalJobRunner Map Task Executor #0] mapred.Task:  Using ResourceCalculatorProcessTree : [ ]
2024-04-24T04:57:59,366  INFO [LocalJobRunner Map Task Executor #0] mapred.MapTask: Processing split: org.apache.hadoop.hive.ql.io.NullRowsInputFormat:file:/home/alex/Repositories/hive/ql/target/tmp/localscratchdir/58c22cca-0704-4611-b509-aa39277260ab/hive_2024-04-24_04-57-58_867_3627538553309629223-1/dummy_path/null:0+1
2024-04-24T04:57:59,366  INFO [LocalJobRunner Map Task Executor #0] exec.SerializationUtilities: Deserializing MapWork using kryo
2024-04-24T04:57:59,367  INFO [LocalJobRunner Map Task Executor #0] exec.Utilities: Deserialized plan (via FILE) - name: null size: 5,41KB
2024-04-24T04:57:59,368  INFO [LocalJobRunner Map Task Executor #0] mapred.MapTask: numReduceTasks: 1
2024-04-24T04:57:59,377  INFO [LocalJobRunner Map Task Executor #0] mapred.MapTask: (EQUATOR) 0 kvi 26214396(104857584)
2024-04-24T04:57:59,377  INFO [LocalJobRunner Map Task Executor #0] mapred.MapTask: mapreduce.task.io.sort.mb: 100
2024-04-24T04:57:59,377  INFO [LocalJobRunner Map Task Executor #0] mapred.MapTask: soft limit at 83886080
2024-04-24T04:57:59,377  INFO [LocalJobRunner Map Task Executor #0] mapred.MapTask: bufstart = 0; bufvoid = 104857600
2024-04-24T04:57:59,377  INFO [LocalJobRunner Map Task Executor #0] mapred.MapTask: kvstart = 26214396; length = 6553600
2024-04-24T04:57:59,377  INFO [LocalJobRunner Map Task Executor #0] mapred.MapTask: Map output collector class = org.apache.hadoop.mapred.MapTask$MapOutputBuffer
2024-04-24T04:57:59,378  INFO [LocalJobRunner Map Task Executor #0] exec.MapOperator: Initializing Operator: MAP[0]
2024-04-24T04:57:59,378  INFO [LocalJobRunner Map Task Executor #0] mr.ExecMapper: 
<MAP>Id =0
  <Children>null
  <\Children>
  <Parent><\Parent>
<\MAP>
2024-04-24T04:57:59,379  INFO [LocalJobRunner Map Task Executor #0] exec.TableScanOperator: Initializing Operator: TS[0]
2024-04-24T04:57:59,379  INFO [LocalJobRunner Map Task Executor #0] exec.SelectOperator: Initializing Operator: SEL[1]
2024-04-24T04:57:59,379  INFO [LocalJobRunner Map Task Executor #0] exec.SelectOperator: SELECT null
2024-04-24T04:57:59,379  INFO [LocalJobRunner Map Task Executor #0] exec.UDTFOperator: Initializing Operator: UDTF[2]
2024-04-24T04:57:59,379  INFO [LocalJobRunner Map Task Executor #0] exec.SelectOperator: Initializing Operator: SEL[3]
2024-04-24T04:57:59,379  INFO [LocalJobRunner Map Task Executor #0] exec.SelectOperator: SELECT struct<col1:int,col2:int,col3:int>
2024-04-24T04:57:59,379  INFO [LocalJobRunner Map Task Executor #0] exec.ReduceSinkOperator: Initializing Operator: RS[5]
2024-04-24T04:57:59,379  INFO [LocalJobRunner Map Task Executor #0] exec.ReduceSinkOperator: Using tag = -1
2024-04-24T04:57:59,380  INFO [LocalJobRunner Map Task Executor #0] exec.ReduceSinkOperator: keys are [_col2] num distributions: 1
2024-04-24T04:57:59,380  INFO [LocalJobRunner Map Task Executor #0] exec.ReduceSinkOperator: RS[5]: records written - 1
2024-04-24T04:57:59,380  INFO [LocalJobRunner Map Task Executor #0] exec.MapOperator: MAP[0]: records read - 1
2024-04-24T04:57:59,380  INFO [LocalJobRunner Map Task Executor #0] exec.MapOperator: Closing Operator: MAP[0]
2024-04-24T04:57:59,380  INFO [LocalJobRunner Map Task Executor #0] exec.MapOperator: MAP[0]: Total records read - 3. abort - false
2024-04-24T04:57:59,380  INFO [LocalJobRunner Map Task Executor #0] exec.MapOperator: DESERIALIZE_ERRORS:0, RECORDS_OUT_OPERATOR_MAP_0:0, RECORDS_OUT_INTERMEDIATE:0, RECORDS_IN:3, 
2024-04-24T04:57:59,380  INFO [LocalJobRunner Map Task Executor #0] exec.TableScanOperator: Closing Operator: TS[0]
2024-04-24T04:57:59,380  INFO [LocalJobRunner Map Task Executor #0] exec.TableScanOperator: RECORDS_OUT_INTERMEDIATE:0, RECORDS_OUT_OPERATOR_TS_0:1, 
2024-04-24T04:57:59,380  INFO [LocalJobRunner Map Task Executor #0] exec.SelectOperator: Closing Operator: SEL[1]
2024-04-24T04:57:59,381  INFO [LocalJobRunner Map Task Executor #0] exec.SelectOperator: RECORDS_OUT_OPERATOR_SEL_1:1, RECORDS_OUT_INTERMEDIATE:0, 
2024-04-24T04:57:59,381  INFO [LocalJobRunner Map Task Executor #0] exec.UDTFOperator: Closing Operator: UDTF[2]
2024-04-24T04:57:59,381  INFO [LocalJobRunner Map Task Executor #0] exec.UDTFOperator: RECORDS_OUT_OPERATOR_UDTF_2:2, RECORDS_OUT_INTERMEDIATE:0, 
2024-04-24T04:57:59,381  INFO [LocalJobRunner Map Task Executor #0] exec.SelectOperator: Closing Operator: SEL[3]
2024-04-24T04:57:59,381  INFO [LocalJobRunner Map Task Executor #0] exec.SelectOperator: RECORDS_OUT_OPERATOR_SEL_3:2, RECORDS_OUT_INTERMEDIATE:0, 
2024-04-24T04:57:59,381  INFO [LocalJobRunner Map Task Executor #0] exec.ReduceSinkOperator: Closing Operator: RS[5]
2024-04-24T04:57:59,381  INFO [LocalJobRunner Map Task Executor #0] exec.ReduceSinkOperator: RS[5]: Total records written - 2. abort - false
2024-04-24T04:57:59,381  INFO [LocalJobRunner Map Task Executor #0] exec.ReduceSinkOperator: RECORDS_OUT_INTERMEDIATE:2, RECORDS_OUT_OPERATOR_RS_5:2, 
2024-04-24T04:57:59,382  INFO [LocalJobRunner Map Task Executor #0] mapred.LocalJobRunner: 
2024-04-24T04:57:59,382  INFO [LocalJobRunner Map Task Executor #0] mapred.MapTask: Starting flush of map output
2024-04-24T04:57:59,382  INFO [LocalJobRunner Map Task Executor #0] mapred.MapTask: Spilling map output
2024-04-24T04:57:59,382  INFO [LocalJobRunner Map Task Executor #0] mapred.MapTask: bufstart = 0; bufend = 34; bufvoid = 104857600
2024-04-24T04:57:59,382  INFO [LocalJobRunner Map Task Executor #0] mapred.MapTask: kvstart = 26214396(104857584); kvend = 26214392(104857568); length = 5/6553600
2024-04-24T04:57:59,393  INFO [LocalJobRunner Map Task Executor #0] mapred.MapTask: Finished spill 0
2024-04-24T04:57:59,396  INFO [LocalJobRunner Map Task Executor #0] mapred.Task: Task:attempt_local1826153277_0009_m_000000_0 is done. And is in the process of committing
2024-04-24T04:57:59,397  INFO [LocalJobRunner Map Task Executor #0] mapred.LocalJobRunner: map
2024-04-24T04:57:59,397  INFO [LocalJobRunner Map Task Executor #0] mapred.Task: Task 'attempt_local1826153277_0009_m_000000_0' done.
2024-04-24T04:57:59,397  INFO [LocalJobRunner Map Task Executor #0] mapred.Task: Final Counters for attempt_local1826153277_0009_m_000000_0: Counters: 26
	File System Counters
		FILE: Number of bytes read=147309
		FILE: Number of bytes written=10831538
		FILE: Number of read operations=0
		FILE: Number of large read operations=0
		FILE: Number of write operations=0
	Map-Reduce Framework
		Map input records=4
		Map output records=2
		Map output bytes=34
		Map output materialized bytes=44
		Input split bytes=361
		Combine input records=0
		Spilled Records=2
		Failed Shuffles=0
		Merged Map outputs=0
		GC time elapsed (ms)=5
		Total committed heap usage (bytes)=1099431936
	HIVE
		DESERIALIZE_ERRORS=0
		RECORDS_IN=3
		RECORDS_OUT_INTERMEDIATE=2
		RECORDS_OUT_OPERATOR_MAP_0=0
		RECORDS_OUT_OPERATOR_RS_5=2
		RECORDS_OUT_OPERATOR_SEL_1=1
		RECORDS_OUT_OPERATOR_SEL_3=2
		RECORDS_OUT_OPERATOR_TS_0=1
		RECORDS_OUT_OPERATOR_UDTF_2=2
	File Input Format Counters 
		Bytes Read=5466
2024-04-24T04:57:59,397  INFO [LocalJobRunner Map Task Executor #0] mapred.LocalJobRunner: Finishing task: attempt_local1826153277_0009_m_000000_0
2024-04-24T04:57:59,397  INFO [Thread-553] mapred.LocalJobRunner: map task executor complete.
2024-04-24T04:57:59,398  INFO [Thread-553] mapred.LocalJobRunner: Waiting for reduce tasks
2024-04-24T04:57:59,398  INFO [pool-44-thread-1] mapred.LocalJobRunner: Starting task: attempt_local1826153277_0009_r_000000_0
2024-04-24T04:57:59,399  INFO [pool-44-thread-1] mapred.Task:  Using ResourceCalculatorProcessTree : [ ]
2024-04-24T04:57:59,399  INFO [pool-44-thread-1] mapred.ReduceTask: Using ShuffleConsumerPlugin: org.apache.hadoop.mapreduce.task.reduce.Shuffle@389ae7f7
2024-04-24T04:57:59,399  WARN [pool-44-thread-1] impl.MetricsSystemImpl: JobTracker metrics system already initialized!
2024-04-24T04:57:59,400  INFO [pool-44-thread-1] reduce.MergeManagerImpl: MergerManager: memoryLimit=1336252800, maxSingleShuffleLimit=334063200, mergeThreshold=881926912, ioSortFactor=10, memToMemMergeOutputsThreshold=10
2024-04-24T04:57:59,401  INFO [EventFetcher for fetching Map Completion Events] reduce.EventFetcher: attempt_local1826153277_0009_r_000000_0 Thread started: EventFetcher for fetching Map Completion Events
2024-04-24T04:57:59,401  INFO [localfetcher#6] reduce.LocalFetcher: localfetcher#6 about to shuffle output of map attempt_local1826153277_0009_m_000000_0 decomp: 40 len: 44 to MEMORY
2024-04-24T04:57:59,402  INFO [localfetcher#6] reduce.InMemoryMapOutput: Read 40 bytes from map-output for attempt_local1826153277_0009_m_000000_0
2024-04-24T04:57:59,402  INFO [localfetcher#6] reduce.MergeManagerImpl: closeInMemoryFile -> map-output of size: 40, inMemoryMapOutputs.size() -> 1, commitMemory -> 0, usedMemory ->40
2024-04-24T04:57:59,402  INFO [EventFetcher for fetching Map Completion Events] reduce.EventFetcher: EventFetcher is interrupted.. Returning
2024-04-24T04:57:59,402  INFO [pool-44-thread-1] mapred.LocalJobRunner: 1 / 1 copied.
2024-04-24T04:57:59,402  INFO [pool-44-thread-1] reduce.MergeManagerImpl: finalMerge called with 1 in-memory map-outputs and 0 on-disk map-outputs
2024-04-24T04:57:59,408  INFO [pool-44-thread-1] mapred.Merger: Merging 1 sorted segments
2024-04-24T04:57:59,409  INFO [pool-44-thread-1] mapred.Merger: Down to the last merge-pass, with 1 segments left of total size: 28 bytes
2024-04-24T04:57:59,411  INFO [pool-44-thread-1] reduce.MergeManagerImpl: Merged 1 segments, 40 bytes to disk to satisfy reduce memory limit
2024-04-24T04:57:59,411  INFO [pool-44-thread-1] reduce.MergeManagerImpl: Merging 1 files, 44 bytes from disk
2024-04-24T04:57:59,411  INFO [pool-44-thread-1] reduce.MergeManagerImpl: Merging 0 segments, 0 bytes from memory into reduce
2024-04-24T04:57:59,412  INFO [pool-44-thread-1] mapred.Merger: Merging 1 sorted segments
2024-04-24T04:57:59,412  INFO [pool-44-thread-1] mapred.Merger: Down to the last merge-pass, with 1 segments left of total size: 28 bytes
2024-04-24T04:57:59,412  INFO [pool-44-thread-1] mapred.LocalJobRunner: 1 / 1 copied.
2024-04-24T04:57:59,412  INFO [pool-44-thread-1] exec.SerializationUtilities: Deserializing ReduceWork using kryo
2024-04-24T04:57:59,413  INFO [pool-44-thread-1] exec.Utilities: Deserialized plan (via FILE) - name: null size: 6,46KB
2024-04-24T04:57:59,414  INFO [pool-44-thread-1] ExecReducer: 
<SEL>Id =6
  <Children>
    <FS>Id =4
      <Children>
      <\Children>
      <Parent>Id = 6 null<\Parent>
    <\FS>
  <\Children>
  <Parent><\Parent>
<\SEL>
2024-04-24T04:57:59,414  INFO [pool-44-thread-1] exec.SelectOperator: Initializing Operator: SEL[6]
2024-04-24T04:57:59,414  INFO [pool-44-thread-1] exec.SelectOperator: SELECT struct<key:struct<_col2:int>,value:struct<_col0:int,_col1:int>>
2024-04-24T04:57:59,414  INFO [pool-44-thread-1] exec.FileSinkOperator: Initializing Operator: FS[4]
2024-04-24T04:57:59,415  INFO [pool-44-thread-1] exec.FileSinkOperator: Using serializer : AbstractSerDe [log=org.apache.logging.slf4j.Log4jLogger@7620dc3c, configuration=Optional[Configuration: core-default.xml, core-site.xml, mapred-default.xml, mapred-site.xml, yarn-default.xml, yarn-site.xml, hdfs-default.xml, hdfs-site.xml, file:/home/alex/Repositories/hive/ql/target/tmp/TestTxnNoBucketsVectorized/mapred/local/localRunner/alex/job_local1826153277_0009/job_local1826153277_0009.xml], properties={name=default.tmp, columns.types=int:int, serialization.format=1, columns=c1,c2, columns.comments=&amp#0;, partition_columns.types=int, partition_columns=c3, bucketing_version=2, serialization.lib=org.apache.hadoop.hive.ql.io.orc.OrcSerde, file.inputformat=org.apache.hadoop.hive.ql.io.orc.OrcInputFormat, file.outputformat=org.apache.hadoop.hive.ql.io.orc.OrcOutputFormat, location=file:/home/alex/Repositories/hive/ql/target/tmp/org.apache.hadoop.hive.ql.TestTxnNoBuckets-1713959849960/warehouse/tmp, column.name.delimiter=,}, tableProperties={name=default.tmp, columns.types=int:int, serialization.format=1, columns=c1,c2, columns.comments=&amp#0;, partition_columns.types=int, partition_columns=c3, bucketing_version=2, serialization.lib=org.apache.hadoop.hive.ql.io.orc.OrcSerde, file.inputformat=org.apache.hadoop.hive.ql.io.orc.OrcInputFormat, location=file:/home/alex/Repositories/hive/ql/target/tmp/org.apache.hadoop.hive.ql.TestTxnNoBuckets-1713959849960/warehouse/tmp, file.outputformat=org.apache.hadoop.hive.ql.io.orc.OrcOutputFormat, column.name.delimiter=,}, partitionProperties=Optional.empty, columnNames=[c1, c2], columnTypes=[int, int], getClass()=class org.apache.hadoop.hive.ql.io.orc.OrcSerde] and formatter : org.apache.hadoop.hive.ql.io.orc.OrcOutputFormat@7b797462
2024-04-24T04:57:59,415  INFO [pool-44-thread-1] exec.FileSinkOperator: Final Path: FS file:/home/alex/Repositories/hive/ql/target/tmp/org.apache.hadoop.hive.ql.TestTxnNoBuckets-1713959849960/warehouse/tmp/.hive-staging_hive_2024-04-24_04-57-58_867_3627538553309629223-1/_tmp.-ext-10000/c3=1/000000_0
2024-04-24T04:57:59,415  INFO [pool-44-thread-1] exec.FileSinkOperator: Writing to temp file: FS file:/home/alex/Repositories/hive/ql/target/tmp/org.apache.hadoop.hive.ql.TestTxnNoBuckets-1713959849960/warehouse/tmp/.hive-staging_hive_2024-04-24_04-57-58_867_3627538553309629223-1/_task_tmp.-ext-10000/c3=1/_tmp.000000_0
2024-04-24T04:57:59,415  INFO [pool-44-thread-1] exec.FileSinkOperator: New Final Path: FS file:/home/alex/Repositories/hive/ql/target/tmp/org.apache.hadoop.hive.ql.TestTxnNoBuckets-1713959849960/warehouse/tmp/.hive-staging_hive_2024-04-24_04-57-58_867_3627538553309629223-1/_tmp.-ext-10000/c3=1/000000_0
2024-04-24T04:57:59,420  INFO [pool-44-thread-1] exec.FileSinkOperator: FS[4]: records written - 1
2024-04-24T04:57:59,421  INFO [pool-44-thread-1] impl.PhysicalFsWriter: ORC writer created for path: file:/home/alex/Repositories/hive/ql/target/tmp/org.apache.hadoop.hive.ql.TestTxnNoBuckets-1713959849960/warehouse/tmp/.hive-staging_hive_2024-04-24_04-57-58_867_3627538553309629223-1/_task_tmp.-ext-10000/c3=1/_tmp.000000_0 with stripeSize: 67108864 blockSize: 268435456 compression: Compress: ZLIB buffer: 262144
2024-04-24T04:57:59,426  INFO [pool-44-thread-1] impl.WriterImpl: ORC writer created for path: file:/home/alex/Repositories/hive/ql/target/tmp/org.apache.hadoop.hive.ql.TestTxnNoBuckets-1713959849960/warehouse/tmp/.hive-staging_hive_2024-04-24_04-57-58_867_3627538553309629223-1/_task_tmp.-ext-10000/c3=1/_tmp.000000_0 with stripeSize: 67108864 options: Compress: ZLIB buffer: 262144
2024-04-24T04:57:59,428  INFO [pool-44-thread-1] exec.FileSinkOperator: Final Path: FS file:/home/alex/Repositories/hive/ql/target/tmp/org.apache.hadoop.hive.ql.TestTxnNoBuckets-1713959849960/warehouse/tmp/.hive-staging_hive_2024-04-24_04-57-58_867_3627538553309629223-1/_tmp.-ext-10000/c3=2/000000_0
2024-04-24T04:57:59,428  INFO [pool-44-thread-1] exec.FileSinkOperator: Writing to temp file: FS file:/home/alex/Repositories/hive/ql/target/tmp/org.apache.hadoop.hive.ql.TestTxnNoBuckets-1713959849960/warehouse/tmp/.hive-staging_hive_2024-04-24_04-57-58_867_3627538553309629223-1/_task_tmp.-ext-10000/c3=2/_tmp.000000_0
2024-04-24T04:57:59,428  INFO [pool-44-thread-1] exec.FileSinkOperator: New Final Path: FS file:/home/alex/Repositories/hive/ql/target/tmp/org.apache.hadoop.hive.ql.TestTxnNoBuckets-1713959849960/warehouse/tmp/.hive-staging_hive_2024-04-24_04-57-58_867_3627538553309629223-1/_tmp.-ext-10000/c3=2/000000_0
2024-04-24T04:57:59,431  INFO [pool-44-thread-1] impl.PhysicalFsWriter: ORC writer created for path: file:/home/alex/Repositories/hive/ql/target/tmp/org.apache.hadoop.hive.ql.TestTxnNoBuckets-1713959849960/warehouse/tmp/.hive-staging_hive_2024-04-24_04-57-58_867_3627538553309629223-1/_task_tmp.-ext-10000/c3=2/_tmp.000000_0 with stripeSize: 67108864 blockSize: 268435456 compression: Compress: ZLIB buffer: 262144
2024-04-24T04:57:59,436  INFO [pool-44-thread-1] impl.WriterImpl: ORC writer created for path: file:/home/alex/Repositories/hive/ql/target/tmp/org.apache.hadoop.hive.ql.TestTxnNoBuckets-1713959849960/warehouse/tmp/.hive-staging_hive_2024-04-24_04-57-58_867_3627538553309629223-1/_task_tmp.-ext-10000/c3=2/_tmp.000000_0 with stripeSize: 67108864 options: Compress: ZLIB buffer: 262144
2024-04-24T04:57:59,436  INFO [pool-44-thread-1] exec.SelectOperator: Closing Operator: SEL[6]
2024-04-24T04:57:59,436  INFO [pool-44-thread-1] exec.SelectOperator: RECORDS_OUT_INTERMEDIATE:0, RECORDS_OUT_OPERATOR_SEL_6:2, 
2024-04-24T04:57:59,437  INFO [pool-44-thread-1] exec.FileSinkOperator: Closing Operator: FS[4]
2024-04-24T04:57:59,437  INFO [pool-44-thread-1] exec.FileSinkOperator: FS[4]: records written - 2
2024-04-24T04:57:59,438  INFO [pool-44-thread-1] common.FileUtils: Creating directory if it doesn't exist: file:/home/alex/Repositories/hive/ql/target/tmp/org.apache.hadoop.hive.ql.TestTxnNoBuckets-1713959849960/warehouse/tmp/.hive-staging_hive_2024-04-24_04-57-58_867_3627538553309629223-1/_tmp.-ext-10000/c3=2
2024-04-24T04:57:59,441  INFO [pool-44-thread-1] common.FileUtils: Creating directory if it doesn't exist: file:/home/alex/Repositories/hive/ql/target/tmp/org.apache.hadoop.hive.ql.TestTxnNoBuckets-1713959849960/warehouse/tmp/.hive-staging_hive_2024-04-24_04-57-58_867_3627538553309629223-1/_tmp.-ext-10000/c3=1
2024-04-24T04:57:59,449  INFO [pool-44-thread-1] exec.FileSinkOperator: RECORDS_OUT_1_default.tmp:2, TOTAL_TABLE_ROWS_WRITTEN:2, RECORDS_OUT_INTERMEDIATE:0, RECORDS_OUT_OPERATOR_FS_4:2, 
2024-04-24T04:57:59,449  INFO [pool-44-thread-1] mapred.Task: Task:attempt_local1826153277_0009_r_000000_0 is done. And is in the process of committing
2024-04-24T04:57:59,450  INFO [pool-44-thread-1] mapred.LocalJobRunner: reduce > reduce
2024-04-24T04:57:59,450  INFO [pool-44-thread-1] mapred.Task: Task 'attempt_local1826153277_0009_r_000000_0' done.
2024-04-24T04:57:59,450  INFO [pool-44-thread-1] mapred.Task: Final Counters for attempt_local1826153277_0009_r_000000_0: Counters: 31
	File System Counters
		FILE: Number of bytes read=153952
		FILE: Number of bytes written=10832209
		FILE: Number of read operations=0
		FILE: Number of large read operations=0
		FILE: Number of write operations=0
	Map-Reduce Framework
		Combine input records=0
		Combine output records=0
		Reduce input groups=2
		Reduce shuffle bytes=44
		Reduce input records=2
		Reduce output records=0
		Spilled Records=2
		Shuffled Maps =1
		Failed Shuffles=0
		Merged Map outputs=1
		GC time elapsed (ms)=0
		Total committed heap usage (bytes)=1099431936
	HIVE
		CREATED_DYNAMIC_PARTITIONS=2
		CREATED_FILES=2
		RECORDS_OUT_1_default.tmp=2
		RECORDS_OUT_INTERMEDIATE=0
		RECORDS_OUT_OPERATOR_FS_4=2
		RECORDS_OUT_OPERATOR_SEL_6=2
		TOTAL_TABLE_ROWS_WRITTEN=2
	Shuffle Errors
		BAD_ID=0
		CONNECTION=0
		IO_ERROR=0
		WRONG_LENGTH=0
		WRONG_MAP=0
		WRONG_REDUCE=0
	File Output Format Counters 
		Bytes Written=0
2024-04-24T04:57:59,450  INFO [pool-44-thread-1] mapred.LocalJobRunner: Finishing task: attempt_local1826153277_0009_r_000000_0
2024-04-24T04:57:59,450  INFO [Thread-553] mapred.LocalJobRunner: reduce task executor complete.
2024-04-24 04:58:00,365 Stage-1 map = 100%,  reduce = 100%
2024-04-24T04:58:00,366  INFO [main] exec.Task: 2024-04-24 04:58:00,365 Stage-1 map = 100%,  reduce = 100%
Ended Job = job_local1826153277_0009
2024-04-24T04:58:00,368  INFO [main] exec.Task: Ended Job = job_local1826153277_0009
2024-04-24T04:58:00,376  INFO [main] ql.Driver: Starting task [Stage-0:MOVE] in serial mode
Loading data to table default.tmp partition (c3=null)
2024-04-24T04:58:00,376  INFO [main] exec.Task: Loading data to table default.tmp partition (c3=null) from file:/home/alex/Repositories/hive/ql/target/tmp/org.apache.hadoop.hive.ql.TestTxnNoBuckets-1713959849960/warehouse/tmp/.hive-staging_hive_2024-04-24_04-57-58_867_3627538553309629223-1/-ext-10000
2024-04-24T04:58:00,377  INFO [main] HiveMetaStore.audit: ugi=alex	ip=unknown-ip-addr	cmd=get_table : tbl=hive.default.tmp	
2024-04-24T04:58:00,405  INFO [main] metastore.HMSHandler: Skipping translation for processor with null
2024-04-24T04:58:00,405  INFO [main] exec.MoveTask: Partition is: {c3=null}


2024-04-24T04:58:00,407  INFO [main] exec.Task: 

2024-04-24T04:58:00,408  INFO [main] HiveMetaStore.audit: ugi=alex	ip=unknown-ip-addr	cmd=get_table : tbl=hive.default.tmp	
2024-04-24T04:58:00,426  INFO [main] metastore.HMSHandler: Skipping translation for processor with null
2024-04-24T04:58:00,426  INFO [main] HiveMetaStore.audit: ugi=alex	ip=unknown-ip-addr	cmd=get_table : tbl=hive.default.tmp	
2024-04-24T04:58:00,440  INFO [main] metastore.HMSHandler: Skipping translation for processor with null
2024-04-24T04:58:00,440  INFO [main] HiveMetaStore.audit: ugi=alex	ip=unknown-ip-addr	cmd=get_table : tbl=hive.default.tmp	
2024-04-24T04:58:00,451  INFO [main] metastore.HMSHandler: Skipping translation for processor with null
2024-04-24T04:58:00,451  INFO [main] HiveMetaStore.audit: ugi=alex	ip=unknown-ip-addr	cmd=get_partitions_names_ps : tbl=hive.default.tmp[]	
2024-04-24T04:58:00,463  INFO [main] HiveMetaStore.audit: ugi=alex	ip=unknown-ip-addr	cmd=get_table : tbl=hive.default.tmp	
2024-04-24T04:58:00,475  INFO [main] metastore.HMSHandler: Skipping translation for processor with null
2024-04-24T04:58:00,475  INFO [main] HiveMetaStore.audit: ugi=alex	ip=unknown-ip-addr	cmd=get_partitions_by_names : tbl=hive.default.tmp	
2024-04-24T04:58:00,491  INFO [main] metastore.HMSHandler: Skipping translation for processor with null
2024-04-24T04:58:00,498  INFO [load-dynamic-partitionsToAdd-0] metadata.Hive: New loading path = file:/home/alex/Repositories/hive/ql/target/tmp/org.apache.hadoop.hive.ql.TestTxnNoBuckets-1713959849960/warehouse/tmp/.hive-staging_hive_2024-04-24_04-57-58_867_3627538553309629223-1/-ext-10000/c3=2 withPartSpec {c3=2}
2024-04-24T04:58:00,498  INFO [load-dynamic-partitionsToAdd-1] metadata.Hive: New loading path = file:/home/alex/Repositories/hive/ql/target/tmp/org.apache.hadoop.hive.ql.TestTxnNoBuckets-1713959849960/warehouse/tmp/.hive-staging_hive_2024-04-24_04-57-58_867_3627538553309629223-1/-ext-10000/c3=1 withPartSpec {c3=1}
2024-04-24T04:58:00,499  INFO [load-dynamic-partitionsToAdd-0] metastore.HiveMetaStoreClient: HMS client filtering is enabled.
2024-04-24T04:58:00,499  INFO [load-dynamic-partitionsToAdd-1] metastore.HiveMetaStoreClient: HMS client filtering is enabled.
2024-04-24T04:58:00,501  INFO [load-dynamic-partitionsToAdd-1] metastore.HMSHandler: 6: Opening raw store with implementation class:org.apache.hadoop.hive.metastore.ObjectStore
2024-04-24T04:58:00,501  INFO [load-dynamic-partitionsToAdd-0] metastore.HMSHandler: 5: Opening raw store with implementation class:org.apache.hadoop.hive.metastore.ObjectStore
2024-04-24T04:58:00,501  INFO [load-dynamic-partitionsToAdd-1] metastore.PersistenceManagerProvider: Configuration datanucleus.autoStartMechanismMode is not set. Defaulting to 'ignored'
2024-04-24T04:58:00,501  INFO [load-dynamic-partitionsToAdd-0] metastore.PersistenceManagerProvider: Configuration datanucleus.autoStartMechanismMode is not set. Defaulting to 'ignored'
2024-04-24T04:58:00,502  INFO [load-dynamic-partitionsToAdd-0] metastore.ObjectStore: RawStore: org.apache.hadoop.hive.metastore.ObjectStore@3766531, with PersistenceManager: null will be shutdown
2024-04-24T04:58:00,502  INFO [load-dynamic-partitionsToAdd-1] metastore.ObjectStore: RawStore: org.apache.hadoop.hive.metastore.ObjectStore@55d018d6, with PersistenceManager: null will be shutdown
2024-04-24T04:58:00,502  INFO [load-dynamic-partitionsToAdd-0] metastore.ObjectStore: RawStore: org.apache.hadoop.hive.metastore.ObjectStore@3766531, with PersistenceManager: org.datanucleus.api.jdo.JDOPersistenceManager@3f7119b2 created in the thread with id: 675
2024-04-24T04:58:00,502  INFO [load-dynamic-partitionsToAdd-1] metastore.ObjectStore: RawStore: org.apache.hadoop.hive.metastore.ObjectStore@55d018d6, with PersistenceManager: org.datanucleus.api.jdo.JDOPersistenceManager@c7b68f7 created in the thread with id: 676
2024-04-24T04:58:00,507  INFO [load-dynamic-partitionsToAdd-0] metastore.HMSHandler: Created RawStore: org.apache.hadoop.hive.metastore.ObjectStore@3766531 from thread id: 675
2024-04-24T04:58:00,507  INFO [load-dynamic-partitionsToAdd-1] metastore.HMSHandler: Created RawStore: org.apache.hadoop.hive.metastore.ObjectStore@55d018d6 from thread id: 676
2024-04-24T04:58:00,507  INFO [load-dynamic-partitionsToAdd-1] metastore.HMSHandler: HMS server filtering is disabled by configuration
2024-04-24T04:58:00,507  INFO [load-dynamic-partitionsToAdd-0] metastore.HMSHandler: HMS server filtering is disabled by configuration
2024-04-24T04:58:00,507  INFO [load-dynamic-partitionsToAdd-1] metastore.RetryingMetaStoreClient: RetryingMetaStoreClient proxy=class org.apache.hadoop.hive.ql.metadata.SessionHiveMetaStoreClient ugi=alex (auth:SIMPLE) retries=1 delay=1 lifetime=0
2024-04-24T04:58:00,507  INFO [load-dynamic-partitionsToAdd-0] metastore.RetryingMetaStoreClient: RetryingMetaStoreClient proxy=class org.apache.hadoop.hive.ql.metadata.SessionHiveMetaStoreClient ugi=alex (auth:SIMPLE) retries=1 delay=1 lifetime=0
2024-04-24T04:58:00,507  INFO [load-dynamic-partitionsToAdd-1] HiveMetaStore.audit: ugi=alex	ip=unknown-ip-addr	cmd=get_database: default	
2024-04-24T04:58:00,507  INFO [load-dynamic-partitionsToAdd-0] HiveMetaStore.audit: ugi=alex	ip=unknown-ip-addr	cmd=get_database: default	
2024-04-24T04:58:00,509  INFO [load-dynamic-partitionsToAdd-0] common.FileUtils: Creating directory if it doesn't exist: file:/home/alex/Repositories/hive/ql/target/tmp/org.apache.hadoop.hive.ql.TestTxnNoBuckets-1713959849960/warehouse/tmp/c3=2
2024-04-24T04:58:00,509  INFO [load-dynamic-partitionsToAdd-1] common.FileUtils: Creating directory if it doesn't exist: file:/home/alex/Repositories/hive/ql/target/tmp/org.apache.hadoop.hive.ql.TestTxnNoBuckets-1713959849960/warehouse/tmp/c3=1
2024-04-24T04:58:00,512  INFO [load-dynamic-partitionsToAdd-1] HiveMetaStore.audit: ugi=alex	ip=unknown-ip-addr	cmd=Cleaning up thread local RawStore...	
2024-04-24T04:58:00,512  INFO [load-dynamic-partitionsToAdd-1] metastore.ObjectStore: RawStore: org.apache.hadoop.hive.metastore.ObjectStore@55d018d6, with PersistenceManager: org.datanucleus.api.jdo.JDOPersistenceManager@c7b68f7 will be shutdown
2024-04-24T04:58:00,512  INFO [load-dynamic-partitionsToAdd-1] HiveMetaStore.audit: ugi=alex	ip=unknown-ip-addr	cmd=Done cleaning up thread local RawStore	
2024-04-24T04:58:00,512  INFO [load-dynamic-partitionsToAdd-1] metastore.HiveMetaStoreClient: Closed a connection to metastore, current connections: -3
2024-04-24T04:58:00,512  INFO [load-dynamic-partitionsToAdd-0] HiveMetaStore.audit: ugi=alex	ip=unknown-ip-addr	cmd=Cleaning up thread local RawStore...	
2024-04-24T04:58:00,513  INFO [load-dynamic-partitionsToAdd-0] metastore.ObjectStore: RawStore: org.apache.hadoop.hive.metastore.ObjectStore@3766531, with PersistenceManager: org.datanucleus.api.jdo.JDOPersistenceManager@3f7119b2 will be shutdown
2024-04-24T04:58:00,513  INFO [load-dynamic-partitionsToAdd-0] HiveMetaStore.audit: ugi=alex	ip=unknown-ip-addr	cmd=Done cleaning up thread local RawStore	
2024-04-24T04:58:00,513  INFO [load-dynamic-partitionsToAdd-0] metastore.HiveMetaStoreClient: Closed a connection to metastore, current connections: -4
2024-04-24T04:58:00,513  INFO [main] metadata.Hive: Number of partitionsToAdd to be added is 2
2024-04-24T04:58:00,513  INFO [main] HiveMetaStore.audit: ugi=alex	ip=unknown-ip-addr	cmd=add_partitions	
2024-04-24T04:58:00,553  INFO [main] metadata.Hive: Loaded 2partitionsToAdd
	 Time taken to load dynamic partitions: 0.146 seconds
2024-04-24T04:58:00,553  INFO [main] exec.Task: 	 Time taken to load dynamic partitions: 0.146 seconds
2024-04-24T04:58:00,553  INFO [main] exec.MoveTask: 	 Time taken to load dynamic partitions: 0.146 seconds
2024-04-24T04:58:00,553  INFO [main] exec.MoveTask: Loading partition {c3=2}
2024-04-24T04:58:00,553  INFO [main] exec.MoveTask: Loading partition {c3=1}
	 Time taken for adding to write entity : 0.0 seconds
2024-04-24T04:58:00,553  INFO [main] exec.Task: 	 Time taken for adding to write entity : 0.0 seconds
2024-04-24T04:58:00,553  INFO [main] ql.Driver: Starting task [Stage-2:STATS] in serial mode
2024-04-24T04:58:00,553  INFO [main] HiveMetaStore.audit: ugi=alex	ip=unknown-ip-addr	cmd=get_table : tbl=hive.default.tmp	
2024-04-24T04:58:00,563  INFO [main] metastore.HMSHandler: Skipping translation for processor with null
2024-04-24T04:58:00,564  INFO [main] stats.BasicStatsTask: Executing stats task
2024-04-24T04:58:00,564  INFO [main] fs.FSStatsPublisher: created : file:/home/alex/Repositories/hive/ql/target/tmp/localscratchdir/58c22cca-0704-4611-b509-aa39277260ab/hive_2024-04-24_04-57-58_867_3627538553309629223-1/-mr-10001
2024-04-24T04:58:00,565  INFO [main] HiveMetaStore.audit: ugi=alex	ip=unknown-ip-addr	cmd=get_table : tbl=hive.default.tmp	
2024-04-24T04:58:00,576  INFO [main] metastore.HMSHandler: Skipping translation for processor with null
2024-04-24T04:58:00,577  INFO [main] FileOperations: Read stats for default.tmp/c3=2/, numRows, true, 1, false: 
2024-04-24T04:58:00,577  INFO [main] FileOperations: Read stats for default.tmp/c3=2/, rawDataSize, true, 8, false: 
2024-04-24T04:58:00,577  INFO [main] stats.BasicStatsTask: Partition {c3=2} stats: [numFiles=1, numRows=1, totalSize=242, rawDataSize=8, numFilesErasureCoded=0]
2024-04-24T04:58:00,577  INFO [main] FileOperations: Read stats for default.tmp/c3=1/, numRows, true, 1, false: 
2024-04-24T04:58:00,577  INFO [main] FileOperations: Read stats for default.tmp/c3=1/, rawDataSize, true, 8, false: 
2024-04-24T04:58:00,578  INFO [main] stats.BasicStatsTask: Partition {c3=1} stats: [numFiles=1, numRows=1, totalSize=242, rawDataSize=8, numFilesErasureCoded=0]
2024-04-24T04:58:00,578  INFO [main] HiveMetaStore.audit: ugi=alex	ip=unknown-ip-addr	cmd=alter_partitions : tbl=hive.default.tmp	
2024-04-24T04:58:00,578  INFO [main] metastore.HMSHandler: New partition values:[2]
2024-04-24T04:58:00,578  INFO [main] metastore.HMSHandler: New partition values:[1]
2024-04-24T04:58:00,645  INFO [main] metadata.Hive: Dumping metastore api call timing information for : execution phase
2024-04-24T04:58:00,645  INFO [main] metadata.Hive: Total time spent in each metastore function (ms): {isCompatibleWith_(Configuration)=0, listPartitionNamesRequest_(GetPartitionNamesPsRequest)=23, add_partitions_(List)=39, getPartitionsByNames_(String, String, List, boolean, String)=33, getTable_(GetTableRequest)=83, alter_partitions_(String, String, List, EnvironmentContext, String, long)=66}
MapReduce Jobs Launched: 
2024-04-24T04:58:00,645  INFO [main] ql.Driver: MapReduce Jobs Launched: 
Stage-Stage-1:  HDFS Read: 0 HDFS Write: 0 SUCCESS
2024-04-24T04:58:00,645  INFO [main] ql.Driver: Stage-Stage-1:  HDFS Read: 0 HDFS Write: 0 SUCCESS
Total MapReduce CPU Time Spent: 0 msec
2024-04-24T04:58:00,645  INFO [main] ql.Driver: Total MapReduce CPU Time Spent: 0 msec
2024-04-24T04:58:00,645  INFO [main] ql.Driver: Completed executing command(queryId=alex_20240424045758_1baea5a1-08de-426f-90d8-9b8b7a6a7a74); Time taken: 1.585 seconds
2024-04-24T04:58:00,646  INFO [main] lockmgr.DbTxnManager: Stopped heartbeat for query: alex_20240424045758_1baea5a1-08de-426f-90d8-9b8b7a6a7a74
2024-04-24T04:58:00,650  INFO [main] txn.TxnHandler: Expected to move at least one record from txn_components to completed_txn_components when committing txn! txnid:16
2024-04-24T04:58:00,656  INFO [main] txn.TxnHandler: Removed transactions: ([16]) from MIN_HISTORY_LEVEL
2024-04-24T04:58:00,656  WARN [main] txn.CompactionTxnHandler: No compaction queue record found for Compaction type transaction commit. txnId:16
2024-04-24T04:58:00,657  INFO [main] ql.TxnCommandsBaseForTests: Running the query: insert into tmp  values(3,3,3),(4,4,4)
2024-04-24T04:58:00,657  INFO [main] ql.Context: Deleting scratch dir: file:/home/alex/Repositories/hive/ql/target/tmp/localscratchdir/58c22cca-0704-4611-b509-aa39277260ab/hive_2024-04-24_04-57-58_867_3627538553309629223-1
2024-04-24T04:58:00,658  INFO [main] cleanup.SyncCleanupService: Deleted directory: file:/home/alex/Repositories/hive/ql/target/tmp/localscratchdir/58c22cca-0704-4611-b509-aa39277260ab/hive_2024-04-24_04-57-58_867_3627538553309629223-1 on fs with scheme file
2024-04-24T04:58:00,658  INFO [main] ql.Context: Deleting scratch dir: file:/home/alex/Repositories/hive/ql/target/tmp/org.apache.hadoop.hive.ql.TestTxnNoBuckets-1713959849960/warehouse/tmp/.hive-staging_hive_2024-04-24_04-57-58_867_3627538553309629223-1
2024-04-24T04:58:00,658  INFO [main] cleanup.SyncCleanupService: Deleted directory: file:/home/alex/Repositories/hive/ql/target/tmp/org.apache.hadoop.hive.ql.TestTxnNoBuckets-1713959849960/warehouse/tmp/.hive-staging_hive_2024-04-24_04-57-58_867_3627538553309629223-1 on fs with scheme file
2024-04-24T04:58:00,658  INFO [main] ql.Driver: Compiling command(queryId=alex_20240424045800_8495d4d9-8949-4d8a-9bca-f3feb9a9c417): insert into tmp  values(3,3,3),(4,4,4)
2024-04-24T04:58:00,661  INFO [main] txn.TxnHandler: Added entries to MIN_HISTORY_LEVEL for current txns: ([17]) with min_open_txn: 17
2024-04-24T04:58:00,662  INFO [main] lockmgr.DbTxnManager: Opened txnid:17
2024-04-24T04:58:00,662  INFO [main] parse.CalcitePlanner: Starting caching scope for: 
2024-04-24T04:58:00,662  INFO [main] parse.CalcitePlanner: Starting Semantic Analysis
2024-04-24T04:58:00,665  INFO [main] HiveMetaStore.audit: ugi=alex	ip=unknown-ip-addr	cmd=get_table : tbl=hive.default.tmp	
2024-04-24T04:58:00,676  INFO [main] metastore.HMSHandler: Skipping translation for processor with null
2024-04-24T04:58:00,676  INFO [main] parse.CalcitePlanner: Completed phase 1 of Semantic Analysis
2024-04-24T04:58:00,676  INFO [main] parse.CalcitePlanner: Get metadata for source tables
2024-04-24T04:58:00,676  INFO [main] parse.CalcitePlanner: Get metadata for subqueries
2024-04-24T04:58:00,676  INFO [main] parse.CalcitePlanner: Get metadata for destination tables
2024-04-24T04:58:00,676  INFO [main] HiveMetaStore.audit: ugi=alex	ip=unknown-ip-addr	cmd=get_table : tbl=hive.default.tmp	
2024-04-24T04:58:00,687  INFO [main] metastore.HMSHandler: Skipping translation for processor with null
2024-04-24T04:58:00,687  INFO [main] parse.CalcitePlanner: Completed getting MetaData in Semantic Analysis
2024-04-24T04:58:00,687  INFO [main] parse.CalcitePlanner: Disabling LLAP IO encode as ETL query is detected
2024-04-24T04:58:00,709  INFO [main] HiveMetaStore.audit: ugi=alex	ip=unknown-ip-addr	cmd=get_all_table_constraints : tbl=hive._dummy_database._dummy_table	
2024-04-24T04:58:00,798  INFO [main] parse.CalcitePlanner: Get metadata for source tables
2024-04-24T04:58:00,798  INFO [main] parse.CalcitePlanner: Get metadata for subqueries
2024-04-24T04:58:00,798  INFO [main] parse.CalcitePlanner: Get metadata for source tables
2024-04-24T04:58:00,799  INFO [main] HiveMetaStore.audit: ugi=alex	ip=unknown-ip-addr	cmd=get_table : tbl=hive._dummy_database._dummy_table	
2024-04-24T04:58:00,802  INFO [main] parse.CalcitePlanner: Get metadata for subqueries
2024-04-24T04:58:00,802  INFO [main] parse.CalcitePlanner: Get metadata for destination tables
2024-04-24T04:58:00,802  INFO [main] parse.CalcitePlanner: Get metadata for destination tables
2024-04-24T04:58:00,802  INFO [main] HiveMetaStore.audit: ugi=alex	ip=unknown-ip-addr	cmd=get_table : tbl=hive.default.tmp	
2024-04-24T04:58:00,813  INFO [main] metastore.HMSHandler: Skipping translation for processor with null
2024-04-24T04:58:00,816  INFO [main] common.FileUtils: Creating directory if it doesn't exist: file:/home/alex/Repositories/hive/ql/target/tmp/org.apache.hadoop.hive.ql.TestTxnNoBuckets-1713959849960/warehouse/tmp/.hive-staging_hive_2024-04-24_04-58-00_658_1709549482360001118-1
2024-04-24T04:58:00,818  INFO [main] HiveMetaStore.audit: ugi=alex	ip=unknown-ip-addr	cmd=get_not_null_constraints : tbl=hive.default.tmp	
2024-04-24T04:58:00,820  INFO [main] HiveMetaStore.audit: ugi=alex	ip=unknown-ip-addr	cmd=get_check_constraints : tbl=hive.default.tmp	
2024-04-24T04:58:00,821  INFO [main] parse.CalcitePlanner: CBO Succeeded; optimized logical plan.
2024-04-24T04:58:00,825  INFO [main] optimizer.BucketVersionPopulator: not considering bucketingVersion for: TS[0] because it has -1<2 buckets 
2024-04-24T04:58:00,825  INFO [main] optimizer.SortedDynPartitionOptimizer: Sorted dynamic partitioning optimization kicked in..
2024-04-24T04:58:00,826  INFO [main] optimizer.SortedDynPartitionOptimizer: Inserted RS_5 and SEL_6 as parent of FS_4 and child of SEL_3
2024-04-24T04:58:00,836  INFO [main] HiveMetaStore.audit: ugi=alex	ip=unknown-ip-addr	cmd=get_table : tbl=hive.default.tmp	
2024-04-24T04:58:00,851  INFO [main] metastore.HMSHandler: Skipping translation for processor with null
2024-04-24T04:58:00,852  INFO [main] physical.Vectorizer: Examining input format to see if vectorization is enabled.
2024-04-24T04:58:00,852  INFO [main] physical.Vectorizer: Map vectorization enabled: false
2024-04-24T04:58:00,852  INFO [main] physical.Vectorizer: Map vectorized: false
2024-04-24T04:58:00,852  INFO [main] physical.Vectorizer: Map vectorizedVertexNum: 0
2024-04-24T04:58:00,852  INFO [main] physical.Vectorizer: Map enabledConditionsMet: [hive.vectorized.use.vectorized.input.format IS true]
2024-04-24T04:58:00,852  INFO [main] physical.Vectorizer: Map enabledConditionsNotMet: [Could not enable vectorization due to partition column names size 1 is greater than the number of table column names size 0 IS false]
2024-04-24T04:58:00,852  INFO [main] physical.Vectorizer: Map inputFileFormatClassNameSet: [org.apache.hadoop.hive.ql.io.NullRowsInputFormat]
2024-04-24T04:58:00,852  INFO [main] physical.Vectorizer: Reduce vectorization enabled: false
2024-04-24T04:58:00,852  INFO [main] physical.Vectorizer: Reduce vectorized: false
2024-04-24T04:58:00,852  INFO [main] physical.Vectorizer: Reduce vectorizedVertexNum: 1
2024-04-24T04:58:00,852  INFO [main] physical.Vectorizer: Reducer hive.vectorized.execution.reduce.enabled: true
2024-04-24T04:58:00,852  INFO [main] physical.Vectorizer: Reducer engine: mr
2024-04-24T04:58:00,852  INFO [main] parse.CalcitePlanner: Completed plan generation
2024-04-24T04:58:00,852  INFO [main] parse.CalcitePlanner: Ending caching scope for: 
2024-04-24T04:58:00,853  INFO [main] ql.Driver: Semantic Analysis Completed (retrial = false)
2024-04-24T04:58:00,853  INFO [main] ql.Driver: Created Hive schema: Schema(fieldSchemas:[FieldSchema(name:col1, type:int, comment:null), FieldSchema(name:col2, type:int, comment:null), FieldSchema(name:col3, type:int, comment:null)], properties:null)
2024-04-24T04:58:00,853  INFO [main] metadata.Hive: Dumping metastore api call timing information for : compilation phase
2024-04-24T04:58:00,853  INFO [main] metadata.Hive: Total time spent in each metastore function (ms): {commitTxn_(CommitTxnRequest)=11, getMetaConf_(String)=0, getValidWriteIds_(List, String)=4, getAllTableConstraints_(AllTableConstraintsRequest)=38, getValidTxns_(long)=0, flushCache_()=0, getTable_(GetTableRequest)=49, openTxn_(String, TxnType)=3, getCheckConstraints_(CheckConstraintsRequest)=1, isCompatibleWith_(Configuration)=0, getNotNullConstraints_(NotNullConstraintsRequest)=2}
2024-04-24T04:58:00,853  INFO [main] ql.Driver: Completed compiling command(queryId=alex_20240424045800_8495d4d9-8949-4d8a-9bca-f3feb9a9c417); Time taken: 0.195 seconds
2024-04-24T04:58:00,854  INFO [main] lockmgr.DbTxnManager: Setting lock request transaction to txnid:17 for queryId=alex_20240424045800_8495d4d9-8949-4d8a-9bca-f3feb9a9c417
2024-04-24T04:58:00,854  INFO [main] lockmgr.DbLockManager: Requesting lock for queryId=alex_20240424045800_8495d4d9-8949-4d8a-9bca-f3feb9a9c417
2024-04-24T04:58:00,877  INFO [main] lockmgr.DbLockManager: Response to queryId=alex_20240424045800_8495d4d9-8949-4d8a-9bca-f3feb9a9c417 LockResponse(lockid:10, state:ACQUIRED)
2024-04-24T04:58:00,877  INFO [main] ql.Driver: Operation QUERY obtained 1 locks
2024-04-24T04:58:00,877  INFO [main] ql.Driver: Executing command(queryId=alex_20240424045800_8495d4d9-8949-4d8a-9bca-f3feb9a9c417): insert into tmp  values(3,3,3),(4,4,4)
2024-04-24T04:58:00,877  WARN [main] ql.Driver: Hive-on-MR is deprecated in Hive 2 and may not be available in the future versions. Consider using a different execution engine (i.e. tez, spark) or using Hive 1.X releases.
Query ID = alex_20240424045800_8495d4d9-8949-4d8a-9bca-f3feb9a9c417
2024-04-24T04:58:00,877  INFO [main] ql.Driver: Query ID = alex_20240424045800_8495d4d9-8949-4d8a-9bca-f3feb9a9c417
Total jobs = 1
2024-04-24T04:58:00,877  INFO [main] ql.Driver: Total jobs = 1
Launching Job 1 out of 1
2024-04-24T04:58:00,877  INFO [main] ql.Driver: Launching Job 1 out of 1
2024-04-24T04:58:01,015  INFO [main] ql.Driver: Starting task [Stage-1:MAPRED] in serial mode
2024-04-24T04:58:01,016  INFO [main] exec.Utilities: Not using thread pool for getContentSummary
2024-04-24T04:58:01,017  INFO [main] exec.Utilities: BytesPerReducer=256000000 maxReducers=1009 totalInputFileSize=1
Number of reduce tasks not specified. Estimated from input data size: 1
2024-04-24T04:58:01,017  INFO [main] exec.Task: Number of reduce tasks not specified. Estimated from input data size: 1
In order to change the average load for a reducer (in bytes):
2024-04-24T04:58:01,017  INFO [main] exec.Task: In order to change the average load for a reducer (in bytes):
  set hive.exec.reducers.bytes.per.reducer=<number>
2024-04-24T04:58:01,017  INFO [main] exec.Task:   set hive.exec.reducers.bytes.per.reducer=<number>
In order to limit the maximum number of reducers:
2024-04-24T04:58:01,017  INFO [main] exec.Task: In order to limit the maximum number of reducers:
  set hive.exec.reducers.max=<number>
2024-04-24T04:58:01,017  INFO [main] exec.Task:   set hive.exec.reducers.max=<number>
In order to set a constant number of reducers:
2024-04-24T04:58:01,017  INFO [main] exec.Task: In order to set a constant number of reducers:
  set mapreduce.job.reduces=<number>
2024-04-24T04:58:01,017  INFO [main] exec.Task:   set mapreduce.job.reduces=<number>
2024-04-24T04:58:01,019  INFO [main] mr.ExecDriver: Using org.apache.hadoop.hive.ql.io.HiveInputFormat
2024-04-24T04:58:01,019  INFO [main] exec.Utilities: Processing alias $hdt$_0:_dummy_table
2024-04-24T04:58:01,019  INFO [main] exec.Utilities: Adding 1 inputs; the first input is file:/home/alex/Repositories/hive/ql/target/tmp/localscratchdir/58c22cca-0704-4611-b509-aa39277260ab/hive_2024-04-24_04-58-00_658_1709549482360001118-1/dummy_path
2024-04-24T04:58:01,028  INFO [main] exec.SerializationUtilities: Serializing MapWork using kryo
2024-04-24T04:58:01,029  INFO [main] exec.Utilities: Serialized plan (via FILE) - name: null size: 5,41KB
2024-04-24T04:58:01,034  INFO [main] exec.SerializationUtilities: Serializing ReduceWork using kryo
2024-04-24T04:58:01,034  INFO [main] exec.Utilities: Serialized plan (via FILE) - name: null size: 6,46KB
2024-04-24T04:58:01,035  WARN [main] impl.MetricsSystemImpl: JobTracker metrics system already initialized!
2024-04-24T04:58:01,039  INFO [main] fs.FSStatsPublisher: created : file:/home/alex/Repositories/hive/ql/target/tmp/localscratchdir/58c22cca-0704-4611-b509-aa39277260ab/hive_2024-04-24_04-58-00_658_1709549482360001118-1/-mr-10001
2024-04-24T04:58:01,045  WARN [main] impl.MetricsSystemImpl: JobTracker metrics system already initialized!
2024-04-24T04:58:01,054  WARN [main] mapreduce.JobResourceUploader: Hadoop command-line option parsing not performed. Implement the Tool interface and execute your application with ToolRunner to remedy this.
2024-04-24T04:58:01,059  WARN [main] mapreduce.JobResourceUploader: No job jar file set.  User classes may not be found. See Job or Job#setJar(String).
2024-04-24T04:58:01,060  INFO [main] io.HiveInputFormat: hive.io.file.readcolumn.ids = 
2024-04-24T04:58:01,060  INFO [main] io.HiveInputFormat: hive.io.file.readcolumn.names = 
2024-04-24T04:58:01,060  INFO [main] io.HiveInputFormat: Generating splits for dirs: file:/home/alex/Repositories/hive/ql/target/tmp/localscratchdir/58c22cca-0704-4611-b509-aa39277260ab/hive_2024-04-24_04-58-00_658_1709549482360001118-1/dummy_path
2024-04-24T04:58:01,061  INFO [main] io.HiveInputFormat: number of splits 1
2024-04-24T04:58:01,079  INFO [main] mapreduce.JobSubmitter: number of splits:1
2024-04-24T04:58:01,099  INFO [main] mapreduce.JobSubmitter: Submitting tokens for job: job_local1743294177_0010
2024-04-24T04:58:01,099  INFO [main] mapreduce.JobSubmitter: Executing with tokens: []
2024-04-24T04:58:01,161  INFO [main] mapreduce.Job: The url to track the job: http://localhost:8080/
Job running in-process (local Hadoop)
2024-04-24T04:58:01,162  INFO [main] exec.Task: Job running in-process (local Hadoop)
2024-04-24T04:58:01,162  INFO [Thread-615] mapred.LocalJobRunner: OutputCommitter set in config org.apache.hadoop.hive.ql.io.HiveFileFormatUtils$NullOutputCommitter
2024-04-24T04:58:01,162  INFO [Thread-615] mapred.LocalJobRunner: OutputCommitter is org.apache.hadoop.hive.ql.io.HiveFileFormatUtils$NullOutputCommitter
2024-04-24T04:58:01,163  INFO [Thread-615] mapred.LocalJobRunner: Waiting for map tasks
2024-04-24T04:58:01,163  INFO [LocalJobRunner Map Task Executor #0] mapred.LocalJobRunner: Starting task: attempt_local1743294177_0010_m_000000_0
2024-04-24T04:58:01,164  INFO [LocalJobRunner Map Task Executor #0] mapred.Task:  Using ResourceCalculatorProcessTree : [ ]
2024-04-24T04:58:01,164  INFO [LocalJobRunner Map Task Executor #0] mapred.MapTask: Processing split: org.apache.hadoop.hive.ql.io.NullRowsInputFormat:file:/home/alex/Repositories/hive/ql/target/tmp/localscratchdir/58c22cca-0704-4611-b509-aa39277260ab/hive_2024-04-24_04-58-00_658_1709549482360001118-1/dummy_path/null:0+1
2024-04-24T04:58:01,165  INFO [LocalJobRunner Map Task Executor #0] exec.SerializationUtilities: Deserializing MapWork using kryo
2024-04-24T04:58:01,166  INFO [LocalJobRunner Map Task Executor #0] exec.Utilities: Deserialized plan (via FILE) - name: null size: 5,41KB
2024-04-24T04:58:01,166  INFO [LocalJobRunner Map Task Executor #0] mapred.MapTask: numReduceTasks: 1
2024-04-24T04:58:01,171  INFO [LocalJobRunner Map Task Executor #0] mapred.MapTask: (EQUATOR) 0 kvi 26214396(104857584)
2024-04-24T04:58:01,171  INFO [LocalJobRunner Map Task Executor #0] mapred.MapTask: mapreduce.task.io.sort.mb: 100
2024-04-24T04:58:01,171  INFO [LocalJobRunner Map Task Executor #0] mapred.MapTask: soft limit at 83886080
2024-04-24T04:58:01,171  INFO [LocalJobRunner Map Task Executor #0] mapred.MapTask: bufstart = 0; bufvoid = 104857600
2024-04-24T04:58:01,171  INFO [LocalJobRunner Map Task Executor #0] mapred.MapTask: kvstart = 26214396; length = 6553600
2024-04-24T04:58:01,171  INFO [LocalJobRunner Map Task Executor #0] mapred.MapTask: Map output collector class = org.apache.hadoop.mapred.MapTask$MapOutputBuffer
2024-04-24T04:58:01,172  INFO [LocalJobRunner Map Task Executor #0] exec.MapOperator: Initializing Operator: MAP[0]
2024-04-24T04:58:01,172  INFO [LocalJobRunner Map Task Executor #0] mr.ExecMapper: 
<MAP>Id =0
  <Children>null
  <\Children>
  <Parent><\Parent>
<\MAP>
2024-04-24T04:58:01,172  INFO [LocalJobRunner Map Task Executor #0] exec.TableScanOperator: Initializing Operator: TS[0]
2024-04-24T04:58:01,172  INFO [LocalJobRunner Map Task Executor #0] exec.SelectOperator: Initializing Operator: SEL[1]
2024-04-24T04:58:01,173  INFO [LocalJobRunner Map Task Executor #0] exec.SelectOperator: SELECT null
2024-04-24T04:58:01,173  INFO [LocalJobRunner Map Task Executor #0] exec.UDTFOperator: Initializing Operator: UDTF[2]
2024-04-24T04:58:01,173  INFO [LocalJobRunner Map Task Executor #0] exec.SelectOperator: Initializing Operator: SEL[3]
2024-04-24T04:58:01,173  INFO [LocalJobRunner Map Task Executor #0] exec.SelectOperator: SELECT struct<col1:int,col2:int,col3:int>
2024-04-24T04:58:01,173  INFO [LocalJobRunner Map Task Executor #0] exec.ReduceSinkOperator: Initializing Operator: RS[5]
2024-04-24T04:58:01,173  INFO [LocalJobRunner Map Task Executor #0] exec.ReduceSinkOperator: Using tag = -1
2024-04-24T04:58:01,174  INFO [LocalJobRunner Map Task Executor #0] exec.ReduceSinkOperator: keys are [_col2] num distributions: 1
2024-04-24T04:58:01,174  INFO [LocalJobRunner Map Task Executor #0] exec.ReduceSinkOperator: RS[5]: records written - 1
2024-04-24T04:58:01,175  INFO [LocalJobRunner Map Task Executor #0] exec.MapOperator: MAP[0]: records read - 1
2024-04-24T04:58:01,175  INFO [LocalJobRunner Map Task Executor #0] exec.MapOperator: Closing Operator: MAP[0]
2024-04-24T04:58:01,175  INFO [LocalJobRunner Map Task Executor #0] exec.MapOperator: MAP[0]: Total records read - 3. abort - false
2024-04-24T04:58:01,175  INFO [LocalJobRunner Map Task Executor #0] exec.MapOperator: DESERIALIZE_ERRORS:0, RECORDS_OUT_OPERATOR_MAP_0:0, RECORDS_IN:3, RECORDS_OUT_INTERMEDIATE:0, 
2024-04-24T04:58:01,175  INFO [LocalJobRunner Map Task Executor #0] exec.TableScanOperator: Closing Operator: TS[0]
2024-04-24T04:58:01,175  INFO [LocalJobRunner Map Task Executor #0] exec.TableScanOperator: RECORDS_OUT_OPERATOR_TS_0:1, RECORDS_OUT_INTERMEDIATE:0, 
2024-04-24T04:58:01,175  INFO [LocalJobRunner Map Task Executor #0] exec.SelectOperator: Closing Operator: SEL[1]
2024-04-24T04:58:01,175  INFO [LocalJobRunner Map Task Executor #0] exec.SelectOperator: RECORDS_OUT_INTERMEDIATE:0, RECORDS_OUT_OPERATOR_SEL_1:1, 
2024-04-24T04:58:01,175  INFO [LocalJobRunner Map Task Executor #0] exec.UDTFOperator: Closing Operator: UDTF[2]
2024-04-24T04:58:01,175  INFO [LocalJobRunner Map Task Executor #0] exec.UDTFOperator: RECORDS_OUT_OPERATOR_UDTF_2:2, RECORDS_OUT_INTERMEDIATE:0, 
2024-04-24T04:58:01,175  INFO [LocalJobRunner Map Task Executor #0] exec.SelectOperator: Closing Operator: SEL[3]
2024-04-24T04:58:01,175  INFO [LocalJobRunner Map Task Executor #0] exec.SelectOperator: RECORDS_OUT_OPERATOR_SEL_3:2, RECORDS_OUT_INTERMEDIATE:0, 
2024-04-24T04:58:01,176  INFO [LocalJobRunner Map Task Executor #0] exec.ReduceSinkOperator: Closing Operator: RS[5]
2024-04-24T04:58:01,176  INFO [LocalJobRunner Map Task Executor #0] exec.ReduceSinkOperator: RS[5]: Total records written - 2. abort - false
2024-04-24T04:58:01,176  INFO [LocalJobRunner Map Task Executor #0] exec.ReduceSinkOperator: RECORDS_OUT_OPERATOR_RS_5:2, RECORDS_OUT_INTERMEDIATE:2, 
2024-04-24T04:58:01,176  INFO [LocalJobRunner Map Task Executor #0] mapred.LocalJobRunner: 
2024-04-24T04:58:01,176  INFO [LocalJobRunner Map Task Executor #0] mapred.MapTask: Starting flush of map output
2024-04-24T04:58:01,176  INFO [LocalJobRunner Map Task Executor #0] mapred.MapTask: Spilling map output
2024-04-24T04:58:01,176  INFO [LocalJobRunner Map Task Executor #0] mapred.MapTask: bufstart = 0; bufend = 34; bufvoid = 104857600
2024-04-24T04:58:01,176  INFO [LocalJobRunner Map Task Executor #0] mapred.MapTask: kvstart = 26214396(104857584); kvend = 26214392(104857568); length = 5/6553600
2024-04-24T04:58:01,187  INFO [LocalJobRunner Map Task Executor #0] mapred.MapTask: Finished spill 0
2024-04-24T04:58:01,190  INFO [LocalJobRunner Map Task Executor #0] mapred.Task: Task:attempt_local1743294177_0010_m_000000_0 is done. And is in the process of committing
2024-04-24T04:58:01,190  INFO [LocalJobRunner Map Task Executor #0] mapred.LocalJobRunner: map
2024-04-24T04:58:01,190  INFO [LocalJobRunner Map Task Executor #0] mapred.Task: Task 'attempt_local1743294177_0010_m_000000_0' done.
2024-04-24T04:58:01,190  INFO [LocalJobRunner Map Task Executor #0] mapred.Task: Final Counters for attempt_local1743294177_0010_m_000000_0: Counters: 26
	File System Counters
		FILE: Number of bytes read=159946
		FILE: Number of bytes written=12038563
		FILE: Number of read operations=0
		FILE: Number of large read operations=0
		FILE: Number of write operations=0
	Map-Reduce Framework
		Map input records=4
		Map output records=2
		Map output bytes=34
		Map output materialized bytes=44
		Input split bytes=361
		Combine input records=0
		Spilled Records=2
		Failed Shuffles=0
		Merged Map outputs=0
		GC time elapsed (ms)=0
		Total committed heap usage (bytes)=1099431936
	HIVE
		DESERIALIZE_ERRORS=0
		RECORDS_IN=3
		RECORDS_OUT_INTERMEDIATE=2
		RECORDS_OUT_OPERATOR_MAP_0=0
		RECORDS_OUT_OPERATOR_RS_5=2
		RECORDS_OUT_OPERATOR_SEL_1=1
		RECORDS_OUT_OPERATOR_SEL_3=2
		RECORDS_OUT_OPERATOR_TS_0=1
		RECORDS_OUT_OPERATOR_UDTF_2=2
	File Input Format Counters 
		Bytes Read=5466
2024-04-24T04:58:01,190  INFO [LocalJobRunner Map Task Executor #0] mapred.LocalJobRunner: Finishing task: attempt_local1743294177_0010_m_000000_0
2024-04-24T04:58:01,191  INFO [Thread-615] mapred.LocalJobRunner: map task executor complete.
2024-04-24T04:58:01,191  INFO [Thread-615] mapred.LocalJobRunner: Waiting for reduce tasks
2024-04-24T04:58:01,192  INFO [pool-53-thread-1] mapred.LocalJobRunner: Starting task: attempt_local1743294177_0010_r_000000_0
2024-04-24T04:58:01,192  INFO [pool-53-thread-1] mapred.Task:  Using ResourceCalculatorProcessTree : [ ]
2024-04-24T04:58:01,192  INFO [pool-53-thread-1] mapred.ReduceTask: Using ShuffleConsumerPlugin: org.apache.hadoop.mapreduce.task.reduce.Shuffle@242c1f73
2024-04-24T04:58:01,192  WARN [pool-53-thread-1] impl.MetricsSystemImpl: JobTracker metrics system already initialized!
2024-04-24T04:58:01,193  INFO [pool-53-thread-1] reduce.MergeManagerImpl: MergerManager: memoryLimit=1336252800, maxSingleShuffleLimit=334063200, mergeThreshold=881926912, ioSortFactor=10, memToMemMergeOutputsThreshold=10
2024-04-24T04:58:01,194  INFO [EventFetcher for fetching Map Completion Events] reduce.EventFetcher: attempt_local1743294177_0010_r_000000_0 Thread started: EventFetcher for fetching Map Completion Events
2024-04-24T04:58:01,195  INFO [localfetcher#7] reduce.LocalFetcher: localfetcher#7 about to shuffle output of map attempt_local1743294177_0010_m_000000_0 decomp: 40 len: 44 to MEMORY
2024-04-24T04:58:01,195  INFO [localfetcher#7] reduce.InMemoryMapOutput: Read 40 bytes from map-output for attempt_local1743294177_0010_m_000000_0
2024-04-24T04:58:01,195  INFO [localfetcher#7] reduce.MergeManagerImpl: closeInMemoryFile -> map-output of size: 40, inMemoryMapOutputs.size() -> 1, commitMemory -> 0, usedMemory ->40
2024-04-24T04:58:01,196  INFO [EventFetcher for fetching Map Completion Events] reduce.EventFetcher: EventFetcher is interrupted.. Returning
2024-04-24T04:58:01,196  INFO [pool-53-thread-1] mapred.LocalJobRunner: 1 / 1 copied.
2024-04-24T04:58:01,196  INFO [pool-53-thread-1] reduce.MergeManagerImpl: finalMerge called with 1 in-memory map-outputs and 0 on-disk map-outputs
2024-04-24T04:58:01,202  INFO [pool-53-thread-1] mapred.Merger: Merging 1 sorted segments
2024-04-24T04:58:01,202  INFO [pool-53-thread-1] mapred.Merger: Down to the last merge-pass, with 1 segments left of total size: 28 bytes
2024-04-24T04:58:01,205  INFO [pool-53-thread-1] reduce.MergeManagerImpl: Merged 1 segments, 40 bytes to disk to satisfy reduce memory limit
2024-04-24T04:58:01,205  INFO [pool-53-thread-1] reduce.MergeManagerImpl: Merging 1 files, 44 bytes from disk
2024-04-24T04:58:01,205  INFO [pool-53-thread-1] reduce.MergeManagerImpl: Merging 0 segments, 0 bytes from memory into reduce
2024-04-24T04:58:01,205  INFO [pool-53-thread-1] mapred.Merger: Merging 1 sorted segments
2024-04-24T04:58:01,205  INFO [pool-53-thread-1] mapred.Merger: Down to the last merge-pass, with 1 segments left of total size: 28 bytes
2024-04-24T04:58:01,205  INFO [pool-53-thread-1] mapred.LocalJobRunner: 1 / 1 copied.
2024-04-24T04:58:01,205  INFO [pool-53-thread-1] exec.SerializationUtilities: Deserializing ReduceWork using kryo
2024-04-24T04:58:01,206  INFO [pool-53-thread-1] exec.Utilities: Deserialized plan (via FILE) - name: null size: 6,46KB
2024-04-24T04:58:01,207  INFO [pool-53-thread-1] ExecReducer: 
<SEL>Id =6
  <Children>
    <FS>Id =4
      <Children>
      <\Children>
      <Parent>Id = 6 null<\Parent>
    <\FS>
  <\Children>
  <Parent><\Parent>
<\SEL>
2024-04-24T04:58:01,207  INFO [pool-53-thread-1] exec.SelectOperator: Initializing Operator: SEL[6]
2024-04-24T04:58:01,207  INFO [pool-53-thread-1] exec.SelectOperator: SELECT struct<key:struct<_col2:int>,value:struct<_col0:int,_col1:int>>
2024-04-24T04:58:01,207  INFO [pool-53-thread-1] exec.FileSinkOperator: Initializing Operator: FS[4]
2024-04-24T04:58:01,207  INFO [pool-53-thread-1] exec.FileSinkOperator: Using serializer : AbstractSerDe [log=org.apache.logging.slf4j.Log4jLogger@7620dc3c, configuration=Optional[Configuration: core-default.xml, core-site.xml, mapred-default.xml, mapred-site.xml, yarn-default.xml, yarn-site.xml, hdfs-default.xml, hdfs-site.xml, file:/home/alex/Repositories/hive/ql/target/tmp/TestTxnNoBucketsVectorized/mapred/local/localRunner/alex/job_local1743294177_0010/job_local1743294177_0010.xml], properties={name=default.tmp, columns.types=int:int, serialization.format=1, columns=c1,c2, columns.comments=&amp#0;, partition_columns.types=int, partition_columns=c3, bucketing_version=2, serialization.lib=org.apache.hadoop.hive.ql.io.orc.OrcSerde, file.inputformat=org.apache.hadoop.hive.ql.io.orc.OrcInputFormat, file.outputformat=org.apache.hadoop.hive.ql.io.orc.OrcOutputFormat, location=file:/home/alex/Repositories/hive/ql/target/tmp/org.apache.hadoop.hive.ql.TestTxnNoBuckets-1713959849960/warehouse/tmp, column.name.delimiter=,}, tableProperties={name=default.tmp, columns.types=int:int, serialization.format=1, columns=c1,c2, columns.comments=&amp#0;, partition_columns.types=int, partition_columns=c3, bucketing_version=2, serialization.lib=org.apache.hadoop.hive.ql.io.orc.OrcSerde, file.inputformat=org.apache.hadoop.hive.ql.io.orc.OrcInputFormat, location=file:/home/alex/Repositories/hive/ql/target/tmp/org.apache.hadoop.hive.ql.TestTxnNoBuckets-1713959849960/warehouse/tmp, file.outputformat=org.apache.hadoop.hive.ql.io.orc.OrcOutputFormat, column.name.delimiter=,}, partitionProperties=Optional.empty, columnNames=[c1, c2], columnTypes=[int, int], getClass()=class org.apache.hadoop.hive.ql.io.orc.OrcSerde] and formatter : org.apache.hadoop.hive.ql.io.orc.OrcOutputFormat@4c0a9849
2024-04-24T04:58:01,208  INFO [pool-53-thread-1] exec.FileSinkOperator: Final Path: FS file:/home/alex/Repositories/hive/ql/target/tmp/org.apache.hadoop.hive.ql.TestTxnNoBuckets-1713959849960/warehouse/tmp/.hive-staging_hive_2024-04-24_04-58-00_658_1709549482360001118-1/_tmp.-ext-10000/c3=3/000000_0
2024-04-24T04:58:01,208  INFO [pool-53-thread-1] exec.FileSinkOperator: Writing to temp file: FS file:/home/alex/Repositories/hive/ql/target/tmp/org.apache.hadoop.hive.ql.TestTxnNoBuckets-1713959849960/warehouse/tmp/.hive-staging_hive_2024-04-24_04-58-00_658_1709549482360001118-1/_task_tmp.-ext-10000/c3=3/_tmp.000000_0
2024-04-24T04:58:01,208  INFO [pool-53-thread-1] exec.FileSinkOperator: New Final Path: FS file:/home/alex/Repositories/hive/ql/target/tmp/org.apache.hadoop.hive.ql.TestTxnNoBuckets-1713959849960/warehouse/tmp/.hive-staging_hive_2024-04-24_04-58-00_658_1709549482360001118-1/_tmp.-ext-10000/c3=3/000000_0
2024-04-24T04:58:01,208  INFO [pool-53-thread-1] exec.FileSinkOperator: FS[4]: records written - 1
2024-04-24T04:58:01,208  INFO [pool-53-thread-1] impl.PhysicalFsWriter: ORC writer created for path: file:/home/alex/Repositories/hive/ql/target/tmp/org.apache.hadoop.hive.ql.TestTxnNoBuckets-1713959849960/warehouse/tmp/.hive-staging_hive_2024-04-24_04-58-00_658_1709549482360001118-1/_task_tmp.-ext-10000/c3=3/_tmp.000000_0 with stripeSize: 67108864 blockSize: 268435456 compression: Compress: ZLIB buffer: 262144
2024-04-24T04:58:01,217  INFO [pool-53-thread-1] impl.WriterImpl: ORC writer created for path: file:/home/alex/Repositories/hive/ql/target/tmp/org.apache.hadoop.hive.ql.TestTxnNoBuckets-1713959849960/warehouse/tmp/.hive-staging_hive_2024-04-24_04-58-00_658_1709549482360001118-1/_task_tmp.-ext-10000/c3=3/_tmp.000000_0 with stripeSize: 67108864 options: Compress: ZLIB buffer: 262144
2024-04-24T04:58:01,219  INFO [pool-53-thread-1] exec.FileSinkOperator: Final Path: FS file:/home/alex/Repositories/hive/ql/target/tmp/org.apache.hadoop.hive.ql.TestTxnNoBuckets-1713959849960/warehouse/tmp/.hive-staging_hive_2024-04-24_04-58-00_658_1709549482360001118-1/_tmp.-ext-10000/c3=4/000000_0
2024-04-24T04:58:01,219  INFO [pool-53-thread-1] exec.FileSinkOperator: Writing to temp file: FS file:/home/alex/Repositories/hive/ql/target/tmp/org.apache.hadoop.hive.ql.TestTxnNoBuckets-1713959849960/warehouse/tmp/.hive-staging_hive_2024-04-24_04-58-00_658_1709549482360001118-1/_task_tmp.-ext-10000/c3=4/_tmp.000000_0
2024-04-24T04:58:01,219  INFO [pool-53-thread-1] exec.FileSinkOperator: New Final Path: FS file:/home/alex/Repositories/hive/ql/target/tmp/org.apache.hadoop.hive.ql.TestTxnNoBuckets-1713959849960/warehouse/tmp/.hive-staging_hive_2024-04-24_04-58-00_658_1709549482360001118-1/_tmp.-ext-10000/c3=4/000000_0
2024-04-24T04:58:01,222  INFO [pool-53-thread-1] impl.PhysicalFsWriter: ORC writer created for path: file:/home/alex/Repositories/hive/ql/target/tmp/org.apache.hadoop.hive.ql.TestTxnNoBuckets-1713959849960/warehouse/tmp/.hive-staging_hive_2024-04-24_04-58-00_658_1709549482360001118-1/_task_tmp.-ext-10000/c3=4/_tmp.000000_0 with stripeSize: 67108864 blockSize: 268435456 compression: Compress: ZLIB buffer: 262144
2024-04-24T04:58:01,226  INFO [pool-53-thread-1] impl.WriterImpl: ORC writer created for path: file:/home/alex/Repositories/hive/ql/target/tmp/org.apache.hadoop.hive.ql.TestTxnNoBuckets-1713959849960/warehouse/tmp/.hive-staging_hive_2024-04-24_04-58-00_658_1709549482360001118-1/_task_tmp.-ext-10000/c3=4/_tmp.000000_0 with stripeSize: 67108864 options: Compress: ZLIB buffer: 262144
2024-04-24T04:58:01,226  INFO [pool-53-thread-1] exec.SelectOperator: Closing Operator: SEL[6]
2024-04-24T04:58:01,227  INFO [pool-53-thread-1] exec.SelectOperator: RECORDS_OUT_OPERATOR_SEL_6:2, RECORDS_OUT_INTERMEDIATE:0, 
2024-04-24T04:58:01,227  INFO [pool-53-thread-1] exec.FileSinkOperator: Closing Operator: FS[4]
2024-04-24T04:58:01,227  INFO [pool-53-thread-1] exec.FileSinkOperator: FS[4]: records written - 2
2024-04-24T04:58:01,228  INFO [pool-53-thread-1] common.FileUtils: Creating directory if it doesn't exist: file:/home/alex/Repositories/hive/ql/target/tmp/org.apache.hadoop.hive.ql.TestTxnNoBuckets-1713959849960/warehouse/tmp/.hive-staging_hive_2024-04-24_04-58-00_658_1709549482360001118-1/_tmp.-ext-10000/c3=4
2024-04-24T04:58:01,231  INFO [pool-53-thread-1] common.FileUtils: Creating directory if it doesn't exist: file:/home/alex/Repositories/hive/ql/target/tmp/org.apache.hadoop.hive.ql.TestTxnNoBuckets-1713959849960/warehouse/tmp/.hive-staging_hive_2024-04-24_04-58-00_658_1709549482360001118-1/_tmp.-ext-10000/c3=3
2024-04-24T04:58:01,238  INFO [pool-53-thread-1] exec.FileSinkOperator: RECORDS_OUT_INTERMEDIATE:0, RECORDS_OUT_1_default.tmp:2, TOTAL_TABLE_ROWS_WRITTEN:2, RECORDS_OUT_OPERATOR_FS_4:2, 
2024-04-24T04:58:01,238  INFO [pool-53-thread-1] mapred.Task: Task:attempt_local1743294177_0010_r_000000_0 is done. And is in the process of committing
2024-04-24T04:58:01,239  INFO [pool-53-thread-1] mapred.LocalJobRunner: reduce > reduce
2024-04-24T04:58:01,239  INFO [pool-53-thread-1] mapred.Task: Task 'attempt_local1743294177_0010_r_000000_0' done.
2024-04-24T04:58:01,239  INFO [pool-53-thread-1] mapred.Task: Final Counters for attempt_local1743294177_0010_r_000000_0: Counters: 31
	File System Counters
		FILE: Number of bytes read=166589
		FILE: Number of bytes written=12039234
		FILE: Number of read operations=0
		FILE: Number of large read operations=0
		FILE: Number of write operations=0
	Map-Reduce Framework
		Combine input records=0
		Combine output records=0
		Reduce input groups=2
		Reduce shuffle bytes=44
		Reduce input records=2
		Reduce output records=0
		Spilled Records=2
		Shuffled Maps =1
		Failed Shuffles=0
		Merged Map outputs=1
		GC time elapsed (ms)=0
		Total committed heap usage (bytes)=1099431936
	HIVE
		CREATED_DYNAMIC_PARTITIONS=1
		CREATED_FILES=2
		RECORDS_OUT_1_default.tmp=2
		RECORDS_OUT_INTERMEDIATE=0
		RECORDS_OUT_OPERATOR_FS_4=2
		RECORDS_OUT_OPERATOR_SEL_6=2
		TOTAL_TABLE_ROWS_WRITTEN=2
	Shuffle Errors
		BAD_ID=0
		CONNECTION=0
		IO_ERROR=0
		WRONG_LENGTH=0
		WRONG_MAP=0
		WRONG_REDUCE=0
	File Output Format Counters 
		Bytes Written=0
2024-04-24T04:58:01,239  INFO [pool-53-thread-1] mapred.LocalJobRunner: Finishing task: attempt_local1743294177_0010_r_000000_0
2024-04-24T04:58:01,239  INFO [Thread-615] mapred.LocalJobRunner: reduce task executor complete.
2024-04-24 04:58:02,164 Stage-1 map = 100%,  reduce = 100%
2024-04-24T04:58:02,164  INFO [main] exec.Task: 2024-04-24 04:58:02,164 Stage-1 map = 100%,  reduce = 100%
Ended Job = job_local1743294177_0010
2024-04-24T04:58:02,167  INFO [main] exec.Task: Ended Job = job_local1743294177_0010
2024-04-24T04:58:02,169  INFO [main] ql.Driver: Starting task [Stage-0:MOVE] in serial mode
Loading data to table default.tmp partition (c3=null)
2024-04-24T04:58:02,169  INFO [main] exec.Task: Loading data to table default.tmp partition (c3=null) from file:/home/alex/Repositories/hive/ql/target/tmp/org.apache.hadoop.hive.ql.TestTxnNoBuckets-1713959849960/warehouse/tmp/.hive-staging_hive_2024-04-24_04-58-00_658_1709549482360001118-1/-ext-10000
2024-04-24T04:58:02,169  INFO [main] HiveMetaStore.audit: ugi=alex	ip=unknown-ip-addr	cmd=get_table : tbl=hive.default.tmp	
2024-04-24T04:58:02,179  INFO [main] metastore.HMSHandler: Skipping translation for processor with null
2024-04-24T04:58:02,179  INFO [main] exec.MoveTask: Partition is: {c3=null}


2024-04-24T04:58:02,180  INFO [main] exec.Task: 

2024-04-24T04:58:02,180  INFO [main] HiveMetaStore.audit: ugi=alex	ip=unknown-ip-addr	cmd=get_table : tbl=hive.default.tmp	
2024-04-24T04:58:02,190  INFO [main] metastore.HMSHandler: Skipping translation for processor with null
2024-04-24T04:58:02,190  INFO [main] HiveMetaStore.audit: ugi=alex	ip=unknown-ip-addr	cmd=get_table : tbl=hive.default.tmp	
2024-04-24T04:58:02,200  INFO [main] metastore.HMSHandler: Skipping translation for processor with null
2024-04-24T04:58:02,200  INFO [main] HiveMetaStore.audit: ugi=alex	ip=unknown-ip-addr	cmd=get_table : tbl=hive.default.tmp	
2024-04-24T04:58:02,210  INFO [main] metastore.HMSHandler: Skipping translation for processor with null
2024-04-24T04:58:02,210  INFO [main] HiveMetaStore.audit: ugi=alex	ip=unknown-ip-addr	cmd=get_partitions_names_ps : tbl=hive.default.tmp[]	
2024-04-24T04:58:02,224  INFO [main] HiveMetaStore.audit: ugi=alex	ip=unknown-ip-addr	cmd=get_table : tbl=hive.default.tmp	
2024-04-24T04:58:02,234  INFO [main] metastore.HMSHandler: Skipping translation for processor with null
2024-04-24T04:58:02,234  INFO [main] HiveMetaStore.audit: ugi=alex	ip=unknown-ip-addr	cmd=get_partitions_by_names : tbl=hive.default.tmp	
2024-04-24T04:58:02,264  INFO [main] metastore.HMSHandler: Skipping translation for processor with null
2024-04-24T04:58:02,268  INFO [load-dynamic-partitionsToAdd-0] metadata.Hive: New loading path = file:/home/alex/Repositories/hive/ql/target/tmp/org.apache.hadoop.hive.ql.TestTxnNoBuckets-1713959849960/warehouse/tmp/.hive-staging_hive_2024-04-24_04-58-00_658_1709549482360001118-1/-ext-10000/c3=4 withPartSpec {c3=4}
2024-04-24T04:58:02,268  INFO [load-dynamic-partitionsToAdd-1] metadata.Hive: New loading path = file:/home/alex/Repositories/hive/ql/target/tmp/org.apache.hadoop.hive.ql.TestTxnNoBuckets-1713959849960/warehouse/tmp/.hive-staging_hive_2024-04-24_04-58-00_658_1709549482360001118-1/-ext-10000/c3=3 withPartSpec {c3=3}
2024-04-24T04:58:02,269  INFO [load-dynamic-partitionsToAdd-0] metastore.HiveMetaStoreClient: HMS client filtering is enabled.
2024-04-24T04:58:02,270  INFO [load-dynamic-partitionsToAdd-0] metastore.HMSHandler: 7: Opening raw store with implementation class:org.apache.hadoop.hive.metastore.ObjectStore
2024-04-24T04:58:02,270  INFO [load-dynamic-partitionsToAdd-0] metastore.PersistenceManagerProvider: Configuration datanucleus.autoStartMechanismMode is not set. Defaulting to 'ignored'
2024-04-24T04:58:02,270  INFO [load-dynamic-partitionsToAdd-0] metastore.ObjectStore: RawStore: org.apache.hadoop.hive.metastore.ObjectStore@3e4655ab, with PersistenceManager: null will be shutdown
2024-04-24T04:58:02,271  INFO [load-dynamic-partitionsToAdd-0] metastore.ObjectStore: RawStore: org.apache.hadoop.hive.metastore.ObjectStore@3e4655ab, with PersistenceManager: org.datanucleus.api.jdo.JDOPersistenceManager@3e497d52 created in the thread with id: 750
2024-04-24T04:58:02,291  INFO [load-dynamic-partitionsToAdd-0] metastore.HMSHandler: Created RawStore: org.apache.hadoop.hive.metastore.ObjectStore@3e4655ab from thread id: 750
2024-04-24T04:58:02,291  INFO [load-dynamic-partitionsToAdd-0] metastore.HMSHandler: HMS server filtering is disabled by configuration
2024-04-24T04:58:02,291  INFO [load-dynamic-partitionsToAdd-0] metastore.RetryingMetaStoreClient: RetryingMetaStoreClient proxy=class org.apache.hadoop.hive.ql.metadata.SessionHiveMetaStoreClient ugi=alex (auth:SIMPLE) retries=1 delay=1 lifetime=0
2024-04-24T04:58:02,291  INFO [load-dynamic-partitionsToAdd-0] HiveMetaStore.audit: ugi=alex	ip=unknown-ip-addr	cmd=get_database: default	
2024-04-24T04:58:02,293  INFO [load-dynamic-partitionsToAdd-0] common.FileUtils: Creating directory if it doesn't exist: file:/home/alex/Repositories/hive/ql/target/tmp/org.apache.hadoop.hive.ql.TestTxnNoBuckets-1713959849960/warehouse/tmp/c3=4
2024-04-24T04:58:02,296  INFO [load-dynamic-partitionsToAdd-0] HiveMetaStore.audit: ugi=alex	ip=unknown-ip-addr	cmd=Cleaning up thread local RawStore...	
2024-04-24T04:58:02,296  INFO [load-dynamic-partitionsToAdd-0] metastore.ObjectStore: RawStore: org.apache.hadoop.hive.metastore.ObjectStore@3e4655ab, with PersistenceManager: org.datanucleus.api.jdo.JDOPersistenceManager@3e497d52 will be shutdown
2024-04-24T04:58:02,296  INFO [load-dynamic-partitionsToAdd-0] HiveMetaStore.audit: ugi=alex	ip=unknown-ip-addr	cmd=Done cleaning up thread local RawStore	
2024-04-24T04:58:02,296  INFO [load-dynamic-partitionsToAdd-0] metastore.HiveMetaStoreClient: Closed a connection to metastore, current connections: -5
2024-04-24T04:58:02,296  INFO [main] metadata.Hive: Number of partitionsToAdd to be added is 2
2024-04-24T04:58:02,297  INFO [main] HiveMetaStore.audit: ugi=alex	ip=unknown-ip-addr	cmd=add_partitions	
2024-04-24T04:58:02,339  INFO [main] HiveMetaStore.audit: ugi=alex	ip=unknown-ip-addr	cmd=alter_partitions : tbl=hive.default.tmp	
2024-04-24T04:58:02,339  INFO [main] metastore.HMSHandler: New partition values:[3]
2024-04-24T04:58:02,417  INFO [main] metadata.Hive: Loaded 2partitionsToAdd
	 Time taken to load dynamic partitions: 0.237 seconds
2024-04-24T04:58:02,417  INFO [main] exec.Task: 	 Time taken to load dynamic partitions: 0.237 seconds
2024-04-24T04:58:02,417  INFO [main] exec.MoveTask: 	 Time taken to load dynamic partitions: 0.237 seconds
2024-04-24T04:58:02,418  INFO [main] exec.MoveTask: Loading partition {c3=4}
2024-04-24T04:58:02,418  INFO [main] exec.MoveTask: Loading partition {c3=3}
	 Time taken for adding to write entity : 0.0 seconds
2024-04-24T04:58:02,418  INFO [main] exec.Task: 	 Time taken for adding to write entity : 0.0 seconds
2024-04-24T04:58:02,418  INFO [main] ql.Driver: Starting task [Stage-2:STATS] in serial mode
2024-04-24T04:58:02,418  INFO [main] HiveMetaStore.audit: ugi=alex	ip=unknown-ip-addr	cmd=get_table : tbl=hive.default.tmp	
2024-04-24T04:58:02,428  INFO [main] metastore.HMSHandler: Skipping translation for processor with null
2024-04-24T04:58:02,428  INFO [main] stats.BasicStatsTask: Executing stats task
2024-04-24T04:58:02,428  INFO [main] fs.FSStatsPublisher: created : file:/home/alex/Repositories/hive/ql/target/tmp/localscratchdir/58c22cca-0704-4611-b509-aa39277260ab/hive_2024-04-24_04-58-00_658_1709549482360001118-1/-mr-10001
2024-04-24T04:58:02,429  INFO [main] HiveMetaStore.audit: ugi=alex	ip=unknown-ip-addr	cmd=get_table : tbl=hive.default.tmp	
2024-04-24T04:58:02,438  INFO [main] metastore.HMSHandler: Skipping translation for processor with null
2024-04-24T04:58:02,440  INFO [main] FileOperations: Read stats for default.tmp/c3=4/, numRows, true, 1, false: 
2024-04-24T04:58:02,440  INFO [main] FileOperations: Read stats for default.tmp/c3=4/, rawDataSize, true, 8, false: 
2024-04-24T04:58:02,440  INFO [main] stats.BasicStatsTask: Partition {c3=4} stats: [numFiles=1, numRows=1, totalSize=242, rawDataSize=8, numFilesErasureCoded=0]
2024-04-24T04:58:02,440  INFO [main] FileOperations: Read stats for default.tmp/c3=3/, numRows, true, 1, false: 
2024-04-24T04:58:02,440  INFO [main] FileOperations: Read stats for default.tmp/c3=3/, rawDataSize, true, 8, false: 
2024-04-24T04:58:02,440  INFO [main] stats.BasicStatsTask: Partition {c3=3} stats: [numFiles=2, numRows=2, totalSize=484, rawDataSize=16, numFilesErasureCoded=0]
2024-04-24T04:58:02,440  INFO [main] HiveMetaStore.audit: ugi=alex	ip=unknown-ip-addr	cmd=alter_partitions : tbl=hive.default.tmp	
2024-04-24T04:58:02,440  INFO [main] metastore.HMSHandler: New partition values:[4]
2024-04-24T04:58:02,440  INFO [main] metastore.HMSHandler: New partition values:[3]
2024-04-24T04:58:02,521  INFO [main] metadata.Hive: Dumping metastore api call timing information for : execution phase
2024-04-24T04:58:02,521  INFO [main] metadata.Hive: Total time spent in each metastore function (ms): {add_partitions_(List)=42, listPartitionNamesRequest_(GetPartitionNamesPsRequest)=24, getPartitionsByNames_(String, String, List, boolean, String)=43, getTable_(GetTableRequest)=49, alter_partitions_(String, String, List, EnvironmentContext, String, long)=80, isCompatibleWith_(Configuration)=0, alter_partitions_(String, String, String, List, EnvironmentContext, String, long)=78}
MapReduce Jobs Launched: 
2024-04-24T04:58:02,521  INFO [main] ql.Driver: MapReduce Jobs Launched: 
Stage-Stage-1:  HDFS Read: 0 HDFS Write: 0 SUCCESS
2024-04-24T04:58:02,521  INFO [main] ql.Driver: Stage-Stage-1:  HDFS Read: 0 HDFS Write: 0 SUCCESS
Total MapReduce CPU Time Spent: 0 msec
2024-04-24T04:58:02,521  INFO [main] ql.Driver: Total MapReduce CPU Time Spent: 0 msec
2024-04-24T04:58:02,521  INFO [main] ql.Driver: Completed executing command(queryId=alex_20240424045800_8495d4d9-8949-4d8a-9bca-f3feb9a9c417); Time taken: 1.644 seconds
2024-04-24T04:58:02,521  INFO [main] lockmgr.DbTxnManager: Stopped heartbeat for query: alex_20240424045800_8495d4d9-8949-4d8a-9bca-f3feb9a9c417
2024-04-24T04:58:02,526  INFO [main] txn.TxnHandler: Expected to move at least one record from txn_components to completed_txn_components when committing txn! txnid:17
2024-04-24T04:58:02,532  INFO [main] txn.TxnHandler: Removed transactions: ([17]) from MIN_HISTORY_LEVEL
2024-04-24T04:58:02,534  WARN [main] txn.CompactionTxnHandler: No compaction queue record found for Compaction type transaction commit. txnId:17
2024-04-24T04:58:02,534  INFO [main] ql.TxnCommandsBaseForTests: Running the query: insert into tmp  values(5,5,5),(6,6,6)
2024-04-24T04:58:02,535  INFO [main] ql.Context: Deleting scratch dir: file:/home/alex/Repositories/hive/ql/target/tmp/localscratchdir/58c22cca-0704-4611-b509-aa39277260ab/hive_2024-04-24_04-58-00_658_1709549482360001118-1
2024-04-24T04:58:02,535  INFO [main] cleanup.SyncCleanupService: Deleted directory: file:/home/alex/Repositories/hive/ql/target/tmp/localscratchdir/58c22cca-0704-4611-b509-aa39277260ab/hive_2024-04-24_04-58-00_658_1709549482360001118-1 on fs with scheme file
2024-04-24T04:58:02,535  INFO [main] ql.Context: Deleting scratch dir: file:/home/alex/Repositories/hive/ql/target/tmp/org.apache.hadoop.hive.ql.TestTxnNoBuckets-1713959849960/warehouse/tmp/.hive-staging_hive_2024-04-24_04-58-00_658_1709549482360001118-1
2024-04-24T04:58:02,536  INFO [main] cleanup.SyncCleanupService: Deleted directory: file:/home/alex/Repositories/hive/ql/target/tmp/org.apache.hadoop.hive.ql.TestTxnNoBuckets-1713959849960/warehouse/tmp/.hive-staging_hive_2024-04-24_04-58-00_658_1709549482360001118-1 on fs with scheme file
2024-04-24T04:58:02,536  INFO [main] ql.Driver: Compiling command(queryId=alex_20240424045802_1b01f784-f8d9-40a6-b570-cfd123dabdf1): insert into tmp  values(5,5,5),(6,6,6)
2024-04-24T04:58:02,545  INFO [main] txn.TxnHandler: Added entries to MIN_HISTORY_LEVEL for current txns: ([18]) with min_open_txn: 18
2024-04-24T04:58:02,546  INFO [main] lockmgr.DbTxnManager: Opened txnid:18
2024-04-24T04:58:02,548  INFO [main] parse.CalcitePlanner: Starting caching scope for: 
2024-04-24T04:58:02,548  INFO [main] parse.CalcitePlanner: Starting Semantic Analysis
2024-04-24T04:58:02,554  INFO [main] HiveMetaStore.audit: ugi=alex	ip=unknown-ip-addr	cmd=get_table : tbl=hive.default.tmp	
2024-04-24T04:58:02,565  INFO [main] metastore.HMSHandler: Skipping translation for processor with null
2024-04-24T04:58:02,565  INFO [main] parse.CalcitePlanner: Completed phase 1 of Semantic Analysis
2024-04-24T04:58:02,565  INFO [main] parse.CalcitePlanner: Get metadata for source tables
2024-04-24T04:58:02,566  INFO [main] parse.CalcitePlanner: Get metadata for subqueries
2024-04-24T04:58:02,566  INFO [main] parse.CalcitePlanner: Get metadata for destination tables
2024-04-24T04:58:02,566  INFO [main] HiveMetaStore.audit: ugi=alex	ip=unknown-ip-addr	cmd=get_table : tbl=hive.default.tmp	
2024-04-24T04:58:02,576  INFO [main] metastore.HMSHandler: Skipping translation for processor with null
2024-04-24T04:58:02,576  INFO [main] parse.CalcitePlanner: Completed getting MetaData in Semantic Analysis
2024-04-24T04:58:02,576  INFO [main] parse.CalcitePlanner: Disabling LLAP IO encode as ETL query is detected
2024-04-24T04:58:02,598  INFO [main] HiveMetaStore.audit: ugi=alex	ip=unknown-ip-addr	cmd=get_all_table_constraints : tbl=hive._dummy_database._dummy_table	
2024-04-24T04:58:02,684  INFO [main] parse.CalcitePlanner: Get metadata for source tables
2024-04-24T04:58:02,684  INFO [main] parse.CalcitePlanner: Get metadata for subqueries
2024-04-24T04:58:02,684  INFO [main] parse.CalcitePlanner: Get metadata for source tables
2024-04-24T04:58:02,686  INFO [main] HiveMetaStore.audit: ugi=alex	ip=unknown-ip-addr	cmd=get_table : tbl=hive._dummy_database._dummy_table	
2024-04-24T04:58:02,690  INFO [main] parse.CalcitePlanner: Get metadata for subqueries
2024-04-24T04:58:02,690  INFO [main] parse.CalcitePlanner: Get metadata for destination tables
2024-04-24T04:58:02,690  INFO [main] parse.CalcitePlanner: Get metadata for destination tables
2024-04-24T04:58:02,690  INFO [main] HiveMetaStore.audit: ugi=alex	ip=unknown-ip-addr	cmd=get_table : tbl=hive.default.tmp	
2024-04-24T04:58:02,704  INFO [main] metastore.HMSHandler: Skipping translation for processor with null
2024-04-24T04:58:02,707  INFO [main] common.FileUtils: Creating directory if it doesn't exist: file:/home/alex/Repositories/hive/ql/target/tmp/org.apache.hadoop.hive.ql.TestTxnNoBuckets-1713959849960/warehouse/tmp/.hive-staging_hive_2024-04-24_04-58-02_536_3453261143291805638-1
2024-04-24T04:58:02,710  INFO [main] HiveMetaStore.audit: ugi=alex	ip=unknown-ip-addr	cmd=get_not_null_constraints : tbl=hive.default.tmp	
2024-04-24T04:58:02,711  INFO [main] HiveMetaStore.audit: ugi=alex	ip=unknown-ip-addr	cmd=get_check_constraints : tbl=hive.default.tmp	
2024-04-24T04:58:02,713  INFO [main] parse.CalcitePlanner: CBO Succeeded; optimized logical plan.
2024-04-24T04:58:02,718  INFO [main] optimizer.BucketVersionPopulator: not considering bucketingVersion for: TS[0] because it has -1<2 buckets 
2024-04-24T04:58:02,719  INFO [main] optimizer.SortedDynPartitionOptimizer: Sorted dynamic partitioning optimization kicked in..
2024-04-24T04:58:02,719  INFO [main] optimizer.SortedDynPartitionOptimizer: Inserted RS_5 and SEL_6 as parent of FS_4 and child of SEL_3
2024-04-24T04:58:02,728  INFO [main] HiveMetaStore.audit: ugi=alex	ip=unknown-ip-addr	cmd=get_table : tbl=hive.default.tmp	
2024-04-24T04:58:02,740  INFO [main] metastore.HMSHandler: Skipping translation for processor with null
2024-04-24T04:58:02,741  INFO [main] physical.Vectorizer: Examining input format to see if vectorization is enabled.
2024-04-24T04:58:02,741  INFO [main] physical.Vectorizer: Map vectorization enabled: false
2024-04-24T04:58:02,741  INFO [main] physical.Vectorizer: Map vectorized: false
2024-04-24T04:58:02,741  INFO [main] physical.Vectorizer: Map vectorizedVertexNum: 0
2024-04-24T04:58:02,741  INFO [main] physical.Vectorizer: Map enabledConditionsMet: [hive.vectorized.use.vectorized.input.format IS true]
2024-04-24T04:58:02,741  INFO [main] physical.Vectorizer: Map enabledConditionsNotMet: [Could not enable vectorization due to partition column names size 1 is greater than the number of table column names size 0 IS false]
2024-04-24T04:58:02,741  INFO [main] physical.Vectorizer: Map inputFileFormatClassNameSet: [org.apache.hadoop.hive.ql.io.NullRowsInputFormat]
2024-04-24T04:58:02,741  INFO [main] physical.Vectorizer: Reduce vectorization enabled: false
2024-04-24T04:58:02,741  INFO [main] physical.Vectorizer: Reduce vectorized: false
2024-04-24T04:58:02,741  INFO [main] physical.Vectorizer: Reduce vectorizedVertexNum: 1
2024-04-24T04:58:02,741  INFO [main] physical.Vectorizer: Reducer hive.vectorized.execution.reduce.enabled: true
2024-04-24T04:58:02,741  INFO [main] physical.Vectorizer: Reducer engine: mr
2024-04-24T04:58:02,741  INFO [main] parse.CalcitePlanner: Completed plan generation
2024-04-24T04:58:02,742  INFO [main] parse.CalcitePlanner: Ending caching scope for: 
2024-04-24T04:58:02,742  INFO [main] ql.Driver: Semantic Analysis Completed (retrial = false)
2024-04-24T04:58:02,742  INFO [main] ql.Driver: Created Hive schema: Schema(fieldSchemas:[FieldSchema(name:col1, type:int, comment:null), FieldSchema(name:col2, type:int, comment:null), FieldSchema(name:col3, type:int, comment:null)], properties:null)
2024-04-24T04:58:02,742  INFO [main] metadata.Hive: Dumping metastore api call timing information for : compilation phase
2024-04-24T04:58:02,742  INFO [main] metadata.Hive: Total time spent in each metastore function (ms): {getValidWriteIds_(List, String)=6, getCheckConstraints_(CheckConstraintsRequest)=2, isCompatibleWith_(Configuration)=2, getAllTableConstraints_(AllTableConstraintsRequest)=29, flushCache_()=0, getMetaConf_(String)=0, getTable_(GetTableRequest)=48, openTxn_(String, TxnType)=9, getNotNullConstraints_(NotNullConstraintsRequest)=1, commitTxn_(CommitTxnRequest)=13, getValidTxns_(long)=2}
2024-04-24T04:58:02,742  INFO [main] ql.Driver: Completed compiling command(queryId=alex_20240424045802_1b01f784-f8d9-40a6-b570-cfd123dabdf1); Time taken: 0.206 seconds
2024-04-24T04:58:02,742  INFO [main] lockmgr.DbTxnManager: Setting lock request transaction to txnid:18 for queryId=alex_20240424045802_1b01f784-f8d9-40a6-b570-cfd123dabdf1
2024-04-24T04:58:02,742  INFO [main] lockmgr.DbLockManager: Requesting lock for queryId=alex_20240424045802_1b01f784-f8d9-40a6-b570-cfd123dabdf1
2024-04-24T04:58:02,764  INFO [main] lockmgr.DbLockManager: Response to queryId=alex_20240424045802_1b01f784-f8d9-40a6-b570-cfd123dabdf1 LockResponse(lockid:11, state:ACQUIRED)
2024-04-24T04:58:02,764  INFO [main] ql.Driver: Operation QUERY obtained 1 locks
2024-04-24T04:58:02,764  INFO [main] ql.Driver: Executing command(queryId=alex_20240424045802_1b01f784-f8d9-40a6-b570-cfd123dabdf1): insert into tmp  values(5,5,5),(6,6,6)
2024-04-24T04:58:02,765  WARN [main] ql.Driver: Hive-on-MR is deprecated in Hive 2 and may not be available in the future versions. Consider using a different execution engine (i.e. spark, tez) or using Hive 1.X releases.
Query ID = alex_20240424045802_1b01f784-f8d9-40a6-b570-cfd123dabdf1
2024-04-24T04:58:02,765  INFO [main] ql.Driver: Query ID = alex_20240424045802_1b01f784-f8d9-40a6-b570-cfd123dabdf1
Total jobs = 1
2024-04-24T04:58:02,765  INFO [main] ql.Driver: Total jobs = 1
Launching Job 1 out of 1
2024-04-24T04:58:02,765  INFO [main] ql.Driver: Launching Job 1 out of 1
2024-04-24T04:58:02,927  INFO [main] ql.Driver: Starting task [Stage-1:MAPRED] in serial mode
2024-04-24T04:58:02,927  INFO [main] exec.Utilities: Not using thread pool for getContentSummary
2024-04-24T04:58:02,928  INFO [main] exec.Utilities: BytesPerReducer=256000000 maxReducers=1009 totalInputFileSize=1
Number of reduce tasks not specified. Estimated from input data size: 1
2024-04-24T04:58:02,929  INFO [main] exec.Task: Number of reduce tasks not specified. Estimated from input data size: 1
In order to change the average load for a reducer (in bytes):
2024-04-24T04:58:02,929  INFO [main] exec.Task: In order to change the average load for a reducer (in bytes):
  set hive.exec.reducers.bytes.per.reducer=<number>
2024-04-24T04:58:02,929  INFO [main] exec.Task:   set hive.exec.reducers.bytes.per.reducer=<number>
In order to limit the maximum number of reducers:
2024-04-24T04:58:02,929  INFO [main] exec.Task: In order to limit the maximum number of reducers:
  set hive.exec.reducers.max=<number>
2024-04-24T04:58:02,929  INFO [main] exec.Task:   set hive.exec.reducers.max=<number>
In order to set a constant number of reducers:
2024-04-24T04:58:02,929  INFO [main] exec.Task: In order to set a constant number of reducers:
  set mapreduce.job.reduces=<number>
2024-04-24T04:58:02,929  INFO [main] exec.Task:   set mapreduce.job.reduces=<number>
2024-04-24T04:58:02,931  INFO [main] mr.ExecDriver: Using org.apache.hadoop.hive.ql.io.HiveInputFormat
2024-04-24T04:58:02,931  INFO [main] exec.Utilities: Processing alias $hdt$_0:_dummy_table
2024-04-24T04:58:02,931  INFO [main] exec.Utilities: Adding 1 inputs; the first input is file:/home/alex/Repositories/hive/ql/target/tmp/localscratchdir/58c22cca-0704-4611-b509-aa39277260ab/hive_2024-04-24_04-58-02_536_3453261143291805638-1/dummy_path
2024-04-24T04:58:02,940  INFO [main] exec.SerializationUtilities: Serializing MapWork using kryo
2024-04-24T04:58:02,941  INFO [main] exec.Utilities: Serialized plan (via FILE) - name: null size: 5,41KB
2024-04-24T04:58:02,946  INFO [main] exec.SerializationUtilities: Serializing ReduceWork using kryo
2024-04-24T04:58:02,946  INFO [main] exec.Utilities: Serialized plan (via FILE) - name: null size: 6,46KB
2024-04-24T04:58:02,947  WARN [main] impl.MetricsSystemImpl: JobTracker metrics system already initialized!
2024-04-24T04:58:02,952  INFO [main] fs.FSStatsPublisher: created : file:/home/alex/Repositories/hive/ql/target/tmp/localscratchdir/58c22cca-0704-4611-b509-aa39277260ab/hive_2024-04-24_04-58-02_536_3453261143291805638-1/-mr-10001
2024-04-24T04:58:02,956  WARN [main] impl.MetricsSystemImpl: JobTracker metrics system already initialized!
2024-04-24T04:58:02,964  WARN [main] mapreduce.JobResourceUploader: Hadoop command-line option parsing not performed. Implement the Tool interface and execute your application with ToolRunner to remedy this.
2024-04-24T04:58:02,968  WARN [main] mapreduce.JobResourceUploader: No job jar file set.  User classes may not be found. See Job or Job#setJar(String).
2024-04-24T04:58:02,969  INFO [main] io.HiveInputFormat: hive.io.file.readcolumn.ids = 
2024-04-24T04:58:02,969  INFO [main] io.HiveInputFormat: hive.io.file.readcolumn.names = 
2024-04-24T04:58:02,969  INFO [main] io.HiveInputFormat: Generating splits for dirs: file:/home/alex/Repositories/hive/ql/target/tmp/localscratchdir/58c22cca-0704-4611-b509-aa39277260ab/hive_2024-04-24_04-58-02_536_3453261143291805638-1/dummy_path
2024-04-24T04:58:02,969  INFO [main] io.HiveInputFormat: number of splits 1
2024-04-24T04:58:02,987  INFO [main] mapreduce.JobSubmitter: number of splits:1
2024-04-24T04:58:03,005  INFO [main] mapreduce.JobSubmitter: Submitting tokens for job: job_local1217458185_0011
2024-04-24T04:58:03,005  INFO [main] mapreduce.JobSubmitter: Executing with tokens: []
2024-04-24T04:58:03,068  INFO [main] mapreduce.Job: The url to track the job: http://localhost:8080/
Job running in-process (local Hadoop)
2024-04-24T04:58:03,068  INFO [main] exec.Task: Job running in-process (local Hadoop)
2024-04-24T04:58:03,069  INFO [Thread-676] mapred.LocalJobRunner: OutputCommitter set in config org.apache.hadoop.hive.ql.io.HiveFileFormatUtils$NullOutputCommitter
2024-04-24T04:58:03,069  INFO [Thread-676] mapred.LocalJobRunner: OutputCommitter is org.apache.hadoop.hive.ql.io.HiveFileFormatUtils$NullOutputCommitter
2024-04-24T04:58:03,070  INFO [Thread-676] mapred.LocalJobRunner: Waiting for map tasks
2024-04-24T04:58:03,070  INFO [LocalJobRunner Map Task Executor #0] mapred.LocalJobRunner: Starting task: attempt_local1217458185_0011_m_000000_0
2024-04-24T04:58:03,071  INFO [LocalJobRunner Map Task Executor #0] mapred.Task:  Using ResourceCalculatorProcessTree : [ ]
2024-04-24T04:58:03,071  INFO [LocalJobRunner Map Task Executor #0] mapred.MapTask: Processing split: org.apache.hadoop.hive.ql.io.NullRowsInputFormat:file:/home/alex/Repositories/hive/ql/target/tmp/localscratchdir/58c22cca-0704-4611-b509-aa39277260ab/hive_2024-04-24_04-58-02_536_3453261143291805638-1/dummy_path/null:0+1
2024-04-24T04:58:03,072  INFO [LocalJobRunner Map Task Executor #0] exec.SerializationUtilities: Deserializing MapWork using kryo
2024-04-24T04:58:03,072  INFO [LocalJobRunner Map Task Executor #0] exec.Utilities: Deserialized plan (via FILE) - name: null size: 5,41KB
2024-04-24T04:58:03,073  INFO [LocalJobRunner Map Task Executor #0] mapred.MapTask: numReduceTasks: 1
2024-04-24T04:58:03,077  INFO [LocalJobRunner Map Task Executor #0] mapred.MapTask: (EQUATOR) 0 kvi 26214396(104857584)
2024-04-24T04:58:03,077  INFO [LocalJobRunner Map Task Executor #0] mapred.MapTask: mapreduce.task.io.sort.mb: 100
2024-04-24T04:58:03,077  INFO [LocalJobRunner Map Task Executor #0] mapred.MapTask: soft limit at 83886080
2024-04-24T04:58:03,077  INFO [LocalJobRunner Map Task Executor #0] mapred.MapTask: bufstart = 0; bufvoid = 104857600
2024-04-24T04:58:03,077  INFO [LocalJobRunner Map Task Executor #0] mapred.MapTask: kvstart = 26214396; length = 6553600
2024-04-24T04:58:03,077  INFO [LocalJobRunner Map Task Executor #0] mapred.MapTask: Map output collector class = org.apache.hadoop.mapred.MapTask$MapOutputBuffer
2024-04-24T04:58:03,078  INFO [LocalJobRunner Map Task Executor #0] exec.MapOperator: Initializing Operator: MAP[0]
2024-04-24T04:58:03,078  INFO [LocalJobRunner Map Task Executor #0] mr.ExecMapper: 
<MAP>Id =0
  <Children>null
  <\Children>
  <Parent><\Parent>
<\MAP>
2024-04-24T04:58:03,079  INFO [LocalJobRunner Map Task Executor #0] exec.TableScanOperator: Initializing Operator: TS[0]
2024-04-24T04:58:03,079  INFO [LocalJobRunner Map Task Executor #0] exec.SelectOperator: Initializing Operator: SEL[1]
2024-04-24T04:58:03,079  INFO [LocalJobRunner Map Task Executor #0] exec.SelectOperator: SELECT null
2024-04-24T04:58:03,079  INFO [LocalJobRunner Map Task Executor #0] exec.UDTFOperator: Initializing Operator: UDTF[2]
2024-04-24T04:58:03,079  INFO [LocalJobRunner Map Task Executor #0] exec.SelectOperator: Initializing Operator: SEL[3]
2024-04-24T04:58:03,079  INFO [LocalJobRunner Map Task Executor #0] exec.SelectOperator: SELECT struct<col1:int,col2:int,col3:int>
2024-04-24T04:58:03,079  INFO [LocalJobRunner Map Task Executor #0] exec.ReduceSinkOperator: Initializing Operator: RS[5]
2024-04-24T04:58:03,080  INFO [LocalJobRunner Map Task Executor #0] exec.ReduceSinkOperator: Using tag = -1
2024-04-24T04:58:03,080  INFO [LocalJobRunner Map Task Executor #0] exec.ReduceSinkOperator: keys are [_col2] num distributions: 1
2024-04-24T04:58:03,080  INFO [LocalJobRunner Map Task Executor #0] exec.ReduceSinkOperator: RS[5]: records written - 1
2024-04-24T04:58:03,080  INFO [LocalJobRunner Map Task Executor #0] exec.MapOperator: MAP[0]: records read - 1
2024-04-24T04:58:03,080  INFO [LocalJobRunner Map Task Executor #0] exec.MapOperator: Closing Operator: MAP[0]
2024-04-24T04:58:03,080  INFO [LocalJobRunner Map Task Executor #0] exec.MapOperator: MAP[0]: Total records read - 3. abort - false
2024-04-24T04:58:03,081  INFO [LocalJobRunner Map Task Executor #0] exec.MapOperator: RECORDS_IN:3, RECORDS_OUT_OPERATOR_MAP_0:0, DESERIALIZE_ERRORS:0, RECORDS_OUT_INTERMEDIATE:0, 
2024-04-24T04:58:03,081  INFO [LocalJobRunner Map Task Executor #0] exec.TableScanOperator: Closing Operator: TS[0]
2024-04-24T04:58:03,081  INFO [LocalJobRunner Map Task Executor #0] exec.TableScanOperator: RECORDS_OUT_OPERATOR_TS_0:1, RECORDS_OUT_INTERMEDIATE:0, 
2024-04-24T04:58:03,081  INFO [LocalJobRunner Map Task Executor #0] exec.SelectOperator: Closing Operator: SEL[1]
2024-04-24T04:58:03,081  INFO [LocalJobRunner Map Task Executor #0] exec.SelectOperator: RECORDS_OUT_INTERMEDIATE:0, RECORDS_OUT_OPERATOR_SEL_1:1, 
2024-04-24T04:58:03,081  INFO [LocalJobRunner Map Task Executor #0] exec.UDTFOperator: Closing Operator: UDTF[2]
2024-04-24T04:58:03,081  INFO [LocalJobRunner Map Task Executor #0] exec.UDTFOperator: RECORDS_OUT_INTERMEDIATE:0, RECORDS_OUT_OPERATOR_UDTF_2:2, 
2024-04-24T04:58:03,081  INFO [LocalJobRunner Map Task Executor #0] exec.SelectOperator: Closing Operator: SEL[3]
2024-04-24T04:58:03,081  INFO [LocalJobRunner Map Task Executor #0] exec.SelectOperator: RECORDS_OUT_INTERMEDIATE:0, RECORDS_OUT_OPERATOR_SEL_3:2, 
2024-04-24T04:58:03,081  INFO [LocalJobRunner Map Task Executor #0] exec.ReduceSinkOperator: Closing Operator: RS[5]
2024-04-24T04:58:03,081  INFO [LocalJobRunner Map Task Executor #0] exec.ReduceSinkOperator: RS[5]: Total records written - 2. abort - false
2024-04-24T04:58:03,081  INFO [LocalJobRunner Map Task Executor #0] exec.ReduceSinkOperator: RECORDS_OUT_OPERATOR_RS_5:2, RECORDS_OUT_INTERMEDIATE:2, 
2024-04-24T04:58:03,081  INFO [LocalJobRunner Map Task Executor #0] mapred.LocalJobRunner: 
2024-04-24T04:58:03,081  INFO [LocalJobRunner Map Task Executor #0] mapred.MapTask: Starting flush of map output
2024-04-24T04:58:03,081  INFO [LocalJobRunner Map Task Executor #0] mapred.MapTask: Spilling map output
2024-04-24T04:58:03,081  INFO [LocalJobRunner Map Task Executor #0] mapred.MapTask: bufstart = 0; bufend = 34; bufvoid = 104857600
2024-04-24T04:58:03,082  INFO [LocalJobRunner Map Task Executor #0] mapred.MapTask: kvstart = 26214396(104857584); kvend = 26214392(104857568); length = 5/6553600
2024-04-24T04:58:03,093  INFO [LocalJobRunner Map Task Executor #0] mapred.MapTask: Finished spill 0
2024-04-24T04:58:03,096  INFO [LocalJobRunner Map Task Executor #0] mapred.Task: Task:attempt_local1217458185_0011_m_000000_0 is done. And is in the process of committing
2024-04-24T04:58:03,097  INFO [LocalJobRunner Map Task Executor #0] mapred.LocalJobRunner: map
2024-04-24T04:58:03,097  INFO [LocalJobRunner Map Task Executor #0] mapred.Task: Task 'attempt_local1217458185_0011_m_000000_0' done.
2024-04-24T04:58:03,097  INFO [LocalJobRunner Map Task Executor #0] mapred.Task: Final Counters for attempt_local1217458185_0011_m_000000_0: Counters: 26
	File System Counters
		FILE: Number of bytes read=172583
		FILE: Number of bytes written=13245588
		FILE: Number of read operations=0
		FILE: Number of large read operations=0
		FILE: Number of write operations=0
	Map-Reduce Framework
		Map input records=4
		Map output records=2
		Map output bytes=34
		Map output materialized bytes=44
		Input split bytes=361
		Combine input records=0
		Spilled Records=2
		Failed Shuffles=0
		Merged Map outputs=0
		GC time elapsed (ms)=0
		Total committed heap usage (bytes)=1098383360
	HIVE
		DESERIALIZE_ERRORS=0
		RECORDS_IN=3
		RECORDS_OUT_INTERMEDIATE=2
		RECORDS_OUT_OPERATOR_MAP_0=0
		RECORDS_OUT_OPERATOR_RS_5=2
		RECORDS_OUT_OPERATOR_SEL_1=1
		RECORDS_OUT_OPERATOR_SEL_3=2
		RECORDS_OUT_OPERATOR_TS_0=1
		RECORDS_OUT_OPERATOR_UDTF_2=2
	File Input Format Counters 
		Bytes Read=5466
2024-04-24T04:58:03,097  INFO [LocalJobRunner Map Task Executor #0] mapred.LocalJobRunner: Finishing task: attempt_local1217458185_0011_m_000000_0
2024-04-24T04:58:03,097  INFO [Thread-676] mapred.LocalJobRunner: map task executor complete.
2024-04-24T04:58:03,098  INFO [Thread-676] mapred.LocalJobRunner: Waiting for reduce tasks
2024-04-24T04:58:03,098  INFO [pool-62-thread-1] mapred.LocalJobRunner: Starting task: attempt_local1217458185_0011_r_000000_0
2024-04-24T04:58:03,099  INFO [pool-62-thread-1] mapred.Task:  Using ResourceCalculatorProcessTree : [ ]
2024-04-24T04:58:03,099  INFO [pool-62-thread-1] mapred.ReduceTask: Using ShuffleConsumerPlugin: org.apache.hadoop.mapreduce.task.reduce.Shuffle@504f9c19
2024-04-24T04:58:03,099  WARN [pool-62-thread-1] impl.MetricsSystemImpl: JobTracker metrics system already initialized!
2024-04-24T04:58:03,100  INFO [pool-62-thread-1] reduce.MergeManagerImpl: MergerManager: memoryLimit=1336252800, maxSingleShuffleLimit=334063200, mergeThreshold=881926912, ioSortFactor=10, memToMemMergeOutputsThreshold=10
2024-04-24T04:58:03,100  INFO [EventFetcher for fetching Map Completion Events] reduce.EventFetcher: attempt_local1217458185_0011_r_000000_0 Thread started: EventFetcher for fetching Map Completion Events
2024-04-24T04:58:03,101  INFO [localfetcher#8] reduce.LocalFetcher: localfetcher#8 about to shuffle output of map attempt_local1217458185_0011_m_000000_0 decomp: 40 len: 44 to MEMORY
2024-04-24T04:58:03,102  INFO [localfetcher#8] reduce.InMemoryMapOutput: Read 40 bytes from map-output for attempt_local1217458185_0011_m_000000_0
2024-04-24T04:58:03,102  INFO [localfetcher#8] reduce.MergeManagerImpl: closeInMemoryFile -> map-output of size: 40, inMemoryMapOutputs.size() -> 1, commitMemory -> 0, usedMemory ->40
2024-04-24T04:58:03,102  INFO [EventFetcher for fetching Map Completion Events] reduce.EventFetcher: EventFetcher is interrupted.. Returning
2024-04-24T04:58:03,103  INFO [pool-62-thread-1] mapred.LocalJobRunner: 1 / 1 copied.
2024-04-24T04:58:03,103  INFO [pool-62-thread-1] reduce.MergeManagerImpl: finalMerge called with 1 in-memory map-outputs and 0 on-disk map-outputs
2024-04-24T04:58:03,109  INFO [pool-62-thread-1] mapred.Merger: Merging 1 sorted segments
2024-04-24T04:58:03,109  INFO [pool-62-thread-1] mapred.Merger: Down to the last merge-pass, with 1 segments left of total size: 28 bytes
2024-04-24T04:58:03,111  INFO [pool-62-thread-1] reduce.MergeManagerImpl: Merged 1 segments, 40 bytes to disk to satisfy reduce memory limit
2024-04-24T04:58:03,112  INFO [pool-62-thread-1] reduce.MergeManagerImpl: Merging 1 files, 44 bytes from disk
2024-04-24T04:58:03,112  INFO [pool-62-thread-1] reduce.MergeManagerImpl: Merging 0 segments, 0 bytes from memory into reduce
2024-04-24T04:58:03,112  INFO [pool-62-thread-1] mapred.Merger: Merging 1 sorted segments
2024-04-24T04:58:03,112  INFO [pool-62-thread-1] mapred.Merger: Down to the last merge-pass, with 1 segments left of total size: 28 bytes
2024-04-24T04:58:03,112  INFO [pool-62-thread-1] mapred.LocalJobRunner: 1 / 1 copied.
2024-04-24T04:58:03,112  INFO [pool-62-thread-1] exec.SerializationUtilities: Deserializing ReduceWork using kryo
2024-04-24T04:58:03,113  INFO [pool-62-thread-1] exec.Utilities: Deserialized plan (via FILE) - name: null size: 6,46KB
2024-04-24T04:58:03,114  INFO [pool-62-thread-1] ExecReducer: 
<SEL>Id =6
  <Children>
    <FS>Id =4
      <Children>
      <\Children>
      <Parent>Id = 6 null<\Parent>
    <\FS>
  <\Children>
  <Parent><\Parent>
<\SEL>
2024-04-24T04:58:03,114  INFO [pool-62-thread-1] exec.SelectOperator: Initializing Operator: SEL[6]
2024-04-24T04:58:03,114  INFO [pool-62-thread-1] exec.SelectOperator: SELECT struct<key:struct<_col2:int>,value:struct<_col0:int,_col1:int>>
2024-04-24T04:58:03,114  INFO [pool-62-thread-1] exec.FileSinkOperator: Initializing Operator: FS[4]
2024-04-24T04:58:03,114  INFO [pool-62-thread-1] exec.FileSinkOperator: Using serializer : AbstractSerDe [log=org.apache.logging.slf4j.Log4jLogger@7620dc3c, configuration=Optional[Configuration: core-default.xml, core-site.xml, mapred-default.xml, mapred-site.xml, yarn-default.xml, yarn-site.xml, hdfs-default.xml, hdfs-site.xml, file:/home/alex/Repositories/hive/ql/target/tmp/TestTxnNoBucketsVectorized/mapred/local/localRunner/alex/job_local1217458185_0011/job_local1217458185_0011.xml], properties={name=default.tmp, columns.types=int:int, serialization.format=1, columns=c1,c2, columns.comments=&amp#0;, partition_columns.types=int, partition_columns=c3, bucketing_version=2, serialization.lib=org.apache.hadoop.hive.ql.io.orc.OrcSerde, file.inputformat=org.apache.hadoop.hive.ql.io.orc.OrcInputFormat, file.outputformat=org.apache.hadoop.hive.ql.io.orc.OrcOutputFormat, location=file:/home/alex/Repositories/hive/ql/target/tmp/org.apache.hadoop.hive.ql.TestTxnNoBuckets-1713959849960/warehouse/tmp, column.name.delimiter=,}, tableProperties={name=default.tmp, columns.types=int:int, serialization.format=1, columns=c1,c2, columns.comments=&amp#0;, partition_columns.types=int, partition_columns=c3, bucketing_version=2, serialization.lib=org.apache.hadoop.hive.ql.io.orc.OrcSerde, file.inputformat=org.apache.hadoop.hive.ql.io.orc.OrcInputFormat, location=file:/home/alex/Repositories/hive/ql/target/tmp/org.apache.hadoop.hive.ql.TestTxnNoBuckets-1713959849960/warehouse/tmp, file.outputformat=org.apache.hadoop.hive.ql.io.orc.OrcOutputFormat, column.name.delimiter=,}, partitionProperties=Optional.empty, columnNames=[c1, c2], columnTypes=[int, int], getClass()=class org.apache.hadoop.hive.ql.io.orc.OrcSerde] and formatter : org.apache.hadoop.hive.ql.io.orc.OrcOutputFormat@500dc317
2024-04-24T04:58:03,116  INFO [pool-62-thread-1] exec.FileSinkOperator: Final Path: FS file:/home/alex/Repositories/hive/ql/target/tmp/org.apache.hadoop.hive.ql.TestTxnNoBuckets-1713959849960/warehouse/tmp/.hive-staging_hive_2024-04-24_04-58-02_536_3453261143291805638-1/_tmp.-ext-10000/c3=5/000000_0
2024-04-24T04:58:03,116  INFO [pool-62-thread-1] exec.FileSinkOperator: Writing to temp file: FS file:/home/alex/Repositories/hive/ql/target/tmp/org.apache.hadoop.hive.ql.TestTxnNoBuckets-1713959849960/warehouse/tmp/.hive-staging_hive_2024-04-24_04-58-02_536_3453261143291805638-1/_task_tmp.-ext-10000/c3=5/_tmp.000000_0
2024-04-24T04:58:03,116  INFO [pool-62-thread-1] exec.FileSinkOperator: New Final Path: FS file:/home/alex/Repositories/hive/ql/target/tmp/org.apache.hadoop.hive.ql.TestTxnNoBuckets-1713959849960/warehouse/tmp/.hive-staging_hive_2024-04-24_04-58-02_536_3453261143291805638-1/_tmp.-ext-10000/c3=5/000000_0
2024-04-24T04:58:03,121  INFO [pool-62-thread-1] exec.FileSinkOperator: FS[4]: records written - 1
2024-04-24T04:58:03,121  INFO [pool-62-thread-1] impl.PhysicalFsWriter: ORC writer created for path: file:/home/alex/Repositories/hive/ql/target/tmp/org.apache.hadoop.hive.ql.TestTxnNoBuckets-1713959849960/warehouse/tmp/.hive-staging_hive_2024-04-24_04-58-02_536_3453261143291805638-1/_task_tmp.-ext-10000/c3=5/_tmp.000000_0 with stripeSize: 67108864 blockSize: 268435456 compression: Compress: ZLIB buffer: 262144
2024-04-24T04:58:03,126  INFO [pool-62-thread-1] impl.WriterImpl: ORC writer created for path: file:/home/alex/Repositories/hive/ql/target/tmp/org.apache.hadoop.hive.ql.TestTxnNoBuckets-1713959849960/warehouse/tmp/.hive-staging_hive_2024-04-24_04-58-02_536_3453261143291805638-1/_task_tmp.-ext-10000/c3=5/_tmp.000000_0 with stripeSize: 67108864 options: Compress: ZLIB buffer: 262144
2024-04-24T04:58:03,128  INFO [pool-62-thread-1] exec.FileSinkOperator: Final Path: FS file:/home/alex/Repositories/hive/ql/target/tmp/org.apache.hadoop.hive.ql.TestTxnNoBuckets-1713959849960/warehouse/tmp/.hive-staging_hive_2024-04-24_04-58-02_536_3453261143291805638-1/_tmp.-ext-10000/c3=6/000000_0
2024-04-24T04:58:03,128  INFO [pool-62-thread-1] exec.FileSinkOperator: Writing to temp file: FS file:/home/alex/Repositories/hive/ql/target/tmp/org.apache.hadoop.hive.ql.TestTxnNoBuckets-1713959849960/warehouse/tmp/.hive-staging_hive_2024-04-24_04-58-02_536_3453261143291805638-1/_task_tmp.-ext-10000/c3=6/_tmp.000000_0
2024-04-24T04:58:03,128  INFO [pool-62-thread-1] exec.FileSinkOperator: New Final Path: FS file:/home/alex/Repositories/hive/ql/target/tmp/org.apache.hadoop.hive.ql.TestTxnNoBuckets-1713959849960/warehouse/tmp/.hive-staging_hive_2024-04-24_04-58-02_536_3453261143291805638-1/_tmp.-ext-10000/c3=6/000000_0
2024-04-24T04:58:03,131  INFO [pool-62-thread-1] impl.PhysicalFsWriter: ORC writer created for path: file:/home/alex/Repositories/hive/ql/target/tmp/org.apache.hadoop.hive.ql.TestTxnNoBuckets-1713959849960/warehouse/tmp/.hive-staging_hive_2024-04-24_04-58-02_536_3453261143291805638-1/_task_tmp.-ext-10000/c3=6/_tmp.000000_0 with stripeSize: 67108864 blockSize: 268435456 compression: Compress: ZLIB buffer: 262144
2024-04-24T04:58:03,136  INFO [pool-62-thread-1] impl.WriterImpl: ORC writer created for path: file:/home/alex/Repositories/hive/ql/target/tmp/org.apache.hadoop.hive.ql.TestTxnNoBuckets-1713959849960/warehouse/tmp/.hive-staging_hive_2024-04-24_04-58-02_536_3453261143291805638-1/_task_tmp.-ext-10000/c3=6/_tmp.000000_0 with stripeSize: 67108864 options: Compress: ZLIB buffer: 262144
2024-04-24T04:58:03,137  INFO [pool-62-thread-1] exec.SelectOperator: Closing Operator: SEL[6]
2024-04-24T04:58:03,137  INFO [pool-62-thread-1] exec.SelectOperator: RECORDS_OUT_OPERATOR_SEL_6:2, RECORDS_OUT_INTERMEDIATE:0, 
2024-04-24T04:58:03,137  INFO [pool-62-thread-1] exec.FileSinkOperator: Closing Operator: FS[4]
2024-04-24T04:58:03,137  INFO [pool-62-thread-1] exec.FileSinkOperator: FS[4]: records written - 2
2024-04-24T04:58:03,138  INFO [pool-62-thread-1] common.FileUtils: Creating directory if it doesn't exist: file:/home/alex/Repositories/hive/ql/target/tmp/org.apache.hadoop.hive.ql.TestTxnNoBuckets-1713959849960/warehouse/tmp/.hive-staging_hive_2024-04-24_04-58-02_536_3453261143291805638-1/_tmp.-ext-10000/c3=6
2024-04-24T04:58:03,141  INFO [pool-62-thread-1] common.FileUtils: Creating directory if it doesn't exist: file:/home/alex/Repositories/hive/ql/target/tmp/org.apache.hadoop.hive.ql.TestTxnNoBuckets-1713959849960/warehouse/tmp/.hive-staging_hive_2024-04-24_04-58-02_536_3453261143291805638-1/_tmp.-ext-10000/c3=5
2024-04-24T04:58:03,149  INFO [pool-62-thread-1] exec.FileSinkOperator: TOTAL_TABLE_ROWS_WRITTEN:2, RECORDS_OUT_INTERMEDIATE:0, RECORDS_OUT_1_default.tmp:2, RECORDS_OUT_OPERATOR_FS_4:2, 
2024-04-24T04:58:03,150  INFO [pool-62-thread-1] mapred.Task: Task:attempt_local1217458185_0011_r_000000_0 is done. And is in the process of committing
2024-04-24T04:58:03,150  INFO [pool-62-thread-1] mapred.LocalJobRunner: reduce > reduce
2024-04-24T04:58:03,150  INFO [pool-62-thread-1] mapred.Task: Task 'attempt_local1217458185_0011_r_000000_0' done.
2024-04-24T04:58:03,150  INFO [pool-62-thread-1] mapred.Task: Final Counters for attempt_local1217458185_0011_r_000000_0: Counters: 31
	File System Counters
		FILE: Number of bytes read=179226
		FILE: Number of bytes written=13246259
		FILE: Number of read operations=0
		FILE: Number of large read operations=0
		FILE: Number of write operations=0
	Map-Reduce Framework
		Combine input records=0
		Combine output records=0
		Reduce input groups=2
		Reduce shuffle bytes=44
		Reduce input records=2
		Reduce output records=0
		Spilled Records=2
		Shuffled Maps =1
		Failed Shuffles=0
		Merged Map outputs=1
		GC time elapsed (ms)=0
		Total committed heap usage (bytes)=1098383360
	HIVE
		CREATED_DYNAMIC_PARTITIONS=2
		CREATED_FILES=2
		RECORDS_OUT_1_default.tmp=2
		RECORDS_OUT_INTERMEDIATE=0
		RECORDS_OUT_OPERATOR_FS_4=2
		RECORDS_OUT_OPERATOR_SEL_6=2
		TOTAL_TABLE_ROWS_WRITTEN=2
	Shuffle Errors
		BAD_ID=0
		CONNECTION=0
		IO_ERROR=0
		WRONG_LENGTH=0
		WRONG_MAP=0
		WRONG_REDUCE=0
	File Output Format Counters 
		Bytes Written=0
2024-04-24T04:58:03,150  INFO [pool-62-thread-1] mapred.LocalJobRunner: Finishing task: attempt_local1217458185_0011_r_000000_0
2024-04-24T04:58:03,150  INFO [Thread-676] mapred.LocalJobRunner: reduce task executor complete.
2024-04-24 04:58:04,072 Stage-1 map = 100%,  reduce = 100%
2024-04-24T04:58:04,072  INFO [main] exec.Task: 2024-04-24 04:58:04,072 Stage-1 map = 100%,  reduce = 100%
Ended Job = job_local1217458185_0011
2024-04-24T04:58:04,075  INFO [main] exec.Task: Ended Job = job_local1217458185_0011
2024-04-24T04:58:04,079  INFO [main] ql.Driver: Starting task [Stage-0:MOVE] in serial mode
Loading data to table default.tmp partition (c3=null)
2024-04-24T04:58:04,079  INFO [main] exec.Task: Loading data to table default.tmp partition (c3=null) from file:/home/alex/Repositories/hive/ql/target/tmp/org.apache.hadoop.hive.ql.TestTxnNoBuckets-1713959849960/warehouse/tmp/.hive-staging_hive_2024-04-24_04-58-02_536_3453261143291805638-1/-ext-10000
2024-04-24T04:58:04,079  INFO [main] HiveMetaStore.audit: ugi=alex	ip=unknown-ip-addr	cmd=get_table : tbl=hive.default.tmp	
2024-04-24T04:58:04,089  INFO [main] metastore.HMSHandler: Skipping translation for processor with null
2024-04-24T04:58:04,090  INFO [main] exec.MoveTask: Partition is: {c3=null}


2024-04-24T04:58:04,091  INFO [main] exec.Task: 

2024-04-24T04:58:04,091  INFO [main] HiveMetaStore.audit: ugi=alex	ip=unknown-ip-addr	cmd=get_table : tbl=hive.default.tmp	
2024-04-24T04:58:04,101  INFO [main] metastore.HMSHandler: Skipping translation for processor with null
2024-04-24T04:58:04,101  INFO [main] HiveMetaStore.audit: ugi=alex	ip=unknown-ip-addr	cmd=get_table : tbl=hive.default.tmp	
2024-04-24T04:58:04,111  INFO [main] metastore.HMSHandler: Skipping translation for processor with null
2024-04-24T04:58:04,111  INFO [main] HiveMetaStore.audit: ugi=alex	ip=unknown-ip-addr	cmd=get_table : tbl=hive.default.tmp	
2024-04-24T04:58:04,122  INFO [main] metastore.HMSHandler: Skipping translation for processor with null
2024-04-24T04:58:04,122  INFO [main] HiveMetaStore.audit: ugi=alex	ip=unknown-ip-addr	cmd=get_partitions_names_ps : tbl=hive.default.tmp[]	
2024-04-24T04:58:04,136  INFO [main] HiveMetaStore.audit: ugi=alex	ip=unknown-ip-addr	cmd=get_table : tbl=hive.default.tmp	
2024-04-24T04:58:04,146  INFO [main] metastore.HMSHandler: Skipping translation for processor with null
2024-04-24T04:58:04,146  INFO [main] HiveMetaStore.audit: ugi=alex	ip=unknown-ip-addr	cmd=get_partitions_by_names : tbl=hive.default.tmp	
2024-04-24T04:58:04,180  INFO [main] metastore.HMSHandler: Skipping translation for processor with null
2024-04-24T04:58:04,185  INFO [load-dynamic-partitionsToAdd-0] metadata.Hive: New loading path = file:/home/alex/Repositories/hive/ql/target/tmp/org.apache.hadoop.hive.ql.TestTxnNoBuckets-1713959849960/warehouse/tmp/.hive-staging_hive_2024-04-24_04-58-02_536_3453261143291805638-1/-ext-10000/c3=6 withPartSpec {c3=6}
2024-04-24T04:58:04,185  INFO [load-dynamic-partitionsToAdd-1] metadata.Hive: New loading path = file:/home/alex/Repositories/hive/ql/target/tmp/org.apache.hadoop.hive.ql.TestTxnNoBuckets-1713959849960/warehouse/tmp/.hive-staging_hive_2024-04-24_04-58-02_536_3453261143291805638-1/-ext-10000/c3=5 withPartSpec {c3=5}
2024-04-24T04:58:04,186  INFO [load-dynamic-partitionsToAdd-1] metastore.HiveMetaStoreClient: HMS client filtering is enabled.
2024-04-24T04:58:04,187  INFO [load-dynamic-partitionsToAdd-0] metastore.HiveMetaStoreClient: HMS client filtering is enabled.
2024-04-24T04:58:04,188  INFO [load-dynamic-partitionsToAdd-0] metastore.HMSHandler: 9: Opening raw store with implementation class:org.apache.hadoop.hive.metastore.ObjectStore
2024-04-24T04:58:04,188  INFO [load-dynamic-partitionsToAdd-1] metastore.HMSHandler: 8: Opening raw store with implementation class:org.apache.hadoop.hive.metastore.ObjectStore
2024-04-24T04:58:04,188  INFO [load-dynamic-partitionsToAdd-0] metastore.PersistenceManagerProvider: Configuration datanucleus.autoStartMechanismMode is not set. Defaulting to 'ignored'
2024-04-24T04:58:04,188  INFO [load-dynamic-partitionsToAdd-1] metastore.PersistenceManagerProvider: Configuration datanucleus.autoStartMechanismMode is not set. Defaulting to 'ignored'
2024-04-24T04:58:04,189  INFO [load-dynamic-partitionsToAdd-0] metastore.ObjectStore: RawStore: org.apache.hadoop.hive.metastore.ObjectStore@1feb4c1e, with PersistenceManager: null will be shutdown
2024-04-24T04:58:04,189  INFO [load-dynamic-partitionsToAdd-1] metastore.ObjectStore: RawStore: org.apache.hadoop.hive.metastore.ObjectStore@732f9762, with PersistenceManager: null will be shutdown
2024-04-24T04:58:04,189  INFO [load-dynamic-partitionsToAdd-0] metastore.ObjectStore: RawStore: org.apache.hadoop.hive.metastore.ObjectStore@1feb4c1e, with PersistenceManager: org.datanucleus.api.jdo.JDOPersistenceManager@2e3e57a3 created in the thread with id: 824
2024-04-24T04:58:04,189  INFO [load-dynamic-partitionsToAdd-1] metastore.ObjectStore: RawStore: org.apache.hadoop.hive.metastore.ObjectStore@732f9762, with PersistenceManager: org.datanucleus.api.jdo.JDOPersistenceManager@4216a4dd created in the thread with id: 825
2024-04-24T04:58:04,216  INFO [load-dynamic-partitionsToAdd-0] metastore.HMSHandler: Created RawStore: org.apache.hadoop.hive.metastore.ObjectStore@1feb4c1e from thread id: 824
2024-04-24T04:58:04,216  INFO [load-dynamic-partitionsToAdd-1] metastore.HMSHandler: Created RawStore: org.apache.hadoop.hive.metastore.ObjectStore@732f9762 from thread id: 825
2024-04-24T04:58:04,216  INFO [load-dynamic-partitionsToAdd-0] metastore.HMSHandler: HMS server filtering is disabled by configuration
2024-04-24T04:58:04,216  INFO [load-dynamic-partitionsToAdd-1] metastore.HMSHandler: HMS server filtering is disabled by configuration
2024-04-24T04:58:04,217  INFO [load-dynamic-partitionsToAdd-0] metastore.RetryingMetaStoreClient: RetryingMetaStoreClient proxy=class org.apache.hadoop.hive.ql.metadata.SessionHiveMetaStoreClient ugi=alex (auth:SIMPLE) retries=1 delay=1 lifetime=0
2024-04-24T04:58:04,217  INFO [load-dynamic-partitionsToAdd-1] metastore.RetryingMetaStoreClient: RetryingMetaStoreClient proxy=class org.apache.hadoop.hive.ql.metadata.SessionHiveMetaStoreClient ugi=alex (auth:SIMPLE) retries=1 delay=1 lifetime=0
2024-04-24T04:58:04,217  INFO [load-dynamic-partitionsToAdd-0] HiveMetaStore.audit: ugi=alex	ip=unknown-ip-addr	cmd=get_database: default	
2024-04-24T04:58:04,217  INFO [load-dynamic-partitionsToAdd-1] HiveMetaStore.audit: ugi=alex	ip=unknown-ip-addr	cmd=get_database: default	
2024-04-24T04:58:04,219  INFO [load-dynamic-partitionsToAdd-1] common.FileUtils: Creating directory if it doesn't exist: file:/home/alex/Repositories/hive/ql/target/tmp/org.apache.hadoop.hive.ql.TestTxnNoBuckets-1713959849960/warehouse/tmp/c3=5
2024-04-24T04:58:04,219  INFO [load-dynamic-partitionsToAdd-0] common.FileUtils: Creating directory if it doesn't exist: file:/home/alex/Repositories/hive/ql/target/tmp/org.apache.hadoop.hive.ql.TestTxnNoBuckets-1713959849960/warehouse/tmp/c3=6
2024-04-24T04:58:04,222  INFO [load-dynamic-partitionsToAdd-1] HiveMetaStore.audit: ugi=alex	ip=unknown-ip-addr	cmd=Cleaning up thread local RawStore...	
2024-04-24T04:58:04,222  INFO [load-dynamic-partitionsToAdd-1] metastore.ObjectStore: RawStore: org.apache.hadoop.hive.metastore.ObjectStore@732f9762, with PersistenceManager: org.datanucleus.api.jdo.JDOPersistenceManager@4216a4dd will be shutdown
2024-04-24T04:58:04,223  INFO [load-dynamic-partitionsToAdd-1] HiveMetaStore.audit: ugi=alex	ip=unknown-ip-addr	cmd=Done cleaning up thread local RawStore	
2024-04-24T04:58:04,223  INFO [load-dynamic-partitionsToAdd-1] metastore.HiveMetaStoreClient: Closed a connection to metastore, current connections: -6
2024-04-24T04:58:04,223  INFO [load-dynamic-partitionsToAdd-0] HiveMetaStore.audit: ugi=alex	ip=unknown-ip-addr	cmd=Cleaning up thread local RawStore...	
2024-04-24T04:58:04,223  INFO [load-dynamic-partitionsToAdd-0] metastore.ObjectStore: RawStore: org.apache.hadoop.hive.metastore.ObjectStore@1feb4c1e, with PersistenceManager: org.datanucleus.api.jdo.JDOPersistenceManager@2e3e57a3 will be shutdown
2024-04-24T04:58:04,223  INFO [load-dynamic-partitionsToAdd-0] HiveMetaStore.audit: ugi=alex	ip=unknown-ip-addr	cmd=Done cleaning up thread local RawStore	
2024-04-24T04:58:04,223  INFO [load-dynamic-partitionsToAdd-0] metastore.HiveMetaStoreClient: Closed a connection to metastore, current connections: -7
2024-04-24T04:58:04,223  INFO [main] metadata.Hive: Number of partitionsToAdd to be added is 2
2024-04-24T04:58:04,223  INFO [main] HiveMetaStore.audit: ugi=alex	ip=unknown-ip-addr	cmd=add_partitions	
2024-04-24T04:58:04,268  INFO [main] metadata.Hive: Loaded 2partitionsToAdd
	 Time taken to load dynamic partitions: 0.177 seconds
2024-04-24T04:58:04,268  INFO [main] exec.Task: 	 Time taken to load dynamic partitions: 0.177 seconds
2024-04-24T04:58:04,269  INFO [main] exec.MoveTask: 	 Time taken to load dynamic partitions: 0.177 seconds
2024-04-24T04:58:04,269  INFO [main] exec.MoveTask: Loading partition {c3=6}
2024-04-24T04:58:04,269  INFO [main] exec.MoveTask: Loading partition {c3=5}
	 Time taken for adding to write entity : 0.0 seconds
2024-04-24T04:58:04,269  INFO [main] exec.Task: 	 Time taken for adding to write entity : 0.0 seconds
2024-04-24T04:58:04,269  INFO [main] ql.Driver: Starting task [Stage-2:STATS] in serial mode
2024-04-24T04:58:04,269  INFO [main] HiveMetaStore.audit: ugi=alex	ip=unknown-ip-addr	cmd=get_table : tbl=hive.default.tmp	
2024-04-24T04:58:04,280  INFO [main] metastore.HMSHandler: Skipping translation for processor with null
2024-04-24T04:58:04,280  INFO [main] stats.BasicStatsTask: Executing stats task
2024-04-24T04:58:04,280  INFO [main] fs.FSStatsPublisher: created : file:/home/alex/Repositories/hive/ql/target/tmp/localscratchdir/58c22cca-0704-4611-b509-aa39277260ab/hive_2024-04-24_04-58-02_536_3453261143291805638-1/-mr-10001
2024-04-24T04:58:04,281  INFO [main] HiveMetaStore.audit: ugi=alex	ip=unknown-ip-addr	cmd=get_table : tbl=hive.default.tmp	
2024-04-24T04:58:04,292  INFO [main] metastore.HMSHandler: Skipping translation for processor with null
2024-04-24T04:58:04,294  INFO [main] FileOperations: Read stats for default.tmp/c3=6/, numRows, true, 1, false: 
2024-04-24T04:58:04,294  INFO [main] FileOperations: Read stats for default.tmp/c3=6/, rawDataSize, true, 8, false: 
2024-04-24T04:58:04,294  INFO [main] stats.BasicStatsTask: Partition {c3=6} stats: [numFiles=1, numRows=1, totalSize=242, rawDataSize=8, numFilesErasureCoded=0]
2024-04-24T04:58:04,294  INFO [main] FileOperations: Read stats for default.tmp/c3=5/, numRows, true, 1, false: 
2024-04-24T04:58:04,294  INFO [main] FileOperations: Read stats for default.tmp/c3=5/, rawDataSize, true, 8, false: 
2024-04-24T04:58:04,294  INFO [main] stats.BasicStatsTask: Partition {c3=5} stats: [numFiles=1, numRows=1, totalSize=242, rawDataSize=8, numFilesErasureCoded=0]
2024-04-24T04:58:04,294  INFO [main] HiveMetaStore.audit: ugi=alex	ip=unknown-ip-addr	cmd=alter_partitions : tbl=hive.default.tmp	
2024-04-24T04:58:04,294  INFO [main] metastore.HMSHandler: New partition values:[6]
2024-04-24T04:58:04,294  INFO [main] metastore.HMSHandler: New partition values:[5]
2024-04-24T04:58:04,372  INFO [main] metadata.Hive: Dumping metastore api call timing information for : execution phase
2024-04-24T04:58:04,372  INFO [main] metadata.Hive: Total time spent in each metastore function (ms): {getPartitionsByNames_(String, String, List, boolean, String)=48, add_partitions_(List)=45, listPartitionNamesRequest_(GetPartitionNamesPsRequest)=25, getTable_(GetTableRequest)=54, isCompatibleWith_(Configuration)=0, alter_partitions_(String, String, List, EnvironmentContext, String, long)=78}
MapReduce Jobs Launched: 
2024-04-24T04:58:04,372  INFO [main] ql.Driver: MapReduce Jobs Launched: 
Stage-Stage-1:  HDFS Read: 0 HDFS Write: 0 SUCCESS
2024-04-24T04:58:04,372  INFO [main] ql.Driver: Stage-Stage-1:  HDFS Read: 0 HDFS Write: 0 SUCCESS
Total MapReduce CPU Time Spent: 0 msec
2024-04-24T04:58:04,373  INFO [main] ql.Driver: Total MapReduce CPU Time Spent: 0 msec
2024-04-24T04:58:04,373  INFO [main] ql.Driver: Completed executing command(queryId=alex_20240424045802_1b01f784-f8d9-40a6-b570-cfd123dabdf1); Time taken: 1.608 seconds
2024-04-24T04:58:04,373  INFO [main] lockmgr.DbTxnManager: Stopped heartbeat for query: alex_20240424045802_1b01f784-f8d9-40a6-b570-cfd123dabdf1
2024-04-24T04:58:04,377  INFO [main] txn.TxnHandler: Expected to move at least one record from txn_components to completed_txn_components when committing txn! txnid:18
2024-04-24T04:58:04,382  INFO [main] txn.TxnHandler: Removed transactions: ([18]) from MIN_HISTORY_LEVEL
2024-04-24T04:58:04,383  WARN [main] txn.CompactionTxnHandler: No compaction queue record found for Compaction type transaction commit. txnId:18
2024-04-24T04:58:04,383  INFO [main] ql.TxnCommandsBaseForTests: Running the query: drop table if exists nobuckets
2024-04-24T04:58:04,384  INFO [main] ql.Context: Deleting scratch dir: file:/home/alex/Repositories/hive/ql/target/tmp/localscratchdir/58c22cca-0704-4611-b509-aa39277260ab/hive_2024-04-24_04-58-02_536_3453261143291805638-1
2024-04-24T04:58:04,384  INFO [main] cleanup.SyncCleanupService: Deleted directory: file:/home/alex/Repositories/hive/ql/target/tmp/localscratchdir/58c22cca-0704-4611-b509-aa39277260ab/hive_2024-04-24_04-58-02_536_3453261143291805638-1 on fs with scheme file
2024-04-24T04:58:04,385  INFO [main] ql.Context: Deleting scratch dir: file:/home/alex/Repositories/hive/ql/target/tmp/org.apache.hadoop.hive.ql.TestTxnNoBuckets-1713959849960/warehouse/tmp/.hive-staging_hive_2024-04-24_04-58-02_536_3453261143291805638-1
2024-04-24T04:58:04,385  INFO [main] cleanup.SyncCleanupService: Deleted directory: file:/home/alex/Repositories/hive/ql/target/tmp/org.apache.hadoop.hive.ql.TestTxnNoBuckets-1713959849960/warehouse/tmp/.hive-staging_hive_2024-04-24_04-58-02_536_3453261143291805638-1 on fs with scheme file
2024-04-24T04:58:04,385  INFO [main] ql.Driver: Compiling command(queryId=alex_20240424045804_a3093f9a-c271-4921-9c2f-5b59a9f26d28): drop table if exists nobuckets
2024-04-24T04:58:04,388  INFO [main] txn.TxnHandler: Added entries to MIN_HISTORY_LEVEL for current txns: ([19]) with min_open_txn: 19
2024-04-24T04:58:04,388  INFO [main] lockmgr.DbTxnManager: Opened txnid:19
2024-04-24T04:58:04,389  INFO [main] HiveMetaStore.audit: ugi=alex	ip=unknown-ip-addr	cmd=get_table : tbl=hive.default.nobuckets	
2024-04-24T04:58:04,392  INFO [main] ql.Driver: Semantic Analysis Completed (retrial = false)
2024-04-24T04:58:04,392  INFO [main] ql.Driver: Created Hive schema: Schema(fieldSchemas:null, properties:null)
2024-04-24T04:58:04,393  INFO [main] metadata.Hive: Dumping metastore api call timing information for : compilation phase
2024-04-24T04:58:04,393  INFO [main] metadata.Hive: Total time spent in each metastore function (ms): {getValidTxns_(long)=1, isCompatibleWith_(Configuration)=1, openTxn_(String, TxnType)=2, commitTxn_(CommitTxnRequest)=10, flushCache_()=0}
2024-04-24T04:58:04,393  INFO [main] ql.Driver: Completed compiling command(queryId=alex_20240424045804_a3093f9a-c271-4921-9c2f-5b59a9f26d28); Time taken: 0.008 seconds
2024-04-24T04:58:04,393  INFO [main] lockmgr.DbTxnManager: Setting lock request transaction to txnid:19 for queryId=alex_20240424045804_a3093f9a-c271-4921-9c2f-5b59a9f26d28
2024-04-24T04:58:04,393  INFO [main] ql.Driver: Operation DROPTABLE obtained 0 locks
2024-04-24T04:58:04,393  INFO [main] ql.Driver: Executing command(queryId=alex_20240424045804_a3093f9a-c271-4921-9c2f-5b59a9f26d28): drop table if exists nobuckets
2024-04-24T04:58:04,393  INFO [main] ql.Driver: Starting task [Stage-0:DDL] in serial mode
2024-04-24T04:58:04,394  INFO [main] HiveMetaStore.audit: ugi=alex	ip=unknown-ip-addr	cmd=get_table : tbl=hive.default.nobuckets	
2024-04-24T04:58:04,397  INFO [main] metadata.Hive: Dumping metastore api call timing information for : execution phase
2024-04-24T04:58:04,397  INFO [main] metadata.Hive: Total time spent in each metastore function (ms): {isCompatibleWith_(Configuration)=0}
2024-04-24T04:58:04,397  INFO [main] ql.Driver: Completed executing command(queryId=alex_20240424045804_a3093f9a-c271-4921-9c2f-5b59a9f26d28); Time taken: 0.004 seconds
2024-04-24T04:58:04,397  INFO [main] lockmgr.DbTxnManager: Stopped heartbeat for query: alex_20240424045804_a3093f9a-c271-4921-9c2f-5b59a9f26d28
2024-04-24T04:58:04,403  INFO [main] txn.TxnHandler: Expected to move at least one record from txn_components to completed_txn_components when committing txn! txnid:19
2024-04-24T04:58:04,409  INFO [main] txn.TxnHandler: Removed transactions: ([19]) from MIN_HISTORY_LEVEL
2024-04-24T04:58:04,410  WARN [main] txn.CompactionTxnHandler: No compaction queue record found for Compaction type transaction commit. txnId:19
2024-04-24T04:58:04,410  INFO [main] ql.TxnCommandsBaseForTests: Running the query: create table nobuckets (c1 integer, c2 integer) partitioned by (c3 integer) stored as orc tblproperties('transactional'='true', 'transactional_properties'='default')
2024-04-24T04:58:04,411  INFO [main] ql.Driver: Compiling command(queryId=alex_20240424045804_b35451ac-1fb8-42eb-ae88-efdd4fa296c2): create table nobuckets (c1 integer, c2 integer) partitioned by (c3 integer) stored as orc tblproperties('transactional'='true', 'transactional_properties'='default')
2024-04-24T04:58:04,414  INFO [main] txn.TxnHandler: Added entries to MIN_HISTORY_LEVEL for current txns: ([20]) with min_open_txn: 19
2024-04-24T04:58:04,414  INFO [main] lockmgr.DbTxnManager: Opened txnid:20
2024-04-24T04:58:04,415  INFO [main] parse.CalcitePlanner: Starting caching scope for: 
2024-04-24T04:58:04,415  INFO [main] parse.CalcitePlanner: Starting Semantic Analysis
2024-04-24T04:58:04,421  INFO [main] parse.CalcitePlanner: Creating table default.nobuckets position=13
2024-04-24T04:58:04,421  INFO [main] HiveMetaStore.audit: ugi=alex	ip=unknown-ip-addr	cmd=get_database: default	
2024-04-24T04:58:04,423  INFO [main] parse.CalcitePlanner: Ending caching scope for: 
2024-04-24T04:58:04,423  INFO [main] ql.Driver: Semantic Analysis Completed (retrial = false)
2024-04-24T04:58:04,423  INFO [main] ql.Driver: Created Hive schema: Schema(fieldSchemas:null, properties:null)
2024-04-24T04:58:04,423  INFO [main] metadata.Hive: Dumping metastore api call timing information for : compilation phase
2024-04-24T04:58:04,423  INFO [main] metadata.Hive: Total time spent in each metastore function (ms): {flushCache_()=0, getValidTxns_(long)=1, getDatabase_(String)=2, getValidWriteIds_(List, String)=6, isCompatibleWith_(Configuration)=2, openTxn_(String, TxnType)=2, commitTxn_(CommitTxnRequest)=12}
2024-04-24T04:58:04,423  INFO [main] ql.Driver: Completed compiling command(queryId=alex_20240424045804_b35451ac-1fb8-42eb-ae88-efdd4fa296c2); Time taken: 0.012 seconds
2024-04-24T04:58:04,424  INFO [main] lockmgr.DbTxnManager: Setting lock request transaction to txnid:20 for queryId=alex_20240424045804_b35451ac-1fb8-42eb-ae88-efdd4fa296c2
2024-04-24T04:58:04,424  INFO [main] lockmgr.DbLockManager: Requesting lock for queryId=alex_20240424045804_b35451ac-1fb8-42eb-ae88-efdd4fa296c2
2024-04-24T04:58:04,445  INFO [main] lockmgr.DbLockManager: Response to queryId=alex_20240424045804_b35451ac-1fb8-42eb-ae88-efdd4fa296c2 LockResponse(lockid:12, state:ACQUIRED)
2024-04-24T04:58:04,445  INFO [main] ql.Driver: Operation CREATETABLE obtained 1 locks
2024-04-24T04:58:04,445  INFO [main] ql.Driver: Executing command(queryId=alex_20240424045804_b35451ac-1fb8-42eb-ae88-efdd4fa296c2): create table nobuckets (c1 integer, c2 integer) partitioned by (c3 integer) stored as orc tblproperties('transactional'='true', 'transactional_properties'='default')
2024-04-24T04:58:04,446  INFO [main] ql.Driver: Starting task [Stage-0:DDL] in serial mode
2024-04-24T04:58:04,447  INFO [main] HiveMetaStore.audit: ugi=alex	ip=unknown-ip-addr	cmd=create_table_req: Table(tableName:nobuckets, dbName:default, owner:alex, createTime:1713959884, lastAccessTime:0, retention:0, sd:StorageDescriptor(cols:[FieldSchema(name:c1, type:int, comment:null), FieldSchema(name:c2, type:int, comment:null)], location:null, inputFormat:org.apache.hadoop.hive.ql.io.orc.OrcInputFormat, outputFormat:org.apache.hadoop.hive.ql.io.orc.OrcOutputFormat, compressed:false, numBuckets:-1, serdeInfo:SerDeInfo(name:null, serializationLib:org.apache.hadoop.hive.ql.io.orc.OrcSerde, parameters:{serialization.format=1}), bucketCols:[], sortCols:[], parameters:{}, skewedInfo:SkewedInfo(skewedColNames:[], skewedColValues:[], skewedColValueLocationMaps:{}), storedAsSubDirectories:false), partitionKeys:[FieldSchema(name:c3, type:int, comment:null)], parameters:{transactional=true, transactional_properties=default, bucketing_version=2}, viewOriginalText:null, viewExpandedText:null, tableType:MANAGED_TABLE, privileges:PrincipalPrivilegeSet(userPrivileges:{alex=[PrivilegeGrantInfo(privilege:INSERT, createTime:-1, grantor:alex, grantorType:USER, grantOption:true), PrivilegeGrantInfo(privilege:SELECT, createTime:-1, grantor:alex, grantorType:USER, grantOption:true), PrivilegeGrantInfo(privilege:UPDATE, createTime:-1, grantor:alex, grantorType:USER, grantOption:true), PrivilegeGrantInfo(privilege:DELETE, createTime:-1, grantor:alex, grantorType:USER, grantOption:true)]}, groupPrivileges:null, rolePrivileges:null), temporary:false, catName:hive, ownerType:USER, writeId:0)	
2024-04-24T04:58:04,453  INFO [main] utils.FileUtils: Creating directory if it doesn't exist: file:/home/alex/Repositories/hive/ql/target/tmp/org.apache.hadoop.hive.ql.TestTxnNoBuckets-1713959849960/warehouse/nobuckets
2024-04-24T04:58:04,485  INFO [main] metadata.Hive: Dumping metastore api call timing information for : execution phase
2024-04-24T04:58:04,485  INFO [main] metadata.Hive: Total time spent in each metastore function (ms): {createTable_(Table)=39, isCompatibleWith_(Configuration)=0}
2024-04-24T04:58:04,485  INFO [main] ql.Driver: Completed executing command(queryId=alex_20240424045804_b35451ac-1fb8-42eb-ae88-efdd4fa296c2); Time taken: 0.04 seconds
2024-04-24T04:58:04,485  INFO [main] lockmgr.DbTxnManager: Stopped heartbeat for query: alex_20240424045804_b35451ac-1fb8-42eb-ae88-efdd4fa296c2
2024-04-24T04:58:04,490  INFO [main] txn.TxnHandler: Expected to move at least one record from txn_components to completed_txn_components when committing txn! txnid:20
2024-04-24T04:58:04,496  INFO [main] txn.TxnHandler: Removed transactions: ([20]) from MIN_HISTORY_LEVEL
2024-04-24T04:58:04,496  WARN [main] txn.CompactionTxnHandler: No compaction queue record found for Compaction type transaction commit. txnId:20
2024-04-24T04:58:04,497  INFO [main] ql.TxnCommandsBaseForTests: Running the query: insert into nobuckets partition(c3) select * from tmp
2024-04-24T04:58:04,497  INFO [main] ql.Driver: Compiling command(queryId=alex_20240424045804_8be3dc66-bca9-4f1a-9918-2cfd95e89cb9): insert into nobuckets partition(c3) select * from tmp
2024-04-24T04:58:04,500  INFO [main] txn.TxnHandler: Added entries to MIN_HISTORY_LEVEL for current txns: ([21]) with min_open_txn: 19
2024-04-24T04:58:04,500  INFO [main] lockmgr.DbTxnManager: Opened txnid:21
2024-04-24T04:58:04,501  INFO [main] parse.CalcitePlanner: Starting caching scope for: 
2024-04-24T04:58:04,501  INFO [main] parse.CalcitePlanner: Starting Semantic Analysis
2024-04-24T04:58:04,504  INFO [main] parse.CalcitePlanner: Completed phase 1 of Semantic Analysis
2024-04-24T04:58:04,504  INFO [main] parse.CalcitePlanner: Get metadata for source tables
2024-04-24T04:58:04,504  INFO [main] HiveMetaStore.audit: ugi=alex	ip=unknown-ip-addr	cmd=get_table : tbl=hive.default.tmp	
2024-04-24T04:58:04,514  INFO [main] metastore.HMSHandler: Skipping translation for processor with null
2024-04-24T04:58:04,514  INFO [main] parse.CalcitePlanner: Get metadata for subqueries
2024-04-24T04:58:04,514  INFO [main] parse.CalcitePlanner: Get metadata for destination tables
2024-04-24T04:58:04,515  INFO [main] HiveMetaStore.audit: ugi=alex	ip=unknown-ip-addr	cmd=get_table : tbl=hive.default.nobuckets	
2024-04-24T04:58:04,522  INFO [main] metastore.HMSHandler: Skipping translation for processor with null
2024-04-24T04:58:04,522  WARN [main] parse.BaseSemanticAnalyzer: Dynamic partitioning is used; only validating 0 columns
2024-04-24T04:58:04,523  INFO [main] parse.CalcitePlanner: Completed getting MetaData in Semantic Analysis
2024-04-24T04:58:04,523  INFO [main] parse.CalcitePlanner: Disabling LLAP IO encode as ETL query is detected
2024-04-24T04:58:04,535  INFO [main] HiveMetaStore.audit: ugi=alex	ip=unknown-ip-addr	cmd=get_all_table_constraints : tbl=hive.default.tmp	
2024-04-24T04:58:04,570  INFO [main] calcite.RelOptHiveTable: Calculating column statistics for default.tmp, projIndxSet: [0, 1, 2], allowMissingStats: true
2024-04-24T04:58:04,570  INFO [main] HiveMetaStore.audit: ugi=alex	ip=unknown-ip-addr	cmd=get_partitions : tbl=hive.default.tmp	
2024-04-24T04:58:04,609  INFO [main] HiveMetaStore.audit: ugi=alex	ip=unknown-ip-addr	cmd=get_aggr_stats_for: table=hive.default.tmp	
2024-04-24T04:58:04,636  WARN [main] calcite.RelOptHiveTable: No Stats for default@tmp, Columns: c1, c2
No Stats for default@tmp, Columns: c1, c2
2024-04-24T04:58:04,636  INFO [main] SessionState: No Stats for default@tmp, Columns: c1, c2
2024-04-24T04:58:04,687  INFO [main] parse.CalcitePlanner: Get metadata for source tables
2024-04-24T04:58:04,687  INFO [main] parse.CalcitePlanner: Get metadata for subqueries
2024-04-24T04:58:04,687  INFO [main] parse.CalcitePlanner: Get metadata for destination tables
2024-04-24T04:58:04,687  INFO [main] HiveMetaStore.audit: ugi=alex	ip=unknown-ip-addr	cmd=get_table : tbl=hive.default.nobuckets	
2024-04-24T04:58:04,696  INFO [main] metastore.HMSHandler: Skipping translation for processor with null
2024-04-24T04:58:04,696  WARN [main] parse.BaseSemanticAnalyzer: Dynamic partitioning is used; only validating 0 columns
2024-04-24T04:58:04,698  INFO [main] HiveMetaStore.audit: ugi=alex	ip=unknown-ip-addr	cmd=get_not_null_constraints : tbl=hive.default.nobuckets	
2024-04-24T04:58:04,699  INFO [main] HiveMetaStore.audit: ugi=alex	ip=unknown-ip-addr	cmd=get_check_constraints : tbl=hive.default.nobuckets	
2024-04-24T04:58:04,709  INFO [main] txn.TxnHandler: Allocated writeId: 1 for txnId: 21
2024-04-24T04:58:04,709  INFO [main] txn.TxnHandler: Allocated write ids for dbName=default, tblName=nobuckets (txnIds: [21])
2024-04-24T04:58:04,712  INFO [main] parse.CalcitePlanner: CBO Succeeded; optimized logical plan.
2024-04-24T04:58:04,715  INFO [main] optimizer.BucketVersionPopulator: not considering bucketingVersion for: TS[0] because it has -1<2 buckets 
2024-04-24T04:58:04,715  INFO [main] optimizer.SortedDynPartitionOptimizer: Sorted dynamic partitioning optimization kicked in..
2024-04-24T04:58:04,715  INFO [main] optimizer.SortedDynPartitionOptimizer: Inserted RS_3 and SEL_4 as parent of FS_2 and child of SEL_1
2024-04-24T04:58:04,726  INFO [main] HiveMetaStore.audit: ugi=alex	ip=unknown-ip-addr	cmd=get_table : tbl=hive.default.nobuckets	
2024-04-24T04:58:04,735  INFO [main] metastore.HMSHandler: Skipping translation for processor with null
2024-04-24T04:58:04,735  INFO [main] physical.Vectorizer: Examining input format to see if vectorization is enabled.
2024-04-24T04:58:04,736  INFO [main] physical.Vectorizer: Vectorization is enabled for input format(s) [org.apache.hadoop.hive.ql.io.orc.OrcInputFormat]
2024-04-24T04:58:04,736  INFO [main] physical.Vectorizer: Validating and vectorizing MapWork... (vectorizedVertexNum 0)
2024-04-24T04:58:04,738  INFO [main] physical.Vectorizer: Map vectorization enabled: true
2024-04-24T04:58:04,738  INFO [main] physical.Vectorizer: Map vectorized: true
2024-04-24T04:58:04,738  INFO [main] physical.Vectorizer: Map vectorizedVertexNum: 0
2024-04-24T04:58:04,738  INFO [main] physical.Vectorizer: Map enabledConditionsMet: [hive.vectorized.use.vectorized.input.format IS true]
2024-04-24T04:58:04,738  INFO [main] physical.Vectorizer: Map inputFileFormatClassNameSet: [org.apache.hadoop.hive.ql.io.orc.OrcInputFormat]
2024-04-24T04:58:04,738  INFO [main] physical.Vectorizer: Reduce vectorization enabled: false
2024-04-24T04:58:04,738  INFO [main] physical.Vectorizer: Reduce vectorized: false
2024-04-24T04:58:04,738  INFO [main] physical.Vectorizer: Reduce vectorizedVertexNum: 1
2024-04-24T04:58:04,738  INFO [main] physical.Vectorizer: Reducer hive.vectorized.execution.reduce.enabled: true
2024-04-24T04:58:04,738  INFO [main] physical.Vectorizer: Reducer engine: mr
2024-04-24T04:58:04,738  INFO [main] parse.CalcitePlanner: Completed plan generation
2024-04-24T04:58:04,738  INFO [main] parse.CalcitePlanner: Ending caching scope for: 
2024-04-24T04:58:04,738  INFO [main] ql.Driver: Semantic Analysis Completed (retrial = false)
2024-04-24T04:58:04,738  INFO [main] ql.Driver: Created Hive schema: Schema(fieldSchemas:[FieldSchema(name:tmp.c1, type:int, comment:null), FieldSchema(name:tmp.c2, type:int, comment:null), FieldSchema(name:tmp.c3, type:int, comment:null)], properties:null)
2024-04-24T04:58:04,738  INFO [main] metadata.Hive: Dumping metastore api call timing information for : compilation phase
2024-04-24T04:58:04,738  INFO [main] metadata.Hive: Total time spent in each metastore function (ms): {getNotNullConstraints_(NotNullConstraintsRequest)=1, getAllTableConstraints_(AllTableConstraintsRequest)=32, listPartitions_(String, String, short)=38, getCheckConstraints_(CheckConstraintsRequest)=1, flushCache_()=0, getValidTxns_(long)=1, getValidWriteIds_(List, String)=3, commitTxn_(CommitTxnRequest)=10, getMetaConf_(String)=0, getTable_(GetTableRequest)=35, isCompatibleWith_(Configuration)=2, getAggrColStatsFor_(String, String, List, List, String, String)=27, openTxn_(String, TxnType)=2, allocateTableWriteId_(long, String, String)=8}
2024-04-24T04:58:04,738  INFO [main] ql.Driver: Completed compiling command(queryId=alex_20240424045804_8be3dc66-bca9-4f1a-9918-2cfd95e89cb9); Time taken: 0.241 seconds
2024-04-24T04:58:04,739  INFO [main] lockmgr.DbTxnManager: Setting lock request transaction to txnid:21 for queryId=alex_20240424045804_8be3dc66-bca9-4f1a-9918-2cfd95e89cb9
2024-04-24T04:58:04,741  INFO [main] lockmgr.DbLockManager: Requesting lock for queryId=alex_20240424045804_8be3dc66-bca9-4f1a-9918-2cfd95e89cb9
2024-04-24T04:58:04,769  INFO [main] lockmgr.DbLockManager: Response to queryId=alex_20240424045804_8be3dc66-bca9-4f1a-9918-2cfd95e89cb9 LockResponse(lockid:13, state:ACQUIRED)
2024-04-24T04:58:04,769  INFO [main] ql.Driver: Operation QUERY obtained 1 locks
2024-04-24T04:58:04,772  INFO [main] ql.Driver: Executing command(queryId=alex_20240424045804_8be3dc66-bca9-4f1a-9918-2cfd95e89cb9): insert into nobuckets partition(c3) select * from tmp
2024-04-24T04:58:04,772  WARN [main] ql.Driver: Hive-on-MR is deprecated in Hive 2 and may not be available in the future versions. Consider using a different execution engine (i.e. spark, tez) or using Hive 1.X releases.
Query ID = alex_20240424045804_8be3dc66-bca9-4f1a-9918-2cfd95e89cb9
2024-04-24T04:58:04,772  INFO [main] ql.Driver: Query ID = alex_20240424045804_8be3dc66-bca9-4f1a-9918-2cfd95e89cb9
Total jobs = 1
2024-04-24T04:58:04,772  INFO [main] ql.Driver: Total jobs = 1
Launching Job 1 out of 1
2024-04-24T04:58:04,772  INFO [main] ql.Driver: Launching Job 1 out of 1
2024-04-24T04:58:04,928  INFO [main] ql.Driver: Starting task [Stage-1:MAPRED] in serial mode
2024-04-24T04:58:04,929  INFO [main] exec.Utilities: Not using thread pool for getContentSummary
2024-04-24T04:58:04,932  INFO [main] exec.Utilities: BytesPerReducer=256000000 maxReducers=1009 totalInputFileSize=1936
Number of reduce tasks not specified. Estimated from input data size: 1
2024-04-24T04:58:04,932  INFO [main] exec.Task: Number of reduce tasks not specified. Estimated from input data size: 1
In order to change the average load for a reducer (in bytes):
2024-04-24T04:58:04,932  INFO [main] exec.Task: In order to change the average load for a reducer (in bytes):
  set hive.exec.reducers.bytes.per.reducer=<number>
2024-04-24T04:58:04,932  INFO [main] exec.Task:   set hive.exec.reducers.bytes.per.reducer=<number>
In order to limit the maximum number of reducers:
2024-04-24T04:58:04,932  INFO [main] exec.Task: In order to limit the maximum number of reducers:
  set hive.exec.reducers.max=<number>
2024-04-24T04:58:04,932  INFO [main] exec.Task:   set hive.exec.reducers.max=<number>
In order to set a constant number of reducers:
2024-04-24T04:58:04,932  INFO [main] exec.Task: In order to set a constant number of reducers:
  set mapreduce.job.reduces=<number>
2024-04-24T04:58:04,932  INFO [main] exec.Task:   set mapreduce.job.reduces=<number>
2024-04-24T04:58:04,934  INFO [main] mr.ExecDriver: Using org.apache.hadoop.hive.ql.io.HiveInputFormat
2024-04-24T04:58:04,934  INFO [main] exec.Utilities: Processing alias tmp
2024-04-24T04:58:04,934  INFO [main] exec.Utilities: Adding 7 inputs; the first input is file:/home/alex/Repositories/hive/ql/target/tmp/org.apache.hadoop.hive.ql.TestTxnNoBuckets-1713959849960/warehouse/tmp/c3=0
2024-04-24T04:58:04,944  INFO [main] exec.SerializationUtilities: Serializing MapWork using kryo
2024-04-24T04:58:04,945  INFO [main] exec.Utilities: Serialized plan (via FILE) - name: null size: 8,20KB
2024-04-24T04:58:04,950  INFO [main] exec.SerializationUtilities: Serializing ReduceWork using kryo
2024-04-24T04:58:04,951  INFO [main] exec.Utilities: Serialized plan (via FILE) - name: null size: 6,77KB
2024-04-24T04:58:04,952  WARN [main] impl.MetricsSystemImpl: JobTracker metrics system already initialized!
2024-04-24T04:58:04,955  INFO [main] fs.FSStatsPublisher: created : file:/home/alex/Repositories/hive/ql/target/tmp/localscratchdir/58c22cca-0704-4611-b509-aa39277260ab/hive_2024-04-24_04-58-04_497_7344611662161226993-1/-mr-10000
2024-04-24T04:58:04,957  WARN [main] impl.MetricsSystemImpl: JobTracker metrics system already initialized!
2024-04-24T04:58:04,964  WARN [main] mapreduce.JobResourceUploader: Hadoop command-line option parsing not performed. Implement the Tool interface and execute your application with ToolRunner to remedy this.
2024-04-24T04:58:04,968  WARN [main] mapreduce.JobResourceUploader: No job jar file set.  User classes may not be found. See Job or Job#setJar(String).
2024-04-24T04:58:04,969  INFO [main] io.HiveInputFormat: hive.io.file.readcolumn.ids = 0,1
2024-04-24T04:58:04,969  INFO [main] io.HiveInputFormat: hive.io.file.readcolumn.names = c1,c2
2024-04-24T04:58:04,969  INFO [main] io.HiveInputFormat: Generating splits for dirs: file:/home/alex/Repositories/hive/ql/target/tmp/org.apache.hadoop.hive.ql.TestTxnNoBuckets-1713959849960/warehouse/tmp/c3=0
2024-04-24T04:58:04,970  INFO [main] orc.OrcInputFormat: getSplits started
2024-04-24T04:58:04,970  INFO [main] orc.OrcInputFormat: Context:: isAcid: false isVectorMode: true sarg: null minSplitSize: 1 maxSplitSize: 256000000 splitStrategy: HYBRID footerInSplits: false numBuckets: 0 numThreads: 10 cacheMemSize: 268435456 cacheStripeDetails: true useSoftReference: false writeIdList: null:9223372036854775807:9223372036854775807:: isTransactionalTable: true txnProperties: default 
2024-04-24T04:58:04,970  INFO [main] orc.OrcInputFormat: ORC pushdown predicate: null
2024-04-24T04:58:04,981  INFO [main] orc.OrcInputFormat: FooterCacheHitRatio: 0/8
2024-04-24T04:58:04,981  INFO [main] orc.OrcInputFormat: getSplits finished (#splits: 8). duration: 11 ms
2024-04-24T04:58:04,981  INFO [main] io.HiveInputFormat: number of splits 8
2024-04-24T04:58:04,999  INFO [main] mapreduce.JobSubmitter: number of splits:8
2024-04-24T04:58:05,018  INFO [main] mapreduce.JobSubmitter: Submitting tokens for job: job_local533668783_0012
2024-04-24T04:58:05,018  INFO [main] mapreduce.JobSubmitter: Executing with tokens: []
2024-04-24T04:58:05,082  INFO [main] mapreduce.Job: The url to track the job: http://localhost:8080/
Job running in-process (local Hadoop)
2024-04-24T04:58:05,082  INFO [Thread-744] mapred.LocalJobRunner: OutputCommitter set in config org.apache.hadoop.hive.ql.io.HiveFileFormatUtils$NullOutputCommitter
2024-04-24T04:58:05,082  INFO [main] exec.Task: Job running in-process (local Hadoop)
2024-04-24T04:58:05,082  INFO [Thread-744] mapred.LocalJobRunner: OutputCommitter is org.apache.hadoop.hive.ql.io.HiveFileFormatUtils$NullOutputCommitter
2024-04-24T04:58:05,086  INFO [Thread-744] mapred.LocalJobRunner: Waiting for map tasks
2024-04-24T04:58:05,086  INFO [LocalJobRunner Map Task Executor #0] mapred.LocalJobRunner: Starting task: attempt_local533668783_0012_m_000000_0
2024-04-24T04:58:05,087  INFO [LocalJobRunner Map Task Executor #0] mapred.Task:  Using ResourceCalculatorProcessTree : [ ]
2024-04-24T04:58:05,088  INFO [LocalJobRunner Map Task Executor #0] mapred.MapTask: Processing split: org.apache.hadoop.hive.ql.io.orc.OrcInputFormat:OrcSplit [file:/home/alex/Repositories/hive/ql/target/tmp/org.apache.hadoop.hive.ql.TestTxnNoBuckets-1713959849960/warehouse/tmp/c3=1/000000_0, start=3, length=110, isOriginal=true, fileLength=242, hasFooter=false, hasBase=true, deltas=0]
2024-04-24T04:58:05,088  INFO [LocalJobRunner Map Task Executor #0] exec.SerializationUtilities: Deserializing MapWork using kryo
2024-04-24T04:58:05,089  INFO [LocalJobRunner Map Task Executor #0] exec.Utilities: Deserialized plan (via FILE) - name: null size: 8,20KB
2024-04-24T04:58:05,090  INFO [LocalJobRunner Map Task Executor #0] orc.ReaderImpl: Reading ORC rows from file:/home/alex/Repositories/hive/ql/target/tmp/org.apache.hadoop.hive.ql.TestTxnNoBuckets-1713959849960/warehouse/tmp/c3=1/000000_0 with {include: [true, true, true], offset: 3, length: 110, schema: struct<c1:int,c2:int>, includeAcidColumns: true}
2024-04-24T04:58:05,091  INFO [LocalJobRunner Map Task Executor #0] mapred.MapTask: numReduceTasks: 1
2024-04-24T04:58:05,095  INFO [LocalJobRunner Map Task Executor #0] mapred.MapTask: (EQUATOR) 0 kvi 26214396(104857584)
2024-04-24T04:58:05,095  INFO [LocalJobRunner Map Task Executor #0] mapred.MapTask: mapreduce.task.io.sort.mb: 100
2024-04-24T04:58:05,095  INFO [LocalJobRunner Map Task Executor #0] mapred.MapTask: soft limit at 83886080
2024-04-24T04:58:05,095  INFO [LocalJobRunner Map Task Executor #0] mapred.MapTask: bufstart = 0; bufvoid = 104857600
2024-04-24T04:58:05,095  INFO [LocalJobRunner Map Task Executor #0] mapred.MapTask: kvstart = 26214396; length = 6553600
2024-04-24T04:58:05,095  INFO [LocalJobRunner Map Task Executor #0] mapred.MapTask: Map output collector class = org.apache.hadoop.mapred.MapTask$MapOutputBuffer
2024-04-24T04:58:05,096  INFO [LocalJobRunner Map Task Executor #0] vector.VectorMapOperator: Initializing Operator: MAP[0]
2024-04-24T04:58:05,096  INFO [LocalJobRunner Map Task Executor #0] mr.ExecMapper: 
<MAP>Id =0
  <Children>null
  <\Children>
  <Parent><\Parent>
<\MAP>
2024-04-24T04:58:05,097  INFO [LocalJobRunner Map Task Executor #0] exec.TableScanOperator: Initializing Operator: TS[0]
2024-04-24T04:58:05,097  INFO [LocalJobRunner Map Task Executor #0] vector.VectorSelectOperator: Initializing Operator: SEL[5]
2024-04-24T04:58:05,097  INFO [LocalJobRunner Map Task Executor #0] vector.VectorReduceSinkOperator: Initializing Operator: RS[6]
2024-04-24T04:58:05,097  INFO [LocalJobRunner Map Task Executor #0] vector.VectorReduceSinkOperator: Using tag = -1
2024-04-24T04:58:05,098  INFO [LocalJobRunner Map Task Executor #0] vector.VectorReduceSinkOperator: keys are [_col2] num distributions: 1
2024-04-24T04:58:05,098  INFO [LocalJobRunner Map Task Executor #0] vector.VectorReduceSinkOperator: RS[6]: records written - 1
2024-04-24T04:58:05,098  INFO [LocalJobRunner Map Task Executor #0] vector.VectorMapOperator: Closing Operator: MAP[0]
2024-04-24T04:58:05,098  INFO [LocalJobRunner Map Task Executor #0] vector.VectorMapOperator: RECORDS_IN:1, RECORDS_OUT_OPERATOR_MAP_0:0, RECORDS_OUT_INTERMEDIATE:0, DESERIALIZE_ERRORS:0, 
2024-04-24T04:58:05,098  INFO [LocalJobRunner Map Task Executor #0] exec.TableScanOperator: Closing Operator: TS[0]
2024-04-24T04:58:05,099  INFO [LocalJobRunner Map Task Executor #0] exec.TableScanOperator: RECORDS_OUT_OPERATOR_TS_0:1, RECORDS_OUT_INTERMEDIATE:0, 
2024-04-24T04:58:05,099  INFO [LocalJobRunner Map Task Executor #0] vector.VectorSelectOperator: Closing Operator: SEL[5]
2024-04-24T04:58:05,099  INFO [LocalJobRunner Map Task Executor #0] vector.VectorSelectOperator: RECORDS_OUT_OPERATOR_SEL_5:1, RECORDS_OUT_INTERMEDIATE:0, 
2024-04-24T04:58:05,099  INFO [LocalJobRunner Map Task Executor #0] vector.VectorReduceSinkOperator: Closing Operator: RS[6]
2024-04-24T04:58:05,099  INFO [LocalJobRunner Map Task Executor #0] vector.VectorReduceSinkOperator: RS[6]: Total records written - 1. abort - false
2024-04-24T04:58:05,099  INFO [LocalJobRunner Map Task Executor #0] vector.VectorReduceSinkOperator: RECORDS_OUT_OPERATOR_RS_6:1, RECORDS_OUT_INTERMEDIATE:1, 
2024-04-24T04:58:05,099  INFO [LocalJobRunner Map Task Executor #0] mapred.LocalJobRunner: 
2024-04-24T04:58:05,099  INFO [LocalJobRunner Map Task Executor #0] mapred.MapTask: Starting flush of map output
2024-04-24T04:58:05,099  INFO [LocalJobRunner Map Task Executor #0] mapred.MapTask: Spilling map output
2024-04-24T04:58:05,099  INFO [LocalJobRunner Map Task Executor #0] mapred.MapTask: bufstart = 0; bufend = 17; bufvoid = 104857600
2024-04-24T04:58:05,099  INFO [LocalJobRunner Map Task Executor #0] mapred.MapTask: kvstart = 26214396(104857584); kvend = 26214396(104857584); length = 1/6553600
2024-04-24T04:58:05,109  INFO [LocalJobRunner Map Task Executor #0] mapred.MapTask: Finished spill 0
2024-04-24T04:58:05,112  INFO [LocalJobRunner Map Task Executor #0] mapred.Task: Task:attempt_local533668783_0012_m_000000_0 is done. And is in the process of committing
2024-04-24T04:58:05,113  INFO [LocalJobRunner Map Task Executor #0] mapred.LocalJobRunner: OrcSplit [file:/home/alex/Repositories/hive/ql/target/tmp/org.apache.hadoop.hive.ql.TestTxnNoBuckets-1713959849960/warehouse/tmp/c3=1/000000_0, start=3, length=110, isOriginal=true, fileLength=242, hasFooter=false, hasBase=true, deltas=0]
2024-04-24T04:58:05,113  INFO [LocalJobRunner Map Task Executor #0] mapred.Task: Task 'attempt_local533668783_0012_m_000000_0' done.
2024-04-24T04:58:05,113  INFO [LocalJobRunner Map Task Executor #0] mapred.Task: Final Counters for attempt_local533668783_0012_m_000000_0: Counters: 24
	File System Counters
		FILE: Number of bytes read=194711
		FILE: Number of bytes written=14457229
		FILE: Number of read operations=0
		FILE: Number of large read operations=0
		FILE: Number of write operations=0
	Map-Reduce Framework
		Map input records=1
		Map output records=1
		Map output bytes=17
		Map output materialized bytes=25
		Input split bytes=466
		Combine input records=0
		Spilled Records=1
		Failed Shuffles=0
		Merged Map outputs=0
		GC time elapsed (ms)=0
		Total committed heap usage (bytes)=1098383360
	HIVE
		DESERIALIZE_ERRORS=0
		RECORDS_IN=1
		RECORDS_OUT_INTERMEDIATE=1
		RECORDS_OUT_OPERATOR_MAP_0=0
		RECORDS_OUT_OPERATOR_RS_6=1
		RECORDS_OUT_OPERATOR_SEL_5=1
		RECORDS_OUT_OPERATOR_TS_0=1
	File Input Format Counters 
		Bytes Read=9312
2024-04-24T04:58:05,113  INFO [LocalJobRunner Map Task Executor #0] mapred.LocalJobRunner: Finishing task: attempt_local533668783_0012_m_000000_0
2024-04-24T04:58:05,113  INFO [LocalJobRunner Map Task Executor #0] mapred.LocalJobRunner: Starting task: attempt_local533668783_0012_m_000001_0
2024-04-24T04:58:05,113  INFO [LocalJobRunner Map Task Executor #0] mapred.Task:  Using ResourceCalculatorProcessTree : [ ]
2024-04-24T04:58:05,114  INFO [LocalJobRunner Map Task Executor #0] mapred.MapTask: Processing split: org.apache.hadoop.hive.ql.io.orc.OrcInputFormat:OrcSplit [file:/home/alex/Repositories/hive/ql/target/tmp/org.apache.hadoop.hive.ql.TestTxnNoBuckets-1713959849960/warehouse/tmp/c3=2/000000_0, start=3, length=110, isOriginal=true, fileLength=242, hasFooter=false, hasBase=true, deltas=0]
2024-04-24T04:58:05,114  INFO [LocalJobRunner Map Task Executor #0] exec.SerializationUtilities: Deserializing MapWork using kryo
2024-04-24T04:58:05,115  INFO [LocalJobRunner Map Task Executor #0] exec.Utilities: Deserialized plan (via FILE) - name: null size: 8,20KB
2024-04-24T04:58:05,116  INFO [LocalJobRunner Map Task Executor #0] orc.ReaderImpl: Reading ORC rows from file:/home/alex/Repositories/hive/ql/target/tmp/org.apache.hadoop.hive.ql.TestTxnNoBuckets-1713959849960/warehouse/tmp/c3=2/000000_0 with {include: [true, true, true], offset: 3, length: 110, schema: struct<c1:int,c2:int>, includeAcidColumns: true}
2024-04-24T04:58:05,117  INFO [LocalJobRunner Map Task Executor #0] mapred.MapTask: numReduceTasks: 1
2024-04-24T04:58:05,127  INFO [LocalJobRunner Map Task Executor #0] mapred.MapTask: (EQUATOR) 0 kvi 26214396(104857584)
2024-04-24T04:58:05,127  INFO [LocalJobRunner Map Task Executor #0] mapred.MapTask: mapreduce.task.io.sort.mb: 100
2024-04-24T04:58:05,127  INFO [LocalJobRunner Map Task Executor #0] mapred.MapTask: soft limit at 83886080
2024-04-24T04:58:05,127  INFO [LocalJobRunner Map Task Executor #0] mapred.MapTask: bufstart = 0; bufvoid = 104857600
2024-04-24T04:58:05,127  INFO [LocalJobRunner Map Task Executor #0] mapred.MapTask: kvstart = 26214396; length = 6553600
2024-04-24T04:58:05,128  INFO [LocalJobRunner Map Task Executor #0] mapred.MapTask: Map output collector class = org.apache.hadoop.mapred.MapTask$MapOutputBuffer
2024-04-24T04:58:05,128  INFO [LocalJobRunner Map Task Executor #0] vector.VectorMapOperator: Initializing Operator: MAP[0]
2024-04-24T04:58:05,128  INFO [LocalJobRunner Map Task Executor #0] mr.ExecMapper: 
<MAP>Id =0
  <Children>null
  <\Children>
  <Parent><\Parent>
<\MAP>
2024-04-24T04:58:05,129  INFO [LocalJobRunner Map Task Executor #0] exec.TableScanOperator: Initializing Operator: TS[0]
2024-04-24T04:58:05,129  INFO [LocalJobRunner Map Task Executor #0] vector.VectorSelectOperator: Initializing Operator: SEL[5]
2024-04-24T04:58:05,129  INFO [LocalJobRunner Map Task Executor #0] vector.VectorReduceSinkOperator: Initializing Operator: RS[6]
2024-04-24T04:58:05,129  INFO [LocalJobRunner Map Task Executor #0] vector.VectorReduceSinkOperator: Using tag = -1
2024-04-24T04:58:05,130  INFO [LocalJobRunner Map Task Executor #0] vector.VectorReduceSinkOperator: keys are [_col2] num distributions: 1
2024-04-24T04:58:05,130  INFO [LocalJobRunner Map Task Executor #0] vector.VectorReduceSinkOperator: RS[6]: records written - 1
2024-04-24T04:58:05,130  INFO [LocalJobRunner Map Task Executor #0] vector.VectorMapOperator: Closing Operator: MAP[0]
2024-04-24T04:58:05,130  INFO [LocalJobRunner Map Task Executor #0] vector.VectorMapOperator: DESERIALIZE_ERRORS:0, RECORDS_OUT_OPERATOR_MAP_0:0, RECORDS_IN:1, RECORDS_OUT_INTERMEDIATE:0, 
2024-04-24T04:58:05,130  INFO [LocalJobRunner Map Task Executor #0] exec.TableScanOperator: Closing Operator: TS[0]
2024-04-24T04:58:05,130  INFO [LocalJobRunner Map Task Executor #0] exec.TableScanOperator: RECORDS_OUT_OPERATOR_TS_0:1, RECORDS_OUT_INTERMEDIATE:0, 
2024-04-24T04:58:05,130  INFO [LocalJobRunner Map Task Executor #0] vector.VectorSelectOperator: Closing Operator: SEL[5]
2024-04-24T04:58:05,130  INFO [LocalJobRunner Map Task Executor #0] vector.VectorSelectOperator: RECORDS_OUT_OPERATOR_SEL_5:1, RECORDS_OUT_INTERMEDIATE:0, 
2024-04-24T04:58:05,130  INFO [LocalJobRunner Map Task Executor #0] vector.VectorReduceSinkOperator: Closing Operator: RS[6]
2024-04-24T04:58:05,130  INFO [LocalJobRunner Map Task Executor #0] vector.VectorReduceSinkOperator: RS[6]: Total records written - 1. abort - false
2024-04-24T04:58:05,130  INFO [LocalJobRunner Map Task Executor #0] vector.VectorReduceSinkOperator: RECORDS_OUT_OPERATOR_RS_6:1, RECORDS_OUT_INTERMEDIATE:1, 
2024-04-24T04:58:05,130  INFO [LocalJobRunner Map Task Executor #0] mapred.LocalJobRunner: 
2024-04-24T04:58:05,130  INFO [LocalJobRunner Map Task Executor #0] mapred.MapTask: Starting flush of map output
2024-04-24T04:58:05,131  INFO [LocalJobRunner Map Task Executor #0] mapred.MapTask: Spilling map output
2024-04-24T04:58:05,131  INFO [LocalJobRunner Map Task Executor #0] mapred.MapTask: bufstart = 0; bufend = 17; bufvoid = 104857600
2024-04-24T04:58:05,131  INFO [LocalJobRunner Map Task Executor #0] mapred.MapTask: kvstart = 26214396(104857584); kvend = 26214396(104857584); length = 1/6553600
2024-04-24T04:58:05,138  INFO [LocalJobRunner Map Task Executor #0] mapred.MapTask: Finished spill 0
2024-04-24T04:58:05,141  INFO [LocalJobRunner Map Task Executor #0] mapred.Task: Task:attempt_local533668783_0012_m_000001_0 is done. And is in the process of committing
2024-04-24T04:58:05,142  INFO [LocalJobRunner Map Task Executor #0] mapred.LocalJobRunner: OrcSplit [file:/home/alex/Repositories/hive/ql/target/tmp/org.apache.hadoop.hive.ql.TestTxnNoBuckets-1713959849960/warehouse/tmp/c3=2/000000_0, start=3, length=110, isOriginal=true, fileLength=242, hasFooter=false, hasBase=true, deltas=0]
2024-04-24T04:58:05,142  INFO [LocalJobRunner Map Task Executor #0] mapred.Task: Task 'attempt_local533668783_0012_m_000001_0' done.
2024-04-24T04:58:05,142  INFO [LocalJobRunner Map Task Executor #0] mapred.Task: Final Counters for attempt_local533668783_0012_m_000001_0: Counters: 24
	File System Counters
		FILE: Number of bytes read=207805
		FILE: Number of bytes written=14457286
		FILE: Number of read operations=0
		FILE: Number of large read operations=0
		FILE: Number of write operations=0
	Map-Reduce Framework
		Map input records=1
		Map output records=1
		Map output bytes=17
		Map output materialized bytes=25
		Input split bytes=466
		Combine input records=0
		Spilled Records=1
		Failed Shuffles=0
		Merged Map outputs=0
		GC time elapsed (ms)=5
		Total committed heap usage (bytes)=1098907648
	HIVE
		DESERIALIZE_ERRORS=0
		RECORDS_IN=1
		RECORDS_OUT_INTERMEDIATE=1
		RECORDS_OUT_OPERATOR_MAP_0=0
		RECORDS_OUT_OPERATOR_RS_6=1
		RECORDS_OUT_OPERATOR_SEL_5=1
		RECORDS_OUT_OPERATOR_TS_0=1
	File Input Format Counters 
		Bytes Read=9312
2024-04-24T04:58:05,142  INFO [LocalJobRunner Map Task Executor #0] mapred.LocalJobRunner: Finishing task: attempt_local533668783_0012_m_000001_0
2024-04-24T04:58:05,142  INFO [LocalJobRunner Map Task Executor #0] mapred.LocalJobRunner: Starting task: attempt_local533668783_0012_m_000002_0
2024-04-24T04:58:05,142  INFO [LocalJobRunner Map Task Executor #0] mapred.Task:  Using ResourceCalculatorProcessTree : [ ]
2024-04-24T04:58:05,143  INFO [LocalJobRunner Map Task Executor #0] mapred.MapTask: Processing split: org.apache.hadoop.hive.ql.io.orc.OrcInputFormat:OrcSplit [file:/home/alex/Repositories/hive/ql/target/tmp/org.apache.hadoop.hive.ql.TestTxnNoBuckets-1713959849960/warehouse/tmp/c3=0/000000_0, start=3, length=110, isOriginal=true, fileLength=242, hasFooter=false, hasBase=true, deltas=0]
2024-04-24T04:58:05,143  INFO [LocalJobRunner Map Task Executor #0] exec.SerializationUtilities: Deserializing MapWork using kryo
2024-04-24T04:58:05,144  INFO [LocalJobRunner Map Task Executor #0] exec.Utilities: Deserialized plan (via FILE) - name: null size: 8,20KB
2024-04-24T04:58:05,145  INFO [LocalJobRunner Map Task Executor #0] orc.ReaderImpl: Reading ORC rows from file:/home/alex/Repositories/hive/ql/target/tmp/org.apache.hadoop.hive.ql.TestTxnNoBuckets-1713959849960/warehouse/tmp/c3=0/000000_0 with {include: [true, true, true], offset: 3, length: 110, schema: struct<c1:int,c2:int>, includeAcidColumns: true}
2024-04-24T04:58:05,147  INFO [LocalJobRunner Map Task Executor #0] mapred.MapTask: numReduceTasks: 1
2024-04-24T04:58:05,151  INFO [LocalJobRunner Map Task Executor #0] mapred.MapTask: (EQUATOR) 0 kvi 26214396(104857584)
2024-04-24T04:58:05,151  INFO [LocalJobRunner Map Task Executor #0] mapred.MapTask: mapreduce.task.io.sort.mb: 100
2024-04-24T04:58:05,151  INFO [LocalJobRunner Map Task Executor #0] mapred.MapTask: soft limit at 83886080
2024-04-24T04:58:05,151  INFO [LocalJobRunner Map Task Executor #0] mapred.MapTask: bufstart = 0; bufvoid = 104857600
2024-04-24T04:58:05,151  INFO [LocalJobRunner Map Task Executor #0] mapred.MapTask: kvstart = 26214396; length = 6553600
2024-04-24T04:58:05,152  INFO [LocalJobRunner Map Task Executor #0] mapred.MapTask: Map output collector class = org.apache.hadoop.mapred.MapTask$MapOutputBuffer
2024-04-24T04:58:05,152  INFO [LocalJobRunner Map Task Executor #0] vector.VectorMapOperator: Initializing Operator: MAP[0]
2024-04-24T04:58:05,152  INFO [LocalJobRunner Map Task Executor #0] mr.ExecMapper: 
<MAP>Id =0
  <Children>null
  <\Children>
  <Parent><\Parent>
<\MAP>
2024-04-24T04:58:05,153  INFO [LocalJobRunner Map Task Executor #0] exec.TableScanOperator: Initializing Operator: TS[0]
2024-04-24T04:58:05,153  INFO [LocalJobRunner Map Task Executor #0] vector.VectorSelectOperator: Initializing Operator: SEL[5]
2024-04-24T04:58:05,153  INFO [LocalJobRunner Map Task Executor #0] vector.VectorReduceSinkOperator: Initializing Operator: RS[6]
2024-04-24T04:58:05,153  INFO [LocalJobRunner Map Task Executor #0] vector.VectorReduceSinkOperator: Using tag = -1
2024-04-24T04:58:05,153  INFO [LocalJobRunner Map Task Executor #0] vector.VectorReduceSinkOperator: keys are [_col2] num distributions: 1
2024-04-24T04:58:05,153  INFO [LocalJobRunner Map Task Executor #0] vector.VectorReduceSinkOperator: RS[6]: records written - 1
2024-04-24T04:58:05,154  INFO [LocalJobRunner Map Task Executor #0] vector.VectorMapOperator: Closing Operator: MAP[0]
2024-04-24T04:58:05,154  INFO [LocalJobRunner Map Task Executor #0] vector.VectorMapOperator: RECORDS_OUT_INTERMEDIATE:0, DESERIALIZE_ERRORS:0, RECORDS_IN:1, RECORDS_OUT_OPERATOR_MAP_0:0, 
2024-04-24T04:58:05,154  INFO [LocalJobRunner Map Task Executor #0] exec.TableScanOperator: Closing Operator: TS[0]
2024-04-24T04:58:05,154  INFO [LocalJobRunner Map Task Executor #0] exec.TableScanOperator: RECORDS_OUT_INTERMEDIATE:0, RECORDS_OUT_OPERATOR_TS_0:1, 
2024-04-24T04:58:05,154  INFO [LocalJobRunner Map Task Executor #0] vector.VectorSelectOperator: Closing Operator: SEL[5]
2024-04-24T04:58:05,154  INFO [LocalJobRunner Map Task Executor #0] vector.VectorSelectOperator: RECORDS_OUT_INTERMEDIATE:0, RECORDS_OUT_OPERATOR_SEL_5:1, 
2024-04-24T04:58:05,154  INFO [LocalJobRunner Map Task Executor #0] vector.VectorReduceSinkOperator: Closing Operator: RS[6]
2024-04-24T04:58:05,154  INFO [LocalJobRunner Map Task Executor #0] vector.VectorReduceSinkOperator: RS[6]: Total records written - 1. abort - false
2024-04-24T04:58:05,154  INFO [LocalJobRunner Map Task Executor #0] vector.VectorReduceSinkOperator: RECORDS_OUT_INTERMEDIATE:1, RECORDS_OUT_OPERATOR_RS_6:1, 
2024-04-24T04:58:05,154  INFO [LocalJobRunner Map Task Executor #0] mapred.LocalJobRunner: 
2024-04-24T04:58:05,154  INFO [LocalJobRunner Map Task Executor #0] mapred.MapTask: Starting flush of map output
2024-04-24T04:58:05,154  INFO [LocalJobRunner Map Task Executor #0] mapred.MapTask: Spilling map output
2024-04-24T04:58:05,154  INFO [LocalJobRunner Map Task Executor #0] mapred.MapTask: bufstart = 0; bufend = 17; bufvoid = 104857600
2024-04-24T04:58:05,154  INFO [LocalJobRunner Map Task Executor #0] mapred.MapTask: kvstart = 26214396(104857584); kvend = 26214396(104857584); length = 1/6553600
2024-04-24T04:58:05,162  INFO [LocalJobRunner Map Task Executor #0] mapred.MapTask: Finished spill 0
2024-04-24T04:58:05,165  INFO [LocalJobRunner Map Task Executor #0] mapred.Task: Task:attempt_local533668783_0012_m_000002_0 is done. And is in the process of committing
2024-04-24T04:58:05,166  INFO [LocalJobRunner Map Task Executor #0] mapred.LocalJobRunner: OrcSplit [file:/home/alex/Repositories/hive/ql/target/tmp/org.apache.hadoop.hive.ql.TestTxnNoBuckets-1713959849960/warehouse/tmp/c3=0/000000_0, start=3, length=110, isOriginal=true, fileLength=242, hasFooter=false, hasBase=true, deltas=0]
2024-04-24T04:58:05,166  INFO [LocalJobRunner Map Task Executor #0] mapred.Task: Task 'attempt_local533668783_0012_m_000002_0' done.
2024-04-24T04:58:05,166  INFO [LocalJobRunner Map Task Executor #0] mapred.Task: Final Counters for attempt_local533668783_0012_m_000002_0: Counters: 24
	File System Counters
		FILE: Number of bytes read=220387
		FILE: Number of bytes written=14457343
		FILE: Number of read operations=0
		FILE: Number of large read operations=0
		FILE: Number of write operations=0
	Map-Reduce Framework
		Map input records=1
		Map output records=1
		Map output bytes=17
		Map output materialized bytes=25
		Input split bytes=466
		Combine input records=0
		Spilled Records=1
		Failed Shuffles=0
		Merged Map outputs=0
		GC time elapsed (ms)=0
		Total committed heap usage (bytes)=1098907648
	HIVE
		DESERIALIZE_ERRORS=0
		RECORDS_IN=1
		RECORDS_OUT_INTERMEDIATE=1
		RECORDS_OUT_OPERATOR_MAP_0=0
		RECORDS_OUT_OPERATOR_RS_6=1
		RECORDS_OUT_OPERATOR_SEL_5=1
		RECORDS_OUT_OPERATOR_TS_0=1
	File Input Format Counters 
		Bytes Read=9312
2024-04-24T04:58:05,166  INFO [LocalJobRunner Map Task Executor #0] mapred.LocalJobRunner: Finishing task: attempt_local533668783_0012_m_000002_0
2024-04-24T04:58:05,166  INFO [LocalJobRunner Map Task Executor #0] mapred.LocalJobRunner: Starting task: attempt_local533668783_0012_m_000003_0
2024-04-24T04:58:05,166  INFO [LocalJobRunner Map Task Executor #0] mapred.Task:  Using ResourceCalculatorProcessTree : [ ]
2024-04-24T04:58:05,167  INFO [LocalJobRunner Map Task Executor #0] mapred.MapTask: Processing split: org.apache.hadoop.hive.ql.io.orc.OrcInputFormat:OrcSplit [file:/home/alex/Repositories/hive/ql/target/tmp/org.apache.hadoop.hive.ql.TestTxnNoBuckets-1713959849960/warehouse/tmp/c3=6/000000_0, start=3, length=110, isOriginal=true, fileLength=242, hasFooter=false, hasBase=true, deltas=0]
2024-04-24T04:58:05,167  INFO [LocalJobRunner Map Task Executor #0] exec.SerializationUtilities: Deserializing MapWork using kryo
2024-04-24T04:58:05,168  INFO [LocalJobRunner Map Task Executor #0] exec.Utilities: Deserialized plan (via FILE) - name: null size: 8,20KB
2024-04-24T04:58:05,169  INFO [LocalJobRunner Map Task Executor #0] orc.ReaderImpl: Reading ORC rows from file:/home/alex/Repositories/hive/ql/target/tmp/org.apache.hadoop.hive.ql.TestTxnNoBuckets-1713959849960/warehouse/tmp/c3=6/000000_0 with {include: [true, true, true], offset: 3, length: 110, schema: struct<c1:int,c2:int>, includeAcidColumns: true}
2024-04-24T04:58:05,170  INFO [LocalJobRunner Map Task Executor #0] mapred.MapTask: numReduceTasks: 1
2024-04-24T04:58:05,174  INFO [LocalJobRunner Map Task Executor #0] mapred.MapTask: (EQUATOR) 0 kvi 26214396(104857584)
2024-04-24T04:58:05,174  INFO [LocalJobRunner Map Task Executor #0] mapred.MapTask: mapreduce.task.io.sort.mb: 100
2024-04-24T04:58:05,174  INFO [LocalJobRunner Map Task Executor #0] mapred.MapTask: soft limit at 83886080
2024-04-24T04:58:05,174  INFO [LocalJobRunner Map Task Executor #0] mapred.MapTask: bufstart = 0; bufvoid = 104857600
2024-04-24T04:58:05,174  INFO [LocalJobRunner Map Task Executor #0] mapred.MapTask: kvstart = 26214396; length = 6553600
2024-04-24T04:58:05,174  INFO [LocalJobRunner Map Task Executor #0] mapred.MapTask: Map output collector class = org.apache.hadoop.mapred.MapTask$MapOutputBuffer
2024-04-24T04:58:05,175  INFO [LocalJobRunner Map Task Executor #0] vector.VectorMapOperator: Initializing Operator: MAP[0]
2024-04-24T04:58:05,175  INFO [LocalJobRunner Map Task Executor #0] mr.ExecMapper: 
<MAP>Id =0
  <Children>null
  <\Children>
  <Parent><\Parent>
<\MAP>
2024-04-24T04:58:05,176  INFO [LocalJobRunner Map Task Executor #0] exec.TableScanOperator: Initializing Operator: TS[0]
2024-04-24T04:58:05,176  INFO [LocalJobRunner Map Task Executor #0] vector.VectorSelectOperator: Initializing Operator: SEL[5]
2024-04-24T04:58:05,176  INFO [LocalJobRunner Map Task Executor #0] vector.VectorReduceSinkOperator: Initializing Operator: RS[6]
2024-04-24T04:58:05,176  INFO [LocalJobRunner Map Task Executor #0] vector.VectorReduceSinkOperator: Using tag = -1
2024-04-24T04:58:05,177  INFO [LocalJobRunner Map Task Executor #0] vector.VectorReduceSinkOperator: keys are [_col2] num distributions: 1
2024-04-24T04:58:05,177  INFO [LocalJobRunner Map Task Executor #0] vector.VectorReduceSinkOperator: RS[6]: records written - 1
2024-04-24T04:58:05,177  INFO [LocalJobRunner Map Task Executor #0] vector.VectorMapOperator: Closing Operator: MAP[0]
2024-04-24T04:58:05,177  INFO [LocalJobRunner Map Task Executor #0] vector.VectorMapOperator: RECORDS_OUT_OPERATOR_MAP_0:0, RECORDS_OUT_INTERMEDIATE:0, DESERIALIZE_ERRORS:0, RECORDS_IN:1, 
2024-04-24T04:58:05,177  INFO [LocalJobRunner Map Task Executor #0] exec.TableScanOperator: Closing Operator: TS[0]
2024-04-24T04:58:05,177  INFO [LocalJobRunner Map Task Executor #0] exec.TableScanOperator: RECORDS_OUT_OPERATOR_TS_0:1, RECORDS_OUT_INTERMEDIATE:0, 
2024-04-24T04:58:05,177  INFO [LocalJobRunner Map Task Executor #0] vector.VectorSelectOperator: Closing Operator: SEL[5]
2024-04-24T04:58:05,177  INFO [LocalJobRunner Map Task Executor #0] vector.VectorSelectOperator: RECORDS_OUT_OPERATOR_SEL_5:1, RECORDS_OUT_INTERMEDIATE:0, 
2024-04-24T04:58:05,177  INFO [LocalJobRunner Map Task Executor #0] vector.VectorReduceSinkOperator: Closing Operator: RS[6]
2024-04-24T04:58:05,177  INFO [LocalJobRunner Map Task Executor #0] vector.VectorReduceSinkOperator: RS[6]: Total records written - 1. abort - false
2024-04-24T04:58:05,178  INFO [LocalJobRunner Map Task Executor #0] vector.VectorReduceSinkOperator: RECORDS_OUT_INTERMEDIATE:1, RECORDS_OUT_OPERATOR_RS_6:1, 
2024-04-24T04:58:05,178  INFO [LocalJobRunner Map Task Executor #0] mapred.LocalJobRunner: 
2024-04-24T04:58:05,178  INFO [LocalJobRunner Map Task Executor #0] mapred.MapTask: Starting flush of map output
2024-04-24T04:58:05,178  INFO [LocalJobRunner Map Task Executor #0] mapred.MapTask: Spilling map output
2024-04-24T04:58:05,178  INFO [LocalJobRunner Map Task Executor #0] mapred.MapTask: bufstart = 0; bufend = 17; bufvoid = 104857600
2024-04-24T04:58:05,178  INFO [LocalJobRunner Map Task Executor #0] mapred.MapTask: kvstart = 26214396(104857584); kvend = 26214396(104857584); length = 1/6553600
2024-04-24T04:58:05,186  INFO [LocalJobRunner Map Task Executor #0] mapred.MapTask: Finished spill 0
2024-04-24T04:58:05,189  INFO [LocalJobRunner Map Task Executor #0] mapred.Task: Task:attempt_local533668783_0012_m_000003_0 is done. And is in the process of committing
2024-04-24T04:58:05,190  INFO [LocalJobRunner Map Task Executor #0] mapred.LocalJobRunner: OrcSplit [file:/home/alex/Repositories/hive/ql/target/tmp/org.apache.hadoop.hive.ql.TestTxnNoBuckets-1713959849960/warehouse/tmp/c3=6/000000_0, start=3, length=110, isOriginal=true, fileLength=242, hasFooter=false, hasBase=true, deltas=0]
2024-04-24T04:58:05,190  INFO [LocalJobRunner Map Task Executor #0] mapred.Task: Task 'attempt_local533668783_0012_m_000003_0' done.
2024-04-24T04:58:05,190  INFO [LocalJobRunner Map Task Executor #0] mapred.Task: Final Counters for attempt_local533668783_0012_m_000003_0: Counters: 24
	File System Counters
		FILE: Number of bytes read=232457
		FILE: Number of bytes written=14457400
		FILE: Number of read operations=0
		FILE: Number of large read operations=0
		FILE: Number of write operations=0
	Map-Reduce Framework
		Map input records=1
		Map output records=1
		Map output bytes=17
		Map output materialized bytes=25
		Input split bytes=466
		Combine input records=0
		Spilled Records=1
		Failed Shuffles=0
		Merged Map outputs=0
		GC time elapsed (ms)=0
		Total committed heap usage (bytes)=1098907648
	HIVE
		DESERIALIZE_ERRORS=0
		RECORDS_IN=1
		RECORDS_OUT_INTERMEDIATE=1
		RECORDS_OUT_OPERATOR_MAP_0=0
		RECORDS_OUT_OPERATOR_RS_6=1
		RECORDS_OUT_OPERATOR_SEL_5=1
		RECORDS_OUT_OPERATOR_TS_0=1
	File Input Format Counters 
		Bytes Read=9312
2024-04-24T04:58:05,190  INFO [LocalJobRunner Map Task Executor #0] mapred.LocalJobRunner: Finishing task: attempt_local533668783_0012_m_000003_0
2024-04-24T04:58:05,190  INFO [LocalJobRunner Map Task Executor #0] mapred.LocalJobRunner: Starting task: attempt_local533668783_0012_m_000004_0
2024-04-24T04:58:05,190  INFO [LocalJobRunner Map Task Executor #0] mapred.Task:  Using ResourceCalculatorProcessTree : [ ]
2024-04-24T04:58:05,191  INFO [LocalJobRunner Map Task Executor #0] mapred.MapTask: Processing split: org.apache.hadoop.hive.ql.io.orc.OrcInputFormat:OrcSplit [file:/home/alex/Repositories/hive/ql/target/tmp/org.apache.hadoop.hive.ql.TestTxnNoBuckets-1713959849960/warehouse/tmp/c3=4/000000_0, start=3, length=110, isOriginal=true, fileLength=242, hasFooter=false, hasBase=true, deltas=0]
2024-04-24T04:58:05,191  INFO [LocalJobRunner Map Task Executor #0] exec.SerializationUtilities: Deserializing MapWork using kryo
2024-04-24T04:58:05,192  INFO [LocalJobRunner Map Task Executor #0] exec.Utilities: Deserialized plan (via FILE) - name: null size: 8,20KB
2024-04-24T04:58:05,193  INFO [LocalJobRunner Map Task Executor #0] orc.ReaderImpl: Reading ORC rows from file:/home/alex/Repositories/hive/ql/target/tmp/org.apache.hadoop.hive.ql.TestTxnNoBuckets-1713959849960/warehouse/tmp/c3=4/000000_0 with {include: [true, true, true], offset: 3, length: 110, schema: struct<c1:int,c2:int>, includeAcidColumns: true}
2024-04-24T04:58:05,194  INFO [LocalJobRunner Map Task Executor #0] mapred.MapTask: numReduceTasks: 1
2024-04-24T04:58:05,199  INFO [LocalJobRunner Map Task Executor #0] mapred.MapTask: (EQUATOR) 0 kvi 26214396(104857584)
2024-04-24T04:58:05,199  INFO [LocalJobRunner Map Task Executor #0] mapred.MapTask: mapreduce.task.io.sort.mb: 100
2024-04-24T04:58:05,199  INFO [LocalJobRunner Map Task Executor #0] mapred.MapTask: soft limit at 83886080
2024-04-24T04:58:05,199  INFO [LocalJobRunner Map Task Executor #0] mapred.MapTask: bufstart = 0; bufvoid = 104857600
2024-04-24T04:58:05,199  INFO [LocalJobRunner Map Task Executor #0] mapred.MapTask: kvstart = 26214396; length = 6553600
2024-04-24T04:58:05,199  INFO [LocalJobRunner Map Task Executor #0] mapred.MapTask: Map output collector class = org.apache.hadoop.mapred.MapTask$MapOutputBuffer
2024-04-24T04:58:05,199  INFO [LocalJobRunner Map Task Executor #0] vector.VectorMapOperator: Initializing Operator: MAP[0]
2024-04-24T04:58:05,200  INFO [LocalJobRunner Map Task Executor #0] mr.ExecMapper: 
<MAP>Id =0
  <Children>null
  <\Children>
  <Parent><\Parent>
<\MAP>
2024-04-24T04:58:05,200  INFO [LocalJobRunner Map Task Executor #0] exec.TableScanOperator: Initializing Operator: TS[0]
2024-04-24T04:58:05,200  INFO [LocalJobRunner Map Task Executor #0] vector.VectorSelectOperator: Initializing Operator: SEL[5]
2024-04-24T04:58:05,200  INFO [LocalJobRunner Map Task Executor #0] vector.VectorReduceSinkOperator: Initializing Operator: RS[6]
2024-04-24T04:58:05,200  INFO [LocalJobRunner Map Task Executor #0] vector.VectorReduceSinkOperator: Using tag = -1
2024-04-24T04:58:05,201  INFO [LocalJobRunner Map Task Executor #0] vector.VectorReduceSinkOperator: keys are [_col2] num distributions: 1
2024-04-24T04:58:05,201  INFO [LocalJobRunner Map Task Executor #0] vector.VectorReduceSinkOperator: RS[6]: records written - 1
2024-04-24T04:58:05,201  INFO [LocalJobRunner Map Task Executor #0] vector.VectorMapOperator: Closing Operator: MAP[0]
2024-04-24T04:58:05,201  INFO [LocalJobRunner Map Task Executor #0] vector.VectorMapOperator: RECORDS_IN:1, RECORDS_OUT_INTERMEDIATE:0, RECORDS_OUT_OPERATOR_MAP_0:0, DESERIALIZE_ERRORS:0, 
2024-04-24T04:58:05,201  INFO [LocalJobRunner Map Task Executor #0] exec.TableScanOperator: Closing Operator: TS[0]
2024-04-24T04:58:05,201  INFO [LocalJobRunner Map Task Executor #0] exec.TableScanOperator: RECORDS_OUT_INTERMEDIATE:0, RECORDS_OUT_OPERATOR_TS_0:1, 
2024-04-24T04:58:05,201  INFO [LocalJobRunner Map Task Executor #0] vector.VectorSelectOperator: Closing Operator: SEL[5]
2024-04-24T04:58:05,201  INFO [LocalJobRunner Map Task Executor #0] vector.VectorSelectOperator: RECORDS_OUT_OPERATOR_SEL_5:1, RECORDS_OUT_INTERMEDIATE:0, 
2024-04-24T04:58:05,201  INFO [LocalJobRunner Map Task Executor #0] vector.VectorReduceSinkOperator: Closing Operator: RS[6]
2024-04-24T04:58:05,201  INFO [LocalJobRunner Map Task Executor #0] vector.VectorReduceSinkOperator: RS[6]: Total records written - 1. abort - false
2024-04-24T04:58:05,202  INFO [LocalJobRunner Map Task Executor #0] vector.VectorReduceSinkOperator: RECORDS_OUT_OPERATOR_RS_6:1, RECORDS_OUT_INTERMEDIATE:1, 
2024-04-24T04:58:05,202  INFO [LocalJobRunner Map Task Executor #0] mapred.LocalJobRunner: 
2024-04-24T04:58:05,202  INFO [LocalJobRunner Map Task Executor #0] mapred.MapTask: Starting flush of map output
2024-04-24T04:58:05,202  INFO [LocalJobRunner Map Task Executor #0] mapred.MapTask: Spilling map output
2024-04-24T04:58:05,202  INFO [LocalJobRunner Map Task Executor #0] mapred.MapTask: bufstart = 0; bufend = 17; bufvoid = 104857600
2024-04-24T04:58:05,202  INFO [LocalJobRunner Map Task Executor #0] mapred.MapTask: kvstart = 26214396(104857584); kvend = 26214396(104857584); length = 1/6553600
2024-04-24T04:58:05,210  INFO [LocalJobRunner Map Task Executor #0] mapred.MapTask: Finished spill 0
2024-04-24T04:58:05,214  INFO [LocalJobRunner Map Task Executor #0] mapred.Task: Task:attempt_local533668783_0012_m_000004_0 is done. And is in the process of committing
2024-04-24T04:58:05,214  INFO [LocalJobRunner Map Task Executor #0] mapred.LocalJobRunner: OrcSplit [file:/home/alex/Repositories/hive/ql/target/tmp/org.apache.hadoop.hive.ql.TestTxnNoBuckets-1713959849960/warehouse/tmp/c3=4/000000_0, start=3, length=110, isOriginal=true, fileLength=242, hasFooter=false, hasBase=true, deltas=0]
2024-04-24T04:58:05,215  INFO [LocalJobRunner Map Task Executor #0] mapred.Task: Task 'attempt_local533668783_0012_m_000004_0' done.
2024-04-24T04:58:05,215  INFO [LocalJobRunner Map Task Executor #0] mapred.Task: Final Counters for attempt_local533668783_0012_m_000004_0: Counters: 24
	File System Counters
		FILE: Number of bytes read=244015
		FILE: Number of bytes written=14457457
		FILE: Number of read operations=0
		FILE: Number of large read operations=0
		FILE: Number of write operations=0
	Map-Reduce Framework
		Map input records=1
		Map output records=1
		Map output bytes=17
		Map output materialized bytes=25
		Input split bytes=466
		Combine input records=0
		Spilled Records=1
		Failed Shuffles=0
		Merged Map outputs=0
		GC time elapsed (ms)=0
		Total committed heap usage (bytes)=1098907648
	HIVE
		DESERIALIZE_ERRORS=0
		RECORDS_IN=1
		RECORDS_OUT_INTERMEDIATE=1
		RECORDS_OUT_OPERATOR_MAP_0=0
		RECORDS_OUT_OPERATOR_RS_6=1
		RECORDS_OUT_OPERATOR_SEL_5=1
		RECORDS_OUT_OPERATOR_TS_0=1
	File Input Format Counters 
		Bytes Read=9312
2024-04-24T04:58:05,215  INFO [LocalJobRunner Map Task Executor #0] mapred.LocalJobRunner: Finishing task: attempt_local533668783_0012_m_000004_0
2024-04-24T04:58:05,215  INFO [LocalJobRunner Map Task Executor #0] mapred.LocalJobRunner: Starting task: attempt_local533668783_0012_m_000005_0
2024-04-24T04:58:05,215  INFO [LocalJobRunner Map Task Executor #0] mapred.Task:  Using ResourceCalculatorProcessTree : [ ]
2024-04-24T04:58:05,216  INFO [LocalJobRunner Map Task Executor #0] mapred.MapTask: Processing split: org.apache.hadoop.hive.ql.io.orc.OrcInputFormat:OrcSplit [file:/home/alex/Repositories/hive/ql/target/tmp/org.apache.hadoop.hive.ql.TestTxnNoBuckets-1713959849960/warehouse/tmp/c3=5/000000_0, start=3, length=110, isOriginal=true, fileLength=242, hasFooter=false, hasBase=true, deltas=0]
2024-04-24T04:58:05,216  INFO [LocalJobRunner Map Task Executor #0] exec.SerializationUtilities: Deserializing MapWork using kryo
2024-04-24T04:58:05,217  INFO [LocalJobRunner Map Task Executor #0] exec.Utilities: Deserialized plan (via FILE) - name: null size: 8,20KB
2024-04-24T04:58:05,219  INFO [LocalJobRunner Map Task Executor #0] orc.ReaderImpl: Reading ORC rows from file:/home/alex/Repositories/hive/ql/target/tmp/org.apache.hadoop.hive.ql.TestTxnNoBuckets-1713959849960/warehouse/tmp/c3=5/000000_0 with {include: [true, true, true], offset: 3, length: 110, schema: struct<c1:int,c2:int>, includeAcidColumns: true}
2024-04-24T04:58:05,220  INFO [LocalJobRunner Map Task Executor #0] mapred.MapTask: numReduceTasks: 1
2024-04-24T04:58:05,226  INFO [LocalJobRunner Map Task Executor #0] mapred.MapTask: (EQUATOR) 0 kvi 26214396(104857584)
2024-04-24T04:58:05,226  INFO [LocalJobRunner Map Task Executor #0] mapred.MapTask: mapreduce.task.io.sort.mb: 100
2024-04-24T04:58:05,226  INFO [LocalJobRunner Map Task Executor #0] mapred.MapTask: soft limit at 83886080
2024-04-24T04:58:05,226  INFO [LocalJobRunner Map Task Executor #0] mapred.MapTask: bufstart = 0; bufvoid = 104857600
2024-04-24T04:58:05,226  INFO [LocalJobRunner Map Task Executor #0] mapred.MapTask: kvstart = 26214396; length = 6553600
2024-04-24T04:58:05,226  INFO [LocalJobRunner Map Task Executor #0] mapred.MapTask: Map output collector class = org.apache.hadoop.mapred.MapTask$MapOutputBuffer
2024-04-24T04:58:05,227  INFO [LocalJobRunner Map Task Executor #0] vector.VectorMapOperator: Initializing Operator: MAP[0]
2024-04-24T04:58:05,227  INFO [LocalJobRunner Map Task Executor #0] mr.ExecMapper: 
<MAP>Id =0
  <Children>null
  <\Children>
  <Parent><\Parent>
<\MAP>
2024-04-24T04:58:05,228  INFO [LocalJobRunner Map Task Executor #0] exec.TableScanOperator: Initializing Operator: TS[0]
2024-04-24T04:58:05,228  INFO [LocalJobRunner Map Task Executor #0] vector.VectorSelectOperator: Initializing Operator: SEL[5]
2024-04-24T04:58:05,228  INFO [LocalJobRunner Map Task Executor #0] vector.VectorReduceSinkOperator: Initializing Operator: RS[6]
2024-04-24T04:58:05,229  INFO [LocalJobRunner Map Task Executor #0] vector.VectorReduceSinkOperator: Using tag = -1
2024-04-24T04:58:05,229  INFO [LocalJobRunner Map Task Executor #0] vector.VectorReduceSinkOperator: keys are [_col2] num distributions: 1
2024-04-24T04:58:05,229  INFO [LocalJobRunner Map Task Executor #0] vector.VectorReduceSinkOperator: RS[6]: records written - 1
2024-04-24T04:58:05,230  INFO [LocalJobRunner Map Task Executor #0] vector.VectorMapOperator: Closing Operator: MAP[0]
2024-04-24T04:58:05,230  INFO [LocalJobRunner Map Task Executor #0] vector.VectorMapOperator: DESERIALIZE_ERRORS:0, RECORDS_OUT_INTERMEDIATE:0, RECORDS_IN:1, RECORDS_OUT_OPERATOR_MAP_0:0, 
2024-04-24T04:58:05,230  INFO [LocalJobRunner Map Task Executor #0] exec.TableScanOperator: Closing Operator: TS[0]
2024-04-24T04:58:05,230  INFO [LocalJobRunner Map Task Executor #0] exec.TableScanOperator: RECORDS_OUT_INTERMEDIATE:0, RECORDS_OUT_OPERATOR_TS_0:1, 
2024-04-24T04:58:05,230  INFO [LocalJobRunner Map Task Executor #0] vector.VectorSelectOperator: Closing Operator: SEL[5]
2024-04-24T04:58:05,230  INFO [LocalJobRunner Map Task Executor #0] vector.VectorSelectOperator: RECORDS_OUT_INTERMEDIATE:0, RECORDS_OUT_OPERATOR_SEL_5:1, 
2024-04-24T04:58:05,230  INFO [LocalJobRunner Map Task Executor #0] vector.VectorReduceSinkOperator: Closing Operator: RS[6]
2024-04-24T04:58:05,230  INFO [LocalJobRunner Map Task Executor #0] vector.VectorReduceSinkOperator: RS[6]: Total records written - 1. abort - false
2024-04-24T04:58:05,230  INFO [LocalJobRunner Map Task Executor #0] vector.VectorReduceSinkOperator: RECORDS_OUT_INTERMEDIATE:1, RECORDS_OUT_OPERATOR_RS_6:1, 
2024-04-24T04:58:05,231  INFO [LocalJobRunner Map Task Executor #0] mapred.LocalJobRunner: 
2024-04-24T04:58:05,231  INFO [LocalJobRunner Map Task Executor #0] mapred.MapTask: Starting flush of map output
2024-04-24T04:58:05,231  INFO [LocalJobRunner Map Task Executor #0] mapred.MapTask: Spilling map output
2024-04-24T04:58:05,231  INFO [LocalJobRunner Map Task Executor #0] mapred.MapTask: bufstart = 0; bufend = 17; bufvoid = 104857600
2024-04-24T04:58:05,231  INFO [LocalJobRunner Map Task Executor #0] mapred.MapTask: kvstart = 26214396(104857584); kvend = 26214396(104857584); length = 1/6553600
2024-04-24T04:58:05,239  INFO [LocalJobRunner Map Task Executor #0] mapred.MapTask: Finished spill 0
2024-04-24T04:58:05,242  INFO [LocalJobRunner Map Task Executor #0] mapred.Task: Task:attempt_local533668783_0012_m_000005_0 is done. And is in the process of committing
2024-04-24T04:58:05,243  INFO [LocalJobRunner Map Task Executor #0] mapred.LocalJobRunner: OrcSplit [file:/home/alex/Repositories/hive/ql/target/tmp/org.apache.hadoop.hive.ql.TestTxnNoBuckets-1713959849960/warehouse/tmp/c3=5/000000_0, start=3, length=110, isOriginal=true, fileLength=242, hasFooter=false, hasBase=true, deltas=0]
2024-04-24T04:58:05,243  INFO [LocalJobRunner Map Task Executor #0] mapred.Task: Task 'attempt_local533668783_0012_m_000005_0' done.
2024-04-24T04:58:05,243  INFO [LocalJobRunner Map Task Executor #0] mapred.Task: Final Counters for attempt_local533668783_0012_m_000005_0: Counters: 24
	File System Counters
		FILE: Number of bytes read=255061
		FILE: Number of bytes written=14457514
		FILE: Number of read operations=0
		FILE: Number of large read operations=0
		FILE: Number of write operations=0
	Map-Reduce Framework
		Map input records=1
		Map output records=1
		Map output bytes=17
		Map output materialized bytes=25
		Input split bytes=466
		Combine input records=0
		Spilled Records=1
		Failed Shuffles=0
		Merged Map outputs=0
		GC time elapsed (ms)=0
		Total committed heap usage (bytes)=1098907648
	HIVE
		DESERIALIZE_ERRORS=0
		RECORDS_IN=1
		RECORDS_OUT_INTERMEDIATE=1
		RECORDS_OUT_OPERATOR_MAP_0=0
		RECORDS_OUT_OPERATOR_RS_6=1
		RECORDS_OUT_OPERATOR_SEL_5=1
		RECORDS_OUT_OPERATOR_TS_0=1
	File Input Format Counters 
		Bytes Read=9312
2024-04-24T04:58:05,243  INFO [LocalJobRunner Map Task Executor #0] mapred.LocalJobRunner: Finishing task: attempt_local533668783_0012_m_000005_0
2024-04-24T04:58:05,243  INFO [LocalJobRunner Map Task Executor #0] mapred.LocalJobRunner: Starting task: attempt_local533668783_0012_m_000006_0
2024-04-24T04:58:05,244  INFO [LocalJobRunner Map Task Executor #0] mapred.Task:  Using ResourceCalculatorProcessTree : [ ]
2024-04-24T04:58:05,244  INFO [LocalJobRunner Map Task Executor #0] mapred.MapTask: Processing split: org.apache.hadoop.hive.ql.io.orc.OrcInputFormat:OrcSplit [file:/home/alex/Repositories/hive/ql/target/tmp/org.apache.hadoop.hive.ql.TestTxnNoBuckets-1713959849960/warehouse/tmp/c3=3/000000_0, start=3, length=110, isOriginal=true, fileLength=242, hasFooter=false, hasBase=true, deltas=0]
2024-04-24T04:58:05,244  INFO [LocalJobRunner Map Task Executor #0] exec.SerializationUtilities: Deserializing MapWork using kryo
2024-04-24T04:58:05,245  INFO [LocalJobRunner Map Task Executor #0] exec.Utilities: Deserialized plan (via FILE) - name: null size: 8,20KB
2024-04-24T04:58:05,247  INFO [LocalJobRunner Map Task Executor #0] orc.ReaderImpl: Reading ORC rows from file:/home/alex/Repositories/hive/ql/target/tmp/org.apache.hadoop.hive.ql.TestTxnNoBuckets-1713959849960/warehouse/tmp/c3=3/000000_0 with {include: [true, true, true], offset: 3, length: 110, schema: struct<c1:int,c2:int>, includeAcidColumns: true}
2024-04-24T04:58:05,248  INFO [LocalJobRunner Map Task Executor #0] mapred.MapTask: numReduceTasks: 1
2024-04-24T04:58:05,257  INFO [LocalJobRunner Map Task Executor #0] mapred.MapTask: (EQUATOR) 0 kvi 26214396(104857584)
2024-04-24T04:58:05,257  INFO [LocalJobRunner Map Task Executor #0] mapred.MapTask: mapreduce.task.io.sort.mb: 100
2024-04-24T04:58:05,257  INFO [LocalJobRunner Map Task Executor #0] mapred.MapTask: soft limit at 83886080
2024-04-24T04:58:05,257  INFO [LocalJobRunner Map Task Executor #0] mapred.MapTask: bufstart = 0; bufvoid = 104857600
2024-04-24T04:58:05,257  INFO [LocalJobRunner Map Task Executor #0] mapred.MapTask: kvstart = 26214396; length = 6553600
2024-04-24T04:58:05,258  INFO [LocalJobRunner Map Task Executor #0] mapred.MapTask: Map output collector class = org.apache.hadoop.mapred.MapTask$MapOutputBuffer
2024-04-24T04:58:05,258  INFO [LocalJobRunner Map Task Executor #0] vector.VectorMapOperator: Initializing Operator: MAP[0]
2024-04-24T04:58:05,258  INFO [LocalJobRunner Map Task Executor #0] mr.ExecMapper: 
<MAP>Id =0
  <Children>null
  <\Children>
  <Parent><\Parent>
<\MAP>
2024-04-24T04:58:05,259  INFO [LocalJobRunner Map Task Executor #0] exec.TableScanOperator: Initializing Operator: TS[0]
2024-04-24T04:58:05,259  INFO [LocalJobRunner Map Task Executor #0] vector.VectorSelectOperator: Initializing Operator: SEL[5]
2024-04-24T04:58:05,259  INFO [LocalJobRunner Map Task Executor #0] vector.VectorReduceSinkOperator: Initializing Operator: RS[6]
2024-04-24T04:58:05,259  INFO [LocalJobRunner Map Task Executor #0] vector.VectorReduceSinkOperator: Using tag = -1
2024-04-24T04:58:05,260  INFO [LocalJobRunner Map Task Executor #0] vector.VectorReduceSinkOperator: keys are [_col2] num distributions: 1
2024-04-24T04:58:05,260  INFO [LocalJobRunner Map Task Executor #0] vector.VectorReduceSinkOperator: RS[6]: records written - 1
2024-04-24T04:58:05,260  INFO [LocalJobRunner Map Task Executor #0] vector.VectorMapOperator: Closing Operator: MAP[0]
2024-04-24T04:58:05,260  INFO [LocalJobRunner Map Task Executor #0] vector.VectorMapOperator: RECORDS_OUT_INTERMEDIATE:0, RECORDS_IN:1, RECORDS_OUT_OPERATOR_MAP_0:0, DESERIALIZE_ERRORS:0, 
2024-04-24T04:58:05,260  INFO [LocalJobRunner Map Task Executor #0] exec.TableScanOperator: Closing Operator: TS[0]
2024-04-24T04:58:05,260  INFO [LocalJobRunner Map Task Executor #0] exec.TableScanOperator: RECORDS_OUT_INTERMEDIATE:0, RECORDS_OUT_OPERATOR_TS_0:1, 
2024-04-24T04:58:05,260  INFO [LocalJobRunner Map Task Executor #0] vector.VectorSelectOperator: Closing Operator: SEL[5]
2024-04-24T04:58:05,260  INFO [LocalJobRunner Map Task Executor #0] vector.VectorSelectOperator: RECORDS_OUT_INTERMEDIATE:0, RECORDS_OUT_OPERATOR_SEL_5:1, 
2024-04-24T04:58:05,260  INFO [LocalJobRunner Map Task Executor #0] vector.VectorReduceSinkOperator: Closing Operator: RS[6]
2024-04-24T04:58:05,260  INFO [LocalJobRunner Map Task Executor #0] vector.VectorReduceSinkOperator: RS[6]: Total records written - 1. abort - false
2024-04-24T04:58:05,260  INFO [LocalJobRunner Map Task Executor #0] vector.VectorReduceSinkOperator: RECORDS_OUT_INTERMEDIATE:1, RECORDS_OUT_OPERATOR_RS_6:1, 
2024-04-24T04:58:05,261  INFO [LocalJobRunner Map Task Executor #0] mapred.LocalJobRunner: 
2024-04-24T04:58:05,261  INFO [LocalJobRunner Map Task Executor #0] mapred.MapTask: Starting flush of map output
2024-04-24T04:58:05,261  INFO [LocalJobRunner Map Task Executor #0] mapred.MapTask: Spilling map output
2024-04-24T04:58:05,261  INFO [LocalJobRunner Map Task Executor #0] mapred.MapTask: bufstart = 0; bufend = 17; bufvoid = 104857600
2024-04-24T04:58:05,261  INFO [LocalJobRunner Map Task Executor #0] mapred.MapTask: kvstart = 26214396(104857584); kvend = 26214396(104857584); length = 1/6553600
2024-04-24T04:58:05,269  INFO [LocalJobRunner Map Task Executor #0] mapred.MapTask: Finished spill 0
2024-04-24T04:58:05,272  INFO [LocalJobRunner Map Task Executor #0] mapred.Task: Task:attempt_local533668783_0012_m_000006_0 is done. And is in the process of committing
2024-04-24T04:58:05,272  INFO [LocalJobRunner Map Task Executor #0] mapred.LocalJobRunner: OrcSplit [file:/home/alex/Repositories/hive/ql/target/tmp/org.apache.hadoop.hive.ql.TestTxnNoBuckets-1713959849960/warehouse/tmp/c3=3/000000_0, start=3, length=110, isOriginal=true, fileLength=242, hasFooter=false, hasBase=true, deltas=0]
2024-04-24T04:58:05,272  INFO [LocalJobRunner Map Task Executor #0] mapred.Task: Task 'attempt_local533668783_0012_m_000006_0' done.
2024-04-24T04:58:05,272  INFO [LocalJobRunner Map Task Executor #0] mapred.Task: Final Counters for attempt_local533668783_0012_m_000006_0: Counters: 24
	File System Counters
		FILE: Number of bytes read=265595
		FILE: Number of bytes written=14457571
		FILE: Number of read operations=0
		FILE: Number of large read operations=0
		FILE: Number of write operations=0
	Map-Reduce Framework
		Map input records=1
		Map output records=1
		Map output bytes=17
		Map output materialized bytes=25
		Input split bytes=466
		Combine input records=0
		Spilled Records=1
		Failed Shuffles=0
		Merged Map outputs=0
		GC time elapsed (ms)=5
		Total committed heap usage (bytes)=1097859072
	HIVE
		DESERIALIZE_ERRORS=0
		RECORDS_IN=1
		RECORDS_OUT_INTERMEDIATE=1
		RECORDS_OUT_OPERATOR_MAP_0=0
		RECORDS_OUT_OPERATOR_RS_6=1
		RECORDS_OUT_OPERATOR_SEL_5=1
		RECORDS_OUT_OPERATOR_TS_0=1
	File Input Format Counters 
		Bytes Read=9312
2024-04-24T04:58:05,272  INFO [LocalJobRunner Map Task Executor #0] mapred.LocalJobRunner: Finishing task: attempt_local533668783_0012_m_000006_0
2024-04-24T04:58:05,272  INFO [LocalJobRunner Map Task Executor #0] mapred.LocalJobRunner: Starting task: attempt_local533668783_0012_m_000007_0
2024-04-24T04:58:05,273  INFO [LocalJobRunner Map Task Executor #0] mapred.Task:  Using ResourceCalculatorProcessTree : [ ]
2024-04-24T04:58:05,273  INFO [LocalJobRunner Map Task Executor #0] mapred.MapTask: Processing split: org.apache.hadoop.hive.ql.io.orc.OrcInputFormat:OrcSplit [file:/home/alex/Repositories/hive/ql/target/tmp/org.apache.hadoop.hive.ql.TestTxnNoBuckets-1713959849960/warehouse/tmp/c3=3/000000_0_copy_1, start=3, length=110, isOriginal=true, fileLength=242, hasFooter=false, hasBase=true, deltas=0]
2024-04-24T04:58:05,274  INFO [LocalJobRunner Map Task Executor #0] exec.SerializationUtilities: Deserializing MapWork using kryo
2024-04-24T04:58:05,274  INFO [LocalJobRunner Map Task Executor #0] exec.Utilities: Deserialized plan (via FILE) - name: null size: 8,20KB
2024-04-24T04:58:05,276  INFO [LocalJobRunner Map Task Executor #0] orc.ReaderImpl: Reading ORC rows from file:/home/alex/Repositories/hive/ql/target/tmp/org.apache.hadoop.hive.ql.TestTxnNoBuckets-1713959849960/warehouse/tmp/c3=3/000000_0_copy_1 with {include: [true, true, true], offset: 3, length: 110, schema: struct<c1:int,c2:int>, includeAcidColumns: true}
2024-04-24T04:58:05,277  INFO [LocalJobRunner Map Task Executor #0] mapred.MapTask: numReduceTasks: 1
2024-04-24T04:58:05,281  INFO [LocalJobRunner Map Task Executor #0] mapred.MapTask: (EQUATOR) 0 kvi 26214396(104857584)
2024-04-24T04:58:05,281  INFO [LocalJobRunner Map Task Executor #0] mapred.MapTask: mapreduce.task.io.sort.mb: 100
2024-04-24T04:58:05,281  INFO [LocalJobRunner Map Task Executor #0] mapred.MapTask: soft limit at 83886080
2024-04-24T04:58:05,281  INFO [LocalJobRunner Map Task Executor #0] mapred.MapTask: bufstart = 0; bufvoid = 104857600
2024-04-24T04:58:05,281  INFO [LocalJobRunner Map Task Executor #0] mapred.MapTask: kvstart = 26214396; length = 6553600
2024-04-24T04:58:05,281  INFO [LocalJobRunner Map Task Executor #0] mapred.MapTask: Map output collector class = org.apache.hadoop.mapred.MapTask$MapOutputBuffer
2024-04-24T04:58:05,282  INFO [LocalJobRunner Map Task Executor #0] vector.VectorMapOperator: Initializing Operator: MAP[0]
2024-04-24T04:58:05,282  INFO [LocalJobRunner Map Task Executor #0] mr.ExecMapper: 
<MAP>Id =0
  <Children>null
  <\Children>
  <Parent><\Parent>
<\MAP>
2024-04-24T04:58:05,283  INFO [LocalJobRunner Map Task Executor #0] exec.TableScanOperator: Initializing Operator: TS[0]
2024-04-24T04:58:05,283  INFO [LocalJobRunner Map Task Executor #0] vector.VectorSelectOperator: Initializing Operator: SEL[5]
2024-04-24T04:58:05,283  INFO [LocalJobRunner Map Task Executor #0] vector.VectorReduceSinkOperator: Initializing Operator: RS[6]
2024-04-24T04:58:05,283  INFO [LocalJobRunner Map Task Executor #0] vector.VectorReduceSinkOperator: Using tag = -1
2024-04-24T04:58:05,284  INFO [LocalJobRunner Map Task Executor #0] vector.VectorReduceSinkOperator: keys are [_col2] num distributions: 1
2024-04-24T04:58:05,284  INFO [LocalJobRunner Map Task Executor #0] vector.VectorReduceSinkOperator: RS[6]: records written - 1
2024-04-24T04:58:05,284  INFO [LocalJobRunner Map Task Executor #0] vector.VectorMapOperator: Closing Operator: MAP[0]
2024-04-24T04:58:05,284  INFO [LocalJobRunner Map Task Executor #0] vector.VectorMapOperator: RECORDS_OUT_INTERMEDIATE:0, DESERIALIZE_ERRORS:0, RECORDS_OUT_OPERATOR_MAP_0:0, RECORDS_IN:1, 
2024-04-24T04:58:05,284  INFO [LocalJobRunner Map Task Executor #0] exec.TableScanOperator: Closing Operator: TS[0]
2024-04-24T04:58:05,284  INFO [LocalJobRunner Map Task Executor #0] exec.TableScanOperator: RECORDS_OUT_INTERMEDIATE:0, RECORDS_OUT_OPERATOR_TS_0:1, 
2024-04-24T04:58:05,284  INFO [LocalJobRunner Map Task Executor #0] vector.VectorSelectOperator: Closing Operator: SEL[5]
2024-04-24T04:58:05,284  INFO [LocalJobRunner Map Task Executor #0] vector.VectorSelectOperator: RECORDS_OUT_OPERATOR_SEL_5:1, RECORDS_OUT_INTERMEDIATE:0, 
2024-04-24T04:58:05,284  INFO [LocalJobRunner Map Task Executor #0] vector.VectorReduceSinkOperator: Closing Operator: RS[6]
2024-04-24T04:58:05,284  INFO [LocalJobRunner Map Task Executor #0] vector.VectorReduceSinkOperator: RS[6]: Total records written - 1. abort - false
2024-04-24T04:58:05,284  INFO [LocalJobRunner Map Task Executor #0] vector.VectorReduceSinkOperator: RECORDS_OUT_INTERMEDIATE:1, RECORDS_OUT_OPERATOR_RS_6:1, 
2024-04-24T04:58:05,285  INFO [LocalJobRunner Map Task Executor #0] mapred.LocalJobRunner: 
2024-04-24T04:58:05,285  INFO [LocalJobRunner Map Task Executor #0] mapred.MapTask: Starting flush of map output
2024-04-24T04:58:05,285  INFO [LocalJobRunner Map Task Executor #0] mapred.MapTask: Spilling map output
2024-04-24T04:58:05,285  INFO [LocalJobRunner Map Task Executor #0] mapred.MapTask: bufstart = 0; bufend = 17; bufvoid = 104857600
2024-04-24T04:58:05,285  INFO [LocalJobRunner Map Task Executor #0] mapred.MapTask: kvstart = 26214396(104857584); kvend = 26214396(104857584); length = 1/6553600
2024-04-24T04:58:05,294  INFO [LocalJobRunner Map Task Executor #0] mapred.MapTask: Finished spill 0
2024-04-24T04:58:05,297  INFO [LocalJobRunner Map Task Executor #0] mapred.Task: Task:attempt_local533668783_0012_m_000007_0 is done. And is in the process of committing
2024-04-24T04:58:05,297  INFO [LocalJobRunner Map Task Executor #0] mapred.LocalJobRunner: OrcSplit [file:/home/alex/Repositories/hive/ql/target/tmp/org.apache.hadoop.hive.ql.TestTxnNoBuckets-1713959849960/warehouse/tmp/c3=3/000000_0_copy_1, start=3, length=110, isOriginal=true, fileLength=242, hasFooter=false, hasBase=true, deltas=0]
2024-04-24T04:58:05,297  INFO [LocalJobRunner Map Task Executor #0] mapred.Task: Task 'attempt_local533668783_0012_m_000007_0' done.
2024-04-24T04:58:05,297  INFO [LocalJobRunner Map Task Executor #0] mapred.Task: Final Counters for attempt_local533668783_0012_m_000007_0: Counters: 24
	File System Counters
		FILE: Number of bytes read=275617
		FILE: Number of bytes written=14457628
		FILE: Number of read operations=0
		FILE: Number of large read operations=0
		FILE: Number of write operations=0
	Map-Reduce Framework
		Map input records=1
		Map output records=1
		Map output bytes=17
		Map output materialized bytes=25
		Input split bytes=473
		Combine input records=0
		Spilled Records=1
		Failed Shuffles=0
		Merged Map outputs=0
		GC time elapsed (ms)=0
		Total committed heap usage (bytes)=1097859072
	HIVE
		DESERIALIZE_ERRORS=0
		RECORDS_IN=1
		RECORDS_OUT_INTERMEDIATE=1
		RECORDS_OUT_OPERATOR_MAP_0=0
		RECORDS_OUT_OPERATOR_RS_6=1
		RECORDS_OUT_OPERATOR_SEL_5=1
		RECORDS_OUT_OPERATOR_TS_0=1
	File Input Format Counters 
		Bytes Read=9312
2024-04-24T04:58:05,297  INFO [LocalJobRunner Map Task Executor #0] mapred.LocalJobRunner: Finishing task: attempt_local533668783_0012_m_000007_0
2024-04-24T04:58:05,298  INFO [Thread-744] mapred.LocalJobRunner: map task executor complete.
2024-04-24T04:58:05,298  INFO [Thread-744] mapred.LocalJobRunner: Waiting for reduce tasks
2024-04-24T04:58:05,298  INFO [pool-71-thread-1] mapred.LocalJobRunner: Starting task: attempt_local533668783_0012_r_000000_0
2024-04-24T04:58:05,299  INFO [pool-71-thread-1] mapred.Task:  Using ResourceCalculatorProcessTree : [ ]
2024-04-24T04:58:05,299  INFO [pool-71-thread-1] mapred.ReduceTask: Using ShuffleConsumerPlugin: org.apache.hadoop.mapreduce.task.reduce.Shuffle@66c5bb5a
2024-04-24T04:58:05,299  WARN [pool-71-thread-1] impl.MetricsSystemImpl: JobTracker metrics system already initialized!
2024-04-24T04:58:05,300  INFO [pool-71-thread-1] reduce.MergeManagerImpl: MergerManager: memoryLimit=1336252800, maxSingleShuffleLimit=334063200, mergeThreshold=881926912, ioSortFactor=10, memToMemMergeOutputsThreshold=10
2024-04-24T04:58:05,301  INFO [EventFetcher for fetching Map Completion Events] reduce.EventFetcher: attempt_local533668783_0012_r_000000_0 Thread started: EventFetcher for fetching Map Completion Events
2024-04-24T04:58:05,304  INFO [localfetcher#9] reduce.LocalFetcher: localfetcher#9 about to shuffle output of map attempt_local533668783_0012_m_000005_0 decomp: 21 len: 25 to MEMORY
2024-04-24T04:58:05,304  INFO [localfetcher#9] reduce.InMemoryMapOutput: Read 21 bytes from map-output for attempt_local533668783_0012_m_000005_0
2024-04-24T04:58:05,304  INFO [localfetcher#9] reduce.MergeManagerImpl: closeInMemoryFile -> map-output of size: 21, inMemoryMapOutputs.size() -> 1, commitMemory -> 0, usedMemory ->21
2024-04-24T04:58:05,307  INFO [localfetcher#9] reduce.LocalFetcher: localfetcher#9 about to shuffle output of map attempt_local533668783_0012_m_000006_0 decomp: 21 len: 25 to MEMORY
2024-04-24T04:58:05,307  INFO [localfetcher#9] reduce.InMemoryMapOutput: Read 21 bytes from map-output for attempt_local533668783_0012_m_000006_0
2024-04-24T04:58:05,307  INFO [localfetcher#9] reduce.MergeManagerImpl: closeInMemoryFile -> map-output of size: 21, inMemoryMapOutputs.size() -> 2, commitMemory -> 21, usedMemory ->42
2024-04-24T04:58:05,309  INFO [localfetcher#9] reduce.LocalFetcher: localfetcher#9 about to shuffle output of map attempt_local533668783_0012_m_000001_0 decomp: 21 len: 25 to MEMORY
2024-04-24T04:58:05,310  INFO [localfetcher#9] reduce.InMemoryMapOutput: Read 21 bytes from map-output for attempt_local533668783_0012_m_000001_0
2024-04-24T04:58:05,310  INFO [localfetcher#9] reduce.MergeManagerImpl: closeInMemoryFile -> map-output of size: 21, inMemoryMapOutputs.size() -> 3, commitMemory -> 42, usedMemory ->63
2024-04-24T04:58:05,312  INFO [localfetcher#9] reduce.LocalFetcher: localfetcher#9 about to shuffle output of map attempt_local533668783_0012_m_000002_0 decomp: 21 len: 25 to MEMORY
2024-04-24T04:58:05,312  INFO [localfetcher#9] reduce.InMemoryMapOutput: Read 21 bytes from map-output for attempt_local533668783_0012_m_000002_0
2024-04-24T04:58:05,312  INFO [localfetcher#9] reduce.MergeManagerImpl: closeInMemoryFile -> map-output of size: 21, inMemoryMapOutputs.size() -> 4, commitMemory -> 63, usedMemory ->84
2024-04-24T04:58:05,314  INFO [localfetcher#9] reduce.LocalFetcher: localfetcher#9 about to shuffle output of map attempt_local533668783_0012_m_000004_0 decomp: 21 len: 25 to MEMORY
2024-04-24T04:58:05,315  INFO [localfetcher#9] reduce.InMemoryMapOutput: Read 21 bytes from map-output for attempt_local533668783_0012_m_000004_0
2024-04-24T04:58:05,315  INFO [localfetcher#9] reduce.MergeManagerImpl: closeInMemoryFile -> map-output of size: 21, inMemoryMapOutputs.size() -> 5, commitMemory -> 84, usedMemory ->105
2024-04-24T04:58:05,317  INFO [localfetcher#9] reduce.LocalFetcher: localfetcher#9 about to shuffle output of map attempt_local533668783_0012_m_000007_0 decomp: 21 len: 25 to MEMORY
2024-04-24T04:58:05,318  INFO [localfetcher#9] reduce.InMemoryMapOutput: Read 21 bytes from map-output for attempt_local533668783_0012_m_000007_0
2024-04-24T04:58:05,318  INFO [localfetcher#9] reduce.MergeManagerImpl: closeInMemoryFile -> map-output of size: 21, inMemoryMapOutputs.size() -> 6, commitMemory -> 105, usedMemory ->126
2024-04-24T04:58:05,320  INFO [localfetcher#9] reduce.LocalFetcher: localfetcher#9 about to shuffle output of map attempt_local533668783_0012_m_000003_0 decomp: 21 len: 25 to MEMORY
2024-04-24T04:58:05,320  INFO [localfetcher#9] reduce.InMemoryMapOutput: Read 21 bytes from map-output for attempt_local533668783_0012_m_000003_0
2024-04-24T04:58:05,320  INFO [localfetcher#9] reduce.MergeManagerImpl: closeInMemoryFile -> map-output of size: 21, inMemoryMapOutputs.size() -> 7, commitMemory -> 126, usedMemory ->147
2024-04-24T04:58:05,323  INFO [localfetcher#9] reduce.LocalFetcher: localfetcher#9 about to shuffle output of map attempt_local533668783_0012_m_000000_0 decomp: 21 len: 25 to MEMORY
2024-04-24T04:58:05,323  INFO [localfetcher#9] reduce.InMemoryMapOutput: Read 21 bytes from map-output for attempt_local533668783_0012_m_000000_0
2024-04-24T04:58:05,323  INFO [localfetcher#9] reduce.MergeManagerImpl: closeInMemoryFile -> map-output of size: 21, inMemoryMapOutputs.size() -> 8, commitMemory -> 147, usedMemory ->168
2024-04-24T04:58:05,323  INFO [EventFetcher for fetching Map Completion Events] reduce.EventFetcher: EventFetcher is interrupted.. Returning
2024-04-24T04:58:05,324  INFO [pool-71-thread-1] mapred.LocalJobRunner: 8 / 8 copied.
2024-04-24T04:58:05,324  INFO [pool-71-thread-1] reduce.MergeManagerImpl: finalMerge called with 8 in-memory map-outputs and 0 on-disk map-outputs
2024-04-24T04:58:05,330  INFO [pool-71-thread-1] mapred.Merger: Merging 8 sorted segments
2024-04-24T04:58:05,331  INFO [pool-71-thread-1] mapred.Merger: Down to the last merge-pass, with 8 segments left of total size: 72 bytes
2024-04-24T04:58:05,338  INFO [pool-71-thread-1] reduce.MergeManagerImpl: Merged 8 segments, 168 bytes to disk to satisfy reduce memory limit
2024-04-24T04:58:05,339  INFO [pool-71-thread-1] reduce.MergeManagerImpl: Merging 1 files, 158 bytes from disk
2024-04-24T04:58:05,339  INFO [pool-71-thread-1] reduce.MergeManagerImpl: Merging 0 segments, 0 bytes from memory into reduce
2024-04-24T04:58:05,339  INFO [pool-71-thread-1] mapred.Merger: Merging 1 sorted segments
2024-04-24T04:58:05,339  INFO [pool-71-thread-1] mapred.Merger: Down to the last merge-pass, with 1 segments left of total size: 142 bytes
2024-04-24T04:58:05,339  INFO [pool-71-thread-1] mapred.LocalJobRunner: 8 / 8 copied.
2024-04-24T04:58:05,340  INFO [pool-71-thread-1] exec.SerializationUtilities: Deserializing ReduceWork using kryo
2024-04-24T04:58:05,342  INFO [pool-71-thread-1] exec.Utilities: Deserialized plan (via FILE) - name: null size: 6,77KB
2024-04-24T04:58:05,345  INFO [pool-71-thread-1] ExecReducer: 
<SEL>Id =4
  <Children>
    <FS>Id =2
      <Children>
      <\Children>
      <Parent>Id = 4 null<\Parent>
    <\FS>
  <\Children>
  <Parent><\Parent>
<\SEL>
2024-04-24T04:58:05,345  INFO [pool-71-thread-1] exec.SelectOperator: Initializing Operator: SEL[4]
2024-04-24T04:58:05,345  INFO [pool-71-thread-1] exec.SelectOperator: SELECT struct<key:struct<_col2:int>,value:struct<_col0:int,_col1:int>>
2024-04-24T04:58:05,345  INFO [pool-71-thread-1] exec.FileSinkOperator: Initializing Operator: FS[2]
2024-04-24T04:58:05,346  INFO [pool-71-thread-1] exec.FileSinkOperator: Using serializer : AbstractSerDe [log=org.apache.logging.slf4j.Log4jLogger@7620dc3c, configuration=Optional[Configuration: core-default.xml, core-site.xml, mapred-default.xml, mapred-site.xml, yarn-default.xml, yarn-site.xml, hdfs-default.xml, hdfs-site.xml, file:/home/alex/Repositories/hive/ql/target/tmp/TestTxnNoBucketsVectorized/mapred/local/localRunner/alex/job_local533668783_0012/job_local533668783_0012.xml], properties={transactional_properties=default, name=default.nobuckets, transactional=true, columns.types=int:int, columns=c1,c2, columns.comments=&amp#0;, partition_columns.types=int, partition_columns=c3, bucketing_version=2, serialization.lib=org.apache.hadoop.hive.ql.io.orc.OrcSerde, file.inputformat=org.apache.hadoop.hive.ql.io.orc.OrcInputFormat, file.outputformat=org.apache.hadoop.hive.ql.io.orc.OrcOutputFormat, location=file:/home/alex/Repositories/hive/ql/target/tmp/org.apache.hadoop.hive.ql.TestTxnNoBuckets-1713959849960/warehouse/nobuckets, column.name.delimiter=,}, tableProperties={transactional_properties=default, name=default.nobuckets, transactional=true, columns.types=int:int, columns=c1,c2, columns.comments=&amp#0;, partition_columns.types=int, partition_columns=c3, bucketing_version=2, serialization.lib=org.apache.hadoop.hive.ql.io.orc.OrcSerde, file.inputformat=org.apache.hadoop.hive.ql.io.orc.OrcInputFormat, location=file:/home/alex/Repositories/hive/ql/target/tmp/org.apache.hadoop.hive.ql.TestTxnNoBuckets-1713959849960/warehouse/nobuckets, file.outputformat=org.apache.hadoop.hive.ql.io.orc.OrcOutputFormat, column.name.delimiter=,}, partitionProperties=Optional.empty, columnNames=[c1, c2], columnTypes=[int, int], getClass()=class org.apache.hadoop.hive.ql.io.orc.OrcSerde] and formatter : org.apache.hadoop.hive.ql.io.orc.OrcOutputFormat@166f919
2024-04-24T04:58:05,347  INFO [pool-71-thread-1] exec.FileSinkOperator: Final Path: FS file:/home/alex/Repositories/hive/ql/target/tmp/org.apache.hadoop.hive.ql.TestTxnNoBuckets-1713959849960/warehouse/nobuckets/c3=0
2024-04-24T04:58:05,347  INFO [pool-71-thread-1] exec.FileSinkOperator: New Final Path: FS file:/home/alex/Repositories/hive/ql/target/tmp/org.apache.hadoop.hive.ql.TestTxnNoBuckets-1713959849960/warehouse/nobuckets/c3=0
2024-04-24T04:58:05,353  INFO [pool-71-thread-1] common.FileUtils: Creating directory if it doesn't exist: file:/home/alex/Repositories/hive/ql/target/tmp/org.apache.hadoop.hive.ql.TestTxnNoBuckets-1713959849960/warehouse/nobuckets
2024-04-24T04:58:05,354  INFO [pool-71-thread-1] exec.FileSinkOperator: FS[2]: records written - 1
2024-04-24T04:58:05,354  INFO [pool-71-thread-1] impl.PhysicalFsWriter: ORC writer created for path: file:/home/alex/Repositories/hive/ql/target/tmp/org.apache.hadoop.hive.ql.TestTxnNoBuckets-1713959849960/warehouse/nobuckets/c3=0/delta_0000001_0000001_0000/bucket_00000_0 with stripeSize: 8388608 blockSize: 268435456 compression: Compress: ZLIB buffer: 32768
2024-04-24T04:58:05,372  INFO [pool-71-thread-1] impl.WriterImpl: ORC writer created for path: file:/home/alex/Repositories/hive/ql/target/tmp/org.apache.hadoop.hive.ql.TestTxnNoBuckets-1713959849960/warehouse/nobuckets/c3=0/delta_0000001_0000001_0000/bucket_00000_0 with stripeSize: 8388608 options: Compress: ZLIB buffer: 32768
2024-04-24T04:58:05,390  INFO [pool-71-thread-1] exec.FileSinkOperator: Final Path: FS file:/home/alex/Repositories/hive/ql/target/tmp/org.apache.hadoop.hive.ql.TestTxnNoBuckets-1713959849960/warehouse/nobuckets/c3=1
2024-04-24T04:58:05,390  INFO [pool-71-thread-1] exec.FileSinkOperator: New Final Path: FS file:/home/alex/Repositories/hive/ql/target/tmp/org.apache.hadoop.hive.ql.TestTxnNoBuckets-1713959849960/warehouse/nobuckets/c3=1
2024-04-24T04:58:05,395  INFO [pool-71-thread-1] common.FileUtils: Creating directory if it doesn't exist: file:/home/alex/Repositories/hive/ql/target/tmp/org.apache.hadoop.hive.ql.TestTxnNoBuckets-1713959849960/warehouse/nobuckets
2024-04-24T04:58:05,397  INFO [pool-71-thread-1] impl.PhysicalFsWriter: ORC writer created for path: file:/home/alex/Repositories/hive/ql/target/tmp/org.apache.hadoop.hive.ql.TestTxnNoBuckets-1713959849960/warehouse/nobuckets/c3=1/delta_0000001_0000001_0000/bucket_00000_0 with stripeSize: 8388608 blockSize: 268435456 compression: Compress: ZLIB buffer: 32768
2024-04-24T04:58:05,415  INFO [pool-71-thread-1] impl.WriterImpl: ORC writer created for path: file:/home/alex/Repositories/hive/ql/target/tmp/org.apache.hadoop.hive.ql.TestTxnNoBuckets-1713959849960/warehouse/nobuckets/c3=1/delta_0000001_0000001_0000/bucket_00000_0 with stripeSize: 8388608 options: Compress: ZLIB buffer: 32768
2024-04-24T04:58:05,432  INFO [pool-71-thread-1] exec.FileSinkOperator: Final Path: FS file:/home/alex/Repositories/hive/ql/target/tmp/org.apache.hadoop.hive.ql.TestTxnNoBuckets-1713959849960/warehouse/nobuckets/c3=2
2024-04-24T04:58:05,432  INFO [pool-71-thread-1] exec.FileSinkOperator: New Final Path: FS file:/home/alex/Repositories/hive/ql/target/tmp/org.apache.hadoop.hive.ql.TestTxnNoBuckets-1713959849960/warehouse/nobuckets/c3=2
2024-04-24T04:58:05,438  INFO [pool-71-thread-1] common.FileUtils: Creating directory if it doesn't exist: file:/home/alex/Repositories/hive/ql/target/tmp/org.apache.hadoop.hive.ql.TestTxnNoBuckets-1713959849960/warehouse/nobuckets
2024-04-24T04:58:05,439  INFO [pool-71-thread-1] impl.PhysicalFsWriter: ORC writer created for path: file:/home/alex/Repositories/hive/ql/target/tmp/org.apache.hadoop.hive.ql.TestTxnNoBuckets-1713959849960/warehouse/nobuckets/c3=2/delta_0000001_0000001_0000/bucket_00000_0 with stripeSize: 8388608 blockSize: 268435456 compression: Compress: ZLIB buffer: 32768
2024-04-24T04:58:05,457  INFO [pool-71-thread-1] impl.WriterImpl: ORC writer created for path: file:/home/alex/Repositories/hive/ql/target/tmp/org.apache.hadoop.hive.ql.TestTxnNoBuckets-1713959849960/warehouse/nobuckets/c3=2/delta_0000001_0000001_0000/bucket_00000_0 with stripeSize: 8388608 options: Compress: ZLIB buffer: 32768
2024-04-24T04:58:05,475  INFO [pool-71-thread-1] exec.FileSinkOperator: Final Path: FS file:/home/alex/Repositories/hive/ql/target/tmp/org.apache.hadoop.hive.ql.TestTxnNoBuckets-1713959849960/warehouse/nobuckets/c3=3
2024-04-24T04:58:05,475  INFO [pool-71-thread-1] exec.FileSinkOperator: New Final Path: FS file:/home/alex/Repositories/hive/ql/target/tmp/org.apache.hadoop.hive.ql.TestTxnNoBuckets-1713959849960/warehouse/nobuckets/c3=3
2024-04-24T04:58:05,481  INFO [pool-71-thread-1] common.FileUtils: Creating directory if it doesn't exist: file:/home/alex/Repositories/hive/ql/target/tmp/org.apache.hadoop.hive.ql.TestTxnNoBuckets-1713959849960/warehouse/nobuckets
2024-04-24T04:58:05,482  INFO [pool-71-thread-1] impl.PhysicalFsWriter: ORC writer created for path: file:/home/alex/Repositories/hive/ql/target/tmp/org.apache.hadoop.hive.ql.TestTxnNoBuckets-1713959849960/warehouse/nobuckets/c3=3/delta_0000001_0000001_0000/bucket_00000_0 with stripeSize: 8388608 blockSize: 268435456 compression: Compress: ZLIB buffer: 32768
2024-04-24T04:58:05,500  INFO [pool-71-thread-1] impl.WriterImpl: ORC writer created for path: file:/home/alex/Repositories/hive/ql/target/tmp/org.apache.hadoop.hive.ql.TestTxnNoBuckets-1713959849960/warehouse/nobuckets/c3=3/delta_0000001_0000001_0000/bucket_00000_0 with stripeSize: 8388608 options: Compress: ZLIB buffer: 32768
2024-04-24T04:58:05,518  INFO [pool-71-thread-1] exec.FileSinkOperator: Final Path: FS file:/home/alex/Repositories/hive/ql/target/tmp/org.apache.hadoop.hive.ql.TestTxnNoBuckets-1713959849960/warehouse/nobuckets/c3=4
2024-04-24T04:58:05,518  INFO [pool-71-thread-1] exec.FileSinkOperator: New Final Path: FS file:/home/alex/Repositories/hive/ql/target/tmp/org.apache.hadoop.hive.ql.TestTxnNoBuckets-1713959849960/warehouse/nobuckets/c3=4
2024-04-24T04:58:05,524  INFO [pool-71-thread-1] common.FileUtils: Creating directory if it doesn't exist: file:/home/alex/Repositories/hive/ql/target/tmp/org.apache.hadoop.hive.ql.TestTxnNoBuckets-1713959849960/warehouse/nobuckets
2024-04-24T04:58:05,525  INFO [pool-71-thread-1] impl.PhysicalFsWriter: ORC writer created for path: file:/home/alex/Repositories/hive/ql/target/tmp/org.apache.hadoop.hive.ql.TestTxnNoBuckets-1713959849960/warehouse/nobuckets/c3=4/delta_0000001_0000001_0000/bucket_00000_0 with stripeSize: 8388608 blockSize: 268435456 compression: Compress: ZLIB buffer: 32768
2024-04-24T04:58:05,543  INFO [pool-71-thread-1] impl.WriterImpl: ORC writer created for path: file:/home/alex/Repositories/hive/ql/target/tmp/org.apache.hadoop.hive.ql.TestTxnNoBuckets-1713959849960/warehouse/nobuckets/c3=4/delta_0000001_0000001_0000/bucket_00000_0 with stripeSize: 8388608 options: Compress: ZLIB buffer: 32768
2024-04-24T04:58:05,560  INFO [pool-71-thread-1] exec.FileSinkOperator: Final Path: FS file:/home/alex/Repositories/hive/ql/target/tmp/org.apache.hadoop.hive.ql.TestTxnNoBuckets-1713959849960/warehouse/nobuckets/c3=5
2024-04-24T04:58:05,560  INFO [pool-71-thread-1] exec.FileSinkOperator: New Final Path: FS file:/home/alex/Repositories/hive/ql/target/tmp/org.apache.hadoop.hive.ql.TestTxnNoBuckets-1713959849960/warehouse/nobuckets/c3=5
2024-04-24T04:58:05,566  INFO [pool-71-thread-1] common.FileUtils: Creating directory if it doesn't exist: file:/home/alex/Repositories/hive/ql/target/tmp/org.apache.hadoop.hive.ql.TestTxnNoBuckets-1713959849960/warehouse/nobuckets
2024-04-24T04:58:05,567  INFO [pool-71-thread-1] impl.PhysicalFsWriter: ORC writer created for path: file:/home/alex/Repositories/hive/ql/target/tmp/org.apache.hadoop.hive.ql.TestTxnNoBuckets-1713959849960/warehouse/nobuckets/c3=5/delta_0000001_0000001_0000/bucket_00000_0 with stripeSize: 8388608 blockSize: 268435456 compression: Compress: ZLIB buffer: 32768
2024-04-24T04:58:05,586  INFO [pool-71-thread-1] impl.WriterImpl: ORC writer created for path: file:/home/alex/Repositories/hive/ql/target/tmp/org.apache.hadoop.hive.ql.TestTxnNoBuckets-1713959849960/warehouse/nobuckets/c3=5/delta_0000001_0000001_0000/bucket_00000_0 with stripeSize: 8388608 options: Compress: ZLIB buffer: 32768
2024-04-24T04:58:05,603  INFO [pool-71-thread-1] exec.FileSinkOperator: Final Path: FS file:/home/alex/Repositories/hive/ql/target/tmp/org.apache.hadoop.hive.ql.TestTxnNoBuckets-1713959849960/warehouse/nobuckets/c3=6
2024-04-24T04:58:05,603  INFO [pool-71-thread-1] exec.FileSinkOperator: New Final Path: FS file:/home/alex/Repositories/hive/ql/target/tmp/org.apache.hadoop.hive.ql.TestTxnNoBuckets-1713959849960/warehouse/nobuckets/c3=6
2024-04-24T04:58:05,608  INFO [pool-71-thread-1] common.FileUtils: Creating directory if it doesn't exist: file:/home/alex/Repositories/hive/ql/target/tmp/org.apache.hadoop.hive.ql.TestTxnNoBuckets-1713959849960/warehouse/nobuckets
2024-04-24T04:58:05,610  INFO [pool-71-thread-1] impl.PhysicalFsWriter: ORC writer created for path: file:/home/alex/Repositories/hive/ql/target/tmp/org.apache.hadoop.hive.ql.TestTxnNoBuckets-1713959849960/warehouse/nobuckets/c3=6/delta_0000001_0000001_0000/bucket_00000_0 with stripeSize: 8388608 blockSize: 268435456 compression: Compress: ZLIB buffer: 32768
2024-04-24T04:58:05,628  INFO [pool-71-thread-1] impl.WriterImpl: ORC writer created for path: file:/home/alex/Repositories/hive/ql/target/tmp/org.apache.hadoop.hive.ql.TestTxnNoBuckets-1713959849960/warehouse/nobuckets/c3=6/delta_0000001_0000001_0000/bucket_00000_0 with stripeSize: 8388608 options: Compress: ZLIB buffer: 32768
2024-04-24T04:58:05,636  INFO [pool-71-thread-1] exec.SelectOperator: Closing Operator: SEL[4]
2024-04-24T04:58:05,636  INFO [pool-71-thread-1] exec.SelectOperator: RECORDS_OUT_OPERATOR_SEL_4:8, RECORDS_OUT_INTERMEDIATE:0, 
2024-04-24T04:58:05,636  INFO [pool-71-thread-1] exec.FileSinkOperator: Closing Operator: FS[2]
2024-04-24T04:58:05,636  INFO [pool-71-thread-1] exec.FileSinkOperator: FS[2]: records written - 8
2024-04-24T04:58:05,639  INFO [pool-71-thread-1] FileOperations: Writing manifest to file:/home/alex/Repositories/hive/ql/target/tmp/org.apache.hadoop.hive.ql.TestTxnNoBuckets-1713959849960/warehouse/nobuckets/_tmp.delta_0000001_0000001_0000/000000_0.manifest with [file:/home/alex/Repositories/hive/ql/target/tmp/org.apache.hadoop.hive.ql.TestTxnNoBuckets-1713959849960/warehouse/nobuckets/c3=6/delta_0000001_0000001_0000/bucket_00000_0, file:/home/alex/Repositories/hive/ql/target/tmp/org.apache.hadoop.hive.ql.TestTxnNoBuckets-1713959849960/warehouse/nobuckets/c3=2/delta_0000001_0000001_0000/bucket_00000_0, file:/home/alex/Repositories/hive/ql/target/tmp/org.apache.hadoop.hive.ql.TestTxnNoBuckets-1713959849960/warehouse/nobuckets/c3=4/delta_0000001_0000001_0000/bucket_00000_0, file:/home/alex/Repositories/hive/ql/target/tmp/org.apache.hadoop.hive.ql.TestTxnNoBuckets-1713959849960/warehouse/nobuckets/c3=0/delta_0000001_0000001_0000/bucket_00000_0, file:/home/alex/Repositories/hive/ql/target/tmp/org.apache.hadoop.hive.ql.TestTxnNoBuckets-1713959849960/warehouse/nobuckets/c3=3/delta_0000001_0000001_0000/bucket_00000_0, file:/home/alex/Repositories/hive/ql/target/tmp/org.apache.hadoop.hive.ql.TestTxnNoBuckets-1713959849960/warehouse/nobuckets/c3=5/delta_0000001_0000001_0000/bucket_00000_0, file:/home/alex/Repositories/hive/ql/target/tmp/org.apache.hadoop.hive.ql.TestTxnNoBuckets-1713959849960/warehouse/nobuckets/c3=1/delta_0000001_0000001_0000/bucket_00000_0]
2024-04-24T04:58:05,653  INFO [pool-71-thread-1] exec.FileSinkOperator: RECORDS_OUT_OPERATOR_FS_2:8, RECORDS_OUT_1_default.nobuckets:8, RECORDS_OUT_INTERMEDIATE:0, TOTAL_TABLE_ROWS_WRITTEN:8, 
2024-04-24T04:58:05,654  INFO [pool-71-thread-1] mapred.Task: Task:attempt_local533668783_0012_r_000000_0 is done. And is in the process of committing
2024-04-24T04:58:05,654  INFO [pool-71-thread-1] mapred.LocalJobRunner: reduce > reduce
2024-04-24T04:58:05,654  INFO [pool-71-thread-1] mapred.Task: Task 'attempt_local533668783_0012_r_000000_0' done.
2024-04-24T04:58:05,654  INFO [pool-71-thread-1] mapred.Task: Final Counters for attempt_local533668783_0012_r_000000_0: Counters: 31
	File System Counters
		FILE: Number of bytes read=283070
		FILE: Number of bytes written=14464405
		FILE: Number of read operations=0
		FILE: Number of large read operations=0
		FILE: Number of write operations=0
	Map-Reduce Framework
		Combine input records=0
		Combine output records=0
		Reduce input groups=7
		Reduce shuffle bytes=200
		Reduce input records=8
		Reduce output records=0
		Spilled Records=8
		Shuffled Maps =8
		Failed Shuffles=0
		Merged Map outputs=8
		GC time elapsed (ms)=0
		Total committed heap usage (bytes)=1097859072
	HIVE
		CREATED_DYNAMIC_PARTITIONS=7
		CREATED_FILES=7
		RECORDS_OUT_1_default.nobuckets=8
		RECORDS_OUT_INTERMEDIATE=0
		RECORDS_OUT_OPERATOR_FS_2=8
		RECORDS_OUT_OPERATOR_SEL_4=8
		TOTAL_TABLE_ROWS_WRITTEN=8
	Shuffle Errors
		BAD_ID=0
		CONNECTION=0
		IO_ERROR=0
		WRONG_LENGTH=0
		WRONG_MAP=0
		WRONG_REDUCE=0
	File Output Format Counters 
		Bytes Written=0
2024-04-24T04:58:05,654  INFO [pool-71-thread-1] mapred.LocalJobRunner: Finishing task: attempt_local533668783_0012_r_000000_0
2024-04-24T04:58:05,654  INFO [Thread-744] mapred.LocalJobRunner: reduce task executor complete.
2024-04-24 04:58:06,089 Stage-1 map = 100%,  reduce = 100%
2024-04-24T04:58:06,089  INFO [main] exec.Task: 2024-04-24 04:58:06,089 Stage-1 map = 100%,  reduce = 100%
Ended Job = job_local533668783_0012
2024-04-24T04:58:06,092  INFO [main] exec.Task: Ended Job = job_local533668783_0012
2024-04-24T04:58:06,093  INFO [main] FileOperations: Found manifest file file:/home/alex/Repositories/hive/ql/target/tmp/org.apache.hadoop.hive.ql.TestTxnNoBuckets-1713959849960/warehouse/nobuckets/_tmp.delta_0000001_0000001_0000/000000_0.manifest with attemptId 0.
2024-04-24T04:58:06,093  INFO [main] FileOperations: Looking at manifest file: file:/home/alex/Repositories/hive/ql/target/tmp/org.apache.hadoop.hive.ql.TestTxnNoBuckets-1713959849960/warehouse/nobuckets/_tmp.delta_0000001_0000001_0000/000000_0.manifest
2024-04-24T04:58:06,094  INFO [main] FileOperations: Deleting manifest directory file:/home/alex/Repositories/hive/ql/target/tmp/org.apache.hadoop.hive.ql.TestTxnNoBuckets-1713959849960/warehouse/nobuckets/_tmp.delta_0000001_0000001_0000
2024-04-24T04:58:06,095  INFO [main] ql.Driver: Starting task [Stage-0:MOVE] in serial mode
Loading data to table default.nobuckets partition (c3=null)
2024-04-24T04:58:06,096  INFO [main] exec.Task: Loading data to table default.nobuckets partition (c3=null) from file:/home/alex/Repositories/hive/ql/target/tmp/org.apache.hadoop.hive.ql.TestTxnNoBuckets-1713959849960/warehouse/nobuckets
2024-04-24T04:58:06,096  INFO [main] HiveMetaStore.audit: ugi=alex	ip=unknown-ip-addr	cmd=get_table : tbl=hive.default.nobuckets	
2024-04-24T04:58:06,104  INFO [main] metastore.HMSHandler: Skipping translation for processor with null
2024-04-24T04:58:06,104  INFO [main] exec.MoveTask: Partition is: {c3=null}


2024-04-24T04:58:06,105  INFO [main] exec.Task: 

2024-04-24T04:58:06,105  INFO [main] HiveMetaStore.audit: ugi=alex	ip=unknown-ip-addr	cmd=get_table : tbl=hive.default.nobuckets	
2024-04-24T04:58:06,115  INFO [main] metastore.HMSHandler: Skipping translation for processor with null
2024-04-24T04:58:06,116  INFO [main] HiveMetaStore.audit: ugi=alex	ip=unknown-ip-addr	cmd=get_table : tbl=hive.default.nobuckets	
2024-04-24T04:58:06,126  INFO [main] metastore.HMSHandler: Skipping translation for processor with null
2024-04-24T04:58:06,127  INFO [main] HiveMetaStore.audit: ugi=alex	ip=unknown-ip-addr	cmd=get_partitions_names_ps : tbl=hive.default.nobuckets[]	
2024-04-24T04:58:06,140  INFO [load-dynamic-partitionsToAdd-0] metadata.Hive: New loading path = file:/home/alex/Repositories/hive/ql/target/tmp/org.apache.hadoop.hive.ql.TestTxnNoBuckets-1713959849960/warehouse/nobuckets/c3=2 withPartSpec {c3=2}
2024-04-24T04:58:06,140  INFO [load-dynamic-partitionsToAdd-1] metadata.Hive: New loading path = file:/home/alex/Repositories/hive/ql/target/tmp/org.apache.hadoop.hive.ql.TestTxnNoBuckets-1713959849960/warehouse/nobuckets/c3=1 withPartSpec {c3=1}
2024-04-24T04:58:06,140  INFO [load-dynamic-partitionsToAdd-2] metadata.Hive: New loading path = file:/home/alex/Repositories/hive/ql/target/tmp/org.apache.hadoop.hive.ql.TestTxnNoBuckets-1713959849960/warehouse/nobuckets/c3=5 withPartSpec {c3=5}
2024-04-24T04:58:06,140  INFO [load-dynamic-partitionsToAdd-3] metadata.Hive: New loading path = file:/home/alex/Repositories/hive/ql/target/tmp/org.apache.hadoop.hive.ql.TestTxnNoBuckets-1713959849960/warehouse/nobuckets/c3=3 withPartSpec {c3=3}
2024-04-24T04:58:06,140  INFO [load-dynamic-partitionsToAdd-4] metadata.Hive: New loading path = file:/home/alex/Repositories/hive/ql/target/tmp/org.apache.hadoop.hive.ql.TestTxnNoBuckets-1713959849960/warehouse/nobuckets/c3=0 withPartSpec {c3=0}
2024-04-24T04:58:06,140  INFO [load-dynamic-partitionsToAdd-5] metadata.Hive: New loading path = file:/home/alex/Repositories/hive/ql/target/tmp/org.apache.hadoop.hive.ql.TestTxnNoBuckets-1713959849960/warehouse/nobuckets/c3=4 withPartSpec {c3=4}
2024-04-24T04:58:06,140  INFO [load-dynamic-partitionsToAdd-6] metadata.Hive: New loading path = file:/home/alex/Repositories/hive/ql/target/tmp/org.apache.hadoop.hive.ql.TestTxnNoBuckets-1713959849960/warehouse/nobuckets/c3=6 withPartSpec {c3=6}
2024-04-24T04:58:06,141  INFO [main] metadata.Hive: Number of partitionsToAdd to be added is 7
2024-04-24T04:58:06,141  INFO [main] HiveMetaStore.audit: ugi=alex	ip=unknown-ip-addr	cmd=add_partitions	
2024-04-24T04:58:06,240  INFO [main] metadata.Hive: Loaded 7partitionsToAdd
	 Time taken to load dynamic partitions: 0.135 seconds
2024-04-24T04:58:06,240  INFO [main] exec.Task: 	 Time taken to load dynamic partitions: 0.135 seconds
2024-04-24T04:58:06,240  INFO [main] exec.MoveTask: 	 Time taken to load dynamic partitions: 0.135 seconds
2024-04-24T04:58:06,240  INFO [main] exec.MoveTask: Loading partition {c3=2}
2024-04-24T04:58:06,240  INFO [main] exec.MoveTask: Loading partition {c3=1}
2024-04-24T04:58:06,240  INFO [main] exec.MoveTask: Loading partition {c3=5}
2024-04-24T04:58:06,240  INFO [main] exec.MoveTask: Loading partition {c3=3}
2024-04-24T04:58:06,240  INFO [main] exec.MoveTask: Loading partition {c3=0}
2024-04-24T04:58:06,240  INFO [main] exec.MoveTask: Loading partition {c3=4}
2024-04-24T04:58:06,240  INFO [main] exec.MoveTask: Loading partition {c3=6}
	 Time taken for adding to write entity : 0.0 seconds
2024-04-24T04:58:06,240  INFO [main] exec.Task: 	 Time taken for adding to write entity : 0.0 seconds
2024-04-24T04:58:06,240  INFO [main] ql.Driver: Starting task [Stage-2:STATS] in serial mode
2024-04-24T04:58:06,241  INFO [main] HiveMetaStore.audit: ugi=alex	ip=unknown-ip-addr	cmd=get_table : tbl=hive.default.nobuckets	
2024-04-24T04:58:06,249  INFO [main] metastore.HMSHandler: Skipping translation for processor with null
2024-04-24T04:58:06,249  INFO [main] stats.BasicStatsTask: Executing stats task
2024-04-24T04:58:06,249  INFO [main] fs.FSStatsPublisher: created : file:/home/alex/Repositories/hive/ql/target/tmp/localscratchdir/58c22cca-0704-4611-b509-aa39277260ab/hive_2024-04-24_04-58-04_497_7344611662161226993-1/-mr-10000
2024-04-24T04:58:06,250  INFO [main] HiveMetaStore.audit: ugi=alex	ip=unknown-ip-addr	cmd=get_table : tbl=hive.default.nobuckets	
2024-04-24T04:58:06,258  INFO [main] metastore.HMSHandler: Skipping translation for processor with null
2024-04-24T04:58:06,275  WARN [stats-updater-thread-6] FileOperations: Computing stats for an ACID table; stats may be inaccurate
2024-04-24T04:58:06,275  WARN [stats-updater-thread-2] FileOperations: Computing stats for an ACID table; stats may be inaccurate
2024-04-24T04:58:06,276  WARN [stats-updater-thread-4] FileOperations: Computing stats for an ACID table; stats may be inaccurate
2024-04-24T04:58:06,276  WARN [stats-updater-thread-5] FileOperations: Computing stats for an ACID table; stats may be inaccurate
2024-04-24T04:58:06,276  WARN [stats-updater-thread-0] FileOperations: Computing stats for an ACID table; stats may be inaccurate
2024-04-24T04:58:06,277  WARN [stats-updater-thread-3] FileOperations: Computing stats for an ACID table; stats may be inaccurate
2024-04-24T04:58:06,277  WARN [stats-updater-thread-1] FileOperations: Computing stats for an ACID table; stats may be inaccurate
2024-04-24T04:58:06,278  INFO [main] FileOperations: Read stats for default.nobuckets/c3=2/, numRows, true, 1, false: 
2024-04-24T04:58:06,278  INFO [main] FileOperations: Read stats for default.nobuckets/c3=2/, rawDataSize, true, 0, false: 
2024-04-24T04:58:06,278  INFO [main] stats.BasicStatsTask: Partition {c3=2} stats: [numFiles=1, numRows=1, totalSize=663, rawDataSize=0, numFilesErasureCoded=0]
2024-04-24T04:58:06,278  INFO [main] FileOperations: Read stats for default.nobuckets/c3=1/, numRows, true, 1, false: 
2024-04-24T04:58:06,278  INFO [main] FileOperations: Read stats for default.nobuckets/c3=1/, rawDataSize, true, 0, false: 
2024-04-24T04:58:06,278  INFO [main] stats.BasicStatsTask: Partition {c3=1} stats: [numFiles=1, numRows=1, totalSize=655, rawDataSize=0, numFilesErasureCoded=0]
2024-04-24T04:58:06,278  INFO [main] FileOperations: Read stats for default.nobuckets/c3=5/, numRows, true, 1, false: 
2024-04-24T04:58:06,278  INFO [main] FileOperations: Read stats for default.nobuckets/c3=5/, rawDataSize, true, 0, false: 
2024-04-24T04:58:06,278  INFO [main] stats.BasicStatsTask: Partition {c3=5} stats: [numFiles=1, numRows=1, totalSize=664, rawDataSize=0, numFilesErasureCoded=0]
2024-04-24T04:58:06,279  INFO [main] FileOperations: Read stats for default.nobuckets/c3=3/, numRows, true, 2, false: 
2024-04-24T04:58:06,279  INFO [main] FileOperations: Read stats for default.nobuckets/c3=3/, rawDataSize, true, 0, false: 
2024-04-24T04:58:06,279  INFO [main] stats.BasicStatsTask: Partition {c3=3} stats: [numFiles=1, numRows=2, totalSize=679, rawDataSize=0, numFilesErasureCoded=0]
2024-04-24T04:58:06,279  INFO [main] FileOperations: Read stats for default.nobuckets/c3=0/, numRows, true, 1, false: 
2024-04-24T04:58:06,279  INFO [main] FileOperations: Read stats for default.nobuckets/c3=0/, rawDataSize, true, 0, false: 
2024-04-24T04:58:06,279  INFO [main] stats.BasicStatsTask: Partition {c3=0} stats: [numFiles=1, numRows=1, totalSize=651, rawDataSize=0, numFilesErasureCoded=0]
2024-04-24T04:58:06,279  INFO [main] FileOperations: Read stats for default.nobuckets/c3=4/, numRows, true, 1, false: 
2024-04-24T04:58:06,279  INFO [main] FileOperations: Read stats for default.nobuckets/c3=4/, rawDataSize, true, 0, false: 
2024-04-24T04:58:06,279  INFO [main] stats.BasicStatsTask: Partition {c3=4} stats: [numFiles=1, numRows=1, totalSize=663, rawDataSize=0, numFilesErasureCoded=0]
2024-04-24T04:58:06,279  INFO [main] FileOperations: Read stats for default.nobuckets/c3=6/, numRows, true, 1, false: 
2024-04-24T04:58:06,279  INFO [main] FileOperations: Read stats for default.nobuckets/c3=6/, rawDataSize, true, 0, false: 
2024-04-24T04:58:06,279  INFO [main] stats.BasicStatsTask: Partition {c3=6} stats: [numFiles=1, numRows=1, totalSize=665, rawDataSize=0, numFilesErasureCoded=0]
2024-04-24T04:58:06,280  INFO [main] HiveMetaStore.audit: ugi=alex	ip=unknown-ip-addr	cmd=alter_partitions : tbl=hive.default.nobuckets	
2024-04-24T04:58:06,280  INFO [main] metastore.HMSHandler: New partition values:[2]
2024-04-24T04:58:06,280  INFO [main] metastore.HMSHandler: New partition values:[1]
2024-04-24T04:58:06,280  INFO [main] metastore.HMSHandler: New partition values:[5]
2024-04-24T04:58:06,280  INFO [main] metastore.HMSHandler: New partition values:[3]
2024-04-24T04:58:06,280  INFO [main] metastore.HMSHandler: New partition values:[0]
2024-04-24T04:58:06,280  INFO [main] metastore.HMSHandler: New partition values:[4]
2024-04-24T04:58:06,280  INFO [main] metastore.HMSHandler: New partition values:[6]
2024-04-24T04:58:06,405  INFO [main] FileOperations: Read stats for default.nobuckets/c3=2/, insertCount, true, 1, false: 
2024-04-24T04:58:06,405  INFO [main] FileOperations: Read stats for default.nobuckets/c3=2/, updateCount, true, 0, false: 
2024-04-24T04:58:06,405  INFO [main] FileOperations: Read stats for default.nobuckets/c3=2/, deleteCount, true, 0, false: 
2024-04-24T04:58:06,407  INFO [main] FileOperations: Read stats for default.nobuckets/c3=1/, insertCount, true, 1, false: 
2024-04-24T04:58:06,407  INFO [main] FileOperations: Read stats for default.nobuckets/c3=1/, updateCount, true, 0, false: 
2024-04-24T04:58:06,407  INFO [main] FileOperations: Read stats for default.nobuckets/c3=1/, deleteCount, true, 0, false: 
2024-04-24T04:58:06,408  INFO [main] FileOperations: Read stats for default.nobuckets/c3=5/, insertCount, true, 1, false: 
2024-04-24T04:58:06,408  INFO [main] FileOperations: Read stats for default.nobuckets/c3=5/, updateCount, true, 0, false: 
2024-04-24T04:58:06,408  INFO [main] FileOperations: Read stats for default.nobuckets/c3=5/, deleteCount, true, 0, false: 
2024-04-24T04:58:06,408  INFO [main] FileOperations: Read stats for default.nobuckets/c3=3/, insertCount, true, 2, false: 
2024-04-24T04:58:06,408  INFO [main] FileOperations: Read stats for default.nobuckets/c3=3/, updateCount, true, 0, false: 
2024-04-24T04:58:06,408  INFO [main] FileOperations: Read stats for default.nobuckets/c3=3/, deleteCount, true, 0, false: 
2024-04-24T04:58:06,408  INFO [main] FileOperations: Read stats for default.nobuckets/c3=0/, insertCount, true, 1, false: 
2024-04-24T04:58:06,408  INFO [main] FileOperations: Read stats for default.nobuckets/c3=0/, updateCount, true, 0, false: 
2024-04-24T04:58:06,408  INFO [main] FileOperations: Read stats for default.nobuckets/c3=0/, deleteCount, true, 0, false: 
2024-04-24T04:58:06,408  INFO [main] FileOperations: Read stats for default.nobuckets/c3=4/, insertCount, true, 1, false: 
2024-04-24T04:58:06,408  INFO [main] FileOperations: Read stats for default.nobuckets/c3=4/, updateCount, true, 0, false: 
2024-04-24T04:58:06,408  INFO [main] FileOperations: Read stats for default.nobuckets/c3=4/, deleteCount, true, 0, false: 
2024-04-24T04:58:06,409  INFO [main] FileOperations: Read stats for default.nobuckets/c3=6/, insertCount, true, 1, false: 
2024-04-24T04:58:06,409  INFO [main] FileOperations: Read stats for default.nobuckets/c3=6/, updateCount, true, 0, false: 
2024-04-24T04:58:06,409  INFO [main] FileOperations: Read stats for default.nobuckets/c3=6/, deleteCount, true, 0, false: 
2024-04-24T04:58:06,409  INFO [main] metadata.Hive: Dumping metastore api call timing information for : execution phase
2024-04-24T04:58:06,409  INFO [main] metadata.Hive: Total time spent in each metastore function (ms): {updateTransactionalStatistics_(UpdateTransactionalStatsRequest)=3, getValidWriteIds_(List, String)=0, alter_partitions_(String, String, List, EnvironmentContext, String, long)=125, listPartitionNamesRequest_(GetPartitionNamesPsRequest)=12, getTable_(GetTableRequest)=46, isCompatibleWith_(Configuration)=1, addDynamicPartitions_(long, long, String, String, List, DataOperationType)=5, add_partitions_(List)=93}
MapReduce Jobs Launched: 
2024-04-24T04:58:06,410  INFO [main] ql.Driver: MapReduce Jobs Launched: 
Stage-Stage-1:  HDFS Read: 0 HDFS Write: 0 SUCCESS
2024-04-24T04:58:06,410  INFO [main] ql.Driver: Stage-Stage-1:  HDFS Read: 0 HDFS Write: 0 SUCCESS
Total MapReduce CPU Time Spent: 0 msec
2024-04-24T04:58:06,410  INFO [main] ql.Driver: Total MapReduce CPU Time Spent: 0 msec
2024-04-24T04:58:06,410  INFO [main] ql.Driver: Completed executing command(queryId=alex_20240424045804_8be3dc66-bca9-4f1a-9918-2cfd95e89cb9); Time taken: 1.637 seconds
2024-04-24T04:58:06,410  INFO [main] lockmgr.DbTxnManager: Stopped heartbeat for query: alex_20240424045804_8be3dc66-bca9-4f1a-9918-2cfd95e89cb9
2024-04-24T04:58:06,420  INFO [main] txn.TxnHandler: Removed transactions: ([21]) from MIN_HISTORY_LEVEL
2024-04-24T04:58:06,421  WARN [main] txn.CompactionTxnHandler: No compaction queue record found for Compaction type transaction commit. txnId:21
2024-04-24T04:58:06,422  INFO [main] ql.TxnCommandsBaseForTests: Running the query: select ROW__ID, c1, c2, c3, INPUT__FILE__NAME from nobuckets order by ROW__ID
2024-04-24T04:58:06,422  INFO [main] ql.Context: Deleting scratch dir: file:/home/alex/Repositories/hive/ql/target/tmp/localscratchdir/58c22cca-0704-4611-b509-aa39277260ab/hive_2024-04-24_04-58-04_497_7344611662161226993-1
2024-04-24T04:58:06,422  INFO [main] cleanup.SyncCleanupService: Deleted directory: file:/home/alex/Repositories/hive/ql/target/tmp/localscratchdir/58c22cca-0704-4611-b509-aa39277260ab/hive_2024-04-24_04-58-04_497_7344611662161226993-1 on fs with scheme file
2024-04-24T04:58:06,423  INFO [main] ql.Driver: Compiling command(queryId=alex_20240424045806_e8a5508a-0875-4f31-b757-e0311b57a619): select ROW__ID, c1, c2, c3, INPUT__FILE__NAME from nobuckets order by ROW__ID
2024-04-24T04:58:06,432  INFO [main] txn.TxnHandler: Added entries to MIN_HISTORY_LEVEL for current txns: ([22]) with min_open_txn: 22
2024-04-24T04:58:06,432  INFO [main] lockmgr.DbTxnManager: Opened txnid:22
2024-04-24T04:58:06,434  INFO [main] parse.CalcitePlanner: Starting caching scope for: 
2024-04-24T04:58:06,434  INFO [main] parse.CalcitePlanner: Starting Semantic Analysis
2024-04-24T04:58:06,437  INFO [main] parse.CalcitePlanner: Completed phase 1 of Semantic Analysis
2024-04-24T04:58:06,437  INFO [main] parse.CalcitePlanner: Get metadata for source tables
2024-04-24T04:58:06,437  INFO [main] HiveMetaStore.audit: ugi=alex	ip=unknown-ip-addr	cmd=get_table : tbl=hive.default.nobuckets	
2024-04-24T04:58:06,445  INFO [main] metastore.HMSHandler: Skipping translation for processor with null
2024-04-24T04:58:06,446  INFO [main] parse.CalcitePlanner: Get metadata for subqueries
2024-04-24T04:58:06,446  INFO [main] parse.CalcitePlanner: Get metadata for destination tables
2024-04-24T04:58:06,446  INFO [main] parse.CalcitePlanner: Completed getting MetaData in Semantic Analysis
2024-04-24T04:58:06,459  INFO [main] HiveMetaStore.audit: ugi=alex	ip=unknown-ip-addr	cmd=get_all_table_constraints : tbl=hive.default.nobuckets	
2024-04-24T04:58:06,474  INFO [main] calcite.RelOptHiveTable: Calculating column statistics for default.nobuckets, projIndxSet: [0, 1, 2], allowMissingStats: true
2024-04-24T04:58:06,475  INFO [main] HiveMetaStore.audit: ugi=alex	ip=unknown-ip-addr	cmd=get_partitions : tbl=hive.default.nobuckets	
2024-04-24T04:58:06,496  INFO [main] HiveMetaStore.audit: ugi=alex	ip=unknown-ip-addr	cmd=get_aggr_stats_for: table=hive.default.nobuckets	
2024-04-24T04:58:06,506  WARN [main] calcite.RelOptHiveTable: No Stats for default@nobuckets, Columns: c1, c2
No Stats for default@nobuckets, Columns: c1, c2
2024-04-24T04:58:06,506  INFO [main] SessionState: No Stats for default@nobuckets, Columns: c1, c2
2024-04-24T04:58:06,547  INFO [main] parse.CalcitePlanner: Get metadata for source tables
2024-04-24T04:58:06,548  INFO [main] parse.CalcitePlanner: Get metadata for subqueries
2024-04-24T04:58:06,548  INFO [main] parse.CalcitePlanner: Get metadata for destination tables
2024-04-24T04:58:06,549  INFO [main] common.FileUtils: Creating directory if it doesn't exist: file:/home/alex/Repositories/hive/ql/target/tmp/localscratchdir/58c22cca-0704-4611-b509-aa39277260ab/hive_2024-04-24_04-58-06_422_2956248174915323419-1/-mr-10001/.hive-staging_hive_2024-04-24_04-58-06_422_2956248174915323419-1
2024-04-24T04:58:06,556  INFO [main] parse.CalcitePlanner: CBO Succeeded; optimized logical plan.
2024-04-24T04:58:06,558  INFO [main] optimizer.ColumnPrunerProcFactory: RS 2 oldColExprMap: {VALUE._col3=Column[_col4], VALUE._col0=Column[_col1], KEY.reducesinkkey0=Column[_col0], VALUE._col1=Column[_col2], VALUE._col2=Column[_col3]}
2024-04-24T04:58:06,559  INFO [main] optimizer.ColumnPrunerProcFactory: RS 2 newColExprMap: {KEY.reducesinkkey0=Column[_col0], VALUE._col3=Column[_col4], VALUE._col2=Column[_col3], VALUE._col1=Column[_col2], VALUE._col0=Column[_col1]}
2024-04-24T04:58:06,559  INFO [main] optimizer.BucketVersionPopulator: not considering bucketingVersion for: TS[0] because it has -1<2 buckets 
2024-04-24T04:58:06,560  INFO [main] optimizer.SortedDynPartitionOptimizer: Sorted dynamic partitioning optimization kicked in..
2024-04-24T04:58:06,570  INFO [main] physical.Vectorizer: Examining input format to see if vectorization is enabled.
2024-04-24T04:58:06,571  INFO [main] physical.Vectorizer: Vectorization is enabled for input format(s) [org.apache.hadoop.hive.ql.io.orc.OrcInputFormat]
2024-04-24T04:58:06,571  INFO [main] physical.Vectorizer: Validating and vectorizing MapWork... (vectorizedVertexNum 0)
2024-04-24T04:58:06,571  INFO [main] physical.Vectorizer: Map vectorization enabled: true
2024-04-24T04:58:06,571  INFO [main] physical.Vectorizer: Map vectorized: false
2024-04-24T04:58:06,571  INFO [main] physical.Vectorizer: Map notVectorizedReason: Select expression for SELECT operator: Virtual column INPUT__FILE__NAME is not supported
2024-04-24T04:58:06,571  INFO [main] physical.Vectorizer: Map vectorizedVertexNum: 0
2024-04-24T04:58:06,571  INFO [main] physical.Vectorizer: Map enabledConditionsMet: [hive.vectorized.use.vectorized.input.format IS true]
2024-04-24T04:58:06,571  INFO [main] physical.Vectorizer: Map inputFileFormatClassNameSet: [org.apache.hadoop.hive.ql.io.orc.OrcInputFormat]
2024-04-24T04:58:06,571  INFO [main] physical.Vectorizer: Reduce vectorization enabled: false
2024-04-24T04:58:06,571  INFO [main] physical.Vectorizer: Reduce vectorized: false
2024-04-24T04:58:06,571  INFO [main] physical.Vectorizer: Reduce vectorizedVertexNum: 1
2024-04-24T04:58:06,571  INFO [main] physical.Vectorizer: Reducer hive.vectorized.execution.reduce.enabled: true
2024-04-24T04:58:06,571  INFO [main] physical.Vectorizer: Reducer engine: mr
2024-04-24T04:58:06,571  INFO [main] parse.CalcitePlanner: Completed plan generation
2024-04-24T04:58:06,571  INFO [main] parse.CalcitePlanner: Ending caching scope for: 
2024-04-24T04:58:06,571  INFO [main] ql.Driver: Semantic Analysis Completed (retrial = false)
2024-04-24T04:58:06,572  INFO [main] ql.Driver: Created Hive schema: Schema(fieldSchemas:[FieldSchema(name:row__id, type:struct<writeid:bigint,bucketid:int,rowid:bigint>, comment:null), FieldSchema(name:c1, type:int, comment:null), FieldSchema(name:c2, type:int, comment:null), FieldSchema(name:c3, type:int, comment:null), FieldSchema(name:input__file__name, type:string, comment:null)], properties:null)
2024-04-24T04:58:06,572  INFO [main] exec.ListSinkOperator: Initializing Operator: LIST_SINK[5]
2024-04-24T04:58:06,573  INFO [main] metadata.Hive: Dumping metastore api call timing information for : compilation phase
2024-04-24T04:58:06,573  INFO [main] metadata.Hive: Total time spent in each metastore function (ms): {isCompatibleWith_(Configuration)=1, getAllTableConstraints_(AllTableConstraintsRequest)=10, getTable_(GetTableRequest)=9, openTxn_(String, TxnType)=8, listPartitions_(String, String, short)=20, commitTxn_(CommitTxnRequest)=12, getValidTxns_(long)=2, getValidWriteIds_(List, String)=3, getAggrColStatsFor_(String, String, List, List, String, String)=9, flushCache_()=0}
2024-04-24T04:58:06,573  INFO [main] ql.Driver: Completed compiling command(queryId=alex_20240424045806_e8a5508a-0875-4f31-b757-e0311b57a619); Time taken: 0.15 seconds
2024-04-24T04:58:06,573  INFO [main] lockmgr.DbTxnManager: Setting lock request transaction to txnid:22 for queryId=alex_20240424045806_e8a5508a-0875-4f31-b757-e0311b57a619
2024-04-24T04:58:06,576  INFO [main] lockmgr.DbLockManager: Requesting lock for queryId=alex_20240424045806_e8a5508a-0875-4f31-b757-e0311b57a619
2024-04-24T04:58:06,593  INFO [main] lockmgr.DbLockManager: Response to queryId=alex_20240424045806_e8a5508a-0875-4f31-b757-e0311b57a619 LockResponse(lockid:14, state:ACQUIRED)
2024-04-24T04:58:06,594  INFO [main] ql.Driver: Operation QUERY obtained 1 locks
2024-04-24T04:58:06,594  INFO [main] ql.Driver: Executing command(queryId=alex_20240424045806_e8a5508a-0875-4f31-b757-e0311b57a619): select ROW__ID, c1, c2, c3, INPUT__FILE__NAME from nobuckets order by ROW__ID
2024-04-24T04:58:06,595  WARN [main] ql.Driver: Hive-on-MR is deprecated in Hive 2 and may not be available in the future versions. Consider using a different execution engine (i.e. tez, spark) or using Hive 1.X releases.
Query ID = alex_20240424045806_e8a5508a-0875-4f31-b757-e0311b57a619
2024-04-24T04:58:06,595  INFO [main] ql.Driver: Query ID = alex_20240424045806_e8a5508a-0875-4f31-b757-e0311b57a619
Total jobs = 1
2024-04-24T04:58:06,595  INFO [main] ql.Driver: Total jobs = 1
Launching Job 1 out of 1
2024-04-24T04:58:06,595  INFO [main] ql.Driver: Launching Job 1 out of 1
2024-04-24T04:58:06,745  INFO [main] ql.Driver: Starting task [Stage-1:MAPRED] in serial mode
Number of reduce tasks determined at compile time: 1
2024-04-24T04:58:06,745  INFO [main] exec.Task: Number of reduce tasks determined at compile time: 1
In order to change the average load for a reducer (in bytes):
2024-04-24T04:58:06,745  INFO [main] exec.Task: In order to change the average load for a reducer (in bytes):
  set hive.exec.reducers.bytes.per.reducer=<number>
2024-04-24T04:58:06,745  INFO [main] exec.Task:   set hive.exec.reducers.bytes.per.reducer=<number>
In order to limit the maximum number of reducers:
2024-04-24T04:58:06,745  INFO [main] exec.Task: In order to limit the maximum number of reducers:
  set hive.exec.reducers.max=<number>
2024-04-24T04:58:06,745  INFO [main] exec.Task:   set hive.exec.reducers.max=<number>
In order to set a constant number of reducers:
2024-04-24T04:58:06,745  INFO [main] exec.Task: In order to set a constant number of reducers:
  set mapreduce.job.reduces=<number>
2024-04-24T04:58:06,745  INFO [main] exec.Task:   set mapreduce.job.reduces=<number>
2024-04-24T04:58:06,748  INFO [main] mr.ExecDriver: Using org.apache.hadoop.hive.ql.io.HiveInputFormat
2024-04-24T04:58:06,748  INFO [main] exec.Utilities: Processing alias nobuckets
2024-04-24T04:58:06,748  INFO [main] exec.Utilities: Adding 7 inputs; the first input is file:/home/alex/Repositories/hive/ql/target/tmp/org.apache.hadoop.hive.ql.TestTxnNoBuckets-1713959849960/warehouse/nobuckets/c3=0
2024-04-24T04:58:06,758  INFO [main] exec.SerializationUtilities: Serializing MapWork using kryo
2024-04-24T04:58:06,759  INFO [main] exec.Utilities: Serialized plan (via FILE) - name: null size: 7,48KB
2024-04-24T04:58:06,764  INFO [main] exec.SerializationUtilities: Serializing ReduceWork using kryo
2024-04-24T04:58:06,764  INFO [main] exec.Utilities: Serialized plan (via FILE) - name: null size: 6,15KB
2024-04-24T04:58:06,765  WARN [main] impl.MetricsSystemImpl: JobTracker metrics system already initialized!
2024-04-24T04:58:06,772  WARN [main] impl.MetricsSystemImpl: JobTracker metrics system already initialized!
2024-04-24T04:58:06,780  WARN [main] mapreduce.JobResourceUploader: Hadoop command-line option parsing not performed. Implement the Tool interface and execute your application with ToolRunner to remedy this.
2024-04-24T04:58:06,784  WARN [main] mapreduce.JobResourceUploader: No job jar file set.  User classes may not be found. See Job or Job#setJar(String).
2024-04-24T04:58:06,786  INFO [main] io.HiveInputFormat: hive.io.file.readcolumn.ids = 0,1
2024-04-24T04:58:06,786  INFO [main] io.HiveInputFormat: hive.io.file.readcolumn.names = c1,c2
2024-04-24T04:58:06,786  INFO [main] io.HiveInputFormat: Generating splits for dirs: file:/home/alex/Repositories/hive/ql/target/tmp/org.apache.hadoop.hive.ql.TestTxnNoBuckets-1713959849960/warehouse/nobuckets/c3=0
2024-04-24T04:58:06,786  INFO [main] orc.OrcInputFormat: getSplits started
2024-04-24T04:58:06,786  INFO [main] orc.OrcInputFormat: Context:: isAcid: true isVectorMode: false sarg: null minSplitSize: 1 maxSplitSize: 256000000 splitStrategy: HYBRID footerInSplits: false numBuckets: 0 numThreads: 10 cacheMemSize: 268435456 cacheStripeDetails: true useSoftReference: false writeIdList: default.nobuckets:1:9223372036854775807:: isTransactionalTable: true txnProperties: default 
2024-04-24T04:58:06,786  INFO [main] orc.OrcInputFormat: ORC pushdown predicate: null
2024-04-24T04:58:06,803  INFO [main] orc.OrcInputFormat: FooterCacheHitRatio: 0/7
2024-04-24T04:58:06,803  INFO [main] orc.OrcInputFormat: getSplits finished (#splits: 7). duration: 17 ms
2024-04-24T04:58:06,803  INFO [main] io.HiveInputFormat: number of splits 7
2024-04-24T04:58:06,822  INFO [main] mapreduce.JobSubmitter: number of splits:7
2024-04-24T04:58:06,842  INFO [main] mapreduce.JobSubmitter: Submitting tokens for job: job_local515730868_0013
2024-04-24T04:58:06,842  INFO [main] mapreduce.JobSubmitter: Executing with tokens: []
2024-04-24T04:58:06,907  INFO [main] mapreduce.Job: The url to track the job: http://localhost:8080/
Job running in-process (local Hadoop)
2024-04-24T04:58:06,907  INFO [main] exec.Task: Job running in-process (local Hadoop)
2024-04-24T04:58:06,908  INFO [Thread-907] mapred.LocalJobRunner: OutputCommitter set in config org.apache.hadoop.hive.ql.io.HiveFileFormatUtils$NullOutputCommitter
2024-04-24T04:58:06,908  INFO [Thread-907] mapred.LocalJobRunner: OutputCommitter is org.apache.hadoop.hive.ql.io.HiveFileFormatUtils$NullOutputCommitter
2024-04-24T04:58:06,911  INFO [Thread-907] mapred.LocalJobRunner: Waiting for map tasks
2024-04-24T04:58:06,911  INFO [LocalJobRunner Map Task Executor #0] mapred.LocalJobRunner: Starting task: attempt_local515730868_0013_m_000000_0
2024-04-24T04:58:06,912  INFO [LocalJobRunner Map Task Executor #0] mapred.Task:  Using ResourceCalculatorProcessTree : [ ]
2024-04-24T04:58:06,912  INFO [LocalJobRunner Map Task Executor #0] mapred.MapTask: Processing split: org.apache.hadoop.hive.ql.io.orc.OrcInputFormat:OrcSplit [file:/home/alex/Repositories/hive/ql/target/tmp/org.apache.hadoop.hive.ql.TestTxnNoBuckets-1713959849960/warehouse/nobuckets/c3=3/delta_0000001_0000001_0000/bucket_00000_0, start=3, length=314, isOriginal=false, fileLength=679, hasFooter=false, hasBase=true, deltas=0]
2024-04-24T04:58:06,913  INFO [LocalJobRunner Map Task Executor #0] exec.SerializationUtilities: Deserializing MapWork using kryo
2024-04-24T04:58:06,913  INFO [LocalJobRunner Map Task Executor #0] exec.Utilities: Deserialized plan (via FILE) - name: null size: 7,48KB
2024-04-24T04:58:06,915  INFO [LocalJobRunner Map Task Executor #0] orc.OrcRawRecordMerger: min key = null, max key = null
2024-04-24T04:58:06,915  INFO [LocalJobRunner Map Task Executor #0] orc.ReaderImpl: Reading ORC rows from file:/home/alex/Repositories/hive/ql/target/tmp/org.apache.hadoop.hive.ql.TestTxnNoBuckets-1713959849960/warehouse/nobuckets/c3=3/delta_0000001_0000001_0000/bucket_00000_0 with {include: [true, true, true], offset: 3, length: 314, schema: struct<c1:int,c2:int>, includeAcidColumns: true}
2024-04-24T04:58:06,916  INFO [LocalJobRunner Map Task Executor #0] orc.OrcRawRecordMerger: updated min key = null, max key = null
2024-04-24T04:58:06,917  INFO [LocalJobRunner Map Task Executor #0] mapred.MapTask: numReduceTasks: 1
2024-04-24T04:58:06,928  INFO [LocalJobRunner Map Task Executor #0] mapred.MapTask: (EQUATOR) 0 kvi 26214396(104857584)
2024-04-24T04:58:06,928  INFO [LocalJobRunner Map Task Executor #0] mapred.MapTask: mapreduce.task.io.sort.mb: 100
2024-04-24T04:58:06,928  INFO [LocalJobRunner Map Task Executor #0] mapred.MapTask: soft limit at 83886080
2024-04-24T04:58:06,928  INFO [LocalJobRunner Map Task Executor #0] mapred.MapTask: bufstart = 0; bufvoid = 104857600
2024-04-24T04:58:06,928  INFO [LocalJobRunner Map Task Executor #0] mapred.MapTask: kvstart = 26214396; length = 6553600
2024-04-24T04:58:06,928  INFO [LocalJobRunner Map Task Executor #0] mapred.MapTask: Map output collector class = org.apache.hadoop.mapred.MapTask$MapOutputBuffer
2024-04-24T04:58:06,928  INFO [LocalJobRunner Map Task Executor #0] exec.MapOperator: Initializing Operator: MAP[0]
2024-04-24T04:58:06,932  INFO [LocalJobRunner Map Task Executor #0] mr.ExecMapper: 
<MAP>Id =0
  <Children>null
  <\Children>
  <Parent><\Parent>
<\MAP>
2024-04-24T04:58:06,932  INFO [LocalJobRunner Map Task Executor #0] exec.TableScanOperator: Initializing Operator: TS[0]
2024-04-24T04:58:06,932  INFO [LocalJobRunner Map Task Executor #0] exec.SelectOperator: Initializing Operator: SEL[1]
2024-04-24T04:58:06,932  INFO [LocalJobRunner Map Task Executor #0] exec.SelectOperator: SELECT struct<c1:int,c2:int,c3:int,row__id:struct<writeid:bigint,bucketid:int,rowid:bigint>,input__file__name:string>
2024-04-24T04:58:06,933  INFO [LocalJobRunner Map Task Executor #0] exec.ReduceSinkOperator: Initializing Operator: RS[2]
2024-04-24T04:58:06,933  INFO [LocalJobRunner Map Task Executor #0] exec.ReduceSinkOperator: Using tag = -1
2024-04-24T04:58:06,933  INFO [LocalJobRunner Map Task Executor #0] exec.ReduceSinkOperator: keys are [reducesinkkey0] num distributions: 1
2024-04-24T04:58:06,933  INFO [LocalJobRunner Map Task Executor #0] exec.ReduceSinkOperator: RS[2]: records written - 1
2024-04-24T04:58:06,933  INFO [LocalJobRunner Map Task Executor #0] exec.MapOperator: MAP[0]: records read - 1
2024-04-24T04:58:06,934  INFO [LocalJobRunner Map Task Executor #0] exec.MapOperator: Closing Operator: MAP[0]
2024-04-24T04:58:06,934  INFO [LocalJobRunner Map Task Executor #0] exec.MapOperator: MAP[0]: Total records read - 2. abort - false
2024-04-24T04:58:06,934  INFO [LocalJobRunner Map Task Executor #0] exec.MapOperator: RECORDS_OUT_INTERMEDIATE:0, RECORDS_OUT_OPERATOR_MAP_0:0, RECORDS_IN:2, DESERIALIZE_ERRORS:0, 
2024-04-24T04:58:06,934  INFO [LocalJobRunner Map Task Executor #0] exec.TableScanOperator: Closing Operator: TS[0]
2024-04-24T04:58:06,934  INFO [LocalJobRunner Map Task Executor #0] exec.TableScanOperator: RECORDS_OUT_OPERATOR_TS_0:2, RECORDS_OUT_INTERMEDIATE:0, 
2024-04-24T04:58:06,934  INFO [LocalJobRunner Map Task Executor #0] exec.SelectOperator: Closing Operator: SEL[1]
2024-04-24T04:58:06,934  INFO [LocalJobRunner Map Task Executor #0] exec.SelectOperator: RECORDS_OUT_OPERATOR_SEL_1:2, RECORDS_OUT_INTERMEDIATE:0, 
2024-04-24T04:58:06,934  INFO [LocalJobRunner Map Task Executor #0] exec.ReduceSinkOperator: Closing Operator: RS[2]
2024-04-24T04:58:06,934  INFO [LocalJobRunner Map Task Executor #0] exec.ReduceSinkOperator: RS[2]: Total records written - 2. abort - false
2024-04-24T04:58:06,934  INFO [LocalJobRunner Map Task Executor #0] exec.ReduceSinkOperator: RECORDS_OUT_OPERATOR_RS_2:2, RECORDS_OUT_INTERMEDIATE:2, 
2024-04-24T04:58:06,934  INFO [LocalJobRunner Map Task Executor #0] mapred.LocalJobRunner: 
2024-04-24T04:58:06,934  INFO [LocalJobRunner Map Task Executor #0] mapred.MapTask: Starting flush of map output
2024-04-24T04:58:06,934  INFO [LocalJobRunner Map Task Executor #0] mapred.MapTask: Spilling map output
2024-04-24T04:58:06,934  INFO [LocalJobRunner Map Task Executor #0] mapred.MapTask: bufstart = 0; bufend = 420; bufvoid = 104857600
2024-04-24T04:58:06,934  INFO [LocalJobRunner Map Task Executor #0] mapred.MapTask: kvstart = 26214396(104857584); kvend = 26214392(104857568); length = 5/6553600
2024-04-24T04:58:06,945  INFO [LocalJobRunner Map Task Executor #0] mapred.MapTask: Finished spill 0
2024-04-24T04:58:06,948  INFO [LocalJobRunner Map Task Executor #0] mapred.Task: Task:attempt_local515730868_0013_m_000000_0 is done. And is in the process of committing
2024-04-24T04:58:06,949  INFO [LocalJobRunner Map Task Executor #0] mapred.LocalJobRunner: OrcSplit [file:/home/alex/Repositories/hive/ql/target/tmp/org.apache.hadoop.hive.ql.TestTxnNoBuckets-1713959849960/warehouse/nobuckets/c3=3/delta_0000001_0000001_0000/bucket_00000_0, start=3, length=314, isOriginal=false, fileLength=679, hasFooter=false, hasBase=true, deltas=0]
2024-04-24T04:58:06,949  INFO [LocalJobRunner Map Task Executor #0] mapred.Task: Task 'attempt_local515730868_0013_m_000000_0' done.
2024-04-24T04:58:06,949  INFO [LocalJobRunner Map Task Executor #0] mapred.Task: Final Counters for attempt_local515730868_0013_m_000000_0: Counters: 24
	File System Counters
		FILE: Number of bytes read=303823
		FILE: Number of bytes written=15671783
		FILE: Number of read operations=0
		FILE: Number of large read operations=0
		FILE: Number of write operations=0
	Map-Reduce Framework
		Map input records=2
		Map output records=2
		Map output bytes=420
		Map output materialized bytes=432
		Input split bytes=511
		Combine input records=0
		Spilled Records=2
		Failed Shuffles=0
		Merged Map outputs=0
		GC time elapsed (ms)=5
		Total committed heap usage (bytes)=1098383360
	HIVE
		DESERIALIZE_ERRORS=0
		RECORDS_IN=2
		RECORDS_OUT_INTERMEDIATE=2
		RECORDS_OUT_OPERATOR_MAP_0=0
		RECORDS_OUT_OPERATOR_RS_2=2
		RECORDS_OUT_OPERATOR_SEL_1=2
		RECORDS_OUT_OPERATOR_TS_0=2
	File Input Format Counters 
		Bytes Read=10350
2024-04-24T04:58:06,949  INFO [LocalJobRunner Map Task Executor #0] mapred.LocalJobRunner: Finishing task: attempt_local515730868_0013_m_000000_0
2024-04-24T04:58:06,949  INFO [LocalJobRunner Map Task Executor #0] mapred.LocalJobRunner: Starting task: attempt_local515730868_0013_m_000001_0
2024-04-24T04:58:06,950  INFO [LocalJobRunner Map Task Executor #0] mapred.Task:  Using ResourceCalculatorProcessTree : [ ]
2024-04-24T04:58:06,950  INFO [LocalJobRunner Map Task Executor #0] mapred.MapTask: Processing split: org.apache.hadoop.hive.ql.io.orc.OrcInputFormat:OrcSplit [file:/home/alex/Repositories/hive/ql/target/tmp/org.apache.hadoop.hive.ql.TestTxnNoBuckets-1713959849960/warehouse/nobuckets/c3=1/delta_0000001_0000001_0000/bucket_00000_0, start=3, length=309, isOriginal=false, fileLength=655, hasFooter=false, hasBase=true, deltas=0]
2024-04-24T04:58:06,950  INFO [LocalJobRunner Map Task Executor #0] exec.SerializationUtilities: Deserializing MapWork using kryo
2024-04-24T04:58:06,951  INFO [LocalJobRunner Map Task Executor #0] exec.Utilities: Deserialized plan (via FILE) - name: null size: 7,48KB
2024-04-24T04:58:06,952  INFO [LocalJobRunner Map Task Executor #0] orc.OrcRawRecordMerger: min key = null, max key = null
2024-04-24T04:58:06,952  INFO [LocalJobRunner Map Task Executor #0] orc.ReaderImpl: Reading ORC rows from file:/home/alex/Repositories/hive/ql/target/tmp/org.apache.hadoop.hive.ql.TestTxnNoBuckets-1713959849960/warehouse/nobuckets/c3=1/delta_0000001_0000001_0000/bucket_00000_0 with {include: [true, true, true], offset: 3, length: 309, schema: struct<c1:int,c2:int>, includeAcidColumns: true}
2024-04-24T04:58:06,953  INFO [LocalJobRunner Map Task Executor #0] orc.OrcRawRecordMerger: updated min key = null, max key = null
2024-04-24T04:58:06,953  INFO [LocalJobRunner Map Task Executor #0] mapred.MapTask: numReduceTasks: 1
2024-04-24T04:58:06,957  INFO [LocalJobRunner Map Task Executor #0] mapred.MapTask: (EQUATOR) 0 kvi 26214396(104857584)
2024-04-24T04:58:06,957  INFO [LocalJobRunner Map Task Executor #0] mapred.MapTask: mapreduce.task.io.sort.mb: 100
2024-04-24T04:58:06,957  INFO [LocalJobRunner Map Task Executor #0] mapred.MapTask: soft limit at 83886080
2024-04-24T04:58:06,957  INFO [LocalJobRunner Map Task Executor #0] mapred.MapTask: bufstart = 0; bufvoid = 104857600
2024-04-24T04:58:06,957  INFO [LocalJobRunner Map Task Executor #0] mapred.MapTask: kvstart = 26214396; length = 6553600
2024-04-24T04:58:06,958  INFO [LocalJobRunner Map Task Executor #0] mapred.MapTask: Map output collector class = org.apache.hadoop.mapred.MapTask$MapOutputBuffer
2024-04-24T04:58:06,958  INFO [LocalJobRunner Map Task Executor #0] exec.MapOperator: Initializing Operator: MAP[0]
2024-04-24T04:58:06,961  INFO [LocalJobRunner Map Task Executor #0] mr.ExecMapper: 
<MAP>Id =0
  <Children>null
  <\Children>
  <Parent><\Parent>
<\MAP>
2024-04-24T04:58:06,962  INFO [LocalJobRunner Map Task Executor #0] exec.TableScanOperator: Initializing Operator: TS[0]
2024-04-24T04:58:06,962  INFO [LocalJobRunner Map Task Executor #0] exec.SelectOperator: Initializing Operator: SEL[1]
2024-04-24T04:58:06,962  INFO [LocalJobRunner Map Task Executor #0] exec.SelectOperator: SELECT struct<c1:int,c2:int,c3:int,row__id:struct<writeid:bigint,bucketid:int,rowid:bigint>,input__file__name:string>
2024-04-24T04:58:06,962  INFO [LocalJobRunner Map Task Executor #0] exec.ReduceSinkOperator: Initializing Operator: RS[2]
2024-04-24T04:58:06,962  INFO [LocalJobRunner Map Task Executor #0] exec.ReduceSinkOperator: Using tag = -1
2024-04-24T04:58:06,963  INFO [LocalJobRunner Map Task Executor #0] exec.ReduceSinkOperator: keys are [reducesinkkey0] num distributions: 1
2024-04-24T04:58:06,963  INFO [LocalJobRunner Map Task Executor #0] exec.ReduceSinkOperator: RS[2]: records written - 1
2024-04-24T04:58:06,963  INFO [LocalJobRunner Map Task Executor #0] exec.MapOperator: MAP[0]: records read - 1
2024-04-24T04:58:06,963  INFO [LocalJobRunner Map Task Executor #0] exec.MapOperator: Closing Operator: MAP[0]
2024-04-24T04:58:06,963  INFO [LocalJobRunner Map Task Executor #0] exec.MapOperator: MAP[0]: Total records read - 1. abort - false
2024-04-24T04:58:06,963  INFO [LocalJobRunner Map Task Executor #0] exec.MapOperator: RECORDS_OUT_OPERATOR_MAP_0:0, RECORDS_OUT_INTERMEDIATE:0, DESERIALIZE_ERRORS:0, RECORDS_IN:1, 
2024-04-24T04:58:06,963  INFO [LocalJobRunner Map Task Executor #0] exec.TableScanOperator: Closing Operator: TS[0]
2024-04-24T04:58:06,963  INFO [LocalJobRunner Map Task Executor #0] exec.TableScanOperator: RECORDS_OUT_INTERMEDIATE:0, RECORDS_OUT_OPERATOR_TS_0:1, 
2024-04-24T04:58:06,963  INFO [LocalJobRunner Map Task Executor #0] exec.SelectOperator: Closing Operator: SEL[1]
2024-04-24T04:58:06,963  INFO [LocalJobRunner Map Task Executor #0] exec.SelectOperator: RECORDS_OUT_OPERATOR_SEL_1:1, RECORDS_OUT_INTERMEDIATE:0, 
2024-04-24T04:58:06,963  INFO [LocalJobRunner Map Task Executor #0] exec.ReduceSinkOperator: Closing Operator: RS[2]
2024-04-24T04:58:06,963  INFO [LocalJobRunner Map Task Executor #0] exec.ReduceSinkOperator: RS[2]: Total records written - 1. abort - false
2024-04-24T04:58:06,963  INFO [LocalJobRunner Map Task Executor #0] exec.ReduceSinkOperator: RECORDS_OUT_OPERATOR_RS_2:1, RECORDS_OUT_INTERMEDIATE:1, 
2024-04-24T04:58:06,963  INFO [LocalJobRunner Map Task Executor #0] mapred.LocalJobRunner: 
2024-04-24T04:58:06,963  INFO [LocalJobRunner Map Task Executor #0] mapred.MapTask: Starting flush of map output
2024-04-24T04:58:06,963  INFO [LocalJobRunner Map Task Executor #0] mapred.MapTask: Spilling map output
2024-04-24T04:58:06,963  INFO [LocalJobRunner Map Task Executor #0] mapred.MapTask: bufstart = 0; bufend = 210; bufvoid = 104857600
2024-04-24T04:58:06,963  INFO [LocalJobRunner Map Task Executor #0] mapred.MapTask: kvstart = 26214396(104857584); kvend = 26214396(104857584); length = 1/6553600
2024-04-24T04:58:06,972  INFO [LocalJobRunner Map Task Executor #0] mapred.MapTask: Finished spill 0
2024-04-24T04:58:06,974  INFO [LocalJobRunner Map Task Executor #0] mapred.Task: Task:attempt_local515730868_0013_m_000001_0 is done. And is in the process of committing
2024-04-24T04:58:06,975  INFO [LocalJobRunner Map Task Executor #0] mapred.LocalJobRunner: OrcSplit [file:/home/alex/Repositories/hive/ql/target/tmp/org.apache.hadoop.hive.ql.TestTxnNoBuckets-1713959849960/warehouse/nobuckets/c3=1/delta_0000001_0000001_0000/bucket_00000_0, start=3, length=309, isOriginal=false, fileLength=655, hasFooter=false, hasBase=true, deltas=0]
2024-04-24T04:58:06,975  INFO [LocalJobRunner Map Task Executor #0] mapred.Task: Task 'attempt_local515730868_0013_m_000001_0' done.
2024-04-24T04:58:06,975  INFO [LocalJobRunner Map Task Executor #0] mapred.Task: Final Counters for attempt_local515730868_0013_m_000001_0: Counters: 24
	File System Counters
		FILE: Number of bytes read=317185
		FILE: Number of bytes written=15672034
		FILE: Number of read operations=0
		FILE: Number of large read operations=0
		FILE: Number of write operations=0
	Map-Reduce Framework
		Map input records=1
		Map output records=1
		Map output bytes=210
		Map output materialized bytes=219
		Input split bytes=511
		Combine input records=0
		Spilled Records=1
		Failed Shuffles=0
		Merged Map outputs=0
		GC time elapsed (ms)=0
		Total committed heap usage (bytes)=1098383360
	HIVE
		DESERIALIZE_ERRORS=0
		RECORDS_IN=1
		RECORDS_OUT_INTERMEDIATE=1
		RECORDS_OUT_OPERATOR_MAP_0=0
		RECORDS_OUT_OPERATOR_RS_2=1
		RECORDS_OUT_OPERATOR_SEL_1=1
		RECORDS_OUT_OPERATOR_TS_0=1
	File Input Format Counters 
		Bytes Read=10254
2024-04-24T04:58:06,975  INFO [LocalJobRunner Map Task Executor #0] mapred.LocalJobRunner: Finishing task: attempt_local515730868_0013_m_000001_0
2024-04-24T04:58:06,975  INFO [LocalJobRunner Map Task Executor #0] mapred.LocalJobRunner: Starting task: attempt_local515730868_0013_m_000002_0
2024-04-24T04:58:06,976  INFO [LocalJobRunner Map Task Executor #0] mapred.Task:  Using ResourceCalculatorProcessTree : [ ]
2024-04-24T04:58:06,976  INFO [LocalJobRunner Map Task Executor #0] mapred.MapTask: Processing split: org.apache.hadoop.hive.ql.io.orc.OrcInputFormat:OrcSplit [file:/home/alex/Repositories/hive/ql/target/tmp/org.apache.hadoop.hive.ql.TestTxnNoBuckets-1713959849960/warehouse/nobuckets/c3=2/delta_0000001_0000001_0000/bucket_00000_0, start=3, length=309, isOriginal=false, fileLength=663, hasFooter=false, hasBase=true, deltas=0]
2024-04-24T04:58:06,976  INFO [LocalJobRunner Map Task Executor #0] exec.SerializationUtilities: Deserializing MapWork using kryo
2024-04-24T04:58:06,977  INFO [LocalJobRunner Map Task Executor #0] exec.Utilities: Deserialized plan (via FILE) - name: null size: 7,48KB
2024-04-24T04:58:06,978  INFO [LocalJobRunner Map Task Executor #0] orc.OrcRawRecordMerger: min key = null, max key = null
2024-04-24T04:58:06,978  INFO [LocalJobRunner Map Task Executor #0] orc.ReaderImpl: Reading ORC rows from file:/home/alex/Repositories/hive/ql/target/tmp/org.apache.hadoop.hive.ql.TestTxnNoBuckets-1713959849960/warehouse/nobuckets/c3=2/delta_0000001_0000001_0000/bucket_00000_0 with {include: [true, true, true], offset: 3, length: 309, schema: struct<c1:int,c2:int>, includeAcidColumns: true}
2024-04-24T04:58:06,979  INFO [LocalJobRunner Map Task Executor #0] orc.OrcRawRecordMerger: updated min key = null, max key = null
2024-04-24T04:58:06,979  INFO [LocalJobRunner Map Task Executor #0] mapred.MapTask: numReduceTasks: 1
2024-04-24T04:58:06,983  INFO [LocalJobRunner Map Task Executor #0] mapred.MapTask: (EQUATOR) 0 kvi 26214396(104857584)
2024-04-24T04:58:06,983  INFO [LocalJobRunner Map Task Executor #0] mapred.MapTask: mapreduce.task.io.sort.mb: 100
2024-04-24T04:58:06,983  INFO [LocalJobRunner Map Task Executor #0] mapred.MapTask: soft limit at 83886080
2024-04-24T04:58:06,983  INFO [LocalJobRunner Map Task Executor #0] mapred.MapTask: bufstart = 0; bufvoid = 104857600
2024-04-24T04:58:06,983  INFO [LocalJobRunner Map Task Executor #0] mapred.MapTask: kvstart = 26214396; length = 6553600
2024-04-24T04:58:06,984  INFO [LocalJobRunner Map Task Executor #0] mapred.MapTask: Map output collector class = org.apache.hadoop.mapred.MapTask$MapOutputBuffer
2024-04-24T04:58:06,984  INFO [LocalJobRunner Map Task Executor #0] exec.MapOperator: Initializing Operator: MAP[0]
2024-04-24T04:58:06,987  INFO [LocalJobRunner Map Task Executor #0] mr.ExecMapper: 
<MAP>Id =0
  <Children>null
  <\Children>
  <Parent><\Parent>
<\MAP>
2024-04-24T04:58:06,988  INFO [LocalJobRunner Map Task Executor #0] exec.TableScanOperator: Initializing Operator: TS[0]
2024-04-24T04:58:06,988  INFO [LocalJobRunner Map Task Executor #0] exec.SelectOperator: Initializing Operator: SEL[1]
2024-04-24T04:58:06,988  INFO [LocalJobRunner Map Task Executor #0] exec.SelectOperator: SELECT struct<c1:int,c2:int,c3:int,row__id:struct<writeid:bigint,bucketid:int,rowid:bigint>,input__file__name:string>
2024-04-24T04:58:06,988  INFO [LocalJobRunner Map Task Executor #0] exec.ReduceSinkOperator: Initializing Operator: RS[2]
2024-04-24T04:58:06,988  INFO [LocalJobRunner Map Task Executor #0] exec.ReduceSinkOperator: Using tag = -1
2024-04-24T04:58:06,988  INFO [LocalJobRunner Map Task Executor #0] exec.ReduceSinkOperator: keys are [reducesinkkey0] num distributions: 1
2024-04-24T04:58:06,988  INFO [LocalJobRunner Map Task Executor #0] exec.ReduceSinkOperator: RS[2]: records written - 1
2024-04-24T04:58:06,988  INFO [LocalJobRunner Map Task Executor #0] exec.MapOperator: MAP[0]: records read - 1
2024-04-24T04:58:06,988  INFO [LocalJobRunner Map Task Executor #0] exec.MapOperator: Closing Operator: MAP[0]
2024-04-24T04:58:06,988  INFO [LocalJobRunner Map Task Executor #0] exec.MapOperator: MAP[0]: Total records read - 1. abort - false
2024-04-24T04:58:06,988  INFO [LocalJobRunner Map Task Executor #0] exec.MapOperator: DESERIALIZE_ERRORS:0, RECORDS_OUT_OPERATOR_MAP_0:0, RECORDS_IN:1, RECORDS_OUT_INTERMEDIATE:0, 
2024-04-24T04:58:06,988  INFO [LocalJobRunner Map Task Executor #0] exec.TableScanOperator: Closing Operator: TS[0]
2024-04-24T04:58:06,988  INFO [LocalJobRunner Map Task Executor #0] exec.TableScanOperator: RECORDS_OUT_OPERATOR_TS_0:1, RECORDS_OUT_INTERMEDIATE:0, 
2024-04-24T04:58:06,988  INFO [LocalJobRunner Map Task Executor #0] exec.SelectOperator: Closing Operator: SEL[1]
2024-04-24T04:58:06,989  INFO [LocalJobRunner Map Task Executor #0] exec.SelectOperator: RECORDS_OUT_OPERATOR_SEL_1:1, RECORDS_OUT_INTERMEDIATE:0, 
2024-04-24T04:58:06,989  INFO [LocalJobRunner Map Task Executor #0] exec.ReduceSinkOperator: Closing Operator: RS[2]
2024-04-24T04:58:06,989  INFO [LocalJobRunner Map Task Executor #0] exec.ReduceSinkOperator: RS[2]: Total records written - 1. abort - false
2024-04-24T04:58:06,989  INFO [LocalJobRunner Map Task Executor #0] exec.ReduceSinkOperator: RECORDS_OUT_INTERMEDIATE:1, RECORDS_OUT_OPERATOR_RS_2:1, 
2024-04-24T04:58:06,989  INFO [LocalJobRunner Map Task Executor #0] mapred.LocalJobRunner: 
2024-04-24T04:58:06,989  INFO [LocalJobRunner Map Task Executor #0] mapred.MapTask: Starting flush of map output
2024-04-24T04:58:06,989  INFO [LocalJobRunner Map Task Executor #0] mapred.MapTask: Spilling map output
2024-04-24T04:58:06,989  INFO [LocalJobRunner Map Task Executor #0] mapred.MapTask: bufstart = 0; bufend = 210; bufvoid = 104857600
2024-04-24T04:58:06,989  INFO [LocalJobRunner Map Task Executor #0] mapred.MapTask: kvstart = 26214396(104857584); kvend = 26214396(104857584); length = 1/6553600
2024-04-24T04:58:06,997  INFO [LocalJobRunner Map Task Executor #0] mapred.MapTask: Finished spill 0
2024-04-24T04:58:07,000  INFO [LocalJobRunner Map Task Executor #0] mapred.Task: Task:attempt_local515730868_0013_m_000002_0 is done. And is in the process of committing
2024-04-24T04:58:07,000  INFO [LocalJobRunner Map Task Executor #0] mapred.LocalJobRunner: OrcSplit [file:/home/alex/Repositories/hive/ql/target/tmp/org.apache.hadoop.hive.ql.TestTxnNoBuckets-1713959849960/warehouse/nobuckets/c3=2/delta_0000001_0000001_0000/bucket_00000_0, start=3, length=309, isOriginal=false, fileLength=663, hasFooter=false, hasBase=true, deltas=0]
2024-04-24T04:58:07,001  INFO [LocalJobRunner Map Task Executor #0] mapred.Task: Task 'attempt_local515730868_0013_m_000002_0' done.
2024-04-24T04:58:07,001  INFO [LocalJobRunner Map Task Executor #0] mapred.Task: Final Counters for attempt_local515730868_0013_m_000002_0: Counters: 24
	File System Counters
		FILE: Number of bytes read=330067
		FILE: Number of bytes written=15672285
		FILE: Number of read operations=0
		FILE: Number of large read operations=0
		FILE: Number of write operations=0
	Map-Reduce Framework
		Map input records=1
		Map output records=1
		Map output bytes=210
		Map output materialized bytes=219
		Input split bytes=511
		Combine input records=0
		Spilled Records=1
		Failed Shuffles=0
		Merged Map outputs=0
		GC time elapsed (ms)=0
		Total committed heap usage (bytes)=1098383360
	HIVE
		DESERIALIZE_ERRORS=0
		RECORDS_IN=1
		RECORDS_OUT_INTERMEDIATE=1
		RECORDS_OUT_OPERATOR_MAP_0=0
		RECORDS_OUT_OPERATOR_RS_2=1
		RECORDS_OUT_OPERATOR_SEL_1=1
		RECORDS_OUT_OPERATOR_TS_0=1
	File Input Format Counters 
		Bytes Read=10286
2024-04-24T04:58:07,001  INFO [LocalJobRunner Map Task Executor #0] mapred.LocalJobRunner: Finishing task: attempt_local515730868_0013_m_000002_0
2024-04-24T04:58:07,001  INFO [LocalJobRunner Map Task Executor #0] mapred.LocalJobRunner: Starting task: attempt_local515730868_0013_m_000003_0
2024-04-24T04:58:07,001  INFO [LocalJobRunner Map Task Executor #0] mapred.Task:  Using ResourceCalculatorProcessTree : [ ]
2024-04-24T04:58:07,002  INFO [LocalJobRunner Map Task Executor #0] mapred.MapTask: Processing split: org.apache.hadoop.hive.ql.io.orc.OrcInputFormat:OrcSplit [file:/home/alex/Repositories/hive/ql/target/tmp/org.apache.hadoop.hive.ql.TestTxnNoBuckets-1713959849960/warehouse/nobuckets/c3=5/delta_0000001_0000001_0000/bucket_00000_0, start=3, length=309, isOriginal=false, fileLength=664, hasFooter=false, hasBase=true, deltas=0]
2024-04-24T04:58:07,002  INFO [LocalJobRunner Map Task Executor #0] exec.SerializationUtilities: Deserializing MapWork using kryo
2024-04-24T04:58:07,003  INFO [LocalJobRunner Map Task Executor #0] exec.Utilities: Deserialized plan (via FILE) - name: null size: 7,48KB
2024-04-24T04:58:07,005  INFO [LocalJobRunner Map Task Executor #0] orc.OrcRawRecordMerger: min key = null, max key = null
2024-04-24T04:58:07,005  INFO [LocalJobRunner Map Task Executor #0] orc.ReaderImpl: Reading ORC rows from file:/home/alex/Repositories/hive/ql/target/tmp/org.apache.hadoop.hive.ql.TestTxnNoBuckets-1713959849960/warehouse/nobuckets/c3=5/delta_0000001_0000001_0000/bucket_00000_0 with {include: [true, true, true], offset: 3, length: 309, schema: struct<c1:int,c2:int>, includeAcidColumns: true}
2024-04-24T04:58:07,006  INFO [LocalJobRunner Map Task Executor #0] orc.OrcRawRecordMerger: updated min key = null, max key = null
2024-04-24T04:58:07,006  INFO [LocalJobRunner Map Task Executor #0] mapred.MapTask: numReduceTasks: 1
2024-04-24T04:58:07,011  INFO [LocalJobRunner Map Task Executor #0] mapred.MapTask: (EQUATOR) 0 kvi 26214396(104857584)
2024-04-24T04:58:07,011  INFO [LocalJobRunner Map Task Executor #0] mapred.MapTask: mapreduce.task.io.sort.mb: 100
2024-04-24T04:58:07,011  INFO [LocalJobRunner Map Task Executor #0] mapred.MapTask: soft limit at 83886080
2024-04-24T04:58:07,011  INFO [LocalJobRunner Map Task Executor #0] mapred.MapTask: bufstart = 0; bufvoid = 104857600
2024-04-24T04:58:07,011  INFO [LocalJobRunner Map Task Executor #0] mapred.MapTask: kvstart = 26214396; length = 6553600
2024-04-24T04:58:07,012  INFO [LocalJobRunner Map Task Executor #0] mapred.MapTask: Map output collector class = org.apache.hadoop.mapred.MapTask$MapOutputBuffer
2024-04-24T04:58:07,012  INFO [LocalJobRunner Map Task Executor #0] exec.MapOperator: Initializing Operator: MAP[0]
2024-04-24T04:58:07,015  INFO [LocalJobRunner Map Task Executor #0] mr.ExecMapper: 
<MAP>Id =0
  <Children>null
  <\Children>
  <Parent><\Parent>
<\MAP>
2024-04-24T04:58:07,015  INFO [LocalJobRunner Map Task Executor #0] exec.TableScanOperator: Initializing Operator: TS[0]
2024-04-24T04:58:07,015  INFO [LocalJobRunner Map Task Executor #0] exec.SelectOperator: Initializing Operator: SEL[1]
2024-04-24T04:58:07,015  INFO [LocalJobRunner Map Task Executor #0] exec.SelectOperator: SELECT struct<c1:int,c2:int,c3:int,row__id:struct<writeid:bigint,bucketid:int,rowid:bigint>,input__file__name:string>
2024-04-24T04:58:07,016  INFO [LocalJobRunner Map Task Executor #0] exec.ReduceSinkOperator: Initializing Operator: RS[2]
2024-04-24T04:58:07,016  INFO [LocalJobRunner Map Task Executor #0] exec.ReduceSinkOperator: Using tag = -1
2024-04-24T04:58:07,016  INFO [LocalJobRunner Map Task Executor #0] exec.ReduceSinkOperator: keys are [reducesinkkey0] num distributions: 1
2024-04-24T04:58:07,016  INFO [LocalJobRunner Map Task Executor #0] exec.ReduceSinkOperator: RS[2]: records written - 1
2024-04-24T04:58:07,016  INFO [LocalJobRunner Map Task Executor #0] exec.MapOperator: MAP[0]: records read - 1
2024-04-24T04:58:07,016  INFO [LocalJobRunner Map Task Executor #0] exec.MapOperator: Closing Operator: MAP[0]
2024-04-24T04:58:07,016  INFO [LocalJobRunner Map Task Executor #0] exec.MapOperator: MAP[0]: Total records read - 1. abort - false
2024-04-24T04:58:07,016  INFO [LocalJobRunner Map Task Executor #0] exec.MapOperator: RECORDS_OUT_OPERATOR_MAP_0:0, DESERIALIZE_ERRORS:0, RECORDS_IN:1, RECORDS_OUT_INTERMEDIATE:0, 
2024-04-24T04:58:07,016  INFO [LocalJobRunner Map Task Executor #0] exec.TableScanOperator: Closing Operator: TS[0]
2024-04-24T04:58:07,016  INFO [LocalJobRunner Map Task Executor #0] exec.TableScanOperator: RECORDS_OUT_OPERATOR_TS_0:1, RECORDS_OUT_INTERMEDIATE:0, 
2024-04-24T04:58:07,016  INFO [LocalJobRunner Map Task Executor #0] exec.SelectOperator: Closing Operator: SEL[1]
2024-04-24T04:58:07,016  INFO [LocalJobRunner Map Task Executor #0] exec.SelectOperator: RECORDS_OUT_INTERMEDIATE:0, RECORDS_OUT_OPERATOR_SEL_1:1, 
2024-04-24T04:58:07,017  INFO [LocalJobRunner Map Task Executor #0] exec.ReduceSinkOperator: Closing Operator: RS[2]
2024-04-24T04:58:07,017  INFO [LocalJobRunner Map Task Executor #0] exec.ReduceSinkOperator: RS[2]: Total records written - 1. abort - false
2024-04-24T04:58:07,017  INFO [LocalJobRunner Map Task Executor #0] exec.ReduceSinkOperator: RECORDS_OUT_INTERMEDIATE:1, RECORDS_OUT_OPERATOR_RS_2:1, 
2024-04-24T04:58:07,017  INFO [LocalJobRunner Map Task Executor #0] mapred.LocalJobRunner: 
2024-04-24T04:58:07,017  INFO [LocalJobRunner Map Task Executor #0] mapred.MapTask: Starting flush of map output
2024-04-24T04:58:07,017  INFO [LocalJobRunner Map Task Executor #0] mapred.MapTask: Spilling map output
2024-04-24T04:58:07,017  INFO [LocalJobRunner Map Task Executor #0] mapred.MapTask: bufstart = 0; bufend = 210; bufvoid = 104857600
2024-04-24T04:58:07,017  INFO [LocalJobRunner Map Task Executor #0] mapred.MapTask: kvstart = 26214396(104857584); kvend = 26214396(104857584); length = 1/6553600
2024-04-24T04:58:07,029  INFO [LocalJobRunner Map Task Executor #0] mapred.MapTask: Finished spill 0
2024-04-24T04:58:07,037  INFO [LocalJobRunner Map Task Executor #0] mapred.Task: Task:attempt_local515730868_0013_m_000003_0 is done. And is in the process of committing
2024-04-24T04:58:07,038  INFO [LocalJobRunner Map Task Executor #0] mapred.LocalJobRunner: OrcSplit [file:/home/alex/Repositories/hive/ql/target/tmp/org.apache.hadoop.hive.ql.TestTxnNoBuckets-1713959849960/warehouse/nobuckets/c3=5/delta_0000001_0000001_0000/bucket_00000_0, start=3, length=309, isOriginal=false, fileLength=664, hasFooter=false, hasBase=true, deltas=0]
2024-04-24T04:58:07,038  INFO [LocalJobRunner Map Task Executor #0] mapred.Task: Task 'attempt_local515730868_0013_m_000003_0' done.
2024-04-24T04:58:07,039  INFO [LocalJobRunner Map Task Executor #0] mapred.Task: Final Counters for attempt_local515730868_0013_m_000003_0: Counters: 24
	File System Counters
		FILE: Number of bytes read=342441
		FILE: Number of bytes written=15672536
		FILE: Number of read operations=0
		FILE: Number of large read operations=0
		FILE: Number of write operations=0
	Map-Reduce Framework
		Map input records=1
		Map output records=1
		Map output bytes=210
		Map output materialized bytes=219
		Input split bytes=511
		Combine input records=0
		Spilled Records=1
		Failed Shuffles=0
		Merged Map outputs=0
		GC time elapsed (ms)=0
		Total committed heap usage (bytes)=1098383360
	HIVE
		DESERIALIZE_ERRORS=0
		RECORDS_IN=1
		RECORDS_OUT_INTERMEDIATE=1
		RECORDS_OUT_OPERATOR_MAP_0=0
		RECORDS_OUT_OPERATOR_RS_2=1
		RECORDS_OUT_OPERATOR_SEL_1=1
		RECORDS_OUT_OPERATOR_TS_0=1
	File Input Format Counters 
		Bytes Read=10290
2024-04-24T04:58:07,039  INFO [LocalJobRunner Map Task Executor #0] mapred.LocalJobRunner: Finishing task: attempt_local515730868_0013_m_000003_0
2024-04-24T04:58:07,039  INFO [LocalJobRunner Map Task Executor #0] mapred.LocalJobRunner: Starting task: attempt_local515730868_0013_m_000004_0
2024-04-24T04:58:07,040  INFO [LocalJobRunner Map Task Executor #0] mapred.Task:  Using ResourceCalculatorProcessTree : [ ]
2024-04-24T04:58:07,041  INFO [LocalJobRunner Map Task Executor #0] mapred.MapTask: Processing split: org.apache.hadoop.hive.ql.io.orc.OrcInputFormat:OrcSplit [file:/home/alex/Repositories/hive/ql/target/tmp/org.apache.hadoop.hive.ql.TestTxnNoBuckets-1713959849960/warehouse/nobuckets/c3=4/delta_0000001_0000001_0000/bucket_00000_0, start=3, length=309, isOriginal=false, fileLength=663, hasFooter=false, hasBase=true, deltas=0]
2024-04-24T04:58:07,042  INFO [LocalJobRunner Map Task Executor #0] exec.SerializationUtilities: Deserializing MapWork using kryo
2024-04-24T04:58:07,044  INFO [LocalJobRunner Map Task Executor #0] exec.Utilities: Deserialized plan (via FILE) - name: null size: 7,48KB
2024-04-24T04:58:07,047  INFO [LocalJobRunner Map Task Executor #0] orc.OrcRawRecordMerger: min key = null, max key = null
2024-04-24T04:58:07,047  INFO [LocalJobRunner Map Task Executor #0] orc.ReaderImpl: Reading ORC rows from file:/home/alex/Repositories/hive/ql/target/tmp/org.apache.hadoop.hive.ql.TestTxnNoBuckets-1713959849960/warehouse/nobuckets/c3=4/delta_0000001_0000001_0000/bucket_00000_0 with {include: [true, true, true], offset: 3, length: 309, schema: struct<c1:int,c2:int>, includeAcidColumns: true}
2024-04-24T04:58:07,049  INFO [LocalJobRunner Map Task Executor #0] orc.OrcRawRecordMerger: updated min key = null, max key = null
2024-04-24T04:58:07,050  INFO [LocalJobRunner Map Task Executor #0] mapred.MapTask: numReduceTasks: 1
2024-04-24T04:58:07,058  INFO [LocalJobRunner Map Task Executor #0] mapred.MapTask: (EQUATOR) 0 kvi 26214396(104857584)
2024-04-24T04:58:07,058  INFO [LocalJobRunner Map Task Executor #0] mapred.MapTask: mapreduce.task.io.sort.mb: 100
2024-04-24T04:58:07,058  INFO [LocalJobRunner Map Task Executor #0] mapred.MapTask: soft limit at 83886080
2024-04-24T04:58:07,058  INFO [LocalJobRunner Map Task Executor #0] mapred.MapTask: bufstart = 0; bufvoid = 104857600
2024-04-24T04:58:07,058  INFO [LocalJobRunner Map Task Executor #0] mapred.MapTask: kvstart = 26214396; length = 6553600
2024-04-24T04:58:07,059  INFO [LocalJobRunner Map Task Executor #0] mapred.MapTask: Map output collector class = org.apache.hadoop.mapred.MapTask$MapOutputBuffer
2024-04-24T04:58:07,059  INFO [LocalJobRunner Map Task Executor #0] exec.MapOperator: Initializing Operator: MAP[0]
2024-04-24T04:58:07,063  INFO [LocalJobRunner Map Task Executor #0] mr.ExecMapper: 
<MAP>Id =0
  <Children>null
  <\Children>
  <Parent><\Parent>
<\MAP>
2024-04-24T04:58:07,064  INFO [LocalJobRunner Map Task Executor #0] exec.TableScanOperator: Initializing Operator: TS[0]
2024-04-24T04:58:07,064  INFO [LocalJobRunner Map Task Executor #0] exec.SelectOperator: Initializing Operator: SEL[1]
2024-04-24T04:58:07,064  INFO [LocalJobRunner Map Task Executor #0] exec.SelectOperator: SELECT struct<c1:int,c2:int,c3:int,row__id:struct<writeid:bigint,bucketid:int,rowid:bigint>,input__file__name:string>
2024-04-24T04:58:07,064  INFO [LocalJobRunner Map Task Executor #0] exec.ReduceSinkOperator: Initializing Operator: RS[2]
2024-04-24T04:58:07,064  INFO [LocalJobRunner Map Task Executor #0] exec.ReduceSinkOperator: Using tag = -1
2024-04-24T04:58:07,065  INFO [LocalJobRunner Map Task Executor #0] exec.ReduceSinkOperator: keys are [reducesinkkey0] num distributions: 1
2024-04-24T04:58:07,065  INFO [LocalJobRunner Map Task Executor #0] exec.ReduceSinkOperator: RS[2]: records written - 1
2024-04-24T04:58:07,065  INFO [LocalJobRunner Map Task Executor #0] exec.MapOperator: MAP[0]: records read - 1
2024-04-24T04:58:07,065  INFO [LocalJobRunner Map Task Executor #0] exec.MapOperator: Closing Operator: MAP[0]
2024-04-24T04:58:07,065  INFO [LocalJobRunner Map Task Executor #0] exec.MapOperator: MAP[0]: Total records read - 1. abort - false
2024-04-24T04:58:07,065  INFO [LocalJobRunner Map Task Executor #0] exec.MapOperator: RECORDS_IN:1, DESERIALIZE_ERRORS:0, RECORDS_OUT_OPERATOR_MAP_0:0, RECORDS_OUT_INTERMEDIATE:0, 
2024-04-24T04:58:07,065  INFO [LocalJobRunner Map Task Executor #0] exec.TableScanOperator: Closing Operator: TS[0]
2024-04-24T04:58:07,065  INFO [LocalJobRunner Map Task Executor #0] exec.TableScanOperator: RECORDS_OUT_INTERMEDIATE:0, RECORDS_OUT_OPERATOR_TS_0:1, 
2024-04-24T04:58:07,065  INFO [LocalJobRunner Map Task Executor #0] exec.SelectOperator: Closing Operator: SEL[1]
2024-04-24T04:58:07,066  INFO [LocalJobRunner Map Task Executor #0] exec.SelectOperator: RECORDS_OUT_OPERATOR_SEL_1:1, RECORDS_OUT_INTERMEDIATE:0, 
2024-04-24T04:58:07,066  INFO [LocalJobRunner Map Task Executor #0] exec.ReduceSinkOperator: Closing Operator: RS[2]
2024-04-24T04:58:07,066  INFO [LocalJobRunner Map Task Executor #0] exec.ReduceSinkOperator: RS[2]: Total records written - 1. abort - false
2024-04-24T04:58:07,066  INFO [LocalJobRunner Map Task Executor #0] exec.ReduceSinkOperator: RECORDS_OUT_INTERMEDIATE:1, RECORDS_OUT_OPERATOR_RS_2:1, 
2024-04-24T04:58:07,066  INFO [LocalJobRunner Map Task Executor #0] mapred.LocalJobRunner: 
2024-04-24T04:58:07,066  INFO [LocalJobRunner Map Task Executor #0] mapred.MapTask: Starting flush of map output
2024-04-24T04:58:07,066  INFO [LocalJobRunner Map Task Executor #0] mapred.MapTask: Spilling map output
2024-04-24T04:58:07,066  INFO [LocalJobRunner Map Task Executor #0] mapred.MapTask: bufstart = 0; bufend = 210; bufvoid = 104857600
2024-04-24T04:58:07,066  INFO [LocalJobRunner Map Task Executor #0] mapred.MapTask: kvstart = 26214396(104857584); kvend = 26214396(104857584); length = 1/6553600
2024-04-24T04:58:07,075  INFO [LocalJobRunner Map Task Executor #0] mapred.MapTask: Finished spill 0
2024-04-24T04:58:07,078  INFO [LocalJobRunner Map Task Executor #0] mapred.Task: Task:attempt_local515730868_0013_m_000004_0 is done. And is in the process of committing
2024-04-24T04:58:07,079  INFO [LocalJobRunner Map Task Executor #0] mapred.LocalJobRunner: OrcSplit [file:/home/alex/Repositories/hive/ql/target/tmp/org.apache.hadoop.hive.ql.TestTxnNoBuckets-1713959849960/warehouse/nobuckets/c3=4/delta_0000001_0000001_0000/bucket_00000_0, start=3, length=309, isOriginal=false, fileLength=663, hasFooter=false, hasBase=true, deltas=0]
2024-04-24T04:58:07,079  INFO [LocalJobRunner Map Task Executor #0] mapred.Task: Task 'attempt_local515730868_0013_m_000004_0' done.
2024-04-24T04:58:07,079  INFO [LocalJobRunner Map Task Executor #0] mapred.Task: Final Counters for attempt_local515730868_0013_m_000004_0: Counters: 24
	File System Counters
		FILE: Number of bytes read=354299
		FILE: Number of bytes written=15672787
		FILE: Number of read operations=0
		FILE: Number of large read operations=0
		FILE: Number of write operations=0
	Map-Reduce Framework
		Map input records=1
		Map output records=1
		Map output bytes=210
		Map output materialized bytes=219
		Input split bytes=511
		Combine input records=0
		Spilled Records=1
		Failed Shuffles=0
		Merged Map outputs=0
		GC time elapsed (ms)=0
		Total committed heap usage (bytes)=1098383360
	HIVE
		DESERIALIZE_ERRORS=0
		RECORDS_IN=1
		RECORDS_OUT_INTERMEDIATE=1
		RECORDS_OUT_OPERATOR_MAP_0=0
		RECORDS_OUT_OPERATOR_RS_2=1
		RECORDS_OUT_OPERATOR_SEL_1=1
		RECORDS_OUT_OPERATOR_TS_0=1
	File Input Format Counters 
		Bytes Read=10286
2024-04-24T04:58:07,079  INFO [LocalJobRunner Map Task Executor #0] mapred.LocalJobRunner: Finishing task: attempt_local515730868_0013_m_000004_0
2024-04-24T04:58:07,079  INFO [LocalJobRunner Map Task Executor #0] mapred.LocalJobRunner: Starting task: attempt_local515730868_0013_m_000005_0
2024-04-24T04:58:07,080  INFO [LocalJobRunner Map Task Executor #0] mapred.Task:  Using ResourceCalculatorProcessTree : [ ]
2024-04-24T04:58:07,080  INFO [LocalJobRunner Map Task Executor #0] mapred.MapTask: Processing split: org.apache.hadoop.hive.ql.io.orc.OrcInputFormat:OrcSplit [file:/home/alex/Repositories/hive/ql/target/tmp/org.apache.hadoop.hive.ql.TestTxnNoBuckets-1713959849960/warehouse/nobuckets/c3=0/delta_0000001_0000001_0000/bucket_00000_0, start=3, length=309, isOriginal=false, fileLength=651, hasFooter=false, hasBase=true, deltas=0]
2024-04-24T04:58:07,081  INFO [LocalJobRunner Map Task Executor #0] exec.SerializationUtilities: Deserializing MapWork using kryo
2024-04-24T04:58:07,081  INFO [LocalJobRunner Map Task Executor #0] exec.Utilities: Deserialized plan (via FILE) - name: null size: 7,48KB
2024-04-24T04:58:07,082  INFO [LocalJobRunner Map Task Executor #0] orc.OrcRawRecordMerger: min key = null, max key = null
2024-04-24T04:58:07,082  INFO [LocalJobRunner Map Task Executor #0] orc.ReaderImpl: Reading ORC rows from file:/home/alex/Repositories/hive/ql/target/tmp/org.apache.hadoop.hive.ql.TestTxnNoBuckets-1713959849960/warehouse/nobuckets/c3=0/delta_0000001_0000001_0000/bucket_00000_0 with {include: [true, true, true], offset: 3, length: 309, schema: struct<c1:int,c2:int>, includeAcidColumns: true}
2024-04-24T04:58:07,083  INFO [LocalJobRunner Map Task Executor #0] orc.OrcRawRecordMerger: updated min key = null, max key = null
2024-04-24T04:58:07,083  INFO [LocalJobRunner Map Task Executor #0] mapred.MapTask: numReduceTasks: 1
2024-04-24T04:58:07,092  INFO [LocalJobRunner Map Task Executor #0] mapred.MapTask: (EQUATOR) 0 kvi 26214396(104857584)
2024-04-24T04:58:07,092  INFO [LocalJobRunner Map Task Executor #0] mapred.MapTask: mapreduce.task.io.sort.mb: 100
2024-04-24T04:58:07,092  INFO [LocalJobRunner Map Task Executor #0] mapred.MapTask: soft limit at 83886080
2024-04-24T04:58:07,092  INFO [LocalJobRunner Map Task Executor #0] mapred.MapTask: bufstart = 0; bufvoid = 104857600
2024-04-24T04:58:07,092  INFO [LocalJobRunner Map Task Executor #0] mapred.MapTask: kvstart = 26214396; length = 6553600
2024-04-24T04:58:07,093  INFO [LocalJobRunner Map Task Executor #0] mapred.MapTask: Map output collector class = org.apache.hadoop.mapred.MapTask$MapOutputBuffer
2024-04-24T04:58:07,093  INFO [LocalJobRunner Map Task Executor #0] exec.MapOperator: Initializing Operator: MAP[0]
2024-04-24T04:58:07,097  INFO [LocalJobRunner Map Task Executor #0] mr.ExecMapper: 
<MAP>Id =0
  <Children>null
  <\Children>
  <Parent><\Parent>
<\MAP>
2024-04-24T04:58:07,097  INFO [LocalJobRunner Map Task Executor #0] exec.TableScanOperator: Initializing Operator: TS[0]
2024-04-24T04:58:07,097  INFO [LocalJobRunner Map Task Executor #0] exec.SelectOperator: Initializing Operator: SEL[1]
2024-04-24T04:58:07,097  INFO [LocalJobRunner Map Task Executor #0] exec.SelectOperator: SELECT struct<c1:int,c2:int,c3:int,row__id:struct<writeid:bigint,bucketid:int,rowid:bigint>,input__file__name:string>
2024-04-24T04:58:07,097  INFO [LocalJobRunner Map Task Executor #0] exec.ReduceSinkOperator: Initializing Operator: RS[2]
2024-04-24T04:58:07,097  INFO [LocalJobRunner Map Task Executor #0] exec.ReduceSinkOperator: Using tag = -1
2024-04-24T04:58:07,098  INFO [LocalJobRunner Map Task Executor #0] exec.ReduceSinkOperator: keys are [reducesinkkey0] num distributions: 1
2024-04-24T04:58:07,098  INFO [LocalJobRunner Map Task Executor #0] exec.ReduceSinkOperator: RS[2]: records written - 1
2024-04-24T04:58:07,098  INFO [LocalJobRunner Map Task Executor #0] exec.MapOperator: MAP[0]: records read - 1
2024-04-24T04:58:07,098  INFO [LocalJobRunner Map Task Executor #0] exec.MapOperator: Closing Operator: MAP[0]
2024-04-24T04:58:07,098  INFO [LocalJobRunner Map Task Executor #0] exec.MapOperator: MAP[0]: Total records read - 1. abort - false
2024-04-24T04:58:07,098  INFO [LocalJobRunner Map Task Executor #0] exec.MapOperator: RECORDS_OUT_OPERATOR_MAP_0:0, RECORDS_OUT_INTERMEDIATE:0, DESERIALIZE_ERRORS:0, RECORDS_IN:1, 
2024-04-24T04:58:07,098  INFO [LocalJobRunner Map Task Executor #0] exec.TableScanOperator: Closing Operator: TS[0]
2024-04-24T04:58:07,098  INFO [LocalJobRunner Map Task Executor #0] exec.TableScanOperator: RECORDS_OUT_OPERATOR_TS_0:1, RECORDS_OUT_INTERMEDIATE:0, 
2024-04-24T04:58:07,098  INFO [LocalJobRunner Map Task Executor #0] exec.SelectOperator: Closing Operator: SEL[1]
2024-04-24T04:58:07,098  INFO [LocalJobRunner Map Task Executor #0] exec.SelectOperator: RECORDS_OUT_OPERATOR_SEL_1:1, RECORDS_OUT_INTERMEDIATE:0, 
2024-04-24T04:58:07,098  INFO [LocalJobRunner Map Task Executor #0] exec.ReduceSinkOperator: Closing Operator: RS[2]
2024-04-24T04:58:07,098  INFO [LocalJobRunner Map Task Executor #0] exec.ReduceSinkOperator: RS[2]: Total records written - 1. abort - false
2024-04-24T04:58:07,098  INFO [LocalJobRunner Map Task Executor #0] exec.ReduceSinkOperator: RECORDS_OUT_INTERMEDIATE:1, RECORDS_OUT_OPERATOR_RS_2:1, 
2024-04-24T04:58:07,099  INFO [LocalJobRunner Map Task Executor #0] mapred.LocalJobRunner: 
2024-04-24T04:58:07,099  INFO [LocalJobRunner Map Task Executor #0] mapred.MapTask: Starting flush of map output
2024-04-24T04:58:07,099  INFO [LocalJobRunner Map Task Executor #0] mapred.MapTask: Spilling map output
2024-04-24T04:58:07,099  INFO [LocalJobRunner Map Task Executor #0] mapred.MapTask: bufstart = 0; bufend = 210; bufvoid = 104857600
2024-04-24T04:58:07,099  INFO [LocalJobRunner Map Task Executor #0] mapred.MapTask: kvstart = 26214396(104857584); kvend = 26214396(104857584); length = 1/6553600
2024-04-24T04:58:07,107  INFO [LocalJobRunner Map Task Executor #0] mapred.MapTask: Finished spill 0
2024-04-24T04:58:07,110  INFO [LocalJobRunner Map Task Executor #0] mapred.Task: Task:attempt_local515730868_0013_m_000005_0 is done. And is in the process of committing
2024-04-24T04:58:07,110  INFO [LocalJobRunner Map Task Executor #0] mapred.LocalJobRunner: OrcSplit [file:/home/alex/Repositories/hive/ql/target/tmp/org.apache.hadoop.hive.ql.TestTxnNoBuckets-1713959849960/warehouse/nobuckets/c3=0/delta_0000001_0000001_0000/bucket_00000_0, start=3, length=309, isOriginal=false, fileLength=651, hasFooter=false, hasBase=true, deltas=0]
2024-04-24T04:58:07,110  INFO [LocalJobRunner Map Task Executor #0] mapred.Task: Task 'attempt_local515730868_0013_m_000005_0' done.
2024-04-24T04:58:07,110  INFO [LocalJobRunner Map Task Executor #0] mapred.Task: Final Counters for attempt_local515730868_0013_m_000005_0: Counters: 24
	File System Counters
		FILE: Number of bytes read=365597
		FILE: Number of bytes written=15673038
		FILE: Number of read operations=0
		FILE: Number of large read operations=0
		FILE: Number of write operations=0
	Map-Reduce Framework
		Map input records=1
		Map output records=1
		Map output bytes=210
		Map output materialized bytes=219
		Input split bytes=511
		Combine input records=0
		Spilled Records=1
		Failed Shuffles=0
		Merged Map outputs=0
		GC time elapsed (ms)=4
		Total committed heap usage (bytes)=1098383360
	HIVE
		DESERIALIZE_ERRORS=0
		RECORDS_IN=1
		RECORDS_OUT_INTERMEDIATE=1
		RECORDS_OUT_OPERATOR_MAP_0=0
		RECORDS_OUT_OPERATOR_RS_2=1
		RECORDS_OUT_OPERATOR_SEL_1=1
		RECORDS_OUT_OPERATOR_TS_0=1
	File Input Format Counters 
		Bytes Read=10238
2024-04-24T04:58:07,110  INFO [LocalJobRunner Map Task Executor #0] mapred.LocalJobRunner: Finishing task: attempt_local515730868_0013_m_000005_0
2024-04-24T04:58:07,110  INFO [LocalJobRunner Map Task Executor #0] mapred.LocalJobRunner: Starting task: attempt_local515730868_0013_m_000006_0
2024-04-24T04:58:07,111  INFO [LocalJobRunner Map Task Executor #0] mapred.Task:  Using ResourceCalculatorProcessTree : [ ]
2024-04-24T04:58:07,111  INFO [LocalJobRunner Map Task Executor #0] mapred.MapTask: Processing split: org.apache.hadoop.hive.ql.io.orc.OrcInputFormat:OrcSplit [file:/home/alex/Repositories/hive/ql/target/tmp/org.apache.hadoop.hive.ql.TestTxnNoBuckets-1713959849960/warehouse/nobuckets/c3=6/delta_0000001_0000001_0000/bucket_00000_0, start=3, length=309, isOriginal=false, fileLength=665, hasFooter=false, hasBase=true, deltas=0]
2024-04-24T04:58:07,112  INFO [LocalJobRunner Map Task Executor #0] exec.SerializationUtilities: Deserializing MapWork using kryo
2024-04-24T04:58:07,112  INFO [LocalJobRunner Map Task Executor #0] exec.Utilities: Deserialized plan (via FILE) - name: null size: 7,48KB
2024-04-24T04:58:07,113  INFO [LocalJobRunner Map Task Executor #0] orc.OrcRawRecordMerger: min key = null, max key = null
2024-04-24T04:58:07,113  INFO [LocalJobRunner Map Task Executor #0] orc.ReaderImpl: Reading ORC rows from file:/home/alex/Repositories/hive/ql/target/tmp/org.apache.hadoop.hive.ql.TestTxnNoBuckets-1713959849960/warehouse/nobuckets/c3=6/delta_0000001_0000001_0000/bucket_00000_0 with {include: [true, true, true], offset: 3, length: 309, schema: struct<c1:int,c2:int>, includeAcidColumns: true}
2024-04-24T04:58:07,114  INFO [LocalJobRunner Map Task Executor #0] orc.OrcRawRecordMerger: updated min key = null, max key = null
2024-04-24T04:58:07,114  INFO [LocalJobRunner Map Task Executor #0] mapred.MapTask: numReduceTasks: 1
2024-04-24T04:58:07,119  INFO [LocalJobRunner Map Task Executor #0] mapred.MapTask: (EQUATOR) 0 kvi 26214396(104857584)
2024-04-24T04:58:07,119  INFO [LocalJobRunner Map Task Executor #0] mapred.MapTask: mapreduce.task.io.sort.mb: 100
2024-04-24T04:58:07,119  INFO [LocalJobRunner Map Task Executor #0] mapred.MapTask: soft limit at 83886080
2024-04-24T04:58:07,119  INFO [LocalJobRunner Map Task Executor #0] mapred.MapTask: bufstart = 0; bufvoid = 104857600
2024-04-24T04:58:07,119  INFO [LocalJobRunner Map Task Executor #0] mapred.MapTask: kvstart = 26214396; length = 6553600
2024-04-24T04:58:07,119  INFO [LocalJobRunner Map Task Executor #0] mapred.MapTask: Map output collector class = org.apache.hadoop.mapred.MapTask$MapOutputBuffer
2024-04-24T04:58:07,119  INFO [LocalJobRunner Map Task Executor #0] exec.MapOperator: Initializing Operator: MAP[0]
2024-04-24T04:58:07,122  INFO [LocalJobRunner Map Task Executor #0] mr.ExecMapper: 
<MAP>Id =0
  <Children>null
  <\Children>
  <Parent><\Parent>
<\MAP>
2024-04-24T04:58:07,122  INFO [LocalJobRunner Map Task Executor #0] exec.TableScanOperator: Initializing Operator: TS[0]
2024-04-24T04:58:07,122  INFO [LocalJobRunner Map Task Executor #0] exec.SelectOperator: Initializing Operator: SEL[1]
2024-04-24T04:58:07,123  INFO [LocalJobRunner Map Task Executor #0] exec.SelectOperator: SELECT struct<c1:int,c2:int,c3:int,row__id:struct<writeid:bigint,bucketid:int,rowid:bigint>,input__file__name:string>
2024-04-24T04:58:07,123  INFO [LocalJobRunner Map Task Executor #0] exec.ReduceSinkOperator: Initializing Operator: RS[2]
2024-04-24T04:58:07,123  INFO [LocalJobRunner Map Task Executor #0] exec.ReduceSinkOperator: Using tag = -1
2024-04-24T04:58:07,123  INFO [LocalJobRunner Map Task Executor #0] exec.ReduceSinkOperator: keys are [reducesinkkey0] num distributions: 1
2024-04-24T04:58:07,123  INFO [LocalJobRunner Map Task Executor #0] exec.ReduceSinkOperator: RS[2]: records written - 1
2024-04-24T04:58:07,123  INFO [LocalJobRunner Map Task Executor #0] exec.MapOperator: MAP[0]: records read - 1
2024-04-24T04:58:07,123  INFO [LocalJobRunner Map Task Executor #0] exec.MapOperator: Closing Operator: MAP[0]
2024-04-24T04:58:07,123  INFO [LocalJobRunner Map Task Executor #0] exec.MapOperator: MAP[0]: Total records read - 1. abort - false
2024-04-24T04:58:07,123  INFO [LocalJobRunner Map Task Executor #0] exec.MapOperator: DESERIALIZE_ERRORS:0, RECORDS_OUT_OPERATOR_MAP_0:0, RECORDS_OUT_INTERMEDIATE:0, RECORDS_IN:1, 
2024-04-24T04:58:07,124  INFO [LocalJobRunner Map Task Executor #0] exec.TableScanOperator: Closing Operator: TS[0]
2024-04-24T04:58:07,124  INFO [LocalJobRunner Map Task Executor #0] exec.TableScanOperator: RECORDS_OUT_INTERMEDIATE:0, RECORDS_OUT_OPERATOR_TS_0:1, 
2024-04-24T04:58:07,124  INFO [LocalJobRunner Map Task Executor #0] exec.SelectOperator: Closing Operator: SEL[1]
2024-04-24T04:58:07,124  INFO [LocalJobRunner Map Task Executor #0] exec.SelectOperator: RECORDS_OUT_OPERATOR_SEL_1:1, RECORDS_OUT_INTERMEDIATE:0, 
2024-04-24T04:58:07,124  INFO [LocalJobRunner Map Task Executor #0] exec.ReduceSinkOperator: Closing Operator: RS[2]
2024-04-24T04:58:07,124  INFO [LocalJobRunner Map Task Executor #0] exec.ReduceSinkOperator: RS[2]: Total records written - 1. abort - false
2024-04-24T04:58:07,124  INFO [LocalJobRunner Map Task Executor #0] exec.ReduceSinkOperator: RECORDS_OUT_INTERMEDIATE:1, RECORDS_OUT_OPERATOR_RS_2:1, 
2024-04-24T04:58:07,124  INFO [LocalJobRunner Map Task Executor #0] mapred.LocalJobRunner: 
2024-04-24T04:58:07,124  INFO [LocalJobRunner Map Task Executor #0] mapred.MapTask: Starting flush of map output
2024-04-24T04:58:07,124  INFO [LocalJobRunner Map Task Executor #0] mapred.MapTask: Spilling map output
2024-04-24T04:58:07,124  INFO [LocalJobRunner Map Task Executor #0] mapred.MapTask: bufstart = 0; bufend = 210; bufvoid = 104857600
2024-04-24T04:58:07,124  INFO [LocalJobRunner Map Task Executor #0] mapred.MapTask: kvstart = 26214396(104857584); kvend = 26214396(104857584); length = 1/6553600
2024-04-24T04:58:07,133  INFO [LocalJobRunner Map Task Executor #0] mapred.MapTask: Finished spill 0
2024-04-24T04:58:07,136  INFO [LocalJobRunner Map Task Executor #0] mapred.Task: Task:attempt_local515730868_0013_m_000006_0 is done. And is in the process of committing
2024-04-24T04:58:07,136  INFO [LocalJobRunner Map Task Executor #0] mapred.LocalJobRunner: OrcSplit [file:/home/alex/Repositories/hive/ql/target/tmp/org.apache.hadoop.hive.ql.TestTxnNoBuckets-1713959849960/warehouse/nobuckets/c3=6/delta_0000001_0000001_0000/bucket_00000_0, start=3, length=309, isOriginal=false, fileLength=665, hasFooter=false, hasBase=true, deltas=0]
2024-04-24T04:58:07,136  INFO [LocalJobRunner Map Task Executor #0] mapred.Task: Task 'attempt_local515730868_0013_m_000006_0' done.
2024-04-24T04:58:07,136  INFO [LocalJobRunner Map Task Executor #0] mapred.Task: Final Counters for attempt_local515730868_0013_m_000006_0: Counters: 24
	File System Counters
		FILE: Number of bytes read=376439
		FILE: Number of bytes written=15673289
		FILE: Number of read operations=0
		FILE: Number of large read operations=0
		FILE: Number of write operations=0
	Map-Reduce Framework
		Map input records=1
		Map output records=1
		Map output bytes=210
		Map output materialized bytes=219
		Input split bytes=511
		Combine input records=0
		Spilled Records=1
		Failed Shuffles=0
		Merged Map outputs=0
		GC time elapsed (ms)=0
		Total committed heap usage (bytes)=1098383360
	HIVE
		DESERIALIZE_ERRORS=0
		RECORDS_IN=1
		RECORDS_OUT_INTERMEDIATE=1
		RECORDS_OUT_OPERATOR_MAP_0=0
		RECORDS_OUT_OPERATOR_RS_2=1
		RECORDS_OUT_OPERATOR_SEL_1=1
		RECORDS_OUT_OPERATOR_TS_0=1
	File Input Format Counters 
		Bytes Read=10294
2024-04-24T04:58:07,136  INFO [LocalJobRunner Map Task Executor #0] mapred.LocalJobRunner: Finishing task: attempt_local515730868_0013_m_000006_0
2024-04-24T04:58:07,137  INFO [Thread-907] mapred.LocalJobRunner: map task executor complete.
2024-04-24T04:58:07,137  INFO [Thread-907] mapred.LocalJobRunner: Waiting for reduce tasks
2024-04-24T04:58:07,137  INFO [pool-78-thread-1] mapred.LocalJobRunner: Starting task: attempt_local515730868_0013_r_000000_0
2024-04-24T04:58:07,138  INFO [pool-78-thread-1] mapred.Task:  Using ResourceCalculatorProcessTree : [ ]
2024-04-24T04:58:07,138  INFO [pool-78-thread-1] mapred.ReduceTask: Using ShuffleConsumerPlugin: org.apache.hadoop.mapreduce.task.reduce.Shuffle@7bb7f48e
2024-04-24T04:58:07,138  WARN [pool-78-thread-1] impl.MetricsSystemImpl: JobTracker metrics system already initialized!
2024-04-24T04:58:07,139  INFO [pool-78-thread-1] reduce.MergeManagerImpl: MergerManager: memoryLimit=1336252800, maxSingleShuffleLimit=334063200, mergeThreshold=881926912, ioSortFactor=10, memToMemMergeOutputsThreshold=10
2024-04-24T04:58:07,140  INFO [EventFetcher for fetching Map Completion Events] reduce.EventFetcher: attempt_local515730868_0013_r_000000_0 Thread started: EventFetcher for fetching Map Completion Events
2024-04-24T04:58:07,143  INFO [localfetcher#10] reduce.LocalFetcher: localfetcher#10 about to shuffle output of map attempt_local515730868_0013_m_000002_0 decomp: 215 len: 219 to MEMORY
2024-04-24T04:58:07,143  INFO [localfetcher#10] reduce.InMemoryMapOutput: Read 215 bytes from map-output for attempt_local515730868_0013_m_000002_0
2024-04-24T04:58:07,143  INFO [localfetcher#10] reduce.MergeManagerImpl: closeInMemoryFile -> map-output of size: 215, inMemoryMapOutputs.size() -> 1, commitMemory -> 0, usedMemory ->215
2024-04-24T04:58:07,146  INFO [localfetcher#10] reduce.LocalFetcher: localfetcher#10 about to shuffle output of map attempt_local515730868_0013_m_000006_0 decomp: 215 len: 219 to MEMORY
2024-04-24T04:58:07,146  INFO [localfetcher#10] reduce.InMemoryMapOutput: Read 215 bytes from map-output for attempt_local515730868_0013_m_000006_0
2024-04-24T04:58:07,146  INFO [localfetcher#10] reduce.MergeManagerImpl: closeInMemoryFile -> map-output of size: 215, inMemoryMapOutputs.size() -> 2, commitMemory -> 215, usedMemory ->430
2024-04-24T04:58:07,148  INFO [localfetcher#10] reduce.LocalFetcher: localfetcher#10 about to shuffle output of map attempt_local515730868_0013_m_000000_0 decomp: 428 len: 432 to MEMORY
2024-04-24T04:58:07,148  INFO [localfetcher#10] reduce.InMemoryMapOutput: Read 428 bytes from map-output for attempt_local515730868_0013_m_000000_0
2024-04-24T04:58:07,148  INFO [localfetcher#10] reduce.MergeManagerImpl: closeInMemoryFile -> map-output of size: 428, inMemoryMapOutputs.size() -> 3, commitMemory -> 430, usedMemory ->858
2024-04-24T04:58:07,150  INFO [localfetcher#10] reduce.LocalFetcher: localfetcher#10 about to shuffle output of map attempt_local515730868_0013_m_000005_0 decomp: 215 len: 219 to MEMORY
2024-04-24T04:58:07,150  INFO [localfetcher#10] reduce.InMemoryMapOutput: Read 215 bytes from map-output for attempt_local515730868_0013_m_000005_0
2024-04-24T04:58:07,150  INFO [localfetcher#10] reduce.MergeManagerImpl: closeInMemoryFile -> map-output of size: 215, inMemoryMapOutputs.size() -> 4, commitMemory -> 858, usedMemory ->1073
2024-04-24T04:58:07,153  INFO [localfetcher#10] reduce.LocalFetcher: localfetcher#10 about to shuffle output of map attempt_local515730868_0013_m_000001_0 decomp: 215 len: 219 to MEMORY
2024-04-24T04:58:07,153  INFO [localfetcher#10] reduce.InMemoryMapOutput: Read 215 bytes from map-output for attempt_local515730868_0013_m_000001_0
2024-04-24T04:58:07,153  INFO [localfetcher#10] reduce.MergeManagerImpl: closeInMemoryFile -> map-output of size: 215, inMemoryMapOutputs.size() -> 5, commitMemory -> 1073, usedMemory ->1288
2024-04-24T04:58:07,155  INFO [localfetcher#10] reduce.LocalFetcher: localfetcher#10 about to shuffle output of map attempt_local515730868_0013_m_000003_0 decomp: 215 len: 219 to MEMORY
2024-04-24T04:58:07,155  INFO [localfetcher#10] reduce.InMemoryMapOutput: Read 215 bytes from map-output for attempt_local515730868_0013_m_000003_0
2024-04-24T04:58:07,155  INFO [localfetcher#10] reduce.MergeManagerImpl: closeInMemoryFile -> map-output of size: 215, inMemoryMapOutputs.size() -> 6, commitMemory -> 1288, usedMemory ->1503
2024-04-24T04:58:07,158  INFO [localfetcher#10] reduce.LocalFetcher: localfetcher#10 about to shuffle output of map attempt_local515730868_0013_m_000004_0 decomp: 215 len: 219 to MEMORY
2024-04-24T04:58:07,158  INFO [localfetcher#10] reduce.InMemoryMapOutput: Read 215 bytes from map-output for attempt_local515730868_0013_m_000004_0
2024-04-24T04:58:07,158  INFO [localfetcher#10] reduce.MergeManagerImpl: closeInMemoryFile -> map-output of size: 215, inMemoryMapOutputs.size() -> 7, commitMemory -> 1503, usedMemory ->1718
2024-04-24T04:58:07,158  INFO [EventFetcher for fetching Map Completion Events] reduce.EventFetcher: EventFetcher is interrupted.. Returning
2024-04-24T04:58:07,158  INFO [pool-78-thread-1] mapred.LocalJobRunner: 7 / 7 copied.
2024-04-24T04:58:07,159  INFO [pool-78-thread-1] reduce.MergeManagerImpl: finalMerge called with 7 in-memory map-outputs and 0 on-disk map-outputs
2024-04-24T04:58:07,165  INFO [pool-78-thread-1] mapred.Merger: Merging 7 sorted segments
2024-04-24T04:58:07,165  INFO [pool-78-thread-1] mapred.Merger: Down to the last merge-pass, with 7 segments left of total size: 1494 bytes
2024-04-24T04:58:07,168  INFO [pool-78-thread-1] reduce.MergeManagerImpl: Merged 7 segments, 1718 bytes to disk to satisfy reduce memory limit
2024-04-24T04:58:07,168  INFO [pool-78-thread-1] reduce.MergeManagerImpl: Merging 1 files, 1710 bytes from disk
2024-04-24T04:58:07,168  INFO [pool-78-thread-1] reduce.MergeManagerImpl: Merging 0 segments, 0 bytes from memory into reduce
2024-04-24T04:58:07,168  INFO [pool-78-thread-1] mapred.Merger: Merging 1 sorted segments
2024-04-24T04:58:07,168  INFO [pool-78-thread-1] mapred.Merger: Down to the last merge-pass, with 1 segments left of total size: 1674 bytes
2024-04-24T04:58:07,168  INFO [pool-78-thread-1] mapred.LocalJobRunner: 7 / 7 copied.
2024-04-24T04:58:07,169  INFO [pool-78-thread-1] exec.SerializationUtilities: Deserializing ReduceWork using kryo
2024-04-24T04:58:07,169  INFO [pool-78-thread-1] exec.Utilities: Deserialized plan (via FILE) - name: null size: 6,15KB
2024-04-24T04:58:07,170  INFO [pool-78-thread-1] ExecReducer: 
<SEL>Id =3
  <Children>
    <FS>Id =4
      <Children>
      <\Children>
      <Parent>Id = 3 null<\Parent>
    <\FS>
  <\Children>
  <Parent><\Parent>
<\SEL>
2024-04-24T04:58:07,170  INFO [pool-78-thread-1] exec.SelectOperator: Initializing Operator: SEL[3]
2024-04-24T04:58:07,170  INFO [pool-78-thread-1] exec.SelectOperator: SELECT struct<key:struct<reducesinkkey0:struct<writeid:bigint,bucketid:int,rowid:bigint>>,value:struct<_col0:int,_col1:int,_col2:int,_col3:string>>
2024-04-24T04:58:07,170  INFO [pool-78-thread-1] exec.FileSinkOperator: Initializing Operator: FS[4]
2024-04-24T04:58:07,171  INFO [pool-78-thread-1] exec.FileSinkOperator: Using serializer : class org.apache.hadoop.hive.serde2.lazy.LazySimpleSerDe [serdeParams=org.apache.hadoop.hive.serde2.lazy.LazySerDeParameters@4c67ea8b, cachedObjectInspector=org.apache.hadoop.hive.serde2.lazy.objectinspector.LazySimpleStructObjectInspector<org.apache.hadoop.hive.serde2.lazy.objectinspector.LazySimpleStructObjectInspector<org.apache.hadoop.hive.serde2.lazy.objectinspector.primitive.LazyLongObjectInspector@7fac3ce0,org.apache.hadoop.hive.serde2.lazy.objectinspector.primitive.LazyIntObjectInspector@3e3b41cb,org.apache.hadoop.hive.serde2.lazy.objectinspector.primitive.LazyLongObjectInspector@7fac3ce0>,org.apache.hadoop.hive.serde2.lazy.objectinspector.primitive.LazyIntObjectInspector@3e3b41cb,org.apache.hadoop.hive.serde2.lazy.objectinspector.primitive.LazyIntObjectInspector@3e3b41cb,org.apache.hadoop.hive.serde2.lazy.objectinspector.primitive.LazyIntObjectInspector@3e3b41cb,org.apache.hadoop.hive.serde2.lazy.objectinspector.primitive.LazyStringObjectInspector@441a2d52>, serializedSize=0, stats=org.apache.hadoop.hive.serde2.SerDeStats@45047d3f, lastOperationSerialize=false, lastOperationDeserialize=false [1, 2, 3, 4, 5, 6, 7, 8, 11, 14, 15, 16, 17, 18, 19, 20, 21, 22, 23, 24, 25, 26, 28, 29, 30, 31, -128, -127, -126, -125, -124, -123, -122, -121, -120, -119, -118, -117, -116, -115, -114, -113, -112, -111, -110, -109, -108, -107, -106, -105, -104, -103, -102, -101, -100, -99, -98, -97, -96, -95, -94, -93, -92, -91, -90, -89, -88, -87, -86, -85, -84, -83, -82, -81, -80, -79, -78, -77, -76, -75, -74, -73, -72, -71, -70, -69, -68, -67, -66, -65, -64, -63, -62, -61, -60, -59, -58, -57, -56, -55, -54, -53, -52, -51, -50, -49, -48, -47, -46, -45, -44, -43, -42, -41, -40, -39, -38, -37, -36, -35, -34, -33, -32, -31, -30, -29, -28, -27, -26, -25, -24, -23, -22, -21, -20, -19, -18, -17, -16, -15, -14, -13, -12, -11, -10, -9, -8, -7, -6, -5, -4, -3, -2, -1] : [_col0, _col1, _col2, _col3, _col4] : [struct<writeid:bigint,bucketid:int,rowid:bigint>, int, int, int, string]] and formatter : org.apache.hadoop.hive.ql.io.HiveSequenceFileOutputFormat@731bd02
2024-04-24T04:58:07,171  INFO [pool-78-thread-1] exec.FileSinkOperator: Final Path: FS file:/home/alex/Repositories/hive/ql/target/tmp/localscratchdir/58c22cca-0704-4611-b509-aa39277260ab/hive_2024-04-24_04-58-06_422_2956248174915323419-1/-mr-10001/.hive-staging_hive_2024-04-24_04-58-06_422_2956248174915323419-1/_tmp.-ext-10002/000000_0
2024-04-24T04:58:07,171  INFO [pool-78-thread-1] exec.FileSinkOperator: Writing to temp file: FS file:/home/alex/Repositories/hive/ql/target/tmp/localscratchdir/58c22cca-0704-4611-b509-aa39277260ab/hive_2024-04-24_04-58-06_422_2956248174915323419-1/-mr-10001/.hive-staging_hive_2024-04-24_04-58-06_422_2956248174915323419-1/_task_tmp.-ext-10002/_tmp.000000_0
2024-04-24T04:58:07,171  INFO [pool-78-thread-1] exec.FileSinkOperator: New Final Path: FS file:/home/alex/Repositories/hive/ql/target/tmp/localscratchdir/58c22cca-0704-4611-b509-aa39277260ab/hive_2024-04-24_04-58-06_422_2956248174915323419-1/-mr-10001/.hive-staging_hive_2024-04-24_04-58-06_422_2956248174915323419-1/_tmp.-ext-10002/000000_0
2024-04-24T04:58:07,179  INFO [pool-78-thread-1] exec.FileSinkOperator: FS[4]: records written - 1
2024-04-24T04:58:07,180  INFO [pool-78-thread-1] exec.SelectOperator: Closing Operator: SEL[3]
2024-04-24T04:58:07,180  INFO [pool-78-thread-1] exec.SelectOperator: RECORDS_OUT_INTERMEDIATE:0, RECORDS_OUT_OPERATOR_SEL_3:8, 
2024-04-24T04:58:07,180  INFO [pool-78-thread-1] exec.FileSinkOperator: Closing Operator: FS[4]
2024-04-24T04:58:07,180  INFO [pool-78-thread-1] exec.FileSinkOperator: FS[4]: records written - 8
2024-04-24T04:58:07,180  INFO [pool-78-thread-1] exec.FileSinkOperator: RECORDS_OUT_0:8, RECORDS_OUT_INTERMEDIATE:0, RECORDS_OUT_OPERATOR_FS_4:8, 
2024-04-24T04:58:07,180  INFO [pool-78-thread-1] mapred.Task: Task:attempt_local515730868_0013_r_000000_0 is done. And is in the process of committing
2024-04-24T04:58:07,181  INFO [pool-78-thread-1] mapred.LocalJobRunner: reduce > reduce
2024-04-24T04:58:07,181  INFO [pool-78-thread-1] mapred.Task: Task 'attempt_local515730868_0013_r_000000_0' done.
2024-04-24T04:58:07,181  INFO [pool-78-thread-1] mapred.Task: Final Counters for attempt_local515730868_0013_r_000000_0: Counters: 29
	File System Counters
		FILE: Number of bytes read=386332
		FILE: Number of bytes written=15676750
		FILE: Number of read operations=0
		FILE: Number of large read operations=0
		FILE: Number of write operations=0
	Map-Reduce Framework
		Combine input records=0
		Combine output records=0
		Reduce input groups=2
		Reduce shuffle bytes=1746
		Reduce input records=8
		Reduce output records=0
		Spilled Records=8
		Shuffled Maps =7
		Failed Shuffles=0
		Merged Map outputs=7
		GC time elapsed (ms)=0
		Total committed heap usage (bytes)=1098383360
	HIVE
		CREATED_FILES=1
		RECORDS_OUT_0=8
		RECORDS_OUT_INTERMEDIATE=0
		RECORDS_OUT_OPERATOR_FS_4=8
		RECORDS_OUT_OPERATOR_SEL_3=8
	Shuffle Errors
		BAD_ID=0
		CONNECTION=0
		IO_ERROR=0
		WRONG_LENGTH=0
		WRONG_MAP=0
		WRONG_REDUCE=0
	File Output Format Counters 
		Bytes Written=0
2024-04-24T04:58:07,181  INFO [pool-78-thread-1] mapred.LocalJobRunner: Finishing task: attempt_local515730868_0013_r_000000_0
2024-04-24T04:58:07,181  INFO [Thread-907] mapred.LocalJobRunner: reduce task executor complete.
2024-04-24 04:58:07,912 Stage-1 map = 100%,  reduce = 100%
2024-04-24T04:58:07,912  INFO [main] exec.Task: 2024-04-24 04:58:07,912 Stage-1 map = 100%,  reduce = 100%
Ended Job = job_local515730868_0013
2024-04-24T04:58:07,914  INFO [main] exec.Task: Ended Job = job_local515730868_0013
2024-04-24T04:58:07,915  INFO [main] metadata.Hive: Dumping metastore api call timing information for : execution phase
2024-04-24T04:58:07,915  INFO [main] metadata.Hive: Total time spent in each metastore function (ms): {}
MapReduce Jobs Launched: 
2024-04-24T04:58:07,916  INFO [main] ql.Driver: MapReduce Jobs Launched: 
Stage-Stage-1:  HDFS Read: 0 HDFS Write: 0 SUCCESS
2024-04-24T04:58:07,916  INFO [main] ql.Driver: Stage-Stage-1:  HDFS Read: 0 HDFS Write: 0 SUCCESS
Total MapReduce CPU Time Spent: 0 msec
2024-04-24T04:58:07,916  INFO [main] ql.Driver: Total MapReduce CPU Time Spent: 0 msec
2024-04-24T04:58:07,916  INFO [main] ql.Driver: Completed executing command(queryId=alex_20240424045806_e8a5508a-0875-4f31-b757-e0311b57a619); Time taken: 1.321 seconds
2024-04-24T04:58:07,916  INFO [main] lockmgr.DbTxnManager: Stopped heartbeat for query: alex_20240424045806_e8a5508a-0875-4f31-b757-e0311b57a619
2024-04-24T04:58:07,920  INFO [main] txn.TxnHandler: Expected to move at least one record from txn_components to completed_txn_components when committing txn! txnid:22
2024-04-24T04:58:07,925  INFO [main] txn.TxnHandler: Removed transactions: ([22]) from MIN_HISTORY_LEVEL
2024-04-24T04:58:07,925  WARN [main] txn.CompactionTxnHandler: No compaction queue record found for Compaction type transaction commit. txnId:22
2024-04-24T04:58:07,929  INFO [main] mapred.FileInputFormat: Total input files to process : 1
2024-04-24T04:58:07,931  INFO [main] exec.ListSinkOperator: Closing Operator: LIST_SINK[5]
2024-04-24T04:58:07,931  INFO [main] exec.ListSinkOperator: RECORDS_OUT_INTERMEDIATE:0, RECORDS_OUT_OPERATOR_LIST_SINK_5:8, 
2024-04-24T04:58:07,931  WARN [main] ql.TestTxnNoBuckets: after insert
2024-04-24T04:58:07,931  WARN [main] ql.TestTxnNoBuckets: {"writeid":1,"bucketid":536870912,"rowid":0}	2	2	2	file:/home/alex/Repositories/hive/ql/target/tmp/org.apache.hadoop.hive.ql.TestTxnNoBuckets-1713959849960/warehouse/nobuckets/c3=2/delta_0000001_0000001_0000/bucket_00000_0
2024-04-24T04:58:07,931  WARN [main] ql.TestTxnNoBuckets: {"writeid":1,"bucketid":536870912,"rowid":0}	3	3	3	file:/home/alex/Repositories/hive/ql/target/tmp/org.apache.hadoop.hive.ql.TestTxnNoBuckets-1713959849960/warehouse/nobuckets/c3=3/delta_0000001_0000001_0000/bucket_00000_0
2024-04-24T04:58:07,931  WARN [main] ql.TestTxnNoBuckets: {"writeid":1,"bucketid":536870912,"rowid":0}	6	6	6	file:/home/alex/Repositories/hive/ql/target/tmp/org.apache.hadoop.hive.ql.TestTxnNoBuckets-1713959849960/warehouse/nobuckets/c3=6/delta_0000001_0000001_0000/bucket_00000_0
2024-04-24T04:58:07,931  WARN [main] ql.TestTxnNoBuckets: {"writeid":1,"bucketid":536870912,"rowid":0}	4	4	4	file:/home/alex/Repositories/hive/ql/target/tmp/org.apache.hadoop.hive.ql.TestTxnNoBuckets-1713959849960/warehouse/nobuckets/c3=4/delta_0000001_0000001_0000/bucket_00000_0
2024-04-24T04:58:07,931  WARN [main] ql.TestTxnNoBuckets: {"writeid":1,"bucketid":536870912,"rowid":0}	5	5	5	file:/home/alex/Repositories/hive/ql/target/tmp/org.apache.hadoop.hive.ql.TestTxnNoBuckets-1713959849960/warehouse/nobuckets/c3=5/delta_0000001_0000001_0000/bucket_00000_0
2024-04-24T04:58:07,931  WARN [main] ql.TestTxnNoBuckets: {"writeid":1,"bucketid":536870912,"rowid":0}	1	1	1	file:/home/alex/Repositories/hive/ql/target/tmp/org.apache.hadoop.hive.ql.TestTxnNoBuckets-1713959849960/warehouse/nobuckets/c3=1/delta_0000001_0000001_0000/bucket_00000_0
2024-04-24T04:58:07,931  WARN [main] ql.TestTxnNoBuckets: {"writeid":1,"bucketid":536870912,"rowid":0}	0	0	0	file:/home/alex/Repositories/hive/ql/target/tmp/org.apache.hadoop.hive.ql.TestTxnNoBuckets-1713959849960/warehouse/nobuckets/c3=0/delta_0000001_0000001_0000/bucket_00000_0
2024-04-24T04:58:07,931  WARN [main] ql.TestTxnNoBuckets: {"writeid":1,"bucketid":536870912,"rowid":1}	3	3	3	file:/home/alex/Repositories/hive/ql/target/tmp/org.apache.hadoop.hive.ql.TestTxnNoBuckets-1713959849960/warehouse/nobuckets/c3=3/delta_0000001_0000001_0000/bucket_00000_0
2024-04-24T04:58:07,931  INFO [main] ql.TxnCommandsBaseForTests: Running the query: select * from nobuckets where c2 in (0,3)
2024-04-24T04:58:07,932  INFO [main] ql.Context: Deleting scratch dir: file:/home/alex/Repositories/hive/ql/target/tmp/localscratchdir/58c22cca-0704-4611-b509-aa39277260ab/hive_2024-04-24_04-58-06_422_2956248174915323419-1
2024-04-24T04:58:07,932  INFO [main] cleanup.SyncCleanupService: Deleted directory: file:/home/alex/Repositories/hive/ql/target/tmp/localscratchdir/58c22cca-0704-4611-b509-aa39277260ab/hive_2024-04-24_04-58-06_422_2956248174915323419-1 on fs with scheme file
2024-04-24T04:58:07,933  INFO [main] ql.Driver: Compiling command(queryId=alex_20240424045807_0467e1c5-fd11-4207-a8b5-a8f75d85bc17): select * from nobuckets where c2 in (0,3)
2024-04-24T04:58:07,935  INFO [main] txn.TxnHandler: Added entries to MIN_HISTORY_LEVEL for current txns: ([23]) with min_open_txn: 23
2024-04-24T04:58:07,936  INFO [main] lockmgr.DbTxnManager: Opened txnid:23
2024-04-24T04:58:07,936  INFO [main] parse.CalcitePlanner: Starting caching scope for: 
2024-04-24T04:58:07,936  INFO [main] parse.CalcitePlanner: Starting Semantic Analysis
2024-04-24T04:58:07,939  INFO [main] parse.CalcitePlanner: Completed phase 1 of Semantic Analysis
2024-04-24T04:58:07,939  INFO [main] parse.CalcitePlanner: Get metadata for source tables
2024-04-24T04:58:07,939  INFO [main] HiveMetaStore.audit: ugi=alex	ip=unknown-ip-addr	cmd=get_table : tbl=hive.default.nobuckets	
2024-04-24T04:58:07,946  INFO [main] metastore.HMSHandler: Skipping translation for processor with null
2024-04-24T04:58:07,946  INFO [main] parse.CalcitePlanner: Get metadata for subqueries
2024-04-24T04:58:07,946  INFO [main] parse.CalcitePlanner: Get metadata for destination tables
2024-04-24T04:58:07,946  INFO [main] parse.CalcitePlanner: Completed getting MetaData in Semantic Analysis
2024-04-24T04:58:07,959  INFO [main] HiveMetaStore.audit: ugi=alex	ip=unknown-ip-addr	cmd=get_all_table_constraints : tbl=hive.default.nobuckets	
2024-04-24T04:58:07,989  INFO [main] HiveMetaStore.audit: ugi=alex	ip=unknown-ip-addr	cmd=get_partitions : tbl=hive.default.nobuckets	
2024-04-24T04:58:08,004  INFO [main] calcite.RelOptHiveTable: Calculating column statistics for default.nobuckets, projIndxSet: [0, 1, 2], allowMissingStats: true
2024-04-24T04:58:08,005  INFO [main] HiveMetaStore.audit: ugi=alex	ip=unknown-ip-addr	cmd=get_aggr_stats_for: table=hive.default.nobuckets	
2024-04-24T04:58:08,016  WARN [main] calcite.RelOptHiveTable: No Stats for default@nobuckets, Columns: c2, c1
No Stats for default@nobuckets, Columns: c2, c1
2024-04-24T04:58:08,016  INFO [main] SessionState: No Stats for default@nobuckets, Columns: c2, c1
2024-04-24T04:58:08,079  INFO [main] parse.CalcitePlanner: Get metadata for source tables
2024-04-24T04:58:08,079  INFO [main] parse.CalcitePlanner: Get metadata for subqueries
2024-04-24T04:58:08,079  INFO [main] parse.CalcitePlanner: Get metadata for destination tables
2024-04-24T04:58:08,081  INFO [main] common.FileUtils: Creating directory if it doesn't exist: file:/home/alex/Repositories/hive/ql/target/tmp/localscratchdir/58c22cca-0704-4611-b509-aa39277260ab/hive_2024-04-24_04-58-07_932_6389817023609554736-1/-mr-10001/.hive-staging_hive_2024-04-24_04-58-07_932_6389817023609554736-1
2024-04-24T04:58:08,088  INFO [main] parse.CalcitePlanner: CBO Succeeded; optimized logical plan.
2024-04-24T04:58:08,093  INFO [main] optimizer.BucketVersionPopulator: not considering bucketingVersion for: TS[0] because it has -1<2 buckets 
2024-04-24T04:58:08,093  INFO [main] optimizer.SortedDynPartitionOptimizer: Sorted dynamic partitioning optimization kicked in..
2024-04-24T04:58:08,104  INFO [main] physical.Vectorizer: Examining input format to see if vectorization is enabled.
2024-04-24T04:58:08,104  INFO [main] physical.Vectorizer: Vectorization is enabled for input format(s) [org.apache.hadoop.hive.ql.io.orc.OrcInputFormat]
2024-04-24T04:58:08,104  INFO [main] physical.Vectorizer: Validating and vectorizing MapWork... (vectorizedVertexNum 0)
2024-04-24T04:58:08,107  INFO [main] physical.Vectorizer: Map vectorization enabled: true
2024-04-24T04:58:08,107  INFO [main] physical.Vectorizer: Map vectorized: true
2024-04-24T04:58:08,107  INFO [main] physical.Vectorizer: Map vectorizedVertexNum: 0
2024-04-24T04:58:08,107  INFO [main] physical.Vectorizer: Map enabledConditionsMet: [hive.vectorized.use.vectorized.input.format IS true]
2024-04-24T04:58:08,107  INFO [main] physical.Vectorizer: Map inputFileFormatClassNameSet: [org.apache.hadoop.hive.ql.io.orc.OrcInputFormat]
2024-04-24T04:58:08,107  INFO [main] parse.CalcitePlanner: Completed plan generation
2024-04-24T04:58:08,107  INFO [main] parse.CalcitePlanner: Ending caching scope for: 
2024-04-24T04:58:08,107  INFO [main] ql.Driver: Semantic Analysis Completed (retrial = false)
2024-04-24T04:58:08,107  INFO [main] ql.Driver: Created Hive schema: Schema(fieldSchemas:[FieldSchema(name:nobuckets.c1, type:int, comment:null), FieldSchema(name:nobuckets.c2, type:int, comment:null), FieldSchema(name:nobuckets.c3, type:int, comment:null)], properties:null)
2024-04-24T04:58:08,108  INFO [main] exec.ListSinkOperator: Initializing Operator: LIST_SINK[8]
2024-04-24T04:58:08,108  INFO [main] metadata.Hive: Dumping metastore api call timing information for : compilation phase
2024-04-24T04:58:08,109  INFO [main] metadata.Hive: Total time spent in each metastore function (ms): {isCompatibleWith_(Configuration)=0, commitTxn_(CommitTxnRequest)=9, flushCache_()=0, listPartitions_(String, String, short)=13, openTxn_(String, TxnType)=2, getAggrColStatsFor_(String, String, List, List, String, String)=10, getValidWriteIds_(List, String)=3, getTable_(GetTableRequest)=7, getValidTxns_(long)=0, getAllTableConstraints_(AllTableConstraintsRequest)=5}
2024-04-24T04:58:08,109  INFO [main] ql.Driver: Completed compiling command(queryId=alex_20240424045807_0467e1c5-fd11-4207-a8b5-a8f75d85bc17); Time taken: 0.176 seconds
2024-04-24T04:58:08,109  INFO [main] lockmgr.DbTxnManager: Setting lock request transaction to txnid:23 for queryId=alex_20240424045807_0467e1c5-fd11-4207-a8b5-a8f75d85bc17
2024-04-24T04:58:08,111  INFO [main] lockmgr.DbLockManager: Requesting lock for queryId=alex_20240424045807_0467e1c5-fd11-4207-a8b5-a8f75d85bc17
2024-04-24T04:58:08,129  INFO [main] lockmgr.DbLockManager: Response to queryId=alex_20240424045807_0467e1c5-fd11-4207-a8b5-a8f75d85bc17 LockResponse(lockid:15, state:ACQUIRED)
2024-04-24T04:58:08,129  INFO [main] ql.Driver: Operation QUERY obtained 1 locks
2024-04-24T04:58:08,129  INFO [main] ql.Driver: Executing command(queryId=alex_20240424045807_0467e1c5-fd11-4207-a8b5-a8f75d85bc17): select * from nobuckets where c2 in (0,3)
2024-04-24T04:58:08,130  WARN [main] ql.Driver: Hive-on-MR is deprecated in Hive 2 and may not be available in the future versions. Consider using a different execution engine (i.e. spark, tez) or using Hive 1.X releases.
Query ID = alex_20240424045807_0467e1c5-fd11-4207-a8b5-a8f75d85bc17
2024-04-24T04:58:08,130  INFO [main] ql.Driver: Query ID = alex_20240424045807_0467e1c5-fd11-4207-a8b5-a8f75d85bc17
Total jobs = 1
2024-04-24T04:58:08,130  INFO [main] ql.Driver: Total jobs = 1
Launching Job 1 out of 1
2024-04-24T04:58:08,130  INFO [main] ql.Driver: Launching Job 1 out of 1
2024-04-24T04:58:08,287  INFO [main] ql.Driver: Starting task [Stage-1:MAPRED] in serial mode
Number of reduce tasks is set to 0 since there's no reduce operator
2024-04-24T04:58:08,287  INFO [main] exec.Task: Number of reduce tasks is set to 0 since there's no reduce operator
2024-04-24T04:58:08,290  INFO [main] mr.ExecDriver: Using org.apache.hadoop.hive.ql.io.HiveInputFormat
2024-04-24T04:58:08,290  INFO [main] exec.Utilities: Processing alias nobuckets
2024-04-24T04:58:08,290  INFO [main] exec.Utilities: Adding 7 inputs; the first input is file:/home/alex/Repositories/hive/ql/target/tmp/org.apache.hadoop.hive.ql.TestTxnNoBuckets-1713959849960/warehouse/nobuckets/c3=0
2024-04-24T04:58:08,300  INFO [main] exec.SerializationUtilities: Serializing MapWork using kryo
2024-04-24T04:58:08,303  INFO [main] exec.Utilities: Serialized plan (via FILE) - name: null size: 9,43KB
2024-04-24T04:58:08,304  WARN [main] impl.MetricsSystemImpl: JobTracker metrics system already initialized!
2024-04-24T04:58:08,310  WARN [main] impl.MetricsSystemImpl: JobTracker metrics system already initialized!
2024-04-24T04:58:08,318  WARN [main] mapreduce.JobResourceUploader: Hadoop command-line option parsing not performed. Implement the Tool interface and execute your application with ToolRunner to remedy this.
2024-04-24T04:58:08,322  WARN [main] mapreduce.JobResourceUploader: No job jar file set.  User classes may not be found. See Job or Job#setJar(String).
2024-04-24T04:58:08,325  INFO [main] io.HiveInputFormat: hive.io.file.readcolumn.ids = 0,1
2024-04-24T04:58:08,325  INFO [main] io.HiveInputFormat: hive.io.file.readcolumn.names = c1,c2
2024-04-24T04:58:08,325  INFO [main] io.HiveInputFormat: Generating splits for dirs: file:/home/alex/Repositories/hive/ql/target/tmp/org.apache.hadoop.hive.ql.TestTxnNoBuckets-1713959849960/warehouse/nobuckets/c3=0
2024-04-24T04:58:08,325  INFO [main] orc.OrcInputFormat: getSplits started
2024-04-24T04:58:08,326  INFO [main] orc.OrcInputFormat: Context:: isAcid: true isVectorMode: true sarg: leaf-(IN c2 0 3) minSplitSize: 1 maxSplitSize: 256000000 splitStrategy: HYBRID footerInSplits: false numBuckets: 0 numThreads: 10 cacheMemSize: 268435456 cacheStripeDetails: true useSoftReference: false writeIdList: default.nobuckets:1:9223372036854775807:: isTransactionalTable: true txnProperties: default 
2024-04-24T04:58:08,326  INFO [main] orc.OrcInputFormat: ORC pushdown predicate: leaf-(IN c2 0 3)
2024-04-24T04:58:08,345  INFO [main] orc.OrcInputFormat: FooterCacheHitRatio: 7/7
2024-04-24T04:58:08,345  INFO [main] orc.OrcInputFormat: getSplits finished (#splits: 2). duration: 20 ms
2024-04-24T04:58:08,346  INFO [main] io.HiveInputFormat: number of splits 2
2024-04-24T04:58:08,366  INFO [main] mapreduce.JobSubmitter: number of splits:2
2024-04-24T04:58:08,387  INFO [main] mapreduce.JobSubmitter: Submitting tokens for job: job_local707699587_0014
2024-04-24T04:58:08,387  INFO [main] mapreduce.JobSubmitter: Executing with tokens: []
2024-04-24T04:58:08,453  INFO [main] mapreduce.Job: The url to track the job: http://localhost:8080/
Job running in-process (local Hadoop)
2024-04-24T04:58:08,453  INFO [main] exec.Task: Job running in-process (local Hadoop)
2024-04-24T04:58:08,453  INFO [Thread-998] mapred.LocalJobRunner: OutputCommitter set in config org.apache.hadoop.hive.ql.io.HiveFileFormatUtils$NullOutputCommitter
2024-04-24T04:58:08,453  INFO [Thread-998] mapred.LocalJobRunner: OutputCommitter is org.apache.hadoop.hive.ql.io.HiveFileFormatUtils$NullOutputCommitter
2024-04-24T04:58:08,456  INFO [Thread-998] mapred.LocalJobRunner: Waiting for map tasks
2024-04-24T04:58:08,456  INFO [LocalJobRunner Map Task Executor #0] mapred.LocalJobRunner: Starting task: attempt_local707699587_0014_m_000000_0
2024-04-24T04:58:08,456  INFO [LocalJobRunner Map Task Executor #0] mapred.Task:  Using ResourceCalculatorProcessTree : [ ]
2024-04-24T04:58:08,457  INFO [LocalJobRunner Map Task Executor #0] mapred.MapTask: Processing split: org.apache.hadoop.hive.ql.io.orc.OrcInputFormat:OrcSplit [file:/home/alex/Repositories/hive/ql/target/tmp/org.apache.hadoop.hive.ql.TestTxnNoBuckets-1713959849960/warehouse/nobuckets/c3=3/delta_0000001_0000001_0000/bucket_00000_0, start=3, length=314, isOriginal=false, fileLength=679, hasFooter=false, hasBase=true, deltas=0]
2024-04-24T04:58:08,457  INFO [LocalJobRunner Map Task Executor #0] exec.SerializationUtilities: Deserializing MapWork using kryo
2024-04-24T04:58:08,459  INFO [LocalJobRunner Map Task Executor #0] exec.Utilities: Deserialized plan (via FILE) - name: null size: 9,43KB
2024-04-24T04:58:08,460  INFO [LocalJobRunner Map Task Executor #0] orc.OrcInputFormat: ORC pushdown predicate: leaf-(IN c2 0 3)
2024-04-24T04:58:08,460  INFO [LocalJobRunner Map Task Executor #0] orc.VectorizedOrcAcidRowBatchReader: Read ValidWriteIdList: default.nobuckets:1:9223372036854775807:::OrcSplit [file:/home/alex/Repositories/hive/ql/target/tmp/org.apache.hadoop.hive.ql.TestTxnNoBuckets-1713959849960/warehouse/nobuckets/c3=3/delta_0000001_0000001_0000/bucket_00000_0, start=3, length=314, isOriginal=false, fileLength=679, hasFooter=false, hasBase=true, deltas=0]
2024-04-24T04:58:08,461  INFO [LocalJobRunner Map Task Executor #0] orc.ReaderImpl: Reading ORC rows from file:/home/alex/Repositories/hive/ql/target/tmp/org.apache.hadoop.hive.ql.TestTxnNoBuckets-1713959849960/warehouse/nobuckets/c3=3/delta_0000001_0000001_0000/bucket_00000_0 with {include: [true, true, true], offset: 3, length: 314, sarg: leaf-(IN c2 0 3), schema: struct<c1:int,c2:int>, includeAcidColumns: false}
2024-04-24T04:58:08,462  INFO [LocalJobRunner Map Task Executor #0] mapred.MapTask: numReduceTasks: 0
2024-04-24T04:58:08,462  INFO [LocalJobRunner Map Task Executor #0] vector.VectorMapOperator: Initializing Operator: MAP[0]
2024-04-24T04:58:08,463  INFO [LocalJobRunner Map Task Executor #0] mr.ExecMapper: 
<MAP>Id =0
  <Children>null
  <\Children>
  <Parent><\Parent>
<\MAP>
2024-04-24T04:58:08,463  INFO [LocalJobRunner Map Task Executor #0] exec.TableScanOperator: Initializing Operator: TS[0]
2024-04-24T04:58:08,463  INFO [LocalJobRunner Map Task Executor #0] vector.VectorFilterOperator: Initializing Operator: FIL[5]
2024-04-24T04:58:08,464  INFO [LocalJobRunner Map Task Executor #0] vector.VectorSelectOperator: Initializing Operator: SEL[6]
2024-04-24T04:58:08,464  INFO [LocalJobRunner Map Task Executor #0] vector.VectorFileSinkOperator: Initializing Operator: FS[7]
2024-04-24T04:58:08,465  INFO [LocalJobRunner Map Task Executor #0] exec.FileSinkOperator: Using serializer : class org.apache.hadoop.hive.serde2.lazy.LazySimpleSerDe [serdeParams=org.apache.hadoop.hive.serde2.lazy.LazySerDeParameters@275cbe49, cachedObjectInspector=org.apache.hadoop.hive.serde2.lazy.objectinspector.LazySimpleStructObjectInspector<org.apache.hadoop.hive.serde2.lazy.objectinspector.primitive.LazyIntObjectInspector@3e3b41cb,org.apache.hadoop.hive.serde2.lazy.objectinspector.primitive.LazyIntObjectInspector@3e3b41cb,org.apache.hadoop.hive.serde2.lazy.objectinspector.primitive.LazyIntObjectInspector@3e3b41cb>, serializedSize=0, stats=org.apache.hadoop.hive.serde2.SerDeStats@26bc15ed, lastOperationSerialize=false, lastOperationDeserialize=false [1, 2, 3, 4, 5, 6, 7, 8, 11, 14, 15, 16, 17, 18, 19, 20, 21, 22, 23, 24, 25, 26, 28, 29, 30, 31, -128, -127, -126, -125, -124, -123, -122, -121, -120, -119, -118, -117, -116, -115, -114, -113, -112, -111, -110, -109, -108, -107, -106, -105, -104, -103, -102, -101, -100, -99, -98, -97, -96, -95, -94, -93, -92, -91, -90, -89, -88, -87, -86, -85, -84, -83, -82, -81, -80, -79, -78, -77, -76, -75, -74, -73, -72, -71, -70, -69, -68, -67, -66, -65, -64, -63, -62, -61, -60, -59, -58, -57, -56, -55, -54, -53, -52, -51, -50, -49, -48, -47, -46, -45, -44, -43, -42, -41, -40, -39, -38, -37, -36, -35, -34, -33, -32, -31, -30, -29, -28, -27, -26, -25, -24, -23, -22, -21, -20, -19, -18, -17, -16, -15, -14, -13, -12, -11, -10, -9, -8, -7, -6, -5, -4, -3, -2, -1] : [_col0, _col1, _col2] : [int, int, int]] and formatter : org.apache.hadoop.hive.ql.io.HiveSequenceFileOutputFormat@5a72804f
2024-04-24T04:58:08,465  INFO [LocalJobRunner Map Task Executor #0] exec.FileSinkOperator: Final Path: FS file:/home/alex/Repositories/hive/ql/target/tmp/localscratchdir/58c22cca-0704-4611-b509-aa39277260ab/hive_2024-04-24_04-58-07_932_6389817023609554736-1/-mr-10001/.hive-staging_hive_2024-04-24_04-58-07_932_6389817023609554736-1/_tmp.-ext-10002/000000_0
2024-04-24T04:58:08,465  INFO [LocalJobRunner Map Task Executor #0] exec.FileSinkOperator: Writing to temp file: FS file:/home/alex/Repositories/hive/ql/target/tmp/localscratchdir/58c22cca-0704-4611-b509-aa39277260ab/hive_2024-04-24_04-58-07_932_6389817023609554736-1/-mr-10001/.hive-staging_hive_2024-04-24_04-58-07_932_6389817023609554736-1/_task_tmp.-ext-10002/_tmp.000000_0
2024-04-24T04:58:08,465  INFO [LocalJobRunner Map Task Executor #0] exec.FileSinkOperator: New Final Path: FS file:/home/alex/Repositories/hive/ql/target/tmp/localscratchdir/58c22cca-0704-4611-b509-aa39277260ab/hive_2024-04-24_04-58-07_932_6389817023609554736-1/-mr-10001/.hive-staging_hive_2024-04-24_04-58-07_932_6389817023609554736-1/_tmp.-ext-10002/000000_0
2024-04-24T04:58:08,473  INFO [LocalJobRunner Map Task Executor #0] exec.FileSinkOperator: FS[7]: records written - 1
2024-04-24T04:58:08,473  INFO [LocalJobRunner Map Task Executor #0] vector.VectorMapOperator: Closing Operator: MAP[0]
2024-04-24T04:58:08,473  INFO [LocalJobRunner Map Task Executor #0] vector.VectorMapOperator: DESERIALIZE_ERRORS:0, RECORDS_OUT_INTERMEDIATE:0, RECORDS_OUT_OPERATOR_MAP_0:0, RECORDS_IN:2, 
2024-04-24T04:58:08,473  INFO [LocalJobRunner Map Task Executor #0] exec.TableScanOperator: Closing Operator: TS[0]
2024-04-24T04:58:08,473  INFO [LocalJobRunner Map Task Executor #0] exec.TableScanOperator: RECORDS_OUT_INTERMEDIATE:0, RECORDS_OUT_OPERATOR_TS_0:2, 
2024-04-24T04:58:08,473  INFO [LocalJobRunner Map Task Executor #0] vector.VectorFilterOperator: Closing Operator: FIL[5]
2024-04-24T04:58:08,473  INFO [LocalJobRunner Map Task Executor #0] vector.VectorFilterOperator: RECORDS_OUT_INTERMEDIATE:0, RECORDS_OUT_OPERATOR_FIL_5:2, 
2024-04-24T04:58:08,473  INFO [LocalJobRunner Map Task Executor #0] vector.VectorSelectOperator: Closing Operator: SEL[6]
2024-04-24T04:58:08,473  INFO [LocalJobRunner Map Task Executor #0] vector.VectorSelectOperator: RECORDS_OUT_OPERATOR_SEL_6:2, RECORDS_OUT_INTERMEDIATE:0, 
2024-04-24T04:58:08,473  INFO [LocalJobRunner Map Task Executor #0] vector.VectorFileSinkOperator: Closing Operator: FS[7]
2024-04-24T04:58:08,473  INFO [LocalJobRunner Map Task Executor #0] exec.FileSinkOperator: FS[7]: records written - 2
2024-04-24T04:58:08,474  INFO [LocalJobRunner Map Task Executor #0] vector.VectorFileSinkOperator: RECORDS_OUT_INTERMEDIATE:0, RECORDS_OUT_0:2, RECORDS_OUT_OPERATOR_FS_7:2, 
2024-04-24T04:58:08,474  INFO [LocalJobRunner Map Task Executor #0] mapred.LocalJobRunner: 
2024-04-24T04:58:08,475  INFO [LocalJobRunner Map Task Executor #0] mapred.Task: Task:attempt_local707699587_0014_m_000000_0 is done. And is in the process of committing
2024-04-24T04:58:08,475  INFO [LocalJobRunner Map Task Executor #0] mapred.LocalJobRunner: OrcSplit [file:/home/alex/Repositories/hive/ql/target/tmp/org.apache.hadoop.hive.ql.TestTxnNoBuckets-1713959849960/warehouse/nobuckets/c3=3/delta_0000001_0000001_0000/bucket_00000_0, start=3, length=314, isOriginal=false, fileLength=679, hasFooter=false, hasBase=true, deltas=0]
2024-04-24T04:58:08,475  INFO [LocalJobRunner Map Task Executor #0] mapred.Task: Task 'attempt_local707699587_0014_m_000000_0' done.
2024-04-24T04:58:08,475  INFO [LocalJobRunner Map Task Executor #0] mapred.Task: Final Counters for attempt_local707699587_0014_m_000000_0: Counters: 25
	File System Counters
		FILE: Number of bytes read=402888
		FILE: Number of bytes written=16876257
		FILE: Number of read operations=0
		FILE: Number of large read operations=0
		FILE: Number of write operations=0
	Map-Reduce Framework
		Map input records=1
		Map output records=0
		Input split bytes=511
		Spilled Records=0
		Failed Shuffles=0
		Merged Map outputs=0
		GC time elapsed (ms)=0
		Total committed heap usage (bytes)=1098383360
	HIVE
		CREATED_FILES=1
		DESERIALIZE_ERRORS=0
		RECORDS_IN=2
		RECORDS_OUT_0=2
		RECORDS_OUT_INTERMEDIATE=0
		RECORDS_OUT_OPERATOR_FIL_5=2
		RECORDS_OUT_OPERATOR_FS_7=2
		RECORDS_OUT_OPERATOR_MAP_0=0
		RECORDS_OUT_OPERATOR_SEL_6=2
		RECORDS_OUT_OPERATOR_TS_0=2
	File Input Format Counters 
		Bytes Read=13702
	File Output Format Counters 
		Bytes Written=0
2024-04-24T04:58:08,475  INFO [LocalJobRunner Map Task Executor #0] mapred.LocalJobRunner: Finishing task: attempt_local707699587_0014_m_000000_0
2024-04-24T04:58:08,475  INFO [LocalJobRunner Map Task Executor #0] mapred.LocalJobRunner: Starting task: attempt_local707699587_0014_m_000001_0
2024-04-24T04:58:08,476  INFO [LocalJobRunner Map Task Executor #0] mapred.Task:  Using ResourceCalculatorProcessTree : [ ]
2024-04-24T04:58:08,477  INFO [LocalJobRunner Map Task Executor #0] mapred.MapTask: Processing split: org.apache.hadoop.hive.ql.io.orc.OrcInputFormat:OrcSplit [file:/home/alex/Repositories/hive/ql/target/tmp/org.apache.hadoop.hive.ql.TestTxnNoBuckets-1713959849960/warehouse/nobuckets/c3=0/delta_0000001_0000001_0000/bucket_00000_0, start=3, length=309, isOriginal=false, fileLength=651, hasFooter=false, hasBase=true, deltas=0]
2024-04-24T04:58:08,477  INFO [LocalJobRunner Map Task Executor #0] exec.SerializationUtilities: Deserializing MapWork using kryo
2024-04-24T04:58:08,478  INFO [LocalJobRunner Map Task Executor #0] exec.Utilities: Deserialized plan (via FILE) - name: null size: 9,43KB
2024-04-24T04:58:08,479  INFO [LocalJobRunner Map Task Executor #0] orc.OrcInputFormat: ORC pushdown predicate: leaf-(IN c2 0 3)
2024-04-24T04:58:08,479  INFO [LocalJobRunner Map Task Executor #0] orc.VectorizedOrcAcidRowBatchReader: Read ValidWriteIdList: default.nobuckets:1:9223372036854775807:::OrcSplit [file:/home/alex/Repositories/hive/ql/target/tmp/org.apache.hadoop.hive.ql.TestTxnNoBuckets-1713959849960/warehouse/nobuckets/c3=0/delta_0000001_0000001_0000/bucket_00000_0, start=3, length=309, isOriginal=false, fileLength=651, hasFooter=false, hasBase=true, deltas=0]
2024-04-24T04:58:08,479  INFO [LocalJobRunner Map Task Executor #0] orc.ReaderImpl: Reading ORC rows from file:/home/alex/Repositories/hive/ql/target/tmp/org.apache.hadoop.hive.ql.TestTxnNoBuckets-1713959849960/warehouse/nobuckets/c3=0/delta_0000001_0000001_0000/bucket_00000_0 with {include: [true, true, true], offset: 3, length: 309, sarg: leaf-(IN c2 0 3), schema: struct<c1:int,c2:int>, includeAcidColumns: false}
2024-04-24T04:58:08,481  INFO [LocalJobRunner Map Task Executor #0] mapred.MapTask: numReduceTasks: 0
2024-04-24T04:58:08,481  INFO [LocalJobRunner Map Task Executor #0] vector.VectorMapOperator: Initializing Operator: MAP[0]
2024-04-24T04:58:08,481  INFO [LocalJobRunner Map Task Executor #0] mr.ExecMapper: 
<MAP>Id =0
  <Children>null
  <\Children>
  <Parent><\Parent>
<\MAP>
2024-04-24T04:58:08,482  INFO [LocalJobRunner Map Task Executor #0] exec.TableScanOperator: Initializing Operator: TS[0]
2024-04-24T04:58:08,482  INFO [LocalJobRunner Map Task Executor #0] vector.VectorFilterOperator: Initializing Operator: FIL[5]
2024-04-24T04:58:08,482  INFO [LocalJobRunner Map Task Executor #0] vector.VectorSelectOperator: Initializing Operator: SEL[6]
2024-04-24T04:58:08,482  INFO [LocalJobRunner Map Task Executor #0] vector.VectorFileSinkOperator: Initializing Operator: FS[7]
2024-04-24T04:58:08,484  INFO [LocalJobRunner Map Task Executor #0] exec.FileSinkOperator: Using serializer : class org.apache.hadoop.hive.serde2.lazy.LazySimpleSerDe [serdeParams=org.apache.hadoop.hive.serde2.lazy.LazySerDeParameters@28424766, cachedObjectInspector=org.apache.hadoop.hive.serde2.lazy.objectinspector.LazySimpleStructObjectInspector<org.apache.hadoop.hive.serde2.lazy.objectinspector.primitive.LazyIntObjectInspector@3e3b41cb,org.apache.hadoop.hive.serde2.lazy.objectinspector.primitive.LazyIntObjectInspector@3e3b41cb,org.apache.hadoop.hive.serde2.lazy.objectinspector.primitive.LazyIntObjectInspector@3e3b41cb>, serializedSize=0, stats=org.apache.hadoop.hive.serde2.SerDeStats@36aa140c, lastOperationSerialize=false, lastOperationDeserialize=false [1, 2, 3, 4, 5, 6, 7, 8, 11, 14, 15, 16, 17, 18, 19, 20, 21, 22, 23, 24, 25, 26, 28, 29, 30, 31, -128, -127, -126, -125, -124, -123, -122, -121, -120, -119, -118, -117, -116, -115, -114, -113, -112, -111, -110, -109, -108, -107, -106, -105, -104, -103, -102, -101, -100, -99, -98, -97, -96, -95, -94, -93, -92, -91, -90, -89, -88, -87, -86, -85, -84, -83, -82, -81, -80, -79, -78, -77, -76, -75, -74, -73, -72, -71, -70, -69, -68, -67, -66, -65, -64, -63, -62, -61, -60, -59, -58, -57, -56, -55, -54, -53, -52, -51, -50, -49, -48, -47, -46, -45, -44, -43, -42, -41, -40, -39, -38, -37, -36, -35, -34, -33, -32, -31, -30, -29, -28, -27, -26, -25, -24, -23, -22, -21, -20, -19, -18, -17, -16, -15, -14, -13, -12, -11, -10, -9, -8, -7, -6, -5, -4, -3, -2, -1] : [_col0, _col1, _col2] : [int, int, int]] and formatter : org.apache.hadoop.hive.ql.io.HiveSequenceFileOutputFormat@7b865b21
2024-04-24T04:58:08,484  INFO [LocalJobRunner Map Task Executor #0] exec.FileSinkOperator: Final Path: FS file:/home/alex/Repositories/hive/ql/target/tmp/localscratchdir/58c22cca-0704-4611-b509-aa39277260ab/hive_2024-04-24_04-58-07_932_6389817023609554736-1/-mr-10001/.hive-staging_hive_2024-04-24_04-58-07_932_6389817023609554736-1/_tmp.-ext-10002/000001_0
2024-04-24T04:58:08,484  INFO [LocalJobRunner Map Task Executor #0] exec.FileSinkOperator: Writing to temp file: FS file:/home/alex/Repositories/hive/ql/target/tmp/localscratchdir/58c22cca-0704-4611-b509-aa39277260ab/hive_2024-04-24_04-58-07_932_6389817023609554736-1/-mr-10001/.hive-staging_hive_2024-04-24_04-58-07_932_6389817023609554736-1/_task_tmp.-ext-10002/_tmp.000001_0
2024-04-24T04:58:08,484  INFO [LocalJobRunner Map Task Executor #0] exec.FileSinkOperator: New Final Path: FS file:/home/alex/Repositories/hive/ql/target/tmp/localscratchdir/58c22cca-0704-4611-b509-aa39277260ab/hive_2024-04-24_04-58-07_932_6389817023609554736-1/-mr-10001/.hive-staging_hive_2024-04-24_04-58-07_932_6389817023609554736-1/_tmp.-ext-10002/000001_0
2024-04-24T04:58:08,489  INFO [LocalJobRunner Map Task Executor #0] exec.FileSinkOperator: FS[7]: records written - 1
2024-04-24T04:58:08,489  INFO [LocalJobRunner Map Task Executor #0] vector.VectorMapOperator: Closing Operator: MAP[0]
2024-04-24T04:58:08,489  INFO [LocalJobRunner Map Task Executor #0] vector.VectorMapOperator: RECORDS_IN:1, DESERIALIZE_ERRORS:0, RECORDS_OUT_INTERMEDIATE:0, RECORDS_OUT_OPERATOR_MAP_0:0, 
2024-04-24T04:58:08,489  INFO [LocalJobRunner Map Task Executor #0] exec.TableScanOperator: Closing Operator: TS[0]
2024-04-24T04:58:08,489  INFO [LocalJobRunner Map Task Executor #0] exec.TableScanOperator: RECORDS_OUT_OPERATOR_TS_0:1, RECORDS_OUT_INTERMEDIATE:0, 
2024-04-24T04:58:08,490  INFO [LocalJobRunner Map Task Executor #0] vector.VectorFilterOperator: Closing Operator: FIL[5]
2024-04-24T04:58:08,490  INFO [LocalJobRunner Map Task Executor #0] vector.VectorFilterOperator: RECORDS_OUT_INTERMEDIATE:0, RECORDS_OUT_OPERATOR_FIL_5:1, 
2024-04-24T04:58:08,490  INFO [LocalJobRunner Map Task Executor #0] vector.VectorSelectOperator: Closing Operator: SEL[6]
2024-04-24T04:58:08,490  INFO [LocalJobRunner Map Task Executor #0] vector.VectorSelectOperator: RECORDS_OUT_INTERMEDIATE:0, RECORDS_OUT_OPERATOR_SEL_6:1, 
2024-04-24T04:58:08,490  INFO [LocalJobRunner Map Task Executor #0] vector.VectorFileSinkOperator: Closing Operator: FS[7]
2024-04-24T04:58:08,490  INFO [LocalJobRunner Map Task Executor #0] exec.FileSinkOperator: FS[7]: records written - 1
2024-04-24T04:58:08,490  INFO [LocalJobRunner Map Task Executor #0] vector.VectorFileSinkOperator: RECORDS_OUT_0:1, RECORDS_OUT_OPERATOR_FS_7:1, RECORDS_OUT_INTERMEDIATE:0, 
2024-04-24T04:58:08,491  INFO [LocalJobRunner Map Task Executor #0] mapred.LocalJobRunner: 
2024-04-24T04:58:08,491  INFO [LocalJobRunner Map Task Executor #0] mapred.Task: Task:attempt_local707699587_0014_m_000001_0 is done. And is in the process of committing
2024-04-24T04:58:08,492  INFO [LocalJobRunner Map Task Executor #0] mapred.LocalJobRunner: OrcSplit [file:/home/alex/Repositories/hive/ql/target/tmp/org.apache.hadoop.hive.ql.TestTxnNoBuckets-1713959849960/warehouse/nobuckets/c3=0/delta_0000001_0000001_0000/bucket_00000_0, start=3, length=309, isOriginal=false, fileLength=651, hasFooter=false, hasBase=true, deltas=0]
2024-04-24T04:58:08,492  INFO [LocalJobRunner Map Task Executor #0] mapred.Task: Task 'attempt_local707699587_0014_m_000001_0' done.
2024-04-24T04:58:08,492  INFO [LocalJobRunner Map Task Executor #0] mapred.Task: Final Counters for attempt_local707699587_0014_m_000001_0: Counters: 25
	File System Counters
		FILE: Number of bytes read=416959
		FILE: Number of bytes written=16876374
		FILE: Number of read operations=0
		FILE: Number of large read operations=0
		FILE: Number of write operations=0
	Map-Reduce Framework
		Map input records=1
		Map output records=0
		Input split bytes=511
		Spilled Records=0
		Failed Shuffles=0
		Merged Map outputs=0
		GC time elapsed (ms)=0
		Total committed heap usage (bytes)=1098383360
	HIVE
		CREATED_FILES=1
		DESERIALIZE_ERRORS=0
		RECORDS_IN=1
		RECORDS_OUT_0=1
		RECORDS_OUT_INTERMEDIATE=0
		RECORDS_OUT_OPERATOR_FIL_5=1
		RECORDS_OUT_OPERATOR_FS_7=1
		RECORDS_OUT_OPERATOR_MAP_0=0
		RECORDS_OUT_OPERATOR_SEL_6=1
		RECORDS_OUT_OPERATOR_TS_0=1
	File Input Format Counters 
		Bytes Read=13534
	File Output Format Counters 
		Bytes Written=0
2024-04-24T04:58:08,492  INFO [LocalJobRunner Map Task Executor #0] mapred.LocalJobRunner: Finishing task: attempt_local707699587_0014_m_000001_0
2024-04-24T04:58:08,492  INFO [Thread-998] mapred.LocalJobRunner: map task executor complete.
2024-04-24 04:58:09,456 Stage-1 map = 100%,  reduce = 0%
2024-04-24T04:58:09,456  INFO [main] exec.Task: 2024-04-24 04:58:09,456 Stage-1 map = 100%,  reduce = 0%
Ended Job = job_local707699587_0014
2024-04-24T04:58:09,458  INFO [main] exec.Task: Ended Job = job_local707699587_0014
2024-04-24T04:58:09,460  INFO [main] metadata.Hive: Dumping metastore api call timing information for : execution phase
2024-04-24T04:58:09,461  INFO [main] metadata.Hive: Total time spent in each metastore function (ms): {}
MapReduce Jobs Launched: 
2024-04-24T04:58:09,461  INFO [main] ql.Driver: MapReduce Jobs Launched: 
Stage-Stage-1:  HDFS Read: 0 HDFS Write: 0 SUCCESS
2024-04-24T04:58:09,461  INFO [main] ql.Driver: Stage-Stage-1:  HDFS Read: 0 HDFS Write: 0 SUCCESS
Total MapReduce CPU Time Spent: 0 msec
2024-04-24T04:58:09,461  INFO [main] ql.Driver: Total MapReduce CPU Time Spent: 0 msec
2024-04-24T04:58:09,461  INFO [main] ql.Driver: Completed executing command(queryId=alex_20240424045807_0467e1c5-fd11-4207-a8b5-a8f75d85bc17); Time taken: 1.331 seconds
2024-04-24T04:58:09,461  INFO [main] lockmgr.DbTxnManager: Stopped heartbeat for query: alex_20240424045807_0467e1c5-fd11-4207-a8b5-a8f75d85bc17
2024-04-24T04:58:09,465  INFO [main] txn.TxnHandler: Expected to move at least one record from txn_components to completed_txn_components when committing txn! txnid:23
2024-04-24T04:58:09,471  INFO [main] txn.TxnHandler: Removed transactions: ([23]) from MIN_HISTORY_LEVEL
2024-04-24T04:58:09,471  WARN [main] txn.CompactionTxnHandler: No compaction queue record found for Compaction type transaction commit. txnId:23
2024-04-24T04:58:09,477  INFO [main] mapred.FileInputFormat: Total input files to process : 2
2024-04-24T04:58:09,478  INFO [main] exec.ListSinkOperator: Closing Operator: LIST_SINK[8]
2024-04-24T04:58:09,479  INFO [main] exec.ListSinkOperator: RECORDS_OUT_INTERMEDIATE:0, RECORDS_OUT_OPERATOR_LIST_SINK_8:3, 
2024-04-24T04:58:09,479  INFO [main] ql.TxnCommandsBaseForTests: Running the query: update nobuckets set c2 = 17 where c2 in(0,3)
2024-04-24T04:58:09,479  INFO [main] ql.Context: Deleting scratch dir: file:/home/alex/Repositories/hive/ql/target/tmp/localscratchdir/58c22cca-0704-4611-b509-aa39277260ab/hive_2024-04-24_04-58-07_932_6389817023609554736-1
2024-04-24T04:58:09,480  INFO [main] cleanup.SyncCleanupService: Deleted directory: file:/home/alex/Repositories/hive/ql/target/tmp/localscratchdir/58c22cca-0704-4611-b509-aa39277260ab/hive_2024-04-24_04-58-07_932_6389817023609554736-1 on fs with scheme file
2024-04-24T04:58:09,480  INFO [main] ql.Driver: Compiling command(queryId=alex_20240424045809_ae34a90f-90e6-42e9-8924-b177306527c6): update nobuckets set c2 = 17 where c2 in(0,3)
2024-04-24T04:58:09,484  INFO [main] txn.TxnHandler: Added entries to MIN_HISTORY_LEVEL for current txns: ([24]) with min_open_txn: 24
2024-04-24T04:58:09,484  INFO [main] lockmgr.DbTxnManager: Opened txnid:24
2024-04-24T04:58:09,485  INFO [main] parse.UpdateDeleteSemanticAnalyzer: Starting caching scope for: 
2024-04-24T04:58:09,485  INFO [main] HiveMetaStore.audit: ugi=alex	ip=unknown-ip-addr	cmd=get_table : tbl=hive.default.nobuckets	
2024-04-24T04:58:09,492  INFO [main] metastore.HMSHandler: Skipping translation for processor with null
2024-04-24T04:58:09,493  INFO [main] parse.RewriteSemanticAnalyzer: Going to reparse <update nobuckets set c2 = 17 where c2 in(0,3)> as 
<insert into table `default`.`nobuckets` partition (`c3`) select ROW__ID,`c1`,`c2`, `c3` from `default`.`nobuckets` sort by ROW__ID >
2024-04-24T04:58:09,494  INFO [main] parse.UpdateDeleteSemanticAnalyzer: Starting Semantic Analysis
2024-04-24T04:58:09,497  INFO [main] HiveMetaStore.audit: ugi=alex	ip=unknown-ip-addr	cmd=get_table : tbl=hive.default.nobuckets	
2024-04-24T04:58:09,504  INFO [main] metastore.HMSHandler: Skipping translation for processor with null
2024-04-24T04:58:09,505  INFO [main] parse.UpdateDeleteSemanticAnalyzer: Completed phase 1 of Semantic Analysis
2024-04-24T04:58:09,505  INFO [main] parse.UpdateDeleteSemanticAnalyzer: Get metadata for source tables
2024-04-24T04:58:09,505  INFO [main] parse.UpdateDeleteSemanticAnalyzer: Get metadata for subqueries
2024-04-24T04:58:09,505  INFO [main] parse.UpdateDeleteSemanticAnalyzer: Get metadata for destination tables
2024-04-24T04:58:09,505  INFO [main] HiveMetaStore.audit: ugi=alex	ip=unknown-ip-addr	cmd=get_table : tbl=hive.default.nobuckets	
2024-04-24T04:58:09,517  INFO [main] metastore.HMSHandler: Skipping translation for processor with null
2024-04-24T04:58:09,517  WARN [main] parse.BaseSemanticAnalyzer: Dynamic partitioning is used; only validating 0 columns
2024-04-24T04:58:09,517  INFO [main] parse.UpdateDeleteSemanticAnalyzer: Completed getting MetaData in Semantic Analysis
2024-04-24T04:58:09,517  INFO [main] parse.UpdateDeleteSemanticAnalyzer: Disabling LLAP IO encode as ETL query is detected
2024-04-24T04:58:09,531  INFO [main] HiveMetaStore.audit: ugi=alex	ip=unknown-ip-addr	cmd=get_all_table_constraints : tbl=hive.default.nobuckets	
2024-04-24T04:58:09,539  INFO [main] HiveMetaStore.audit: ugi=alex	ip=unknown-ip-addr	cmd=get_not_null_constraints : tbl=hive.default.nobuckets	
2024-04-24T04:58:09,541  INFO [main] HiveMetaStore.audit: ugi=alex	ip=unknown-ip-addr	cmd=get_check_constraints : tbl=hive.default.nobuckets	
2024-04-24T04:58:09,612  INFO [main] HiveMetaStore.audit: ugi=alex	ip=unknown-ip-addr	cmd=get_partitions : tbl=hive.default.nobuckets	
2024-04-24T04:58:09,628  INFO [main] calcite.RelOptHiveTable: Calculating column statistics for default.nobuckets, projIndxSet: [0, 1, 2], allowMissingStats: true
2024-04-24T04:58:09,629  INFO [main] HiveMetaStore.audit: ugi=alex	ip=unknown-ip-addr	cmd=get_aggr_stats_for: table=hive.default.nobuckets	
2024-04-24T04:58:09,641  WARN [main] calcite.RelOptHiveTable: No Stats for default@nobuckets, Columns: c2, c1
No Stats for default@nobuckets, Columns: c2, c1
2024-04-24T04:58:09,641  INFO [main] SessionState: No Stats for default@nobuckets, Columns: c2, c1
2024-04-24T04:58:09,707  INFO [main] parse.UpdateDeleteSemanticAnalyzer: Get metadata for source tables
2024-04-24T04:58:09,707  INFO [main] parse.UpdateDeleteSemanticAnalyzer: Get metadata for subqueries
2024-04-24T04:58:09,707  INFO [main] parse.UpdateDeleteSemanticAnalyzer: Get metadata for destination tables
2024-04-24T04:58:09,707  INFO [main] HiveMetaStore.audit: ugi=alex	ip=unknown-ip-addr	cmd=get_table : tbl=hive.default.nobuckets	
2024-04-24T04:58:09,716  INFO [main] metastore.HMSHandler: Skipping translation for processor with null
2024-04-24T04:58:09,716  WARN [main] parse.BaseSemanticAnalyzer: Dynamic partitioning is used; only validating 0 columns
2024-04-24T04:58:09,725 ERROR [main] parse.UpdateDeleteSemanticAnalyzer: CBO failed, skipping CBO. 
org.apache.hadoop.hive.ql.exec.NoMatchingMethodException: No matching method for class org.apache.hadoop.hive.ql.udf.UDFToInteger with (struct<writeid:bigint,bucketid:int,rowid:bigint>). Possible choices: _FUNC_(bigint)  _FUNC_(boolean)  _FUNC_(decimal(38,18))  _FUNC_(double)  _FUNC_(float)  _FUNC_(smallint)  _FUNC_(string)  _FUNC_(struct<bucketid:bigint,rowid:bigint,writeid:int>)  _FUNC_(timestamp)  _FUNC_(tinyint)  _FUNC_(void)  
	at org.apache.hadoop.hive.ql.exec.MethodUtils.getMethodInternal(MethodUtils.java:130) ~[classes/:?]
	at org.apache.hadoop.hive.ql.exec.MethodUtils.getMethodInternal(MethodUtils.java:60) ~[classes/:?]
	at org.apache.hadoop.hive.ql.exec.DefaultUDFMethodResolver.getEvalMethod(DefaultUDFMethodResolver.java:59) ~[classes/:?]
	at org.apache.hadoop.hive.ql.udf.TimestampCastRestrictorResolver.getEvalMethod(TimestampCastRestrictorResolver.java:68) ~[classes/:?]
	at org.apache.hadoop.hive.ql.udf.generic.GenericUDFBridge.initialize(GenericUDFBridge.java:168) ~[classes/:?]
	at org.apache.hadoop.hive.ql.udf.generic.GenericUDF.initializeAndFoldConstants(GenericUDF.java:149) ~[classes/:?]
	at org.apache.hadoop.hive.ql.plan.ExprNodeGenericFuncDesc.newInstance(ExprNodeGenericFuncDesc.java:235) ~[classes/:?]
	at org.apache.hadoop.hive.ql.parse.type.ExprNodeDescExprFactory.createFuncCallExpr(ExprNodeDescExprFactory.java:584) ~[classes/:?]
	at org.apache.hadoop.hive.ql.parse.type.ExprNodeDescExprFactory.createFuncCallExpr(ExprNodeDescExprFactory.java:97) ~[classes/:?]
	at org.apache.hadoop.hive.ql.parse.type.TypeCheckProcFactory$DefaultExprProcessor.getFuncExprNodeDescWithUdfData(TypeCheckProcFactory.java:762) ~[classes/:?]
	at org.apache.hadoop.hive.ql.parse.type.TypeCheckProcFactory$DefaultExprProcessor.createConversionCast(TypeCheckProcFactory.java:783) ~[classes/:?]
	at org.apache.hadoop.hive.ql.parse.SemanticAnalyzer.getPartitionColsFromBucketColsForUpdateDelete(SemanticAnalyzer.java:8725) ~[classes/:?]
	at org.apache.hadoop.hive.ql.parse.SemanticAnalyzer.genBucketingSortingDest(SemanticAnalyzer.java:6914) ~[classes/:?]
	at org.apache.hadoop.hive.ql.parse.SemanticAnalyzer.genFileSinkPlan(SemanticAnalyzer.java:7335) ~[classes/:?]
	at org.apache.hadoop.hive.ql.parse.SemanticAnalyzer.genPostGroupByBodyPlan(SemanticAnalyzer.java:11063) ~[classes/:?]
	at org.apache.hadoop.hive.ql.parse.SemanticAnalyzer.genBodyPlan(SemanticAnalyzer.java:10938) ~[classes/:?]
	at org.apache.hadoop.hive.ql.parse.SemanticAnalyzer.genPlan(SemanticAnalyzer.java:11853) ~[classes/:?]
	at org.apache.hadoop.hive.ql.parse.SemanticAnalyzer.genPlan(SemanticAnalyzer.java:11723) ~[classes/:?]
	at org.apache.hadoop.hive.ql.parse.CalcitePlanner.genOPTree(CalcitePlanner.java:626) ~[classes/:?]
	at org.apache.hadoop.hive.ql.parse.SemanticAnalyzer.analyzeInternal(SemanticAnalyzer.java:12558) ~[classes/:?]
	at org.apache.hadoop.hive.ql.parse.CalcitePlanner.analyzeInternal(CalcitePlanner.java:456) ~[classes/:?]
	at org.apache.hadoop.hive.ql.parse.RewriteSemanticAnalyzer.analyzeInternal(RewriteSemanticAnalyzer.java:67) ~[classes/:?]
	at org.apache.hadoop.hive.ql.parse.BaseSemanticAnalyzer.analyze(BaseSemanticAnalyzer.java:317) ~[classes/:?]
	at org.apache.hadoop.hive.ql.parse.UpdateDeleteSemanticAnalyzer.reparseAndSuperAnalyze(UpdateDeleteSemanticAnalyzer.java:208) ~[classes/:?]
	at org.apache.hadoop.hive.ql.parse.UpdateDeleteSemanticAnalyzer.analyzeUpdate(UpdateDeleteSemanticAnalyzer.java:63) ~[classes/:?]
	at org.apache.hadoop.hive.ql.parse.UpdateDeleteSemanticAnalyzer.analyze(UpdateDeleteSemanticAnalyzer.java:53) ~[classes/:?]
	at org.apache.hadoop.hive.ql.parse.RewriteSemanticAnalyzer.analyzeInternal(RewriteSemanticAnalyzer.java:72) ~[classes/:?]
	at org.apache.hadoop.hive.ql.parse.BaseSemanticAnalyzer.analyze(BaseSemanticAnalyzer.java:317) ~[classes/:?]
	at org.apache.hadoop.hive.ql.Compiler.analyze(Compiler.java:223) ~[classes/:?]
	at org.apache.hadoop.hive.ql.Compiler.compile(Compiler.java:105) ~[classes/:?]
	at org.apache.hadoop.hive.ql.Driver.compile(Driver.java:500) ~[classes/:?]
	at org.apache.hadoop.hive.ql.Driver.compileInternal(Driver.java:453) ~[classes/:?]
	at org.apache.hadoop.hive.ql.Driver.runInternal(Driver.java:181) ~[classes/:?]
	at org.apache.hadoop.hive.ql.Driver.run(Driver.java:153) ~[classes/:?]
	at org.apache.hadoop.hive.ql.Driver.run(Driver.java:140) ~[classes/:?]
	at org.apache.hadoop.hive.ql.TxnCommandsBaseForTests.runStatementOnDriver(TxnCommandsBaseForTests.java:245) ~[test-classes/:?]
	at org.apache.hadoop.hive.ql.TestTxnNoBuckets.testNoBucketsDP(TestTxnNoBuckets.java:233) ~[test-classes/:?]
	at sun.reflect.NativeMethodAccessorImpl.invoke0(Native Method) ~[?:1.8.0_402]
	at sun.reflect.NativeMethodAccessorImpl.invoke(NativeMethodAccessorImpl.java:62) ~[?:1.8.0_402]
	at sun.reflect.DelegatingMethodAccessorImpl.invoke(DelegatingMethodAccessorImpl.java:43) ~[?:1.8.0_402]
	at java.lang.reflect.Method.invoke(Method.java:498) ~[?:1.8.0_402]
	at org.junit.runners.model.FrameworkMethod$1.runReflectiveCall(FrameworkMethod.java:59) ~[junit-4.13.jar:4.13]
	at org.junit.internal.runners.model.ReflectiveCallable.run(ReflectiveCallable.java:12) ~[junit-4.13.jar:4.13]
	at org.junit.runners.model.FrameworkMethod.invokeExplosively(FrameworkMethod.java:56) ~[junit-4.13.jar:4.13]
	at org.junit.internal.runners.statements.InvokeMethod.evaluate(InvokeMethod.java:17) ~[junit-4.13.jar:4.13]
	at org.junit.internal.runners.statements.RunBefores.evaluate(RunBefores.java:26) ~[junit-4.13.jar:4.13]
	at org.junit.internal.runners.statements.RunAfters.evaluate(RunAfters.java:27) ~[junit-4.13.jar:4.13]
	at org.junit.rules.TestWatcher$1.evaluate(TestWatcher.java:61) ~[junit-4.13.jar:4.13]
	at org.junit.runners.ParentRunner$3.evaluate(ParentRunner.java:306) ~[junit-4.13.jar:4.13]
	at org.junit.runners.BlockJUnit4ClassRunner$1.evaluate(BlockJUnit4ClassRunner.java:100) ~[junit-4.13.jar:4.13]
	at org.junit.runners.ParentRunner.runLeaf(ParentRunner.java:366) ~[junit-4.13.jar:4.13]
	at org.junit.runners.BlockJUnit4ClassRunner.runChild(BlockJUnit4ClassRunner.java:103) ~[junit-4.13.jar:4.13]
	at org.junit.runners.BlockJUnit4ClassRunner.runChild(BlockJUnit4ClassRunner.java:63) ~[junit-4.13.jar:4.13]
	at org.junit.runners.ParentRunner$4.run(ParentRunner.java:331) ~[junit-4.13.jar:4.13]
	at org.junit.runners.ParentRunner$1.schedule(ParentRunner.java:79) ~[junit-4.13.jar:4.13]
	at org.junit.runners.ParentRunner.runChildren(ParentRunner.java:329) ~[junit-4.13.jar:4.13]
	at org.junit.runners.ParentRunner.access$100(ParentRunner.java:66) ~[junit-4.13.jar:4.13]
	at org.junit.runners.ParentRunner$2.evaluate(ParentRunner.java:293) ~[junit-4.13.jar:4.13]
	at org.junit.runners.ParentRunner$3.evaluate(ParentRunner.java:306) ~[junit-4.13.jar:4.13]
	at org.junit.runners.ParentRunner.run(ParentRunner.java:413) ~[junit-4.13.jar:4.13]
	at org.junit.runner.JUnitCore.run(JUnitCore.java:137) ~[junit-4.13.jar:4.13]
	at org.junit.runner.JUnitCore.run(JUnitCore.java:115) ~[junit-4.13.jar:4.13]
	at org.junit.vintage.engine.execution.RunnerExecutor.execute(RunnerExecutor.java:43) ~[junit-vintage-engine-5.6.2.jar:5.6.2]
	at java.util.stream.ForEachOps$ForEachOp$OfRef.accept(ForEachOps.java:183) ~[?:1.8.0_402]
	at java.util.stream.ReferencePipeline$3$1.accept(ReferencePipeline.java:193) ~[?:1.8.0_402]
	at java.util.Iterator.forEachRemaining(Iterator.java:116) ~[?:1.8.0_402]
	at java.util.Spliterators$IteratorSpliterator.forEachRemaining(Spliterators.java:1801) ~[?:1.8.0_402]
	at java.util.stream.AbstractPipeline.copyInto(AbstractPipeline.java:482) ~[?:1.8.0_402]
	at java.util.stream.AbstractPipeline.wrapAndCopyInto(AbstractPipeline.java:472) ~[?:1.8.0_402]
	at java.util.stream.ForEachOps$ForEachOp.evaluateSequential(ForEachOps.java:150) ~[?:1.8.0_402]
	at java.util.stream.ForEachOps$ForEachOp$OfRef.evaluateSequential(ForEachOps.java:173) ~[?:1.8.0_402]
	at java.util.stream.AbstractPipeline.evaluate(AbstractPipeline.java:234) ~[?:1.8.0_402]
	at java.util.stream.ReferencePipeline.forEach(ReferencePipeline.java:485) ~[?:1.8.0_402]
	at org.junit.vintage.engine.VintageTestEngine.executeAllChildren(VintageTestEngine.java:82) ~[junit-vintage-engine-5.6.2.jar:5.6.2]
	at org.junit.vintage.engine.VintageTestEngine.execute(VintageTestEngine.java:73) ~[junit-vintage-engine-5.6.2.jar:5.6.2]
	at org.junit.platform.launcher.core.DefaultLauncher.execute(DefaultLauncher.java:248) ~[junit-platform-launcher-1.6.2.jar:1.6.2]
	at org.junit.platform.launcher.core.DefaultLauncher.lambda$execute$5(DefaultLauncher.java:211) ~[junit-platform-launcher-1.6.2.jar:1.6.2]
	at org.junit.platform.launcher.core.DefaultLauncher.withInterceptedStreams(DefaultLauncher.java:226) [junit-platform-launcher-1.6.2.jar:1.6.2]
	at org.junit.platform.launcher.core.DefaultLauncher.execute(DefaultLauncher.java:199) [junit-platform-launcher-1.6.2.jar:1.6.2]
	at org.junit.platform.launcher.core.DefaultLauncher.execute(DefaultLauncher.java:132) [junit-platform-launcher-1.6.2.jar:1.6.2]
	at org.apache.maven.surefire.junitplatform.JUnitPlatformProvider.invokeAllTests(JUnitPlatformProvider.java:154) [surefire-junit-platform-3.0.0-M4.jar:3.0.0-M4]
	at org.apache.maven.surefire.junitplatform.JUnitPlatformProvider.invoke(JUnitPlatformProvider.java:123) [surefire-junit-platform-3.0.0-M4.jar:3.0.0-M4]
	at org.apache.maven.surefire.booter.ForkedBooter.runSuitesInProcess(ForkedBooter.java:377) [surefire-booter-3.0.0-M4.jar:3.0.0-M4]
	at org.apache.maven.surefire.booter.ForkedBooter.execute(ForkedBooter.java:138) [surefire-booter-3.0.0-M4.jar:3.0.0-M4]
	at org.apache.maven.surefire.booter.ForkedBooter.run(ForkedBooter.java:465) [surefire-booter-3.0.0-M4.jar:3.0.0-M4]
	at org.apache.maven.surefire.booter.ForkedBooter.main(ForkedBooter.java:451) [surefire-booter-3.0.0-M4.jar:3.0.0-M4]
2024-04-24T04:58:09,726 ERROR [main] parse.UpdateDeleteSemanticAnalyzer: CBO failed due to missing column stats (see previous errors), skipping CBO
2024-04-24T04:58:09,726  INFO [main] parse.UpdateDeleteSemanticAnalyzer: Ending caching scope for: 
FAILED: NoMatchingMethodException No matching method for class org.apache.hadoop.hive.ql.udf.UDFToInteger with (struct<writeid:bigint,bucketid:int,rowid:bigint>). Possible choices: _FUNC_(bigint)  _FUNC_(boolean)  _FUNC_(decimal(38,18))  _FUNC_(double)  _FUNC_(float)  _FUNC_(smallint)  _FUNC_(string)  _FUNC_(struct<bucketid:bigint,rowid:bigint,writeid:int>)  _FUNC_(timestamp)  _FUNC_(tinyint)  _FUNC_(void)  
2024-04-24T04:58:09,727 ERROR [main] ql.Driver: FAILED: NoMatchingMethodException No matching method for class org.apache.hadoop.hive.ql.udf.UDFToInteger with (struct<writeid:bigint,bucketid:int,rowid:bigint>). Possible choices: _FUNC_(bigint)  _FUNC_(boolean)  _FUNC_(decimal(38,18))  _FUNC_(double)  _FUNC_(float)  _FUNC_(smallint)  _FUNC_(string)  _FUNC_(struct<bucketid:bigint,rowid:bigint,writeid:int>)  _FUNC_(timestamp)  _FUNC_(tinyint)  _FUNC_(void)  
org.apache.hadoop.hive.ql.exec.NoMatchingMethodException: No matching method for class org.apache.hadoop.hive.ql.udf.UDFToInteger with (struct<writeid:bigint,bucketid:int,rowid:bigint>). Possible choices: _FUNC_(bigint)  _FUNC_(boolean)  _FUNC_(decimal(38,18))  _FUNC_(double)  _FUNC_(float)  _FUNC_(smallint)  _FUNC_(string)  _FUNC_(struct<bucketid:bigint,rowid:bigint,writeid:int>)  _FUNC_(timestamp)  _FUNC_(tinyint)  _FUNC_(void)  
	at org.apache.hadoop.hive.ql.exec.MethodUtils.getMethodInternal(MethodUtils.java:130)
	at org.apache.hadoop.hive.ql.exec.MethodUtils.getMethodInternal(MethodUtils.java:60)
	at org.apache.hadoop.hive.ql.exec.DefaultUDFMethodResolver.getEvalMethod(DefaultUDFMethodResolver.java:59)
	at org.apache.hadoop.hive.ql.udf.TimestampCastRestrictorResolver.getEvalMethod(TimestampCastRestrictorResolver.java:68)
	at org.apache.hadoop.hive.ql.udf.generic.GenericUDFBridge.initialize(GenericUDFBridge.java:168)
	at org.apache.hadoop.hive.ql.udf.generic.GenericUDF.initializeAndFoldConstants(GenericUDF.java:149)
	at org.apache.hadoop.hive.ql.plan.ExprNodeGenericFuncDesc.newInstance(ExprNodeGenericFuncDesc.java:235)
	at org.apache.hadoop.hive.ql.parse.type.ExprNodeDescExprFactory.createFuncCallExpr(ExprNodeDescExprFactory.java:584)
	at org.apache.hadoop.hive.ql.parse.type.ExprNodeDescExprFactory.createFuncCallExpr(ExprNodeDescExprFactory.java:97)
	at org.apache.hadoop.hive.ql.parse.type.TypeCheckProcFactory$DefaultExprProcessor.getFuncExprNodeDescWithUdfData(TypeCheckProcFactory.java:762)
	at org.apache.hadoop.hive.ql.parse.type.TypeCheckProcFactory$DefaultExprProcessor.createConversionCast(TypeCheckProcFactory.java:783)
	at org.apache.hadoop.hive.ql.parse.SemanticAnalyzer.getPartitionColsFromBucketColsForUpdateDelete(SemanticAnalyzer.java:8725)
	at org.apache.hadoop.hive.ql.parse.SemanticAnalyzer.genBucketingSortingDest(SemanticAnalyzer.java:6914)
	at org.apache.hadoop.hive.ql.parse.SemanticAnalyzer.genFileSinkPlan(SemanticAnalyzer.java:7335)
	at org.apache.hadoop.hive.ql.parse.SemanticAnalyzer.genPostGroupByBodyPlan(SemanticAnalyzer.java:11063)
	at org.apache.hadoop.hive.ql.parse.SemanticAnalyzer.genBodyPlan(SemanticAnalyzer.java:10938)
	at org.apache.hadoop.hive.ql.parse.SemanticAnalyzer.genPlan(SemanticAnalyzer.java:11853)
	at org.apache.hadoop.hive.ql.parse.SemanticAnalyzer.genPlan(SemanticAnalyzer.java:11723)
	at org.apache.hadoop.hive.ql.parse.CalcitePlanner.genOPTree(CalcitePlanner.java:626)
	at org.apache.hadoop.hive.ql.parse.SemanticAnalyzer.analyzeInternal(SemanticAnalyzer.java:12558)
	at org.apache.hadoop.hive.ql.parse.CalcitePlanner.analyzeInternal(CalcitePlanner.java:456)
	at org.apache.hadoop.hive.ql.parse.RewriteSemanticAnalyzer.analyzeInternal(RewriteSemanticAnalyzer.java:67)
	at org.apache.hadoop.hive.ql.parse.BaseSemanticAnalyzer.analyze(BaseSemanticAnalyzer.java:317)
	at org.apache.hadoop.hive.ql.parse.UpdateDeleteSemanticAnalyzer.reparseAndSuperAnalyze(UpdateDeleteSemanticAnalyzer.java:208)
	at org.apache.hadoop.hive.ql.parse.UpdateDeleteSemanticAnalyzer.analyzeUpdate(UpdateDeleteSemanticAnalyzer.java:63)
	at org.apache.hadoop.hive.ql.parse.UpdateDeleteSemanticAnalyzer.analyze(UpdateDeleteSemanticAnalyzer.java:53)
	at org.apache.hadoop.hive.ql.parse.RewriteSemanticAnalyzer.analyzeInternal(RewriteSemanticAnalyzer.java:72)
	at org.apache.hadoop.hive.ql.parse.BaseSemanticAnalyzer.analyze(BaseSemanticAnalyzer.java:317)
	at org.apache.hadoop.hive.ql.Compiler.analyze(Compiler.java:223)
	at org.apache.hadoop.hive.ql.Compiler.compile(Compiler.java:105)
	at org.apache.hadoop.hive.ql.Driver.compile(Driver.java:500)
	at org.apache.hadoop.hive.ql.Driver.compileInternal(Driver.java:453)
	at org.apache.hadoop.hive.ql.Driver.runInternal(Driver.java:181)
	at org.apache.hadoop.hive.ql.Driver.run(Driver.java:153)
	at org.apache.hadoop.hive.ql.Driver.run(Driver.java:140)
	at org.apache.hadoop.hive.ql.TxnCommandsBaseForTests.runStatementOnDriver(TxnCommandsBaseForTests.java:245)
	at org.apache.hadoop.hive.ql.TestTxnNoBuckets.testNoBucketsDP(TestTxnNoBuckets.java:233)
	at sun.reflect.NativeMethodAccessorImpl.invoke0(Native Method)
	at sun.reflect.NativeMethodAccessorImpl.invoke(NativeMethodAccessorImpl.java:62)
	at sun.reflect.DelegatingMethodAccessorImpl.invoke(DelegatingMethodAccessorImpl.java:43)
	at java.lang.reflect.Method.invoke(Method.java:498)
	at org.junit.runners.model.FrameworkMethod$1.runReflectiveCall(FrameworkMethod.java:59)
	at org.junit.internal.runners.model.ReflectiveCallable.run(ReflectiveCallable.java:12)
	at org.junit.runners.model.FrameworkMethod.invokeExplosively(FrameworkMethod.java:56)
	at org.junit.internal.runners.statements.InvokeMethod.evaluate(InvokeMethod.java:17)
	at org.junit.internal.runners.statements.RunBefores.evaluate(RunBefores.java:26)
	at org.junit.internal.runners.statements.RunAfters.evaluate(RunAfters.java:27)
	at org.junit.rules.TestWatcher$1.evaluate(TestWatcher.java:61)
	at org.junit.runners.ParentRunner$3.evaluate(ParentRunner.java:306)
	at org.junit.runners.BlockJUnit4ClassRunner$1.evaluate(BlockJUnit4ClassRunner.java:100)
	at org.junit.runners.ParentRunner.runLeaf(ParentRunner.java:366)
	at org.junit.runners.BlockJUnit4ClassRunner.runChild(BlockJUnit4ClassRunner.java:103)
	at org.junit.runners.BlockJUnit4ClassRunner.runChild(BlockJUnit4ClassRunner.java:63)
	at org.junit.runners.ParentRunner$4.run(ParentRunner.java:331)
	at org.junit.runners.ParentRunner$1.schedule(ParentRunner.java:79)
	at org.junit.runners.ParentRunner.runChildren(ParentRunner.java:329)
	at org.junit.runners.ParentRunner.access$100(ParentRunner.java:66)
	at org.junit.runners.ParentRunner$2.evaluate(ParentRunner.java:293)
	at org.junit.runners.ParentRunner$3.evaluate(ParentRunner.java:306)
	at org.junit.runners.ParentRunner.run(ParentRunner.java:413)
	at org.junit.runner.JUnitCore.run(JUnitCore.java:137)
	at org.junit.runner.JUnitCore.run(JUnitCore.java:115)
	at org.junit.vintage.engine.execution.RunnerExecutor.execute(RunnerExecutor.java:43)
	at java.util.stream.ForEachOps$ForEachOp$OfRef.accept(ForEachOps.java:183)
	at java.util.stream.ReferencePipeline$3$1.accept(ReferencePipeline.java:193)
	at java.util.Iterator.forEachRemaining(Iterator.java:116)
	at java.util.Spliterators$IteratorSpliterator.forEachRemaining(Spliterators.java:1801)
	at java.util.stream.AbstractPipeline.copyInto(AbstractPipeline.java:482)
	at java.util.stream.AbstractPipeline.wrapAndCopyInto(AbstractPipeline.java:472)
	at java.util.stream.ForEachOps$ForEachOp.evaluateSequential(ForEachOps.java:150)
	at java.util.stream.ForEachOps$ForEachOp$OfRef.evaluateSequential(ForEachOps.java:173)
	at java.util.stream.AbstractPipeline.evaluate(AbstractPipeline.java:234)
	at java.util.stream.ReferencePipeline.forEach(ReferencePipeline.java:485)
	at org.junit.vintage.engine.VintageTestEngine.executeAllChildren(VintageTestEngine.java:82)
	at org.junit.vintage.engine.VintageTestEngine.execute(VintageTestEngine.java:73)
	at org.junit.platform.launcher.core.DefaultLauncher.execute(DefaultLauncher.java:248)
	at org.junit.platform.launcher.core.DefaultLauncher.lambda$execute$5(DefaultLauncher.java:211)
	at org.junit.platform.launcher.core.DefaultLauncher.withInterceptedStreams(DefaultLauncher.java:226)
	at org.junit.platform.launcher.core.DefaultLauncher.execute(DefaultLauncher.java:199)
	at org.junit.platform.launcher.core.DefaultLauncher.execute(DefaultLauncher.java:132)
	at org.apache.maven.surefire.junitplatform.JUnitPlatformProvider.invokeAllTests(JUnitPlatformProvider.java:154)
	at org.apache.maven.surefire.junitplatform.JUnitPlatformProvider.invoke(JUnitPlatformProvider.java:123)
	at org.apache.maven.surefire.booter.ForkedBooter.runSuitesInProcess(ForkedBooter.java:377)
	at org.apache.maven.surefire.booter.ForkedBooter.execute(ForkedBooter.java:138)
	at org.apache.maven.surefire.booter.ForkedBooter.run(ForkedBooter.java:465)
	at org.apache.maven.surefire.booter.ForkedBooter.main(ForkedBooter.java:451)

2024-04-24T04:58:09,727  INFO [main] metadata.Hive: Dumping metastore api call timing information for : compilation phase
2024-04-24T04:58:09,727  INFO [main] metadata.Hive: Total time spent in each metastore function (ms): {getCheckConstraints_(CheckConstraintsRequest)=1, isCompatibleWith_(Configuration)=0, getTable_(GetTableRequest)=36, getValidWriteIds_(List, String)=4, getAllTableConstraints_(AllTableConstraintsRequest)=6, flushCache_()=0, getNotNullConstraints_(NotNullConstraintsRequest)=2, getValidTxns_(long)=1, getAggrColStatsFor_(String, String, List, List, String, String)=11, getMetaConf_(String)=0, openTxn_(String, TxnType)=2, commitTxn_(CommitTxnRequest)=10, listPartitions_(String, String, short)=13}
2024-04-24T04:58:09,728  INFO [main] ql.Driver: Completed compiling command(queryId=alex_20240424045809_ae34a90f-90e6-42e9-8924-b177306527c6); Time taken: 0.247 seconds
2024-04-24T04:58:09,728  INFO [main] lockmgr.DbTxnManager: Stopped heartbeat for query: null
2024-04-24T04:58:09,732  INFO [main] txn.TxnHandler: Removed transactions: ([24]) from MIN_HISTORY_LEVEL
2024-04-24T04:58:09,741  INFO [main] ql.TxnCommandsBaseForTests: Running the query: drop table if exists acidTbl
2024-04-24T04:58:09,741  INFO [main] ql.Driver: Compiling command(queryId=alex_20240424045809_23a5ecb2-d1f5-4847-b288-8c1592dac631): drop table if exists acidTbl
2024-04-24T04:58:09,744  INFO [main] txn.TxnHandler: Added entries to MIN_HISTORY_LEVEL for current txns: ([25]) with min_open_txn: 24
2024-04-24T04:58:09,744  INFO [main] lockmgr.DbTxnManager: Opened txnid:25
2024-04-24T04:58:09,745  INFO [main] HiveMetaStore.audit: ugi=alex	ip=unknown-ip-addr	cmd=get_table : tbl=hive.default.acidTbl	
2024-04-24T04:58:09,753  INFO [main] metastore.HMSHandler: Skipping translation for processor with null
2024-04-24T04:58:09,754  INFO [main] ql.Driver: Semantic Analysis Completed (retrial = false)
2024-04-24T04:58:09,754  INFO [main] ql.Driver: Created Hive schema: Schema(fieldSchemas:null, properties:null)
2024-04-24T04:58:09,754  INFO [main] metadata.Hive: Dumping metastore api call timing information for : compilation phase
2024-04-24T04:58:09,754  INFO [main] metadata.Hive: Total time spent in each metastore function (ms): {rollbackTxn_(long)=13, isCompatibleWith_(Configuration)=1, getValidTxns_(long)=1, getTable_(GetTableRequest)=8, flushCache_()=0, openTxn_(String, TxnType)=2}
2024-04-24T04:58:09,754  INFO [main] ql.Driver: Completed compiling command(queryId=alex_20240424045809_23a5ecb2-d1f5-4847-b288-8c1592dac631); Time taken: 0.013 seconds
2024-04-24T04:58:09,754  INFO [main] lockmgr.DbTxnManager: Setting lock request transaction to txnid:25 for queryId=alex_20240424045809_23a5ecb2-d1f5-4847-b288-8c1592dac631
2024-04-24T04:58:09,755  INFO [main] lockmgr.DbLockManager: Requesting lock for queryId=alex_20240424045809_23a5ecb2-d1f5-4847-b288-8c1592dac631
2024-04-24T04:58:09,779  INFO [main] lockmgr.DbLockManager: Response to queryId=alex_20240424045809_23a5ecb2-d1f5-4847-b288-8c1592dac631 LockResponse(lockid:16, state:ACQUIRED)
2024-04-24T04:58:09,779  INFO [main] ql.Driver: Operation DROPTABLE obtained 1 locks
2024-04-24T04:58:09,779  INFO [main] ql.Driver: Executing command(queryId=alex_20240424045809_23a5ecb2-d1f5-4847-b288-8c1592dac631): drop table if exists acidTbl
2024-04-24T04:58:09,779  INFO [main] ql.Driver: Starting task [Stage-0:DDL] in serial mode
2024-04-24T04:58:09,780  INFO [main] HiveMetaStore.audit: ugi=alex	ip=unknown-ip-addr	cmd=get_table : tbl=hive.default.acidTbl	
2024-04-24T04:58:09,788  INFO [main] metastore.HMSHandler: Skipping translation for processor with null
2024-04-24T04:58:09,788  INFO [main] HiveMetaStore.audit: ugi=alex	ip=unknown-ip-addr	cmd=get_table : tbl=hive.default.acidTbl	
2024-04-24T04:58:09,798  INFO [main] metastore.HMSHandler: Skipping translation for processor with null
2024-04-24T04:58:09,798  INFO [main] HiveMetaStore.audit: ugi=alex	ip=unknown-ip-addr	cmd=drop_table : tbl=hive.default.acidTbl	
2024-04-24T04:58:09,920  INFO [main] metadata.Hive: Dumping metastore api call timing information for : execution phase
2024-04-24T04:58:09,920  INFO [main] metadata.Hive: Total time spent in each metastore function (ms): {getTable_(GetTableRequest)=8, dropTable_(String, String, boolean, boolean, boolean)=132, isCompatibleWith_(Configuration)=1}
2024-04-24T04:58:09,921  INFO [main] ql.Driver: Completed executing command(queryId=alex_20240424045809_23a5ecb2-d1f5-4847-b288-8c1592dac631); Time taken: 0.141 seconds
2024-04-24T04:58:09,921  INFO [main] lockmgr.DbTxnManager: Stopped heartbeat for query: alex_20240424045809_23a5ecb2-d1f5-4847-b288-8c1592dac631
2024-04-24T04:58:09,925  INFO [main] txn.TxnHandler: Expected to move at least one record from txn_components to completed_txn_components when committing txn! txnid:25
2024-04-24T04:58:09,931  INFO [main] txn.TxnHandler: Removed transactions: ([25]) from MIN_HISTORY_LEVEL
2024-04-24T04:58:09,931  WARN [main] txn.CompactionTxnHandler: No compaction queue record found for Compaction type transaction commit. txnId:25
2024-04-24T04:58:09,932  INFO [main] ql.TxnCommandsBaseForTests: Running the query: drop table if exists acidTblPart
2024-04-24T04:58:09,932  INFO [main] ql.Driver: Compiling command(queryId=alex_20240424045809_f62815e1-04b9-48e9-93de-933d63aea476): drop table if exists acidTblPart
2024-04-24T04:58:09,935  INFO [main] txn.TxnHandler: Added entries to MIN_HISTORY_LEVEL for current txns: ([26]) with min_open_txn: 24
2024-04-24T04:58:09,936  INFO [main] lockmgr.DbTxnManager: Opened txnid:26
2024-04-24T04:58:09,936  INFO [main] HiveMetaStore.audit: ugi=alex	ip=unknown-ip-addr	cmd=get_table : tbl=hive.default.acidTblPart	
2024-04-24T04:58:09,949  INFO [main] metastore.HMSHandler: Skipping translation for processor with null
2024-04-24T04:58:09,949  INFO [main] ql.Driver: Semantic Analysis Completed (retrial = false)
2024-04-24T04:58:09,949  INFO [main] ql.Driver: Created Hive schema: Schema(fieldSchemas:null, properties:null)
2024-04-24T04:58:09,949  INFO [main] metadata.Hive: Dumping metastore api call timing information for : compilation phase
2024-04-24T04:58:09,949  INFO [main] metadata.Hive: Total time spent in each metastore function (ms): {getTable_(GetTableRequest)=13, openTxn_(String, TxnType)=3, isCompatibleWith_(Configuration)=0, getValidTxns_(long)=0, flushCache_()=0, commitTxn_(CommitTxnRequest)=11}
2024-04-24T04:58:09,949  INFO [main] ql.Driver: Completed compiling command(queryId=alex_20240424045809_f62815e1-04b9-48e9-93de-933d63aea476); Time taken: 0.017 seconds
2024-04-24T04:58:09,950  INFO [main] lockmgr.DbTxnManager: Setting lock request transaction to txnid:26 for queryId=alex_20240424045809_f62815e1-04b9-48e9-93de-933d63aea476
2024-04-24T04:58:09,950  INFO [main] lockmgr.DbLockManager: Requesting lock for queryId=alex_20240424045809_f62815e1-04b9-48e9-93de-933d63aea476
2024-04-24T04:58:09,966  INFO [main] lockmgr.DbLockManager: Response to queryId=alex_20240424045809_f62815e1-04b9-48e9-93de-933d63aea476 LockResponse(lockid:17, state:ACQUIRED)
2024-04-24T04:58:09,966  INFO [main] ql.Driver: Operation DROPTABLE obtained 1 locks
2024-04-24T04:58:09,967  INFO [main] ql.Driver: Executing command(queryId=alex_20240424045809_f62815e1-04b9-48e9-93de-933d63aea476): drop table if exists acidTblPart
2024-04-24T04:58:09,967  INFO [main] ql.Driver: Starting task [Stage-0:DDL] in serial mode
2024-04-24T04:58:09,967  INFO [main] HiveMetaStore.audit: ugi=alex	ip=unknown-ip-addr	cmd=get_table : tbl=hive.default.acidTblPart	
2024-04-24T04:58:09,975  INFO [main] metastore.HMSHandler: Skipping translation for processor with null
2024-04-24T04:58:09,975  INFO [main] HiveMetaStore.audit: ugi=alex	ip=unknown-ip-addr	cmd=get_table : tbl=hive.default.acidTblPart	
2024-04-24T04:58:09,983  INFO [main] metastore.HMSHandler: Skipping translation for processor with null
2024-04-24T04:58:09,983  INFO [main] HiveMetaStore.audit: ugi=alex	ip=unknown-ip-addr	cmd=drop_table : tbl=hive.default.acidTblPart	
2024-04-24T04:58:10,037  INFO [main] metadata.Hive: Dumping metastore api call timing information for : execution phase
2024-04-24T04:58:10,037  INFO [main] metadata.Hive: Total time spent in each metastore function (ms): {getTable_(GetTableRequest)=8, isCompatibleWith_(Configuration)=0, dropTable_(String, String, boolean, boolean, boolean)=62}
2024-04-24T04:58:10,037  INFO [main] ql.Driver: Completed executing command(queryId=alex_20240424045809_f62815e1-04b9-48e9-93de-933d63aea476); Time taken: 0.07 seconds
2024-04-24T04:58:10,037  INFO [main] lockmgr.DbTxnManager: Stopped heartbeat for query: alex_20240424045809_f62815e1-04b9-48e9-93de-933d63aea476
2024-04-24T04:58:10,041  INFO [main] txn.TxnHandler: Expected to move at least one record from txn_components to completed_txn_components when committing txn! txnid:26
2024-04-24T04:58:10,047  INFO [main] txn.TxnHandler: Removed transactions: ([26]) from MIN_HISTORY_LEVEL
2024-04-24T04:58:10,047  WARN [main] txn.CompactionTxnHandler: No compaction queue record found for Compaction type transaction commit. txnId:26
2024-04-24T04:58:10,048  INFO [main] ql.TxnCommandsBaseForTests: Running the query: drop table if exists acidTbl2
2024-04-24T04:58:10,048  INFO [main] ql.Driver: Compiling command(queryId=alex_20240424045810_70f472f5-5331-48a4-9bff-82731bc0c950): drop table if exists acidTbl2
2024-04-24T04:58:10,051  INFO [main] txn.TxnHandler: Added entries to MIN_HISTORY_LEVEL for current txns: ([27]) with min_open_txn: 24
2024-04-24T04:58:10,051  INFO [main] lockmgr.DbTxnManager: Opened txnid:27
2024-04-24T04:58:10,052  INFO [main] ql.Driver: Semantic Analysis Completed (retrial = false)
2024-04-24T04:58:10,052  INFO [main] ql.Driver: Created Hive schema: Schema(fieldSchemas:null, properties:null)
2024-04-24T04:58:10,052  INFO [main] metadata.Hive: Dumping metastore api call timing information for : compilation phase
2024-04-24T04:58:10,052  INFO [main] metadata.Hive: Total time spent in each metastore function (ms): {commitTxn_(CommitTxnRequest)=11, getTable_(GetTableRequest)=0, openTxn_(String, TxnType)=2, flushCache_()=0, isCompatibleWith_(Configuration)=0, getValidTxns_(long)=1}
2024-04-24T04:58:10,052  INFO [main] ql.Driver: Completed compiling command(queryId=alex_20240424045810_70f472f5-5331-48a4-9bff-82731bc0c950); Time taken: 0.004 seconds
2024-04-24T04:58:10,053  INFO [main] lockmgr.DbTxnManager: Setting lock request transaction to txnid:27 for queryId=alex_20240424045810_70f472f5-5331-48a4-9bff-82731bc0c950
2024-04-24T04:58:10,053  INFO [main] ql.Driver: Operation DROPTABLE obtained 0 locks
2024-04-24T04:58:10,053  INFO [main] ql.Driver: Executing command(queryId=alex_20240424045810_70f472f5-5331-48a4-9bff-82731bc0c950): drop table if exists acidTbl2
2024-04-24T04:58:10,053  INFO [main] ql.Driver: Starting task [Stage-0:DDL] in serial mode
2024-04-24T04:58:10,053  INFO [main] metadata.SessionHiveMetaStoreClient: Column stats doesn't exist for db=default temp table=acidTbl2
2024-04-24T04:58:10,054  INFO [main] metadata.Hive: Dumping metastore api call timing information for : execution phase
2024-04-24T04:58:10,054  INFO [main] metadata.Hive: Total time spent in each metastore function (ms): {getTable_(GetTableRequest)=0, isCompatibleWith_(Configuration)=0, dropTable_(String, String, boolean, boolean, boolean)=1}
2024-04-24T04:58:10,054  INFO [main] ql.Driver: Completed executing command(queryId=alex_20240424045810_70f472f5-5331-48a4-9bff-82731bc0c950); Time taken: 0.001 seconds
2024-04-24T04:58:10,054  INFO [main] lockmgr.DbTxnManager: Stopped heartbeat for query: alex_20240424045810_70f472f5-5331-48a4-9bff-82731bc0c950
2024-04-24T04:58:10,059  INFO [main] txn.TxnHandler: Expected to move at least one record from txn_components to completed_txn_components when committing txn! txnid:27
2024-04-24T04:58:10,064  INFO [main] txn.TxnHandler: Removed transactions: ([27]) from MIN_HISTORY_LEVEL
2024-04-24T04:58:10,064  WARN [main] txn.CompactionTxnHandler: No compaction queue record found for Compaction type transaction commit. txnId:27
2024-04-24T04:58:10,065  INFO [main] ql.TxnCommandsBaseForTests: Running the query: drop table if exists nonAcidOrcTbl
2024-04-24T04:58:10,065  INFO [main] ql.Driver: Compiling command(queryId=alex_20240424045810_da97b180-1fa4-4d26-9c69-2083db3383b9): drop table if exists nonAcidOrcTbl
2024-04-24T04:58:10,067  INFO [main] txn.TxnHandler: Added entries to MIN_HISTORY_LEVEL for current txns: ([28]) with min_open_txn: 24
2024-04-24T04:58:10,067  INFO [main] lockmgr.DbTxnManager: Opened txnid:28
2024-04-24T04:58:10,068  INFO [main] HiveMetaStore.audit: ugi=alex	ip=unknown-ip-addr	cmd=get_table : tbl=hive.default.nonAcidOrcTbl	
2024-04-24T04:58:10,089  INFO [main] metastore.HMSHandler: Skipping translation for processor with null
2024-04-24T04:58:10,089  INFO [main] ql.Driver: Semantic Analysis Completed (retrial = false)
2024-04-24T04:58:10,089  INFO [main] ql.Driver: Created Hive schema: Schema(fieldSchemas:null, properties:null)
2024-04-24T04:58:10,089  INFO [main] metadata.Hive: Dumping metastore api call timing information for : compilation phase
2024-04-24T04:58:10,089  INFO [main] metadata.Hive: Total time spent in each metastore function (ms): {openTxn_(String, TxnType)=2, getTable_(GetTableRequest)=21, getValidTxns_(long)=0, flushCache_()=0, isCompatibleWith_(Configuration)=0, commitTxn_(CommitTxnRequest)=10}
2024-04-24T04:58:10,090  INFO [main] ql.Driver: Completed compiling command(queryId=alex_20240424045810_da97b180-1fa4-4d26-9c69-2083db3383b9); Time taken: 0.024 seconds
2024-04-24T04:58:10,090  INFO [main] lockmgr.DbTxnManager: Setting lock request transaction to txnid:28 for queryId=alex_20240424045810_da97b180-1fa4-4d26-9c69-2083db3383b9
2024-04-24T04:58:10,090  INFO [main] lockmgr.DbLockManager: Requesting lock for queryId=alex_20240424045810_da97b180-1fa4-4d26-9c69-2083db3383b9
2024-04-24T04:58:10,111  INFO [main] lockmgr.DbLockManager: Response to queryId=alex_20240424045810_da97b180-1fa4-4d26-9c69-2083db3383b9 LockResponse(lockid:18, state:ACQUIRED)
2024-04-24T04:58:10,111  INFO [main] ql.Driver: Operation DROPTABLE obtained 1 locks
2024-04-24T04:58:10,111  INFO [main] ql.Driver: Executing command(queryId=alex_20240424045810_da97b180-1fa4-4d26-9c69-2083db3383b9): drop table if exists nonAcidOrcTbl
2024-04-24T04:58:10,111  INFO [main] ql.Driver: Starting task [Stage-0:DDL] in serial mode
2024-04-24T04:58:10,111  INFO [main] HiveMetaStore.audit: ugi=alex	ip=unknown-ip-addr	cmd=get_table : tbl=hive.default.nonAcidOrcTbl	
2024-04-24T04:58:10,121  INFO [main] metastore.HMSHandler: Skipping translation for processor with null
2024-04-24T04:58:10,121  INFO [main] HiveMetaStore.audit: ugi=alex	ip=unknown-ip-addr	cmd=get_table : tbl=hive.default.nonAcidOrcTbl	
2024-04-24T04:58:10,132  INFO [main] metastore.HMSHandler: Skipping translation for processor with null
2024-04-24T04:58:10,132  INFO [main] HiveMetaStore.audit: ugi=alex	ip=unknown-ip-addr	cmd=drop_table : tbl=hive.default.nonAcidOrcTbl	
2024-04-24T04:58:10,201  INFO [main] metadata.Hive: Dumping metastore api call timing information for : execution phase
2024-04-24T04:58:10,202  INFO [main] metadata.Hive: Total time spent in each metastore function (ms): {isCompatibleWith_(Configuration)=0, dropTable_(String, String, boolean, boolean, boolean)=80, getTable_(GetTableRequest)=10}
2024-04-24T04:58:10,202  INFO [main] ql.Driver: Completed executing command(queryId=alex_20240424045810_da97b180-1fa4-4d26-9c69-2083db3383b9); Time taken: 0.09 seconds
2024-04-24T04:58:10,202  INFO [main] lockmgr.DbTxnManager: Stopped heartbeat for query: alex_20240424045810_da97b180-1fa4-4d26-9c69-2083db3383b9
2024-04-24T04:58:10,206  INFO [main] txn.TxnHandler: Expected to move at least one record from txn_components to completed_txn_components when committing txn! txnid:28
2024-04-24T04:58:10,212  INFO [main] txn.TxnHandler: Removed transactions: ([28]) from MIN_HISTORY_LEVEL
2024-04-24T04:58:10,213  WARN [main] txn.CompactionTxnHandler: No compaction queue record found for Compaction type transaction commit. txnId:28
2024-04-24T04:58:10,213  INFO [main] ql.TxnCommandsBaseForTests: Running the query: drop table if exists nonAcidOrcTbl2
2024-04-24T04:58:10,214  INFO [main] ql.Driver: Compiling command(queryId=alex_20240424045810_36e8cde6-8cf8-43b8-8b57-8a31e857e08a): drop table if exists nonAcidOrcTbl2
2024-04-24T04:58:10,217  INFO [main] txn.TxnHandler: Added entries to MIN_HISTORY_LEVEL for current txns: ([29]) with min_open_txn: 24
2024-04-24T04:58:10,217  INFO [main] lockmgr.DbTxnManager: Opened txnid:29
2024-04-24T04:58:10,218  INFO [main] HiveMetaStore.audit: ugi=alex	ip=unknown-ip-addr	cmd=get_table : tbl=hive.default.nonAcidOrcTbl2	
2024-04-24T04:58:10,229  INFO [main] metastore.HMSHandler: Skipping translation for processor with null
2024-04-24T04:58:10,229  INFO [main] ql.Driver: Semantic Analysis Completed (retrial = false)
2024-04-24T04:58:10,229  INFO [main] ql.Driver: Created Hive schema: Schema(fieldSchemas:null, properties:null)
2024-04-24T04:58:10,229  INFO [main] metadata.Hive: Dumping metastore api call timing information for : compilation phase
2024-04-24T04:58:10,229  INFO [main] metadata.Hive: Total time spent in each metastore function (ms): {commitTxn_(CommitTxnRequest)=11, flushCache_()=0, getValidTxns_(long)=1, openTxn_(String, TxnType)=3, isCompatibleWith_(Configuration)=0, getTable_(GetTableRequest)=11}
2024-04-24T04:58:10,230  INFO [main] ql.Driver: Completed compiling command(queryId=alex_20240424045810_36e8cde6-8cf8-43b8-8b57-8a31e857e08a); Time taken: 0.015 seconds
2024-04-24T04:58:10,230  INFO [main] lockmgr.DbTxnManager: Setting lock request transaction to txnid:29 for queryId=alex_20240424045810_36e8cde6-8cf8-43b8-8b57-8a31e857e08a
2024-04-24T04:58:10,230  INFO [main] lockmgr.DbLockManager: Requesting lock for queryId=alex_20240424045810_36e8cde6-8cf8-43b8-8b57-8a31e857e08a
2024-04-24T04:58:10,247  INFO [main] lockmgr.DbLockManager: Response to queryId=alex_20240424045810_36e8cde6-8cf8-43b8-8b57-8a31e857e08a LockResponse(lockid:19, state:ACQUIRED)
2024-04-24T04:58:10,247  INFO [main] ql.Driver: Operation DROPTABLE obtained 1 locks
2024-04-24T04:58:10,247  INFO [main] ql.Driver: Executing command(queryId=alex_20240424045810_36e8cde6-8cf8-43b8-8b57-8a31e857e08a): drop table if exists nonAcidOrcTbl2
2024-04-24T04:58:10,247  INFO [main] ql.Driver: Starting task [Stage-0:DDL] in serial mode
2024-04-24T04:58:10,247  INFO [main] HiveMetaStore.audit: ugi=alex	ip=unknown-ip-addr	cmd=get_table : tbl=hive.default.nonAcidOrcTbl2	
2024-04-24T04:58:10,260  INFO [main] metastore.HMSHandler: Skipping translation for processor with null
2024-04-24T04:58:10,260  INFO [main] HiveMetaStore.audit: ugi=alex	ip=unknown-ip-addr	cmd=get_table : tbl=hive.default.nonAcidOrcTbl2	
2024-04-24T04:58:10,270  INFO [main] metastore.HMSHandler: Skipping translation for processor with null
2024-04-24T04:58:10,270  INFO [main] HiveMetaStore.audit: ugi=alex	ip=unknown-ip-addr	cmd=drop_table : tbl=hive.default.nonAcidOrcTbl2	
2024-04-24T04:58:10,310  INFO [main] metadata.Hive: Dumping metastore api call timing information for : execution phase
2024-04-24T04:58:10,310  INFO [main] metadata.Hive: Total time spent in each metastore function (ms): {isCompatibleWith_(Configuration)=0, getTable_(GetTableRequest)=13, dropTable_(String, String, boolean, boolean, boolean)=50}
2024-04-24T04:58:10,311  INFO [main] ql.Driver: Completed executing command(queryId=alex_20240424045810_36e8cde6-8cf8-43b8-8b57-8a31e857e08a); Time taken: 0.063 seconds
2024-04-24T04:58:10,311  INFO [main] lockmgr.DbTxnManager: Stopped heartbeat for query: alex_20240424045810_36e8cde6-8cf8-43b8-8b57-8a31e857e08a
2024-04-24T04:58:10,314  INFO [main] txn.TxnHandler: Expected to move at least one record from txn_components to completed_txn_components when committing txn! txnid:29
2024-04-24T04:58:10,322  INFO [main] txn.TxnHandler: Removed transactions: ([29]) from MIN_HISTORY_LEVEL
2024-04-24T04:58:10,322  WARN [main] txn.CompactionTxnHandler: No compaction queue record found for Compaction type transaction commit. txnId:29
2024-04-24T04:58:10,323  INFO [main] ql.TxnCommandsBaseForTests: Running the query: drop table if exists nonAcidNonBucket
2024-04-24T04:58:10,324  INFO [main] ql.Driver: Compiling command(queryId=alex_20240424045810_ff722487-206f-44e3-a294-e8237041a2b8): drop table if exists nonAcidNonBucket
2024-04-24T04:58:10,327  INFO [main] txn.TxnHandler: Added entries to MIN_HISTORY_LEVEL for current txns: ([30]) with min_open_txn: 24
2024-04-24T04:58:10,327  INFO [main] lockmgr.DbTxnManager: Opened txnid:30
2024-04-24T04:58:10,328  INFO [main] HiveMetaStore.audit: ugi=alex	ip=unknown-ip-addr	cmd=get_table : tbl=hive.default.nonAcidNonBucket	
2024-04-24T04:58:10,343  INFO [main] metastore.HMSHandler: Skipping translation for processor with null
2024-04-24T04:58:10,343  INFO [main] ql.Driver: Semantic Analysis Completed (retrial = false)
2024-04-24T04:58:10,343  INFO [main] ql.Driver: Created Hive schema: Schema(fieldSchemas:null, properties:null)
2024-04-24T04:58:10,343  INFO [main] metadata.Hive: Dumping metastore api call timing information for : compilation phase
2024-04-24T04:58:10,344  INFO [main] metadata.Hive: Total time spent in each metastore function (ms): {flushCache_()=0, commitTxn_(CommitTxnRequest)=12, getValidTxns_(long)=1, isCompatibleWith_(Configuration)=0, getTable_(GetTableRequest)=15, openTxn_(String, TxnType)=2}
2024-04-24T04:58:10,344  INFO [main] ql.Driver: Completed compiling command(queryId=alex_20240424045810_ff722487-206f-44e3-a294-e8237041a2b8); Time taken: 0.019 seconds
2024-04-24T04:58:10,344  INFO [main] lockmgr.DbTxnManager: Setting lock request transaction to txnid:30 for queryId=alex_20240424045810_ff722487-206f-44e3-a294-e8237041a2b8
2024-04-24T04:58:10,345  INFO [main] lockmgr.DbLockManager: Requesting lock for queryId=alex_20240424045810_ff722487-206f-44e3-a294-e8237041a2b8
2024-04-24T04:58:10,369  INFO [main] lockmgr.DbLockManager: Response to queryId=alex_20240424045810_ff722487-206f-44e3-a294-e8237041a2b8 LockResponse(lockid:20, state:ACQUIRED)
2024-04-24T04:58:10,369  INFO [main] ql.Driver: Operation DROPTABLE obtained 1 locks
2024-04-24T04:58:10,369  INFO [main] ql.Driver: Executing command(queryId=alex_20240424045810_ff722487-206f-44e3-a294-e8237041a2b8): drop table if exists nonAcidNonBucket
2024-04-24T04:58:10,369  INFO [main] ql.Driver: Starting task [Stage-0:DDL] in serial mode
2024-04-24T04:58:10,369  INFO [main] HiveMetaStore.audit: ugi=alex	ip=unknown-ip-addr	cmd=get_table : tbl=hive.default.nonAcidNonBucket	
2024-04-24T04:58:10,381  INFO [main] metastore.HMSHandler: Skipping translation for processor with null
2024-04-24T04:58:10,381  INFO [main] HiveMetaStore.audit: ugi=alex	ip=unknown-ip-addr	cmd=get_table : tbl=hive.default.nonAcidNonBucket	
2024-04-24T04:58:10,390  INFO [main] metastore.HMSHandler: Skipping translation for processor with null
2024-04-24T04:58:10,390  INFO [main] HiveMetaStore.audit: ugi=alex	ip=unknown-ip-addr	cmd=drop_table : tbl=hive.default.nonAcidNonBucket	
2024-04-24T04:58:10,422  INFO [main] metadata.Hive: Dumping metastore api call timing information for : execution phase
2024-04-24T04:58:10,422  INFO [main] metadata.Hive: Total time spent in each metastore function (ms): {dropTable_(String, String, boolean, boolean, boolean)=41, getTable_(GetTableRequest)=12, isCompatibleWith_(Configuration)=0}
2024-04-24T04:58:10,422  INFO [main] ql.Driver: Completed executing command(queryId=alex_20240424045810_ff722487-206f-44e3-a294-e8237041a2b8); Time taken: 0.053 seconds
2024-04-24T04:58:10,423  INFO [main] lockmgr.DbTxnManager: Stopped heartbeat for query: alex_20240424045810_ff722487-206f-44e3-a294-e8237041a2b8
2024-04-24T04:58:10,427  INFO [main] txn.TxnHandler: Expected to move at least one record from txn_components to completed_txn_components when committing txn! txnid:30
2024-04-24T04:58:10,432  INFO [main] txn.TxnHandler: Removed transactions: ([30]) from MIN_HISTORY_LEVEL
2024-04-24T04:58:10,432  WARN [main] txn.CompactionTxnHandler: No compaction queue record found for Compaction type transaction commit. txnId:30
2024-04-24T04:58:10,433  INFO [main] utils.TestTxnDbUtil: Cleaning transactional tables
]]></system-err>
  </testcase>
  <testcase name="testEmptyCompactionResult" classname="org.apache.hadoop.hive.ql.TestTxnNoBucketsVectorized" time="20.312"/>
  <testcase name="testToAcidConversion02" classname="org.apache.hadoop.hive.ql.TestTxnNoBucketsVectorized" time="9.461">
    <error type="java.lang.RuntimeException"><![CDATA[java.lang.RuntimeException: update nonAcidNonBucket set b = 120 where a = 0 and b = 12 failed: (responseCode = 40000, errorMessage = FAILED: NoMatchingMethodException No matching method for class org.apache.hadoop.hive.ql.udf.UDFToInteger with (struct<writeid:bigint,bucketid:int,rowid:bigint>). Possible choices: _FUNC_(bigint)  _FUNC_(boolean)  _FUNC_(decimal(38,18))  _FUNC_(double)  _FUNC_(float)  _FUNC_(smallint)  _FUNC_(string)  _FUNC_(struct<bucketid:bigint,rowid:bigint,writeid:int>)  _FUNC_(timestamp)  _FUNC_(tinyint)  _FUNC_(void)  , hiveErrorCode = 40000, SQLState = 42000, exception = No matching method for class org.apache.hadoop.hive.ql.udf.UDFToInteger with (struct<writeid:bigint,bucketid:int,rowid:bigint>). Possible choices: _FUNC_(bigint)  _FUNC_(boolean)  _FUNC_(decimal(38,18))  _FUNC_(double)  _FUNC_(float)  _FUNC_(smallint)  _FUNC_(string)  _FUNC_(struct<bucketid:bigint,rowid:bigint,writeid:int>)  _FUNC_(timestamp)  _FUNC_(tinyint)  _FUNC_(void)  )
	at org.apache.hadoop.hive.ql.TxnCommandsBaseForTests.runStatementOnDriver(TxnCommandsBaseForTests.java:247)
	at org.apache.hadoop.hive.ql.TestTxnNoBuckets.testToAcidConversion02(TestTxnNoBuckets.java:553)
	at sun.reflect.NativeMethodAccessorImpl.invoke0(Native Method)
	at sun.reflect.NativeMethodAccessorImpl.invoke(NativeMethodAccessorImpl.java:62)
	at sun.reflect.DelegatingMethodAccessorImpl.invoke(DelegatingMethodAccessorImpl.java:43)
	at java.lang.reflect.Method.invoke(Method.java:498)
	at org.junit.runners.model.FrameworkMethod$1.runReflectiveCall(FrameworkMethod.java:59)
	at org.junit.internal.runners.model.ReflectiveCallable.run(ReflectiveCallable.java:12)
	at org.junit.runners.model.FrameworkMethod.invokeExplosively(FrameworkMethod.java:56)
	at org.junit.internal.runners.statements.InvokeMethod.evaluate(InvokeMethod.java:17)
	at org.junit.internal.runners.statements.RunBefores.evaluate(RunBefores.java:26)
	at org.junit.internal.runners.statements.RunAfters.evaluate(RunAfters.java:27)
	at org.junit.rules.TestWatcher$1.evaluate(TestWatcher.java:61)
	at org.junit.runners.ParentRunner$3.evaluate(ParentRunner.java:306)
	at org.junit.runners.BlockJUnit4ClassRunner$1.evaluate(BlockJUnit4ClassRunner.java:100)
	at org.junit.runners.ParentRunner.runLeaf(ParentRunner.java:366)
	at org.junit.runners.BlockJUnit4ClassRunner.runChild(BlockJUnit4ClassRunner.java:103)
	at org.junit.runners.BlockJUnit4ClassRunner.runChild(BlockJUnit4ClassRunner.java:63)
	at org.junit.runners.ParentRunner$4.run(ParentRunner.java:331)
	at org.junit.runners.ParentRunner$1.schedule(ParentRunner.java:79)
	at org.junit.runners.ParentRunner.runChildren(ParentRunner.java:329)
	at org.junit.runners.ParentRunner.access$100(ParentRunner.java:66)
	at org.junit.runners.ParentRunner$2.evaluate(ParentRunner.java:293)
	at org.junit.runners.ParentRunner$3.evaluate(ParentRunner.java:306)
	at org.junit.runners.ParentRunner.run(ParentRunner.java:413)
	at org.junit.runner.JUnitCore.run(JUnitCore.java:137)
	at org.junit.runner.JUnitCore.run(JUnitCore.java:115)
	at org.junit.vintage.engine.execution.RunnerExecutor.execute(RunnerExecutor.java:43)
	at java.util.stream.ForEachOps$ForEachOp$OfRef.accept(ForEachOps.java:183)
	at java.util.stream.ReferencePipeline$3$1.accept(ReferencePipeline.java:193)
	at java.util.Iterator.forEachRemaining(Iterator.java:116)
	at java.util.Spliterators$IteratorSpliterator.forEachRemaining(Spliterators.java:1801)
	at java.util.stream.AbstractPipeline.copyInto(AbstractPipeline.java:482)
	at java.util.stream.AbstractPipeline.wrapAndCopyInto(AbstractPipeline.java:472)
	at java.util.stream.ForEachOps$ForEachOp.evaluateSequential(ForEachOps.java:150)
	at java.util.stream.ForEachOps$ForEachOp$OfRef.evaluateSequential(ForEachOps.java:173)
	at java.util.stream.AbstractPipeline.evaluate(AbstractPipeline.java:234)
	at java.util.stream.ReferencePipeline.forEach(ReferencePipeline.java:485)
	at org.junit.vintage.engine.VintageTestEngine.executeAllChildren(VintageTestEngine.java:82)
	at org.junit.vintage.engine.VintageTestEngine.execute(VintageTestEngine.java:73)
	at org.junit.platform.launcher.core.DefaultLauncher.execute(DefaultLauncher.java:248)
	at org.junit.platform.launcher.core.DefaultLauncher.lambda$execute$5(DefaultLauncher.java:211)
	at org.junit.platform.launcher.core.DefaultLauncher.withInterceptedStreams(DefaultLauncher.java:226)
	at org.junit.platform.launcher.core.DefaultLauncher.execute(DefaultLauncher.java:199)
	at org.junit.platform.launcher.core.DefaultLauncher.execute(DefaultLauncher.java:132)
	at org.apache.maven.surefire.junitplatform.JUnitPlatformProvider.invokeAllTests(JUnitPlatformProvider.java:154)
	at org.apache.maven.surefire.junitplatform.JUnitPlatformProvider.invoke(JUnitPlatformProvider.java:123)
	at org.apache.maven.surefire.booter.ForkedBooter.runSuitesInProcess(ForkedBooter.java:377)
	at org.apache.maven.surefire.booter.ForkedBooter.execute(ForkedBooter.java:138)
	at org.apache.maven.surefire.booter.ForkedBooter.run(ForkedBooter.java:465)
	at org.apache.maven.surefire.booter.ForkedBooter.main(ForkedBooter.java:451)
]]></error>
    <system-err><![CDATA[2024-04-24T04:58:30,816  WARN [main] conf.HiveConf: HiveConf of name hive.llap.io.cache.orc.alloc.min does not exist
2024-04-24T04:58:30,816  WARN [main] conf.HiveConf: HiveConf of name hive.dummyparam.test.server.specific.config.metastoresite does not exist
2024-04-24T04:58:30,816  WARN [main] conf.HiveConf: HiveConf of name hive.metastore.client.cache.maxSize does not exist
2024-04-24T04:58:30,816  WARN [main] conf.HiveConf: HiveConf of name hive.stats.key.prefix.reserve.length does not exist
2024-04-24T04:58:30,816  WARN [main] conf.HiveConf: HiveConf of name hive.metastore.metadb.dir does not exist
2024-04-24T04:58:30,816  WARN [main] conf.HiveConf: HiveConf of name hive.llap.io.cache.orc.alloc.max does not exist
2024-04-24T04:58:30,816  WARN [main] conf.HiveConf: HiveConf of name hive.dummyparam.test.server.specific.config.override does not exist
2024-04-24T04:58:30,816  WARN [main] conf.HiveConf: HiveConf of name hive.llap.io.cache.orc.arena.size does not exist
2024-04-24T04:58:30,816  WARN [main] conf.HiveConf: HiveConf of name hive.llap.io.cache.orc.size does not exist
2024-04-24T04:58:30,816  WARN [main] conf.HiveConf: HiveConf of name hive.metastore.client.cache.recordStats does not exist
2024-04-24T04:58:30,816  WARN [main] conf.HiveConf: HiveConf of name hive.dummyparam.test.server.specific.config.hivesite does not exist
2024-04-24T04:58:30,819  INFO [main] utils.TestTxnDbUtil: Creating transactional tables
Hive Session ID = 8c7e0359-82c4-43a8-8075-830caed3c040
2024-04-24T04:58:30,821  INFO [main] SessionState: Hive Session ID = 8c7e0359-82c4-43a8-8075-830caed3c040
ivysettings.xml file not found in HIVE_HOME or HIVE_CONF_DIR,/home/alex/Repositories/hive/conf/ivysettings.xml will be used
2024-04-24T04:58:30,821  INFO [main] DependencyResolver: ivysettings.xml file not found in HIVE_HOME or HIVE_CONF_DIR,/home/alex/Repositories/hive/conf/ivysettings.xml will be used
2024-04-24T04:58:30,827  INFO [main] session.SessionState: Created HDFS directory: /home/alex/Repositories/hive/ql/target/tmp/scratchdir/alex/8c7e0359-82c4-43a8-8075-830caed3c040
2024-04-24T04:58:30,829  INFO [main] session.SessionState: Created local directory: /home/alex/Repositories/hive/ql/target/tmp/localscratchdir/8c7e0359-82c4-43a8-8075-830caed3c040
2024-04-24T04:58:30,831  INFO [main] session.SessionState: Created HDFS directory: /home/alex/Repositories/hive/ql/target/tmp/scratchdir/alex/8c7e0359-82c4-43a8-8075-830caed3c040/_tmp_space.db
2024-04-24T04:58:30,832  INFO [main] sqlstd.SQLStdHiveAccessController: Created SQLStdHiveAccessController for session context : HiveAuthzSessionContext [sessionString=8c7e0359-82c4-43a8-8075-830caed3c040, clientType=HIVECLI]
2024-04-24T04:58:30,832  INFO [main] ql.TxnCommandsBaseForTests: Running the query: drop table if exists acidTbl
2024-04-24T04:58:30,832  INFO [main] ql.Driver: Compiling command(queryId=alex_20240424045830_deee3db1-a7a1-4920-8a57-ea5a052cd507): drop table if exists acidTbl
2024-04-24T04:58:30,840  INFO [main] txn.TxnHandler: Added entries to MIN_HISTORY_LEVEL for current txns: ([1]) with min_open_txn: 1
2024-04-24T04:58:30,840  INFO [main] lockmgr.DbTxnManager: Opened txnid:1
2024-04-24T04:58:30,843  INFO [main] HiveMetaStore.audit: ugi=alex	ip=unknown-ip-addr	cmd=get_table : tbl=hive.default.acidTbl	
2024-04-24T04:58:30,852  INFO [main] ql.Driver: Semantic Analysis Completed (retrial = false)
2024-04-24T04:58:30,852  INFO [main] ql.Driver: Created Hive schema: Schema(fieldSchemas:null, properties:null)
2024-04-24T04:58:30,852  INFO [main] metadata.Hive: Dumping metastore api call timing information for : compilation phase
2024-04-24T04:58:30,852  INFO [main] metadata.Hive: Total time spent in each metastore function (ms): {openTxn_(String, TxnType)=7, flushCache_()=0, isCompatibleWith_(Configuration)=2, getValidTxns_(long)=2, commitTxn_(CommitTxnRequest)=11}
2024-04-24T04:58:30,853  INFO [main] ql.Driver: Completed compiling command(queryId=alex_20240424045830_deee3db1-a7a1-4920-8a57-ea5a052cd507); Time taken: 0.02 seconds
2024-04-24T04:58:30,853  INFO [main] lockmgr.DbTxnManager: Setting lock request transaction to txnid:1 for queryId=alex_20240424045830_deee3db1-a7a1-4920-8a57-ea5a052cd507
2024-04-24T04:58:30,853  INFO [main] ql.Driver: Operation DROPTABLE obtained 0 locks
2024-04-24T04:58:30,853  INFO [main] ql.Driver: Executing command(queryId=alex_20240424045830_deee3db1-a7a1-4920-8a57-ea5a052cd507): drop table if exists acidTbl
2024-04-24T04:58:30,853  INFO [main] ql.Driver: Starting task [Stage-0:DDL] in serial mode
2024-04-24T04:58:30,854  INFO [main] HiveMetaStore.audit: ugi=alex	ip=unknown-ip-addr	cmd=get_table : tbl=hive.default.acidTbl	
2024-04-24T04:58:30,857  INFO [main] metadata.Hive: Dumping metastore api call timing information for : execution phase
2024-04-24T04:58:30,857  INFO [main] metadata.Hive: Total time spent in each metastore function (ms): {isCompatibleWith_(Configuration)=1}
2024-04-24T04:58:30,857  INFO [main] ql.Driver: Completed executing command(queryId=alex_20240424045830_deee3db1-a7a1-4920-8a57-ea5a052cd507); Time taken: 0.004 seconds
2024-04-24T04:58:30,857  INFO [main] lockmgr.DbTxnManager: Stopped heartbeat for query: alex_20240424045830_deee3db1-a7a1-4920-8a57-ea5a052cd507
2024-04-24T04:58:30,863  INFO [main] txn.TxnHandler: Expected to move at least one record from txn_components to completed_txn_components when committing txn! txnid:1
2024-04-24T04:58:30,869  INFO [main] txn.TxnHandler: Removed transactions: ([1]) from MIN_HISTORY_LEVEL
2024-04-24T04:58:30,869  WARN [main] txn.CompactionTxnHandler: No compaction queue record found for Compaction type transaction commit. txnId:1
2024-04-24T04:58:30,870  INFO [main] ql.TxnCommandsBaseForTests: Running the query: drop table if exists acidTblPart
2024-04-24T04:58:30,870  INFO [main] ql.Driver: Compiling command(queryId=alex_20240424045830_8962afa3-1f0c-4701-8e42-851f2e053593): drop table if exists acidTblPart
2024-04-24T04:58:30,872  INFO [main] txn.TxnHandler: Added entries to MIN_HISTORY_LEVEL for current txns: ([2]) with min_open_txn: 1
2024-04-24T04:58:30,873  INFO [main] lockmgr.DbTxnManager: Opened txnid:2
2024-04-24T04:58:30,873  INFO [main] HiveMetaStore.audit: ugi=alex	ip=unknown-ip-addr	cmd=get_table : tbl=hive.default.acidTblPart	
2024-04-24T04:58:30,877  INFO [main] ql.Driver: Semantic Analysis Completed (retrial = false)
2024-04-24T04:58:30,877  INFO [main] ql.Driver: Created Hive schema: Schema(fieldSchemas:null, properties:null)
2024-04-24T04:58:30,877  INFO [main] metadata.Hive: Dumping metastore api call timing information for : compilation phase
2024-04-24T04:58:30,877  INFO [main] metadata.Hive: Total time spent in each metastore function (ms): {commitTxn_(CommitTxnRequest)=12, flushCache_()=0, openTxn_(String, TxnType)=2, isCompatibleWith_(Configuration)=2, getValidTxns_(long)=0}
2024-04-24T04:58:30,877  INFO [main] ql.Driver: Completed compiling command(queryId=alex_20240424045830_8962afa3-1f0c-4701-8e42-851f2e053593); Time taken: 0.007 seconds
2024-04-24T04:58:30,877  INFO [main] lockmgr.DbTxnManager: Setting lock request transaction to txnid:2 for queryId=alex_20240424045830_8962afa3-1f0c-4701-8e42-851f2e053593
2024-04-24T04:58:30,877  INFO [main] ql.Driver: Operation DROPTABLE obtained 0 locks
2024-04-24T04:58:30,877  INFO [main] ql.Driver: Executing command(queryId=alex_20240424045830_8962afa3-1f0c-4701-8e42-851f2e053593): drop table if exists acidTblPart
2024-04-24T04:58:30,878  INFO [main] ql.Driver: Starting task [Stage-0:DDL] in serial mode
2024-04-24T04:58:30,878  INFO [main] HiveMetaStore.audit: ugi=alex	ip=unknown-ip-addr	cmd=get_table : tbl=hive.default.acidTblPart	
2024-04-24T04:58:30,881  INFO [main] metadata.Hive: Dumping metastore api call timing information for : execution phase
2024-04-24T04:58:30,881  INFO [main] metadata.Hive: Total time spent in each metastore function (ms): {isCompatibleWith_(Configuration)=0}
2024-04-24T04:58:30,881  INFO [main] ql.Driver: Completed executing command(queryId=alex_20240424045830_8962afa3-1f0c-4701-8e42-851f2e053593); Time taken: 0.004 seconds
2024-04-24T04:58:30,881  INFO [main] lockmgr.DbTxnManager: Stopped heartbeat for query: alex_20240424045830_8962afa3-1f0c-4701-8e42-851f2e053593
2024-04-24T04:58:30,887  INFO [main] txn.TxnHandler: Expected to move at least one record from txn_components to completed_txn_components when committing txn! txnid:2
2024-04-24T04:58:30,893  INFO [main] txn.TxnHandler: Removed transactions: ([2]) from MIN_HISTORY_LEVEL
2024-04-24T04:58:30,894  WARN [main] txn.CompactionTxnHandler: No compaction queue record found for Compaction type transaction commit. txnId:2
2024-04-24T04:58:30,894  INFO [main] ql.TxnCommandsBaseForTests: Running the query: drop table if exists acidTbl2
2024-04-24T04:58:30,895  INFO [main] ql.Driver: Compiling command(queryId=alex_20240424045830_f04eba31-0fc0-4b02-8d88-4ac7464a440b): drop table if exists acidTbl2
2024-04-24T04:58:30,897  INFO [main] txn.TxnHandler: Added entries to MIN_HISTORY_LEVEL for current txns: ([3]) with min_open_txn: 1
2024-04-24T04:58:30,897  INFO [main] lockmgr.DbTxnManager: Opened txnid:3
2024-04-24T04:58:30,898  INFO [main] HiveMetaStore.audit: ugi=alex	ip=unknown-ip-addr	cmd=get_table : tbl=hive.default.acidTbl2	
2024-04-24T04:58:30,901  INFO [main] ql.Driver: Semantic Analysis Completed (retrial = false)
2024-04-24T04:58:30,901  INFO [main] ql.Driver: Created Hive schema: Schema(fieldSchemas:null, properties:null)
2024-04-24T04:58:30,901  INFO [main] metadata.Hive: Dumping metastore api call timing information for : compilation phase
2024-04-24T04:58:30,901  INFO [main] metadata.Hive: Total time spent in each metastore function (ms): {getValidTxns_(long)=1, flushCache_()=0, isCompatibleWith_(Configuration)=1, commitTxn_(CommitTxnRequest)=12, openTxn_(String, TxnType)=2}
2024-04-24T04:58:30,901  INFO [main] ql.Driver: Completed compiling command(queryId=alex_20240424045830_f04eba31-0fc0-4b02-8d88-4ac7464a440b); Time taken: 0.007 seconds
2024-04-24T04:58:30,902  INFO [main] lockmgr.DbTxnManager: Setting lock request transaction to txnid:3 for queryId=alex_20240424045830_f04eba31-0fc0-4b02-8d88-4ac7464a440b
2024-04-24T04:58:30,902  INFO [main] ql.Driver: Operation DROPTABLE obtained 0 locks
2024-04-24T04:58:30,902  INFO [main] ql.Driver: Executing command(queryId=alex_20240424045830_f04eba31-0fc0-4b02-8d88-4ac7464a440b): drop table if exists acidTbl2
2024-04-24T04:58:30,902  INFO [main] ql.Driver: Starting task [Stage-0:DDL] in serial mode
2024-04-24T04:58:30,902  INFO [main] HiveMetaStore.audit: ugi=alex	ip=unknown-ip-addr	cmd=get_table : tbl=hive.default.acidTbl2	
2024-04-24T04:58:30,905  INFO [main] metadata.Hive: Dumping metastore api call timing information for : execution phase
2024-04-24T04:58:30,905  INFO [main] metadata.Hive: Total time spent in each metastore function (ms): {isCompatibleWith_(Configuration)=0}
2024-04-24T04:58:30,905  INFO [main] ql.Driver: Completed executing command(queryId=alex_20240424045830_f04eba31-0fc0-4b02-8d88-4ac7464a440b); Time taken: 0.003 seconds
2024-04-24T04:58:30,906  INFO [main] lockmgr.DbTxnManager: Stopped heartbeat for query: alex_20240424045830_f04eba31-0fc0-4b02-8d88-4ac7464a440b
2024-04-24T04:58:30,912  INFO [main] txn.TxnHandler: Expected to move at least one record from txn_components to completed_txn_components when committing txn! txnid:3
2024-04-24T04:58:30,918  INFO [main] txn.TxnHandler: Removed transactions: ([3]) from MIN_HISTORY_LEVEL
2024-04-24T04:58:30,918  WARN [main] txn.CompactionTxnHandler: No compaction queue record found for Compaction type transaction commit. txnId:3
2024-04-24T04:58:30,919  INFO [main] ql.TxnCommandsBaseForTests: Running the query: drop table if exists nonAcidOrcTbl
2024-04-24T04:58:30,919  INFO [main] ql.Driver: Compiling command(queryId=alex_20240424045830_ddab3376-4aaa-4772-84c6-855113cfb204): drop table if exists nonAcidOrcTbl
2024-04-24T04:58:30,921  INFO [main] txn.TxnHandler: Added entries to MIN_HISTORY_LEVEL for current txns: ([4]) with min_open_txn: 1
2024-04-24T04:58:30,922  INFO [main] lockmgr.DbTxnManager: Opened txnid:4
2024-04-24T04:58:30,922  INFO [main] HiveMetaStore.audit: ugi=alex	ip=unknown-ip-addr	cmd=get_table : tbl=hive.default.nonAcidOrcTbl	
2024-04-24T04:58:30,925  INFO [main] ql.Driver: Semantic Analysis Completed (retrial = false)
2024-04-24T04:58:30,925  INFO [main] ql.Driver: Created Hive schema: Schema(fieldSchemas:null, properties:null)
2024-04-24T04:58:30,925  INFO [main] metadata.Hive: Dumping metastore api call timing information for : compilation phase
2024-04-24T04:58:30,925  INFO [main] metadata.Hive: Total time spent in each metastore function (ms): {openTxn_(String, TxnType)=2, flushCache_()=0, isCompatibleWith_(Configuration)=1, commitTxn_(CommitTxnRequest)=13, getValidTxns_(long)=0}
2024-04-24T04:58:30,926  INFO [main] ql.Driver: Completed compiling command(queryId=alex_20240424045830_ddab3376-4aaa-4772-84c6-855113cfb204); Time taken: 0.006 seconds
2024-04-24T04:58:30,926  INFO [main] lockmgr.DbTxnManager: Setting lock request transaction to txnid:4 for queryId=alex_20240424045830_ddab3376-4aaa-4772-84c6-855113cfb204
2024-04-24T04:58:30,926  INFO [main] ql.Driver: Operation DROPTABLE obtained 0 locks
2024-04-24T04:58:30,926  INFO [main] ql.Driver: Executing command(queryId=alex_20240424045830_ddab3376-4aaa-4772-84c6-855113cfb204): drop table if exists nonAcidOrcTbl
2024-04-24T04:58:30,926  INFO [main] ql.Driver: Starting task [Stage-0:DDL] in serial mode
2024-04-24T04:58:30,926  INFO [main] HiveMetaStore.audit: ugi=alex	ip=unknown-ip-addr	cmd=get_table : tbl=hive.default.nonAcidOrcTbl	
2024-04-24T04:58:30,929  INFO [main] metadata.Hive: Dumping metastore api call timing information for : execution phase
2024-04-24T04:58:30,930  INFO [main] metadata.Hive: Total time spent in each metastore function (ms): {isCompatibleWith_(Configuration)=0}
2024-04-24T04:58:30,930  INFO [main] ql.Driver: Completed executing command(queryId=alex_20240424045830_ddab3376-4aaa-4772-84c6-855113cfb204); Time taken: 0.003 seconds
2024-04-24T04:58:30,930  INFO [main] lockmgr.DbTxnManager: Stopped heartbeat for query: alex_20240424045830_ddab3376-4aaa-4772-84c6-855113cfb204
2024-04-24T04:58:30,935  INFO [main] txn.TxnHandler: Expected to move at least one record from txn_components to completed_txn_components when committing txn! txnid:4
2024-04-24T04:58:30,942  INFO [main] txn.TxnHandler: Removed transactions: ([4]) from MIN_HISTORY_LEVEL
2024-04-24T04:58:30,942  WARN [main] txn.CompactionTxnHandler: No compaction queue record found for Compaction type transaction commit. txnId:4
2024-04-24T04:58:30,943  INFO [main] ql.TxnCommandsBaseForTests: Running the query: drop table if exists nonAcidOrcTbl2
2024-04-24T04:58:30,943  INFO [main] ql.Driver: Compiling command(queryId=alex_20240424045830_b21fce36-26ec-4a60-889a-0b84e56bf89f): drop table if exists nonAcidOrcTbl2
2024-04-24T04:58:30,945  INFO [main] txn.TxnHandler: Added entries to MIN_HISTORY_LEVEL for current txns: ([5]) with min_open_txn: 1
2024-04-24T04:58:30,945  INFO [main] lockmgr.DbTxnManager: Opened txnid:5
2024-04-24T04:58:30,946  INFO [main] HiveMetaStore.audit: ugi=alex	ip=unknown-ip-addr	cmd=get_table : tbl=hive.default.nonAcidOrcTbl2	
2024-04-24T04:58:30,949  INFO [main] ql.Driver: Semantic Analysis Completed (retrial = false)
2024-04-24T04:58:30,949  INFO [main] ql.Driver: Created Hive schema: Schema(fieldSchemas:null, properties:null)
2024-04-24T04:58:30,949  INFO [main] metadata.Hive: Dumping metastore api call timing information for : compilation phase
2024-04-24T04:58:30,949  INFO [main] metadata.Hive: Total time spent in each metastore function (ms): {commitTxn_(CommitTxnRequest)=12, isCompatibleWith_(Configuration)=0, flushCache_()=0, getValidTxns_(long)=1, openTxn_(String, TxnType)=2}
2024-04-24T04:58:30,949  INFO [main] ql.Driver: Completed compiling command(queryId=alex_20240424045830_b21fce36-26ec-4a60-889a-0b84e56bf89f); Time taken: 0.006 seconds
2024-04-24T04:58:30,949  INFO [main] lockmgr.DbTxnManager: Setting lock request transaction to txnid:5 for queryId=alex_20240424045830_b21fce36-26ec-4a60-889a-0b84e56bf89f
2024-04-24T04:58:30,949  INFO [main] ql.Driver: Operation DROPTABLE obtained 0 locks
2024-04-24T04:58:30,950  INFO [main] ql.Driver: Executing command(queryId=alex_20240424045830_b21fce36-26ec-4a60-889a-0b84e56bf89f): drop table if exists nonAcidOrcTbl2
2024-04-24T04:58:30,950  INFO [main] ql.Driver: Starting task [Stage-0:DDL] in serial mode
2024-04-24T04:58:30,950  INFO [main] HiveMetaStore.audit: ugi=alex	ip=unknown-ip-addr	cmd=get_table : tbl=hive.default.nonAcidOrcTbl2	
2024-04-24T04:58:30,953  INFO [main] metadata.Hive: Dumping metastore api call timing information for : execution phase
2024-04-24T04:58:30,953  INFO [main] metadata.Hive: Total time spent in each metastore function (ms): {isCompatibleWith_(Configuration)=0}
2024-04-24T04:58:30,953  INFO [main] ql.Driver: Completed executing command(queryId=alex_20240424045830_b21fce36-26ec-4a60-889a-0b84e56bf89f); Time taken: 0.003 seconds
2024-04-24T04:58:30,953  INFO [main] lockmgr.DbTxnManager: Stopped heartbeat for query: alex_20240424045830_b21fce36-26ec-4a60-889a-0b84e56bf89f
2024-04-24T04:58:30,958  INFO [main] txn.TxnHandler: Expected to move at least one record from txn_components to completed_txn_components when committing txn! txnid:5
2024-04-24T04:58:30,964  INFO [main] txn.TxnHandler: Removed transactions: ([5]) from MIN_HISTORY_LEVEL
2024-04-24T04:58:30,964  WARN [main] txn.CompactionTxnHandler: No compaction queue record found for Compaction type transaction commit. txnId:5
2024-04-24T04:58:30,965  INFO [main] ql.TxnCommandsBaseForTests: Running the query: drop table if exists nonAcidNonBucket
2024-04-24T04:58:30,965  INFO [main] ql.Driver: Compiling command(queryId=alex_20240424045830_4169b7aa-4e9d-46e1-8808-7c1f67dbc6f1): drop table if exists nonAcidNonBucket
2024-04-24T04:58:30,967  INFO [main] txn.TxnHandler: Added entries to MIN_HISTORY_LEVEL for current txns: ([6]) with min_open_txn: 1
2024-04-24T04:58:30,968  INFO [main] lockmgr.DbTxnManager: Opened txnid:6
2024-04-24T04:58:30,968  INFO [main] HiveMetaStore.audit: ugi=alex	ip=unknown-ip-addr	cmd=get_table : tbl=hive.default.nonAcidNonBucket	
2024-04-24T04:58:30,971  INFO [main] ql.Driver: Semantic Analysis Completed (retrial = false)
2024-04-24T04:58:30,971  INFO [main] ql.Driver: Created Hive schema: Schema(fieldSchemas:null, properties:null)
2024-04-24T04:58:30,971  INFO [main] metadata.Hive: Dumping metastore api call timing information for : compilation phase
2024-04-24T04:58:30,971  INFO [main] metadata.Hive: Total time spent in each metastore function (ms): {commitTxn_(CommitTxnRequest)=11, openTxn_(String, TxnType)=3, getValidTxns_(long)=0, isCompatibleWith_(Configuration)=0, flushCache_()=0}
2024-04-24T04:58:30,972  INFO [main] ql.Driver: Completed compiling command(queryId=alex_20240424045830_4169b7aa-4e9d-46e1-8808-7c1f67dbc6f1); Time taken: 0.006 seconds
2024-04-24T04:58:30,972  INFO [main] lockmgr.DbTxnManager: Setting lock request transaction to txnid:6 for queryId=alex_20240424045830_4169b7aa-4e9d-46e1-8808-7c1f67dbc6f1
2024-04-24T04:58:30,972  INFO [main] ql.Driver: Operation DROPTABLE obtained 0 locks
2024-04-24T04:58:30,972  INFO [main] ql.Driver: Executing command(queryId=alex_20240424045830_4169b7aa-4e9d-46e1-8808-7c1f67dbc6f1): drop table if exists nonAcidNonBucket
2024-04-24T04:58:30,972  INFO [main] ql.Driver: Starting task [Stage-0:DDL] in serial mode
2024-04-24T04:58:30,972  INFO [main] HiveMetaStore.audit: ugi=alex	ip=unknown-ip-addr	cmd=get_table : tbl=hive.default.nonAcidNonBucket	
2024-04-24T04:58:30,975  INFO [main] metadata.Hive: Dumping metastore api call timing information for : execution phase
2024-04-24T04:58:30,975  INFO [main] metadata.Hive: Total time spent in each metastore function (ms): {isCompatibleWith_(Configuration)=0}
2024-04-24T04:58:30,976  INFO [main] ql.Driver: Completed executing command(queryId=alex_20240424045830_4169b7aa-4e9d-46e1-8808-7c1f67dbc6f1); Time taken: 0.003 seconds
2024-04-24T04:58:30,976  INFO [main] lockmgr.DbTxnManager: Stopped heartbeat for query: alex_20240424045830_4169b7aa-4e9d-46e1-8808-7c1f67dbc6f1
2024-04-24T04:58:30,981  INFO [main] txn.TxnHandler: Expected to move at least one record from txn_components to completed_txn_components when committing txn! txnid:6
2024-04-24T04:58:30,987  INFO [main] txn.TxnHandler: Removed transactions: ([6]) from MIN_HISTORY_LEVEL
2024-04-24T04:58:30,987  WARN [main] txn.CompactionTxnHandler: No compaction queue record found for Compaction type transaction commit. txnId:6
2024-04-24T04:58:30,987  INFO [main] ql.TxnCommandsBaseForTests: Running the query: create table acidTbl(a int, b int) clustered by (a) into 2 buckets stored as orc TBLPROPERTIES ('transactional'='true')
2024-04-24T04:58:30,988  INFO [main] ql.Driver: Compiling command(queryId=alex_20240424045830_52408e2e-8a0e-4da0-b3cc-f9fd52b8c0f0): create table acidTbl(a int, b int) clustered by (a) into 2 buckets stored as orc TBLPROPERTIES ('transactional'='true')
2024-04-24T04:58:30,990  INFO [main] txn.TxnHandler: Added entries to MIN_HISTORY_LEVEL for current txns: ([7]) with min_open_txn: 1
2024-04-24T04:58:30,991  INFO [main] lockmgr.DbTxnManager: Opened txnid:7
2024-04-24T04:58:30,991  INFO [main] parse.CalcitePlanner: Starting caching scope for: 
2024-04-24T04:58:30,991  INFO [main] parse.CalcitePlanner: Starting Semantic Analysis
2024-04-24T04:58:30,997  INFO [main] parse.CalcitePlanner: Creating table default.acidTbl position=13
2024-04-24T04:58:30,998  INFO [main] HiveMetaStore.audit: ugi=alex	ip=unknown-ip-addr	cmd=get_database: default	
2024-04-24T04:58:30,999  INFO [main] parse.CalcitePlanner: Ending caching scope for: 
2024-04-24T04:58:30,999  INFO [main] ql.Driver: Semantic Analysis Completed (retrial = false)
2024-04-24T04:58:30,999  INFO [main] ql.Driver: Created Hive schema: Schema(fieldSchemas:null, properties:null)
2024-04-24T04:58:31,000  INFO [main] metadata.Hive: Dumping metastore api call timing information for : compilation phase
2024-04-24T04:58:31,000  INFO [main] metadata.Hive: Total time spent in each metastore function (ms): {getValidTxns_(long)=0, getDatabase_(String)=1, commitTxn_(CommitTxnRequest)=11, isCompatibleWith_(Configuration)=0, flushCache_()=0, openTxn_(String, TxnType)=3, getValidWriteIds_(List, String)=6}
2024-04-24T04:58:31,000  INFO [main] ql.Driver: Completed compiling command(queryId=alex_20240424045830_52408e2e-8a0e-4da0-b3cc-f9fd52b8c0f0); Time taken: 0.012 seconds
2024-04-24T04:58:31,000  INFO [main] lockmgr.DbTxnManager: Setting lock request transaction to txnid:7 for queryId=alex_20240424045830_52408e2e-8a0e-4da0-b3cc-f9fd52b8c0f0
2024-04-24T04:58:31,000  INFO [main] lockmgr.DbLockManager: Requesting lock for queryId=alex_20240424045830_52408e2e-8a0e-4da0-b3cc-f9fd52b8c0f0
2024-04-24T04:58:31,022  INFO [main] lockmgr.DbLockManager: Response to queryId=alex_20240424045830_52408e2e-8a0e-4da0-b3cc-f9fd52b8c0f0 LockResponse(lockid:1, state:ACQUIRED)
2024-04-24T04:58:31,022  INFO [main] ql.Driver: Operation CREATETABLE obtained 1 locks
2024-04-24T04:58:31,023  INFO [main] ql.Driver: Executing command(queryId=alex_20240424045830_52408e2e-8a0e-4da0-b3cc-f9fd52b8c0f0): create table acidTbl(a int, b int) clustered by (a) into 2 buckets stored as orc TBLPROPERTIES ('transactional'='true')
2024-04-24T04:58:31,023  INFO [main] ql.Driver: Starting task [Stage-0:DDL] in serial mode
2024-04-24T04:58:31,024  INFO [main] HiveMetaStore.audit: ugi=alex	ip=unknown-ip-addr	cmd=create_table_req: Table(tableName:acidTbl, dbName:default, owner:alex, createTime:1713959911, lastAccessTime:0, retention:0, sd:StorageDescriptor(cols:[FieldSchema(name:a, type:int, comment:null), FieldSchema(name:b, type:int, comment:null)], location:null, inputFormat:org.apache.hadoop.hive.ql.io.orc.OrcInputFormat, outputFormat:org.apache.hadoop.hive.ql.io.orc.OrcOutputFormat, compressed:false, numBuckets:2, serdeInfo:SerDeInfo(name:null, serializationLib:org.apache.hadoop.hive.ql.io.orc.OrcSerde, parameters:{serialization.format=1}), bucketCols:[a], sortCols:[], parameters:{}, skewedInfo:SkewedInfo(skewedColNames:[], skewedColValues:[], skewedColValueLocationMaps:{}), storedAsSubDirectories:false), partitionKeys:[], parameters:{numFiles=0, bucketing_version=2, rawDataSize=0, numRows=0, totalSize=0, COLUMN_STATS_ACCURATE={"BASIC_STATS":"true","COLUMN_STATS":{"a":"true","b":"true"}}, transactional=true, numFilesErasureCoded=0}, viewOriginalText:null, viewExpandedText:null, tableType:MANAGED_TABLE, privileges:PrincipalPrivilegeSet(userPrivileges:{alex=[PrivilegeGrantInfo(privilege:INSERT, createTime:-1, grantor:alex, grantorType:USER, grantOption:true), PrivilegeGrantInfo(privilege:SELECT, createTime:-1, grantor:alex, grantorType:USER, grantOption:true), PrivilegeGrantInfo(privilege:UPDATE, createTime:-1, grantor:alex, grantorType:USER, grantOption:true), PrivilegeGrantInfo(privilege:DELETE, createTime:-1, grantor:alex, grantorType:USER, grantOption:true)]}, groupPrivileges:null, rolePrivileges:null), temporary:false, catName:hive, ownerType:USER, writeId:0)	
2024-04-24T04:58:31,030  INFO [main] utils.FileUtils: Creating directory if it doesn't exist: file:/home/alex/Repositories/hive/ql/target/tmp/org.apache.hadoop.hive.ql.TestTxnNoBuckets-1713959849960/warehouse/acidtbl
2024-04-24T04:58:31,069  INFO [main] metadata.Hive: Dumping metastore api call timing information for : execution phase
2024-04-24T04:58:31,069  INFO [main] metadata.Hive: Total time spent in each metastore function (ms): {createTable_(Table)=44, isCompatibleWith_(Configuration)=0}
2024-04-24T04:58:31,069  INFO [main] ql.Driver: Completed executing command(queryId=alex_20240424045830_52408e2e-8a0e-4da0-b3cc-f9fd52b8c0f0); Time taken: 0.046 seconds
2024-04-24T04:58:31,069  INFO [main] lockmgr.DbTxnManager: Stopped heartbeat for query: alex_20240424045830_52408e2e-8a0e-4da0-b3cc-f9fd52b8c0f0
2024-04-24T04:58:31,073  INFO [main] txn.TxnHandler: Expected to move at least one record from txn_components to completed_txn_components when committing txn! txnid:7
2024-04-24T04:58:31,079  INFO [main] txn.TxnHandler: Removed transactions: ([7]) from MIN_HISTORY_LEVEL
2024-04-24T04:58:31,080  WARN [main] txn.CompactionTxnHandler: No compaction queue record found for Compaction type transaction commit. txnId:7
2024-04-24T04:58:31,081  INFO [main] ql.TxnCommandsBaseForTests: Running the query: create table acidTblPart(a int, b int) partitioned by (p string) clustered by (a) into 2 buckets stored as orc TBLPROPERTIES ('transactional'='true')
2024-04-24T04:58:31,081  INFO [main] ql.Driver: Compiling command(queryId=alex_20240424045831_097c2ba7-f985-4ead-ae8c-0edeb47fdea9): create table acidTblPart(a int, b int) partitioned by (p string) clustered by (a) into 2 buckets stored as orc TBLPROPERTIES ('transactional'='true')
2024-04-24T04:58:31,084  INFO [main] txn.TxnHandler: Added entries to MIN_HISTORY_LEVEL for current txns: ([8]) with min_open_txn: 1
2024-04-24T04:58:31,084  INFO [main] lockmgr.DbTxnManager: Opened txnid:8
2024-04-24T04:58:31,085  INFO [main] parse.CalcitePlanner: Starting caching scope for: 
2024-04-24T04:58:31,085  INFO [main] parse.CalcitePlanner: Starting Semantic Analysis
2024-04-24T04:58:31,087  INFO [main] parse.CalcitePlanner: Creating table default.acidTblPart position=13
2024-04-24T04:58:31,087  INFO [main] HiveMetaStore.audit: ugi=alex	ip=unknown-ip-addr	cmd=get_database: default	
2024-04-24T04:58:31,090  INFO [main] parse.CalcitePlanner: Ending caching scope for: 
2024-04-24T04:58:31,090  INFO [main] ql.Driver: Semantic Analysis Completed (retrial = false)
2024-04-24T04:58:31,090  INFO [main] ql.Driver: Created Hive schema: Schema(fieldSchemas:null, properties:null)
2024-04-24T04:58:31,091  INFO [main] metadata.Hive: Dumping metastore api call timing information for : compilation phase
2024-04-24T04:58:31,091  INFO [main] metadata.Hive: Total time spent in each metastore function (ms): {getValidTxns_(long)=1, isCompatibleWith_(Configuration)=0, getValidWriteIds_(List, String)=2, getDatabase_(String)=3, openTxn_(String, TxnType)=2, commitTxn_(CommitTxnRequest)=12, flushCache_()=0}
2024-04-24T04:58:31,091  INFO [main] ql.Driver: Completed compiling command(queryId=alex_20240424045831_097c2ba7-f985-4ead-ae8c-0edeb47fdea9); Time taken: 0.01 seconds
2024-04-24T04:58:31,091  INFO [main] lockmgr.DbTxnManager: Setting lock request transaction to txnid:8 for queryId=alex_20240424045831_097c2ba7-f985-4ead-ae8c-0edeb47fdea9
2024-04-24T04:58:31,091  INFO [main] lockmgr.DbLockManager: Requesting lock for queryId=alex_20240424045831_097c2ba7-f985-4ead-ae8c-0edeb47fdea9
2024-04-24T04:58:31,107  INFO [main] lockmgr.DbLockManager: Response to queryId=alex_20240424045831_097c2ba7-f985-4ead-ae8c-0edeb47fdea9 LockResponse(lockid:2, state:ACQUIRED)
2024-04-24T04:58:31,107  INFO [main] ql.Driver: Operation CREATETABLE obtained 1 locks
2024-04-24T04:58:31,107  INFO [main] ql.Driver: Executing command(queryId=alex_20240424045831_097c2ba7-f985-4ead-ae8c-0edeb47fdea9): create table acidTblPart(a int, b int) partitioned by (p string) clustered by (a) into 2 buckets stored as orc TBLPROPERTIES ('transactional'='true')
2024-04-24T04:58:31,108  INFO [main] ql.Driver: Starting task [Stage-0:DDL] in serial mode
2024-04-24T04:58:31,108  INFO [main] HiveMetaStore.audit: ugi=alex	ip=unknown-ip-addr	cmd=create_table_req: Table(tableName:acidTblPart, dbName:default, owner:alex, createTime:1713959911, lastAccessTime:0, retention:0, sd:StorageDescriptor(cols:[FieldSchema(name:a, type:int, comment:null), FieldSchema(name:b, type:int, comment:null)], location:null, inputFormat:org.apache.hadoop.hive.ql.io.orc.OrcInputFormat, outputFormat:org.apache.hadoop.hive.ql.io.orc.OrcOutputFormat, compressed:false, numBuckets:2, serdeInfo:SerDeInfo(name:null, serializationLib:org.apache.hadoop.hive.ql.io.orc.OrcSerde, parameters:{serialization.format=1}), bucketCols:[a], sortCols:[], parameters:{}, skewedInfo:SkewedInfo(skewedColNames:[], skewedColValues:[], skewedColValueLocationMaps:{}), storedAsSubDirectories:false), partitionKeys:[FieldSchema(name:p, type:string, comment:null)], parameters:{bucketing_version=2, transactional=true}, viewOriginalText:null, viewExpandedText:null, tableType:MANAGED_TABLE, privileges:PrincipalPrivilegeSet(userPrivileges:{alex=[PrivilegeGrantInfo(privilege:INSERT, createTime:-1, grantor:alex, grantorType:USER, grantOption:true), PrivilegeGrantInfo(privilege:SELECT, createTime:-1, grantor:alex, grantorType:USER, grantOption:true), PrivilegeGrantInfo(privilege:UPDATE, createTime:-1, grantor:alex, grantorType:USER, grantOption:true), PrivilegeGrantInfo(privilege:DELETE, createTime:-1, grantor:alex, grantorType:USER, grantOption:true)]}, groupPrivileges:null, rolePrivileges:null), temporary:false, catName:hive, ownerType:USER, writeId:0)	
2024-04-24T04:58:31,114  INFO [main] utils.FileUtils: Creating directory if it doesn't exist: file:/home/alex/Repositories/hive/ql/target/tmp/org.apache.hadoop.hive.ql.TestTxnNoBuckets-1713959849960/warehouse/acidtblpart
2024-04-24T04:58:31,135  INFO [main] metadata.Hive: Dumping metastore api call timing information for : execution phase
2024-04-24T04:58:31,136  INFO [main] metadata.Hive: Total time spent in each metastore function (ms): {createTable_(Table)=27, isCompatibleWith_(Configuration)=0}
2024-04-24T04:58:31,136  INFO [main] ql.Driver: Completed executing command(queryId=alex_20240424045831_097c2ba7-f985-4ead-ae8c-0edeb47fdea9); Time taken: 0.028 seconds
2024-04-24T04:58:31,136  INFO [main] lockmgr.DbTxnManager: Stopped heartbeat for query: alex_20240424045831_097c2ba7-f985-4ead-ae8c-0edeb47fdea9
2024-04-24T04:58:31,140  INFO [main] txn.TxnHandler: Expected to move at least one record from txn_components to completed_txn_components when committing txn! txnid:8
2024-04-24T04:58:31,146  INFO [main] txn.TxnHandler: Removed transactions: ([8]) from MIN_HISTORY_LEVEL
2024-04-24T04:58:31,146  WARN [main] txn.CompactionTxnHandler: No compaction queue record found for Compaction type transaction commit. txnId:8
2024-04-24T04:58:31,147  INFO [main] ql.TxnCommandsBaseForTests: Running the query: create table nonAcidOrcTbl(a int, b int) clustered by (a) into 2 buckets stored as orc TBLPROPERTIES ('transactional'='false')
2024-04-24T04:58:31,147  INFO [main] ql.Driver: Compiling command(queryId=alex_20240424045831_fcd265d9-83e2-4771-a1b9-8330a946a013): create table nonAcidOrcTbl(a int, b int) clustered by (a) into 2 buckets stored as orc TBLPROPERTIES ('transactional'='false')
2024-04-24T04:58:31,149  INFO [main] txn.TxnHandler: Added entries to MIN_HISTORY_LEVEL for current txns: ([9]) with min_open_txn: 1
2024-04-24T04:58:31,149  INFO [main] lockmgr.DbTxnManager: Opened txnid:9
2024-04-24T04:58:31,150  INFO [main] parse.CalcitePlanner: Starting caching scope for: 
2024-04-24T04:58:31,150  INFO [main] parse.CalcitePlanner: Starting Semantic Analysis
2024-04-24T04:58:31,152  INFO [main] parse.CalcitePlanner: Creating table default.nonAcidOrcTbl position=13
2024-04-24T04:58:31,152  INFO [main] HiveMetaStore.audit: ugi=alex	ip=unknown-ip-addr	cmd=get_database: default	
2024-04-24T04:58:31,154  INFO [main] parse.CalcitePlanner: Ending caching scope for: 
2024-04-24T04:58:31,154  INFO [main] ql.Driver: Semantic Analysis Completed (retrial = false)
2024-04-24T04:58:31,154  INFO [main] ql.Driver: Created Hive schema: Schema(fieldSchemas:null, properties:null)
2024-04-24T04:58:31,154  INFO [main] metadata.Hive: Dumping metastore api call timing information for : compilation phase
2024-04-24T04:58:31,154  INFO [main] metadata.Hive: Total time spent in each metastore function (ms): {getValidWriteIds_(List, String)=2, openTxn_(String, TxnType)=2, getDatabase_(String)=2, commitTxn_(CommitTxnRequest)=10, flushCache_()=0, isCompatibleWith_(Configuration)=0, getValidTxns_(long)=1}
2024-04-24T04:58:31,154  INFO [main] ql.Driver: Completed compiling command(queryId=alex_20240424045831_fcd265d9-83e2-4771-a1b9-8330a946a013); Time taken: 0.007 seconds
2024-04-24T04:58:31,155  INFO [main] lockmgr.DbTxnManager: Setting lock request transaction to txnid:9 for queryId=alex_20240424045831_fcd265d9-83e2-4771-a1b9-8330a946a013
2024-04-24T04:58:31,155  INFO [main] lockmgr.DbLockManager: Requesting lock for queryId=alex_20240424045831_fcd265d9-83e2-4771-a1b9-8330a946a013
2024-04-24T04:58:31,171  INFO [main] lockmgr.DbLockManager: Response to queryId=alex_20240424045831_fcd265d9-83e2-4771-a1b9-8330a946a013 LockResponse(lockid:3, state:ACQUIRED)
2024-04-24T04:58:31,171  INFO [main] ql.Driver: Operation CREATETABLE obtained 1 locks
2024-04-24T04:58:31,171  INFO [main] ql.Driver: Executing command(queryId=alex_20240424045831_fcd265d9-83e2-4771-a1b9-8330a946a013): create table nonAcidOrcTbl(a int, b int) clustered by (a) into 2 buckets stored as orc TBLPROPERTIES ('transactional'='false')
2024-04-24T04:58:31,171  INFO [main] ql.Driver: Starting task [Stage-0:DDL] in serial mode
2024-04-24T04:58:31,172  INFO [main] HiveMetaStore.audit: ugi=alex	ip=unknown-ip-addr	cmd=create_table_req: Table(tableName:nonAcidOrcTbl, dbName:default, owner:alex, createTime:1713959911, lastAccessTime:0, retention:0, sd:StorageDescriptor(cols:[FieldSchema(name:a, type:int, comment:null), FieldSchema(name:b, type:int, comment:null)], location:null, inputFormat:org.apache.hadoop.hive.ql.io.orc.OrcInputFormat, outputFormat:org.apache.hadoop.hive.ql.io.orc.OrcOutputFormat, compressed:false, numBuckets:2, serdeInfo:SerDeInfo(name:null, serializationLib:org.apache.hadoop.hive.ql.io.orc.OrcSerde, parameters:{serialization.format=1}), bucketCols:[a], sortCols:[], parameters:{}, skewedInfo:SkewedInfo(skewedColNames:[], skewedColValues:[], skewedColValueLocationMaps:{}), storedAsSubDirectories:false), partitionKeys:[], parameters:{numFiles=0, rawDataSize=0, bucketing_version=2, COLUMN_STATS_ACCURATE={"BASIC_STATS":"true","COLUMN_STATS":{"a":"true","b":"true"}}, numFilesErasureCoded=0, numRows=0, transactional=false, totalSize=0}, viewOriginalText:null, viewExpandedText:null, tableType:MANAGED_TABLE, privileges:PrincipalPrivilegeSet(userPrivileges:{alex=[PrivilegeGrantInfo(privilege:INSERT, createTime:-1, grantor:alex, grantorType:USER, grantOption:true), PrivilegeGrantInfo(privilege:SELECT, createTime:-1, grantor:alex, grantorType:USER, grantOption:true), PrivilegeGrantInfo(privilege:UPDATE, createTime:-1, grantor:alex, grantorType:USER, grantOption:true), PrivilegeGrantInfo(privilege:DELETE, createTime:-1, grantor:alex, grantorType:USER, grantOption:true)]}, groupPrivileges:null, rolePrivileges:null), temporary:false, catName:hive, ownerType:USER)	
2024-04-24T04:58:31,178  INFO [main] utils.FileUtils: Creating directory if it doesn't exist: file:/home/alex/Repositories/hive/ql/target/tmp/org.apache.hadoop.hive.ql.TestTxnNoBuckets-1713959849960/warehouse/nonacidorctbl
2024-04-24T04:58:31,196  INFO [main] metadata.Hive: Dumping metastore api call timing information for : execution phase
2024-04-24T04:58:31,196  INFO [main] metadata.Hive: Total time spent in each metastore function (ms): {isCompatibleWith_(Configuration)=0, createTable_(Table)=24}
2024-04-24T04:58:31,197  INFO [main] ql.Driver: Completed executing command(queryId=alex_20240424045831_fcd265d9-83e2-4771-a1b9-8330a946a013); Time taken: 0.025 seconds
2024-04-24T04:58:31,197  INFO [main] lockmgr.DbTxnManager: Stopped heartbeat for query: alex_20240424045831_fcd265d9-83e2-4771-a1b9-8330a946a013
2024-04-24T04:58:31,201  INFO [main] txn.TxnHandler: Expected to move at least one record from txn_components to completed_txn_components when committing txn! txnid:9
2024-04-24T04:58:31,207  INFO [main] txn.TxnHandler: Removed transactions: ([9]) from MIN_HISTORY_LEVEL
2024-04-24T04:58:31,207  WARN [main] txn.CompactionTxnHandler: No compaction queue record found for Compaction type transaction commit. txnId:9
2024-04-24T04:58:31,208  INFO [main] ql.TxnCommandsBaseForTests: Running the query: create table nonAcidOrcTbl2(a int, b int) clustered by (a) into 2 buckets stored as orc TBLPROPERTIES ('transactional'='false')
2024-04-24T04:58:31,208  INFO [main] ql.Driver: Compiling command(queryId=alex_20240424045831_47ae685b-d30e-480b-b532-6f71a21857bb): create table nonAcidOrcTbl2(a int, b int) clustered by (a) into 2 buckets stored as orc TBLPROPERTIES ('transactional'='false')
2024-04-24T04:58:31,210  INFO [main] txn.TxnHandler: Added entries to MIN_HISTORY_LEVEL for current txns: ([10]) with min_open_txn: 1
2024-04-24T04:58:31,211  INFO [main] lockmgr.DbTxnManager: Opened txnid:10
2024-04-24T04:58:31,211  INFO [main] parse.CalcitePlanner: Starting caching scope for: 
2024-04-24T04:58:31,211  INFO [main] parse.CalcitePlanner: Starting Semantic Analysis
2024-04-24T04:58:31,214  INFO [main] parse.CalcitePlanner: Creating table default.nonAcidOrcTbl2 position=13
2024-04-24T04:58:31,214  INFO [main] HiveMetaStore.audit: ugi=alex	ip=unknown-ip-addr	cmd=get_database: default	
2024-04-24T04:58:31,216  INFO [main] parse.CalcitePlanner: Ending caching scope for: 
2024-04-24T04:58:31,216  INFO [main] ql.Driver: Semantic Analysis Completed (retrial = false)
2024-04-24T04:58:31,216  INFO [main] ql.Driver: Created Hive schema: Schema(fieldSchemas:null, properties:null)
2024-04-24T04:58:31,216  INFO [main] metadata.Hive: Dumping metastore api call timing information for : compilation phase
2024-04-24T04:58:31,216  INFO [main] metadata.Hive: Total time spent in each metastore function (ms): {getValidWriteIds_(List, String)=2, getValidTxns_(long)=0, getDatabase_(String)=1, isCompatibleWith_(Configuration)=2, commitTxn_(CommitTxnRequest)=11, openTxn_(String, TxnType)=2, flushCache_()=0}
2024-04-24T04:58:31,216  INFO [main] ql.Driver: Completed compiling command(queryId=alex_20240424045831_47ae685b-d30e-480b-b532-6f71a21857bb); Time taken: 0.008 seconds
2024-04-24T04:58:31,216  INFO [main] lockmgr.DbTxnManager: Setting lock request transaction to txnid:10 for queryId=alex_20240424045831_47ae685b-d30e-480b-b532-6f71a21857bb
2024-04-24T04:58:31,217  INFO [main] lockmgr.DbLockManager: Requesting lock for queryId=alex_20240424045831_47ae685b-d30e-480b-b532-6f71a21857bb
2024-04-24T04:58:31,232  INFO [main] lockmgr.DbLockManager: Response to queryId=alex_20240424045831_47ae685b-d30e-480b-b532-6f71a21857bb LockResponse(lockid:4, state:ACQUIRED)
2024-04-24T04:58:31,232  INFO [main] ql.Driver: Operation CREATETABLE obtained 1 locks
2024-04-24T04:58:31,232  INFO [main] ql.Driver: Executing command(queryId=alex_20240424045831_47ae685b-d30e-480b-b532-6f71a21857bb): create table nonAcidOrcTbl2(a int, b int) clustered by (a) into 2 buckets stored as orc TBLPROPERTIES ('transactional'='false')
2024-04-24T04:58:31,232  INFO [main] ql.Driver: Starting task [Stage-0:DDL] in serial mode
2024-04-24T04:58:31,233  INFO [main] HiveMetaStore.audit: ugi=alex	ip=unknown-ip-addr	cmd=create_table_req: Table(tableName:nonAcidOrcTbl2, dbName:default, owner:alex, createTime:1713959911, lastAccessTime:0, retention:0, sd:StorageDescriptor(cols:[FieldSchema(name:a, type:int, comment:null), FieldSchema(name:b, type:int, comment:null)], location:null, inputFormat:org.apache.hadoop.hive.ql.io.orc.OrcInputFormat, outputFormat:org.apache.hadoop.hive.ql.io.orc.OrcOutputFormat, compressed:false, numBuckets:2, serdeInfo:SerDeInfo(name:null, serializationLib:org.apache.hadoop.hive.ql.io.orc.OrcSerde, parameters:{serialization.format=1}), bucketCols:[a], sortCols:[], parameters:{}, skewedInfo:SkewedInfo(skewedColNames:[], skewedColValues:[], skewedColValueLocationMaps:{}), storedAsSubDirectories:false), partitionKeys:[], parameters:{numFiles=0, numFilesErasureCoded=0, COLUMN_STATS_ACCURATE={"BASIC_STATS":"true","COLUMN_STATS":{"a":"true","b":"true"}}, transactional=false, rawDataSize=0, numRows=0, bucketing_version=2, totalSize=0}, viewOriginalText:null, viewExpandedText:null, tableType:MANAGED_TABLE, privileges:PrincipalPrivilegeSet(userPrivileges:{alex=[PrivilegeGrantInfo(privilege:INSERT, createTime:-1, grantor:alex, grantorType:USER, grantOption:true), PrivilegeGrantInfo(privilege:SELECT, createTime:-1, grantor:alex, grantorType:USER, grantOption:true), PrivilegeGrantInfo(privilege:UPDATE, createTime:-1, grantor:alex, grantorType:USER, grantOption:true), PrivilegeGrantInfo(privilege:DELETE, createTime:-1, grantor:alex, grantorType:USER, grantOption:true)]}, groupPrivileges:null, rolePrivileges:null), temporary:false, catName:hive, ownerType:USER)	
2024-04-24T04:58:31,239  INFO [main] utils.FileUtils: Creating directory if it doesn't exist: file:/home/alex/Repositories/hive/ql/target/tmp/org.apache.hadoop.hive.ql.TestTxnNoBuckets-1713959849960/warehouse/nonacidorctbl2
2024-04-24T04:58:31,256  INFO [main] metadata.Hive: Dumping metastore api call timing information for : execution phase
2024-04-24T04:58:31,256  INFO [main] metadata.Hive: Total time spent in each metastore function (ms): {createTable_(Table)=23, isCompatibleWith_(Configuration)=0}
2024-04-24T04:58:31,256  INFO [main] ql.Driver: Completed executing command(queryId=alex_20240424045831_47ae685b-d30e-480b-b532-6f71a21857bb); Time taken: 0.024 seconds
2024-04-24T04:58:31,256  INFO [main] lockmgr.DbTxnManager: Stopped heartbeat for query: alex_20240424045831_47ae685b-d30e-480b-b532-6f71a21857bb
2024-04-24T04:58:31,260  INFO [main] txn.TxnHandler: Expected to move at least one record from txn_components to completed_txn_components when committing txn! txnid:10
2024-04-24T04:58:31,266  INFO [main] txn.TxnHandler: Removed transactions: ([10]) from MIN_HISTORY_LEVEL
2024-04-24T04:58:31,266  WARN [main] txn.CompactionTxnHandler: No compaction queue record found for Compaction type transaction commit. txnId:10
2024-04-24T04:58:31,267  INFO [main] ql.TxnCommandsBaseForTests: Running the query: create temporary  table acidTbl2(a int, b int, c int) clustered by (c) into 2 buckets stored as orc TBLPROPERTIES ('transactional'='true')
2024-04-24T04:58:31,267  INFO [main] ql.Driver: Compiling command(queryId=alex_20240424045831_4b898f76-04f0-4207-8c15-c3d494f2f59a): create temporary  table acidTbl2(a int, b int, c int) clustered by (c) into 2 buckets stored as orc TBLPROPERTIES ('transactional'='true')
2024-04-24T04:58:31,270  INFO [main] txn.TxnHandler: Added entries to MIN_HISTORY_LEVEL for current txns: ([11]) with min_open_txn: 1
2024-04-24T04:58:31,270  INFO [main] lockmgr.DbTxnManager: Opened txnid:11
2024-04-24T04:58:31,271  INFO [main] parse.CalcitePlanner: Starting caching scope for: 
2024-04-24T04:58:31,271  INFO [main] parse.CalcitePlanner: Starting Semantic Analysis
2024-04-24T04:58:31,274  INFO [main] parse.CalcitePlanner: Creating table default.acidTbl2 position=24
2024-04-24T04:58:31,274  INFO [main] HiveMetaStore.audit: ugi=alex	ip=unknown-ip-addr	cmd=get_database: default	
2024-04-24T04:58:31,276  INFO [main] parse.CalcitePlanner: Ending caching scope for: 
2024-04-24T04:58:31,276  INFO [main] ql.Driver: Semantic Analysis Completed (retrial = false)
2024-04-24T04:58:31,276  INFO [main] ql.Driver: Created Hive schema: Schema(fieldSchemas:null, properties:null)
2024-04-24T04:58:31,276  INFO [main] metadata.Hive: Dumping metastore api call timing information for : compilation phase
2024-04-24T04:58:31,276  INFO [main] metadata.Hive: Total time spent in each metastore function (ms): {getValidTxns_(long)=1, isCompatibleWith_(Configuration)=2, getDatabase_(String)=2, openTxn_(String, TxnType)=2, flushCache_()=0, getValidWriteIds_(List, String)=3, commitTxn_(CommitTxnRequest)=9}
2024-04-24T04:58:31,276  INFO [main] ql.Driver: Completed compiling command(queryId=alex_20240424045831_4b898f76-04f0-4207-8c15-c3d494f2f59a); Time taken: 0.009 seconds
2024-04-24T04:58:31,277  INFO [main] lockmgr.DbTxnManager: Setting lock request transaction to txnid:11 for queryId=alex_20240424045831_4b898f76-04f0-4207-8c15-c3d494f2f59a
2024-04-24T04:58:31,277  INFO [main] lockmgr.DbLockManager: Requesting lock for queryId=alex_20240424045831_4b898f76-04f0-4207-8c15-c3d494f2f59a
2024-04-24T04:58:31,292  INFO [main] lockmgr.DbLockManager: Response to queryId=alex_20240424045831_4b898f76-04f0-4207-8c15-c3d494f2f59a LockResponse(lockid:5, state:ACQUIRED)
2024-04-24T04:58:31,292  INFO [main] ql.Driver: Operation CREATETABLE obtained 1 locks
2024-04-24T04:58:31,293  INFO [main] ql.Driver: Executing command(queryId=alex_20240424045831_4b898f76-04f0-4207-8c15-c3d494f2f59a): create temporary  table acidTbl2(a int, b int, c int) clustered by (c) into 2 buckets stored as orc TBLPROPERTIES ('transactional'='true')
2024-04-24T04:58:31,293  INFO [main] ql.Driver: Starting task [Stage-0:DDL] in serial mode
2024-04-24T04:58:31,294  INFO [main] utils.FileUtils: Creating directory if it doesn't exist: file:/home/alex/Repositories/hive/ql/target/tmp/scratchdir/alex/8c7e0359-82c4-43a8-8075-830caed3c040/_tmp_space.db/5d5c1629-e0fd-45fe-8400-b9b3d4770c05
2024-04-24T04:58:31,297  INFO [main] metadata.Hive: Dumping metastore api call timing information for : execution phase
2024-04-24T04:58:31,297  INFO [main] metadata.Hive: Total time spent in each metastore function (ms): {isCompatibleWith_(Configuration)=0, createTable_(Table)=3}
2024-04-24T04:58:31,297  INFO [main] ql.Driver: Completed executing command(queryId=alex_20240424045831_4b898f76-04f0-4207-8c15-c3d494f2f59a); Time taken: 0.004 seconds
2024-04-24T04:58:31,297  INFO [main] lockmgr.DbTxnManager: Stopped heartbeat for query: alex_20240424045831_4b898f76-04f0-4207-8c15-c3d494f2f59a
2024-04-24T04:58:31,301  INFO [main] txn.TxnHandler: Expected to move at least one record from txn_components to completed_txn_components when committing txn! txnid:11
2024-04-24T04:58:31,308  INFO [main] txn.TxnHandler: Removed transactions: ([11]) from MIN_HISTORY_LEVEL
2024-04-24T04:58:31,308  WARN [main] txn.CompactionTxnHandler: No compaction queue record found for Compaction type transaction commit. txnId:11
2024-04-24T04:58:31,309  INFO [main] ql.TxnCommandsBaseForTests: Running the query: create table nonAcidNonBucket(a int, b int) stored as orc TBLPROPERTIES ('transactional'='false')
2024-04-24T04:58:31,309  INFO [main] ql.Driver: Compiling command(queryId=alex_20240424045831_3cd6874c-1c5c-460e-b7c0-2d9d5c8a45b4): create table nonAcidNonBucket(a int, b int) stored as orc TBLPROPERTIES ('transactional'='false')
2024-04-24T04:58:31,312  INFO [main] txn.TxnHandler: Added entries to MIN_HISTORY_LEVEL for current txns: ([12]) with min_open_txn: 1
2024-04-24T04:58:31,312  INFO [main] lockmgr.DbTxnManager: Opened txnid:12
2024-04-24T04:58:31,313  INFO [main] parse.CalcitePlanner: Starting caching scope for: 
2024-04-24T04:58:31,313  INFO [main] parse.CalcitePlanner: Starting Semantic Analysis
2024-04-24T04:58:31,315  INFO [main] parse.CalcitePlanner: Creating table default.nonAcidNonBucket position=13
2024-04-24T04:58:31,315  INFO [main] HiveMetaStore.audit: ugi=alex	ip=unknown-ip-addr	cmd=get_database: default	
2024-04-24T04:58:31,317  INFO [main] parse.CalcitePlanner: Ending caching scope for: 
2024-04-24T04:58:31,317  INFO [main] ql.Driver: Semantic Analysis Completed (retrial = false)
2024-04-24T04:58:31,317  INFO [main] ql.Driver: Created Hive schema: Schema(fieldSchemas:null, properties:null)
2024-04-24T04:58:31,317  INFO [main] metadata.Hive: Dumping metastore api call timing information for : compilation phase
2024-04-24T04:58:31,317  INFO [main] metadata.Hive: Total time spent in each metastore function (ms): {getDatabase_(String)=2, isCompatibleWith_(Configuration)=1, commitTxn_(CommitTxnRequest)=10, getValidWriteIds_(List, String)=2, getValidTxns_(long)=1, openTxn_(String, TxnType)=2, flushCache_()=1}
2024-04-24T04:58:31,318  INFO [main] ql.Driver: Completed compiling command(queryId=alex_20240424045831_3cd6874c-1c5c-460e-b7c0-2d9d5c8a45b4); Time taken: 0.008 seconds
2024-04-24T04:58:31,318  INFO [main] lockmgr.DbTxnManager: Setting lock request transaction to txnid:12 for queryId=alex_20240424045831_3cd6874c-1c5c-460e-b7c0-2d9d5c8a45b4
2024-04-24T04:58:31,318  INFO [main] lockmgr.DbLockManager: Requesting lock for queryId=alex_20240424045831_3cd6874c-1c5c-460e-b7c0-2d9d5c8a45b4
2024-04-24T04:58:31,334  INFO [main] lockmgr.DbLockManager: Response to queryId=alex_20240424045831_3cd6874c-1c5c-460e-b7c0-2d9d5c8a45b4 LockResponse(lockid:6, state:ACQUIRED)
2024-04-24T04:58:31,334  INFO [main] ql.Driver: Operation CREATETABLE obtained 1 locks
2024-04-24T04:58:31,334  INFO [main] ql.Driver: Executing command(queryId=alex_20240424045831_3cd6874c-1c5c-460e-b7c0-2d9d5c8a45b4): create table nonAcidNonBucket(a int, b int) stored as orc TBLPROPERTIES ('transactional'='false')
2024-04-24T04:58:31,334  INFO [main] ql.Driver: Starting task [Stage-0:DDL] in serial mode
2024-04-24T04:58:31,335  INFO [main] HiveMetaStore.audit: ugi=alex	ip=unknown-ip-addr	cmd=create_table_req: Table(tableName:nonAcidNonBucket, dbName:default, owner:alex, createTime:1713959911, lastAccessTime:0, retention:0, sd:StorageDescriptor(cols:[FieldSchema(name:a, type:int, comment:null), FieldSchema(name:b, type:int, comment:null)], location:null, inputFormat:org.apache.hadoop.hive.ql.io.orc.OrcInputFormat, outputFormat:org.apache.hadoop.hive.ql.io.orc.OrcOutputFormat, compressed:false, numBuckets:-1, serdeInfo:SerDeInfo(name:null, serializationLib:org.apache.hadoop.hive.ql.io.orc.OrcSerde, parameters:{serialization.format=1}), bucketCols:[], sortCols:[], parameters:{}, skewedInfo:SkewedInfo(skewedColNames:[], skewedColValues:[], skewedColValueLocationMaps:{}), storedAsSubDirectories:false), partitionKeys:[], parameters:{transactional=false, rawDataSize=0, numFilesErasureCoded=0, numRows=0, numFiles=0, COLUMN_STATS_ACCURATE={"BASIC_STATS":"true","COLUMN_STATS":{"a":"true","b":"true"}}, bucketing_version=2, totalSize=0}, viewOriginalText:null, viewExpandedText:null, tableType:MANAGED_TABLE, privileges:PrincipalPrivilegeSet(userPrivileges:{alex=[PrivilegeGrantInfo(privilege:INSERT, createTime:-1, grantor:alex, grantorType:USER, grantOption:true), PrivilegeGrantInfo(privilege:SELECT, createTime:-1, grantor:alex, grantorType:USER, grantOption:true), PrivilegeGrantInfo(privilege:UPDATE, createTime:-1, grantor:alex, grantorType:USER, grantOption:true), PrivilegeGrantInfo(privilege:DELETE, createTime:-1, grantor:alex, grantorType:USER, grantOption:true)]}, groupPrivileges:null, rolePrivileges:null), temporary:false, catName:hive, ownerType:USER)	
2024-04-24T04:58:31,342  INFO [main] utils.FileUtils: Creating directory if it doesn't exist: file:/home/alex/Repositories/hive/ql/target/tmp/org.apache.hadoop.hive.ql.TestTxnNoBuckets-1713959849960/warehouse/nonacidnonbucket
2024-04-24T04:58:31,358  INFO [main] metadata.Hive: Dumping metastore api call timing information for : execution phase
2024-04-24T04:58:31,358  INFO [main] metadata.Hive: Total time spent in each metastore function (ms): {isCompatibleWith_(Configuration)=0, createTable_(Table)=23}
2024-04-24T04:58:31,359  INFO [main] ql.Driver: Completed executing command(queryId=alex_20240424045831_3cd6874c-1c5c-460e-b7c0-2d9d5c8a45b4); Time taken: 0.024 seconds
2024-04-24T04:58:31,359  INFO [main] lockmgr.DbTxnManager: Stopped heartbeat for query: alex_20240424045831_3cd6874c-1c5c-460e-b7c0-2d9d5c8a45b4
2024-04-24T04:58:31,363  INFO [main] txn.TxnHandler: Expected to move at least one record from txn_components to completed_txn_components when committing txn! txnid:12
2024-04-24T04:58:31,369  INFO [main] txn.TxnHandler: Removed transactions: ([12]) from MIN_HISTORY_LEVEL
2024-04-24T04:58:31,370  WARN [main] txn.CompactionTxnHandler: No compaction queue record found for Compaction type transaction commit. txnId:12
2024-04-24T04:58:31,370  INFO [main] ql.TxnCommandsBaseForTests: Running the query: insert into nonAcidNonBucket(a,b) values(1,2),(1,3)
2024-04-24T04:58:31,371  INFO [main] ql.Driver: Compiling command(queryId=alex_20240424045831_00eeabb4-671c-42c9-86c9-b6443f248275): insert into nonAcidNonBucket(a,b) values(1,2),(1,3)
2024-04-24T04:58:31,374  INFO [main] txn.TxnHandler: Added entries to MIN_HISTORY_LEVEL for current txns: ([13]) with min_open_txn: 1
2024-04-24T04:58:31,374  INFO [main] lockmgr.DbTxnManager: Opened txnid:13
2024-04-24T04:58:31,375  INFO [main] parse.CalcitePlanner: Starting caching scope for: 
2024-04-24T04:58:31,375  INFO [main] parse.CalcitePlanner: Starting Semantic Analysis
2024-04-24T04:58:31,378  INFO [main] HiveMetaStore.audit: ugi=alex	ip=unknown-ip-addr	cmd=get_table : tbl=hive.default.nonAcidNonBucket	
2024-04-24T04:58:31,416  INFO [main] metastore.HMSHandler: Skipping translation for processor with null
2024-04-24T04:58:31,416  INFO [main] parse.CalcitePlanner: Completed phase 1 of Semantic Analysis
2024-04-24T04:58:31,416  INFO [main] parse.CalcitePlanner: Get metadata for source tables
2024-04-24T04:58:31,416  INFO [main] parse.CalcitePlanner: Get metadata for subqueries
2024-04-24T04:58:31,416  INFO [main] parse.CalcitePlanner: Get metadata for destination tables
2024-04-24T04:58:31,416  INFO [main] HiveMetaStore.audit: ugi=alex	ip=unknown-ip-addr	cmd=get_table : tbl=hive.default.nonAcidNonBucket	
2024-04-24T04:58:31,426  INFO [main] metastore.HMSHandler: Skipping translation for processor with null
2024-04-24T04:58:31,426  INFO [main] parse.CalcitePlanner: Completed getting MetaData in Semantic Analysis
2024-04-24T04:58:31,426  INFO [main] parse.CalcitePlanner: Disabling LLAP IO encode as ETL query is detected
2024-04-24T04:58:31,448  INFO [main] HiveMetaStore.audit: ugi=alex	ip=unknown-ip-addr	cmd=get_all_table_constraints : tbl=hive._dummy_database._dummy_table	
2024-04-24T04:58:31,534  INFO [main] parse.CalcitePlanner: Get metadata for source tables
2024-04-24T04:58:31,534  INFO [main] parse.CalcitePlanner: Get metadata for subqueries
2024-04-24T04:58:31,534  INFO [main] parse.CalcitePlanner: Get metadata for source tables
2024-04-24T04:58:31,535  INFO [main] HiveMetaStore.audit: ugi=alex	ip=unknown-ip-addr	cmd=get_table : tbl=hive._dummy_database._dummy_table	
2024-04-24T04:58:31,538  INFO [main] parse.CalcitePlanner: Get metadata for subqueries
2024-04-24T04:58:31,538  INFO [main] parse.CalcitePlanner: Get metadata for destination tables
2024-04-24T04:58:31,538  INFO [main] parse.CalcitePlanner: Get metadata for destination tables
2024-04-24T04:58:31,538  INFO [main] HiveMetaStore.audit: ugi=alex	ip=unknown-ip-addr	cmd=get_table : tbl=hive.default.nonAcidNonBucket	
2024-04-24T04:58:31,549  INFO [main] metastore.HMSHandler: Skipping translation for processor with null
2024-04-24T04:58:31,550  INFO [main] common.FileUtils: Creating directory if it doesn't exist: file:/home/alex/Repositories/hive/ql/target/tmp/org.apache.hadoop.hive.ql.TestTxnNoBuckets-1713959849960/warehouse/nonacidnonbucket/.hive-staging_hive_2024-04-24_04-58-31_370_9109770697847402236-1
2024-04-24T04:58:31,553  INFO [main] HiveMetaStore.audit: ugi=alex	ip=unknown-ip-addr	cmd=get_not_null_constraints : tbl=hive.default.nonacidnonbucket	
2024-04-24T04:58:31,555  INFO [main] HiveMetaStore.audit: ugi=alex	ip=unknown-ip-addr	cmd=get_check_constraints : tbl=hive.default.nonacidnonbucket	
2024-04-24T04:58:31,556  INFO [main] parse.CalcitePlanner: CBO Succeeded; optimized logical plan.
2024-04-24T04:58:31,559  INFO [main] optimizer.BucketVersionPopulator: not considering bucketingVersion for: TS[0] because it has -1<2 buckets 
2024-04-24T04:58:31,559  INFO [main] optimizer.SortedDynPartitionOptimizer: Sorted dynamic partitioning optimization kicked in..
2024-04-24T04:58:31,569  INFO [main] HiveMetaStore.audit: ugi=alex	ip=unknown-ip-addr	cmd=get_table : tbl=hive.default.nonacidnonbucket	
2024-04-24T04:58:31,580  INFO [main] metastore.HMSHandler: Skipping translation for processor with null
2024-04-24T04:58:31,581  INFO [main] optimizer.GenMRFileSink1: using CombineHiveInputformat for the merge job
2024-04-24T04:58:31,581  INFO [main] HiveMetaStore.audit: ugi=alex	ip=unknown-ip-addr	cmd=get_table : tbl=hive.default.nonacidnonbucket	
2024-04-24T04:58:31,593  INFO [main] metastore.HMSHandler: Skipping translation for processor with null
2024-04-24T04:58:31,594  INFO [main] physical.Vectorizer: Examining input format to see if vectorization is enabled.
2024-04-24T04:58:31,594  INFO [main] physical.Vectorizer: Map vectorization enabled: false
2024-04-24T04:58:31,594  INFO [main] physical.Vectorizer: Map vectorized: false
2024-04-24T04:58:31,594  INFO [main] physical.Vectorizer: Map vectorizedVertexNum: 0
2024-04-24T04:58:31,594  INFO [main] physical.Vectorizer: Map enabledConditionsMet: [hive.vectorized.use.vectorized.input.format IS true]
2024-04-24T04:58:31,594  INFO [main] physical.Vectorizer: Map enabledConditionsNotMet: [Could not enable vectorization due to partition column names size 1 is greater than the number of table column names size 0 IS false]
2024-04-24T04:58:31,594  INFO [main] physical.Vectorizer: Map inputFileFormatClassNameSet: [org.apache.hadoop.hive.ql.io.NullRowsInputFormat]
2024-04-24T04:58:31,595  INFO [main] parse.CalcitePlanner: Completed plan generation
2024-04-24T04:58:31,595  INFO [main] parse.CalcitePlanner: Ending caching scope for: 
2024-04-24T04:58:31,595  INFO [main] ql.Driver: Semantic Analysis Completed (retrial = false)
2024-04-24T04:58:31,595  INFO [main] ql.Driver: Created Hive schema: Schema(fieldSchemas:[FieldSchema(name:_col0, type:int, comment:null), FieldSchema(name:_col1, type:int, comment:null)], properties:null)
2024-04-24T04:58:31,595  INFO [main] metadata.Hive: Dumping metastore api call timing information for : compilation phase
2024-04-24T04:58:31,595  INFO [main] metadata.Hive: Total time spent in each metastore function (ms): {getAllTableConstraints_(AllTableConstraintsRequest)=29, getCheckConstraints_(CheckConstraintsRequest)=1, getValidWriteIds_(List, String)=5, isCompatibleWith_(Configuration)=0, flushCache_()=0, getNotNullConstraints_(NotNullConstraintsRequest)=2, getTable_(GetTableRequest)=83, getValidTxns_(long)=1, openTxn_(String, TxnType)=3, commitTxn_(CommitTxnRequest)=11}
2024-04-24T04:58:31,596  INFO [main] ql.Driver: Completed compiling command(queryId=alex_20240424045831_00eeabb4-671c-42c9-86c9-b6443f248275); Time taken: 0.225 seconds
2024-04-24T04:58:31,596  INFO [main] lockmgr.DbTxnManager: Setting lock request transaction to txnid:13 for queryId=alex_20240424045831_00eeabb4-671c-42c9-86c9-b6443f248275
2024-04-24T04:58:31,596  INFO [main] lockmgr.DbLockManager: Requesting lock for queryId=alex_20240424045831_00eeabb4-671c-42c9-86c9-b6443f248275
2024-04-24T04:58:31,618  INFO [main] lockmgr.DbLockManager: Response to queryId=alex_20240424045831_00eeabb4-671c-42c9-86c9-b6443f248275 LockResponse(lockid:7, state:ACQUIRED)
2024-04-24T04:58:31,618  INFO [main] ql.Driver: Operation QUERY obtained 1 locks
2024-04-24T04:58:31,618  INFO [main] ql.Driver: Executing command(queryId=alex_20240424045831_00eeabb4-671c-42c9-86c9-b6443f248275): insert into nonAcidNonBucket(a,b) values(1,2),(1,3)
2024-04-24T04:58:31,619  WARN [main] ql.Driver: Hive-on-MR is deprecated in Hive 2 and may not be available in the future versions. Consider using a different execution engine (i.e. tez, spark) or using Hive 1.X releases.
Query ID = alex_20240424045831_00eeabb4-671c-42c9-86c9-b6443f248275
2024-04-24T04:58:31,619  INFO [main] ql.Driver: Query ID = alex_20240424045831_00eeabb4-671c-42c9-86c9-b6443f248275
Total jobs = 1
2024-04-24T04:58:31,619  INFO [main] ql.Driver: Total jobs = 1
Launching Job 1 out of 1
2024-04-24T04:58:31,619  INFO [main] ql.Driver: Launching Job 1 out of 1
2024-04-24T04:58:31,769  INFO [main] ql.Driver: Starting task [Stage-1:MAPRED] in serial mode
Number of reduce tasks is set to 0 since there's no reduce operator
2024-04-24T04:58:31,769  INFO [main] exec.Task: Number of reduce tasks is set to 0 since there's no reduce operator
2024-04-24T04:58:31,771  INFO [main] mr.ExecDriver: Using org.apache.hadoop.hive.ql.io.HiveInputFormat
2024-04-24T04:58:31,772  INFO [main] exec.Utilities: Processing alias $hdt$_0:_dummy_table
2024-04-24T04:58:31,772  INFO [main] exec.Utilities: Adding 1 inputs; the first input is file:/home/alex/Repositories/hive/ql/target/tmp/localscratchdir/8c7e0359-82c4-43a8-8075-830caed3c040/hive_2024-04-24_04-58-31_370_9109770697847402236-1/dummy_path
2024-04-24T04:58:31,782  INFO [main] exec.SerializationUtilities: Serializing MapWork using kryo
2024-04-24T04:58:31,782  INFO [main] exec.Utilities: Serialized plan (via FILE) - name: null size: 6,14KB
2024-04-24T04:58:31,783  WARN [main] impl.MetricsSystemImpl: JobTracker metrics system already initialized!
2024-04-24T04:58:31,787  INFO [main] fs.FSStatsPublisher: created : file:/home/alex/Repositories/hive/ql/target/tmp/localscratchdir/8c7e0359-82c4-43a8-8075-830caed3c040/hive_2024-04-24_04-58-31_370_9109770697847402236-1/-mr-10001
2024-04-24T04:58:31,792  WARN [main] impl.MetricsSystemImpl: JobTracker metrics system already initialized!
2024-04-24T04:58:31,799  WARN [main] mapreduce.JobResourceUploader: Hadoop command-line option parsing not performed. Implement the Tool interface and execute your application with ToolRunner to remedy this.
2024-04-24T04:58:31,804  WARN [main] mapreduce.JobResourceUploader: No job jar file set.  User classes may not be found. See Job or Job#setJar(String).
2024-04-24T04:58:31,805  INFO [main] io.HiveInputFormat: hive.io.file.readcolumn.ids = 
2024-04-24T04:58:31,805  INFO [main] io.HiveInputFormat: hive.io.file.readcolumn.names = 
2024-04-24T04:58:31,805  INFO [main] io.HiveInputFormat: Generating splits for dirs: file:/home/alex/Repositories/hive/ql/target/tmp/localscratchdir/8c7e0359-82c4-43a8-8075-830caed3c040/hive_2024-04-24_04-58-31_370_9109770697847402236-1/dummy_path
2024-04-24T04:58:31,805  INFO [main] io.HiveInputFormat: number of splits 1
2024-04-24T04:58:31,825  INFO [main] mapreduce.JobSubmitter: number of splits:1
2024-04-24T04:58:31,844  INFO [main] mapreduce.JobSubmitter: Submitting tokens for job: job_local446868817_0022
2024-04-24T04:58:31,844  INFO [main] mapreduce.JobSubmitter: Executing with tokens: []
2024-04-24T04:58:31,908  INFO [main] mapreduce.Job: The url to track the job: http://localhost:8080/
Job running in-process (local Hadoop)
2024-04-24T04:58:31,908  INFO [main] exec.Task: Job running in-process (local Hadoop)
2024-04-24T04:58:31,909  INFO [Thread-1437] mapred.LocalJobRunner: OutputCommitter set in config org.apache.hadoop.hive.ql.io.HiveFileFormatUtils$NullOutputCommitter
2024-04-24T04:58:31,909  INFO [Thread-1437] mapred.LocalJobRunner: OutputCommitter is org.apache.hadoop.hive.ql.io.HiveFileFormatUtils$NullOutputCommitter
2024-04-24T04:58:31,910  INFO [Thread-1437] mapred.LocalJobRunner: Waiting for map tasks
2024-04-24T04:58:31,910  INFO [LocalJobRunner Map Task Executor #0] mapred.LocalJobRunner: Starting task: attempt_local446868817_0022_m_000000_0
2024-04-24T04:58:31,913  INFO [LocalJobRunner Map Task Executor #0] mapred.Task:  Using ResourceCalculatorProcessTree : [ ]
2024-04-24T04:58:31,914  INFO [LocalJobRunner Map Task Executor #0] mapred.MapTask: Processing split: org.apache.hadoop.hive.ql.io.NullRowsInputFormat:file:/home/alex/Repositories/hive/ql/target/tmp/localscratchdir/8c7e0359-82c4-43a8-8075-830caed3c040/hive_2024-04-24_04-58-31_370_9109770697847402236-1/dummy_path/null:0+1
2024-04-24T04:58:31,916  INFO [LocalJobRunner Map Task Executor #0] exec.SerializationUtilities: Deserializing MapWork using kryo
2024-04-24T04:58:31,916  INFO [LocalJobRunner Map Task Executor #0] exec.Utilities: Deserialized plan (via FILE) - name: null size: 6,14KB
2024-04-24T04:58:31,917  INFO [LocalJobRunner Map Task Executor #0] mapred.MapTask: numReduceTasks: 0
2024-04-24T04:58:31,919  INFO [LocalJobRunner Map Task Executor #0] exec.MapOperator: Initializing Operator: MAP[0]
2024-04-24T04:58:31,919  INFO [LocalJobRunner Map Task Executor #0] mr.ExecMapper: 
<MAP>Id =0
  <Children>null
  <\Children>
  <Parent><\Parent>
<\MAP>
2024-04-24T04:58:31,920  INFO [LocalJobRunner Map Task Executor #0] exec.TableScanOperator: Initializing Operator: TS[0]
2024-04-24T04:58:31,920  INFO [LocalJobRunner Map Task Executor #0] exec.SelectOperator: Initializing Operator: SEL[1]
2024-04-24T04:58:31,921  INFO [LocalJobRunner Map Task Executor #0] exec.SelectOperator: SELECT null
2024-04-24T04:58:31,921  INFO [LocalJobRunner Map Task Executor #0] exec.UDTFOperator: Initializing Operator: UDTF[2]
2024-04-24T04:58:31,921  INFO [LocalJobRunner Map Task Executor #0] exec.SelectOperator: Initializing Operator: SEL[3]
2024-04-24T04:58:31,921  INFO [LocalJobRunner Map Task Executor #0] exec.SelectOperator: SELECT struct<col1:int,col2:int>
2024-04-24T04:58:31,921  INFO [LocalJobRunner Map Task Executor #0] exec.FileSinkOperator: Initializing Operator: FS[4]
2024-04-24T04:58:31,921  INFO [LocalJobRunner Map Task Executor #0] exec.FileSinkOperator: Using serializer : AbstractSerDe [log=org.apache.logging.slf4j.Log4jLogger@7620dc3c, configuration=Optional[Configuration: core-default.xml, core-site.xml, mapred-default.xml, mapred-site.xml, yarn-default.xml, yarn-site.xml, hdfs-default.xml, hdfs-site.xml, file:/home/alex/Repositories/hive/ql/target/tmp/TestTxnNoBucketsVectorized/mapred/local/localRunner/alex/job_local446868817_0022/job_local446868817_0022.xml], properties={name=default.nonacidnonbucket, columns.types=int:int, serialization.format=1, columns=a,b, numFilesErasureCoded=0, columns.comments=&amp#0;, bucketing_version=2, serialization.lib=org.apache.hadoop.hive.ql.io.orc.OrcSerde, file.inputformat=org.apache.hadoop.hive.ql.io.orc.OrcInputFormat, file.outputformat=org.apache.hadoop.hive.ql.io.orc.OrcOutputFormat, location=file:/home/alex/Repositories/hive/ql/target/tmp/org.apache.hadoop.hive.ql.TestTxnNoBuckets-1713959849960/warehouse/nonacidnonbucket, column.name.delimiter=,}, tableProperties={name=default.nonacidnonbucket, columns.types=int:int, serialization.format=1, columns=a,b, numFilesErasureCoded=0, columns.comments=&amp#0;, bucketing_version=2, serialization.lib=org.apache.hadoop.hive.ql.io.orc.OrcSerde, file.inputformat=org.apache.hadoop.hive.ql.io.orc.OrcInputFormat, location=file:/home/alex/Repositories/hive/ql/target/tmp/org.apache.hadoop.hive.ql.TestTxnNoBuckets-1713959849960/warehouse/nonacidnonbucket, file.outputformat=org.apache.hadoop.hive.ql.io.orc.OrcOutputFormat, column.name.delimiter=,}, partitionProperties=Optional.empty, columnNames=[a, b], columnTypes=[int, int], getClass()=class org.apache.hadoop.hive.ql.io.orc.OrcSerde] and formatter : org.apache.hadoop.hive.ql.io.orc.OrcOutputFormat@26d30e6a
2024-04-24T04:58:31,922  INFO [LocalJobRunner Map Task Executor #0] exec.FileSinkOperator: Final Path: FS file:/home/alex/Repositories/hive/ql/target/tmp/org.apache.hadoop.hive.ql.TestTxnNoBuckets-1713959849960/warehouse/nonacidnonbucket/.hive-staging_hive_2024-04-24_04-58-31_370_9109770697847402236-1/_tmp.-ext-10002/000000_0
2024-04-24T04:58:31,922  INFO [LocalJobRunner Map Task Executor #0] exec.FileSinkOperator: Writing to temp file: FS file:/home/alex/Repositories/hive/ql/target/tmp/org.apache.hadoop.hive.ql.TestTxnNoBuckets-1713959849960/warehouse/nonacidnonbucket/.hive-staging_hive_2024-04-24_04-58-31_370_9109770697847402236-1/_task_tmp.-ext-10002/_tmp.000000_0
2024-04-24T04:58:31,922  INFO [LocalJobRunner Map Task Executor #0] exec.FileSinkOperator: New Final Path: FS file:/home/alex/Repositories/hive/ql/target/tmp/org.apache.hadoop.hive.ql.TestTxnNoBuckets-1713959849960/warehouse/nonacidnonbucket/.hive-staging_hive_2024-04-24_04-58-31_370_9109770697847402236-1/_tmp.-ext-10002/000000_0
2024-04-24T04:58:31,924  INFO [LocalJobRunner Map Task Executor #0] exec.FileSinkOperator: FS[4]: records written - 1
2024-04-24T04:58:31,925  INFO [LocalJobRunner Map Task Executor #0] impl.PhysicalFsWriter: ORC writer created for path: file:/home/alex/Repositories/hive/ql/target/tmp/org.apache.hadoop.hive.ql.TestTxnNoBuckets-1713959849960/warehouse/nonacidnonbucket/.hive-staging_hive_2024-04-24_04-58-31_370_9109770697847402236-1/_task_tmp.-ext-10002/_tmp.000000_0 with stripeSize: 67108864 blockSize: 268435456 compression: Compress: ZLIB buffer: 262144
2024-04-24T04:58:31,932  INFO [LocalJobRunner Map Task Executor #0] impl.WriterImpl: ORC writer created for path: file:/home/alex/Repositories/hive/ql/target/tmp/org.apache.hadoop.hive.ql.TestTxnNoBuckets-1713959849960/warehouse/nonacidnonbucket/.hive-staging_hive_2024-04-24_04-58-31_370_9109770697847402236-1/_task_tmp.-ext-10002/_tmp.000000_0 with stripeSize: 67108864 options: Compress: ZLIB buffer: 262144
2024-04-24T04:58:31,932  INFO [LocalJobRunner Map Task Executor #0] exec.MapOperator: MAP[0]: records read - 1
2024-04-24T04:58:31,932  INFO [LocalJobRunner Map Task Executor #0] exec.MapOperator: Closing Operator: MAP[0]
2024-04-24T04:58:31,932  INFO [LocalJobRunner Map Task Executor #0] exec.MapOperator: MAP[0]: Total records read - 3. abort - false
2024-04-24T04:58:31,932  INFO [LocalJobRunner Map Task Executor #0] exec.MapOperator: RECORDS_IN:3, RECORDS_OUT_OPERATOR_MAP_0:0, DESERIALIZE_ERRORS:0, RECORDS_OUT_INTERMEDIATE:0, 
2024-04-24T04:58:31,932  INFO [LocalJobRunner Map Task Executor #0] exec.TableScanOperator: Closing Operator: TS[0]
2024-04-24T04:58:31,933  INFO [LocalJobRunner Map Task Executor #0] exec.TableScanOperator: RECORDS_OUT_INTERMEDIATE:0, RECORDS_OUT_OPERATOR_TS_0:1, 
2024-04-24T04:58:31,933  INFO [LocalJobRunner Map Task Executor #0] exec.SelectOperator: Closing Operator: SEL[1]
2024-04-24T04:58:31,933  INFO [LocalJobRunner Map Task Executor #0] exec.SelectOperator: RECORDS_OUT_INTERMEDIATE:0, RECORDS_OUT_OPERATOR_SEL_1:1, 
2024-04-24T04:58:31,933  INFO [LocalJobRunner Map Task Executor #0] exec.UDTFOperator: Closing Operator: UDTF[2]
2024-04-24T04:58:31,933  INFO [LocalJobRunner Map Task Executor #0] exec.UDTFOperator: RECORDS_OUT_OPERATOR_UDTF_2:2, RECORDS_OUT_INTERMEDIATE:0, 
2024-04-24T04:58:31,933  INFO [LocalJobRunner Map Task Executor #0] exec.SelectOperator: Closing Operator: SEL[3]
2024-04-24T04:58:31,933  INFO [LocalJobRunner Map Task Executor #0] exec.SelectOperator: RECORDS_OUT_INTERMEDIATE:0, RECORDS_OUT_OPERATOR_SEL_3:2, 
2024-04-24T04:58:31,933  INFO [LocalJobRunner Map Task Executor #0] exec.FileSinkOperator: Closing Operator: FS[4]
2024-04-24T04:58:31,933  INFO [LocalJobRunner Map Task Executor #0] exec.FileSinkOperator: FS[4]: records written - 2
2024-04-24T04:58:31,940  INFO [LocalJobRunner Map Task Executor #0] exec.FileSinkOperator: RECORDS_OUT_1_default.nonacidnonbucket:2, RECORDS_OUT_OPERATOR_FS_4:2, TOTAL_TABLE_ROWS_WRITTEN:2, RECORDS_OUT_INTERMEDIATE:0, 
2024-04-24T04:58:31,941  INFO [LocalJobRunner Map Task Executor #0] mapred.LocalJobRunner: 
2024-04-24T04:58:31,944  INFO [LocalJobRunner Map Task Executor #0] mapred.Task: Task:attempt_local446868817_0022_m_000000_0 is done. And is in the process of committing
2024-04-24T04:58:31,944  INFO [LocalJobRunner Map Task Executor #0] mapred.LocalJobRunner: map
2024-04-24T04:58:31,945  INFO [LocalJobRunner Map Task Executor #0] mapred.Task: Task 'attempt_local446868817_0022_m_000000_0' done.
2024-04-24T04:58:31,945  INFO [LocalJobRunner Map Task Executor #0] mapred.Task: Final Counters for attempt_local446868817_0022_m_000000_0: Counters: 27
	File System Counters
		FILE: Number of bytes read=487390
		FILE: Number of bytes written=26455567
		FILE: Number of read operations=0
		FILE: Number of large read operations=0
		FILE: Number of write operations=0
	Map-Reduce Framework
		Map input records=4
		Map output records=0
		Input split bytes=361
		Spilled Records=0
		Failed Shuffles=0
		Merged Map outputs=0
		GC time elapsed (ms)=0
		Total committed heap usage (bytes)=1101004800
	HIVE
		CREATED_FILES=1
		DESERIALIZE_ERRORS=0
		RECORDS_IN=3
		RECORDS_OUT_1_default.nonacidnonbucket=2
		RECORDS_OUT_INTERMEDIATE=0
		RECORDS_OUT_OPERATOR_FS_4=2
		RECORDS_OUT_OPERATOR_MAP_0=0
		RECORDS_OUT_OPERATOR_SEL_1=1
		RECORDS_OUT_OPERATOR_SEL_3=2
		RECORDS_OUT_OPERATOR_TS_0=1
		RECORDS_OUT_OPERATOR_UDTF_2=2
		TOTAL_TABLE_ROWS_WRITTEN=2
	File Input Format Counters 
		Bytes Read=6196
	File Output Format Counters 
		Bytes Written=0
2024-04-24T04:58:31,945  INFO [LocalJobRunner Map Task Executor #0] mapred.LocalJobRunner: Finishing task: attempt_local446868817_0022_m_000000_0
2024-04-24T04:58:31,945  INFO [Thread-1437] mapred.LocalJobRunner: map task executor complete.
2024-04-24 04:58:32,910 Stage-1 map = 100%,  reduce = 0%
2024-04-24T04:58:32,910  INFO [main] exec.Task: 2024-04-24 04:58:32,910 Stage-1 map = 100%,  reduce = 0%
Ended Job = job_local446868817_0022
2024-04-24T04:58:32,910  INFO [main] exec.Task: Ended Job = job_local446868817_0022
2024-04-24T04:58:32,912  INFO [main] ql.Driver: Starting task [Stage-7:CONDITIONAL] in serial mode
Stage-4 is selected by condition resolver.
2024-04-24T04:58:32,912  INFO [main] exec.Task: Stage-4 is selected by condition resolver.
Stage-3 is filtered out by condition resolver.
2024-04-24T04:58:32,913  INFO [main] exec.Task: Stage-3 is filtered out by condition resolver.
Stage-5 is filtered out by condition resolver.
2024-04-24T04:58:32,913  INFO [main] exec.Task: Stage-5 is filtered out by condition resolver.
2024-04-24T04:58:32,913  INFO [main] ql.Driver: Starting task [Stage-4:MOVE] in serial mode
Moving data to directory file:/home/alex/Repositories/hive/ql/target/tmp/org.apache.hadoop.hive.ql.TestTxnNoBuckets-1713959849960/warehouse/nonacidnonbucket/.hive-staging_hive_2024-04-24_04-58-31_370_9109770697847402236-1/-ext-10000
2024-04-24T04:58:32,913  INFO [main] exec.Task: Moving data to directory file:/home/alex/Repositories/hive/ql/target/tmp/org.apache.hadoop.hive.ql.TestTxnNoBuckets-1713959849960/warehouse/nonacidnonbucket/.hive-staging_hive_2024-04-24_04-58-31_370_9109770697847402236-1/-ext-10000 from file:/home/alex/Repositories/hive/ql/target/tmp/org.apache.hadoop.hive.ql.TestTxnNoBuckets-1713959849960/warehouse/nonacidnonbucket/.hive-staging_hive_2024-04-24_04-58-31_370_9109770697847402236-1/-ext-10002
2024-04-24T04:58:32,913  INFO [main] ql.Driver: Starting task [Stage-0:MOVE] in serial mode
Loading data to table default.nonacidnonbucket
2024-04-24T04:58:32,913  INFO [main] exec.Task: Loading data to table default.nonacidnonbucket from file:/home/alex/Repositories/hive/ql/target/tmp/org.apache.hadoop.hive.ql.TestTxnNoBuckets-1713959849960/warehouse/nonacidnonbucket/.hive-staging_hive_2024-04-24_04-58-31_370_9109770697847402236-1/-ext-10000
2024-04-24T04:58:32,913  INFO [main] HiveMetaStore.audit: ugi=alex	ip=unknown-ip-addr	cmd=get_table : tbl=hive.default.nonacidnonbucket	
2024-04-24T04:58:32,922  INFO [main] metastore.HMSHandler: Skipping translation for processor with null
2024-04-24T04:58:32,922  INFO [main] HiveMetaStore.audit: ugi=alex	ip=unknown-ip-addr	cmd=get_table : tbl=hive.default.nonacidnonbucket	
2024-04-24T04:58:32,931  INFO [main] metastore.HMSHandler: Skipping translation for processor with null
2024-04-24T04:58:32,932  WARN [main] metadata.Hive: Cannot get a table snapshot for nonacidnonbucket
2024-04-24T04:58:32,932  INFO [main] HiveMetaStore.audit: ugi=alex	ip=unknown-ip-addr	cmd=alter_table: hive.default.nonacidnonbucket newtbl=nonacidnonbucket	
2024-04-24T04:58:32,967  INFO [main] ql.Driver: Starting task [Stage-2:STATS] in serial mode
2024-04-24T04:58:32,967  INFO [main] HiveMetaStore.audit: ugi=alex	ip=unknown-ip-addr	cmd=get_table : tbl=hive.default.nonacidnonbucket	
2024-04-24T04:58:32,977  INFO [main] metastore.HMSHandler: Skipping translation for processor with null
2024-04-24T04:58:32,977  INFO [main] stats.BasicStatsTask: Executing stats task
2024-04-24T04:58:32,977  INFO [main] fs.FSStatsPublisher: created : file:/home/alex/Repositories/hive/ql/target/tmp/localscratchdir/8c7e0359-82c4-43a8-8075-830caed3c040/hive_2024-04-24_04-58-31_370_9109770697847402236-1/-mr-10001
2024-04-24T04:58:32,978  INFO [main] HiveMetaStore.audit: ugi=alex	ip=unknown-ip-addr	cmd=get_table : tbl=hive.default.nonacidnonbucket	
2024-04-24T04:58:32,987  INFO [main] metastore.HMSHandler: Skipping translation for processor with null
2024-04-24T04:58:32,988  INFO [main] FileOperations: Read stats for default.nonacidnonbucket/, numRows, true, 2, false: 
2024-04-24T04:58:32,988  INFO [main] FileOperations: Read stats for default.nonacidnonbucket/, rawDataSize, true, 16, false: 
2024-04-24T04:58:32,988  WARN [main] metadata.Hive: Cannot get a table snapshot for nonacidnonbucket
2024-04-24T04:58:32,988  INFO [main] HiveMetaStore.audit: ugi=alex	ip=unknown-ip-addr	cmd=alter_table: hive.default.nonacidnonbucket newtbl=nonacidnonbucket	
2024-04-24T04:58:33,013  INFO [main] stats.BasicStatsTask: Table default.nonacidnonbucket stats: [numFiles=1, numRows=2, totalSize=254, rawDataSize=16, numFilesErasureCoded=0]
2024-04-24T04:58:33,013  INFO [main] metadata.Hive: Dumping metastore api call timing information for : execution phase
2024-04-24T04:58:33,014  INFO [main] metadata.Hive: Total time spent in each metastore function (ms): {alter_table_(String, String, String, Table, EnvironmentContext, String)=60, isCompatibleWith_(Configuration)=0, getTable_(GetTableRequest)=37}
MapReduce Jobs Launched: 
2024-04-24T04:58:33,014  INFO [main] ql.Driver: MapReduce Jobs Launched: 
Stage-Stage-1:  HDFS Read: 0 HDFS Write: 0 SUCCESS
2024-04-24T04:58:33,014  INFO [main] ql.Driver: Stage-Stage-1:  HDFS Read: 0 HDFS Write: 0 SUCCESS
Total MapReduce CPU Time Spent: 0 msec
2024-04-24T04:58:33,014  INFO [main] ql.Driver: Total MapReduce CPU Time Spent: 0 msec
2024-04-24T04:58:33,014  INFO [main] ql.Driver: Completed executing command(queryId=alex_20240424045831_00eeabb4-671c-42c9-86c9-b6443f248275); Time taken: 1.395 seconds
2024-04-24T04:58:33,014  INFO [main] lockmgr.DbTxnManager: Stopped heartbeat for query: alex_20240424045831_00eeabb4-671c-42c9-86c9-b6443f248275
2024-04-24T04:58:33,018  INFO [main] txn.TxnHandler: Expected to move at least one record from txn_components to completed_txn_components when committing txn! txnid:13
2024-04-24T04:58:33,024  INFO [main] txn.TxnHandler: Removed transactions: ([13]) from MIN_HISTORY_LEVEL
2024-04-24T04:58:33,025  WARN [main] txn.CompactionTxnHandler: No compaction queue record found for Compaction type transaction commit. txnId:13
2024-04-24T04:58:33,026  INFO [main] ql.TxnCommandsBaseForTests: Running the query: insert into nonAcidNonBucket(a,b) values(0,12),(0,13),(1,4),(1,5)
2024-04-24T04:58:33,026  INFO [main] ql.Context: Deleting scratch dir: file:/home/alex/Repositories/hive/ql/target/tmp/org.apache.hadoop.hive.ql.TestTxnNoBuckets-1713959849960/warehouse/nonacidnonbucket/.hive-staging_hive_2024-04-24_04-58-31_370_9109770697847402236-1
2024-04-24T04:58:33,026  INFO [main] cleanup.SyncCleanupService: Deleted directory: file:/home/alex/Repositories/hive/ql/target/tmp/org.apache.hadoop.hive.ql.TestTxnNoBuckets-1713959849960/warehouse/nonacidnonbucket/.hive-staging_hive_2024-04-24_04-58-31_370_9109770697847402236-1 on fs with scheme file
2024-04-24T04:58:33,026  INFO [main] ql.Context: Deleting scratch dir: file:/home/alex/Repositories/hive/ql/target/tmp/localscratchdir/8c7e0359-82c4-43a8-8075-830caed3c040/hive_2024-04-24_04-58-31_370_9109770697847402236-1
2024-04-24T04:58:33,027  INFO [main] cleanup.SyncCleanupService: Deleted directory: file:/home/alex/Repositories/hive/ql/target/tmp/localscratchdir/8c7e0359-82c4-43a8-8075-830caed3c040/hive_2024-04-24_04-58-31_370_9109770697847402236-1 on fs with scheme file
2024-04-24T04:58:33,027  INFO [main] ql.Driver: Compiling command(queryId=alex_20240424045833_28c2fc4e-ceb0-496f-b12a-a59195d39051): insert into nonAcidNonBucket(a,b) values(0,12),(0,13),(1,4),(1,5)
2024-04-24T04:58:33,030  INFO [main] txn.TxnHandler: Added entries to MIN_HISTORY_LEVEL for current txns: ([14]) with min_open_txn: 14
2024-04-24T04:58:33,030  INFO [main] lockmgr.DbTxnManager: Opened txnid:14
2024-04-24T04:58:33,031  INFO [main] parse.CalcitePlanner: Starting caching scope for: 
2024-04-24T04:58:33,031  INFO [main] parse.CalcitePlanner: Starting Semantic Analysis
2024-04-24T04:58:33,033  INFO [main] HiveMetaStore.audit: ugi=alex	ip=unknown-ip-addr	cmd=get_table : tbl=hive.default.nonAcidNonBucket	
2024-04-24T04:58:33,042  INFO [main] metastore.HMSHandler: Skipping translation for processor with null
2024-04-24T04:58:33,043  INFO [main] parse.CalcitePlanner: Completed phase 1 of Semantic Analysis
2024-04-24T04:58:33,043  INFO [main] parse.CalcitePlanner: Get metadata for source tables
2024-04-24T04:58:33,043  INFO [main] parse.CalcitePlanner: Get metadata for subqueries
2024-04-24T04:58:33,043  INFO [main] parse.CalcitePlanner: Get metadata for destination tables
2024-04-24T04:58:33,043  INFO [main] HiveMetaStore.audit: ugi=alex	ip=unknown-ip-addr	cmd=get_table : tbl=hive.default.nonAcidNonBucket	
2024-04-24T04:58:33,051  INFO [main] metastore.HMSHandler: Skipping translation for processor with null
2024-04-24T04:58:33,052  INFO [main] parse.CalcitePlanner: Completed getting MetaData in Semantic Analysis
2024-04-24T04:58:33,052  INFO [main] parse.CalcitePlanner: Disabling LLAP IO encode as ETL query is detected
2024-04-24T04:58:33,074  INFO [main] HiveMetaStore.audit: ugi=alex	ip=unknown-ip-addr	cmd=get_all_table_constraints : tbl=hive._dummy_database._dummy_table	
2024-04-24T04:58:33,126  INFO [main] parse.CalcitePlanner: Get metadata for source tables
2024-04-24T04:58:33,126  INFO [main] parse.CalcitePlanner: Get metadata for subqueries
2024-04-24T04:58:33,126  INFO [main] parse.CalcitePlanner: Get metadata for source tables
2024-04-24T04:58:33,126  INFO [main] HiveMetaStore.audit: ugi=alex	ip=unknown-ip-addr	cmd=get_table : tbl=hive._dummy_database._dummy_table	
2024-04-24T04:58:33,129  INFO [main] parse.CalcitePlanner: Get metadata for subqueries
2024-04-24T04:58:33,129  INFO [main] parse.CalcitePlanner: Get metadata for destination tables
2024-04-24T04:58:33,129  INFO [main] parse.CalcitePlanner: Get metadata for destination tables
2024-04-24T04:58:33,129  INFO [main] HiveMetaStore.audit: ugi=alex	ip=unknown-ip-addr	cmd=get_table : tbl=hive.default.nonAcidNonBucket	
2024-04-24T04:58:33,139  INFO [main] metastore.HMSHandler: Skipping translation for processor with null
2024-04-24T04:58:33,142  INFO [main] common.FileUtils: Creating directory if it doesn't exist: file:/home/alex/Repositories/hive/ql/target/tmp/org.apache.hadoop.hive.ql.TestTxnNoBuckets-1713959849960/warehouse/nonacidnonbucket/.hive-staging_hive_2024-04-24_04-58-33_027_1185730808877968889-1
2024-04-24T04:58:33,144  INFO [main] HiveMetaStore.audit: ugi=alex	ip=unknown-ip-addr	cmd=get_not_null_constraints : tbl=hive.default.nonacidnonbucket	
2024-04-24T04:58:33,145  INFO [main] HiveMetaStore.audit: ugi=alex	ip=unknown-ip-addr	cmd=get_check_constraints : tbl=hive.default.nonacidnonbucket	
2024-04-24T04:58:33,146  INFO [main] parse.CalcitePlanner: CBO Succeeded; optimized logical plan.
2024-04-24T04:58:33,149  INFO [main] optimizer.BucketVersionPopulator: not considering bucketingVersion for: TS[0] because it has -1<2 buckets 
2024-04-24T04:58:33,150  INFO [main] optimizer.SortedDynPartitionOptimizer: Sorted dynamic partitioning optimization kicked in..
2024-04-24T04:58:33,157  INFO [main] HiveMetaStore.audit: ugi=alex	ip=unknown-ip-addr	cmd=get_table : tbl=hive.default.nonacidnonbucket	
2024-04-24T04:58:33,167  INFO [main] metastore.HMSHandler: Skipping translation for processor with null
2024-04-24T04:58:33,168  INFO [main] optimizer.GenMRFileSink1: using CombineHiveInputformat for the merge job
2024-04-24T04:58:33,168  INFO [main] HiveMetaStore.audit: ugi=alex	ip=unknown-ip-addr	cmd=get_table : tbl=hive.default.nonacidnonbucket	
2024-04-24T04:58:33,177  INFO [main] metastore.HMSHandler: Skipping translation for processor with null
2024-04-24T04:58:33,179  INFO [main] physical.Vectorizer: Examining input format to see if vectorization is enabled.
2024-04-24T04:58:33,179  INFO [main] physical.Vectorizer: Map vectorization enabled: false
2024-04-24T04:58:33,179  INFO [main] physical.Vectorizer: Map vectorized: false
2024-04-24T04:58:33,179  INFO [main] physical.Vectorizer: Map vectorizedVertexNum: 0
2024-04-24T04:58:33,179  INFO [main] physical.Vectorizer: Map enabledConditionsMet: [hive.vectorized.use.vectorized.input.format IS true]
2024-04-24T04:58:33,179  INFO [main] physical.Vectorizer: Map enabledConditionsNotMet: [Could not enable vectorization due to partition column names size 1 is greater than the number of table column names size 0 IS false]
2024-04-24T04:58:33,179  INFO [main] physical.Vectorizer: Map inputFileFormatClassNameSet: [org.apache.hadoop.hive.ql.io.NullRowsInputFormat]
2024-04-24T04:58:33,180  INFO [main] parse.CalcitePlanner: Completed plan generation
2024-04-24T04:58:33,180  INFO [main] parse.CalcitePlanner: Ending caching scope for: 
2024-04-24T04:58:33,180  INFO [main] ql.Driver: Semantic Analysis Completed (retrial = false)
2024-04-24T04:58:33,180  INFO [main] ql.Driver: Created Hive schema: Schema(fieldSchemas:[FieldSchema(name:_col0, type:int, comment:null), FieldSchema(name:_col1, type:int, comment:null)], properties:null)
2024-04-24T04:58:33,180  INFO [main] metadata.Hive: Dumping metastore api call timing information for : compilation phase
2024-04-24T04:58:33,180  INFO [main] metadata.Hive: Total time spent in each metastore function (ms): {getNotNullConstraints_(NotNullConstraintsRequest)=1, getTable_(GetTableRequest)=48, getValidTxns_(long)=1, isCompatibleWith_(Configuration)=0, getCheckConstraints_(CheckConstraintsRequest)=1, getAllTableConstraints_(AllTableConstraintsRequest)=5, flushCache_()=0, commitTxn_(CommitTxnRequest)=11, openTxn_(String, TxnType)=2, getValidWriteIds_(List, String)=2}
2024-04-24T04:58:33,180  INFO [main] ql.Driver: Completed compiling command(queryId=alex_20240424045833_28c2fc4e-ceb0-496f-b12a-a59195d39051); Time taken: 0.153 seconds
2024-04-24T04:58:33,180  INFO [main] lockmgr.DbTxnManager: Setting lock request transaction to txnid:14 for queryId=alex_20240424045833_28c2fc4e-ceb0-496f-b12a-a59195d39051
2024-04-24T04:58:33,180  INFO [main] lockmgr.DbLockManager: Requesting lock for queryId=alex_20240424045833_28c2fc4e-ceb0-496f-b12a-a59195d39051
2024-04-24T04:58:33,195  INFO [main] lockmgr.DbLockManager: Response to queryId=alex_20240424045833_28c2fc4e-ceb0-496f-b12a-a59195d39051 LockResponse(lockid:8, state:ACQUIRED)
2024-04-24T04:58:33,195  INFO [main] ql.Driver: Operation QUERY obtained 1 locks
2024-04-24T04:58:33,196  INFO [main] ql.Driver: Executing command(queryId=alex_20240424045833_28c2fc4e-ceb0-496f-b12a-a59195d39051): insert into nonAcidNonBucket(a,b) values(0,12),(0,13),(1,4),(1,5)
2024-04-24T04:58:33,196  WARN [main] ql.Driver: Hive-on-MR is deprecated in Hive 2 and may not be available in the future versions. Consider using a different execution engine (i.e. tez, spark) or using Hive 1.X releases.
Query ID = alex_20240424045833_28c2fc4e-ceb0-496f-b12a-a59195d39051
2024-04-24T04:58:33,196  INFO [main] ql.Driver: Query ID = alex_20240424045833_28c2fc4e-ceb0-496f-b12a-a59195d39051
Total jobs = 1
2024-04-24T04:58:33,196  INFO [main] ql.Driver: Total jobs = 1
Launching Job 1 out of 1
2024-04-24T04:58:33,196  INFO [main] ql.Driver: Launching Job 1 out of 1
2024-04-24T04:58:33,336  INFO [main] ql.Driver: Starting task [Stage-1:MAPRED] in serial mode
Number of reduce tasks is set to 0 since there's no reduce operator
2024-04-24T04:58:33,336  INFO [main] exec.Task: Number of reduce tasks is set to 0 since there's no reduce operator
2024-04-24T04:58:33,339  INFO [main] mr.ExecDriver: Using org.apache.hadoop.hive.ql.io.HiveInputFormat
2024-04-24T04:58:33,339  INFO [main] exec.Utilities: Processing alias $hdt$_0:_dummy_table
2024-04-24T04:58:33,339  INFO [main] exec.Utilities: Adding 1 inputs; the first input is file:/home/alex/Repositories/hive/ql/target/tmp/localscratchdir/8c7e0359-82c4-43a8-8075-830caed3c040/hive_2024-04-24_04-58-33_027_1185730808877968889-1/dummy_path
2024-04-24T04:58:33,349  INFO [main] exec.SerializationUtilities: Serializing MapWork using kryo
2024-04-24T04:58:33,349  INFO [main] exec.Utilities: Serialized plan (via FILE) - name: null size: 6,20KB
2024-04-24T04:58:33,350  WARN [main] impl.MetricsSystemImpl: JobTracker metrics system already initialized!
2024-04-24T04:58:33,354  INFO [main] fs.FSStatsPublisher: created : file:/home/alex/Repositories/hive/ql/target/tmp/localscratchdir/8c7e0359-82c4-43a8-8075-830caed3c040/hive_2024-04-24_04-58-33_027_1185730808877968889-1/-mr-10001
2024-04-24T04:58:33,358  WARN [main] impl.MetricsSystemImpl: JobTracker metrics system already initialized!
2024-04-24T04:58:33,365  WARN [main] mapreduce.JobResourceUploader: Hadoop command-line option parsing not performed. Implement the Tool interface and execute your application with ToolRunner to remedy this.
2024-04-24T04:58:33,369  WARN [main] mapreduce.JobResourceUploader: No job jar file set.  User classes may not be found. See Job or Job#setJar(String).
2024-04-24T04:58:33,370  INFO [main] io.HiveInputFormat: hive.io.file.readcolumn.ids = 
2024-04-24T04:58:33,370  INFO [main] io.HiveInputFormat: hive.io.file.readcolumn.names = 
2024-04-24T04:58:33,370  INFO [main] io.HiveInputFormat: Generating splits for dirs: file:/home/alex/Repositories/hive/ql/target/tmp/localscratchdir/8c7e0359-82c4-43a8-8075-830caed3c040/hive_2024-04-24_04-58-33_027_1185730808877968889-1/dummy_path
2024-04-24T04:58:33,371  INFO [main] io.HiveInputFormat: number of splits 1
2024-04-24T04:58:33,387  INFO [main] mapreduce.JobSubmitter: number of splits:1
2024-04-24T04:58:33,405  INFO [main] mapreduce.JobSubmitter: Submitting tokens for job: job_local560591633_0023
2024-04-24T04:58:33,405  INFO [main] mapreduce.JobSubmitter: Executing with tokens: []
2024-04-24T04:58:33,465  INFO [main] mapreduce.Job: The url to track the job: http://localhost:8080/
Job running in-process (local Hadoop)
2024-04-24T04:58:33,465  INFO [main] exec.Task: Job running in-process (local Hadoop)
2024-04-24T04:58:33,465  INFO [Thread-1479] mapred.LocalJobRunner: OutputCommitter set in config org.apache.hadoop.hive.ql.io.HiveFileFormatUtils$NullOutputCommitter
2024-04-24T04:58:33,465  INFO [Thread-1479] mapred.LocalJobRunner: OutputCommitter is org.apache.hadoop.hive.ql.io.HiveFileFormatUtils$NullOutputCommitter
2024-04-24T04:58:33,467  INFO [Thread-1479] mapred.LocalJobRunner: Waiting for map tasks
2024-04-24T04:58:33,467  INFO [LocalJobRunner Map Task Executor #0] mapred.LocalJobRunner: Starting task: attempt_local560591633_0023_m_000000_0
2024-04-24T04:58:33,468  INFO [LocalJobRunner Map Task Executor #0] mapred.Task:  Using ResourceCalculatorProcessTree : [ ]
2024-04-24T04:58:33,468  INFO [LocalJobRunner Map Task Executor #0] mapred.MapTask: Processing split: org.apache.hadoop.hive.ql.io.NullRowsInputFormat:file:/home/alex/Repositories/hive/ql/target/tmp/localscratchdir/8c7e0359-82c4-43a8-8075-830caed3c040/hive_2024-04-24_04-58-33_027_1185730808877968889-1/dummy_path/null:0+1
2024-04-24T04:58:33,468  INFO [LocalJobRunner Map Task Executor #0] exec.SerializationUtilities: Deserializing MapWork using kryo
2024-04-24T04:58:33,469  INFO [LocalJobRunner Map Task Executor #0] exec.Utilities: Deserialized plan (via FILE) - name: null size: 6,20KB
2024-04-24T04:58:33,469  INFO [LocalJobRunner Map Task Executor #0] mapred.MapTask: numReduceTasks: 0
2024-04-24T04:58:33,469  INFO [LocalJobRunner Map Task Executor #0] exec.MapOperator: Initializing Operator: MAP[0]
2024-04-24T04:58:33,470  INFO [LocalJobRunner Map Task Executor #0] mr.ExecMapper: 
<MAP>Id =0
  <Children>null
  <\Children>
  <Parent><\Parent>
<\MAP>
2024-04-24T04:58:33,470  INFO [LocalJobRunner Map Task Executor #0] exec.TableScanOperator: Initializing Operator: TS[0]
2024-04-24T04:58:33,470  INFO [LocalJobRunner Map Task Executor #0] exec.SelectOperator: Initializing Operator: SEL[1]
2024-04-24T04:58:33,471  INFO [LocalJobRunner Map Task Executor #0] exec.SelectOperator: SELECT null
2024-04-24T04:58:33,471  INFO [LocalJobRunner Map Task Executor #0] exec.UDTFOperator: Initializing Operator: UDTF[2]
2024-04-24T04:58:33,471  INFO [LocalJobRunner Map Task Executor #0] exec.SelectOperator: Initializing Operator: SEL[3]
2024-04-24T04:58:33,471  INFO [LocalJobRunner Map Task Executor #0] exec.SelectOperator: SELECT struct<col1:int,col2:int>
2024-04-24T04:58:33,471  INFO [LocalJobRunner Map Task Executor #0] exec.FileSinkOperator: Initializing Operator: FS[4]
2024-04-24T04:58:33,471  INFO [LocalJobRunner Map Task Executor #0] exec.FileSinkOperator: Using serializer : AbstractSerDe [log=org.apache.logging.slf4j.Log4jLogger@7620dc3c, configuration=Optional[Configuration: core-default.xml, core-site.xml, mapred-default.xml, mapred-site.xml, yarn-default.xml, yarn-site.xml, hdfs-default.xml, hdfs-site.xml, file:/home/alex/Repositories/hive/ql/target/tmp/TestTxnNoBucketsVectorized/mapred/local/localRunner/alex/job_local560591633_0023/job_local560591633_0023.xml], properties={name=default.nonacidnonbucket, columns.types=int:int, serialization.format=1, columns=a,b, numFilesErasureCoded=0, columns.comments=&amp#0;, bucketing_version=2, serialization.lib=org.apache.hadoop.hive.ql.io.orc.OrcSerde, file.inputformat=org.apache.hadoop.hive.ql.io.orc.OrcInputFormat, file.outputformat=org.apache.hadoop.hive.ql.io.orc.OrcOutputFormat, location=file:/home/alex/Repositories/hive/ql/target/tmp/org.apache.hadoop.hive.ql.TestTxnNoBuckets-1713959849960/warehouse/nonacidnonbucket, column.name.delimiter=,}, tableProperties={name=default.nonacidnonbucket, columns.types=int:int, serialization.format=1, columns=a,b, numFilesErasureCoded=0, columns.comments=&amp#0;, bucketing_version=2, serialization.lib=org.apache.hadoop.hive.ql.io.orc.OrcSerde, file.inputformat=org.apache.hadoop.hive.ql.io.orc.OrcInputFormat, location=file:/home/alex/Repositories/hive/ql/target/tmp/org.apache.hadoop.hive.ql.TestTxnNoBuckets-1713959849960/warehouse/nonacidnonbucket, file.outputformat=org.apache.hadoop.hive.ql.io.orc.OrcOutputFormat, column.name.delimiter=,}, partitionProperties=Optional.empty, columnNames=[a, b], columnTypes=[int, int], getClass()=class org.apache.hadoop.hive.ql.io.orc.OrcSerde] and formatter : org.apache.hadoop.hive.ql.io.orc.OrcOutputFormat@7979d61e
2024-04-24T04:58:33,472  INFO [LocalJobRunner Map Task Executor #0] exec.FileSinkOperator: Final Path: FS file:/home/alex/Repositories/hive/ql/target/tmp/org.apache.hadoop.hive.ql.TestTxnNoBuckets-1713959849960/warehouse/nonacidnonbucket/.hive-staging_hive_2024-04-24_04-58-33_027_1185730808877968889-1/_tmp.-ext-10002/000000_0
2024-04-24T04:58:33,472  INFO [LocalJobRunner Map Task Executor #0] exec.FileSinkOperator: Writing to temp file: FS file:/home/alex/Repositories/hive/ql/target/tmp/org.apache.hadoop.hive.ql.TestTxnNoBuckets-1713959849960/warehouse/nonacidnonbucket/.hive-staging_hive_2024-04-24_04-58-33_027_1185730808877968889-1/_task_tmp.-ext-10002/_tmp.000000_0
2024-04-24T04:58:33,472  INFO [LocalJobRunner Map Task Executor #0] exec.FileSinkOperator: New Final Path: FS file:/home/alex/Repositories/hive/ql/target/tmp/org.apache.hadoop.hive.ql.TestTxnNoBuckets-1713959849960/warehouse/nonacidnonbucket/.hive-staging_hive_2024-04-24_04-58-33_027_1185730808877968889-1/_tmp.-ext-10002/000000_0
2024-04-24T04:58:33,472  INFO [LocalJobRunner Map Task Executor #0] exec.FileSinkOperator: FS[4]: records written - 1
2024-04-24T04:58:33,472  INFO [LocalJobRunner Map Task Executor #0] impl.PhysicalFsWriter: ORC writer created for path: file:/home/alex/Repositories/hive/ql/target/tmp/org.apache.hadoop.hive.ql.TestTxnNoBuckets-1713959849960/warehouse/nonacidnonbucket/.hive-staging_hive_2024-04-24_04-58-33_027_1185730808877968889-1/_task_tmp.-ext-10002/_tmp.000000_0 with stripeSize: 67108864 blockSize: 268435456 compression: Compress: ZLIB buffer: 262144
2024-04-24T04:58:33,479  INFO [LocalJobRunner Map Task Executor #0] impl.WriterImpl: ORC writer created for path: file:/home/alex/Repositories/hive/ql/target/tmp/org.apache.hadoop.hive.ql.TestTxnNoBuckets-1713959849960/warehouse/nonacidnonbucket/.hive-staging_hive_2024-04-24_04-58-33_027_1185730808877968889-1/_task_tmp.-ext-10002/_tmp.000000_0 with stripeSize: 67108864 options: Compress: ZLIB buffer: 262144
2024-04-24T04:58:33,479  INFO [LocalJobRunner Map Task Executor #0] exec.MapOperator: MAP[0]: records read - 1
2024-04-24T04:58:33,479  INFO [LocalJobRunner Map Task Executor #0] exec.MapOperator: Closing Operator: MAP[0]
2024-04-24T04:58:33,479  INFO [LocalJobRunner Map Task Executor #0] exec.MapOperator: MAP[0]: Total records read - 3. abort - false
2024-04-24T04:58:33,480  INFO [LocalJobRunner Map Task Executor #0] exec.MapOperator: RECORDS_OUT_INTERMEDIATE:0, RECORDS_IN:3, DESERIALIZE_ERRORS:0, RECORDS_OUT_OPERATOR_MAP_0:0, 
2024-04-24T04:58:33,480  INFO [LocalJobRunner Map Task Executor #0] exec.TableScanOperator: Closing Operator: TS[0]
2024-04-24T04:58:33,480  INFO [LocalJobRunner Map Task Executor #0] exec.TableScanOperator: RECORDS_OUT_INTERMEDIATE:0, RECORDS_OUT_OPERATOR_TS_0:1, 
2024-04-24T04:58:33,480  INFO [LocalJobRunner Map Task Executor #0] exec.SelectOperator: Closing Operator: SEL[1]
2024-04-24T04:58:33,480  INFO [LocalJobRunner Map Task Executor #0] exec.SelectOperator: RECORDS_OUT_INTERMEDIATE:0, RECORDS_OUT_OPERATOR_SEL_1:1, 
2024-04-24T04:58:33,480  INFO [LocalJobRunner Map Task Executor #0] exec.UDTFOperator: Closing Operator: UDTF[2]
2024-04-24T04:58:33,480  INFO [LocalJobRunner Map Task Executor #0] exec.UDTFOperator: RECORDS_OUT_INTERMEDIATE:0, RECORDS_OUT_OPERATOR_UDTF_2:4, 
2024-04-24T04:58:33,480  INFO [LocalJobRunner Map Task Executor #0] exec.SelectOperator: Closing Operator: SEL[3]
2024-04-24T04:58:33,480  INFO [LocalJobRunner Map Task Executor #0] exec.SelectOperator: RECORDS_OUT_INTERMEDIATE:0, RECORDS_OUT_OPERATOR_SEL_3:4, 
2024-04-24T04:58:33,480  INFO [LocalJobRunner Map Task Executor #0] exec.FileSinkOperator: Closing Operator: FS[4]
2024-04-24T04:58:33,480  INFO [LocalJobRunner Map Task Executor #0] exec.FileSinkOperator: FS[4]: records written - 4
2024-04-24T04:58:33,486  INFO [LocalJobRunner Map Task Executor #0] exec.FileSinkOperator: RECORDS_OUT_INTERMEDIATE:0, RECORDS_OUT_1_default.nonacidnonbucket:4, TOTAL_TABLE_ROWS_WRITTEN:4, RECORDS_OUT_OPERATOR_FS_4:4, 
2024-04-24T04:58:33,487  INFO [LocalJobRunner Map Task Executor #0] mapred.LocalJobRunner: 
2024-04-24T04:58:33,487  INFO [LocalJobRunner Map Task Executor #0] mapred.Task: Task:attempt_local560591633_0023_m_000000_0 is done. And is in the process of committing
2024-04-24T04:58:33,488  INFO [LocalJobRunner Map Task Executor #0] mapred.LocalJobRunner: map
2024-04-24T04:58:33,488  INFO [LocalJobRunner Map Task Executor #0] mapred.Task: Task 'attempt_local560591633_0023_m_000000_0' done.
2024-04-24T04:58:33,488  INFO [LocalJobRunner Map Task Executor #0] mapred.Task: Final Counters for attempt_local560591633_0023_m_000000_0: Counters: 27
	File System Counters
		FILE: Number of bytes read=494155
		FILE: Number of bytes written=27650592
		FILE: Number of read operations=0
		FILE: Number of large read operations=0
		FILE: Number of write operations=0
	Map-Reduce Framework
		Map input records=4
		Map output records=0
		Input split bytes=361
		Spilled Records=0
		Failed Shuffles=0
		Merged Map outputs=0
		GC time elapsed (ms)=0
		Total committed heap usage (bytes)=1101004800
	HIVE
		CREATED_FILES=1
		DESERIALIZE_ERRORS=0
		RECORDS_IN=3
		RECORDS_OUT_1_default.nonacidnonbucket=4
		RECORDS_OUT_INTERMEDIATE=0
		RECORDS_OUT_OPERATOR_FS_4=4
		RECORDS_OUT_OPERATOR_MAP_0=0
		RECORDS_OUT_OPERATOR_SEL_1=1
		RECORDS_OUT_OPERATOR_SEL_3=4
		RECORDS_OUT_OPERATOR_TS_0=1
		RECORDS_OUT_OPERATOR_UDTF_2=4
		TOTAL_TABLE_ROWS_WRITTEN=4
	File Input Format Counters 
		Bytes Read=6264
	File Output Format Counters 
		Bytes Written=0
2024-04-24T04:58:33,488  INFO [LocalJobRunner Map Task Executor #0] mapred.LocalJobRunner: Finishing task: attempt_local560591633_0023_m_000000_0
2024-04-24T04:58:33,488  INFO [Thread-1479] mapred.LocalJobRunner: map task executor complete.
2024-04-24 04:58:34,467 Stage-1 map = 100%,  reduce = 0%
2024-04-24T04:58:34,467  INFO [main] exec.Task: 2024-04-24 04:58:34,467 Stage-1 map = 100%,  reduce = 0%
Ended Job = job_local560591633_0023
2024-04-24T04:58:34,469  INFO [main] exec.Task: Ended Job = job_local560591633_0023
2024-04-24T04:58:34,470  INFO [main] ql.Driver: Starting task [Stage-7:CONDITIONAL] in serial mode
Stage-4 is selected by condition resolver.
2024-04-24T04:58:34,471  INFO [main] exec.Task: Stage-4 is selected by condition resolver.
Stage-3 is filtered out by condition resolver.
2024-04-24T04:58:34,471  INFO [main] exec.Task: Stage-3 is filtered out by condition resolver.
Stage-5 is filtered out by condition resolver.
2024-04-24T04:58:34,471  INFO [main] exec.Task: Stage-5 is filtered out by condition resolver.
2024-04-24T04:58:34,471  INFO [main] ql.Driver: Starting task [Stage-4:MOVE] in serial mode
Moving data to directory file:/home/alex/Repositories/hive/ql/target/tmp/org.apache.hadoop.hive.ql.TestTxnNoBuckets-1713959849960/warehouse/nonacidnonbucket/.hive-staging_hive_2024-04-24_04-58-33_027_1185730808877968889-1/-ext-10000
2024-04-24T04:58:34,471  INFO [main] exec.Task: Moving data to directory file:/home/alex/Repositories/hive/ql/target/tmp/org.apache.hadoop.hive.ql.TestTxnNoBuckets-1713959849960/warehouse/nonacidnonbucket/.hive-staging_hive_2024-04-24_04-58-33_027_1185730808877968889-1/-ext-10000 from file:/home/alex/Repositories/hive/ql/target/tmp/org.apache.hadoop.hive.ql.TestTxnNoBuckets-1713959849960/warehouse/nonacidnonbucket/.hive-staging_hive_2024-04-24_04-58-33_027_1185730808877968889-1/-ext-10002
2024-04-24T04:58:34,471  INFO [main] ql.Driver: Starting task [Stage-0:MOVE] in serial mode
Loading data to table default.nonacidnonbucket
2024-04-24T04:58:34,472  INFO [main] exec.Task: Loading data to table default.nonacidnonbucket from file:/home/alex/Repositories/hive/ql/target/tmp/org.apache.hadoop.hive.ql.TestTxnNoBuckets-1713959849960/warehouse/nonacidnonbucket/.hive-staging_hive_2024-04-24_04-58-33_027_1185730808877968889-1/-ext-10000
2024-04-24T04:58:34,472  INFO [main] HiveMetaStore.audit: ugi=alex	ip=unknown-ip-addr	cmd=get_table : tbl=hive.default.nonacidnonbucket	
2024-04-24T04:58:34,481  INFO [main] metastore.HMSHandler: Skipping translation for processor with null
2024-04-24T04:58:34,481  INFO [main] HiveMetaStore.audit: ugi=alex	ip=unknown-ip-addr	cmd=get_table : tbl=hive.default.nonacidnonbucket	
2024-04-24T04:58:34,491  INFO [main] metastore.HMSHandler: Skipping translation for processor with null
2024-04-24T04:58:34,493  WARN [main] metadata.Hive: Cannot get a table snapshot for nonacidnonbucket
2024-04-24T04:58:34,493  INFO [main] HiveMetaStore.audit: ugi=alex	ip=unknown-ip-addr	cmd=alter_table: hive.default.nonacidnonbucket newtbl=nonacidnonbucket	
2024-04-24T04:58:34,517  INFO [main] ql.Driver: Starting task [Stage-2:STATS] in serial mode
2024-04-24T04:58:34,517  INFO [main] HiveMetaStore.audit: ugi=alex	ip=unknown-ip-addr	cmd=get_table : tbl=hive.default.nonacidnonbucket	
2024-04-24T04:58:34,527  INFO [main] metastore.HMSHandler: Skipping translation for processor with null
2024-04-24T04:58:34,527  INFO [main] stats.BasicStatsTask: Executing stats task
2024-04-24T04:58:34,527  INFO [main] fs.FSStatsPublisher: created : file:/home/alex/Repositories/hive/ql/target/tmp/localscratchdir/8c7e0359-82c4-43a8-8075-830caed3c040/hive_2024-04-24_04-58-33_027_1185730808877968889-1/-mr-10001
2024-04-24T04:58:34,528  INFO [main] HiveMetaStore.audit: ugi=alex	ip=unknown-ip-addr	cmd=get_table : tbl=hive.default.nonacidnonbucket	
2024-04-24T04:58:34,538  INFO [main] metastore.HMSHandler: Skipping translation for processor with null
2024-04-24T04:58:34,539  INFO [main] FileOperations: Read stats for default.nonacidnonbucket/, numRows, true, 4, false: 
2024-04-24T04:58:34,539  INFO [main] FileOperations: Read stats for default.nonacidnonbucket/, rawDataSize, true, 32, false: 
2024-04-24T04:58:34,539  WARN [main] metadata.Hive: Cannot get a table snapshot for nonacidnonbucket
2024-04-24T04:58:34,540  INFO [main] HiveMetaStore.audit: ugi=alex	ip=unknown-ip-addr	cmd=alter_table: hive.default.nonacidnonbucket newtbl=nonacidnonbucket	
2024-04-24T04:58:34,564  INFO [main] stats.BasicStatsTask: Table default.nonacidnonbucket stats: [numFiles=2, numRows=6, totalSize=511, rawDataSize=48, numFilesErasureCoded=0]
2024-04-24T04:58:34,565  INFO [main] metadata.Hive: Dumping metastore api call timing information for : execution phase
2024-04-24T04:58:34,565  INFO [main] metadata.Hive: Total time spent in each metastore function (ms): {isCompatibleWith_(Configuration)=1, alter_table_(String, String, String, Table, EnvironmentContext, String)=49, getTable_(GetTableRequest)=39}
MapReduce Jobs Launched: 
2024-04-24T04:58:34,565  INFO [main] ql.Driver: MapReduce Jobs Launched: 
Stage-Stage-1:  HDFS Read: 0 HDFS Write: 0 SUCCESS
2024-04-24T04:58:34,565  INFO [main] ql.Driver: Stage-Stage-1:  HDFS Read: 0 HDFS Write: 0 SUCCESS
Total MapReduce CPU Time Spent: 0 msec
2024-04-24T04:58:34,565  INFO [main] ql.Driver: Total MapReduce CPU Time Spent: 0 msec
2024-04-24T04:58:34,565  INFO [main] ql.Driver: Completed executing command(queryId=alex_20240424045833_28c2fc4e-ceb0-496f-b12a-a59195d39051); Time taken: 1.369 seconds
2024-04-24T04:58:34,565  INFO [main] lockmgr.DbTxnManager: Stopped heartbeat for query: alex_20240424045833_28c2fc4e-ceb0-496f-b12a-a59195d39051
2024-04-24T04:58:34,569  INFO [main] txn.TxnHandler: Expected to move at least one record from txn_components to completed_txn_components when committing txn! txnid:14
2024-04-24T04:58:34,575  INFO [main] txn.TxnHandler: Removed transactions: ([14]) from MIN_HISTORY_LEVEL
2024-04-24T04:58:34,575  WARN [main] txn.CompactionTxnHandler: No compaction queue record found for Compaction type transaction commit. txnId:14
2024-04-24T04:58:34,575  INFO [main] ql.TxnCommandsBaseForTests: Running the query: insert into nonAcidNonBucket(a,b) values(1,6)
2024-04-24T04:58:34,576  INFO [main] ql.Context: Deleting scratch dir: file:/home/alex/Repositories/hive/ql/target/tmp/localscratchdir/8c7e0359-82c4-43a8-8075-830caed3c040/hive_2024-04-24_04-58-33_027_1185730808877968889-1
2024-04-24T04:58:34,576  INFO [main] cleanup.SyncCleanupService: Deleted directory: file:/home/alex/Repositories/hive/ql/target/tmp/localscratchdir/8c7e0359-82c4-43a8-8075-830caed3c040/hive_2024-04-24_04-58-33_027_1185730808877968889-1 on fs with scheme file
2024-04-24T04:58:34,576  INFO [main] ql.Context: Deleting scratch dir: file:/home/alex/Repositories/hive/ql/target/tmp/org.apache.hadoop.hive.ql.TestTxnNoBuckets-1713959849960/warehouse/nonacidnonbucket/.hive-staging_hive_2024-04-24_04-58-33_027_1185730808877968889-1
2024-04-24T04:58:34,576  INFO [main] cleanup.SyncCleanupService: Deleted directory: file:/home/alex/Repositories/hive/ql/target/tmp/org.apache.hadoop.hive.ql.TestTxnNoBuckets-1713959849960/warehouse/nonacidnonbucket/.hive-staging_hive_2024-04-24_04-58-33_027_1185730808877968889-1 on fs with scheme file
2024-04-24T04:58:34,577  INFO [main] ql.Driver: Compiling command(queryId=alex_20240424045834_829209f1-2936-47c4-9546-8d03c711fbcb): insert into nonAcidNonBucket(a,b) values(1,6)
2024-04-24T04:58:34,579  INFO [main] txn.TxnHandler: Added entries to MIN_HISTORY_LEVEL for current txns: ([15]) with min_open_txn: 15
2024-04-24T04:58:34,579  INFO [main] lockmgr.DbTxnManager: Opened txnid:15
2024-04-24T04:58:34,580  INFO [main] parse.CalcitePlanner: Starting caching scope for: 
2024-04-24T04:58:34,580  INFO [main] parse.CalcitePlanner: Starting Semantic Analysis
2024-04-24T04:58:34,583  INFO [main] HiveMetaStore.audit: ugi=alex	ip=unknown-ip-addr	cmd=get_table : tbl=hive.default.nonAcidNonBucket	
2024-04-24T04:58:34,592  INFO [main] metastore.HMSHandler: Skipping translation for processor with null
2024-04-24T04:58:34,592  INFO [main] parse.CalcitePlanner: Completed phase 1 of Semantic Analysis
2024-04-24T04:58:34,592  INFO [main] parse.CalcitePlanner: Get metadata for source tables
2024-04-24T04:58:34,592  INFO [main] parse.CalcitePlanner: Get metadata for subqueries
2024-04-24T04:58:34,592  INFO [main] parse.CalcitePlanner: Get metadata for destination tables
2024-04-24T04:58:34,592  INFO [main] HiveMetaStore.audit: ugi=alex	ip=unknown-ip-addr	cmd=get_table : tbl=hive.default.nonAcidNonBucket	
2024-04-24T04:58:34,602  INFO [main] metastore.HMSHandler: Skipping translation for processor with null
2024-04-24T04:58:34,603  INFO [main] parse.CalcitePlanner: Completed getting MetaData in Semantic Analysis
2024-04-24T04:58:34,603  INFO [main] parse.CalcitePlanner: Disabling LLAP IO encode as ETL query is detected
2024-04-24T04:58:34,623  INFO [main] HiveMetaStore.audit: ugi=alex	ip=unknown-ip-addr	cmd=get_all_table_constraints : tbl=hive._dummy_database._dummy_table	
2024-04-24T04:58:34,672  INFO [main] parse.CalcitePlanner: Get metadata for source tables
2024-04-24T04:58:34,672  INFO [main] parse.CalcitePlanner: Get metadata for subqueries
2024-04-24T04:58:34,672  INFO [main] parse.CalcitePlanner: Get metadata for source tables
2024-04-24T04:58:34,673  INFO [main] HiveMetaStore.audit: ugi=alex	ip=unknown-ip-addr	cmd=get_table : tbl=hive._dummy_database._dummy_table	
2024-04-24T04:58:34,676  INFO [main] parse.CalcitePlanner: Get metadata for subqueries
2024-04-24T04:58:34,676  INFO [main] parse.CalcitePlanner: Get metadata for destination tables
2024-04-24T04:58:34,676  INFO [main] parse.CalcitePlanner: Get metadata for destination tables
2024-04-24T04:58:34,676  INFO [main] HiveMetaStore.audit: ugi=alex	ip=unknown-ip-addr	cmd=get_table : tbl=hive.default.nonAcidNonBucket	
2024-04-24T04:58:34,686  INFO [main] metastore.HMSHandler: Skipping translation for processor with null
2024-04-24T04:58:34,687  INFO [main] common.FileUtils: Creating directory if it doesn't exist: file:/home/alex/Repositories/hive/ql/target/tmp/org.apache.hadoop.hive.ql.TestTxnNoBuckets-1713959849960/warehouse/nonacidnonbucket/.hive-staging_hive_2024-04-24_04-58-34_577_7408285597470653986-1
2024-04-24T04:58:34,698  INFO [main] HiveMetaStore.audit: ugi=alex	ip=unknown-ip-addr	cmd=get_not_null_constraints : tbl=hive.default.nonacidnonbucket	
2024-04-24T04:58:34,700  INFO [main] HiveMetaStore.audit: ugi=alex	ip=unknown-ip-addr	cmd=get_check_constraints : tbl=hive.default.nonacidnonbucket	
2024-04-24T04:58:34,701  INFO [main] parse.CalcitePlanner: CBO Succeeded; optimized logical plan.
2024-04-24T04:58:34,704  INFO [main] optimizer.BucketVersionPopulator: not considering bucketingVersion for: TS[0] because it has -1<2 buckets 
2024-04-24T04:58:34,704  INFO [main] optimizer.SortedDynPartitionOptimizer: Sorted dynamic partitioning optimization kicked in..
2024-04-24T04:58:34,712  INFO [main] HiveMetaStore.audit: ugi=alex	ip=unknown-ip-addr	cmd=get_table : tbl=hive.default.nonacidnonbucket	
2024-04-24T04:58:34,721  INFO [main] metastore.HMSHandler: Skipping translation for processor with null
2024-04-24T04:58:34,722  INFO [main] optimizer.GenMRFileSink1: using CombineHiveInputformat for the merge job
2024-04-24T04:58:34,722  INFO [main] HiveMetaStore.audit: ugi=alex	ip=unknown-ip-addr	cmd=get_table : tbl=hive.default.nonacidnonbucket	
2024-04-24T04:58:34,732  INFO [main] metastore.HMSHandler: Skipping translation for processor with null
2024-04-24T04:58:34,733  INFO [main] physical.Vectorizer: Examining input format to see if vectorization is enabled.
2024-04-24T04:58:34,734  INFO [main] physical.Vectorizer: Map vectorization enabled: false
2024-04-24T04:58:34,734  INFO [main] physical.Vectorizer: Map vectorized: false
2024-04-24T04:58:34,734  INFO [main] physical.Vectorizer: Map vectorizedVertexNum: 0
2024-04-24T04:58:34,734  INFO [main] physical.Vectorizer: Map enabledConditionsMet: [hive.vectorized.use.vectorized.input.format IS true]
2024-04-24T04:58:34,734  INFO [main] physical.Vectorizer: Map enabledConditionsNotMet: [Could not enable vectorization due to partition column names size 1 is greater than the number of table column names size 0 IS false]
2024-04-24T04:58:34,734  INFO [main] physical.Vectorizer: Map inputFileFormatClassNameSet: [org.apache.hadoop.hive.ql.io.NullRowsInputFormat]
2024-04-24T04:58:34,734  INFO [main] parse.CalcitePlanner: Completed plan generation
2024-04-24T04:58:34,735  INFO [main] parse.CalcitePlanner: Ending caching scope for: 
2024-04-24T04:58:34,735  INFO [main] ql.Driver: Semantic Analysis Completed (retrial = false)
2024-04-24T04:58:34,735  INFO [main] ql.Driver: Created Hive schema: Schema(fieldSchemas:[FieldSchema(name:_col0, type:int, comment:null), FieldSchema(name:_col1, type:int, comment:null)], properties:null)
2024-04-24T04:58:34,735  INFO [main] metadata.Hive: Dumping metastore api call timing information for : compilation phase
2024-04-24T04:58:34,735  INFO [main] metadata.Hive: Total time spent in each metastore function (ms): {getCheckConstraints_(CheckConstraintsRequest)=1, getValidWriteIds_(List, String)=2, getTable_(GetTableRequest)=49, isCompatibleWith_(Configuration)=1, openTxn_(String, TxnType)=2, getAllTableConstraints_(AllTableConstraintsRequest)=5, flushCache_()=0, getNotNullConstraints_(NotNullConstraintsRequest)=1, getValidTxns_(long)=0, commitTxn_(CommitTxnRequest)=10}
2024-04-24T04:58:34,735  INFO [main] ql.Driver: Completed compiling command(queryId=alex_20240424045834_829209f1-2936-47c4-9546-8d03c711fbcb); Time taken: 0.158 seconds
2024-04-24T04:58:34,735  INFO [main] lockmgr.DbTxnManager: Setting lock request transaction to txnid:15 for queryId=alex_20240424045834_829209f1-2936-47c4-9546-8d03c711fbcb
2024-04-24T04:58:34,736  INFO [main] lockmgr.DbLockManager: Requesting lock for queryId=alex_20240424045834_829209f1-2936-47c4-9546-8d03c711fbcb
2024-04-24T04:58:34,750  INFO [main] lockmgr.DbLockManager: Response to queryId=alex_20240424045834_829209f1-2936-47c4-9546-8d03c711fbcb LockResponse(lockid:9, state:ACQUIRED)
2024-04-24T04:58:34,750  INFO [main] ql.Driver: Operation QUERY obtained 1 locks
2024-04-24T04:58:34,750  INFO [main] ql.Driver: Executing command(queryId=alex_20240424045834_829209f1-2936-47c4-9546-8d03c711fbcb): insert into nonAcidNonBucket(a,b) values(1,6)
2024-04-24T04:58:34,751  WARN [main] ql.Driver: Hive-on-MR is deprecated in Hive 2 and may not be available in the future versions. Consider using a different execution engine (i.e. tez, spark) or using Hive 1.X releases.
Query ID = alex_20240424045834_829209f1-2936-47c4-9546-8d03c711fbcb
2024-04-24T04:58:34,751  INFO [main] ql.Driver: Query ID = alex_20240424045834_829209f1-2936-47c4-9546-8d03c711fbcb
Total jobs = 1
2024-04-24T04:58:34,751  INFO [main] ql.Driver: Total jobs = 1
Launching Job 1 out of 1
2024-04-24T04:58:34,751  INFO [main] ql.Driver: Launching Job 1 out of 1
2024-04-24T04:58:34,891  INFO [main] ql.Driver: Starting task [Stage-1:MAPRED] in serial mode
Number of reduce tasks is set to 0 since there's no reduce operator
2024-04-24T04:58:34,891  INFO [main] exec.Task: Number of reduce tasks is set to 0 since there's no reduce operator
2024-04-24T04:58:34,893  INFO [main] mr.ExecDriver: Using org.apache.hadoop.hive.ql.io.HiveInputFormat
2024-04-24T04:58:34,893  INFO [main] exec.Utilities: Processing alias $hdt$_0:_dummy_table
2024-04-24T04:58:34,893  INFO [main] exec.Utilities: Adding 1 inputs; the first input is file:/home/alex/Repositories/hive/ql/target/tmp/localscratchdir/8c7e0359-82c4-43a8-8075-830caed3c040/hive_2024-04-24_04-58-34_577_7408285597470653986-1/dummy_path
2024-04-24T04:58:34,903  INFO [main] exec.SerializationUtilities: Serializing MapWork using kryo
2024-04-24T04:58:34,903  INFO [main] exec.Utilities: Serialized plan (via FILE) - name: null size: 6,11KB
2024-04-24T04:58:34,904  WARN [main] impl.MetricsSystemImpl: JobTracker metrics system already initialized!
2024-04-24T04:58:34,908  INFO [main] fs.FSStatsPublisher: created : file:/home/alex/Repositories/hive/ql/target/tmp/localscratchdir/8c7e0359-82c4-43a8-8075-830caed3c040/hive_2024-04-24_04-58-34_577_7408285597470653986-1/-mr-10001
2024-04-24T04:58:34,912  WARN [main] impl.MetricsSystemImpl: JobTracker metrics system already initialized!
2024-04-24T04:58:34,919  WARN [main] mapreduce.JobResourceUploader: Hadoop command-line option parsing not performed. Implement the Tool interface and execute your application with ToolRunner to remedy this.
2024-04-24T04:58:34,924  WARN [main] mapreduce.JobResourceUploader: No job jar file set.  User classes may not be found. See Job or Job#setJar(String).
2024-04-24T04:58:34,924  INFO [main] io.HiveInputFormat: hive.io.file.readcolumn.ids = 
2024-04-24T04:58:34,924  INFO [main] io.HiveInputFormat: hive.io.file.readcolumn.names = 
2024-04-24T04:58:34,925  INFO [main] io.HiveInputFormat: Generating splits for dirs: file:/home/alex/Repositories/hive/ql/target/tmp/localscratchdir/8c7e0359-82c4-43a8-8075-830caed3c040/hive_2024-04-24_04-58-34_577_7408285597470653986-1/dummy_path
2024-04-24T04:58:34,925  INFO [main] io.HiveInputFormat: number of splits 1
2024-04-24T04:58:34,942  INFO [main] mapreduce.JobSubmitter: number of splits:1
2024-04-24T04:58:34,961  INFO [main] mapreduce.JobSubmitter: Submitting tokens for job: job_local1282651976_0024
2024-04-24T04:58:34,961  INFO [main] mapreduce.JobSubmitter: Executing with tokens: []
2024-04-24T04:58:35,019  INFO [main] mapreduce.Job: The url to track the job: http://localhost:8080/
Job running in-process (local Hadoop)
2024-04-24T04:58:35,019  INFO [main] exec.Task: Job running in-process (local Hadoop)
2024-04-24T04:58:35,020  INFO [Thread-1521] mapred.LocalJobRunner: OutputCommitter set in config org.apache.hadoop.hive.ql.io.HiveFileFormatUtils$NullOutputCommitter
2024-04-24T04:58:35,020  INFO [Thread-1521] mapred.LocalJobRunner: OutputCommitter is org.apache.hadoop.hive.ql.io.HiveFileFormatUtils$NullOutputCommitter
2024-04-24T04:58:35,021  INFO [Thread-1521] mapred.LocalJobRunner: Waiting for map tasks
2024-04-24T04:58:35,021  INFO [LocalJobRunner Map Task Executor #0] mapred.LocalJobRunner: Starting task: attempt_local1282651976_0024_m_000000_0
2024-04-24T04:58:35,022  INFO [LocalJobRunner Map Task Executor #0] mapred.Task:  Using ResourceCalculatorProcessTree : [ ]
2024-04-24T04:58:35,023  INFO [LocalJobRunner Map Task Executor #0] mapred.MapTask: Processing split: org.apache.hadoop.hive.ql.io.NullRowsInputFormat:file:/home/alex/Repositories/hive/ql/target/tmp/localscratchdir/8c7e0359-82c4-43a8-8075-830caed3c040/hive_2024-04-24_04-58-34_577_7408285597470653986-1/dummy_path/null:0+1
2024-04-24T04:58:35,023  INFO [LocalJobRunner Map Task Executor #0] exec.SerializationUtilities: Deserializing MapWork using kryo
2024-04-24T04:58:35,024  INFO [LocalJobRunner Map Task Executor #0] exec.Utilities: Deserialized plan (via FILE) - name: null size: 6,11KB
2024-04-24T04:58:35,024  INFO [LocalJobRunner Map Task Executor #0] mapred.MapTask: numReduceTasks: 0
2024-04-24T04:58:35,024  INFO [LocalJobRunner Map Task Executor #0] exec.MapOperator: Initializing Operator: MAP[0]
2024-04-24T04:58:35,025  INFO [LocalJobRunner Map Task Executor #0] mr.ExecMapper: 
<MAP>Id =0
  <Children>null
  <\Children>
  <Parent><\Parent>
<\MAP>
2024-04-24T04:58:35,025  INFO [LocalJobRunner Map Task Executor #0] exec.TableScanOperator: Initializing Operator: TS[0]
2024-04-24T04:58:35,025  INFO [LocalJobRunner Map Task Executor #0] exec.SelectOperator: Initializing Operator: SEL[1]
2024-04-24T04:58:35,025  INFO [LocalJobRunner Map Task Executor #0] exec.SelectOperator: SELECT null
2024-04-24T04:58:35,026  INFO [LocalJobRunner Map Task Executor #0] exec.UDTFOperator: Initializing Operator: UDTF[2]
2024-04-24T04:58:35,026  INFO [LocalJobRunner Map Task Executor #0] exec.SelectOperator: Initializing Operator: SEL[3]
2024-04-24T04:58:35,026  INFO [LocalJobRunner Map Task Executor #0] exec.SelectOperator: SELECT struct<col1:int,col2:int>
2024-04-24T04:58:35,026  INFO [LocalJobRunner Map Task Executor #0] exec.FileSinkOperator: Initializing Operator: FS[4]
2024-04-24T04:58:35,026  INFO [LocalJobRunner Map Task Executor #0] exec.FileSinkOperator: Using serializer : AbstractSerDe [log=org.apache.logging.slf4j.Log4jLogger@7620dc3c, configuration=Optional[Configuration: core-default.xml, core-site.xml, mapred-default.xml, mapred-site.xml, yarn-default.xml, yarn-site.xml, hdfs-default.xml, hdfs-site.xml, file:/home/alex/Repositories/hive/ql/target/tmp/TestTxnNoBucketsVectorized/mapred/local/localRunner/alex/job_local1282651976_0024/job_local1282651976_0024.xml], properties={name=default.nonacidnonbucket, columns.types=int:int, serialization.format=1, columns=a,b, numFilesErasureCoded=0, columns.comments=&amp#0;, bucketing_version=2, serialization.lib=org.apache.hadoop.hive.ql.io.orc.OrcSerde, file.inputformat=org.apache.hadoop.hive.ql.io.orc.OrcInputFormat, file.outputformat=org.apache.hadoop.hive.ql.io.orc.OrcOutputFormat, location=file:/home/alex/Repositories/hive/ql/target/tmp/org.apache.hadoop.hive.ql.TestTxnNoBuckets-1713959849960/warehouse/nonacidnonbucket, column.name.delimiter=,}, tableProperties={name=default.nonacidnonbucket, columns.types=int:int, serialization.format=1, columns=a,b, numFilesErasureCoded=0, columns.comments=&amp#0;, bucketing_version=2, serialization.lib=org.apache.hadoop.hive.ql.io.orc.OrcSerde, file.inputformat=org.apache.hadoop.hive.ql.io.orc.OrcInputFormat, location=file:/home/alex/Repositories/hive/ql/target/tmp/org.apache.hadoop.hive.ql.TestTxnNoBuckets-1713959849960/warehouse/nonacidnonbucket, file.outputformat=org.apache.hadoop.hive.ql.io.orc.OrcOutputFormat, column.name.delimiter=,}, partitionProperties=Optional.empty, columnNames=[a, b], columnTypes=[int, int], getClass()=class org.apache.hadoop.hive.ql.io.orc.OrcSerde] and formatter : org.apache.hadoop.hive.ql.io.orc.OrcOutputFormat@4a5dfe4
2024-04-24T04:58:35,027  INFO [LocalJobRunner Map Task Executor #0] exec.FileSinkOperator: Final Path: FS file:/home/alex/Repositories/hive/ql/target/tmp/org.apache.hadoop.hive.ql.TestTxnNoBuckets-1713959849960/warehouse/nonacidnonbucket/.hive-staging_hive_2024-04-24_04-58-34_577_7408285597470653986-1/_tmp.-ext-10002/000000_0
2024-04-24T04:58:35,027  INFO [LocalJobRunner Map Task Executor #0] exec.FileSinkOperator: Writing to temp file: FS file:/home/alex/Repositories/hive/ql/target/tmp/org.apache.hadoop.hive.ql.TestTxnNoBuckets-1713959849960/warehouse/nonacidnonbucket/.hive-staging_hive_2024-04-24_04-58-34_577_7408285597470653986-1/_task_tmp.-ext-10002/_tmp.000000_0
2024-04-24T04:58:35,027  INFO [LocalJobRunner Map Task Executor #0] exec.FileSinkOperator: New Final Path: FS file:/home/alex/Repositories/hive/ql/target/tmp/org.apache.hadoop.hive.ql.TestTxnNoBuckets-1713959849960/warehouse/nonacidnonbucket/.hive-staging_hive_2024-04-24_04-58-34_577_7408285597470653986-1/_tmp.-ext-10002/000000_0
2024-04-24T04:58:35,027  INFO [LocalJobRunner Map Task Executor #0] exec.FileSinkOperator: FS[4]: records written - 1
2024-04-24T04:58:35,027  INFO [LocalJobRunner Map Task Executor #0] impl.PhysicalFsWriter: ORC writer created for path: file:/home/alex/Repositories/hive/ql/target/tmp/org.apache.hadoop.hive.ql.TestTxnNoBuckets-1713959849960/warehouse/nonacidnonbucket/.hive-staging_hive_2024-04-24_04-58-34_577_7408285597470653986-1/_task_tmp.-ext-10002/_tmp.000000_0 with stripeSize: 67108864 blockSize: 268435456 compression: Compress: ZLIB buffer: 262144
2024-04-24T04:58:35,035  INFO [LocalJobRunner Map Task Executor #0] impl.WriterImpl: ORC writer created for path: file:/home/alex/Repositories/hive/ql/target/tmp/org.apache.hadoop.hive.ql.TestTxnNoBuckets-1713959849960/warehouse/nonacidnonbucket/.hive-staging_hive_2024-04-24_04-58-34_577_7408285597470653986-1/_task_tmp.-ext-10002/_tmp.000000_0 with stripeSize: 67108864 options: Compress: ZLIB buffer: 262144
2024-04-24T04:58:35,035  INFO [LocalJobRunner Map Task Executor #0] exec.MapOperator: MAP[0]: records read - 1
2024-04-24T04:58:35,035  INFO [LocalJobRunner Map Task Executor #0] exec.MapOperator: Closing Operator: MAP[0]
2024-04-24T04:58:35,035  INFO [LocalJobRunner Map Task Executor #0] exec.MapOperator: MAP[0]: Total records read - 3. abort - false
2024-04-24T04:58:35,035  INFO [LocalJobRunner Map Task Executor #0] exec.MapOperator: DESERIALIZE_ERRORS:0, RECORDS_OUT_INTERMEDIATE:0, RECORDS_IN:3, RECORDS_OUT_OPERATOR_MAP_0:0, 
2024-04-24T04:58:35,035  INFO [LocalJobRunner Map Task Executor #0] exec.TableScanOperator: Closing Operator: TS[0]
2024-04-24T04:58:35,035  INFO [LocalJobRunner Map Task Executor #0] exec.TableScanOperator: RECORDS_OUT_INTERMEDIATE:0, RECORDS_OUT_OPERATOR_TS_0:1, 
2024-04-24T04:58:35,035  INFO [LocalJobRunner Map Task Executor #0] exec.SelectOperator: Closing Operator: SEL[1]
2024-04-24T04:58:35,035  INFO [LocalJobRunner Map Task Executor #0] exec.SelectOperator: RECORDS_OUT_INTERMEDIATE:0, RECORDS_OUT_OPERATOR_SEL_1:1, 
2024-04-24T04:58:35,035  INFO [LocalJobRunner Map Task Executor #0] exec.UDTFOperator: Closing Operator: UDTF[2]
2024-04-24T04:58:35,036  INFO [LocalJobRunner Map Task Executor #0] exec.UDTFOperator: RECORDS_OUT_OPERATOR_UDTF_2:1, RECORDS_OUT_INTERMEDIATE:0, 
2024-04-24T04:58:35,036  INFO [LocalJobRunner Map Task Executor #0] exec.SelectOperator: Closing Operator: SEL[3]
2024-04-24T04:58:35,036  INFO [LocalJobRunner Map Task Executor #0] exec.SelectOperator: RECORDS_OUT_OPERATOR_SEL_3:1, RECORDS_OUT_INTERMEDIATE:0, 
2024-04-24T04:58:35,036  INFO [LocalJobRunner Map Task Executor #0] exec.FileSinkOperator: Closing Operator: FS[4]
2024-04-24T04:58:35,036  INFO [LocalJobRunner Map Task Executor #0] exec.FileSinkOperator: FS[4]: records written - 1
2024-04-24T04:58:35,043  INFO [LocalJobRunner Map Task Executor #0] exec.FileSinkOperator: RECORDS_OUT_OPERATOR_FS_4:1, RECORDS_OUT_INTERMEDIATE:0, TOTAL_TABLE_ROWS_WRITTEN:1, RECORDS_OUT_1_default.nonacidnonbucket:1, 
2024-04-24T04:58:35,043  INFO [LocalJobRunner Map Task Executor #0] mapred.LocalJobRunner: 
2024-04-24T04:58:35,044  INFO [LocalJobRunner Map Task Executor #0] mapred.Task: Task:attempt_local1282651976_0024_m_000000_0 is done. And is in the process of committing
2024-04-24T04:58:35,044  INFO [LocalJobRunner Map Task Executor #0] mapred.LocalJobRunner: map
2024-04-24T04:58:35,044  INFO [LocalJobRunner Map Task Executor #0] mapred.Task: Task 'attempt_local1282651976_0024_m_000000_0' done.
2024-04-24T04:58:35,044  INFO [LocalJobRunner Map Task Executor #0] mapred.Task: Final Counters for attempt_local1282651976_0024_m_000000_0: Counters: 27
	File System Counters
		FILE: Number of bytes read=500830
		FILE: Number of bytes written=28850246
		FILE: Number of read operations=0
		FILE: Number of large read operations=0
		FILE: Number of write operations=0
	Map-Reduce Framework
		Map input records=4
		Map output records=0
		Input split bytes=361
		Spilled Records=0
		Failed Shuffles=0
		Merged Map outputs=0
		GC time elapsed (ms)=0
		Total committed heap usage (bytes)=1101004800
	HIVE
		CREATED_FILES=1
		DESERIALIZE_ERRORS=0
		RECORDS_IN=3
		RECORDS_OUT_1_default.nonacidnonbucket=1
		RECORDS_OUT_INTERMEDIATE=0
		RECORDS_OUT_OPERATOR_FS_4=1
		RECORDS_OUT_OPERATOR_MAP_0=0
		RECORDS_OUT_OPERATOR_SEL_1=1
		RECORDS_OUT_OPERATOR_SEL_3=1
		RECORDS_OUT_OPERATOR_TS_0=1
		RECORDS_OUT_OPERATOR_UDTF_2=1
		TOTAL_TABLE_ROWS_WRITTEN=1
	File Input Format Counters 
		Bytes Read=6174
	File Output Format Counters 
		Bytes Written=0
2024-04-24T04:58:35,044  INFO [LocalJobRunner Map Task Executor #0] mapred.LocalJobRunner: Finishing task: attempt_local1282651976_0024_m_000000_0
2024-04-24T04:58:35,044  INFO [Thread-1521] mapred.LocalJobRunner: map task executor complete.
2024-04-24T04:58:35,506  INFO [Metastore Scheduled Worker 1] metastore.HMSHandler: 12: Opening raw store with implementation class:org.apache.hadoop.hive.metastore.ObjectStore
2024-04-24T04:58:35,507  INFO [Metastore Scheduled Worker 1] metastore.ObjectStore: RawStore: org.apache.hadoop.hive.metastore.ObjectStore@455a2ca1, with PersistenceManager: null will be shutdown
2024-04-24T04:58:35,507  INFO [Metastore Scheduled Worker 1] metastore.ObjectStore: RawStore: org.apache.hadoop.hive.metastore.ObjectStore@455a2ca1, with PersistenceManager: org.datanucleus.api.jdo.JDOPersistenceManager@2182bd7f created in the thread with id: 45
2024-04-24T04:58:35,529  INFO [Metastore Scheduled Worker 1] metastore.HMSHandler: Created RawStore: org.apache.hadoop.hive.metastore.ObjectStore@455a2ca1 from thread id: 45
2024-04-24 04:58:36,021 Stage-1 map = 100%,  reduce = 0%
2024-04-24T04:58:36,022  INFO [main] exec.Task: 2024-04-24 04:58:36,021 Stage-1 map = 100%,  reduce = 0%
Ended Job = job_local1282651976_0024
2024-04-24T04:58:36,023  INFO [main] exec.Task: Ended Job = job_local1282651976_0024
2024-04-24T04:58:36,026  INFO [main] ql.Driver: Starting task [Stage-7:CONDITIONAL] in serial mode
Stage-4 is selected by condition resolver.
2024-04-24T04:58:36,026  INFO [main] exec.Task: Stage-4 is selected by condition resolver.
Stage-3 is filtered out by condition resolver.
2024-04-24T04:58:36,026  INFO [main] exec.Task: Stage-3 is filtered out by condition resolver.
Stage-5 is filtered out by condition resolver.
2024-04-24T04:58:36,026  INFO [main] exec.Task: Stage-5 is filtered out by condition resolver.
2024-04-24T04:58:36,026  INFO [main] ql.Driver: Starting task [Stage-4:MOVE] in serial mode
Moving data to directory file:/home/alex/Repositories/hive/ql/target/tmp/org.apache.hadoop.hive.ql.TestTxnNoBuckets-1713959849960/warehouse/nonacidnonbucket/.hive-staging_hive_2024-04-24_04-58-34_577_7408285597470653986-1/-ext-10000
2024-04-24T04:58:36,027  INFO [main] exec.Task: Moving data to directory file:/home/alex/Repositories/hive/ql/target/tmp/org.apache.hadoop.hive.ql.TestTxnNoBuckets-1713959849960/warehouse/nonacidnonbucket/.hive-staging_hive_2024-04-24_04-58-34_577_7408285597470653986-1/-ext-10000 from file:/home/alex/Repositories/hive/ql/target/tmp/org.apache.hadoop.hive.ql.TestTxnNoBuckets-1713959849960/warehouse/nonacidnonbucket/.hive-staging_hive_2024-04-24_04-58-34_577_7408285597470653986-1/-ext-10002
2024-04-24T04:58:36,027  INFO [main] ql.Driver: Starting task [Stage-0:MOVE] in serial mode
Loading data to table default.nonacidnonbucket
2024-04-24T04:58:36,027  INFO [main] exec.Task: Loading data to table default.nonacidnonbucket from file:/home/alex/Repositories/hive/ql/target/tmp/org.apache.hadoop.hive.ql.TestTxnNoBuckets-1713959849960/warehouse/nonacidnonbucket/.hive-staging_hive_2024-04-24_04-58-34_577_7408285597470653986-1/-ext-10000
2024-04-24T04:58:36,027  INFO [main] HiveMetaStore.audit: ugi=alex	ip=unknown-ip-addr	cmd=get_table : tbl=hive.default.nonacidnonbucket	
2024-04-24T04:58:36,042  INFO [main] metastore.HMSHandler: Skipping translation for processor with null
2024-04-24T04:58:36,043  INFO [main] HiveMetaStore.audit: ugi=alex	ip=unknown-ip-addr	cmd=get_table : tbl=hive.default.nonacidnonbucket	
2024-04-24T04:58:36,052  INFO [main] metastore.HMSHandler: Skipping translation for processor with null
2024-04-24T04:58:36,053  WARN [main] metadata.Hive: Cannot get a table snapshot for nonacidnonbucket
2024-04-24T04:58:36,054  INFO [main] HiveMetaStore.audit: ugi=alex	ip=unknown-ip-addr	cmd=alter_table: hive.default.nonacidnonbucket newtbl=nonacidnonbucket	
2024-04-24T04:58:36,077  INFO [main] ql.Driver: Starting task [Stage-2:STATS] in serial mode
2024-04-24T04:58:36,078  INFO [main] HiveMetaStore.audit: ugi=alex	ip=unknown-ip-addr	cmd=get_table : tbl=hive.default.nonacidnonbucket	
2024-04-24T04:58:36,087  INFO [main] metastore.HMSHandler: Skipping translation for processor with null
2024-04-24T04:58:36,087  INFO [main] stats.BasicStatsTask: Executing stats task
2024-04-24T04:58:36,088  INFO [main] fs.FSStatsPublisher: created : file:/home/alex/Repositories/hive/ql/target/tmp/localscratchdir/8c7e0359-82c4-43a8-8075-830caed3c040/hive_2024-04-24_04-58-34_577_7408285597470653986-1/-mr-10001
2024-04-24T04:58:36,089  INFO [main] HiveMetaStore.audit: ugi=alex	ip=unknown-ip-addr	cmd=get_table : tbl=hive.default.nonacidnonbucket	
2024-04-24T04:58:36,097  INFO [main] metastore.HMSHandler: Skipping translation for processor with null
2024-04-24T04:58:36,098  INFO [main] FileOperations: Read stats for default.nonacidnonbucket/, numRows, true, 1, false: 
2024-04-24T04:58:36,098  INFO [main] FileOperations: Read stats for default.nonacidnonbucket/, rawDataSize, true, 8, false: 
2024-04-24T04:58:36,098  WARN [main] metadata.Hive: Cannot get a table snapshot for nonacidnonbucket
2024-04-24T04:58:36,099  INFO [main] HiveMetaStore.audit: ugi=alex	ip=unknown-ip-addr	cmd=alter_table: hive.default.nonacidnonbucket newtbl=nonacidnonbucket	
2024-04-24T04:58:36,124  INFO [main] stats.BasicStatsTask: Table default.nonacidnonbucket stats: [numFiles=3, numRows=7, totalSize=765, rawDataSize=56, numFilesErasureCoded=0]
2024-04-24T04:58:36,124  INFO [main] metadata.Hive: Dumping metastore api call timing information for : execution phase
2024-04-24T04:58:36,124  INFO [main] metadata.Hive: Total time spent in each metastore function (ms): {isCompatibleWith_(Configuration)=1, alter_table_(String, String, String, Table, EnvironmentContext, String)=50, getTable_(GetTableRequest)=42}
MapReduce Jobs Launched: 
2024-04-24T04:58:36,125  INFO [main] ql.Driver: MapReduce Jobs Launched: 
Stage-Stage-1:  HDFS Read: 0 HDFS Write: 0 SUCCESS
2024-04-24T04:58:36,125  INFO [main] ql.Driver: Stage-Stage-1:  HDFS Read: 0 HDFS Write: 0 SUCCESS
Total MapReduce CPU Time Spent: 0 msec
2024-04-24T04:58:36,125  INFO [main] ql.Driver: Total MapReduce CPU Time Spent: 0 msec
2024-04-24T04:58:36,125  INFO [main] ql.Driver: Completed executing command(queryId=alex_20240424045834_829209f1-2936-47c4-9546-8d03c711fbcb); Time taken: 1.374 seconds
2024-04-24T04:58:36,125  INFO [main] lockmgr.DbTxnManager: Stopped heartbeat for query: alex_20240424045834_829209f1-2936-47c4-9546-8d03c711fbcb
2024-04-24T04:58:36,131  INFO [main] txn.TxnHandler: Expected to move at least one record from txn_components to completed_txn_components when committing txn! txnid:15
2024-04-24T04:58:36,141  INFO [main] txn.TxnHandler: Removed transactions: ([15]) from MIN_HISTORY_LEVEL
2024-04-24T04:58:36,141  WARN [main] txn.CompactionTxnHandler: No compaction queue record found for Compaction type transaction commit. txnId:15
2024-04-24T04:58:36,142  INFO [main] ql.TxnCommandsBaseForTests: Running the query: alter table nonAcidNonBucket SET TBLPROPERTIES ('transactional'='true', 'transactional_properties'='default')
2024-04-24T04:58:36,143  INFO [main] ql.Context: Deleting scratch dir: file:/home/alex/Repositories/hive/ql/target/tmp/org.apache.hadoop.hive.ql.TestTxnNoBuckets-1713959849960/warehouse/nonacidnonbucket/.hive-staging_hive_2024-04-24_04-58-34_577_7408285597470653986-1
2024-04-24T04:58:36,143  INFO [main] cleanup.SyncCleanupService: Deleted directory: file:/home/alex/Repositories/hive/ql/target/tmp/org.apache.hadoop.hive.ql.TestTxnNoBuckets-1713959849960/warehouse/nonacidnonbucket/.hive-staging_hive_2024-04-24_04-58-34_577_7408285597470653986-1 on fs with scheme file
2024-04-24T04:58:36,143  INFO [main] ql.Context: Deleting scratch dir: file:/home/alex/Repositories/hive/ql/target/tmp/localscratchdir/8c7e0359-82c4-43a8-8075-830caed3c040/hive_2024-04-24_04-58-34_577_7408285597470653986-1
2024-04-24T04:58:36,143  INFO [main] cleanup.SyncCleanupService: Deleted directory: file:/home/alex/Repositories/hive/ql/target/tmp/localscratchdir/8c7e0359-82c4-43a8-8075-830caed3c040/hive_2024-04-24_04-58-34_577_7408285597470653986-1 on fs with scheme file
2024-04-24T04:58:36,144  INFO [main] ql.Driver: Compiling command(queryId=alex_20240424045836_d76a1378-7b24-45d4-8f35-ba131a12d937): alter table nonAcidNonBucket SET TBLPROPERTIES ('transactional'='true', 'transactional_properties'='default')
2024-04-24T04:58:36,148  INFO [main] txn.TxnHandler: Added entries to MIN_HISTORY_LEVEL for current txns: ([16]) with min_open_txn: 16
2024-04-24T04:58:36,148  INFO [main] lockmgr.DbTxnManager: Opened txnid:16
2024-04-24T04:58:36,149  INFO [main] HiveMetaStore.audit: ugi=alex	ip=unknown-ip-addr	cmd=get_table : tbl=hive.default.nonAcidNonBucket	
2024-04-24T04:58:36,159  INFO [main] metastore.HMSHandler: Skipping translation for processor with null
2024-04-24T04:58:36,160  INFO [main] HiveMetaStore.audit: ugi=alex	ip=unknown-ip-addr	cmd=get_table : tbl=hive.default.nonAcidNonBucket	
2024-04-24T04:58:36,169  INFO [main] metastore.HMSHandler: Skipping translation for processor with null
2024-04-24T04:58:36,169  INFO [main] ql.Driver: Semantic Analysis Completed (retrial = false)
2024-04-24T04:58:36,169  INFO [main] ql.Driver: Created Hive schema: Schema(fieldSchemas:null, properties:null)
2024-04-24T04:58:36,170  INFO [main] metadata.Hive: Dumping metastore api call timing information for : compilation phase
2024-04-24T04:58:36,170  INFO [main] metadata.Hive: Total time spent in each metastore function (ms): {flushCache_()=0, openTxn_(String, TxnType)=3, isCompatibleWith_(Configuration)=0, commitTxn_(CommitTxnRequest)=17, getTable_(GetTableRequest)=19, getValidTxns_(long)=1}
2024-04-24T04:58:36,170  INFO [main] ql.Driver: Completed compiling command(queryId=alex_20240424045836_d76a1378-7b24-45d4-8f35-ba131a12d937); Time taken: 0.025 seconds
2024-04-24T04:58:36,171  INFO [main] lockmgr.DbTxnManager: Setting lock request transaction to txnid:16 for queryId=alex_20240424045836_d76a1378-7b24-45d4-8f35-ba131a12d937
2024-04-24T04:58:36,171  INFO [main] lockmgr.DbLockManager: Requesting lock for queryId=alex_20240424045836_d76a1378-7b24-45d4-8f35-ba131a12d937
2024-04-24T04:58:36,195  INFO [main] lockmgr.DbLockManager: Response to queryId=alex_20240424045836_d76a1378-7b24-45d4-8f35-ba131a12d937 LockResponse(lockid:10, state:ACQUIRED)
2024-04-24T04:58:36,196  INFO [main] ql.Driver: Operation ALTERTABLE_PROPERTIES obtained 1 locks
2024-04-24T04:58:36,196  INFO [main] ql.Driver: Executing command(queryId=alex_20240424045836_d76a1378-7b24-45d4-8f35-ba131a12d937): alter table nonAcidNonBucket SET TBLPROPERTIES ('transactional'='true', 'transactional_properties'='default')
2024-04-24T04:58:36,196  INFO [main] ql.Driver: Starting task [Stage-0:DDL] in serial mode
2024-04-24T04:58:36,198  INFO [main] HiveMetaStore.audit: ugi=alex	ip=unknown-ip-addr	cmd=get_table : tbl=hive.default.nonAcidNonBucket	
2024-04-24T04:58:36,212  INFO [main] metastore.HMSHandler: Skipping translation for processor with null
2024-04-24T04:58:36,222  INFO [main] HiveMetaStore.audit: ugi=alex	ip=unknown-ip-addr	cmd=alter_table: hive.default.nonAcidNonBucket newtbl=nonacidnonbucket	
2024-04-24T04:58:36,266  INFO [main] metadata.Hive: Dumping metastore api call timing information for : execution phase
2024-04-24T04:58:36,266  INFO [main] metadata.Hive: Total time spent in each metastore function (ms): {isCompatibleWith_(Configuration)=0, alter_table_(String, String, String, Table, EnvironmentContext, String)=43, getTable_(GetTableRequest)=14, getValidWriteIds_(List, String)=8}
2024-04-24T04:58:36,266  INFO [main] ql.Driver: Completed executing command(queryId=alex_20240424045836_d76a1378-7b24-45d4-8f35-ba131a12d937); Time taken: 0.07 seconds
2024-04-24T04:58:36,266  INFO [main] lockmgr.DbTxnManager: Stopped heartbeat for query: alex_20240424045836_d76a1378-7b24-45d4-8f35-ba131a12d937
2024-04-24T04:58:36,270  INFO [main] txn.TxnHandler: Expected to move at least one record from txn_components to completed_txn_components when committing txn! txnid:16
2024-04-24T04:58:36,276  INFO [main] txn.TxnHandler: Removed transactions: ([16]) from MIN_HISTORY_LEVEL
2024-04-24T04:58:36,276  WARN [main] txn.CompactionTxnHandler: No compaction queue record found for Compaction type transaction commit. txnId:16
2024-04-24T04:58:36,277  INFO [main] ql.TxnCommandsBaseForTests: Running the query: select ROW__ID, a, b, INPUT__FILE__NAME from nonAcidNonBucket order by ROW__ID
2024-04-24T04:58:36,277  INFO [main] ql.Driver: Compiling command(queryId=alex_20240424045836_947bf4b0-a5d8-49eb-8c19-3004be1f4e96): select ROW__ID, a, b, INPUT__FILE__NAME from nonAcidNonBucket order by ROW__ID
2024-04-24T04:58:36,280  INFO [main] txn.TxnHandler: Added entries to MIN_HISTORY_LEVEL for current txns: ([17]) with min_open_txn: 16
2024-04-24T04:58:36,280  INFO [main] lockmgr.DbTxnManager: Opened txnid:17
2024-04-24T04:58:36,281  INFO [main] parse.CalcitePlanner: Starting caching scope for: 
2024-04-24T04:58:36,281  INFO [main] parse.CalcitePlanner: Starting Semantic Analysis
2024-04-24T04:58:36,284  INFO [main] parse.CalcitePlanner: Completed phase 1 of Semantic Analysis
2024-04-24T04:58:36,284  INFO [main] parse.CalcitePlanner: Get metadata for source tables
2024-04-24T04:58:36,287  INFO [main] HiveMetaStore.audit: ugi=alex	ip=unknown-ip-addr	cmd=get_table : tbl=hive.default.nonacidnonbucket	
2024-04-24T04:58:36,294  INFO [main] metastore.HMSHandler: Skipping translation for processor with null
2024-04-24T04:58:36,294  INFO [main] parse.CalcitePlanner: Get metadata for subqueries
2024-04-24T04:58:36,294  INFO [main] parse.CalcitePlanner: Get metadata for destination tables
2024-04-24T04:58:36,294  INFO [main] parse.CalcitePlanner: Completed getting MetaData in Semantic Analysis
2024-04-24T04:58:36,307  INFO [main] HiveMetaStore.audit: ugi=alex	ip=unknown-ip-addr	cmd=get_all_table_constraints : tbl=hive.default.nonacidnonbucket	
2024-04-24T04:58:36,342  INFO [main] calcite.RelOptHiveTable: Calculating column statistics for default.nonacidnonbucket, projIndxSet: [0, 1], allowMissingStats: true
2024-04-24T04:58:36,342  INFO [main] HiveMetaStore.audit: ugi=alex	ip=unknown-ip-addr	cmd=get_table_statistics_req: table=hive.default.nonacidnonbucket	
2024-04-24T04:58:36,354  WARN [main] calcite.RelOptHiveTable: No Stats for default@nonacidnonbucket, Columns: a, b
No Stats for default@nonacidnonbucket, Columns: a, b
2024-04-24T04:58:36,354  INFO [main] SessionState: No Stats for default@nonacidnonbucket, Columns: a, b
2024-04-24T04:58:36,399  INFO [main] parse.CalcitePlanner: Get metadata for source tables
2024-04-24T04:58:36,400  INFO [main] parse.CalcitePlanner: Get metadata for subqueries
2024-04-24T04:58:36,400  INFO [main] parse.CalcitePlanner: Get metadata for destination tables
2024-04-24T04:58:36,401  INFO [main] common.FileUtils: Creating directory if it doesn't exist: file:/home/alex/Repositories/hive/ql/target/tmp/localscratchdir/8c7e0359-82c4-43a8-8075-830caed3c040/hive_2024-04-24_04-58-36_277_6062287341716804557-1/-mr-10001/.hive-staging_hive_2024-04-24_04-58-36_277_6062287341716804557-1
2024-04-24T04:58:36,408  INFO [main] parse.CalcitePlanner: CBO Succeeded; optimized logical plan.
2024-04-24T04:58:36,411  INFO [main] optimizer.ColumnPrunerProcFactory: RS 2 oldColExprMap: {KEY.reducesinkkey0=Column[_col0], VALUE._col1=Column[_col2], VALUE._col2=Column[_col3], VALUE._col0=Column[_col1]}
2024-04-24T04:58:36,411  INFO [main] optimizer.ColumnPrunerProcFactory: RS 2 newColExprMap: {VALUE._col0=Column[_col1], VALUE._col1=Column[_col2], VALUE._col2=Column[_col3], KEY.reducesinkkey0=Column[_col0]}
2024-04-24T04:58:36,411  INFO [main] optimizer.BucketVersionPopulator: not considering bucketingVersion for: TS[0] because it has -1<2 buckets 
2024-04-24T04:58:36,412  INFO [main] optimizer.SortedDynPartitionOptimizer: Sorted dynamic partitioning optimization kicked in..
2024-04-24T04:58:36,421  INFO [main] physical.Vectorizer: Examining input format to see if vectorization is enabled.
2024-04-24T04:58:36,421  INFO [main] physical.Vectorizer: Vectorization is enabled for input format(s) [org.apache.hadoop.hive.ql.io.orc.OrcInputFormat]
2024-04-24T04:58:36,421  INFO [main] physical.Vectorizer: Validating and vectorizing MapWork... (vectorizedVertexNum 0)
2024-04-24T04:58:36,421  INFO [main] physical.Vectorizer: Map vectorization enabled: true
2024-04-24T04:58:36,421  INFO [main] physical.Vectorizer: Map vectorized: false
2024-04-24T04:58:36,421  INFO [main] physical.Vectorizer: Map notVectorizedReason: Select expression for SELECT operator: Virtual column INPUT__FILE__NAME is not supported
2024-04-24T04:58:36,421  INFO [main] physical.Vectorizer: Map vectorizedVertexNum: 0
2024-04-24T04:58:36,421  INFO [main] physical.Vectorizer: Map enabledConditionsMet: [hive.vectorized.use.vectorized.input.format IS true]
2024-04-24T04:58:36,421  INFO [main] physical.Vectorizer: Map inputFileFormatClassNameSet: [org.apache.hadoop.hive.ql.io.orc.OrcInputFormat]
2024-04-24T04:58:36,421  INFO [main] physical.Vectorizer: Reduce vectorization enabled: false
2024-04-24T04:58:36,421  INFO [main] physical.Vectorizer: Reduce vectorized: false
2024-04-24T04:58:36,421  INFO [main] physical.Vectorizer: Reduce vectorizedVertexNum: 1
2024-04-24T04:58:36,421  INFO [main] physical.Vectorizer: Reducer hive.vectorized.execution.reduce.enabled: true
2024-04-24T04:58:36,422  INFO [main] physical.Vectorizer: Reducer engine: mr
2024-04-24T04:58:36,422  INFO [main] parse.CalcitePlanner: Completed plan generation
2024-04-24T04:58:36,422  INFO [main] parse.CalcitePlanner: Ending caching scope for: 
2024-04-24T04:58:36,422  INFO [main] ql.Driver: Semantic Analysis Completed (retrial = false)
2024-04-24T04:58:36,422  INFO [main] ql.Driver: Created Hive schema: Schema(fieldSchemas:[FieldSchema(name:row__id, type:struct<writeid:bigint,bucketid:int,rowid:bigint>, comment:null), FieldSchema(name:a, type:int, comment:null), FieldSchema(name:b, type:int, comment:null), FieldSchema(name:input__file__name, type:string, comment:null)], properties:null)
2024-04-24T04:58:36,423  INFO [main] exec.ListSinkOperator: Initializing Operator: LIST_SINK[5]
2024-04-24T04:58:36,423  INFO [main] metadata.Hive: Dumping metastore api call timing information for : compilation phase
2024-04-24T04:58:36,423  INFO [main] metadata.Hive: Total time spent in each metastore function (ms): {isCompatibleWith_(Configuration)=0, commitTxn_(CommitTxnRequest)=10, getTable_(GetTableRequest)=7, openTxn_(String, TxnType)=2, getAllTableConstraints_(AllTableConstraintsRequest)=30, getValidWriteIds_(List, String)=6, getTableColumnStatistics_(String, String, List, String)=12, flushCache_()=0, getValidTxns_(long)=0}
2024-04-24T04:58:36,423  INFO [main] ql.Driver: Completed compiling command(queryId=alex_20240424045836_947bf4b0-a5d8-49eb-8c19-3004be1f4e96); Time taken: 0.146 seconds
2024-04-24T04:58:36,423  INFO [main] lockmgr.DbTxnManager: Setting lock request transaction to txnid:17 for queryId=alex_20240424045836_947bf4b0-a5d8-49eb-8c19-3004be1f4e96
2024-04-24T04:58:36,424  INFO [main] lockmgr.DbLockManager: Requesting lock for queryId=alex_20240424045836_947bf4b0-a5d8-49eb-8c19-3004be1f4e96
2024-04-24T04:58:36,441  INFO [main] lockmgr.DbLockManager: Response to queryId=alex_20240424045836_947bf4b0-a5d8-49eb-8c19-3004be1f4e96 LockResponse(lockid:11, state:ACQUIRED)
2024-04-24T04:58:36,441  INFO [main] ql.Driver: Operation QUERY obtained 1 locks
2024-04-24T04:58:36,442  INFO [main] ql.Driver: Executing command(queryId=alex_20240424045836_947bf4b0-a5d8-49eb-8c19-3004be1f4e96): select ROW__ID, a, b, INPUT__FILE__NAME from nonAcidNonBucket order by ROW__ID
2024-04-24T04:58:36,442  WARN [main] ql.Driver: Hive-on-MR is deprecated in Hive 2 and may not be available in the future versions. Consider using a different execution engine (i.e. tez, spark) or using Hive 1.X releases.
Query ID = alex_20240424045836_947bf4b0-a5d8-49eb-8c19-3004be1f4e96
2024-04-24T04:58:36,442  INFO [main] ql.Driver: Query ID = alex_20240424045836_947bf4b0-a5d8-49eb-8c19-3004be1f4e96
Total jobs = 1
2024-04-24T04:58:36,442  INFO [main] ql.Driver: Total jobs = 1
Launching Job 1 out of 1
2024-04-24T04:58:36,442  INFO [main] ql.Driver: Launching Job 1 out of 1
2024-04-24T04:58:36,590  INFO [main] ql.Driver: Starting task [Stage-1:MAPRED] in serial mode
Number of reduce tasks determined at compile time: 1
2024-04-24T04:58:36,590  INFO [main] exec.Task: Number of reduce tasks determined at compile time: 1
In order to change the average load for a reducer (in bytes):
2024-04-24T04:58:36,590  INFO [main] exec.Task: In order to change the average load for a reducer (in bytes):
  set hive.exec.reducers.bytes.per.reducer=<number>
2024-04-24T04:58:36,590  INFO [main] exec.Task:   set hive.exec.reducers.bytes.per.reducer=<number>
In order to limit the maximum number of reducers:
2024-04-24T04:58:36,590  INFO [main] exec.Task: In order to limit the maximum number of reducers:
  set hive.exec.reducers.max=<number>
2024-04-24T04:58:36,590  INFO [main] exec.Task:   set hive.exec.reducers.max=<number>
In order to set a constant number of reducers:
2024-04-24T04:58:36,590  INFO [main] exec.Task: In order to set a constant number of reducers:
  set mapreduce.job.reduces=<number>
2024-04-24T04:58:36,590  INFO [main] exec.Task:   set mapreduce.job.reduces=<number>
2024-04-24T04:58:36,592  INFO [main] mr.ExecDriver: Using org.apache.hadoop.hive.ql.io.HiveInputFormat
2024-04-24T04:58:36,593  INFO [main] exec.Utilities: Processing alias nonacidnonbucket
2024-04-24T04:58:36,593  INFO [main] exec.Utilities: Adding 1 inputs; the first input is file:/home/alex/Repositories/hive/ql/target/tmp/org.apache.hadoop.hive.ql.TestTxnNoBuckets-1713959849960/warehouse/nonacidnonbucket
2024-04-24T04:58:36,603  INFO [main] exec.SerializationUtilities: Serializing MapWork using kryo
2024-04-24T04:58:36,603  INFO [main] exec.Utilities: Serialized plan (via FILE) - name: null size: 5,17KB
2024-04-24T04:58:36,608  INFO [main] exec.SerializationUtilities: Serializing ReduceWork using kryo
2024-04-24T04:58:36,609  INFO [main] exec.Utilities: Serialized plan (via FILE) - name: null size: 6,10KB
2024-04-24T04:58:36,610  WARN [main] impl.MetricsSystemImpl: JobTracker metrics system already initialized!
2024-04-24T04:58:36,616  WARN [main] impl.MetricsSystemImpl: JobTracker metrics system already initialized!
2024-04-24T04:58:36,624  WARN [main] mapreduce.JobResourceUploader: Hadoop command-line option parsing not performed. Implement the Tool interface and execute your application with ToolRunner to remedy this.
2024-04-24T04:58:36,629  WARN [main] mapreduce.JobResourceUploader: No job jar file set.  User classes may not be found. See Job or Job#setJar(String).
2024-04-24T04:58:36,630  INFO [main] io.HiveInputFormat: hive.io.file.readcolumn.ids = 0,1
2024-04-24T04:58:36,630  INFO [main] io.HiveInputFormat: hive.io.file.readcolumn.names = a,b
2024-04-24T04:58:36,630  INFO [main] io.HiveInputFormat: Generating splits for dirs: file:/home/alex/Repositories/hive/ql/target/tmp/org.apache.hadoop.hive.ql.TestTxnNoBuckets-1713959849960/warehouse/nonacidnonbucket
2024-04-24T04:58:36,630  INFO [main] orc.OrcInputFormat: getSplits started
2024-04-24T04:58:36,630  INFO [main] orc.OrcInputFormat: Context:: isAcid: true isVectorMode: false sarg: null minSplitSize: 1 maxSplitSize: 256000000 splitStrategy: HYBRID footerInSplits: false numBuckets: 0 numThreads: 10 cacheMemSize: 268435456 cacheStripeDetails: true useSoftReference: false writeIdList: default.nonacidnonbucket:10000000:9223372036854775807:: isTransactionalTable: true txnProperties: default 
2024-04-24T04:58:36,630  INFO [main] orc.OrcInputFormat: ORC pushdown predicate: null
2024-04-24T04:58:36,640  INFO [main] orc.OrcInputFormat: FooterCacheHitRatio: 0/3
2024-04-24T04:58:36,640  INFO [main] orc.OrcInputFormat: getSplits finished (#splits: 3). duration: 10 ms
2024-04-24T04:58:36,640  INFO [main] io.HiveInputFormat: number of splits 3
2024-04-24T04:58:36,658  INFO [main] mapreduce.JobSubmitter: number of splits:3
2024-04-24T04:58:36,679  INFO [main] mapreduce.JobSubmitter: Submitting tokens for job: job_local1001260909_0025
2024-04-24T04:58:36,679  INFO [main] mapreduce.JobSubmitter: Executing with tokens: []
2024-04-24T04:58:36,750  INFO [main] mapreduce.Job: The url to track the job: http://localhost:8080/
Job running in-process (local Hadoop)
2024-04-24T04:58:36,750  INFO [main] exec.Task: Job running in-process (local Hadoop)
2024-04-24T04:58:36,750  INFO [Thread-1569] mapred.LocalJobRunner: OutputCommitter set in config org.apache.hadoop.hive.ql.io.HiveFileFormatUtils$NullOutputCommitter
2024-04-24T04:58:36,750  INFO [Thread-1569] mapred.LocalJobRunner: OutputCommitter is org.apache.hadoop.hive.ql.io.HiveFileFormatUtils$NullOutputCommitter
2024-04-24T04:58:36,752  INFO [Thread-1569] mapred.LocalJobRunner: Waiting for map tasks
2024-04-24T04:58:36,753  INFO [LocalJobRunner Map Task Executor #0] mapred.LocalJobRunner: Starting task: attempt_local1001260909_0025_m_000000_0
2024-04-24T04:58:36,753  INFO [LocalJobRunner Map Task Executor #0] mapred.Task:  Using ResourceCalculatorProcessTree : [ ]
2024-04-24T04:58:36,754  INFO [LocalJobRunner Map Task Executor #0] mapred.MapTask: Processing split: org.apache.hadoop.hive.ql.io.orc.OrcInputFormat:OrcSplit [file:/home/alex/Repositories/hive/ql/target/tmp/org.apache.hadoop.hive.ql.TestTxnNoBuckets-1713959849960/warehouse/nonacidnonbucket/000000_0_copy_1, start=0, length=257, isOriginal=true, fileLength=257, hasFooter=false, hasBase=true, deltas=0]
2024-04-24T04:58:36,754  INFO [LocalJobRunner Map Task Executor #0] exec.SerializationUtilities: Deserializing MapWork using kryo
2024-04-24T04:58:36,755  INFO [LocalJobRunner Map Task Executor #0] exec.Utilities: Deserialized plan (via FILE) - name: null size: 5,17KB
2024-04-24T04:58:36,756  INFO [LocalJobRunner Map Task Executor #0] orc.OrcRawRecordMerger: min key = null, max key = null
2024-04-24T04:58:36,757  INFO [LocalJobRunner Map Task Executor #0] orc.ReaderImpl: Reading ORC rows from file:/home/alex/Repositories/hive/ql/target/tmp/org.apache.hadoop.hive.ql.TestTxnNoBuckets-1713959849960/warehouse/nonacidnonbucket/000000_0_copy_1 with {include: [true, true, true], offset: 0, length: 257, schema: struct<a:int,b:int>, includeAcidColumns: true}
2024-04-24T04:58:36,767  INFO [LocalJobRunner Map Task Executor #0] orc.OrcRawRecordMerger: updated min key = null, max key = null
2024-04-24T04:58:36,768  INFO [LocalJobRunner Map Task Executor #0] mapred.MapTask: numReduceTasks: 1
2024-04-24T04:58:36,772  INFO [LocalJobRunner Map Task Executor #0] mapred.MapTask: (EQUATOR) 0 kvi 26214396(104857584)
2024-04-24T04:58:36,772  INFO [LocalJobRunner Map Task Executor #0] mapred.MapTask: mapreduce.task.io.sort.mb: 100
2024-04-24T04:58:36,772  INFO [LocalJobRunner Map Task Executor #0] mapred.MapTask: soft limit at 83886080
2024-04-24T04:58:36,772  INFO [LocalJobRunner Map Task Executor #0] mapred.MapTask: bufstart = 0; bufvoid = 104857600
2024-04-24T04:58:36,772  INFO [LocalJobRunner Map Task Executor #0] mapred.MapTask: kvstart = 26214396; length = 6553600
2024-04-24T04:58:36,773  INFO [LocalJobRunner Map Task Executor #0] mapred.MapTask: Map output collector class = org.apache.hadoop.mapred.MapTask$MapOutputBuffer
2024-04-24T04:58:36,773  INFO [LocalJobRunner Map Task Executor #0] exec.MapOperator: Initializing Operator: MAP[0]
2024-04-24T04:58:36,774  INFO [LocalJobRunner Map Task Executor #0] mr.ExecMapper: 
<MAP>Id =0
  <Children>null
  <\Children>
  <Parent><\Parent>
<\MAP>
2024-04-24T04:58:36,775  INFO [LocalJobRunner Map Task Executor #0] exec.TableScanOperator: Initializing Operator: TS[0]
2024-04-24T04:58:36,775  INFO [LocalJobRunner Map Task Executor #0] exec.SelectOperator: Initializing Operator: SEL[1]
2024-04-24T04:58:36,775  INFO [LocalJobRunner Map Task Executor #0] exec.SelectOperator: SELECT struct<a:int,b:int,row__id:struct<writeid:bigint,bucketid:int,rowid:bigint>,input__file__name:string>
2024-04-24T04:58:36,775  INFO [LocalJobRunner Map Task Executor #0] exec.ReduceSinkOperator: Initializing Operator: RS[2]
2024-04-24T04:58:36,775  INFO [LocalJobRunner Map Task Executor #0] exec.ReduceSinkOperator: Using tag = -1
2024-04-24T04:58:36,776  INFO [LocalJobRunner Map Task Executor #0] exec.ReduceSinkOperator: keys are [reducesinkkey0] num distributions: 1
2024-04-24T04:58:36,776  INFO [LocalJobRunner Map Task Executor #0] exec.ReduceSinkOperator: RS[2]: records written - 1
2024-04-24T04:58:36,776  INFO [LocalJobRunner Map Task Executor #0] exec.MapOperator: MAP[0]: records read - 1
2024-04-24T04:58:36,777  INFO [LocalJobRunner Map Task Executor #0] exec.MapOperator: Closing Operator: MAP[0]
2024-04-24T04:58:36,777  INFO [LocalJobRunner Map Task Executor #0] exec.MapOperator: MAP[0]: Total records read - 4. abort - false
2024-04-24T04:58:36,777  INFO [LocalJobRunner Map Task Executor #0] exec.MapOperator: RECORDS_OUT_INTERMEDIATE:0, RECORDS_IN:4, DESERIALIZE_ERRORS:0, RECORDS_OUT_OPERATOR_MAP_0:0, 
2024-04-24T04:58:36,777  INFO [LocalJobRunner Map Task Executor #0] exec.TableScanOperator: Closing Operator: TS[0]
2024-04-24T04:58:36,777  INFO [LocalJobRunner Map Task Executor #0] exec.TableScanOperator: RECORDS_OUT_OPERATOR_TS_0:4, RECORDS_OUT_INTERMEDIATE:0, 
2024-04-24T04:58:36,777  INFO [LocalJobRunner Map Task Executor #0] exec.SelectOperator: Closing Operator: SEL[1]
2024-04-24T04:58:36,777  INFO [LocalJobRunner Map Task Executor #0] exec.SelectOperator: RECORDS_OUT_OPERATOR_SEL_1:4, RECORDS_OUT_INTERMEDIATE:0, 
2024-04-24T04:58:36,777  INFO [LocalJobRunner Map Task Executor #0] exec.ReduceSinkOperator: Closing Operator: RS[2]
2024-04-24T04:58:36,777  INFO [LocalJobRunner Map Task Executor #0] exec.ReduceSinkOperator: RS[2]: Total records written - 4. abort - false
2024-04-24T04:58:36,777  INFO [LocalJobRunner Map Task Executor #0] exec.ReduceSinkOperator: RECORDS_OUT_INTERMEDIATE:4, RECORDS_OUT_OPERATOR_RS_2:4, 
2024-04-24T04:58:36,778  INFO [LocalJobRunner Map Task Executor #0] mapred.LocalJobRunner: 
2024-04-24T04:58:36,778  INFO [LocalJobRunner Map Task Executor #0] mapred.MapTask: Starting flush of map output
2024-04-24T04:58:36,778  INFO [LocalJobRunner Map Task Executor #0] mapred.MapTask: Spilling map output
2024-04-24T04:58:36,778  INFO [LocalJobRunner Map Task Executor #0] mapred.MapTask: bufstart = 0; bufend = 740; bufvoid = 104857600
2024-04-24T04:58:36,778  INFO [LocalJobRunner Map Task Executor #0] mapred.MapTask: kvstart = 26214396(104857584); kvend = 26214384(104857536); length = 13/6553600
2024-04-24T04:58:36,789  INFO [LocalJobRunner Map Task Executor #0] mapred.MapTask: Finished spill 0
2024-04-24T04:58:36,792  INFO [LocalJobRunner Map Task Executor #0] mapred.Task: Task:attempt_local1001260909_0025_m_000000_0 is done. And is in the process of committing
2024-04-24T04:58:36,792  INFO [LocalJobRunner Map Task Executor #0] mapred.LocalJobRunner: OrcSplit [file:/home/alex/Repositories/hive/ql/target/tmp/org.apache.hadoop.hive.ql.TestTxnNoBuckets-1713959849960/warehouse/nonacidnonbucket/000000_0_copy_1, start=0, length=257, isOriginal=true, fileLength=257, hasFooter=false, hasBase=true, deltas=0]
2024-04-24T04:58:36,792  INFO [LocalJobRunner Map Task Executor #0] mapred.Task: Task 'attempt_local1001260909_0025_m_000000_0' done.
2024-04-24T04:58:36,793  INFO [LocalJobRunner Map Task Executor #0] mapred.Task: Final Counters for attempt_local1001260909_0025_m_000000_0: Counters: 24
	File System Counters
		FILE: Number of bytes read=509077
		FILE: Number of bytes written=30055798
		FILE: Number of read operations=0
		FILE: Number of large read operations=0
		FILE: Number of write operations=0
	Map-Reduce Framework
		Map input records=4
		Map output records=4
		Map output bytes=740
		Map output materialized bytes=758
		Input split bytes=489
		Combine input records=0
		Spilled Records=4
		Failed Shuffles=0
		Merged Map outputs=0
		GC time elapsed (ms)=0
		Total committed heap usage (bytes)=1101004800
	HIVE
		DESERIALIZE_ERRORS=0
		RECORDS_IN=4
		RECORDS_OUT_INTERMEDIATE=4
		RECORDS_OUT_OPERATOR_MAP_0=0
		RECORDS_OUT_OPERATOR_RS_2=4
		RECORDS_OUT_OPERATOR_SEL_1=4
		RECORDS_OUT_OPERATOR_TS_0=4
	File Input Format Counters 
		Bytes Read=6595
2024-04-24T04:58:36,793  INFO [LocalJobRunner Map Task Executor #0] mapred.LocalJobRunner: Finishing task: attempt_local1001260909_0025_m_000000_0
2024-04-24T04:58:36,793  INFO [LocalJobRunner Map Task Executor #0] mapred.LocalJobRunner: Starting task: attempt_local1001260909_0025_m_000001_0
2024-04-24T04:58:36,793  INFO [LocalJobRunner Map Task Executor #0] mapred.Task:  Using ResourceCalculatorProcessTree : [ ]
2024-04-24T04:58:36,793  INFO [LocalJobRunner Map Task Executor #0] mapred.MapTask: Processing split: org.apache.hadoop.hive.ql.io.orc.OrcInputFormat:OrcSplit [file:/home/alex/Repositories/hive/ql/target/tmp/org.apache.hadoop.hive.ql.TestTxnNoBuckets-1713959849960/warehouse/nonacidnonbucket/000000_0, start=0, length=254, isOriginal=true, fileLength=254, hasFooter=false, hasBase=true, deltas=0]
2024-04-24T04:58:36,794  INFO [LocalJobRunner Map Task Executor #0] exec.SerializationUtilities: Deserializing MapWork using kryo
2024-04-24T04:58:36,795  INFO [LocalJobRunner Map Task Executor #0] exec.Utilities: Deserialized plan (via FILE) - name: null size: 5,17KB
2024-04-24T04:58:36,796  INFO [LocalJobRunner Map Task Executor #0] orc.OrcRawRecordMerger: min key = null, max key = null
2024-04-24T04:58:36,796  INFO [LocalJobRunner Map Task Executor #0] orc.ReaderImpl: Reading ORC rows from file:/home/alex/Repositories/hive/ql/target/tmp/org.apache.hadoop.hive.ql.TestTxnNoBuckets-1713959849960/warehouse/nonacidnonbucket/000000_0 with {include: [true, true, true], offset: 0, length: 254, schema: struct<a:int,b:int>, includeAcidColumns: true}
2024-04-24T04:58:36,805  INFO [LocalJobRunner Map Task Executor #0] orc.OrcRawRecordMerger: updated min key = null, max key = null
2024-04-24T04:58:36,805  INFO [LocalJobRunner Map Task Executor #0] mapred.MapTask: numReduceTasks: 1
2024-04-24T04:58:36,810  INFO [LocalJobRunner Map Task Executor #0] mapred.MapTask: (EQUATOR) 0 kvi 26214396(104857584)
2024-04-24T04:58:36,810  INFO [LocalJobRunner Map Task Executor #0] mapred.MapTask: mapreduce.task.io.sort.mb: 100
2024-04-24T04:58:36,811  INFO [LocalJobRunner Map Task Executor #0] mapred.MapTask: soft limit at 83886080
2024-04-24T04:58:36,811  INFO [LocalJobRunner Map Task Executor #0] mapred.MapTask: bufstart = 0; bufvoid = 104857600
2024-04-24T04:58:36,811  INFO [LocalJobRunner Map Task Executor #0] mapred.MapTask: kvstart = 26214396; length = 6553600
2024-04-24T04:58:36,811  INFO [LocalJobRunner Map Task Executor #0] mapred.MapTask: Map output collector class = org.apache.hadoop.mapred.MapTask$MapOutputBuffer
2024-04-24T04:58:36,811  INFO [LocalJobRunner Map Task Executor #0] exec.MapOperator: Initializing Operator: MAP[0]
2024-04-24T04:58:36,812  INFO [LocalJobRunner Map Task Executor #0] mr.ExecMapper: 
<MAP>Id =0
  <Children>null
  <\Children>
  <Parent><\Parent>
<\MAP>
2024-04-24T04:58:36,813  INFO [LocalJobRunner Map Task Executor #0] exec.TableScanOperator: Initializing Operator: TS[0]
2024-04-24T04:58:36,813  INFO [LocalJobRunner Map Task Executor #0] exec.SelectOperator: Initializing Operator: SEL[1]
2024-04-24T04:58:36,813  INFO [LocalJobRunner Map Task Executor #0] exec.SelectOperator: SELECT struct<a:int,b:int,row__id:struct<writeid:bigint,bucketid:int,rowid:bigint>,input__file__name:string>
2024-04-24T04:58:36,813  INFO [LocalJobRunner Map Task Executor #0] exec.ReduceSinkOperator: Initializing Operator: RS[2]
2024-04-24T04:58:36,813  INFO [LocalJobRunner Map Task Executor #0] exec.ReduceSinkOperator: Using tag = -1
2024-04-24T04:58:36,814  INFO [LocalJobRunner Map Task Executor #0] exec.ReduceSinkOperator: keys are [reducesinkkey0] num distributions: 1
2024-04-24T04:58:36,814  INFO [LocalJobRunner Map Task Executor #0] exec.ReduceSinkOperator: RS[2]: records written - 1
2024-04-24T04:58:36,814  INFO [LocalJobRunner Map Task Executor #0] exec.MapOperator: MAP[0]: records read - 1
2024-04-24T04:58:36,814  INFO [LocalJobRunner Map Task Executor #0] exec.MapOperator: Closing Operator: MAP[0]
2024-04-24T04:58:36,814  INFO [LocalJobRunner Map Task Executor #0] exec.MapOperator: MAP[0]: Total records read - 2. abort - false
2024-04-24T04:58:36,814  INFO [LocalJobRunner Map Task Executor #0] exec.MapOperator: DESERIALIZE_ERRORS:0, RECORDS_IN:2, RECORDS_OUT_INTERMEDIATE:0, RECORDS_OUT_OPERATOR_MAP_0:0, 
2024-04-24T04:58:36,815  INFO [LocalJobRunner Map Task Executor #0] exec.TableScanOperator: Closing Operator: TS[0]
2024-04-24T04:58:36,815  INFO [LocalJobRunner Map Task Executor #0] exec.TableScanOperator: RECORDS_OUT_OPERATOR_TS_0:2, RECORDS_OUT_INTERMEDIATE:0, 
2024-04-24T04:58:36,815  INFO [LocalJobRunner Map Task Executor #0] exec.SelectOperator: Closing Operator: SEL[1]
2024-04-24T04:58:36,815  INFO [LocalJobRunner Map Task Executor #0] exec.SelectOperator: RECORDS_OUT_OPERATOR_SEL_1:2, RECORDS_OUT_INTERMEDIATE:0, 
2024-04-24T04:58:36,815  INFO [LocalJobRunner Map Task Executor #0] exec.ReduceSinkOperator: Closing Operator: RS[2]
2024-04-24T04:58:36,815  INFO [LocalJobRunner Map Task Executor #0] exec.ReduceSinkOperator: RS[2]: Total records written - 2. abort - false
2024-04-24T04:58:36,815  INFO [LocalJobRunner Map Task Executor #0] exec.ReduceSinkOperator: RECORDS_OUT_OPERATOR_RS_2:2, RECORDS_OUT_INTERMEDIATE:2, 
2024-04-24T04:58:36,815  INFO [LocalJobRunner Map Task Executor #0] mapred.LocalJobRunner: 
2024-04-24T04:58:36,815  INFO [LocalJobRunner Map Task Executor #0] mapred.MapTask: Starting flush of map output
2024-04-24T04:58:36,815  INFO [LocalJobRunner Map Task Executor #0] mapred.MapTask: Spilling map output
2024-04-24T04:58:36,815  INFO [LocalJobRunner Map Task Executor #0] mapred.MapTask: bufstart = 0; bufend = 356; bufvoid = 104857600
2024-04-24T04:58:36,815  INFO [LocalJobRunner Map Task Executor #0] mapred.MapTask: kvstart = 26214396(104857584); kvend = 26214392(104857568); length = 5/6553600
2024-04-24T04:58:36,824  INFO [LocalJobRunner Map Task Executor #0] mapred.MapTask: Finished spill 0
2024-04-24T04:58:36,828  INFO [LocalJobRunner Map Task Executor #0] mapred.Task: Task:attempt_local1001260909_0025_m_000001_0 is done. And is in the process of committing
2024-04-24T04:58:36,829  INFO [LocalJobRunner Map Task Executor #0] mapred.LocalJobRunner: OrcSplit [file:/home/alex/Repositories/hive/ql/target/tmp/org.apache.hadoop.hive.ql.TestTxnNoBuckets-1713959849960/warehouse/nonacidnonbucket/000000_0, start=0, length=254, isOriginal=true, fileLength=254, hasFooter=false, hasBase=true, deltas=0]
2024-04-24T04:58:36,829  INFO [LocalJobRunner Map Task Executor #0] mapred.Task: Task 'attempt_local1001260909_0025_m_000001_0' done.
2024-04-24T04:58:36,829  INFO [LocalJobRunner Map Task Executor #0] mapred.Task: Final Counters for attempt_local1001260909_0025_m_000001_0: Counters: 24
	File System Counters
		FILE: Number of bytes read=516869
		FILE: Number of bytes written=30056198
		FILE: Number of read operations=0
		FILE: Number of large read operations=0
		FILE: Number of write operations=0
	Map-Reduce Framework
		Map input records=2
		Map output records=2
		Map output bytes=356
		Map output materialized bytes=368
		Input split bytes=482
		Combine input records=0
		Spilled Records=2
		Failed Shuffles=0
		Merged Map outputs=0
		GC time elapsed (ms)=0
		Total committed heap usage (bytes)=1101004800
	HIVE
		DESERIALIZE_ERRORS=0
		RECORDS_IN=2
		RECORDS_OUT_INTERMEDIATE=2
		RECORDS_OUT_OPERATOR_MAP_0=0
		RECORDS_OUT_OPERATOR_RS_2=2
		RECORDS_OUT_OPERATOR_SEL_1=2
		RECORDS_OUT_OPERATOR_TS_0=2
	File Input Format Counters 
		Bytes Read=6305
2024-04-24T04:58:36,829  INFO [LocalJobRunner Map Task Executor #0] mapred.LocalJobRunner: Finishing task: attempt_local1001260909_0025_m_000001_0
2024-04-24T04:58:36,829  INFO [LocalJobRunner Map Task Executor #0] mapred.LocalJobRunner: Starting task: attempt_local1001260909_0025_m_000002_0
2024-04-24T04:58:36,830  INFO [LocalJobRunner Map Task Executor #0] mapred.Task:  Using ResourceCalculatorProcessTree : [ ]
2024-04-24T04:58:36,830  INFO [LocalJobRunner Map Task Executor #0] mapred.MapTask: Processing split: org.apache.hadoop.hive.ql.io.orc.OrcInputFormat:OrcSplit [file:/home/alex/Repositories/hive/ql/target/tmp/org.apache.hadoop.hive.ql.TestTxnNoBuckets-1713959849960/warehouse/nonacidnonbucket/000000_0_copy_2, start=0, length=254, isOriginal=true, fileLength=254, hasFooter=false, hasBase=true, deltas=0]
2024-04-24T04:58:36,831  INFO [LocalJobRunner Map Task Executor #0] exec.SerializationUtilities: Deserializing MapWork using kryo
2024-04-24T04:58:36,831  INFO [LocalJobRunner Map Task Executor #0] exec.Utilities: Deserialized plan (via FILE) - name: null size: 5,17KB
2024-04-24T04:58:36,833  INFO [LocalJobRunner Map Task Executor #0] orc.OrcRawRecordMerger: min key = null, max key = null
2024-04-24T04:58:36,833  INFO [LocalJobRunner Map Task Executor #0] orc.ReaderImpl: Reading ORC rows from file:/home/alex/Repositories/hive/ql/target/tmp/org.apache.hadoop.hive.ql.TestTxnNoBuckets-1713959849960/warehouse/nonacidnonbucket/000000_0_copy_2 with {include: [true, true, true], offset: 0, length: 254, schema: struct<a:int,b:int>, includeAcidColumns: true}
2024-04-24T04:58:36,843  INFO [LocalJobRunner Map Task Executor #0] orc.OrcRawRecordMerger: updated min key = null, max key = null
2024-04-24T04:58:36,843  INFO [LocalJobRunner Map Task Executor #0] mapred.MapTask: numReduceTasks: 1
2024-04-24T04:58:36,847  INFO [LocalJobRunner Map Task Executor #0] mapred.MapTask: (EQUATOR) 0 kvi 26214396(104857584)
2024-04-24T04:58:36,847  INFO [LocalJobRunner Map Task Executor #0] mapred.MapTask: mapreduce.task.io.sort.mb: 100
2024-04-24T04:58:36,847  INFO [LocalJobRunner Map Task Executor #0] mapred.MapTask: soft limit at 83886080
2024-04-24T04:58:36,847  INFO [LocalJobRunner Map Task Executor #0] mapred.MapTask: bufstart = 0; bufvoid = 104857600
2024-04-24T04:58:36,847  INFO [LocalJobRunner Map Task Executor #0] mapred.MapTask: kvstart = 26214396; length = 6553600
2024-04-24T04:58:36,847  INFO [LocalJobRunner Map Task Executor #0] mapred.MapTask: Map output collector class = org.apache.hadoop.mapred.MapTask$MapOutputBuffer
2024-04-24T04:58:36,848  INFO [LocalJobRunner Map Task Executor #0] exec.MapOperator: Initializing Operator: MAP[0]
2024-04-24T04:58:36,849  INFO [LocalJobRunner Map Task Executor #0] mr.ExecMapper: 
<MAP>Id =0
  <Children>null
  <\Children>
  <Parent><\Parent>
<\MAP>
2024-04-24T04:58:36,849  INFO [LocalJobRunner Map Task Executor #0] exec.TableScanOperator: Initializing Operator: TS[0]
2024-04-24T04:58:36,849  INFO [LocalJobRunner Map Task Executor #0] exec.SelectOperator: Initializing Operator: SEL[1]
2024-04-24T04:58:36,849  INFO [LocalJobRunner Map Task Executor #0] exec.SelectOperator: SELECT struct<a:int,b:int,row__id:struct<writeid:bigint,bucketid:int,rowid:bigint>,input__file__name:string>
2024-04-24T04:58:36,849  INFO [LocalJobRunner Map Task Executor #0] exec.ReduceSinkOperator: Initializing Operator: RS[2]
2024-04-24T04:58:36,850  INFO [LocalJobRunner Map Task Executor #0] exec.ReduceSinkOperator: Using tag = -1
2024-04-24T04:58:36,850  INFO [LocalJobRunner Map Task Executor #0] exec.ReduceSinkOperator: keys are [reducesinkkey0] num distributions: 1
2024-04-24T04:58:36,850  INFO [LocalJobRunner Map Task Executor #0] exec.ReduceSinkOperator: RS[2]: records written - 1
2024-04-24T04:58:36,850  INFO [LocalJobRunner Map Task Executor #0] exec.MapOperator: MAP[0]: records read - 1
2024-04-24T04:58:36,850  INFO [LocalJobRunner Map Task Executor #0] exec.MapOperator: Closing Operator: MAP[0]
2024-04-24T04:58:36,850  INFO [LocalJobRunner Map Task Executor #0] exec.MapOperator: MAP[0]: Total records read - 1. abort - false
2024-04-24T04:58:36,850  INFO [LocalJobRunner Map Task Executor #0] exec.MapOperator: RECORDS_OUT_INTERMEDIATE:0, RECORDS_IN:1, RECORDS_OUT_OPERATOR_MAP_0:0, DESERIALIZE_ERRORS:0, 
2024-04-24T04:58:36,850  INFO [LocalJobRunner Map Task Executor #0] exec.TableScanOperator: Closing Operator: TS[0]
2024-04-24T04:58:36,850  INFO [LocalJobRunner Map Task Executor #0] exec.TableScanOperator: RECORDS_OUT_OPERATOR_TS_0:1, RECORDS_OUT_INTERMEDIATE:0, 
2024-04-24T04:58:36,850  INFO [LocalJobRunner Map Task Executor #0] exec.SelectOperator: Closing Operator: SEL[1]
2024-04-24T04:58:36,850  INFO [LocalJobRunner Map Task Executor #0] exec.SelectOperator: RECORDS_OUT_INTERMEDIATE:0, RECORDS_OUT_OPERATOR_SEL_1:1, 
2024-04-24T04:58:36,851  INFO [LocalJobRunner Map Task Executor #0] exec.ReduceSinkOperator: Closing Operator: RS[2]
2024-04-24T04:58:36,851  INFO [LocalJobRunner Map Task Executor #0] exec.ReduceSinkOperator: RS[2]: Total records written - 1. abort - false
2024-04-24T04:58:36,851  INFO [LocalJobRunner Map Task Executor #0] exec.ReduceSinkOperator: RECORDS_OUT_INTERMEDIATE:1, RECORDS_OUT_OPERATOR_RS_2:1, 
2024-04-24T04:58:36,851  INFO [LocalJobRunner Map Task Executor #0] mapred.LocalJobRunner: 
2024-04-24T04:58:36,851  INFO [LocalJobRunner Map Task Executor #0] mapred.MapTask: Starting flush of map output
2024-04-24T04:58:36,851  INFO [LocalJobRunner Map Task Executor #0] mapred.MapTask: Spilling map output
2024-04-24T04:58:36,851  INFO [LocalJobRunner Map Task Executor #0] mapred.MapTask: bufstart = 0; bufend = 185; bufvoid = 104857600
2024-04-24T04:58:36,851  INFO [LocalJobRunner Map Task Executor #0] mapred.MapTask: kvstart = 26214396(104857584); kvend = 26214396(104857584); length = 1/6553600
2024-04-24T04:58:36,860  INFO [LocalJobRunner Map Task Executor #0] mapred.MapTask: Finished spill 0
2024-04-24T04:58:36,863  INFO [LocalJobRunner Map Task Executor #0] mapred.Task: Task:attempt_local1001260909_0025_m_000002_0 is done. And is in the process of committing
2024-04-24T04:58:36,864  INFO [LocalJobRunner Map Task Executor #0] mapred.LocalJobRunner: OrcSplit [file:/home/alex/Repositories/hive/ql/target/tmp/org.apache.hadoop.hive.ql.TestTxnNoBuckets-1713959849960/warehouse/nonacidnonbucket/000000_0_copy_2, start=0, length=254, isOriginal=true, fileLength=254, hasFooter=false, hasBase=true, deltas=0]
2024-04-24T04:58:36,864  INFO [LocalJobRunner Map Task Executor #0] mapred.Task: Task 'attempt_local1001260909_0025_m_000002_0' done.
2024-04-24T04:58:36,864  INFO [LocalJobRunner Map Task Executor #0] mapred.Task: Final Counters for attempt_local1001260909_0025_m_000002_0: Counters: 24
	File System Counters
		FILE: Number of bytes read=524708
		FILE: Number of bytes written=30056424
		FILE: Number of read operations=0
		FILE: Number of large read operations=0
		FILE: Number of write operations=0
	Map-Reduce Framework
		Map input records=1
		Map output records=1
		Map output bytes=185
		Map output materialized bytes=194
		Input split bytes=489
		Combine input records=0
		Spilled Records=1
		Failed Shuffles=0
		Merged Map outputs=0
		GC time elapsed (ms)=0
		Total committed heap usage (bytes)=1101004800
	HIVE
		DESERIALIZE_ERRORS=0
		RECORDS_IN=1
		RECORDS_OUT_INTERMEDIATE=1
		RECORDS_OUT_OPERATOR_MAP_0=0
		RECORDS_OUT_OPERATOR_RS_2=1
		RECORDS_OUT_OPERATOR_SEL_1=1
		RECORDS_OUT_OPERATOR_TS_0=1
	File Input Format Counters 
		Bytes Read=6864
2024-04-24T04:58:36,864  INFO [LocalJobRunner Map Task Executor #0] mapred.LocalJobRunner: Finishing task: attempt_local1001260909_0025_m_000002_0
2024-04-24T04:58:36,864  INFO [Thread-1569] mapred.LocalJobRunner: map task executor complete.
2024-04-24T04:58:36,865  INFO [Thread-1569] mapred.LocalJobRunner: Waiting for reduce tasks
2024-04-24T04:58:36,865  INFO [pool-121-thread-1] mapred.LocalJobRunner: Starting task: attempt_local1001260909_0025_r_000000_0
2024-04-24T04:58:36,865  INFO [pool-121-thread-1] mapred.Task:  Using ResourceCalculatorProcessTree : [ ]
2024-04-24T04:58:36,865  INFO [pool-121-thread-1] mapred.ReduceTask: Using ShuffleConsumerPlugin: org.apache.hadoop.mapreduce.task.reduce.Shuffle@12d9b5fd
2024-04-24T04:58:36,865  WARN [pool-121-thread-1] impl.MetricsSystemImpl: JobTracker metrics system already initialized!
2024-04-24T04:58:36,866  INFO [pool-121-thread-1] reduce.MergeManagerImpl: MergerManager: memoryLimit=1336252800, maxSingleShuffleLimit=334063200, mergeThreshold=881926912, ioSortFactor=10, memToMemMergeOutputsThreshold=10
2024-04-24T04:58:36,867  INFO [EventFetcher for fetching Map Completion Events] reduce.EventFetcher: attempt_local1001260909_0025_r_000000_0 Thread started: EventFetcher for fetching Map Completion Events
2024-04-24T04:58:36,871  INFO [localfetcher#13] reduce.LocalFetcher: localfetcher#13 about to shuffle output of map attempt_local1001260909_0025_m_000000_0 decomp: 754 len: 758 to MEMORY
2024-04-24T04:58:36,871  INFO [localfetcher#13] reduce.InMemoryMapOutput: Read 754 bytes from map-output for attempt_local1001260909_0025_m_000000_0
2024-04-24T04:58:36,871  INFO [localfetcher#13] reduce.MergeManagerImpl: closeInMemoryFile -> map-output of size: 754, inMemoryMapOutputs.size() -> 1, commitMemory -> 0, usedMemory ->754
2024-04-24T04:58:36,874  INFO [localfetcher#13] reduce.LocalFetcher: localfetcher#13 about to shuffle output of map attempt_local1001260909_0025_m_000002_0 decomp: 190 len: 194 to MEMORY
2024-04-24T04:58:36,874  INFO [localfetcher#13] reduce.InMemoryMapOutput: Read 190 bytes from map-output for attempt_local1001260909_0025_m_000002_0
2024-04-24T04:58:36,874  INFO [localfetcher#13] reduce.MergeManagerImpl: closeInMemoryFile -> map-output of size: 190, inMemoryMapOutputs.size() -> 2, commitMemory -> 754, usedMemory ->944
2024-04-24T04:58:36,876  INFO [localfetcher#13] reduce.LocalFetcher: localfetcher#13 about to shuffle output of map attempt_local1001260909_0025_m_000001_0 decomp: 364 len: 368 to MEMORY
2024-04-24T04:58:36,876  INFO [localfetcher#13] reduce.InMemoryMapOutput: Read 364 bytes from map-output for attempt_local1001260909_0025_m_000001_0
2024-04-24T04:58:36,876  INFO [localfetcher#13] reduce.MergeManagerImpl: closeInMemoryFile -> map-output of size: 364, inMemoryMapOutputs.size() -> 3, commitMemory -> 944, usedMemory ->1308
2024-04-24T04:58:36,876  INFO [EventFetcher for fetching Map Completion Events] reduce.EventFetcher: EventFetcher is interrupted.. Returning
2024-04-24T04:58:36,876  INFO [pool-121-thread-1] mapred.LocalJobRunner: 3 / 3 copied.
2024-04-24T04:58:36,877  INFO [pool-121-thread-1] reduce.MergeManagerImpl: finalMerge called with 3 in-memory map-outputs and 0 on-disk map-outputs
2024-04-24T04:58:36,891  INFO [pool-121-thread-1] mapred.Merger: Merging 3 sorted segments
2024-04-24T04:58:36,891  INFO [pool-121-thread-1] mapred.Merger: Down to the last merge-pass, with 3 segments left of total size: 1212 bytes
2024-04-24T04:58:36,894  INFO [pool-121-thread-1] reduce.MergeManagerImpl: Merged 3 segments, 1308 bytes to disk to satisfy reduce memory limit
2024-04-24T04:58:36,894  INFO [pool-121-thread-1] reduce.MergeManagerImpl: Merging 1 files, 1308 bytes from disk
2024-04-24T04:58:36,894  INFO [pool-121-thread-1] reduce.MergeManagerImpl: Merging 0 segments, 0 bytes from memory into reduce
2024-04-24T04:58:36,894  INFO [pool-121-thread-1] mapred.Merger: Merging 1 sorted segments
2024-04-24T04:58:36,894  INFO [pool-121-thread-1] mapred.Merger: Down to the last merge-pass, with 1 segments left of total size: 1272 bytes
2024-04-24T04:58:36,894  INFO [pool-121-thread-1] mapred.LocalJobRunner: 3 / 3 copied.
2024-04-24T04:58:36,894  INFO [pool-121-thread-1] exec.SerializationUtilities: Deserializing ReduceWork using kryo
2024-04-24T04:58:36,895  INFO [pool-121-thread-1] exec.Utilities: Deserialized plan (via FILE) - name: null size: 6,10KB
2024-04-24T04:58:36,896  INFO [pool-121-thread-1] ExecReducer: 
<SEL>Id =3
  <Children>
    <FS>Id =4
      <Children>
      <\Children>
      <Parent>Id = 3 null<\Parent>
    <\FS>
  <\Children>
  <Parent><\Parent>
<\SEL>
2024-04-24T04:58:36,896  INFO [pool-121-thread-1] exec.SelectOperator: Initializing Operator: SEL[3]
2024-04-24T04:58:36,896  INFO [pool-121-thread-1] exec.SelectOperator: SELECT struct<key:struct<reducesinkkey0:struct<writeid:bigint,bucketid:int,rowid:bigint>>,value:struct<_col0:int,_col1:int,_col2:string>>
2024-04-24T04:58:36,896  INFO [pool-121-thread-1] exec.FileSinkOperator: Initializing Operator: FS[4]
2024-04-24T04:58:36,896  INFO [pool-121-thread-1] exec.FileSinkOperator: Using serializer : class org.apache.hadoop.hive.serde2.lazy.LazySimpleSerDe [serdeParams=org.apache.hadoop.hive.serde2.lazy.LazySerDeParameters@3942e51f, cachedObjectInspector=org.apache.hadoop.hive.serde2.lazy.objectinspector.LazySimpleStructObjectInspector<org.apache.hadoop.hive.serde2.lazy.objectinspector.LazySimpleStructObjectInspector<org.apache.hadoop.hive.serde2.lazy.objectinspector.primitive.LazyLongObjectInspector@7fac3ce0,org.apache.hadoop.hive.serde2.lazy.objectinspector.primitive.LazyIntObjectInspector@3e3b41cb,org.apache.hadoop.hive.serde2.lazy.objectinspector.primitive.LazyLongObjectInspector@7fac3ce0>,org.apache.hadoop.hive.serde2.lazy.objectinspector.primitive.LazyIntObjectInspector@3e3b41cb,org.apache.hadoop.hive.serde2.lazy.objectinspector.primitive.LazyIntObjectInspector@3e3b41cb,org.apache.hadoop.hive.serde2.lazy.objectinspector.primitive.LazyStringObjectInspector@441a2d52>, serializedSize=0, stats=org.apache.hadoop.hive.serde2.SerDeStats@118c09fb, lastOperationSerialize=false, lastOperationDeserialize=false [1, 2, 3, 4, 5, 6, 7, 8, 11, 14, 15, 16, 17, 18, 19, 20, 21, 22, 23, 24, 25, 26, 28, 29, 30, 31, -128, -127, -126, -125, -124, -123, -122, -121, -120, -119, -118, -117, -116, -115, -114, -113, -112, -111, -110, -109, -108, -107, -106, -105, -104, -103, -102, -101, -100, -99, -98, -97, -96, -95, -94, -93, -92, -91, -90, -89, -88, -87, -86, -85, -84, -83, -82, -81, -80, -79, -78, -77, -76, -75, -74, -73, -72, -71, -70, -69, -68, -67, -66, -65, -64, -63, -62, -61, -60, -59, -58, -57, -56, -55, -54, -53, -52, -51, -50, -49, -48, -47, -46, -45, -44, -43, -42, -41, -40, -39, -38, -37, -36, -35, -34, -33, -32, -31, -30, -29, -28, -27, -26, -25, -24, -23, -22, -21, -20, -19, -18, -17, -16, -15, -14, -13, -12, -11, -10, -9, -8, -7, -6, -5, -4, -3, -2, -1] : [_col0, _col1, _col2, _col3] : [struct<writeid:bigint,bucketid:int,rowid:bigint>, int, int, string]] and formatter : org.apache.hadoop.hive.ql.io.HiveSequenceFileOutputFormat@2309de95
2024-04-24T04:58:36,897  INFO [pool-121-thread-1] exec.FileSinkOperator: Final Path: FS file:/home/alex/Repositories/hive/ql/target/tmp/localscratchdir/8c7e0359-82c4-43a8-8075-830caed3c040/hive_2024-04-24_04-58-36_277_6062287341716804557-1/-mr-10001/.hive-staging_hive_2024-04-24_04-58-36_277_6062287341716804557-1/_tmp.-ext-10002/000000_0
2024-04-24T04:58:36,897  INFO [pool-121-thread-1] exec.FileSinkOperator: Writing to temp file: FS file:/home/alex/Repositories/hive/ql/target/tmp/localscratchdir/8c7e0359-82c4-43a8-8075-830caed3c040/hive_2024-04-24_04-58-36_277_6062287341716804557-1/-mr-10001/.hive-staging_hive_2024-04-24_04-58-36_277_6062287341716804557-1/_task_tmp.-ext-10002/_tmp.000000_0
2024-04-24T04:58:36,897  INFO [pool-121-thread-1] exec.FileSinkOperator: New Final Path: FS file:/home/alex/Repositories/hive/ql/target/tmp/localscratchdir/8c7e0359-82c4-43a8-8075-830caed3c040/hive_2024-04-24_04-58-36_277_6062287341716804557-1/-mr-10001/.hive-staging_hive_2024-04-24_04-58-36_277_6062287341716804557-1/_tmp.-ext-10002/000000_0
2024-04-24T04:58:36,904  INFO [pool-121-thread-1] exec.FileSinkOperator: FS[4]: records written - 1
2024-04-24T04:58:36,904  INFO [pool-121-thread-1] exec.SelectOperator: Closing Operator: SEL[3]
2024-04-24T04:58:36,904  INFO [pool-121-thread-1] exec.SelectOperator: RECORDS_OUT_OPERATOR_SEL_3:7, RECORDS_OUT_INTERMEDIATE:0, 
2024-04-24T04:58:36,904  INFO [pool-121-thread-1] exec.FileSinkOperator: Closing Operator: FS[4]
2024-04-24T04:58:36,904  INFO [pool-121-thread-1] exec.FileSinkOperator: FS[4]: records written - 7
2024-04-24T04:58:36,905  INFO [pool-121-thread-1] exec.FileSinkOperator: RECORDS_OUT_OPERATOR_FS_4:7, RECORDS_OUT_INTERMEDIATE:0, RECORDS_OUT_0:7, 
2024-04-24T04:58:36,905  INFO [pool-121-thread-1] mapred.Task: Task:attempt_local1001260909_0025_r_000000_0 is done. And is in the process of committing
2024-04-24T04:58:36,905  INFO [pool-121-thread-1] mapred.LocalJobRunner: reduce > reduce
2024-04-24T04:58:36,905  INFO [pool-121-thread-1] mapred.Task: Task 'attempt_local1001260909_0025_r_000000_0' done.
2024-04-24T04:58:36,906  INFO [pool-121-thread-1] mapred.Task: Final Counters for attempt_local1001260909_0025_r_000000_0: Counters: 29
	File System Counters
		FILE: Number of bytes read=533589
		FILE: Number of bytes written=30059080
		FILE: Number of read operations=0
		FILE: Number of large read operations=0
		FILE: Number of write operations=0
	Map-Reduce Framework
		Combine input records=0
		Combine output records=0
		Reduce input groups=7
		Reduce shuffle bytes=1320
		Reduce input records=7
		Reduce output records=0
		Spilled Records=7
		Shuffled Maps =3
		Failed Shuffles=0
		Merged Map outputs=3
		GC time elapsed (ms)=9
		Total committed heap usage (bytes)=1102053376
	HIVE
		CREATED_FILES=1
		RECORDS_OUT_0=7
		RECORDS_OUT_INTERMEDIATE=0
		RECORDS_OUT_OPERATOR_FS_4=7
		RECORDS_OUT_OPERATOR_SEL_3=7
	Shuffle Errors
		BAD_ID=0
		CONNECTION=0
		IO_ERROR=0
		WRONG_LENGTH=0
		WRONG_MAP=0
		WRONG_REDUCE=0
	File Output Format Counters 
		Bytes Written=0
2024-04-24T04:58:36,906  INFO [pool-121-thread-1] mapred.LocalJobRunner: Finishing task: attempt_local1001260909_0025_r_000000_0
2024-04-24T04:58:36,906  INFO [Thread-1569] mapred.LocalJobRunner: reduce task executor complete.
2024-04-24 04:58:37,753 Stage-1 map = 100%,  reduce = 100%
2024-04-24T04:58:37,753  INFO [main] exec.Task: 2024-04-24 04:58:37,753 Stage-1 map = 100%,  reduce = 100%
Ended Job = job_local1001260909_0025
2024-04-24T04:58:37,756  INFO [main] exec.Task: Ended Job = job_local1001260909_0025
2024-04-24T04:58:37,757  INFO [main] metadata.Hive: Dumping metastore api call timing information for : execution phase
2024-04-24T04:58:37,757  INFO [main] metadata.Hive: Total time spent in each metastore function (ms): {}
MapReduce Jobs Launched: 
2024-04-24T04:58:37,758  INFO [main] ql.Driver: MapReduce Jobs Launched: 
Stage-Stage-1:  HDFS Read: 0 HDFS Write: 0 SUCCESS
2024-04-24T04:58:37,758  INFO [main] ql.Driver: Stage-Stage-1:  HDFS Read: 0 HDFS Write: 0 SUCCESS
Total MapReduce CPU Time Spent: 0 msec
2024-04-24T04:58:37,758  INFO [main] ql.Driver: Total MapReduce CPU Time Spent: 0 msec
2024-04-24T04:58:37,758  INFO [main] ql.Driver: Completed executing command(queryId=alex_20240424045836_947bf4b0-a5d8-49eb-8c19-3004be1f4e96); Time taken: 1.315 seconds
2024-04-24T04:58:37,758  INFO [main] lockmgr.DbTxnManager: Stopped heartbeat for query: alex_20240424045836_947bf4b0-a5d8-49eb-8c19-3004be1f4e96
2024-04-24T04:58:37,762  INFO [main] txn.TxnHandler: Expected to move at least one record from txn_components to completed_txn_components when committing txn! txnid:17
2024-04-24T04:58:37,769  INFO [main] txn.TxnHandler: Removed transactions: ([17]) from MIN_HISTORY_LEVEL
2024-04-24T04:58:37,769  WARN [main] txn.CompactionTxnHandler: No compaction queue record found for Compaction type transaction commit. txnId:17
2024-04-24T04:58:37,773  INFO [main] mapred.FileInputFormat: Total input files to process : 1
2024-04-24T04:58:37,774  INFO [main] exec.ListSinkOperator: Closing Operator: LIST_SINK[5]
2024-04-24T04:58:37,774  INFO [main] exec.ListSinkOperator: RECORDS_OUT_OPERATOR_LIST_SINK_5:7, RECORDS_OUT_INTERMEDIATE:0, 
2024-04-24T04:58:37,775  WARN [main] ql.TestTxnNoBuckets: before acid ops (after convert)
2024-04-24T04:58:37,775  WARN [main] ql.TestTxnNoBuckets: {"writeid":0,"bucketid":536870912,"rowid":0}	1	2	file:/home/alex/Repositories/hive/ql/target/tmp/org.apache.hadoop.hive.ql.TestTxnNoBuckets-1713959849960/warehouse/nonacidnonbucket/000000_0
2024-04-24T04:58:37,775  WARN [main] ql.TestTxnNoBuckets: {"writeid":0,"bucketid":536870912,"rowid":1}	1	3	file:/home/alex/Repositories/hive/ql/target/tmp/org.apache.hadoop.hive.ql.TestTxnNoBuckets-1713959849960/warehouse/nonacidnonbucket/000000_0
2024-04-24T04:58:37,775  WARN [main] ql.TestTxnNoBuckets: {"writeid":0,"bucketid":536870912,"rowid":2}	0	12	file:/home/alex/Repositories/hive/ql/target/tmp/org.apache.hadoop.hive.ql.TestTxnNoBuckets-1713959849960/warehouse/nonacidnonbucket/000000_0_copy_1
2024-04-24T04:58:37,775  WARN [main] ql.TestTxnNoBuckets: {"writeid":0,"bucketid":536870912,"rowid":3}	0	13	file:/home/alex/Repositories/hive/ql/target/tmp/org.apache.hadoop.hive.ql.TestTxnNoBuckets-1713959849960/warehouse/nonacidnonbucket/000000_0_copy_1
2024-04-24T04:58:37,775  WARN [main] ql.TestTxnNoBuckets: {"writeid":0,"bucketid":536870912,"rowid":4}	1	4	file:/home/alex/Repositories/hive/ql/target/tmp/org.apache.hadoop.hive.ql.TestTxnNoBuckets-1713959849960/warehouse/nonacidnonbucket/000000_0_copy_1
2024-04-24T04:58:37,775  WARN [main] ql.TestTxnNoBuckets: {"writeid":0,"bucketid":536870912,"rowid":5}	1	5	file:/home/alex/Repositories/hive/ql/target/tmp/org.apache.hadoop.hive.ql.TestTxnNoBuckets-1713959849960/warehouse/nonacidnonbucket/000000_0_copy_1
2024-04-24T04:58:37,775  WARN [main] ql.TestTxnNoBuckets: {"writeid":0,"bucketid":536870912,"rowid":6}	1	6	file:/home/alex/Repositories/hive/ql/target/tmp/org.apache.hadoop.hive.ql.TestTxnNoBuckets-1713959849960/warehouse/nonacidnonbucket/000000_0_copy_2
2024-04-24T04:58:37,775  INFO [main] ql.TxnCommandsBaseForTests: Running the query: insert into nonAcidNonBucket(a,b) values(0,15),(1,16)
2024-04-24T04:58:37,775  INFO [main] ql.Context: Deleting scratch dir: file:/home/alex/Repositories/hive/ql/target/tmp/localscratchdir/8c7e0359-82c4-43a8-8075-830caed3c040/hive_2024-04-24_04-58-36_277_6062287341716804557-1
2024-04-24T04:58:37,776  INFO [main] cleanup.SyncCleanupService: Deleted directory: file:/home/alex/Repositories/hive/ql/target/tmp/localscratchdir/8c7e0359-82c4-43a8-8075-830caed3c040/hive_2024-04-24_04-58-36_277_6062287341716804557-1 on fs with scheme file
2024-04-24T04:58:37,776  INFO [main] ql.Driver: Compiling command(queryId=alex_20240424045837_e51e0798-7ee0-4d79-9113-6af9ee809cc7): insert into nonAcidNonBucket(a,b) values(0,15),(1,16)
2024-04-24T04:58:37,778  INFO [main] txn.TxnHandler: Added entries to MIN_HISTORY_LEVEL for current txns: ([18]) with min_open_txn: 18
2024-04-24T04:58:37,779  INFO [main] lockmgr.DbTxnManager: Opened txnid:18
2024-04-24T04:58:37,779  INFO [main] parse.CalcitePlanner: Starting caching scope for: 
2024-04-24T04:58:37,779  INFO [main] parse.CalcitePlanner: Starting Semantic Analysis
2024-04-24T04:58:37,782  INFO [main] HiveMetaStore.audit: ugi=alex	ip=unknown-ip-addr	cmd=get_table : tbl=hive.default.nonAcidNonBucket	
2024-04-24T04:58:37,790  INFO [main] metastore.HMSHandler: Skipping translation for processor with null
2024-04-24T04:58:37,790  INFO [main] parse.CalcitePlanner: Completed phase 1 of Semantic Analysis
2024-04-24T04:58:37,790  INFO [main] parse.CalcitePlanner: Get metadata for source tables
2024-04-24T04:58:37,790  INFO [main] parse.CalcitePlanner: Get metadata for subqueries
2024-04-24T04:58:37,790  INFO [main] parse.CalcitePlanner: Get metadata for destination tables
2024-04-24T04:58:37,790  INFO [main] HiveMetaStore.audit: ugi=alex	ip=unknown-ip-addr	cmd=get_table : tbl=hive.default.nonAcidNonBucket	
2024-04-24T04:58:37,797  INFO [main] metastore.HMSHandler: Skipping translation for processor with null
2024-04-24T04:58:37,797  INFO [main] parse.CalcitePlanner: Completed getting MetaData in Semantic Analysis
2024-04-24T04:58:37,797  INFO [main] parse.CalcitePlanner: Disabling LLAP IO encode as ETL query is detected
2024-04-24T04:58:37,818  INFO [main] HiveMetaStore.audit: ugi=alex	ip=unknown-ip-addr	cmd=get_all_table_constraints : tbl=hive._dummy_database._dummy_table	
2024-04-24T04:58:37,866  INFO [main] parse.CalcitePlanner: Get metadata for source tables
2024-04-24T04:58:37,866  INFO [main] parse.CalcitePlanner: Get metadata for subqueries
2024-04-24T04:58:37,866  INFO [main] parse.CalcitePlanner: Get metadata for source tables
2024-04-24T04:58:37,867  INFO [main] HiveMetaStore.audit: ugi=alex	ip=unknown-ip-addr	cmd=get_table : tbl=hive._dummy_database._dummy_table	
2024-04-24T04:58:37,869  INFO [main] parse.CalcitePlanner: Get metadata for subqueries
2024-04-24T04:58:37,869  INFO [main] parse.CalcitePlanner: Get metadata for destination tables
2024-04-24T04:58:37,869  INFO [main] parse.CalcitePlanner: Get metadata for destination tables
2024-04-24T04:58:37,870  INFO [main] HiveMetaStore.audit: ugi=alex	ip=unknown-ip-addr	cmd=get_table : tbl=hive.default.nonAcidNonBucket	
2024-04-24T04:58:37,877  INFO [main] metastore.HMSHandler: Skipping translation for processor with null
2024-04-24T04:58:37,879  INFO [main] HiveMetaStore.audit: ugi=alex	ip=unknown-ip-addr	cmd=get_not_null_constraints : tbl=hive.default.nonacidnonbucket	
2024-04-24T04:58:37,881  INFO [main] HiveMetaStore.audit: ugi=alex	ip=unknown-ip-addr	cmd=get_check_constraints : tbl=hive.default.nonacidnonbucket	
2024-04-24T04:58:37,890  INFO [main] txn.TxnHandler: Allocated writeId: 10000001 for txnId: 18
2024-04-24T04:58:37,891  INFO [main] txn.TxnHandler: Allocated write ids for dbName=default, tblName=nonacidnonbucket (txnIds: [18])
2024-04-24T04:58:37,891  INFO [main] parse.CalcitePlanner: CBO Succeeded; optimized logical plan.
2024-04-24T04:58:37,894  INFO [main] optimizer.BucketVersionPopulator: not considering bucketingVersion for: TS[0] because it has -1<2 buckets 
2024-04-24T04:58:37,895  INFO [main] optimizer.SortedDynPartitionOptimizer: Sorted dynamic partitioning optimization kicked in..
2024-04-24T04:58:37,903  INFO [main] HiveMetaStore.audit: ugi=alex	ip=unknown-ip-addr	cmd=get_table : tbl=hive.default.nonacidnonbucket	
2024-04-24T04:58:37,910  INFO [main] metastore.HMSHandler: Skipping translation for processor with null
2024-04-24T04:58:37,911  INFO [main] physical.Vectorizer: Examining input format to see if vectorization is enabled.
2024-04-24T04:58:37,911  INFO [main] physical.Vectorizer: Map vectorization enabled: false
2024-04-24T04:58:37,911  INFO [main] physical.Vectorizer: Map vectorized: false
2024-04-24T04:58:37,911  INFO [main] physical.Vectorizer: Map vectorizedVertexNum: 0
2024-04-24T04:58:37,911  INFO [main] physical.Vectorizer: Map enabledConditionsMet: [hive.vectorized.use.vectorized.input.format IS true]
2024-04-24T04:58:37,911  INFO [main] physical.Vectorizer: Map enabledConditionsNotMet: [Could not enable vectorization due to partition column names size 1 is greater than the number of table column names size 0 IS false]
2024-04-24T04:58:37,911  INFO [main] physical.Vectorizer: Map inputFileFormatClassNameSet: [org.apache.hadoop.hive.ql.io.NullRowsInputFormat]
2024-04-24T04:58:37,911  INFO [main] parse.CalcitePlanner: Completed plan generation
2024-04-24T04:58:37,912  INFO [main] parse.CalcitePlanner: Ending caching scope for: 
2024-04-24T04:58:37,912  INFO [main] ql.Driver: Semantic Analysis Completed (retrial = false)
2024-04-24T04:58:37,912  INFO [main] ql.Driver: Created Hive schema: Schema(fieldSchemas:[FieldSchema(name:_col0, type:int, comment:null), FieldSchema(name:_col1, type:int, comment:null)], properties:null)
2024-04-24T04:58:37,912  INFO [main] metadata.Hive: Dumping metastore api call timing information for : compilation phase
2024-04-24T04:58:37,912  INFO [main] metadata.Hive: Total time spent in each metastore function (ms): {getValidTxns_(long)=0, openTxn_(String, TxnType)=2, commitTxn_(CommitTxnRequest)=11, getValidWriteIds_(List, String)=4, flushCache_()=0, getNotNullConstraints_(NotNullConstraintsRequest)=1, getCheckConstraints_(CheckConstraintsRequest)=2, getAllTableConstraints_(AllTableConstraintsRequest)=4, isCompatibleWith_(Configuration)=2, getTable_(GetTableRequest)=29, allocateTableWriteId_(long, String, String)=9}
2024-04-24T04:58:37,912  INFO [main] ql.Driver: Completed compiling command(queryId=alex_20240424045837_e51e0798-7ee0-4d79-9113-6af9ee809cc7); Time taken: 0.136 seconds
2024-04-24T04:58:37,912  INFO [main] lockmgr.DbTxnManager: Setting lock request transaction to txnid:18 for queryId=alex_20240424045837_e51e0798-7ee0-4d79-9113-6af9ee809cc7
2024-04-24T04:58:37,913  INFO [main] lockmgr.DbLockManager: Requesting lock for queryId=alex_20240424045837_e51e0798-7ee0-4d79-9113-6af9ee809cc7
2024-04-24T04:58:37,931  INFO [main] lockmgr.DbLockManager: Response to queryId=alex_20240424045837_e51e0798-7ee0-4d79-9113-6af9ee809cc7 LockResponse(lockid:12, state:ACQUIRED)
2024-04-24T04:58:37,931  INFO [main] ql.Driver: Operation QUERY obtained 1 locks
2024-04-24T04:58:37,933  INFO [main] ql.Driver: Executing command(queryId=alex_20240424045837_e51e0798-7ee0-4d79-9113-6af9ee809cc7): insert into nonAcidNonBucket(a,b) values(0,15),(1,16)
2024-04-24T04:58:37,934  WARN [main] ql.Driver: Hive-on-MR is deprecated in Hive 2 and may not be available in the future versions. Consider using a different execution engine (i.e. tez, spark) or using Hive 1.X releases.
Query ID = alex_20240424045837_e51e0798-7ee0-4d79-9113-6af9ee809cc7
2024-04-24T04:58:37,934  INFO [main] ql.Driver: Query ID = alex_20240424045837_e51e0798-7ee0-4d79-9113-6af9ee809cc7
Total jobs = 1
2024-04-24T04:58:37,934  INFO [main] ql.Driver: Total jobs = 1
Launching Job 1 out of 1
2024-04-24T04:58:37,934  INFO [main] ql.Driver: Launching Job 1 out of 1
2024-04-24T04:58:38,082  INFO [main] ql.Driver: Starting task [Stage-1:MAPRED] in serial mode
Number of reduce tasks is set to 0 since there's no reduce operator
2024-04-24T04:58:38,082  INFO [main] exec.Task: Number of reduce tasks is set to 0 since there's no reduce operator
2024-04-24T04:58:38,085  INFO [main] mr.ExecDriver: Using org.apache.hadoop.hive.ql.io.HiveInputFormat
2024-04-24T04:58:38,085  INFO [main] exec.Utilities: Processing alias $hdt$_0:_dummy_table
2024-04-24T04:58:38,085  INFO [main] exec.Utilities: Adding 1 inputs; the first input is file:/home/alex/Repositories/hive/ql/target/tmp/localscratchdir/8c7e0359-82c4-43a8-8075-830caed3c040/hive_2024-04-24_04-58-37_776_4942778434727765508-1/dummy_path
2024-04-24T04:58:38,095  INFO [main] exec.SerializationUtilities: Serializing MapWork using kryo
2024-04-24T04:58:38,095  INFO [main] exec.Utilities: Serialized plan (via FILE) - name: null size: 5,83KB
2024-04-24T04:58:38,096  WARN [main] impl.MetricsSystemImpl: JobTracker metrics system already initialized!
2024-04-24T04:58:38,100  INFO [main] fs.FSStatsPublisher: created : file:/home/alex/Repositories/hive/ql/target/tmp/localscratchdir/8c7e0359-82c4-43a8-8075-830caed3c040/hive_2024-04-24_04-58-37_776_4942778434727765508-1/-mr-10000
2024-04-24T04:58:38,102  WARN [main] impl.MetricsSystemImpl: JobTracker metrics system already initialized!
2024-04-24T04:58:38,110  WARN [main] mapreduce.JobResourceUploader: Hadoop command-line option parsing not performed. Implement the Tool interface and execute your application with ToolRunner to remedy this.
2024-04-24T04:58:38,114  WARN [main] mapreduce.JobResourceUploader: No job jar file set.  User classes may not be found. See Job or Job#setJar(String).
2024-04-24T04:58:38,116  INFO [main] io.HiveInputFormat: hive.io.file.readcolumn.ids = 
2024-04-24T04:58:38,116  INFO [main] io.HiveInputFormat: hive.io.file.readcolumn.names = 
2024-04-24T04:58:38,116  INFO [main] io.HiveInputFormat: Generating splits for dirs: file:/home/alex/Repositories/hive/ql/target/tmp/localscratchdir/8c7e0359-82c4-43a8-8075-830caed3c040/hive_2024-04-24_04-58-37_776_4942778434727765508-1/dummy_path
2024-04-24T04:58:38,116  INFO [main] io.HiveInputFormat: number of splits 1
2024-04-24T04:58:38,134  INFO [main] mapreduce.JobSubmitter: number of splits:1
2024-04-24T04:58:38,152  INFO [main] mapreduce.JobSubmitter: Submitting tokens for job: job_local74621651_0026
2024-04-24T04:58:38,152  INFO [main] mapreduce.JobSubmitter: Executing with tokens: []
2024-04-24T04:58:38,211  INFO [main] mapreduce.Job: The url to track the job: http://localhost:8080/
Job running in-process (local Hadoop)
2024-04-24T04:58:38,211  INFO [main] exec.Task: Job running in-process (local Hadoop)
2024-04-24T04:58:38,212  INFO [Thread-1633] mapred.LocalJobRunner: OutputCommitter set in config org.apache.hadoop.hive.ql.io.HiveFileFormatUtils$NullOutputCommitter
2024-04-24T04:58:38,212  INFO [Thread-1633] mapred.LocalJobRunner: OutputCommitter is org.apache.hadoop.hive.ql.io.HiveFileFormatUtils$NullOutputCommitter
2024-04-24T04:58:38,213  INFO [Thread-1633] mapred.LocalJobRunner: Waiting for map tasks
2024-04-24T04:58:38,213  INFO [LocalJobRunner Map Task Executor #0] mapred.LocalJobRunner: Starting task: attempt_local74621651_0026_m_000000_0
2024-04-24T04:58:38,214  INFO [LocalJobRunner Map Task Executor #0] mapred.Task:  Using ResourceCalculatorProcessTree : [ ]
2024-04-24T04:58:38,214  INFO [LocalJobRunner Map Task Executor #0] mapred.MapTask: Processing split: org.apache.hadoop.hive.ql.io.NullRowsInputFormat:file:/home/alex/Repositories/hive/ql/target/tmp/localscratchdir/8c7e0359-82c4-43a8-8075-830caed3c040/hive_2024-04-24_04-58-37_776_4942778434727765508-1/dummy_path/null:0+1
2024-04-24T04:58:38,215  INFO [LocalJobRunner Map Task Executor #0] exec.SerializationUtilities: Deserializing MapWork using kryo
2024-04-24T04:58:38,215  INFO [LocalJobRunner Map Task Executor #0] exec.Utilities: Deserialized plan (via FILE) - name: null size: 5,83KB
2024-04-24T04:58:38,216  INFO [LocalJobRunner Map Task Executor #0] mapred.MapTask: numReduceTasks: 0
2024-04-24T04:58:38,216  INFO [LocalJobRunner Map Task Executor #0] exec.MapOperator: Initializing Operator: MAP[0]
2024-04-24T04:58:38,216  INFO [LocalJobRunner Map Task Executor #0] mr.ExecMapper: 
<MAP>Id =0
  <Children>null
  <\Children>
  <Parent><\Parent>
<\MAP>
2024-04-24T04:58:38,217  INFO [LocalJobRunner Map Task Executor #0] exec.TableScanOperator: Initializing Operator: TS[0]
2024-04-24T04:58:38,217  INFO [LocalJobRunner Map Task Executor #0] exec.SelectOperator: Initializing Operator: SEL[1]
2024-04-24T04:58:38,217  INFO [LocalJobRunner Map Task Executor #0] exec.SelectOperator: SELECT null
2024-04-24T04:58:38,217  INFO [LocalJobRunner Map Task Executor #0] exec.UDTFOperator: Initializing Operator: UDTF[2]
2024-04-24T04:58:38,217  INFO [LocalJobRunner Map Task Executor #0] exec.SelectOperator: Initializing Operator: SEL[3]
2024-04-24T04:58:38,217  INFO [LocalJobRunner Map Task Executor #0] exec.SelectOperator: SELECT struct<col1:int,col2:int>
2024-04-24T04:58:38,217  INFO [LocalJobRunner Map Task Executor #0] exec.FileSinkOperator: Initializing Operator: FS[4]
2024-04-24T04:58:38,217  INFO [LocalJobRunner Map Task Executor #0] exec.FileSinkOperator: Using serializer : AbstractSerDe [log=org.apache.logging.slf4j.Log4jLogger@7620dc3c, configuration=Optional[Configuration: core-default.xml, core-site.xml, mapred-default.xml, mapred-site.xml, yarn-default.xml, yarn-site.xml, hdfs-default.xml, hdfs-site.xml, file:/home/alex/Repositories/hive/ql/target/tmp/TestTxnNoBucketsVectorized/mapred/local/localRunner/alex/job_local74621651_0026/job_local74621651_0026.xml], properties={transactional_properties=default, name=default.nonacidnonbucket, transactional=true, columns.types=int:int, columns=a,b, numFilesErasureCoded=0, columns.comments=&amp#0;, last_modified_time=1713959916, bucketing_version=2, serialization.lib=org.apache.hadoop.hive.ql.io.orc.OrcSerde, file.inputformat=org.apache.hadoop.hive.ql.io.orc.OrcInputFormat, file.outputformat=org.apache.hadoop.hive.ql.io.orc.OrcOutputFormat, location=file:/home/alex/Repositories/hive/ql/target/tmp/org.apache.hadoop.hive.ql.TestTxnNoBuckets-1713959849960/warehouse/nonacidnonbucket, column.name.delimiter=,, last_modified_by=alex}, tableProperties={transactional_properties=default, name=default.nonacidnonbucket, transactional=true, columns.types=int:int, columns=a,b, numFilesErasureCoded=0, columns.comments=&amp#0;, last_modified_time=1713959916, bucketing_version=2, serialization.lib=org.apache.hadoop.hive.ql.io.orc.OrcSerde, file.inputformat=org.apache.hadoop.hive.ql.io.orc.OrcInputFormat, location=file:/home/alex/Repositories/hive/ql/target/tmp/org.apache.hadoop.hive.ql.TestTxnNoBuckets-1713959849960/warehouse/nonacidnonbucket, file.outputformat=org.apache.hadoop.hive.ql.io.orc.OrcOutputFormat, last_modified_by=alex, column.name.delimiter=,}, partitionProperties=Optional.empty, columnNames=[a, b], columnTypes=[int, int], getClass()=class org.apache.hadoop.hive.ql.io.orc.OrcSerde] and formatter : org.apache.hadoop.hive.ql.io.orc.OrcOutputFormat@35d513fc
2024-04-24T04:58:38,218  INFO [LocalJobRunner Map Task Executor #0] exec.FileSinkOperator: Final Path: FS file:/home/alex/Repositories/hive/ql/target/tmp/org.apache.hadoop.hive.ql.TestTxnNoBuckets-1713959849960/warehouse/nonacidnonbucket
2024-04-24T04:58:38,218  INFO [LocalJobRunner Map Task Executor #0] exec.FileSinkOperator: New Final Path: FS file:/home/alex/Repositories/hive/ql/target/tmp/org.apache.hadoop.hive.ql.TestTxnNoBuckets-1713959849960/warehouse/nonacidnonbucket
2024-04-24T04:58:38,218  INFO [LocalJobRunner Map Task Executor #0] common.FileUtils: Creating directory if it doesn't exist: file:/home/alex/Repositories/hive/ql/target/tmp/org.apache.hadoop.hive.ql.TestTxnNoBuckets-1713959849960/warehouse
2024-04-24T04:58:38,218  INFO [LocalJobRunner Map Task Executor #0] exec.FileSinkOperator: FS[4]: records written - 1
2024-04-24T04:58:38,218  INFO [LocalJobRunner Map Task Executor #0] impl.PhysicalFsWriter: ORC writer created for path: file:/home/alex/Repositories/hive/ql/target/tmp/org.apache.hadoop.hive.ql.TestTxnNoBuckets-1713959849960/warehouse/nonacidnonbucket/delta_10000001_10000001_0000/bucket_00000_0 with stripeSize: 8388608 blockSize: 268435456 compression: Compress: ZLIB buffer: 32768
2024-04-24T04:58:38,225  INFO [LocalJobRunner Map Task Executor #0] impl.WriterImpl: ORC writer created for path: file:/home/alex/Repositories/hive/ql/target/tmp/org.apache.hadoop.hive.ql.TestTxnNoBuckets-1713959849960/warehouse/nonacidnonbucket/delta_10000001_10000001_0000/bucket_00000_0 with stripeSize: 8388608 options: Compress: ZLIB buffer: 32768
2024-04-24T04:58:38,230  INFO [LocalJobRunner Map Task Executor #0] exec.MapOperator: MAP[0]: records read - 1
2024-04-24T04:58:38,230  INFO [LocalJobRunner Map Task Executor #0] exec.MapOperator: Closing Operator: MAP[0]
2024-04-24T04:58:38,230  INFO [LocalJobRunner Map Task Executor #0] exec.MapOperator: MAP[0]: Total records read - 3. abort - false
2024-04-24T04:58:38,230  INFO [LocalJobRunner Map Task Executor #0] exec.MapOperator: RECORDS_OUT_INTERMEDIATE:0, RECORDS_IN:3, RECORDS_OUT_OPERATOR_MAP_0:0, DESERIALIZE_ERRORS:0, 
2024-04-24T04:58:38,230  INFO [LocalJobRunner Map Task Executor #0] exec.TableScanOperator: Closing Operator: TS[0]
2024-04-24T04:58:38,230  INFO [LocalJobRunner Map Task Executor #0] exec.TableScanOperator: RECORDS_OUT_INTERMEDIATE:0, RECORDS_OUT_OPERATOR_TS_0:1, 
2024-04-24T04:58:38,230  INFO [LocalJobRunner Map Task Executor #0] exec.SelectOperator: Closing Operator: SEL[1]
2024-04-24T04:58:38,230  INFO [LocalJobRunner Map Task Executor #0] exec.SelectOperator: RECORDS_OUT_INTERMEDIATE:0, RECORDS_OUT_OPERATOR_SEL_1:1, 
2024-04-24T04:58:38,230  INFO [LocalJobRunner Map Task Executor #0] exec.UDTFOperator: Closing Operator: UDTF[2]
2024-04-24T04:58:38,230  INFO [LocalJobRunner Map Task Executor #0] exec.UDTFOperator: RECORDS_OUT_INTERMEDIATE:0, RECORDS_OUT_OPERATOR_UDTF_2:2, 
2024-04-24T04:58:38,230  INFO [LocalJobRunner Map Task Executor #0] exec.SelectOperator: Closing Operator: SEL[3]
2024-04-24T04:58:38,230  INFO [LocalJobRunner Map Task Executor #0] exec.SelectOperator: RECORDS_OUT_INTERMEDIATE:0, RECORDS_OUT_OPERATOR_SEL_3:2, 
2024-04-24T04:58:38,230  INFO [LocalJobRunner Map Task Executor #0] exec.FileSinkOperator: Closing Operator: FS[4]
2024-04-24T04:58:38,231  INFO [LocalJobRunner Map Task Executor #0] exec.FileSinkOperator: FS[4]: records written - 2
2024-04-24T04:58:38,232  INFO [LocalJobRunner Map Task Executor #0] FileOperations: Writing manifest to file:/home/alex/Repositories/hive/ql/target/tmp/org.apache.hadoop.hive.ql.TestTxnNoBuckets-1713959849960/warehouse/nonacidnonbucket/_tmp.delta_10000001_10000001_0000/000000_0.manifest with [file:/home/alex/Repositories/hive/ql/target/tmp/org.apache.hadoop.hive.ql.TestTxnNoBuckets-1713959849960/warehouse/nonacidnonbucket/delta_10000001_10000001_0000/bucket_00000_0]
2024-04-24T04:58:38,243  INFO [LocalJobRunner Map Task Executor #0] exec.FileSinkOperator: RECORDS_OUT_OPERATOR_FS_4:2, RECORDS_OUT_1_default.nonacidnonbucket:2, RECORDS_OUT_INTERMEDIATE:0, TOTAL_TABLE_ROWS_WRITTEN:2, 
2024-04-24T04:58:38,244  INFO [LocalJobRunner Map Task Executor #0] mapred.LocalJobRunner: 
2024-04-24T04:58:38,244  INFO [LocalJobRunner Map Task Executor #0] mapred.Task: Task:attempt_local74621651_0026_m_000000_0 is done. And is in the process of committing
2024-04-24T04:58:38,244  INFO [LocalJobRunner Map Task Executor #0] mapred.LocalJobRunner: map
2024-04-24T04:58:38,244  INFO [LocalJobRunner Map Task Executor #0] mapred.Task: Task 'attempt_local74621651_0026_m_000000_0' done.
2024-04-24T04:58:38,245  INFO [LocalJobRunner Map Task Executor #0] mapred.Task: Final Counters for attempt_local74621651_0026_m_000000_0: Counters: 27
	File System Counters
		FILE: Number of bytes read=541228
		FILE: Number of bytes written=31251816
		FILE: Number of read operations=0
		FILE: Number of large read operations=0
		FILE: Number of write operations=0
	Map-Reduce Framework
		Map input records=4
		Map output records=0
		Input split bytes=361
		Spilled Records=0
		Failed Shuffles=0
		Merged Map outputs=0
		GC time elapsed (ms)=0
		Total committed heap usage (bytes)=1102053376
	HIVE
		CREATED_FILES=1
		DESERIALIZE_ERRORS=0
		RECORDS_IN=3
		RECORDS_OUT_1_default.nonacidnonbucket=2
		RECORDS_OUT_INTERMEDIATE=0
		RECORDS_OUT_OPERATOR_FS_4=2
		RECORDS_OUT_OPERATOR_MAP_0=0
		RECORDS_OUT_OPERATOR_SEL_1=1
		RECORDS_OUT_OPERATOR_SEL_3=2
		RECORDS_OUT_OPERATOR_TS_0=1
		RECORDS_OUT_OPERATOR_UDTF_2=2
		TOTAL_TABLE_ROWS_WRITTEN=2
	File Input Format Counters 
		Bytes Read=5886
	File Output Format Counters 
		Bytes Written=0
2024-04-24T04:58:38,245  INFO [LocalJobRunner Map Task Executor #0] mapred.LocalJobRunner: Finishing task: attempt_local74621651_0026_m_000000_0
2024-04-24T04:58:38,245  INFO [Thread-1633] mapred.LocalJobRunner: map task executor complete.
2024-04-24 04:58:39,213 Stage-1 map = 100%,  reduce = 0%
2024-04-24T04:58:39,214  INFO [main] exec.Task: 2024-04-24 04:58:39,213 Stage-1 map = 100%,  reduce = 0%
Ended Job = job_local74621651_0026
2024-04-24T04:58:39,215  INFO [main] exec.Task: Ended Job = job_local74621651_0026
2024-04-24T04:58:39,217  INFO [main] FileOperations: Found manifest file file:/home/alex/Repositories/hive/ql/target/tmp/org.apache.hadoop.hive.ql.TestTxnNoBuckets-1713959849960/warehouse/nonacidnonbucket/_tmp.delta_10000001_10000001_0000/000000_0.manifest with attemptId 0.
2024-04-24T04:58:39,217  INFO [main] FileOperations: Looking at manifest file: file:/home/alex/Repositories/hive/ql/target/tmp/org.apache.hadoop.hive.ql.TestTxnNoBuckets-1713959849960/warehouse/nonacidnonbucket/_tmp.delta_10000001_10000001_0000/000000_0.manifest
2024-04-24T04:58:39,218  INFO [main] FileOperations: Deleting manifest directory file:/home/alex/Repositories/hive/ql/target/tmp/org.apache.hadoop.hive.ql.TestTxnNoBuckets-1713959849960/warehouse/nonacidnonbucket/_tmp.delta_10000001_10000001_0000
2024-04-24T04:58:39,219  INFO [main] ql.Driver: Starting task [Stage-0:MOVE] in serial mode
Loading data to table default.nonacidnonbucket
2024-04-24T04:58:39,219  INFO [main] exec.Task: Loading data to table default.nonacidnonbucket from file:/home/alex/Repositories/hive/ql/target/tmp/org.apache.hadoop.hive.ql.TestTxnNoBuckets-1713959849960/warehouse/nonacidnonbucket
2024-04-24T04:58:39,219  INFO [main] HiveMetaStore.audit: ugi=alex	ip=unknown-ip-addr	cmd=get_table : tbl=hive.default.nonacidnonbucket	
2024-04-24T04:58:39,226  INFO [main] metastore.HMSHandler: Skipping translation for processor with null
2024-04-24T04:58:39,226  INFO [main] HiveMetaStore.audit: ugi=alex	ip=unknown-ip-addr	cmd=get_table : tbl=hive.default.nonacidnonbucket	
2024-04-24T04:58:39,233  INFO [main] metastore.HMSHandler: Skipping translation for processor with null
2024-04-24T04:58:39,234  INFO [main] HiveMetaStore.audit: ugi=alex	ip=unknown-ip-addr	cmd=alter_table: hive.default.nonacidnonbucket newtbl=nonacidnonbucket	
2024-04-24T04:58:39,269  INFO [main] ql.Driver: Starting task [Stage-2:STATS] in serial mode
2024-04-24T04:58:39,269  INFO [main] HiveMetaStore.audit: ugi=alex	ip=unknown-ip-addr	cmd=get_table : tbl=hive.default.nonacidnonbucket	
2024-04-24T04:58:39,276  INFO [main] metastore.HMSHandler: Skipping translation for processor with null
2024-04-24T04:58:39,277  INFO [main] stats.BasicStatsTask: Executing stats task
2024-04-24T04:58:39,277  INFO [main] fs.FSStatsPublisher: created : file:/home/alex/Repositories/hive/ql/target/tmp/localscratchdir/8c7e0359-82c4-43a8-8075-830caed3c040/hive_2024-04-24_04-58-37_776_4942778434727765508-1/-mr-10000
2024-04-24T04:58:39,278  INFO [main] HiveMetaStore.audit: ugi=alex	ip=unknown-ip-addr	cmd=get_table : tbl=hive.default.nonacidnonbucket	
2024-04-24T04:58:39,285  INFO [main] metastore.HMSHandler: Skipping translation for processor with null
2024-04-24T04:58:39,302  WARN [main] FileOperations: Computing stats for an ACID table; stats may be inaccurate
2024-04-24T04:58:39,303  INFO [main] FileOperations: Read stats for default.nonacidnonbucket/, numRows, true, 2, false: 
2024-04-24T04:58:39,303  INFO [main] FileOperations: Read stats for default.nonacidnonbucket/, rawDataSize, true, 0, false: 
2024-04-24T04:58:39,303  INFO [main] HiveMetaStore.audit: ugi=alex	ip=unknown-ip-addr	cmd=alter_table: hive.default.nonacidnonbucket newtbl=nonacidnonbucket	
2024-04-24T04:58:39,324  INFO [main] FileOperations: Read stats for default.nonacidnonbucket/, insertCount, true, 2, false: 
2024-04-24T04:58:39,324  INFO [main] FileOperations: Read stats for default.nonacidnonbucket/, updateCount, true, 0, false: 
2024-04-24T04:58:39,324  INFO [main] FileOperations: Read stats for default.nonacidnonbucket/, deleteCount, true, 0, false: 
2024-04-24T04:58:39,327  INFO [main] stats.BasicStatsTask: Table default.nonacidnonbucket stats: [numFiles=4, numRows=9, totalSize=1515, rawDataSize=56, numFilesErasureCoded=0]
2024-04-24T04:58:39,327  INFO [main] metadata.Hive: Dumping metastore api call timing information for : execution phase
2024-04-24T04:58:39,327  INFO [main] metadata.Hive: Total time spent in each metastore function (ms): {alter_table_(String, String, String, Table, EnvironmentContext, String)=56, updateTransactionalStatistics_(UpdateTransactionalStatsRequest)=2, getTable_(GetTableRequest)=29, isCompatibleWith_(Configuration)=0}
MapReduce Jobs Launched: 
2024-04-24T04:58:39,327  INFO [main] ql.Driver: MapReduce Jobs Launched: 
Stage-Stage-1:  HDFS Read: 0 HDFS Write: 0 SUCCESS
2024-04-24T04:58:39,327  INFO [main] ql.Driver: Stage-Stage-1:  HDFS Read: 0 HDFS Write: 0 SUCCESS
Total MapReduce CPU Time Spent: 0 msec
2024-04-24T04:58:39,328  INFO [main] ql.Driver: Total MapReduce CPU Time Spent: 0 msec
2024-04-24T04:58:39,328  INFO [main] ql.Driver: Completed executing command(queryId=alex_20240424045837_e51e0798-7ee0-4d79-9113-6af9ee809cc7); Time taken: 1.394 seconds
2024-04-24T04:58:39,328  INFO [main] lockmgr.DbTxnManager: Stopped heartbeat for query: alex_20240424045837_e51e0798-7ee0-4d79-9113-6af9ee809cc7
2024-04-24T04:58:39,337  INFO [main] txn.TxnHandler: Removed transactions: ([18]) from MIN_HISTORY_LEVEL
2024-04-24T04:58:39,337  WARN [main] txn.CompactionTxnHandler: No compaction queue record found for Compaction type transaction commit. txnId:18
2024-04-24T04:58:39,338  INFO [main] ql.TxnCommandsBaseForTests: Running the query: update nonAcidNonBucket set b = 120 where a = 0 and b = 12
2024-04-24T04:58:39,338  INFO [main] ql.Context: Deleting scratch dir: file:/home/alex/Repositories/hive/ql/target/tmp/localscratchdir/8c7e0359-82c4-43a8-8075-830caed3c040/hive_2024-04-24_04-58-37_776_4942778434727765508-1
2024-04-24T04:58:39,339  INFO [main] cleanup.SyncCleanupService: Deleted directory: file:/home/alex/Repositories/hive/ql/target/tmp/localscratchdir/8c7e0359-82c4-43a8-8075-830caed3c040/hive_2024-04-24_04-58-37_776_4942778434727765508-1 on fs with scheme file
2024-04-24T04:58:39,339  INFO [main] ql.Driver: Compiling command(queryId=alex_20240424045839_338b6fd9-8afc-4167-ae00-5beea62c3bd6): update nonAcidNonBucket set b = 120 where a = 0 and b = 12
2024-04-24T04:58:39,342  INFO [main] txn.TxnHandler: Added entries to MIN_HISTORY_LEVEL for current txns: ([19]) with min_open_txn: 19
2024-04-24T04:58:39,342  INFO [main] lockmgr.DbTxnManager: Opened txnid:19
2024-04-24T04:58:39,343  INFO [main] parse.UpdateDeleteSemanticAnalyzer: Starting caching scope for: 
2024-04-24T04:58:39,343  INFO [main] HiveMetaStore.audit: ugi=alex	ip=unknown-ip-addr	cmd=get_table : tbl=hive.default.nonAcidNonBucket	
2024-04-24T04:58:39,349  INFO [main] metastore.HMSHandler: Skipping translation for processor with null
2024-04-24T04:58:39,349  INFO [main] parse.RewriteSemanticAnalyzer: Going to reparse <update nonAcidNonBucket set b = 120 where a = 0 and b = 12> as 
<insert into table `default`.`nonAcidNonBucket` select ROW__ID,`a`,`b` from `default`.`nonAcidNonBucket` sort by ROW__ID >
2024-04-24T04:58:39,350  INFO [main] parse.UpdateDeleteSemanticAnalyzer: Starting Semantic Analysis
2024-04-24T04:58:39,353  INFO [main] HiveMetaStore.audit: ugi=alex	ip=unknown-ip-addr	cmd=get_table : tbl=hive.default.nonAcidNonBucket	
2024-04-24T04:58:39,358  INFO [main] metastore.ObjectStore: Removed COLUMN_STATS_ACCURATE from Table's parameters.
2024-04-24T04:58:39,360  INFO [main] metastore.HMSHandler: Skipping translation for processor with null
2024-04-24T04:58:39,360  INFO [main] parse.UpdateDeleteSemanticAnalyzer: Completed phase 1 of Semantic Analysis
2024-04-24T04:58:39,360  INFO [main] parse.UpdateDeleteSemanticAnalyzer: Get metadata for source tables
2024-04-24T04:58:39,360  INFO [main] HiveMetaStore.audit: ugi=alex	ip=unknown-ip-addr	cmd=get_table : tbl=hive.default.nonacidnonbucket	
2024-04-24T04:58:39,365  INFO [main] metastore.ObjectStore: Removed COLUMN_STATS_ACCURATE from Table's parameters.
2024-04-24T04:58:39,367  INFO [main] metastore.HMSHandler: Skipping translation for processor with null
2024-04-24T04:58:39,367  INFO [main] parse.UpdateDeleteSemanticAnalyzer: Get metadata for subqueries
2024-04-24T04:58:39,367  INFO [main] parse.UpdateDeleteSemanticAnalyzer: Get metadata for destination tables
2024-04-24T04:58:39,368  INFO [main] HiveMetaStore.audit: ugi=alex	ip=unknown-ip-addr	cmd=get_table : tbl=hive.default.nonAcidNonBucket	
2024-04-24T04:58:39,374  INFO [main] metastore.HMSHandler: Skipping translation for processor with null
2024-04-24T04:58:39,374  INFO [main] parse.UpdateDeleteSemanticAnalyzer: Completed getting MetaData in Semantic Analysis
2024-04-24T04:58:39,374  INFO [main] parse.UpdateDeleteSemanticAnalyzer: Disabling LLAP IO encode as ETL query is detected
2024-04-24T04:58:39,387  INFO [main] HiveMetaStore.audit: ugi=alex	ip=unknown-ip-addr	cmd=get_all_table_constraints : tbl=hive.default.nonacidnonbucket	
2024-04-24T04:58:39,394  INFO [main] HiveMetaStore.audit: ugi=alex	ip=unknown-ip-addr	cmd=get_not_null_constraints : tbl=hive.default.nonacidnonbucket	
2024-04-24T04:58:39,395  INFO [main] HiveMetaStore.audit: ugi=alex	ip=unknown-ip-addr	cmd=get_check_constraints : tbl=hive.default.nonacidnonbucket	
2024-04-24T04:58:39,424  INFO [main] calcite.RelOptHiveTable: Calculating column statistics for default.nonacidnonbucket, projIndxSet: [0, 1], allowMissingStats: true
2024-04-24T04:58:39,424  INFO [main] HiveMetaStore.audit: ugi=alex	ip=unknown-ip-addr	cmd=get_table_statistics_req: table=hive.default.nonacidnonbucket	
2024-04-24T04:58:39,434  WARN [main] calcite.RelOptHiveTable: No Stats for default@nonacidnonbucket, Columns: b, a
No Stats for default@nonacidnonbucket, Columns: b, a
2024-04-24T04:58:39,434  INFO [main] SessionState: No Stats for default@nonacidnonbucket, Columns: b, a
2024-04-24T04:58:39,550  INFO [main] parse.UpdateDeleteSemanticAnalyzer: Get metadata for source tables
2024-04-24T04:58:39,550  INFO [main] parse.UpdateDeleteSemanticAnalyzer: Get metadata for subqueries
2024-04-24T04:58:39,550  INFO [main] parse.UpdateDeleteSemanticAnalyzer: Get metadata for destination tables
2024-04-24T04:58:39,551  INFO [main] HiveMetaStore.audit: ugi=alex	ip=unknown-ip-addr	cmd=get_table : tbl=hive.default.nonAcidNonBucket	
2024-04-24T04:58:39,558  INFO [main] metastore.HMSHandler: Skipping translation for processor with null
2024-04-24T04:58:39,563 ERROR [main] parse.UpdateDeleteSemanticAnalyzer: CBO failed, skipping CBO. 
org.apache.hadoop.hive.ql.exec.NoMatchingMethodException: No matching method for class org.apache.hadoop.hive.ql.udf.UDFToInteger with (struct<writeid:bigint,bucketid:int,rowid:bigint>). Possible choices: _FUNC_(bigint)  _FUNC_(boolean)  _FUNC_(decimal(38,18))  _FUNC_(double)  _FUNC_(float)  _FUNC_(smallint)  _FUNC_(string)  _FUNC_(struct<bucketid:bigint,rowid:bigint,writeid:int>)  _FUNC_(timestamp)  _FUNC_(tinyint)  _FUNC_(void)  
	at org.apache.hadoop.hive.ql.exec.MethodUtils.getMethodInternal(MethodUtils.java:130) ~[classes/:?]
	at org.apache.hadoop.hive.ql.exec.MethodUtils.getMethodInternal(MethodUtils.java:60) ~[classes/:?]
	at org.apache.hadoop.hive.ql.exec.DefaultUDFMethodResolver.getEvalMethod(DefaultUDFMethodResolver.java:59) ~[classes/:?]
	at org.apache.hadoop.hive.ql.udf.TimestampCastRestrictorResolver.getEvalMethod(TimestampCastRestrictorResolver.java:68) ~[classes/:?]
	at org.apache.hadoop.hive.ql.udf.generic.GenericUDFBridge.initialize(GenericUDFBridge.java:168) ~[classes/:?]
	at org.apache.hadoop.hive.ql.udf.generic.GenericUDF.initializeAndFoldConstants(GenericUDF.java:149) ~[classes/:?]
	at org.apache.hadoop.hive.ql.plan.ExprNodeGenericFuncDesc.newInstance(ExprNodeGenericFuncDesc.java:235) ~[classes/:?]
	at org.apache.hadoop.hive.ql.parse.type.ExprNodeDescExprFactory.createFuncCallExpr(ExprNodeDescExprFactory.java:584) ~[classes/:?]
	at org.apache.hadoop.hive.ql.parse.type.ExprNodeDescExprFactory.createFuncCallExpr(ExprNodeDescExprFactory.java:97) ~[classes/:?]
	at org.apache.hadoop.hive.ql.parse.type.TypeCheckProcFactory$DefaultExprProcessor.getFuncExprNodeDescWithUdfData(TypeCheckProcFactory.java:762) ~[classes/:?]
	at org.apache.hadoop.hive.ql.parse.type.TypeCheckProcFactory$DefaultExprProcessor.createConversionCast(TypeCheckProcFactory.java:783) ~[classes/:?]
	at org.apache.hadoop.hive.ql.parse.SemanticAnalyzer.getPartitionColsFromBucketColsForUpdateDelete(SemanticAnalyzer.java:8725) ~[classes/:?]
	at org.apache.hadoop.hive.ql.parse.SemanticAnalyzer.genBucketingSortingDest(SemanticAnalyzer.java:6914) ~[classes/:?]
	at org.apache.hadoop.hive.ql.parse.SemanticAnalyzer.genFileSinkPlan(SemanticAnalyzer.java:7335) ~[classes/:?]
	at org.apache.hadoop.hive.ql.parse.SemanticAnalyzer.genPostGroupByBodyPlan(SemanticAnalyzer.java:11063) ~[classes/:?]
	at org.apache.hadoop.hive.ql.parse.SemanticAnalyzer.genBodyPlan(SemanticAnalyzer.java:10938) ~[classes/:?]
	at org.apache.hadoop.hive.ql.parse.SemanticAnalyzer.genPlan(SemanticAnalyzer.java:11853) ~[classes/:?]
	at org.apache.hadoop.hive.ql.parse.SemanticAnalyzer.genPlan(SemanticAnalyzer.java:11723) ~[classes/:?]
	at org.apache.hadoop.hive.ql.parse.CalcitePlanner.genOPTree(CalcitePlanner.java:626) ~[classes/:?]
	at org.apache.hadoop.hive.ql.parse.SemanticAnalyzer.analyzeInternal(SemanticAnalyzer.java:12558) ~[classes/:?]
	at org.apache.hadoop.hive.ql.parse.CalcitePlanner.analyzeInternal(CalcitePlanner.java:456) ~[classes/:?]
	at org.apache.hadoop.hive.ql.parse.RewriteSemanticAnalyzer.analyzeInternal(RewriteSemanticAnalyzer.java:67) ~[classes/:?]
	at org.apache.hadoop.hive.ql.parse.BaseSemanticAnalyzer.analyze(BaseSemanticAnalyzer.java:317) ~[classes/:?]
	at org.apache.hadoop.hive.ql.parse.UpdateDeleteSemanticAnalyzer.reparseAndSuperAnalyze(UpdateDeleteSemanticAnalyzer.java:208) ~[classes/:?]
	at org.apache.hadoop.hive.ql.parse.UpdateDeleteSemanticAnalyzer.analyzeUpdate(UpdateDeleteSemanticAnalyzer.java:63) ~[classes/:?]
	at org.apache.hadoop.hive.ql.parse.UpdateDeleteSemanticAnalyzer.analyze(UpdateDeleteSemanticAnalyzer.java:53) ~[classes/:?]
	at org.apache.hadoop.hive.ql.parse.RewriteSemanticAnalyzer.analyzeInternal(RewriteSemanticAnalyzer.java:72) ~[classes/:?]
	at org.apache.hadoop.hive.ql.parse.BaseSemanticAnalyzer.analyze(BaseSemanticAnalyzer.java:317) ~[classes/:?]
	at org.apache.hadoop.hive.ql.Compiler.analyze(Compiler.java:223) ~[classes/:?]
	at org.apache.hadoop.hive.ql.Compiler.compile(Compiler.java:105) ~[classes/:?]
	at org.apache.hadoop.hive.ql.Driver.compile(Driver.java:500) ~[classes/:?]
	at org.apache.hadoop.hive.ql.Driver.compileInternal(Driver.java:453) ~[classes/:?]
	at org.apache.hadoop.hive.ql.Driver.runInternal(Driver.java:181) ~[classes/:?]
	at org.apache.hadoop.hive.ql.Driver.run(Driver.java:153) ~[classes/:?]
	at org.apache.hadoop.hive.ql.Driver.run(Driver.java:140) ~[classes/:?]
	at org.apache.hadoop.hive.ql.TxnCommandsBaseForTests.runStatementOnDriver(TxnCommandsBaseForTests.java:245) ~[test-classes/:?]
	at org.apache.hadoop.hive.ql.TestTxnNoBuckets.testToAcidConversion02(TestTxnNoBuckets.java:553) ~[test-classes/:?]
	at sun.reflect.NativeMethodAccessorImpl.invoke0(Native Method) ~[?:1.8.0_402]
	at sun.reflect.NativeMethodAccessorImpl.invoke(NativeMethodAccessorImpl.java:62) ~[?:1.8.0_402]
	at sun.reflect.DelegatingMethodAccessorImpl.invoke(DelegatingMethodAccessorImpl.java:43) ~[?:1.8.0_402]
	at java.lang.reflect.Method.invoke(Method.java:498) ~[?:1.8.0_402]
	at org.junit.runners.model.FrameworkMethod$1.runReflectiveCall(FrameworkMethod.java:59) ~[junit-4.13.jar:4.13]
	at org.junit.internal.runners.model.ReflectiveCallable.run(ReflectiveCallable.java:12) ~[junit-4.13.jar:4.13]
	at org.junit.runners.model.FrameworkMethod.invokeExplosively(FrameworkMethod.java:56) ~[junit-4.13.jar:4.13]
	at org.junit.internal.runners.statements.InvokeMethod.evaluate(InvokeMethod.java:17) ~[junit-4.13.jar:4.13]
	at org.junit.internal.runners.statements.RunBefores.evaluate(RunBefores.java:26) ~[junit-4.13.jar:4.13]
	at org.junit.internal.runners.statements.RunAfters.evaluate(RunAfters.java:27) ~[junit-4.13.jar:4.13]
	at org.junit.rules.TestWatcher$1.evaluate(TestWatcher.java:61) ~[junit-4.13.jar:4.13]
	at org.junit.runners.ParentRunner$3.evaluate(ParentRunner.java:306) ~[junit-4.13.jar:4.13]
	at org.junit.runners.BlockJUnit4ClassRunner$1.evaluate(BlockJUnit4ClassRunner.java:100) ~[junit-4.13.jar:4.13]
	at org.junit.runners.ParentRunner.runLeaf(ParentRunner.java:366) ~[junit-4.13.jar:4.13]
	at org.junit.runners.BlockJUnit4ClassRunner.runChild(BlockJUnit4ClassRunner.java:103) ~[junit-4.13.jar:4.13]
	at org.junit.runners.BlockJUnit4ClassRunner.runChild(BlockJUnit4ClassRunner.java:63) ~[junit-4.13.jar:4.13]
	at org.junit.runners.ParentRunner$4.run(ParentRunner.java:331) ~[junit-4.13.jar:4.13]
	at org.junit.runners.ParentRunner$1.schedule(ParentRunner.java:79) ~[junit-4.13.jar:4.13]
	at org.junit.runners.ParentRunner.runChildren(ParentRunner.java:329) ~[junit-4.13.jar:4.13]
	at org.junit.runners.ParentRunner.access$100(ParentRunner.java:66) ~[junit-4.13.jar:4.13]
	at org.junit.runners.ParentRunner$2.evaluate(ParentRunner.java:293) ~[junit-4.13.jar:4.13]
	at org.junit.runners.ParentRunner$3.evaluate(ParentRunner.java:306) ~[junit-4.13.jar:4.13]
	at org.junit.runners.ParentRunner.run(ParentRunner.java:413) ~[junit-4.13.jar:4.13]
	at org.junit.runner.JUnitCore.run(JUnitCore.java:137) ~[junit-4.13.jar:4.13]
	at org.junit.runner.JUnitCore.run(JUnitCore.java:115) ~[junit-4.13.jar:4.13]
	at org.junit.vintage.engine.execution.RunnerExecutor.execute(RunnerExecutor.java:43) ~[junit-vintage-engine-5.6.2.jar:5.6.2]
	at java.util.stream.ForEachOps$ForEachOp$OfRef.accept(ForEachOps.java:183) ~[?:1.8.0_402]
	at java.util.stream.ReferencePipeline$3$1.accept(ReferencePipeline.java:193) ~[?:1.8.0_402]
	at java.util.Iterator.forEachRemaining(Iterator.java:116) ~[?:1.8.0_402]
	at java.util.Spliterators$IteratorSpliterator.forEachRemaining(Spliterators.java:1801) ~[?:1.8.0_402]
	at java.util.stream.AbstractPipeline.copyInto(AbstractPipeline.java:482) ~[?:1.8.0_402]
	at java.util.stream.AbstractPipeline.wrapAndCopyInto(AbstractPipeline.java:472) ~[?:1.8.0_402]
	at java.util.stream.ForEachOps$ForEachOp.evaluateSequential(ForEachOps.java:150) ~[?:1.8.0_402]
	at java.util.stream.ForEachOps$ForEachOp$OfRef.evaluateSequential(ForEachOps.java:173) ~[?:1.8.0_402]
	at java.util.stream.AbstractPipeline.evaluate(AbstractPipeline.java:234) ~[?:1.8.0_402]
	at java.util.stream.ReferencePipeline.forEach(ReferencePipeline.java:485) ~[?:1.8.0_402]
	at org.junit.vintage.engine.VintageTestEngine.executeAllChildren(VintageTestEngine.java:82) ~[junit-vintage-engine-5.6.2.jar:5.6.2]
	at org.junit.vintage.engine.VintageTestEngine.execute(VintageTestEngine.java:73) ~[junit-vintage-engine-5.6.2.jar:5.6.2]
	at org.junit.platform.launcher.core.DefaultLauncher.execute(DefaultLauncher.java:248) ~[junit-platform-launcher-1.6.2.jar:1.6.2]
	at org.junit.platform.launcher.core.DefaultLauncher.lambda$execute$5(DefaultLauncher.java:211) ~[junit-platform-launcher-1.6.2.jar:1.6.2]
	at org.junit.platform.launcher.core.DefaultLauncher.withInterceptedStreams(DefaultLauncher.java:226) [junit-platform-launcher-1.6.2.jar:1.6.2]
	at org.junit.platform.launcher.core.DefaultLauncher.execute(DefaultLauncher.java:199) [junit-platform-launcher-1.6.2.jar:1.6.2]
	at org.junit.platform.launcher.core.DefaultLauncher.execute(DefaultLauncher.java:132) [junit-platform-launcher-1.6.2.jar:1.6.2]
	at org.apache.maven.surefire.junitplatform.JUnitPlatformProvider.invokeAllTests(JUnitPlatformProvider.java:154) [surefire-junit-platform-3.0.0-M4.jar:3.0.0-M4]
	at org.apache.maven.surefire.junitplatform.JUnitPlatformProvider.invoke(JUnitPlatformProvider.java:123) [surefire-junit-platform-3.0.0-M4.jar:3.0.0-M4]
	at org.apache.maven.surefire.booter.ForkedBooter.runSuitesInProcess(ForkedBooter.java:377) [surefire-booter-3.0.0-M4.jar:3.0.0-M4]
	at org.apache.maven.surefire.booter.ForkedBooter.execute(ForkedBooter.java:138) [surefire-booter-3.0.0-M4.jar:3.0.0-M4]
	at org.apache.maven.surefire.booter.ForkedBooter.run(ForkedBooter.java:465) [surefire-booter-3.0.0-M4.jar:3.0.0-M4]
	at org.apache.maven.surefire.booter.ForkedBooter.main(ForkedBooter.java:451) [surefire-booter-3.0.0-M4.jar:3.0.0-M4]
2024-04-24T04:58:39,564 ERROR [main] parse.UpdateDeleteSemanticAnalyzer: CBO failed due to missing column stats (see previous errors), skipping CBO
2024-04-24T04:58:39,564  INFO [main] parse.UpdateDeleteSemanticAnalyzer: Ending caching scope for: 
FAILED: NoMatchingMethodException No matching method for class org.apache.hadoop.hive.ql.udf.UDFToInteger with (struct<writeid:bigint,bucketid:int,rowid:bigint>). Possible choices: _FUNC_(bigint)  _FUNC_(boolean)  _FUNC_(decimal(38,18))  _FUNC_(double)  _FUNC_(float)  _FUNC_(smallint)  _FUNC_(string)  _FUNC_(struct<bucketid:bigint,rowid:bigint,writeid:int>)  _FUNC_(timestamp)  _FUNC_(tinyint)  _FUNC_(void)  
2024-04-24T04:58:39,564 ERROR [main] ql.Driver: FAILED: NoMatchingMethodException No matching method for class org.apache.hadoop.hive.ql.udf.UDFToInteger with (struct<writeid:bigint,bucketid:int,rowid:bigint>). Possible choices: _FUNC_(bigint)  _FUNC_(boolean)  _FUNC_(decimal(38,18))  _FUNC_(double)  _FUNC_(float)  _FUNC_(smallint)  _FUNC_(string)  _FUNC_(struct<bucketid:bigint,rowid:bigint,writeid:int>)  _FUNC_(timestamp)  _FUNC_(tinyint)  _FUNC_(void)  
org.apache.hadoop.hive.ql.exec.NoMatchingMethodException: No matching method for class org.apache.hadoop.hive.ql.udf.UDFToInteger with (struct<writeid:bigint,bucketid:int,rowid:bigint>). Possible choices: _FUNC_(bigint)  _FUNC_(boolean)  _FUNC_(decimal(38,18))  _FUNC_(double)  _FUNC_(float)  _FUNC_(smallint)  _FUNC_(string)  _FUNC_(struct<bucketid:bigint,rowid:bigint,writeid:int>)  _FUNC_(timestamp)  _FUNC_(tinyint)  _FUNC_(void)  
	at org.apache.hadoop.hive.ql.exec.MethodUtils.getMethodInternal(MethodUtils.java:130)
	at org.apache.hadoop.hive.ql.exec.MethodUtils.getMethodInternal(MethodUtils.java:60)
	at org.apache.hadoop.hive.ql.exec.DefaultUDFMethodResolver.getEvalMethod(DefaultUDFMethodResolver.java:59)
	at org.apache.hadoop.hive.ql.udf.TimestampCastRestrictorResolver.getEvalMethod(TimestampCastRestrictorResolver.java:68)
	at org.apache.hadoop.hive.ql.udf.generic.GenericUDFBridge.initialize(GenericUDFBridge.java:168)
	at org.apache.hadoop.hive.ql.udf.generic.GenericUDF.initializeAndFoldConstants(GenericUDF.java:149)
	at org.apache.hadoop.hive.ql.plan.ExprNodeGenericFuncDesc.newInstance(ExprNodeGenericFuncDesc.java:235)
	at org.apache.hadoop.hive.ql.parse.type.ExprNodeDescExprFactory.createFuncCallExpr(ExprNodeDescExprFactory.java:584)
	at org.apache.hadoop.hive.ql.parse.type.ExprNodeDescExprFactory.createFuncCallExpr(ExprNodeDescExprFactory.java:97)
	at org.apache.hadoop.hive.ql.parse.type.TypeCheckProcFactory$DefaultExprProcessor.getFuncExprNodeDescWithUdfData(TypeCheckProcFactory.java:762)
	at org.apache.hadoop.hive.ql.parse.type.TypeCheckProcFactory$DefaultExprProcessor.createConversionCast(TypeCheckProcFactory.java:783)
	at org.apache.hadoop.hive.ql.parse.SemanticAnalyzer.getPartitionColsFromBucketColsForUpdateDelete(SemanticAnalyzer.java:8725)
	at org.apache.hadoop.hive.ql.parse.SemanticAnalyzer.genBucketingSortingDest(SemanticAnalyzer.java:6914)
	at org.apache.hadoop.hive.ql.parse.SemanticAnalyzer.genFileSinkPlan(SemanticAnalyzer.java:7335)
	at org.apache.hadoop.hive.ql.parse.SemanticAnalyzer.genPostGroupByBodyPlan(SemanticAnalyzer.java:11063)
	at org.apache.hadoop.hive.ql.parse.SemanticAnalyzer.genBodyPlan(SemanticAnalyzer.java:10938)
	at org.apache.hadoop.hive.ql.parse.SemanticAnalyzer.genPlan(SemanticAnalyzer.java:11853)
	at org.apache.hadoop.hive.ql.parse.SemanticAnalyzer.genPlan(SemanticAnalyzer.java:11723)
	at org.apache.hadoop.hive.ql.parse.CalcitePlanner.genOPTree(CalcitePlanner.java:626)
	at org.apache.hadoop.hive.ql.parse.SemanticAnalyzer.analyzeInternal(SemanticAnalyzer.java:12558)
	at org.apache.hadoop.hive.ql.parse.CalcitePlanner.analyzeInternal(CalcitePlanner.java:456)
	at org.apache.hadoop.hive.ql.parse.RewriteSemanticAnalyzer.analyzeInternal(RewriteSemanticAnalyzer.java:67)
	at org.apache.hadoop.hive.ql.parse.BaseSemanticAnalyzer.analyze(BaseSemanticAnalyzer.java:317)
	at org.apache.hadoop.hive.ql.parse.UpdateDeleteSemanticAnalyzer.reparseAndSuperAnalyze(UpdateDeleteSemanticAnalyzer.java:208)
	at org.apache.hadoop.hive.ql.parse.UpdateDeleteSemanticAnalyzer.analyzeUpdate(UpdateDeleteSemanticAnalyzer.java:63)
	at org.apache.hadoop.hive.ql.parse.UpdateDeleteSemanticAnalyzer.analyze(UpdateDeleteSemanticAnalyzer.java:53)
	at org.apache.hadoop.hive.ql.parse.RewriteSemanticAnalyzer.analyzeInternal(RewriteSemanticAnalyzer.java:72)
	at org.apache.hadoop.hive.ql.parse.BaseSemanticAnalyzer.analyze(BaseSemanticAnalyzer.java:317)
	at org.apache.hadoop.hive.ql.Compiler.analyze(Compiler.java:223)
	at org.apache.hadoop.hive.ql.Compiler.compile(Compiler.java:105)
	at org.apache.hadoop.hive.ql.Driver.compile(Driver.java:500)
	at org.apache.hadoop.hive.ql.Driver.compileInternal(Driver.java:453)
	at org.apache.hadoop.hive.ql.Driver.runInternal(Driver.java:181)
	at org.apache.hadoop.hive.ql.Driver.run(Driver.java:153)
	at org.apache.hadoop.hive.ql.Driver.run(Driver.java:140)
	at org.apache.hadoop.hive.ql.TxnCommandsBaseForTests.runStatementOnDriver(TxnCommandsBaseForTests.java:245)
	at org.apache.hadoop.hive.ql.TestTxnNoBuckets.testToAcidConversion02(TestTxnNoBuckets.java:553)
	at sun.reflect.NativeMethodAccessorImpl.invoke0(Native Method)
	at sun.reflect.NativeMethodAccessorImpl.invoke(NativeMethodAccessorImpl.java:62)
	at sun.reflect.DelegatingMethodAccessorImpl.invoke(DelegatingMethodAccessorImpl.java:43)
	at java.lang.reflect.Method.invoke(Method.java:498)
	at org.junit.runners.model.FrameworkMethod$1.runReflectiveCall(FrameworkMethod.java:59)
	at org.junit.internal.runners.model.ReflectiveCallable.run(ReflectiveCallable.java:12)
	at org.junit.runners.model.FrameworkMethod.invokeExplosively(FrameworkMethod.java:56)
	at org.junit.internal.runners.statements.InvokeMethod.evaluate(InvokeMethod.java:17)
	at org.junit.internal.runners.statements.RunBefores.evaluate(RunBefores.java:26)
	at org.junit.internal.runners.statements.RunAfters.evaluate(RunAfters.java:27)
	at org.junit.rules.TestWatcher$1.evaluate(TestWatcher.java:61)
	at org.junit.runners.ParentRunner$3.evaluate(ParentRunner.java:306)
	at org.junit.runners.BlockJUnit4ClassRunner$1.evaluate(BlockJUnit4ClassRunner.java:100)
	at org.junit.runners.ParentRunner.runLeaf(ParentRunner.java:366)
	at org.junit.runners.BlockJUnit4ClassRunner.runChild(BlockJUnit4ClassRunner.java:103)
	at org.junit.runners.BlockJUnit4ClassRunner.runChild(BlockJUnit4ClassRunner.java:63)
	at org.junit.runners.ParentRunner$4.run(ParentRunner.java:331)
	at org.junit.runners.ParentRunner$1.schedule(ParentRunner.java:79)
	at org.junit.runners.ParentRunner.runChildren(ParentRunner.java:329)
	at org.junit.runners.ParentRunner.access$100(ParentRunner.java:66)
	at org.junit.runners.ParentRunner$2.evaluate(ParentRunner.java:293)
	at org.junit.runners.ParentRunner$3.evaluate(ParentRunner.java:306)
	at org.junit.runners.ParentRunner.run(ParentRunner.java:413)
	at org.junit.runner.JUnitCore.run(JUnitCore.java:137)
	at org.junit.runner.JUnitCore.run(JUnitCore.java:115)
	at org.junit.vintage.engine.execution.RunnerExecutor.execute(RunnerExecutor.java:43)
	at java.util.stream.ForEachOps$ForEachOp$OfRef.accept(ForEachOps.java:183)
	at java.util.stream.ReferencePipeline$3$1.accept(ReferencePipeline.java:193)
	at java.util.Iterator.forEachRemaining(Iterator.java:116)
	at java.util.Spliterators$IteratorSpliterator.forEachRemaining(Spliterators.java:1801)
	at java.util.stream.AbstractPipeline.copyInto(AbstractPipeline.java:482)
	at java.util.stream.AbstractPipeline.wrapAndCopyInto(AbstractPipeline.java:472)
	at java.util.stream.ForEachOps$ForEachOp.evaluateSequential(ForEachOps.java:150)
	at java.util.stream.ForEachOps$ForEachOp$OfRef.evaluateSequential(ForEachOps.java:173)
	at java.util.stream.AbstractPipeline.evaluate(AbstractPipeline.java:234)
	at java.util.stream.ReferencePipeline.forEach(ReferencePipeline.java:485)
	at org.junit.vintage.engine.VintageTestEngine.executeAllChildren(VintageTestEngine.java:82)
	at org.junit.vintage.engine.VintageTestEngine.execute(VintageTestEngine.java:73)
	at org.junit.platform.launcher.core.DefaultLauncher.execute(DefaultLauncher.java:248)
	at org.junit.platform.launcher.core.DefaultLauncher.lambda$execute$5(DefaultLauncher.java:211)
	at org.junit.platform.launcher.core.DefaultLauncher.withInterceptedStreams(DefaultLauncher.java:226)
	at org.junit.platform.launcher.core.DefaultLauncher.execute(DefaultLauncher.java:199)
	at org.junit.platform.launcher.core.DefaultLauncher.execute(DefaultLauncher.java:132)
	at org.apache.maven.surefire.junitplatform.JUnitPlatformProvider.invokeAllTests(JUnitPlatformProvider.java:154)
	at org.apache.maven.surefire.junitplatform.JUnitPlatformProvider.invoke(JUnitPlatformProvider.java:123)
	at org.apache.maven.surefire.booter.ForkedBooter.runSuitesInProcess(ForkedBooter.java:377)
	at org.apache.maven.surefire.booter.ForkedBooter.execute(ForkedBooter.java:138)
	at org.apache.maven.surefire.booter.ForkedBooter.run(ForkedBooter.java:465)
	at org.apache.maven.surefire.booter.ForkedBooter.main(ForkedBooter.java:451)

2024-04-24T04:58:39,565  INFO [main] metadata.Hive: Dumping metastore api call timing information for : compilation phase
2024-04-24T04:58:39,565  INFO [main] metadata.Hive: Total time spent in each metastore function (ms): {getTable_(GetTableRequest)=35, getAllTableConstraints_(AllTableConstraintsRequest)=5, commitTxn_(CommitTxnRequest)=10, getValidTxns_(long)=1, getNotNullConstraints_(NotNullConstraintsRequest)=1, getValidWriteIds_(List, String)=4, openTxn_(String, TxnType)=2, getCheckConstraints_(CheckConstraintsRequest)=1, flushCache_()=0, getTableColumnStatistics_(String, String, List, String)=9, isCompatibleWith_(Configuration)=0}
2024-04-24T04:58:39,565  INFO [main] ql.Driver: Completed compiling command(queryId=alex_20240424045839_338b6fd9-8afc-4167-ae00-5beea62c3bd6); Time taken: 0.226 seconds
2024-04-24T04:58:39,565  INFO [main] lockmgr.DbTxnManager: Stopped heartbeat for query: null
2024-04-24T04:58:39,569  INFO [main] txn.TxnHandler: Removed transactions: ([19]) from MIN_HISTORY_LEVEL
2024-04-24T04:58:39,576  INFO [main] ql.TxnCommandsBaseForTests: Running the query: drop table if exists acidTbl
2024-04-24T04:58:39,576  INFO [main] ql.Driver: Compiling command(queryId=alex_20240424045839_e56ba66a-3a8d-4f34-9d6c-221bd05ee872): drop table if exists acidTbl
2024-04-24T04:58:39,579  INFO [main] txn.TxnHandler: Added entries to MIN_HISTORY_LEVEL for current txns: ([20]) with min_open_txn: 19
2024-04-24T04:58:39,579  INFO [main] lockmgr.DbTxnManager: Opened txnid:20
2024-04-24T04:58:39,580  INFO [main] HiveMetaStore.audit: ugi=alex	ip=unknown-ip-addr	cmd=get_table : tbl=hive.default.acidTbl	
2024-04-24T04:58:39,586  INFO [main] metastore.HMSHandler: Skipping translation for processor with null
2024-04-24T04:58:39,587  INFO [main] ql.Driver: Semantic Analysis Completed (retrial = false)
2024-04-24T04:58:39,587  INFO [main] ql.Driver: Created Hive schema: Schema(fieldSchemas:null, properties:null)
2024-04-24T04:58:39,587  INFO [main] metadata.Hive: Dumping metastore api call timing information for : compilation phase
2024-04-24T04:58:39,587  INFO [main] metadata.Hive: Total time spent in each metastore function (ms): {openTxn_(String, TxnType)=2, flushCache_()=0, getTable_(GetTableRequest)=7, getValidTxns_(long)=0, rollbackTxn_(long)=11, isCompatibleWith_(Configuration)=1}
2024-04-24T04:58:39,587  INFO [main] ql.Driver: Completed compiling command(queryId=alex_20240424045839_e56ba66a-3a8d-4f34-9d6c-221bd05ee872); Time taken: 0.011 seconds
2024-04-24T04:58:39,587  INFO [main] lockmgr.DbTxnManager: Setting lock request transaction to txnid:20 for queryId=alex_20240424045839_e56ba66a-3a8d-4f34-9d6c-221bd05ee872
2024-04-24T04:58:39,588  INFO [main] lockmgr.DbLockManager: Requesting lock for queryId=alex_20240424045839_e56ba66a-3a8d-4f34-9d6c-221bd05ee872
2024-04-24T04:58:39,603  INFO [main] lockmgr.DbLockManager: Response to queryId=alex_20240424045839_e56ba66a-3a8d-4f34-9d6c-221bd05ee872 LockResponse(lockid:13, state:ACQUIRED)
2024-04-24T04:58:39,603  INFO [main] ql.Driver: Operation DROPTABLE obtained 1 locks
2024-04-24T04:58:39,603  INFO [main] ql.Driver: Executing command(queryId=alex_20240424045839_e56ba66a-3a8d-4f34-9d6c-221bd05ee872): drop table if exists acidTbl
2024-04-24T04:58:39,603  INFO [main] ql.Driver: Starting task [Stage-0:DDL] in serial mode
2024-04-24T04:58:39,603  INFO [main] HiveMetaStore.audit: ugi=alex	ip=unknown-ip-addr	cmd=get_table : tbl=hive.default.acidTbl	
2024-04-24T04:58:39,610  INFO [main] metastore.HMSHandler: Skipping translation for processor with null
2024-04-24T04:58:39,611  INFO [main] HiveMetaStore.audit: ugi=alex	ip=unknown-ip-addr	cmd=get_table : tbl=hive.default.acidTbl	
2024-04-24T04:58:39,618  INFO [main] metastore.HMSHandler: Skipping translation for processor with null
2024-04-24T04:58:39,618  INFO [main] HiveMetaStore.audit: ugi=alex	ip=unknown-ip-addr	cmd=drop_table : tbl=hive.default.acidTbl	
2024-04-24T04:58:39,728  INFO [main] metadata.Hive: Dumping metastore api call timing information for : execution phase
2024-04-24T04:58:39,729  INFO [main] metadata.Hive: Total time spent in each metastore function (ms): {dropTable_(String, String, boolean, boolean, boolean)=118, isCompatibleWith_(Configuration)=0, getTable_(GetTableRequest)=7}
2024-04-24T04:58:39,729  INFO [main] ql.Driver: Completed executing command(queryId=alex_20240424045839_e56ba66a-3a8d-4f34-9d6c-221bd05ee872); Time taken: 0.125 seconds
2024-04-24T04:58:39,729  INFO [main] lockmgr.DbTxnManager: Stopped heartbeat for query: alex_20240424045839_e56ba66a-3a8d-4f34-9d6c-221bd05ee872
2024-04-24T04:58:39,733  INFO [main] txn.TxnHandler: Expected to move at least one record from txn_components to completed_txn_components when committing txn! txnid:20
2024-04-24T04:58:39,739  INFO [main] txn.TxnHandler: Removed transactions: ([20]) from MIN_HISTORY_LEVEL
2024-04-24T04:58:39,741  WARN [main] txn.CompactionTxnHandler: No compaction queue record found for Compaction type transaction commit. txnId:20
2024-04-24T04:58:39,741  INFO [main] ql.TxnCommandsBaseForTests: Running the query: drop table if exists acidTblPart
2024-04-24T04:58:39,742  INFO [main] ql.Driver: Compiling command(queryId=alex_20240424045839_51c7f27c-08d0-477c-8f5f-deb24d083fb2): drop table if exists acidTblPart
2024-04-24T04:58:39,744  INFO [main] txn.TxnHandler: Added entries to MIN_HISTORY_LEVEL for current txns: ([21]) with min_open_txn: 19
2024-04-24T04:58:39,744  INFO [main] lockmgr.DbTxnManager: Opened txnid:21
2024-04-24T04:58:39,745  INFO [main] HiveMetaStore.audit: ugi=alex	ip=unknown-ip-addr	cmd=get_table : tbl=hive.default.acidTblPart	
2024-04-24T04:58:39,753  INFO [main] metastore.HMSHandler: Skipping translation for processor with null
2024-04-24T04:58:39,753  INFO [main] ql.Driver: Semantic Analysis Completed (retrial = false)
2024-04-24T04:58:39,753  INFO [main] ql.Driver: Created Hive schema: Schema(fieldSchemas:null, properties:null)
2024-04-24T04:58:39,753  INFO [main] metadata.Hive: Dumping metastore api call timing information for : compilation phase
2024-04-24T04:58:39,753  INFO [main] metadata.Hive: Total time spent in each metastore function (ms): {isCompatibleWith_(Configuration)=0, getTable_(GetTableRequest)=8, flushCache_()=0, commitTxn_(CommitTxnRequest)=12, openTxn_(String, TxnType)=2, getValidTxns_(long)=0}
2024-04-24T04:58:39,753  INFO [main] ql.Driver: Completed compiling command(queryId=alex_20240424045839_51c7f27c-08d0-477c-8f5f-deb24d083fb2); Time taken: 0.011 seconds
2024-04-24T04:58:39,754  INFO [main] lockmgr.DbTxnManager: Setting lock request transaction to txnid:21 for queryId=alex_20240424045839_51c7f27c-08d0-477c-8f5f-deb24d083fb2
2024-04-24T04:58:39,754  INFO [main] lockmgr.DbLockManager: Requesting lock for queryId=alex_20240424045839_51c7f27c-08d0-477c-8f5f-deb24d083fb2
2024-04-24T04:58:39,769  INFO [main] lockmgr.DbLockManager: Response to queryId=alex_20240424045839_51c7f27c-08d0-477c-8f5f-deb24d083fb2 LockResponse(lockid:14, state:ACQUIRED)
2024-04-24T04:58:39,769  INFO [main] ql.Driver: Operation DROPTABLE obtained 1 locks
2024-04-24T04:58:39,769  INFO [main] ql.Driver: Executing command(queryId=alex_20240424045839_51c7f27c-08d0-477c-8f5f-deb24d083fb2): drop table if exists acidTblPart
2024-04-24T04:58:39,769  INFO [main] ql.Driver: Starting task [Stage-0:DDL] in serial mode
2024-04-24T04:58:39,770  INFO [main] HiveMetaStore.audit: ugi=alex	ip=unknown-ip-addr	cmd=get_table : tbl=hive.default.acidTblPart	
2024-04-24T04:58:39,777  INFO [main] metastore.HMSHandler: Skipping translation for processor with null
2024-04-24T04:58:39,777  INFO [main] HiveMetaStore.audit: ugi=alex	ip=unknown-ip-addr	cmd=get_table : tbl=hive.default.acidTblPart	
2024-04-24T04:58:39,784  INFO [main] metastore.HMSHandler: Skipping translation for processor with null
2024-04-24T04:58:39,784  INFO [main] HiveMetaStore.audit: ugi=alex	ip=unknown-ip-addr	cmd=drop_table : tbl=hive.default.acidTblPart	
2024-04-24T04:58:39,826  INFO [main] metadata.Hive: Dumping metastore api call timing information for : execution phase
2024-04-24T04:58:39,826  INFO [main] metadata.Hive: Total time spent in each metastore function (ms): {dropTable_(String, String, boolean, boolean, boolean)=49, getTable_(GetTableRequest)=7, isCompatibleWith_(Configuration)=1}
2024-04-24T04:58:39,826  INFO [main] ql.Driver: Completed executing command(queryId=alex_20240424045839_51c7f27c-08d0-477c-8f5f-deb24d083fb2); Time taken: 0.057 seconds
2024-04-24T04:58:39,826  INFO [main] lockmgr.DbTxnManager: Stopped heartbeat for query: alex_20240424045839_51c7f27c-08d0-477c-8f5f-deb24d083fb2
2024-04-24T04:58:39,830  INFO [main] txn.TxnHandler: Expected to move at least one record from txn_components to completed_txn_components when committing txn! txnid:21
2024-04-24T04:58:39,837  INFO [main] txn.TxnHandler: Removed transactions: ([21]) from MIN_HISTORY_LEVEL
2024-04-24T04:58:39,838  WARN [main] txn.CompactionTxnHandler: No compaction queue record found for Compaction type transaction commit. txnId:21
2024-04-24T04:58:39,838  INFO [main] ql.TxnCommandsBaseForTests: Running the query: drop table if exists acidTbl2
2024-04-24T04:58:39,838  INFO [main] ql.Driver: Compiling command(queryId=alex_20240424045839_3e8baafd-2372-4091-9cbf-636b4c930c45): drop table if exists acidTbl2
2024-04-24T04:58:39,841  INFO [main] txn.TxnHandler: Added entries to MIN_HISTORY_LEVEL for current txns: ([22]) with min_open_txn: 19
2024-04-24T04:58:39,841  INFO [main] lockmgr.DbTxnManager: Opened txnid:22
2024-04-24T04:58:39,842  INFO [main] ql.Driver: Semantic Analysis Completed (retrial = false)
2024-04-24T04:58:39,842  INFO [main] ql.Driver: Created Hive schema: Schema(fieldSchemas:null, properties:null)
2024-04-24T04:58:39,842  INFO [main] metadata.Hive: Dumping metastore api call timing information for : compilation phase
2024-04-24T04:58:39,842  INFO [main] metadata.Hive: Total time spent in each metastore function (ms): {isCompatibleWith_(Configuration)=0, getTable_(GetTableRequest)=0, commitTxn_(CommitTxnRequest)=12, getValidTxns_(long)=1, openTxn_(String, TxnType)=2, flushCache_()=0}
2024-04-24T04:58:39,843  INFO [main] ql.Driver: Completed compiling command(queryId=alex_20240424045839_3e8baafd-2372-4091-9cbf-636b4c930c45); Time taken: 0.004 seconds
2024-04-24T04:58:39,843  INFO [main] lockmgr.DbTxnManager: Setting lock request transaction to txnid:22 for queryId=alex_20240424045839_3e8baafd-2372-4091-9cbf-636b4c930c45
2024-04-24T04:58:39,843  INFO [main] ql.Driver: Operation DROPTABLE obtained 0 locks
2024-04-24T04:58:39,843  INFO [main] ql.Driver: Executing command(queryId=alex_20240424045839_3e8baafd-2372-4091-9cbf-636b4c930c45): drop table if exists acidTbl2
2024-04-24T04:58:39,843  INFO [main] ql.Driver: Starting task [Stage-0:DDL] in serial mode
2024-04-24T04:58:39,844  INFO [main] metadata.SessionHiveMetaStoreClient: Column stats doesn't exist for db=default temp table=acidTbl2
2024-04-24T04:58:39,844  INFO [main] metadata.Hive: Dumping metastore api call timing information for : execution phase
2024-04-24T04:58:39,844  INFO [main] metadata.Hive: Total time spent in each metastore function (ms): {getTable_(GetTableRequest)=0, isCompatibleWith_(Configuration)=0, dropTable_(String, String, boolean, boolean, boolean)=1}
2024-04-24T04:58:39,844  INFO [main] ql.Driver: Completed executing command(queryId=alex_20240424045839_3e8baafd-2372-4091-9cbf-636b4c930c45); Time taken: 0.001 seconds
2024-04-24T04:58:39,844  INFO [main] lockmgr.DbTxnManager: Stopped heartbeat for query: alex_20240424045839_3e8baafd-2372-4091-9cbf-636b4c930c45
2024-04-24T04:58:39,851  INFO [main] txn.TxnHandler: Expected to move at least one record from txn_components to completed_txn_components when committing txn! txnid:22
2024-04-24T04:58:39,858  INFO [main] txn.TxnHandler: Removed transactions: ([22]) from MIN_HISTORY_LEVEL
2024-04-24T04:58:39,858  WARN [main] txn.CompactionTxnHandler: No compaction queue record found for Compaction type transaction commit. txnId:22
2024-04-24T04:58:39,859  INFO [main] ql.TxnCommandsBaseForTests: Running the query: drop table if exists nonAcidOrcTbl
2024-04-24T04:58:39,859  INFO [main] ql.Driver: Compiling command(queryId=alex_20240424045839_1cec4c08-3840-4658-88a6-a996ec8c38d6): drop table if exists nonAcidOrcTbl
2024-04-24T04:58:39,861  INFO [main] txn.TxnHandler: Added entries to MIN_HISTORY_LEVEL for current txns: ([23]) with min_open_txn: 19
2024-04-24T04:58:39,862  INFO [main] lockmgr.DbTxnManager: Opened txnid:23
2024-04-24T04:58:39,863  INFO [main] HiveMetaStore.audit: ugi=alex	ip=unknown-ip-addr	cmd=get_table : tbl=hive.default.nonAcidOrcTbl	
2024-04-24T04:58:39,886  INFO [main] metastore.HMSHandler: Skipping translation for processor with null
2024-04-24T04:58:39,886  INFO [main] ql.Driver: Semantic Analysis Completed (retrial = false)
2024-04-24T04:58:39,886  INFO [main] ql.Driver: Created Hive schema: Schema(fieldSchemas:null, properties:null)
2024-04-24T04:58:39,887  INFO [main] metadata.Hive: Dumping metastore api call timing information for : compilation phase
2024-04-24T04:58:39,887  INFO [main] metadata.Hive: Total time spent in each metastore function (ms): {getValidTxns_(long)=0, getTable_(GetTableRequest)=23, commitTxn_(CommitTxnRequest)=13, openTxn_(String, TxnType)=3, isCompatibleWith_(Configuration)=1, flushCache_()=0}
2024-04-24T04:58:39,887  INFO [main] ql.Driver: Completed compiling command(queryId=alex_20240424045839_1cec4c08-3840-4658-88a6-a996ec8c38d6); Time taken: 0.027 seconds
2024-04-24T04:58:39,887  INFO [main] lockmgr.DbTxnManager: Setting lock request transaction to txnid:23 for queryId=alex_20240424045839_1cec4c08-3840-4658-88a6-a996ec8c38d6
2024-04-24T04:58:39,888  INFO [main] lockmgr.DbLockManager: Requesting lock for queryId=alex_20240424045839_1cec4c08-3840-4658-88a6-a996ec8c38d6
2024-04-24T04:58:39,902  INFO [main] lockmgr.DbLockManager: Response to queryId=alex_20240424045839_1cec4c08-3840-4658-88a6-a996ec8c38d6 LockResponse(lockid:15, state:ACQUIRED)
2024-04-24T04:58:39,902  INFO [main] ql.Driver: Operation DROPTABLE obtained 1 locks
2024-04-24T04:58:39,902  INFO [main] ql.Driver: Executing command(queryId=alex_20240424045839_1cec4c08-3840-4658-88a6-a996ec8c38d6): drop table if exists nonAcidOrcTbl
2024-04-24T04:58:39,902  INFO [main] ql.Driver: Starting task [Stage-0:DDL] in serial mode
2024-04-24T04:58:39,903  INFO [main] HiveMetaStore.audit: ugi=alex	ip=unknown-ip-addr	cmd=get_table : tbl=hive.default.nonAcidOrcTbl	
2024-04-24T04:58:39,914  INFO [main] metastore.HMSHandler: Skipping translation for processor with null
2024-04-24T04:58:39,914  INFO [main] HiveMetaStore.audit: ugi=alex	ip=unknown-ip-addr	cmd=get_table : tbl=hive.default.nonAcidOrcTbl	
2024-04-24T04:58:39,923  INFO [main] metastore.HMSHandler: Skipping translation for processor with null
2024-04-24T04:58:39,923  INFO [main] HiveMetaStore.audit: ugi=alex	ip=unknown-ip-addr	cmd=drop_table : tbl=hive.default.nonAcidOrcTbl	
2024-04-24T04:58:40,010  INFO [main] metadata.Hive: Dumping metastore api call timing information for : execution phase
2024-04-24T04:58:40,010  INFO [main] metadata.Hive: Total time spent in each metastore function (ms): {dropTable_(String, String, boolean, boolean, boolean)=96, isCompatibleWith_(Configuration)=0, getTable_(GetTableRequest)=11}
2024-04-24T04:58:40,010  INFO [main] ql.Driver: Completed executing command(queryId=alex_20240424045839_1cec4c08-3840-4658-88a6-a996ec8c38d6); Time taken: 0.108 seconds
2024-04-24T04:58:40,010  INFO [main] lockmgr.DbTxnManager: Stopped heartbeat for query: alex_20240424045839_1cec4c08-3840-4658-88a6-a996ec8c38d6
2024-04-24T04:58:40,014  INFO [main] txn.TxnHandler: Expected to move at least one record from txn_components to completed_txn_components when committing txn! txnid:23
2024-04-24T04:58:40,020  INFO [main] txn.TxnHandler: Removed transactions: ([23]) from MIN_HISTORY_LEVEL
2024-04-24T04:58:40,020  WARN [main] txn.CompactionTxnHandler: No compaction queue record found for Compaction type transaction commit. txnId:23
2024-04-24T04:58:40,021  INFO [main] ql.TxnCommandsBaseForTests: Running the query: drop table if exists nonAcidOrcTbl2
2024-04-24T04:58:40,021  INFO [main] ql.Driver: Compiling command(queryId=alex_20240424045840_6bd6e2ce-f465-44f2-9c27-7fe6c8d6b36f): drop table if exists nonAcidOrcTbl2
2024-04-24T04:58:40,023  INFO [main] txn.TxnHandler: Added entries to MIN_HISTORY_LEVEL for current txns: ([24]) with min_open_txn: 19
2024-04-24T04:58:40,024  INFO [main] lockmgr.DbTxnManager: Opened txnid:24
2024-04-24T04:58:40,024  INFO [main] HiveMetaStore.audit: ugi=alex	ip=unknown-ip-addr	cmd=get_table : tbl=hive.default.nonAcidOrcTbl2	
2024-04-24T04:58:40,033  INFO [main] metastore.HMSHandler: Skipping translation for processor with null
2024-04-24T04:58:40,033  INFO [main] ql.Driver: Semantic Analysis Completed (retrial = false)
2024-04-24T04:58:40,033  INFO [main] ql.Driver: Created Hive schema: Schema(fieldSchemas:null, properties:null)
2024-04-24T04:58:40,033  INFO [main] metadata.Hive: Dumping metastore api call timing information for : compilation phase
2024-04-24T04:58:40,033  INFO [main] metadata.Hive: Total time spent in each metastore function (ms): {commitTxn_(CommitTxnRequest)=10, flushCache_()=0, getTable_(GetTableRequest)=9, openTxn_(String, TxnType)=2, isCompatibleWith_(Configuration)=1, getValidTxns_(long)=0}
2024-04-24T04:58:40,033  INFO [main] ql.Driver: Completed compiling command(queryId=alex_20240424045840_6bd6e2ce-f465-44f2-9c27-7fe6c8d6b36f); Time taken: 0.012 seconds
2024-04-24T04:58:40,034  INFO [main] lockmgr.DbTxnManager: Setting lock request transaction to txnid:24 for queryId=alex_20240424045840_6bd6e2ce-f465-44f2-9c27-7fe6c8d6b36f
2024-04-24T04:58:40,034  INFO [main] lockmgr.DbLockManager: Requesting lock for queryId=alex_20240424045840_6bd6e2ce-f465-44f2-9c27-7fe6c8d6b36f
2024-04-24T04:58:40,048  INFO [main] lockmgr.DbLockManager: Response to queryId=alex_20240424045840_6bd6e2ce-f465-44f2-9c27-7fe6c8d6b36f LockResponse(lockid:16, state:ACQUIRED)
2024-04-24T04:58:40,048  INFO [main] ql.Driver: Operation DROPTABLE obtained 1 locks
2024-04-24T04:58:40,048  INFO [main] ql.Driver: Executing command(queryId=alex_20240424045840_6bd6e2ce-f465-44f2-9c27-7fe6c8d6b36f): drop table if exists nonAcidOrcTbl2
2024-04-24T04:58:40,049  INFO [main] ql.Driver: Starting task [Stage-0:DDL] in serial mode
2024-04-24T04:58:40,049  INFO [main] HiveMetaStore.audit: ugi=alex	ip=unknown-ip-addr	cmd=get_table : tbl=hive.default.nonAcidOrcTbl2	
2024-04-24T04:58:40,057  INFO [main] metastore.HMSHandler: Skipping translation for processor with null
2024-04-24T04:58:40,058  INFO [main] HiveMetaStore.audit: ugi=alex	ip=unknown-ip-addr	cmd=get_table : tbl=hive.default.nonAcidOrcTbl2	
2024-04-24T04:58:40,067  INFO [main] metastore.HMSHandler: Skipping translation for processor with null
2024-04-24T04:58:40,067  INFO [main] HiveMetaStore.audit: ugi=alex	ip=unknown-ip-addr	cmd=drop_table : tbl=hive.default.nonAcidOrcTbl2	
2024-04-24T04:58:40,100  INFO [main] metadata.Hive: Dumping metastore api call timing information for : execution phase
2024-04-24T04:58:40,100  INFO [main] metadata.Hive: Total time spent in each metastore function (ms): {isCompatibleWith_(Configuration)=0, dropTable_(String, String, boolean, boolean, boolean)=42, getTable_(GetTableRequest)=9}
2024-04-24T04:58:40,100  INFO [main] ql.Driver: Completed executing command(queryId=alex_20240424045840_6bd6e2ce-f465-44f2-9c27-7fe6c8d6b36f); Time taken: 0.052 seconds
2024-04-24T04:58:40,100  INFO [main] lockmgr.DbTxnManager: Stopped heartbeat for query: alex_20240424045840_6bd6e2ce-f465-44f2-9c27-7fe6c8d6b36f
2024-04-24T04:58:40,104  INFO [main] txn.TxnHandler: Expected to move at least one record from txn_components to completed_txn_components when committing txn! txnid:24
2024-04-24T04:58:40,109  INFO [main] txn.TxnHandler: Removed transactions: ([24]) from MIN_HISTORY_LEVEL
2024-04-24T04:58:40,109  WARN [main] txn.CompactionTxnHandler: No compaction queue record found for Compaction type transaction commit. txnId:24
2024-04-24T04:58:40,110  INFO [main] ql.TxnCommandsBaseForTests: Running the query: drop table if exists nonAcidNonBucket
2024-04-24T04:58:40,110  INFO [main] ql.Driver: Compiling command(queryId=alex_20240424045840_ea0f465c-1b48-4c37-b5a7-66438c3f71f3): drop table if exists nonAcidNonBucket
2024-04-24T04:58:40,113  INFO [main] txn.TxnHandler: Added entries to MIN_HISTORY_LEVEL for current txns: ([25]) with min_open_txn: 19
2024-04-24T04:58:40,113  INFO [main] lockmgr.DbTxnManager: Opened txnid:25
2024-04-24T04:58:40,114  INFO [main] HiveMetaStore.audit: ugi=alex	ip=unknown-ip-addr	cmd=get_table : tbl=hive.default.nonAcidNonBucket	
2024-04-24T04:58:40,121  INFO [main] metastore.HMSHandler: Skipping translation for processor with null
2024-04-24T04:58:40,121  INFO [main] ql.Driver: Semantic Analysis Completed (retrial = false)
2024-04-24T04:58:40,121  INFO [main] ql.Driver: Created Hive schema: Schema(fieldSchemas:null, properties:null)
2024-04-24T04:58:40,121  INFO [main] metadata.Hive: Dumping metastore api call timing information for : compilation phase
2024-04-24T04:58:40,121  INFO [main] metadata.Hive: Total time spent in each metastore function (ms): {getTable_(GetTableRequest)=7, openTxn_(String, TxnType)=2, getValidTxns_(long)=1, flushCache_()=0, commitTxn_(CommitTxnRequest)=9, isCompatibleWith_(Configuration)=1}
2024-04-24T04:58:40,121  INFO [main] ql.Driver: Completed compiling command(queryId=alex_20240424045840_ea0f465c-1b48-4c37-b5a7-66438c3f71f3); Time taken: 0.011 seconds
2024-04-24T04:58:40,122  INFO [main] lockmgr.DbTxnManager: Setting lock request transaction to txnid:25 for queryId=alex_20240424045840_ea0f465c-1b48-4c37-b5a7-66438c3f71f3
2024-04-24T04:58:40,122  INFO [main] lockmgr.DbLockManager: Requesting lock for queryId=alex_20240424045840_ea0f465c-1b48-4c37-b5a7-66438c3f71f3
2024-04-24T04:58:40,139  INFO [main] lockmgr.DbLockManager: Response to queryId=alex_20240424045840_ea0f465c-1b48-4c37-b5a7-66438c3f71f3 LockResponse(lockid:17, state:ACQUIRED)
2024-04-24T04:58:40,139  INFO [main] ql.Driver: Operation DROPTABLE obtained 1 locks
2024-04-24T04:58:40,139  INFO [main] ql.Driver: Executing command(queryId=alex_20240424045840_ea0f465c-1b48-4c37-b5a7-66438c3f71f3): drop table if exists nonAcidNonBucket
2024-04-24T04:58:40,139  INFO [main] ql.Driver: Starting task [Stage-0:DDL] in serial mode
2024-04-24T04:58:40,139  INFO [main] HiveMetaStore.audit: ugi=alex	ip=unknown-ip-addr	cmd=get_table : tbl=hive.default.nonAcidNonBucket	
2024-04-24T04:58:40,146  INFO [main] metastore.HMSHandler: Skipping translation for processor with null
2024-04-24T04:58:40,147  INFO [main] HiveMetaStore.audit: ugi=alex	ip=unknown-ip-addr	cmd=get_table : tbl=hive.default.nonAcidNonBucket	
2024-04-24T04:58:40,156  INFO [main] metastore.HMSHandler: Skipping translation for processor with null
2024-04-24T04:58:40,156  INFO [main] HiveMetaStore.audit: ugi=alex	ip=unknown-ip-addr	cmd=drop_table : tbl=hive.default.nonAcidNonBucket	
2024-04-24T04:58:40,204  INFO [main] metadata.Hive: Dumping metastore api call timing information for : execution phase
2024-04-24T04:58:40,204  INFO [main] metadata.Hive: Total time spent in each metastore function (ms): {getTable_(GetTableRequest)=8, dropTable_(String, String, boolean, boolean, boolean)=57, isCompatibleWith_(Configuration)=0}
2024-04-24T04:58:40,204  INFO [main] ql.Driver: Completed executing command(queryId=alex_20240424045840_ea0f465c-1b48-4c37-b5a7-66438c3f71f3); Time taken: 0.065 seconds
2024-04-24T04:58:40,204  INFO [main] lockmgr.DbTxnManager: Stopped heartbeat for query: alex_20240424045840_ea0f465c-1b48-4c37-b5a7-66438c3f71f3
2024-04-24T04:58:40,208  INFO [main] txn.TxnHandler: Expected to move at least one record from txn_components to completed_txn_components when committing txn! txnid:25
2024-04-24T04:58:40,214  INFO [main] txn.TxnHandler: Removed transactions: ([25]) from MIN_HISTORY_LEVEL
2024-04-24T04:58:40,214  WARN [main] txn.CompactionTxnHandler: No compaction queue record found for Compaction type transaction commit. txnId:25
2024-04-24T04:58:40,215  INFO [main] utils.TestTxnDbUtil: Cleaning transactional tables
]]></system-err>
  </testcase>
  <testcase name="testCompactStatsGather" classname="org.apache.hadoop.hive.ql.TestTxnNoBucketsVectorized" time="16.559"/>
  <testcase name="testCTAS" classname="org.apache.hadoop.hive.ql.TestTxnNoBucketsVectorized" time="16.583"/>
  <testcase name="testToAcidConversionMultiBucket" classname="org.apache.hadoop.hive.ql.TestTxnNoBucketsVectorized" time="15.475">
    <error type="java.lang.RuntimeException"><![CDATA[java.lang.RuntimeException: EXPLAIN VECTORIZATION DETAIL update T set b = 88 where b = 80 failed: (responseCode = 40000, errorMessage = FAILED: NoMatchingMethodException No matching method for class org.apache.hadoop.hive.ql.udf.UDFToInteger with (struct<writeid:bigint,bucketid:int,rowid:bigint>). Possible choices: _FUNC_(bigint)  _FUNC_(boolean)  _FUNC_(decimal(38,18))  _FUNC_(double)  _FUNC_(float)  _FUNC_(smallint)  _FUNC_(string)  _FUNC_(struct<bucketid:bigint,rowid:bigint,writeid:int>)  _FUNC_(timestamp)  _FUNC_(tinyint)  _FUNC_(void)  , hiveErrorCode = 40000, SQLState = 42000, exception = No matching method for class org.apache.hadoop.hive.ql.udf.UDFToInteger with (struct<writeid:bigint,bucketid:int,rowid:bigint>). Possible choices: _FUNC_(bigint)  _FUNC_(boolean)  _FUNC_(decimal(38,18))  _FUNC_(double)  _FUNC_(float)  _FUNC_(smallint)  _FUNC_(string)  _FUNC_(struct<bucketid:bigint,rowid:bigint,writeid:int>)  _FUNC_(timestamp)  _FUNC_(tinyint)  _FUNC_(void)  )
	at org.apache.hadoop.hive.ql.TxnCommandsBaseForTests.runStatementOnDriver(TxnCommandsBaseForTests.java:247)
	at org.apache.hadoop.hive.ql.TxnCommandsBaseForTests.assertVectorized(TxnCommandsBaseForTests.java:268)
	at org.apache.hadoop.hive.ql.TestTxnNoBuckets.testToAcidConversionMultiBucket(TestTxnNoBuckets.java:454)
	at sun.reflect.NativeMethodAccessorImpl.invoke0(Native Method)
	at sun.reflect.NativeMethodAccessorImpl.invoke(NativeMethodAccessorImpl.java:62)
	at sun.reflect.DelegatingMethodAccessorImpl.invoke(DelegatingMethodAccessorImpl.java:43)
	at java.lang.reflect.Method.invoke(Method.java:498)
	at org.junit.runners.model.FrameworkMethod$1.runReflectiveCall(FrameworkMethod.java:59)
	at org.junit.internal.runners.model.ReflectiveCallable.run(ReflectiveCallable.java:12)
	at org.junit.runners.model.FrameworkMethod.invokeExplosively(FrameworkMethod.java:56)
	at org.junit.internal.runners.statements.InvokeMethod.evaluate(InvokeMethod.java:17)
	at org.junit.internal.runners.statements.RunBefores.evaluate(RunBefores.java:26)
	at org.junit.internal.runners.statements.RunAfters.evaluate(RunAfters.java:27)
	at org.junit.rules.TestWatcher$1.evaluate(TestWatcher.java:61)
	at org.junit.runners.ParentRunner$3.evaluate(ParentRunner.java:306)
	at org.junit.runners.BlockJUnit4ClassRunner$1.evaluate(BlockJUnit4ClassRunner.java:100)
	at org.junit.runners.ParentRunner.runLeaf(ParentRunner.java:366)
	at org.junit.runners.BlockJUnit4ClassRunner.runChild(BlockJUnit4ClassRunner.java:103)
	at org.junit.runners.BlockJUnit4ClassRunner.runChild(BlockJUnit4ClassRunner.java:63)
	at org.junit.runners.ParentRunner$4.run(ParentRunner.java:331)
	at org.junit.runners.ParentRunner$1.schedule(ParentRunner.java:79)
	at org.junit.runners.ParentRunner.runChildren(ParentRunner.java:329)
	at org.junit.runners.ParentRunner.access$100(ParentRunner.java:66)
	at org.junit.runners.ParentRunner$2.evaluate(ParentRunner.java:293)
	at org.junit.runners.ParentRunner$3.evaluate(ParentRunner.java:306)
	at org.junit.runners.ParentRunner.run(ParentRunner.java:413)
	at org.junit.runner.JUnitCore.run(JUnitCore.java:137)
	at org.junit.runner.JUnitCore.run(JUnitCore.java:115)
	at org.junit.vintage.engine.execution.RunnerExecutor.execute(RunnerExecutor.java:43)
	at java.util.stream.ForEachOps$ForEachOp$OfRef.accept(ForEachOps.java:183)
	at java.util.stream.ReferencePipeline$3$1.accept(ReferencePipeline.java:193)
	at java.util.Iterator.forEachRemaining(Iterator.java:116)
	at java.util.Spliterators$IteratorSpliterator.forEachRemaining(Spliterators.java:1801)
	at java.util.stream.AbstractPipeline.copyInto(AbstractPipeline.java:482)
	at java.util.stream.AbstractPipeline.wrapAndCopyInto(AbstractPipeline.java:472)
	at java.util.stream.ForEachOps$ForEachOp.evaluateSequential(ForEachOps.java:150)
	at java.util.stream.ForEachOps$ForEachOp$OfRef.evaluateSequential(ForEachOps.java:173)
	at java.util.stream.AbstractPipeline.evaluate(AbstractPipeline.java:234)
	at java.util.stream.ReferencePipeline.forEach(ReferencePipeline.java:485)
	at org.junit.vintage.engine.VintageTestEngine.executeAllChildren(VintageTestEngine.java:82)
	at org.junit.vintage.engine.VintageTestEngine.execute(VintageTestEngine.java:73)
	at org.junit.platform.launcher.core.DefaultLauncher.execute(DefaultLauncher.java:248)
	at org.junit.platform.launcher.core.DefaultLauncher.lambda$execute$5(DefaultLauncher.java:211)
	at org.junit.platform.launcher.core.DefaultLauncher.withInterceptedStreams(DefaultLauncher.java:226)
	at org.junit.platform.launcher.core.DefaultLauncher.execute(DefaultLauncher.java:199)
	at org.junit.platform.launcher.core.DefaultLauncher.execute(DefaultLauncher.java:132)
	at org.apache.maven.surefire.junitplatform.JUnitPlatformProvider.invokeAllTests(JUnitPlatformProvider.java:154)
	at org.apache.maven.surefire.junitplatform.JUnitPlatformProvider.invoke(JUnitPlatformProvider.java:123)
	at org.apache.maven.surefire.booter.ForkedBooter.runSuitesInProcess(ForkedBooter.java:377)
	at org.apache.maven.surefire.booter.ForkedBooter.execute(ForkedBooter.java:138)
	at org.apache.maven.surefire.booter.ForkedBooter.run(ForkedBooter.java:465)
	at org.apache.maven.surefire.booter.ForkedBooter.main(ForkedBooter.java:451)
]]></error>
    <system-err><![CDATA[2024-04-24T04:59:13,423  WARN [main] conf.HiveConf: HiveConf of name hive.dummyparam.test.server.specific.config.hivesite does not exist
2024-04-24T04:59:13,423  WARN [main] conf.HiveConf: HiveConf of name hive.llap.io.cache.orc.alloc.max does not exist
2024-04-24T04:59:13,424  WARN [main] conf.HiveConf: HiveConf of name hive.metastore.client.cache.recordStats does not exist
2024-04-24T04:59:13,424  WARN [main] conf.HiveConf: HiveConf of name hive.llap.io.cache.orc.arena.size does not exist
2024-04-24T04:59:13,424  WARN [main] conf.HiveConf: HiveConf of name hive.stats.key.prefix.reserve.length does not exist
2024-04-24T04:59:13,424  WARN [main] conf.HiveConf: HiveConf of name hive.dummyparam.test.server.specific.config.metastoresite does not exist
2024-04-24T04:59:13,424  WARN [main] conf.HiveConf: HiveConf of name hive.dummyparam.test.server.specific.config.override does not exist
2024-04-24T04:59:13,424  WARN [main] conf.HiveConf: HiveConf of name hive.llap.io.cache.orc.alloc.min does not exist
2024-04-24T04:59:13,424  WARN [main] conf.HiveConf: HiveConf of name hive.llap.io.cache.orc.size does not exist
2024-04-24T04:59:13,424  WARN [main] conf.HiveConf: HiveConf of name hive.metastore.client.cache.maxSize does not exist
2024-04-24T04:59:13,424  WARN [main] conf.HiveConf: HiveConf of name hive.metastore.metadb.dir does not exist
2024-04-24T04:59:13,426  INFO [main] utils.TestTxnDbUtil: Creating transactional tables
Hive Session ID = cd0e0edb-3ea1-4a99-b6d6-ac39120d4b88
2024-04-24T04:59:13,428  INFO [main] SessionState: Hive Session ID = cd0e0edb-3ea1-4a99-b6d6-ac39120d4b88
ivysettings.xml file not found in HIVE_HOME or HIVE_CONF_DIR,/home/alex/Repositories/hive/conf/ivysettings.xml will be used
2024-04-24T04:59:13,429  INFO [main] DependencyResolver: ivysettings.xml file not found in HIVE_HOME or HIVE_CONF_DIR,/home/alex/Repositories/hive/conf/ivysettings.xml will be used
2024-04-24T04:59:13,434  INFO [main] session.SessionState: Created HDFS directory: /home/alex/Repositories/hive/ql/target/tmp/scratchdir/alex/cd0e0edb-3ea1-4a99-b6d6-ac39120d4b88
2024-04-24T04:59:13,437  INFO [main] session.SessionState: Created local directory: /home/alex/Repositories/hive/ql/target/tmp/localscratchdir/cd0e0edb-3ea1-4a99-b6d6-ac39120d4b88
2024-04-24T04:59:13,439  INFO [main] session.SessionState: Created HDFS directory: /home/alex/Repositories/hive/ql/target/tmp/scratchdir/alex/cd0e0edb-3ea1-4a99-b6d6-ac39120d4b88/_tmp_space.db
2024-04-24T04:59:13,440  INFO [main] sqlstd.SQLStdHiveAccessController: Created SQLStdHiveAccessController for session context : HiveAuthzSessionContext [sessionString=cd0e0edb-3ea1-4a99-b6d6-ac39120d4b88, clientType=HIVECLI]
2024-04-24T04:59:13,440  INFO [main] ql.TxnCommandsBaseForTests: Running the query: drop table if exists acidTbl
2024-04-24T04:59:13,440  INFO [main] ql.Driver: Compiling command(queryId=alex_20240424045913_fa7bdf23-aab9-4d2d-815f-677163028a98): drop table if exists acidTbl
2024-04-24T04:59:13,453  INFO [main] txn.TxnHandler: Added entries to MIN_HISTORY_LEVEL for current txns: ([1]) with min_open_txn: 1
2024-04-24T04:59:13,453  INFO [main] lockmgr.DbTxnManager: Opened txnid:1
2024-04-24T04:59:13,456  INFO [main] HiveMetaStore.audit: ugi=alex	ip=unknown-ip-addr	cmd=get_table : tbl=hive.default.acidTbl	
2024-04-24T04:59:13,460  INFO [main] ql.Driver: Semantic Analysis Completed (retrial = false)
2024-04-24T04:59:13,460  INFO [main] ql.Driver: Created Hive schema: Schema(fieldSchemas:null, properties:null)
2024-04-24T04:59:13,460  INFO [main] metadata.Hive: Dumping metastore api call timing information for : compilation phase
2024-04-24T04:59:13,460  INFO [main] metadata.Hive: Total time spent in each metastore function (ms): {openTxn_(String, TxnType)=12, isCompatibleWith_(Configuration)=0, commitTxn_(CommitTxnRequest)=16, getValidTxns_(long)=3, flushCache_()=0}
2024-04-24T04:59:13,460  INFO [main] ql.Driver: Completed compiling command(queryId=alex_20240424045913_fa7bdf23-aab9-4d2d-815f-677163028a98); Time taken: 0.02 seconds
2024-04-24T04:59:13,460  INFO [main] lockmgr.DbTxnManager: Setting lock request transaction to txnid:1 for queryId=alex_20240424045913_fa7bdf23-aab9-4d2d-815f-677163028a98
2024-04-24T04:59:13,460  INFO [main] ql.Driver: Operation DROPTABLE obtained 0 locks
2024-04-24T04:59:13,460  INFO [main] ql.Driver: Executing command(queryId=alex_20240424045913_fa7bdf23-aab9-4d2d-815f-677163028a98): drop table if exists acidTbl
2024-04-24T04:59:13,460  INFO [main] ql.Driver: Starting task [Stage-0:DDL] in serial mode
2024-04-24T04:59:13,461  INFO [main] HiveMetaStore.audit: ugi=alex	ip=unknown-ip-addr	cmd=get_table : tbl=hive.default.acidTbl	
2024-04-24T04:59:13,464  INFO [main] metadata.Hive: Dumping metastore api call timing information for : execution phase
2024-04-24T04:59:13,464  INFO [main] metadata.Hive: Total time spent in each metastore function (ms): {isCompatibleWith_(Configuration)=1}
2024-04-24T04:59:13,465  INFO [main] ql.Driver: Completed executing command(queryId=alex_20240424045913_fa7bdf23-aab9-4d2d-815f-677163028a98); Time taken: 0.004 seconds
2024-04-24T04:59:13,465  INFO [main] lockmgr.DbTxnManager: Stopped heartbeat for query: alex_20240424045913_fa7bdf23-aab9-4d2d-815f-677163028a98
2024-04-24T04:59:13,472  INFO [main] txn.TxnHandler: Expected to move at least one record from txn_components to completed_txn_components when committing txn! txnid:1
2024-04-24T04:59:13,480  INFO [main] txn.TxnHandler: Removed transactions: ([1]) from MIN_HISTORY_LEVEL
2024-04-24T04:59:13,480  WARN [main] txn.CompactionTxnHandler: No compaction queue record found for Compaction type transaction commit. txnId:1
2024-04-24T04:59:13,481  INFO [main] ql.TxnCommandsBaseForTests: Running the query: drop table if exists acidTblPart
2024-04-24T04:59:13,481  INFO [main] ql.Driver: Compiling command(queryId=alex_20240424045913_eecc4970-f52e-4742-b4df-3629ddafdafa): drop table if exists acidTblPart
2024-04-24T04:59:13,483  INFO [main] txn.TxnHandler: Added entries to MIN_HISTORY_LEVEL for current txns: ([2]) with min_open_txn: 1
2024-04-24T04:59:13,483  INFO [main] lockmgr.DbTxnManager: Opened txnid:2
2024-04-24T04:59:13,484  INFO [main] HiveMetaStore.audit: ugi=alex	ip=unknown-ip-addr	cmd=get_table : tbl=hive.default.acidTblPart	
2024-04-24T04:59:13,487  INFO [main] ql.Driver: Semantic Analysis Completed (retrial = false)
2024-04-24T04:59:13,487  INFO [main] ql.Driver: Created Hive schema: Schema(fieldSchemas:null, properties:null)
2024-04-24T04:59:13,487  INFO [main] metadata.Hive: Dumping metastore api call timing information for : compilation phase
2024-04-24T04:59:13,487  INFO [main] metadata.Hive: Total time spent in each metastore function (ms): {isCompatibleWith_(Configuration)=0, commitTxn_(CommitTxnRequest)=15, openTxn_(String, TxnType)=2, getValidTxns_(long)=0, flushCache_()=0}
2024-04-24T04:59:13,488  INFO [main] ql.Driver: Completed compiling command(queryId=alex_20240424045913_eecc4970-f52e-4742-b4df-3629ddafdafa); Time taken: 0.006 seconds
2024-04-24T04:59:13,488  INFO [main] lockmgr.DbTxnManager: Setting lock request transaction to txnid:2 for queryId=alex_20240424045913_eecc4970-f52e-4742-b4df-3629ddafdafa
2024-04-24T04:59:13,488  INFO [main] ql.Driver: Operation DROPTABLE obtained 0 locks
2024-04-24T04:59:13,488  INFO [main] ql.Driver: Executing command(queryId=alex_20240424045913_eecc4970-f52e-4742-b4df-3629ddafdafa): drop table if exists acidTblPart
2024-04-24T04:59:13,488  INFO [main] ql.Driver: Starting task [Stage-0:DDL] in serial mode
2024-04-24T04:59:13,488  INFO [main] HiveMetaStore.audit: ugi=alex	ip=unknown-ip-addr	cmd=get_table : tbl=hive.default.acidTblPart	
2024-04-24T04:59:13,493  INFO [main] metadata.Hive: Dumping metastore api call timing information for : execution phase
2024-04-24T04:59:13,493  INFO [main] metadata.Hive: Total time spent in each metastore function (ms): {isCompatibleWith_(Configuration)=0}
2024-04-24T04:59:13,493  INFO [main] ql.Driver: Completed executing command(queryId=alex_20240424045913_eecc4970-f52e-4742-b4df-3629ddafdafa); Time taken: 0.005 seconds
2024-04-24T04:59:13,493  INFO [main] lockmgr.DbTxnManager: Stopped heartbeat for query: alex_20240424045913_eecc4970-f52e-4742-b4df-3629ddafdafa
2024-04-24T04:59:13,500  INFO [main] txn.TxnHandler: Expected to move at least one record from txn_components to completed_txn_components when committing txn! txnid:2
2024-04-24T04:59:13,507  INFO [main] txn.TxnHandler: Removed transactions: ([2]) from MIN_HISTORY_LEVEL
2024-04-24T04:59:13,507  WARN [main] txn.CompactionTxnHandler: No compaction queue record found for Compaction type transaction commit. txnId:2
2024-04-24T04:59:13,508  INFO [main] ql.TxnCommandsBaseForTests: Running the query: drop table if exists acidTbl2
2024-04-24T04:59:13,509  INFO [main] ql.Driver: Compiling command(queryId=alex_20240424045913_738616aa-be9b-4183-8136-8610a49df466): drop table if exists acidTbl2
2024-04-24T04:59:13,511  INFO [main] txn.TxnHandler: Added entries to MIN_HISTORY_LEVEL for current txns: ([3]) with min_open_txn: 1
2024-04-24T04:59:13,511  INFO [main] lockmgr.DbTxnManager: Opened txnid:3
2024-04-24T04:59:13,512  INFO [main] HiveMetaStore.audit: ugi=alex	ip=unknown-ip-addr	cmd=get_table : tbl=hive.default.acidTbl2	
2024-04-24T04:59:13,515  INFO [main] ql.Driver: Semantic Analysis Completed (retrial = false)
2024-04-24T04:59:13,515  INFO [main] ql.Driver: Created Hive schema: Schema(fieldSchemas:null, properties:null)
2024-04-24T04:59:13,516  INFO [main] metadata.Hive: Dumping metastore api call timing information for : compilation phase
2024-04-24T04:59:13,516  INFO [main] metadata.Hive: Total time spent in each metastore function (ms): {commitTxn_(CommitTxnRequest)=15, flushCache_()=0, getValidTxns_(long)=0, isCompatibleWith_(Configuration)=1, openTxn_(String, TxnType)=2}
2024-04-24T04:59:13,516  INFO [main] ql.Driver: Completed compiling command(queryId=alex_20240424045913_738616aa-be9b-4183-8136-8610a49df466); Time taken: 0.008 seconds
2024-04-24T04:59:13,516  INFO [main] lockmgr.DbTxnManager: Setting lock request transaction to txnid:3 for queryId=alex_20240424045913_738616aa-be9b-4183-8136-8610a49df466
2024-04-24T04:59:13,516  INFO [main] ql.Driver: Operation DROPTABLE obtained 0 locks
2024-04-24T04:59:13,516  INFO [main] ql.Driver: Executing command(queryId=alex_20240424045913_738616aa-be9b-4183-8136-8610a49df466): drop table if exists acidTbl2
2024-04-24T04:59:13,516  INFO [main] ql.Driver: Starting task [Stage-0:DDL] in serial mode
2024-04-24T04:59:13,516  INFO [main] HiveMetaStore.audit: ugi=alex	ip=unknown-ip-addr	cmd=get_table : tbl=hive.default.acidTbl2	
2024-04-24T04:59:13,520  INFO [main] metadata.Hive: Dumping metastore api call timing information for : execution phase
2024-04-24T04:59:13,520  INFO [main] metadata.Hive: Total time spent in each metastore function (ms): {isCompatibleWith_(Configuration)=0}
2024-04-24T04:59:13,520  INFO [main] ql.Driver: Completed executing command(queryId=alex_20240424045913_738616aa-be9b-4183-8136-8610a49df466); Time taken: 0.004 seconds
2024-04-24T04:59:13,520  INFO [main] lockmgr.DbTxnManager: Stopped heartbeat for query: alex_20240424045913_738616aa-be9b-4183-8136-8610a49df466
2024-04-24T04:59:13,526  INFO [main] txn.TxnHandler: Expected to move at least one record from txn_components to completed_txn_components when committing txn! txnid:3
2024-04-24T04:59:13,533  INFO [main] txn.TxnHandler: Removed transactions: ([3]) from MIN_HISTORY_LEVEL
2024-04-24T04:59:13,533  WARN [main] txn.CompactionTxnHandler: No compaction queue record found for Compaction type transaction commit. txnId:3
2024-04-24T04:59:13,533  INFO [main] ql.TxnCommandsBaseForTests: Running the query: drop table if exists nonAcidOrcTbl
2024-04-24T04:59:13,534  INFO [main] ql.Driver: Compiling command(queryId=alex_20240424045913_83a63a27-4f76-4b2e-b22e-45c74959dc65): drop table if exists nonAcidOrcTbl
2024-04-24T04:59:13,536  INFO [main] txn.TxnHandler: Added entries to MIN_HISTORY_LEVEL for current txns: ([4]) with min_open_txn: 1
2024-04-24T04:59:13,536  INFO [main] lockmgr.DbTxnManager: Opened txnid:4
2024-04-24T04:59:13,537  INFO [main] HiveMetaStore.audit: ugi=alex	ip=unknown-ip-addr	cmd=get_table : tbl=hive.default.nonAcidOrcTbl	
2024-04-24T04:59:13,540  INFO [main] ql.Driver: Semantic Analysis Completed (retrial = false)
2024-04-24T04:59:13,540  INFO [main] ql.Driver: Created Hive schema: Schema(fieldSchemas:null, properties:null)
2024-04-24T04:59:13,540  INFO [main] metadata.Hive: Dumping metastore api call timing information for : compilation phase
2024-04-24T04:59:13,540  INFO [main] metadata.Hive: Total time spent in each metastore function (ms): {openTxn_(String, TxnType)=2, getValidTxns_(long)=1, flushCache_()=0, isCompatibleWith_(Configuration)=0, commitTxn_(CommitTxnRequest)=13}
2024-04-24T04:59:13,541  INFO [main] ql.Driver: Completed compiling command(queryId=alex_20240424045913_83a63a27-4f76-4b2e-b22e-45c74959dc65); Time taken: 0.007 seconds
2024-04-24T04:59:13,541  INFO [main] lockmgr.DbTxnManager: Setting lock request transaction to txnid:4 for queryId=alex_20240424045913_83a63a27-4f76-4b2e-b22e-45c74959dc65
2024-04-24T04:59:13,541  INFO [main] ql.Driver: Operation DROPTABLE obtained 0 locks
2024-04-24T04:59:13,541  INFO [main] ql.Driver: Executing command(queryId=alex_20240424045913_83a63a27-4f76-4b2e-b22e-45c74959dc65): drop table if exists nonAcidOrcTbl
2024-04-24T04:59:13,541  INFO [main] ql.Driver: Starting task [Stage-0:DDL] in serial mode
2024-04-24T04:59:13,541  INFO [main] HiveMetaStore.audit: ugi=alex	ip=unknown-ip-addr	cmd=get_table : tbl=hive.default.nonAcidOrcTbl	
2024-04-24T04:59:13,545  INFO [main] metadata.Hive: Dumping metastore api call timing information for : execution phase
2024-04-24T04:59:13,545  INFO [main] metadata.Hive: Total time spent in each metastore function (ms): {isCompatibleWith_(Configuration)=0}
2024-04-24T04:59:13,545  INFO [main] ql.Driver: Completed executing command(queryId=alex_20240424045913_83a63a27-4f76-4b2e-b22e-45c74959dc65); Time taken: 0.004 seconds
2024-04-24T04:59:13,545  INFO [main] lockmgr.DbTxnManager: Stopped heartbeat for query: alex_20240424045913_83a63a27-4f76-4b2e-b22e-45c74959dc65
2024-04-24T04:59:13,551  INFO [main] txn.TxnHandler: Expected to move at least one record from txn_components to completed_txn_components when committing txn! txnid:4
2024-04-24T04:59:13,559  INFO [main] txn.TxnHandler: Removed transactions: ([4]) from MIN_HISTORY_LEVEL
2024-04-24T04:59:13,559  WARN [main] txn.CompactionTxnHandler: No compaction queue record found for Compaction type transaction commit. txnId:4
2024-04-24T04:59:13,560  INFO [main] ql.TxnCommandsBaseForTests: Running the query: drop table if exists nonAcidOrcTbl2
2024-04-24T04:59:13,560  INFO [main] ql.Driver: Compiling command(queryId=alex_20240424045913_637dbde3-477f-4008-a367-7b7e0d97356c): drop table if exists nonAcidOrcTbl2
2024-04-24T04:59:13,562  INFO [main] txn.TxnHandler: Added entries to MIN_HISTORY_LEVEL for current txns: ([5]) with min_open_txn: 1
2024-04-24T04:59:13,563  INFO [main] lockmgr.DbTxnManager: Opened txnid:5
2024-04-24T04:59:13,563  INFO [main] HiveMetaStore.audit: ugi=alex	ip=unknown-ip-addr	cmd=get_table : tbl=hive.default.nonAcidOrcTbl2	
2024-04-24T04:59:13,567  INFO [main] ql.Driver: Semantic Analysis Completed (retrial = false)
2024-04-24T04:59:13,567  INFO [main] ql.Driver: Created Hive schema: Schema(fieldSchemas:null, properties:null)
2024-04-24T04:59:13,567  INFO [main] metadata.Hive: Dumping metastore api call timing information for : compilation phase
2024-04-24T04:59:13,567  INFO [main] metadata.Hive: Total time spent in each metastore function (ms): {openTxn_(String, TxnType)=3, getValidTxns_(long)=0, commitTxn_(CommitTxnRequest)=14, isCompatibleWith_(Configuration)=0, flushCache_()=0}
2024-04-24T04:59:13,567  INFO [main] ql.Driver: Completed compiling command(queryId=alex_20240424045913_637dbde3-477f-4008-a367-7b7e0d97356c); Time taken: 0.007 seconds
2024-04-24T04:59:13,567  INFO [main] lockmgr.DbTxnManager: Setting lock request transaction to txnid:5 for queryId=alex_20240424045913_637dbde3-477f-4008-a367-7b7e0d97356c
2024-04-24T04:59:13,567  INFO [main] ql.Driver: Operation DROPTABLE obtained 0 locks
2024-04-24T04:59:13,567  INFO [main] ql.Driver: Executing command(queryId=alex_20240424045913_637dbde3-477f-4008-a367-7b7e0d97356c): drop table if exists nonAcidOrcTbl2
2024-04-24T04:59:13,567  INFO [main] ql.Driver: Starting task [Stage-0:DDL] in serial mode
2024-04-24T04:59:13,568  INFO [main] HiveMetaStore.audit: ugi=alex	ip=unknown-ip-addr	cmd=get_table : tbl=hive.default.nonAcidOrcTbl2	
2024-04-24T04:59:13,572  INFO [main] metadata.Hive: Dumping metastore api call timing information for : execution phase
2024-04-24T04:59:13,572  INFO [main] metadata.Hive: Total time spent in each metastore function (ms): {isCompatibleWith_(Configuration)=1}
2024-04-24T04:59:13,572  INFO [main] ql.Driver: Completed executing command(queryId=alex_20240424045913_637dbde3-477f-4008-a367-7b7e0d97356c); Time taken: 0.005 seconds
2024-04-24T04:59:13,572  INFO [main] lockmgr.DbTxnManager: Stopped heartbeat for query: alex_20240424045913_637dbde3-477f-4008-a367-7b7e0d97356c
2024-04-24T04:59:13,579  INFO [main] txn.TxnHandler: Expected to move at least one record from txn_components to completed_txn_components when committing txn! txnid:5
2024-04-24T04:59:13,587  INFO [main] txn.TxnHandler: Removed transactions: ([5]) from MIN_HISTORY_LEVEL
2024-04-24T04:59:13,587  WARN [main] txn.CompactionTxnHandler: No compaction queue record found for Compaction type transaction commit. txnId:5
2024-04-24T04:59:13,587  INFO [main] ql.TxnCommandsBaseForTests: Running the query: drop table if exists nonAcidNonBucket
2024-04-24T04:59:13,588  INFO [main] ql.Driver: Compiling command(queryId=alex_20240424045913_a1520388-a6c4-4778-b554-a425cd817b08): drop table if exists nonAcidNonBucket
2024-04-24T04:59:13,590  INFO [main] txn.TxnHandler: Added entries to MIN_HISTORY_LEVEL for current txns: ([6]) with min_open_txn: 1
2024-04-24T04:59:13,591  INFO [main] lockmgr.DbTxnManager: Opened txnid:6
2024-04-24T04:59:13,591  INFO [main] HiveMetaStore.audit: ugi=alex	ip=unknown-ip-addr	cmd=get_table : tbl=hive.default.nonAcidNonBucket	
2024-04-24T04:59:13,595  INFO [main] ql.Driver: Semantic Analysis Completed (retrial = false)
2024-04-24T04:59:13,595  INFO [main] ql.Driver: Created Hive schema: Schema(fieldSchemas:null, properties:null)
2024-04-24T04:59:13,595  INFO [main] metadata.Hive: Dumping metastore api call timing information for : compilation phase
2024-04-24T04:59:13,595  INFO [main] metadata.Hive: Total time spent in each metastore function (ms): {commitTxn_(CommitTxnRequest)=15, getValidTxns_(long)=0, openTxn_(String, TxnType)=3, flushCache_()=0, isCompatibleWith_(Configuration)=0}
2024-04-24T04:59:13,595  INFO [main] ql.Driver: Completed compiling command(queryId=alex_20240424045913_a1520388-a6c4-4778-b554-a425cd817b08); Time taken: 0.007 seconds
2024-04-24T04:59:13,595  INFO [main] lockmgr.DbTxnManager: Setting lock request transaction to txnid:6 for queryId=alex_20240424045913_a1520388-a6c4-4778-b554-a425cd817b08
2024-04-24T04:59:13,595  INFO [main] ql.Driver: Operation DROPTABLE obtained 0 locks
2024-04-24T04:59:13,595  INFO [main] ql.Driver: Executing command(queryId=alex_20240424045913_a1520388-a6c4-4778-b554-a425cd817b08): drop table if exists nonAcidNonBucket
2024-04-24T04:59:13,596  INFO [main] ql.Driver: Starting task [Stage-0:DDL] in serial mode
2024-04-24T04:59:13,596  INFO [main] HiveMetaStore.audit: ugi=alex	ip=unknown-ip-addr	cmd=get_table : tbl=hive.default.nonAcidNonBucket	
2024-04-24T04:59:13,600  INFO [main] metadata.Hive: Dumping metastore api call timing information for : execution phase
2024-04-24T04:59:13,600  INFO [main] metadata.Hive: Total time spent in each metastore function (ms): {isCompatibleWith_(Configuration)=0}
2024-04-24T04:59:13,600  INFO [main] ql.Driver: Completed executing command(queryId=alex_20240424045913_a1520388-a6c4-4778-b554-a425cd817b08); Time taken: 0.005 seconds
2024-04-24T04:59:13,600  INFO [main] lockmgr.DbTxnManager: Stopped heartbeat for query: alex_20240424045913_a1520388-a6c4-4778-b554-a425cd817b08
2024-04-24T04:59:13,607  INFO [main] txn.TxnHandler: Expected to move at least one record from txn_components to completed_txn_components when committing txn! txnid:6
2024-04-24T04:59:13,615  INFO [main] txn.TxnHandler: Removed transactions: ([6]) from MIN_HISTORY_LEVEL
2024-04-24T04:59:13,615  WARN [main] txn.CompactionTxnHandler: No compaction queue record found for Compaction type transaction commit. txnId:6
2024-04-24T04:59:13,615  INFO [main] ql.TxnCommandsBaseForTests: Running the query: create table acidTbl(a int, b int) clustered by (a) into 2 buckets stored as orc TBLPROPERTIES ('transactional'='true')
2024-04-24T04:59:13,616  INFO [main] ql.Driver: Compiling command(queryId=alex_20240424045913_2f6f830c-d0e1-43fd-914d-34d5472cc109): create table acidTbl(a int, b int) clustered by (a) into 2 buckets stored as orc TBLPROPERTIES ('transactional'='true')
2024-04-24T04:59:13,620  INFO [main] txn.TxnHandler: Added entries to MIN_HISTORY_LEVEL for current txns: ([7]) with min_open_txn: 1
2024-04-24T04:59:13,620  INFO [main] lockmgr.DbTxnManager: Opened txnid:7
2024-04-24T04:59:13,620  INFO [main] parse.CalcitePlanner: Starting caching scope for: 
2024-04-24T04:59:13,620  INFO [main] parse.CalcitePlanner: Starting Semantic Analysis
2024-04-24T04:59:13,627  INFO [main] parse.CalcitePlanner: Creating table default.acidTbl position=13
2024-04-24T04:59:13,628  INFO [main] HiveMetaStore.audit: ugi=alex	ip=unknown-ip-addr	cmd=get_database: default	
2024-04-24T04:59:13,629  INFO [main] parse.CalcitePlanner: Ending caching scope for: 
2024-04-24T04:59:13,629  INFO [main] ql.Driver: Semantic Analysis Completed (retrial = false)
2024-04-24T04:59:13,630  INFO [main] ql.Driver: Created Hive schema: Schema(fieldSchemas:null, properties:null)
2024-04-24T04:59:13,630  INFO [main] metadata.Hive: Dumping metastore api call timing information for : compilation phase
2024-04-24T04:59:13,630  INFO [main] metadata.Hive: Total time spent in each metastore function (ms): {openTxn_(String, TxnType)=3, flushCache_()=0, isCompatibleWith_(Configuration)=1, getValidWriteIds_(List, String)=6, getDatabase_(String)=2, getValidTxns_(long)=0, commitTxn_(CommitTxnRequest)=14}
2024-04-24T04:59:13,630  INFO [main] ql.Driver: Completed compiling command(queryId=alex_20240424045913_2f6f830c-d0e1-43fd-914d-34d5472cc109); Time taken: 0.014 seconds
2024-04-24T04:59:13,630  INFO [main] lockmgr.DbTxnManager: Setting lock request transaction to txnid:7 for queryId=alex_20240424045913_2f6f830c-d0e1-43fd-914d-34d5472cc109
2024-04-24T04:59:13,630  INFO [main] lockmgr.DbLockManager: Requesting lock for queryId=alex_20240424045913_2f6f830c-d0e1-43fd-914d-34d5472cc109
2024-04-24T04:59:13,654  INFO [main] lockmgr.DbLockManager: Response to queryId=alex_20240424045913_2f6f830c-d0e1-43fd-914d-34d5472cc109 LockResponse(lockid:1, state:ACQUIRED)
2024-04-24T04:59:13,654  INFO [main] ql.Driver: Operation CREATETABLE obtained 1 locks
2024-04-24T04:59:13,655  INFO [main] ql.Driver: Executing command(queryId=alex_20240424045913_2f6f830c-d0e1-43fd-914d-34d5472cc109): create table acidTbl(a int, b int) clustered by (a) into 2 buckets stored as orc TBLPROPERTIES ('transactional'='true')
2024-04-24T04:59:13,655  INFO [main] ql.Driver: Starting task [Stage-0:DDL] in serial mode
2024-04-24T04:59:13,656  INFO [main] HiveMetaStore.audit: ugi=alex	ip=unknown-ip-addr	cmd=create_table_req: Table(tableName:acidTbl, dbName:default, owner:alex, createTime:1713959953, lastAccessTime:0, retention:0, sd:StorageDescriptor(cols:[FieldSchema(name:a, type:int, comment:null), FieldSchema(name:b, type:int, comment:null)], location:null, inputFormat:org.apache.hadoop.hive.ql.io.orc.OrcInputFormat, outputFormat:org.apache.hadoop.hive.ql.io.orc.OrcOutputFormat, compressed:false, numBuckets:2, serdeInfo:SerDeInfo(name:null, serializationLib:org.apache.hadoop.hive.ql.io.orc.OrcSerde, parameters:{serialization.format=1}), bucketCols:[a], sortCols:[], parameters:{}, skewedInfo:SkewedInfo(skewedColNames:[], skewedColValues:[], skewedColValueLocationMaps:{}), storedAsSubDirectories:false), partitionKeys:[], parameters:{rawDataSize=0, numRows=0, numFiles=0, bucketing_version=2, transactional=true, COLUMN_STATS_ACCURATE={"BASIC_STATS":"true","COLUMN_STATS":{"a":"true","b":"true"}}, numFilesErasureCoded=0, totalSize=0}, viewOriginalText:null, viewExpandedText:null, tableType:MANAGED_TABLE, privileges:PrincipalPrivilegeSet(userPrivileges:{alex=[PrivilegeGrantInfo(privilege:INSERT, createTime:-1, grantor:alex, grantorType:USER, grantOption:true), PrivilegeGrantInfo(privilege:SELECT, createTime:-1, grantor:alex, grantorType:USER, grantOption:true), PrivilegeGrantInfo(privilege:UPDATE, createTime:-1, grantor:alex, grantorType:USER, grantOption:true), PrivilegeGrantInfo(privilege:DELETE, createTime:-1, grantor:alex, grantorType:USER, grantOption:true)]}, groupPrivileges:null, rolePrivileges:null), temporary:false, catName:hive, ownerType:USER, writeId:0)	
2024-04-24T04:59:13,663  INFO [main] utils.FileUtils: Creating directory if it doesn't exist: file:/home/alex/Repositories/hive/ql/target/tmp/org.apache.hadoop.hive.ql.TestTxnNoBuckets-1713959849960/warehouse/acidtbl
2024-04-24T04:59:13,723  INFO [main] metadata.Hive: Dumping metastore api call timing information for : execution phase
2024-04-24T04:59:13,723  INFO [main] metadata.Hive: Total time spent in each metastore function (ms): {isCompatibleWith_(Configuration)=0, createTable_(Table)=67}
2024-04-24T04:59:13,724  INFO [main] ql.Driver: Completed executing command(queryId=alex_20240424045913_2f6f830c-d0e1-43fd-914d-34d5472cc109); Time taken: 0.068 seconds
2024-04-24T04:59:13,724  INFO [main] lockmgr.DbTxnManager: Stopped heartbeat for query: alex_20240424045913_2f6f830c-d0e1-43fd-914d-34d5472cc109
2024-04-24T04:59:13,730  INFO [main] txn.TxnHandler: Expected to move at least one record from txn_components to completed_txn_components when committing txn! txnid:7
2024-04-24T04:59:13,741  INFO [main] txn.TxnHandler: Removed transactions: ([7]) from MIN_HISTORY_LEVEL
2024-04-24T04:59:13,741  WARN [main] txn.CompactionTxnHandler: No compaction queue record found for Compaction type transaction commit. txnId:7
2024-04-24T04:59:13,742  INFO [main] ql.TxnCommandsBaseForTests: Running the query: create table acidTblPart(a int, b int) partitioned by (p string) clustered by (a) into 2 buckets stored as orc TBLPROPERTIES ('transactional'='true')
2024-04-24T04:59:13,742  INFO [main] ql.Driver: Compiling command(queryId=alex_20240424045913_162c44ea-df50-4de0-8da3-690dd4fc05a1): create table acidTblPart(a int, b int) partitioned by (p string) clustered by (a) into 2 buckets stored as orc TBLPROPERTIES ('transactional'='true')
2024-04-24T04:59:13,746  INFO [main] txn.TxnHandler: Added entries to MIN_HISTORY_LEVEL for current txns: ([8]) with min_open_txn: 1
2024-04-24T04:59:13,746  INFO [main] lockmgr.DbTxnManager: Opened txnid:8
2024-04-24T04:59:13,747  INFO [main] parse.CalcitePlanner: Starting caching scope for: 
2024-04-24T04:59:13,747  INFO [main] parse.CalcitePlanner: Starting Semantic Analysis
2024-04-24T04:59:13,750  INFO [main] parse.CalcitePlanner: Creating table default.acidTblPart position=13
2024-04-24T04:59:13,750  INFO [main] HiveMetaStore.audit: ugi=alex	ip=unknown-ip-addr	cmd=get_database: default	
2024-04-24T04:59:13,752  INFO [main] parse.CalcitePlanner: Ending caching scope for: 
2024-04-24T04:59:13,752  INFO [main] ql.Driver: Semantic Analysis Completed (retrial = false)
2024-04-24T04:59:13,752  INFO [main] ql.Driver: Created Hive schema: Schema(fieldSchemas:null, properties:null)
2024-04-24T04:59:13,752  INFO [main] metadata.Hive: Dumping metastore api call timing information for : compilation phase
2024-04-24T04:59:13,752  INFO [main] metadata.Hive: Total time spent in each metastore function (ms): {commitTxn_(CommitTxnRequest)=18, getDatabase_(String)=2, getValidTxns_(long)=0, getValidWriteIds_(List, String)=3, openTxn_(String, TxnType)=3, isCompatibleWith_(Configuration)=0, flushCache_()=0}
2024-04-24T04:59:13,752  INFO [main] ql.Driver: Completed compiling command(queryId=alex_20240424045913_162c44ea-df50-4de0-8da3-690dd4fc05a1); Time taken: 0.01 seconds
2024-04-24T04:59:13,752  INFO [main] lockmgr.DbTxnManager: Setting lock request transaction to txnid:8 for queryId=alex_20240424045913_162c44ea-df50-4de0-8da3-690dd4fc05a1
2024-04-24T04:59:13,753  INFO [main] lockmgr.DbLockManager: Requesting lock for queryId=alex_20240424045913_162c44ea-df50-4de0-8da3-690dd4fc05a1
2024-04-24T04:59:13,774  INFO [main] lockmgr.DbLockManager: Response to queryId=alex_20240424045913_162c44ea-df50-4de0-8da3-690dd4fc05a1 LockResponse(lockid:2, state:ACQUIRED)
2024-04-24T04:59:13,774  INFO [main] ql.Driver: Operation CREATETABLE obtained 1 locks
2024-04-24T04:59:13,775  INFO [main] ql.Driver: Executing command(queryId=alex_20240424045913_162c44ea-df50-4de0-8da3-690dd4fc05a1): create table acidTblPart(a int, b int) partitioned by (p string) clustered by (a) into 2 buckets stored as orc TBLPROPERTIES ('transactional'='true')
2024-04-24T04:59:13,775  INFO [main] ql.Driver: Starting task [Stage-0:DDL] in serial mode
2024-04-24T04:59:13,776  INFO [main] HiveMetaStore.audit: ugi=alex	ip=unknown-ip-addr	cmd=create_table_req: Table(tableName:acidTblPart, dbName:default, owner:alex, createTime:1713959953, lastAccessTime:0, retention:0, sd:StorageDescriptor(cols:[FieldSchema(name:a, type:int, comment:null), FieldSchema(name:b, type:int, comment:null)], location:null, inputFormat:org.apache.hadoop.hive.ql.io.orc.OrcInputFormat, outputFormat:org.apache.hadoop.hive.ql.io.orc.OrcOutputFormat, compressed:false, numBuckets:2, serdeInfo:SerDeInfo(name:null, serializationLib:org.apache.hadoop.hive.ql.io.orc.OrcSerde, parameters:{serialization.format=1}), bucketCols:[a], sortCols:[], parameters:{}, skewedInfo:SkewedInfo(skewedColNames:[], skewedColValues:[], skewedColValueLocationMaps:{}), storedAsSubDirectories:false), partitionKeys:[FieldSchema(name:p, type:string, comment:null)], parameters:{transactional=true, bucketing_version=2}, viewOriginalText:null, viewExpandedText:null, tableType:MANAGED_TABLE, privileges:PrincipalPrivilegeSet(userPrivileges:{alex=[PrivilegeGrantInfo(privilege:INSERT, createTime:-1, grantor:alex, grantorType:USER, grantOption:true), PrivilegeGrantInfo(privilege:SELECT, createTime:-1, grantor:alex, grantorType:USER, grantOption:true), PrivilegeGrantInfo(privilege:UPDATE, createTime:-1, grantor:alex, grantorType:USER, grantOption:true), PrivilegeGrantInfo(privilege:DELETE, createTime:-1, grantor:alex, grantorType:USER, grantOption:true)]}, groupPrivileges:null, rolePrivileges:null), temporary:false, catName:hive, ownerType:USER, writeId:0)	
2024-04-24T04:59:13,787  INFO [main] utils.FileUtils: Creating directory if it doesn't exist: file:/home/alex/Repositories/hive/ql/target/tmp/org.apache.hadoop.hive.ql.TestTxnNoBuckets-1713959849960/warehouse/acidtblpart
2024-04-24T04:59:13,810  INFO [main] metadata.Hive: Dumping metastore api call timing information for : execution phase
2024-04-24T04:59:13,810  INFO [main] metadata.Hive: Total time spent in each metastore function (ms): {isCompatibleWith_(Configuration)=0, createTable_(Table)=34}
2024-04-24T04:59:13,810  INFO [main] ql.Driver: Completed executing command(queryId=alex_20240424045913_162c44ea-df50-4de0-8da3-690dd4fc05a1); Time taken: 0.035 seconds
2024-04-24T04:59:13,810  INFO [main] lockmgr.DbTxnManager: Stopped heartbeat for query: alex_20240424045913_162c44ea-df50-4de0-8da3-690dd4fc05a1
2024-04-24T04:59:13,815  INFO [main] txn.TxnHandler: Expected to move at least one record from txn_components to completed_txn_components when committing txn! txnid:8
2024-04-24T04:59:13,824  INFO [main] txn.TxnHandler: Removed transactions: ([8]) from MIN_HISTORY_LEVEL
2024-04-24T04:59:13,824  WARN [main] txn.CompactionTxnHandler: No compaction queue record found for Compaction type transaction commit. txnId:8
2024-04-24T04:59:13,825  INFO [main] ql.TxnCommandsBaseForTests: Running the query: create table nonAcidOrcTbl(a int, b int) clustered by (a) into 2 buckets stored as orc TBLPROPERTIES ('transactional'='false')
2024-04-24T04:59:13,825  INFO [main] ql.Driver: Compiling command(queryId=alex_20240424045913_7355a8aa-0d38-454f-8fa5-1d7917112da1): create table nonAcidOrcTbl(a int, b int) clustered by (a) into 2 buckets stored as orc TBLPROPERTIES ('transactional'='false')
2024-04-24T04:59:13,829  INFO [main] txn.TxnHandler: Added entries to MIN_HISTORY_LEVEL for current txns: ([9]) with min_open_txn: 1
2024-04-24T04:59:13,829  INFO [main] lockmgr.DbTxnManager: Opened txnid:9
2024-04-24T04:59:13,830  INFO [main] parse.CalcitePlanner: Starting caching scope for: 
2024-04-24T04:59:13,830  INFO [main] parse.CalcitePlanner: Starting Semantic Analysis
2024-04-24T04:59:13,832  INFO [main] parse.CalcitePlanner: Creating table default.nonAcidOrcTbl position=13
2024-04-24T04:59:13,833  INFO [main] HiveMetaStore.audit: ugi=alex	ip=unknown-ip-addr	cmd=get_database: default	
2024-04-24T04:59:13,834  INFO [main] parse.CalcitePlanner: Ending caching scope for: 
2024-04-24T04:59:13,834  INFO [main] ql.Driver: Semantic Analysis Completed (retrial = false)
2024-04-24T04:59:13,834  INFO [main] ql.Driver: Created Hive schema: Schema(fieldSchemas:null, properties:null)
2024-04-24T04:59:13,835  INFO [main] metadata.Hive: Dumping metastore api call timing information for : compilation phase
2024-04-24T04:59:13,835  INFO [main] metadata.Hive: Total time spent in each metastore function (ms): {getValidWriteIds_(List, String)=2, commitTxn_(CommitTxnRequest)=15, getDatabase_(String)=1, isCompatibleWith_(Configuration)=0, flushCache_()=0, getValidTxns_(long)=1, openTxn_(String, TxnType)=3}
2024-04-24T04:59:13,835  INFO [main] ql.Driver: Completed compiling command(queryId=alex_20240424045913_7355a8aa-0d38-454f-8fa5-1d7917112da1); Time taken: 0.01 seconds
2024-04-24T04:59:13,835  INFO [main] lockmgr.DbTxnManager: Setting lock request transaction to txnid:9 for queryId=alex_20240424045913_7355a8aa-0d38-454f-8fa5-1d7917112da1
2024-04-24T04:59:13,835  INFO [main] lockmgr.DbLockManager: Requesting lock for queryId=alex_20240424045913_7355a8aa-0d38-454f-8fa5-1d7917112da1
2024-04-24T04:59:13,854  INFO [main] lockmgr.DbLockManager: Response to queryId=alex_20240424045913_7355a8aa-0d38-454f-8fa5-1d7917112da1 LockResponse(lockid:3, state:ACQUIRED)
2024-04-24T04:59:13,854  INFO [main] ql.Driver: Operation CREATETABLE obtained 1 locks
2024-04-24T04:59:13,854  INFO [main] ql.Driver: Executing command(queryId=alex_20240424045913_7355a8aa-0d38-454f-8fa5-1d7917112da1): create table nonAcidOrcTbl(a int, b int) clustered by (a) into 2 buckets stored as orc TBLPROPERTIES ('transactional'='false')
2024-04-24T04:59:13,854  INFO [main] ql.Driver: Starting task [Stage-0:DDL] in serial mode
2024-04-24T04:59:13,855  INFO [main] HiveMetaStore.audit: ugi=alex	ip=unknown-ip-addr	cmd=create_table_req: Table(tableName:nonAcidOrcTbl, dbName:default, owner:alex, createTime:1713959953, lastAccessTime:0, retention:0, sd:StorageDescriptor(cols:[FieldSchema(name:a, type:int, comment:null), FieldSchema(name:b, type:int, comment:null)], location:null, inputFormat:org.apache.hadoop.hive.ql.io.orc.OrcInputFormat, outputFormat:org.apache.hadoop.hive.ql.io.orc.OrcOutputFormat, compressed:false, numBuckets:2, serdeInfo:SerDeInfo(name:null, serializationLib:org.apache.hadoop.hive.ql.io.orc.OrcSerde, parameters:{serialization.format=1}), bucketCols:[a], sortCols:[], parameters:{}, skewedInfo:SkewedInfo(skewedColNames:[], skewedColValues:[], skewedColValueLocationMaps:{}), storedAsSubDirectories:false), partitionKeys:[], parameters:{rawDataSize=0, numRows=0, bucketing_version=2, totalSize=0, COLUMN_STATS_ACCURATE={"BASIC_STATS":"true","COLUMN_STATS":{"a":"true","b":"true"}}, numFilesErasureCoded=0, numFiles=0, transactional=false}, viewOriginalText:null, viewExpandedText:null, tableType:MANAGED_TABLE, privileges:PrincipalPrivilegeSet(userPrivileges:{alex=[PrivilegeGrantInfo(privilege:INSERT, createTime:-1, grantor:alex, grantorType:USER, grantOption:true), PrivilegeGrantInfo(privilege:SELECT, createTime:-1, grantor:alex, grantorType:USER, grantOption:true), PrivilegeGrantInfo(privilege:UPDATE, createTime:-1, grantor:alex, grantorType:USER, grantOption:true), PrivilegeGrantInfo(privilege:DELETE, createTime:-1, grantor:alex, grantorType:USER, grantOption:true)]}, groupPrivileges:null, rolePrivileges:null), temporary:false, catName:hive, ownerType:USER)	
2024-04-24T04:59:13,862  INFO [main] utils.FileUtils: Creating directory if it doesn't exist: file:/home/alex/Repositories/hive/ql/target/tmp/org.apache.hadoop.hive.ql.TestTxnNoBuckets-1713959849960/warehouse/nonacidorctbl
2024-04-24T04:59:13,879  INFO [main] metadata.Hive: Dumping metastore api call timing information for : execution phase
2024-04-24T04:59:13,879  INFO [main] metadata.Hive: Total time spent in each metastore function (ms): {isCompatibleWith_(Configuration)=0, createTable_(Table)=24}
2024-04-24T04:59:13,879  INFO [main] ql.Driver: Completed executing command(queryId=alex_20240424045913_7355a8aa-0d38-454f-8fa5-1d7917112da1); Time taken: 0.025 seconds
2024-04-24T04:59:13,879  INFO [main] lockmgr.DbTxnManager: Stopped heartbeat for query: alex_20240424045913_7355a8aa-0d38-454f-8fa5-1d7917112da1
2024-04-24T04:59:14,093  INFO [main] txn.TxnHandler: Expected to move at least one record from txn_components to completed_txn_components when committing txn! txnid:9
2024-04-24T04:59:14,100  INFO [main] txn.TxnHandler: Removed transactions: ([9]) from MIN_HISTORY_LEVEL
2024-04-24T04:59:14,101  WARN [main] txn.CompactionTxnHandler: No compaction queue record found for Compaction type transaction commit. txnId:9
2024-04-24T04:59:14,101  INFO [main] ql.TxnCommandsBaseForTests: Running the query: create table nonAcidOrcTbl2(a int, b int) clustered by (a) into 2 buckets stored as orc TBLPROPERTIES ('transactional'='false')
2024-04-24T04:59:14,102  INFO [main] ql.Driver: Compiling command(queryId=alex_20240424045914_9556f6f8-edae-4475-af9c-d17218c44643): create table nonAcidOrcTbl2(a int, b int) clustered by (a) into 2 buckets stored as orc TBLPROPERTIES ('transactional'='false')
2024-04-24T04:59:14,105  INFO [main] txn.TxnHandler: Added entries to MIN_HISTORY_LEVEL for current txns: ([10]) with min_open_txn: 1
2024-04-24T04:59:14,105  INFO [main] lockmgr.DbTxnManager: Opened txnid:10
2024-04-24T04:59:14,106  INFO [main] parse.CalcitePlanner: Starting caching scope for: 
2024-04-24T04:59:14,106  INFO [main] parse.CalcitePlanner: Starting Semantic Analysis
2024-04-24T04:59:14,108  INFO [main] parse.CalcitePlanner: Creating table default.nonAcidOrcTbl2 position=13
2024-04-24T04:59:14,109  INFO [main] HiveMetaStore.audit: ugi=alex	ip=unknown-ip-addr	cmd=get_database: default	
2024-04-24T04:59:14,111  INFO [main] parse.CalcitePlanner: Ending caching scope for: 
2024-04-24T04:59:14,111  INFO [main] ql.Driver: Semantic Analysis Completed (retrial = false)
2024-04-24T04:59:14,111  INFO [main] ql.Driver: Created Hive schema: Schema(fieldSchemas:null, properties:null)
2024-04-24T04:59:14,111  INFO [main] metadata.Hive: Dumping metastore api call timing information for : compilation phase
2024-04-24T04:59:14,111  INFO [main] metadata.Hive: Total time spent in each metastore function (ms): {getValidTxns_(long)=1, isCompatibleWith_(Configuration)=0, getDatabase_(String)=1, flushCache_()=0, getValidWriteIds_(List, String)=2, openTxn_(String, TxnType)=3, commitTxn_(CommitTxnRequest)=222}
2024-04-24T04:59:14,111  INFO [main] ql.Driver: Completed compiling command(queryId=alex_20240424045914_9556f6f8-edae-4475-af9c-d17218c44643); Time taken: 0.009 seconds
2024-04-24T04:59:14,111  INFO [main] lockmgr.DbTxnManager: Setting lock request transaction to txnid:10 for queryId=alex_20240424045914_9556f6f8-edae-4475-af9c-d17218c44643
2024-04-24T04:59:14,112  INFO [main] lockmgr.DbLockManager: Requesting lock for queryId=alex_20240424045914_9556f6f8-edae-4475-af9c-d17218c44643
2024-04-24T04:59:14,127  INFO [main] lockmgr.DbLockManager: Response to queryId=alex_20240424045914_9556f6f8-edae-4475-af9c-d17218c44643 LockResponse(lockid:4, state:ACQUIRED)
2024-04-24T04:59:14,127  INFO [main] ql.Driver: Operation CREATETABLE obtained 1 locks
2024-04-24T04:59:14,127  INFO [main] ql.Driver: Executing command(queryId=alex_20240424045914_9556f6f8-edae-4475-af9c-d17218c44643): create table nonAcidOrcTbl2(a int, b int) clustered by (a) into 2 buckets stored as orc TBLPROPERTIES ('transactional'='false')
2024-04-24T04:59:14,127  INFO [main] ql.Driver: Starting task [Stage-0:DDL] in serial mode
2024-04-24T04:59:14,128  INFO [main] HiveMetaStore.audit: ugi=alex	ip=unknown-ip-addr	cmd=create_table_req: Table(tableName:nonAcidOrcTbl2, dbName:default, owner:alex, createTime:1713959954, lastAccessTime:0, retention:0, sd:StorageDescriptor(cols:[FieldSchema(name:a, type:int, comment:null), FieldSchema(name:b, type:int, comment:null)], location:null, inputFormat:org.apache.hadoop.hive.ql.io.orc.OrcInputFormat, outputFormat:org.apache.hadoop.hive.ql.io.orc.OrcOutputFormat, compressed:false, numBuckets:2, serdeInfo:SerDeInfo(name:null, serializationLib:org.apache.hadoop.hive.ql.io.orc.OrcSerde, parameters:{serialization.format=1}), bucketCols:[a], sortCols:[], parameters:{}, skewedInfo:SkewedInfo(skewedColNames:[], skewedColValues:[], skewedColValueLocationMaps:{}), storedAsSubDirectories:false), partitionKeys:[], parameters:{numRows=0, numFiles=0, totalSize=0, numFilesErasureCoded=0, COLUMN_STATS_ACCURATE={"BASIC_STATS":"true","COLUMN_STATS":{"a":"true","b":"true"}}, transactional=false, rawDataSize=0, bucketing_version=2}, viewOriginalText:null, viewExpandedText:null, tableType:MANAGED_TABLE, privileges:PrincipalPrivilegeSet(userPrivileges:{alex=[PrivilegeGrantInfo(privilege:INSERT, createTime:-1, grantor:alex, grantorType:USER, grantOption:true), PrivilegeGrantInfo(privilege:SELECT, createTime:-1, grantor:alex, grantorType:USER, grantOption:true), PrivilegeGrantInfo(privilege:UPDATE, createTime:-1, grantor:alex, grantorType:USER, grantOption:true), PrivilegeGrantInfo(privilege:DELETE, createTime:-1, grantor:alex, grantorType:USER, grantOption:true)]}, groupPrivileges:null, rolePrivileges:null), temporary:false, catName:hive, ownerType:USER)	
2024-04-24T04:59:14,134  INFO [main] utils.FileUtils: Creating directory if it doesn't exist: file:/home/alex/Repositories/hive/ql/target/tmp/org.apache.hadoop.hive.ql.TestTxnNoBuckets-1713959849960/warehouse/nonacidorctbl2
2024-04-24T04:59:14,149  INFO [main] metadata.Hive: Dumping metastore api call timing information for : execution phase
2024-04-24T04:59:14,150  INFO [main] metadata.Hive: Total time spent in each metastore function (ms): {isCompatibleWith_(Configuration)=0, createTable_(Table)=21}
2024-04-24T04:59:14,150  INFO [main] ql.Driver: Completed executing command(queryId=alex_20240424045914_9556f6f8-edae-4475-af9c-d17218c44643); Time taken: 0.022 seconds
2024-04-24T04:59:14,150  INFO [main] lockmgr.DbTxnManager: Stopped heartbeat for query: alex_20240424045914_9556f6f8-edae-4475-af9c-d17218c44643
2024-04-24T04:59:14,153  INFO [main] txn.TxnHandler: Expected to move at least one record from txn_components to completed_txn_components when committing txn! txnid:10
2024-04-24T04:59:14,158  INFO [main] txn.TxnHandler: Removed transactions: ([10]) from MIN_HISTORY_LEVEL
2024-04-24T04:59:14,158  WARN [main] txn.CompactionTxnHandler: No compaction queue record found for Compaction type transaction commit. txnId:10
2024-04-24T04:59:14,158  INFO [main] ql.TxnCommandsBaseForTests: Running the query: create temporary  table acidTbl2(a int, b int, c int) clustered by (c) into 2 buckets stored as orc TBLPROPERTIES ('transactional'='true')
2024-04-24T04:59:14,158  INFO [main] ql.Driver: Compiling command(queryId=alex_20240424045914_0160028a-7b9b-4f16-9b09-0c78c31c6672): create temporary  table acidTbl2(a int, b int, c int) clustered by (c) into 2 buckets stored as orc TBLPROPERTIES ('transactional'='true')
2024-04-24T04:59:14,160  INFO [main] txn.TxnHandler: Added entries to MIN_HISTORY_LEVEL for current txns: ([11]) with min_open_txn: 1
2024-04-24T04:59:14,161  INFO [main] lockmgr.DbTxnManager: Opened txnid:11
2024-04-24T04:59:14,161  INFO [main] parse.CalcitePlanner: Starting caching scope for: 
2024-04-24T04:59:14,161  INFO [main] parse.CalcitePlanner: Starting Semantic Analysis
2024-04-24T04:59:14,163  INFO [main] parse.CalcitePlanner: Creating table default.acidTbl2 position=24
2024-04-24T04:59:14,163  INFO [main] HiveMetaStore.audit: ugi=alex	ip=unknown-ip-addr	cmd=get_database: default	
2024-04-24T04:59:14,165  INFO [main] parse.CalcitePlanner: Ending caching scope for: 
2024-04-24T04:59:14,165  INFO [main] ql.Driver: Semantic Analysis Completed (retrial = false)
2024-04-24T04:59:14,165  INFO [main] ql.Driver: Created Hive schema: Schema(fieldSchemas:null, properties:null)
2024-04-24T04:59:14,165  INFO [main] metadata.Hive: Dumping metastore api call timing information for : compilation phase
2024-04-24T04:59:14,165  INFO [main] metadata.Hive: Total time spent in each metastore function (ms): {openTxn_(String, TxnType)=2, getValidWriteIds_(List, String)=2, flushCache_()=0, isCompatibleWith_(Configuration)=0, getValidTxns_(long)=0, commitTxn_(CommitTxnRequest)=8, getDatabase_(String)=2}
2024-04-24T04:59:14,165  INFO [main] ql.Driver: Completed compiling command(queryId=alex_20240424045914_0160028a-7b9b-4f16-9b09-0c78c31c6672); Time taken: 0.007 seconds
2024-04-24T04:59:14,165  INFO [main] lockmgr.DbTxnManager: Setting lock request transaction to txnid:11 for queryId=alex_20240424045914_0160028a-7b9b-4f16-9b09-0c78c31c6672
2024-04-24T04:59:14,166  INFO [main] lockmgr.DbLockManager: Requesting lock for queryId=alex_20240424045914_0160028a-7b9b-4f16-9b09-0c78c31c6672
2024-04-24T04:59:14,178  INFO [main] lockmgr.DbLockManager: Response to queryId=alex_20240424045914_0160028a-7b9b-4f16-9b09-0c78c31c6672 LockResponse(lockid:5, state:ACQUIRED)
2024-04-24T04:59:14,178  INFO [main] ql.Driver: Operation CREATETABLE obtained 1 locks
2024-04-24T04:59:14,179  INFO [main] ql.Driver: Executing command(queryId=alex_20240424045914_0160028a-7b9b-4f16-9b09-0c78c31c6672): create temporary  table acidTbl2(a int, b int, c int) clustered by (c) into 2 buckets stored as orc TBLPROPERTIES ('transactional'='true')
2024-04-24T04:59:14,179  INFO [main] ql.Driver: Starting task [Stage-0:DDL] in serial mode
2024-04-24T04:59:14,180  INFO [main] utils.FileUtils: Creating directory if it doesn't exist: file:/home/alex/Repositories/hive/ql/target/tmp/scratchdir/alex/cd0e0edb-3ea1-4a99-b6d6-ac39120d4b88/_tmp_space.db/2b89bb3d-3ad7-4e18-8a25-fb76949e29e2
2024-04-24T04:59:14,183  INFO [main] metadata.Hive: Dumping metastore api call timing information for : execution phase
2024-04-24T04:59:14,183  INFO [main] metadata.Hive: Total time spent in each metastore function (ms): {createTable_(Table)=2, isCompatibleWith_(Configuration)=0}
2024-04-24T04:59:14,183  INFO [main] ql.Driver: Completed executing command(queryId=alex_20240424045914_0160028a-7b9b-4f16-9b09-0c78c31c6672); Time taken: 0.004 seconds
2024-04-24T04:59:14,183  INFO [main] lockmgr.DbTxnManager: Stopped heartbeat for query: alex_20240424045914_0160028a-7b9b-4f16-9b09-0c78c31c6672
2024-04-24T04:59:14,186  INFO [main] txn.TxnHandler: Expected to move at least one record from txn_components to completed_txn_components when committing txn! txnid:11
2024-04-24T04:59:14,191  INFO [main] txn.TxnHandler: Removed transactions: ([11]) from MIN_HISTORY_LEVEL
2024-04-24T04:59:14,192  WARN [main] txn.CompactionTxnHandler: No compaction queue record found for Compaction type transaction commit. txnId:11
2024-04-24T04:59:14,192  INFO [main] ql.TxnCommandsBaseForTests: Running the query: create table nonAcidNonBucket(a int, b int) stored as orc TBLPROPERTIES ('transactional'='false')
2024-04-24T04:59:14,192  INFO [main] ql.Driver: Compiling command(queryId=alex_20240424045914_62d7c50e-6d21-4e31-aaa8-be8060c4d25e): create table nonAcidNonBucket(a int, b int) stored as orc TBLPROPERTIES ('transactional'='false')
2024-04-24T04:59:14,194  INFO [main] txn.TxnHandler: Added entries to MIN_HISTORY_LEVEL for current txns: ([12]) with min_open_txn: 1
2024-04-24T04:59:14,195  INFO [main] lockmgr.DbTxnManager: Opened txnid:12
2024-04-24T04:59:14,195  INFO [main] parse.CalcitePlanner: Starting caching scope for: 
2024-04-24T04:59:14,195  INFO [main] parse.CalcitePlanner: Starting Semantic Analysis
2024-04-24T04:59:14,197  INFO [main] parse.CalcitePlanner: Creating table default.nonAcidNonBucket position=13
2024-04-24T04:59:14,197  INFO [main] HiveMetaStore.audit: ugi=alex	ip=unknown-ip-addr	cmd=get_database: default	
2024-04-24T04:59:14,199  INFO [main] parse.CalcitePlanner: Ending caching scope for: 
2024-04-24T04:59:14,199  INFO [main] ql.Driver: Semantic Analysis Completed (retrial = false)
2024-04-24T04:59:14,199  INFO [main] ql.Driver: Created Hive schema: Schema(fieldSchemas:null, properties:null)
2024-04-24T04:59:14,199  INFO [main] metadata.Hive: Dumping metastore api call timing information for : compilation phase
2024-04-24T04:59:14,199  INFO [main] metadata.Hive: Total time spent in each metastore function (ms): {openTxn_(String, TxnType)=2, getDatabase_(String)=2, getValidWriteIds_(List, String)=2, commitTxn_(CommitTxnRequest)=9, flushCache_()=0, getValidTxns_(long)=0, isCompatibleWith_(Configuration)=0}
2024-04-24T04:59:14,199  INFO [main] ql.Driver: Completed compiling command(queryId=alex_20240424045914_62d7c50e-6d21-4e31-aaa8-be8060c4d25e); Time taken: 0.007 seconds
2024-04-24T04:59:14,200  INFO [main] lockmgr.DbTxnManager: Setting lock request transaction to txnid:12 for queryId=alex_20240424045914_62d7c50e-6d21-4e31-aaa8-be8060c4d25e
2024-04-24T04:59:14,200  INFO [main] lockmgr.DbLockManager: Requesting lock for queryId=alex_20240424045914_62d7c50e-6d21-4e31-aaa8-be8060c4d25e
2024-04-24T04:59:14,213  INFO [main] lockmgr.DbLockManager: Response to queryId=alex_20240424045914_62d7c50e-6d21-4e31-aaa8-be8060c4d25e LockResponse(lockid:6, state:ACQUIRED)
2024-04-24T04:59:14,213  INFO [main] ql.Driver: Operation CREATETABLE obtained 1 locks
2024-04-24T04:59:14,213  INFO [main] ql.Driver: Executing command(queryId=alex_20240424045914_62d7c50e-6d21-4e31-aaa8-be8060c4d25e): create table nonAcidNonBucket(a int, b int) stored as orc TBLPROPERTIES ('transactional'='false')
2024-04-24T04:59:14,213  INFO [main] ql.Driver: Starting task [Stage-0:DDL] in serial mode
2024-04-24T04:59:14,214  INFO [main] HiveMetaStore.audit: ugi=alex	ip=unknown-ip-addr	cmd=create_table_req: Table(tableName:nonAcidNonBucket, dbName:default, owner:alex, createTime:1713959954, lastAccessTime:0, retention:0, sd:StorageDescriptor(cols:[FieldSchema(name:a, type:int, comment:null), FieldSchema(name:b, type:int, comment:null)], location:null, inputFormat:org.apache.hadoop.hive.ql.io.orc.OrcInputFormat, outputFormat:org.apache.hadoop.hive.ql.io.orc.OrcOutputFormat, compressed:false, numBuckets:-1, serdeInfo:SerDeInfo(name:null, serializationLib:org.apache.hadoop.hive.ql.io.orc.OrcSerde, parameters:{serialization.format=1}), bucketCols:[], sortCols:[], parameters:{}, skewedInfo:SkewedInfo(skewedColNames:[], skewedColValues:[], skewedColValueLocationMaps:{}), storedAsSubDirectories:false), partitionKeys:[], parameters:{numRows=0, bucketing_version=2, numFiles=0, COLUMN_STATS_ACCURATE={"BASIC_STATS":"true","COLUMN_STATS":{"a":"true","b":"true"}}, totalSize=0, transactional=false, numFilesErasureCoded=0, rawDataSize=0}, viewOriginalText:null, viewExpandedText:null, tableType:MANAGED_TABLE, privileges:PrincipalPrivilegeSet(userPrivileges:{alex=[PrivilegeGrantInfo(privilege:INSERT, createTime:-1, grantor:alex, grantorType:USER, grantOption:true), PrivilegeGrantInfo(privilege:SELECT, createTime:-1, grantor:alex, grantorType:USER, grantOption:true), PrivilegeGrantInfo(privilege:UPDATE, createTime:-1, grantor:alex, grantorType:USER, grantOption:true), PrivilegeGrantInfo(privilege:DELETE, createTime:-1, grantor:alex, grantorType:USER, grantOption:true)]}, groupPrivileges:null, rolePrivileges:null), temporary:false, catName:hive, ownerType:USER)	
2024-04-24T04:59:14,219  INFO [main] utils.FileUtils: Creating directory if it doesn't exist: file:/home/alex/Repositories/hive/ql/target/tmp/org.apache.hadoop.hive.ql.TestTxnNoBuckets-1713959849960/warehouse/nonacidnonbucket
2024-04-24T04:59:14,234  INFO [main] metadata.Hive: Dumping metastore api call timing information for : execution phase
2024-04-24T04:59:14,234  INFO [main] metadata.Hive: Total time spent in each metastore function (ms): {createTable_(Table)=20, isCompatibleWith_(Configuration)=0}
2024-04-24T04:59:14,234  INFO [main] ql.Driver: Completed executing command(queryId=alex_20240424045914_62d7c50e-6d21-4e31-aaa8-be8060c4d25e); Time taken: 0.021 seconds
2024-04-24T04:59:14,234  INFO [main] lockmgr.DbTxnManager: Stopped heartbeat for query: alex_20240424045914_62d7c50e-6d21-4e31-aaa8-be8060c4d25e
2024-04-24T04:59:14,237  INFO [main] txn.TxnHandler: Expected to move at least one record from txn_components to completed_txn_components when committing txn! txnid:12
2024-04-24T04:59:14,242  INFO [main] txn.TxnHandler: Removed transactions: ([12]) from MIN_HISTORY_LEVEL
2024-04-24T04:59:14,242  WARN [main] txn.CompactionTxnHandler: No compaction queue record found for Compaction type transaction commit. txnId:12
2024-04-24T04:59:14,243  INFO [main] ql.TxnCommandsBaseForTests: Running the query: insert into acidTbl values(1,2),(2,4),(5,6),(6,8),(9,10)
2024-04-24T04:59:14,244  INFO [main] ql.Driver: Compiling command(queryId=alex_20240424045914_23137229-4d09-4866-b5df-e537d47d0493): insert into acidTbl values(1,2),(2,4),(5,6),(6,8),(9,10)
2024-04-24T04:59:14,246  INFO [main] txn.TxnHandler: Added entries to MIN_HISTORY_LEVEL for current txns: ([13]) with min_open_txn: 1
2024-04-24T04:59:14,246  INFO [main] lockmgr.DbTxnManager: Opened txnid:13
2024-04-24T04:59:14,247  INFO [main] parse.CalcitePlanner: Starting caching scope for: alex_20240424045914_23137229-4d09-4866-b5df-e537d47d0493
2024-04-24T04:59:14,247  INFO [main] parse.CalcitePlanner: Starting Semantic Analysis
2024-04-24T04:59:14,253  INFO [main] HiveMetaStore.audit: ugi=alex	ip=unknown-ip-addr	cmd=get_table : tbl=hive.default.acidTbl	
2024-04-24T04:59:14,271  INFO [main] metastore.HMSHandler: Skipping translation for processor with null
2024-04-24T04:59:14,271  INFO [main] parse.CalcitePlanner: Completed phase 1 of Semantic Analysis
2024-04-24T04:59:14,271  INFO [main] parse.CalcitePlanner: Get metadata for source tables
2024-04-24T04:59:14,271  INFO [main] parse.CalcitePlanner: Get metadata for subqueries
2024-04-24T04:59:14,271  INFO [main] parse.CalcitePlanner: Get metadata for destination tables
2024-04-24T04:59:14,271  INFO [main] HiveMetaStore.audit: ugi=alex	ip=unknown-ip-addr	cmd=get_table : tbl=hive.default.acidTbl	
2024-04-24T04:59:14,278  INFO [main] metastore.HMSHandler: Skipping translation for processor with null
2024-04-24T04:59:14,278  INFO [main] parse.CalcitePlanner: Completed getting MetaData in Semantic Analysis
2024-04-24T04:59:14,278  INFO [main] parse.CalcitePlanner: Disabling LLAP IO encode as ETL query is detected
2024-04-24T04:59:14,299  INFO [main] HiveMetaStore.audit: ugi=alex	ip=unknown-ip-addr	cmd=get_all_table_constraints : tbl=hive._dummy_database._dummy_table	
2024-04-24T04:59:14,367  INFO [main] parse.CalcitePlanner: Get metadata for source tables
2024-04-24T04:59:14,367  INFO [main] parse.CalcitePlanner: Get metadata for subqueries
2024-04-24T04:59:14,367  INFO [main] parse.CalcitePlanner: Get metadata for source tables
2024-04-24T04:59:14,368  INFO [main] HiveMetaStore.audit: ugi=alex	ip=unknown-ip-addr	cmd=get_table : tbl=hive._dummy_database._dummy_table	
2024-04-24T04:59:14,370  INFO [main] parse.CalcitePlanner: Get metadata for subqueries
2024-04-24T04:59:14,370  INFO [main] parse.CalcitePlanner: Get metadata for destination tables
2024-04-24T04:59:14,370  INFO [main] parse.CalcitePlanner: Get metadata for destination tables
2024-04-24T04:59:14,372  INFO [main] HiveMetaStore.audit: ugi=alex	ip=unknown-ip-addr	cmd=get_not_null_constraints : tbl=hive.default.acidtbl	
2024-04-24T04:59:14,373  INFO [main] HiveMetaStore.audit: ugi=alex	ip=unknown-ip-addr	cmd=get_check_constraints : tbl=hive.default.acidtbl	
2024-04-24T04:59:14,382  INFO [main] txn.TxnHandler: Allocated writeId: 1 for txnId: 13
2024-04-24T04:59:14,382  INFO [main] txn.TxnHandler: Allocated write ids for dbName=default, tblName=acidtbl (txnIds: [13])
2024-04-24T04:59:14,383  INFO [main] parse.CalcitePlanner: CBO Succeeded; optimized logical plan.
2024-04-24T04:59:14,386  INFO [main] optimizer.ColumnPrunerProcFactory: RS 4 oldColExprMap: {VALUE._col0=Column[_col1], KEY.reducesinkkey0=Column[_col0]}
2024-04-24T04:59:14,386  INFO [main] optimizer.ColumnPrunerProcFactory: RS 4 newColExprMap: {VALUE._col0=Column[_col1], KEY.reducesinkkey0=Column[_col0]}
2024-04-24T04:59:14,388  INFO [main] optimizer.BucketVersionPopulator: not considering bucketingVersion for: TS[0] because it has -1<2 buckets 
2024-04-24T04:59:14,388  INFO [main] optimizer.SortedDynPartitionOptimizer: Sorted dynamic partitioning optimization kicked in..
2024-04-24T04:59:14,397  INFO [main] HiveMetaStore.audit: ugi=alex	ip=unknown-ip-addr	cmd=get_table : tbl=hive.default.acidtbl	
2024-04-24T04:59:14,405  INFO [main] metastore.HMSHandler: Skipping translation for processor with null
2024-04-24T04:59:14,405  INFO [main] physical.Vectorizer: Examining input format to see if vectorization is enabled.
2024-04-24T04:59:14,405  INFO [main] physical.Vectorizer: Map vectorization enabled: false
2024-04-24T04:59:14,405  INFO [main] physical.Vectorizer: Map vectorized: false
2024-04-24T04:59:14,405  INFO [main] physical.Vectorizer: Map vectorizedVertexNum: 0
2024-04-24T04:59:14,405  INFO [main] physical.Vectorizer: Map enabledConditionsMet: [hive.vectorized.use.vectorized.input.format IS true]
2024-04-24T04:59:14,405  INFO [main] physical.Vectorizer: Map enabledConditionsNotMet: [Could not enable vectorization due to partition column names size 1 is greater than the number of table column names size 0 IS false]
2024-04-24T04:59:14,405  INFO [main] physical.Vectorizer: Map inputFileFormatClassNameSet: [org.apache.hadoop.hive.ql.io.NullRowsInputFormat]
2024-04-24T04:59:14,406  INFO [main] physical.Vectorizer: Reduce vectorization enabled: false
2024-04-24T04:59:14,406  INFO [main] physical.Vectorizer: Reduce vectorized: false
2024-04-24T04:59:14,406  INFO [main] physical.Vectorizer: Reduce vectorizedVertexNum: 1
2024-04-24T04:59:14,406  INFO [main] physical.Vectorizer: Reducer hive.vectorized.execution.reduce.enabled: true
2024-04-24T04:59:14,406  INFO [main] physical.Vectorizer: Reducer engine: mr
2024-04-24T04:59:14,406  INFO [main] parse.CalcitePlanner: Completed plan generation
2024-04-24T04:59:14,406  INFO [main] parse.CalcitePlanner: Ending caching scope for: alex_20240424045914_23137229-4d09-4866-b5df-e537d47d0493
2024-04-24T04:59:14,406  INFO [main] ql.Driver: Semantic Analysis Completed (retrial = false)
2024-04-24T04:59:14,406  INFO [main] ql.Driver: Created Hive schema: Schema(fieldSchemas:[FieldSchema(name:col1, type:int, comment:null), FieldSchema(name:col2, type:int, comment:null)], properties:null)
2024-04-24T04:59:14,406  INFO [main] metadata.Hive: Dumping metastore api call timing information for : compilation phase
2024-04-24T04:59:14,406  INFO [main] metadata.Hive: Total time spent in each metastore function (ms): {getValidWriteIds_(List, String)=5, getNotNullConstraints_(NotNullConstraintsRequest)=1, openTxn_(String, TxnType)=1, isCompatibleWith_(Configuration)=2, getValidTxns_(long)=0, commitTxn_(CommitTxnRequest)=8, flushCache_()=0, getCheckConstraints_(CheckConstraintsRequest)=1, getAllTableConstraints_(AllTableConstraintsRequest)=24, allocateTableWriteId_(long, String, String)=7, getTable_(GetTableRequest)=33}
2024-04-24T04:59:14,406  INFO [main] ql.Driver: Completed compiling command(queryId=alex_20240424045914_23137229-4d09-4866-b5df-e537d47d0493); Time taken: 0.162 seconds
2024-04-24T04:59:14,407  INFO [main] lockmgr.DbTxnManager: Setting lock request transaction to txnid:13 for queryId=alex_20240424045914_23137229-4d09-4866-b5df-e537d47d0493
2024-04-24T04:59:14,407  INFO [main] lockmgr.DbLockManager: Requesting lock for queryId=alex_20240424045914_23137229-4d09-4866-b5df-e537d47d0493
2024-04-24T04:59:14,434  INFO [main] lockmgr.DbLockManager: Response to queryId=alex_20240424045914_23137229-4d09-4866-b5df-e537d47d0493 LockResponse(lockid:7, state:ACQUIRED)
2024-04-24T04:59:14,434  INFO [main] ql.Driver: Operation QUERY obtained 1 locks
2024-04-24T04:59:14,437  INFO [main] ql.Driver: Executing command(queryId=alex_20240424045914_23137229-4d09-4866-b5df-e537d47d0493): insert into acidTbl values(1,2),(2,4),(5,6),(6,8),(9,10)
2024-04-24T04:59:14,437  WARN [main] ql.Driver: Hive-on-MR is deprecated in Hive 2 and may not be available in the future versions. Consider using a different execution engine (i.e. spark, tez) or using Hive 1.X releases.
Query ID = alex_20240424045914_23137229-4d09-4866-b5df-e537d47d0493
2024-04-24T04:59:14,437  INFO [main] ql.Driver: Query ID = alex_20240424045914_23137229-4d09-4866-b5df-e537d47d0493
Total jobs = 1
2024-04-24T04:59:14,437  INFO [main] ql.Driver: Total jobs = 1
Launching Job 1 out of 1
2024-04-24T04:59:14,437  INFO [main] ql.Driver: Launching Job 1 out of 1
2024-04-24T04:59:14,581  INFO [main] ql.Driver: Starting task [Stage-1:MAPRED] in serial mode
Number of reduce tasks determined at compile time: 2
2024-04-24T04:59:14,581  INFO [main] exec.Task: Number of reduce tasks determined at compile time: 2
In order to change the average load for a reducer (in bytes):
2024-04-24T04:59:14,581  INFO [main] exec.Task: In order to change the average load for a reducer (in bytes):
  set hive.exec.reducers.bytes.per.reducer=<number>
2024-04-24T04:59:14,581  INFO [main] exec.Task:   set hive.exec.reducers.bytes.per.reducer=<number>
In order to limit the maximum number of reducers:
2024-04-24T04:59:14,581  INFO [main] exec.Task: In order to limit the maximum number of reducers:
  set hive.exec.reducers.max=<number>
2024-04-24T04:59:14,581  INFO [main] exec.Task:   set hive.exec.reducers.max=<number>
In order to set a constant number of reducers:
2024-04-24T04:59:14,581  INFO [main] exec.Task: In order to set a constant number of reducers:
  set mapreduce.job.reduces=<number>
2024-04-24T04:59:14,581  INFO [main] exec.Task:   set mapreduce.job.reduces=<number>
2024-04-24T04:59:14,584  INFO [main] mr.ExecDriver: Using org.apache.hadoop.hive.ql.io.HiveInputFormat
2024-04-24T04:59:14,584  INFO [main] exec.Utilities: Processing alias $hdt$_0:_dummy_table
2024-04-24T04:59:14,584  INFO [main] exec.Utilities: Adding 1 inputs; the first input is file:/home/alex/Repositories/hive/ql/target/tmp/localscratchdir/cd0e0edb-3ea1-4a99-b6d6-ac39120d4b88/hive_2024-04-24_04-59-14_244_2703513191924166371-1/dummy_path
2024-04-24T04:59:14,594  INFO [main] exec.SerializationUtilities: Serializing MapWork using kryo
2024-04-24T04:59:14,595  INFO [main] exec.Utilities: Serialized plan (via FILE) - name: null size: 5,35KB
2024-04-24T04:59:14,600  INFO [main] exec.SerializationUtilities: Serializing ReduceWork using kryo
2024-04-24T04:59:14,601  INFO [main] exec.Utilities: Serialized plan (via FILE) - name: null size: 5,99KB
2024-04-24T04:59:14,601  WARN [main] impl.MetricsSystemImpl: JobTracker metrics system already initialized!
2024-04-24T04:59:14,605  INFO [main] fs.FSStatsPublisher: created : file:/home/alex/Repositories/hive/ql/target/tmp/localscratchdir/cd0e0edb-3ea1-4a99-b6d6-ac39120d4b88/hive_2024-04-24_04-59-14_244_2703513191924166371-1/-mr-10000
2024-04-24T04:59:14,608  WARN [main] impl.MetricsSystemImpl: JobTracker metrics system already initialized!
2024-04-24T04:59:14,616  WARN [main] mapreduce.JobResourceUploader: Hadoop command-line option parsing not performed. Implement the Tool interface and execute your application with ToolRunner to remedy this.
2024-04-24T04:59:14,621  WARN [main] mapreduce.JobResourceUploader: No job jar file set.  User classes may not be found. See Job or Job#setJar(String).
2024-04-24T04:59:14,622  INFO [main] io.HiveInputFormat: hive.io.file.readcolumn.ids = 
2024-04-24T04:59:14,622  INFO [main] io.HiveInputFormat: hive.io.file.readcolumn.names = 
2024-04-24T04:59:14,622  INFO [main] io.HiveInputFormat: Generating splits for dirs: file:/home/alex/Repositories/hive/ql/target/tmp/localscratchdir/cd0e0edb-3ea1-4a99-b6d6-ac39120d4b88/hive_2024-04-24_04-59-14_244_2703513191924166371-1/dummy_path
2024-04-24T04:59:14,622  INFO [main] io.HiveInputFormat: number of splits 1
2024-04-24T04:59:14,642  INFO [main] mapreduce.JobSubmitter: number of splits:1
2024-04-24T04:59:14,660  INFO [main] mapreduce.JobSubmitter: Submitting tokens for job: job_local971975286_0044
2024-04-24T04:59:14,660  INFO [main] mapreduce.JobSubmitter: Executing with tokens: []
2024-04-24T04:59:14,729  INFO [main] mapreduce.Job: The url to track the job: http://localhost:8080/
Job running in-process (local Hadoop)
2024-04-24T04:59:14,729  INFO [main] exec.Task: Job running in-process (local Hadoop)
2024-04-24T04:59:14,729  INFO [Thread-2887] mapred.LocalJobRunner: OutputCommitter set in config org.apache.hadoop.hive.ql.io.HiveFileFormatUtils$NullOutputCommitter
2024-04-24T04:59:14,730  INFO [Thread-2887] mapred.LocalJobRunner: OutputCommitter is org.apache.hadoop.hive.ql.io.HiveFileFormatUtils$NullOutputCommitter
2024-04-24T04:59:14,732  INFO [Thread-2887] mapred.LocalJobRunner: Waiting for map tasks
2024-04-24T04:59:14,732  INFO [LocalJobRunner Map Task Executor #0] mapred.LocalJobRunner: Starting task: attempt_local971975286_0044_m_000000_0
2024-04-24T04:59:14,735  INFO [LocalJobRunner Map Task Executor #0] mapred.Task:  Using ResourceCalculatorProcessTree : [ ]
2024-04-24T04:59:14,735  INFO [LocalJobRunner Map Task Executor #0] mapred.MapTask: Processing split: org.apache.hadoop.hive.ql.io.NullRowsInputFormat:file:/home/alex/Repositories/hive/ql/target/tmp/localscratchdir/cd0e0edb-3ea1-4a99-b6d6-ac39120d4b88/hive_2024-04-24_04-59-14_244_2703513191924166371-1/dummy_path/null:0+1
2024-04-24T04:59:14,737  INFO [LocalJobRunner Map Task Executor #0] exec.SerializationUtilities: Deserializing MapWork using kryo
2024-04-24T04:59:14,738  INFO [LocalJobRunner Map Task Executor #0] exec.Utilities: Deserialized plan (via FILE) - name: null size: 5,35KB
2024-04-24T04:59:14,738  INFO [LocalJobRunner Map Task Executor #0] mapred.MapTask: numReduceTasks: 2
2024-04-24T04:59:14,742  INFO [LocalJobRunner Map Task Executor #0] mapred.MapTask: (EQUATOR) 0 kvi 26214396(104857584)
2024-04-24T04:59:14,742  INFO [LocalJobRunner Map Task Executor #0] mapred.MapTask: mapreduce.task.io.sort.mb: 100
2024-04-24T04:59:14,742  INFO [LocalJobRunner Map Task Executor #0] mapred.MapTask: soft limit at 83886080
2024-04-24T04:59:14,742  INFO [LocalJobRunner Map Task Executor #0] mapred.MapTask: bufstart = 0; bufvoid = 104857600
2024-04-24T04:59:14,742  INFO [LocalJobRunner Map Task Executor #0] mapred.MapTask: kvstart = 26214396; length = 6553600
2024-04-24T04:59:14,742  INFO [LocalJobRunner Map Task Executor #0] mapred.MapTask: Map output collector class = org.apache.hadoop.mapred.MapTask$MapOutputBuffer
2024-04-24T04:59:14,743  INFO [LocalJobRunner Map Task Executor #0] exec.MapOperator: Initializing Operator: MAP[0]
2024-04-24T04:59:14,743  INFO [LocalJobRunner Map Task Executor #0] mr.ExecMapper: 
<MAP>Id =0
  <Children>null
  <\Children>
  <Parent><\Parent>
<\MAP>
2024-04-24T04:59:14,744  INFO [LocalJobRunner Map Task Executor #0] exec.TableScanOperator: Initializing Operator: TS[0]
2024-04-24T04:59:14,744  INFO [LocalJobRunner Map Task Executor #0] exec.SelectOperator: Initializing Operator: SEL[1]
2024-04-24T04:59:14,744  INFO [LocalJobRunner Map Task Executor #0] exec.SelectOperator: SELECT null
2024-04-24T04:59:14,744  INFO [LocalJobRunner Map Task Executor #0] exec.UDTFOperator: Initializing Operator: UDTF[2]
2024-04-24T04:59:14,744  INFO [LocalJobRunner Map Task Executor #0] exec.SelectOperator: Initializing Operator: SEL[3]
2024-04-24T04:59:14,744  INFO [LocalJobRunner Map Task Executor #0] exec.SelectOperator: SELECT struct<col1:int,col2:int>
2024-04-24T04:59:14,744  INFO [LocalJobRunner Map Task Executor #0] exec.ReduceSinkOperator: Initializing Operator: RS[4]
2024-04-24T04:59:14,744  INFO [LocalJobRunner Map Task Executor #0] exec.ReduceSinkOperator: Using tag = -1
2024-04-24T04:59:14,745  INFO [LocalJobRunner Map Task Executor #0] exec.ReduceSinkOperator: keys are [reducesinkkey0] num distributions: 1
2024-04-24T04:59:14,745  INFO [LocalJobRunner Map Task Executor #0] exec.ReduceSinkOperator: RS[4]: records written - 1
2024-04-24T04:59:14,745  INFO [LocalJobRunner Map Task Executor #0] exec.MapOperator: MAP[0]: records read - 1
2024-04-24T04:59:14,745  INFO [LocalJobRunner Map Task Executor #0] exec.MapOperator: Closing Operator: MAP[0]
2024-04-24T04:59:14,745  INFO [LocalJobRunner Map Task Executor #0] exec.MapOperator: MAP[0]: Total records read - 3. abort - false
2024-04-24T04:59:14,745  INFO [LocalJobRunner Map Task Executor #0] exec.MapOperator: RECORDS_IN:3, RECORDS_OUT_INTERMEDIATE:0, DESERIALIZE_ERRORS:0, RECORDS_OUT_OPERATOR_MAP_0:0, 
2024-04-24T04:59:14,745  INFO [LocalJobRunner Map Task Executor #0] exec.TableScanOperator: Closing Operator: TS[0]
2024-04-24T04:59:14,746  INFO [LocalJobRunner Map Task Executor #0] exec.TableScanOperator: RECORDS_OUT_OPERATOR_TS_0:1, RECORDS_OUT_INTERMEDIATE:0, 
2024-04-24T04:59:14,746  INFO [LocalJobRunner Map Task Executor #0] exec.SelectOperator: Closing Operator: SEL[1]
2024-04-24T04:59:14,746  INFO [LocalJobRunner Map Task Executor #0] exec.SelectOperator: RECORDS_OUT_OPERATOR_SEL_1:1, RECORDS_OUT_INTERMEDIATE:0, 
2024-04-24T04:59:14,746  INFO [LocalJobRunner Map Task Executor #0] exec.UDTFOperator: Closing Operator: UDTF[2]
2024-04-24T04:59:14,746  INFO [LocalJobRunner Map Task Executor #0] exec.UDTFOperator: RECORDS_OUT_INTERMEDIATE:0, RECORDS_OUT_OPERATOR_UDTF_2:5, 
2024-04-24T04:59:14,746  INFO [LocalJobRunner Map Task Executor #0] exec.SelectOperator: Closing Operator: SEL[3]
2024-04-24T04:59:14,746  INFO [LocalJobRunner Map Task Executor #0] exec.SelectOperator: RECORDS_OUT_OPERATOR_SEL_3:5, RECORDS_OUT_INTERMEDIATE:0, 
2024-04-24T04:59:14,746  INFO [LocalJobRunner Map Task Executor #0] exec.ReduceSinkOperator: Closing Operator: RS[4]
2024-04-24T04:59:14,746  INFO [LocalJobRunner Map Task Executor #0] exec.ReduceSinkOperator: RS[4]: Total records written - 5. abort - false
2024-04-24T04:59:14,746  INFO [LocalJobRunner Map Task Executor #0] exec.ReduceSinkOperator: RECORDS_OUT_OPERATOR_RS_4:5, RECORDS_OUT_INTERMEDIATE:5, 
2024-04-24T04:59:14,748  INFO [LocalJobRunner Map Task Executor #0] mapred.LocalJobRunner: 
2024-04-24T04:59:14,748  INFO [LocalJobRunner Map Task Executor #0] mapred.MapTask: Starting flush of map output
2024-04-24T04:59:14,748  INFO [LocalJobRunner Map Task Executor #0] mapred.MapTask: Spilling map output
2024-04-24T04:59:14,748  INFO [LocalJobRunner Map Task Executor #0] mapred.MapTask: bufstart = 0; bufend = 80; bufvoid = 104857600
2024-04-24T04:59:14,748  INFO [LocalJobRunner Map Task Executor #0] mapred.MapTask: kvstart = 26214396(104857584); kvend = 26214380(104857520); length = 17/6553600
2024-04-24T04:59:14,759  INFO [LocalJobRunner Map Task Executor #0] mapred.MapTask: Finished spill 0
2024-04-24T04:59:14,763  INFO [LocalJobRunner Map Task Executor #0] mapred.Task: Task:attempt_local971975286_0044_m_000000_0 is done. And is in the process of committing
2024-04-24T04:59:14,764  INFO [LocalJobRunner Map Task Executor #0] mapred.LocalJobRunner: map
2024-04-24T04:59:14,764  INFO [LocalJobRunner Map Task Executor #0] mapred.Task: Task 'attempt_local971975286_0044_m_000000_0' done.
2024-04-24T04:59:14,764  INFO [LocalJobRunner Map Task Executor #0] mapred.Task: Final Counters for attempt_local971975286_0044_m_000000_0: Counters: 26
	File System Counters
		FILE: Number of bytes read=1024493
		FILE: Number of bytes written=52925825
		FILE: Number of read operations=0
		FILE: Number of large read operations=0
		FILE: Number of write operations=0
	Map-Reduce Framework
		Map input records=4
		Map output records=5
		Map output bytes=80
		Map output materialized bytes=102
		Input split bytes=361
		Combine input records=0
		Spilled Records=5
		Failed Shuffles=0
		Merged Map outputs=0
		GC time elapsed (ms)=0
		Total committed heap usage (bytes)=1212678144
	HIVE
		DESERIALIZE_ERRORS=0
		RECORDS_IN=3
		RECORDS_OUT_INTERMEDIATE=5
		RECORDS_OUT_OPERATOR_MAP_0=0
		RECORDS_OUT_OPERATOR_RS_4=5
		RECORDS_OUT_OPERATOR_SEL_1=1
		RECORDS_OUT_OPERATOR_SEL_3=5
		RECORDS_OUT_OPERATOR_TS_0=1
		RECORDS_OUT_OPERATOR_UDTF_2=5
	File Input Format Counters 
		Bytes Read=5403
2024-04-24T04:59:14,764  INFO [LocalJobRunner Map Task Executor #0] mapred.LocalJobRunner: Finishing task: attempt_local971975286_0044_m_000000_0
2024-04-24T04:59:14,764  INFO [Thread-2887] mapred.LocalJobRunner: map task executor complete.
2024-04-24T04:59:14,765  INFO [Thread-2887] mapred.LocalJobRunner: Waiting for reduce tasks
2024-04-24T04:59:14,765  INFO [pool-197-thread-1] mapred.LocalJobRunner: Starting task: attempt_local971975286_0044_r_000000_0
2024-04-24T04:59:14,768  INFO [pool-197-thread-1] mapred.Task:  Using ResourceCalculatorProcessTree : [ ]
2024-04-24T04:59:14,768  INFO [pool-197-thread-1] mapred.ReduceTask: Using ShuffleConsumerPlugin: org.apache.hadoop.mapreduce.task.reduce.Shuffle@74e38256
2024-04-24T04:59:14,768  WARN [pool-197-thread-1] impl.MetricsSystemImpl: JobTracker metrics system already initialized!
2024-04-24T04:59:14,769  INFO [pool-197-thread-1] reduce.MergeManagerImpl: MergerManager: memoryLimit=1336252800, maxSingleShuffleLimit=334063200, mergeThreshold=881926912, ioSortFactor=10, memToMemMergeOutputsThreshold=10
2024-04-24T04:59:14,769  INFO [EventFetcher for fetching Map Completion Events] reduce.EventFetcher: attempt_local971975286_0044_r_000000_0 Thread started: EventFetcher for fetching Map Completion Events
2024-04-24T04:59:14,772  INFO [localfetcher#27] reduce.LocalFetcher: localfetcher#27 about to shuffle output of map attempt_local971975286_0044_m_000000_0 decomp: 38 len: 42 to MEMORY
2024-04-24T04:59:14,772  INFO [localfetcher#27] reduce.InMemoryMapOutput: Read 38 bytes from map-output for attempt_local971975286_0044_m_000000_0
2024-04-24T04:59:14,772  INFO [localfetcher#27] reduce.MergeManagerImpl: closeInMemoryFile -> map-output of size: 38, inMemoryMapOutputs.size() -> 1, commitMemory -> 0, usedMemory ->38
2024-04-24T04:59:14,772  INFO [EventFetcher for fetching Map Completion Events] reduce.EventFetcher: EventFetcher is interrupted.. Returning
2024-04-24T04:59:14,772  INFO [pool-197-thread-1] mapred.LocalJobRunner: 1 / 1 copied.
2024-04-24T04:59:14,772  INFO [pool-197-thread-1] reduce.MergeManagerImpl: finalMerge called with 1 in-memory map-outputs and 0 on-disk map-outputs
2024-04-24T04:59:14,778  INFO [pool-197-thread-1] mapred.Merger: Merging 1 sorted segments
2024-04-24T04:59:14,778  INFO [pool-197-thread-1] mapred.Merger: Down to the last merge-pass, with 1 segments left of total size: 26 bytes
2024-04-24T04:59:14,781  INFO [pool-197-thread-1] reduce.MergeManagerImpl: Merged 1 segments, 38 bytes to disk to satisfy reduce memory limit
2024-04-24T04:59:14,781  INFO [pool-197-thread-1] reduce.MergeManagerImpl: Merging 1 files, 42 bytes from disk
2024-04-24T04:59:14,781  INFO [pool-197-thread-1] reduce.MergeManagerImpl: Merging 0 segments, 0 bytes from memory into reduce
2024-04-24T04:59:14,781  INFO [pool-197-thread-1] mapred.Merger: Merging 1 sorted segments
2024-04-24T04:59:14,781  INFO [pool-197-thread-1] mapred.Merger: Down to the last merge-pass, with 1 segments left of total size: 26 bytes
2024-04-24T04:59:14,781  INFO [pool-197-thread-1] mapred.LocalJobRunner: 1 / 1 copied.
2024-04-24T04:59:14,782  INFO [pool-197-thread-1] exec.SerializationUtilities: Deserializing ReduceWork using kryo
2024-04-24T04:59:14,782  INFO [pool-197-thread-1] exec.Utilities: Deserialized plan (via FILE) - name: null size: 5,99KB
2024-04-24T04:59:14,783  INFO [pool-197-thread-1] ExecReducer: 
<SEL>Id =5
  <Children>
    <FS>Id =6
      <Children>
      <\Children>
      <Parent>Id = 5 null<\Parent>
    <\FS>
  <\Children>
  <Parent><\Parent>
<\SEL>
2024-04-24T04:59:14,783  INFO [pool-197-thread-1] exec.SelectOperator: Initializing Operator: SEL[5]
2024-04-24T04:59:14,783  INFO [pool-197-thread-1] exec.SelectOperator: SELECT struct<key:struct<reducesinkkey0:int>,value:struct<_col0:int>>
2024-04-24T04:59:14,783  INFO [pool-197-thread-1] exec.FileSinkOperator: Initializing Operator: FS[6]
2024-04-24T04:59:14,783  INFO [pool-197-thread-1] exec.FileSinkOperator: Using serializer : AbstractSerDe [log=org.apache.logging.slf4j.Log4jLogger@7620dc3c, configuration=Optional[Configuration: core-default.xml, core-site.xml, mapred-default.xml, mapred-site.xml, yarn-default.xml, yarn-site.xml, hdfs-default.xml, hdfs-site.xml, file:/home/alex/Repositories/hive/ql/target/tmp/TestTxnNoBucketsVectorized/mapred/local/localRunner/alex/job_local971975286_0044/job_local971975286_0044.xml], properties={transactional_properties=default, name=default.acidtbl, transactional=true, columns.types=int:int, bucket_field_name=a, columns=a,b, numFilesErasureCoded=0, columns.comments=&amp#0;, bucketing_version=2, bucket_count=2, serialization.lib=org.apache.hadoop.hive.ql.io.orc.OrcSerde, file.inputformat=org.apache.hadoop.hive.ql.io.orc.OrcInputFormat, file.outputformat=org.apache.hadoop.hive.ql.io.orc.OrcOutputFormat, location=file:/home/alex/Repositories/hive/ql/target/tmp/org.apache.hadoop.hive.ql.TestTxnNoBuckets-1713959849960/warehouse/acidtbl, column.name.delimiter=,}, tableProperties={transactional_properties=default, name=default.acidtbl, transactional=true, columns.types=int:int, bucket_field_name=a, columns=a,b, numFilesErasureCoded=0, columns.comments=&amp#0;, bucketing_version=2, bucket_count=2, serialization.lib=org.apache.hadoop.hive.ql.io.orc.OrcSerde, file.inputformat=org.apache.hadoop.hive.ql.io.orc.OrcInputFormat, location=file:/home/alex/Repositories/hive/ql/target/tmp/org.apache.hadoop.hive.ql.TestTxnNoBuckets-1713959849960/warehouse/acidtbl, file.outputformat=org.apache.hadoop.hive.ql.io.orc.OrcOutputFormat, column.name.delimiter=,}, partitionProperties=Optional.empty, columnNames=[a, b], columnTypes=[int, int], getClass()=class org.apache.hadoop.hive.ql.io.orc.OrcSerde] and formatter : org.apache.hadoop.hive.ql.io.orc.OrcOutputFormat@1f23da0d
2024-04-24T04:59:14,783  INFO [pool-197-thread-1] exec.FileSinkOperator: Final Path: FS file:/home/alex/Repositories/hive/ql/target/tmp/org.apache.hadoop.hive.ql.TestTxnNoBuckets-1713959849960/warehouse/acidtbl
2024-04-24T04:59:14,783  INFO [pool-197-thread-1] exec.FileSinkOperator: New Final Path: FS file:/home/alex/Repositories/hive/ql/target/tmp/org.apache.hadoop.hive.ql.TestTxnNoBuckets-1713959849960/warehouse/acidtbl
2024-04-24T04:59:14,783  INFO [pool-197-thread-1] common.FileUtils: Creating directory if it doesn't exist: file:/home/alex/Repositories/hive/ql/target/tmp/org.apache.hadoop.hive.ql.TestTxnNoBuckets-1713959849960/warehouse
2024-04-24T04:59:14,784  INFO [pool-197-thread-1] exec.FileSinkOperator: FS[6]: records written - 1
2024-04-24T04:59:14,784  INFO [pool-197-thread-1] impl.PhysicalFsWriter: ORC writer created for path: file:/home/alex/Repositories/hive/ql/target/tmp/org.apache.hadoop.hive.ql.TestTxnNoBuckets-1713959849960/warehouse/acidtbl/delta_0000001_0000001_0000/bucket_00000_0 with stripeSize: 8388608 blockSize: 268435456 compression: Compress: ZLIB buffer: 32768
2024-04-24T04:59:14,790  INFO [pool-197-thread-1] impl.WriterImpl: ORC writer created for path: file:/home/alex/Repositories/hive/ql/target/tmp/org.apache.hadoop.hive.ql.TestTxnNoBuckets-1713959849960/warehouse/acidtbl/delta_0000001_0000001_0000/bucket_00000_0 with stripeSize: 8388608 options: Compress: ZLIB buffer: 32768
2024-04-24T04:59:14,795  INFO [pool-197-thread-1] exec.SelectOperator: Closing Operator: SEL[5]
2024-04-24T04:59:14,795  INFO [pool-197-thread-1] exec.SelectOperator: RECORDS_OUT_INTERMEDIATE:0, RECORDS_OUT_OPERATOR_SEL_5:2, 
2024-04-24T04:59:14,795  INFO [pool-197-thread-1] exec.FileSinkOperator: Closing Operator: FS[6]
2024-04-24T04:59:14,795  INFO [pool-197-thread-1] exec.FileSinkOperator: FS[6]: records written - 2
2024-04-24T04:59:14,796  INFO [pool-197-thread-1] FileOperations: Writing manifest to file:/home/alex/Repositories/hive/ql/target/tmp/org.apache.hadoop.hive.ql.TestTxnNoBuckets-1713959849960/warehouse/acidtbl/_tmp.delta_0000001_0000001_0000/000000_0.manifest with [file:/home/alex/Repositories/hive/ql/target/tmp/org.apache.hadoop.hive.ql.TestTxnNoBuckets-1713959849960/warehouse/acidtbl/delta_0000001_0000001_0000/bucket_00000_0]
2024-04-24T04:59:14,808  INFO [pool-197-thread-1] exec.FileSinkOperator: RECORDS_OUT_OPERATOR_FS_6:2, RECORDS_OUT_INTERMEDIATE:0, TOTAL_TABLE_ROWS_WRITTEN:2, RECORDS_OUT_1_default.acidtbl:2, 
2024-04-24T04:59:14,808  INFO [pool-197-thread-1] mapred.Task: Task:attempt_local971975286_0044_r_000000_0 is done. And is in the process of committing
2024-04-24T04:59:14,808  INFO [pool-197-thread-1] mapred.LocalJobRunner: reduce > reduce
2024-04-24T04:59:14,808  INFO [pool-197-thread-1] mapred.Task: Task 'attempt_local971975286_0044_r_000000_0' done.
2024-04-24T04:59:14,808  INFO [pool-197-thread-1] mapred.Task: Final Counters for attempt_local971975286_0044_r_000000_0: Counters: 30
	File System Counters
		FILE: Number of bytes read=1030740
		FILE: Number of bytes written=52926900
		FILE: Number of read operations=0
		FILE: Number of large read operations=0
		FILE: Number of write operations=0
	Map-Reduce Framework
		Combine input records=0
		Combine output records=0
		Reduce input groups=2
		Reduce shuffle bytes=42
		Reduce input records=2
		Reduce output records=0
		Spilled Records=2
		Shuffled Maps =1
		Failed Shuffles=0
		Merged Map outputs=1
		GC time elapsed (ms)=0
		Total committed heap usage (bytes)=1212678144
	HIVE
		CREATED_FILES=1
		RECORDS_OUT_1_default.acidtbl=2
		RECORDS_OUT_INTERMEDIATE=0
		RECORDS_OUT_OPERATOR_FS_6=2
		RECORDS_OUT_OPERATOR_SEL_5=2
		TOTAL_TABLE_ROWS_WRITTEN=2
	Shuffle Errors
		BAD_ID=0
		CONNECTION=0
		IO_ERROR=0
		WRONG_LENGTH=0
		WRONG_MAP=0
		WRONG_REDUCE=0
	File Output Format Counters 
		Bytes Written=0
2024-04-24T04:59:14,809  INFO [pool-197-thread-1] mapred.LocalJobRunner: Finishing task: attempt_local971975286_0044_r_000000_0
2024-04-24T04:59:14,809  INFO [pool-197-thread-1] mapred.LocalJobRunner: Starting task: attempt_local971975286_0044_r_000001_0
2024-04-24T04:59:14,809  INFO [pool-197-thread-1] mapred.Task:  Using ResourceCalculatorProcessTree : [ ]
2024-04-24T04:59:14,809  INFO [pool-197-thread-1] mapred.ReduceTask: Using ShuffleConsumerPlugin: org.apache.hadoop.mapreduce.task.reduce.Shuffle@48494260
2024-04-24T04:59:14,809  WARN [pool-197-thread-1] impl.MetricsSystemImpl: JobTracker metrics system already initialized!
2024-04-24T04:59:14,810  INFO [pool-197-thread-1] reduce.MergeManagerImpl: MergerManager: memoryLimit=1336252800, maxSingleShuffleLimit=334063200, mergeThreshold=881926912, ioSortFactor=10, memToMemMergeOutputsThreshold=10
2024-04-24T04:59:14,810  INFO [EventFetcher for fetching Map Completion Events] reduce.EventFetcher: attempt_local971975286_0044_r_000001_0 Thread started: EventFetcher for fetching Map Completion Events
2024-04-24T04:59:14,813  INFO [localfetcher#28] reduce.LocalFetcher: localfetcher#28 about to shuffle output of map attempt_local971975286_0044_m_000000_0 decomp: 56 len: 60 to MEMORY
2024-04-24T04:59:14,813  INFO [localfetcher#28] reduce.InMemoryMapOutput: Read 56 bytes from map-output for attempt_local971975286_0044_m_000000_0
2024-04-24T04:59:14,813  INFO [localfetcher#28] reduce.MergeManagerImpl: closeInMemoryFile -> map-output of size: 56, inMemoryMapOutputs.size() -> 1, commitMemory -> 0, usedMemory ->56
2024-04-24T04:59:14,814  INFO [EventFetcher for fetching Map Completion Events] reduce.EventFetcher: EventFetcher is interrupted.. Returning
2024-04-24T04:59:14,814  INFO [pool-197-thread-1] mapred.LocalJobRunner: 1 / 1 copied.
2024-04-24T04:59:14,814  INFO [pool-197-thread-1] reduce.MergeManagerImpl: finalMerge called with 1 in-memory map-outputs and 0 on-disk map-outputs
2024-04-24T04:59:14,820  INFO [pool-197-thread-1] mapred.Merger: Merging 1 sorted segments
2024-04-24T04:59:14,820  INFO [pool-197-thread-1] mapred.Merger: Down to the last merge-pass, with 1 segments left of total size: 44 bytes
2024-04-24T04:59:14,822  INFO [pool-197-thread-1] reduce.MergeManagerImpl: Merged 1 segments, 56 bytes to disk to satisfy reduce memory limit
2024-04-24T04:59:14,822  INFO [pool-197-thread-1] reduce.MergeManagerImpl: Merging 1 files, 60 bytes from disk
2024-04-24T04:59:14,822  INFO [pool-197-thread-1] reduce.MergeManagerImpl: Merging 0 segments, 0 bytes from memory into reduce
2024-04-24T04:59:14,822  INFO [pool-197-thread-1] mapred.Merger: Merging 1 sorted segments
2024-04-24T04:59:14,822  INFO [pool-197-thread-1] mapred.Merger: Down to the last merge-pass, with 1 segments left of total size: 44 bytes
2024-04-24T04:59:14,822  INFO [pool-197-thread-1] mapred.LocalJobRunner: 1 / 1 copied.
2024-04-24T04:59:14,823  INFO [pool-197-thread-1] exec.SerializationUtilities: Deserializing ReduceWork using kryo
2024-04-24T04:59:14,824  INFO [pool-197-thread-1] exec.Utilities: Deserialized plan (via FILE) - name: null size: 5,99KB
2024-04-24T04:59:14,824  INFO [pool-197-thread-1] ExecReducer: 
<SEL>Id =5
  <Children>
    <FS>Id =6
      <Children>
      <\Children>
      <Parent>Id = 5 null<\Parent>
    <\FS>
  <\Children>
  <Parent><\Parent>
<\SEL>
2024-04-24T04:59:14,824  INFO [pool-197-thread-1] exec.SelectOperator: Initializing Operator: SEL[5]
2024-04-24T04:59:14,824  INFO [pool-197-thread-1] exec.SelectOperator: SELECT struct<key:struct<reducesinkkey0:int>,value:struct<_col0:int>>
2024-04-24T04:59:14,824  INFO [pool-197-thread-1] exec.FileSinkOperator: Initializing Operator: FS[6]
2024-04-24T04:59:14,825  INFO [pool-197-thread-1] exec.FileSinkOperator: Using serializer : AbstractSerDe [log=org.apache.logging.slf4j.Log4jLogger@7620dc3c, configuration=Optional[Configuration: core-default.xml, core-site.xml, mapred-default.xml, mapred-site.xml, yarn-default.xml, yarn-site.xml, hdfs-default.xml, hdfs-site.xml, file:/home/alex/Repositories/hive/ql/target/tmp/TestTxnNoBucketsVectorized/mapred/local/localRunner/alex/job_local971975286_0044/job_local971975286_0044.xml], properties={transactional_properties=default, name=default.acidtbl, transactional=true, columns.types=int:int, bucket_field_name=a, columns=a,b, numFilesErasureCoded=0, columns.comments=&amp#0;, bucketing_version=2, bucket_count=2, serialization.lib=org.apache.hadoop.hive.ql.io.orc.OrcSerde, file.inputformat=org.apache.hadoop.hive.ql.io.orc.OrcInputFormat, file.outputformat=org.apache.hadoop.hive.ql.io.orc.OrcOutputFormat, location=file:/home/alex/Repositories/hive/ql/target/tmp/org.apache.hadoop.hive.ql.TestTxnNoBuckets-1713959849960/warehouse/acidtbl, column.name.delimiter=,}, tableProperties={transactional_properties=default, name=default.acidtbl, transactional=true, columns.types=int:int, bucket_field_name=a, columns=a,b, numFilesErasureCoded=0, columns.comments=&amp#0;, bucketing_version=2, bucket_count=2, serialization.lib=org.apache.hadoop.hive.ql.io.orc.OrcSerde, file.inputformat=org.apache.hadoop.hive.ql.io.orc.OrcInputFormat, location=file:/home/alex/Repositories/hive/ql/target/tmp/org.apache.hadoop.hive.ql.TestTxnNoBuckets-1713959849960/warehouse/acidtbl, file.outputformat=org.apache.hadoop.hive.ql.io.orc.OrcOutputFormat, column.name.delimiter=,}, partitionProperties=Optional.empty, columnNames=[a, b], columnTypes=[int, int], getClass()=class org.apache.hadoop.hive.ql.io.orc.OrcSerde] and formatter : org.apache.hadoop.hive.ql.io.orc.OrcOutputFormat@42a0dba7
2024-04-24T04:59:14,825  INFO [pool-197-thread-1] exec.FileSinkOperator: Final Path: FS file:/home/alex/Repositories/hive/ql/target/tmp/org.apache.hadoop.hive.ql.TestTxnNoBuckets-1713959849960/warehouse/acidtbl
2024-04-24T04:59:14,825  INFO [pool-197-thread-1] exec.FileSinkOperator: New Final Path: FS file:/home/alex/Repositories/hive/ql/target/tmp/org.apache.hadoop.hive.ql.TestTxnNoBuckets-1713959849960/warehouse/acidtbl
2024-04-24T04:59:14,825  INFO [pool-197-thread-1] common.FileUtils: Creating directory if it doesn't exist: file:/home/alex/Repositories/hive/ql/target/tmp/org.apache.hadoop.hive.ql.TestTxnNoBuckets-1713959849960/warehouse
2024-04-24T04:59:14,825  INFO [pool-197-thread-1] exec.FileSinkOperator: FS[6]: records written - 1
2024-04-24T04:59:14,826  INFO [pool-197-thread-1] impl.PhysicalFsWriter: ORC writer created for path: file:/home/alex/Repositories/hive/ql/target/tmp/org.apache.hadoop.hive.ql.TestTxnNoBuckets-1713959849960/warehouse/acidtbl/delta_0000001_0000001_0000/bucket_00001_0 with stripeSize: 8388608 blockSize: 268435456 compression: Compress: ZLIB buffer: 32768
2024-04-24T04:59:14,830  INFO [pool-197-thread-1] impl.WriterImpl: ORC writer created for path: file:/home/alex/Repositories/hive/ql/target/tmp/org.apache.hadoop.hive.ql.TestTxnNoBuckets-1713959849960/warehouse/acidtbl/delta_0000001_0000001_0000/bucket_00001_0 with stripeSize: 8388608 options: Compress: ZLIB buffer: 32768
2024-04-24T04:59:14,830  INFO [pool-197-thread-1] exec.SelectOperator: Closing Operator: SEL[5]
2024-04-24T04:59:14,830  INFO [pool-197-thread-1] exec.SelectOperator: RECORDS_OUT_OPERATOR_SEL_5:3, RECORDS_OUT_INTERMEDIATE:0, 
2024-04-24T04:59:14,830  INFO [pool-197-thread-1] exec.FileSinkOperator: Closing Operator: FS[6]
2024-04-24T04:59:14,831  INFO [pool-197-thread-1] exec.FileSinkOperator: FS[6]: records written - 3
2024-04-24T04:59:14,832  INFO [pool-197-thread-1] FileOperations: Writing manifest to file:/home/alex/Repositories/hive/ql/target/tmp/org.apache.hadoop.hive.ql.TestTxnNoBuckets-1713959849960/warehouse/acidtbl/_tmp.delta_0000001_0000001_0000/000001_0.manifest with [file:/home/alex/Repositories/hive/ql/target/tmp/org.apache.hadoop.hive.ql.TestTxnNoBuckets-1713959849960/warehouse/acidtbl/delta_0000001_0000001_0000/bucket_00001_0]
2024-04-24T04:59:14,841  INFO [pool-197-thread-1] exec.FileSinkOperator: RECORDS_OUT_OPERATOR_FS_6:3, RECORDS_OUT_INTERMEDIATE:0, RECORDS_OUT_1_default.acidtbl:3, TOTAL_TABLE_ROWS_WRITTEN:3, 
2024-04-24T04:59:14,841  INFO [pool-197-thread-1] mapred.Task: Task:attempt_local971975286_0044_r_000001_0 is done. And is in the process of committing
2024-04-24T04:59:14,842  INFO [pool-197-thread-1] mapred.LocalJobRunner: reduce > reduce
2024-04-24T04:59:14,842  INFO [pool-197-thread-1] mapred.Task: Task 'attempt_local971975286_0044_r_000001_0' done.
2024-04-24T04:59:14,842  INFO [pool-197-thread-1] mapred.Task: Final Counters for attempt_local971975286_0044_r_000001_0: Counters: 30
	File System Counters
		FILE: Number of bytes read=1036963
		FILE: Number of bytes written=52927996
		FILE: Number of read operations=0
		FILE: Number of large read operations=0
		FILE: Number of write operations=0
	Map-Reduce Framework
		Combine input records=0
		Combine output records=0
		Reduce input groups=3
		Reduce shuffle bytes=60
		Reduce input records=3
		Reduce output records=0
		Spilled Records=3
		Shuffled Maps =1
		Failed Shuffles=0
		Merged Map outputs=1
		GC time elapsed (ms)=0
		Total committed heap usage (bytes)=1212678144
	HIVE
		CREATED_FILES=1
		RECORDS_OUT_1_default.acidtbl=3
		RECORDS_OUT_INTERMEDIATE=0
		RECORDS_OUT_OPERATOR_FS_6=3
		RECORDS_OUT_OPERATOR_SEL_5=3
		TOTAL_TABLE_ROWS_WRITTEN=3
	Shuffle Errors
		BAD_ID=0
		CONNECTION=0
		IO_ERROR=0
		WRONG_LENGTH=0
		WRONG_MAP=0
		WRONG_REDUCE=0
	File Output Format Counters 
		Bytes Written=0
2024-04-24T04:59:14,842  INFO [pool-197-thread-1] mapred.LocalJobRunner: Finishing task: attempt_local971975286_0044_r_000001_0
2024-04-24T04:59:14,842  INFO [Thread-2887] mapred.LocalJobRunner: reduce task executor complete.
2024-04-24 04:59:15,731 Stage-1 map = 100%,  reduce = 100%
2024-04-24T04:59:15,731  INFO [main] exec.Task: 2024-04-24 04:59:15,731 Stage-1 map = 100%,  reduce = 100%
Ended Job = job_local971975286_0044
2024-04-24T04:59:15,732  INFO [main] exec.Task: Ended Job = job_local971975286_0044
2024-04-24T04:59:15,733  INFO [main] FileOperations: Found manifest file file:/home/alex/Repositories/hive/ql/target/tmp/org.apache.hadoop.hive.ql.TestTxnNoBuckets-1713959849960/warehouse/acidtbl/_tmp.delta_0000001_0000001_0000/000001_0.manifest with attemptId 0.
2024-04-24T04:59:15,733  INFO [main] FileOperations: Found manifest file file:/home/alex/Repositories/hive/ql/target/tmp/org.apache.hadoop.hive.ql.TestTxnNoBuckets-1713959849960/warehouse/acidtbl/_tmp.delta_0000001_0000001_0000/000000_0.manifest with attemptId 0.
2024-04-24T04:59:15,733  INFO [main] FileOperations: Looking at manifest file: file:/home/alex/Repositories/hive/ql/target/tmp/org.apache.hadoop.hive.ql.TestTxnNoBuckets-1713959849960/warehouse/acidtbl/_tmp.delta_0000001_0000001_0000/000001_0.manifest
2024-04-24T04:59:15,734  INFO [main] FileOperations: Looking at manifest file: file:/home/alex/Repositories/hive/ql/target/tmp/org.apache.hadoop.hive.ql.TestTxnNoBuckets-1713959849960/warehouse/acidtbl/_tmp.delta_0000001_0000001_0000/000000_0.manifest
2024-04-24T04:59:15,734  INFO [main] FileOperations: Deleting manifest directory file:/home/alex/Repositories/hive/ql/target/tmp/org.apache.hadoop.hive.ql.TestTxnNoBuckets-1713959849960/warehouse/acidtbl/_tmp.delta_0000001_0000001_0000
2024-04-24T04:59:15,735  INFO [main] ql.Driver: Starting task [Stage-0:MOVE] in serial mode
Loading data to table default.acidtbl
2024-04-24T04:59:15,735  INFO [main] exec.Task: Loading data to table default.acidtbl from file:/home/alex/Repositories/hive/ql/target/tmp/org.apache.hadoop.hive.ql.TestTxnNoBuckets-1713959849960/warehouse/acidtbl
2024-04-24T04:59:15,735  INFO [main] HiveMetaStore.audit: ugi=alex	ip=unknown-ip-addr	cmd=get_table : tbl=hive.default.acidtbl	
2024-04-24T04:59:15,745  INFO [main] metastore.HMSHandler: Skipping translation for processor with null
2024-04-24T04:59:15,746  INFO [main] HiveMetaStore.audit: ugi=alex	ip=unknown-ip-addr	cmd=get_table : tbl=hive.default.acidtbl	
2024-04-24T04:59:15,755  INFO [main] metastore.HMSHandler: Skipping translation for processor with null
2024-04-24T04:59:15,756  INFO [main] HiveMetaStore.audit: ugi=alex	ip=unknown-ip-addr	cmd=alter_table: hive.default.acidtbl newtbl=acidtbl	
2024-04-24T04:59:15,790  INFO [main] ql.Driver: Starting task [Stage-2:STATS] in serial mode
2024-04-24T04:59:15,790  INFO [main] HiveMetaStore.audit: ugi=alex	ip=unknown-ip-addr	cmd=get_table : tbl=hive.default.acidtbl	
2024-04-24T04:59:15,797  INFO [main] metastore.HMSHandler: Skipping translation for processor with null
2024-04-24T04:59:15,797  INFO [main] stats.BasicStatsTask: Executing stats task
2024-04-24T04:59:15,798  INFO [main] fs.FSStatsPublisher: created : file:/home/alex/Repositories/hive/ql/target/tmp/localscratchdir/cd0e0edb-3ea1-4a99-b6d6-ac39120d4b88/hive_2024-04-24_04-59-14_244_2703513191924166371-1/-mr-10000
2024-04-24T04:59:15,799  INFO [main] HiveMetaStore.audit: ugi=alex	ip=unknown-ip-addr	cmd=get_table : tbl=hive.default.acidtbl	
2024-04-24T04:59:15,806  INFO [main] metastore.HMSHandler: Skipping translation for processor with null
2024-04-24T04:59:15,816  WARN [main] FileOperations: Computing stats for an ACID table; stats may be inaccurate
2024-04-24T04:59:15,817  INFO [main] FileOperations: Read stats for default.acidtbl/, numRows, true, 5, false: 
2024-04-24T04:59:15,817  INFO [main] FileOperations: Read stats for default.acidtbl/, rawDataSize, true, 0, false: 
2024-04-24T04:59:15,817  INFO [main] HiveMetaStore.audit: ugi=alex	ip=unknown-ip-addr	cmd=alter_table: hive.default.acidtbl newtbl=acidtbl	
2024-04-24T04:59:15,839  INFO [main] FileOperations: Read stats for default.acidtbl/, insertCount, true, 5, false: 
2024-04-24T04:59:15,839  INFO [main] FileOperations: Read stats for default.acidtbl/, updateCount, true, 0, false: 
2024-04-24T04:59:15,839  INFO [main] FileOperations: Read stats for default.acidtbl/, deleteCount, true, 0, false: 
2024-04-24T04:59:15,841  INFO [main] stats.BasicStatsTask: Table default.acidtbl stats: [numFiles=2, numRows=5, totalSize=1392, rawDataSize=0, numFilesErasureCoded=0]
2024-04-24T04:59:15,841  INFO [main] metadata.Hive: Dumping metastore api call timing information for : execution phase
2024-04-24T04:59:15,841  INFO [main] metadata.Hive: Total time spent in each metastore function (ms): {updateTransactionalStatistics_(UpdateTransactionalStatsRequest)=2, alter_table_(String, String, String, Table, EnvironmentContext, String)=56, isCompatibleWith_(Configuration)=0, getTable_(GetTableRequest)=34}
MapReduce Jobs Launched: 
2024-04-24T04:59:15,842  INFO [main] ql.Driver: MapReduce Jobs Launched: 
Stage-Stage-1:  HDFS Read: 0 HDFS Write: 0 SUCCESS
2024-04-24T04:59:15,842  INFO [main] ql.Driver: Stage-Stage-1:  HDFS Read: 0 HDFS Write: 0 SUCCESS
Total MapReduce CPU Time Spent: 0 msec
2024-04-24T04:59:15,842  INFO [main] ql.Driver: Total MapReduce CPU Time Spent: 0 msec
2024-04-24T04:59:15,842  INFO [main] ql.Driver: Completed executing command(queryId=alex_20240424045914_23137229-4d09-4866-b5df-e537d47d0493); Time taken: 1.404 seconds
2024-04-24T04:59:15,842  INFO [main] lockmgr.DbTxnManager: Stopped heartbeat for query: alex_20240424045914_23137229-4d09-4866-b5df-e537d47d0493
2024-04-24T04:59:15,849  INFO [main] txn.TxnHandler: Removed transactions: ([13]) from MIN_HISTORY_LEVEL
2024-04-24T04:59:15,850  WARN [main] txn.CompactionTxnHandler: No compaction queue record found for Compaction type transaction commit. txnId:13
2024-04-24T04:59:15,850  INFO [main] ql.TxnCommandsBaseForTests: Running the query: drop table if exists T
2024-04-24T04:59:15,851  INFO [main] ql.Context: Deleting scratch dir: file:/home/alex/Repositories/hive/ql/target/tmp/localscratchdir/cd0e0edb-3ea1-4a99-b6d6-ac39120d4b88/hive_2024-04-24_04-59-14_244_2703513191924166371-1
2024-04-24T04:59:15,851  INFO [main] cleanup.SyncCleanupService: Deleted directory: file:/home/alex/Repositories/hive/ql/target/tmp/localscratchdir/cd0e0edb-3ea1-4a99-b6d6-ac39120d4b88/hive_2024-04-24_04-59-14_244_2703513191924166371-1 on fs with scheme file
2024-04-24T04:59:15,851  INFO [main] ql.Driver: Compiling command(queryId=alex_20240424045914_23137229-4d09-4866-b5df-e537d47d0493): drop table if exists T
2024-04-24T04:59:15,853  INFO [main] txn.TxnHandler: Added entries to MIN_HISTORY_LEVEL for current txns: ([14]) with min_open_txn: 14
2024-04-24T04:59:15,854  INFO [main] lockmgr.DbTxnManager: Opened txnid:14
2024-04-24T04:59:15,854  INFO [main] HiveMetaStore.audit: ugi=alex	ip=unknown-ip-addr	cmd=get_table : tbl=hive.default.T	
2024-04-24T04:59:15,861  INFO [main] metastore.HMSHandler: Skipping translation for processor with null
2024-04-24T04:59:15,861  INFO [main] ql.Driver: Semantic Analysis Completed (retrial = false)
2024-04-24T04:59:15,861  INFO [main] ql.Driver: Created Hive schema: Schema(fieldSchemas:null, properties:null)
2024-04-24T04:59:15,861  INFO [main] metadata.Hive: Dumping metastore api call timing information for : compilation phase
2024-04-24T04:59:15,861  INFO [main] metadata.Hive: Total time spent in each metastore function (ms): {isCompatibleWith_(Configuration)=0, getTable_(GetTableRequest)=7, commitTxn_(CommitTxnRequest)=8, flushCache_()=0, getValidTxns_(long)=0, openTxn_(String, TxnType)=2}
2024-04-24T04:59:15,861  INFO [main] ql.Driver: Completed compiling command(queryId=alex_20240424045914_23137229-4d09-4866-b5df-e537d47d0493); Time taken: 0.01 seconds
2024-04-24T04:59:15,862  INFO [main] lockmgr.DbTxnManager: Setting lock request transaction to txnid:14 for queryId=alex_20240424045914_23137229-4d09-4866-b5df-e537d47d0493
2024-04-24T04:59:15,862  INFO [main] lockmgr.DbLockManager: Requesting lock for queryId=alex_20240424045914_23137229-4d09-4866-b5df-e537d47d0493
2024-04-24T04:59:15,874  INFO [main] lockmgr.DbLockManager: Response to queryId=alex_20240424045914_23137229-4d09-4866-b5df-e537d47d0493 LockResponse(lockid:8, state:ACQUIRED)
2024-04-24T04:59:15,874  INFO [main] ql.Driver: Operation DROPTABLE obtained 1 locks
2024-04-24T04:59:15,874  INFO [main] ql.Driver: Executing command(queryId=alex_20240424045914_23137229-4d09-4866-b5df-e537d47d0493): drop table if exists T
2024-04-24T04:59:15,874  INFO [main] ql.Driver: Starting task [Stage-0:DDL] in serial mode
2024-04-24T04:59:15,875  INFO [main] HiveMetaStore.audit: ugi=alex	ip=unknown-ip-addr	cmd=get_table : tbl=hive.default.T	
2024-04-24T04:59:15,882  INFO [main] metastore.HMSHandler: Skipping translation for processor with null
2024-04-24T04:59:15,882  INFO [main] HiveMetaStore.audit: ugi=alex	ip=unknown-ip-addr	cmd=get_table : tbl=hive.default.T	
2024-04-24T04:59:15,889  INFO [main] metastore.HMSHandler: Skipping translation for processor with null
2024-04-24T04:59:15,889  INFO [main] HiveMetaStore.audit: ugi=alex	ip=unknown-ip-addr	cmd=drop_table : tbl=hive.default.T	
2024-04-24T04:59:16,002  WARN [main] utils.FileUtils: File file:/home/alex/Repositories/hive/ql/target/tmp/org.apache.hadoop.hive.ql.TestTxnNoBuckets-1713959849960/warehouse/t does not exist; Force to delete it.
2024-04-24T04:59:16,002 ERROR [main] utils.FileUtils: Failed to delete file:/home/alex/Repositories/hive/ql/target/tmp/org.apache.hadoop.hive.ql.TestTxnNoBuckets-1713959849960/warehouse/t
2024-04-24T04:59:16,003  INFO [main] metadata.Hive: Dumping metastore api call timing information for : execution phase
2024-04-24T04:59:16,003  INFO [main] metadata.Hive: Total time spent in each metastore function (ms): {isCompatibleWith_(Configuration)=0, getTable_(GetTableRequest)=8, dropTable_(String, String, boolean, boolean, boolean)=120}
2024-04-24T04:59:16,003  INFO [main] ql.Driver: Completed executing command(queryId=alex_20240424045914_23137229-4d09-4866-b5df-e537d47d0493); Time taken: 0.129 seconds
2024-04-24T04:59:16,003  INFO [main] lockmgr.DbTxnManager: Stopped heartbeat for query: alex_20240424045914_23137229-4d09-4866-b5df-e537d47d0493
2024-04-24T04:59:16,006  INFO [main] txn.TxnHandler: Expected to move at least one record from txn_components to completed_txn_components when committing txn! txnid:14
2024-04-24T04:59:16,011  INFO [main] txn.TxnHandler: Removed transactions: ([14]) from MIN_HISTORY_LEVEL
2024-04-24T04:59:16,012  WARN [main] txn.CompactionTxnHandler: No compaction queue record found for Compaction type transaction commit. txnId:14
2024-04-24T04:59:16,012  INFO [main] ql.TxnCommandsBaseForTests: Running the query: create table T (a int, b int) stored as ORC  TBLPROPERTIES ('transactional'='false')
2024-04-24T04:59:16,012  INFO [main] ql.Driver: Compiling command(queryId=alex_20240424045914_23137229-4d09-4866-b5df-e537d47d0493): create table T (a int, b int) stored as ORC  TBLPROPERTIES ('transactional'='false')
2024-04-24T04:59:16,018  INFO [main] txn.TxnHandler: Added entries to MIN_HISTORY_LEVEL for current txns: ([15]) with min_open_txn: 14
2024-04-24T04:59:16,018  INFO [main] lockmgr.DbTxnManager: Opened txnid:15
2024-04-24T04:59:16,018  INFO [main] parse.CalcitePlanner: Starting caching scope for: alex_20240424045914_23137229-4d09-4866-b5df-e537d47d0493
2024-04-24T04:59:16,019  INFO [main] parse.CalcitePlanner: Starting Semantic Analysis
2024-04-24T04:59:16,023  INFO [main] parse.CalcitePlanner: Creating table default.T position=13
2024-04-24T04:59:16,023  INFO [main] HiveMetaStore.audit: ugi=alex	ip=unknown-ip-addr	cmd=get_database: default	
2024-04-24T04:59:16,028  INFO [main] parse.CalcitePlanner: Ending caching scope for: alex_20240424045914_23137229-4d09-4866-b5df-e537d47d0493
2024-04-24T04:59:16,028  INFO [main] ql.Driver: Semantic Analysis Completed (retrial = false)
2024-04-24T04:59:16,028  INFO [main] ql.Driver: Created Hive schema: Schema(fieldSchemas:null, properties:null)
2024-04-24T04:59:16,028  INFO [main] metadata.Hive: Dumping metastore api call timing information for : compilation phase
2024-04-24T04:59:16,028  INFO [main] metadata.Hive: Total time spent in each metastore function (ms): {commitTxn_(CommitTxnRequest)=9, openTxn_(String, TxnType)=5, flushCache_()=0, getValidTxns_(long)=0, isCompatibleWith_(Configuration)=0, getValidWriteIds_(List, String)=4, getDatabase_(String)=4}
2024-04-24T04:59:16,028  INFO [main] ql.Driver: Completed compiling command(queryId=alex_20240424045914_23137229-4d09-4866-b5df-e537d47d0493); Time taken: 0.016 seconds
2024-04-24T04:59:16,028  INFO [main] lockmgr.DbTxnManager: Setting lock request transaction to txnid:15 for queryId=alex_20240424045914_23137229-4d09-4866-b5df-e537d47d0493
2024-04-24T04:59:16,029  INFO [main] lockmgr.DbLockManager: Requesting lock for queryId=alex_20240424045914_23137229-4d09-4866-b5df-e537d47d0493
2024-04-24T04:59:16,045  INFO [main] lockmgr.DbLockManager: Response to queryId=alex_20240424045914_23137229-4d09-4866-b5df-e537d47d0493 LockResponse(lockid:9, state:ACQUIRED)
2024-04-24T04:59:16,045  INFO [main] ql.Driver: Operation CREATETABLE obtained 1 locks
2024-04-24T04:59:16,045  INFO [main] ql.Driver: Executing command(queryId=alex_20240424045914_23137229-4d09-4866-b5df-e537d47d0493): create table T (a int, b int) stored as ORC  TBLPROPERTIES ('transactional'='false')
2024-04-24T04:59:16,045  INFO [main] ql.Driver: Starting task [Stage-0:DDL] in serial mode
2024-04-24T04:59:16,046  INFO [main] HiveMetaStore.audit: ugi=alex	ip=unknown-ip-addr	cmd=create_table_req: Table(tableName:T, dbName:default, owner:alex, createTime:1713959956, lastAccessTime:0, retention:0, sd:StorageDescriptor(cols:[FieldSchema(name:a, type:int, comment:null), FieldSchema(name:b, type:int, comment:null)], location:null, inputFormat:org.apache.hadoop.hive.ql.io.orc.OrcInputFormat, outputFormat:org.apache.hadoop.hive.ql.io.orc.OrcOutputFormat, compressed:false, numBuckets:-1, serdeInfo:SerDeInfo(name:null, serializationLib:org.apache.hadoop.hive.ql.io.orc.OrcSerde, parameters:{serialization.format=1}), bucketCols:[], sortCols:[], parameters:{}, skewedInfo:SkewedInfo(skewedColNames:[], skewedColValues:[], skewedColValueLocationMaps:{}), storedAsSubDirectories:false), partitionKeys:[], parameters:{rawDataSize=0, transactional=false, numFilesErasureCoded=0, numFiles=0, COLUMN_STATS_ACCURATE={"BASIC_STATS":"true","COLUMN_STATS":{"a":"true","b":"true"}}, bucketing_version=2, totalSize=0, numRows=0}, viewOriginalText:null, viewExpandedText:null, tableType:MANAGED_TABLE, privileges:PrincipalPrivilegeSet(userPrivileges:{alex=[PrivilegeGrantInfo(privilege:INSERT, createTime:-1, grantor:alex, grantorType:USER, grantOption:true), PrivilegeGrantInfo(privilege:SELECT, createTime:-1, grantor:alex, grantorType:USER, grantOption:true), PrivilegeGrantInfo(privilege:UPDATE, createTime:-1, grantor:alex, grantorType:USER, grantOption:true), PrivilegeGrantInfo(privilege:DELETE, createTime:-1, grantor:alex, grantorType:USER, grantOption:true)]}, groupPrivileges:null, rolePrivileges:null), temporary:false, catName:hive, ownerType:USER)	
2024-04-24T04:59:16,054  INFO [main] utils.FileUtils: Creating directory if it doesn't exist: file:/home/alex/Repositories/hive/ql/target/tmp/org.apache.hadoop.hive.ql.TestTxnNoBuckets-1713959849960/warehouse/t
2024-04-24T04:59:16,086  INFO [main] metadata.Hive: Dumping metastore api call timing information for : execution phase
2024-04-24T04:59:16,086  INFO [main] metadata.Hive: Total time spent in each metastore function (ms): {isCompatibleWith_(Configuration)=0, createTable_(Table)=40}
2024-04-24T04:59:16,086  INFO [main] ql.Driver: Completed executing command(queryId=alex_20240424045914_23137229-4d09-4866-b5df-e537d47d0493); Time taken: 0.041 seconds
2024-04-24T04:59:16,086  INFO [main] lockmgr.DbTxnManager: Stopped heartbeat for query: alex_20240424045914_23137229-4d09-4866-b5df-e537d47d0493
2024-04-24T04:59:16,090  INFO [main] txn.TxnHandler: Expected to move at least one record from txn_components to completed_txn_components when committing txn! txnid:15
2024-04-24T04:59:16,096  INFO [main] txn.TxnHandler: Removed transactions: ([15]) from MIN_HISTORY_LEVEL
2024-04-24T04:59:16,096  WARN [main] txn.CompactionTxnHandler: No compaction queue record found for Compaction type transaction commit. txnId:15
2024-04-24T04:59:16,097  INFO [main] ql.TxnCommandsBaseForTests: Running the query: insert into T(a,b) select a, b from acidTbl where a between 1 and 3 group by a, b union all select a, b from acidTbl where a between 5 and 7 union all select a, b from acidTbl where a >= 9
2024-04-24T04:59:16,097  INFO [main] ql.Driver: Compiling command(queryId=alex_20240424045914_23137229-4d09-4866-b5df-e537d47d0493): insert into T(a,b) select a, b from acidTbl where a between 1 and 3 group by a, b union all select a, b from acidTbl where a between 5 and 7 union all select a, b from acidTbl where a >= 9
2024-04-24T04:59:16,100  INFO [main] txn.TxnHandler: Added entries to MIN_HISTORY_LEVEL for current txns: ([16]) with min_open_txn: 14
2024-04-24T04:59:16,100  INFO [main] lockmgr.DbTxnManager: Opened txnid:16
2024-04-24T04:59:16,101  INFO [main] parse.CalcitePlanner: Starting caching scope for: alex_20240424045914_23137229-4d09-4866-b5df-e537d47d0493
2024-04-24T04:59:16,101  INFO [main] parse.CalcitePlanner: Starting Semantic Analysis
2024-04-24T04:59:16,104  INFO [main] HiveMetaStore.audit: ugi=alex	ip=unknown-ip-addr	cmd=get_table : tbl=hive.default.T	
2024-04-24T04:59:16,135  INFO [main] metastore.HMSHandler: Skipping translation for processor with null
2024-04-24T04:59:16,135  INFO [main] parse.CalcitePlanner: Completed phase 1 of Semantic Analysis
2024-04-24T04:59:16,135  INFO [main] parse.CalcitePlanner: Get metadata for source tables
2024-04-24T04:59:16,135  INFO [main] parse.CalcitePlanner: Get metadata for subqueries
2024-04-24T04:59:16,135  INFO [main] parse.CalcitePlanner: Get metadata for source tables
2024-04-24T04:59:16,138  INFO [main] HiveMetaStore.audit: ugi=alex	ip=unknown-ip-addr	cmd=get_table : tbl=hive.default.acidtbl	
2024-04-24T04:59:16,145  INFO [main] metastore.HMSHandler: Skipping translation for processor with null
2024-04-24T04:59:16,145  INFO [main] parse.CalcitePlanner: Get metadata for subqueries
2024-04-24T04:59:16,145  INFO [main] parse.CalcitePlanner: Get metadata for destination tables
2024-04-24T04:59:16,145  INFO [main] parse.CalcitePlanner: Get metadata for source tables
2024-04-24T04:59:16,145  INFO [main] parse.CalcitePlanner: Get metadata for subqueries
2024-04-24T04:59:16,145  INFO [main] parse.CalcitePlanner: Get metadata for destination tables
2024-04-24T04:59:16,145  INFO [main] parse.CalcitePlanner: Get metadata for source tables
2024-04-24T04:59:16,145  INFO [main] parse.CalcitePlanner: Get metadata for subqueries
2024-04-24T04:59:16,146  INFO [main] parse.CalcitePlanner: Get metadata for destination tables
2024-04-24T04:59:16,146  INFO [main] parse.CalcitePlanner: Get metadata for destination tables
2024-04-24T04:59:16,146  INFO [main] HiveMetaStore.audit: ugi=alex	ip=unknown-ip-addr	cmd=get_table : tbl=hive.default.T	
2024-04-24T04:59:16,156  INFO [main] metastore.HMSHandler: Skipping translation for processor with null
2024-04-24T04:59:16,156  INFO [main] parse.CalcitePlanner: Completed getting MetaData in Semantic Analysis
2024-04-24T04:59:16,156  INFO [main] parse.CalcitePlanner: Disabling LLAP IO encode as ETL query is detected
2024-04-24T04:59:16,169  INFO [main] HiveMetaStore.audit: ugi=alex	ip=unknown-ip-addr	cmd=get_all_table_constraints : tbl=hive.default.acidtbl	
2024-04-24T04:59:16,197  INFO [main] HiveMetaStore.audit: ugi=alex	ip=unknown-ip-addr	cmd=get_all_table_constraints : tbl=hive.default.acidtbl	
2024-04-24T04:59:16,205  INFO [main] HiveMetaStore.audit: ugi=alex	ip=unknown-ip-addr	cmd=get_all_table_constraints : tbl=hive.default.acidtbl	
2024-04-24T04:59:16,237  INFO [main] calcite.RelOptHiveTable: Calculating column statistics for default.acidtbl, projIndxSet: [0, 1], allowMissingStats: true
2024-04-24T04:59:16,238  INFO [main] HiveMetaStore.audit: ugi=alex	ip=unknown-ip-addr	cmd=get_table_statistics_req: table=hive.default.acidtbl	
2024-04-24T04:59:16,250  WARN [main] calcite.RelOptHiveTable: No Stats for default@acidtbl, Columns: b, a
No Stats for default@acidtbl, Columns: b, a
2024-04-24T04:59:16,250  INFO [main] SessionState: No Stats for default@acidtbl, Columns: b, a
2024-04-24T04:59:16,327  INFO [main] parse.CalcitePlanner: Get metadata for source tables
2024-04-24T04:59:16,327  INFO [main] parse.CalcitePlanner: Get metadata for subqueries
2024-04-24T04:59:16,327  INFO [main] parse.CalcitePlanner: Get metadata for source tables
2024-04-24T04:59:16,327  INFO [main] parse.CalcitePlanner: Get metadata for subqueries
2024-04-24T04:59:16,327  INFO [main] parse.CalcitePlanner: Get metadata for destination tables
2024-04-24T04:59:16,327  INFO [main] parse.CalcitePlanner: Get metadata for source tables
2024-04-24T04:59:16,327  INFO [main] parse.CalcitePlanner: Get metadata for subqueries
2024-04-24T04:59:16,327  INFO [main] parse.CalcitePlanner: Get metadata for destination tables
2024-04-24T04:59:16,327  INFO [main] parse.CalcitePlanner: Get metadata for source tables
2024-04-24T04:59:16,327  INFO [main] parse.CalcitePlanner: Get metadata for subqueries
2024-04-24T04:59:16,327  INFO [main] parse.CalcitePlanner: Get metadata for destination tables
2024-04-24T04:59:16,327  INFO [main] parse.CalcitePlanner: Get metadata for destination tables
2024-04-24T04:59:16,333  INFO [main] common.FileUtils: Creating directory if it doesn't exist: file:/home/alex/Repositories/hive/ql/target/tmp/org.apache.hadoop.hive.ql.TestTxnNoBuckets-1713959849960/warehouse/t/.hive-staging_hive_2024-04-24_04-59-16_097_4424926182483189585-1
2024-04-24T04:59:16,335  INFO [main] HiveMetaStore.audit: ugi=alex	ip=unknown-ip-addr	cmd=get_not_null_constraints : tbl=hive.default.t	
2024-04-24T04:59:16,336  INFO [main] HiveMetaStore.audit: ugi=alex	ip=unknown-ip-addr	cmd=get_check_constraints : tbl=hive.default.t	
2024-04-24T04:59:16,340  INFO [main] parse.CalcitePlanner: CBO Succeeded; optimized logical plan.
2024-04-24T04:59:16,346  INFO [main] optimizer.ColumnPrunerProcFactory: RS 4 oldColExprMap: {KEY._col0=Column[_col0], KEY._col1=Column[_col1]}
2024-04-24T04:59:16,346  INFO [main] optimizer.ColumnPrunerProcFactory: RS 4 newColExprMap: {KEY._col0=Column[_col0], KEY._col1=Column[_col1]}
2024-04-24T04:59:16,349  INFO [main] optimizer.SortedDynPartitionOptimizer: Sorted dynamic partitioning optimization kicked in..
2024-04-24T04:59:16,366  INFO [main] HiveMetaStore.audit: ugi=alex	ip=unknown-ip-addr	cmd=get_table : tbl=hive.default.t	
2024-04-24T04:59:16,377  INFO [main] metastore.HMSHandler: Skipping translation for processor with null
2024-04-24T04:59:16,393  INFO [main] physical.Vectorizer: Examining input format to see if vectorization is enabled.
2024-04-24T04:59:16,393  INFO [main] physical.Vectorizer: Map vectorization enabled: false
2024-04-24T04:59:16,393  INFO [main] physical.Vectorizer: Map vectorized: false
2024-04-24T04:59:16,393  INFO [main] physical.Vectorizer: Map notVectorizedReason: Vectorized map work only works with 1 TableScanOperator
2024-04-24T04:59:16,393  INFO [main] physical.Vectorizer: Map vectorizedVertexNum: 0
2024-04-24T04:59:16,393  INFO [main] physical.Vectorizer: Map enabledConditionsNotMet: [Vectorized map work only works with 1 TableScanOperator IS false]
2024-04-24T04:59:16,393  INFO [main] physical.Vectorizer: Examining input format to see if vectorization is enabled.
2024-04-24T04:59:16,393  INFO [main] physical.Vectorizer: Vectorization is enabled for input format(s) [org.apache.hadoop.hive.ql.io.orc.OrcInputFormat]
2024-04-24T04:59:16,393  INFO [main] physical.Vectorizer: Validating and vectorizing MapWork... (vectorizedVertexNum 1)
2024-04-24T04:59:16,394  INFO [main] physical.Vectorizer: Vector GROUP BY operator will use processing mode HASH
2024-04-24T04:59:16,395  INFO [main] physical.Vectorizer: Map vectorization enabled: true
2024-04-24T04:59:16,395  INFO [main] physical.Vectorizer: Map vectorized: true
2024-04-24T04:59:16,395  INFO [main] physical.Vectorizer: Map vectorizedVertexNum: 1
2024-04-24T04:59:16,395  INFO [main] physical.Vectorizer: Map enabledConditionsMet: [hive.vectorized.use.vectorized.input.format IS true]
2024-04-24T04:59:16,395  INFO [main] physical.Vectorizer: Map inputFileFormatClassNameSet: [org.apache.hadoop.hive.ql.io.orc.OrcInputFormat]
2024-04-24T04:59:16,395  INFO [main] physical.Vectorizer: Reduce vectorization enabled: false
2024-04-24T04:59:16,395  INFO [main] physical.Vectorizer: Reduce vectorized: false
2024-04-24T04:59:16,395  INFO [main] physical.Vectorizer: Reduce vectorizedVertexNum: 2
2024-04-24T04:59:16,395  INFO [main] physical.Vectorizer: Reducer hive.vectorized.execution.reduce.enabled: true
2024-04-24T04:59:16,395  INFO [main] physical.Vectorizer: Reducer engine: mr
2024-04-24T04:59:16,395  INFO [main] parse.CalcitePlanner: Completed plan generation
2024-04-24T04:59:16,395  INFO [main] parse.CalcitePlanner: Ending caching scope for: alex_20240424045914_23137229-4d09-4866-b5df-e537d47d0493
2024-04-24T04:59:16,395  INFO [main] ql.Driver: Semantic Analysis Completed (retrial = false)
2024-04-24T04:59:16,396  INFO [main] ql.Driver: Created Hive schema: Schema(fieldSchemas:[FieldSchema(name:_col0, type:int, comment:null), FieldSchema(name:_col1, type:int, comment:null)], properties:null)
2024-04-24T04:59:16,396  INFO [main] metadata.Hive: Dumping metastore api call timing information for : compilation phase
2024-04-24T04:59:16,396  INFO [main] metadata.Hive: Total time spent in each metastore function (ms): {openTxn_(String, TxnType)=2, getNotNullConstraints_(NotNullConstraintsRequest)=1, isCompatibleWith_(Configuration)=0, getValidWriteIds_(List, String)=4, getAllTableConstraints_(AllTableConstraintsRequest)=37, flushCache_()=0, getValidTxns_(long)=0, getTableColumnStatistics_(String, String, List, String)=11, getCheckConstraints_(CheckConstraintsRequest)=1, commitTxn_(CommitTxnRequest)=10, getTable_(GetTableRequest)=61}
2024-04-24T04:59:16,396  INFO [main] ql.Driver: Completed compiling command(queryId=alex_20240424045914_23137229-4d09-4866-b5df-e537d47d0493); Time taken: 0.299 seconds
2024-04-24T04:59:16,396  INFO [main] lockmgr.DbTxnManager: Setting lock request transaction to txnid:16 for queryId=alex_20240424045914_23137229-4d09-4866-b5df-e537d47d0493
2024-04-24T04:59:16,397  INFO [main] lockmgr.DbLockManager: Requesting lock for queryId=alex_20240424045914_23137229-4d09-4866-b5df-e537d47d0493
2024-04-24T04:59:16,409  INFO [main] lockmgr.DbLockManager: Response to queryId=alex_20240424045914_23137229-4d09-4866-b5df-e537d47d0493 LockResponse(lockid:10, state:ACQUIRED)
2024-04-24T04:59:16,409  INFO [main] ql.Driver: Operation QUERY obtained 1 locks
2024-04-24T04:59:16,412  INFO [main] ql.Driver: Executing command(queryId=alex_20240424045914_23137229-4d09-4866-b5df-e537d47d0493): insert into T(a,b) select a, b from acidTbl where a between 1 and 3 group by a, b union all select a, b from acidTbl where a between 5 and 7 union all select a, b from acidTbl where a >= 9
2024-04-24T04:59:16,413  WARN [main] ql.Driver: Hive-on-MR is deprecated in Hive 2 and may not be available in the future versions. Consider using a different execution engine (i.e. tez, spark) or using Hive 1.X releases.
Query ID = alex_20240424045914_23137229-4d09-4866-b5df-e537d47d0493
2024-04-24T04:59:16,413  INFO [main] ql.Driver: Query ID = alex_20240424045914_23137229-4d09-4866-b5df-e537d47d0493
Total jobs = 2
2024-04-24T04:59:16,413  INFO [main] ql.Driver: Total jobs = 2
Launching Job 1 out of 2
2024-04-24T04:59:16,413  INFO [main] ql.Driver: Launching Job 1 out of 2
2024-04-24T04:59:16,552  INFO [main] ql.Driver: Starting task [Stage-1:MAPRED] in serial mode
2024-04-24T04:59:16,552  INFO [main] exec.Utilities: Not using thread pool for getContentSummary
2024-04-24T04:59:16,553  INFO [main] exec.Utilities: BytesPerReducer=256000000 maxReducers=1009 totalInputFileSize=1393
Number of reduce tasks not specified. Estimated from input data size: 1
2024-04-24T04:59:16,553  INFO [main] exec.Task: Number of reduce tasks not specified. Estimated from input data size: 1
In order to change the average load for a reducer (in bytes):
2024-04-24T04:59:16,554  INFO [main] exec.Task: In order to change the average load for a reducer (in bytes):
  set hive.exec.reducers.bytes.per.reducer=<number>
2024-04-24T04:59:16,554  INFO [main] exec.Task:   set hive.exec.reducers.bytes.per.reducer=<number>
In order to limit the maximum number of reducers:
2024-04-24T04:59:16,554  INFO [main] exec.Task: In order to limit the maximum number of reducers:
  set hive.exec.reducers.max=<number>
2024-04-24T04:59:16,554  INFO [main] exec.Task:   set hive.exec.reducers.max=<number>
In order to set a constant number of reducers:
2024-04-24T04:59:16,554  INFO [main] exec.Task: In order to set a constant number of reducers:
  set mapreduce.job.reduces=<number>
2024-04-24T04:59:16,554  INFO [main] exec.Task:   set mapreduce.job.reduces=<number>
2024-04-24T04:59:16,556  INFO [main] mr.ExecDriver: Using org.apache.hadoop.hive.ql.io.HiveInputFormat
2024-04-24T04:59:16,556  INFO [main] exec.Utilities: Processing alias $hdt$_1-subquery1-subquery1:acidtbl
2024-04-24T04:59:16,556  INFO [main] exec.Utilities: Adding 1 inputs; the first input is file:/home/alex/Repositories/hive/ql/target/tmp/org.apache.hadoop.hive.ql.TestTxnNoBuckets-1713959849960/warehouse/acidtbl
2024-04-24T04:59:16,565  INFO [main] exec.SerializationUtilities: Serializing MapWork using kryo
2024-04-24T04:59:16,568  INFO [main] exec.Utilities: Serialized plan (via FILE) - name: null size: 7,53KB
2024-04-24T04:59:16,573  INFO [main] exec.SerializationUtilities: Serializing ReduceWork using kryo
2024-04-24T04:59:16,574  INFO [main] exec.Utilities: Serialized plan (via FILE) - name: null size: 7,63KB
2024-04-24T04:59:16,575  WARN [main] impl.MetricsSystemImpl: JobTracker metrics system already initialized!
2024-04-24T04:59:16,581  WARN [main] impl.MetricsSystemImpl: JobTracker metrics system already initialized!
2024-04-24T04:59:16,588  WARN [main] mapreduce.JobResourceUploader: Hadoop command-line option parsing not performed. Implement the Tool interface and execute your application with ToolRunner to remedy this.
2024-04-24T04:59:16,592  WARN [main] mapreduce.JobResourceUploader: No job jar file set.  User classes may not be found. See Job or Job#setJar(String).
2024-04-24T04:59:16,593  INFO [main] io.HiveInputFormat: hive.io.file.readcolumn.ids = 0,1
2024-04-24T04:59:16,593  INFO [main] io.HiveInputFormat: hive.io.file.readcolumn.names = a,b
2024-04-24T04:59:16,593  INFO [main] io.HiveInputFormat: Generating splits for dirs: file:/home/alex/Repositories/hive/ql/target/tmp/org.apache.hadoop.hive.ql.TestTxnNoBuckets-1713959849960/warehouse/acidtbl
2024-04-24T04:59:16,593  INFO [main] orc.OrcInputFormat: getSplits started
2024-04-24T04:59:16,594  INFO [main] orc.OrcInputFormat: Context:: isAcid: true isVectorMode: true sarg: leaf-(BETWEEN a 1 3) minSplitSize: 1 maxSplitSize: 256000000 splitStrategy: HYBRID footerInSplits: false numBuckets: 2 numThreads: 10 cacheMemSize: 268435456 cacheStripeDetails: true useSoftReference: false writeIdList: default.acidtbl:1:9223372036854775807:: isTransactionalTable: true txnProperties: default 
2024-04-24T04:59:16,594  INFO [main] orc.OrcInputFormat: ORC pushdown predicate: leaf-(BETWEEN a 1 3)
2024-04-24T04:59:16,605  INFO [main] orc.OrcInputFormat: FooterCacheHitRatio: 0/2
2024-04-24T04:59:16,605  INFO [main] orc.OrcInputFormat: getSplits finished (#splits: 2). duration: 12 ms
2024-04-24T04:59:16,605  INFO [main] io.HiveInputFormat: number of splits 2
2024-04-24T04:59:16,621  INFO [main] mapreduce.JobSubmitter: number of splits:2
2024-04-24T04:59:16,639  INFO [main] mapreduce.JobSubmitter: Submitting tokens for job: job_local1200699333_0045
2024-04-24T04:59:16,639  INFO [main] mapreduce.JobSubmitter: Executing with tokens: []
2024-04-24T04:59:16,700  INFO [main] mapreduce.Job: The url to track the job: http://localhost:8080/
Job running in-process (local Hadoop)
2024-04-24T04:59:16,700  INFO [main] exec.Task: Job running in-process (local Hadoop)
2024-04-24T04:59:16,701  INFO [Thread-2966] mapred.LocalJobRunner: OutputCommitter set in config org.apache.hadoop.hive.ql.io.HiveFileFormatUtils$NullOutputCommitter
2024-04-24T04:59:16,701  INFO [Thread-2966] mapred.LocalJobRunner: OutputCommitter is org.apache.hadoop.hive.ql.io.HiveFileFormatUtils$NullOutputCommitter
2024-04-24T04:59:16,702  INFO [Thread-2966] mapred.LocalJobRunner: Waiting for map tasks
2024-04-24T04:59:16,702  INFO [LocalJobRunner Map Task Executor #0] mapred.LocalJobRunner: Starting task: attempt_local1200699333_0045_m_000000_0
2024-04-24T04:59:16,703  INFO [LocalJobRunner Map Task Executor #0] mapred.Task:  Using ResourceCalculatorProcessTree : [ ]
2024-04-24T04:59:16,703  INFO [LocalJobRunner Map Task Executor #0] mapred.MapTask: Processing split: org.apache.hadoop.hive.ql.io.orc.OrcInputFormat:OrcSplit [file:/home/alex/Repositories/hive/ql/target/tmp/org.apache.hadoop.hive.ql.TestTxnNoBuckets-1713959849960/warehouse/acidtbl/delta_0000001_0000001_0000/bucket_00001_0, start=0, length=704, isOriginal=false, fileLength=704, hasFooter=false, hasBase=true, deltas=0]
2024-04-24T04:59:16,704  INFO [LocalJobRunner Map Task Executor #0] exec.SerializationUtilities: Deserializing MapWork using kryo
2024-04-24T04:59:16,704  INFO [LocalJobRunner Map Task Executor #0] exec.Utilities: Deserialized plan (via FILE) - name: null size: 7,53KB
2024-04-24T04:59:16,705  INFO [LocalJobRunner Map Task Executor #0] orc.OrcInputFormat: ORC pushdown predicate: leaf-(BETWEEN a 1 3)
2024-04-24T04:59:16,705  INFO [LocalJobRunner Map Task Executor #0] orc.VectorizedOrcAcidRowBatchReader: Read ValidWriteIdList: default.acidtbl:1:9223372036854775807:::OrcSplit [file:/home/alex/Repositories/hive/ql/target/tmp/org.apache.hadoop.hive.ql.TestTxnNoBuckets-1713959849960/warehouse/acidtbl/delta_0000001_0000001_0000/bucket_00001_0, start=0, length=704, isOriginal=false, fileLength=704, hasFooter=false, hasBase=true, deltas=0]
2024-04-24T04:59:16,706  INFO [LocalJobRunner Map Task Executor #0] orc.ReaderImpl: Reading ORC rows from file:/home/alex/Repositories/hive/ql/target/tmp/org.apache.hadoop.hive.ql.TestTxnNoBuckets-1713959849960/warehouse/acidtbl/delta_0000001_0000001_0000/bucket_00001_0 with {include: [true, true, true], offset: 0, length: 704, sarg: leaf-(BETWEEN a 1 3), schema: struct<a:int,b:int>, includeAcidColumns: false}
2024-04-24T04:59:16,707  INFO [LocalJobRunner Map Task Executor #0] mapred.MapTask: numReduceTasks: 1
2024-04-24T04:59:16,711  INFO [LocalJobRunner Map Task Executor #0] mapred.MapTask: (EQUATOR) 0 kvi 26214396(104857584)
2024-04-24T04:59:16,711  INFO [LocalJobRunner Map Task Executor #0] mapred.MapTask: mapreduce.task.io.sort.mb: 100
2024-04-24T04:59:16,711  INFO [LocalJobRunner Map Task Executor #0] mapred.MapTask: soft limit at 83886080
2024-04-24T04:59:16,711  INFO [LocalJobRunner Map Task Executor #0] mapred.MapTask: bufstart = 0; bufvoid = 104857600
2024-04-24T04:59:16,711  INFO [LocalJobRunner Map Task Executor #0] mapred.MapTask: kvstart = 26214396; length = 6553600
2024-04-24T04:59:16,711  INFO [LocalJobRunner Map Task Executor #0] mapred.MapTask: Map output collector class = org.apache.hadoop.mapred.MapTask$MapOutputBuffer
2024-04-24T04:59:16,711  INFO [LocalJobRunner Map Task Executor #0] vector.VectorMapOperator: Initializing Operator: MAP[0]
2024-04-24T04:59:16,712  INFO [LocalJobRunner Map Task Executor #0] mr.ExecMapper: 
<MAP>Id =0
  <Children>null
  <\Children>
  <Parent><\Parent>
<\MAP>
2024-04-24T04:59:16,712  INFO [LocalJobRunner Map Task Executor #0] exec.TableScanOperator: Initializing Operator: TS[0]
2024-04-24T04:59:16,712  INFO [LocalJobRunner Map Task Executor #0] vector.VectorFilterOperator: Initializing Operator: FIL[21]
2024-04-24T04:59:16,713  INFO [LocalJobRunner Map Task Executor #0] vector.VectorGroupByOperator: Initializing Operator: GBY[22]
2024-04-24T04:59:16,713  INFO [LocalJobRunner Map Task Executor #0] vector.VectorReduceSinkOperator: Initializing Operator: RS[23]
2024-04-24T04:59:16,713  INFO [LocalJobRunner Map Task Executor #0] vector.VectorReduceSinkOperator: Using tag = -1
2024-04-24T04:59:16,714  INFO [LocalJobRunner Map Task Executor #0] vector.VectorMapOperator: Closing Operator: MAP[0]
2024-04-24T04:59:16,714  INFO [LocalJobRunner Map Task Executor #0] vector.VectorMapOperator: DESERIALIZE_ERRORS:0, RECORDS_OUT_INTERMEDIATE:0, RECORDS_IN:3, RECORDS_OUT_OPERATOR_MAP_0:0, 
2024-04-24T04:59:16,714  INFO [LocalJobRunner Map Task Executor #0] exec.TableScanOperator: Closing Operator: TS[0]
2024-04-24T04:59:16,714  INFO [LocalJobRunner Map Task Executor #0] exec.TableScanOperator: RECORDS_OUT_INTERMEDIATE:0, RECORDS_OUT_OPERATOR_TS_0:3, 
2024-04-24T04:59:16,714  INFO [LocalJobRunner Map Task Executor #0] vector.VectorFilterOperator: Closing Operator: FIL[21]
2024-04-24T04:59:16,714  INFO [LocalJobRunner Map Task Executor #0] vector.VectorFilterOperator: RECORDS_OUT_OPERATOR_FIL_21:1, RECORDS_OUT_INTERMEDIATE:0, 
2024-04-24T04:59:16,714  INFO [LocalJobRunner Map Task Executor #0] vector.VectorGroupByOperator: Closing Operator: GBY[22]
2024-04-24T04:59:16,714  INFO [LocalJobRunner Map Task Executor #0] vector.VectorReduceSinkOperator: keys are [_col0, _col1] num distributions: 2
2024-04-24T04:59:16,714  INFO [LocalJobRunner Map Task Executor #0] vector.VectorReduceSinkOperator: RS[23]: records written - 1
2024-04-24T04:59:16,714  INFO [LocalJobRunner Map Task Executor #0] vector.VectorGroupByOperator: RECORDS_OUT_INTERMEDIATE:0, RECORDS_OUT_OPERATOR_GBY_22:1, 
2024-04-24T04:59:16,714  INFO [LocalJobRunner Map Task Executor #0] vector.VectorReduceSinkOperator: Closing Operator: RS[23]
2024-04-24T04:59:16,714  INFO [LocalJobRunner Map Task Executor #0] vector.VectorReduceSinkOperator: RS[23]: Total records written - 1. abort - false
2024-04-24T04:59:16,714  INFO [LocalJobRunner Map Task Executor #0] vector.VectorReduceSinkOperator: RECORDS_OUT_INTERMEDIATE:1, RECORDS_OUT_OPERATOR_RS_23:1, 
2024-04-24T04:59:16,715  INFO [LocalJobRunner Map Task Executor #0] mapred.LocalJobRunner: 
2024-04-24T04:59:16,715  INFO [LocalJobRunner Map Task Executor #0] mapred.MapTask: Starting flush of map output
2024-04-24T04:59:16,715  INFO [LocalJobRunner Map Task Executor #0] mapred.MapTask: Spilling map output
2024-04-24T04:59:16,715  INFO [LocalJobRunner Map Task Executor #0] mapred.MapTask: bufstart = 0; bufend = 19; bufvoid = 104857600
2024-04-24T04:59:16,715  INFO [LocalJobRunner Map Task Executor #0] mapred.MapTask: kvstart = 26214396(104857584); kvend = 26214396(104857584); length = 1/6553600
2024-04-24T04:59:16,726  INFO [LocalJobRunner Map Task Executor #0] mapred.MapTask: Finished spill 0
2024-04-24T04:59:16,729  INFO [LocalJobRunner Map Task Executor #0] mapred.Task: Task:attempt_local1200699333_0045_m_000000_0 is done. And is in the process of committing
2024-04-24T04:59:16,729  INFO [LocalJobRunner Map Task Executor #0] mapred.LocalJobRunner: OrcSplit [file:/home/alex/Repositories/hive/ql/target/tmp/org.apache.hadoop.hive.ql.TestTxnNoBuckets-1713959849960/warehouse/acidtbl/delta_0000001_0000001_0000/bucket_00001_0, start=0, length=704, isOriginal=false, fileLength=704, hasFooter=false, hasBase=true, deltas=0]
2024-04-24T04:59:16,729  INFO [LocalJobRunner Map Task Executor #0] mapred.Task: Task 'attempt_local1200699333_0045_m_000000_0' done.
2024-04-24T04:59:16,730  INFO [LocalJobRunner Map Task Executor #0] mapred.Task: Final Counters for attempt_local1200699333_0045_m_000000_0: Counters: 25
	File System Counters
		FILE: Number of bytes read=1050611
		FILE: Number of bytes written=54136806
		FILE: Number of read operations=0
		FILE: Number of large read operations=0
		FILE: Number of write operations=0
	Map-Reduce Framework
		Map input records=1
		Map output records=1
		Map output bytes=19
		Map output materialized bytes=27
		Input split bytes=497
		Combine input records=0
		Spilled Records=1
		Failed Shuffles=0
		Merged Map outputs=0
		GC time elapsed (ms)=0
		Total committed heap usage (bytes)=1212678144
	HIVE
		DESERIALIZE_ERRORS=0
		RECORDS_IN=3
		RECORDS_OUT_INTERMEDIATE=1
		RECORDS_OUT_OPERATOR_FIL_21=1
		RECORDS_OUT_OPERATOR_GBY_22=1
		RECORDS_OUT_OPERATOR_MAP_0=0
		RECORDS_OUT_OPERATOR_RS_23=1
		RECORDS_OUT_OPERATOR_TS_0=3
	File Input Format Counters 
		Bytes Read=11937
2024-04-24T04:59:16,730  INFO [LocalJobRunner Map Task Executor #0] mapred.LocalJobRunner: Finishing task: attempt_local1200699333_0045_m_000000_0
2024-04-24T04:59:16,730  INFO [LocalJobRunner Map Task Executor #0] mapred.LocalJobRunner: Starting task: attempt_local1200699333_0045_m_000001_0
2024-04-24T04:59:16,730  INFO [LocalJobRunner Map Task Executor #0] mapred.Task:  Using ResourceCalculatorProcessTree : [ ]
2024-04-24T04:59:16,730  INFO [LocalJobRunner Map Task Executor #0] mapred.MapTask: Processing split: org.apache.hadoop.hive.ql.io.orc.OrcInputFormat:OrcSplit [file:/home/alex/Repositories/hive/ql/target/tmp/org.apache.hadoop.hive.ql.TestTxnNoBuckets-1713959849960/warehouse/acidtbl/delta_0000001_0000001_0000/bucket_00000_0, start=0, length=688, isOriginal=false, fileLength=688, hasFooter=false, hasBase=true, deltas=0]
2024-04-24T04:59:16,731  INFO [LocalJobRunner Map Task Executor #0] exec.SerializationUtilities: Deserializing MapWork using kryo
2024-04-24T04:59:16,731  INFO [LocalJobRunner Map Task Executor #0] exec.Utilities: Deserialized plan (via FILE) - name: null size: 7,53KB
2024-04-24T04:59:16,732  INFO [LocalJobRunner Map Task Executor #0] orc.OrcInputFormat: ORC pushdown predicate: leaf-(BETWEEN a 1 3)
2024-04-24T04:59:16,732  INFO [LocalJobRunner Map Task Executor #0] orc.VectorizedOrcAcidRowBatchReader: Read ValidWriteIdList: default.acidtbl:1:9223372036854775807:::OrcSplit [file:/home/alex/Repositories/hive/ql/target/tmp/org.apache.hadoop.hive.ql.TestTxnNoBuckets-1713959849960/warehouse/acidtbl/delta_0000001_0000001_0000/bucket_00000_0, start=0, length=688, isOriginal=false, fileLength=688, hasFooter=false, hasBase=true, deltas=0]
2024-04-24T04:59:16,733  INFO [LocalJobRunner Map Task Executor #0] orc.ReaderImpl: Reading ORC rows from file:/home/alex/Repositories/hive/ql/target/tmp/org.apache.hadoop.hive.ql.TestTxnNoBuckets-1713959849960/warehouse/acidtbl/delta_0000001_0000001_0000/bucket_00000_0 with {include: [true, true, true], offset: 0, length: 688, sarg: leaf-(BETWEEN a 1 3), schema: struct<a:int,b:int>, includeAcidColumns: false}
2024-04-24T04:59:16,733  INFO [LocalJobRunner Map Task Executor #0] mapred.MapTask: numReduceTasks: 1
2024-04-24T04:59:16,743  INFO [LocalJobRunner Map Task Executor #0] mapred.MapTask: (EQUATOR) 0 kvi 26214396(104857584)
2024-04-24T04:59:16,743  INFO [LocalJobRunner Map Task Executor #0] mapred.MapTask: mapreduce.task.io.sort.mb: 100
2024-04-24T04:59:16,743  INFO [LocalJobRunner Map Task Executor #0] mapred.MapTask: soft limit at 83886080
2024-04-24T04:59:16,743  INFO [LocalJobRunner Map Task Executor #0] mapred.MapTask: bufstart = 0; bufvoid = 104857600
2024-04-24T04:59:16,743  INFO [LocalJobRunner Map Task Executor #0] mapred.MapTask: kvstart = 26214396; length = 6553600
2024-04-24T04:59:16,744  INFO [LocalJobRunner Map Task Executor #0] mapred.MapTask: Map output collector class = org.apache.hadoop.mapred.MapTask$MapOutputBuffer
2024-04-24T04:59:16,744  INFO [LocalJobRunner Map Task Executor #0] vector.VectorMapOperator: Initializing Operator: MAP[0]
2024-04-24T04:59:16,744  INFO [LocalJobRunner Map Task Executor #0] mr.ExecMapper: 
<MAP>Id =0
  <Children>null
  <\Children>
  <Parent><\Parent>
<\MAP>
2024-04-24T04:59:16,745  INFO [LocalJobRunner Map Task Executor #0] exec.TableScanOperator: Initializing Operator: TS[0]
2024-04-24T04:59:16,745  INFO [LocalJobRunner Map Task Executor #0] vector.VectorFilterOperator: Initializing Operator: FIL[21]
2024-04-24T04:59:16,745  INFO [LocalJobRunner Map Task Executor #0] vector.VectorGroupByOperator: Initializing Operator: GBY[22]
2024-04-24T04:59:16,745  INFO [LocalJobRunner Map Task Executor #0] vector.VectorReduceSinkOperator: Initializing Operator: RS[23]
2024-04-24T04:59:16,745  INFO [LocalJobRunner Map Task Executor #0] vector.VectorReduceSinkOperator: Using tag = -1
2024-04-24T04:59:16,745  INFO [LocalJobRunner Map Task Executor #0] vector.VectorMapOperator: Closing Operator: MAP[0]
2024-04-24T04:59:16,745  INFO [LocalJobRunner Map Task Executor #0] vector.VectorMapOperator: DESERIALIZE_ERRORS:0, RECORDS_IN:2, RECORDS_OUT_INTERMEDIATE:0, RECORDS_OUT_OPERATOR_MAP_0:0, 
2024-04-24T04:59:16,745  INFO [LocalJobRunner Map Task Executor #0] exec.TableScanOperator: Closing Operator: TS[0]
2024-04-24T04:59:16,746  INFO [LocalJobRunner Map Task Executor #0] exec.TableScanOperator: RECORDS_OUT_OPERATOR_TS_0:2, RECORDS_OUT_INTERMEDIATE:0, 
2024-04-24T04:59:16,746  INFO [LocalJobRunner Map Task Executor #0] vector.VectorFilterOperator: Closing Operator: FIL[21]
2024-04-24T04:59:16,746  INFO [LocalJobRunner Map Task Executor #0] vector.VectorFilterOperator: RECORDS_OUT_OPERATOR_FIL_21:1, RECORDS_OUT_INTERMEDIATE:0, 
2024-04-24T04:59:16,746  INFO [LocalJobRunner Map Task Executor #0] vector.VectorGroupByOperator: Closing Operator: GBY[22]
2024-04-24T04:59:16,746  INFO [LocalJobRunner Map Task Executor #0] vector.VectorReduceSinkOperator: keys are [_col0, _col1] num distributions: 2
2024-04-24T04:59:16,746  INFO [LocalJobRunner Map Task Executor #0] vector.VectorReduceSinkOperator: RS[23]: records written - 1
2024-04-24T04:59:16,746  INFO [LocalJobRunner Map Task Executor #0] vector.VectorGroupByOperator: RECORDS_OUT_INTERMEDIATE:0, RECORDS_OUT_OPERATOR_GBY_22:1, 
2024-04-24T04:59:16,746  INFO [LocalJobRunner Map Task Executor #0] vector.VectorReduceSinkOperator: Closing Operator: RS[23]
2024-04-24T04:59:16,746  INFO [LocalJobRunner Map Task Executor #0] vector.VectorReduceSinkOperator: RS[23]: Total records written - 1. abort - false
2024-04-24T04:59:16,746  INFO [LocalJobRunner Map Task Executor #0] vector.VectorReduceSinkOperator: RECORDS_OUT_OPERATOR_RS_23:1, RECORDS_OUT_INTERMEDIATE:1, 
2024-04-24T04:59:16,746  INFO [LocalJobRunner Map Task Executor #0] mapred.LocalJobRunner: 
2024-04-24T04:59:16,747  INFO [LocalJobRunner Map Task Executor #0] mapred.MapTask: Starting flush of map output
2024-04-24T04:59:16,747  INFO [LocalJobRunner Map Task Executor #0] mapred.MapTask: Spilling map output
2024-04-24T04:59:16,747  INFO [LocalJobRunner Map Task Executor #0] mapred.MapTask: bufstart = 0; bufend = 19; bufvoid = 104857600
2024-04-24T04:59:16,747  INFO [LocalJobRunner Map Task Executor #0] mapred.MapTask: kvstart = 26214396(104857584); kvend = 26214396(104857584); length = 1/6553600
2024-04-24T04:59:16,755  INFO [LocalJobRunner Map Task Executor #0] mapred.MapTask: Finished spill 0
2024-04-24T04:59:16,757  INFO [LocalJobRunner Map Task Executor #0] mapred.Task: Task:attempt_local1200699333_0045_m_000001_0 is done. And is in the process of committing
2024-04-24T04:59:16,758  INFO [LocalJobRunner Map Task Executor #0] mapred.LocalJobRunner: OrcSplit [file:/home/alex/Repositories/hive/ql/target/tmp/org.apache.hadoop.hive.ql.TestTxnNoBuckets-1713959849960/warehouse/acidtbl/delta_0000001_0000001_0000/bucket_00000_0, start=0, length=688, isOriginal=false, fileLength=688, hasFooter=false, hasBase=true, deltas=0]
2024-04-24T04:59:16,758  INFO [LocalJobRunner Map Task Executor #0] mapred.Task: Task 'attempt_local1200699333_0045_m_000001_0' done.
2024-04-24T04:59:16,758  INFO [LocalJobRunner Map Task Executor #0] mapred.Task: Final Counters for attempt_local1200699333_0045_m_000001_0: Counters: 25
	File System Counters
		FILE: Number of bytes read=1063469
		FILE: Number of bytes written=54136865
		FILE: Number of read operations=0
		FILE: Number of large read operations=0
		FILE: Number of write operations=0
	Map-Reduce Framework
		Map input records=1
		Map output records=1
		Map output bytes=19
		Map output materialized bytes=27
		Input split bytes=497
		Combine input records=0
		Spilled Records=1
		Failed Shuffles=0
		Merged Map outputs=0
		GC time elapsed (ms)=5
		Total committed heap usage (bytes)=1212153856
	HIVE
		DESERIALIZE_ERRORS=0
		RECORDS_IN=2
		RECORDS_OUT_INTERMEDIATE=1
		RECORDS_OUT_OPERATOR_FIL_21=1
		RECORDS_OUT_OPERATOR_GBY_22=1
		RECORDS_OUT_OPERATOR_MAP_0=0
		RECORDS_OUT_OPERATOR_RS_23=1
		RECORDS_OUT_OPERATOR_TS_0=2
	File Input Format Counters 
		Bytes Read=11841
2024-04-24T04:59:16,758  INFO [LocalJobRunner Map Task Executor #0] mapred.LocalJobRunner: Finishing task: attempt_local1200699333_0045_m_000001_0
2024-04-24T04:59:16,758  INFO [Thread-2966] mapred.LocalJobRunner: map task executor complete.
2024-04-24T04:59:16,759  INFO [Thread-2966] mapred.LocalJobRunner: Waiting for reduce tasks
2024-04-24T04:59:16,759  INFO [pool-202-thread-1] mapred.LocalJobRunner: Starting task: attempt_local1200699333_0045_r_000000_0
2024-04-24T04:59:16,760  INFO [pool-202-thread-1] mapred.Task:  Using ResourceCalculatorProcessTree : [ ]
2024-04-24T04:59:16,760  INFO [pool-202-thread-1] mapred.ReduceTask: Using ShuffleConsumerPlugin: org.apache.hadoop.mapreduce.task.reduce.Shuffle@2024e4a1
2024-04-24T04:59:16,760  WARN [pool-202-thread-1] impl.MetricsSystemImpl: JobTracker metrics system already initialized!
2024-04-24T04:59:16,761  INFO [pool-202-thread-1] reduce.MergeManagerImpl: MergerManager: memoryLimit=1336252800, maxSingleShuffleLimit=334063200, mergeThreshold=881926912, ioSortFactor=10, memToMemMergeOutputsThreshold=10
2024-04-24T04:59:16,761  INFO [EventFetcher for fetching Map Completion Events] reduce.EventFetcher: attempt_local1200699333_0045_r_000000_0 Thread started: EventFetcher for fetching Map Completion Events
2024-04-24T04:59:16,762  INFO [localfetcher#29] reduce.LocalFetcher: localfetcher#29 about to shuffle output of map attempt_local1200699333_0045_m_000001_0 decomp: 23 len: 27 to MEMORY
2024-04-24T04:59:16,762  INFO [localfetcher#29] reduce.InMemoryMapOutput: Read 23 bytes from map-output for attempt_local1200699333_0045_m_000001_0
2024-04-24T04:59:16,762  INFO [localfetcher#29] reduce.MergeManagerImpl: closeInMemoryFile -> map-output of size: 23, inMemoryMapOutputs.size() -> 1, commitMemory -> 0, usedMemory ->23
2024-04-24T04:59:16,764  INFO [localfetcher#29] reduce.LocalFetcher: localfetcher#29 about to shuffle output of map attempt_local1200699333_0045_m_000000_0 decomp: 23 len: 27 to MEMORY
2024-04-24T04:59:16,764  INFO [localfetcher#29] reduce.InMemoryMapOutput: Read 23 bytes from map-output for attempt_local1200699333_0045_m_000000_0
2024-04-24T04:59:16,764  INFO [localfetcher#29] reduce.MergeManagerImpl: closeInMemoryFile -> map-output of size: 23, inMemoryMapOutputs.size() -> 2, commitMemory -> 23, usedMemory ->46
2024-04-24T04:59:16,765  INFO [EventFetcher for fetching Map Completion Events] reduce.EventFetcher: EventFetcher is interrupted.. Returning
2024-04-24T04:59:16,765  INFO [pool-202-thread-1] mapred.LocalJobRunner: 2 / 2 copied.
2024-04-24T04:59:16,765  INFO [pool-202-thread-1] reduce.MergeManagerImpl: finalMerge called with 2 in-memory map-outputs and 0 on-disk map-outputs
2024-04-24T04:59:16,772  INFO [pool-202-thread-1] mapred.Merger: Merging 2 sorted segments
2024-04-24T04:59:16,772  INFO [pool-202-thread-1] mapred.Merger: Down to the last merge-pass, with 2 segments left of total size: 12 bytes
2024-04-24T04:59:16,778  INFO [pool-202-thread-1] reduce.MergeManagerImpl: Merged 2 segments, 46 bytes to disk to satisfy reduce memory limit
2024-04-24T04:59:16,778  INFO [pool-202-thread-1] reduce.MergeManagerImpl: Merging 1 files, 48 bytes from disk
2024-04-24T04:59:16,778  INFO [pool-202-thread-1] reduce.MergeManagerImpl: Merging 0 segments, 0 bytes from memory into reduce
2024-04-24T04:59:16,778  INFO [pool-202-thread-1] mapred.Merger: Merging 1 sorted segments
2024-04-24T04:59:16,779  INFO [pool-202-thread-1] mapred.Merger: Down to the last merge-pass, with 1 segments left of total size: 27 bytes
2024-04-24T04:59:16,779  INFO [pool-202-thread-1] mapred.LocalJobRunner: 2 / 2 copied.
2024-04-24T04:59:16,780  INFO [pool-202-thread-1] exec.SerializationUtilities: Deserializing ReduceWork using kryo
2024-04-24T04:59:16,782  INFO [pool-202-thread-1] exec.Utilities: Deserialized plan (via FILE) - name: null size: 7,63KB
2024-04-24T04:59:16,785  INFO [pool-202-thread-1] ExecReducer: 
<GBY>Id =5
  <Children>
    <FS>Id =19
      <Children>
      <\Children>
      <Parent>Id = 5 null<\Parent>
    <\FS>
  <\Children>
  <Parent><\Parent>
<\GBY>
2024-04-24T04:59:16,785  INFO [pool-202-thread-1] exec.GroupByOperator: Initializing Operator: GBY[5]
2024-04-24T04:59:16,785  INFO [pool-202-thread-1] exec.GroupByOperator: isTez: false isLlap: false numExecutors: 1 maxMemory: 1908932608
2024-04-24T04:59:16,786  INFO [pool-202-thread-1] exec.FileSinkOperator: Initializing Operator: FS[19]
2024-04-24T04:59:16,787  INFO [pool-202-thread-1] exec.FileSinkOperator: Using serializer : AbstractSerDe [log=org.apache.logging.slf4j.Log4jLogger@7b7b674c, configuration=Optional[Configuration: core-default.xml, core-site.xml, mapred-default.xml, mapred-site.xml, yarn-default.xml, yarn-site.xml, hdfs-default.xml, hdfs-site.xml, file:/home/alex/Repositories/hive/ql/target/tmp/TestTxnNoBucketsVectorized/mapred/local/localRunner/alex/job_local1200699333_0045/job_local1200699333_0045.xml], properties={columns=_col0,_col1, serialization.lib=org.apache.hadoop.hive.serde2.lazybinary.LazyBinarySerDe, columns.types=int,int, escape.delim=\, column.name.delimiter=,}, tableProperties={columns=_col0,_col1, serialization.lib=org.apache.hadoop.hive.serde2.lazybinary.LazyBinarySerDe, columns.types=int,int, column.name.delimiter=,, escape.delim=\}, partitionProperties=Optional.empty, columnNames=[_col0, _col1], columnTypes=[int, int], getClass()=class org.apache.hadoop.hive.serde2.lazybinary.LazyBinarySerDe] and formatter : org.apache.hadoop.hive.ql.io.HiveSequenceFileOutputFormat@b93dec9
2024-04-24T04:59:16,788  INFO [pool-202-thread-1] exec.FileSinkOperator: Final Path: FS file:/home/alex/Repositories/hive/ql/target/tmp/localscratchdir/cd0e0edb-3ea1-4a99-b6d6-ac39120d4b88/hive_2024-04-24_04-59-16_097_4424926182483189585-1/_tmp.-mr-10002/000000_0
2024-04-24T04:59:16,788  INFO [pool-202-thread-1] exec.FileSinkOperator: Writing to temp file: FS file:/home/alex/Repositories/hive/ql/target/tmp/localscratchdir/cd0e0edb-3ea1-4a99-b6d6-ac39120d4b88/hive_2024-04-24_04-59-16_097_4424926182483189585-1/_task_tmp.-mr-10002/_tmp.000000_0
2024-04-24T04:59:16,788  INFO [pool-202-thread-1] exec.FileSinkOperator: New Final Path: FS file:/home/alex/Repositories/hive/ql/target/tmp/localscratchdir/cd0e0edb-3ea1-4a99-b6d6-ac39120d4b88/hive_2024-04-24_04-59-16_097_4424926182483189585-1/_tmp.-mr-10002/000000_0
2024-04-24T04:59:16,806  INFO [pool-202-thread-1] exec.FileSinkOperator: FS[19]: records written - 1
2024-04-24T04:59:16,806  INFO [pool-202-thread-1] exec.GroupByOperator: Closing Operator: GBY[5]
2024-04-24T04:59:16,806  INFO [pool-202-thread-1] exec.GroupByOperator: RECORDS_OUT_OPERATOR_GBY_5:2, RECORDS_OUT_INTERMEDIATE:0, 
2024-04-24T04:59:16,806  INFO [pool-202-thread-1] exec.FileSinkOperator: Closing Operator: FS[19]
2024-04-24T04:59:16,806  INFO [pool-202-thread-1] exec.FileSinkOperator: FS[19]: records written - 2
2024-04-24T04:59:16,807  INFO [pool-202-thread-1] exec.FileSinkOperator: RECORDS_OUT_0:2, RECORDS_OUT_INTERMEDIATE:0, RECORDS_OUT_OPERATOR_FS_19:2, 
2024-04-24T04:59:16,808  INFO [pool-202-thread-1] mapred.Task: Task:attempt_local1200699333_0045_r_000000_0 is done. And is in the process of committing
2024-04-24T04:59:16,809  INFO [pool-202-thread-1] mapred.LocalJobRunner: reduce > reduce
2024-04-24T04:59:16,809  INFO [pool-202-thread-1] mapred.Task: Task 'attempt_local1200699333_0045_r_000000_0' done.
2024-04-24T04:59:16,809  INFO [pool-202-thread-1] mapred.Task: Final Counters for attempt_local1200699333_0045_r_000000_0: Counters: 29
	File System Counters
		FILE: Number of bytes read=1071335
		FILE: Number of bytes written=54137059
		FILE: Number of read operations=0
		FILE: Number of large read operations=0
		FILE: Number of write operations=0
	Map-Reduce Framework
		Combine input records=0
		Combine output records=0
		Reduce input groups=2
		Reduce shuffle bytes=54
		Reduce input records=2
		Reduce output records=0
		Spilled Records=2
		Shuffled Maps =2
		Failed Shuffles=0
		Merged Map outputs=2
		GC time elapsed (ms)=0
		Total committed heap usage (bytes)=1212153856
	HIVE
		CREATED_FILES=1
		RECORDS_OUT_0=2
		RECORDS_OUT_INTERMEDIATE=0
		RECORDS_OUT_OPERATOR_FS_19=2
		RECORDS_OUT_OPERATOR_GBY_5=2
	Shuffle Errors
		BAD_ID=0
		CONNECTION=0
		IO_ERROR=0
		WRONG_LENGTH=0
		WRONG_MAP=0
		WRONG_REDUCE=0
	File Output Format Counters 
		Bytes Written=0
2024-04-24T04:59:16,809  INFO [pool-202-thread-1] mapred.LocalJobRunner: Finishing task: attempt_local1200699333_0045_r_000000_0
2024-04-24T04:59:16,809  INFO [Thread-2966] mapred.LocalJobRunner: reduce task executor complete.
2024-04-24 04:59:17,702 Stage-1 map = 100%,  reduce = 100%
2024-04-24T04:59:17,703  INFO [main] exec.Task: 2024-04-24 04:59:17,702 Stage-1 map = 100%,  reduce = 100%
Ended Job = job_local1200699333_0045
2024-04-24T04:59:17,704  INFO [main] exec.Task: Ended Job = job_local1200699333_0045
Launching Job 2 out of 2
2024-04-24T04:59:17,706  INFO [main] ql.Driver: Launching Job 2 out of 2
2024-04-24T04:59:17,854  INFO [main] ql.Driver: Starting task [Stage-2:MAPRED] in serial mode
Number of reduce tasks is set to 0 since there's no reduce operator
2024-04-24T04:59:17,854  INFO [main] exec.Task: Number of reduce tasks is set to 0 since there's no reduce operator
2024-04-24T04:59:17,856  INFO [main] mr.ExecDriver: Using org.apache.hadoop.hive.ql.io.HiveInputFormat
2024-04-24T04:59:17,856  INFO [main] exec.Utilities: Processing alias file:/home/alex/Repositories/hive/ql/target/tmp/localscratchdir/cd0e0edb-3ea1-4a99-b6d6-ac39120d4b88/hive_2024-04-24_04-59-16_097_4424926182483189585-1/-mr-10002
2024-04-24T04:59:17,857  INFO [main] exec.Utilities: Adding 2 inputs; the first input is file:/home/alex/Repositories/hive/ql/target/tmp/localscratchdir/cd0e0edb-3ea1-4a99-b6d6-ac39120d4b88/hive_2024-04-24_04-59-16_097_4424926182483189585-1/-mr-10002
2024-04-24T04:59:17,857  INFO [main] exec.Utilities: Processing alias $hdt$_1-subquery1-subquery2:acidtbl
2024-04-24T04:59:17,857  INFO [main] exec.Utilities: Adding 2 inputs; the first input is file:/home/alex/Repositories/hive/ql/target/tmp/org.apache.hadoop.hive.ql.TestTxnNoBuckets-1713959849960/warehouse/acidtbl
2024-04-24T04:59:17,857  INFO [main] exec.Utilities: Processing alias $hdt$_1-subquery2:acidtbl
2024-04-24T04:59:17,866  INFO [main] exec.SerializationUtilities: Serializing MapWork using kryo
2024-04-24T04:59:17,867  INFO [main] exec.Utilities: Serialized plan (via FILE) - name: null size: 7,67KB
2024-04-24T04:59:17,868  WARN [main] impl.MetricsSystemImpl: JobTracker metrics system already initialized!
2024-04-24T04:59:17,872  INFO [main] fs.FSStatsPublisher: created : file:/home/alex/Repositories/hive/ql/target/tmp/localscratchdir/cd0e0edb-3ea1-4a99-b6d6-ac39120d4b88/hive_2024-04-24_04-59-16_097_4424926182483189585-1/-mr-10001
2024-04-24T04:59:17,876  WARN [main] impl.MetricsSystemImpl: JobTracker metrics system already initialized!
2024-04-24T04:59:17,883  WARN [main] mapreduce.JobResourceUploader: Hadoop command-line option parsing not performed. Implement the Tool interface and execute your application with ToolRunner to remedy this.
2024-04-24T04:59:17,887  WARN [main] mapreduce.JobResourceUploader: No job jar file set.  User classes may not be found. See Job or Job#setJar(String).
2024-04-24T04:59:17,888  INFO [main] exec.Utilities: schema.evolution.columns and schema.evolution.columns.types not available
2024-04-24T04:59:17,888  INFO [main] io.HiveInputFormat: Generating splits as currentDirs is not empty. currentDirs: [file:/home/alex/Repositories/hive/ql/target/tmp/localscratchdir/cd0e0edb-3ea1-4a99-b6d6-ac39120d4b88/hive_2024-04-24_04-59-16_097_4424926182483189585-1/-mr-10002]
2024-04-24T04:59:17,888  INFO [main] io.HiveInputFormat: hive.io.file.readcolumn.ids = 0,1
2024-04-24T04:59:17,888  INFO [main] io.HiveInputFormat: hive.io.file.readcolumn.names = _col0,_col1
2024-04-24T04:59:17,889  INFO [main] exec.Utilities: schema.evolution.columns and schema.evolution.columns.types not available
2024-04-24T04:59:17,892  INFO [main] mapred.FileInputFormat: Total input files to process : 1
2024-04-24T04:59:17,892  INFO [main] io.HiveInputFormat: hive.io.file.readcolumn.ids = 0,1
2024-04-24T04:59:17,892  INFO [main] io.HiveInputFormat: hive.io.file.readcolumn.names = _col0,_col1
2024-04-24T04:59:17,892  INFO [main] io.HiveInputFormat: Generating splits for dirs: file:/home/alex/Repositories/hive/ql/target/tmp/localscratchdir/cd0e0edb-3ea1-4a99-b6d6-ac39120d4b88/hive_2024-04-24_04-59-16_097_4424926182483189585-1/-mr-10002
2024-04-24T04:59:17,892  INFO [main] orc.OrcInputFormat: getSplits started
2024-04-24T04:59:17,892  INFO [main] orc.OrcInputFormat: Context:: isAcid: false isVectorMode: false sarg: null minSplitSize: 1 maxSplitSize: 256000000 splitStrategy: HYBRID footerInSplits: false numBuckets: 2 numThreads: 10 cacheMemSize: 268435456 cacheStripeDetails: true useSoftReference: false writeIdList: null:9223372036854775807:9223372036854775807:: isTransactionalTable: true txnProperties: default 
2024-04-24T04:59:17,892  INFO [main] orc.OrcInputFormat: ORC pushdown predicate: null
2024-04-24T04:59:17,905  INFO [main] orc.OrcInputFormat: FooterCacheHitRatio: 0/2
2024-04-24T04:59:17,905  INFO [main] orc.OrcInputFormat: getSplits finished (#splits: 2). duration: 13 ms
2024-04-24T04:59:17,905  INFO [main] io.HiveInputFormat: number of splits 3
2024-04-24T04:59:17,921  INFO [main] mapreduce.JobSubmitter: number of splits:3
2024-04-24T04:59:17,940  INFO [main] mapreduce.JobSubmitter: Submitting tokens for job: job_local164963019_0046
2024-04-24T04:59:17,940  INFO [main] mapreduce.JobSubmitter: Executing with tokens: []
2024-04-24T04:59:17,998  INFO [main] mapreduce.Job: The url to track the job: http://localhost:8080/
Job running in-process (local Hadoop)
2024-04-24T04:59:17,998  INFO [main] exec.Task: Job running in-process (local Hadoop)
2024-04-24T04:59:17,998  INFO [Thread-3018] mapred.LocalJobRunner: OutputCommitter set in config org.apache.hadoop.hive.ql.io.HiveFileFormatUtils$NullOutputCommitter
2024-04-24T04:59:17,998  INFO [Thread-3018] mapred.LocalJobRunner: OutputCommitter is org.apache.hadoop.hive.ql.io.HiveFileFormatUtils$NullOutputCommitter
2024-04-24T04:59:18,000  INFO [Thread-3018] mapred.LocalJobRunner: Waiting for map tasks
2024-04-24T04:59:18,000  INFO [LocalJobRunner Map Task Executor #0] mapred.LocalJobRunner: Starting task: attempt_local164963019_0046_m_000000_0
2024-04-24T04:59:18,001  INFO [LocalJobRunner Map Task Executor #0] mapred.Task:  Using ResourceCalculatorProcessTree : [ ]
2024-04-24T04:59:18,001  INFO [LocalJobRunner Map Task Executor #0] mapred.MapTask: Processing split: org.apache.hadoop.hive.ql.io.orc.OrcInputFormat:OrcSplit [file:/home/alex/Repositories/hive/ql/target/tmp/org.apache.hadoop.hive.ql.TestTxnNoBuckets-1713959849960/warehouse/acidtbl/delta_0000001_0000001_0000/bucket_00001_0, start=3, length=317, isOriginal=false, fileLength=704, hasFooter=false, hasBase=true, deltas=0]
2024-04-24T04:59:18,002  INFO [LocalJobRunner Map Task Executor #0] exec.SerializationUtilities: Deserializing MapWork using kryo
2024-04-24T04:59:18,002  INFO [LocalJobRunner Map Task Executor #0] exec.Utilities: Deserialized plan (via FILE) - name: null size: 7,67KB
2024-04-24T04:59:18,003  INFO [LocalJobRunner Map Task Executor #0] orc.OrcRawRecordMerger: min key = null, max key = null
2024-04-24T04:59:18,003  INFO [LocalJobRunner Map Task Executor #0] orc.ReaderImpl: Reading ORC rows from file:/home/alex/Repositories/hive/ql/target/tmp/org.apache.hadoop.hive.ql.TestTxnNoBuckets-1713959849960/warehouse/acidtbl/delta_0000001_0000001_0000/bucket_00001_0 with {include: [true, true, true], offset: 3, length: 317, schema: struct<a:int,b:int>, includeAcidColumns: true}
2024-04-24T04:59:18,004  INFO [LocalJobRunner Map Task Executor #0] orc.OrcRawRecordMerger: updated min key = null, max key = null
2024-04-24T04:59:18,004  INFO [LocalJobRunner Map Task Executor #0] mapred.MapTask: numReduceTasks: 0
2024-04-24T04:59:18,005  INFO [LocalJobRunner Map Task Executor #0] exec.MapOperator: Initializing Operator: MAP[0]
2024-04-24T04:59:18,006  INFO [LocalJobRunner Map Task Executor #0] mr.ExecMapper: 
<MAP>Id =0
  <Children>
    <TS>Id =20
      <Children>
        <UNION>Id =10
          <Children>
            <FS>Id =15
              <Children>
              <\Children>
              <Parent>Id = 10 null<\Parent>
            <\FS>
          <\Children>
          <Parent>Id = 20 nullId = 9 
        <SEL>Id =9
          <Children>null
          <\Children>
          <Parent>Id = 17 
        <FIL>Id =17
          <Children>null
          <\Children>
          <Parent>Id = 7 
        <TS>Id =7
          <Children>null
          <\Children>
          <Parent>Id = 0 null<\Parent>
        <\TS><\Parent>
        <\FIL><\Parent>
        <\SEL>Id = 13 
        <SEL>Id =13
          <Children>null
          <\Children>
          <Parent>Id = 18 
        <FIL>Id =18
          <Children>null
          <\Children>
          <Parent>Id = 11 
        <TS>Id =11
          <Children>null
          <\Children>
          <Parent>Id = 0 null<\Parent>
        <\TS><\Parent>
        <\FIL><\Parent>
        <\SEL><\Parent>
        <\UNION>
      <\Children>
      <Parent>Id = 0 null<\Parent>
    <\TS>nullnull
  <\Children>
  <Parent><\Parent>
<\MAP>
2024-04-24T04:59:18,007  INFO [LocalJobRunner Map Task Executor #0] exec.TableScanOperator: Initializing Operator: TS[20]
2024-04-24T04:59:18,007  INFO [LocalJobRunner Map Task Executor #0] exec.TableScanOperator: Initializing Operator: TS[11]
2024-04-24T04:59:18,007  INFO [LocalJobRunner Map Task Executor #0] exec.FilterOperator: Initializing Operator: FIL[18]
2024-04-24T04:59:18,007  INFO [LocalJobRunner Map Task Executor #0] exec.SelectOperator: Initializing Operator: SEL[13]
2024-04-24T04:59:18,007  INFO [LocalJobRunner Map Task Executor #0] exec.SelectOperator: SELECT struct<a:int,b:int>
2024-04-24T04:59:18,007  INFO [LocalJobRunner Map Task Executor #0] exec.TableScanOperator: Initializing Operator: TS[7]
2024-04-24T04:59:18,007  INFO [LocalJobRunner Map Task Executor #0] exec.FilterOperator: Initializing Operator: FIL[17]
2024-04-24T04:59:18,007  INFO [LocalJobRunner Map Task Executor #0] exec.SelectOperator: Initializing Operator: SEL[9]
2024-04-24T04:59:18,007  INFO [LocalJobRunner Map Task Executor #0] exec.SelectOperator: SELECT struct<a:int,b:int>
2024-04-24T04:59:18,007  INFO [LocalJobRunner Map Task Executor #0] exec.UnionOperator: Initializing Operator: UNION[10]
2024-04-24T04:59:18,007  INFO [LocalJobRunner Map Task Executor #0] exec.UnionOperator: Union Operator needs to transform row from parent[0] from org.apache.hadoop.hive.serde2.lazybinary.objectinspector.LazyBinaryStructObjectInspector<org.apache.hadoop.hive.serde2.objectinspector.primitive.WritableIntObjectInspector@1d57b8f1,org.apache.hadoop.hive.serde2.objectinspector.primitive.WritableIntObjectInspector@1d57b8f1> to org.apache.hadoop.hive.serde2.objectinspector.StandardStructObjectInspector<org.apache.hadoop.hive.serde2.objectinspector.primitive.WritableIntObjectInspector@1d57b8f1,org.apache.hadoop.hive.serde2.objectinspector.primitive.WritableIntObjectInspector@1d57b8f1>
2024-04-24T04:59:18,007  INFO [LocalJobRunner Map Task Executor #0] exec.FileSinkOperator: Initializing Operator: FS[15]
2024-04-24T04:59:18,008  INFO [LocalJobRunner Map Task Executor #0] exec.FileSinkOperator: Using serializer : AbstractSerDe [log=org.apache.logging.slf4j.Log4jLogger@7620dc3c, configuration=Optional[Configuration: core-default.xml, core-site.xml, mapred-default.xml, mapred-site.xml, yarn-default.xml, yarn-site.xml, hdfs-default.xml, hdfs-site.xml, file:/home/alex/Repositories/hive/ql/target/tmp/TestTxnNoBucketsVectorized/mapred/local/localRunner/alex/job_local164963019_0046/job_local164963019_0046.xml], properties={name=default.t, columns.types=int:int, serialization.format=1, columns=a,b, numFilesErasureCoded=0, columns.comments=&amp#0;, bucketing_version=2, serialization.lib=org.apache.hadoop.hive.ql.io.orc.OrcSerde, file.inputformat=org.apache.hadoop.hive.ql.io.orc.OrcInputFormat, file.outputformat=org.apache.hadoop.hive.ql.io.orc.OrcOutputFormat, location=file:/home/alex/Repositories/hive/ql/target/tmp/org.apache.hadoop.hive.ql.TestTxnNoBuckets-1713959849960/warehouse/t, column.name.delimiter=,}, tableProperties={name=default.t, columns.types=int:int, serialization.format=1, columns=a,b, numFilesErasureCoded=0, columns.comments=&amp#0;, bucketing_version=2, serialization.lib=org.apache.hadoop.hive.ql.io.orc.OrcSerde, file.inputformat=org.apache.hadoop.hive.ql.io.orc.OrcInputFormat, location=file:/home/alex/Repositories/hive/ql/target/tmp/org.apache.hadoop.hive.ql.TestTxnNoBuckets-1713959849960/warehouse/t, file.outputformat=org.apache.hadoop.hive.ql.io.orc.OrcOutputFormat, column.name.delimiter=,}, partitionProperties=Optional.empty, columnNames=[a, b], columnTypes=[int, int], getClass()=class org.apache.hadoop.hive.ql.io.orc.OrcSerde] and formatter : org.apache.hadoop.hive.ql.io.orc.OrcOutputFormat@2dcf5018
2024-04-24T04:59:18,008  INFO [LocalJobRunner Map Task Executor #0] exec.MapOperator: MAP[0]: records read - 1
2024-04-24T04:59:18,009  INFO [LocalJobRunner Map Task Executor #0] exec.FileSinkOperator: Final Path: FS file:/home/alex/Repositories/hive/ql/target/tmp/org.apache.hadoop.hive.ql.TestTxnNoBuckets-1713959849960/warehouse/t/.hive-staging_hive_2024-04-24_04-59-16_097_4424926182483189585-1/_tmp.-ext-10000/000000_0
2024-04-24T04:59:18,009  INFO [LocalJobRunner Map Task Executor #0] exec.FileSinkOperator: Writing to temp file: FS file:/home/alex/Repositories/hive/ql/target/tmp/org.apache.hadoop.hive.ql.TestTxnNoBuckets-1713959849960/warehouse/t/.hive-staging_hive_2024-04-24_04-59-16_097_4424926182483189585-1/_task_tmp.-ext-10000/_tmp.000000_0
2024-04-24T04:59:18,009  INFO [LocalJobRunner Map Task Executor #0] exec.FileSinkOperator: New Final Path: FS file:/home/alex/Repositories/hive/ql/target/tmp/org.apache.hadoop.hive.ql.TestTxnNoBuckets-1713959849960/warehouse/t/.hive-staging_hive_2024-04-24_04-59-16_097_4424926182483189585-1/_tmp.-ext-10000/000000_0
2024-04-24T04:59:18,009  INFO [LocalJobRunner Map Task Executor #0] exec.FileSinkOperator: FS[15]: records written - 1
2024-04-24T04:59:18,009  INFO [LocalJobRunner Map Task Executor #0] impl.PhysicalFsWriter: ORC writer created for path: file:/home/alex/Repositories/hive/ql/target/tmp/org.apache.hadoop.hive.ql.TestTxnNoBuckets-1713959849960/warehouse/t/.hive-staging_hive_2024-04-24_04-59-16_097_4424926182483189585-1/_task_tmp.-ext-10000/_tmp.000000_0 with stripeSize: 67108864 blockSize: 268435456 compression: Compress: ZLIB buffer: 262144
2024-04-24T04:59:18,016  INFO [LocalJobRunner Map Task Executor #0] impl.WriterImpl: ORC writer created for path: file:/home/alex/Repositories/hive/ql/target/tmp/org.apache.hadoop.hive.ql.TestTxnNoBuckets-1713959849960/warehouse/t/.hive-staging_hive_2024-04-24_04-59-16_097_4424926182483189585-1/_task_tmp.-ext-10000/_tmp.000000_0 with stripeSize: 67108864 options: Compress: ZLIB buffer: 262144
2024-04-24T04:59:18,016  INFO [LocalJobRunner Map Task Executor #0] exec.MapOperator: Closing Operator: MAP[0]
2024-04-24T04:59:18,016  INFO [LocalJobRunner Map Task Executor #0] exec.MapOperator: MAP[0]: Total records read - 3. abort - false
2024-04-24T04:59:18,016  INFO [LocalJobRunner Map Task Executor #0] exec.MapOperator: RECORDS_OUT_INTERMEDIATE:0, RECORDS_OUT_OPERATOR_MAP_0:0, RECORDS_IN:3, DESERIALIZE_ERRORS:0, 
2024-04-24T04:59:18,016  INFO [LocalJobRunner Map Task Executor #0] exec.TableScanOperator: Closing Operator: TS[20]
2024-04-24T04:59:18,016  INFO [LocalJobRunner Map Task Executor #0] exec.TableScanOperator: RECORDS_OUT_OPERATOR_TS_20:0, RECORDS_OUT_INTERMEDIATE:0, 
2024-04-24T04:59:18,017  INFO [LocalJobRunner Map Task Executor #0] exec.TableScanOperator: Closing Operator: TS[7]
2024-04-24T04:59:18,017  INFO [LocalJobRunner Map Task Executor #0] exec.TableScanOperator: RECORDS_OUT_OPERATOR_TS_7:3, RECORDS_OUT_INTERMEDIATE:0, 
2024-04-24T04:59:18,017  INFO [LocalJobRunner Map Task Executor #0] exec.FilterOperator: Closing Operator: FIL[17]
2024-04-24T04:59:18,017  INFO [LocalJobRunner Map Task Executor #0] exec.FilterOperator: RECORDS_OUT_INTERMEDIATE:0, RECORDS_OUT_OPERATOR_FIL_17:1, 
2024-04-24T04:59:18,017  INFO [LocalJobRunner Map Task Executor #0] exec.SelectOperator: Closing Operator: SEL[9]
2024-04-24T04:59:18,017  INFO [LocalJobRunner Map Task Executor #0] exec.SelectOperator: RECORDS_OUT_OPERATOR_SEL_9:1, RECORDS_OUT_INTERMEDIATE:0, 
2024-04-24T04:59:18,017  INFO [LocalJobRunner Map Task Executor #0] exec.TableScanOperator: Closing Operator: TS[11]
2024-04-24T04:59:18,017  INFO [LocalJobRunner Map Task Executor #0] exec.TableScanOperator: RECORDS_OUT_OPERATOR_TS_11:3, RECORDS_OUT_INTERMEDIATE:0, 
2024-04-24T04:59:18,017  INFO [LocalJobRunner Map Task Executor #0] exec.FilterOperator: Closing Operator: FIL[18]
2024-04-24T04:59:18,017  INFO [LocalJobRunner Map Task Executor #0] exec.FilterOperator: RECORDS_OUT_OPERATOR_FIL_18:1, RECORDS_OUT_INTERMEDIATE:0, 
2024-04-24T04:59:18,017  INFO [LocalJobRunner Map Task Executor #0] exec.SelectOperator: Closing Operator: SEL[13]
2024-04-24T04:59:18,017  INFO [LocalJobRunner Map Task Executor #0] exec.SelectOperator: RECORDS_OUT_INTERMEDIATE:0, RECORDS_OUT_OPERATOR_SEL_13:1, 
2024-04-24T04:59:18,017  INFO [LocalJobRunner Map Task Executor #0] exec.UnionOperator: Closing Operator: UNION[10]
2024-04-24T04:59:18,017  INFO [LocalJobRunner Map Task Executor #0] exec.UnionOperator: RECORDS_OUT_OPERATOR_UNION_10:2, RECORDS_OUT_INTERMEDIATE:0, 
2024-04-24T04:59:18,017  INFO [LocalJobRunner Map Task Executor #0] exec.FileSinkOperator: Closing Operator: FS[15]
2024-04-24T04:59:18,017  INFO [LocalJobRunner Map Task Executor #0] exec.FileSinkOperator: FS[15]: records written - 2
2024-04-24T04:59:18,023  INFO [LocalJobRunner Map Task Executor #0] exec.FileSinkOperator: TOTAL_TABLE_ROWS_WRITTEN:2, RECORDS_OUT_OPERATOR_FS_15:2, RECORDS_OUT_1_default.t:2, RECORDS_OUT_INTERMEDIATE:0, 
2024-04-24T04:59:18,024  INFO [LocalJobRunner Map Task Executor #0] mapred.LocalJobRunner: 
2024-04-24T04:59:18,024  INFO [LocalJobRunner Map Task Executor #0] mapred.Task: Task:attempt_local164963019_0046_m_000000_0 is done. And is in the process of committing
2024-04-24T04:59:18,025  INFO [LocalJobRunner Map Task Executor #0] mapred.LocalJobRunner: OrcSplit [file:/home/alex/Repositories/hive/ql/target/tmp/org.apache.hadoop.hive.ql.TestTxnNoBuckets-1713959849960/warehouse/acidtbl/delta_0000001_0000001_0000/bucket_00001_0, start=3, length=317, isOriginal=false, fileLength=704, hasFooter=false, hasBase=true, deltas=0]
2024-04-24T04:59:18,025  INFO [LocalJobRunner Map Task Executor #0] mapred.Task: Task 'attempt_local164963019_0046_m_000000_0' done.
2024-04-24T04:59:18,025  INFO [LocalJobRunner Map Task Executor #0] mapred.Task: Final Counters for attempt_local164963019_0046_m_000000_0: Counters: 31
	File System Counters
		FILE: Number of bytes read=1084854
		FILE: Number of bytes written=55337278
		FILE: Number of read operations=0
		FILE: Number of large read operations=0
		FILE: Number of write operations=0
	Map-Reduce Framework
		Map input records=3
		Map output records=0
		Input split bytes=497
		Spilled Records=0
		Failed Shuffles=0
		Merged Map outputs=0
		GC time elapsed (ms)=0
		Total committed heap usage (bytes)=1212153856
	HIVE
		CREATED_FILES=1
		DESERIALIZE_ERRORS=0
		RECORDS_IN=3
		RECORDS_OUT_1_default.t=6
		RECORDS_OUT_INTERMEDIATE=0
		RECORDS_OUT_OPERATOR_FIL_17=1
		RECORDS_OUT_OPERATOR_FIL_18=1
		RECORDS_OUT_OPERATOR_FS_15=6
		RECORDS_OUT_OPERATOR_MAP_0=0
		RECORDS_OUT_OPERATOR_SEL_13=1
		RECORDS_OUT_OPERATOR_SEL_9=1
		RECORDS_OUT_OPERATOR_TS_11=3
		RECORDS_OUT_OPERATOR_TS_20=0
		RECORDS_OUT_OPERATOR_TS_7=3
		RECORDS_OUT_OPERATOR_UNION_10=6
		TOTAL_TABLE_ROWS_WRITTEN=6
	File Input Format Counters 
		Bytes Read=10638
	File Output Format Counters 
		Bytes Written=0
2024-04-24T04:59:18,025  INFO [LocalJobRunner Map Task Executor #0] mapred.LocalJobRunner: Finishing task: attempt_local164963019_0046_m_000000_0
2024-04-24T04:59:18,025  INFO [LocalJobRunner Map Task Executor #0] mapred.LocalJobRunner: Starting task: attempt_local164963019_0046_m_000001_0
2024-04-24T04:59:18,025  INFO [LocalJobRunner Map Task Executor #0] mapred.Task:  Using ResourceCalculatorProcessTree : [ ]
2024-04-24T04:59:18,026  INFO [LocalJobRunner Map Task Executor #0] mapred.MapTask: Processing split: org.apache.hadoop.hive.ql.io.orc.OrcInputFormat:OrcSplit [file:/home/alex/Repositories/hive/ql/target/tmp/org.apache.hadoop.hive.ql.TestTxnNoBuckets-1713959849960/warehouse/acidtbl/delta_0000001_0000001_0000/bucket_00000_0, start=3, length=315, isOriginal=false, fileLength=688, hasFooter=false, hasBase=true, deltas=0]
2024-04-24T04:59:18,026  INFO [LocalJobRunner Map Task Executor #0] exec.SerializationUtilities: Deserializing MapWork using kryo
2024-04-24T04:59:18,027  INFO [LocalJobRunner Map Task Executor #0] exec.Utilities: Deserialized plan (via FILE) - name: null size: 7,67KB
2024-04-24T04:59:18,028  INFO [LocalJobRunner Map Task Executor #0] orc.OrcRawRecordMerger: min key = null, max key = null
2024-04-24T04:59:18,028  INFO [LocalJobRunner Map Task Executor #0] orc.ReaderImpl: Reading ORC rows from file:/home/alex/Repositories/hive/ql/target/tmp/org.apache.hadoop.hive.ql.TestTxnNoBuckets-1713959849960/warehouse/acidtbl/delta_0000001_0000001_0000/bucket_00000_0 with {include: [true, true, true], offset: 3, length: 315, schema: struct<a:int,b:int>, includeAcidColumns: true}
2024-04-24T04:59:18,028  INFO [LocalJobRunner Map Task Executor #0] orc.OrcRawRecordMerger: updated min key = null, max key = null
2024-04-24T04:59:18,028  INFO [LocalJobRunner Map Task Executor #0] mapred.MapTask: numReduceTasks: 0
2024-04-24T04:59:18,029  INFO [LocalJobRunner Map Task Executor #0] exec.MapOperator: Initializing Operator: MAP[0]
2024-04-24T04:59:18,030  INFO [LocalJobRunner Map Task Executor #0] mr.ExecMapper: 
<MAP>Id =0
  <Children>
    <TS>Id =20
      <Children>
        <UNION>Id =10
          <Children>
            <FS>Id =15
              <Children>
              <\Children>
              <Parent>Id = 10 null<\Parent>
            <\FS>
          <\Children>
          <Parent>Id = 20 nullId = 9 
        <SEL>Id =9
          <Children>null
          <\Children>
          <Parent>Id = 17 
        <FIL>Id =17
          <Children>null
          <\Children>
          <Parent>Id = 7 
        <TS>Id =7
          <Children>null
          <\Children>
          <Parent>Id = 0 null<\Parent>
        <\TS><\Parent>
        <\FIL><\Parent>
        <\SEL>Id = 13 
        <SEL>Id =13
          <Children>null
          <\Children>
          <Parent>Id = 18 
        <FIL>Id =18
          <Children>null
          <\Children>
          <Parent>Id = 11 
        <TS>Id =11
          <Children>null
          <\Children>
          <Parent>Id = 0 null<\Parent>
        <\TS><\Parent>
        <\FIL><\Parent>
        <\SEL><\Parent>
        <\UNION>
      <\Children>
      <Parent>Id = 0 null<\Parent>
    <\TS>nullnull
  <\Children>
  <Parent><\Parent>
<\MAP>
2024-04-24T04:59:18,031  INFO [LocalJobRunner Map Task Executor #0] exec.TableScanOperator: Initializing Operator: TS[11]
2024-04-24T04:59:18,031  INFO [LocalJobRunner Map Task Executor #0] exec.FilterOperator: Initializing Operator: FIL[18]
2024-04-24T04:59:18,031  INFO [LocalJobRunner Map Task Executor #0] exec.SelectOperator: Initializing Operator: SEL[13]
2024-04-24T04:59:18,031  INFO [LocalJobRunner Map Task Executor #0] exec.SelectOperator: SELECT struct<a:int,b:int>
2024-04-24T04:59:18,031  INFO [LocalJobRunner Map Task Executor #0] exec.TableScanOperator: Initializing Operator: TS[7]
2024-04-24T04:59:18,031  INFO [LocalJobRunner Map Task Executor #0] exec.FilterOperator: Initializing Operator: FIL[17]
2024-04-24T04:59:18,031  INFO [LocalJobRunner Map Task Executor #0] exec.SelectOperator: Initializing Operator: SEL[9]
2024-04-24T04:59:18,031  INFO [LocalJobRunner Map Task Executor #0] exec.SelectOperator: SELECT struct<a:int,b:int>
2024-04-24T04:59:18,031  INFO [LocalJobRunner Map Task Executor #0] exec.TableScanOperator: Initializing Operator: TS[20]
2024-04-24T04:59:18,031  INFO [LocalJobRunner Map Task Executor #0] exec.UnionOperator: Initializing Operator: UNION[10]
2024-04-24T04:59:18,031  INFO [LocalJobRunner Map Task Executor #0] exec.UnionOperator: Union Operator needs to transform row from parent[0] from org.apache.hadoop.hive.serde2.lazybinary.objectinspector.LazyBinaryStructObjectInspector<org.apache.hadoop.hive.serde2.objectinspector.primitive.WritableIntObjectInspector@1d57b8f1,org.apache.hadoop.hive.serde2.objectinspector.primitive.WritableIntObjectInspector@1d57b8f1> to org.apache.hadoop.hive.serde2.objectinspector.StandardStructObjectInspector<org.apache.hadoop.hive.serde2.objectinspector.primitive.WritableIntObjectInspector@1d57b8f1,org.apache.hadoop.hive.serde2.objectinspector.primitive.WritableIntObjectInspector@1d57b8f1>
2024-04-24T04:59:18,031  INFO [LocalJobRunner Map Task Executor #0] exec.FileSinkOperator: Initializing Operator: FS[15]
2024-04-24T04:59:18,032  INFO [LocalJobRunner Map Task Executor #0] exec.FileSinkOperator: Using serializer : AbstractSerDe [log=org.apache.logging.slf4j.Log4jLogger@7620dc3c, configuration=Optional[Configuration: core-default.xml, core-site.xml, mapred-default.xml, mapred-site.xml, yarn-default.xml, yarn-site.xml, hdfs-default.xml, hdfs-site.xml, file:/home/alex/Repositories/hive/ql/target/tmp/TestTxnNoBucketsVectorized/mapred/local/localRunner/alex/job_local164963019_0046/job_local164963019_0046.xml], properties={name=default.t, columns.types=int:int, serialization.format=1, columns=a,b, numFilesErasureCoded=0, columns.comments=&amp#0;, bucketing_version=2, serialization.lib=org.apache.hadoop.hive.ql.io.orc.OrcSerde, file.inputformat=org.apache.hadoop.hive.ql.io.orc.OrcInputFormat, file.outputformat=org.apache.hadoop.hive.ql.io.orc.OrcOutputFormat, location=file:/home/alex/Repositories/hive/ql/target/tmp/org.apache.hadoop.hive.ql.TestTxnNoBuckets-1713959849960/warehouse/t, column.name.delimiter=,}, tableProperties={name=default.t, columns.types=int:int, serialization.format=1, columns=a,b, numFilesErasureCoded=0, columns.comments=&amp#0;, bucketing_version=2, serialization.lib=org.apache.hadoop.hive.ql.io.orc.OrcSerde, file.inputformat=org.apache.hadoop.hive.ql.io.orc.OrcInputFormat, location=file:/home/alex/Repositories/hive/ql/target/tmp/org.apache.hadoop.hive.ql.TestTxnNoBuckets-1713959849960/warehouse/t, file.outputformat=org.apache.hadoop.hive.ql.io.orc.OrcOutputFormat, column.name.delimiter=,}, partitionProperties=Optional.empty, columnNames=[a, b], columnTypes=[int, int], getClass()=class org.apache.hadoop.hive.ql.io.orc.OrcSerde] and formatter : org.apache.hadoop.hive.ql.io.orc.OrcOutputFormat@53bd66fe
2024-04-24T04:59:18,032  INFO [LocalJobRunner Map Task Executor #0] exec.MapOperator: MAP[0]: records read - 1
2024-04-24T04:59:18,033  INFO [LocalJobRunner Map Task Executor #0] exec.FileSinkOperator: Final Path: FS file:/home/alex/Repositories/hive/ql/target/tmp/org.apache.hadoop.hive.ql.TestTxnNoBuckets-1713959849960/warehouse/t/.hive-staging_hive_2024-04-24_04-59-16_097_4424926182483189585-1/_tmp.-ext-10000/000001_0
2024-04-24T04:59:18,033  INFO [LocalJobRunner Map Task Executor #0] exec.FileSinkOperator: Writing to temp file: FS file:/home/alex/Repositories/hive/ql/target/tmp/org.apache.hadoop.hive.ql.TestTxnNoBuckets-1713959849960/warehouse/t/.hive-staging_hive_2024-04-24_04-59-16_097_4424926182483189585-1/_task_tmp.-ext-10000/_tmp.000001_0
2024-04-24T04:59:18,033  INFO [LocalJobRunner Map Task Executor #0] exec.FileSinkOperator: New Final Path: FS file:/home/alex/Repositories/hive/ql/target/tmp/org.apache.hadoop.hive.ql.TestTxnNoBuckets-1713959849960/warehouse/t/.hive-staging_hive_2024-04-24_04-59-16_097_4424926182483189585-1/_tmp.-ext-10000/000001_0
2024-04-24T04:59:18,033  INFO [LocalJobRunner Map Task Executor #0] exec.FileSinkOperator: FS[15]: records written - 1
2024-04-24T04:59:18,033  INFO [LocalJobRunner Map Task Executor #0] impl.PhysicalFsWriter: ORC writer created for path: file:/home/alex/Repositories/hive/ql/target/tmp/org.apache.hadoop.hive.ql.TestTxnNoBuckets-1713959849960/warehouse/t/.hive-staging_hive_2024-04-24_04-59-16_097_4424926182483189585-1/_task_tmp.-ext-10000/_tmp.000001_0 with stripeSize: 67108864 blockSize: 268435456 compression: Compress: ZLIB buffer: 262144
2024-04-24T04:59:18,038  INFO [LocalJobRunner Map Task Executor #0] impl.WriterImpl: ORC writer created for path: file:/home/alex/Repositories/hive/ql/target/tmp/org.apache.hadoop.hive.ql.TestTxnNoBuckets-1713959849960/warehouse/t/.hive-staging_hive_2024-04-24_04-59-16_097_4424926182483189585-1/_task_tmp.-ext-10000/_tmp.000001_0 with stripeSize: 67108864 options: Compress: ZLIB buffer: 262144
2024-04-24T04:59:18,038  INFO [LocalJobRunner Map Task Executor #0] exec.MapOperator: Closing Operator: MAP[0]
2024-04-24T04:59:18,038  INFO [LocalJobRunner Map Task Executor #0] exec.MapOperator: MAP[0]: Total records read - 2. abort - false
2024-04-24T04:59:18,038  INFO [LocalJobRunner Map Task Executor #0] exec.MapOperator: RECORDS_OUT_INTERMEDIATE:0, RECORDS_OUT_OPERATOR_MAP_0:0, RECORDS_IN:2, DESERIALIZE_ERRORS:0, 
2024-04-24T04:59:18,038  INFO [LocalJobRunner Map Task Executor #0] exec.TableScanOperator: Closing Operator: TS[20]
2024-04-24T04:59:18,038  INFO [LocalJobRunner Map Task Executor #0] exec.TableScanOperator: RECORDS_OUT_INTERMEDIATE:0, RECORDS_OUT_OPERATOR_TS_20:0, 
2024-04-24T04:59:18,038  INFO [LocalJobRunner Map Task Executor #0] exec.TableScanOperator: Closing Operator: TS[7]
2024-04-24T04:59:18,038  INFO [LocalJobRunner Map Task Executor #0] exec.TableScanOperator: RECORDS_OUT_OPERATOR_TS_7:2, RECORDS_OUT_INTERMEDIATE:0, 
2024-04-24T04:59:18,038  INFO [LocalJobRunner Map Task Executor #0] exec.FilterOperator: Closing Operator: FIL[17]
2024-04-24T04:59:18,038  INFO [LocalJobRunner Map Task Executor #0] exec.FilterOperator: RECORDS_OUT_INTERMEDIATE:0, RECORDS_OUT_OPERATOR_FIL_17:1, 
2024-04-24T04:59:18,038  INFO [LocalJobRunner Map Task Executor #0] exec.SelectOperator: Closing Operator: SEL[9]
2024-04-24T04:59:18,038  INFO [LocalJobRunner Map Task Executor #0] exec.SelectOperator: RECORDS_OUT_INTERMEDIATE:0, RECORDS_OUT_OPERATOR_SEL_9:1, 
2024-04-24T04:59:18,038  INFO [LocalJobRunner Map Task Executor #0] exec.TableScanOperator: Closing Operator: TS[11]
2024-04-24T04:59:18,038  INFO [LocalJobRunner Map Task Executor #0] exec.TableScanOperator: RECORDS_OUT_OPERATOR_TS_11:2, RECORDS_OUT_INTERMEDIATE:0, 
2024-04-24T04:59:18,038  INFO [LocalJobRunner Map Task Executor #0] exec.FilterOperator: Closing Operator: FIL[18]
2024-04-24T04:59:18,038  INFO [LocalJobRunner Map Task Executor #0] exec.FilterOperator: RECORDS_OUT_OPERATOR_FIL_18:0, RECORDS_OUT_INTERMEDIATE:0, 
2024-04-24T04:59:18,038  INFO [LocalJobRunner Map Task Executor #0] exec.SelectOperator: Closing Operator: SEL[13]
2024-04-24T04:59:18,039  INFO [LocalJobRunner Map Task Executor #0] exec.SelectOperator: RECORDS_OUT_OPERATOR_SEL_13:0, RECORDS_OUT_INTERMEDIATE:0, 
2024-04-24T04:59:18,039  INFO [LocalJobRunner Map Task Executor #0] exec.UnionOperator: Closing Operator: UNION[10]
2024-04-24T04:59:18,039  INFO [LocalJobRunner Map Task Executor #0] exec.UnionOperator: RECORDS_OUT_INTERMEDIATE:0, RECORDS_OUT_OPERATOR_UNION_10:1, 
2024-04-24T04:59:18,039  INFO [LocalJobRunner Map Task Executor #0] exec.FileSinkOperator: Closing Operator: FS[15]
2024-04-24T04:59:18,039  INFO [LocalJobRunner Map Task Executor #0] exec.FileSinkOperator: FS[15]: records written - 1
2024-04-24T04:59:18,045  INFO [LocalJobRunner Map Task Executor #0] exec.FileSinkOperator: RECORDS_OUT_1_default.t:1, TOTAL_TABLE_ROWS_WRITTEN:1, RECORDS_OUT_OPERATOR_FS_15:1, RECORDS_OUT_INTERMEDIATE:0, 
2024-04-24T04:59:18,046  INFO [LocalJobRunner Map Task Executor #0] mapred.LocalJobRunner: 
2024-04-24T04:59:18,046  INFO [LocalJobRunner Map Task Executor #0] mapred.Task: Task:attempt_local164963019_0046_m_000001_0 is done. And is in the process of committing
2024-04-24T04:59:18,046  INFO [LocalJobRunner Map Task Executor #0] mapred.LocalJobRunner: OrcSplit [file:/home/alex/Repositories/hive/ql/target/tmp/org.apache.hadoop.hive.ql.TestTxnNoBuckets-1713959849960/warehouse/acidtbl/delta_0000001_0000001_0000/bucket_00000_0, start=3, length=315, isOriginal=false, fileLength=688, hasFooter=false, hasBase=true, deltas=0]
2024-04-24T04:59:18,046  INFO [LocalJobRunner Map Task Executor #0] mapred.Task: Task 'attempt_local164963019_0046_m_000001_0' done.
2024-04-24T04:59:18,046  INFO [LocalJobRunner Map Task Executor #0] mapred.Task: Final Counters for attempt_local164963019_0046_m_000001_0: Counters: 31
	File System Counters
		FILE: Number of bytes read=1096783
		FILE: Number of bytes written=55337621
		FILE: Number of read operations=0
		FILE: Number of large read operations=0
		FILE: Number of write operations=0
	Map-Reduce Framework
		Map input records=2
		Map output records=0
		Input split bytes=497
		Spilled Records=0
		Failed Shuffles=0
		Merged Map outputs=0
		GC time elapsed (ms)=0
		Total committed heap usage (bytes)=1212153856
	HIVE
		CREATED_FILES=1
		DESERIALIZE_ERRORS=0
		RECORDS_IN=2
		RECORDS_OUT_1_default.t=3
		RECORDS_OUT_INTERMEDIATE=0
		RECORDS_OUT_OPERATOR_FIL_17=1
		RECORDS_OUT_OPERATOR_FIL_18=0
		RECORDS_OUT_OPERATOR_FS_15=3
		RECORDS_OUT_OPERATOR_MAP_0=0
		RECORDS_OUT_OPERATOR_SEL_13=0
		RECORDS_OUT_OPERATOR_SEL_9=1
		RECORDS_OUT_OPERATOR_TS_11=2
		RECORDS_OUT_OPERATOR_TS_20=0
		RECORDS_OUT_OPERATOR_TS_7=2
		RECORDS_OUT_OPERATOR_UNION_10=3
		TOTAL_TABLE_ROWS_WRITTEN=3
	File Input Format Counters 
		Bytes Read=10574
	File Output Format Counters 
		Bytes Written=0
2024-04-24T04:59:18,046  INFO [LocalJobRunner Map Task Executor #0] mapred.LocalJobRunner: Finishing task: attempt_local164963019_0046_m_000001_0
2024-04-24T04:59:18,046  INFO [LocalJobRunner Map Task Executor #0] mapred.LocalJobRunner: Starting task: attempt_local164963019_0046_m_000002_0
2024-04-24T04:59:18,047  INFO [LocalJobRunner Map Task Executor #0] mapred.Task:  Using ResourceCalculatorProcessTree : [ ]
2024-04-24T04:59:18,047  INFO [LocalJobRunner Map Task Executor #0] mapred.MapTask: Processing split: org.apache.hadoop.mapred.SequenceFileInputFormat:file:/home/alex/Repositories/hive/ql/target/tmp/localscratchdir/cd0e0edb-3ea1-4a99-b6d6-ac39120d4b88/hive_2024-04-24_04-59-16_097_4424926182483189585-1/-mr-10002/000000_0:0+134
2024-04-24T04:59:18,048  INFO [LocalJobRunner Map Task Executor #0] exec.SerializationUtilities: Deserializing MapWork using kryo
2024-04-24T04:59:18,048  INFO [LocalJobRunner Map Task Executor #0] exec.Utilities: Deserialized plan (via FILE) - name: null size: 7,67KB
2024-04-24T04:59:18,048  INFO [LocalJobRunner Map Task Executor #0] exec.Utilities: schema.evolution.columns and schema.evolution.columns.types not available
2024-04-24T04:59:18,049  INFO [LocalJobRunner Map Task Executor #0] mapred.MapTask: numReduceTasks: 0
2024-04-24T04:59:18,049  INFO [LocalJobRunner Map Task Executor #0] exec.MapOperator: Initializing Operator: MAP[0]
2024-04-24T04:59:18,050  INFO [LocalJobRunner Map Task Executor #0] mr.ExecMapper: 
<MAP>Id =0
  <Children>
    <TS>Id =20
      <Children>
        <UNION>Id =10
          <Children>
            <FS>Id =15
              <Children>
              <\Children>
              <Parent>Id = 10 null<\Parent>
            <\FS>
          <\Children>
          <Parent>Id = 20 nullId = 9 
        <SEL>Id =9
          <Children>null
          <\Children>
          <Parent>Id = 17 
        <FIL>Id =17
          <Children>null
          <\Children>
          <Parent>Id = 7 
        <TS>Id =7
          <Children>null
          <\Children>
          <Parent>Id = 0 null<\Parent>
        <\TS><\Parent>
        <\FIL><\Parent>
        <\SEL>Id = 13 
        <SEL>Id =13
          <Children>null
          <\Children>
          <Parent>Id = 18 
        <FIL>Id =18
          <Children>null
          <\Children>
          <Parent>Id = 11 
        <TS>Id =11
          <Children>null
          <\Children>
          <Parent>Id = 0 null<\Parent>
        <\TS><\Parent>
        <\FIL><\Parent>
        <\SEL><\Parent>
        <\UNION>
      <\Children>
      <Parent>Id = 0 null<\Parent>
    <\TS>nullnull
  <\Children>
  <Parent><\Parent>
<\MAP>
2024-04-24T04:59:18,051  INFO [LocalJobRunner Map Task Executor #0] exec.TableScanOperator: Initializing Operator: TS[11]
2024-04-24T04:59:18,051  INFO [LocalJobRunner Map Task Executor #0] exec.FilterOperator: Initializing Operator: FIL[18]
2024-04-24T04:59:18,051  INFO [LocalJobRunner Map Task Executor #0] exec.SelectOperator: Initializing Operator: SEL[13]
2024-04-24T04:59:18,051  INFO [LocalJobRunner Map Task Executor #0] exec.SelectOperator: SELECT struct<a:int,b:int>
2024-04-24T04:59:18,051  INFO [LocalJobRunner Map Task Executor #0] exec.TableScanOperator: Initializing Operator: TS[20]
2024-04-24T04:59:18,051  INFO [LocalJobRunner Map Task Executor #0] exec.TableScanOperator: Initializing Operator: TS[7]
2024-04-24T04:59:18,051  INFO [LocalJobRunner Map Task Executor #0] exec.FilterOperator: Initializing Operator: FIL[17]
2024-04-24T04:59:18,051  INFO [LocalJobRunner Map Task Executor #0] exec.SelectOperator: Initializing Operator: SEL[9]
2024-04-24T04:59:18,051  INFO [LocalJobRunner Map Task Executor #0] exec.SelectOperator: SELECT struct<a:int,b:int>
2024-04-24T04:59:18,051  INFO [LocalJobRunner Map Task Executor #0] exec.UnionOperator: Initializing Operator: UNION[10]
2024-04-24T04:59:18,051  INFO [LocalJobRunner Map Task Executor #0] exec.UnionOperator: Union Operator needs to transform row from parent[0] from org.apache.hadoop.hive.serde2.lazybinary.objectinspector.LazyBinaryStructObjectInspector<org.apache.hadoop.hive.serde2.objectinspector.primitive.WritableIntObjectInspector@1d57b8f1,org.apache.hadoop.hive.serde2.objectinspector.primitive.WritableIntObjectInspector@1d57b8f1> to org.apache.hadoop.hive.serde2.objectinspector.StandardStructObjectInspector<org.apache.hadoop.hive.serde2.objectinspector.primitive.WritableIntObjectInspector@1d57b8f1,org.apache.hadoop.hive.serde2.objectinspector.primitive.WritableIntObjectInspector@1d57b8f1>
2024-04-24T04:59:18,051  INFO [LocalJobRunner Map Task Executor #0] exec.FileSinkOperator: Initializing Operator: FS[15]
2024-04-24T04:59:18,052  INFO [LocalJobRunner Map Task Executor #0] exec.FileSinkOperator: Using serializer : AbstractSerDe [log=org.apache.logging.slf4j.Log4jLogger@7620dc3c, configuration=Optional[Configuration: core-default.xml, core-site.xml, mapred-default.xml, mapred-site.xml, yarn-default.xml, yarn-site.xml, hdfs-default.xml, hdfs-site.xml, file:/home/alex/Repositories/hive/ql/target/tmp/TestTxnNoBucketsVectorized/mapred/local/localRunner/alex/job_local164963019_0046/job_local164963019_0046.xml], properties={name=default.t, columns.types=int:int, serialization.format=1, columns=a,b, numFilesErasureCoded=0, columns.comments=&amp#0;, bucketing_version=2, serialization.lib=org.apache.hadoop.hive.ql.io.orc.OrcSerde, file.inputformat=org.apache.hadoop.hive.ql.io.orc.OrcInputFormat, file.outputformat=org.apache.hadoop.hive.ql.io.orc.OrcOutputFormat, location=file:/home/alex/Repositories/hive/ql/target/tmp/org.apache.hadoop.hive.ql.TestTxnNoBuckets-1713959849960/warehouse/t, column.name.delimiter=,}, tableProperties={name=default.t, columns.types=int:int, serialization.format=1, columns=a,b, numFilesErasureCoded=0, columns.comments=&amp#0;, bucketing_version=2, serialization.lib=org.apache.hadoop.hive.ql.io.orc.OrcSerde, file.inputformat=org.apache.hadoop.hive.ql.io.orc.OrcInputFormat, location=file:/home/alex/Repositories/hive/ql/target/tmp/org.apache.hadoop.hive.ql.TestTxnNoBuckets-1713959849960/warehouse/t, file.outputformat=org.apache.hadoop.hive.ql.io.orc.OrcOutputFormat, column.name.delimiter=,}, partitionProperties=Optional.empty, columnNames=[a, b], columnTypes=[int, int], getClass()=class org.apache.hadoop.hive.ql.io.orc.OrcSerde] and formatter : org.apache.hadoop.hive.ql.io.orc.OrcOutputFormat@255ffe6d
2024-04-24T04:59:18,052  INFO [LocalJobRunner Map Task Executor #0] exec.FileSinkOperator: Final Path: FS file:/home/alex/Repositories/hive/ql/target/tmp/org.apache.hadoop.hive.ql.TestTxnNoBuckets-1713959849960/warehouse/t/.hive-staging_hive_2024-04-24_04-59-16_097_4424926182483189585-1/_tmp.-ext-10000/000002_0
2024-04-24T04:59:18,052  INFO [LocalJobRunner Map Task Executor #0] exec.FileSinkOperator: Writing to temp file: FS file:/home/alex/Repositories/hive/ql/target/tmp/org.apache.hadoop.hive.ql.TestTxnNoBuckets-1713959849960/warehouse/t/.hive-staging_hive_2024-04-24_04-59-16_097_4424926182483189585-1/_task_tmp.-ext-10000/_tmp.000002_0
2024-04-24T04:59:18,052  INFO [LocalJobRunner Map Task Executor #0] exec.FileSinkOperator: New Final Path: FS file:/home/alex/Repositories/hive/ql/target/tmp/org.apache.hadoop.hive.ql.TestTxnNoBuckets-1713959849960/warehouse/t/.hive-staging_hive_2024-04-24_04-59-16_097_4424926182483189585-1/_tmp.-ext-10000/000002_0
2024-04-24T04:59:18,052  INFO [LocalJobRunner Map Task Executor #0] exec.FileSinkOperator: FS[15]: records written - 1
2024-04-24T04:59:18,052  INFO [LocalJobRunner Map Task Executor #0] impl.PhysicalFsWriter: ORC writer created for path: file:/home/alex/Repositories/hive/ql/target/tmp/org.apache.hadoop.hive.ql.TestTxnNoBuckets-1713959849960/warehouse/t/.hive-staging_hive_2024-04-24_04-59-16_097_4424926182483189585-1/_task_tmp.-ext-10000/_tmp.000002_0 with stripeSize: 67108864 blockSize: 268435456 compression: Compress: ZLIB buffer: 262144
2024-04-24T04:59:18,057  INFO [LocalJobRunner Map Task Executor #0] impl.WriterImpl: ORC writer created for path: file:/home/alex/Repositories/hive/ql/target/tmp/org.apache.hadoop.hive.ql.TestTxnNoBuckets-1713959849960/warehouse/t/.hive-staging_hive_2024-04-24_04-59-16_097_4424926182483189585-1/_task_tmp.-ext-10000/_tmp.000002_0 with stripeSize: 67108864 options: Compress: ZLIB buffer: 262144
2024-04-24T04:59:18,057  INFO [LocalJobRunner Map Task Executor #0] exec.MapOperator: MAP[0]: records read - 1
2024-04-24T04:59:18,057  INFO [LocalJobRunner Map Task Executor #0] exec.MapOperator: Closing Operator: MAP[0]
2024-04-24T04:59:18,057  INFO [LocalJobRunner Map Task Executor #0] exec.MapOperator: MAP[0]: Total records read - 2. abort - false
2024-04-24T04:59:18,057  INFO [LocalJobRunner Map Task Executor #0] exec.MapOperator: RECORDS_OUT_INTERMEDIATE:0, DESERIALIZE_ERRORS:0, RECORDS_IN:2, RECORDS_OUT_OPERATOR_MAP_0:0, 
2024-04-24T04:59:18,057  INFO [LocalJobRunner Map Task Executor #0] exec.TableScanOperator: Closing Operator: TS[20]
2024-04-24T04:59:18,057  INFO [LocalJobRunner Map Task Executor #0] exec.TableScanOperator: RECORDS_OUT_INTERMEDIATE:0, RECORDS_OUT_OPERATOR_TS_20:2, 
2024-04-24T04:59:18,057  INFO [LocalJobRunner Map Task Executor #0] exec.TableScanOperator: Closing Operator: TS[7]
2024-04-24T04:59:18,057  INFO [LocalJobRunner Map Task Executor #0] exec.TableScanOperator: RECORDS_OUT_OPERATOR_TS_7:0, RECORDS_OUT_INTERMEDIATE:0, 
2024-04-24T04:59:18,057  INFO [LocalJobRunner Map Task Executor #0] exec.FilterOperator: Closing Operator: FIL[17]
2024-04-24T04:59:18,057  INFO [LocalJobRunner Map Task Executor #0] exec.FilterOperator: RECORDS_OUT_OPERATOR_FIL_17:0, RECORDS_OUT_INTERMEDIATE:0, 
2024-04-24T04:59:18,057  INFO [LocalJobRunner Map Task Executor #0] exec.SelectOperator: Closing Operator: SEL[9]
2024-04-24T04:59:18,057  INFO [LocalJobRunner Map Task Executor #0] exec.SelectOperator: RECORDS_OUT_INTERMEDIATE:0, RECORDS_OUT_OPERATOR_SEL_9:0, 
2024-04-24T04:59:18,057  INFO [LocalJobRunner Map Task Executor #0] exec.TableScanOperator: Closing Operator: TS[11]
2024-04-24T04:59:18,057  INFO [LocalJobRunner Map Task Executor #0] exec.TableScanOperator: RECORDS_OUT_INTERMEDIATE:0, RECORDS_OUT_OPERATOR_TS_11:0, 
2024-04-24T04:59:18,057  INFO [LocalJobRunner Map Task Executor #0] exec.FilterOperator: Closing Operator: FIL[18]
2024-04-24T04:59:18,057  INFO [LocalJobRunner Map Task Executor #0] exec.FilterOperator: RECORDS_OUT_OPERATOR_FIL_18:0, RECORDS_OUT_INTERMEDIATE:0, 
2024-04-24T04:59:18,057  INFO [LocalJobRunner Map Task Executor #0] exec.SelectOperator: Closing Operator: SEL[13]
2024-04-24T04:59:18,057  INFO [LocalJobRunner Map Task Executor #0] exec.SelectOperator: RECORDS_OUT_OPERATOR_SEL_13:0, RECORDS_OUT_INTERMEDIATE:0, 
2024-04-24T04:59:18,058  INFO [LocalJobRunner Map Task Executor #0] exec.UnionOperator: Closing Operator: UNION[10]
2024-04-24T04:59:18,058  INFO [LocalJobRunner Map Task Executor #0] exec.UnionOperator: RECORDS_OUT_INTERMEDIATE:0, RECORDS_OUT_OPERATOR_UNION_10:2, 
2024-04-24T04:59:18,058  INFO [LocalJobRunner Map Task Executor #0] exec.FileSinkOperator: Closing Operator: FS[15]
2024-04-24T04:59:18,058  INFO [LocalJobRunner Map Task Executor #0] exec.FileSinkOperator: FS[15]: records written - 2
2024-04-24T04:59:18,064  INFO [LocalJobRunner Map Task Executor #0] exec.FileSinkOperator: RECORDS_OUT_INTERMEDIATE:0, TOTAL_TABLE_ROWS_WRITTEN:2, RECORDS_OUT_OPERATOR_FS_15:2, RECORDS_OUT_1_default.t:2, 
2024-04-24T04:59:18,064  INFO [LocalJobRunner Map Task Executor #0] mapred.LocalJobRunner: 
2024-04-24T04:59:18,065  INFO [LocalJobRunner Map Task Executor #0] mapred.Task: Task:attempt_local164963019_0046_m_000002_0 is done. And is in the process of committing
2024-04-24T04:59:18,065  INFO [LocalJobRunner Map Task Executor #0] mapred.LocalJobRunner: file:/home/alex/Repositories/hive/ql/target/tmp/localscratchdir/cd0e0edb-3ea1-4a99-b6d6-ac39120d4b88/hive_2024-04-24_04-59-16_097_4424926182483189585-1/-mr-10002/000000_0:0+134
2024-04-24T04:59:18,065  INFO [LocalJobRunner Map Task Executor #0] mapred.Task: Task 'attempt_local164963019_0046_m_000002_0' done.
2024-04-24T04:59:18,065  INFO [LocalJobRunner Map Task Executor #0] mapred.Task: Final Counters for attempt_local164963019_0046_m_000002_0: Counters: 31
	File System Counters
		FILE: Number of bytes read=1105660
		FILE: Number of bytes written=55337964
		FILE: Number of read operations=0
		FILE: Number of large read operations=0
		FILE: Number of write operations=0
	Map-Reduce Framework
		Map input records=2
		Map output records=0
		Input split bytes=334
		Spilled Records=0
		Failed Shuffles=0
		Merged Map outputs=0
		GC time elapsed (ms)=0
		Total committed heap usage (bytes)=1212153856
	HIVE
		CREATED_FILES=1
		DESERIALIZE_ERRORS=0
		RECORDS_IN=2
		RECORDS_OUT_1_default.t=6
		RECORDS_OUT_INTERMEDIATE=0
		RECORDS_OUT_OPERATOR_FIL_17=0
		RECORDS_OUT_OPERATOR_FIL_18=0
		RECORDS_OUT_OPERATOR_FS_15=6
		RECORDS_OUT_OPERATOR_MAP_0=0
		RECORDS_OUT_OPERATOR_SEL_13=0
		RECORDS_OUT_OPERATOR_SEL_9=0
		RECORDS_OUT_OPERATOR_TS_11=0
		RECORDS_OUT_OPERATOR_TS_20=2
		RECORDS_OUT_OPERATOR_TS_7=0
		RECORDS_OUT_OPERATOR_UNION_10=6
		TOTAL_TABLE_ROWS_WRITTEN=6
	File Input Format Counters 
		Bytes Read=8034
	File Output Format Counters 
		Bytes Written=0
2024-04-24T04:59:18,065  INFO [LocalJobRunner Map Task Executor #0] mapred.LocalJobRunner: Finishing task: attempt_local164963019_0046_m_000002_0
2024-04-24T04:59:18,065  INFO [Thread-3018] mapred.LocalJobRunner: map task executor complete.
2024-04-24 04:59:19,001 Stage-2 map = 100%,  reduce = 0%
2024-04-24T04:59:19,001  INFO [main] exec.Task: 2024-04-24 04:59:19,001 Stage-2 map = 100%,  reduce = 0%
Ended Job = job_local164963019_0046
2024-04-24T04:59:19,003  INFO [main] exec.Task: Ended Job = job_local164963019_0046
2024-04-24T04:59:19,004  INFO [main] ql.Driver: Starting task [Stage-0:MOVE] in serial mode
Loading data to table default.t
2024-04-24T04:59:19,004  INFO [main] exec.Task: Loading data to table default.t from file:/home/alex/Repositories/hive/ql/target/tmp/org.apache.hadoop.hive.ql.TestTxnNoBuckets-1713959849960/warehouse/t/.hive-staging_hive_2024-04-24_04-59-16_097_4424926182483189585-1/-ext-10000
2024-04-24T04:59:19,004  INFO [main] HiveMetaStore.audit: ugi=alex	ip=unknown-ip-addr	cmd=get_table : tbl=hive.default.t	
2024-04-24T04:59:19,013  INFO [main] metastore.HMSHandler: Skipping translation for processor with null
2024-04-24T04:59:19,014  INFO [main] HiveMetaStore.audit: ugi=alex	ip=unknown-ip-addr	cmd=get_table : tbl=hive.default.t	
2024-04-24T04:59:19,022  INFO [main] metastore.HMSHandler: Skipping translation for processor with null
2024-04-24T04:59:19,024  WARN [main] metadata.Hive: Cannot get a table snapshot for t
2024-04-24T04:59:19,025  INFO [main] HiveMetaStore.audit: ugi=alex	ip=unknown-ip-addr	cmd=alter_table: hive.default.t newtbl=t	
2024-04-24T04:59:19,051  INFO [main] ql.Driver: Starting task [Stage-3:STATS] in serial mode
2024-04-24T04:59:19,051  INFO [main] HiveMetaStore.audit: ugi=alex	ip=unknown-ip-addr	cmd=get_table : tbl=hive.default.t	
2024-04-24T04:59:19,060  INFO [main] metastore.HMSHandler: Skipping translation for processor with null
2024-04-24T04:59:19,061  INFO [main] stats.BasicStatsTask: Executing stats task
2024-04-24T04:59:19,061  INFO [main] fs.FSStatsPublisher: created : file:/home/alex/Repositories/hive/ql/target/tmp/localscratchdir/cd0e0edb-3ea1-4a99-b6d6-ac39120d4b88/hive_2024-04-24_04-59-16_097_4424926182483189585-1/-mr-10001
2024-04-24T04:59:19,063  INFO [main] HiveMetaStore.audit: ugi=alex	ip=unknown-ip-addr	cmd=get_table : tbl=hive.default.t	
2024-04-24T04:59:19,074  INFO [main] metastore.HMSHandler: Skipping translation for processor with null
2024-04-24T04:59:19,074  INFO [main] FileOperations: Read stats for default.t/, numRows, true, 5, false: 
2024-04-24T04:59:19,074  INFO [main] FileOperations: Read stats for default.t/, rawDataSize, true, 40, false: 
2024-04-24T04:59:19,075  WARN [main] metadata.Hive: Cannot get a table snapshot for t
2024-04-24T04:59:19,075  INFO [main] HiveMetaStore.audit: ugi=alex	ip=unknown-ip-addr	cmd=alter_table: hive.default.t newtbl=t	
2024-04-24T04:59:19,099  INFO [main] stats.BasicStatsTask: Table default.t stats: [numFiles=3, numRows=5, totalSize=764, rawDataSize=40, numFilesErasureCoded=0]
2024-04-24T04:59:19,100  INFO [main] metadata.Hive: Dumping metastore api call timing information for : execution phase
2024-04-24T04:59:19,100  INFO [main] metadata.Hive: Total time spent in each metastore function (ms): {getTable_(GetTableRequest)=39, alter_table_(String, String, String, Table, EnvironmentContext, String)=51, isCompatibleWith_(Configuration)=0}
MapReduce Jobs Launched: 
2024-04-24T04:59:19,100  INFO [main] ql.Driver: MapReduce Jobs Launched: 
Stage-Stage-1:  HDFS Read: 0 HDFS Write: 0 SUCCESS
2024-04-24T04:59:19,100  INFO [main] ql.Driver: Stage-Stage-1:  HDFS Read: 0 HDFS Write: 0 SUCCESS
Stage-Stage-2:  HDFS Read: 0 HDFS Write: 0 SUCCESS
2024-04-24T04:59:19,100  INFO [main] ql.Driver: Stage-Stage-2:  HDFS Read: 0 HDFS Write: 0 SUCCESS
Total MapReduce CPU Time Spent: 0 msec
2024-04-24T04:59:19,100  INFO [main] ql.Driver: Total MapReduce CPU Time Spent: 0 msec
2024-04-24T04:59:19,100  INFO [main] ql.Driver: Completed executing command(queryId=alex_20240424045914_23137229-4d09-4866-b5df-e537d47d0493); Time taken: 2.687 seconds
2024-04-24T04:59:19,100  INFO [main] lockmgr.DbTxnManager: Stopped heartbeat for query: alex_20240424045914_23137229-4d09-4866-b5df-e537d47d0493
2024-04-24T04:59:19,104  INFO [main] txn.TxnHandler: Expected to move at least one record from txn_components to completed_txn_components when committing txn! txnid:16
2024-04-24T04:59:19,109  INFO [main] txn.TxnHandler: Removed transactions: ([16]) from MIN_HISTORY_LEVEL
2024-04-24T04:59:19,109  WARN [main] txn.CompactionTxnHandler: No compaction queue record found for Compaction type transaction commit. txnId:16
2024-04-24T04:59:19,109  INFO [main] ql.TxnCommandsBaseForTests: Running the query: insert into T values(12,12)
2024-04-24T04:59:19,110  INFO [main] ql.Context: Deleting scratch dir: file:/home/alex/Repositories/hive/ql/target/tmp/org.apache.hadoop.hive.ql.TestTxnNoBuckets-1713959849960/warehouse/t/.hive-staging_hive_2024-04-24_04-59-16_097_4424926182483189585-1
2024-04-24T04:59:19,110  INFO [main] cleanup.SyncCleanupService: Deleted directory: file:/home/alex/Repositories/hive/ql/target/tmp/org.apache.hadoop.hive.ql.TestTxnNoBuckets-1713959849960/warehouse/t/.hive-staging_hive_2024-04-24_04-59-16_097_4424926182483189585-1 on fs with scheme file
2024-04-24T04:59:19,110  INFO [main] ql.Context: Deleting scratch dir: file:/home/alex/Repositories/hive/ql/target/tmp/localscratchdir/cd0e0edb-3ea1-4a99-b6d6-ac39120d4b88/hive_2024-04-24_04-59-16_097_4424926182483189585-1
2024-04-24T04:59:19,111  INFO [main] cleanup.SyncCleanupService: Deleted directory: file:/home/alex/Repositories/hive/ql/target/tmp/localscratchdir/cd0e0edb-3ea1-4a99-b6d6-ac39120d4b88/hive_2024-04-24_04-59-16_097_4424926182483189585-1 on fs with scheme file
2024-04-24T04:59:19,111  INFO [main] ql.Driver: Compiling command(queryId=alex_20240424045914_23137229-4d09-4866-b5df-e537d47d0493): insert into T values(12,12)
2024-04-24T04:59:19,113  INFO [main] txn.TxnHandler: Added entries to MIN_HISTORY_LEVEL for current txns: ([17]) with min_open_txn: 17
2024-04-24T04:59:19,113  INFO [main] lockmgr.DbTxnManager: Opened txnid:17
2024-04-24T04:59:19,114  INFO [main] parse.CalcitePlanner: Starting caching scope for: alex_20240424045914_23137229-4d09-4866-b5df-e537d47d0493
2024-04-24T04:59:19,114  INFO [main] parse.CalcitePlanner: Starting Semantic Analysis
2024-04-24T04:59:19,117  INFO [main] HiveMetaStore.audit: ugi=alex	ip=unknown-ip-addr	cmd=get_table : tbl=hive.default.T	
2024-04-24T04:59:19,127  INFO [main] metastore.HMSHandler: Skipping translation for processor with null
2024-04-24T04:59:19,127  INFO [main] parse.CalcitePlanner: Completed phase 1 of Semantic Analysis
2024-04-24T04:59:19,127  INFO [main] parse.CalcitePlanner: Get metadata for source tables
2024-04-24T04:59:19,127  INFO [main] parse.CalcitePlanner: Get metadata for subqueries
2024-04-24T04:59:19,127  INFO [main] parse.CalcitePlanner: Get metadata for destination tables
2024-04-24T04:59:19,127  INFO [main] HiveMetaStore.audit: ugi=alex	ip=unknown-ip-addr	cmd=get_table : tbl=hive.default.T	
2024-04-24T04:59:19,136  INFO [main] metastore.HMSHandler: Skipping translation for processor with null
2024-04-24T04:59:19,136  INFO [main] parse.CalcitePlanner: Completed getting MetaData in Semantic Analysis
2024-04-24T04:59:19,136  INFO [main] parse.CalcitePlanner: Disabling LLAP IO encode as ETL query is detected
2024-04-24T04:59:19,157  INFO [main] HiveMetaStore.audit: ugi=alex	ip=unknown-ip-addr	cmd=get_all_table_constraints : tbl=hive._dummy_database._dummy_table	
2024-04-24T04:59:19,203  INFO [main] parse.CalcitePlanner: Get metadata for source tables
2024-04-24T04:59:19,203  INFO [main] parse.CalcitePlanner: Get metadata for subqueries
2024-04-24T04:59:19,203  INFO [main] parse.CalcitePlanner: Get metadata for source tables
2024-04-24T04:59:19,204  INFO [main] HiveMetaStore.audit: ugi=alex	ip=unknown-ip-addr	cmd=get_table : tbl=hive._dummy_database._dummy_table	
2024-04-24T04:59:19,206  INFO [main] parse.CalcitePlanner: Get metadata for subqueries
2024-04-24T04:59:19,206  INFO [main] parse.CalcitePlanner: Get metadata for destination tables
2024-04-24T04:59:19,206  INFO [main] parse.CalcitePlanner: Get metadata for destination tables
2024-04-24T04:59:19,207  INFO [main] common.FileUtils: Creating directory if it doesn't exist: file:/home/alex/Repositories/hive/ql/target/tmp/org.apache.hadoop.hive.ql.TestTxnNoBuckets-1713959849960/warehouse/t/.hive-staging_hive_2024-04-24_04-59-19_111_3933476099655645166-1
2024-04-24T04:59:19,209  INFO [main] HiveMetaStore.audit: ugi=alex	ip=unknown-ip-addr	cmd=get_not_null_constraints : tbl=hive.default.t	
2024-04-24T04:59:19,211  INFO [main] HiveMetaStore.audit: ugi=alex	ip=unknown-ip-addr	cmd=get_check_constraints : tbl=hive.default.t	
2024-04-24T04:59:19,212  INFO [main] parse.CalcitePlanner: CBO Succeeded; optimized logical plan.
2024-04-24T04:59:19,214  INFO [main] optimizer.BucketVersionPopulator: not considering bucketingVersion for: TS[0] because it has -1<2 buckets 
2024-04-24T04:59:19,214  INFO [main] optimizer.SortedDynPartitionOptimizer: Sorted dynamic partitioning optimization kicked in..
2024-04-24T04:59:19,222  INFO [main] HiveMetaStore.audit: ugi=alex	ip=unknown-ip-addr	cmd=get_table : tbl=hive.default.t	
2024-04-24T04:59:19,232  INFO [main] metastore.HMSHandler: Skipping translation for processor with null
2024-04-24T04:59:19,233  INFO [main] physical.Vectorizer: Examining input format to see if vectorization is enabled.
2024-04-24T04:59:19,233  INFO [main] physical.Vectorizer: Map vectorization enabled: false
2024-04-24T04:59:19,233  INFO [main] physical.Vectorizer: Map vectorized: false
2024-04-24T04:59:19,233  INFO [main] physical.Vectorizer: Map vectorizedVertexNum: 0
2024-04-24T04:59:19,233  INFO [main] physical.Vectorizer: Map enabledConditionsMet: [hive.vectorized.use.vectorized.input.format IS true]
2024-04-24T04:59:19,233  INFO [main] physical.Vectorizer: Map enabledConditionsNotMet: [Could not enable vectorization due to partition column names size 1 is greater than the number of table column names size 0 IS false]
2024-04-24T04:59:19,233  INFO [main] physical.Vectorizer: Map inputFileFormatClassNameSet: [org.apache.hadoop.hive.ql.io.NullRowsInputFormat]
2024-04-24T04:59:19,233  INFO [main] parse.CalcitePlanner: Completed plan generation
2024-04-24T04:59:19,233  INFO [main] parse.CalcitePlanner: Ending caching scope for: alex_20240424045914_23137229-4d09-4866-b5df-e537d47d0493
2024-04-24T04:59:19,233  INFO [main] ql.Driver: Semantic Analysis Completed (retrial = false)
2024-04-24T04:59:19,233  INFO [main] ql.Driver: Created Hive schema: Schema(fieldSchemas:[FieldSchema(name:col1, type:int, comment:null), FieldSchema(name:col2, type:int, comment:null)], properties:null)
2024-04-24T04:59:19,233  INFO [main] metadata.Hive: Dumping metastore api call timing information for : compilation phase
2024-04-24T04:59:19,234  INFO [main] metadata.Hive: Total time spent in each metastore function (ms): {getAllTableConstraints_(AllTableConstraintsRequest)=5, isCompatibleWith_(Configuration)=1, flushCache_()=0, getCheckConstraints_(CheckConstraintsRequest)=0, commitTxn_(CommitTxnRequest)=9, getValidWriteIds_(List, String)=5, getNotNullConstraints_(NotNullConstraintsRequest)=2, openTxn_(String, TxnType)=2, getTable_(GetTableRequest)=29, getValidTxns_(long)=0}
2024-04-24T04:59:19,234  INFO [main] ql.Driver: Completed compiling command(queryId=alex_20240424045914_23137229-4d09-4866-b5df-e537d47d0493); Time taken: 0.122 seconds
2024-04-24T04:59:19,234  INFO [main] lockmgr.DbTxnManager: Setting lock request transaction to txnid:17 for queryId=alex_20240424045914_23137229-4d09-4866-b5df-e537d47d0493
2024-04-24T04:59:19,234  INFO [main] lockmgr.DbLockManager: Requesting lock for queryId=alex_20240424045914_23137229-4d09-4866-b5df-e537d47d0493
2024-04-24T04:59:19,246  INFO [main] lockmgr.DbLockManager: Response to queryId=alex_20240424045914_23137229-4d09-4866-b5df-e537d47d0493 LockResponse(lockid:11, state:ACQUIRED)
2024-04-24T04:59:19,246  INFO [main] ql.Driver: Operation QUERY obtained 1 locks
2024-04-24T04:59:19,247  INFO [main] ql.Driver: Executing command(queryId=alex_20240424045914_23137229-4d09-4866-b5df-e537d47d0493): insert into T values(12,12)
2024-04-24T04:59:19,247  WARN [main] ql.Driver: Hive-on-MR is deprecated in Hive 2 and may not be available in the future versions. Consider using a different execution engine (i.e. spark, tez) or using Hive 1.X releases.
Query ID = alex_20240424045914_23137229-4d09-4866-b5df-e537d47d0493
2024-04-24T04:59:19,247  INFO [main] ql.Driver: Query ID = alex_20240424045914_23137229-4d09-4866-b5df-e537d47d0493
Total jobs = 1
2024-04-24T04:59:19,247  INFO [main] ql.Driver: Total jobs = 1
Launching Job 1 out of 1
2024-04-24T04:59:19,247  INFO [main] ql.Driver: Launching Job 1 out of 1
2024-04-24T04:59:19,387  INFO [main] ql.Driver: Starting task [Stage-1:MAPRED] in serial mode
Number of reduce tasks is set to 0 since there's no reduce operator
2024-04-24T04:59:19,387  INFO [main] exec.Task: Number of reduce tasks is set to 0 since there's no reduce operator
2024-04-24T04:59:19,389  INFO [main] mr.ExecDriver: Using org.apache.hadoop.hive.ql.io.HiveInputFormat
2024-04-24T04:59:19,389  INFO [main] exec.Utilities: Processing alias $hdt$_0:_dummy_table
2024-04-24T04:59:19,389  INFO [main] exec.Utilities: Adding 1 inputs; the first input is file:/home/alex/Repositories/hive/ql/target/tmp/localscratchdir/cd0e0edb-3ea1-4a99-b6d6-ac39120d4b88/hive_2024-04-24_04-59-19_111_3933476099655645166-1/dummy_path
2024-04-24T04:59:19,398  INFO [main] exec.SerializationUtilities: Serializing MapWork using kryo
2024-04-24T04:59:19,399  INFO [main] exec.Utilities: Serialized plan (via FILE) - name: null size: 6,03KB
2024-04-24T04:59:19,400  WARN [main] impl.MetricsSystemImpl: JobTracker metrics system already initialized!
2024-04-24T04:59:19,403  INFO [main] fs.FSStatsPublisher: created : file:/home/alex/Repositories/hive/ql/target/tmp/localscratchdir/cd0e0edb-3ea1-4a99-b6d6-ac39120d4b88/hive_2024-04-24_04-59-19_111_3933476099655645166-1/-mr-10001
2024-04-24T04:59:19,407  WARN [main] impl.MetricsSystemImpl: JobTracker metrics system already initialized!
2024-04-24T04:59:19,414  WARN [main] mapreduce.JobResourceUploader: Hadoop command-line option parsing not performed. Implement the Tool interface and execute your application with ToolRunner to remedy this.
2024-04-24T04:59:19,418  WARN [main] mapreduce.JobResourceUploader: No job jar file set.  User classes may not be found. See Job or Job#setJar(String).
2024-04-24T04:59:19,419  INFO [main] io.HiveInputFormat: hive.io.file.readcolumn.ids = 
2024-04-24T04:59:19,419  INFO [main] io.HiveInputFormat: hive.io.file.readcolumn.names = 
2024-04-24T04:59:19,419  INFO [main] io.HiveInputFormat: Generating splits for dirs: file:/home/alex/Repositories/hive/ql/target/tmp/localscratchdir/cd0e0edb-3ea1-4a99-b6d6-ac39120d4b88/hive_2024-04-24_04-59-19_111_3933476099655645166-1/dummy_path
2024-04-24T04:59:19,420  INFO [main] io.HiveInputFormat: number of splits 1
2024-04-24T04:59:19,436  INFO [main] mapreduce.JobSubmitter: number of splits:1
2024-04-24T04:59:19,454  INFO [main] mapreduce.JobSubmitter: Submitting tokens for job: job_local1826260602_0047
2024-04-24T04:59:19,454  INFO [main] mapreduce.JobSubmitter: Executing with tokens: []
2024-04-24T04:59:19,511  INFO [main] mapreduce.Job: The url to track the job: http://localhost:8080/
Job running in-process (local Hadoop)
2024-04-24T04:59:19,511  INFO [main] exec.Task: Job running in-process (local Hadoop)
2024-04-24T04:59:19,511  INFO [Thread-3066] mapred.LocalJobRunner: OutputCommitter set in config org.apache.hadoop.hive.ql.io.HiveFileFormatUtils$NullOutputCommitter
2024-04-24T04:59:19,511  INFO [Thread-3066] mapred.LocalJobRunner: OutputCommitter is org.apache.hadoop.hive.ql.io.HiveFileFormatUtils$NullOutputCommitter
2024-04-24T04:59:19,513  INFO [Thread-3066] mapred.LocalJobRunner: Waiting for map tasks
2024-04-24T04:59:19,513  INFO [LocalJobRunner Map Task Executor #0] mapred.LocalJobRunner: Starting task: attempt_local1826260602_0047_m_000000_0
2024-04-24T04:59:19,514  INFO [LocalJobRunner Map Task Executor #0] mapred.Task:  Using ResourceCalculatorProcessTree : [ ]
2024-04-24T04:59:19,514  INFO [LocalJobRunner Map Task Executor #0] mapred.MapTask: Processing split: org.apache.hadoop.hive.ql.io.NullRowsInputFormat:file:/home/alex/Repositories/hive/ql/target/tmp/localscratchdir/cd0e0edb-3ea1-4a99-b6d6-ac39120d4b88/hive_2024-04-24_04-59-19_111_3933476099655645166-1/dummy_path/null:0+1
2024-04-24T04:59:19,515  INFO [LocalJobRunner Map Task Executor #0] exec.SerializationUtilities: Deserializing MapWork using kryo
2024-04-24T04:59:19,515  INFO [LocalJobRunner Map Task Executor #0] exec.Utilities: Deserialized plan (via FILE) - name: null size: 6,03KB
2024-04-24T04:59:19,515  INFO [LocalJobRunner Map Task Executor #0] mapred.MapTask: numReduceTasks: 0
2024-04-24T04:59:19,516  INFO [LocalJobRunner Map Task Executor #0] exec.MapOperator: Initializing Operator: MAP[0]
2024-04-24T04:59:19,516  INFO [LocalJobRunner Map Task Executor #0] mr.ExecMapper: 
<MAP>Id =0
  <Children>null
  <\Children>
  <Parent><\Parent>
<\MAP>
2024-04-24T04:59:19,516  INFO [LocalJobRunner Map Task Executor #0] exec.TableScanOperator: Initializing Operator: TS[0]
2024-04-24T04:59:19,517  INFO [LocalJobRunner Map Task Executor #0] exec.SelectOperator: Initializing Operator: SEL[1]
2024-04-24T04:59:19,517  INFO [LocalJobRunner Map Task Executor #0] exec.SelectOperator: SELECT null
2024-04-24T04:59:19,517  INFO [LocalJobRunner Map Task Executor #0] exec.UDTFOperator: Initializing Operator: UDTF[2]
2024-04-24T04:59:19,517  INFO [LocalJobRunner Map Task Executor #0] exec.SelectOperator: Initializing Operator: SEL[3]
2024-04-24T04:59:19,517  INFO [LocalJobRunner Map Task Executor #0] exec.SelectOperator: SELECT struct<col1:int,col2:int>
2024-04-24T04:59:19,517  INFO [LocalJobRunner Map Task Executor #0] exec.FileSinkOperator: Initializing Operator: FS[4]
2024-04-24T04:59:19,517  INFO [LocalJobRunner Map Task Executor #0] exec.FileSinkOperator: Using serializer : AbstractSerDe [log=org.apache.logging.slf4j.Log4jLogger@7620dc3c, configuration=Optional[Configuration: core-default.xml, core-site.xml, mapred-default.xml, mapred-site.xml, yarn-default.xml, yarn-site.xml, hdfs-default.xml, hdfs-site.xml, file:/home/alex/Repositories/hive/ql/target/tmp/TestTxnNoBucketsVectorized/mapred/local/localRunner/alex/job_local1826260602_0047/job_local1826260602_0047.xml], properties={name=default.t, columns.types=int:int, serialization.format=1, columns=a,b, numFilesErasureCoded=0, columns.comments=&amp#0;, bucketing_version=2, serialization.lib=org.apache.hadoop.hive.ql.io.orc.OrcSerde, file.inputformat=org.apache.hadoop.hive.ql.io.orc.OrcInputFormat, file.outputformat=org.apache.hadoop.hive.ql.io.orc.OrcOutputFormat, location=file:/home/alex/Repositories/hive/ql/target/tmp/org.apache.hadoop.hive.ql.TestTxnNoBuckets-1713959849960/warehouse/t, column.name.delimiter=,}, tableProperties={name=default.t, columns.types=int:int, serialization.format=1, columns=a,b, numFilesErasureCoded=0, columns.comments=&amp#0;, bucketing_version=2, serialization.lib=org.apache.hadoop.hive.ql.io.orc.OrcSerde, file.inputformat=org.apache.hadoop.hive.ql.io.orc.OrcInputFormat, location=file:/home/alex/Repositories/hive/ql/target/tmp/org.apache.hadoop.hive.ql.TestTxnNoBuckets-1713959849960/warehouse/t, file.outputformat=org.apache.hadoop.hive.ql.io.orc.OrcOutputFormat, column.name.delimiter=,}, partitionProperties=Optional.empty, columnNames=[a, b], columnTypes=[int, int], getClass()=class org.apache.hadoop.hive.ql.io.orc.OrcSerde] and formatter : org.apache.hadoop.hive.ql.io.orc.OrcOutputFormat@3a038630
2024-04-24T04:59:19,518  INFO [LocalJobRunner Map Task Executor #0] exec.FileSinkOperator: Final Path: FS file:/home/alex/Repositories/hive/ql/target/tmp/org.apache.hadoop.hive.ql.TestTxnNoBuckets-1713959849960/warehouse/t/.hive-staging_hive_2024-04-24_04-59-19_111_3933476099655645166-1/_tmp.-ext-10000/000000_0
2024-04-24T04:59:19,518  INFO [LocalJobRunner Map Task Executor #0] exec.FileSinkOperator: Writing to temp file: FS file:/home/alex/Repositories/hive/ql/target/tmp/org.apache.hadoop.hive.ql.TestTxnNoBuckets-1713959849960/warehouse/t/.hive-staging_hive_2024-04-24_04-59-19_111_3933476099655645166-1/_task_tmp.-ext-10000/_tmp.000000_0
2024-04-24T04:59:19,518  INFO [LocalJobRunner Map Task Executor #0] exec.FileSinkOperator: New Final Path: FS file:/home/alex/Repositories/hive/ql/target/tmp/org.apache.hadoop.hive.ql.TestTxnNoBuckets-1713959849960/warehouse/t/.hive-staging_hive_2024-04-24_04-59-19_111_3933476099655645166-1/_tmp.-ext-10000/000000_0
2024-04-24T04:59:19,518  INFO [LocalJobRunner Map Task Executor #0] exec.FileSinkOperator: FS[4]: records written - 1
2024-04-24T04:59:19,518  INFO [LocalJobRunner Map Task Executor #0] impl.PhysicalFsWriter: ORC writer created for path: file:/home/alex/Repositories/hive/ql/target/tmp/org.apache.hadoop.hive.ql.TestTxnNoBuckets-1713959849960/warehouse/t/.hive-staging_hive_2024-04-24_04-59-19_111_3933476099655645166-1/_task_tmp.-ext-10000/_tmp.000000_0 with stripeSize: 67108864 blockSize: 268435456 compression: Compress: ZLIB buffer: 262144
2024-04-24T04:59:19,525  INFO [LocalJobRunner Map Task Executor #0] impl.WriterImpl: ORC writer created for path: file:/home/alex/Repositories/hive/ql/target/tmp/org.apache.hadoop.hive.ql.TestTxnNoBuckets-1713959849960/warehouse/t/.hive-staging_hive_2024-04-24_04-59-19_111_3933476099655645166-1/_task_tmp.-ext-10000/_tmp.000000_0 with stripeSize: 67108864 options: Compress: ZLIB buffer: 262144
2024-04-24T04:59:19,525  INFO [LocalJobRunner Map Task Executor #0] exec.MapOperator: MAP[0]: records read - 1
2024-04-24T04:59:19,525  INFO [LocalJobRunner Map Task Executor #0] exec.MapOperator: Closing Operator: MAP[0]
2024-04-24T04:59:19,525  INFO [LocalJobRunner Map Task Executor #0] exec.MapOperator: MAP[0]: Total records read - 3. abort - false
2024-04-24T04:59:19,525  INFO [LocalJobRunner Map Task Executor #0] exec.MapOperator: RECORDS_OUT_INTERMEDIATE:0, RECORDS_OUT_OPERATOR_MAP_0:0, RECORDS_IN:3, DESERIALIZE_ERRORS:0, 
2024-04-24T04:59:19,525  INFO [LocalJobRunner Map Task Executor #0] exec.TableScanOperator: Closing Operator: TS[0]
2024-04-24T04:59:19,525  INFO [LocalJobRunner Map Task Executor #0] exec.TableScanOperator: RECORDS_OUT_OPERATOR_TS_0:1, RECORDS_OUT_INTERMEDIATE:0, 
2024-04-24T04:59:19,525  INFO [LocalJobRunner Map Task Executor #0] exec.SelectOperator: Closing Operator: SEL[1]
2024-04-24T04:59:19,525  INFO [LocalJobRunner Map Task Executor #0] exec.SelectOperator: RECORDS_OUT_INTERMEDIATE:0, RECORDS_OUT_OPERATOR_SEL_1:1, 
2024-04-24T04:59:19,525  INFO [LocalJobRunner Map Task Executor #0] exec.UDTFOperator: Closing Operator: UDTF[2]
2024-04-24T04:59:19,525  INFO [LocalJobRunner Map Task Executor #0] exec.UDTFOperator: RECORDS_OUT_INTERMEDIATE:0, RECORDS_OUT_OPERATOR_UDTF_2:1, 
2024-04-24T04:59:19,525  INFO [LocalJobRunner Map Task Executor #0] exec.SelectOperator: Closing Operator: SEL[3]
2024-04-24T04:59:19,526  INFO [LocalJobRunner Map Task Executor #0] exec.SelectOperator: RECORDS_OUT_INTERMEDIATE:0, RECORDS_OUT_OPERATOR_SEL_3:1, 
2024-04-24T04:59:19,526  INFO [LocalJobRunner Map Task Executor #0] exec.FileSinkOperator: Closing Operator: FS[4]
2024-04-24T04:59:19,526  INFO [LocalJobRunner Map Task Executor #0] exec.FileSinkOperator: FS[4]: records written - 1
2024-04-24T04:59:19,532  INFO [LocalJobRunner Map Task Executor #0] exec.FileSinkOperator: RECORDS_OUT_1_default.t:1, RECORDS_OUT_OPERATOR_FS_4:1, TOTAL_TABLE_ROWS_WRITTEN:1, RECORDS_OUT_INTERMEDIATE:0, 
2024-04-24T04:59:19,532  INFO [LocalJobRunner Map Task Executor #0] mapred.LocalJobRunner: 
2024-04-24T04:59:19,533  INFO [LocalJobRunner Map Task Executor #0] mapred.Task: Task:attempt_local1826260602_0047_m_000000_0 is done. And is in the process of committing
2024-04-24T04:59:19,533  INFO [LocalJobRunner Map Task Executor #0] mapred.LocalJobRunner: map
2024-04-24T04:59:19,533  INFO [LocalJobRunner Map Task Executor #0] mapred.Task: Task 'attempt_local1826260602_0047_m_000000_0' done.
2024-04-24T04:59:19,533  INFO [LocalJobRunner Map Task Executor #0] mapred.Task: Final Counters for attempt_local1826260602_0047_m_000000_0: Counters: 27
	File System Counters
		FILE: Number of bytes read=1112397
		FILE: Number of bytes written=56539177
		FILE: Number of read operations=0
		FILE: Number of large read operations=0
		FILE: Number of write operations=0
	Map-Reduce Framework
		Map input records=4
		Map output records=0
		Input split bytes=361
		Spilled Records=0
		Failed Shuffles=0
		Merged Map outputs=0
		GC time elapsed (ms)=0
		Total committed heap usage (bytes)=1212153856
	HIVE
		CREATED_FILES=1
		DESERIALIZE_ERRORS=0
		RECORDS_IN=3
		RECORDS_OUT_1_default.t=1
		RECORDS_OUT_INTERMEDIATE=0
		RECORDS_OUT_OPERATOR_FS_4=1
		RECORDS_OUT_OPERATOR_MAP_0=0
		RECORDS_OUT_OPERATOR_SEL_1=1
		RECORDS_OUT_OPERATOR_SEL_3=1
		RECORDS_OUT_OPERATOR_TS_0=1
		RECORDS_OUT_OPERATOR_UDTF_2=1
		TOTAL_TABLE_ROWS_WRITTEN=1
	File Input Format Counters 
		Bytes Read=6089
	File Output Format Counters 
		Bytes Written=0
2024-04-24T04:59:19,533  INFO [LocalJobRunner Map Task Executor #0] mapred.LocalJobRunner: Finishing task: attempt_local1826260602_0047_m_000000_0
2024-04-24T04:59:19,533  INFO [Thread-3066] mapred.LocalJobRunner: map task executor complete.
2024-04-24 04:59:20,513 Stage-1 map = 100%,  reduce = 0%
2024-04-24T04:59:20,513  INFO [main] exec.Task: 2024-04-24 04:59:20,513 Stage-1 map = 100%,  reduce = 0%
Ended Job = job_local1826260602_0047
2024-04-24T04:59:20,514  INFO [main] exec.Task: Ended Job = job_local1826260602_0047
2024-04-24T04:59:20,518  INFO [main] ql.Driver: Starting task [Stage-0:MOVE] in serial mode
Loading data to table default.t
2024-04-24T04:59:20,518  INFO [main] exec.Task: Loading data to table default.t from file:/home/alex/Repositories/hive/ql/target/tmp/org.apache.hadoop.hive.ql.TestTxnNoBuckets-1713959849960/warehouse/t/.hive-staging_hive_2024-04-24_04-59-19_111_3933476099655645166-1/-ext-10000
2024-04-24T04:59:20,518  INFO [main] HiveMetaStore.audit: ugi=alex	ip=unknown-ip-addr	cmd=get_table : tbl=hive.default.t	
2024-04-24T04:59:20,527  INFO [main] metastore.HMSHandler: Skipping translation for processor with null
2024-04-24T04:59:20,527  INFO [main] HiveMetaStore.audit: ugi=alex	ip=unknown-ip-addr	cmd=get_table : tbl=hive.default.t	
2024-04-24T04:59:20,537  INFO [main] metastore.HMSHandler: Skipping translation for processor with null
2024-04-24T04:59:20,538  WARN [main] metadata.Hive: Cannot get a table snapshot for t
2024-04-24T04:59:20,538  INFO [main] HiveMetaStore.audit: ugi=alex	ip=unknown-ip-addr	cmd=alter_table: hive.default.t newtbl=t	
2024-04-24T04:59:20,560  INFO [main] ql.Driver: Starting task [Stage-2:STATS] in serial mode
2024-04-24T04:59:20,560  INFO [main] HiveMetaStore.audit: ugi=alex	ip=unknown-ip-addr	cmd=get_table : tbl=hive.default.t	
2024-04-24T04:59:20,569  INFO [main] metastore.HMSHandler: Skipping translation for processor with null
2024-04-24T04:59:20,569  INFO [main] stats.BasicStatsTask: Executing stats task
2024-04-24T04:59:20,569  INFO [main] fs.FSStatsPublisher: created : file:/home/alex/Repositories/hive/ql/target/tmp/localscratchdir/cd0e0edb-3ea1-4a99-b6d6-ac39120d4b88/hive_2024-04-24_04-59-19_111_3933476099655645166-1/-mr-10001
2024-04-24T04:59:20,570  INFO [main] HiveMetaStore.audit: ugi=alex	ip=unknown-ip-addr	cmd=get_table : tbl=hive.default.t	
2024-04-24T04:59:20,580  INFO [main] metastore.HMSHandler: Skipping translation for processor with null
2024-04-24T04:59:20,580  INFO [main] FileOperations: Read stats for default.t/, numRows, true, 1, false: 
2024-04-24T04:59:20,580  INFO [main] FileOperations: Read stats for default.t/, rawDataSize, true, 8, false: 
2024-04-24T04:59:20,581  WARN [main] metadata.Hive: Cannot get a table snapshot for t
2024-04-24T04:59:20,581  INFO [main] HiveMetaStore.audit: ugi=alex	ip=unknown-ip-addr	cmd=alter_table: hive.default.t newtbl=t	
2024-04-24T04:59:20,607  INFO [main] stats.BasicStatsTask: Table default.t stats: [numFiles=4, numRows=6, totalSize=1005, rawDataSize=48, numFilesErasureCoded=0]
2024-04-24T04:59:20,608  INFO [main] metadata.Hive: Dumping metastore api call timing information for : execution phase
2024-04-24T04:59:20,608  INFO [main] metadata.Hive: Total time spent in each metastore function (ms): {isCompatibleWith_(Configuration)=0, alter_table_(String, String, String, Table, EnvironmentContext, String)=48, getTable_(GetTableRequest)=38}
MapReduce Jobs Launched: 
2024-04-24T04:59:20,608  INFO [main] ql.Driver: MapReduce Jobs Launched: 
Stage-Stage-1:  HDFS Read: 0 HDFS Write: 0 SUCCESS
2024-04-24T04:59:20,608  INFO [main] ql.Driver: Stage-Stage-1:  HDFS Read: 0 HDFS Write: 0 SUCCESS
Total MapReduce CPU Time Spent: 0 msec
2024-04-24T04:59:20,608  INFO [main] ql.Driver: Total MapReduce CPU Time Spent: 0 msec
2024-04-24T04:59:20,608  INFO [main] ql.Driver: Completed executing command(queryId=alex_20240424045914_23137229-4d09-4866-b5df-e537d47d0493); Time taken: 1.361 seconds
2024-04-24T04:59:20,608  INFO [main] lockmgr.DbTxnManager: Stopped heartbeat for query: alex_20240424045914_23137229-4d09-4866-b5df-e537d47d0493
2024-04-24T04:59:20,613  INFO [main] txn.TxnHandler: Expected to move at least one record from txn_components to completed_txn_components when committing txn! txnid:17
2024-04-24T04:59:20,621  INFO [main] txn.TxnHandler: Removed transactions: ([17]) from MIN_HISTORY_LEVEL
2024-04-24T04:59:20,621  WARN [main] txn.CompactionTxnHandler: No compaction queue record found for Compaction type transaction commit. txnId:17
2024-04-24T04:59:20,621  INFO [main] ql.TxnCommandsBaseForTests: Running the query: select a, b, INPUT__FILE__NAME from T order by a, b, INPUT__FILE__NAME
2024-04-24T04:59:20,622  INFO [main] ql.Context: Deleting scratch dir: file:/home/alex/Repositories/hive/ql/target/tmp/localscratchdir/cd0e0edb-3ea1-4a99-b6d6-ac39120d4b88/hive_2024-04-24_04-59-19_111_3933476099655645166-1
2024-04-24T04:59:20,622  INFO [main] cleanup.SyncCleanupService: Deleted directory: file:/home/alex/Repositories/hive/ql/target/tmp/localscratchdir/cd0e0edb-3ea1-4a99-b6d6-ac39120d4b88/hive_2024-04-24_04-59-19_111_3933476099655645166-1 on fs with scheme file
2024-04-24T04:59:20,622  INFO [main] ql.Context: Deleting scratch dir: file:/home/alex/Repositories/hive/ql/target/tmp/org.apache.hadoop.hive.ql.TestTxnNoBuckets-1713959849960/warehouse/t/.hive-staging_hive_2024-04-24_04-59-19_111_3933476099655645166-1
2024-04-24T04:59:20,622  INFO [main] cleanup.SyncCleanupService: Deleted directory: file:/home/alex/Repositories/hive/ql/target/tmp/org.apache.hadoop.hive.ql.TestTxnNoBuckets-1713959849960/warehouse/t/.hive-staging_hive_2024-04-24_04-59-19_111_3933476099655645166-1 on fs with scheme file
2024-04-24T04:59:20,623  INFO [main] ql.Driver: Compiling command(queryId=alex_20240424045914_23137229-4d09-4866-b5df-e537d47d0493): select a, b, INPUT__FILE__NAME from T order by a, b, INPUT__FILE__NAME
2024-04-24T04:59:20,625  INFO [main] txn.TxnHandler: Added entries to MIN_HISTORY_LEVEL for current txns: ([18]) with min_open_txn: 18
2024-04-24T04:59:20,625  INFO [main] lockmgr.DbTxnManager: Opened txnid:18
2024-04-24T04:59:20,626  INFO [main] parse.CalcitePlanner: Starting caching scope for: alex_20240424045914_23137229-4d09-4866-b5df-e537d47d0493
2024-04-24T04:59:20,626  INFO [main] parse.CalcitePlanner: Starting Semantic Analysis
2024-04-24T04:59:20,628  INFO [main] parse.CalcitePlanner: Completed phase 1 of Semantic Analysis
2024-04-24T04:59:20,628  INFO [main] parse.CalcitePlanner: Get metadata for source tables
2024-04-24T04:59:20,629  INFO [main] HiveMetaStore.audit: ugi=alex	ip=unknown-ip-addr	cmd=get_table : tbl=hive.default.t	
2024-04-24T04:59:20,639  INFO [main] metastore.HMSHandler: Skipping translation for processor with null
2024-04-24T04:59:20,640  INFO [main] parse.CalcitePlanner: Get metadata for subqueries
2024-04-24T04:59:20,640  INFO [main] parse.CalcitePlanner: Get metadata for destination tables
2024-04-24T04:59:20,640  INFO [main] parse.CalcitePlanner: Completed getting MetaData in Semantic Analysis
2024-04-24T04:59:20,653  INFO [main] HiveMetaStore.audit: ugi=alex	ip=unknown-ip-addr	cmd=get_all_table_constraints : tbl=hive.default.t	
2024-04-24T04:59:20,664  INFO [main] calcite.RelOptHiveTable: Calculating column statistics for default.t, projIndxSet: [0, 1], allowMissingStats: true
2024-04-24T04:59:20,664  INFO [main] HiveMetaStore.audit: ugi=alex	ip=unknown-ip-addr	cmd=get_table_statistics_req: table=hive.default.t	
2024-04-24T04:59:20,677  WARN [main] calcite.RelOptHiveTable: No Stats for default@t, Columns: b, a
No Stats for default@t, Columns: b, a
2024-04-24T04:59:20,677  INFO [main] SessionState: No Stats for default@t, Columns: b, a
2024-04-24T04:59:20,729  INFO [main] parse.CalcitePlanner: Get metadata for source tables
2024-04-24T04:59:20,730  INFO [main] parse.CalcitePlanner: Get metadata for subqueries
2024-04-24T04:59:20,730  INFO [main] parse.CalcitePlanner: Get metadata for destination tables
2024-04-24T04:59:20,731  INFO [main] common.FileUtils: Creating directory if it doesn't exist: file:/home/alex/Repositories/hive/ql/target/tmp/localscratchdir/cd0e0edb-3ea1-4a99-b6d6-ac39120d4b88/hive_2024-04-24_04-59-20_623_255756803812169386-1/-mr-10001/.hive-staging_hive_2024-04-24_04-59-20_623_255756803812169386-1
2024-04-24T04:59:20,738  INFO [main] parse.CalcitePlanner: CBO Succeeded; optimized logical plan.
2024-04-24T04:59:20,742  INFO [main] optimizer.ColumnPrunerProcFactory: RS 2 oldColExprMap: {KEY.reducesinkkey2=Column[_col2], KEY.reducesinkkey1=Column[_col1], KEY.reducesinkkey0=Column[_col0]}
2024-04-24T04:59:20,742  INFO [main] optimizer.ColumnPrunerProcFactory: RS 2 newColExprMap: {KEY.reducesinkkey2=Column[_col2], KEY.reducesinkkey0=Column[_col0], KEY.reducesinkkey1=Column[_col1]}
2024-04-24T04:59:20,743  INFO [main] optimizer.BucketVersionPopulator: not considering bucketingVersion for: TS[0] because it has -1<2 buckets 
2024-04-24T04:59:20,744  INFO [main] optimizer.SortedDynPartitionOptimizer: Sorted dynamic partitioning optimization kicked in..
2024-04-24T04:59:20,753  INFO [main] physical.Vectorizer: Examining input format to see if vectorization is enabled.
2024-04-24T04:59:20,754  INFO [main] physical.Vectorizer: Vectorization is enabled for input format(s) [org.apache.hadoop.hive.ql.io.orc.OrcInputFormat]
2024-04-24T04:59:20,754  INFO [main] physical.Vectorizer: Validating and vectorizing MapWork... (vectorizedVertexNum 0)
2024-04-24T04:59:20,754  INFO [main] physical.Vectorizer: Map vectorization enabled: true
2024-04-24T04:59:20,754  INFO [main] physical.Vectorizer: Map vectorized: false
2024-04-24T04:59:20,754  INFO [main] physical.Vectorizer: Map notVectorizedReason: Select expression for SELECT operator: Virtual column INPUT__FILE__NAME is not supported
2024-04-24T04:59:20,754  INFO [main] physical.Vectorizer: Map vectorizedVertexNum: 0
2024-04-24T04:59:20,754  INFO [main] physical.Vectorizer: Map enabledConditionsMet: [hive.vectorized.use.vectorized.input.format IS true]
2024-04-24T04:59:20,754  INFO [main] physical.Vectorizer: Map inputFileFormatClassNameSet: [org.apache.hadoop.hive.ql.io.orc.OrcInputFormat]
2024-04-24T04:59:20,754  INFO [main] physical.Vectorizer: Reduce vectorization enabled: false
2024-04-24T04:59:20,754  INFO [main] physical.Vectorizer: Reduce vectorized: false
2024-04-24T04:59:20,754  INFO [main] physical.Vectorizer: Reduce vectorizedVertexNum: 1
2024-04-24T04:59:20,754  INFO [main] physical.Vectorizer: Reducer hive.vectorized.execution.reduce.enabled: true
2024-04-24T04:59:20,754  INFO [main] physical.Vectorizer: Reducer engine: mr
2024-04-24T04:59:20,754  INFO [main] parse.CalcitePlanner: Completed plan generation
2024-04-24T04:59:20,754  INFO [main] parse.CalcitePlanner: Ending caching scope for: alex_20240424045914_23137229-4d09-4866-b5df-e537d47d0493
2024-04-24T04:59:20,754  INFO [main] ql.Driver: Semantic Analysis Completed (retrial = false)
2024-04-24T04:59:20,754  INFO [main] ql.Driver: Created Hive schema: Schema(fieldSchemas:[FieldSchema(name:a, type:int, comment:null), FieldSchema(name:b, type:int, comment:null), FieldSchema(name:input__file__name, type:string, comment:null)], properties:null)
2024-04-24T04:59:20,755  INFO [main] exec.ListSinkOperator: Initializing Operator: LIST_SINK[5]
2024-04-24T04:59:20,756  INFO [main] metadata.Hive: Dumping metastore api call timing information for : compilation phase
2024-04-24T04:59:20,756  INFO [main] metadata.Hive: Total time spent in each metastore function (ms): {getAllTableConstraints_(AllTableConstraintsRequest)=5, openTxn_(String, TxnType)=2, flushCache_()=0, isCompatibleWith_(Configuration)=0, getTable_(GetTableRequest)=12, getValidTxns_(long)=1, getValidWriteIds_(List, String)=2, getTableColumnStatistics_(String, String, List, String)=12, commitTxn_(CommitTxnRequest)=13}
2024-04-24T04:59:20,756  INFO [main] ql.Driver: Completed compiling command(queryId=alex_20240424045914_23137229-4d09-4866-b5df-e537d47d0493); Time taken: 0.133 seconds
2024-04-24T04:59:20,756  INFO [main] lockmgr.DbTxnManager: Setting lock request transaction to txnid:18 for queryId=alex_20240424045914_23137229-4d09-4866-b5df-e537d47d0493
2024-04-24T04:59:20,757  INFO [main] lockmgr.DbLockManager: Requesting lock for queryId=alex_20240424045914_23137229-4d09-4866-b5df-e537d47d0493
2024-04-24T04:59:20,771  INFO [main] lockmgr.DbLockManager: Response to queryId=alex_20240424045914_23137229-4d09-4866-b5df-e537d47d0493 LockResponse(lockid:12, state:ACQUIRED)
2024-04-24T04:59:20,771  INFO [main] ql.Driver: Operation QUERY obtained 1 locks
2024-04-24T04:59:20,771  INFO [main] ql.Driver: Executing command(queryId=alex_20240424045914_23137229-4d09-4866-b5df-e537d47d0493): select a, b, INPUT__FILE__NAME from T order by a, b, INPUT__FILE__NAME
2024-04-24T04:59:20,772  WARN [main] ql.Driver: Hive-on-MR is deprecated in Hive 2 and may not be available in the future versions. Consider using a different execution engine (i.e. tez, spark) or using Hive 1.X releases.
Query ID = alex_20240424045914_23137229-4d09-4866-b5df-e537d47d0493
2024-04-24T04:59:20,772  INFO [main] ql.Driver: Query ID = alex_20240424045914_23137229-4d09-4866-b5df-e537d47d0493
Total jobs = 1
2024-04-24T04:59:20,772  INFO [main] ql.Driver: Total jobs = 1
Launching Job 1 out of 1
2024-04-24T04:59:20,772  INFO [main] ql.Driver: Launching Job 1 out of 1
2024-04-24T04:59:20,923  INFO [main] ql.Driver: Starting task [Stage-1:MAPRED] in serial mode
Number of reduce tasks determined at compile time: 1
2024-04-24T04:59:20,923  INFO [main] exec.Task: Number of reduce tasks determined at compile time: 1
In order to change the average load for a reducer (in bytes):
2024-04-24T04:59:20,923  INFO [main] exec.Task: In order to change the average load for a reducer (in bytes):
  set hive.exec.reducers.bytes.per.reducer=<number>
2024-04-24T04:59:20,923  INFO [main] exec.Task:   set hive.exec.reducers.bytes.per.reducer=<number>
In order to limit the maximum number of reducers:
2024-04-24T04:59:20,923  INFO [main] exec.Task: In order to limit the maximum number of reducers:
  set hive.exec.reducers.max=<number>
2024-04-24T04:59:20,923  INFO [main] exec.Task:   set hive.exec.reducers.max=<number>
In order to set a constant number of reducers:
2024-04-24T04:59:20,923  INFO [main] exec.Task: In order to set a constant number of reducers:
  set mapreduce.job.reduces=<number>
2024-04-24T04:59:20,923  INFO [main] exec.Task:   set mapreduce.job.reduces=<number>
2024-04-24T04:59:20,925  INFO [main] mr.ExecDriver: Using org.apache.hadoop.hive.ql.io.HiveInputFormat
2024-04-24T04:59:20,925  INFO [main] exec.Utilities: Processing alias t
2024-04-24T04:59:20,926  INFO [main] exec.Utilities: Adding 1 inputs; the first input is file:/home/alex/Repositories/hive/ql/target/tmp/org.apache.hadoop.hive.ql.TestTxnNoBuckets-1713959849960/warehouse/t
2024-04-24T04:59:20,935  INFO [main] exec.SerializationUtilities: Serializing MapWork using kryo
2024-04-24T04:59:20,936  INFO [main] exec.Utilities: Serialized plan (via FILE) - name: null size: 4,79KB
2024-04-24T04:59:20,941  INFO [main] exec.SerializationUtilities: Serializing ReduceWork using kryo
2024-04-24T04:59:20,942  INFO [main] exec.Utilities: Serialized plan (via FILE) - name: null size: 5,69KB
2024-04-24T04:59:20,943  WARN [main] impl.MetricsSystemImpl: JobTracker metrics system already initialized!
2024-04-24T04:59:20,949  WARN [main] impl.MetricsSystemImpl: JobTracker metrics system already initialized!
2024-04-24T04:59:20,957  WARN [main] mapreduce.JobResourceUploader: Hadoop command-line option parsing not performed. Implement the Tool interface and execute your application with ToolRunner to remedy this.
2024-04-24T04:59:20,962  WARN [main] mapreduce.JobResourceUploader: No job jar file set.  User classes may not be found. See Job or Job#setJar(String).
2024-04-24T04:59:20,963  INFO [main] io.HiveInputFormat: hive.io.file.readcolumn.ids = 0,1
2024-04-24T04:59:20,963  INFO [main] io.HiveInputFormat: hive.io.file.readcolumn.names = a,b
2024-04-24T04:59:20,963  INFO [main] io.HiveInputFormat: Generating splits for dirs: file:/home/alex/Repositories/hive/ql/target/tmp/org.apache.hadoop.hive.ql.TestTxnNoBuckets-1713959849960/warehouse/t
2024-04-24T04:59:20,963  INFO [main] orc.OrcInputFormat: getSplits started
2024-04-24T04:59:20,963  INFO [main] orc.OrcInputFormat: Context:: isAcid: false isVectorMode: false sarg: null minSplitSize: 1 maxSplitSize: 256000000 splitStrategy: HYBRID footerInSplits: false numBuckets: 0 numThreads: 10 cacheMemSize: 268435456 cacheStripeDetails: true useSoftReference: false writeIdList: null:9223372036854775807:9223372036854775807:: isTransactionalTable: false txnProperties: null 
2024-04-24T04:59:20,964  INFO [main] orc.OrcInputFormat: ORC pushdown predicate: null
2024-04-24T04:59:20,975  INFO [main] orc.OrcInputFormat: FooterCacheHitRatio: 0/4
2024-04-24T04:59:20,975  INFO [main] orc.OrcInputFormat: getSplits finished (#splits: 4). duration: 12 ms
2024-04-24T04:59:20,975  INFO [main] io.HiveInputFormat: number of splits 4
2024-04-24T04:59:20,993  INFO [main] mapreduce.JobSubmitter: number of splits:4
2024-04-24T04:59:21,012  INFO [main] mapreduce.JobSubmitter: Submitting tokens for job: job_local9887468_0048
2024-04-24T04:59:21,012  INFO [main] mapreduce.JobSubmitter: Executing with tokens: []
2024-04-24T04:59:21,072  INFO [main] mapreduce.Job: The url to track the job: http://localhost:8080/
Job running in-process (local Hadoop)
2024-04-24T04:59:21,073  INFO [main] exec.Task: Job running in-process (local Hadoop)
2024-04-24T04:59:21,073  INFO [Thread-3109] mapred.LocalJobRunner: OutputCommitter set in config org.apache.hadoop.hive.ql.io.HiveFileFormatUtils$NullOutputCommitter
2024-04-24T04:59:21,073  INFO [Thread-3109] mapred.LocalJobRunner: OutputCommitter is org.apache.hadoop.hive.ql.io.HiveFileFormatUtils$NullOutputCommitter
2024-04-24T04:59:21,076  INFO [Thread-3109] mapred.LocalJobRunner: Waiting for map tasks
2024-04-24T04:59:21,076  INFO [LocalJobRunner Map Task Executor #0] mapred.LocalJobRunner: Starting task: attempt_local9887468_0048_m_000000_0
2024-04-24T04:59:21,076  INFO [LocalJobRunner Map Task Executor #0] mapred.Task:  Using ResourceCalculatorProcessTree : [ ]
2024-04-24T04:59:21,077  INFO [LocalJobRunner Map Task Executor #0] mapred.MapTask: Processing split: org.apache.hadoop.hive.ql.io.orc.OrcInputFormat:OrcSplit [file:/home/alex/Repositories/hive/ql/target/tmp/org.apache.hadoop.hive.ql.TestTxnNoBuckets-1713959849960/warehouse/t/000000_0, start=0, length=256, isOriginal=true, fileLength=256, hasFooter=false, hasBase=true, deltas=0]
2024-04-24T04:59:21,077  INFO [LocalJobRunner Map Task Executor #0] exec.SerializationUtilities: Deserializing MapWork using kryo
2024-04-24T04:59:21,078  INFO [LocalJobRunner Map Task Executor #0] exec.Utilities: Deserialized plan (via FILE) - name: null size: 4,79KB
2024-04-24T04:59:21,078  INFO [LocalJobRunner Map Task Executor #0] orc.ReaderImpl: Reading ORC rows from file:/home/alex/Repositories/hive/ql/target/tmp/org.apache.hadoop.hive.ql.TestTxnNoBuckets-1713959849960/warehouse/t/000000_0 with {include: [true, true, true], offset: 0, length: 256, schema: struct<a:int,b:int>, includeAcidColumns: true}
2024-04-24T04:59:21,079  INFO [LocalJobRunner Map Task Executor #0] mapred.MapTask: numReduceTasks: 1
2024-04-24T04:59:21,088  INFO [LocalJobRunner Map Task Executor #0] mapred.MapTask: (EQUATOR) 0 kvi 26214396(104857584)
2024-04-24T04:59:21,089  INFO [LocalJobRunner Map Task Executor #0] mapred.MapTask: mapreduce.task.io.sort.mb: 100
2024-04-24T04:59:21,089  INFO [LocalJobRunner Map Task Executor #0] mapred.MapTask: soft limit at 83886080
2024-04-24T04:59:21,089  INFO [LocalJobRunner Map Task Executor #0] mapred.MapTask: bufstart = 0; bufvoid = 104857600
2024-04-24T04:59:21,089  INFO [LocalJobRunner Map Task Executor #0] mapred.MapTask: kvstart = 26214396; length = 6553600
2024-04-24T04:59:21,089  INFO [LocalJobRunner Map Task Executor #0] mapred.MapTask: Map output collector class = org.apache.hadoop.mapred.MapTask$MapOutputBuffer
2024-04-24T04:59:21,090  INFO [LocalJobRunner Map Task Executor #0] exec.MapOperator: Initializing Operator: MAP[0]
2024-04-24T04:59:21,091  INFO [LocalJobRunner Map Task Executor #0] mr.ExecMapper: 
<MAP>Id =0
  <Children>null
  <\Children>
  <Parent><\Parent>
<\MAP>
2024-04-24T04:59:21,091  INFO [LocalJobRunner Map Task Executor #0] exec.TableScanOperator: Initializing Operator: TS[0]
2024-04-24T04:59:21,091  INFO [LocalJobRunner Map Task Executor #0] exec.SelectOperator: Initializing Operator: SEL[1]
2024-04-24T04:59:21,091  INFO [LocalJobRunner Map Task Executor #0] exec.SelectOperator: SELECT struct<a:int,b:int,input__file__name:string>
2024-04-24T04:59:21,091  INFO [LocalJobRunner Map Task Executor #0] exec.ReduceSinkOperator: Initializing Operator: RS[2]
2024-04-24T04:59:21,091  INFO [LocalJobRunner Map Task Executor #0] exec.ReduceSinkOperator: Using tag = -1
2024-04-24T04:59:21,092  INFO [LocalJobRunner Map Task Executor #0] exec.ReduceSinkOperator: keys are [reducesinkkey0, reducesinkkey1, reducesinkkey2] num distributions: 3
2024-04-24T04:59:21,092  INFO [LocalJobRunner Map Task Executor #0] exec.ReduceSinkOperator: RS[2]: records written - 1
2024-04-24T04:59:21,092  INFO [LocalJobRunner Map Task Executor #0] exec.MapOperator: MAP[0]: records read - 1
2024-04-24T04:59:21,092  INFO [LocalJobRunner Map Task Executor #0] exec.MapOperator: Closing Operator: MAP[0]
2024-04-24T04:59:21,092  INFO [LocalJobRunner Map Task Executor #0] exec.MapOperator: MAP[0]: Total records read - 2. abort - false
2024-04-24T04:59:21,092  INFO [LocalJobRunner Map Task Executor #0] exec.MapOperator: RECORDS_OUT_INTERMEDIATE:0, RECORDS_OUT_OPERATOR_MAP_0:0, DESERIALIZE_ERRORS:0, RECORDS_IN:2, 
2024-04-24T04:59:21,092  INFO [LocalJobRunner Map Task Executor #0] exec.TableScanOperator: Closing Operator: TS[0]
2024-04-24T04:59:21,092  INFO [LocalJobRunner Map Task Executor #0] exec.TableScanOperator: RECORDS_OUT_OPERATOR_TS_0:2, RECORDS_OUT_INTERMEDIATE:0, 
2024-04-24T04:59:21,093  INFO [LocalJobRunner Map Task Executor #0] exec.SelectOperator: Closing Operator: SEL[1]
2024-04-24T04:59:21,093  INFO [LocalJobRunner Map Task Executor #0] exec.SelectOperator: RECORDS_OUT_INTERMEDIATE:0, RECORDS_OUT_OPERATOR_SEL_1:2, 
2024-04-24T04:59:21,093  INFO [LocalJobRunner Map Task Executor #0] exec.ReduceSinkOperator: Closing Operator: RS[2]
2024-04-24T04:59:21,093  INFO [LocalJobRunner Map Task Executor #0] exec.ReduceSinkOperator: RS[2]: Total records written - 2. abort - false
2024-04-24T04:59:21,093  INFO [LocalJobRunner Map Task Executor #0] exec.ReduceSinkOperator: RECORDS_OUT_OPERATOR_RS_2:2, RECORDS_OUT_INTERMEDIATE:2, 
2024-04-24T04:59:21,093  INFO [LocalJobRunner Map Task Executor #0] mapred.LocalJobRunner: 
2024-04-24T04:59:21,093  INFO [LocalJobRunner Map Task Executor #0] mapred.MapTask: Starting flush of map output
2024-04-24T04:59:21,093  INFO [LocalJobRunner Map Task Executor #0] mapred.MapTask: Spilling map output
2024-04-24T04:59:21,093  INFO [LocalJobRunner Map Task Executor #0] mapred.MapTask: bufstart = 0; bufend = 292; bufvoid = 104857600
2024-04-24T04:59:21,093  INFO [LocalJobRunner Map Task Executor #0] mapred.MapTask: kvstart = 26214396(104857584); kvend = 26214392(104857568); length = 5/6553600
2024-04-24T04:59:21,104  INFO [LocalJobRunner Map Task Executor #0] mapred.MapTask: Finished spill 0
2024-04-24T04:59:21,107  INFO [LocalJobRunner Map Task Executor #0] mapred.Task: Task:attempt_local9887468_0048_m_000000_0 is done. And is in the process of committing
2024-04-24T04:59:21,107  INFO [LocalJobRunner Map Task Executor #0] mapred.LocalJobRunner: map
2024-04-24T04:59:21,107  INFO [LocalJobRunner Map Task Executor #0] mapred.Task: Task 'attempt_local9887468_0048_m_000000_0' done.
2024-04-24T04:59:21,107  INFO [LocalJobRunner Map Task Executor #0] mapred.Task: Final Counters for attempt_local9887468_0048_m_000000_0: Counters: 24
	File System Counters
		FILE: Number of bytes read=1120331
		FILE: Number of bytes written=57730506
		FILE: Number of read operations=0
		FILE: Number of large read operations=0
		FILE: Number of write operations=0
	Map-Reduce Framework
		Map input records=2
		Map output records=2
		Map output bytes=292
		Map output materialized bytes=304
		Input split bytes=451
		Combine input records=0
		Spilled Records=2
		Failed Shuffles=0
		Merged Map outputs=0
		GC time elapsed (ms)=5
		Total committed heap usage (bytes)=1214251008
	HIVE
		DESERIALIZE_ERRORS=0
		RECORDS_IN=2
		RECORDS_OUT_INTERMEDIATE=2
		RECORDS_OUT_OPERATOR_MAP_0=0
		RECORDS_OUT_OPERATOR_RS_2=2
		RECORDS_OUT_OPERATOR_SEL_1=2
		RECORDS_OUT_OPERATOR_TS_0=2
	File Input Format Counters 
		Bytes Read=5925
2024-04-24T04:59:21,107  INFO [LocalJobRunner Map Task Executor #0] mapred.LocalJobRunner: Finishing task: attempt_local9887468_0048_m_000000_0
2024-04-24T04:59:21,107  INFO [LocalJobRunner Map Task Executor #0] mapred.LocalJobRunner: Starting task: attempt_local9887468_0048_m_000001_0
2024-04-24T04:59:21,108  INFO [LocalJobRunner Map Task Executor #0] mapred.Task:  Using ResourceCalculatorProcessTree : [ ]
2024-04-24T04:59:21,108  INFO [LocalJobRunner Map Task Executor #0] mapred.MapTask: Processing split: org.apache.hadoop.hive.ql.io.orc.OrcInputFormat:OrcSplit [file:/home/alex/Repositories/hive/ql/target/tmp/org.apache.hadoop.hive.ql.TestTxnNoBuckets-1713959849960/warehouse/t/000001_0, start=0, length=254, isOriginal=true, fileLength=254, hasFooter=false, hasBase=true, deltas=0]
2024-04-24T04:59:21,109  INFO [LocalJobRunner Map Task Executor #0] exec.SerializationUtilities: Deserializing MapWork using kryo
2024-04-24T04:59:21,109  INFO [LocalJobRunner Map Task Executor #0] exec.Utilities: Deserialized plan (via FILE) - name: null size: 4,79KB
2024-04-24T04:59:21,110  INFO [LocalJobRunner Map Task Executor #0] orc.ReaderImpl: Reading ORC rows from file:/home/alex/Repositories/hive/ql/target/tmp/org.apache.hadoop.hive.ql.TestTxnNoBuckets-1713959849960/warehouse/t/000001_0 with {include: [true, true, true], offset: 0, length: 254, schema: struct<a:int,b:int>, includeAcidColumns: true}
2024-04-24T04:59:21,110  INFO [LocalJobRunner Map Task Executor #0] mapred.MapTask: numReduceTasks: 1
2024-04-24T04:59:21,114  INFO [LocalJobRunner Map Task Executor #0] mapred.MapTask: (EQUATOR) 0 kvi 26214396(104857584)
2024-04-24T04:59:21,114  INFO [LocalJobRunner Map Task Executor #0] mapred.MapTask: mapreduce.task.io.sort.mb: 100
2024-04-24T04:59:21,115  INFO [LocalJobRunner Map Task Executor #0] mapred.MapTask: soft limit at 83886080
2024-04-24T04:59:21,115  INFO [LocalJobRunner Map Task Executor #0] mapred.MapTask: bufstart = 0; bufvoid = 104857600
2024-04-24T04:59:21,115  INFO [LocalJobRunner Map Task Executor #0] mapred.MapTask: kvstart = 26214396; length = 6553600
2024-04-24T04:59:21,115  INFO [LocalJobRunner Map Task Executor #0] mapred.MapTask: Map output collector class = org.apache.hadoop.mapred.MapTask$MapOutputBuffer
2024-04-24T04:59:21,115  INFO [LocalJobRunner Map Task Executor #0] exec.MapOperator: Initializing Operator: MAP[0]
2024-04-24T04:59:21,116  INFO [LocalJobRunner Map Task Executor #0] mr.ExecMapper: 
<MAP>Id =0
  <Children>null
  <\Children>
  <Parent><\Parent>
<\MAP>
2024-04-24T04:59:21,117  INFO [LocalJobRunner Map Task Executor #0] exec.TableScanOperator: Initializing Operator: TS[0]
2024-04-24T04:59:21,117  INFO [LocalJobRunner Map Task Executor #0] exec.SelectOperator: Initializing Operator: SEL[1]
2024-04-24T04:59:21,117  INFO [LocalJobRunner Map Task Executor #0] exec.SelectOperator: SELECT struct<a:int,b:int,input__file__name:string>
2024-04-24T04:59:21,117  INFO [LocalJobRunner Map Task Executor #0] exec.ReduceSinkOperator: Initializing Operator: RS[2]
2024-04-24T04:59:21,117  INFO [LocalJobRunner Map Task Executor #0] exec.ReduceSinkOperator: Using tag = -1
2024-04-24T04:59:21,117  INFO [LocalJobRunner Map Task Executor #0] exec.ReduceSinkOperator: keys are [reducesinkkey0, reducesinkkey1, reducesinkkey2] num distributions: 3
2024-04-24T04:59:21,117  INFO [LocalJobRunner Map Task Executor #0] exec.ReduceSinkOperator: RS[2]: records written - 1
2024-04-24T04:59:21,117  INFO [LocalJobRunner Map Task Executor #0] exec.MapOperator: MAP[0]: records read - 1
2024-04-24T04:59:21,118  INFO [LocalJobRunner Map Task Executor #0] exec.MapOperator: Closing Operator: MAP[0]
2024-04-24T04:59:21,118  INFO [LocalJobRunner Map Task Executor #0] exec.MapOperator: MAP[0]: Total records read - 1. abort - false
2024-04-24T04:59:21,118  INFO [LocalJobRunner Map Task Executor #0] exec.MapOperator: RECORDS_IN:1, DESERIALIZE_ERRORS:0, RECORDS_OUT_OPERATOR_MAP_0:0, RECORDS_OUT_INTERMEDIATE:0, 
2024-04-24T04:59:21,118  INFO [LocalJobRunner Map Task Executor #0] exec.TableScanOperator: Closing Operator: TS[0]
2024-04-24T04:59:21,118  INFO [LocalJobRunner Map Task Executor #0] exec.TableScanOperator: RECORDS_OUT_INTERMEDIATE:0, RECORDS_OUT_OPERATOR_TS_0:1, 
2024-04-24T04:59:21,118  INFO [LocalJobRunner Map Task Executor #0] exec.SelectOperator: Closing Operator: SEL[1]
2024-04-24T04:59:21,118  INFO [LocalJobRunner Map Task Executor #0] exec.SelectOperator: RECORDS_OUT_OPERATOR_SEL_1:1, RECORDS_OUT_INTERMEDIATE:0, 
2024-04-24T04:59:21,118  INFO [LocalJobRunner Map Task Executor #0] exec.ReduceSinkOperator: Closing Operator: RS[2]
2024-04-24T04:59:21,118  INFO [LocalJobRunner Map Task Executor #0] exec.ReduceSinkOperator: RS[2]: Total records written - 1. abort - false
2024-04-24T04:59:21,118  INFO [LocalJobRunner Map Task Executor #0] exec.ReduceSinkOperator: RECORDS_OUT_OPERATOR_RS_2:1, RECORDS_OUT_INTERMEDIATE:1, 
2024-04-24T04:59:21,118  INFO [LocalJobRunner Map Task Executor #0] mapred.LocalJobRunner: 
2024-04-24T04:59:21,118  INFO [LocalJobRunner Map Task Executor #0] mapred.MapTask: Starting flush of map output
2024-04-24T04:59:21,118  INFO [LocalJobRunner Map Task Executor #0] mapred.MapTask: Spilling map output
2024-04-24T04:59:21,118  INFO [LocalJobRunner Map Task Executor #0] mapred.MapTask: bufstart = 0; bufend = 146; bufvoid = 104857600
2024-04-24T04:59:21,118  INFO [LocalJobRunner Map Task Executor #0] mapred.MapTask: kvstart = 26214396(104857584); kvend = 26214396(104857584); length = 1/6553600
2024-04-24T04:59:21,127  INFO [LocalJobRunner Map Task Executor #0] mapred.MapTask: Finished spill 0
2024-04-24T04:59:21,130  INFO [LocalJobRunner Map Task Executor #0] mapred.Task: Task:attempt_local9887468_0048_m_000001_0 is done. And is in the process of committing
2024-04-24T04:59:21,131  INFO [LocalJobRunner Map Task Executor #0] mapred.LocalJobRunner: map
2024-04-24T04:59:21,131  INFO [LocalJobRunner Map Task Executor #0] mapred.Task: Task 'attempt_local9887468_0048_m_000001_0' done.
2024-04-24T04:59:21,131  INFO [LocalJobRunner Map Task Executor #0] mapred.Task: Final Counters for attempt_local9887468_0048_m_000001_0: Counters: 24
	File System Counters
		FILE: Number of bytes read=1128091
		FILE: Number of bytes written=57730693
		FILE: Number of read operations=0
		FILE: Number of large read operations=0
		FILE: Number of write operations=0
	Map-Reduce Framework
		Map input records=1
		Map output records=1
		Map output bytes=146
		Map output materialized bytes=155
		Input split bytes=451
		Combine input records=0
		Spilled Records=1
		Failed Shuffles=0
		Merged Map outputs=0
		GC time elapsed (ms)=0
		Total committed heap usage (bytes)=1214251008
	HIVE
		DESERIALIZE_ERRORS=0
		RECORDS_IN=1
		RECORDS_OUT_INTERMEDIATE=1
		RECORDS_OUT_OPERATOR_MAP_0=0
		RECORDS_OUT_OPERATOR_RS_2=1
		RECORDS_OUT_OPERATOR_SEL_1=1
		RECORDS_OUT_OPERATOR_TS_0=1
	File Input Format Counters 
		Bytes Read=5917
2024-04-24T04:59:21,131  INFO [LocalJobRunner Map Task Executor #0] mapred.LocalJobRunner: Finishing task: attempt_local9887468_0048_m_000001_0
2024-04-24T04:59:21,131  INFO [LocalJobRunner Map Task Executor #0] mapred.LocalJobRunner: Starting task: attempt_local9887468_0048_m_000002_0
2024-04-24T04:59:21,131  INFO [LocalJobRunner Map Task Executor #0] mapred.Task:  Using ResourceCalculatorProcessTree : [ ]
2024-04-24T04:59:21,132  INFO [LocalJobRunner Map Task Executor #0] mapred.MapTask: Processing split: org.apache.hadoop.hive.ql.io.orc.OrcInputFormat:OrcSplit [file:/home/alex/Repositories/hive/ql/target/tmp/org.apache.hadoop.hive.ql.TestTxnNoBuckets-1713959849960/warehouse/t/000002_0, start=0, length=254, isOriginal=true, fileLength=254, hasFooter=false, hasBase=true, deltas=0]
2024-04-24T04:59:21,132  INFO [LocalJobRunner Map Task Executor #0] exec.SerializationUtilities: Deserializing MapWork using kryo
2024-04-24T04:59:21,132  INFO [LocalJobRunner Map Task Executor #0] exec.Utilities: Deserialized plan (via FILE) - name: null size: 4,79KB
2024-04-24T04:59:21,133  INFO [LocalJobRunner Map Task Executor #0] orc.ReaderImpl: Reading ORC rows from file:/home/alex/Repositories/hive/ql/target/tmp/org.apache.hadoop.hive.ql.TestTxnNoBuckets-1713959849960/warehouse/t/000002_0 with {include: [true, true, true], offset: 0, length: 254, schema: struct<a:int,b:int>, includeAcidColumns: true}
2024-04-24T04:59:21,133  INFO [LocalJobRunner Map Task Executor #0] mapred.MapTask: numReduceTasks: 1
2024-04-24T04:59:21,138  INFO [LocalJobRunner Map Task Executor #0] mapred.MapTask: (EQUATOR) 0 kvi 26214396(104857584)
2024-04-24T04:59:21,138  INFO [LocalJobRunner Map Task Executor #0] mapred.MapTask: mapreduce.task.io.sort.mb: 100
2024-04-24T04:59:21,138  INFO [LocalJobRunner Map Task Executor #0] mapred.MapTask: soft limit at 83886080
2024-04-24T04:59:21,138  INFO [LocalJobRunner Map Task Executor #0] mapred.MapTask: bufstart = 0; bufvoid = 104857600
2024-04-24T04:59:21,138  INFO [LocalJobRunner Map Task Executor #0] mapred.MapTask: kvstart = 26214396; length = 6553600
2024-04-24T04:59:21,138  INFO [LocalJobRunner Map Task Executor #0] mapred.MapTask: Map output collector class = org.apache.hadoop.mapred.MapTask$MapOutputBuffer
2024-04-24T04:59:21,138  INFO [LocalJobRunner Map Task Executor #0] exec.MapOperator: Initializing Operator: MAP[0]
2024-04-24T04:59:21,139  INFO [LocalJobRunner Map Task Executor #0] mr.ExecMapper: 
<MAP>Id =0
  <Children>null
  <\Children>
  <Parent><\Parent>
<\MAP>
2024-04-24T04:59:21,140  INFO [LocalJobRunner Map Task Executor #0] exec.TableScanOperator: Initializing Operator: TS[0]
2024-04-24T04:59:21,140  INFO [LocalJobRunner Map Task Executor #0] exec.SelectOperator: Initializing Operator: SEL[1]
2024-04-24T04:59:21,140  INFO [LocalJobRunner Map Task Executor #0] exec.SelectOperator: SELECT struct<a:int,b:int,input__file__name:string>
2024-04-24T04:59:21,140  INFO [LocalJobRunner Map Task Executor #0] exec.ReduceSinkOperator: Initializing Operator: RS[2]
2024-04-24T04:59:21,140  INFO [LocalJobRunner Map Task Executor #0] exec.ReduceSinkOperator: Using tag = -1
2024-04-24T04:59:21,141  INFO [LocalJobRunner Map Task Executor #0] exec.ReduceSinkOperator: keys are [reducesinkkey0, reducesinkkey1, reducesinkkey2] num distributions: 3
2024-04-24T04:59:21,141  INFO [LocalJobRunner Map Task Executor #0] exec.ReduceSinkOperator: RS[2]: records written - 1
2024-04-24T04:59:21,141  INFO [LocalJobRunner Map Task Executor #0] exec.MapOperator: MAP[0]: records read - 1
2024-04-24T04:59:21,141  INFO [LocalJobRunner Map Task Executor #0] exec.MapOperator: Closing Operator: MAP[0]
2024-04-24T04:59:21,141  INFO [LocalJobRunner Map Task Executor #0] exec.MapOperator: MAP[0]: Total records read - 2. abort - false
2024-04-24T04:59:21,141  INFO [LocalJobRunner Map Task Executor #0] exec.MapOperator: RECORDS_OUT_OPERATOR_MAP_0:0, RECORDS_IN:2, DESERIALIZE_ERRORS:0, RECORDS_OUT_INTERMEDIATE:0, 
2024-04-24T04:59:21,141  INFO [LocalJobRunner Map Task Executor #0] exec.TableScanOperator: Closing Operator: TS[0]
2024-04-24T04:59:21,141  INFO [LocalJobRunner Map Task Executor #0] exec.TableScanOperator: RECORDS_OUT_INTERMEDIATE:0, RECORDS_OUT_OPERATOR_TS_0:2, 
2024-04-24T04:59:21,141  INFO [LocalJobRunner Map Task Executor #0] exec.SelectOperator: Closing Operator: SEL[1]
2024-04-24T04:59:21,141  INFO [LocalJobRunner Map Task Executor #0] exec.SelectOperator: RECORDS_OUT_INTERMEDIATE:0, RECORDS_OUT_OPERATOR_SEL_1:2, 
2024-04-24T04:59:21,142  INFO [LocalJobRunner Map Task Executor #0] exec.ReduceSinkOperator: Closing Operator: RS[2]
2024-04-24T04:59:21,142  INFO [LocalJobRunner Map Task Executor #0] exec.ReduceSinkOperator: RS[2]: Total records written - 2. abort - false
2024-04-24T04:59:21,142  INFO [LocalJobRunner Map Task Executor #0] exec.ReduceSinkOperator: RECORDS_OUT_OPERATOR_RS_2:2, RECORDS_OUT_INTERMEDIATE:2, 
2024-04-24T04:59:21,142  INFO [LocalJobRunner Map Task Executor #0] mapred.LocalJobRunner: 
2024-04-24T04:59:21,142  INFO [LocalJobRunner Map Task Executor #0] mapred.MapTask: Starting flush of map output
2024-04-24T04:59:21,142  INFO [LocalJobRunner Map Task Executor #0] mapred.MapTask: Spilling map output
2024-04-24T04:59:21,142  INFO [LocalJobRunner Map Task Executor #0] mapred.MapTask: bufstart = 0; bufend = 292; bufvoid = 104857600
2024-04-24T04:59:21,142  INFO [LocalJobRunner Map Task Executor #0] mapred.MapTask: kvstart = 26214396(104857584); kvend = 26214392(104857568); length = 5/6553600
2024-04-24T04:59:21,150  INFO [LocalJobRunner Map Task Executor #0] mapred.MapTask: Finished spill 0
2024-04-24T04:59:21,152  INFO [LocalJobRunner Map Task Executor #0] mapred.Task: Task:attempt_local9887468_0048_m_000002_0 is done. And is in the process of committing
2024-04-24T04:59:21,153  INFO [LocalJobRunner Map Task Executor #0] mapred.LocalJobRunner: map
2024-04-24T04:59:21,153  INFO [LocalJobRunner Map Task Executor #0] mapred.Task: Task 'attempt_local9887468_0048_m_000002_0' done.
2024-04-24T04:59:21,153  INFO [LocalJobRunner Map Task Executor #0] mapred.Task: Final Counters for attempt_local9887468_0048_m_000002_0: Counters: 24
	File System Counters
		FILE: Number of bytes read=1135339
		FILE: Number of bytes written=57731029
		FILE: Number of read operations=0
		FILE: Number of large read operations=0
		FILE: Number of write operations=0
	Map-Reduce Framework
		Map input records=2
		Map output records=2
		Map output bytes=292
		Map output materialized bytes=304
		Input split bytes=451
		Combine input records=0
		Spilled Records=2
		Failed Shuffles=0
		Merged Map outputs=0
		GC time elapsed (ms)=0
		Total committed heap usage (bytes)=1214251008
	HIVE
		DESERIALIZE_ERRORS=0
		RECORDS_IN=2
		RECORDS_OUT_INTERMEDIATE=2
		RECORDS_OUT_OPERATOR_MAP_0=0
		RECORDS_OUT_OPERATOR_RS_2=2
		RECORDS_OUT_OPERATOR_SEL_1=2
		RECORDS_OUT_OPERATOR_TS_0=2
	File Input Format Counters 
		Bytes Read=5917
2024-04-24T04:59:21,153  INFO [LocalJobRunner Map Task Executor #0] mapred.LocalJobRunner: Finishing task: attempt_local9887468_0048_m_000002_0
2024-04-24T04:59:21,153  INFO [LocalJobRunner Map Task Executor #0] mapred.LocalJobRunner: Starting task: attempt_local9887468_0048_m_000003_0
2024-04-24T04:59:21,154  INFO [LocalJobRunner Map Task Executor #0] mapred.Task:  Using ResourceCalculatorProcessTree : [ ]
2024-04-24T04:59:21,154  INFO [LocalJobRunner Map Task Executor #0] mapred.MapTask: Processing split: org.apache.hadoop.hive.ql.io.orc.OrcInputFormat:OrcSplit [file:/home/alex/Repositories/hive/ql/target/tmp/org.apache.hadoop.hive.ql.TestTxnNoBuckets-1713959849960/warehouse/t/000000_0_copy_1, start=0, length=241, isOriginal=true, fileLength=241, hasFooter=false, hasBase=true, deltas=0]
2024-04-24T04:59:21,154  INFO [LocalJobRunner Map Task Executor #0] exec.SerializationUtilities: Deserializing MapWork using kryo
2024-04-24T04:59:21,155  INFO [LocalJobRunner Map Task Executor #0] exec.Utilities: Deserialized plan (via FILE) - name: null size: 4,79KB
2024-04-24T04:59:21,155  INFO [LocalJobRunner Map Task Executor #0] orc.ReaderImpl: Reading ORC rows from file:/home/alex/Repositories/hive/ql/target/tmp/org.apache.hadoop.hive.ql.TestTxnNoBuckets-1713959849960/warehouse/t/000000_0_copy_1 with {include: [true, true, true], offset: 0, length: 241, schema: struct<a:int,b:int>, includeAcidColumns: true}
2024-04-24T04:59:21,156  INFO [LocalJobRunner Map Task Executor #0] mapred.MapTask: numReduceTasks: 1
2024-04-24T04:59:21,161  INFO [LocalJobRunner Map Task Executor #0] mapred.MapTask: (EQUATOR) 0 kvi 26214396(104857584)
2024-04-24T04:59:21,161  INFO [LocalJobRunner Map Task Executor #0] mapred.MapTask: mapreduce.task.io.sort.mb: 100
2024-04-24T04:59:21,161  INFO [LocalJobRunner Map Task Executor #0] mapred.MapTask: soft limit at 83886080
2024-04-24T04:59:21,161  INFO [LocalJobRunner Map Task Executor #0] mapred.MapTask: bufstart = 0; bufvoid = 104857600
2024-04-24T04:59:21,161  INFO [LocalJobRunner Map Task Executor #0] mapred.MapTask: kvstart = 26214396; length = 6553600
2024-04-24T04:59:21,161  INFO [LocalJobRunner Map Task Executor #0] mapred.MapTask: Map output collector class = org.apache.hadoop.mapred.MapTask$MapOutputBuffer
2024-04-24T04:59:21,162  INFO [LocalJobRunner Map Task Executor #0] exec.MapOperator: Initializing Operator: MAP[0]
2024-04-24T04:59:21,163  INFO [LocalJobRunner Map Task Executor #0] mr.ExecMapper: 
<MAP>Id =0
  <Children>null
  <\Children>
  <Parent><\Parent>
<\MAP>
2024-04-24T04:59:21,163  INFO [LocalJobRunner Map Task Executor #0] exec.TableScanOperator: Initializing Operator: TS[0]
2024-04-24T04:59:21,163  INFO [LocalJobRunner Map Task Executor #0] exec.SelectOperator: Initializing Operator: SEL[1]
2024-04-24T04:59:21,163  INFO [LocalJobRunner Map Task Executor #0] exec.SelectOperator: SELECT struct<a:int,b:int,input__file__name:string>
2024-04-24T04:59:21,163  INFO [LocalJobRunner Map Task Executor #0] exec.ReduceSinkOperator: Initializing Operator: RS[2]
2024-04-24T04:59:21,163  INFO [LocalJobRunner Map Task Executor #0] exec.ReduceSinkOperator: Using tag = -1
2024-04-24T04:59:21,164  INFO [LocalJobRunner Map Task Executor #0] exec.ReduceSinkOperator: keys are [reducesinkkey0, reducesinkkey1, reducesinkkey2] num distributions: 3
2024-04-24T04:59:21,164  INFO [LocalJobRunner Map Task Executor #0] exec.ReduceSinkOperator: RS[2]: records written - 1
2024-04-24T04:59:21,164  INFO [LocalJobRunner Map Task Executor #0] exec.MapOperator: MAP[0]: records read - 1
2024-04-24T04:59:21,164  INFO [LocalJobRunner Map Task Executor #0] exec.MapOperator: Closing Operator: MAP[0]
2024-04-24T04:59:21,164  INFO [LocalJobRunner Map Task Executor #0] exec.MapOperator: MAP[0]: Total records read - 1. abort - false
2024-04-24T04:59:21,164  INFO [LocalJobRunner Map Task Executor #0] exec.MapOperator: RECORDS_OUT_OPERATOR_MAP_0:0, RECORDS_IN:1, DESERIALIZE_ERRORS:0, RECORDS_OUT_INTERMEDIATE:0, 
2024-04-24T04:59:21,164  INFO [LocalJobRunner Map Task Executor #0] exec.TableScanOperator: Closing Operator: TS[0]
2024-04-24T04:59:21,164  INFO [LocalJobRunner Map Task Executor #0] exec.TableScanOperator: RECORDS_OUT_OPERATOR_TS_0:1, RECORDS_OUT_INTERMEDIATE:0, 
2024-04-24T04:59:21,164  INFO [LocalJobRunner Map Task Executor #0] exec.SelectOperator: Closing Operator: SEL[1]
2024-04-24T04:59:21,164  INFO [LocalJobRunner Map Task Executor #0] exec.SelectOperator: RECORDS_OUT_INTERMEDIATE:0, RECORDS_OUT_OPERATOR_SEL_1:1, 
2024-04-24T04:59:21,164  INFO [LocalJobRunner Map Task Executor #0] exec.ReduceSinkOperator: Closing Operator: RS[2]
2024-04-24T04:59:21,164  INFO [LocalJobRunner Map Task Executor #0] exec.ReduceSinkOperator: RS[2]: Total records written - 1. abort - false
2024-04-24T04:59:21,164  INFO [LocalJobRunner Map Task Executor #0] exec.ReduceSinkOperator: RECORDS_OUT_INTERMEDIATE:1, RECORDS_OUT_OPERATOR_RS_2:1, 
2024-04-24T04:59:21,165  INFO [LocalJobRunner Map Task Executor #0] mapred.LocalJobRunner: 
2024-04-24T04:59:21,165  INFO [LocalJobRunner Map Task Executor #0] mapred.MapTask: Starting flush of map output
2024-04-24T04:59:21,165  INFO [LocalJobRunner Map Task Executor #0] mapred.MapTask: Spilling map output
2024-04-24T04:59:21,165  INFO [LocalJobRunner Map Task Executor #0] mapred.MapTask: bufstart = 0; bufend = 153; bufvoid = 104857600
2024-04-24T04:59:21,165  INFO [LocalJobRunner Map Task Executor #0] mapred.MapTask: kvstart = 26214396(104857584); kvend = 26214396(104857584); length = 1/6553600
2024-04-24T04:59:21,173  INFO [LocalJobRunner Map Task Executor #0] mapred.MapTask: Finished spill 0
2024-04-24T04:59:21,176  INFO [LocalJobRunner Map Task Executor #0] mapred.Task: Task:attempt_local9887468_0048_m_000003_0 is done. And is in the process of committing
2024-04-24T04:59:21,176  INFO [LocalJobRunner Map Task Executor #0] mapred.LocalJobRunner: map
2024-04-24T04:59:21,176  INFO [LocalJobRunner Map Task Executor #0] mapred.Task: Task 'attempt_local9887468_0048_m_000003_0' done.
2024-04-24T04:59:21,176  INFO [LocalJobRunner Map Task Executor #0] mapred.Task: Final Counters for attempt_local9887468_0048_m_000003_0: Counters: 24
	File System Counters
		FILE: Number of bytes read=1142023
		FILE: Number of bytes written=57731223
		FILE: Number of read operations=0
		FILE: Number of large read operations=0
		FILE: Number of write operations=0
	Map-Reduce Framework
		Map input records=1
		Map output records=1
		Map output bytes=153
		Map output materialized bytes=162
		Input split bytes=459
		Combine input records=0
		Spilled Records=1
		Failed Shuffles=0
		Merged Map outputs=0
		GC time elapsed (ms)=0
		Total committed heap usage (bytes)=1214251008
	HIVE
		DESERIALIZE_ERRORS=0
		RECORDS_IN=1
		RECORDS_OUT_INTERMEDIATE=1
		RECORDS_OUT_OPERATOR_MAP_0=0
		RECORDS_OUT_OPERATOR_RS_2=1
		RECORDS_OUT_OPERATOR_SEL_1=1
		RECORDS_OUT_OPERATOR_TS_0=1
	File Input Format Counters 
		Bytes Read=5865
2024-04-24T04:59:21,176  INFO [LocalJobRunner Map Task Executor #0] mapred.LocalJobRunner: Finishing task: attempt_local9887468_0048_m_000003_0
2024-04-24T04:59:21,176  INFO [Thread-3109] mapred.LocalJobRunner: map task executor complete.
2024-04-24T04:59:21,177  INFO [Thread-3109] mapred.LocalJobRunner: Waiting for reduce tasks
2024-04-24T04:59:21,177  INFO [pool-213-thread-1] mapred.LocalJobRunner: Starting task: attempt_local9887468_0048_r_000000_0
2024-04-24T04:59:21,178  INFO [pool-213-thread-1] mapred.Task:  Using ResourceCalculatorProcessTree : [ ]
2024-04-24T04:59:21,178  INFO [pool-213-thread-1] mapred.ReduceTask: Using ShuffleConsumerPlugin: org.apache.hadoop.mapreduce.task.reduce.Shuffle@18b358f5
2024-04-24T04:59:21,178  WARN [pool-213-thread-1] impl.MetricsSystemImpl: JobTracker metrics system already initialized!
2024-04-24T04:59:21,179  INFO [pool-213-thread-1] reduce.MergeManagerImpl: MergerManager: memoryLimit=1336252800, maxSingleShuffleLimit=334063200, mergeThreshold=881926912, ioSortFactor=10, memToMemMergeOutputsThreshold=10
2024-04-24T04:59:21,179  INFO [EventFetcher for fetching Map Completion Events] reduce.EventFetcher: attempt_local9887468_0048_r_000000_0 Thread started: EventFetcher for fetching Map Completion Events
2024-04-24T04:59:21,180  INFO [localfetcher#30] reduce.LocalFetcher: localfetcher#30 about to shuffle output of map attempt_local9887468_0048_m_000003_0 decomp: 158 len: 162 to MEMORY
2024-04-24T04:59:21,180  INFO [localfetcher#30] reduce.InMemoryMapOutput: Read 158 bytes from map-output for attempt_local9887468_0048_m_000003_0
2024-04-24T04:59:21,180  INFO [localfetcher#30] reduce.MergeManagerImpl: closeInMemoryFile -> map-output of size: 158, inMemoryMapOutputs.size() -> 1, commitMemory -> 0, usedMemory ->158
2024-04-24T04:59:21,182  INFO [localfetcher#30] reduce.LocalFetcher: localfetcher#30 about to shuffle output of map attempt_local9887468_0048_m_000002_0 decomp: 300 len: 304 to MEMORY
2024-04-24T04:59:21,183  INFO [localfetcher#30] reduce.InMemoryMapOutput: Read 300 bytes from map-output for attempt_local9887468_0048_m_000002_0
2024-04-24T04:59:21,183  INFO [localfetcher#30] reduce.MergeManagerImpl: closeInMemoryFile -> map-output of size: 300, inMemoryMapOutputs.size() -> 2, commitMemory -> 158, usedMemory ->458
2024-04-24T04:59:21,185  INFO [localfetcher#30] reduce.LocalFetcher: localfetcher#30 about to shuffle output of map attempt_local9887468_0048_m_000000_0 decomp: 300 len: 304 to MEMORY
2024-04-24T04:59:21,185  INFO [localfetcher#30] reduce.InMemoryMapOutput: Read 300 bytes from map-output for attempt_local9887468_0048_m_000000_0
2024-04-24T04:59:21,185  INFO [localfetcher#30] reduce.MergeManagerImpl: closeInMemoryFile -> map-output of size: 300, inMemoryMapOutputs.size() -> 3, commitMemory -> 458, usedMemory ->758
2024-04-24T04:59:21,187  INFO [localfetcher#30] reduce.LocalFetcher: localfetcher#30 about to shuffle output of map attempt_local9887468_0048_m_000001_0 decomp: 151 len: 155 to MEMORY
2024-04-24T04:59:21,187  INFO [localfetcher#30] reduce.InMemoryMapOutput: Read 151 bytes from map-output for attempt_local9887468_0048_m_000001_0
2024-04-24T04:59:21,187  INFO [localfetcher#30] reduce.MergeManagerImpl: closeInMemoryFile -> map-output of size: 151, inMemoryMapOutputs.size() -> 4, commitMemory -> 758, usedMemory ->909
2024-04-24T04:59:21,187  INFO [EventFetcher for fetching Map Completion Events] reduce.EventFetcher: EventFetcher is interrupted.. Returning
2024-04-24T04:59:21,187  INFO [pool-213-thread-1] mapred.LocalJobRunner: 4 / 4 copied.
2024-04-24T04:59:21,187  INFO [pool-213-thread-1] reduce.MergeManagerImpl: finalMerge called with 4 in-memory map-outputs and 0 on-disk map-outputs
2024-04-24T04:59:21,193  INFO [pool-213-thread-1] mapred.Merger: Merging 4 sorted segments
2024-04-24T04:59:21,193  INFO [pool-213-thread-1] mapred.Merger: Down to the last merge-pass, with 4 segments left of total size: 322 bytes
2024-04-24T04:59:21,196  INFO [pool-213-thread-1] reduce.MergeManagerImpl: Merged 4 segments, 909 bytes to disk to satisfy reduce memory limit
2024-04-24T04:59:21,196  INFO [pool-213-thread-1] reduce.MergeManagerImpl: Merging 1 files, 907 bytes from disk
2024-04-24T04:59:21,196  INFO [pool-213-thread-1] reduce.MergeManagerImpl: Merging 0 segments, 0 bytes from memory into reduce
2024-04-24T04:59:21,196  INFO [pool-213-thread-1] mapred.Merger: Merging 1 sorted segments
2024-04-24T04:59:21,196  INFO [pool-213-thread-1] mapred.Merger: Down to the last merge-pass, with 1 segments left of total size: 758 bytes
2024-04-24T04:59:21,196  INFO [pool-213-thread-1] mapred.LocalJobRunner: 4 / 4 copied.
2024-04-24T04:59:21,196  INFO [pool-213-thread-1] exec.SerializationUtilities: Deserializing ReduceWork using kryo
2024-04-24T04:59:21,197  INFO [pool-213-thread-1] exec.Utilities: Deserialized plan (via FILE) - name: null size: 5,69KB
2024-04-24T04:59:21,197  INFO [pool-213-thread-1] ExecReducer: 
<SEL>Id =3
  <Children>
    <FS>Id =4
      <Children>
      <\Children>
      <Parent>Id = 3 null<\Parent>
    <\FS>
  <\Children>
  <Parent><\Parent>
<\SEL>
2024-04-24T04:59:21,198  INFO [pool-213-thread-1] exec.SelectOperator: Initializing Operator: SEL[3]
2024-04-24T04:59:21,198  INFO [pool-213-thread-1] exec.SelectOperator: SELECT struct<key:struct<reducesinkkey0:int,reducesinkkey1:int,reducesinkkey2:string>,value:struct<>>
2024-04-24T04:59:21,198  INFO [pool-213-thread-1] exec.FileSinkOperator: Initializing Operator: FS[4]
2024-04-24T04:59:21,198  INFO [pool-213-thread-1] exec.FileSinkOperator: Using serializer : class org.apache.hadoop.hive.serde2.lazy.LazySimpleSerDe [serdeParams=org.apache.hadoop.hive.serde2.lazy.LazySerDeParameters@1bff725e, cachedObjectInspector=org.apache.hadoop.hive.serde2.lazy.objectinspector.LazySimpleStructObjectInspector<org.apache.hadoop.hive.serde2.lazy.objectinspector.primitive.LazyIntObjectInspector@3e3b41cb,org.apache.hadoop.hive.serde2.lazy.objectinspector.primitive.LazyIntObjectInspector@3e3b41cb,org.apache.hadoop.hive.serde2.lazy.objectinspector.primitive.LazyStringObjectInspector@441a2d52>, serializedSize=0, stats=org.apache.hadoop.hive.serde2.SerDeStats@5f1df1ca, lastOperationSerialize=false, lastOperationDeserialize=false [1, 2, 3, 4, 5, 6, 7, 8, 11, 14, 15, 16, 17, 18, 19, 20, 21, 22, 23, 24, 25, 26, 28, 29, 30, 31, -128, -127, -126, -125, -124, -123, -122, -121, -120, -119, -118, -117, -116, -115, -114, -113, -112, -111, -110, -109, -108, -107, -106, -105, -104, -103, -102, -101, -100, -99, -98, -97, -96, -95, -94, -93, -92, -91, -90, -89, -88, -87, -86, -85, -84, -83, -82, -81, -80, -79, -78, -77, -76, -75, -74, -73, -72, -71, -70, -69, -68, -67, -66, -65, -64, -63, -62, -61, -60, -59, -58, -57, -56, -55, -54, -53, -52, -51, -50, -49, -48, -47, -46, -45, -44, -43, -42, -41, -40, -39, -38, -37, -36, -35, -34, -33, -32, -31, -30, -29, -28, -27, -26, -25, -24, -23, -22, -21, -20, -19, -18, -17, -16, -15, -14, -13, -12, -11, -10, -9, -8, -7, -6, -5, -4, -3, -2, -1] : [_col0, _col1, _col2] : [int, int, string]] and formatter : org.apache.hadoop.hive.ql.io.HiveSequenceFileOutputFormat@36cc9466
2024-04-24T04:59:21,198  INFO [pool-213-thread-1] exec.FileSinkOperator: Final Path: FS file:/home/alex/Repositories/hive/ql/target/tmp/localscratchdir/cd0e0edb-3ea1-4a99-b6d6-ac39120d4b88/hive_2024-04-24_04-59-20_623_255756803812169386-1/-mr-10001/.hive-staging_hive_2024-04-24_04-59-20_623_255756803812169386-1/_tmp.-ext-10002/000000_0
2024-04-24T04:59:21,198  INFO [pool-213-thread-1] exec.FileSinkOperator: Writing to temp file: FS file:/home/alex/Repositories/hive/ql/target/tmp/localscratchdir/cd0e0edb-3ea1-4a99-b6d6-ac39120d4b88/hive_2024-04-24_04-59-20_623_255756803812169386-1/-mr-10001/.hive-staging_hive_2024-04-24_04-59-20_623_255756803812169386-1/_task_tmp.-ext-10002/_tmp.000000_0
2024-04-24T04:59:21,198  INFO [pool-213-thread-1] exec.FileSinkOperator: New Final Path: FS file:/home/alex/Repositories/hive/ql/target/tmp/localscratchdir/cd0e0edb-3ea1-4a99-b6d6-ac39120d4b88/hive_2024-04-24_04-59-20_623_255756803812169386-1/-mr-10001/.hive-staging_hive_2024-04-24_04-59-20_623_255756803812169386-1/_tmp.-ext-10002/000000_0
2024-04-24T04:59:21,206  INFO [pool-213-thread-1] exec.FileSinkOperator: FS[4]: records written - 1
2024-04-24T04:59:21,206  INFO [pool-213-thread-1] exec.SelectOperator: Closing Operator: SEL[3]
2024-04-24T04:59:21,206  INFO [pool-213-thread-1] exec.SelectOperator: RECORDS_OUT_OPERATOR_SEL_3:6, RECORDS_OUT_INTERMEDIATE:0, 
2024-04-24T04:59:21,206  INFO [pool-213-thread-1] exec.FileSinkOperator: Closing Operator: FS[4]
2024-04-24T04:59:21,206  INFO [pool-213-thread-1] exec.FileSinkOperator: FS[4]: records written - 6
2024-04-24T04:59:21,206  INFO [pool-213-thread-1] exec.FileSinkOperator: RECORDS_OUT_INTERMEDIATE:0, RECORDS_OUT_OPERATOR_FS_4:6, RECORDS_OUT_0:6, 
2024-04-24T04:59:21,207  INFO [pool-213-thread-1] mapred.Task: Task:attempt_local9887468_0048_r_000000_0 is done. And is in the process of committing
2024-04-24T04:59:21,207  INFO [pool-213-thread-1] mapred.LocalJobRunner: reduce > reduce
2024-04-24T04:59:21,207  INFO [pool-213-thread-1] mapred.Task: Task 'attempt_local9887468_0048_r_000000_0' done.
2024-04-24T04:59:21,207  INFO [pool-213-thread-1] mapred.Task: Final Counters for attempt_local9887468_0048_r_000000_0: Counters: 29
	File System Counters
		FILE: Number of bytes read=1149730
		FILE: Number of bytes written=57733101
		FILE: Number of read operations=0
		FILE: Number of large read operations=0
		FILE: Number of write operations=0
	Map-Reduce Framework
		Combine input records=0
		Combine output records=0
		Reduce input groups=6
		Reduce shuffle bytes=925
		Reduce input records=6
		Reduce output records=0
		Spilled Records=6
		Shuffled Maps =4
		Failed Shuffles=0
		Merged Map outputs=4
		GC time elapsed (ms)=0
		Total committed heap usage (bytes)=1214251008
	HIVE
		CREATED_FILES=1
		RECORDS_OUT_0=6
		RECORDS_OUT_INTERMEDIATE=0
		RECORDS_OUT_OPERATOR_FS_4=6
		RECORDS_OUT_OPERATOR_SEL_3=6
	Shuffle Errors
		BAD_ID=0
		CONNECTION=0
		IO_ERROR=0
		WRONG_LENGTH=0
		WRONG_MAP=0
		WRONG_REDUCE=0
	File Output Format Counters 
		Bytes Written=0
2024-04-24T04:59:21,207  INFO [pool-213-thread-1] mapred.LocalJobRunner: Finishing task: attempt_local9887468_0048_r_000000_0
2024-04-24T04:59:21,207  INFO [Thread-3109] mapred.LocalJobRunner: reduce task executor complete.
2024-04-24 04:59:22,076 Stage-1 map = 100%,  reduce = 100%
2024-04-24T04:59:22,076  INFO [main] exec.Task: 2024-04-24 04:59:22,076 Stage-1 map = 100%,  reduce = 100%
Ended Job = job_local9887468_0048
2024-04-24T04:59:22,078  INFO [main] exec.Task: Ended Job = job_local9887468_0048
2024-04-24T04:59:22,080  INFO [main] metadata.Hive: Dumping metastore api call timing information for : execution phase
2024-04-24T04:59:22,080  INFO [main] metadata.Hive: Total time spent in each metastore function (ms): {}
MapReduce Jobs Launched: 
2024-04-24T04:59:22,080  INFO [main] ql.Driver: MapReduce Jobs Launched: 
Stage-Stage-1:  HDFS Read: 0 HDFS Write: 0 SUCCESS
2024-04-24T04:59:22,080  INFO [main] ql.Driver: Stage-Stage-1:  HDFS Read: 0 HDFS Write: 0 SUCCESS
Total MapReduce CPU Time Spent: 0 msec
2024-04-24T04:59:22,080  INFO [main] ql.Driver: Total MapReduce CPU Time Spent: 0 msec
2024-04-24T04:59:22,080  INFO [main] ql.Driver: Completed executing command(queryId=alex_20240424045914_23137229-4d09-4866-b5df-e537d47d0493); Time taken: 1.309 seconds
2024-04-24T04:59:22,080  INFO [main] lockmgr.DbTxnManager: Stopped heartbeat for query: alex_20240424045914_23137229-4d09-4866-b5df-e537d47d0493
2024-04-24T04:59:22,084  INFO [main] txn.TxnHandler: Expected to move at least one record from txn_components to completed_txn_components when committing txn! txnid:18
2024-04-24T04:59:22,088  INFO [main] txn.TxnHandler: Removed transactions: ([18]) from MIN_HISTORY_LEVEL
2024-04-24T04:59:22,088  WARN [main] txn.CompactionTxnHandler: No compaction queue record found for Compaction type transaction commit. txnId:18
2024-04-24T04:59:22,092  INFO [main] mapred.FileInputFormat: Total input files to process : 1
2024-04-24T04:59:22,093  INFO [main] exec.ListSinkOperator: Closing Operator: LIST_SINK[5]
2024-04-24T04:59:22,093  INFO [main] exec.ListSinkOperator: RECORDS_OUT_OPERATOR_LIST_SINK_5:6, RECORDS_OUT_INTERMEDIATE:0, 
2024-04-24T04:59:22,093  WARN [main] ql.TestTxnNoBuckets: null: read data(before converting to acid): 
2024-04-24T04:59:22,093  INFO [main] ql.TestTxnNoBuckets: 1	2	file:/home/alex/Repositories/hive/ql/target/tmp/org.apache.hadoop.hive.ql.TestTxnNoBuckets-1713959849960/warehouse/t/000002_0
2	4	file:/home/alex/Repositories/hive/ql/target/tmp/org.apache.hadoop.hive.ql.TestTxnNoBuckets-1713959849960/warehouse/t/000002_0
5	6	file:/home/alex/Repositories/hive/ql/target/tmp/org.apache.hadoop.hive.ql.TestTxnNoBuckets-1713959849960/warehouse/t/000000_0
6	8	file:/home/alex/Repositories/hive/ql/target/tmp/org.apache.hadoop.hive.ql.TestTxnNoBuckets-1713959849960/warehouse/t/000001_0
9	10	file:/home/alex/Repositories/hive/ql/target/tmp/org.apache.hadoop.hive.ql.TestTxnNoBuckets-1713959849960/warehouse/t/000000_0
12	12	file:/home/alex/Repositories/hive/ql/target/tmp/org.apache.hadoop.hive.ql.TestTxnNoBuckets-1713959849960/warehouse/t/000000_0_copy_1

2024-04-24T04:59:22,093  INFO [main] ql.Context: Deleting scratch dir: file:/home/alex/Repositories/hive/ql/target/tmp/localscratchdir/cd0e0edb-3ea1-4a99-b6d6-ac39120d4b88/hive_2024-04-24_04-59-20_623_255756803812169386-1
2024-04-24T04:59:22,094  INFO [main] cleanup.SyncCleanupService: Deleted directory: file:/home/alex/Repositories/hive/ql/target/tmp/localscratchdir/cd0e0edb-3ea1-4a99-b6d6-ac39120d4b88/hive_2024-04-24_04-59-20_623_255756803812169386-1 on fs with scheme file
2024-04-24T04:59:22,095  INFO [main] ql.TxnCommandsBaseForTests: Running the query: insert into T(a,b) select a * 10, b * 10 from acidTbl where a between 1 and 3 group by a, b union all select a * 10, b * 10 from acidTbl where a between 5 and 7
2024-04-24T04:59:22,095  INFO [main] ql.Driver: Compiling command(queryId=alex_20240424045922_68109ac7-b9b0-4cd1-ab3d-b0079e648348): insert into T(a,b) select a * 10, b * 10 from acidTbl where a between 1 and 3 group by a, b union all select a * 10, b * 10 from acidTbl where a between 5 and 7
2024-04-24T04:59:22,097  INFO [main] txn.TxnHandler: Added entries to MIN_HISTORY_LEVEL for current txns: ([19]) with min_open_txn: 19
2024-04-24T04:59:22,098  INFO [main] lockmgr.DbTxnManager: Opened txnid:19
2024-04-24T04:59:22,098  INFO [main] parse.CalcitePlanner: Starting caching scope for: alex_20240424045922_68109ac7-b9b0-4cd1-ab3d-b0079e648348
2024-04-24T04:59:22,098  INFO [main] parse.CalcitePlanner: Starting Semantic Analysis
2024-04-24T04:59:22,101  INFO [main] HiveMetaStore.audit: ugi=alex	ip=unknown-ip-addr	cmd=get_table : tbl=hive.default.T	
2024-04-24T04:59:22,110  INFO [main] metastore.HMSHandler: Skipping translation for processor with null
2024-04-24T04:59:22,110  INFO [main] parse.CalcitePlanner: Completed phase 1 of Semantic Analysis
2024-04-24T04:59:22,110  INFO [main] parse.CalcitePlanner: Get metadata for source tables
2024-04-24T04:59:22,110  INFO [main] parse.CalcitePlanner: Get metadata for subqueries
2024-04-24T04:59:22,110  INFO [main] parse.CalcitePlanner: Get metadata for source tables
2024-04-24T04:59:22,111  INFO [main] HiveMetaStore.audit: ugi=alex	ip=unknown-ip-addr	cmd=get_table : tbl=hive.default.acidtbl	
2024-04-24T04:59:22,117  INFO [main] metastore.HMSHandler: Skipping translation for processor with null
2024-04-24T04:59:22,117  INFO [main] parse.CalcitePlanner: Get metadata for subqueries
2024-04-24T04:59:22,117  INFO [main] parse.CalcitePlanner: Get metadata for destination tables
2024-04-24T04:59:22,117  INFO [main] parse.CalcitePlanner: Get metadata for source tables
2024-04-24T04:59:22,118  INFO [main] parse.CalcitePlanner: Get metadata for subqueries
2024-04-24T04:59:22,118  INFO [main] parse.CalcitePlanner: Get metadata for destination tables
2024-04-24T04:59:22,118  INFO [main] parse.CalcitePlanner: Get metadata for destination tables
2024-04-24T04:59:22,118  INFO [main] HiveMetaStore.audit: ugi=alex	ip=unknown-ip-addr	cmd=get_table : tbl=hive.default.T	
2024-04-24T04:59:22,126  INFO [main] metastore.HMSHandler: Skipping translation for processor with null
2024-04-24T04:59:22,126  INFO [main] parse.CalcitePlanner: Completed getting MetaData in Semantic Analysis
2024-04-24T04:59:22,126  INFO [main] parse.CalcitePlanner: Disabling LLAP IO encode as ETL query is detected
2024-04-24T04:59:22,138  INFO [main] HiveMetaStore.audit: ugi=alex	ip=unknown-ip-addr	cmd=get_all_table_constraints : tbl=hive.default.acidtbl	
2024-04-24T04:59:22,145  INFO [main] HiveMetaStore.audit: ugi=alex	ip=unknown-ip-addr	cmd=get_all_table_constraints : tbl=hive.default.acidtbl	
2024-04-24T04:59:22,173  INFO [main] calcite.RelOptHiveTable: Calculating column statistics for default.acidtbl, projIndxSet: [0, 1], allowMissingStats: true
2024-04-24T04:59:22,173  INFO [main] HiveMetaStore.audit: ugi=alex	ip=unknown-ip-addr	cmd=get_table_statistics_req: table=hive.default.acidtbl	
2024-04-24T04:59:22,182  WARN [main] calcite.RelOptHiveTable: No Stats for default@acidtbl, Columns: a, b
No Stats for default@acidtbl, Columns: a, b
2024-04-24T04:59:22,182  INFO [main] SessionState: No Stats for default@acidtbl, Columns: a, b
2024-04-24T04:59:22,265  INFO [main] parse.CalcitePlanner: Get metadata for source tables
2024-04-24T04:59:22,265  INFO [main] parse.CalcitePlanner: Get metadata for subqueries
2024-04-24T04:59:22,265  INFO [main] parse.CalcitePlanner: Get metadata for source tables
2024-04-24T04:59:22,265  INFO [main] parse.CalcitePlanner: Get metadata for subqueries
2024-04-24T04:59:22,265  INFO [main] parse.CalcitePlanner: Get metadata for destination tables
2024-04-24T04:59:22,265  INFO [main] parse.CalcitePlanner: Get metadata for source tables
2024-04-24T04:59:22,265  INFO [main] parse.CalcitePlanner: Get metadata for subqueries
2024-04-24T04:59:22,265  INFO [main] parse.CalcitePlanner: Get metadata for destination tables
2024-04-24T04:59:22,265  INFO [main] parse.CalcitePlanner: Get metadata for destination tables
2024-04-24T04:59:22,269  INFO [main] common.FileUtils: Creating directory if it doesn't exist: file:/home/alex/Repositories/hive/ql/target/tmp/org.apache.hadoop.hive.ql.TestTxnNoBuckets-1713959849960/warehouse/t/.hive-staging_hive_2024-04-24_04-59-22_095_2372224878996664036-1
2024-04-24T04:59:22,271  INFO [main] HiveMetaStore.audit: ugi=alex	ip=unknown-ip-addr	cmd=get_not_null_constraints : tbl=hive.default.t	
2024-04-24T04:59:22,272  INFO [main] HiveMetaStore.audit: ugi=alex	ip=unknown-ip-addr	cmd=get_check_constraints : tbl=hive.default.t	
2024-04-24T04:59:22,276  INFO [main] parse.CalcitePlanner: CBO Succeeded; optimized logical plan.
2024-04-24T04:59:22,281  INFO [main] optimizer.ColumnPrunerProcFactory: RS 4 oldColExprMap: {KEY._col1=Column[_col1], KEY._col0=Column[_col0]}
2024-04-24T04:59:22,282  INFO [main] optimizer.ColumnPrunerProcFactory: RS 4 newColExprMap: {KEY._col1=Column[_col1], KEY._col0=Column[_col0]}
2024-04-24T04:59:22,285  INFO [main] optimizer.SortedDynPartitionOptimizer: Sorted dynamic partitioning optimization kicked in..
2024-04-24T04:59:22,285  INFO [main] optimizer.SortedDynPartitionOptimizer: Sorted dynamic partitioning optimization kicked in..
2024-04-24T04:59:22,293  INFO [main] HiveMetaStore.audit: ugi=alex	ip=unknown-ip-addr	cmd=get_table : tbl=hive.default.t	
2024-04-24T04:59:22,302  INFO [main] metastore.HMSHandler: Skipping translation for processor with null
2024-04-24T04:59:22,310  INFO [main] physical.Vectorizer: Examining input format to see if vectorization is enabled.
2024-04-24T04:59:22,310  INFO [main] physical.Vectorizer: Vectorization is enabled for input format(s) [org.apache.hadoop.hive.ql.io.orc.OrcInputFormat]
2024-04-24T04:59:22,310  INFO [main] physical.Vectorizer: Validating and vectorizing MapWork... (vectorizedVertexNum 0)
2024-04-24T04:59:22,311  INFO [main] physical.Vectorizer: Vector GROUP BY operator will use processing mode HASH
2024-04-24T04:59:22,312  INFO [main] physical.Vectorizer: Map vectorization enabled: true
2024-04-24T04:59:22,312  INFO [main] physical.Vectorizer: Map vectorized: true
2024-04-24T04:59:22,312  INFO [main] physical.Vectorizer: Map vectorizedVertexNum: 0
2024-04-24T04:59:22,312  INFO [main] physical.Vectorizer: Map enabledConditionsMet: [hive.vectorized.use.vectorized.input.format IS true]
2024-04-24T04:59:22,312  INFO [main] physical.Vectorizer: Map inputFileFormatClassNameSet: [org.apache.hadoop.hive.ql.io.orc.OrcInputFormat]
2024-04-24T04:59:22,312  INFO [main] physical.Vectorizer: Reduce vectorization enabled: false
2024-04-24T04:59:22,312  INFO [main] physical.Vectorizer: Reduce vectorized: false
2024-04-24T04:59:22,312  INFO [main] physical.Vectorizer: Reduce vectorizedVertexNum: 1
2024-04-24T04:59:22,312  INFO [main] physical.Vectorizer: Reducer hive.vectorized.execution.reduce.enabled: true
2024-04-24T04:59:22,312  INFO [main] physical.Vectorizer: Reducer engine: mr
2024-04-24T04:59:22,313  INFO [main] physical.Vectorizer: Examining input format to see if vectorization is enabled.
2024-04-24T04:59:22,313  INFO [main] physical.Vectorizer: Vectorization is enabled for input format(s) [org.apache.hadoop.hive.ql.io.orc.OrcInputFormat]
2024-04-24T04:59:22,313  INFO [main] physical.Vectorizer: Validating and vectorizing MapWork... (vectorizedVertexNum 2)
2024-04-24T04:59:22,318  INFO [main] physical.Vectorizer: Map vectorization enabled: true
2024-04-24T04:59:22,318  INFO [main] physical.Vectorizer: Map vectorized: true
2024-04-24T04:59:22,318  INFO [main] physical.Vectorizer: Map vectorizedVertexNum: 2
2024-04-24T04:59:22,319  INFO [main] physical.Vectorizer: Map enabledConditionsMet: [hive.vectorized.use.vectorized.input.format IS true]
2024-04-24T04:59:22,319  INFO [main] physical.Vectorizer: Map inputFileFormatClassNameSet: [org.apache.hadoop.hive.ql.io.orc.OrcInputFormat]
2024-04-24T04:59:22,319  INFO [main] parse.CalcitePlanner: Completed plan generation
2024-04-24T04:59:22,319  INFO [main] parse.CalcitePlanner: Ending caching scope for: alex_20240424045922_68109ac7-b9b0-4cd1-ab3d-b0079e648348
2024-04-24T04:59:22,319  INFO [main] ql.Driver: Semantic Analysis Completed (retrial = false)
2024-04-24T04:59:22,319  INFO [main] ql.Driver: Created Hive schema: Schema(fieldSchemas:[FieldSchema(name:_col0, type:int, comment:null), FieldSchema(name:_col1, type:int, comment:null)], properties:null)
2024-04-24T04:59:22,319  INFO [main] metadata.Hive: Dumping metastore api call timing information for : compilation phase
2024-04-24T04:59:22,319  INFO [main] metadata.Hive: Total time spent in each metastore function (ms): {flushCache_()=0, openTxn_(String, TxnType)=2, commitTxn_(CommitTxnRequest)=8, getNotNullConstraints_(NotNullConstraintsRequest)=1, getValidWriteIds_(List, String)=3, isCompatibleWith_(Configuration)=0, getCheckConstraints_(CheckConstraintsRequest)=1, getValidTxns_(long)=0, getTable_(GetTableRequest)=32, getTableColumnStatistics_(String, String, List, String)=8, getAllTableConstraints_(AllTableConstraintsRequest)=10}
2024-04-24T04:59:22,320  INFO [main] ql.Driver: Completed compiling command(queryId=alex_20240424045922_68109ac7-b9b0-4cd1-ab3d-b0079e648348); Time taken: 0.224 seconds
2024-04-24T04:59:22,320  INFO [main] lockmgr.DbTxnManager: Setting lock request transaction to txnid:19 for queryId=alex_20240424045922_68109ac7-b9b0-4cd1-ab3d-b0079e648348
2024-04-24T04:59:22,321  INFO [main] lockmgr.DbLockManager: Requesting lock for queryId=alex_20240424045922_68109ac7-b9b0-4cd1-ab3d-b0079e648348
2024-04-24T04:59:22,336  INFO [main] lockmgr.DbLockManager: Response to queryId=alex_20240424045922_68109ac7-b9b0-4cd1-ab3d-b0079e648348 LockResponse(lockid:13, state:ACQUIRED)
2024-04-24T04:59:22,336  INFO [main] ql.Driver: Operation QUERY obtained 1 locks
2024-04-24T04:59:22,339  INFO [main] ql.Driver: Executing command(queryId=alex_20240424045922_68109ac7-b9b0-4cd1-ab3d-b0079e648348): insert into T(a,b) select a * 10, b * 10 from acidTbl where a between 1 and 3 group by a, b union all select a * 10, b * 10 from acidTbl where a between 5 and 7
2024-04-24T04:59:22,339  WARN [main] ql.Driver: Hive-on-MR is deprecated in Hive 2 and may not be available in the future versions. Consider using a different execution engine (i.e. spark, tez) or using Hive 1.X releases.
Query ID = alex_20240424045922_68109ac7-b9b0-4cd1-ab3d-b0079e648348
2024-04-24T04:59:22,339  INFO [main] ql.Driver: Query ID = alex_20240424045922_68109ac7-b9b0-4cd1-ab3d-b0079e648348
Total jobs = 2
2024-04-24T04:59:22,339  INFO [main] ql.Driver: Total jobs = 2
Launching Job 1 out of 2
2024-04-24T04:59:22,339  INFO [main] ql.Driver: Launching Job 1 out of 2
2024-04-24T04:59:22,479  INFO [main] ql.Driver: Starting task [Stage-1:MAPRED] in serial mode
2024-04-24T04:59:22,479  INFO [main] exec.Utilities: Not using thread pool for getContentSummary
2024-04-24T04:59:22,481  INFO [main] exec.Utilities: BytesPerReducer=256000000 maxReducers=1009 totalInputFileSize=1393
Number of reduce tasks not specified. Estimated from input data size: 1
2024-04-24T04:59:22,481  INFO [main] exec.Task: Number of reduce tasks not specified. Estimated from input data size: 1
In order to change the average load for a reducer (in bytes):
2024-04-24T04:59:22,481  INFO [main] exec.Task: In order to change the average load for a reducer (in bytes):
  set hive.exec.reducers.bytes.per.reducer=<number>
2024-04-24T04:59:22,481  INFO [main] exec.Task:   set hive.exec.reducers.bytes.per.reducer=<number>
In order to limit the maximum number of reducers:
2024-04-24T04:59:22,481  INFO [main] exec.Task: In order to limit the maximum number of reducers:
  set hive.exec.reducers.max=<number>
2024-04-24T04:59:22,481  INFO [main] exec.Task:   set hive.exec.reducers.max=<number>
In order to set a constant number of reducers:
2024-04-24T04:59:22,481  INFO [main] exec.Task: In order to set a constant number of reducers:
  set mapreduce.job.reduces=<number>
2024-04-24T04:59:22,481  INFO [main] exec.Task:   set mapreduce.job.reduces=<number>
2024-04-24T04:59:22,483  INFO [main] mr.ExecDriver: Using org.apache.hadoop.hive.ql.io.HiveInputFormat
2024-04-24T04:59:22,483  INFO [main] exec.Utilities: Processing alias $hdt$_0-subquery1:acidtbl
2024-04-24T04:59:22,483  INFO [main] exec.Utilities: Adding 1 inputs; the first input is file:/home/alex/Repositories/hive/ql/target/tmp/org.apache.hadoop.hive.ql.TestTxnNoBuckets-1713959849960/warehouse/acidtbl
2024-04-24T04:59:22,492  INFO [main] exec.SerializationUtilities: Serializing MapWork using kryo
2024-04-24T04:59:22,493  INFO [main] exec.Utilities: Serialized plan (via FILE) - name: null size: 7,52KB
2024-04-24T04:59:22,498  INFO [main] exec.SerializationUtilities: Serializing ReduceWork using kryo
2024-04-24T04:59:22,499  INFO [main] exec.Utilities: Serialized plan (via FILE) - name: null size: 9,23KB
2024-04-24T04:59:22,500  WARN [main] impl.MetricsSystemImpl: JobTracker metrics system already initialized!
2024-04-24T04:59:22,504  INFO [main] fs.FSStatsPublisher: created : file:/home/alex/Repositories/hive/ql/target/tmp/localscratchdir/cd0e0edb-3ea1-4a99-b6d6-ac39120d4b88/hive_2024-04-24_04-59-22_095_2372224878996664036-1/-mr-10001
2024-04-24T04:59:22,510  WARN [main] impl.MetricsSystemImpl: JobTracker metrics system already initialized!
2024-04-24T04:59:22,517  WARN [main] mapreduce.JobResourceUploader: Hadoop command-line option parsing not performed. Implement the Tool interface and execute your application with ToolRunner to remedy this.
2024-04-24T04:59:22,521  WARN [main] mapreduce.JobResourceUploader: No job jar file set.  User classes may not be found. See Job or Job#setJar(String).
2024-04-24T04:59:22,523  INFO [main] io.HiveInputFormat: hive.io.file.readcolumn.ids = 0,1
2024-04-24T04:59:22,523  INFO [main] io.HiveInputFormat: hive.io.file.readcolumn.names = a,b
2024-04-24T04:59:22,523  INFO [main] io.HiveInputFormat: Generating splits for dirs: file:/home/alex/Repositories/hive/ql/target/tmp/org.apache.hadoop.hive.ql.TestTxnNoBuckets-1713959849960/warehouse/acidtbl
2024-04-24T04:59:22,523  INFO [main] orc.OrcInputFormat: getSplits started
2024-04-24T04:59:22,523  INFO [main] orc.OrcInputFormat: Context:: isAcid: true isVectorMode: true sarg: leaf-(BETWEEN a 1 3) minSplitSize: 1 maxSplitSize: 256000000 splitStrategy: HYBRID footerInSplits: false numBuckets: 2 numThreads: 10 cacheMemSize: 268435456 cacheStripeDetails: true useSoftReference: false writeIdList: default.acidtbl:1:9223372036854775807:: isTransactionalTable: true txnProperties: default 
2024-04-24T04:59:22,523  INFO [main] orc.OrcInputFormat: ORC pushdown predicate: leaf-(BETWEEN a 1 3)
2024-04-24T04:59:22,534  INFO [main] orc.OrcInputFormat: FooterCacheHitRatio: 0/2
2024-04-24T04:59:22,534  INFO [main] orc.OrcInputFormat: getSplits finished (#splits: 2). duration: 11 ms
2024-04-24T04:59:22,534  INFO [main] io.HiveInputFormat: number of splits 2
2024-04-24T04:59:22,551  INFO [main] mapreduce.JobSubmitter: number of splits:2
2024-04-24T04:59:22,569  INFO [main] mapreduce.JobSubmitter: Submitting tokens for job: job_local779434104_0049
2024-04-24T04:59:22,569  INFO [main] mapreduce.JobSubmitter: Executing with tokens: []
2024-04-24T04:59:22,644  INFO [main] mapreduce.Job: The url to track the job: http://localhost:8080/
Job running in-process (local Hadoop)
2024-04-24T04:59:22,644  INFO [main] exec.Task: Job running in-process (local Hadoop)
2024-04-24T04:59:22,644  INFO [Thread-3174] mapred.LocalJobRunner: OutputCommitter set in config org.apache.hadoop.hive.ql.io.HiveFileFormatUtils$NullOutputCommitter
2024-04-24T04:59:22,644  INFO [Thread-3174] mapred.LocalJobRunner: OutputCommitter is org.apache.hadoop.hive.ql.io.HiveFileFormatUtils$NullOutputCommitter
2024-04-24T04:59:22,646  INFO [Thread-3174] mapred.LocalJobRunner: Waiting for map tasks
2024-04-24T04:59:22,646  INFO [LocalJobRunner Map Task Executor #0] mapred.LocalJobRunner: Starting task: attempt_local779434104_0049_m_000000_0
2024-04-24T04:59:22,646  INFO [LocalJobRunner Map Task Executor #0] mapred.Task:  Using ResourceCalculatorProcessTree : [ ]
2024-04-24T04:59:22,647  INFO [LocalJobRunner Map Task Executor #0] mapred.MapTask: Processing split: org.apache.hadoop.hive.ql.io.orc.OrcInputFormat:OrcSplit [file:/home/alex/Repositories/hive/ql/target/tmp/org.apache.hadoop.hive.ql.TestTxnNoBuckets-1713959849960/warehouse/acidtbl/delta_0000001_0000001_0000/bucket_00001_0, start=0, length=704, isOriginal=false, fileLength=704, hasFooter=false, hasBase=true, deltas=0]
2024-04-24T04:59:22,647  INFO [LocalJobRunner Map Task Executor #0] exec.SerializationUtilities: Deserializing MapWork using kryo
2024-04-24T04:59:22,648  INFO [LocalJobRunner Map Task Executor #0] exec.Utilities: Deserialized plan (via FILE) - name: null size: 7,52KB
2024-04-24T04:59:22,648  INFO [LocalJobRunner Map Task Executor #0] orc.OrcInputFormat: ORC pushdown predicate: leaf-(BETWEEN a 1 3)
2024-04-24T04:59:22,648  INFO [LocalJobRunner Map Task Executor #0] orc.VectorizedOrcAcidRowBatchReader: Read ValidWriteIdList: default.acidtbl:1:9223372036854775807:::OrcSplit [file:/home/alex/Repositories/hive/ql/target/tmp/org.apache.hadoop.hive.ql.TestTxnNoBuckets-1713959849960/warehouse/acidtbl/delta_0000001_0000001_0000/bucket_00001_0, start=0, length=704, isOriginal=false, fileLength=704, hasFooter=false, hasBase=true, deltas=0]
2024-04-24T04:59:22,649  INFO [LocalJobRunner Map Task Executor #0] orc.ReaderImpl: Reading ORC rows from file:/home/alex/Repositories/hive/ql/target/tmp/org.apache.hadoop.hive.ql.TestTxnNoBuckets-1713959849960/warehouse/acidtbl/delta_0000001_0000001_0000/bucket_00001_0 with {include: [true, true, true], offset: 0, length: 704, sarg: leaf-(BETWEEN a 1 3), schema: struct<a:int,b:int>, includeAcidColumns: false}
2024-04-24T04:59:22,650  INFO [LocalJobRunner Map Task Executor #0] mapred.MapTask: numReduceTasks: 1
2024-04-24T04:59:22,659  INFO [LocalJobRunner Map Task Executor #0] mapred.MapTask: (EQUATOR) 0 kvi 26214396(104857584)
2024-04-24T04:59:22,659  INFO [LocalJobRunner Map Task Executor #0] mapred.MapTask: mapreduce.task.io.sort.mb: 100
2024-04-24T04:59:22,659  INFO [LocalJobRunner Map Task Executor #0] mapred.MapTask: soft limit at 83886080
2024-04-24T04:59:22,659  INFO [LocalJobRunner Map Task Executor #0] mapred.MapTask: bufstart = 0; bufvoid = 104857600
2024-04-24T04:59:22,659  INFO [LocalJobRunner Map Task Executor #0] mapred.MapTask: kvstart = 26214396; length = 6553600
2024-04-24T04:59:22,659  INFO [LocalJobRunner Map Task Executor #0] mapred.MapTask: Map output collector class = org.apache.hadoop.mapred.MapTask$MapOutputBuffer
2024-04-24T04:59:22,659  INFO [LocalJobRunner Map Task Executor #0] vector.VectorMapOperator: Initializing Operator: MAP[0]
2024-04-24T04:59:22,660  INFO [LocalJobRunner Map Task Executor #0] mr.ExecMapper: 
<MAP>Id =0
  <Children>null
  <\Children>
  <Parent><\Parent>
<\MAP>
2024-04-24T04:59:22,660  INFO [LocalJobRunner Map Task Executor #0] exec.TableScanOperator: Initializing Operator: TS[0]
2024-04-24T04:59:22,660  INFO [LocalJobRunner Map Task Executor #0] vector.VectorFilterOperator: Initializing Operator: FIL[19]
2024-04-24T04:59:22,660  INFO [LocalJobRunner Map Task Executor #0] vector.VectorGroupByOperator: Initializing Operator: GBY[20]
2024-04-24T04:59:22,661  INFO [LocalJobRunner Map Task Executor #0] vector.VectorReduceSinkOperator: Initializing Operator: RS[21]
2024-04-24T04:59:22,661  INFO [LocalJobRunner Map Task Executor #0] vector.VectorReduceSinkOperator: Using tag = -1
2024-04-24T04:59:22,661  INFO [LocalJobRunner Map Task Executor #0] vector.VectorMapOperator: Closing Operator: MAP[0]
2024-04-24T04:59:22,661  INFO [LocalJobRunner Map Task Executor #0] vector.VectorMapOperator: RECORDS_OUT_OPERATOR_MAP_0:0, RECORDS_IN:3, RECORDS_OUT_INTERMEDIATE:0, DESERIALIZE_ERRORS:0, 
2024-04-24T04:59:22,661  INFO [LocalJobRunner Map Task Executor #0] exec.TableScanOperator: Closing Operator: TS[0]
2024-04-24T04:59:22,661  INFO [LocalJobRunner Map Task Executor #0] exec.TableScanOperator: RECORDS_OUT_OPERATOR_TS_0:3, RECORDS_OUT_INTERMEDIATE:0, 
2024-04-24T04:59:22,661  INFO [LocalJobRunner Map Task Executor #0] vector.VectorFilterOperator: Closing Operator: FIL[19]
2024-04-24T04:59:22,661  INFO [LocalJobRunner Map Task Executor #0] vector.VectorFilterOperator: RECORDS_OUT_INTERMEDIATE:0, RECORDS_OUT_OPERATOR_FIL_19:1, 
2024-04-24T04:59:22,661  INFO [LocalJobRunner Map Task Executor #0] vector.VectorGroupByOperator: Closing Operator: GBY[20]
2024-04-24T04:59:22,662  INFO [LocalJobRunner Map Task Executor #0] vector.VectorReduceSinkOperator: keys are [_col0, _col1] num distributions: 2
2024-04-24T04:59:22,662  INFO [LocalJobRunner Map Task Executor #0] vector.VectorReduceSinkOperator: RS[21]: records written - 1
2024-04-24T04:59:22,662  INFO [LocalJobRunner Map Task Executor #0] vector.VectorGroupByOperator: RECORDS_OUT_INTERMEDIATE:0, RECORDS_OUT_OPERATOR_GBY_20:1, 
2024-04-24T04:59:22,662  INFO [LocalJobRunner Map Task Executor #0] vector.VectorReduceSinkOperator: Closing Operator: RS[21]
2024-04-24T04:59:22,662  INFO [LocalJobRunner Map Task Executor #0] vector.VectorReduceSinkOperator: RS[21]: Total records written - 1. abort - false
2024-04-24T04:59:22,662  INFO [LocalJobRunner Map Task Executor #0] vector.VectorReduceSinkOperator: RECORDS_OUT_INTERMEDIATE:1, RECORDS_OUT_OPERATOR_RS_21:1, 
2024-04-24T04:59:22,662  INFO [LocalJobRunner Map Task Executor #0] mapred.LocalJobRunner: 
2024-04-24T04:59:22,662  INFO [LocalJobRunner Map Task Executor #0] mapred.MapTask: Starting flush of map output
2024-04-24T04:59:22,662  INFO [LocalJobRunner Map Task Executor #0] mapred.MapTask: Spilling map output
2024-04-24T04:59:22,662  INFO [LocalJobRunner Map Task Executor #0] mapred.MapTask: bufstart = 0; bufend = 19; bufvoid = 104857600
2024-04-24T04:59:22,662  INFO [LocalJobRunner Map Task Executor #0] mapred.MapTask: kvstart = 26214396(104857584); kvend = 26214396(104857584); length = 1/6553600
2024-04-24T04:59:22,673  INFO [LocalJobRunner Map Task Executor #0] mapred.MapTask: Finished spill 0
2024-04-24T04:59:22,675  INFO [LocalJobRunner Map Task Executor #0] mapred.Task: Task:attempt_local779434104_0049_m_000000_0 is done. And is in the process of committing
2024-04-24T04:59:22,676  INFO [LocalJobRunner Map Task Executor #0] mapred.LocalJobRunner: OrcSplit [file:/home/alex/Repositories/hive/ql/target/tmp/org.apache.hadoop.hive.ql.TestTxnNoBuckets-1713959849960/warehouse/acidtbl/delta_0000001_0000001_0000/bucket_00001_0, start=0, length=704, isOriginal=false, fileLength=704, hasFooter=false, hasBase=true, deltas=0]
2024-04-24T04:59:22,676  INFO [LocalJobRunner Map Task Executor #0] mapred.Task: Task 'attempt_local779434104_0049_m_000000_0' done.
2024-04-24T04:59:22,676  INFO [LocalJobRunner Map Task Executor #0] mapred.Task: Final Counters for attempt_local779434104_0049_m_000000_0: Counters: 25
	File System Counters
		FILE: Number of bytes read=1163704
		FILE: Number of bytes written=58941665
		FILE: Number of read operations=0
		FILE: Number of large read operations=0
		FILE: Number of write operations=0
	Map-Reduce Framework
		Map input records=1
		Map output records=1
		Map output bytes=19
		Map output materialized bytes=27
		Input split bytes=497
		Combine input records=0
		Spilled Records=1
		Failed Shuffles=0
		Merged Map outputs=0
		GC time elapsed (ms)=5
		Total committed heap usage (bytes)=1214251008
	HIVE
		DESERIALIZE_ERRORS=0
		RECORDS_IN=3
		RECORDS_OUT_INTERMEDIATE=1
		RECORDS_OUT_OPERATOR_FIL_19=1
		RECORDS_OUT_OPERATOR_GBY_20=1
		RECORDS_OUT_OPERATOR_MAP_0=0
		RECORDS_OUT_OPERATOR_RS_21=1
		RECORDS_OUT_OPERATOR_TS_0=3
	File Input Format Counters 
		Bytes Read=11932
2024-04-24T04:59:22,676  INFO [LocalJobRunner Map Task Executor #0] mapred.LocalJobRunner: Finishing task: attempt_local779434104_0049_m_000000_0
2024-04-24T04:59:22,676  INFO [LocalJobRunner Map Task Executor #0] mapred.LocalJobRunner: Starting task: attempt_local779434104_0049_m_000001_0
2024-04-24T04:59:22,676  INFO [LocalJobRunner Map Task Executor #0] mapred.Task:  Using ResourceCalculatorProcessTree : [ ]
2024-04-24T04:59:22,677  INFO [LocalJobRunner Map Task Executor #0] mapred.MapTask: Processing split: org.apache.hadoop.hive.ql.io.orc.OrcInputFormat:OrcSplit [file:/home/alex/Repositories/hive/ql/target/tmp/org.apache.hadoop.hive.ql.TestTxnNoBuckets-1713959849960/warehouse/acidtbl/delta_0000001_0000001_0000/bucket_00000_0, start=0, length=688, isOriginal=false, fileLength=688, hasFooter=false, hasBase=true, deltas=0]
2024-04-24T04:59:22,677  INFO [LocalJobRunner Map Task Executor #0] exec.SerializationUtilities: Deserializing MapWork using kryo
2024-04-24T04:59:22,678  INFO [LocalJobRunner Map Task Executor #0] exec.Utilities: Deserialized plan (via FILE) - name: null size: 7,52KB
2024-04-24T04:59:22,678  INFO [LocalJobRunner Map Task Executor #0] orc.OrcInputFormat: ORC pushdown predicate: leaf-(BETWEEN a 1 3)
2024-04-24T04:59:22,678  INFO [LocalJobRunner Map Task Executor #0] orc.VectorizedOrcAcidRowBatchReader: Read ValidWriteIdList: default.acidtbl:1:9223372036854775807:::OrcSplit [file:/home/alex/Repositories/hive/ql/target/tmp/org.apache.hadoop.hive.ql.TestTxnNoBuckets-1713959849960/warehouse/acidtbl/delta_0000001_0000001_0000/bucket_00000_0, start=0, length=688, isOriginal=false, fileLength=688, hasFooter=false, hasBase=true, deltas=0]
2024-04-24T04:59:22,679  INFO [LocalJobRunner Map Task Executor #0] orc.ReaderImpl: Reading ORC rows from file:/home/alex/Repositories/hive/ql/target/tmp/org.apache.hadoop.hive.ql.TestTxnNoBuckets-1713959849960/warehouse/acidtbl/delta_0000001_0000001_0000/bucket_00000_0 with {include: [true, true, true], offset: 0, length: 688, sarg: leaf-(BETWEEN a 1 3), schema: struct<a:int,b:int>, includeAcidColumns: false}
2024-04-24T04:59:22,680  INFO [LocalJobRunner Map Task Executor #0] mapred.MapTask: numReduceTasks: 1
2024-04-24T04:59:22,684  INFO [LocalJobRunner Map Task Executor #0] mapred.MapTask: (EQUATOR) 0 kvi 26214396(104857584)
2024-04-24T04:59:22,684  INFO [LocalJobRunner Map Task Executor #0] mapred.MapTask: mapreduce.task.io.sort.mb: 100
2024-04-24T04:59:22,684  INFO [LocalJobRunner Map Task Executor #0] mapred.MapTask: soft limit at 83886080
2024-04-24T04:59:22,684  INFO [LocalJobRunner Map Task Executor #0] mapred.MapTask: bufstart = 0; bufvoid = 104857600
2024-04-24T04:59:22,684  INFO [LocalJobRunner Map Task Executor #0] mapred.MapTask: kvstart = 26214396; length = 6553600
2024-04-24T04:59:22,684  INFO [LocalJobRunner Map Task Executor #0] mapred.MapTask: Map output collector class = org.apache.hadoop.mapred.MapTask$MapOutputBuffer
2024-04-24T04:59:22,684  INFO [LocalJobRunner Map Task Executor #0] vector.VectorMapOperator: Initializing Operator: MAP[0]
2024-04-24T04:59:22,684  INFO [LocalJobRunner Map Task Executor #0] mr.ExecMapper: 
<MAP>Id =0
  <Children>null
  <\Children>
  <Parent><\Parent>
<\MAP>
2024-04-24T04:59:22,685  INFO [LocalJobRunner Map Task Executor #0] exec.TableScanOperator: Initializing Operator: TS[0]
2024-04-24T04:59:22,685  INFO [LocalJobRunner Map Task Executor #0] vector.VectorFilterOperator: Initializing Operator: FIL[19]
2024-04-24T04:59:22,685  INFO [LocalJobRunner Map Task Executor #0] vector.VectorGroupByOperator: Initializing Operator: GBY[20]
2024-04-24T04:59:22,685  INFO [LocalJobRunner Map Task Executor #0] vector.VectorReduceSinkOperator: Initializing Operator: RS[21]
2024-04-24T04:59:22,686  INFO [LocalJobRunner Map Task Executor #0] vector.VectorReduceSinkOperator: Using tag = -1
2024-04-24T04:59:22,686  INFO [LocalJobRunner Map Task Executor #0] vector.VectorMapOperator: Closing Operator: MAP[0]
2024-04-24T04:59:22,686  INFO [LocalJobRunner Map Task Executor #0] vector.VectorMapOperator: DESERIALIZE_ERRORS:0, RECORDS_IN:2, RECORDS_OUT_INTERMEDIATE:0, RECORDS_OUT_OPERATOR_MAP_0:0, 
2024-04-24T04:59:22,686  INFO [LocalJobRunner Map Task Executor #0] exec.TableScanOperator: Closing Operator: TS[0]
2024-04-24T04:59:22,686  INFO [LocalJobRunner Map Task Executor #0] exec.TableScanOperator: RECORDS_OUT_INTERMEDIATE:0, RECORDS_OUT_OPERATOR_TS_0:2, 
2024-04-24T04:59:22,686  INFO [LocalJobRunner Map Task Executor #0] vector.VectorFilterOperator: Closing Operator: FIL[19]
2024-04-24T04:59:22,686  INFO [LocalJobRunner Map Task Executor #0] vector.VectorFilterOperator: RECORDS_OUT_OPERATOR_FIL_19:1, RECORDS_OUT_INTERMEDIATE:0, 
2024-04-24T04:59:22,686  INFO [LocalJobRunner Map Task Executor #0] vector.VectorGroupByOperator: Closing Operator: GBY[20]
2024-04-24T04:59:22,686  INFO [LocalJobRunner Map Task Executor #0] vector.VectorReduceSinkOperator: keys are [_col0, _col1] num distributions: 2
2024-04-24T04:59:22,686  INFO [LocalJobRunner Map Task Executor #0] vector.VectorReduceSinkOperator: RS[21]: records written - 1
2024-04-24T04:59:22,686  INFO [LocalJobRunner Map Task Executor #0] vector.VectorGroupByOperator: RECORDS_OUT_OPERATOR_GBY_20:1, RECORDS_OUT_INTERMEDIATE:0, 
2024-04-24T04:59:22,686  INFO [LocalJobRunner Map Task Executor #0] vector.VectorReduceSinkOperator: Closing Operator: RS[21]
2024-04-24T04:59:22,686  INFO [LocalJobRunner Map Task Executor #0] vector.VectorReduceSinkOperator: RS[21]: Total records written - 1. abort - false
2024-04-24T04:59:22,686  INFO [LocalJobRunner Map Task Executor #0] vector.VectorReduceSinkOperator: RECORDS_OUT_INTERMEDIATE:1, RECORDS_OUT_OPERATOR_RS_21:1, 
2024-04-24T04:59:22,687  INFO [LocalJobRunner Map Task Executor #0] mapred.LocalJobRunner: 
2024-04-24T04:59:22,687  INFO [LocalJobRunner Map Task Executor #0] mapred.MapTask: Starting flush of map output
2024-04-24T04:59:22,687  INFO [LocalJobRunner Map Task Executor #0] mapred.MapTask: Spilling map output
2024-04-24T04:59:22,687  INFO [LocalJobRunner Map Task Executor #0] mapred.MapTask: bufstart = 0; bufend = 19; bufvoid = 104857600
2024-04-24T04:59:22,687  INFO [LocalJobRunner Map Task Executor #0] mapred.MapTask: kvstart = 26214396(104857584); kvend = 26214396(104857584); length = 1/6553600
2024-04-24T04:59:22,695  INFO [LocalJobRunner Map Task Executor #0] mapred.MapTask: Finished spill 0
2024-04-24T04:59:22,698  INFO [LocalJobRunner Map Task Executor #0] mapred.Task: Task:attempt_local779434104_0049_m_000001_0 is done. And is in the process of committing
2024-04-24T04:59:22,698  INFO [LocalJobRunner Map Task Executor #0] mapred.LocalJobRunner: OrcSplit [file:/home/alex/Repositories/hive/ql/target/tmp/org.apache.hadoop.hive.ql.TestTxnNoBuckets-1713959849960/warehouse/acidtbl/delta_0000001_0000001_0000/bucket_00000_0, start=0, length=688, isOriginal=false, fileLength=688, hasFooter=false, hasBase=true, deltas=0]
2024-04-24T04:59:22,698  INFO [LocalJobRunner Map Task Executor #0] mapred.Task: Task 'attempt_local779434104_0049_m_000001_0' done.
2024-04-24T04:59:22,698  INFO [LocalJobRunner Map Task Executor #0] mapred.Task: Final Counters for attempt_local779434104_0049_m_000001_0: Counters: 25
	File System Counters
		FILE: Number of bytes read=1176557
		FILE: Number of bytes written=58941724
		FILE: Number of read operations=0
		FILE: Number of large read operations=0
		FILE: Number of write operations=0
	Map-Reduce Framework
		Map input records=1
		Map output records=1
		Map output bytes=19
		Map output materialized bytes=27
		Input split bytes=497
		Combine input records=0
		Spilled Records=1
		Failed Shuffles=0
		Merged Map outputs=0
		GC time elapsed (ms)=0
		Total committed heap usage (bytes)=1214251008
	HIVE
		DESERIALIZE_ERRORS=0
		RECORDS_IN=2
		RECORDS_OUT_INTERMEDIATE=1
		RECORDS_OUT_OPERATOR_FIL_19=1
		RECORDS_OUT_OPERATOR_GBY_20=1
		RECORDS_OUT_OPERATOR_MAP_0=0
		RECORDS_OUT_OPERATOR_RS_21=1
		RECORDS_OUT_OPERATOR_TS_0=2
	File Input Format Counters 
		Bytes Read=11836
2024-04-24T04:59:22,698  INFO [LocalJobRunner Map Task Executor #0] mapred.LocalJobRunner: Finishing task: attempt_local779434104_0049_m_000001_0
2024-04-24T04:59:22,698  INFO [Thread-3174] mapred.LocalJobRunner: map task executor complete.
2024-04-24T04:59:22,699  INFO [Thread-3174] mapred.LocalJobRunner: Waiting for reduce tasks
2024-04-24T04:59:22,699  INFO [pool-216-thread-1] mapred.LocalJobRunner: Starting task: attempt_local779434104_0049_r_000000_0
2024-04-24T04:59:22,700  INFO [pool-216-thread-1] mapred.Task:  Using ResourceCalculatorProcessTree : [ ]
2024-04-24T04:59:22,700  INFO [pool-216-thread-1] mapred.ReduceTask: Using ShuffleConsumerPlugin: org.apache.hadoop.mapreduce.task.reduce.Shuffle@52fe9b31
2024-04-24T04:59:22,700  WARN [pool-216-thread-1] impl.MetricsSystemImpl: JobTracker metrics system already initialized!
2024-04-24T04:59:22,701  INFO [pool-216-thread-1] reduce.MergeManagerImpl: MergerManager: memoryLimit=1336252800, maxSingleShuffleLimit=334063200, mergeThreshold=881926912, ioSortFactor=10, memToMemMergeOutputsThreshold=10
2024-04-24T04:59:22,701  INFO [EventFetcher for fetching Map Completion Events] reduce.EventFetcher: attempt_local779434104_0049_r_000000_0 Thread started: EventFetcher for fetching Map Completion Events
2024-04-24T04:59:22,704  INFO [localfetcher#31] reduce.LocalFetcher: localfetcher#31 about to shuffle output of map attempt_local779434104_0049_m_000000_0 decomp: 23 len: 27 to MEMORY
2024-04-24T04:59:22,704  INFO [localfetcher#31] reduce.InMemoryMapOutput: Read 23 bytes from map-output for attempt_local779434104_0049_m_000000_0
2024-04-24T04:59:22,704  INFO [localfetcher#31] reduce.MergeManagerImpl: closeInMemoryFile -> map-output of size: 23, inMemoryMapOutputs.size() -> 1, commitMemory -> 0, usedMemory ->23
2024-04-24T04:59:22,707  INFO [localfetcher#31] reduce.LocalFetcher: localfetcher#31 about to shuffle output of map attempt_local779434104_0049_m_000001_0 decomp: 23 len: 27 to MEMORY
2024-04-24T04:59:22,708  INFO [localfetcher#31] reduce.InMemoryMapOutput: Read 23 bytes from map-output for attempt_local779434104_0049_m_000001_0
2024-04-24T04:59:22,708  INFO [localfetcher#31] reduce.MergeManagerImpl: closeInMemoryFile -> map-output of size: 23, inMemoryMapOutputs.size() -> 2, commitMemory -> 23, usedMemory ->46
2024-04-24T04:59:22,708  INFO [EventFetcher for fetching Map Completion Events] reduce.EventFetcher: EventFetcher is interrupted.. Returning
2024-04-24T04:59:22,709  INFO [pool-216-thread-1] mapred.LocalJobRunner: 2 / 2 copied.
2024-04-24T04:59:22,709  INFO [pool-216-thread-1] reduce.MergeManagerImpl: finalMerge called with 2 in-memory map-outputs and 0 on-disk map-outputs
2024-04-24T04:59:22,721  INFO [pool-216-thread-1] mapred.Merger: Merging 2 sorted segments
2024-04-24T04:59:22,722  INFO [pool-216-thread-1] mapred.Merger: Down to the last merge-pass, with 2 segments left of total size: 12 bytes
2024-04-24T04:59:22,729  INFO [pool-216-thread-1] reduce.MergeManagerImpl: Merged 2 segments, 46 bytes to disk to satisfy reduce memory limit
2024-04-24T04:59:22,729  INFO [pool-216-thread-1] reduce.MergeManagerImpl: Merging 1 files, 48 bytes from disk
2024-04-24T04:59:22,729  INFO [pool-216-thread-1] reduce.MergeManagerImpl: Merging 0 segments, 0 bytes from memory into reduce
2024-04-24T04:59:22,729  INFO [pool-216-thread-1] mapred.Merger: Merging 1 sorted segments
2024-04-24T04:59:22,730  INFO [pool-216-thread-1] mapred.Merger: Down to the last merge-pass, with 1 segments left of total size: 27 bytes
2024-04-24T04:59:22,730  INFO [pool-216-thread-1] mapred.LocalJobRunner: 2 / 2 copied.
2024-04-24T04:59:22,731  INFO [pool-216-thread-1] exec.SerializationUtilities: Deserializing ReduceWork using kryo
2024-04-24T04:59:22,734  INFO [pool-216-thread-1] exec.Utilities: Deserialized plan (via FILE) - name: null size: 9,23KB
2024-04-24T04:59:22,736  INFO [pool-216-thread-1] ExecReducer: 
<GBY>Id =5
  <Children>
    <SEL>Id =6
      <Children>
        <FS>Id =17
          <Children>
          <\Children>
          <Parent>Id = 6 null<\Parent>
        <\FS>
      <\Children>
      <Parent>Id = 5 null<\Parent>
    <\SEL>
  <\Children>
  <Parent><\Parent>
<\GBY>
2024-04-24T04:59:22,736  INFO [pool-216-thread-1] exec.GroupByOperator: Initializing Operator: GBY[5]
2024-04-24T04:59:22,736  INFO [pool-216-thread-1] exec.GroupByOperator: isTez: false isLlap: false numExecutors: 1 maxMemory: 1908932608
2024-04-24T04:59:22,736  INFO [pool-216-thread-1] exec.SelectOperator: Initializing Operator: SEL[6]
2024-04-24T04:59:22,736  INFO [pool-216-thread-1] exec.SelectOperator: SELECT struct<_col0:int,_col1:int>
2024-04-24T04:59:22,737  INFO [pool-216-thread-1] exec.FileSinkOperator: Initializing Operator: FS[17]
2024-04-24T04:59:22,738  INFO [pool-216-thread-1] exec.FileSinkOperator: Using serializer : AbstractSerDe [log=org.apache.logging.slf4j.Log4jLogger@7620dc3c, configuration=Optional[Configuration: core-default.xml, core-site.xml, mapred-default.xml, mapred-site.xml, yarn-default.xml, yarn-site.xml, hdfs-default.xml, hdfs-site.xml, file:/home/alex/Repositories/hive/ql/target/tmp/TestTxnNoBucketsVectorized/mapred/local/localRunner/alex/job_local779434104_0049/job_local779434104_0049.xml], properties={name=default.t, columns.types=int:int, serialization.format=1, columns=a,b, numFilesErasureCoded=0, columns.comments=&amp#0;, bucketing_version=2, serialization.lib=org.apache.hadoop.hive.ql.io.orc.OrcSerde, file.inputformat=org.apache.hadoop.hive.ql.io.orc.OrcInputFormat, file.outputformat=org.apache.hadoop.hive.ql.io.orc.OrcOutputFormat, location=file:/home/alex/Repositories/hive/ql/target/tmp/org.apache.hadoop.hive.ql.TestTxnNoBuckets-1713959849960/warehouse/t, column.name.delimiter=,}, tableProperties={name=default.t, columns.types=int:int, serialization.format=1, columns=a,b, numFilesErasureCoded=0, columns.comments=&amp#0;, bucketing_version=2, serialization.lib=org.apache.hadoop.hive.ql.io.orc.OrcSerde, file.inputformat=org.apache.hadoop.hive.ql.io.orc.OrcInputFormat, location=file:/home/alex/Repositories/hive/ql/target/tmp/org.apache.hadoop.hive.ql.TestTxnNoBuckets-1713959849960/warehouse/t, file.outputformat=org.apache.hadoop.hive.ql.io.orc.OrcOutputFormat, column.name.delimiter=,}, partitionProperties=Optional.empty, columnNames=[a, b], columnTypes=[int, int], getClass()=class org.apache.hadoop.hive.ql.io.orc.OrcSerde] and formatter : org.apache.hadoop.hive.ql.io.orc.OrcOutputFormat@6caa7f12
2024-04-24T04:59:22,739  INFO [pool-216-thread-1] exec.FileSinkOperator: Final Path: FS file:/home/alex/Repositories/hive/ql/target/tmp/org.apache.hadoop.hive.ql.TestTxnNoBuckets-1713959849960/warehouse/t/.hive-staging_hive_2024-04-24_04-59-22_095_2372224878996664036-1/-ext-10000/_tmp.HIVE_UNION_SUBDIR_15/000000_0
2024-04-24T04:59:22,739  INFO [pool-216-thread-1] exec.FileSinkOperator: Writing to temp file: FS file:/home/alex/Repositories/hive/ql/target/tmp/org.apache.hadoop.hive.ql.TestTxnNoBuckets-1713959849960/warehouse/t/.hive-staging_hive_2024-04-24_04-59-22_095_2372224878996664036-1/-ext-10000/_task_tmp.HIVE_UNION_SUBDIR_15/_tmp.000000_0
2024-04-24T04:59:22,739  INFO [pool-216-thread-1] exec.FileSinkOperator: New Final Path: FS file:/home/alex/Repositories/hive/ql/target/tmp/org.apache.hadoop.hive.ql.TestTxnNoBuckets-1713959849960/warehouse/t/.hive-staging_hive_2024-04-24_04-59-22_095_2372224878996664036-1/-ext-10000/_tmp.HIVE_UNION_SUBDIR_15/000000_0
2024-04-24T04:59:22,739  INFO [pool-216-thread-1] exec.FileSinkOperator: FS[17]: records written - 1
2024-04-24T04:59:22,740  INFO [pool-216-thread-1] impl.PhysicalFsWriter: ORC writer created for path: file:/home/alex/Repositories/hive/ql/target/tmp/org.apache.hadoop.hive.ql.TestTxnNoBuckets-1713959849960/warehouse/t/.hive-staging_hive_2024-04-24_04-59-22_095_2372224878996664036-1/-ext-10000/_task_tmp.HIVE_UNION_SUBDIR_15/_tmp.000000_0 with stripeSize: 67108864 blockSize: 268435456 compression: Compress: ZLIB buffer: 262144
2024-04-24T04:59:22,761  INFO [pool-216-thread-1] impl.WriterImpl: ORC writer created for path: file:/home/alex/Repositories/hive/ql/target/tmp/org.apache.hadoop.hive.ql.TestTxnNoBuckets-1713959849960/warehouse/t/.hive-staging_hive_2024-04-24_04-59-22_095_2372224878996664036-1/-ext-10000/_task_tmp.HIVE_UNION_SUBDIR_15/_tmp.000000_0 with stripeSize: 67108864 options: Compress: ZLIB buffer: 262144
2024-04-24T04:59:22,761  INFO [pool-216-thread-1] exec.GroupByOperator: Closing Operator: GBY[5]
2024-04-24T04:59:22,761  INFO [pool-216-thread-1] exec.GroupByOperator: RECORDS_OUT_OPERATOR_GBY_5:2, RECORDS_OUT_INTERMEDIATE:0, 
2024-04-24T04:59:22,761  INFO [pool-216-thread-1] exec.SelectOperator: Closing Operator: SEL[6]
2024-04-24T04:59:22,761  INFO [pool-216-thread-1] exec.SelectOperator: RECORDS_OUT_INTERMEDIATE:0, RECORDS_OUT_OPERATOR_SEL_6:2, 
2024-04-24T04:59:22,761  INFO [pool-216-thread-1] exec.FileSinkOperator: Closing Operator: FS[17]
2024-04-24T04:59:22,761  INFO [pool-216-thread-1] exec.FileSinkOperator: FS[17]: records written - 2
2024-04-24T04:59:22,780  INFO [pool-216-thread-1] exec.FileSinkOperator: RECORDS_OUT_OPERATOR_FS_17:2, TOTAL_TABLE_ROWS_WRITTEN:2, RECORDS_OUT_INTERMEDIATE:0, RECORDS_OUT_1_default.t:2, 
2024-04-24T04:59:22,781  INFO [pool-216-thread-1] mapred.Task: Task:attempt_local779434104_0049_r_000000_0 is done. And is in the process of committing
2024-04-24T04:59:22,782  INFO [pool-216-thread-1] mapred.LocalJobRunner: reduce > reduce
2024-04-24T04:59:22,782  INFO [pool-216-thread-1] mapred.Task: Task 'attempt_local779434104_0049_r_000000_0' done.
2024-04-24T04:59:22,782  INFO [pool-216-thread-1] mapred.Task: Final Counters for attempt_local779434104_0049_r_000000_0: Counters: 31
	File System Counters
		FILE: Number of bytes read=1186043
		FILE: Number of bytes written=58942117
		FILE: Number of read operations=0
		FILE: Number of large read operations=0
		FILE: Number of write operations=0
	Map-Reduce Framework
		Combine input records=0
		Combine output records=0
		Reduce input groups=2
		Reduce shuffle bytes=54
		Reduce input records=2
		Reduce output records=0
		Spilled Records=2
		Shuffled Maps =2
		Failed Shuffles=0
		Merged Map outputs=2
		GC time elapsed (ms)=0
		Total committed heap usage (bytes)=1214251008
	HIVE
		CREATED_FILES=1
		RECORDS_OUT_1_default.t=2
		RECORDS_OUT_INTERMEDIATE=0
		RECORDS_OUT_OPERATOR_FS_17=2
		RECORDS_OUT_OPERATOR_GBY_5=2
		RECORDS_OUT_OPERATOR_SEL_6=2
		TOTAL_TABLE_ROWS_WRITTEN=2
	Shuffle Errors
		BAD_ID=0
		CONNECTION=0
		IO_ERROR=0
		WRONG_LENGTH=0
		WRONG_MAP=0
		WRONG_REDUCE=0
	File Output Format Counters 
		Bytes Written=0
2024-04-24T04:59:22,782  INFO [pool-216-thread-1] mapred.LocalJobRunner: Finishing task: attempt_local779434104_0049_r_000000_0
2024-04-24T04:59:22,782  INFO [Thread-3174] mapred.LocalJobRunner: reduce task executor complete.
2024-04-24 04:59:23,647 Stage-1 map = 100%,  reduce = 100%
2024-04-24T04:59:23,647  INFO [main] exec.Task: 2024-04-24 04:59:23,647 Stage-1 map = 100%,  reduce = 100%
Ended Job = job_local779434104_0049
2024-04-24T04:59:23,650  INFO [main] exec.Task: Ended Job = job_local779434104_0049
Launching Job 2 out of 2
2024-04-24T04:59:23,652  INFO [main] ql.Driver: Launching Job 2 out of 2
2024-04-24T04:59:23,793  INFO [main] ql.Driver: Starting task [Stage-3:MAPRED] in serial mode
Number of reduce tasks is set to 0 since there's no reduce operator
2024-04-24T04:59:23,793  INFO [main] exec.Task: Number of reduce tasks is set to 0 since there's no reduce operator
2024-04-24T04:59:23,796  INFO [main] mr.ExecDriver: Using org.apache.hadoop.hive.ql.io.HiveInputFormat
2024-04-24T04:59:23,796  INFO [main] exec.Utilities: Processing alias $hdt$_0-subquery2:acidtbl
2024-04-24T04:59:23,796  INFO [main] exec.Utilities: Adding 1 inputs; the first input is file:/home/alex/Repositories/hive/ql/target/tmp/org.apache.hadoop.hive.ql.TestTxnNoBuckets-1713959849960/warehouse/acidtbl
2024-04-24T04:59:23,804  INFO [main] exec.SerializationUtilities: Serializing MapWork using kryo
2024-04-24T04:59:23,806  INFO [main] exec.Utilities: Serialized plan (via FILE) - name: null size: 7,80KB
2024-04-24T04:59:23,807  WARN [main] impl.MetricsSystemImpl: JobTracker metrics system already initialized!
2024-04-24T04:59:23,812  WARN [main] impl.MetricsSystemImpl: JobTracker metrics system already initialized!
2024-04-24T04:59:23,819  WARN [main] mapreduce.JobResourceUploader: Hadoop command-line option parsing not performed. Implement the Tool interface and execute your application with ToolRunner to remedy this.
2024-04-24T04:59:23,824  WARN [main] mapreduce.JobResourceUploader: No job jar file set.  User classes may not be found. See Job or Job#setJar(String).
2024-04-24T04:59:23,825  INFO [main] io.HiveInputFormat: hive.io.file.readcolumn.ids = 0,1
2024-04-24T04:59:23,825  INFO [main] io.HiveInputFormat: hive.io.file.readcolumn.names = a,b
2024-04-24T04:59:23,825  INFO [main] io.HiveInputFormat: Generating splits for dirs: file:/home/alex/Repositories/hive/ql/target/tmp/org.apache.hadoop.hive.ql.TestTxnNoBuckets-1713959849960/warehouse/acidtbl
2024-04-24T04:59:23,825  INFO [main] orc.OrcInputFormat: getSplits started
2024-04-24T04:59:23,825  INFO [main] orc.OrcInputFormat: Context:: isAcid: true isVectorMode: true sarg: leaf-(BETWEEN a 5 7) minSplitSize: 1 maxSplitSize: 256000000 splitStrategy: HYBRID footerInSplits: false numBuckets: 2 numThreads: 10 cacheMemSize: 268435456 cacheStripeDetails: true useSoftReference: false writeIdList: default.acidtbl:1:9223372036854775807:: isTransactionalTable: true txnProperties: default 
2024-04-24T04:59:23,825  INFO [main] orc.OrcInputFormat: ORC pushdown predicate: leaf-(BETWEEN a 5 7)
2024-04-24T04:59:23,837  INFO [main] orc.OrcInputFormat: FooterCacheHitRatio: 0/2
2024-04-24T04:59:23,837  INFO [main] orc.OrcInputFormat: getSplits finished (#splits: 2). duration: 12 ms
2024-04-24T04:59:23,837  INFO [main] io.HiveInputFormat: number of splits 2
2024-04-24T04:59:23,853  INFO [main] mapreduce.JobSubmitter: number of splits:2
2024-04-24T04:59:23,871  INFO [main] mapreduce.JobSubmitter: Submitting tokens for job: job_local906437313_0050
2024-04-24T04:59:23,871  INFO [main] mapreduce.JobSubmitter: Executing with tokens: []
2024-04-24T04:59:23,929  INFO [main] mapreduce.Job: The url to track the job: http://localhost:8080/
Job running in-process (local Hadoop)
2024-04-24T04:59:23,929  INFO [main] exec.Task: Job running in-process (local Hadoop)
2024-04-24T04:59:23,930  INFO [Thread-3226] mapred.LocalJobRunner: OutputCommitter set in config org.apache.hadoop.hive.ql.io.HiveFileFormatUtils$NullOutputCommitter
2024-04-24T04:59:23,930  INFO [Thread-3226] mapred.LocalJobRunner: OutputCommitter is org.apache.hadoop.hive.ql.io.HiveFileFormatUtils$NullOutputCommitter
2024-04-24T04:59:23,932  INFO [Thread-3226] mapred.LocalJobRunner: Waiting for map tasks
2024-04-24T04:59:23,932  INFO [LocalJobRunner Map Task Executor #0] mapred.LocalJobRunner: Starting task: attempt_local906437313_0050_m_000000_0
2024-04-24T04:59:23,933  INFO [LocalJobRunner Map Task Executor #0] mapred.Task:  Using ResourceCalculatorProcessTree : [ ]
2024-04-24T04:59:23,933  INFO [LocalJobRunner Map Task Executor #0] mapred.MapTask: Processing split: org.apache.hadoop.hive.ql.io.orc.OrcInputFormat:OrcSplit [file:/home/alex/Repositories/hive/ql/target/tmp/org.apache.hadoop.hive.ql.TestTxnNoBuckets-1713959849960/warehouse/acidtbl/delta_0000001_0000001_0000/bucket_00001_0, start=0, length=704, isOriginal=false, fileLength=704, hasFooter=false, hasBase=true, deltas=0]
2024-04-24T04:59:23,933  INFO [LocalJobRunner Map Task Executor #0] exec.SerializationUtilities: Deserializing MapWork using kryo
2024-04-24T04:59:23,934  INFO [LocalJobRunner Map Task Executor #0] exec.Utilities: Deserialized plan (via FILE) - name: null size: 7,80KB
2024-04-24T04:59:23,935  INFO [LocalJobRunner Map Task Executor #0] orc.OrcInputFormat: ORC pushdown predicate: leaf-(BETWEEN a 5 7)
2024-04-24T04:59:23,935  INFO [LocalJobRunner Map Task Executor #0] orc.VectorizedOrcAcidRowBatchReader: Read ValidWriteIdList: default.acidtbl:1:9223372036854775807:::OrcSplit [file:/home/alex/Repositories/hive/ql/target/tmp/org.apache.hadoop.hive.ql.TestTxnNoBuckets-1713959849960/warehouse/acidtbl/delta_0000001_0000001_0000/bucket_00001_0, start=0, length=704, isOriginal=false, fileLength=704, hasFooter=false, hasBase=true, deltas=0]
2024-04-24T04:59:23,935  INFO [LocalJobRunner Map Task Executor #0] orc.ReaderImpl: Reading ORC rows from file:/home/alex/Repositories/hive/ql/target/tmp/org.apache.hadoop.hive.ql.TestTxnNoBuckets-1713959849960/warehouse/acidtbl/delta_0000001_0000001_0000/bucket_00001_0 with {include: [true, true, true], offset: 0, length: 704, sarg: leaf-(BETWEEN a 5 7), schema: struct<a:int,b:int>, includeAcidColumns: false}
2024-04-24T04:59:23,936  INFO [LocalJobRunner Map Task Executor #0] mapred.MapTask: numReduceTasks: 0
2024-04-24T04:59:23,936  INFO [LocalJobRunner Map Task Executor #0] vector.VectorMapOperator: Initializing Operator: MAP[0]
2024-04-24T04:59:23,937  INFO [LocalJobRunner Map Task Executor #0] mr.ExecMapper: 
<MAP>Id =0
  <Children>
    <TS>Id =7
      <Children>
        <FIL>Id =22
          <Children>
            <SEL>Id =23
              <Children>
                <FS>Id =24
                  <Children>
                  <\Children>
                  <Parent>Id = 23 null<\Parent>
                <\FS>
              <\Children>
              <Parent>Id = 22 null<\Parent>
            <\SEL>
          <\Children>
          <Parent>Id = 7 null<\Parent>
        <\FIL>
      <\Children>
      <Parent><\Parent>
    <\TS>
  <\Children>
  <Parent><\Parent>
<\MAP>
2024-04-24T04:59:23,937  INFO [LocalJobRunner Map Task Executor #0] exec.TableScanOperator: Initializing Operator: TS[7]
2024-04-24T04:59:23,937  INFO [LocalJobRunner Map Task Executor #0] vector.VectorFilterOperator: Initializing Operator: FIL[22]
2024-04-24T04:59:23,937  INFO [LocalJobRunner Map Task Executor #0] vector.VectorSelectOperator: Initializing Operator: SEL[23]
2024-04-24T04:59:23,937  INFO [LocalJobRunner Map Task Executor #0] vector.VectorFileSinkOperator: Initializing Operator: FS[24]
2024-04-24T04:59:23,938  INFO [LocalJobRunner Map Task Executor #0] exec.FileSinkOperator: Using serializer : AbstractSerDe [log=org.apache.logging.slf4j.Log4jLogger@7620dc3c, configuration=Optional[Configuration: core-default.xml, core-site.xml, mapred-default.xml, mapred-site.xml, yarn-default.xml, yarn-site.xml, hdfs-default.xml, hdfs-site.xml, file:/home/alex/Repositories/hive/ql/target/tmp/TestTxnNoBucketsVectorized/mapred/local/localRunner/alex/job_local906437313_0050/job_local906437313_0050.xml], properties={name=default.t, columns.types=int:int, serialization.format=1, columns=a,b, numFilesErasureCoded=0, columns.comments=&amp#0;, bucketing_version=2, serialization.lib=org.apache.hadoop.hive.ql.io.orc.OrcSerde, file.inputformat=org.apache.hadoop.hive.ql.io.orc.OrcInputFormat, file.outputformat=org.apache.hadoop.hive.ql.io.orc.OrcOutputFormat, location=file:/home/alex/Repositories/hive/ql/target/tmp/org.apache.hadoop.hive.ql.TestTxnNoBuckets-1713959849960/warehouse/t, column.name.delimiter=,}, tableProperties={name=default.t, columns.types=int:int, serialization.format=1, columns=a,b, numFilesErasureCoded=0, columns.comments=&amp#0;, bucketing_version=2, serialization.lib=org.apache.hadoop.hive.ql.io.orc.OrcSerde, file.inputformat=org.apache.hadoop.hive.ql.io.orc.OrcInputFormat, location=file:/home/alex/Repositories/hive/ql/target/tmp/org.apache.hadoop.hive.ql.TestTxnNoBuckets-1713959849960/warehouse/t, file.outputformat=org.apache.hadoop.hive.ql.io.orc.OrcOutputFormat, column.name.delimiter=,}, partitionProperties=Optional.empty, columnNames=[a, b], columnTypes=[int, int], getClass()=class org.apache.hadoop.hive.ql.io.orc.OrcSerde] and formatter : org.apache.hadoop.hive.ql.io.orc.OrcOutputFormat@3421de75
2024-04-24T04:59:23,939  INFO [LocalJobRunner Map Task Executor #0] exec.FileSinkOperator: Final Path: FS file:/home/alex/Repositories/hive/ql/target/tmp/org.apache.hadoop.hive.ql.TestTxnNoBuckets-1713959849960/warehouse/t/.hive-staging_hive_2024-04-24_04-59-22_095_2372224878996664036-1/-ext-10000/_tmp.HIVE_UNION_SUBDIR_16/000000_0
2024-04-24T04:59:23,939  INFO [LocalJobRunner Map Task Executor #0] exec.FileSinkOperator: Writing to temp file: FS file:/home/alex/Repositories/hive/ql/target/tmp/org.apache.hadoop.hive.ql.TestTxnNoBuckets-1713959849960/warehouse/t/.hive-staging_hive_2024-04-24_04-59-22_095_2372224878996664036-1/-ext-10000/_task_tmp.HIVE_UNION_SUBDIR_16/_tmp.000000_0
2024-04-24T04:59:23,939  INFO [LocalJobRunner Map Task Executor #0] exec.FileSinkOperator: New Final Path: FS file:/home/alex/Repositories/hive/ql/target/tmp/org.apache.hadoop.hive.ql.TestTxnNoBuckets-1713959849960/warehouse/t/.hive-staging_hive_2024-04-24_04-59-22_095_2372224878996664036-1/-ext-10000/_tmp.HIVE_UNION_SUBDIR_16/000000_0
2024-04-24T04:59:23,940  INFO [LocalJobRunner Map Task Executor #0] exec.FileSinkOperator: FS[24]: records written - 1
2024-04-24T04:59:23,940  INFO [LocalJobRunner Map Task Executor #0] impl.PhysicalFsWriter: ORC writer created for path: file:/home/alex/Repositories/hive/ql/target/tmp/org.apache.hadoop.hive.ql.TestTxnNoBuckets-1713959849960/warehouse/t/.hive-staging_hive_2024-04-24_04-59-22_095_2372224878996664036-1/-ext-10000/_task_tmp.HIVE_UNION_SUBDIR_16/_tmp.000000_0 with stripeSize: 67108864 blockSize: 268435456 compression: Compress: ZLIB buffer: 262144
2024-04-24T04:59:23,947  INFO [LocalJobRunner Map Task Executor #0] impl.WriterImpl: ORC writer created for path: file:/home/alex/Repositories/hive/ql/target/tmp/org.apache.hadoop.hive.ql.TestTxnNoBuckets-1713959849960/warehouse/t/.hive-staging_hive_2024-04-24_04-59-22_095_2372224878996664036-1/-ext-10000/_task_tmp.HIVE_UNION_SUBDIR_16/_tmp.000000_0 with stripeSize: 67108864 options: Compress: ZLIB buffer: 262144
2024-04-24T04:59:23,947  INFO [LocalJobRunner Map Task Executor #0] vector.VectorMapOperator: Closing Operator: MAP[0]
2024-04-24T04:59:23,947  INFO [LocalJobRunner Map Task Executor #0] vector.VectorMapOperator: RECORDS_OUT_INTERMEDIATE:0, DESERIALIZE_ERRORS:0, RECORDS_IN:3, RECORDS_OUT_OPERATOR_MAP_0:0, 
2024-04-24T04:59:23,947  INFO [LocalJobRunner Map Task Executor #0] exec.TableScanOperator: Closing Operator: TS[7]
2024-04-24T04:59:23,947  INFO [LocalJobRunner Map Task Executor #0] exec.TableScanOperator: RECORDS_OUT_OPERATOR_TS_7:3, RECORDS_OUT_INTERMEDIATE:0, 
2024-04-24T04:59:23,947  INFO [LocalJobRunner Map Task Executor #0] vector.VectorFilterOperator: Closing Operator: FIL[22]
2024-04-24T04:59:23,947  INFO [LocalJobRunner Map Task Executor #0] vector.VectorFilterOperator: RECORDS_OUT_INTERMEDIATE:0, RECORDS_OUT_OPERATOR_FIL_22:1, 
2024-04-24T04:59:23,947  INFO [LocalJobRunner Map Task Executor #0] vector.VectorSelectOperator: Closing Operator: SEL[23]
2024-04-24T04:59:23,947  INFO [LocalJobRunner Map Task Executor #0] vector.VectorSelectOperator: RECORDS_OUT_INTERMEDIATE:0, RECORDS_OUT_OPERATOR_SEL_23:1, 
2024-04-24T04:59:23,947  INFO [LocalJobRunner Map Task Executor #0] vector.VectorFileSinkOperator: Closing Operator: FS[24]
2024-04-24T04:59:23,947  INFO [LocalJobRunner Map Task Executor #0] exec.FileSinkOperator: FS[24]: records written - 1
2024-04-24T04:59:23,949  INFO [LocalJobRunner Map Task Executor #0] vector.VectorFileSinkOperator: TOTAL_TABLE_ROWS_WRITTEN:1, RECORDS_OUT_INTERMEDIATE:0, RECORDS_OUT_1_default.t:1, RECORDS_OUT_OPERATOR_FS_24:1, 
2024-04-24T04:59:23,949  INFO [LocalJobRunner Map Task Executor #0] mapred.LocalJobRunner: 
2024-04-24T04:59:23,949  INFO [LocalJobRunner Map Task Executor #0] mapred.Task: Task:attempt_local906437313_0050_m_000000_0 is done. And is in the process of committing
2024-04-24T04:59:23,950  INFO [LocalJobRunner Map Task Executor #0] mapred.LocalJobRunner: OrcSplit [file:/home/alex/Repositories/hive/ql/target/tmp/org.apache.hadoop.hive.ql.TestTxnNoBuckets-1713959849960/warehouse/acidtbl/delta_0000001_0000001_0000/bucket_00001_0, start=0, length=704, isOriginal=false, fileLength=704, hasFooter=false, hasBase=true, deltas=0]
2024-04-24T04:59:23,950  INFO [LocalJobRunner Map Task Executor #0] mapred.Task: Task 'attempt_local906437313_0050_m_000000_0' done.
2024-04-24T04:59:23,950  INFO [LocalJobRunner Map Task Executor #0] mapred.Task: Final Counters for attempt_local906437313_0050_m_000000_0: Counters: 26
	File System Counters
		FILE: Number of bytes read=1199321
		FILE: Number of bytes written=60141438
		FILE: Number of read operations=0
		FILE: Number of large read operations=0
		FILE: Number of write operations=0
	Map-Reduce Framework
		Map input records=1
		Map output records=0
		Input split bytes=497
		Spilled Records=0
		Failed Shuffles=0
		Merged Map outputs=0
		GC time elapsed (ms)=0
		Total committed heap usage (bytes)=1214251008
	HIVE
		CREATED_FILES=1
		DESERIALIZE_ERRORS=0
		RECORDS_IN=3
		RECORDS_OUT_1_default.t=1
		RECORDS_OUT_INTERMEDIATE=0
		RECORDS_OUT_OPERATOR_FIL_22=1
		RECORDS_OUT_OPERATOR_FS_24=1
		RECORDS_OUT_OPERATOR_MAP_0=0
		RECORDS_OUT_OPERATOR_SEL_23=1
		RECORDS_OUT_OPERATOR_TS_7=3
		TOTAL_TABLE_ROWS_WRITTEN=1
	File Input Format Counters 
		Bytes Read=12207
	File Output Format Counters 
		Bytes Written=0
2024-04-24T04:59:23,950  INFO [LocalJobRunner Map Task Executor #0] mapred.LocalJobRunner: Finishing task: attempt_local906437313_0050_m_000000_0
2024-04-24T04:59:23,950  INFO [LocalJobRunner Map Task Executor #0] mapred.LocalJobRunner: Starting task: attempt_local906437313_0050_m_000001_0
2024-04-24T04:59:23,951  INFO [LocalJobRunner Map Task Executor #0] mapred.Task:  Using ResourceCalculatorProcessTree : [ ]
2024-04-24T04:59:23,951  INFO [LocalJobRunner Map Task Executor #0] mapred.MapTask: Processing split: org.apache.hadoop.hive.ql.io.orc.OrcInputFormat:OrcSplit [file:/home/alex/Repositories/hive/ql/target/tmp/org.apache.hadoop.hive.ql.TestTxnNoBuckets-1713959849960/warehouse/acidtbl/delta_0000001_0000001_0000/bucket_00000_0, start=0, length=688, isOriginal=false, fileLength=688, hasFooter=false, hasBase=true, deltas=0]
2024-04-24T04:59:23,952  INFO [LocalJobRunner Map Task Executor #0] exec.SerializationUtilities: Deserializing MapWork using kryo
2024-04-24T04:59:23,953  INFO [LocalJobRunner Map Task Executor #0] exec.Utilities: Deserialized plan (via FILE) - name: null size: 7,80KB
2024-04-24T04:59:23,953  INFO [LocalJobRunner Map Task Executor #0] orc.OrcInputFormat: ORC pushdown predicate: leaf-(BETWEEN a 5 7)
2024-04-24T04:59:23,953  INFO [LocalJobRunner Map Task Executor #0] orc.VectorizedOrcAcidRowBatchReader: Read ValidWriteIdList: default.acidtbl:1:9223372036854775807:::OrcSplit [file:/home/alex/Repositories/hive/ql/target/tmp/org.apache.hadoop.hive.ql.TestTxnNoBuckets-1713959849960/warehouse/acidtbl/delta_0000001_0000001_0000/bucket_00000_0, start=0, length=688, isOriginal=false, fileLength=688, hasFooter=false, hasBase=true, deltas=0]
2024-04-24T04:59:23,954  INFO [LocalJobRunner Map Task Executor #0] orc.ReaderImpl: Reading ORC rows from file:/home/alex/Repositories/hive/ql/target/tmp/org.apache.hadoop.hive.ql.TestTxnNoBuckets-1713959849960/warehouse/acidtbl/delta_0000001_0000001_0000/bucket_00000_0 with {include: [true, true, true], offset: 0, length: 688, sarg: leaf-(BETWEEN a 5 7), schema: struct<a:int,b:int>, includeAcidColumns: false}
2024-04-24T04:59:23,955  INFO [LocalJobRunner Map Task Executor #0] mapred.MapTask: numReduceTasks: 0
2024-04-24T04:59:23,956  INFO [LocalJobRunner Map Task Executor #0] vector.VectorMapOperator: Initializing Operator: MAP[0]
2024-04-24T04:59:23,956  INFO [LocalJobRunner Map Task Executor #0] mr.ExecMapper: 
<MAP>Id =0
  <Children>
    <TS>Id =7
      <Children>
        <FIL>Id =22
          <Children>
            <SEL>Id =23
              <Children>
                <FS>Id =24
                  <Children>
                  <\Children>
                  <Parent>Id = 23 null<\Parent>
                <\FS>
              <\Children>
              <Parent>Id = 22 null<\Parent>
            <\SEL>
          <\Children>
          <Parent>Id = 7 null<\Parent>
        <\FIL>
      <\Children>
      <Parent><\Parent>
    <\TS>
  <\Children>
  <Parent><\Parent>
<\MAP>
2024-04-24T04:59:23,957  INFO [LocalJobRunner Map Task Executor #0] exec.TableScanOperator: Initializing Operator: TS[7]
2024-04-24T04:59:23,957  INFO [LocalJobRunner Map Task Executor #0] vector.VectorFilterOperator: Initializing Operator: FIL[22]
2024-04-24T04:59:23,957  INFO [LocalJobRunner Map Task Executor #0] vector.VectorSelectOperator: Initializing Operator: SEL[23]
2024-04-24T04:59:23,957  INFO [LocalJobRunner Map Task Executor #0] vector.VectorFileSinkOperator: Initializing Operator: FS[24]
2024-04-24T04:59:23,958  INFO [LocalJobRunner Map Task Executor #0] exec.FileSinkOperator: Using serializer : AbstractSerDe [log=org.apache.logging.slf4j.Log4jLogger@7620dc3c, configuration=Optional[Configuration: core-default.xml, core-site.xml, mapred-default.xml, mapred-site.xml, yarn-default.xml, yarn-site.xml, hdfs-default.xml, hdfs-site.xml, file:/home/alex/Repositories/hive/ql/target/tmp/TestTxnNoBucketsVectorized/mapred/local/localRunner/alex/job_local906437313_0050/job_local906437313_0050.xml], properties={name=default.t, columns.types=int:int, serialization.format=1, columns=a,b, numFilesErasureCoded=0, columns.comments=&amp#0;, bucketing_version=2, serialization.lib=org.apache.hadoop.hive.ql.io.orc.OrcSerde, file.inputformat=org.apache.hadoop.hive.ql.io.orc.OrcInputFormat, file.outputformat=org.apache.hadoop.hive.ql.io.orc.OrcOutputFormat, location=file:/home/alex/Repositories/hive/ql/target/tmp/org.apache.hadoop.hive.ql.TestTxnNoBuckets-1713959849960/warehouse/t, column.name.delimiter=,}, tableProperties={name=default.t, columns.types=int:int, serialization.format=1, columns=a,b, numFilesErasureCoded=0, columns.comments=&amp#0;, bucketing_version=2, serialization.lib=org.apache.hadoop.hive.ql.io.orc.OrcSerde, file.inputformat=org.apache.hadoop.hive.ql.io.orc.OrcInputFormat, location=file:/home/alex/Repositories/hive/ql/target/tmp/org.apache.hadoop.hive.ql.TestTxnNoBuckets-1713959849960/warehouse/t, file.outputformat=org.apache.hadoop.hive.ql.io.orc.OrcOutputFormat, column.name.delimiter=,}, partitionProperties=Optional.empty, columnNames=[a, b], columnTypes=[int, int], getClass()=class org.apache.hadoop.hive.ql.io.orc.OrcSerde] and formatter : org.apache.hadoop.hive.ql.io.orc.OrcOutputFormat@24b59fb8
2024-04-24T04:59:23,959  INFO [LocalJobRunner Map Task Executor #0] exec.FileSinkOperator: Final Path: FS file:/home/alex/Repositories/hive/ql/target/tmp/org.apache.hadoop.hive.ql.TestTxnNoBuckets-1713959849960/warehouse/t/.hive-staging_hive_2024-04-24_04-59-22_095_2372224878996664036-1/-ext-10000/_tmp.HIVE_UNION_SUBDIR_16/000001_0
2024-04-24T04:59:23,959  INFO [LocalJobRunner Map Task Executor #0] exec.FileSinkOperator: Writing to temp file: FS file:/home/alex/Repositories/hive/ql/target/tmp/org.apache.hadoop.hive.ql.TestTxnNoBuckets-1713959849960/warehouse/t/.hive-staging_hive_2024-04-24_04-59-22_095_2372224878996664036-1/-ext-10000/_task_tmp.HIVE_UNION_SUBDIR_16/_tmp.000001_0
2024-04-24T04:59:23,959  INFO [LocalJobRunner Map Task Executor #0] exec.FileSinkOperator: New Final Path: FS file:/home/alex/Repositories/hive/ql/target/tmp/org.apache.hadoop.hive.ql.TestTxnNoBuckets-1713959849960/warehouse/t/.hive-staging_hive_2024-04-24_04-59-22_095_2372224878996664036-1/-ext-10000/_tmp.HIVE_UNION_SUBDIR_16/000001_0
2024-04-24T04:59:23,959  INFO [LocalJobRunner Map Task Executor #0] exec.FileSinkOperator: FS[24]: records written - 1
2024-04-24T04:59:23,959  INFO [LocalJobRunner Map Task Executor #0] impl.PhysicalFsWriter: ORC writer created for path: file:/home/alex/Repositories/hive/ql/target/tmp/org.apache.hadoop.hive.ql.TestTxnNoBuckets-1713959849960/warehouse/t/.hive-staging_hive_2024-04-24_04-59-22_095_2372224878996664036-1/-ext-10000/_task_tmp.HIVE_UNION_SUBDIR_16/_tmp.000001_0 with stripeSize: 67108864 blockSize: 268435456 compression: Compress: ZLIB buffer: 262144
2024-04-24T04:59:23,964  INFO [LocalJobRunner Map Task Executor #0] impl.WriterImpl: ORC writer created for path: file:/home/alex/Repositories/hive/ql/target/tmp/org.apache.hadoop.hive.ql.TestTxnNoBuckets-1713959849960/warehouse/t/.hive-staging_hive_2024-04-24_04-59-22_095_2372224878996664036-1/-ext-10000/_task_tmp.HIVE_UNION_SUBDIR_16/_tmp.000001_0 with stripeSize: 67108864 options: Compress: ZLIB buffer: 262144
2024-04-24T04:59:23,964  INFO [LocalJobRunner Map Task Executor #0] vector.VectorMapOperator: Closing Operator: MAP[0]
2024-04-24T04:59:23,964  INFO [LocalJobRunner Map Task Executor #0] vector.VectorMapOperator: RECORDS_OUT_OPERATOR_MAP_0:0, RECORDS_OUT_INTERMEDIATE:0, RECORDS_IN:2, DESERIALIZE_ERRORS:0, 
2024-04-24T04:59:23,964  INFO [LocalJobRunner Map Task Executor #0] exec.TableScanOperator: Closing Operator: TS[7]
2024-04-24T04:59:23,964  INFO [LocalJobRunner Map Task Executor #0] exec.TableScanOperator: RECORDS_OUT_OPERATOR_TS_7:2, RECORDS_OUT_INTERMEDIATE:0, 
2024-04-24T04:59:23,964  INFO [LocalJobRunner Map Task Executor #0] vector.VectorFilterOperator: Closing Operator: FIL[22]
2024-04-24T04:59:23,965  INFO [LocalJobRunner Map Task Executor #0] vector.VectorFilterOperator: RECORDS_OUT_INTERMEDIATE:0, RECORDS_OUT_OPERATOR_FIL_22:1, 
2024-04-24T04:59:23,965  INFO [LocalJobRunner Map Task Executor #0] vector.VectorSelectOperator: Closing Operator: SEL[23]
2024-04-24T04:59:23,965  INFO [LocalJobRunner Map Task Executor #0] vector.VectorSelectOperator: RECORDS_OUT_OPERATOR_SEL_23:1, RECORDS_OUT_INTERMEDIATE:0, 
2024-04-24T04:59:23,965  INFO [LocalJobRunner Map Task Executor #0] vector.VectorFileSinkOperator: Closing Operator: FS[24]
2024-04-24T04:59:23,965  INFO [LocalJobRunner Map Task Executor #0] exec.FileSinkOperator: FS[24]: records written - 1
2024-04-24T04:59:23,967  INFO [LocalJobRunner Map Task Executor #0] vector.VectorFileSinkOperator: RECORDS_OUT_1_default.t:1, RECORDS_OUT_OPERATOR_FS_24:1, TOTAL_TABLE_ROWS_WRITTEN:1, RECORDS_OUT_INTERMEDIATE:0, 
2024-04-24T04:59:23,967  INFO [LocalJobRunner Map Task Executor #0] mapred.LocalJobRunner: 
2024-04-24T04:59:23,968  INFO [LocalJobRunner Map Task Executor #0] mapred.Task: Task:attempt_local906437313_0050_m_000001_0 is done. And is in the process of committing
2024-04-24T04:59:23,968  INFO [LocalJobRunner Map Task Executor #0] mapred.LocalJobRunner: OrcSplit [file:/home/alex/Repositories/hive/ql/target/tmp/org.apache.hadoop.hive.ql.TestTxnNoBuckets-1713959849960/warehouse/acidtbl/delta_0000001_0000001_0000/bucket_00000_0, start=0, length=688, isOriginal=false, fileLength=688, hasFooter=false, hasBase=true, deltas=0]
2024-04-24T04:59:23,968  INFO [LocalJobRunner Map Task Executor #0] mapred.Task: Task 'attempt_local906437313_0050_m_000001_0' done.
2024-04-24T04:59:23,968  INFO [LocalJobRunner Map Task Executor #0] mapred.Task: Final Counters for attempt_local906437313_0050_m_000001_0: Counters: 26
	File System Counters
		FILE: Number of bytes read=1212449
		FILE: Number of bytes written=60141724
		FILE: Number of read operations=0
		FILE: Number of large read operations=0
		FILE: Number of write operations=0
	Map-Reduce Framework
		Map input records=1
		Map output records=0
		Input split bytes=497
		Spilled Records=0
		Failed Shuffles=0
		Merged Map outputs=0
		GC time elapsed (ms)=0
		Total committed heap usage (bytes)=1214251008
	HIVE
		CREATED_FILES=1
		DESERIALIZE_ERRORS=0
		RECORDS_IN=2
		RECORDS_OUT_1_default.t=1
		RECORDS_OUT_INTERMEDIATE=0
		RECORDS_OUT_OPERATOR_FIL_22=1
		RECORDS_OUT_OPERATOR_FS_24=1
		RECORDS_OUT_OPERATOR_MAP_0=0
		RECORDS_OUT_OPERATOR_SEL_23=1
		RECORDS_OUT_OPERATOR_TS_7=2
		TOTAL_TABLE_ROWS_WRITTEN=1
	File Input Format Counters 
		Bytes Read=12111
	File Output Format Counters 
		Bytes Written=0
2024-04-24T04:59:23,968  INFO [LocalJobRunner Map Task Executor #0] mapred.LocalJobRunner: Finishing task: attempt_local906437313_0050_m_000001_0
2024-04-24T04:59:23,968  INFO [Thread-3226] mapred.LocalJobRunner: map task executor complete.
2024-04-24 04:59:24,932 Stage-3 map = 100%,  reduce = 0%
2024-04-24T04:59:24,932  INFO [main] exec.Task: 2024-04-24 04:59:24,932 Stage-3 map = 100%,  reduce = 0%
Ended Job = job_local906437313_0050
2024-04-24T04:59:24,933  INFO [main] exec.Task: Ended Job = job_local906437313_0050
2024-04-24T04:59:24,936  INFO [main] ql.Driver: Starting task [Stage-0:MOVE] in serial mode
Loading data to table default.t
2024-04-24T04:59:24,936  INFO [main] exec.Task: Loading data to table default.t from file:/home/alex/Repositories/hive/ql/target/tmp/org.apache.hadoop.hive.ql.TestTxnNoBuckets-1713959849960/warehouse/t/.hive-staging_hive_2024-04-24_04-59-22_095_2372224878996664036-1/-ext-10000
2024-04-24T04:59:24,936  INFO [main] HiveMetaStore.audit: ugi=alex	ip=unknown-ip-addr	cmd=get_table : tbl=hive.default.t	
2024-04-24T04:59:24,945  INFO [main] metastore.HMSHandler: Skipping translation for processor with null
2024-04-24T04:59:24,945  INFO [main] HiveMetaStore.audit: ugi=alex	ip=unknown-ip-addr	cmd=get_table : tbl=hive.default.t	
2024-04-24T04:59:24,953  INFO [main] metastore.HMSHandler: Skipping translation for processor with null
2024-04-24T04:59:24,955  WARN [main] metadata.Hive: Cannot get a table snapshot for t
2024-04-24T04:59:24,955  INFO [main] HiveMetaStore.audit: ugi=alex	ip=unknown-ip-addr	cmd=alter_table: hive.default.t newtbl=t	
2024-04-24T04:59:24,977  INFO [main] ql.Driver: Starting task [Stage-2:STATS] in serial mode
2024-04-24T04:59:24,977  INFO [main] HiveMetaStore.audit: ugi=alex	ip=unknown-ip-addr	cmd=get_table : tbl=hive.default.t	
2024-04-24T04:59:24,985  INFO [main] metastore.HMSHandler: Skipping translation for processor with null
2024-04-24T04:59:24,986  INFO [main] stats.BasicStatsTask: Executing stats task
2024-04-24T04:59:24,986  INFO [main] fs.FSStatsPublisher: created : file:/home/alex/Repositories/hive/ql/target/tmp/localscratchdir/cd0e0edb-3ea1-4a99-b6d6-ac39120d4b88/hive_2024-04-24_04-59-22_095_2372224878996664036-1/-mr-10001
2024-04-24T04:59:24,987  INFO [main] HiveMetaStore.audit: ugi=alex	ip=unknown-ip-addr	cmd=get_table : tbl=hive.default.t	
2024-04-24T04:59:24,996  INFO [main] metastore.HMSHandler: Skipping translation for processor with null
2024-04-24T04:59:24,997  INFO [main] FileOperations: Read stats for default.t/, numRows, true, 2, false: 
2024-04-24T04:59:24,997  INFO [main] FileOperations: Read stats for default.t/, rawDataSize, true, 16, false: 
2024-04-24T04:59:24,997  WARN [main] metadata.Hive: Cannot get a table snapshot for t
2024-04-24T04:59:24,997  INFO [main] HiveMetaStore.audit: ugi=alex	ip=unknown-ip-addr	cmd=alter_table: hive.default.t newtbl=t	
2024-04-24T04:59:25,022  INFO [main] stats.BasicStatsTask: Table default.t stats: [numFiles=7, numRows=8, totalSize=1789, rawDataSize=64, numFilesErasureCoded=0]
2024-04-24T04:59:25,022  INFO [main] metadata.Hive: Dumping metastore api call timing information for : execution phase
2024-04-24T04:59:25,022  INFO [main] metadata.Hive: Total time spent in each metastore function (ms): {getTable_(GetTableRequest)=36, isCompatibleWith_(Configuration)=0, alter_table_(String, String, String, Table, EnvironmentContext, String)=46}
MapReduce Jobs Launched: 
2024-04-24T04:59:25,022  INFO [main] ql.Driver: MapReduce Jobs Launched: 
Stage-Stage-1:  HDFS Read: 0 HDFS Write: 0 SUCCESS
2024-04-24T04:59:25,022  INFO [main] ql.Driver: Stage-Stage-1:  HDFS Read: 0 HDFS Write: 0 SUCCESS
Stage-Stage-3:  HDFS Read: 0 HDFS Write: 0 SUCCESS
2024-04-24T04:59:25,022  INFO [main] ql.Driver: Stage-Stage-3:  HDFS Read: 0 HDFS Write: 0 SUCCESS
Total MapReduce CPU Time Spent: 0 msec
2024-04-24T04:59:25,022  INFO [main] ql.Driver: Total MapReduce CPU Time Spent: 0 msec
2024-04-24T04:59:25,022  INFO [main] ql.Driver: Completed executing command(queryId=alex_20240424045922_68109ac7-b9b0-4cd1-ab3d-b0079e648348); Time taken: 2.683 seconds
2024-04-24T04:59:25,022  INFO [main] lockmgr.DbTxnManager: Stopped heartbeat for query: alex_20240424045922_68109ac7-b9b0-4cd1-ab3d-b0079e648348
2024-04-24T04:59:25,026  INFO [main] txn.TxnHandler: Expected to move at least one record from txn_components to completed_txn_components when committing txn! txnid:19
2024-04-24T04:59:25,030  INFO [main] txn.TxnHandler: Removed transactions: ([19]) from MIN_HISTORY_LEVEL
2024-04-24T04:59:25,030  WARN [main] txn.CompactionTxnHandler: No compaction queue record found for Compaction type transaction commit. txnId:19
2024-04-24T04:59:25,031  INFO [main] ql.TxnCommandsBaseForTests: Running the query: select a, b, INPUT__FILE__NAME from T order by a, b, INPUT__FILE__NAME
2024-04-24T04:59:25,031  INFO [main] ql.Context: Deleting scratch dir: file:/home/alex/Repositories/hive/ql/target/tmp/org.apache.hadoop.hive.ql.TestTxnNoBuckets-1713959849960/warehouse/t/.hive-staging_hive_2024-04-24_04-59-22_095_2372224878996664036-1
2024-04-24T04:59:25,031  INFO [main] cleanup.SyncCleanupService: Deleted directory: file:/home/alex/Repositories/hive/ql/target/tmp/org.apache.hadoop.hive.ql.TestTxnNoBuckets-1713959849960/warehouse/t/.hive-staging_hive_2024-04-24_04-59-22_095_2372224878996664036-1 on fs with scheme file
2024-04-24T04:59:25,031  INFO [main] ql.Context: Deleting scratch dir: file:/home/alex/Repositories/hive/ql/target/tmp/localscratchdir/cd0e0edb-3ea1-4a99-b6d6-ac39120d4b88/hive_2024-04-24_04-59-22_095_2372224878996664036-1
2024-04-24T04:59:25,032  INFO [main] cleanup.SyncCleanupService: Deleted directory: file:/home/alex/Repositories/hive/ql/target/tmp/localscratchdir/cd0e0edb-3ea1-4a99-b6d6-ac39120d4b88/hive_2024-04-24_04-59-22_095_2372224878996664036-1 on fs with scheme file
2024-04-24T04:59:25,032  INFO [main] ql.Driver: Compiling command(queryId=alex_20240424045922_68109ac7-b9b0-4cd1-ab3d-b0079e648348): select a, b, INPUT__FILE__NAME from T order by a, b, INPUT__FILE__NAME
2024-04-24T04:59:25,034  INFO [main] txn.TxnHandler: Added entries to MIN_HISTORY_LEVEL for current txns: ([20]) with min_open_txn: 20
2024-04-24T04:59:25,034  INFO [main] lockmgr.DbTxnManager: Opened txnid:20
2024-04-24T04:59:25,035  INFO [main] parse.CalcitePlanner: Starting caching scope for: alex_20240424045922_68109ac7-b9b0-4cd1-ab3d-b0079e648348
2024-04-24T04:59:25,035  INFO [main] parse.CalcitePlanner: Starting Semantic Analysis
2024-04-24T04:59:25,037  INFO [main] parse.CalcitePlanner: Completed phase 1 of Semantic Analysis
2024-04-24T04:59:25,037  INFO [main] parse.CalcitePlanner: Get metadata for source tables
2024-04-24T04:59:25,037  INFO [main] HiveMetaStore.audit: ugi=alex	ip=unknown-ip-addr	cmd=get_table : tbl=hive.default.t	
2024-04-24T04:59:25,045  INFO [main] metastore.HMSHandler: Skipping translation for processor with null
2024-04-24T04:59:25,046  INFO [main] parse.CalcitePlanner: Get metadata for subqueries
2024-04-24T04:59:25,046  INFO [main] parse.CalcitePlanner: Get metadata for destination tables
2024-04-24T04:59:25,046  INFO [main] parse.CalcitePlanner: Completed getting MetaData in Semantic Analysis
2024-04-24T04:59:25,057  INFO [main] HiveMetaStore.audit: ugi=alex	ip=unknown-ip-addr	cmd=get_all_table_constraints : tbl=hive.default.t	
2024-04-24T04:59:25,065  INFO [main] calcite.RelOptHiveTable: Calculating column statistics for default.t, projIndxSet: [0, 1], allowMissingStats: true
2024-04-24T04:59:25,065  INFO [main] HiveMetaStore.audit: ugi=alex	ip=unknown-ip-addr	cmd=get_table_statistics_req: table=hive.default.t	
2024-04-24T04:59:25,076  WARN [main] calcite.RelOptHiveTable: No Stats for default@t, Columns: a, b
No Stats for default@t, Columns: a, b
2024-04-24T04:59:25,076  INFO [main] SessionState: No Stats for default@t, Columns: a, b
2024-04-24T04:59:25,115  INFO [main] parse.CalcitePlanner: Get metadata for source tables
2024-04-24T04:59:25,116  INFO [main] parse.CalcitePlanner: Get metadata for subqueries
2024-04-24T04:59:25,116  INFO [main] parse.CalcitePlanner: Get metadata for destination tables
2024-04-24T04:59:25,117  INFO [main] common.FileUtils: Creating directory if it doesn't exist: file:/home/alex/Repositories/hive/ql/target/tmp/localscratchdir/cd0e0edb-3ea1-4a99-b6d6-ac39120d4b88/hive_2024-04-24_04-59-25_032_1853703193591868268-1/-mr-10001/.hive-staging_hive_2024-04-24_04-59-25_032_1853703193591868268-1
2024-04-24T04:59:25,124  INFO [main] parse.CalcitePlanner: CBO Succeeded; optimized logical plan.
2024-04-24T04:59:25,126  INFO [main] optimizer.ColumnPrunerProcFactory: RS 2 oldColExprMap: {KEY.reducesinkkey0=Column[_col0], KEY.reducesinkkey1=Column[_col1], KEY.reducesinkkey2=Column[_col2]}
2024-04-24T04:59:25,126  INFO [main] optimizer.ColumnPrunerProcFactory: RS 2 newColExprMap: {KEY.reducesinkkey2=Column[_col2], KEY.reducesinkkey1=Column[_col1], KEY.reducesinkkey0=Column[_col0]}
2024-04-24T04:59:25,127  INFO [main] optimizer.BucketVersionPopulator: not considering bucketingVersion for: TS[0] because it has -1<2 buckets 
2024-04-24T04:59:25,127  INFO [main] optimizer.SortedDynPartitionOptimizer: Sorted dynamic partitioning optimization kicked in..
2024-04-24T04:59:25,136  INFO [main] physical.Vectorizer: Examining input format to see if vectorization is enabled.
2024-04-24T04:59:25,136  INFO [main] physical.Vectorizer: Vectorization is enabled for input format(s) [org.apache.hadoop.hive.ql.io.orc.OrcInputFormat]
2024-04-24T04:59:25,136  INFO [main] physical.Vectorizer: Validating and vectorizing MapWork... (vectorizedVertexNum 0)
2024-04-24T04:59:25,136  INFO [main] physical.Vectorizer: Map vectorization enabled: true
2024-04-24T04:59:25,136  INFO [main] physical.Vectorizer: Map vectorized: false
2024-04-24T04:59:25,136  INFO [main] physical.Vectorizer: Map notVectorizedReason: Select expression for SELECT operator: Virtual column INPUT__FILE__NAME is not supported
2024-04-24T04:59:25,136  INFO [main] physical.Vectorizer: Map vectorizedVertexNum: 0
2024-04-24T04:59:25,136  INFO [main] physical.Vectorizer: Map enabledConditionsMet: [hive.vectorized.use.vectorized.input.format IS true]
2024-04-24T04:59:25,136  INFO [main] physical.Vectorizer: Map inputFileFormatClassNameSet: [org.apache.hadoop.hive.ql.io.orc.OrcInputFormat]
2024-04-24T04:59:25,136  INFO [main] physical.Vectorizer: Reduce vectorization enabled: false
2024-04-24T04:59:25,136  INFO [main] physical.Vectorizer: Reduce vectorized: false
2024-04-24T04:59:25,136  INFO [main] physical.Vectorizer: Reduce vectorizedVertexNum: 1
2024-04-24T04:59:25,136  INFO [main] physical.Vectorizer: Reducer hive.vectorized.execution.reduce.enabled: true
2024-04-24T04:59:25,136  INFO [main] physical.Vectorizer: Reducer engine: mr
2024-04-24T04:59:25,136  INFO [main] parse.CalcitePlanner: Completed plan generation
2024-04-24T04:59:25,136  INFO [main] parse.CalcitePlanner: Ending caching scope for: alex_20240424045922_68109ac7-b9b0-4cd1-ab3d-b0079e648348
2024-04-24T04:59:25,136  INFO [main] ql.Driver: Semantic Analysis Completed (retrial = false)
2024-04-24T04:59:25,136  INFO [main] ql.Driver: Created Hive schema: Schema(fieldSchemas:[FieldSchema(name:a, type:int, comment:null), FieldSchema(name:b, type:int, comment:null), FieldSchema(name:input__file__name, type:string, comment:null)], properties:null)
2024-04-24T04:59:25,137  INFO [main] exec.ListSinkOperator: Initializing Operator: LIST_SINK[5]
2024-04-24T04:59:25,138  INFO [main] metadata.Hive: Dumping metastore api call timing information for : compilation phase
2024-04-24T04:59:25,138  INFO [main] metadata.Hive: Total time spent in each metastore function (ms): {getTable_(GetTableRequest)=8, getTableColumnStatistics_(String, String, List, String)=11, commitTxn_(CommitTxnRequest)=7, getValidWriteIds_(List, String)=2, isCompatibleWith_(Configuration)=0, getAllTableConstraints_(AllTableConstraintsRequest)=5, getValidTxns_(long)=1, openTxn_(String, TxnType)=2, flushCache_()=0}
2024-04-24T04:59:25,138  INFO [main] ql.Driver: Completed compiling command(queryId=alex_20240424045922_68109ac7-b9b0-4cd1-ab3d-b0079e648348); Time taken: 0.106 seconds
2024-04-24T04:59:25,138  INFO [main] lockmgr.DbTxnManager: Setting lock request transaction to txnid:20 for queryId=alex_20240424045922_68109ac7-b9b0-4cd1-ab3d-b0079e648348
2024-04-24T04:59:25,139  INFO [main] lockmgr.DbLockManager: Requesting lock for queryId=alex_20240424045922_68109ac7-b9b0-4cd1-ab3d-b0079e648348
2024-04-24T04:59:25,151  INFO [main] lockmgr.DbLockManager: Response to queryId=alex_20240424045922_68109ac7-b9b0-4cd1-ab3d-b0079e648348 LockResponse(lockid:14, state:ACQUIRED)
2024-04-24T04:59:25,151  INFO [main] ql.Driver: Operation QUERY obtained 1 locks
2024-04-24T04:59:25,151  INFO [main] ql.Driver: Executing command(queryId=alex_20240424045922_68109ac7-b9b0-4cd1-ab3d-b0079e648348): select a, b, INPUT__FILE__NAME from T order by a, b, INPUT__FILE__NAME
2024-04-24T04:59:25,152  WARN [main] ql.Driver: Hive-on-MR is deprecated in Hive 2 and may not be available in the future versions. Consider using a different execution engine (i.e. tez, spark) or using Hive 1.X releases.
Query ID = alex_20240424045922_68109ac7-b9b0-4cd1-ab3d-b0079e648348
2024-04-24T04:59:25,152  INFO [main] ql.Driver: Query ID = alex_20240424045922_68109ac7-b9b0-4cd1-ab3d-b0079e648348
Total jobs = 1
2024-04-24T04:59:25,152  INFO [main] ql.Driver: Total jobs = 1
Launching Job 1 out of 1
2024-04-24T04:59:25,152  INFO [main] ql.Driver: Launching Job 1 out of 1
2024-04-24T04:59:25,291  INFO [main] ql.Driver: Starting task [Stage-1:MAPRED] in serial mode
Number of reduce tasks determined at compile time: 1
2024-04-24T04:59:25,291  INFO [main] exec.Task: Number of reduce tasks determined at compile time: 1
In order to change the average load for a reducer (in bytes):
2024-04-24T04:59:25,291  INFO [main] exec.Task: In order to change the average load for a reducer (in bytes):
  set hive.exec.reducers.bytes.per.reducer=<number>
2024-04-24T04:59:25,291  INFO [main] exec.Task:   set hive.exec.reducers.bytes.per.reducer=<number>
In order to limit the maximum number of reducers:
2024-04-24T04:59:25,291  INFO [main] exec.Task: In order to limit the maximum number of reducers:
  set hive.exec.reducers.max=<number>
2024-04-24T04:59:25,291  INFO [main] exec.Task:   set hive.exec.reducers.max=<number>
In order to set a constant number of reducers:
2024-04-24T04:59:25,291  INFO [main] exec.Task: In order to set a constant number of reducers:
  set mapreduce.job.reduces=<number>
2024-04-24T04:59:25,291  INFO [main] exec.Task:   set mapreduce.job.reduces=<number>
2024-04-24T04:59:25,294  INFO [main] mr.ExecDriver: Using org.apache.hadoop.hive.ql.io.HiveInputFormat
2024-04-24T04:59:25,294  INFO [main] exec.Utilities: Processing alias t
2024-04-24T04:59:25,294  INFO [main] exec.Utilities: Adding 1 inputs; the first input is file:/home/alex/Repositories/hive/ql/target/tmp/org.apache.hadoop.hive.ql.TestTxnNoBuckets-1713959849960/warehouse/t
2024-04-24T04:59:25,303  INFO [main] exec.SerializationUtilities: Serializing MapWork using kryo
2024-04-24T04:59:25,304  INFO [main] exec.Utilities: Serialized plan (via FILE) - name: null size: 4,79KB
2024-04-24T04:59:25,308  INFO [main] exec.SerializationUtilities: Serializing ReduceWork using kryo
2024-04-24T04:59:25,309  INFO [main] exec.Utilities: Serialized plan (via FILE) - name: null size: 5,69KB
2024-04-24T04:59:25,310  WARN [main] impl.MetricsSystemImpl: JobTracker metrics system already initialized!
2024-04-24T04:59:25,318  WARN [main] impl.MetricsSystemImpl: JobTracker metrics system already initialized!
2024-04-24T04:59:25,325  WARN [main] mapreduce.JobResourceUploader: Hadoop command-line option parsing not performed. Implement the Tool interface and execute your application with ToolRunner to remedy this.
2024-04-24T04:59:25,330  WARN [main] mapreduce.JobResourceUploader: No job jar file set.  User classes may not be found. See Job or Job#setJar(String).
2024-04-24T04:59:25,331  INFO [main] io.HiveInputFormat: hive.io.file.readcolumn.ids = 0,1
2024-04-24T04:59:25,331  INFO [main] io.HiveInputFormat: hive.io.file.readcolumn.names = a,b
2024-04-24T04:59:25,331  INFO [main] io.HiveInputFormat: Generating splits for dirs: file:/home/alex/Repositories/hive/ql/target/tmp/org.apache.hadoop.hive.ql.TestTxnNoBuckets-1713959849960/warehouse/t
2024-04-24T04:59:25,332  INFO [main] orc.OrcInputFormat: getSplits started
2024-04-24T04:59:25,332  INFO [main] orc.OrcInputFormat: Context:: isAcid: false isVectorMode: false sarg: null minSplitSize: 1 maxSplitSize: 256000000 splitStrategy: HYBRID footerInSplits: false numBuckets: 0 numThreads: 10 cacheMemSize: 268435456 cacheStripeDetails: true useSoftReference: false writeIdList: null:9223372036854775807:9223372036854775807:: isTransactionalTable: false txnProperties: null 
2024-04-24T04:59:25,332  INFO [main] orc.OrcInputFormat: ORC pushdown predicate: null
2024-04-24T04:59:25,357  INFO [main] orc.OrcInputFormat: FooterCacheHitRatio: 0/7
2024-04-24T04:59:25,357  INFO [main] orc.OrcInputFormat: getSplits finished (#splits: 7). duration: 25 ms
2024-04-24T04:59:25,357  INFO [main] io.HiveInputFormat: number of splits 7
2024-04-24T04:59:25,376  INFO [main] mapreduce.JobSubmitter: number of splits:7
2024-04-24T04:59:25,394  INFO [main] mapreduce.JobSubmitter: Submitting tokens for job: job_local309561556_0051
2024-04-24T04:59:25,394  INFO [main] mapreduce.JobSubmitter: Executing with tokens: []
2024-04-24T04:59:25,450  INFO [main] mapreduce.Job: The url to track the job: http://localhost:8080/
Job running in-process (local Hadoop)
2024-04-24T04:59:25,451  INFO [main] exec.Task: Job running in-process (local Hadoop)
2024-04-24T04:59:25,451  INFO [Thread-3274] mapred.LocalJobRunner: OutputCommitter set in config org.apache.hadoop.hive.ql.io.HiveFileFormatUtils$NullOutputCommitter
2024-04-24T04:59:25,451  INFO [Thread-3274] mapred.LocalJobRunner: OutputCommitter is org.apache.hadoop.hive.ql.io.HiveFileFormatUtils$NullOutputCommitter
2024-04-24T04:59:25,455  INFO [Thread-3274] mapred.LocalJobRunner: Waiting for map tasks
2024-04-24T04:59:25,455  INFO [LocalJobRunner Map Task Executor #0] mapred.LocalJobRunner: Starting task: attempt_local309561556_0051_m_000000_0
2024-04-24T04:59:25,455  INFO [LocalJobRunner Map Task Executor #0] mapred.Task:  Using ResourceCalculatorProcessTree : [ ]
2024-04-24T04:59:25,456  INFO [LocalJobRunner Map Task Executor #0] mapred.MapTask: Processing split: org.apache.hadoop.hive.ql.io.orc.OrcInputFormat:OrcSplit [file:/home/alex/Repositories/hive/ql/target/tmp/org.apache.hadoop.hive.ql.TestTxnNoBuckets-1713959849960/warehouse/t/HIVE_UNION_SUBDIR_16/000001_0, start=0, length=274, isOriginal=true, fileLength=274, hasFooter=false, hasBase=true, deltas=0]
2024-04-24T04:59:25,456  INFO [LocalJobRunner Map Task Executor #0] exec.SerializationUtilities: Deserializing MapWork using kryo
2024-04-24T04:59:25,456  INFO [LocalJobRunner Map Task Executor #0] exec.Utilities: Deserialized plan (via FILE) - name: null size: 4,79KB
2024-04-24T04:59:25,457  INFO [LocalJobRunner Map Task Executor #0] orc.ReaderImpl: Reading ORC rows from file:/home/alex/Repositories/hive/ql/target/tmp/org.apache.hadoop.hive.ql.TestTxnNoBuckets-1713959849960/warehouse/t/HIVE_UNION_SUBDIR_16/000001_0 with {include: [true, true, true], offset: 0, length: 274, schema: struct<a:int,b:int>, includeAcidColumns: true}
2024-04-24T04:59:25,458  INFO [LocalJobRunner Map Task Executor #0] mapred.MapTask: numReduceTasks: 1
2024-04-24T04:59:25,462  INFO [LocalJobRunner Map Task Executor #0] mapred.MapTask: (EQUATOR) 0 kvi 26214396(104857584)
2024-04-24T04:59:25,462  INFO [LocalJobRunner Map Task Executor #0] mapred.MapTask: mapreduce.task.io.sort.mb: 100
2024-04-24T04:59:25,462  INFO [LocalJobRunner Map Task Executor #0] mapred.MapTask: soft limit at 83886080
2024-04-24T04:59:25,462  INFO [LocalJobRunner Map Task Executor #0] mapred.MapTask: bufstart = 0; bufvoid = 104857600
2024-04-24T04:59:25,462  INFO [LocalJobRunner Map Task Executor #0] mapred.MapTask: kvstart = 26214396; length = 6553600
2024-04-24T04:59:25,462  INFO [LocalJobRunner Map Task Executor #0] mapred.MapTask: Map output collector class = org.apache.hadoop.mapred.MapTask$MapOutputBuffer
2024-04-24T04:59:25,462  INFO [LocalJobRunner Map Task Executor #0] exec.MapOperator: Initializing Operator: MAP[0]
2024-04-24T04:59:25,463  INFO [LocalJobRunner Map Task Executor #0] mr.ExecMapper: 
<MAP>Id =0
  <Children>null
  <\Children>
  <Parent><\Parent>
<\MAP>
2024-04-24T04:59:25,464  INFO [LocalJobRunner Map Task Executor #0] exec.TableScanOperator: Initializing Operator: TS[0]
2024-04-24T04:59:25,464  INFO [LocalJobRunner Map Task Executor #0] exec.SelectOperator: Initializing Operator: SEL[1]
2024-04-24T04:59:25,464  INFO [LocalJobRunner Map Task Executor #0] exec.SelectOperator: SELECT struct<a:int,b:int,input__file__name:string>
2024-04-24T04:59:25,464  INFO [LocalJobRunner Map Task Executor #0] exec.ReduceSinkOperator: Initializing Operator: RS[2]
2024-04-24T04:59:25,464  INFO [LocalJobRunner Map Task Executor #0] exec.ReduceSinkOperator: Using tag = -1
2024-04-24T04:59:25,465  INFO [LocalJobRunner Map Task Executor #0] exec.ReduceSinkOperator: keys are [reducesinkkey0, reducesinkkey1, reducesinkkey2] num distributions: 3
2024-04-24T04:59:25,465  INFO [LocalJobRunner Map Task Executor #0] exec.ReduceSinkOperator: RS[2]: records written - 1
2024-04-24T04:59:25,465  INFO [LocalJobRunner Map Task Executor #0] exec.MapOperator: MAP[0]: records read - 1
2024-04-24T04:59:25,465  INFO [LocalJobRunner Map Task Executor #0] exec.MapOperator: Closing Operator: MAP[0]
2024-04-24T04:59:25,465  INFO [LocalJobRunner Map Task Executor #0] exec.MapOperator: MAP[0]: Total records read - 1. abort - false
2024-04-24T04:59:25,465  INFO [LocalJobRunner Map Task Executor #0] exec.MapOperator: DESERIALIZE_ERRORS:0, RECORDS_OUT_OPERATOR_MAP_0:0, RECORDS_OUT_INTERMEDIATE:0, RECORDS_IN:1, 
2024-04-24T04:59:25,465  INFO [LocalJobRunner Map Task Executor #0] exec.TableScanOperator: Closing Operator: TS[0]
2024-04-24T04:59:25,465  INFO [LocalJobRunner Map Task Executor #0] exec.TableScanOperator: RECORDS_OUT_INTERMEDIATE:0, RECORDS_OUT_OPERATOR_TS_0:1, 
2024-04-24T04:59:25,465  INFO [LocalJobRunner Map Task Executor #0] exec.SelectOperator: Closing Operator: SEL[1]
2024-04-24T04:59:25,465  INFO [LocalJobRunner Map Task Executor #0] exec.SelectOperator: RECORDS_OUT_INTERMEDIATE:0, RECORDS_OUT_OPERATOR_SEL_1:1, 
2024-04-24T04:59:25,465  INFO [LocalJobRunner Map Task Executor #0] exec.ReduceSinkOperator: Closing Operator: RS[2]
2024-04-24T04:59:25,465  INFO [LocalJobRunner Map Task Executor #0] exec.ReduceSinkOperator: RS[2]: Total records written - 1. abort - false
2024-04-24T04:59:25,465  INFO [LocalJobRunner Map Task Executor #0] exec.ReduceSinkOperator: RECORDS_OUT_OPERATOR_RS_2:1, RECORDS_OUT_INTERMEDIATE:1, 
2024-04-24T04:59:25,466  INFO [LocalJobRunner Map Task Executor #0] mapred.LocalJobRunner: 
2024-04-24T04:59:25,466  INFO [LocalJobRunner Map Task Executor #0] mapred.MapTask: Starting flush of map output
2024-04-24T04:59:25,466  INFO [LocalJobRunner Map Task Executor #0] mapred.MapTask: Spilling map output
2024-04-24T04:59:25,466  INFO [LocalJobRunner Map Task Executor #0] mapred.MapTask: bufstart = 0; bufend = 167; bufvoid = 104857600
2024-04-24T04:59:25,466  INFO [LocalJobRunner Map Task Executor #0] mapred.MapTask: kvstart = 26214396(104857584); kvend = 26214396(104857584); length = 1/6553600
2024-04-24T04:59:25,477  INFO [LocalJobRunner Map Task Executor #0] mapred.MapTask: Finished spill 0
2024-04-24T04:59:25,480  INFO [LocalJobRunner Map Task Executor #0] mapred.Task: Task:attempt_local309561556_0051_m_000000_0 is done. And is in the process of committing
2024-04-24T04:59:25,480  INFO [LocalJobRunner Map Task Executor #0] mapred.LocalJobRunner: map
2024-04-24T04:59:25,480  INFO [LocalJobRunner Map Task Executor #0] mapred.Task: Task 'attempt_local309561556_0051_m_000000_0' done.
2024-04-24T04:59:25,480  INFO [LocalJobRunner Map Task Executor #0] mapred.Task: Final Counters for attempt_local309561556_0051_m_000000_0: Counters: 24
	File System Counters
		FILE: Number of bytes read=1221936
		FILE: Number of bytes written=61343857
		FILE: Number of read operations=0
		FILE: Number of large read operations=0
		FILE: Number of write operations=0
	Map-Reduce Framework
		Map input records=1
		Map output records=1
		Map output bytes=167
		Map output materialized bytes=176
		Input split bytes=473
		Combine input records=0
		Spilled Records=1
		Failed Shuffles=0
		Merged Map outputs=0
		GC time elapsed (ms)=0
		Total committed heap usage (bytes)=1214251008
	HIVE
		DESERIALIZE_ERRORS=0
		RECORDS_IN=1
		RECORDS_OUT_INTERMEDIATE=1
		RECORDS_OUT_OPERATOR_MAP_0=0
		RECORDS_OUT_OPERATOR_RS_2=1
		RECORDS_OUT_OPERATOR_SEL_1=1
		RECORDS_OUT_OPERATOR_TS_0=1
	File Input Format Counters 
		Bytes Read=5997
2024-04-24T04:59:25,480  INFO [LocalJobRunner Map Task Executor #0] mapred.LocalJobRunner: Finishing task: attempt_local309561556_0051_m_000000_0
2024-04-24T04:59:25,480  INFO [LocalJobRunner Map Task Executor #0] mapred.LocalJobRunner: Starting task: attempt_local309561556_0051_m_000001_0
2024-04-24T04:59:25,481  INFO [LocalJobRunner Map Task Executor #0] mapred.Task:  Using ResourceCalculatorProcessTree : [ ]
2024-04-24T04:59:25,481  INFO [LocalJobRunner Map Task Executor #0] mapred.MapTask: Processing split: org.apache.hadoop.hive.ql.io.orc.OrcInputFormat:OrcSplit [file:/home/alex/Repositories/hive/ql/target/tmp/org.apache.hadoop.hive.ql.TestTxnNoBuckets-1713959849960/warehouse/t/000000_0, start=0, length=256, isOriginal=true, fileLength=256, hasFooter=false, hasBase=true, deltas=0]
2024-04-24T04:59:25,481  INFO [LocalJobRunner Map Task Executor #0] exec.SerializationUtilities: Deserializing MapWork using kryo
2024-04-24T04:59:25,482  INFO [LocalJobRunner Map Task Executor #0] exec.Utilities: Deserialized plan (via FILE) - name: null size: 4,79KB
2024-04-24T04:59:25,482  INFO [LocalJobRunner Map Task Executor #0] orc.ReaderImpl: Reading ORC rows from file:/home/alex/Repositories/hive/ql/target/tmp/org.apache.hadoop.hive.ql.TestTxnNoBuckets-1713959849960/warehouse/t/000000_0 with {include: [true, true, true], offset: 0, length: 256, schema: struct<a:int,b:int>, includeAcidColumns: true}
2024-04-24T04:59:25,483  INFO [LocalJobRunner Map Task Executor #0] mapred.MapTask: numReduceTasks: 1
2024-04-24T04:59:25,493  INFO [LocalJobRunner Map Task Executor #0] mapred.MapTask: (EQUATOR) 0 kvi 26214396(104857584)
2024-04-24T04:59:25,493  INFO [LocalJobRunner Map Task Executor #0] mapred.MapTask: mapreduce.task.io.sort.mb: 100
2024-04-24T04:59:25,493  INFO [LocalJobRunner Map Task Executor #0] mapred.MapTask: soft limit at 83886080
2024-04-24T04:59:25,493  INFO [LocalJobRunner Map Task Executor #0] mapred.MapTask: bufstart = 0; bufvoid = 104857600
2024-04-24T04:59:25,493  INFO [LocalJobRunner Map Task Executor #0] mapred.MapTask: kvstart = 26214396; length = 6553600
2024-04-24T04:59:25,494  INFO [LocalJobRunner Map Task Executor #0] mapred.MapTask: Map output collector class = org.apache.hadoop.mapred.MapTask$MapOutputBuffer
2024-04-24T04:59:25,494  INFO [LocalJobRunner Map Task Executor #0] exec.MapOperator: Initializing Operator: MAP[0]
2024-04-24T04:59:25,495  INFO [LocalJobRunner Map Task Executor #0] mr.ExecMapper: 
<MAP>Id =0
  <Children>null
  <\Children>
  <Parent><\Parent>
<\MAP>
2024-04-24T04:59:25,495  INFO [LocalJobRunner Map Task Executor #0] exec.TableScanOperator: Initializing Operator: TS[0]
2024-04-24T04:59:25,495  INFO [LocalJobRunner Map Task Executor #0] exec.SelectOperator: Initializing Operator: SEL[1]
2024-04-24T04:59:25,495  INFO [LocalJobRunner Map Task Executor #0] exec.SelectOperator: SELECT struct<a:int,b:int,input__file__name:string>
2024-04-24T04:59:25,495  INFO [LocalJobRunner Map Task Executor #0] exec.ReduceSinkOperator: Initializing Operator: RS[2]
2024-04-24T04:59:25,495  INFO [LocalJobRunner Map Task Executor #0] exec.ReduceSinkOperator: Using tag = -1
2024-04-24T04:59:25,496  INFO [LocalJobRunner Map Task Executor #0] exec.ReduceSinkOperator: keys are [reducesinkkey0, reducesinkkey1, reducesinkkey2] num distributions: 3
2024-04-24T04:59:25,496  INFO [LocalJobRunner Map Task Executor #0] exec.ReduceSinkOperator: RS[2]: records written - 1
2024-04-24T04:59:25,496  INFO [LocalJobRunner Map Task Executor #0] exec.MapOperator: MAP[0]: records read - 1
2024-04-24T04:59:25,496  INFO [LocalJobRunner Map Task Executor #0] exec.MapOperator: Closing Operator: MAP[0]
2024-04-24T04:59:25,496  INFO [LocalJobRunner Map Task Executor #0] exec.MapOperator: MAP[0]: Total records read - 2. abort - false
2024-04-24T04:59:25,496  INFO [LocalJobRunner Map Task Executor #0] exec.MapOperator: DESERIALIZE_ERRORS:0, RECORDS_OUT_OPERATOR_MAP_0:0, RECORDS_IN:2, RECORDS_OUT_INTERMEDIATE:0, 
2024-04-24T04:59:25,496  INFO [LocalJobRunner Map Task Executor #0] exec.TableScanOperator: Closing Operator: TS[0]
2024-04-24T04:59:25,496  INFO [LocalJobRunner Map Task Executor #0] exec.TableScanOperator: RECORDS_OUT_OPERATOR_TS_0:2, RECORDS_OUT_INTERMEDIATE:0, 
2024-04-24T04:59:25,496  INFO [LocalJobRunner Map Task Executor #0] exec.SelectOperator: Closing Operator: SEL[1]
2024-04-24T04:59:25,496  INFO [LocalJobRunner Map Task Executor #0] exec.SelectOperator: RECORDS_OUT_INTERMEDIATE:0, RECORDS_OUT_OPERATOR_SEL_1:2, 
2024-04-24T04:59:25,496  INFO [LocalJobRunner Map Task Executor #0] exec.ReduceSinkOperator: Closing Operator: RS[2]
2024-04-24T04:59:25,496  INFO [LocalJobRunner Map Task Executor #0] exec.ReduceSinkOperator: RS[2]: Total records written - 2. abort - false
2024-04-24T04:59:25,496  INFO [LocalJobRunner Map Task Executor #0] exec.ReduceSinkOperator: RECORDS_OUT_INTERMEDIATE:2, RECORDS_OUT_OPERATOR_RS_2:2, 
2024-04-24T04:59:25,497  INFO [LocalJobRunner Map Task Executor #0] mapred.LocalJobRunner: 
2024-04-24T04:59:25,497  INFO [LocalJobRunner Map Task Executor #0] mapred.MapTask: Starting flush of map output
2024-04-24T04:59:25,497  INFO [LocalJobRunner Map Task Executor #0] mapred.MapTask: Spilling map output
2024-04-24T04:59:25,497  INFO [LocalJobRunner Map Task Executor #0] mapred.MapTask: bufstart = 0; bufend = 292; bufvoid = 104857600
2024-04-24T04:59:25,497  INFO [LocalJobRunner Map Task Executor #0] mapred.MapTask: kvstart = 26214396(104857584); kvend = 26214392(104857568); length = 5/6553600
2024-04-24T04:59:25,505  INFO [LocalJobRunner Map Task Executor #0] mapred.MapTask: Finished spill 0
2024-04-24T04:59:25,508  INFO [LocalJobRunner Map Task Executor #0] mapred.Task: Task:attempt_local309561556_0051_m_000001_0 is done. And is in the process of committing
2024-04-24T04:59:25,509  INFO [LocalJobRunner Map Task Executor #0] mapred.LocalJobRunner: map
2024-04-24T04:59:25,509  INFO [LocalJobRunner Map Task Executor #0] mapred.Task: Task 'attempt_local309561556_0051_m_000001_0' done.
2024-04-24T04:59:25,509  INFO [LocalJobRunner Map Task Executor #0] mapred.Task: Final Counters for attempt_local309561556_0051_m_000001_0: Counters: 24
	File System Counters
		FILE: Number of bytes read=1231135
		FILE: Number of bytes written=61344193
		FILE: Number of read operations=0
		FILE: Number of large read operations=0
		FILE: Number of write operations=0
	Map-Reduce Framework
		Map input records=2
		Map output records=2
		Map output bytes=292
		Map output materialized bytes=304
		Input split bytes=451
		Combine input records=0
		Spilled Records=2
		Failed Shuffles=0
		Merged Map outputs=0
		GC time elapsed (ms)=4
		Total committed heap usage (bytes)=1214251008
	HIVE
		DESERIALIZE_ERRORS=0
		RECORDS_IN=2
		RECORDS_OUT_INTERMEDIATE=2
		RECORDS_OUT_OPERATOR_MAP_0=0
		RECORDS_OUT_OPERATOR_RS_2=2
		RECORDS_OUT_OPERATOR_SEL_1=2
		RECORDS_OUT_OPERATOR_TS_0=2
	File Input Format Counters 
		Bytes Read=5925
2024-04-24T04:59:25,509  INFO [LocalJobRunner Map Task Executor #0] mapred.LocalJobRunner: Finishing task: attempt_local309561556_0051_m_000001_0
2024-04-24T04:59:25,509  INFO [LocalJobRunner Map Task Executor #0] mapred.LocalJobRunner: Starting task: attempt_local309561556_0051_m_000002_0
2024-04-24T04:59:25,509  INFO [LocalJobRunner Map Task Executor #0] mapred.Task:  Using ResourceCalculatorProcessTree : [ ]
2024-04-24T04:59:25,510  INFO [LocalJobRunner Map Task Executor #0] mapred.MapTask: Processing split: org.apache.hadoop.hive.ql.io.orc.OrcInputFormat:OrcSplit [file:/home/alex/Repositories/hive/ql/target/tmp/org.apache.hadoop.hive.ql.TestTxnNoBuckets-1713959849960/warehouse/t/HIVE_UNION_SUBDIR_15/000000_0, start=0, length=256, isOriginal=true, fileLength=256, hasFooter=false, hasBase=true, deltas=0]
2024-04-24T04:59:25,510  INFO [LocalJobRunner Map Task Executor #0] exec.SerializationUtilities: Deserializing MapWork using kryo
2024-04-24T04:59:25,510  INFO [LocalJobRunner Map Task Executor #0] exec.Utilities: Deserialized plan (via FILE) - name: null size: 4,79KB
2024-04-24T04:59:25,511  INFO [LocalJobRunner Map Task Executor #0] orc.ReaderImpl: Reading ORC rows from file:/home/alex/Repositories/hive/ql/target/tmp/org.apache.hadoop.hive.ql.TestTxnNoBuckets-1713959849960/warehouse/t/HIVE_UNION_SUBDIR_15/000000_0 with {include: [true, true, true], offset: 0, length: 256, schema: struct<a:int,b:int>, includeAcidColumns: true}
2024-04-24T04:59:25,512  INFO [LocalJobRunner Map Task Executor #0] mapred.MapTask: numReduceTasks: 1
2024-04-24T04:59:25,516  INFO [LocalJobRunner Map Task Executor #0] mapred.MapTask: (EQUATOR) 0 kvi 26214396(104857584)
2024-04-24T04:59:25,516  INFO [LocalJobRunner Map Task Executor #0] mapred.MapTask: mapreduce.task.io.sort.mb: 100
2024-04-24T04:59:25,516  INFO [LocalJobRunner Map Task Executor #0] mapred.MapTask: soft limit at 83886080
2024-04-24T04:59:25,516  INFO [LocalJobRunner Map Task Executor #0] mapred.MapTask: bufstart = 0; bufvoid = 104857600
2024-04-24T04:59:25,516  INFO [LocalJobRunner Map Task Executor #0] mapred.MapTask: kvstart = 26214396; length = 6553600
2024-04-24T04:59:25,516  INFO [LocalJobRunner Map Task Executor #0] mapred.MapTask: Map output collector class = org.apache.hadoop.mapred.MapTask$MapOutputBuffer
2024-04-24T04:59:25,517  INFO [LocalJobRunner Map Task Executor #0] exec.MapOperator: Initializing Operator: MAP[0]
2024-04-24T04:59:25,518  INFO [LocalJobRunner Map Task Executor #0] mr.ExecMapper: 
<MAP>Id =0
  <Children>null
  <\Children>
  <Parent><\Parent>
<\MAP>
2024-04-24T04:59:25,518  INFO [LocalJobRunner Map Task Executor #0] exec.TableScanOperator: Initializing Operator: TS[0]
2024-04-24T04:59:25,518  INFO [LocalJobRunner Map Task Executor #0] exec.SelectOperator: Initializing Operator: SEL[1]
2024-04-24T04:59:25,518  INFO [LocalJobRunner Map Task Executor #0] exec.SelectOperator: SELECT struct<a:int,b:int,input__file__name:string>
2024-04-24T04:59:25,518  INFO [LocalJobRunner Map Task Executor #0] exec.ReduceSinkOperator: Initializing Operator: RS[2]
2024-04-24T04:59:25,518  INFO [LocalJobRunner Map Task Executor #0] exec.ReduceSinkOperator: Using tag = -1
2024-04-24T04:59:25,519  INFO [LocalJobRunner Map Task Executor #0] exec.ReduceSinkOperator: keys are [reducesinkkey0, reducesinkkey1, reducesinkkey2] num distributions: 3
2024-04-24T04:59:25,519  INFO [LocalJobRunner Map Task Executor #0] exec.ReduceSinkOperator: RS[2]: records written - 1
2024-04-24T04:59:25,519  INFO [LocalJobRunner Map Task Executor #0] exec.MapOperator: MAP[0]: records read - 1
2024-04-24T04:59:25,519  INFO [LocalJobRunner Map Task Executor #0] exec.MapOperator: Closing Operator: MAP[0]
2024-04-24T04:59:25,519  INFO [LocalJobRunner Map Task Executor #0] exec.MapOperator: MAP[0]: Total records read - 2. abort - false
2024-04-24T04:59:25,519  INFO [LocalJobRunner Map Task Executor #0] exec.MapOperator: RECORDS_IN:2, RECORDS_OUT_OPERATOR_MAP_0:0, DESERIALIZE_ERRORS:0, RECORDS_OUT_INTERMEDIATE:0, 
2024-04-24T04:59:25,519  INFO [LocalJobRunner Map Task Executor #0] exec.TableScanOperator: Closing Operator: TS[0]
2024-04-24T04:59:25,519  INFO [LocalJobRunner Map Task Executor #0] exec.TableScanOperator: RECORDS_OUT_INTERMEDIATE:0, RECORDS_OUT_OPERATOR_TS_0:2, 
2024-04-24T04:59:25,519  INFO [LocalJobRunner Map Task Executor #0] exec.SelectOperator: Closing Operator: SEL[1]
2024-04-24T04:59:25,519  INFO [LocalJobRunner Map Task Executor #0] exec.SelectOperator: RECORDS_OUT_INTERMEDIATE:0, RECORDS_OUT_OPERATOR_SEL_1:2, 
2024-04-24T04:59:25,519  INFO [LocalJobRunner Map Task Executor #0] exec.ReduceSinkOperator: Closing Operator: RS[2]
2024-04-24T04:59:25,519  INFO [LocalJobRunner Map Task Executor #0] exec.ReduceSinkOperator: RS[2]: Total records written - 2. abort - false
2024-04-24T04:59:25,519  INFO [LocalJobRunner Map Task Executor #0] exec.ReduceSinkOperator: RECORDS_OUT_INTERMEDIATE:2, RECORDS_OUT_OPERATOR_RS_2:2, 
2024-04-24T04:59:25,520  INFO [LocalJobRunner Map Task Executor #0] mapred.LocalJobRunner: 
2024-04-24T04:59:25,520  INFO [LocalJobRunner Map Task Executor #0] mapred.MapTask: Starting flush of map output
2024-04-24T04:59:25,520  INFO [LocalJobRunner Map Task Executor #0] mapred.MapTask: Spilling map output
2024-04-24T04:59:25,520  INFO [LocalJobRunner Map Task Executor #0] mapred.MapTask: bufstart = 0; bufend = 334; bufvoid = 104857600
2024-04-24T04:59:25,520  INFO [LocalJobRunner Map Task Executor #0] mapred.MapTask: kvstart = 26214396(104857584); kvend = 26214392(104857568); length = 5/6553600
2024-04-24T04:59:25,527  INFO [LocalJobRunner Map Task Executor #0] mapred.MapTask: Finished spill 0
2024-04-24T04:59:25,530  INFO [LocalJobRunner Map Task Executor #0] mapred.Task: Task:attempt_local309561556_0051_m_000002_0 is done. And is in the process of committing
2024-04-24T04:59:25,531  INFO [LocalJobRunner Map Task Executor #0] mapred.LocalJobRunner: map
2024-04-24T04:59:25,531  INFO [LocalJobRunner Map Task Executor #0] mapred.Task: Task 'attempt_local309561556_0051_m_000002_0' done.
2024-04-24T04:59:25,531  INFO [LocalJobRunner Map Task Executor #0] mapred.Task: Final Counters for attempt_local309561556_0051_m_000002_0: Counters: 24
	File System Counters
		FILE: Number of bytes read=1239822
		FILE: Number of bytes written=61344571
		FILE: Number of read operations=0
		FILE: Number of large read operations=0
		FILE: Number of write operations=0
	Map-Reduce Framework
		Map input records=2
		Map output records=2
		Map output bytes=334
		Map output materialized bytes=346
		Input split bytes=473
		Combine input records=0
		Spilled Records=2
		Failed Shuffles=0
		Merged Map outputs=0
		GC time elapsed (ms)=0
		Total committed heap usage (bytes)=1214251008
	HIVE
		DESERIALIZE_ERRORS=0
		RECORDS_IN=2
		RECORDS_OUT_INTERMEDIATE=2
		RECORDS_OUT_OPERATOR_MAP_0=0
		RECORDS_OUT_OPERATOR_RS_2=2
		RECORDS_OUT_OPERATOR_SEL_1=2
		RECORDS_OUT_OPERATOR_TS_0=2
	File Input Format Counters 
		Bytes Read=5925
2024-04-24T04:59:25,531  INFO [LocalJobRunner Map Task Executor #0] mapred.LocalJobRunner: Finishing task: attempt_local309561556_0051_m_000002_0
2024-04-24T04:59:25,531  INFO [LocalJobRunner Map Task Executor #0] mapred.LocalJobRunner: Starting task: attempt_local309561556_0051_m_000003_0
2024-04-24T04:59:25,531  INFO [LocalJobRunner Map Task Executor #0] mapred.Task:  Using ResourceCalculatorProcessTree : [ ]
2024-04-24T04:59:25,532  INFO [LocalJobRunner Map Task Executor #0] mapred.MapTask: Processing split: org.apache.hadoop.hive.ql.io.orc.OrcInputFormat:OrcSplit [file:/home/alex/Repositories/hive/ql/target/tmp/org.apache.hadoop.hive.ql.TestTxnNoBuckets-1713959849960/warehouse/t/000001_0, start=0, length=254, isOriginal=true, fileLength=254, hasFooter=false, hasBase=true, deltas=0]
2024-04-24T04:59:25,532  INFO [LocalJobRunner Map Task Executor #0] exec.SerializationUtilities: Deserializing MapWork using kryo
2024-04-24T04:59:25,532  INFO [LocalJobRunner Map Task Executor #0] exec.Utilities: Deserialized plan (via FILE) - name: null size: 4,79KB
2024-04-24T04:59:25,533  INFO [LocalJobRunner Map Task Executor #0] orc.ReaderImpl: Reading ORC rows from file:/home/alex/Repositories/hive/ql/target/tmp/org.apache.hadoop.hive.ql.TestTxnNoBuckets-1713959849960/warehouse/t/000001_0 with {include: [true, true, true], offset: 0, length: 254, schema: struct<a:int,b:int>, includeAcidColumns: true}
2024-04-24T04:59:25,534  INFO [LocalJobRunner Map Task Executor #0] mapred.MapTask: numReduceTasks: 1
2024-04-24T04:59:25,539  INFO [LocalJobRunner Map Task Executor #0] mapred.MapTask: (EQUATOR) 0 kvi 26214396(104857584)
2024-04-24T04:59:25,539  INFO [LocalJobRunner Map Task Executor #0] mapred.MapTask: mapreduce.task.io.sort.mb: 100
2024-04-24T04:59:25,539  INFO [LocalJobRunner Map Task Executor #0] mapred.MapTask: soft limit at 83886080
2024-04-24T04:59:25,539  INFO [LocalJobRunner Map Task Executor #0] mapred.MapTask: bufstart = 0; bufvoid = 104857600
2024-04-24T04:59:25,539  INFO [LocalJobRunner Map Task Executor #0] mapred.MapTask: kvstart = 26214396; length = 6553600
2024-04-24T04:59:25,539  INFO [LocalJobRunner Map Task Executor #0] mapred.MapTask: Map output collector class = org.apache.hadoop.mapred.MapTask$MapOutputBuffer
2024-04-24T04:59:25,539  INFO [LocalJobRunner Map Task Executor #0] exec.MapOperator: Initializing Operator: MAP[0]
2024-04-24T04:59:25,540  INFO [LocalJobRunner Map Task Executor #0] mr.ExecMapper: 
<MAP>Id =0
  <Children>null
  <\Children>
  <Parent><\Parent>
<\MAP>
2024-04-24T04:59:25,541  INFO [LocalJobRunner Map Task Executor #0] exec.TableScanOperator: Initializing Operator: TS[0]
2024-04-24T04:59:25,541  INFO [LocalJobRunner Map Task Executor #0] exec.SelectOperator: Initializing Operator: SEL[1]
2024-04-24T04:59:25,541  INFO [LocalJobRunner Map Task Executor #0] exec.SelectOperator: SELECT struct<a:int,b:int,input__file__name:string>
2024-04-24T04:59:25,542  INFO [LocalJobRunner Map Task Executor #0] exec.ReduceSinkOperator: Initializing Operator: RS[2]
2024-04-24T04:59:25,542  INFO [LocalJobRunner Map Task Executor #0] exec.ReduceSinkOperator: Using tag = -1
2024-04-24T04:59:25,542  INFO [LocalJobRunner Map Task Executor #0] exec.ReduceSinkOperator: keys are [reducesinkkey0, reducesinkkey1, reducesinkkey2] num distributions: 3
2024-04-24T04:59:25,542  INFO [LocalJobRunner Map Task Executor #0] exec.ReduceSinkOperator: RS[2]: records written - 1
2024-04-24T04:59:25,542  INFO [LocalJobRunner Map Task Executor #0] exec.MapOperator: MAP[0]: records read - 1
2024-04-24T04:59:25,542  INFO [LocalJobRunner Map Task Executor #0] exec.MapOperator: Closing Operator: MAP[0]
2024-04-24T04:59:25,542  INFO [LocalJobRunner Map Task Executor #0] exec.MapOperator: MAP[0]: Total records read - 1. abort - false
2024-04-24T04:59:25,542  INFO [LocalJobRunner Map Task Executor #0] exec.MapOperator: RECORDS_OUT_OPERATOR_MAP_0:0, RECORDS_IN:1, DESERIALIZE_ERRORS:0, RECORDS_OUT_INTERMEDIATE:0, 
2024-04-24T04:59:25,543  INFO [LocalJobRunner Map Task Executor #0] exec.TableScanOperator: Closing Operator: TS[0]
2024-04-24T04:59:25,543  INFO [LocalJobRunner Map Task Executor #0] exec.TableScanOperator: RECORDS_OUT_INTERMEDIATE:0, RECORDS_OUT_OPERATOR_TS_0:1, 
2024-04-24T04:59:25,543  INFO [LocalJobRunner Map Task Executor #0] exec.SelectOperator: Closing Operator: SEL[1]
2024-04-24T04:59:25,543  INFO [LocalJobRunner Map Task Executor #0] exec.SelectOperator: RECORDS_OUT_OPERATOR_SEL_1:1, RECORDS_OUT_INTERMEDIATE:0, 
2024-04-24T04:59:25,543  INFO [LocalJobRunner Map Task Executor #0] exec.ReduceSinkOperator: Closing Operator: RS[2]
2024-04-24T04:59:25,543  INFO [LocalJobRunner Map Task Executor #0] exec.ReduceSinkOperator: RS[2]: Total records written - 1. abort - false
2024-04-24T04:59:25,543  INFO [LocalJobRunner Map Task Executor #0] exec.ReduceSinkOperator: RECORDS_OUT_INTERMEDIATE:1, RECORDS_OUT_OPERATOR_RS_2:1, 
2024-04-24T04:59:25,543  INFO [LocalJobRunner Map Task Executor #0] mapred.LocalJobRunner: 
2024-04-24T04:59:25,543  INFO [LocalJobRunner Map Task Executor #0] mapred.MapTask: Starting flush of map output
2024-04-24T04:59:25,543  INFO [LocalJobRunner Map Task Executor #0] mapred.MapTask: Spilling map output
2024-04-24T04:59:25,544  INFO [LocalJobRunner Map Task Executor #0] mapred.MapTask: bufstart = 0; bufend = 146; bufvoid = 104857600
2024-04-24T04:59:25,544  INFO [LocalJobRunner Map Task Executor #0] mapred.MapTask: kvstart = 26214396(104857584); kvend = 26214396(104857584); length = 1/6553600
2024-04-24T04:59:25,551  INFO [LocalJobRunner Map Task Executor #0] mapred.MapTask: Finished spill 0
2024-04-24T04:59:25,554  INFO [LocalJobRunner Map Task Executor #0] mapred.Task: Task:attempt_local309561556_0051_m_000003_0 is done. And is in the process of committing
2024-04-24T04:59:25,555  INFO [LocalJobRunner Map Task Executor #0] mapred.LocalJobRunner: map
2024-04-24T04:59:25,555  INFO [LocalJobRunner Map Task Executor #0] mapred.Task: Task 'attempt_local309561556_0051_m_000003_0' done.
2024-04-24T04:59:25,555  INFO [LocalJobRunner Map Task Executor #0] mapred.Task: Final Counters for attempt_local309561556_0051_m_000003_0: Counters: 24
	File System Counters
		FILE: Number of bytes read=1247989
		FILE: Number of bytes written=61344758
		FILE: Number of read operations=0
		FILE: Number of large read operations=0
		FILE: Number of write operations=0
	Map-Reduce Framework
		Map input records=1
		Map output records=1
		Map output bytes=146
		Map output materialized bytes=155
		Input split bytes=451
		Combine input records=0
		Spilled Records=1
		Failed Shuffles=0
		Merged Map outputs=0
		GC time elapsed (ms)=0
		Total committed heap usage (bytes)=1214251008
	HIVE
		DESERIALIZE_ERRORS=0
		RECORDS_IN=1
		RECORDS_OUT_INTERMEDIATE=1
		RECORDS_OUT_OPERATOR_MAP_0=0
		RECORDS_OUT_OPERATOR_RS_2=1
		RECORDS_OUT_OPERATOR_SEL_1=1
		RECORDS_OUT_OPERATOR_TS_0=1
	File Input Format Counters 
		Bytes Read=5917
2024-04-24T04:59:25,555  INFO [LocalJobRunner Map Task Executor #0] mapred.LocalJobRunner: Finishing task: attempt_local309561556_0051_m_000003_0
2024-04-24T04:59:25,555  INFO [LocalJobRunner Map Task Executor #0] mapred.LocalJobRunner: Starting task: attempt_local309561556_0051_m_000004_0
2024-04-24T04:59:25,555  INFO [LocalJobRunner Map Task Executor #0] mapred.Task:  Using ResourceCalculatorProcessTree : [ ]
2024-04-24T04:59:25,556  INFO [LocalJobRunner Map Task Executor #0] mapred.MapTask: Processing split: org.apache.hadoop.hive.ql.io.orc.OrcInputFormat:OrcSplit [file:/home/alex/Repositories/hive/ql/target/tmp/org.apache.hadoop.hive.ql.TestTxnNoBuckets-1713959849960/warehouse/t/HIVE_UNION_SUBDIR_16/000000_0, start=0, length=254, isOriginal=true, fileLength=254, hasFooter=false, hasBase=true, deltas=0]
2024-04-24T04:59:25,556  INFO [LocalJobRunner Map Task Executor #0] exec.SerializationUtilities: Deserializing MapWork using kryo
2024-04-24T04:59:25,556  INFO [LocalJobRunner Map Task Executor #0] exec.Utilities: Deserialized plan (via FILE) - name: null size: 4,79KB
2024-04-24T04:59:25,557  INFO [LocalJobRunner Map Task Executor #0] orc.ReaderImpl: Reading ORC rows from file:/home/alex/Repositories/hive/ql/target/tmp/org.apache.hadoop.hive.ql.TestTxnNoBuckets-1713959849960/warehouse/t/HIVE_UNION_SUBDIR_16/000000_0 with {include: [true, true, true], offset: 0, length: 254, schema: struct<a:int,b:int>, includeAcidColumns: true}
2024-04-24T04:59:25,558  INFO [LocalJobRunner Map Task Executor #0] mapred.MapTask: numReduceTasks: 1
2024-04-24T04:59:25,562  INFO [LocalJobRunner Map Task Executor #0] mapred.MapTask: (EQUATOR) 0 kvi 26214396(104857584)
2024-04-24T04:59:25,562  INFO [LocalJobRunner Map Task Executor #0] mapred.MapTask: mapreduce.task.io.sort.mb: 100
2024-04-24T04:59:25,562  INFO [LocalJobRunner Map Task Executor #0] mapred.MapTask: soft limit at 83886080
2024-04-24T04:59:25,562  INFO [LocalJobRunner Map Task Executor #0] mapred.MapTask: bufstart = 0; bufvoid = 104857600
2024-04-24T04:59:25,562  INFO [LocalJobRunner Map Task Executor #0] mapred.MapTask: kvstart = 26214396; length = 6553600
2024-04-24T04:59:25,562  INFO [LocalJobRunner Map Task Executor #0] mapred.MapTask: Map output collector class = org.apache.hadoop.mapred.MapTask$MapOutputBuffer
2024-04-24T04:59:25,563  INFO [LocalJobRunner Map Task Executor #0] exec.MapOperator: Initializing Operator: MAP[0]
2024-04-24T04:59:25,564  INFO [LocalJobRunner Map Task Executor #0] mr.ExecMapper: 
<MAP>Id =0
  <Children>null
  <\Children>
  <Parent><\Parent>
<\MAP>
2024-04-24T04:59:25,564  INFO [LocalJobRunner Map Task Executor #0] exec.TableScanOperator: Initializing Operator: TS[0]
2024-04-24T04:59:25,564  INFO [LocalJobRunner Map Task Executor #0] exec.SelectOperator: Initializing Operator: SEL[1]
2024-04-24T04:59:25,564  INFO [LocalJobRunner Map Task Executor #0] exec.SelectOperator: SELECT struct<a:int,b:int,input__file__name:string>
2024-04-24T04:59:25,564  INFO [LocalJobRunner Map Task Executor #0] exec.ReduceSinkOperator: Initializing Operator: RS[2]
2024-04-24T04:59:25,564  INFO [LocalJobRunner Map Task Executor #0] exec.ReduceSinkOperator: Using tag = -1
2024-04-24T04:59:25,565  INFO [LocalJobRunner Map Task Executor #0] exec.ReduceSinkOperator: keys are [reducesinkkey0, reducesinkkey1, reducesinkkey2] num distributions: 3
2024-04-24T04:59:25,565  INFO [LocalJobRunner Map Task Executor #0] exec.ReduceSinkOperator: RS[2]: records written - 1
2024-04-24T04:59:25,565  INFO [LocalJobRunner Map Task Executor #0] exec.MapOperator: MAP[0]: records read - 1
2024-04-24T04:59:25,565  INFO [LocalJobRunner Map Task Executor #0] exec.MapOperator: Closing Operator: MAP[0]
2024-04-24T04:59:25,565  INFO [LocalJobRunner Map Task Executor #0] exec.MapOperator: MAP[0]: Total records read - 1. abort - false
2024-04-24T04:59:25,565  INFO [LocalJobRunner Map Task Executor #0] exec.MapOperator: RECORDS_OUT_INTERMEDIATE:0, RECORDS_IN:1, DESERIALIZE_ERRORS:0, RECORDS_OUT_OPERATOR_MAP_0:0, 
2024-04-24T04:59:25,565  INFO [LocalJobRunner Map Task Executor #0] exec.TableScanOperator: Closing Operator: TS[0]
2024-04-24T04:59:25,565  INFO [LocalJobRunner Map Task Executor #0] exec.TableScanOperator: RECORDS_OUT_OPERATOR_TS_0:1, RECORDS_OUT_INTERMEDIATE:0, 
2024-04-24T04:59:25,565  INFO [LocalJobRunner Map Task Executor #0] exec.SelectOperator: Closing Operator: SEL[1]
2024-04-24T04:59:25,565  INFO [LocalJobRunner Map Task Executor #0] exec.SelectOperator: RECORDS_OUT_INTERMEDIATE:0, RECORDS_OUT_OPERATOR_SEL_1:1, 
2024-04-24T04:59:25,565  INFO [LocalJobRunner Map Task Executor #0] exec.ReduceSinkOperator: Closing Operator: RS[2]
2024-04-24T04:59:25,565  INFO [LocalJobRunner Map Task Executor #0] exec.ReduceSinkOperator: RS[2]: Total records written - 1. abort - false
2024-04-24T04:59:25,565  INFO [LocalJobRunner Map Task Executor #0] exec.ReduceSinkOperator: RECORDS_OUT_OPERATOR_RS_2:1, RECORDS_OUT_INTERMEDIATE:1, 
2024-04-24T04:59:25,565  INFO [LocalJobRunner Map Task Executor #0] mapred.LocalJobRunner: 
2024-04-24T04:59:25,565  INFO [LocalJobRunner Map Task Executor #0] mapred.MapTask: Starting flush of map output
2024-04-24T04:59:25,565  INFO [LocalJobRunner Map Task Executor #0] mapred.MapTask: Spilling map output
2024-04-24T04:59:25,565  INFO [LocalJobRunner Map Task Executor #0] mapred.MapTask: bufstart = 0; bufend = 167; bufvoid = 104857600
2024-04-24T04:59:25,565  INFO [LocalJobRunner Map Task Executor #0] mapred.MapTask: kvstart = 26214396(104857584); kvend = 26214396(104857584); length = 1/6553600
2024-04-24T04:59:25,573  INFO [LocalJobRunner Map Task Executor #0] mapred.MapTask: Finished spill 0
2024-04-24T04:59:25,576  INFO [LocalJobRunner Map Task Executor #0] mapred.Task: Task:attempt_local309561556_0051_m_000004_0 is done. And is in the process of committing
2024-04-24T04:59:25,576  INFO [LocalJobRunner Map Task Executor #0] mapred.LocalJobRunner: map
2024-04-24T04:59:25,576  INFO [LocalJobRunner Map Task Executor #0] mapred.Task: Task 'attempt_local309561556_0051_m_000004_0' done.
2024-04-24T04:59:25,576  INFO [LocalJobRunner Map Task Executor #0] mapred.Task: Final Counters for attempt_local309561556_0051_m_000004_0: Counters: 24
	File System Counters
		FILE: Number of bytes read=1255644
		FILE: Number of bytes written=61344966
		FILE: Number of read operations=0
		FILE: Number of large read operations=0
		FILE: Number of write operations=0
	Map-Reduce Framework
		Map input records=1
		Map output records=1
		Map output bytes=167
		Map output materialized bytes=176
		Input split bytes=473
		Combine input records=0
		Spilled Records=1
		Failed Shuffles=0
		Merged Map outputs=0
		GC time elapsed (ms)=0
		Total committed heap usage (bytes)=1214251008
	HIVE
		DESERIALIZE_ERRORS=0
		RECORDS_IN=1
		RECORDS_OUT_INTERMEDIATE=1
		RECORDS_OUT_OPERATOR_MAP_0=0
		RECORDS_OUT_OPERATOR_RS_2=1
		RECORDS_OUT_OPERATOR_SEL_1=1
		RECORDS_OUT_OPERATOR_TS_0=1
	File Input Format Counters 
		Bytes Read=5917
2024-04-24T04:59:25,576  INFO [LocalJobRunner Map Task Executor #0] mapred.LocalJobRunner: Finishing task: attempt_local309561556_0051_m_000004_0
2024-04-24T04:59:25,576  INFO [LocalJobRunner Map Task Executor #0] mapred.LocalJobRunner: Starting task: attempt_local309561556_0051_m_000005_0
2024-04-24T04:59:25,577  INFO [LocalJobRunner Map Task Executor #0] mapred.Task:  Using ResourceCalculatorProcessTree : [ ]
2024-04-24T04:59:25,577  INFO [LocalJobRunner Map Task Executor #0] mapred.MapTask: Processing split: org.apache.hadoop.hive.ql.io.orc.OrcInputFormat:OrcSplit [file:/home/alex/Repositories/hive/ql/target/tmp/org.apache.hadoop.hive.ql.TestTxnNoBuckets-1713959849960/warehouse/t/000002_0, start=0, length=254, isOriginal=true, fileLength=254, hasFooter=false, hasBase=true, deltas=0]
2024-04-24T04:59:25,577  INFO [LocalJobRunner Map Task Executor #0] exec.SerializationUtilities: Deserializing MapWork using kryo
2024-04-24T04:59:25,578  INFO [LocalJobRunner Map Task Executor #0] exec.Utilities: Deserialized plan (via FILE) - name: null size: 4,79KB
2024-04-24T04:59:25,579  INFO [LocalJobRunner Map Task Executor #0] orc.ReaderImpl: Reading ORC rows from file:/home/alex/Repositories/hive/ql/target/tmp/org.apache.hadoop.hive.ql.TestTxnNoBuckets-1713959849960/warehouse/t/000002_0 with {include: [true, true, true], offset: 0, length: 254, schema: struct<a:int,b:int>, includeAcidColumns: true}
2024-04-24T04:59:25,580  INFO [LocalJobRunner Map Task Executor #0] mapred.MapTask: numReduceTasks: 1
2024-04-24T04:59:25,585  INFO [LocalJobRunner Map Task Executor #0] mapred.MapTask: (EQUATOR) 0 kvi 26214396(104857584)
2024-04-24T04:59:25,585  INFO [LocalJobRunner Map Task Executor #0] mapred.MapTask: mapreduce.task.io.sort.mb: 100
2024-04-24T04:59:25,585  INFO [LocalJobRunner Map Task Executor #0] mapred.MapTask: soft limit at 83886080
2024-04-24T04:59:25,585  INFO [LocalJobRunner Map Task Executor #0] mapred.MapTask: bufstart = 0; bufvoid = 104857600
2024-04-24T04:59:25,585  INFO [LocalJobRunner Map Task Executor #0] mapred.MapTask: kvstart = 26214396; length = 6553600
2024-04-24T04:59:25,586  INFO [LocalJobRunner Map Task Executor #0] mapred.MapTask: Map output collector class = org.apache.hadoop.mapred.MapTask$MapOutputBuffer
2024-04-24T04:59:25,586  INFO [LocalJobRunner Map Task Executor #0] exec.MapOperator: Initializing Operator: MAP[0]
2024-04-24T04:59:25,587  INFO [LocalJobRunner Map Task Executor #0] mr.ExecMapper: 
<MAP>Id =0
  <Children>null
  <\Children>
  <Parent><\Parent>
<\MAP>
2024-04-24T04:59:25,587  INFO [LocalJobRunner Map Task Executor #0] exec.TableScanOperator: Initializing Operator: TS[0]
2024-04-24T04:59:25,587  INFO [LocalJobRunner Map Task Executor #0] exec.SelectOperator: Initializing Operator: SEL[1]
2024-04-24T04:59:25,587  INFO [LocalJobRunner Map Task Executor #0] exec.SelectOperator: SELECT struct<a:int,b:int,input__file__name:string>
2024-04-24T04:59:25,588  INFO [LocalJobRunner Map Task Executor #0] exec.ReduceSinkOperator: Initializing Operator: RS[2]
2024-04-24T04:59:25,588  INFO [LocalJobRunner Map Task Executor #0] exec.ReduceSinkOperator: Using tag = -1
2024-04-24T04:59:25,588  INFO [LocalJobRunner Map Task Executor #0] exec.ReduceSinkOperator: keys are [reducesinkkey0, reducesinkkey1, reducesinkkey2] num distributions: 3
2024-04-24T04:59:25,588  INFO [LocalJobRunner Map Task Executor #0] exec.ReduceSinkOperator: RS[2]: records written - 1
2024-04-24T04:59:25,588  INFO [LocalJobRunner Map Task Executor #0] exec.MapOperator: MAP[0]: records read - 1
2024-04-24T04:59:25,588  INFO [LocalJobRunner Map Task Executor #0] exec.MapOperator: Closing Operator: MAP[0]
2024-04-24T04:59:25,588  INFO [LocalJobRunner Map Task Executor #0] exec.MapOperator: MAP[0]: Total records read - 2. abort - false
2024-04-24T04:59:25,588  INFO [LocalJobRunner Map Task Executor #0] exec.MapOperator: RECORDS_IN:2, DESERIALIZE_ERRORS:0, RECORDS_OUT_INTERMEDIATE:0, RECORDS_OUT_OPERATOR_MAP_0:0, 
2024-04-24T04:59:25,588  INFO [LocalJobRunner Map Task Executor #0] exec.TableScanOperator: Closing Operator: TS[0]
2024-04-24T04:59:25,588  INFO [LocalJobRunner Map Task Executor #0] exec.TableScanOperator: RECORDS_OUT_OPERATOR_TS_0:2, RECORDS_OUT_INTERMEDIATE:0, 
2024-04-24T04:59:25,588  INFO [LocalJobRunner Map Task Executor #0] exec.SelectOperator: Closing Operator: SEL[1]
2024-04-24T04:59:25,588  INFO [LocalJobRunner Map Task Executor #0] exec.SelectOperator: RECORDS_OUT_INTERMEDIATE:0, RECORDS_OUT_OPERATOR_SEL_1:2, 
2024-04-24T04:59:25,588  INFO [LocalJobRunner Map Task Executor #0] exec.ReduceSinkOperator: Closing Operator: RS[2]
2024-04-24T04:59:25,588  INFO [LocalJobRunner Map Task Executor #0] exec.ReduceSinkOperator: RS[2]: Total records written - 2. abort - false
2024-04-24T04:59:25,588  INFO [LocalJobRunner Map Task Executor #0] exec.ReduceSinkOperator: RECORDS_OUT_OPERATOR_RS_2:2, RECORDS_OUT_INTERMEDIATE:2, 
2024-04-24T04:59:25,589  INFO [LocalJobRunner Map Task Executor #0] mapred.LocalJobRunner: 
2024-04-24T04:59:25,589  INFO [LocalJobRunner Map Task Executor #0] mapred.MapTask: Starting flush of map output
2024-04-24T04:59:25,589  INFO [LocalJobRunner Map Task Executor #0] mapred.MapTask: Spilling map output
2024-04-24T04:59:25,589  INFO [LocalJobRunner Map Task Executor #0] mapred.MapTask: bufstart = 0; bufend = 292; bufvoid = 104857600
2024-04-24T04:59:25,589  INFO [LocalJobRunner Map Task Executor #0] mapred.MapTask: kvstart = 26214396(104857584); kvend = 26214392(104857568); length = 5/6553600
2024-04-24T04:59:25,597  INFO [LocalJobRunner Map Task Executor #0] mapred.MapTask: Finished spill 0
2024-04-24T04:59:25,599  INFO [LocalJobRunner Map Task Executor #0] mapred.Task: Task:attempt_local309561556_0051_m_000005_0 is done. And is in the process of committing
2024-04-24T04:59:25,600  INFO [LocalJobRunner Map Task Executor #0] mapred.LocalJobRunner: map
2024-04-24T04:59:25,600  INFO [LocalJobRunner Map Task Executor #0] mapred.Task: Task 'attempt_local309561556_0051_m_000005_0' done.
2024-04-24T04:59:25,600  INFO [LocalJobRunner Map Task Executor #0] mapred.Task: Final Counters for attempt_local309561556_0051_m_000005_0: Counters: 24
	File System Counters
		FILE: Number of bytes read=1262787
		FILE: Number of bytes written=61345302
		FILE: Number of read operations=0
		FILE: Number of large read operations=0
		FILE: Number of write operations=0
	Map-Reduce Framework
		Map input records=2
		Map output records=2
		Map output bytes=292
		Map output materialized bytes=304
		Input split bytes=451
		Combine input records=0
		Spilled Records=2
		Failed Shuffles=0
		Merged Map outputs=0
		GC time elapsed (ms)=0
		Total committed heap usage (bytes)=1214251008
	HIVE
		DESERIALIZE_ERRORS=0
		RECORDS_IN=2
		RECORDS_OUT_INTERMEDIATE=2
		RECORDS_OUT_OPERATOR_MAP_0=0
		RECORDS_OUT_OPERATOR_RS_2=2
		RECORDS_OUT_OPERATOR_SEL_1=2
		RECORDS_OUT_OPERATOR_TS_0=2
	File Input Format Counters 
		Bytes Read=5917
2024-04-24T04:59:25,600  INFO [LocalJobRunner Map Task Executor #0] mapred.LocalJobRunner: Finishing task: attempt_local309561556_0051_m_000005_0
2024-04-24T04:59:25,600  INFO [LocalJobRunner Map Task Executor #0] mapred.LocalJobRunner: Starting task: attempt_local309561556_0051_m_000006_0
2024-04-24T04:59:25,600  INFO [LocalJobRunner Map Task Executor #0] mapred.Task:  Using ResourceCalculatorProcessTree : [ ]
2024-04-24T04:59:25,601  INFO [LocalJobRunner Map Task Executor #0] mapred.MapTask: Processing split: org.apache.hadoop.hive.ql.io.orc.OrcInputFormat:OrcSplit [file:/home/alex/Repositories/hive/ql/target/tmp/org.apache.hadoop.hive.ql.TestTxnNoBuckets-1713959849960/warehouse/t/000000_0_copy_1, start=0, length=241, isOriginal=true, fileLength=241, hasFooter=false, hasBase=true, deltas=0]
2024-04-24T04:59:25,601  INFO [LocalJobRunner Map Task Executor #0] exec.SerializationUtilities: Deserializing MapWork using kryo
2024-04-24T04:59:25,601  INFO [LocalJobRunner Map Task Executor #0] exec.Utilities: Deserialized plan (via FILE) - name: null size: 4,79KB
2024-04-24T04:59:25,602  INFO [LocalJobRunner Map Task Executor #0] orc.ReaderImpl: Reading ORC rows from file:/home/alex/Repositories/hive/ql/target/tmp/org.apache.hadoop.hive.ql.TestTxnNoBuckets-1713959849960/warehouse/t/000000_0_copy_1 with {include: [true, true, true], offset: 0, length: 241, schema: struct<a:int,b:int>, includeAcidColumns: true}
2024-04-24T04:59:25,603  INFO [LocalJobRunner Map Task Executor #0] mapred.MapTask: numReduceTasks: 1
2024-04-24T04:59:25,612  INFO [LocalJobRunner Map Task Executor #0] mapred.MapTask: (EQUATOR) 0 kvi 26214396(104857584)
2024-04-24T04:59:25,612  INFO [LocalJobRunner Map Task Executor #0] mapred.MapTask: mapreduce.task.io.sort.mb: 100
2024-04-24T04:59:25,612  INFO [LocalJobRunner Map Task Executor #0] mapred.MapTask: soft limit at 83886080
2024-04-24T04:59:25,612  INFO [LocalJobRunner Map Task Executor #0] mapred.MapTask: bufstart = 0; bufvoid = 104857600
2024-04-24T04:59:25,612  INFO [LocalJobRunner Map Task Executor #0] mapred.MapTask: kvstart = 26214396; length = 6553600
2024-04-24T04:59:25,612  INFO [LocalJobRunner Map Task Executor #0] mapred.MapTask: Map output collector class = org.apache.hadoop.mapred.MapTask$MapOutputBuffer
2024-04-24T04:59:25,612  INFO [LocalJobRunner Map Task Executor #0] exec.MapOperator: Initializing Operator: MAP[0]
2024-04-24T04:59:25,613  INFO [LocalJobRunner Map Task Executor #0] mr.ExecMapper: 
<MAP>Id =0
  <Children>null
  <\Children>
  <Parent><\Parent>
<\MAP>
2024-04-24T04:59:25,614  INFO [LocalJobRunner Map Task Executor #0] exec.TableScanOperator: Initializing Operator: TS[0]
2024-04-24T04:59:25,614  INFO [LocalJobRunner Map Task Executor #0] exec.SelectOperator: Initializing Operator: SEL[1]
2024-04-24T04:59:25,614  INFO [LocalJobRunner Map Task Executor #0] exec.SelectOperator: SELECT struct<a:int,b:int,input__file__name:string>
2024-04-24T04:59:25,614  INFO [LocalJobRunner Map Task Executor #0] exec.ReduceSinkOperator: Initializing Operator: RS[2]
2024-04-24T04:59:25,614  INFO [LocalJobRunner Map Task Executor #0] exec.ReduceSinkOperator: Using tag = -1
2024-04-24T04:59:25,614  INFO [LocalJobRunner Map Task Executor #0] exec.ReduceSinkOperator: keys are [reducesinkkey0, reducesinkkey1, reducesinkkey2] num distributions: 3
2024-04-24T04:59:25,614  INFO [LocalJobRunner Map Task Executor #0] exec.ReduceSinkOperator: RS[2]: records written - 1
2024-04-24T04:59:25,614  INFO [LocalJobRunner Map Task Executor #0] exec.MapOperator: MAP[0]: records read - 1
2024-04-24T04:59:25,615  INFO [LocalJobRunner Map Task Executor #0] exec.MapOperator: Closing Operator: MAP[0]
2024-04-24T04:59:25,615  INFO [LocalJobRunner Map Task Executor #0] exec.MapOperator: MAP[0]: Total records read - 1. abort - false
2024-04-24T04:59:25,615  INFO [LocalJobRunner Map Task Executor #0] exec.MapOperator: RECORDS_IN:1, DESERIALIZE_ERRORS:0, RECORDS_OUT_INTERMEDIATE:0, RECORDS_OUT_OPERATOR_MAP_0:0, 
2024-04-24T04:59:25,615  INFO [LocalJobRunner Map Task Executor #0] exec.TableScanOperator: Closing Operator: TS[0]
2024-04-24T04:59:25,615  INFO [LocalJobRunner Map Task Executor #0] exec.TableScanOperator: RECORDS_OUT_INTERMEDIATE:0, RECORDS_OUT_OPERATOR_TS_0:1, 
2024-04-24T04:59:25,615  INFO [LocalJobRunner Map Task Executor #0] exec.SelectOperator: Closing Operator: SEL[1]
2024-04-24T04:59:25,615  INFO [LocalJobRunner Map Task Executor #0] exec.SelectOperator: RECORDS_OUT_OPERATOR_SEL_1:1, RECORDS_OUT_INTERMEDIATE:0, 
2024-04-24T04:59:25,615  INFO [LocalJobRunner Map Task Executor #0] exec.ReduceSinkOperator: Closing Operator: RS[2]
2024-04-24T04:59:25,615  INFO [LocalJobRunner Map Task Executor #0] exec.ReduceSinkOperator: RS[2]: Total records written - 1. abort - false
2024-04-24T04:59:25,615  INFO [LocalJobRunner Map Task Executor #0] exec.ReduceSinkOperator: RECORDS_OUT_OPERATOR_RS_2:1, RECORDS_OUT_INTERMEDIATE:1, 
2024-04-24T04:59:25,615  INFO [LocalJobRunner Map Task Executor #0] mapred.LocalJobRunner: 
2024-04-24T04:59:25,615  INFO [LocalJobRunner Map Task Executor #0] mapred.MapTask: Starting flush of map output
2024-04-24T04:59:25,615  INFO [LocalJobRunner Map Task Executor #0] mapred.MapTask: Spilling map output
2024-04-24T04:59:25,615  INFO [LocalJobRunner Map Task Executor #0] mapred.MapTask: bufstart = 0; bufend = 153; bufvoid = 104857600
2024-04-24T04:59:25,615  INFO [LocalJobRunner Map Task Executor #0] mapred.MapTask: kvstart = 26214396(104857584); kvend = 26214396(104857584); length = 1/6553600
2024-04-24T04:59:25,623  INFO [LocalJobRunner Map Task Executor #0] mapred.MapTask: Finished spill 0
2024-04-24T04:59:25,625  INFO [LocalJobRunner Map Task Executor #0] mapred.Task: Task:attempt_local309561556_0051_m_000006_0 is done. And is in the process of committing
2024-04-24T04:59:25,626  INFO [LocalJobRunner Map Task Executor #0] mapred.LocalJobRunner: map
2024-04-24T04:59:25,626  INFO [LocalJobRunner Map Task Executor #0] mapred.Task: Task 'attempt_local309561556_0051_m_000006_0' done.
2024-04-24T04:59:25,626  INFO [LocalJobRunner Map Task Executor #0] mapred.Task: Final Counters for attempt_local309561556_0051_m_000006_0: Counters: 24
	File System Counters
		FILE: Number of bytes read=1269366
		FILE: Number of bytes written=61345496
		FILE: Number of read operations=0
		FILE: Number of large read operations=0
		FILE: Number of write operations=0
	Map-Reduce Framework
		Map input records=1
		Map output records=1
		Map output bytes=153
		Map output materialized bytes=162
		Input split bytes=459
		Combine input records=0
		Spilled Records=1
		Failed Shuffles=0
		Merged Map outputs=0
		GC time elapsed (ms)=5
		Total committed heap usage (bytes)=1196949504
	HIVE
		DESERIALIZE_ERRORS=0
		RECORDS_IN=1
		RECORDS_OUT_INTERMEDIATE=1
		RECORDS_OUT_OPERATOR_MAP_0=0
		RECORDS_OUT_OPERATOR_RS_2=1
		RECORDS_OUT_OPERATOR_SEL_1=1
		RECORDS_OUT_OPERATOR_TS_0=1
	File Input Format Counters 
		Bytes Read=5865
2024-04-24T04:59:25,626  INFO [LocalJobRunner Map Task Executor #0] mapred.LocalJobRunner: Finishing task: attempt_local309561556_0051_m_000006_0
2024-04-24T04:59:25,626  INFO [Thread-3274] mapred.LocalJobRunner: map task executor complete.
2024-04-24T04:59:25,627  INFO [Thread-3274] mapred.LocalJobRunner: Waiting for reduce tasks
2024-04-24T04:59:25,627  INFO [pool-223-thread-1] mapred.LocalJobRunner: Starting task: attempt_local309561556_0051_r_000000_0
2024-04-24T04:59:25,627  INFO [pool-223-thread-1] mapred.Task:  Using ResourceCalculatorProcessTree : [ ]
2024-04-24T04:59:25,627  INFO [pool-223-thread-1] mapred.ReduceTask: Using ShuffleConsumerPlugin: org.apache.hadoop.mapreduce.task.reduce.Shuffle@49822aeb
2024-04-24T04:59:25,627  WARN [pool-223-thread-1] impl.MetricsSystemImpl: JobTracker metrics system already initialized!
2024-04-24T04:59:25,628  INFO [pool-223-thread-1] reduce.MergeManagerImpl: MergerManager: memoryLimit=1336252800, maxSingleShuffleLimit=334063200, mergeThreshold=881926912, ioSortFactor=10, memToMemMergeOutputsThreshold=10
2024-04-24T04:59:25,629  INFO [EventFetcher for fetching Map Completion Events] reduce.EventFetcher: attempt_local309561556_0051_r_000000_0 Thread started: EventFetcher for fetching Map Completion Events
2024-04-24T04:59:25,632  INFO [localfetcher#32] reduce.LocalFetcher: localfetcher#32 about to shuffle output of map attempt_local309561556_0051_m_000004_0 decomp: 172 len: 176 to MEMORY
2024-04-24T04:59:25,632  INFO [localfetcher#32] reduce.InMemoryMapOutput: Read 172 bytes from map-output for attempt_local309561556_0051_m_000004_0
2024-04-24T04:59:25,632  INFO [localfetcher#32] reduce.MergeManagerImpl: closeInMemoryFile -> map-output of size: 172, inMemoryMapOutputs.size() -> 1, commitMemory -> 0, usedMemory ->172
2024-04-24T04:59:25,634  INFO [localfetcher#32] reduce.LocalFetcher: localfetcher#32 about to shuffle output of map attempt_local309561556_0051_m_000002_0 decomp: 342 len: 346 to MEMORY
2024-04-24T04:59:25,634  INFO [localfetcher#32] reduce.InMemoryMapOutput: Read 342 bytes from map-output for attempt_local309561556_0051_m_000002_0
2024-04-24T04:59:25,634  INFO [localfetcher#32] reduce.MergeManagerImpl: closeInMemoryFile -> map-output of size: 342, inMemoryMapOutputs.size() -> 2, commitMemory -> 172, usedMemory ->514
2024-04-24T04:59:25,636  INFO [localfetcher#32] reduce.LocalFetcher: localfetcher#32 about to shuffle output of map attempt_local309561556_0051_m_000003_0 decomp: 151 len: 155 to MEMORY
2024-04-24T04:59:25,636  INFO [localfetcher#32] reduce.InMemoryMapOutput: Read 151 bytes from map-output for attempt_local309561556_0051_m_000003_0
2024-04-24T04:59:25,636  INFO [localfetcher#32] reduce.MergeManagerImpl: closeInMemoryFile -> map-output of size: 151, inMemoryMapOutputs.size() -> 3, commitMemory -> 514, usedMemory ->665
2024-04-24T04:59:25,638  INFO [localfetcher#32] reduce.LocalFetcher: localfetcher#32 about to shuffle output of map attempt_local309561556_0051_m_000000_0 decomp: 172 len: 176 to MEMORY
2024-04-24T04:59:25,638  INFO [localfetcher#32] reduce.InMemoryMapOutput: Read 172 bytes from map-output for attempt_local309561556_0051_m_000000_0
2024-04-24T04:59:25,638  INFO [localfetcher#32] reduce.MergeManagerImpl: closeInMemoryFile -> map-output of size: 172, inMemoryMapOutputs.size() -> 4, commitMemory -> 665, usedMemory ->837
2024-04-24T04:59:25,640  INFO [localfetcher#32] reduce.LocalFetcher: localfetcher#32 about to shuffle output of map attempt_local309561556_0051_m_000001_0 decomp: 300 len: 304 to MEMORY
2024-04-24T04:59:25,640  INFO [localfetcher#32] reduce.InMemoryMapOutput: Read 300 bytes from map-output for attempt_local309561556_0051_m_000001_0
2024-04-24T04:59:25,640  INFO [localfetcher#32] reduce.MergeManagerImpl: closeInMemoryFile -> map-output of size: 300, inMemoryMapOutputs.size() -> 5, commitMemory -> 837, usedMemory ->1137
2024-04-24T04:59:25,642  INFO [localfetcher#32] reduce.LocalFetcher: localfetcher#32 about to shuffle output of map attempt_local309561556_0051_m_000005_0 decomp: 300 len: 304 to MEMORY
2024-04-24T04:59:25,643  INFO [localfetcher#32] reduce.InMemoryMapOutput: Read 300 bytes from map-output for attempt_local309561556_0051_m_000005_0
2024-04-24T04:59:25,643  INFO [localfetcher#32] reduce.MergeManagerImpl: closeInMemoryFile -> map-output of size: 300, inMemoryMapOutputs.size() -> 6, commitMemory -> 1137, usedMemory ->1437
2024-04-24T04:59:25,645  INFO [localfetcher#32] reduce.LocalFetcher: localfetcher#32 about to shuffle output of map attempt_local309561556_0051_m_000006_0 decomp: 158 len: 162 to MEMORY
2024-04-24T04:59:25,645  INFO [localfetcher#32] reduce.InMemoryMapOutput: Read 158 bytes from map-output for attempt_local309561556_0051_m_000006_0
2024-04-24T04:59:25,645  INFO [localfetcher#32] reduce.MergeManagerImpl: closeInMemoryFile -> map-output of size: 158, inMemoryMapOutputs.size() -> 7, commitMemory -> 1437, usedMemory ->1595
2024-04-24T04:59:25,645  INFO [EventFetcher for fetching Map Completion Events] reduce.EventFetcher: EventFetcher is interrupted.. Returning
2024-04-24T04:59:25,645  INFO [pool-223-thread-1] mapred.LocalJobRunner: 7 / 7 copied.
2024-04-24T04:59:25,645  INFO [pool-223-thread-1] reduce.MergeManagerImpl: finalMerge called with 7 in-memory map-outputs and 0 on-disk map-outputs
2024-04-24T04:59:25,651  INFO [pool-223-thread-1] mapred.Merger: Merging 7 sorted segments
2024-04-24T04:59:25,651  INFO [pool-223-thread-1] mapred.Merger: Down to the last merge-pass, with 7 segments left of total size: 510 bytes
2024-04-24T04:59:25,654  INFO [pool-223-thread-1] reduce.MergeManagerImpl: Merged 7 segments, 1595 bytes to disk to satisfy reduce memory limit
2024-04-24T04:59:25,654  INFO [pool-223-thread-1] reduce.MergeManagerImpl: Merging 1 files, 1587 bytes from disk
2024-04-24T04:59:25,654  INFO [pool-223-thread-1] reduce.MergeManagerImpl: Merging 0 segments, 0 bytes from memory into reduce
2024-04-24T04:59:25,654  INFO [pool-223-thread-1] mapred.Merger: Merging 1 sorted segments
2024-04-24T04:59:25,654  INFO [pool-223-thread-1] mapred.Merger: Down to the last merge-pass, with 1 segments left of total size: 1438 bytes
2024-04-24T04:59:25,654  INFO [pool-223-thread-1] mapred.LocalJobRunner: 7 / 7 copied.
2024-04-24T04:59:25,655  INFO [pool-223-thread-1] exec.SerializationUtilities: Deserializing ReduceWork using kryo
2024-04-24T04:59:25,655  INFO [pool-223-thread-1] exec.Utilities: Deserialized plan (via FILE) - name: null size: 5,69KB
2024-04-24T04:59:25,656  INFO [pool-223-thread-1] ExecReducer: 
<SEL>Id =3
  <Children>
    <FS>Id =4
      <Children>
      <\Children>
      <Parent>Id = 3 null<\Parent>
    <\FS>
  <\Children>
  <Parent><\Parent>
<\SEL>
2024-04-24T04:59:25,656  INFO [pool-223-thread-1] exec.SelectOperator: Initializing Operator: SEL[3]
2024-04-24T04:59:25,656  INFO [pool-223-thread-1] exec.SelectOperator: SELECT struct<key:struct<reducesinkkey0:int,reducesinkkey1:int,reducesinkkey2:string>,value:struct<>>
2024-04-24T04:59:25,656  INFO [pool-223-thread-1] exec.FileSinkOperator: Initializing Operator: FS[4]
2024-04-24T04:59:25,656  INFO [pool-223-thread-1] exec.FileSinkOperator: Using serializer : class org.apache.hadoop.hive.serde2.lazy.LazySimpleSerDe [serdeParams=org.apache.hadoop.hive.serde2.lazy.LazySerDeParameters@13510783, cachedObjectInspector=org.apache.hadoop.hive.serde2.lazy.objectinspector.LazySimpleStructObjectInspector<org.apache.hadoop.hive.serde2.lazy.objectinspector.primitive.LazyIntObjectInspector@3e3b41cb,org.apache.hadoop.hive.serde2.lazy.objectinspector.primitive.LazyIntObjectInspector@3e3b41cb,org.apache.hadoop.hive.serde2.lazy.objectinspector.primitive.LazyStringObjectInspector@441a2d52>, serializedSize=0, stats=org.apache.hadoop.hive.serde2.SerDeStats@24566a9, lastOperationSerialize=false, lastOperationDeserialize=false [1, 2, 3, 4, 5, 6, 7, 8, 11, 14, 15, 16, 17, 18, 19, 20, 21, 22, 23, 24, 25, 26, 28, 29, 30, 31, -128, -127, -126, -125, -124, -123, -122, -121, -120, -119, -118, -117, -116, -115, -114, -113, -112, -111, -110, -109, -108, -107, -106, -105, -104, -103, -102, -101, -100, -99, -98, -97, -96, -95, -94, -93, -92, -91, -90, -89, -88, -87, -86, -85, -84, -83, -82, -81, -80, -79, -78, -77, -76, -75, -74, -73, -72, -71, -70, -69, -68, -67, -66, -65, -64, -63, -62, -61, -60, -59, -58, -57, -56, -55, -54, -53, -52, -51, -50, -49, -48, -47, -46, -45, -44, -43, -42, -41, -40, -39, -38, -37, -36, -35, -34, -33, -32, -31, -30, -29, -28, -27, -26, -25, -24, -23, -22, -21, -20, -19, -18, -17, -16, -15, -14, -13, -12, -11, -10, -9, -8, -7, -6, -5, -4, -3, -2, -1] : [_col0, _col1, _col2] : [int, int, string]] and formatter : org.apache.hadoop.hive.ql.io.HiveSequenceFileOutputFormat@3dd7f49c
2024-04-24T04:59:25,656  INFO [pool-223-thread-1] exec.FileSinkOperator: Final Path: FS file:/home/alex/Repositories/hive/ql/target/tmp/localscratchdir/cd0e0edb-3ea1-4a99-b6d6-ac39120d4b88/hive_2024-04-24_04-59-25_032_1853703193591868268-1/-mr-10001/.hive-staging_hive_2024-04-24_04-59-25_032_1853703193591868268-1/_tmp.-ext-10002/000000_0
2024-04-24T04:59:25,656  INFO [pool-223-thread-1] exec.FileSinkOperator: Writing to temp file: FS file:/home/alex/Repositories/hive/ql/target/tmp/localscratchdir/cd0e0edb-3ea1-4a99-b6d6-ac39120d4b88/hive_2024-04-24_04-59-25_032_1853703193591868268-1/-mr-10001/.hive-staging_hive_2024-04-24_04-59-25_032_1853703193591868268-1/_task_tmp.-ext-10002/_tmp.000000_0
2024-04-24T04:59:25,656  INFO [pool-223-thread-1] exec.FileSinkOperator: New Final Path: FS file:/home/alex/Repositories/hive/ql/target/tmp/localscratchdir/cd0e0edb-3ea1-4a99-b6d6-ac39120d4b88/hive_2024-04-24_04-59-25_032_1853703193591868268-1/-mr-10001/.hive-staging_hive_2024-04-24_04-59-25_032_1853703193591868268-1/_tmp.-ext-10002/000000_0
2024-04-24T04:59:25,663  INFO [pool-223-thread-1] exec.FileSinkOperator: FS[4]: records written - 1
2024-04-24T04:59:25,664  INFO [pool-223-thread-1] exec.FileSinkOperator: FS[4]: records written - 10
2024-04-24T04:59:25,664  INFO [pool-223-thread-1] exec.SelectOperator: Closing Operator: SEL[3]
2024-04-24T04:59:25,664  INFO [pool-223-thread-1] exec.SelectOperator: RECORDS_OUT_OPERATOR_SEL_3:10, RECORDS_OUT_INTERMEDIATE:0, 
2024-04-24T04:59:25,664  INFO [pool-223-thread-1] exec.FileSinkOperator: Closing Operator: FS[4]
2024-04-24T04:59:25,664  INFO [pool-223-thread-1] exec.FileSinkOperator: FS[4]: records written - 10
2024-04-24T04:59:25,664  INFO [pool-223-thread-1] exec.FileSinkOperator: RECORDS_OUT_OPERATOR_FS_4:10, RECORDS_OUT_0:10, RECORDS_OUT_INTERMEDIATE:0, 
2024-04-24T04:59:25,665  INFO [pool-223-thread-1] mapred.Task: Task:attempt_local309561556_0051_r_000000_0 is done. And is in the process of committing
2024-04-24T04:59:25,665  INFO [pool-223-thread-1] mapred.LocalJobRunner: reduce > reduce
2024-04-24T04:59:25,665  INFO [pool-223-thread-1] mapred.Task: Task 'attempt_local309561556_0051_r_000000_0' done.
2024-04-24T04:59:25,665  INFO [pool-223-thread-1] mapred.Task: Final Counters for attempt_local309561556_0051_r_000000_0: Counters: 29
	File System Counters
		FILE: Number of bytes read=1278554
		FILE: Number of bytes written=61348726
		FILE: Number of read operations=0
		FILE: Number of large read operations=0
		FILE: Number of write operations=0
	Map-Reduce Framework
		Combine input records=0
		Combine output records=0
		Reduce input groups=10
		Reduce shuffle bytes=1623
		Reduce input records=10
		Reduce output records=0
		Spilled Records=10
		Shuffled Maps =7
		Failed Shuffles=0
		Merged Map outputs=7
		GC time elapsed (ms)=0
		Total committed heap usage (bytes)=1196949504
	HIVE
		CREATED_FILES=1
		RECORDS_OUT_0=10
		RECORDS_OUT_INTERMEDIATE=0
		RECORDS_OUT_OPERATOR_FS_4=10
		RECORDS_OUT_OPERATOR_SEL_3=10
	Shuffle Errors
		BAD_ID=0
		CONNECTION=0
		IO_ERROR=0
		WRONG_LENGTH=0
		WRONG_MAP=0
		WRONG_REDUCE=0
	File Output Format Counters 
		Bytes Written=0
2024-04-24T04:59:25,665  INFO [pool-223-thread-1] mapred.LocalJobRunner: Finishing task: attempt_local309561556_0051_r_000000_0
2024-04-24T04:59:25,665  INFO [Thread-3274] mapred.LocalJobRunner: reduce task executor complete.
2024-04-24 04:59:26,455 Stage-1 map = 100%,  reduce = 100%
2024-04-24T04:59:26,455  INFO [main] exec.Task: 2024-04-24 04:59:26,455 Stage-1 map = 100%,  reduce = 100%
Ended Job = job_local309561556_0051
2024-04-24T04:59:26,456  INFO [main] exec.Task: Ended Job = job_local309561556_0051
2024-04-24T04:59:26,457  INFO [main] metadata.Hive: Dumping metastore api call timing information for : execution phase
2024-04-24T04:59:26,457  INFO [main] metadata.Hive: Total time spent in each metastore function (ms): {}
MapReduce Jobs Launched: 
2024-04-24T04:59:26,458  INFO [main] ql.Driver: MapReduce Jobs Launched: 
Stage-Stage-1:  HDFS Read: 0 HDFS Write: 0 SUCCESS
2024-04-24T04:59:26,458  INFO [main] ql.Driver: Stage-Stage-1:  HDFS Read: 0 HDFS Write: 0 SUCCESS
Total MapReduce CPU Time Spent: 0 msec
2024-04-24T04:59:26,458  INFO [main] ql.Driver: Total MapReduce CPU Time Spent: 0 msec
2024-04-24T04:59:26,458  INFO [main] ql.Driver: Completed executing command(queryId=alex_20240424045922_68109ac7-b9b0-4cd1-ab3d-b0079e648348); Time taken: 1.306 seconds
2024-04-24T04:59:26,458  INFO [main] lockmgr.DbTxnManager: Stopped heartbeat for query: alex_20240424045922_68109ac7-b9b0-4cd1-ab3d-b0079e648348
2024-04-24T04:59:26,461  INFO [main] txn.TxnHandler: Expected to move at least one record from txn_components to completed_txn_components when committing txn! txnid:20
2024-04-24T04:59:26,466  INFO [main] txn.TxnHandler: Removed transactions: ([20]) from MIN_HISTORY_LEVEL
2024-04-24T04:59:26,466  WARN [main] txn.CompactionTxnHandler: No compaction queue record found for Compaction type transaction commit. txnId:20
2024-04-24T04:59:26,470  INFO [main] mapred.FileInputFormat: Total input files to process : 1
2024-04-24T04:59:26,470  INFO [main] exec.ListSinkOperator: Closing Operator: LIST_SINK[5]
2024-04-24T04:59:26,471  INFO [main] exec.ListSinkOperator: RECORDS_OUT_OPERATOR_LIST_SINK_5:10, RECORDS_OUT_INTERMEDIATE:0, 
2024-04-24T04:59:26,471  WARN [main] ql.TestTxnNoBuckets: null: read data(before converting to acid (with multi level data layout)): 
2024-04-24T04:59:26,471  INFO [main] ql.TestTxnNoBuckets: 1	2	file:/home/alex/Repositories/hive/ql/target/tmp/org.apache.hadoop.hive.ql.TestTxnNoBuckets-1713959849960/warehouse/t/000002_0
2	4	file:/home/alex/Repositories/hive/ql/target/tmp/org.apache.hadoop.hive.ql.TestTxnNoBuckets-1713959849960/warehouse/t/000002_0
5	6	file:/home/alex/Repositories/hive/ql/target/tmp/org.apache.hadoop.hive.ql.TestTxnNoBuckets-1713959849960/warehouse/t/000000_0
6	8	file:/home/alex/Repositories/hive/ql/target/tmp/org.apache.hadoop.hive.ql.TestTxnNoBuckets-1713959849960/warehouse/t/000001_0
9	10	file:/home/alex/Repositories/hive/ql/target/tmp/org.apache.hadoop.hive.ql.TestTxnNoBuckets-1713959849960/warehouse/t/000000_0
10	20	file:/home/alex/Repositories/hive/ql/target/tmp/org.apache.hadoop.hive.ql.TestTxnNoBuckets-1713959849960/warehouse/t/HIVE_UNION_SUBDIR_15/000000_0
12	12	file:/home/alex/Repositories/hive/ql/target/tmp/org.apache.hadoop.hive.ql.TestTxnNoBuckets-1713959849960/warehouse/t/000000_0_copy_1
20	40	file:/home/alex/Repositories/hive/ql/target/tmp/org.apache.hadoop.hive.ql.TestTxnNoBuckets-1713959849960/warehouse/t/HIVE_UNION_SUBDIR_15/000000_0
50	60	file:/home/alex/Repositories/hive/ql/target/tmp/org.apache.hadoop.hive.ql.TestTxnNoBuckets-1713959849960/warehouse/t/HIVE_UNION_SUBDIR_16/000000_0
60	80	file:/home/alex/Repositories/hive/ql/target/tmp/org.apache.hadoop.hive.ql.TestTxnNoBuckets-1713959849960/warehouse/t/HIVE_UNION_SUBDIR_16/000001_0

2024-04-24T04:59:26,471  INFO [main] ql.TxnCommandsBaseForTests: Running the query: alter table T SET TBLPROPERTIES ('transactional'='true')
2024-04-24T04:59:26,471  INFO [main] ql.Context: Deleting scratch dir: file:/home/alex/Repositories/hive/ql/target/tmp/localscratchdir/cd0e0edb-3ea1-4a99-b6d6-ac39120d4b88/hive_2024-04-24_04-59-25_032_1853703193591868268-1
2024-04-24T04:59:26,472  INFO [main] cleanup.SyncCleanupService: Deleted directory: file:/home/alex/Repositories/hive/ql/target/tmp/localscratchdir/cd0e0edb-3ea1-4a99-b6d6-ac39120d4b88/hive_2024-04-24_04-59-25_032_1853703193591868268-1 on fs with scheme file
2024-04-24T04:59:26,472  INFO [main] ql.Driver: Compiling command(queryId=alex_20240424045922_68109ac7-b9b0-4cd1-ab3d-b0079e648348): alter table T SET TBLPROPERTIES ('transactional'='true')
2024-04-24T04:59:26,474  INFO [main] txn.TxnHandler: Added entries to MIN_HISTORY_LEVEL for current txns: ([21]) with min_open_txn: 21
2024-04-24T04:59:26,474  INFO [main] lockmgr.DbTxnManager: Opened txnid:21
2024-04-24T04:59:26,475  INFO [main] HiveMetaStore.audit: ugi=alex	ip=unknown-ip-addr	cmd=get_table : tbl=hive.default.T	
2024-04-24T04:59:26,483  INFO [main] metastore.HMSHandler: Skipping translation for processor with null
2024-04-24T04:59:26,483  INFO [main] HiveMetaStore.audit: ugi=alex	ip=unknown-ip-addr	cmd=get_table : tbl=hive.default.T	
2024-04-24T04:59:26,491  INFO [main] metastore.HMSHandler: Skipping translation for processor with null
2024-04-24T04:59:26,491  INFO [main] ql.Driver: Semantic Analysis Completed (retrial = false)
2024-04-24T04:59:26,492  INFO [main] ql.Driver: Created Hive schema: Schema(fieldSchemas:null, properties:null)
2024-04-24T04:59:26,492  INFO [main] metadata.Hive: Dumping metastore api call timing information for : compilation phase
2024-04-24T04:59:26,492  INFO [main] metadata.Hive: Total time spent in each metastore function (ms): {commitTxn_(CommitTxnRequest)=8, getValidTxns_(long)=1, isCompatibleWith_(Configuration)=0, getTable_(GetTableRequest)=16, flushCache_()=0, openTxn_(String, TxnType)=2}
2024-04-24T04:59:26,492  INFO [main] ql.Driver: Completed compiling command(queryId=alex_20240424045922_68109ac7-b9b0-4cd1-ab3d-b0079e648348); Time taken: 0.02 seconds
2024-04-24T04:59:26,492  INFO [main] lockmgr.DbTxnManager: Setting lock request transaction to txnid:21 for queryId=alex_20240424045922_68109ac7-b9b0-4cd1-ab3d-b0079e648348
2024-04-24T04:59:26,493  INFO [main] lockmgr.DbLockManager: Requesting lock for queryId=alex_20240424045922_68109ac7-b9b0-4cd1-ab3d-b0079e648348
2024-04-24T04:59:26,506  INFO [main] lockmgr.DbLockManager: Response to queryId=alex_20240424045922_68109ac7-b9b0-4cd1-ab3d-b0079e648348 LockResponse(lockid:15, state:ACQUIRED)
2024-04-24T04:59:26,506  INFO [main] ql.Driver: Operation ALTERTABLE_PROPERTIES obtained 1 locks
2024-04-24T04:59:26,506  INFO [main] ql.Driver: Executing command(queryId=alex_20240424045922_68109ac7-b9b0-4cd1-ab3d-b0079e648348): alter table T SET TBLPROPERTIES ('transactional'='true')
2024-04-24T04:59:26,506  INFO [main] ql.Driver: Starting task [Stage-0:DDL] in serial mode
2024-04-24T04:59:26,507  INFO [main] HiveMetaStore.audit: ugi=alex	ip=unknown-ip-addr	cmd=get_table : tbl=hive.default.T	
2024-04-24T04:59:26,517  INFO [main] metastore.HMSHandler: Skipping translation for processor with null
2024-04-24T04:59:26,520  INFO [main] HiveMetaStore.audit: ugi=alex	ip=unknown-ip-addr	cmd=alter_table: hive.default.T newtbl=t	
2024-04-24T04:59:26,573  INFO [main] metadata.Hive: Dumping metastore api call timing information for : execution phase
2024-04-24T04:59:26,574  INFO [main] metadata.Hive: Total time spent in each metastore function (ms): {getTable_(GetTableRequest)=11, alter_table_(String, String, String, Table, EnvironmentContext, String)=53, getValidWriteIds_(List, String)=2, isCompatibleWith_(Configuration)=0}
2024-04-24T04:59:26,574  INFO [main] ql.Driver: Completed executing command(queryId=alex_20240424045922_68109ac7-b9b0-4cd1-ab3d-b0079e648348); Time taken: 0.067 seconds
2024-04-24T04:59:26,574  INFO [main] lockmgr.DbTxnManager: Stopped heartbeat for query: alex_20240424045922_68109ac7-b9b0-4cd1-ab3d-b0079e648348
2024-04-24T04:59:26,577  INFO [main] txn.TxnHandler: Expected to move at least one record from txn_components to completed_txn_components when committing txn! txnid:21
2024-04-24T04:59:26,583  INFO [main] txn.TxnHandler: Removed transactions: ([21]) from MIN_HISTORY_LEVEL
2024-04-24T04:59:26,583  WARN [main] txn.CompactionTxnHandler: No compaction queue record found for Compaction type transaction commit. txnId:21
2024-04-24T04:59:26,583  INFO [main] ql.TxnCommandsBaseForTests: Running the query: select ROW__ID, a, b, INPUT__FILE__NAME from T order by a, b, INPUT__FILE__NAME
2024-04-24T04:59:26,583  INFO [main] ql.Driver: Compiling command(queryId=alex_20240424045922_68109ac7-b9b0-4cd1-ab3d-b0079e648348): select ROW__ID, a, b, INPUT__FILE__NAME from T order by a, b, INPUT__FILE__NAME
2024-04-24T04:59:26,586  INFO [main] txn.TxnHandler: Added entries to MIN_HISTORY_LEVEL for current txns: ([22]) with min_open_txn: 21
2024-04-24T04:59:26,586  INFO [main] lockmgr.DbTxnManager: Opened txnid:22
2024-04-24T04:59:26,587  INFO [main] parse.CalcitePlanner: Starting caching scope for: alex_20240424045922_68109ac7-b9b0-4cd1-ab3d-b0079e648348
2024-04-24T04:59:26,587  INFO [main] parse.CalcitePlanner: Starting Semantic Analysis
2024-04-24T04:59:26,589  INFO [main] parse.CalcitePlanner: Completed phase 1 of Semantic Analysis
2024-04-24T04:59:26,589  INFO [main] parse.CalcitePlanner: Get metadata for source tables
2024-04-24T04:59:26,591  INFO [main] HiveMetaStore.audit: ugi=alex	ip=unknown-ip-addr	cmd=get_table : tbl=hive.default.t	
2024-04-24T04:59:26,598  INFO [main] metastore.HMSHandler: Skipping translation for processor with null
2024-04-24T04:59:26,598  INFO [main] parse.CalcitePlanner: Get metadata for subqueries
2024-04-24T04:59:26,598  INFO [main] parse.CalcitePlanner: Get metadata for destination tables
2024-04-24T04:59:26,598  INFO [main] parse.CalcitePlanner: Completed getting MetaData in Semantic Analysis
2024-04-24T04:59:26,610  INFO [main] HiveMetaStore.audit: ugi=alex	ip=unknown-ip-addr	cmd=get_all_table_constraints : tbl=hive.default.t	
2024-04-24T04:59:26,636  INFO [main] calcite.RelOptHiveTable: Calculating column statistics for default.t, projIndxSet: [0, 1], allowMissingStats: true
2024-04-24T04:59:26,636  INFO [main] HiveMetaStore.audit: ugi=alex	ip=unknown-ip-addr	cmd=get_table_statistics_req: table=hive.default.t	
2024-04-24T04:59:26,648  WARN [main] calcite.RelOptHiveTable: No Stats for default@t, Columns: b, a
No Stats for default@t, Columns: b, a
2024-04-24T04:59:26,648  INFO [main] SessionState: No Stats for default@t, Columns: b, a
2024-04-24T04:59:26,699  INFO [main] parse.CalcitePlanner: Get metadata for source tables
2024-04-24T04:59:26,699  INFO [main] parse.CalcitePlanner: Get metadata for subqueries
2024-04-24T04:59:26,699  INFO [main] parse.CalcitePlanner: Get metadata for destination tables
2024-04-24T04:59:26,700  INFO [main] common.FileUtils: Creating directory if it doesn't exist: file:/home/alex/Repositories/hive/ql/target/tmp/localscratchdir/cd0e0edb-3ea1-4a99-b6d6-ac39120d4b88/hive_2024-04-24_04-59-26_583_1129979967468065710-1/-mr-10001/.hive-staging_hive_2024-04-24_04-59-26_583_1129979967468065710-1
2024-04-24T04:59:26,707  INFO [main] parse.CalcitePlanner: CBO Succeeded; optimized logical plan.
2024-04-24T04:59:26,710  INFO [main] optimizer.ColumnPrunerProcFactory: RS 2 oldColExprMap: {KEY.reducesinkkey1=Column[_col2], VALUE._col0=Column[_col0], KEY.reducesinkkey2=Column[_col3], KEY.reducesinkkey0=Column[_col1]}
2024-04-24T04:59:26,710  INFO [main] optimizer.ColumnPrunerProcFactory: RS 2 newColExprMap: {VALUE._col0=Column[_col0], KEY.reducesinkkey1=Column[_col2], KEY.reducesinkkey2=Column[_col3], KEY.reducesinkkey0=Column[_col1]}
2024-04-24T04:59:26,711  INFO [main] optimizer.BucketVersionPopulator: not considering bucketingVersion for: TS[0] because it has -1<2 buckets 
2024-04-24T04:59:26,711  INFO [main] optimizer.SortedDynPartitionOptimizer: Sorted dynamic partitioning optimization kicked in..
2024-04-24T04:59:26,720  INFO [main] physical.Vectorizer: Examining input format to see if vectorization is enabled.
2024-04-24T04:59:26,720  INFO [main] physical.Vectorizer: Vectorization is enabled for input format(s) [org.apache.hadoop.hive.ql.io.orc.OrcInputFormat]
2024-04-24T04:59:26,720  INFO [main] physical.Vectorizer: Validating and vectorizing MapWork... (vectorizedVertexNum 0)
2024-04-24T04:59:26,720  INFO [main] physical.Vectorizer: Map vectorization enabled: true
2024-04-24T04:59:26,720  INFO [main] physical.Vectorizer: Map vectorized: false
2024-04-24T04:59:26,720  INFO [main] physical.Vectorizer: Map notVectorizedReason: Select expression for SELECT operator: Virtual column INPUT__FILE__NAME is not supported
2024-04-24T04:59:26,720  INFO [main] physical.Vectorizer: Map vectorizedVertexNum: 0
2024-04-24T04:59:26,720  INFO [main] physical.Vectorizer: Map enabledConditionsMet: [hive.vectorized.use.vectorized.input.format IS true]
2024-04-24T04:59:26,720  INFO [main] physical.Vectorizer: Map inputFileFormatClassNameSet: [org.apache.hadoop.hive.ql.io.orc.OrcInputFormat]
2024-04-24T04:59:26,720  INFO [main] physical.Vectorizer: Reduce vectorization enabled: false
2024-04-24T04:59:26,720  INFO [main] physical.Vectorizer: Reduce vectorized: false
2024-04-24T04:59:26,720  INFO [main] physical.Vectorizer: Reduce vectorizedVertexNum: 1
2024-04-24T04:59:26,721  INFO [main] physical.Vectorizer: Reducer hive.vectorized.execution.reduce.enabled: true
2024-04-24T04:59:26,721  INFO [main] physical.Vectorizer: Reducer engine: mr
2024-04-24T04:59:26,721  INFO [main] parse.CalcitePlanner: Completed plan generation
2024-04-24T04:59:26,721  INFO [main] parse.CalcitePlanner: Ending caching scope for: alex_20240424045922_68109ac7-b9b0-4cd1-ab3d-b0079e648348
2024-04-24T04:59:26,721  INFO [main] ql.Driver: Semantic Analysis Completed (retrial = false)
2024-04-24T04:59:26,721  INFO [main] ql.Driver: Created Hive schema: Schema(fieldSchemas:[FieldSchema(name:row__id, type:struct<writeid:bigint,bucketid:int,rowid:bigint>, comment:null), FieldSchema(name:a, type:int, comment:null), FieldSchema(name:b, type:int, comment:null), FieldSchema(name:input__file__name, type:string, comment:null)], properties:null)
2024-04-24T04:59:26,722  INFO [main] exec.ListSinkOperator: Initializing Operator: LIST_SINK[5]
2024-04-24T04:59:26,722  INFO [main] metadata.Hive: Dumping metastore api call timing information for : compilation phase
2024-04-24T04:59:26,722  INFO [main] metadata.Hive: Total time spent in each metastore function (ms): {getTable_(GetTableRequest)=7, getTableColumnStatistics_(String, String, List, String)=11, getValidTxns_(long)=1, commitTxn_(CommitTxnRequest)=9, flushCache_()=0, getAllTableConstraints_(AllTableConstraintsRequest)=22, openTxn_(String, TxnType)=2, isCompatibleWith_(Configuration)=1, getValidWriteIds_(List, String)=4}
2024-04-24T04:59:26,722  INFO [main] ql.Driver: Completed compiling command(queryId=alex_20240424045922_68109ac7-b9b0-4cd1-ab3d-b0079e648348); Time taken: 0.139 seconds
2024-04-24T04:59:26,722  INFO [main] lockmgr.DbTxnManager: Setting lock request transaction to txnid:22 for queryId=alex_20240424045922_68109ac7-b9b0-4cd1-ab3d-b0079e648348
2024-04-24T04:59:26,723  INFO [main] lockmgr.DbLockManager: Requesting lock for queryId=alex_20240424045922_68109ac7-b9b0-4cd1-ab3d-b0079e648348
2024-04-24T04:59:26,738  INFO [main] lockmgr.DbLockManager: Response to queryId=alex_20240424045922_68109ac7-b9b0-4cd1-ab3d-b0079e648348 LockResponse(lockid:16, state:ACQUIRED)
2024-04-24T04:59:26,738  INFO [main] ql.Driver: Operation QUERY obtained 1 locks
2024-04-24T04:59:26,738  INFO [main] ql.Driver: Executing command(queryId=alex_20240424045922_68109ac7-b9b0-4cd1-ab3d-b0079e648348): select ROW__ID, a, b, INPUT__FILE__NAME from T order by a, b, INPUT__FILE__NAME
2024-04-24T04:59:26,739  WARN [main] ql.Driver: Hive-on-MR is deprecated in Hive 2 and may not be available in the future versions. Consider using a different execution engine (i.e. tez, spark) or using Hive 1.X releases.
Query ID = alex_20240424045922_68109ac7-b9b0-4cd1-ab3d-b0079e648348
2024-04-24T04:59:26,739  INFO [main] ql.Driver: Query ID = alex_20240424045922_68109ac7-b9b0-4cd1-ab3d-b0079e648348
Total jobs = 1
2024-04-24T04:59:26,739  INFO [main] ql.Driver: Total jobs = 1
Launching Job 1 out of 1
2024-04-24T04:59:26,739  INFO [main] ql.Driver: Launching Job 1 out of 1
2024-04-24T04:59:26,886  INFO [main] ql.Driver: Starting task [Stage-1:MAPRED] in serial mode
Number of reduce tasks determined at compile time: 1
2024-04-24T04:59:26,886  INFO [main] exec.Task: Number of reduce tasks determined at compile time: 1
In order to change the average load for a reducer (in bytes):
2024-04-24T04:59:26,886  INFO [main] exec.Task: In order to change the average load for a reducer (in bytes):
  set hive.exec.reducers.bytes.per.reducer=<number>
2024-04-24T04:59:26,886  INFO [main] exec.Task:   set hive.exec.reducers.bytes.per.reducer=<number>
In order to limit the maximum number of reducers:
2024-04-24T04:59:26,886  INFO [main] exec.Task: In order to limit the maximum number of reducers:
  set hive.exec.reducers.max=<number>
2024-04-24T04:59:26,886  INFO [main] exec.Task:   set hive.exec.reducers.max=<number>
In order to set a constant number of reducers:
2024-04-24T04:59:26,886  INFO [main] exec.Task: In order to set a constant number of reducers:
  set mapreduce.job.reduces=<number>
2024-04-24T04:59:26,886  INFO [main] exec.Task:   set mapreduce.job.reduces=<number>
2024-04-24T04:59:26,888  INFO [main] mr.ExecDriver: Using org.apache.hadoop.hive.ql.io.HiveInputFormat
2024-04-24T04:59:26,889  INFO [main] exec.Utilities: Processing alias t
2024-04-24T04:59:26,889  INFO [main] exec.Utilities: Adding 1 inputs; the first input is file:/home/alex/Repositories/hive/ql/target/tmp/org.apache.hadoop.hive.ql.TestTxnNoBuckets-1713959849960/warehouse/t
2024-04-24T04:59:26,897  INFO [main] exec.SerializationUtilities: Serializing MapWork using kryo
2024-04-24T04:59:26,898  INFO [main] exec.Utilities: Serialized plan (via FILE) - name: null size: 5,17KB
2024-04-24T04:59:26,903  INFO [main] exec.SerializationUtilities: Serializing ReduceWork using kryo
2024-04-24T04:59:26,903  INFO [main] exec.Utilities: Serialized plan (via FILE) - name: null size: 6,14KB
2024-04-24T04:59:26,904  WARN [main] impl.MetricsSystemImpl: JobTracker metrics system already initialized!
2024-04-24T04:59:26,910  WARN [main] impl.MetricsSystemImpl: JobTracker metrics system already initialized!
2024-04-24T04:59:26,916  WARN [main] mapreduce.JobResourceUploader: Hadoop command-line option parsing not performed. Implement the Tool interface and execute your application with ToolRunner to remedy this.
2024-04-24T04:59:26,921  WARN [main] mapreduce.JobResourceUploader: No job jar file set.  User classes may not be found. See Job or Job#setJar(String).
2024-04-24T04:59:26,922  INFO [main] io.HiveInputFormat: hive.io.file.readcolumn.ids = 0,1
2024-04-24T04:59:26,922  INFO [main] io.HiveInputFormat: hive.io.file.readcolumn.names = a,b
2024-04-24T04:59:26,922  INFO [main] io.HiveInputFormat: Generating splits for dirs: file:/home/alex/Repositories/hive/ql/target/tmp/org.apache.hadoop.hive.ql.TestTxnNoBuckets-1713959849960/warehouse/t
2024-04-24T04:59:26,922  INFO [main] orc.OrcInputFormat: getSplits started
2024-04-24T04:59:26,922  INFO [main] orc.OrcInputFormat: Context:: isAcid: true isVectorMode: false sarg: null minSplitSize: 1 maxSplitSize: 256000000 splitStrategy: HYBRID footerInSplits: false numBuckets: 0 numThreads: 10 cacheMemSize: 268435456 cacheStripeDetails: true useSoftReference: false writeIdList: default.t:10000000:9223372036854775807:: isTransactionalTable: true txnProperties: default 
2024-04-24T04:59:26,922  INFO [main] orc.OrcInputFormat: ORC pushdown predicate: null
2024-04-24T04:59:26,946  INFO [main] orc.OrcInputFormat: FooterCacheHitRatio: 0/7
2024-04-24T04:59:26,946  INFO [main] orc.OrcInputFormat: getSplits finished (#splits: 7). duration: 24 ms
2024-04-24T04:59:26,946  INFO [main] io.HiveInputFormat: number of splits 7
2024-04-24T04:59:26,962  INFO [main] mapreduce.JobSubmitter: number of splits:7
2024-04-24T04:59:26,980  INFO [main] mapreduce.JobSubmitter: Submitting tokens for job: job_local1849587386_0052
2024-04-24T04:59:26,980  INFO [main] mapreduce.JobSubmitter: Executing with tokens: []
2024-04-24T04:59:27,038  INFO [main] mapreduce.Job: The url to track the job: http://localhost:8080/
Job running in-process (local Hadoop)
2024-04-24T04:59:27,038  INFO [main] exec.Task: Job running in-process (local Hadoop)
2024-04-24T04:59:27,038  INFO [Thread-3365] mapred.LocalJobRunner: OutputCommitter set in config org.apache.hadoop.hive.ql.io.HiveFileFormatUtils$NullOutputCommitter
2024-04-24T04:59:27,038  INFO [Thread-3365] mapred.LocalJobRunner: OutputCommitter is org.apache.hadoop.hive.ql.io.HiveFileFormatUtils$NullOutputCommitter
2024-04-24T04:59:27,041  INFO [Thread-3365] mapred.LocalJobRunner: Waiting for map tasks
2024-04-24T04:59:27,042  INFO [LocalJobRunner Map Task Executor #0] mapred.LocalJobRunner: Starting task: attempt_local1849587386_0052_m_000000_0
2024-04-24T04:59:27,042  INFO [LocalJobRunner Map Task Executor #0] mapred.Task:  Using ResourceCalculatorProcessTree : [ ]
2024-04-24T04:59:27,043  INFO [LocalJobRunner Map Task Executor #0] mapred.MapTask: Processing split: org.apache.hadoop.hive.ql.io.orc.OrcInputFormat:OrcSplit [file:/home/alex/Repositories/hive/ql/target/tmp/org.apache.hadoop.hive.ql.TestTxnNoBuckets-1713959849960/warehouse/t/HIVE_UNION_SUBDIR_16/000001_0, start=0, length=274, isOriginal=true, fileLength=274, hasFooter=false, hasBase=true, deltas=0]
2024-04-24T04:59:27,043  INFO [LocalJobRunner Map Task Executor #0] exec.SerializationUtilities: Deserializing MapWork using kryo
2024-04-24T04:59:27,043  INFO [LocalJobRunner Map Task Executor #0] exec.Utilities: Deserialized plan (via FILE) - name: null size: 5,17KB
2024-04-24T04:59:27,044  INFO [LocalJobRunner Map Task Executor #0] orc.OrcRawRecordMerger: min key = null, max key = null
2024-04-24T04:59:27,044  INFO [LocalJobRunner Map Task Executor #0] orc.ReaderImpl: Reading ORC rows from file:/home/alex/Repositories/hive/ql/target/tmp/org.apache.hadoop.hive.ql.TestTxnNoBuckets-1713959849960/warehouse/t/HIVE_UNION_SUBDIR_16/000001_0 with {include: [true, true, true], offset: 0, length: 274, schema: struct<a:int,b:int>, includeAcidColumns: true}
2024-04-24T04:59:27,069  INFO [LocalJobRunner Map Task Executor #0] orc.OrcRawRecordMerger: updated min key = null, max key = null
2024-04-24T04:59:27,069  INFO [LocalJobRunner Map Task Executor #0] mapred.MapTask: numReduceTasks: 1
2024-04-24T04:59:27,073  INFO [LocalJobRunner Map Task Executor #0] mapred.MapTask: (EQUATOR) 0 kvi 26214396(104857584)
2024-04-24T04:59:27,073  INFO [LocalJobRunner Map Task Executor #0] mapred.MapTask: mapreduce.task.io.sort.mb: 100
2024-04-24T04:59:27,073  INFO [LocalJobRunner Map Task Executor #0] mapred.MapTask: soft limit at 83886080
2024-04-24T04:59:27,073  INFO [LocalJobRunner Map Task Executor #0] mapred.MapTask: bufstart = 0; bufvoid = 104857600
2024-04-24T04:59:27,073  INFO [LocalJobRunner Map Task Executor #0] mapred.MapTask: kvstart = 26214396; length = 6553600
2024-04-24T04:59:27,073  INFO [LocalJobRunner Map Task Executor #0] mapred.MapTask: Map output collector class = org.apache.hadoop.mapred.MapTask$MapOutputBuffer
2024-04-24T04:59:27,074  INFO [LocalJobRunner Map Task Executor #0] exec.MapOperator: Initializing Operator: MAP[0]
2024-04-24T04:59:27,075  INFO [LocalJobRunner Map Task Executor #0] mr.ExecMapper: 
<MAP>Id =0
  <Children>null
  <\Children>
  <Parent><\Parent>
<\MAP>
2024-04-24T04:59:27,075  INFO [LocalJobRunner Map Task Executor #0] exec.TableScanOperator: Initializing Operator: TS[0]
2024-04-24T04:59:27,076  INFO [LocalJobRunner Map Task Executor #0] exec.SelectOperator: Initializing Operator: SEL[1]
2024-04-24T04:59:27,076  INFO [LocalJobRunner Map Task Executor #0] exec.SelectOperator: SELECT struct<a:int,b:int,row__id:struct<writeid:bigint,bucketid:int,rowid:bigint>,input__file__name:string>
2024-04-24T04:59:27,076  INFO [LocalJobRunner Map Task Executor #0] exec.ReduceSinkOperator: Initializing Operator: RS[2]
2024-04-24T04:59:27,076  INFO [LocalJobRunner Map Task Executor #0] exec.ReduceSinkOperator: Using tag = -1
2024-04-24T04:59:27,076  INFO [LocalJobRunner Map Task Executor #0] exec.ReduceSinkOperator: keys are [reducesinkkey0, reducesinkkey1, reducesinkkey2] num distributions: 3
2024-04-24T04:59:27,076  INFO [LocalJobRunner Map Task Executor #0] exec.ReduceSinkOperator: RS[2]: records written - 1
2024-04-24T04:59:27,076  INFO [LocalJobRunner Map Task Executor #0] exec.MapOperator: MAP[0]: records read - 1
2024-04-24T04:59:27,076  INFO [LocalJobRunner Map Task Executor #0] exec.MapOperator: Closing Operator: MAP[0]
2024-04-24T04:59:27,076  INFO [LocalJobRunner Map Task Executor #0] exec.MapOperator: MAP[0]: Total records read - 1. abort - false
2024-04-24T04:59:27,076  INFO [LocalJobRunner Map Task Executor #0] exec.MapOperator: RECORDS_OUT_OPERATOR_MAP_0:0, RECORDS_OUT_INTERMEDIATE:0, RECORDS_IN:1, DESERIALIZE_ERRORS:0, 
2024-04-24T04:59:27,076  INFO [LocalJobRunner Map Task Executor #0] exec.TableScanOperator: Closing Operator: TS[0]
2024-04-24T04:59:27,076  INFO [LocalJobRunner Map Task Executor #0] exec.TableScanOperator: RECORDS_OUT_OPERATOR_TS_0:1, RECORDS_OUT_INTERMEDIATE:0, 
2024-04-24T04:59:27,076  INFO [LocalJobRunner Map Task Executor #0] exec.SelectOperator: Closing Operator: SEL[1]
2024-04-24T04:59:27,076  INFO [LocalJobRunner Map Task Executor #0] exec.SelectOperator: RECORDS_OUT_OPERATOR_SEL_1:1, RECORDS_OUT_INTERMEDIATE:0, 
2024-04-24T04:59:27,076  INFO [LocalJobRunner Map Task Executor #0] exec.ReduceSinkOperator: Closing Operator: RS[2]
2024-04-24T04:59:27,076  INFO [LocalJobRunner Map Task Executor #0] exec.ReduceSinkOperator: RS[2]: Total records written - 1. abort - false
2024-04-24T04:59:27,076  INFO [LocalJobRunner Map Task Executor #0] exec.ReduceSinkOperator: RECORDS_OUT_INTERMEDIATE:1, RECORDS_OUT_OPERATOR_RS_2:1, 
2024-04-24T04:59:27,077  INFO [LocalJobRunner Map Task Executor #0] mapred.LocalJobRunner: 
2024-04-24T04:59:27,077  INFO [LocalJobRunner Map Task Executor #0] mapred.MapTask: Starting flush of map output
2024-04-24T04:59:27,077  INFO [LocalJobRunner Map Task Executor #0] mapred.MapTask: Spilling map output
2024-04-24T04:59:27,077  INFO [LocalJobRunner Map Task Executor #0] mapred.MapTask: bufstart = 0; bufend = 180; bufvoid = 104857600
2024-04-24T04:59:27,077  INFO [LocalJobRunner Map Task Executor #0] mapred.MapTask: kvstart = 26214396(104857584); kvend = 26214396(104857584); length = 1/6553600
2024-04-24T04:59:27,087  INFO [LocalJobRunner Map Task Executor #0] mapred.MapTask: Finished spill 0
2024-04-24T04:59:27,089  INFO [LocalJobRunner Map Task Executor #0] mapred.Task: Task:attempt_local1849587386_0052_m_000000_0 is done. And is in the process of committing
2024-04-24T04:59:27,090  INFO [LocalJobRunner Map Task Executor #0] mapred.LocalJobRunner: OrcSplit [file:/home/alex/Repositories/hive/ql/target/tmp/org.apache.hadoop.hive.ql.TestTxnNoBuckets-1713959849960/warehouse/t/HIVE_UNION_SUBDIR_16/000001_0, start=0, length=274, isOriginal=true, fileLength=274, hasFooter=false, hasBase=true, deltas=0]
2024-04-24T04:59:27,090  INFO [LocalJobRunner Map Task Executor #0] mapred.Task: Task 'attempt_local1849587386_0052_m_000000_0' done.
2024-04-24T04:59:27,090  INFO [LocalJobRunner Map Task Executor #0] mapred.Task: Final Counters for attempt_local1849587386_0052_m_000000_0: Counters: 24
	File System Counters
		FILE: Number of bytes read=1290269
		FILE: Number of bytes written=62557178
		FILE: Number of read operations=0
		FILE: Number of large read operations=0
		FILE: Number of write operations=0
	Map-Reduce Framework
		Map input records=1
		Map output records=1
		Map output bytes=180
		Map output materialized bytes=189
		Input split bytes=473
		Combine input records=0
		Spilled Records=1
		Failed Shuffles=0
		Merged Map outputs=0
		GC time elapsed (ms)=0
		Total committed heap usage (bytes)=1196949504
	HIVE
		DESERIALIZE_ERRORS=0
		RECORDS_IN=1
		RECORDS_OUT_INTERMEDIATE=1
		RECORDS_OUT_OPERATOR_MAP_0=0
		RECORDS_OUT_OPERATOR_RS_2=1
		RECORDS_OUT_OPERATOR_SEL_1=1
		RECORDS_OUT_OPERATOR_TS_0=1
	File Input Format Counters 
		Bytes Read=6663
2024-04-24T04:59:27,090  INFO [LocalJobRunner Map Task Executor #0] mapred.LocalJobRunner: Finishing task: attempt_local1849587386_0052_m_000000_0
2024-04-24T04:59:27,090  INFO [LocalJobRunner Map Task Executor #0] mapred.LocalJobRunner: Starting task: attempt_local1849587386_0052_m_000001_0
2024-04-24T04:59:27,090  INFO [LocalJobRunner Map Task Executor #0] mapred.Task:  Using ResourceCalculatorProcessTree : [ ]
2024-04-24T04:59:27,091  INFO [LocalJobRunner Map Task Executor #0] mapred.MapTask: Processing split: org.apache.hadoop.hive.ql.io.orc.OrcInputFormat:OrcSplit [file:/home/alex/Repositories/hive/ql/target/tmp/org.apache.hadoop.hive.ql.TestTxnNoBuckets-1713959849960/warehouse/t/000000_0, start=0, length=256, isOriginal=true, fileLength=256, hasFooter=false, hasBase=true, deltas=0]
2024-04-24T04:59:27,091  INFO [LocalJobRunner Map Task Executor #0] exec.SerializationUtilities: Deserializing MapWork using kryo
2024-04-24T04:59:27,091  INFO [LocalJobRunner Map Task Executor #0] exec.Utilities: Deserialized plan (via FILE) - name: null size: 5,17KB
2024-04-24T04:59:27,092  INFO [LocalJobRunner Map Task Executor #0] orc.OrcRawRecordMerger: min key = null, max key = null
2024-04-24T04:59:27,092  INFO [LocalJobRunner Map Task Executor #0] orc.ReaderImpl: Reading ORC rows from file:/home/alex/Repositories/hive/ql/target/tmp/org.apache.hadoop.hive.ql.TestTxnNoBuckets-1713959849960/warehouse/t/000000_0 with {include: [true, true, true], offset: 0, length: 256, schema: struct<a:int,b:int>, includeAcidColumns: true}
2024-04-24T04:59:27,115  INFO [LocalJobRunner Map Task Executor #0] orc.OrcRawRecordMerger: updated min key = null, max key = null
2024-04-24T04:59:27,116  INFO [LocalJobRunner Map Task Executor #0] mapred.MapTask: numReduceTasks: 1
2024-04-24T04:59:27,120  INFO [LocalJobRunner Map Task Executor #0] mapred.MapTask: (EQUATOR) 0 kvi 26214396(104857584)
2024-04-24T04:59:27,120  INFO [LocalJobRunner Map Task Executor #0] mapred.MapTask: mapreduce.task.io.sort.mb: 100
2024-04-24T04:59:27,120  INFO [LocalJobRunner Map Task Executor #0] mapred.MapTask: soft limit at 83886080
2024-04-24T04:59:27,120  INFO [LocalJobRunner Map Task Executor #0] mapred.MapTask: bufstart = 0; bufvoid = 104857600
2024-04-24T04:59:27,120  INFO [LocalJobRunner Map Task Executor #0] mapred.MapTask: kvstart = 26214396; length = 6553600
2024-04-24T04:59:27,120  INFO [LocalJobRunner Map Task Executor #0] mapred.MapTask: Map output collector class = org.apache.hadoop.mapred.MapTask$MapOutputBuffer
2024-04-24T04:59:27,121  INFO [LocalJobRunner Map Task Executor #0] exec.MapOperator: Initializing Operator: MAP[0]
2024-04-24T04:59:27,122  INFO [LocalJobRunner Map Task Executor #0] mr.ExecMapper: 
<MAP>Id =0
  <Children>null
  <\Children>
  <Parent><\Parent>
<\MAP>
2024-04-24T04:59:27,122  INFO [LocalJobRunner Map Task Executor #0] exec.TableScanOperator: Initializing Operator: TS[0]
2024-04-24T04:59:27,122  INFO [LocalJobRunner Map Task Executor #0] exec.SelectOperator: Initializing Operator: SEL[1]
2024-04-24T04:59:27,122  INFO [LocalJobRunner Map Task Executor #0] exec.SelectOperator: SELECT struct<a:int,b:int,row__id:struct<writeid:bigint,bucketid:int,rowid:bigint>,input__file__name:string>
2024-04-24T04:59:27,122  INFO [LocalJobRunner Map Task Executor #0] exec.ReduceSinkOperator: Initializing Operator: RS[2]
2024-04-24T04:59:27,122  INFO [LocalJobRunner Map Task Executor #0] exec.ReduceSinkOperator: Using tag = -1
2024-04-24T04:59:27,123  INFO [LocalJobRunner Map Task Executor #0] exec.ReduceSinkOperator: keys are [reducesinkkey0, reducesinkkey1, reducesinkkey2] num distributions: 3
2024-04-24T04:59:27,123  INFO [LocalJobRunner Map Task Executor #0] exec.ReduceSinkOperator: RS[2]: records written - 1
2024-04-24T04:59:27,123  INFO [LocalJobRunner Map Task Executor #0] exec.MapOperator: MAP[0]: records read - 1
2024-04-24T04:59:27,123  INFO [LocalJobRunner Map Task Executor #0] exec.MapOperator: Closing Operator: MAP[0]
2024-04-24T04:59:27,123  INFO [LocalJobRunner Map Task Executor #0] exec.MapOperator: MAP[0]: Total records read - 2. abort - false
2024-04-24T04:59:27,123  INFO [LocalJobRunner Map Task Executor #0] exec.MapOperator: DESERIALIZE_ERRORS:0, RECORDS_OUT_OPERATOR_MAP_0:0, RECORDS_IN:2, RECORDS_OUT_INTERMEDIATE:0, 
2024-04-24T04:59:27,123  INFO [LocalJobRunner Map Task Executor #0] exec.TableScanOperator: Closing Operator: TS[0]
2024-04-24T04:59:27,123  INFO [LocalJobRunner Map Task Executor #0] exec.TableScanOperator: RECORDS_OUT_OPERATOR_TS_0:2, RECORDS_OUT_INTERMEDIATE:0, 
2024-04-24T04:59:27,123  INFO [LocalJobRunner Map Task Executor #0] exec.SelectOperator: Closing Operator: SEL[1]
2024-04-24T04:59:27,124  INFO [LocalJobRunner Map Task Executor #0] exec.SelectOperator: RECORDS_OUT_INTERMEDIATE:0, RECORDS_OUT_OPERATOR_SEL_1:2, 
2024-04-24T04:59:27,124  INFO [LocalJobRunner Map Task Executor #0] exec.ReduceSinkOperator: Closing Operator: RS[2]
2024-04-24T04:59:27,124  INFO [LocalJobRunner Map Task Executor #0] exec.ReduceSinkOperator: RS[2]: Total records written - 2. abort - false
2024-04-24T04:59:27,124  INFO [LocalJobRunner Map Task Executor #0] exec.ReduceSinkOperator: RECORDS_OUT_OPERATOR_RS_2:2, RECORDS_OUT_INTERMEDIATE:2, 
2024-04-24T04:59:27,124  INFO [LocalJobRunner Map Task Executor #0] mapred.LocalJobRunner: 
2024-04-24T04:59:27,124  INFO [LocalJobRunner Map Task Executor #0] mapred.MapTask: Starting flush of map output
2024-04-24T04:59:27,124  INFO [LocalJobRunner Map Task Executor #0] mapred.MapTask: Spilling map output
2024-04-24T04:59:27,124  INFO [LocalJobRunner Map Task Executor #0] mapred.MapTask: bufstart = 0; bufend = 318; bufvoid = 104857600
2024-04-24T04:59:27,124  INFO [LocalJobRunner Map Task Executor #0] mapred.MapTask: kvstart = 26214396(104857584); kvend = 26214392(104857568); length = 5/6553600
2024-04-24T04:59:27,138  INFO [LocalJobRunner Map Task Executor #0] mapred.MapTask: Finished spill 0
2024-04-24T04:59:27,146  INFO [LocalJobRunner Map Task Executor #0] mapred.Task: Task:attempt_local1849587386_0052_m_000001_0 is done. And is in the process of committing
2024-04-24T04:59:27,148  INFO [LocalJobRunner Map Task Executor #0] mapred.LocalJobRunner: OrcSplit [file:/home/alex/Repositories/hive/ql/target/tmp/org.apache.hadoop.hive.ql.TestTxnNoBuckets-1713959849960/warehouse/t/000000_0, start=0, length=256, isOriginal=true, fileLength=256, hasFooter=false, hasBase=true, deltas=0]
2024-04-24T04:59:27,148  INFO [LocalJobRunner Map Task Executor #0] mapred.Task: Task 'attempt_local1849587386_0052_m_000001_0' done.
2024-04-24T04:59:27,148  INFO [LocalJobRunner Map Task Executor #0] mapred.Task: Final Counters for attempt_local1849587386_0052_m_000001_0: Counters: 24
	File System Counters
		FILE: Number of bytes read=1299856
		FILE: Number of bytes written=62557540
		FILE: Number of read operations=0
		FILE: Number of large read operations=0
		FILE: Number of write operations=0
	Map-Reduce Framework
		Map input records=2
		Map output records=2
		Map output bytes=318
		Map output materialized bytes=330
		Input split bytes=451
		Combine input records=0
		Spilled Records=2
		Failed Shuffles=0
		Merged Map outputs=0
		GC time elapsed (ms)=0
		Total committed heap usage (bytes)=1196949504
	HIVE
		DESERIALIZE_ERRORS=0
		RECORDS_IN=2
		RECORDS_OUT_INTERMEDIATE=2
		RECORDS_OUT_OPERATOR_MAP_0=0
		RECORDS_OUT_OPERATOR_RS_2=2
		RECORDS_OUT_OPERATOR_SEL_1=2
		RECORDS_OUT_OPERATOR_TS_0=2
	File Input Format Counters 
		Bytes Read=6313
2024-04-24T04:59:27,148  INFO [LocalJobRunner Map Task Executor #0] mapred.LocalJobRunner: Finishing task: attempt_local1849587386_0052_m_000001_0
2024-04-24T04:59:27,148  INFO [LocalJobRunner Map Task Executor #0] mapred.LocalJobRunner: Starting task: attempt_local1849587386_0052_m_000002_0
2024-04-24T04:59:27,150  INFO [LocalJobRunner Map Task Executor #0] mapred.Task:  Using ResourceCalculatorProcessTree : [ ]
2024-04-24T04:59:27,151  INFO [LocalJobRunner Map Task Executor #0] mapred.MapTask: Processing split: org.apache.hadoop.hive.ql.io.orc.OrcInputFormat:OrcSplit [file:/home/alex/Repositories/hive/ql/target/tmp/org.apache.hadoop.hive.ql.TestTxnNoBuckets-1713959849960/warehouse/t/HIVE_UNION_SUBDIR_15/000000_0, start=0, length=256, isOriginal=true, fileLength=256, hasFooter=false, hasBase=true, deltas=0]
2024-04-24T04:59:27,152  INFO [LocalJobRunner Map Task Executor #0] exec.SerializationUtilities: Deserializing MapWork using kryo
2024-04-24T04:59:27,153  INFO [LocalJobRunner Map Task Executor #0] exec.Utilities: Deserialized plan (via FILE) - name: null size: 5,17KB
2024-04-24T04:59:27,155  INFO [LocalJobRunner Map Task Executor #0] orc.OrcRawRecordMerger: min key = null, max key = null
2024-04-24T04:59:27,155  INFO [LocalJobRunner Map Task Executor #0] orc.ReaderImpl: Reading ORC rows from file:/home/alex/Repositories/hive/ql/target/tmp/org.apache.hadoop.hive.ql.TestTxnNoBuckets-1713959849960/warehouse/t/HIVE_UNION_SUBDIR_15/000000_0 with {include: [true, true, true], offset: 0, length: 256, schema: struct<a:int,b:int>, includeAcidColumns: true}
2024-04-24T04:59:27,212  INFO [LocalJobRunner Map Task Executor #0] orc.OrcRawRecordMerger: updated min key = null, max key = null
2024-04-24T04:59:27,212  INFO [LocalJobRunner Map Task Executor #0] mapred.MapTask: numReduceTasks: 1
2024-04-24T04:59:27,234  INFO [LocalJobRunner Map Task Executor #0] mapred.MapTask: (EQUATOR) 0 kvi 26214396(104857584)
2024-04-24T04:59:27,234  INFO [LocalJobRunner Map Task Executor #0] mapred.MapTask: mapreduce.task.io.sort.mb: 100
2024-04-24T04:59:27,234  INFO [LocalJobRunner Map Task Executor #0] mapred.MapTask: soft limit at 83886080
2024-04-24T04:59:27,234  INFO [LocalJobRunner Map Task Executor #0] mapred.MapTask: bufstart = 0; bufvoid = 104857600
2024-04-24T04:59:27,234  INFO [LocalJobRunner Map Task Executor #0] mapred.MapTask: kvstart = 26214396; length = 6553600
2024-04-24T04:59:27,235  INFO [LocalJobRunner Map Task Executor #0] mapred.MapTask: Map output collector class = org.apache.hadoop.mapred.MapTask$MapOutputBuffer
2024-04-24T04:59:27,235  INFO [LocalJobRunner Map Task Executor #0] exec.MapOperator: Initializing Operator: MAP[0]
2024-04-24T04:59:27,238  INFO [LocalJobRunner Map Task Executor #0] mr.ExecMapper: 
<MAP>Id =0
  <Children>null
  <\Children>
  <Parent><\Parent>
<\MAP>
2024-04-24T04:59:27,239  INFO [LocalJobRunner Map Task Executor #0] exec.TableScanOperator: Initializing Operator: TS[0]
2024-04-24T04:59:27,239  INFO [LocalJobRunner Map Task Executor #0] exec.SelectOperator: Initializing Operator: SEL[1]
2024-04-24T04:59:27,239  INFO [LocalJobRunner Map Task Executor #0] exec.SelectOperator: SELECT struct<a:int,b:int,row__id:struct<writeid:bigint,bucketid:int,rowid:bigint>,input__file__name:string>
2024-04-24T04:59:27,239  INFO [LocalJobRunner Map Task Executor #0] exec.ReduceSinkOperator: Initializing Operator: RS[2]
2024-04-24T04:59:27,239  INFO [LocalJobRunner Map Task Executor #0] exec.ReduceSinkOperator: Using tag = -1
2024-04-24T04:59:27,240  INFO [LocalJobRunner Map Task Executor #0] exec.ReduceSinkOperator: keys are [reducesinkkey0, reducesinkkey1, reducesinkkey2] num distributions: 3
2024-04-24T04:59:27,240  INFO [LocalJobRunner Map Task Executor #0] exec.ReduceSinkOperator: RS[2]: records written - 1
2024-04-24T04:59:27,240  INFO [LocalJobRunner Map Task Executor #0] exec.MapOperator: MAP[0]: records read - 1
2024-04-24T04:59:27,240  INFO [LocalJobRunner Map Task Executor #0] exec.MapOperator: Closing Operator: MAP[0]
2024-04-24T04:59:27,240  INFO [LocalJobRunner Map Task Executor #0] exec.MapOperator: MAP[0]: Total records read - 2. abort - false
2024-04-24T04:59:27,240  INFO [LocalJobRunner Map Task Executor #0] exec.MapOperator: RECORDS_IN:2, DESERIALIZE_ERRORS:0, RECORDS_OUT_INTERMEDIATE:0, RECORDS_OUT_OPERATOR_MAP_0:0, 
2024-04-24T04:59:27,240  INFO [LocalJobRunner Map Task Executor #0] exec.TableScanOperator: Closing Operator: TS[0]
2024-04-24T04:59:27,240  INFO [LocalJobRunner Map Task Executor #0] exec.TableScanOperator: RECORDS_OUT_OPERATOR_TS_0:2, RECORDS_OUT_INTERMEDIATE:0, 
2024-04-24T04:59:27,240  INFO [LocalJobRunner Map Task Executor #0] exec.SelectOperator: Closing Operator: SEL[1]
2024-04-24T04:59:27,240  INFO [LocalJobRunner Map Task Executor #0] exec.SelectOperator: RECORDS_OUT_INTERMEDIATE:0, RECORDS_OUT_OPERATOR_SEL_1:2, 
2024-04-24T04:59:27,241  INFO [LocalJobRunner Map Task Executor #0] exec.ReduceSinkOperator: Closing Operator: RS[2]
2024-04-24T04:59:27,241  INFO [LocalJobRunner Map Task Executor #0] exec.ReduceSinkOperator: RS[2]: Total records written - 2. abort - false
2024-04-24T04:59:27,241  INFO [LocalJobRunner Map Task Executor #0] exec.ReduceSinkOperator: RECORDS_OUT_INTERMEDIATE:2, RECORDS_OUT_OPERATOR_RS_2:2, 
2024-04-24T04:59:27,241  INFO [LocalJobRunner Map Task Executor #0] mapred.LocalJobRunner: 
2024-04-24T04:59:27,241  INFO [LocalJobRunner Map Task Executor #0] mapred.MapTask: Starting flush of map output
2024-04-24T04:59:27,241  INFO [LocalJobRunner Map Task Executor #0] mapred.MapTask: Spilling map output
2024-04-24T04:59:27,241  INFO [LocalJobRunner Map Task Executor #0] mapred.MapTask: bufstart = 0; bufend = 360; bufvoid = 104857600
2024-04-24T04:59:27,241  INFO [LocalJobRunner Map Task Executor #0] mapred.MapTask: kvstart = 26214396(104857584); kvend = 26214392(104857568); length = 5/6553600
2024-04-24T04:59:27,252  INFO [LocalJobRunner Map Task Executor #0] mapred.MapTask: Finished spill 0
2024-04-24T04:59:27,256  INFO [LocalJobRunner Map Task Executor #0] mapred.Task: Task:attempt_local1849587386_0052_m_000002_0 is done. And is in the process of committing
2024-04-24T04:59:27,256  INFO [LocalJobRunner Map Task Executor #0] mapred.LocalJobRunner: OrcSplit [file:/home/alex/Repositories/hive/ql/target/tmp/org.apache.hadoop.hive.ql.TestTxnNoBuckets-1713959849960/warehouse/t/HIVE_UNION_SUBDIR_15/000000_0, start=0, length=256, isOriginal=true, fileLength=256, hasFooter=false, hasBase=true, deltas=0]
2024-04-24T04:59:27,256  INFO [LocalJobRunner Map Task Executor #0] mapred.Task: Task 'attempt_local1849587386_0052_m_000002_0' done.
2024-04-24T04:59:27,256  INFO [LocalJobRunner Map Task Executor #0] mapred.Task: Final Counters for attempt_local1849587386_0052_m_000002_0: Counters: 24
	File System Counters
		FILE: Number of bytes read=1309476
		FILE: Number of bytes written=62557944
		FILE: Number of read operations=0
		FILE: Number of large read operations=0
		FILE: Number of write operations=0
	Map-Reduce Framework
		Map input records=2
		Map output records=2
		Map output bytes=360
		Map output materialized bytes=372
		Input split bytes=473
		Combine input records=0
		Spilled Records=2
		Failed Shuffles=0
		Merged Map outputs=0
		GC time elapsed (ms)=9
		Total committed heap usage (bytes)=1214251008
	HIVE
		DESERIALIZE_ERRORS=0
		RECORDS_IN=2
		RECORDS_OUT_INTERMEDIATE=2
		RECORDS_OUT_OPERATOR_MAP_0=0
		RECORDS_OUT_OPERATOR_RS_2=2
		RECORDS_OUT_OPERATOR_SEL_1=2
		RECORDS_OUT_OPERATOR_TS_0=2
	File Input Format Counters 
		Bytes Read=6858
2024-04-24T04:59:27,256  INFO [LocalJobRunner Map Task Executor #0] mapred.LocalJobRunner: Finishing task: attempt_local1849587386_0052_m_000002_0
2024-04-24T04:59:27,257  INFO [LocalJobRunner Map Task Executor #0] mapred.LocalJobRunner: Starting task: attempt_local1849587386_0052_m_000003_0
2024-04-24T04:59:27,257  INFO [LocalJobRunner Map Task Executor #0] mapred.Task:  Using ResourceCalculatorProcessTree : [ ]
2024-04-24T04:59:27,258  INFO [LocalJobRunner Map Task Executor #0] mapred.MapTask: Processing split: org.apache.hadoop.hive.ql.io.orc.OrcInputFormat:OrcSplit [file:/home/alex/Repositories/hive/ql/target/tmp/org.apache.hadoop.hive.ql.TestTxnNoBuckets-1713959849960/warehouse/t/000001_0, start=0, length=254, isOriginal=true, fileLength=254, hasFooter=false, hasBase=true, deltas=0]
2024-04-24T04:59:27,258  INFO [LocalJobRunner Map Task Executor #0] exec.SerializationUtilities: Deserializing MapWork using kryo
2024-04-24T04:59:27,259  INFO [LocalJobRunner Map Task Executor #0] exec.Utilities: Deserialized plan (via FILE) - name: null size: 5,17KB
2024-04-24T04:59:27,260  INFO [LocalJobRunner Map Task Executor #0] orc.OrcRawRecordMerger: min key = null, max key = null
2024-04-24T04:59:27,260  INFO [LocalJobRunner Map Task Executor #0] orc.ReaderImpl: Reading ORC rows from file:/home/alex/Repositories/hive/ql/target/tmp/org.apache.hadoop.hive.ql.TestTxnNoBuckets-1713959849960/warehouse/t/000001_0 with {include: [true, true, true], offset: 0, length: 254, schema: struct<a:int,b:int>, includeAcidColumns: true}
2024-04-24T04:59:27,295  INFO [LocalJobRunner Map Task Executor #0] orc.OrcRawRecordMerger: updated min key = null, max key = null
2024-04-24T04:59:27,295  INFO [LocalJobRunner Map Task Executor #0] mapred.MapTask: numReduceTasks: 1
2024-04-24T04:59:27,302  INFO [LocalJobRunner Map Task Executor #0] mapred.MapTask: (EQUATOR) 0 kvi 26214396(104857584)
2024-04-24T04:59:27,302  INFO [LocalJobRunner Map Task Executor #0] mapred.MapTask: mapreduce.task.io.sort.mb: 100
2024-04-24T04:59:27,302  INFO [LocalJobRunner Map Task Executor #0] mapred.MapTask: soft limit at 83886080
2024-04-24T04:59:27,302  INFO [LocalJobRunner Map Task Executor #0] mapred.MapTask: bufstart = 0; bufvoid = 104857600
2024-04-24T04:59:27,302  INFO [LocalJobRunner Map Task Executor #0] mapred.MapTask: kvstart = 26214396; length = 6553600
2024-04-24T04:59:27,302  INFO [LocalJobRunner Map Task Executor #0] mapred.MapTask: Map output collector class = org.apache.hadoop.mapred.MapTask$MapOutputBuffer
2024-04-24T04:59:27,303  INFO [LocalJobRunner Map Task Executor #0] exec.MapOperator: Initializing Operator: MAP[0]
2024-04-24T04:59:27,304  INFO [LocalJobRunner Map Task Executor #0] mr.ExecMapper: 
<MAP>Id =0
  <Children>null
  <\Children>
  <Parent><\Parent>
<\MAP>
2024-04-24T04:59:27,306  INFO [LocalJobRunner Map Task Executor #0] exec.TableScanOperator: Initializing Operator: TS[0]
2024-04-24T04:59:27,306  INFO [LocalJobRunner Map Task Executor #0] exec.SelectOperator: Initializing Operator: SEL[1]
2024-04-24T04:59:27,306  INFO [LocalJobRunner Map Task Executor #0] exec.SelectOperator: SELECT struct<a:int,b:int,row__id:struct<writeid:bigint,bucketid:int,rowid:bigint>,input__file__name:string>
2024-04-24T04:59:27,306  INFO [LocalJobRunner Map Task Executor #0] exec.ReduceSinkOperator: Initializing Operator: RS[2]
2024-04-24T04:59:27,306  INFO [LocalJobRunner Map Task Executor #0] exec.ReduceSinkOperator: Using tag = -1
2024-04-24T04:59:27,307  INFO [LocalJobRunner Map Task Executor #0] exec.ReduceSinkOperator: keys are [reducesinkkey0, reducesinkkey1, reducesinkkey2] num distributions: 3
2024-04-24T04:59:27,307  INFO [LocalJobRunner Map Task Executor #0] exec.ReduceSinkOperator: RS[2]: records written - 1
2024-04-24T04:59:27,307  INFO [LocalJobRunner Map Task Executor #0] exec.MapOperator: MAP[0]: records read - 1
2024-04-24T04:59:27,307  INFO [LocalJobRunner Map Task Executor #0] exec.MapOperator: Closing Operator: MAP[0]
2024-04-24T04:59:27,307  INFO [LocalJobRunner Map Task Executor #0] exec.MapOperator: MAP[0]: Total records read - 1. abort - false
2024-04-24T04:59:27,307  INFO [LocalJobRunner Map Task Executor #0] exec.MapOperator: RECORDS_OUT_INTERMEDIATE:0, DESERIALIZE_ERRORS:0, RECORDS_OUT_OPERATOR_MAP_0:0, RECORDS_IN:1, 
2024-04-24T04:59:27,307  INFO [LocalJobRunner Map Task Executor #0] exec.TableScanOperator: Closing Operator: TS[0]
2024-04-24T04:59:27,307  INFO [LocalJobRunner Map Task Executor #0] exec.TableScanOperator: RECORDS_OUT_OPERATOR_TS_0:1, RECORDS_OUT_INTERMEDIATE:0, 
2024-04-24T04:59:27,307  INFO [LocalJobRunner Map Task Executor #0] exec.SelectOperator: Closing Operator: SEL[1]
2024-04-24T04:59:27,307  INFO [LocalJobRunner Map Task Executor #0] exec.SelectOperator: RECORDS_OUT_INTERMEDIATE:0, RECORDS_OUT_OPERATOR_SEL_1:1, 
2024-04-24T04:59:27,307  INFO [LocalJobRunner Map Task Executor #0] exec.ReduceSinkOperator: Closing Operator: RS[2]
2024-04-24T04:59:27,307  INFO [LocalJobRunner Map Task Executor #0] exec.ReduceSinkOperator: RS[2]: Total records written - 1. abort - false
2024-04-24T04:59:27,307  INFO [LocalJobRunner Map Task Executor #0] exec.ReduceSinkOperator: RECORDS_OUT_INTERMEDIATE:1, RECORDS_OUT_OPERATOR_RS_2:1, 
2024-04-24T04:59:27,308  INFO [LocalJobRunner Map Task Executor #0] mapred.LocalJobRunner: 
2024-04-24T04:59:27,308  INFO [LocalJobRunner Map Task Executor #0] mapred.MapTask: Starting flush of map output
2024-04-24T04:59:27,308  INFO [LocalJobRunner Map Task Executor #0] mapred.MapTask: Spilling map output
2024-04-24T04:59:27,308  INFO [LocalJobRunner Map Task Executor #0] mapred.MapTask: bufstart = 0; bufend = 159; bufvoid = 104857600
2024-04-24T04:59:27,308  INFO [LocalJobRunner Map Task Executor #0] mapred.MapTask: kvstart = 26214396(104857584); kvend = 26214396(104857584); length = 1/6553600
2024-04-24T04:59:27,319  INFO [LocalJobRunner Map Task Executor #0] mapred.MapTask: Finished spill 0
2024-04-24T04:59:27,323  INFO [LocalJobRunner Map Task Executor #0] mapred.Task: Task:attempt_local1849587386_0052_m_000003_0 is done. And is in the process of committing
2024-04-24T04:59:27,324  INFO [LocalJobRunner Map Task Executor #0] mapred.LocalJobRunner: OrcSplit [file:/home/alex/Repositories/hive/ql/target/tmp/org.apache.hadoop.hive.ql.TestTxnNoBuckets-1713959849960/warehouse/t/000001_0, start=0, length=254, isOriginal=true, fileLength=254, hasFooter=false, hasBase=true, deltas=0]
2024-04-24T04:59:27,324  INFO [LocalJobRunner Map Task Executor #0] mapred.Task: Task 'attempt_local1849587386_0052_m_000003_0' done.
2024-04-24T04:59:27,324  INFO [LocalJobRunner Map Task Executor #0] mapred.Task: Final Counters for attempt_local1849587386_0052_m_000003_0: Counters: 24
	File System Counters
		FILE: Number of bytes read=1318031
		FILE: Number of bytes written=62558144
		FILE: Number of read operations=0
		FILE: Number of large read operations=0
		FILE: Number of write operations=0
	Map-Reduce Framework
		Map input records=1
		Map output records=1
		Map output bytes=159
		Map output materialized bytes=168
		Input split bytes=451
		Combine input records=0
		Spilled Records=1
		Failed Shuffles=0
		Merged Map outputs=0
		GC time elapsed (ms)=0
		Total committed heap usage (bytes)=1214251008
	HIVE
		DESERIALIZE_ERRORS=0
		RECORDS_IN=1
		RECORDS_OUT_INTERMEDIATE=1
		RECORDS_OUT_OPERATOR_MAP_0=0
		RECORDS_OUT_OPERATOR_RS_2=1
		RECORDS_OUT_OPERATOR_SEL_1=1
		RECORDS_OUT_OPERATOR_TS_0=1
	File Input Format Counters 
		Bytes Read=6305
2024-04-24T04:59:27,324  INFO [LocalJobRunner Map Task Executor #0] mapred.LocalJobRunner: Finishing task: attempt_local1849587386_0052_m_000003_0
2024-04-24T04:59:27,324  INFO [LocalJobRunner Map Task Executor #0] mapred.LocalJobRunner: Starting task: attempt_local1849587386_0052_m_000004_0
2024-04-24T04:59:27,324  INFO [LocalJobRunner Map Task Executor #0] mapred.Task:  Using ResourceCalculatorProcessTree : [ ]
2024-04-24T04:59:27,325  INFO [LocalJobRunner Map Task Executor #0] mapred.MapTask: Processing split: org.apache.hadoop.hive.ql.io.orc.OrcInputFormat:OrcSplit [file:/home/alex/Repositories/hive/ql/target/tmp/org.apache.hadoop.hive.ql.TestTxnNoBuckets-1713959849960/warehouse/t/000002_0, start=0, length=254, isOriginal=true, fileLength=254, hasFooter=false, hasBase=true, deltas=0]
2024-04-24T04:59:27,325  INFO [LocalJobRunner Map Task Executor #0] exec.SerializationUtilities: Deserializing MapWork using kryo
2024-04-24T04:59:27,326  INFO [LocalJobRunner Map Task Executor #0] exec.Utilities: Deserialized plan (via FILE) - name: null size: 5,17KB
2024-04-24T04:59:27,327  INFO [LocalJobRunner Map Task Executor #0] orc.OrcRawRecordMerger: min key = null, max key = null
2024-04-24T04:59:27,327  INFO [LocalJobRunner Map Task Executor #0] orc.ReaderImpl: Reading ORC rows from file:/home/alex/Repositories/hive/ql/target/tmp/org.apache.hadoop.hive.ql.TestTxnNoBuckets-1713959849960/warehouse/t/000002_0 with {include: [true, true, true], offset: 0, length: 254, schema: struct<a:int,b:int>, includeAcidColumns: true}
2024-04-24T04:59:27,362  INFO [LocalJobRunner Map Task Executor #0] orc.OrcRawRecordMerger: updated min key = null, max key = null
2024-04-24T04:59:27,362  INFO [LocalJobRunner Map Task Executor #0] mapred.MapTask: numReduceTasks: 1
2024-04-24T04:59:27,369  INFO [LocalJobRunner Map Task Executor #0] mapred.MapTask: (EQUATOR) 0 kvi 26214396(104857584)
2024-04-24T04:59:27,369  INFO [LocalJobRunner Map Task Executor #0] mapred.MapTask: mapreduce.task.io.sort.mb: 100
2024-04-24T04:59:27,369  INFO [LocalJobRunner Map Task Executor #0] mapred.MapTask: soft limit at 83886080
2024-04-24T04:59:27,369  INFO [LocalJobRunner Map Task Executor #0] mapred.MapTask: bufstart = 0; bufvoid = 104857600
2024-04-24T04:59:27,369  INFO [LocalJobRunner Map Task Executor #0] mapred.MapTask: kvstart = 26214396; length = 6553600
2024-04-24T04:59:27,370  INFO [LocalJobRunner Map Task Executor #0] mapred.MapTask: Map output collector class = org.apache.hadoop.mapred.MapTask$MapOutputBuffer
2024-04-24T04:59:27,370  INFO [LocalJobRunner Map Task Executor #0] exec.MapOperator: Initializing Operator: MAP[0]
2024-04-24T04:59:27,372  INFO [LocalJobRunner Map Task Executor #0] mr.ExecMapper: 
<MAP>Id =0
  <Children>null
  <\Children>
  <Parent><\Parent>
<\MAP>
2024-04-24T04:59:27,373  INFO [LocalJobRunner Map Task Executor #0] exec.TableScanOperator: Initializing Operator: TS[0]
2024-04-24T04:59:27,373  INFO [LocalJobRunner Map Task Executor #0] exec.SelectOperator: Initializing Operator: SEL[1]
2024-04-24T04:59:27,373  INFO [LocalJobRunner Map Task Executor #0] exec.SelectOperator: SELECT struct<a:int,b:int,row__id:struct<writeid:bigint,bucketid:int,rowid:bigint>,input__file__name:string>
2024-04-24T04:59:27,373  INFO [LocalJobRunner Map Task Executor #0] exec.ReduceSinkOperator: Initializing Operator: RS[2]
2024-04-24T04:59:27,373  INFO [LocalJobRunner Map Task Executor #0] exec.ReduceSinkOperator: Using tag = -1
2024-04-24T04:59:27,373  INFO [LocalJobRunner Map Task Executor #0] exec.ReduceSinkOperator: keys are [reducesinkkey0, reducesinkkey1, reducesinkkey2] num distributions: 3
2024-04-24T04:59:27,373  INFO [LocalJobRunner Map Task Executor #0] exec.ReduceSinkOperator: RS[2]: records written - 1
2024-04-24T04:59:27,373  INFO [LocalJobRunner Map Task Executor #0] exec.MapOperator: MAP[0]: records read - 1
2024-04-24T04:59:27,374  INFO [LocalJobRunner Map Task Executor #0] exec.MapOperator: Closing Operator: MAP[0]
2024-04-24T04:59:27,374  INFO [LocalJobRunner Map Task Executor #0] exec.MapOperator: MAP[0]: Total records read - 2. abort - false
2024-04-24T04:59:27,374  INFO [LocalJobRunner Map Task Executor #0] exec.MapOperator: RECORDS_OUT_OPERATOR_MAP_0:0, RECORDS_IN:2, DESERIALIZE_ERRORS:0, RECORDS_OUT_INTERMEDIATE:0, 
2024-04-24T04:59:27,374  INFO [LocalJobRunner Map Task Executor #0] exec.TableScanOperator: Closing Operator: TS[0]
2024-04-24T04:59:27,374  INFO [LocalJobRunner Map Task Executor #0] exec.TableScanOperator: RECORDS_OUT_INTERMEDIATE:0, RECORDS_OUT_OPERATOR_TS_0:2, 
2024-04-24T04:59:27,374  INFO [LocalJobRunner Map Task Executor #0] exec.SelectOperator: Closing Operator: SEL[1]
2024-04-24T04:59:27,374  INFO [LocalJobRunner Map Task Executor #0] exec.SelectOperator: RECORDS_OUT_OPERATOR_SEL_1:2, RECORDS_OUT_INTERMEDIATE:0, 
2024-04-24T04:59:27,374  INFO [LocalJobRunner Map Task Executor #0] exec.ReduceSinkOperator: Closing Operator: RS[2]
2024-04-24T04:59:27,374  INFO [LocalJobRunner Map Task Executor #0] exec.ReduceSinkOperator: RS[2]: Total records written - 2. abort - false
2024-04-24T04:59:27,374  INFO [LocalJobRunner Map Task Executor #0] exec.ReduceSinkOperator: RECORDS_OUT_OPERATOR_RS_2:2, RECORDS_OUT_INTERMEDIATE:2, 
2024-04-24T04:59:27,375  INFO [LocalJobRunner Map Task Executor #0] mapred.LocalJobRunner: 
2024-04-24T04:59:27,375  INFO [LocalJobRunner Map Task Executor #0] mapred.MapTask: Starting flush of map output
2024-04-24T04:59:27,375  INFO [LocalJobRunner Map Task Executor #0] mapred.MapTask: Spilling map output
2024-04-24T04:59:27,375  INFO [LocalJobRunner Map Task Executor #0] mapred.MapTask: bufstart = 0; bufend = 318; bufvoid = 104857600
2024-04-24T04:59:27,375  INFO [LocalJobRunner Map Task Executor #0] mapred.MapTask: kvstart = 26214396(104857584); kvend = 26214392(104857568); length = 5/6553600
2024-04-24T04:59:27,385  INFO [LocalJobRunner Map Task Executor #0] mapred.MapTask: Finished spill 0
2024-04-24T04:59:27,389  INFO [LocalJobRunner Map Task Executor #0] mapred.Task: Task:attempt_local1849587386_0052_m_000004_0 is done. And is in the process of committing
2024-04-24T04:59:27,389  INFO [LocalJobRunner Map Task Executor #0] mapred.LocalJobRunner: OrcSplit [file:/home/alex/Repositories/hive/ql/target/tmp/org.apache.hadoop.hive.ql.TestTxnNoBuckets-1713959849960/warehouse/t/000002_0, start=0, length=254, isOriginal=true, fileLength=254, hasFooter=false, hasBase=true, deltas=0]
2024-04-24T04:59:27,389  INFO [LocalJobRunner Map Task Executor #0] mapred.Task: Task 'attempt_local1849587386_0052_m_000004_0' done.
2024-04-24T04:59:27,390  INFO [LocalJobRunner Map Task Executor #0] mapred.Task: Final Counters for attempt_local1849587386_0052_m_000004_0: Counters: 24
	File System Counters
		FILE: Number of bytes read=1326074
		FILE: Number of bytes written=62558506
		FILE: Number of read operations=0
		FILE: Number of large read operations=0
		FILE: Number of write operations=0
	Map-Reduce Framework
		Map input records=2
		Map output records=2
		Map output bytes=318
		Map output materialized bytes=330
		Input split bytes=451
		Combine input records=0
		Spilled Records=2
		Failed Shuffles=0
		Merged Map outputs=0
		GC time elapsed (ms)=0
		Total committed heap usage (bytes)=1214251008
	HIVE
		DESERIALIZE_ERRORS=0
		RECORDS_IN=2
		RECORDS_OUT_INTERMEDIATE=2
		RECORDS_OUT_OPERATOR_MAP_0=0
		RECORDS_OUT_OPERATOR_RS_2=2
		RECORDS_OUT_OPERATOR_SEL_1=2
		RECORDS_OUT_OPERATOR_TS_0=2
	File Input Format Counters 
		Bytes Read=6305
2024-04-24T04:59:27,390  INFO [LocalJobRunner Map Task Executor #0] mapred.LocalJobRunner: Finishing task: attempt_local1849587386_0052_m_000004_0
2024-04-24T04:59:27,390  INFO [LocalJobRunner Map Task Executor #0] mapred.LocalJobRunner: Starting task: attempt_local1849587386_0052_m_000005_0
2024-04-24T04:59:27,390  INFO [LocalJobRunner Map Task Executor #0] mapred.Task:  Using ResourceCalculatorProcessTree : [ ]
2024-04-24T04:59:27,391  INFO [LocalJobRunner Map Task Executor #0] mapred.MapTask: Processing split: org.apache.hadoop.hive.ql.io.orc.OrcInputFormat:OrcSplit [file:/home/alex/Repositories/hive/ql/target/tmp/org.apache.hadoop.hive.ql.TestTxnNoBuckets-1713959849960/warehouse/t/HIVE_UNION_SUBDIR_16/000000_0, start=0, length=254, isOriginal=true, fileLength=254, hasFooter=false, hasBase=true, deltas=0]
2024-04-24T04:59:27,392  INFO [LocalJobRunner Map Task Executor #0] exec.SerializationUtilities: Deserializing MapWork using kryo
2024-04-24T04:59:27,392  INFO [LocalJobRunner Map Task Executor #0] exec.Utilities: Deserialized plan (via FILE) - name: null size: 5,17KB
2024-04-24T04:59:27,394  INFO [LocalJobRunner Map Task Executor #0] orc.OrcRawRecordMerger: min key = null, max key = null
2024-04-24T04:59:27,394  INFO [LocalJobRunner Map Task Executor #0] orc.ReaderImpl: Reading ORC rows from file:/home/alex/Repositories/hive/ql/target/tmp/org.apache.hadoop.hive.ql.TestTxnNoBuckets-1713959849960/warehouse/t/HIVE_UNION_SUBDIR_16/000000_0 with {include: [true, true, true], offset: 0, length: 254, schema: struct<a:int,b:int>, includeAcidColumns: true}
2024-04-24T04:59:27,430  INFO [LocalJobRunner Map Task Executor #0] orc.OrcRawRecordMerger: updated min key = null, max key = null
2024-04-24T04:59:27,430  INFO [LocalJobRunner Map Task Executor #0] mapred.MapTask: numReduceTasks: 1
2024-04-24T04:59:27,437  INFO [LocalJobRunner Map Task Executor #0] mapred.MapTask: (EQUATOR) 0 kvi 26214396(104857584)
2024-04-24T04:59:27,437  INFO [LocalJobRunner Map Task Executor #0] mapred.MapTask: mapreduce.task.io.sort.mb: 100
2024-04-24T04:59:27,437  INFO [LocalJobRunner Map Task Executor #0] mapred.MapTask: soft limit at 83886080
2024-04-24T04:59:27,437  INFO [LocalJobRunner Map Task Executor #0] mapred.MapTask: bufstart = 0; bufvoid = 104857600
2024-04-24T04:59:27,437  INFO [LocalJobRunner Map Task Executor #0] mapred.MapTask: kvstart = 26214396; length = 6553600
2024-04-24T04:59:27,438  INFO [LocalJobRunner Map Task Executor #0] mapred.MapTask: Map output collector class = org.apache.hadoop.mapred.MapTask$MapOutputBuffer
2024-04-24T04:59:27,438  INFO [LocalJobRunner Map Task Executor #0] exec.MapOperator: Initializing Operator: MAP[0]
2024-04-24T04:59:27,440  INFO [LocalJobRunner Map Task Executor #0] mr.ExecMapper: 
<MAP>Id =0
  <Children>null
  <\Children>
  <Parent><\Parent>
<\MAP>
2024-04-24T04:59:27,440  INFO [LocalJobRunner Map Task Executor #0] exec.TableScanOperator: Initializing Operator: TS[0]
2024-04-24T04:59:27,440  INFO [LocalJobRunner Map Task Executor #0] exec.SelectOperator: Initializing Operator: SEL[1]
2024-04-24T04:59:27,440  INFO [LocalJobRunner Map Task Executor #0] exec.SelectOperator: SELECT struct<a:int,b:int,row__id:struct<writeid:bigint,bucketid:int,rowid:bigint>,input__file__name:string>
2024-04-24T04:59:27,440  INFO [LocalJobRunner Map Task Executor #0] exec.ReduceSinkOperator: Initializing Operator: RS[2]
2024-04-24T04:59:27,441  INFO [LocalJobRunner Map Task Executor #0] exec.ReduceSinkOperator: Using tag = -1
2024-04-24T04:59:27,441  INFO [LocalJobRunner Map Task Executor #0] exec.ReduceSinkOperator: keys are [reducesinkkey0, reducesinkkey1, reducesinkkey2] num distributions: 3
2024-04-24T04:59:27,441  INFO [LocalJobRunner Map Task Executor #0] exec.ReduceSinkOperator: RS[2]: records written - 1
2024-04-24T04:59:27,441  INFO [LocalJobRunner Map Task Executor #0] exec.MapOperator: MAP[0]: records read - 1
2024-04-24T04:59:27,441  INFO [LocalJobRunner Map Task Executor #0] exec.MapOperator: Closing Operator: MAP[0]
2024-04-24T04:59:27,441  INFO [LocalJobRunner Map Task Executor #0] exec.MapOperator: MAP[0]: Total records read - 1. abort - false
2024-04-24T04:59:27,441  INFO [LocalJobRunner Map Task Executor #0] exec.MapOperator: RECORDS_OUT_OPERATOR_MAP_0:0, RECORDS_OUT_INTERMEDIATE:0, RECORDS_IN:1, DESERIALIZE_ERRORS:0, 
2024-04-24T04:59:27,441  INFO [LocalJobRunner Map Task Executor #0] exec.TableScanOperator: Closing Operator: TS[0]
2024-04-24T04:59:27,441  INFO [LocalJobRunner Map Task Executor #0] exec.TableScanOperator: RECORDS_OUT_OPERATOR_TS_0:1, RECORDS_OUT_INTERMEDIATE:0, 
2024-04-24T04:59:27,442  INFO [LocalJobRunner Map Task Executor #0] exec.SelectOperator: Closing Operator: SEL[1]
2024-04-24T04:59:27,442  INFO [LocalJobRunner Map Task Executor #0] exec.SelectOperator: RECORDS_OUT_OPERATOR_SEL_1:1, RECORDS_OUT_INTERMEDIATE:0, 
2024-04-24T04:59:27,442  INFO [LocalJobRunner Map Task Executor #0] exec.ReduceSinkOperator: Closing Operator: RS[2]
2024-04-24T04:59:27,442  INFO [LocalJobRunner Map Task Executor #0] exec.ReduceSinkOperator: RS[2]: Total records written - 1. abort - false
2024-04-24T04:59:27,442  INFO [LocalJobRunner Map Task Executor #0] exec.ReduceSinkOperator: RECORDS_OUT_INTERMEDIATE:1, RECORDS_OUT_OPERATOR_RS_2:1, 
2024-04-24T04:59:27,442  INFO [LocalJobRunner Map Task Executor #0] mapred.LocalJobRunner: 
2024-04-24T04:59:27,442  INFO [LocalJobRunner Map Task Executor #0] mapred.MapTask: Starting flush of map output
2024-04-24T04:59:27,442  INFO [LocalJobRunner Map Task Executor #0] mapred.MapTask: Spilling map output
2024-04-24T04:59:27,442  INFO [LocalJobRunner Map Task Executor #0] mapred.MapTask: bufstart = 0; bufend = 180; bufvoid = 104857600
2024-04-24T04:59:27,442  INFO [LocalJobRunner Map Task Executor #0] mapred.MapTask: kvstart = 26214396(104857584); kvend = 26214396(104857584); length = 1/6553600
2024-04-24T04:59:27,452  INFO [LocalJobRunner Map Task Executor #0] mapred.MapTask: Finished spill 0
2024-04-24T04:59:27,456  INFO [LocalJobRunner Map Task Executor #0] mapred.Task: Task:attempt_local1849587386_0052_m_000005_0 is done. And is in the process of committing
2024-04-24T04:59:27,457  INFO [LocalJobRunner Map Task Executor #0] mapred.LocalJobRunner: OrcSplit [file:/home/alex/Repositories/hive/ql/target/tmp/org.apache.hadoop.hive.ql.TestTxnNoBuckets-1713959849960/warehouse/t/HIVE_UNION_SUBDIR_16/000000_0, start=0, length=254, isOriginal=true, fileLength=254, hasFooter=false, hasBase=true, deltas=0]
2024-04-24T04:59:27,457  INFO [LocalJobRunner Map Task Executor #0] mapred.Task: Task 'attempt_local1849587386_0052_m_000005_0' done.
2024-04-24T04:59:27,457  INFO [LocalJobRunner Map Task Executor #0] mapred.Task: Final Counters for attempt_local1849587386_0052_m_000005_0: Counters: 24
	File System Counters
		FILE: Number of bytes read=1334430
		FILE: Number of bytes written=62558727
		FILE: Number of read operations=0
		FILE: Number of large read operations=0
		FILE: Number of write operations=0
	Map-Reduce Framework
		Map input records=1
		Map output records=1
		Map output bytes=180
		Map output materialized bytes=189
		Input split bytes=473
		Combine input records=0
		Spilled Records=1
		Failed Shuffles=0
		Merged Map outputs=0
		GC time elapsed (ms)=0
		Total committed heap usage (bytes)=1214251008
	HIVE
		DESERIALIZE_ERRORS=0
		RECORDS_IN=1
		RECORDS_OUT_INTERMEDIATE=1
		RECORDS_OUT_OPERATOR_MAP_0=0
		RECORDS_OUT_OPERATOR_RS_2=1
		RECORDS_OUT_OPERATOR_SEL_1=1
		RECORDS_OUT_OPERATOR_TS_0=1
	File Input Format Counters 
		Bytes Read=7130
2024-04-24T04:59:27,457  INFO [LocalJobRunner Map Task Executor #0] mapred.LocalJobRunner: Finishing task: attempt_local1849587386_0052_m_000005_0
2024-04-24T04:59:27,457  INFO [LocalJobRunner Map Task Executor #0] mapred.LocalJobRunner: Starting task: attempt_local1849587386_0052_m_000006_0
2024-04-24T04:59:27,458  INFO [LocalJobRunner Map Task Executor #0] mapred.Task:  Using ResourceCalculatorProcessTree : [ ]
2024-04-24T04:59:27,459  INFO [LocalJobRunner Map Task Executor #0] mapred.MapTask: Processing split: org.apache.hadoop.hive.ql.io.orc.OrcInputFormat:OrcSplit [file:/home/alex/Repositories/hive/ql/target/tmp/org.apache.hadoop.hive.ql.TestTxnNoBuckets-1713959849960/warehouse/t/000000_0_copy_1, start=0, length=241, isOriginal=true, fileLength=241, hasFooter=false, hasBase=true, deltas=0]
2024-04-24T04:59:27,459  INFO [LocalJobRunner Map Task Executor #0] exec.SerializationUtilities: Deserializing MapWork using kryo
2024-04-24T04:59:27,460  INFO [LocalJobRunner Map Task Executor #0] exec.Utilities: Deserialized plan (via FILE) - name: null size: 5,17KB
2024-04-24T04:59:27,461  INFO [LocalJobRunner Map Task Executor #0] orc.OrcRawRecordMerger: min key = null, max key = null
2024-04-24T04:59:27,461  INFO [LocalJobRunner Map Task Executor #0] orc.ReaderImpl: Reading ORC rows from file:/home/alex/Repositories/hive/ql/target/tmp/org.apache.hadoop.hive.ql.TestTxnNoBuckets-1713959849960/warehouse/t/000000_0_copy_1 with {include: [true, true, true], offset: 0, length: 241, schema: struct<a:int,b:int>, includeAcidColumns: true}
2024-04-24T04:59:27,497  INFO [LocalJobRunner Map Task Executor #0] orc.OrcRawRecordMerger: updated min key = null, max key = null
2024-04-24T04:59:27,497  INFO [LocalJobRunner Map Task Executor #0] mapred.MapTask: numReduceTasks: 1
2024-04-24T04:59:27,504  INFO [LocalJobRunner Map Task Executor #0] mapred.MapTask: (EQUATOR) 0 kvi 26214396(104857584)
2024-04-24T04:59:27,504  INFO [LocalJobRunner Map Task Executor #0] mapred.MapTask: mapreduce.task.io.sort.mb: 100
2024-04-24T04:59:27,504  INFO [LocalJobRunner Map Task Executor #0] mapred.MapTask: soft limit at 83886080
2024-04-24T04:59:27,504  INFO [LocalJobRunner Map Task Executor #0] mapred.MapTask: bufstart = 0; bufvoid = 104857600
2024-04-24T04:59:27,504  INFO [LocalJobRunner Map Task Executor #0] mapred.MapTask: kvstart = 26214396; length = 6553600
2024-04-24T04:59:27,505  INFO [LocalJobRunner Map Task Executor #0] mapred.MapTask: Map output collector class = org.apache.hadoop.mapred.MapTask$MapOutputBuffer
2024-04-24T04:59:27,505  INFO [LocalJobRunner Map Task Executor #0] exec.MapOperator: Initializing Operator: MAP[0]
2024-04-24T04:59:27,507  INFO [LocalJobRunner Map Task Executor #0] mr.ExecMapper: 
<MAP>Id =0
  <Children>null
  <\Children>
  <Parent><\Parent>
<\MAP>
2024-04-24T04:59:27,507  INFO [LocalJobRunner Map Task Executor #0] exec.TableScanOperator: Initializing Operator: TS[0]
2024-04-24T04:59:27,507  INFO [LocalJobRunner Map Task Executor #0] exec.SelectOperator: Initializing Operator: SEL[1]
2024-04-24T04:59:27,507  INFO [LocalJobRunner Map Task Executor #0] exec.SelectOperator: SELECT struct<a:int,b:int,row__id:struct<writeid:bigint,bucketid:int,rowid:bigint>,input__file__name:string>
2024-04-24T04:59:27,508  INFO [LocalJobRunner Map Task Executor #0] exec.ReduceSinkOperator: Initializing Operator: RS[2]
2024-04-24T04:59:27,508  INFO [LocalJobRunner Map Task Executor #0] exec.ReduceSinkOperator: Using tag = -1
2024-04-24T04:59:27,508  INFO [LocalJobRunner Map Task Executor #0] exec.ReduceSinkOperator: keys are [reducesinkkey0, reducesinkkey1, reducesinkkey2] num distributions: 3
2024-04-24T04:59:27,508  INFO [LocalJobRunner Map Task Executor #0] exec.ReduceSinkOperator: RS[2]: records written - 1
2024-04-24T04:59:27,508  INFO [LocalJobRunner Map Task Executor #0] exec.MapOperator: MAP[0]: records read - 1
2024-04-24T04:59:27,508  INFO [LocalJobRunner Map Task Executor #0] exec.MapOperator: Closing Operator: MAP[0]
2024-04-24T04:59:27,508  INFO [LocalJobRunner Map Task Executor #0] exec.MapOperator: MAP[0]: Total records read - 1. abort - false
2024-04-24T04:59:27,508  INFO [LocalJobRunner Map Task Executor #0] exec.MapOperator: RECORDS_OUT_OPERATOR_MAP_0:0, DESERIALIZE_ERRORS:0, RECORDS_OUT_INTERMEDIATE:0, RECORDS_IN:1, 
2024-04-24T04:59:27,509  INFO [LocalJobRunner Map Task Executor #0] exec.TableScanOperator: Closing Operator: TS[0]
2024-04-24T04:59:27,509  INFO [LocalJobRunner Map Task Executor #0] exec.TableScanOperator: RECORDS_OUT_OPERATOR_TS_0:1, RECORDS_OUT_INTERMEDIATE:0, 
2024-04-24T04:59:27,509  INFO [LocalJobRunner Map Task Executor #0] exec.SelectOperator: Closing Operator: SEL[1]
2024-04-24T04:59:27,509  INFO [LocalJobRunner Map Task Executor #0] exec.SelectOperator: RECORDS_OUT_INTERMEDIATE:0, RECORDS_OUT_OPERATOR_SEL_1:1, 
2024-04-24T04:59:27,509  INFO [LocalJobRunner Map Task Executor #0] exec.ReduceSinkOperator: Closing Operator: RS[2]
2024-04-24T04:59:27,509  INFO [LocalJobRunner Map Task Executor #0] exec.ReduceSinkOperator: RS[2]: Total records written - 1. abort - false
2024-04-24T04:59:27,509  INFO [LocalJobRunner Map Task Executor #0] exec.ReduceSinkOperator: RECORDS_OUT_OPERATOR_RS_2:1, RECORDS_OUT_INTERMEDIATE:1, 
2024-04-24T04:59:27,510  INFO [LocalJobRunner Map Task Executor #0] mapred.LocalJobRunner: 
2024-04-24T04:59:27,510  INFO [LocalJobRunner Map Task Executor #0] mapred.MapTask: Starting flush of map output
2024-04-24T04:59:27,510  INFO [LocalJobRunner Map Task Executor #0] mapred.MapTask: Spilling map output
2024-04-24T04:59:27,510  INFO [LocalJobRunner Map Task Executor #0] mapred.MapTask: bufstart = 0; bufend = 166; bufvoid = 104857600
2024-04-24T04:59:27,510  INFO [LocalJobRunner Map Task Executor #0] mapred.MapTask: kvstart = 26214396(104857584); kvend = 26214396(104857584); length = 1/6553600
2024-04-24T04:59:27,520  INFO [LocalJobRunner Map Task Executor #0] mapred.MapTask: Finished spill 0
2024-04-24T04:59:27,524  INFO [LocalJobRunner Map Task Executor #0] mapred.Task: Task:attempt_local1849587386_0052_m_000006_0 is done. And is in the process of committing
2024-04-24T04:59:27,525  INFO [LocalJobRunner Map Task Executor #0] mapred.LocalJobRunner: OrcSplit [file:/home/alex/Repositories/hive/ql/target/tmp/org.apache.hadoop.hive.ql.TestTxnNoBuckets-1713959849960/warehouse/t/000000_0_copy_1, start=0, length=241, isOriginal=true, fileLength=241, hasFooter=false, hasBase=true, deltas=0]
2024-04-24T04:59:27,525  INFO [LocalJobRunner Map Task Executor #0] mapred.Task: Task 'attempt_local1849587386_0052_m_000006_0' done.
2024-04-24T04:59:27,525  INFO [LocalJobRunner Map Task Executor #0] mapred.Task: Final Counters for attempt_local1849587386_0052_m_000006_0: Counters: 24
	File System Counters
		FILE: Number of bytes read=1341677
		FILE: Number of bytes written=62558934
		FILE: Number of read operations=0
		FILE: Number of large read operations=0
		FILE: Number of write operations=0
	Map-Reduce Framework
		Map input records=1
		Map output records=1
		Map output bytes=166
		Map output materialized bytes=175
		Input split bytes=459
		Combine input records=0
		Spilled Records=1
		Failed Shuffles=0
		Merged Map outputs=0
		GC time elapsed (ms)=0
		Total committed heap usage (bytes)=1214251008
	HIVE
		DESERIALIZE_ERRORS=0
		RECORDS_IN=1
		RECORDS_OUT_INTERMEDIATE=1
		RECORDS_OUT_OPERATOR_MAP_0=0
		RECORDS_OUT_OPERATOR_RS_2=1
		RECORDS_OUT_OPERATOR_SEL_1=1
		RECORDS_OUT_OPERATOR_TS_0=1
	File Input Format Counters 
		Bytes Read=6533
2024-04-24T04:59:27,525  INFO [LocalJobRunner Map Task Executor #0] mapred.LocalJobRunner: Finishing task: attempt_local1849587386_0052_m_000006_0
2024-04-24T04:59:27,525  INFO [Thread-3365] mapred.LocalJobRunner: map task executor complete.
2024-04-24T04:59:27,526  INFO [Thread-3365] mapred.LocalJobRunner: Waiting for reduce tasks
2024-04-24T04:59:27,526  INFO [pool-226-thread-1] mapred.LocalJobRunner: Starting task: attempt_local1849587386_0052_r_000000_0
2024-04-24T04:59:27,527  INFO [pool-226-thread-1] mapred.Task:  Using ResourceCalculatorProcessTree : [ ]
2024-04-24T04:59:27,527  INFO [pool-226-thread-1] mapred.ReduceTask: Using ShuffleConsumerPlugin: org.apache.hadoop.mapreduce.task.reduce.Shuffle@73f8b284
2024-04-24T04:59:27,527  WARN [pool-226-thread-1] impl.MetricsSystemImpl: JobTracker metrics system already initialized!
2024-04-24T04:59:27,528  INFO [pool-226-thread-1] reduce.MergeManagerImpl: MergerManager: memoryLimit=1336252800, maxSingleShuffleLimit=334063200, mergeThreshold=881926912, ioSortFactor=10, memToMemMergeOutputsThreshold=10
2024-04-24T04:59:27,529  INFO [EventFetcher for fetching Map Completion Events] reduce.EventFetcher: attempt_local1849587386_0052_r_000000_0 Thread started: EventFetcher for fetching Map Completion Events
2024-04-24T04:59:27,530  INFO [localfetcher#33] reduce.LocalFetcher: localfetcher#33 about to shuffle output of map attempt_local1849587386_0052_m_000006_0 decomp: 171 len: 175 to MEMORY
2024-04-24T04:59:27,530  INFO [localfetcher#33] reduce.InMemoryMapOutput: Read 171 bytes from map-output for attempt_local1849587386_0052_m_000006_0
2024-04-24T04:59:27,530  INFO [localfetcher#33] reduce.MergeManagerImpl: closeInMemoryFile -> map-output of size: 171, inMemoryMapOutputs.size() -> 1, commitMemory -> 0, usedMemory ->171
2024-04-24T04:59:27,533  INFO [localfetcher#33] reduce.LocalFetcher: localfetcher#33 about to shuffle output of map attempt_local1849587386_0052_m_000005_0 decomp: 185 len: 189 to MEMORY
2024-04-24T04:59:27,533  INFO [localfetcher#33] reduce.InMemoryMapOutput: Read 185 bytes from map-output for attempt_local1849587386_0052_m_000005_0
2024-04-24T04:59:27,533  INFO [localfetcher#33] reduce.MergeManagerImpl: closeInMemoryFile -> map-output of size: 185, inMemoryMapOutputs.size() -> 2, commitMemory -> 171, usedMemory ->356
2024-04-24T04:59:27,535  INFO [localfetcher#33] reduce.LocalFetcher: localfetcher#33 about to shuffle output of map attempt_local1849587386_0052_m_000003_0 decomp: 164 len: 168 to MEMORY
2024-04-24T04:59:27,535  INFO [localfetcher#33] reduce.InMemoryMapOutput: Read 164 bytes from map-output for attempt_local1849587386_0052_m_000003_0
2024-04-24T04:59:27,536  INFO [localfetcher#33] reduce.MergeManagerImpl: closeInMemoryFile -> map-output of size: 164, inMemoryMapOutputs.size() -> 3, commitMemory -> 356, usedMemory ->520
2024-04-24T04:59:27,538  INFO [localfetcher#33] reduce.LocalFetcher: localfetcher#33 about to shuffle output of map attempt_local1849587386_0052_m_000002_0 decomp: 368 len: 372 to MEMORY
2024-04-24T04:59:27,538  INFO [localfetcher#33] reduce.InMemoryMapOutput: Read 368 bytes from map-output for attempt_local1849587386_0052_m_000002_0
2024-04-24T04:59:27,538  INFO [localfetcher#33] reduce.MergeManagerImpl: closeInMemoryFile -> map-output of size: 368, inMemoryMapOutputs.size() -> 4, commitMemory -> 520, usedMemory ->888
2024-04-24T04:59:27,540  INFO [localfetcher#33] reduce.LocalFetcher: localfetcher#33 about to shuffle output of map attempt_local1849587386_0052_m_000001_0 decomp: 326 len: 330 to MEMORY
2024-04-24T04:59:27,540  INFO [localfetcher#33] reduce.InMemoryMapOutput: Read 326 bytes from map-output for attempt_local1849587386_0052_m_000001_0
2024-04-24T04:59:27,540  INFO [localfetcher#33] reduce.MergeManagerImpl: closeInMemoryFile -> map-output of size: 326, inMemoryMapOutputs.size() -> 5, commitMemory -> 888, usedMemory ->1214
2024-04-24T04:59:27,543  INFO [localfetcher#33] reduce.LocalFetcher: localfetcher#33 about to shuffle output of map attempt_local1849587386_0052_m_000004_0 decomp: 326 len: 330 to MEMORY
2024-04-24T04:59:27,543  INFO [localfetcher#33] reduce.InMemoryMapOutput: Read 326 bytes from map-output for attempt_local1849587386_0052_m_000004_0
2024-04-24T04:59:27,543  INFO [localfetcher#33] reduce.MergeManagerImpl: closeInMemoryFile -> map-output of size: 326, inMemoryMapOutputs.size() -> 6, commitMemory -> 1214, usedMemory ->1540
2024-04-24T04:59:27,545  INFO [localfetcher#33] reduce.LocalFetcher: localfetcher#33 about to shuffle output of map attempt_local1849587386_0052_m_000000_0 decomp: 185 len: 189 to MEMORY
2024-04-24T04:59:27,546  INFO [localfetcher#33] reduce.InMemoryMapOutput: Read 185 bytes from map-output for attempt_local1849587386_0052_m_000000_0
2024-04-24T04:59:27,546  INFO [localfetcher#33] reduce.MergeManagerImpl: closeInMemoryFile -> map-output of size: 185, inMemoryMapOutputs.size() -> 7, commitMemory -> 1540, usedMemory ->1725
2024-04-24T04:59:27,546  INFO [EventFetcher for fetching Map Completion Events] reduce.EventFetcher: EventFetcher is interrupted.. Returning
2024-04-24T04:59:27,547  INFO [pool-226-thread-1] mapred.LocalJobRunner: 7 / 7 copied.
2024-04-24T04:59:27,547  INFO [pool-226-thread-1] reduce.MergeManagerImpl: finalMerge called with 7 in-memory map-outputs and 0 on-disk map-outputs
2024-04-24T04:59:27,554  INFO [pool-226-thread-1] mapred.Merger: Merging 7 sorted segments
2024-04-24T04:59:27,554  INFO [pool-226-thread-1] mapred.Merger: Down to the last merge-pass, with 7 segments left of total size: 640 bytes
2024-04-24T04:59:27,558  INFO [pool-226-thread-1] reduce.MergeManagerImpl: Merged 7 segments, 1725 bytes to disk to satisfy reduce memory limit
2024-04-24T04:59:27,558  INFO [pool-226-thread-1] reduce.MergeManagerImpl: Merging 1 files, 1717 bytes from disk
2024-04-24T04:59:27,558  INFO [pool-226-thread-1] reduce.MergeManagerImpl: Merging 0 segments, 0 bytes from memory into reduce
2024-04-24T04:59:27,558  INFO [pool-226-thread-1] mapred.Merger: Merging 1 sorted segments
2024-04-24T04:59:27,558  INFO [pool-226-thread-1] mapred.Merger: Down to the last merge-pass, with 1 segments left of total size: 1568 bytes
2024-04-24T04:59:27,558  INFO [pool-226-thread-1] mapred.LocalJobRunner: 7 / 7 copied.
2024-04-24T04:59:27,559  INFO [pool-226-thread-1] exec.SerializationUtilities: Deserializing ReduceWork using kryo
2024-04-24T04:59:27,559  INFO [pool-226-thread-1] exec.Utilities: Deserialized plan (via FILE) - name: null size: 6,14KB
2024-04-24T04:59:27,561  INFO [pool-226-thread-1] ExecReducer: 
<SEL>Id =3
  <Children>
    <FS>Id =4
      <Children>
      <\Children>
      <Parent>Id = 3 null<\Parent>
    <\FS>
  <\Children>
  <Parent><\Parent>
<\SEL>
2024-04-24T04:59:27,561  INFO [pool-226-thread-1] exec.SelectOperator: Initializing Operator: SEL[3]
2024-04-24T04:59:27,561  INFO [pool-226-thread-1] exec.SelectOperator: SELECT struct<key:struct<reducesinkkey0:int,reducesinkkey1:int,reducesinkkey2:string>,value:struct<_col0:struct<writeid:bigint,bucketid:int,rowid:bigint>>>
2024-04-24T04:59:27,561  INFO [pool-226-thread-1] exec.FileSinkOperator: Initializing Operator: FS[4]
2024-04-24T04:59:27,562  INFO [pool-226-thread-1] exec.FileSinkOperator: Using serializer : class org.apache.hadoop.hive.serde2.lazy.LazySimpleSerDe [serdeParams=org.apache.hadoop.hive.serde2.lazy.LazySerDeParameters@69c04ffb, cachedObjectInspector=org.apache.hadoop.hive.serde2.lazy.objectinspector.LazySimpleStructObjectInspector<org.apache.hadoop.hive.serde2.lazy.objectinspector.LazySimpleStructObjectInspector<org.apache.hadoop.hive.serde2.lazy.objectinspector.primitive.LazyLongObjectInspector@7fac3ce0,org.apache.hadoop.hive.serde2.lazy.objectinspector.primitive.LazyIntObjectInspector@3e3b41cb,org.apache.hadoop.hive.serde2.lazy.objectinspector.primitive.LazyLongObjectInspector@7fac3ce0>,org.apache.hadoop.hive.serde2.lazy.objectinspector.primitive.LazyIntObjectInspector@3e3b41cb,org.apache.hadoop.hive.serde2.lazy.objectinspector.primitive.LazyIntObjectInspector@3e3b41cb,org.apache.hadoop.hive.serde2.lazy.objectinspector.primitive.LazyStringObjectInspector@441a2d52>, serializedSize=0, stats=org.apache.hadoop.hive.serde2.SerDeStats@58631f63, lastOperationSerialize=false, lastOperationDeserialize=false [1, 2, 3, 4, 5, 6, 7, 8, 11, 14, 15, 16, 17, 18, 19, 20, 21, 22, 23, 24, 25, 26, 28, 29, 30, 31, -128, -127, -126, -125, -124, -123, -122, -121, -120, -119, -118, -117, -116, -115, -114, -113, -112, -111, -110, -109, -108, -107, -106, -105, -104, -103, -102, -101, -100, -99, -98, -97, -96, -95, -94, -93, -92, -91, -90, -89, -88, -87, -86, -85, -84, -83, -82, -81, -80, -79, -78, -77, -76, -75, -74, -73, -72, -71, -70, -69, -68, -67, -66, -65, -64, -63, -62, -61, -60, -59, -58, -57, -56, -55, -54, -53, -52, -51, -50, -49, -48, -47, -46, -45, -44, -43, -42, -41, -40, -39, -38, -37, -36, -35, -34, -33, -32, -31, -30, -29, -28, -27, -26, -25, -24, -23, -22, -21, -20, -19, -18, -17, -16, -15, -14, -13, -12, -11, -10, -9, -8, -7, -6, -5, -4, -3, -2, -1] : [_col0, _col1, _col2, _col3] : [struct<writeid:bigint,bucketid:int,rowid:bigint>, int, int, string]] and formatter : org.apache.hadoop.hive.ql.io.HiveSequenceFileOutputFormat@50be55b6
2024-04-24T04:59:27,563  INFO [pool-226-thread-1] exec.FileSinkOperator: Final Path: FS file:/home/alex/Repositories/hive/ql/target/tmp/localscratchdir/cd0e0edb-3ea1-4a99-b6d6-ac39120d4b88/hive_2024-04-24_04-59-26_583_1129979967468065710-1/-mr-10001/.hive-staging_hive_2024-04-24_04-59-26_583_1129979967468065710-1/_tmp.-ext-10002/000000_0
2024-04-24T04:59:27,563  INFO [pool-226-thread-1] exec.FileSinkOperator: Writing to temp file: FS file:/home/alex/Repositories/hive/ql/target/tmp/localscratchdir/cd0e0edb-3ea1-4a99-b6d6-ac39120d4b88/hive_2024-04-24_04-59-26_583_1129979967468065710-1/-mr-10001/.hive-staging_hive_2024-04-24_04-59-26_583_1129979967468065710-1/_task_tmp.-ext-10002/_tmp.000000_0
2024-04-24T04:59:27,563  INFO [pool-226-thread-1] exec.FileSinkOperator: New Final Path: FS file:/home/alex/Repositories/hive/ql/target/tmp/localscratchdir/cd0e0edb-3ea1-4a99-b6d6-ac39120d4b88/hive_2024-04-24_04-59-26_583_1129979967468065710-1/-mr-10001/.hive-staging_hive_2024-04-24_04-59-26_583_1129979967468065710-1/_tmp.-ext-10002/000000_0
2024-04-24T04:59:27,573  INFO [pool-226-thread-1] exec.FileSinkOperator: FS[4]: records written - 1
2024-04-24T04:59:27,574  INFO [pool-226-thread-1] exec.FileSinkOperator: FS[4]: records written - 10
2024-04-24T04:59:27,574  INFO [pool-226-thread-1] exec.SelectOperator: Closing Operator: SEL[3]
2024-04-24T04:59:27,574  INFO [pool-226-thread-1] exec.SelectOperator: RECORDS_OUT_OPERATOR_SEL_3:10, RECORDS_OUT_INTERMEDIATE:0, 
2024-04-24T04:59:27,574  INFO [pool-226-thread-1] exec.FileSinkOperator: Closing Operator: FS[4]
2024-04-24T04:59:27,574  INFO [pool-226-thread-1] exec.FileSinkOperator: FS[4]: records written - 10
2024-04-24T04:59:27,575  INFO [pool-226-thread-1] exec.FileSinkOperator: RECORDS_OUT_OPERATOR_FS_4:10, RECORDS_OUT_0:10, RECORDS_OUT_INTERMEDIATE:0, 
2024-04-24T04:59:27,576  INFO [pool-226-thread-1] mapred.Task: Task:attempt_local1849587386_0052_r_000000_0 is done. And is in the process of committing
2024-04-24T04:59:27,576  INFO [pool-226-thread-1] mapred.LocalJobRunner: reduce > reduce
2024-04-24T04:59:27,576  INFO [pool-226-thread-1] mapred.Task: Task 'attempt_local1849587386_0052_r_000000_0' done.
2024-04-24T04:59:27,576  INFO [pool-226-thread-1] mapred.Task: Final Counters for attempt_local1849587386_0052_r_000000_0: Counters: 29
	File System Counters
		FILE: Number of bytes read=1351568
		FILE: Number of bytes written=62562434
		FILE: Number of read operations=0
		FILE: Number of large read operations=0
		FILE: Number of write operations=0
	Map-Reduce Framework
		Combine input records=0
		Combine output records=0
		Reduce input groups=10
		Reduce shuffle bytes=1753
		Reduce input records=10
		Reduce output records=0
		Spilled Records=10
		Shuffled Maps =7
		Failed Shuffles=0
		Merged Map outputs=7
		GC time elapsed (ms)=0
		Total committed heap usage (bytes)=1214251008
	HIVE
		CREATED_FILES=1
		RECORDS_OUT_0=10
		RECORDS_OUT_INTERMEDIATE=0
		RECORDS_OUT_OPERATOR_FS_4=10
		RECORDS_OUT_OPERATOR_SEL_3=10
	Shuffle Errors
		BAD_ID=0
		CONNECTION=0
		IO_ERROR=0
		WRONG_LENGTH=0
		WRONG_MAP=0
		WRONG_REDUCE=0
	File Output Format Counters 
		Bytes Written=0
2024-04-24T04:59:27,576  INFO [pool-226-thread-1] mapred.LocalJobRunner: Finishing task: attempt_local1849587386_0052_r_000000_0
2024-04-24T04:59:27,576  INFO [Thread-3365] mapred.LocalJobRunner: reduce task executor complete.
2024-04-24 04:59:28,042 Stage-1 map = 100%,  reduce = 100%
2024-04-24T04:59:28,042  INFO [main] exec.Task: 2024-04-24 04:59:28,042 Stage-1 map = 100%,  reduce = 100%
Ended Job = job_local1849587386_0052
2024-04-24T04:59:28,045  INFO [main] exec.Task: Ended Job = job_local1849587386_0052
2024-04-24T04:59:28,049  INFO [main] metadata.Hive: Dumping metastore api call timing information for : execution phase
2024-04-24T04:59:28,049  INFO [main] metadata.Hive: Total time spent in each metastore function (ms): {}
MapReduce Jobs Launched: 
2024-04-24T04:59:28,050  INFO [main] ql.Driver: MapReduce Jobs Launched: 
Stage-Stage-1:  HDFS Read: 0 HDFS Write: 0 SUCCESS
2024-04-24T04:59:28,050  INFO [main] ql.Driver: Stage-Stage-1:  HDFS Read: 0 HDFS Write: 0 SUCCESS
Total MapReduce CPU Time Spent: 0 msec
2024-04-24T04:59:28,050  INFO [main] ql.Driver: Total MapReduce CPU Time Spent: 0 msec
2024-04-24T04:59:28,050  INFO [main] ql.Driver: Completed executing command(queryId=alex_20240424045922_68109ac7-b9b0-4cd1-ab3d-b0079e648348); Time taken: 1.311 seconds
2024-04-24T04:59:28,050  INFO [main] lockmgr.DbTxnManager: Stopped heartbeat for query: alex_20240424045922_68109ac7-b9b0-4cd1-ab3d-b0079e648348
2024-04-24T04:59:28,060  INFO [main] txn.TxnHandler: Expected to move at least one record from txn_components to completed_txn_components when committing txn! txnid:22
2024-04-24T04:59:28,067  INFO [main] txn.TxnHandler: Removed transactions: ([22]) from MIN_HISTORY_LEVEL
2024-04-24T04:59:28,067  WARN [main] txn.CompactionTxnHandler: No compaction queue record found for Compaction type transaction commit. txnId:22
2024-04-24T04:59:28,071  INFO [main] mapred.FileInputFormat: Total input files to process : 1
2024-04-24T04:59:28,072  INFO [main] exec.ListSinkOperator: Closing Operator: LIST_SINK[5]
2024-04-24T04:59:28,072  INFO [main] exec.ListSinkOperator: RECORDS_OUT_INTERMEDIATE:0, RECORDS_OUT_OPERATOR_LIST_SINK_5:10, 
2024-04-24T04:59:28,072  WARN [main] ql.TestTxnNoBuckets: null: read data(after converting to acid (no compaction)): 
2024-04-24T04:59:28,072  INFO [main] ql.TestTxnNoBuckets: {"writeid":0,"bucketid":537001984,"rowid":0}	1	2	file:/home/alex/Repositories/hive/ql/target/tmp/org.apache.hadoop.hive.ql.TestTxnNoBuckets-1713959849960/warehouse/t/000002_0
{"writeid":0,"bucketid":537001984,"rowid":1}	2	4	file:/home/alex/Repositories/hive/ql/target/tmp/org.apache.hadoop.hive.ql.TestTxnNoBuckets-1713959849960/warehouse/t/000002_0
{"writeid":0,"bucketid":536870912,"rowid":0}	5	6	file:/home/alex/Repositories/hive/ql/target/tmp/org.apache.hadoop.hive.ql.TestTxnNoBuckets-1713959849960/warehouse/t/000000_0
{"writeid":0,"bucketid":536936448,"rowid":0}	6	8	file:/home/alex/Repositories/hive/ql/target/tmp/org.apache.hadoop.hive.ql.TestTxnNoBuckets-1713959849960/warehouse/t/000001_0
{"writeid":0,"bucketid":536870912,"rowid":1}	9	10	file:/home/alex/Repositories/hive/ql/target/tmp/org.apache.hadoop.hive.ql.TestTxnNoBuckets-1713959849960/warehouse/t/000000_0
{"writeid":0,"bucketid":536870912,"rowid":3}	10	20	file:/home/alex/Repositories/hive/ql/target/tmp/org.apache.hadoop.hive.ql.TestTxnNoBuckets-1713959849960/warehouse/t/HIVE_UNION_SUBDIR_15/000000_0
{"writeid":0,"bucketid":536870912,"rowid":2}	12	12	file:/home/alex/Repositories/hive/ql/target/tmp/org.apache.hadoop.hive.ql.TestTxnNoBuckets-1713959849960/warehouse/t/000000_0_copy_1
{"writeid":0,"bucketid":536870912,"rowid":4}	20	40	file:/home/alex/Repositories/hive/ql/target/tmp/org.apache.hadoop.hive.ql.TestTxnNoBuckets-1713959849960/warehouse/t/HIVE_UNION_SUBDIR_15/000000_0
{"writeid":0,"bucketid":536870912,"rowid":5}	50	60	file:/home/alex/Repositories/hive/ql/target/tmp/org.apache.hadoop.hive.ql.TestTxnNoBuckets-1713959849960/warehouse/t/HIVE_UNION_SUBDIR_16/000000_0
{"writeid":0,"bucketid":536936448,"rowid":1}	60	80	file:/home/alex/Repositories/hive/ql/target/tmp/org.apache.hadoop.hive.ql.TestTxnNoBuckets-1713959849960/warehouse/t/HIVE_UNION_SUBDIR_16/000001_0

2024-04-24T04:59:28,073  INFO [main] ql.TxnCommandsBaseForTests: Running the query: EXPLAIN VECTORIZATION DETAIL update T set b = 88 where b = 80
2024-04-24T04:59:28,073  INFO [main] ql.Context: Deleting scratch dir: file:/home/alex/Repositories/hive/ql/target/tmp/localscratchdir/cd0e0edb-3ea1-4a99-b6d6-ac39120d4b88/hive_2024-04-24_04-59-26_583_1129979967468065710-1
2024-04-24T04:59:28,073  INFO [main] cleanup.SyncCleanupService: Deleted directory: file:/home/alex/Repositories/hive/ql/target/tmp/localscratchdir/cd0e0edb-3ea1-4a99-b6d6-ac39120d4b88/hive_2024-04-24_04-59-26_583_1129979967468065710-1 on fs with scheme file
2024-04-24T04:59:28,074  INFO [main] ql.Driver: Compiling command(queryId=alex_20240424045922_68109ac7-b9b0-4cd1-ab3d-b0079e648348): EXPLAIN VECTORIZATION DETAIL update T set b = 88 where b = 80
2024-04-24T04:59:28,077  INFO [main] txn.TxnHandler: Added entries to MIN_HISTORY_LEVEL for current txns: ([23]) with min_open_txn: 23
2024-04-24T04:59:28,077  INFO [main] lockmgr.DbTxnManager: Opened txnid:23
2024-04-24T04:59:28,078  INFO [main] HiveMetaStore.audit: ugi=alex	ip=unknown-ip-addr	cmd=get_table : tbl=hive.default.T	
2024-04-24T04:59:28,085  INFO [main] metastore.HMSHandler: Skipping translation for processor with null
2024-04-24T04:59:28,086  INFO [main] parse.RewriteSemanticAnalyzer: Going to reparse <EXPLAIN VECTORIZATION DETAIL update T set b = 88 where b = 80> as 
<insert into table `default`.`T` select ROW__ID,`a`,`b` from `default`.`T` sort by ROW__ID >
2024-04-24T04:59:28,086  INFO [main] parse.UpdateDeleteSemanticAnalyzer: Starting Semantic Analysis
2024-04-24T04:59:28,089  INFO [main] HiveMetaStore.audit: ugi=alex	ip=unknown-ip-addr	cmd=get_table : tbl=hive.default.T	
2024-04-24T04:59:28,096  INFO [main] metastore.HMSHandler: Skipping translation for processor with null
2024-04-24T04:59:28,096  INFO [main] parse.UpdateDeleteSemanticAnalyzer: Completed phase 1 of Semantic Analysis
2024-04-24T04:59:28,096  INFO [main] parse.UpdateDeleteSemanticAnalyzer: Get metadata for source tables
2024-04-24T04:59:28,097  INFO [main] HiveMetaStore.audit: ugi=alex	ip=unknown-ip-addr	cmd=get_table : tbl=hive.default.t	
2024-04-24T04:59:28,103  INFO [main] metastore.HMSHandler: Skipping translation for processor with null
2024-04-24T04:59:28,103  INFO [main] parse.UpdateDeleteSemanticAnalyzer: Get metadata for subqueries
2024-04-24T04:59:28,103  INFO [main] parse.UpdateDeleteSemanticAnalyzer: Get metadata for destination tables
2024-04-24T04:59:28,104  INFO [main] HiveMetaStore.audit: ugi=alex	ip=unknown-ip-addr	cmd=get_table : tbl=hive.default.T	
2024-04-24T04:59:28,111  INFO [main] metastore.HMSHandler: Skipping translation for processor with null
2024-04-24T04:59:28,111  INFO [main] parse.UpdateDeleteSemanticAnalyzer: Completed getting MetaData in Semantic Analysis
2024-04-24T04:59:28,111  INFO [main] parse.UpdateDeleteSemanticAnalyzer: Disabling LLAP IO encode as ETL query is detected
2024-04-24T04:59:28,124  INFO [main] HiveMetaStore.audit: ugi=alex	ip=unknown-ip-addr	cmd=get_all_table_constraints : tbl=hive.default.t	
2024-04-24T04:59:28,131  INFO [main] HiveMetaStore.audit: ugi=alex	ip=unknown-ip-addr	cmd=get_not_null_constraints : tbl=hive.default.t	
2024-04-24T04:59:28,132  INFO [main] HiveMetaStore.audit: ugi=alex	ip=unknown-ip-addr	cmd=get_check_constraints : tbl=hive.default.t	
2024-04-24T04:59:28,155  INFO [main] calcite.RelOptHiveTable: Calculating column statistics for default.t, projIndxSet: [0, 1], allowMissingStats: true
2024-04-24T04:59:28,155  INFO [main] HiveMetaStore.audit: ugi=alex	ip=unknown-ip-addr	cmd=get_table_statistics_req: table=hive.default.t	
2024-04-24T04:59:28,165  WARN [main] calcite.RelOptHiveTable: No Stats for default@t, Columns: b, a
No Stats for default@t, Columns: b, a
2024-04-24T04:59:28,165  INFO [main] SessionState: No Stats for default@t, Columns: b, a
2024-04-24T04:59:28,236  INFO [main] parse.UpdateDeleteSemanticAnalyzer: Get metadata for source tables
2024-04-24T04:59:28,236  INFO [main] parse.UpdateDeleteSemanticAnalyzer: Get metadata for subqueries
2024-04-24T04:59:28,236  INFO [main] parse.UpdateDeleteSemanticAnalyzer: Get metadata for destination tables
2024-04-24T04:59:28,237  INFO [main] HiveMetaStore.audit: ugi=alex	ip=unknown-ip-addr	cmd=get_table : tbl=hive.default.T	
2024-04-24T04:59:28,244  INFO [main] metastore.HMSHandler: Skipping translation for processor with null
2024-04-24T04:59:28,247 ERROR [main] parse.UpdateDeleteSemanticAnalyzer: CBO failed, skipping CBO. 
org.apache.hadoop.hive.ql.exec.NoMatchingMethodException: No matching method for class org.apache.hadoop.hive.ql.udf.UDFToInteger with (struct<writeid:bigint,bucketid:int,rowid:bigint>). Possible choices: _FUNC_(bigint)  _FUNC_(boolean)  _FUNC_(decimal(38,18))  _FUNC_(double)  _FUNC_(float)  _FUNC_(smallint)  _FUNC_(string)  _FUNC_(struct<bucketid:bigint,rowid:bigint,writeid:int>)  _FUNC_(timestamp)  _FUNC_(tinyint)  _FUNC_(void)  
	at org.apache.hadoop.hive.ql.exec.MethodUtils.getMethodInternal(MethodUtils.java:130) ~[classes/:?]
	at org.apache.hadoop.hive.ql.exec.MethodUtils.getMethodInternal(MethodUtils.java:60) ~[classes/:?]
	at org.apache.hadoop.hive.ql.exec.DefaultUDFMethodResolver.getEvalMethod(DefaultUDFMethodResolver.java:59) ~[classes/:?]
	at org.apache.hadoop.hive.ql.udf.TimestampCastRestrictorResolver.getEvalMethod(TimestampCastRestrictorResolver.java:68) ~[classes/:?]
	at org.apache.hadoop.hive.ql.udf.generic.GenericUDFBridge.initialize(GenericUDFBridge.java:168) ~[classes/:?]
	at org.apache.hadoop.hive.ql.udf.generic.GenericUDF.initializeAndFoldConstants(GenericUDF.java:149) ~[classes/:?]
	at org.apache.hadoop.hive.ql.plan.ExprNodeGenericFuncDesc.newInstance(ExprNodeGenericFuncDesc.java:235) ~[classes/:?]
	at org.apache.hadoop.hive.ql.parse.type.ExprNodeDescExprFactory.createFuncCallExpr(ExprNodeDescExprFactory.java:584) ~[classes/:?]
	at org.apache.hadoop.hive.ql.parse.type.ExprNodeDescExprFactory.createFuncCallExpr(ExprNodeDescExprFactory.java:97) ~[classes/:?]
	at org.apache.hadoop.hive.ql.parse.type.TypeCheckProcFactory$DefaultExprProcessor.getFuncExprNodeDescWithUdfData(TypeCheckProcFactory.java:762) ~[classes/:?]
	at org.apache.hadoop.hive.ql.parse.type.TypeCheckProcFactory$DefaultExprProcessor.createConversionCast(TypeCheckProcFactory.java:783) ~[classes/:?]
	at org.apache.hadoop.hive.ql.parse.SemanticAnalyzer.getPartitionColsFromBucketColsForUpdateDelete(SemanticAnalyzer.java:8725) ~[classes/:?]
	at org.apache.hadoop.hive.ql.parse.SemanticAnalyzer.genBucketingSortingDest(SemanticAnalyzer.java:6914) ~[classes/:?]
	at org.apache.hadoop.hive.ql.parse.SemanticAnalyzer.genFileSinkPlan(SemanticAnalyzer.java:7335) ~[classes/:?]
	at org.apache.hadoop.hive.ql.parse.SemanticAnalyzer.genPostGroupByBodyPlan(SemanticAnalyzer.java:11063) ~[classes/:?]
	at org.apache.hadoop.hive.ql.parse.SemanticAnalyzer.genBodyPlan(SemanticAnalyzer.java:10938) ~[classes/:?]
	at org.apache.hadoop.hive.ql.parse.SemanticAnalyzer.genPlan(SemanticAnalyzer.java:11853) ~[classes/:?]
	at org.apache.hadoop.hive.ql.parse.SemanticAnalyzer.genPlan(SemanticAnalyzer.java:11723) ~[classes/:?]
	at org.apache.hadoop.hive.ql.parse.CalcitePlanner.genOPTree(CalcitePlanner.java:626) ~[classes/:?]
	at org.apache.hadoop.hive.ql.parse.SemanticAnalyzer.analyzeInternal(SemanticAnalyzer.java:12558) ~[classes/:?]
	at org.apache.hadoop.hive.ql.parse.CalcitePlanner.analyzeInternal(CalcitePlanner.java:456) ~[classes/:?]
	at org.apache.hadoop.hive.ql.parse.RewriteSemanticAnalyzer.analyzeInternal(RewriteSemanticAnalyzer.java:67) ~[classes/:?]
	at org.apache.hadoop.hive.ql.parse.BaseSemanticAnalyzer.analyze(BaseSemanticAnalyzer.java:317) ~[classes/:?]
	at org.apache.hadoop.hive.ql.parse.UpdateDeleteSemanticAnalyzer.reparseAndSuperAnalyze(UpdateDeleteSemanticAnalyzer.java:208) ~[classes/:?]
	at org.apache.hadoop.hive.ql.parse.UpdateDeleteSemanticAnalyzer.analyzeUpdate(UpdateDeleteSemanticAnalyzer.java:63) ~[classes/:?]
	at org.apache.hadoop.hive.ql.parse.UpdateDeleteSemanticAnalyzer.analyze(UpdateDeleteSemanticAnalyzer.java:53) ~[classes/:?]
	at org.apache.hadoop.hive.ql.parse.RewriteSemanticAnalyzer.analyzeInternal(RewriteSemanticAnalyzer.java:72) ~[classes/:?]
	at org.apache.hadoop.hive.ql.parse.BaseSemanticAnalyzer.analyze(BaseSemanticAnalyzer.java:317) ~[classes/:?]
	at org.apache.hadoop.hive.ql.parse.ExplainSemanticAnalyzer.analyzeInternal(ExplainSemanticAnalyzer.java:175) ~[classes/:?]
	at org.apache.hadoop.hive.ql.parse.BaseSemanticAnalyzer.analyze(BaseSemanticAnalyzer.java:317) ~[classes/:?]
	at org.apache.hadoop.hive.ql.Compiler.analyze(Compiler.java:223) ~[classes/:?]
	at org.apache.hadoop.hive.ql.Compiler.compile(Compiler.java:105) ~[classes/:?]
	at org.apache.hadoop.hive.ql.Driver.compile(Driver.java:500) ~[classes/:?]
	at org.apache.hadoop.hive.ql.Driver.compileInternal(Driver.java:453) ~[classes/:?]
	at org.apache.hadoop.hive.ql.Driver.runInternal(Driver.java:181) ~[classes/:?]
	at org.apache.hadoop.hive.ql.Driver.run(Driver.java:153) ~[classes/:?]
	at org.apache.hadoop.hive.ql.Driver.run(Driver.java:140) ~[classes/:?]
	at org.apache.hadoop.hive.ql.TxnCommandsBaseForTests.runStatementOnDriver(TxnCommandsBaseForTests.java:245) ~[test-classes/:?]
	at org.apache.hadoop.hive.ql.TxnCommandsBaseForTests.assertVectorized(TxnCommandsBaseForTests.java:268) ~[test-classes/:?]
	at org.apache.hadoop.hive.ql.TestTxnNoBuckets.testToAcidConversionMultiBucket(TestTxnNoBuckets.java:454) ~[test-classes/:?]
	at sun.reflect.NativeMethodAccessorImpl.invoke0(Native Method) ~[?:1.8.0_402]
	at sun.reflect.NativeMethodAccessorImpl.invoke(NativeMethodAccessorImpl.java:62) ~[?:1.8.0_402]
	at sun.reflect.DelegatingMethodAccessorImpl.invoke(DelegatingMethodAccessorImpl.java:43) ~[?:1.8.0_402]
	at java.lang.reflect.Method.invoke(Method.java:498) ~[?:1.8.0_402]
	at org.junit.runners.model.FrameworkMethod$1.runReflectiveCall(FrameworkMethod.java:59) ~[junit-4.13.jar:4.13]
	at org.junit.internal.runners.model.ReflectiveCallable.run(ReflectiveCallable.java:12) ~[junit-4.13.jar:4.13]
	at org.junit.runners.model.FrameworkMethod.invokeExplosively(FrameworkMethod.java:56) ~[junit-4.13.jar:4.13]
	at org.junit.internal.runners.statements.InvokeMethod.evaluate(InvokeMethod.java:17) ~[junit-4.13.jar:4.13]
	at org.junit.internal.runners.statements.RunBefores.evaluate(RunBefores.java:26) ~[junit-4.13.jar:4.13]
	at org.junit.internal.runners.statements.RunAfters.evaluate(RunAfters.java:27) ~[junit-4.13.jar:4.13]
	at org.junit.rules.TestWatcher$1.evaluate(TestWatcher.java:61) ~[junit-4.13.jar:4.13]
	at org.junit.runners.ParentRunner$3.evaluate(ParentRunner.java:306) ~[junit-4.13.jar:4.13]
	at org.junit.runners.BlockJUnit4ClassRunner$1.evaluate(BlockJUnit4ClassRunner.java:100) ~[junit-4.13.jar:4.13]
	at org.junit.runners.ParentRunner.runLeaf(ParentRunner.java:366) ~[junit-4.13.jar:4.13]
	at org.junit.runners.BlockJUnit4ClassRunner.runChild(BlockJUnit4ClassRunner.java:103) ~[junit-4.13.jar:4.13]
	at org.junit.runners.BlockJUnit4ClassRunner.runChild(BlockJUnit4ClassRunner.java:63) ~[junit-4.13.jar:4.13]
	at org.junit.runners.ParentRunner$4.run(ParentRunner.java:331) ~[junit-4.13.jar:4.13]
	at org.junit.runners.ParentRunner$1.schedule(ParentRunner.java:79) ~[junit-4.13.jar:4.13]
	at org.junit.runners.ParentRunner.runChildren(ParentRunner.java:329) ~[junit-4.13.jar:4.13]
	at org.junit.runners.ParentRunner.access$100(ParentRunner.java:66) ~[junit-4.13.jar:4.13]
	at org.junit.runners.ParentRunner$2.evaluate(ParentRunner.java:293) ~[junit-4.13.jar:4.13]
	at org.junit.runners.ParentRunner$3.evaluate(ParentRunner.java:306) ~[junit-4.13.jar:4.13]
	at org.junit.runners.ParentRunner.run(ParentRunner.java:413) ~[junit-4.13.jar:4.13]
	at org.junit.runner.JUnitCore.run(JUnitCore.java:137) ~[junit-4.13.jar:4.13]
	at org.junit.runner.JUnitCore.run(JUnitCore.java:115) ~[junit-4.13.jar:4.13]
	at org.junit.vintage.engine.execution.RunnerExecutor.execute(RunnerExecutor.java:43) ~[junit-vintage-engine-5.6.2.jar:5.6.2]
	at java.util.stream.ForEachOps$ForEachOp$OfRef.accept(ForEachOps.java:183) ~[?:1.8.0_402]
	at java.util.stream.ReferencePipeline$3$1.accept(ReferencePipeline.java:193) ~[?:1.8.0_402]
	at java.util.Iterator.forEachRemaining(Iterator.java:116) ~[?:1.8.0_402]
	at java.util.Spliterators$IteratorSpliterator.forEachRemaining(Spliterators.java:1801) ~[?:1.8.0_402]
	at java.util.stream.AbstractPipeline.copyInto(AbstractPipeline.java:482) ~[?:1.8.0_402]
	at java.util.stream.AbstractPipeline.wrapAndCopyInto(AbstractPipeline.java:472) ~[?:1.8.0_402]
	at java.util.stream.ForEachOps$ForEachOp.evaluateSequential(ForEachOps.java:150) ~[?:1.8.0_402]
	at java.util.stream.ForEachOps$ForEachOp$OfRef.evaluateSequential(ForEachOps.java:173) ~[?:1.8.0_402]
	at java.util.stream.AbstractPipeline.evaluate(AbstractPipeline.java:234) ~[?:1.8.0_402]
	at java.util.stream.ReferencePipeline.forEach(ReferencePipeline.java:485) ~[?:1.8.0_402]
	at org.junit.vintage.engine.VintageTestEngine.executeAllChildren(VintageTestEngine.java:82) ~[junit-vintage-engine-5.6.2.jar:5.6.2]
	at org.junit.vintage.engine.VintageTestEngine.execute(VintageTestEngine.java:73) ~[junit-vintage-engine-5.6.2.jar:5.6.2]
	at org.junit.platform.launcher.core.DefaultLauncher.execute(DefaultLauncher.java:248) ~[junit-platform-launcher-1.6.2.jar:1.6.2]
	at org.junit.platform.launcher.core.DefaultLauncher.lambda$execute$5(DefaultLauncher.java:211) ~[junit-platform-launcher-1.6.2.jar:1.6.2]
	at org.junit.platform.launcher.core.DefaultLauncher.withInterceptedStreams(DefaultLauncher.java:226) [junit-platform-launcher-1.6.2.jar:1.6.2]
	at org.junit.platform.launcher.core.DefaultLauncher.execute(DefaultLauncher.java:199) [junit-platform-launcher-1.6.2.jar:1.6.2]
	at org.junit.platform.launcher.core.DefaultLauncher.execute(DefaultLauncher.java:132) [junit-platform-launcher-1.6.2.jar:1.6.2]
	at org.apache.maven.surefire.junitplatform.JUnitPlatformProvider.invokeAllTests(JUnitPlatformProvider.java:154) [surefire-junit-platform-3.0.0-M4.jar:3.0.0-M4]
	at org.apache.maven.surefire.junitplatform.JUnitPlatformProvider.invoke(JUnitPlatformProvider.java:123) [surefire-junit-platform-3.0.0-M4.jar:3.0.0-M4]
	at org.apache.maven.surefire.booter.ForkedBooter.runSuitesInProcess(ForkedBooter.java:377) [surefire-booter-3.0.0-M4.jar:3.0.0-M4]
	at org.apache.maven.surefire.booter.ForkedBooter.execute(ForkedBooter.java:138) [surefire-booter-3.0.0-M4.jar:3.0.0-M4]
	at org.apache.maven.surefire.booter.ForkedBooter.run(ForkedBooter.java:465) [surefire-booter-3.0.0-M4.jar:3.0.0-M4]
	at org.apache.maven.surefire.booter.ForkedBooter.main(ForkedBooter.java:451) [surefire-booter-3.0.0-M4.jar:3.0.0-M4]
2024-04-24T04:59:28,248 ERROR [main] parse.UpdateDeleteSemanticAnalyzer: CBO failed due to missing column stats (see previous errors), skipping CBO
FAILED: NoMatchingMethodException No matching method for class org.apache.hadoop.hive.ql.udf.UDFToInteger with (struct<writeid:bigint,bucketid:int,rowid:bigint>). Possible choices: _FUNC_(bigint)  _FUNC_(boolean)  _FUNC_(decimal(38,18))  _FUNC_(double)  _FUNC_(float)  _FUNC_(smallint)  _FUNC_(string)  _FUNC_(struct<bucketid:bigint,rowid:bigint,writeid:int>)  _FUNC_(timestamp)  _FUNC_(tinyint)  _FUNC_(void)  
2024-04-24T04:59:28,248 ERROR [main] ql.Driver: FAILED: NoMatchingMethodException No matching method for class org.apache.hadoop.hive.ql.udf.UDFToInteger with (struct<writeid:bigint,bucketid:int,rowid:bigint>). Possible choices: _FUNC_(bigint)  _FUNC_(boolean)  _FUNC_(decimal(38,18))  _FUNC_(double)  _FUNC_(float)  _FUNC_(smallint)  _FUNC_(string)  _FUNC_(struct<bucketid:bigint,rowid:bigint,writeid:int>)  _FUNC_(timestamp)  _FUNC_(tinyint)  _FUNC_(void)  
org.apache.hadoop.hive.ql.exec.NoMatchingMethodException: No matching method for class org.apache.hadoop.hive.ql.udf.UDFToInteger with (struct<writeid:bigint,bucketid:int,rowid:bigint>). Possible choices: _FUNC_(bigint)  _FUNC_(boolean)  _FUNC_(decimal(38,18))  _FUNC_(double)  _FUNC_(float)  _FUNC_(smallint)  _FUNC_(string)  _FUNC_(struct<bucketid:bigint,rowid:bigint,writeid:int>)  _FUNC_(timestamp)  _FUNC_(tinyint)  _FUNC_(void)  
	at org.apache.hadoop.hive.ql.exec.MethodUtils.getMethodInternal(MethodUtils.java:130)
	at org.apache.hadoop.hive.ql.exec.MethodUtils.getMethodInternal(MethodUtils.java:60)
	at org.apache.hadoop.hive.ql.exec.DefaultUDFMethodResolver.getEvalMethod(DefaultUDFMethodResolver.java:59)
	at org.apache.hadoop.hive.ql.udf.TimestampCastRestrictorResolver.getEvalMethod(TimestampCastRestrictorResolver.java:68)
	at org.apache.hadoop.hive.ql.udf.generic.GenericUDFBridge.initialize(GenericUDFBridge.java:168)
	at org.apache.hadoop.hive.ql.udf.generic.GenericUDF.initializeAndFoldConstants(GenericUDF.java:149)
	at org.apache.hadoop.hive.ql.plan.ExprNodeGenericFuncDesc.newInstance(ExprNodeGenericFuncDesc.java:235)
	at org.apache.hadoop.hive.ql.parse.type.ExprNodeDescExprFactory.createFuncCallExpr(ExprNodeDescExprFactory.java:584)
	at org.apache.hadoop.hive.ql.parse.type.ExprNodeDescExprFactory.createFuncCallExpr(ExprNodeDescExprFactory.java:97)
	at org.apache.hadoop.hive.ql.parse.type.TypeCheckProcFactory$DefaultExprProcessor.getFuncExprNodeDescWithUdfData(TypeCheckProcFactory.java:762)
	at org.apache.hadoop.hive.ql.parse.type.TypeCheckProcFactory$DefaultExprProcessor.createConversionCast(TypeCheckProcFactory.java:783)
	at org.apache.hadoop.hive.ql.parse.SemanticAnalyzer.getPartitionColsFromBucketColsForUpdateDelete(SemanticAnalyzer.java:8725)
	at org.apache.hadoop.hive.ql.parse.SemanticAnalyzer.genBucketingSortingDest(SemanticAnalyzer.java:6914)
	at org.apache.hadoop.hive.ql.parse.SemanticAnalyzer.genFileSinkPlan(SemanticAnalyzer.java:7335)
	at org.apache.hadoop.hive.ql.parse.SemanticAnalyzer.genPostGroupByBodyPlan(SemanticAnalyzer.java:11063)
	at org.apache.hadoop.hive.ql.parse.SemanticAnalyzer.genBodyPlan(SemanticAnalyzer.java:10938)
	at org.apache.hadoop.hive.ql.parse.SemanticAnalyzer.genPlan(SemanticAnalyzer.java:11853)
	at org.apache.hadoop.hive.ql.parse.SemanticAnalyzer.genPlan(SemanticAnalyzer.java:11723)
	at org.apache.hadoop.hive.ql.parse.CalcitePlanner.genOPTree(CalcitePlanner.java:626)
	at org.apache.hadoop.hive.ql.parse.SemanticAnalyzer.analyzeInternal(SemanticAnalyzer.java:12558)
	at org.apache.hadoop.hive.ql.parse.CalcitePlanner.analyzeInternal(CalcitePlanner.java:456)
	at org.apache.hadoop.hive.ql.parse.RewriteSemanticAnalyzer.analyzeInternal(RewriteSemanticAnalyzer.java:67)
	at org.apache.hadoop.hive.ql.parse.BaseSemanticAnalyzer.analyze(BaseSemanticAnalyzer.java:317)
	at org.apache.hadoop.hive.ql.parse.UpdateDeleteSemanticAnalyzer.reparseAndSuperAnalyze(UpdateDeleteSemanticAnalyzer.java:208)
	at org.apache.hadoop.hive.ql.parse.UpdateDeleteSemanticAnalyzer.analyzeUpdate(UpdateDeleteSemanticAnalyzer.java:63)
	at org.apache.hadoop.hive.ql.parse.UpdateDeleteSemanticAnalyzer.analyze(UpdateDeleteSemanticAnalyzer.java:53)
	at org.apache.hadoop.hive.ql.parse.RewriteSemanticAnalyzer.analyzeInternal(RewriteSemanticAnalyzer.java:72)
	at org.apache.hadoop.hive.ql.parse.BaseSemanticAnalyzer.analyze(BaseSemanticAnalyzer.java:317)
	at org.apache.hadoop.hive.ql.parse.ExplainSemanticAnalyzer.analyzeInternal(ExplainSemanticAnalyzer.java:175)
	at org.apache.hadoop.hive.ql.parse.BaseSemanticAnalyzer.analyze(BaseSemanticAnalyzer.java:317)
	at org.apache.hadoop.hive.ql.Compiler.analyze(Compiler.java:223)
	at org.apache.hadoop.hive.ql.Compiler.compile(Compiler.java:105)
	at org.apache.hadoop.hive.ql.Driver.compile(Driver.java:500)
	at org.apache.hadoop.hive.ql.Driver.compileInternal(Driver.java:453)
	at org.apache.hadoop.hive.ql.Driver.runInternal(Driver.java:181)
	at org.apache.hadoop.hive.ql.Driver.run(Driver.java:153)
	at org.apache.hadoop.hive.ql.Driver.run(Driver.java:140)
	at org.apache.hadoop.hive.ql.TxnCommandsBaseForTests.runStatementOnDriver(TxnCommandsBaseForTests.java:245)
	at org.apache.hadoop.hive.ql.TxnCommandsBaseForTests.assertVectorized(TxnCommandsBaseForTests.java:268)
	at org.apache.hadoop.hive.ql.TestTxnNoBuckets.testToAcidConversionMultiBucket(TestTxnNoBuckets.java:454)
	at sun.reflect.NativeMethodAccessorImpl.invoke0(Native Method)
	at sun.reflect.NativeMethodAccessorImpl.invoke(NativeMethodAccessorImpl.java:62)
	at sun.reflect.DelegatingMethodAccessorImpl.invoke(DelegatingMethodAccessorImpl.java:43)
	at java.lang.reflect.Method.invoke(Method.java:498)
	at org.junit.runners.model.FrameworkMethod$1.runReflectiveCall(FrameworkMethod.java:59)
	at org.junit.internal.runners.model.ReflectiveCallable.run(ReflectiveCallable.java:12)
	at org.junit.runners.model.FrameworkMethod.invokeExplosively(FrameworkMethod.java:56)
	at org.junit.internal.runners.statements.InvokeMethod.evaluate(InvokeMethod.java:17)
	at org.junit.internal.runners.statements.RunBefores.evaluate(RunBefores.java:26)
	at org.junit.internal.runners.statements.RunAfters.evaluate(RunAfters.java:27)
	at org.junit.rules.TestWatcher$1.evaluate(TestWatcher.java:61)
	at org.junit.runners.ParentRunner$3.evaluate(ParentRunner.java:306)
	at org.junit.runners.BlockJUnit4ClassRunner$1.evaluate(BlockJUnit4ClassRunner.java:100)
	at org.junit.runners.ParentRunner.runLeaf(ParentRunner.java:366)
	at org.junit.runners.BlockJUnit4ClassRunner.runChild(BlockJUnit4ClassRunner.java:103)
	at org.junit.runners.BlockJUnit4ClassRunner.runChild(BlockJUnit4ClassRunner.java:63)
	at org.junit.runners.ParentRunner$4.run(ParentRunner.java:331)
	at org.junit.runners.ParentRunner$1.schedule(ParentRunner.java:79)
	at org.junit.runners.ParentRunner.runChildren(ParentRunner.java:329)
	at org.junit.runners.ParentRunner.access$100(ParentRunner.java:66)
	at org.junit.runners.ParentRunner$2.evaluate(ParentRunner.java:293)
	at org.junit.runners.ParentRunner$3.evaluate(ParentRunner.java:306)
	at org.junit.runners.ParentRunner.run(ParentRunner.java:413)
	at org.junit.runner.JUnitCore.run(JUnitCore.java:137)
	at org.junit.runner.JUnitCore.run(JUnitCore.java:115)
	at org.junit.vintage.engine.execution.RunnerExecutor.execute(RunnerExecutor.java:43)
	at java.util.stream.ForEachOps$ForEachOp$OfRef.accept(ForEachOps.java:183)
	at java.util.stream.ReferencePipeline$3$1.accept(ReferencePipeline.java:193)
	at java.util.Iterator.forEachRemaining(Iterator.java:116)
	at java.util.Spliterators$IteratorSpliterator.forEachRemaining(Spliterators.java:1801)
	at java.util.stream.AbstractPipeline.copyInto(AbstractPipeline.java:482)
	at java.util.stream.AbstractPipeline.wrapAndCopyInto(AbstractPipeline.java:472)
	at java.util.stream.ForEachOps$ForEachOp.evaluateSequential(ForEachOps.java:150)
	at java.util.stream.ForEachOps$ForEachOp$OfRef.evaluateSequential(ForEachOps.java:173)
	at java.util.stream.AbstractPipeline.evaluate(AbstractPipeline.java:234)
	at java.util.stream.ReferencePipeline.forEach(ReferencePipeline.java:485)
	at org.junit.vintage.engine.VintageTestEngine.executeAllChildren(VintageTestEngine.java:82)
	at org.junit.vintage.engine.VintageTestEngine.execute(VintageTestEngine.java:73)
	at org.junit.platform.launcher.core.DefaultLauncher.execute(DefaultLauncher.java:248)
	at org.junit.platform.launcher.core.DefaultLauncher.lambda$execute$5(DefaultLauncher.java:211)
	at org.junit.platform.launcher.core.DefaultLauncher.withInterceptedStreams(DefaultLauncher.java:226)
	at org.junit.platform.launcher.core.DefaultLauncher.execute(DefaultLauncher.java:199)
	at org.junit.platform.launcher.core.DefaultLauncher.execute(DefaultLauncher.java:132)
	at org.apache.maven.surefire.junitplatform.JUnitPlatformProvider.invokeAllTests(JUnitPlatformProvider.java:154)
	at org.apache.maven.surefire.junitplatform.JUnitPlatformProvider.invoke(JUnitPlatformProvider.java:123)
	at org.apache.maven.surefire.booter.ForkedBooter.runSuitesInProcess(ForkedBooter.java:377)
	at org.apache.maven.surefire.booter.ForkedBooter.execute(ForkedBooter.java:138)
	at org.apache.maven.surefire.booter.ForkedBooter.run(ForkedBooter.java:465)
	at org.apache.maven.surefire.booter.ForkedBooter.main(ForkedBooter.java:451)

2024-04-24T04:59:28,249  INFO [main] metadata.Hive: Dumping metastore api call timing information for : compilation phase
2024-04-24T04:59:28,249  INFO [main] metadata.Hive: Total time spent in each metastore function (ms): {getValidTxns_(long)=0, isCompatibleWith_(Configuration)=0, getTableColumnStatistics_(String, String, List, String)=9, getTable_(GetTableRequest)=36, getCheckConstraints_(CheckConstraintsRequest)=1, flushCache_()=0, commitTxn_(CommitTxnRequest)=18, openTxn_(String, TxnType)=2, getAllTableConstraints_(AllTableConstraintsRequest)=5, getNotNullConstraints_(NotNullConstraintsRequest)=1, getValidWriteIds_(List, String)=5}
2024-04-24T04:59:28,249  INFO [main] ql.Driver: Completed compiling command(queryId=alex_20240424045922_68109ac7-b9b0-4cd1-ab3d-b0079e648348); Time taken: 0.174 seconds
2024-04-24T04:59:28,249  INFO [main] lockmgr.DbTxnManager: Stopped heartbeat for query: alex_20240424045922_68109ac7-b9b0-4cd1-ab3d-b0079e648348
2024-04-24T04:59:28,252  INFO [main] txn.TxnHandler: Removed transactions: ([23]) from MIN_HISTORY_LEVEL
2024-04-24T04:59:28,258  INFO [main] ql.TxnCommandsBaseForTests: Running the query: drop table if exists acidTbl
2024-04-24T04:59:28,258  INFO [main] ql.Driver: Compiling command(queryId=alex_20240424045922_68109ac7-b9b0-4cd1-ab3d-b0079e648348): drop table if exists acidTbl
2024-04-24T04:59:28,260  INFO [main] txn.TxnHandler: Added entries to MIN_HISTORY_LEVEL for current txns: ([24]) with min_open_txn: 23
2024-04-24T04:59:28,260  INFO [main] lockmgr.DbTxnManager: Opened txnid:24
2024-04-24T04:59:28,261  INFO [main] HiveMetaStore.audit: ugi=alex	ip=unknown-ip-addr	cmd=get_table : tbl=hive.default.acidTbl	
2024-04-24T04:59:28,268  INFO [main] metastore.HMSHandler: Skipping translation for processor with null
2024-04-24T04:59:28,268  INFO [main] ql.Driver: Semantic Analysis Completed (retrial = false)
2024-04-24T04:59:28,268  INFO [main] ql.Driver: Created Hive schema: Schema(fieldSchemas:null, properties:null)
2024-04-24T04:59:28,268  INFO [main] metadata.Hive: Dumping metastore api call timing information for : compilation phase
2024-04-24T04:59:28,268  INFO [main] metadata.Hive: Total time spent in each metastore function (ms): {isCompatibleWith_(Configuration)=0, flushCache_()=0, rollbackTxn_(long)=9, openTxn_(String, TxnType)=1, getTable_(GetTableRequest)=7, getValidTxns_(long)=0}
2024-04-24T04:59:28,268  INFO [main] ql.Driver: Completed compiling command(queryId=alex_20240424045922_68109ac7-b9b0-4cd1-ab3d-b0079e648348); Time taken: 0.01 seconds
2024-04-24T04:59:28,269  INFO [main] lockmgr.DbTxnManager: Setting lock request transaction to txnid:24 for queryId=alex_20240424045922_68109ac7-b9b0-4cd1-ab3d-b0079e648348
2024-04-24T04:59:28,269  INFO [main] lockmgr.DbLockManager: Requesting lock for queryId=alex_20240424045922_68109ac7-b9b0-4cd1-ab3d-b0079e648348
2024-04-24T04:59:28,282  INFO [main] lockmgr.DbLockManager: Response to queryId=alex_20240424045922_68109ac7-b9b0-4cd1-ab3d-b0079e648348 LockResponse(lockid:17, state:ACQUIRED)
2024-04-24T04:59:28,282  INFO [main] ql.Driver: Operation DROPTABLE obtained 1 locks
2024-04-24T04:59:28,282  INFO [main] ql.Driver: Executing command(queryId=alex_20240424045922_68109ac7-b9b0-4cd1-ab3d-b0079e648348): drop table if exists acidTbl
2024-04-24T04:59:28,283  INFO [main] ql.Driver: Starting task [Stage-0:DDL] in serial mode
2024-04-24T04:59:28,283  INFO [main] HiveMetaStore.audit: ugi=alex	ip=unknown-ip-addr	cmd=get_table : tbl=hive.default.acidTbl	
2024-04-24T04:59:28,291  INFO [main] metastore.HMSHandler: Skipping translation for processor with null
2024-04-24T04:59:28,291  INFO [main] HiveMetaStore.audit: ugi=alex	ip=unknown-ip-addr	cmd=get_table : tbl=hive.default.acidTbl	
2024-04-24T04:59:28,298  INFO [main] metastore.HMSHandler: Skipping translation for processor with null
2024-04-24T04:59:28,298  INFO [main] HiveMetaStore.audit: ugi=alex	ip=unknown-ip-addr	cmd=drop_table : tbl=hive.default.acidTbl	
2024-04-24T04:59:28,401  INFO [main] metadata.Hive: Dumping metastore api call timing information for : execution phase
2024-04-24T04:59:28,401  INFO [main] metadata.Hive: Total time spent in each metastore function (ms): {dropTable_(String, String, boolean, boolean, boolean)=110, isCompatibleWith_(Configuration)=0, getTable_(GetTableRequest)=8}
2024-04-24T04:59:28,401  INFO [main] ql.Driver: Completed executing command(queryId=alex_20240424045922_68109ac7-b9b0-4cd1-ab3d-b0079e648348); Time taken: 0.119 seconds
2024-04-24T04:59:28,401  INFO [main] lockmgr.DbTxnManager: Stopped heartbeat for query: alex_20240424045922_68109ac7-b9b0-4cd1-ab3d-b0079e648348
2024-04-24T04:59:28,404  INFO [main] txn.TxnHandler: Expected to move at least one record from txn_components to completed_txn_components when committing txn! txnid:24
2024-04-24T04:59:28,410  INFO [main] txn.TxnHandler: Removed transactions: ([24]) from MIN_HISTORY_LEVEL
2024-04-24T04:59:28,410  WARN [main] txn.CompactionTxnHandler: No compaction queue record found for Compaction type transaction commit. txnId:24
2024-04-24T04:59:28,410  INFO [main] ql.TxnCommandsBaseForTests: Running the query: drop table if exists acidTblPart
2024-04-24T04:59:28,411  INFO [main] ql.Driver: Compiling command(queryId=alex_20240424045922_68109ac7-b9b0-4cd1-ab3d-b0079e648348): drop table if exists acidTblPart
2024-04-24T04:59:28,412  INFO [main] txn.TxnHandler: Added entries to MIN_HISTORY_LEVEL for current txns: ([25]) with min_open_txn: 23
2024-04-24T04:59:28,413  INFO [main] lockmgr.DbTxnManager: Opened txnid:25
2024-04-24T04:59:28,413  INFO [main] HiveMetaStore.audit: ugi=alex	ip=unknown-ip-addr	cmd=get_table : tbl=hive.default.acidTblPart	
2024-04-24T04:59:28,427  INFO [main] metastore.HMSHandler: Skipping translation for processor with null
2024-04-24T04:59:28,427  INFO [main] ql.Driver: Semantic Analysis Completed (retrial = false)
2024-04-24T04:59:28,427  INFO [main] ql.Driver: Created Hive schema: Schema(fieldSchemas:null, properties:null)
2024-04-24T04:59:28,427  INFO [main] metadata.Hive: Dumping metastore api call timing information for : compilation phase
2024-04-24T04:59:28,427  INFO [main] metadata.Hive: Total time spent in each metastore function (ms): {flushCache_()=0, getTable_(GetTableRequest)=14, getValidTxns_(long)=0, openTxn_(String, TxnType)=2, commitTxn_(CommitTxnRequest)=9, isCompatibleWith_(Configuration)=0}
2024-04-24T04:59:28,427  INFO [main] ql.Driver: Completed compiling command(queryId=alex_20240424045922_68109ac7-b9b0-4cd1-ab3d-b0079e648348); Time taken: 0.016 seconds
2024-04-24T04:59:28,427  INFO [main] lockmgr.DbTxnManager: Setting lock request transaction to txnid:25 for queryId=alex_20240424045922_68109ac7-b9b0-4cd1-ab3d-b0079e648348
2024-04-24T04:59:28,428  INFO [main] lockmgr.DbLockManager: Requesting lock for queryId=alex_20240424045922_68109ac7-b9b0-4cd1-ab3d-b0079e648348
2024-04-24T04:59:28,440  INFO [main] lockmgr.DbLockManager: Response to queryId=alex_20240424045922_68109ac7-b9b0-4cd1-ab3d-b0079e648348 LockResponse(lockid:18, state:ACQUIRED)
2024-04-24T04:59:28,440  INFO [main] ql.Driver: Operation DROPTABLE obtained 1 locks
2024-04-24T04:59:28,440  INFO [main] ql.Driver: Executing command(queryId=alex_20240424045922_68109ac7-b9b0-4cd1-ab3d-b0079e648348): drop table if exists acidTblPart
2024-04-24T04:59:28,440  INFO [main] ql.Driver: Starting task [Stage-0:DDL] in serial mode
2024-04-24T04:59:28,440  INFO [main] HiveMetaStore.audit: ugi=alex	ip=unknown-ip-addr	cmd=get_table : tbl=hive.default.acidTblPart	
2024-04-24T04:59:28,447  INFO [main] metastore.HMSHandler: Skipping translation for processor with null
2024-04-24T04:59:28,447  INFO [main] HiveMetaStore.audit: ugi=alex	ip=unknown-ip-addr	cmd=get_table : tbl=hive.default.acidTblPart	
2024-04-24T04:59:28,453  INFO [main] metastore.HMSHandler: Skipping translation for processor with null
2024-04-24T04:59:28,453  INFO [main] HiveMetaStore.audit: ugi=alex	ip=unknown-ip-addr	cmd=drop_table : tbl=hive.default.acidTblPart	
2024-04-24T04:59:28,491  INFO [main] metadata.Hive: Dumping metastore api call timing information for : execution phase
2024-04-24T04:59:28,492  INFO [main] metadata.Hive: Total time spent in each metastore function (ms): {getTable_(GetTableRequest)=7, dropTable_(String, String, boolean, boolean, boolean)=44, isCompatibleWith_(Configuration)=0}
2024-04-24T04:59:28,492  INFO [main] ql.Driver: Completed executing command(queryId=alex_20240424045922_68109ac7-b9b0-4cd1-ab3d-b0079e648348); Time taken: 0.051 seconds
2024-04-24T04:59:28,492  INFO [main] lockmgr.DbTxnManager: Stopped heartbeat for query: alex_20240424045922_68109ac7-b9b0-4cd1-ab3d-b0079e648348
2024-04-24T04:59:28,495  INFO [main] txn.TxnHandler: Expected to move at least one record from txn_components to completed_txn_components when committing txn! txnid:25
2024-04-24T04:59:28,499  INFO [main] txn.TxnHandler: Removed transactions: ([25]) from MIN_HISTORY_LEVEL
2024-04-24T04:59:28,500  WARN [main] txn.CompactionTxnHandler: No compaction queue record found for Compaction type transaction commit. txnId:25
2024-04-24T04:59:28,500  INFO [main] ql.TxnCommandsBaseForTests: Running the query: drop table if exists acidTbl2
2024-04-24T04:59:28,500  INFO [main] ql.Driver: Compiling command(queryId=alex_20240424045922_68109ac7-b9b0-4cd1-ab3d-b0079e648348): drop table if exists acidTbl2
2024-04-24T04:59:28,502  INFO [main] txn.TxnHandler: Added entries to MIN_HISTORY_LEVEL for current txns: ([26]) with min_open_txn: 23
2024-04-24T04:59:28,503  INFO [main] lockmgr.DbTxnManager: Opened txnid:26
2024-04-24T04:59:28,503  INFO [main] ql.Driver: Semantic Analysis Completed (retrial = false)
2024-04-24T04:59:28,503  INFO [main] ql.Driver: Created Hive schema: Schema(fieldSchemas:null, properties:null)
2024-04-24T04:59:28,503  INFO [main] metadata.Hive: Dumping metastore api call timing information for : compilation phase
2024-04-24T04:59:28,504  INFO [main] metadata.Hive: Total time spent in each metastore function (ms): {openTxn_(String, TxnType)=2, getTable_(GetTableRequest)=0, getValidTxns_(long)=0, flushCache_()=0, commitTxn_(CommitTxnRequest)=8, isCompatibleWith_(Configuration)=0}
2024-04-24T04:59:28,504  INFO [main] ql.Driver: Completed compiling command(queryId=alex_20240424045922_68109ac7-b9b0-4cd1-ab3d-b0079e648348); Time taken: 0.003 seconds
2024-04-24T04:59:28,504  INFO [main] lockmgr.DbTxnManager: Setting lock request transaction to txnid:26 for queryId=alex_20240424045922_68109ac7-b9b0-4cd1-ab3d-b0079e648348
2024-04-24T04:59:28,504  INFO [main] ql.Driver: Operation DROPTABLE obtained 0 locks
2024-04-24T04:59:28,504  INFO [main] ql.Driver: Executing command(queryId=alex_20240424045922_68109ac7-b9b0-4cd1-ab3d-b0079e648348): drop table if exists acidTbl2
2024-04-24T04:59:28,504  INFO [main] ql.Driver: Starting task [Stage-0:DDL] in serial mode
2024-04-24T04:59:28,505  INFO [main] metadata.SessionHiveMetaStoreClient: Column stats doesn't exist for db=default temp table=acidTbl2
2024-04-24T04:59:28,505  INFO [main] metadata.Hive: Dumping metastore api call timing information for : execution phase
2024-04-24T04:59:28,505  INFO [main] metadata.Hive: Total time spent in each metastore function (ms): {getTable_(GetTableRequest)=1, isCompatibleWith_(Configuration)=0, dropTable_(String, String, boolean, boolean, boolean)=0}
2024-04-24T04:59:28,505  INFO [main] ql.Driver: Completed executing command(queryId=alex_20240424045922_68109ac7-b9b0-4cd1-ab3d-b0079e648348); Time taken: 0.001 seconds
2024-04-24T04:59:28,505  INFO [main] lockmgr.DbTxnManager: Stopped heartbeat for query: alex_20240424045922_68109ac7-b9b0-4cd1-ab3d-b0079e648348
2024-04-24T04:59:28,510  INFO [main] txn.TxnHandler: Expected to move at least one record from txn_components to completed_txn_components when committing txn! txnid:26
2024-04-24T04:59:28,515  INFO [main] txn.TxnHandler: Removed transactions: ([26]) from MIN_HISTORY_LEVEL
2024-04-24T04:59:28,515  WARN [main] txn.CompactionTxnHandler: No compaction queue record found for Compaction type transaction commit. txnId:26
2024-04-24T04:59:28,516  INFO [main] ql.TxnCommandsBaseForTests: Running the query: drop table if exists nonAcidOrcTbl
2024-04-24T04:59:28,516  INFO [main] ql.Driver: Compiling command(queryId=alex_20240424045922_68109ac7-b9b0-4cd1-ab3d-b0079e648348): drop table if exists nonAcidOrcTbl
2024-04-24T04:59:28,518  INFO [main] txn.TxnHandler: Added entries to MIN_HISTORY_LEVEL for current txns: ([27]) with min_open_txn: 23
2024-04-24T04:59:28,519  INFO [main] lockmgr.DbTxnManager: Opened txnid:27
2024-04-24T04:59:28,519  INFO [main] HiveMetaStore.audit: ugi=alex	ip=unknown-ip-addr	cmd=get_table : tbl=hive.default.nonAcidOrcTbl	
2024-04-24T04:59:28,540  INFO [main] metastore.HMSHandler: Skipping translation for processor with null
2024-04-24T04:59:28,540  INFO [main] ql.Driver: Semantic Analysis Completed (retrial = false)
2024-04-24T04:59:28,540  INFO [main] ql.Driver: Created Hive schema: Schema(fieldSchemas:null, properties:null)
2024-04-24T04:59:28,541  INFO [main] metadata.Hive: Dumping metastore api call timing information for : compilation phase
2024-04-24T04:59:28,541  INFO [main] metadata.Hive: Total time spent in each metastore function (ms): {isCompatibleWith_(Configuration)=1, openTxn_(String, TxnType)=3, flushCache_()=0, getTable_(GetTableRequest)=21, getValidTxns_(long)=0, commitTxn_(CommitTxnRequest)=9}
2024-04-24T04:59:28,541  INFO [main] ql.Driver: Completed compiling command(queryId=alex_20240424045922_68109ac7-b9b0-4cd1-ab3d-b0079e648348); Time taken: 0.024 seconds
2024-04-24T04:59:28,541  INFO [main] lockmgr.DbTxnManager: Setting lock request transaction to txnid:27 for queryId=alex_20240424045922_68109ac7-b9b0-4cd1-ab3d-b0079e648348
2024-04-24T04:59:28,542  INFO [main] lockmgr.DbLockManager: Requesting lock for queryId=alex_20240424045922_68109ac7-b9b0-4cd1-ab3d-b0079e648348
2024-04-24T04:59:28,554  INFO [main] lockmgr.DbLockManager: Response to queryId=alex_20240424045922_68109ac7-b9b0-4cd1-ab3d-b0079e648348 LockResponse(lockid:19, state:ACQUIRED)
2024-04-24T04:59:28,554  INFO [main] ql.Driver: Operation DROPTABLE obtained 1 locks
2024-04-24T04:59:28,554  INFO [main] ql.Driver: Executing command(queryId=alex_20240424045922_68109ac7-b9b0-4cd1-ab3d-b0079e648348): drop table if exists nonAcidOrcTbl
2024-04-24T04:59:28,555  INFO [main] ql.Driver: Starting task [Stage-0:DDL] in serial mode
2024-04-24T04:59:28,555  INFO [main] HiveMetaStore.audit: ugi=alex	ip=unknown-ip-addr	cmd=get_table : tbl=hive.default.nonAcidOrcTbl	
2024-04-24T04:59:28,564  INFO [main] metastore.HMSHandler: Skipping translation for processor with null
2024-04-24T04:59:28,564  INFO [main] HiveMetaStore.audit: ugi=alex	ip=unknown-ip-addr	cmd=get_table : tbl=hive.default.nonAcidOrcTbl	
2024-04-24T04:59:28,573  INFO [main] metastore.HMSHandler: Skipping translation for processor with null
2024-04-24T04:59:28,573  INFO [main] HiveMetaStore.audit: ugi=alex	ip=unknown-ip-addr	cmd=drop_table : tbl=hive.default.nonAcidOrcTbl	
2024-04-24T04:59:28,628  INFO [main] metadata.Hive: Dumping metastore api call timing information for : execution phase
2024-04-24T04:59:28,628  INFO [main] metadata.Hive: Total time spent in each metastore function (ms): {dropTable_(String, String, boolean, boolean, boolean)=64, isCompatibleWith_(Configuration)=0, getTable_(GetTableRequest)=9}
2024-04-24T04:59:28,628  INFO [main] ql.Driver: Completed executing command(queryId=alex_20240424045922_68109ac7-b9b0-4cd1-ab3d-b0079e648348); Time taken: 0.074 seconds
2024-04-24T04:59:28,628  INFO [main] lockmgr.DbTxnManager: Stopped heartbeat for query: alex_20240424045922_68109ac7-b9b0-4cd1-ab3d-b0079e648348
2024-04-24T04:59:28,632  INFO [main] txn.TxnHandler: Expected to move at least one record from txn_components to completed_txn_components when committing txn! txnid:27
2024-04-24T04:59:28,637  INFO [main] txn.TxnHandler: Removed transactions: ([27]) from MIN_HISTORY_LEVEL
2024-04-24T04:59:28,637  WARN [main] txn.CompactionTxnHandler: No compaction queue record found for Compaction type transaction commit. txnId:27
2024-04-24T04:59:28,638  INFO [main] ql.TxnCommandsBaseForTests: Running the query: drop table if exists nonAcidOrcTbl2
2024-04-24T04:59:28,638  INFO [main] ql.Driver: Compiling command(queryId=alex_20240424045922_68109ac7-b9b0-4cd1-ab3d-b0079e648348): drop table if exists nonAcidOrcTbl2
2024-04-24T04:59:28,640  INFO [main] txn.TxnHandler: Added entries to MIN_HISTORY_LEVEL for current txns: ([28]) with min_open_txn: 23
2024-04-24T04:59:28,640  INFO [main] lockmgr.DbTxnManager: Opened txnid:28
2024-04-24T04:59:28,641  INFO [main] HiveMetaStore.audit: ugi=alex	ip=unknown-ip-addr	cmd=get_table : tbl=hive.default.nonAcidOrcTbl2	
2024-04-24T04:59:28,655  INFO [main] metastore.HMSHandler: Skipping translation for processor with null
2024-04-24T04:59:28,655  INFO [main] ql.Driver: Semantic Analysis Completed (retrial = false)
2024-04-24T04:59:28,655  INFO [main] ql.Driver: Created Hive schema: Schema(fieldSchemas:null, properties:null)
2024-04-24T04:59:28,655  INFO [main] metadata.Hive: Dumping metastore api call timing information for : compilation phase
2024-04-24T04:59:28,655  INFO [main] metadata.Hive: Total time spent in each metastore function (ms): {getTable_(GetTableRequest)=14, openTxn_(String, TxnType)=2, isCompatibleWith_(Configuration)=0, commitTxn_(CommitTxnRequest)=9, getValidTxns_(long)=1, flushCache_()=0}
2024-04-24T04:59:28,656  INFO [main] ql.Driver: Completed compiling command(queryId=alex_20240424045922_68109ac7-b9b0-4cd1-ab3d-b0079e648348); Time taken: 0.017 seconds
2024-04-24T04:59:28,656  INFO [main] lockmgr.DbTxnManager: Setting lock request transaction to txnid:28 for queryId=alex_20240424045922_68109ac7-b9b0-4cd1-ab3d-b0079e648348
2024-04-24T04:59:28,657  INFO [main] lockmgr.DbLockManager: Requesting lock for queryId=alex_20240424045922_68109ac7-b9b0-4cd1-ab3d-b0079e648348
2024-04-24T04:59:28,677  INFO [main] lockmgr.DbLockManager: Response to queryId=alex_20240424045922_68109ac7-b9b0-4cd1-ab3d-b0079e648348 LockResponse(lockid:20, state:ACQUIRED)
2024-04-24T04:59:28,677  INFO [main] ql.Driver: Operation DROPTABLE obtained 1 locks
2024-04-24T04:59:28,677  INFO [main] ql.Driver: Executing command(queryId=alex_20240424045922_68109ac7-b9b0-4cd1-ab3d-b0079e648348): drop table if exists nonAcidOrcTbl2
2024-04-24T04:59:28,678  INFO [main] ql.Driver: Starting task [Stage-0:DDL] in serial mode
2024-04-24T04:59:28,678  INFO [main] HiveMetaStore.audit: ugi=alex	ip=unknown-ip-addr	cmd=get_table : tbl=hive.default.nonAcidOrcTbl2	
2024-04-24T04:59:28,691  INFO [main] metastore.HMSHandler: Skipping translation for processor with null
2024-04-24T04:59:28,691  INFO [main] HiveMetaStore.audit: ugi=alex	ip=unknown-ip-addr	cmd=get_table : tbl=hive.default.nonAcidOrcTbl2	
2024-04-24T04:59:28,701  INFO [main] metastore.HMSHandler: Skipping translation for processor with null
2024-04-24T04:59:28,701  INFO [main] HiveMetaStore.audit: ugi=alex	ip=unknown-ip-addr	cmd=drop_table : tbl=hive.default.nonAcidOrcTbl2	
2024-04-24T04:59:28,734  INFO [main] metadata.Hive: Dumping metastore api call timing information for : execution phase
2024-04-24T04:59:28,735  INFO [main] metadata.Hive: Total time spent in each metastore function (ms): {getTable_(GetTableRequest)=13, dropTable_(String, String, boolean, boolean, boolean)=43, isCompatibleWith_(Configuration)=0}
2024-04-24T04:59:28,735  INFO [main] ql.Driver: Completed executing command(queryId=alex_20240424045922_68109ac7-b9b0-4cd1-ab3d-b0079e648348); Time taken: 0.057 seconds
2024-04-24T04:59:28,735  INFO [main] lockmgr.DbTxnManager: Stopped heartbeat for query: alex_20240424045922_68109ac7-b9b0-4cd1-ab3d-b0079e648348
2024-04-24T04:59:28,738  INFO [main] txn.TxnHandler: Expected to move at least one record from txn_components to completed_txn_components when committing txn! txnid:28
2024-04-24T04:59:28,743  INFO [main] txn.TxnHandler: Removed transactions: ([28]) from MIN_HISTORY_LEVEL
2024-04-24T04:59:28,743  WARN [main] txn.CompactionTxnHandler: No compaction queue record found for Compaction type transaction commit. txnId:28
2024-04-24T04:59:28,744  INFO [main] ql.TxnCommandsBaseForTests: Running the query: drop table if exists nonAcidNonBucket
2024-04-24T04:59:28,744  INFO [main] ql.Driver: Compiling command(queryId=alex_20240424045922_68109ac7-b9b0-4cd1-ab3d-b0079e648348): drop table if exists nonAcidNonBucket
2024-04-24T04:59:28,746  INFO [main] txn.TxnHandler: Added entries to MIN_HISTORY_LEVEL for current txns: ([29]) with min_open_txn: 23
2024-04-24T04:59:28,747  INFO [main] lockmgr.DbTxnManager: Opened txnid:29
2024-04-24T04:59:28,747  INFO [main] HiveMetaStore.audit: ugi=alex	ip=unknown-ip-addr	cmd=get_table : tbl=hive.default.nonAcidNonBucket	
2024-04-24T04:59:28,756  INFO [main] metastore.HMSHandler: Skipping translation for processor with null
2024-04-24T04:59:28,756  INFO [main] ql.Driver: Semantic Analysis Completed (retrial = false)
2024-04-24T04:59:28,756  INFO [main] ql.Driver: Created Hive schema: Schema(fieldSchemas:null, properties:null)
2024-04-24T04:59:28,756  INFO [main] metadata.Hive: Dumping metastore api call timing information for : compilation phase
2024-04-24T04:59:28,756  INFO [main] metadata.Hive: Total time spent in each metastore function (ms): {getValidTxns_(long)=0, isCompatibleWith_(Configuration)=0, commitTxn_(CommitTxnRequest)=9, getTable_(GetTableRequest)=9, flushCache_()=1, openTxn_(String, TxnType)=2}
2024-04-24T04:59:28,756  INFO [main] ql.Driver: Completed compiling command(queryId=alex_20240424045922_68109ac7-b9b0-4cd1-ab3d-b0079e648348); Time taken: 0.012 seconds
2024-04-24T04:59:28,756  INFO [main] lockmgr.DbTxnManager: Setting lock request transaction to txnid:29 for queryId=alex_20240424045922_68109ac7-b9b0-4cd1-ab3d-b0079e648348
2024-04-24T04:59:28,757  INFO [main] lockmgr.DbLockManager: Requesting lock for queryId=alex_20240424045922_68109ac7-b9b0-4cd1-ab3d-b0079e648348
2024-04-24T04:59:28,771  INFO [main] lockmgr.DbLockManager: Response to queryId=alex_20240424045922_68109ac7-b9b0-4cd1-ab3d-b0079e648348 LockResponse(lockid:21, state:ACQUIRED)
2024-04-24T04:59:28,771  INFO [main] ql.Driver: Operation DROPTABLE obtained 1 locks
2024-04-24T04:59:28,771  INFO [main] ql.Driver: Executing command(queryId=alex_20240424045922_68109ac7-b9b0-4cd1-ab3d-b0079e648348): drop table if exists nonAcidNonBucket
2024-04-24T04:59:28,772  INFO [main] ql.Driver: Starting task [Stage-0:DDL] in serial mode
2024-04-24T04:59:28,772  INFO [main] HiveMetaStore.audit: ugi=alex	ip=unknown-ip-addr	cmd=get_table : tbl=hive.default.nonAcidNonBucket	
2024-04-24T04:59:28,781  INFO [main] metastore.HMSHandler: Skipping translation for processor with null
2024-04-24T04:59:28,781  INFO [main] HiveMetaStore.audit: ugi=alex	ip=unknown-ip-addr	cmd=get_table : tbl=hive.default.nonAcidNonBucket	
2024-04-24T04:59:28,790  INFO [main] metastore.HMSHandler: Skipping translation for processor with null
2024-04-24T04:59:28,790  INFO [main] HiveMetaStore.audit: ugi=alex	ip=unknown-ip-addr	cmd=drop_table : tbl=hive.default.nonAcidNonBucket	
2024-04-24T04:59:28,824  INFO [main] metadata.Hive: Dumping metastore api call timing information for : execution phase
2024-04-24T04:59:28,824  INFO [main] metadata.Hive: Total time spent in each metastore function (ms): {dropTable_(String, String, boolean, boolean, boolean)=42, getTable_(GetTableRequest)=9, isCompatibleWith_(Configuration)=0}
2024-04-24T04:59:28,824  INFO [main] ql.Driver: Completed executing command(queryId=alex_20240424045922_68109ac7-b9b0-4cd1-ab3d-b0079e648348); Time taken: 0.053 seconds
2024-04-24T04:59:28,824  INFO [main] lockmgr.DbTxnManager: Stopped heartbeat for query: alex_20240424045922_68109ac7-b9b0-4cd1-ab3d-b0079e648348
2024-04-24T04:59:28,827  INFO [main] txn.TxnHandler: Expected to move at least one record from txn_components to completed_txn_components when committing txn! txnid:29
2024-04-24T04:59:28,833  INFO [main] txn.TxnHandler: Removed transactions: ([29]) from MIN_HISTORY_LEVEL
2024-04-24T04:59:28,833  WARN [main] txn.CompactionTxnHandler: No compaction queue record found for Compaction type transaction commit. txnId:29
2024-04-24T04:59:28,833  INFO [main] utils.TestTxnDbUtil: Cleaning transactional tables
]]></system-err>
  </testcase>
  <testcase name="testDefault" classname="org.apache.hadoop.hive.ql.TestTxnNoBucketsVectorized" time="4.33"/>
  <testcase name="testInsertToAcidWithUnionRemove" classname="org.apache.hadoop.hive.ql.TestTxnNoBucketsVectorized" time="8.688"/>
  <testcase name="testNoBuckets" classname="org.apache.hadoop.hive.ql.TestTxnNoBucketsVectorized" time="8.189">
    <error type="java.lang.RuntimeException"><![CDATA[java.lang.RuntimeException: update nobuckets set c3 = 17 where c3 in(0,1) failed: (responseCode = 40000, errorMessage = FAILED: NoMatchingMethodException No matching method for class org.apache.hadoop.hive.ql.udf.UDFToInteger with (struct<writeid:bigint,bucketid:int,rowid:bigint>). Possible choices: _FUNC_(bigint)  _FUNC_(boolean)  _FUNC_(decimal(38,18))  _FUNC_(double)  _FUNC_(float)  _FUNC_(smallint)  _FUNC_(string)  _FUNC_(struct<bucketid:bigint,rowid:bigint,writeid:int>)  _FUNC_(timestamp)  _FUNC_(tinyint)  _FUNC_(void)  , hiveErrorCode = 40000, SQLState = 42000, exception = No matching method for class org.apache.hadoop.hive.ql.udf.UDFToInteger with (struct<writeid:bigint,bucketid:int,rowid:bigint>). Possible choices: _FUNC_(bigint)  _FUNC_(boolean)  _FUNC_(decimal(38,18))  _FUNC_(double)  _FUNC_(float)  _FUNC_(smallint)  _FUNC_(string)  _FUNC_(struct<bucketid:bigint,rowid:bigint,writeid:int>)  _FUNC_(timestamp)  _FUNC_(tinyint)  _FUNC_(void)  )
	at org.apache.hadoop.hive.ql.TxnCommandsBaseForTests.runStatementOnDriver(TxnCommandsBaseForTests.java:247)
	at org.apache.hadoop.hive.ql.TestTxnNoBuckets.testNoBuckets(TestTxnNoBuckets.java:115)
	at sun.reflect.NativeMethodAccessorImpl.invoke0(Native Method)
	at sun.reflect.NativeMethodAccessorImpl.invoke(NativeMethodAccessorImpl.java:62)
	at sun.reflect.DelegatingMethodAccessorImpl.invoke(DelegatingMethodAccessorImpl.java:43)
	at java.lang.reflect.Method.invoke(Method.java:498)
	at org.junit.runners.model.FrameworkMethod$1.runReflectiveCall(FrameworkMethod.java:59)
	at org.junit.internal.runners.model.ReflectiveCallable.run(ReflectiveCallable.java:12)
	at org.junit.runners.model.FrameworkMethod.invokeExplosively(FrameworkMethod.java:56)
	at org.junit.internal.runners.statements.InvokeMethod.evaluate(InvokeMethod.java:17)
	at org.junit.internal.runners.statements.RunBefores.evaluate(RunBefores.java:26)
	at org.junit.internal.runners.statements.RunAfters.evaluate(RunAfters.java:27)
	at org.junit.rules.TestWatcher$1.evaluate(TestWatcher.java:61)
	at org.junit.runners.ParentRunner$3.evaluate(ParentRunner.java:306)
	at org.junit.runners.BlockJUnit4ClassRunner$1.evaluate(BlockJUnit4ClassRunner.java:100)
	at org.junit.runners.ParentRunner.runLeaf(ParentRunner.java:366)
	at org.junit.runners.BlockJUnit4ClassRunner.runChild(BlockJUnit4ClassRunner.java:103)
	at org.junit.runners.BlockJUnit4ClassRunner.runChild(BlockJUnit4ClassRunner.java:63)
	at org.junit.runners.ParentRunner$4.run(ParentRunner.java:331)
	at org.junit.runners.ParentRunner$1.schedule(ParentRunner.java:79)
	at org.junit.runners.ParentRunner.runChildren(ParentRunner.java:329)
	at org.junit.runners.ParentRunner.access$100(ParentRunner.java:66)
	at org.junit.runners.ParentRunner$2.evaluate(ParentRunner.java:293)
	at org.junit.runners.ParentRunner$3.evaluate(ParentRunner.java:306)
	at org.junit.runners.ParentRunner.run(ParentRunner.java:413)
	at org.junit.runner.JUnitCore.run(JUnitCore.java:137)
	at org.junit.runner.JUnitCore.run(JUnitCore.java:115)
	at org.junit.vintage.engine.execution.RunnerExecutor.execute(RunnerExecutor.java:43)
	at java.util.stream.ForEachOps$ForEachOp$OfRef.accept(ForEachOps.java:183)
	at java.util.stream.ReferencePipeline$3$1.accept(ReferencePipeline.java:193)
	at java.util.Iterator.forEachRemaining(Iterator.java:116)
	at java.util.Spliterators$IteratorSpliterator.forEachRemaining(Spliterators.java:1801)
	at java.util.stream.AbstractPipeline.copyInto(AbstractPipeline.java:482)
	at java.util.stream.AbstractPipeline.wrapAndCopyInto(AbstractPipeline.java:472)
	at java.util.stream.ForEachOps$ForEachOp.evaluateSequential(ForEachOps.java:150)
	at java.util.stream.ForEachOps$ForEachOp$OfRef.evaluateSequential(ForEachOps.java:173)
	at java.util.stream.AbstractPipeline.evaluate(AbstractPipeline.java:234)
	at java.util.stream.ReferencePipeline.forEach(ReferencePipeline.java:485)
	at org.junit.vintage.engine.VintageTestEngine.executeAllChildren(VintageTestEngine.java:82)
	at org.junit.vintage.engine.VintageTestEngine.execute(VintageTestEngine.java:73)
	at org.junit.platform.launcher.core.DefaultLauncher.execute(DefaultLauncher.java:248)
	at org.junit.platform.launcher.core.DefaultLauncher.lambda$execute$5(DefaultLauncher.java:211)
	at org.junit.platform.launcher.core.DefaultLauncher.withInterceptedStreams(DefaultLauncher.java:226)
	at org.junit.platform.launcher.core.DefaultLauncher.execute(DefaultLauncher.java:199)
	at org.junit.platform.launcher.core.DefaultLauncher.execute(DefaultLauncher.java:132)
	at org.apache.maven.surefire.junitplatform.JUnitPlatformProvider.invokeAllTests(JUnitPlatformProvider.java:154)
	at org.apache.maven.surefire.junitplatform.JUnitPlatformProvider.invoke(JUnitPlatformProvider.java:123)
	at org.apache.maven.surefire.booter.ForkedBooter.runSuitesInProcess(ForkedBooter.java:377)
	at org.apache.maven.surefire.booter.ForkedBooter.execute(ForkedBooter.java:138)
	at org.apache.maven.surefire.booter.ForkedBooter.run(ForkedBooter.java:465)
	at org.apache.maven.surefire.booter.ForkedBooter.main(ForkedBooter.java:451)
]]></error>
    <system-err><![CDATA[2024-04-24T04:59:41,909  WARN [main] conf.HiveConf: HiveConf of name hive.stats.key.prefix.reserve.length does not exist
2024-04-24T04:59:41,909  WARN [main] conf.HiveConf: HiveConf of name hive.llap.io.cache.orc.alloc.min does not exist
2024-04-24T04:59:41,909  WARN [main] conf.HiveConf: HiveConf of name hive.metastore.client.cache.maxSize does not exist
2024-04-24T04:59:41,909  WARN [main] conf.HiveConf: HiveConf of name hive.metastore.client.cache.recordStats does not exist
2024-04-24T04:59:41,909  WARN [main] conf.HiveConf: HiveConf of name hive.metastore.metadb.dir does not exist
2024-04-24T04:59:41,909  WARN [main] conf.HiveConf: HiveConf of name hive.dummyparam.test.server.specific.config.hivesite does not exist
2024-04-24T04:59:41,909  WARN [main] conf.HiveConf: HiveConf of name hive.llap.io.cache.orc.size does not exist
2024-04-24T04:59:41,909  WARN [main] conf.HiveConf: HiveConf of name hive.llap.io.cache.orc.arena.size does not exist
2024-04-24T04:59:41,909  WARN [main] conf.HiveConf: HiveConf of name hive.dummyparam.test.server.specific.config.metastoresite does not exist
2024-04-24T04:59:41,909  WARN [main] conf.HiveConf: HiveConf of name hive.dummyparam.test.server.specific.config.override does not exist
2024-04-24T04:59:41,909  WARN [main] conf.HiveConf: HiveConf of name hive.llap.io.cache.orc.alloc.max does not exist
2024-04-24T04:59:41,911  INFO [main] utils.TestTxnDbUtil: Creating transactional tables
Hive Session ID = 5b470a58-211a-4eff-9221-4e63d0eb9cb5
2024-04-24T04:59:41,913  INFO [main] SessionState: Hive Session ID = 5b470a58-211a-4eff-9221-4e63d0eb9cb5
ivysettings.xml file not found in HIVE_HOME or HIVE_CONF_DIR,/home/alex/Repositories/hive/conf/ivysettings.xml will be used
2024-04-24T04:59:41,914  INFO [main] DependencyResolver: ivysettings.xml file not found in HIVE_HOME or HIVE_CONF_DIR,/home/alex/Repositories/hive/conf/ivysettings.xml will be used
2024-04-24T04:59:41,919  INFO [main] session.SessionState: Created HDFS directory: /home/alex/Repositories/hive/ql/target/tmp/scratchdir/alex/5b470a58-211a-4eff-9221-4e63d0eb9cb5
2024-04-24T04:59:41,921  INFO [main] session.SessionState: Created local directory: /home/alex/Repositories/hive/ql/target/tmp/localscratchdir/5b470a58-211a-4eff-9221-4e63d0eb9cb5
2024-04-24T04:59:41,923  INFO [main] session.SessionState: Created HDFS directory: /home/alex/Repositories/hive/ql/target/tmp/scratchdir/alex/5b470a58-211a-4eff-9221-4e63d0eb9cb5/_tmp_space.db
2024-04-24T04:59:41,924  INFO [main] sqlstd.SQLStdHiveAccessController: Created SQLStdHiveAccessController for session context : HiveAuthzSessionContext [sessionString=5b470a58-211a-4eff-9221-4e63d0eb9cb5, clientType=HIVECLI]
2024-04-24T04:59:41,924  INFO [main] ql.TxnCommandsBaseForTests: Running the query: drop table if exists acidTbl
2024-04-24T04:59:41,924  INFO [main] ql.Driver: Compiling command(queryId=alex_20240424045941_488b176f-1446-4b9c-a976-21ae3d0cd572): drop table if exists acidTbl
2024-04-24T04:59:41,931  INFO [main] txn.TxnHandler: Added entries to MIN_HISTORY_LEVEL for current txns: ([1]) with min_open_txn: 1
2024-04-24T04:59:41,931  INFO [main] lockmgr.DbTxnManager: Opened txnid:1
2024-04-24T04:59:41,933  INFO [main] HiveMetaStore.audit: ugi=alex	ip=unknown-ip-addr	cmd=get_table : tbl=hive.default.acidTbl	
2024-04-24T04:59:41,938  INFO [main] ql.Driver: Semantic Analysis Completed (retrial = false)
2024-04-24T04:59:41,938  INFO [main] ql.Driver: Created Hive schema: Schema(fieldSchemas:null, properties:null)
2024-04-24T04:59:41,939  INFO [main] metadata.Hive: Dumping metastore api call timing information for : compilation phase
2024-04-24T04:59:41,939  INFO [main] metadata.Hive: Total time spent in each metastore function (ms): {getValidTxns_(long)=2, isCompatibleWith_(Configuration)=0, openTxn_(String, TxnType)=6, flushCache_()=1, commitTxn_(CommitTxnRequest)=8}
2024-04-24T04:59:41,939  INFO [main] ql.Driver: Completed compiling command(queryId=alex_20240424045941_488b176f-1446-4b9c-a976-21ae3d0cd572); Time taken: 0.014 seconds
2024-04-24T04:59:41,939  INFO [main] lockmgr.DbTxnManager: Setting lock request transaction to txnid:1 for queryId=alex_20240424045941_488b176f-1446-4b9c-a976-21ae3d0cd572
2024-04-24T04:59:41,939  INFO [main] ql.Driver: Operation DROPTABLE obtained 0 locks
2024-04-24T04:59:41,939  INFO [main] ql.Driver: Executing command(queryId=alex_20240424045941_488b176f-1446-4b9c-a976-21ae3d0cd572): drop table if exists acidTbl
2024-04-24T04:59:41,939  INFO [main] ql.Driver: Starting task [Stage-0:DDL] in serial mode
2024-04-24T04:59:41,940  INFO [main] HiveMetaStore.audit: ugi=alex	ip=unknown-ip-addr	cmd=get_table : tbl=hive.default.acidTbl	
2024-04-24T04:59:41,943  INFO [main] metadata.Hive: Dumping metastore api call timing information for : execution phase
2024-04-24T04:59:41,943  INFO [main] metadata.Hive: Total time spent in each metastore function (ms): {isCompatibleWith_(Configuration)=1}
2024-04-24T04:59:41,943  INFO [main] ql.Driver: Completed executing command(queryId=alex_20240424045941_488b176f-1446-4b9c-a976-21ae3d0cd572); Time taken: 0.004 seconds
2024-04-24T04:59:41,943  INFO [main] lockmgr.DbTxnManager: Stopped heartbeat for query: alex_20240424045941_488b176f-1446-4b9c-a976-21ae3d0cd572
2024-04-24T04:59:41,948  INFO [main] txn.TxnHandler: Expected to move at least one record from txn_components to completed_txn_components when committing txn! txnid:1
2024-04-24T04:59:41,953  INFO [main] txn.TxnHandler: Removed transactions: ([1]) from MIN_HISTORY_LEVEL
2024-04-24T04:59:41,953  WARN [main] txn.CompactionTxnHandler: No compaction queue record found for Compaction type transaction commit. txnId:1
2024-04-24T04:59:41,954  INFO [main] ql.TxnCommandsBaseForTests: Running the query: drop table if exists acidTblPart
2024-04-24T04:59:41,954  INFO [main] ql.Driver: Compiling command(queryId=alex_20240424045941_2a6b6790-4847-4b03-83f1-d19f087dfa4a): drop table if exists acidTblPart
2024-04-24T04:59:41,956  INFO [main] txn.TxnHandler: Added entries to MIN_HISTORY_LEVEL for current txns: ([2]) with min_open_txn: 1
2024-04-24T04:59:41,956  INFO [main] lockmgr.DbTxnManager: Opened txnid:2
2024-04-24T04:59:41,957  INFO [main] HiveMetaStore.audit: ugi=alex	ip=unknown-ip-addr	cmd=get_table : tbl=hive.default.acidTblPart	
2024-04-24T04:59:41,960  INFO [main] ql.Driver: Semantic Analysis Completed (retrial = false)
2024-04-24T04:59:41,961  INFO [main] ql.Driver: Created Hive schema: Schema(fieldSchemas:null, properties:null)
2024-04-24T04:59:41,961  INFO [main] metadata.Hive: Dumping metastore api call timing information for : compilation phase
2024-04-24T04:59:41,961  INFO [main] metadata.Hive: Total time spent in each metastore function (ms): {commitTxn_(CommitTxnRequest)=10, openTxn_(String, TxnType)=2, isCompatibleWith_(Configuration)=0, getValidTxns_(long)=0, flushCache_()=0}
2024-04-24T04:59:41,961  INFO [main] ql.Driver: Completed compiling command(queryId=alex_20240424045941_2a6b6790-4847-4b03-83f1-d19f087dfa4a); Time taken: 0.007 seconds
2024-04-24T04:59:41,961  INFO [main] lockmgr.DbTxnManager: Setting lock request transaction to txnid:2 for queryId=alex_20240424045941_2a6b6790-4847-4b03-83f1-d19f087dfa4a
2024-04-24T04:59:41,961  INFO [main] ql.Driver: Operation DROPTABLE obtained 0 locks
2024-04-24T04:59:41,961  INFO [main] ql.Driver: Executing command(queryId=alex_20240424045941_2a6b6790-4847-4b03-83f1-d19f087dfa4a): drop table if exists acidTblPart
2024-04-24T04:59:41,961  INFO [main] ql.Driver: Starting task [Stage-0:DDL] in serial mode
2024-04-24T04:59:41,962  INFO [main] HiveMetaStore.audit: ugi=alex	ip=unknown-ip-addr	cmd=get_table : tbl=hive.default.acidTblPart	
2024-04-24T04:59:41,965  INFO [main] metadata.Hive: Dumping metastore api call timing information for : execution phase
2024-04-24T04:59:41,965  INFO [main] metadata.Hive: Total time spent in each metastore function (ms): {isCompatibleWith_(Configuration)=0}
2024-04-24T04:59:41,965  INFO [main] ql.Driver: Completed executing command(queryId=alex_20240424045941_2a6b6790-4847-4b03-83f1-d19f087dfa4a); Time taken: 0.004 seconds
2024-04-24T04:59:41,965  INFO [main] lockmgr.DbTxnManager: Stopped heartbeat for query: alex_20240424045941_2a6b6790-4847-4b03-83f1-d19f087dfa4a
2024-04-24T04:59:41,970  INFO [main] txn.TxnHandler: Expected to move at least one record from txn_components to completed_txn_components when committing txn! txnid:2
2024-04-24T04:59:41,975  INFO [main] txn.TxnHandler: Removed transactions: ([2]) from MIN_HISTORY_LEVEL
2024-04-24T04:59:41,975  WARN [main] txn.CompactionTxnHandler: No compaction queue record found for Compaction type transaction commit. txnId:2
2024-04-24T04:59:41,976  INFO [main] ql.TxnCommandsBaseForTests: Running the query: drop table if exists acidTbl2
2024-04-24T04:59:41,976  INFO [main] ql.Driver: Compiling command(queryId=alex_20240424045941_8f035e49-1c8e-409c-a5c8-36edeefa3ba4): drop table if exists acidTbl2
2024-04-24T04:59:41,978  INFO [main] txn.TxnHandler: Added entries to MIN_HISTORY_LEVEL for current txns: ([3]) with min_open_txn: 1
2024-04-24T04:59:41,978  INFO [main] lockmgr.DbTxnManager: Opened txnid:3
2024-04-24T04:59:41,978  INFO [main] HiveMetaStore.audit: ugi=alex	ip=unknown-ip-addr	cmd=get_table : tbl=hive.default.acidTbl2	
2024-04-24T04:59:41,981  INFO [main] ql.Driver: Semantic Analysis Completed (retrial = false)
2024-04-24T04:59:41,981  INFO [main] ql.Driver: Created Hive schema: Schema(fieldSchemas:null, properties:null)
2024-04-24T04:59:41,981  INFO [main] metadata.Hive: Dumping metastore api call timing information for : compilation phase
2024-04-24T04:59:41,982  INFO [main] metadata.Hive: Total time spent in each metastore function (ms): {flushCache_()=0, openTxn_(String, TxnType)=2, isCompatibleWith_(Configuration)=0, getValidTxns_(long)=0, commitTxn_(CommitTxnRequest)=10}
2024-04-24T04:59:41,982  INFO [main] ql.Driver: Completed compiling command(queryId=alex_20240424045941_8f035e49-1c8e-409c-a5c8-36edeefa3ba4); Time taken: 0.005 seconds
2024-04-24T04:59:41,982  INFO [main] lockmgr.DbTxnManager: Setting lock request transaction to txnid:3 for queryId=alex_20240424045941_8f035e49-1c8e-409c-a5c8-36edeefa3ba4
2024-04-24T04:59:41,982  INFO [main] ql.Driver: Operation DROPTABLE obtained 0 locks
2024-04-24T04:59:41,982  INFO [main] ql.Driver: Executing command(queryId=alex_20240424045941_8f035e49-1c8e-409c-a5c8-36edeefa3ba4): drop table if exists acidTbl2
2024-04-24T04:59:41,982  INFO [main] ql.Driver: Starting task [Stage-0:DDL] in serial mode
2024-04-24T04:59:41,983  INFO [main] HiveMetaStore.audit: ugi=alex	ip=unknown-ip-addr	cmd=get_table : tbl=hive.default.acidTbl2	
2024-04-24T04:59:41,987  INFO [main] metadata.Hive: Dumping metastore api call timing information for : execution phase
2024-04-24T04:59:41,987  INFO [main] metadata.Hive: Total time spent in each metastore function (ms): {isCompatibleWith_(Configuration)=0}
2024-04-24T04:59:41,987  INFO [main] ql.Driver: Completed executing command(queryId=alex_20240424045941_8f035e49-1c8e-409c-a5c8-36edeefa3ba4); Time taken: 0.005 seconds
2024-04-24T04:59:41,987  INFO [main] lockmgr.DbTxnManager: Stopped heartbeat for query: alex_20240424045941_8f035e49-1c8e-409c-a5c8-36edeefa3ba4
2024-04-24T04:59:41,993  INFO [main] txn.TxnHandler: Expected to move at least one record from txn_components to completed_txn_components when committing txn! txnid:3
2024-04-24T04:59:41,999  INFO [main] txn.TxnHandler: Removed transactions: ([3]) from MIN_HISTORY_LEVEL
2024-04-24T04:59:41,999  WARN [main] txn.CompactionTxnHandler: No compaction queue record found for Compaction type transaction commit. txnId:3
2024-04-24T04:59:42,000  INFO [main] ql.TxnCommandsBaseForTests: Running the query: drop table if exists nonAcidOrcTbl
2024-04-24T04:59:42,000  INFO [main] ql.Driver: Compiling command(queryId=alex_20240424045942_3bf90095-9f01-47cb-959f-f61663212e8c): drop table if exists nonAcidOrcTbl
2024-04-24T04:59:42,002  INFO [main] txn.TxnHandler: Added entries to MIN_HISTORY_LEVEL for current txns: ([4]) with min_open_txn: 1
2024-04-24T04:59:42,002  INFO [main] lockmgr.DbTxnManager: Opened txnid:4
2024-04-24T04:59:42,003  INFO [main] HiveMetaStore.audit: ugi=alex	ip=unknown-ip-addr	cmd=get_table : tbl=hive.default.nonAcidOrcTbl	
2024-04-24T04:59:42,005  INFO [main] ql.Driver: Semantic Analysis Completed (retrial = false)
2024-04-24T04:59:42,005  INFO [main] ql.Driver: Created Hive schema: Schema(fieldSchemas:null, properties:null)
2024-04-24T04:59:42,006  INFO [main] metadata.Hive: Dumping metastore api call timing information for : compilation phase
2024-04-24T04:59:42,006  INFO [main] metadata.Hive: Total time spent in each metastore function (ms): {commitTxn_(CommitTxnRequest)=12, isCompatibleWith_(Configuration)=1, getValidTxns_(long)=0, openTxn_(String, TxnType)=2, flushCache_()=0}
2024-04-24T04:59:42,006  INFO [main] ql.Driver: Completed compiling command(queryId=alex_20240424045942_3bf90095-9f01-47cb-959f-f61663212e8c); Time taken: 0.006 seconds
2024-04-24T04:59:42,006  INFO [main] lockmgr.DbTxnManager: Setting lock request transaction to txnid:4 for queryId=alex_20240424045942_3bf90095-9f01-47cb-959f-f61663212e8c
2024-04-24T04:59:42,006  INFO [main] ql.Driver: Operation DROPTABLE obtained 0 locks
2024-04-24T04:59:42,006  INFO [main] ql.Driver: Executing command(queryId=alex_20240424045942_3bf90095-9f01-47cb-959f-f61663212e8c): drop table if exists nonAcidOrcTbl
2024-04-24T04:59:42,006  INFO [main] ql.Driver: Starting task [Stage-0:DDL] in serial mode
2024-04-24T04:59:42,006  INFO [main] HiveMetaStore.audit: ugi=alex	ip=unknown-ip-addr	cmd=get_table : tbl=hive.default.nonAcidOrcTbl	
2024-04-24T04:59:42,009  INFO [main] metadata.Hive: Dumping metastore api call timing information for : execution phase
2024-04-24T04:59:42,010  INFO [main] metadata.Hive: Total time spent in each metastore function (ms): {isCompatibleWith_(Configuration)=0}
2024-04-24T04:59:42,010  INFO [main] ql.Driver: Completed executing command(queryId=alex_20240424045942_3bf90095-9f01-47cb-959f-f61663212e8c); Time taken: 0.003 seconds
2024-04-24T04:59:42,010  INFO [main] lockmgr.DbTxnManager: Stopped heartbeat for query: alex_20240424045942_3bf90095-9f01-47cb-959f-f61663212e8c
2024-04-24T04:59:42,014  INFO [main] txn.TxnHandler: Expected to move at least one record from txn_components to completed_txn_components when committing txn! txnid:4
2024-04-24T04:59:42,019  INFO [main] txn.TxnHandler: Removed transactions: ([4]) from MIN_HISTORY_LEVEL
2024-04-24T04:59:42,019  WARN [main] txn.CompactionTxnHandler: No compaction queue record found for Compaction type transaction commit. txnId:4
2024-04-24T04:59:42,020  INFO [main] ql.TxnCommandsBaseForTests: Running the query: drop table if exists nonAcidOrcTbl2
2024-04-24T04:59:42,020  INFO [main] ql.Driver: Compiling command(queryId=alex_20240424045942_cc360d87-3cae-45ea-88df-be968b30fd9e): drop table if exists nonAcidOrcTbl2
2024-04-24T04:59:42,022  INFO [main] txn.TxnHandler: Added entries to MIN_HISTORY_LEVEL for current txns: ([5]) with min_open_txn: 1
2024-04-24T04:59:42,022  INFO [main] lockmgr.DbTxnManager: Opened txnid:5
2024-04-24T04:59:42,023  INFO [main] HiveMetaStore.audit: ugi=alex	ip=unknown-ip-addr	cmd=get_table : tbl=hive.default.nonAcidOrcTbl2	
2024-04-24T04:59:42,025  INFO [main] ql.Driver: Semantic Analysis Completed (retrial = false)
2024-04-24T04:59:42,025  INFO [main] ql.Driver: Created Hive schema: Schema(fieldSchemas:null, properties:null)
2024-04-24T04:59:42,025  INFO [main] metadata.Hive: Dumping metastore api call timing information for : compilation phase
2024-04-24T04:59:42,026  INFO [main] metadata.Hive: Total time spent in each metastore function (ms): {getValidTxns_(long)=0, openTxn_(String, TxnType)=2, commitTxn_(CommitTxnRequest)=9, flushCache_()=0, isCompatibleWith_(Configuration)=0}
2024-04-24T04:59:42,026  INFO [main] ql.Driver: Completed compiling command(queryId=alex_20240424045942_cc360d87-3cae-45ea-88df-be968b30fd9e); Time taken: 0.005 seconds
2024-04-24T04:59:42,026  INFO [main] lockmgr.DbTxnManager: Setting lock request transaction to txnid:5 for queryId=alex_20240424045942_cc360d87-3cae-45ea-88df-be968b30fd9e
2024-04-24T04:59:42,026  INFO [main] ql.Driver: Operation DROPTABLE obtained 0 locks
2024-04-24T04:59:42,026  INFO [main] ql.Driver: Executing command(queryId=alex_20240424045942_cc360d87-3cae-45ea-88df-be968b30fd9e): drop table if exists nonAcidOrcTbl2
2024-04-24T04:59:42,026  INFO [main] ql.Driver: Starting task [Stage-0:DDL] in serial mode
2024-04-24T04:59:42,026  INFO [main] HiveMetaStore.audit: ugi=alex	ip=unknown-ip-addr	cmd=get_table : tbl=hive.default.nonAcidOrcTbl2	
2024-04-24T04:59:42,029  INFO [main] metadata.Hive: Dumping metastore api call timing information for : execution phase
2024-04-24T04:59:42,029  INFO [main] metadata.Hive: Total time spent in each metastore function (ms): {isCompatibleWith_(Configuration)=0}
2024-04-24T04:59:42,029  INFO [main] ql.Driver: Completed executing command(queryId=alex_20240424045942_cc360d87-3cae-45ea-88df-be968b30fd9e); Time taken: 0.003 seconds
2024-04-24T04:59:42,029  INFO [main] lockmgr.DbTxnManager: Stopped heartbeat for query: alex_20240424045942_cc360d87-3cae-45ea-88df-be968b30fd9e
2024-04-24T04:59:42,034  INFO [main] txn.TxnHandler: Expected to move at least one record from txn_components to completed_txn_components when committing txn! txnid:5
2024-04-24T04:59:42,038  INFO [main] txn.TxnHandler: Removed transactions: ([5]) from MIN_HISTORY_LEVEL
2024-04-24T04:59:42,038  WARN [main] txn.CompactionTxnHandler: No compaction queue record found for Compaction type transaction commit. txnId:5
2024-04-24T04:59:42,039  INFO [main] ql.TxnCommandsBaseForTests: Running the query: drop table if exists nonAcidNonBucket
2024-04-24T04:59:42,039  INFO [main] ql.Driver: Compiling command(queryId=alex_20240424045942_51cfccb2-e8fe-4bd7-9f2d-38849766a01e): drop table if exists nonAcidNonBucket
2024-04-24T04:59:42,041  INFO [main] txn.TxnHandler: Added entries to MIN_HISTORY_LEVEL for current txns: ([6]) with min_open_txn: 1
2024-04-24T04:59:42,041  INFO [main] lockmgr.DbTxnManager: Opened txnid:6
2024-04-24T04:59:42,041  INFO [main] HiveMetaStore.audit: ugi=alex	ip=unknown-ip-addr	cmd=get_table : tbl=hive.default.nonAcidNonBucket	
2024-04-24T04:59:42,044  INFO [main] ql.Driver: Semantic Analysis Completed (retrial = false)
2024-04-24T04:59:42,044  INFO [main] ql.Driver: Created Hive schema: Schema(fieldSchemas:null, properties:null)
2024-04-24T04:59:42,044  INFO [main] metadata.Hive: Dumping metastore api call timing information for : compilation phase
2024-04-24T04:59:42,044  INFO [main] metadata.Hive: Total time spent in each metastore function (ms): {getValidTxns_(long)=0, openTxn_(String, TxnType)=2, commitTxn_(CommitTxnRequest)=8, isCompatibleWith_(Configuration)=1, flushCache_()=0}
2024-04-24T04:59:42,045  INFO [main] ql.Driver: Completed compiling command(queryId=alex_20240424045942_51cfccb2-e8fe-4bd7-9f2d-38849766a01e); Time taken: 0.005 seconds
2024-04-24T04:59:42,045  INFO [main] lockmgr.DbTxnManager: Setting lock request transaction to txnid:6 for queryId=alex_20240424045942_51cfccb2-e8fe-4bd7-9f2d-38849766a01e
2024-04-24T04:59:42,045  INFO [main] ql.Driver: Operation DROPTABLE obtained 0 locks
2024-04-24T04:59:42,045  INFO [main] ql.Driver: Executing command(queryId=alex_20240424045942_51cfccb2-e8fe-4bd7-9f2d-38849766a01e): drop table if exists nonAcidNonBucket
2024-04-24T04:59:42,045  INFO [main] ql.Driver: Starting task [Stage-0:DDL] in serial mode
2024-04-24T04:59:42,045  INFO [main] HiveMetaStore.audit: ugi=alex	ip=unknown-ip-addr	cmd=get_table : tbl=hive.default.nonAcidNonBucket	
2024-04-24T04:59:42,048  INFO [main] metadata.Hive: Dumping metastore api call timing information for : execution phase
2024-04-24T04:59:42,048  INFO [main] metadata.Hive: Total time spent in each metastore function (ms): {isCompatibleWith_(Configuration)=0}
2024-04-24T04:59:42,049  INFO [main] ql.Driver: Completed executing command(queryId=alex_20240424045942_51cfccb2-e8fe-4bd7-9f2d-38849766a01e); Time taken: 0.003 seconds
2024-04-24T04:59:42,049  INFO [main] lockmgr.DbTxnManager: Stopped heartbeat for query: alex_20240424045942_51cfccb2-e8fe-4bd7-9f2d-38849766a01e
2024-04-24T04:59:42,054  INFO [main] txn.TxnHandler: Expected to move at least one record from txn_components to completed_txn_components when committing txn! txnid:6
2024-04-24T04:59:42,058  INFO [main] txn.TxnHandler: Removed transactions: ([6]) from MIN_HISTORY_LEVEL
2024-04-24T04:59:42,058  WARN [main] txn.CompactionTxnHandler: No compaction queue record found for Compaction type transaction commit. txnId:6
2024-04-24T04:59:42,059  INFO [main] ql.TxnCommandsBaseForTests: Running the query: create table acidTbl(a int, b int) clustered by (a) into 2 buckets stored as orc TBLPROPERTIES ('transactional'='true')
2024-04-24T04:59:42,059  INFO [main] ql.Driver: Compiling command(queryId=alex_20240424045942_b01de699-3d2e-4aae-9c6e-10ee6b030138): create table acidTbl(a int, b int) clustered by (a) into 2 buckets stored as orc TBLPROPERTIES ('transactional'='true')
2024-04-24T04:59:42,061  INFO [main] txn.TxnHandler: Added entries to MIN_HISTORY_LEVEL for current txns: ([7]) with min_open_txn: 1
2024-04-24T04:59:42,062  INFO [main] lockmgr.DbTxnManager: Opened txnid:7
2024-04-24T04:59:42,062  INFO [main] parse.CalcitePlanner: Starting caching scope for: 
2024-04-24T04:59:42,062  INFO [main] parse.CalcitePlanner: Starting Semantic Analysis
2024-04-24T04:59:42,066  INFO [main] parse.CalcitePlanner: Creating table default.acidTbl position=13
2024-04-24T04:59:42,067  INFO [main] HiveMetaStore.audit: ugi=alex	ip=unknown-ip-addr	cmd=get_database: default	
2024-04-24T04:59:42,068  INFO [main] parse.CalcitePlanner: Ending caching scope for: 
2024-04-24T04:59:42,068  INFO [main] ql.Driver: Semantic Analysis Completed (retrial = false)
2024-04-24T04:59:42,068  INFO [main] ql.Driver: Created Hive schema: Schema(fieldSchemas:null, properties:null)
2024-04-24T04:59:42,068  INFO [main] metadata.Hive: Dumping metastore api call timing information for : compilation phase
2024-04-24T04:59:42,069  INFO [main] metadata.Hive: Total time spent in each metastore function (ms): {getDatabase_(String)=1, getValidWriteIds_(List, String)=4, openTxn_(String, TxnType)=2, isCompatibleWith_(Configuration)=1, flushCache_()=0, commitTxn_(CommitTxnRequest)=10, getValidTxns_(long)=0}
2024-04-24T04:59:42,069  INFO [main] ql.Driver: Completed compiling command(queryId=alex_20240424045942_b01de699-3d2e-4aae-9c6e-10ee6b030138); Time taken: 0.009 seconds
2024-04-24T04:59:42,069  INFO [main] lockmgr.DbTxnManager: Setting lock request transaction to txnid:7 for queryId=alex_20240424045942_b01de699-3d2e-4aae-9c6e-10ee6b030138
2024-04-24T04:59:42,069  INFO [main] lockmgr.DbLockManager: Requesting lock for queryId=alex_20240424045942_b01de699-3d2e-4aae-9c6e-10ee6b030138
2024-04-24T04:59:42,084  INFO [main] lockmgr.DbLockManager: Response to queryId=alex_20240424045942_b01de699-3d2e-4aae-9c6e-10ee6b030138 LockResponse(lockid:1, state:ACQUIRED)
2024-04-24T04:59:42,085  INFO [main] ql.Driver: Operation CREATETABLE obtained 1 locks
2024-04-24T04:59:42,085  INFO [main] ql.Driver: Executing command(queryId=alex_20240424045942_b01de699-3d2e-4aae-9c6e-10ee6b030138): create table acidTbl(a int, b int) clustered by (a) into 2 buckets stored as orc TBLPROPERTIES ('transactional'='true')
2024-04-24T04:59:42,085  INFO [main] ql.Driver: Starting task [Stage-0:DDL] in serial mode
2024-04-24T04:59:42,086  INFO [main] HiveMetaStore.audit: ugi=alex	ip=unknown-ip-addr	cmd=create_table_req: Table(tableName:acidTbl, dbName:default, owner:alex, createTime:1713959982, lastAccessTime:0, retention:0, sd:StorageDescriptor(cols:[FieldSchema(name:a, type:int, comment:null), FieldSchema(name:b, type:int, comment:null)], location:null, inputFormat:org.apache.hadoop.hive.ql.io.orc.OrcInputFormat, outputFormat:org.apache.hadoop.hive.ql.io.orc.OrcOutputFormat, compressed:false, numBuckets:2, serdeInfo:SerDeInfo(name:null, serializationLib:org.apache.hadoop.hive.ql.io.orc.OrcSerde, parameters:{serialization.format=1}), bucketCols:[a], sortCols:[], parameters:{}, skewedInfo:SkewedInfo(skewedColNames:[], skewedColValues:[], skewedColValueLocationMaps:{}), storedAsSubDirectories:false), partitionKeys:[], parameters:{numFilesErasureCoded=0, totalSize=0, rawDataSize=0, numRows=0, bucketing_version=2, COLUMN_STATS_ACCURATE={"BASIC_STATS":"true","COLUMN_STATS":{"a":"true","b":"true"}}, numFiles=0, transactional=true}, viewOriginalText:null, viewExpandedText:null, tableType:MANAGED_TABLE, privileges:PrincipalPrivilegeSet(userPrivileges:{alex=[PrivilegeGrantInfo(privilege:INSERT, createTime:-1, grantor:alex, grantorType:USER, grantOption:true), PrivilegeGrantInfo(privilege:SELECT, createTime:-1, grantor:alex, grantorType:USER, grantOption:true), PrivilegeGrantInfo(privilege:UPDATE, createTime:-1, grantor:alex, grantorType:USER, grantOption:true), PrivilegeGrantInfo(privilege:DELETE, createTime:-1, grantor:alex, grantorType:USER, grantOption:true)]}, groupPrivileges:null, rolePrivileges:null), temporary:false, catName:hive, ownerType:USER, writeId:0)	
2024-04-24T04:59:42,091  INFO [main] utils.FileUtils: Creating directory if it doesn't exist: file:/home/alex/Repositories/hive/ql/target/tmp/org.apache.hadoop.hive.ql.TestTxnNoBuckets-1713959849960/warehouse/acidtbl
2024-04-24T04:59:42,124  INFO [main] metadata.Hive: Dumping metastore api call timing information for : execution phase
2024-04-24T04:59:42,124  INFO [main] metadata.Hive: Total time spent in each metastore function (ms): {isCompatibleWith_(Configuration)=0, createTable_(Table)=38}
2024-04-24T04:59:42,124  INFO [main] ql.Driver: Completed executing command(queryId=alex_20240424045942_b01de699-3d2e-4aae-9c6e-10ee6b030138); Time taken: 0.039 seconds
2024-04-24T04:59:42,124  INFO [main] lockmgr.DbTxnManager: Stopped heartbeat for query: alex_20240424045942_b01de699-3d2e-4aae-9c6e-10ee6b030138
2024-04-24T04:59:42,127  INFO [main] txn.TxnHandler: Expected to move at least one record from txn_components to completed_txn_components when committing txn! txnid:7
2024-04-24T04:59:42,132  INFO [main] txn.TxnHandler: Removed transactions: ([7]) from MIN_HISTORY_LEVEL
2024-04-24T04:59:42,132  WARN [main] txn.CompactionTxnHandler: No compaction queue record found for Compaction type transaction commit. txnId:7
2024-04-24T04:59:42,132  INFO [main] ql.TxnCommandsBaseForTests: Running the query: create table acidTblPart(a int, b int) partitioned by (p string) clustered by (a) into 2 buckets stored as orc TBLPROPERTIES ('transactional'='true')
2024-04-24T04:59:42,133  INFO [main] ql.Driver: Compiling command(queryId=alex_20240424045942_17ab8bc7-f57d-4074-85f5-7ef5168f048e): create table acidTblPart(a int, b int) partitioned by (p string) clustered by (a) into 2 buckets stored as orc TBLPROPERTIES ('transactional'='true')
2024-04-24T04:59:42,139  INFO [main] txn.TxnHandler: Added entries to MIN_HISTORY_LEVEL for current txns: ([8]) with min_open_txn: 1
2024-04-24T04:59:42,140  INFO [main] lockmgr.DbTxnManager: Opened txnid:8
2024-04-24T04:59:42,141  INFO [main] parse.CalcitePlanner: Starting caching scope for: 
2024-04-24T04:59:42,141  INFO [main] parse.CalcitePlanner: Starting Semantic Analysis
2024-04-24T04:59:42,143  INFO [main] parse.CalcitePlanner: Creating table default.acidTblPart position=13
2024-04-24T04:59:42,144  INFO [main] HiveMetaStore.audit: ugi=alex	ip=unknown-ip-addr	cmd=get_database: default	
2024-04-24T04:59:42,145  INFO [main] parse.CalcitePlanner: Ending caching scope for: 
2024-04-24T04:59:42,145  INFO [main] ql.Driver: Semantic Analysis Completed (retrial = false)
2024-04-24T04:59:42,145  INFO [main] ql.Driver: Created Hive schema: Schema(fieldSchemas:null, properties:null)
2024-04-24T04:59:42,145  INFO [main] metadata.Hive: Dumping metastore api call timing information for : compilation phase
2024-04-24T04:59:42,145  INFO [main] metadata.Hive: Total time spent in each metastore function (ms): {getValidTxns_(long)=1, getDatabase_(String)=1, openTxn_(String, TxnType)=7, isCompatibleWith_(Configuration)=0, commitTxn_(CommitTxnRequest)=8, flushCache_()=0, getValidWriteIds_(List, String)=1}
2024-04-24T04:59:42,146  INFO [main] ql.Driver: Completed compiling command(queryId=alex_20240424045942_17ab8bc7-f57d-4074-85f5-7ef5168f048e); Time taken: 0.012 seconds
2024-04-24T04:59:42,146  INFO [main] lockmgr.DbTxnManager: Setting lock request transaction to txnid:8 for queryId=alex_20240424045942_17ab8bc7-f57d-4074-85f5-7ef5168f048e
2024-04-24T04:59:42,146  INFO [main] lockmgr.DbLockManager: Requesting lock for queryId=alex_20240424045942_17ab8bc7-f57d-4074-85f5-7ef5168f048e
2024-04-24T04:59:42,158  INFO [main] lockmgr.DbLockManager: Response to queryId=alex_20240424045942_17ab8bc7-f57d-4074-85f5-7ef5168f048e LockResponse(lockid:2, state:ACQUIRED)
2024-04-24T04:59:42,158  INFO [main] ql.Driver: Operation CREATETABLE obtained 1 locks
2024-04-24T04:59:42,158  INFO [main] ql.Driver: Executing command(queryId=alex_20240424045942_17ab8bc7-f57d-4074-85f5-7ef5168f048e): create table acidTblPart(a int, b int) partitioned by (p string) clustered by (a) into 2 buckets stored as orc TBLPROPERTIES ('transactional'='true')
2024-04-24T04:59:42,158  INFO [main] ql.Driver: Starting task [Stage-0:DDL] in serial mode
2024-04-24T04:59:42,159  INFO [main] HiveMetaStore.audit: ugi=alex	ip=unknown-ip-addr	cmd=create_table_req: Table(tableName:acidTblPart, dbName:default, owner:alex, createTime:1713959982, lastAccessTime:0, retention:0, sd:StorageDescriptor(cols:[FieldSchema(name:a, type:int, comment:null), FieldSchema(name:b, type:int, comment:null)], location:null, inputFormat:org.apache.hadoop.hive.ql.io.orc.OrcInputFormat, outputFormat:org.apache.hadoop.hive.ql.io.orc.OrcOutputFormat, compressed:false, numBuckets:2, serdeInfo:SerDeInfo(name:null, serializationLib:org.apache.hadoop.hive.ql.io.orc.OrcSerde, parameters:{serialization.format=1}), bucketCols:[a], sortCols:[], parameters:{}, skewedInfo:SkewedInfo(skewedColNames:[], skewedColValues:[], skewedColValueLocationMaps:{}), storedAsSubDirectories:false), partitionKeys:[FieldSchema(name:p, type:string, comment:null)], parameters:{transactional=true, bucketing_version=2}, viewOriginalText:null, viewExpandedText:null, tableType:MANAGED_TABLE, privileges:PrincipalPrivilegeSet(userPrivileges:{alex=[PrivilegeGrantInfo(privilege:INSERT, createTime:-1, grantor:alex, grantorType:USER, grantOption:true), PrivilegeGrantInfo(privilege:SELECT, createTime:-1, grantor:alex, grantorType:USER, grantOption:true), PrivilegeGrantInfo(privilege:UPDATE, createTime:-1, grantor:alex, grantorType:USER, grantOption:true), PrivilegeGrantInfo(privilege:DELETE, createTime:-1, grantor:alex, grantorType:USER, grantOption:true)]}, groupPrivileges:null, rolePrivileges:null), temporary:false, catName:hive, ownerType:USER, writeId:0)	
2024-04-24T04:59:42,165  INFO [main] utils.FileUtils: Creating directory if it doesn't exist: file:/home/alex/Repositories/hive/ql/target/tmp/org.apache.hadoop.hive.ql.TestTxnNoBuckets-1713959849960/warehouse/acidtblpart
2024-04-24T04:59:42,179  INFO [main] metadata.Hive: Dumping metastore api call timing information for : execution phase
2024-04-24T04:59:42,179  INFO [main] metadata.Hive: Total time spent in each metastore function (ms): {createTable_(Table)=20, isCompatibleWith_(Configuration)=0}
2024-04-24T04:59:42,180  INFO [main] ql.Driver: Completed executing command(queryId=alex_20240424045942_17ab8bc7-f57d-4074-85f5-7ef5168f048e); Time taken: 0.021 seconds
2024-04-24T04:59:42,180  INFO [main] lockmgr.DbTxnManager: Stopped heartbeat for query: alex_20240424045942_17ab8bc7-f57d-4074-85f5-7ef5168f048e
2024-04-24T04:59:42,183  INFO [main] txn.TxnHandler: Expected to move at least one record from txn_components to completed_txn_components when committing txn! txnid:8
2024-04-24T04:59:42,187  INFO [main] txn.TxnHandler: Removed transactions: ([8]) from MIN_HISTORY_LEVEL
2024-04-24T04:59:42,187  WARN [main] txn.CompactionTxnHandler: No compaction queue record found for Compaction type transaction commit. txnId:8
2024-04-24T04:59:42,188  INFO [main] ql.TxnCommandsBaseForTests: Running the query: create table nonAcidOrcTbl(a int, b int) clustered by (a) into 2 buckets stored as orc TBLPROPERTIES ('transactional'='false')
2024-04-24T04:59:42,188  INFO [main] ql.Driver: Compiling command(queryId=alex_20240424045942_6e72f7d5-62e8-42b8-a31c-f21f5e3e31ad): create table nonAcidOrcTbl(a int, b int) clustered by (a) into 2 buckets stored as orc TBLPROPERTIES ('transactional'='false')
2024-04-24T04:59:42,190  INFO [main] txn.TxnHandler: Added entries to MIN_HISTORY_LEVEL for current txns: ([9]) with min_open_txn: 1
2024-04-24T04:59:42,190  INFO [main] lockmgr.DbTxnManager: Opened txnid:9
2024-04-24T04:59:42,191  INFO [main] parse.CalcitePlanner: Starting caching scope for: 
2024-04-24T04:59:42,191  INFO [main] parse.CalcitePlanner: Starting Semantic Analysis
2024-04-24T04:59:42,193  INFO [main] parse.CalcitePlanner: Creating table default.nonAcidOrcTbl position=13
2024-04-24T04:59:42,193  INFO [main] HiveMetaStore.audit: ugi=alex	ip=unknown-ip-addr	cmd=get_database: default	
2024-04-24T04:59:42,194  INFO [main] parse.CalcitePlanner: Ending caching scope for: 
2024-04-24T04:59:42,194  INFO [main] ql.Driver: Semantic Analysis Completed (retrial = false)
2024-04-24T04:59:42,194  INFO [main] ql.Driver: Created Hive schema: Schema(fieldSchemas:null, properties:null)
2024-04-24T04:59:42,195  INFO [main] metadata.Hive: Dumping metastore api call timing information for : compilation phase
2024-04-24T04:59:42,195  INFO [main] metadata.Hive: Total time spent in each metastore function (ms): {getValidTxns_(long)=0, commitTxn_(CommitTxnRequest)=8, openTxn_(String, TxnType)=1, getValidWriteIds_(List, String)=2, isCompatibleWith_(Configuration)=0, flushCache_()=0, getDatabase_(String)=1}
2024-04-24T04:59:42,195  INFO [main] ql.Driver: Completed compiling command(queryId=alex_20240424045942_6e72f7d5-62e8-42b8-a31c-f21f5e3e31ad); Time taken: 0.007 seconds
2024-04-24T04:59:42,195  INFO [main] lockmgr.DbTxnManager: Setting lock request transaction to txnid:9 for queryId=alex_20240424045942_6e72f7d5-62e8-42b8-a31c-f21f5e3e31ad
2024-04-24T04:59:42,195  INFO [main] lockmgr.DbLockManager: Requesting lock for queryId=alex_20240424045942_6e72f7d5-62e8-42b8-a31c-f21f5e3e31ad
2024-04-24T04:59:42,207  INFO [main] lockmgr.DbLockManager: Response to queryId=alex_20240424045942_6e72f7d5-62e8-42b8-a31c-f21f5e3e31ad LockResponse(lockid:3, state:ACQUIRED)
2024-04-24T04:59:42,207  INFO [main] ql.Driver: Operation CREATETABLE obtained 1 locks
2024-04-24T04:59:42,207  INFO [main] ql.Driver: Executing command(queryId=alex_20240424045942_6e72f7d5-62e8-42b8-a31c-f21f5e3e31ad): create table nonAcidOrcTbl(a int, b int) clustered by (a) into 2 buckets stored as orc TBLPROPERTIES ('transactional'='false')
2024-04-24T04:59:42,208  INFO [main] ql.Driver: Starting task [Stage-0:DDL] in serial mode
2024-04-24T04:59:42,209  INFO [main] HiveMetaStore.audit: ugi=alex	ip=unknown-ip-addr	cmd=create_table_req: Table(tableName:nonAcidOrcTbl, dbName:default, owner:alex, createTime:1713959982, lastAccessTime:0, retention:0, sd:StorageDescriptor(cols:[FieldSchema(name:a, type:int, comment:null), FieldSchema(name:b, type:int, comment:null)], location:null, inputFormat:org.apache.hadoop.hive.ql.io.orc.OrcInputFormat, outputFormat:org.apache.hadoop.hive.ql.io.orc.OrcOutputFormat, compressed:false, numBuckets:2, serdeInfo:SerDeInfo(name:null, serializationLib:org.apache.hadoop.hive.ql.io.orc.OrcSerde, parameters:{serialization.format=1}), bucketCols:[a], sortCols:[], parameters:{}, skewedInfo:SkewedInfo(skewedColNames:[], skewedColValues:[], skewedColValueLocationMaps:{}), storedAsSubDirectories:false), partitionKeys:[], parameters:{rawDataSize=0, COLUMN_STATS_ACCURATE={"BASIC_STATS":"true","COLUMN_STATS":{"a":"true","b":"true"}}, bucketing_version=2, numFiles=0, numFilesErasureCoded=0, transactional=false, numRows=0, totalSize=0}, viewOriginalText:null, viewExpandedText:null, tableType:MANAGED_TABLE, privileges:PrincipalPrivilegeSet(userPrivileges:{alex=[PrivilegeGrantInfo(privilege:INSERT, createTime:-1, grantor:alex, grantorType:USER, grantOption:true), PrivilegeGrantInfo(privilege:SELECT, createTime:-1, grantor:alex, grantorType:USER, grantOption:true), PrivilegeGrantInfo(privilege:UPDATE, createTime:-1, grantor:alex, grantorType:USER, grantOption:true), PrivilegeGrantInfo(privilege:DELETE, createTime:-1, grantor:alex, grantorType:USER, grantOption:true)]}, groupPrivileges:null, rolePrivileges:null), temporary:false, catName:hive, ownerType:USER)	
2024-04-24T04:59:42,214  INFO [main] utils.FileUtils: Creating directory if it doesn't exist: file:/home/alex/Repositories/hive/ql/target/tmp/org.apache.hadoop.hive.ql.TestTxnNoBuckets-1713959849960/warehouse/nonacidorctbl
2024-04-24T04:59:42,228  INFO [main] metadata.Hive: Dumping metastore api call timing information for : execution phase
2024-04-24T04:59:42,228  INFO [main] metadata.Hive: Total time spent in each metastore function (ms): {createTable_(Table)=20, isCompatibleWith_(Configuration)=0}
2024-04-24T04:59:42,229  INFO [main] ql.Driver: Completed executing command(queryId=alex_20240424045942_6e72f7d5-62e8-42b8-a31c-f21f5e3e31ad); Time taken: 0.021 seconds
2024-04-24T04:59:42,229  INFO [main] lockmgr.DbTxnManager: Stopped heartbeat for query: alex_20240424045942_6e72f7d5-62e8-42b8-a31c-f21f5e3e31ad
2024-04-24T04:59:42,232  INFO [main] txn.TxnHandler: Expected to move at least one record from txn_components to completed_txn_components when committing txn! txnid:9
2024-04-24T04:59:42,236  INFO [main] txn.TxnHandler: Removed transactions: ([9]) from MIN_HISTORY_LEVEL
2024-04-24T04:59:42,237  WARN [main] txn.CompactionTxnHandler: No compaction queue record found for Compaction type transaction commit. txnId:9
2024-04-24T04:59:42,237  INFO [main] ql.TxnCommandsBaseForTests: Running the query: create table nonAcidOrcTbl2(a int, b int) clustered by (a) into 2 buckets stored as orc TBLPROPERTIES ('transactional'='false')
2024-04-24T04:59:42,237  INFO [main] ql.Driver: Compiling command(queryId=alex_20240424045942_ccf28a32-3fce-44d7-8dee-babbdd9214e0): create table nonAcidOrcTbl2(a int, b int) clustered by (a) into 2 buckets stored as orc TBLPROPERTIES ('transactional'='false')
2024-04-24T04:59:42,239  INFO [main] txn.TxnHandler: Added entries to MIN_HISTORY_LEVEL for current txns: ([10]) with min_open_txn: 1
2024-04-24T04:59:42,239  INFO [main] lockmgr.DbTxnManager: Opened txnid:10
2024-04-24T04:59:42,240  INFO [main] parse.CalcitePlanner: Starting caching scope for: 
2024-04-24T04:59:42,240  INFO [main] parse.CalcitePlanner: Starting Semantic Analysis
2024-04-24T04:59:42,242  INFO [main] parse.CalcitePlanner: Creating table default.nonAcidOrcTbl2 position=13
2024-04-24T04:59:42,242  INFO [main] HiveMetaStore.audit: ugi=alex	ip=unknown-ip-addr	cmd=get_database: default	
2024-04-24T04:59:42,244  INFO [main] parse.CalcitePlanner: Ending caching scope for: 
2024-04-24T04:59:42,244  INFO [main] ql.Driver: Semantic Analysis Completed (retrial = false)
2024-04-24T04:59:42,244  INFO [main] ql.Driver: Created Hive schema: Schema(fieldSchemas:null, properties:null)
2024-04-24T04:59:42,244  INFO [main] metadata.Hive: Dumping metastore api call timing information for : compilation phase
2024-04-24T04:59:42,244  INFO [main] metadata.Hive: Total time spent in each metastore function (ms): {getValidTxns_(long)=0, getDatabase_(String)=2, getValidWriteIds_(List, String)=2, commitTxn_(CommitTxnRequest)=8, isCompatibleWith_(Configuration)=0, openTxn_(String, TxnType)=1, flushCache_()=0}
2024-04-24T04:59:42,244  INFO [main] ql.Driver: Completed compiling command(queryId=alex_20240424045942_ccf28a32-3fce-44d7-8dee-babbdd9214e0); Time taken: 0.007 seconds
2024-04-24T04:59:42,244  INFO [main] lockmgr.DbTxnManager: Setting lock request transaction to txnid:10 for queryId=alex_20240424045942_ccf28a32-3fce-44d7-8dee-babbdd9214e0
2024-04-24T04:59:42,245  INFO [main] lockmgr.DbLockManager: Requesting lock for queryId=alex_20240424045942_ccf28a32-3fce-44d7-8dee-babbdd9214e0
2024-04-24T04:59:42,261  INFO [main] lockmgr.DbLockManager: Response to queryId=alex_20240424045942_ccf28a32-3fce-44d7-8dee-babbdd9214e0 LockResponse(lockid:4, state:ACQUIRED)
2024-04-24T04:59:42,261  INFO [main] ql.Driver: Operation CREATETABLE obtained 1 locks
2024-04-24T04:59:42,261  INFO [main] ql.Driver: Executing command(queryId=alex_20240424045942_ccf28a32-3fce-44d7-8dee-babbdd9214e0): create table nonAcidOrcTbl2(a int, b int) clustered by (a) into 2 buckets stored as orc TBLPROPERTIES ('transactional'='false')
2024-04-24T04:59:42,261  INFO [main] ql.Driver: Starting task [Stage-0:DDL] in serial mode
2024-04-24T04:59:42,262  INFO [main] HiveMetaStore.audit: ugi=alex	ip=unknown-ip-addr	cmd=create_table_req: Table(tableName:nonAcidOrcTbl2, dbName:default, owner:alex, createTime:1713959982, lastAccessTime:0, retention:0, sd:StorageDescriptor(cols:[FieldSchema(name:a, type:int, comment:null), FieldSchema(name:b, type:int, comment:null)], location:null, inputFormat:org.apache.hadoop.hive.ql.io.orc.OrcInputFormat, outputFormat:org.apache.hadoop.hive.ql.io.orc.OrcOutputFormat, compressed:false, numBuckets:2, serdeInfo:SerDeInfo(name:null, serializationLib:org.apache.hadoop.hive.ql.io.orc.OrcSerde, parameters:{serialization.format=1}), bucketCols:[a], sortCols:[], parameters:{}, skewedInfo:SkewedInfo(skewedColNames:[], skewedColValues:[], skewedColValueLocationMaps:{}), storedAsSubDirectories:false), partitionKeys:[], parameters:{COLUMN_STATS_ACCURATE={"BASIC_STATS":"true","COLUMN_STATS":{"a":"true","b":"true"}}, totalSize=0, rawDataSize=0, transactional=false, numFilesErasureCoded=0, numFiles=0, bucketing_version=2, numRows=0}, viewOriginalText:null, viewExpandedText:null, tableType:MANAGED_TABLE, privileges:PrincipalPrivilegeSet(userPrivileges:{alex=[PrivilegeGrantInfo(privilege:INSERT, createTime:-1, grantor:alex, grantorType:USER, grantOption:true), PrivilegeGrantInfo(privilege:SELECT, createTime:-1, grantor:alex, grantorType:USER, grantOption:true), PrivilegeGrantInfo(privilege:UPDATE, createTime:-1, grantor:alex, grantorType:USER, grantOption:true), PrivilegeGrantInfo(privilege:DELETE, createTime:-1, grantor:alex, grantorType:USER, grantOption:true)]}, groupPrivileges:null, rolePrivileges:null), temporary:false, catName:hive, ownerType:USER)	
2024-04-24T04:59:42,268  INFO [main] utils.FileUtils: Creating directory if it doesn't exist: file:/home/alex/Repositories/hive/ql/target/tmp/org.apache.hadoop.hive.ql.TestTxnNoBuckets-1713959849960/warehouse/nonacidorctbl2
2024-04-24T04:59:42,281  INFO [main] metadata.Hive: Dumping metastore api call timing information for : execution phase
2024-04-24T04:59:42,281  INFO [main] metadata.Hive: Total time spent in each metastore function (ms): {isCompatibleWith_(Configuration)=0, createTable_(Table)=19}
2024-04-24T04:59:42,281  INFO [main] ql.Driver: Completed executing command(queryId=alex_20240424045942_ccf28a32-3fce-44d7-8dee-babbdd9214e0); Time taken: 0.02 seconds
2024-04-24T04:59:42,281  INFO [main] lockmgr.DbTxnManager: Stopped heartbeat for query: alex_20240424045942_ccf28a32-3fce-44d7-8dee-babbdd9214e0
2024-04-24T04:59:42,285  INFO [main] txn.TxnHandler: Expected to move at least one record from txn_components to completed_txn_components when committing txn! txnid:10
2024-04-24T04:59:42,289  INFO [main] txn.TxnHandler: Removed transactions: ([10]) from MIN_HISTORY_LEVEL
2024-04-24T04:59:42,289  WARN [main] txn.CompactionTxnHandler: No compaction queue record found for Compaction type transaction commit. txnId:10
2024-04-24T04:59:42,290  INFO [main] ql.TxnCommandsBaseForTests: Running the query: create temporary  table acidTbl2(a int, b int, c int) clustered by (c) into 2 buckets stored as orc TBLPROPERTIES ('transactional'='true')
2024-04-24T04:59:42,290  INFO [main] ql.Driver: Compiling command(queryId=alex_20240424045942_eab292cc-7b17-431a-9fcc-b3a35c4aa705): create temporary  table acidTbl2(a int, b int, c int) clustered by (c) into 2 buckets stored as orc TBLPROPERTIES ('transactional'='true')
2024-04-24T04:59:42,292  INFO [main] txn.TxnHandler: Added entries to MIN_HISTORY_LEVEL for current txns: ([11]) with min_open_txn: 1
2024-04-24T04:59:42,292  INFO [main] lockmgr.DbTxnManager: Opened txnid:11
2024-04-24T04:59:42,293  INFO [main] parse.CalcitePlanner: Starting caching scope for: 
2024-04-24T04:59:42,293  INFO [main] parse.CalcitePlanner: Starting Semantic Analysis
2024-04-24T04:59:42,295  INFO [main] parse.CalcitePlanner: Creating table default.acidTbl2 position=24
2024-04-24T04:59:42,295  INFO [main] HiveMetaStore.audit: ugi=alex	ip=unknown-ip-addr	cmd=get_database: default	
2024-04-24T04:59:42,297  INFO [main] parse.CalcitePlanner: Ending caching scope for: 
2024-04-24T04:59:42,297  INFO [main] ql.Driver: Semantic Analysis Completed (retrial = false)
2024-04-24T04:59:42,297  INFO [main] ql.Driver: Created Hive schema: Schema(fieldSchemas:null, properties:null)
2024-04-24T04:59:42,297  INFO [main] metadata.Hive: Dumping metastore api call timing information for : compilation phase
2024-04-24T04:59:42,297  INFO [main] metadata.Hive: Total time spent in each metastore function (ms): {getValidTxns_(long)=0, openTxn_(String, TxnType)=1, commitTxn_(CommitTxnRequest)=8, getValidWriteIds_(List, String)=2, isCompatibleWith_(Configuration)=1, flushCache_()=1, getDatabase_(String)=2}
2024-04-24T04:59:42,298  INFO [main] ql.Driver: Completed compiling command(queryId=alex_20240424045942_eab292cc-7b17-431a-9fcc-b3a35c4aa705); Time taken: 0.007 seconds
2024-04-24T04:59:42,298  INFO [main] lockmgr.DbTxnManager: Setting lock request transaction to txnid:11 for queryId=alex_20240424045942_eab292cc-7b17-431a-9fcc-b3a35c4aa705
2024-04-24T04:59:42,298  INFO [main] lockmgr.DbLockManager: Requesting lock for queryId=alex_20240424045942_eab292cc-7b17-431a-9fcc-b3a35c4aa705
2024-04-24T04:59:42,311  INFO [main] lockmgr.DbLockManager: Response to queryId=alex_20240424045942_eab292cc-7b17-431a-9fcc-b3a35c4aa705 LockResponse(lockid:5, state:ACQUIRED)
2024-04-24T04:59:42,311  INFO [main] ql.Driver: Operation CREATETABLE obtained 1 locks
2024-04-24T04:59:42,311  INFO [main] ql.Driver: Executing command(queryId=alex_20240424045942_eab292cc-7b17-431a-9fcc-b3a35c4aa705): create temporary  table acidTbl2(a int, b int, c int) clustered by (c) into 2 buckets stored as orc TBLPROPERTIES ('transactional'='true')
2024-04-24T04:59:42,311  INFO [main] ql.Driver: Starting task [Stage-0:DDL] in serial mode
2024-04-24T04:59:42,313  INFO [main] utils.FileUtils: Creating directory if it doesn't exist: file:/home/alex/Repositories/hive/ql/target/tmp/scratchdir/alex/5b470a58-211a-4eff-9221-4e63d0eb9cb5/_tmp_space.db/c0239bdd-e8bd-4d3e-b541-59d7b09a06d7
2024-04-24T04:59:42,315  INFO [main] metadata.Hive: Dumping metastore api call timing information for : execution phase
2024-04-24T04:59:42,315  INFO [main] metadata.Hive: Total time spent in each metastore function (ms): {createTable_(Table)=3, isCompatibleWith_(Configuration)=1}
2024-04-24T04:59:42,316  INFO [main] ql.Driver: Completed executing command(queryId=alex_20240424045942_eab292cc-7b17-431a-9fcc-b3a35c4aa705); Time taken: 0.004 seconds
2024-04-24T04:59:42,316  INFO [main] lockmgr.DbTxnManager: Stopped heartbeat for query: alex_20240424045942_eab292cc-7b17-431a-9fcc-b3a35c4aa705
2024-04-24T04:59:42,319  INFO [main] txn.TxnHandler: Expected to move at least one record from txn_components to completed_txn_components when committing txn! txnid:11
2024-04-24T04:59:42,323  INFO [main] txn.TxnHandler: Removed transactions: ([11]) from MIN_HISTORY_LEVEL
2024-04-24T04:59:42,323  WARN [main] txn.CompactionTxnHandler: No compaction queue record found for Compaction type transaction commit. txnId:11
2024-04-24T04:59:42,324  INFO [main] ql.TxnCommandsBaseForTests: Running the query: create table nonAcidNonBucket(a int, b int) stored as orc TBLPROPERTIES ('transactional'='false')
2024-04-24T04:59:42,324  INFO [main] ql.Driver: Compiling command(queryId=alex_20240424045942_aac5b48e-a583-475e-ae5a-e2b4acbfe37d): create table nonAcidNonBucket(a int, b int) stored as orc TBLPROPERTIES ('transactional'='false')
2024-04-24T04:59:42,326  INFO [main] txn.TxnHandler: Added entries to MIN_HISTORY_LEVEL for current txns: ([12]) with min_open_txn: 1
2024-04-24T04:59:42,326  INFO [main] lockmgr.DbTxnManager: Opened txnid:12
2024-04-24T04:59:42,327  INFO [main] parse.CalcitePlanner: Starting caching scope for: 
2024-04-24T04:59:42,327  INFO [main] parse.CalcitePlanner: Starting Semantic Analysis
2024-04-24T04:59:42,329  INFO [main] parse.CalcitePlanner: Creating table default.nonAcidNonBucket position=13
2024-04-24T04:59:42,330  INFO [main] HiveMetaStore.audit: ugi=alex	ip=unknown-ip-addr	cmd=get_database: default	
2024-04-24T04:59:42,331  INFO [main] parse.CalcitePlanner: Ending caching scope for: 
2024-04-24T04:59:42,331  INFO [main] ql.Driver: Semantic Analysis Completed (retrial = false)
2024-04-24T04:59:42,331  INFO [main] ql.Driver: Created Hive schema: Schema(fieldSchemas:null, properties:null)
2024-04-24T04:59:42,331  INFO [main] metadata.Hive: Dumping metastore api call timing information for : compilation phase
2024-04-24T04:59:42,331  INFO [main] metadata.Hive: Total time spent in each metastore function (ms): {isCompatibleWith_(Configuration)=0, flushCache_()=0, openTxn_(String, TxnType)=1, getValidTxns_(long)=0, getValidWriteIds_(List, String)=2, commitTxn_(CommitTxnRequest)=8, getDatabase_(String)=1}
2024-04-24T04:59:42,332  INFO [main] ql.Driver: Completed compiling command(queryId=alex_20240424045942_aac5b48e-a583-475e-ae5a-e2b4acbfe37d); Time taken: 0.007 seconds
2024-04-24T04:59:42,332  INFO [main] lockmgr.DbTxnManager: Setting lock request transaction to txnid:12 for queryId=alex_20240424045942_aac5b48e-a583-475e-ae5a-e2b4acbfe37d
2024-04-24T04:59:42,332  INFO [main] lockmgr.DbLockManager: Requesting lock for queryId=alex_20240424045942_aac5b48e-a583-475e-ae5a-e2b4acbfe37d
2024-04-24T04:59:42,350  INFO [main] lockmgr.DbLockManager: Response to queryId=alex_20240424045942_aac5b48e-a583-475e-ae5a-e2b4acbfe37d LockResponse(lockid:6, state:ACQUIRED)
2024-04-24T04:59:42,351  INFO [main] ql.Driver: Operation CREATETABLE obtained 1 locks
2024-04-24T04:59:42,351  INFO [main] ql.Driver: Executing command(queryId=alex_20240424045942_aac5b48e-a583-475e-ae5a-e2b4acbfe37d): create table nonAcidNonBucket(a int, b int) stored as orc TBLPROPERTIES ('transactional'='false')
2024-04-24T04:59:42,351  INFO [main] ql.Driver: Starting task [Stage-0:DDL] in serial mode
2024-04-24T04:59:42,352  INFO [main] HiveMetaStore.audit: ugi=alex	ip=unknown-ip-addr	cmd=create_table_req: Table(tableName:nonAcidNonBucket, dbName:default, owner:alex, createTime:1713959982, lastAccessTime:0, retention:0, sd:StorageDescriptor(cols:[FieldSchema(name:a, type:int, comment:null), FieldSchema(name:b, type:int, comment:null)], location:null, inputFormat:org.apache.hadoop.hive.ql.io.orc.OrcInputFormat, outputFormat:org.apache.hadoop.hive.ql.io.orc.OrcOutputFormat, compressed:false, numBuckets:-1, serdeInfo:SerDeInfo(name:null, serializationLib:org.apache.hadoop.hive.ql.io.orc.OrcSerde, parameters:{serialization.format=1}), bucketCols:[], sortCols:[], parameters:{}, skewedInfo:SkewedInfo(skewedColNames:[], skewedColValues:[], skewedColValueLocationMaps:{}), storedAsSubDirectories:false), partitionKeys:[], parameters:{numFiles=0, numFilesErasureCoded=0, numRows=0, totalSize=0, transactional=false, bucketing_version=2, rawDataSize=0, COLUMN_STATS_ACCURATE={"BASIC_STATS":"true","COLUMN_STATS":{"a":"true","b":"true"}}}, viewOriginalText:null, viewExpandedText:null, tableType:MANAGED_TABLE, privileges:PrincipalPrivilegeSet(userPrivileges:{alex=[PrivilegeGrantInfo(privilege:INSERT, createTime:-1, grantor:alex, grantorType:USER, grantOption:true), PrivilegeGrantInfo(privilege:SELECT, createTime:-1, grantor:alex, grantorType:USER, grantOption:true), PrivilegeGrantInfo(privilege:UPDATE, createTime:-1, grantor:alex, grantorType:USER, grantOption:true), PrivilegeGrantInfo(privilege:DELETE, createTime:-1, grantor:alex, grantorType:USER, grantOption:true)]}, groupPrivileges:null, rolePrivileges:null), temporary:false, catName:hive, ownerType:USER)	
2024-04-24T04:59:42,361  INFO [main] utils.FileUtils: Creating directory if it doesn't exist: file:/home/alex/Repositories/hive/ql/target/tmp/org.apache.hadoop.hive.ql.TestTxnNoBuckets-1713959849960/warehouse/nonacidnonbucket
2024-04-24T04:59:42,380  INFO [main] metadata.Hive: Dumping metastore api call timing information for : execution phase
2024-04-24T04:59:42,380  INFO [main] metadata.Hive: Total time spent in each metastore function (ms): {createTable_(Table)=28, isCompatibleWith_(Configuration)=0}
2024-04-24T04:59:42,380  INFO [main] ql.Driver: Completed executing command(queryId=alex_20240424045942_aac5b48e-a583-475e-ae5a-e2b4acbfe37d); Time taken: 0.029 seconds
2024-04-24T04:59:42,380  INFO [main] lockmgr.DbTxnManager: Stopped heartbeat for query: alex_20240424045942_aac5b48e-a583-475e-ae5a-e2b4acbfe37d
2024-04-24T04:59:42,384  INFO [main] txn.TxnHandler: Expected to move at least one record from txn_components to completed_txn_components when committing txn! txnid:12
2024-04-24T04:59:42,388  INFO [main] txn.TxnHandler: Removed transactions: ([12]) from MIN_HISTORY_LEVEL
2024-04-24T04:59:42,390  WARN [main] txn.CompactionTxnHandler: No compaction queue record found for Compaction type transaction commit. txnId:12
2024-04-24T04:59:42,390  INFO [main] ql.TxnCommandsBaseForTests: Running the query: drop table if exists tmp
2024-04-24T04:59:42,390  INFO [main] ql.Driver: Compiling command(queryId=alex_20240424045942_caec0c08-d22a-4d00-9f49-0cdaf1deca76): drop table if exists tmp
2024-04-24T04:59:42,392  INFO [main] txn.TxnHandler: Added entries to MIN_HISTORY_LEVEL for current txns: ([13]) with min_open_txn: 1
2024-04-24T04:59:42,392  INFO [main] lockmgr.DbTxnManager: Opened txnid:13
2024-04-24T04:59:42,393  INFO [main] HiveMetaStore.audit: ugi=alex	ip=unknown-ip-addr	cmd=get_table : tbl=hive.default.tmp	
2024-04-24T04:59:42,421  INFO [main] metastore.HMSHandler: Skipping translation for processor with null
2024-04-24T04:59:42,421  INFO [main] ql.Driver: Semantic Analysis Completed (retrial = false)
2024-04-24T04:59:42,421  INFO [main] ql.Driver: Created Hive schema: Schema(fieldSchemas:null, properties:null)
2024-04-24T04:59:42,421  INFO [main] metadata.Hive: Dumping metastore api call timing information for : compilation phase
2024-04-24T04:59:42,422  INFO [main] metadata.Hive: Total time spent in each metastore function (ms): {openTxn_(String, TxnType)=1, getTable_(GetTableRequest)=28, commitTxn_(CommitTxnRequest)=9, isCompatibleWith_(Configuration)=1, getValidTxns_(long)=0, flushCache_()=0}
2024-04-24T04:59:42,422  INFO [main] ql.Driver: Completed compiling command(queryId=alex_20240424045942_caec0c08-d22a-4d00-9f49-0cdaf1deca76); Time taken: 0.031 seconds
2024-04-24T04:59:42,422  INFO [main] lockmgr.DbTxnManager: Setting lock request transaction to txnid:13 for queryId=alex_20240424045942_caec0c08-d22a-4d00-9f49-0cdaf1deca76
2024-04-24T04:59:42,423  INFO [main] lockmgr.DbLockManager: Requesting lock for queryId=alex_20240424045942_caec0c08-d22a-4d00-9f49-0cdaf1deca76
2024-04-24T04:59:42,439  INFO [main] lockmgr.DbLockManager: Response to queryId=alex_20240424045942_caec0c08-d22a-4d00-9f49-0cdaf1deca76 LockResponse(lockid:7, state:ACQUIRED)
2024-04-24T04:59:42,439  INFO [main] ql.Driver: Operation DROPTABLE obtained 1 locks
2024-04-24T04:59:42,439  INFO [main] ql.Driver: Executing command(queryId=alex_20240424045942_caec0c08-d22a-4d00-9f49-0cdaf1deca76): drop table if exists tmp
2024-04-24T04:59:42,439  INFO [main] ql.Driver: Starting task [Stage-0:DDL] in serial mode
2024-04-24T04:59:42,439  INFO [main] HiveMetaStore.audit: ugi=alex	ip=unknown-ip-addr	cmd=get_table : tbl=hive.default.tmp	
2024-04-24T04:59:42,448  INFO [main] metastore.HMSHandler: Skipping translation for processor with null
2024-04-24T04:59:42,448  INFO [main] HiveMetaStore.audit: ugi=alex	ip=unknown-ip-addr	cmd=get_table : tbl=hive.default.tmp	
2024-04-24T04:59:42,456  INFO [main] metastore.HMSHandler: Skipping translation for processor with null
2024-04-24T04:59:42,456  INFO [main] HiveMetaStore.audit: ugi=alex	ip=unknown-ip-addr	cmd=drop_table : tbl=hive.default.tmp	
2024-04-24T04:59:42,575  WARN [main] utils.FileUtils: File file:/home/alex/Repositories/hive/ql/target/tmp/org.apache.hadoop.hive.ql.TestTxnNoBuckets-1713959849960/warehouse/tmp does not exist; Force to delete it.
2024-04-24T04:59:42,575 ERROR [main] utils.FileUtils: Failed to delete file:/home/alex/Repositories/hive/ql/target/tmp/org.apache.hadoop.hive.ql.TestTxnNoBuckets-1713959849960/warehouse/tmp
2024-04-24T04:59:42,575  INFO [main] metadata.Hive: Dumping metastore api call timing information for : execution phase
2024-04-24T04:59:42,575  INFO [main] metadata.Hive: Total time spent in each metastore function (ms): {getTable_(GetTableRequest)=9, dropTable_(String, String, boolean, boolean, boolean)=127, isCompatibleWith_(Configuration)=0}
2024-04-24T04:59:42,576  INFO [main] ql.Driver: Completed executing command(queryId=alex_20240424045942_caec0c08-d22a-4d00-9f49-0cdaf1deca76); Time taken: 0.136 seconds
2024-04-24T04:59:42,576  INFO [main] lockmgr.DbTxnManager: Stopped heartbeat for query: alex_20240424045942_caec0c08-d22a-4d00-9f49-0cdaf1deca76
2024-04-24T04:59:42,579  INFO [main] txn.TxnHandler: Expected to move at least one record from txn_components to completed_txn_components when committing txn! txnid:13
2024-04-24T04:59:42,583  INFO [main] txn.TxnHandler: Removed transactions: ([13]) from MIN_HISTORY_LEVEL
2024-04-24T04:59:42,584  WARN [main] txn.CompactionTxnHandler: No compaction queue record found for Compaction type transaction commit. txnId:13
2024-04-24T04:59:42,584  INFO [main] ql.TxnCommandsBaseForTests: Running the query: create table tmp (c1 integer, c2 integer, c3 integer) stored as orc tblproperties('transactional'='false')
2024-04-24T04:59:42,584  INFO [main] ql.Driver: Compiling command(queryId=alex_20240424045942_7a5d30b3-88b0-4924-8fad-930db0a2cbc6): create table tmp (c1 integer, c2 integer, c3 integer) stored as orc tblproperties('transactional'='false')
2024-04-24T04:59:42,586  INFO [main] txn.TxnHandler: Added entries to MIN_HISTORY_LEVEL for current txns: ([14]) with min_open_txn: 1
2024-04-24T04:59:42,587  INFO [main] lockmgr.DbTxnManager: Opened txnid:14
2024-04-24T04:59:42,587  INFO [main] parse.CalcitePlanner: Starting caching scope for: 
2024-04-24T04:59:42,587  INFO [main] parse.CalcitePlanner: Starting Semantic Analysis
2024-04-24T04:59:42,592  INFO [main] parse.CalcitePlanner: Creating table default.tmp position=13
2024-04-24T04:59:42,592  INFO [main] HiveMetaStore.audit: ugi=alex	ip=unknown-ip-addr	cmd=get_database: default	
2024-04-24T04:59:42,594  INFO [main] parse.CalcitePlanner: Ending caching scope for: 
2024-04-24T04:59:42,594  INFO [main] ql.Driver: Semantic Analysis Completed (retrial = false)
2024-04-24T04:59:42,594  INFO [main] ql.Driver: Created Hive schema: Schema(fieldSchemas:null, properties:null)
2024-04-24T04:59:42,594  INFO [main] metadata.Hive: Dumping metastore api call timing information for : compilation phase
2024-04-24T04:59:42,594  INFO [main] metadata.Hive: Total time spent in each metastore function (ms): {isCompatibleWith_(Configuration)=0, getValidWriteIds_(List, String)=5, getDatabase_(String)=2, openTxn_(String, TxnType)=2, flushCache_()=0, getValidTxns_(long)=0, commitTxn_(CommitTxnRequest)=8}
2024-04-24T04:59:42,594  INFO [main] ql.Driver: Completed compiling command(queryId=alex_20240424045942_7a5d30b3-88b0-4924-8fad-930db0a2cbc6); Time taken: 0.01 seconds
2024-04-24T04:59:42,594  INFO [main] lockmgr.DbTxnManager: Setting lock request transaction to txnid:14 for queryId=alex_20240424045942_7a5d30b3-88b0-4924-8fad-930db0a2cbc6
2024-04-24T04:59:42,595  INFO [main] lockmgr.DbLockManager: Requesting lock for queryId=alex_20240424045942_7a5d30b3-88b0-4924-8fad-930db0a2cbc6
2024-04-24T04:59:42,609  INFO [main] lockmgr.DbLockManager: Response to queryId=alex_20240424045942_7a5d30b3-88b0-4924-8fad-930db0a2cbc6 LockResponse(lockid:8, state:ACQUIRED)
2024-04-24T04:59:42,609  INFO [main] ql.Driver: Operation CREATETABLE obtained 1 locks
2024-04-24T04:59:42,609  INFO [main] ql.Driver: Executing command(queryId=alex_20240424045942_7a5d30b3-88b0-4924-8fad-930db0a2cbc6): create table tmp (c1 integer, c2 integer, c3 integer) stored as orc tblproperties('transactional'='false')
2024-04-24T04:59:42,609  INFO [main] ql.Driver: Starting task [Stage-0:DDL] in serial mode
2024-04-24T04:59:42,610  INFO [main] HiveMetaStore.audit: ugi=alex	ip=unknown-ip-addr	cmd=create_table_req: Table(tableName:tmp, dbName:default, owner:alex, createTime:1713959982, lastAccessTime:0, retention:0, sd:StorageDescriptor(cols:[FieldSchema(name:c1, type:int, comment:null), FieldSchema(name:c2, type:int, comment:null), FieldSchema(name:c3, type:int, comment:null)], location:null, inputFormat:org.apache.hadoop.hive.ql.io.orc.OrcInputFormat, outputFormat:org.apache.hadoop.hive.ql.io.orc.OrcOutputFormat, compressed:false, numBuckets:-1, serdeInfo:SerDeInfo(name:null, serializationLib:org.apache.hadoop.hive.ql.io.orc.OrcSerde, parameters:{serialization.format=1}), bucketCols:[], sortCols:[], parameters:{}, skewedInfo:SkewedInfo(skewedColNames:[], skewedColValues:[], skewedColValueLocationMaps:{}), storedAsSubDirectories:false), partitionKeys:[], parameters:{numRows=0, numFilesErasureCoded=0, numFiles=0, transactional=false, bucketing_version=2, COLUMN_STATS_ACCURATE={"BASIC_STATS":"true","COLUMN_STATS":{"c1":"true","c2":"true","c3":"true"}}, totalSize=0, rawDataSize=0}, viewOriginalText:null, viewExpandedText:null, tableType:MANAGED_TABLE, privileges:PrincipalPrivilegeSet(userPrivileges:{alex=[PrivilegeGrantInfo(privilege:INSERT, createTime:-1, grantor:alex, grantorType:USER, grantOption:true), PrivilegeGrantInfo(privilege:SELECT, createTime:-1, grantor:alex, grantorType:USER, grantOption:true), PrivilegeGrantInfo(privilege:UPDATE, createTime:-1, grantor:alex, grantorType:USER, grantOption:true), PrivilegeGrantInfo(privilege:DELETE, createTime:-1, grantor:alex, grantorType:USER, grantOption:true)]}, groupPrivileges:null, rolePrivileges:null), temporary:false, catName:hive, ownerType:USER)	
2024-04-24T04:59:42,616  INFO [main] utils.FileUtils: Creating directory if it doesn't exist: file:/home/alex/Repositories/hive/ql/target/tmp/org.apache.hadoop.hive.ql.TestTxnNoBuckets-1713959849960/warehouse/tmp
2024-04-24T04:59:42,646  INFO [main] metadata.Hive: Dumping metastore api call timing information for : execution phase
2024-04-24T04:59:42,646  INFO [main] metadata.Hive: Total time spent in each metastore function (ms): {isCompatibleWith_(Configuration)=0, createTable_(Table)=36}
2024-04-24T04:59:42,646  INFO [main] ql.Driver: Completed executing command(queryId=alex_20240424045942_7a5d30b3-88b0-4924-8fad-930db0a2cbc6); Time taken: 0.037 seconds
2024-04-24T04:59:42,646  INFO [main] lockmgr.DbTxnManager: Stopped heartbeat for query: alex_20240424045942_7a5d30b3-88b0-4924-8fad-930db0a2cbc6
2024-04-24T04:59:42,650  INFO [main] txn.TxnHandler: Expected to move at least one record from txn_components to completed_txn_components when committing txn! txnid:14
2024-04-24T04:59:42,654  INFO [main] txn.TxnHandler: Removed transactions: ([14]) from MIN_HISTORY_LEVEL
2024-04-24T04:59:42,655  WARN [main] txn.CompactionTxnHandler: No compaction queue record found for Compaction type transaction commit. txnId:14
2024-04-24T04:59:42,656  INFO [main] ql.TxnCommandsBaseForTests: Running the query: insert into tmp  values(0,0,0),(3,3,3)
2024-04-24T04:59:42,656  INFO [main] ql.Driver: Compiling command(queryId=alex_20240424045942_64130e84-0fd9-4ac9-b616-25a0ae342531): insert into tmp  values(0,0,0),(3,3,3)
2024-04-24T04:59:42,658  INFO [main] txn.TxnHandler: Added entries to MIN_HISTORY_LEVEL for current txns: ([15]) with min_open_txn: 1
2024-04-24T04:59:42,659  INFO [main] lockmgr.DbTxnManager: Opened txnid:15
2024-04-24T04:59:42,659  INFO [main] parse.CalcitePlanner: Starting caching scope for: 
2024-04-24T04:59:42,659  INFO [main] parse.CalcitePlanner: Starting Semantic Analysis
2024-04-24T04:59:42,662  INFO [main] HiveMetaStore.audit: ugi=alex	ip=unknown-ip-addr	cmd=get_table : tbl=hive.default.tmp	
2024-04-24T04:59:42,697  INFO [main] metastore.HMSHandler: Skipping translation for processor with null
2024-04-24T04:59:42,697  INFO [main] parse.CalcitePlanner: Completed phase 1 of Semantic Analysis
2024-04-24T04:59:42,697  INFO [main] parse.CalcitePlanner: Get metadata for source tables
2024-04-24T04:59:42,697  INFO [main] parse.CalcitePlanner: Get metadata for subqueries
2024-04-24T04:59:42,697  INFO [main] parse.CalcitePlanner: Get metadata for destination tables
2024-04-24T04:59:42,697  INFO [main] HiveMetaStore.audit: ugi=alex	ip=unknown-ip-addr	cmd=get_table : tbl=hive.default.tmp	
2024-04-24T04:59:42,707  INFO [main] metastore.HMSHandler: Skipping translation for processor with null
2024-04-24T04:59:42,708  INFO [main] parse.CalcitePlanner: Completed getting MetaData in Semantic Analysis
2024-04-24T04:59:42,708  INFO [main] parse.CalcitePlanner: Disabling LLAP IO encode as ETL query is detected
2024-04-24T04:59:42,728  INFO [main] HiveMetaStore.audit: ugi=alex	ip=unknown-ip-addr	cmd=get_all_table_constraints : tbl=hive._dummy_database._dummy_table	
2024-04-24T04:59:42,797  INFO [main] parse.CalcitePlanner: Get metadata for source tables
2024-04-24T04:59:42,797  INFO [main] parse.CalcitePlanner: Get metadata for subqueries
2024-04-24T04:59:42,797  INFO [main] parse.CalcitePlanner: Get metadata for source tables
2024-04-24T04:59:42,798  INFO [main] HiveMetaStore.audit: ugi=alex	ip=unknown-ip-addr	cmd=get_table : tbl=hive._dummy_database._dummy_table	
2024-04-24T04:59:42,800  INFO [main] parse.CalcitePlanner: Get metadata for subqueries
2024-04-24T04:59:42,800  INFO [main] parse.CalcitePlanner: Get metadata for destination tables
2024-04-24T04:59:42,800  INFO [main] parse.CalcitePlanner: Get metadata for destination tables
2024-04-24T04:59:42,800  INFO [main] HiveMetaStore.audit: ugi=alex	ip=unknown-ip-addr	cmd=get_table : tbl=hive.default.tmp	
2024-04-24T04:59:42,809  INFO [main] metastore.HMSHandler: Skipping translation for processor with null
2024-04-24T04:59:42,811  INFO [main] common.FileUtils: Creating directory if it doesn't exist: file:/home/alex/Repositories/hive/ql/target/tmp/org.apache.hadoop.hive.ql.TestTxnNoBuckets-1713959849960/warehouse/tmp/.hive-staging_hive_2024-04-24_04-59-42_656_9007600260339670258-1
2024-04-24T04:59:42,813  INFO [main] HiveMetaStore.audit: ugi=alex	ip=unknown-ip-addr	cmd=get_not_null_constraints : tbl=hive.default.tmp	
2024-04-24T04:59:42,814  INFO [main] HiveMetaStore.audit: ugi=alex	ip=unknown-ip-addr	cmd=get_check_constraints : tbl=hive.default.tmp	
2024-04-24T04:59:42,816  INFO [main] parse.CalcitePlanner: CBO Succeeded; optimized logical plan.
2024-04-24T04:59:42,818  INFO [main] optimizer.BucketVersionPopulator: not considering bucketingVersion for: TS[0] because it has -1<2 buckets 
2024-04-24T04:59:42,819  INFO [main] optimizer.SortedDynPartitionOptimizer: Sorted dynamic partitioning optimization kicked in..
2024-04-24T04:59:42,831  INFO [main] HiveMetaStore.audit: ugi=alex	ip=unknown-ip-addr	cmd=get_table : tbl=hive.default.tmp	
2024-04-24T04:59:42,841  INFO [main] metastore.HMSHandler: Skipping translation for processor with null
2024-04-24T04:59:42,841  INFO [main] optimizer.GenMRFileSink1: using CombineHiveInputformat for the merge job
2024-04-24T04:59:42,841  INFO [main] HiveMetaStore.audit: ugi=alex	ip=unknown-ip-addr	cmd=get_table : tbl=hive.default.tmp	
2024-04-24T04:59:42,851  INFO [main] metastore.HMSHandler: Skipping translation for processor with null
2024-04-24T04:59:42,852  INFO [main] physical.Vectorizer: Examining input format to see if vectorization is enabled.
2024-04-24T04:59:42,852  INFO [main] physical.Vectorizer: Map vectorization enabled: false
2024-04-24T04:59:42,852  INFO [main] physical.Vectorizer: Map vectorized: false
2024-04-24T04:59:42,852  INFO [main] physical.Vectorizer: Map vectorizedVertexNum: 0
2024-04-24T04:59:42,852  INFO [main] physical.Vectorizer: Map enabledConditionsMet: [hive.vectorized.use.vectorized.input.format IS true]
2024-04-24T04:59:42,852  INFO [main] physical.Vectorizer: Map enabledConditionsNotMet: [Could not enable vectorization due to partition column names size 1 is greater than the number of table column names size 0 IS false]
2024-04-24T04:59:42,852  INFO [main] physical.Vectorizer: Map inputFileFormatClassNameSet: [org.apache.hadoop.hive.ql.io.NullRowsInputFormat]
2024-04-24T04:59:42,853  INFO [main] parse.CalcitePlanner: Completed plan generation
2024-04-24T04:59:42,853  INFO [main] parse.CalcitePlanner: Ending caching scope for: 
2024-04-24T04:59:42,853  INFO [main] ql.Driver: Semantic Analysis Completed (retrial = false)
2024-04-24T04:59:42,853  INFO [main] ql.Driver: Created Hive schema: Schema(fieldSchemas:[FieldSchema(name:col1, type:int, comment:null), FieldSchema(name:col2, type:int, comment:null), FieldSchema(name:col3, type:int, comment:null)], properties:null)
2024-04-24T04:59:42,853  INFO [main] metadata.Hive: Dumping metastore api call timing information for : compilation phase
2024-04-24T04:59:42,854  INFO [main] metadata.Hive: Total time spent in each metastore function (ms): {getValidTxns_(long)=0, isCompatibleWith_(Configuration)=1, getNotNullConstraints_(NotNullConstraintsRequest)=1, flushCache_()=0, getTable_(GetTableRequest)=75, getAllTableConstraints_(AllTableConstraintsRequest)=23, commitTxn_(CommitTxnRequest)=9, openTxn_(String, TxnType)=2, getValidWriteIds_(List, String)=5, getCheckConstraints_(CheckConstraintsRequest)=1}
2024-04-24T04:59:42,854  INFO [main] ql.Driver: Completed compiling command(queryId=alex_20240424045942_64130e84-0fd9-4ac9-b616-25a0ae342531); Time taken: 0.197 seconds
2024-04-24T04:59:42,854  INFO [main] lockmgr.DbTxnManager: Setting lock request transaction to txnid:15 for queryId=alex_20240424045942_64130e84-0fd9-4ac9-b616-25a0ae342531
2024-04-24T04:59:42,854  INFO [main] lockmgr.DbLockManager: Requesting lock for queryId=alex_20240424045942_64130e84-0fd9-4ac9-b616-25a0ae342531
2024-04-24T04:59:42,872  INFO [main] lockmgr.DbLockManager: Response to queryId=alex_20240424045942_64130e84-0fd9-4ac9-b616-25a0ae342531 LockResponse(lockid:9, state:ACQUIRED)
2024-04-24T04:59:42,872  INFO [main] ql.Driver: Operation QUERY obtained 1 locks
2024-04-24T04:59:42,872  INFO [main] ql.Driver: Executing command(queryId=alex_20240424045942_64130e84-0fd9-4ac9-b616-25a0ae342531): insert into tmp  values(0,0,0),(3,3,3)
2024-04-24T04:59:42,873  WARN [main] ql.Driver: Hive-on-MR is deprecated in Hive 2 and may not be available in the future versions. Consider using a different execution engine (i.e. spark, tez) or using Hive 1.X releases.
Query ID = alex_20240424045942_64130e84-0fd9-4ac9-b616-25a0ae342531
2024-04-24T04:59:42,873  INFO [main] ql.Driver: Query ID = alex_20240424045942_64130e84-0fd9-4ac9-b616-25a0ae342531
Total jobs = 1
2024-04-24T04:59:42,873  INFO [main] ql.Driver: Total jobs = 1
Launching Job 1 out of 1
2024-04-24T04:59:42,873  INFO [main] ql.Driver: Launching Job 1 out of 1
2024-04-24T04:59:43,019  INFO [main] ql.Driver: Starting task [Stage-1:MAPRED] in serial mode
Number of reduce tasks is set to 0 since there's no reduce operator
2024-04-24T04:59:43,019  INFO [main] exec.Task: Number of reduce tasks is set to 0 since there's no reduce operator
2024-04-24T04:59:43,021  INFO [main] mr.ExecDriver: Using org.apache.hadoop.hive.ql.io.HiveInputFormat
2024-04-24T04:59:43,021  INFO [main] exec.Utilities: Processing alias $hdt$_0:_dummy_table
2024-04-24T04:59:43,021  INFO [main] exec.Utilities: Adding 1 inputs; the first input is file:/home/alex/Repositories/hive/ql/target/tmp/localscratchdir/5b470a58-211a-4eff-9221-4e63d0eb9cb5/hive_2024-04-24_04-59-42_656_9007600260339670258-1/dummy_path
2024-04-24T04:59:43,030  INFO [main] exec.SerializationUtilities: Serializing MapWork using kryo
2024-04-24T04:59:43,031  INFO [main] exec.Utilities: Serialized plan (via FILE) - name: null size: 6,16KB
2024-04-24T04:59:43,032  WARN [main] impl.MetricsSystemImpl: JobTracker metrics system already initialized!
2024-04-24T04:59:43,035  INFO [main] fs.FSStatsPublisher: created : file:/home/alex/Repositories/hive/ql/target/tmp/localscratchdir/5b470a58-211a-4eff-9221-4e63d0eb9cb5/hive_2024-04-24_04-59-42_656_9007600260339670258-1/-mr-10001
2024-04-24T04:59:43,039  WARN [main] impl.MetricsSystemImpl: JobTracker metrics system already initialized!
2024-04-24T04:59:43,046  WARN [main] mapreduce.JobResourceUploader: Hadoop command-line option parsing not performed. Implement the Tool interface and execute your application with ToolRunner to remedy this.
2024-04-24T04:59:43,050  WARN [main] mapreduce.JobResourceUploader: No job jar file set.  User classes may not be found. See Job or Job#setJar(String).
2024-04-24T04:59:43,051  INFO [main] io.HiveInputFormat: hive.io.file.readcolumn.ids = 
2024-04-24T04:59:43,051  INFO [main] io.HiveInputFormat: hive.io.file.readcolumn.names = 
2024-04-24T04:59:43,051  INFO [main] io.HiveInputFormat: Generating splits for dirs: file:/home/alex/Repositories/hive/ql/target/tmp/localscratchdir/5b470a58-211a-4eff-9221-4e63d0eb9cb5/hive_2024-04-24_04-59-42_656_9007600260339670258-1/dummy_path
2024-04-24T04:59:43,051  INFO [main] io.HiveInputFormat: number of splits 1
2024-04-24T04:59:43,068  INFO [main] mapreduce.JobSubmitter: number of splits:1
2024-04-24T04:59:43,086  INFO [main] mapreduce.JobSubmitter: Submitting tokens for job: job_local926070126_0060
2024-04-24T04:59:43,086  INFO [main] mapreduce.JobSubmitter: Executing with tokens: []
2024-04-24T04:59:43,145  INFO [main] mapreduce.Job: The url to track the job: http://localhost:8080/
Job running in-process (local Hadoop)
2024-04-24T04:59:43,145  INFO [main] exec.Task: Job running in-process (local Hadoop)
2024-04-24T04:59:43,146  INFO [Thread-3993] mapred.LocalJobRunner: OutputCommitter set in config org.apache.hadoop.hive.ql.io.HiveFileFormatUtils$NullOutputCommitter
2024-04-24T04:59:43,146  INFO [Thread-3993] mapred.LocalJobRunner: OutputCommitter is org.apache.hadoop.hive.ql.io.HiveFileFormatUtils$NullOutputCommitter
2024-04-24T04:59:43,147  INFO [Thread-3993] mapred.LocalJobRunner: Waiting for map tasks
2024-04-24T04:59:43,147  INFO [LocalJobRunner Map Task Executor #0] mapred.LocalJobRunner: Starting task: attempt_local926070126_0060_m_000000_0
2024-04-24T04:59:43,150  INFO [LocalJobRunner Map Task Executor #0] mapred.Task:  Using ResourceCalculatorProcessTree : [ ]
2024-04-24T04:59:43,150  INFO [LocalJobRunner Map Task Executor #0] mapred.MapTask: Processing split: org.apache.hadoop.hive.ql.io.NullRowsInputFormat:file:/home/alex/Repositories/hive/ql/target/tmp/localscratchdir/5b470a58-211a-4eff-9221-4e63d0eb9cb5/hive_2024-04-24_04-59-42_656_9007600260339670258-1/dummy_path/null:0+1
2024-04-24T04:59:43,152  INFO [LocalJobRunner Map Task Executor #0] exec.SerializationUtilities: Deserializing MapWork using kryo
2024-04-24T04:59:43,152  INFO [LocalJobRunner Map Task Executor #0] exec.Utilities: Deserialized plan (via FILE) - name: null size: 6,16KB
2024-04-24T04:59:43,153  INFO [LocalJobRunner Map Task Executor #0] mapred.MapTask: numReduceTasks: 0
2024-04-24T04:59:43,154  INFO [LocalJobRunner Map Task Executor #0] exec.MapOperator: Initializing Operator: MAP[0]
2024-04-24T04:59:43,155  INFO [LocalJobRunner Map Task Executor #0] mr.ExecMapper: 
<MAP>Id =0
  <Children>null
  <\Children>
  <Parent><\Parent>
<\MAP>
2024-04-24T04:59:43,155  INFO [LocalJobRunner Map Task Executor #0] exec.TableScanOperator: Initializing Operator: TS[0]
2024-04-24T04:59:43,155  INFO [LocalJobRunner Map Task Executor #0] exec.SelectOperator: Initializing Operator: SEL[1]
2024-04-24T04:59:43,155  INFO [LocalJobRunner Map Task Executor #0] exec.SelectOperator: SELECT null
2024-04-24T04:59:43,155  INFO [LocalJobRunner Map Task Executor #0] exec.UDTFOperator: Initializing Operator: UDTF[2]
2024-04-24T04:59:43,156  INFO [LocalJobRunner Map Task Executor #0] exec.SelectOperator: Initializing Operator: SEL[3]
2024-04-24T04:59:43,156  INFO [LocalJobRunner Map Task Executor #0] exec.SelectOperator: SELECT struct<col1:int,col2:int,col3:int>
2024-04-24T04:59:43,156  INFO [LocalJobRunner Map Task Executor #0] exec.FileSinkOperator: Initializing Operator: FS[4]
2024-04-24T04:59:43,156  INFO [LocalJobRunner Map Task Executor #0] exec.FileSinkOperator: Using serializer : AbstractSerDe [log=org.apache.logging.slf4j.Log4jLogger@7620dc3c, configuration=Optional[Configuration: core-default.xml, core-site.xml, mapred-default.xml, mapred-site.xml, yarn-default.xml, yarn-site.xml, hdfs-default.xml, hdfs-site.xml, file:/home/alex/Repositories/hive/ql/target/tmp/TestTxnNoBucketsVectorized/mapred/local/localRunner/alex/job_local926070126_0060/job_local926070126_0060.xml], properties={name=default.tmp, columns.types=int:int:int, serialization.format=1, columns=c1,c2,c3, numFilesErasureCoded=0, columns.comments=&amp#0;&amp#0;, bucketing_version=2, serialization.lib=org.apache.hadoop.hive.ql.io.orc.OrcSerde, file.inputformat=org.apache.hadoop.hive.ql.io.orc.OrcInputFormat, file.outputformat=org.apache.hadoop.hive.ql.io.orc.OrcOutputFormat, location=file:/home/alex/Repositories/hive/ql/target/tmp/org.apache.hadoop.hive.ql.TestTxnNoBuckets-1713959849960/warehouse/tmp, column.name.delimiter=,}, tableProperties={name=default.tmp, columns.types=int:int:int, serialization.format=1, columns=c1,c2,c3, numFilesErasureCoded=0, columns.comments=&amp#0;&amp#0;, bucketing_version=2, serialization.lib=org.apache.hadoop.hive.ql.io.orc.OrcSerde, file.inputformat=org.apache.hadoop.hive.ql.io.orc.OrcInputFormat, location=file:/home/alex/Repositories/hive/ql/target/tmp/org.apache.hadoop.hive.ql.TestTxnNoBuckets-1713959849960/warehouse/tmp, file.outputformat=org.apache.hadoop.hive.ql.io.orc.OrcOutputFormat, column.name.delimiter=,}, partitionProperties=Optional.empty, columnNames=[c1, c2, c3], columnTypes=[int, int, int], getClass()=class org.apache.hadoop.hive.ql.io.orc.OrcSerde] and formatter : org.apache.hadoop.hive.ql.io.orc.OrcOutputFormat@13ae9c04
2024-04-24T04:59:43,156  INFO [LocalJobRunner Map Task Executor #0] exec.FileSinkOperator: Final Path: FS file:/home/alex/Repositories/hive/ql/target/tmp/org.apache.hadoop.hive.ql.TestTxnNoBuckets-1713959849960/warehouse/tmp/.hive-staging_hive_2024-04-24_04-59-42_656_9007600260339670258-1/_tmp.-ext-10002/000000_0
2024-04-24T04:59:43,156  INFO [LocalJobRunner Map Task Executor #0] exec.FileSinkOperator: Writing to temp file: FS file:/home/alex/Repositories/hive/ql/target/tmp/org.apache.hadoop.hive.ql.TestTxnNoBuckets-1713959849960/warehouse/tmp/.hive-staging_hive_2024-04-24_04-59-42_656_9007600260339670258-1/_task_tmp.-ext-10002/_tmp.000000_0
2024-04-24T04:59:43,156  INFO [LocalJobRunner Map Task Executor #0] exec.FileSinkOperator: New Final Path: FS file:/home/alex/Repositories/hive/ql/target/tmp/org.apache.hadoop.hive.ql.TestTxnNoBuckets-1713959849960/warehouse/tmp/.hive-staging_hive_2024-04-24_04-59-42_656_9007600260339670258-1/_tmp.-ext-10002/000000_0
2024-04-24T04:59:43,158  INFO [LocalJobRunner Map Task Executor #0] exec.FileSinkOperator: FS[4]: records written - 1
2024-04-24T04:59:43,159  INFO [LocalJobRunner Map Task Executor #0] impl.PhysicalFsWriter: ORC writer created for path: file:/home/alex/Repositories/hive/ql/target/tmp/org.apache.hadoop.hive.ql.TestTxnNoBuckets-1713959849960/warehouse/tmp/.hive-staging_hive_2024-04-24_04-59-42_656_9007600260339670258-1/_task_tmp.-ext-10002/_tmp.000000_0 with stripeSize: 67108864 blockSize: 268435456 compression: Compress: ZLIB buffer: 262144
2024-04-24T04:59:43,165  INFO [LocalJobRunner Map Task Executor #0] impl.WriterImpl: ORC writer created for path: file:/home/alex/Repositories/hive/ql/target/tmp/org.apache.hadoop.hive.ql.TestTxnNoBuckets-1713959849960/warehouse/tmp/.hive-staging_hive_2024-04-24_04-59-42_656_9007600260339670258-1/_task_tmp.-ext-10002/_tmp.000000_0 with stripeSize: 67108864 options: Compress: ZLIB buffer: 262144
2024-04-24T04:59:43,165  INFO [LocalJobRunner Map Task Executor #0] exec.MapOperator: MAP[0]: records read - 1
2024-04-24T04:59:43,166  INFO [LocalJobRunner Map Task Executor #0] exec.MapOperator: Closing Operator: MAP[0]
2024-04-24T04:59:43,166  INFO [LocalJobRunner Map Task Executor #0] exec.MapOperator: MAP[0]: Total records read - 3. abort - false
2024-04-24T04:59:43,166  INFO [LocalJobRunner Map Task Executor #0] exec.MapOperator: RECORDS_IN:3, DESERIALIZE_ERRORS:0, RECORDS_OUT_OPERATOR_MAP_0:0, RECORDS_OUT_INTERMEDIATE:0, 
2024-04-24T04:59:43,166  INFO [LocalJobRunner Map Task Executor #0] exec.TableScanOperator: Closing Operator: TS[0]
2024-04-24T04:59:43,166  INFO [LocalJobRunner Map Task Executor #0] exec.TableScanOperator: RECORDS_OUT_INTERMEDIATE:0, RECORDS_OUT_OPERATOR_TS_0:1, 
2024-04-24T04:59:43,166  INFO [LocalJobRunner Map Task Executor #0] exec.SelectOperator: Closing Operator: SEL[1]
2024-04-24T04:59:43,166  INFO [LocalJobRunner Map Task Executor #0] exec.SelectOperator: RECORDS_OUT_INTERMEDIATE:0, RECORDS_OUT_OPERATOR_SEL_1:1, 
2024-04-24T04:59:43,166  INFO [LocalJobRunner Map Task Executor #0] exec.UDTFOperator: Closing Operator: UDTF[2]
2024-04-24T04:59:43,166  INFO [LocalJobRunner Map Task Executor #0] exec.UDTFOperator: RECORDS_OUT_OPERATOR_UDTF_2:2, RECORDS_OUT_INTERMEDIATE:0, 
2024-04-24T04:59:43,166  INFO [LocalJobRunner Map Task Executor #0] exec.SelectOperator: Closing Operator: SEL[3]
2024-04-24T04:59:43,166  INFO [LocalJobRunner Map Task Executor #0] exec.SelectOperator: RECORDS_OUT_INTERMEDIATE:0, RECORDS_OUT_OPERATOR_SEL_3:2, 
2024-04-24T04:59:43,166  INFO [LocalJobRunner Map Task Executor #0] exec.FileSinkOperator: Closing Operator: FS[4]
2024-04-24T04:59:43,166  INFO [LocalJobRunner Map Task Executor #0] exec.FileSinkOperator: FS[4]: records written - 2
2024-04-24T04:59:43,172  INFO [LocalJobRunner Map Task Executor #0] exec.FileSinkOperator: RECORDS_OUT_OPERATOR_FS_4:2, TOTAL_TABLE_ROWS_WRITTEN:2, RECORDS_OUT_1_default.tmp:2, RECORDS_OUT_INTERMEDIATE:0, 
2024-04-24T04:59:43,173  INFO [LocalJobRunner Map Task Executor #0] mapred.LocalJobRunner: 
2024-04-24T04:59:43,174  INFO [LocalJobRunner Map Task Executor #0] mapred.Task: Task:attempt_local926070126_0060_m_000000_0 is done. And is in the process of committing
2024-04-24T04:59:43,175  INFO [LocalJobRunner Map Task Executor #0] mapred.LocalJobRunner: map
2024-04-24T04:59:43,175  INFO [LocalJobRunner Map Task Executor #0] mapred.Task: Task 'attempt_local926070126_0060_m_000000_0' done.
2024-04-24T04:59:43,175  INFO [LocalJobRunner Map Task Executor #0] mapred.Task: Final Counters for attempt_local926070126_0060_m_000000_0: Counters: 27
	File System Counters
		FILE: Number of bytes read=1533640
		FILE: Number of bytes written=72195708
		FILE: Number of read operations=0
		FILE: Number of large read operations=0
		FILE: Number of write operations=0
	Map-Reduce Framework
		Map input records=4
		Map output records=0
		Input split bytes=361
		Spilled Records=0
		Failed Shuffles=0
		Merged Map outputs=0
		GC time elapsed (ms)=0
		Total committed heap usage (bytes)=1215823872
	HIVE
		CREATED_FILES=1
		DESERIALIZE_ERRORS=0
		RECORDS_IN=3
		RECORDS_OUT_1_default.tmp=2
		RECORDS_OUT_INTERMEDIATE=0
		RECORDS_OUT_OPERATOR_FS_4=2
		RECORDS_OUT_OPERATOR_MAP_0=0
		RECORDS_OUT_OPERATOR_SEL_1=1
		RECORDS_OUT_OPERATOR_SEL_3=2
		RECORDS_OUT_OPERATOR_TS_0=1
		RECORDS_OUT_OPERATOR_UDTF_2=2
		TOTAL_TABLE_ROWS_WRITTEN=2
	File Input Format Counters 
		Bytes Read=6221
	File Output Format Counters 
		Bytes Written=0
2024-04-24T04:59:43,175  INFO [LocalJobRunner Map Task Executor #0] mapred.LocalJobRunner: Finishing task: attempt_local926070126_0060_m_000000_0
2024-04-24T04:59:43,175  INFO [Thread-3993] mapred.LocalJobRunner: map task executor complete.
2024-04-24 04:59:44,147 Stage-1 map = 100%,  reduce = 0%
2024-04-24T04:59:44,147  INFO [main] exec.Task: 2024-04-24 04:59:44,147 Stage-1 map = 100%,  reduce = 0%
Ended Job = job_local926070126_0060
2024-04-24T04:59:44,148  INFO [main] exec.Task: Ended Job = job_local926070126_0060
2024-04-24T04:59:44,150  INFO [main] ql.Driver: Starting task [Stage-7:CONDITIONAL] in serial mode
Stage-4 is selected by condition resolver.
2024-04-24T04:59:44,151  INFO [main] exec.Task: Stage-4 is selected by condition resolver.
Stage-3 is filtered out by condition resolver.
2024-04-24T04:59:44,151  INFO [main] exec.Task: Stage-3 is filtered out by condition resolver.
Stage-5 is filtered out by condition resolver.
2024-04-24T04:59:44,151  INFO [main] exec.Task: Stage-5 is filtered out by condition resolver.
2024-04-24T04:59:44,151  INFO [main] ql.Driver: Starting task [Stage-4:MOVE] in serial mode
Moving data to directory file:/home/alex/Repositories/hive/ql/target/tmp/org.apache.hadoop.hive.ql.TestTxnNoBuckets-1713959849960/warehouse/tmp/.hive-staging_hive_2024-04-24_04-59-42_656_9007600260339670258-1/-ext-10000
2024-04-24T04:59:44,151  INFO [main] exec.Task: Moving data to directory file:/home/alex/Repositories/hive/ql/target/tmp/org.apache.hadoop.hive.ql.TestTxnNoBuckets-1713959849960/warehouse/tmp/.hive-staging_hive_2024-04-24_04-59-42_656_9007600260339670258-1/-ext-10000 from file:/home/alex/Repositories/hive/ql/target/tmp/org.apache.hadoop.hive.ql.TestTxnNoBuckets-1713959849960/warehouse/tmp/.hive-staging_hive_2024-04-24_04-59-42_656_9007600260339670258-1/-ext-10002
2024-04-24T04:59:44,151  INFO [main] ql.Driver: Starting task [Stage-0:MOVE] in serial mode
Loading data to table default.tmp
2024-04-24T04:59:44,151  INFO [main] exec.Task: Loading data to table default.tmp from file:/home/alex/Repositories/hive/ql/target/tmp/org.apache.hadoop.hive.ql.TestTxnNoBuckets-1713959849960/warehouse/tmp/.hive-staging_hive_2024-04-24_04-59-42_656_9007600260339670258-1/-ext-10000
2024-04-24T04:59:44,151  INFO [main] HiveMetaStore.audit: ugi=alex	ip=unknown-ip-addr	cmd=get_table : tbl=hive.default.tmp	
2024-04-24T04:59:44,161  INFO [main] metastore.HMSHandler: Skipping translation for processor with null
2024-04-24T04:59:44,161  INFO [main] HiveMetaStore.audit: ugi=alex	ip=unknown-ip-addr	cmd=get_table : tbl=hive.default.tmp	
2024-04-24T04:59:44,171  INFO [main] metastore.HMSHandler: Skipping translation for processor with null
2024-04-24T04:59:44,172  WARN [main] metadata.Hive: Cannot get a table snapshot for tmp
2024-04-24T04:59:44,173  INFO [main] HiveMetaStore.audit: ugi=alex	ip=unknown-ip-addr	cmd=alter_table: hive.default.tmp newtbl=tmp	
2024-04-24T04:59:44,199  INFO [main] ql.Driver: Starting task [Stage-2:STATS] in serial mode
2024-04-24T04:59:44,199  INFO [main] HiveMetaStore.audit: ugi=alex	ip=unknown-ip-addr	cmd=get_table : tbl=hive.default.tmp	
2024-04-24T04:59:44,207  INFO [main] metastore.HMSHandler: Skipping translation for processor with null
2024-04-24T04:59:44,207  INFO [main] stats.BasicStatsTask: Executing stats task
2024-04-24T04:59:44,207  INFO [main] fs.FSStatsPublisher: created : file:/home/alex/Repositories/hive/ql/target/tmp/localscratchdir/5b470a58-211a-4eff-9221-4e63d0eb9cb5/hive_2024-04-24_04-59-42_656_9007600260339670258-1/-mr-10001
2024-04-24T04:59:44,208  INFO [main] HiveMetaStore.audit: ugi=alex	ip=unknown-ip-addr	cmd=get_table : tbl=hive.default.tmp	
2024-04-24T04:59:44,216  INFO [main] metastore.HMSHandler: Skipping translation for processor with null
2024-04-24T04:59:44,217  INFO [main] FileOperations: Read stats for default.tmp/, numRows, true, 2, false: 
2024-04-24T04:59:44,217  INFO [main] FileOperations: Read stats for default.tmp/, rawDataSize, true, 24, false: 
2024-04-24T04:59:44,217  WARN [main] metadata.Hive: Cannot get a table snapshot for tmp
2024-04-24T04:59:44,217  INFO [main] HiveMetaStore.audit: ugi=alex	ip=unknown-ip-addr	cmd=alter_table: hive.default.tmp newtbl=tmp	
2024-04-24T04:59:44,241  INFO [main] stats.BasicStatsTask: Table default.tmp stats: [numFiles=1, numRows=2, totalSize=281, rawDataSize=24, numFilesErasureCoded=0]
2024-04-24T04:59:44,241  INFO [main] metadata.Hive: Dumping metastore api call timing information for : execution phase
2024-04-24T04:59:44,241  INFO [main] metadata.Hive: Total time spent in each metastore function (ms): {alter_table_(String, String, String, Table, EnvironmentContext, String)=50, getTable_(GetTableRequest)=37, isCompatibleWith_(Configuration)=0}
MapReduce Jobs Launched: 
2024-04-24T04:59:44,242  INFO [main] ql.Driver: MapReduce Jobs Launched: 
Stage-Stage-1:  HDFS Read: 0 HDFS Write: 0 SUCCESS
2024-04-24T04:59:44,242  INFO [main] ql.Driver: Stage-Stage-1:  HDFS Read: 0 HDFS Write: 0 SUCCESS
Total MapReduce CPU Time Spent: 0 msec
2024-04-24T04:59:44,242  INFO [main] ql.Driver: Total MapReduce CPU Time Spent: 0 msec
2024-04-24T04:59:44,242  INFO [main] ql.Driver: Completed executing command(queryId=alex_20240424045942_64130e84-0fd9-4ac9-b616-25a0ae342531); Time taken: 1.369 seconds
2024-04-24T04:59:44,242  INFO [main] lockmgr.DbTxnManager: Stopped heartbeat for query: alex_20240424045942_64130e84-0fd9-4ac9-b616-25a0ae342531
2024-04-24T04:59:44,246  INFO [main] txn.TxnHandler: Expected to move at least one record from txn_components to completed_txn_components when committing txn! txnid:15
2024-04-24T04:59:44,250  INFO [main] txn.TxnHandler: Removed transactions: ([15]) from MIN_HISTORY_LEVEL
2024-04-24T04:59:44,250  WARN [main] txn.CompactionTxnHandler: No compaction queue record found for Compaction type transaction commit. txnId:15
2024-04-24T04:59:44,251  INFO [main] ql.TxnCommandsBaseForTests: Running the query: insert into tmp  values(1,1,1),(2,2,2)
2024-04-24T04:59:44,251  INFO [main] ql.Context: Deleting scratch dir: file:/home/alex/Repositories/hive/ql/target/tmp/org.apache.hadoop.hive.ql.TestTxnNoBuckets-1713959849960/warehouse/tmp/.hive-staging_hive_2024-04-24_04-59-42_656_9007600260339670258-1
2024-04-24T04:59:44,252  INFO [main] cleanup.SyncCleanupService: Deleted directory: file:/home/alex/Repositories/hive/ql/target/tmp/org.apache.hadoop.hive.ql.TestTxnNoBuckets-1713959849960/warehouse/tmp/.hive-staging_hive_2024-04-24_04-59-42_656_9007600260339670258-1 on fs with scheme file
2024-04-24T04:59:44,252  INFO [main] ql.Context: Deleting scratch dir: file:/home/alex/Repositories/hive/ql/target/tmp/localscratchdir/5b470a58-211a-4eff-9221-4e63d0eb9cb5/hive_2024-04-24_04-59-42_656_9007600260339670258-1
2024-04-24T04:59:44,252  INFO [main] cleanup.SyncCleanupService: Deleted directory: file:/home/alex/Repositories/hive/ql/target/tmp/localscratchdir/5b470a58-211a-4eff-9221-4e63d0eb9cb5/hive_2024-04-24_04-59-42_656_9007600260339670258-1 on fs with scheme file
2024-04-24T04:59:44,252  INFO [main] ql.Driver: Compiling command(queryId=alex_20240424045944_8207168d-4a4c-4f57-92ad-346de55c3044): insert into tmp  values(1,1,1),(2,2,2)
2024-04-24T04:59:44,256  INFO [main] txn.TxnHandler: Added entries to MIN_HISTORY_LEVEL for current txns: ([16]) with min_open_txn: 16
2024-04-24T04:59:44,256  INFO [main] lockmgr.DbTxnManager: Opened txnid:16
2024-04-24T04:59:44,256  INFO [main] parse.CalcitePlanner: Starting caching scope for: 
2024-04-24T04:59:44,256  INFO [main] parse.CalcitePlanner: Starting Semantic Analysis
2024-04-24T04:59:44,259  INFO [main] HiveMetaStore.audit: ugi=alex	ip=unknown-ip-addr	cmd=get_table : tbl=hive.default.tmp	
2024-04-24T04:59:44,274  INFO [main] metastore.HMSHandler: Skipping translation for processor with null
2024-04-24T04:59:44,274  INFO [main] parse.CalcitePlanner: Completed phase 1 of Semantic Analysis
2024-04-24T04:59:44,274  INFO [main] parse.CalcitePlanner: Get metadata for source tables
2024-04-24T04:59:44,274  INFO [main] parse.CalcitePlanner: Get metadata for subqueries
2024-04-24T04:59:44,274  INFO [main] parse.CalcitePlanner: Get metadata for destination tables
2024-04-24T04:59:44,274  INFO [main] HiveMetaStore.audit: ugi=alex	ip=unknown-ip-addr	cmd=get_table : tbl=hive.default.tmp	
2024-04-24T04:59:44,288  INFO [main] metastore.HMSHandler: Skipping translation for processor with null
2024-04-24T04:59:44,288  INFO [main] parse.CalcitePlanner: Completed getting MetaData in Semantic Analysis
2024-04-24T04:59:44,288  INFO [main] parse.CalcitePlanner: Disabling LLAP IO encode as ETL query is detected
2024-04-24T04:59:44,318  INFO [main] HiveMetaStore.audit: ugi=alex	ip=unknown-ip-addr	cmd=get_all_table_constraints : tbl=hive._dummy_database._dummy_table	
2024-04-24T04:59:44,372  INFO [main] parse.CalcitePlanner: Get metadata for source tables
2024-04-24T04:59:44,372  INFO [main] parse.CalcitePlanner: Get metadata for subqueries
2024-04-24T04:59:44,372  INFO [main] parse.CalcitePlanner: Get metadata for source tables
2024-04-24T04:59:44,373  INFO [main] HiveMetaStore.audit: ugi=alex	ip=unknown-ip-addr	cmd=get_table : tbl=hive._dummy_database._dummy_table	
2024-04-24T04:59:44,375  INFO [main] parse.CalcitePlanner: Get metadata for subqueries
2024-04-24T04:59:44,375  INFO [main] parse.CalcitePlanner: Get metadata for destination tables
2024-04-24T04:59:44,375  INFO [main] parse.CalcitePlanner: Get metadata for destination tables
2024-04-24T04:59:44,376  INFO [main] HiveMetaStore.audit: ugi=alex	ip=unknown-ip-addr	cmd=get_table : tbl=hive.default.tmp	
2024-04-24T04:59:44,387  INFO [main] metastore.HMSHandler: Skipping translation for processor with null
2024-04-24T04:59:44,389  INFO [main] common.FileUtils: Creating directory if it doesn't exist: file:/home/alex/Repositories/hive/ql/target/tmp/org.apache.hadoop.hive.ql.TestTxnNoBuckets-1713959849960/warehouse/tmp/.hive-staging_hive_2024-04-24_04-59-44_252_4562166802167711200-1
2024-04-24T04:59:44,392  INFO [main] HiveMetaStore.audit: ugi=alex	ip=unknown-ip-addr	cmd=get_not_null_constraints : tbl=hive.default.tmp	
2024-04-24T04:59:44,393  INFO [main] HiveMetaStore.audit: ugi=alex	ip=unknown-ip-addr	cmd=get_check_constraints : tbl=hive.default.tmp	
2024-04-24T04:59:44,395  INFO [main] parse.CalcitePlanner: CBO Succeeded; optimized logical plan.
2024-04-24T04:59:44,398  INFO [main] optimizer.BucketVersionPopulator: not considering bucketingVersion for: TS[0] because it has -1<2 buckets 
2024-04-24T04:59:44,399  INFO [main] optimizer.SortedDynPartitionOptimizer: Sorted dynamic partitioning optimization kicked in..
2024-04-24T04:59:44,407  INFO [main] HiveMetaStore.audit: ugi=alex	ip=unknown-ip-addr	cmd=get_table : tbl=hive.default.tmp	
2024-04-24T04:59:44,416  INFO [main] metastore.HMSHandler: Skipping translation for processor with null
2024-04-24T04:59:44,416  INFO [main] optimizer.GenMRFileSink1: using CombineHiveInputformat for the merge job
2024-04-24T04:59:44,417  INFO [main] HiveMetaStore.audit: ugi=alex	ip=unknown-ip-addr	cmd=get_table : tbl=hive.default.tmp	
2024-04-24T04:59:44,426  INFO [main] metastore.HMSHandler: Skipping translation for processor with null
2024-04-24T04:59:44,427  INFO [main] physical.Vectorizer: Examining input format to see if vectorization is enabled.
2024-04-24T04:59:44,427  INFO [main] physical.Vectorizer: Map vectorization enabled: false
2024-04-24T04:59:44,427  INFO [main] physical.Vectorizer: Map vectorized: false
2024-04-24T04:59:44,427  INFO [main] physical.Vectorizer: Map vectorizedVertexNum: 0
2024-04-24T04:59:44,427  INFO [main] physical.Vectorizer: Map enabledConditionsMet: [hive.vectorized.use.vectorized.input.format IS true]
2024-04-24T04:59:44,427  INFO [main] physical.Vectorizer: Map enabledConditionsNotMet: [Could not enable vectorization due to partition column names size 1 is greater than the number of table column names size 0 IS false]
2024-04-24T04:59:44,427  INFO [main] physical.Vectorizer: Map inputFileFormatClassNameSet: [org.apache.hadoop.hive.ql.io.NullRowsInputFormat]
2024-04-24T04:59:44,427  INFO [main] parse.CalcitePlanner: Completed plan generation
2024-04-24T04:59:44,427  INFO [main] parse.CalcitePlanner: Ending caching scope for: 
2024-04-24T04:59:44,427  INFO [main] ql.Driver: Semantic Analysis Completed (retrial = false)
2024-04-24T04:59:44,428  INFO [main] ql.Driver: Created Hive schema: Schema(fieldSchemas:[FieldSchema(name:col1, type:int, comment:null), FieldSchema(name:col2, type:int, comment:null), FieldSchema(name:col3, type:int, comment:null)], properties:null)
2024-04-24T04:59:44,428  INFO [main] metadata.Hive: Dumping metastore api call timing information for : compilation phase
2024-04-24T04:59:44,428  INFO [main] metadata.Hive: Total time spent in each metastore function (ms): {getNotNullConstraints_(NotNullConstraintsRequest)=2, getValidWriteIds_(List, String)=3, getCheckConstraints_(CheckConstraintsRequest)=2, getTable_(GetTableRequest)=58, flushCache_()=0, commitTxn_(CommitTxnRequest)=9, openTxn_(String, TxnType)=3, isCompatibleWith_(Configuration)=2, getAllTableConstraints_(AllTableConstraintsRequest)=5, getValidTxns_(long)=0}
2024-04-24T04:59:44,428  INFO [main] ql.Driver: Completed compiling command(queryId=alex_20240424045944_8207168d-4a4c-4f57-92ad-346de55c3044); Time taken: 0.176 seconds
2024-04-24T04:59:44,428  INFO [main] lockmgr.DbTxnManager: Setting lock request transaction to txnid:16 for queryId=alex_20240424045944_8207168d-4a4c-4f57-92ad-346de55c3044
2024-04-24T04:59:44,429  INFO [main] lockmgr.DbLockManager: Requesting lock for queryId=alex_20240424045944_8207168d-4a4c-4f57-92ad-346de55c3044
2024-04-24T04:59:44,441  INFO [main] lockmgr.DbLockManager: Response to queryId=alex_20240424045944_8207168d-4a4c-4f57-92ad-346de55c3044 LockResponse(lockid:10, state:ACQUIRED)
2024-04-24T04:59:44,441  INFO [main] ql.Driver: Operation QUERY obtained 1 locks
2024-04-24T04:59:44,441  INFO [main] ql.Driver: Executing command(queryId=alex_20240424045944_8207168d-4a4c-4f57-92ad-346de55c3044): insert into tmp  values(1,1,1),(2,2,2)
2024-04-24T04:59:44,442  WARN [main] ql.Driver: Hive-on-MR is deprecated in Hive 2 and may not be available in the future versions. Consider using a different execution engine (i.e. tez, spark) or using Hive 1.X releases.
Query ID = alex_20240424045944_8207168d-4a4c-4f57-92ad-346de55c3044
2024-04-24T04:59:44,442  INFO [main] ql.Driver: Query ID = alex_20240424045944_8207168d-4a4c-4f57-92ad-346de55c3044
Total jobs = 1
2024-04-24T04:59:44,442  INFO [main] ql.Driver: Total jobs = 1
Launching Job 1 out of 1
2024-04-24T04:59:44,442  INFO [main] ql.Driver: Launching Job 1 out of 1
2024-04-24T04:59:44,581  INFO [main] ql.Driver: Starting task [Stage-1:MAPRED] in serial mode
Number of reduce tasks is set to 0 since there's no reduce operator
2024-04-24T04:59:44,581  INFO [main] exec.Task: Number of reduce tasks is set to 0 since there's no reduce operator
2024-04-24T04:59:44,583  INFO [main] mr.ExecDriver: Using org.apache.hadoop.hive.ql.io.HiveInputFormat
2024-04-24T04:59:44,584  INFO [main] exec.Utilities: Processing alias $hdt$_0:_dummy_table
2024-04-24T04:59:44,584  INFO [main] exec.Utilities: Adding 1 inputs; the first input is file:/home/alex/Repositories/hive/ql/target/tmp/localscratchdir/5b470a58-211a-4eff-9221-4e63d0eb9cb5/hive_2024-04-24_04-59-44_252_4562166802167711200-1/dummy_path
2024-04-24T04:59:44,593  INFO [main] exec.SerializationUtilities: Serializing MapWork using kryo
2024-04-24T04:59:44,593  INFO [main] exec.Utilities: Serialized plan (via FILE) - name: null size: 6,18KB
2024-04-24T04:59:44,594  WARN [main] impl.MetricsSystemImpl: JobTracker metrics system already initialized!
2024-04-24T04:59:44,598  INFO [main] fs.FSStatsPublisher: created : file:/home/alex/Repositories/hive/ql/target/tmp/localscratchdir/5b470a58-211a-4eff-9221-4e63d0eb9cb5/hive_2024-04-24_04-59-44_252_4562166802167711200-1/-mr-10001
2024-04-24T04:59:44,602  WARN [main] impl.MetricsSystemImpl: JobTracker metrics system already initialized!
2024-04-24T04:59:44,609  WARN [main] mapreduce.JobResourceUploader: Hadoop command-line option parsing not performed. Implement the Tool interface and execute your application with ToolRunner to remedy this.
2024-04-24T04:59:44,614  WARN [main] mapreduce.JobResourceUploader: No job jar file set.  User classes may not be found. See Job or Job#setJar(String).
2024-04-24T04:59:44,615  INFO [main] io.HiveInputFormat: hive.io.file.readcolumn.ids = 
2024-04-24T04:59:44,615  INFO [main] io.HiveInputFormat: hive.io.file.readcolumn.names = 
2024-04-24T04:59:44,615  INFO [main] io.HiveInputFormat: Generating splits for dirs: file:/home/alex/Repositories/hive/ql/target/tmp/localscratchdir/5b470a58-211a-4eff-9221-4e63d0eb9cb5/hive_2024-04-24_04-59-44_252_4562166802167711200-1/dummy_path
2024-04-24T04:59:44,615  INFO [main] io.HiveInputFormat: number of splits 1
2024-04-24T04:59:44,632  INFO [main] mapreduce.JobSubmitter: number of splits:1
2024-04-24T04:59:44,650  INFO [main] mapreduce.JobSubmitter: Submitting tokens for job: job_local1634767886_0061
2024-04-24T04:59:44,650  INFO [main] mapreduce.JobSubmitter: Executing with tokens: []
2024-04-24T04:59:44,706  INFO [main] mapreduce.Job: The url to track the job: http://localhost:8080/
Job running in-process (local Hadoop)
2024-04-24T04:59:44,706  INFO [main] exec.Task: Job running in-process (local Hadoop)
2024-04-24T04:59:44,706  INFO [Thread-4035] mapred.LocalJobRunner: OutputCommitter set in config org.apache.hadoop.hive.ql.io.HiveFileFormatUtils$NullOutputCommitter
2024-04-24T04:59:44,706  INFO [Thread-4035] mapred.LocalJobRunner: OutputCommitter is org.apache.hadoop.hive.ql.io.HiveFileFormatUtils$NullOutputCommitter
2024-04-24T04:59:44,708  INFO [Thread-4035] mapred.LocalJobRunner: Waiting for map tasks
2024-04-24T04:59:44,708  INFO [LocalJobRunner Map Task Executor #0] mapred.LocalJobRunner: Starting task: attempt_local1634767886_0061_m_000000_0
2024-04-24T04:59:44,708  INFO [LocalJobRunner Map Task Executor #0] mapred.Task:  Using ResourceCalculatorProcessTree : [ ]
2024-04-24T04:59:44,709  INFO [LocalJobRunner Map Task Executor #0] mapred.MapTask: Processing split: org.apache.hadoop.hive.ql.io.NullRowsInputFormat:file:/home/alex/Repositories/hive/ql/target/tmp/localscratchdir/5b470a58-211a-4eff-9221-4e63d0eb9cb5/hive_2024-04-24_04-59-44_252_4562166802167711200-1/dummy_path/null:0+1
2024-04-24T04:59:44,709  INFO [LocalJobRunner Map Task Executor #0] exec.SerializationUtilities: Deserializing MapWork using kryo
2024-04-24T04:59:44,709  INFO [LocalJobRunner Map Task Executor #0] exec.Utilities: Deserialized plan (via FILE) - name: null size: 6,18KB
2024-04-24T04:59:44,710  INFO [LocalJobRunner Map Task Executor #0] mapred.MapTask: numReduceTasks: 0
2024-04-24T04:59:44,710  INFO [LocalJobRunner Map Task Executor #0] exec.MapOperator: Initializing Operator: MAP[0]
2024-04-24T04:59:44,710  INFO [LocalJobRunner Map Task Executor #0] mr.ExecMapper: 
<MAP>Id =0
  <Children>null
  <\Children>
  <Parent><\Parent>
<\MAP>
2024-04-24T04:59:44,711  INFO [LocalJobRunner Map Task Executor #0] exec.TableScanOperator: Initializing Operator: TS[0]
2024-04-24T04:59:44,711  INFO [LocalJobRunner Map Task Executor #0] exec.SelectOperator: Initializing Operator: SEL[1]
2024-04-24T04:59:44,711  INFO [LocalJobRunner Map Task Executor #0] exec.SelectOperator: SELECT null
2024-04-24T04:59:44,711  INFO [LocalJobRunner Map Task Executor #0] exec.UDTFOperator: Initializing Operator: UDTF[2]
2024-04-24T04:59:44,711  INFO [LocalJobRunner Map Task Executor #0] exec.SelectOperator: Initializing Operator: SEL[3]
2024-04-24T04:59:44,711  INFO [LocalJobRunner Map Task Executor #0] exec.SelectOperator: SELECT struct<col1:int,col2:int,col3:int>
2024-04-24T04:59:44,711  INFO [LocalJobRunner Map Task Executor #0] exec.FileSinkOperator: Initializing Operator: FS[4]
2024-04-24T04:59:44,712  INFO [LocalJobRunner Map Task Executor #0] exec.FileSinkOperator: Using serializer : AbstractSerDe [log=org.apache.logging.slf4j.Log4jLogger@7620dc3c, configuration=Optional[Configuration: core-default.xml, core-site.xml, mapred-default.xml, mapred-site.xml, yarn-default.xml, yarn-site.xml, hdfs-default.xml, hdfs-site.xml, file:/home/alex/Repositories/hive/ql/target/tmp/TestTxnNoBucketsVectorized/mapred/local/localRunner/alex/job_local1634767886_0061/job_local1634767886_0061.xml], properties={name=default.tmp, columns.types=int:int:int, serialization.format=1, columns=c1,c2,c3, numFilesErasureCoded=0, columns.comments=&amp#0;&amp#0;, bucketing_version=2, serialization.lib=org.apache.hadoop.hive.ql.io.orc.OrcSerde, file.inputformat=org.apache.hadoop.hive.ql.io.orc.OrcInputFormat, file.outputformat=org.apache.hadoop.hive.ql.io.orc.OrcOutputFormat, location=file:/home/alex/Repositories/hive/ql/target/tmp/org.apache.hadoop.hive.ql.TestTxnNoBuckets-1713959849960/warehouse/tmp, column.name.delimiter=,}, tableProperties={name=default.tmp, columns.types=int:int:int, serialization.format=1, columns=c1,c2,c3, numFilesErasureCoded=0, columns.comments=&amp#0;&amp#0;, bucketing_version=2, serialization.lib=org.apache.hadoop.hive.ql.io.orc.OrcSerde, file.inputformat=org.apache.hadoop.hive.ql.io.orc.OrcInputFormat, location=file:/home/alex/Repositories/hive/ql/target/tmp/org.apache.hadoop.hive.ql.TestTxnNoBuckets-1713959849960/warehouse/tmp, file.outputformat=org.apache.hadoop.hive.ql.io.orc.OrcOutputFormat, column.name.delimiter=,}, partitionProperties=Optional.empty, columnNames=[c1, c2, c3], columnTypes=[int, int, int], getClass()=class org.apache.hadoop.hive.ql.io.orc.OrcSerde] and formatter : org.apache.hadoop.hive.ql.io.orc.OrcOutputFormat@2c70e139
2024-04-24T04:59:44,712  INFO [LocalJobRunner Map Task Executor #0] exec.FileSinkOperator: Final Path: FS file:/home/alex/Repositories/hive/ql/target/tmp/org.apache.hadoop.hive.ql.TestTxnNoBuckets-1713959849960/warehouse/tmp/.hive-staging_hive_2024-04-24_04-59-44_252_4562166802167711200-1/_tmp.-ext-10002/000000_0
2024-04-24T04:59:44,712  INFO [LocalJobRunner Map Task Executor #0] exec.FileSinkOperator: Writing to temp file: FS file:/home/alex/Repositories/hive/ql/target/tmp/org.apache.hadoop.hive.ql.TestTxnNoBuckets-1713959849960/warehouse/tmp/.hive-staging_hive_2024-04-24_04-59-44_252_4562166802167711200-1/_task_tmp.-ext-10002/_tmp.000000_0
2024-04-24T04:59:44,712  INFO [LocalJobRunner Map Task Executor #0] exec.FileSinkOperator: New Final Path: FS file:/home/alex/Repositories/hive/ql/target/tmp/org.apache.hadoop.hive.ql.TestTxnNoBuckets-1713959849960/warehouse/tmp/.hive-staging_hive_2024-04-24_04-59-44_252_4562166802167711200-1/_tmp.-ext-10002/000000_0
2024-04-24T04:59:44,712  INFO [LocalJobRunner Map Task Executor #0] exec.FileSinkOperator: FS[4]: records written - 1
2024-04-24T04:59:44,712  INFO [LocalJobRunner Map Task Executor #0] impl.PhysicalFsWriter: ORC writer created for path: file:/home/alex/Repositories/hive/ql/target/tmp/org.apache.hadoop.hive.ql.TestTxnNoBuckets-1713959849960/warehouse/tmp/.hive-staging_hive_2024-04-24_04-59-44_252_4562166802167711200-1/_task_tmp.-ext-10002/_tmp.000000_0 with stripeSize: 67108864 blockSize: 268435456 compression: Compress: ZLIB buffer: 262144
2024-04-24T04:59:44,719  INFO [LocalJobRunner Map Task Executor #0] impl.WriterImpl: ORC writer created for path: file:/home/alex/Repositories/hive/ql/target/tmp/org.apache.hadoop.hive.ql.TestTxnNoBuckets-1713959849960/warehouse/tmp/.hive-staging_hive_2024-04-24_04-59-44_252_4562166802167711200-1/_task_tmp.-ext-10002/_tmp.000000_0 with stripeSize: 67108864 options: Compress: ZLIB buffer: 262144
2024-04-24T04:59:44,719  INFO [LocalJobRunner Map Task Executor #0] exec.MapOperator: MAP[0]: records read - 1
2024-04-24T04:59:44,720  INFO [LocalJobRunner Map Task Executor #0] exec.MapOperator: Closing Operator: MAP[0]
2024-04-24T04:59:44,720  INFO [LocalJobRunner Map Task Executor #0] exec.MapOperator: MAP[0]: Total records read - 3. abort - false
2024-04-24T04:59:44,720  INFO [LocalJobRunner Map Task Executor #0] exec.MapOperator: RECORDS_OUT_OPERATOR_MAP_0:0, DESERIALIZE_ERRORS:0, RECORDS_OUT_INTERMEDIATE:0, RECORDS_IN:3, 
2024-04-24T04:59:44,720  INFO [LocalJobRunner Map Task Executor #0] exec.TableScanOperator: Closing Operator: TS[0]
2024-04-24T04:59:44,720  INFO [LocalJobRunner Map Task Executor #0] exec.TableScanOperator: RECORDS_OUT_OPERATOR_TS_0:1, RECORDS_OUT_INTERMEDIATE:0, 
2024-04-24T04:59:44,720  INFO [LocalJobRunner Map Task Executor #0] exec.SelectOperator: Closing Operator: SEL[1]
2024-04-24T04:59:44,720  INFO [LocalJobRunner Map Task Executor #0] exec.SelectOperator: RECORDS_OUT_INTERMEDIATE:0, RECORDS_OUT_OPERATOR_SEL_1:1, 
2024-04-24T04:59:44,720  INFO [LocalJobRunner Map Task Executor #0] exec.UDTFOperator: Closing Operator: UDTF[2]
2024-04-24T04:59:44,720  INFO [LocalJobRunner Map Task Executor #0] exec.UDTFOperator: RECORDS_OUT_INTERMEDIATE:0, RECORDS_OUT_OPERATOR_UDTF_2:2, 
2024-04-24T04:59:44,720  INFO [LocalJobRunner Map Task Executor #0] exec.SelectOperator: Closing Operator: SEL[3]
2024-04-24T04:59:44,720  INFO [LocalJobRunner Map Task Executor #0] exec.SelectOperator: RECORDS_OUT_INTERMEDIATE:0, RECORDS_OUT_OPERATOR_SEL_3:2, 
2024-04-24T04:59:44,720  INFO [LocalJobRunner Map Task Executor #0] exec.FileSinkOperator: Closing Operator: FS[4]
2024-04-24T04:59:44,720  INFO [LocalJobRunner Map Task Executor #0] exec.FileSinkOperator: FS[4]: records written - 2
2024-04-24T04:59:44,727  INFO [LocalJobRunner Map Task Executor #0] exec.FileSinkOperator: RECORDS_OUT_1_default.tmp:2, RECORDS_OUT_INTERMEDIATE:0, TOTAL_TABLE_ROWS_WRITTEN:2, RECORDS_OUT_OPERATOR_FS_4:2, 
2024-04-24T04:59:44,727  INFO [LocalJobRunner Map Task Executor #0] mapred.LocalJobRunner: 
2024-04-24T04:59:44,727  INFO [LocalJobRunner Map Task Executor #0] mapred.Task: Task:attempt_local1634767886_0061_m_000000_0 is done. And is in the process of committing
2024-04-24T04:59:44,728  INFO [LocalJobRunner Map Task Executor #0] mapred.LocalJobRunner: map
2024-04-24T04:59:44,728  INFO [LocalJobRunner Map Task Executor #0] mapred.Task: Task 'attempt_local1634767886_0061_m_000000_0' done.
2024-04-24T04:59:44,728  INFO [LocalJobRunner Map Task Executor #0] mapred.Task: Final Counters for attempt_local1634767886_0061_m_000000_0: Counters: 27
	File System Counters
		FILE: Number of bytes read=1540369
		FILE: Number of bytes written=73395407
		FILE: Number of read operations=0
		FILE: Number of large read operations=0
		FILE: Number of write operations=0
	Map-Reduce Framework
		Map input records=4
		Map output records=0
		Input split bytes=361
		Spilled Records=0
		Failed Shuffles=0
		Merged Map outputs=0
		GC time elapsed (ms)=0
		Total committed heap usage (bytes)=1215823872
	HIVE
		CREATED_FILES=1
		DESERIALIZE_ERRORS=0
		RECORDS_IN=3
		RECORDS_OUT_1_default.tmp=2
		RECORDS_OUT_INTERMEDIATE=0
		RECORDS_OUT_OPERATOR_FS_4=2
		RECORDS_OUT_OPERATOR_MAP_0=0
		RECORDS_OUT_OPERATOR_SEL_1=1
		RECORDS_OUT_OPERATOR_SEL_3=2
		RECORDS_OUT_OPERATOR_TS_0=1
		RECORDS_OUT_OPERATOR_UDTF_2=2
		TOTAL_TABLE_ROWS_WRITTEN=2
	File Input Format Counters 
		Bytes Read=6241
	File Output Format Counters 
		Bytes Written=0
2024-04-24T04:59:44,728  INFO [LocalJobRunner Map Task Executor #0] mapred.LocalJobRunner: Finishing task: attempt_local1634767886_0061_m_000000_0
2024-04-24T04:59:44,728  INFO [Thread-4035] mapred.LocalJobRunner: map task executor complete.
2024-04-24 04:59:45,708 Stage-1 map = 100%,  reduce = 0%
2024-04-24T04:59:45,708  INFO [main] exec.Task: 2024-04-24 04:59:45,708 Stage-1 map = 100%,  reduce = 0%
Ended Job = job_local1634767886_0061
2024-04-24T04:59:45,709  INFO [main] exec.Task: Ended Job = job_local1634767886_0061
2024-04-24T04:59:45,710  INFO [main] ql.Driver: Starting task [Stage-7:CONDITIONAL] in serial mode
Stage-4 is selected by condition resolver.
2024-04-24T04:59:45,711  INFO [main] exec.Task: Stage-4 is selected by condition resolver.
Stage-3 is filtered out by condition resolver.
2024-04-24T04:59:45,711  INFO [main] exec.Task: Stage-3 is filtered out by condition resolver.
Stage-5 is filtered out by condition resolver.
2024-04-24T04:59:45,711  INFO [main] exec.Task: Stage-5 is filtered out by condition resolver.
2024-04-24T04:59:45,711  INFO [main] ql.Driver: Starting task [Stage-4:MOVE] in serial mode
Moving data to directory file:/home/alex/Repositories/hive/ql/target/tmp/org.apache.hadoop.hive.ql.TestTxnNoBuckets-1713959849960/warehouse/tmp/.hive-staging_hive_2024-04-24_04-59-44_252_4562166802167711200-1/-ext-10000
2024-04-24T04:59:45,711  INFO [main] exec.Task: Moving data to directory file:/home/alex/Repositories/hive/ql/target/tmp/org.apache.hadoop.hive.ql.TestTxnNoBuckets-1713959849960/warehouse/tmp/.hive-staging_hive_2024-04-24_04-59-44_252_4562166802167711200-1/-ext-10000 from file:/home/alex/Repositories/hive/ql/target/tmp/org.apache.hadoop.hive.ql.TestTxnNoBuckets-1713959849960/warehouse/tmp/.hive-staging_hive_2024-04-24_04-59-44_252_4562166802167711200-1/-ext-10002
2024-04-24T04:59:45,711  INFO [main] ql.Driver: Starting task [Stage-0:MOVE] in serial mode
Loading data to table default.tmp
2024-04-24T04:59:45,711  INFO [main] exec.Task: Loading data to table default.tmp from file:/home/alex/Repositories/hive/ql/target/tmp/org.apache.hadoop.hive.ql.TestTxnNoBuckets-1713959849960/warehouse/tmp/.hive-staging_hive_2024-04-24_04-59-44_252_4562166802167711200-1/-ext-10000
2024-04-24T04:59:45,711  INFO [main] HiveMetaStore.audit: ugi=alex	ip=unknown-ip-addr	cmd=get_table : tbl=hive.default.tmp	
2024-04-24T04:59:45,724  INFO [main] metastore.HMSHandler: Skipping translation for processor with null
2024-04-24T04:59:45,724  INFO [main] HiveMetaStore.audit: ugi=alex	ip=unknown-ip-addr	cmd=get_table : tbl=hive.default.tmp	
2024-04-24T04:59:45,733  INFO [main] metastore.HMSHandler: Skipping translation for processor with null
2024-04-24T04:59:45,735  WARN [main] metadata.Hive: Cannot get a table snapshot for tmp
2024-04-24T04:59:45,735  INFO [main] HiveMetaStore.audit: ugi=alex	ip=unknown-ip-addr	cmd=alter_table: hive.default.tmp newtbl=tmp	
2024-04-24T04:59:45,760  INFO [main] ql.Driver: Starting task [Stage-2:STATS] in serial mode
2024-04-24T04:59:45,761  INFO [main] HiveMetaStore.audit: ugi=alex	ip=unknown-ip-addr	cmd=get_table : tbl=hive.default.tmp	
2024-04-24T04:59:45,769  INFO [main] metastore.HMSHandler: Skipping translation for processor with null
2024-04-24T04:59:45,769  INFO [main] stats.BasicStatsTask: Executing stats task
2024-04-24T04:59:45,769  INFO [main] fs.FSStatsPublisher: created : file:/home/alex/Repositories/hive/ql/target/tmp/localscratchdir/5b470a58-211a-4eff-9221-4e63d0eb9cb5/hive_2024-04-24_04-59-44_252_4562166802167711200-1/-mr-10001
2024-04-24T04:59:45,770  INFO [main] HiveMetaStore.audit: ugi=alex	ip=unknown-ip-addr	cmd=get_table : tbl=hive.default.tmp	
2024-04-24T04:59:45,779  INFO [main] metastore.HMSHandler: Skipping translation for processor with null
2024-04-24T04:59:45,780  INFO [main] FileOperations: Read stats for default.tmp/, numRows, true, 2, false: 
2024-04-24T04:59:45,780  INFO [main] FileOperations: Read stats for default.tmp/, rawDataSize, true, 24, false: 
2024-04-24T04:59:45,780  WARN [main] metadata.Hive: Cannot get a table snapshot for tmp
2024-04-24T04:59:45,780  INFO [main] HiveMetaStore.audit: ugi=alex	ip=unknown-ip-addr	cmd=alter_table: hive.default.tmp newtbl=tmp	
2024-04-24T04:59:45,815  INFO [main] stats.BasicStatsTask: Table default.tmp stats: [numFiles=2, numRows=4, totalSize=562, rawDataSize=48, numFilesErasureCoded=0]
2024-04-24T04:59:45,816  INFO [main] metadata.Hive: Dumping metastore api call timing information for : execution phase
2024-04-24T04:59:45,816  INFO [main] metadata.Hive: Total time spent in each metastore function (ms): {isCompatibleWith_(Configuration)=1, alter_table_(String, String, String, Table, EnvironmentContext, String)=60, getTable_(GetTableRequest)=39}
MapReduce Jobs Launched: 
2024-04-24T04:59:45,816  INFO [main] ql.Driver: MapReduce Jobs Launched: 
Stage-Stage-1:  HDFS Read: 0 HDFS Write: 0 SUCCESS
2024-04-24T04:59:45,816  INFO [main] ql.Driver: Stage-Stage-1:  HDFS Read: 0 HDFS Write: 0 SUCCESS
Total MapReduce CPU Time Spent: 0 msec
2024-04-24T04:59:45,816  INFO [main] ql.Driver: Total MapReduce CPU Time Spent: 0 msec
2024-04-24T04:59:45,816  INFO [main] ql.Driver: Completed executing command(queryId=alex_20240424045944_8207168d-4a4c-4f57-92ad-346de55c3044); Time taken: 1.375 seconds
2024-04-24T04:59:45,816  INFO [main] lockmgr.DbTxnManager: Stopped heartbeat for query: alex_20240424045944_8207168d-4a4c-4f57-92ad-346de55c3044
2024-04-24T04:59:45,820  INFO [main] txn.TxnHandler: Expected to move at least one record from txn_components to completed_txn_components when committing txn! txnid:16
2024-04-24T04:59:45,825  INFO [main] txn.TxnHandler: Removed transactions: ([16]) from MIN_HISTORY_LEVEL
2024-04-24T04:59:45,825  WARN [main] txn.CompactionTxnHandler: No compaction queue record found for Compaction type transaction commit. txnId:16
2024-04-24T04:59:45,826  INFO [main] ql.TxnCommandsBaseForTests: Running the query: drop table if exists nobuckets
2024-04-24T04:59:45,826  INFO [main] ql.Context: Deleting scratch dir: file:/home/alex/Repositories/hive/ql/target/tmp/org.apache.hadoop.hive.ql.TestTxnNoBuckets-1713959849960/warehouse/tmp/.hive-staging_hive_2024-04-24_04-59-44_252_4562166802167711200-1
2024-04-24T04:59:45,827  INFO [main] cleanup.SyncCleanupService: Deleted directory: file:/home/alex/Repositories/hive/ql/target/tmp/org.apache.hadoop.hive.ql.TestTxnNoBuckets-1713959849960/warehouse/tmp/.hive-staging_hive_2024-04-24_04-59-44_252_4562166802167711200-1 on fs with scheme file
2024-04-24T04:59:45,827  INFO [main] ql.Context: Deleting scratch dir: file:/home/alex/Repositories/hive/ql/target/tmp/localscratchdir/5b470a58-211a-4eff-9221-4e63d0eb9cb5/hive_2024-04-24_04-59-44_252_4562166802167711200-1
2024-04-24T04:59:45,827  INFO [main] cleanup.SyncCleanupService: Deleted directory: file:/home/alex/Repositories/hive/ql/target/tmp/localscratchdir/5b470a58-211a-4eff-9221-4e63d0eb9cb5/hive_2024-04-24_04-59-44_252_4562166802167711200-1 on fs with scheme file
2024-04-24T04:59:45,827  INFO [main] ql.Driver: Compiling command(queryId=alex_20240424045945_c007c6a2-4ffe-42a9-b37b-1d23afe41e00): drop table if exists nobuckets
2024-04-24T04:59:45,829  INFO [main] txn.TxnHandler: Added entries to MIN_HISTORY_LEVEL for current txns: ([17]) with min_open_txn: 17
2024-04-24T04:59:45,830  INFO [main] lockmgr.DbTxnManager: Opened txnid:17
2024-04-24T04:59:45,830  INFO [main] HiveMetaStore.audit: ugi=alex	ip=unknown-ip-addr	cmd=get_table : tbl=hive.default.nobuckets	
2024-04-24T04:59:45,837  INFO [main] metastore.HMSHandler: Skipping translation for processor with null
2024-04-24T04:59:45,837  INFO [main] ql.Driver: Semantic Analysis Completed (retrial = false)
2024-04-24T04:59:45,837  INFO [main] ql.Driver: Created Hive schema: Schema(fieldSchemas:null, properties:null)
2024-04-24T04:59:45,837  INFO [main] metadata.Hive: Dumping metastore api call timing information for : compilation phase
2024-04-24T04:59:45,837  INFO [main] metadata.Hive: Total time spent in each metastore function (ms): {flushCache_()=1, commitTxn_(CommitTxnRequest)=10, getValidTxns_(long)=0, getTable_(GetTableRequest)=7, isCompatibleWith_(Configuration)=0, openTxn_(String, TxnType)=2}
2024-04-24T04:59:45,838  INFO [main] ql.Driver: Completed compiling command(queryId=alex_20240424045945_c007c6a2-4ffe-42a9-b37b-1d23afe41e00); Time taken: 0.01 seconds
2024-04-24T04:59:45,838  INFO [main] lockmgr.DbTxnManager: Setting lock request transaction to txnid:17 for queryId=alex_20240424045945_c007c6a2-4ffe-42a9-b37b-1d23afe41e00
2024-04-24T04:59:45,838  INFO [main] lockmgr.DbLockManager: Requesting lock for queryId=alex_20240424045945_c007c6a2-4ffe-42a9-b37b-1d23afe41e00
2024-04-24T04:59:45,852  INFO [main] lockmgr.DbLockManager: Response to queryId=alex_20240424045945_c007c6a2-4ffe-42a9-b37b-1d23afe41e00 LockResponse(lockid:11, state:ACQUIRED)
2024-04-24T04:59:45,852  INFO [main] ql.Driver: Operation DROPTABLE obtained 1 locks
2024-04-24T04:59:45,852  INFO [main] ql.Driver: Executing command(queryId=alex_20240424045945_c007c6a2-4ffe-42a9-b37b-1d23afe41e00): drop table if exists nobuckets
2024-04-24T04:59:45,852  INFO [main] ql.Driver: Starting task [Stage-0:DDL] in serial mode
2024-04-24T04:59:45,852  INFO [main] HiveMetaStore.audit: ugi=alex	ip=unknown-ip-addr	cmd=get_table : tbl=hive.default.nobuckets	
2024-04-24T04:59:45,859  INFO [main] metastore.HMSHandler: Skipping translation for processor with null
2024-04-24T04:59:45,859  INFO [main] HiveMetaStore.audit: ugi=alex	ip=unknown-ip-addr	cmd=get_table : tbl=hive.default.nobuckets	
2024-04-24T04:59:45,866  INFO [main] metastore.HMSHandler: Skipping translation for processor with null
2024-04-24T04:59:45,866  INFO [main] HiveMetaStore.audit: ugi=alex	ip=unknown-ip-addr	cmd=drop_table : tbl=hive.default.nobuckets	
2024-04-24T04:59:46,004  WARN [main] utils.FileUtils: File file:/home/alex/Repositories/hive/ql/target/tmp/org.apache.hadoop.hive.ql.TestTxnNoBuckets-1713959849960/warehouse/nobuckets does not exist; Force to delete it.
2024-04-24T04:59:46,004 ERROR [main] utils.FileUtils: Failed to delete file:/home/alex/Repositories/hive/ql/target/tmp/org.apache.hadoop.hive.ql.TestTxnNoBuckets-1713959849960/warehouse/nobuckets
2024-04-24T04:59:46,005  INFO [main] metadata.Hive: Dumping metastore api call timing information for : execution phase
2024-04-24T04:59:46,005  INFO [main] metadata.Hive: Total time spent in each metastore function (ms): {isCompatibleWith_(Configuration)=0, getTable_(GetTableRequest)=7, dropTable_(String, String, boolean, boolean, boolean)=145}
2024-04-24T04:59:46,005  INFO [main] ql.Driver: Completed executing command(queryId=alex_20240424045945_c007c6a2-4ffe-42a9-b37b-1d23afe41e00); Time taken: 0.152 seconds
2024-04-24T04:59:46,005  INFO [main] lockmgr.DbTxnManager: Stopped heartbeat for query: alex_20240424045945_c007c6a2-4ffe-42a9-b37b-1d23afe41e00
2024-04-24T04:59:46,009  INFO [main] txn.TxnHandler: Expected to move at least one record from txn_components to completed_txn_components when committing txn! txnid:17
2024-04-24T04:59:46,015  INFO [main] txn.TxnHandler: Removed transactions: ([17]) from MIN_HISTORY_LEVEL
2024-04-24T04:59:46,016  WARN [main] txn.CompactionTxnHandler: No compaction queue record found for Compaction type transaction commit. txnId:17
2024-04-24T04:59:46,017  INFO [main] ql.TxnCommandsBaseForTests: Running the query: create table nobuckets (c1 integer, c2 integer, c3 integer) stored as orc tblproperties('transactional'='true', 'transactional_properties'='default')
2024-04-24T04:59:46,017  INFO [main] ql.Driver: Compiling command(queryId=alex_20240424045946_ff839cc8-b37a-4ebb-9ce3-2c1569c39680): create table nobuckets (c1 integer, c2 integer, c3 integer) stored as orc tblproperties('transactional'='true', 'transactional_properties'='default')
2024-04-24T04:59:46,025  INFO [main] txn.TxnHandler: Added entries to MIN_HISTORY_LEVEL for current txns: ([18]) with min_open_txn: 17
2024-04-24T04:59:46,025  INFO [main] lockmgr.DbTxnManager: Opened txnid:18
2024-04-24T04:59:46,027  INFO [main] parse.CalcitePlanner: Starting caching scope for: 
2024-04-24T04:59:46,027  INFO [main] parse.CalcitePlanner: Starting Semantic Analysis
2024-04-24T04:59:46,031  INFO [main] parse.CalcitePlanner: Creating table default.nobuckets position=13
2024-04-24T04:59:46,031  INFO [main] HiveMetaStore.audit: ugi=alex	ip=unknown-ip-addr	cmd=get_database: default	
2024-04-24T04:59:46,036  INFO [main] parse.CalcitePlanner: Ending caching scope for: 
2024-04-24T04:59:46,036  INFO [main] ql.Driver: Semantic Analysis Completed (retrial = false)
2024-04-24T04:59:46,036  INFO [main] ql.Driver: Created Hive schema: Schema(fieldSchemas:null, properties:null)
2024-04-24T04:59:46,036  INFO [main] metadata.Hive: Dumping metastore api call timing information for : compilation phase
2024-04-24T04:59:46,036  INFO [main] metadata.Hive: Total time spent in each metastore function (ms): {getValidTxns_(long)=2, getValidWriteIds_(List, String)=4, getDatabase_(String)=5, isCompatibleWith_(Configuration)=0, commitTxn_(CommitTxnRequest)=12, openTxn_(String, TxnType)=7, flushCache_()=0}
2024-04-24T04:59:46,036  INFO [main] ql.Driver: Completed compiling command(queryId=alex_20240424045946_ff839cc8-b37a-4ebb-9ce3-2c1569c39680); Time taken: 0.019 seconds
2024-04-24T04:59:46,036  INFO [main] lockmgr.DbTxnManager: Setting lock request transaction to txnid:18 for queryId=alex_20240424045946_ff839cc8-b37a-4ebb-9ce3-2c1569c39680
2024-04-24T04:59:46,037  INFO [main] lockmgr.DbLockManager: Requesting lock for queryId=alex_20240424045946_ff839cc8-b37a-4ebb-9ce3-2c1569c39680
2024-04-24T04:59:46,053  INFO [main] lockmgr.DbLockManager: Response to queryId=alex_20240424045946_ff839cc8-b37a-4ebb-9ce3-2c1569c39680 LockResponse(lockid:12, state:ACQUIRED)
2024-04-24T04:59:46,053  INFO [main] ql.Driver: Operation CREATETABLE obtained 1 locks
2024-04-24T04:59:46,053  INFO [main] ql.Driver: Executing command(queryId=alex_20240424045946_ff839cc8-b37a-4ebb-9ce3-2c1569c39680): create table nobuckets (c1 integer, c2 integer, c3 integer) stored as orc tblproperties('transactional'='true', 'transactional_properties'='default')
2024-04-24T04:59:46,053  INFO [main] ql.Driver: Starting task [Stage-0:DDL] in serial mode
2024-04-24T04:59:46,054  INFO [main] HiveMetaStore.audit: ugi=alex	ip=unknown-ip-addr	cmd=create_table_req: Table(tableName:nobuckets, dbName:default, owner:alex, createTime:1713959986, lastAccessTime:0, retention:0, sd:StorageDescriptor(cols:[FieldSchema(name:c1, type:int, comment:null), FieldSchema(name:c2, type:int, comment:null), FieldSchema(name:c3, type:int, comment:null)], location:null, inputFormat:org.apache.hadoop.hive.ql.io.orc.OrcInputFormat, outputFormat:org.apache.hadoop.hive.ql.io.orc.OrcOutputFormat, compressed:false, numBuckets:-1, serdeInfo:SerDeInfo(name:null, serializationLib:org.apache.hadoop.hive.ql.io.orc.OrcSerde, parameters:{serialization.format=1}), bucketCols:[], sortCols:[], parameters:{}, skewedInfo:SkewedInfo(skewedColNames:[], skewedColValues:[], skewedColValueLocationMaps:{}), storedAsSubDirectories:false), partitionKeys:[], parameters:{totalSize=0, COLUMN_STATS_ACCURATE={"BASIC_STATS":"true","COLUMN_STATS":{"c1":"true","c2":"true","c3":"true"}}, bucketing_version=2, transactional=true, numFilesErasureCoded=0, rawDataSize=0, transactional_properties=default, numFiles=0, numRows=0}, viewOriginalText:null, viewExpandedText:null, tableType:MANAGED_TABLE, privileges:PrincipalPrivilegeSet(userPrivileges:{alex=[PrivilegeGrantInfo(privilege:INSERT, createTime:-1, grantor:alex, grantorType:USER, grantOption:true), PrivilegeGrantInfo(privilege:SELECT, createTime:-1, grantor:alex, grantorType:USER, grantOption:true), PrivilegeGrantInfo(privilege:UPDATE, createTime:-1, grantor:alex, grantorType:USER, grantOption:true), PrivilegeGrantInfo(privilege:DELETE, createTime:-1, grantor:alex, grantorType:USER, grantOption:true)]}, groupPrivileges:null, rolePrivileges:null), temporary:false, catName:hive, ownerType:USER, writeId:0)	
2024-04-24T04:59:46,060  INFO [main] utils.FileUtils: Creating directory if it doesn't exist: file:/home/alex/Repositories/hive/ql/target/tmp/org.apache.hadoop.hive.ql.TestTxnNoBuckets-1713959849960/warehouse/nobuckets
2024-04-24T04:59:46,087  INFO [main] metadata.Hive: Dumping metastore api call timing information for : execution phase
2024-04-24T04:59:46,087  INFO [main] metadata.Hive: Total time spent in each metastore function (ms): {createTable_(Table)=33, isCompatibleWith_(Configuration)=0}
2024-04-24T04:59:46,088  INFO [main] ql.Driver: Completed executing command(queryId=alex_20240424045946_ff839cc8-b37a-4ebb-9ce3-2c1569c39680); Time taken: 0.034 seconds
2024-04-24T04:59:46,088  INFO [main] lockmgr.DbTxnManager: Stopped heartbeat for query: alex_20240424045946_ff839cc8-b37a-4ebb-9ce3-2c1569c39680
2024-04-24T04:59:46,091  INFO [main] txn.TxnHandler: Expected to move at least one record from txn_components to completed_txn_components when committing txn! txnid:18
2024-04-24T04:59:46,096  INFO [main] txn.TxnHandler: Removed transactions: ([18]) from MIN_HISTORY_LEVEL
2024-04-24T04:59:46,096  WARN [main] txn.CompactionTxnHandler: No compaction queue record found for Compaction type transaction commit. txnId:18
2024-04-24T04:59:46,096  INFO [main] ql.TxnCommandsBaseForTests: Running the query: insert into nobuckets select * from tmp
2024-04-24T04:59:46,096  INFO [main] ql.Driver: Compiling command(queryId=alex_20240424045946_a0796b8d-c150-47a2-a590-4b1c03731fe7): insert into nobuckets select * from tmp
2024-04-24T04:59:46,098  INFO [main] txn.TxnHandler: Added entries to MIN_HISTORY_LEVEL for current txns: ([19]) with min_open_txn: 17
2024-04-24T04:59:46,099  INFO [main] lockmgr.DbTxnManager: Opened txnid:19
2024-04-24T04:59:46,099  INFO [main] parse.CalcitePlanner: Starting caching scope for: 
2024-04-24T04:59:46,099  INFO [main] parse.CalcitePlanner: Starting Semantic Analysis
2024-04-24T04:59:46,101  INFO [main] parse.CalcitePlanner: Completed phase 1 of Semantic Analysis
2024-04-24T04:59:46,101  INFO [main] parse.CalcitePlanner: Get metadata for source tables
2024-04-24T04:59:46,102  INFO [main] HiveMetaStore.audit: ugi=alex	ip=unknown-ip-addr	cmd=get_table : tbl=hive.default.tmp	
2024-04-24T04:59:46,128  INFO [main] metastore.HMSHandler: Skipping translation for processor with null
2024-04-24T04:59:46,128  INFO [main] parse.CalcitePlanner: Get metadata for subqueries
2024-04-24T04:59:46,128  INFO [main] parse.CalcitePlanner: Get metadata for destination tables
2024-04-24T04:59:46,128  INFO [main] HiveMetaStore.audit: ugi=alex	ip=unknown-ip-addr	cmd=get_table : tbl=hive.default.nobuckets	
2024-04-24T04:59:46,134  INFO [main] metastore.HMSHandler: Skipping translation for processor with null
2024-04-24T04:59:46,135  INFO [main] parse.CalcitePlanner: Completed getting MetaData in Semantic Analysis
2024-04-24T04:59:46,135  INFO [main] parse.CalcitePlanner: Disabling LLAP IO encode as ETL query is detected
2024-04-24T04:59:46,147  INFO [main] HiveMetaStore.audit: ugi=alex	ip=unknown-ip-addr	cmd=get_all_table_constraints : tbl=hive.default.tmp	
2024-04-24T04:59:46,176  INFO [main] calcite.RelOptHiveTable: Calculating column statistics for default.tmp, projIndxSet: [0, 1, 2], allowMissingStats: true
2024-04-24T04:59:46,176  INFO [main] HiveMetaStore.audit: ugi=alex	ip=unknown-ip-addr	cmd=get_table_statistics_req: table=hive.default.tmp	
2024-04-24T04:59:46,189  WARN [main] calcite.RelOptHiveTable: No Stats for default@tmp, Columns: c1, c3, c2
No Stats for default@tmp, Columns: c1, c3, c2
2024-04-24T04:59:46,189  INFO [main] SessionState: No Stats for default@tmp, Columns: c1, c3, c2
2024-04-24T04:59:46,229  INFO [main] parse.CalcitePlanner: Get metadata for source tables
2024-04-24T04:59:46,229  INFO [main] parse.CalcitePlanner: Get metadata for subqueries
2024-04-24T04:59:46,229  INFO [main] parse.CalcitePlanner: Get metadata for destination tables
2024-04-24T04:59:46,229  INFO [main] HiveMetaStore.audit: ugi=alex	ip=unknown-ip-addr	cmd=get_table : tbl=hive.default.nobuckets	
2024-04-24T04:59:46,236  INFO [main] metastore.HMSHandler: Skipping translation for processor with null
2024-04-24T04:59:46,237  INFO [main] HiveMetaStore.audit: ugi=alex	ip=unknown-ip-addr	cmd=get_not_null_constraints : tbl=hive.default.nobuckets	
2024-04-24T04:59:46,238  INFO [main] HiveMetaStore.audit: ugi=alex	ip=unknown-ip-addr	cmd=get_check_constraints : tbl=hive.default.nobuckets	
2024-04-24T04:59:46,244  INFO [main] txn.TxnHandler: Allocated writeId: 1 for txnId: 19
2024-04-24T04:59:46,245  INFO [main] txn.TxnHandler: Allocated write ids for dbName=default, tblName=nobuckets (txnIds: [19])
2024-04-24T04:59:46,247  INFO [main] parse.CalcitePlanner: CBO Succeeded; optimized logical plan.
2024-04-24T04:59:46,249  INFO [main] optimizer.BucketVersionPopulator: not considering bucketingVersion for: TS[0] because it has -1<2 buckets 
2024-04-24T04:59:46,249  INFO [main] optimizer.SortedDynPartitionOptimizer: Sorted dynamic partitioning optimization kicked in..
2024-04-24T04:59:46,257  INFO [main] HiveMetaStore.audit: ugi=alex	ip=unknown-ip-addr	cmd=get_table : tbl=hive.default.nobuckets	
2024-04-24T04:59:46,264  INFO [main] metastore.HMSHandler: Skipping translation for processor with null
2024-04-24T04:59:46,264  INFO [main] physical.Vectorizer: Examining input format to see if vectorization is enabled.
2024-04-24T04:59:46,265  INFO [main] physical.Vectorizer: Vectorization is enabled for input format(s) [org.apache.hadoop.hive.ql.io.orc.OrcInputFormat]
2024-04-24T04:59:46,265  INFO [main] physical.Vectorizer: Validating and vectorizing MapWork... (vectorizedVertexNum 0)
2024-04-24T04:59:46,265  INFO [main] physical.Vectorizer: Map vectorization enabled: true
2024-04-24T04:59:46,265  INFO [main] physical.Vectorizer: Map vectorized: true
2024-04-24T04:59:46,265  INFO [main] physical.Vectorizer: Map vectorizedVertexNum: 0
2024-04-24T04:59:46,266  INFO [main] physical.Vectorizer: Map enabledConditionsMet: [hive.vectorized.use.vectorized.input.format IS true]
2024-04-24T04:59:46,266  INFO [main] physical.Vectorizer: Map inputFileFormatClassNameSet: [org.apache.hadoop.hive.ql.io.orc.OrcInputFormat]
2024-04-24T04:59:46,266  INFO [main] parse.CalcitePlanner: Completed plan generation
2024-04-24T04:59:46,266  INFO [main] parse.CalcitePlanner: Ending caching scope for: 
2024-04-24T04:59:46,266  INFO [main] ql.Driver: Semantic Analysis Completed (retrial = false)
2024-04-24T04:59:46,266  INFO [main] ql.Driver: Created Hive schema: Schema(fieldSchemas:[FieldSchema(name:tmp.c1, type:int, comment:null), FieldSchema(name:tmp.c2, type:int, comment:null), FieldSchema(name:tmp.c3, type:int, comment:null)], properties:null)
2024-04-24T04:59:46,266  INFO [main] metadata.Hive: Dumping metastore api call timing information for : compilation phase
2024-04-24T04:59:46,266  INFO [main] metadata.Hive: Total time spent in each metastore function (ms): {openTxn_(String, TxnType)=2, getAllTableConstraints_(AllTableConstraintsRequest)=27, allocateTableWriteId_(long, String, String)=6, commitTxn_(CommitTxnRequest)=8, getValidWriteIds_(List, String)=3, getValidTxns_(long)=0, getTable_(GetTableRequest)=47, getNotNullConstraints_(NotNullConstraintsRequest)=1, flushCache_()=0, getCheckConstraints_(CheckConstraintsRequest)=1, getTableColumnStatistics_(String, String, List, String)=12, isCompatibleWith_(Configuration)=1}
2024-04-24T04:59:46,266  INFO [main] ql.Driver: Completed compiling command(queryId=alex_20240424045946_a0796b8d-c150-47a2-a590-4b1c03731fe7); Time taken: 0.17 seconds
2024-04-24T04:59:46,267  INFO [main] lockmgr.DbTxnManager: Setting lock request transaction to txnid:19 for queryId=alex_20240424045946_a0796b8d-c150-47a2-a590-4b1c03731fe7
2024-04-24T04:59:46,267  INFO [main] lockmgr.DbLockManager: Requesting lock for queryId=alex_20240424045946_a0796b8d-c150-47a2-a590-4b1c03731fe7
2024-04-24T04:59:46,280  INFO [main] lockmgr.DbLockManager: Response to queryId=alex_20240424045946_a0796b8d-c150-47a2-a590-4b1c03731fe7 LockResponse(lockid:13, state:ACQUIRED)
2024-04-24T04:59:46,280  INFO [main] ql.Driver: Operation QUERY obtained 1 locks
2024-04-24T04:59:46,282  INFO [main] ql.Driver: Executing command(queryId=alex_20240424045946_a0796b8d-c150-47a2-a590-4b1c03731fe7): insert into nobuckets select * from tmp
2024-04-24T04:59:46,283  WARN [main] ql.Driver: Hive-on-MR is deprecated in Hive 2 and may not be available in the future versions. Consider using a different execution engine (i.e. spark, tez) or using Hive 1.X releases.
Query ID = alex_20240424045946_a0796b8d-c150-47a2-a590-4b1c03731fe7
2024-04-24T04:59:46,283  INFO [main] ql.Driver: Query ID = alex_20240424045946_a0796b8d-c150-47a2-a590-4b1c03731fe7
Total jobs = 1
2024-04-24T04:59:46,283  INFO [main] ql.Driver: Total jobs = 1
Launching Job 1 out of 1
2024-04-24T04:59:46,283  INFO [main] ql.Driver: Launching Job 1 out of 1
2024-04-24T04:59:46,421  INFO [main] ql.Driver: Starting task [Stage-1:MAPRED] in serial mode
Number of reduce tasks is set to 0 since there's no reduce operator
2024-04-24T04:59:46,421  INFO [main] exec.Task: Number of reduce tasks is set to 0 since there's no reduce operator
2024-04-24T04:59:46,424  INFO [main] mr.ExecDriver: Using org.apache.hadoop.hive.ql.io.HiveInputFormat
2024-04-24T04:59:46,424  INFO [main] exec.Utilities: Processing alias tmp
2024-04-24T04:59:46,424  INFO [main] exec.Utilities: Adding 1 inputs; the first input is file:/home/alex/Repositories/hive/ql/target/tmp/org.apache.hadoop.hive.ql.TestTxnNoBuckets-1713959849960/warehouse/tmp
2024-04-24T04:59:46,433  INFO [main] exec.SerializationUtilities: Serializing MapWork using kryo
2024-04-24T04:59:46,434  INFO [main] exec.Utilities: Serialized plan (via FILE) - name: null size: 6,07KB
2024-04-24T04:59:46,435  WARN [main] impl.MetricsSystemImpl: JobTracker metrics system already initialized!
2024-04-24T04:59:46,438  INFO [main] fs.FSStatsPublisher: created : file:/home/alex/Repositories/hive/ql/target/tmp/localscratchdir/5b470a58-211a-4eff-9221-4e63d0eb9cb5/hive_2024-04-24_04-59-46_096_3000696572534886925-1/-mr-10000
2024-04-24T04:59:46,440  WARN [main] impl.MetricsSystemImpl: JobTracker metrics system already initialized!
2024-04-24T04:59:46,447  WARN [main] mapreduce.JobResourceUploader: Hadoop command-line option parsing not performed. Implement the Tool interface and execute your application with ToolRunner to remedy this.
2024-04-24T04:59:46,451  WARN [main] mapreduce.JobResourceUploader: No job jar file set.  User classes may not be found. See Job or Job#setJar(String).
2024-04-24T04:59:46,452  INFO [main] io.HiveInputFormat: hive.io.file.readcolumn.ids = 0,1,2
2024-04-24T04:59:46,452  INFO [main] io.HiveInputFormat: hive.io.file.readcolumn.names = c1,c2,c3
2024-04-24T04:59:46,452  INFO [main] io.HiveInputFormat: Generating splits for dirs: file:/home/alex/Repositories/hive/ql/target/tmp/org.apache.hadoop.hive.ql.TestTxnNoBuckets-1713959849960/warehouse/tmp
2024-04-24T04:59:46,452  INFO [main] orc.OrcInputFormat: getSplits started
2024-04-24T04:59:46,452  INFO [main] orc.OrcInputFormat: Context:: isAcid: false isVectorMode: true sarg: null minSplitSize: 1 maxSplitSize: 256000000 splitStrategy: HYBRID footerInSplits: false numBuckets: 0 numThreads: 10 cacheMemSize: 268435456 cacheStripeDetails: true useSoftReference: false writeIdList: null:9223372036854775807:9223372036854775807:: isTransactionalTable: true txnProperties: default 
2024-04-24T04:59:46,452  INFO [main] orc.OrcInputFormat: ORC pushdown predicate: null
2024-04-24T04:59:46,458  INFO [main] orc.OrcInputFormat: FooterCacheHitRatio: 0/2
2024-04-24T04:59:46,458  INFO [main] orc.OrcInputFormat: getSplits finished (#splits: 2). duration: 6 ms
2024-04-24T04:59:46,458  INFO [main] io.HiveInputFormat: number of splits 2
2024-04-24T04:59:46,475  INFO [main] mapreduce.JobSubmitter: number of splits:2
2024-04-24T04:59:46,492  INFO [main] mapreduce.JobSubmitter: Submitting tokens for job: job_local1475535047_0062
2024-04-24T04:59:46,492  INFO [main] mapreduce.JobSubmitter: Executing with tokens: []
2024-04-24T04:59:46,548  INFO [main] mapreduce.Job: The url to track the job: http://localhost:8080/
Job running in-process (local Hadoop)
2024-04-24T04:59:46,548  INFO [main] exec.Task: Job running in-process (local Hadoop)
2024-04-24T04:59:46,549  INFO [Thread-4077] mapred.LocalJobRunner: OutputCommitter set in config org.apache.hadoop.hive.ql.io.HiveFileFormatUtils$NullOutputCommitter
2024-04-24T04:59:46,549  INFO [Thread-4077] mapred.LocalJobRunner: OutputCommitter is org.apache.hadoop.hive.ql.io.HiveFileFormatUtils$NullOutputCommitter
2024-04-24T04:59:46,550  INFO [Thread-4077] mapred.LocalJobRunner: Waiting for map tasks
2024-04-24T04:59:46,551  INFO [LocalJobRunner Map Task Executor #0] mapred.LocalJobRunner: Starting task: attempt_local1475535047_0062_m_000000_0
2024-04-24T04:59:46,551  INFO [LocalJobRunner Map Task Executor #0] mapred.Task:  Using ResourceCalculatorProcessTree : [ ]
2024-04-24T04:59:46,552  INFO [LocalJobRunner Map Task Executor #0] mapred.MapTask: Processing split: org.apache.hadoop.hive.ql.io.orc.OrcInputFormat:OrcSplit [file:/home/alex/Repositories/hive/ql/target/tmp/org.apache.hadoop.hive.ql.TestTxnNoBuckets-1713959849960/warehouse/tmp/000000_0, start=0, length=281, isOriginal=true, fileLength=281, hasFooter=false, hasBase=true, deltas=0]
2024-04-24T04:59:46,552  INFO [LocalJobRunner Map Task Executor #0] exec.SerializationUtilities: Deserializing MapWork using kryo
2024-04-24T04:59:46,553  INFO [LocalJobRunner Map Task Executor #0] exec.Utilities: Deserialized plan (via FILE) - name: null size: 6,07KB
2024-04-24T04:59:46,553  INFO [LocalJobRunner Map Task Executor #0] orc.ReaderImpl: Reading ORC rows from file:/home/alex/Repositories/hive/ql/target/tmp/org.apache.hadoop.hive.ql.TestTxnNoBuckets-1713959849960/warehouse/tmp/000000_0 with {include: [true, true, true, true], offset: 0, length: 281, schema: struct<c1:int,c2:int,c3:int>, includeAcidColumns: true}
2024-04-24T04:59:46,554  INFO [LocalJobRunner Map Task Executor #0] mapred.MapTask: numReduceTasks: 0
2024-04-24T04:59:46,554  INFO [LocalJobRunner Map Task Executor #0] vector.VectorMapOperator: Initializing Operator: MAP[0]
2024-04-24T04:59:46,554  INFO [LocalJobRunner Map Task Executor #0] mr.ExecMapper: 
<MAP>Id =0
  <Children>null
  <\Children>
  <Parent><\Parent>
<\MAP>
2024-04-24T04:59:46,555  INFO [LocalJobRunner Map Task Executor #0] exec.TableScanOperator: Initializing Operator: TS[0]
2024-04-24T04:59:46,555  INFO [LocalJobRunner Map Task Executor #0] vector.VectorSelectOperator: Initializing Operator: SEL[3]
2024-04-24T04:59:46,555  INFO [LocalJobRunner Map Task Executor #0] vector.VectorFileSinkOperator: Initializing Operator: FS[4]
2024-04-24T04:59:46,556  INFO [LocalJobRunner Map Task Executor #0] exec.FileSinkOperator: Using serializer : AbstractSerDe [log=org.apache.logging.slf4j.Log4jLogger@7620dc3c, configuration=Optional[Configuration: core-default.xml, core-site.xml, mapred-default.xml, mapred-site.xml, yarn-default.xml, yarn-site.xml, hdfs-default.xml, hdfs-site.xml, file:/home/alex/Repositories/hive/ql/target/tmp/TestTxnNoBucketsVectorized/mapred/local/localRunner/alex/job_local1475535047_0062/job_local1475535047_0062.xml], properties={transactional_properties=default, name=default.nobuckets, transactional=true, columns.types=int:int:int, columns=c1,c2,c3, numFilesErasureCoded=0, columns.comments=&amp#0;&amp#0;, bucketing_version=2, serialization.lib=org.apache.hadoop.hive.ql.io.orc.OrcSerde, file.inputformat=org.apache.hadoop.hive.ql.io.orc.OrcInputFormat, file.outputformat=org.apache.hadoop.hive.ql.io.orc.OrcOutputFormat, location=file:/home/alex/Repositories/hive/ql/target/tmp/org.apache.hadoop.hive.ql.TestTxnNoBuckets-1713959849960/warehouse/nobuckets, column.name.delimiter=,}, tableProperties={transactional_properties=default, name=default.nobuckets, transactional=true, columns.types=int:int:int, columns=c1,c2,c3, numFilesErasureCoded=0, columns.comments=&amp#0;&amp#0;, bucketing_version=2, serialization.lib=org.apache.hadoop.hive.ql.io.orc.OrcSerde, file.inputformat=org.apache.hadoop.hive.ql.io.orc.OrcInputFormat, location=file:/home/alex/Repositories/hive/ql/target/tmp/org.apache.hadoop.hive.ql.TestTxnNoBuckets-1713959849960/warehouse/nobuckets, file.outputformat=org.apache.hadoop.hive.ql.io.orc.OrcOutputFormat, column.name.delimiter=,}, partitionProperties=Optional.empty, columnNames=[c1, c2, c3], columnTypes=[int, int, int], getClass()=class org.apache.hadoop.hive.ql.io.orc.OrcSerde] and formatter : org.apache.hadoop.hive.ql.io.orc.OrcOutputFormat@1889ba3b
2024-04-24T04:59:46,556  INFO [LocalJobRunner Map Task Executor #0] exec.FileSinkOperator: Final Path: FS file:/home/alex/Repositories/hive/ql/target/tmp/org.apache.hadoop.hive.ql.TestTxnNoBuckets-1713959849960/warehouse/nobuckets
2024-04-24T04:59:46,557  INFO [LocalJobRunner Map Task Executor #0] exec.FileSinkOperator: New Final Path: FS file:/home/alex/Repositories/hive/ql/target/tmp/org.apache.hadoop.hive.ql.TestTxnNoBuckets-1713959849960/warehouse/nobuckets
2024-04-24T04:59:46,557  INFO [LocalJobRunner Map Task Executor #0] common.FileUtils: Creating directory if it doesn't exist: file:/home/alex/Repositories/hive/ql/target/tmp/org.apache.hadoop.hive.ql.TestTxnNoBuckets-1713959849960/warehouse
2024-04-24T04:59:46,557  INFO [LocalJobRunner Map Task Executor #0] exec.FileSinkOperator: FS[4]: records written - 1
2024-04-24T04:59:46,557  INFO [LocalJobRunner Map Task Executor #0] impl.PhysicalFsWriter: ORC writer created for path: file:/home/alex/Repositories/hive/ql/target/tmp/org.apache.hadoop.hive.ql.TestTxnNoBuckets-1713959849960/warehouse/nobuckets/delta_0000001_0000001_0000/bucket_00000_0 with stripeSize: 8388608 blockSize: 268435456 compression: Compress: ZLIB buffer: 32768
2024-04-24T04:59:46,564  INFO [LocalJobRunner Map Task Executor #0] impl.WriterImpl: ORC writer created for path: file:/home/alex/Repositories/hive/ql/target/tmp/org.apache.hadoop.hive.ql.TestTxnNoBuckets-1713959849960/warehouse/nobuckets/delta_0000001_0000001_0000/bucket_00000_0 with stripeSize: 8388608 options: Compress: ZLIB buffer: 32768
2024-04-24T04:59:46,569  INFO [LocalJobRunner Map Task Executor #0] vector.VectorMapOperator: Closing Operator: MAP[0]
2024-04-24T04:59:46,569  INFO [LocalJobRunner Map Task Executor #0] vector.VectorMapOperator: RECORDS_IN:2, RECORDS_OUT_OPERATOR_MAP_0:0, RECORDS_OUT_INTERMEDIATE:0, DESERIALIZE_ERRORS:0, 
2024-04-24T04:59:46,569  INFO [LocalJobRunner Map Task Executor #0] exec.TableScanOperator: Closing Operator: TS[0]
2024-04-24T04:59:46,569  INFO [LocalJobRunner Map Task Executor #0] exec.TableScanOperator: RECORDS_OUT_OPERATOR_TS_0:2, RECORDS_OUT_INTERMEDIATE:0, 
2024-04-24T04:59:46,569  INFO [LocalJobRunner Map Task Executor #0] vector.VectorSelectOperator: Closing Operator: SEL[3]
2024-04-24T04:59:46,569  INFO [LocalJobRunner Map Task Executor #0] vector.VectorSelectOperator: RECORDS_OUT_INTERMEDIATE:0, RECORDS_OUT_OPERATOR_SEL_3:2, 
2024-04-24T04:59:46,569  INFO [LocalJobRunner Map Task Executor #0] vector.VectorFileSinkOperator: Closing Operator: FS[4]
2024-04-24T04:59:46,569  INFO [LocalJobRunner Map Task Executor #0] exec.FileSinkOperator: FS[4]: records written - 2
2024-04-24T04:59:46,570  INFO [LocalJobRunner Map Task Executor #0] FileOperations: Writing manifest to file:/home/alex/Repositories/hive/ql/target/tmp/org.apache.hadoop.hive.ql.TestTxnNoBuckets-1713959849960/warehouse/nobuckets/_tmp.delta_0000001_0000001_0000/000000_0.manifest with [file:/home/alex/Repositories/hive/ql/target/tmp/org.apache.hadoop.hive.ql.TestTxnNoBuckets-1713959849960/warehouse/nobuckets/delta_0000001_0000001_0000/bucket_00000_0]
2024-04-24T04:59:46,581  INFO [LocalJobRunner Map Task Executor #0] vector.VectorFileSinkOperator: TOTAL_TABLE_ROWS_WRITTEN:2, RECORDS_OUT_1_default.nobuckets:2, RECORDS_OUT_OPERATOR_FS_4:2, RECORDS_OUT_INTERMEDIATE:0, 
2024-04-24T04:59:46,582  INFO [LocalJobRunner Map Task Executor #0] mapred.LocalJobRunner: 
2024-04-24T04:59:46,582  INFO [LocalJobRunner Map Task Executor #0] mapred.Task: Task:attempt_local1475535047_0062_m_000000_0 is done. And is in the process of committing
2024-04-24T04:59:46,582  INFO [LocalJobRunner Map Task Executor #0] mapred.LocalJobRunner: OrcSplit [file:/home/alex/Repositories/hive/ql/target/tmp/org.apache.hadoop.hive.ql.TestTxnNoBuckets-1713959849960/warehouse/tmp/000000_0, start=0, length=281, isOriginal=true, fileLength=281, hasFooter=false, hasBase=true, deltas=0]
2024-04-24T04:59:46,582  INFO [LocalJobRunner Map Task Executor #0] mapred.Task: Task 'attempt_local1475535047_0062_m_000000_0' done.
2024-04-24T04:59:46,583  INFO [LocalJobRunner Map Task Executor #0] mapred.Task: Final Counters for attempt_local1475535047_0062_m_000000_0: Counters: 25
	File System Counters
		FILE: Number of bytes read=1548764
		FILE: Number of bytes written=74597521
		FILE: Number of read operations=0
		FILE: Number of large read operations=0
		FILE: Number of write operations=0
	Map-Reduce Framework
		Map input records=1
		Map output records=0
		Input split bytes=455
		Spilled Records=0
		Failed Shuffles=0
		Merged Map outputs=0
		GC time elapsed (ms)=0
		Total committed heap usage (bytes)=1215823872
	HIVE
		CREATED_FILES=1
		DESERIALIZE_ERRORS=0
		RECORDS_IN=2
		RECORDS_OUT_1_default.nobuckets=2
		RECORDS_OUT_INTERMEDIATE=0
		RECORDS_OUT_OPERATOR_FS_4=2
		RECORDS_OUT_OPERATOR_MAP_0=0
		RECORDS_OUT_OPERATOR_SEL_3=2
		RECORDS_OUT_OPERATOR_TS_0=2
		TOTAL_TABLE_ROWS_WRITTEN=2
	File Input Format Counters 
		Bytes Read=7317
	File Output Format Counters 
		Bytes Written=0
2024-04-24T04:59:46,583  INFO [LocalJobRunner Map Task Executor #0] mapred.LocalJobRunner: Finishing task: attempt_local1475535047_0062_m_000000_0
2024-04-24T04:59:46,583  INFO [LocalJobRunner Map Task Executor #0] mapred.LocalJobRunner: Starting task: attempt_local1475535047_0062_m_000001_0
2024-04-24T04:59:46,583  INFO [LocalJobRunner Map Task Executor #0] mapred.Task:  Using ResourceCalculatorProcessTree : [ ]
2024-04-24T04:59:46,583  INFO [LocalJobRunner Map Task Executor #0] mapred.MapTask: Processing split: org.apache.hadoop.hive.ql.io.orc.OrcInputFormat:OrcSplit [file:/home/alex/Repositories/hive/ql/target/tmp/org.apache.hadoop.hive.ql.TestTxnNoBuckets-1713959849960/warehouse/tmp/000000_0_copy_1, start=0, length=281, isOriginal=true, fileLength=281, hasFooter=false, hasBase=true, deltas=0]
2024-04-24T04:59:46,584  INFO [LocalJobRunner Map Task Executor #0] exec.SerializationUtilities: Deserializing MapWork using kryo
2024-04-24T04:59:46,584  INFO [LocalJobRunner Map Task Executor #0] exec.Utilities: Deserialized plan (via FILE) - name: null size: 6,07KB
2024-04-24T04:59:46,585  INFO [LocalJobRunner Map Task Executor #0] orc.ReaderImpl: Reading ORC rows from file:/home/alex/Repositories/hive/ql/target/tmp/org.apache.hadoop.hive.ql.TestTxnNoBuckets-1713959849960/warehouse/tmp/000000_0_copy_1 with {include: [true, true, true, true], offset: 0, length: 281, schema: struct<c1:int,c2:int,c3:int>, includeAcidColumns: true}
2024-04-24T04:59:46,585  INFO [LocalJobRunner Map Task Executor #0] mapred.MapTask: numReduceTasks: 0
2024-04-24T04:59:46,586  INFO [LocalJobRunner Map Task Executor #0] vector.VectorMapOperator: Initializing Operator: MAP[0]
2024-04-24T04:59:46,586  INFO [LocalJobRunner Map Task Executor #0] mr.ExecMapper: 
<MAP>Id =0
  <Children>null
  <\Children>
  <Parent><\Parent>
<\MAP>
2024-04-24T04:59:46,586  INFO [LocalJobRunner Map Task Executor #0] exec.TableScanOperator: Initializing Operator: TS[0]
2024-04-24T04:59:46,586  INFO [LocalJobRunner Map Task Executor #0] vector.VectorSelectOperator: Initializing Operator: SEL[3]
2024-04-24T04:59:46,586  INFO [LocalJobRunner Map Task Executor #0] vector.VectorFileSinkOperator: Initializing Operator: FS[4]
2024-04-24T04:59:46,587  INFO [LocalJobRunner Map Task Executor #0] exec.FileSinkOperator: Using serializer : AbstractSerDe [log=org.apache.logging.slf4j.Log4jLogger@7620dc3c, configuration=Optional[Configuration: core-default.xml, core-site.xml, mapred-default.xml, mapred-site.xml, yarn-default.xml, yarn-site.xml, hdfs-default.xml, hdfs-site.xml, file:/home/alex/Repositories/hive/ql/target/tmp/TestTxnNoBucketsVectorized/mapred/local/localRunner/alex/job_local1475535047_0062/job_local1475535047_0062.xml], properties={transactional_properties=default, name=default.nobuckets, transactional=true, columns.types=int:int:int, columns=c1,c2,c3, numFilesErasureCoded=0, columns.comments=&amp#0;&amp#0;, bucketing_version=2, serialization.lib=org.apache.hadoop.hive.ql.io.orc.OrcSerde, file.inputformat=org.apache.hadoop.hive.ql.io.orc.OrcInputFormat, file.outputformat=org.apache.hadoop.hive.ql.io.orc.OrcOutputFormat, location=file:/home/alex/Repositories/hive/ql/target/tmp/org.apache.hadoop.hive.ql.TestTxnNoBuckets-1713959849960/warehouse/nobuckets, column.name.delimiter=,}, tableProperties={transactional_properties=default, name=default.nobuckets, transactional=true, columns.types=int:int:int, columns=c1,c2,c3, numFilesErasureCoded=0, columns.comments=&amp#0;&amp#0;, bucketing_version=2, serialization.lib=org.apache.hadoop.hive.ql.io.orc.OrcSerde, file.inputformat=org.apache.hadoop.hive.ql.io.orc.OrcInputFormat, location=file:/home/alex/Repositories/hive/ql/target/tmp/org.apache.hadoop.hive.ql.TestTxnNoBuckets-1713959849960/warehouse/nobuckets, file.outputformat=org.apache.hadoop.hive.ql.io.orc.OrcOutputFormat, column.name.delimiter=,}, partitionProperties=Optional.empty, columnNames=[c1, c2, c3], columnTypes=[int, int, int], getClass()=class org.apache.hadoop.hive.ql.io.orc.OrcSerde] and formatter : org.apache.hadoop.hive.ql.io.orc.OrcOutputFormat@794a311d
2024-04-24T04:59:46,588  INFO [LocalJobRunner Map Task Executor #0] exec.FileSinkOperator: Final Path: FS file:/home/alex/Repositories/hive/ql/target/tmp/org.apache.hadoop.hive.ql.TestTxnNoBuckets-1713959849960/warehouse/nobuckets
2024-04-24T04:59:46,588  INFO [LocalJobRunner Map Task Executor #0] exec.FileSinkOperator: New Final Path: FS file:/home/alex/Repositories/hive/ql/target/tmp/org.apache.hadoop.hive.ql.TestTxnNoBuckets-1713959849960/warehouse/nobuckets
2024-04-24T04:59:46,588  INFO [LocalJobRunner Map Task Executor #0] common.FileUtils: Creating directory if it doesn't exist: file:/home/alex/Repositories/hive/ql/target/tmp/org.apache.hadoop.hive.ql.TestTxnNoBuckets-1713959849960/warehouse
2024-04-24T04:59:46,588  INFO [LocalJobRunner Map Task Executor #0] exec.FileSinkOperator: FS[4]: records written - 1
2024-04-24T04:59:46,588  INFO [LocalJobRunner Map Task Executor #0] impl.PhysicalFsWriter: ORC writer created for path: file:/home/alex/Repositories/hive/ql/target/tmp/org.apache.hadoop.hive.ql.TestTxnNoBuckets-1713959849960/warehouse/nobuckets/delta_0000001_0000001_0000/bucket_00001_0 with stripeSize: 8388608 blockSize: 268435456 compression: Compress: ZLIB buffer: 32768
2024-04-24T04:59:46,592  INFO [LocalJobRunner Map Task Executor #0] impl.WriterImpl: ORC writer created for path: file:/home/alex/Repositories/hive/ql/target/tmp/org.apache.hadoop.hive.ql.TestTxnNoBuckets-1713959849960/warehouse/nobuckets/delta_0000001_0000001_0000/bucket_00001_0 with stripeSize: 8388608 options: Compress: ZLIB buffer: 32768
2024-04-24T04:59:46,593  INFO [LocalJobRunner Map Task Executor #0] vector.VectorMapOperator: Closing Operator: MAP[0]
2024-04-24T04:59:46,593  INFO [LocalJobRunner Map Task Executor #0] vector.VectorMapOperator: RECORDS_IN:2, RECORDS_OUT_OPERATOR_MAP_0:0, DESERIALIZE_ERRORS:0, RECORDS_OUT_INTERMEDIATE:0, 
2024-04-24T04:59:46,593  INFO [LocalJobRunner Map Task Executor #0] exec.TableScanOperator: Closing Operator: TS[0]
2024-04-24T04:59:46,593  INFO [LocalJobRunner Map Task Executor #0] exec.TableScanOperator: RECORDS_OUT_INTERMEDIATE:0, RECORDS_OUT_OPERATOR_TS_0:2, 
2024-04-24T04:59:46,593  INFO [LocalJobRunner Map Task Executor #0] vector.VectorSelectOperator: Closing Operator: SEL[3]
2024-04-24T04:59:46,593  INFO [LocalJobRunner Map Task Executor #0] vector.VectorSelectOperator: RECORDS_OUT_OPERATOR_SEL_3:2, RECORDS_OUT_INTERMEDIATE:0, 
2024-04-24T04:59:46,593  INFO [LocalJobRunner Map Task Executor #0] vector.VectorFileSinkOperator: Closing Operator: FS[4]
2024-04-24T04:59:46,593  INFO [LocalJobRunner Map Task Executor #0] exec.FileSinkOperator: FS[4]: records written - 2
2024-04-24T04:59:46,594  INFO [LocalJobRunner Map Task Executor #0] FileOperations: Writing manifest to file:/home/alex/Repositories/hive/ql/target/tmp/org.apache.hadoop.hive.ql.TestTxnNoBuckets-1713959849960/warehouse/nobuckets/_tmp.delta_0000001_0000001_0000/000001_0.manifest with [file:/home/alex/Repositories/hive/ql/target/tmp/org.apache.hadoop.hive.ql.TestTxnNoBuckets-1713959849960/warehouse/nobuckets/delta_0000001_0000001_0000/bucket_00001_0]
2024-04-24T04:59:46,604  INFO [LocalJobRunner Map Task Executor #0] vector.VectorFileSinkOperator: RECORDS_OUT_1_default.nobuckets:2, RECORDS_OUT_INTERMEDIATE:0, RECORDS_OUT_OPERATOR_FS_4:2, TOTAL_TABLE_ROWS_WRITTEN:2, 
2024-04-24T04:59:46,604  INFO [LocalJobRunner Map Task Executor #0] mapred.LocalJobRunner: 
2024-04-24T04:59:46,604  INFO [LocalJobRunner Map Task Executor #0] mapred.Task: Task:attempt_local1475535047_0062_m_000001_0 is done. And is in the process of committing
2024-04-24T04:59:46,605  INFO [LocalJobRunner Map Task Executor #0] mapred.LocalJobRunner: OrcSplit [file:/home/alex/Repositories/hive/ql/target/tmp/org.apache.hadoop.hive.ql.TestTxnNoBuckets-1713959849960/warehouse/tmp/000000_0_copy_1, start=0, length=281, isOriginal=true, fileLength=281, hasFooter=false, hasBase=true, deltas=0]
2024-04-24T04:59:46,605  INFO [LocalJobRunner Map Task Executor #0] mapred.Task: Task 'attempt_local1475535047_0062_m_000001_0' done.
2024-04-24T04:59:46,605  INFO [LocalJobRunner Map Task Executor #0] mapred.Task: Final Counters for attempt_local1475535047_0062_m_000001_0: Counters: 25
	File System Counters
		FILE: Number of bytes read=1557022
		FILE: Number of bytes written=74598586
		FILE: Number of read operations=0
		FILE: Number of large read operations=0
		FILE: Number of write operations=0
	Map-Reduce Framework
		Map input records=1
		Map output records=0
		Input split bytes=463
		Spilled Records=0
		Failed Shuffles=0
		Merged Map outputs=0
		GC time elapsed (ms)=0
		Total committed heap usage (bytes)=1215823872
	HIVE
		CREATED_FILES=1
		DESERIALIZE_ERRORS=0
		RECORDS_IN=2
		RECORDS_OUT_1_default.nobuckets=2
		RECORDS_OUT_INTERMEDIATE=0
		RECORDS_OUT_OPERATOR_FS_4=2
		RECORDS_OUT_OPERATOR_MAP_0=0
		RECORDS_OUT_OPERATOR_SEL_3=2
		RECORDS_OUT_OPERATOR_TS_0=2
		TOTAL_TABLE_ROWS_WRITTEN=2
	File Input Format Counters 
		Bytes Read=7317
	File Output Format Counters 
		Bytes Written=0
2024-04-24T04:59:46,605  INFO [LocalJobRunner Map Task Executor #0] mapred.LocalJobRunner: Finishing task: attempt_local1475535047_0062_m_000001_0
2024-04-24T04:59:46,605  INFO [Thread-4077] mapred.LocalJobRunner: map task executor complete.
2024-04-24 04:59:47,550 Stage-1 map = 100%,  reduce = 0%
2024-04-24T04:59:47,551  INFO [main] exec.Task: 2024-04-24 04:59:47,550 Stage-1 map = 100%,  reduce = 0%
Ended Job = job_local1475535047_0062
2024-04-24T04:59:47,552  INFO [main] exec.Task: Ended Job = job_local1475535047_0062
2024-04-24T04:59:47,554  INFO [main] FileOperations: Found manifest file file:/home/alex/Repositories/hive/ql/target/tmp/org.apache.hadoop.hive.ql.TestTxnNoBuckets-1713959849960/warehouse/nobuckets/_tmp.delta_0000001_0000001_0000/000001_0.manifest with attemptId 0.
2024-04-24T04:59:47,554  INFO [main] FileOperations: Found manifest file file:/home/alex/Repositories/hive/ql/target/tmp/org.apache.hadoop.hive.ql.TestTxnNoBuckets-1713959849960/warehouse/nobuckets/_tmp.delta_0000001_0000001_0000/000000_0.manifest with attemptId 0.
2024-04-24T04:59:47,555  INFO [main] FileOperations: Looking at manifest file: file:/home/alex/Repositories/hive/ql/target/tmp/org.apache.hadoop.hive.ql.TestTxnNoBuckets-1713959849960/warehouse/nobuckets/_tmp.delta_0000001_0000001_0000/000000_0.manifest
2024-04-24T04:59:47,555  INFO [main] FileOperations: Looking at manifest file: file:/home/alex/Repositories/hive/ql/target/tmp/org.apache.hadoop.hive.ql.TestTxnNoBuckets-1713959849960/warehouse/nobuckets/_tmp.delta_0000001_0000001_0000/000001_0.manifest
2024-04-24T04:59:47,555  INFO [main] FileOperations: Deleting manifest directory file:/home/alex/Repositories/hive/ql/target/tmp/org.apache.hadoop.hive.ql.TestTxnNoBuckets-1713959849960/warehouse/nobuckets/_tmp.delta_0000001_0000001_0000
2024-04-24T04:59:47,556  INFO [main] ql.Driver: Starting task [Stage-0:MOVE] in serial mode
Loading data to table default.nobuckets
2024-04-24T04:59:47,557  INFO [main] exec.Task: Loading data to table default.nobuckets from file:/home/alex/Repositories/hive/ql/target/tmp/org.apache.hadoop.hive.ql.TestTxnNoBuckets-1713959849960/warehouse/nobuckets
2024-04-24T04:59:47,557  INFO [main] HiveMetaStore.audit: ugi=alex	ip=unknown-ip-addr	cmd=get_table : tbl=hive.default.nobuckets	
2024-04-24T04:59:47,567  INFO [main] metastore.HMSHandler: Skipping translation for processor with null
2024-04-24T04:59:47,567  INFO [main] HiveMetaStore.audit: ugi=alex	ip=unknown-ip-addr	cmd=get_table : tbl=hive.default.nobuckets	
2024-04-24T04:59:47,574  INFO [main] metastore.HMSHandler: Skipping translation for processor with null
2024-04-24T04:59:47,574  INFO [main] HiveMetaStore.audit: ugi=alex	ip=unknown-ip-addr	cmd=alter_table: hive.default.nobuckets newtbl=nobuckets	
2024-04-24T04:59:47,598  INFO [main] ql.Driver: Starting task [Stage-2:STATS] in serial mode
2024-04-24T04:59:47,598  INFO [main] HiveMetaStore.audit: ugi=alex	ip=unknown-ip-addr	cmd=get_table : tbl=hive.default.nobuckets	
2024-04-24T04:59:47,605  INFO [main] metastore.HMSHandler: Skipping translation for processor with null
2024-04-24T04:59:47,605  INFO [main] stats.BasicStatsTask: Executing stats task
2024-04-24T04:59:47,605  INFO [main] fs.FSStatsPublisher: created : file:/home/alex/Repositories/hive/ql/target/tmp/localscratchdir/5b470a58-211a-4eff-9221-4e63d0eb9cb5/hive_2024-04-24_04-59-46_096_3000696572534886925-1/-mr-10000
2024-04-24T04:59:47,607  INFO [main] HiveMetaStore.audit: ugi=alex	ip=unknown-ip-addr	cmd=get_table : tbl=hive.default.nobuckets	
2024-04-24T04:59:47,613  INFO [main] metastore.HMSHandler: Skipping translation for processor with null
2024-04-24T04:59:47,623  WARN [main] FileOperations: Computing stats for an ACID table; stats may be inaccurate
2024-04-24T04:59:47,624  INFO [main] FileOperations: Read stats for default.nobuckets/, numRows, true, 4, false: 
2024-04-24T04:59:47,624  INFO [main] FileOperations: Read stats for default.nobuckets/, rawDataSize, true, 0, false: 
2024-04-24T04:59:47,624  INFO [main] HiveMetaStore.audit: ugi=alex	ip=unknown-ip-addr	cmd=alter_table: hive.default.nobuckets newtbl=nobuckets	
2024-04-24T04:59:47,647  INFO [main] FileOperations: Read stats for default.nobuckets/, insertCount, true, 4, false: 
2024-04-24T04:59:47,647  INFO [main] FileOperations: Read stats for default.nobuckets/, updateCount, true, 0, false: 
2024-04-24T04:59:47,647  INFO [main] FileOperations: Read stats for default.nobuckets/, deleteCount, true, 0, false: 
2024-04-24T04:59:47,649  INFO [main] stats.BasicStatsTask: Table default.nobuckets stats: [numFiles=2, numRows=4, totalSize=1443, rawDataSize=0, numFilesErasureCoded=0]
2024-04-24T04:59:47,649  INFO [main] metadata.Hive: Dumping metastore api call timing information for : execution phase
2024-04-24T04:59:47,649  INFO [main] metadata.Hive: Total time spent in each metastore function (ms): {getTable_(GetTableRequest)=31, isCompatibleWith_(Configuration)=0, updateTransactionalStatistics_(UpdateTransactionalStatsRequest)=2, alter_table_(String, String, String, Table, EnvironmentContext, String)=47}
MapReduce Jobs Launched: 
2024-04-24T04:59:47,650  INFO [main] ql.Driver: MapReduce Jobs Launched: 
Stage-Stage-1:  HDFS Read: 0 HDFS Write: 0 SUCCESS
2024-04-24T04:59:47,650  INFO [main] ql.Driver: Stage-Stage-1:  HDFS Read: 0 HDFS Write: 0 SUCCESS
Total MapReduce CPU Time Spent: 0 msec
2024-04-24T04:59:47,650  INFO [main] ql.Driver: Total MapReduce CPU Time Spent: 0 msec
2024-04-24T04:59:47,650  INFO [main] ql.Driver: Completed executing command(queryId=alex_20240424045946_a0796b8d-c150-47a2-a590-4b1c03731fe7); Time taken: 1.367 seconds
2024-04-24T04:59:47,650  INFO [main] lockmgr.DbTxnManager: Stopped heartbeat for query: alex_20240424045946_a0796b8d-c150-47a2-a590-4b1c03731fe7
2024-04-24T04:59:47,659  INFO [main] txn.TxnHandler: Removed transactions: ([19]) from MIN_HISTORY_LEVEL
2024-04-24T04:59:47,659  WARN [main] txn.CompactionTxnHandler: No compaction queue record found for Compaction type transaction commit. txnId:19
2024-04-24T04:59:47,660  INFO [main] ql.TxnCommandsBaseForTests: Running the query: select ROW__ID, c1, c2, c3, INPUT__FILE__NAME from nobuckets order by ROW__ID
2024-04-24T04:59:47,660  INFO [main] ql.Context: Deleting scratch dir: file:/home/alex/Repositories/hive/ql/target/tmp/localscratchdir/5b470a58-211a-4eff-9221-4e63d0eb9cb5/hive_2024-04-24_04-59-46_096_3000696572534886925-1
2024-04-24T04:59:47,660  INFO [main] cleanup.SyncCleanupService: Deleted directory: file:/home/alex/Repositories/hive/ql/target/tmp/localscratchdir/5b470a58-211a-4eff-9221-4e63d0eb9cb5/hive_2024-04-24_04-59-46_096_3000696572534886925-1 on fs with scheme file
2024-04-24T04:59:47,661  INFO [main] ql.Driver: Compiling command(queryId=alex_20240424045947_c2fe4b7d-65ba-4ddb-b15d-f5e21775764e): select ROW__ID, c1, c2, c3, INPUT__FILE__NAME from nobuckets order by ROW__ID
2024-04-24T04:59:47,663  INFO [main] txn.TxnHandler: Added entries to MIN_HISTORY_LEVEL for current txns: ([20]) with min_open_txn: 20
2024-04-24T04:59:47,663  INFO [main] lockmgr.DbTxnManager: Opened txnid:20
2024-04-24T04:59:47,664  INFO [main] parse.CalcitePlanner: Starting caching scope for: 
2024-04-24T04:59:47,664  INFO [main] parse.CalcitePlanner: Starting Semantic Analysis
2024-04-24T04:59:47,666  INFO [main] parse.CalcitePlanner: Completed phase 1 of Semantic Analysis
2024-04-24T04:59:47,666  INFO [main] parse.CalcitePlanner: Get metadata for source tables
2024-04-24T04:59:47,667  INFO [main] HiveMetaStore.audit: ugi=alex	ip=unknown-ip-addr	cmd=get_table : tbl=hive.default.nobuckets	
2024-04-24T04:59:47,673  INFO [main] metastore.HMSHandler: Skipping translation for processor with null
2024-04-24T04:59:47,673  INFO [main] parse.CalcitePlanner: Get metadata for subqueries
2024-04-24T04:59:47,673  INFO [main] parse.CalcitePlanner: Get metadata for destination tables
2024-04-24T04:59:47,674  INFO [main] parse.CalcitePlanner: Completed getting MetaData in Semantic Analysis
2024-04-24T04:59:47,685  INFO [main] HiveMetaStore.audit: ugi=alex	ip=unknown-ip-addr	cmd=get_all_table_constraints : tbl=hive.default.nobuckets	
2024-04-24T04:59:47,693  INFO [main] calcite.RelOptHiveTable: Calculating column statistics for default.nobuckets, projIndxSet: [0, 1, 2], allowMissingStats: true
2024-04-24T04:59:47,694  INFO [main] HiveMetaStore.audit: ugi=alex	ip=unknown-ip-addr	cmd=get_table_statistics_req: table=hive.default.nobuckets	
2024-04-24T04:59:47,703  WARN [main] calcite.RelOptHiveTable: No Stats for default@nobuckets, Columns: c2, c3, c1
No Stats for default@nobuckets, Columns: c2, c3, c1
2024-04-24T04:59:47,703  INFO [main] SessionState: No Stats for default@nobuckets, Columns: c2, c3, c1
2024-04-24T04:59:47,749  INFO [main] parse.CalcitePlanner: Get metadata for source tables
2024-04-24T04:59:47,749  INFO [main] parse.CalcitePlanner: Get metadata for subqueries
2024-04-24T04:59:47,749  INFO [main] parse.CalcitePlanner: Get metadata for destination tables
2024-04-24T04:59:47,750  INFO [main] common.FileUtils: Creating directory if it doesn't exist: file:/home/alex/Repositories/hive/ql/target/tmp/localscratchdir/5b470a58-211a-4eff-9221-4e63d0eb9cb5/hive_2024-04-24_04-59-47_660_2106825548533080335-1/-mr-10001/.hive-staging_hive_2024-04-24_04-59-47_660_2106825548533080335-1
2024-04-24T04:59:47,758  INFO [main] parse.CalcitePlanner: CBO Succeeded; optimized logical plan.
2024-04-24T04:59:47,760  INFO [main] optimizer.ColumnPrunerProcFactory: RS 2 oldColExprMap: {VALUE._col0=Column[_col1], VALUE._col3=Column[_col4], VALUE._col1=Column[_col2], VALUE._col2=Column[_col3], KEY.reducesinkkey0=Column[_col0]}
2024-04-24T04:59:47,761  INFO [main] optimizer.ColumnPrunerProcFactory: RS 2 newColExprMap: {VALUE._col2=Column[_col3], VALUE._col3=Column[_col4], VALUE._col1=Column[_col2], KEY.reducesinkkey0=Column[_col0], VALUE._col0=Column[_col1]}
2024-04-24T04:59:47,761  INFO [main] optimizer.BucketVersionPopulator: not considering bucketingVersion for: TS[0] because it has -1<2 buckets 
2024-04-24T04:59:47,762  INFO [main] optimizer.SortedDynPartitionOptimizer: Sorted dynamic partitioning optimization kicked in..
2024-04-24T04:59:47,770  INFO [main] physical.Vectorizer: Examining input format to see if vectorization is enabled.
2024-04-24T04:59:47,771  INFO [main] physical.Vectorizer: Vectorization is enabled for input format(s) [org.apache.hadoop.hive.ql.io.orc.OrcInputFormat]
2024-04-24T04:59:47,771  INFO [main] physical.Vectorizer: Validating and vectorizing MapWork... (vectorizedVertexNum 0)
2024-04-24T04:59:47,771  INFO [main] physical.Vectorizer: Map vectorization enabled: true
2024-04-24T04:59:47,771  INFO [main] physical.Vectorizer: Map vectorized: false
2024-04-24T04:59:47,771  INFO [main] physical.Vectorizer: Map notVectorizedReason: Select expression for SELECT operator: Virtual column INPUT__FILE__NAME is not supported
2024-04-24T04:59:47,771  INFO [main] physical.Vectorizer: Map vectorizedVertexNum: 0
2024-04-24T04:59:47,771  INFO [main] physical.Vectorizer: Map enabledConditionsMet: [hive.vectorized.use.vectorized.input.format IS true]
2024-04-24T04:59:47,771  INFO [main] physical.Vectorizer: Map inputFileFormatClassNameSet: [org.apache.hadoop.hive.ql.io.orc.OrcInputFormat]
2024-04-24T04:59:47,771  INFO [main] physical.Vectorizer: Reduce vectorization enabled: false
2024-04-24T04:59:47,771  INFO [main] physical.Vectorizer: Reduce vectorized: false
2024-04-24T04:59:47,771  INFO [main] physical.Vectorizer: Reduce vectorizedVertexNum: 1
2024-04-24T04:59:47,771  INFO [main] physical.Vectorizer: Reducer hive.vectorized.execution.reduce.enabled: true
2024-04-24T04:59:47,771  INFO [main] physical.Vectorizer: Reducer engine: mr
2024-04-24T04:59:47,771  INFO [main] parse.CalcitePlanner: Completed plan generation
2024-04-24T04:59:47,771  INFO [main] parse.CalcitePlanner: Ending caching scope for: 
2024-04-24T04:59:47,771  INFO [main] ql.Driver: Semantic Analysis Completed (retrial = false)
2024-04-24T04:59:47,771  INFO [main] ql.Driver: Created Hive schema: Schema(fieldSchemas:[FieldSchema(name:row__id, type:struct<writeid:bigint,bucketid:int,rowid:bigint>, comment:null), FieldSchema(name:c1, type:int, comment:null), FieldSchema(name:c2, type:int, comment:null), FieldSchema(name:c3, type:int, comment:null), FieldSchema(name:input__file__name, type:string, comment:null)], properties:null)
2024-04-24T04:59:47,772  INFO [main] exec.ListSinkOperator: Initializing Operator: LIST_SINK[5]
2024-04-24T04:59:47,772  INFO [main] metadata.Hive: Dumping metastore api call timing information for : compilation phase
2024-04-24T04:59:47,772  INFO [main] metadata.Hive: Total time spent in each metastore function (ms): {getAllTableConstraints_(AllTableConstraintsRequest)=5, flushCache_()=0, commitTxn_(CommitTxnRequest)=10, getTable_(GetTableRequest)=7, getTableColumnStatistics_(String, String, List, String)=8, getValidWriteIds_(List, String)=2, openTxn_(String, TxnType)=2, getValidTxns_(long)=0, isCompatibleWith_(Configuration)=0}
2024-04-24T04:59:47,773  INFO [main] ql.Driver: Completed compiling command(queryId=alex_20240424045947_c2fe4b7d-65ba-4ddb-b15d-f5e21775764e); Time taken: 0.111 seconds
2024-04-24T04:59:47,773  INFO [main] lockmgr.DbTxnManager: Setting lock request transaction to txnid:20 for queryId=alex_20240424045947_c2fe4b7d-65ba-4ddb-b15d-f5e21775764e
2024-04-24T04:59:47,773  INFO [main] lockmgr.DbLockManager: Requesting lock for queryId=alex_20240424045947_c2fe4b7d-65ba-4ddb-b15d-f5e21775764e
2024-04-24T04:59:47,787  INFO [main] lockmgr.DbLockManager: Response to queryId=alex_20240424045947_c2fe4b7d-65ba-4ddb-b15d-f5e21775764e LockResponse(lockid:14, state:ACQUIRED)
2024-04-24T04:59:47,787  INFO [main] ql.Driver: Operation QUERY obtained 1 locks
2024-04-24T04:59:47,788  INFO [main] ql.Driver: Executing command(queryId=alex_20240424045947_c2fe4b7d-65ba-4ddb-b15d-f5e21775764e): select ROW__ID, c1, c2, c3, INPUT__FILE__NAME from nobuckets order by ROW__ID
2024-04-24T04:59:47,788  WARN [main] ql.Driver: Hive-on-MR is deprecated in Hive 2 and may not be available in the future versions. Consider using a different execution engine (i.e. spark, tez) or using Hive 1.X releases.
Query ID = alex_20240424045947_c2fe4b7d-65ba-4ddb-b15d-f5e21775764e
2024-04-24T04:59:47,788  INFO [main] ql.Driver: Query ID = alex_20240424045947_c2fe4b7d-65ba-4ddb-b15d-f5e21775764e
Total jobs = 1
2024-04-24T04:59:47,788  INFO [main] ql.Driver: Total jobs = 1
Launching Job 1 out of 1
2024-04-24T04:59:47,788  INFO [main] ql.Driver: Launching Job 1 out of 1
2024-04-24T04:59:47,931  INFO [main] ql.Driver: Starting task [Stage-1:MAPRED] in serial mode
Number of reduce tasks determined at compile time: 1
2024-04-24T04:59:47,931  INFO [main] exec.Task: Number of reduce tasks determined at compile time: 1
In order to change the average load for a reducer (in bytes):
2024-04-24T04:59:47,931  INFO [main] exec.Task: In order to change the average load for a reducer (in bytes):
  set hive.exec.reducers.bytes.per.reducer=<number>
2024-04-24T04:59:47,932  INFO [main] exec.Task:   set hive.exec.reducers.bytes.per.reducer=<number>
In order to limit the maximum number of reducers:
2024-04-24T04:59:47,932  INFO [main] exec.Task: In order to limit the maximum number of reducers:
  set hive.exec.reducers.max=<number>
2024-04-24T04:59:47,932  INFO [main] exec.Task:   set hive.exec.reducers.max=<number>
In order to set a constant number of reducers:
2024-04-24T04:59:47,932  INFO [main] exec.Task: In order to set a constant number of reducers:
  set mapreduce.job.reduces=<number>
2024-04-24T04:59:47,932  INFO [main] exec.Task:   set mapreduce.job.reduces=<number>
2024-04-24T04:59:47,934  INFO [main] mr.ExecDriver: Using org.apache.hadoop.hive.ql.io.HiveInputFormat
2024-04-24T04:59:47,934  INFO [main] exec.Utilities: Processing alias nobuckets
2024-04-24T04:59:47,934  INFO [main] exec.Utilities: Adding 1 inputs; the first input is file:/home/alex/Repositories/hive/ql/target/tmp/org.apache.hadoop.hive.ql.TestTxnNoBuckets-1713959849960/warehouse/nobuckets
2024-04-24T04:59:47,943  INFO [main] exec.SerializationUtilities: Serializing MapWork using kryo
2024-04-24T04:59:47,944  INFO [main] exec.Utilities: Serialized plan (via FILE) - name: null size: 5,32KB
2024-04-24T04:59:47,956  INFO [main] exec.SerializationUtilities: Serializing ReduceWork using kryo
2024-04-24T04:59:47,957  INFO [main] exec.Utilities: Serialized plan (via FILE) - name: null size: 6,33KB
2024-04-24T04:59:47,958  WARN [main] impl.MetricsSystemImpl: JobTracker metrics system already initialized!
2024-04-24T04:59:47,963  WARN [main] impl.MetricsSystemImpl: JobTracker metrics system already initialized!
2024-04-24T04:59:47,970  WARN [main] mapreduce.JobResourceUploader: Hadoop command-line option parsing not performed. Implement the Tool interface and execute your application with ToolRunner to remedy this.
2024-04-24T04:59:47,975  WARN [main] mapreduce.JobResourceUploader: No job jar file set.  User classes may not be found. See Job or Job#setJar(String).
2024-04-24T04:59:47,976  INFO [main] io.HiveInputFormat: hive.io.file.readcolumn.ids = 0,1,2
2024-04-24T04:59:47,976  INFO [main] io.HiveInputFormat: hive.io.file.readcolumn.names = c1,c2,c3
2024-04-24T04:59:47,976  INFO [main] io.HiveInputFormat: Generating splits for dirs: file:/home/alex/Repositories/hive/ql/target/tmp/org.apache.hadoop.hive.ql.TestTxnNoBuckets-1713959849960/warehouse/nobuckets
2024-04-24T04:59:47,976  INFO [main] orc.OrcInputFormat: getSplits started
2024-04-24T04:59:47,976  INFO [main] orc.OrcInputFormat: Context:: isAcid: true isVectorMode: false sarg: null minSplitSize: 1 maxSplitSize: 256000000 splitStrategy: HYBRID footerInSplits: false numBuckets: 0 numThreads: 10 cacheMemSize: 268435456 cacheStripeDetails: true useSoftReference: false writeIdList: default.nobuckets:1:9223372036854775807:: isTransactionalTable: true txnProperties: default 
2024-04-24T04:59:47,976  INFO [main] orc.OrcInputFormat: ORC pushdown predicate: null
2024-04-24T04:59:47,988  INFO [main] orc.OrcInputFormat: FooterCacheHitRatio: 0/2
2024-04-24T04:59:47,988  INFO [main] orc.OrcInputFormat: getSplits finished (#splits: 2). duration: 12 ms
2024-04-24T04:59:47,988  INFO [main] io.HiveInputFormat: number of splits 2
2024-04-24T04:59:48,006  INFO [main] mapreduce.JobSubmitter: number of splits:2
2024-04-24T04:59:48,024  INFO [main] mapreduce.JobSubmitter: Submitting tokens for job: job_local1792909133_0063
2024-04-24T04:59:48,024  INFO [main] mapreduce.JobSubmitter: Executing with tokens: []
2024-04-24T04:59:48,079  INFO [main] mapreduce.Job: The url to track the job: http://localhost:8080/
Job running in-process (local Hadoop)
2024-04-24T04:59:48,079  INFO [main] exec.Task: Job running in-process (local Hadoop)
2024-04-24T04:59:48,080  INFO [Thread-4135] mapred.LocalJobRunner: OutputCommitter set in config org.apache.hadoop.hive.ql.io.HiveFileFormatUtils$NullOutputCommitter
2024-04-24T04:59:48,080  INFO [Thread-4135] mapred.LocalJobRunner: OutputCommitter is org.apache.hadoop.hive.ql.io.HiveFileFormatUtils$NullOutputCommitter
2024-04-24T04:59:48,081  INFO [Thread-4135] mapred.LocalJobRunner: Waiting for map tasks
2024-04-24T04:59:48,082  INFO [LocalJobRunner Map Task Executor #0] mapred.LocalJobRunner: Starting task: attempt_local1792909133_0063_m_000000_0
2024-04-24T04:59:48,082  INFO [LocalJobRunner Map Task Executor #0] mapred.Task:  Using ResourceCalculatorProcessTree : [ ]
2024-04-24T04:59:48,083  INFO [LocalJobRunner Map Task Executor #0] mapred.MapTask: Processing split: org.apache.hadoop.hive.ql.io.orc.OrcInputFormat:OrcSplit [file:/home/alex/Repositories/hive/ql/target/tmp/org.apache.hadoop.hive.ql.TestTxnNoBuckets-1713959849960/warehouse/nobuckets/delta_0000001_0000001_0000/bucket_00001_0, start=0, length=729, isOriginal=false, fileLength=729, hasFooter=false, hasBase=true, deltas=0]
2024-04-24T04:59:48,083  INFO [LocalJobRunner Map Task Executor #0] exec.SerializationUtilities: Deserializing MapWork using kryo
2024-04-24T04:59:48,084  INFO [LocalJobRunner Map Task Executor #0] exec.Utilities: Deserialized plan (via FILE) - name: null size: 5,32KB
2024-04-24T04:59:48,085  INFO [LocalJobRunner Map Task Executor #0] orc.OrcRawRecordMerger: min key = null, max key = null
2024-04-24T04:59:48,085  INFO [LocalJobRunner Map Task Executor #0] orc.ReaderImpl: Reading ORC rows from file:/home/alex/Repositories/hive/ql/target/tmp/org.apache.hadoop.hive.ql.TestTxnNoBuckets-1713959849960/warehouse/nobuckets/delta_0000001_0000001_0000/bucket_00001_0 with {include: [true, true, true, true], offset: 0, length: 729, schema: struct<c1:int,c2:int,c3:int>, includeAcidColumns: true}
2024-04-24T04:59:48,086  INFO [LocalJobRunner Map Task Executor #0] orc.OrcRawRecordMerger: updated min key = null, max key = null
2024-04-24T04:59:48,086  INFO [LocalJobRunner Map Task Executor #0] mapred.MapTask: numReduceTasks: 1
2024-04-24T04:59:48,089  INFO [LocalJobRunner Map Task Executor #0] mapred.MapTask: (EQUATOR) 0 kvi 26214396(104857584)
2024-04-24T04:59:48,089  INFO [LocalJobRunner Map Task Executor #0] mapred.MapTask: mapreduce.task.io.sort.mb: 100
2024-04-24T04:59:48,089  INFO [LocalJobRunner Map Task Executor #0] mapred.MapTask: soft limit at 83886080
2024-04-24T04:59:48,089  INFO [LocalJobRunner Map Task Executor #0] mapred.MapTask: bufstart = 0; bufvoid = 104857600
2024-04-24T04:59:48,089  INFO [LocalJobRunner Map Task Executor #0] mapred.MapTask: kvstart = 26214396; length = 6553600
2024-04-24T04:59:48,090  INFO [LocalJobRunner Map Task Executor #0] mapred.MapTask: Map output collector class = org.apache.hadoop.mapred.MapTask$MapOutputBuffer
2024-04-24T04:59:48,090  INFO [LocalJobRunner Map Task Executor #0] exec.MapOperator: Initializing Operator: MAP[0]
2024-04-24T04:59:48,091  INFO [LocalJobRunner Map Task Executor #0] mr.ExecMapper: 
<MAP>Id =0
  <Children>null
  <\Children>
  <Parent><\Parent>
<\MAP>
2024-04-24T04:59:48,092  INFO [LocalJobRunner Map Task Executor #0] exec.TableScanOperator: Initializing Operator: TS[0]
2024-04-24T04:59:48,092  INFO [LocalJobRunner Map Task Executor #0] exec.SelectOperator: Initializing Operator: SEL[1]
2024-04-24T04:59:48,092  INFO [LocalJobRunner Map Task Executor #0] exec.SelectOperator: SELECT struct<c1:int,c2:int,c3:int,row__id:struct<writeid:bigint,bucketid:int,rowid:bigint>,input__file__name:string>
2024-04-24T04:59:48,092  INFO [LocalJobRunner Map Task Executor #0] exec.ReduceSinkOperator: Initializing Operator: RS[2]
2024-04-24T04:59:48,092  INFO [LocalJobRunner Map Task Executor #0] exec.ReduceSinkOperator: Using tag = -1
2024-04-24T04:59:48,093  INFO [LocalJobRunner Map Task Executor #0] exec.ReduceSinkOperator: keys are [reducesinkkey0] num distributions: 1
2024-04-24T04:59:48,093  INFO [LocalJobRunner Map Task Executor #0] exec.ReduceSinkOperator: RS[2]: records written - 1
2024-04-24T04:59:48,093  INFO [LocalJobRunner Map Task Executor #0] exec.MapOperator: MAP[0]: records read - 1
2024-04-24T04:59:48,093  INFO [LocalJobRunner Map Task Executor #0] exec.MapOperator: Closing Operator: MAP[0]
2024-04-24T04:59:48,093  INFO [LocalJobRunner Map Task Executor #0] exec.MapOperator: MAP[0]: Total records read - 2. abort - false
2024-04-24T04:59:48,093  INFO [LocalJobRunner Map Task Executor #0] exec.MapOperator: RECORDS_IN:2, DESERIALIZE_ERRORS:0, RECORDS_OUT_INTERMEDIATE:0, RECORDS_OUT_OPERATOR_MAP_0:0, 
2024-04-24T04:59:48,093  INFO [LocalJobRunner Map Task Executor #0] exec.TableScanOperator: Closing Operator: TS[0]
2024-04-24T04:59:48,093  INFO [LocalJobRunner Map Task Executor #0] exec.TableScanOperator: RECORDS_OUT_INTERMEDIATE:0, RECORDS_OUT_OPERATOR_TS_0:2, 
2024-04-24T04:59:48,093  INFO [LocalJobRunner Map Task Executor #0] exec.SelectOperator: Closing Operator: SEL[1]
2024-04-24T04:59:48,093  INFO [LocalJobRunner Map Task Executor #0] exec.SelectOperator: RECORDS_OUT_OPERATOR_SEL_1:2, RECORDS_OUT_INTERMEDIATE:0, 
2024-04-24T04:59:48,093  INFO [LocalJobRunner Map Task Executor #0] exec.ReduceSinkOperator: Closing Operator: RS[2]
2024-04-24T04:59:48,093  INFO [LocalJobRunner Map Task Executor #0] exec.ReduceSinkOperator: RS[2]: Total records written - 2. abort - false
2024-04-24T04:59:48,093  INFO [LocalJobRunner Map Task Executor #0] exec.ReduceSinkOperator: RECORDS_OUT_OPERATOR_RS_2:2, RECORDS_OUT_INTERMEDIATE:2, 
2024-04-24T04:59:48,094  INFO [LocalJobRunner Map Task Executor #0] mapred.LocalJobRunner: 
2024-04-24T04:59:48,094  INFO [LocalJobRunner Map Task Executor #0] mapred.MapTask: Starting flush of map output
2024-04-24T04:59:48,094  INFO [LocalJobRunner Map Task Executor #0] mapred.MapTask: Spilling map output
2024-04-24T04:59:48,094  INFO [LocalJobRunner Map Task Executor #0] mapred.MapTask: bufstart = 0; bufend = 410; bufvoid = 104857600
2024-04-24T04:59:48,094  INFO [LocalJobRunner Map Task Executor #0] mapred.MapTask: kvstart = 26214396(104857584); kvend = 26214392(104857568); length = 5/6553600
2024-04-24T04:59:48,106  INFO [LocalJobRunner Map Task Executor #0] mapred.MapTask: Finished spill 0
2024-04-24T04:59:48,109  INFO [LocalJobRunner Map Task Executor #0] mapred.Task: Task:attempt_local1792909133_0063_m_000000_0 is done. And is in the process of committing
2024-04-24T04:59:48,110  INFO [LocalJobRunner Map Task Executor #0] mapred.LocalJobRunner: OrcSplit [file:/home/alex/Repositories/hive/ql/target/tmp/org.apache.hadoop.hive.ql.TestTxnNoBuckets-1713959849960/warehouse/nobuckets/delta_0000001_0000001_0000/bucket_00001_0, start=0, length=729, isOriginal=false, fileLength=729, hasFooter=false, hasBase=true, deltas=0]
2024-04-24T04:59:48,110  INFO [LocalJobRunner Map Task Executor #0] mapred.Task: Task 'attempt_local1792909133_0063_m_000000_0' done.
2024-04-24T04:59:48,110  INFO [LocalJobRunner Map Task Executor #0] mapred.Task: Final Counters for attempt_local1792909133_0063_m_000000_0: Counters: 24
	File System Counters
		FILE: Number of bytes read=1567116
		FILE: Number of bytes written=75804090
		FILE: Number of read operations=0
		FILE: Number of large read operations=0
		FILE: Number of write operations=0
	Map-Reduce Framework
		Map input records=2
		Map output records=2
		Map output bytes=410
		Map output materialized bytes=422
		Input split bytes=501
		Combine input records=0
		Spilled Records=2
		Failed Shuffles=0
		Merged Map outputs=0
		GC time elapsed (ms)=0
		Total committed heap usage (bytes)=1216872448
	HIVE
		DESERIALIZE_ERRORS=0
		RECORDS_IN=2
		RECORDS_OUT_INTERMEDIATE=2
		RECORDS_OUT_OPERATOR_MAP_0=0
		RECORDS_OUT_OPERATOR_RS_2=2
		RECORDS_OUT_OPERATOR_SEL_1=2
		RECORDS_OUT_OPERATOR_TS_0=2
	File Input Format Counters 
		Bytes Read=8367
2024-04-24T04:59:48,110  INFO [LocalJobRunner Map Task Executor #0] mapred.LocalJobRunner: Finishing task: attempt_local1792909133_0063_m_000000_0
2024-04-24T04:59:48,110  INFO [LocalJobRunner Map Task Executor #0] mapred.LocalJobRunner: Starting task: attempt_local1792909133_0063_m_000001_0
2024-04-24T04:59:48,110  INFO [LocalJobRunner Map Task Executor #0] mapred.Task:  Using ResourceCalculatorProcessTree : [ ]
2024-04-24T04:59:48,111  INFO [LocalJobRunner Map Task Executor #0] mapred.MapTask: Processing split: org.apache.hadoop.hive.ql.io.orc.OrcInputFormat:OrcSplit [file:/home/alex/Repositories/hive/ql/target/tmp/org.apache.hadoop.hive.ql.TestTxnNoBuckets-1713959849960/warehouse/nobuckets/delta_0000001_0000001_0000/bucket_00000_0, start=0, length=714, isOriginal=false, fileLength=714, hasFooter=false, hasBase=true, deltas=0]
2024-04-24T04:59:48,111  INFO [LocalJobRunner Map Task Executor #0] exec.SerializationUtilities: Deserializing MapWork using kryo
2024-04-24T04:59:48,111  INFO [LocalJobRunner Map Task Executor #0] exec.Utilities: Deserialized plan (via FILE) - name: null size: 5,32KB
2024-04-24T04:59:48,112  INFO [LocalJobRunner Map Task Executor #0] orc.OrcRawRecordMerger: min key = null, max key = null
2024-04-24T04:59:48,112  INFO [LocalJobRunner Map Task Executor #0] orc.ReaderImpl: Reading ORC rows from file:/home/alex/Repositories/hive/ql/target/tmp/org.apache.hadoop.hive.ql.TestTxnNoBuckets-1713959849960/warehouse/nobuckets/delta_0000001_0000001_0000/bucket_00000_0 with {include: [true, true, true, true], offset: 0, length: 714, schema: struct<c1:int,c2:int,c3:int>, includeAcidColumns: true}
2024-04-24T04:59:48,113  INFO [LocalJobRunner Map Task Executor #0] orc.OrcRawRecordMerger: updated min key = null, max key = null
2024-04-24T04:59:48,113  INFO [LocalJobRunner Map Task Executor #0] mapred.MapTask: numReduceTasks: 1
2024-04-24T04:59:48,117  INFO [LocalJobRunner Map Task Executor #0] mapred.MapTask: (EQUATOR) 0 kvi 26214396(104857584)
2024-04-24T04:59:48,117  INFO [LocalJobRunner Map Task Executor #0] mapred.MapTask: mapreduce.task.io.sort.mb: 100
2024-04-24T04:59:48,117  INFO [LocalJobRunner Map Task Executor #0] mapred.MapTask: soft limit at 83886080
2024-04-24T04:59:48,117  INFO [LocalJobRunner Map Task Executor #0] mapred.MapTask: bufstart = 0; bufvoid = 104857600
2024-04-24T04:59:48,117  INFO [LocalJobRunner Map Task Executor #0] mapred.MapTask: kvstart = 26214396; length = 6553600
2024-04-24T04:59:48,118  INFO [LocalJobRunner Map Task Executor #0] mapred.MapTask: Map output collector class = org.apache.hadoop.mapred.MapTask$MapOutputBuffer
2024-04-24T04:59:48,118  INFO [LocalJobRunner Map Task Executor #0] exec.MapOperator: Initializing Operator: MAP[0]
2024-04-24T04:59:48,119  INFO [LocalJobRunner Map Task Executor #0] mr.ExecMapper: 
<MAP>Id =0
  <Children>null
  <\Children>
  <Parent><\Parent>
<\MAP>
2024-04-24T04:59:48,120  INFO [LocalJobRunner Map Task Executor #0] exec.TableScanOperator: Initializing Operator: TS[0]
2024-04-24T04:59:48,120  INFO [LocalJobRunner Map Task Executor #0] exec.SelectOperator: Initializing Operator: SEL[1]
2024-04-24T04:59:48,120  INFO [LocalJobRunner Map Task Executor #0] exec.SelectOperator: SELECT struct<c1:int,c2:int,c3:int,row__id:struct<writeid:bigint,bucketid:int,rowid:bigint>,input__file__name:string>
2024-04-24T04:59:48,120  INFO [LocalJobRunner Map Task Executor #0] exec.ReduceSinkOperator: Initializing Operator: RS[2]
2024-04-24T04:59:48,120  INFO [LocalJobRunner Map Task Executor #0] exec.ReduceSinkOperator: Using tag = -1
2024-04-24T04:59:48,120  INFO [LocalJobRunner Map Task Executor #0] exec.ReduceSinkOperator: keys are [reducesinkkey0] num distributions: 1
2024-04-24T04:59:48,121  INFO [LocalJobRunner Map Task Executor #0] exec.ReduceSinkOperator: RS[2]: records written - 1
2024-04-24T04:59:48,121  INFO [LocalJobRunner Map Task Executor #0] exec.MapOperator: MAP[0]: records read - 1
2024-04-24T04:59:48,121  INFO [LocalJobRunner Map Task Executor #0] exec.MapOperator: Closing Operator: MAP[0]
2024-04-24T04:59:48,121  INFO [LocalJobRunner Map Task Executor #0] exec.MapOperator: MAP[0]: Total records read - 2. abort - false
2024-04-24T04:59:48,121  INFO [LocalJobRunner Map Task Executor #0] exec.MapOperator: RECORDS_OUT_INTERMEDIATE:0, RECORDS_OUT_OPERATOR_MAP_0:0, RECORDS_IN:2, DESERIALIZE_ERRORS:0, 
2024-04-24T04:59:48,121  INFO [LocalJobRunner Map Task Executor #0] exec.TableScanOperator: Closing Operator: TS[0]
2024-04-24T04:59:48,121  INFO [LocalJobRunner Map Task Executor #0] exec.TableScanOperator: RECORDS_OUT_INTERMEDIATE:0, RECORDS_OUT_OPERATOR_TS_0:2, 
2024-04-24T04:59:48,121  INFO [LocalJobRunner Map Task Executor #0] exec.SelectOperator: Closing Operator: SEL[1]
2024-04-24T04:59:48,121  INFO [LocalJobRunner Map Task Executor #0] exec.SelectOperator: RECORDS_OUT_OPERATOR_SEL_1:2, RECORDS_OUT_INTERMEDIATE:0, 
2024-04-24T04:59:48,121  INFO [LocalJobRunner Map Task Executor #0] exec.ReduceSinkOperator: Closing Operator: RS[2]
2024-04-24T04:59:48,121  INFO [LocalJobRunner Map Task Executor #0] exec.ReduceSinkOperator: RS[2]: Total records written - 2. abort - false
2024-04-24T04:59:48,121  INFO [LocalJobRunner Map Task Executor #0] exec.ReduceSinkOperator: RECORDS_OUT_OPERATOR_RS_2:2, RECORDS_OUT_INTERMEDIATE:2, 
2024-04-24T04:59:48,122  INFO [LocalJobRunner Map Task Executor #0] mapred.LocalJobRunner: 
2024-04-24T04:59:48,122  INFO [LocalJobRunner Map Task Executor #0] mapred.MapTask: Starting flush of map output
2024-04-24T04:59:48,122  INFO [LocalJobRunner Map Task Executor #0] mapred.MapTask: Spilling map output
2024-04-24T04:59:48,122  INFO [LocalJobRunner Map Task Executor #0] mapred.MapTask: bufstart = 0; bufend = 410; bufvoid = 104857600
2024-04-24T04:59:48,122  INFO [LocalJobRunner Map Task Executor #0] mapred.MapTask: kvstart = 26214396(104857584); kvend = 26214392(104857568); length = 5/6553600
2024-04-24T04:59:48,130  INFO [LocalJobRunner Map Task Executor #0] mapred.MapTask: Finished spill 0
2024-04-24T04:59:48,133  INFO [LocalJobRunner Map Task Executor #0] mapred.Task: Task:attempt_local1792909133_0063_m_000001_0 is done. And is in the process of committing
2024-04-24T04:59:48,133  INFO [LocalJobRunner Map Task Executor #0] mapred.LocalJobRunner: OrcSplit [file:/home/alex/Repositories/hive/ql/target/tmp/org.apache.hadoop.hive.ql.TestTxnNoBuckets-1713959849960/warehouse/nobuckets/delta_0000001_0000001_0000/bucket_00000_0, start=0, length=714, isOriginal=false, fileLength=714, hasFooter=false, hasBase=true, deltas=0]
2024-04-24T04:59:48,133  INFO [LocalJobRunner Map Task Executor #0] mapred.Task: Task 'attempt_local1792909133_0063_m_000001_0' done.
2024-04-24T04:59:48,133  INFO [LocalJobRunner Map Task Executor #0] mapred.Task: Final Counters for attempt_local1792909133_0063_m_000001_0: Counters: 24
	File System Counters
		FILE: Number of bytes read=1576448
		FILE: Number of bytes written=75804544
		FILE: Number of read operations=0
		FILE: Number of large read operations=0
		FILE: Number of write operations=0
	Map-Reduce Framework
		Map input records=2
		Map output records=2
		Map output bytes=410
		Map output materialized bytes=422
		Input split bytes=501
		Combine input records=0
		Spilled Records=2
		Failed Shuffles=0
		Merged Map outputs=0
		GC time elapsed (ms)=0
		Total committed heap usage (bytes)=1216872448
	HIVE
		DESERIALIZE_ERRORS=0
		RECORDS_IN=2
		RECORDS_OUT_INTERMEDIATE=2
		RECORDS_OUT_OPERATOR_MAP_0=0
		RECORDS_OUT_OPERATOR_RS_2=2
		RECORDS_OUT_OPERATOR_SEL_1=2
		RECORDS_OUT_OPERATOR_TS_0=2
	File Input Format Counters 
		Bytes Read=8307
2024-04-24T04:59:48,134  INFO [LocalJobRunner Map Task Executor #0] mapred.LocalJobRunner: Finishing task: attempt_local1792909133_0063_m_000001_0
2024-04-24T04:59:48,134  INFO [Thread-4135] mapred.LocalJobRunner: map task executor complete.
2024-04-24T04:59:48,134  INFO [Thread-4135] mapred.LocalJobRunner: Waiting for reduce tasks
2024-04-24T04:59:48,135  INFO [pool-267-thread-1] mapred.LocalJobRunner: Starting task: attempt_local1792909133_0063_r_000000_0
2024-04-24T04:59:48,135  INFO [pool-267-thread-1] mapred.Task:  Using ResourceCalculatorProcessTree : [ ]
2024-04-24T04:59:48,135  INFO [pool-267-thread-1] mapred.ReduceTask: Using ShuffleConsumerPlugin: org.apache.hadoop.mapreduce.task.reduce.Shuffle@7542d927
2024-04-24T04:59:48,135  WARN [pool-267-thread-1] impl.MetricsSystemImpl: JobTracker metrics system already initialized!
2024-04-24T04:59:48,136  INFO [pool-267-thread-1] reduce.MergeManagerImpl: MergerManager: memoryLimit=1336252800, maxSingleShuffleLimit=334063200, mergeThreshold=881926912, ioSortFactor=10, memToMemMergeOutputsThreshold=10
2024-04-24T04:59:48,137  INFO [EventFetcher for fetching Map Completion Events] reduce.EventFetcher: attempt_local1792909133_0063_r_000000_0 Thread started: EventFetcher for fetching Map Completion Events
2024-04-24T04:59:48,141  INFO [localfetcher#39] reduce.LocalFetcher: localfetcher#39 about to shuffle output of map attempt_local1792909133_0063_m_000000_0 decomp: 418 len: 422 to MEMORY
2024-04-24T04:59:48,142  INFO [localfetcher#39] reduce.InMemoryMapOutput: Read 418 bytes from map-output for attempt_local1792909133_0063_m_000000_0
2024-04-24T04:59:48,142  INFO [localfetcher#39] reduce.MergeManagerImpl: closeInMemoryFile -> map-output of size: 418, inMemoryMapOutputs.size() -> 1, commitMemory -> 0, usedMemory ->418
2024-04-24T04:59:48,144  INFO [localfetcher#39] reduce.LocalFetcher: localfetcher#39 about to shuffle output of map attempt_local1792909133_0063_m_000001_0 decomp: 418 len: 422 to MEMORY
2024-04-24T04:59:48,144  INFO [localfetcher#39] reduce.InMemoryMapOutput: Read 418 bytes from map-output for attempt_local1792909133_0063_m_000001_0
2024-04-24T04:59:48,144  INFO [localfetcher#39] reduce.MergeManagerImpl: closeInMemoryFile -> map-output of size: 418, inMemoryMapOutputs.size() -> 2, commitMemory -> 418, usedMemory ->836
2024-04-24T04:59:48,144  INFO [EventFetcher for fetching Map Completion Events] reduce.EventFetcher: EventFetcher is interrupted.. Returning
2024-04-24T04:59:48,145  INFO [pool-267-thread-1] mapred.LocalJobRunner: 2 / 2 copied.
2024-04-24T04:59:48,145  INFO [pool-267-thread-1] reduce.MergeManagerImpl: finalMerge called with 2 in-memory map-outputs and 0 on-disk map-outputs
2024-04-24T04:59:48,151  INFO [pool-267-thread-1] mapred.Merger: Merging 2 sorted segments
2024-04-24T04:59:48,151  INFO [pool-267-thread-1] mapred.Merger: Down to the last merge-pass, with 2 segments left of total size: 772 bytes
2024-04-24T04:59:48,153  INFO [pool-267-thread-1] reduce.MergeManagerImpl: Merged 2 segments, 836 bytes to disk to satisfy reduce memory limit
2024-04-24T04:59:48,153  INFO [pool-267-thread-1] reduce.MergeManagerImpl: Merging 1 files, 838 bytes from disk
2024-04-24T04:59:48,153  INFO [pool-267-thread-1] reduce.MergeManagerImpl: Merging 0 segments, 0 bytes from memory into reduce
2024-04-24T04:59:48,153  INFO [pool-267-thread-1] mapred.Merger: Merging 1 sorted segments
2024-04-24T04:59:48,154  INFO [pool-267-thread-1] mapred.Merger: Down to the last merge-pass, with 1 segments left of total size: 802 bytes
2024-04-24T04:59:48,154  INFO [pool-267-thread-1] mapred.LocalJobRunner: 2 / 2 copied.
2024-04-24T04:59:48,154  INFO [pool-267-thread-1] exec.SerializationUtilities: Deserializing ReduceWork using kryo
2024-04-24T04:59:48,155  INFO [pool-267-thread-1] exec.Utilities: Deserialized plan (via FILE) - name: null size: 6,33KB
2024-04-24T04:59:48,155  INFO [pool-267-thread-1] ExecReducer: 
<SEL>Id =3
  <Children>
    <FS>Id =4
      <Children>
      <\Children>
      <Parent>Id = 3 null<\Parent>
    <\FS>
  <\Children>
  <Parent><\Parent>
<\SEL>
2024-04-24T04:59:48,155  INFO [pool-267-thread-1] exec.SelectOperator: Initializing Operator: SEL[3]
2024-04-24T04:59:48,155  INFO [pool-267-thread-1] exec.SelectOperator: SELECT struct<key:struct<reducesinkkey0:struct<writeid:bigint,bucketid:int,rowid:bigint>>,value:struct<_col0:int,_col1:int,_col2:int,_col3:string>>
2024-04-24T04:59:48,156  INFO [pool-267-thread-1] exec.FileSinkOperator: Initializing Operator: FS[4]
2024-04-24T04:59:48,156  INFO [pool-267-thread-1] exec.FileSinkOperator: Using serializer : class org.apache.hadoop.hive.serde2.lazy.LazySimpleSerDe [serdeParams=org.apache.hadoop.hive.serde2.lazy.LazySerDeParameters@3a4e12e3, cachedObjectInspector=org.apache.hadoop.hive.serde2.lazy.objectinspector.LazySimpleStructObjectInspector<org.apache.hadoop.hive.serde2.lazy.objectinspector.LazySimpleStructObjectInspector<org.apache.hadoop.hive.serde2.lazy.objectinspector.primitive.LazyLongObjectInspector@7fac3ce0,org.apache.hadoop.hive.serde2.lazy.objectinspector.primitive.LazyIntObjectInspector@3e3b41cb,org.apache.hadoop.hive.serde2.lazy.objectinspector.primitive.LazyLongObjectInspector@7fac3ce0>,org.apache.hadoop.hive.serde2.lazy.objectinspector.primitive.LazyIntObjectInspector@3e3b41cb,org.apache.hadoop.hive.serde2.lazy.objectinspector.primitive.LazyIntObjectInspector@3e3b41cb,org.apache.hadoop.hive.serde2.lazy.objectinspector.primitive.LazyIntObjectInspector@3e3b41cb,org.apache.hadoop.hive.serde2.lazy.objectinspector.primitive.LazyStringObjectInspector@441a2d52>, serializedSize=0, stats=org.apache.hadoop.hive.serde2.SerDeStats@5ed972b5, lastOperationSerialize=false, lastOperationDeserialize=false [1, 2, 3, 4, 5, 6, 7, 8, 11, 14, 15, 16, 17, 18, 19, 20, 21, 22, 23, 24, 25, 26, 28, 29, 30, 31, -128, -127, -126, -125, -124, -123, -122, -121, -120, -119, -118, -117, -116, -115, -114, -113, -112, -111, -110, -109, -108, -107, -106, -105, -104, -103, -102, -101, -100, -99, -98, -97, -96, -95, -94, -93, -92, -91, -90, -89, -88, -87, -86, -85, -84, -83, -82, -81, -80, -79, -78, -77, -76, -75, -74, -73, -72, -71, -70, -69, -68, -67, -66, -65, -64, -63, -62, -61, -60, -59, -58, -57, -56, -55, -54, -53, -52, -51, -50, -49, -48, -47, -46, -45, -44, -43, -42, -41, -40, -39, -38, -37, -36, -35, -34, -33, -32, -31, -30, -29, -28, -27, -26, -25, -24, -23, -22, -21, -20, -19, -18, -17, -16, -15, -14, -13, -12, -11, -10, -9, -8, -7, -6, -5, -4, -3, -2, -1] : [_col0, _col1, _col2, _col3, _col4] : [struct<writeid:bigint,bucketid:int,rowid:bigint>, int, int, int, string]] and formatter : org.apache.hadoop.hive.ql.io.HiveSequenceFileOutputFormat@2fdd5fc7
2024-04-24T04:59:48,156  INFO [pool-267-thread-1] exec.FileSinkOperator: Final Path: FS file:/home/alex/Repositories/hive/ql/target/tmp/localscratchdir/5b470a58-211a-4eff-9221-4e63d0eb9cb5/hive_2024-04-24_04-59-47_660_2106825548533080335-1/-mr-10001/.hive-staging_hive_2024-04-24_04-59-47_660_2106825548533080335-1/_tmp.-ext-10002/000000_0
2024-04-24T04:59:48,156  INFO [pool-267-thread-1] exec.FileSinkOperator: Writing to temp file: FS file:/home/alex/Repositories/hive/ql/target/tmp/localscratchdir/5b470a58-211a-4eff-9221-4e63d0eb9cb5/hive_2024-04-24_04-59-47_660_2106825548533080335-1/-mr-10001/.hive-staging_hive_2024-04-24_04-59-47_660_2106825548533080335-1/_task_tmp.-ext-10002/_tmp.000000_0
2024-04-24T04:59:48,156  INFO [pool-267-thread-1] exec.FileSinkOperator: New Final Path: FS file:/home/alex/Repositories/hive/ql/target/tmp/localscratchdir/5b470a58-211a-4eff-9221-4e63d0eb9cb5/hive_2024-04-24_04-59-47_660_2106825548533080335-1/-mr-10001/.hive-staging_hive_2024-04-24_04-59-47_660_2106825548533080335-1/_tmp.-ext-10002/000000_0
2024-04-24T04:59:48,163  INFO [pool-267-thread-1] exec.FileSinkOperator: FS[4]: records written - 1
2024-04-24T04:59:48,163  INFO [pool-267-thread-1] exec.SelectOperator: Closing Operator: SEL[3]
2024-04-24T04:59:48,163  INFO [pool-267-thread-1] exec.SelectOperator: RECORDS_OUT_OPERATOR_SEL_3:4, RECORDS_OUT_INTERMEDIATE:0, 
2024-04-24T04:59:48,163  INFO [pool-267-thread-1] exec.FileSinkOperator: Closing Operator: FS[4]
2024-04-24T04:59:48,163  INFO [pool-267-thread-1] exec.FileSinkOperator: FS[4]: records written - 4
2024-04-24T04:59:48,163  INFO [pool-267-thread-1] exec.FileSinkOperator: RECORDS_OUT_INTERMEDIATE:0, RECORDS_OUT_OPERATOR_FS_4:4, RECORDS_OUT_0:4, 
2024-04-24T04:59:48,164  INFO [pool-267-thread-1] mapred.Task: Task:attempt_local1792909133_0063_r_000000_0 is done. And is in the process of committing
2024-04-24T04:59:48,164  INFO [pool-267-thread-1] mapred.LocalJobRunner: reduce > reduce
2024-04-24T04:59:48,164  INFO [pool-267-thread-1] mapred.Task: Task 'attempt_local1792909133_0063_r_000000_0' done.
2024-04-24T04:59:48,164  INFO [pool-267-thread-1] mapred.Task: Final Counters for attempt_local1792909133_0063_r_000000_0: Counters: 29
	File System Counters
		FILE: Number of bytes read=1584587
		FILE: Number of bytes written=75806285
		FILE: Number of read operations=0
		FILE: Number of large read operations=0
		FILE: Number of write operations=0
	Map-Reduce Framework
		Combine input records=0
		Combine output records=0
		Reduce input groups=4
		Reduce shuffle bytes=844
		Reduce input records=4
		Reduce output records=0
		Spilled Records=4
		Shuffled Maps =2
		Failed Shuffles=0
		Merged Map outputs=2
		GC time elapsed (ms)=0
		Total committed heap usage (bytes)=1216872448
	HIVE
		CREATED_FILES=1
		RECORDS_OUT_0=4
		RECORDS_OUT_INTERMEDIATE=0
		RECORDS_OUT_OPERATOR_FS_4=4
		RECORDS_OUT_OPERATOR_SEL_3=4
	Shuffle Errors
		BAD_ID=0
		CONNECTION=0
		IO_ERROR=0
		WRONG_LENGTH=0
		WRONG_MAP=0
		WRONG_REDUCE=0
	File Output Format Counters 
		Bytes Written=0
2024-04-24T04:59:48,164  INFO [pool-267-thread-1] mapred.LocalJobRunner: Finishing task: attempt_local1792909133_0063_r_000000_0
2024-04-24T04:59:48,164  INFO [Thread-4135] mapred.LocalJobRunner: reduce task executor complete.
2024-04-24 04:59:49,081 Stage-1 map = 100%,  reduce = 100%
2024-04-24T04:59:49,082  INFO [main] exec.Task: 2024-04-24 04:59:49,081 Stage-1 map = 100%,  reduce = 100%
Ended Job = job_local1792909133_0063
2024-04-24T04:59:49,083  INFO [main] exec.Task: Ended Job = job_local1792909133_0063
2024-04-24T04:59:49,085  INFO [main] metadata.Hive: Dumping metastore api call timing information for : execution phase
2024-04-24T04:59:49,085  INFO [main] metadata.Hive: Total time spent in each metastore function (ms): {}
MapReduce Jobs Launched: 
2024-04-24T04:59:49,085  INFO [main] ql.Driver: MapReduce Jobs Launched: 
Stage-Stage-1:  HDFS Read: 0 HDFS Write: 0 SUCCESS
2024-04-24T04:59:49,085  INFO [main] ql.Driver: Stage-Stage-1:  HDFS Read: 0 HDFS Write: 0 SUCCESS
Total MapReduce CPU Time Spent: 0 msec
2024-04-24T04:59:49,085  INFO [main] ql.Driver: Total MapReduce CPU Time Spent: 0 msec
2024-04-24T04:59:49,085  INFO [main] ql.Driver: Completed executing command(queryId=alex_20240424045947_c2fe4b7d-65ba-4ddb-b15d-f5e21775764e); Time taken: 1.297 seconds
2024-04-24T04:59:49,085  INFO [main] lockmgr.DbTxnManager: Stopped heartbeat for query: alex_20240424045947_c2fe4b7d-65ba-4ddb-b15d-f5e21775764e
2024-04-24T04:59:49,089  INFO [main] txn.TxnHandler: Expected to move at least one record from txn_components to completed_txn_components when committing txn! txnid:20
2024-04-24T04:59:49,093  INFO [main] txn.TxnHandler: Removed transactions: ([20]) from MIN_HISTORY_LEVEL
2024-04-24T04:59:49,093  WARN [main] txn.CompactionTxnHandler: No compaction queue record found for Compaction type transaction commit. txnId:20
2024-04-24T04:59:49,097  INFO [main] mapred.FileInputFormat: Total input files to process : 1
2024-04-24T04:59:49,098  INFO [main] exec.ListSinkOperator: Closing Operator: LIST_SINK[5]
2024-04-24T04:59:49,098  INFO [main] exec.ListSinkOperator: RECORDS_OUT_OPERATOR_LIST_SINK_5:4, RECORDS_OUT_INTERMEDIATE:0, 
2024-04-24T04:59:49,098  WARN [main] ql.TestTxnNoBuckets: after insert
2024-04-24T04:59:49,098  WARN [main] ql.TestTxnNoBuckets: {"writeid":1,"bucketid":536870912,"rowid":0}	0	0	0	file:/home/alex/Repositories/hive/ql/target/tmp/org.apache.hadoop.hive.ql.TestTxnNoBuckets-1713959849960/warehouse/nobuckets/delta_0000001_0000001_0000/bucket_00000_0
2024-04-24T04:59:49,098  WARN [main] ql.TestTxnNoBuckets: {"writeid":1,"bucketid":536870912,"rowid":1}	3	3	3	file:/home/alex/Repositories/hive/ql/target/tmp/org.apache.hadoop.hive.ql.TestTxnNoBuckets-1713959849960/warehouse/nobuckets/delta_0000001_0000001_0000/bucket_00000_0
2024-04-24T04:59:49,098  WARN [main] ql.TestTxnNoBuckets: {"writeid":1,"bucketid":536936448,"rowid":0}	1	1	1	file:/home/alex/Repositories/hive/ql/target/tmp/org.apache.hadoop.hive.ql.TestTxnNoBuckets-1713959849960/warehouse/nobuckets/delta_0000001_0000001_0000/bucket_00001_0
2024-04-24T04:59:49,098  WARN [main] ql.TestTxnNoBuckets: {"writeid":1,"bucketid":536936448,"rowid":1}	2	2	2	file:/home/alex/Repositories/hive/ql/target/tmp/org.apache.hadoop.hive.ql.TestTxnNoBuckets-1713959849960/warehouse/nobuckets/delta_0000001_0000001_0000/bucket_00001_0
2024-04-24T04:59:49,098  INFO [main] ql.TxnCommandsBaseForTests: Running the query: explain  update nobuckets set c3 = 17 where c3 in(0,1)
2024-04-24T04:59:49,098  INFO [main] ql.Context: Deleting scratch dir: file:/home/alex/Repositories/hive/ql/target/tmp/localscratchdir/5b470a58-211a-4eff-9221-4e63d0eb9cb5/hive_2024-04-24_04-59-47_660_2106825548533080335-1
2024-04-24T04:59:49,099  INFO [main] cleanup.SyncCleanupService: Deleted directory: file:/home/alex/Repositories/hive/ql/target/tmp/localscratchdir/5b470a58-211a-4eff-9221-4e63d0eb9cb5/hive_2024-04-24_04-59-47_660_2106825548533080335-1 on fs with scheme file
2024-04-24T04:59:49,099  INFO [main] ql.Driver: Compiling command(queryId=alex_20240424045949_9a8f44f5-bae3-4246-ace3-7e8a1d37e14f): explain  update nobuckets set c3 = 17 where c3 in(0,1)
2024-04-24T04:59:49,101  INFO [main] txn.TxnHandler: Added entries to MIN_HISTORY_LEVEL for current txns: ([21]) with min_open_txn: 21
2024-04-24T04:59:49,102  INFO [main] lockmgr.DbTxnManager: Opened txnid:21
2024-04-24T04:59:49,102  INFO [main] HiveMetaStore.audit: ugi=alex	ip=unknown-ip-addr	cmd=get_table : tbl=hive.default.nobuckets	
2024-04-24T04:59:49,111  INFO [main] metastore.HMSHandler: Skipping translation for processor with null
2024-04-24T04:59:49,111  INFO [main] parse.RewriteSemanticAnalyzer: Going to reparse <explain  update nobuckets set c3 = 17 where c3 in(0,1)> as 
<insert into table `default`.`nobuckets` select ROW__ID,`c1`,`c2`,`c3` from `default`.`nobuckets` sort by ROW__ID >
2024-04-24T04:59:49,111  INFO [main] parse.UpdateDeleteSemanticAnalyzer: Starting Semantic Analysis
2024-04-24T04:59:49,114  INFO [main] HiveMetaStore.audit: ugi=alex	ip=unknown-ip-addr	cmd=get_table : tbl=hive.default.nobuckets	
2024-04-24T04:59:49,122  INFO [main] metastore.HMSHandler: Skipping translation for processor with null
2024-04-24T04:59:49,122  INFO [main] parse.UpdateDeleteSemanticAnalyzer: Completed phase 1 of Semantic Analysis
2024-04-24T04:59:49,122  INFO [main] parse.UpdateDeleteSemanticAnalyzer: Get metadata for source tables
2024-04-24T04:59:49,122  INFO [main] parse.UpdateDeleteSemanticAnalyzer: Get metadata for subqueries
2024-04-24T04:59:49,122  INFO [main] parse.UpdateDeleteSemanticAnalyzer: Get metadata for destination tables
2024-04-24T04:59:49,122  INFO [main] HiveMetaStore.audit: ugi=alex	ip=unknown-ip-addr	cmd=get_table : tbl=hive.default.nobuckets	
2024-04-24T04:59:49,129  INFO [main] metastore.HMSHandler: Skipping translation for processor with null
2024-04-24T04:59:49,129  INFO [main] parse.UpdateDeleteSemanticAnalyzer: Completed getting MetaData in Semantic Analysis
2024-04-24T04:59:49,129  INFO [main] parse.UpdateDeleteSemanticAnalyzer: Disabling LLAP IO encode as ETL query is detected
2024-04-24T04:59:49,142  INFO [main] HiveMetaStore.audit: ugi=alex	ip=unknown-ip-addr	cmd=get_all_table_constraints : tbl=hive.default.nobuckets	
2024-04-24T04:59:49,149  INFO [main] HiveMetaStore.audit: ugi=alex	ip=unknown-ip-addr	cmd=get_not_null_constraints : tbl=hive.default.nobuckets	
2024-04-24T04:59:49,150  INFO [main] HiveMetaStore.audit: ugi=alex	ip=unknown-ip-addr	cmd=get_check_constraints : tbl=hive.default.nobuckets	
2024-04-24T04:59:49,171  INFO [main] calcite.RelOptHiveTable: Calculating column statistics for default.nobuckets, projIndxSet: [0, 1, 2], allowMissingStats: true
2024-04-24T04:59:49,172  INFO [main] HiveMetaStore.audit: ugi=alex	ip=unknown-ip-addr	cmd=get_table_statistics_req: table=hive.default.nobuckets	
2024-04-24T04:59:49,180  WARN [main] calcite.RelOptHiveTable: No Stats for default@nobuckets, Columns: c1, c3, c2
No Stats for default@nobuckets, Columns: c1, c3, c2
2024-04-24T04:59:49,181  INFO [main] SessionState: No Stats for default@nobuckets, Columns: c1, c3, c2
2024-04-24T04:59:49,237  INFO [main] parse.UpdateDeleteSemanticAnalyzer: Get metadata for source tables
2024-04-24T04:59:49,237  INFO [main] parse.UpdateDeleteSemanticAnalyzer: Get metadata for subqueries
2024-04-24T04:59:49,237  INFO [main] parse.UpdateDeleteSemanticAnalyzer: Get metadata for destination tables
2024-04-24T04:59:49,237  INFO [main] HiveMetaStore.audit: ugi=alex	ip=unknown-ip-addr	cmd=get_table : tbl=hive.default.nobuckets	
2024-04-24T04:59:49,244  INFO [main] metastore.HMSHandler: Skipping translation for processor with null
2024-04-24T04:59:49,248  INFO [main] parse.UpdateDeleteSemanticAnalyzer: CBO Succeeded; optimized logical plan.
2024-04-24T04:59:49,252  INFO [main] optimizer.ColumnPrunerProcFactory: RS 5 oldColExprMap: {VALUE._col3=Column[_col3], VALUE._col2=Column[_col2], VALUE._col0=Column[_col0], VALUE._col1=Column[_col1]}
2024-04-24T04:59:49,252  INFO [main] optimizer.ColumnPrunerProcFactory: RS 5 newColExprMap: {VALUE._col3=Column[_col3], VALUE._col2=Column[_col2], VALUE._col0=Column[_col0], VALUE._col1=Column[_col1]}
2024-04-24T04:59:49,252  INFO [main] optimizer.ColumnPrunerProcFactory: RS 3 oldColExprMap: {VALUE._col0=Column[_col1], VALUE._col1=Column[_col2], KEY.reducesinkkey0=Column[_col0]}
2024-04-24T04:59:49,252  INFO [main] optimizer.ColumnPrunerProcFactory: RS 3 newColExprMap: {VALUE._col0=Column[_col1], KEY.reducesinkkey0=Column[_col0], VALUE._col1=Column[_col2]}
2024-04-24T04:59:49,253  INFO [main] optimizer.ColumnPrunerProcFactory: RS 3 oldColExprMap: {VALUE._col0=Column[_col1], KEY.reducesinkkey0=Column[_col0], VALUE._col1=Column[_col2]}
2024-04-24T04:59:49,253  INFO [main] optimizer.ColumnPrunerProcFactory: RS 3 newColExprMap: {VALUE._col1=Column[_col2], VALUE._col0=Column[_col1], KEY.reducesinkkey0=Column[_col0]}
2024-04-24T04:59:49,254  INFO [main] optimizer.BucketVersionPopulator: not considering bucketingVersion for: TS[0] because it has -1<2 buckets 
2024-04-24T04:59:49,272  INFO [main] optimizer.SortedDynPartitionOptimizer: Sorted dynamic partitioning optimization kicked in..
2024-04-24T04:59:49,280  INFO [main] HiveMetaStore.audit: ugi=alex	ip=unknown-ip-addr	cmd=get_table : tbl=hive.default.nobuckets	
2024-04-24T04:59:49,287  INFO [main] metastore.HMSHandler: Skipping translation for processor with null
2024-04-24T04:59:49,288  INFO [main] physical.Vectorizer: Examining input format to see if vectorization is enabled.
2024-04-24T04:59:49,288  INFO [main] physical.Vectorizer: Vectorization is enabled for input format(s) [org.apache.hadoop.hive.ql.io.orc.OrcInputFormat]
2024-04-24T04:59:49,288  INFO [main] physical.Vectorizer: Validating and vectorizing MapWork... (vectorizedVertexNum 0)
2024-04-24T04:59:49,291  INFO [main] physical.Vectorizer: Map vectorization enabled: true
2024-04-24T04:59:49,291  INFO [main] physical.Vectorizer: Map vectorized: true
2024-04-24T04:59:49,291  INFO [main] physical.Vectorizer: Map vectorizedVertexNum: 0
2024-04-24T04:59:49,291  INFO [main] physical.Vectorizer: Map enabledConditionsMet: [hive.vectorized.use.vectorized.input.format IS true]
2024-04-24T04:59:49,291  INFO [main] physical.Vectorizer: Map inputFileFormatClassNameSet: [org.apache.hadoop.hive.ql.io.orc.OrcInputFormat]
2024-04-24T04:59:49,291  INFO [main] physical.Vectorizer: Reduce vectorization enabled: false
2024-04-24T04:59:49,291  INFO [main] physical.Vectorizer: Reduce vectorized: false
2024-04-24T04:59:49,291  INFO [main] physical.Vectorizer: Reduce vectorizedVertexNum: 1
2024-04-24T04:59:49,291  INFO [main] physical.Vectorizer: Reducer hive.vectorized.execution.reduce.enabled: true
2024-04-24T04:59:49,291  INFO [main] physical.Vectorizer: Reducer engine: mr
2024-04-24T04:59:49,291  INFO [main] parse.UpdateDeleteSemanticAnalyzer: Completed plan generation
2024-04-24T04:59:49,295  INFO [main] ql.Driver: Semantic Analysis Completed (retrial = false)
2024-04-24T04:59:49,296  INFO [main] ql.Driver: Created Hive schema: Schema(fieldSchemas:[FieldSchema(name:Explain, type:string, comment:null)], properties:null)
2024-04-24T04:59:49,296  INFO [main] metadata.Hive: Dumping metastore api call timing information for : compilation phase
2024-04-24T04:59:49,296  INFO [main] metadata.Hive: Total time spent in each metastore function (ms): {getTableColumnStatistics_(String, String, List, String)=8, isCompatibleWith_(Configuration)=0, getValidWriteIds_(List, String)=3, getTable_(GetTableRequest)=38, commitTxn_(CommitTxnRequest)=9, getValidTxns_(long)=0, getAllTableConstraints_(AllTableConstraintsRequest)=5, flushCache_()=0, getNotNullConstraints_(NotNullConstraintsRequest)=1, getCheckConstraints_(CheckConstraintsRequest)=1, openTxn_(String, TxnType)=2}
2024-04-24T04:59:49,296  INFO [main] ql.Driver: Completed compiling command(queryId=alex_20240424045949_9a8f44f5-bae3-4246-ace3-7e8a1d37e14f); Time taken: 0.197 seconds
2024-04-24T04:59:49,296  INFO [main] ql.Driver: Executing command(queryId=alex_20240424045949_9a8f44f5-bae3-4246-ace3-7e8a1d37e14f): explain  update nobuckets set c3 = 17 where c3 in(0,1)
2024-04-24T04:59:49,297  INFO [main] ql.Driver: Starting task [Stage-3:EXPLAIN] in serial mode
2024-04-24T04:59:49,319  INFO [main] metadata.Hive: Dumping metastore api call timing information for : execution phase
2024-04-24T04:59:49,319  INFO [main] metadata.Hive: Total time spent in each metastore function (ms): {}
2024-04-24T04:59:49,319  INFO [main] ql.Driver: Completed executing command(queryId=alex_20240424045949_9a8f44f5-bae3-4246-ace3-7e8a1d37e14f); Time taken: 0.023 seconds
2024-04-24T04:59:49,320  INFO [main] lockmgr.DbTxnManager: Stopped heartbeat for query: null
2024-04-24T04:59:49,324  INFO [main] txn.TxnHandler: Expected to move at least one record from txn_components to completed_txn_components when committing txn! txnid:21
2024-04-24T04:59:49,328  INFO [main] txn.TxnHandler: Removed transactions: ([21]) from MIN_HISTORY_LEVEL
2024-04-24T04:59:49,328  WARN [main] txn.CompactionTxnHandler: No compaction queue record found for Compaction type transaction commit. txnId:21
2024-04-24T04:59:49,330  WARN [main] ql.TestTxnNoBuckets: Query Plan: 
2024-04-24T04:59:49,330  WARN [main] ql.TestTxnNoBuckets: STAGE DEPENDENCIES:
2024-04-24T04:59:49,330  WARN [main] ql.TestTxnNoBuckets:   Stage-1 is a root stage
2024-04-24T04:59:49,330  WARN [main] ql.TestTxnNoBuckets:   Stage-0 depends on stages: Stage-1
2024-04-24T04:59:49,330  WARN [main] ql.TestTxnNoBuckets:   Stage-2 depends on stages: Stage-0
2024-04-24T04:59:49,330  WARN [main] ql.TestTxnNoBuckets: 
2024-04-24T04:59:49,330  WARN [main] ql.TestTxnNoBuckets: STAGE PLANS:
2024-04-24T04:59:49,330  WARN [main] ql.TestTxnNoBuckets:   Stage: Stage-1
2024-04-24T04:59:49,330  WARN [main] ql.TestTxnNoBuckets:     Map Reduce
2024-04-24T04:59:49,330  WARN [main] ql.TestTxnNoBuckets:       Map Operator Tree:
2024-04-24T04:59:49,330  WARN [main] ql.TestTxnNoBuckets:           TableScan
2024-04-24T04:59:49,330  WARN [main] ql.TestTxnNoBuckets:             alias: nobuckets
2024-04-24T04:59:49,330  WARN [main] ql.TestTxnNoBuckets:             filterExpr: (c3) IN (0, 1) (type: boolean)
2024-04-24T04:59:49,330  WARN [main] ql.TestTxnNoBuckets:             Statistics: Num rows: 4 Data size: 48 Basic stats: COMPLETE Column stats: NONE
2024-04-24T04:59:49,330  WARN [main] ql.TestTxnNoBuckets:             Filter Operator
2024-04-24T04:59:49,330  WARN [main] ql.TestTxnNoBuckets:               predicate: (c3) IN (0, 1) (type: boolean)
2024-04-24T04:59:49,330  WARN [main] ql.TestTxnNoBuckets:               Statistics: Num rows: 4 Data size: 48 Basic stats: COMPLETE Column stats: NONE
2024-04-24T04:59:49,330  WARN [main] ql.TestTxnNoBuckets:               Select Operator
2024-04-24T04:59:49,330  WARN [main] ql.TestTxnNoBuckets:                 expressions: ROW__ID (type: struct<writeid:bigint,bucketid:int,rowid:bigint>), c1 (type: int), c2 (type: int)
2024-04-24T04:59:49,330  WARN [main] ql.TestTxnNoBuckets:                 outputColumnNames: _col0, _col1, _col2
2024-04-24T04:59:49,330  WARN [main] ql.TestTxnNoBuckets:                 Statistics: Num rows: 4 Data size: 48 Basic stats: COMPLETE Column stats: NONE
2024-04-24T04:59:49,330  WARN [main] ql.TestTxnNoBuckets:                 Reduce Output Operator
2024-04-24T04:59:49,330  WARN [main] ql.TestTxnNoBuckets:                   key expressions: _col0 (type: struct<writeid:bigint,bucketid:int,rowid:bigint>)
2024-04-24T04:59:49,330  WARN [main] ql.TestTxnNoBuckets:                   null sort order: z
2024-04-24T04:59:49,330  WARN [main] ql.TestTxnNoBuckets:                   sort order: +
2024-04-24T04:59:49,330  WARN [main] ql.TestTxnNoBuckets:                   Map-reduce partition columns: UDFToInteger(_col0) (type: int)
2024-04-24T04:59:49,330  WARN [main] ql.TestTxnNoBuckets:                   Statistics: Num rows: 4 Data size: 48 Basic stats: COMPLETE Column stats: NONE
2024-04-24T04:59:49,330  WARN [main] ql.TestTxnNoBuckets:                   value expressions: _col1 (type: int), _col2 (type: int)
2024-04-24T04:59:49,330  WARN [main] ql.TestTxnNoBuckets:       Execution mode: vectorized
2024-04-24T04:59:49,330  WARN [main] ql.TestTxnNoBuckets:       Reduce Operator Tree:
2024-04-24T04:59:49,330  WARN [main] ql.TestTxnNoBuckets:         Select Operator
2024-04-24T04:59:49,330  WARN [main] ql.TestTxnNoBuckets:           expressions: KEY.reducesinkkey0 (type: struct<writeid:bigint,bucketid:int,rowid:bigint>), VALUE._col0 (type: int), VALUE._col1 (type: int), 17 (type: int)
2024-04-24T04:59:49,330  WARN [main] ql.TestTxnNoBuckets:           outputColumnNames: _col0, _col1, _col2, _col3
2024-04-24T04:59:49,330  WARN [main] ql.TestTxnNoBuckets:           Statistics: Num rows: 4 Data size: 48 Basic stats: COMPLETE Column stats: NONE
2024-04-24T04:59:49,330  WARN [main] ql.TestTxnNoBuckets:           File Output Operator
2024-04-24T04:59:49,330  WARN [main] ql.TestTxnNoBuckets:             compressed: false
2024-04-24T04:59:49,330  WARN [main] ql.TestTxnNoBuckets:             Statistics: Num rows: 4 Data size: 48 Basic stats: COMPLETE Column stats: NONE
2024-04-24T04:59:49,330  WARN [main] ql.TestTxnNoBuckets:             table:
2024-04-24T04:59:49,330  WARN [main] ql.TestTxnNoBuckets:                 input format: org.apache.hadoop.hive.ql.io.orc.OrcInputFormat
2024-04-24T04:59:49,330  WARN [main] ql.TestTxnNoBuckets:                 output format: org.apache.hadoop.hive.ql.io.orc.OrcOutputFormat
2024-04-24T04:59:49,330  WARN [main] ql.TestTxnNoBuckets:                 serde: org.apache.hadoop.hive.ql.io.orc.OrcSerde
2024-04-24T04:59:49,330  WARN [main] ql.TestTxnNoBuckets:                 name: default.nobuckets
2024-04-24T04:59:49,330  WARN [main] ql.TestTxnNoBuckets:             Write Type: UPDATE
2024-04-24T04:59:49,330  WARN [main] ql.TestTxnNoBuckets: 
2024-04-24T04:59:49,330  WARN [main] ql.TestTxnNoBuckets:   Stage: Stage-0
2024-04-24T04:59:49,330  WARN [main] ql.TestTxnNoBuckets:     Move Operator
2024-04-24T04:59:49,330  WARN [main] ql.TestTxnNoBuckets:       tables:
2024-04-24T04:59:49,330  WARN [main] ql.TestTxnNoBuckets:           replace: false
2024-04-24T04:59:49,330  WARN [main] ql.TestTxnNoBuckets:           table:
2024-04-24T04:59:49,330  WARN [main] ql.TestTxnNoBuckets:               input format: org.apache.hadoop.hive.ql.io.orc.OrcInputFormat
2024-04-24T04:59:49,330  WARN [main] ql.TestTxnNoBuckets:               output format: org.apache.hadoop.hive.ql.io.orc.OrcOutputFormat
2024-04-24T04:59:49,330  WARN [main] ql.TestTxnNoBuckets:               serde: org.apache.hadoop.hive.ql.io.orc.OrcSerde
2024-04-24T04:59:49,330  WARN [main] ql.TestTxnNoBuckets:               name: default.nobuckets
2024-04-24T04:59:49,330  WARN [main] ql.TestTxnNoBuckets:           Write Type: UPDATE
2024-04-24T04:59:49,330  WARN [main] ql.TestTxnNoBuckets: 
2024-04-24T04:59:49,330  WARN [main] ql.TestTxnNoBuckets:   Stage: Stage-2
2024-04-24T04:59:49,330  WARN [main] ql.TestTxnNoBuckets:     Stats Work
2024-04-24T04:59:49,330  WARN [main] ql.TestTxnNoBuckets:       Basic Stats Work:
2024-04-24T04:59:49,330  WARN [main] ql.TestTxnNoBuckets: 
2024-04-24T04:59:49,330  INFO [main] ql.TxnCommandsBaseForTests: Running the query: update nobuckets set c3 = 17 where c3 in(0,1)
2024-04-24T04:59:49,330  INFO [main] ql.Context: Deleting scratch dir: file:/home/alex/Repositories/hive/ql/target/tmp/localscratchdir/5b470a58-211a-4eff-9221-4e63d0eb9cb5/hive_2024-04-24_04-59-49_111_5975838350519189182-1
2024-04-24T04:59:49,330  INFO [main] ql.Context: Deleting scratch dir: file:/home/alex/Repositories/hive/ql/target/tmp/localscratchdir/5b470a58-211a-4eff-9221-4e63d0eb9cb5/hive_2024-04-24_04-59-49_099_8635760339651337695-1
2024-04-24T04:59:49,331  INFO [main] cleanup.SyncCleanupService: Deleted directory: file:/home/alex/Repositories/hive/ql/target/tmp/localscratchdir/5b470a58-211a-4eff-9221-4e63d0eb9cb5/hive_2024-04-24_04-59-49_099_8635760339651337695-1 on fs with scheme file
2024-04-24T04:59:49,331  INFO [main] ql.Driver: Compiling command(queryId=alex_20240424045949_96c903e6-4a34-406d-9420-7b5fab9653f2): update nobuckets set c3 = 17 where c3 in(0,1)
2024-04-24T04:59:49,333  INFO [main] txn.TxnHandler: Added entries to MIN_HISTORY_LEVEL for current txns: ([22]) with min_open_txn: 21
2024-04-24T04:59:49,333  INFO [main] lockmgr.DbTxnManager: Opened txnid:22
2024-04-24T04:59:49,334  INFO [main] parse.UpdateDeleteSemanticAnalyzer: Starting caching scope for: 
2024-04-24T04:59:49,334  INFO [main] HiveMetaStore.audit: ugi=alex	ip=unknown-ip-addr	cmd=get_table : tbl=hive.default.nobuckets	
2024-04-24T04:59:49,340  INFO [main] metastore.HMSHandler: Skipping translation for processor with null
2024-04-24T04:59:49,340  INFO [main] parse.RewriteSemanticAnalyzer: Going to reparse <update nobuckets set c3 = 17 where c3 in(0,1)> as 
<insert into table `default`.`nobuckets` select ROW__ID,`c1`,`c2`,`c3` from `default`.`nobuckets` sort by ROW__ID >
2024-04-24T04:59:49,341  INFO [main] parse.UpdateDeleteSemanticAnalyzer: Starting Semantic Analysis
2024-04-24T04:59:49,344  INFO [main] HiveMetaStore.audit: ugi=alex	ip=unknown-ip-addr	cmd=get_table : tbl=hive.default.nobuckets	
2024-04-24T04:59:49,350  INFO [main] metastore.HMSHandler: Skipping translation for processor with null
2024-04-24T04:59:49,350  INFO [main] parse.UpdateDeleteSemanticAnalyzer: Completed phase 1 of Semantic Analysis
2024-04-24T04:59:49,350  INFO [main] parse.UpdateDeleteSemanticAnalyzer: Get metadata for source tables
2024-04-24T04:59:49,351  INFO [main] parse.UpdateDeleteSemanticAnalyzer: Get metadata for subqueries
2024-04-24T04:59:49,351  INFO [main] parse.UpdateDeleteSemanticAnalyzer: Get metadata for destination tables
2024-04-24T04:59:49,351  INFO [main] HiveMetaStore.audit: ugi=alex	ip=unknown-ip-addr	cmd=get_table : tbl=hive.default.nobuckets	
2024-04-24T04:59:49,358  INFO [main] metastore.HMSHandler: Skipping translation for processor with null
2024-04-24T04:59:49,358  INFO [main] parse.UpdateDeleteSemanticAnalyzer: Completed getting MetaData in Semantic Analysis
2024-04-24T04:59:49,358  INFO [main] parse.UpdateDeleteSemanticAnalyzer: Disabling LLAP IO encode as ETL query is detected
2024-04-24T04:59:49,370  INFO [main] HiveMetaStore.audit: ugi=alex	ip=unknown-ip-addr	cmd=get_all_table_constraints : tbl=hive.default.nobuckets	
2024-04-24T04:59:49,377  INFO [main] HiveMetaStore.audit: ugi=alex	ip=unknown-ip-addr	cmd=get_not_null_constraints : tbl=hive.default.nobuckets	
2024-04-24T04:59:49,378  INFO [main] HiveMetaStore.audit: ugi=alex	ip=unknown-ip-addr	cmd=get_check_constraints : tbl=hive.default.nobuckets	
2024-04-24T04:59:49,398  INFO [main] calcite.RelOptHiveTable: Calculating column statistics for default.nobuckets, projIndxSet: [0, 1, 2], allowMissingStats: true
2024-04-24T04:59:49,399  INFO [main] HiveMetaStore.audit: ugi=alex	ip=unknown-ip-addr	cmd=get_table_statistics_req: table=hive.default.nobuckets	
2024-04-24T04:59:49,407  WARN [main] calcite.RelOptHiveTable: No Stats for default@nobuckets, Columns: c1, c2, c3
No Stats for default@nobuckets, Columns: c1, c2, c3
2024-04-24T04:59:49,407  INFO [main] SessionState: No Stats for default@nobuckets, Columns: c1, c2, c3
2024-04-24T04:59:49,464  INFO [main] parse.UpdateDeleteSemanticAnalyzer: Get metadata for source tables
2024-04-24T04:59:49,464  INFO [main] parse.UpdateDeleteSemanticAnalyzer: Get metadata for subqueries
2024-04-24T04:59:49,464  INFO [main] parse.UpdateDeleteSemanticAnalyzer: Get metadata for destination tables
2024-04-24T04:59:49,464  INFO [main] HiveMetaStore.audit: ugi=alex	ip=unknown-ip-addr	cmd=get_table : tbl=hive.default.nobuckets	
2024-04-24T04:59:49,471  INFO [main] metastore.HMSHandler: Skipping translation for processor with null
2024-04-24T04:59:49,473 ERROR [main] parse.UpdateDeleteSemanticAnalyzer: CBO failed, skipping CBO. 
org.apache.hadoop.hive.ql.exec.NoMatchingMethodException: No matching method for class org.apache.hadoop.hive.ql.udf.UDFToInteger with (struct<writeid:bigint,bucketid:int,rowid:bigint>). Possible choices: _FUNC_(bigint)  _FUNC_(boolean)  _FUNC_(decimal(38,18))  _FUNC_(double)  _FUNC_(float)  _FUNC_(smallint)  _FUNC_(string)  _FUNC_(struct<bucketid:bigint,rowid:bigint,writeid:int>)  _FUNC_(timestamp)  _FUNC_(tinyint)  _FUNC_(void)  
	at org.apache.hadoop.hive.ql.exec.MethodUtils.getMethodInternal(MethodUtils.java:130) ~[classes/:?]
	at org.apache.hadoop.hive.ql.exec.MethodUtils.getMethodInternal(MethodUtils.java:60) ~[classes/:?]
	at org.apache.hadoop.hive.ql.exec.DefaultUDFMethodResolver.getEvalMethod(DefaultUDFMethodResolver.java:59) ~[classes/:?]
	at org.apache.hadoop.hive.ql.udf.TimestampCastRestrictorResolver.getEvalMethod(TimestampCastRestrictorResolver.java:68) ~[classes/:?]
	at org.apache.hadoop.hive.ql.udf.generic.GenericUDFBridge.initialize(GenericUDFBridge.java:168) ~[classes/:?]
	at org.apache.hadoop.hive.ql.udf.generic.GenericUDF.initializeAndFoldConstants(GenericUDF.java:149) ~[classes/:?]
	at org.apache.hadoop.hive.ql.plan.ExprNodeGenericFuncDesc.newInstance(ExprNodeGenericFuncDesc.java:235) ~[classes/:?]
	at org.apache.hadoop.hive.ql.parse.type.ExprNodeDescExprFactory.createFuncCallExpr(ExprNodeDescExprFactory.java:584) ~[classes/:?]
	at org.apache.hadoop.hive.ql.parse.type.ExprNodeDescExprFactory.createFuncCallExpr(ExprNodeDescExprFactory.java:97) ~[classes/:?]
	at org.apache.hadoop.hive.ql.parse.type.TypeCheckProcFactory$DefaultExprProcessor.getFuncExprNodeDescWithUdfData(TypeCheckProcFactory.java:762) ~[classes/:?]
	at org.apache.hadoop.hive.ql.parse.type.TypeCheckProcFactory$DefaultExprProcessor.createConversionCast(TypeCheckProcFactory.java:783) ~[classes/:?]
	at org.apache.hadoop.hive.ql.parse.SemanticAnalyzer.getPartitionColsFromBucketColsForUpdateDelete(SemanticAnalyzer.java:8725) ~[classes/:?]
	at org.apache.hadoop.hive.ql.parse.SemanticAnalyzer.genBucketingSortingDest(SemanticAnalyzer.java:6914) ~[classes/:?]
	at org.apache.hadoop.hive.ql.parse.SemanticAnalyzer.genFileSinkPlan(SemanticAnalyzer.java:7335) ~[classes/:?]
	at org.apache.hadoop.hive.ql.parse.SemanticAnalyzer.genPostGroupByBodyPlan(SemanticAnalyzer.java:11063) ~[classes/:?]
	at org.apache.hadoop.hive.ql.parse.SemanticAnalyzer.genBodyPlan(SemanticAnalyzer.java:10938) ~[classes/:?]
	at org.apache.hadoop.hive.ql.parse.SemanticAnalyzer.genPlan(SemanticAnalyzer.java:11853) ~[classes/:?]
	at org.apache.hadoop.hive.ql.parse.SemanticAnalyzer.genPlan(SemanticAnalyzer.java:11723) ~[classes/:?]
	at org.apache.hadoop.hive.ql.parse.CalcitePlanner.genOPTree(CalcitePlanner.java:626) ~[classes/:?]
	at org.apache.hadoop.hive.ql.parse.SemanticAnalyzer.analyzeInternal(SemanticAnalyzer.java:12558) ~[classes/:?]
	at org.apache.hadoop.hive.ql.parse.CalcitePlanner.analyzeInternal(CalcitePlanner.java:456) ~[classes/:?]
	at org.apache.hadoop.hive.ql.parse.RewriteSemanticAnalyzer.analyzeInternal(RewriteSemanticAnalyzer.java:67) ~[classes/:?]
	at org.apache.hadoop.hive.ql.parse.BaseSemanticAnalyzer.analyze(BaseSemanticAnalyzer.java:317) ~[classes/:?]
	at org.apache.hadoop.hive.ql.parse.UpdateDeleteSemanticAnalyzer.reparseAndSuperAnalyze(UpdateDeleteSemanticAnalyzer.java:208) ~[classes/:?]
	at org.apache.hadoop.hive.ql.parse.UpdateDeleteSemanticAnalyzer.analyzeUpdate(UpdateDeleteSemanticAnalyzer.java:63) ~[classes/:?]
	at org.apache.hadoop.hive.ql.parse.UpdateDeleteSemanticAnalyzer.analyze(UpdateDeleteSemanticAnalyzer.java:53) ~[classes/:?]
	at org.apache.hadoop.hive.ql.parse.RewriteSemanticAnalyzer.analyzeInternal(RewriteSemanticAnalyzer.java:72) ~[classes/:?]
	at org.apache.hadoop.hive.ql.parse.BaseSemanticAnalyzer.analyze(BaseSemanticAnalyzer.java:317) ~[classes/:?]
	at org.apache.hadoop.hive.ql.Compiler.analyze(Compiler.java:223) ~[classes/:?]
	at org.apache.hadoop.hive.ql.Compiler.compile(Compiler.java:105) ~[classes/:?]
	at org.apache.hadoop.hive.ql.Driver.compile(Driver.java:500) ~[classes/:?]
	at org.apache.hadoop.hive.ql.Driver.compileInternal(Driver.java:453) ~[classes/:?]
	at org.apache.hadoop.hive.ql.Driver.runInternal(Driver.java:181) ~[classes/:?]
	at org.apache.hadoop.hive.ql.Driver.run(Driver.java:153) ~[classes/:?]
	at org.apache.hadoop.hive.ql.Driver.run(Driver.java:140) ~[classes/:?]
	at org.apache.hadoop.hive.ql.TxnCommandsBaseForTests.runStatementOnDriver(TxnCommandsBaseForTests.java:245) ~[test-classes/:?]
	at org.apache.hadoop.hive.ql.TestTxnNoBuckets.testNoBuckets(TestTxnNoBuckets.java:115) ~[test-classes/:?]
	at sun.reflect.NativeMethodAccessorImpl.invoke0(Native Method) ~[?:1.8.0_402]
	at sun.reflect.NativeMethodAccessorImpl.invoke(NativeMethodAccessorImpl.java:62) ~[?:1.8.0_402]
	at sun.reflect.DelegatingMethodAccessorImpl.invoke(DelegatingMethodAccessorImpl.java:43) ~[?:1.8.0_402]
	at java.lang.reflect.Method.invoke(Method.java:498) ~[?:1.8.0_402]
	at org.junit.runners.model.FrameworkMethod$1.runReflectiveCall(FrameworkMethod.java:59) ~[junit-4.13.jar:4.13]
	at org.junit.internal.runners.model.ReflectiveCallable.run(ReflectiveCallable.java:12) ~[junit-4.13.jar:4.13]
	at org.junit.runners.model.FrameworkMethod.invokeExplosively(FrameworkMethod.java:56) ~[junit-4.13.jar:4.13]
	at org.junit.internal.runners.statements.InvokeMethod.evaluate(InvokeMethod.java:17) ~[junit-4.13.jar:4.13]
	at org.junit.internal.runners.statements.RunBefores.evaluate(RunBefores.java:26) ~[junit-4.13.jar:4.13]
	at org.junit.internal.runners.statements.RunAfters.evaluate(RunAfters.java:27) ~[junit-4.13.jar:4.13]
	at org.junit.rules.TestWatcher$1.evaluate(TestWatcher.java:61) ~[junit-4.13.jar:4.13]
	at org.junit.runners.ParentRunner$3.evaluate(ParentRunner.java:306) ~[junit-4.13.jar:4.13]
	at org.junit.runners.BlockJUnit4ClassRunner$1.evaluate(BlockJUnit4ClassRunner.java:100) ~[junit-4.13.jar:4.13]
	at org.junit.runners.ParentRunner.runLeaf(ParentRunner.java:366) ~[junit-4.13.jar:4.13]
	at org.junit.runners.BlockJUnit4ClassRunner.runChild(BlockJUnit4ClassRunner.java:103) ~[junit-4.13.jar:4.13]
	at org.junit.runners.BlockJUnit4ClassRunner.runChild(BlockJUnit4ClassRunner.java:63) ~[junit-4.13.jar:4.13]
	at org.junit.runners.ParentRunner$4.run(ParentRunner.java:331) ~[junit-4.13.jar:4.13]
	at org.junit.runners.ParentRunner$1.schedule(ParentRunner.java:79) ~[junit-4.13.jar:4.13]
	at org.junit.runners.ParentRunner.runChildren(ParentRunner.java:329) ~[junit-4.13.jar:4.13]
	at org.junit.runners.ParentRunner.access$100(ParentRunner.java:66) ~[junit-4.13.jar:4.13]
	at org.junit.runners.ParentRunner$2.evaluate(ParentRunner.java:293) ~[junit-4.13.jar:4.13]
	at org.junit.runners.ParentRunner$3.evaluate(ParentRunner.java:306) ~[junit-4.13.jar:4.13]
	at org.junit.runners.ParentRunner.run(ParentRunner.java:413) ~[junit-4.13.jar:4.13]
	at org.junit.runner.JUnitCore.run(JUnitCore.java:137) ~[junit-4.13.jar:4.13]
	at org.junit.runner.JUnitCore.run(JUnitCore.java:115) ~[junit-4.13.jar:4.13]
	at org.junit.vintage.engine.execution.RunnerExecutor.execute(RunnerExecutor.java:43) ~[junit-vintage-engine-5.6.2.jar:5.6.2]
	at java.util.stream.ForEachOps$ForEachOp$OfRef.accept(ForEachOps.java:183) ~[?:1.8.0_402]
	at java.util.stream.ReferencePipeline$3$1.accept(ReferencePipeline.java:193) ~[?:1.8.0_402]
	at java.util.Iterator.forEachRemaining(Iterator.java:116) ~[?:1.8.0_402]
	at java.util.Spliterators$IteratorSpliterator.forEachRemaining(Spliterators.java:1801) ~[?:1.8.0_402]
	at java.util.stream.AbstractPipeline.copyInto(AbstractPipeline.java:482) ~[?:1.8.0_402]
	at java.util.stream.AbstractPipeline.wrapAndCopyInto(AbstractPipeline.java:472) ~[?:1.8.0_402]
	at java.util.stream.ForEachOps$ForEachOp.evaluateSequential(ForEachOps.java:150) ~[?:1.8.0_402]
	at java.util.stream.ForEachOps$ForEachOp$OfRef.evaluateSequential(ForEachOps.java:173) ~[?:1.8.0_402]
	at java.util.stream.AbstractPipeline.evaluate(AbstractPipeline.java:234) ~[?:1.8.0_402]
	at java.util.stream.ReferencePipeline.forEach(ReferencePipeline.java:485) ~[?:1.8.0_402]
	at org.junit.vintage.engine.VintageTestEngine.executeAllChildren(VintageTestEngine.java:82) ~[junit-vintage-engine-5.6.2.jar:5.6.2]
	at org.junit.vintage.engine.VintageTestEngine.execute(VintageTestEngine.java:73) ~[junit-vintage-engine-5.6.2.jar:5.6.2]
	at org.junit.platform.launcher.core.DefaultLauncher.execute(DefaultLauncher.java:248) ~[junit-platform-launcher-1.6.2.jar:1.6.2]
	at org.junit.platform.launcher.core.DefaultLauncher.lambda$execute$5(DefaultLauncher.java:211) ~[junit-platform-launcher-1.6.2.jar:1.6.2]
	at org.junit.platform.launcher.core.DefaultLauncher.withInterceptedStreams(DefaultLauncher.java:226) [junit-platform-launcher-1.6.2.jar:1.6.2]
	at org.junit.platform.launcher.core.DefaultLauncher.execute(DefaultLauncher.java:199) [junit-platform-launcher-1.6.2.jar:1.6.2]
	at org.junit.platform.launcher.core.DefaultLauncher.execute(DefaultLauncher.java:132) [junit-platform-launcher-1.6.2.jar:1.6.2]
	at org.apache.maven.surefire.junitplatform.JUnitPlatformProvider.invokeAllTests(JUnitPlatformProvider.java:154) [surefire-junit-platform-3.0.0-M4.jar:3.0.0-M4]
	at org.apache.maven.surefire.junitplatform.JUnitPlatformProvider.invoke(JUnitPlatformProvider.java:123) [surefire-junit-platform-3.0.0-M4.jar:3.0.0-M4]
	at org.apache.maven.surefire.booter.ForkedBooter.runSuitesInProcess(ForkedBooter.java:377) [surefire-booter-3.0.0-M4.jar:3.0.0-M4]
	at org.apache.maven.surefire.booter.ForkedBooter.execute(ForkedBooter.java:138) [surefire-booter-3.0.0-M4.jar:3.0.0-M4]
	at org.apache.maven.surefire.booter.ForkedBooter.run(ForkedBooter.java:465) [surefire-booter-3.0.0-M4.jar:3.0.0-M4]
	at org.apache.maven.surefire.booter.ForkedBooter.main(ForkedBooter.java:451) [surefire-booter-3.0.0-M4.jar:3.0.0-M4]
2024-04-24T04:59:49,474 ERROR [main] parse.UpdateDeleteSemanticAnalyzer: CBO failed due to missing column stats (see previous errors), skipping CBO
2024-04-24T04:59:49,474  INFO [main] parse.UpdateDeleteSemanticAnalyzer: Ending caching scope for: 
FAILED: NoMatchingMethodException No matching method for class org.apache.hadoop.hive.ql.udf.UDFToInteger with (struct<writeid:bigint,bucketid:int,rowid:bigint>). Possible choices: _FUNC_(bigint)  _FUNC_(boolean)  _FUNC_(decimal(38,18))  _FUNC_(double)  _FUNC_(float)  _FUNC_(smallint)  _FUNC_(string)  _FUNC_(struct<bucketid:bigint,rowid:bigint,writeid:int>)  _FUNC_(timestamp)  _FUNC_(tinyint)  _FUNC_(void)  
2024-04-24T04:59:49,475 ERROR [main] ql.Driver: FAILED: NoMatchingMethodException No matching method for class org.apache.hadoop.hive.ql.udf.UDFToInteger with (struct<writeid:bigint,bucketid:int,rowid:bigint>). Possible choices: _FUNC_(bigint)  _FUNC_(boolean)  _FUNC_(decimal(38,18))  _FUNC_(double)  _FUNC_(float)  _FUNC_(smallint)  _FUNC_(string)  _FUNC_(struct<bucketid:bigint,rowid:bigint,writeid:int>)  _FUNC_(timestamp)  _FUNC_(tinyint)  _FUNC_(void)  
org.apache.hadoop.hive.ql.exec.NoMatchingMethodException: No matching method for class org.apache.hadoop.hive.ql.udf.UDFToInteger with (struct<writeid:bigint,bucketid:int,rowid:bigint>). Possible choices: _FUNC_(bigint)  _FUNC_(boolean)  _FUNC_(decimal(38,18))  _FUNC_(double)  _FUNC_(float)  _FUNC_(smallint)  _FUNC_(string)  _FUNC_(struct<bucketid:bigint,rowid:bigint,writeid:int>)  _FUNC_(timestamp)  _FUNC_(tinyint)  _FUNC_(void)  
	at org.apache.hadoop.hive.ql.exec.MethodUtils.getMethodInternal(MethodUtils.java:130)
	at org.apache.hadoop.hive.ql.exec.MethodUtils.getMethodInternal(MethodUtils.java:60)
	at org.apache.hadoop.hive.ql.exec.DefaultUDFMethodResolver.getEvalMethod(DefaultUDFMethodResolver.java:59)
	at org.apache.hadoop.hive.ql.udf.TimestampCastRestrictorResolver.getEvalMethod(TimestampCastRestrictorResolver.java:68)
	at org.apache.hadoop.hive.ql.udf.generic.GenericUDFBridge.initialize(GenericUDFBridge.java:168)
	at org.apache.hadoop.hive.ql.udf.generic.GenericUDF.initializeAndFoldConstants(GenericUDF.java:149)
	at org.apache.hadoop.hive.ql.plan.ExprNodeGenericFuncDesc.newInstance(ExprNodeGenericFuncDesc.java:235)
	at org.apache.hadoop.hive.ql.parse.type.ExprNodeDescExprFactory.createFuncCallExpr(ExprNodeDescExprFactory.java:584)
	at org.apache.hadoop.hive.ql.parse.type.ExprNodeDescExprFactory.createFuncCallExpr(ExprNodeDescExprFactory.java:97)
	at org.apache.hadoop.hive.ql.parse.type.TypeCheckProcFactory$DefaultExprProcessor.getFuncExprNodeDescWithUdfData(TypeCheckProcFactory.java:762)
	at org.apache.hadoop.hive.ql.parse.type.TypeCheckProcFactory$DefaultExprProcessor.createConversionCast(TypeCheckProcFactory.java:783)
	at org.apache.hadoop.hive.ql.parse.SemanticAnalyzer.getPartitionColsFromBucketColsForUpdateDelete(SemanticAnalyzer.java:8725)
	at org.apache.hadoop.hive.ql.parse.SemanticAnalyzer.genBucketingSortingDest(SemanticAnalyzer.java:6914)
	at org.apache.hadoop.hive.ql.parse.SemanticAnalyzer.genFileSinkPlan(SemanticAnalyzer.java:7335)
	at org.apache.hadoop.hive.ql.parse.SemanticAnalyzer.genPostGroupByBodyPlan(SemanticAnalyzer.java:11063)
	at org.apache.hadoop.hive.ql.parse.SemanticAnalyzer.genBodyPlan(SemanticAnalyzer.java:10938)
	at org.apache.hadoop.hive.ql.parse.SemanticAnalyzer.genPlan(SemanticAnalyzer.java:11853)
	at org.apache.hadoop.hive.ql.parse.SemanticAnalyzer.genPlan(SemanticAnalyzer.java:11723)
	at org.apache.hadoop.hive.ql.parse.CalcitePlanner.genOPTree(CalcitePlanner.java:626)
	at org.apache.hadoop.hive.ql.parse.SemanticAnalyzer.analyzeInternal(SemanticAnalyzer.java:12558)
	at org.apache.hadoop.hive.ql.parse.CalcitePlanner.analyzeInternal(CalcitePlanner.java:456)
	at org.apache.hadoop.hive.ql.parse.RewriteSemanticAnalyzer.analyzeInternal(RewriteSemanticAnalyzer.java:67)
	at org.apache.hadoop.hive.ql.parse.BaseSemanticAnalyzer.analyze(BaseSemanticAnalyzer.java:317)
	at org.apache.hadoop.hive.ql.parse.UpdateDeleteSemanticAnalyzer.reparseAndSuperAnalyze(UpdateDeleteSemanticAnalyzer.java:208)
	at org.apache.hadoop.hive.ql.parse.UpdateDeleteSemanticAnalyzer.analyzeUpdate(UpdateDeleteSemanticAnalyzer.java:63)
	at org.apache.hadoop.hive.ql.parse.UpdateDeleteSemanticAnalyzer.analyze(UpdateDeleteSemanticAnalyzer.java:53)
	at org.apache.hadoop.hive.ql.parse.RewriteSemanticAnalyzer.analyzeInternal(RewriteSemanticAnalyzer.java:72)
	at org.apache.hadoop.hive.ql.parse.BaseSemanticAnalyzer.analyze(BaseSemanticAnalyzer.java:317)
	at org.apache.hadoop.hive.ql.Compiler.analyze(Compiler.java:223)
	at org.apache.hadoop.hive.ql.Compiler.compile(Compiler.java:105)
	at org.apache.hadoop.hive.ql.Driver.compile(Driver.java:500)
	at org.apache.hadoop.hive.ql.Driver.compileInternal(Driver.java:453)
	at org.apache.hadoop.hive.ql.Driver.runInternal(Driver.java:181)
	at org.apache.hadoop.hive.ql.Driver.run(Driver.java:153)
	at org.apache.hadoop.hive.ql.Driver.run(Driver.java:140)
	at org.apache.hadoop.hive.ql.TxnCommandsBaseForTests.runStatementOnDriver(TxnCommandsBaseForTests.java:245)
	at org.apache.hadoop.hive.ql.TestTxnNoBuckets.testNoBuckets(TestTxnNoBuckets.java:115)
	at sun.reflect.NativeMethodAccessorImpl.invoke0(Native Method)
	at sun.reflect.NativeMethodAccessorImpl.invoke(NativeMethodAccessorImpl.java:62)
	at sun.reflect.DelegatingMethodAccessorImpl.invoke(DelegatingMethodAccessorImpl.java:43)
	at java.lang.reflect.Method.invoke(Method.java:498)
	at org.junit.runners.model.FrameworkMethod$1.runReflectiveCall(FrameworkMethod.java:59)
	at org.junit.internal.runners.model.ReflectiveCallable.run(ReflectiveCallable.java:12)
	at org.junit.runners.model.FrameworkMethod.invokeExplosively(FrameworkMethod.java:56)
	at org.junit.internal.runners.statements.InvokeMethod.evaluate(InvokeMethod.java:17)
	at org.junit.internal.runners.statements.RunBefores.evaluate(RunBefores.java:26)
	at org.junit.internal.runners.statements.RunAfters.evaluate(RunAfters.java:27)
	at org.junit.rules.TestWatcher$1.evaluate(TestWatcher.java:61)
	at org.junit.runners.ParentRunner$3.evaluate(ParentRunner.java:306)
	at org.junit.runners.BlockJUnit4ClassRunner$1.evaluate(BlockJUnit4ClassRunner.java:100)
	at org.junit.runners.ParentRunner.runLeaf(ParentRunner.java:366)
	at org.junit.runners.BlockJUnit4ClassRunner.runChild(BlockJUnit4ClassRunner.java:103)
	at org.junit.runners.BlockJUnit4ClassRunner.runChild(BlockJUnit4ClassRunner.java:63)
	at org.junit.runners.ParentRunner$4.run(ParentRunner.java:331)
	at org.junit.runners.ParentRunner$1.schedule(ParentRunner.java:79)
	at org.junit.runners.ParentRunner.runChildren(ParentRunner.java:329)
	at org.junit.runners.ParentRunner.access$100(ParentRunner.java:66)
	at org.junit.runners.ParentRunner$2.evaluate(ParentRunner.java:293)
	at org.junit.runners.ParentRunner$3.evaluate(ParentRunner.java:306)
	at org.junit.runners.ParentRunner.run(ParentRunner.java:413)
	at org.junit.runner.JUnitCore.run(JUnitCore.java:137)
	at org.junit.runner.JUnitCore.run(JUnitCore.java:115)
	at org.junit.vintage.engine.execution.RunnerExecutor.execute(RunnerExecutor.java:43)
	at java.util.stream.ForEachOps$ForEachOp$OfRef.accept(ForEachOps.java:183)
	at java.util.stream.ReferencePipeline$3$1.accept(ReferencePipeline.java:193)
	at java.util.Iterator.forEachRemaining(Iterator.java:116)
	at java.util.Spliterators$IteratorSpliterator.forEachRemaining(Spliterators.java:1801)
	at java.util.stream.AbstractPipeline.copyInto(AbstractPipeline.java:482)
	at java.util.stream.AbstractPipeline.wrapAndCopyInto(AbstractPipeline.java:472)
	at java.util.stream.ForEachOps$ForEachOp.evaluateSequential(ForEachOps.java:150)
	at java.util.stream.ForEachOps$ForEachOp$OfRef.evaluateSequential(ForEachOps.java:173)
	at java.util.stream.AbstractPipeline.evaluate(AbstractPipeline.java:234)
	at java.util.stream.ReferencePipeline.forEach(ReferencePipeline.java:485)
	at org.junit.vintage.engine.VintageTestEngine.executeAllChildren(VintageTestEngine.java:82)
	at org.junit.vintage.engine.VintageTestEngine.execute(VintageTestEngine.java:73)
	at org.junit.platform.launcher.core.DefaultLauncher.execute(DefaultLauncher.java:248)
	at org.junit.platform.launcher.core.DefaultLauncher.lambda$execute$5(DefaultLauncher.java:211)
	at org.junit.platform.launcher.core.DefaultLauncher.withInterceptedStreams(DefaultLauncher.java:226)
	at org.junit.platform.launcher.core.DefaultLauncher.execute(DefaultLauncher.java:199)
	at org.junit.platform.launcher.core.DefaultLauncher.execute(DefaultLauncher.java:132)
	at org.apache.maven.surefire.junitplatform.JUnitPlatformProvider.invokeAllTests(JUnitPlatformProvider.java:154)
	at org.apache.maven.surefire.junitplatform.JUnitPlatformProvider.invoke(JUnitPlatformProvider.java:123)
	at org.apache.maven.surefire.booter.ForkedBooter.runSuitesInProcess(ForkedBooter.java:377)
	at org.apache.maven.surefire.booter.ForkedBooter.execute(ForkedBooter.java:138)
	at org.apache.maven.surefire.booter.ForkedBooter.run(ForkedBooter.java:465)
	at org.apache.maven.surefire.booter.ForkedBooter.main(ForkedBooter.java:451)

2024-04-24T04:59:49,475  INFO [main] metadata.Hive: Dumping metastore api call timing information for : compilation phase
2024-04-24T04:59:49,475  INFO [main] metadata.Hive: Total time spent in each metastore function (ms): {getTableColumnStatistics_(String, String, List, String)=8, getAllTableConstraints_(AllTableConstraintsRequest)=5, getCheckConstraints_(CheckConstraintsRequest)=0, openTxn_(String, TxnType)=1, getNotNullConstraints_(NotNullConstraintsRequest)=1, getValidTxns_(long)=1, commitTxn_(CommitTxnRequest)=9, isCompatibleWith_(Configuration)=1, flushCache_()=0, getTable_(GetTableRequest)=26, getValidWriteIds_(List, String)=3}
2024-04-24T04:59:49,475  INFO [main] ql.Driver: Completed compiling command(queryId=alex_20240424045949_96c903e6-4a34-406d-9420-7b5fab9653f2); Time taken: 0.144 seconds
2024-04-24T04:59:49,475  INFO [main] lockmgr.DbTxnManager: Stopped heartbeat for query: null
2024-04-24T04:59:49,478  INFO [main] txn.TxnHandler: Removed transactions: ([22]) from MIN_HISTORY_LEVEL
2024-04-24T04:59:49,483  INFO [main] ql.TxnCommandsBaseForTests: Running the query: drop table if exists acidTbl
2024-04-24T04:59:49,484  INFO [main] ql.Driver: Compiling command(queryId=alex_20240424045949_5e05fc9a-e1ba-4b9f-aa23-b8f286c89640): drop table if exists acidTbl
2024-04-24T04:59:49,486  INFO [main] txn.TxnHandler: Added entries to MIN_HISTORY_LEVEL for current txns: ([23]) with min_open_txn: 21
2024-04-24T04:59:49,486  INFO [main] lockmgr.DbTxnManager: Opened txnid:23
2024-04-24T04:59:49,487  INFO [main] HiveMetaStore.audit: ugi=alex	ip=unknown-ip-addr	cmd=get_table : tbl=hive.default.acidTbl	
2024-04-24T04:59:49,493  INFO [main] metastore.HMSHandler: Skipping translation for processor with null
2024-04-24T04:59:49,493  INFO [main] ql.Driver: Semantic Analysis Completed (retrial = false)
2024-04-24T04:59:49,493  INFO [main] ql.Driver: Created Hive schema: Schema(fieldSchemas:null, properties:null)
2024-04-24T04:59:49,493  INFO [main] metadata.Hive: Dumping metastore api call timing information for : compilation phase
2024-04-24T04:59:49,493  INFO [main] metadata.Hive: Total time spent in each metastore function (ms): {rollbackTxn_(long)=8, isCompatibleWith_(Configuration)=0, flushCache_()=0, openTxn_(String, TxnType)=2, getValidTxns_(long)=0, getTable_(GetTableRequest)=6}
2024-04-24T04:59:49,494  INFO [main] ql.Driver: Completed compiling command(queryId=alex_20240424045949_5e05fc9a-e1ba-4b9f-aa23-b8f286c89640); Time taken: 0.009 seconds
2024-04-24T04:59:49,494  INFO [main] lockmgr.DbTxnManager: Setting lock request transaction to txnid:23 for queryId=alex_20240424045949_5e05fc9a-e1ba-4b9f-aa23-b8f286c89640
2024-04-24T04:59:49,494  INFO [main] lockmgr.DbLockManager: Requesting lock for queryId=alex_20240424045949_5e05fc9a-e1ba-4b9f-aa23-b8f286c89640
2024-04-24T04:59:49,506  INFO [main] lockmgr.DbLockManager: Response to queryId=alex_20240424045949_5e05fc9a-e1ba-4b9f-aa23-b8f286c89640 LockResponse(lockid:15, state:ACQUIRED)
2024-04-24T04:59:49,506  INFO [main] ql.Driver: Operation DROPTABLE obtained 1 locks
2024-04-24T04:59:49,506  INFO [main] ql.Driver: Executing command(queryId=alex_20240424045949_5e05fc9a-e1ba-4b9f-aa23-b8f286c89640): drop table if exists acidTbl
2024-04-24T04:59:49,506  INFO [main] ql.Driver: Starting task [Stage-0:DDL] in serial mode
2024-04-24T04:59:49,507  INFO [main] HiveMetaStore.audit: ugi=alex	ip=unknown-ip-addr	cmd=get_table : tbl=hive.default.acidTbl	
2024-04-24T04:59:49,513  INFO [main] metastore.HMSHandler: Skipping translation for processor with null
2024-04-24T04:59:49,513  INFO [main] HiveMetaStore.audit: ugi=alex	ip=unknown-ip-addr	cmd=get_table : tbl=hive.default.acidTbl	
2024-04-24T04:59:49,519  INFO [main] metastore.HMSHandler: Skipping translation for processor with null
2024-04-24T04:59:49,519  INFO [main] HiveMetaStore.audit: ugi=alex	ip=unknown-ip-addr	cmd=drop_table : tbl=hive.default.acidTbl	
2024-04-24T04:59:49,615  INFO [main] metadata.Hive: Dumping metastore api call timing information for : execution phase
2024-04-24T04:59:49,615  INFO [main] metadata.Hive: Total time spent in each metastore function (ms): {dropTable_(String, String, boolean, boolean, boolean)=101, isCompatibleWith_(Configuration)=0, getTable_(GetTableRequest)=6}
2024-04-24T04:59:49,615  INFO [main] ql.Driver: Completed executing command(queryId=alex_20240424045949_5e05fc9a-e1ba-4b9f-aa23-b8f286c89640); Time taken: 0.109 seconds
2024-04-24T04:59:49,615  INFO [main] lockmgr.DbTxnManager: Stopped heartbeat for query: alex_20240424045949_5e05fc9a-e1ba-4b9f-aa23-b8f286c89640
2024-04-24T04:59:49,618  INFO [main] txn.TxnHandler: Expected to move at least one record from txn_components to completed_txn_components when committing txn! txnid:23
2024-04-24T04:59:49,623  INFO [main] txn.TxnHandler: Removed transactions: ([23]) from MIN_HISTORY_LEVEL
2024-04-24T04:59:49,623  WARN [main] txn.CompactionTxnHandler: No compaction queue record found for Compaction type transaction commit. txnId:23
2024-04-24T04:59:49,623  INFO [main] ql.TxnCommandsBaseForTests: Running the query: drop table if exists acidTblPart
2024-04-24T04:59:49,624  INFO [main] ql.Driver: Compiling command(queryId=alex_20240424045949_43eb0c35-9943-4fb3-ba22-93dfc7b25e13): drop table if exists acidTblPart
2024-04-24T04:59:49,626  INFO [main] txn.TxnHandler: Added entries to MIN_HISTORY_LEVEL for current txns: ([24]) with min_open_txn: 21
2024-04-24T04:59:49,626  INFO [main] lockmgr.DbTxnManager: Opened txnid:24
2024-04-24T04:59:49,626  INFO [main] HiveMetaStore.audit: ugi=alex	ip=unknown-ip-addr	cmd=get_table : tbl=hive.default.acidTblPart	
2024-04-24T04:59:49,633  INFO [main] metastore.HMSHandler: Skipping translation for processor with null
2024-04-24T04:59:49,633  INFO [main] ql.Driver: Semantic Analysis Completed (retrial = false)
2024-04-24T04:59:49,633  INFO [main] ql.Driver: Created Hive schema: Schema(fieldSchemas:null, properties:null)
2024-04-24T04:59:49,633  INFO [main] metadata.Hive: Dumping metastore api call timing information for : compilation phase
2024-04-24T04:59:49,633  INFO [main] metadata.Hive: Total time spent in each metastore function (ms): {commitTxn_(CommitTxnRequest)=8, openTxn_(String, TxnType)=2, getTable_(GetTableRequest)=7, isCompatibleWith_(Configuration)=0, getValidTxns_(long)=0, flushCache_()=0}
2024-04-24T04:59:49,633  INFO [main] ql.Driver: Completed compiling command(queryId=alex_20240424045949_43eb0c35-9943-4fb3-ba22-93dfc7b25e13); Time taken: 0.009 seconds
2024-04-24T04:59:49,633  INFO [main] lockmgr.DbTxnManager: Setting lock request transaction to txnid:24 for queryId=alex_20240424045949_43eb0c35-9943-4fb3-ba22-93dfc7b25e13
2024-04-24T04:59:49,634  INFO [main] lockmgr.DbLockManager: Requesting lock for queryId=alex_20240424045949_43eb0c35-9943-4fb3-ba22-93dfc7b25e13
2024-04-24T04:59:49,647  INFO [main] lockmgr.DbLockManager: Response to queryId=alex_20240424045949_43eb0c35-9943-4fb3-ba22-93dfc7b25e13 LockResponse(lockid:16, state:ACQUIRED)
2024-04-24T04:59:49,647  INFO [main] ql.Driver: Operation DROPTABLE obtained 1 locks
2024-04-24T04:59:49,647  INFO [main] ql.Driver: Executing command(queryId=alex_20240424045949_43eb0c35-9943-4fb3-ba22-93dfc7b25e13): drop table if exists acidTblPart
2024-04-24T04:59:49,647  INFO [main] ql.Driver: Starting task [Stage-0:DDL] in serial mode
2024-04-24T04:59:49,647  INFO [main] HiveMetaStore.audit: ugi=alex	ip=unknown-ip-addr	cmd=get_table : tbl=hive.default.acidTblPart	
2024-04-24T04:59:49,654  INFO [main] metastore.HMSHandler: Skipping translation for processor with null
2024-04-24T04:59:49,654  INFO [main] HiveMetaStore.audit: ugi=alex	ip=unknown-ip-addr	cmd=get_table : tbl=hive.default.acidTblPart	
2024-04-24T04:59:49,661  INFO [main] metastore.HMSHandler: Skipping translation for processor with null
2024-04-24T04:59:49,661  INFO [main] HiveMetaStore.audit: ugi=alex	ip=unknown-ip-addr	cmd=drop_table : tbl=hive.default.acidTblPart	
2024-04-24T04:59:49,702  INFO [main] metadata.Hive: Dumping metastore api call timing information for : execution phase
2024-04-24T04:59:49,702  INFO [main] metadata.Hive: Total time spent in each metastore function (ms): {isCompatibleWith_(Configuration)=0, dropTable_(String, String, boolean, boolean, boolean)=48, getTable_(GetTableRequest)=7}
2024-04-24T04:59:49,702  INFO [main] ql.Driver: Completed executing command(queryId=alex_20240424045949_43eb0c35-9943-4fb3-ba22-93dfc7b25e13); Time taken: 0.055 seconds
2024-04-24T04:59:49,702  INFO [main] lockmgr.DbTxnManager: Stopped heartbeat for query: alex_20240424045949_43eb0c35-9943-4fb3-ba22-93dfc7b25e13
2024-04-24T04:59:49,706  INFO [main] txn.TxnHandler: Expected to move at least one record from txn_components to completed_txn_components when committing txn! txnid:24
2024-04-24T04:59:49,711  INFO [main] txn.TxnHandler: Removed transactions: ([24]) from MIN_HISTORY_LEVEL
2024-04-24T04:59:49,711  WARN [main] txn.CompactionTxnHandler: No compaction queue record found for Compaction type transaction commit. txnId:24
2024-04-24T04:59:49,712  INFO [main] ql.TxnCommandsBaseForTests: Running the query: drop table if exists acidTbl2
2024-04-24T04:59:49,712  INFO [main] ql.Driver: Compiling command(queryId=alex_20240424045949_14aadd90-d73a-4bcb-8ba7-e0de322eb459): drop table if exists acidTbl2
2024-04-24T04:59:49,714  INFO [main] txn.TxnHandler: Added entries to MIN_HISTORY_LEVEL for current txns: ([25]) with min_open_txn: 21
2024-04-24T04:59:49,714  INFO [main] lockmgr.DbTxnManager: Opened txnid:25
2024-04-24T04:59:49,715  INFO [main] ql.Driver: Semantic Analysis Completed (retrial = false)
2024-04-24T04:59:49,715  INFO [main] ql.Driver: Created Hive schema: Schema(fieldSchemas:null, properties:null)
2024-04-24T04:59:49,715  INFO [main] metadata.Hive: Dumping metastore api call timing information for : compilation phase
2024-04-24T04:59:49,715  INFO [main] metadata.Hive: Total time spent in each metastore function (ms): {getValidTxns_(long)=0, getTable_(GetTableRequest)=0, commitTxn_(CommitTxnRequest)=10, flushCache_()=0, isCompatibleWith_(Configuration)=1, openTxn_(String, TxnType)=1}
2024-04-24T04:59:49,715  INFO [main] ql.Driver: Completed compiling command(queryId=alex_20240424045949_14aadd90-d73a-4bcb-8ba7-e0de322eb459); Time taken: 0.003 seconds
2024-04-24T04:59:49,716  INFO [main] lockmgr.DbTxnManager: Setting lock request transaction to txnid:25 for queryId=alex_20240424045949_14aadd90-d73a-4bcb-8ba7-e0de322eb459
2024-04-24T04:59:49,716  INFO [main] ql.Driver: Operation DROPTABLE obtained 0 locks
2024-04-24T04:59:49,716  INFO [main] ql.Driver: Executing command(queryId=alex_20240424045949_14aadd90-d73a-4bcb-8ba7-e0de322eb459): drop table if exists acidTbl2
2024-04-24T04:59:49,716  INFO [main] ql.Driver: Starting task [Stage-0:DDL] in serial mode
2024-04-24T04:59:49,716  INFO [main] metadata.SessionHiveMetaStoreClient: Column stats doesn't exist for db=default temp table=acidTbl2
2024-04-24T04:59:49,716  INFO [main] metadata.Hive: Dumping metastore api call timing information for : execution phase
2024-04-24T04:59:49,717  INFO [main] metadata.Hive: Total time spent in each metastore function (ms): {getTable_(GetTableRequest)=0, dropTable_(String, String, boolean, boolean, boolean)=0, isCompatibleWith_(Configuration)=0}
2024-04-24T04:59:49,717  INFO [main] ql.Driver: Completed executing command(queryId=alex_20240424045949_14aadd90-d73a-4bcb-8ba7-e0de322eb459); Time taken: 0.0 seconds
2024-04-24T04:59:49,717  INFO [main] lockmgr.DbTxnManager: Stopped heartbeat for query: alex_20240424045949_14aadd90-d73a-4bcb-8ba7-e0de322eb459
2024-04-24T04:59:49,721  INFO [main] txn.TxnHandler: Expected to move at least one record from txn_components to completed_txn_components when committing txn! txnid:25
2024-04-24T04:59:49,725  INFO [main] txn.TxnHandler: Removed transactions: ([25]) from MIN_HISTORY_LEVEL
2024-04-24T04:59:49,725  WARN [main] txn.CompactionTxnHandler: No compaction queue record found for Compaction type transaction commit. txnId:25
2024-04-24T04:59:49,726  INFO [main] ql.TxnCommandsBaseForTests: Running the query: drop table if exists nonAcidOrcTbl
2024-04-24T04:59:49,726  INFO [main] ql.Driver: Compiling command(queryId=alex_20240424045949_71398675-cdb4-4131-8723-8f836a448e08): drop table if exists nonAcidOrcTbl
2024-04-24T04:59:49,728  INFO [main] txn.TxnHandler: Added entries to MIN_HISTORY_LEVEL for current txns: ([26]) with min_open_txn: 21
2024-04-24T04:59:49,728  INFO [main] lockmgr.DbTxnManager: Opened txnid:26
2024-04-24T04:59:49,729  INFO [main] HiveMetaStore.audit: ugi=alex	ip=unknown-ip-addr	cmd=get_table : tbl=hive.default.nonAcidOrcTbl	
2024-04-24T04:59:49,747  INFO [main] metastore.HMSHandler: Skipping translation for processor with null
2024-04-24T04:59:49,747  INFO [main] ql.Driver: Semantic Analysis Completed (retrial = false)
2024-04-24T04:59:49,747  INFO [main] ql.Driver: Created Hive schema: Schema(fieldSchemas:null, properties:null)
2024-04-24T04:59:49,747  INFO [main] metadata.Hive: Dumping metastore api call timing information for : compilation phase
2024-04-24T04:59:49,747  INFO [main] metadata.Hive: Total time spent in each metastore function (ms): {openTxn_(String, TxnType)=1, getTable_(GetTableRequest)=18, getValidTxns_(long)=0, flushCache_()=0, isCompatibleWith_(Configuration)=0, commitTxn_(CommitTxnRequest)=9}
2024-04-24T04:59:49,747  INFO [main] ql.Driver: Completed compiling command(queryId=alex_20240424045949_71398675-cdb4-4131-8723-8f836a448e08); Time taken: 0.021 seconds
2024-04-24T04:59:49,748  INFO [main] lockmgr.DbTxnManager: Setting lock request transaction to txnid:26 for queryId=alex_20240424045949_71398675-cdb4-4131-8723-8f836a448e08
2024-04-24T04:59:49,748  INFO [main] lockmgr.DbLockManager: Requesting lock for queryId=alex_20240424045949_71398675-cdb4-4131-8723-8f836a448e08
2024-04-24T04:59:49,762  INFO [main] lockmgr.DbLockManager: Response to queryId=alex_20240424045949_71398675-cdb4-4131-8723-8f836a448e08 LockResponse(lockid:17, state:ACQUIRED)
2024-04-24T04:59:49,762  INFO [main] ql.Driver: Operation DROPTABLE obtained 1 locks
2024-04-24T04:59:49,762  INFO [main] ql.Driver: Executing command(queryId=alex_20240424045949_71398675-cdb4-4131-8723-8f836a448e08): drop table if exists nonAcidOrcTbl
2024-04-24T04:59:49,762  INFO [main] ql.Driver: Starting task [Stage-0:DDL] in serial mode
2024-04-24T04:59:49,762  INFO [main] HiveMetaStore.audit: ugi=alex	ip=unknown-ip-addr	cmd=get_table : tbl=hive.default.nonAcidOrcTbl	
2024-04-24T04:59:49,771  INFO [main] metastore.HMSHandler: Skipping translation for processor with null
2024-04-24T04:59:49,771  INFO [main] HiveMetaStore.audit: ugi=alex	ip=unknown-ip-addr	cmd=get_table : tbl=hive.default.nonAcidOrcTbl	
2024-04-24T04:59:49,779  INFO [main] metastore.HMSHandler: Skipping translation for processor with null
2024-04-24T04:59:49,779  INFO [main] HiveMetaStore.audit: ugi=alex	ip=unknown-ip-addr	cmd=drop_table : tbl=hive.default.nonAcidOrcTbl	
2024-04-24T04:59:49,872  INFO [main] metadata.Hive: Dumping metastore api call timing information for : execution phase
2024-04-24T04:59:49,872  INFO [main] metadata.Hive: Total time spent in each metastore function (ms): {dropTable_(String, String, boolean, boolean, boolean)=100, getTable_(GetTableRequest)=9, isCompatibleWith_(Configuration)=0}
2024-04-24T04:59:49,872  INFO [main] ql.Driver: Completed executing command(queryId=alex_20240424045949_71398675-cdb4-4131-8723-8f836a448e08); Time taken: 0.11 seconds
2024-04-24T04:59:49,872  INFO [main] lockmgr.DbTxnManager: Stopped heartbeat for query: alex_20240424045949_71398675-cdb4-4131-8723-8f836a448e08
2024-04-24T04:59:49,875  INFO [main] txn.TxnHandler: Expected to move at least one record from txn_components to completed_txn_components when committing txn! txnid:26
2024-04-24T04:59:49,880  INFO [main] txn.TxnHandler: Removed transactions: ([26]) from MIN_HISTORY_LEVEL
2024-04-24T04:59:49,880  WARN [main] txn.CompactionTxnHandler: No compaction queue record found for Compaction type transaction commit. txnId:26
2024-04-24T04:59:49,881  INFO [main] ql.TxnCommandsBaseForTests: Running the query: drop table if exists nonAcidOrcTbl2
2024-04-24T04:59:49,881  INFO [main] ql.Driver: Compiling command(queryId=alex_20240424045949_6bf51fb9-6dcb-43b3-9787-9f0c2cd4578d): drop table if exists nonAcidOrcTbl2
2024-04-24T04:59:49,883  INFO [main] txn.TxnHandler: Added entries to MIN_HISTORY_LEVEL for current txns: ([27]) with min_open_txn: 21
2024-04-24T04:59:49,883  INFO [main] lockmgr.DbTxnManager: Opened txnid:27
2024-04-24T04:59:49,884  INFO [main] HiveMetaStore.audit: ugi=alex	ip=unknown-ip-addr	cmd=get_table : tbl=hive.default.nonAcidOrcTbl2	
2024-04-24T04:59:49,893  INFO [main] metastore.HMSHandler: Skipping translation for processor with null
2024-04-24T04:59:49,893  INFO [main] ql.Driver: Semantic Analysis Completed (retrial = false)
2024-04-24T04:59:49,893  INFO [main] ql.Driver: Created Hive schema: Schema(fieldSchemas:null, properties:null)
2024-04-24T04:59:49,893  INFO [main] metadata.Hive: Dumping metastore api call timing information for : compilation phase
2024-04-24T04:59:49,893  INFO [main] metadata.Hive: Total time spent in each metastore function (ms): {isCompatibleWith_(Configuration)=0, commitTxn_(CommitTxnRequest)=9, openTxn_(String, TxnType)=2, flushCache_()=0, getValidTxns_(long)=1, getTable_(GetTableRequest)=9}
2024-04-24T04:59:49,893  INFO [main] ql.Driver: Completed compiling command(queryId=alex_20240424045949_6bf51fb9-6dcb-43b3-9787-9f0c2cd4578d); Time taken: 0.012 seconds
2024-04-24T04:59:49,893  INFO [main] lockmgr.DbTxnManager: Setting lock request transaction to txnid:27 for queryId=alex_20240424045949_6bf51fb9-6dcb-43b3-9787-9f0c2cd4578d
2024-04-24T04:59:49,894  INFO [main] lockmgr.DbLockManager: Requesting lock for queryId=alex_20240424045949_6bf51fb9-6dcb-43b3-9787-9f0c2cd4578d
2024-04-24T04:59:49,908  INFO [main] lockmgr.DbLockManager: Response to queryId=alex_20240424045949_6bf51fb9-6dcb-43b3-9787-9f0c2cd4578d LockResponse(lockid:18, state:ACQUIRED)
2024-04-24T04:59:49,908  INFO [main] ql.Driver: Operation DROPTABLE obtained 1 locks
2024-04-24T04:59:49,908  INFO [main] ql.Driver: Executing command(queryId=alex_20240424045949_6bf51fb9-6dcb-43b3-9787-9f0c2cd4578d): drop table if exists nonAcidOrcTbl2
2024-04-24T04:59:49,908  INFO [main] ql.Driver: Starting task [Stage-0:DDL] in serial mode
2024-04-24T04:59:49,908  INFO [main] HiveMetaStore.audit: ugi=alex	ip=unknown-ip-addr	cmd=get_table : tbl=hive.default.nonAcidOrcTbl2	
2024-04-24T04:59:49,916  INFO [main] metastore.HMSHandler: Skipping translation for processor with null
2024-04-24T04:59:49,916  INFO [main] HiveMetaStore.audit: ugi=alex	ip=unknown-ip-addr	cmd=get_table : tbl=hive.default.nonAcidOrcTbl2	
2024-04-24T04:59:49,924  INFO [main] metastore.HMSHandler: Skipping translation for processor with null
2024-04-24T04:59:49,925  INFO [main] HiveMetaStore.audit: ugi=alex	ip=unknown-ip-addr	cmd=drop_table : tbl=hive.default.nonAcidOrcTbl2	
2024-04-24T04:59:49,953  INFO [main] metadata.Hive: Dumping metastore api call timing information for : execution phase
2024-04-24T04:59:49,953  INFO [main] metadata.Hive: Total time spent in each metastore function (ms): {isCompatibleWith_(Configuration)=0, getTable_(GetTableRequest)=8, dropTable_(String, String, boolean, boolean, boolean)=37}
2024-04-24T04:59:49,954  INFO [main] ql.Driver: Completed executing command(queryId=alex_20240424045949_6bf51fb9-6dcb-43b3-9787-9f0c2cd4578d); Time taken: 0.045 seconds
2024-04-24T04:59:49,954  INFO [main] lockmgr.DbTxnManager: Stopped heartbeat for query: alex_20240424045949_6bf51fb9-6dcb-43b3-9787-9f0c2cd4578d
2024-04-24T04:59:49,958  INFO [main] txn.TxnHandler: Expected to move at least one record from txn_components to completed_txn_components when committing txn! txnid:27
2024-04-24T04:59:49,965  INFO [main] txn.TxnHandler: Removed transactions: ([27]) from MIN_HISTORY_LEVEL
2024-04-24T04:59:49,965  WARN [main] txn.CompactionTxnHandler: No compaction queue record found for Compaction type transaction commit. txnId:27
2024-04-24T04:59:49,966  INFO [main] ql.TxnCommandsBaseForTests: Running the query: drop table if exists nonAcidNonBucket
2024-04-24T04:59:49,966  INFO [main] ql.Driver: Compiling command(queryId=alex_20240424045949_7841a58a-7427-469f-83cf-c01fa677acc3): drop table if exists nonAcidNonBucket
2024-04-24T04:59:49,969  INFO [main] txn.TxnHandler: Added entries to MIN_HISTORY_LEVEL for current txns: ([28]) with min_open_txn: 21
2024-04-24T04:59:49,969  INFO [main] lockmgr.DbTxnManager: Opened txnid:28
2024-04-24T04:59:49,970  INFO [main] HiveMetaStore.audit: ugi=alex	ip=unknown-ip-addr	cmd=get_table : tbl=hive.default.nonAcidNonBucket	
2024-04-24T04:59:49,978  INFO [main] metastore.HMSHandler: Skipping translation for processor with null
2024-04-24T04:59:49,978  INFO [main] ql.Driver: Semantic Analysis Completed (retrial = false)
2024-04-24T04:59:49,978  INFO [main] ql.Driver: Created Hive schema: Schema(fieldSchemas:null, properties:null)
2024-04-24T04:59:49,978  INFO [main] metadata.Hive: Dumping metastore api call timing information for : compilation phase
2024-04-24T04:59:49,978  INFO [main] metadata.Hive: Total time spent in each metastore function (ms): {flushCache_()=0, isCompatibleWith_(Configuration)=1, openTxn_(String, TxnType)=2, commitTxn_(CommitTxnRequest)=12, getTable_(GetTableRequest)=8, getValidTxns_(long)=1}
2024-04-24T04:59:49,978  INFO [main] ql.Driver: Completed compiling command(queryId=alex_20240424045949_7841a58a-7427-469f-83cf-c01fa677acc3); Time taken: 0.012 seconds
2024-04-24T04:59:49,978  INFO [main] lockmgr.DbTxnManager: Setting lock request transaction to txnid:28 for queryId=alex_20240424045949_7841a58a-7427-469f-83cf-c01fa677acc3
2024-04-24T04:59:49,979  INFO [main] lockmgr.DbLockManager: Requesting lock for queryId=alex_20240424045949_7841a58a-7427-469f-83cf-c01fa677acc3
2024-04-24T04:59:49,991  INFO [main] lockmgr.DbLockManager: Response to queryId=alex_20240424045949_7841a58a-7427-469f-83cf-c01fa677acc3 LockResponse(lockid:19, state:ACQUIRED)
2024-04-24T04:59:49,991  INFO [main] ql.Driver: Operation DROPTABLE obtained 1 locks
2024-04-24T04:59:49,991  INFO [main] ql.Driver: Executing command(queryId=alex_20240424045949_7841a58a-7427-469f-83cf-c01fa677acc3): drop table if exists nonAcidNonBucket
2024-04-24T04:59:49,991  INFO [main] ql.Driver: Starting task [Stage-0:DDL] in serial mode
2024-04-24T04:59:49,991  INFO [main] HiveMetaStore.audit: ugi=alex	ip=unknown-ip-addr	cmd=get_table : tbl=hive.default.nonAcidNonBucket	
2024-04-24T04:59:49,999  INFO [main] metastore.HMSHandler: Skipping translation for processor with null
2024-04-24T04:59:50,000  INFO [main] HiveMetaStore.audit: ugi=alex	ip=unknown-ip-addr	cmd=get_table : tbl=hive.default.nonAcidNonBucket	
2024-04-24T04:59:50,008  INFO [main] metastore.HMSHandler: Skipping translation for processor with null
2024-04-24T04:59:50,008  INFO [main] HiveMetaStore.audit: ugi=alex	ip=unknown-ip-addr	cmd=drop_table : tbl=hive.default.nonAcidNonBucket	
2024-04-24T04:59:50,036  INFO [main] metadata.Hive: Dumping metastore api call timing information for : execution phase
2024-04-24T04:59:50,036  INFO [main] metadata.Hive: Total time spent in each metastore function (ms): {getTable_(GetTableRequest)=9, dropTable_(String, String, boolean, boolean, boolean)=36, isCompatibleWith_(Configuration)=0}
2024-04-24T04:59:50,036  INFO [main] ql.Driver: Completed executing command(queryId=alex_20240424045949_7841a58a-7427-469f-83cf-c01fa677acc3); Time taken: 0.045 seconds
2024-04-24T04:59:50,036  INFO [main] lockmgr.DbTxnManager: Stopped heartbeat for query: alex_20240424045949_7841a58a-7427-469f-83cf-c01fa677acc3
2024-04-24T04:59:50,039  INFO [main] txn.TxnHandler: Expected to move at least one record from txn_components to completed_txn_components when committing txn! txnid:28
2024-04-24T04:59:50,044  INFO [main] txn.TxnHandler: Removed transactions: ([28]) from MIN_HISTORY_LEVEL
2024-04-24T04:59:50,044  WARN [main] txn.CompactionTxnHandler: No compaction queue record found for Compaction type transaction commit. txnId:28
2024-04-24T04:59:50,045  INFO [main] utils.TestTxnDbUtil: Cleaning transactional tables
]]></system-err>
  </testcase>
  <testcase name="testCtasEmpty" classname="org.apache.hadoop.hive.ql.TestTxnNoBucketsVectorized" time="4.247"/>
  <testcase name="testNonAcidToAcidVectorzied" classname="org.apache.hadoop.hive.ql.TestTxnNoBucketsVectorized" time="9.743">
    <error type="java.lang.RuntimeException"><![CDATA[java.lang.RuntimeException: update T set b = 17 where a = 1 failed: (responseCode = 40000, errorMessage = FAILED: NoMatchingMethodException No matching method for class org.apache.hadoop.hive.ql.udf.UDFToInteger with (struct<writeid:bigint,bucketid:int,rowid:bigint>). Possible choices: _FUNC_(bigint)  _FUNC_(boolean)  _FUNC_(decimal(38,18))  _FUNC_(double)  _FUNC_(float)  _FUNC_(smallint)  _FUNC_(string)  _FUNC_(struct<bucketid:bigint,rowid:bigint,writeid:int>)  _FUNC_(timestamp)  _FUNC_(tinyint)  _FUNC_(void)  , hiveErrorCode = 40000, SQLState = 42000, exception = No matching method for class org.apache.hadoop.hive.ql.udf.UDFToInteger with (struct<writeid:bigint,bucketid:int,rowid:bigint>). Possible choices: _FUNC_(bigint)  _FUNC_(boolean)  _FUNC_(decimal(38,18))  _FUNC_(double)  _FUNC_(float)  _FUNC_(smallint)  _FUNC_(string)  _FUNC_(struct<bucketid:bigint,rowid:bigint,writeid:int>)  _FUNC_(timestamp)  _FUNC_(tinyint)  _FUNC_(void)  )
	at org.apache.hadoop.hive.ql.TxnCommandsBaseForTests.runStatementOnDriver(TxnCommandsBaseForTests.java:247)
	at org.apache.hadoop.hive.ql.TestTxnNoBuckets.testNonAcidToAcidVectorzied(TestTxnNoBuckets.java:726)
	at sun.reflect.NativeMethodAccessorImpl.invoke0(Native Method)
	at sun.reflect.NativeMethodAccessorImpl.invoke(NativeMethodAccessorImpl.java:62)
	at sun.reflect.DelegatingMethodAccessorImpl.invoke(DelegatingMethodAccessorImpl.java:43)
	at java.lang.reflect.Method.invoke(Method.java:498)
	at org.junit.runners.model.FrameworkMethod$1.runReflectiveCall(FrameworkMethod.java:59)
	at org.junit.internal.runners.model.ReflectiveCallable.run(ReflectiveCallable.java:12)
	at org.junit.runners.model.FrameworkMethod.invokeExplosively(FrameworkMethod.java:56)
	at org.junit.internal.runners.statements.InvokeMethod.evaluate(InvokeMethod.java:17)
	at org.junit.internal.runners.statements.RunBefores.evaluate(RunBefores.java:26)
	at org.junit.internal.runners.statements.RunAfters.evaluate(RunAfters.java:27)
	at org.junit.rules.TestWatcher$1.evaluate(TestWatcher.java:61)
	at org.junit.runners.ParentRunner$3.evaluate(ParentRunner.java:306)
	at org.junit.runners.BlockJUnit4ClassRunner$1.evaluate(BlockJUnit4ClassRunner.java:100)
	at org.junit.runners.ParentRunner.runLeaf(ParentRunner.java:366)
	at org.junit.runners.BlockJUnit4ClassRunner.runChild(BlockJUnit4ClassRunner.java:103)
	at org.junit.runners.BlockJUnit4ClassRunner.runChild(BlockJUnit4ClassRunner.java:63)
	at org.junit.runners.ParentRunner$4.run(ParentRunner.java:331)
	at org.junit.runners.ParentRunner$1.schedule(ParentRunner.java:79)
	at org.junit.runners.ParentRunner.runChildren(ParentRunner.java:329)
	at org.junit.runners.ParentRunner.access$100(ParentRunner.java:66)
	at org.junit.runners.ParentRunner$2.evaluate(ParentRunner.java:293)
	at org.junit.runners.ParentRunner$3.evaluate(ParentRunner.java:306)
	at org.junit.runners.ParentRunner.run(ParentRunner.java:413)
	at org.junit.runner.JUnitCore.run(JUnitCore.java:137)
	at org.junit.runner.JUnitCore.run(JUnitCore.java:115)
	at org.junit.vintage.engine.execution.RunnerExecutor.execute(RunnerExecutor.java:43)
	at java.util.stream.ForEachOps$ForEachOp$OfRef.accept(ForEachOps.java:183)
	at java.util.stream.ReferencePipeline$3$1.accept(ReferencePipeline.java:193)
	at java.util.Iterator.forEachRemaining(Iterator.java:116)
	at java.util.Spliterators$IteratorSpliterator.forEachRemaining(Spliterators.java:1801)
	at java.util.stream.AbstractPipeline.copyInto(AbstractPipeline.java:482)
	at java.util.stream.AbstractPipeline.wrapAndCopyInto(AbstractPipeline.java:472)
	at java.util.stream.ForEachOps$ForEachOp.evaluateSequential(ForEachOps.java:150)
	at java.util.stream.ForEachOps$ForEachOp$OfRef.evaluateSequential(ForEachOps.java:173)
	at java.util.stream.AbstractPipeline.evaluate(AbstractPipeline.java:234)
	at java.util.stream.ReferencePipeline.forEach(ReferencePipeline.java:485)
	at org.junit.vintage.engine.VintageTestEngine.executeAllChildren(VintageTestEngine.java:82)
	at org.junit.vintage.engine.VintageTestEngine.execute(VintageTestEngine.java:73)
	at org.junit.platform.launcher.core.DefaultLauncher.execute(DefaultLauncher.java:248)
	at org.junit.platform.launcher.core.DefaultLauncher.lambda$execute$5(DefaultLauncher.java:211)
	at org.junit.platform.launcher.core.DefaultLauncher.withInterceptedStreams(DefaultLauncher.java:226)
	at org.junit.platform.launcher.core.DefaultLauncher.execute(DefaultLauncher.java:199)
	at org.junit.platform.launcher.core.DefaultLauncher.execute(DefaultLauncher.java:132)
	at org.apache.maven.surefire.junitplatform.JUnitPlatformProvider.invokeAllTests(JUnitPlatformProvider.java:154)
	at org.apache.maven.surefire.junitplatform.JUnitPlatformProvider.invoke(JUnitPlatformProvider.java:123)
	at org.apache.maven.surefire.booter.ForkedBooter.runSuitesInProcess(ForkedBooter.java:377)
	at org.apache.maven.surefire.booter.ForkedBooter.execute(ForkedBooter.java:138)
	at org.apache.maven.surefire.booter.ForkedBooter.run(ForkedBooter.java:465)
	at org.apache.maven.surefire.booter.ForkedBooter.main(ForkedBooter.java:451)
]]></error>
    <system-err><![CDATA[2024-04-24T04:59:54,351  WARN [main] conf.HiveConf: HiveConf of name hive.llap.io.cache.orc.arena.size does not exist
2024-04-24T04:59:54,351  WARN [main] conf.HiveConf: HiveConf of name hive.dummyparam.test.server.specific.config.metastoresite does not exist
2024-04-24T04:59:54,351  WARN [main] conf.HiveConf: HiveConf of name hive.metastore.metadb.dir does not exist
2024-04-24T04:59:54,351  WARN [main] conf.HiveConf: HiveConf of name hive.dummyparam.test.server.specific.config.hivesite does not exist
2024-04-24T04:59:54,351  WARN [main] conf.HiveConf: HiveConf of name hive.llap.io.cache.orc.alloc.min does not exist
2024-04-24T04:59:54,351  WARN [main] conf.HiveConf: HiveConf of name hive.metastore.client.cache.recordStats does not exist
2024-04-24T04:59:54,351  WARN [main] conf.HiveConf: HiveConf of name hive.dummyparam.test.server.specific.config.override does not exist
2024-04-24T04:59:54,351  WARN [main] conf.HiveConf: HiveConf of name hive.metastore.client.cache.maxSize does not exist
2024-04-24T04:59:54,351  WARN [main] conf.HiveConf: HiveConf of name hive.stats.key.prefix.reserve.length does not exist
2024-04-24T04:59:54,351  WARN [main] conf.HiveConf: HiveConf of name hive.llap.io.cache.orc.size does not exist
2024-04-24T04:59:54,352  WARN [main] conf.HiveConf: HiveConf of name hive.llap.io.cache.orc.alloc.max does not exist
2024-04-24T04:59:54,353  INFO [main] utils.TestTxnDbUtil: Creating transactional tables
Hive Session ID = f4211df6-1f20-4624-ab6a-b1a20e1d15e7
2024-04-24T04:59:54,356  INFO [main] SessionState: Hive Session ID = f4211df6-1f20-4624-ab6a-b1a20e1d15e7
ivysettings.xml file not found in HIVE_HOME or HIVE_CONF_DIR,/home/alex/Repositories/hive/conf/ivysettings.xml will be used
2024-04-24T04:59:54,356  INFO [main] DependencyResolver: ivysettings.xml file not found in HIVE_HOME or HIVE_CONF_DIR,/home/alex/Repositories/hive/conf/ivysettings.xml will be used
2024-04-24T04:59:54,361  INFO [main] session.SessionState: Created HDFS directory: /home/alex/Repositories/hive/ql/target/tmp/scratchdir/alex/f4211df6-1f20-4624-ab6a-b1a20e1d15e7
2024-04-24T04:59:54,364  INFO [main] session.SessionState: Created local directory: /home/alex/Repositories/hive/ql/target/tmp/localscratchdir/f4211df6-1f20-4624-ab6a-b1a20e1d15e7
2024-04-24T04:59:54,366  INFO [main] session.SessionState: Created HDFS directory: /home/alex/Repositories/hive/ql/target/tmp/scratchdir/alex/f4211df6-1f20-4624-ab6a-b1a20e1d15e7/_tmp_space.db
2024-04-24T04:59:54,367  INFO [main] sqlstd.SQLStdHiveAccessController: Created SQLStdHiveAccessController for session context : HiveAuthzSessionContext [sessionString=f4211df6-1f20-4624-ab6a-b1a20e1d15e7, clientType=HIVECLI]
2024-04-24T04:59:54,367  INFO [main] ql.TxnCommandsBaseForTests: Running the query: drop table if exists acidTbl
2024-04-24T04:59:54,367  INFO [main] ql.Driver: Compiling command(queryId=alex_20240424045954_f21c6a1e-43dd-499a-b4cc-991f72c69348): drop table if exists acidTbl
2024-04-24T04:59:54,376  INFO [main] txn.TxnHandler: Added entries to MIN_HISTORY_LEVEL for current txns: ([1]) with min_open_txn: 1
2024-04-24T04:59:54,376  INFO [main] lockmgr.DbTxnManager: Opened txnid:1
2024-04-24T04:59:54,378  INFO [main] HiveMetaStore.audit: ugi=alex	ip=unknown-ip-addr	cmd=get_table : tbl=hive.default.acidTbl	
2024-04-24T04:59:54,381  INFO [main] ql.Driver: Semantic Analysis Completed (retrial = false)
2024-04-24T04:59:54,381  INFO [main] ql.Driver: Created Hive schema: Schema(fieldSchemas:null, properties:null)
2024-04-24T04:59:54,381  INFO [main] metadata.Hive: Dumping metastore api call timing information for : compilation phase
2024-04-24T04:59:54,381  INFO [main] metadata.Hive: Total time spent in each metastore function (ms): {flushCache_()=0, isCompatibleWith_(Configuration)=0, getValidTxns_(long)=2, openTxn_(String, TxnType)=8, commitTxn_(CommitTxnRequest)=8}
2024-04-24T04:59:54,381  INFO [main] ql.Driver: Completed compiling command(queryId=alex_20240424045954_f21c6a1e-43dd-499a-b4cc-991f72c69348); Time taken: 0.014 seconds
2024-04-24T04:59:54,381  INFO [main] lockmgr.DbTxnManager: Setting lock request transaction to txnid:1 for queryId=alex_20240424045954_f21c6a1e-43dd-499a-b4cc-991f72c69348
2024-04-24T04:59:54,381  INFO [main] ql.Driver: Operation DROPTABLE obtained 0 locks
2024-04-24T04:59:54,382  INFO [main] ql.Driver: Executing command(queryId=alex_20240424045954_f21c6a1e-43dd-499a-b4cc-991f72c69348): drop table if exists acidTbl
2024-04-24T04:59:54,382  INFO [main] ql.Driver: Starting task [Stage-0:DDL] in serial mode
2024-04-24T04:59:54,382  INFO [main] HiveMetaStore.audit: ugi=alex	ip=unknown-ip-addr	cmd=get_table : tbl=hive.default.acidTbl	
2024-04-24T04:59:54,385  INFO [main] metadata.Hive: Dumping metastore api call timing information for : execution phase
2024-04-24T04:59:54,385  INFO [main] metadata.Hive: Total time spent in each metastore function (ms): {isCompatibleWith_(Configuration)=0}
2024-04-24T04:59:54,385  INFO [main] ql.Driver: Completed executing command(queryId=alex_20240424045954_f21c6a1e-43dd-499a-b4cc-991f72c69348); Time taken: 0.004 seconds
2024-04-24T04:59:54,385  INFO [main] lockmgr.DbTxnManager: Stopped heartbeat for query: alex_20240424045954_f21c6a1e-43dd-499a-b4cc-991f72c69348
2024-04-24T04:59:54,390  INFO [main] txn.TxnHandler: Expected to move at least one record from txn_components to completed_txn_components when committing txn! txnid:1
2024-04-24T04:59:54,395  INFO [main] txn.TxnHandler: Removed transactions: ([1]) from MIN_HISTORY_LEVEL
2024-04-24T04:59:54,395  WARN [main] txn.CompactionTxnHandler: No compaction queue record found for Compaction type transaction commit. txnId:1
2024-04-24T04:59:54,396  INFO [main] ql.TxnCommandsBaseForTests: Running the query: drop table if exists acidTblPart
2024-04-24T04:59:54,396  INFO [main] ql.Driver: Compiling command(queryId=alex_20240424045954_cf1bddf7-1ef3-4e71-ae6c-2de3bcf14e48): drop table if exists acidTblPart
2024-04-24T04:59:54,398  INFO [main] txn.TxnHandler: Added entries to MIN_HISTORY_LEVEL for current txns: ([2]) with min_open_txn: 1
2024-04-24T04:59:54,398  INFO [main] lockmgr.DbTxnManager: Opened txnid:2
2024-04-24T04:59:54,399  INFO [main] HiveMetaStore.audit: ugi=alex	ip=unknown-ip-addr	cmd=get_table : tbl=hive.default.acidTblPart	
2024-04-24T04:59:54,401  INFO [main] ql.Driver: Semantic Analysis Completed (retrial = false)
2024-04-24T04:59:54,401  INFO [main] ql.Driver: Created Hive schema: Schema(fieldSchemas:null, properties:null)
2024-04-24T04:59:54,401  INFO [main] metadata.Hive: Dumping metastore api call timing information for : compilation phase
2024-04-24T04:59:54,402  INFO [main] metadata.Hive: Total time spent in each metastore function (ms): {getValidTxns_(long)=0, isCompatibleWith_(Configuration)=0, commitTxn_(CommitTxnRequest)=11, flushCache_()=0, openTxn_(String, TxnType)=2}
2024-04-24T04:59:54,402  INFO [main] ql.Driver: Completed compiling command(queryId=alex_20240424045954_cf1bddf7-1ef3-4e71-ae6c-2de3bcf14e48); Time taken: 0.005 seconds
2024-04-24T04:59:54,402  INFO [main] lockmgr.DbTxnManager: Setting lock request transaction to txnid:2 for queryId=alex_20240424045954_cf1bddf7-1ef3-4e71-ae6c-2de3bcf14e48
2024-04-24T04:59:54,402  INFO [main] ql.Driver: Operation DROPTABLE obtained 0 locks
2024-04-24T04:59:54,402  INFO [main] ql.Driver: Executing command(queryId=alex_20240424045954_cf1bddf7-1ef3-4e71-ae6c-2de3bcf14e48): drop table if exists acidTblPart
2024-04-24T04:59:54,402  INFO [main] ql.Driver: Starting task [Stage-0:DDL] in serial mode
2024-04-24T04:59:54,402  INFO [main] HiveMetaStore.audit: ugi=alex	ip=unknown-ip-addr	cmd=get_table : tbl=hive.default.acidTblPart	
2024-04-24T04:59:54,405  INFO [main] metadata.Hive: Dumping metastore api call timing information for : execution phase
2024-04-24T04:59:54,405  INFO [main] metadata.Hive: Total time spent in each metastore function (ms): {isCompatibleWith_(Configuration)=0}
2024-04-24T04:59:54,405  INFO [main] ql.Driver: Completed executing command(queryId=alex_20240424045954_cf1bddf7-1ef3-4e71-ae6c-2de3bcf14e48); Time taken: 0.003 seconds
2024-04-24T04:59:54,405  INFO [main] lockmgr.DbTxnManager: Stopped heartbeat for query: alex_20240424045954_cf1bddf7-1ef3-4e71-ae6c-2de3bcf14e48
2024-04-24T04:59:54,410  INFO [main] txn.TxnHandler: Expected to move at least one record from txn_components to completed_txn_components when committing txn! txnid:2
2024-04-24T04:59:54,415  INFO [main] txn.TxnHandler: Removed transactions: ([2]) from MIN_HISTORY_LEVEL
2024-04-24T04:59:54,415  WARN [main] txn.CompactionTxnHandler: No compaction queue record found for Compaction type transaction commit. txnId:2
2024-04-24T04:59:54,415  INFO [main] ql.TxnCommandsBaseForTests: Running the query: drop table if exists acidTbl2
2024-04-24T04:59:54,415  INFO [main] ql.Driver: Compiling command(queryId=alex_20240424045954_32464189-f8cb-4208-adf9-9290df1ea23f): drop table if exists acidTbl2
2024-04-24T04:59:54,417  INFO [main] txn.TxnHandler: Added entries to MIN_HISTORY_LEVEL for current txns: ([3]) with min_open_txn: 1
2024-04-24T04:59:54,418  INFO [main] lockmgr.DbTxnManager: Opened txnid:3
2024-04-24T04:59:54,418  INFO [main] HiveMetaStore.audit: ugi=alex	ip=unknown-ip-addr	cmd=get_table : tbl=hive.default.acidTbl2	
2024-04-24T04:59:54,421  INFO [main] ql.Driver: Semantic Analysis Completed (retrial = false)
2024-04-24T04:59:54,421  INFO [main] ql.Driver: Created Hive schema: Schema(fieldSchemas:null, properties:null)
2024-04-24T04:59:54,421  INFO [main] metadata.Hive: Dumping metastore api call timing information for : compilation phase
2024-04-24T04:59:54,421  INFO [main] metadata.Hive: Total time spent in each metastore function (ms): {isCompatibleWith_(Configuration)=0, commitTxn_(CommitTxnRequest)=9, openTxn_(String, TxnType)=2, getValidTxns_(long)=0, flushCache_()=0}
2024-04-24T04:59:54,421  INFO [main] ql.Driver: Completed compiling command(queryId=alex_20240424045954_32464189-f8cb-4208-adf9-9290df1ea23f); Time taken: 0.006 seconds
2024-04-24T04:59:54,421  INFO [main] lockmgr.DbTxnManager: Setting lock request transaction to txnid:3 for queryId=alex_20240424045954_32464189-f8cb-4208-adf9-9290df1ea23f
2024-04-24T04:59:54,421  INFO [main] ql.Driver: Operation DROPTABLE obtained 0 locks
2024-04-24T04:59:54,422  INFO [main] ql.Driver: Executing command(queryId=alex_20240424045954_32464189-f8cb-4208-adf9-9290df1ea23f): drop table if exists acidTbl2
2024-04-24T04:59:54,422  INFO [main] ql.Driver: Starting task [Stage-0:DDL] in serial mode
2024-04-24T04:59:54,422  INFO [main] HiveMetaStore.audit: ugi=alex	ip=unknown-ip-addr	cmd=get_table : tbl=hive.default.acidTbl2	
2024-04-24T04:59:54,425  INFO [main] metadata.Hive: Dumping metastore api call timing information for : execution phase
2024-04-24T04:59:54,425  INFO [main] metadata.Hive: Total time spent in each metastore function (ms): {isCompatibleWith_(Configuration)=0}
2024-04-24T04:59:54,425  INFO [main] ql.Driver: Completed executing command(queryId=alex_20240424045954_32464189-f8cb-4208-adf9-9290df1ea23f); Time taken: 0.004 seconds
2024-04-24T04:59:54,425  INFO [main] lockmgr.DbTxnManager: Stopped heartbeat for query: alex_20240424045954_32464189-f8cb-4208-adf9-9290df1ea23f
2024-04-24T04:59:54,430  INFO [main] txn.TxnHandler: Expected to move at least one record from txn_components to completed_txn_components when committing txn! txnid:3
2024-04-24T04:59:54,435  INFO [main] txn.TxnHandler: Removed transactions: ([3]) from MIN_HISTORY_LEVEL
2024-04-24T04:59:54,435  WARN [main] txn.CompactionTxnHandler: No compaction queue record found for Compaction type transaction commit. txnId:3
2024-04-24T04:59:54,435  INFO [main] ql.TxnCommandsBaseForTests: Running the query: drop table if exists nonAcidOrcTbl
2024-04-24T04:59:54,435  INFO [main] ql.Driver: Compiling command(queryId=alex_20240424045954_f514458b-f4b9-4add-9e7d-47be7ad37745): drop table if exists nonAcidOrcTbl
2024-04-24T04:59:54,437  INFO [main] txn.TxnHandler: Added entries to MIN_HISTORY_LEVEL for current txns: ([4]) with min_open_txn: 1
2024-04-24T04:59:54,437  INFO [main] lockmgr.DbTxnManager: Opened txnid:4
2024-04-24T04:59:54,438  INFO [main] HiveMetaStore.audit: ugi=alex	ip=unknown-ip-addr	cmd=get_table : tbl=hive.default.nonAcidOrcTbl	
2024-04-24T04:59:54,441  INFO [main] ql.Driver: Semantic Analysis Completed (retrial = false)
2024-04-24T04:59:54,441  INFO [main] ql.Driver: Created Hive schema: Schema(fieldSchemas:null, properties:null)
2024-04-24T04:59:54,441  INFO [main] metadata.Hive: Dumping metastore api call timing information for : compilation phase
2024-04-24T04:59:54,441  INFO [main] metadata.Hive: Total time spent in each metastore function (ms): {openTxn_(String, TxnType)=1, flushCache_()=0, getValidTxns_(long)=0, isCompatibleWith_(Configuration)=0, commitTxn_(CommitTxnRequest)=10}
2024-04-24T04:59:54,441  INFO [main] ql.Driver: Completed compiling command(queryId=alex_20240424045954_f514458b-f4b9-4add-9e7d-47be7ad37745); Time taken: 0.006 seconds
2024-04-24T04:59:54,441  INFO [main] lockmgr.DbTxnManager: Setting lock request transaction to txnid:4 for queryId=alex_20240424045954_f514458b-f4b9-4add-9e7d-47be7ad37745
2024-04-24T04:59:54,441  INFO [main] ql.Driver: Operation DROPTABLE obtained 0 locks
2024-04-24T04:59:54,442  INFO [main] ql.Driver: Executing command(queryId=alex_20240424045954_f514458b-f4b9-4add-9e7d-47be7ad37745): drop table if exists nonAcidOrcTbl
2024-04-24T04:59:54,442  INFO [main] ql.Driver: Starting task [Stage-0:DDL] in serial mode
2024-04-24T04:59:54,442  INFO [main] HiveMetaStore.audit: ugi=alex	ip=unknown-ip-addr	cmd=get_table : tbl=hive.default.nonAcidOrcTbl	
2024-04-24T04:59:54,445  INFO [main] metadata.Hive: Dumping metastore api call timing information for : execution phase
2024-04-24T04:59:54,445  INFO [main] metadata.Hive: Total time spent in each metastore function (ms): {isCompatibleWith_(Configuration)=0}
2024-04-24T04:59:54,445  INFO [main] ql.Driver: Completed executing command(queryId=alex_20240424045954_f514458b-f4b9-4add-9e7d-47be7ad37745); Time taken: 0.004 seconds
2024-04-24T04:59:54,445  INFO [main] lockmgr.DbTxnManager: Stopped heartbeat for query: alex_20240424045954_f514458b-f4b9-4add-9e7d-47be7ad37745
2024-04-24T04:59:54,450  INFO [main] txn.TxnHandler: Expected to move at least one record from txn_components to completed_txn_components when committing txn! txnid:4
2024-04-24T04:59:54,454  INFO [main] txn.TxnHandler: Removed transactions: ([4]) from MIN_HISTORY_LEVEL
2024-04-24T04:59:54,454  WARN [main] txn.CompactionTxnHandler: No compaction queue record found for Compaction type transaction commit. txnId:4
2024-04-24T04:59:54,455  INFO [main] ql.TxnCommandsBaseForTests: Running the query: drop table if exists nonAcidOrcTbl2
2024-04-24T04:59:54,455  INFO [main] ql.Driver: Compiling command(queryId=alex_20240424045954_e0255131-b4b1-4e80-8399-5b0358b7bd7a): drop table if exists nonAcidOrcTbl2
2024-04-24T04:59:54,457  INFO [main] txn.TxnHandler: Added entries to MIN_HISTORY_LEVEL for current txns: ([5]) with min_open_txn: 1
2024-04-24T04:59:54,457  INFO [main] lockmgr.DbTxnManager: Opened txnid:5
2024-04-24T04:59:54,458  INFO [main] HiveMetaStore.audit: ugi=alex	ip=unknown-ip-addr	cmd=get_table : tbl=hive.default.nonAcidOrcTbl2	
2024-04-24T04:59:54,461  INFO [main] ql.Driver: Semantic Analysis Completed (retrial = false)
2024-04-24T04:59:54,461  INFO [main] ql.Driver: Created Hive schema: Schema(fieldSchemas:null, properties:null)
2024-04-24T04:59:54,461  INFO [main] metadata.Hive: Dumping metastore api call timing information for : compilation phase
2024-04-24T04:59:54,461  INFO [main] metadata.Hive: Total time spent in each metastore function (ms): {isCompatibleWith_(Configuration)=2, getValidTxns_(long)=0, commitTxn_(CommitTxnRequest)=10, flushCache_()=0, openTxn_(String, TxnType)=1}
2024-04-24T04:59:54,461  INFO [main] ql.Driver: Completed compiling command(queryId=alex_20240424045954_e0255131-b4b1-4e80-8399-5b0358b7bd7a); Time taken: 0.006 seconds
2024-04-24T04:59:54,462  INFO [main] lockmgr.DbTxnManager: Setting lock request transaction to txnid:5 for queryId=alex_20240424045954_e0255131-b4b1-4e80-8399-5b0358b7bd7a
2024-04-24T04:59:54,462  INFO [main] ql.Driver: Operation DROPTABLE obtained 0 locks
2024-04-24T04:59:54,462  INFO [main] ql.Driver: Executing command(queryId=alex_20240424045954_e0255131-b4b1-4e80-8399-5b0358b7bd7a): drop table if exists nonAcidOrcTbl2
2024-04-24T04:59:54,462  INFO [main] ql.Driver: Starting task [Stage-0:DDL] in serial mode
2024-04-24T04:59:54,462  INFO [main] HiveMetaStore.audit: ugi=alex	ip=unknown-ip-addr	cmd=get_table : tbl=hive.default.nonAcidOrcTbl2	
2024-04-24T04:59:54,465  INFO [main] metadata.Hive: Dumping metastore api call timing information for : execution phase
2024-04-24T04:59:54,465  INFO [main] metadata.Hive: Total time spent in each metastore function (ms): {isCompatibleWith_(Configuration)=0}
2024-04-24T04:59:54,465  INFO [main] ql.Driver: Completed executing command(queryId=alex_20240424045954_e0255131-b4b1-4e80-8399-5b0358b7bd7a); Time taken: 0.003 seconds
2024-04-24T04:59:54,465  INFO [main] lockmgr.DbTxnManager: Stopped heartbeat for query: alex_20240424045954_e0255131-b4b1-4e80-8399-5b0358b7bd7a
2024-04-24T04:59:54,471  INFO [main] txn.TxnHandler: Expected to move at least one record from txn_components to completed_txn_components when committing txn! txnid:5
2024-04-24T04:59:54,476  INFO [main] txn.TxnHandler: Removed transactions: ([5]) from MIN_HISTORY_LEVEL
2024-04-24T04:59:54,476  WARN [main] txn.CompactionTxnHandler: No compaction queue record found for Compaction type transaction commit. txnId:5
2024-04-24T04:59:54,477  INFO [main] ql.TxnCommandsBaseForTests: Running the query: drop table if exists nonAcidNonBucket
2024-04-24T04:59:54,477  INFO [main] ql.Driver: Compiling command(queryId=alex_20240424045954_d4f02b4d-91ec-4dd9-8306-242655101ee5): drop table if exists nonAcidNonBucket
2024-04-24T04:59:54,479  INFO [main] txn.TxnHandler: Added entries to MIN_HISTORY_LEVEL for current txns: ([6]) with min_open_txn: 1
2024-04-24T04:59:54,480  INFO [main] lockmgr.DbTxnManager: Opened txnid:6
2024-04-24T04:59:54,480  INFO [main] HiveMetaStore.audit: ugi=alex	ip=unknown-ip-addr	cmd=get_table : tbl=hive.default.nonAcidNonBucket	
2024-04-24T04:59:54,484  INFO [main] ql.Driver: Semantic Analysis Completed (retrial = false)
2024-04-24T04:59:54,484  INFO [main] ql.Driver: Created Hive schema: Schema(fieldSchemas:null, properties:null)
2024-04-24T04:59:54,484  INFO [main] metadata.Hive: Dumping metastore api call timing information for : compilation phase
2024-04-24T04:59:54,484  INFO [main] metadata.Hive: Total time spent in each metastore function (ms): {isCompatibleWith_(Configuration)=0, getValidTxns_(long)=0, openTxn_(String, TxnType)=2, flushCache_()=0, commitTxn_(CommitTxnRequest)=12}
2024-04-24T04:59:54,484  INFO [main] ql.Driver: Completed compiling command(queryId=alex_20240424045954_d4f02b4d-91ec-4dd9-8306-242655101ee5); Time taken: 0.007 seconds
2024-04-24T04:59:54,484  INFO [main] lockmgr.DbTxnManager: Setting lock request transaction to txnid:6 for queryId=alex_20240424045954_d4f02b4d-91ec-4dd9-8306-242655101ee5
2024-04-24T04:59:54,484  INFO [main] ql.Driver: Operation DROPTABLE obtained 0 locks
2024-04-24T04:59:54,484  INFO [main] ql.Driver: Executing command(queryId=alex_20240424045954_d4f02b4d-91ec-4dd9-8306-242655101ee5): drop table if exists nonAcidNonBucket
2024-04-24T04:59:54,485  INFO [main] ql.Driver: Starting task [Stage-0:DDL] in serial mode
2024-04-24T04:59:54,485  INFO [main] HiveMetaStore.audit: ugi=alex	ip=unknown-ip-addr	cmd=get_table : tbl=hive.default.nonAcidNonBucket	
2024-04-24T04:59:54,488  INFO [main] metadata.Hive: Dumping metastore api call timing information for : execution phase
2024-04-24T04:59:54,488  INFO [main] metadata.Hive: Total time spent in each metastore function (ms): {isCompatibleWith_(Configuration)=0}
2024-04-24T04:59:54,488  INFO [main] ql.Driver: Completed executing command(queryId=alex_20240424045954_d4f02b4d-91ec-4dd9-8306-242655101ee5); Time taken: 0.004 seconds
2024-04-24T04:59:54,488  INFO [main] lockmgr.DbTxnManager: Stopped heartbeat for query: alex_20240424045954_d4f02b4d-91ec-4dd9-8306-242655101ee5
2024-04-24T04:59:54,495  INFO [main] txn.TxnHandler: Expected to move at least one record from txn_components to completed_txn_components when committing txn! txnid:6
2024-04-24T04:59:54,501  INFO [main] txn.TxnHandler: Removed transactions: ([6]) from MIN_HISTORY_LEVEL
2024-04-24T04:59:54,501  WARN [main] txn.CompactionTxnHandler: No compaction queue record found for Compaction type transaction commit. txnId:6
2024-04-24T04:59:54,501  INFO [main] ql.TxnCommandsBaseForTests: Running the query: create table acidTbl(a int, b int) clustered by (a) into 2 buckets stored as orc TBLPROPERTIES ('transactional'='true')
2024-04-24T04:59:54,502  INFO [main] ql.Driver: Compiling command(queryId=alex_20240424045954_e8722381-15f0-4358-ac00-3ea1e7bf41e2): create table acidTbl(a int, b int) clustered by (a) into 2 buckets stored as orc TBLPROPERTIES ('transactional'='true')
2024-04-24T04:59:54,504  INFO [main] txn.TxnHandler: Added entries to MIN_HISTORY_LEVEL for current txns: ([7]) with min_open_txn: 1
2024-04-24T04:59:54,504  INFO [main] lockmgr.DbTxnManager: Opened txnid:7
2024-04-24T04:59:54,505  INFO [main] parse.CalcitePlanner: Starting caching scope for: 
2024-04-24T04:59:54,505  INFO [main] parse.CalcitePlanner: Starting Semantic Analysis
2024-04-24T04:59:54,510  INFO [main] parse.CalcitePlanner: Creating table default.acidTbl position=13
2024-04-24T04:59:54,510  INFO [main] HiveMetaStore.audit: ugi=alex	ip=unknown-ip-addr	cmd=get_database: default	
2024-04-24T04:59:54,512  INFO [main] parse.CalcitePlanner: Ending caching scope for: 
2024-04-24T04:59:54,512  INFO [main] ql.Driver: Semantic Analysis Completed (retrial = false)
2024-04-24T04:59:54,512  INFO [main] ql.Driver: Created Hive schema: Schema(fieldSchemas:null, properties:null)
2024-04-24T04:59:54,512  INFO [main] metadata.Hive: Dumping metastore api call timing information for : compilation phase
2024-04-24T04:59:54,512  INFO [main] metadata.Hive: Total time spent in each metastore function (ms): {isCompatibleWith_(Configuration)=0, commitTxn_(CommitTxnRequest)=13, openTxn_(String, TxnType)=2, getDatabase_(String)=2, getValidTxns_(long)=1, getValidWriteIds_(List, String)=5, flushCache_()=0}
2024-04-24T04:59:54,512  INFO [main] ql.Driver: Completed compiling command(queryId=alex_20240424045954_e8722381-15f0-4358-ac00-3ea1e7bf41e2); Time taken: 0.01 seconds
2024-04-24T04:59:54,513  INFO [main] lockmgr.DbTxnManager: Setting lock request transaction to txnid:7 for queryId=alex_20240424045954_e8722381-15f0-4358-ac00-3ea1e7bf41e2
2024-04-24T04:59:54,513  INFO [main] lockmgr.DbLockManager: Requesting lock for queryId=alex_20240424045954_e8722381-15f0-4358-ac00-3ea1e7bf41e2
2024-04-24T04:59:54,528  INFO [main] lockmgr.DbLockManager: Response to queryId=alex_20240424045954_e8722381-15f0-4358-ac00-3ea1e7bf41e2 LockResponse(lockid:1, state:ACQUIRED)
2024-04-24T04:59:54,529  INFO [main] ql.Driver: Operation CREATETABLE obtained 1 locks
2024-04-24T04:59:54,529  INFO [main] ql.Driver: Executing command(queryId=alex_20240424045954_e8722381-15f0-4358-ac00-3ea1e7bf41e2): create table acidTbl(a int, b int) clustered by (a) into 2 buckets stored as orc TBLPROPERTIES ('transactional'='true')
2024-04-24T04:59:54,529  INFO [main] ql.Driver: Starting task [Stage-0:DDL] in serial mode
2024-04-24T04:59:54,530  INFO [main] HiveMetaStore.audit: ugi=alex	ip=unknown-ip-addr	cmd=create_table_req: Table(tableName:acidTbl, dbName:default, owner:alex, createTime:1713959994, lastAccessTime:0, retention:0, sd:StorageDescriptor(cols:[FieldSchema(name:a, type:int, comment:null), FieldSchema(name:b, type:int, comment:null)], location:null, inputFormat:org.apache.hadoop.hive.ql.io.orc.OrcInputFormat, outputFormat:org.apache.hadoop.hive.ql.io.orc.OrcOutputFormat, compressed:false, numBuckets:2, serdeInfo:SerDeInfo(name:null, serializationLib:org.apache.hadoop.hive.ql.io.orc.OrcSerde, parameters:{serialization.format=1}), bucketCols:[a], sortCols:[], parameters:{}, skewedInfo:SkewedInfo(skewedColNames:[], skewedColValues:[], skewedColValueLocationMaps:{}), storedAsSubDirectories:false), partitionKeys:[], parameters:{numRows=0, COLUMN_STATS_ACCURATE={"BASIC_STATS":"true","COLUMN_STATS":{"a":"true","b":"true"}}, rawDataSize=0, numFilesErasureCoded=0, numFiles=0, totalSize=0, transactional=true, bucketing_version=2}, viewOriginalText:null, viewExpandedText:null, tableType:MANAGED_TABLE, privileges:PrincipalPrivilegeSet(userPrivileges:{alex=[PrivilegeGrantInfo(privilege:INSERT, createTime:-1, grantor:alex, grantorType:USER, grantOption:true), PrivilegeGrantInfo(privilege:SELECT, createTime:-1, grantor:alex, grantorType:USER, grantOption:true), PrivilegeGrantInfo(privilege:UPDATE, createTime:-1, grantor:alex, grantorType:USER, grantOption:true), PrivilegeGrantInfo(privilege:DELETE, createTime:-1, grantor:alex, grantorType:USER, grantOption:true)]}, groupPrivileges:null, rolePrivileges:null), temporary:false, catName:hive, ownerType:USER, writeId:0)	
2024-04-24T04:59:54,535  INFO [main] utils.FileUtils: Creating directory if it doesn't exist: file:/home/alex/Repositories/hive/ql/target/tmp/org.apache.hadoop.hive.ql.TestTxnNoBuckets-1713959849960/warehouse/acidtbl
2024-04-24T04:59:54,569  INFO [main] metadata.Hive: Dumping metastore api call timing information for : execution phase
2024-04-24T04:59:54,570  INFO [main] metadata.Hive: Total time spent in each metastore function (ms): {createTable_(Table)=39, isCompatibleWith_(Configuration)=0}
2024-04-24T04:59:54,570  INFO [main] ql.Driver: Completed executing command(queryId=alex_20240424045954_e8722381-15f0-4358-ac00-3ea1e7bf41e2); Time taken: 0.04 seconds
2024-04-24T04:59:54,570  INFO [main] lockmgr.DbTxnManager: Stopped heartbeat for query: alex_20240424045954_e8722381-15f0-4358-ac00-3ea1e7bf41e2
2024-04-24T04:59:54,573  INFO [main] txn.TxnHandler: Expected to move at least one record from txn_components to completed_txn_components when committing txn! txnid:7
2024-04-24T04:59:54,578  INFO [main] txn.TxnHandler: Removed transactions: ([7]) from MIN_HISTORY_LEVEL
2024-04-24T04:59:54,579  WARN [main] txn.CompactionTxnHandler: No compaction queue record found for Compaction type transaction commit. txnId:7
2024-04-24T04:59:54,580  INFO [main] ql.TxnCommandsBaseForTests: Running the query: create table acidTblPart(a int, b int) partitioned by (p string) clustered by (a) into 2 buckets stored as orc TBLPROPERTIES ('transactional'='true')
2024-04-24T04:59:54,580  INFO [main] ql.Driver: Compiling command(queryId=alex_20240424045954_d8bc61e3-378a-4294-928b-8bd34e25e97f): create table acidTblPart(a int, b int) partitioned by (p string) clustered by (a) into 2 buckets stored as orc TBLPROPERTIES ('transactional'='true')
2024-04-24T04:59:54,582  INFO [main] txn.TxnHandler: Added entries to MIN_HISTORY_LEVEL for current txns: ([8]) with min_open_txn: 1
2024-04-24T04:59:54,582  INFO [main] lockmgr.DbTxnManager: Opened txnid:8
2024-04-24T04:59:54,583  INFO [main] parse.CalcitePlanner: Starting caching scope for: 
2024-04-24T04:59:54,583  INFO [main] parse.CalcitePlanner: Starting Semantic Analysis
2024-04-24T04:59:54,585  INFO [main] parse.CalcitePlanner: Creating table default.acidTblPart position=13
2024-04-24T04:59:54,585  INFO [main] HiveMetaStore.audit: ugi=alex	ip=unknown-ip-addr	cmd=get_database: default	
2024-04-24T04:59:54,587  INFO [main] parse.CalcitePlanner: Ending caching scope for: 
2024-04-24T04:59:54,587  INFO [main] ql.Driver: Semantic Analysis Completed (retrial = false)
2024-04-24T04:59:54,587  INFO [main] ql.Driver: Created Hive schema: Schema(fieldSchemas:null, properties:null)
2024-04-24T04:59:54,587  INFO [main] metadata.Hive: Dumping metastore api call timing information for : compilation phase
2024-04-24T04:59:54,587  INFO [main] metadata.Hive: Total time spent in each metastore function (ms): {getValidTxns_(long)=1, getValidWriteIds_(List, String)=2, flushCache_()=0, commitTxn_(CommitTxnRequest)=10, getDatabase_(String)=1, openTxn_(String, TxnType)=1, isCompatibleWith_(Configuration)=1}
2024-04-24T04:59:54,587  INFO [main] ql.Driver: Completed compiling command(queryId=alex_20240424045954_d8bc61e3-378a-4294-928b-8bd34e25e97f); Time taken: 0.007 seconds
2024-04-24T04:59:54,587  INFO [main] lockmgr.DbTxnManager: Setting lock request transaction to txnid:8 for queryId=alex_20240424045954_d8bc61e3-378a-4294-928b-8bd34e25e97f
2024-04-24T04:59:54,587  INFO [main] lockmgr.DbLockManager: Requesting lock for queryId=alex_20240424045954_d8bc61e3-378a-4294-928b-8bd34e25e97f
2024-04-24T04:59:54,600  INFO [main] lockmgr.DbLockManager: Response to queryId=alex_20240424045954_d8bc61e3-378a-4294-928b-8bd34e25e97f LockResponse(lockid:2, state:ACQUIRED)
2024-04-24T04:59:54,600  INFO [main] ql.Driver: Operation CREATETABLE obtained 1 locks
2024-04-24T04:59:54,600  INFO [main] ql.Driver: Executing command(queryId=alex_20240424045954_d8bc61e3-378a-4294-928b-8bd34e25e97f): create table acidTblPart(a int, b int) partitioned by (p string) clustered by (a) into 2 buckets stored as orc TBLPROPERTIES ('transactional'='true')
2024-04-24T04:59:54,600  INFO [main] ql.Driver: Starting task [Stage-0:DDL] in serial mode
2024-04-24T04:59:54,601  INFO [main] HiveMetaStore.audit: ugi=alex	ip=unknown-ip-addr	cmd=create_table_req: Table(tableName:acidTblPart, dbName:default, owner:alex, createTime:1713959994, lastAccessTime:0, retention:0, sd:StorageDescriptor(cols:[FieldSchema(name:a, type:int, comment:null), FieldSchema(name:b, type:int, comment:null)], location:null, inputFormat:org.apache.hadoop.hive.ql.io.orc.OrcInputFormat, outputFormat:org.apache.hadoop.hive.ql.io.orc.OrcOutputFormat, compressed:false, numBuckets:2, serdeInfo:SerDeInfo(name:null, serializationLib:org.apache.hadoop.hive.ql.io.orc.OrcSerde, parameters:{serialization.format=1}), bucketCols:[a], sortCols:[], parameters:{}, skewedInfo:SkewedInfo(skewedColNames:[], skewedColValues:[], skewedColValueLocationMaps:{}), storedAsSubDirectories:false), partitionKeys:[FieldSchema(name:p, type:string, comment:null)], parameters:{transactional=true, bucketing_version=2}, viewOriginalText:null, viewExpandedText:null, tableType:MANAGED_TABLE, privileges:PrincipalPrivilegeSet(userPrivileges:{alex=[PrivilegeGrantInfo(privilege:INSERT, createTime:-1, grantor:alex, grantorType:USER, grantOption:true), PrivilegeGrantInfo(privilege:SELECT, createTime:-1, grantor:alex, grantorType:USER, grantOption:true), PrivilegeGrantInfo(privilege:UPDATE, createTime:-1, grantor:alex, grantorType:USER, grantOption:true), PrivilegeGrantInfo(privilege:DELETE, createTime:-1, grantor:alex, grantorType:USER, grantOption:true)]}, groupPrivileges:null, rolePrivileges:null), temporary:false, catName:hive, ownerType:USER, writeId:0)	
2024-04-24T04:59:54,606  INFO [main] utils.FileUtils: Creating directory if it doesn't exist: file:/home/alex/Repositories/hive/ql/target/tmp/org.apache.hadoop.hive.ql.TestTxnNoBuckets-1713959849960/warehouse/acidtblpart
2024-04-24T04:59:54,621  INFO [main] metadata.Hive: Dumping metastore api call timing information for : execution phase
2024-04-24T04:59:54,621  INFO [main] metadata.Hive: Total time spent in each metastore function (ms): {createTable_(Table)=20, isCompatibleWith_(Configuration)=0}
2024-04-24T04:59:54,621  INFO [main] ql.Driver: Completed executing command(queryId=alex_20240424045954_d8bc61e3-378a-4294-928b-8bd34e25e97f); Time taken: 0.021 seconds
2024-04-24T04:59:54,621  INFO [main] lockmgr.DbTxnManager: Stopped heartbeat for query: alex_20240424045954_d8bc61e3-378a-4294-928b-8bd34e25e97f
2024-04-24T04:59:54,625  INFO [main] txn.TxnHandler: Expected to move at least one record from txn_components to completed_txn_components when committing txn! txnid:8
2024-04-24T04:59:54,629  INFO [main] txn.TxnHandler: Removed transactions: ([8]) from MIN_HISTORY_LEVEL
2024-04-24T04:59:54,630  WARN [main] txn.CompactionTxnHandler: No compaction queue record found for Compaction type transaction commit. txnId:8
2024-04-24T04:59:54,630  INFO [main] ql.TxnCommandsBaseForTests: Running the query: create table nonAcidOrcTbl(a int, b int) clustered by (a) into 2 buckets stored as orc TBLPROPERTIES ('transactional'='false')
2024-04-24T04:59:54,630  INFO [main] ql.Driver: Compiling command(queryId=alex_20240424045954_a203ec2a-8d8f-40a6-b844-0a8ed3124a06): create table nonAcidOrcTbl(a int, b int) clustered by (a) into 2 buckets stored as orc TBLPROPERTIES ('transactional'='false')
2024-04-24T04:59:54,632  INFO [main] txn.TxnHandler: Added entries to MIN_HISTORY_LEVEL for current txns: ([9]) with min_open_txn: 1
2024-04-24T04:59:54,632  INFO [main] lockmgr.DbTxnManager: Opened txnid:9
2024-04-24T04:59:54,633  INFO [main] parse.CalcitePlanner: Starting caching scope for: 
2024-04-24T04:59:54,633  INFO [main] parse.CalcitePlanner: Starting Semantic Analysis
2024-04-24T04:59:54,635  INFO [main] parse.CalcitePlanner: Creating table default.nonAcidOrcTbl position=13
2024-04-24T04:59:54,635  INFO [main] HiveMetaStore.audit: ugi=alex	ip=unknown-ip-addr	cmd=get_database: default	
2024-04-24T04:59:54,636  INFO [main] parse.CalcitePlanner: Ending caching scope for: 
2024-04-24T04:59:54,636  INFO [main] ql.Driver: Semantic Analysis Completed (retrial = false)
2024-04-24T04:59:54,636  INFO [main] ql.Driver: Created Hive schema: Schema(fieldSchemas:null, properties:null)
2024-04-24T04:59:54,637  INFO [main] metadata.Hive: Dumping metastore api call timing information for : compilation phase
2024-04-24T04:59:54,637  INFO [main] metadata.Hive: Total time spent in each metastore function (ms): {flushCache_()=0, commitTxn_(CommitTxnRequest)=9, getValidTxns_(long)=0, openTxn_(String, TxnType)=1, getValidWriteIds_(List, String)=2, isCompatibleWith_(Configuration)=1, getDatabase_(String)=1}
2024-04-24T04:59:54,637  INFO [main] ql.Driver: Completed compiling command(queryId=alex_20240424045954_a203ec2a-8d8f-40a6-b844-0a8ed3124a06); Time taken: 0.007 seconds
2024-04-24T04:59:54,637  INFO [main] lockmgr.DbTxnManager: Setting lock request transaction to txnid:9 for queryId=alex_20240424045954_a203ec2a-8d8f-40a6-b844-0a8ed3124a06
2024-04-24T04:59:54,637  INFO [main] lockmgr.DbLockManager: Requesting lock for queryId=alex_20240424045954_a203ec2a-8d8f-40a6-b844-0a8ed3124a06
2024-04-24T04:59:54,650  INFO [main] lockmgr.DbLockManager: Response to queryId=alex_20240424045954_a203ec2a-8d8f-40a6-b844-0a8ed3124a06 LockResponse(lockid:3, state:ACQUIRED)
2024-04-24T04:59:54,650  INFO [main] ql.Driver: Operation CREATETABLE obtained 1 locks
2024-04-24T04:59:54,650  INFO [main] ql.Driver: Executing command(queryId=alex_20240424045954_a203ec2a-8d8f-40a6-b844-0a8ed3124a06): create table nonAcidOrcTbl(a int, b int) clustered by (a) into 2 buckets stored as orc TBLPROPERTIES ('transactional'='false')
2024-04-24T04:59:54,650  INFO [main] ql.Driver: Starting task [Stage-0:DDL] in serial mode
2024-04-24T04:59:54,651  INFO [main] HiveMetaStore.audit: ugi=alex	ip=unknown-ip-addr	cmd=create_table_req: Table(tableName:nonAcidOrcTbl, dbName:default, owner:alex, createTime:1713959994, lastAccessTime:0, retention:0, sd:StorageDescriptor(cols:[FieldSchema(name:a, type:int, comment:null), FieldSchema(name:b, type:int, comment:null)], location:null, inputFormat:org.apache.hadoop.hive.ql.io.orc.OrcInputFormat, outputFormat:org.apache.hadoop.hive.ql.io.orc.OrcOutputFormat, compressed:false, numBuckets:2, serdeInfo:SerDeInfo(name:null, serializationLib:org.apache.hadoop.hive.ql.io.orc.OrcSerde, parameters:{serialization.format=1}), bucketCols:[a], sortCols:[], parameters:{}, skewedInfo:SkewedInfo(skewedColNames:[], skewedColValues:[], skewedColValueLocationMaps:{}), storedAsSubDirectories:false), partitionKeys:[], parameters:{numFilesErasureCoded=0, totalSize=0, bucketing_version=2, transactional=false, numRows=0, rawDataSize=0, numFiles=0, COLUMN_STATS_ACCURATE={"BASIC_STATS":"true","COLUMN_STATS":{"a":"true","b":"true"}}}, viewOriginalText:null, viewExpandedText:null, tableType:MANAGED_TABLE, privileges:PrincipalPrivilegeSet(userPrivileges:{alex=[PrivilegeGrantInfo(privilege:INSERT, createTime:-1, grantor:alex, grantorType:USER, grantOption:true), PrivilegeGrantInfo(privilege:SELECT, createTime:-1, grantor:alex, grantorType:USER, grantOption:true), PrivilegeGrantInfo(privilege:UPDATE, createTime:-1, grantor:alex, grantorType:USER, grantOption:true), PrivilegeGrantInfo(privilege:DELETE, createTime:-1, grantor:alex, grantorType:USER, grantOption:true)]}, groupPrivileges:null, rolePrivileges:null), temporary:false, catName:hive, ownerType:USER)	
2024-04-24T04:59:54,656  INFO [main] utils.FileUtils: Creating directory if it doesn't exist: file:/home/alex/Repositories/hive/ql/target/tmp/org.apache.hadoop.hive.ql.TestTxnNoBuckets-1713959849960/warehouse/nonacidorctbl
2024-04-24T04:59:54,670  INFO [main] metadata.Hive: Dumping metastore api call timing information for : execution phase
2024-04-24T04:59:54,670  INFO [main] metadata.Hive: Total time spent in each metastore function (ms): {isCompatibleWith_(Configuration)=0, createTable_(Table)=19}
2024-04-24T04:59:54,671  INFO [main] ql.Driver: Completed executing command(queryId=alex_20240424045954_a203ec2a-8d8f-40a6-b844-0a8ed3124a06); Time taken: 0.02 seconds
2024-04-24T04:59:54,671  INFO [main] lockmgr.DbTxnManager: Stopped heartbeat for query: alex_20240424045954_a203ec2a-8d8f-40a6-b844-0a8ed3124a06
2024-04-24T04:59:54,674  INFO [main] txn.TxnHandler: Expected to move at least one record from txn_components to completed_txn_components when committing txn! txnid:9
2024-04-24T04:59:54,679  INFO [main] txn.TxnHandler: Removed transactions: ([9]) from MIN_HISTORY_LEVEL
2024-04-24T04:59:54,679  WARN [main] txn.CompactionTxnHandler: No compaction queue record found for Compaction type transaction commit. txnId:9
2024-04-24T04:59:54,679  INFO [main] ql.TxnCommandsBaseForTests: Running the query: create table nonAcidOrcTbl2(a int, b int) clustered by (a) into 2 buckets stored as orc TBLPROPERTIES ('transactional'='false')
2024-04-24T04:59:54,680  INFO [main] ql.Driver: Compiling command(queryId=alex_20240424045954_e13af2a4-389f-404f-a181-3f5f578f7d5c): create table nonAcidOrcTbl2(a int, b int) clustered by (a) into 2 buckets stored as orc TBLPROPERTIES ('transactional'='false')
2024-04-24T04:59:54,682  INFO [main] txn.TxnHandler: Added entries to MIN_HISTORY_LEVEL for current txns: ([10]) with min_open_txn: 1
2024-04-24T04:59:54,682  INFO [main] lockmgr.DbTxnManager: Opened txnid:10
2024-04-24T04:59:54,682  INFO [main] parse.CalcitePlanner: Starting caching scope for: 
2024-04-24T04:59:54,682  INFO [main] parse.CalcitePlanner: Starting Semantic Analysis
2024-04-24T04:59:54,684  INFO [main] parse.CalcitePlanner: Creating table default.nonAcidOrcTbl2 position=13
2024-04-24T04:59:54,685  INFO [main] HiveMetaStore.audit: ugi=alex	ip=unknown-ip-addr	cmd=get_database: default	
2024-04-24T04:59:54,686  INFO [main] parse.CalcitePlanner: Ending caching scope for: 
2024-04-24T04:59:54,686  INFO [main] ql.Driver: Semantic Analysis Completed (retrial = false)
2024-04-24T04:59:54,686  INFO [main] ql.Driver: Created Hive schema: Schema(fieldSchemas:null, properties:null)
2024-04-24T04:59:54,687  INFO [main] metadata.Hive: Dumping metastore api call timing information for : compilation phase
2024-04-24T04:59:54,687  INFO [main] metadata.Hive: Total time spent in each metastore function (ms): {getValidWriteIds_(List, String)=1, isCompatibleWith_(Configuration)=0, flushCache_()=0, getDatabase_(String)=1, openTxn_(String, TxnType)=2, commitTxn_(CommitTxnRequest)=8, getValidTxns_(long)=0}
2024-04-24T04:59:54,687  INFO [main] ql.Driver: Completed compiling command(queryId=alex_20240424045954_e13af2a4-389f-404f-a181-3f5f578f7d5c); Time taken: 0.006 seconds
2024-04-24T04:59:54,687  INFO [main] lockmgr.DbTxnManager: Setting lock request transaction to txnid:10 for queryId=alex_20240424045954_e13af2a4-389f-404f-a181-3f5f578f7d5c
2024-04-24T04:59:54,687  INFO [main] lockmgr.DbLockManager: Requesting lock for queryId=alex_20240424045954_e13af2a4-389f-404f-a181-3f5f578f7d5c
2024-04-24T04:59:54,699  INFO [main] lockmgr.DbLockManager: Response to queryId=alex_20240424045954_e13af2a4-389f-404f-a181-3f5f578f7d5c LockResponse(lockid:4, state:ACQUIRED)
2024-04-24T04:59:54,699  INFO [main] ql.Driver: Operation CREATETABLE obtained 1 locks
2024-04-24T04:59:54,699  INFO [main] ql.Driver: Executing command(queryId=alex_20240424045954_e13af2a4-389f-404f-a181-3f5f578f7d5c): create table nonAcidOrcTbl2(a int, b int) clustered by (a) into 2 buckets stored as orc TBLPROPERTIES ('transactional'='false')
2024-04-24T04:59:54,700  INFO [main] ql.Driver: Starting task [Stage-0:DDL] in serial mode
2024-04-24T04:59:54,700  INFO [main] HiveMetaStore.audit: ugi=alex	ip=unknown-ip-addr	cmd=create_table_req: Table(tableName:nonAcidOrcTbl2, dbName:default, owner:alex, createTime:1713959994, lastAccessTime:0, retention:0, sd:StorageDescriptor(cols:[FieldSchema(name:a, type:int, comment:null), FieldSchema(name:b, type:int, comment:null)], location:null, inputFormat:org.apache.hadoop.hive.ql.io.orc.OrcInputFormat, outputFormat:org.apache.hadoop.hive.ql.io.orc.OrcOutputFormat, compressed:false, numBuckets:2, serdeInfo:SerDeInfo(name:null, serializationLib:org.apache.hadoop.hive.ql.io.orc.OrcSerde, parameters:{serialization.format=1}), bucketCols:[a], sortCols:[], parameters:{}, skewedInfo:SkewedInfo(skewedColNames:[], skewedColValues:[], skewedColValueLocationMaps:{}), storedAsSubDirectories:false), partitionKeys:[], parameters:{numFiles=0, COLUMN_STATS_ACCURATE={"BASIC_STATS":"true","COLUMN_STATS":{"a":"true","b":"true"}}, totalSize=0, transactional=false, rawDataSize=0, bucketing_version=2, numRows=0, numFilesErasureCoded=0}, viewOriginalText:null, viewExpandedText:null, tableType:MANAGED_TABLE, privileges:PrincipalPrivilegeSet(userPrivileges:{alex=[PrivilegeGrantInfo(privilege:INSERT, createTime:-1, grantor:alex, grantorType:USER, grantOption:true), PrivilegeGrantInfo(privilege:SELECT, createTime:-1, grantor:alex, grantorType:USER, grantOption:true), PrivilegeGrantInfo(privilege:UPDATE, createTime:-1, grantor:alex, grantorType:USER, grantOption:true), PrivilegeGrantInfo(privilege:DELETE, createTime:-1, grantor:alex, grantorType:USER, grantOption:true)]}, groupPrivileges:null, rolePrivileges:null), temporary:false, catName:hive, ownerType:USER)	
2024-04-24T04:59:54,706  INFO [main] utils.FileUtils: Creating directory if it doesn't exist: file:/home/alex/Repositories/hive/ql/target/tmp/org.apache.hadoop.hive.ql.TestTxnNoBuckets-1713959849960/warehouse/nonacidorctbl2
2024-04-24T04:59:54,719  INFO [main] metadata.Hive: Dumping metastore api call timing information for : execution phase
2024-04-24T04:59:54,719  INFO [main] metadata.Hive: Total time spent in each metastore function (ms): {createTable_(Table)=19, isCompatibleWith_(Configuration)=0}
2024-04-24T04:59:54,719  INFO [main] ql.Driver: Completed executing command(queryId=alex_20240424045954_e13af2a4-389f-404f-a181-3f5f578f7d5c); Time taken: 0.02 seconds
2024-04-24T04:59:54,719  INFO [main] lockmgr.DbTxnManager: Stopped heartbeat for query: alex_20240424045954_e13af2a4-389f-404f-a181-3f5f578f7d5c
2024-04-24T04:59:54,722  INFO [main] txn.TxnHandler: Expected to move at least one record from txn_components to completed_txn_components when committing txn! txnid:10
2024-04-24T04:59:54,727  INFO [main] txn.TxnHandler: Removed transactions: ([10]) from MIN_HISTORY_LEVEL
2024-04-24T04:59:54,727  WARN [main] txn.CompactionTxnHandler: No compaction queue record found for Compaction type transaction commit. txnId:10
2024-04-24T04:59:54,728  INFO [main] ql.TxnCommandsBaseForTests: Running the query: create temporary  table acidTbl2(a int, b int, c int) clustered by (c) into 2 buckets stored as orc TBLPROPERTIES ('transactional'='true')
2024-04-24T04:59:54,728  INFO [main] ql.Driver: Compiling command(queryId=alex_20240424045954_6f733ebe-bd02-43ea-8eb6-e2d5d40eaf2c): create temporary  table acidTbl2(a int, b int, c int) clustered by (c) into 2 buckets stored as orc TBLPROPERTIES ('transactional'='true')
2024-04-24T04:59:54,730  INFO [main] txn.TxnHandler: Added entries to MIN_HISTORY_LEVEL for current txns: ([11]) with min_open_txn: 1
2024-04-24T04:59:54,730  INFO [main] lockmgr.DbTxnManager: Opened txnid:11
2024-04-24T04:59:54,731  INFO [main] parse.CalcitePlanner: Starting caching scope for: 
2024-04-24T04:59:54,731  INFO [main] parse.CalcitePlanner: Starting Semantic Analysis
2024-04-24T04:59:54,733  INFO [main] parse.CalcitePlanner: Creating table default.acidTbl2 position=24
2024-04-24T04:59:54,733  INFO [main] HiveMetaStore.audit: ugi=alex	ip=unknown-ip-addr	cmd=get_database: default	
2024-04-24T04:59:54,735  INFO [main] parse.CalcitePlanner: Ending caching scope for: 
2024-04-24T04:59:54,735  INFO [main] ql.Driver: Semantic Analysis Completed (retrial = false)
2024-04-24T04:59:54,735  INFO [main] ql.Driver: Created Hive schema: Schema(fieldSchemas:null, properties:null)
2024-04-24T04:59:54,735  INFO [main] metadata.Hive: Dumping metastore api call timing information for : compilation phase
2024-04-24T04:59:54,735  INFO [main] metadata.Hive: Total time spent in each metastore function (ms): {flushCache_()=0, isCompatibleWith_(Configuration)=1, getDatabase_(String)=2, getValidWriteIds_(List, String)=2, openTxn_(String, TxnType)=1, getValidTxns_(long)=0, commitTxn_(CommitTxnRequest)=9}
2024-04-24T04:59:54,735  INFO [main] ql.Driver: Completed compiling command(queryId=alex_20240424045954_6f733ebe-bd02-43ea-8eb6-e2d5d40eaf2c); Time taken: 0.007 seconds
2024-04-24T04:59:54,735  INFO [main] lockmgr.DbTxnManager: Setting lock request transaction to txnid:11 for queryId=alex_20240424045954_6f733ebe-bd02-43ea-8eb6-e2d5d40eaf2c
2024-04-24T04:59:54,736  INFO [main] lockmgr.DbLockManager: Requesting lock for queryId=alex_20240424045954_6f733ebe-bd02-43ea-8eb6-e2d5d40eaf2c
2024-04-24T04:59:54,748  INFO [main] lockmgr.DbLockManager: Response to queryId=alex_20240424045954_6f733ebe-bd02-43ea-8eb6-e2d5d40eaf2c LockResponse(lockid:5, state:ACQUIRED)
2024-04-24T04:59:54,748  INFO [main] ql.Driver: Operation CREATETABLE obtained 1 locks
2024-04-24T04:59:54,748  INFO [main] ql.Driver: Executing command(queryId=alex_20240424045954_6f733ebe-bd02-43ea-8eb6-e2d5d40eaf2c): create temporary  table acidTbl2(a int, b int, c int) clustered by (c) into 2 buckets stored as orc TBLPROPERTIES ('transactional'='true')
2024-04-24T04:59:54,749  INFO [main] ql.Driver: Starting task [Stage-0:DDL] in serial mode
2024-04-24T04:59:54,750  INFO [main] utils.FileUtils: Creating directory if it doesn't exist: file:/home/alex/Repositories/hive/ql/target/tmp/scratchdir/alex/f4211df6-1f20-4624-ab6a-b1a20e1d15e7/_tmp_space.db/df90fd90-98be-4bde-91fb-8cba40f6353f
2024-04-24T04:59:54,752  INFO [main] metadata.Hive: Dumping metastore api call timing information for : execution phase
2024-04-24T04:59:54,752  INFO [main] metadata.Hive: Total time spent in each metastore function (ms): {createTable_(Table)=3, isCompatibleWith_(Configuration)=0}
2024-04-24T04:59:54,753  INFO [main] ql.Driver: Completed executing command(queryId=alex_20240424045954_6f733ebe-bd02-43ea-8eb6-e2d5d40eaf2c); Time taken: 0.004 seconds
2024-04-24T04:59:54,753  INFO [main] lockmgr.DbTxnManager: Stopped heartbeat for query: alex_20240424045954_6f733ebe-bd02-43ea-8eb6-e2d5d40eaf2c
2024-04-24T04:59:54,756  INFO [main] txn.TxnHandler: Expected to move at least one record from txn_components to completed_txn_components when committing txn! txnid:11
2024-04-24T04:59:54,761  INFO [main] txn.TxnHandler: Removed transactions: ([11]) from MIN_HISTORY_LEVEL
2024-04-24T04:59:54,761  WARN [main] txn.CompactionTxnHandler: No compaction queue record found for Compaction type transaction commit. txnId:11
2024-04-24T04:59:54,762  INFO [main] ql.TxnCommandsBaseForTests: Running the query: create table nonAcidNonBucket(a int, b int) stored as orc TBLPROPERTIES ('transactional'='false')
2024-04-24T04:59:54,762  INFO [main] ql.Driver: Compiling command(queryId=alex_20240424045954_cb9ec9a0-128b-4084-b100-425cfe94ff7b): create table nonAcidNonBucket(a int, b int) stored as orc TBLPROPERTIES ('transactional'='false')
2024-04-24T04:59:54,764  INFO [main] txn.TxnHandler: Added entries to MIN_HISTORY_LEVEL for current txns: ([12]) with min_open_txn: 1
2024-04-24T04:59:54,764  INFO [main] lockmgr.DbTxnManager: Opened txnid:12
2024-04-24T04:59:54,764  INFO [main] parse.CalcitePlanner: Starting caching scope for: 
2024-04-24T04:59:54,764  INFO [main] parse.CalcitePlanner: Starting Semantic Analysis
2024-04-24T04:59:54,766  INFO [main] parse.CalcitePlanner: Creating table default.nonAcidNonBucket position=13
2024-04-24T04:59:54,767  INFO [main] HiveMetaStore.audit: ugi=alex	ip=unknown-ip-addr	cmd=get_database: default	
2024-04-24T04:59:54,768  INFO [main] parse.CalcitePlanner: Ending caching scope for: 
2024-04-24T04:59:54,768  INFO [main] ql.Driver: Semantic Analysis Completed (retrial = false)
2024-04-24T04:59:54,768  INFO [main] ql.Driver: Created Hive schema: Schema(fieldSchemas:null, properties:null)
2024-04-24T04:59:54,768  INFO [main] metadata.Hive: Dumping metastore api call timing information for : compilation phase
2024-04-24T04:59:54,768  INFO [main] metadata.Hive: Total time spent in each metastore function (ms): {getValidWriteIds_(List, String)=2, isCompatibleWith_(Configuration)=0, flushCache_()=0, getDatabase_(String)=2, openTxn_(String, TxnType)=2, getValidTxns_(long)=0, commitTxn_(CommitTxnRequest)=8}
2024-04-24T04:59:54,769  INFO [main] ql.Driver: Completed compiling command(queryId=alex_20240424045954_cb9ec9a0-128b-4084-b100-425cfe94ff7b); Time taken: 0.006 seconds
2024-04-24T04:59:54,769  INFO [main] lockmgr.DbTxnManager: Setting lock request transaction to txnid:12 for queryId=alex_20240424045954_cb9ec9a0-128b-4084-b100-425cfe94ff7b
2024-04-24T04:59:54,769  INFO [main] lockmgr.DbLockManager: Requesting lock for queryId=alex_20240424045954_cb9ec9a0-128b-4084-b100-425cfe94ff7b
2024-04-24T04:59:54,782  INFO [main] lockmgr.DbLockManager: Response to queryId=alex_20240424045954_cb9ec9a0-128b-4084-b100-425cfe94ff7b LockResponse(lockid:6, state:ACQUIRED)
2024-04-24T04:59:54,782  INFO [main] ql.Driver: Operation CREATETABLE obtained 1 locks
2024-04-24T04:59:54,782  INFO [main] ql.Driver: Executing command(queryId=alex_20240424045954_cb9ec9a0-128b-4084-b100-425cfe94ff7b): create table nonAcidNonBucket(a int, b int) stored as orc TBLPROPERTIES ('transactional'='false')
2024-04-24T04:59:54,782  INFO [main] ql.Driver: Starting task [Stage-0:DDL] in serial mode
2024-04-24T04:59:54,783  INFO [main] HiveMetaStore.audit: ugi=alex	ip=unknown-ip-addr	cmd=create_table_req: Table(tableName:nonAcidNonBucket, dbName:default, owner:alex, createTime:1713959994, lastAccessTime:0, retention:0, sd:StorageDescriptor(cols:[FieldSchema(name:a, type:int, comment:null), FieldSchema(name:b, type:int, comment:null)], location:null, inputFormat:org.apache.hadoop.hive.ql.io.orc.OrcInputFormat, outputFormat:org.apache.hadoop.hive.ql.io.orc.OrcOutputFormat, compressed:false, numBuckets:-1, serdeInfo:SerDeInfo(name:null, serializationLib:org.apache.hadoop.hive.ql.io.orc.OrcSerde, parameters:{serialization.format=1}), bucketCols:[], sortCols:[], parameters:{}, skewedInfo:SkewedInfo(skewedColNames:[], skewedColValues:[], skewedColValueLocationMaps:{}), storedAsSubDirectories:false), partitionKeys:[], parameters:{numFiles=0, transactional=false, COLUMN_STATS_ACCURATE={"BASIC_STATS":"true","COLUMN_STATS":{"a":"true","b":"true"}}, numRows=0, bucketing_version=2, totalSize=0, rawDataSize=0, numFilesErasureCoded=0}, viewOriginalText:null, viewExpandedText:null, tableType:MANAGED_TABLE, privileges:PrincipalPrivilegeSet(userPrivileges:{alex=[PrivilegeGrantInfo(privilege:INSERT, createTime:-1, grantor:alex, grantorType:USER, grantOption:true), PrivilegeGrantInfo(privilege:SELECT, createTime:-1, grantor:alex, grantorType:USER, grantOption:true), PrivilegeGrantInfo(privilege:UPDATE, createTime:-1, grantor:alex, grantorType:USER, grantOption:true), PrivilegeGrantInfo(privilege:DELETE, createTime:-1, grantor:alex, grantorType:USER, grantOption:true)]}, groupPrivileges:null, rolePrivileges:null), temporary:false, catName:hive, ownerType:USER)	
2024-04-24T04:59:54,788  INFO [main] utils.FileUtils: Creating directory if it doesn't exist: file:/home/alex/Repositories/hive/ql/target/tmp/org.apache.hadoop.hive.ql.TestTxnNoBuckets-1713959849960/warehouse/nonacidnonbucket
2024-04-24T04:59:54,801  INFO [main] metadata.Hive: Dumping metastore api call timing information for : execution phase
2024-04-24T04:59:54,801  INFO [main] metadata.Hive: Total time spent in each metastore function (ms): {isCompatibleWith_(Configuration)=0, createTable_(Table)=18}
2024-04-24T04:59:54,801  INFO [main] ql.Driver: Completed executing command(queryId=alex_20240424045954_cb9ec9a0-128b-4084-b100-425cfe94ff7b); Time taken: 0.019 seconds
2024-04-24T04:59:54,801  INFO [main] lockmgr.DbTxnManager: Stopped heartbeat for query: alex_20240424045954_cb9ec9a0-128b-4084-b100-425cfe94ff7b
2024-04-24T04:59:54,805  INFO [main] txn.TxnHandler: Expected to move at least one record from txn_components to completed_txn_components when committing txn! txnid:12
2024-04-24T04:59:54,810  INFO [main] txn.TxnHandler: Removed transactions: ([12]) from MIN_HISTORY_LEVEL
2024-04-24T04:59:54,810  WARN [main] txn.CompactionTxnHandler: No compaction queue record found for Compaction type transaction commit. txnId:12
2024-04-24T04:59:54,810  INFO [main] ql.TxnCommandsBaseForTests: Running the query: drop table if exists T
2024-04-24T04:59:54,811  INFO [main] ql.Driver: Compiling command(queryId=alex_20240424045954_2b76b08f-6cb3-4a84-b24c-83c39107c1f9): drop table if exists T
2024-04-24T04:59:54,812  INFO [main] txn.TxnHandler: Added entries to MIN_HISTORY_LEVEL for current txns: ([13]) with min_open_txn: 1
2024-04-24T04:59:54,813  INFO [main] lockmgr.DbTxnManager: Opened txnid:13
2024-04-24T04:59:54,813  INFO [main] HiveMetaStore.audit: ugi=alex	ip=unknown-ip-addr	cmd=get_table : tbl=hive.default.T	
2024-04-24T04:59:54,829  INFO [main] metastore.HMSHandler: Skipping translation for processor with null
2024-04-24T04:59:54,830  INFO [main] ql.Driver: Semantic Analysis Completed (retrial = false)
2024-04-24T04:59:54,830  INFO [main] ql.Driver: Created Hive schema: Schema(fieldSchemas:null, properties:null)
2024-04-24T04:59:54,830  INFO [main] metadata.Hive: Dumping metastore api call timing information for : compilation phase
2024-04-24T04:59:54,830  INFO [main] metadata.Hive: Total time spent in each metastore function (ms): {flushCache_()=0, commitTxn_(CommitTxnRequest)=8, getValidTxns_(long)=0, isCompatibleWith_(Configuration)=0, getTable_(GetTableRequest)=17, openTxn_(String, TxnType)=2}
2024-04-24T04:59:54,830  INFO [main] ql.Driver: Completed compiling command(queryId=alex_20240424045954_2b76b08f-6cb3-4a84-b24c-83c39107c1f9); Time taken: 0.02 seconds
2024-04-24T04:59:54,830  INFO [main] lockmgr.DbTxnManager: Setting lock request transaction to txnid:13 for queryId=alex_20240424045954_2b76b08f-6cb3-4a84-b24c-83c39107c1f9
2024-04-24T04:59:54,831  INFO [main] lockmgr.DbLockManager: Requesting lock for queryId=alex_20240424045954_2b76b08f-6cb3-4a84-b24c-83c39107c1f9
2024-04-24T04:59:54,847  INFO [main] lockmgr.DbLockManager: Response to queryId=alex_20240424045954_2b76b08f-6cb3-4a84-b24c-83c39107c1f9 LockResponse(lockid:7, state:ACQUIRED)
2024-04-24T04:59:54,847  INFO [main] ql.Driver: Operation DROPTABLE obtained 1 locks
2024-04-24T04:59:54,847  INFO [main] ql.Driver: Executing command(queryId=alex_20240424045954_2b76b08f-6cb3-4a84-b24c-83c39107c1f9): drop table if exists T
2024-04-24T04:59:54,848  INFO [main] ql.Driver: Starting task [Stage-0:DDL] in serial mode
2024-04-24T04:59:54,848  INFO [main] HiveMetaStore.audit: ugi=alex	ip=unknown-ip-addr	cmd=get_table : tbl=hive.default.T	
2024-04-24T04:59:54,854  INFO [main] metastore.HMSHandler: Skipping translation for processor with null
2024-04-24T04:59:54,854  INFO [main] HiveMetaStore.audit: ugi=alex	ip=unknown-ip-addr	cmd=get_table : tbl=hive.default.T	
2024-04-24T04:59:54,860  INFO [main] metastore.HMSHandler: Skipping translation for processor with null
2024-04-24T04:59:54,860  INFO [main] HiveMetaStore.audit: ugi=alex	ip=unknown-ip-addr	cmd=drop_table : tbl=hive.default.T	
2024-04-24T04:59:54,957  WARN [main] utils.FileUtils: File file:/home/alex/Repositories/hive/ql/target/tmp/org.apache.hadoop.hive.ql.TestTxnNoBuckets-1713959849960/warehouse/t does not exist; Force to delete it.
2024-04-24T04:59:54,957 ERROR [main] utils.FileUtils: Failed to delete file:/home/alex/Repositories/hive/ql/target/tmp/org.apache.hadoop.hive.ql.TestTxnNoBuckets-1713959849960/warehouse/t
2024-04-24T04:59:54,957  INFO [main] metadata.Hive: Dumping metastore api call timing information for : execution phase
2024-04-24T04:59:54,957  INFO [main] metadata.Hive: Total time spent in each metastore function (ms): {getTable_(GetTableRequest)=6, dropTable_(String, String, boolean, boolean, boolean)=103, isCompatibleWith_(Configuration)=0}
2024-04-24T04:59:54,957  INFO [main] ql.Driver: Completed executing command(queryId=alex_20240424045954_2b76b08f-6cb3-4a84-b24c-83c39107c1f9); Time taken: 0.11 seconds
2024-04-24T04:59:54,957  INFO [main] lockmgr.DbTxnManager: Stopped heartbeat for query: alex_20240424045954_2b76b08f-6cb3-4a84-b24c-83c39107c1f9
2024-04-24T04:59:54,961  INFO [main] txn.TxnHandler: Expected to move at least one record from txn_components to completed_txn_components when committing txn! txnid:13
2024-04-24T04:59:54,966  INFO [main] txn.TxnHandler: Removed transactions: ([13]) from MIN_HISTORY_LEVEL
2024-04-24T04:59:54,966  WARN [main] txn.CompactionTxnHandler: No compaction queue record found for Compaction type transaction commit. txnId:13
2024-04-24T04:59:54,966  INFO [main] ql.TxnCommandsBaseForTests: Running the query: create table T(a int, b int) stored as orc tblproperties('transactional'='false')
2024-04-24T04:59:54,966  INFO [main] ql.Driver: Compiling command(queryId=alex_20240424045954_c7b3e796-7163-470a-a893-e8e0150d066b): create table T(a int, b int) stored as orc tblproperties('transactional'='false')
2024-04-24T04:59:54,969  INFO [main] txn.TxnHandler: Added entries to MIN_HISTORY_LEVEL for current txns: ([14]) with min_open_txn: 1
2024-04-24T04:59:54,969  INFO [main] lockmgr.DbTxnManager: Opened txnid:14
2024-04-24T04:59:54,969  INFO [main] parse.CalcitePlanner: Starting caching scope for: 
2024-04-24T04:59:54,969  INFO [main] parse.CalcitePlanner: Starting Semantic Analysis
2024-04-24T04:59:54,974  INFO [main] parse.CalcitePlanner: Creating table default.T position=13
2024-04-24T04:59:54,974  INFO [main] HiveMetaStore.audit: ugi=alex	ip=unknown-ip-addr	cmd=get_database: default	
2024-04-24T04:59:54,975  INFO [main] parse.CalcitePlanner: Ending caching scope for: 
2024-04-24T04:59:54,975  INFO [main] ql.Driver: Semantic Analysis Completed (retrial = false)
2024-04-24T04:59:54,975  INFO [main] ql.Driver: Created Hive schema: Schema(fieldSchemas:null, properties:null)
2024-04-24T04:59:54,975  INFO [main] metadata.Hive: Dumping metastore api call timing information for : compilation phase
2024-04-24T04:59:54,976  INFO [main] metadata.Hive: Total time spent in each metastore function (ms): {commitTxn_(CommitTxnRequest)=8, isCompatibleWith_(Configuration)=1, getDatabase_(String)=1, openTxn_(String, TxnType)=2, getValidTxns_(long)=0, flushCache_()=0, getValidWriteIds_(List, String)=5}
2024-04-24T04:59:54,976  INFO [main] ql.Driver: Completed compiling command(queryId=alex_20240424045954_c7b3e796-7163-470a-a893-e8e0150d066b); Time taken: 0.009 seconds
2024-04-24T04:59:54,976  INFO [main] lockmgr.DbTxnManager: Setting lock request transaction to txnid:14 for queryId=alex_20240424045954_c7b3e796-7163-470a-a893-e8e0150d066b
2024-04-24T04:59:54,976  INFO [main] lockmgr.DbLockManager: Requesting lock for queryId=alex_20240424045954_c7b3e796-7163-470a-a893-e8e0150d066b
2024-04-24T04:59:54,989  INFO [main] lockmgr.DbLockManager: Response to queryId=alex_20240424045954_c7b3e796-7163-470a-a893-e8e0150d066b LockResponse(lockid:8, state:ACQUIRED)
2024-04-24T04:59:54,989  INFO [main] ql.Driver: Operation CREATETABLE obtained 1 locks
2024-04-24T04:59:54,989  INFO [main] ql.Driver: Executing command(queryId=alex_20240424045954_c7b3e796-7163-470a-a893-e8e0150d066b): create table T(a int, b int) stored as orc tblproperties('transactional'='false')
2024-04-24T04:59:54,989  INFO [main] ql.Driver: Starting task [Stage-0:DDL] in serial mode
2024-04-24T04:59:54,990  INFO [main] HiveMetaStore.audit: ugi=alex	ip=unknown-ip-addr	cmd=create_table_req: Table(tableName:T, dbName:default, owner:alex, createTime:1713959994, lastAccessTime:0, retention:0, sd:StorageDescriptor(cols:[FieldSchema(name:a, type:int, comment:null), FieldSchema(name:b, type:int, comment:null)], location:null, inputFormat:org.apache.hadoop.hive.ql.io.orc.OrcInputFormat, outputFormat:org.apache.hadoop.hive.ql.io.orc.OrcOutputFormat, compressed:false, numBuckets:-1, serdeInfo:SerDeInfo(name:null, serializationLib:org.apache.hadoop.hive.ql.io.orc.OrcSerde, parameters:{serialization.format=1}), bucketCols:[], sortCols:[], parameters:{}, skewedInfo:SkewedInfo(skewedColNames:[], skewedColValues:[], skewedColValueLocationMaps:{}), storedAsSubDirectories:false), partitionKeys:[], parameters:{numRows=0, numFilesErasureCoded=0, bucketing_version=2, COLUMN_STATS_ACCURATE={"BASIC_STATS":"true","COLUMN_STATS":{"a":"true","b":"true"}}, numFiles=0, rawDataSize=0, transactional=false, totalSize=0}, viewOriginalText:null, viewExpandedText:null, tableType:MANAGED_TABLE, privileges:PrincipalPrivilegeSet(userPrivileges:{alex=[PrivilegeGrantInfo(privilege:INSERT, createTime:-1, grantor:alex, grantorType:USER, grantOption:true), PrivilegeGrantInfo(privilege:SELECT, createTime:-1, grantor:alex, grantorType:USER, grantOption:true), PrivilegeGrantInfo(privilege:UPDATE, createTime:-1, grantor:alex, grantorType:USER, grantOption:true), PrivilegeGrantInfo(privilege:DELETE, createTime:-1, grantor:alex, grantorType:USER, grantOption:true)]}, groupPrivileges:null, rolePrivileges:null), temporary:false, catName:hive, ownerType:USER)	
2024-04-24T04:59:54,995  INFO [main] utils.FileUtils: Creating directory if it doesn't exist: file:/home/alex/Repositories/hive/ql/target/tmp/org.apache.hadoop.hive.ql.TestTxnNoBuckets-1713959849960/warehouse/t
2024-04-24T04:59:55,025  INFO [main] metadata.Hive: Dumping metastore api call timing information for : execution phase
2024-04-24T04:59:55,025  INFO [main] metadata.Hive: Total time spent in each metastore function (ms): {isCompatibleWith_(Configuration)=0, createTable_(Table)=34}
2024-04-24T04:59:55,025  INFO [main] ql.Driver: Completed executing command(queryId=alex_20240424045954_c7b3e796-7163-470a-a893-e8e0150d066b); Time taken: 0.036 seconds
2024-04-24T04:59:55,025  INFO [main] lockmgr.DbTxnManager: Stopped heartbeat for query: alex_20240424045954_c7b3e796-7163-470a-a893-e8e0150d066b
2024-04-24T04:59:55,028  INFO [main] txn.TxnHandler: Expected to move at least one record from txn_components to completed_txn_components when committing txn! txnid:14
2024-04-24T04:59:55,033  INFO [main] txn.TxnHandler: Removed transactions: ([14]) from MIN_HISTORY_LEVEL
2024-04-24T04:59:55,033  WARN [main] txn.CompactionTxnHandler: No compaction queue record found for Compaction type transaction commit. txnId:14
2024-04-24T04:59:55,034  INFO [main] ql.TxnCommandsBaseForTests: Running the query: insert into T(a, b)  values(1,2),(2,4),(5,6),(6,8),(9,10)
2024-04-24T04:59:55,034  INFO [main] ql.Driver: Compiling command(queryId=alex_20240424045955_8aed42e1-8167-447d-9745-c32710afeac5): insert into T(a, b)  values(1,2),(2,4),(5,6),(6,8),(9,10)
2024-04-24T04:59:55,036  INFO [main] txn.TxnHandler: Added entries to MIN_HISTORY_LEVEL for current txns: ([15]) with min_open_txn: 1
2024-04-24T04:59:55,037  INFO [main] lockmgr.DbTxnManager: Opened txnid:15
2024-04-24T04:59:55,037  INFO [main] parse.CalcitePlanner: Starting caching scope for: 
2024-04-24T04:59:55,037  INFO [main] parse.CalcitePlanner: Starting Semantic Analysis
2024-04-24T04:59:55,039  INFO [main] HiveMetaStore.audit: ugi=alex	ip=unknown-ip-addr	cmd=get_table : tbl=hive.default.T	
2024-04-24T04:59:55,064  INFO [main] metastore.HMSHandler: Skipping translation for processor with null
2024-04-24T04:59:55,064  INFO [main] parse.CalcitePlanner: Completed phase 1 of Semantic Analysis
2024-04-24T04:59:55,064  INFO [main] parse.CalcitePlanner: Get metadata for source tables
2024-04-24T04:59:55,064  INFO [main] parse.CalcitePlanner: Get metadata for subqueries
2024-04-24T04:59:55,064  INFO [main] parse.CalcitePlanner: Get metadata for destination tables
2024-04-24T04:59:55,064  INFO [main] HiveMetaStore.audit: ugi=alex	ip=unknown-ip-addr	cmd=get_table : tbl=hive.default.T	
2024-04-24T04:59:55,073  INFO [main] metastore.HMSHandler: Skipping translation for processor with null
2024-04-24T04:59:55,073  INFO [main] parse.CalcitePlanner: Completed getting MetaData in Semantic Analysis
2024-04-24T04:59:55,073  INFO [main] parse.CalcitePlanner: Disabling LLAP IO encode as ETL query is detected
2024-04-24T04:59:55,093  INFO [main] HiveMetaStore.audit: ugi=alex	ip=unknown-ip-addr	cmd=get_all_table_constraints : tbl=hive._dummy_database._dummy_table	
2024-04-24T04:59:55,159  INFO [main] parse.CalcitePlanner: Get metadata for source tables
2024-04-24T04:59:55,159  INFO [main] parse.CalcitePlanner: Get metadata for subqueries
2024-04-24T04:59:55,159  INFO [main] parse.CalcitePlanner: Get metadata for source tables
2024-04-24T04:59:55,159  INFO [main] HiveMetaStore.audit: ugi=alex	ip=unknown-ip-addr	cmd=get_table : tbl=hive._dummy_database._dummy_table	
2024-04-24T04:59:55,161  INFO [main] parse.CalcitePlanner: Get metadata for subqueries
2024-04-24T04:59:55,161  INFO [main] parse.CalcitePlanner: Get metadata for destination tables
2024-04-24T04:59:55,161  INFO [main] parse.CalcitePlanner: Get metadata for destination tables
2024-04-24T04:59:55,162  INFO [main] HiveMetaStore.audit: ugi=alex	ip=unknown-ip-addr	cmd=get_table : tbl=hive.default.T	
2024-04-24T04:59:55,170  INFO [main] metastore.HMSHandler: Skipping translation for processor with null
2024-04-24T04:59:55,171  INFO [main] common.FileUtils: Creating directory if it doesn't exist: file:/home/alex/Repositories/hive/ql/target/tmp/org.apache.hadoop.hive.ql.TestTxnNoBuckets-1713959849960/warehouse/t/.hive-staging_hive_2024-04-24_04-59-55_034_3231641209255575207-1
2024-04-24T04:59:55,174  INFO [main] HiveMetaStore.audit: ugi=alex	ip=unknown-ip-addr	cmd=get_not_null_constraints : tbl=hive.default.t	
2024-04-24T04:59:55,175  INFO [main] HiveMetaStore.audit: ugi=alex	ip=unknown-ip-addr	cmd=get_check_constraints : tbl=hive.default.t	
2024-04-24T04:59:55,176  INFO [main] parse.CalcitePlanner: CBO Succeeded; optimized logical plan.
2024-04-24T04:59:55,179  INFO [main] optimizer.BucketVersionPopulator: not considering bucketingVersion for: TS[0] because it has -1<2 buckets 
2024-04-24T04:59:55,179  INFO [main] optimizer.SortedDynPartitionOptimizer: Sorted dynamic partitioning optimization kicked in..
2024-04-24T04:59:55,187  INFO [main] HiveMetaStore.audit: ugi=alex	ip=unknown-ip-addr	cmd=get_table : tbl=hive.default.t	
2024-04-24T04:59:55,195  INFO [main] metastore.HMSHandler: Skipping translation for processor with null
2024-04-24T04:59:55,196  INFO [main] optimizer.GenMRFileSink1: using CombineHiveInputformat for the merge job
2024-04-24T04:59:55,196  INFO [main] HiveMetaStore.audit: ugi=alex	ip=unknown-ip-addr	cmd=get_table : tbl=hive.default.t	
2024-04-24T04:59:55,205  INFO [main] metastore.HMSHandler: Skipping translation for processor with null
2024-04-24T04:59:55,206  INFO [main] physical.Vectorizer: Examining input format to see if vectorization is enabled.
2024-04-24T04:59:55,207  INFO [main] physical.Vectorizer: Map vectorization enabled: false
2024-04-24T04:59:55,207  INFO [main] physical.Vectorizer: Map vectorized: false
2024-04-24T04:59:55,207  INFO [main] physical.Vectorizer: Map vectorizedVertexNum: 0
2024-04-24T04:59:55,207  INFO [main] physical.Vectorizer: Map enabledConditionsMet: [hive.vectorized.use.vectorized.input.format IS true]
2024-04-24T04:59:55,207  INFO [main] physical.Vectorizer: Map enabledConditionsNotMet: [Could not enable vectorization due to partition column names size 1 is greater than the number of table column names size 0 IS false]
2024-04-24T04:59:55,207  INFO [main] physical.Vectorizer: Map inputFileFormatClassNameSet: [org.apache.hadoop.hive.ql.io.NullRowsInputFormat]
2024-04-24T04:59:55,207  INFO [main] parse.CalcitePlanner: Completed plan generation
2024-04-24T04:59:55,207  INFO [main] parse.CalcitePlanner: Ending caching scope for: 
2024-04-24T04:59:55,207  INFO [main] ql.Driver: Semantic Analysis Completed (retrial = false)
2024-04-24T04:59:55,207  INFO [main] ql.Driver: Created Hive schema: Schema(fieldSchemas:[FieldSchema(name:_col0, type:int, comment:null), FieldSchema(name:_col1, type:int, comment:null)], properties:null)
2024-04-24T04:59:55,208  INFO [main] metadata.Hive: Dumping metastore api call timing information for : compilation phase
2024-04-24T04:59:55,208  INFO [main] metadata.Hive: Total time spent in each metastore function (ms): {getCheckConstraints_(CheckConstraintsRequest)=1, getNotNullConstraints_(NotNullConstraintsRequest)=1, getValidTxns_(long)=0, commitTxn_(CommitTxnRequest)=9, isCompatibleWith_(Configuration)=0, getTable_(GetTableRequest)=61, getAllTableConstraints_(AllTableConstraintsRequest)=24, flushCache_()=0, getValidWriteIds_(List, String)=2, openTxn_(String, TxnType)=2}
2024-04-24T04:59:55,208  INFO [main] ql.Driver: Completed compiling command(queryId=alex_20240424045955_8aed42e1-8167-447d-9745-c32710afeac5); Time taken: 0.173 seconds
2024-04-24T04:59:55,208  INFO [main] lockmgr.DbTxnManager: Setting lock request transaction to txnid:15 for queryId=alex_20240424045955_8aed42e1-8167-447d-9745-c32710afeac5
2024-04-24T04:59:55,208  INFO [main] lockmgr.DbLockManager: Requesting lock for queryId=alex_20240424045955_8aed42e1-8167-447d-9745-c32710afeac5
2024-04-24T04:59:55,224  INFO [main] lockmgr.DbLockManager: Response to queryId=alex_20240424045955_8aed42e1-8167-447d-9745-c32710afeac5 LockResponse(lockid:9, state:ACQUIRED)
2024-04-24T04:59:55,224  INFO [main] ql.Driver: Operation QUERY obtained 1 locks
2024-04-24T04:59:55,224  INFO [main] ql.Driver: Executing command(queryId=alex_20240424045955_8aed42e1-8167-447d-9745-c32710afeac5): insert into T(a, b)  values(1,2),(2,4),(5,6),(6,8),(9,10)
2024-04-24T04:59:55,225  WARN [main] ql.Driver: Hive-on-MR is deprecated in Hive 2 and may not be available in the future versions. Consider using a different execution engine (i.e. tez, spark) or using Hive 1.X releases.
Query ID = alex_20240424045955_8aed42e1-8167-447d-9745-c32710afeac5
2024-04-24T04:59:55,225  INFO [main] ql.Driver: Query ID = alex_20240424045955_8aed42e1-8167-447d-9745-c32710afeac5
Total jobs = 1
2024-04-24T04:59:55,225  INFO [main] ql.Driver: Total jobs = 1
Launching Job 1 out of 1
2024-04-24T04:59:55,225  INFO [main] ql.Driver: Launching Job 1 out of 1
2024-04-24T04:59:55,378  INFO [main] ql.Driver: Starting task [Stage-1:MAPRED] in serial mode
Number of reduce tasks is set to 0 since there's no reduce operator
2024-04-24T04:59:55,378  INFO [main] exec.Task: Number of reduce tasks is set to 0 since there's no reduce operator
2024-04-24T04:59:55,380  INFO [main] mr.ExecDriver: Using org.apache.hadoop.hive.ql.io.HiveInputFormat
2024-04-24T04:59:55,381  INFO [main] exec.Utilities: Processing alias $hdt$_0:_dummy_table
2024-04-24T04:59:55,381  INFO [main] exec.Utilities: Adding 1 inputs; the first input is file:/home/alex/Repositories/hive/ql/target/tmp/localscratchdir/f4211df6-1f20-4624-ab6a-b1a20e1d15e7/hive_2024-04-24_04-59-55_034_3231641209255575207-1/dummy_path
2024-04-24T04:59:55,389  INFO [main] exec.SerializationUtilities: Serializing MapWork using kryo
2024-04-24T04:59:55,390  INFO [main] exec.Utilities: Serialized plan (via FILE) - name: null size: 6,13KB
2024-04-24T04:59:55,391  WARN [main] impl.MetricsSystemImpl: JobTracker metrics system already initialized!
2024-04-24T04:59:55,395  INFO [main] fs.FSStatsPublisher: created : file:/home/alex/Repositories/hive/ql/target/tmp/localscratchdir/f4211df6-1f20-4624-ab6a-b1a20e1d15e7/hive_2024-04-24_04-59-55_034_3231641209255575207-1/-mr-10001
2024-04-24T04:59:55,399  WARN [main] impl.MetricsSystemImpl: JobTracker metrics system already initialized!
2024-04-24T04:59:55,405  WARN [main] mapreduce.JobResourceUploader: Hadoop command-line option parsing not performed. Implement the Tool interface and execute your application with ToolRunner to remedy this.
2024-04-24T04:59:55,409  WARN [main] mapreduce.JobResourceUploader: No job jar file set.  User classes may not be found. See Job or Job#setJar(String).
2024-04-24T04:59:55,410  INFO [main] io.HiveInputFormat: hive.io.file.readcolumn.ids = 
2024-04-24T04:59:55,410  INFO [main] io.HiveInputFormat: hive.io.file.readcolumn.names = 
2024-04-24T04:59:55,410  INFO [main] io.HiveInputFormat: Generating splits for dirs: file:/home/alex/Repositories/hive/ql/target/tmp/localscratchdir/f4211df6-1f20-4624-ab6a-b1a20e1d15e7/hive_2024-04-24_04-59-55_034_3231641209255575207-1/dummy_path
2024-04-24T04:59:55,411  INFO [main] io.HiveInputFormat: number of splits 1
2024-04-24T04:59:55,429  INFO [main] mapreduce.JobSubmitter: number of splits:1
2024-04-24T04:59:55,448  INFO [main] mapreduce.JobSubmitter: Submitting tokens for job: job_local176840322_0066
2024-04-24T04:59:55,448  INFO [main] mapreduce.JobSubmitter: Executing with tokens: []
2024-04-24T04:59:55,507  INFO [main] mapreduce.Job: The url to track the job: http://localhost:8080/
Job running in-process (local Hadoop)
2024-04-24T04:59:55,507  INFO [main] exec.Task: Job running in-process (local Hadoop)
2024-04-24T04:59:55,507  INFO [Thread-4339] mapred.LocalJobRunner: OutputCommitter set in config org.apache.hadoop.hive.ql.io.HiveFileFormatUtils$NullOutputCommitter
2024-04-24T04:59:55,508  INFO [Thread-4339] mapred.LocalJobRunner: OutputCommitter is org.apache.hadoop.hive.ql.io.HiveFileFormatUtils$NullOutputCommitter
2024-04-24T04:59:55,509  INFO [Thread-4339] mapred.LocalJobRunner: Waiting for map tasks
2024-04-24T04:59:55,509  INFO [LocalJobRunner Map Task Executor #0] mapred.LocalJobRunner: Starting task: attempt_local176840322_0066_m_000000_0
2024-04-24T04:59:55,511  INFO [LocalJobRunner Map Task Executor #0] mapred.Task:  Using ResourceCalculatorProcessTree : [ ]
2024-04-24T04:59:55,512  INFO [LocalJobRunner Map Task Executor #0] mapred.MapTask: Processing split: org.apache.hadoop.hive.ql.io.NullRowsInputFormat:file:/home/alex/Repositories/hive/ql/target/tmp/localscratchdir/f4211df6-1f20-4624-ab6a-b1a20e1d15e7/hive_2024-04-24_04-59-55_034_3231641209255575207-1/dummy_path/null:0+1
2024-04-24T04:59:55,514  INFO [LocalJobRunner Map Task Executor #0] exec.SerializationUtilities: Deserializing MapWork using kryo
2024-04-24T04:59:55,514  INFO [LocalJobRunner Map Task Executor #0] exec.Utilities: Deserialized plan (via FILE) - name: null size: 6,13KB
2024-04-24T04:59:55,515  INFO [LocalJobRunner Map Task Executor #0] mapred.MapTask: numReduceTasks: 0
2024-04-24T04:59:55,517  INFO [LocalJobRunner Map Task Executor #0] exec.MapOperator: Initializing Operator: MAP[0]
2024-04-24T04:59:55,517  INFO [LocalJobRunner Map Task Executor #0] mr.ExecMapper: 
<MAP>Id =0
  <Children>null
  <\Children>
  <Parent><\Parent>
<\MAP>
2024-04-24T04:59:55,518  INFO [LocalJobRunner Map Task Executor #0] exec.TableScanOperator: Initializing Operator: TS[0]
2024-04-24T04:59:55,518  INFO [LocalJobRunner Map Task Executor #0] exec.SelectOperator: Initializing Operator: SEL[1]
2024-04-24T04:59:55,518  INFO [LocalJobRunner Map Task Executor #0] exec.SelectOperator: SELECT null
2024-04-24T04:59:55,518  INFO [LocalJobRunner Map Task Executor #0] exec.UDTFOperator: Initializing Operator: UDTF[2]
2024-04-24T04:59:55,518  INFO [LocalJobRunner Map Task Executor #0] exec.SelectOperator: Initializing Operator: SEL[3]
2024-04-24T04:59:55,518  INFO [LocalJobRunner Map Task Executor #0] exec.SelectOperator: SELECT struct<col1:int,col2:int>
2024-04-24T04:59:55,518  INFO [LocalJobRunner Map Task Executor #0] exec.FileSinkOperator: Initializing Operator: FS[4]
2024-04-24T04:59:55,518  INFO [LocalJobRunner Map Task Executor #0] exec.FileSinkOperator: Using serializer : AbstractSerDe [log=org.apache.logging.slf4j.Log4jLogger@7620dc3c, configuration=Optional[Configuration: core-default.xml, core-site.xml, mapred-default.xml, mapred-site.xml, yarn-default.xml, yarn-site.xml, hdfs-default.xml, hdfs-site.xml, file:/home/alex/Repositories/hive/ql/target/tmp/TestTxnNoBucketsVectorized/mapred/local/localRunner/alex/job_local176840322_0066/job_local176840322_0066.xml], properties={name=default.t, columns.types=int:int, serialization.format=1, columns=a,b, numFilesErasureCoded=0, columns.comments=&amp#0;, bucketing_version=2, serialization.lib=org.apache.hadoop.hive.ql.io.orc.OrcSerde, file.inputformat=org.apache.hadoop.hive.ql.io.orc.OrcInputFormat, file.outputformat=org.apache.hadoop.hive.ql.io.orc.OrcOutputFormat, location=file:/home/alex/Repositories/hive/ql/target/tmp/org.apache.hadoop.hive.ql.TestTxnNoBuckets-1713959849960/warehouse/t, column.name.delimiter=,}, tableProperties={name=default.t, columns.types=int:int, serialization.format=1, columns=a,b, numFilesErasureCoded=0, columns.comments=&amp#0;, bucketing_version=2, serialization.lib=org.apache.hadoop.hive.ql.io.orc.OrcSerde, file.inputformat=org.apache.hadoop.hive.ql.io.orc.OrcInputFormat, location=file:/home/alex/Repositories/hive/ql/target/tmp/org.apache.hadoop.hive.ql.TestTxnNoBuckets-1713959849960/warehouse/t, file.outputformat=org.apache.hadoop.hive.ql.io.orc.OrcOutputFormat, column.name.delimiter=,}, partitionProperties=Optional.empty, columnNames=[a, b], columnTypes=[int, int], getClass()=class org.apache.hadoop.hive.ql.io.orc.OrcSerde] and formatter : org.apache.hadoop.hive.ql.io.orc.OrcOutputFormat@7aeaf52
2024-04-24T04:59:55,519  INFO [LocalJobRunner Map Task Executor #0] exec.FileSinkOperator: Final Path: FS file:/home/alex/Repositories/hive/ql/target/tmp/org.apache.hadoop.hive.ql.TestTxnNoBuckets-1713959849960/warehouse/t/.hive-staging_hive_2024-04-24_04-59-55_034_3231641209255575207-1/_tmp.-ext-10002/000000_0
2024-04-24T04:59:55,519  INFO [LocalJobRunner Map Task Executor #0] exec.FileSinkOperator: Writing to temp file: FS file:/home/alex/Repositories/hive/ql/target/tmp/org.apache.hadoop.hive.ql.TestTxnNoBuckets-1713959849960/warehouse/t/.hive-staging_hive_2024-04-24_04-59-55_034_3231641209255575207-1/_task_tmp.-ext-10002/_tmp.000000_0
2024-04-24T04:59:55,519  INFO [LocalJobRunner Map Task Executor #0] exec.FileSinkOperator: New Final Path: FS file:/home/alex/Repositories/hive/ql/target/tmp/org.apache.hadoop.hive.ql.TestTxnNoBuckets-1713959849960/warehouse/t/.hive-staging_hive_2024-04-24_04-59-55_034_3231641209255575207-1/_tmp.-ext-10002/000000_0
2024-04-24T04:59:55,520  INFO [LocalJobRunner Map Task Executor #0] exec.FileSinkOperator: FS[4]: records written - 1
2024-04-24T04:59:55,521  INFO [LocalJobRunner Map Task Executor #0] impl.PhysicalFsWriter: ORC writer created for path: file:/home/alex/Repositories/hive/ql/target/tmp/org.apache.hadoop.hive.ql.TestTxnNoBuckets-1713959849960/warehouse/t/.hive-staging_hive_2024-04-24_04-59-55_034_3231641209255575207-1/_task_tmp.-ext-10002/_tmp.000000_0 with stripeSize: 67108864 blockSize: 268435456 compression: Compress: ZLIB buffer: 262144
2024-04-24T04:59:55,528  INFO [LocalJobRunner Map Task Executor #0] impl.WriterImpl: ORC writer created for path: file:/home/alex/Repositories/hive/ql/target/tmp/org.apache.hadoop.hive.ql.TestTxnNoBuckets-1713959849960/warehouse/t/.hive-staging_hive_2024-04-24_04-59-55_034_3231641209255575207-1/_task_tmp.-ext-10002/_tmp.000000_0 with stripeSize: 67108864 options: Compress: ZLIB buffer: 262144
2024-04-24T04:59:55,528  INFO [LocalJobRunner Map Task Executor #0] exec.MapOperator: MAP[0]: records read - 1
2024-04-24T04:59:55,528  INFO [LocalJobRunner Map Task Executor #0] exec.MapOperator: Closing Operator: MAP[0]
2024-04-24T04:59:55,528  INFO [LocalJobRunner Map Task Executor #0] exec.MapOperator: MAP[0]: Total records read - 3. abort - false
2024-04-24T04:59:55,528  INFO [LocalJobRunner Map Task Executor #0] exec.MapOperator: DESERIALIZE_ERRORS:0, RECORDS_IN:3, RECORDS_OUT_INTERMEDIATE:0, RECORDS_OUT_OPERATOR_MAP_0:0, 
2024-04-24T04:59:55,528  INFO [LocalJobRunner Map Task Executor #0] exec.TableScanOperator: Closing Operator: TS[0]
2024-04-24T04:59:55,528  INFO [LocalJobRunner Map Task Executor #0] exec.TableScanOperator: RECORDS_OUT_OPERATOR_TS_0:1, RECORDS_OUT_INTERMEDIATE:0, 
2024-04-24T04:59:55,528  INFO [LocalJobRunner Map Task Executor #0] exec.SelectOperator: Closing Operator: SEL[1]
2024-04-24T04:59:55,528  INFO [LocalJobRunner Map Task Executor #0] exec.SelectOperator: RECORDS_OUT_INTERMEDIATE:0, RECORDS_OUT_OPERATOR_SEL_1:1, 
2024-04-24T04:59:55,528  INFO [LocalJobRunner Map Task Executor #0] exec.UDTFOperator: Closing Operator: UDTF[2]
2024-04-24T04:59:55,528  INFO [LocalJobRunner Map Task Executor #0] exec.UDTFOperator: RECORDS_OUT_OPERATOR_UDTF_2:5, RECORDS_OUT_INTERMEDIATE:0, 
2024-04-24T04:59:55,528  INFO [LocalJobRunner Map Task Executor #0] exec.SelectOperator: Closing Operator: SEL[3]
2024-04-24T04:59:55,528  INFO [LocalJobRunner Map Task Executor #0] exec.SelectOperator: RECORDS_OUT_OPERATOR_SEL_3:5, RECORDS_OUT_INTERMEDIATE:0, 
2024-04-24T04:59:55,528  INFO [LocalJobRunner Map Task Executor #0] exec.FileSinkOperator: Closing Operator: FS[4]
2024-04-24T04:59:55,528  INFO [LocalJobRunner Map Task Executor #0] exec.FileSinkOperator: FS[4]: records written - 5
2024-04-24T04:59:55,535  INFO [LocalJobRunner Map Task Executor #0] exec.FileSinkOperator: RECORDS_OUT_INTERMEDIATE:0, RECORDS_OUT_OPERATOR_FS_4:5, TOTAL_TABLE_ROWS_WRITTEN:5, RECORDS_OUT_1_default.t:5, 
2024-04-24T04:59:55,535  INFO [LocalJobRunner Map Task Executor #0] mapred.LocalJobRunner: 
2024-04-24T04:59:55,537  INFO [LocalJobRunner Map Task Executor #0] mapred.Task: Task:attempt_local176840322_0066_m_000000_0 is done. And is in the process of committing
2024-04-24T04:59:55,537  INFO [LocalJobRunner Map Task Executor #0] mapred.LocalJobRunner: map
2024-04-24T04:59:55,537  INFO [LocalJobRunner Map Task Executor #0] mapred.Task: Task 'attempt_local176840322_0066_m_000000_0' done.
2024-04-24T04:59:55,537  INFO [LocalJobRunner Map Task Executor #0] mapred.Task: Final Counters for attempt_local176840322_0066_m_000000_0: Counters: 27
	File System Counters
		FILE: Number of bytes read=1601001
		FILE: Number of bytes written=79396327
		FILE: Number of read operations=0
		FILE: Number of large read operations=0
		FILE: Number of write operations=0
	Map-Reduce Framework
		Map input records=4
		Map output records=0
		Input split bytes=361
		Spilled Records=0
		Failed Shuffles=0
		Merged Map outputs=0
		GC time elapsed (ms)=0
		Total committed heap usage (bytes)=1216872448
	HIVE
		CREATED_FILES=1
		DESERIALIZE_ERRORS=0
		RECORDS_IN=3
		RECORDS_OUT_1_default.t=5
		RECORDS_OUT_INTERMEDIATE=0
		RECORDS_OUT_OPERATOR_FS_4=5
		RECORDS_OUT_OPERATOR_MAP_0=0
		RECORDS_OUT_OPERATOR_SEL_1=1
		RECORDS_OUT_OPERATOR_SEL_3=5
		RECORDS_OUT_OPERATOR_TS_0=1
		RECORDS_OUT_OPERATOR_UDTF_2=5
		TOTAL_TABLE_ROWS_WRITTEN=5
	File Input Format Counters 
		Bytes Read=6187
	File Output Format Counters 
		Bytes Written=0
2024-04-24T04:59:55,538  INFO [LocalJobRunner Map Task Executor #0] mapred.LocalJobRunner: Finishing task: attempt_local176840322_0066_m_000000_0
2024-04-24T04:59:55,538  INFO [Thread-4339] mapred.LocalJobRunner: map task executor complete.
2024-04-24 04:59:56,508 Stage-1 map = 100%,  reduce = 0%
2024-04-24T04:59:56,509  INFO [main] exec.Task: 2024-04-24 04:59:56,508 Stage-1 map = 100%,  reduce = 0%
Ended Job = job_local176840322_0066
2024-04-24T04:59:56,510  INFO [main] exec.Task: Ended Job = job_local176840322_0066
2024-04-24T04:59:56,512  INFO [main] ql.Driver: Starting task [Stage-7:CONDITIONAL] in serial mode
Stage-4 is selected by condition resolver.
2024-04-24T04:59:56,512  INFO [main] exec.Task: Stage-4 is selected by condition resolver.
Stage-3 is filtered out by condition resolver.
2024-04-24T04:59:56,513  INFO [main] exec.Task: Stage-3 is filtered out by condition resolver.
Stage-5 is filtered out by condition resolver.
2024-04-24T04:59:56,513  INFO [main] exec.Task: Stage-5 is filtered out by condition resolver.
2024-04-24T04:59:56,513  INFO [main] ql.Driver: Starting task [Stage-4:MOVE] in serial mode
Moving data to directory file:/home/alex/Repositories/hive/ql/target/tmp/org.apache.hadoop.hive.ql.TestTxnNoBuckets-1713959849960/warehouse/t/.hive-staging_hive_2024-04-24_04-59-55_034_3231641209255575207-1/-ext-10000
2024-04-24T04:59:56,513  INFO [main] exec.Task: Moving data to directory file:/home/alex/Repositories/hive/ql/target/tmp/org.apache.hadoop.hive.ql.TestTxnNoBuckets-1713959849960/warehouse/t/.hive-staging_hive_2024-04-24_04-59-55_034_3231641209255575207-1/-ext-10000 from file:/home/alex/Repositories/hive/ql/target/tmp/org.apache.hadoop.hive.ql.TestTxnNoBuckets-1713959849960/warehouse/t/.hive-staging_hive_2024-04-24_04-59-55_034_3231641209255575207-1/-ext-10002
2024-04-24T04:59:56,513  INFO [main] ql.Driver: Starting task [Stage-0:MOVE] in serial mode
Loading data to table default.t
2024-04-24T04:59:56,513  INFO [main] exec.Task: Loading data to table default.t from file:/home/alex/Repositories/hive/ql/target/tmp/org.apache.hadoop.hive.ql.TestTxnNoBuckets-1713959849960/warehouse/t/.hive-staging_hive_2024-04-24_04-59-55_034_3231641209255575207-1/-ext-10000
2024-04-24T04:59:56,513  INFO [main] HiveMetaStore.audit: ugi=alex	ip=unknown-ip-addr	cmd=get_table : tbl=hive.default.t	
2024-04-24T04:59:56,522  INFO [main] metastore.HMSHandler: Skipping translation for processor with null
2024-04-24T04:59:56,522  INFO [main] HiveMetaStore.audit: ugi=alex	ip=unknown-ip-addr	cmd=get_table : tbl=hive.default.t	
2024-04-24T04:59:56,531  INFO [main] metastore.HMSHandler: Skipping translation for processor with null
2024-04-24T04:59:56,532  WARN [main] metadata.Hive: Cannot get a table snapshot for t
2024-04-24T04:59:56,532  INFO [main] HiveMetaStore.audit: ugi=alex	ip=unknown-ip-addr	cmd=alter_table: hive.default.t newtbl=t	
2024-04-24T04:59:56,557  INFO [main] ql.Driver: Starting task [Stage-2:STATS] in serial mode
2024-04-24T04:59:56,558  INFO [main] HiveMetaStore.audit: ugi=alex	ip=unknown-ip-addr	cmd=get_table : tbl=hive.default.t	
2024-04-24T04:59:56,566  INFO [main] metastore.HMSHandler: Skipping translation for processor with null
2024-04-24T04:59:56,566  INFO [main] stats.BasicStatsTask: Executing stats task
2024-04-24T04:59:56,566  INFO [main] fs.FSStatsPublisher: created : file:/home/alex/Repositories/hive/ql/target/tmp/localscratchdir/f4211df6-1f20-4624-ab6a-b1a20e1d15e7/hive_2024-04-24_04-59-55_034_3231641209255575207-1/-mr-10001
2024-04-24T04:59:56,567  INFO [main] HiveMetaStore.audit: ugi=alex	ip=unknown-ip-addr	cmd=get_table : tbl=hive.default.t	
2024-04-24T04:59:56,576  INFO [main] metastore.HMSHandler: Skipping translation for processor with null
2024-04-24T04:59:56,577  INFO [main] FileOperations: Read stats for default.t/, numRows, true, 5, false: 
2024-04-24T04:59:56,577  INFO [main] FileOperations: Read stats for default.t/, rawDataSize, true, 40, false: 
2024-04-24T04:59:56,577  WARN [main] metadata.Hive: Cannot get a table snapshot for t
2024-04-24T04:59:56,577  INFO [main] HiveMetaStore.audit: ugi=alex	ip=unknown-ip-addr	cmd=alter_table: hive.default.t newtbl=t	
2024-04-24T04:59:56,602  INFO [main] stats.BasicStatsTask: Table default.t stats: [numFiles=1, numRows=5, totalSize=259, rawDataSize=40, numFilesErasureCoded=0]
2024-04-24T04:59:56,602  INFO [main] metadata.Hive: Dumping metastore api call timing information for : execution phase
2024-04-24T04:59:56,602  INFO [main] metadata.Hive: Total time spent in each metastore function (ms): {getTable_(GetTableRequest)=36, isCompatibleWith_(Configuration)=0, alter_table_(String, String, String, Table, EnvironmentContext, String)=50}
MapReduce Jobs Launched: 
2024-04-24T04:59:56,602  INFO [main] ql.Driver: MapReduce Jobs Launched: 
Stage-Stage-1:  HDFS Read: 0 HDFS Write: 0 SUCCESS
2024-04-24T04:59:56,603  INFO [main] ql.Driver: Stage-Stage-1:  HDFS Read: 0 HDFS Write: 0 SUCCESS
Total MapReduce CPU Time Spent: 0 msec
2024-04-24T04:59:56,603  INFO [main] ql.Driver: Total MapReduce CPU Time Spent: 0 msec
2024-04-24T04:59:56,603  INFO [main] ql.Driver: Completed executing command(queryId=alex_20240424045955_8aed42e1-8167-447d-9745-c32710afeac5); Time taken: 1.378 seconds
2024-04-24T04:59:56,603  INFO [main] lockmgr.DbTxnManager: Stopped heartbeat for query: alex_20240424045955_8aed42e1-8167-447d-9745-c32710afeac5
2024-04-24T04:59:56,606  INFO [main] txn.TxnHandler: Expected to move at least one record from txn_components to completed_txn_components when committing txn! txnid:15
2024-04-24T04:59:56,611  INFO [main] txn.TxnHandler: Removed transactions: ([15]) from MIN_HISTORY_LEVEL
2024-04-24T04:59:56,611  WARN [main] txn.CompactionTxnHandler: No compaction queue record found for Compaction type transaction commit. txnId:15
2024-04-24T04:59:56,611  INFO [main] ql.TxnCommandsBaseForTests: Running the query: alter table T SET TBLPROPERTIES ('transactional'='true')
2024-04-24T04:59:56,612  INFO [main] ql.Context: Deleting scratch dir: file:/home/alex/Repositories/hive/ql/target/tmp/org.apache.hadoop.hive.ql.TestTxnNoBuckets-1713959849960/warehouse/t/.hive-staging_hive_2024-04-24_04-59-55_034_3231641209255575207-1
2024-04-24T04:59:56,612  INFO [main] cleanup.SyncCleanupService: Deleted directory: file:/home/alex/Repositories/hive/ql/target/tmp/org.apache.hadoop.hive.ql.TestTxnNoBuckets-1713959849960/warehouse/t/.hive-staging_hive_2024-04-24_04-59-55_034_3231641209255575207-1 on fs with scheme file
2024-04-24T04:59:56,612  INFO [main] ql.Context: Deleting scratch dir: file:/home/alex/Repositories/hive/ql/target/tmp/localscratchdir/f4211df6-1f20-4624-ab6a-b1a20e1d15e7/hive_2024-04-24_04-59-55_034_3231641209255575207-1
2024-04-24T04:59:56,612  INFO [main] cleanup.SyncCleanupService: Deleted directory: file:/home/alex/Repositories/hive/ql/target/tmp/localscratchdir/f4211df6-1f20-4624-ab6a-b1a20e1d15e7/hive_2024-04-24_04-59-55_034_3231641209255575207-1 on fs with scheme file
2024-04-24T04:59:56,612  INFO [main] ql.Driver: Compiling command(queryId=alex_20240424045956_6a465134-9723-4d46-a9fc-436fa26e01db): alter table T SET TBLPROPERTIES ('transactional'='true')
2024-04-24T04:59:56,615  INFO [main] txn.TxnHandler: Added entries to MIN_HISTORY_LEVEL for current txns: ([16]) with min_open_txn: 16
2024-04-24T04:59:56,616  INFO [main] lockmgr.DbTxnManager: Opened txnid:16
2024-04-24T04:59:56,616  INFO [main] HiveMetaStore.audit: ugi=alex	ip=unknown-ip-addr	cmd=get_table : tbl=hive.default.T	
2024-04-24T04:59:56,625  INFO [main] metastore.HMSHandler: Skipping translation for processor with null
2024-04-24T04:59:56,625  INFO [main] HiveMetaStore.audit: ugi=alex	ip=unknown-ip-addr	cmd=get_table : tbl=hive.default.T	
2024-04-24T04:59:56,632  INFO [main] metastore.HMSHandler: Skipping translation for processor with null
2024-04-24T04:59:56,633  INFO [main] ql.Driver: Semantic Analysis Completed (retrial = false)
2024-04-24T04:59:56,633  INFO [main] ql.Driver: Created Hive schema: Schema(fieldSchemas:null, properties:null)
2024-04-24T04:59:56,633  INFO [main] metadata.Hive: Dumping metastore api call timing information for : compilation phase
2024-04-24T04:59:56,633  INFO [main] metadata.Hive: Total time spent in each metastore function (ms): {isCompatibleWith_(Configuration)=0, commitTxn_(CommitTxnRequest)=8, openTxn_(String, TxnType)=3, getTable_(GetTableRequest)=17, getValidTxns_(long)=0, flushCache_()=0}
2024-04-24T04:59:56,633  INFO [main] ql.Driver: Completed compiling command(queryId=alex_20240424045956_6a465134-9723-4d46-a9fc-436fa26e01db); Time taken: 0.021 seconds
2024-04-24T04:59:56,633  INFO [main] lockmgr.DbTxnManager: Setting lock request transaction to txnid:16 for queryId=alex_20240424045956_6a465134-9723-4d46-a9fc-436fa26e01db
2024-04-24T04:59:56,634  INFO [main] lockmgr.DbLockManager: Requesting lock for queryId=alex_20240424045956_6a465134-9723-4d46-a9fc-436fa26e01db
2024-04-24T04:59:56,647  INFO [main] lockmgr.DbLockManager: Response to queryId=alex_20240424045956_6a465134-9723-4d46-a9fc-436fa26e01db LockResponse(lockid:10, state:ACQUIRED)
2024-04-24T04:59:56,648  INFO [main] ql.Driver: Operation ALTERTABLE_PROPERTIES obtained 1 locks
2024-04-24T04:59:56,648  INFO [main] ql.Driver: Executing command(queryId=alex_20240424045956_6a465134-9723-4d46-a9fc-436fa26e01db): alter table T SET TBLPROPERTIES ('transactional'='true')
2024-04-24T04:59:56,648  INFO [main] ql.Driver: Starting task [Stage-0:DDL] in serial mode
2024-04-24T04:59:56,648  INFO [main] HiveMetaStore.audit: ugi=alex	ip=unknown-ip-addr	cmd=get_table : tbl=hive.default.T	
2024-04-24T04:59:56,659  INFO [main] metastore.HMSHandler: Skipping translation for processor with null
2024-04-24T04:59:56,661  INFO [main] HiveMetaStore.audit: ugi=alex	ip=unknown-ip-addr	cmd=alter_table: hive.default.T newtbl=t	
2024-04-24T04:59:56,693  INFO [main] metadata.Hive: Dumping metastore api call timing information for : execution phase
2024-04-24T04:59:56,693  INFO [main] metadata.Hive: Total time spent in each metastore function (ms): {isCompatibleWith_(Configuration)=0, getValidWriteIds_(List, String)=2, alter_table_(String, String, String, Table, EnvironmentContext, String)=32, getTable_(GetTableRequest)=11}
2024-04-24T04:59:56,693  INFO [main] ql.Driver: Completed executing command(queryId=alex_20240424045956_6a465134-9723-4d46-a9fc-436fa26e01db); Time taken: 0.045 seconds
2024-04-24T04:59:56,693  INFO [main] lockmgr.DbTxnManager: Stopped heartbeat for query: alex_20240424045956_6a465134-9723-4d46-a9fc-436fa26e01db
2024-04-24T04:59:56,697  INFO [main] txn.TxnHandler: Expected to move at least one record from txn_components to completed_txn_components when committing txn! txnid:16
2024-04-24T04:59:56,703  INFO [main] txn.TxnHandler: Removed transactions: ([16]) from MIN_HISTORY_LEVEL
2024-04-24T04:59:56,703  WARN [main] txn.CompactionTxnHandler: No compaction queue record found for Compaction type transaction commit. txnId:16
2024-04-24T04:59:56,704  INFO [main] ql.TxnCommandsBaseForTests: Running the query: select a from T where b > 6 order by a
2024-04-24T04:59:56,704  INFO [main] ql.Driver: Compiling command(queryId=alex_20240424045956_4cafbcc5-ba76-4f78-978f-18b1ff66fa46): select a from T where b > 6 order by a
2024-04-24T04:59:56,707  INFO [main] txn.TxnHandler: Added entries to MIN_HISTORY_LEVEL for current txns: ([17]) with min_open_txn: 16
2024-04-24T04:59:56,707  INFO [main] lockmgr.DbTxnManager: Opened txnid:17
2024-04-24T04:59:56,708  INFO [main] parse.CalcitePlanner: Starting caching scope for: 
2024-04-24T04:59:56,708  INFO [main] parse.CalcitePlanner: Starting Semantic Analysis
2024-04-24T04:59:56,710  INFO [main] parse.CalcitePlanner: Completed phase 1 of Semantic Analysis
2024-04-24T04:59:56,710  INFO [main] parse.CalcitePlanner: Get metadata for source tables
2024-04-24T04:59:56,712  INFO [main] HiveMetaStore.audit: ugi=alex	ip=unknown-ip-addr	cmd=get_table : tbl=hive.default.t	
2024-04-24T04:59:56,719  INFO [main] metastore.HMSHandler: Skipping translation for processor with null
2024-04-24T04:59:56,719  INFO [main] parse.CalcitePlanner: Get metadata for subqueries
2024-04-24T04:59:56,719  INFO [main] parse.CalcitePlanner: Get metadata for destination tables
2024-04-24T04:59:56,719  INFO [main] parse.CalcitePlanner: Completed getting MetaData in Semantic Analysis
2024-04-24T04:59:56,732  INFO [main] HiveMetaStore.audit: ugi=alex	ip=unknown-ip-addr	cmd=get_all_table_constraints : tbl=hive.default.t	
2024-04-24T04:59:56,772  INFO [main] calcite.RelOptHiveTable: Calculating column statistics for default.t, projIndxSet: [0, 1], allowMissingStats: true
2024-04-24T04:59:56,772  INFO [main] HiveMetaStore.audit: ugi=alex	ip=unknown-ip-addr	cmd=get_table_statistics_req: table=hive.default.t	
2024-04-24T04:59:56,783  WARN [main] calcite.RelOptHiveTable: No Stats for default@t, Columns: a, b
No Stats for default@t, Columns: a, b
2024-04-24T04:59:56,783  INFO [main] SessionState: No Stats for default@t, Columns: a, b
2024-04-24T04:59:56,840  INFO [main] parse.CalcitePlanner: Get metadata for source tables
2024-04-24T04:59:56,841  INFO [main] parse.CalcitePlanner: Get metadata for subqueries
2024-04-24T04:59:56,841  INFO [main] parse.CalcitePlanner: Get metadata for destination tables
2024-04-24T04:59:56,842  INFO [main] common.FileUtils: Creating directory if it doesn't exist: file:/home/alex/Repositories/hive/ql/target/tmp/localscratchdir/f4211df6-1f20-4624-ab6a-b1a20e1d15e7/hive_2024-04-24_04-59-56_704_6444559670325185686-1/-mr-10001/.hive-staging_hive_2024-04-24_04-59-56_704_6444559670325185686-1
2024-04-24T04:59:56,849  INFO [main] parse.CalcitePlanner: CBO Succeeded; optimized logical plan.
2024-04-24T04:59:56,851  INFO [main] optimizer.ColumnPrunerProcFactory: RS 3 oldColExprMap: {KEY.reducesinkkey0=Column[_col0]}
2024-04-24T04:59:56,851  INFO [main] optimizer.ColumnPrunerProcFactory: RS 3 newColExprMap: {KEY.reducesinkkey0=Column[_col0]}
2024-04-24T04:59:56,852  INFO [main] optimizer.BucketVersionPopulator: not considering bucketingVersion for: TS[0] because it has -1<2 buckets 
2024-04-24T04:59:56,852  INFO [main] optimizer.SortedDynPartitionOptimizer: Sorted dynamic partitioning optimization kicked in..
2024-04-24T04:59:56,860  INFO [main] physical.Vectorizer: Examining input format to see if vectorization is enabled.
2024-04-24T04:59:56,861  INFO [main] physical.Vectorizer: Vectorization is enabled for input format(s) [org.apache.hadoop.hive.ql.io.orc.OrcInputFormat]
2024-04-24T04:59:56,861  INFO [main] physical.Vectorizer: Validating and vectorizing MapWork... (vectorizedVertexNum 0)
2024-04-24T04:59:56,865  INFO [main] physical.Vectorizer: Map vectorization enabled: true
2024-04-24T04:59:56,865  INFO [main] physical.Vectorizer: Map vectorized: true
2024-04-24T04:59:56,865  INFO [main] physical.Vectorizer: Map vectorizedVertexNum: 0
2024-04-24T04:59:56,866  INFO [main] physical.Vectorizer: Map enabledConditionsMet: [hive.vectorized.use.vectorized.input.format IS true]
2024-04-24T04:59:56,866  INFO [main] physical.Vectorizer: Map inputFileFormatClassNameSet: [org.apache.hadoop.hive.ql.io.orc.OrcInputFormat]
2024-04-24T04:59:56,866  INFO [main] physical.Vectorizer: Reduce vectorization enabled: false
2024-04-24T04:59:56,866  INFO [main] physical.Vectorizer: Reduce vectorized: false
2024-04-24T04:59:56,866  INFO [main] physical.Vectorizer: Reduce vectorizedVertexNum: 1
2024-04-24T04:59:56,866  INFO [main] physical.Vectorizer: Reducer hive.vectorized.execution.reduce.enabled: true
2024-04-24T04:59:56,866  INFO [main] physical.Vectorizer: Reducer engine: mr
2024-04-24T04:59:56,866  INFO [main] parse.CalcitePlanner: Completed plan generation
2024-04-24T04:59:56,866  INFO [main] parse.CalcitePlanner: Ending caching scope for: 
2024-04-24T04:59:56,866  INFO [main] ql.Driver: Semantic Analysis Completed (retrial = false)
2024-04-24T04:59:56,866  INFO [main] ql.Driver: Created Hive schema: Schema(fieldSchemas:[FieldSchema(name:a, type:int, comment:null)], properties:null)
2024-04-24T04:59:56,867  INFO [main] exec.ListSinkOperator: Initializing Operator: LIST_SINK[10]
2024-04-24T04:59:56,867  INFO [main] metadata.Hive: Dumping metastore api call timing information for : compilation phase
2024-04-24T04:59:56,867  INFO [main] metadata.Hive: Total time spent in each metastore function (ms): {isCompatibleWith_(Configuration)=0, getTableColumnStatistics_(String, String, List, String)=10, getValidWriteIds_(List, String)=5, getTable_(GetTableRequest)=7, getValidTxns_(long)=1, flushCache_()=0, openTxn_(String, TxnType)=2, commitTxn_(CommitTxnRequest)=11, getAllTableConstraints_(AllTableConstraintsRequest)=5}
2024-04-24T04:59:56,867  INFO [main] ql.Driver: Completed compiling command(queryId=alex_20240424045956_4cafbcc5-ba76-4f78-978f-18b1ff66fa46); Time taken: 0.163 seconds
2024-04-24T04:59:56,868  INFO [main] lockmgr.DbTxnManager: Setting lock request transaction to txnid:17 for queryId=alex_20240424045956_4cafbcc5-ba76-4f78-978f-18b1ff66fa46
2024-04-24T04:59:56,868  INFO [main] lockmgr.DbLockManager: Requesting lock for queryId=alex_20240424045956_4cafbcc5-ba76-4f78-978f-18b1ff66fa46
2024-04-24T04:59:56,881  INFO [main] lockmgr.DbLockManager: Response to queryId=alex_20240424045956_4cafbcc5-ba76-4f78-978f-18b1ff66fa46 LockResponse(lockid:11, state:ACQUIRED)
2024-04-24T04:59:56,881  INFO [main] ql.Driver: Operation QUERY obtained 1 locks
2024-04-24T04:59:56,881  INFO [main] ql.Driver: Executing command(queryId=alex_20240424045956_4cafbcc5-ba76-4f78-978f-18b1ff66fa46): select a from T where b > 6 order by a
2024-04-24T04:59:56,882  WARN [main] ql.Driver: Hive-on-MR is deprecated in Hive 2 and may not be available in the future versions. Consider using a different execution engine (i.e. tez, spark) or using Hive 1.X releases.
Query ID = alex_20240424045956_4cafbcc5-ba76-4f78-978f-18b1ff66fa46
2024-04-24T04:59:56,882  INFO [main] ql.Driver: Query ID = alex_20240424045956_4cafbcc5-ba76-4f78-978f-18b1ff66fa46
Total jobs = 1
2024-04-24T04:59:56,882  INFO [main] ql.Driver: Total jobs = 1
Launching Job 1 out of 1
2024-04-24T04:59:56,882  INFO [main] ql.Driver: Launching Job 1 out of 1
2024-04-24T04:59:57,021  INFO [main] ql.Driver: Starting task [Stage-1:MAPRED] in serial mode
Number of reduce tasks determined at compile time: 1
2024-04-24T04:59:57,021  INFO [main] exec.Task: Number of reduce tasks determined at compile time: 1
In order to change the average load for a reducer (in bytes):
2024-04-24T04:59:57,021  INFO [main] exec.Task: In order to change the average load for a reducer (in bytes):
  set hive.exec.reducers.bytes.per.reducer=<number>
2024-04-24T04:59:57,022  INFO [main] exec.Task:   set hive.exec.reducers.bytes.per.reducer=<number>
In order to limit the maximum number of reducers:
2024-04-24T04:59:57,022  INFO [main] exec.Task: In order to limit the maximum number of reducers:
  set hive.exec.reducers.max=<number>
2024-04-24T04:59:57,022  INFO [main] exec.Task:   set hive.exec.reducers.max=<number>
In order to set a constant number of reducers:
2024-04-24T04:59:57,022  INFO [main] exec.Task: In order to set a constant number of reducers:
  set mapreduce.job.reduces=<number>
2024-04-24T04:59:57,022  INFO [main] exec.Task:   set mapreduce.job.reduces=<number>
2024-04-24T04:59:57,024  INFO [main] mr.ExecDriver: Using org.apache.hadoop.hive.ql.io.HiveInputFormat
2024-04-24T04:59:57,024  INFO [main] exec.Utilities: Processing alias t
2024-04-24T04:59:57,024  INFO [main] exec.Utilities: Adding 1 inputs; the first input is file:/home/alex/Repositories/hive/ql/target/tmp/org.apache.hadoop.hive.ql.TestTxnNoBuckets-1713959849960/warehouse/t
2024-04-24T04:59:57,033  INFO [main] exec.SerializationUtilities: Serializing MapWork using kryo
2024-04-24T04:59:57,034  INFO [main] exec.Utilities: Serialized plan (via FILE) - name: null size: 6,49KB
2024-04-24T04:59:57,049  INFO [main] exec.SerializationUtilities: Serializing ReduceWork using kryo
2024-04-24T04:59:57,050  INFO [main] exec.Utilities: Serialized plan (via FILE) - name: null size: 7,44KB
2024-04-24T04:59:57,051  WARN [main] impl.MetricsSystemImpl: JobTracker metrics system already initialized!
2024-04-24T04:59:57,057  WARN [main] impl.MetricsSystemImpl: JobTracker metrics system already initialized!
2024-04-24T04:59:57,063  WARN [main] mapreduce.JobResourceUploader: Hadoop command-line option parsing not performed. Implement the Tool interface and execute your application with ToolRunner to remedy this.
2024-04-24T04:59:57,068  WARN [main] mapreduce.JobResourceUploader: No job jar file set.  User classes may not be found. See Job or Job#setJar(String).
2024-04-24T04:59:57,069  INFO [main] io.HiveInputFormat: hive.io.file.readcolumn.ids = 0,1
2024-04-24T04:59:57,069  INFO [main] io.HiveInputFormat: hive.io.file.readcolumn.names = a,b
2024-04-24T04:59:57,069  INFO [main] io.HiveInputFormat: Generating splits for dirs: file:/home/alex/Repositories/hive/ql/target/tmp/org.apache.hadoop.hive.ql.TestTxnNoBuckets-1713959849960/warehouse/t
2024-04-24T04:59:57,069  INFO [main] orc.OrcInputFormat: getSplits started
2024-04-24T04:59:57,069  INFO [main] orc.OrcInputFormat: Context:: isAcid: true isVectorMode: true sarg: (not leaf-(LESS_THAN_EQUALS b 6)) minSplitSize: 1 maxSplitSize: 256000000 splitStrategy: HYBRID footerInSplits: false numBuckets: 0 numThreads: 10 cacheMemSize: 268435456 cacheStripeDetails: true useSoftReference: false writeIdList: default.t:10000000:9223372036854775807:: isTransactionalTable: true txnProperties: default 
2024-04-24T04:59:57,069  INFO [main] orc.OrcInputFormat: ORC pushdown predicate: (not leaf-(LESS_THAN_EQUALS b 6))
2024-04-24T04:59:57,074  INFO [main] orc.OrcInputFormat: FooterCacheHitRatio: 0/1
2024-04-24T04:59:57,074  INFO [main] orc.OrcInputFormat: getSplits finished (#splits: 1). duration: 5 ms
2024-04-24T04:59:57,074  INFO [main] io.HiveInputFormat: number of splits 1
2024-04-24T04:59:57,091  INFO [main] mapreduce.JobSubmitter: number of splits:1
2024-04-24T04:59:57,108  INFO [main] mapreduce.JobSubmitter: Submitting tokens for job: job_local411124846_0067
2024-04-24T04:59:57,108  INFO [main] mapreduce.JobSubmitter: Executing with tokens: []
2024-04-24T04:59:57,163  INFO [main] mapreduce.Job: The url to track the job: http://localhost:8080/
Job running in-process (local Hadoop)
2024-04-24T04:59:57,163  INFO [main] exec.Task: Job running in-process (local Hadoop)
2024-04-24T04:59:57,164  INFO [Thread-4383] mapred.LocalJobRunner: OutputCommitter set in config org.apache.hadoop.hive.ql.io.HiveFileFormatUtils$NullOutputCommitter
2024-04-24T04:59:57,164  INFO [Thread-4383] mapred.LocalJobRunner: OutputCommitter is org.apache.hadoop.hive.ql.io.HiveFileFormatUtils$NullOutputCommitter
2024-04-24T04:59:57,165  INFO [Thread-4383] mapred.LocalJobRunner: Waiting for map tasks
2024-04-24T04:59:57,165  INFO [LocalJobRunner Map Task Executor #0] mapred.LocalJobRunner: Starting task: attempt_local411124846_0067_m_000000_0
2024-04-24T04:59:57,166  INFO [LocalJobRunner Map Task Executor #0] mapred.Task:  Using ResourceCalculatorProcessTree : [ ]
2024-04-24T04:59:57,166  INFO [LocalJobRunner Map Task Executor #0] mapred.MapTask: Processing split: org.apache.hadoop.hive.ql.io.orc.OrcInputFormat:OrcSplit [file:/home/alex/Repositories/hive/ql/target/tmp/org.apache.hadoop.hive.ql.TestTxnNoBuckets-1713959849960/warehouse/t/000000_0, start=3, length=113, isOriginal=true, fileLength=259, hasFooter=false, hasBase=true, deltas=0]
2024-04-24T04:59:57,167  INFO [LocalJobRunner Map Task Executor #0] exec.SerializationUtilities: Deserializing MapWork using kryo
2024-04-24T04:59:57,167  INFO [LocalJobRunner Map Task Executor #0] exec.Utilities: Deserialized plan (via FILE) - name: null size: 6,49KB
2024-04-24T04:59:57,168  INFO [LocalJobRunner Map Task Executor #0] orc.OrcInputFormat: ORC pushdown predicate: (not leaf-(LESS_THAN_EQUALS b 6))
2024-04-24T04:59:57,168  INFO [LocalJobRunner Map Task Executor #0] orc.VectorizedOrcAcidRowBatchReader: Read ValidWriteIdList: default.t:10000000:9223372036854775807:::OrcSplit [file:/home/alex/Repositories/hive/ql/target/tmp/org.apache.hadoop.hive.ql.TestTxnNoBuckets-1713959849960/warehouse/t/000000_0, start=3, length=113, isOriginal=true, fileLength=259, hasFooter=false, hasBase=true, deltas=0]
2024-04-24T04:59:57,168  INFO [LocalJobRunner Map Task Executor #0] orc.ReaderImpl: Reading ORC rows from file:/home/alex/Repositories/hive/ql/target/tmp/org.apache.hadoop.hive.ql.TestTxnNoBuckets-1713959849960/warehouse/t/000000_0 with {include: [true, true, true], offset: 3, length: 113, sarg: (not leaf-(LESS_THAN_EQUALS b 6)), schema: struct<a:int,b:int>, includeAcidColumns: true}
2024-04-24T04:59:57,169  INFO [LocalJobRunner Map Task Executor #0] mapred.MapTask: numReduceTasks: 1
2024-04-24T04:59:57,173  INFO [LocalJobRunner Map Task Executor #0] mapred.MapTask: (EQUATOR) 0 kvi 26214396(104857584)
2024-04-24T04:59:57,173  INFO [LocalJobRunner Map Task Executor #0] mapred.MapTask: mapreduce.task.io.sort.mb: 100
2024-04-24T04:59:57,173  INFO [LocalJobRunner Map Task Executor #0] mapred.MapTask: soft limit at 83886080
2024-04-24T04:59:57,173  INFO [LocalJobRunner Map Task Executor #0] mapred.MapTask: bufstart = 0; bufvoid = 104857600
2024-04-24T04:59:57,173  INFO [LocalJobRunner Map Task Executor #0] mapred.MapTask: kvstart = 26214396; length = 6553600
2024-04-24T04:59:57,174  INFO [LocalJobRunner Map Task Executor #0] mapred.MapTask: Map output collector class = org.apache.hadoop.mapred.MapTask$MapOutputBuffer
2024-04-24T04:59:57,174  INFO [LocalJobRunner Map Task Executor #0] vector.VectorMapOperator: Initializing Operator: MAP[0]
2024-04-24T04:59:57,174  INFO [LocalJobRunner Map Task Executor #0] mr.ExecMapper: 
<MAP>Id =0
  <Children>null
  <\Children>
  <Parent><\Parent>
<\MAP>
2024-04-24T04:59:57,175  INFO [LocalJobRunner Map Task Executor #0] exec.TableScanOperator: Initializing Operator: TS[0]
2024-04-24T04:59:57,175  INFO [LocalJobRunner Map Task Executor #0] vector.VectorFilterOperator: Initializing Operator: FIL[7]
2024-04-24T04:59:57,175  INFO [LocalJobRunner Map Task Executor #0] vector.VectorSelectOperator: Initializing Operator: SEL[8]
2024-04-24T04:59:57,175  INFO [LocalJobRunner Map Task Executor #0] vector.VectorReduceSinkOperator: Initializing Operator: RS[9]
2024-04-24T04:59:57,175  INFO [LocalJobRunner Map Task Executor #0] vector.VectorReduceSinkOperator: Using tag = -1
2024-04-24T04:59:57,176  INFO [LocalJobRunner Map Task Executor #0] vector.VectorReduceSinkOperator: keys are [reducesinkkey0] num distributions: 1
2024-04-24T04:59:57,176  INFO [LocalJobRunner Map Task Executor #0] vector.VectorReduceSinkOperator: RS[9]: records written - 1
2024-04-24T04:59:57,176  INFO [LocalJobRunner Map Task Executor #0] vector.VectorMapOperator: Closing Operator: MAP[0]
2024-04-24T04:59:57,176  INFO [LocalJobRunner Map Task Executor #0] vector.VectorMapOperator: RECORDS_OUT_OPERATOR_MAP_0:0, DESERIALIZE_ERRORS:0, RECORDS_OUT_INTERMEDIATE:0, RECORDS_IN:5, 
2024-04-24T04:59:57,176  INFO [LocalJobRunner Map Task Executor #0] exec.TableScanOperator: Closing Operator: TS[0]
2024-04-24T04:59:57,176  INFO [LocalJobRunner Map Task Executor #0] exec.TableScanOperator: RECORDS_OUT_INTERMEDIATE:0, RECORDS_OUT_OPERATOR_TS_0:5, 
2024-04-24T04:59:57,176  INFO [LocalJobRunner Map Task Executor #0] vector.VectorFilterOperator: Closing Operator: FIL[7]
2024-04-24T04:59:57,176  INFO [LocalJobRunner Map Task Executor #0] vector.VectorFilterOperator: RECORDS_OUT_OPERATOR_FIL_7:2, RECORDS_OUT_INTERMEDIATE:0, 
2024-04-24T04:59:57,176  INFO [LocalJobRunner Map Task Executor #0] vector.VectorSelectOperator: Closing Operator: SEL[8]
2024-04-24T04:59:57,176  INFO [LocalJobRunner Map Task Executor #0] vector.VectorSelectOperator: RECORDS_OUT_INTERMEDIATE:0, RECORDS_OUT_OPERATOR_SEL_8:2, 
2024-04-24T04:59:57,176  INFO [LocalJobRunner Map Task Executor #0] vector.VectorReduceSinkOperator: Closing Operator: RS[9]
2024-04-24T04:59:57,176  INFO [LocalJobRunner Map Task Executor #0] vector.VectorReduceSinkOperator: RS[9]: Total records written - 2. abort - false
2024-04-24T04:59:57,176  INFO [LocalJobRunner Map Task Executor #0] vector.VectorReduceSinkOperator: RECORDS_OUT_OPERATOR_RS_9:2, RECORDS_OUT_INTERMEDIATE:2, 
2024-04-24T04:59:57,177  INFO [LocalJobRunner Map Task Executor #0] mapred.LocalJobRunner: 
2024-04-24T04:59:57,177  INFO [LocalJobRunner Map Task Executor #0] mapred.MapTask: Starting flush of map output
2024-04-24T04:59:57,177  INFO [LocalJobRunner Map Task Executor #0] mapred.MapTask: Spilling map output
2024-04-24T04:59:57,177  INFO [LocalJobRunner Map Task Executor #0] mapred.MapTask: bufstart = 0; bufend = 28; bufvoid = 104857600
2024-04-24T04:59:57,177  INFO [LocalJobRunner Map Task Executor #0] mapred.MapTask: kvstart = 26214396(104857584); kvend = 26214392(104857568); length = 5/6553600
2024-04-24T04:59:57,187  INFO [LocalJobRunner Map Task Executor #0] mapred.MapTask: Finished spill 0
2024-04-24T04:59:57,190  INFO [LocalJobRunner Map Task Executor #0] mapred.Task: Task:attempt_local411124846_0067_m_000000_0 is done. And is in the process of committing
2024-04-24T04:59:57,190  INFO [LocalJobRunner Map Task Executor #0] mapred.LocalJobRunner: OrcSplit [file:/home/alex/Repositories/hive/ql/target/tmp/org.apache.hadoop.hive.ql.TestTxnNoBuckets-1713959849960/warehouse/t/000000_0, start=3, length=113, isOriginal=true, fileLength=259, hasFooter=false, hasBase=true, deltas=0]
2024-04-24T04:59:57,190  INFO [LocalJobRunner Map Task Executor #0] mapred.Task: Task 'attempt_local411124846_0067_m_000000_0' done.
2024-04-24T04:59:57,190  INFO [LocalJobRunner Map Task Executor #0] mapred.Task: Final Counters for attempt_local411124846_0067_m_000000_0: Counters: 25
	File System Counters
		FILE: Number of bytes read=1609806
		FILE: Number of bytes written=80597480
		FILE: Number of read operations=0
		FILE: Number of large read operations=0
		FILE: Number of write operations=0
	Map-Reduce Framework
		Map input records=1
		Map output records=2
		Map output bytes=28
		Map output materialized bytes=38
		Input split bytes=471
		Combine input records=0
		Spilled Records=2
		Failed Shuffles=0
		Merged Map outputs=0
		GC time elapsed (ms)=0
		Total committed heap usage (bytes)=1216348160
	HIVE
		DESERIALIZE_ERRORS=0
		RECORDS_IN=5
		RECORDS_OUT_INTERMEDIATE=2
		RECORDS_OUT_OPERATOR_FIL_7=2
		RECORDS_OUT_OPERATOR_MAP_0=0
		RECORDS_OUT_OPERATOR_RS_9=2
		RECORDS_OUT_OPERATOR_SEL_8=2
		RECORDS_OUT_OPERATOR_TS_0=5
	File Input Format Counters 
		Bytes Read=7916
2024-04-24T04:59:57,190  INFO [LocalJobRunner Map Task Executor #0] mapred.LocalJobRunner: Finishing task: attempt_local411124846_0067_m_000000_0
2024-04-24T04:59:57,190  INFO [Thread-4383] mapred.LocalJobRunner: map task executor complete.
2024-04-24T04:59:57,191  INFO [Thread-4383] mapred.LocalJobRunner: Waiting for reduce tasks
2024-04-24T04:59:57,191  INFO [pool-280-thread-1] mapred.LocalJobRunner: Starting task: attempt_local411124846_0067_r_000000_0
2024-04-24T04:59:57,192  INFO [pool-280-thread-1] mapred.Task:  Using ResourceCalculatorProcessTree : [ ]
2024-04-24T04:59:57,192  INFO [pool-280-thread-1] mapred.ReduceTask: Using ShuffleConsumerPlugin: org.apache.hadoop.mapreduce.task.reduce.Shuffle@2e58da03
2024-04-24T04:59:57,192  WARN [pool-280-thread-1] impl.MetricsSystemImpl: JobTracker metrics system already initialized!
2024-04-24T04:59:57,193  INFO [pool-280-thread-1] reduce.MergeManagerImpl: MergerManager: memoryLimit=1336252800, maxSingleShuffleLimit=334063200, mergeThreshold=881926912, ioSortFactor=10, memToMemMergeOutputsThreshold=10
2024-04-24T04:59:57,193  INFO [EventFetcher for fetching Map Completion Events] reduce.EventFetcher: attempt_local411124846_0067_r_000000_0 Thread started: EventFetcher for fetching Map Completion Events
2024-04-24T04:59:57,196  INFO [localfetcher#41] reduce.LocalFetcher: localfetcher#41 about to shuffle output of map attempt_local411124846_0067_m_000000_0 decomp: 34 len: 38 to MEMORY
2024-04-24T04:59:57,196  INFO [localfetcher#41] reduce.InMemoryMapOutput: Read 34 bytes from map-output for attempt_local411124846_0067_m_000000_0
2024-04-24T04:59:57,196  INFO [localfetcher#41] reduce.MergeManagerImpl: closeInMemoryFile -> map-output of size: 34, inMemoryMapOutputs.size() -> 1, commitMemory -> 0, usedMemory ->34
2024-04-24T04:59:57,196  INFO [EventFetcher for fetching Map Completion Events] reduce.EventFetcher: EventFetcher is interrupted.. Returning
2024-04-24T04:59:57,196  INFO [pool-280-thread-1] mapred.LocalJobRunner: 1 / 1 copied.
2024-04-24T04:59:57,196  INFO [pool-280-thread-1] reduce.MergeManagerImpl: finalMerge called with 1 in-memory map-outputs and 0 on-disk map-outputs
2024-04-24T04:59:57,202  INFO [pool-280-thread-1] mapred.Merger: Merging 1 sorted segments
2024-04-24T04:59:57,202  INFO [pool-280-thread-1] mapred.Merger: Down to the last merge-pass, with 1 segments left of total size: 22 bytes
2024-04-24T04:59:57,205  INFO [pool-280-thread-1] reduce.MergeManagerImpl: Merged 1 segments, 34 bytes to disk to satisfy reduce memory limit
2024-04-24T04:59:57,205  INFO [pool-280-thread-1] reduce.MergeManagerImpl: Merging 1 files, 38 bytes from disk
2024-04-24T04:59:57,205  INFO [pool-280-thread-1] reduce.MergeManagerImpl: Merging 0 segments, 0 bytes from memory into reduce
2024-04-24T04:59:57,205  INFO [pool-280-thread-1] mapred.Merger: Merging 1 sorted segments
2024-04-24T04:59:57,205  INFO [pool-280-thread-1] mapred.Merger: Down to the last merge-pass, with 1 segments left of total size: 22 bytes
2024-04-24T04:59:57,205  INFO [pool-280-thread-1] mapred.LocalJobRunner: 1 / 1 copied.
2024-04-24T04:59:57,205  INFO [pool-280-thread-1] exec.SerializationUtilities: Deserializing ReduceWork using kryo
2024-04-24T04:59:57,206  INFO [pool-280-thread-1] exec.Utilities: Deserialized plan (via FILE) - name: null size: 7,44KB
2024-04-24T04:59:57,207  INFO [pool-280-thread-1] ExecReducer: 
<SEL>Id =4
  <Children>
    <FS>Id =5
      <Children>
      <\Children>
      <Parent>Id = 4 null<\Parent>
    <\FS>
  <\Children>
  <Parent><\Parent>
<\SEL>
2024-04-24T04:59:57,207  INFO [pool-280-thread-1] exec.SelectOperator: Initializing Operator: SEL[4]
2024-04-24T04:59:57,207  INFO [pool-280-thread-1] exec.SelectOperator: SELECT struct<key:struct<reducesinkkey0:int>,value:struct<>>
2024-04-24T04:59:57,207  INFO [pool-280-thread-1] exec.FileSinkOperator: Initializing Operator: FS[5]
2024-04-24T04:59:57,207  INFO [pool-280-thread-1] exec.FileSinkOperator: Using serializer : class org.apache.hadoop.hive.serde2.lazy.LazySimpleSerDe [serdeParams=org.apache.hadoop.hive.serde2.lazy.LazySerDeParameters@1bbe3046, cachedObjectInspector=org.apache.hadoop.hive.serde2.lazy.objectinspector.LazySimpleStructObjectInspector<org.apache.hadoop.hive.serde2.lazy.objectinspector.primitive.LazyIntObjectInspector@3e3b41cb>, serializedSize=0, stats=org.apache.hadoop.hive.serde2.SerDeStats@3d7f591, lastOperationSerialize=false, lastOperationDeserialize=false [1, 2, 3, 4, 5, 6, 7, 8, 11, 14, 15, 16, 17, 18, 19, 20, 21, 22, 23, 24, 25, 26, 28, 29, 30, 31, -128, -127, -126, -125, -124, -123, -122, -121, -120, -119, -118, -117, -116, -115, -114, -113, -112, -111, -110, -109, -108, -107, -106, -105, -104, -103, -102, -101, -100, -99, -98, -97, -96, -95, -94, -93, -92, -91, -90, -89, -88, -87, -86, -85, -84, -83, -82, -81, -80, -79, -78, -77, -76, -75, -74, -73, -72, -71, -70, -69, -68, -67, -66, -65, -64, -63, -62, -61, -60, -59, -58, -57, -56, -55, -54, -53, -52, -51, -50, -49, -48, -47, -46, -45, -44, -43, -42, -41, -40, -39, -38, -37, -36, -35, -34, -33, -32, -31, -30, -29, -28, -27, -26, -25, -24, -23, -22, -21, -20, -19, -18, -17, -16, -15, -14, -13, -12, -11, -10, -9, -8, -7, -6, -5, -4, -3, -2, -1] : [_col0] : [int]] and formatter : org.apache.hadoop.hive.ql.io.HiveSequenceFileOutputFormat@6a872bc0
2024-04-24T04:59:57,207  INFO [pool-280-thread-1] exec.FileSinkOperator: Final Path: FS file:/home/alex/Repositories/hive/ql/target/tmp/localscratchdir/f4211df6-1f20-4624-ab6a-b1a20e1d15e7/hive_2024-04-24_04-59-56_704_6444559670325185686-1/-mr-10001/.hive-staging_hive_2024-04-24_04-59-56_704_6444559670325185686-1/_tmp.-ext-10002/000000_0
2024-04-24T04:59:57,207  INFO [pool-280-thread-1] exec.FileSinkOperator: Writing to temp file: FS file:/home/alex/Repositories/hive/ql/target/tmp/localscratchdir/f4211df6-1f20-4624-ab6a-b1a20e1d15e7/hive_2024-04-24_04-59-56_704_6444559670325185686-1/-mr-10001/.hive-staging_hive_2024-04-24_04-59-56_704_6444559670325185686-1/_task_tmp.-ext-10002/_tmp.000000_0
2024-04-24T04:59:57,207  INFO [pool-280-thread-1] exec.FileSinkOperator: New Final Path: FS file:/home/alex/Repositories/hive/ql/target/tmp/localscratchdir/f4211df6-1f20-4624-ab6a-b1a20e1d15e7/hive_2024-04-24_04-59-56_704_6444559670325185686-1/-mr-10001/.hive-staging_hive_2024-04-24_04-59-56_704_6444559670325185686-1/_tmp.-ext-10002/000000_0
2024-04-24T04:59:57,214  INFO [pool-280-thread-1] exec.FileSinkOperator: FS[5]: records written - 1
2024-04-24T04:59:57,214  INFO [pool-280-thread-1] exec.SelectOperator: Closing Operator: SEL[4]
2024-04-24T04:59:57,214  INFO [pool-280-thread-1] exec.SelectOperator: RECORDS_OUT_OPERATOR_SEL_4:2, RECORDS_OUT_INTERMEDIATE:0, 
2024-04-24T04:59:57,214  INFO [pool-280-thread-1] exec.FileSinkOperator: Closing Operator: FS[5]
2024-04-24T04:59:57,214  INFO [pool-280-thread-1] exec.FileSinkOperator: FS[5]: records written - 2
2024-04-24T04:59:57,215  INFO [pool-280-thread-1] exec.FileSinkOperator: RECORDS_OUT_INTERMEDIATE:0, RECORDS_OUT_0:2, RECORDS_OUT_OPERATOR_FS_5:2, 
2024-04-24T04:59:57,215  INFO [pool-280-thread-1] mapred.Task: Task:attempt_local411124846_0067_r_000000_0 is done. And is in the process of committing
2024-04-24T04:59:57,215  INFO [pool-280-thread-1] mapred.LocalJobRunner: reduce > reduce
2024-04-24T04:59:57,215  INFO [pool-280-thread-1] mapred.Task: Task 'attempt_local411124846_0067_r_000000_0' done.
2024-04-24T04:59:57,215  INFO [pool-280-thread-1] mapred.Task: Final Counters for attempt_local411124846_0067_r_000000_0: Counters: 29
	File System Counters
		FILE: Number of bytes read=1617421
		FILE: Number of bytes written=80597645
		FILE: Number of read operations=0
		FILE: Number of large read operations=0
		FILE: Number of write operations=0
	Map-Reduce Framework
		Combine input records=0
		Combine output records=0
		Reduce input groups=2
		Reduce shuffle bytes=38
		Reduce input records=2
		Reduce output records=0
		Spilled Records=2
		Shuffled Maps =1
		Failed Shuffles=0
		Merged Map outputs=1
		GC time elapsed (ms)=0
		Total committed heap usage (bytes)=1216348160
	HIVE
		CREATED_FILES=1
		RECORDS_OUT_0=2
		RECORDS_OUT_INTERMEDIATE=0
		RECORDS_OUT_OPERATOR_FS_5=2
		RECORDS_OUT_OPERATOR_SEL_4=2
	Shuffle Errors
		BAD_ID=0
		CONNECTION=0
		IO_ERROR=0
		WRONG_LENGTH=0
		WRONG_MAP=0
		WRONG_REDUCE=0
	File Output Format Counters 
		Bytes Written=0
2024-04-24T04:59:57,215  INFO [pool-280-thread-1] mapred.LocalJobRunner: Finishing task: attempt_local411124846_0067_r_000000_0
2024-04-24T04:59:57,215  INFO [Thread-4383] mapred.LocalJobRunner: reduce task executor complete.
2024-04-24 04:59:58,165 Stage-1 map = 100%,  reduce = 100%
2024-04-24T04:59:58,165  INFO [main] exec.Task: 2024-04-24 04:59:58,165 Stage-1 map = 100%,  reduce = 100%
Ended Job = job_local411124846_0067
2024-04-24T04:59:58,165  INFO [main] exec.Task: Ended Job = job_local411124846_0067
2024-04-24T04:59:58,167  INFO [main] metadata.Hive: Dumping metastore api call timing information for : execution phase
2024-04-24T04:59:58,167  INFO [main] metadata.Hive: Total time spent in each metastore function (ms): {}
MapReduce Jobs Launched: 
2024-04-24T04:59:58,167  INFO [main] ql.Driver: MapReduce Jobs Launched: 
Stage-Stage-1:  HDFS Read: 0 HDFS Write: 0 SUCCESS
2024-04-24T04:59:58,168  INFO [main] ql.Driver: Stage-Stage-1:  HDFS Read: 0 HDFS Write: 0 SUCCESS
Total MapReduce CPU Time Spent: 0 msec
2024-04-24T04:59:58,168  INFO [main] ql.Driver: Total MapReduce CPU Time Spent: 0 msec
2024-04-24T04:59:58,168  INFO [main] ql.Driver: Completed executing command(queryId=alex_20240424045956_4cafbcc5-ba76-4f78-978f-18b1ff66fa46); Time taken: 1.286 seconds
2024-04-24T04:59:58,168  INFO [main] lockmgr.DbTxnManager: Stopped heartbeat for query: alex_20240424045956_4cafbcc5-ba76-4f78-978f-18b1ff66fa46
2024-04-24T04:59:58,172  INFO [main] txn.TxnHandler: Expected to move at least one record from txn_components to completed_txn_components when committing txn! txnid:17
2024-04-24T04:59:58,178  INFO [main] txn.TxnHandler: Removed transactions: ([17]) from MIN_HISTORY_LEVEL
2024-04-24T04:59:58,178  WARN [main] txn.CompactionTxnHandler: No compaction queue record found for Compaction type transaction commit. txnId:17
2024-04-24T04:59:58,182  INFO [main] mapred.FileInputFormat: Total input files to process : 1
2024-04-24T04:59:58,182  INFO [main] exec.ListSinkOperator: Closing Operator: LIST_SINK[10]
2024-04-24T04:59:58,182  INFO [main] exec.ListSinkOperator: RECORDS_OUT_INTERMEDIATE:0, RECORDS_OUT_OPERATOR_LIST_SINK_10:2, 
2024-04-24T04:59:58,183  WARN [main] ql.TestTxnNoBuckets: null: read data(After conversion): 
2024-04-24T04:59:58,183  INFO [main] ql.TestTxnNoBuckets: 6
9

2024-04-24T04:59:58,183  INFO [main] ql.TxnCommandsBaseForTests: Running the query: EXPLAIN VECTORIZATION DETAIL select a from T where b > 6 order by a
2024-04-24T04:59:58,183  INFO [main] ql.Context: Deleting scratch dir: file:/home/alex/Repositories/hive/ql/target/tmp/localscratchdir/f4211df6-1f20-4624-ab6a-b1a20e1d15e7/hive_2024-04-24_04-59-56_704_6444559670325185686-1
2024-04-24T04:59:58,183  INFO [main] cleanup.SyncCleanupService: Deleted directory: file:/home/alex/Repositories/hive/ql/target/tmp/localscratchdir/f4211df6-1f20-4624-ab6a-b1a20e1d15e7/hive_2024-04-24_04-59-56_704_6444559670325185686-1 on fs with scheme file
2024-04-24T04:59:58,184  INFO [main] ql.Driver: Compiling command(queryId=alex_20240424045958_585a7e9d-a043-4638-9a9d-82f0db7566f5): EXPLAIN VECTORIZATION DETAIL select a from T where b > 6 order by a
2024-04-24T04:59:58,186  INFO [main] txn.TxnHandler: Added entries to MIN_HISTORY_LEVEL for current txns: ([18]) with min_open_txn: 18
2024-04-24T04:59:58,186  INFO [main] lockmgr.DbTxnManager: Opened txnid:18
2024-04-24T04:59:58,187  INFO [main] parse.CalcitePlanner: Starting Semantic Analysis
2024-04-24T04:59:58,189  INFO [main] parse.CalcitePlanner: Completed phase 1 of Semantic Analysis
2024-04-24T04:59:58,189  INFO [main] parse.CalcitePlanner: Get metadata for source tables
2024-04-24T04:59:58,190  INFO [main] HiveMetaStore.audit: ugi=alex	ip=unknown-ip-addr	cmd=get_table : tbl=hive.default.t	
2024-04-24T04:59:58,196  INFO [main] metastore.HMSHandler: Skipping translation for processor with null
2024-04-24T04:59:58,197  INFO [main] parse.CalcitePlanner: Get metadata for subqueries
2024-04-24T04:59:58,197  INFO [main] parse.CalcitePlanner: Get metadata for destination tables
2024-04-24T04:59:58,197  INFO [main] parse.CalcitePlanner: Completed getting MetaData in Semantic Analysis
2024-04-24T04:59:58,210  INFO [main] HiveMetaStore.audit: ugi=alex	ip=unknown-ip-addr	cmd=get_all_table_constraints : tbl=hive.default.t	
2024-04-24T04:59:58,249  INFO [main] calcite.RelOptHiveTable: Calculating column statistics for default.t, projIndxSet: [0, 1], allowMissingStats: true
2024-04-24T04:59:58,249  INFO [main] HiveMetaStore.audit: ugi=alex	ip=unknown-ip-addr	cmd=get_table_statistics_req: table=hive.default.t	
2024-04-24T04:59:58,258  WARN [main] calcite.RelOptHiveTable: No Stats for default@t, Columns: b, a
No Stats for default@t, Columns: b, a
2024-04-24T04:59:58,258  INFO [main] SessionState: No Stats for default@t, Columns: b, a
2024-04-24T04:59:58,313  INFO [main] parse.CalcitePlanner: Get metadata for source tables
2024-04-24T04:59:58,314  INFO [main] parse.CalcitePlanner: Get metadata for subqueries
2024-04-24T04:59:58,314  INFO [main] parse.CalcitePlanner: Get metadata for destination tables
2024-04-24T04:59:58,315  INFO [main] parse.CalcitePlanner: CBO Succeeded; optimized logical plan.
2024-04-24T04:59:58,318  INFO [main] optimizer.ColumnPrunerProcFactory: RS 3 oldColExprMap: {KEY.reducesinkkey0=Column[_col0]}
2024-04-24T04:59:58,318  INFO [main] optimizer.ColumnPrunerProcFactory: RS 3 newColExprMap: {KEY.reducesinkkey0=Column[_col0]}
2024-04-24T04:59:58,319  INFO [main] optimizer.BucketVersionPopulator: not considering bucketingVersion for: TS[0] because it has -1<2 buckets 
2024-04-24T04:59:58,322  INFO [main] optimizer.SortedDynPartitionOptimizer: Sorted dynamic partitioning optimization kicked in..
2024-04-24T04:59:58,331  INFO [main] physical.Vectorizer: Examining input format to see if vectorization is enabled.
2024-04-24T04:59:58,331  INFO [main] physical.Vectorizer: Vectorization is enabled for input format(s) [org.apache.hadoop.hive.ql.io.orc.OrcInputFormat]
2024-04-24T04:59:58,331  INFO [main] physical.Vectorizer: Validating and vectorizing MapWork... (vectorizedVertexNum 0)
2024-04-24T04:59:58,333  INFO [main] physical.Vectorizer: Map vectorization enabled: true
2024-04-24T04:59:58,333  INFO [main] physical.Vectorizer: Map vectorized: true
2024-04-24T04:59:58,333  INFO [main] physical.Vectorizer: Map vectorizedVertexNum: 0
2024-04-24T04:59:58,333  INFO [main] physical.Vectorizer: Map enabledConditionsMet: [hive.vectorized.use.vectorized.input.format IS true]
2024-04-24T04:59:58,333  INFO [main] physical.Vectorizer: Map inputFileFormatClassNameSet: [org.apache.hadoop.hive.ql.io.orc.OrcInputFormat]
2024-04-24T04:59:58,333  INFO [main] physical.Vectorizer: Reduce vectorization enabled: false
2024-04-24T04:59:58,333  INFO [main] physical.Vectorizer: Reduce vectorized: false
2024-04-24T04:59:58,333  INFO [main] physical.Vectorizer: Reduce vectorizedVertexNum: 1
2024-04-24T04:59:58,333  INFO [main] physical.Vectorizer: Reducer hive.vectorized.execution.reduce.enabled: true
2024-04-24T04:59:58,333  INFO [main] physical.Vectorizer: Reducer engine: mr
2024-04-24T04:59:58,333  INFO [main] parse.CalcitePlanner: Completed plan generation
2024-04-24T04:59:58,333  INFO [main] ql.Driver: Semantic Analysis Completed (retrial = false)
2024-04-24T04:59:58,333  INFO [main] ql.Driver: Created Hive schema: Schema(fieldSchemas:[FieldSchema(name:Explain, type:string, comment:null)], properties:null)
2024-04-24T04:59:58,333  INFO [main] metadata.Hive: Dumping metastore api call timing information for : compilation phase
2024-04-24T04:59:58,333  INFO [main] metadata.Hive: Total time spent in each metastore function (ms): {getTable_(GetTableRequest)=6, getTableColumnStatistics_(String, String, List, String)=8, isCompatibleWith_(Configuration)=0, getValidTxns_(long)=1, commitTxn_(CommitTxnRequest)=10, getAllTableConstraints_(AllTableConstraintsRequest)=5, openTxn_(String, TxnType)=2, flushCache_()=0, getValidWriteIds_(List, String)=4}
2024-04-24T04:59:58,334  INFO [main] ql.Driver: Completed compiling command(queryId=alex_20240424045958_585a7e9d-a043-4638-9a9d-82f0db7566f5); Time taken: 0.149 seconds
2024-04-24T04:59:58,334  INFO [main] ql.Driver: Executing command(queryId=alex_20240424045958_585a7e9d-a043-4638-9a9d-82f0db7566f5): EXPLAIN VECTORIZATION DETAIL select a from T where b > 6 order by a
2024-04-24T04:59:58,334  INFO [main] ql.Driver: Starting task [Stage-2:EXPLAIN] in serial mode
2024-04-24T04:59:58,356  INFO [main] metadata.Hive: Dumping metastore api call timing information for : execution phase
2024-04-24T04:59:58,356  INFO [main] metadata.Hive: Total time spent in each metastore function (ms): {}
2024-04-24T04:59:58,356  INFO [main] ql.Driver: Completed executing command(queryId=alex_20240424045958_585a7e9d-a043-4638-9a9d-82f0db7566f5); Time taken: 0.022 seconds
2024-04-24T04:59:58,356  INFO [main] lockmgr.DbTxnManager: Stopped heartbeat for query: null
2024-04-24T04:59:58,362  INFO [main] txn.TxnHandler: Expected to move at least one record from txn_components to completed_txn_components when committing txn! txnid:18
2024-04-24T04:59:58,368  INFO [main] txn.TxnHandler: Removed transactions: ([18]) from MIN_HISTORY_LEVEL
2024-04-24T04:59:58,368  WARN [main] txn.CompactionTxnHandler: No compaction queue record found for Compaction type transaction commit. txnId:18
2024-04-24T04:59:58,369  INFO [main] ql.TxnCommandsBaseForTests: Running the query: select ROW__ID, a from T where b > 6 order by a
2024-04-24T04:59:58,369  INFO [main] ql.Context: Deleting scratch dir: file:/home/alex/Repositories/hive/ql/target/tmp/localscratchdir/f4211df6-1f20-4624-ab6a-b1a20e1d15e7/hive_2024-04-24_04-59-58_184_1475614947336811764-1
2024-04-24T04:59:58,369  INFO [main] cleanup.SyncCleanupService: Deleted directory: file:/home/alex/Repositories/hive/ql/target/tmp/localscratchdir/f4211df6-1f20-4624-ab6a-b1a20e1d15e7/hive_2024-04-24_04-59-58_184_1475614947336811764-1 on fs with scheme file
2024-04-24T04:59:58,370  INFO [main] ql.Driver: Compiling command(queryId=alex_20240424045958_df5ffe79-66cb-482a-b96e-5080e21f973f): select ROW__ID, a from T where b > 6 order by a
2024-04-24T04:59:58,373  INFO [main] txn.TxnHandler: Added entries to MIN_HISTORY_LEVEL for current txns: ([19]) with min_open_txn: 18
2024-04-24T04:59:58,373  INFO [main] lockmgr.DbTxnManager: Opened txnid:19
2024-04-24T04:59:58,373  INFO [main] parse.CalcitePlanner: Starting caching scope for: 
2024-04-24T04:59:58,373  INFO [main] parse.CalcitePlanner: Starting Semantic Analysis
2024-04-24T04:59:58,376  INFO [main] parse.CalcitePlanner: Completed phase 1 of Semantic Analysis
2024-04-24T04:59:58,376  INFO [main] parse.CalcitePlanner: Get metadata for source tables
2024-04-24T04:59:58,377  INFO [main] HiveMetaStore.audit: ugi=alex	ip=unknown-ip-addr	cmd=get_table : tbl=hive.default.t	
2024-04-24T04:59:58,383  INFO [main] metastore.HMSHandler: Skipping translation for processor with null
2024-04-24T04:59:58,383  INFO [main] parse.CalcitePlanner: Get metadata for subqueries
2024-04-24T04:59:58,383  INFO [main] parse.CalcitePlanner: Get metadata for destination tables
2024-04-24T04:59:58,383  INFO [main] parse.CalcitePlanner: Completed getting MetaData in Semantic Analysis
2024-04-24T04:59:58,397  INFO [main] HiveMetaStore.audit: ugi=alex	ip=unknown-ip-addr	cmd=get_all_table_constraints : tbl=hive.default.t	
2024-04-24T04:59:58,433  INFO [main] calcite.RelOptHiveTable: Calculating column statistics for default.t, projIndxSet: [0, 1], allowMissingStats: true
2024-04-24T04:59:58,433  INFO [main] HiveMetaStore.audit: ugi=alex	ip=unknown-ip-addr	cmd=get_table_statistics_req: table=hive.default.t	
2024-04-24T04:59:58,441  WARN [main] calcite.RelOptHiveTable: No Stats for default@t, Columns: b, a
No Stats for default@t, Columns: b, a
2024-04-24T04:59:58,441  INFO [main] SessionState: No Stats for default@t, Columns: b, a
2024-04-24T04:59:58,496  INFO [main] parse.CalcitePlanner: Get metadata for source tables
2024-04-24T04:59:58,497  INFO [main] parse.CalcitePlanner: Get metadata for subqueries
2024-04-24T04:59:58,497  INFO [main] parse.CalcitePlanner: Get metadata for destination tables
2024-04-24T04:59:58,498  INFO [main] common.FileUtils: Creating directory if it doesn't exist: file:/home/alex/Repositories/hive/ql/target/tmp/localscratchdir/f4211df6-1f20-4624-ab6a-b1a20e1d15e7/hive_2024-04-24_04-59-58_370_5070087742801146182-1/-mr-10001/.hive-staging_hive_2024-04-24_04-59-58_370_5070087742801146182-1
2024-04-24T04:59:58,505  INFO [main] parse.CalcitePlanner: CBO Succeeded; optimized logical plan.
2024-04-24T04:59:58,508  INFO [main] optimizer.ColumnPrunerProcFactory: RS 3 oldColExprMap: {KEY.reducesinkkey0=Column[_col1], VALUE._col0=Column[_col0]}
2024-04-24T04:59:58,508  INFO [main] optimizer.ColumnPrunerProcFactory: RS 3 newColExprMap: {KEY.reducesinkkey0=Column[_col1], VALUE._col0=Column[_col0]}
2024-04-24T04:59:58,509  INFO [main] optimizer.BucketVersionPopulator: not considering bucketingVersion for: TS[0] because it has -1<2 buckets 
2024-04-24T04:59:58,509  INFO [main] optimizer.SortedDynPartitionOptimizer: Sorted dynamic partitioning optimization kicked in..
2024-04-24T04:59:58,517  INFO [main] physical.Vectorizer: Examining input format to see if vectorization is enabled.
2024-04-24T04:59:58,517  INFO [main] physical.Vectorizer: Vectorization is enabled for input format(s) [org.apache.hadoop.hive.ql.io.orc.OrcInputFormat]
2024-04-24T04:59:58,517  INFO [main] physical.Vectorizer: Validating and vectorizing MapWork... (vectorizedVertexNum 0)
2024-04-24T04:59:58,519  INFO [main] physical.Vectorizer: Map vectorization enabled: true
2024-04-24T04:59:58,520  INFO [main] physical.Vectorizer: Map vectorized: true
2024-04-24T04:59:58,520  INFO [main] physical.Vectorizer: Map vectorizedVertexNum: 0
2024-04-24T04:59:58,520  INFO [main] physical.Vectorizer: Map enabledConditionsMet: [hive.vectorized.use.vectorized.input.format IS true]
2024-04-24T04:59:58,520  INFO [main] physical.Vectorizer: Map inputFileFormatClassNameSet: [org.apache.hadoop.hive.ql.io.orc.OrcInputFormat]
2024-04-24T04:59:58,520  INFO [main] physical.Vectorizer: Reduce vectorization enabled: false
2024-04-24T04:59:58,520  INFO [main] physical.Vectorizer: Reduce vectorized: false
2024-04-24T04:59:58,520  INFO [main] physical.Vectorizer: Reduce vectorizedVertexNum: 1
2024-04-24T04:59:58,520  INFO [main] physical.Vectorizer: Reducer hive.vectorized.execution.reduce.enabled: true
2024-04-24T04:59:58,520  INFO [main] physical.Vectorizer: Reducer engine: mr
2024-04-24T04:59:58,520  INFO [main] parse.CalcitePlanner: Completed plan generation
2024-04-24T04:59:58,520  INFO [main] parse.CalcitePlanner: Ending caching scope for: 
2024-04-24T04:59:58,520  INFO [main] ql.Driver: Semantic Analysis Completed (retrial = false)
2024-04-24T04:59:58,520  INFO [main] ql.Driver: Created Hive schema: Schema(fieldSchemas:[FieldSchema(name:row__id, type:struct<writeid:bigint,bucketid:int,rowid:bigint>, comment:null), FieldSchema(name:a, type:int, comment:null)], properties:null)
2024-04-24T04:59:58,521  INFO [main] exec.ListSinkOperator: Initializing Operator: LIST_SINK[10]
2024-04-24T04:59:58,521  INFO [main] metadata.Hive: Dumping metastore api call timing information for : compilation phase
2024-04-24T04:59:58,521  INFO [main] metadata.Hive: Total time spent in each metastore function (ms): {getTableColumnStatistics_(String, String, List, String)=7, openTxn_(String, TxnType)=3, isCompatibleWith_(Configuration)=1, getTable_(GetTableRequest)=6, commitTxn_(CommitTxnRequest)=12, getValidTxns_(long)=0, flushCache_()=0, getAllTableConstraints_(AllTableConstraintsRequest)=5, getValidWriteIds_(List, String)=4}
2024-04-24T04:59:58,521  INFO [main] ql.Driver: Completed compiling command(queryId=alex_20240424045958_df5ffe79-66cb-482a-b96e-5080e21f973f); Time taken: 0.151 seconds
2024-04-24T04:59:58,521  INFO [main] lockmgr.DbTxnManager: Setting lock request transaction to txnid:19 for queryId=alex_20240424045958_df5ffe79-66cb-482a-b96e-5080e21f973f
2024-04-24T04:59:58,522  INFO [main] lockmgr.DbLockManager: Requesting lock for queryId=alex_20240424045958_df5ffe79-66cb-482a-b96e-5080e21f973f
2024-04-24T04:59:58,537  INFO [main] lockmgr.DbLockManager: Response to queryId=alex_20240424045958_df5ffe79-66cb-482a-b96e-5080e21f973f LockResponse(lockid:12, state:ACQUIRED)
2024-04-24T04:59:58,537  INFO [main] ql.Driver: Operation QUERY obtained 1 locks
2024-04-24T04:59:58,538  INFO [main] ql.Driver: Executing command(queryId=alex_20240424045958_df5ffe79-66cb-482a-b96e-5080e21f973f): select ROW__ID, a from T where b > 6 order by a
2024-04-24T04:59:58,538  WARN [main] ql.Driver: Hive-on-MR is deprecated in Hive 2 and may not be available in the future versions. Consider using a different execution engine (i.e. spark, tez) or using Hive 1.X releases.
Query ID = alex_20240424045958_df5ffe79-66cb-482a-b96e-5080e21f973f
2024-04-24T04:59:58,538  INFO [main] ql.Driver: Query ID = alex_20240424045958_df5ffe79-66cb-482a-b96e-5080e21f973f
Total jobs = 1
2024-04-24T04:59:58,538  INFO [main] ql.Driver: Total jobs = 1
Launching Job 1 out of 1
2024-04-24T04:59:58,538  INFO [main] ql.Driver: Launching Job 1 out of 1
2024-04-24T04:59:58,678  INFO [main] ql.Driver: Starting task [Stage-1:MAPRED] in serial mode
Number of reduce tasks determined at compile time: 1
2024-04-24T04:59:58,678  INFO [main] exec.Task: Number of reduce tasks determined at compile time: 1
In order to change the average load for a reducer (in bytes):
2024-04-24T04:59:58,678  INFO [main] exec.Task: In order to change the average load for a reducer (in bytes):
  set hive.exec.reducers.bytes.per.reducer=<number>
2024-04-24T04:59:58,678  INFO [main] exec.Task:   set hive.exec.reducers.bytes.per.reducer=<number>
In order to limit the maximum number of reducers:
2024-04-24T04:59:58,678  INFO [main] exec.Task: In order to limit the maximum number of reducers:
  set hive.exec.reducers.max=<number>
2024-04-24T04:59:58,678  INFO [main] exec.Task:   set hive.exec.reducers.max=<number>
In order to set a constant number of reducers:
2024-04-24T04:59:58,678  INFO [main] exec.Task: In order to set a constant number of reducers:
  set mapreduce.job.reduces=<number>
2024-04-24T04:59:58,678  INFO [main] exec.Task:   set mapreduce.job.reduces=<number>
2024-04-24T04:59:58,680  INFO [main] mr.ExecDriver: Using org.apache.hadoop.hive.ql.io.HiveInputFormat
2024-04-24T04:59:58,680  INFO [main] exec.Utilities: Processing alias t
2024-04-24T04:59:58,680  INFO [main] exec.Utilities: Adding 1 inputs; the first input is file:/home/alex/Repositories/hive/ql/target/tmp/org.apache.hadoop.hive.ql.TestTxnNoBuckets-1713959849960/warehouse/t
2024-04-24T04:59:58,689  INFO [main] exec.SerializationUtilities: Serializing MapWork using kryo
2024-04-24T04:59:58,690  INFO [main] exec.Utilities: Serialized plan (via FILE) - name: null size: 6,73KB
2024-04-24T04:59:58,695  INFO [main] exec.SerializationUtilities: Serializing ReduceWork using kryo
2024-04-24T04:59:58,696  INFO [main] exec.Utilities: Serialized plan (via FILE) - name: null size: 7,73KB
2024-04-24T04:59:58,696  WARN [main] impl.MetricsSystemImpl: JobTracker metrics system already initialized!
2024-04-24T04:59:58,702  WARN [main] impl.MetricsSystemImpl: JobTracker metrics system already initialized!
2024-04-24T04:59:58,708  WARN [main] mapreduce.JobResourceUploader: Hadoop command-line option parsing not performed. Implement the Tool interface and execute your application with ToolRunner to remedy this.
2024-04-24T04:59:58,713  WARN [main] mapreduce.JobResourceUploader: No job jar file set.  User classes may not be found. See Job or Job#setJar(String).
2024-04-24T04:59:58,715  INFO [main] io.HiveInputFormat: hive.io.file.readcolumn.ids = 0,1
2024-04-24T04:59:58,715  INFO [main] io.HiveInputFormat: hive.io.file.readcolumn.names = a,b
2024-04-24T04:59:58,715  INFO [main] io.HiveInputFormat: Generating splits for dirs: file:/home/alex/Repositories/hive/ql/target/tmp/org.apache.hadoop.hive.ql.TestTxnNoBuckets-1713959849960/warehouse/t
2024-04-24T04:59:58,715  INFO [main] orc.OrcInputFormat: getSplits started
2024-04-24T04:59:58,715  INFO [main] orc.OrcInputFormat: Context:: isAcid: true isVectorMode: true sarg: (not leaf-(LESS_THAN_EQUALS b 6)) minSplitSize: 1 maxSplitSize: 256000000 splitStrategy: HYBRID footerInSplits: false numBuckets: 0 numThreads: 10 cacheMemSize: 268435456 cacheStripeDetails: true useSoftReference: false writeIdList: default.t:10000000:9223372036854775807:: isTransactionalTable: true txnProperties: default 
2024-04-24T04:59:58,715  INFO [main] orc.OrcInputFormat: ORC pushdown predicate: (not leaf-(LESS_THAN_EQUALS b 6))
2024-04-24T04:59:58,722  INFO [main] orc.OrcInputFormat: FooterCacheHitRatio: 1/1
2024-04-24T04:59:58,722  INFO [main] orc.OrcInputFormat: getSplits finished (#splits: 1). duration: 7 ms
2024-04-24T04:59:58,722  INFO [main] io.HiveInputFormat: number of splits 1
2024-04-24T04:59:58,740  INFO [main] mapreduce.JobSubmitter: number of splits:1
2024-04-24T04:59:58,758  INFO [main] mapreduce.JobSubmitter: Submitting tokens for job: job_local641256832_0068
2024-04-24T04:59:58,758  INFO [main] mapreduce.JobSubmitter: Executing with tokens: []
2024-04-24T04:59:58,829  INFO [main] mapreduce.Job: The url to track the job: http://localhost:8080/
Job running in-process (local Hadoop)
2024-04-24T04:59:58,829  INFO [main] exec.Task: Job running in-process (local Hadoop)
2024-04-24T04:59:58,830  INFO [Thread-4437] mapred.LocalJobRunner: OutputCommitter set in config org.apache.hadoop.hive.ql.io.HiveFileFormatUtils$NullOutputCommitter
2024-04-24T04:59:58,830  INFO [Thread-4437] mapred.LocalJobRunner: OutputCommitter is org.apache.hadoop.hive.ql.io.HiveFileFormatUtils$NullOutputCommitter
2024-04-24T04:59:58,831  INFO [Thread-4437] mapred.LocalJobRunner: Waiting for map tasks
2024-04-24T04:59:58,831  INFO [LocalJobRunner Map Task Executor #0] mapred.LocalJobRunner: Starting task: attempt_local641256832_0068_m_000000_0
2024-04-24T04:59:58,832  INFO [LocalJobRunner Map Task Executor #0] mapred.Task:  Using ResourceCalculatorProcessTree : [ ]
2024-04-24T04:59:58,832  INFO [LocalJobRunner Map Task Executor #0] mapred.MapTask: Processing split: org.apache.hadoop.hive.ql.io.orc.OrcInputFormat:OrcSplit [file:/home/alex/Repositories/hive/ql/target/tmp/org.apache.hadoop.hive.ql.TestTxnNoBuckets-1713959849960/warehouse/t/000000_0, start=3, length=113, isOriginal=true, fileLength=259, hasFooter=false, hasBase=true, deltas=0]
2024-04-24T04:59:58,832  INFO [LocalJobRunner Map Task Executor #0] exec.SerializationUtilities: Deserializing MapWork using kryo
2024-04-24T04:59:58,833  INFO [LocalJobRunner Map Task Executor #0] exec.Utilities: Deserialized plan (via FILE) - name: null size: 6,73KB
2024-04-24T04:59:58,833  INFO [LocalJobRunner Map Task Executor #0] orc.OrcInputFormat: ORC pushdown predicate: (not leaf-(LESS_THAN_EQUALS b 6))
2024-04-24T04:59:58,833  INFO [LocalJobRunner Map Task Executor #0] orc.VectorizedOrcAcidRowBatchReader: Read ValidWriteIdList: default.t:10000000:9223372036854775807:::OrcSplit [file:/home/alex/Repositories/hive/ql/target/tmp/org.apache.hadoop.hive.ql.TestTxnNoBuckets-1713959849960/warehouse/t/000000_0, start=3, length=113, isOriginal=true, fileLength=259, hasFooter=false, hasBase=true, deltas=0]
2024-04-24T04:59:58,834  INFO [LocalJobRunner Map Task Executor #0] orc.ReaderImpl: Reading ORC rows from file:/home/alex/Repositories/hive/ql/target/tmp/org.apache.hadoop.hive.ql.TestTxnNoBuckets-1713959849960/warehouse/t/000000_0 with {include: [true, true, true], offset: 3, length: 113, sarg: (not leaf-(LESS_THAN_EQUALS b 6)), schema: struct<a:int,b:int>, includeAcidColumns: true}
2024-04-24T04:59:58,835  INFO [LocalJobRunner Map Task Executor #0] mapred.MapTask: numReduceTasks: 1
2024-04-24T04:59:58,838  INFO [LocalJobRunner Map Task Executor #0] mapred.MapTask: (EQUATOR) 0 kvi 26214396(104857584)
2024-04-24T04:59:58,838  INFO [LocalJobRunner Map Task Executor #0] mapred.MapTask: mapreduce.task.io.sort.mb: 100
2024-04-24T04:59:58,838  INFO [LocalJobRunner Map Task Executor #0] mapred.MapTask: soft limit at 83886080
2024-04-24T04:59:58,838  INFO [LocalJobRunner Map Task Executor #0] mapred.MapTask: bufstart = 0; bufvoid = 104857600
2024-04-24T04:59:58,838  INFO [LocalJobRunner Map Task Executor #0] mapred.MapTask: kvstart = 26214396; length = 6553600
2024-04-24T04:59:58,839  INFO [LocalJobRunner Map Task Executor #0] mapred.MapTask: Map output collector class = org.apache.hadoop.mapred.MapTask$MapOutputBuffer
2024-04-24T04:59:58,839  INFO [LocalJobRunner Map Task Executor #0] vector.VectorMapOperator: Initializing Operator: MAP[0]
2024-04-24T04:59:58,839  INFO [LocalJobRunner Map Task Executor #0] mr.ExecMapper: 
<MAP>Id =0
  <Children>null
  <\Children>
  <Parent><\Parent>
<\MAP>
2024-04-24T04:59:58,840  INFO [LocalJobRunner Map Task Executor #0] exec.TableScanOperator: Initializing Operator: TS[0]
2024-04-24T04:59:58,840  INFO [LocalJobRunner Map Task Executor #0] vector.VectorFilterOperator: Initializing Operator: FIL[7]
2024-04-24T04:59:58,840  INFO [LocalJobRunner Map Task Executor #0] vector.VectorSelectOperator: Initializing Operator: SEL[8]
2024-04-24T04:59:58,841  INFO [LocalJobRunner Map Task Executor #0] vector.VectorReduceSinkOperator: Initializing Operator: RS[9]
2024-04-24T04:59:58,841  INFO [LocalJobRunner Map Task Executor #0] vector.VectorReduceSinkOperator: Using tag = -1
2024-04-24T04:59:58,842  INFO [LocalJobRunner Map Task Executor #0] vector.VectorReduceSinkOperator: keys are [reducesinkkey0] num distributions: 1
2024-04-24T04:59:58,842  INFO [LocalJobRunner Map Task Executor #0] vector.VectorReduceSinkOperator: RS[9]: records written - 1
2024-04-24T04:59:58,842  INFO [LocalJobRunner Map Task Executor #0] vector.VectorMapOperator: Closing Operator: MAP[0]
2024-04-24T04:59:58,842  INFO [LocalJobRunner Map Task Executor #0] vector.VectorMapOperator: RECORDS_IN:5, RECORDS_OUT_OPERATOR_MAP_0:0, RECORDS_OUT_INTERMEDIATE:0, DESERIALIZE_ERRORS:0, 
2024-04-24T04:59:58,842  INFO [LocalJobRunner Map Task Executor #0] exec.TableScanOperator: Closing Operator: TS[0]
2024-04-24T04:59:58,842  INFO [LocalJobRunner Map Task Executor #0] exec.TableScanOperator: RECORDS_OUT_OPERATOR_TS_0:5, RECORDS_OUT_INTERMEDIATE:0, 
2024-04-24T04:59:58,842  INFO [LocalJobRunner Map Task Executor #0] vector.VectorFilterOperator: Closing Operator: FIL[7]
2024-04-24T04:59:58,842  INFO [LocalJobRunner Map Task Executor #0] vector.VectorFilterOperator: RECORDS_OUT_OPERATOR_FIL_7:2, RECORDS_OUT_INTERMEDIATE:0, 
2024-04-24T04:59:58,842  INFO [LocalJobRunner Map Task Executor #0] vector.VectorSelectOperator: Closing Operator: SEL[8]
2024-04-24T04:59:58,842  INFO [LocalJobRunner Map Task Executor #0] vector.VectorSelectOperator: RECORDS_OUT_OPERATOR_SEL_8:2, RECORDS_OUT_INTERMEDIATE:0, 
2024-04-24T04:59:58,843  INFO [LocalJobRunner Map Task Executor #0] vector.VectorReduceSinkOperator: Closing Operator: RS[9]
2024-04-24T04:59:58,843  INFO [LocalJobRunner Map Task Executor #0] vector.VectorReduceSinkOperator: RS[9]: Total records written - 2. abort - false
2024-04-24T04:59:58,843  INFO [LocalJobRunner Map Task Executor #0] vector.VectorReduceSinkOperator: RECORDS_OUT_OPERATOR_RS_9:2, RECORDS_OUT_INTERMEDIATE:2, 
2024-04-24T04:59:58,843  INFO [LocalJobRunner Map Task Executor #0] mapred.LocalJobRunner: 
2024-04-24T04:59:58,843  INFO [LocalJobRunner Map Task Executor #0] mapred.MapTask: Starting flush of map output
2024-04-24T04:59:58,843  INFO [LocalJobRunner Map Task Executor #0] mapred.MapTask: Spilling map output
2024-04-24T04:59:58,843  INFO [LocalJobRunner Map Task Executor #0] mapred.MapTask: bufstart = 0; bufend = 54; bufvoid = 104857600
2024-04-24T04:59:58,843  INFO [LocalJobRunner Map Task Executor #0] mapred.MapTask: kvstart = 26214396(104857584); kvend = 26214392(104857568); length = 5/6553600
2024-04-24T04:59:58,853  INFO [LocalJobRunner Map Task Executor #0] mapred.MapTask: Finished spill 0
2024-04-24T04:59:58,856  INFO [LocalJobRunner Map Task Executor #0] mapred.Task: Task:attempt_local641256832_0068_m_000000_0 is done. And is in the process of committing
2024-04-24T04:59:58,856  INFO [LocalJobRunner Map Task Executor #0] mapred.LocalJobRunner: OrcSplit [file:/home/alex/Repositories/hive/ql/target/tmp/org.apache.hadoop.hive.ql.TestTxnNoBuckets-1713959849960/warehouse/t/000000_0, start=3, length=113, isOriginal=true, fileLength=259, hasFooter=false, hasBase=true, deltas=0]
2024-04-24T04:59:58,856  INFO [LocalJobRunner Map Task Executor #0] mapred.Task: Task 'attempt_local641256832_0068_m_000000_0' done.
2024-04-24T04:59:58,856  INFO [LocalJobRunner Map Task Executor #0] mapred.Task: Final Counters for attempt_local641256832_0068_m_000000_0: Counters: 25
	File System Counters
		FILE: Number of bytes read=1630004
		FILE: Number of bytes written=81803288
		FILE: Number of read operations=0
		FILE: Number of large read operations=0
		FILE: Number of write operations=0
	Map-Reduce Framework
		Map input records=1
		Map output records=2
		Map output bytes=54
		Map output materialized bytes=64
		Input split bytes=471
		Combine input records=0
		Spilled Records=2
		Failed Shuffles=0
		Merged Map outputs=0
		GC time elapsed (ms)=0
		Total committed heap usage (bytes)=1216348160
	HIVE
		DESERIALIZE_ERRORS=0
		RECORDS_IN=5
		RECORDS_OUT_INTERMEDIATE=2
		RECORDS_OUT_OPERATOR_FIL_7=2
		RECORDS_OUT_OPERATOR_MAP_0=0
		RECORDS_OUT_OPERATOR_RS_9=2
		RECORDS_OUT_OPERATOR_SEL_8=2
		RECORDS_OUT_OPERATOR_TS_0=5
	File Input Format Counters 
		Bytes Read=8164
2024-04-24T04:59:58,856  INFO [LocalJobRunner Map Task Executor #0] mapred.LocalJobRunner: Finishing task: attempt_local641256832_0068_m_000000_0
2024-04-24T04:59:58,856  INFO [Thread-4437] mapred.LocalJobRunner: map task executor complete.
2024-04-24T04:59:58,857  INFO [Thread-4437] mapred.LocalJobRunner: Waiting for reduce tasks
2024-04-24T04:59:58,857  INFO [pool-283-thread-1] mapred.LocalJobRunner: Starting task: attempt_local641256832_0068_r_000000_0
2024-04-24T04:59:58,858  INFO [pool-283-thread-1] mapred.Task:  Using ResourceCalculatorProcessTree : [ ]
2024-04-24T04:59:58,858  INFO [pool-283-thread-1] mapred.ReduceTask: Using ShuffleConsumerPlugin: org.apache.hadoop.mapreduce.task.reduce.Shuffle@2f47183e
2024-04-24T04:59:58,858  WARN [pool-283-thread-1] impl.MetricsSystemImpl: JobTracker metrics system already initialized!
2024-04-24T04:59:58,859  INFO [pool-283-thread-1] reduce.MergeManagerImpl: MergerManager: memoryLimit=1336252800, maxSingleShuffleLimit=334063200, mergeThreshold=881926912, ioSortFactor=10, memToMemMergeOutputsThreshold=10
2024-04-24T04:59:58,859  INFO [EventFetcher for fetching Map Completion Events] reduce.EventFetcher: attempt_local641256832_0068_r_000000_0 Thread started: EventFetcher for fetching Map Completion Events
2024-04-24T04:59:58,860  INFO [localfetcher#42] reduce.LocalFetcher: localfetcher#42 about to shuffle output of map attempt_local641256832_0068_m_000000_0 decomp: 60 len: 64 to MEMORY
2024-04-24T04:59:58,860  INFO [localfetcher#42] reduce.InMemoryMapOutput: Read 60 bytes from map-output for attempt_local641256832_0068_m_000000_0
2024-04-24T04:59:58,860  INFO [localfetcher#42] reduce.MergeManagerImpl: closeInMemoryFile -> map-output of size: 60, inMemoryMapOutputs.size() -> 1, commitMemory -> 0, usedMemory ->60
2024-04-24T04:59:58,860  INFO [EventFetcher for fetching Map Completion Events] reduce.EventFetcher: EventFetcher is interrupted.. Returning
2024-04-24T04:59:58,861  INFO [pool-283-thread-1] mapred.LocalJobRunner: 1 / 1 copied.
2024-04-24T04:59:58,861  INFO [pool-283-thread-1] reduce.MergeManagerImpl: finalMerge called with 1 in-memory map-outputs and 0 on-disk map-outputs
2024-04-24T04:59:58,867  INFO [pool-283-thread-1] mapred.Merger: Merging 1 sorted segments
2024-04-24T04:59:58,867  INFO [pool-283-thread-1] mapred.Merger: Down to the last merge-pass, with 1 segments left of total size: 48 bytes
2024-04-24T04:59:58,869  INFO [pool-283-thread-1] reduce.MergeManagerImpl: Merged 1 segments, 60 bytes to disk to satisfy reduce memory limit
2024-04-24T04:59:58,870  INFO [pool-283-thread-1] reduce.MergeManagerImpl: Merging 1 files, 64 bytes from disk
2024-04-24T04:59:58,870  INFO [pool-283-thread-1] reduce.MergeManagerImpl: Merging 0 segments, 0 bytes from memory into reduce
2024-04-24T04:59:58,870  INFO [pool-283-thread-1] mapred.Merger: Merging 1 sorted segments
2024-04-24T04:59:58,870  INFO [pool-283-thread-1] mapred.Merger: Down to the last merge-pass, with 1 segments left of total size: 48 bytes
2024-04-24T04:59:58,870  INFO [pool-283-thread-1] mapred.LocalJobRunner: 1 / 1 copied.
2024-04-24T04:59:58,870  INFO [pool-283-thread-1] exec.SerializationUtilities: Deserializing ReduceWork using kryo
2024-04-24T04:59:58,871  INFO [pool-283-thread-1] exec.Utilities: Deserialized plan (via FILE) - name: null size: 7,73KB
2024-04-24T04:59:58,872  INFO [pool-283-thread-1] ExecReducer: 
<SEL>Id =4
  <Children>
    <FS>Id =5
      <Children>
      <\Children>
      <Parent>Id = 4 null<\Parent>
    <\FS>
  <\Children>
  <Parent><\Parent>
<\SEL>
2024-04-24T04:59:58,872  INFO [pool-283-thread-1] exec.SelectOperator: Initializing Operator: SEL[4]
2024-04-24T04:59:58,872  INFO [pool-283-thread-1] exec.SelectOperator: SELECT struct<key:struct<reducesinkkey0:int>,value:struct<_col0:struct<writeid:bigint,bucketid:int,rowid:bigint>>>
2024-04-24T04:59:58,872  INFO [pool-283-thread-1] exec.FileSinkOperator: Initializing Operator: FS[5]
2024-04-24T04:59:58,872  INFO [pool-283-thread-1] exec.FileSinkOperator: Using serializer : class org.apache.hadoop.hive.serde2.lazy.LazySimpleSerDe [serdeParams=org.apache.hadoop.hive.serde2.lazy.LazySerDeParameters@1468ca38, cachedObjectInspector=org.apache.hadoop.hive.serde2.lazy.objectinspector.LazySimpleStructObjectInspector<org.apache.hadoop.hive.serde2.lazy.objectinspector.LazySimpleStructObjectInspector<org.apache.hadoop.hive.serde2.lazy.objectinspector.primitive.LazyLongObjectInspector@7fac3ce0,org.apache.hadoop.hive.serde2.lazy.objectinspector.primitive.LazyIntObjectInspector@3e3b41cb,org.apache.hadoop.hive.serde2.lazy.objectinspector.primitive.LazyLongObjectInspector@7fac3ce0>,org.apache.hadoop.hive.serde2.lazy.objectinspector.primitive.LazyIntObjectInspector@3e3b41cb>, serializedSize=0, stats=org.apache.hadoop.hive.serde2.SerDeStats@4dcfaf1, lastOperationSerialize=false, lastOperationDeserialize=false [1, 2, 3, 4, 5, 6, 7, 8, 11, 14, 15, 16, 17, 18, 19, 20, 21, 22, 23, 24, 25, 26, 28, 29, 30, 31, -128, -127, -126, -125, -124, -123, -122, -121, -120, -119, -118, -117, -116, -115, -114, -113, -112, -111, -110, -109, -108, -107, -106, -105, -104, -103, -102, -101, -100, -99, -98, -97, -96, -95, -94, -93, -92, -91, -90, -89, -88, -87, -86, -85, -84, -83, -82, -81, -80, -79, -78, -77, -76, -75, -74, -73, -72, -71, -70, -69, -68, -67, -66, -65, -64, -63, -62, -61, -60, -59, -58, -57, -56, -55, -54, -53, -52, -51, -50, -49, -48, -47, -46, -45, -44, -43, -42, -41, -40, -39, -38, -37, -36, -35, -34, -33, -32, -31, -30, -29, -28, -27, -26, -25, -24, -23, -22, -21, -20, -19, -18, -17, -16, -15, -14, -13, -12, -11, -10, -9, -8, -7, -6, -5, -4, -3, -2, -1] : [_col0, _col1] : [struct<writeid:bigint,bucketid:int,rowid:bigint>, int]] and formatter : org.apache.hadoop.hive.ql.io.HiveSequenceFileOutputFormat@2fdf71ae
2024-04-24T04:59:58,872  INFO [pool-283-thread-1] exec.FileSinkOperator: Final Path: FS file:/home/alex/Repositories/hive/ql/target/tmp/localscratchdir/f4211df6-1f20-4624-ab6a-b1a20e1d15e7/hive_2024-04-24_04-59-58_370_5070087742801146182-1/-mr-10001/.hive-staging_hive_2024-04-24_04-59-58_370_5070087742801146182-1/_tmp.-ext-10002/000000_0
2024-04-24T04:59:58,872  INFO [pool-283-thread-1] exec.FileSinkOperator: Writing to temp file: FS file:/home/alex/Repositories/hive/ql/target/tmp/localscratchdir/f4211df6-1f20-4624-ab6a-b1a20e1d15e7/hive_2024-04-24_04-59-58_370_5070087742801146182-1/-mr-10001/.hive-staging_hive_2024-04-24_04-59-58_370_5070087742801146182-1/_task_tmp.-ext-10002/_tmp.000000_0
2024-04-24T04:59:58,872  INFO [pool-283-thread-1] exec.FileSinkOperator: New Final Path: FS file:/home/alex/Repositories/hive/ql/target/tmp/localscratchdir/f4211df6-1f20-4624-ab6a-b1a20e1d15e7/hive_2024-04-24_04-59-58_370_5070087742801146182-1/-mr-10001/.hive-staging_hive_2024-04-24_04-59-58_370_5070087742801146182-1/_tmp.-ext-10002/000000_0
2024-04-24T04:59:58,879  INFO [pool-283-thread-1] exec.FileSinkOperator: FS[5]: records written - 1
2024-04-24T04:59:58,880  INFO [pool-283-thread-1] exec.SelectOperator: Closing Operator: SEL[4]
2024-04-24T04:59:58,880  INFO [pool-283-thread-1] exec.SelectOperator: RECORDS_OUT_OPERATOR_SEL_4:2, RECORDS_OUT_INTERMEDIATE:0, 
2024-04-24T04:59:58,880  INFO [pool-283-thread-1] exec.FileSinkOperator: Closing Operator: FS[5]
2024-04-24T04:59:58,880  INFO [pool-283-thread-1] exec.FileSinkOperator: FS[5]: records written - 2
2024-04-24T04:59:58,880  INFO [pool-283-thread-1] exec.FileSinkOperator: RECORDS_OUT_OPERATOR_FS_5:2, RECORDS_OUT_0:2, RECORDS_OUT_INTERMEDIATE:0, 
2024-04-24T04:59:58,880  INFO [pool-283-thread-1] mapred.Task: Task:attempt_local641256832_0068_r_000000_0 is done. And is in the process of committing
2024-04-24T04:59:58,881  INFO [pool-283-thread-1] mapred.LocalJobRunner: reduce > reduce
2024-04-24T04:59:58,881  INFO [pool-283-thread-1] mapred.Task: Task 'attempt_local641256832_0068_r_000000_0' done.
2024-04-24T04:59:58,881  INFO [pool-283-thread-1] mapred.Task: Final Counters for attempt_local641256832_0068_r_000000_0: Counters: 29
	File System Counters
		FILE: Number of bytes read=1637968
		FILE: Number of bytes written=81803507
		FILE: Number of read operations=0
		FILE: Number of large read operations=0
		FILE: Number of write operations=0
	Map-Reduce Framework
		Combine input records=0
		Combine output records=0
		Reduce input groups=2
		Reduce shuffle bytes=64
		Reduce input records=2
		Reduce output records=0
		Spilled Records=2
		Shuffled Maps =1
		Failed Shuffles=0
		Merged Map outputs=1
		GC time elapsed (ms)=0
		Total committed heap usage (bytes)=1216348160
	HIVE
		CREATED_FILES=1
		RECORDS_OUT_0=2
		RECORDS_OUT_INTERMEDIATE=0
		RECORDS_OUT_OPERATOR_FS_5=2
		RECORDS_OUT_OPERATOR_SEL_4=2
	Shuffle Errors
		BAD_ID=0
		CONNECTION=0
		IO_ERROR=0
		WRONG_LENGTH=0
		WRONG_MAP=0
		WRONG_REDUCE=0
	File Output Format Counters 
		Bytes Written=0
2024-04-24T04:59:58,881  INFO [pool-283-thread-1] mapred.LocalJobRunner: Finishing task: attempt_local641256832_0068_r_000000_0
2024-04-24T04:59:58,881  INFO [Thread-4437] mapred.LocalJobRunner: reduce task executor complete.
2024-04-24 04:59:59,832 Stage-1 map = 100%,  reduce = 100%
2024-04-24T04:59:59,832  INFO [main] exec.Task: 2024-04-24 04:59:59,832 Stage-1 map = 100%,  reduce = 100%
Ended Job = job_local641256832_0068
2024-04-24T04:59:59,833  INFO [main] exec.Task: Ended Job = job_local641256832_0068
2024-04-24T04:59:59,835  INFO [main] metadata.Hive: Dumping metastore api call timing information for : execution phase
2024-04-24T04:59:59,835  INFO [main] metadata.Hive: Total time spent in each metastore function (ms): {}
MapReduce Jobs Launched: 
2024-04-24T04:59:59,835  INFO [main] ql.Driver: MapReduce Jobs Launched: 
Stage-Stage-1:  HDFS Read: 0 HDFS Write: 0 SUCCESS
2024-04-24T04:59:59,835  INFO [main] ql.Driver: Stage-Stage-1:  HDFS Read: 0 HDFS Write: 0 SUCCESS
Total MapReduce CPU Time Spent: 0 msec
2024-04-24T04:59:59,835  INFO [main] ql.Driver: Total MapReduce CPU Time Spent: 0 msec
2024-04-24T04:59:59,835  INFO [main] ql.Driver: Completed executing command(queryId=alex_20240424045958_df5ffe79-66cb-482a-b96e-5080e21f973f); Time taken: 1.297 seconds
2024-04-24T04:59:59,835  INFO [main] lockmgr.DbTxnManager: Stopped heartbeat for query: alex_20240424045958_df5ffe79-66cb-482a-b96e-5080e21f973f
2024-04-24T04:59:59,839  INFO [main] txn.TxnHandler: Expected to move at least one record from txn_components to completed_txn_components when committing txn! txnid:19
2024-04-24T04:59:59,845  INFO [main] txn.TxnHandler: Removed transactions: ([19]) from MIN_HISTORY_LEVEL
2024-04-24T04:59:59,845  WARN [main] txn.CompactionTxnHandler: No compaction queue record found for Compaction type transaction commit. txnId:19
2024-04-24T04:59:59,849  INFO [main] mapred.FileInputFormat: Total input files to process : 1
2024-04-24T04:59:59,849  INFO [main] exec.ListSinkOperator: Closing Operator: LIST_SINK[10]
2024-04-24T04:59:59,849  INFO [main] exec.ListSinkOperator: RECORDS_OUT_INTERMEDIATE:0, RECORDS_OUT_OPERATOR_LIST_SINK_10:2, 
2024-04-24T04:59:59,849  WARN [main] ql.TestTxnNoBuckets: null: read data(After conversion with VC1): 
2024-04-24T04:59:59,849  INFO [main] ql.TestTxnNoBuckets: {"writeid":0,"bucketid":536870912,"rowid":3}	6
{"writeid":0,"bucketid":536870912,"rowid":4}	9

2024-04-24T04:59:59,850  INFO [main] ql.TxnCommandsBaseForTests: Running the query: EXPLAIN VECTORIZATION DETAIL select ROW__ID, a from T where b > 6 order by a
2024-04-24T04:59:59,850  INFO [main] ql.Context: Deleting scratch dir: file:/home/alex/Repositories/hive/ql/target/tmp/localscratchdir/f4211df6-1f20-4624-ab6a-b1a20e1d15e7/hive_2024-04-24_04-59-58_370_5070087742801146182-1
2024-04-24T04:59:59,850  INFO [main] cleanup.SyncCleanupService: Deleted directory: file:/home/alex/Repositories/hive/ql/target/tmp/localscratchdir/f4211df6-1f20-4624-ab6a-b1a20e1d15e7/hive_2024-04-24_04-59-58_370_5070087742801146182-1 on fs with scheme file
2024-04-24T04:59:59,851  INFO [main] ql.Driver: Compiling command(queryId=alex_20240424045959_a1e08a32-cbcb-428b-91eb-f83046556bc3): EXPLAIN VECTORIZATION DETAIL select ROW__ID, a from T where b > 6 order by a
2024-04-24T04:59:59,853  INFO [main] txn.TxnHandler: Added entries to MIN_HISTORY_LEVEL for current txns: ([20]) with min_open_txn: 20
2024-04-24T04:59:59,853  INFO [main] lockmgr.DbTxnManager: Opened txnid:20
2024-04-24T04:59:59,854  INFO [main] parse.CalcitePlanner: Starting Semantic Analysis
2024-04-24T04:59:59,856  INFO [main] parse.CalcitePlanner: Completed phase 1 of Semantic Analysis
2024-04-24T04:59:59,856  INFO [main] parse.CalcitePlanner: Get metadata for source tables
2024-04-24T04:59:59,857  INFO [main] HiveMetaStore.audit: ugi=alex	ip=unknown-ip-addr	cmd=get_table : tbl=hive.default.t	
2024-04-24T04:59:59,872  INFO [main] metastore.HMSHandler: Skipping translation for processor with null
2024-04-24T04:59:59,872  INFO [main] parse.CalcitePlanner: Get metadata for subqueries
2024-04-24T04:59:59,872  INFO [main] parse.CalcitePlanner: Get metadata for destination tables
2024-04-24T04:59:59,872  INFO [main] parse.CalcitePlanner: Completed getting MetaData in Semantic Analysis
2024-04-24T04:59:59,884  INFO [main] HiveMetaStore.audit: ugi=alex	ip=unknown-ip-addr	cmd=get_all_table_constraints : tbl=hive.default.t	
2024-04-24T04:59:59,922  INFO [main] calcite.RelOptHiveTable: Calculating column statistics for default.t, projIndxSet: [0, 1], allowMissingStats: true
2024-04-24T04:59:59,922  INFO [main] HiveMetaStore.audit: ugi=alex	ip=unknown-ip-addr	cmd=get_table_statistics_req: table=hive.default.t	
2024-04-24T04:59:59,930  WARN [main] calcite.RelOptHiveTable: No Stats for default@t, Columns: a, b
No Stats for default@t, Columns: a, b
2024-04-24T04:59:59,930  INFO [main] SessionState: No Stats for default@t, Columns: a, b
2024-04-24T04:59:59,986  INFO [main] parse.CalcitePlanner: Get metadata for source tables
2024-04-24T04:59:59,986  INFO [main] parse.CalcitePlanner: Get metadata for subqueries
2024-04-24T04:59:59,986  INFO [main] parse.CalcitePlanner: Get metadata for destination tables
2024-04-24T04:59:59,988  INFO [main] parse.CalcitePlanner: CBO Succeeded; optimized logical plan.
2024-04-24T04:59:59,992  INFO [main] optimizer.ColumnPrunerProcFactory: RS 3 oldColExprMap: {KEY.reducesinkkey0=Column[_col1], VALUE._col0=Column[_col0]}
2024-04-24T04:59:59,992  INFO [main] optimizer.ColumnPrunerProcFactory: RS 3 newColExprMap: {KEY.reducesinkkey0=Column[_col1], VALUE._col0=Column[_col0]}
2024-04-24T04:59:59,993  INFO [main] optimizer.BucketVersionPopulator: not considering bucketingVersion for: TS[0] because it has -1<2 buckets 
2024-04-24T04:59:59,996  INFO [main] optimizer.SortedDynPartitionOptimizer: Sorted dynamic partitioning optimization kicked in..
2024-04-24T05:00:00,005  INFO [main] physical.Vectorizer: Examining input format to see if vectorization is enabled.
2024-04-24T05:00:00,005  INFO [main] physical.Vectorizer: Vectorization is enabled for input format(s) [org.apache.hadoop.hive.ql.io.orc.OrcInputFormat]
2024-04-24T05:00:00,005  INFO [main] physical.Vectorizer: Validating and vectorizing MapWork... (vectorizedVertexNum 0)
2024-04-24T05:00:00,007  INFO [main] physical.Vectorizer: Map vectorization enabled: true
2024-04-24T05:00:00,007  INFO [main] physical.Vectorizer: Map vectorized: true
2024-04-24T05:00:00,007  INFO [main] physical.Vectorizer: Map vectorizedVertexNum: 0
2024-04-24T05:00:00,007  INFO [main] physical.Vectorizer: Map enabledConditionsMet: [hive.vectorized.use.vectorized.input.format IS true]
2024-04-24T05:00:00,007  INFO [main] physical.Vectorizer: Map inputFileFormatClassNameSet: [org.apache.hadoop.hive.ql.io.orc.OrcInputFormat]
2024-04-24T05:00:00,007  INFO [main] physical.Vectorizer: Reduce vectorization enabled: false
2024-04-24T05:00:00,007  INFO [main] physical.Vectorizer: Reduce vectorized: false
2024-04-24T05:00:00,007  INFO [main] physical.Vectorizer: Reduce vectorizedVertexNum: 1
2024-04-24T05:00:00,007  INFO [main] physical.Vectorizer: Reducer hive.vectorized.execution.reduce.enabled: true
2024-04-24T05:00:00,007  INFO [main] physical.Vectorizer: Reducer engine: mr
2024-04-24T05:00:00,007  INFO [main] parse.CalcitePlanner: Completed plan generation
2024-04-24T05:00:00,007  INFO [main] ql.Driver: Semantic Analysis Completed (retrial = false)
2024-04-24T05:00:00,007  INFO [main] ql.Driver: Created Hive schema: Schema(fieldSchemas:[FieldSchema(name:Explain, type:string, comment:null)], properties:null)
2024-04-24T05:00:00,007  INFO [main] metadata.Hive: Dumping metastore api call timing information for : compilation phase
2024-04-24T05:00:00,008  INFO [main] metadata.Hive: Total time spent in each metastore function (ms): {getValidWriteIds_(List, String)=2, flushCache_()=0, commitTxn_(CommitTxnRequest)=9, openTxn_(String, TxnType)=2, isCompatibleWith_(Configuration)=1, getValidTxns_(long)=0, getAllTableConstraints_(AllTableConstraintsRequest)=4, getTableColumnStatistics_(String, String, List, String)=8, getTable_(GetTableRequest)=15}
2024-04-24T05:00:00,008  INFO [main] ql.Driver: Completed compiling command(queryId=alex_20240424045959_a1e08a32-cbcb-428b-91eb-f83046556bc3); Time taken: 0.156 seconds
2024-04-24T05:00:00,008  INFO [main] ql.Driver: Executing command(queryId=alex_20240424045959_a1e08a32-cbcb-428b-91eb-f83046556bc3): EXPLAIN VECTORIZATION DETAIL select ROW__ID, a from T where b > 6 order by a
2024-04-24T05:00:00,008  INFO [main] ql.Driver: Starting task [Stage-2:EXPLAIN] in serial mode
2024-04-24T05:00:00,020  INFO [main] metadata.Hive: Dumping metastore api call timing information for : execution phase
2024-04-24T05:00:00,020  INFO [main] metadata.Hive: Total time spent in each metastore function (ms): {}
2024-04-24T05:00:00,020  INFO [main] ql.Driver: Completed executing command(queryId=alex_20240424045959_a1e08a32-cbcb-428b-91eb-f83046556bc3); Time taken: 0.012 seconds
2024-04-24T05:00:00,020  INFO [main] lockmgr.DbTxnManager: Stopped heartbeat for query: null
2024-04-24T05:00:00,025  INFO [main] txn.TxnHandler: Expected to move at least one record from txn_components to completed_txn_components when committing txn! txnid:20
2024-04-24T05:00:00,030  INFO [main] txn.TxnHandler: Removed transactions: ([20]) from MIN_HISTORY_LEVEL
2024-04-24T05:00:00,030  WARN [main] txn.CompactionTxnHandler: No compaction queue record found for Compaction type transaction commit. txnId:20
2024-04-24T05:00:00,031  INFO [main] ql.TxnCommandsBaseForTests: Running the query: select ROW__ID, a from T where b > 0 order by a
2024-04-24T05:00:00,032  INFO [main] ql.Context: Deleting scratch dir: file:/home/alex/Repositories/hive/ql/target/tmp/localscratchdir/f4211df6-1f20-4624-ab6a-b1a20e1d15e7/hive_2024-04-24_04-59-59_851_8104342551082219498-1
2024-04-24T05:00:00,032  INFO [main] cleanup.SyncCleanupService: Deleted directory: file:/home/alex/Repositories/hive/ql/target/tmp/localscratchdir/f4211df6-1f20-4624-ab6a-b1a20e1d15e7/hive_2024-04-24_04-59-59_851_8104342551082219498-1 on fs with scheme file
2024-04-24T05:00:00,032  INFO [main] ql.Driver: Compiling command(queryId=alex_20240424050000_d2ebc282-b045-40d1-bf23-34007d1798d0): select ROW__ID, a from T where b > 0 order by a
2024-04-24T05:00:00,035  INFO [main] txn.TxnHandler: Added entries to MIN_HISTORY_LEVEL for current txns: ([21]) with min_open_txn: 20
2024-04-24T05:00:00,035  INFO [main] lockmgr.DbTxnManager: Opened txnid:21
2024-04-24T05:00:00,035  INFO [main] parse.CalcitePlanner: Starting caching scope for: 
2024-04-24T05:00:00,035  INFO [main] parse.CalcitePlanner: Starting Semantic Analysis
2024-04-24T05:00:00,037  INFO [main] parse.CalcitePlanner: Completed phase 1 of Semantic Analysis
2024-04-24T05:00:00,037  INFO [main] parse.CalcitePlanner: Get metadata for source tables
2024-04-24T05:00:00,038  INFO [main] HiveMetaStore.audit: ugi=alex	ip=unknown-ip-addr	cmd=get_table : tbl=hive.default.t	
2024-04-24T05:00:00,044  INFO [main] metastore.HMSHandler: Skipping translation for processor with null
2024-04-24T05:00:00,045  INFO [main] parse.CalcitePlanner: Get metadata for subqueries
2024-04-24T05:00:00,045  INFO [main] parse.CalcitePlanner: Get metadata for destination tables
2024-04-24T05:00:00,045  INFO [main] parse.CalcitePlanner: Completed getting MetaData in Semantic Analysis
2024-04-24T05:00:00,056  INFO [main] HiveMetaStore.audit: ugi=alex	ip=unknown-ip-addr	cmd=get_all_table_constraints : tbl=hive.default.t	
2024-04-24T05:00:00,091  INFO [main] calcite.RelOptHiveTable: Calculating column statistics for default.t, projIndxSet: [0, 1], allowMissingStats: true
2024-04-24T05:00:00,091  INFO [main] HiveMetaStore.audit: ugi=alex	ip=unknown-ip-addr	cmd=get_table_statistics_req: table=hive.default.t	
2024-04-24T05:00:00,099  WARN [main] calcite.RelOptHiveTable: No Stats for default@t, Columns: a, b
No Stats for default@t, Columns: a, b
2024-04-24T05:00:00,099  INFO [main] SessionState: No Stats for default@t, Columns: a, b
2024-04-24T05:00:00,157  INFO [main] parse.CalcitePlanner: Get metadata for source tables
2024-04-24T05:00:00,158  INFO [main] parse.CalcitePlanner: Get metadata for subqueries
2024-04-24T05:00:00,158  INFO [main] parse.CalcitePlanner: Get metadata for destination tables
2024-04-24T05:00:00,159  INFO [main] common.FileUtils: Creating directory if it doesn't exist: file:/home/alex/Repositories/hive/ql/target/tmp/localscratchdir/f4211df6-1f20-4624-ab6a-b1a20e1d15e7/hive_2024-04-24_05-00-00_032_7611413411341422646-1/-mr-10001/.hive-staging_hive_2024-04-24_05-00-00_032_7611413411341422646-1
2024-04-24T05:00:00,166  INFO [main] parse.CalcitePlanner: CBO Succeeded; optimized logical plan.
2024-04-24T05:00:00,168  INFO [main] optimizer.ColumnPrunerProcFactory: RS 3 oldColExprMap: {VALUE._col0=Column[_col0], KEY.reducesinkkey0=Column[_col1]}
2024-04-24T05:00:00,169  INFO [main] optimizer.ColumnPrunerProcFactory: RS 3 newColExprMap: {KEY.reducesinkkey0=Column[_col1], VALUE._col0=Column[_col0]}
2024-04-24T05:00:00,169  INFO [main] optimizer.BucketVersionPopulator: not considering bucketingVersion for: TS[0] because it has -1<2 buckets 
2024-04-24T05:00:00,170  INFO [main] optimizer.SortedDynPartitionOptimizer: Sorted dynamic partitioning optimization kicked in..
2024-04-24T05:00:00,179  INFO [main] physical.Vectorizer: Examining input format to see if vectorization is enabled.
2024-04-24T05:00:00,180  INFO [main] physical.Vectorizer: Vectorization is enabled for input format(s) [org.apache.hadoop.hive.ql.io.orc.OrcInputFormat]
2024-04-24T05:00:00,180  INFO [main] physical.Vectorizer: Validating and vectorizing MapWork... (vectorizedVertexNum 0)
2024-04-24T05:00:00,181  INFO [main] physical.Vectorizer: Map vectorization enabled: true
2024-04-24T05:00:00,181  INFO [main] physical.Vectorizer: Map vectorized: true
2024-04-24T05:00:00,181  INFO [main] physical.Vectorizer: Map vectorizedVertexNum: 0
2024-04-24T05:00:00,182  INFO [main] physical.Vectorizer: Map enabledConditionsMet: [hive.vectorized.use.vectorized.input.format IS true]
2024-04-24T05:00:00,182  INFO [main] physical.Vectorizer: Map inputFileFormatClassNameSet: [org.apache.hadoop.hive.ql.io.orc.OrcInputFormat]
2024-04-24T05:00:00,182  INFO [main] physical.Vectorizer: Reduce vectorization enabled: false
2024-04-24T05:00:00,182  INFO [main] physical.Vectorizer: Reduce vectorized: false
2024-04-24T05:00:00,182  INFO [main] physical.Vectorizer: Reduce vectorizedVertexNum: 1
2024-04-24T05:00:00,182  INFO [main] physical.Vectorizer: Reducer hive.vectorized.execution.reduce.enabled: true
2024-04-24T05:00:00,182  INFO [main] physical.Vectorizer: Reducer engine: mr
2024-04-24T05:00:00,182  INFO [main] parse.CalcitePlanner: Completed plan generation
2024-04-24T05:00:00,182  INFO [main] parse.CalcitePlanner: Ending caching scope for: 
2024-04-24T05:00:00,182  INFO [main] ql.Driver: Semantic Analysis Completed (retrial = false)
2024-04-24T05:00:00,182  INFO [main] ql.Driver: Created Hive schema: Schema(fieldSchemas:[FieldSchema(name:row__id, type:struct<writeid:bigint,bucketid:int,rowid:bigint>, comment:null), FieldSchema(name:a, type:int, comment:null)], properties:null)
2024-04-24T05:00:00,183  INFO [main] exec.ListSinkOperator: Initializing Operator: LIST_SINK[10]
2024-04-24T05:00:00,183  INFO [main] metadata.Hive: Dumping metastore api call timing information for : compilation phase
2024-04-24T05:00:00,183  INFO [main] metadata.Hive: Total time spent in each metastore function (ms): {getValidTxns_(long)=0, getValidWriteIds_(List, String)=2, openTxn_(String, TxnType)=2, getTable_(GetTableRequest)=6, getTableColumnStatistics_(String, String, List, String)=7, isCompatibleWith_(Configuration)=0, flushCache_()=0, commitTxn_(CommitTxnRequest)=11, getAllTableConstraints_(AllTableConstraintsRequest)=5}
2024-04-24T05:00:00,184  INFO [main] ql.Driver: Completed compiling command(queryId=alex_20240424050000_d2ebc282-b045-40d1-bf23-34007d1798d0); Time taken: 0.151 seconds
2024-04-24T05:00:00,184  INFO [main] lockmgr.DbTxnManager: Setting lock request transaction to txnid:21 for queryId=alex_20240424050000_d2ebc282-b045-40d1-bf23-34007d1798d0
2024-04-24T05:00:00,184  INFO [main] lockmgr.DbLockManager: Requesting lock for queryId=alex_20240424050000_d2ebc282-b045-40d1-bf23-34007d1798d0
2024-04-24T05:00:00,200  INFO [main] lockmgr.DbLockManager: Response to queryId=alex_20240424050000_d2ebc282-b045-40d1-bf23-34007d1798d0 LockResponse(lockid:13, state:ACQUIRED)
2024-04-24T05:00:00,200  INFO [main] ql.Driver: Operation QUERY obtained 1 locks
2024-04-24T05:00:00,201  INFO [main] ql.Driver: Executing command(queryId=alex_20240424050000_d2ebc282-b045-40d1-bf23-34007d1798d0): select ROW__ID, a from T where b > 0 order by a
2024-04-24T05:00:00,201  WARN [main] ql.Driver: Hive-on-MR is deprecated in Hive 2 and may not be available in the future versions. Consider using a different execution engine (i.e. tez, spark) or using Hive 1.X releases.
Query ID = alex_20240424050000_d2ebc282-b045-40d1-bf23-34007d1798d0
2024-04-24T05:00:00,201  INFO [main] ql.Driver: Query ID = alex_20240424050000_d2ebc282-b045-40d1-bf23-34007d1798d0
Total jobs = 1
2024-04-24T05:00:00,201  INFO [main] ql.Driver: Total jobs = 1
Launching Job 1 out of 1
2024-04-24T05:00:00,201  INFO [main] ql.Driver: Launching Job 1 out of 1
2024-04-24T05:00:00,342  INFO [main] ql.Driver: Starting task [Stage-1:MAPRED] in serial mode
Number of reduce tasks determined at compile time: 1
2024-04-24T05:00:00,342  INFO [main] exec.Task: Number of reduce tasks determined at compile time: 1
In order to change the average load for a reducer (in bytes):
2024-04-24T05:00:00,342  INFO [main] exec.Task: In order to change the average load for a reducer (in bytes):
  set hive.exec.reducers.bytes.per.reducer=<number>
2024-04-24T05:00:00,342  INFO [main] exec.Task:   set hive.exec.reducers.bytes.per.reducer=<number>
In order to limit the maximum number of reducers:
2024-04-24T05:00:00,342  INFO [main] exec.Task: In order to limit the maximum number of reducers:
  set hive.exec.reducers.max=<number>
2024-04-24T05:00:00,342  INFO [main] exec.Task:   set hive.exec.reducers.max=<number>
In order to set a constant number of reducers:
2024-04-24T05:00:00,342  INFO [main] exec.Task: In order to set a constant number of reducers:
  set mapreduce.job.reduces=<number>
2024-04-24T05:00:00,342  INFO [main] exec.Task:   set mapreduce.job.reduces=<number>
2024-04-24T05:00:00,344  INFO [main] mr.ExecDriver: Using org.apache.hadoop.hive.ql.io.HiveInputFormat
2024-04-24T05:00:00,344  INFO [main] exec.Utilities: Processing alias t
2024-04-24T05:00:00,344  INFO [main] exec.Utilities: Adding 1 inputs; the first input is file:/home/alex/Repositories/hive/ql/target/tmp/org.apache.hadoop.hive.ql.TestTxnNoBuckets-1713959849960/warehouse/t
2024-04-24T05:00:00,353  INFO [main] exec.SerializationUtilities: Serializing MapWork using kryo
2024-04-24T05:00:00,354  INFO [main] exec.Utilities: Serialized plan (via FILE) - name: null size: 6,73KB
2024-04-24T05:00:00,359  INFO [main] exec.SerializationUtilities: Serializing ReduceWork using kryo
2024-04-24T05:00:00,360  INFO [main] exec.Utilities: Serialized plan (via FILE) - name: null size: 7,73KB
2024-04-24T05:00:00,361  WARN [main] impl.MetricsSystemImpl: JobTracker metrics system already initialized!
2024-04-24T05:00:00,366  WARN [main] impl.MetricsSystemImpl: JobTracker metrics system already initialized!
2024-04-24T05:00:00,373  WARN [main] mapreduce.JobResourceUploader: Hadoop command-line option parsing not performed. Implement the Tool interface and execute your application with ToolRunner to remedy this.
2024-04-24T05:00:00,377  WARN [main] mapreduce.JobResourceUploader: No job jar file set.  User classes may not be found. See Job or Job#setJar(String).
2024-04-24T05:00:00,378  INFO [main] io.HiveInputFormat: hive.io.file.readcolumn.ids = 0,1
2024-04-24T05:00:00,378  INFO [main] io.HiveInputFormat: hive.io.file.readcolumn.names = a,b
2024-04-24T05:00:00,378  INFO [main] io.HiveInputFormat: Generating splits for dirs: file:/home/alex/Repositories/hive/ql/target/tmp/org.apache.hadoop.hive.ql.TestTxnNoBuckets-1713959849960/warehouse/t
2024-04-24T05:00:00,378  INFO [main] orc.OrcInputFormat: getSplits started
2024-04-24T05:00:00,379  INFO [main] orc.OrcInputFormat: Context:: isAcid: true isVectorMode: true sarg: (not leaf-(LESS_THAN_EQUALS b 0)) minSplitSize: 1 maxSplitSize: 256000000 splitStrategy: HYBRID footerInSplits: false numBuckets: 0 numThreads: 10 cacheMemSize: 268435456 cacheStripeDetails: true useSoftReference: false writeIdList: default.t:10000000:9223372036854775807:: isTransactionalTable: true txnProperties: default 
2024-04-24T05:00:00,379  INFO [main] orc.OrcInputFormat: ORC pushdown predicate: (not leaf-(LESS_THAN_EQUALS b 0))
2024-04-24T05:00:00,386  INFO [main] orc.OrcInputFormat: FooterCacheHitRatio: 1/1
2024-04-24T05:00:00,386  INFO [main] orc.OrcInputFormat: getSplits finished (#splits: 1). duration: 8 ms
2024-04-24T05:00:00,386  INFO [main] io.HiveInputFormat: number of splits 1
2024-04-24T05:00:00,403  INFO [main] mapreduce.JobSubmitter: number of splits:1
2024-04-24T05:00:00,421  INFO [main] mapreduce.JobSubmitter: Submitting tokens for job: job_local1628865731_0069
2024-04-24T05:00:00,421  INFO [main] mapreduce.JobSubmitter: Executing with tokens: []
2024-04-24T05:00:00,487  INFO [main] mapreduce.Job: The url to track the job: http://localhost:8080/
Job running in-process (local Hadoop)
2024-04-24T05:00:00,487  INFO [main] exec.Task: Job running in-process (local Hadoop)
2024-04-24T05:00:00,488  INFO [Thread-4491] mapred.LocalJobRunner: OutputCommitter set in config org.apache.hadoop.hive.ql.io.HiveFileFormatUtils$NullOutputCommitter
2024-04-24T05:00:00,488  INFO [Thread-4491] mapred.LocalJobRunner: OutputCommitter is org.apache.hadoop.hive.ql.io.HiveFileFormatUtils$NullOutputCommitter
2024-04-24T05:00:00,489  INFO [Thread-4491] mapred.LocalJobRunner: Waiting for map tasks
2024-04-24T05:00:00,490  INFO [LocalJobRunner Map Task Executor #0] mapred.LocalJobRunner: Starting task: attempt_local1628865731_0069_m_000000_0
2024-04-24T05:00:00,490  INFO [LocalJobRunner Map Task Executor #0] mapred.Task:  Using ResourceCalculatorProcessTree : [ ]
2024-04-24T05:00:00,491  INFO [LocalJobRunner Map Task Executor #0] mapred.MapTask: Processing split: org.apache.hadoop.hive.ql.io.orc.OrcInputFormat:OrcSplit [file:/home/alex/Repositories/hive/ql/target/tmp/org.apache.hadoop.hive.ql.TestTxnNoBuckets-1713959849960/warehouse/t/000000_0, start=3, length=113, isOriginal=true, fileLength=259, hasFooter=false, hasBase=true, deltas=0]
2024-04-24T05:00:00,491  INFO [LocalJobRunner Map Task Executor #0] exec.SerializationUtilities: Deserializing MapWork using kryo
2024-04-24T05:00:00,491  INFO [LocalJobRunner Map Task Executor #0] exec.Utilities: Deserialized plan (via FILE) - name: null size: 6,73KB
2024-04-24T05:00:00,492  INFO [LocalJobRunner Map Task Executor #0] orc.OrcInputFormat: ORC pushdown predicate: (not leaf-(LESS_THAN_EQUALS b 0))
2024-04-24T05:00:00,492  INFO [LocalJobRunner Map Task Executor #0] orc.VectorizedOrcAcidRowBatchReader: Read ValidWriteIdList: default.t:10000000:9223372036854775807:::OrcSplit [file:/home/alex/Repositories/hive/ql/target/tmp/org.apache.hadoop.hive.ql.TestTxnNoBuckets-1713959849960/warehouse/t/000000_0, start=3, length=113, isOriginal=true, fileLength=259, hasFooter=false, hasBase=true, deltas=0]
2024-04-24T05:00:00,493  INFO [LocalJobRunner Map Task Executor #0] orc.ReaderImpl: Reading ORC rows from file:/home/alex/Repositories/hive/ql/target/tmp/org.apache.hadoop.hive.ql.TestTxnNoBuckets-1713959849960/warehouse/t/000000_0 with {include: [true, true, true], offset: 3, length: 113, sarg: (not leaf-(LESS_THAN_EQUALS b 0)), schema: struct<a:int,b:int>, includeAcidColumns: true}
2024-04-24T05:00:00,493  INFO [LocalJobRunner Map Task Executor #0] mapred.MapTask: numReduceTasks: 1
2024-04-24T05:00:00,497  INFO [LocalJobRunner Map Task Executor #0] mapred.MapTask: (EQUATOR) 0 kvi 26214396(104857584)
2024-04-24T05:00:00,497  INFO [LocalJobRunner Map Task Executor #0] mapred.MapTask: mapreduce.task.io.sort.mb: 100
2024-04-24T05:00:00,497  INFO [LocalJobRunner Map Task Executor #0] mapred.MapTask: soft limit at 83886080
2024-04-24T05:00:00,497  INFO [LocalJobRunner Map Task Executor #0] mapred.MapTask: bufstart = 0; bufvoid = 104857600
2024-04-24T05:00:00,497  INFO [LocalJobRunner Map Task Executor #0] mapred.MapTask: kvstart = 26214396; length = 6553600
2024-04-24T05:00:00,498  INFO [LocalJobRunner Map Task Executor #0] mapred.MapTask: Map output collector class = org.apache.hadoop.mapred.MapTask$MapOutputBuffer
2024-04-24T05:00:00,498  INFO [LocalJobRunner Map Task Executor #0] vector.VectorMapOperator: Initializing Operator: MAP[0]
2024-04-24T05:00:00,498  INFO [LocalJobRunner Map Task Executor #0] mr.ExecMapper: 
<MAP>Id =0
  <Children>null
  <\Children>
  <Parent><\Parent>
<\MAP>
2024-04-24T05:00:00,499  INFO [LocalJobRunner Map Task Executor #0] exec.TableScanOperator: Initializing Operator: TS[0]
2024-04-24T05:00:00,499  INFO [LocalJobRunner Map Task Executor #0] vector.VectorFilterOperator: Initializing Operator: FIL[7]
2024-04-24T05:00:00,499  INFO [LocalJobRunner Map Task Executor #0] vector.VectorSelectOperator: Initializing Operator: SEL[8]
2024-04-24T05:00:00,499  INFO [LocalJobRunner Map Task Executor #0] vector.VectorReduceSinkOperator: Initializing Operator: RS[9]
2024-04-24T05:00:00,499  INFO [LocalJobRunner Map Task Executor #0] vector.VectorReduceSinkOperator: Using tag = -1
2024-04-24T05:00:00,500  INFO [LocalJobRunner Map Task Executor #0] vector.VectorReduceSinkOperator: keys are [reducesinkkey0] num distributions: 1
2024-04-24T05:00:00,500  INFO [LocalJobRunner Map Task Executor #0] vector.VectorReduceSinkOperator: RS[9]: records written - 1
2024-04-24T05:00:00,500  INFO [LocalJobRunner Map Task Executor #0] vector.VectorMapOperator: Closing Operator: MAP[0]
2024-04-24T05:00:00,500  INFO [LocalJobRunner Map Task Executor #0] vector.VectorMapOperator: RECORDS_OUT_OPERATOR_MAP_0:0, RECORDS_OUT_INTERMEDIATE:0, RECORDS_IN:5, DESERIALIZE_ERRORS:0, 
2024-04-24T05:00:00,500  INFO [LocalJobRunner Map Task Executor #0] exec.TableScanOperator: Closing Operator: TS[0]
2024-04-24T05:00:00,500  INFO [LocalJobRunner Map Task Executor #0] exec.TableScanOperator: RECORDS_OUT_INTERMEDIATE:0, RECORDS_OUT_OPERATOR_TS_0:5, 
2024-04-24T05:00:00,500  INFO [LocalJobRunner Map Task Executor #0] vector.VectorFilterOperator: Closing Operator: FIL[7]
2024-04-24T05:00:00,500  INFO [LocalJobRunner Map Task Executor #0] vector.VectorFilterOperator: RECORDS_OUT_INTERMEDIATE:0, RECORDS_OUT_OPERATOR_FIL_7:5, 
2024-04-24T05:00:00,500  INFO [LocalJobRunner Map Task Executor #0] vector.VectorSelectOperator: Closing Operator: SEL[8]
2024-04-24T05:00:00,500  INFO [LocalJobRunner Map Task Executor #0] vector.VectorSelectOperator: RECORDS_OUT_OPERATOR_SEL_8:5, RECORDS_OUT_INTERMEDIATE:0, 
2024-04-24T05:00:00,500  INFO [LocalJobRunner Map Task Executor #0] vector.VectorReduceSinkOperator: Closing Operator: RS[9]
2024-04-24T05:00:00,500  INFO [LocalJobRunner Map Task Executor #0] vector.VectorReduceSinkOperator: RS[9]: Total records written - 5. abort - false
2024-04-24T05:00:00,500  INFO [LocalJobRunner Map Task Executor #0] vector.VectorReduceSinkOperator: RECORDS_OUT_INTERMEDIATE:5, RECORDS_OUT_OPERATOR_RS_9:5, 
2024-04-24T05:00:00,501  INFO [LocalJobRunner Map Task Executor #0] mapred.LocalJobRunner: 
2024-04-24T05:00:00,501  INFO [LocalJobRunner Map Task Executor #0] mapred.MapTask: Starting flush of map output
2024-04-24T05:00:00,501  INFO [LocalJobRunner Map Task Executor #0] mapred.MapTask: Spilling map output
2024-04-24T05:00:00,501  INFO [LocalJobRunner Map Task Executor #0] mapred.MapTask: bufstart = 0; bufend = 135; bufvoid = 104857600
2024-04-24T05:00:00,501  INFO [LocalJobRunner Map Task Executor #0] mapred.MapTask: kvstart = 26214396(104857584); kvend = 26214380(104857520); length = 17/6553600
2024-04-24T05:00:00,511  INFO [LocalJobRunner Map Task Executor #0] mapred.MapTask: Finished spill 0
2024-04-24T05:00:00,513  INFO [LocalJobRunner Map Task Executor #0] mapred.Task: Task:attempt_local1628865731_0069_m_000000_0 is done. And is in the process of committing
2024-04-24T05:00:00,514  INFO [LocalJobRunner Map Task Executor #0] mapred.LocalJobRunner: OrcSplit [file:/home/alex/Repositories/hive/ql/target/tmp/org.apache.hadoop.hive.ql.TestTxnNoBuckets-1713959849960/warehouse/t/000000_0, start=3, length=113, isOriginal=true, fileLength=259, hasFooter=false, hasBase=true, deltas=0]
2024-04-24T05:00:00,514  INFO [LocalJobRunner Map Task Executor #0] mapred.Task: Task 'attempt_local1628865731_0069_m_000000_0' done.
2024-04-24T05:00:00,514  INFO [LocalJobRunner Map Task Executor #0] mapred.Task: Final Counters for attempt_local1628865731_0069_m_000000_0: Counters: 25
	File System Counters
		FILE: Number of bytes read=1650876
		FILE: Number of bytes written=83014340
		FILE: Number of read operations=0
		FILE: Number of large read operations=0
		FILE: Number of write operations=0
	Map-Reduce Framework
		Map input records=1
		Map output records=5
		Map output bytes=135
		Map output materialized bytes=151
		Input split bytes=471
		Combine input records=0
		Spilled Records=5
		Failed Shuffles=0
		Merged Map outputs=0
		GC time elapsed (ms)=0
		Total committed heap usage (bytes)=1213202432
	HIVE
		DESERIALIZE_ERRORS=0
		RECORDS_IN=5
		RECORDS_OUT_INTERMEDIATE=5
		RECORDS_OUT_OPERATOR_FIL_7=5
		RECORDS_OUT_OPERATOR_MAP_0=0
		RECORDS_OUT_OPERATOR_RS_9=5
		RECORDS_OUT_OPERATOR_SEL_8=5
		RECORDS_OUT_OPERATOR_TS_0=5
	File Input Format Counters 
		Bytes Read=8164
2024-04-24T05:00:00,514  INFO [LocalJobRunner Map Task Executor #0] mapred.LocalJobRunner: Finishing task: attempt_local1628865731_0069_m_000000_0
2024-04-24T05:00:00,514  INFO [Thread-4491] mapred.LocalJobRunner: map task executor complete.
2024-04-24T05:00:00,515  INFO [Thread-4491] mapred.LocalJobRunner: Waiting for reduce tasks
2024-04-24T05:00:00,515  INFO [pool-286-thread-1] mapred.LocalJobRunner: Starting task: attempt_local1628865731_0069_r_000000_0
2024-04-24T05:00:00,515  INFO [pool-286-thread-1] mapred.Task:  Using ResourceCalculatorProcessTree : [ ]
2024-04-24T05:00:00,515  INFO [pool-286-thread-1] mapred.ReduceTask: Using ShuffleConsumerPlugin: org.apache.hadoop.mapreduce.task.reduce.Shuffle@b38941f
2024-04-24T05:00:00,515  WARN [pool-286-thread-1] impl.MetricsSystemImpl: JobTracker metrics system already initialized!
2024-04-24T05:00:00,516  INFO [pool-286-thread-1] reduce.MergeManagerImpl: MergerManager: memoryLimit=1336252800, maxSingleShuffleLimit=334063200, mergeThreshold=881926912, ioSortFactor=10, memToMemMergeOutputsThreshold=10
2024-04-24T05:00:00,517  INFO [EventFetcher for fetching Map Completion Events] reduce.EventFetcher: attempt_local1628865731_0069_r_000000_0 Thread started: EventFetcher for fetching Map Completion Events
2024-04-24T05:00:00,518  INFO [localfetcher#43] reduce.LocalFetcher: localfetcher#43 about to shuffle output of map attempt_local1628865731_0069_m_000000_0 decomp: 147 len: 151 to MEMORY
2024-04-24T05:00:00,518  INFO [localfetcher#43] reduce.InMemoryMapOutput: Read 147 bytes from map-output for attempt_local1628865731_0069_m_000000_0
2024-04-24T05:00:00,518  INFO [localfetcher#43] reduce.MergeManagerImpl: closeInMemoryFile -> map-output of size: 147, inMemoryMapOutputs.size() -> 1, commitMemory -> 0, usedMemory ->147
2024-04-24T05:00:00,519  INFO [EventFetcher for fetching Map Completion Events] reduce.EventFetcher: EventFetcher is interrupted.. Returning
2024-04-24T05:00:00,519  INFO [pool-286-thread-1] mapred.LocalJobRunner: 1 / 1 copied.
2024-04-24T05:00:00,519  INFO [pool-286-thread-1] reduce.MergeManagerImpl: finalMerge called with 1 in-memory map-outputs and 0 on-disk map-outputs
2024-04-24T05:00:00,525  INFO [pool-286-thread-1] mapred.Merger: Merging 1 sorted segments
2024-04-24T05:00:00,525  INFO [pool-286-thread-1] mapred.Merger: Down to the last merge-pass, with 1 segments left of total size: 135 bytes
2024-04-24T05:00:00,527  INFO [pool-286-thread-1] reduce.MergeManagerImpl: Merged 1 segments, 147 bytes to disk to satisfy reduce memory limit
2024-04-24T05:00:00,527  INFO [pool-286-thread-1] reduce.MergeManagerImpl: Merging 1 files, 151 bytes from disk
2024-04-24T05:00:00,527  INFO [pool-286-thread-1] reduce.MergeManagerImpl: Merging 0 segments, 0 bytes from memory into reduce
2024-04-24T05:00:00,527  INFO [pool-286-thread-1] mapred.Merger: Merging 1 sorted segments
2024-04-24T05:00:00,527  INFO [pool-286-thread-1] mapred.Merger: Down to the last merge-pass, with 1 segments left of total size: 135 bytes
2024-04-24T05:00:00,528  INFO [pool-286-thread-1] mapred.LocalJobRunner: 1 / 1 copied.
2024-04-24T05:00:00,528  INFO [pool-286-thread-1] exec.SerializationUtilities: Deserializing ReduceWork using kryo
2024-04-24T05:00:00,528  INFO [pool-286-thread-1] exec.Utilities: Deserialized plan (via FILE) - name: null size: 7,73KB
2024-04-24T05:00:00,529  INFO [pool-286-thread-1] ExecReducer: 
<SEL>Id =4
  <Children>
    <FS>Id =5
      <Children>
      <\Children>
      <Parent>Id = 4 null<\Parent>
    <\FS>
  <\Children>
  <Parent><\Parent>
<\SEL>
2024-04-24T05:00:00,529  INFO [pool-286-thread-1] exec.SelectOperator: Initializing Operator: SEL[4]
2024-04-24T05:00:00,529  INFO [pool-286-thread-1] exec.SelectOperator: SELECT struct<key:struct<reducesinkkey0:int>,value:struct<_col0:struct<writeid:bigint,bucketid:int,rowid:bigint>>>
2024-04-24T05:00:00,529  INFO [pool-286-thread-1] exec.FileSinkOperator: Initializing Operator: FS[5]
2024-04-24T05:00:00,530  INFO [pool-286-thread-1] exec.FileSinkOperator: Using serializer : class org.apache.hadoop.hive.serde2.lazy.LazySimpleSerDe [serdeParams=org.apache.hadoop.hive.serde2.lazy.LazySerDeParameters@68f5bb34, cachedObjectInspector=org.apache.hadoop.hive.serde2.lazy.objectinspector.LazySimpleStructObjectInspector<org.apache.hadoop.hive.serde2.lazy.objectinspector.LazySimpleStructObjectInspector<org.apache.hadoop.hive.serde2.lazy.objectinspector.primitive.LazyLongObjectInspector@7fac3ce0,org.apache.hadoop.hive.serde2.lazy.objectinspector.primitive.LazyIntObjectInspector@3e3b41cb,org.apache.hadoop.hive.serde2.lazy.objectinspector.primitive.LazyLongObjectInspector@7fac3ce0>,org.apache.hadoop.hive.serde2.lazy.objectinspector.primitive.LazyIntObjectInspector@3e3b41cb>, serializedSize=0, stats=org.apache.hadoop.hive.serde2.SerDeStats@20a35638, lastOperationSerialize=false, lastOperationDeserialize=false [1, 2, 3, 4, 5, 6, 7, 8, 11, 14, 15, 16, 17, 18, 19, 20, 21, 22, 23, 24, 25, 26, 28, 29, 30, 31, -128, -127, -126, -125, -124, -123, -122, -121, -120, -119, -118, -117, -116, -115, -114, -113, -112, -111, -110, -109, -108, -107, -106, -105, -104, -103, -102, -101, -100, -99, -98, -97, -96, -95, -94, -93, -92, -91, -90, -89, -88, -87, -86, -85, -84, -83, -82, -81, -80, -79, -78, -77, -76, -75, -74, -73, -72, -71, -70, -69, -68, -67, -66, -65, -64, -63, -62, -61, -60, -59, -58, -57, -56, -55, -54, -53, -52, -51, -50, -49, -48, -47, -46, -45, -44, -43, -42, -41, -40, -39, -38, -37, -36, -35, -34, -33, -32, -31, -30, -29, -28, -27, -26, -25, -24, -23, -22, -21, -20, -19, -18, -17, -16, -15, -14, -13, -12, -11, -10, -9, -8, -7, -6, -5, -4, -3, -2, -1] : [_col0, _col1] : [struct<writeid:bigint,bucketid:int,rowid:bigint>, int]] and formatter : org.apache.hadoop.hive.ql.io.HiveSequenceFileOutputFormat@2e7f0c54
2024-04-24T05:00:00,530  INFO [pool-286-thread-1] exec.FileSinkOperator: Final Path: FS file:/home/alex/Repositories/hive/ql/target/tmp/localscratchdir/f4211df6-1f20-4624-ab6a-b1a20e1d15e7/hive_2024-04-24_05-00-00_032_7611413411341422646-1/-mr-10001/.hive-staging_hive_2024-04-24_05-00-00_032_7611413411341422646-1/_tmp.-ext-10002/000000_0
2024-04-24T05:00:00,530  INFO [pool-286-thread-1] exec.FileSinkOperator: Writing to temp file: FS file:/home/alex/Repositories/hive/ql/target/tmp/localscratchdir/f4211df6-1f20-4624-ab6a-b1a20e1d15e7/hive_2024-04-24_05-00-00_032_7611413411341422646-1/-mr-10001/.hive-staging_hive_2024-04-24_05-00-00_032_7611413411341422646-1/_task_tmp.-ext-10002/_tmp.000000_0
2024-04-24T05:00:00,530  INFO [pool-286-thread-1] exec.FileSinkOperator: New Final Path: FS file:/home/alex/Repositories/hive/ql/target/tmp/localscratchdir/f4211df6-1f20-4624-ab6a-b1a20e1d15e7/hive_2024-04-24_05-00-00_032_7611413411341422646-1/-mr-10001/.hive-staging_hive_2024-04-24_05-00-00_032_7611413411341422646-1/_tmp.-ext-10002/000000_0
2024-04-24T05:00:00,537  INFO [pool-286-thread-1] exec.FileSinkOperator: FS[5]: records written - 1
2024-04-24T05:00:00,537  INFO [pool-286-thread-1] exec.SelectOperator: Closing Operator: SEL[4]
2024-04-24T05:00:00,537  INFO [pool-286-thread-1] exec.SelectOperator: RECORDS_OUT_OPERATOR_SEL_4:5, RECORDS_OUT_INTERMEDIATE:0, 
2024-04-24T05:00:00,537  INFO [pool-286-thread-1] exec.FileSinkOperator: Closing Operator: FS[5]
2024-04-24T05:00:00,537  INFO [pool-286-thread-1] exec.FileSinkOperator: FS[5]: records written - 5
2024-04-24T05:00:00,537  INFO [pool-286-thread-1] exec.FileSinkOperator: RECORDS_OUT_0:5, RECORDS_OUT_OPERATOR_FS_5:5, RECORDS_OUT_INTERMEDIATE:0, 
2024-04-24T05:00:00,538  INFO [pool-286-thread-1] mapred.Task: Task:attempt_local1628865731_0069_r_000000_0 is done. And is in the process of committing
2024-04-24T05:00:00,538  INFO [pool-286-thread-1] mapred.LocalJobRunner: reduce > reduce
2024-04-24T05:00:00,538  INFO [pool-286-thread-1] mapred.Task: Task 'attempt_local1628865731_0069_r_000000_0' done.
2024-04-24T05:00:00,538  INFO [pool-286-thread-1] mapred.Task: Final Counters for attempt_local1628865731_0069_r_000000_0: Counters: 29
	File System Counters
		FILE: Number of bytes read=1659014
		FILE: Number of bytes written=83014730
		FILE: Number of read operations=0
		FILE: Number of large read operations=0
		FILE: Number of write operations=0
	Map-Reduce Framework
		Combine input records=0
		Combine output records=0
		Reduce input groups=5
		Reduce shuffle bytes=151
		Reduce input records=5
		Reduce output records=0
		Spilled Records=5
		Shuffled Maps =1
		Failed Shuffles=0
		Merged Map outputs=1
		GC time elapsed (ms)=0
		Total committed heap usage (bytes)=1213202432
	HIVE
		CREATED_FILES=1
		RECORDS_OUT_0=5
		RECORDS_OUT_INTERMEDIATE=0
		RECORDS_OUT_OPERATOR_FS_5=5
		RECORDS_OUT_OPERATOR_SEL_4=5
	Shuffle Errors
		BAD_ID=0
		CONNECTION=0
		IO_ERROR=0
		WRONG_LENGTH=0
		WRONG_MAP=0
		WRONG_REDUCE=0
	File Output Format Counters 
		Bytes Written=0
2024-04-24T05:00:00,538  INFO [pool-286-thread-1] mapred.LocalJobRunner: Finishing task: attempt_local1628865731_0069_r_000000_0
2024-04-24T05:00:00,538  INFO [Thread-4491] mapred.LocalJobRunner: reduce task executor complete.
2024-04-24 05:00:01,490 Stage-1 map = 100%,  reduce = 100%
2024-04-24T05:00:01,490  INFO [main] exec.Task: 2024-04-24 05:00:01,490 Stage-1 map = 100%,  reduce = 100%
Ended Job = job_local1628865731_0069
2024-04-24T05:00:01,491  INFO [main] exec.Task: Ended Job = job_local1628865731_0069
2024-04-24T05:00:01,494  INFO [main] metadata.Hive: Dumping metastore api call timing information for : execution phase
2024-04-24T05:00:01,494  INFO [main] metadata.Hive: Total time spent in each metastore function (ms): {}
MapReduce Jobs Launched: 
2024-04-24T05:00:01,494  INFO [main] ql.Driver: MapReduce Jobs Launched: 
Stage-Stage-1:  HDFS Read: 0 HDFS Write: 0 SUCCESS
2024-04-24T05:00:01,494  INFO [main] ql.Driver: Stage-Stage-1:  HDFS Read: 0 HDFS Write: 0 SUCCESS
Total MapReduce CPU Time Spent: 0 msec
2024-04-24T05:00:01,494  INFO [main] ql.Driver: Total MapReduce CPU Time Spent: 0 msec
2024-04-24T05:00:01,494  INFO [main] ql.Driver: Completed executing command(queryId=alex_20240424050000_d2ebc282-b045-40d1-bf23-34007d1798d0); Time taken: 1.293 seconds
2024-04-24T05:00:01,494  INFO [main] lockmgr.DbTxnManager: Stopped heartbeat for query: alex_20240424050000_d2ebc282-b045-40d1-bf23-34007d1798d0
2024-04-24T05:00:01,498  INFO [main] txn.TxnHandler: Expected to move at least one record from txn_components to completed_txn_components when committing txn! txnid:21
2024-04-24T05:00:01,503  INFO [main] txn.TxnHandler: Removed transactions: ([21]) from MIN_HISTORY_LEVEL
2024-04-24T05:00:01,503  WARN [main] txn.CompactionTxnHandler: No compaction queue record found for Compaction type transaction commit. txnId:21
2024-04-24T05:00:01,507  INFO [main] mapred.FileInputFormat: Total input files to process : 1
2024-04-24T05:00:01,507  INFO [main] exec.ListSinkOperator: Closing Operator: LIST_SINK[10]
2024-04-24T05:00:01,507  INFO [main] exec.ListSinkOperator: RECORDS_OUT_OPERATOR_LIST_SINK_10:5, RECORDS_OUT_INTERMEDIATE:0, 
2024-04-24T05:00:01,507  WARN [main] ql.TestTxnNoBuckets: null: read data(After conversion with VC2): 
2024-04-24T05:00:01,507  INFO [main] ql.TestTxnNoBuckets: {"writeid":0,"bucketid":536870912,"rowid":0}	1
{"writeid":0,"bucketid":536870912,"rowid":1}	2
{"writeid":0,"bucketid":536870912,"rowid":2}	5
{"writeid":0,"bucketid":536870912,"rowid":3}	6
{"writeid":0,"bucketid":536870912,"rowid":4}	9

2024-04-24T05:00:01,507  INFO [main] ql.TxnCommandsBaseForTests: Running the query: EXPLAIN VECTORIZATION DETAIL select ROW__ID, a from T where b > 0 order by a
2024-04-24T05:00:01,508  INFO [main] ql.Context: Deleting scratch dir: file:/home/alex/Repositories/hive/ql/target/tmp/localscratchdir/f4211df6-1f20-4624-ab6a-b1a20e1d15e7/hive_2024-04-24_05-00-00_032_7611413411341422646-1
2024-04-24T05:00:01,508  INFO [main] cleanup.SyncCleanupService: Deleted directory: file:/home/alex/Repositories/hive/ql/target/tmp/localscratchdir/f4211df6-1f20-4624-ab6a-b1a20e1d15e7/hive_2024-04-24_05-00-00_032_7611413411341422646-1 on fs with scheme file
2024-04-24T05:00:01,508  INFO [main] ql.Driver: Compiling command(queryId=alex_20240424050001_48e2226f-7eb1-4e10-ab86-b362a0f893ae): EXPLAIN VECTORIZATION DETAIL select ROW__ID, a from T where b > 0 order by a
2024-04-24T05:00:01,511  INFO [main] txn.TxnHandler: Added entries to MIN_HISTORY_LEVEL for current txns: ([22]) with min_open_txn: 22
2024-04-24T05:00:01,511  INFO [main] lockmgr.DbTxnManager: Opened txnid:22
2024-04-24T05:00:01,512  INFO [main] parse.CalcitePlanner: Starting Semantic Analysis
2024-04-24T05:00:01,514  INFO [main] parse.CalcitePlanner: Completed phase 1 of Semantic Analysis
2024-04-24T05:00:01,514  INFO [main] parse.CalcitePlanner: Get metadata for source tables
2024-04-24T05:00:01,514  INFO [main] HiveMetaStore.audit: ugi=alex	ip=unknown-ip-addr	cmd=get_table : tbl=hive.default.t	
2024-04-24T05:00:01,521  INFO [main] metastore.HMSHandler: Skipping translation for processor with null
2024-04-24T05:00:01,521  INFO [main] parse.CalcitePlanner: Get metadata for subqueries
2024-04-24T05:00:01,521  INFO [main] parse.CalcitePlanner: Get metadata for destination tables
2024-04-24T05:00:01,521  INFO [main] parse.CalcitePlanner: Completed getting MetaData in Semantic Analysis
2024-04-24T05:00:01,534  INFO [main] HiveMetaStore.audit: ugi=alex	ip=unknown-ip-addr	cmd=get_all_table_constraints : tbl=hive.default.t	
2024-04-24T05:00:01,570  INFO [main] calcite.RelOptHiveTable: Calculating column statistics for default.t, projIndxSet: [0, 1], allowMissingStats: true
2024-04-24T05:00:01,570  INFO [main] HiveMetaStore.audit: ugi=alex	ip=unknown-ip-addr	cmd=get_table_statistics_req: table=hive.default.t	
2024-04-24T05:00:01,578  WARN [main] calcite.RelOptHiveTable: No Stats for default@t, Columns: a, b
No Stats for default@t, Columns: a, b
2024-04-24T05:00:01,578  INFO [main] SessionState: No Stats for default@t, Columns: a, b
2024-04-24T05:00:01,635  INFO [main] parse.CalcitePlanner: Get metadata for source tables
2024-04-24T05:00:01,636  INFO [main] parse.CalcitePlanner: Get metadata for subqueries
2024-04-24T05:00:01,636  INFO [main] parse.CalcitePlanner: Get metadata for destination tables
2024-04-24T05:00:01,637  INFO [main] parse.CalcitePlanner: CBO Succeeded; optimized logical plan.
2024-04-24T05:00:01,640  INFO [main] optimizer.ColumnPrunerProcFactory: RS 3 oldColExprMap: {VALUE._col0=Column[_col0], KEY.reducesinkkey0=Column[_col1]}
2024-04-24T05:00:01,640  INFO [main] optimizer.ColumnPrunerProcFactory: RS 3 newColExprMap: {VALUE._col0=Column[_col0], KEY.reducesinkkey0=Column[_col1]}
2024-04-24T05:00:01,641  INFO [main] optimizer.BucketVersionPopulator: not considering bucketingVersion for: TS[0] because it has -1<2 buckets 
2024-04-24T05:00:01,645  INFO [main] optimizer.SortedDynPartitionOptimizer: Sorted dynamic partitioning optimization kicked in..
2024-04-24T05:00:01,653  INFO [main] physical.Vectorizer: Examining input format to see if vectorization is enabled.
2024-04-24T05:00:01,653  INFO [main] physical.Vectorizer: Vectorization is enabled for input format(s) [org.apache.hadoop.hive.ql.io.orc.OrcInputFormat]
2024-04-24T05:00:01,653  INFO [main] physical.Vectorizer: Validating and vectorizing MapWork... (vectorizedVertexNum 0)
2024-04-24T05:00:01,655  INFO [main] physical.Vectorizer: Map vectorization enabled: true
2024-04-24T05:00:01,655  INFO [main] physical.Vectorizer: Map vectorized: true
2024-04-24T05:00:01,655  INFO [main] physical.Vectorizer: Map vectorizedVertexNum: 0
2024-04-24T05:00:01,655  INFO [main] physical.Vectorizer: Map enabledConditionsMet: [hive.vectorized.use.vectorized.input.format IS true]
2024-04-24T05:00:01,655  INFO [main] physical.Vectorizer: Map inputFileFormatClassNameSet: [org.apache.hadoop.hive.ql.io.orc.OrcInputFormat]
2024-04-24T05:00:01,655  INFO [main] physical.Vectorizer: Reduce vectorization enabled: false
2024-04-24T05:00:01,655  INFO [main] physical.Vectorizer: Reduce vectorized: false
2024-04-24T05:00:01,655  INFO [main] physical.Vectorizer: Reduce vectorizedVertexNum: 1
2024-04-24T05:00:01,655  INFO [main] physical.Vectorizer: Reducer hive.vectorized.execution.reduce.enabled: true
2024-04-24T05:00:01,655  INFO [main] physical.Vectorizer: Reducer engine: mr
2024-04-24T05:00:01,656  INFO [main] parse.CalcitePlanner: Completed plan generation
2024-04-24T05:00:01,656  INFO [main] ql.Driver: Semantic Analysis Completed (retrial = false)
2024-04-24T05:00:01,656  INFO [main] ql.Driver: Created Hive schema: Schema(fieldSchemas:[FieldSchema(name:Explain, type:string, comment:null)], properties:null)
2024-04-24T05:00:01,656  INFO [main] metadata.Hive: Dumping metastore api call timing information for : compilation phase
2024-04-24T05:00:01,656  INFO [main] metadata.Hive: Total time spent in each metastore function (ms): {getValidWriteIds_(List, String)=3, getAllTableConstraints_(AllTableConstraintsRequest)=4, flushCache_()=0, getTable_(GetTableRequest)=7, openTxn_(String, TxnType)=2, commitTxn_(CommitTxnRequest)=9, isCompatibleWith_(Configuration)=0, getValidTxns_(long)=0, getTableColumnStatistics_(String, String, List, String)=7}
2024-04-24T05:00:01,656  INFO [main] ql.Driver: Completed compiling command(queryId=alex_20240424050001_48e2226f-7eb1-4e10-ab86-b362a0f893ae); Time taken: 0.148 seconds
2024-04-24T05:00:01,656  INFO [main] ql.Driver: Executing command(queryId=alex_20240424050001_48e2226f-7eb1-4e10-ab86-b362a0f893ae): EXPLAIN VECTORIZATION DETAIL select ROW__ID, a from T where b > 0 order by a
2024-04-24T05:00:01,656  INFO [main] ql.Driver: Starting task [Stage-2:EXPLAIN] in serial mode
2024-04-24T05:00:01,668  INFO [main] metadata.Hive: Dumping metastore api call timing information for : execution phase
2024-04-24T05:00:01,668  INFO [main] metadata.Hive: Total time spent in each metastore function (ms): {}
2024-04-24T05:00:01,668  INFO [main] ql.Driver: Completed executing command(queryId=alex_20240424050001_48e2226f-7eb1-4e10-ab86-b362a0f893ae); Time taken: 0.012 seconds
2024-04-24T05:00:01,668  INFO [main] lockmgr.DbTxnManager: Stopped heartbeat for query: null
2024-04-24T05:00:01,675  INFO [main] txn.TxnHandler: Expected to move at least one record from txn_components to completed_txn_components when committing txn! txnid:22
2024-04-24T05:00:01,682  INFO [main] txn.TxnHandler: Removed transactions: ([22]) from MIN_HISTORY_LEVEL
2024-04-24T05:00:01,682  WARN [main] txn.CompactionTxnHandler: No compaction queue record found for Compaction type transaction commit. txnId:22
2024-04-24T05:00:01,683  INFO [main] ql.TxnCommandsBaseForTests: Running the query: select ROW__ID, a, INPUT__FILE__NAME from T where b > 6 order by a
2024-04-24T05:00:01,683  INFO [main] ql.Context: Deleting scratch dir: file:/home/alex/Repositories/hive/ql/target/tmp/localscratchdir/f4211df6-1f20-4624-ab6a-b1a20e1d15e7/hive_2024-04-24_05-00-01_508_1847705845820108408-1
2024-04-24T05:00:01,683  INFO [main] cleanup.SyncCleanupService: Deleted directory: file:/home/alex/Repositories/hive/ql/target/tmp/localscratchdir/f4211df6-1f20-4624-ab6a-b1a20e1d15e7/hive_2024-04-24_05-00-01_508_1847705845820108408-1 on fs with scheme file
2024-04-24T05:00:01,683  INFO [main] ql.Driver: Compiling command(queryId=alex_20240424050001_3c8aeace-055f-4153-8fa2-d5d4112ed074): select ROW__ID, a, INPUT__FILE__NAME from T where b > 6 order by a
2024-04-24T05:00:01,686  INFO [main] txn.TxnHandler: Added entries to MIN_HISTORY_LEVEL for current txns: ([23]) with min_open_txn: 22
2024-04-24T05:00:01,686  INFO [main] lockmgr.DbTxnManager: Opened txnid:23
2024-04-24T05:00:01,687  INFO [main] parse.CalcitePlanner: Starting caching scope for: 
2024-04-24T05:00:01,687  INFO [main] parse.CalcitePlanner: Starting Semantic Analysis
2024-04-24T05:00:01,689  INFO [main] parse.CalcitePlanner: Completed phase 1 of Semantic Analysis
2024-04-24T05:00:01,689  INFO [main] parse.CalcitePlanner: Get metadata for source tables
2024-04-24T05:00:01,690  INFO [main] HiveMetaStore.audit: ugi=alex	ip=unknown-ip-addr	cmd=get_table : tbl=hive.default.t	
2024-04-24T05:00:01,697  INFO [main] metastore.HMSHandler: Skipping translation for processor with null
2024-04-24T05:00:01,697  INFO [main] parse.CalcitePlanner: Get metadata for subqueries
2024-04-24T05:00:01,697  INFO [main] parse.CalcitePlanner: Get metadata for destination tables
2024-04-24T05:00:01,697  INFO [main] parse.CalcitePlanner: Completed getting MetaData in Semantic Analysis
2024-04-24T05:00:01,709  INFO [main] HiveMetaStore.audit: ugi=alex	ip=unknown-ip-addr	cmd=get_all_table_constraints : tbl=hive.default.t	
2024-04-24T05:00:01,744  INFO [main] calcite.RelOptHiveTable: Calculating column statistics for default.t, projIndxSet: [0, 1], allowMissingStats: true
2024-04-24T05:00:01,744  INFO [main] HiveMetaStore.audit: ugi=alex	ip=unknown-ip-addr	cmd=get_table_statistics_req: table=hive.default.t	
2024-04-24T05:00:01,752  WARN [main] calcite.RelOptHiveTable: No Stats for default@t, Columns: b, a
No Stats for default@t, Columns: b, a
2024-04-24T05:00:01,752  INFO [main] SessionState: No Stats for default@t, Columns: b, a
2024-04-24T05:00:01,808  INFO [main] parse.CalcitePlanner: Get metadata for source tables
2024-04-24T05:00:01,808  INFO [main] parse.CalcitePlanner: Get metadata for subqueries
2024-04-24T05:00:01,808  INFO [main] parse.CalcitePlanner: Get metadata for destination tables
2024-04-24T05:00:01,810  INFO [main] common.FileUtils: Creating directory if it doesn't exist: file:/home/alex/Repositories/hive/ql/target/tmp/localscratchdir/f4211df6-1f20-4624-ab6a-b1a20e1d15e7/hive_2024-04-24_05-00-01_683_5628183866883761500-1/-mr-10001/.hive-staging_hive_2024-04-24_05-00-01_683_5628183866883761500-1
2024-04-24T05:00:01,817  INFO [main] parse.CalcitePlanner: CBO Succeeded; optimized logical plan.
2024-04-24T05:00:01,820  INFO [main] optimizer.ColumnPrunerProcFactory: RS 3 oldColExprMap: {KEY.reducesinkkey0=Column[_col1], VALUE._col1=Column[_col2], VALUE._col0=Column[_col0]}
2024-04-24T05:00:01,820  INFO [main] optimizer.ColumnPrunerProcFactory: RS 3 newColExprMap: {VALUE._col0=Column[_col0], VALUE._col1=Column[_col2], KEY.reducesinkkey0=Column[_col1]}
2024-04-24T05:00:01,821  INFO [main] optimizer.BucketVersionPopulator: not considering bucketingVersion for: TS[0] because it has -1<2 buckets 
2024-04-24T05:00:01,821  INFO [main] optimizer.SortedDynPartitionOptimizer: Sorted dynamic partitioning optimization kicked in..
2024-04-24T05:00:01,830  INFO [main] physical.Vectorizer: Examining input format to see if vectorization is enabled.
2024-04-24T05:00:01,830  INFO [main] physical.Vectorizer: Vectorization is enabled for input format(s) [org.apache.hadoop.hive.ql.io.orc.OrcInputFormat]
2024-04-24T05:00:01,830  INFO [main] physical.Vectorizer: Validating and vectorizing MapWork... (vectorizedVertexNum 0)
2024-04-24T05:00:01,832  INFO [main] physical.Vectorizer: Map vectorization enabled: true
2024-04-24T05:00:01,832  INFO [main] physical.Vectorizer: Map vectorized: false
2024-04-24T05:00:01,832  INFO [main] physical.Vectorizer: Map notVectorizedReason: Select expression for SELECT operator: Virtual column INPUT__FILE__NAME is not supported
2024-04-24T05:00:01,832  INFO [main] physical.Vectorizer: Map vectorizedVertexNum: 0
2024-04-24T05:00:01,832  INFO [main] physical.Vectorizer: Map enabledConditionsMet: [hive.vectorized.use.vectorized.input.format IS true]
2024-04-24T05:00:01,832  INFO [main] physical.Vectorizer: Map inputFileFormatClassNameSet: [org.apache.hadoop.hive.ql.io.orc.OrcInputFormat]
2024-04-24T05:00:01,832  INFO [main] physical.Vectorizer: Reduce vectorization enabled: false
2024-04-24T05:00:01,832  INFO [main] physical.Vectorizer: Reduce vectorized: false
2024-04-24T05:00:01,832  INFO [main] physical.Vectorizer: Reduce vectorizedVertexNum: 1
2024-04-24T05:00:01,832  INFO [main] physical.Vectorizer: Reducer hive.vectorized.execution.reduce.enabled: true
2024-04-24T05:00:01,832  INFO [main] physical.Vectorizer: Reducer engine: mr
2024-04-24T05:00:01,832  INFO [main] parse.CalcitePlanner: Completed plan generation
2024-04-24T05:00:01,832  INFO [main] parse.CalcitePlanner: Ending caching scope for: 
2024-04-24T05:00:01,832  INFO [main] ql.Driver: Semantic Analysis Completed (retrial = false)
2024-04-24T05:00:01,832  INFO [main] ql.Driver: Created Hive schema: Schema(fieldSchemas:[FieldSchema(name:row__id, type:struct<writeid:bigint,bucketid:int,rowid:bigint>, comment:null), FieldSchema(name:a, type:int, comment:null), FieldSchema(name:input__file__name, type:string, comment:null)], properties:null)
2024-04-24T05:00:01,833  INFO [main] exec.ListSinkOperator: Initializing Operator: LIST_SINK[8]
2024-04-24T05:00:01,833  INFO [main] metadata.Hive: Dumping metastore api call timing information for : compilation phase
2024-04-24T05:00:01,833  INFO [main] metadata.Hive: Total time spent in each metastore function (ms): {getValidTxns_(long)=0, getValidWriteIds_(List, String)=3, getTableColumnStatistics_(String, String, List, String)=7, flushCache_()=0, commitTxn_(CommitTxnRequest)=14, getTable_(GetTableRequest)=7, openTxn_(String, TxnType)=2, isCompatibleWith_(Configuration)=1, getAllTableConstraints_(AllTableConstraintsRequest)=5}
2024-04-24T05:00:01,833  INFO [main] ql.Driver: Completed compiling command(queryId=alex_20240424050001_3c8aeace-055f-4153-8fa2-d5d4112ed074); Time taken: 0.15 seconds
2024-04-24T05:00:01,833  INFO [main] lockmgr.DbTxnManager: Setting lock request transaction to txnid:23 for queryId=alex_20240424050001_3c8aeace-055f-4153-8fa2-d5d4112ed074
2024-04-24T05:00:01,834  INFO [main] lockmgr.DbLockManager: Requesting lock for queryId=alex_20240424050001_3c8aeace-055f-4153-8fa2-d5d4112ed074
2024-04-24T05:00:01,847  INFO [main] lockmgr.DbLockManager: Response to queryId=alex_20240424050001_3c8aeace-055f-4153-8fa2-d5d4112ed074 LockResponse(lockid:14, state:ACQUIRED)
2024-04-24T05:00:01,847  INFO [main] ql.Driver: Operation QUERY obtained 1 locks
2024-04-24T05:00:01,848  INFO [main] ql.Driver: Executing command(queryId=alex_20240424050001_3c8aeace-055f-4153-8fa2-d5d4112ed074): select ROW__ID, a, INPUT__FILE__NAME from T where b > 6 order by a
2024-04-24T05:00:01,848  WARN [main] ql.Driver: Hive-on-MR is deprecated in Hive 2 and may not be available in the future versions. Consider using a different execution engine (i.e. tez, spark) or using Hive 1.X releases.
Query ID = alex_20240424050001_3c8aeace-055f-4153-8fa2-d5d4112ed074
2024-04-24T05:00:01,848  INFO [main] ql.Driver: Query ID = alex_20240424050001_3c8aeace-055f-4153-8fa2-d5d4112ed074
Total jobs = 1
2024-04-24T05:00:01,848  INFO [main] ql.Driver: Total jobs = 1
Launching Job 1 out of 1
2024-04-24T05:00:01,848  INFO [main] ql.Driver: Launching Job 1 out of 1
2024-04-24T05:00:01,987  INFO [main] ql.Driver: Starting task [Stage-1:MAPRED] in serial mode
Number of reduce tasks determined at compile time: 1
2024-04-24T05:00:01,987  INFO [main] exec.Task: Number of reduce tasks determined at compile time: 1
In order to change the average load for a reducer (in bytes):
2024-04-24T05:00:01,987  INFO [main] exec.Task: In order to change the average load for a reducer (in bytes):
  set hive.exec.reducers.bytes.per.reducer=<number>
2024-04-24T05:00:01,987  INFO [main] exec.Task:   set hive.exec.reducers.bytes.per.reducer=<number>
In order to limit the maximum number of reducers:
2024-04-24T05:00:01,987  INFO [main] exec.Task: In order to limit the maximum number of reducers:
  set hive.exec.reducers.max=<number>
2024-04-24T05:00:01,987  INFO [main] exec.Task:   set hive.exec.reducers.max=<number>
In order to set a constant number of reducers:
2024-04-24T05:00:01,987  INFO [main] exec.Task: In order to set a constant number of reducers:
  set mapreduce.job.reduces=<number>
2024-04-24T05:00:01,987  INFO [main] exec.Task:   set mapreduce.job.reduces=<number>
2024-04-24T05:00:01,990  INFO [main] mr.ExecDriver: Using org.apache.hadoop.hive.ql.io.HiveInputFormat
2024-04-24T05:00:01,990  INFO [main] exec.Utilities: Processing alias t
2024-04-24T05:00:01,990  INFO [main] exec.Utilities: Adding 1 inputs; the first input is file:/home/alex/Repositories/hive/ql/target/tmp/org.apache.hadoop.hive.ql.TestTxnNoBuckets-1713959849960/warehouse/t
2024-04-24T05:00:01,999  INFO [main] exec.SerializationUtilities: Serializing MapWork using kryo
2024-04-24T05:00:02,000  INFO [main] exec.Utilities: Serialized plan (via FILE) - name: null size: 5,59KB
2024-04-24T05:00:02,004  INFO [main] exec.SerializationUtilities: Serializing ReduceWork using kryo
2024-04-24T05:00:02,005  INFO [main] exec.Utilities: Serialized plan (via FILE) - name: null size: 6,35KB
2024-04-24T05:00:02,006  WARN [main] impl.MetricsSystemImpl: JobTracker metrics system already initialized!
2024-04-24T05:00:02,011  WARN [main] impl.MetricsSystemImpl: JobTracker metrics system already initialized!
2024-04-24T05:00:02,019  WARN [main] mapreduce.JobResourceUploader: Hadoop command-line option parsing not performed. Implement the Tool interface and execute your application with ToolRunner to remedy this.
2024-04-24T05:00:02,023  WARN [main] mapreduce.JobResourceUploader: No job jar file set.  User classes may not be found. See Job or Job#setJar(String).
2024-04-24T05:00:02,024  INFO [main] io.HiveInputFormat: hive.io.file.readcolumn.ids = 0,1
2024-04-24T05:00:02,024  INFO [main] io.HiveInputFormat: hive.io.file.readcolumn.names = a,b
2024-04-24T05:00:02,024  INFO [main] io.HiveInputFormat: Generating splits for dirs: file:/home/alex/Repositories/hive/ql/target/tmp/org.apache.hadoop.hive.ql.TestTxnNoBuckets-1713959849960/warehouse/t
2024-04-24T05:00:02,024  INFO [main] orc.OrcInputFormat: getSplits started
2024-04-24T05:00:02,024  INFO [main] orc.OrcInputFormat: Context:: isAcid: true isVectorMode: false sarg: (not leaf-(LESS_THAN_EQUALS b 6)) minSplitSize: 1 maxSplitSize: 256000000 splitStrategy: HYBRID footerInSplits: false numBuckets: 0 numThreads: 10 cacheMemSize: 268435456 cacheStripeDetails: true useSoftReference: false writeIdList: default.t:10000000:9223372036854775807:: isTransactionalTable: true txnProperties: default 
2024-04-24T05:00:02,024  INFO [main] orc.OrcInputFormat: ORC pushdown predicate: (not leaf-(LESS_THAN_EQUALS b 6))
2024-04-24T05:00:02,028  INFO [main] orc.OrcInputFormat: FooterCacheHitRatio: 1/1
2024-04-24T05:00:02,028  INFO [main] orc.OrcInputFormat: getSplits finished (#splits: 1). duration: 4 ms
2024-04-24T05:00:02,028  INFO [main] io.HiveInputFormat: number of splits 1
2024-04-24T05:00:02,046  INFO [main] mapreduce.JobSubmitter: number of splits:1
2024-04-24T05:00:02,063  INFO [main] mapreduce.JobSubmitter: Submitting tokens for job: job_local2134076459_0070
2024-04-24T05:00:02,063  INFO [main] mapreduce.JobSubmitter: Executing with tokens: []
2024-04-24T05:00:02,121  INFO [main] mapreduce.Job: The url to track the job: http://localhost:8080/
Job running in-process (local Hadoop)
2024-04-24T05:00:02,121  INFO [main] exec.Task: Job running in-process (local Hadoop)
2024-04-24T05:00:02,121  INFO [Thread-4544] mapred.LocalJobRunner: OutputCommitter set in config org.apache.hadoop.hive.ql.io.HiveFileFormatUtils$NullOutputCommitter
2024-04-24T05:00:02,121  INFO [Thread-4544] mapred.LocalJobRunner: OutputCommitter is org.apache.hadoop.hive.ql.io.HiveFileFormatUtils$NullOutputCommitter
2024-04-24T05:00:02,122  INFO [Thread-4544] mapred.LocalJobRunner: Waiting for map tasks
2024-04-24T05:00:02,122  INFO [LocalJobRunner Map Task Executor #0] mapred.LocalJobRunner: Starting task: attempt_local2134076459_0070_m_000000_0
2024-04-24T05:00:02,123  INFO [LocalJobRunner Map Task Executor #0] mapred.Task:  Using ResourceCalculatorProcessTree : [ ]
2024-04-24T05:00:02,123  INFO [LocalJobRunner Map Task Executor #0] mapred.MapTask: Processing split: org.apache.hadoop.hive.ql.io.orc.OrcInputFormat:OrcSplit [file:/home/alex/Repositories/hive/ql/target/tmp/org.apache.hadoop.hive.ql.TestTxnNoBuckets-1713959849960/warehouse/t/000000_0, start=3, length=113, isOriginal=true, fileLength=259, hasFooter=false, hasBase=true, deltas=0]
2024-04-24T05:00:02,124  INFO [LocalJobRunner Map Task Executor #0] exec.SerializationUtilities: Deserializing MapWork using kryo
2024-04-24T05:00:02,124  INFO [LocalJobRunner Map Task Executor #0] exec.Utilities: Deserialized plan (via FILE) - name: null size: 5,59KB
2024-04-24T05:00:02,125  INFO [LocalJobRunner Map Task Executor #0] orc.OrcInputFormat: ORC pushdown predicate: (not leaf-(LESS_THAN_EQUALS b 6))
2024-04-24T05:00:02,125  INFO [LocalJobRunner Map Task Executor #0] orc.OrcRawRecordMerger: min key = null, max key = null
2024-04-24T05:00:02,125  INFO [LocalJobRunner Map Task Executor #0] orc.ReaderImpl: Reading ORC rows from file:/home/alex/Repositories/hive/ql/target/tmp/org.apache.hadoop.hive.ql.TestTxnNoBuckets-1713959849960/warehouse/t/000000_0 with {include: [true, true, true], offset: 3, length: 113, sarg: (not leaf-(LESS_THAN_EQUALS b 6)), schema: struct<a:int,b:int>, includeAcidColumns: true}
2024-04-24T05:00:02,129  INFO [LocalJobRunner Map Task Executor #0] orc.OrcRawRecordMerger: updated min key = null, max key = null
2024-04-24T05:00:02,129  INFO [LocalJobRunner Map Task Executor #0] mapred.MapTask: numReduceTasks: 1
2024-04-24T05:00:02,133  INFO [LocalJobRunner Map Task Executor #0] mapred.MapTask: (EQUATOR) 0 kvi 26214396(104857584)
2024-04-24T05:00:02,133  INFO [LocalJobRunner Map Task Executor #0] mapred.MapTask: mapreduce.task.io.sort.mb: 100
2024-04-24T05:00:02,133  INFO [LocalJobRunner Map Task Executor #0] mapred.MapTask: soft limit at 83886080
2024-04-24T05:00:02,133  INFO [LocalJobRunner Map Task Executor #0] mapred.MapTask: bufstart = 0; bufvoid = 104857600
2024-04-24T05:00:02,133  INFO [LocalJobRunner Map Task Executor #0] mapred.MapTask: kvstart = 26214396; length = 6553600
2024-04-24T05:00:02,133  INFO [LocalJobRunner Map Task Executor #0] mapred.MapTask: Map output collector class = org.apache.hadoop.mapred.MapTask$MapOutputBuffer
2024-04-24T05:00:02,134  INFO [LocalJobRunner Map Task Executor #0] exec.MapOperator: Initializing Operator: MAP[0]
2024-04-24T05:00:02,135  INFO [LocalJobRunner Map Task Executor #0] mr.ExecMapper: 
<MAP>Id =0
  <Children>null
  <\Children>
  <Parent><\Parent>
<\MAP>
2024-04-24T05:00:02,135  INFO [LocalJobRunner Map Task Executor #0] exec.TableScanOperator: Initializing Operator: TS[0]
2024-04-24T05:00:02,135  INFO [LocalJobRunner Map Task Executor #0] exec.FilterOperator: Initializing Operator: FIL[6]
2024-04-24T05:00:02,135  INFO [LocalJobRunner Map Task Executor #0] exec.SelectOperator: Initializing Operator: SEL[2]
2024-04-24T05:00:02,135  INFO [LocalJobRunner Map Task Executor #0] exec.SelectOperator: SELECT struct<a:int,b:int,input__file__name:string,row__id:struct<writeid:bigint,bucketid:int,rowid:bigint>>
2024-04-24T05:00:02,135  INFO [LocalJobRunner Map Task Executor #0] exec.ReduceSinkOperator: Initializing Operator: RS[3]
2024-04-24T05:00:02,135  INFO [LocalJobRunner Map Task Executor #0] exec.ReduceSinkOperator: Using tag = -1
2024-04-24T05:00:02,136  INFO [LocalJobRunner Map Task Executor #0] exec.MapOperator: MAP[0]: records read - 1
2024-04-24T05:00:02,136  INFO [LocalJobRunner Map Task Executor #0] exec.ReduceSinkOperator: keys are [reducesinkkey0] num distributions: 1
2024-04-24T05:00:02,136  INFO [LocalJobRunner Map Task Executor #0] exec.ReduceSinkOperator: RS[3]: records written - 1
2024-04-24T05:00:02,136  INFO [LocalJobRunner Map Task Executor #0] exec.MapOperator: Closing Operator: MAP[0]
2024-04-24T05:00:02,136  INFO [LocalJobRunner Map Task Executor #0] exec.MapOperator: MAP[0]: Total records read - 5. abort - false
2024-04-24T05:00:02,136  INFO [LocalJobRunner Map Task Executor #0] exec.MapOperator: RECORDS_IN:5, RECORDS_OUT_OPERATOR_MAP_0:0, DESERIALIZE_ERRORS:0, RECORDS_OUT_INTERMEDIATE:0, 
2024-04-24T05:00:02,136  INFO [LocalJobRunner Map Task Executor #0] exec.TableScanOperator: Closing Operator: TS[0]
2024-04-24T05:00:02,136  INFO [LocalJobRunner Map Task Executor #0] exec.TableScanOperator: RECORDS_OUT_INTERMEDIATE:0, RECORDS_OUT_OPERATOR_TS_0:5, 
2024-04-24T05:00:02,136  INFO [LocalJobRunner Map Task Executor #0] exec.FilterOperator: Closing Operator: FIL[6]
2024-04-24T05:00:02,136  INFO [LocalJobRunner Map Task Executor #0] exec.FilterOperator: RECORDS_OUT_INTERMEDIATE:0, RECORDS_OUT_OPERATOR_FIL_6:2, 
2024-04-24T05:00:02,136  INFO [LocalJobRunner Map Task Executor #0] exec.SelectOperator: Closing Operator: SEL[2]
2024-04-24T05:00:02,136  INFO [LocalJobRunner Map Task Executor #0] exec.SelectOperator: RECORDS_OUT_OPERATOR_SEL_2:2, RECORDS_OUT_INTERMEDIATE:0, 
2024-04-24T05:00:02,136  INFO [LocalJobRunner Map Task Executor #0] exec.ReduceSinkOperator: Closing Operator: RS[3]
2024-04-24T05:00:02,137  INFO [LocalJobRunner Map Task Executor #0] exec.ReduceSinkOperator: RS[3]: Total records written - 2. abort - false
2024-04-24T05:00:02,137  INFO [LocalJobRunner Map Task Executor #0] exec.ReduceSinkOperator: RECORDS_OUT_INTERMEDIATE:2, RECORDS_OUT_OPERATOR_RS_3:2, 
2024-04-24T05:00:02,137  INFO [LocalJobRunner Map Task Executor #0] mapred.LocalJobRunner: 
2024-04-24T05:00:02,137  INFO [LocalJobRunner Map Task Executor #0] mapred.MapTask: Starting flush of map output
2024-04-24T05:00:02,137  INFO [LocalJobRunner Map Task Executor #0] mapred.MapTask: Spilling map output
2024-04-24T05:00:02,137  INFO [LocalJobRunner Map Task Executor #0] mapred.MapTask: bufstart = 0; bufend = 306; bufvoid = 104857600
2024-04-24T05:00:02,137  INFO [LocalJobRunner Map Task Executor #0] mapred.MapTask: kvstart = 26214396(104857584); kvend = 26214392(104857568); length = 5/6553600
2024-04-24T05:00:02,147  INFO [LocalJobRunner Map Task Executor #0] mapred.MapTask: Finished spill 0
2024-04-24T05:00:02,150  INFO [LocalJobRunner Map Task Executor #0] mapred.Task: Task:attempt_local2134076459_0070_m_000000_0 is done. And is in the process of committing
2024-04-24T05:00:02,151  INFO [LocalJobRunner Map Task Executor #0] mapred.LocalJobRunner: OrcSplit [file:/home/alex/Repositories/hive/ql/target/tmp/org.apache.hadoop.hive.ql.TestTxnNoBuckets-1713959849960/warehouse/t/000000_0, start=3, length=113, isOriginal=true, fileLength=259, hasFooter=false, hasBase=true, deltas=0]
2024-04-24T05:00:02,151  INFO [LocalJobRunner Map Task Executor #0] mapred.Task: Task 'attempt_local2134076459_0070_m_000000_0' done.
2024-04-24T05:00:02,151  INFO [LocalJobRunner Map Task Executor #0] mapred.Task: Final Counters for attempt_local2134076459_0070_m_000000_0: Counters: 25
	File System Counters
		FILE: Number of bytes read=1670839
		FILE: Number of bytes written=84223240
		FILE: Number of read operations=0
		FILE: Number of large read operations=0
		FILE: Number of write operations=0
	Map-Reduce Framework
		Map input records=5
		Map output records=2
		Map output bytes=306
		Map output materialized bytes=318
		Input split bytes=451
		Combine input records=0
		Spilled Records=2
		Failed Shuffles=0
		Merged Map outputs=0
		GC time elapsed (ms)=0
		Total committed heap usage (bytes)=1213202432
	HIVE
		DESERIALIZE_ERRORS=0
		RECORDS_IN=5
		RECORDS_OUT_INTERMEDIATE=2
		RECORDS_OUT_OPERATOR_FIL_6=2
		RECORDS_OUT_OPERATOR_MAP_0=0
		RECORDS_OUT_OPERATOR_RS_3=2
		RECORDS_OUT_OPERATOR_SEL_2=2
		RECORDS_OUT_OPERATOR_TS_0=5
	File Input Format Counters 
		Bytes Read=7017
2024-04-24T05:00:02,151  INFO [LocalJobRunner Map Task Executor #0] mapred.LocalJobRunner: Finishing task: attempt_local2134076459_0070_m_000000_0
2024-04-24T05:00:02,151  INFO [Thread-4544] mapred.LocalJobRunner: map task executor complete.
2024-04-24T05:00:02,152  INFO [Thread-4544] mapred.LocalJobRunner: Waiting for reduce tasks
2024-04-24T05:00:02,152  INFO [pool-289-thread-1] mapred.LocalJobRunner: Starting task: attempt_local2134076459_0070_r_000000_0
2024-04-24T05:00:02,152  INFO [pool-289-thread-1] mapred.Task:  Using ResourceCalculatorProcessTree : [ ]
2024-04-24T05:00:02,152  INFO [pool-289-thread-1] mapred.ReduceTask: Using ShuffleConsumerPlugin: org.apache.hadoop.mapreduce.task.reduce.Shuffle@1481efb9
2024-04-24T05:00:02,152  WARN [pool-289-thread-1] impl.MetricsSystemImpl: JobTracker metrics system already initialized!
2024-04-24T05:00:02,153  INFO [pool-289-thread-1] reduce.MergeManagerImpl: MergerManager: memoryLimit=1336252800, maxSingleShuffleLimit=334063200, mergeThreshold=881926912, ioSortFactor=10, memToMemMergeOutputsThreshold=10
2024-04-24T05:00:02,154  INFO [EventFetcher for fetching Map Completion Events] reduce.EventFetcher: attempt_local2134076459_0070_r_000000_0 Thread started: EventFetcher for fetching Map Completion Events
2024-04-24T05:00:02,155  INFO [localfetcher#44] reduce.LocalFetcher: localfetcher#44 about to shuffle output of map attempt_local2134076459_0070_m_000000_0 decomp: 314 len: 318 to MEMORY
2024-04-24T05:00:02,155  INFO [localfetcher#44] reduce.InMemoryMapOutput: Read 314 bytes from map-output for attempt_local2134076459_0070_m_000000_0
2024-04-24T05:00:02,155  INFO [localfetcher#44] reduce.MergeManagerImpl: closeInMemoryFile -> map-output of size: 314, inMemoryMapOutputs.size() -> 1, commitMemory -> 0, usedMemory ->314
2024-04-24T05:00:02,155  INFO [EventFetcher for fetching Map Completion Events] reduce.EventFetcher: EventFetcher is interrupted.. Returning
2024-04-24T05:00:02,155  INFO [pool-289-thread-1] mapred.LocalJobRunner: 1 / 1 copied.
2024-04-24T05:00:02,155  INFO [pool-289-thread-1] reduce.MergeManagerImpl: finalMerge called with 1 in-memory map-outputs and 0 on-disk map-outputs
2024-04-24T05:00:02,162  INFO [pool-289-thread-1] mapred.Merger: Merging 1 sorted segments
2024-04-24T05:00:02,162  INFO [pool-289-thread-1] mapred.Merger: Down to the last merge-pass, with 1 segments left of total size: 301 bytes
2024-04-24T05:00:02,164  INFO [pool-289-thread-1] reduce.MergeManagerImpl: Merged 1 segments, 314 bytes to disk to satisfy reduce memory limit
2024-04-24T05:00:02,164  INFO [pool-289-thread-1] reduce.MergeManagerImpl: Merging 1 files, 318 bytes from disk
2024-04-24T05:00:02,164  INFO [pool-289-thread-1] reduce.MergeManagerImpl: Merging 0 segments, 0 bytes from memory into reduce
2024-04-24T05:00:02,164  INFO [pool-289-thread-1] mapred.Merger: Merging 1 sorted segments
2024-04-24T05:00:02,164  INFO [pool-289-thread-1] mapred.Merger: Down to the last merge-pass, with 1 segments left of total size: 301 bytes
2024-04-24T05:00:02,164  INFO [pool-289-thread-1] mapred.LocalJobRunner: 1 / 1 copied.
2024-04-24T05:00:02,165  INFO [pool-289-thread-1] exec.SerializationUtilities: Deserializing ReduceWork using kryo
2024-04-24T05:00:02,165  INFO [pool-289-thread-1] exec.Utilities: Deserialized plan (via FILE) - name: null size: 6,35KB
2024-04-24T05:00:02,166  INFO [pool-289-thread-1] ExecReducer: 
<SEL>Id =4
  <Children>
    <FS>Id =5
      <Children>
      <\Children>
      <Parent>Id = 4 null<\Parent>
    <\FS>
  <\Children>
  <Parent><\Parent>
<\SEL>
2024-04-24T05:00:02,166  INFO [pool-289-thread-1] exec.SelectOperator: Initializing Operator: SEL[4]
2024-04-24T05:00:02,166  INFO [pool-289-thread-1] exec.SelectOperator: SELECT struct<key:struct<reducesinkkey0:int>,value:struct<_col0:struct<writeid:bigint,bucketid:int,rowid:bigint>,_col1:string>>
2024-04-24T05:00:02,166  INFO [pool-289-thread-1] exec.FileSinkOperator: Initializing Operator: FS[5]
2024-04-24T05:00:02,166  INFO [pool-289-thread-1] exec.FileSinkOperator: Using serializer : class org.apache.hadoop.hive.serde2.lazy.LazySimpleSerDe [serdeParams=org.apache.hadoop.hive.serde2.lazy.LazySerDeParameters@23e3561f, cachedObjectInspector=org.apache.hadoop.hive.serde2.lazy.objectinspector.LazySimpleStructObjectInspector<org.apache.hadoop.hive.serde2.lazy.objectinspector.LazySimpleStructObjectInspector<org.apache.hadoop.hive.serde2.lazy.objectinspector.primitive.LazyLongObjectInspector@7fac3ce0,org.apache.hadoop.hive.serde2.lazy.objectinspector.primitive.LazyIntObjectInspector@3e3b41cb,org.apache.hadoop.hive.serde2.lazy.objectinspector.primitive.LazyLongObjectInspector@7fac3ce0>,org.apache.hadoop.hive.serde2.lazy.objectinspector.primitive.LazyIntObjectInspector@3e3b41cb,org.apache.hadoop.hive.serde2.lazy.objectinspector.primitive.LazyStringObjectInspector@441a2d52>, serializedSize=0, stats=org.apache.hadoop.hive.serde2.SerDeStats@3f1a29d0, lastOperationSerialize=false, lastOperationDeserialize=false [1, 2, 3, 4, 5, 6, 7, 8, 11, 14, 15, 16, 17, 18, 19, 20, 21, 22, 23, 24, 25, 26, 28, 29, 30, 31, -128, -127, -126, -125, -124, -123, -122, -121, -120, -119, -118, -117, -116, -115, -114, -113, -112, -111, -110, -109, -108, -107, -106, -105, -104, -103, -102, -101, -100, -99, -98, -97, -96, -95, -94, -93, -92, -91, -90, -89, -88, -87, -86, -85, -84, -83, -82, -81, -80, -79, -78, -77, -76, -75, -74, -73, -72, -71, -70, -69, -68, -67, -66, -65, -64, -63, -62, -61, -60, -59, -58, -57, -56, -55, -54, -53, -52, -51, -50, -49, -48, -47, -46, -45, -44, -43, -42, -41, -40, -39, -38, -37, -36, -35, -34, -33, -32, -31, -30, -29, -28, -27, -26, -25, -24, -23, -22, -21, -20, -19, -18, -17, -16, -15, -14, -13, -12, -11, -10, -9, -8, -7, -6, -5, -4, -3, -2, -1] : [_col0, _col1, _col2] : [struct<writeid:bigint,bucketid:int,rowid:bigint>, int, string]] and formatter : org.apache.hadoop.hive.ql.io.HiveSequenceFileOutputFormat@31b2d07e
2024-04-24T05:00:02,167  INFO [pool-289-thread-1] exec.FileSinkOperator: Final Path: FS file:/home/alex/Repositories/hive/ql/target/tmp/localscratchdir/f4211df6-1f20-4624-ab6a-b1a20e1d15e7/hive_2024-04-24_05-00-01_683_5628183866883761500-1/-mr-10001/.hive-staging_hive_2024-04-24_05-00-01_683_5628183866883761500-1/_tmp.-ext-10002/000000_0
2024-04-24T05:00:02,167  INFO [pool-289-thread-1] exec.FileSinkOperator: Writing to temp file: FS file:/home/alex/Repositories/hive/ql/target/tmp/localscratchdir/f4211df6-1f20-4624-ab6a-b1a20e1d15e7/hive_2024-04-24_05-00-01_683_5628183866883761500-1/-mr-10001/.hive-staging_hive_2024-04-24_05-00-01_683_5628183866883761500-1/_task_tmp.-ext-10002/_tmp.000000_0
2024-04-24T05:00:02,167  INFO [pool-289-thread-1] exec.FileSinkOperator: New Final Path: FS file:/home/alex/Repositories/hive/ql/target/tmp/localscratchdir/f4211df6-1f20-4624-ab6a-b1a20e1d15e7/hive_2024-04-24_05-00-01_683_5628183866883761500-1/-mr-10001/.hive-staging_hive_2024-04-24_05-00-01_683_5628183866883761500-1/_tmp.-ext-10002/000000_0
2024-04-24T05:00:02,173  INFO [pool-289-thread-1] exec.FileSinkOperator: FS[5]: records written - 1
2024-04-24T05:00:02,174  INFO [pool-289-thread-1] exec.SelectOperator: Closing Operator: SEL[4]
2024-04-24T05:00:02,174  INFO [pool-289-thread-1] exec.SelectOperator: RECORDS_OUT_INTERMEDIATE:0, RECORDS_OUT_OPERATOR_SEL_4:2, 
2024-04-24T05:00:02,174  INFO [pool-289-thread-1] exec.FileSinkOperator: Closing Operator: FS[5]
2024-04-24T05:00:02,174  INFO [pool-289-thread-1] exec.FileSinkOperator: FS[5]: records written - 2
2024-04-24T05:00:02,174  INFO [pool-289-thread-1] exec.FileSinkOperator: RECORDS_OUT_0:2, RECORDS_OUT_INTERMEDIATE:0, RECORDS_OUT_OPERATOR_FS_5:2, 
2024-04-24T05:00:02,174  INFO [pool-289-thread-1] mapred.Task: Task:attempt_local2134076459_0070_r_000000_0 is done. And is in the process of committing
2024-04-24T05:00:02,175  INFO [pool-289-thread-1] mapred.LocalJobRunner: reduce > reduce
2024-04-24T05:00:02,175  INFO [pool-289-thread-1] mapred.Task: Task 'attempt_local2134076459_0070_r_000000_0' done.
2024-04-24T05:00:02,175  INFO [pool-289-thread-1] mapred.Task: Final Counters for attempt_local2134076459_0070_r_000000_0: Counters: 29
	File System Counters
		FILE: Number of bytes read=1677920
		FILE: Number of bytes written=84223967
		FILE: Number of read operations=0
		FILE: Number of large read operations=0
		FILE: Number of write operations=0
	Map-Reduce Framework
		Combine input records=0
		Combine output records=0
		Reduce input groups=2
		Reduce shuffle bytes=318
		Reduce input records=2
		Reduce output records=0
		Spilled Records=2
		Shuffled Maps =1
		Failed Shuffles=0
		Merged Map outputs=1
		GC time elapsed (ms)=0
		Total committed heap usage (bytes)=1213202432
	HIVE
		CREATED_FILES=1
		RECORDS_OUT_0=2
		RECORDS_OUT_INTERMEDIATE=0
		RECORDS_OUT_OPERATOR_FS_5=2
		RECORDS_OUT_OPERATOR_SEL_4=2
	Shuffle Errors
		BAD_ID=0
		CONNECTION=0
		IO_ERROR=0
		WRONG_LENGTH=0
		WRONG_MAP=0
		WRONG_REDUCE=0
	File Output Format Counters 
		Bytes Written=0
2024-04-24T05:00:02,175  INFO [pool-289-thread-1] mapred.LocalJobRunner: Finishing task: attempt_local2134076459_0070_r_000000_0
2024-04-24T05:00:02,175  INFO [Thread-4544] mapred.LocalJobRunner: reduce task executor complete.
2024-04-24 05:00:03,123 Stage-1 map = 100%,  reduce = 100%
2024-04-24T05:00:03,123  INFO [main] exec.Task: 2024-04-24 05:00:03,123 Stage-1 map = 100%,  reduce = 100%
Ended Job = job_local2134076459_0070
2024-04-24T05:00:03,125  INFO [main] exec.Task: Ended Job = job_local2134076459_0070
2024-04-24T05:00:03,126  INFO [main] metadata.Hive: Dumping metastore api call timing information for : execution phase
2024-04-24T05:00:03,126  INFO [main] metadata.Hive: Total time spent in each metastore function (ms): {}
MapReduce Jobs Launched: 
2024-04-24T05:00:03,127  INFO [main] ql.Driver: MapReduce Jobs Launched: 
Stage-Stage-1:  HDFS Read: 0 HDFS Write: 0 SUCCESS
2024-04-24T05:00:03,127  INFO [main] ql.Driver: Stage-Stage-1:  HDFS Read: 0 HDFS Write: 0 SUCCESS
Total MapReduce CPU Time Spent: 0 msec
2024-04-24T05:00:03,127  INFO [main] ql.Driver: Total MapReduce CPU Time Spent: 0 msec
2024-04-24T05:00:03,127  INFO [main] ql.Driver: Completed executing command(queryId=alex_20240424050001_3c8aeace-055f-4153-8fa2-d5d4112ed074); Time taken: 1.278 seconds
2024-04-24T05:00:03,127  INFO [main] lockmgr.DbTxnManager: Stopped heartbeat for query: alex_20240424050001_3c8aeace-055f-4153-8fa2-d5d4112ed074
2024-04-24T05:00:03,130  INFO [main] txn.TxnHandler: Expected to move at least one record from txn_components to completed_txn_components when committing txn! txnid:23
2024-04-24T05:00:03,136  INFO [main] txn.TxnHandler: Removed transactions: ([23]) from MIN_HISTORY_LEVEL
2024-04-24T05:00:03,136  WARN [main] txn.CompactionTxnHandler: No compaction queue record found for Compaction type transaction commit. txnId:23
2024-04-24T05:00:03,140  INFO [main] mapred.FileInputFormat: Total input files to process : 1
2024-04-24T05:00:03,140  INFO [main] exec.ListSinkOperator: Closing Operator: LIST_SINK[8]
2024-04-24T05:00:03,140  INFO [main] exec.ListSinkOperator: RECORDS_OUT_OPERATOR_LIST_SINK_8:2, RECORDS_OUT_INTERMEDIATE:0, 
2024-04-24T05:00:03,140  WARN [main] ql.TestTxnNoBuckets: null: read data(After non-vectorized read): 
2024-04-24T05:00:03,140  INFO [main] ql.TestTxnNoBuckets: {"writeid":0,"bucketid":536870912,"rowid":3}	6	file:/home/alex/Repositories/hive/ql/target/tmp/org.apache.hadoop.hive.ql.TestTxnNoBuckets-1713959849960/warehouse/t/000000_0
{"writeid":0,"bucketid":536870912,"rowid":4}	9	file:/home/alex/Repositories/hive/ql/target/tmp/org.apache.hadoop.hive.ql.TestTxnNoBuckets-1713959849960/warehouse/t/000000_0

2024-04-24T05:00:03,140  INFO [main] ql.TxnCommandsBaseForTests: Running the query: EXPLAIN VECTORIZATION DETAIL select ROW__ID, a, INPUT__FILE__NAME from T where b > 6 order by a
2024-04-24T05:00:03,141  INFO [main] ql.Context: Deleting scratch dir: file:/home/alex/Repositories/hive/ql/target/tmp/localscratchdir/f4211df6-1f20-4624-ab6a-b1a20e1d15e7/hive_2024-04-24_05-00-01_683_5628183866883761500-1
2024-04-24T05:00:03,141  INFO [main] cleanup.SyncCleanupService: Deleted directory: file:/home/alex/Repositories/hive/ql/target/tmp/localscratchdir/f4211df6-1f20-4624-ab6a-b1a20e1d15e7/hive_2024-04-24_05-00-01_683_5628183866883761500-1 on fs with scheme file
2024-04-24T05:00:03,141  INFO [main] ql.Driver: Compiling command(queryId=alex_20240424050003_1cdb8b12-dde0-43ed-92d9-293007530d08): EXPLAIN VECTORIZATION DETAIL select ROW__ID, a, INPUT__FILE__NAME from T where b > 6 order by a
2024-04-24T05:00:03,144  INFO [main] txn.TxnHandler: Added entries to MIN_HISTORY_LEVEL for current txns: ([24]) with min_open_txn: 24
2024-04-24T05:00:03,144  INFO [main] lockmgr.DbTxnManager: Opened txnid:24
2024-04-24T05:00:03,145  INFO [main] parse.CalcitePlanner: Starting Semantic Analysis
2024-04-24T05:00:03,148  INFO [main] parse.CalcitePlanner: Completed phase 1 of Semantic Analysis
2024-04-24T05:00:03,148  INFO [main] parse.CalcitePlanner: Get metadata for source tables
2024-04-24T05:00:03,148  INFO [main] HiveMetaStore.audit: ugi=alex	ip=unknown-ip-addr	cmd=get_table : tbl=hive.default.t	
2024-04-24T05:00:03,155  INFO [main] metastore.HMSHandler: Skipping translation for processor with null
2024-04-24T05:00:03,155  INFO [main] parse.CalcitePlanner: Get metadata for subqueries
2024-04-24T05:00:03,155  INFO [main] parse.CalcitePlanner: Get metadata for destination tables
2024-04-24T05:00:03,155  INFO [main] parse.CalcitePlanner: Completed getting MetaData in Semantic Analysis
2024-04-24T05:00:03,168  INFO [main] HiveMetaStore.audit: ugi=alex	ip=unknown-ip-addr	cmd=get_all_table_constraints : tbl=hive.default.t	
2024-04-24T05:00:03,205  INFO [main] calcite.RelOptHiveTable: Calculating column statistics for default.t, projIndxSet: [0, 1], allowMissingStats: true
2024-04-24T05:00:03,205  INFO [main] HiveMetaStore.audit: ugi=alex	ip=unknown-ip-addr	cmd=get_table_statistics_req: table=hive.default.t	
2024-04-24T05:00:03,213  WARN [main] calcite.RelOptHiveTable: No Stats for default@t, Columns: a, b
No Stats for default@t, Columns: a, b
2024-04-24T05:00:03,213  INFO [main] SessionState: No Stats for default@t, Columns: a, b
2024-04-24T05:00:03,270  INFO [main] parse.CalcitePlanner: Get metadata for source tables
2024-04-24T05:00:03,271  INFO [main] parse.CalcitePlanner: Get metadata for subqueries
2024-04-24T05:00:03,271  INFO [main] parse.CalcitePlanner: Get metadata for destination tables
2024-04-24T05:00:03,273  INFO [main] parse.CalcitePlanner: CBO Succeeded; optimized logical plan.
2024-04-24T05:00:03,275  INFO [main] optimizer.ColumnPrunerProcFactory: RS 3 oldColExprMap: {KEY.reducesinkkey0=Column[_col1], VALUE._col0=Column[_col0], VALUE._col1=Column[_col2]}
2024-04-24T05:00:03,275  INFO [main] optimizer.ColumnPrunerProcFactory: RS 3 newColExprMap: {VALUE._col1=Column[_col2], VALUE._col0=Column[_col0], KEY.reducesinkkey0=Column[_col1]}
2024-04-24T05:00:03,276  INFO [main] optimizer.BucketVersionPopulator: not considering bucketingVersion for: TS[0] because it has -1<2 buckets 
2024-04-24T05:00:03,279  INFO [main] optimizer.SortedDynPartitionOptimizer: Sorted dynamic partitioning optimization kicked in..
2024-04-24T05:00:03,287  INFO [main] physical.Vectorizer: Examining input format to see if vectorization is enabled.
2024-04-24T05:00:03,287  INFO [main] physical.Vectorizer: Vectorization is enabled for input format(s) [org.apache.hadoop.hive.ql.io.orc.OrcInputFormat]
2024-04-24T05:00:03,287  INFO [main] physical.Vectorizer: Validating and vectorizing MapWork... (vectorizedVertexNum 0)
2024-04-24T05:00:03,288  INFO [main] physical.Vectorizer: Map vectorization enabled: true
2024-04-24T05:00:03,288  INFO [main] physical.Vectorizer: Map vectorized: false
2024-04-24T05:00:03,288  INFO [main] physical.Vectorizer: Map notVectorizedReason: Select expression for SELECT operator: Virtual column INPUT__FILE__NAME is not supported
2024-04-24T05:00:03,288  INFO [main] physical.Vectorizer: Map vectorizedVertexNum: 0
2024-04-24T05:00:03,288  INFO [main] physical.Vectorizer: Map enabledConditionsMet: [hive.vectorized.use.vectorized.input.format IS true]
2024-04-24T05:00:03,289  INFO [main] physical.Vectorizer: Map inputFileFormatClassNameSet: [org.apache.hadoop.hive.ql.io.orc.OrcInputFormat]
2024-04-24T05:00:03,289  INFO [main] physical.Vectorizer: Reduce vectorization enabled: false
2024-04-24T05:00:03,289  INFO [main] physical.Vectorizer: Reduce vectorized: false
2024-04-24T05:00:03,289  INFO [main] physical.Vectorizer: Reduce vectorizedVertexNum: 1
2024-04-24T05:00:03,289  INFO [main] physical.Vectorizer: Reducer hive.vectorized.execution.reduce.enabled: true
2024-04-24T05:00:03,289  INFO [main] physical.Vectorizer: Reducer engine: mr
2024-04-24T05:00:03,289  INFO [main] parse.CalcitePlanner: Completed plan generation
2024-04-24T05:00:03,289  INFO [main] ql.Driver: Semantic Analysis Completed (retrial = false)
2024-04-24T05:00:03,289  INFO [main] ql.Driver: Created Hive schema: Schema(fieldSchemas:[FieldSchema(name:Explain, type:string, comment:null)], properties:null)
2024-04-24T05:00:03,289  INFO [main] metadata.Hive: Dumping metastore api call timing information for : compilation phase
2024-04-24T05:00:03,289  INFO [main] metadata.Hive: Total time spent in each metastore function (ms): {getTable_(GetTableRequest)=7, openTxn_(String, TxnType)=2, getAllTableConstraints_(AllTableConstraintsRequest)=5, commitTxn_(CommitTxnRequest)=9, getValidTxns_(long)=1, flushCache_()=0, getTableColumnStatistics_(String, String, List, String)=8, getValidWriteIds_(List, String)=2, isCompatibleWith_(Configuration)=0}
2024-04-24T05:00:03,290  INFO [main] ql.Driver: Completed compiling command(queryId=alex_20240424050003_1cdb8b12-dde0-43ed-92d9-293007530d08); Time taken: 0.148 seconds
2024-04-24T05:00:03,290  INFO [main] ql.Driver: Executing command(queryId=alex_20240424050003_1cdb8b12-dde0-43ed-92d9-293007530d08): EXPLAIN VECTORIZATION DETAIL select ROW__ID, a, INPUT__FILE__NAME from T where b > 6 order by a
2024-04-24T05:00:03,290  INFO [main] ql.Driver: Starting task [Stage-2:EXPLAIN] in serial mode
2024-04-24T05:00:03,300  INFO [main] metadata.Hive: Dumping metastore api call timing information for : execution phase
2024-04-24T05:00:03,300  INFO [main] metadata.Hive: Total time spent in each metastore function (ms): {}
2024-04-24T05:00:03,301  INFO [main] ql.Driver: Completed executing command(queryId=alex_20240424050003_1cdb8b12-dde0-43ed-92d9-293007530d08); Time taken: 0.01 seconds
2024-04-24T05:00:03,301  INFO [main] lockmgr.DbTxnManager: Stopped heartbeat for query: null
2024-04-24T05:00:03,305  INFO [main] txn.TxnHandler: Expected to move at least one record from txn_components to completed_txn_components when committing txn! txnid:24
2024-04-24T05:00:03,310  INFO [main] txn.TxnHandler: Removed transactions: ([24]) from MIN_HISTORY_LEVEL
2024-04-24T05:00:03,310  WARN [main] txn.CompactionTxnHandler: No compaction queue record found for Compaction type transaction commit. txnId:24
2024-04-24T05:00:03,311  INFO [main] ql.TxnCommandsBaseForTests: Running the query: update T set b = 17 where a = 1
2024-04-24T05:00:03,311  INFO [main] ql.Context: Deleting scratch dir: file:/home/alex/Repositories/hive/ql/target/tmp/localscratchdir/f4211df6-1f20-4624-ab6a-b1a20e1d15e7/hive_2024-04-24_05-00-03_141_5327678902317962676-1
2024-04-24T05:00:03,312  INFO [main] cleanup.SyncCleanupService: Deleted directory: file:/home/alex/Repositories/hive/ql/target/tmp/localscratchdir/f4211df6-1f20-4624-ab6a-b1a20e1d15e7/hive_2024-04-24_05-00-03_141_5327678902317962676-1 on fs with scheme file
2024-04-24T05:00:03,312  INFO [main] ql.Driver: Compiling command(queryId=alex_20240424050003_81ad05db-8282-4c41-bcdd-53a28823dd1d): update T set b = 17 where a = 1
2024-04-24T05:00:03,314  INFO [main] txn.TxnHandler: Added entries to MIN_HISTORY_LEVEL for current txns: ([25]) with min_open_txn: 24
2024-04-24T05:00:03,314  INFO [main] lockmgr.DbTxnManager: Opened txnid:25
2024-04-24T05:00:03,315  INFO [main] parse.UpdateDeleteSemanticAnalyzer: Starting caching scope for: 
2024-04-24T05:00:03,315  INFO [main] HiveMetaStore.audit: ugi=alex	ip=unknown-ip-addr	cmd=get_table : tbl=hive.default.T	
2024-04-24T05:00:03,321  INFO [main] metastore.HMSHandler: Skipping translation for processor with null
2024-04-24T05:00:03,321  INFO [main] parse.RewriteSemanticAnalyzer: Going to reparse <update T set b = 17 where a = 1> as 
<insert into table `default`.`T` select ROW__ID,`a`,`b` from `default`.`T` sort by ROW__ID >
2024-04-24T05:00:03,322  INFO [main] parse.UpdateDeleteSemanticAnalyzer: Starting Semantic Analysis
2024-04-24T05:00:03,325  INFO [main] HiveMetaStore.audit: ugi=alex	ip=unknown-ip-addr	cmd=get_table : tbl=hive.default.T	
2024-04-24T05:00:03,331  INFO [main] metastore.HMSHandler: Skipping translation for processor with null
2024-04-24T05:00:03,331  INFO [main] parse.UpdateDeleteSemanticAnalyzer: Completed phase 1 of Semantic Analysis
2024-04-24T05:00:03,331  INFO [main] parse.UpdateDeleteSemanticAnalyzer: Get metadata for source tables
2024-04-24T05:00:03,332  INFO [main] HiveMetaStore.audit: ugi=alex	ip=unknown-ip-addr	cmd=get_table : tbl=hive.default.t	
2024-04-24T05:00:03,338  INFO [main] metastore.HMSHandler: Skipping translation for processor with null
2024-04-24T05:00:03,338  INFO [main] parse.UpdateDeleteSemanticAnalyzer: Get metadata for subqueries
2024-04-24T05:00:03,338  INFO [main] parse.UpdateDeleteSemanticAnalyzer: Get metadata for destination tables
2024-04-24T05:00:03,339  INFO [main] HiveMetaStore.audit: ugi=alex	ip=unknown-ip-addr	cmd=get_table : tbl=hive.default.T	
2024-04-24T05:00:03,345  INFO [main] metastore.HMSHandler: Skipping translation for processor with null
2024-04-24T05:00:03,345  INFO [main] parse.UpdateDeleteSemanticAnalyzer: Completed getting MetaData in Semantic Analysis
2024-04-24T05:00:03,345  INFO [main] parse.UpdateDeleteSemanticAnalyzer: Disabling LLAP IO encode as ETL query is detected
2024-04-24T05:00:03,357  INFO [main] HiveMetaStore.audit: ugi=alex	ip=unknown-ip-addr	cmd=get_all_table_constraints : tbl=hive.default.t	
2024-04-24T05:00:03,364  INFO [main] HiveMetaStore.audit: ugi=alex	ip=unknown-ip-addr	cmd=get_not_null_constraints : tbl=hive.default.t	
2024-04-24T05:00:03,365  INFO [main] HiveMetaStore.audit: ugi=alex	ip=unknown-ip-addr	cmd=get_check_constraints : tbl=hive.default.t	
2024-04-24T05:00:03,392  INFO [main] calcite.RelOptHiveTable: Calculating column statistics for default.t, projIndxSet: [0], allowMissingStats: true
2024-04-24T05:00:03,392  INFO [main] HiveMetaStore.audit: ugi=alex	ip=unknown-ip-addr	cmd=get_table_statistics_req: table=hive.default.t	
2024-04-24T05:00:03,402  WARN [main] calcite.RelOptHiveTable: No Stats for default@t, Columns: a
No Stats for default@t, Columns: a
2024-04-24T05:00:03,402  INFO [main] SessionState: No Stats for default@t, Columns: a
2024-04-24T05:00:03,458  INFO [main] parse.UpdateDeleteSemanticAnalyzer: Get metadata for source tables
2024-04-24T05:00:03,458  INFO [main] parse.UpdateDeleteSemanticAnalyzer: Get metadata for subqueries
2024-04-24T05:00:03,458  INFO [main] parse.UpdateDeleteSemanticAnalyzer: Get metadata for destination tables
2024-04-24T05:00:03,458  INFO [main] HiveMetaStore.audit: ugi=alex	ip=unknown-ip-addr	cmd=get_table : tbl=hive.default.T	
2024-04-24T05:00:03,466  INFO [main] metastore.HMSHandler: Skipping translation for processor with null
2024-04-24T05:00:03,469 ERROR [main] parse.UpdateDeleteSemanticAnalyzer: CBO failed, skipping CBO. 
org.apache.hadoop.hive.ql.exec.NoMatchingMethodException: No matching method for class org.apache.hadoop.hive.ql.udf.UDFToInteger with (struct<writeid:bigint,bucketid:int,rowid:bigint>). Possible choices: _FUNC_(bigint)  _FUNC_(boolean)  _FUNC_(decimal(38,18))  _FUNC_(double)  _FUNC_(float)  _FUNC_(smallint)  _FUNC_(string)  _FUNC_(struct<bucketid:bigint,rowid:bigint,writeid:int>)  _FUNC_(timestamp)  _FUNC_(tinyint)  _FUNC_(void)  
	at org.apache.hadoop.hive.ql.exec.MethodUtils.getMethodInternal(MethodUtils.java:130) ~[classes/:?]
	at org.apache.hadoop.hive.ql.exec.MethodUtils.getMethodInternal(MethodUtils.java:60) ~[classes/:?]
	at org.apache.hadoop.hive.ql.exec.DefaultUDFMethodResolver.getEvalMethod(DefaultUDFMethodResolver.java:59) ~[classes/:?]
	at org.apache.hadoop.hive.ql.udf.TimestampCastRestrictorResolver.getEvalMethod(TimestampCastRestrictorResolver.java:68) ~[classes/:?]
	at org.apache.hadoop.hive.ql.udf.generic.GenericUDFBridge.initialize(GenericUDFBridge.java:168) ~[classes/:?]
	at org.apache.hadoop.hive.ql.udf.generic.GenericUDF.initializeAndFoldConstants(GenericUDF.java:149) ~[classes/:?]
	at org.apache.hadoop.hive.ql.plan.ExprNodeGenericFuncDesc.newInstance(ExprNodeGenericFuncDesc.java:235) ~[classes/:?]
	at org.apache.hadoop.hive.ql.parse.type.ExprNodeDescExprFactory.createFuncCallExpr(ExprNodeDescExprFactory.java:584) ~[classes/:?]
	at org.apache.hadoop.hive.ql.parse.type.ExprNodeDescExprFactory.createFuncCallExpr(ExprNodeDescExprFactory.java:97) ~[classes/:?]
	at org.apache.hadoop.hive.ql.parse.type.TypeCheckProcFactory$DefaultExprProcessor.getFuncExprNodeDescWithUdfData(TypeCheckProcFactory.java:762) ~[classes/:?]
	at org.apache.hadoop.hive.ql.parse.type.TypeCheckProcFactory$DefaultExprProcessor.createConversionCast(TypeCheckProcFactory.java:783) ~[classes/:?]
	at org.apache.hadoop.hive.ql.parse.SemanticAnalyzer.getPartitionColsFromBucketColsForUpdateDelete(SemanticAnalyzer.java:8725) ~[classes/:?]
	at org.apache.hadoop.hive.ql.parse.SemanticAnalyzer.genBucketingSortingDest(SemanticAnalyzer.java:6914) ~[classes/:?]
	at org.apache.hadoop.hive.ql.parse.SemanticAnalyzer.genFileSinkPlan(SemanticAnalyzer.java:7335) ~[classes/:?]
	at org.apache.hadoop.hive.ql.parse.SemanticAnalyzer.genPostGroupByBodyPlan(SemanticAnalyzer.java:11063) ~[classes/:?]
	at org.apache.hadoop.hive.ql.parse.SemanticAnalyzer.genBodyPlan(SemanticAnalyzer.java:10938) ~[classes/:?]
	at org.apache.hadoop.hive.ql.parse.SemanticAnalyzer.genPlan(SemanticAnalyzer.java:11853) ~[classes/:?]
	at org.apache.hadoop.hive.ql.parse.SemanticAnalyzer.genPlan(SemanticAnalyzer.java:11723) ~[classes/:?]
	at org.apache.hadoop.hive.ql.parse.CalcitePlanner.genOPTree(CalcitePlanner.java:626) ~[classes/:?]
	at org.apache.hadoop.hive.ql.parse.SemanticAnalyzer.analyzeInternal(SemanticAnalyzer.java:12558) ~[classes/:?]
	at org.apache.hadoop.hive.ql.parse.CalcitePlanner.analyzeInternal(CalcitePlanner.java:456) ~[classes/:?]
	at org.apache.hadoop.hive.ql.parse.RewriteSemanticAnalyzer.analyzeInternal(RewriteSemanticAnalyzer.java:67) ~[classes/:?]
	at org.apache.hadoop.hive.ql.parse.BaseSemanticAnalyzer.analyze(BaseSemanticAnalyzer.java:317) ~[classes/:?]
	at org.apache.hadoop.hive.ql.parse.UpdateDeleteSemanticAnalyzer.reparseAndSuperAnalyze(UpdateDeleteSemanticAnalyzer.java:208) ~[classes/:?]
	at org.apache.hadoop.hive.ql.parse.UpdateDeleteSemanticAnalyzer.analyzeUpdate(UpdateDeleteSemanticAnalyzer.java:63) ~[classes/:?]
	at org.apache.hadoop.hive.ql.parse.UpdateDeleteSemanticAnalyzer.analyze(UpdateDeleteSemanticAnalyzer.java:53) ~[classes/:?]
	at org.apache.hadoop.hive.ql.parse.RewriteSemanticAnalyzer.analyzeInternal(RewriteSemanticAnalyzer.java:72) ~[classes/:?]
	at org.apache.hadoop.hive.ql.parse.BaseSemanticAnalyzer.analyze(BaseSemanticAnalyzer.java:317) ~[classes/:?]
	at org.apache.hadoop.hive.ql.Compiler.analyze(Compiler.java:223) ~[classes/:?]
	at org.apache.hadoop.hive.ql.Compiler.compile(Compiler.java:105) ~[classes/:?]
	at org.apache.hadoop.hive.ql.Driver.compile(Driver.java:500) ~[classes/:?]
	at org.apache.hadoop.hive.ql.Driver.compileInternal(Driver.java:453) ~[classes/:?]
	at org.apache.hadoop.hive.ql.Driver.runInternal(Driver.java:181) ~[classes/:?]
	at org.apache.hadoop.hive.ql.Driver.run(Driver.java:153) ~[classes/:?]
	at org.apache.hadoop.hive.ql.Driver.run(Driver.java:140) ~[classes/:?]
	at org.apache.hadoop.hive.ql.TxnCommandsBaseForTests.runStatementOnDriver(TxnCommandsBaseForTests.java:245) ~[test-classes/:?]
	at org.apache.hadoop.hive.ql.TestTxnNoBuckets.testNonAcidToAcidVectorzied(TestTxnNoBuckets.java:726) ~[test-classes/:?]
	at sun.reflect.NativeMethodAccessorImpl.invoke0(Native Method) ~[?:1.8.0_402]
	at sun.reflect.NativeMethodAccessorImpl.invoke(NativeMethodAccessorImpl.java:62) ~[?:1.8.0_402]
	at sun.reflect.DelegatingMethodAccessorImpl.invoke(DelegatingMethodAccessorImpl.java:43) ~[?:1.8.0_402]
	at java.lang.reflect.Method.invoke(Method.java:498) ~[?:1.8.0_402]
	at org.junit.runners.model.FrameworkMethod$1.runReflectiveCall(FrameworkMethod.java:59) ~[junit-4.13.jar:4.13]
	at org.junit.internal.runners.model.ReflectiveCallable.run(ReflectiveCallable.java:12) ~[junit-4.13.jar:4.13]
	at org.junit.runners.model.FrameworkMethod.invokeExplosively(FrameworkMethod.java:56) ~[junit-4.13.jar:4.13]
	at org.junit.internal.runners.statements.InvokeMethod.evaluate(InvokeMethod.java:17) ~[junit-4.13.jar:4.13]
	at org.junit.internal.runners.statements.RunBefores.evaluate(RunBefores.java:26) ~[junit-4.13.jar:4.13]
	at org.junit.internal.runners.statements.RunAfters.evaluate(RunAfters.java:27) ~[junit-4.13.jar:4.13]
	at org.junit.rules.TestWatcher$1.evaluate(TestWatcher.java:61) ~[junit-4.13.jar:4.13]
	at org.junit.runners.ParentRunner$3.evaluate(ParentRunner.java:306) ~[junit-4.13.jar:4.13]
	at org.junit.runners.BlockJUnit4ClassRunner$1.evaluate(BlockJUnit4ClassRunner.java:100) ~[junit-4.13.jar:4.13]
	at org.junit.runners.ParentRunner.runLeaf(ParentRunner.java:366) ~[junit-4.13.jar:4.13]
	at org.junit.runners.BlockJUnit4ClassRunner.runChild(BlockJUnit4ClassRunner.java:103) ~[junit-4.13.jar:4.13]
	at org.junit.runners.BlockJUnit4ClassRunner.runChild(BlockJUnit4ClassRunner.java:63) ~[junit-4.13.jar:4.13]
	at org.junit.runners.ParentRunner$4.run(ParentRunner.java:331) ~[junit-4.13.jar:4.13]
	at org.junit.runners.ParentRunner$1.schedule(ParentRunner.java:79) ~[junit-4.13.jar:4.13]
	at org.junit.runners.ParentRunner.runChildren(ParentRunner.java:329) ~[junit-4.13.jar:4.13]
	at org.junit.runners.ParentRunner.access$100(ParentRunner.java:66) ~[junit-4.13.jar:4.13]
	at org.junit.runners.ParentRunner$2.evaluate(ParentRunner.java:293) ~[junit-4.13.jar:4.13]
	at org.junit.runners.ParentRunner$3.evaluate(ParentRunner.java:306) ~[junit-4.13.jar:4.13]
	at org.junit.runners.ParentRunner.run(ParentRunner.java:413) ~[junit-4.13.jar:4.13]
	at org.junit.runner.JUnitCore.run(JUnitCore.java:137) ~[junit-4.13.jar:4.13]
	at org.junit.runner.JUnitCore.run(JUnitCore.java:115) ~[junit-4.13.jar:4.13]
	at org.junit.vintage.engine.execution.RunnerExecutor.execute(RunnerExecutor.java:43) ~[junit-vintage-engine-5.6.2.jar:5.6.2]
	at java.util.stream.ForEachOps$ForEachOp$OfRef.accept(ForEachOps.java:183) ~[?:1.8.0_402]
	at java.util.stream.ReferencePipeline$3$1.accept(ReferencePipeline.java:193) ~[?:1.8.0_402]
	at java.util.Iterator.forEachRemaining(Iterator.java:116) ~[?:1.8.0_402]
	at java.util.Spliterators$IteratorSpliterator.forEachRemaining(Spliterators.java:1801) ~[?:1.8.0_402]
	at java.util.stream.AbstractPipeline.copyInto(AbstractPipeline.java:482) ~[?:1.8.0_402]
	at java.util.stream.AbstractPipeline.wrapAndCopyInto(AbstractPipeline.java:472) ~[?:1.8.0_402]
	at java.util.stream.ForEachOps$ForEachOp.evaluateSequential(ForEachOps.java:150) ~[?:1.8.0_402]
	at java.util.stream.ForEachOps$ForEachOp$OfRef.evaluateSequential(ForEachOps.java:173) ~[?:1.8.0_402]
	at java.util.stream.AbstractPipeline.evaluate(AbstractPipeline.java:234) ~[?:1.8.0_402]
	at java.util.stream.ReferencePipeline.forEach(ReferencePipeline.java:485) ~[?:1.8.0_402]
	at org.junit.vintage.engine.VintageTestEngine.executeAllChildren(VintageTestEngine.java:82) ~[junit-vintage-engine-5.6.2.jar:5.6.2]
	at org.junit.vintage.engine.VintageTestEngine.execute(VintageTestEngine.java:73) ~[junit-vintage-engine-5.6.2.jar:5.6.2]
	at org.junit.platform.launcher.core.DefaultLauncher.execute(DefaultLauncher.java:248) ~[junit-platform-launcher-1.6.2.jar:1.6.2]
	at org.junit.platform.launcher.core.DefaultLauncher.lambda$execute$5(DefaultLauncher.java:211) ~[junit-platform-launcher-1.6.2.jar:1.6.2]
	at org.junit.platform.launcher.core.DefaultLauncher.withInterceptedStreams(DefaultLauncher.java:226) [junit-platform-launcher-1.6.2.jar:1.6.2]
	at org.junit.platform.launcher.core.DefaultLauncher.execute(DefaultLauncher.java:199) [junit-platform-launcher-1.6.2.jar:1.6.2]
	at org.junit.platform.launcher.core.DefaultLauncher.execute(DefaultLauncher.java:132) [junit-platform-launcher-1.6.2.jar:1.6.2]
	at org.apache.maven.surefire.junitplatform.JUnitPlatformProvider.invokeAllTests(JUnitPlatformProvider.java:154) [surefire-junit-platform-3.0.0-M4.jar:3.0.0-M4]
	at org.apache.maven.surefire.junitplatform.JUnitPlatformProvider.invoke(JUnitPlatformProvider.java:123) [surefire-junit-platform-3.0.0-M4.jar:3.0.0-M4]
	at org.apache.maven.surefire.booter.ForkedBooter.runSuitesInProcess(ForkedBooter.java:377) [surefire-booter-3.0.0-M4.jar:3.0.0-M4]
	at org.apache.maven.surefire.booter.ForkedBooter.execute(ForkedBooter.java:138) [surefire-booter-3.0.0-M4.jar:3.0.0-M4]
	at org.apache.maven.surefire.booter.ForkedBooter.run(ForkedBooter.java:465) [surefire-booter-3.0.0-M4.jar:3.0.0-M4]
	at org.apache.maven.surefire.booter.ForkedBooter.main(ForkedBooter.java:451) [surefire-booter-3.0.0-M4.jar:3.0.0-M4]
2024-04-24T05:00:03,470 ERROR [main] parse.UpdateDeleteSemanticAnalyzer: CBO failed due to missing column stats (see previous errors), skipping CBO
2024-04-24T05:00:03,470  INFO [main] parse.UpdateDeleteSemanticAnalyzer: Ending caching scope for: 
FAILED: NoMatchingMethodException No matching method for class org.apache.hadoop.hive.ql.udf.UDFToInteger with (struct<writeid:bigint,bucketid:int,rowid:bigint>). Possible choices: _FUNC_(bigint)  _FUNC_(boolean)  _FUNC_(decimal(38,18))  _FUNC_(double)  _FUNC_(float)  _FUNC_(smallint)  _FUNC_(string)  _FUNC_(struct<bucketid:bigint,rowid:bigint,writeid:int>)  _FUNC_(timestamp)  _FUNC_(tinyint)  _FUNC_(void)  
2024-04-24T05:00:03,470 ERROR [main] ql.Driver: FAILED: NoMatchingMethodException No matching method for class org.apache.hadoop.hive.ql.udf.UDFToInteger with (struct<writeid:bigint,bucketid:int,rowid:bigint>). Possible choices: _FUNC_(bigint)  _FUNC_(boolean)  _FUNC_(decimal(38,18))  _FUNC_(double)  _FUNC_(float)  _FUNC_(smallint)  _FUNC_(string)  _FUNC_(struct<bucketid:bigint,rowid:bigint,writeid:int>)  _FUNC_(timestamp)  _FUNC_(tinyint)  _FUNC_(void)  
org.apache.hadoop.hive.ql.exec.NoMatchingMethodException: No matching method for class org.apache.hadoop.hive.ql.udf.UDFToInteger with (struct<writeid:bigint,bucketid:int,rowid:bigint>). Possible choices: _FUNC_(bigint)  _FUNC_(boolean)  _FUNC_(decimal(38,18))  _FUNC_(double)  _FUNC_(float)  _FUNC_(smallint)  _FUNC_(string)  _FUNC_(struct<bucketid:bigint,rowid:bigint,writeid:int>)  _FUNC_(timestamp)  _FUNC_(tinyint)  _FUNC_(void)  
	at org.apache.hadoop.hive.ql.exec.MethodUtils.getMethodInternal(MethodUtils.java:130)
	at org.apache.hadoop.hive.ql.exec.MethodUtils.getMethodInternal(MethodUtils.java:60)
	at org.apache.hadoop.hive.ql.exec.DefaultUDFMethodResolver.getEvalMethod(DefaultUDFMethodResolver.java:59)
	at org.apache.hadoop.hive.ql.udf.TimestampCastRestrictorResolver.getEvalMethod(TimestampCastRestrictorResolver.java:68)
	at org.apache.hadoop.hive.ql.udf.generic.GenericUDFBridge.initialize(GenericUDFBridge.java:168)
	at org.apache.hadoop.hive.ql.udf.generic.GenericUDF.initializeAndFoldConstants(GenericUDF.java:149)
	at org.apache.hadoop.hive.ql.plan.ExprNodeGenericFuncDesc.newInstance(ExprNodeGenericFuncDesc.java:235)
	at org.apache.hadoop.hive.ql.parse.type.ExprNodeDescExprFactory.createFuncCallExpr(ExprNodeDescExprFactory.java:584)
	at org.apache.hadoop.hive.ql.parse.type.ExprNodeDescExprFactory.createFuncCallExpr(ExprNodeDescExprFactory.java:97)
	at org.apache.hadoop.hive.ql.parse.type.TypeCheckProcFactory$DefaultExprProcessor.getFuncExprNodeDescWithUdfData(TypeCheckProcFactory.java:762)
	at org.apache.hadoop.hive.ql.parse.type.TypeCheckProcFactory$DefaultExprProcessor.createConversionCast(TypeCheckProcFactory.java:783)
	at org.apache.hadoop.hive.ql.parse.SemanticAnalyzer.getPartitionColsFromBucketColsForUpdateDelete(SemanticAnalyzer.java:8725)
	at org.apache.hadoop.hive.ql.parse.SemanticAnalyzer.genBucketingSortingDest(SemanticAnalyzer.java:6914)
	at org.apache.hadoop.hive.ql.parse.SemanticAnalyzer.genFileSinkPlan(SemanticAnalyzer.java:7335)
	at org.apache.hadoop.hive.ql.parse.SemanticAnalyzer.genPostGroupByBodyPlan(SemanticAnalyzer.java:11063)
	at org.apache.hadoop.hive.ql.parse.SemanticAnalyzer.genBodyPlan(SemanticAnalyzer.java:10938)
	at org.apache.hadoop.hive.ql.parse.SemanticAnalyzer.genPlan(SemanticAnalyzer.java:11853)
	at org.apache.hadoop.hive.ql.parse.SemanticAnalyzer.genPlan(SemanticAnalyzer.java:11723)
	at org.apache.hadoop.hive.ql.parse.CalcitePlanner.genOPTree(CalcitePlanner.java:626)
	at org.apache.hadoop.hive.ql.parse.SemanticAnalyzer.analyzeInternal(SemanticAnalyzer.java:12558)
	at org.apache.hadoop.hive.ql.parse.CalcitePlanner.analyzeInternal(CalcitePlanner.java:456)
	at org.apache.hadoop.hive.ql.parse.RewriteSemanticAnalyzer.analyzeInternal(RewriteSemanticAnalyzer.java:67)
	at org.apache.hadoop.hive.ql.parse.BaseSemanticAnalyzer.analyze(BaseSemanticAnalyzer.java:317)
	at org.apache.hadoop.hive.ql.parse.UpdateDeleteSemanticAnalyzer.reparseAndSuperAnalyze(UpdateDeleteSemanticAnalyzer.java:208)
	at org.apache.hadoop.hive.ql.parse.UpdateDeleteSemanticAnalyzer.analyzeUpdate(UpdateDeleteSemanticAnalyzer.java:63)
	at org.apache.hadoop.hive.ql.parse.UpdateDeleteSemanticAnalyzer.analyze(UpdateDeleteSemanticAnalyzer.java:53)
	at org.apache.hadoop.hive.ql.parse.RewriteSemanticAnalyzer.analyzeInternal(RewriteSemanticAnalyzer.java:72)
	at org.apache.hadoop.hive.ql.parse.BaseSemanticAnalyzer.analyze(BaseSemanticAnalyzer.java:317)
	at org.apache.hadoop.hive.ql.Compiler.analyze(Compiler.java:223)
	at org.apache.hadoop.hive.ql.Compiler.compile(Compiler.java:105)
	at org.apache.hadoop.hive.ql.Driver.compile(Driver.java:500)
	at org.apache.hadoop.hive.ql.Driver.compileInternal(Driver.java:453)
	at org.apache.hadoop.hive.ql.Driver.runInternal(Driver.java:181)
	at org.apache.hadoop.hive.ql.Driver.run(Driver.java:153)
	at org.apache.hadoop.hive.ql.Driver.run(Driver.java:140)
	at org.apache.hadoop.hive.ql.TxnCommandsBaseForTests.runStatementOnDriver(TxnCommandsBaseForTests.java:245)
	at org.apache.hadoop.hive.ql.TestTxnNoBuckets.testNonAcidToAcidVectorzied(TestTxnNoBuckets.java:726)
	at sun.reflect.NativeMethodAccessorImpl.invoke0(Native Method)
	at sun.reflect.NativeMethodAccessorImpl.invoke(NativeMethodAccessorImpl.java:62)
	at sun.reflect.DelegatingMethodAccessorImpl.invoke(DelegatingMethodAccessorImpl.java:43)
	at java.lang.reflect.Method.invoke(Method.java:498)
	at org.junit.runners.model.FrameworkMethod$1.runReflectiveCall(FrameworkMethod.java:59)
	at org.junit.internal.runners.model.ReflectiveCallable.run(ReflectiveCallable.java:12)
	at org.junit.runners.model.FrameworkMethod.invokeExplosively(FrameworkMethod.java:56)
	at org.junit.internal.runners.statements.InvokeMethod.evaluate(InvokeMethod.java:17)
	at org.junit.internal.runners.statements.RunBefores.evaluate(RunBefores.java:26)
	at org.junit.internal.runners.statements.RunAfters.evaluate(RunAfters.java:27)
	at org.junit.rules.TestWatcher$1.evaluate(TestWatcher.java:61)
	at org.junit.runners.ParentRunner$3.evaluate(ParentRunner.java:306)
	at org.junit.runners.BlockJUnit4ClassRunner$1.evaluate(BlockJUnit4ClassRunner.java:100)
	at org.junit.runners.ParentRunner.runLeaf(ParentRunner.java:366)
	at org.junit.runners.BlockJUnit4ClassRunner.runChild(BlockJUnit4ClassRunner.java:103)
	at org.junit.runners.BlockJUnit4ClassRunner.runChild(BlockJUnit4ClassRunner.java:63)
	at org.junit.runners.ParentRunner$4.run(ParentRunner.java:331)
	at org.junit.runners.ParentRunner$1.schedule(ParentRunner.java:79)
	at org.junit.runners.ParentRunner.runChildren(ParentRunner.java:329)
	at org.junit.runners.ParentRunner.access$100(ParentRunner.java:66)
	at org.junit.runners.ParentRunner$2.evaluate(ParentRunner.java:293)
	at org.junit.runners.ParentRunner$3.evaluate(ParentRunner.java:306)
	at org.junit.runners.ParentRunner.run(ParentRunner.java:413)
	at org.junit.runner.JUnitCore.run(JUnitCore.java:137)
	at org.junit.runner.JUnitCore.run(JUnitCore.java:115)
	at org.junit.vintage.engine.execution.RunnerExecutor.execute(RunnerExecutor.java:43)
	at java.util.stream.ForEachOps$ForEachOp$OfRef.accept(ForEachOps.java:183)
	at java.util.stream.ReferencePipeline$3$1.accept(ReferencePipeline.java:193)
	at java.util.Iterator.forEachRemaining(Iterator.java:116)
	at java.util.Spliterators$IteratorSpliterator.forEachRemaining(Spliterators.java:1801)
	at java.util.stream.AbstractPipeline.copyInto(AbstractPipeline.java:482)
	at java.util.stream.AbstractPipeline.wrapAndCopyInto(AbstractPipeline.java:472)
	at java.util.stream.ForEachOps$ForEachOp.evaluateSequential(ForEachOps.java:150)
	at java.util.stream.ForEachOps$ForEachOp$OfRef.evaluateSequential(ForEachOps.java:173)
	at java.util.stream.AbstractPipeline.evaluate(AbstractPipeline.java:234)
	at java.util.stream.ReferencePipeline.forEach(ReferencePipeline.java:485)
	at org.junit.vintage.engine.VintageTestEngine.executeAllChildren(VintageTestEngine.java:82)
	at org.junit.vintage.engine.VintageTestEngine.execute(VintageTestEngine.java:73)
	at org.junit.platform.launcher.core.DefaultLauncher.execute(DefaultLauncher.java:248)
	at org.junit.platform.launcher.core.DefaultLauncher.lambda$execute$5(DefaultLauncher.java:211)
	at org.junit.platform.launcher.core.DefaultLauncher.withInterceptedStreams(DefaultLauncher.java:226)
	at org.junit.platform.launcher.core.DefaultLauncher.execute(DefaultLauncher.java:199)
	at org.junit.platform.launcher.core.DefaultLauncher.execute(DefaultLauncher.java:132)
	at org.apache.maven.surefire.junitplatform.JUnitPlatformProvider.invokeAllTests(JUnitPlatformProvider.java:154)
	at org.apache.maven.surefire.junitplatform.JUnitPlatformProvider.invoke(JUnitPlatformProvider.java:123)
	at org.apache.maven.surefire.booter.ForkedBooter.runSuitesInProcess(ForkedBooter.java:377)
	at org.apache.maven.surefire.booter.ForkedBooter.execute(ForkedBooter.java:138)
	at org.apache.maven.surefire.booter.ForkedBooter.run(ForkedBooter.java:465)
	at org.apache.maven.surefire.booter.ForkedBooter.main(ForkedBooter.java:451)

2024-04-24T05:00:03,470  INFO [main] metadata.Hive: Dumping metastore api call timing information for : compilation phase
2024-04-24T05:00:03,470  INFO [main] metadata.Hive: Total time spent in each metastore function (ms): {getAllTableConstraints_(AllTableConstraintsRequest)=5, getNotNullConstraints_(NotNullConstraintsRequest)=2, isCompatibleWith_(Configuration)=0, commitTxn_(CommitTxnRequest)=10, getCheckConstraints_(CheckConstraintsRequest)=1, getValidWriteIds_(List, String)=4, getTable_(GetTableRequest)=33, getValidTxns_(long)=1, getTableColumnStatistics_(String, String, List, String)=10, openTxn_(String, TxnType)=2, flushCache_()=0}
2024-04-24T05:00:03,471  INFO [main] ql.Driver: Completed compiling command(queryId=alex_20240424050003_81ad05db-8282-4c41-bcdd-53a28823dd1d); Time taken: 0.158 seconds
2024-04-24T05:00:03,471  INFO [main] lockmgr.DbTxnManager: Stopped heartbeat for query: null
2024-04-24T05:00:03,474  INFO [main] txn.TxnHandler: Removed transactions: ([25]) from MIN_HISTORY_LEVEL
2024-04-24T05:00:03,481  INFO [main] ql.TxnCommandsBaseForTests: Running the query: drop table if exists acidTbl
2024-04-24T05:00:03,481  INFO [main] ql.Driver: Compiling command(queryId=alex_20240424050003_f3418fc9-d214-4598-978c-952361cac214): drop table if exists acidTbl
2024-04-24T05:00:03,483  INFO [main] txn.TxnHandler: Added entries to MIN_HISTORY_LEVEL for current txns: ([26]) with min_open_txn: 24
2024-04-24T05:00:03,483  INFO [main] lockmgr.DbTxnManager: Opened txnid:26
2024-04-24T05:00:03,484  INFO [main] HiveMetaStore.audit: ugi=alex	ip=unknown-ip-addr	cmd=get_table : tbl=hive.default.acidTbl	
2024-04-24T05:00:03,490  INFO [main] metastore.HMSHandler: Skipping translation for processor with null
2024-04-24T05:00:03,490  INFO [main] ql.Driver: Semantic Analysis Completed (retrial = false)
2024-04-24T05:00:03,490  INFO [main] ql.Driver: Created Hive schema: Schema(fieldSchemas:null, properties:null)
2024-04-24T05:00:03,490  INFO [main] metadata.Hive: Dumping metastore api call timing information for : compilation phase
2024-04-24T05:00:03,491  INFO [main] metadata.Hive: Total time spent in each metastore function (ms): {flushCache_()=0, getTable_(GetTableRequest)=6, isCompatibleWith_(Configuration)=0, openTxn_(String, TxnType)=2, rollbackTxn_(long)=10, getValidTxns_(long)=1}
2024-04-24T05:00:03,491  INFO [main] ql.Driver: Completed compiling command(queryId=alex_20240424050003_f3418fc9-d214-4598-978c-952361cac214); Time taken: 0.009 seconds
2024-04-24T05:00:03,491  INFO [main] lockmgr.DbTxnManager: Setting lock request transaction to txnid:26 for queryId=alex_20240424050003_f3418fc9-d214-4598-978c-952361cac214
2024-04-24T05:00:03,491  INFO [main] lockmgr.DbLockManager: Requesting lock for queryId=alex_20240424050003_f3418fc9-d214-4598-978c-952361cac214
2024-04-24T05:00:03,507  INFO [main] lockmgr.DbLockManager: Response to queryId=alex_20240424050003_f3418fc9-d214-4598-978c-952361cac214 LockResponse(lockid:15, state:ACQUIRED)
2024-04-24T05:00:03,507  INFO [main] ql.Driver: Operation DROPTABLE obtained 1 locks
2024-04-24T05:00:03,507  INFO [main] ql.Driver: Executing command(queryId=alex_20240424050003_f3418fc9-d214-4598-978c-952361cac214): drop table if exists acidTbl
2024-04-24T05:00:03,507  INFO [main] ql.Driver: Starting task [Stage-0:DDL] in serial mode
2024-04-24T05:00:03,507  INFO [main] HiveMetaStore.audit: ugi=alex	ip=unknown-ip-addr	cmd=get_table : tbl=hive.default.acidTbl	
2024-04-24T05:00:03,514  INFO [main] metastore.HMSHandler: Skipping translation for processor with null
2024-04-24T05:00:03,514  INFO [main] HiveMetaStore.audit: ugi=alex	ip=unknown-ip-addr	cmd=get_table : tbl=hive.default.acidTbl	
2024-04-24T05:00:03,520  INFO [main] metastore.HMSHandler: Skipping translation for processor with null
2024-04-24T05:00:03,520  INFO [main] HiveMetaStore.audit: ugi=alex	ip=unknown-ip-addr	cmd=drop_table : tbl=hive.default.acidTbl	
2024-04-24T05:00:03,609  INFO [main] metadata.Hive: Dumping metastore api call timing information for : execution phase
2024-04-24T05:00:03,609  INFO [main] metadata.Hive: Total time spent in each metastore function (ms): {getTable_(GetTableRequest)=7, isCompatibleWith_(Configuration)=0, dropTable_(String, String, boolean, boolean, boolean)=94}
2024-04-24T05:00:03,609  INFO [main] ql.Driver: Completed executing command(queryId=alex_20240424050003_f3418fc9-d214-4598-978c-952361cac214); Time taken: 0.102 seconds
2024-04-24T05:00:03,609  INFO [main] lockmgr.DbTxnManager: Stopped heartbeat for query: alex_20240424050003_f3418fc9-d214-4598-978c-952361cac214
2024-04-24T05:00:03,612  INFO [main] txn.TxnHandler: Expected to move at least one record from txn_components to completed_txn_components when committing txn! txnid:26
2024-04-24T05:00:03,617  INFO [main] txn.TxnHandler: Removed transactions: ([26]) from MIN_HISTORY_LEVEL
2024-04-24T05:00:03,618  WARN [main] txn.CompactionTxnHandler: No compaction queue record found for Compaction type transaction commit. txnId:26
2024-04-24T05:00:03,619  INFO [main] ql.TxnCommandsBaseForTests: Running the query: drop table if exists acidTblPart
2024-04-24T05:00:03,619  INFO [main] ql.Driver: Compiling command(queryId=alex_20240424050003_5d4a535f-655e-45da-ac63-e226d2973cb2): drop table if exists acidTblPart
2024-04-24T05:00:03,626  INFO [main] txn.TxnHandler: Added entries to MIN_HISTORY_LEVEL for current txns: ([27]) with min_open_txn: 24
2024-04-24T05:00:03,627  INFO [main] lockmgr.DbTxnManager: Opened txnid:27
2024-04-24T05:00:03,629  INFO [main] HiveMetaStore.audit: ugi=alex	ip=unknown-ip-addr	cmd=get_table : tbl=hive.default.acidTblPart	
2024-04-24T05:00:03,635  INFO [main] metastore.HMSHandler: Skipping translation for processor with null
2024-04-24T05:00:03,635  INFO [main] ql.Driver: Semantic Analysis Completed (retrial = false)
2024-04-24T05:00:03,636  INFO [main] ql.Driver: Created Hive schema: Schema(fieldSchemas:null, properties:null)
2024-04-24T05:00:03,636  INFO [main] metadata.Hive: Dumping metastore api call timing information for : compilation phase
2024-04-24T05:00:03,636  INFO [main] metadata.Hive: Total time spent in each metastore function (ms): {getValidTxns_(long)=2, getTable_(GetTableRequest)=6, flushCache_()=0, isCompatibleWith_(Configuration)=0, openTxn_(String, TxnType)=7, commitTxn_(CommitTxnRequest)=10}
2024-04-24T05:00:03,636  INFO [main] ql.Driver: Completed compiling command(queryId=alex_20240424050003_5d4a535f-655e-45da-ac63-e226d2973cb2); Time taken: 0.017 seconds
2024-04-24T05:00:03,636  INFO [main] lockmgr.DbTxnManager: Setting lock request transaction to txnid:27 for queryId=alex_20240424050003_5d4a535f-655e-45da-ac63-e226d2973cb2
2024-04-24T05:00:03,637  INFO [main] lockmgr.DbLockManager: Requesting lock for queryId=alex_20240424050003_5d4a535f-655e-45da-ac63-e226d2973cb2
2024-04-24T05:00:03,651  INFO [main] lockmgr.DbLockManager: Response to queryId=alex_20240424050003_5d4a535f-655e-45da-ac63-e226d2973cb2 LockResponse(lockid:16, state:ACQUIRED)
2024-04-24T05:00:03,651  INFO [main] ql.Driver: Operation DROPTABLE obtained 1 locks
2024-04-24T05:00:03,651  INFO [main] ql.Driver: Executing command(queryId=alex_20240424050003_5d4a535f-655e-45da-ac63-e226d2973cb2): drop table if exists acidTblPart
2024-04-24T05:00:03,651  INFO [main] ql.Driver: Starting task [Stage-0:DDL] in serial mode
2024-04-24T05:00:03,652  INFO [main] HiveMetaStore.audit: ugi=alex	ip=unknown-ip-addr	cmd=get_table : tbl=hive.default.acidTblPart	
2024-04-24T05:00:03,658  INFO [main] metastore.HMSHandler: Skipping translation for processor with null
2024-04-24T05:00:03,658  INFO [main] HiveMetaStore.audit: ugi=alex	ip=unknown-ip-addr	cmd=get_table : tbl=hive.default.acidTblPart	
2024-04-24T05:00:03,665  INFO [main] metastore.HMSHandler: Skipping translation for processor with null
2024-04-24T05:00:03,665  INFO [main] HiveMetaStore.audit: ugi=alex	ip=unknown-ip-addr	cmd=drop_table : tbl=hive.default.acidTblPart	
2024-04-24T05:00:03,701  INFO [main] metadata.Hive: Dumping metastore api call timing information for : execution phase
2024-04-24T05:00:03,701  INFO [main] metadata.Hive: Total time spent in each metastore function (ms): {getTable_(GetTableRequest)=6, dropTable_(String, String, boolean, boolean, boolean)=43, isCompatibleWith_(Configuration)=1}
2024-04-24T05:00:03,701  INFO [main] ql.Driver: Completed executing command(queryId=alex_20240424050003_5d4a535f-655e-45da-ac63-e226d2973cb2); Time taken: 0.05 seconds
2024-04-24T05:00:03,701  INFO [main] lockmgr.DbTxnManager: Stopped heartbeat for query: alex_20240424050003_5d4a535f-655e-45da-ac63-e226d2973cb2
2024-04-24T05:00:03,704  INFO [main] txn.TxnHandler: Expected to move at least one record from txn_components to completed_txn_components when committing txn! txnid:27
2024-04-24T05:00:03,709  INFO [main] txn.TxnHandler: Removed transactions: ([27]) from MIN_HISTORY_LEVEL
2024-04-24T05:00:03,709  WARN [main] txn.CompactionTxnHandler: No compaction queue record found for Compaction type transaction commit. txnId:27
2024-04-24T05:00:03,710  INFO [main] ql.TxnCommandsBaseForTests: Running the query: drop table if exists acidTbl2
2024-04-24T05:00:03,710  INFO [main] ql.Driver: Compiling command(queryId=alex_20240424050003_16ba39c5-9bb4-4020-aa42-8479a9771933): drop table if exists acidTbl2
2024-04-24T05:00:03,712  INFO [main] txn.TxnHandler: Added entries to MIN_HISTORY_LEVEL for current txns: ([28]) with min_open_txn: 24
2024-04-24T05:00:03,712  INFO [main] lockmgr.DbTxnManager: Opened txnid:28
2024-04-24T05:00:03,713  INFO [main] ql.Driver: Semantic Analysis Completed (retrial = false)
2024-04-24T05:00:03,713  INFO [main] ql.Driver: Created Hive schema: Schema(fieldSchemas:null, properties:null)
2024-04-24T05:00:03,713  INFO [main] metadata.Hive: Dumping metastore api call timing information for : compilation phase
2024-04-24T05:00:03,713  INFO [main] metadata.Hive: Total time spent in each metastore function (ms): {getValidTxns_(long)=0, openTxn_(String, TxnType)=1, flushCache_()=0, commitTxn_(CommitTxnRequest)=9, isCompatibleWith_(Configuration)=1, getTable_(GetTableRequest)=0}
2024-04-24T05:00:03,713  INFO [main] ql.Driver: Completed compiling command(queryId=alex_20240424050003_16ba39c5-9bb4-4020-aa42-8479a9771933); Time taken: 0.003 seconds
2024-04-24T05:00:03,714  INFO [main] lockmgr.DbTxnManager: Setting lock request transaction to txnid:28 for queryId=alex_20240424050003_16ba39c5-9bb4-4020-aa42-8479a9771933
2024-04-24T05:00:03,714  INFO [main] ql.Driver: Operation DROPTABLE obtained 0 locks
2024-04-24T05:00:03,714  INFO [main] ql.Driver: Executing command(queryId=alex_20240424050003_16ba39c5-9bb4-4020-aa42-8479a9771933): drop table if exists acidTbl2
2024-04-24T05:00:03,714  INFO [main] ql.Driver: Starting task [Stage-0:DDL] in serial mode
2024-04-24T05:00:03,714  INFO [main] metadata.SessionHiveMetaStoreClient: Column stats doesn't exist for db=default temp table=acidTbl2
2024-04-24T05:00:03,715  INFO [main] metadata.Hive: Dumping metastore api call timing information for : execution phase
2024-04-24T05:00:03,715  INFO [main] metadata.Hive: Total time spent in each metastore function (ms): {isCompatibleWith_(Configuration)=0, getTable_(GetTableRequest)=0, dropTable_(String, String, boolean, boolean, boolean)=1}
2024-04-24T05:00:03,715  INFO [main] ql.Driver: Completed executing command(queryId=alex_20240424050003_16ba39c5-9bb4-4020-aa42-8479a9771933); Time taken: 0.001 seconds
2024-04-24T05:00:03,715  INFO [main] lockmgr.DbTxnManager: Stopped heartbeat for query: alex_20240424050003_16ba39c5-9bb4-4020-aa42-8479a9771933
2024-04-24T05:00:03,720  INFO [main] txn.TxnHandler: Expected to move at least one record from txn_components to completed_txn_components when committing txn! txnid:28
2024-04-24T05:00:03,724  INFO [main] txn.TxnHandler: Removed transactions: ([28]) from MIN_HISTORY_LEVEL
2024-04-24T05:00:03,724  WARN [main] txn.CompactionTxnHandler: No compaction queue record found for Compaction type transaction commit. txnId:28
2024-04-24T05:00:03,725  INFO [main] ql.TxnCommandsBaseForTests: Running the query: drop table if exists nonAcidOrcTbl
2024-04-24T05:00:03,725  INFO [main] ql.Driver: Compiling command(queryId=alex_20240424050003_a78033ef-04d6-4737-bc80-77add5ad0f4f): drop table if exists nonAcidOrcTbl
2024-04-24T05:00:03,727  INFO [main] txn.TxnHandler: Added entries to MIN_HISTORY_LEVEL for current txns: ([29]) with min_open_txn: 24
2024-04-24T05:00:03,727  INFO [main] lockmgr.DbTxnManager: Opened txnid:29
2024-04-24T05:00:03,728  INFO [main] HiveMetaStore.audit: ugi=alex	ip=unknown-ip-addr	cmd=get_table : tbl=hive.default.nonAcidOrcTbl	
2024-04-24T05:00:03,746  INFO [main] metastore.HMSHandler: Skipping translation for processor with null
2024-04-24T05:00:03,746  INFO [main] ql.Driver: Semantic Analysis Completed (retrial = false)
2024-04-24T05:00:03,746  INFO [main] ql.Driver: Created Hive schema: Schema(fieldSchemas:null, properties:null)
2024-04-24T05:00:03,746  INFO [main] metadata.Hive: Dumping metastore api call timing information for : compilation phase
2024-04-24T05:00:03,747  INFO [main] metadata.Hive: Total time spent in each metastore function (ms): {getValidTxns_(long)=0, isCompatibleWith_(Configuration)=1, commitTxn_(CommitTxnRequest)=10, openTxn_(String, TxnType)=1, getTable_(GetTableRequest)=18, flushCache_()=0}
2024-04-24T05:00:03,747  INFO [main] ql.Driver: Completed compiling command(queryId=alex_20240424050003_a78033ef-04d6-4737-bc80-77add5ad0f4f); Time taken: 0.021 seconds
2024-04-24T05:00:03,747  INFO [main] lockmgr.DbTxnManager: Setting lock request transaction to txnid:29 for queryId=alex_20240424050003_a78033ef-04d6-4737-bc80-77add5ad0f4f
2024-04-24T05:00:03,748  INFO [main] lockmgr.DbLockManager: Requesting lock for queryId=alex_20240424050003_a78033ef-04d6-4737-bc80-77add5ad0f4f
2024-04-24T05:00:03,760  INFO [main] lockmgr.DbLockManager: Response to queryId=alex_20240424050003_a78033ef-04d6-4737-bc80-77add5ad0f4f LockResponse(lockid:17, state:ACQUIRED)
2024-04-24T05:00:03,760  INFO [main] ql.Driver: Operation DROPTABLE obtained 1 locks
2024-04-24T05:00:03,761  INFO [main] ql.Driver: Executing command(queryId=alex_20240424050003_a78033ef-04d6-4737-bc80-77add5ad0f4f): drop table if exists nonAcidOrcTbl
2024-04-24T05:00:03,761  INFO [main] ql.Driver: Starting task [Stage-0:DDL] in serial mode
2024-04-24T05:00:03,761  INFO [main] HiveMetaStore.audit: ugi=alex	ip=unknown-ip-addr	cmd=get_table : tbl=hive.default.nonAcidOrcTbl	
2024-04-24T05:00:03,775  INFO [main] metastore.HMSHandler: Skipping translation for processor with null
2024-04-24T05:00:03,775  INFO [main] HiveMetaStore.audit: ugi=alex	ip=unknown-ip-addr	cmd=get_table : tbl=hive.default.nonAcidOrcTbl	
2024-04-24T05:00:03,783  INFO [main] metastore.HMSHandler: Skipping translation for processor with null
2024-04-24T05:00:03,783  INFO [main] HiveMetaStore.audit: ugi=alex	ip=unknown-ip-addr	cmd=drop_table : tbl=hive.default.nonAcidOrcTbl	
2024-04-24T05:00:03,861  INFO [main] metadata.Hive: Dumping metastore api call timing information for : execution phase
2024-04-24T05:00:03,861  INFO [main] metadata.Hive: Total time spent in each metastore function (ms): {getTable_(GetTableRequest)=14, dropTable_(String, String, boolean, boolean, boolean)=86, isCompatibleWith_(Configuration)=0}
2024-04-24T05:00:03,861  INFO [main] ql.Driver: Completed executing command(queryId=alex_20240424050003_a78033ef-04d6-4737-bc80-77add5ad0f4f); Time taken: 0.1 seconds
2024-04-24T05:00:03,861  INFO [main] lockmgr.DbTxnManager: Stopped heartbeat for query: alex_20240424050003_a78033ef-04d6-4737-bc80-77add5ad0f4f
2024-04-24T05:00:03,865  INFO [main] txn.TxnHandler: Expected to move at least one record from txn_components to completed_txn_components when committing txn! txnid:29
2024-04-24T05:00:03,870  INFO [main] txn.TxnHandler: Removed transactions: ([29]) from MIN_HISTORY_LEVEL
2024-04-24T05:00:03,870  WARN [main] txn.CompactionTxnHandler: No compaction queue record found for Compaction type transaction commit. txnId:29
2024-04-24T05:00:03,871  INFO [main] ql.TxnCommandsBaseForTests: Running the query: drop table if exists nonAcidOrcTbl2
2024-04-24T05:00:03,871  INFO [main] ql.Driver: Compiling command(queryId=alex_20240424050003_f2658698-a533-466b-a534-3b0114ad0856): drop table if exists nonAcidOrcTbl2
2024-04-24T05:00:03,873  INFO [main] txn.TxnHandler: Added entries to MIN_HISTORY_LEVEL for current txns: ([30]) with min_open_txn: 24
2024-04-24T05:00:03,873  INFO [main] lockmgr.DbTxnManager: Opened txnid:30
2024-04-24T05:00:03,874  INFO [main] HiveMetaStore.audit: ugi=alex	ip=unknown-ip-addr	cmd=get_table : tbl=hive.default.nonAcidOrcTbl2	
2024-04-24T05:00:03,882  INFO [main] metastore.HMSHandler: Skipping translation for processor with null
2024-04-24T05:00:03,882  INFO [main] ql.Driver: Semantic Analysis Completed (retrial = false)
2024-04-24T05:00:03,882  INFO [main] ql.Driver: Created Hive schema: Schema(fieldSchemas:null, properties:null)
2024-04-24T05:00:03,882  INFO [main] metadata.Hive: Dumping metastore api call timing information for : compilation phase
2024-04-24T05:00:03,882  INFO [main] metadata.Hive: Total time spent in each metastore function (ms): {getTable_(GetTableRequest)=8, getValidTxns_(long)=1, flushCache_()=0, commitTxn_(CommitTxnRequest)=9, isCompatibleWith_(Configuration)=0, openTxn_(String, TxnType)=2}
2024-04-24T05:00:03,882  INFO [main] ql.Driver: Completed compiling command(queryId=alex_20240424050003_f2658698-a533-466b-a534-3b0114ad0856); Time taken: 0.011 seconds
2024-04-24T05:00:03,883  INFO [main] lockmgr.DbTxnManager: Setting lock request transaction to txnid:30 for queryId=alex_20240424050003_f2658698-a533-466b-a534-3b0114ad0856
2024-04-24T05:00:03,883  INFO [main] lockmgr.DbLockManager: Requesting lock for queryId=alex_20240424050003_f2658698-a533-466b-a534-3b0114ad0856
2024-04-24T05:00:03,896  INFO [main] lockmgr.DbLockManager: Response to queryId=alex_20240424050003_f2658698-a533-466b-a534-3b0114ad0856 LockResponse(lockid:18, state:ACQUIRED)
2024-04-24T05:00:03,896  INFO [main] ql.Driver: Operation DROPTABLE obtained 1 locks
2024-04-24T05:00:03,896  INFO [main] ql.Driver: Executing command(queryId=alex_20240424050003_f2658698-a533-466b-a534-3b0114ad0856): drop table if exists nonAcidOrcTbl2
2024-04-24T05:00:03,896  INFO [main] ql.Driver: Starting task [Stage-0:DDL] in serial mode
2024-04-24T05:00:03,896  INFO [main] HiveMetaStore.audit: ugi=alex	ip=unknown-ip-addr	cmd=get_table : tbl=hive.default.nonAcidOrcTbl2	
2024-04-24T05:00:03,904  INFO [main] metastore.HMSHandler: Skipping translation for processor with null
2024-04-24T05:00:03,905  INFO [main] HiveMetaStore.audit: ugi=alex	ip=unknown-ip-addr	cmd=get_table : tbl=hive.default.nonAcidOrcTbl2	
2024-04-24T05:00:03,912  INFO [main] metastore.HMSHandler: Skipping translation for processor with null
2024-04-24T05:00:03,913  INFO [main] HiveMetaStore.audit: ugi=alex	ip=unknown-ip-addr	cmd=drop_table : tbl=hive.default.nonAcidOrcTbl2	
2024-04-24T05:00:03,941  INFO [main] metadata.Hive: Dumping metastore api call timing information for : execution phase
2024-04-24T05:00:03,942  INFO [main] metadata.Hive: Total time spent in each metastore function (ms): {getTable_(GetTableRequest)=8, dropTable_(String, String, boolean, boolean, boolean)=37, isCompatibleWith_(Configuration)=0}
2024-04-24T05:00:03,942  INFO [main] ql.Driver: Completed executing command(queryId=alex_20240424050003_f2658698-a533-466b-a534-3b0114ad0856); Time taken: 0.045 seconds
2024-04-24T05:00:03,942  INFO [main] lockmgr.DbTxnManager: Stopped heartbeat for query: alex_20240424050003_f2658698-a533-466b-a534-3b0114ad0856
2024-04-24T05:00:03,947  INFO [main] txn.TxnHandler: Expected to move at least one record from txn_components to completed_txn_components when committing txn! txnid:30
2024-04-24T05:00:03,954  INFO [main] txn.TxnHandler: Removed transactions: ([30]) from MIN_HISTORY_LEVEL
2024-04-24T05:00:03,954  WARN [main] txn.CompactionTxnHandler: No compaction queue record found for Compaction type transaction commit. txnId:30
2024-04-24T05:00:03,955  INFO [main] ql.TxnCommandsBaseForTests: Running the query: drop table if exists nonAcidNonBucket
2024-04-24T05:00:03,955  INFO [main] ql.Driver: Compiling command(queryId=alex_20240424050003_4dc08f92-2233-4189-be65-fc607319ab63): drop table if exists nonAcidNonBucket
2024-04-24T05:00:03,957  INFO [main] txn.TxnHandler: Added entries to MIN_HISTORY_LEVEL for current txns: ([31]) with min_open_txn: 24
2024-04-24T05:00:03,957  INFO [main] lockmgr.DbTxnManager: Opened txnid:31
2024-04-24T05:00:03,958  INFO [main] HiveMetaStore.audit: ugi=alex	ip=unknown-ip-addr	cmd=get_table : tbl=hive.default.nonAcidNonBucket	
2024-04-24T05:00:03,966  INFO [main] metastore.HMSHandler: Skipping translation for processor with null
2024-04-24T05:00:03,966  INFO [main] ql.Driver: Semantic Analysis Completed (retrial = false)
2024-04-24T05:00:03,966  INFO [main] ql.Driver: Created Hive schema: Schema(fieldSchemas:null, properties:null)
2024-04-24T05:00:03,966  INFO [main] metadata.Hive: Dumping metastore api call timing information for : compilation phase
2024-04-24T05:00:03,966  INFO [main] metadata.Hive: Total time spent in each metastore function (ms): {isCompatibleWith_(Configuration)=1, commitTxn_(CommitTxnRequest)=13, getTable_(GetTableRequest)=8, flushCache_()=0, openTxn_(String, TxnType)=1, getValidTxns_(long)=1}
2024-04-24T05:00:03,966  INFO [main] ql.Driver: Completed compiling command(queryId=alex_20240424050003_4dc08f92-2233-4189-be65-fc607319ab63); Time taken: 0.011 seconds
2024-04-24T05:00:03,967  INFO [main] lockmgr.DbTxnManager: Setting lock request transaction to txnid:31 for queryId=alex_20240424050003_4dc08f92-2233-4189-be65-fc607319ab63
2024-04-24T05:00:03,967  INFO [main] lockmgr.DbLockManager: Requesting lock for queryId=alex_20240424050003_4dc08f92-2233-4189-be65-fc607319ab63
2024-04-24T05:00:03,980  INFO [main] lockmgr.DbLockManager: Response to queryId=alex_20240424050003_4dc08f92-2233-4189-be65-fc607319ab63 LockResponse(lockid:19, state:ACQUIRED)
2024-04-24T05:00:03,980  INFO [main] ql.Driver: Operation DROPTABLE obtained 1 locks
2024-04-24T05:00:03,980  INFO [main] ql.Driver: Executing command(queryId=alex_20240424050003_4dc08f92-2233-4189-be65-fc607319ab63): drop table if exists nonAcidNonBucket
2024-04-24T05:00:03,980  INFO [main] ql.Driver: Starting task [Stage-0:DDL] in serial mode
2024-04-24T05:00:03,980  INFO [main] HiveMetaStore.audit: ugi=alex	ip=unknown-ip-addr	cmd=get_table : tbl=hive.default.nonAcidNonBucket	
2024-04-24T05:00:03,988  INFO [main] metastore.HMSHandler: Skipping translation for processor with null
2024-04-24T05:00:03,989  INFO [main] HiveMetaStore.audit: ugi=alex	ip=unknown-ip-addr	cmd=get_table : tbl=hive.default.nonAcidNonBucket	
2024-04-24T05:00:03,996  INFO [main] metastore.HMSHandler: Skipping translation for processor with null
2024-04-24T05:00:03,997  INFO [main] HiveMetaStore.audit: ugi=alex	ip=unknown-ip-addr	cmd=drop_table : tbl=hive.default.nonAcidNonBucket	
2024-04-24T05:00:04,026  INFO [main] metadata.Hive: Dumping metastore api call timing information for : execution phase
2024-04-24T05:00:04,026  INFO [main] metadata.Hive: Total time spent in each metastore function (ms): {isCompatibleWith_(Configuration)=0, dropTable_(String, String, boolean, boolean, boolean)=37, getTable_(GetTableRequest)=9}
2024-04-24T05:00:04,026  INFO [main] ql.Driver: Completed executing command(queryId=alex_20240424050003_4dc08f92-2233-4189-be65-fc607319ab63); Time taken: 0.046 seconds
2024-04-24T05:00:04,026  INFO [main] lockmgr.DbTxnManager: Stopped heartbeat for query: alex_20240424050003_4dc08f92-2233-4189-be65-fc607319ab63
2024-04-24T05:00:04,030  INFO [main] txn.TxnHandler: Expected to move at least one record from txn_components to completed_txn_components when committing txn! txnid:31
2024-04-24T05:00:04,035  INFO [main] txn.TxnHandler: Removed transactions: ([31]) from MIN_HISTORY_LEVEL
2024-04-24T05:00:04,035  WARN [main] txn.CompactionTxnHandler: No compaction queue record found for Compaction type transaction commit. txnId:31
2024-04-24T05:00:04,035  INFO [main] utils.TestTxnDbUtil: Cleaning transactional tables
]]></system-err>
  </testcase>
  <testcase name="testInsertOverwriteToAcidWithUnionRemove" classname="org.apache.hadoop.hive.ql.TestTxnNoBucketsVectorized" time="1.688"/>
  <testcase name="testCtasBucketed" classname="org.apache.hadoop.hive.ql.TestTxnNoBucketsVectorized" time="2.703"/>
</testsuite>