<?xml version="1.0" encoding="UTF-8"?>
<testsuite xmlns:xsi="http://www.w3.org/2001/XMLSchema-instance" xsi:noNamespaceSchemaLocation="https://maven.apache.org/surefire/maven-surefire-plugin/xsd/surefire-test-report-3.0.xsd" version="3.0" name="org.apache.hadoop.hive.ql.lockmgr.TestDbTxnManagerIsolationProperties" time="29.591" tests="5" errors="1" skipped="0" failures="0">
  <properties>
    <property name="build.test.dir" value="/home/alex/Repositories/hive/ql/target/tmp"/>
    <property name="awt.toolkit" value="sun.awt.X11.XToolkit"/>
    <property name="test.tmp.dir.uri" value="file:///home/alex/Repositories/hive/ql/target/tmp"/>
    <property name="java.specification.version" value="1.8"/>
    <property name="qfile" value=""/>
    <property name="test.warehouse.dir" value="pfile:///home/alex/Repositories/hive/ql/target/warehouse"/>
    <property name="sun.cpu.isalist" value=""/>
    <property name="sun.jnu.encoding" value="UTF-8"/>
    <property name="run_disabled" value=""/>
    <property name="nondexPrintstack" value="false"/>
    <property name="sun.arch.data.model" value="64"/>
    <property name="java.vendor.url" value="http://java.oracle.com/"/>
    <property name="user.country.format" value="PT"/>
    <property name="test.tmp.dir" value="/home/alex/Repositories/hive/ql/target/tmp"/>
    <property name="sun.boot.library.path" value="/usr/lib/jvm/java-8-openjdk-amd64/jre/lib/amd64"/>
    <property name="sun.java.command" value="/home/alex/Repositories/hive/ql/target/surefire/surefirebooter5724872855599455535.jar /home/alex/Repositories/hive/ql/target/surefire 2024-04-23T21-59-46_173-jvmRun1 surefire4068576960575839696tmp surefire_25896175644532708581553tmp"/>
    <property name="nondexExecid" value="Snhwr3I2MCYp2xI1BMYXdetIVL2H5UQXpCxOgAk9NN4="/>
    <property name="java.specification.vendor" value="Oracle Corporation"/>
    <property name="java.home" value="/usr/lib/jvm/java-8-openjdk-amd64/jre"/>
    <property name="file.separator" value="/"/>
    <property name="basedir" value="/home/alex/Repositories/hive/ql"/>
    <property name="nondexEnd" value="9223372036854775807"/>
    <property name="line.separator" value="&#10;"/>
    <property name="java.vm.specification.vendor" value="Oracle Corporation"/>
    <property name="derby.stream.error.file" value="/home/alex/Repositories/hive/ql/target/tmp/derby.log"/>
    <property name="java.specification.name" value="Java Platform API Specification"/>
    <property name="sun.boot.class.path" value="/home/alex/Repositories/hive/ql/.nondex/nondex-instr.jar:/home/alex/.m2/repository/edu/illinois/nondex-common/2.1.7/nondex-common-2.1.7.jar:/home/alex/.m2/repository/edu/illinois/nondex-annotations/2.1.7/nondex-annotations-2.1.7.jar:/usr/lib/jvm/java-8-openjdk-amd64/jre/lib/resources.jar:/usr/lib/jvm/java-8-openjdk-amd64/jre/lib/rt.jar:/usr/lib/jvm/java-8-openjdk-amd64/jre/lib/sunrsasign.jar:/usr/lib/jvm/java-8-openjdk-amd64/jre/lib/jsse.jar:/usr/lib/jvm/java-8-openjdk-amd64/jre/lib/jce.jar:/usr/lib/jvm/java-8-openjdk-amd64/jre/lib/charsets.jar:/usr/lib/jvm/java-8-openjdk-amd64/jre/lib/jfr.jar:/usr/lib/jvm/java-8-openjdk-amd64/jre/classes"/>
    <property name="log4j.debug" value="true"/>
    <property name="sun.management.compiler" value="HotSpot 64-Bit Tiered Compilers"/>
    <property name="spark.home" value=""/>
    <property name="java.runtime.version" value="1.8.0_402-8u402-ga-2ubuntu1~22.04-b06"/>
    <property name="user.name" value="alex"/>
    <property name="test.src.tables" value=""/>
    <property name="file.encoding" value="UTF-8"/>
    <property name="qfile_regex" value=""/>
    <property name="hadoop.bin.path" value="/home/alex/Repositories/hive/ql/../testutils/hadoop"/>
    <property name="localRepository" value="/home/alex/.m2/repository"/>
    <property name="nondexDir" value="/home/alex/Repositories/hive/ql/.nondex"/>
    <property name="build.dir" value="/home/alex/Repositories/hive/ql/target"/>
    <property name="mapred.job.tracker" value="local"/>
    <property name="nondexJarDir" value="/home/alex/Repositories/hive/ql/.nondex"/>
    <property name="java.io.tmpdir" value="/home/alex/Repositories/hive/ql/target/tmp"/>
    <property name="com.zaxxer.hikari.pool_number" value="9"/>
    <property name="java.version" value="1.8.0_402"/>
    <property name="hive.version" value="4.0.0-SNAPSHOT"/>
    <property name="java.vm.specification.name" value="Java Virtual Machine Specification"/>
    <property name="java.awt.printerjob" value="sun.print.PSPrinterJob"/>
    <property name="sun.os.patch.level" value="unknown"/>
    <property name="test.data.dir" value="/home/alex/Repositories/hive/ql/../data/files"/>
    <property name="java.library.path" value="/usr/java/packages/lib/amd64:/usr/lib/x86_64-linux-gnu/jni:/lib/x86_64-linux-gnu:/usr/lib/x86_64-linux-gnu:/usr/lib/jni:/lib:/usr/lib"/>
    <property name="java.vendor" value="Private Build"/>
    <property name="java.specification.maintenance.version" value="5"/>
    <property name="sun.io.unicode.encoding" value="UnicodeLittle"/>
    <property name="initScript" value=""/>
    <property name="sun.desktop" value="gnome"/>
    <property name="calcite.enable.rexnode.digest.normalize" value="false"/>
    <property name="file.encoding.pkg" value="sun.io"/>
    <property name="nondexStart" value="0"/>
    <property name="log4j.configurationFile" value="file:///home/alex/Repositories/hive/ql/target/testconf/hive-log4j2.properties"/>
    <property name="java.class.path" value="/home/alex/Repositories/hive/ql/target/test-classes:/home/alex/Repositories/hive/ql/target/classes:/home/alex/.m2/repository/org/apache/atlas/atlas-client-v2/2.1.0/atlas-client-v2-2.1.0.jar:/home/alex/.m2/repository/cglib/cglib/2.2.2/cglib-2.2.2.jar:/home/alex/.m2/repository/asm/asm/3.3.1/asm-3.3.1.jar:/home/alex/.m2/repository/org/apache/atlas/atlas-client-common/2.1.0/atlas-client-common-2.1.0.jar:/home/alex/.m2/repository/org/apache/httpcomponents/httpclient/4.5.13/httpclient-4.5.13.jar:/home/alex/.m2/repository/com/sun/jersey/jersey-client/1.19/jersey-client-1.19.jar:/home/alex/.m2/repository/org/apache/atlas/atlas-intg/2.1.0/atlas-intg-2.1.0.jar:/home/alex/.m2/repository/commons-collections/commons-collections/3.2.2/commons-collections-3.2.2.jar:/home/alex/.m2/repository/commons-validator/commons-validator/1.6/commons-validator-1.6.jar:/home/alex/.m2/repository/commons-digester/commons-digester/1.8.1/commons-digester-1.8.1.jar:/home/alex/.m2/repository/com/fasterxml/jackson/jaxrs/jackson-jaxrs-base/2.12.0/jackson-jaxrs-base-2.12.0.jar:/home/alex/.m2/repository/com/fasterxml/jackson/jaxrs/jackson-jaxrs-json-provider/2.12.0/jackson-jaxrs-json-provider-2.12.0.jar:/home/alex/.m2/repository/javax/inject/javax.inject/1/javax.inject-1.jar:/home/alex/.m2/repository/org/springframework/spring-context/4.3.20.RELEASE/spring-context-4.3.20.RELEASE.jar:/home/alex/.m2/repository/org/springframework/spring-aop/4.3.20.RELEASE/spring-aop-4.3.20.RELEASE.jar:/home/alex/.m2/repository/org/springframework/spring-beans/4.3.20.RELEASE/spring-beans-4.3.20.RELEASE.jar:/home/alex/.m2/repository/org/springframework/spring-core/4.3.20.RELEASE/spring-core-4.3.20.RELEASE.jar:/home/alex/.m2/repository/org/springframework/spring-expression/4.3.20.RELEASE/spring-expression-4.3.20.RELEASE.jar:/home/alex/.m2/repository/commons-configuration/commons-configuration/1.10/commons-configuration-1.10.jar:/home/alex/.m2/repository/commons-lang/commons-lang/2.6/commons-lang-2.6.jar:/home/alex/.m2/repository/commons-logging/commons-logging/1.1.1/commons-logging-1.1.1.jar:/home/alex/.m2/repository/org/apache/commons/commons-math3/3.6.1/commons-math3-3.6.1.jar:/home/alex/Repositories/hive/vector-code-gen/target/classes:/home/alex/.m2/repository/org/apache/velocity/velocity/1.5/velocity-1.5.jar:/home/alex/Repositories/hive/common/target/classes:/home/alex/Repositories/hive/classification/target/classes:/home/alex/Repositories/hive/standalone-metastore/metastore-common/target/classes:/home/alex/.m2/repository/commons-cli/commons-cli/1.4/commons-cli-1.4.jar:/home/alex/.m2/repository/org/apache/orc/orc-core/1.6.9/orc-core-1.6.9.jar:/home/alex/.m2/repository/org/apache/orc/orc-shims/1.6.9/orc-shims-1.6.9.jar:/home/alex/.m2/repository/io/airlift/aircompressor/0.19/aircompressor-0.19.jar:/home/alex/.m2/repository/org/jetbrains/annotations/17.0.0/annotations-17.0.0.jar:/home/alex/.m2/repository/org/threeten/threeten-extra/1.5.0/threeten-extra-1.5.0.jar:/home/alex/.m2/repository/jline/jline/2.14.6/jline-2.14.6.jar:/home/alex/.m2/repository/javax/servlet/javax.servlet-api/3.1.0/javax.servlet-api-3.1.0.jar:/home/alex/.m2/repository/org/eclipse/jetty/jetty-http/9.3.27.v20190418/jetty-http-9.3.27.v20190418.jar:/home/alex/.m2/repository/org/eclipse/jetty/jetty-rewrite/9.3.27.v20190418/jetty-rewrite-9.3.27.v20190418.jar:/home/alex/.m2/repository/org/eclipse/jetty/jetty-client/9.3.27.v20190418/jetty-client-9.3.27.v20190418.jar:/home/alex/.m2/repository/org/eclipse/jetty/jetty-server/9.3.27.v20190418/jetty-server-9.3.27.v20190418.jar:/home/alex/.m2/repository/org/eclipse/jetty/jetty-io/9.3.27.v20190418/jetty-io-9.3.27.v20190418.jar:/home/alex/.m2/repository/org/eclipse/jetty/jetty-servlet/9.3.27.v20190418/jetty-servlet-9.3.27.v20190418.jar:/home/alex/.m2/repository/org/eclipse/jetty/jetty-security/9.3.27.v20190418/jetty-security-9.3.27.v20190418.jar:/home/alex/.m2/repository/org/eclipse/jetty/jetty-webapp/9.3.27.v20190418/jetty-webapp-9.3.27.v20190418.jar:/home/alex/.m2/repository/org/eclipse/jetty/jetty-xml/9.3.27.v20190418/jetty-xml-9.3.27.v20190418.jar:/home/alex/.m2/repository/joda-time/joda-time/2.9.9/joda-time-2.9.9.jar:/home/alex/.m2/repository/org/apache/logging/log4j/log4j-web/2.13.2/log4j-web-2.13.2.jar:/home/alex/.m2/repository/net/sf/jpam/jpam/1.1/jpam-1.1.jar:/home/alex/.m2/repository/io/dropwizard/metrics/metrics-core/3.1.0/metrics-core-3.1.0.jar:/home/alex/.m2/repository/io/dropwizard/metrics/metrics-jvm/3.1.0/metrics-jvm-3.1.0.jar:/home/alex/.m2/repository/io/dropwizard/metrics/metrics-json/3.1.0/metrics-json-3.1.0.jar:/home/alex/.m2/repository/com/github/joshelser/dropwizard-metrics-hadoop-metrics2-reporter/0.1.2/dropwizard-metrics-hadoop-metrics2-reporter-0.1.2.jar:/home/alex/Repositories/hive/metastore/target/classes:/home/alex/.m2/repository/org/apache/derby/derby/10.14.1.0/derby-10.14.1.0.jar:/home/alex/Repositories/hive/serde/target/classes:/home/alex/.m2/repository/com/google/code/findbugs/jsr305/3.0.0/jsr305-3.0.0.jar:/home/alex/.m2/repository/org/apache/arrow/arrow-vector/0.15.1/arrow-vector-0.15.1.jar:/home/alex/.m2/repository/org/apache/arrow/arrow-format/0.15.1/arrow-format-0.15.1.jar:/home/alex/.m2/repository/org/apache/arrow/arrow-memory/0.15.1/arrow-memory-0.15.1.jar:/home/alex/.m2/repository/com/google/flatbuffers/flatbuffers-java/1.9.0/flatbuffers-java-1.9.0.jar:/home/alex/.m2/repository/com/carrotsearch/hppc/0.7.2/hppc-0.7.2.jar:/home/alex/.m2/repository/com/github/davidmoten/flatbuffers-java/1.6.0.1/flatbuffers-java-1.6.0.1.jar:/home/alex/Repositories/hive/parser/target/classes:/home/alex/Repositories/hive/udf/target/classes:/home/alex/Repositories/hive/service-rpc/target/classes:/home/alex/Repositories/hive/llap-client/target/classes:/home/alex/Repositories/hive/llap-common/target/classes:/home/alex/.m2/repository/io/jsonwebtoken/jjwt-api/0.10.5/jjwt-api-0.10.5.jar:/home/alex/.m2/repository/io/jsonwebtoken/jjwt-impl/0.10.5/jjwt-impl-0.10.5.jar:/home/alex/.m2/repository/io/jsonwebtoken/jjwt-jackson/0.10.5/jjwt-jackson-0.10.5.jar:/home/alex/Repositories/hive/llap-tez/target/classes:/home/alex/Repositories/hive/shims/aggregator/target/classes:/home/alex/Repositories/hive/shims/common/target/classes:/home/alex/Repositories/hive/shims/0.23/target/classes:/home/alex/.m2/repository/org/apache/hadoop/hadoop-yarn-server-resourcemanager/3.1.0/hadoop-yarn-server-resourcemanager-3.1.0.jar:/home/alex/.m2/repository/org/apache/hadoop/hadoop-yarn-server-applicationhistoryservice/3.1.0/hadoop-yarn-server-applicationhistoryservice-3.1.0.jar:/home/alex/.m2/repository/de/ruedigermoeller/fst/2.50/fst-2.50.jar:/home/alex/.m2/repository/com/cedarsoftware/java-util/1.9.0/java-util-1.9.0.jar:/home/alex/.m2/repository/com/cedarsoftware/json-io/2.5.1/json-io-2.5.1.jar:/home/alex/Repositories/hive/shims/scheduler/target/classes:/home/alex/Repositories/hive/spark-client/target/classes:/home/alex/.m2/repository/io/netty/netty-all/4.1.65.Final/netty-all-4.1.65.Final.jar:/home/alex/.m2/repository/com/fasterxml/jackson/module/jackson-module-scala_2.12/2.12.0/jackson-module-scala_2.12-2.12.0.jar:/home/alex/.m2/repository/org/apache/spark/spark-yarn_2.12/2.4.5/spark-yarn_2.12-2.4.5.jar:/home/alex/Repositories/hive/storage-api/target/classes:/home/alex/.m2/repository/com/amazonaws/aws-java-sdk-bundle/1.11.901/aws-java-sdk-bundle-1.11.901.jar:/home/alex/.m2/repository/com/amazonaws/secretsmanager/aws-secretsmanager-caching-java/1.0.1/aws-secretsmanager-caching-java-1.0.1.jar:/home/alex/.m2/repository/com/esotericsoftware/kryo/5.0.3/kryo-5.0.3.jar:/home/alex/.m2/repository/org/objenesis/objenesis/3.1/objenesis-3.1.jar:/home/alex/.m2/repository/com/esotericsoftware/minlog/1.3.1/minlog-1.3.1.jar:/home/alex/.m2/repository/com/esotericsoftware/reflectasm/1.11.9/reflectasm-1.11.9.jar:/home/alex/.m2/repository/com/google/protobuf/protobuf-java/2.5.0/protobuf-java-2.5.0.jar:/home/alex/.m2/repository/org/apache/hbase/hbase-common/2.0.0-alpha4/hbase-common-2.0.0-alpha4.jar:/home/alex/.m2/repository/org/apache/hbase/thirdparty/hbase-shaded-miscellaneous/1.0.1/hbase-shaded-miscellaneous-1.0.1.jar:/home/alex/.m2/repository/org/apache/htrace/htrace-core/3.2.0-incubating/htrace-core-3.2.0-incubating.jar:/home/alex/.m2/repository/org/apache/commons/commons-crypto/1.0.0/commons-crypto-1.0.0.jar:/home/alex/.m2/repository/com/github/stephenc/findbugs/findbugs-annotations/1.3.9-1/findbugs-annotations-1.3.9-1.jar:/home/alex/.m2/repository/log4j/log4j/1.2.17/log4j-1.2.17.jar:/home/alex/.m2/repository/org/apache/yetus/audience-annotations/0.5.0/audience-annotations-0.5.0.jar:/home/alex/.m2/repository/org/apache/parquet/parquet-hadoop-bundle/1.11.1/parquet-hadoop-bundle-1.11.1.jar:/home/alex/.m2/repository/commons-codec/commons-codec/1.15/commons-codec-1.15.jar:/home/alex/.m2/repository/commons-io/commons-io/2.6/commons-io-2.6.jar:/home/alex/.m2/repository/org/apache/commons/commons-collections4/4.1/commons-collections4-4.1.jar:/home/alex/.m2/repository/org/apache/commons/commons-lang3/3.9/commons-lang3-3.9.jar:/home/alex/.m2/repository/org/apache/commons/commons-text/1.8/commons-text-1.8.jar:/home/alex/.m2/repository/javolution/javolution/5.5.1/javolution-5.5.1.jar:/home/alex/.m2/repository/org/apache/logging/log4j/log4j-1.2-api/2.13.2/log4j-1.2-api-2.13.2.jar:/home/alex/.m2/repository/org/apache/logging/log4j/log4j-api/2.13.2/log4j-api-2.13.2.jar:/home/alex/.m2/repository/org/apache/logging/log4j/log4j-core/2.13.2/log4j-core-2.13.2.jar:/home/alex/.m2/repository/org/apache/logging/log4j/log4j-slf4j-impl/2.13.2/log4j-slf4j-impl-2.13.2.jar:/home/alex/.m2/repository/org/antlr/antlr-runtime/3.5.2/antlr-runtime-3.5.2.jar:/home/alex/.m2/repository/org/antlr/ST4/4.0.4/ST4-4.0.4.jar:/home/alex/.m2/repository/org/apache/avro/avro/1.8.2/avro-1.8.2.jar:/home/alex/.m2/repository/org/codehaus/jackson/jackson-core-asl/1.9.13/jackson-core-asl-1.9.13.jar:/home/alex/.m2/repository/org/codehaus/jackson/jackson-mapper-asl/1.9.13/jackson-mapper-asl-1.9.13.jar:/home/alex/.m2/repository/com/thoughtworks/paranamer/paranamer/2.8/paranamer-2.8.jar:/home/alex/.m2/repository/org/xerial/snappy/snappy-java/1.1.4/snappy-java-1.1.4.jar:/home/alex/.m2/repository/org/tukaani/xz/1.5/xz-1.5.jar:/home/alex/.m2/repository/org/apache/avro/avro-mapred/1.8.2/avro-mapred-1.8.2-hadoop2.jar:/home/alex/.m2/repository/org/apache/avro/avro-ipc/1.8.2/avro-ipc-1.8.2.jar:/home/alex/.m2/repository/org/mortbay/jetty/jetty/6.1.26/jetty-6.1.26.jar:/home/alex/.m2/repository/org/apache/ant/ant/1.9.1/ant-1.9.1.jar:/home/alex/.m2/repository/org/apache/ant/ant-launcher/1.9.1/ant-launcher-1.9.1.jar:/home/alex/.m2/repository/org/apache/commons/commons-compress/1.21/commons-compress-1.21.jar:/home/alex/.m2/repository/org/apache/thrift/libfb303/0.9.3/libfb303-0.9.3.jar:/home/alex/.m2/repository/org/apache/hadoop/hadoop-common/3.1.0/hadoop-common-3.1.0.jar:/home/alex/.m2/repository/org/apache/hadoop/hadoop-annotations/3.1.0/hadoop-annotations-3.1.0.jar:/home/alex/.m2/repository/commons-net/commons-net/3.6/commons-net-3.6.jar:/home/alex/.m2/repository/org/eclipse/jetty/jetty-util/9.3.27.v20190418/jetty-util-9.3.27.v20190418.jar:/home/alex/.m2/repository/javax/servlet/jsp/jsp-api/2.1/jsp-api-2.1.jar:/home/alex/.m2/repository/com/sun/jersey/jersey-core/1.19/jersey-core-1.19.jar:/home/alex/.m2/repository/javax/ws/rs/jsr311-api/1.1.1/jsr311-api-1.1.1.jar:/home/alex/.m2/repository/com/sun/jersey/jersey-json/1.19/jersey-json-1.19.jar:/home/alex/.m2/repository/com/sun/xml/bind/jaxb-impl/2.2.3-1/jaxb-impl-2.2.3-1.jar:/home/alex/.m2/repository/org/codehaus/jackson/jackson-jaxrs/1.9.2/jackson-jaxrs-1.9.2.jar:/home/alex/.m2/repository/org/codehaus/jackson/jackson-xc/1.9.2/jackson-xc-1.9.2.jar:/home/alex/.m2/repository/com/sun/jersey/jersey-server/1.19/jersey-server-1.19.jar:/home/alex/.m2/repository/org/apache/commons/commons-configuration2/2.1.1/commons-configuration2-2.1.1.jar:/home/alex/.m2/repository/org/apache/hadoop/hadoop-auth/3.1.0/hadoop-auth-3.1.0.jar:/home/alex/.m2/repository/com/nimbusds/nimbus-jose-jwt/4.41.1/nimbus-jose-jwt-4.41.1.jar:/home/alex/.m2/repository/com/github/stephenc/jcip/jcip-annotations/1.0-1/jcip-annotations-1.0-1.jar:/home/alex/.m2/repository/com/jcraft/jsch/0.1.54/jsch-0.1.54.jar:/home/alex/.m2/repository/org/apache/htrace/htrace-core4/4.1.0-incubating/htrace-core4-4.1.0-incubating.jar:/home/alex/.m2/repository/org/apache/kerby/kerb-simplekdc/1.0.1/kerb-simplekdc-1.0.1.jar:/home/alex/.m2/repository/org/apache/kerby/kerb-client/1.0.1/kerb-client-1.0.1.jar:/home/alex/.m2/repository/org/apache/kerby/kerby-config/1.0.1/kerby-config-1.0.1.jar:/home/alex/.m2/repository/org/apache/kerby/kerb-core/1.0.1/kerb-core-1.0.1.jar:/home/alex/.m2/repository/org/apache/kerby/kerby-pkix/1.0.1/kerby-pkix-1.0.1.jar:/home/alex/.m2/repository/org/apache/kerby/kerby-asn1/1.0.1/kerby-asn1-1.0.1.jar:/home/alex/.m2/repository/org/apache/kerby/kerby-util/1.0.1/kerby-util-1.0.1.jar:/home/alex/.m2/repository/org/apache/kerby/kerb-common/1.0.1/kerb-common-1.0.1.jar:/home/alex/.m2/repository/org/apache/kerby/kerb-crypto/1.0.1/kerb-crypto-1.0.1.jar:/home/alex/.m2/repository/org/apache/kerby/kerb-util/1.0.1/kerb-util-1.0.1.jar:/home/alex/.m2/repository/org/apache/kerby/token-provider/1.0.1/token-provider-1.0.1.jar:/home/alex/.m2/repository/org/apache/kerby/kerb-admin/1.0.1/kerb-admin-1.0.1.jar:/home/alex/.m2/repository/org/apache/kerby/kerb-server/1.0.1/kerb-server-1.0.1.jar:/home/alex/.m2/repository/org/apache/kerby/kerb-identity/1.0.1/kerb-identity-1.0.1.jar:/home/alex/.m2/repository/org/apache/kerby/kerby-xdr/1.0.1/kerby-xdr-1.0.1.jar:/home/alex/.m2/repository/org/codehaus/woodstox/stax2-api/3.1.4/stax2-api-3.1.4.jar:/home/alex/.m2/repository/com/fasterxml/woodstox/woodstox-core/5.0.3/woodstox-core-5.0.3.jar:/home/alex/.m2/repository/org/apache/hadoop/hadoop-archives/3.1.0/hadoop-archives-3.1.0.jar:/home/alex/.m2/repository/org/apache/hadoop/hadoop-yarn-registry/3.1.0/hadoop-yarn-registry-3.1.0.jar:/home/alex/.m2/repository/org/apache/curator/curator-client/4.2.0/curator-client-4.2.0.jar:/home/alex/.m2/repository/org/apache/curator/curator-recipes/4.2.0/curator-recipes-4.2.0.jar:/home/alex/.m2/repository/commons-daemon/commons-daemon/1.0.13/commons-daemon-1.0.13.jar:/home/alex/.m2/repository/dnsjava/dnsjava/2.1.7/dnsjava-2.1.7.jar:/home/alex/.m2/repository/org/apache/hadoop/hadoop-mapreduce-client-core/3.1.0/hadoop-mapreduce-client-core-3.1.0.jar:/home/alex/.m2/repository/org/apache/hadoop/hadoop-hdfs-client/3.1.0/hadoop-hdfs-client-3.1.0.jar:/home/alex/.m2/repository/com/squareup/okhttp/okhttp/2.7.5/okhttp-2.7.5.jar:/home/alex/.m2/repository/com/squareup/okio/okio/1.6.0/okio-1.6.0.jar:/home/alex/.m2/repository/com/google/inject/extensions/guice-servlet/4.0/guice-servlet-4.0.jar:/home/alex/.m2/repository/org/apache/hadoop/hadoop-mapreduce-client-common/3.1.0/hadoop-mapreduce-client-common-3.1.0.jar:/home/alex/.m2/repository/org/apache/hadoop/hadoop-hdfs/3.1.0/hadoop-hdfs-3.1.0.jar:/home/alex/.m2/repository/org/eclipse/jetty/jetty-util-ajax/9.3.19.v20170502/jetty-util-ajax-9.3.19.v20170502.jar:/home/alex/.m2/repository/org/fusesource/leveldbjni/leveldbjni-all/1.8/leveldbjni-all-1.8.jar:/home/alex/.m2/repository/org/apache/hadoop/hadoop-yarn-api/3.1.0/hadoop-yarn-api-3.1.0.jar:/home/alex/.m2/repository/javax/xml/bind/jaxb-api/2.2.11/jaxb-api-2.2.11.jar:/home/alex/.m2/repository/org/apache/hadoop/hadoop-yarn-common/3.1.0/hadoop-yarn-common-3.1.0.jar:/home/alex/.m2/repository/com/google/inject/guice/4.0/guice-4.0.jar:/home/alex/.m2/repository/aopalliance/aopalliance/1.0/aopalliance-1.0.jar:/home/alex/.m2/repository/com/sun/jersey/contribs/jersey-guice/1.19/jersey-guice-1.19.jar:/home/alex/.m2/repository/com/fasterxml/jackson/module/jackson-module-jaxb-annotations/2.12.0/jackson-module-jaxb-annotations-2.12.0.jar:/home/alex/.m2/repository/jakarta/xml/bind/jakarta.xml.bind-api/2.3.2/jakarta.xml.bind-api-2.3.2.jar:/home/alex/.m2/repository/jakarta/activation/jakarta.activation-api/1.2.1/jakarta.activation-api-1.2.1.jar:/home/alex/.m2/repository/org/apache/hadoop/hadoop-yarn-client/3.1.0/hadoop-yarn-client-3.1.0.jar:/home/alex/.m2/repository/org/apache/orc/orc-tools/1.6.9/orc-tools-1.6.9.jar:/home/alex/.m2/repository/com/opencsv/opencsv/3.9/opencsv-3.9.jar:/home/alex/.m2/repository/org/codehaus/jettison/jettison/1.1/jettison-1.1.jar:/home/alex/.m2/repository/org/threeten/threetenbp/1.3.5/threetenbp-1.3.5.jar:/home/alex/.m2/repository/org/apache/ivy/ivy/2.4.0/ivy-2.4.0.jar:/home/alex/.m2/repository/org/apache/thrift/libthrift/0.14.1/libthrift-0.14.1.jar:/home/alex/.m2/repository/org/apache/httpcomponents/httpcore/4.4.13/httpcore-4.4.13.jar:/home/alex/.m2/repository/org/apache/tomcat/embed/tomcat-embed-core/8.5.46/tomcat-embed-core-8.5.46.jar:/home/alex/.m2/repository/org/apache/tomcat/tomcat-annotations-api/8.5.46/tomcat-annotations-api-8.5.46.jar:/home/alex/.m2/repository/javax/annotation/javax.annotation-api/1.3.2/javax.annotation-api-1.3.2.jar:/home/alex/.m2/repository/org/apache/zookeeper/zookeeper/3.5.5/zookeeper-3.5.5.jar:/home/alex/.m2/repository/org/apache/zookeeper/zookeeper-jute/3.5.5/zookeeper-jute-3.5.5.jar:/home/alex/.m2/repository/org/apache/curator/curator-framework/4.2.0/curator-framework-4.2.0.jar:/home/alex/.m2/repository/org/apache/curator/curator-test/4.2.0/curator-test-4.2.0.jar:/home/alex/.m2/repository/org/apache/datasketches/datasketches-hive/1.1.0-incubating/datasketches-hive-1.1.0-incubating.jar:/home/alex/.m2/repository/org/apache/datasketches/datasketches-java/1.3.0-incubating/datasketches-java-1.3.0-incubating.jar:/home/alex/.m2/repository/org/apache/datasketches/datasketches-memory/1.2.0-incubating/datasketches-memory-1.2.0-incubating.jar:/home/alex/.m2/repository/org/slf4j/slf4j-simple/1.7.27/slf4j-simple-1.7.27.jar:/home/alex/.m2/repository/com/lmax/disruptor/3.3.7/disruptor-3.3.7.jar:/home/alex/.m2/repository/org/codehaus/groovy/groovy-all/2.4.11/groovy-all-2.4.11.jar:/home/alex/.m2/repository/org/jodd/jodd-util/6.0.0/jodd-util-6.0.0.jar:/home/alex/.m2/repository/com/fasterxml/jackson/core/jackson-annotations/2.12.0/jackson-annotations-2.12.0.jar:/home/alex/.m2/repository/com/fasterxml/jackson/core/jackson-core/2.12.0/jackson-core-2.12.0.jar:/home/alex/.m2/repository/com/fasterxml/jackson/core/jackson-databind/2.12.0/jackson-databind-2.12.0.jar:/home/alex/.m2/repository/com/fasterxml/jackson/dataformat/jackson-dataformat-yaml/2.12.0/jackson-dataformat-yaml-2.12.0.jar:/home/alex/.m2/repository/org/yaml/snakeyaml/1.27/snakeyaml-1.27.jar:/home/alex/.m2/repository/org/datanucleus/datanucleus-core/5.2.4/datanucleus-core-5.2.4.jar:/home/alex/.m2/repository/org/apache/calcite/calcite-core/1.25.0/calcite-core-1.25.0.jar:/home/alex/.m2/repository/org/apache/calcite/calcite-linq4j/1.25.0/calcite-linq4j-1.25.0.jar:/home/alex/.m2/repository/org/apiguardian/apiguardian-api/1.1.0/apiguardian-api-1.1.0.jar:/home/alex/.m2/repository/com/esri/geometry/esri-geometry-api/2.2.0/esri-geometry-api-2.2.0.jar:/home/alex/.m2/repository/com/yahoo/datasketches/sketches-core/0.9.0/sketches-core-0.9.0.jar:/home/alex/.m2/repository/com/yahoo/datasketches/memory/0.9.0/memory-0.9.0.jar:/home/alex/.m2/repository/org/apache/commons/commons-dbcp2/2.7.0/commons-dbcp2-2.7.0.jar:/home/alex/.m2/repository/org/apache/commons/commons-pool2/2.7.0/commons-pool2-2.7.0.jar:/home/alex/.m2/repository/org/apache/calcite/calcite-druid/1.25.0/calcite-druid-1.25.0.jar:/home/alex/.m2/repository/org/apache/calcite/avatica/avatica/1.12.0/avatica-1.12.0.jar:/home/alex/.m2/repository/com/google/guava/guava/19.0/guava-19.0.jar:/home/alex/.m2/repository/com/googlecode/javaewah/JavaEWAH/0.3.2/JavaEWAH-0.3.2.jar:/home/alex/.m2/repository/com/google/code/gson/gson/2.2.4/gson-2.2.4.jar:/home/alex/.m2/repository/com/tdunning/json/1.8/json-1.8.jar:/home/alex/.m2/repository/stax/stax-api/1.0.1/stax-api-1.0.1.jar:/home/alex/.m2/repository/net/sf/opencsv/opencsv/2.3/opencsv-2.3.jar:/home/alex/Repositories/hive/standalone-metastore/metastore-server/target/classes:/home/alex/.m2/repository/com/zaxxer/HikariCP/2.6.1/HikariCP-2.6.1.jar:/home/alex/.m2/repository/commons-beanutils/commons-beanutils/1.9.4/commons-beanutils-1.9.4.jar:/home/alex/.m2/repository/org/datanucleus/datanucleus-api-jdo/5.2.4/datanucleus-api-jdo-5.2.4.jar:/home/alex/.m2/repository/org/datanucleus/datanucleus-rdbms/5.2.4/datanucleus-rdbms-5.2.4.jar:/home/alex/.m2/repository/org/datanucleus/javax.jdo/3.2.0-release/javax.jdo-3.2.0-release.jar:/home/alex/.m2/repository/javax/transaction/javax.transaction-api/1.3/javax.transaction-api-1.3.jar:/home/alex/.m2/repository/org/glassfish/corba/glassfish-corba-omgapi/4.2.2/glassfish-corba-omgapi-4.2.2.jar:/home/alex/.m2/repository/sqlline/sqlline/1.9.0/sqlline-1.9.0.jar:/home/alex/.m2/repository/org/jline/jline-terminal/3.12.1/jline-terminal-3.12.1.jar:/home/alex/.m2/repository/org/jline/jline-reader/3.12.1/jline-reader-3.12.1.jar:/home/alex/.m2/repository/org/jline/jline-terminal-jansi/3.12.1/jline-terminal-jansi-3.12.1.jar:/home/alex/.m2/repository/org/fusesource/jansi/jansi/1.18/jansi-1.18.jar:/home/alex/.m2/repository/org/jline/jline-terminal-jna/3.12.1/jline-terminal-jna-3.12.1.jar:/home/alex/.m2/repository/net/java/dev/jna/jna/5.3.1/jna-5.3.1.jar:/home/alex/.m2/repository/org/jline/jline-builtins/3.12.1/jline-builtins-3.12.1.jar:/home/alex/.m2/repository/org/jline/jline-style/3.12.1/jline-style-3.12.1.jar:/home/alex/.m2/repository/com/cronutils/cron-utils/9.1.3/cron-utils-9.1.3.jar:/home/alex/.m2/repository/org/glassfish/javax.el/3.0.0/javax.el-3.0.0.jar:/home/alex/.m2/repository/com/oracle/database/jdbc/ojdbc8/21.3.0.0/ojdbc8-21.3.0.0.jar:/home/alex/.m2/repository/mysql/mysql-connector-java/8.0.27/mysql-connector-java-8.0.27.jar:/home/alex/.m2/repository/com/microsoft/sqlserver/mssql-jdbc/6.2.1.jre8/mssql-jdbc-6.2.1.jre8.jar:/home/alex/.m2/repository/org/postgresql/postgresql/42.2.14/postgresql-42.2.14.jar:/home/alex/Repositories/hive/common/target/test-classes:/home/alex/Repositories/hive/standalone-metastore/metastore-common/target/test-classes:/home/alex/.m2/repository/com/github/ben-manes/caffeine/caffeine/2.8.4/caffeine-2.8.4.jar:/home/alex/.m2/repository/org/checkerframework/checker-qual/3.4.0/checker-qual-3.4.0.jar:/home/alex/Repositories/hive/standalone-metastore/metastore-server/target/test-classes:/home/alex/.m2/repository/org/apache/parquet/parquet-column/1.11.1/parquet-column-1.11.1-tests.jar:/home/alex/.m2/repository/org/apache/parquet/parquet-common/1.11.1/parquet-common-1.11.1.jar:/home/alex/.m2/repository/org/apache/parquet/parquet-format-structures/1.11.1/parquet-format-structures-1.11.1.jar:/home/alex/.m2/repository/org/apache/parquet/parquet-encoding/1.11.1/parquet-encoding-1.11.1.jar:/home/alex/.m2/repository/junit/junit/4.13/junit-4.13.jar:/home/alex/.m2/repository/org/hamcrest/hamcrest-core/1.3/hamcrest-core-1.3.jar:/home/alex/.m2/repository/org/junit/jupiter/junit-jupiter-engine/5.6.2/junit-jupiter-engine-5.6.2.jar:/home/alex/.m2/repository/org/junit/platform/junit-platform-engine/1.6.2/junit-platform-engine-1.6.2.jar:/home/alex/.m2/repository/org/opentest4j/opentest4j/1.2.0/opentest4j-1.2.0.jar:/home/alex/.m2/repository/org/junit/platform/junit-platform-commons/1.6.2/junit-platform-commons-1.6.2.jar:/home/alex/.m2/repository/org/junit/jupiter/junit-jupiter-api/5.6.2/junit-jupiter-api-5.6.2.jar:/home/alex/.m2/repository/org/junit/jupiter/junit-jupiter-params/5.6.2/junit-jupiter-params-5.6.2.jar:/home/alex/.m2/repository/org/junit/vintage/junit-vintage-engine/5.6.2/junit-vintage-engine-5.6.2.jar:/home/alex/.m2/repository/org/apache/tez/tez-api/0.10.1/tez-api-0.10.1.jar:/usr/lib/jvm/java-8-openjdk-amd64/jre/../lib/tools.jar:/home/alex/.m2/repository/org/apache/tez/tez-runtime-library/0.10.1/tez-runtime-library-0.10.1.jar:/home/alex/.m2/repository/org/roaringbitmap/RoaringBitmap/0.5.21/RoaringBitmap-0.5.21.jar:/home/alex/.m2/repository/org/asynchttpclient/async-http-client/2.12.1/async-http-client-2.12.1.jar:/home/alex/.m2/repository/org/asynchttpclient/async-http-client-netty-utils/2.12.1/async-http-client-netty-utils-2.12.1.jar:/home/alex/.m2/repository/io/netty/netty-buffer/4.1.48.Final/netty-buffer-4.1.48.Final.jar:/home/alex/.m2/repository/io/netty/netty-codec-http/4.1.48.Final/netty-codec-http-4.1.48.Final.jar:/home/alex/.m2/repository/io/netty/netty-common/4.1.48.Final/netty-common-4.1.48.Final.jar:/home/alex/.m2/repository/io/netty/netty-transport/4.1.48.Final/netty-transport-4.1.48.Final.jar:/home/alex/.m2/repository/io/netty/netty-codec/4.1.48.Final/netty-codec-4.1.48.Final.jar:/home/alex/.m2/repository/io/netty/netty-handler/4.1.48.Final/netty-handler-4.1.48.Final.jar:/home/alex/.m2/repository/io/netty/netty-resolver/4.1.48.Final/netty-resolver-4.1.48.Final.jar:/home/alex/.m2/repository/io/netty/netty-codec-socks/4.1.48.Final/netty-codec-socks-4.1.48.Final.jar:/home/alex/.m2/repository/io/netty/netty-handler-proxy/4.1.48.Final/netty-handler-proxy-4.1.48.Final.jar:/home/alex/.m2/repository/io/netty/netty-transport-native-epoll/4.1.48.Final/netty-transport-native-epoll-4.1.48.Final-linux-x86_64.jar:/home/alex/.m2/repository/io/netty/netty-transport-native-unix-common/4.1.48.Final/netty-transport-native-unix-common-4.1.48.Final.jar:/home/alex/.m2/repository/io/netty/netty-transport-native-kqueue/4.1.48.Final/netty-transport-native-kqueue-4.1.48.Final-osx-x86_64.jar:/home/alex/.m2/repository/org/reactivestreams/reactive-streams/1.0.3/reactive-streams-1.0.3.jar:/home/alex/.m2/repository/com/typesafe/netty/netty-reactive-streams/2.0.4/netty-reactive-streams-2.0.4.jar:/home/alex/.m2/repository/com/sun/activation/javax.activation/1.2.0/javax.activation-1.2.0.jar:/home/alex/.m2/repository/org/apache/tez/tez-common/0.10.1/tez-common-0.10.1.jar:/home/alex/.m2/repository/org/apache/tez/tez-runtime-internals/0.10.1/tez-runtime-internals-0.10.1.jar:/home/alex/.m2/repository/org/apache/tez/hadoop-shim/0.10.1/hadoop-shim-0.10.1.jar:/home/alex/.m2/repository/org/apache/tez/tez-mapreduce/0.10.1/tez-mapreduce-0.10.1.jar:/home/alex/.m2/repository/org/apache/tez/tez-dag/0.10.1/tez-dag-0.10.1.jar:/home/alex/.m2/repository/org/apache/hadoop/hadoop-yarn-server-web-proxy/3.1.0/hadoop-yarn-server-web-proxy-3.1.0.jar:/home/alex/.m2/repository/org/apache/hadoop/hadoop-yarn-server-common/3.1.0/hadoop-yarn-server-common-3.1.0.jar:/home/alex/.m2/repository/org/apache/geronimo/specs/geronimo-jcache_1.0_spec/1.0-alpha-1/geronimo-jcache_1.0_spec-1.0-alpha-1.jar:/home/alex/.m2/repository/org/ehcache/ehcache/3.3.1/ehcache-3.3.1.jar:/home/alex/.m2/repository/com/zaxxer/HikariCP-java7/2.4.12/HikariCP-java7-2.4.12.jar:/home/alex/.m2/repository/org/apache/spark/spark-core_2.12/2.4.5/spark-core_2.12-2.4.5.jar:/home/alex/.m2/repository/com/twitter/chill_2.12/0.9.3/chill_2.12-0.9.3.jar:/home/alex/.m2/repository/com/twitter/chill-java/0.9.3/chill-java-0.9.3.jar:/home/alex/.m2/repository/org/apache/xbean/xbean-asm6-shaded/4.8/xbean-asm6-shaded-4.8.jar:/home/alex/.m2/repository/org/apache/hadoop/hadoop-client/3.1.0/hadoop-client-3.1.0.jar:/home/alex/.m2/repository/org/apache/hadoop/hadoop-mapreduce-client-jobclient/3.1.0/hadoop-mapreduce-client-jobclient-3.1.0.jar:/home/alex/.m2/repository/org/apache/spark/spark-launcher_2.12/2.4.5/spark-launcher_2.12-2.4.5.jar:/home/alex/.m2/repository/org/apache/spark/spark-kvstore_2.12/2.4.5/spark-kvstore_2.12-2.4.5.jar:/home/alex/.m2/repository/org/apache/spark/spark-network-common_2.12/2.4.5/spark-network-common_2.12-2.4.5.jar:/home/alex/.m2/repository/org/apache/spark/spark-network-shuffle_2.12/2.4.5/spark-network-shuffle_2.12-2.4.5.jar:/home/alex/.m2/repository/org/apache/spark/spark-unsafe_2.12/2.4.5/spark-unsafe_2.12-2.4.5.jar:/home/alex/.m2/repository/javax/activation/activation/1.1.1/activation-1.1.1.jar:/home/alex/.m2/repository/org/slf4j/jul-to-slf4j/1.7.16/jul-to-slf4j-1.7.16.jar:/home/alex/.m2/repository/org/slf4j/jcl-over-slf4j/1.7.16/jcl-over-slf4j-1.7.16.jar:/home/alex/.m2/repository/com/ning/compress-lzf/1.0.3/compress-lzf-1.0.3.jar:/home/alex/.m2/repository/org/lz4/lz4-java/1.4.0/lz4-java-1.4.0.jar:/home/alex/.m2/repository/com/github/luben/zstd-jni/1.3.2-2/zstd-jni-1.3.2-2.jar:/home/alex/.m2/repository/org/scala-lang/scala-library/2.12.10/scala-library-2.12.10.jar:/home/alex/.m2/repository/org/json4s/json4s-jackson_2.12/3.5.3/json4s-jackson_2.12-3.5.3.jar:/home/alex/.m2/repository/org/json4s/json4s-core_2.12/3.5.3/json4s-core_2.12-3.5.3.jar:/home/alex/.m2/repository/org/json4s/json4s-ast_2.12/3.5.3/json4s-ast_2.12-3.5.3.jar:/home/alex/.m2/repository/org/json4s/json4s-scalap_2.12/3.5.3/json4s-scalap_2.12-3.5.3.jar:/home/alex/.m2/repository/org/scala-lang/modules/scala-xml_2.12/1.0.6/scala-xml_2.12-1.0.6.jar:/home/alex/.m2/repository/com/clearspring/analytics/stream/2.7.0/stream-2.7.0.jar:/home/alex/.m2/repository/io/dropwizard/metrics/metrics-graphite/3.1.5/metrics-graphite-3.1.5.jar:/home/alex/.m2/repository/oro/oro/2.0.8/oro-2.0.8.jar:/home/alex/.m2/repository/net/razorvine/pyrolite/4.13/pyrolite-4.13.jar:/home/alex/.m2/repository/net/sf/py4j/py4j/0.10.7/py4j-0.10.7.jar:/home/alex/.m2/repository/org/apache/spark/spark-tags_2.12/2.4.5/spark-tags_2.12-2.4.5.jar:/home/alex/.m2/repository/org/spark-project/spark/unused/1.0.0/unused-1.0.0.jar:/home/alex/.m2/repository/com/sun/jersey/jersey-servlet/1.19/jersey-servlet-1.19.jar:/home/alex/.m2/repository/org/glassfish/jersey/core/jersey-server/2.22.2/jersey-server-2.22.2.jar:/home/alex/.m2/repository/org/glassfish/jersey/core/jersey-common/2.22.2/jersey-common-2.22.2.jar:/home/alex/.m2/repository/org/glassfish/jersey/bundles/repackaged/jersey-guava/2.22.2/jersey-guava-2.22.2.jar:/home/alex/.m2/repository/org/glassfish/hk2/osgi-resource-locator/1.0.1/osgi-resource-locator-1.0.1.jar:/home/alex/.m2/repository/org/glassfish/jersey/core/jersey-client/2.22.2/jersey-client-2.22.2.jar:/home/alex/.m2/repository/javax/ws/rs/javax.ws.rs-api/2.0.1/javax.ws.rs-api-2.0.1.jar:/home/alex/.m2/repository/org/glassfish/jersey/media/jersey-media-jaxb/2.22.2/jersey-media-jaxb-2.22.2.jar:/home/alex/.m2/repository/org/glassfish/hk2/hk2-api/2.4.0-b34/hk2-api-2.4.0-b34.jar:/home/alex/.m2/repository/org/glassfish/hk2/hk2-utils/2.4.0-b34/hk2-utils-2.4.0-b34.jar:/home/alex/.m2/repository/org/glassfish/hk2/external/aopalliance-repackaged/2.4.0-b34/aopalliance-repackaged-2.4.0-b34.jar:/home/alex/.m2/repository/org/glassfish/hk2/external/javax.inject/2.4.0-b34/javax.inject-2.4.0-b34.jar:/home/alex/.m2/repository/org/glassfish/hk2/hk2-locator/2.4.0-b34/hk2-locator-2.4.0-b34.jar:/home/alex/.m2/repository/javax/validation/validation-api/1.1.0.Final/validation-api-1.1.0.Final.jar:/home/alex/.m2/repository/org/glassfish/jersey/containers/jersey-container-servlet-core/2.22.2/jersey-container-servlet-core-2.22.2.jar:/home/alex/.m2/repository/org/hamcrest/hamcrest-all/1.3/hamcrest-all-1.3.jar:/home/alex/.m2/repository/org/powermock/powermock-module-junit4/2.0.2/powermock-module-junit4-2.0.2.jar:/home/alex/.m2/repository/org/powermock/powermock-module-junit4-common/2.0.2/powermock-module-junit4-common-2.0.2.jar:/home/alex/.m2/repository/org/powermock/powermock-reflect/2.0.2/powermock-reflect-2.0.2.jar:/home/alex/.m2/repository/org/powermock/powermock-core/2.0.2/powermock-core-2.0.2.jar:/home/alex/.m2/repository/org/powermock/powermock-api-mockito2/2.0.2/powermock-api-mockito2-2.0.2.jar:/home/alex/.m2/repository/org/powermock/powermock-api-support/2.0.2/powermock-api-support-2.0.2.jar:/home/alex/.m2/repository/com/google/guava/guava-testlib/19.0/guava-testlib-19.0.jar:/home/alex/.m2/repository/com/google/errorprone/error_prone_annotations/2.0.2/error_prone_annotations-2.0.2.jar:/home/alex/.m2/repository/com/google/re2j/re2j/1.2/re2j-1.2.jar:/home/alex/.m2/repository/org/reflections/reflections/0.9.10/reflections-0.9.10.jar:/home/alex/.m2/repository/org/javassist/javassist/3.19.0-GA/javassist-3.19.0-GA.jar:/home/alex/.m2/repository/com/jayway/jsonpath/json-path/2.4.0/json-path-2.4.0.jar:/home/alex/.m2/repository/net/minidev/json-smart/2.3/json-smart-2.3.jar:/home/alex/.m2/repository/net/minidev/accessors-smart/1.2/accessors-smart-1.2.jar:/home/alex/.m2/repository/org/ow2/asm/asm/5.0.4/asm-5.0.4.jar:/home/alex/.m2/repository/org/codehaus/janino/commons-compiler/3.0.11/commons-compiler-3.0.11.jar:/home/alex/.m2/repository/org/codehaus/janino/janino/3.0.11/janino-3.0.11.jar:/home/alex/.m2/repository/com/sun/jersey/contribs/jersey-multipart/1.19/jersey-multipart-1.19.jar:/home/alex/.m2/repository/org/jvnet/mimepull/mimepull/1.9.3/mimepull-1.9.3.jar:/home/alex/.m2/repository/org/apache/kafka/kafka-clients/2.5.0/kafka-clients-2.5.0.jar:/home/alex/.m2/repository/org/slf4j/slf4j-api/1.7.30/slf4j-api-1.7.30.jar:/home/alex/.m2/repository/org/mockito/mockito-core/3.4.4/mockito-core-3.4.4.jar:/home/alex/.m2/repository/net/bytebuddy/byte-buddy/1.10.13/byte-buddy-1.10.13.jar:/home/alex/.m2/repository/net/bytebuddy/byte-buddy-agent/1.10.13/byte-buddy-agent-1.10.13.jar:/home/alex/Repositories/hive/ql/target/testconf:/home/alex/Repositories/hive/ql/../conf:"/>
    <property name="java.vm.vendor" value="Private Build"/>
    <property name="hadoop.version" value="3.1.0"/>
    <property name="user.timezone" value="US/Pacific"/>
    <property name="test.local.warehouse.dir" value="pfile:///home/alex/Repositories/hive/ql/target/localfs/warehouse"/>
    <property name="os.name" value="Linux"/>
    <property name="java.vm.specification.version" value="1.8"/>
    <property name="clustermode" value=""/>
    <property name="test.build.data" value="/home/alex/Repositories/hive/ql/target/tmp"/>
    <property name="sun.java.launcher" value="SUN_STANDARD"/>
    <property name="user.country" value="US"/>
    <property name="test.data.files" value="/home/alex/Repositories/hive/ql/../data/files"/>
    <property name="nondexLogging" value="CONFIG"/>
    <property name="surefire.test.class.path" value="/home/alex/Repositories/hive/ql/target/test-classes:/home/alex/Repositories/hive/ql/target/classes:/home/alex/.m2/repository/org/apache/atlas/atlas-client-v2/2.1.0/atlas-client-v2-2.1.0.jar:/home/alex/.m2/repository/cglib/cglib/2.2.2/cglib-2.2.2.jar:/home/alex/.m2/repository/asm/asm/3.3.1/asm-3.3.1.jar:/home/alex/.m2/repository/org/apache/atlas/atlas-client-common/2.1.0/atlas-client-common-2.1.0.jar:/home/alex/.m2/repository/org/apache/httpcomponents/httpclient/4.5.13/httpclient-4.5.13.jar:/home/alex/.m2/repository/com/sun/jersey/jersey-client/1.19/jersey-client-1.19.jar:/home/alex/.m2/repository/org/apache/atlas/atlas-intg/2.1.0/atlas-intg-2.1.0.jar:/home/alex/.m2/repository/commons-collections/commons-collections/3.2.2/commons-collections-3.2.2.jar:/home/alex/.m2/repository/commons-validator/commons-validator/1.6/commons-validator-1.6.jar:/home/alex/.m2/repository/commons-digester/commons-digester/1.8.1/commons-digester-1.8.1.jar:/home/alex/.m2/repository/com/fasterxml/jackson/jaxrs/jackson-jaxrs-base/2.12.0/jackson-jaxrs-base-2.12.0.jar:/home/alex/.m2/repository/com/fasterxml/jackson/jaxrs/jackson-jaxrs-json-provider/2.12.0/jackson-jaxrs-json-provider-2.12.0.jar:/home/alex/.m2/repository/javax/inject/javax.inject/1/javax.inject-1.jar:/home/alex/.m2/repository/org/springframework/spring-context/4.3.20.RELEASE/spring-context-4.3.20.RELEASE.jar:/home/alex/.m2/repository/org/springframework/spring-aop/4.3.20.RELEASE/spring-aop-4.3.20.RELEASE.jar:/home/alex/.m2/repository/org/springframework/spring-beans/4.3.20.RELEASE/spring-beans-4.3.20.RELEASE.jar:/home/alex/.m2/repository/org/springframework/spring-core/4.3.20.RELEASE/spring-core-4.3.20.RELEASE.jar:/home/alex/.m2/repository/org/springframework/spring-expression/4.3.20.RELEASE/spring-expression-4.3.20.RELEASE.jar:/home/alex/.m2/repository/commons-configuration/commons-configuration/1.10/commons-configuration-1.10.jar:/home/alex/.m2/repository/commons-lang/commons-lang/2.6/commons-lang-2.6.jar:/home/alex/.m2/repository/commons-logging/commons-logging/1.1.1/commons-logging-1.1.1.jar:/home/alex/.m2/repository/org/apache/commons/commons-math3/3.6.1/commons-math3-3.6.1.jar:/home/alex/Repositories/hive/vector-code-gen/target/classes:/home/alex/.m2/repository/org/apache/velocity/velocity/1.5/velocity-1.5.jar:/home/alex/Repositories/hive/common/target/classes:/home/alex/Repositories/hive/classification/target/classes:/home/alex/Repositories/hive/standalone-metastore/metastore-common/target/classes:/home/alex/.m2/repository/commons-cli/commons-cli/1.4/commons-cli-1.4.jar:/home/alex/.m2/repository/org/apache/orc/orc-core/1.6.9/orc-core-1.6.9.jar:/home/alex/.m2/repository/org/apache/orc/orc-shims/1.6.9/orc-shims-1.6.9.jar:/home/alex/.m2/repository/io/airlift/aircompressor/0.19/aircompressor-0.19.jar:/home/alex/.m2/repository/org/jetbrains/annotations/17.0.0/annotations-17.0.0.jar:/home/alex/.m2/repository/org/threeten/threeten-extra/1.5.0/threeten-extra-1.5.0.jar:/home/alex/.m2/repository/jline/jline/2.14.6/jline-2.14.6.jar:/home/alex/.m2/repository/javax/servlet/javax.servlet-api/3.1.0/javax.servlet-api-3.1.0.jar:/home/alex/.m2/repository/org/eclipse/jetty/jetty-http/9.3.27.v20190418/jetty-http-9.3.27.v20190418.jar:/home/alex/.m2/repository/org/eclipse/jetty/jetty-rewrite/9.3.27.v20190418/jetty-rewrite-9.3.27.v20190418.jar:/home/alex/.m2/repository/org/eclipse/jetty/jetty-client/9.3.27.v20190418/jetty-client-9.3.27.v20190418.jar:/home/alex/.m2/repository/org/eclipse/jetty/jetty-server/9.3.27.v20190418/jetty-server-9.3.27.v20190418.jar:/home/alex/.m2/repository/org/eclipse/jetty/jetty-io/9.3.27.v20190418/jetty-io-9.3.27.v20190418.jar:/home/alex/.m2/repository/org/eclipse/jetty/jetty-servlet/9.3.27.v20190418/jetty-servlet-9.3.27.v20190418.jar:/home/alex/.m2/repository/org/eclipse/jetty/jetty-security/9.3.27.v20190418/jetty-security-9.3.27.v20190418.jar:/home/alex/.m2/repository/org/eclipse/jetty/jetty-webapp/9.3.27.v20190418/jetty-webapp-9.3.27.v20190418.jar:/home/alex/.m2/repository/org/eclipse/jetty/jetty-xml/9.3.27.v20190418/jetty-xml-9.3.27.v20190418.jar:/home/alex/.m2/repository/joda-time/joda-time/2.9.9/joda-time-2.9.9.jar:/home/alex/.m2/repository/org/apache/logging/log4j/log4j-web/2.13.2/log4j-web-2.13.2.jar:/home/alex/.m2/repository/net/sf/jpam/jpam/1.1/jpam-1.1.jar:/home/alex/.m2/repository/io/dropwizard/metrics/metrics-core/3.1.0/metrics-core-3.1.0.jar:/home/alex/.m2/repository/io/dropwizard/metrics/metrics-jvm/3.1.0/metrics-jvm-3.1.0.jar:/home/alex/.m2/repository/io/dropwizard/metrics/metrics-json/3.1.0/metrics-json-3.1.0.jar:/home/alex/.m2/repository/com/github/joshelser/dropwizard-metrics-hadoop-metrics2-reporter/0.1.2/dropwizard-metrics-hadoop-metrics2-reporter-0.1.2.jar:/home/alex/Repositories/hive/metastore/target/classes:/home/alex/.m2/repository/org/apache/derby/derby/10.14.1.0/derby-10.14.1.0.jar:/home/alex/Repositories/hive/serde/target/classes:/home/alex/.m2/repository/com/google/code/findbugs/jsr305/3.0.0/jsr305-3.0.0.jar:/home/alex/.m2/repository/org/apache/arrow/arrow-vector/0.15.1/arrow-vector-0.15.1.jar:/home/alex/.m2/repository/org/apache/arrow/arrow-format/0.15.1/arrow-format-0.15.1.jar:/home/alex/.m2/repository/org/apache/arrow/arrow-memory/0.15.1/arrow-memory-0.15.1.jar:/home/alex/.m2/repository/com/google/flatbuffers/flatbuffers-java/1.9.0/flatbuffers-java-1.9.0.jar:/home/alex/.m2/repository/com/carrotsearch/hppc/0.7.2/hppc-0.7.2.jar:/home/alex/.m2/repository/com/github/davidmoten/flatbuffers-java/1.6.0.1/flatbuffers-java-1.6.0.1.jar:/home/alex/Repositories/hive/parser/target/classes:/home/alex/Repositories/hive/udf/target/classes:/home/alex/Repositories/hive/service-rpc/target/classes:/home/alex/Repositories/hive/llap-client/target/classes:/home/alex/Repositories/hive/llap-common/target/classes:/home/alex/.m2/repository/io/jsonwebtoken/jjwt-api/0.10.5/jjwt-api-0.10.5.jar:/home/alex/.m2/repository/io/jsonwebtoken/jjwt-impl/0.10.5/jjwt-impl-0.10.5.jar:/home/alex/.m2/repository/io/jsonwebtoken/jjwt-jackson/0.10.5/jjwt-jackson-0.10.5.jar:/home/alex/Repositories/hive/llap-tez/target/classes:/home/alex/Repositories/hive/shims/aggregator/target/classes:/home/alex/Repositories/hive/shims/common/target/classes:/home/alex/Repositories/hive/shims/0.23/target/classes:/home/alex/.m2/repository/org/apache/hadoop/hadoop-yarn-server-resourcemanager/3.1.0/hadoop-yarn-server-resourcemanager-3.1.0.jar:/home/alex/.m2/repository/org/apache/hadoop/hadoop-yarn-server-applicationhistoryservice/3.1.0/hadoop-yarn-server-applicationhistoryservice-3.1.0.jar:/home/alex/.m2/repository/de/ruedigermoeller/fst/2.50/fst-2.50.jar:/home/alex/.m2/repository/com/cedarsoftware/java-util/1.9.0/java-util-1.9.0.jar:/home/alex/.m2/repository/com/cedarsoftware/json-io/2.5.1/json-io-2.5.1.jar:/home/alex/Repositories/hive/shims/scheduler/target/classes:/home/alex/Repositories/hive/spark-client/target/classes:/home/alex/.m2/repository/io/netty/netty-all/4.1.65.Final/netty-all-4.1.65.Final.jar:/home/alex/.m2/repository/com/fasterxml/jackson/module/jackson-module-scala_2.12/2.12.0/jackson-module-scala_2.12-2.12.0.jar:/home/alex/.m2/repository/org/apache/spark/spark-yarn_2.12/2.4.5/spark-yarn_2.12-2.4.5.jar:/home/alex/Repositories/hive/storage-api/target/classes:/home/alex/.m2/repository/com/amazonaws/aws-java-sdk-bundle/1.11.901/aws-java-sdk-bundle-1.11.901.jar:/home/alex/.m2/repository/com/amazonaws/secretsmanager/aws-secretsmanager-caching-java/1.0.1/aws-secretsmanager-caching-java-1.0.1.jar:/home/alex/.m2/repository/com/esotericsoftware/kryo/5.0.3/kryo-5.0.3.jar:/home/alex/.m2/repository/org/objenesis/objenesis/3.1/objenesis-3.1.jar:/home/alex/.m2/repository/com/esotericsoftware/minlog/1.3.1/minlog-1.3.1.jar:/home/alex/.m2/repository/com/esotericsoftware/reflectasm/1.11.9/reflectasm-1.11.9.jar:/home/alex/.m2/repository/com/google/protobuf/protobuf-java/2.5.0/protobuf-java-2.5.0.jar:/home/alex/.m2/repository/org/apache/hbase/hbase-common/2.0.0-alpha4/hbase-common-2.0.0-alpha4.jar:/home/alex/.m2/repository/org/apache/hbase/thirdparty/hbase-shaded-miscellaneous/1.0.1/hbase-shaded-miscellaneous-1.0.1.jar:/home/alex/.m2/repository/org/apache/htrace/htrace-core/3.2.0-incubating/htrace-core-3.2.0-incubating.jar:/home/alex/.m2/repository/org/apache/commons/commons-crypto/1.0.0/commons-crypto-1.0.0.jar:/home/alex/.m2/repository/com/github/stephenc/findbugs/findbugs-annotations/1.3.9-1/findbugs-annotations-1.3.9-1.jar:/home/alex/.m2/repository/log4j/log4j/1.2.17/log4j-1.2.17.jar:/home/alex/.m2/repository/org/apache/yetus/audience-annotations/0.5.0/audience-annotations-0.5.0.jar:/home/alex/.m2/repository/org/apache/parquet/parquet-hadoop-bundle/1.11.1/parquet-hadoop-bundle-1.11.1.jar:/home/alex/.m2/repository/commons-codec/commons-codec/1.15/commons-codec-1.15.jar:/home/alex/.m2/repository/commons-io/commons-io/2.6/commons-io-2.6.jar:/home/alex/.m2/repository/org/apache/commons/commons-collections4/4.1/commons-collections4-4.1.jar:/home/alex/.m2/repository/org/apache/commons/commons-lang3/3.9/commons-lang3-3.9.jar:/home/alex/.m2/repository/org/apache/commons/commons-text/1.8/commons-text-1.8.jar:/home/alex/.m2/repository/javolution/javolution/5.5.1/javolution-5.5.1.jar:/home/alex/.m2/repository/org/apache/logging/log4j/log4j-1.2-api/2.13.2/log4j-1.2-api-2.13.2.jar:/home/alex/.m2/repository/org/apache/logging/log4j/log4j-api/2.13.2/log4j-api-2.13.2.jar:/home/alex/.m2/repository/org/apache/logging/log4j/log4j-core/2.13.2/log4j-core-2.13.2.jar:/home/alex/.m2/repository/org/apache/logging/log4j/log4j-slf4j-impl/2.13.2/log4j-slf4j-impl-2.13.2.jar:/home/alex/.m2/repository/org/antlr/antlr-runtime/3.5.2/antlr-runtime-3.5.2.jar:/home/alex/.m2/repository/org/antlr/ST4/4.0.4/ST4-4.0.4.jar:/home/alex/.m2/repository/org/apache/avro/avro/1.8.2/avro-1.8.2.jar:/home/alex/.m2/repository/org/codehaus/jackson/jackson-core-asl/1.9.13/jackson-core-asl-1.9.13.jar:/home/alex/.m2/repository/org/codehaus/jackson/jackson-mapper-asl/1.9.13/jackson-mapper-asl-1.9.13.jar:/home/alex/.m2/repository/com/thoughtworks/paranamer/paranamer/2.8/paranamer-2.8.jar:/home/alex/.m2/repository/org/xerial/snappy/snappy-java/1.1.4/snappy-java-1.1.4.jar:/home/alex/.m2/repository/org/tukaani/xz/1.5/xz-1.5.jar:/home/alex/.m2/repository/org/apache/avro/avro-mapred/1.8.2/avro-mapred-1.8.2-hadoop2.jar:/home/alex/.m2/repository/org/apache/avro/avro-ipc/1.8.2/avro-ipc-1.8.2.jar:/home/alex/.m2/repository/org/mortbay/jetty/jetty/6.1.26/jetty-6.1.26.jar:/home/alex/.m2/repository/org/apache/ant/ant/1.9.1/ant-1.9.1.jar:/home/alex/.m2/repository/org/apache/ant/ant-launcher/1.9.1/ant-launcher-1.9.1.jar:/home/alex/.m2/repository/org/apache/commons/commons-compress/1.21/commons-compress-1.21.jar:/home/alex/.m2/repository/org/apache/thrift/libfb303/0.9.3/libfb303-0.9.3.jar:/home/alex/.m2/repository/org/apache/hadoop/hadoop-common/3.1.0/hadoop-common-3.1.0.jar:/home/alex/.m2/repository/org/apache/hadoop/hadoop-annotations/3.1.0/hadoop-annotations-3.1.0.jar:/home/alex/.m2/repository/commons-net/commons-net/3.6/commons-net-3.6.jar:/home/alex/.m2/repository/org/eclipse/jetty/jetty-util/9.3.27.v20190418/jetty-util-9.3.27.v20190418.jar:/home/alex/.m2/repository/javax/servlet/jsp/jsp-api/2.1/jsp-api-2.1.jar:/home/alex/.m2/repository/com/sun/jersey/jersey-core/1.19/jersey-core-1.19.jar:/home/alex/.m2/repository/javax/ws/rs/jsr311-api/1.1.1/jsr311-api-1.1.1.jar:/home/alex/.m2/repository/com/sun/jersey/jersey-json/1.19/jersey-json-1.19.jar:/home/alex/.m2/repository/com/sun/xml/bind/jaxb-impl/2.2.3-1/jaxb-impl-2.2.3-1.jar:/home/alex/.m2/repository/org/codehaus/jackson/jackson-jaxrs/1.9.2/jackson-jaxrs-1.9.2.jar:/home/alex/.m2/repository/org/codehaus/jackson/jackson-xc/1.9.2/jackson-xc-1.9.2.jar:/home/alex/.m2/repository/com/sun/jersey/jersey-server/1.19/jersey-server-1.19.jar:/home/alex/.m2/repository/org/apache/commons/commons-configuration2/2.1.1/commons-configuration2-2.1.1.jar:/home/alex/.m2/repository/org/apache/hadoop/hadoop-auth/3.1.0/hadoop-auth-3.1.0.jar:/home/alex/.m2/repository/com/nimbusds/nimbus-jose-jwt/4.41.1/nimbus-jose-jwt-4.41.1.jar:/home/alex/.m2/repository/com/github/stephenc/jcip/jcip-annotations/1.0-1/jcip-annotations-1.0-1.jar:/home/alex/.m2/repository/com/jcraft/jsch/0.1.54/jsch-0.1.54.jar:/home/alex/.m2/repository/org/apache/htrace/htrace-core4/4.1.0-incubating/htrace-core4-4.1.0-incubating.jar:/home/alex/.m2/repository/org/apache/kerby/kerb-simplekdc/1.0.1/kerb-simplekdc-1.0.1.jar:/home/alex/.m2/repository/org/apache/kerby/kerb-client/1.0.1/kerb-client-1.0.1.jar:/home/alex/.m2/repository/org/apache/kerby/kerby-config/1.0.1/kerby-config-1.0.1.jar:/home/alex/.m2/repository/org/apache/kerby/kerb-core/1.0.1/kerb-core-1.0.1.jar:/home/alex/.m2/repository/org/apache/kerby/kerby-pkix/1.0.1/kerby-pkix-1.0.1.jar:/home/alex/.m2/repository/org/apache/kerby/kerby-asn1/1.0.1/kerby-asn1-1.0.1.jar:/home/alex/.m2/repository/org/apache/kerby/kerby-util/1.0.1/kerby-util-1.0.1.jar:/home/alex/.m2/repository/org/apache/kerby/kerb-common/1.0.1/kerb-common-1.0.1.jar:/home/alex/.m2/repository/org/apache/kerby/kerb-crypto/1.0.1/kerb-crypto-1.0.1.jar:/home/alex/.m2/repository/org/apache/kerby/kerb-util/1.0.1/kerb-util-1.0.1.jar:/home/alex/.m2/repository/org/apache/kerby/token-provider/1.0.1/token-provider-1.0.1.jar:/home/alex/.m2/repository/org/apache/kerby/kerb-admin/1.0.1/kerb-admin-1.0.1.jar:/home/alex/.m2/repository/org/apache/kerby/kerb-server/1.0.1/kerb-server-1.0.1.jar:/home/alex/.m2/repository/org/apache/kerby/kerb-identity/1.0.1/kerb-identity-1.0.1.jar:/home/alex/.m2/repository/org/apache/kerby/kerby-xdr/1.0.1/kerby-xdr-1.0.1.jar:/home/alex/.m2/repository/org/codehaus/woodstox/stax2-api/3.1.4/stax2-api-3.1.4.jar:/home/alex/.m2/repository/com/fasterxml/woodstox/woodstox-core/5.0.3/woodstox-core-5.0.3.jar:/home/alex/.m2/repository/org/apache/hadoop/hadoop-archives/3.1.0/hadoop-archives-3.1.0.jar:/home/alex/.m2/repository/org/apache/hadoop/hadoop-yarn-registry/3.1.0/hadoop-yarn-registry-3.1.0.jar:/home/alex/.m2/repository/org/apache/curator/curator-client/4.2.0/curator-client-4.2.0.jar:/home/alex/.m2/repository/org/apache/curator/curator-recipes/4.2.0/curator-recipes-4.2.0.jar:/home/alex/.m2/repository/commons-daemon/commons-daemon/1.0.13/commons-daemon-1.0.13.jar:/home/alex/.m2/repository/dnsjava/dnsjava/2.1.7/dnsjava-2.1.7.jar:/home/alex/.m2/repository/org/apache/hadoop/hadoop-mapreduce-client-core/3.1.0/hadoop-mapreduce-client-core-3.1.0.jar:/home/alex/.m2/repository/org/apache/hadoop/hadoop-hdfs-client/3.1.0/hadoop-hdfs-client-3.1.0.jar:/home/alex/.m2/repository/com/squareup/okhttp/okhttp/2.7.5/okhttp-2.7.5.jar:/home/alex/.m2/repository/com/squareup/okio/okio/1.6.0/okio-1.6.0.jar:/home/alex/.m2/repository/com/google/inject/extensions/guice-servlet/4.0/guice-servlet-4.0.jar:/home/alex/.m2/repository/org/apache/hadoop/hadoop-mapreduce-client-common/3.1.0/hadoop-mapreduce-client-common-3.1.0.jar:/home/alex/.m2/repository/org/apache/hadoop/hadoop-hdfs/3.1.0/hadoop-hdfs-3.1.0.jar:/home/alex/.m2/repository/org/eclipse/jetty/jetty-util-ajax/9.3.19.v20170502/jetty-util-ajax-9.3.19.v20170502.jar:/home/alex/.m2/repository/org/fusesource/leveldbjni/leveldbjni-all/1.8/leveldbjni-all-1.8.jar:/home/alex/.m2/repository/org/apache/hadoop/hadoop-yarn-api/3.1.0/hadoop-yarn-api-3.1.0.jar:/home/alex/.m2/repository/javax/xml/bind/jaxb-api/2.2.11/jaxb-api-2.2.11.jar:/home/alex/.m2/repository/org/apache/hadoop/hadoop-yarn-common/3.1.0/hadoop-yarn-common-3.1.0.jar:/home/alex/.m2/repository/com/google/inject/guice/4.0/guice-4.0.jar:/home/alex/.m2/repository/aopalliance/aopalliance/1.0/aopalliance-1.0.jar:/home/alex/.m2/repository/com/sun/jersey/contribs/jersey-guice/1.19/jersey-guice-1.19.jar:/home/alex/.m2/repository/com/fasterxml/jackson/module/jackson-module-jaxb-annotations/2.12.0/jackson-module-jaxb-annotations-2.12.0.jar:/home/alex/.m2/repository/jakarta/xml/bind/jakarta.xml.bind-api/2.3.2/jakarta.xml.bind-api-2.3.2.jar:/home/alex/.m2/repository/jakarta/activation/jakarta.activation-api/1.2.1/jakarta.activation-api-1.2.1.jar:/home/alex/.m2/repository/org/apache/hadoop/hadoop-yarn-client/3.1.0/hadoop-yarn-client-3.1.0.jar:/home/alex/.m2/repository/org/apache/orc/orc-tools/1.6.9/orc-tools-1.6.9.jar:/home/alex/.m2/repository/com/opencsv/opencsv/3.9/opencsv-3.9.jar:/home/alex/.m2/repository/org/codehaus/jettison/jettison/1.1/jettison-1.1.jar:/home/alex/.m2/repository/org/threeten/threetenbp/1.3.5/threetenbp-1.3.5.jar:/home/alex/.m2/repository/org/apache/ivy/ivy/2.4.0/ivy-2.4.0.jar:/home/alex/.m2/repository/org/apache/thrift/libthrift/0.14.1/libthrift-0.14.1.jar:/home/alex/.m2/repository/org/apache/httpcomponents/httpcore/4.4.13/httpcore-4.4.13.jar:/home/alex/.m2/repository/org/apache/tomcat/embed/tomcat-embed-core/8.5.46/tomcat-embed-core-8.5.46.jar:/home/alex/.m2/repository/org/apache/tomcat/tomcat-annotations-api/8.5.46/tomcat-annotations-api-8.5.46.jar:/home/alex/.m2/repository/javax/annotation/javax.annotation-api/1.3.2/javax.annotation-api-1.3.2.jar:/home/alex/.m2/repository/org/apache/zookeeper/zookeeper/3.5.5/zookeeper-3.5.5.jar:/home/alex/.m2/repository/org/apache/zookeeper/zookeeper-jute/3.5.5/zookeeper-jute-3.5.5.jar:/home/alex/.m2/repository/org/apache/curator/curator-framework/4.2.0/curator-framework-4.2.0.jar:/home/alex/.m2/repository/org/apache/curator/curator-test/4.2.0/curator-test-4.2.0.jar:/home/alex/.m2/repository/org/apache/datasketches/datasketches-hive/1.1.0-incubating/datasketches-hive-1.1.0-incubating.jar:/home/alex/.m2/repository/org/apache/datasketches/datasketches-java/1.3.0-incubating/datasketches-java-1.3.0-incubating.jar:/home/alex/.m2/repository/org/apache/datasketches/datasketches-memory/1.2.0-incubating/datasketches-memory-1.2.0-incubating.jar:/home/alex/.m2/repository/org/slf4j/slf4j-simple/1.7.27/slf4j-simple-1.7.27.jar:/home/alex/.m2/repository/com/lmax/disruptor/3.3.7/disruptor-3.3.7.jar:/home/alex/.m2/repository/org/codehaus/groovy/groovy-all/2.4.11/groovy-all-2.4.11.jar:/home/alex/.m2/repository/org/jodd/jodd-util/6.0.0/jodd-util-6.0.0.jar:/home/alex/.m2/repository/com/fasterxml/jackson/core/jackson-annotations/2.12.0/jackson-annotations-2.12.0.jar:/home/alex/.m2/repository/com/fasterxml/jackson/core/jackson-core/2.12.0/jackson-core-2.12.0.jar:/home/alex/.m2/repository/com/fasterxml/jackson/core/jackson-databind/2.12.0/jackson-databind-2.12.0.jar:/home/alex/.m2/repository/com/fasterxml/jackson/dataformat/jackson-dataformat-yaml/2.12.0/jackson-dataformat-yaml-2.12.0.jar:/home/alex/.m2/repository/org/yaml/snakeyaml/1.27/snakeyaml-1.27.jar:/home/alex/.m2/repository/org/datanucleus/datanucleus-core/5.2.4/datanucleus-core-5.2.4.jar:/home/alex/.m2/repository/org/apache/calcite/calcite-core/1.25.0/calcite-core-1.25.0.jar:/home/alex/.m2/repository/org/apache/calcite/calcite-linq4j/1.25.0/calcite-linq4j-1.25.0.jar:/home/alex/.m2/repository/org/apiguardian/apiguardian-api/1.1.0/apiguardian-api-1.1.0.jar:/home/alex/.m2/repository/com/esri/geometry/esri-geometry-api/2.2.0/esri-geometry-api-2.2.0.jar:/home/alex/.m2/repository/com/yahoo/datasketches/sketches-core/0.9.0/sketches-core-0.9.0.jar:/home/alex/.m2/repository/com/yahoo/datasketches/memory/0.9.0/memory-0.9.0.jar:/home/alex/.m2/repository/org/apache/commons/commons-dbcp2/2.7.0/commons-dbcp2-2.7.0.jar:/home/alex/.m2/repository/org/apache/commons/commons-pool2/2.7.0/commons-pool2-2.7.0.jar:/home/alex/.m2/repository/org/apache/calcite/calcite-druid/1.25.0/calcite-druid-1.25.0.jar:/home/alex/.m2/repository/org/apache/calcite/avatica/avatica/1.12.0/avatica-1.12.0.jar:/home/alex/.m2/repository/com/google/guava/guava/19.0/guava-19.0.jar:/home/alex/.m2/repository/com/googlecode/javaewah/JavaEWAH/0.3.2/JavaEWAH-0.3.2.jar:/home/alex/.m2/repository/com/google/code/gson/gson/2.2.4/gson-2.2.4.jar:/home/alex/.m2/repository/com/tdunning/json/1.8/json-1.8.jar:/home/alex/.m2/repository/stax/stax-api/1.0.1/stax-api-1.0.1.jar:/home/alex/.m2/repository/net/sf/opencsv/opencsv/2.3/opencsv-2.3.jar:/home/alex/Repositories/hive/standalone-metastore/metastore-server/target/classes:/home/alex/.m2/repository/com/zaxxer/HikariCP/2.6.1/HikariCP-2.6.1.jar:/home/alex/.m2/repository/commons-beanutils/commons-beanutils/1.9.4/commons-beanutils-1.9.4.jar:/home/alex/.m2/repository/org/datanucleus/datanucleus-api-jdo/5.2.4/datanucleus-api-jdo-5.2.4.jar:/home/alex/.m2/repository/org/datanucleus/datanucleus-rdbms/5.2.4/datanucleus-rdbms-5.2.4.jar:/home/alex/.m2/repository/org/datanucleus/javax.jdo/3.2.0-release/javax.jdo-3.2.0-release.jar:/home/alex/.m2/repository/javax/transaction/javax.transaction-api/1.3/javax.transaction-api-1.3.jar:/home/alex/.m2/repository/org/glassfish/corba/glassfish-corba-omgapi/4.2.2/glassfish-corba-omgapi-4.2.2.jar:/home/alex/.m2/repository/sqlline/sqlline/1.9.0/sqlline-1.9.0.jar:/home/alex/.m2/repository/org/jline/jline-terminal/3.12.1/jline-terminal-3.12.1.jar:/home/alex/.m2/repository/org/jline/jline-reader/3.12.1/jline-reader-3.12.1.jar:/home/alex/.m2/repository/org/jline/jline-terminal-jansi/3.12.1/jline-terminal-jansi-3.12.1.jar:/home/alex/.m2/repository/org/fusesource/jansi/jansi/1.18/jansi-1.18.jar:/home/alex/.m2/repository/org/jline/jline-terminal-jna/3.12.1/jline-terminal-jna-3.12.1.jar:/home/alex/.m2/repository/net/java/dev/jna/jna/5.3.1/jna-5.3.1.jar:/home/alex/.m2/repository/org/jline/jline-builtins/3.12.1/jline-builtins-3.12.1.jar:/home/alex/.m2/repository/org/jline/jline-style/3.12.1/jline-style-3.12.1.jar:/home/alex/.m2/repository/com/cronutils/cron-utils/9.1.3/cron-utils-9.1.3.jar:/home/alex/.m2/repository/org/glassfish/javax.el/3.0.0/javax.el-3.0.0.jar:/home/alex/.m2/repository/com/oracle/database/jdbc/ojdbc8/21.3.0.0/ojdbc8-21.3.0.0.jar:/home/alex/.m2/repository/mysql/mysql-connector-java/8.0.27/mysql-connector-java-8.0.27.jar:/home/alex/.m2/repository/com/microsoft/sqlserver/mssql-jdbc/6.2.1.jre8/mssql-jdbc-6.2.1.jre8.jar:/home/alex/.m2/repository/org/postgresql/postgresql/42.2.14/postgresql-42.2.14.jar:/home/alex/Repositories/hive/common/target/test-classes:/home/alex/Repositories/hive/standalone-metastore/metastore-common/target/test-classes:/home/alex/.m2/repository/com/github/ben-manes/caffeine/caffeine/2.8.4/caffeine-2.8.4.jar:/home/alex/.m2/repository/org/checkerframework/checker-qual/3.4.0/checker-qual-3.4.0.jar:/home/alex/Repositories/hive/standalone-metastore/metastore-server/target/test-classes:/home/alex/.m2/repository/org/apache/parquet/parquet-column/1.11.1/parquet-column-1.11.1-tests.jar:/home/alex/.m2/repository/org/apache/parquet/parquet-common/1.11.1/parquet-common-1.11.1.jar:/home/alex/.m2/repository/org/apache/parquet/parquet-format-structures/1.11.1/parquet-format-structures-1.11.1.jar:/home/alex/.m2/repository/org/apache/parquet/parquet-encoding/1.11.1/parquet-encoding-1.11.1.jar:/home/alex/.m2/repository/junit/junit/4.13/junit-4.13.jar:/home/alex/.m2/repository/org/hamcrest/hamcrest-core/1.3/hamcrest-core-1.3.jar:/home/alex/.m2/repository/org/junit/jupiter/junit-jupiter-engine/5.6.2/junit-jupiter-engine-5.6.2.jar:/home/alex/.m2/repository/org/junit/platform/junit-platform-engine/1.6.2/junit-platform-engine-1.6.2.jar:/home/alex/.m2/repository/org/opentest4j/opentest4j/1.2.0/opentest4j-1.2.0.jar:/home/alex/.m2/repository/org/junit/platform/junit-platform-commons/1.6.2/junit-platform-commons-1.6.2.jar:/home/alex/.m2/repository/org/junit/jupiter/junit-jupiter-api/5.6.2/junit-jupiter-api-5.6.2.jar:/home/alex/.m2/repository/org/junit/jupiter/junit-jupiter-params/5.6.2/junit-jupiter-params-5.6.2.jar:/home/alex/.m2/repository/org/junit/vintage/junit-vintage-engine/5.6.2/junit-vintage-engine-5.6.2.jar:/home/alex/.m2/repository/org/apache/tez/tez-api/0.10.1/tez-api-0.10.1.jar:/usr/lib/jvm/java-8-openjdk-amd64/jre/../lib/tools.jar:/home/alex/.m2/repository/org/apache/tez/tez-runtime-library/0.10.1/tez-runtime-library-0.10.1.jar:/home/alex/.m2/repository/org/roaringbitmap/RoaringBitmap/0.5.21/RoaringBitmap-0.5.21.jar:/home/alex/.m2/repository/org/asynchttpclient/async-http-client/2.12.1/async-http-client-2.12.1.jar:/home/alex/.m2/repository/org/asynchttpclient/async-http-client-netty-utils/2.12.1/async-http-client-netty-utils-2.12.1.jar:/home/alex/.m2/repository/io/netty/netty-buffer/4.1.48.Final/netty-buffer-4.1.48.Final.jar:/home/alex/.m2/repository/io/netty/netty-codec-http/4.1.48.Final/netty-codec-http-4.1.48.Final.jar:/home/alex/.m2/repository/io/netty/netty-common/4.1.48.Final/netty-common-4.1.48.Final.jar:/home/alex/.m2/repository/io/netty/netty-transport/4.1.48.Final/netty-transport-4.1.48.Final.jar:/home/alex/.m2/repository/io/netty/netty-codec/4.1.48.Final/netty-codec-4.1.48.Final.jar:/home/alex/.m2/repository/io/netty/netty-handler/4.1.48.Final/netty-handler-4.1.48.Final.jar:/home/alex/.m2/repository/io/netty/netty-resolver/4.1.48.Final/netty-resolver-4.1.48.Final.jar:/home/alex/.m2/repository/io/netty/netty-codec-socks/4.1.48.Final/netty-codec-socks-4.1.48.Final.jar:/home/alex/.m2/repository/io/netty/netty-handler-proxy/4.1.48.Final/netty-handler-proxy-4.1.48.Final.jar:/home/alex/.m2/repository/io/netty/netty-transport-native-epoll/4.1.48.Final/netty-transport-native-epoll-4.1.48.Final-linux-x86_64.jar:/home/alex/.m2/repository/io/netty/netty-transport-native-unix-common/4.1.48.Final/netty-transport-native-unix-common-4.1.48.Final.jar:/home/alex/.m2/repository/io/netty/netty-transport-native-kqueue/4.1.48.Final/netty-transport-native-kqueue-4.1.48.Final-osx-x86_64.jar:/home/alex/.m2/repository/org/reactivestreams/reactive-streams/1.0.3/reactive-streams-1.0.3.jar:/home/alex/.m2/repository/com/typesafe/netty/netty-reactive-streams/2.0.4/netty-reactive-streams-2.0.4.jar:/home/alex/.m2/repository/com/sun/activation/javax.activation/1.2.0/javax.activation-1.2.0.jar:/home/alex/.m2/repository/org/apache/tez/tez-common/0.10.1/tez-common-0.10.1.jar:/home/alex/.m2/repository/org/apache/tez/tez-runtime-internals/0.10.1/tez-runtime-internals-0.10.1.jar:/home/alex/.m2/repository/org/apache/tez/hadoop-shim/0.10.1/hadoop-shim-0.10.1.jar:/home/alex/.m2/repository/org/apache/tez/tez-mapreduce/0.10.1/tez-mapreduce-0.10.1.jar:/home/alex/.m2/repository/org/apache/tez/tez-dag/0.10.1/tez-dag-0.10.1.jar:/home/alex/.m2/repository/org/apache/hadoop/hadoop-yarn-server-web-proxy/3.1.0/hadoop-yarn-server-web-proxy-3.1.0.jar:/home/alex/.m2/repository/org/apache/hadoop/hadoop-yarn-server-common/3.1.0/hadoop-yarn-server-common-3.1.0.jar:/home/alex/.m2/repository/org/apache/geronimo/specs/geronimo-jcache_1.0_spec/1.0-alpha-1/geronimo-jcache_1.0_spec-1.0-alpha-1.jar:/home/alex/.m2/repository/org/ehcache/ehcache/3.3.1/ehcache-3.3.1.jar:/home/alex/.m2/repository/com/zaxxer/HikariCP-java7/2.4.12/HikariCP-java7-2.4.12.jar:/home/alex/.m2/repository/org/apache/spark/spark-core_2.12/2.4.5/spark-core_2.12-2.4.5.jar:/home/alex/.m2/repository/com/twitter/chill_2.12/0.9.3/chill_2.12-0.9.3.jar:/home/alex/.m2/repository/com/twitter/chill-java/0.9.3/chill-java-0.9.3.jar:/home/alex/.m2/repository/org/apache/xbean/xbean-asm6-shaded/4.8/xbean-asm6-shaded-4.8.jar:/home/alex/.m2/repository/org/apache/hadoop/hadoop-client/3.1.0/hadoop-client-3.1.0.jar:/home/alex/.m2/repository/org/apache/hadoop/hadoop-mapreduce-client-jobclient/3.1.0/hadoop-mapreduce-client-jobclient-3.1.0.jar:/home/alex/.m2/repository/org/apache/spark/spark-launcher_2.12/2.4.5/spark-launcher_2.12-2.4.5.jar:/home/alex/.m2/repository/org/apache/spark/spark-kvstore_2.12/2.4.5/spark-kvstore_2.12-2.4.5.jar:/home/alex/.m2/repository/org/apache/spark/spark-network-common_2.12/2.4.5/spark-network-common_2.12-2.4.5.jar:/home/alex/.m2/repository/org/apache/spark/spark-network-shuffle_2.12/2.4.5/spark-network-shuffle_2.12-2.4.5.jar:/home/alex/.m2/repository/org/apache/spark/spark-unsafe_2.12/2.4.5/spark-unsafe_2.12-2.4.5.jar:/home/alex/.m2/repository/javax/activation/activation/1.1.1/activation-1.1.1.jar:/home/alex/.m2/repository/org/slf4j/jul-to-slf4j/1.7.16/jul-to-slf4j-1.7.16.jar:/home/alex/.m2/repository/org/slf4j/jcl-over-slf4j/1.7.16/jcl-over-slf4j-1.7.16.jar:/home/alex/.m2/repository/com/ning/compress-lzf/1.0.3/compress-lzf-1.0.3.jar:/home/alex/.m2/repository/org/lz4/lz4-java/1.4.0/lz4-java-1.4.0.jar:/home/alex/.m2/repository/com/github/luben/zstd-jni/1.3.2-2/zstd-jni-1.3.2-2.jar:/home/alex/.m2/repository/org/scala-lang/scala-library/2.12.10/scala-library-2.12.10.jar:/home/alex/.m2/repository/org/json4s/json4s-jackson_2.12/3.5.3/json4s-jackson_2.12-3.5.3.jar:/home/alex/.m2/repository/org/json4s/json4s-core_2.12/3.5.3/json4s-core_2.12-3.5.3.jar:/home/alex/.m2/repository/org/json4s/json4s-ast_2.12/3.5.3/json4s-ast_2.12-3.5.3.jar:/home/alex/.m2/repository/org/json4s/json4s-scalap_2.12/3.5.3/json4s-scalap_2.12-3.5.3.jar:/home/alex/.m2/repository/org/scala-lang/modules/scala-xml_2.12/1.0.6/scala-xml_2.12-1.0.6.jar:/home/alex/.m2/repository/com/clearspring/analytics/stream/2.7.0/stream-2.7.0.jar:/home/alex/.m2/repository/io/dropwizard/metrics/metrics-graphite/3.1.5/metrics-graphite-3.1.5.jar:/home/alex/.m2/repository/oro/oro/2.0.8/oro-2.0.8.jar:/home/alex/.m2/repository/net/razorvine/pyrolite/4.13/pyrolite-4.13.jar:/home/alex/.m2/repository/net/sf/py4j/py4j/0.10.7/py4j-0.10.7.jar:/home/alex/.m2/repository/org/apache/spark/spark-tags_2.12/2.4.5/spark-tags_2.12-2.4.5.jar:/home/alex/.m2/repository/org/spark-project/spark/unused/1.0.0/unused-1.0.0.jar:/home/alex/.m2/repository/com/sun/jersey/jersey-servlet/1.19/jersey-servlet-1.19.jar:/home/alex/.m2/repository/org/glassfish/jersey/core/jersey-server/2.22.2/jersey-server-2.22.2.jar:/home/alex/.m2/repository/org/glassfish/jersey/core/jersey-common/2.22.2/jersey-common-2.22.2.jar:/home/alex/.m2/repository/org/glassfish/jersey/bundles/repackaged/jersey-guava/2.22.2/jersey-guava-2.22.2.jar:/home/alex/.m2/repository/org/glassfish/hk2/osgi-resource-locator/1.0.1/osgi-resource-locator-1.0.1.jar:/home/alex/.m2/repository/org/glassfish/jersey/core/jersey-client/2.22.2/jersey-client-2.22.2.jar:/home/alex/.m2/repository/javax/ws/rs/javax.ws.rs-api/2.0.1/javax.ws.rs-api-2.0.1.jar:/home/alex/.m2/repository/org/glassfish/jersey/media/jersey-media-jaxb/2.22.2/jersey-media-jaxb-2.22.2.jar:/home/alex/.m2/repository/org/glassfish/hk2/hk2-api/2.4.0-b34/hk2-api-2.4.0-b34.jar:/home/alex/.m2/repository/org/glassfish/hk2/hk2-utils/2.4.0-b34/hk2-utils-2.4.0-b34.jar:/home/alex/.m2/repository/org/glassfish/hk2/external/aopalliance-repackaged/2.4.0-b34/aopalliance-repackaged-2.4.0-b34.jar:/home/alex/.m2/repository/org/glassfish/hk2/external/javax.inject/2.4.0-b34/javax.inject-2.4.0-b34.jar:/home/alex/.m2/repository/org/glassfish/hk2/hk2-locator/2.4.0-b34/hk2-locator-2.4.0-b34.jar:/home/alex/.m2/repository/javax/validation/validation-api/1.1.0.Final/validation-api-1.1.0.Final.jar:/home/alex/.m2/repository/org/glassfish/jersey/containers/jersey-container-servlet-core/2.22.2/jersey-container-servlet-core-2.22.2.jar:/home/alex/.m2/repository/org/hamcrest/hamcrest-all/1.3/hamcrest-all-1.3.jar:/home/alex/.m2/repository/org/powermock/powermock-module-junit4/2.0.2/powermock-module-junit4-2.0.2.jar:/home/alex/.m2/repository/org/powermock/powermock-module-junit4-common/2.0.2/powermock-module-junit4-common-2.0.2.jar:/home/alex/.m2/repository/org/powermock/powermock-reflect/2.0.2/powermock-reflect-2.0.2.jar:/home/alex/.m2/repository/org/powermock/powermock-core/2.0.2/powermock-core-2.0.2.jar:/home/alex/.m2/repository/org/powermock/powermock-api-mockito2/2.0.2/powermock-api-mockito2-2.0.2.jar:/home/alex/.m2/repository/org/powermock/powermock-api-support/2.0.2/powermock-api-support-2.0.2.jar:/home/alex/.m2/repository/com/google/guava/guava-testlib/19.0/guava-testlib-19.0.jar:/home/alex/.m2/repository/com/google/errorprone/error_prone_annotations/2.0.2/error_prone_annotations-2.0.2.jar:/home/alex/.m2/repository/com/google/re2j/re2j/1.2/re2j-1.2.jar:/home/alex/.m2/repository/org/reflections/reflections/0.9.10/reflections-0.9.10.jar:/home/alex/.m2/repository/org/javassist/javassist/3.19.0-GA/javassist-3.19.0-GA.jar:/home/alex/.m2/repository/com/jayway/jsonpath/json-path/2.4.0/json-path-2.4.0.jar:/home/alex/.m2/repository/net/minidev/json-smart/2.3/json-smart-2.3.jar:/home/alex/.m2/repository/net/minidev/accessors-smart/1.2/accessors-smart-1.2.jar:/home/alex/.m2/repository/org/ow2/asm/asm/5.0.4/asm-5.0.4.jar:/home/alex/.m2/repository/org/codehaus/janino/commons-compiler/3.0.11/commons-compiler-3.0.11.jar:/home/alex/.m2/repository/org/codehaus/janino/janino/3.0.11/janino-3.0.11.jar:/home/alex/.m2/repository/com/sun/jersey/contribs/jersey-multipart/1.19/jersey-multipart-1.19.jar:/home/alex/.m2/repository/org/jvnet/mimepull/mimepull/1.9.3/mimepull-1.9.3.jar:/home/alex/.m2/repository/org/apache/kafka/kafka-clients/2.5.0/kafka-clients-2.5.0.jar:/home/alex/.m2/repository/org/slf4j/slf4j-api/1.7.30/slf4j-api-1.7.30.jar:/home/alex/.m2/repository/org/mockito/mockito-core/3.4.4/mockito-core-3.4.4.jar:/home/alex/.m2/repository/net/bytebuddy/byte-buddy/1.10.13/byte-buddy-1.10.13.jar:/home/alex/.m2/repository/net/bytebuddy/byte-buddy-agent/1.10.13/byte-buddy-agent-1.10.13.jar:/home/alex/Repositories/hive/ql/target/testconf:/home/alex/Repositories/hive/ql/../conf:"/>
    <property name="sun.cpu.endian" value="little"/>
    <property name="user.home" value="/home/alex"/>
    <property name="user.language" value="en"/>
    <property name="java.security.krb5.conf" value="/home/alex/Repositories/hive/ql/target/testconf/krb5.conf"/>
    <property name="test.dfs.mkdir" value=""/>
    <property name="java.awt.graphicsenv" value="sun.awt.X11GraphicsEnvironment"/>
    <property name="nondexFilter" value=".*"/>
    <property name="nondexSeed" value="1016066"/>
    <property name="surefire.real.class.path" value="/home/alex/Repositories/hive/ql/target/surefire/surefirebooter5724872855599455535.jar"/>
    <property name="hadoop.log.dir" value="/home/alex/Repositories/hive/ql/target/tmp"/>
    <property name="java.net.preferIPv4Stack" value="true"/>
    <property name="path.separator" value=":"/>
    <property name="os.version" value="6.5.0-28-generic"/>
    <property name="java.endorsed.dirs" value="/usr/lib/jvm/java-8-openjdk-amd64/jre/lib/endorsed"/>
    <property name="java.runtime.name" value="OpenJDK Runtime Environment"/>
    <property name="hive.test.console.log.level" value="INFO"/>
    <property name="java.vm.name" value="OpenJDK 64-Bit Server VM"/>
    <property name="java.vendor.url.bug" value="http://bugreport.sun.com/bugreport/"/>
    <property name="maven.local.repository" value="/home/alex/.m2/repository"/>
    <property name="user.dir" value="/home/alex/Repositories/hive/ql"/>
    <property name="os.arch" value="amd64"/>
    <property name="nondexMode" value="FULL"/>
    <property name="user.language.format" value="pt"/>
    <property name="antlr.version" value="3.5.2"/>
    <property name="derby.version" value="10.14.1.0"/>
    <property name="java.vm.info" value="mixed mode"/>
    <property name="java.vm.version" value="25.402-b06"/>
    <property name="java.ext.dirs" value="/usr/lib/jvm/java-8-openjdk-amd64/jre/lib/ext:/usr/java/packages/lib/ext"/>
    <property name="test.output.overwrite" value=""/>
    <property name="java.class.version" value="52.0"/>
    <property name="hive.root" value="/home/alex/Repositories/hive/ql/../"/>
  </properties>
  <testcase name="basicOpenTxnsNoDirtyRead" classname="org.apache.hadoop.hive.ql.lockmgr.TestDbTxnManagerIsolationProperties" time="11.006"/>
  <testcase name="testRebuildMVWhenOpenTxnPresents" classname="org.apache.hadoop.hive.ql.lockmgr.TestDbTxnManagerIsolationProperties" time="6.286">
    <error type="(responseCode = 40000, errorMessage = FAILED"><![CDATA[(responseCode = 40000, errorMessage = FAILED: NoMatchingMethodException No matching method for class org.apache.hadoop.hive.ql.udf.UDFToInteger with (struct<writeid:bigint,bucketid:int,rowid:bigint>). Possible choices: _FUNC_(bigint)  _FUNC_(boolean)  _FUNC_(decimal(38,18))  _FUNC_(double)  _FUNC_(float)  _FUNC_(smallint)  _FUNC_(string)  _FUNC_(struct<writeid:bigint,rowid:bigint,bucketid:int>)  _FUNC_(timestamp)  _FUNC_(tinyint)  _FUNC_(void)  , hiveErrorCode = 40000, SQLState = 42000, exception = No matching method for class org.apache.hadoop.hive.ql.udf.UDFToInteger with (struct<writeid:bigint,bucketid:int,rowid:bigint>). Possible choices: _FUNC_(bigint)  _FUNC_(boolean)  _FUNC_(decimal(38,18))  _FUNC_(double)  _FUNC_(float)  _FUNC_(smallint)  _FUNC_(string)  _FUNC_(struct<writeid:bigint,rowid:bigint,bucketid:int>)  _FUNC_(timestamp)  _FUNC_(tinyint)  _FUNC_(void)  )
	at org.apache.hadoop.hive.ql.DriverUtils.createProcessorException(DriverUtils.java:153)
	at org.apache.hadoop.hive.ql.Compiler.handleException(Compiler.java:476)
	at org.apache.hadoop.hive.ql.Compiler.compile(Compiler.java:120)
	at org.apache.hadoop.hive.ql.Driver.compile(Driver.java:500)
	at org.apache.hadoop.hive.ql.Driver.compileInternal(Driver.java:453)
	at org.apache.hadoop.hive.ql.Driver.compileAndRespond(Driver.java:417)
	at org.apache.hadoop.hive.ql.Driver.compileAndRespond(Driver.java:411)
	at org.apache.hadoop.hive.ql.lockmgr.TestDbTxnManagerIsolationProperties.testRebuildMVWhenOpenTxnPresents(TestDbTxnManagerIsolationProperties.java:215)
	at sun.reflect.NativeMethodAccessorImpl.invoke0(Native Method)
	at sun.reflect.NativeMethodAccessorImpl.invoke(NativeMethodAccessorImpl.java:62)
	at sun.reflect.DelegatingMethodAccessorImpl.invoke(DelegatingMethodAccessorImpl.java:43)
	at java.lang.reflect.Method.invoke(Method.java:498)
	at org.junit.runners.model.FrameworkMethod$1.runReflectiveCall(FrameworkMethod.java:59)
	at org.junit.internal.runners.model.ReflectiveCallable.run(ReflectiveCallable.java:12)
	at org.junit.runners.model.FrameworkMethod.invokeExplosively(FrameworkMethod.java:56)
	at org.junit.internal.runners.statements.InvokeMethod.evaluate(InvokeMethod.java:17)
	at org.junit.internal.runners.statements.RunBefores.evaluate(RunBefores.java:26)
	at org.junit.internal.runners.statements.RunAfters.evaluate(RunAfters.java:27)
	at org.junit.runners.ParentRunner$3.evaluate(ParentRunner.java:306)
	at org.junit.runners.BlockJUnit4ClassRunner$1.evaluate(BlockJUnit4ClassRunner.java:100)
	at org.junit.runners.ParentRunner.runLeaf(ParentRunner.java:366)
	at org.junit.runners.BlockJUnit4ClassRunner.runChild(BlockJUnit4ClassRunner.java:103)
	at org.junit.runners.BlockJUnit4ClassRunner.runChild(BlockJUnit4ClassRunner.java:63)
	at org.junit.runners.ParentRunner$4.run(ParentRunner.java:331)
	at org.junit.runners.ParentRunner$1.schedule(ParentRunner.java:79)
	at org.junit.runners.ParentRunner.runChildren(ParentRunner.java:329)
	at org.junit.runners.ParentRunner.access$100(ParentRunner.java:66)
	at org.junit.runners.ParentRunner$2.evaluate(ParentRunner.java:293)
	at org.junit.internal.runners.statements.RunBefores.evaluate(RunBefores.java:26)
	at org.junit.runners.ParentRunner$3.evaluate(ParentRunner.java:306)
	at org.junit.runners.ParentRunner.run(ParentRunner.java:413)
	at org.junit.runner.JUnitCore.run(JUnitCore.java:137)
	at org.junit.runner.JUnitCore.run(JUnitCore.java:115)
	at org.junit.vintage.engine.execution.RunnerExecutor.execute(RunnerExecutor.java:43)
	at java.util.stream.ForEachOps$ForEachOp$OfRef.accept(ForEachOps.java:183)
	at java.util.stream.ReferencePipeline$3$1.accept(ReferencePipeline.java:193)
	at java.util.Iterator.forEachRemaining(Iterator.java:116)
	at java.util.Spliterators$IteratorSpliterator.forEachRemaining(Spliterators.java:1801)
	at java.util.stream.AbstractPipeline.copyInto(AbstractPipeline.java:482)
	at java.util.stream.AbstractPipeline.wrapAndCopyInto(AbstractPipeline.java:472)
	at java.util.stream.ForEachOps$ForEachOp.evaluateSequential(ForEachOps.java:150)
	at java.util.stream.ForEachOps$ForEachOp$OfRef.evaluateSequential(ForEachOps.java:173)
	at java.util.stream.AbstractPipeline.evaluate(AbstractPipeline.java:234)
	at java.util.stream.ReferencePipeline.forEach(ReferencePipeline.java:485)
	at org.junit.vintage.engine.VintageTestEngine.executeAllChildren(VintageTestEngine.java:82)
	at org.junit.vintage.engine.VintageTestEngine.execute(VintageTestEngine.java:73)
	at org.junit.platform.launcher.core.DefaultLauncher.execute(DefaultLauncher.java:248)
	at org.junit.platform.launcher.core.DefaultLauncher.lambda$execute$5(DefaultLauncher.java:211)
	at org.junit.platform.launcher.core.DefaultLauncher.withInterceptedStreams(DefaultLauncher.java:226)
	at org.junit.platform.launcher.core.DefaultLauncher.execute(DefaultLauncher.java:199)
	at org.junit.platform.launcher.core.DefaultLauncher.execute(DefaultLauncher.java:132)
	at org.apache.maven.surefire.junitplatform.JUnitPlatformProvider.invokeAllTests(JUnitPlatformProvider.java:154)
	at org.apache.maven.surefire.junitplatform.JUnitPlatformProvider.invoke(JUnitPlatformProvider.java:123)
	at org.apache.maven.surefire.booter.ForkedBooter.runSuitesInProcess(ForkedBooter.java:377)
	at org.apache.maven.surefire.booter.ForkedBooter.execute(ForkedBooter.java:138)
	at org.apache.maven.surefire.booter.ForkedBooter.run(ForkedBooter.java:465)
	at org.apache.maven.surefire.booter.ForkedBooter.main(ForkedBooter.java:451)
Caused by: org.apache.hadoop.hive.ql.exec.NoMatchingMethodException: No matching method for class org.apache.hadoop.hive.ql.udf.UDFToInteger with (struct<writeid:bigint,bucketid:int,rowid:bigint>). Possible choices: _FUNC_(bigint)  _FUNC_(boolean)  _FUNC_(decimal(38,18))  _FUNC_(double)  _FUNC_(float)  _FUNC_(smallint)  _FUNC_(string)  _FUNC_(struct<writeid:bigint,rowid:bigint,bucketid:int>)  _FUNC_(timestamp)  _FUNC_(tinyint)  _FUNC_(void)  
	at org.apache.hadoop.hive.ql.exec.MethodUtils.getMethodInternal(MethodUtils.java:130)
	at org.apache.hadoop.hive.ql.exec.MethodUtils.getMethodInternal(MethodUtils.java:60)
	at org.apache.hadoop.hive.ql.exec.DefaultUDFMethodResolver.getEvalMethod(DefaultUDFMethodResolver.java:59)
	at org.apache.hadoop.hive.ql.udf.TimestampCastRestrictorResolver.getEvalMethod(TimestampCastRestrictorResolver.java:68)
	at org.apache.hadoop.hive.ql.udf.generic.GenericUDFBridge.initialize(GenericUDFBridge.java:168)
	at org.apache.hadoop.hive.ql.udf.generic.GenericUDF.initializeAndFoldConstants(GenericUDF.java:149)
	at org.apache.hadoop.hive.ql.plan.ExprNodeGenericFuncDesc.newInstance(ExprNodeGenericFuncDesc.java:235)
	at org.apache.hadoop.hive.ql.parse.type.ExprNodeDescExprFactory.createFuncCallExpr(ExprNodeDescExprFactory.java:584)
	at org.apache.hadoop.hive.ql.parse.type.ExprNodeDescExprFactory.createFuncCallExpr(ExprNodeDescExprFactory.java:97)
	at org.apache.hadoop.hive.ql.parse.type.TypeCheckProcFactory$DefaultExprProcessor.getFuncExprNodeDescWithUdfData(TypeCheckProcFactory.java:762)
	at org.apache.hadoop.hive.ql.parse.type.TypeCheckProcFactory$DefaultExprProcessor.createConversionCast(TypeCheckProcFactory.java:783)
	at org.apache.hadoop.hive.ql.parse.SemanticAnalyzer.getPartitionColsFromBucketColsForUpdateDelete(SemanticAnalyzer.java:8725)
	at org.apache.hadoop.hive.ql.parse.SemanticAnalyzer.genBucketingSortingDest(SemanticAnalyzer.java:6914)
	at org.apache.hadoop.hive.ql.parse.SemanticAnalyzer.genFileSinkPlan(SemanticAnalyzer.java:7335)
	at org.apache.hadoop.hive.ql.parse.SemanticAnalyzer.genPostGroupByBodyPlan(SemanticAnalyzer.java:11063)
	at org.apache.hadoop.hive.ql.parse.SemanticAnalyzer.genBodyPlan(SemanticAnalyzer.java:10938)
	at org.apache.hadoop.hive.ql.parse.SemanticAnalyzer.genPlan(SemanticAnalyzer.java:11853)
	at org.apache.hadoop.hive.ql.parse.SemanticAnalyzer.genPlan(SemanticAnalyzer.java:11723)
	at org.apache.hadoop.hive.ql.parse.CalcitePlanner.genOPTree(CalcitePlanner.java:626)
	at org.apache.hadoop.hive.ql.parse.SemanticAnalyzer.analyzeInternal(SemanticAnalyzer.java:12558)
	at org.apache.hadoop.hive.ql.parse.CalcitePlanner.analyzeInternal(CalcitePlanner.java:456)
	at org.apache.hadoop.hive.ql.parse.RewriteSemanticAnalyzer.analyzeInternal(RewriteSemanticAnalyzer.java:67)
	at org.apache.hadoop.hive.ql.parse.BaseSemanticAnalyzer.analyze(BaseSemanticAnalyzer.java:317)
	at org.apache.hadoop.hive.ql.parse.UpdateDeleteSemanticAnalyzer.reparseAndSuperAnalyze(UpdateDeleteSemanticAnalyzer.java:208)
	at org.apache.hadoop.hive.ql.parse.UpdateDeleteSemanticAnalyzer.analyzeDelete(UpdateDeleteSemanticAnalyzer.java:68)
	at org.apache.hadoop.hive.ql.parse.UpdateDeleteSemanticAnalyzer.analyze(UpdateDeleteSemanticAnalyzer.java:50)
	at org.apache.hadoop.hive.ql.parse.RewriteSemanticAnalyzer.analyzeInternal(RewriteSemanticAnalyzer.java:72)
	at org.apache.hadoop.hive.ql.parse.BaseSemanticAnalyzer.analyze(BaseSemanticAnalyzer.java:317)
	at org.apache.hadoop.hive.ql.Compiler.analyze(Compiler.java:223)
	at org.apache.hadoop.hive.ql.Compiler.compile(Compiler.java:105)
	... 54 more
]]></error>
    <system-err><![CDATA[ivysettings.xml file not found in HIVE_HOME or HIVE_CONF_DIR,/home/alex/Repositories/hive/conf/ivysettings.xml will be used
2024-04-24T02:56:45,155  INFO [main] DependencyResolver: ivysettings.xml file not found in HIVE_HOME or HIVE_CONF_DIR,/home/alex/Repositories/hive/conf/ivysettings.xml will be used
2024-04-24T02:56:45,160  INFO [main] utils.TestTxnDbUtil: Cleaning transactional tables
2024-04-24T02:56:45,201  INFO [main] ql.Driver: Compiling command(queryId=alex_20240424025645_57fa53d1-76e4-4efe-a400-c0c98b03a88c): drop table if exists t1
2024-04-24T02:56:45,214  INFO [main] txn.TxnHandler: Added entries to MIN_HISTORY_LEVEL for current txns: ([1]) with min_open_txn: 1
2024-04-24T02:56:45,215  INFO [main] lockmgr.DbTxnManager: Opened txnid:1
2024-04-24T02:56:45,218  INFO [main] HiveMetaStore.audit: ugi=alex	ip=unknown-ip-addr	cmd=get_table : tbl=hive.default.t1	
2024-04-24T02:56:45,224  INFO [main] ql.Driver: Semantic Analysis Completed (retrial = false)
2024-04-24T02:56:45,224  INFO [main] ql.Driver: Created Hive schema: Schema(fieldSchemas:null, properties:null)
2024-04-24T02:56:45,224  INFO [main] metadata.Hive: Dumping metastore api call timing information for : compilation phase
2024-04-24T02:56:45,224  INFO [main] metadata.Hive: Total time spent in each metastore function (ms): {isCompatibleWith_(Configuration)=2, openTxn_(String, TxnType)=13, flushCache_()=0, getValidTxns_(long)=3, commitTxn_(CommitTxnRequest)=20}
2024-04-24T02:56:45,224  INFO [main] ql.Driver: Completed compiling command(queryId=alex_20240424025645_57fa53d1-76e4-4efe-a400-c0c98b03a88c); Time taken: 0.023 seconds
2024-04-24T02:56:45,224  INFO [main] lockmgr.DbTxnManager: Setting lock request transaction to txnid:1 for queryId=alex_20240424025645_57fa53d1-76e4-4efe-a400-c0c98b03a88c
2024-04-24T02:56:45,224  INFO [main] ql.Driver: Operation DROPTABLE obtained 0 locks
2024-04-24T02:56:45,225  INFO [main] ql.Driver: Executing command(queryId=alex_20240424025645_57fa53d1-76e4-4efe-a400-c0c98b03a88c): drop table if exists t1
PREHOOK: query: drop table if exists t1
2024-04-24T02:56:45,225  INFO [main] SessionState: PREHOOK: query: drop table if exists t1
PREHOOK: type: DROPTABLE
2024-04-24T02:56:45,225  INFO [main] SessionState: PREHOOK: type: DROPTABLE
2024-04-24T02:56:45,225  INFO [main] ql.Driver: Starting task [Stage-0:DDL] in serial mode
2024-04-24T02:56:45,226  INFO [main] HiveMetaStore.audit: ugi=alex	ip=unknown-ip-addr	cmd=get_table : tbl=hive.default.t1	
POSTHOOK: query: drop table if exists t1
2024-04-24T02:56:45,228  INFO [main] SessionState: POSTHOOK: query: drop table if exists t1
POSTHOOK: type: DROPTABLE
2024-04-24T02:56:45,228  INFO [main] SessionState: POSTHOOK: type: DROPTABLE
2024-04-24T02:56:45,228  INFO [main] metadata.Hive: Dumping metastore api call timing information for : execution phase
2024-04-24T02:56:45,229  INFO [main] metadata.Hive: Total time spent in each metastore function (ms): {isCompatibleWith_(Configuration)=0}
2024-04-24T02:56:45,229  INFO [main] ql.Driver: Completed executing command(queryId=alex_20240424025645_57fa53d1-76e4-4efe-a400-c0c98b03a88c); Time taken: 0.003 seconds
2024-04-24T02:56:45,229  INFO [main] lockmgr.DbTxnManager: Stopped heartbeat for query: alex_20240424025645_57fa53d1-76e4-4efe-a400-c0c98b03a88c
2024-04-24T02:56:45,236  INFO [main] txn.TxnHandler: Expected to move at least one record from txn_components to completed_txn_components when committing txn! txnid:1
2024-04-24T02:56:45,244  INFO [main] txn.TxnHandler: Removed transactions: ([1]) from MIN_HISTORY_LEVEL
2024-04-24T02:56:45,244  WARN [main] txn.CompactionTxnHandler: No compaction queue record found for Compaction type transaction commit. txnId:1
2024-04-24T02:56:45,245  INFO [main] ql.Driver: Compiling command(queryId=alex_20240424025645_eb18adbe-709c-4126-8011-6506cab9a2bc): create table t1 (a int, b int) stored as orc TBLPROPERTIES ('transactional'='true')
2024-04-24T02:56:45,249  INFO [main] txn.TxnHandler: Added entries to MIN_HISTORY_LEVEL for current txns: ([2]) with min_open_txn: 1
2024-04-24T02:56:45,249  INFO [main] lockmgr.DbTxnManager: Opened txnid:2
2024-04-24T02:56:45,250  INFO [main] parse.CalcitePlanner: Starting caching scope for: 
2024-04-24T02:56:45,250  INFO [main] parse.CalcitePlanner: Starting Semantic Analysis
2024-04-24T02:56:45,250  INFO [main] sqlstd.SQLStdHiveAccessController: Created SQLStdHiveAccessController for session context : HiveAuthzSessionContext [sessionString=3c7ffc2a-7b5d-42ee-980e-828de3300e7c, clientType=HIVECLI]
2024-04-24T02:56:45,256  INFO [main] parse.CalcitePlanner: Creating table default.t1 position=13
2024-04-24T02:56:45,257  INFO [main] HiveMetaStore.audit: ugi=alex	ip=unknown-ip-addr	cmd=get_database: default	
2024-04-24T02:56:45,258  INFO [main] parse.CalcitePlanner: Ending caching scope for: 
2024-04-24T02:56:45,258  INFO [main] ql.Driver: Semantic Analysis Completed (retrial = false)
2024-04-24T02:56:45,258  INFO [main] ql.Driver: Created Hive schema: Schema(fieldSchemas:null, properties:null)
2024-04-24T02:56:45,258  INFO [main] metadata.Hive: Dumping metastore api call timing information for : compilation phase
2024-04-24T02:56:45,258  INFO [main] metadata.Hive: Total time spent in each metastore function (ms): {getDatabase_(String)=2, isCompatibleWith_(Configuration)=0, commitTxn_(CommitTxnRequest)=15, getValidWriteIds_(List, String)=5, getValidTxns_(long)=1, flushCache_()=0, openTxn_(String, TxnType)=3}
2024-04-24T02:56:45,258  INFO [main] ql.Driver: Completed compiling command(queryId=alex_20240424025645_eb18adbe-709c-4126-8011-6506cab9a2bc); Time taken: 0.013 seconds
2024-04-24T02:56:45,259  INFO [main] lockmgr.DbTxnManager: Setting lock request transaction to txnid:2 for queryId=alex_20240424025645_eb18adbe-709c-4126-8011-6506cab9a2bc
2024-04-24T02:56:45,259  INFO [main] lockmgr.DbLockManager: Requesting lock for queryId=alex_20240424025645_eb18adbe-709c-4126-8011-6506cab9a2bc
2024-04-24T02:56:45,287  INFO [main] lockmgr.DbLockManager: Response to queryId=alex_20240424025645_eb18adbe-709c-4126-8011-6506cab9a2bc LockResponse(lockid:1, state:ACQUIRED)
2024-04-24T02:56:45,287  INFO [main] ql.Driver: Operation CREATETABLE obtained 1 locks
2024-04-24T02:56:45,288  INFO [main] ql.Driver: Executing command(queryId=alex_20240424025645_eb18adbe-709c-4126-8011-6506cab9a2bc): create table t1 (a int, b int) stored as orc TBLPROPERTIES ('transactional'='true')
PREHOOK: query: create table t1 (a int, b int) stored as orc TBLPROPERTIES ('transactional'='true')
2024-04-24T02:56:45,288  INFO [main] SessionState: PREHOOK: query: create table t1 (a int, b int) stored as orc TBLPROPERTIES ('transactional'='true')
PREHOOK: type: CREATETABLE
2024-04-24T02:56:45,289  INFO [main] SessionState: PREHOOK: type: CREATETABLE
PREHOOK: Output: database:default
2024-04-24T02:56:45,289  INFO [main] SessionState: PREHOOK: Output: database:default
PREHOOK: Output: default@t1
2024-04-24T02:56:45,289  INFO [main] SessionState: PREHOOK: Output: default@t1
2024-04-24T02:56:45,289  INFO [main] ql.Driver: Starting task [Stage-0:DDL] in serial mode
2024-04-24T02:56:45,291  INFO [main] HiveMetaStore.audit: ugi=alex	ip=unknown-ip-addr	cmd=create_table_req: Table(tableName:t1, dbName:default, owner:alex, createTime:1713952605, lastAccessTime:0, retention:0, sd:StorageDescriptor(cols:[FieldSchema(name:a, type:int, comment:null), FieldSchema(name:b, type:int, comment:null)], location:null, inputFormat:org.apache.hadoop.hive.ql.io.orc.OrcInputFormat, outputFormat:org.apache.hadoop.hive.ql.io.orc.OrcOutputFormat, compressed:false, numBuckets:-1, serdeInfo:SerDeInfo(name:null, serializationLib:org.apache.hadoop.hive.ql.io.orc.OrcSerde, parameters:{serialization.format=1}), bucketCols:[], sortCols:[], parameters:{}, skewedInfo:SkewedInfo(skewedColNames:[], skewedColValues:[], skewedColValueLocationMaps:{}), storedAsSubDirectories:false), partitionKeys:[], parameters:{transactional=true, bucketing_version=2, numFilesErasureCoded=0, COLUMN_STATS_ACCURATE={"BASIC_STATS":"true","COLUMN_STATS":{"a":"true","b":"true"}}, numFiles=0, numRows=0, rawDataSize=0, totalSize=0}, viewOriginalText:null, viewExpandedText:null, tableType:MANAGED_TABLE, privileges:PrincipalPrivilegeSet(userPrivileges:{alex=[PrivilegeGrantInfo(privilege:INSERT, createTime:-1, grantor:alex, grantorType:USER, grantOption:true), PrivilegeGrantInfo(privilege:SELECT, createTime:-1, grantor:alex, grantorType:USER, grantOption:true), PrivilegeGrantInfo(privilege:UPDATE, createTime:-1, grantor:alex, grantorType:USER, grantOption:true), PrivilegeGrantInfo(privilege:DELETE, createTime:-1, grantor:alex, grantorType:USER, grantOption:true)]}, groupPrivileges:null, rolePrivileges:null), temporary:false, catName:hive, ownerType:USER, writeId:0)	
2024-04-24T02:56:45,296  INFO [main] utils.FileUtils: Creating directory if it doesn't exist: pfile:/home/alex/Repositories/hive/ql/target/warehouse/t1
POSTHOOK: query: create table t1 (a int, b int) stored as orc TBLPROPERTIES ('transactional'='true')
2024-04-24T02:56:45,339  INFO [main] SessionState: POSTHOOK: query: create table t1 (a int, b int) stored as orc TBLPROPERTIES ('transactional'='true')
POSTHOOK: type: CREATETABLE
2024-04-24T02:56:45,339  INFO [main] SessionState: POSTHOOK: type: CREATETABLE
POSTHOOK: Output: database:default
2024-04-24T02:56:45,339  INFO [main] SessionState: POSTHOOK: Output: database:default
POSTHOOK: Output: default@t1
2024-04-24T02:56:45,339  INFO [main] SessionState: POSTHOOK: Output: default@t1
2024-04-24T02:56:45,339  INFO [main] metadata.Hive: Dumping metastore api call timing information for : execution phase
2024-04-24T02:56:45,340  INFO [main] metadata.Hive: Total time spent in each metastore function (ms): {isCompatibleWith_(Configuration)=0, createTable_(Table)=49}
2024-04-24T02:56:45,340  INFO [main] ql.Driver: Completed executing command(queryId=alex_20240424025645_eb18adbe-709c-4126-8011-6506cab9a2bc); Time taken: 0.051 seconds
2024-04-24T02:56:45,340  INFO [main] lockmgr.DbTxnManager: Stopped heartbeat for query: alex_20240424025645_eb18adbe-709c-4126-8011-6506cab9a2bc
2024-04-24T02:56:45,345  INFO [main] txn.TxnHandler: Expected to move at least one record from txn_components to completed_txn_components when committing txn! txnid:2
2024-04-24T02:56:45,353  INFO [main] txn.TxnHandler: Removed transactions: ([2]) from MIN_HISTORY_LEVEL
2024-04-24T02:56:45,354  WARN [main] txn.CompactionTxnHandler: No compaction queue record found for Compaction type transaction commit. txnId:2
2024-04-24T02:56:45,355  INFO [main] ql.Driver: Compiling command(queryId=alex_20240424025645_bf8ad464-ce43-4a52-a412-41e98a32a9fd): insert into t1 values(1,2),(2,2)
2024-04-24T02:56:45,359  INFO [main] txn.TxnHandler: Added entries to MIN_HISTORY_LEVEL for current txns: ([3]) with min_open_txn: 1
2024-04-24T02:56:45,359  INFO [main] lockmgr.DbTxnManager: Opened txnid:3
2024-04-24T02:56:45,360  INFO [main] parse.CalcitePlanner: Starting caching scope for: 
2024-04-24T02:56:45,361  INFO [main] parse.CalcitePlanner: Starting Semantic Analysis
2024-04-24T02:56:45,365  INFO [main] HiveMetaStore.audit: ugi=alex	ip=unknown-ip-addr	cmd=get_table : tbl=hive.default.t1	
2024-04-24T02:56:45,390  INFO [main] metastore.HMSHandler: Skipping translation for processor with null
2024-04-24T02:56:45,390  INFO [main] parse.CalcitePlanner: Completed phase 1 of Semantic Analysis
2024-04-24T02:56:45,390  INFO [main] parse.CalcitePlanner: Get metadata for source tables
2024-04-24T02:56:45,390  INFO [main] parse.CalcitePlanner: Get metadata for subqueries
2024-04-24T02:56:45,390  INFO [main] parse.CalcitePlanner: Get metadata for destination tables
2024-04-24T02:56:45,390  INFO [main] HiveMetaStore.audit: ugi=alex	ip=unknown-ip-addr	cmd=get_table : tbl=hive.default.t1	
2024-04-24T02:56:45,400  INFO [main] metastore.HMSHandler: Skipping translation for processor with null
2024-04-24T02:56:45,401  INFO [main] parse.CalcitePlanner: Completed getting MetaData in Semantic Analysis
2024-04-24T02:56:45,401  INFO [main] parse.CalcitePlanner: Disabling LLAP IO encode as ETL query is detected
2024-04-24T02:56:45,422  INFO [main] HiveMetaStore.audit: ugi=alex	ip=unknown-ip-addr	cmd=get_all_table_constraints : tbl=hive._dummy_database._dummy_table	
2024-04-24T02:56:45,515  INFO [main] parse.CalcitePlanner: Get metadata for source tables
2024-04-24T02:56:45,515  INFO [main] parse.CalcitePlanner: Get metadata for subqueries
2024-04-24T02:56:45,515  INFO [main] parse.CalcitePlanner: Get metadata for source tables
2024-04-24T02:56:45,516  INFO [main] HiveMetaStore.audit: ugi=alex	ip=unknown-ip-addr	cmd=get_table : tbl=hive._dummy_database._dummy_table	
2024-04-24T02:56:45,519  INFO [main] parse.CalcitePlanner: Get metadata for subqueries
2024-04-24T02:56:45,519  INFO [main] parse.CalcitePlanner: Get metadata for destination tables
2024-04-24T02:56:45,519  INFO [main] parse.CalcitePlanner: Get metadata for destination tables
2024-04-24T02:56:45,519  INFO [main] HiveMetaStore.audit: ugi=alex	ip=unknown-ip-addr	cmd=get_table : tbl=hive.default.t1	
2024-04-24T02:56:45,529  INFO [main] metastore.HMSHandler: Skipping translation for processor with null
2024-04-24T02:56:45,531  INFO [main] HiveMetaStore.audit: ugi=alex	ip=unknown-ip-addr	cmd=get_not_null_constraints : tbl=hive.default.t1	
2024-04-24T02:56:45,533  INFO [main] HiveMetaStore.audit: ugi=alex	ip=unknown-ip-addr	cmd=get_check_constraints : tbl=hive.default.t1	
2024-04-24T02:56:45,545  INFO [main] txn.TxnHandler: Allocated writeId: 1 for txnId: 3
2024-04-24T02:56:45,545  INFO [main] txn.TxnHandler: Allocated write ids for dbName=default, tblName=t1 (txnIds: [3])
2024-04-24T02:56:45,546  INFO [main] common.FileUtils: Creating directory if it doesn't exist: pfile:/home/alex/Repositories/hive/ql/target/warehouse/t1/.hive-staging_hive_2024-04-24_02-56-45_355_5393029378218314724-1
2024-04-24T02:56:45,551  INFO [main] parse.CalcitePlanner: Generate an operator pipeline to autogather column stats for table t1 in query insert into t1 values(1,2),(2,2)
2024-04-24T02:56:45,553  INFO [main] HiveMetaStore.audit: ugi=alex	ip=unknown-ip-addr	cmd=get_table : tbl=hive.default.t1	
2024-04-24T02:56:45,563  INFO [main] metastore.HMSHandler: Skipping translation for processor with null
2024-04-24T02:56:45,567  INFO [main] parse.CalcitePlanner: Get metadata for source tables
2024-04-24T02:56:45,570  INFO [main] HiveMetaStore.audit: ugi=alex	ip=unknown-ip-addr	cmd=get_table : tbl=hive.default.t1	
2024-04-24T02:56:45,580  INFO [main] metastore.HMSHandler: Skipping translation for processor with null
2024-04-24T02:56:45,581  INFO [main] parse.CalcitePlanner: Get metadata for subqueries
2024-04-24T02:56:45,581  INFO [main] parse.CalcitePlanner: Get metadata for destination tables
2024-04-24T02:56:45,586  INFO [main] common.FileUtils: Creating directory if it doesn't exist: file:/home/alex/Repositories/hive/ql/target/tmp/localscratchdir/3c7ffc2a-7b5d-42ee-980e-828de3300e7c/hive_2024-04-24_02-56-45_551_7287393647680886515-1/-mr-10000/.hive-staging_hive_2024-04-24_02-56-45_551_7287393647680886515-1
2024-04-24T02:56:45,594  INFO [main] parse.CalcitePlanner: CBO Succeeded; optimized logical plan.
2024-04-24T02:56:45,602  INFO [main] optimizer.ColumnPrunerProcFactory: RS 8 oldColExprMap: {VALUE._col2=Column[_col2], VALUE._col1=Column[_col1], VALUE._col4=Column[_col4], VALUE._col0=Column[_col0], VALUE._col8=Column[_col8], VALUE._col3=Column[_col3], VALUE._col7=Column[_col7], VALUE._col5=Column[_col5], VALUE._col6=Column[_col6]}
2024-04-24T02:56:45,602  INFO [main] optimizer.ColumnPrunerProcFactory: RS 8 newColExprMap: {VALUE._col1=Column[_col1], VALUE._col6=Column[_col6], VALUE._col5=Column[_col5], VALUE._col7=Column[_col7], VALUE._col3=Column[_col3], VALUE._col2=Column[_col2], VALUE._col8=Column[_col8], VALUE._col0=Column[_col0], VALUE._col4=Column[_col4]}
2024-04-24T02:56:45,604  INFO [main] optimizer.BucketVersionPopulator: not considering bucketingVersion for: TS[0] because it has -1<2 buckets 
2024-04-24T02:56:45,605  INFO [main] optimizer.SortedDynPartitionOptimizer: Sorted dynamic partitioning optimization kicked in..
2024-04-24T02:56:45,605  INFO [main] optimizer.SortedDynPartitionOptimizer: Sorted dynamic partitioning optimization kicked in..
2024-04-24T02:56:45,614  INFO [main] HiveMetaStore.audit: ugi=alex	ip=unknown-ip-addr	cmd=get_table : tbl=hive.default.t1	
2024-04-24T02:56:45,624  INFO [main] metastore.HMSHandler: Skipping translation for processor with null
2024-04-24T02:56:45,625  INFO [main] common.HiveStatsUtils: Error requested is 20.0%
2024-04-24T02:56:45,625  INFO [main] common.HiveStatsUtils: Choosing 16 bit vectors..
2024-04-24T02:56:45,625  INFO [main] parse.CalcitePlanner: Completed plan generation
2024-04-24T02:56:45,625  INFO [main] parse.CalcitePlanner: Ending caching scope for: 
2024-04-24T02:56:45,625  INFO [main] ql.Driver: Semantic Analysis Completed (retrial = false)
2024-04-24T02:56:45,625  INFO [main] ql.Driver: Created Hive schema: Schema(fieldSchemas:[FieldSchema(name:col1, type:int, comment:null), FieldSchema(name:col2, type:int, comment:null)], properties:null)
2024-04-24T02:56:45,625  INFO [main] metadata.Hive: Dumping metastore api call timing information for : compilation phase
2024-04-24T02:56:45,625  INFO [main] metadata.Hive: Total time spent in each metastore function (ms): {isCompatibleWith_(Configuration)=3, openTxn_(String, TxnType)=3, flushCache_()=0, getValidTxns_(long)=0, getCheckConstraints_(CheckConstraintsRequest)=1, getAllTableConstraints_(AllTableConstraintsRequest)=41, getTable_(GetTableRequest)=79, allocateTableWriteId_(long, String, String)=10, getValidWriteIds_(List, String)=7, getNotNullConstraints_(NotNullConstraintsRequest)=2, commitTxn_(CommitTxnRequest)=14}
2024-04-24T02:56:45,625  INFO [main] ql.Driver: Completed compiling command(queryId=alex_20240424025645_bf8ad464-ce43-4a52-a412-41e98a32a9fd); Time taken: 0.27 seconds
2024-04-24T02:56:45,626  INFO [main] lockmgr.DbTxnManager: Setting lock request transaction to txnid:3 for queryId=alex_20240424025645_bf8ad464-ce43-4a52-a412-41e98a32a9fd
2024-04-24T02:56:45,626  INFO [main] lockmgr.DbLockManager: Requesting lock for queryId=alex_20240424025645_bf8ad464-ce43-4a52-a412-41e98a32a9fd
2024-04-24T02:56:45,648  INFO [main] lockmgr.DbLockManager: Response to queryId=alex_20240424025645_bf8ad464-ce43-4a52-a412-41e98a32a9fd LockResponse(lockid:2, state:ACQUIRED)
2024-04-24T02:56:45,648  INFO [main] ql.Driver: Operation QUERY obtained 1 locks
2024-04-24T02:56:45,649  INFO [main] ql.Driver: Executing command(queryId=alex_20240424025645_bf8ad464-ce43-4a52-a412-41e98a32a9fd): insert into t1 values(1,2),(2,2)
PREHOOK: query: insert into t1 values(1,2),(2,2)
2024-04-24T02:56:45,649  INFO [main] SessionState: PREHOOK: query: insert into t1 values(1,2),(2,2)
PREHOOK: type: QUERY
2024-04-24T02:56:45,649  INFO [main] SessionState: PREHOOK: type: QUERY
PREHOOK: Input: _dummy_database@_dummy_table
2024-04-24T02:56:45,649  INFO [main] SessionState: PREHOOK: Input: _dummy_database@_dummy_table
PREHOOK: Output: default@t1
2024-04-24T02:56:45,649  INFO [main] SessionState: PREHOOK: Output: default@t1
2024-04-24T02:56:45,650  WARN [main] ql.Driver: Hive-on-MR is deprecated in Hive 2 and may not be available in the future versions. Consider using a different execution engine (i.e. tez, spark) or using Hive 1.X releases.
Query ID = alex_20240424025645_bf8ad464-ce43-4a52-a412-41e98a32a9fd
2024-04-24T02:56:45,650  INFO [main] ql.Driver: Query ID = alex_20240424025645_bf8ad464-ce43-4a52-a412-41e98a32a9fd
Total jobs = 1
2024-04-24T02:56:45,650  INFO [main] ql.Driver: Total jobs = 1
Launching Job 1 out of 1
2024-04-24T02:56:45,650  INFO [main] ql.Driver: Launching Job 1 out of 1
2024-04-24T02:56:45,776  INFO [main] ql.Driver: Starting task [Stage-1:MAPRED] in serial mode
Number of reduce tasks determined at compile time: 1
2024-04-24T02:56:45,776  INFO [main] exec.Task: Number of reduce tasks determined at compile time: 1
In order to change the average load for a reducer (in bytes):
2024-04-24T02:56:45,776  INFO [main] exec.Task: In order to change the average load for a reducer (in bytes):
  set hive.exec.reducers.bytes.per.reducer=<number>
2024-04-24T02:56:45,776  INFO [main] exec.Task:   set hive.exec.reducers.bytes.per.reducer=<number>
In order to limit the maximum number of reducers:
2024-04-24T02:56:45,776  INFO [main] exec.Task: In order to limit the maximum number of reducers:
  set hive.exec.reducers.max=<number>
2024-04-24T02:56:45,776  INFO [main] exec.Task:   set hive.exec.reducers.max=<number>
In order to set a constant number of reducers:
2024-04-24T02:56:45,776  INFO [main] exec.Task: In order to set a constant number of reducers:
  set mapreduce.job.reduces=<number>
2024-04-24T02:56:45,776  INFO [main] exec.Task:   set mapreduce.job.reduces=<number>
2024-04-24T02:56:45,778  INFO [main] mr.ExecDriver: Using org.apache.hadoop.hive.ql.io.CombineHiveInputFormat
2024-04-24T02:56:45,779  INFO [main] exec.Utilities: Processing alias $hdt$_0:_dummy_table
2024-04-24T02:56:45,779  INFO [main] exec.Utilities: Adding 1 inputs; the first input is file:/home/alex/Repositories/hive/ql/target/tmp/localscratchdir/3c7ffc2a-7b5d-42ee-980e-828de3300e7c/hive_2024-04-24_02-56-45_355_5393029378218314724-1/dummy_path
2024-04-24T02:56:45,789  INFO [main] exec.SerializationUtilities: Serializing MapWork using kryo
2024-04-24T02:56:45,791  INFO [main] exec.Utilities: Serialized plan (via FILE) - name: null size: 8,01KB
2024-04-24T02:56:45,796  INFO [main] exec.SerializationUtilities: Serializing ReduceWork using kryo
2024-04-24T02:56:45,798  INFO [main] exec.Utilities: Serialized plan (via FILE) - name: null size: 11,23KB
2024-04-24T02:56:45,799  WARN [main] impl.MetricsSystemImpl: JobTracker metrics system already initialized!
2024-04-24T02:56:45,803  INFO [main] fs.FSStatsPublisher: created : pfile:/home/alex/Repositories/hive/ql/target/warehouse/t1/.hive-staging_hive_2024-04-24_02-56-45_355_5393029378218314724-1/-ext-10000
2024-04-24T02:56:45,805  INFO [main] fs.FSStatsPublisher: created : file:/home/alex/Repositories/hive/ql/target/tmp/localscratchdir/3c7ffc2a-7b5d-42ee-980e-828de3300e7c/hive_2024-04-24_02-56-45_551_7287393647680886515-1/-mr-10002
2024-04-24T02:56:45,809  WARN [main] impl.MetricsSystemImpl: JobTracker metrics system already initialized!
2024-04-24T02:56:45,817  WARN [main] mapreduce.JobResourceUploader: Hadoop command-line option parsing not performed. Implement the Tool interface and execute your application with ToolRunner to remedy this.
2024-04-24T02:56:45,821  WARN [main] mapreduce.JobResourceUploader: No job jar file set.  User classes may not be found. See Job or Job#setJar(String).
2024-04-24T02:56:45,821  INFO [main] io.CombineHiveInputFormat: Total number of paths: 1, launching 1 threads to check non-combinable ones.
2024-04-24T02:56:45,822  INFO [main] io.CombineHiveInputFormat: CombineHiveInputSplit creating pool for file:/home/alex/Repositories/hive/ql/target/tmp/localscratchdir/3c7ffc2a-7b5d-42ee-980e-828de3300e7c/hive_2024-04-24_02-56-45_355_5393029378218314724-1/dummy_path; using filter path file:/home/alex/Repositories/hive/ql/target/tmp/localscratchdir/3c7ffc2a-7b5d-42ee-980e-828de3300e7c/hive_2024-04-24_02-56-45_355_5393029378218314724-1/dummy_path
2024-04-24T02:56:45,828  INFO [main] input.FileInputFormat: Total input files to process : 1
2024-04-24T02:56:45,829  INFO [main] input.CombineFileInputFormat: DEBUG: Terminated node allocation with : CompletedNodes: 1, size left: 0
2024-04-24T02:56:45,829  INFO [main] io.CombineHiveInputFormat: Number of all splits 1
2024-04-24T02:56:45,847  INFO [main] mapreduce.JobSubmitter: number of splits:1
2024-04-24T02:56:45,868  INFO [main] mapreduce.JobSubmitter: Submitting tokens for job: job_local307644061_0002
2024-04-24T02:56:45,868  INFO [main] mapreduce.JobSubmitter: Executing with tokens: []
2024-04-24T02:56:45,941  INFO [main] mapreduce.Job: The url to track the job: http://localhost:8080/
Job running in-process (local Hadoop)
2024-04-24T02:56:45,941  INFO [main] exec.Task: Job running in-process (local Hadoop)
2024-04-24T02:56:45,941  INFO [Thread-159] mapred.LocalJobRunner: OutputCommitter set in config org.apache.hadoop.hive.ql.io.HiveFileFormatUtils$NullOutputCommitter
2024-04-24T02:56:45,941  INFO [Thread-159] mapred.LocalJobRunner: OutputCommitter is org.apache.hadoop.hive.ql.io.HiveFileFormatUtils$NullOutputCommitter
2024-04-24T02:56:45,943  INFO [Thread-159] mapred.LocalJobRunner: Waiting for map tasks
2024-04-24T02:56:45,943  INFO [LocalJobRunner Map Task Executor #0] mapred.LocalJobRunner: Starting task: attempt_local307644061_0002_m_000000_0
2024-04-24T02:56:45,946  INFO [LocalJobRunner Map Task Executor #0] mapred.Task:  Using ResourceCalculatorProcessTree : [ ]
2024-04-24T02:56:45,947  INFO [LocalJobRunner Map Task Executor #0] mapred.MapTask: Processing split: Paths:/home/alex/Repositories/hive/ql/target/tmp/localscratchdir/3c7ffc2a-7b5d-42ee-980e-828de3300e7c/hive_2024-04-24_02-56-45_355_5393029378218314724-1/dummy_path/dummy_file:0+1InputFormatClass: org.apache.hadoop.hive.ql.io.NullRowsInputFormat

2024-04-24T02:56:45,949  INFO [LocalJobRunner Map Task Executor #0] exec.SerializationUtilities: Deserializing MapWork using kryo
2024-04-24T02:56:45,952  INFO [LocalJobRunner Map Task Executor #0] exec.Utilities: Deserialized plan (via FILE) - name: null size: 8,01KB
2024-04-24T02:56:45,952  INFO [LocalJobRunner Map Task Executor #0] mapred.MapTask: numReduceTasks: 1
2024-04-24T02:56:45,958  INFO [LocalJobRunner Map Task Executor #0] mapred.MapTask: (EQUATOR) 0 kvi 26214396(104857584)
2024-04-24T02:56:45,958  INFO [LocalJobRunner Map Task Executor #0] mapred.MapTask: mapreduce.task.io.sort.mb: 100
2024-04-24T02:56:45,958  INFO [LocalJobRunner Map Task Executor #0] mapred.MapTask: soft limit at 83886080
2024-04-24T02:56:45,958  INFO [LocalJobRunner Map Task Executor #0] mapred.MapTask: bufstart = 0; bufvoid = 104857600
2024-04-24T02:56:45,958  INFO [LocalJobRunner Map Task Executor #0] mapred.MapTask: kvstart = 26214396; length = 6553600
2024-04-24T02:56:45,959  INFO [LocalJobRunner Map Task Executor #0] mapred.MapTask: Map output collector class = org.apache.hadoop.mapred.MapTask$MapOutputBuffer
2024-04-24T02:56:45,959  INFO [LocalJobRunner Map Task Executor #0] exec.MapOperator: Initializing Operator: MAP[0]
2024-04-24T02:56:45,959  INFO [LocalJobRunner Map Task Executor #0] mr.ExecMapper: 
<MAP>Id =0
  <Children>null
  <\Children>
  <Parent><\Parent>
<\MAP>
2024-04-24T02:56:45,960  INFO [LocalJobRunner Map Task Executor #0] exec.TableScanOperator: Initializing Operator: TS[0]
2024-04-24T02:56:45,960  INFO [LocalJobRunner Map Task Executor #0] exec.SelectOperator: Initializing Operator: SEL[1]
2024-04-24T02:56:45,961  INFO [LocalJobRunner Map Task Executor #0] exec.SelectOperator: SELECT null
2024-04-24T02:56:45,961  INFO [LocalJobRunner Map Task Executor #0] exec.UDTFOperator: Initializing Operator: UDTF[2]
2024-04-24T02:56:45,961  INFO [LocalJobRunner Map Task Executor #0] exec.SelectOperator: Initializing Operator: SEL[3]
2024-04-24T02:56:45,961  INFO [LocalJobRunner Map Task Executor #0] exec.SelectOperator: SELECT struct<col1:int,col2:int>
2024-04-24T02:56:45,961  INFO [LocalJobRunner Map Task Executor #0] exec.FileSinkOperator: Initializing Operator: FS[4]
2024-04-24T02:56:45,962  INFO [LocalJobRunner Map Task Executor #0] exec.FileSinkOperator: Using serializer : AbstractSerDe [log=org.apache.logging.slf4j.Log4jLogger@18e78c71, configuration=Optional[Configuration: core-default.xml, core-site.xml, mapred-default.xml, mapred-site.xml, yarn-default.xml, yarn-site.xml, hdfs-default.xml, hdfs-site.xml, file:/home/alex/Repositories/hive/ql/target/tmp/hadoop-tmp/mapred/local/localRunner/alex/job_local307644061_0002/job_local307644061_0002.xml], properties={transactional_properties=default, name=default.t1, transactional=true, columns.types=int:int, columns=a,b, numFilesErasureCoded=0, columns.comments=&amp#0;, bucketing_version=2, serialization.lib=org.apache.hadoop.hive.ql.io.orc.OrcSerde, file.inputformat=org.apache.hadoop.hive.ql.io.orc.OrcInputFormat, file.outputformat=org.apache.hadoop.hive.ql.io.orc.OrcOutputFormat, location=pfile:/home/alex/Repositories/hive/ql/target/warehouse/t1, column.name.delimiter=,}, tableProperties={transactional_properties=default, name=default.t1, transactional=true, columns.types=int:int, columns=a,b, numFilesErasureCoded=0, columns.comments=&amp#0;, bucketing_version=2, serialization.lib=org.apache.hadoop.hive.ql.io.orc.OrcSerde, file.inputformat=org.apache.hadoop.hive.ql.io.orc.OrcInputFormat, location=pfile:/home/alex/Repositories/hive/ql/target/warehouse/t1, file.outputformat=org.apache.hadoop.hive.ql.io.orc.OrcOutputFormat, column.name.delimiter=,}, partitionProperties=Optional.empty, columnNames=[a, b], columnTypes=[int, int], getClass()=class org.apache.hadoop.hive.ql.io.orc.OrcSerde] and formatter : org.apache.hadoop.hive.ql.io.orc.OrcOutputFormat@69887b4c
2024-04-24T02:56:45,962  INFO [LocalJobRunner Map Task Executor #0] exec.SelectOperator: Initializing Operator: SEL[6]
2024-04-24T02:56:45,962  INFO [LocalJobRunner Map Task Executor #0] exec.SelectOperator: SELECT struct<_col0:int,_col1:int>
2024-04-24T02:56:45,962  INFO [LocalJobRunner Map Task Executor #0] exec.GroupByOperator: Initializing Operator: GBY[7]
2024-04-24T02:56:45,962  INFO [LocalJobRunner Map Task Executor #0] exec.GroupByOperator: Max hash table memory: 954466304 bytes
2024-04-24T02:56:45,962  INFO [LocalJobRunner Map Task Executor #0] exec.GroupByOperator: isTez: false isLlap: false numExecutors: 1 maxMemory: 1908932608
2024-04-24T02:56:45,962  INFO [LocalJobRunner Map Task Executor #0] exec.ReduceSinkOperator: Initializing Operator: RS[8]
2024-04-24T02:56:45,962  INFO [LocalJobRunner Map Task Executor #0] exec.ReduceSinkOperator: Using tag = -1
2024-04-24T02:56:45,963  INFO [LocalJobRunner Map Task Executor #0] exec.FileSinkOperator: Final Path: FS pfile:/home/alex/Repositories/hive/ql/target/warehouse/t1
2024-04-24T02:56:45,963  INFO [LocalJobRunner Map Task Executor #0] exec.FileSinkOperator: New Final Path: FS pfile:/home/alex/Repositories/hive/ql/target/warehouse/t1
2024-04-24T02:56:45,963  INFO [LocalJobRunner Map Task Executor #0] common.FileUtils: Creating directory if it doesn't exist: pfile:/home/alex/Repositories/hive/ql/target/warehouse
2024-04-24T02:56:45,966  INFO [LocalJobRunner Map Task Executor #0] exec.FileSinkOperator: FS[4]: records written - 1
2024-04-24T02:56:45,966  INFO [LocalJobRunner Map Task Executor #0] impl.PhysicalFsWriter: ORC writer created for path: pfile:/home/alex/Repositories/hive/ql/target/warehouse/t1/delta_0000001_0000001_0000/bucket_00000_0 with stripeSize: 8388608 blockSize: 268435456 compression: Compress: ZLIB buffer: 32768
2024-04-24T02:56:45,973  INFO [LocalJobRunner Map Task Executor #0] impl.WriterImpl: ORC writer created for path: pfile:/home/alex/Repositories/hive/ql/target/warehouse/t1/delta_0000001_0000001_0000/bucket_00000_0 with stripeSize: 8388608 options: Compress: ZLIB buffer: 32768
2024-04-24T02:56:45,978  INFO [LocalJobRunner Map Task Executor #0] exec.MapOperator: MAP[0]: records read - 1
2024-04-24T02:56:45,978  INFO [LocalJobRunner Map Task Executor #0] exec.MapOperator: Closing Operator: MAP[0]
2024-04-24T02:56:45,978  INFO [LocalJobRunner Map Task Executor #0] exec.MapOperator: MAP[0]: Total records read - 3. abort - false
2024-04-24T02:56:45,978  INFO [LocalJobRunner Map Task Executor #0] exec.MapOperator: RECORDS_IN:3, DESERIALIZE_ERRORS:0, RECORDS_OUT_INTERMEDIATE:0, RECORDS_OUT_OPERATOR_MAP_0:0, 
2024-04-24T02:56:45,978  INFO [LocalJobRunner Map Task Executor #0] exec.TableScanOperator: Closing Operator: TS[0]
2024-04-24T02:56:45,978  INFO [LocalJobRunner Map Task Executor #0] exec.TableScanOperator: RECORDS_OUT_INTERMEDIATE:0, RECORDS_OUT_OPERATOR_TS_0:1, 
2024-04-24T02:56:45,978  INFO [LocalJobRunner Map Task Executor #0] exec.SelectOperator: Closing Operator: SEL[1]
2024-04-24T02:56:45,978  INFO [LocalJobRunner Map Task Executor #0] exec.SelectOperator: RECORDS_OUT_OPERATOR_SEL_1:1, RECORDS_OUT_INTERMEDIATE:0, 
2024-04-24T02:56:45,979  INFO [LocalJobRunner Map Task Executor #0] exec.UDTFOperator: Closing Operator: UDTF[2]
2024-04-24T02:56:45,979  INFO [LocalJobRunner Map Task Executor #0] exec.UDTFOperator: RECORDS_OUT_OPERATOR_UDTF_2:2, RECORDS_OUT_INTERMEDIATE:0, 
2024-04-24T02:56:45,979  INFO [LocalJobRunner Map Task Executor #0] exec.SelectOperator: Closing Operator: SEL[3]
2024-04-24T02:56:45,979  INFO [LocalJobRunner Map Task Executor #0] exec.SelectOperator: RECORDS_OUT_OPERATOR_SEL_3:2, RECORDS_OUT_INTERMEDIATE:0, 
2024-04-24T02:56:45,979  INFO [LocalJobRunner Map Task Executor #0] exec.FileSinkOperator: Closing Operator: FS[4]
2024-04-24T02:56:45,979  INFO [LocalJobRunner Map Task Executor #0] exec.FileSinkOperator: FS[4]: records written - 2
2024-04-24T02:56:45,984  INFO [LocalJobRunner Map Task Executor #0] FileOperations: Writing manifest to pfile:/home/alex/Repositories/hive/ql/target/warehouse/t1/_tmp.delta_0000001_0000001_0000/000000_0.manifest with [pfile:/home/alex/Repositories/hive/ql/target/warehouse/t1/delta_0000001_0000001_0000/bucket_00000_0]
2024-04-24T02:56:45,998  INFO [LocalJobRunner Map Task Executor #0] exec.FileSinkOperator: RECORDS_OUT_1_default.t1:2, RECORDS_OUT_OPERATOR_FS_4:2, TOTAL_TABLE_ROWS_WRITTEN:2, RECORDS_OUT_INTERMEDIATE:0, 
2024-04-24T02:56:45,998  INFO [LocalJobRunner Map Task Executor #0] exec.SelectOperator: Closing Operator: SEL[6]
2024-04-24T02:56:45,998  INFO [LocalJobRunner Map Task Executor #0] exec.SelectOperator: RECORDS_OUT_INTERMEDIATE:0, RECORDS_OUT_OPERATOR_SEL_6:2, 
2024-04-24T02:56:45,998  INFO [LocalJobRunner Map Task Executor #0] exec.GroupByOperator: Closing Operator: GBY[7]
2024-04-24T02:56:45,998  INFO [LocalJobRunner Map Task Executor #0] exec.GroupByOperator: Begin Hash Table flush: size = 1
2024-04-24T02:56:45,998  INFO [LocalJobRunner Map Task Executor #0] exec.ReduceSinkOperator: keys are [] num distributions: 0
2024-04-24T02:56:45,998  INFO [LocalJobRunner Map Task Executor #0] exec.ReduceSinkOperator: RS[8]: records written - 1
2024-04-24T02:56:45,998  INFO [LocalJobRunner Map Task Executor #0] exec.GroupByOperator: RECORDS_OUT_INTERMEDIATE:0, RECORDS_OUT_OPERATOR_GBY_7:1, 
2024-04-24T02:56:45,998  INFO [LocalJobRunner Map Task Executor #0] exec.ReduceSinkOperator: Closing Operator: RS[8]
2024-04-24T02:56:45,998  INFO [LocalJobRunner Map Task Executor #0] exec.ReduceSinkOperator: RS[8]: Total records written - 1. abort - false
2024-04-24T02:56:45,999  INFO [LocalJobRunner Map Task Executor #0] exec.ReduceSinkOperator: RECORDS_OUT_INTERMEDIATE:1, RECORDS_OUT_OPERATOR_RS_8:1, 
2024-04-24T02:56:46,000  INFO [LocalJobRunner Map Task Executor #0] mapred.LocalJobRunner: 
2024-04-24T02:56:46,000  INFO [LocalJobRunner Map Task Executor #0] mapred.MapTask: Starting flush of map output
2024-04-24T02:56:46,000  INFO [LocalJobRunner Map Task Executor #0] mapred.MapTask: Spilling map output
2024-04-24T02:56:46,000  INFO [LocalJobRunner Map Task Executor #0] mapred.MapTask: bufstart = 0; bufend = 52; bufvoid = 104857600
2024-04-24T02:56:46,000  INFO [LocalJobRunner Map Task Executor #0] mapred.MapTask: kvstart = 26214396(104857584); kvend = 26214396(104857584); length = 1/6553600
2024-04-24T02:56:46,011  INFO [LocalJobRunner Map Task Executor #0] mapred.MapTask: Finished spill 0
2024-04-24T02:56:46,016  INFO [LocalJobRunner Map Task Executor #0] mapred.Task: Task:attempt_local307644061_0002_m_000000_0 is done. And is in the process of committing
2024-04-24T02:56:46,017  INFO [LocalJobRunner Map Task Executor #0] mapred.LocalJobRunner: map
2024-04-24T02:56:46,017  INFO [LocalJobRunner Map Task Executor #0] mapred.Task: Task 'attempt_local307644061_0002_m_000000_0' done.
2024-04-24T02:56:46,017  INFO [LocalJobRunner Map Task Executor #0] mapred.Task: Final Counters for attempt_local307644061_0002_m_000000_0: Counters: 32
	File System Counters
		FILE: Number of bytes read=28774
		FILE: Number of bytes written=2307260
		FILE: Number of read operations=0
		FILE: Number of large read operations=0
		FILE: Number of write operations=0
	Map-Reduce Framework
		Map input records=4
		Map output records=1
		Map output bytes=52
		Map output materialized bytes=60
		Input split bytes=336
		Combine input records=0
		Spilled Records=1
		Failed Shuffles=0
		Merged Map outputs=0
		GC time elapsed (ms)=0
		Total committed heap usage (bytes)=911736832
	HIVE
		CREATED_FILES=1
		DESERIALIZE_ERRORS=0
		RECORDS_IN=3
		RECORDS_OUT_1_default.t1=2
		RECORDS_OUT_INTERMEDIATE=1
		RECORDS_OUT_OPERATOR_FS_4=2
		RECORDS_OUT_OPERATOR_GBY_7=1
		RECORDS_OUT_OPERATOR_MAP_0=0
		RECORDS_OUT_OPERATOR_RS_8=1
		RECORDS_OUT_OPERATOR_SEL_1=1
		RECORDS_OUT_OPERATOR_SEL_3=2
		RECORDS_OUT_OPERATOR_SEL_6=2
		RECORDS_OUT_OPERATOR_TS_0=1
		RECORDS_OUT_OPERATOR_UDTF_2=2
		TOTAL_TABLE_ROWS_WRITTEN=2
	File Input Format Counters 
		Bytes Read=0
2024-04-24T02:56:46,017  INFO [LocalJobRunner Map Task Executor #0] mapred.LocalJobRunner: Finishing task: attempt_local307644061_0002_m_000000_0
2024-04-24T02:56:46,017  INFO [Thread-159] mapred.LocalJobRunner: map task executor complete.
2024-04-24T02:56:46,018  INFO [Thread-159] mapred.LocalJobRunner: Waiting for reduce tasks
2024-04-24T02:56:46,018  INFO [pool-20-thread-1] mapred.LocalJobRunner: Starting task: attempt_local307644061_0002_r_000000_0
2024-04-24T02:56:46,021  INFO [pool-20-thread-1] mapred.Task:  Using ResourceCalculatorProcessTree : [ ]
2024-04-24T02:56:46,021  INFO [pool-20-thread-1] mapred.ReduceTask: Using ShuffleConsumerPlugin: org.apache.hadoop.mapreduce.task.reduce.Shuffle@1e0cc3b2
2024-04-24T02:56:46,021  WARN [pool-20-thread-1] impl.MetricsSystemImpl: JobTracker metrics system already initialized!
2024-04-24T02:56:46,022  INFO [pool-20-thread-1] reduce.MergeManagerImpl: MergerManager: memoryLimit=1336252800, maxSingleShuffleLimit=334063200, mergeThreshold=881926912, ioSortFactor=10, memToMemMergeOutputsThreshold=10
2024-04-24T02:56:46,023  INFO [EventFetcher for fetching Map Completion Events] reduce.EventFetcher: attempt_local307644061_0002_r_000000_0 Thread started: EventFetcher for fetching Map Completion Events
2024-04-24T02:56:46,026  INFO [localfetcher#2] reduce.LocalFetcher: localfetcher#2 about to shuffle output of map attempt_local307644061_0002_m_000000_0 decomp: 56 len: 60 to MEMORY
2024-04-24T02:56:46,026  INFO [localfetcher#2] reduce.InMemoryMapOutput: Read 56 bytes from map-output for attempt_local307644061_0002_m_000000_0
2024-04-24T02:56:46,026  INFO [localfetcher#2] reduce.MergeManagerImpl: closeInMemoryFile -> map-output of size: 56, inMemoryMapOutputs.size() -> 1, commitMemory -> 0, usedMemory ->56
2024-04-24T02:56:46,026  INFO [EventFetcher for fetching Map Completion Events] reduce.EventFetcher: EventFetcher is interrupted.. Returning
2024-04-24T02:56:46,027  INFO [pool-20-thread-1] mapred.LocalJobRunner: 1 / 1 copied.
2024-04-24T02:56:46,027  INFO [pool-20-thread-1] reduce.MergeManagerImpl: finalMerge called with 1 in-memory map-outputs and 0 on-disk map-outputs
2024-04-24T02:56:46,033  INFO [pool-20-thread-1] mapred.Merger: Merging 1 sorted segments
2024-04-24T02:56:46,033  INFO [pool-20-thread-1] mapred.Merger: Down to the last merge-pass, with 1 segments left of total size: 49 bytes
2024-04-24T02:56:46,040  INFO [pool-20-thread-1] reduce.MergeManagerImpl: Merged 1 segments, 56 bytes to disk to satisfy reduce memory limit
2024-04-24T02:56:46,040  INFO [pool-20-thread-1] reduce.MergeManagerImpl: Merging 1 files, 60 bytes from disk
2024-04-24T02:56:46,041  INFO [pool-20-thread-1] reduce.MergeManagerImpl: Merging 0 segments, 0 bytes from memory into reduce
2024-04-24T02:56:46,041  INFO [pool-20-thread-1] mapred.Merger: Merging 1 sorted segments
2024-04-24T02:56:46,041  INFO [pool-20-thread-1] mapred.Merger: Down to the last merge-pass, with 1 segments left of total size: 49 bytes
2024-04-24T02:56:46,042  INFO [pool-20-thread-1] mapred.LocalJobRunner: 1 / 1 copied.
2024-04-24T02:56:46,044  INFO [pool-20-thread-1] exec.SerializationUtilities: Deserializing ReduceWork using kryo
2024-04-24T02:56:46,050  INFO [pool-20-thread-1] exec.Utilities: Deserialized plan (via FILE) - name: null size: 11,23KB
2024-04-24T02:56:46,053  INFO [pool-20-thread-1] ExecReducer: 
<GBY>Id =9
  <Children>
    <SEL>Id =10
      <Children>
        <FS>Id =11
          <Children>
          <\Children>
          <Parent>Id = 10 null<\Parent>
        <\FS>
      <\Children>
      <Parent>Id = 9 null<\Parent>
    <\SEL>
  <\Children>
  <Parent><\Parent>
<\GBY>
2024-04-24T02:56:46,053  INFO [pool-20-thread-1] exec.GroupByOperator: Initializing Operator: GBY[9]
2024-04-24T02:56:46,054  INFO [pool-20-thread-1] exec.GroupByOperator: isTez: false isLlap: false numExecutors: 1 maxMemory: 1908932608
2024-04-24T02:56:46,054  INFO [pool-20-thread-1] exec.SelectOperator: Initializing Operator: SEL[10]
2024-04-24T02:56:46,055  INFO [pool-20-thread-1] exec.SelectOperator: SELECT struct<_col0:int,_col1:int,_col2:bigint,_col3:bigint,_col4:binary,_col5:int,_col6:int,_col7:bigint,_col8:binary>
2024-04-24T02:56:46,059  INFO [pool-20-thread-1] exec.FileSinkOperator: Initializing Operator: FS[11]
2024-04-24T02:56:46,060  INFO [pool-20-thread-1] exec.FileSinkOperator: Using serializer : class org.apache.hadoop.hive.serde2.lazy.LazySimpleSerDe [serdeParams=org.apache.hadoop.hive.serde2.lazy.LazySerDeParameters@151b2da4, cachedObjectInspector=org.apache.hadoop.hive.serde2.lazy.objectinspector.LazySimpleStructObjectInspector<org.apache.hadoop.hive.serde2.lazy.objectinspector.primitive.LazyStringObjectInspector@439d649c,org.apache.hadoop.hive.serde2.lazy.objectinspector.primitive.LazyLongObjectInspector@6e475994,org.apache.hadoop.hive.serde2.lazy.objectinspector.primitive.LazyLongObjectInspector@6e475994,org.apache.hadoop.hive.serde2.lazy.objectinspector.primitive.LazyLongObjectInspector@6e475994,org.apache.hadoop.hive.serde2.lazy.objectinspector.primitive.LazyLongObjectInspector@6e475994,org.apache.hadoop.hive.serde2.lazy.objectinspector.primitive.LazyBinaryObjectInspector@55a2f08b,org.apache.hadoop.hive.serde2.lazy.objectinspector.primitive.LazyStringObjectInspector@439d649c,org.apache.hadoop.hive.serde2.lazy.objectinspector.primitive.LazyLongObjectInspector@6e475994,org.apache.hadoop.hive.serde2.lazy.objectinspector.primitive.LazyLongObjectInspector@6e475994,org.apache.hadoop.hive.serde2.lazy.objectinspector.primitive.LazyLongObjectInspector@6e475994,org.apache.hadoop.hive.serde2.lazy.objectinspector.primitive.LazyLongObjectInspector@6e475994,org.apache.hadoop.hive.serde2.lazy.objectinspector.primitive.LazyBinaryObjectInspector@55a2f08b>, serializedSize=0, stats=org.apache.hadoop.hive.serde2.SerDeStats@2cacc8d8, lastOperationSerialize=false, lastOperationDeserialize=false [1, 2, 3, 4, 5, 6, 7, 8, 11, 14, 15, 16, 17, 18, 19, 20, 21, 22, 23, 24, 25, 26, 28, 29, 30, 31, -128, -127, -126, -125, -124, -123, -122, -121, -120, -119, -118, -117, -116, -115, -114, -113, -112, -111, -110, -109, -108, -107, -106, -105, -104, -103, -102, -101, -100, -99, -98, -97, -96, -95, -94, -93, -92, -91, -90, -89, -88, -87, -86, -85, -84, -83, -82, -81, -80, -79, -78, -77, -76, -75, -74, -73, -72, -71, -70, -69, -68, -67, -66, -65, -64, -63, -62, -61, -60, -59, -58, -57, -56, -55, -54, -53, -52, -51, -50, -49, -48, -47, -46, -45, -44, -43, -42, -41, -40, -39, -38, -37, -36, -35, -34, -33, -32, -31, -30, -29, -28, -27, -26, -25, -24, -23, -22, -21, -20, -19, -18, -17, -16, -15, -14, -13, -12, -11, -10, -9, -8, -7, -6, -5, -4, -3, -2, -1] : [_col0, _col1, _col2, _col3, _col4, _col5, _col6, _col7, _col8, _col9, _col10, _col11] : [string, bigint, bigint, bigint, bigint, binary, string, bigint, bigint, bigint, bigint, binary]] and formatter : org.apache.hadoop.hive.ql.io.HiveSequenceFileOutputFormat@551555cd
2024-04-24T02:56:46,063  INFO [pool-20-thread-1] exec.GroupByOperator: Closing Operator: GBY[9]
2024-04-24T02:56:46,063  INFO [pool-20-thread-1] exec.FileSinkOperator: Final Path: FS file:/home/alex/Repositories/hive/ql/target/tmp/localscratchdir/3c7ffc2a-7b5d-42ee-980e-828de3300e7c/hive_2024-04-24_02-56-45_551_7287393647680886515-1/-mr-10000/.hive-staging_hive_2024-04-24_02-56-45_551_7287393647680886515-1/_tmp.-ext-10001/000000_0
2024-04-24T02:56:46,063  INFO [pool-20-thread-1] exec.FileSinkOperator: Writing to temp file: FS file:/home/alex/Repositories/hive/ql/target/tmp/localscratchdir/3c7ffc2a-7b5d-42ee-980e-828de3300e7c/hive_2024-04-24_02-56-45_551_7287393647680886515-1/-mr-10000/.hive-staging_hive_2024-04-24_02-56-45_551_7287393647680886515-1/_task_tmp.-ext-10001/_tmp.000000_0
2024-04-24T02:56:46,063  INFO [pool-20-thread-1] exec.FileSinkOperator: New Final Path: FS file:/home/alex/Repositories/hive/ql/target/tmp/localscratchdir/3c7ffc2a-7b5d-42ee-980e-828de3300e7c/hive_2024-04-24_02-56-45_551_7287393647680886515-1/-mr-10000/.hive-staging_hive_2024-04-24_02-56-45_551_7287393647680886515-1/_tmp.-ext-10001/000000_0
2024-04-24T02:56:46,075  INFO [pool-20-thread-1] exec.FileSinkOperator: FS[11]: records written - 1
2024-04-24T02:56:46,075  INFO [pool-20-thread-1] exec.GroupByOperator: RECORDS_OUT_OPERATOR_GBY_9:1, RECORDS_OUT_INTERMEDIATE:0, 
2024-04-24T02:56:46,075  INFO [pool-20-thread-1] exec.SelectOperator: Closing Operator: SEL[10]
2024-04-24T02:56:46,075  INFO [pool-20-thread-1] exec.SelectOperator: RECORDS_OUT_OPERATOR_SEL_10:1, RECORDS_OUT_INTERMEDIATE:0, 
2024-04-24T02:56:46,075  INFO [pool-20-thread-1] exec.FileSinkOperator: Closing Operator: FS[11]
2024-04-24T02:56:46,075  INFO [pool-20-thread-1] exec.FileSinkOperator: FS[11]: records written - 1
2024-04-24T02:56:46,076  INFO [pool-20-thread-1] exec.FileSinkOperator: RECORDS_OUT_INTERMEDIATE:0, RECORDS_OUT_OPERATOR_FS_11:1, RECORDS_OUT_0:1, 
2024-04-24T02:56:46,077  INFO [pool-20-thread-1] mapred.Task: Task:attempt_local307644061_0002_r_000000_0 is done. And is in the process of committing
2024-04-24T02:56:46,077  INFO [pool-20-thread-1] mapred.LocalJobRunner: reduce > reduce
2024-04-24T02:56:46,077  INFO [pool-20-thread-1] mapred.Task: Task 'attempt_local307644061_0002_r_000000_0' done.
2024-04-24T02:56:46,077  INFO [pool-20-thread-1] mapred.Task: Final Counters for attempt_local307644061_0002_r_000000_0: Counters: 30
	File System Counters
		FILE: Number of bytes read=40258
		FILE: Number of bytes written=2307502
		FILE: Number of read operations=0
		FILE: Number of large read operations=0
		FILE: Number of write operations=0
	Map-Reduce Framework
		Combine input records=0
		Combine output records=0
		Reduce input groups=1
		Reduce shuffle bytes=60
		Reduce input records=1
		Reduce output records=0
		Spilled Records=1
		Shuffled Maps =1
		Failed Shuffles=0
		Merged Map outputs=1
		GC time elapsed (ms)=0
		Total committed heap usage (bytes)=911736832
	HIVE
		CREATED_FILES=1
		RECORDS_OUT_0=1
		RECORDS_OUT_INTERMEDIATE=0
		RECORDS_OUT_OPERATOR_FS_11=1
		RECORDS_OUT_OPERATOR_GBY_9=1
		RECORDS_OUT_OPERATOR_SEL_10=1
	Shuffle Errors
		BAD_ID=0
		CONNECTION=0
		IO_ERROR=0
		WRONG_LENGTH=0
		WRONG_MAP=0
		WRONG_REDUCE=0
	File Output Format Counters 
		Bytes Written=0
2024-04-24T02:56:46,078  INFO [pool-20-thread-1] mapred.LocalJobRunner: Finishing task: attempt_local307644061_0002_r_000000_0
2024-04-24T02:56:46,078  INFO [Thread-159] mapred.LocalJobRunner: reduce task executor complete.
2024-04-24 02:56:46,952 Stage-1 map = 100%,  reduce = 100%
2024-04-24T02:56:46,952  INFO [main] exec.Task: 2024-04-24 02:56:46,952 Stage-1 map = 100%,  reduce = 100%
Ended Job = job_local307644061_0002
2024-04-24T02:56:46,954  INFO [main] exec.Task: Ended Job = job_local307644061_0002
2024-04-24T02:56:46,958  INFO [main] FileOperations: Found manifest file pfile:/home/alex/Repositories/hive/ql/target/warehouse/t1/_tmp.delta_0000001_0000001_0000/000000_0.manifest with attemptId 0.
2024-04-24T02:56:46,958  INFO [main] FileOperations: Looking at manifest file: pfile:/home/alex/Repositories/hive/ql/target/warehouse/t1/_tmp.delta_0000001_0000001_0000/000000_0.manifest
2024-04-24T02:56:46,958  INFO [main] FileOperations: Deleting manifest directory pfile:/home/alex/Repositories/hive/ql/target/warehouse/t1/_tmp.delta_0000001_0000001_0000
2024-04-24T02:56:46,967  INFO [main] ql.Driver: Starting task [Stage-0:MOVE] in serial mode
Loading data to table default.t1
2024-04-24T02:56:46,967  INFO [main] exec.Task: Loading data to table default.t1 from pfile:/home/alex/Repositories/hive/ql/target/warehouse/t1
2024-04-24T02:56:46,968  INFO [main] HiveMetaStore.audit: ugi=alex	ip=unknown-ip-addr	cmd=get_table : tbl=hive.default.t1	
2024-04-24T02:56:46,977  INFO [main] metastore.HMSHandler: Skipping translation for processor with null
2024-04-24T02:56:46,977  INFO [main] HiveMetaStore.audit: ugi=alex	ip=unknown-ip-addr	cmd=get_table : tbl=hive.default.t1	
2024-04-24T02:56:46,986  INFO [main] metastore.HMSHandler: Skipping translation for processor with null
2024-04-24T02:56:46,987  INFO [main] HiveMetaStore.audit: ugi=alex	ip=unknown-ip-addr	cmd=alter_table: hive.default.t1 newtbl=t1	
2024-04-24T02:56:47,029  INFO [main] ql.Driver: Starting task [Stage-2:STATS] in serial mode
2024-04-24T02:56:47,030  INFO [main] HiveMetaStore.audit: ugi=alex	ip=unknown-ip-addr	cmd=get_table : tbl=hive.default.t1	
2024-04-24T02:56:47,039  INFO [main] metastore.HMSHandler: Skipping translation for processor with null
2024-04-24T02:56:47,039  INFO [main] stats.BasicStatsTask: Executing stats task
2024-04-24T02:56:47,039  INFO [main] fs.FSStatsPublisher: created : pfile:/home/alex/Repositories/hive/ql/target/warehouse/t1/.hive-staging_hive_2024-04-24_02-56-45_355_5393029378218314724-1/-ext-10000
2024-04-24T02:56:47,043  INFO [main] HiveMetaStore.audit: ugi=alex	ip=unknown-ip-addr	cmd=get_table : tbl=hive.default.t1	
2024-04-24T02:56:47,053  INFO [main] metastore.HMSHandler: Skipping translation for processor with null
2024-04-24T02:56:47,070  WARN [main] FileOperations: Computing stats for an ACID table; stats may be inaccurate
2024-04-24T02:56:47,070  INFO [main] FileOperations: Read stats for default.t1/, numRows, true, 2, false: 
2024-04-24T02:56:47,070  INFO [main] FileOperations: Read stats for default.t1/, rawDataSize, true, 0, false: 
2024-04-24T02:56:47,071  INFO [main] HiveMetaStore.audit: ugi=alex	ip=unknown-ip-addr	cmd=alter_table: hive.default.t1 newtbl=t1	
2024-04-24T02:56:47,103  INFO [main] FileOperations: Read stats for default.t1/, insertCount, true, 2, false: 
2024-04-24T02:56:47,103  INFO [main] FileOperations: Read stats for default.t1/, updateCount, true, 0, false: 
2024-04-24T02:56:47,103  INFO [main] FileOperations: Read stats for default.t1/, deleteCount, true, 0, false: 
2024-04-24T02:56:47,106  INFO [main] stats.BasicStatsTask: Table default.t1 stats: [numFiles=1, numRows=2, totalSize=686, rawDataSize=0, numFilesErasureCoded=0]
2024-04-24T02:56:47,110  INFO [main] mapred.FileInputFormat: Total input files to process : 1
2024-04-24T02:56:47,111  INFO [main] stats.ColStatsProcessor: Time taken to build 1 stats desc : 0.005 seconds.
2024-04-24T02:56:47,124  INFO [main] HiveMetaStore.audit: ugi=alex	ip=unknown-ip-addr	cmd=write_column_statistics:  table=hive.default.t1	
2024-04-24T02:56:47,130  INFO [main] metastore.ObjectStore: Updating table level column statistics for table=hive.default.t1 colName=a
2024-04-24T02:56:47,133  INFO [main] metastore.ObjectStore: Updating table level column statistics for table=hive.default.t1 colName=b
2024-04-24T02:56:47,151  INFO [main] stats.ColStatsProcessor: Time taken to update 1 stats : 0.04 seconds.
POSTHOOK: query: insert into t1 values(1,2),(2,2)
2024-04-24T02:56:47,151  INFO [main] SessionState: POSTHOOK: query: insert into t1 values(1,2),(2,2)
POSTHOOK: type: QUERY
2024-04-24T02:56:47,151  INFO [main] SessionState: POSTHOOK: type: QUERY
POSTHOOK: Input: _dummy_database@_dummy_table
2024-04-24T02:56:47,151  INFO [main] SessionState: POSTHOOK: Input: _dummy_database@_dummy_table
POSTHOOK: Output: default@t1
2024-04-24T02:56:47,152  INFO [main] SessionState: POSTHOOK: Output: default@t1
POSTHOOK: Lineage: t1.a SCRIPT []
2024-04-24T02:56:47,152  INFO [main] SessionState: POSTHOOK: Lineage: t1.a SCRIPT []
POSTHOOK: Lineage: t1.b SCRIPT []
2024-04-24T02:56:47,152  INFO [main] SessionState: POSTHOOK: Lineage: t1.b SCRIPT []
2024-04-24T02:56:47,152  INFO [main] metadata.Hive: Dumping metastore api call timing information for : execution phase
2024-04-24T02:56:47,152  INFO [main] metadata.Hive: Total time spent in each metastore function (ms): {isCompatibleWith_(Configuration)=0, setPartitionColumnStatistics_(SetPartitionsStatsRequest)=40, alter_table_(String, String, String, Table, EnvironmentContext, String)=74, updateTransactionalStatistics_(UpdateTransactionalStatsRequest)=3, getTable_(GetTableRequest)=38}
MapReduce Jobs Launched: 
2024-04-24T02:56:47,152  INFO [main] ql.Driver: MapReduce Jobs Launched: 
Stage-Stage-1:  HDFS Read: 0 HDFS Write: 0 SUCCESS
2024-04-24T02:56:47,152  INFO [main] ql.Driver: Stage-Stage-1:  HDFS Read: 0 HDFS Write: 0 SUCCESS
Total MapReduce CPU Time Spent: 0 msec
2024-04-24T02:56:47,152  INFO [main] ql.Driver: Total MapReduce CPU Time Spent: 0 msec
2024-04-24T02:56:47,152  INFO [main] ql.Driver: Completed executing command(queryId=alex_20240424025645_bf8ad464-ce43-4a52-a412-41e98a32a9fd); Time taken: 1.503 seconds
2024-04-24T02:56:47,152  INFO [main] lockmgr.DbTxnManager: Stopped heartbeat for query: alex_20240424025645_bf8ad464-ce43-4a52-a412-41e98a32a9fd
2024-04-24T02:56:47,166  INFO [main] txn.TxnHandler: Removed transactions: ([3]) from MIN_HISTORY_LEVEL
2024-04-24T02:56:47,166  WARN [main] txn.CompactionTxnHandler: No compaction queue record found for Compaction type transaction commit. txnId:3
2024-04-24T02:56:47,167  INFO [main] ql.Context: Deleting scratch dir: file:/home/alex/Repositories/hive/ql/target/tmp/localscratchdir/3c7ffc2a-7b5d-42ee-980e-828de3300e7c/hive_2024-04-24_02-56-45_551_7287393647680886515-1
2024-04-24T02:56:47,168  INFO [main] cleanup.SyncCleanupService: Deleted directory: file:/home/alex/Repositories/hive/ql/target/tmp/localscratchdir/3c7ffc2a-7b5d-42ee-980e-828de3300e7c/hive_2024-04-24_02-56-45_551_7287393647680886515-1 on fs with scheme file
2024-04-24T02:56:47,168  INFO [main] ql.Context: Deleting scratch dir: pfile:/home/alex/Repositories/hive/ql/target/warehouse/t1/.hive-staging_hive_2024-04-24_02-56-45_355_5393029378218314724-1
2024-04-24T02:56:47,168  INFO [main] cleanup.SyncCleanupService: Deleted directory: pfile:/home/alex/Repositories/hive/ql/target/warehouse/t1/.hive-staging_hive_2024-04-24_02-56-45_355_5393029378218314724-1 on fs with scheme pfile
2024-04-24T02:56:47,168  INFO [main] ql.Context: Deleting scratch dir: file:/home/alex/Repositories/hive/ql/target/tmp/localscratchdir/3c7ffc2a-7b5d-42ee-980e-828de3300e7c/hive_2024-04-24_02-56-45_355_5393029378218314724-1
2024-04-24T02:56:47,169  INFO [main] cleanup.SyncCleanupService: Deleted directory: file:/home/alex/Repositories/hive/ql/target/tmp/localscratchdir/3c7ffc2a-7b5d-42ee-980e-828de3300e7c/hive_2024-04-24_02-56-45_355_5393029378218314724-1 on fs with scheme file
2024-04-24T02:56:47,169  INFO [main] ql.Driver: Compiling command(queryId=alex_20240424025647_16d79c9f-39bd-4eb5-8df7-c94a39864f4b): create materialized view mat1 stored as orc TBLPROPERTIES ('transactional'='true') as select a,b from t1 where a > 1
2024-04-24T02:56:47,174  INFO [main] txn.TxnHandler: Added entries to MIN_HISTORY_LEVEL for current txns: ([4]) with min_open_txn: 4
2024-04-24T02:56:47,174  INFO [main] lockmgr.DbTxnManager: Opened txnid:4
2024-04-24T02:56:47,175  INFO [main] parse.CalcitePlanner: Starting caching scope for: 
2024-04-24T02:56:47,176  INFO [main] parse.CalcitePlanner: Starting Semantic Analysis
2024-04-24T02:56:47,179  INFO [main] parse.CalcitePlanner: Creating view default.mat1 position=25
2024-04-24T02:56:47,179  INFO [main] HiveMetaStore.audit: ugi=alex	ip=unknown-ip-addr	cmd=get_table : tbl=hive.default.mat1	
2024-04-24T02:56:47,183  INFO [main] HiveMetaStore.audit: ugi=alex	ip=unknown-ip-addr	cmd=get_database: default	
2024-04-24T02:56:47,186  INFO [main] parse.CalcitePlanner: Completed phase 1 of Semantic Analysis
2024-04-24T02:56:47,186  INFO [main] parse.CalcitePlanner: Get metadata for source tables
2024-04-24T02:56:47,187  INFO [main] HiveMetaStore.audit: ugi=alex	ip=unknown-ip-addr	cmd=get_table : tbl=hive.default.t1	
2024-04-24T02:56:47,198  INFO [main] metastore.HMSHandler: Skipping translation for processor with null
2024-04-24T02:56:47,198  INFO [main] parse.CalcitePlanner: Get metadata for subqueries
2024-04-24T02:56:47,198  INFO [main] parse.CalcitePlanner: Get metadata for destination tables
2024-04-24T02:56:47,198  INFO [main] HiveMetaStore.audit: ugi=alex	ip=unknown-ip-addr	cmd=get_database: default	
2024-04-24T02:56:47,201  INFO [main] common.FileUtils: Creating directory if it doesn't exist: pfile:/home/alex/Repositories/hive/ql/target/warehouse/.hive-staging_hive_2024-04-24_02-56-47_169_1164660652537586138-1
2024-04-24T02:56:47,206  INFO [main] parse.CalcitePlanner: Completed getting MetaData in Semantic Analysis
2024-04-24T02:56:47,218  INFO [main] HiveMetaStore.audit: ugi=alex	ip=unknown-ip-addr	cmd=get_all_table_constraints : tbl=hive.default.t1	
2024-04-24T02:56:47,319  INFO [main] calcite.RelOptHiveTable: Calculating column statistics for default.t1, projIndxSet: [0, 1], allowMissingStats: true
2024-04-24T02:56:47,320  INFO [main] HiveMetaStore.audit: ugi=alex	ip=unknown-ip-addr	cmd=get_table : tbl=hive.default.t1	
2024-04-24T02:56:47,332  INFO [main] metastore.HMSHandler: Skipping translation for processor with null
2024-04-24T02:56:47,333  INFO [main] HiveMetaStore.audit: ugi=alex	ip=unknown-ip-addr	cmd=get_table : tbl=hive.default.t1	
2024-04-24T02:56:47,344  INFO [main] metastore.HMSHandler: Skipping translation for processor with null
2024-04-24T02:56:47,344  INFO [main] HiveMetaStore.audit: ugi=alex	ip=unknown-ip-addr	cmd=get_table_statistics_req: table=hive.default.t1	
2024-04-24T02:56:47,430  INFO [main] parse.CalcitePlanner: Creating view default.mat1 position=25
2024-04-24T02:56:47,430  INFO [main] HiveMetaStore.audit: ugi=alex	ip=unknown-ip-addr	cmd=get_table : tbl=hive.default.mat1	
2024-04-24T02:56:47,433  INFO [main] HiveMetaStore.audit: ugi=alex	ip=unknown-ip-addr	cmd=get_database: default	
2024-04-24T02:56:47,435  INFO [main] parse.CalcitePlanner: Get metadata for source tables
2024-04-24T02:56:47,436  INFO [main] parse.CalcitePlanner: Get metadata for subqueries
2024-04-24T02:56:47,436  INFO [main] parse.CalcitePlanner: Get metadata for destination tables
2024-04-24T02:56:47,436  INFO [main] HiveMetaStore.audit: ugi=alex	ip=unknown-ip-addr	cmd=get_database: default	
2024-04-24T02:56:47,445  INFO [main] txn.TxnHandler: Allocated writeId: 1 for txnId: 4
2024-04-24T02:56:47,445  INFO [main] txn.TxnHandler: Allocated write ids for dbName=default, tblName=mat1 (txnIds: [4])
2024-04-24T02:56:47,446  INFO [main] HiveMetaStore.audit: ugi=alex	ip=unknown-ip-addr	cmd=get_database: default	
2024-04-24T02:56:47,448  INFO [main] parse.CalcitePlanner: Generate an operator pipeline to autogather column stats for table mat1 in query create materialized view mat1 stored as orc TBLPROPERTIES ('transactional'='true') as select a,b from t1 where a > 1
2024-04-24T02:56:47,454  INFO [main] parse.CalcitePlanner: Get metadata for source tables
2024-04-24T02:56:47,454  INFO [main] parse.CalcitePlanner: Get metadata for subqueries
2024-04-24T02:56:47,454  INFO [main] parse.CalcitePlanner: Get metadata for source tables
2024-04-24T02:56:47,454  INFO [main] parse.CalcitePlanner: Get metadata for subqueries
2024-04-24T02:56:47,454  INFO [main] parse.CalcitePlanner: Get metadata for source tables
2024-04-24T02:56:47,454  INFO [main] parse.CalcitePlanner: Get metadata for subqueries
2024-04-24T02:56:47,454  INFO [main] parse.CalcitePlanner: Get metadata for destination tables
2024-04-24T02:56:47,454  INFO [main] parse.CalcitePlanner: Get metadata for destination tables
2024-04-24T02:56:47,454  INFO [main] parse.CalcitePlanner: Get metadata for destination tables
2024-04-24T02:56:47,473  INFO [main] common.FileUtils: Creating directory if it doesn't exist: file:/home/alex/Repositories/hive/ql/target/tmp/localscratchdir/3c7ffc2a-7b5d-42ee-980e-828de3300e7c/hive_2024-04-24_02-56-47_449_5122752137078377650-1/-mr-10000/.hive-staging_hive_2024-04-24_02-56-47_449_5122752137078377650-1
2024-04-24T02:56:47,478  INFO [main] parse.CalcitePlanner: CBO Succeeded; optimized logical plan.
2024-04-24T02:56:47,497  INFO [main] optimizer.ColumnPrunerProcFactory: RS 10 oldColExprMap: {VALUE._col4=Column[_col4], VALUE._col7=Column[_col7], VALUE._col6=Column[_col6], VALUE._col2=Column[_col2], VALUE._col0=Column[_col0], VALUE._col3=Column[_col3], VALUE._col5=Column[_col5], VALUE._col1=Column[_col1], VALUE._col8=Column[_col8]}
2024-04-24T02:56:47,497  INFO [main] optimizer.ColumnPrunerProcFactory: RS 10 newColExprMap: {VALUE._col8=Column[_col8], VALUE._col1=Column[_col1], VALUE._col0=Column[_col0], VALUE._col4=Column[_col4], VALUE._col7=Column[_col7], VALUE._col3=Column[_col3], VALUE._col6=Column[_col6], VALUE._col2=Column[_col2], VALUE._col5=Column[_col5]}
2024-04-24T02:56:47,498  INFO [main] optimizer.BucketVersionPopulator: not considering bucketingVersion for: TS[0] because it has -1<2 buckets 
2024-04-24T02:56:47,499  INFO [main] optimizer.SortedDynPartitionOptimizer: Sorted dynamic partitioning optimization kicked in..
2024-04-24T02:56:47,499  INFO [main] optimizer.SortedDynPartitionOptimizer: Sorted dynamic partitioning optimization kicked in..
2024-04-24T02:56:47,500  INFO [main] HiveMetaStore.audit: ugi=alex	ip=unknown-ip-addr	cmd=get_database: default	
2024-04-24T02:56:47,502  INFO [main] HiveMetaStore.audit: ugi=alex	ip=unknown-ip-addr	cmd=get_database: default	
2024-04-24T02:56:47,514  INFO [main] parse.CalcitePlanner: Completed plan generation
2024-04-24T02:56:47,514  INFO [main] parse.CalcitePlanner: Ending caching scope for: 
2024-04-24T02:56:47,514  INFO [main] ql.Driver: Semantic Analysis Completed (retrial = false)
2024-04-24T02:56:47,514  INFO [main] ql.Driver: Created Hive schema: Schema(fieldSchemas:[FieldSchema(name:a, type:int, comment:null), FieldSchema(name:b, type:int, comment:null)], properties:null)
2024-04-24T02:56:47,514  INFO [main] metadata.Hive: Dumping metastore api call timing information for : compilation phase
2024-04-24T02:56:47,514  INFO [main] metadata.Hive: Total time spent in each metastore function (ms): {isCompatibleWith_(Configuration)=1, getTableColumnStatistics_(String, String, List, String)=43, flushCache_()=0, getValidTxns_(long)=0, getTable_(GetTableRequest)=12, allocateTableWriteId_(long, String, String)=4, getValidWriteIds_(List, String)=4, getDatabase_(String)=13, getAllTableConstraints_(AllTableConstraintsRequest)=7, openTxn_(String, TxnType)=3, commitTxn_(CommitTxnRequest)=14}
2024-04-24T02:56:47,515  INFO [main] ql.Driver: Completed compiling command(queryId=alex_20240424025647_16d79c9f-39bd-4eb5-8df7-c94a39864f4b); Time taken: 0.345 seconds
2024-04-24T02:56:47,515  INFO [main] lockmgr.DbTxnManager: Setting lock request transaction to txnid:4 for queryId=alex_20240424025647_16d79c9f-39bd-4eb5-8df7-c94a39864f4b
2024-04-24T02:56:47,516  INFO [main] lockmgr.DbLockManager: Requesting lock for queryId=alex_20240424025647_16d79c9f-39bd-4eb5-8df7-c94a39864f4b
2024-04-24T02:56:47,537  INFO [main] lockmgr.DbLockManager: Response to queryId=alex_20240424025647_16d79c9f-39bd-4eb5-8df7-c94a39864f4b LockResponse(lockid:3, state:ACQUIRED)
2024-04-24T02:56:47,537  INFO [main] ql.Driver: Operation CREATE_MATERIALIZED_VIEW obtained 1 locks
2024-04-24T02:56:47,538  INFO [main] ql.Driver: Executing command(queryId=alex_20240424025647_16d79c9f-39bd-4eb5-8df7-c94a39864f4b): create materialized view mat1 stored as orc TBLPROPERTIES ('transactional'='true') as select a,b from t1 where a > 1
PREHOOK: query: create materialized view mat1 stored as orc TBLPROPERTIES ('transactional'='true') as select a,b from t1 where a > 1
2024-04-24T02:56:47,538  INFO [main] SessionState: PREHOOK: query: create materialized view mat1 stored as orc TBLPROPERTIES ('transactional'='true') as select a,b from t1 where a > 1
PREHOOK: type: CREATE_MATERIALIZED_VIEW
2024-04-24T02:56:47,539  INFO [main] SessionState: PREHOOK: type: CREATE_MATERIALIZED_VIEW
PREHOOK: Input: default@t1
2024-04-24T02:56:47,539  INFO [main] SessionState: PREHOOK: Input: default@t1
PREHOOK: Output: database:default
2024-04-24T02:56:47,539  INFO [main] SessionState: PREHOOK: Output: database:default
PREHOOK: Output: default@mat1
2024-04-24T02:56:47,539  INFO [main] SessionState: PREHOOK: Output: default@mat1
2024-04-24T02:56:47,539  WARN [main] ql.Driver: Hive-on-MR is deprecated in Hive 2 and may not be available in the future versions. Consider using a different execution engine (i.e. spark, tez) or using Hive 1.X releases.
Query ID = alex_20240424025647_16d79c9f-39bd-4eb5-8df7-c94a39864f4b
2024-04-24T02:56:47,539  INFO [main] ql.Driver: Query ID = alex_20240424025647_16d79c9f-39bd-4eb5-8df7-c94a39864f4b
Total jobs = 1
2024-04-24T02:56:47,539  INFO [main] ql.Driver: Total jobs = 1
Launching Job 1 out of 1
2024-04-24T02:56:47,539  INFO [main] ql.Driver: Launching Job 1 out of 1
2024-04-24T02:56:47,666  INFO [main] ql.Driver: Starting task [Stage-1:MAPRED] in serial mode
Number of reduce tasks determined at compile time: 1
2024-04-24T02:56:47,666  INFO [main] exec.Task: Number of reduce tasks determined at compile time: 1
In order to change the average load for a reducer (in bytes):
2024-04-24T02:56:47,666  INFO [main] exec.Task: In order to change the average load for a reducer (in bytes):
  set hive.exec.reducers.bytes.per.reducer=<number>
2024-04-24T02:56:47,667  INFO [main] exec.Task:   set hive.exec.reducers.bytes.per.reducer=<number>
In order to limit the maximum number of reducers:
2024-04-24T02:56:47,667  INFO [main] exec.Task: In order to limit the maximum number of reducers:
  set hive.exec.reducers.max=<number>
2024-04-24T02:56:47,667  INFO [main] exec.Task:   set hive.exec.reducers.max=<number>
In order to set a constant number of reducers:
2024-04-24T02:56:47,667  INFO [main] exec.Task: In order to set a constant number of reducers:
  set mapreduce.job.reduces=<number>
2024-04-24T02:56:47,667  INFO [main] exec.Task:   set mapreduce.job.reduces=<number>
2024-04-24T02:56:47,671  INFO [main] mr.ExecDriver: Using org.apache.hadoop.hive.ql.io.CombineHiveInputFormat
2024-04-24T02:56:47,672  INFO [main] exec.Utilities: Processing alias t1
2024-04-24T02:56:47,672  INFO [main] exec.Utilities: Adding 1 inputs; the first input is pfile:/home/alex/Repositories/hive/ql/target/warehouse/t1
2024-04-24T02:56:47,684  INFO [main] exec.SerializationUtilities: Serializing MapWork using kryo
2024-04-24T02:56:47,687  INFO [main] exec.Utilities: Serialized plan (via FILE) - name: null size: 7,83KB
2024-04-24T02:56:47,692  INFO [main] exec.SerializationUtilities: Serializing ReduceWork using kryo
2024-04-24T02:56:47,694  INFO [main] exec.Utilities: Serialized plan (via FILE) - name: null size: 11,20KB
2024-04-24T02:56:47,695  WARN [main] impl.MetricsSystemImpl: JobTracker metrics system already initialized!
2024-04-24T02:56:47,699  INFO [main] fs.FSStatsPublisher: created : pfile:/home/alex/Repositories/hive/ql/target/warehouse/.hive-staging_hive_2024-04-24_02-56-47_169_1164660652537586138-1/-ext-10003
2024-04-24T02:56:47,702  INFO [main] fs.FSStatsPublisher: created : file:/home/alex/Repositories/hive/ql/target/tmp/localscratchdir/3c7ffc2a-7b5d-42ee-980e-828de3300e7c/hive_2024-04-24_02-56-47_449_5122752137078377650-1/-mr-10002
2024-04-24T02:56:47,708  WARN [main] impl.MetricsSystemImpl: JobTracker metrics system already initialized!
2024-04-24T02:56:47,715  WARN [main] mapreduce.JobResourceUploader: Hadoop command-line option parsing not performed. Implement the Tool interface and execute your application with ToolRunner to remedy this.
2024-04-24T02:56:47,720  WARN [main] mapreduce.JobResourceUploader: No job jar file set.  User classes may not be found. See Job or Job#setJar(String).
2024-04-24T02:56:47,720  INFO [main] io.CombineHiveInputFormat: Total number of paths: 1, launching 1 threads to check non-combinable ones.
2024-04-24T02:56:47,721  INFO [pool-23-thread-1] FileOperations: The path [pfile:/home/alex/Repositories/hive/ql/target/warehouse/t1] is being parked for HiveInputFormat.getSplits
2024-04-24T02:56:47,726  INFO [main] io.HiveInputFormat: hive.io.file.readcolumn.ids = 0,1
2024-04-24T02:56:47,726  INFO [main] io.HiveInputFormat: hive.io.file.readcolumn.names = a,b
2024-04-24T02:56:47,726  INFO [main] io.HiveInputFormat: Generating splits for dirs: pfile:/home/alex/Repositories/hive/ql/target/warehouse/t1
2024-04-24T02:56:47,726  INFO [main] orc.OrcInputFormat: getSplits started
2024-04-24T02:56:47,734  INFO [main] orc.OrcInputFormat: Context:: isAcid: true isVectorMode: false sarg: (not leaf-(LESS_THAN_EQUALS a 1)) minSplitSize: 1 maxSplitSize: 256000000 splitStrategy: HYBRID footerInSplits: false numBuckets: 0 numThreads: 10 cacheMemSize: 268435456 cacheStripeDetails: true useSoftReference: false writeIdList: default.t1:1:9223372036854775807:: isTransactionalTable: true txnProperties: default 
2024-04-24T02:56:47,734  INFO [main] orc.OrcInputFormat: ORC pushdown predicate: (not leaf-(LESS_THAN_EQUALS a 1))
2024-04-24T02:56:47,771  INFO [main] orc.OrcInputFormat: FooterCacheHitRatio: 0/1
2024-04-24T02:56:47,771  INFO [main] orc.OrcInputFormat: getSplits finished (#splits: 1). duration: 45 ms
2024-04-24T02:56:47,771  INFO [main] io.HiveInputFormat: number of splits 1
2024-04-24T02:56:47,771  INFO [main] io.CombineHiveInputFormat: Number of all splits 1
2024-04-24T02:56:47,789  INFO [main] mapreduce.JobSubmitter: number of splits:1
2024-04-24T02:56:47,808  INFO [main] mapreduce.JobSubmitter: Submitting tokens for job: job_local249158842_0003
2024-04-24T02:56:47,808  INFO [main] mapreduce.JobSubmitter: Executing with tokens: []
2024-04-24T02:56:47,869  INFO [main] mapreduce.Job: The url to track the job: http://localhost:8080/
Job running in-process (local Hadoop)
2024-04-24T02:56:47,869  INFO [main] exec.Task: Job running in-process (local Hadoop)
2024-04-24T02:56:47,869  INFO [Thread-244] mapred.LocalJobRunner: OutputCommitter set in config org.apache.hadoop.hive.ql.io.HiveFileFormatUtils$NullOutputCommitter
2024-04-24T02:56:47,869  INFO [Thread-244] mapred.LocalJobRunner: OutputCommitter is org.apache.hadoop.hive.ql.io.HiveFileFormatUtils$NullOutputCommitter
2024-04-24T02:56:47,871  INFO [Thread-244] mapred.LocalJobRunner: Waiting for map tasks
2024-04-24T02:56:47,871  INFO [LocalJobRunner Map Task Executor #0] mapred.LocalJobRunner: Starting task: attempt_local249158842_0003_m_000000_0
2024-04-24T02:56:47,872  INFO [LocalJobRunner Map Task Executor #0] mapred.Task:  Using ResourceCalculatorProcessTree : [ ]
2024-04-24T02:56:47,873  INFO [LocalJobRunner Map Task Executor #0] mapred.MapTask: Processing split: org.apache.hadoop.hive.ql.io.orc.OrcInputFormat:OrcSplit [pfile:/home/alex/Repositories/hive/ql/target/warehouse/t1/delta_0000001_0000001_0000/bucket_00000_0, start=3, length=314, isOriginal=false, fileLength=686, hasFooter=false, hasBase=true, deltas=0]
2024-04-24T02:56:47,874  INFO [LocalJobRunner Map Task Executor #0] exec.SerializationUtilities: Deserializing MapWork using kryo
2024-04-24T02:56:47,881  INFO [LocalJobRunner Map Task Executor #0] exec.Utilities: Deserialized plan (via FILE) - name: null size: 7,83KB
2024-04-24T02:56:47,889  INFO [LocalJobRunner Map Task Executor #0] orc.OrcInputFormat: ORC pushdown predicate: (not leaf-(LESS_THAN_EQUALS a 1))
2024-04-24T02:56:47,892  INFO [LocalJobRunner Map Task Executor #0] orc.OrcRawRecordMerger: min key = null, max key = null
2024-04-24T02:56:47,892  INFO [LocalJobRunner Map Task Executor #0] orc.ReaderImpl: Reading ORC rows from pfile:/home/alex/Repositories/hive/ql/target/warehouse/t1/delta_0000001_0000001_0000/bucket_00000_0 with {include: [true, true, true], offset: 3, length: 314, sarg: (not leaf-(LESS_THAN_EQUALS a 1)), schema: struct<a:int,b:int>, includeAcidColumns: true}
2024-04-24T02:56:47,907  INFO [LocalJobRunner Map Task Executor #0] orc.OrcRawRecordMerger: updated min key = null, max key = null
2024-04-24T02:56:47,908  INFO [LocalJobRunner Map Task Executor #0] mapred.MapTask: numReduceTasks: 1
2024-04-24T02:56:47,912  INFO [LocalJobRunner Map Task Executor #0] mapred.MapTask: (EQUATOR) 0 kvi 26214396(104857584)
2024-04-24T02:56:47,912  INFO [LocalJobRunner Map Task Executor #0] mapred.MapTask: mapreduce.task.io.sort.mb: 100
2024-04-24T02:56:47,912  INFO [LocalJobRunner Map Task Executor #0] mapred.MapTask: soft limit at 83886080
2024-04-24T02:56:47,912  INFO [LocalJobRunner Map Task Executor #0] mapred.MapTask: bufstart = 0; bufvoid = 104857600
2024-04-24T02:56:47,912  INFO [LocalJobRunner Map Task Executor #0] mapred.MapTask: kvstart = 26214396; length = 6553600
2024-04-24T02:56:47,913  INFO [LocalJobRunner Map Task Executor #0] mapred.MapTask: Map output collector class = org.apache.hadoop.mapred.MapTask$MapOutputBuffer
2024-04-24T02:56:47,914  INFO [LocalJobRunner Map Task Executor #0] exec.MapOperator: Initializing Operator: MAP[0]
2024-04-24T02:56:47,916  INFO [LocalJobRunner Map Task Executor #0] mr.ExecMapper: 
<MAP>Id =0
  <Children>null
  <\Children>
  <Parent><\Parent>
<\MAP>
2024-04-24T02:56:47,917  INFO [LocalJobRunner Map Task Executor #0] exec.TableScanOperator: Initializing Operator: TS[0]
2024-04-24T02:56:47,917  INFO [LocalJobRunner Map Task Executor #0] exec.FilterOperator: Initializing Operator: FIL[14]
2024-04-24T02:56:47,917  INFO [LocalJobRunner Map Task Executor #0] exec.SelectOperator: Initializing Operator: SEL[2]
2024-04-24T02:56:47,917  INFO [LocalJobRunner Map Task Executor #0] exec.SelectOperator: SELECT struct<a:int,b:int>
2024-04-24T02:56:47,917  INFO [LocalJobRunner Map Task Executor #0] exec.FileSinkOperator: Initializing Operator: FS[3]
2024-04-24T02:56:47,919  INFO [LocalJobRunner Map Task Executor #0] exec.FileSinkOperator: Using serializer : AbstractSerDe [log=org.apache.logging.slf4j.Log4jLogger@18e78c71, configuration=Optional[Configuration: core-default.xml, core-site.xml, mapred-default.xml, mapred-site.xml, yarn-default.xml, yarn-site.xml, hdfs-default.xml, hdfs-site.xml, file:/home/alex/Repositories/hive/ql/target/tmp/hadoop-tmp/mapred/local/localRunner/alex/job_local249158842_0003/job_local249158842_0003.xml], properties={name=default.mat1, columns=a,b, bucketing_version=-1, serialization.lib=org.apache.hadoop.hive.ql.io.orc.OrcSerde, transactional=true, serialization.format=1, columns.types=int:int}, tableProperties={name=default.mat1, columns=a,b, serialization.lib=org.apache.hadoop.hive.ql.io.orc.OrcSerde, bucketing_version=-1, serialization.format=1, transactional=true, columns.types=int:int}, partitionProperties=Optional.empty, columnNames=[a, b], columnTypes=[int, int], getClass()=class org.apache.hadoop.hive.ql.io.orc.OrcSerde] and formatter : org.apache.hadoop.hive.ql.io.orc.OrcOutputFormat@62de0ee7
2024-04-24T02:56:47,919  INFO [LocalJobRunner Map Task Executor #0] exec.SelectOperator: Initializing Operator: SEL[8]
2024-04-24T02:56:47,919  INFO [LocalJobRunner Map Task Executor #0] exec.SelectOperator: SELECT struct<_col0:int,_col1:int>
2024-04-24T02:56:47,920  INFO [LocalJobRunner Map Task Executor #0] exec.GroupByOperator: Initializing Operator: GBY[9]
2024-04-24T02:56:47,920  INFO [LocalJobRunner Map Task Executor #0] exec.GroupByOperator: Max hash table memory: 954466304 bytes
2024-04-24T02:56:47,920  INFO [LocalJobRunner Map Task Executor #0] exec.GroupByOperator: isTez: false isLlap: false numExecutors: 1 maxMemory: 1908932608
2024-04-24T02:56:47,920  INFO [LocalJobRunner Map Task Executor #0] exec.ReduceSinkOperator: Initializing Operator: RS[10]
2024-04-24T02:56:47,920  INFO [LocalJobRunner Map Task Executor #0] exec.ReduceSinkOperator: Using tag = -1
2024-04-24T02:56:47,921  INFO [LocalJobRunner Map Task Executor #0] exec.MapOperator: MAP[0]: records read - 1
2024-04-24T02:56:47,922  INFO [LocalJobRunner Map Task Executor #0] exec.FileSinkOperator: Final Path: FS pfile:/home/alex/Repositories/hive/ql/target/warehouse/.hive-staging_hive_2024-04-24_02-56-47_169_1164660652537586138-1/_tmp.-ext-10002/000000_0
2024-04-24T02:56:47,922  INFO [LocalJobRunner Map Task Executor #0] exec.FileSinkOperator: Writing to temp file: FS pfile:/home/alex/Repositories/hive/ql/target/warehouse/.hive-staging_hive_2024-04-24_02-56-47_169_1164660652537586138-1/_task_tmp.-ext-10002/_tmp.000000_0
2024-04-24T02:56:47,922  INFO [LocalJobRunner Map Task Executor #0] exec.FileSinkOperator: New Final Path: FS pfile:/home/alex/Repositories/hive/ql/target/warehouse/.hive-staging_hive_2024-04-24_02-56-47_169_1164660652537586138-1/_tmp.-ext-10002/000000_0
2024-04-24T02:56:47,923  INFO [LocalJobRunner Map Task Executor #0] exec.FileSinkOperator: FS[3]: records written - 1
2024-04-24T02:56:47,923  INFO [LocalJobRunner Map Task Executor #0] impl.PhysicalFsWriter: ORC writer created for path: pfile:/home/alex/Repositories/hive/ql/target/warehouse/.hive-staging_hive_2024-04-24_02-56-47_169_1164660652537586138-1/_task_tmp.-ext-10002/_tmp.000000_0/delta_0000001_0000001_0000/bucket_00000 with stripeSize: 8388608 blockSize: 268435456 compression: Compress: ZLIB buffer: 32768
2024-04-24T02:56:47,935  INFO [LocalJobRunner Map Task Executor #0] impl.WriterImpl: ORC writer created for path: pfile:/home/alex/Repositories/hive/ql/target/warehouse/.hive-staging_hive_2024-04-24_02-56-47_169_1164660652537586138-1/_task_tmp.-ext-10002/_tmp.000000_0/delta_0000001_0000001_0000/bucket_00000 with stripeSize: 8388608 options: Compress: ZLIB buffer: 32768
2024-04-24T02:56:47,940  INFO [LocalJobRunner Map Task Executor #0] exec.MapOperator: Closing Operator: MAP[0]
2024-04-24T02:56:47,940  INFO [LocalJobRunner Map Task Executor #0] exec.MapOperator: MAP[0]: Total records read - 2. abort - false
2024-04-24T02:56:47,940  INFO [LocalJobRunner Map Task Executor #0] exec.MapOperator: RECORDS_OUT_INTERMEDIATE:0, DESERIALIZE_ERRORS:0, RECORDS_IN:2, RECORDS_OUT_OPERATOR_MAP_0:0, 
2024-04-24T02:56:47,940  INFO [LocalJobRunner Map Task Executor #0] exec.TableScanOperator: Closing Operator: TS[0]
2024-04-24T02:56:47,941  INFO [LocalJobRunner Map Task Executor #0] exec.TableScanOperator: RECORDS_OUT_OPERATOR_TS_0:2, RECORDS_OUT_INTERMEDIATE:0, 
2024-04-24T02:56:47,941  INFO [LocalJobRunner Map Task Executor #0] exec.FilterOperator: Closing Operator: FIL[14]
2024-04-24T02:56:47,941  INFO [LocalJobRunner Map Task Executor #0] exec.FilterOperator: RECORDS_OUT_INTERMEDIATE:0, RECORDS_OUT_OPERATOR_FIL_14:1, 
2024-04-24T02:56:47,941  INFO [LocalJobRunner Map Task Executor #0] exec.SelectOperator: Closing Operator: SEL[2]
2024-04-24T02:56:47,941  INFO [LocalJobRunner Map Task Executor #0] exec.SelectOperator: RECORDS_OUT_INTERMEDIATE:0, RECORDS_OUT_OPERATOR_SEL_2:1, 
2024-04-24T02:56:47,941  INFO [LocalJobRunner Map Task Executor #0] exec.FileSinkOperator: Closing Operator: FS[3]
2024-04-24T02:56:47,941  INFO [LocalJobRunner Map Task Executor #0] exec.FileSinkOperator: FS[3]: records written - 1
2024-04-24T02:56:47,955  INFO [LocalJobRunner Map Task Executor #0] exec.FileSinkOperator: RECORDS_OUT_INTERMEDIATE:0, RECORDS_OUT_OPERATOR_FS_3:1, RECORDS_OUT_1_default.mat1:1, TOTAL_TABLE_ROWS_WRITTEN:1, 
2024-04-24T02:56:47,955  INFO [LocalJobRunner Map Task Executor #0] exec.SelectOperator: Closing Operator: SEL[8]
2024-04-24T02:56:47,956  INFO [LocalJobRunner Map Task Executor #0] exec.SelectOperator: RECORDS_OUT_INTERMEDIATE:0, RECORDS_OUT_OPERATOR_SEL_8:1, 
2024-04-24T02:56:47,956  INFO [LocalJobRunner Map Task Executor #0] exec.GroupByOperator: Closing Operator: GBY[9]
2024-04-24T02:56:47,956  INFO [LocalJobRunner Map Task Executor #0] exec.GroupByOperator: Begin Hash Table flush: size = 1
2024-04-24T02:56:47,956  INFO [LocalJobRunner Map Task Executor #0] exec.ReduceSinkOperator: keys are [] num distributions: 0
2024-04-24T02:56:47,956  INFO [LocalJobRunner Map Task Executor #0] exec.ReduceSinkOperator: RS[10]: records written - 1
2024-04-24T02:56:47,956  INFO [LocalJobRunner Map Task Executor #0] exec.GroupByOperator: RECORDS_OUT_OPERATOR_GBY_9:1, RECORDS_OUT_INTERMEDIATE:0, 
2024-04-24T02:56:47,956  INFO [LocalJobRunner Map Task Executor #0] exec.ReduceSinkOperator: Closing Operator: RS[10]
2024-04-24T02:56:47,956  INFO [LocalJobRunner Map Task Executor #0] exec.ReduceSinkOperator: RS[10]: Total records written - 1. abort - false
2024-04-24T02:56:47,956  INFO [LocalJobRunner Map Task Executor #0] exec.ReduceSinkOperator: RECORDS_OUT_INTERMEDIATE:1, RECORDS_OUT_OPERATOR_RS_10:1, 
2024-04-24T02:56:47,957  INFO [LocalJobRunner Map Task Executor #0] mapred.LocalJobRunner: 
2024-04-24T02:56:47,957  INFO [LocalJobRunner Map Task Executor #0] mapred.MapTask: Starting flush of map output
2024-04-24T02:56:47,957  INFO [LocalJobRunner Map Task Executor #0] mapred.MapTask: Spilling map output
2024-04-24T02:56:47,957  INFO [LocalJobRunner Map Task Executor #0] mapred.MapTask: bufstart = 0; bufend = 42; bufvoid = 104857600
2024-04-24T02:56:47,957  INFO [LocalJobRunner Map Task Executor #0] mapred.MapTask: kvstart = 26214396(104857584); kvend = 26214396(104857584); length = 1/6553600
2024-04-24T02:56:47,969  INFO [LocalJobRunner Map Task Executor #0] mapred.MapTask: Finished spill 0
2024-04-24T02:56:47,972  INFO [LocalJobRunner Map Task Executor #0] mapred.Task: Task:attempt_local249158842_0003_m_000000_0 is done. And is in the process of committing
2024-04-24T02:56:47,973  INFO [LocalJobRunner Map Task Executor #0] mapred.LocalJobRunner: OrcSplit [pfile:/home/alex/Repositories/hive/ql/target/warehouse/t1/delta_0000001_0000001_0000/bucket_00000_0, start=3, length=314, isOriginal=false, fileLength=686, hasFooter=false, hasBase=true, deltas=0]
2024-04-24T02:56:47,973  INFO [LocalJobRunner Map Task Executor #0] mapred.Task: Task 'attempt_local249158842_0003_m_000000_0' done.
2024-04-24T02:56:47,973  INFO [LocalJobRunner Map Task Executor #0] mapred.Task: Final Counters for attempt_local249158842_0003_m_000000_0: Counters: 31
	File System Counters
		FILE: Number of bytes read=53261
		FILE: Number of bytes written=3461202
		FILE: Number of read operations=0
		FILE: Number of large read operations=0
		FILE: Number of write operations=0
	Map-Reduce Framework
		Map input records=2
		Map output records=1
		Map output bytes=42
		Map output materialized bytes=50
		Input split bytes=366
		Combine input records=0
		Spilled Records=1
		Failed Shuffles=0
		Merged Map outputs=0
		GC time elapsed (ms)=0
		Total committed heap usage (bytes)=970457088
	HIVE
		CREATED_FILES=1
		DESERIALIZE_ERRORS=0
		RECORDS_IN=2
		RECORDS_OUT_1_default.mat1=1
		RECORDS_OUT_INTERMEDIATE=1
		RECORDS_OUT_OPERATOR_FIL_14=1
		RECORDS_OUT_OPERATOR_FS_3=1
		RECORDS_OUT_OPERATOR_GBY_9=1
		RECORDS_OUT_OPERATOR_MAP_0=0
		RECORDS_OUT_OPERATOR_RS_10=1
		RECORDS_OUT_OPERATOR_SEL_2=1
		RECORDS_OUT_OPERATOR_SEL_8=1
		RECORDS_OUT_OPERATOR_TS_0=2
		TOTAL_TABLE_ROWS_WRITTEN=1
	File Input Format Counters 
		Bytes Read=0
2024-04-24T02:56:47,973  INFO [LocalJobRunner Map Task Executor #0] mapred.LocalJobRunner: Finishing task: attempt_local249158842_0003_m_000000_0
2024-04-24T02:56:47,974  INFO [Thread-244] mapred.LocalJobRunner: map task executor complete.
2024-04-24T02:56:47,974  INFO [Thread-244] mapred.LocalJobRunner: Waiting for reduce tasks
2024-04-24T02:56:47,975  INFO [pool-26-thread-1] mapred.LocalJobRunner: Starting task: attempt_local249158842_0003_r_000000_0
2024-04-24T02:56:47,975  INFO [pool-26-thread-1] mapred.Task:  Using ResourceCalculatorProcessTree : [ ]
2024-04-24T02:56:47,975  INFO [pool-26-thread-1] mapred.ReduceTask: Using ShuffleConsumerPlugin: org.apache.hadoop.mapreduce.task.reduce.Shuffle@57c19811
2024-04-24T02:56:47,975  WARN [pool-26-thread-1] impl.MetricsSystemImpl: JobTracker metrics system already initialized!
2024-04-24T02:56:47,977  INFO [pool-26-thread-1] reduce.MergeManagerImpl: MergerManager: memoryLimit=1336252800, maxSingleShuffleLimit=334063200, mergeThreshold=881926912, ioSortFactor=10, memToMemMergeOutputsThreshold=10
2024-04-24T02:56:47,977  INFO [EventFetcher for fetching Map Completion Events] reduce.EventFetcher: attempt_local249158842_0003_r_000000_0 Thread started: EventFetcher for fetching Map Completion Events
2024-04-24T02:56:47,978  INFO [localfetcher#3] reduce.LocalFetcher: localfetcher#3 about to shuffle output of map attempt_local249158842_0003_m_000000_0 decomp: 46 len: 50 to MEMORY
2024-04-24T02:56:47,978  INFO [localfetcher#3] reduce.InMemoryMapOutput: Read 46 bytes from map-output for attempt_local249158842_0003_m_000000_0
2024-04-24T02:56:47,978  INFO [localfetcher#3] reduce.MergeManagerImpl: closeInMemoryFile -> map-output of size: 46, inMemoryMapOutputs.size() -> 1, commitMemory -> 0, usedMemory ->46
2024-04-24T02:56:47,979  INFO [EventFetcher for fetching Map Completion Events] reduce.EventFetcher: EventFetcher is interrupted.. Returning
2024-04-24T02:56:47,979  INFO [pool-26-thread-1] mapred.LocalJobRunner: 1 / 1 copied.
2024-04-24T02:56:47,979  INFO [pool-26-thread-1] reduce.MergeManagerImpl: finalMerge called with 1 in-memory map-outputs and 0 on-disk map-outputs
2024-04-24T02:56:47,986  INFO [pool-26-thread-1] mapred.Merger: Merging 1 sorted segments
2024-04-24T02:56:47,986  INFO [pool-26-thread-1] mapred.Merger: Down to the last merge-pass, with 1 segments left of total size: 39 bytes
2024-04-24T02:56:47,989  INFO [pool-26-thread-1] reduce.MergeManagerImpl: Merged 1 segments, 46 bytes to disk to satisfy reduce memory limit
2024-04-24T02:56:47,989  INFO [pool-26-thread-1] reduce.MergeManagerImpl: Merging 1 files, 50 bytes from disk
2024-04-24T02:56:47,989  INFO [pool-26-thread-1] reduce.MergeManagerImpl: Merging 0 segments, 0 bytes from memory into reduce
2024-04-24T02:56:47,989  INFO [pool-26-thread-1] mapred.Merger: Merging 1 sorted segments
2024-04-24T02:56:47,989  INFO [pool-26-thread-1] mapred.Merger: Down to the last merge-pass, with 1 segments left of total size: 39 bytes
2024-04-24T02:56:47,989  INFO [pool-26-thread-1] mapred.LocalJobRunner: 1 / 1 copied.
2024-04-24T02:56:47,990  INFO [pool-26-thread-1] exec.SerializationUtilities: Deserializing ReduceWork using kryo
2024-04-24T02:56:47,992  INFO [pool-26-thread-1] exec.Utilities: Deserialized plan (via FILE) - name: null size: 11,20KB
2024-04-24T02:56:47,993  INFO [pool-26-thread-1] ExecReducer: 
<GBY>Id =11
  <Children>
    <SEL>Id =12
      <Children>
        <FS>Id =13
          <Children>
          <\Children>
          <Parent>Id = 12 null<\Parent>
        <\FS>
      <\Children>
      <Parent>Id = 11 null<\Parent>
    <\SEL>
  <\Children>
  <Parent><\Parent>
<\GBY>
2024-04-24T02:56:47,993  INFO [pool-26-thread-1] exec.GroupByOperator: Initializing Operator: GBY[11]
2024-04-24T02:56:47,994  INFO [pool-26-thread-1] exec.GroupByOperator: isTez: false isLlap: false numExecutors: 1 maxMemory: 1908932608
2024-04-24T02:56:47,994  INFO [pool-26-thread-1] exec.SelectOperator: Initializing Operator: SEL[12]
2024-04-24T02:56:47,995  INFO [pool-26-thread-1] exec.SelectOperator: SELECT struct<_col0:int,_col1:int,_col2:bigint,_col3:bigint,_col4:binary,_col5:int,_col6:int,_col7:bigint,_col8:binary>
2024-04-24T02:56:47,996  INFO [pool-26-thread-1] exec.FileSinkOperator: Initializing Operator: FS[13]
2024-04-24T02:56:47,997  INFO [pool-26-thread-1] exec.FileSinkOperator: Using serializer : class org.apache.hadoop.hive.serde2.lazy.LazySimpleSerDe [serdeParams=org.apache.hadoop.hive.serde2.lazy.LazySerDeParameters@24880559, cachedObjectInspector=org.apache.hadoop.hive.serde2.lazy.objectinspector.LazySimpleStructObjectInspector<org.apache.hadoop.hive.serde2.lazy.objectinspector.primitive.LazyStringObjectInspector@439d649c,org.apache.hadoop.hive.serde2.lazy.objectinspector.primitive.LazyLongObjectInspector@6e475994,org.apache.hadoop.hive.serde2.lazy.objectinspector.primitive.LazyLongObjectInspector@6e475994,org.apache.hadoop.hive.serde2.lazy.objectinspector.primitive.LazyLongObjectInspector@6e475994,org.apache.hadoop.hive.serde2.lazy.objectinspector.primitive.LazyLongObjectInspector@6e475994,org.apache.hadoop.hive.serde2.lazy.objectinspector.primitive.LazyBinaryObjectInspector@55a2f08b,org.apache.hadoop.hive.serde2.lazy.objectinspector.primitive.LazyStringObjectInspector@439d649c,org.apache.hadoop.hive.serde2.lazy.objectinspector.primitive.LazyLongObjectInspector@6e475994,org.apache.hadoop.hive.serde2.lazy.objectinspector.primitive.LazyLongObjectInspector@6e475994,org.apache.hadoop.hive.serde2.lazy.objectinspector.primitive.LazyLongObjectInspector@6e475994,org.apache.hadoop.hive.serde2.lazy.objectinspector.primitive.LazyLongObjectInspector@6e475994,org.apache.hadoop.hive.serde2.lazy.objectinspector.primitive.LazyBinaryObjectInspector@55a2f08b>, serializedSize=0, stats=org.apache.hadoop.hive.serde2.SerDeStats@8d4740d, lastOperationSerialize=false, lastOperationDeserialize=false [1, 2, 3, 4, 5, 6, 7, 8, 11, 14, 15, 16, 17, 18, 19, 20, 21, 22, 23, 24, 25, 26, 28, 29, 30, 31, -128, -127, -126, -125, -124, -123, -122, -121, -120, -119, -118, -117, -116, -115, -114, -113, -112, -111, -110, -109, -108, -107, -106, -105, -104, -103, -102, -101, -100, -99, -98, -97, -96, -95, -94, -93, -92, -91, -90, -89, -88, -87, -86, -85, -84, -83, -82, -81, -80, -79, -78, -77, -76, -75, -74, -73, -72, -71, -70, -69, -68, -67, -66, -65, -64, -63, -62, -61, -60, -59, -58, -57, -56, -55, -54, -53, -52, -51, -50, -49, -48, -47, -46, -45, -44, -43, -42, -41, -40, -39, -38, -37, -36, -35, -34, -33, -32, -31, -30, -29, -28, -27, -26, -25, -24, -23, -22, -21, -20, -19, -18, -17, -16, -15, -14, -13, -12, -11, -10, -9, -8, -7, -6, -5, -4, -3, -2, -1] : [_col0, _col1, _col2, _col3, _col4, _col5, _col6, _col7, _col8, _col9, _col10, _col11] : [string, bigint, bigint, bigint, bigint, binary, string, bigint, bigint, bigint, bigint, binary]] and formatter : org.apache.hadoop.hive.ql.io.HiveSequenceFileOutputFormat@12a99ea1
2024-04-24T02:56:47,998  INFO [pool-26-thread-1] exec.GroupByOperator: Closing Operator: GBY[11]
2024-04-24T02:56:47,998  INFO [pool-26-thread-1] exec.FileSinkOperator: Final Path: FS file:/home/alex/Repositories/hive/ql/target/tmp/localscratchdir/3c7ffc2a-7b5d-42ee-980e-828de3300e7c/hive_2024-04-24_02-56-47_449_5122752137078377650-1/-mr-10000/.hive-staging_hive_2024-04-24_02-56-47_449_5122752137078377650-1/_tmp.-ext-10001/000000_0
2024-04-24T02:56:47,998  INFO [pool-26-thread-1] exec.FileSinkOperator: Writing to temp file: FS file:/home/alex/Repositories/hive/ql/target/tmp/localscratchdir/3c7ffc2a-7b5d-42ee-980e-828de3300e7c/hive_2024-04-24_02-56-47_449_5122752137078377650-1/-mr-10000/.hive-staging_hive_2024-04-24_02-56-47_449_5122752137078377650-1/_task_tmp.-ext-10001/_tmp.000000_0
2024-04-24T02:56:47,998  INFO [pool-26-thread-1] exec.FileSinkOperator: New Final Path: FS file:/home/alex/Repositories/hive/ql/target/tmp/localscratchdir/3c7ffc2a-7b5d-42ee-980e-828de3300e7c/hive_2024-04-24_02-56-47_449_5122752137078377650-1/-mr-10000/.hive-staging_hive_2024-04-24_02-56-47_449_5122752137078377650-1/_tmp.-ext-10001/000000_0
2024-04-24T02:56:48,005  INFO [pool-26-thread-1] exec.FileSinkOperator: FS[13]: records written - 1
2024-04-24T02:56:48,005  INFO [pool-26-thread-1] exec.GroupByOperator: RECORDS_OUT_OPERATOR_GBY_11:1, RECORDS_OUT_INTERMEDIATE:0, 
2024-04-24T02:56:48,006  INFO [pool-26-thread-1] exec.SelectOperator: Closing Operator: SEL[12]
2024-04-24T02:56:48,006  INFO [pool-26-thread-1] exec.SelectOperator: RECORDS_OUT_OPERATOR_SEL_12:1, RECORDS_OUT_INTERMEDIATE:0, 
2024-04-24T02:56:48,006  INFO [pool-26-thread-1] exec.FileSinkOperator: Closing Operator: FS[13]
2024-04-24T02:56:48,006  INFO [pool-26-thread-1] exec.FileSinkOperator: FS[13]: records written - 1
2024-04-24T02:56:48,006  INFO [pool-26-thread-1] exec.FileSinkOperator: RECORDS_OUT_0:1, RECORDS_OUT_OPERATOR_FS_13:1, RECORDS_OUT_INTERMEDIATE:0, 
2024-04-24T02:56:48,006  INFO [pool-26-thread-1] mapred.Task: Task:attempt_local249158842_0003_r_000000_0 is done. And is in the process of committing
2024-04-24T02:56:48,007  INFO [pool-26-thread-1] mapred.LocalJobRunner: reduce > reduce
2024-04-24T02:56:48,007  INFO [pool-26-thread-1] mapred.Task: Task 'attempt_local249158842_0003_r_000000_0' done.
2024-04-24T02:56:48,007  INFO [pool-26-thread-1] mapred.Task: Final Counters for attempt_local249158842_0003_r_000000_0: Counters: 30
	File System Counters
		FILE: Number of bytes read=64689
		FILE: Number of bytes written=3461421
		FILE: Number of read operations=0
		FILE: Number of large read operations=0
		FILE: Number of write operations=0
	Map-Reduce Framework
		Combine input records=0
		Combine output records=0
		Reduce input groups=1
		Reduce shuffle bytes=50
		Reduce input records=1
		Reduce output records=0
		Spilled Records=1
		Shuffled Maps =1
		Failed Shuffles=0
		Merged Map outputs=1
		GC time elapsed (ms)=0
		Total committed heap usage (bytes)=970457088
	HIVE
		CREATED_FILES=1
		RECORDS_OUT_0=1
		RECORDS_OUT_INTERMEDIATE=0
		RECORDS_OUT_OPERATOR_FS_13=1
		RECORDS_OUT_OPERATOR_GBY_11=1
		RECORDS_OUT_OPERATOR_SEL_12=1
	Shuffle Errors
		BAD_ID=0
		CONNECTION=0
		IO_ERROR=0
		WRONG_LENGTH=0
		WRONG_MAP=0
		WRONG_REDUCE=0
	File Output Format Counters 
		Bytes Written=0
2024-04-24T02:56:48,007  INFO [pool-26-thread-1] mapred.LocalJobRunner: Finishing task: attempt_local249158842_0003_r_000000_0
2024-04-24T02:56:48,008  INFO [Thread-244] mapred.LocalJobRunner: reduce task executor complete.
2024-04-24 02:56:48,876 Stage-1 map = 100%,  reduce = 100%
2024-04-24T02:56:48,876  INFO [main] exec.Task: 2024-04-24 02:56:48,876 Stage-1 map = 100%,  reduce = 100%
Ended Job = job_local249158842_0003
2024-04-24T02:56:48,878  INFO [main] exec.Task: Ended Job = job_local249158842_0003
2024-04-24T02:56:48,889  INFO [main] ql.Driver: Starting task [Stage-0:MOVE] in serial mode
2024-04-24T02:56:48,908  INFO [main] metadata.Hive: Moving bucket pfile:/home/alex/Repositories/hive/ql/target/warehouse/.hive-staging_hive_2024-04-24_02-56-47_169_1164660652537586138-1/-ext-10002/000000_0/delta_0000001_0000001_0000/bucket_00000 to pfile:/home/alex/Repositories/hive/ql/target/warehouse/mat1/delta_0000001_0000001_0000/bucket_00000
2024-04-24T02:56:48,916  INFO [main] ql.Driver: Starting task [Stage-3:DDL] in serial mode
2024-04-24T02:56:48,916  INFO [main] HiveMetaStore.audit: ugi=alex	ip=unknown-ip-addr	cmd=get_table : tbl=hive.default.mat1	
2024-04-24T02:56:48,922  INFO [main] HiveMetaStore.audit: ugi=alex	ip=unknown-ip-addr	cmd=get_table : tbl=hive.default.t1	
2024-04-24T02:56:48,934  INFO [main] metastore.HMSHandler: Skipping translation for processor with null
2024-04-24T02:56:48,937  INFO [main] HiveMetaStore.audit: ugi=alex	ip=unknown-ip-addr	cmd=create_table_req: Table(tableName:mat1, dbName:default, owner:alex, createTime:1713952608, lastAccessTime:0, retention:0, sd:StorageDescriptor(cols:[FieldSchema(name:a, type:int, comment:null), FieldSchema(name:b, type:int, comment:null)], location:null, inputFormat:org.apache.hadoop.hive.ql.io.orc.OrcInputFormat, outputFormat:org.apache.hadoop.hive.ql.io.orc.OrcOutputFormat, compressed:false, numBuckets:-1, serdeInfo:SerDeInfo(name:null, serializationLib:org.apache.hadoop.hive.ql.io.orc.OrcSerde, parameters:{}), bucketCols:[], sortCols:[], parameters:{}, skewedInfo:SkewedInfo(skewedColNames:[], skewedColValues:[], skewedColValueLocationMaps:{})), partitionKeys:[], parameters:{transactional=true, bucketing_version=2}, viewOriginalText:select a,b from t1 where a > 1, viewExpandedText:select `t1`.`a`,`t1`.`b` from `default`.`t1` where `t1`.`a` > 1, tableType:MATERIALIZED_VIEW, privileges:PrincipalPrivilegeSet(userPrivileges:{alex=[PrivilegeGrantInfo(privilege:INSERT, createTime:-1, grantor:alex, grantorType:USER, grantOption:true), PrivilegeGrantInfo(privilege:SELECT, createTime:-1, grantor:alex, grantorType:USER, grantOption:true), PrivilegeGrantInfo(privilege:UPDATE, createTime:-1, grantor:alex, grantorType:USER, grantOption:true), PrivilegeGrantInfo(privilege:DELETE, createTime:-1, grantor:alex, grantorType:USER, grantOption:true)]}, groupPrivileges:null, rolePrivileges:null), rewriteEnabled:true, creationMetadata:CreationMetadata(catName:hive, dbName:default, tblName:mat1, tablesUsed:[SourceTable(table:Table(tableName:t1, dbName:default, owner:alex, createTime:1713952605, lastAccessTime:0, retention:0, sd:StorageDescriptor(cols:[FieldSchema(name:a, type:int, comment:null), FieldSchema(name:b, type:int, comment:null)], location:pfile:/home/alex/Repositories/hive/ql/target/warehouse/t1, inputFormat:org.apache.hadoop.hive.ql.io.orc.OrcInputFormat, outputFormat:org.apache.hadoop.hive.ql.io.orc.OrcOutputFormat, compressed:false, numBuckets:-1, serdeInfo:SerDeInfo(name:null, serializationLib:org.apache.hadoop.hive.ql.io.orc.OrcSerde, parameters:{}), bucketCols:[], sortCols:[], parameters:{}, skewedInfo:SkewedInfo(skewedColNames:[], skewedColValues:[], skewedColValueLocationMaps:{}), storedAsSubDirectories:false), partitionKeys:[], parameters:{bucketing_version=2, transactional_properties=default, COLUMN_STATS_ACCURATE={"BASIC_STATS":"true","COLUMN_STATS":{"a":"true","b":"true"}}, numFilesErasureCoded=0, transient_lastDdlTime=1713952607, rawDataSize=0, transactional=true, numFiles=1, totalSize=686, numRows=2}, viewOriginalText:null, viewExpandedText:null, tableType:MANAGED_TABLE, rewriteEnabled:false, catName:hive, ownerType:USER, writeId:1, id:2), insertedCount:0, updatedCount:0, deletedCount:0)], validTxnList:4$default.t1:1:9223372036854775807::$default.mat1:1:9223372036854775807::), catName:hive, ownerType:USER, writeId:1)	
2024-04-24T02:56:48,958  INFO [main] utils.MetaStoreServerUtils: Updating table stats for mat1
2024-04-24T02:56:48,958  INFO [main] utils.MetaStoreServerUtils: Updated size of table mat1 to 663
2024-04-24T02:56:49,006  INFO [main] HiveMetaStore.audit: ugi=alex	ip=unknown-ip-addr	cmd=get_database: default	
2024-04-24T02:56:49,009  INFO [main] ql.Driver: Starting task [Stage-2:STATS] in serial mode
2024-04-24T02:56:49,010  INFO [main] HiveMetaStore.audit: ugi=alex	ip=unknown-ip-addr	cmd=get_table : tbl=hive.default.mat1	
2024-04-24T02:56:49,044  INFO [main] metastore.HMSHandler: Skipping translation for processor with null
2024-04-24T02:56:49,044  INFO [main] stats.BasicStatsTask: Executing stats task
2024-04-24T02:56:49,045  INFO [main] fs.FSStatsPublisher: created : pfile:/home/alex/Repositories/hive/ql/target/warehouse/.hive-staging_hive_2024-04-24_02-56-47_169_1164660652537586138-1/-ext-10003
2024-04-24T02:56:49,058  WARN [main] FileOperations: Computing stats for an ACID table; stats may be inaccurate
2024-04-24T02:56:49,059  INFO [main] FileOperations: Read stats for default.mat1/, numRows, true, 1, false: 
2024-04-24T02:56:49,059  INFO [main] FileOperations: Read stats for default.mat1/, rawDataSize, true, 0, false: 
2024-04-24T02:56:49,059  INFO [main] HiveMetaStore.audit: ugi=alex	ip=unknown-ip-addr	cmd=alter_table: hive.default.mat1 newtbl=mat1	
2024-04-24T02:56:49,112  INFO [main] FileOperations: Read stats for default.mat1/, insertCount, true, 1, false: 
2024-04-24T02:56:49,112  INFO [main] FileOperations: Read stats for default.mat1/, updateCount, true, 0, false: 
2024-04-24T02:56:49,112  INFO [main] FileOperations: Read stats for default.mat1/, deleteCount, true, 0, false: 
2024-04-24T02:56:49,112  INFO [main] stats.BasicStatsTask: Table default.mat1 stats: [numFiles=1, numRows=1, totalSize=663, rawDataSize=0, numFilesErasureCoded=0]
2024-04-24T02:56:49,116  INFO [main] mapred.FileInputFormat: Total input files to process : 1
2024-04-24T02:56:49,117  INFO [main] stats.ColStatsProcessor: Time taken to build 1 stats desc : 0.004 seconds.
2024-04-24T02:56:49,117  INFO [main] HiveMetaStore.audit: ugi=alex	ip=unknown-ip-addr	cmd=write_column_statistics:  table=hive.default.mat1	
2024-04-24T02:56:49,124  INFO [main] metastore.ObjectStore: Updating table level column statistics for table=hive.default.mat1 colName=a
2024-04-24T02:56:49,125  INFO [main] metastore.ObjectStore: Updating table level column statistics for table=hive.default.mat1 colName=b
2024-04-24T02:56:49,146  INFO [main] stats.ColStatsProcessor: Time taken to update 1 stats : 0.029 seconds.
2024-04-24T02:56:49,146  INFO [main] ql.Driver: Starting task [Stage-4:DDL] in serial mode
2024-04-24T02:56:49,147  INFO [main] HiveMetaStore.audit: ugi=alex	ip=unknown-ip-addr	cmd=get_table : tbl=hive.default.mat1	
2024-04-24T02:56:49,166  INFO [main] metastore.HMSHandler: Skipping translation for processor with null
2024-04-24T02:56:49,168  INFO [main] HiveMetaStore.audit: ugi=alex	ip=unknown-ip-addr	cmd=get_all_table_constraints : tbl=hive.default.mat1	
2024-04-24T02:56:49,176  INFO [main] parse.CalcitePlanner: Starting generating logical plan
2024-04-24T02:56:49,176  INFO [main] parse.CalcitePlanner: Completed phase 1 of Semantic Analysis
2024-04-24T02:56:49,176  INFO [main] parse.CalcitePlanner: Get metadata for source tables
2024-04-24T02:56:49,176  INFO [main] HiveMetaStore.audit: ugi=alex	ip=unknown-ip-addr	cmd=get_table : tbl=hive.default.t1	
2024-04-24T02:56:49,185  INFO [main] metastore.HMSHandler: Skipping translation for processor with null
2024-04-24T02:56:49,185  INFO [main] parse.CalcitePlanner: Get metadata for subqueries
2024-04-24T02:56:49,185  INFO [main] parse.CalcitePlanner: Get metadata for destination tables
2024-04-24T02:56:49,185  INFO [main] parse.CalcitePlanner: Completed getting MetaData in Semantic Analysis
2024-04-24T02:56:49,198  INFO [main] HiveMetaStore.audit: ugi=alex	ip=unknown-ip-addr	cmd=get_all_table_constraints : tbl=hive.default.t1	
2024-04-24T02:56:49,225  INFO [main] calcite.RelOptHiveTable: Calculating column statistics for default.t1, projIndxSet: [0, 1], allowMissingStats: true
2024-04-24T02:56:49,226  INFO [main] HiveMetaStore.audit: ugi=alex	ip=unknown-ip-addr	cmd=get_table : tbl=hive.default.t1	
2024-04-24T02:56:49,237  INFO [main] metastore.HMSHandler: Skipping translation for processor with null
2024-04-24T02:56:49,238  INFO [main] HiveMetaStore.audit: ugi=alex	ip=unknown-ip-addr	cmd=get_table : tbl=hive.default.t1	
2024-04-24T02:56:49,248  INFO [main] metastore.HMSHandler: Skipping translation for processor with null
2024-04-24T02:56:49,317  INFO [main] parse.CalcitePlanner: Finished generating logical plan
POSTHOOK: query: create materialized view mat1 stored as orc TBLPROPERTIES ('transactional'='true') as select a,b from t1 where a > 1
2024-04-24T02:56:49,319  INFO [main] SessionState: POSTHOOK: query: create materialized view mat1 stored as orc TBLPROPERTIES ('transactional'='true') as select a,b from t1 where a > 1
POSTHOOK: type: CREATE_MATERIALIZED_VIEW
2024-04-24T02:56:49,319  INFO [main] SessionState: POSTHOOK: type: CREATE_MATERIALIZED_VIEW
POSTHOOK: Input: default@t1
2024-04-24T02:56:49,319  INFO [main] SessionState: POSTHOOK: Input: default@t1
POSTHOOK: Output: database:default
2024-04-24T02:56:49,319  INFO [main] SessionState: POSTHOOK: Output: database:default
POSTHOOK: Output: default@mat1
2024-04-24T02:56:49,319  INFO [main] SessionState: POSTHOOK: Output: default@mat1
POSTHOOK: Lineage: mat1.a SIMPLE [(t1)t1.FieldSchema(name:a, type:int, comment:null), ]
2024-04-24T02:56:49,320  INFO [main] SessionState: POSTHOOK: Lineage: mat1.a SIMPLE [(t1)t1.FieldSchema(name:a, type:int, comment:null), ]
POSTHOOK: Lineage: mat1.b SIMPLE [(t1)t1.FieldSchema(name:b, type:int, comment:null), ]
2024-04-24T02:56:49,320  INFO [main] SessionState: POSTHOOK: Lineage: mat1.b SIMPLE [(t1)t1.FieldSchema(name:b, type:int, comment:null), ]
POSTHOOK: Lineage: t1.a SCRIPT []
2024-04-24T02:56:49,320  INFO [main] SessionState: POSTHOOK: Lineage: t1.a SCRIPT []
POSTHOOK: Lineage: t1.b SCRIPT []
2024-04-24T02:56:49,320  INFO [main] SessionState: POSTHOOK: Lineage: t1.b SCRIPT []
2024-04-24T02:56:49,320  INFO [main] metadata.Hive: Dumping metastore api call timing information for : execution phase
2024-04-24T02:56:49,320  INFO [main] metadata.Hive: Total time spent in each metastore function (ms): {createTable_(Table)=69, updateTransactionalStatistics_(UpdateTransactionalStatsRequest)=0, isCompatibleWith_(Configuration)=1, getValidWriteIds_(List, String)=2, setPartitionColumnStatistics_(SetPartitionsStatsRequest)=29, getTableColumnStatistics_(String, String, List, String)=25, getTable_(GetTableRequest)=76, alter_table_(String, String, String, Table, EnvironmentContext, String)=53, getDatabase_(String)=2, getAllTableConstraints_(AllTableConstraintsRequest)=11}
MapReduce Jobs Launched: 
2024-04-24T02:56:49,320  INFO [main] ql.Driver: MapReduce Jobs Launched: 
Stage-Stage-1:  HDFS Read: 0 HDFS Write: 0 SUCCESS
2024-04-24T02:56:49,320  INFO [main] ql.Driver: Stage-Stage-1:  HDFS Read: 0 HDFS Write: 0 SUCCESS
Total MapReduce CPU Time Spent: 0 msec
2024-04-24T02:56:49,320  INFO [main] ql.Driver: Total MapReduce CPU Time Spent: 0 msec
2024-04-24T02:56:49,320  INFO [main] ql.Driver: Completed executing command(queryId=alex_20240424025647_16d79c9f-39bd-4eb5-8df7-c94a39864f4b); Time taken: 1.782 seconds
2024-04-24T02:56:49,321  INFO [main] lockmgr.DbTxnManager: Stopped heartbeat for query: alex_20240424025647_16d79c9f-39bd-4eb5-8df7-c94a39864f4b
2024-04-24T02:56:49,326  INFO [main] txn.TxnHandler: Expected to move at least one record from txn_components to completed_txn_components when committing txn! txnid:4
2024-04-24T02:56:49,334  INFO [main] txn.TxnHandler: Removed transactions: ([4]) from MIN_HISTORY_LEVEL
2024-04-24T02:56:49,334  WARN [main] txn.CompactionTxnHandler: No compaction queue record found for Compaction type transaction commit. txnId:4
2024-04-24T02:56:49,335  INFO [main] ql.Context: Deleting scratch dir: file:/home/alex/Repositories/hive/ql/target/tmp/localscratchdir/3c7ffc2a-7b5d-42ee-980e-828de3300e7c/hive_2024-04-24_02-56-47_449_5122752137078377650-1
2024-04-24T02:56:49,336  INFO [main] cleanup.SyncCleanupService: Deleted directory: file:/home/alex/Repositories/hive/ql/target/tmp/localscratchdir/3c7ffc2a-7b5d-42ee-980e-828de3300e7c/hive_2024-04-24_02-56-47_449_5122752137078377650-1 on fs with scheme file
2024-04-24T02:56:49,336  INFO [main] ql.Context: Deleting scratch dir: file:/home/alex/Repositories/hive/ql/target/tmp/localscratchdir/3c7ffc2a-7b5d-42ee-980e-828de3300e7c/hive_2024-04-24_02-56-47_169_1164660652537586138-1
2024-04-24T02:56:49,336  INFO [main] cleanup.SyncCleanupService: Deleted directory: file:/home/alex/Repositories/hive/ql/target/tmp/localscratchdir/3c7ffc2a-7b5d-42ee-980e-828de3300e7c/hive_2024-04-24_02-56-47_169_1164660652537586138-1 on fs with scheme file
2024-04-24T02:56:49,336  INFO [main] ql.Context: Deleting scratch dir: pfile:/home/alex/Repositories/hive/ql/target/warehouse/.hive-staging_hive_2024-04-24_02-56-47_169_1164660652537586138-1
2024-04-24T02:56:49,337  INFO [main] cleanup.SyncCleanupService: Deleted directory: pfile:/home/alex/Repositories/hive/ql/target/warehouse/.hive-staging_hive_2024-04-24_02-56-47_169_1164660652537586138-1 on fs with scheme pfile
2024-04-24T02:56:49,337  INFO [main] ql.Driver: Compiling command(queryId=alex_20240424025649_79db926d-426e-454a-b113-c0c073462f7d): insert into t1 values(3,3)
2024-04-24T02:56:49,346  INFO [main] txn.TxnHandler: Added entries to MIN_HISTORY_LEVEL for current txns: ([5]) with min_open_txn: 5
2024-04-24T02:56:49,347  INFO [main] lockmgr.DbTxnManager: Opened txnid:5
2024-04-24T02:56:49,348  INFO [main] parse.CalcitePlanner: Starting caching scope for: 
2024-04-24T02:56:49,348  INFO [main] parse.CalcitePlanner: Starting Semantic Analysis
2024-04-24T02:56:49,353  INFO [main] HiveMetaStore.audit: ugi=alex	ip=unknown-ip-addr	cmd=get_table : tbl=hive.default.t1	
2024-04-24T02:56:49,362  INFO [main] metastore.HMSHandler: Skipping translation for processor with null
2024-04-24T02:56:49,362  INFO [main] parse.CalcitePlanner: Completed phase 1 of Semantic Analysis
2024-04-24T02:56:49,362  INFO [main] parse.CalcitePlanner: Get metadata for source tables
2024-04-24T02:56:49,362  INFO [main] parse.CalcitePlanner: Get metadata for subqueries
2024-04-24T02:56:49,362  INFO [main] parse.CalcitePlanner: Get metadata for destination tables
2024-04-24T02:56:49,362  INFO [main] HiveMetaStore.audit: ugi=alex	ip=unknown-ip-addr	cmd=get_table : tbl=hive.default.t1	
2024-04-24T02:56:49,370  INFO [main] metastore.HMSHandler: Skipping translation for processor with null
2024-04-24T02:56:49,371  INFO [main] parse.CalcitePlanner: Completed getting MetaData in Semantic Analysis
2024-04-24T02:56:49,371  INFO [main] parse.CalcitePlanner: Disabling LLAP IO encode as ETL query is detected
2024-04-24T02:56:49,390  INFO [main] HiveMetaStore.audit: ugi=alex	ip=unknown-ip-addr	cmd=get_all_table_constraints : tbl=hive._dummy_database._dummy_table	
2024-04-24T02:56:49,445  INFO [main] parse.CalcitePlanner: Get metadata for source tables
2024-04-24T02:56:49,445  INFO [main] parse.CalcitePlanner: Get metadata for subqueries
2024-04-24T02:56:49,445  INFO [main] parse.CalcitePlanner: Get metadata for source tables
2024-04-24T02:56:49,446  INFO [main] HiveMetaStore.audit: ugi=alex	ip=unknown-ip-addr	cmd=get_table : tbl=hive._dummy_database._dummy_table	
2024-04-24T02:56:49,451  INFO [main] parse.CalcitePlanner: Get metadata for subqueries
2024-04-24T02:56:49,451  INFO [main] parse.CalcitePlanner: Get metadata for destination tables
2024-04-24T02:56:49,451  INFO [main] parse.CalcitePlanner: Get metadata for destination tables
2024-04-24T02:56:49,451  INFO [main] HiveMetaStore.audit: ugi=alex	ip=unknown-ip-addr	cmd=get_table : tbl=hive.default.t1	
2024-04-24T02:56:49,461  INFO [main] metastore.HMSHandler: Skipping translation for processor with null
2024-04-24T02:56:49,464  INFO [main] HiveMetaStore.audit: ugi=alex	ip=unknown-ip-addr	cmd=get_not_null_constraints : tbl=hive.default.t1	
2024-04-24T02:56:49,466  INFO [main] HiveMetaStore.audit: ugi=alex	ip=unknown-ip-addr	cmd=get_check_constraints : tbl=hive.default.t1	
2024-04-24T02:56:49,473  INFO [main] txn.TxnHandler: Allocated writeId: 2 for txnId: 5
2024-04-24T02:56:49,473  INFO [main] txn.TxnHandler: Allocated write ids for dbName=default, tblName=t1 (txnIds: [5])
2024-04-24T02:56:49,474  INFO [main] common.FileUtils: Creating directory if it doesn't exist: pfile:/home/alex/Repositories/hive/ql/target/warehouse/t1/.hive-staging_hive_2024-04-24_02-56-49_337_6455438677435299458-1
2024-04-24T02:56:49,479  INFO [main] parse.CalcitePlanner: Generate an operator pipeline to autogather column stats for table t1 in query insert into t1 values(3,3)
2024-04-24T02:56:49,481  INFO [main] HiveMetaStore.audit: ugi=alex	ip=unknown-ip-addr	cmd=get_table : tbl=hive.default.t1	
2024-04-24T02:56:49,490  INFO [main] metastore.HMSHandler: Skipping translation for processor with null
2024-04-24T02:56:49,494  INFO [main] parse.CalcitePlanner: Get metadata for source tables
2024-04-24T02:56:49,499  INFO [main] HiveMetaStore.audit: ugi=alex	ip=unknown-ip-addr	cmd=get_table : tbl=hive.default.t1	
2024-04-24T02:56:49,512  INFO [main] metastore.HMSHandler: Skipping translation for processor with null
2024-04-24T02:56:49,513  INFO [main] parse.CalcitePlanner: Get metadata for subqueries
2024-04-24T02:56:49,513  INFO [main] parse.CalcitePlanner: Get metadata for destination tables
2024-04-24T02:56:49,519  INFO [main] common.FileUtils: Creating directory if it doesn't exist: file:/home/alex/Repositories/hive/ql/target/tmp/localscratchdir/3c7ffc2a-7b5d-42ee-980e-828de3300e7c/hive_2024-04-24_02-56-49_480_4725585618687409253-1/-mr-10000/.hive-staging_hive_2024-04-24_02-56-49_480_4725585618687409253-1
2024-04-24T02:56:49,526  INFO [main] parse.CalcitePlanner: CBO Succeeded; optimized logical plan.
2024-04-24T02:56:49,535  INFO [main] optimizer.ColumnPrunerProcFactory: RS 8 oldColExprMap: {VALUE._col6=Column[_col6], VALUE._col3=Column[_col3], VALUE._col5=Column[_col5], VALUE._col0=Column[_col0], VALUE._col2=Column[_col2], VALUE._col7=Column[_col7], VALUE._col4=Column[_col4], VALUE._col8=Column[_col8], VALUE._col1=Column[_col1]}
2024-04-24T02:56:49,535  INFO [main] optimizer.ColumnPrunerProcFactory: RS 8 newColExprMap: {VALUE._col8=Column[_col8], VALUE._col6=Column[_col6], VALUE._col3=Column[_col3], VALUE._col7=Column[_col7], VALUE._col0=Column[_col0], VALUE._col5=Column[_col5], VALUE._col1=Column[_col1], VALUE._col2=Column[_col2], VALUE._col4=Column[_col4]}
2024-04-24T02:56:49,536  INFO [main] optimizer.BucketVersionPopulator: not considering bucketingVersion for: TS[0] because it has -1<2 buckets 
2024-04-24T02:56:49,537  INFO [main] optimizer.SortedDynPartitionOptimizer: Sorted dynamic partitioning optimization kicked in..
2024-04-24T02:56:49,537  INFO [main] optimizer.SortedDynPartitionOptimizer: Sorted dynamic partitioning optimization kicked in..
2024-04-24T02:56:49,546  INFO [main] HiveMetaStore.audit: ugi=alex	ip=unknown-ip-addr	cmd=get_table : tbl=hive.default.t1	
2024-04-24T02:56:49,555  INFO [main] metastore.HMSHandler: Skipping translation for processor with null
2024-04-24T02:56:49,557  INFO [main] common.HiveStatsUtils: Error requested is 20.0%
2024-04-24T02:56:49,557  INFO [main] common.HiveStatsUtils: Choosing 16 bit vectors..
2024-04-24T02:56:49,557  INFO [main] parse.CalcitePlanner: Completed plan generation
2024-04-24T02:56:49,557  INFO [main] parse.CalcitePlanner: Ending caching scope for: 
2024-04-24T02:56:49,557  INFO [main] ql.Driver: Semantic Analysis Completed (retrial = false)
2024-04-24T02:56:49,557  INFO [main] ql.Driver: Created Hive schema: Schema(fieldSchemas:[FieldSchema(name:col1, type:int, comment:null), FieldSchema(name:col2, type:int, comment:null)], properties:null)
2024-04-24T02:56:49,557  INFO [main] metadata.Hive: Dumping metastore api call timing information for : compilation phase
2024-04-24T02:56:49,557  INFO [main] metadata.Hive: Total time spent in each metastore function (ms): {getCheckConstraints_(CheckConstraintsRequest)=1, getTable_(GetTableRequest)=58, allocateTableWriteId_(long, String, String)=7, getAllTableConstraints_(AllTableConstraintsRequest)=6, commitTxn_(CommitTxnRequest)=13, getValidWriteIds_(List, String)=11, isCompatibleWith_(Configuration)=1, openTxn_(String, TxnType)=9, flushCache_()=0, getNotNullConstraints_(NotNullConstraintsRequest)=1, getValidTxns_(long)=1}
2024-04-24T02:56:49,557  INFO [main] ql.Driver: Completed compiling command(queryId=alex_20240424025649_79db926d-426e-454a-b113-c0c073462f7d); Time taken: 0.22 seconds
2024-04-24T02:56:49,558  INFO [main] lockmgr.DbTxnManager: Setting lock request transaction to txnid:5 for queryId=alex_20240424025649_79db926d-426e-454a-b113-c0c073462f7d
2024-04-24T02:56:49,558  INFO [main] lockmgr.DbLockManager: Requesting lock for queryId=alex_20240424025649_79db926d-426e-454a-b113-c0c073462f7d
2024-04-24T02:56:49,584  INFO [main] lockmgr.DbLockManager: Response to queryId=alex_20240424025649_79db926d-426e-454a-b113-c0c073462f7d LockResponse(lockid:4, state:ACQUIRED)
2024-04-24T02:56:49,585  INFO [main] ql.Driver: Operation QUERY obtained 1 locks
2024-04-24T02:56:49,586  INFO [main] ql.Driver: Executing command(queryId=alex_20240424025649_79db926d-426e-454a-b113-c0c073462f7d): insert into t1 values(3,3)
PREHOOK: query: insert into t1 values(3,3)
2024-04-24T02:56:49,586  INFO [main] SessionState: PREHOOK: query: insert into t1 values(3,3)
PREHOOK: type: QUERY
2024-04-24T02:56:49,586  INFO [main] SessionState: PREHOOK: type: QUERY
PREHOOK: Input: _dummy_database@_dummy_table
2024-04-24T02:56:49,586  INFO [main] SessionState: PREHOOK: Input: _dummy_database@_dummy_table
PREHOOK: Output: default@t1
2024-04-24T02:56:49,586  INFO [main] SessionState: PREHOOK: Output: default@t1
2024-04-24T02:56:49,587  WARN [main] ql.Driver: Hive-on-MR is deprecated in Hive 2 and may not be available in the future versions. Consider using a different execution engine (i.e. tez, spark) or using Hive 1.X releases.
Query ID = alex_20240424025649_79db926d-426e-454a-b113-c0c073462f7d
2024-04-24T02:56:49,587  INFO [main] ql.Driver: Query ID = alex_20240424025649_79db926d-426e-454a-b113-c0c073462f7d
Total jobs = 1
2024-04-24T02:56:49,587  INFO [main] ql.Driver: Total jobs = 1
Launching Job 1 out of 1
2024-04-24T02:56:49,587  INFO [main] ql.Driver: Launching Job 1 out of 1
2024-04-24T02:56:49,722  INFO [main] ql.Driver: Starting task [Stage-1:MAPRED] in serial mode
Number of reduce tasks determined at compile time: 1
2024-04-24T02:56:49,722  INFO [main] exec.Task: Number of reduce tasks determined at compile time: 1
In order to change the average load for a reducer (in bytes):
2024-04-24T02:56:49,722  INFO [main] exec.Task: In order to change the average load for a reducer (in bytes):
  set hive.exec.reducers.bytes.per.reducer=<number>
2024-04-24T02:56:49,722  INFO [main] exec.Task:   set hive.exec.reducers.bytes.per.reducer=<number>
In order to limit the maximum number of reducers:
2024-04-24T02:56:49,722  INFO [main] exec.Task: In order to limit the maximum number of reducers:
  set hive.exec.reducers.max=<number>
2024-04-24T02:56:49,722  INFO [main] exec.Task:   set hive.exec.reducers.max=<number>
In order to set a constant number of reducers:
2024-04-24T02:56:49,722  INFO [main] exec.Task: In order to set a constant number of reducers:
  set mapreduce.job.reduces=<number>
2024-04-24T02:56:49,722  INFO [main] exec.Task:   set mapreduce.job.reduces=<number>
2024-04-24T02:56:49,725  INFO [main] mr.ExecDriver: Using org.apache.hadoop.hive.ql.io.CombineHiveInputFormat
2024-04-24T02:56:49,725  INFO [main] exec.Utilities: Processing alias $hdt$_0:_dummy_table
2024-04-24T02:56:49,725  INFO [main] exec.Utilities: Adding 1 inputs; the first input is file:/home/alex/Repositories/hive/ql/target/tmp/localscratchdir/3c7ffc2a-7b5d-42ee-980e-828de3300e7c/hive_2024-04-24_02-56-49_337_6455438677435299458-1/dummy_path
2024-04-24T02:56:49,745  INFO [main] exec.SerializationUtilities: Serializing MapWork using kryo
2024-04-24T02:56:49,746  INFO [main] exec.Utilities: Serialized plan (via FILE) - name: null size: 7,97KB
2024-04-24T02:56:49,752  INFO [main] exec.SerializationUtilities: Serializing ReduceWork using kryo
2024-04-24T02:56:49,753  INFO [main] exec.Utilities: Serialized plan (via FILE) - name: null size: 11,22KB
2024-04-24T02:56:49,754  WARN [main] impl.MetricsSystemImpl: JobTracker metrics system already initialized!
2024-04-24T02:56:49,758  INFO [main] fs.FSStatsPublisher: created : pfile:/home/alex/Repositories/hive/ql/target/warehouse/t1/.hive-staging_hive_2024-04-24_02-56-49_337_6455438677435299458-1/-ext-10000
2024-04-24T02:56:49,761  INFO [main] fs.FSStatsPublisher: created : file:/home/alex/Repositories/hive/ql/target/tmp/localscratchdir/3c7ffc2a-7b5d-42ee-980e-828de3300e7c/hive_2024-04-24_02-56-49_480_4725585618687409253-1/-mr-10002
2024-04-24T02:56:49,765  WARN [main] impl.MetricsSystemImpl: JobTracker metrics system already initialized!
2024-04-24T02:56:49,774  WARN [main] mapreduce.JobResourceUploader: Hadoop command-line option parsing not performed. Implement the Tool interface and execute your application with ToolRunner to remedy this.
2024-04-24T02:56:49,779  WARN [main] mapreduce.JobResourceUploader: No job jar file set.  User classes may not be found. See Job or Job#setJar(String).
2024-04-24T02:56:49,779  INFO [main] io.CombineHiveInputFormat: Total number of paths: 1, launching 1 threads to check non-combinable ones.
2024-04-24T02:56:49,781  INFO [main] io.CombineHiveInputFormat: CombineHiveInputSplit creating pool for file:/home/alex/Repositories/hive/ql/target/tmp/localscratchdir/3c7ffc2a-7b5d-42ee-980e-828de3300e7c/hive_2024-04-24_02-56-49_337_6455438677435299458-1/dummy_path; using filter path file:/home/alex/Repositories/hive/ql/target/tmp/localscratchdir/3c7ffc2a-7b5d-42ee-980e-828de3300e7c/hive_2024-04-24_02-56-49_337_6455438677435299458-1/dummy_path
2024-04-24T02:56:49,786  INFO [main] input.FileInputFormat: Total input files to process : 1
2024-04-24T02:56:49,787  INFO [main] input.CombineFileInputFormat: DEBUG: Terminated node allocation with : CompletedNodes: 1, size left: 0
2024-04-24T02:56:49,787  INFO [main] io.CombineHiveInputFormat: Number of all splits 1
2024-04-24T02:56:49,805  INFO [main] mapreduce.JobSubmitter: number of splits:1
2024-04-24T02:56:49,825  INFO [main] mapreduce.JobSubmitter: Submitting tokens for job: job_local149384400_0004
2024-04-24T02:56:49,826  INFO [main] mapreduce.JobSubmitter: Executing with tokens: []
2024-04-24T02:56:49,895  INFO [main] mapreduce.Job: The url to track the job: http://localhost:8080/
Job running in-process (local Hadoop)
2024-04-24T02:56:49,895  INFO [main] exec.Task: Job running in-process (local Hadoop)
2024-04-24T02:56:49,896  INFO [Thread-336] mapred.LocalJobRunner: OutputCommitter set in config org.apache.hadoop.hive.ql.io.HiveFileFormatUtils$NullOutputCommitter
2024-04-24T02:56:49,896  INFO [Thread-336] mapred.LocalJobRunner: OutputCommitter is org.apache.hadoop.hive.ql.io.HiveFileFormatUtils$NullOutputCommitter
2024-04-24T02:56:49,897  INFO [Thread-336] mapred.LocalJobRunner: Waiting for map tasks
2024-04-24T02:56:49,897  INFO [LocalJobRunner Map Task Executor #0] mapred.LocalJobRunner: Starting task: attempt_local149384400_0004_m_000000_0
2024-04-24T02:56:49,898  INFO [LocalJobRunner Map Task Executor #0] mapred.Task:  Using ResourceCalculatorProcessTree : [ ]
2024-04-24T02:56:49,899  INFO [LocalJobRunner Map Task Executor #0] mapred.MapTask: Processing split: Paths:/home/alex/Repositories/hive/ql/target/tmp/localscratchdir/3c7ffc2a-7b5d-42ee-980e-828de3300e7c/hive_2024-04-24_02-56-49_337_6455438677435299458-1/dummy_path/dummy_file:0+1InputFormatClass: org.apache.hadoop.hive.ql.io.NullRowsInputFormat

2024-04-24T02:56:49,899  INFO [LocalJobRunner Map Task Executor #0] exec.SerializationUtilities: Deserializing MapWork using kryo
2024-04-24T02:56:49,900  INFO [LocalJobRunner Map Task Executor #0] exec.Utilities: Deserialized plan (via FILE) - name: null size: 7,97KB
2024-04-24T02:56:49,901  INFO [LocalJobRunner Map Task Executor #0] mapred.MapTask: numReduceTasks: 1
2024-04-24T02:56:49,906  INFO [LocalJobRunner Map Task Executor #0] mapred.MapTask: (EQUATOR) 0 kvi 26214396(104857584)
2024-04-24T02:56:49,906  INFO [LocalJobRunner Map Task Executor #0] mapred.MapTask: mapreduce.task.io.sort.mb: 100
2024-04-24T02:56:49,906  INFO [LocalJobRunner Map Task Executor #0] mapred.MapTask: soft limit at 83886080
2024-04-24T02:56:49,906  INFO [LocalJobRunner Map Task Executor #0] mapred.MapTask: bufstart = 0; bufvoid = 104857600
2024-04-24T02:56:49,906  INFO [LocalJobRunner Map Task Executor #0] mapred.MapTask: kvstart = 26214396; length = 6553600
2024-04-24T02:56:49,906  INFO [LocalJobRunner Map Task Executor #0] mapred.MapTask: Map output collector class = org.apache.hadoop.mapred.MapTask$MapOutputBuffer
2024-04-24T02:56:49,907  INFO [LocalJobRunner Map Task Executor #0] exec.MapOperator: Initializing Operator: MAP[0]
2024-04-24T02:56:49,907  INFO [LocalJobRunner Map Task Executor #0] mr.ExecMapper: 
<MAP>Id =0
  <Children>null
  <\Children>
  <Parent><\Parent>
<\MAP>
2024-04-24T02:56:49,908  INFO [LocalJobRunner Map Task Executor #0] exec.TableScanOperator: Initializing Operator: TS[0]
2024-04-24T02:56:49,908  INFO [LocalJobRunner Map Task Executor #0] exec.SelectOperator: Initializing Operator: SEL[1]
2024-04-24T02:56:49,908  INFO [LocalJobRunner Map Task Executor #0] exec.SelectOperator: SELECT null
2024-04-24T02:56:49,908  INFO [LocalJobRunner Map Task Executor #0] exec.UDTFOperator: Initializing Operator: UDTF[2]
2024-04-24T02:56:49,908  INFO [LocalJobRunner Map Task Executor #0] exec.SelectOperator: Initializing Operator: SEL[3]
2024-04-24T02:56:49,908  INFO [LocalJobRunner Map Task Executor #0] exec.SelectOperator: SELECT struct<col1:int,col2:int>
2024-04-24T02:56:49,908  INFO [LocalJobRunner Map Task Executor #0] exec.FileSinkOperator: Initializing Operator: FS[4]
2024-04-24T02:56:49,909  INFO [LocalJobRunner Map Task Executor #0] exec.FileSinkOperator: Using serializer : AbstractSerDe [log=org.apache.logging.slf4j.Log4jLogger@18e78c71, configuration=Optional[Configuration: core-default.xml, core-site.xml, mapred-default.xml, mapred-site.xml, yarn-default.xml, yarn-site.xml, hdfs-default.xml, hdfs-site.xml, file:/home/alex/Repositories/hive/ql/target/tmp/hadoop-tmp/mapred/local/localRunner/alex/job_local149384400_0004/job_local149384400_0004.xml], properties={transactional_properties=default, name=default.t1, transactional=true, columns.types=int:int, columns=a,b, numFilesErasureCoded=0, columns.comments=&amp#0;, bucketing_version=2, serialization.lib=org.apache.hadoop.hive.ql.io.orc.OrcSerde, file.inputformat=org.apache.hadoop.hive.ql.io.orc.OrcInputFormat, file.outputformat=org.apache.hadoop.hive.ql.io.orc.OrcOutputFormat, location=pfile:/home/alex/Repositories/hive/ql/target/warehouse/t1, column.name.delimiter=,}, tableProperties={transactional_properties=default, name=default.t1, transactional=true, columns.types=int:int, columns=a,b, numFilesErasureCoded=0, columns.comments=&amp#0;, bucketing_version=2, serialization.lib=org.apache.hadoop.hive.ql.io.orc.OrcSerde, file.inputformat=org.apache.hadoop.hive.ql.io.orc.OrcInputFormat, location=pfile:/home/alex/Repositories/hive/ql/target/warehouse/t1, file.outputformat=org.apache.hadoop.hive.ql.io.orc.OrcOutputFormat, column.name.delimiter=,}, partitionProperties=Optional.empty, columnNames=[a, b], columnTypes=[int, int], getClass()=class org.apache.hadoop.hive.ql.io.orc.OrcSerde] and formatter : org.apache.hadoop.hive.ql.io.orc.OrcOutputFormat@1bf33bf3
2024-04-24T02:56:49,909  INFO [LocalJobRunner Map Task Executor #0] exec.SelectOperator: Initializing Operator: SEL[6]
2024-04-24T02:56:49,909  INFO [LocalJobRunner Map Task Executor #0] exec.SelectOperator: SELECT struct<_col0:int,_col1:int>
2024-04-24T02:56:49,909  INFO [LocalJobRunner Map Task Executor #0] exec.GroupByOperator: Initializing Operator: GBY[7]
2024-04-24T02:56:49,909  INFO [LocalJobRunner Map Task Executor #0] exec.GroupByOperator: Max hash table memory: 954466304 bytes
2024-04-24T02:56:49,909  INFO [LocalJobRunner Map Task Executor #0] exec.GroupByOperator: isTez: false isLlap: false numExecutors: 1 maxMemory: 1908932608
2024-04-24T02:56:49,909  INFO [LocalJobRunner Map Task Executor #0] exec.ReduceSinkOperator: Initializing Operator: RS[8]
2024-04-24T02:56:49,909  INFO [LocalJobRunner Map Task Executor #0] exec.ReduceSinkOperator: Using tag = -1
2024-04-24T02:56:49,910  INFO [LocalJobRunner Map Task Executor #0] exec.FileSinkOperator: Final Path: FS pfile:/home/alex/Repositories/hive/ql/target/warehouse/t1
2024-04-24T02:56:49,910  INFO [LocalJobRunner Map Task Executor #0] exec.FileSinkOperator: New Final Path: FS pfile:/home/alex/Repositories/hive/ql/target/warehouse/t1
2024-04-24T02:56:49,910  INFO [LocalJobRunner Map Task Executor #0] common.FileUtils: Creating directory if it doesn't exist: pfile:/home/alex/Repositories/hive/ql/target/warehouse
2024-04-24T02:56:49,911  INFO [LocalJobRunner Map Task Executor #0] exec.FileSinkOperator: FS[4]: records written - 1
2024-04-24T02:56:49,911  INFO [LocalJobRunner Map Task Executor #0] impl.PhysicalFsWriter: ORC writer created for path: pfile:/home/alex/Repositories/hive/ql/target/warehouse/t1/delta_0000002_0000002_0000/bucket_00000_0 with stripeSize: 8388608 blockSize: 268435456 compression: Compress: ZLIB buffer: 32768
2024-04-24T02:56:49,919  INFO [LocalJobRunner Map Task Executor #0] impl.WriterImpl: ORC writer created for path: pfile:/home/alex/Repositories/hive/ql/target/warehouse/t1/delta_0000002_0000002_0000/bucket_00000_0 with stripeSize: 8388608 options: Compress: ZLIB buffer: 32768
2024-04-24T02:56:49,924  INFO [LocalJobRunner Map Task Executor #0] exec.MapOperator: MAP[0]: records read - 1
2024-04-24T02:56:49,924  INFO [LocalJobRunner Map Task Executor #0] exec.MapOperator: Closing Operator: MAP[0]
2024-04-24T02:56:49,924  INFO [LocalJobRunner Map Task Executor #0] exec.MapOperator: MAP[0]: Total records read - 3. abort - false
2024-04-24T02:56:49,924  INFO [LocalJobRunner Map Task Executor #0] exec.MapOperator: RECORDS_OUT_OPERATOR_MAP_0:0, DESERIALIZE_ERRORS:0, RECORDS_OUT_INTERMEDIATE:0, RECORDS_IN:3, 
2024-04-24T02:56:49,924  INFO [LocalJobRunner Map Task Executor #0] exec.TableScanOperator: Closing Operator: TS[0]
2024-04-24T02:56:49,925  INFO [LocalJobRunner Map Task Executor #0] exec.TableScanOperator: RECORDS_OUT_INTERMEDIATE:0, RECORDS_OUT_OPERATOR_TS_0:1, 
2024-04-24T02:56:49,925  INFO [LocalJobRunner Map Task Executor #0] exec.SelectOperator: Closing Operator: SEL[1]
2024-04-24T02:56:49,925  INFO [LocalJobRunner Map Task Executor #0] exec.SelectOperator: RECORDS_OUT_INTERMEDIATE:0, RECORDS_OUT_OPERATOR_SEL_1:1, 
2024-04-24T02:56:49,925  INFO [LocalJobRunner Map Task Executor #0] exec.UDTFOperator: Closing Operator: UDTF[2]
2024-04-24T02:56:49,925  INFO [LocalJobRunner Map Task Executor #0] exec.UDTFOperator: RECORDS_OUT_INTERMEDIATE:0, RECORDS_OUT_OPERATOR_UDTF_2:1, 
2024-04-24T02:56:49,925  INFO [LocalJobRunner Map Task Executor #0] exec.SelectOperator: Closing Operator: SEL[3]
2024-04-24T02:56:49,925  INFO [LocalJobRunner Map Task Executor #0] exec.SelectOperator: RECORDS_OUT_OPERATOR_SEL_3:1, RECORDS_OUT_INTERMEDIATE:0, 
2024-04-24T02:56:49,925  INFO [LocalJobRunner Map Task Executor #0] exec.FileSinkOperator: Closing Operator: FS[4]
2024-04-24T02:56:49,925  INFO [LocalJobRunner Map Task Executor #0] exec.FileSinkOperator: FS[4]: records written - 1
2024-04-24T02:56:49,930  INFO [LocalJobRunner Map Task Executor #0] FileOperations: Writing manifest to pfile:/home/alex/Repositories/hive/ql/target/warehouse/t1/_tmp.delta_0000002_0000002_0000/000000_0.manifest with [pfile:/home/alex/Repositories/hive/ql/target/warehouse/t1/delta_0000002_0000002_0000/bucket_00000_0]
2024-04-24T02:56:49,946  INFO [LocalJobRunner Map Task Executor #0] exec.FileSinkOperator: TOTAL_TABLE_ROWS_WRITTEN:1, RECORDS_OUT_OPERATOR_FS_4:1, RECORDS_OUT_1_default.t1:1, RECORDS_OUT_INTERMEDIATE:0, 
2024-04-24T02:56:49,946  INFO [LocalJobRunner Map Task Executor #0] exec.SelectOperator: Closing Operator: SEL[6]
2024-04-24T02:56:49,946  INFO [LocalJobRunner Map Task Executor #0] exec.SelectOperator: RECORDS_OUT_OPERATOR_SEL_6:1, RECORDS_OUT_INTERMEDIATE:0, 
2024-04-24T02:56:49,946  INFO [LocalJobRunner Map Task Executor #0] exec.GroupByOperator: Closing Operator: GBY[7]
2024-04-24T02:56:49,946  INFO [LocalJobRunner Map Task Executor #0] exec.GroupByOperator: Begin Hash Table flush: size = 1
2024-04-24T02:56:49,946  INFO [LocalJobRunner Map Task Executor #0] exec.ReduceSinkOperator: keys are [] num distributions: 0
2024-04-24T02:56:49,946  INFO [LocalJobRunner Map Task Executor #0] exec.ReduceSinkOperator: RS[8]: records written - 1
2024-04-24T02:56:49,946  INFO [LocalJobRunner Map Task Executor #0] exec.GroupByOperator: RECORDS_OUT_OPERATOR_GBY_7:1, RECORDS_OUT_INTERMEDIATE:0, 
2024-04-24T02:56:49,947  INFO [LocalJobRunner Map Task Executor #0] exec.ReduceSinkOperator: Closing Operator: RS[8]
2024-04-24T02:56:49,947  INFO [LocalJobRunner Map Task Executor #0] exec.ReduceSinkOperator: RS[8]: Total records written - 1. abort - false
2024-04-24T02:56:49,947  INFO [LocalJobRunner Map Task Executor #0] exec.ReduceSinkOperator: RECORDS_OUT_OPERATOR_RS_8:1, RECORDS_OUT_INTERMEDIATE:1, 
2024-04-24T02:56:49,947  INFO [LocalJobRunner Map Task Executor #0] mapred.LocalJobRunner: 
2024-04-24T02:56:49,947  INFO [LocalJobRunner Map Task Executor #0] mapred.MapTask: Starting flush of map output
2024-04-24T02:56:49,947  INFO [LocalJobRunner Map Task Executor #0] mapred.MapTask: Spilling map output
2024-04-24T02:56:49,947  INFO [LocalJobRunner Map Task Executor #0] mapred.MapTask: bufstart = 0; bufend = 42; bufvoid = 104857600
2024-04-24T02:56:49,947  INFO [LocalJobRunner Map Task Executor #0] mapred.MapTask: kvstart = 26214396(104857584); kvend = 26214396(104857584); length = 1/6553600
2024-04-24T02:56:49,959  INFO [LocalJobRunner Map Task Executor #0] mapred.MapTask: Finished spill 0
2024-04-24T02:56:49,963  INFO [LocalJobRunner Map Task Executor #0] mapred.Task: Task:attempt_local149384400_0004_m_000000_0 is done. And is in the process of committing
2024-04-24T02:56:49,964  INFO [LocalJobRunner Map Task Executor #0] mapred.LocalJobRunner: map
2024-04-24T02:56:49,964  INFO [LocalJobRunner Map Task Executor #0] mapred.Task: Task 'attempt_local149384400_0004_m_000000_0' done.
2024-04-24T02:56:49,964  INFO [LocalJobRunner Map Task Executor #0] mapred.Task: Final Counters for attempt_local149384400_0004_m_000000_0: Counters: 32
	File System Counters
		FILE: Number of bytes read=73424
		FILE: Number of bytes written=4618259
		FILE: Number of read operations=0
		FILE: Number of large read operations=0
		FILE: Number of write operations=0
	Map-Reduce Framework
		Map input records=4
		Map output records=1
		Map output bytes=42
		Map output materialized bytes=50
		Input split bytes=336
		Combine input records=0
		Spilled Records=1
		Failed Shuffles=0
		Merged Map outputs=0
		GC time elapsed (ms)=0
		Total committed heap usage (bytes)=979369984
	HIVE
		CREATED_FILES=1
		DESERIALIZE_ERRORS=0
		RECORDS_IN=3
		RECORDS_OUT_1_default.t1=1
		RECORDS_OUT_INTERMEDIATE=1
		RECORDS_OUT_OPERATOR_FS_4=1
		RECORDS_OUT_OPERATOR_GBY_7=1
		RECORDS_OUT_OPERATOR_MAP_0=0
		RECORDS_OUT_OPERATOR_RS_8=1
		RECORDS_OUT_OPERATOR_SEL_1=1
		RECORDS_OUT_OPERATOR_SEL_3=1
		RECORDS_OUT_OPERATOR_SEL_6=1
		RECORDS_OUT_OPERATOR_TS_0=1
		RECORDS_OUT_OPERATOR_UDTF_2=1
		TOTAL_TABLE_ROWS_WRITTEN=1
	File Input Format Counters 
		Bytes Read=0
2024-04-24T02:56:49,964  INFO [LocalJobRunner Map Task Executor #0] mapred.LocalJobRunner: Finishing task: attempt_local149384400_0004_m_000000_0
2024-04-24T02:56:49,964  INFO [Thread-336] mapred.LocalJobRunner: map task executor complete.
2024-04-24T02:56:49,965  INFO [Thread-336] mapred.LocalJobRunner: Waiting for reduce tasks
2024-04-24T02:56:49,966  INFO [pool-31-thread-1] mapred.LocalJobRunner: Starting task: attempt_local149384400_0004_r_000000_0
2024-04-24T02:56:49,966  INFO [pool-31-thread-1] mapred.Task:  Using ResourceCalculatorProcessTree : [ ]
2024-04-24T02:56:49,966  INFO [pool-31-thread-1] mapred.ReduceTask: Using ShuffleConsumerPlugin: org.apache.hadoop.mapreduce.task.reduce.Shuffle@555a9da3
2024-04-24T02:56:49,966  WARN [pool-31-thread-1] impl.MetricsSystemImpl: JobTracker metrics system already initialized!
2024-04-24T02:56:49,967  INFO [pool-31-thread-1] reduce.MergeManagerImpl: MergerManager: memoryLimit=1336252800, maxSingleShuffleLimit=334063200, mergeThreshold=881926912, ioSortFactor=10, memToMemMergeOutputsThreshold=10
2024-04-24T02:56:49,968  INFO [EventFetcher for fetching Map Completion Events] reduce.EventFetcher: attempt_local149384400_0004_r_000000_0 Thread started: EventFetcher for fetching Map Completion Events
2024-04-24T02:56:49,969  INFO [localfetcher#4] reduce.LocalFetcher: localfetcher#4 about to shuffle output of map attempt_local149384400_0004_m_000000_0 decomp: 46 len: 50 to MEMORY
2024-04-24T02:56:49,969  INFO [localfetcher#4] reduce.InMemoryMapOutput: Read 46 bytes from map-output for attempt_local149384400_0004_m_000000_0
2024-04-24T02:56:49,969  INFO [localfetcher#4] reduce.MergeManagerImpl: closeInMemoryFile -> map-output of size: 46, inMemoryMapOutputs.size() -> 1, commitMemory -> 0, usedMemory ->46
2024-04-24T02:56:49,970  INFO [EventFetcher for fetching Map Completion Events] reduce.EventFetcher: EventFetcher is interrupted.. Returning
2024-04-24T02:56:49,970  INFO [pool-31-thread-1] mapred.LocalJobRunner: 1 / 1 copied.
2024-04-24T02:56:49,970  INFO [pool-31-thread-1] reduce.MergeManagerImpl: finalMerge called with 1 in-memory map-outputs and 0 on-disk map-outputs
2024-04-24T02:56:49,977  INFO [pool-31-thread-1] mapred.Merger: Merging 1 sorted segments
2024-04-24T02:56:49,977  INFO [pool-31-thread-1] mapred.Merger: Down to the last merge-pass, with 1 segments left of total size: 39 bytes
2024-04-24T02:56:49,980  INFO [pool-31-thread-1] reduce.MergeManagerImpl: Merged 1 segments, 46 bytes to disk to satisfy reduce memory limit
2024-04-24T02:56:49,980  INFO [pool-31-thread-1] reduce.MergeManagerImpl: Merging 1 files, 50 bytes from disk
2024-04-24T02:56:49,980  INFO [pool-31-thread-1] reduce.MergeManagerImpl: Merging 0 segments, 0 bytes from memory into reduce
2024-04-24T02:56:49,980  INFO [pool-31-thread-1] mapred.Merger: Merging 1 sorted segments
2024-04-24T02:56:49,981  INFO [pool-31-thread-1] mapred.Merger: Down to the last merge-pass, with 1 segments left of total size: 39 bytes
2024-04-24T02:56:49,981  INFO [pool-31-thread-1] mapred.LocalJobRunner: 1 / 1 copied.
2024-04-24T02:56:49,981  INFO [pool-31-thread-1] exec.SerializationUtilities: Deserializing ReduceWork using kryo
2024-04-24T02:56:49,982  INFO [pool-31-thread-1] exec.Utilities: Deserialized plan (via FILE) - name: null size: 11,22KB
2024-04-24T02:56:49,983  INFO [pool-31-thread-1] ExecReducer: 
<GBY>Id =9
  <Children>
    <SEL>Id =10
      <Children>
        <FS>Id =11
          <Children>
          <\Children>
          <Parent>Id = 10 null<\Parent>
        <\FS>
      <\Children>
      <Parent>Id = 9 null<\Parent>
    <\SEL>
  <\Children>
  <Parent><\Parent>
<\GBY>
2024-04-24T02:56:49,983  INFO [pool-31-thread-1] exec.GroupByOperator: Initializing Operator: GBY[9]
2024-04-24T02:56:49,984  INFO [pool-31-thread-1] exec.GroupByOperator: isTez: false isLlap: false numExecutors: 1 maxMemory: 1908932608
2024-04-24T02:56:49,984  INFO [pool-31-thread-1] exec.SelectOperator: Initializing Operator: SEL[10]
2024-04-24T02:56:49,985  INFO [pool-31-thread-1] exec.SelectOperator: SELECT struct<_col0:int,_col1:int,_col2:bigint,_col3:bigint,_col4:binary,_col5:int,_col6:int,_col7:bigint,_col8:binary>
2024-04-24T02:56:49,985  INFO [pool-31-thread-1] exec.FileSinkOperator: Initializing Operator: FS[11]
2024-04-24T02:56:49,986  INFO [pool-31-thread-1] exec.FileSinkOperator: Using serializer : class org.apache.hadoop.hive.serde2.lazy.LazySimpleSerDe [serdeParams=org.apache.hadoop.hive.serde2.lazy.LazySerDeParameters@6ff2f8f6, cachedObjectInspector=org.apache.hadoop.hive.serde2.lazy.objectinspector.LazySimpleStructObjectInspector<org.apache.hadoop.hive.serde2.lazy.objectinspector.primitive.LazyStringObjectInspector@439d649c,org.apache.hadoop.hive.serde2.lazy.objectinspector.primitive.LazyLongObjectInspector@6e475994,org.apache.hadoop.hive.serde2.lazy.objectinspector.primitive.LazyLongObjectInspector@6e475994,org.apache.hadoop.hive.serde2.lazy.objectinspector.primitive.LazyLongObjectInspector@6e475994,org.apache.hadoop.hive.serde2.lazy.objectinspector.primitive.LazyLongObjectInspector@6e475994,org.apache.hadoop.hive.serde2.lazy.objectinspector.primitive.LazyBinaryObjectInspector@55a2f08b,org.apache.hadoop.hive.serde2.lazy.objectinspector.primitive.LazyStringObjectInspector@439d649c,org.apache.hadoop.hive.serde2.lazy.objectinspector.primitive.LazyLongObjectInspector@6e475994,org.apache.hadoop.hive.serde2.lazy.objectinspector.primitive.LazyLongObjectInspector@6e475994,org.apache.hadoop.hive.serde2.lazy.objectinspector.primitive.LazyLongObjectInspector@6e475994,org.apache.hadoop.hive.serde2.lazy.objectinspector.primitive.LazyLongObjectInspector@6e475994,org.apache.hadoop.hive.serde2.lazy.objectinspector.primitive.LazyBinaryObjectInspector@55a2f08b>, serializedSize=0, stats=org.apache.hadoop.hive.serde2.SerDeStats@de5b79d, lastOperationSerialize=false, lastOperationDeserialize=false [1, 2, 3, 4, 5, 6, 7, 8, 11, 14, 15, 16, 17, 18, 19, 20, 21, 22, 23, 24, 25, 26, 28, 29, 30, 31, -128, -127, -126, -125, -124, -123, -122, -121, -120, -119, -118, -117, -116, -115, -114, -113, -112, -111, -110, -109, -108, -107, -106, -105, -104, -103, -102, -101, -100, -99, -98, -97, -96, -95, -94, -93, -92, -91, -90, -89, -88, -87, -86, -85, -84, -83, -82, -81, -80, -79, -78, -77, -76, -75, -74, -73, -72, -71, -70, -69, -68, -67, -66, -65, -64, -63, -62, -61, -60, -59, -58, -57, -56, -55, -54, -53, -52, -51, -50, -49, -48, -47, -46, -45, -44, -43, -42, -41, -40, -39, -38, -37, -36, -35, -34, -33, -32, -31, -30, -29, -28, -27, -26, -25, -24, -23, -22, -21, -20, -19, -18, -17, -16, -15, -14, -13, -12, -11, -10, -9, -8, -7, -6, -5, -4, -3, -2, -1] : [_col0, _col1, _col2, _col3, _col4, _col5, _col6, _col7, _col8, _col9, _col10, _col11] : [string, bigint, bigint, bigint, bigint, binary, string, bigint, bigint, bigint, bigint, binary]] and formatter : org.apache.hadoop.hive.ql.io.HiveSequenceFileOutputFormat@1ae9b007
2024-04-24T02:56:49,987  INFO [pool-31-thread-1] exec.GroupByOperator: Closing Operator: GBY[9]
2024-04-24T02:56:49,987  INFO [pool-31-thread-1] exec.FileSinkOperator: Final Path: FS file:/home/alex/Repositories/hive/ql/target/tmp/localscratchdir/3c7ffc2a-7b5d-42ee-980e-828de3300e7c/hive_2024-04-24_02-56-49_480_4725585618687409253-1/-mr-10000/.hive-staging_hive_2024-04-24_02-56-49_480_4725585618687409253-1/_tmp.-ext-10001/000000_0
2024-04-24T02:56:49,987  INFO [pool-31-thread-1] exec.FileSinkOperator: Writing to temp file: FS file:/home/alex/Repositories/hive/ql/target/tmp/localscratchdir/3c7ffc2a-7b5d-42ee-980e-828de3300e7c/hive_2024-04-24_02-56-49_480_4725585618687409253-1/-mr-10000/.hive-staging_hive_2024-04-24_02-56-49_480_4725585618687409253-1/_task_tmp.-ext-10001/_tmp.000000_0
2024-04-24T02:56:49,987  INFO [pool-31-thread-1] exec.FileSinkOperator: New Final Path: FS file:/home/alex/Repositories/hive/ql/target/tmp/localscratchdir/3c7ffc2a-7b5d-42ee-980e-828de3300e7c/hive_2024-04-24_02-56-49_480_4725585618687409253-1/-mr-10000/.hive-staging_hive_2024-04-24_02-56-49_480_4725585618687409253-1/_tmp.-ext-10001/000000_0
2024-04-24T02:56:49,995  INFO [pool-31-thread-1] exec.FileSinkOperator: FS[11]: records written - 1
2024-04-24T02:56:49,995  INFO [pool-31-thread-1] exec.GroupByOperator: RECORDS_OUT_OPERATOR_GBY_9:1, RECORDS_OUT_INTERMEDIATE:0, 
2024-04-24T02:56:49,995  INFO [pool-31-thread-1] exec.SelectOperator: Closing Operator: SEL[10]
2024-04-24T02:56:49,995  INFO [pool-31-thread-1] exec.SelectOperator: RECORDS_OUT_INTERMEDIATE:0, RECORDS_OUT_OPERATOR_SEL_10:1, 
2024-04-24T02:56:49,995  INFO [pool-31-thread-1] exec.FileSinkOperator: Closing Operator: FS[11]
2024-04-24T02:56:49,995  INFO [pool-31-thread-1] exec.FileSinkOperator: FS[11]: records written - 1
2024-04-24T02:56:49,996  INFO [pool-31-thread-1] exec.FileSinkOperator: RECORDS_OUT_0:1, RECORDS_OUT_INTERMEDIATE:0, RECORDS_OUT_OPERATOR_FS_11:1, 
2024-04-24T02:56:49,996  INFO [pool-31-thread-1] mapred.Task: Task:attempt_local149384400_0004_r_000000_0 is done. And is in the process of committing
2024-04-24T02:56:49,997  INFO [pool-31-thread-1] mapred.LocalJobRunner: reduce > reduce
2024-04-24T02:56:49,997  INFO [pool-31-thread-1] mapred.Task: Task 'attempt_local149384400_0004_r_000000_0' done.
2024-04-24T02:56:49,997  INFO [pool-31-thread-1] mapred.Task: Final Counters for attempt_local149384400_0004_r_000000_0: Counters: 30
	File System Counters
		FILE: Number of bytes read=84876
		FILE: Number of bytes written=4618478
		FILE: Number of read operations=0
		FILE: Number of large read operations=0
		FILE: Number of write operations=0
	Map-Reduce Framework
		Combine input records=0
		Combine output records=0
		Reduce input groups=1
		Reduce shuffle bytes=50
		Reduce input records=1
		Reduce output records=0
		Spilled Records=1
		Shuffled Maps =1
		Failed Shuffles=0
		Merged Map outputs=1
		GC time elapsed (ms)=0
		Total committed heap usage (bytes)=979369984
	HIVE
		CREATED_FILES=1
		RECORDS_OUT_0=1
		RECORDS_OUT_INTERMEDIATE=0
		RECORDS_OUT_OPERATOR_FS_11=1
		RECORDS_OUT_OPERATOR_GBY_9=1
		RECORDS_OUT_OPERATOR_SEL_10=1
	Shuffle Errors
		BAD_ID=0
		CONNECTION=0
		IO_ERROR=0
		WRONG_LENGTH=0
		WRONG_MAP=0
		WRONG_REDUCE=0
	File Output Format Counters 
		Bytes Written=0
2024-04-24T02:56:49,997  INFO [pool-31-thread-1] mapred.LocalJobRunner: Finishing task: attempt_local149384400_0004_r_000000_0
2024-04-24T02:56:49,997  INFO [Thread-336] mapred.LocalJobRunner: reduce task executor complete.
2024-04-24 02:56:50,903 Stage-1 map = 100%,  reduce = 100%
2024-04-24T02:56:50,904  INFO [main] exec.Task: 2024-04-24 02:56:50,903 Stage-1 map = 100%,  reduce = 100%
Ended Job = job_local149384400_0004
2024-04-24T02:56:50,908  INFO [main] exec.Task: Ended Job = job_local149384400_0004
2024-04-24T02:56:50,911  INFO [main] FileOperations: Found manifest file pfile:/home/alex/Repositories/hive/ql/target/warehouse/t1/_tmp.delta_0000002_0000002_0000/000000_0.manifest with attemptId 0.
2024-04-24T02:56:50,911  INFO [main] FileOperations: Looking at manifest file: pfile:/home/alex/Repositories/hive/ql/target/warehouse/t1/_tmp.delta_0000002_0000002_0000/000000_0.manifest
2024-04-24T02:56:50,912  INFO [main] FileOperations: Deleting manifest directory pfile:/home/alex/Repositories/hive/ql/target/warehouse/t1/_tmp.delta_0000002_0000002_0000
2024-04-24T02:56:50,920  INFO [main] ql.Driver: Starting task [Stage-0:MOVE] in serial mode
Loading data to table default.t1
2024-04-24T02:56:50,920  INFO [main] exec.Task: Loading data to table default.t1 from pfile:/home/alex/Repositories/hive/ql/target/warehouse/t1
2024-04-24T02:56:50,920  INFO [main] HiveMetaStore.audit: ugi=alex	ip=unknown-ip-addr	cmd=get_table : tbl=hive.default.t1	
2024-04-24T02:56:50,930  INFO [main] metastore.HMSHandler: Skipping translation for processor with null
2024-04-24T02:56:50,930  INFO [main] HiveMetaStore.audit: ugi=alex	ip=unknown-ip-addr	cmd=get_table : tbl=hive.default.t1	
2024-04-24T02:56:50,939  INFO [main] metastore.HMSHandler: Skipping translation for processor with null
2024-04-24T02:56:50,940  INFO [main] HiveMetaStore.audit: ugi=alex	ip=unknown-ip-addr	cmd=alter_table: hive.default.t1 newtbl=t1	
2024-04-24T02:56:50,977  INFO [main] ql.Driver: Starting task [Stage-2:STATS] in serial mode
2024-04-24T02:56:50,978  INFO [main] HiveMetaStore.audit: ugi=alex	ip=unknown-ip-addr	cmd=get_table : tbl=hive.default.t1	
2024-04-24T02:56:50,988  INFO [main] metastore.HMSHandler: Skipping translation for processor with null
2024-04-24T02:56:50,988  INFO [main] stats.BasicStatsTask: Executing stats task
2024-04-24T02:56:50,989  INFO [main] fs.FSStatsPublisher: created : pfile:/home/alex/Repositories/hive/ql/target/warehouse/t1/.hive-staging_hive_2024-04-24_02-56-49_337_6455438677435299458-1/-ext-10000
2024-04-24T02:56:50,993  INFO [main] HiveMetaStore.audit: ugi=alex	ip=unknown-ip-addr	cmd=get_table : tbl=hive.default.t1	
2024-04-24T02:56:51,003  INFO [main] metastore.HMSHandler: Skipping translation for processor with null
2024-04-24T02:56:51,030  WARN [main] FileOperations: Computing stats for an ACID table; stats may be inaccurate
2024-04-24T02:56:51,030  INFO [main] FileOperations: Read stats for default.t1/, numRows, true, 1, false: 
2024-04-24T02:56:51,030  INFO [main] FileOperations: Read stats for default.t1/, rawDataSize, true, 0, false: 
2024-04-24T02:56:51,031  INFO [main] HiveMetaStore.audit: ugi=alex	ip=unknown-ip-addr	cmd=alter_table: hive.default.t1 newtbl=t1	
2024-04-24T02:56:51,062  INFO [main] FileOperations: Read stats for default.t1/, insertCount, true, 1, false: 
2024-04-24T02:56:51,062  INFO [main] FileOperations: Read stats for default.t1/, updateCount, true, 0, false: 
2024-04-24T02:56:51,062  INFO [main] FileOperations: Read stats for default.t1/, deleteCount, true, 0, false: 
2024-04-24T02:56:51,063  INFO [main] stats.BasicStatsTask: Table default.t1 stats: [numFiles=2, numRows=3, totalSize=1350, rawDataSize=0, numFilesErasureCoded=0]
2024-04-24T02:56:51,067  INFO [main] mapred.FileInputFormat: Total input files to process : 1
2024-04-24T02:56:51,068  INFO [main] stats.ColStatsProcessor: Time taken to build 1 stats desc : 0.005 seconds.
2024-04-24T02:56:51,086  INFO [main] HiveMetaStore.audit: ugi=alex	ip=unknown-ip-addr	cmd=write_column_statistics:  table=hive.default.t1	
2024-04-24T02:56:51,094  INFO [main] metastore.ObjectStore: Updating table level column statistics for table=hive.default.t1 colName=a
2024-04-24T02:56:51,095  INFO [main] metastore.ObjectStore: Updating table level column statistics for table=hive.default.t1 colName=b
2024-04-24T02:56:51,103  INFO [main] stats.ColStatsProcessor: Time taken to update 1 stats : 0.035 seconds.
POSTHOOK: query: insert into t1 values(3,3)
2024-04-24T02:56:51,103  INFO [main] SessionState: POSTHOOK: query: insert into t1 values(3,3)
POSTHOOK: type: QUERY
2024-04-24T02:56:51,103  INFO [main] SessionState: POSTHOOK: type: QUERY
POSTHOOK: Input: _dummy_database@_dummy_table
2024-04-24T02:56:51,103  INFO [main] SessionState: POSTHOOK: Input: _dummy_database@_dummy_table
POSTHOOK: Output: default@t1
2024-04-24T02:56:51,103  INFO [main] SessionState: POSTHOOK: Output: default@t1
POSTHOOK: Lineage: mat1.a SIMPLE [(t1)t1.FieldSchema(name:a, type:int, comment:null), ]
2024-04-24T02:56:51,104  INFO [main] SessionState: POSTHOOK: Lineage: mat1.a SIMPLE [(t1)t1.FieldSchema(name:a, type:int, comment:null), ]
POSTHOOK: Lineage: mat1.b SIMPLE [(t1)t1.FieldSchema(name:b, type:int, comment:null), ]
2024-04-24T02:56:51,104  INFO [main] SessionState: POSTHOOK: Lineage: mat1.b SIMPLE [(t1)t1.FieldSchema(name:b, type:int, comment:null), ]
POSTHOOK: Lineage: t1.a SCRIPT []
2024-04-24T02:56:51,104  INFO [main] SessionState: POSTHOOK: Lineage: t1.a SCRIPT []
POSTHOOK: Lineage: t1.a SCRIPT []
2024-04-24T02:56:51,104  INFO [main] SessionState: POSTHOOK: Lineage: t1.a SCRIPT []
POSTHOOK: Lineage: t1.b SCRIPT []
2024-04-24T02:56:51,104  INFO [main] SessionState: POSTHOOK: Lineage: t1.b SCRIPT []
POSTHOOK: Lineage: t1.b SCRIPT []
2024-04-24T02:56:51,104  INFO [main] SessionState: POSTHOOK: Lineage: t1.b SCRIPT []
2024-04-24T02:56:51,104  INFO [main] metadata.Hive: Dumping metastore api call timing information for : execution phase
2024-04-24T02:56:51,104  INFO [main] metadata.Hive: Total time spent in each metastore function (ms): {updateTransactionalStatistics_(UpdateTransactionalStatsRequest)=1, setPartitionColumnStatistics_(SetPartitionsStatsRequest)=35, alter_table_(String, String, String, Table, EnvironmentContext, String)=68, getTable_(GetTableRequest)=39, isCompatibleWith_(Configuration)=1}
MapReduce Jobs Launched: 
2024-04-24T02:56:51,104  INFO [main] ql.Driver: MapReduce Jobs Launched: 
Stage-Stage-1:  HDFS Read: 0 HDFS Write: 0 SUCCESS
2024-04-24T02:56:51,104  INFO [main] ql.Driver: Stage-Stage-1:  HDFS Read: 0 HDFS Write: 0 SUCCESS
Total MapReduce CPU Time Spent: 0 msec
2024-04-24T02:56:51,104  INFO [main] ql.Driver: Total MapReduce CPU Time Spent: 0 msec
2024-04-24T02:56:51,104  INFO [main] ql.Driver: Completed executing command(queryId=alex_20240424025649_79db926d-426e-454a-b113-c0c073462f7d); Time taken: 1.518 seconds
2024-04-24T02:56:51,104  INFO [main] lockmgr.DbTxnManager: Stopped heartbeat for query: alex_20240424025649_79db926d-426e-454a-b113-c0c073462f7d
2024-04-24T02:56:51,118  INFO [main] txn.TxnHandler: Removed transactions: ([5]) from MIN_HISTORY_LEVEL
2024-04-24T02:56:51,119  WARN [main] txn.CompactionTxnHandler: No compaction queue record found for Compaction type transaction commit. txnId:5
2024-04-24T02:56:51,120  INFO [main] ql.Driver: Compiling command(queryId=alex_20240424025651_85d23cee-320e-4a88-93a3-ff4b59d2f5dc): delete from t1 where a = 2
2024-04-24T02:56:51,124  INFO [main] txn.TxnHandler: Added entries to MIN_HISTORY_LEVEL for current txns: ([6]) with min_open_txn: 6
2024-04-24T02:56:51,124  INFO [main] lockmgr.DbTxnManager: Opened txnid:6
2024-04-24T02:56:51,125  INFO [main] parse.UpdateDeleteSemanticAnalyzer: Starting caching scope for: 
2024-04-24T02:56:51,125  INFO [main] HiveMetaStore.audit: ugi=alex	ip=unknown-ip-addr	cmd=get_table : tbl=hive.default.t1	
2024-04-24T02:56:51,134  INFO [main] metastore.HMSHandler: Skipping translation for processor with null
2024-04-24T02:56:51,134  INFO [main] parse.RewriteSemanticAnalyzer: Going to reparse <delete from t1 where a = 2> as 
<insert into table `default`.`t1` select ROW__ID from `default`.`t1` sort by ROW__ID >
2024-04-24T02:56:51,136  INFO [main] parse.UpdateDeleteSemanticAnalyzer: Starting Semantic Analysis
2024-04-24T02:56:51,140  INFO [main] parse.UpdateDeleteSemanticAnalyzer: Completed phase 1 of Semantic Analysis
2024-04-24T02:56:51,140  INFO [main] parse.UpdateDeleteSemanticAnalyzer: Get metadata for source tables
2024-04-24T02:56:51,140  INFO [main] HiveMetaStore.audit: ugi=alex	ip=unknown-ip-addr	cmd=get_table : tbl=hive.default.t1	
2024-04-24T02:56:51,149  INFO [main] metastore.HMSHandler: Skipping translation for processor with null
2024-04-24T02:56:51,150  INFO [main] parse.UpdateDeleteSemanticAnalyzer: Get metadata for subqueries
2024-04-24T02:56:51,150  INFO [main] parse.UpdateDeleteSemanticAnalyzer: Get metadata for destination tables
2024-04-24T02:56:51,150  INFO [main] HiveMetaStore.audit: ugi=alex	ip=unknown-ip-addr	cmd=get_table : tbl=hive.default.t1	
2024-04-24T02:56:51,159  INFO [main] metastore.HMSHandler: Skipping translation for processor with null
2024-04-24T02:56:51,160  INFO [main] parse.UpdateDeleteSemanticAnalyzer: Completed getting MetaData in Semantic Analysis
2024-04-24T02:56:51,160  INFO [main] parse.UpdateDeleteSemanticAnalyzer: Disabling LLAP IO encode as ETL query is detected
2024-04-24T02:56:51,172  INFO [main] HiveMetaStore.audit: ugi=alex	ip=unknown-ip-addr	cmd=get_all_table_constraints : tbl=hive.default.t1	
2024-04-24T02:56:51,268  INFO [main] calcite.RelOptHiveTable: Calculating column statistics for default.t1, projIndxSet: [0], allowMissingStats: true
2024-04-24T02:56:51,268  INFO [main] HiveMetaStore.audit: ugi=alex	ip=unknown-ip-addr	cmd=get_table : tbl=hive.default.t1	
2024-04-24T02:56:51,283  INFO [main] metastore.HMSHandler: Skipping translation for processor with null
2024-04-24T02:56:51,284  INFO [main] HiveMetaStore.audit: ugi=alex	ip=unknown-ip-addr	cmd=get_table : tbl=hive.default.t1	
2024-04-24T02:56:51,296  INFO [main] metastore.HMSHandler: Skipping translation for processor with null
2024-04-24T02:56:51,296  INFO [main] HiveMetaStore.audit: ugi=alex	ip=unknown-ip-addr	cmd=get_table_statistics_req: table=hive.default.t1	
2024-04-24T02:56:51,394  INFO [main] parse.UpdateDeleteSemanticAnalyzer: Get metadata for source tables
2024-04-24T02:56:51,395  INFO [main] parse.UpdateDeleteSemanticAnalyzer: Get metadata for subqueries
2024-04-24T02:56:51,395  INFO [main] parse.UpdateDeleteSemanticAnalyzer: Get metadata for destination tables
2024-04-24T02:56:51,395  INFO [main] HiveMetaStore.audit: ugi=alex	ip=unknown-ip-addr	cmd=get_table : tbl=hive.default.t1	
2024-04-24T02:56:51,405  INFO [main] metastore.HMSHandler: Skipping translation for processor with null
2024-04-24T02:56:51,412 ERROR [main] parse.UpdateDeleteSemanticAnalyzer: CBO failed, skipping CBO. 
org.apache.hadoop.hive.ql.exec.NoMatchingMethodException: No matching method for class org.apache.hadoop.hive.ql.udf.UDFToInteger with (struct<writeid:bigint,bucketid:int,rowid:bigint>). Possible choices: _FUNC_(bigint)  _FUNC_(boolean)  _FUNC_(decimal(38,18))  _FUNC_(double)  _FUNC_(float)  _FUNC_(smallint)  _FUNC_(string)  _FUNC_(struct<writeid:bigint,rowid:bigint,bucketid:int>)  _FUNC_(timestamp)  _FUNC_(tinyint)  _FUNC_(void)  
	at org.apache.hadoop.hive.ql.exec.MethodUtils.getMethodInternal(MethodUtils.java:130) ~[classes/:?]
	at org.apache.hadoop.hive.ql.exec.MethodUtils.getMethodInternal(MethodUtils.java:60) ~[classes/:?]
	at org.apache.hadoop.hive.ql.exec.DefaultUDFMethodResolver.getEvalMethod(DefaultUDFMethodResolver.java:59) ~[classes/:?]
	at org.apache.hadoop.hive.ql.udf.TimestampCastRestrictorResolver.getEvalMethod(TimestampCastRestrictorResolver.java:68) ~[classes/:?]
	at org.apache.hadoop.hive.ql.udf.generic.GenericUDFBridge.initialize(GenericUDFBridge.java:168) ~[classes/:?]
	at org.apache.hadoop.hive.ql.udf.generic.GenericUDF.initializeAndFoldConstants(GenericUDF.java:149) ~[classes/:?]
	at org.apache.hadoop.hive.ql.plan.ExprNodeGenericFuncDesc.newInstance(ExprNodeGenericFuncDesc.java:235) ~[classes/:?]
	at org.apache.hadoop.hive.ql.parse.type.ExprNodeDescExprFactory.createFuncCallExpr(ExprNodeDescExprFactory.java:584) ~[classes/:?]
	at org.apache.hadoop.hive.ql.parse.type.ExprNodeDescExprFactory.createFuncCallExpr(ExprNodeDescExprFactory.java:97) ~[classes/:?]
	at org.apache.hadoop.hive.ql.parse.type.TypeCheckProcFactory$DefaultExprProcessor.getFuncExprNodeDescWithUdfData(TypeCheckProcFactory.java:762) ~[classes/:?]
	at org.apache.hadoop.hive.ql.parse.type.TypeCheckProcFactory$DefaultExprProcessor.createConversionCast(TypeCheckProcFactory.java:783) ~[classes/:?]
	at org.apache.hadoop.hive.ql.parse.SemanticAnalyzer.getPartitionColsFromBucketColsForUpdateDelete(SemanticAnalyzer.java:8725) ~[classes/:?]
	at org.apache.hadoop.hive.ql.parse.SemanticAnalyzer.genBucketingSortingDest(SemanticAnalyzer.java:6914) ~[classes/:?]
	at org.apache.hadoop.hive.ql.parse.SemanticAnalyzer.genFileSinkPlan(SemanticAnalyzer.java:7335) ~[classes/:?]
	at org.apache.hadoop.hive.ql.parse.SemanticAnalyzer.genPostGroupByBodyPlan(SemanticAnalyzer.java:11063) ~[classes/:?]
	at org.apache.hadoop.hive.ql.parse.SemanticAnalyzer.genBodyPlan(SemanticAnalyzer.java:10938) ~[classes/:?]
	at org.apache.hadoop.hive.ql.parse.SemanticAnalyzer.genPlan(SemanticAnalyzer.java:11853) ~[classes/:?]
	at org.apache.hadoop.hive.ql.parse.SemanticAnalyzer.genPlan(SemanticAnalyzer.java:11723) ~[classes/:?]
	at org.apache.hadoop.hive.ql.parse.CalcitePlanner.genOPTree(CalcitePlanner.java:626) ~[classes/:?]
	at org.apache.hadoop.hive.ql.parse.SemanticAnalyzer.analyzeInternal(SemanticAnalyzer.java:12558) ~[classes/:?]
	at org.apache.hadoop.hive.ql.parse.CalcitePlanner.analyzeInternal(CalcitePlanner.java:456) ~[classes/:?]
	at org.apache.hadoop.hive.ql.parse.RewriteSemanticAnalyzer.analyzeInternal(RewriteSemanticAnalyzer.java:67) ~[classes/:?]
	at org.apache.hadoop.hive.ql.parse.BaseSemanticAnalyzer.analyze(BaseSemanticAnalyzer.java:317) ~[classes/:?]
	at org.apache.hadoop.hive.ql.parse.UpdateDeleteSemanticAnalyzer.reparseAndSuperAnalyze(UpdateDeleteSemanticAnalyzer.java:208) ~[classes/:?]
	at org.apache.hadoop.hive.ql.parse.UpdateDeleteSemanticAnalyzer.analyzeDelete(UpdateDeleteSemanticAnalyzer.java:68) ~[classes/:?]
	at org.apache.hadoop.hive.ql.parse.UpdateDeleteSemanticAnalyzer.analyze(UpdateDeleteSemanticAnalyzer.java:50) ~[classes/:?]
	at org.apache.hadoop.hive.ql.parse.RewriteSemanticAnalyzer.analyzeInternal(RewriteSemanticAnalyzer.java:72) ~[classes/:?]
	at org.apache.hadoop.hive.ql.parse.BaseSemanticAnalyzer.analyze(BaseSemanticAnalyzer.java:317) ~[classes/:?]
	at org.apache.hadoop.hive.ql.Compiler.analyze(Compiler.java:223) ~[classes/:?]
	at org.apache.hadoop.hive.ql.Compiler.compile(Compiler.java:105) ~[classes/:?]
	at org.apache.hadoop.hive.ql.Driver.compile(Driver.java:500) ~[classes/:?]
	at org.apache.hadoop.hive.ql.Driver.compileInternal(Driver.java:453) ~[classes/:?]
	at org.apache.hadoop.hive.ql.Driver.compileAndRespond(Driver.java:417) ~[classes/:?]
	at org.apache.hadoop.hive.ql.Driver.compileAndRespond(Driver.java:411) ~[classes/:?]
	at org.apache.hadoop.hive.ql.lockmgr.TestDbTxnManagerIsolationProperties.testRebuildMVWhenOpenTxnPresents(TestDbTxnManagerIsolationProperties.java:215) ~[test-classes/:?]
	at sun.reflect.NativeMethodAccessorImpl.invoke0(Native Method) ~[?:1.8.0_402]
	at sun.reflect.NativeMethodAccessorImpl.invoke(NativeMethodAccessorImpl.java:62) ~[?:1.8.0_402]
	at sun.reflect.DelegatingMethodAccessorImpl.invoke(DelegatingMethodAccessorImpl.java:43) ~[?:1.8.0_402]
	at java.lang.reflect.Method.invoke(Method.java:498) ~[?:1.8.0_402]
	at org.junit.runners.model.FrameworkMethod$1.runReflectiveCall(FrameworkMethod.java:59) ~[junit-4.13.jar:4.13]
	at org.junit.internal.runners.model.ReflectiveCallable.run(ReflectiveCallable.java:12) ~[junit-4.13.jar:4.13]
	at org.junit.runners.model.FrameworkMethod.invokeExplosively(FrameworkMethod.java:56) ~[junit-4.13.jar:4.13]
	at org.junit.internal.runners.statements.InvokeMethod.evaluate(InvokeMethod.java:17) ~[junit-4.13.jar:4.13]
	at org.junit.internal.runners.statements.RunBefores.evaluate(RunBefores.java:26) ~[junit-4.13.jar:4.13]
	at org.junit.internal.runners.statements.RunAfters.evaluate(RunAfters.java:27) ~[junit-4.13.jar:4.13]
	at org.junit.runners.ParentRunner$3.evaluate(ParentRunner.java:306) ~[junit-4.13.jar:4.13]
	at org.junit.runners.BlockJUnit4ClassRunner$1.evaluate(BlockJUnit4ClassRunner.java:100) ~[junit-4.13.jar:4.13]
	at org.junit.runners.ParentRunner.runLeaf(ParentRunner.java:366) ~[junit-4.13.jar:4.13]
	at org.junit.runners.BlockJUnit4ClassRunner.runChild(BlockJUnit4ClassRunner.java:103) ~[junit-4.13.jar:4.13]
	at org.junit.runners.BlockJUnit4ClassRunner.runChild(BlockJUnit4ClassRunner.java:63) ~[junit-4.13.jar:4.13]
	at org.junit.runners.ParentRunner$4.run(ParentRunner.java:331) ~[junit-4.13.jar:4.13]
	at org.junit.runners.ParentRunner$1.schedule(ParentRunner.java:79) ~[junit-4.13.jar:4.13]
	at org.junit.runners.ParentRunner.runChildren(ParentRunner.java:329) ~[junit-4.13.jar:4.13]
	at org.junit.runners.ParentRunner.access$100(ParentRunner.java:66) ~[junit-4.13.jar:4.13]
	at org.junit.runners.ParentRunner$2.evaluate(ParentRunner.java:293) ~[junit-4.13.jar:4.13]
	at org.junit.internal.runners.statements.RunBefores.evaluate(RunBefores.java:26) ~[junit-4.13.jar:4.13]
	at org.junit.runners.ParentRunner$3.evaluate(ParentRunner.java:306) ~[junit-4.13.jar:4.13]
	at org.junit.runners.ParentRunner.run(ParentRunner.java:413) ~[junit-4.13.jar:4.13]
	at org.junit.runner.JUnitCore.run(JUnitCore.java:137) ~[junit-4.13.jar:4.13]
	at org.junit.runner.JUnitCore.run(JUnitCore.java:115) ~[junit-4.13.jar:4.13]
	at org.junit.vintage.engine.execution.RunnerExecutor.execute(RunnerExecutor.java:43) ~[junit-vintage-engine-5.6.2.jar:5.6.2]
	at java.util.stream.ForEachOps$ForEachOp$OfRef.accept(ForEachOps.java:183) ~[?:1.8.0_402]
	at java.util.stream.ReferencePipeline$3$1.accept(ReferencePipeline.java:193) ~[?:1.8.0_402]
	at java.util.Iterator.forEachRemaining(Iterator.java:116) ~[?:1.8.0_402]
	at java.util.Spliterators$IteratorSpliterator.forEachRemaining(Spliterators.java:1801) ~[?:1.8.0_402]
	at java.util.stream.AbstractPipeline.copyInto(AbstractPipeline.java:482) ~[?:1.8.0_402]
	at java.util.stream.AbstractPipeline.wrapAndCopyInto(AbstractPipeline.java:472) ~[?:1.8.0_402]
	at java.util.stream.ForEachOps$ForEachOp.evaluateSequential(ForEachOps.java:150) ~[?:1.8.0_402]
	at java.util.stream.ForEachOps$ForEachOp$OfRef.evaluateSequential(ForEachOps.java:173) ~[?:1.8.0_402]
	at java.util.stream.AbstractPipeline.evaluate(AbstractPipeline.java:234) ~[?:1.8.0_402]
	at java.util.stream.ReferencePipeline.forEach(ReferencePipeline.java:485) ~[?:1.8.0_402]
	at org.junit.vintage.engine.VintageTestEngine.executeAllChildren(VintageTestEngine.java:82) ~[junit-vintage-engine-5.6.2.jar:5.6.2]
	at org.junit.vintage.engine.VintageTestEngine.execute(VintageTestEngine.java:73) ~[junit-vintage-engine-5.6.2.jar:5.6.2]
	at org.junit.platform.launcher.core.DefaultLauncher.execute(DefaultLauncher.java:248) ~[junit-platform-launcher-1.6.2.jar:1.6.2]
	at org.junit.platform.launcher.core.DefaultLauncher.lambda$execute$5(DefaultLauncher.java:211) ~[junit-platform-launcher-1.6.2.jar:1.6.2]
	at org.junit.platform.launcher.core.DefaultLauncher.withInterceptedStreams(DefaultLauncher.java:226) [junit-platform-launcher-1.6.2.jar:1.6.2]
	at org.junit.platform.launcher.core.DefaultLauncher.execute(DefaultLauncher.java:199) [junit-platform-launcher-1.6.2.jar:1.6.2]
	at org.junit.platform.launcher.core.DefaultLauncher.execute(DefaultLauncher.java:132) [junit-platform-launcher-1.6.2.jar:1.6.2]
	at org.apache.maven.surefire.junitplatform.JUnitPlatformProvider.invokeAllTests(JUnitPlatformProvider.java:154) [surefire-junit-platform-3.0.0-M4.jar:3.0.0-M4]
	at org.apache.maven.surefire.junitplatform.JUnitPlatformProvider.invoke(JUnitPlatformProvider.java:123) [surefire-junit-platform-3.0.0-M4.jar:3.0.0-M4]
	at org.apache.maven.surefire.booter.ForkedBooter.runSuitesInProcess(ForkedBooter.java:377) [surefire-booter-3.0.0-M4.jar:3.0.0-M4]
	at org.apache.maven.surefire.booter.ForkedBooter.execute(ForkedBooter.java:138) [surefire-booter-3.0.0-M4.jar:3.0.0-M4]
	at org.apache.maven.surefire.booter.ForkedBooter.run(ForkedBooter.java:465) [surefire-booter-3.0.0-M4.jar:3.0.0-M4]
	at org.apache.maven.surefire.booter.ForkedBooter.main(ForkedBooter.java:451) [surefire-booter-3.0.0-M4.jar:3.0.0-M4]
2024-04-24T02:56:51,414  INFO [main] parse.UpdateDeleteSemanticAnalyzer: Ending caching scope for: 
FAILED: NoMatchingMethodException No matching method for class org.apache.hadoop.hive.ql.udf.UDFToInteger with (struct<writeid:bigint,bucketid:int,rowid:bigint>). Possible choices: _FUNC_(bigint)  _FUNC_(boolean)  _FUNC_(decimal(38,18))  _FUNC_(double)  _FUNC_(float)  _FUNC_(smallint)  _FUNC_(string)  _FUNC_(struct<writeid:bigint,rowid:bigint,bucketid:int>)  _FUNC_(timestamp)  _FUNC_(tinyint)  _FUNC_(void)  
2024-04-24T02:56:51,415 ERROR [main] ql.Driver: FAILED: NoMatchingMethodException No matching method for class org.apache.hadoop.hive.ql.udf.UDFToInteger with (struct<writeid:bigint,bucketid:int,rowid:bigint>). Possible choices: _FUNC_(bigint)  _FUNC_(boolean)  _FUNC_(decimal(38,18))  _FUNC_(double)  _FUNC_(float)  _FUNC_(smallint)  _FUNC_(string)  _FUNC_(struct<writeid:bigint,rowid:bigint,bucketid:int>)  _FUNC_(timestamp)  _FUNC_(tinyint)  _FUNC_(void)  
org.apache.hadoop.hive.ql.exec.NoMatchingMethodException: No matching method for class org.apache.hadoop.hive.ql.udf.UDFToInteger with (struct<writeid:bigint,bucketid:int,rowid:bigint>). Possible choices: _FUNC_(bigint)  _FUNC_(boolean)  _FUNC_(decimal(38,18))  _FUNC_(double)  _FUNC_(float)  _FUNC_(smallint)  _FUNC_(string)  _FUNC_(struct<writeid:bigint,rowid:bigint,bucketid:int>)  _FUNC_(timestamp)  _FUNC_(tinyint)  _FUNC_(void)  
	at org.apache.hadoop.hive.ql.exec.MethodUtils.getMethodInternal(MethodUtils.java:130)
	at org.apache.hadoop.hive.ql.exec.MethodUtils.getMethodInternal(MethodUtils.java:60)
	at org.apache.hadoop.hive.ql.exec.DefaultUDFMethodResolver.getEvalMethod(DefaultUDFMethodResolver.java:59)
	at org.apache.hadoop.hive.ql.udf.TimestampCastRestrictorResolver.getEvalMethod(TimestampCastRestrictorResolver.java:68)
	at org.apache.hadoop.hive.ql.udf.generic.GenericUDFBridge.initialize(GenericUDFBridge.java:168)
	at org.apache.hadoop.hive.ql.udf.generic.GenericUDF.initializeAndFoldConstants(GenericUDF.java:149)
	at org.apache.hadoop.hive.ql.plan.ExprNodeGenericFuncDesc.newInstance(ExprNodeGenericFuncDesc.java:235)
	at org.apache.hadoop.hive.ql.parse.type.ExprNodeDescExprFactory.createFuncCallExpr(ExprNodeDescExprFactory.java:584)
	at org.apache.hadoop.hive.ql.parse.type.ExprNodeDescExprFactory.createFuncCallExpr(ExprNodeDescExprFactory.java:97)
	at org.apache.hadoop.hive.ql.parse.type.TypeCheckProcFactory$DefaultExprProcessor.getFuncExprNodeDescWithUdfData(TypeCheckProcFactory.java:762)
	at org.apache.hadoop.hive.ql.parse.type.TypeCheckProcFactory$DefaultExprProcessor.createConversionCast(TypeCheckProcFactory.java:783)
	at org.apache.hadoop.hive.ql.parse.SemanticAnalyzer.getPartitionColsFromBucketColsForUpdateDelete(SemanticAnalyzer.java:8725)
	at org.apache.hadoop.hive.ql.parse.SemanticAnalyzer.genBucketingSortingDest(SemanticAnalyzer.java:6914)
	at org.apache.hadoop.hive.ql.parse.SemanticAnalyzer.genFileSinkPlan(SemanticAnalyzer.java:7335)
	at org.apache.hadoop.hive.ql.parse.SemanticAnalyzer.genPostGroupByBodyPlan(SemanticAnalyzer.java:11063)
	at org.apache.hadoop.hive.ql.parse.SemanticAnalyzer.genBodyPlan(SemanticAnalyzer.java:10938)
	at org.apache.hadoop.hive.ql.parse.SemanticAnalyzer.genPlan(SemanticAnalyzer.java:11853)
	at org.apache.hadoop.hive.ql.parse.SemanticAnalyzer.genPlan(SemanticAnalyzer.java:11723)
	at org.apache.hadoop.hive.ql.parse.CalcitePlanner.genOPTree(CalcitePlanner.java:626)
	at org.apache.hadoop.hive.ql.parse.SemanticAnalyzer.analyzeInternal(SemanticAnalyzer.java:12558)
	at org.apache.hadoop.hive.ql.parse.CalcitePlanner.analyzeInternal(CalcitePlanner.java:456)
	at org.apache.hadoop.hive.ql.parse.RewriteSemanticAnalyzer.analyzeInternal(RewriteSemanticAnalyzer.java:67)
	at org.apache.hadoop.hive.ql.parse.BaseSemanticAnalyzer.analyze(BaseSemanticAnalyzer.java:317)
	at org.apache.hadoop.hive.ql.parse.UpdateDeleteSemanticAnalyzer.reparseAndSuperAnalyze(UpdateDeleteSemanticAnalyzer.java:208)
	at org.apache.hadoop.hive.ql.parse.UpdateDeleteSemanticAnalyzer.analyzeDelete(UpdateDeleteSemanticAnalyzer.java:68)
	at org.apache.hadoop.hive.ql.parse.UpdateDeleteSemanticAnalyzer.analyze(UpdateDeleteSemanticAnalyzer.java:50)
	at org.apache.hadoop.hive.ql.parse.RewriteSemanticAnalyzer.analyzeInternal(RewriteSemanticAnalyzer.java:72)
	at org.apache.hadoop.hive.ql.parse.BaseSemanticAnalyzer.analyze(BaseSemanticAnalyzer.java:317)
	at org.apache.hadoop.hive.ql.Compiler.analyze(Compiler.java:223)
	at org.apache.hadoop.hive.ql.Compiler.compile(Compiler.java:105)
	at org.apache.hadoop.hive.ql.Driver.compile(Driver.java:500)
	at org.apache.hadoop.hive.ql.Driver.compileInternal(Driver.java:453)
	at org.apache.hadoop.hive.ql.Driver.compileAndRespond(Driver.java:417)
	at org.apache.hadoop.hive.ql.Driver.compileAndRespond(Driver.java:411)
	at org.apache.hadoop.hive.ql.lockmgr.TestDbTxnManagerIsolationProperties.testRebuildMVWhenOpenTxnPresents(TestDbTxnManagerIsolationProperties.java:215)
	at sun.reflect.NativeMethodAccessorImpl.invoke0(Native Method)
	at sun.reflect.NativeMethodAccessorImpl.invoke(NativeMethodAccessorImpl.java:62)
	at sun.reflect.DelegatingMethodAccessorImpl.invoke(DelegatingMethodAccessorImpl.java:43)
	at java.lang.reflect.Method.invoke(Method.java:498)
	at org.junit.runners.model.FrameworkMethod$1.runReflectiveCall(FrameworkMethod.java:59)
	at org.junit.internal.runners.model.ReflectiveCallable.run(ReflectiveCallable.java:12)
	at org.junit.runners.model.FrameworkMethod.invokeExplosively(FrameworkMethod.java:56)
	at org.junit.internal.runners.statements.InvokeMethod.evaluate(InvokeMethod.java:17)
	at org.junit.internal.runners.statements.RunBefores.evaluate(RunBefores.java:26)
	at org.junit.internal.runners.statements.RunAfters.evaluate(RunAfters.java:27)
	at org.junit.runners.ParentRunner$3.evaluate(ParentRunner.java:306)
	at org.junit.runners.BlockJUnit4ClassRunner$1.evaluate(BlockJUnit4ClassRunner.java:100)
	at org.junit.runners.ParentRunner.runLeaf(ParentRunner.java:366)
	at org.junit.runners.BlockJUnit4ClassRunner.runChild(BlockJUnit4ClassRunner.java:103)
	at org.junit.runners.BlockJUnit4ClassRunner.runChild(BlockJUnit4ClassRunner.java:63)
	at org.junit.runners.ParentRunner$4.run(ParentRunner.java:331)
	at org.junit.runners.ParentRunner$1.schedule(ParentRunner.java:79)
	at org.junit.runners.ParentRunner.runChildren(ParentRunner.java:329)
	at org.junit.runners.ParentRunner.access$100(ParentRunner.java:66)
	at org.junit.runners.ParentRunner$2.evaluate(ParentRunner.java:293)
	at org.junit.internal.runners.statements.RunBefores.evaluate(RunBefores.java:26)
	at org.junit.runners.ParentRunner$3.evaluate(ParentRunner.java:306)
	at org.junit.runners.ParentRunner.run(ParentRunner.java:413)
	at org.junit.runner.JUnitCore.run(JUnitCore.java:137)
	at org.junit.runner.JUnitCore.run(JUnitCore.java:115)
	at org.junit.vintage.engine.execution.RunnerExecutor.execute(RunnerExecutor.java:43)
	at java.util.stream.ForEachOps$ForEachOp$OfRef.accept(ForEachOps.java:183)
	at java.util.stream.ReferencePipeline$3$1.accept(ReferencePipeline.java:193)
	at java.util.Iterator.forEachRemaining(Iterator.java:116)
	at java.util.Spliterators$IteratorSpliterator.forEachRemaining(Spliterators.java:1801)
	at java.util.stream.AbstractPipeline.copyInto(AbstractPipeline.java:482)
	at java.util.stream.AbstractPipeline.wrapAndCopyInto(AbstractPipeline.java:472)
	at java.util.stream.ForEachOps$ForEachOp.evaluateSequential(ForEachOps.java:150)
	at java.util.stream.ForEachOps$ForEachOp$OfRef.evaluateSequential(ForEachOps.java:173)
	at java.util.stream.AbstractPipeline.evaluate(AbstractPipeline.java:234)
	at java.util.stream.ReferencePipeline.forEach(ReferencePipeline.java:485)
	at org.junit.vintage.engine.VintageTestEngine.executeAllChildren(VintageTestEngine.java:82)
	at org.junit.vintage.engine.VintageTestEngine.execute(VintageTestEngine.java:73)
	at org.junit.platform.launcher.core.DefaultLauncher.execute(DefaultLauncher.java:248)
	at org.junit.platform.launcher.core.DefaultLauncher.lambda$execute$5(DefaultLauncher.java:211)
	at org.junit.platform.launcher.core.DefaultLauncher.withInterceptedStreams(DefaultLauncher.java:226)
	at org.junit.platform.launcher.core.DefaultLauncher.execute(DefaultLauncher.java:199)
	at org.junit.platform.launcher.core.DefaultLauncher.execute(DefaultLauncher.java:132)
	at org.apache.maven.surefire.junitplatform.JUnitPlatformProvider.invokeAllTests(JUnitPlatformProvider.java:154)
	at org.apache.maven.surefire.junitplatform.JUnitPlatformProvider.invoke(JUnitPlatformProvider.java:123)
	at org.apache.maven.surefire.booter.ForkedBooter.runSuitesInProcess(ForkedBooter.java:377)
	at org.apache.maven.surefire.booter.ForkedBooter.execute(ForkedBooter.java:138)
	at org.apache.maven.surefire.booter.ForkedBooter.run(ForkedBooter.java:465)
	at org.apache.maven.surefire.booter.ForkedBooter.main(ForkedBooter.java:451)

2024-04-24T02:56:51,416  INFO [main] metadata.Hive: Dumping metastore api call timing information for : compilation phase
2024-04-24T02:56:51,416  INFO [main] metadata.Hive: Total time spent in each metastore function (ms): {getValidWriteIds_(List, String)=4, getValidTxns_(long)=0, getTable_(GetTableRequest)=37, getAllTableConstraints_(AllTableConstraintsRequest)=6, getTableColumnStatistics_(String, String, List, String)=41, flushCache_()=0, openTxn_(String, TxnType)=3, commitTxn_(CommitTxnRequest)=14, isCompatibleWith_(Configuration)=0}
2024-04-24T02:56:51,416  INFO [main] ql.Driver: Completed compiling command(queryId=alex_20240424025651_85d23cee-320e-4a88-93a3-ff4b59d2f5dc); Time taken: 0.297 seconds
2024-04-24T02:56:51,416  INFO [main] lockmgr.DbTxnManager: Stopped heartbeat for query: null
2024-04-24T02:56:51,423  INFO [main] txn.TxnHandler: Removed transactions: ([6]) from MIN_HISTORY_LEVEL
2024-04-24T02:56:51,435  INFO [main] ql.Context: Deleting scratch dir: file:/home/alex/Repositories/hive/ql/target/tmp/localscratchdir/3c7ffc2a-7b5d-42ee-980e-828de3300e7c/hive_2024-04-24_02-56-49_480_4725585618687409253-1
2024-04-24T02:56:51,435  INFO [main] cleanup.SyncCleanupService: Deleted directory: file:/home/alex/Repositories/hive/ql/target/tmp/localscratchdir/3c7ffc2a-7b5d-42ee-980e-828de3300e7c/hive_2024-04-24_02-56-49_480_4725585618687409253-1 on fs with scheme file
2024-04-24T02:56:51,436  INFO [main] ql.Context: Deleting scratch dir: file:/home/alex/Repositories/hive/ql/target/tmp/localscratchdir/3c7ffc2a-7b5d-42ee-980e-828de3300e7c/hive_2024-04-24_02-56-49_337_6455438677435299458-1
2024-04-24T02:56:51,437  INFO [main] cleanup.SyncCleanupService: Deleted directory: file:/home/alex/Repositories/hive/ql/target/tmp/localscratchdir/3c7ffc2a-7b5d-42ee-980e-828de3300e7c/hive_2024-04-24_02-56-49_337_6455438677435299458-1 on fs with scheme file
2024-04-24T02:56:51,437  INFO [main] ql.Context: Deleting scratch dir: pfile:/home/alex/Repositories/hive/ql/target/warehouse/t1/.hive-staging_hive_2024-04-24_02-56-49_337_6455438677435299458-1
2024-04-24T02:56:51,437  INFO [main] cleanup.SyncCleanupService: Deleted directory: pfile:/home/alex/Repositories/hive/ql/target/warehouse/t1/.hive-staging_hive_2024-04-24_02-56-49_337_6455438677435299458-1 on fs with scheme pfile
]]></system-err>
  </testcase>
  <testcase name="gapOpenTxnsDirtyRead" classname="org.apache.hadoop.hive.ql.lockmgr.TestDbTxnManagerIsolationProperties" time="3.97"/>
  <testcase name="gapOpenTxnsNoDirtyRead" classname="org.apache.hadoop.hive.ql.lockmgr.TestDbTxnManagerIsolationProperties" time="2.695"/>
  <testcase name="multipleGapOpenTxnsNoDirtyRead" classname="org.apache.hadoop.hive.ql.lockmgr.TestDbTxnManagerIsolationProperties" time="2.824"/>
</testsuite>