<?xml version="1.0" encoding="UTF-8"?>
<testsuite xmlns:xsi="http://www.w3.org/2001/XMLSchema-instance" xsi:noNamespaceSchemaLocation="https://maven.apache.org/surefire/maven-surefire-plugin/xsd/surefire-test-report-3.0.xsd" version="3.0" name="org.apache.hadoop.hive.ql.TestTxnCommands3" time="117.136" tests="12" errors="5" skipped="0" failures="0">
  <properties>
    <property name="build.test.dir" value="/home/alex/Repositories/hive/ql/target/tmp"/>
    <property name="awt.toolkit" value="sun.awt.X11.XToolkit"/>
    <property name="test.tmp.dir.uri" value="file:///home/alex/Repositories/hive/ql/target/tmp"/>
    <property name="java.specification.version" value="1.8"/>
    <property name="qfile" value=""/>
    <property name="sun.cpu.isalist" value=""/>
    <property name="test.warehouse.dir" value="pfile:///home/alex/Repositories/hive/ql/target/warehouse"/>
    <property name="sun.jnu.encoding" value="UTF-8"/>
    <property name="run_disabled" value=""/>
    <property name="nondexPrintstack" value="false"/>
    <property name="sun.arch.data.model" value="64"/>
    <property name="java.vendor.url" value="http://java.oracle.com/"/>
    <property name="user.country.format" value="PT"/>
    <property name="test.tmp.dir" value="/home/alex/Repositories/hive/ql/target/tmp"/>
    <property name="sun.boot.library.path" value="/usr/lib/jvm/java-8-openjdk-amd64/jre/lib/amd64"/>
    <property name="sun.java.command" value="/home/alex/Repositories/hive/ql/target/surefire/surefirebooter5385351810491606490.jar /home/alex/Repositories/hive/ql/target/surefire 2024-04-23T21-59-46_173-jvmRun1 surefire1316648691657755871tmp surefire_27581126664356536366162tmp"/>
    <property name="nondexExecid" value="Snhwr3I2MCYp2xI1BMYXdetIVL2H5UQXpCxOgAk9NN4="/>
    <property name="java.specification.vendor" value="Oracle Corporation"/>
    <property name="java.home" value="/usr/lib/jvm/java-8-openjdk-amd64/jre"/>
    <property name="file.separator" value="/"/>
    <property name="basedir" value="/home/alex/Repositories/hive/ql"/>
    <property name="nondexEnd" value="9223372036854775807"/>
    <property name="line.separator" value="&#10;"/>
    <property name="derby.stream.error.file" value="/home/alex/Repositories/hive/ql/target/tmp/derby.log"/>
    <property name="java.vm.specification.vendor" value="Oracle Corporation"/>
    <property name="java.specification.name" value="Java Platform API Specification"/>
    <property name="log4j.debug" value="true"/>
    <property name="sun.boot.class.path" value="/home/alex/Repositories/hive/ql/.nondex/nondex-instr.jar:/home/alex/.m2/repository/edu/illinois/nondex-common/2.1.7/nondex-common-2.1.7.jar:/home/alex/.m2/repository/edu/illinois/nondex-annotations/2.1.7/nondex-annotations-2.1.7.jar:/usr/lib/jvm/java-8-openjdk-amd64/jre/lib/resources.jar:/usr/lib/jvm/java-8-openjdk-amd64/jre/lib/rt.jar:/usr/lib/jvm/java-8-openjdk-amd64/jre/lib/sunrsasign.jar:/usr/lib/jvm/java-8-openjdk-amd64/jre/lib/jsse.jar:/usr/lib/jvm/java-8-openjdk-amd64/jre/lib/jce.jar:/usr/lib/jvm/java-8-openjdk-amd64/jre/lib/charsets.jar:/usr/lib/jvm/java-8-openjdk-amd64/jre/lib/jfr.jar:/usr/lib/jvm/java-8-openjdk-amd64/jre/classes"/>
    <property name="sun.management.compiler" value="HotSpot 64-Bit Tiered Compilers"/>
    <property name="spark.home" value=""/>
    <property name="java.runtime.version" value="1.8.0_402-8u402-ga-2ubuntu1~22.04-b06"/>
    <property name="user.name" value="alex"/>
    <property name="test.src.tables" value=""/>
    <property name="file.encoding" value="UTF-8"/>
    <property name="qfile_regex" value=""/>
    <property name="hadoop.bin.path" value="/home/alex/Repositories/hive/ql/../testutils/hadoop"/>
    <property name="localRepository" value="/home/alex/.m2/repository"/>
    <property name="build.dir" value="/home/alex/Repositories/hive/ql/target"/>
    <property name="nondexDir" value="/home/alex/Repositories/hive/ql/.nondex"/>
    <property name="mapred.job.tracker" value="local"/>
    <property name="nondexJarDir" value="/home/alex/Repositories/hive/ql/.nondex"/>
    <property name="java.io.tmpdir" value="/home/alex/Repositories/hive/ql/target/tmp"/>
    <property name="com.zaxxer.hikari.pool_number" value="3"/>
    <property name="java.version" value="1.8.0_402"/>
    <property name="hive.version" value="4.0.0-SNAPSHOT"/>
    <property name="java.vm.specification.name" value="Java Virtual Machine Specification"/>
    <property name="java.awt.printerjob" value="sun.print.PSPrinterJob"/>
    <property name="sun.os.patch.level" value="unknown"/>
    <property name="java.library.path" value="/usr/java/packages/lib/amd64:/usr/lib/x86_64-linux-gnu/jni:/lib/x86_64-linux-gnu:/usr/lib/x86_64-linux-gnu:/usr/lib/jni:/lib:/usr/lib"/>
    <property name="test.data.dir" value="/home/alex/Repositories/hive/ql/../data/files"/>
    <property name="java.vendor" value="Private Build"/>
    <property name="java.specification.maintenance.version" value="5"/>
    <property name="sun.io.unicode.encoding" value="UnicodeLittle"/>
    <property name="initScript" value=""/>
    <property name="sun.desktop" value="gnome"/>
    <property name="calcite.enable.rexnode.digest.normalize" value="false"/>
    <property name="nondexStart" value="0"/>
    <property name="file.encoding.pkg" value="sun.io"/>
    <property name="log4j.configurationFile" value="file:///home/alex/Repositories/hive/ql/target/testconf/hive-log4j2.properties"/>
    <property name="java.class.path" value="/home/alex/Repositories/hive/ql/target/test-classes:/home/alex/Repositories/hive/ql/target/classes:/home/alex/.m2/repository/org/apache/atlas/atlas-client-v2/2.1.0/atlas-client-v2-2.1.0.jar:/home/alex/.m2/repository/cglib/cglib/2.2.2/cglib-2.2.2.jar:/home/alex/.m2/repository/asm/asm/3.3.1/asm-3.3.1.jar:/home/alex/.m2/repository/org/apache/atlas/atlas-client-common/2.1.0/atlas-client-common-2.1.0.jar:/home/alex/.m2/repository/org/apache/httpcomponents/httpclient/4.5.13/httpclient-4.5.13.jar:/home/alex/.m2/repository/com/sun/jersey/jersey-client/1.19/jersey-client-1.19.jar:/home/alex/.m2/repository/org/apache/atlas/atlas-intg/2.1.0/atlas-intg-2.1.0.jar:/home/alex/.m2/repository/commons-collections/commons-collections/3.2.2/commons-collections-3.2.2.jar:/home/alex/.m2/repository/commons-validator/commons-validator/1.6/commons-validator-1.6.jar:/home/alex/.m2/repository/commons-digester/commons-digester/1.8.1/commons-digester-1.8.1.jar:/home/alex/.m2/repository/com/fasterxml/jackson/jaxrs/jackson-jaxrs-base/2.12.0/jackson-jaxrs-base-2.12.0.jar:/home/alex/.m2/repository/com/fasterxml/jackson/jaxrs/jackson-jaxrs-json-provider/2.12.0/jackson-jaxrs-json-provider-2.12.0.jar:/home/alex/.m2/repository/javax/inject/javax.inject/1/javax.inject-1.jar:/home/alex/.m2/repository/org/springframework/spring-context/4.3.20.RELEASE/spring-context-4.3.20.RELEASE.jar:/home/alex/.m2/repository/org/springframework/spring-aop/4.3.20.RELEASE/spring-aop-4.3.20.RELEASE.jar:/home/alex/.m2/repository/org/springframework/spring-beans/4.3.20.RELEASE/spring-beans-4.3.20.RELEASE.jar:/home/alex/.m2/repository/org/springframework/spring-core/4.3.20.RELEASE/spring-core-4.3.20.RELEASE.jar:/home/alex/.m2/repository/org/springframework/spring-expression/4.3.20.RELEASE/spring-expression-4.3.20.RELEASE.jar:/home/alex/.m2/repository/commons-configuration/commons-configuration/1.10/commons-configuration-1.10.jar:/home/alex/.m2/repository/commons-lang/commons-lang/2.6/commons-lang-2.6.jar:/home/alex/.m2/repository/commons-logging/commons-logging/1.1.1/commons-logging-1.1.1.jar:/home/alex/.m2/repository/org/apache/commons/commons-math3/3.6.1/commons-math3-3.6.1.jar:/home/alex/Repositories/hive/vector-code-gen/target/classes:/home/alex/.m2/repository/org/apache/velocity/velocity/1.5/velocity-1.5.jar:/home/alex/Repositories/hive/common/target/classes:/home/alex/Repositories/hive/classification/target/classes:/home/alex/Repositories/hive/standalone-metastore/metastore-common/target/classes:/home/alex/.m2/repository/commons-cli/commons-cli/1.4/commons-cli-1.4.jar:/home/alex/.m2/repository/org/apache/orc/orc-core/1.6.9/orc-core-1.6.9.jar:/home/alex/.m2/repository/org/apache/orc/orc-shims/1.6.9/orc-shims-1.6.9.jar:/home/alex/.m2/repository/io/airlift/aircompressor/0.19/aircompressor-0.19.jar:/home/alex/.m2/repository/org/jetbrains/annotations/17.0.0/annotations-17.0.0.jar:/home/alex/.m2/repository/org/threeten/threeten-extra/1.5.0/threeten-extra-1.5.0.jar:/home/alex/.m2/repository/jline/jline/2.14.6/jline-2.14.6.jar:/home/alex/.m2/repository/javax/servlet/javax.servlet-api/3.1.0/javax.servlet-api-3.1.0.jar:/home/alex/.m2/repository/org/eclipse/jetty/jetty-http/9.3.27.v20190418/jetty-http-9.3.27.v20190418.jar:/home/alex/.m2/repository/org/eclipse/jetty/jetty-rewrite/9.3.27.v20190418/jetty-rewrite-9.3.27.v20190418.jar:/home/alex/.m2/repository/org/eclipse/jetty/jetty-client/9.3.27.v20190418/jetty-client-9.3.27.v20190418.jar:/home/alex/.m2/repository/org/eclipse/jetty/jetty-server/9.3.27.v20190418/jetty-server-9.3.27.v20190418.jar:/home/alex/.m2/repository/org/eclipse/jetty/jetty-io/9.3.27.v20190418/jetty-io-9.3.27.v20190418.jar:/home/alex/.m2/repository/org/eclipse/jetty/jetty-servlet/9.3.27.v20190418/jetty-servlet-9.3.27.v20190418.jar:/home/alex/.m2/repository/org/eclipse/jetty/jetty-security/9.3.27.v20190418/jetty-security-9.3.27.v20190418.jar:/home/alex/.m2/repository/org/eclipse/jetty/jetty-webapp/9.3.27.v20190418/jetty-webapp-9.3.27.v20190418.jar:/home/alex/.m2/repository/org/eclipse/jetty/jetty-xml/9.3.27.v20190418/jetty-xml-9.3.27.v20190418.jar:/home/alex/.m2/repository/joda-time/joda-time/2.9.9/joda-time-2.9.9.jar:/home/alex/.m2/repository/org/apache/logging/log4j/log4j-web/2.13.2/log4j-web-2.13.2.jar:/home/alex/.m2/repository/net/sf/jpam/jpam/1.1/jpam-1.1.jar:/home/alex/.m2/repository/io/dropwizard/metrics/metrics-core/3.1.0/metrics-core-3.1.0.jar:/home/alex/.m2/repository/io/dropwizard/metrics/metrics-jvm/3.1.0/metrics-jvm-3.1.0.jar:/home/alex/.m2/repository/io/dropwizard/metrics/metrics-json/3.1.0/metrics-json-3.1.0.jar:/home/alex/.m2/repository/com/github/joshelser/dropwizard-metrics-hadoop-metrics2-reporter/0.1.2/dropwizard-metrics-hadoop-metrics2-reporter-0.1.2.jar:/home/alex/Repositories/hive/metastore/target/classes:/home/alex/.m2/repository/org/apache/derby/derby/10.14.1.0/derby-10.14.1.0.jar:/home/alex/Repositories/hive/serde/target/classes:/home/alex/.m2/repository/com/google/code/findbugs/jsr305/3.0.0/jsr305-3.0.0.jar:/home/alex/.m2/repository/org/apache/arrow/arrow-vector/0.15.1/arrow-vector-0.15.1.jar:/home/alex/.m2/repository/org/apache/arrow/arrow-format/0.15.1/arrow-format-0.15.1.jar:/home/alex/.m2/repository/org/apache/arrow/arrow-memory/0.15.1/arrow-memory-0.15.1.jar:/home/alex/.m2/repository/com/google/flatbuffers/flatbuffers-java/1.9.0/flatbuffers-java-1.9.0.jar:/home/alex/.m2/repository/com/carrotsearch/hppc/0.7.2/hppc-0.7.2.jar:/home/alex/.m2/repository/com/github/davidmoten/flatbuffers-java/1.6.0.1/flatbuffers-java-1.6.0.1.jar:/home/alex/Repositories/hive/parser/target/classes:/home/alex/Repositories/hive/udf/target/classes:/home/alex/Repositories/hive/service-rpc/target/classes:/home/alex/Repositories/hive/llap-client/target/classes:/home/alex/Repositories/hive/llap-common/target/classes:/home/alex/.m2/repository/io/jsonwebtoken/jjwt-api/0.10.5/jjwt-api-0.10.5.jar:/home/alex/.m2/repository/io/jsonwebtoken/jjwt-impl/0.10.5/jjwt-impl-0.10.5.jar:/home/alex/.m2/repository/io/jsonwebtoken/jjwt-jackson/0.10.5/jjwt-jackson-0.10.5.jar:/home/alex/Repositories/hive/llap-tez/target/classes:/home/alex/Repositories/hive/shims/aggregator/target/classes:/home/alex/Repositories/hive/shims/common/target/classes:/home/alex/Repositories/hive/shims/0.23/target/classes:/home/alex/.m2/repository/org/apache/hadoop/hadoop-yarn-server-resourcemanager/3.1.0/hadoop-yarn-server-resourcemanager-3.1.0.jar:/home/alex/.m2/repository/org/apache/hadoop/hadoop-yarn-server-applicationhistoryservice/3.1.0/hadoop-yarn-server-applicationhistoryservice-3.1.0.jar:/home/alex/.m2/repository/de/ruedigermoeller/fst/2.50/fst-2.50.jar:/home/alex/.m2/repository/com/cedarsoftware/java-util/1.9.0/java-util-1.9.0.jar:/home/alex/.m2/repository/com/cedarsoftware/json-io/2.5.1/json-io-2.5.1.jar:/home/alex/Repositories/hive/shims/scheduler/target/classes:/home/alex/Repositories/hive/spark-client/target/classes:/home/alex/.m2/repository/io/netty/netty-all/4.1.65.Final/netty-all-4.1.65.Final.jar:/home/alex/.m2/repository/com/fasterxml/jackson/module/jackson-module-scala_2.12/2.12.0/jackson-module-scala_2.12-2.12.0.jar:/home/alex/.m2/repository/org/apache/spark/spark-yarn_2.12/2.4.5/spark-yarn_2.12-2.4.5.jar:/home/alex/Repositories/hive/storage-api/target/classes:/home/alex/.m2/repository/com/amazonaws/aws-java-sdk-bundle/1.11.901/aws-java-sdk-bundle-1.11.901.jar:/home/alex/.m2/repository/com/amazonaws/secretsmanager/aws-secretsmanager-caching-java/1.0.1/aws-secretsmanager-caching-java-1.0.1.jar:/home/alex/.m2/repository/com/esotericsoftware/kryo/5.0.3/kryo-5.0.3.jar:/home/alex/.m2/repository/org/objenesis/objenesis/3.1/objenesis-3.1.jar:/home/alex/.m2/repository/com/esotericsoftware/minlog/1.3.1/minlog-1.3.1.jar:/home/alex/.m2/repository/com/esotericsoftware/reflectasm/1.11.9/reflectasm-1.11.9.jar:/home/alex/.m2/repository/com/google/protobuf/protobuf-java/2.5.0/protobuf-java-2.5.0.jar:/home/alex/.m2/repository/org/apache/hbase/hbase-common/2.0.0-alpha4/hbase-common-2.0.0-alpha4.jar:/home/alex/.m2/repository/org/apache/hbase/thirdparty/hbase-shaded-miscellaneous/1.0.1/hbase-shaded-miscellaneous-1.0.1.jar:/home/alex/.m2/repository/org/apache/htrace/htrace-core/3.2.0-incubating/htrace-core-3.2.0-incubating.jar:/home/alex/.m2/repository/org/apache/commons/commons-crypto/1.0.0/commons-crypto-1.0.0.jar:/home/alex/.m2/repository/com/github/stephenc/findbugs/findbugs-annotations/1.3.9-1/findbugs-annotations-1.3.9-1.jar:/home/alex/.m2/repository/log4j/log4j/1.2.17/log4j-1.2.17.jar:/home/alex/.m2/repository/org/apache/yetus/audience-annotations/0.5.0/audience-annotations-0.5.0.jar:/home/alex/.m2/repository/org/apache/parquet/parquet-hadoop-bundle/1.11.1/parquet-hadoop-bundle-1.11.1.jar:/home/alex/.m2/repository/commons-codec/commons-codec/1.15/commons-codec-1.15.jar:/home/alex/.m2/repository/commons-io/commons-io/2.6/commons-io-2.6.jar:/home/alex/.m2/repository/org/apache/commons/commons-collections4/4.1/commons-collections4-4.1.jar:/home/alex/.m2/repository/org/apache/commons/commons-lang3/3.9/commons-lang3-3.9.jar:/home/alex/.m2/repository/org/apache/commons/commons-text/1.8/commons-text-1.8.jar:/home/alex/.m2/repository/javolution/javolution/5.5.1/javolution-5.5.1.jar:/home/alex/.m2/repository/org/apache/logging/log4j/log4j-1.2-api/2.13.2/log4j-1.2-api-2.13.2.jar:/home/alex/.m2/repository/org/apache/logging/log4j/log4j-api/2.13.2/log4j-api-2.13.2.jar:/home/alex/.m2/repository/org/apache/logging/log4j/log4j-core/2.13.2/log4j-core-2.13.2.jar:/home/alex/.m2/repository/org/apache/logging/log4j/log4j-slf4j-impl/2.13.2/log4j-slf4j-impl-2.13.2.jar:/home/alex/.m2/repository/org/antlr/antlr-runtime/3.5.2/antlr-runtime-3.5.2.jar:/home/alex/.m2/repository/org/antlr/ST4/4.0.4/ST4-4.0.4.jar:/home/alex/.m2/repository/org/apache/avro/avro/1.8.2/avro-1.8.2.jar:/home/alex/.m2/repository/org/codehaus/jackson/jackson-core-asl/1.9.13/jackson-core-asl-1.9.13.jar:/home/alex/.m2/repository/org/codehaus/jackson/jackson-mapper-asl/1.9.13/jackson-mapper-asl-1.9.13.jar:/home/alex/.m2/repository/com/thoughtworks/paranamer/paranamer/2.8/paranamer-2.8.jar:/home/alex/.m2/repository/org/xerial/snappy/snappy-java/1.1.4/snappy-java-1.1.4.jar:/home/alex/.m2/repository/org/tukaani/xz/1.5/xz-1.5.jar:/home/alex/.m2/repository/org/apache/avro/avro-mapred/1.8.2/avro-mapred-1.8.2-hadoop2.jar:/home/alex/.m2/repository/org/apache/avro/avro-ipc/1.8.2/avro-ipc-1.8.2.jar:/home/alex/.m2/repository/org/mortbay/jetty/jetty/6.1.26/jetty-6.1.26.jar:/home/alex/.m2/repository/org/apache/ant/ant/1.9.1/ant-1.9.1.jar:/home/alex/.m2/repository/org/apache/ant/ant-launcher/1.9.1/ant-launcher-1.9.1.jar:/home/alex/.m2/repository/org/apache/commons/commons-compress/1.21/commons-compress-1.21.jar:/home/alex/.m2/repository/org/apache/thrift/libfb303/0.9.3/libfb303-0.9.3.jar:/home/alex/.m2/repository/org/apache/hadoop/hadoop-common/3.1.0/hadoop-common-3.1.0.jar:/home/alex/.m2/repository/org/apache/hadoop/hadoop-annotations/3.1.0/hadoop-annotations-3.1.0.jar:/home/alex/.m2/repository/commons-net/commons-net/3.6/commons-net-3.6.jar:/home/alex/.m2/repository/org/eclipse/jetty/jetty-util/9.3.27.v20190418/jetty-util-9.3.27.v20190418.jar:/home/alex/.m2/repository/javax/servlet/jsp/jsp-api/2.1/jsp-api-2.1.jar:/home/alex/.m2/repository/com/sun/jersey/jersey-core/1.19/jersey-core-1.19.jar:/home/alex/.m2/repository/javax/ws/rs/jsr311-api/1.1.1/jsr311-api-1.1.1.jar:/home/alex/.m2/repository/com/sun/jersey/jersey-json/1.19/jersey-json-1.19.jar:/home/alex/.m2/repository/com/sun/xml/bind/jaxb-impl/2.2.3-1/jaxb-impl-2.2.3-1.jar:/home/alex/.m2/repository/org/codehaus/jackson/jackson-jaxrs/1.9.2/jackson-jaxrs-1.9.2.jar:/home/alex/.m2/repository/org/codehaus/jackson/jackson-xc/1.9.2/jackson-xc-1.9.2.jar:/home/alex/.m2/repository/com/sun/jersey/jersey-server/1.19/jersey-server-1.19.jar:/home/alex/.m2/repository/org/apache/commons/commons-configuration2/2.1.1/commons-configuration2-2.1.1.jar:/home/alex/.m2/repository/org/apache/hadoop/hadoop-auth/3.1.0/hadoop-auth-3.1.0.jar:/home/alex/.m2/repository/com/nimbusds/nimbus-jose-jwt/4.41.1/nimbus-jose-jwt-4.41.1.jar:/home/alex/.m2/repository/com/github/stephenc/jcip/jcip-annotations/1.0-1/jcip-annotations-1.0-1.jar:/home/alex/.m2/repository/com/jcraft/jsch/0.1.54/jsch-0.1.54.jar:/home/alex/.m2/repository/org/apache/htrace/htrace-core4/4.1.0-incubating/htrace-core4-4.1.0-incubating.jar:/home/alex/.m2/repository/org/apache/kerby/kerb-simplekdc/1.0.1/kerb-simplekdc-1.0.1.jar:/home/alex/.m2/repository/org/apache/kerby/kerb-client/1.0.1/kerb-client-1.0.1.jar:/home/alex/.m2/repository/org/apache/kerby/kerby-config/1.0.1/kerby-config-1.0.1.jar:/home/alex/.m2/repository/org/apache/kerby/kerb-core/1.0.1/kerb-core-1.0.1.jar:/home/alex/.m2/repository/org/apache/kerby/kerby-pkix/1.0.1/kerby-pkix-1.0.1.jar:/home/alex/.m2/repository/org/apache/kerby/kerby-asn1/1.0.1/kerby-asn1-1.0.1.jar:/home/alex/.m2/repository/org/apache/kerby/kerby-util/1.0.1/kerby-util-1.0.1.jar:/home/alex/.m2/repository/org/apache/kerby/kerb-common/1.0.1/kerb-common-1.0.1.jar:/home/alex/.m2/repository/org/apache/kerby/kerb-crypto/1.0.1/kerb-crypto-1.0.1.jar:/home/alex/.m2/repository/org/apache/kerby/kerb-util/1.0.1/kerb-util-1.0.1.jar:/home/alex/.m2/repository/org/apache/kerby/token-provider/1.0.1/token-provider-1.0.1.jar:/home/alex/.m2/repository/org/apache/kerby/kerb-admin/1.0.1/kerb-admin-1.0.1.jar:/home/alex/.m2/repository/org/apache/kerby/kerb-server/1.0.1/kerb-server-1.0.1.jar:/home/alex/.m2/repository/org/apache/kerby/kerb-identity/1.0.1/kerb-identity-1.0.1.jar:/home/alex/.m2/repository/org/apache/kerby/kerby-xdr/1.0.1/kerby-xdr-1.0.1.jar:/home/alex/.m2/repository/org/codehaus/woodstox/stax2-api/3.1.4/stax2-api-3.1.4.jar:/home/alex/.m2/repository/com/fasterxml/woodstox/woodstox-core/5.0.3/woodstox-core-5.0.3.jar:/home/alex/.m2/repository/org/apache/hadoop/hadoop-archives/3.1.0/hadoop-archives-3.1.0.jar:/home/alex/.m2/repository/org/apache/hadoop/hadoop-yarn-registry/3.1.0/hadoop-yarn-registry-3.1.0.jar:/home/alex/.m2/repository/org/apache/curator/curator-client/4.2.0/curator-client-4.2.0.jar:/home/alex/.m2/repository/org/apache/curator/curator-recipes/4.2.0/curator-recipes-4.2.0.jar:/home/alex/.m2/repository/commons-daemon/commons-daemon/1.0.13/commons-daemon-1.0.13.jar:/home/alex/.m2/repository/dnsjava/dnsjava/2.1.7/dnsjava-2.1.7.jar:/home/alex/.m2/repository/org/apache/hadoop/hadoop-mapreduce-client-core/3.1.0/hadoop-mapreduce-client-core-3.1.0.jar:/home/alex/.m2/repository/org/apache/hadoop/hadoop-hdfs-client/3.1.0/hadoop-hdfs-client-3.1.0.jar:/home/alex/.m2/repository/com/squareup/okhttp/okhttp/2.7.5/okhttp-2.7.5.jar:/home/alex/.m2/repository/com/squareup/okio/okio/1.6.0/okio-1.6.0.jar:/home/alex/.m2/repository/com/google/inject/extensions/guice-servlet/4.0/guice-servlet-4.0.jar:/home/alex/.m2/repository/org/apache/hadoop/hadoop-mapreduce-client-common/3.1.0/hadoop-mapreduce-client-common-3.1.0.jar:/home/alex/.m2/repository/org/apache/hadoop/hadoop-hdfs/3.1.0/hadoop-hdfs-3.1.0.jar:/home/alex/.m2/repository/org/eclipse/jetty/jetty-util-ajax/9.3.19.v20170502/jetty-util-ajax-9.3.19.v20170502.jar:/home/alex/.m2/repository/org/fusesource/leveldbjni/leveldbjni-all/1.8/leveldbjni-all-1.8.jar:/home/alex/.m2/repository/org/apache/hadoop/hadoop-yarn-api/3.1.0/hadoop-yarn-api-3.1.0.jar:/home/alex/.m2/repository/javax/xml/bind/jaxb-api/2.2.11/jaxb-api-2.2.11.jar:/home/alex/.m2/repository/org/apache/hadoop/hadoop-yarn-common/3.1.0/hadoop-yarn-common-3.1.0.jar:/home/alex/.m2/repository/com/google/inject/guice/4.0/guice-4.0.jar:/home/alex/.m2/repository/aopalliance/aopalliance/1.0/aopalliance-1.0.jar:/home/alex/.m2/repository/com/sun/jersey/contribs/jersey-guice/1.19/jersey-guice-1.19.jar:/home/alex/.m2/repository/com/fasterxml/jackson/module/jackson-module-jaxb-annotations/2.12.0/jackson-module-jaxb-annotations-2.12.0.jar:/home/alex/.m2/repository/jakarta/xml/bind/jakarta.xml.bind-api/2.3.2/jakarta.xml.bind-api-2.3.2.jar:/home/alex/.m2/repository/jakarta/activation/jakarta.activation-api/1.2.1/jakarta.activation-api-1.2.1.jar:/home/alex/.m2/repository/org/apache/hadoop/hadoop-yarn-client/3.1.0/hadoop-yarn-client-3.1.0.jar:/home/alex/.m2/repository/org/apache/orc/orc-tools/1.6.9/orc-tools-1.6.9.jar:/home/alex/.m2/repository/com/opencsv/opencsv/3.9/opencsv-3.9.jar:/home/alex/.m2/repository/org/codehaus/jettison/jettison/1.1/jettison-1.1.jar:/home/alex/.m2/repository/org/threeten/threetenbp/1.3.5/threetenbp-1.3.5.jar:/home/alex/.m2/repository/org/apache/ivy/ivy/2.4.0/ivy-2.4.0.jar:/home/alex/.m2/repository/org/apache/thrift/libthrift/0.14.1/libthrift-0.14.1.jar:/home/alex/.m2/repository/org/apache/httpcomponents/httpcore/4.4.13/httpcore-4.4.13.jar:/home/alex/.m2/repository/org/apache/tomcat/embed/tomcat-embed-core/8.5.46/tomcat-embed-core-8.5.46.jar:/home/alex/.m2/repository/org/apache/tomcat/tomcat-annotations-api/8.5.46/tomcat-annotations-api-8.5.46.jar:/home/alex/.m2/repository/javax/annotation/javax.annotation-api/1.3.2/javax.annotation-api-1.3.2.jar:/home/alex/.m2/repository/org/apache/zookeeper/zookeeper/3.5.5/zookeeper-3.5.5.jar:/home/alex/.m2/repository/org/apache/zookeeper/zookeeper-jute/3.5.5/zookeeper-jute-3.5.5.jar:/home/alex/.m2/repository/org/apache/curator/curator-framework/4.2.0/curator-framework-4.2.0.jar:/home/alex/.m2/repository/org/apache/curator/curator-test/4.2.0/curator-test-4.2.0.jar:/home/alex/.m2/repository/org/apache/datasketches/datasketches-hive/1.1.0-incubating/datasketches-hive-1.1.0-incubating.jar:/home/alex/.m2/repository/org/apache/datasketches/datasketches-java/1.3.0-incubating/datasketches-java-1.3.0-incubating.jar:/home/alex/.m2/repository/org/apache/datasketches/datasketches-memory/1.2.0-incubating/datasketches-memory-1.2.0-incubating.jar:/home/alex/.m2/repository/org/slf4j/slf4j-simple/1.7.27/slf4j-simple-1.7.27.jar:/home/alex/.m2/repository/com/lmax/disruptor/3.3.7/disruptor-3.3.7.jar:/home/alex/.m2/repository/org/codehaus/groovy/groovy-all/2.4.11/groovy-all-2.4.11.jar:/home/alex/.m2/repository/org/jodd/jodd-util/6.0.0/jodd-util-6.0.0.jar:/home/alex/.m2/repository/com/fasterxml/jackson/core/jackson-annotations/2.12.0/jackson-annotations-2.12.0.jar:/home/alex/.m2/repository/com/fasterxml/jackson/core/jackson-core/2.12.0/jackson-core-2.12.0.jar:/home/alex/.m2/repository/com/fasterxml/jackson/core/jackson-databind/2.12.0/jackson-databind-2.12.0.jar:/home/alex/.m2/repository/com/fasterxml/jackson/dataformat/jackson-dataformat-yaml/2.12.0/jackson-dataformat-yaml-2.12.0.jar:/home/alex/.m2/repository/org/yaml/snakeyaml/1.27/snakeyaml-1.27.jar:/home/alex/.m2/repository/org/datanucleus/datanucleus-core/5.2.4/datanucleus-core-5.2.4.jar:/home/alex/.m2/repository/org/apache/calcite/calcite-core/1.25.0/calcite-core-1.25.0.jar:/home/alex/.m2/repository/org/apache/calcite/calcite-linq4j/1.25.0/calcite-linq4j-1.25.0.jar:/home/alex/.m2/repository/org/apiguardian/apiguardian-api/1.1.0/apiguardian-api-1.1.0.jar:/home/alex/.m2/repository/com/esri/geometry/esri-geometry-api/2.2.0/esri-geometry-api-2.2.0.jar:/home/alex/.m2/repository/com/yahoo/datasketches/sketches-core/0.9.0/sketches-core-0.9.0.jar:/home/alex/.m2/repository/com/yahoo/datasketches/memory/0.9.0/memory-0.9.0.jar:/home/alex/.m2/repository/org/apache/commons/commons-dbcp2/2.7.0/commons-dbcp2-2.7.0.jar:/home/alex/.m2/repository/org/apache/commons/commons-pool2/2.7.0/commons-pool2-2.7.0.jar:/home/alex/.m2/repository/org/apache/calcite/calcite-druid/1.25.0/calcite-druid-1.25.0.jar:/home/alex/.m2/repository/org/apache/calcite/avatica/avatica/1.12.0/avatica-1.12.0.jar:/home/alex/.m2/repository/com/google/guava/guava/19.0/guava-19.0.jar:/home/alex/.m2/repository/com/googlecode/javaewah/JavaEWAH/0.3.2/JavaEWAH-0.3.2.jar:/home/alex/.m2/repository/com/google/code/gson/gson/2.2.4/gson-2.2.4.jar:/home/alex/.m2/repository/com/tdunning/json/1.8/json-1.8.jar:/home/alex/.m2/repository/stax/stax-api/1.0.1/stax-api-1.0.1.jar:/home/alex/.m2/repository/net/sf/opencsv/opencsv/2.3/opencsv-2.3.jar:/home/alex/Repositories/hive/standalone-metastore/metastore-server/target/classes:/home/alex/.m2/repository/com/zaxxer/HikariCP/2.6.1/HikariCP-2.6.1.jar:/home/alex/.m2/repository/commons-beanutils/commons-beanutils/1.9.4/commons-beanutils-1.9.4.jar:/home/alex/.m2/repository/org/datanucleus/datanucleus-api-jdo/5.2.4/datanucleus-api-jdo-5.2.4.jar:/home/alex/.m2/repository/org/datanucleus/datanucleus-rdbms/5.2.4/datanucleus-rdbms-5.2.4.jar:/home/alex/.m2/repository/org/datanucleus/javax.jdo/3.2.0-release/javax.jdo-3.2.0-release.jar:/home/alex/.m2/repository/javax/transaction/javax.transaction-api/1.3/javax.transaction-api-1.3.jar:/home/alex/.m2/repository/org/glassfish/corba/glassfish-corba-omgapi/4.2.2/glassfish-corba-omgapi-4.2.2.jar:/home/alex/.m2/repository/sqlline/sqlline/1.9.0/sqlline-1.9.0.jar:/home/alex/.m2/repository/org/jline/jline-terminal/3.12.1/jline-terminal-3.12.1.jar:/home/alex/.m2/repository/org/jline/jline-reader/3.12.1/jline-reader-3.12.1.jar:/home/alex/.m2/repository/org/jline/jline-terminal-jansi/3.12.1/jline-terminal-jansi-3.12.1.jar:/home/alex/.m2/repository/org/fusesource/jansi/jansi/1.18/jansi-1.18.jar:/home/alex/.m2/repository/org/jline/jline-terminal-jna/3.12.1/jline-terminal-jna-3.12.1.jar:/home/alex/.m2/repository/net/java/dev/jna/jna/5.3.1/jna-5.3.1.jar:/home/alex/.m2/repository/org/jline/jline-builtins/3.12.1/jline-builtins-3.12.1.jar:/home/alex/.m2/repository/org/jline/jline-style/3.12.1/jline-style-3.12.1.jar:/home/alex/.m2/repository/com/cronutils/cron-utils/9.1.3/cron-utils-9.1.3.jar:/home/alex/.m2/repository/org/glassfish/javax.el/3.0.0/javax.el-3.0.0.jar:/home/alex/.m2/repository/com/oracle/database/jdbc/ojdbc8/21.3.0.0/ojdbc8-21.3.0.0.jar:/home/alex/.m2/repository/mysql/mysql-connector-java/8.0.27/mysql-connector-java-8.0.27.jar:/home/alex/.m2/repository/com/microsoft/sqlserver/mssql-jdbc/6.2.1.jre8/mssql-jdbc-6.2.1.jre8.jar:/home/alex/.m2/repository/org/postgresql/postgresql/42.2.14/postgresql-42.2.14.jar:/home/alex/Repositories/hive/common/target/test-classes:/home/alex/Repositories/hive/standalone-metastore/metastore-common/target/test-classes:/home/alex/.m2/repository/com/github/ben-manes/caffeine/caffeine/2.8.4/caffeine-2.8.4.jar:/home/alex/.m2/repository/org/checkerframework/checker-qual/3.4.0/checker-qual-3.4.0.jar:/home/alex/Repositories/hive/standalone-metastore/metastore-server/target/test-classes:/home/alex/.m2/repository/org/apache/parquet/parquet-column/1.11.1/parquet-column-1.11.1-tests.jar:/home/alex/.m2/repository/org/apache/parquet/parquet-common/1.11.1/parquet-common-1.11.1.jar:/home/alex/.m2/repository/org/apache/parquet/parquet-format-structures/1.11.1/parquet-format-structures-1.11.1.jar:/home/alex/.m2/repository/org/apache/parquet/parquet-encoding/1.11.1/parquet-encoding-1.11.1.jar:/home/alex/.m2/repository/junit/junit/4.13/junit-4.13.jar:/home/alex/.m2/repository/org/hamcrest/hamcrest-core/1.3/hamcrest-core-1.3.jar:/home/alex/.m2/repository/org/junit/jupiter/junit-jupiter-engine/5.6.2/junit-jupiter-engine-5.6.2.jar:/home/alex/.m2/repository/org/junit/platform/junit-platform-engine/1.6.2/junit-platform-engine-1.6.2.jar:/home/alex/.m2/repository/org/opentest4j/opentest4j/1.2.0/opentest4j-1.2.0.jar:/home/alex/.m2/repository/org/junit/platform/junit-platform-commons/1.6.2/junit-platform-commons-1.6.2.jar:/home/alex/.m2/repository/org/junit/jupiter/junit-jupiter-api/5.6.2/junit-jupiter-api-5.6.2.jar:/home/alex/.m2/repository/org/junit/jupiter/junit-jupiter-params/5.6.2/junit-jupiter-params-5.6.2.jar:/home/alex/.m2/repository/org/junit/vintage/junit-vintage-engine/5.6.2/junit-vintage-engine-5.6.2.jar:/home/alex/.m2/repository/org/apache/tez/tez-api/0.10.1/tez-api-0.10.1.jar:/usr/lib/jvm/java-8-openjdk-amd64/jre/../lib/tools.jar:/home/alex/.m2/repository/org/apache/tez/tez-runtime-library/0.10.1/tez-runtime-library-0.10.1.jar:/home/alex/.m2/repository/org/roaringbitmap/RoaringBitmap/0.5.21/RoaringBitmap-0.5.21.jar:/home/alex/.m2/repository/org/asynchttpclient/async-http-client/2.12.1/async-http-client-2.12.1.jar:/home/alex/.m2/repository/org/asynchttpclient/async-http-client-netty-utils/2.12.1/async-http-client-netty-utils-2.12.1.jar:/home/alex/.m2/repository/io/netty/netty-buffer/4.1.48.Final/netty-buffer-4.1.48.Final.jar:/home/alex/.m2/repository/io/netty/netty-codec-http/4.1.48.Final/netty-codec-http-4.1.48.Final.jar:/home/alex/.m2/repository/io/netty/netty-common/4.1.48.Final/netty-common-4.1.48.Final.jar:/home/alex/.m2/repository/io/netty/netty-transport/4.1.48.Final/netty-transport-4.1.48.Final.jar:/home/alex/.m2/repository/io/netty/netty-codec/4.1.48.Final/netty-codec-4.1.48.Final.jar:/home/alex/.m2/repository/io/netty/netty-handler/4.1.48.Final/netty-handler-4.1.48.Final.jar:/home/alex/.m2/repository/io/netty/netty-resolver/4.1.48.Final/netty-resolver-4.1.48.Final.jar:/home/alex/.m2/repository/io/netty/netty-codec-socks/4.1.48.Final/netty-codec-socks-4.1.48.Final.jar:/home/alex/.m2/repository/io/netty/netty-handler-proxy/4.1.48.Final/netty-handler-proxy-4.1.48.Final.jar:/home/alex/.m2/repository/io/netty/netty-transport-native-epoll/4.1.48.Final/netty-transport-native-epoll-4.1.48.Final-linux-x86_64.jar:/home/alex/.m2/repository/io/netty/netty-transport-native-unix-common/4.1.48.Final/netty-transport-native-unix-common-4.1.48.Final.jar:/home/alex/.m2/repository/io/netty/netty-transport-native-kqueue/4.1.48.Final/netty-transport-native-kqueue-4.1.48.Final-osx-x86_64.jar:/home/alex/.m2/repository/org/reactivestreams/reactive-streams/1.0.3/reactive-streams-1.0.3.jar:/home/alex/.m2/repository/com/typesafe/netty/netty-reactive-streams/2.0.4/netty-reactive-streams-2.0.4.jar:/home/alex/.m2/repository/com/sun/activation/javax.activation/1.2.0/javax.activation-1.2.0.jar:/home/alex/.m2/repository/org/apache/tez/tez-common/0.10.1/tez-common-0.10.1.jar:/home/alex/.m2/repository/org/apache/tez/tez-runtime-internals/0.10.1/tez-runtime-internals-0.10.1.jar:/home/alex/.m2/repository/org/apache/tez/hadoop-shim/0.10.1/hadoop-shim-0.10.1.jar:/home/alex/.m2/repository/org/apache/tez/tez-mapreduce/0.10.1/tez-mapreduce-0.10.1.jar:/home/alex/.m2/repository/org/apache/tez/tez-dag/0.10.1/tez-dag-0.10.1.jar:/home/alex/.m2/repository/org/apache/hadoop/hadoop-yarn-server-web-proxy/3.1.0/hadoop-yarn-server-web-proxy-3.1.0.jar:/home/alex/.m2/repository/org/apache/hadoop/hadoop-yarn-server-common/3.1.0/hadoop-yarn-server-common-3.1.0.jar:/home/alex/.m2/repository/org/apache/geronimo/specs/geronimo-jcache_1.0_spec/1.0-alpha-1/geronimo-jcache_1.0_spec-1.0-alpha-1.jar:/home/alex/.m2/repository/org/ehcache/ehcache/3.3.1/ehcache-3.3.1.jar:/home/alex/.m2/repository/com/zaxxer/HikariCP-java7/2.4.12/HikariCP-java7-2.4.12.jar:/home/alex/.m2/repository/org/apache/spark/spark-core_2.12/2.4.5/spark-core_2.12-2.4.5.jar:/home/alex/.m2/repository/com/twitter/chill_2.12/0.9.3/chill_2.12-0.9.3.jar:/home/alex/.m2/repository/com/twitter/chill-java/0.9.3/chill-java-0.9.3.jar:/home/alex/.m2/repository/org/apache/xbean/xbean-asm6-shaded/4.8/xbean-asm6-shaded-4.8.jar:/home/alex/.m2/repository/org/apache/hadoop/hadoop-client/3.1.0/hadoop-client-3.1.0.jar:/home/alex/.m2/repository/org/apache/hadoop/hadoop-mapreduce-client-jobclient/3.1.0/hadoop-mapreduce-client-jobclient-3.1.0.jar:/home/alex/.m2/repository/org/apache/spark/spark-launcher_2.12/2.4.5/spark-launcher_2.12-2.4.5.jar:/home/alex/.m2/repository/org/apache/spark/spark-kvstore_2.12/2.4.5/spark-kvstore_2.12-2.4.5.jar:/home/alex/.m2/repository/org/apache/spark/spark-network-common_2.12/2.4.5/spark-network-common_2.12-2.4.5.jar:/home/alex/.m2/repository/org/apache/spark/spark-network-shuffle_2.12/2.4.5/spark-network-shuffle_2.12-2.4.5.jar:/home/alex/.m2/repository/org/apache/spark/spark-unsafe_2.12/2.4.5/spark-unsafe_2.12-2.4.5.jar:/home/alex/.m2/repository/javax/activation/activation/1.1.1/activation-1.1.1.jar:/home/alex/.m2/repository/org/slf4j/jul-to-slf4j/1.7.16/jul-to-slf4j-1.7.16.jar:/home/alex/.m2/repository/org/slf4j/jcl-over-slf4j/1.7.16/jcl-over-slf4j-1.7.16.jar:/home/alex/.m2/repository/com/ning/compress-lzf/1.0.3/compress-lzf-1.0.3.jar:/home/alex/.m2/repository/org/lz4/lz4-java/1.4.0/lz4-java-1.4.0.jar:/home/alex/.m2/repository/com/github/luben/zstd-jni/1.3.2-2/zstd-jni-1.3.2-2.jar:/home/alex/.m2/repository/org/scala-lang/scala-library/2.12.10/scala-library-2.12.10.jar:/home/alex/.m2/repository/org/json4s/json4s-jackson_2.12/3.5.3/json4s-jackson_2.12-3.5.3.jar:/home/alex/.m2/repository/org/json4s/json4s-core_2.12/3.5.3/json4s-core_2.12-3.5.3.jar:/home/alex/.m2/repository/org/json4s/json4s-ast_2.12/3.5.3/json4s-ast_2.12-3.5.3.jar:/home/alex/.m2/repository/org/json4s/json4s-scalap_2.12/3.5.3/json4s-scalap_2.12-3.5.3.jar:/home/alex/.m2/repository/org/scala-lang/modules/scala-xml_2.12/1.0.6/scala-xml_2.12-1.0.6.jar:/home/alex/.m2/repository/com/clearspring/analytics/stream/2.7.0/stream-2.7.0.jar:/home/alex/.m2/repository/io/dropwizard/metrics/metrics-graphite/3.1.5/metrics-graphite-3.1.5.jar:/home/alex/.m2/repository/oro/oro/2.0.8/oro-2.0.8.jar:/home/alex/.m2/repository/net/razorvine/pyrolite/4.13/pyrolite-4.13.jar:/home/alex/.m2/repository/net/sf/py4j/py4j/0.10.7/py4j-0.10.7.jar:/home/alex/.m2/repository/org/apache/spark/spark-tags_2.12/2.4.5/spark-tags_2.12-2.4.5.jar:/home/alex/.m2/repository/org/spark-project/spark/unused/1.0.0/unused-1.0.0.jar:/home/alex/.m2/repository/com/sun/jersey/jersey-servlet/1.19/jersey-servlet-1.19.jar:/home/alex/.m2/repository/org/glassfish/jersey/core/jersey-server/2.22.2/jersey-server-2.22.2.jar:/home/alex/.m2/repository/org/glassfish/jersey/core/jersey-common/2.22.2/jersey-common-2.22.2.jar:/home/alex/.m2/repository/org/glassfish/jersey/bundles/repackaged/jersey-guava/2.22.2/jersey-guava-2.22.2.jar:/home/alex/.m2/repository/org/glassfish/hk2/osgi-resource-locator/1.0.1/osgi-resource-locator-1.0.1.jar:/home/alex/.m2/repository/org/glassfish/jersey/core/jersey-client/2.22.2/jersey-client-2.22.2.jar:/home/alex/.m2/repository/javax/ws/rs/javax.ws.rs-api/2.0.1/javax.ws.rs-api-2.0.1.jar:/home/alex/.m2/repository/org/glassfish/jersey/media/jersey-media-jaxb/2.22.2/jersey-media-jaxb-2.22.2.jar:/home/alex/.m2/repository/org/glassfish/hk2/hk2-api/2.4.0-b34/hk2-api-2.4.0-b34.jar:/home/alex/.m2/repository/org/glassfish/hk2/hk2-utils/2.4.0-b34/hk2-utils-2.4.0-b34.jar:/home/alex/.m2/repository/org/glassfish/hk2/external/aopalliance-repackaged/2.4.0-b34/aopalliance-repackaged-2.4.0-b34.jar:/home/alex/.m2/repository/org/glassfish/hk2/external/javax.inject/2.4.0-b34/javax.inject-2.4.0-b34.jar:/home/alex/.m2/repository/org/glassfish/hk2/hk2-locator/2.4.0-b34/hk2-locator-2.4.0-b34.jar:/home/alex/.m2/repository/javax/validation/validation-api/1.1.0.Final/validation-api-1.1.0.Final.jar:/home/alex/.m2/repository/org/glassfish/jersey/containers/jersey-container-servlet-core/2.22.2/jersey-container-servlet-core-2.22.2.jar:/home/alex/.m2/repository/org/hamcrest/hamcrest-all/1.3/hamcrest-all-1.3.jar:/home/alex/.m2/repository/org/powermock/powermock-module-junit4/2.0.2/powermock-module-junit4-2.0.2.jar:/home/alex/.m2/repository/org/powermock/powermock-module-junit4-common/2.0.2/powermock-module-junit4-common-2.0.2.jar:/home/alex/.m2/repository/org/powermock/powermock-reflect/2.0.2/powermock-reflect-2.0.2.jar:/home/alex/.m2/repository/org/powermock/powermock-core/2.0.2/powermock-core-2.0.2.jar:/home/alex/.m2/repository/org/powermock/powermock-api-mockito2/2.0.2/powermock-api-mockito2-2.0.2.jar:/home/alex/.m2/repository/org/powermock/powermock-api-support/2.0.2/powermock-api-support-2.0.2.jar:/home/alex/.m2/repository/com/google/guava/guava-testlib/19.0/guava-testlib-19.0.jar:/home/alex/.m2/repository/com/google/errorprone/error_prone_annotations/2.0.2/error_prone_annotations-2.0.2.jar:/home/alex/.m2/repository/com/google/re2j/re2j/1.2/re2j-1.2.jar:/home/alex/.m2/repository/org/reflections/reflections/0.9.10/reflections-0.9.10.jar:/home/alex/.m2/repository/org/javassist/javassist/3.19.0-GA/javassist-3.19.0-GA.jar:/home/alex/.m2/repository/com/jayway/jsonpath/json-path/2.4.0/json-path-2.4.0.jar:/home/alex/.m2/repository/net/minidev/json-smart/2.3/json-smart-2.3.jar:/home/alex/.m2/repository/net/minidev/accessors-smart/1.2/accessors-smart-1.2.jar:/home/alex/.m2/repository/org/ow2/asm/asm/5.0.4/asm-5.0.4.jar:/home/alex/.m2/repository/org/codehaus/janino/commons-compiler/3.0.11/commons-compiler-3.0.11.jar:/home/alex/.m2/repository/org/codehaus/janino/janino/3.0.11/janino-3.0.11.jar:/home/alex/.m2/repository/com/sun/jersey/contribs/jersey-multipart/1.19/jersey-multipart-1.19.jar:/home/alex/.m2/repository/org/jvnet/mimepull/mimepull/1.9.3/mimepull-1.9.3.jar:/home/alex/.m2/repository/org/apache/kafka/kafka-clients/2.5.0/kafka-clients-2.5.0.jar:/home/alex/.m2/repository/org/slf4j/slf4j-api/1.7.30/slf4j-api-1.7.30.jar:/home/alex/.m2/repository/org/mockito/mockito-core/3.4.4/mockito-core-3.4.4.jar:/home/alex/.m2/repository/net/bytebuddy/byte-buddy/1.10.13/byte-buddy-1.10.13.jar:/home/alex/.m2/repository/net/bytebuddy/byte-buddy-agent/1.10.13/byte-buddy-agent-1.10.13.jar:/home/alex/Repositories/hive/ql/target/testconf:/home/alex/Repositories/hive/ql/../conf:"/>
    <property name="java.vm.vendor" value="Private Build"/>
    <property name="hadoop.version" value="3.1.0"/>
    <property name="user.timezone" value="US/Pacific"/>
    <property name="test.local.warehouse.dir" value="pfile:///home/alex/Repositories/hive/ql/target/localfs/warehouse"/>
    <property name="os.name" value="Linux"/>
    <property name="java.vm.specification.version" value="1.8"/>
    <property name="test.build.data" value="/home/alex/Repositories/hive/ql/target/tmp"/>
    <property name="clustermode" value=""/>
    <property name="sun.java.launcher" value="SUN_STANDARD"/>
    <property name="user.country" value="US"/>
    <property name="test.data.files" value="/home/alex/Repositories/hive/ql/../data/files"/>
    <property name="nondexLogging" value="CONFIG"/>
    <property name="surefire.test.class.path" value="/home/alex/Repositories/hive/ql/target/test-classes:/home/alex/Repositories/hive/ql/target/classes:/home/alex/.m2/repository/org/apache/atlas/atlas-client-v2/2.1.0/atlas-client-v2-2.1.0.jar:/home/alex/.m2/repository/cglib/cglib/2.2.2/cglib-2.2.2.jar:/home/alex/.m2/repository/asm/asm/3.3.1/asm-3.3.1.jar:/home/alex/.m2/repository/org/apache/atlas/atlas-client-common/2.1.0/atlas-client-common-2.1.0.jar:/home/alex/.m2/repository/org/apache/httpcomponents/httpclient/4.5.13/httpclient-4.5.13.jar:/home/alex/.m2/repository/com/sun/jersey/jersey-client/1.19/jersey-client-1.19.jar:/home/alex/.m2/repository/org/apache/atlas/atlas-intg/2.1.0/atlas-intg-2.1.0.jar:/home/alex/.m2/repository/commons-collections/commons-collections/3.2.2/commons-collections-3.2.2.jar:/home/alex/.m2/repository/commons-validator/commons-validator/1.6/commons-validator-1.6.jar:/home/alex/.m2/repository/commons-digester/commons-digester/1.8.1/commons-digester-1.8.1.jar:/home/alex/.m2/repository/com/fasterxml/jackson/jaxrs/jackson-jaxrs-base/2.12.0/jackson-jaxrs-base-2.12.0.jar:/home/alex/.m2/repository/com/fasterxml/jackson/jaxrs/jackson-jaxrs-json-provider/2.12.0/jackson-jaxrs-json-provider-2.12.0.jar:/home/alex/.m2/repository/javax/inject/javax.inject/1/javax.inject-1.jar:/home/alex/.m2/repository/org/springframework/spring-context/4.3.20.RELEASE/spring-context-4.3.20.RELEASE.jar:/home/alex/.m2/repository/org/springframework/spring-aop/4.3.20.RELEASE/spring-aop-4.3.20.RELEASE.jar:/home/alex/.m2/repository/org/springframework/spring-beans/4.3.20.RELEASE/spring-beans-4.3.20.RELEASE.jar:/home/alex/.m2/repository/org/springframework/spring-core/4.3.20.RELEASE/spring-core-4.3.20.RELEASE.jar:/home/alex/.m2/repository/org/springframework/spring-expression/4.3.20.RELEASE/spring-expression-4.3.20.RELEASE.jar:/home/alex/.m2/repository/commons-configuration/commons-configuration/1.10/commons-configuration-1.10.jar:/home/alex/.m2/repository/commons-lang/commons-lang/2.6/commons-lang-2.6.jar:/home/alex/.m2/repository/commons-logging/commons-logging/1.1.1/commons-logging-1.1.1.jar:/home/alex/.m2/repository/org/apache/commons/commons-math3/3.6.1/commons-math3-3.6.1.jar:/home/alex/Repositories/hive/vector-code-gen/target/classes:/home/alex/.m2/repository/org/apache/velocity/velocity/1.5/velocity-1.5.jar:/home/alex/Repositories/hive/common/target/classes:/home/alex/Repositories/hive/classification/target/classes:/home/alex/Repositories/hive/standalone-metastore/metastore-common/target/classes:/home/alex/.m2/repository/commons-cli/commons-cli/1.4/commons-cli-1.4.jar:/home/alex/.m2/repository/org/apache/orc/orc-core/1.6.9/orc-core-1.6.9.jar:/home/alex/.m2/repository/org/apache/orc/orc-shims/1.6.9/orc-shims-1.6.9.jar:/home/alex/.m2/repository/io/airlift/aircompressor/0.19/aircompressor-0.19.jar:/home/alex/.m2/repository/org/jetbrains/annotations/17.0.0/annotations-17.0.0.jar:/home/alex/.m2/repository/org/threeten/threeten-extra/1.5.0/threeten-extra-1.5.0.jar:/home/alex/.m2/repository/jline/jline/2.14.6/jline-2.14.6.jar:/home/alex/.m2/repository/javax/servlet/javax.servlet-api/3.1.0/javax.servlet-api-3.1.0.jar:/home/alex/.m2/repository/org/eclipse/jetty/jetty-http/9.3.27.v20190418/jetty-http-9.3.27.v20190418.jar:/home/alex/.m2/repository/org/eclipse/jetty/jetty-rewrite/9.3.27.v20190418/jetty-rewrite-9.3.27.v20190418.jar:/home/alex/.m2/repository/org/eclipse/jetty/jetty-client/9.3.27.v20190418/jetty-client-9.3.27.v20190418.jar:/home/alex/.m2/repository/org/eclipse/jetty/jetty-server/9.3.27.v20190418/jetty-server-9.3.27.v20190418.jar:/home/alex/.m2/repository/org/eclipse/jetty/jetty-io/9.3.27.v20190418/jetty-io-9.3.27.v20190418.jar:/home/alex/.m2/repository/org/eclipse/jetty/jetty-servlet/9.3.27.v20190418/jetty-servlet-9.3.27.v20190418.jar:/home/alex/.m2/repository/org/eclipse/jetty/jetty-security/9.3.27.v20190418/jetty-security-9.3.27.v20190418.jar:/home/alex/.m2/repository/org/eclipse/jetty/jetty-webapp/9.3.27.v20190418/jetty-webapp-9.3.27.v20190418.jar:/home/alex/.m2/repository/org/eclipse/jetty/jetty-xml/9.3.27.v20190418/jetty-xml-9.3.27.v20190418.jar:/home/alex/.m2/repository/joda-time/joda-time/2.9.9/joda-time-2.9.9.jar:/home/alex/.m2/repository/org/apache/logging/log4j/log4j-web/2.13.2/log4j-web-2.13.2.jar:/home/alex/.m2/repository/net/sf/jpam/jpam/1.1/jpam-1.1.jar:/home/alex/.m2/repository/io/dropwizard/metrics/metrics-core/3.1.0/metrics-core-3.1.0.jar:/home/alex/.m2/repository/io/dropwizard/metrics/metrics-jvm/3.1.0/metrics-jvm-3.1.0.jar:/home/alex/.m2/repository/io/dropwizard/metrics/metrics-json/3.1.0/metrics-json-3.1.0.jar:/home/alex/.m2/repository/com/github/joshelser/dropwizard-metrics-hadoop-metrics2-reporter/0.1.2/dropwizard-metrics-hadoop-metrics2-reporter-0.1.2.jar:/home/alex/Repositories/hive/metastore/target/classes:/home/alex/.m2/repository/org/apache/derby/derby/10.14.1.0/derby-10.14.1.0.jar:/home/alex/Repositories/hive/serde/target/classes:/home/alex/.m2/repository/com/google/code/findbugs/jsr305/3.0.0/jsr305-3.0.0.jar:/home/alex/.m2/repository/org/apache/arrow/arrow-vector/0.15.1/arrow-vector-0.15.1.jar:/home/alex/.m2/repository/org/apache/arrow/arrow-format/0.15.1/arrow-format-0.15.1.jar:/home/alex/.m2/repository/org/apache/arrow/arrow-memory/0.15.1/arrow-memory-0.15.1.jar:/home/alex/.m2/repository/com/google/flatbuffers/flatbuffers-java/1.9.0/flatbuffers-java-1.9.0.jar:/home/alex/.m2/repository/com/carrotsearch/hppc/0.7.2/hppc-0.7.2.jar:/home/alex/.m2/repository/com/github/davidmoten/flatbuffers-java/1.6.0.1/flatbuffers-java-1.6.0.1.jar:/home/alex/Repositories/hive/parser/target/classes:/home/alex/Repositories/hive/udf/target/classes:/home/alex/Repositories/hive/service-rpc/target/classes:/home/alex/Repositories/hive/llap-client/target/classes:/home/alex/Repositories/hive/llap-common/target/classes:/home/alex/.m2/repository/io/jsonwebtoken/jjwt-api/0.10.5/jjwt-api-0.10.5.jar:/home/alex/.m2/repository/io/jsonwebtoken/jjwt-impl/0.10.5/jjwt-impl-0.10.5.jar:/home/alex/.m2/repository/io/jsonwebtoken/jjwt-jackson/0.10.5/jjwt-jackson-0.10.5.jar:/home/alex/Repositories/hive/llap-tez/target/classes:/home/alex/Repositories/hive/shims/aggregator/target/classes:/home/alex/Repositories/hive/shims/common/target/classes:/home/alex/Repositories/hive/shims/0.23/target/classes:/home/alex/.m2/repository/org/apache/hadoop/hadoop-yarn-server-resourcemanager/3.1.0/hadoop-yarn-server-resourcemanager-3.1.0.jar:/home/alex/.m2/repository/org/apache/hadoop/hadoop-yarn-server-applicationhistoryservice/3.1.0/hadoop-yarn-server-applicationhistoryservice-3.1.0.jar:/home/alex/.m2/repository/de/ruedigermoeller/fst/2.50/fst-2.50.jar:/home/alex/.m2/repository/com/cedarsoftware/java-util/1.9.0/java-util-1.9.0.jar:/home/alex/.m2/repository/com/cedarsoftware/json-io/2.5.1/json-io-2.5.1.jar:/home/alex/Repositories/hive/shims/scheduler/target/classes:/home/alex/Repositories/hive/spark-client/target/classes:/home/alex/.m2/repository/io/netty/netty-all/4.1.65.Final/netty-all-4.1.65.Final.jar:/home/alex/.m2/repository/com/fasterxml/jackson/module/jackson-module-scala_2.12/2.12.0/jackson-module-scala_2.12-2.12.0.jar:/home/alex/.m2/repository/org/apache/spark/spark-yarn_2.12/2.4.5/spark-yarn_2.12-2.4.5.jar:/home/alex/Repositories/hive/storage-api/target/classes:/home/alex/.m2/repository/com/amazonaws/aws-java-sdk-bundle/1.11.901/aws-java-sdk-bundle-1.11.901.jar:/home/alex/.m2/repository/com/amazonaws/secretsmanager/aws-secretsmanager-caching-java/1.0.1/aws-secretsmanager-caching-java-1.0.1.jar:/home/alex/.m2/repository/com/esotericsoftware/kryo/5.0.3/kryo-5.0.3.jar:/home/alex/.m2/repository/org/objenesis/objenesis/3.1/objenesis-3.1.jar:/home/alex/.m2/repository/com/esotericsoftware/minlog/1.3.1/minlog-1.3.1.jar:/home/alex/.m2/repository/com/esotericsoftware/reflectasm/1.11.9/reflectasm-1.11.9.jar:/home/alex/.m2/repository/com/google/protobuf/protobuf-java/2.5.0/protobuf-java-2.5.0.jar:/home/alex/.m2/repository/org/apache/hbase/hbase-common/2.0.0-alpha4/hbase-common-2.0.0-alpha4.jar:/home/alex/.m2/repository/org/apache/hbase/thirdparty/hbase-shaded-miscellaneous/1.0.1/hbase-shaded-miscellaneous-1.0.1.jar:/home/alex/.m2/repository/org/apache/htrace/htrace-core/3.2.0-incubating/htrace-core-3.2.0-incubating.jar:/home/alex/.m2/repository/org/apache/commons/commons-crypto/1.0.0/commons-crypto-1.0.0.jar:/home/alex/.m2/repository/com/github/stephenc/findbugs/findbugs-annotations/1.3.9-1/findbugs-annotations-1.3.9-1.jar:/home/alex/.m2/repository/log4j/log4j/1.2.17/log4j-1.2.17.jar:/home/alex/.m2/repository/org/apache/yetus/audience-annotations/0.5.0/audience-annotations-0.5.0.jar:/home/alex/.m2/repository/org/apache/parquet/parquet-hadoop-bundle/1.11.1/parquet-hadoop-bundle-1.11.1.jar:/home/alex/.m2/repository/commons-codec/commons-codec/1.15/commons-codec-1.15.jar:/home/alex/.m2/repository/commons-io/commons-io/2.6/commons-io-2.6.jar:/home/alex/.m2/repository/org/apache/commons/commons-collections4/4.1/commons-collections4-4.1.jar:/home/alex/.m2/repository/org/apache/commons/commons-lang3/3.9/commons-lang3-3.9.jar:/home/alex/.m2/repository/org/apache/commons/commons-text/1.8/commons-text-1.8.jar:/home/alex/.m2/repository/javolution/javolution/5.5.1/javolution-5.5.1.jar:/home/alex/.m2/repository/org/apache/logging/log4j/log4j-1.2-api/2.13.2/log4j-1.2-api-2.13.2.jar:/home/alex/.m2/repository/org/apache/logging/log4j/log4j-api/2.13.2/log4j-api-2.13.2.jar:/home/alex/.m2/repository/org/apache/logging/log4j/log4j-core/2.13.2/log4j-core-2.13.2.jar:/home/alex/.m2/repository/org/apache/logging/log4j/log4j-slf4j-impl/2.13.2/log4j-slf4j-impl-2.13.2.jar:/home/alex/.m2/repository/org/antlr/antlr-runtime/3.5.2/antlr-runtime-3.5.2.jar:/home/alex/.m2/repository/org/antlr/ST4/4.0.4/ST4-4.0.4.jar:/home/alex/.m2/repository/org/apache/avro/avro/1.8.2/avro-1.8.2.jar:/home/alex/.m2/repository/org/codehaus/jackson/jackson-core-asl/1.9.13/jackson-core-asl-1.9.13.jar:/home/alex/.m2/repository/org/codehaus/jackson/jackson-mapper-asl/1.9.13/jackson-mapper-asl-1.9.13.jar:/home/alex/.m2/repository/com/thoughtworks/paranamer/paranamer/2.8/paranamer-2.8.jar:/home/alex/.m2/repository/org/xerial/snappy/snappy-java/1.1.4/snappy-java-1.1.4.jar:/home/alex/.m2/repository/org/tukaani/xz/1.5/xz-1.5.jar:/home/alex/.m2/repository/org/apache/avro/avro-mapred/1.8.2/avro-mapred-1.8.2-hadoop2.jar:/home/alex/.m2/repository/org/apache/avro/avro-ipc/1.8.2/avro-ipc-1.8.2.jar:/home/alex/.m2/repository/org/mortbay/jetty/jetty/6.1.26/jetty-6.1.26.jar:/home/alex/.m2/repository/org/apache/ant/ant/1.9.1/ant-1.9.1.jar:/home/alex/.m2/repository/org/apache/ant/ant-launcher/1.9.1/ant-launcher-1.9.1.jar:/home/alex/.m2/repository/org/apache/commons/commons-compress/1.21/commons-compress-1.21.jar:/home/alex/.m2/repository/org/apache/thrift/libfb303/0.9.3/libfb303-0.9.3.jar:/home/alex/.m2/repository/org/apache/hadoop/hadoop-common/3.1.0/hadoop-common-3.1.0.jar:/home/alex/.m2/repository/org/apache/hadoop/hadoop-annotations/3.1.0/hadoop-annotations-3.1.0.jar:/home/alex/.m2/repository/commons-net/commons-net/3.6/commons-net-3.6.jar:/home/alex/.m2/repository/org/eclipse/jetty/jetty-util/9.3.27.v20190418/jetty-util-9.3.27.v20190418.jar:/home/alex/.m2/repository/javax/servlet/jsp/jsp-api/2.1/jsp-api-2.1.jar:/home/alex/.m2/repository/com/sun/jersey/jersey-core/1.19/jersey-core-1.19.jar:/home/alex/.m2/repository/javax/ws/rs/jsr311-api/1.1.1/jsr311-api-1.1.1.jar:/home/alex/.m2/repository/com/sun/jersey/jersey-json/1.19/jersey-json-1.19.jar:/home/alex/.m2/repository/com/sun/xml/bind/jaxb-impl/2.2.3-1/jaxb-impl-2.2.3-1.jar:/home/alex/.m2/repository/org/codehaus/jackson/jackson-jaxrs/1.9.2/jackson-jaxrs-1.9.2.jar:/home/alex/.m2/repository/org/codehaus/jackson/jackson-xc/1.9.2/jackson-xc-1.9.2.jar:/home/alex/.m2/repository/com/sun/jersey/jersey-server/1.19/jersey-server-1.19.jar:/home/alex/.m2/repository/org/apache/commons/commons-configuration2/2.1.1/commons-configuration2-2.1.1.jar:/home/alex/.m2/repository/org/apache/hadoop/hadoop-auth/3.1.0/hadoop-auth-3.1.0.jar:/home/alex/.m2/repository/com/nimbusds/nimbus-jose-jwt/4.41.1/nimbus-jose-jwt-4.41.1.jar:/home/alex/.m2/repository/com/github/stephenc/jcip/jcip-annotations/1.0-1/jcip-annotations-1.0-1.jar:/home/alex/.m2/repository/com/jcraft/jsch/0.1.54/jsch-0.1.54.jar:/home/alex/.m2/repository/org/apache/htrace/htrace-core4/4.1.0-incubating/htrace-core4-4.1.0-incubating.jar:/home/alex/.m2/repository/org/apache/kerby/kerb-simplekdc/1.0.1/kerb-simplekdc-1.0.1.jar:/home/alex/.m2/repository/org/apache/kerby/kerb-client/1.0.1/kerb-client-1.0.1.jar:/home/alex/.m2/repository/org/apache/kerby/kerby-config/1.0.1/kerby-config-1.0.1.jar:/home/alex/.m2/repository/org/apache/kerby/kerb-core/1.0.1/kerb-core-1.0.1.jar:/home/alex/.m2/repository/org/apache/kerby/kerby-pkix/1.0.1/kerby-pkix-1.0.1.jar:/home/alex/.m2/repository/org/apache/kerby/kerby-asn1/1.0.1/kerby-asn1-1.0.1.jar:/home/alex/.m2/repository/org/apache/kerby/kerby-util/1.0.1/kerby-util-1.0.1.jar:/home/alex/.m2/repository/org/apache/kerby/kerb-common/1.0.1/kerb-common-1.0.1.jar:/home/alex/.m2/repository/org/apache/kerby/kerb-crypto/1.0.1/kerb-crypto-1.0.1.jar:/home/alex/.m2/repository/org/apache/kerby/kerb-util/1.0.1/kerb-util-1.0.1.jar:/home/alex/.m2/repository/org/apache/kerby/token-provider/1.0.1/token-provider-1.0.1.jar:/home/alex/.m2/repository/org/apache/kerby/kerb-admin/1.0.1/kerb-admin-1.0.1.jar:/home/alex/.m2/repository/org/apache/kerby/kerb-server/1.0.1/kerb-server-1.0.1.jar:/home/alex/.m2/repository/org/apache/kerby/kerb-identity/1.0.1/kerb-identity-1.0.1.jar:/home/alex/.m2/repository/org/apache/kerby/kerby-xdr/1.0.1/kerby-xdr-1.0.1.jar:/home/alex/.m2/repository/org/codehaus/woodstox/stax2-api/3.1.4/stax2-api-3.1.4.jar:/home/alex/.m2/repository/com/fasterxml/woodstox/woodstox-core/5.0.3/woodstox-core-5.0.3.jar:/home/alex/.m2/repository/org/apache/hadoop/hadoop-archives/3.1.0/hadoop-archives-3.1.0.jar:/home/alex/.m2/repository/org/apache/hadoop/hadoop-yarn-registry/3.1.0/hadoop-yarn-registry-3.1.0.jar:/home/alex/.m2/repository/org/apache/curator/curator-client/4.2.0/curator-client-4.2.0.jar:/home/alex/.m2/repository/org/apache/curator/curator-recipes/4.2.0/curator-recipes-4.2.0.jar:/home/alex/.m2/repository/commons-daemon/commons-daemon/1.0.13/commons-daemon-1.0.13.jar:/home/alex/.m2/repository/dnsjava/dnsjava/2.1.7/dnsjava-2.1.7.jar:/home/alex/.m2/repository/org/apache/hadoop/hadoop-mapreduce-client-core/3.1.0/hadoop-mapreduce-client-core-3.1.0.jar:/home/alex/.m2/repository/org/apache/hadoop/hadoop-hdfs-client/3.1.0/hadoop-hdfs-client-3.1.0.jar:/home/alex/.m2/repository/com/squareup/okhttp/okhttp/2.7.5/okhttp-2.7.5.jar:/home/alex/.m2/repository/com/squareup/okio/okio/1.6.0/okio-1.6.0.jar:/home/alex/.m2/repository/com/google/inject/extensions/guice-servlet/4.0/guice-servlet-4.0.jar:/home/alex/.m2/repository/org/apache/hadoop/hadoop-mapreduce-client-common/3.1.0/hadoop-mapreduce-client-common-3.1.0.jar:/home/alex/.m2/repository/org/apache/hadoop/hadoop-hdfs/3.1.0/hadoop-hdfs-3.1.0.jar:/home/alex/.m2/repository/org/eclipse/jetty/jetty-util-ajax/9.3.19.v20170502/jetty-util-ajax-9.3.19.v20170502.jar:/home/alex/.m2/repository/org/fusesource/leveldbjni/leveldbjni-all/1.8/leveldbjni-all-1.8.jar:/home/alex/.m2/repository/org/apache/hadoop/hadoop-yarn-api/3.1.0/hadoop-yarn-api-3.1.0.jar:/home/alex/.m2/repository/javax/xml/bind/jaxb-api/2.2.11/jaxb-api-2.2.11.jar:/home/alex/.m2/repository/org/apache/hadoop/hadoop-yarn-common/3.1.0/hadoop-yarn-common-3.1.0.jar:/home/alex/.m2/repository/com/google/inject/guice/4.0/guice-4.0.jar:/home/alex/.m2/repository/aopalliance/aopalliance/1.0/aopalliance-1.0.jar:/home/alex/.m2/repository/com/sun/jersey/contribs/jersey-guice/1.19/jersey-guice-1.19.jar:/home/alex/.m2/repository/com/fasterxml/jackson/module/jackson-module-jaxb-annotations/2.12.0/jackson-module-jaxb-annotations-2.12.0.jar:/home/alex/.m2/repository/jakarta/xml/bind/jakarta.xml.bind-api/2.3.2/jakarta.xml.bind-api-2.3.2.jar:/home/alex/.m2/repository/jakarta/activation/jakarta.activation-api/1.2.1/jakarta.activation-api-1.2.1.jar:/home/alex/.m2/repository/org/apache/hadoop/hadoop-yarn-client/3.1.0/hadoop-yarn-client-3.1.0.jar:/home/alex/.m2/repository/org/apache/orc/orc-tools/1.6.9/orc-tools-1.6.9.jar:/home/alex/.m2/repository/com/opencsv/opencsv/3.9/opencsv-3.9.jar:/home/alex/.m2/repository/org/codehaus/jettison/jettison/1.1/jettison-1.1.jar:/home/alex/.m2/repository/org/threeten/threetenbp/1.3.5/threetenbp-1.3.5.jar:/home/alex/.m2/repository/org/apache/ivy/ivy/2.4.0/ivy-2.4.0.jar:/home/alex/.m2/repository/org/apache/thrift/libthrift/0.14.1/libthrift-0.14.1.jar:/home/alex/.m2/repository/org/apache/httpcomponents/httpcore/4.4.13/httpcore-4.4.13.jar:/home/alex/.m2/repository/org/apache/tomcat/embed/tomcat-embed-core/8.5.46/tomcat-embed-core-8.5.46.jar:/home/alex/.m2/repository/org/apache/tomcat/tomcat-annotations-api/8.5.46/tomcat-annotations-api-8.5.46.jar:/home/alex/.m2/repository/javax/annotation/javax.annotation-api/1.3.2/javax.annotation-api-1.3.2.jar:/home/alex/.m2/repository/org/apache/zookeeper/zookeeper/3.5.5/zookeeper-3.5.5.jar:/home/alex/.m2/repository/org/apache/zookeeper/zookeeper-jute/3.5.5/zookeeper-jute-3.5.5.jar:/home/alex/.m2/repository/org/apache/curator/curator-framework/4.2.0/curator-framework-4.2.0.jar:/home/alex/.m2/repository/org/apache/curator/curator-test/4.2.0/curator-test-4.2.0.jar:/home/alex/.m2/repository/org/apache/datasketches/datasketches-hive/1.1.0-incubating/datasketches-hive-1.1.0-incubating.jar:/home/alex/.m2/repository/org/apache/datasketches/datasketches-java/1.3.0-incubating/datasketches-java-1.3.0-incubating.jar:/home/alex/.m2/repository/org/apache/datasketches/datasketches-memory/1.2.0-incubating/datasketches-memory-1.2.0-incubating.jar:/home/alex/.m2/repository/org/slf4j/slf4j-simple/1.7.27/slf4j-simple-1.7.27.jar:/home/alex/.m2/repository/com/lmax/disruptor/3.3.7/disruptor-3.3.7.jar:/home/alex/.m2/repository/org/codehaus/groovy/groovy-all/2.4.11/groovy-all-2.4.11.jar:/home/alex/.m2/repository/org/jodd/jodd-util/6.0.0/jodd-util-6.0.0.jar:/home/alex/.m2/repository/com/fasterxml/jackson/core/jackson-annotations/2.12.0/jackson-annotations-2.12.0.jar:/home/alex/.m2/repository/com/fasterxml/jackson/core/jackson-core/2.12.0/jackson-core-2.12.0.jar:/home/alex/.m2/repository/com/fasterxml/jackson/core/jackson-databind/2.12.0/jackson-databind-2.12.0.jar:/home/alex/.m2/repository/com/fasterxml/jackson/dataformat/jackson-dataformat-yaml/2.12.0/jackson-dataformat-yaml-2.12.0.jar:/home/alex/.m2/repository/org/yaml/snakeyaml/1.27/snakeyaml-1.27.jar:/home/alex/.m2/repository/org/datanucleus/datanucleus-core/5.2.4/datanucleus-core-5.2.4.jar:/home/alex/.m2/repository/org/apache/calcite/calcite-core/1.25.0/calcite-core-1.25.0.jar:/home/alex/.m2/repository/org/apache/calcite/calcite-linq4j/1.25.0/calcite-linq4j-1.25.0.jar:/home/alex/.m2/repository/org/apiguardian/apiguardian-api/1.1.0/apiguardian-api-1.1.0.jar:/home/alex/.m2/repository/com/esri/geometry/esri-geometry-api/2.2.0/esri-geometry-api-2.2.0.jar:/home/alex/.m2/repository/com/yahoo/datasketches/sketches-core/0.9.0/sketches-core-0.9.0.jar:/home/alex/.m2/repository/com/yahoo/datasketches/memory/0.9.0/memory-0.9.0.jar:/home/alex/.m2/repository/org/apache/commons/commons-dbcp2/2.7.0/commons-dbcp2-2.7.0.jar:/home/alex/.m2/repository/org/apache/commons/commons-pool2/2.7.0/commons-pool2-2.7.0.jar:/home/alex/.m2/repository/org/apache/calcite/calcite-druid/1.25.0/calcite-druid-1.25.0.jar:/home/alex/.m2/repository/org/apache/calcite/avatica/avatica/1.12.0/avatica-1.12.0.jar:/home/alex/.m2/repository/com/google/guava/guava/19.0/guava-19.0.jar:/home/alex/.m2/repository/com/googlecode/javaewah/JavaEWAH/0.3.2/JavaEWAH-0.3.2.jar:/home/alex/.m2/repository/com/google/code/gson/gson/2.2.4/gson-2.2.4.jar:/home/alex/.m2/repository/com/tdunning/json/1.8/json-1.8.jar:/home/alex/.m2/repository/stax/stax-api/1.0.1/stax-api-1.0.1.jar:/home/alex/.m2/repository/net/sf/opencsv/opencsv/2.3/opencsv-2.3.jar:/home/alex/Repositories/hive/standalone-metastore/metastore-server/target/classes:/home/alex/.m2/repository/com/zaxxer/HikariCP/2.6.1/HikariCP-2.6.1.jar:/home/alex/.m2/repository/commons-beanutils/commons-beanutils/1.9.4/commons-beanutils-1.9.4.jar:/home/alex/.m2/repository/org/datanucleus/datanucleus-api-jdo/5.2.4/datanucleus-api-jdo-5.2.4.jar:/home/alex/.m2/repository/org/datanucleus/datanucleus-rdbms/5.2.4/datanucleus-rdbms-5.2.4.jar:/home/alex/.m2/repository/org/datanucleus/javax.jdo/3.2.0-release/javax.jdo-3.2.0-release.jar:/home/alex/.m2/repository/javax/transaction/javax.transaction-api/1.3/javax.transaction-api-1.3.jar:/home/alex/.m2/repository/org/glassfish/corba/glassfish-corba-omgapi/4.2.2/glassfish-corba-omgapi-4.2.2.jar:/home/alex/.m2/repository/sqlline/sqlline/1.9.0/sqlline-1.9.0.jar:/home/alex/.m2/repository/org/jline/jline-terminal/3.12.1/jline-terminal-3.12.1.jar:/home/alex/.m2/repository/org/jline/jline-reader/3.12.1/jline-reader-3.12.1.jar:/home/alex/.m2/repository/org/jline/jline-terminal-jansi/3.12.1/jline-terminal-jansi-3.12.1.jar:/home/alex/.m2/repository/org/fusesource/jansi/jansi/1.18/jansi-1.18.jar:/home/alex/.m2/repository/org/jline/jline-terminal-jna/3.12.1/jline-terminal-jna-3.12.1.jar:/home/alex/.m2/repository/net/java/dev/jna/jna/5.3.1/jna-5.3.1.jar:/home/alex/.m2/repository/org/jline/jline-builtins/3.12.1/jline-builtins-3.12.1.jar:/home/alex/.m2/repository/org/jline/jline-style/3.12.1/jline-style-3.12.1.jar:/home/alex/.m2/repository/com/cronutils/cron-utils/9.1.3/cron-utils-9.1.3.jar:/home/alex/.m2/repository/org/glassfish/javax.el/3.0.0/javax.el-3.0.0.jar:/home/alex/.m2/repository/com/oracle/database/jdbc/ojdbc8/21.3.0.0/ojdbc8-21.3.0.0.jar:/home/alex/.m2/repository/mysql/mysql-connector-java/8.0.27/mysql-connector-java-8.0.27.jar:/home/alex/.m2/repository/com/microsoft/sqlserver/mssql-jdbc/6.2.1.jre8/mssql-jdbc-6.2.1.jre8.jar:/home/alex/.m2/repository/org/postgresql/postgresql/42.2.14/postgresql-42.2.14.jar:/home/alex/Repositories/hive/common/target/test-classes:/home/alex/Repositories/hive/standalone-metastore/metastore-common/target/test-classes:/home/alex/.m2/repository/com/github/ben-manes/caffeine/caffeine/2.8.4/caffeine-2.8.4.jar:/home/alex/.m2/repository/org/checkerframework/checker-qual/3.4.0/checker-qual-3.4.0.jar:/home/alex/Repositories/hive/standalone-metastore/metastore-server/target/test-classes:/home/alex/.m2/repository/org/apache/parquet/parquet-column/1.11.1/parquet-column-1.11.1-tests.jar:/home/alex/.m2/repository/org/apache/parquet/parquet-common/1.11.1/parquet-common-1.11.1.jar:/home/alex/.m2/repository/org/apache/parquet/parquet-format-structures/1.11.1/parquet-format-structures-1.11.1.jar:/home/alex/.m2/repository/org/apache/parquet/parquet-encoding/1.11.1/parquet-encoding-1.11.1.jar:/home/alex/.m2/repository/junit/junit/4.13/junit-4.13.jar:/home/alex/.m2/repository/org/hamcrest/hamcrest-core/1.3/hamcrest-core-1.3.jar:/home/alex/.m2/repository/org/junit/jupiter/junit-jupiter-engine/5.6.2/junit-jupiter-engine-5.6.2.jar:/home/alex/.m2/repository/org/junit/platform/junit-platform-engine/1.6.2/junit-platform-engine-1.6.2.jar:/home/alex/.m2/repository/org/opentest4j/opentest4j/1.2.0/opentest4j-1.2.0.jar:/home/alex/.m2/repository/org/junit/platform/junit-platform-commons/1.6.2/junit-platform-commons-1.6.2.jar:/home/alex/.m2/repository/org/junit/jupiter/junit-jupiter-api/5.6.2/junit-jupiter-api-5.6.2.jar:/home/alex/.m2/repository/org/junit/jupiter/junit-jupiter-params/5.6.2/junit-jupiter-params-5.6.2.jar:/home/alex/.m2/repository/org/junit/vintage/junit-vintage-engine/5.6.2/junit-vintage-engine-5.6.2.jar:/home/alex/.m2/repository/org/apache/tez/tez-api/0.10.1/tez-api-0.10.1.jar:/usr/lib/jvm/java-8-openjdk-amd64/jre/../lib/tools.jar:/home/alex/.m2/repository/org/apache/tez/tez-runtime-library/0.10.1/tez-runtime-library-0.10.1.jar:/home/alex/.m2/repository/org/roaringbitmap/RoaringBitmap/0.5.21/RoaringBitmap-0.5.21.jar:/home/alex/.m2/repository/org/asynchttpclient/async-http-client/2.12.1/async-http-client-2.12.1.jar:/home/alex/.m2/repository/org/asynchttpclient/async-http-client-netty-utils/2.12.1/async-http-client-netty-utils-2.12.1.jar:/home/alex/.m2/repository/io/netty/netty-buffer/4.1.48.Final/netty-buffer-4.1.48.Final.jar:/home/alex/.m2/repository/io/netty/netty-codec-http/4.1.48.Final/netty-codec-http-4.1.48.Final.jar:/home/alex/.m2/repository/io/netty/netty-common/4.1.48.Final/netty-common-4.1.48.Final.jar:/home/alex/.m2/repository/io/netty/netty-transport/4.1.48.Final/netty-transport-4.1.48.Final.jar:/home/alex/.m2/repository/io/netty/netty-codec/4.1.48.Final/netty-codec-4.1.48.Final.jar:/home/alex/.m2/repository/io/netty/netty-handler/4.1.48.Final/netty-handler-4.1.48.Final.jar:/home/alex/.m2/repository/io/netty/netty-resolver/4.1.48.Final/netty-resolver-4.1.48.Final.jar:/home/alex/.m2/repository/io/netty/netty-codec-socks/4.1.48.Final/netty-codec-socks-4.1.48.Final.jar:/home/alex/.m2/repository/io/netty/netty-handler-proxy/4.1.48.Final/netty-handler-proxy-4.1.48.Final.jar:/home/alex/.m2/repository/io/netty/netty-transport-native-epoll/4.1.48.Final/netty-transport-native-epoll-4.1.48.Final-linux-x86_64.jar:/home/alex/.m2/repository/io/netty/netty-transport-native-unix-common/4.1.48.Final/netty-transport-native-unix-common-4.1.48.Final.jar:/home/alex/.m2/repository/io/netty/netty-transport-native-kqueue/4.1.48.Final/netty-transport-native-kqueue-4.1.48.Final-osx-x86_64.jar:/home/alex/.m2/repository/org/reactivestreams/reactive-streams/1.0.3/reactive-streams-1.0.3.jar:/home/alex/.m2/repository/com/typesafe/netty/netty-reactive-streams/2.0.4/netty-reactive-streams-2.0.4.jar:/home/alex/.m2/repository/com/sun/activation/javax.activation/1.2.0/javax.activation-1.2.0.jar:/home/alex/.m2/repository/org/apache/tez/tez-common/0.10.1/tez-common-0.10.1.jar:/home/alex/.m2/repository/org/apache/tez/tez-runtime-internals/0.10.1/tez-runtime-internals-0.10.1.jar:/home/alex/.m2/repository/org/apache/tez/hadoop-shim/0.10.1/hadoop-shim-0.10.1.jar:/home/alex/.m2/repository/org/apache/tez/tez-mapreduce/0.10.1/tez-mapreduce-0.10.1.jar:/home/alex/.m2/repository/org/apache/tez/tez-dag/0.10.1/tez-dag-0.10.1.jar:/home/alex/.m2/repository/org/apache/hadoop/hadoop-yarn-server-web-proxy/3.1.0/hadoop-yarn-server-web-proxy-3.1.0.jar:/home/alex/.m2/repository/org/apache/hadoop/hadoop-yarn-server-common/3.1.0/hadoop-yarn-server-common-3.1.0.jar:/home/alex/.m2/repository/org/apache/geronimo/specs/geronimo-jcache_1.0_spec/1.0-alpha-1/geronimo-jcache_1.0_spec-1.0-alpha-1.jar:/home/alex/.m2/repository/org/ehcache/ehcache/3.3.1/ehcache-3.3.1.jar:/home/alex/.m2/repository/com/zaxxer/HikariCP-java7/2.4.12/HikariCP-java7-2.4.12.jar:/home/alex/.m2/repository/org/apache/spark/spark-core_2.12/2.4.5/spark-core_2.12-2.4.5.jar:/home/alex/.m2/repository/com/twitter/chill_2.12/0.9.3/chill_2.12-0.9.3.jar:/home/alex/.m2/repository/com/twitter/chill-java/0.9.3/chill-java-0.9.3.jar:/home/alex/.m2/repository/org/apache/xbean/xbean-asm6-shaded/4.8/xbean-asm6-shaded-4.8.jar:/home/alex/.m2/repository/org/apache/hadoop/hadoop-client/3.1.0/hadoop-client-3.1.0.jar:/home/alex/.m2/repository/org/apache/hadoop/hadoop-mapreduce-client-jobclient/3.1.0/hadoop-mapreduce-client-jobclient-3.1.0.jar:/home/alex/.m2/repository/org/apache/spark/spark-launcher_2.12/2.4.5/spark-launcher_2.12-2.4.5.jar:/home/alex/.m2/repository/org/apache/spark/spark-kvstore_2.12/2.4.5/spark-kvstore_2.12-2.4.5.jar:/home/alex/.m2/repository/org/apache/spark/spark-network-common_2.12/2.4.5/spark-network-common_2.12-2.4.5.jar:/home/alex/.m2/repository/org/apache/spark/spark-network-shuffle_2.12/2.4.5/spark-network-shuffle_2.12-2.4.5.jar:/home/alex/.m2/repository/org/apache/spark/spark-unsafe_2.12/2.4.5/spark-unsafe_2.12-2.4.5.jar:/home/alex/.m2/repository/javax/activation/activation/1.1.1/activation-1.1.1.jar:/home/alex/.m2/repository/org/slf4j/jul-to-slf4j/1.7.16/jul-to-slf4j-1.7.16.jar:/home/alex/.m2/repository/org/slf4j/jcl-over-slf4j/1.7.16/jcl-over-slf4j-1.7.16.jar:/home/alex/.m2/repository/com/ning/compress-lzf/1.0.3/compress-lzf-1.0.3.jar:/home/alex/.m2/repository/org/lz4/lz4-java/1.4.0/lz4-java-1.4.0.jar:/home/alex/.m2/repository/com/github/luben/zstd-jni/1.3.2-2/zstd-jni-1.3.2-2.jar:/home/alex/.m2/repository/org/scala-lang/scala-library/2.12.10/scala-library-2.12.10.jar:/home/alex/.m2/repository/org/json4s/json4s-jackson_2.12/3.5.3/json4s-jackson_2.12-3.5.3.jar:/home/alex/.m2/repository/org/json4s/json4s-core_2.12/3.5.3/json4s-core_2.12-3.5.3.jar:/home/alex/.m2/repository/org/json4s/json4s-ast_2.12/3.5.3/json4s-ast_2.12-3.5.3.jar:/home/alex/.m2/repository/org/json4s/json4s-scalap_2.12/3.5.3/json4s-scalap_2.12-3.5.3.jar:/home/alex/.m2/repository/org/scala-lang/modules/scala-xml_2.12/1.0.6/scala-xml_2.12-1.0.6.jar:/home/alex/.m2/repository/com/clearspring/analytics/stream/2.7.0/stream-2.7.0.jar:/home/alex/.m2/repository/io/dropwizard/metrics/metrics-graphite/3.1.5/metrics-graphite-3.1.5.jar:/home/alex/.m2/repository/oro/oro/2.0.8/oro-2.0.8.jar:/home/alex/.m2/repository/net/razorvine/pyrolite/4.13/pyrolite-4.13.jar:/home/alex/.m2/repository/net/sf/py4j/py4j/0.10.7/py4j-0.10.7.jar:/home/alex/.m2/repository/org/apache/spark/spark-tags_2.12/2.4.5/spark-tags_2.12-2.4.5.jar:/home/alex/.m2/repository/org/spark-project/spark/unused/1.0.0/unused-1.0.0.jar:/home/alex/.m2/repository/com/sun/jersey/jersey-servlet/1.19/jersey-servlet-1.19.jar:/home/alex/.m2/repository/org/glassfish/jersey/core/jersey-server/2.22.2/jersey-server-2.22.2.jar:/home/alex/.m2/repository/org/glassfish/jersey/core/jersey-common/2.22.2/jersey-common-2.22.2.jar:/home/alex/.m2/repository/org/glassfish/jersey/bundles/repackaged/jersey-guava/2.22.2/jersey-guava-2.22.2.jar:/home/alex/.m2/repository/org/glassfish/hk2/osgi-resource-locator/1.0.1/osgi-resource-locator-1.0.1.jar:/home/alex/.m2/repository/org/glassfish/jersey/core/jersey-client/2.22.2/jersey-client-2.22.2.jar:/home/alex/.m2/repository/javax/ws/rs/javax.ws.rs-api/2.0.1/javax.ws.rs-api-2.0.1.jar:/home/alex/.m2/repository/org/glassfish/jersey/media/jersey-media-jaxb/2.22.2/jersey-media-jaxb-2.22.2.jar:/home/alex/.m2/repository/org/glassfish/hk2/hk2-api/2.4.0-b34/hk2-api-2.4.0-b34.jar:/home/alex/.m2/repository/org/glassfish/hk2/hk2-utils/2.4.0-b34/hk2-utils-2.4.0-b34.jar:/home/alex/.m2/repository/org/glassfish/hk2/external/aopalliance-repackaged/2.4.0-b34/aopalliance-repackaged-2.4.0-b34.jar:/home/alex/.m2/repository/org/glassfish/hk2/external/javax.inject/2.4.0-b34/javax.inject-2.4.0-b34.jar:/home/alex/.m2/repository/org/glassfish/hk2/hk2-locator/2.4.0-b34/hk2-locator-2.4.0-b34.jar:/home/alex/.m2/repository/javax/validation/validation-api/1.1.0.Final/validation-api-1.1.0.Final.jar:/home/alex/.m2/repository/org/glassfish/jersey/containers/jersey-container-servlet-core/2.22.2/jersey-container-servlet-core-2.22.2.jar:/home/alex/.m2/repository/org/hamcrest/hamcrest-all/1.3/hamcrest-all-1.3.jar:/home/alex/.m2/repository/org/powermock/powermock-module-junit4/2.0.2/powermock-module-junit4-2.0.2.jar:/home/alex/.m2/repository/org/powermock/powermock-module-junit4-common/2.0.2/powermock-module-junit4-common-2.0.2.jar:/home/alex/.m2/repository/org/powermock/powermock-reflect/2.0.2/powermock-reflect-2.0.2.jar:/home/alex/.m2/repository/org/powermock/powermock-core/2.0.2/powermock-core-2.0.2.jar:/home/alex/.m2/repository/org/powermock/powermock-api-mockito2/2.0.2/powermock-api-mockito2-2.0.2.jar:/home/alex/.m2/repository/org/powermock/powermock-api-support/2.0.2/powermock-api-support-2.0.2.jar:/home/alex/.m2/repository/com/google/guava/guava-testlib/19.0/guava-testlib-19.0.jar:/home/alex/.m2/repository/com/google/errorprone/error_prone_annotations/2.0.2/error_prone_annotations-2.0.2.jar:/home/alex/.m2/repository/com/google/re2j/re2j/1.2/re2j-1.2.jar:/home/alex/.m2/repository/org/reflections/reflections/0.9.10/reflections-0.9.10.jar:/home/alex/.m2/repository/org/javassist/javassist/3.19.0-GA/javassist-3.19.0-GA.jar:/home/alex/.m2/repository/com/jayway/jsonpath/json-path/2.4.0/json-path-2.4.0.jar:/home/alex/.m2/repository/net/minidev/json-smart/2.3/json-smart-2.3.jar:/home/alex/.m2/repository/net/minidev/accessors-smart/1.2/accessors-smart-1.2.jar:/home/alex/.m2/repository/org/ow2/asm/asm/5.0.4/asm-5.0.4.jar:/home/alex/.m2/repository/org/codehaus/janino/commons-compiler/3.0.11/commons-compiler-3.0.11.jar:/home/alex/.m2/repository/org/codehaus/janino/janino/3.0.11/janino-3.0.11.jar:/home/alex/.m2/repository/com/sun/jersey/contribs/jersey-multipart/1.19/jersey-multipart-1.19.jar:/home/alex/.m2/repository/org/jvnet/mimepull/mimepull/1.9.3/mimepull-1.9.3.jar:/home/alex/.m2/repository/org/apache/kafka/kafka-clients/2.5.0/kafka-clients-2.5.0.jar:/home/alex/.m2/repository/org/slf4j/slf4j-api/1.7.30/slf4j-api-1.7.30.jar:/home/alex/.m2/repository/org/mockito/mockito-core/3.4.4/mockito-core-3.4.4.jar:/home/alex/.m2/repository/net/bytebuddy/byte-buddy/1.10.13/byte-buddy-1.10.13.jar:/home/alex/.m2/repository/net/bytebuddy/byte-buddy-agent/1.10.13/byte-buddy-agent-1.10.13.jar:/home/alex/Repositories/hive/ql/target/testconf:/home/alex/Repositories/hive/ql/../conf:"/>
    <property name="sun.cpu.endian" value="little"/>
    <property name="user.home" value="/home/alex"/>
    <property name="user.language" value="en"/>
    <property name="java.security.krb5.conf" value="/home/alex/Repositories/hive/ql/target/testconf/krb5.conf"/>
    <property name="test.dfs.mkdir" value=""/>
    <property name="java.awt.graphicsenv" value="sun.awt.X11GraphicsEnvironment"/>
    <property name="nondexFilter" value=".*"/>
    <property name="nondexSeed" value="1016066"/>
    <property name="surefire.real.class.path" value="/home/alex/Repositories/hive/ql/target/surefire/surefirebooter5385351810491606490.jar"/>
    <property name="hadoop.log.dir" value="/home/alex/Repositories/hive/ql/target/tmp"/>
    <property name="java.net.preferIPv4Stack" value="true"/>
    <property name="path.separator" value=":"/>
    <property name="os.version" value="6.5.0-28-generic"/>
    <property name="java.endorsed.dirs" value="/usr/lib/jvm/java-8-openjdk-amd64/jre/lib/endorsed"/>
    <property name="java.runtime.name" value="OpenJDK Runtime Environment"/>
    <property name="hive.test.console.log.level" value="INFO"/>
    <property name="java.vm.name" value="OpenJDK 64-Bit Server VM"/>
    <property name="java.vendor.url.bug" value="http://bugreport.sun.com/bugreport/"/>
    <property name="maven.local.repository" value="/home/alex/.m2/repository"/>
    <property name="user.dir" value="/home/alex/Repositories/hive/ql"/>
    <property name="os.arch" value="amd64"/>
    <property name="nondexMode" value="FULL"/>
    <property name="user.language.format" value="pt"/>
    <property name="antlr.version" value="3.5.2"/>
    <property name="derby.version" value="10.14.1.0"/>
    <property name="java.vm.info" value="mixed mode"/>
    <property name="java.vm.version" value="25.402-b06"/>
    <property name="java.ext.dirs" value="/usr/lib/jvm/java-8-openjdk-amd64/jre/lib/ext:/usr/java/packages/lib/ext"/>
    <property name="test.output.overwrite" value=""/>
    <property name="java.class.version" value="52.0"/>
    <property name="hive.root" value="/home/alex/Repositories/hive/ql/../"/>
  </properties>
  <testcase name="testSdpoBucketed" classname="org.apache.hadoop.hive.ql.TestTxnCommands3" time="21.894">
    <error type="java.lang.RuntimeException"><![CDATA[java.lang.RuntimeException: update acid_uap set b = 'fred' failed: (responseCode = 40000, errorMessage = FAILED: NoMatchingMethodException No matching method for class org.apache.hadoop.hive.ql.udf.UDFToInteger with (struct<writeid:bigint,bucketid:int,rowid:bigint>). Possible choices: _FUNC_(bigint)  _FUNC_(boolean)  _FUNC_(decimal(38,18))  _FUNC_(double)  _FUNC_(float)  _FUNC_(smallint)  _FUNC_(string)  _FUNC_(struct<bucketid:bigint,writeid:bigint,rowid:int>)  _FUNC_(timestamp)  _FUNC_(tinyint)  _FUNC_(void)  , hiveErrorCode = 40000, SQLState = 42000, exception = No matching method for class org.apache.hadoop.hive.ql.udf.UDFToInteger with (struct<writeid:bigint,bucketid:int,rowid:bigint>). Possible choices: _FUNC_(bigint)  _FUNC_(boolean)  _FUNC_(decimal(38,18))  _FUNC_(double)  _FUNC_(float)  _FUNC_(smallint)  _FUNC_(string)  _FUNC_(struct<bucketid:bigint,writeid:bigint,rowid:int>)  _FUNC_(timestamp)  _FUNC_(tinyint)  _FUNC_(void)  )
	at org.apache.hadoop.hive.ql.TxnCommandsBaseForTests.runStatementOnDriver(TxnCommandsBaseForTests.java:247)
	at org.apache.hadoop.hive.ql.TestTxnCommands3.testSdpoBucketed(TestTxnCommands3.java:293)
	at org.apache.hadoop.hive.ql.TestTxnCommands3.testSdpoBucketed(TestTxnCommands3.java:255)
	at sun.reflect.NativeMethodAccessorImpl.invoke0(Native Method)
	at sun.reflect.NativeMethodAccessorImpl.invoke(NativeMethodAccessorImpl.java:62)
	at sun.reflect.DelegatingMethodAccessorImpl.invoke(DelegatingMethodAccessorImpl.java:43)
	at java.lang.reflect.Method.invoke(Method.java:498)
	at org.junit.runners.model.FrameworkMethod$1.runReflectiveCall(FrameworkMethod.java:59)
	at org.junit.internal.runners.model.ReflectiveCallable.run(ReflectiveCallable.java:12)
	at org.junit.runners.model.FrameworkMethod.invokeExplosively(FrameworkMethod.java:56)
	at org.junit.internal.runners.statements.InvokeMethod.evaluate(InvokeMethod.java:17)
	at org.junit.internal.runners.statements.RunBefores.evaluate(RunBefores.java:26)
	at org.junit.internal.runners.statements.RunAfters.evaluate(RunAfters.java:27)
	at org.junit.rules.TestWatcher$1.evaluate(TestWatcher.java:61)
	at org.junit.runners.ParentRunner$3.evaluate(ParentRunner.java:306)
	at org.junit.runners.BlockJUnit4ClassRunner$1.evaluate(BlockJUnit4ClassRunner.java:100)
	at org.junit.runners.ParentRunner.runLeaf(ParentRunner.java:366)
	at org.junit.runners.BlockJUnit4ClassRunner.runChild(BlockJUnit4ClassRunner.java:103)
	at org.junit.runners.BlockJUnit4ClassRunner.runChild(BlockJUnit4ClassRunner.java:63)
	at org.junit.runners.ParentRunner$4.run(ParentRunner.java:331)
	at org.junit.runners.ParentRunner$1.schedule(ParentRunner.java:79)
	at org.junit.runners.ParentRunner.runChildren(ParentRunner.java:329)
	at org.junit.runners.ParentRunner.access$100(ParentRunner.java:66)
	at org.junit.runners.ParentRunner$2.evaluate(ParentRunner.java:293)
	at org.junit.runners.ParentRunner$3.evaluate(ParentRunner.java:306)
	at org.junit.runners.ParentRunner.run(ParentRunner.java:413)
	at org.junit.runner.JUnitCore.run(JUnitCore.java:137)
	at org.junit.runner.JUnitCore.run(JUnitCore.java:115)
	at org.junit.vintage.engine.execution.RunnerExecutor.execute(RunnerExecutor.java:43)
	at java.util.stream.ForEachOps$ForEachOp$OfRef.accept(ForEachOps.java:183)
	at java.util.stream.ReferencePipeline$3$1.accept(ReferencePipeline.java:193)
	at java.util.Iterator.forEachRemaining(Iterator.java:116)
	at java.util.Spliterators$IteratorSpliterator.forEachRemaining(Spliterators.java:1801)
	at java.util.stream.AbstractPipeline.copyInto(AbstractPipeline.java:482)
	at java.util.stream.AbstractPipeline.wrapAndCopyInto(AbstractPipeline.java:472)
	at java.util.stream.ForEachOps$ForEachOp.evaluateSequential(ForEachOps.java:150)
	at java.util.stream.ForEachOps$ForEachOp$OfRef.evaluateSequential(ForEachOps.java:173)
	at java.util.stream.AbstractPipeline.evaluate(AbstractPipeline.java:234)
	at java.util.stream.ReferencePipeline.forEach(ReferencePipeline.java:485)
	at org.junit.vintage.engine.VintageTestEngine.executeAllChildren(VintageTestEngine.java:82)
	at org.junit.vintage.engine.VintageTestEngine.execute(VintageTestEngine.java:73)
	at org.junit.platform.launcher.core.DefaultLauncher.execute(DefaultLauncher.java:248)
	at org.junit.platform.launcher.core.DefaultLauncher.lambda$execute$5(DefaultLauncher.java:211)
	at org.junit.platform.launcher.core.DefaultLauncher.withInterceptedStreams(DefaultLauncher.java:226)
	at org.junit.platform.launcher.core.DefaultLauncher.execute(DefaultLauncher.java:199)
	at org.junit.platform.launcher.core.DefaultLauncher.execute(DefaultLauncher.java:132)
	at org.apache.maven.surefire.junitplatform.JUnitPlatformProvider.invokeAllTests(JUnitPlatformProvider.java:154)
	at org.apache.maven.surefire.junitplatform.JUnitPlatformProvider.invoke(JUnitPlatformProvider.java:123)
	at org.apache.maven.surefire.booter.ForkedBooter.runSuitesInProcess(ForkedBooter.java:377)
	at org.apache.maven.surefire.booter.ForkedBooter.execute(ForkedBooter.java:138)
	at org.apache.maven.surefire.booter.ForkedBooter.run(ForkedBooter.java:465)
	at org.apache.maven.surefire.booter.ForkedBooter.main(ForkedBooter.java:451)
]]></error>
    <system-out><![CDATA[log4j: Trying to find [log4j.xml] using context classloader org.apache.hadoop.hive.ql.exec.UDFClassLoader@6f139fc9.
log4j: Trying to find [log4j.xml] using sun.misc.Launcher$AppClassLoader@330bedb4 class loader.
log4j: Trying to find [log4j.xml] using ClassLoader.getSystemResource().
log4j: Trying to find [log4j.properties] using context classloader org.apache.hadoop.hive.ql.exec.UDFClassLoader@6f139fc9.
log4j: Trying to find [log4j.properties] using sun.misc.Launcher$AppClassLoader@330bedb4 class loader.
log4j: Trying to find [log4j.properties] using ClassLoader.getSystemResource().
log4j: Could not find resource: [null].
]]></system-out>
    <system-err><![CDATA[SLF4J: Class path contains multiple SLF4J bindings.
SLF4J: Found binding in [jar:file:/home/alex/.m2/repository/org/apache/logging/log4j/log4j-slf4j-impl/2.13.2/log4j-slf4j-impl-2.13.2.jar!/org/slf4j/impl/StaticLoggerBinder.class]
SLF4J: Found binding in [jar:file:/home/alex/.m2/repository/org/slf4j/slf4j-simple/1.7.27/slf4j-simple-1.7.27.jar!/org/slf4j/impl/StaticLoggerBinder.class]
SLF4J: See http://www.slf4j.org/codes.html#multiple_bindings for an explanation.
SLF4J: Actual binding is of type [org.apache.logging.slf4j.Log4jLoggerFactory]
DEBUG StatusLogger Using ShutdownCallbackRegistry class org.apache.logging.log4j.core.util.DefaultShutdownCallbackRegistry
DEBUG StatusLogger Took 0,082072 seconds to load 250 plugins from sun.misc.Launcher$AppClassLoader@330bedb4
DEBUG StatusLogger PluginManager 'Converter' found 46 plugins
DEBUG StatusLogger Starting OutputStreamManager SYSTEM_OUT.false.false-1
DEBUG StatusLogger Starting LoggerContext[name=330bedb4, org.apache.logging.log4j.core.LoggerContext@1972e513]...
DEBUG StatusLogger Reconfiguration started for context[name=330bedb4] at URI null (org.apache.logging.log4j.core.LoggerContext@1972e513) with optional ClassLoader: null
DEBUG StatusLogger PluginManager 'ConfigurationFactory' found 6 plugins
DEBUG StatusLogger Using configurationFactory org.apache.logging.log4j.core.config.ConfigurationFactory$Factory@48e1f6c7
DEBUG StatusLogger Apache Log4j Core 2.13.2 initializing configuration org.apache.logging.log4j.core.config.properties.PropertiesConfiguration@475c9c31
DEBUG StatusLogger Installed 2 script engines
DEBUG StatusLogger Oracle Nashorn version: 1.8.0_402, language: ECMAScript, threading: Not Thread Safe, compile: true, names: [nashorn, Nashorn, js, JS, JavaScript, javascript, ECMAScript, ecmascript], factory class: jdk.nashorn.api.scripting.NashornScriptEngineFactory
DEBUG StatusLogger Groovy Scripting Engine version: 2.0, language: Groovy, threading: MULTITHREADED, compile: true, names: [groovy, Groovy], factory class: org.codehaus.groovy.jsr223.GroovyScriptEngineFactory
INFO StatusLogger Scanning for classes in '/home/alex/Repositories/hive/ql/target/test-classes/org/apache/hadoop/hive/ql/log' matching criteria annotated with @Plugin
DEBUG StatusLogger Checking to see if class org.apache.hadoop.hive.ql.log.TestSyslogInputFormat matches criteria annotated with @Plugin
DEBUG StatusLogger Checking to see if class org.apache.hadoop.hive.ql.log.TestLog4j2Appenders matches criteria annotated with @Plugin
DEBUG StatusLogger Checking to see if class org.apache.hadoop.hive.ql.log.TestSlidingFilenameRolloverStrategy matches criteria annotated with @Plugin
INFO StatusLogger Scanning for classes in '/home/alex/Repositories/hive/ql/target/classes/org/apache/hadoop/hive/ql/log' matching criteria annotated with @Plugin
DEBUG StatusLogger Checking to see if class org.apache.hadoop.hive.ql.log.HushableRandomAccessFileAppender matches criteria annotated with @Plugin
DEBUG StatusLogger Checking to see if class org.apache.hadoop.hive.ql.log.HiveEventCounter$1 matches criteria annotated with @Plugin
DEBUG StatusLogger Checking to see if class org.apache.hadoop.hive.ql.log.SlidingFilenameRolloverStrategy$1 matches criteria annotated with @Plugin
DEBUG StatusLogger Checking to see if class org.apache.hadoop.hive.ql.log.syslog.SyslogSerDe matches criteria annotated with @Plugin
DEBUG StatusLogger Checking to see if class org.apache.hadoop.hive.ql.log.syslog.SyslogInputFormat$Location matches criteria annotated with @Plugin
DEBUG StatusLogger Checking to see if class org.apache.hadoop.hive.ql.log.syslog.SyslogParser matches criteria annotated with @Plugin
DEBUG StatusLogger Checking to see if class org.apache.hadoop.hive.ql.log.syslog.SyslogInputFormat matches criteria annotated with @Plugin
DEBUG StatusLogger Checking to see if class org.apache.hadoop.hive.ql.log.syslog.SyslogStorageHandler matches criteria annotated with @Plugin
DEBUG StatusLogger Checking to see if class org.apache.hadoop.hive.ql.log.LogDivertAppenderForTest$TestFilter matches criteria annotated with @Plugin
DEBUG StatusLogger Checking to see if class org.apache.hadoop.hive.ql.log.HiveEventCounter$EventCounts matches criteria annotated with @Plugin
DEBUG StatusLogger Checking to see if class org.apache.hadoop.hive.ql.log.HiveEventCounter matches criteria annotated with @Plugin
DEBUG StatusLogger Checking to see if class org.apache.hadoop.hive.ql.log.LogDivertAppenderForTest matches criteria annotated with @Plugin
DEBUG StatusLogger Checking to see if class org.apache.hadoop.hive.ql.log.LogDivertAppender matches criteria annotated with @Plugin
DEBUG StatusLogger Checking to see if class org.apache.hadoop.hive.ql.log.SlidingFilenameRolloverStrategy matches criteria annotated with @Plugin
DEBUG StatusLogger Checking to see if class org.apache.hadoop.hive.ql.log.NullAppender matches criteria annotated with @Plugin
DEBUG StatusLogger Checking to see if class org.apache.hadoop.hive.ql.log.LogDivertAppender$NameFilter matches criteria annotated with @Plugin
DEBUG StatusLogger Checking to see if class org.apache.hadoop.hive.ql.log.PidFilePatternConverter matches criteria annotated with @Plugin
DEBUG StatusLogger Checking to see if class org.apache.hadoop.hive.ql.log.HushableRandomAccessFileAppender$1 matches criteria annotated with @Plugin
INFO StatusLogger Scanning for classes in '/home/alex/Repositories/hive/common/target/classes/org/apache/hadoop/hive/ql/log' matching criteria annotated with @Plugin
DEBUG StatusLogger Checking to see if class org.apache.hadoop.hive.ql.log.PerfLogger matches criteria annotated with @Plugin
DEBUG StatusLogger Took 0,021657 seconds to load 7 plugins from package org.apache.hadoop.hive.ql.log
DEBUG StatusLogger PluginManager 'Core' found 132 plugins
DEBUG StatusLogger PluginManager 'Level' found 0 plugins
DEBUG StatusLogger Building Plugin[name=property, class=org.apache.logging.log4j.core.config.Property].
TRACE StatusLogger TypeConverterRegistry initializing.
DEBUG StatusLogger PluginManager 'TypeConverter' found 26 plugins
DEBUG StatusLogger createProperty(name="hive.log.file", value="hive.log")
DEBUG StatusLogger Building Plugin[name=property, class=org.apache.logging.log4j.core.config.Property].
DEBUG StatusLogger createProperty(name="hive.log.dir", value="/home/alex/Repositories/hive/ql/target/tmp/log")
DEBUG StatusLogger Building Plugin[name=property, class=org.apache.logging.log4j.core.config.Property].
DEBUG StatusLogger createProperty(name="hive.root.logger", value="DRFA")
DEBUG StatusLogger Building Plugin[name=property, class=org.apache.logging.log4j.core.config.Property].
DEBUG StatusLogger createProperty(name="hive.log.level", value="DEBUG")
DEBUG StatusLogger Building Plugin[name=property, class=org.apache.logging.log4j.core.config.Property].
DEBUG StatusLogger createProperty(name="hive.test.console.log.level", value="INFO")
DEBUG StatusLogger Building Plugin[name=properties, class=org.apache.logging.log4j.core.config.PropertiesPlugin].
DEBUG StatusLogger configureSubstitutor(={hive.log.file=hive.log, hive.log.dir=/home/alex/Repositories/hive/ql/target/tmp/log, hive.root.logger=DRFA, hive.log.level=DEBUG, hive.test.console.log.level=INFO}, Configuration(HiveLog4j2Test))
DEBUG StatusLogger PluginManager 'Lookup' found 17 plugins
DEBUG StatusLogger Building Plugin[name=logger, class=org.apache.logging.log4j.core.config.LoggerConfig].
DEBUG StatusLogger createLogger(additivity="true", level="WARN", name="org.apache.hadoop.ipc", includeLocation="null", ={}, ={}, Configuration(HiveLog4j2Test), Filter=null)
DEBUG StatusLogger Building Plugin[name=logger, class=org.apache.logging.log4j.core.config.LoggerConfig].
DEBUG StatusLogger createLogger(additivity="true", level="INFO", name="org.apache.hadoop.security", includeLocation="null", ={}, ={}, Configuration(HiveLog4j2Test), Filter=null)
DEBUG StatusLogger Building Plugin[name=logger, class=org.apache.logging.log4j.core.config.LoggerConfig].
DEBUG StatusLogger createLogger(additivity="true", level="INFO", name="org.apache.hadoop.hdfs", includeLocation="null", ={}, ={}, Configuration(HiveLog4j2Test), Filter=null)
DEBUG StatusLogger Building Plugin[name=logger, class=org.apache.logging.log4j.core.config.LoggerConfig].
DEBUG StatusLogger createLogger(additivity="true", level="WARN", name="org.apache.hadoop.hdfs.server", includeLocation="null", ={}, ={}, Configuration(HiveLog4j2Test), Filter=null)
DEBUG StatusLogger Building Plugin[name=logger, class=org.apache.logging.log4j.core.config.LoggerConfig].
DEBUG StatusLogger createLogger(additivity="true", level="INFO", name="org.apache.hadoop.metrics2", includeLocation="null", ={}, ={}, Configuration(HiveLog4j2Test), Filter=null)
DEBUG StatusLogger Building Plugin[name=logger, class=org.apache.logging.log4j.core.config.LoggerConfig].
DEBUG StatusLogger createLogger(additivity="true", level="INFO", name="org.mortbay", includeLocation="null", ={}, ={}, Configuration(HiveLog4j2Test), Filter=null)
DEBUG StatusLogger Building Plugin[name=logger, class=org.apache.logging.log4j.core.config.LoggerConfig].
DEBUG StatusLogger createLogger(additivity="true", level="INFO", name="org.apache.hadoop.yarn", includeLocation="null", ={}, ={}, Configuration(HiveLog4j2Test), Filter=null)
DEBUG StatusLogger Building Plugin[name=logger, class=org.apache.logging.log4j.core.config.LoggerConfig].
DEBUG StatusLogger createLogger(additivity="true", level="WARN", name="org.apache.hadoop.yarn.server", includeLocation="null", ={}, ={}, Configuration(HiveLog4j2Test), Filter=null)
DEBUG StatusLogger Building Plugin[name=logger, class=org.apache.logging.log4j.core.config.LoggerConfig].
DEBUG StatusLogger createLogger(additivity="true", level="INFO", name="org.apache.tez", includeLocation="null", ={}, ={}, Configuration(HiveLog4j2Test), Filter=null)
DEBUG StatusLogger Building Plugin[name=logger, class=org.apache.logging.log4j.core.config.LoggerConfig].
DEBUG StatusLogger createLogger(additivity="true", level="ERROR", name="org.apache.hadoop.conf.Configuration", includeLocation="null", ={}, ={}, Configuration(HiveLog4j2Test), Filter=null)
DEBUG StatusLogger Building Plugin[name=logger, class=org.apache.logging.log4j.core.config.LoggerConfig].
DEBUG StatusLogger createLogger(additivity="true", level="INFO", name="org.apache.zookeeper", includeLocation="null", ={}, ={}, Configuration(HiveLog4j2Test), Filter=null)
DEBUG StatusLogger Building Plugin[name=logger, class=org.apache.logging.log4j.core.config.LoggerConfig].
DEBUG StatusLogger createLogger(additivity="true", level="WARN", name="org.apache.zookeeper.server.ServerCnxn", includeLocation="null", ={}, ={}, Configuration(HiveLog4j2Test), Filter=null)
DEBUG StatusLogger Building Plugin[name=logger, class=org.apache.logging.log4j.core.config.LoggerConfig].
DEBUG StatusLogger createLogger(additivity="true", level="WARN", name="org.apache.zookeeper.server.NIOServerCnxn", includeLocation="null", ={}, ={}, Configuration(HiveLog4j2Test), Filter=null)
DEBUG StatusLogger Building Plugin[name=logger, class=org.apache.logging.log4j.core.config.LoggerConfig].
DEBUG StatusLogger createLogger(additivity="true", level="WARN", name="org.apache.zookeeper.ClientCnxn", includeLocation="null", ={}, ={}, Configuration(HiveLog4j2Test), Filter=null)
DEBUG StatusLogger Building Plugin[name=logger, class=org.apache.logging.log4j.core.config.LoggerConfig].
DEBUG StatusLogger createLogger(additivity="true", level="WARN", name="org.apache.zookeeper.ClientCnxnSocket", includeLocation="null", ={}, ={}, Configuration(HiveLog4j2Test), Filter=null)
DEBUG StatusLogger Building Plugin[name=logger, class=org.apache.logging.log4j.core.config.LoggerConfig].
DEBUG StatusLogger createLogger(additivity="true", level="WARN", name="org.apache.zookeeper.ClientCnxnSocketNIO", includeLocation="null", ={}, ={}, Configuration(HiveLog4j2Test), Filter=null)
DEBUG StatusLogger Building Plugin[name=logger, class=org.apache.logging.log4j.core.config.LoggerConfig].
DEBUG StatusLogger createLogger(additivity="true", level="ERROR", name="DataNucleus", includeLocation="null", ={}, ={}, Configuration(HiveLog4j2Test), Filter=null)
DEBUG StatusLogger Building Plugin[name=logger, class=org.apache.logging.log4j.core.config.LoggerConfig].
DEBUG StatusLogger createLogger(additivity="true", level="ERROR", name="Datastore", includeLocation="null", ={}, ={}, Configuration(HiveLog4j2Test), Filter=null)
DEBUG StatusLogger Building Plugin[name=logger, class=org.apache.logging.log4j.core.config.LoggerConfig].
DEBUG StatusLogger createLogger(additivity="true", level="ERROR", name="JPOX", includeLocation="null", ={}, ={}, Configuration(HiveLog4j2Test), Filter=null)
DEBUG StatusLogger Building Plugin[name=logger, class=org.apache.logging.log4j.core.config.LoggerConfig].
DEBUG StatusLogger createLogger(additivity="true", level="INFO", name="org.apache.hadoop.hive.ql.exec.Operator", includeLocation="null", ={}, ={}, Configuration(HiveLog4j2Test), Filter=null)
DEBUG StatusLogger Building Plugin[name=logger, class=org.apache.logging.log4j.core.config.LoggerConfig].
DEBUG StatusLogger createLogger(additivity="true", level="INFO", name="org.apache.hadoop.hive.serde2.lazy", includeLocation="null", ={}, ={}, Configuration(HiveLog4j2Test), Filter=null)
DEBUG StatusLogger Building Plugin[name=logger, class=org.apache.logging.log4j.core.config.LoggerConfig].
DEBUG StatusLogger createLogger(additivity="true", level="INFO", name="org.apache.hadoop.hive.metastore.ObjectStore", includeLocation="null", ={}, ={}, Configuration(HiveLog4j2Test), Filter=null)
DEBUG StatusLogger Building Plugin[name=logger, class=org.apache.logging.log4j.core.config.LoggerConfig].
DEBUG StatusLogger createLogger(additivity="true", level="INFO", name="org.apache.calcite.plan.RelOptPlanner", includeLocation="null", ={}, ={}, Configuration(HiveLog4j2Test), Filter=null)
DEBUG StatusLogger Building Plugin[name=logger, class=org.apache.logging.log4j.core.config.LoggerConfig].
DEBUG StatusLogger createLogger(additivity="true", level="INFO", name="com.amazonaws", includeLocation="null", ={}, ={}, Configuration(HiveLog4j2Test), Filter=null)
DEBUG StatusLogger Building Plugin[name=logger, class=org.apache.logging.log4j.core.config.LoggerConfig].
DEBUG StatusLogger createLogger(additivity="true", level="INFO", name="org.apache.http", includeLocation="null", ={}, ={}, Configuration(HiveLog4j2Test), Filter=null)
DEBUG StatusLogger Building Plugin[name=logger, class=org.apache.logging.log4j.core.config.LoggerConfig].
DEBUG StatusLogger createLogger(additivity="true", level="WARN", name="org.apache.thrift", includeLocation="null", ={}, ={}, Configuration(HiveLog4j2Test), Filter=null)
DEBUG StatusLogger Building Plugin[name=logger, class=org.apache.logging.log4j.core.config.LoggerConfig].
DEBUG StatusLogger createLogger(additivity="true", level="WARN", name="org.eclipse.jetty", includeLocation="null", ={}, ={}, Configuration(HiveLog4j2Test), Filter=null)
DEBUG StatusLogger Building Plugin[name=logger, class=org.apache.logging.log4j.core.config.LoggerConfig].
DEBUG StatusLogger createLogger(additivity="true", level="WARN", name="BlockStateChange", includeLocation="null", ={}, ={}, Configuration(HiveLog4j2Test), Filter=null)
DEBUG StatusLogger Building Plugin[name=logger, class=org.apache.logging.log4j.core.config.LoggerConfig].
DEBUG StatusLogger createLogger(additivity="true", level="DEBUG", name="org.apache.hadoop.hive.ql.optimizer.SharedWorkOptimizer", includeLocation="null", ={}, ={}, Configuration(HiveLog4j2Test), Filter=null)
DEBUG StatusLogger Building Plugin[name=AppenderRef, class=org.apache.logging.log4j.core.config.AppenderRef].
DEBUG StatusLogger createAppenderRef(ref="console", level="INFO", Filter=null)
DEBUG StatusLogger Building Plugin[name=AppenderRef, class=org.apache.logging.log4j.core.config.AppenderRef].
DEBUG StatusLogger createAppenderRef(ref="DRFA", level="null", Filter=null)
DEBUG StatusLogger Building Plugin[name=root, class=org.apache.logging.log4j.core.config.LoggerConfig$RootLogger].
DEBUG StatusLogger createLogger(additivity="null", level="DEBUG", includeLocation="null", ={console, DRFA}, ={}, Configuration(HiveLog4j2Test), Filter=null)
DEBUG StatusLogger Building Plugin[name=loggers, class=org.apache.logging.log4j.core.config.LoggersPlugin].
DEBUG StatusLogger createLoggers(={org.apache.hadoop.ipc, org.apache.hadoop.security, org.apache.hadoop.hdfs, org.apache.hadoop.hdfs.server, org.apache.hadoop.metrics2, org.mortbay, org.apache.hadoop.yarn, org.apache.hadoop.yarn.server, org.apache.tez, org.apache.hadoop.conf.Configuration, org.apache.zookeeper, org.apache.zookeeper.server.ServerCnxn, org.apache.zookeeper.server.NIOServerCnxn, org.apache.zookeeper.ClientCnxn, org.apache.zookeeper.ClientCnxnSocket, org.apache.zookeeper.ClientCnxnSocketNIO, DataNucleus, Datastore, JPOX, org.apache.hadoop.hive.ql.exec.Operator, org.apache.hadoop.hive.serde2.lazy, org.apache.hadoop.hive.metastore.ObjectStore, org.apache.calcite.plan.RelOptPlanner, com.amazonaws, org.apache.http, org.apache.thrift, org.eclipse.jetty, BlockStateChange, org.apache.hadoop.hive.ql.optimizer.SharedWorkOptimizer, root})
DEBUG StatusLogger Building Plugin[name=layout, class=org.apache.logging.log4j.core.layout.PatternLayout].
DEBUG StatusLogger PatternLayout$Builder(noConsoleNoAnsi="null", footer="null", PatternSelector=null, Configuration(HiveLog4j2Test), header="null", alwaysWriteExceptions="null", charset="null", disableAnsi="null", pattern="%d{ISO8601} %5p [%t] %c{2}: %m%n", Replace=null)
DEBUG StatusLogger PluginManager 'Converter' found 46 plugins
DEBUG StatusLogger Building Plugin[name=appender, class=org.apache.logging.log4j.core.appender.ConsoleAppender].
DEBUG StatusLogger ConsoleAppender$Builder(target="SYSTEM_ERR", follow="null", direct="null", immediateFlush="null", bufferSize="null", bufferedIo="null", Configuration(HiveLog4j2Test), PatternLayout(%d{ISO8601} %5p [%t] %c{2}: %m%n), ignoreExceptions="null", name="console", ={}, Filter=null)
DEBUG StatusLogger Starting OutputStreamManager SYSTEM_ERR.false.false
DEBUG StatusLogger Building Plugin[name=layout, class=org.apache.logging.log4j.core.layout.PatternLayout].
DEBUG StatusLogger PatternLayout$Builder(PatternSelector=null, footer="null", header="null", alwaysWriteExceptions="null", noConsoleNoAnsi="null", Replace=null, pattern="%d{ISO8601} %5p [%t] %c{2}: %m%n", disableAnsi="null", charset="null", Configuration(HiveLog4j2Test))
DEBUG StatusLogger Building Plugin[name=TimeBasedTriggeringPolicy, class=org.apache.logging.log4j.core.appender.rolling.TimeBasedTriggeringPolicy].
DEBUG StatusLogger TimeBasedTriggeringPolicy$Builder(modulate="true", maxRandomDelay="null", interval="1")
DEBUG StatusLogger Building Plugin[name=Policies, class=org.apache.logging.log4j.core.appender.rolling.CompositeTriggeringPolicy].
DEBUG StatusLogger createPolicy(={TimeBasedTriggeringPolicy(nextRolloverMillis=0, interval=1, modulate=true)})
DEBUG StatusLogger Building Plugin[name=DefaultRolloverStrategy, class=org.apache.logging.log4j.core.appender.rolling.DefaultRolloverStrategy].
DEBUG StatusLogger DefaultRolloverStrategy$Builder(Configuration(HiveLog4j2Test), compressionLevel="null", fileIndex="null", max="30", tempCompressedFilePattern="null", stopCustomActionsOnError="null", min="null", ={})
DEBUG StatusLogger Building Plugin[name=appender, class=org.apache.logging.log4j.core.appender.RollingRandomAccessFileAppender].
DEBUG StatusLogger RollingRandomAccessFileAppender$Builder(DefaultRolloverStrategy(DefaultRolloverStrategy(min=1, max=30, useMax=true)), append="null", fileOwner="null", fileGroup="null", filePermissions="null", advertiseURI="null", fileName="/home/alex/Repositories/hive/ql/target/tmp/log/hive.log", advertise="null", Policies(CompositeTriggeringPolicy(policies=[TimeBasedTriggeringPolicy(nextRolloverMillis=0, interval=1, modulate=true)])), filePattern="/home/alex/Repositories/hive/ql/target/tmp/log/hive.log.%d{yyyy-MM-dd}", immediateFlush="null", bufferedIo="null", bufferSize="null", ignoreExceptions="null", Configuration(HiveLog4j2Test), name="DRFA", PatternLayout(%d{ISO8601} %5p [%t] %c{2}: %m%n), Filter=null, ={})
TRACE StatusLogger RandomAccessFile /home/alex/Repositories/hive/ql/target/tmp/log/hive.log seek to 1460085177
DEBUG StatusLogger Starting RollingRandomAccessFileManager /home/alex/Repositories/hive/ql/target/tmp/log/hive.log
DEBUG StatusLogger PluginManager 'FileConverter' found 3 plugins
DEBUG StatusLogger Setting prev file time to 2024-04-24T04:53:04.475-0700
DEBUG StatusLogger Initializing triggering policy CompositeTriggeringPolicy(policies=[TimeBasedTriggeringPolicy(nextRolloverMillis=0, interval=1, modulate=true)])
DEBUG StatusLogger Initializing triggering policy TimeBasedTriggeringPolicy(nextRolloverMillis=0, interval=1, modulate=true)
TRACE StatusLogger PatternProcessor.getNextTime returning 2024/04/25-00:00:00.000, nextFileTime=2024/04/24-00:00:00.000, prevFileTime=1969/12/31-16:00:00.000, current=2024/04/24-04:53:06.253, freq=DAILY
TRACE StatusLogger PatternProcessor.getNextTime returning 2024/04/25-00:00:00.000, nextFileTime=2024/04/24-00:00:00.000, prevFileTime=2024/04/24-00:00:00.000, current=2024/04/24-04:53:06.254, freq=DAILY
DEBUG StatusLogger Building Plugin[name=appenders, class=org.apache.logging.log4j.core.config.AppendersPlugin].
DEBUG StatusLogger createAppenders(={console, DRFA})
DEBUG StatusLogger Configuration org.apache.logging.log4j.core.config.properties.PropertiesConfiguration@475c9c31 initialized
DEBUG StatusLogger Starting configuration org.apache.logging.log4j.core.config.properties.PropertiesConfiguration@475c9c31
DEBUG StatusLogger Started configuration org.apache.logging.log4j.core.config.properties.PropertiesConfiguration@475c9c31 OK.
TRACE StatusLogger Stopping org.apache.logging.log4j.core.config.DefaultConfiguration@57250572...
TRACE StatusLogger DefaultConfiguration notified 1 ReliabilityStrategies that config will be stopped.
TRACE StatusLogger DefaultConfiguration stopping root LoggerConfig.
TRACE StatusLogger DefaultConfiguration notifying ReliabilityStrategies that appenders will be stopped.
TRACE StatusLogger DefaultConfiguration stopping remaining Appenders.
DEBUG StatusLogger Shutting down OutputStreamManager SYSTEM_OUT.false.false-1
DEBUG StatusLogger OutputStream closed
DEBUG StatusLogger Shut down OutputStreamManager SYSTEM_OUT.false.false-1, all resources released: true
DEBUG StatusLogger Appender DefaultConsole-1 stopped with status true
TRACE StatusLogger DefaultConfiguration stopped 1 remaining Appenders.
TRACE StatusLogger DefaultConfiguration cleaning Appenders from 1 LoggerConfigs.
DEBUG StatusLogger Stopped org.apache.logging.log4j.core.config.DefaultConfiguration@57250572 OK
TRACE StatusLogger Reregistering MBeans after reconfigure. Selector=org.apache.logging.log4j.core.selector.ClassLoaderContextSelector@3d9f6567
TRACE StatusLogger Reregistering context (1/1): '330bedb4' org.apache.logging.log4j.core.LoggerContext@1972e513
TRACE StatusLogger Unregistering but no MBeans found matching 'org.apache.logging.log4j2:type=330bedb4'
TRACE StatusLogger Unregistering but no MBeans found matching 'org.apache.logging.log4j2:type=330bedb4,component=StatusLogger'
TRACE StatusLogger Unregistering but no MBeans found matching 'org.apache.logging.log4j2:type=330bedb4,component=ContextSelector'
TRACE StatusLogger Unregistering but no MBeans found matching 'org.apache.logging.log4j2:type=330bedb4,component=Loggers,name=*'
TRACE StatusLogger Unregistering but no MBeans found matching 'org.apache.logging.log4j2:type=330bedb4,component=Appenders,name=*'
TRACE StatusLogger Unregistering but no MBeans found matching 'org.apache.logging.log4j2:type=330bedb4,component=AsyncAppenders,name=*'
TRACE StatusLogger Unregistering but no MBeans found matching 'org.apache.logging.log4j2:type=330bedb4,component=AsyncLoggerRingBuffer'
TRACE StatusLogger Unregistering but no MBeans found matching 'org.apache.logging.log4j2:type=330bedb4,component=Loggers,name=*,subtype=RingBuffer'
DEBUG StatusLogger Registering MBean org.apache.logging.log4j2:type=330bedb4
DEBUG StatusLogger Registering MBean org.apache.logging.log4j2:type=330bedb4,component=StatusLogger
DEBUG StatusLogger Registering MBean org.apache.logging.log4j2:type=330bedb4,component=ContextSelector
DEBUG StatusLogger Registering MBean org.apache.logging.log4j2:type=330bedb4,component=Loggers,name=org.apache.http
DEBUG StatusLogger Registering MBean org.apache.logging.log4j2:type=330bedb4,component=Loggers,name=Datastore
DEBUG StatusLogger Registering MBean org.apache.logging.log4j2:type=330bedb4,component=Loggers,name=org.apache.hadoop.hive.metastore.ObjectStore
DEBUG StatusLogger Registering MBean org.apache.logging.log4j2:type=330bedb4,component=Loggers,name=org.apache.hadoop.hdfs
DEBUG StatusLogger Registering MBean org.apache.logging.log4j2:type=330bedb4,component=Loggers,name=org.apache.hadoop.security
DEBUG StatusLogger Registering MBean org.apache.logging.log4j2:type=330bedb4,component=Loggers,name=JPOX
DEBUG StatusLogger Registering MBean org.apache.logging.log4j2:type=330bedb4,component=Loggers,name=org.apache.hadoop.yarn.server
DEBUG StatusLogger Registering MBean org.apache.logging.log4j2:type=330bedb4,component=Loggers,name=org.apache.hadoop.conf.Configuration
DEBUG StatusLogger Registering MBean org.apache.logging.log4j2:type=330bedb4,component=Loggers,name=DataNucleus
DEBUG StatusLogger Registering MBean org.apache.logging.log4j2:type=330bedb4,component=Loggers,name=org.apache.zookeeper
DEBUG StatusLogger Registering MBean org.apache.logging.log4j2:type=330bedb4,component=Loggers,name=
DEBUG StatusLogger Registering MBean org.apache.logging.log4j2:type=330bedb4,component=Loggers,name=com.amazonaws
DEBUG StatusLogger Registering MBean org.apache.logging.log4j2:type=330bedb4,component=Loggers,name=org.apache.thrift
DEBUG StatusLogger Registering MBean org.apache.logging.log4j2:type=330bedb4,component=Loggers,name=org.apache.zookeeper.server.ServerCnxn
DEBUG StatusLogger Registering MBean org.apache.logging.log4j2:type=330bedb4,component=Loggers,name=org.apache.hadoop.metrics2
DEBUG StatusLogger Registering MBean org.apache.logging.log4j2:type=330bedb4,component=Loggers,name=org.apache.zookeeper.ClientCnxn
DEBUG StatusLogger Registering MBean org.apache.logging.log4j2:type=330bedb4,component=Loggers,name=org.eclipse.jetty
DEBUG StatusLogger Registering MBean org.apache.logging.log4j2:type=330bedb4,component=Loggers,name=BlockStateChange
DEBUG StatusLogger Registering MBean org.apache.logging.log4j2:type=330bedb4,component=Loggers,name=org.apache.tez
DEBUG StatusLogger Registering MBean org.apache.logging.log4j2:type=330bedb4,component=Loggers,name=org.apache.hadoop.hive.ql.optimizer.SharedWorkOptimizer
DEBUG StatusLogger Registering MBean org.apache.logging.log4j2:type=330bedb4,component=Loggers,name=org.apache.zookeeper.ClientCnxnSocket
DEBUG StatusLogger Registering MBean org.apache.logging.log4j2:type=330bedb4,component=Loggers,name=org.apache.hadoop.hive.ql.exec.Operator
DEBUG StatusLogger Registering MBean org.apache.logging.log4j2:type=330bedb4,component=Loggers,name=org.mortbay
DEBUG StatusLogger Registering MBean org.apache.logging.log4j2:type=330bedb4,component=Loggers,name=org.apache.zookeeper.server.NIOServerCnxn
DEBUG StatusLogger Registering MBean org.apache.logging.log4j2:type=330bedb4,component=Loggers,name=org.apache.hadoop.ipc
DEBUG StatusLogger Registering MBean org.apache.logging.log4j2:type=330bedb4,component=Loggers,name=org.apache.hadoop.hdfs.server
DEBUG StatusLogger Registering MBean org.apache.logging.log4j2:type=330bedb4,component=Loggers,name=org.apache.hadoop.hive.serde2.lazy
DEBUG StatusLogger Registering MBean org.apache.logging.log4j2:type=330bedb4,component=Loggers,name=org.apache.hadoop.yarn
DEBUG StatusLogger Registering MBean org.apache.logging.log4j2:type=330bedb4,component=Loggers,name=org.apache.zookeeper.ClientCnxnSocketNIO
DEBUG StatusLogger Registering MBean org.apache.logging.log4j2:type=330bedb4,component=Loggers,name=org.apache.calcite.plan.RelOptPlanner
DEBUG StatusLogger Registering MBean org.apache.logging.log4j2:type=330bedb4,component=Appenders,name=console
DEBUG StatusLogger Registering MBean org.apache.logging.log4j2:type=330bedb4,component=Appenders,name=DRFA
TRACE StatusLogger Using default SystemClock for timestamps.
DEBUG StatusLogger org.apache.logging.log4j.core.util.SystemClock does not support precise timestamps.
TRACE StatusLogger Using DummyNanoClock for nanosecond timestamps.
DEBUG StatusLogger Reconfiguration complete for context[name=330bedb4] at URI /home/alex/Repositories/hive/ql/target/testconf/hive-log4j2.properties (org.apache.logging.log4j.core.LoggerContext@1972e513) with optional ClassLoader: null
DEBUG StatusLogger Shutdown hook enabled. Registering a new one.
DEBUG StatusLogger LoggerContext[name=330bedb4, org.apache.logging.log4j.core.LoggerContext@1972e513] started OK.
2024-04-24T04:53:06,370  INFO [main] conf.HiveConf: Found configuration file file:/home/alex/Repositories/hive/ql/target/testconf/hive-site.xml
DEBUG StatusLogger AsyncLogger.ThreadNameStrategy=UNCACHED (user specified null, default is UNCACHED)
TRACE StatusLogger Using default SystemClock for timestamps.
DEBUG StatusLogger org.apache.logging.log4j.core.util.SystemClock does not support precise timestamps.
2024-04-24T04:53:06,783  WARN [main] util.NativeCodeLoader: Unable to load native-hadoop library for your platform... using builtin-java classes where applicable
2024-04-24T04:53:06,850  WARN [main] conf.HiveConf: HiveConf of name hive.metastore.client.cache.recordStats does not exist
2024-04-24T04:53:06,851  WARN [main] conf.HiveConf: HiveConf of name hive.llap.io.cache.orc.size does not exist
2024-04-24T04:53:06,851  WARN [main] conf.HiveConf: HiveConf of name hive.llap.io.cache.orc.arena.size does not exist
2024-04-24T04:53:06,851  WARN [main] conf.HiveConf: HiveConf of name hive.stats.key.prefix.reserve.length does not exist
2024-04-24T04:53:06,851  WARN [main] conf.HiveConf: HiveConf of name hive.dummyparam.test.server.specific.config.metastoresite does not exist
2024-04-24T04:53:06,852  WARN [main] conf.HiveConf: HiveConf of name hive.llap.io.cache.orc.alloc.min does not exist
2024-04-24T04:53:06,852  WARN [main] conf.HiveConf: HiveConf of name hive.metastore.metadb.dir does not exist
2024-04-24T04:53:06,852  WARN [main] conf.HiveConf: HiveConf of name hive.dummyparam.test.server.specific.config.hivesite does not exist
2024-04-24T04:53:06,852  WARN [main] conf.HiveConf: HiveConf of name hive.llap.io.cache.orc.alloc.max does not exist
2024-04-24T04:53:06,853  WARN [main] conf.HiveConf: HiveConf of name hive.metastore.client.cache.maxSize does not exist
2024-04-24T04:53:06,853  WARN [main] conf.HiveConf: HiveConf of name hive.dummyparam.test.server.specific.config.override does not exist
2024-04-24T04:53:06,935  WARN [main] hikari.HikariConfig: HikariPool-1 - leakDetectionThreshold is less than 2000ms or more than maxLifetime, disabling it.
2024-04-24T04:53:06,940  INFO [main] hikari.HikariDataSource: HikariPool-1 - Starting...
2024-04-24T04:53:07,488  INFO [main] pool.PoolBase: HikariPool-1 - Driver does not support get/set network timeout for connections. (Feature not implemented: No details.)
2024-04-24T04:53:07,493  INFO [main] hikari.HikariDataSource: HikariPool-1 - Start completed.
2024-04-24T04:53:07,496  WARN [main] hikari.HikariConfig: HikariPool-2 - leakDetectionThreshold is less than 2000ms or more than maxLifetime, disabling it.
2024-04-24T04:53:07,501  INFO [main] hikari.HikariDataSource: HikariPool-2 - Starting...
2024-04-24T04:53:07,505  INFO [main] pool.PoolBase: HikariPool-2 - Driver does not support get/set network timeout for connections. (Feature not implemented: No details.)
2024-04-24T04:53:07,505  INFO [main] hikari.HikariDataSource: HikariPool-2 - Start completed.
2024-04-24T04:53:07,688  INFO [main] utils.TestTxnDbUtil: Creating transactional tables
2024-04-24T04:53:07,696  INFO [main] utils.TestTxnDbUtil: Reinitializing the metastore db with hive-schema-4.0.0.derby.sql on the database jdbc:derby:memory:/home/alex/Repositories/hive/ql/target/tmp/junit_metastore_db;create=true
Hive Session ID = 2e9ea6e1-a13e-47ab-948d-27986a04afa9
2024-04-24T04:53:08,693  INFO [main] SessionState: Hive Session ID = 2e9ea6e1-a13e-47ab-948d-27986a04afa9
ivysettings.xml file not found in HIVE_HOME or HIVE_CONF_DIR,/home/alex/Repositories/hive/conf/ivysettings.xml will be used
2024-04-24T04:53:08,704  INFO [main] DependencyResolver: ivysettings.xml file not found in HIVE_HOME or HIVE_CONF_DIR,/home/alex/Repositories/hive/conf/ivysettings.xml will be used
log4j:WARN No appenders could be found for logger (org.apache.htrace.core.Tracer).
log4j:WARN Please initialize the log4j system properly.
log4j:WARN See http://logging.apache.org/log4j/1.2/faq.html#noconfig for more info.
2024-04-24T04:53:09,066  INFO [main] session.SessionState: Created HDFS directory: /home/alex/Repositories/hive/ql/target/tmp/scratchdir/alex/2e9ea6e1-a13e-47ab-948d-27986a04afa9
2024-04-24T04:53:09,070  INFO [main] session.SessionState: Created local directory: /home/alex/Repositories/hive/ql/target/tmp/localscratchdir/2e9ea6e1-a13e-47ab-948d-27986a04afa9
2024-04-24T04:53:09,074  INFO [main] session.SessionState: Created HDFS directory: /home/alex/Repositories/hive/ql/target/tmp/scratchdir/alex/2e9ea6e1-a13e-47ab-948d-27986a04afa9/_tmp_space.db
2024-04-24T04:53:09,098  INFO [main] sqlstd.SQLStdHiveAccessController: Created SQLStdHiveAccessController for session context : HiveAuthzSessionContext [sessionString=2e9ea6e1-a13e-47ab-948d-27986a04afa9, clientType=HIVECLI]
2024-04-24T04:53:09,153  INFO [main] metastore.HiveMetaStoreClient: HMS client filtering is enabled.
2024-04-24T04:53:09,291  INFO [main] metastore.HMSHandler: 0: Opening raw store with implementation class:org.apache.hadoop.hive.metastore.ObjectStore
2024-04-24T04:53:09,328  INFO [main] metastore.PersistenceManagerProvider: Configuration datanucleus.autoStartMechanismMode is not set. Defaulting to 'ignored'
2024-04-24T04:53:09,331  INFO [main] metastore.PersistenceManagerProvider: Updating the pmf due to property change
2024-04-24T04:53:09,331  INFO [main] metastore.PersistenceManagerProvider: Current pmf properties are uninitialized
2024-04-24T04:53:09,333  WARN [main] hikari.HikariConfig: HikariPool-3 - leakDetectionThreshold is less than 2000ms or more than maxLifetime, disabling it.
2024-04-24T04:53:09,336  INFO [main] hikari.HikariDataSource: HikariPool-3 - Starting...
2024-04-24T04:53:09,338  INFO [main] pool.PoolBase: HikariPool-3 - Driver does not support get/set network timeout for connections. (Feature not implemented: No details.)
2024-04-24T04:53:09,339  INFO [main] hikari.HikariDataSource: HikariPool-3 - Start completed.
2024-04-24T04:53:09,773  INFO [main] metastore.PersistenceManagerProvider: Setting MetaStore object pin classes with hive.metastore.cache.pinobjtypes="Table,StorageDescriptor,SerDeInfo,Partition,Database,Type,FieldSchema,Order"
2024-04-24T04:53:09,773  INFO [main] metastore.ObjectStore: RawStore: org.apache.hadoop.hive.metastore.ObjectStore@33379242, with PersistenceManager: null will be shutdown
2024-04-24T04:53:09,801  INFO [main] metastore.ObjectStore: RawStore: org.apache.hadoop.hive.metastore.ObjectStore@33379242, with PersistenceManager: org.datanucleus.api.jdo.JDOPersistenceManager@53b1a3f8 created in the thread with id: 1
2024-04-24T04:53:11,982  INFO [main] metastore.HMSHandler: Created RawStore: org.apache.hadoop.hive.metastore.ObjectStore@33379242 from thread id: 1
2024-04-24T04:53:11,996  INFO [main] metastore.HMSHandler: Setting location of default catalog, as it hasn't been done after upgrade
2024-04-24T04:53:12,023  INFO [main] metastore.HMSHandler: Started creating a default database with name: default
2024-04-24T04:53:12,065  INFO [main] metastore.HMSHandler: Successfully created a default database with name: default
2024-04-24T04:53:12,085  INFO [main] metastore.HMSHandler: Added admin role in metastore
2024-04-24T04:53:12,088  INFO [main] metastore.HMSHandler: Added public role in metastore
2024-04-24T04:53:12,163  INFO [main] metastore.HMSHandler: Added hive_admin_user to admin role
2024-04-24T04:53:12,169  INFO [main] metastore.HMSHandler: Scheduling for org.apache.hadoop.hive.metastore.ScheduledQueryExecutionsMaintTask service with frequency 60000ms.
2024-04-24T04:53:12,170  INFO [main] metastore.HMSHandler: Scheduling for org.apache.hadoop.hive.metastore.RuntimeStatsCleanerTask service with frequency 3600000ms.
2024-04-24T04:53:12,174  INFO [main] metastore.HMSHandler: Scheduling for org.apache.hadoop.hive.metastore.metrics.AcidMetricService service with frequency 300000ms.
2024-04-24T04:53:12,175  INFO [main] metastore.HMSHandler: Scheduling for org.apache.hadoop.hive.metastore.events.EventCleanerTask service with frequency 0ms.
2024-04-24T04:53:12,176  INFO [main] metastore.HMSHandler: Scheduling for org.apache.hadoop.hive.metastore.ReplicationMetricsMaintTask service with frequency 86400000ms.
2024-04-24T04:53:12,179  INFO [main] metastore.HMSHandler: Scheduling for org.apache.hadoop.hive.metastore.HiveProtoEventsCleanerTask service with frequency 86400000ms.
2024-04-24T04:53:12,182  INFO [main] metastore.HMSHandler: HMS server filtering is disabled by configuration
2024-04-24T04:53:12,309  INFO [main] metastore.RetryingMetaStoreClient: RetryingMetaStoreClient proxy=class org.apache.hadoop.hive.ql.metadata.SessionHiveMetaStoreClient ugi=alex (auth:SIMPLE) retries=1 delay=1 lifetime=0
2024-04-24T04:53:12,352  INFO [main] ql.TxnCommandsBaseForTests: Running the query: drop table if exists acidTbl
2024-04-24T04:53:12,383  INFO [main] ql.Driver: Compiling command(queryId=alex_20240424045312_a800387f-ae62-40e4-9179-10906b35306d): drop table if exists acidTbl
2024-04-24T04:53:13,341  INFO [main] reflections.Reflections: Reflections took 194 ms to scan 2 urls, producing 53 keys and 784 values 
2024-04-24T04:53:13,494  INFO [main] reflections.Reflections: Reflections took 123 ms to scan 2 urls, producing 53 keys and 784 values 
2024-04-24T04:53:13,628  INFO [main] reflections.Reflections: Reflections took 127 ms to scan 2 urls, producing 53 keys and 784 values 
2024-04-24T04:53:13,659  INFO [main] txn.TxnHandler: Added entries to MIN_HISTORY_LEVEL for current txns: ([1]) with min_open_txn: 1
2024-04-24T04:53:13,672  INFO [main] lockmgr.DbTxnManager: Opened txnid:1
2024-04-24T04:53:13,683  INFO [main] HiveMetaStore.audit: ugi=alex	ip=unknown-ip-addr	cmd=get_table : tbl=hive.default.acidTbl	
2024-04-24T04:53:13,825  INFO [main] reflections.Reflections: Reflections took 122 ms to scan 2 urls, producing 53 keys and 784 values 
2024-04-24T04:53:13,860  INFO [main] ql.Driver: Semantic Analysis Completed (retrial = false)
2024-04-24T04:53:13,862  INFO [main] ql.Driver: Created Hive schema: Schema(fieldSchemas:null, properties:null)
2024-04-24T04:53:13,865  INFO [main] metadata.Hive: Dumping metastore api call timing information for : compilation phase
2024-04-24T04:53:13,865  INFO [main] metadata.Hive: Total time spent in each metastore function (ms): {openTxn_(String, TxnType)=34, isCompatibleWith_(Configuration)=1, getValidTxns_(long)=7, flushCache_()=1}
2024-04-24T04:53:13,866  INFO [main] ql.Driver: Completed compiling command(queryId=alex_20240424045312_a800387f-ae62-40e4-9179-10906b35306d); Time taken: 1.484 seconds
2024-04-24T04:53:13,868  INFO [main] lockmgr.DbTxnManager: Setting lock request transaction to txnid:1 for queryId=alex_20240424045312_a800387f-ae62-40e4-9179-10906b35306d
2024-04-24T04:53:13,868  INFO [main] ql.Driver: Operation DROPTABLE obtained 0 locks
2024-04-24T04:53:13,870  INFO [main] ql.Driver: Executing command(queryId=alex_20240424045312_a800387f-ae62-40e4-9179-10906b35306d): drop table if exists acidTbl
2024-04-24T04:53:13,873  INFO [main] ql.Driver: Starting task [Stage-0:DDL] in serial mode
2024-04-24T04:53:13,874  INFO [main] HiveMetaStore.audit: ugi=alex	ip=unknown-ip-addr	cmd=get_table : tbl=hive.default.acidTbl	
2024-04-24T04:53:13,891  INFO [main] metadata.Hive: Dumping metastore api call timing information for : execution phase
2024-04-24T04:53:13,891  INFO [main] metadata.Hive: Total time spent in each metastore function (ms): {isCompatibleWith_(Configuration)=0}
2024-04-24T04:53:13,891  INFO [main] ql.Driver: Completed executing command(queryId=alex_20240424045312_a800387f-ae62-40e4-9179-10906b35306d); Time taken: 0.021 seconds
2024-04-24T04:53:13,892  INFO [main] lockmgr.DbTxnManager: Stopped heartbeat for query: alex_20240424045312_a800387f-ae62-40e4-9179-10906b35306d
2024-04-24T04:53:13,902  INFO [main] txn.TxnHandler: Expected to move at least one record from txn_components to completed_txn_components when committing txn! txnid:1
2024-04-24T04:53:13,918  INFO [main] txn.TxnHandler: Removed transactions: ([1]) from MIN_HISTORY_LEVEL
2024-04-24T04:53:13,921  WARN [main] txn.CompactionTxnHandler: No compaction queue record found for Compaction type transaction commit. txnId:1
2024-04-24T04:53:13,922  INFO [main] ql.TxnCommandsBaseForTests: Running the query: drop table if exists acidTblPart
2024-04-24T04:53:13,923  INFO [main] ql.Driver: Compiling command(queryId=alex_20240424045313_c14871c7-7d39-418f-a9ac-9e9e2334c5a4): drop table if exists acidTblPart
2024-04-24T04:53:13,928  INFO [main] txn.TxnHandler: Added entries to MIN_HISTORY_LEVEL for current txns: ([2]) with min_open_txn: 1
2024-04-24T04:53:13,929  INFO [main] lockmgr.DbTxnManager: Opened txnid:2
2024-04-24T04:53:13,931  INFO [main] HiveMetaStore.audit: ugi=alex	ip=unknown-ip-addr	cmd=get_table : tbl=hive.default.acidTblPart	
2024-04-24T04:53:13,936  INFO [main] ql.Driver: Semantic Analysis Completed (retrial = false)
2024-04-24T04:53:13,936  INFO [main] ql.Driver: Created Hive schema: Schema(fieldSchemas:null, properties:null)
2024-04-24T04:53:13,936  INFO [main] metadata.Hive: Dumping metastore api call timing information for : compilation phase
2024-04-24T04:53:13,936  INFO [main] metadata.Hive: Total time spent in each metastore function (ms): {isCompatibleWith_(Configuration)=2, openTxn_(String, TxnType)=4, commitTxn_(CommitTxnRequest)=30, flushCache_()=0, getValidTxns_(long)=1}
2024-04-24T04:53:13,936  INFO [main] ql.Driver: Completed compiling command(queryId=alex_20240424045313_c14871c7-7d39-418f-a9ac-9e9e2334c5a4); Time taken: 0.013 seconds
2024-04-24T04:53:13,937  INFO [main] lockmgr.DbTxnManager: Setting lock request transaction to txnid:2 for queryId=alex_20240424045313_c14871c7-7d39-418f-a9ac-9e9e2334c5a4
2024-04-24T04:53:13,937  INFO [main] ql.Driver: Operation DROPTABLE obtained 0 locks
2024-04-24T04:53:13,937  INFO [main] ql.Driver: Executing command(queryId=alex_20240424045313_c14871c7-7d39-418f-a9ac-9e9e2334c5a4): drop table if exists acidTblPart
2024-04-24T04:53:13,937  INFO [main] ql.Driver: Starting task [Stage-0:DDL] in serial mode
2024-04-24T04:53:13,938  INFO [main] HiveMetaStore.audit: ugi=alex	ip=unknown-ip-addr	cmd=get_table : tbl=hive.default.acidTblPart	
2024-04-24T04:53:13,942  INFO [main] metadata.Hive: Dumping metastore api call timing information for : execution phase
2024-04-24T04:53:13,943  INFO [main] metadata.Hive: Total time spent in each metastore function (ms): {isCompatibleWith_(Configuration)=1}
2024-04-24T04:53:13,943  INFO [main] ql.Driver: Completed executing command(queryId=alex_20240424045313_c14871c7-7d39-418f-a9ac-9e9e2334c5a4); Time taken: 0.005 seconds
2024-04-24T04:53:13,943  INFO [main] lockmgr.DbTxnManager: Stopped heartbeat for query: alex_20240424045313_c14871c7-7d39-418f-a9ac-9e9e2334c5a4
2024-04-24T04:53:13,951  INFO [main] txn.TxnHandler: Expected to move at least one record from txn_components to completed_txn_components when committing txn! txnid:2
2024-04-24T04:53:13,960  INFO [main] txn.TxnHandler: Removed transactions: ([2]) from MIN_HISTORY_LEVEL
2024-04-24T04:53:13,960  WARN [main] txn.CompactionTxnHandler: No compaction queue record found for Compaction type transaction commit. txnId:2
2024-04-24T04:53:13,962  INFO [main] ql.TxnCommandsBaseForTests: Running the query: drop table if exists acidTbl2
2024-04-24T04:53:13,962  INFO [main] ql.Driver: Compiling command(queryId=alex_20240424045313_e0d99555-943f-49f0-8e8f-83a2fe7fa65a): drop table if exists acidTbl2
2024-04-24T04:53:13,967  INFO [main] txn.TxnHandler: Added entries to MIN_HISTORY_LEVEL for current txns: ([3]) with min_open_txn: 1
2024-04-24T04:53:13,967  INFO [main] lockmgr.DbTxnManager: Opened txnid:3
2024-04-24T04:53:13,969  INFO [main] HiveMetaStore.audit: ugi=alex	ip=unknown-ip-addr	cmd=get_table : tbl=hive.default.acidTbl2	
2024-04-24T04:53:13,973  INFO [main] ql.Driver: Semantic Analysis Completed (retrial = false)
2024-04-24T04:53:13,974  INFO [main] ql.Driver: Created Hive schema: Schema(fieldSchemas:null, properties:null)
2024-04-24T04:53:13,974  INFO [main] metadata.Hive: Dumping metastore api call timing information for : compilation phase
2024-04-24T04:53:13,974  INFO [main] metadata.Hive: Total time spent in each metastore function (ms): {commitTxn_(CommitTxnRequest)=18, openTxn_(String, TxnType)=3, getValidTxns_(long)=1, isCompatibleWith_(Configuration)=1, flushCache_()=0}
2024-04-24T04:53:13,974  INFO [main] ql.Driver: Completed compiling command(queryId=alex_20240424045313_e0d99555-943f-49f0-8e8f-83a2fe7fa65a); Time taken: 0.012 seconds
2024-04-24T04:53:13,975  INFO [main] lockmgr.DbTxnManager: Setting lock request transaction to txnid:3 for queryId=alex_20240424045313_e0d99555-943f-49f0-8e8f-83a2fe7fa65a
2024-04-24T04:53:13,975  INFO [main] ql.Driver: Operation DROPTABLE obtained 0 locks
2024-04-24T04:53:13,975  INFO [main] ql.Driver: Executing command(queryId=alex_20240424045313_e0d99555-943f-49f0-8e8f-83a2fe7fa65a): drop table if exists acidTbl2
2024-04-24T04:53:13,975  INFO [main] ql.Driver: Starting task [Stage-0:DDL] in serial mode
2024-04-24T04:53:13,976  INFO [main] HiveMetaStore.audit: ugi=alex	ip=unknown-ip-addr	cmd=get_table : tbl=hive.default.acidTbl2	
2024-04-24T04:53:13,980  INFO [main] metadata.Hive: Dumping metastore api call timing information for : execution phase
2024-04-24T04:53:13,981  INFO [main] metadata.Hive: Total time spent in each metastore function (ms): {isCompatibleWith_(Configuration)=1}
2024-04-24T04:53:13,981  INFO [main] ql.Driver: Completed executing command(queryId=alex_20240424045313_e0d99555-943f-49f0-8e8f-83a2fe7fa65a); Time taken: 0.005 seconds
2024-04-24T04:53:13,981  INFO [main] lockmgr.DbTxnManager: Stopped heartbeat for query: alex_20240424045313_e0d99555-943f-49f0-8e8f-83a2fe7fa65a
2024-04-24T04:53:13,989  INFO [main] txn.TxnHandler: Expected to move at least one record from txn_components to completed_txn_components when committing txn! txnid:3
2024-04-24T04:53:13,999  INFO [main] txn.TxnHandler: Removed transactions: ([3]) from MIN_HISTORY_LEVEL
2024-04-24T04:53:13,999  WARN [main] txn.CompactionTxnHandler: No compaction queue record found for Compaction type transaction commit. txnId:3
2024-04-24T04:53:14,001  INFO [main] ql.TxnCommandsBaseForTests: Running the query: drop table if exists nonAcidOrcTbl
2024-04-24T04:53:14,002  INFO [main] ql.Driver: Compiling command(queryId=alex_20240424045314_970359f8-69b2-4238-82d4-afa99cae0d15): drop table if exists nonAcidOrcTbl
2024-04-24T04:53:14,007  INFO [main] txn.TxnHandler: Added entries to MIN_HISTORY_LEVEL for current txns: ([4]) with min_open_txn: 1
2024-04-24T04:53:14,007  INFO [main] lockmgr.DbTxnManager: Opened txnid:4
2024-04-24T04:53:14,009  INFO [main] HiveMetaStore.audit: ugi=alex	ip=unknown-ip-addr	cmd=get_table : tbl=hive.default.nonAcidOrcTbl	
2024-04-24T04:53:14,015  INFO [main] ql.Driver: Semantic Analysis Completed (retrial = false)
2024-04-24T04:53:14,015  INFO [main] ql.Driver: Created Hive schema: Schema(fieldSchemas:null, properties:null)
2024-04-24T04:53:14,016  INFO [main] metadata.Hive: Dumping metastore api call timing information for : compilation phase
2024-04-24T04:53:14,016  INFO [main] metadata.Hive: Total time spent in each metastore function (ms): {getValidTxns_(long)=1, flushCache_()=0, commitTxn_(CommitTxnRequest)=19, isCompatibleWith_(Configuration)=2, openTxn_(String, TxnType)=4}
2024-04-24T04:53:14,016  INFO [main] ql.Driver: Completed compiling command(queryId=alex_20240424045314_970359f8-69b2-4238-82d4-afa99cae0d15); Time taken: 0.014 seconds
2024-04-24T04:53:14,017  INFO [main] lockmgr.DbTxnManager: Setting lock request transaction to txnid:4 for queryId=alex_20240424045314_970359f8-69b2-4238-82d4-afa99cae0d15
2024-04-24T04:53:14,017  INFO [main] ql.Driver: Operation DROPTABLE obtained 0 locks
2024-04-24T04:53:14,017  INFO [main] ql.Driver: Executing command(queryId=alex_20240424045314_970359f8-69b2-4238-82d4-afa99cae0d15): drop table if exists nonAcidOrcTbl
2024-04-24T04:53:14,017  INFO [main] ql.Driver: Starting task [Stage-0:DDL] in serial mode
2024-04-24T04:53:14,018  INFO [main] HiveMetaStore.audit: ugi=alex	ip=unknown-ip-addr	cmd=get_table : tbl=hive.default.nonAcidOrcTbl	
2024-04-24T04:53:14,023  INFO [main] metadata.Hive: Dumping metastore api call timing information for : execution phase
2024-04-24T04:53:14,024  INFO [main] metadata.Hive: Total time spent in each metastore function (ms): {isCompatibleWith_(Configuration)=0}
2024-04-24T04:53:14,024  INFO [main] ql.Driver: Completed executing command(queryId=alex_20240424045314_970359f8-69b2-4238-82d4-afa99cae0d15); Time taken: 0.006 seconds
2024-04-24T04:53:14,024  INFO [main] lockmgr.DbTxnManager: Stopped heartbeat for query: alex_20240424045314_970359f8-69b2-4238-82d4-afa99cae0d15
2024-04-24T04:53:14,034  INFO [main] txn.TxnHandler: Expected to move at least one record from txn_components to completed_txn_components when committing txn! txnid:4
2024-04-24T04:53:14,047  INFO [main] txn.TxnHandler: Removed transactions: ([4]) from MIN_HISTORY_LEVEL
2024-04-24T04:53:14,047  WARN [main] txn.CompactionTxnHandler: No compaction queue record found for Compaction type transaction commit. txnId:4
2024-04-24T04:53:14,048  INFO [main] ql.TxnCommandsBaseForTests: Running the query: drop table if exists nonAcidOrcTbl2
2024-04-24T04:53:14,050  INFO [main] ql.Driver: Compiling command(queryId=alex_20240424045314_701112d8-a30e-4b40-9ccc-001c9c432132): drop table if exists nonAcidOrcTbl2
2024-04-24T04:53:14,055  INFO [main] txn.TxnHandler: Added entries to MIN_HISTORY_LEVEL for current txns: ([5]) with min_open_txn: 1
2024-04-24T04:53:14,056  INFO [main] lockmgr.DbTxnManager: Opened txnid:5
2024-04-24T04:53:14,068  INFO [main] HiveMetaStore.audit: ugi=alex	ip=unknown-ip-addr	cmd=get_table : tbl=hive.default.nonAcidOrcTbl2	
2024-04-24T04:53:14,074  INFO [main] ql.Driver: Semantic Analysis Completed (retrial = false)
2024-04-24T04:53:14,074  INFO [main] ql.Driver: Created Hive schema: Schema(fieldSchemas:null, properties:null)
2024-04-24T04:53:14,074  INFO [main] metadata.Hive: Dumping metastore api call timing information for : compilation phase
2024-04-24T04:53:14,075  INFO [main] metadata.Hive: Total time spent in each metastore function (ms): {openTxn_(String, TxnType)=5, flushCache_()=0, isCompatibleWith_(Configuration)=1, commitTxn_(CommitTxnRequest)=23, getValidTxns_(long)=1}
2024-04-24T04:53:14,075  INFO [main] ql.Driver: Completed compiling command(queryId=alex_20240424045314_701112d8-a30e-4b40-9ccc-001c9c432132); Time taken: 0.024 seconds
2024-04-24T04:53:14,075  INFO [main] lockmgr.DbTxnManager: Setting lock request transaction to txnid:5 for queryId=alex_20240424045314_701112d8-a30e-4b40-9ccc-001c9c432132
2024-04-24T04:53:14,076  INFO [main] ql.Driver: Operation DROPTABLE obtained 0 locks
2024-04-24T04:53:14,076  INFO [main] ql.Driver: Executing command(queryId=alex_20240424045314_701112d8-a30e-4b40-9ccc-001c9c432132): drop table if exists nonAcidOrcTbl2
2024-04-24T04:53:14,076  INFO [main] ql.Driver: Starting task [Stage-0:DDL] in serial mode
2024-04-24T04:53:14,077  INFO [main] HiveMetaStore.audit: ugi=alex	ip=unknown-ip-addr	cmd=get_table : tbl=hive.default.nonAcidOrcTbl2	
2024-04-24T04:53:14,083  INFO [main] metadata.Hive: Dumping metastore api call timing information for : execution phase
2024-04-24T04:53:14,083  INFO [main] metadata.Hive: Total time spent in each metastore function (ms): {isCompatibleWith_(Configuration)=1}
2024-04-24T04:53:14,083  INFO [main] ql.Driver: Completed executing command(queryId=alex_20240424045314_701112d8-a30e-4b40-9ccc-001c9c432132); Time taken: 0.007 seconds
2024-04-24T04:53:14,083  INFO [main] lockmgr.DbTxnManager: Stopped heartbeat for query: alex_20240424045314_701112d8-a30e-4b40-9ccc-001c9c432132
2024-04-24T04:53:14,092  INFO [main] txn.TxnHandler: Expected to move at least one record from txn_components to completed_txn_components when committing txn! txnid:5
2024-04-24T04:53:14,105  INFO [main] txn.TxnHandler: Removed transactions: ([5]) from MIN_HISTORY_LEVEL
2024-04-24T04:53:14,105  WARN [main] txn.CompactionTxnHandler: No compaction queue record found for Compaction type transaction commit. txnId:5
2024-04-24T04:53:14,106  INFO [main] ql.TxnCommandsBaseForTests: Running the query: drop table if exists nonAcidNonBucket
2024-04-24T04:53:14,107  INFO [main] ql.Driver: Compiling command(queryId=alex_20240424045314_d2fff5c8-5710-46cc-bfa5-31d61186abc4): drop table if exists nonAcidNonBucket
2024-04-24T04:53:14,112  INFO [main] txn.TxnHandler: Added entries to MIN_HISTORY_LEVEL for current txns: ([6]) with min_open_txn: 1
2024-04-24T04:53:14,113  INFO [main] lockmgr.DbTxnManager: Opened txnid:6
2024-04-24T04:53:14,115  INFO [main] HiveMetaStore.audit: ugi=alex	ip=unknown-ip-addr	cmd=get_table : tbl=hive.default.nonAcidNonBucket	
2024-04-24T04:53:14,120  INFO [main] ql.Driver: Semantic Analysis Completed (retrial = false)
2024-04-24T04:53:14,120  INFO [main] ql.Driver: Created Hive schema: Schema(fieldSchemas:null, properties:null)
2024-04-24T04:53:14,120  INFO [main] metadata.Hive: Dumping metastore api call timing information for : compilation phase
2024-04-24T04:53:14,121  INFO [main] metadata.Hive: Total time spent in each metastore function (ms): {commitTxn_(CommitTxnRequest)=22, flushCache_()=0, openTxn_(String, TxnType)=5, getValidTxns_(long)=2, isCompatibleWith_(Configuration)=1}
2024-04-24T04:53:14,121  INFO [main] ql.Driver: Completed compiling command(queryId=alex_20240424045314_d2fff5c8-5710-46cc-bfa5-31d61186abc4); Time taken: 0.013 seconds
2024-04-24T04:53:14,121  INFO [main] lockmgr.DbTxnManager: Setting lock request transaction to txnid:6 for queryId=alex_20240424045314_d2fff5c8-5710-46cc-bfa5-31d61186abc4
2024-04-24T04:53:14,121  INFO [main] ql.Driver: Operation DROPTABLE obtained 0 locks
2024-04-24T04:53:14,121  INFO [main] ql.Driver: Executing command(queryId=alex_20240424045314_d2fff5c8-5710-46cc-bfa5-31d61186abc4): drop table if exists nonAcidNonBucket
2024-04-24T04:53:14,122  INFO [main] ql.Driver: Starting task [Stage-0:DDL] in serial mode
2024-04-24T04:53:14,122  INFO [main] HiveMetaStore.audit: ugi=alex	ip=unknown-ip-addr	cmd=get_table : tbl=hive.default.nonAcidNonBucket	
2024-04-24T04:53:14,127  INFO [main] metadata.Hive: Dumping metastore api call timing information for : execution phase
2024-04-24T04:53:14,127  INFO [main] metadata.Hive: Total time spent in each metastore function (ms): {isCompatibleWith_(Configuration)=0}
2024-04-24T04:53:14,127  INFO [main] ql.Driver: Completed executing command(queryId=alex_20240424045314_d2fff5c8-5710-46cc-bfa5-31d61186abc4); Time taken: 0.006 seconds
2024-04-24T04:53:14,127  INFO [main] lockmgr.DbTxnManager: Stopped heartbeat for query: alex_20240424045314_d2fff5c8-5710-46cc-bfa5-31d61186abc4
2024-04-24T04:53:14,138  INFO [main] txn.TxnHandler: Expected to move at least one record from txn_components to completed_txn_components when committing txn! txnid:6
2024-04-24T04:53:14,150  INFO [main] txn.TxnHandler: Removed transactions: ([6]) from MIN_HISTORY_LEVEL
2024-04-24T04:53:14,150  WARN [main] txn.CompactionTxnHandler: No compaction queue record found for Compaction type transaction commit. txnId:6
2024-04-24T04:53:14,151  INFO [main] ql.TxnCommandsBaseForTests: Running the query: create table acidTbl(a int, b int) clustered by (a) into 2 buckets stored as orc TBLPROPERTIES ('transactional'='true')
2024-04-24T04:53:14,152  INFO [main] ql.Driver: Compiling command(queryId=alex_20240424045314_0b813595-52cd-4259-9c33-c334960bd888): create table acidTbl(a int, b int) clustered by (a) into 2 buckets stored as orc TBLPROPERTIES ('transactional'='true')
2024-04-24T04:53:14,226  INFO [main] txn.TxnHandler: Added entries to MIN_HISTORY_LEVEL for current txns: ([7]) with min_open_txn: 1
2024-04-24T04:53:14,227  INFO [main] lockmgr.DbTxnManager: Opened txnid:7
2024-04-24T04:53:14,228  INFO [main] parse.CalcitePlanner: Starting caching scope for: 
2024-04-24T04:53:14,231  INFO [main] parse.CalcitePlanner: Starting Semantic Analysis
2024-04-24T04:53:14,247  INFO [main] parse.CalcitePlanner: Creating table default.acidTbl position=13
2024-04-24T04:53:14,293  INFO [main] HiveMetaStore.audit: ugi=alex	ip=unknown-ip-addr	cmd=get_database: default	
2024-04-24T04:53:14,304  INFO [main] parse.CalcitePlanner: Ending caching scope for: 
2024-04-24T04:53:14,304  INFO [main] ql.Driver: Semantic Analysis Completed (retrial = false)
2024-04-24T04:53:14,304  INFO [main] ql.Driver: Created Hive schema: Schema(fieldSchemas:null, properties:null)
2024-04-24T04:53:14,304  INFO [main] metadata.Hive: Dumping metastore api call timing information for : compilation phase
2024-04-24T04:53:14,304  INFO [main] metadata.Hive: Total time spent in each metastore function (ms): {commitTxn_(CommitTxnRequest)=24, openTxn_(String, TxnType)=4, getDatabase_(String)=4, getValidWriteIds_(List, String)=11, flushCache_()=1, isCompatibleWith_(Configuration)=0, getValidTxns_(long)=1}
2024-04-24T04:53:14,305  INFO [main] ql.Driver: Completed compiling command(queryId=alex_20240424045314_0b813595-52cd-4259-9c33-c334960bd888); Time taken: 0.152 seconds
2024-04-24T04:53:14,305  INFO [main] lockmgr.DbTxnManager: Setting lock request transaction to txnid:7 for queryId=alex_20240424045314_0b813595-52cd-4259-9c33-c334960bd888
2024-04-24T04:53:14,312  INFO [main] lockmgr.DbLockManager: Requesting lock for queryId=alex_20240424045314_0b813595-52cd-4259-9c33-c334960bd888
2024-04-24T04:53:14,372  INFO [main] lockmgr.DbLockManager: Response to queryId=alex_20240424045314_0b813595-52cd-4259-9c33-c334960bd888 LockResponse(lockid:1, state:ACQUIRED)
2024-04-24T04:53:14,372  INFO [main] ql.Driver: Operation CREATETABLE obtained 1 locks
2024-04-24T04:53:14,374  INFO [main] ql.Driver: Executing command(queryId=alex_20240424045314_0b813595-52cd-4259-9c33-c334960bd888): create table acidTbl(a int, b int) clustered by (a) into 2 buckets stored as orc TBLPROPERTIES ('transactional'='true')
2024-04-24T04:53:14,375  INFO [main] ql.Driver: Starting task [Stage-0:DDL] in serial mode
2024-04-24T04:53:14,490  INFO [main] HiveMetaStore.audit: ugi=alex	ip=unknown-ip-addr	cmd=create_table_req: Table(tableName:acidTbl, dbName:default, owner:alex, createTime:1713959594, lastAccessTime:0, retention:0, sd:StorageDescriptor(cols:[FieldSchema(name:a, type:int, comment:null), FieldSchema(name:b, type:int, comment:null)], location:null, inputFormat:org.apache.hadoop.hive.ql.io.orc.OrcInputFormat, outputFormat:org.apache.hadoop.hive.ql.io.orc.OrcOutputFormat, compressed:false, numBuckets:2, serdeInfo:SerDeInfo(name:null, serializationLib:org.apache.hadoop.hive.ql.io.orc.OrcSerde, parameters:{serialization.format=1}), bucketCols:[a], sortCols:[], parameters:{}, skewedInfo:SkewedInfo(skewedColNames:[], skewedColValues:[], skewedColValueLocationMaps:{}), storedAsSubDirectories:false), partitionKeys:[], parameters:{rawDataSize=0, COLUMN_STATS_ACCURATE={"BASIC_STATS":"true","COLUMN_STATS":{"a":"true","b":"true"}}, transactional=true, totalSize=0, numFiles=0, numRows=0, bucketing_version=2, numFilesErasureCoded=0}, viewOriginalText:null, viewExpandedText:null, tableType:MANAGED_TABLE, privileges:PrincipalPrivilegeSet(userPrivileges:{alex=[PrivilegeGrantInfo(privilege:INSERT, createTime:-1, grantor:alex, grantorType:USER, grantOption:true), PrivilegeGrantInfo(privilege:SELECT, createTime:-1, grantor:alex, grantorType:USER, grantOption:true), PrivilegeGrantInfo(privilege:UPDATE, createTime:-1, grantor:alex, grantorType:USER, grantOption:true), PrivilegeGrantInfo(privilege:DELETE, createTime:-1, grantor:alex, grantorType:USER, grantOption:true)]}, groupPrivileges:null, rolePrivileges:null), temporary:false, catName:hive, ownerType:USER, writeId:0)	
2024-04-24T04:53:14,504  INFO [main] utils.FileUtils: Creating directory if it doesn't exist: file:/home/alex/Repositories/hive/ql/target/tmp/org.apache.hadoop.hive.ql.TestTxnCommands3-1713959586346/warehouse/acidtbl
2024-04-24T04:53:14,623  INFO [main] metadata.Hive: Dumping metastore api call timing information for : execution phase
2024-04-24T04:53:14,623  INFO [main] metadata.Hive: Total time spent in each metastore function (ms): {isCompatibleWith_(Configuration)=0, createTable_(Table)=133}
2024-04-24T04:53:14,623  INFO [main] ql.Driver: Completed executing command(queryId=alex_20240424045314_0b813595-52cd-4259-9c33-c334960bd888); Time taken: 0.249 seconds
2024-04-24T04:53:14,623  INFO [main] lockmgr.DbTxnManager: Stopped heartbeat for query: alex_20240424045314_0b813595-52cd-4259-9c33-c334960bd888
2024-04-24T04:53:14,631  INFO [main] txn.TxnHandler: Expected to move at least one record from txn_components to completed_txn_components when committing txn! txnid:7
2024-04-24T04:53:14,641  INFO [main] txn.TxnHandler: Removed transactions: ([7]) from MIN_HISTORY_LEVEL
2024-04-24T04:53:14,642  WARN [main] txn.CompactionTxnHandler: No compaction queue record found for Compaction type transaction commit. txnId:7
2024-04-24T04:53:14,643  INFO [main] ql.TxnCommandsBaseForTests: Running the query: create table acidTblPart(a int, b int) partitioned by (p string) clustered by (a) into 2 buckets stored as orc TBLPROPERTIES ('transactional'='true')
2024-04-24T04:53:14,643  INFO [main] ql.Driver: Compiling command(queryId=alex_20240424045314_2ebdf315-1eb9-4ded-89f2-b8a0876e786f): create table acidTblPart(a int, b int) partitioned by (p string) clustered by (a) into 2 buckets stored as orc TBLPROPERTIES ('transactional'='true')
2024-04-24T04:53:14,649  INFO [main] txn.TxnHandler: Added entries to MIN_HISTORY_LEVEL for current txns: ([8]) with min_open_txn: 1
2024-04-24T04:53:14,650  INFO [main] lockmgr.DbTxnManager: Opened txnid:8
2024-04-24T04:53:14,651  INFO [main] parse.CalcitePlanner: Starting caching scope for: 
2024-04-24T04:53:14,651  INFO [main] parse.CalcitePlanner: Starting Semantic Analysis
2024-04-24T04:53:14,656  INFO [main] parse.CalcitePlanner: Creating table default.acidTblPart position=13
2024-04-24T04:53:14,656  INFO [main] HiveMetaStore.audit: ugi=alex	ip=unknown-ip-addr	cmd=get_database: default	
2024-04-24T04:53:14,659  INFO [main] parse.CalcitePlanner: Ending caching scope for: 
2024-04-24T04:53:14,659  INFO [main] ql.Driver: Semantic Analysis Completed (retrial = false)
2024-04-24T04:53:14,659  INFO [main] ql.Driver: Created Hive schema: Schema(fieldSchemas:null, properties:null)
2024-04-24T04:53:14,659  INFO [main] metadata.Hive: Dumping metastore api call timing information for : compilation phase
2024-04-24T04:53:14,660  INFO [main] metadata.Hive: Total time spent in each metastore function (ms): {getValidTxns_(long)=1, flushCache_()=0, getDatabase_(String)=3, getValidWriteIds_(List, String)=4, openTxn_(String, TxnType)=5, isCompatibleWith_(Configuration)=1, commitTxn_(CommitTxnRequest)=18}
2024-04-24T04:53:14,660  INFO [main] ql.Driver: Completed compiling command(queryId=alex_20240424045314_2ebdf315-1eb9-4ded-89f2-b8a0876e786f); Time taken: 0.016 seconds
2024-04-24T04:53:14,661  INFO [main] lockmgr.DbTxnManager: Setting lock request transaction to txnid:8 for queryId=alex_20240424045314_2ebdf315-1eb9-4ded-89f2-b8a0876e786f
2024-04-24T04:53:14,661  INFO [main] lockmgr.DbLockManager: Requesting lock for queryId=alex_20240424045314_2ebdf315-1eb9-4ded-89f2-b8a0876e786f
2024-04-24T04:53:14,689  INFO [main] lockmgr.DbLockManager: Response to queryId=alex_20240424045314_2ebdf315-1eb9-4ded-89f2-b8a0876e786f LockResponse(lockid:2, state:ACQUIRED)
2024-04-24T04:53:14,689  INFO [main] ql.Driver: Operation CREATETABLE obtained 1 locks
2024-04-24T04:53:14,691  INFO [main] ql.Driver: Executing command(queryId=alex_20240424045314_2ebdf315-1eb9-4ded-89f2-b8a0876e786f): create table acidTblPart(a int, b int) partitioned by (p string) clustered by (a) into 2 buckets stored as orc TBLPROPERTIES ('transactional'='true')
2024-04-24T04:53:14,691  INFO [main] ql.Driver: Starting task [Stage-0:DDL] in serial mode
2024-04-24T04:53:14,692  INFO [main] HiveMetaStore.audit: ugi=alex	ip=unknown-ip-addr	cmd=create_table_req: Table(tableName:acidTblPart, dbName:default, owner:alex, createTime:1713959594, lastAccessTime:0, retention:0, sd:StorageDescriptor(cols:[FieldSchema(name:a, type:int, comment:null), FieldSchema(name:b, type:int, comment:null)], location:null, inputFormat:org.apache.hadoop.hive.ql.io.orc.OrcInputFormat, outputFormat:org.apache.hadoop.hive.ql.io.orc.OrcOutputFormat, compressed:false, numBuckets:2, serdeInfo:SerDeInfo(name:null, serializationLib:org.apache.hadoop.hive.ql.io.orc.OrcSerde, parameters:{serialization.format=1}), bucketCols:[a], sortCols:[], parameters:{}, skewedInfo:SkewedInfo(skewedColNames:[], skewedColValues:[], skewedColValueLocationMaps:{}), storedAsSubDirectories:false), partitionKeys:[FieldSchema(name:p, type:string, comment:null)], parameters:{bucketing_version=2, transactional=true}, viewOriginalText:null, viewExpandedText:null, tableType:MANAGED_TABLE, privileges:PrincipalPrivilegeSet(userPrivileges:{alex=[PrivilegeGrantInfo(privilege:INSERT, createTime:-1, grantor:alex, grantorType:USER, grantOption:true), PrivilegeGrantInfo(privilege:SELECT, createTime:-1, grantor:alex, grantorType:USER, grantOption:true), PrivilegeGrantInfo(privilege:UPDATE, createTime:-1, grantor:alex, grantorType:USER, grantOption:true), PrivilegeGrantInfo(privilege:DELETE, createTime:-1, grantor:alex, grantorType:USER, grantOption:true)]}, groupPrivileges:null, rolePrivileges:null), temporary:false, catName:hive, ownerType:USER, writeId:0)	
2024-04-24T04:53:14,702  INFO [main] utils.FileUtils: Creating directory if it doesn't exist: file:/home/alex/Repositories/hive/ql/target/tmp/org.apache.hadoop.hive.ql.TestTxnCommands3-1713959586346/warehouse/acidtblpart
2024-04-24T04:53:14,730  INFO [main] metadata.Hive: Dumping metastore api call timing information for : execution phase
2024-04-24T04:53:14,731  INFO [main] metadata.Hive: Total time spent in each metastore function (ms): {isCompatibleWith_(Configuration)=0, createTable_(Table)=38}
2024-04-24T04:53:14,731  INFO [main] ql.Driver: Completed executing command(queryId=alex_20240424045314_2ebdf315-1eb9-4ded-89f2-b8a0876e786f); Time taken: 0.039 seconds
2024-04-24T04:53:14,731  INFO [main] lockmgr.DbTxnManager: Stopped heartbeat for query: alex_20240424045314_2ebdf315-1eb9-4ded-89f2-b8a0876e786f
2024-04-24T04:53:14,737  INFO [main] txn.TxnHandler: Expected to move at least one record from txn_components to completed_txn_components when committing txn! txnid:8
2024-04-24T04:53:14,746  INFO [main] txn.TxnHandler: Removed transactions: ([8]) from MIN_HISTORY_LEVEL
2024-04-24T04:53:14,748  WARN [main] txn.CompactionTxnHandler: No compaction queue record found for Compaction type transaction commit. txnId:8
2024-04-24T04:53:14,749  INFO [main] ql.TxnCommandsBaseForTests: Running the query: create table nonAcidOrcTbl(a int, b int) clustered by (a) into 2 buckets stored as orc TBLPROPERTIES ('transactional'='false')
2024-04-24T04:53:14,749  INFO [main] ql.Driver: Compiling command(queryId=alex_20240424045314_0f9a09ed-4d68-465d-9f93-bb9e79b64f46): create table nonAcidOrcTbl(a int, b int) clustered by (a) into 2 buckets stored as orc TBLPROPERTIES ('transactional'='false')
2024-04-24T04:53:14,754  INFO [main] txn.TxnHandler: Added entries to MIN_HISTORY_LEVEL for current txns: ([9]) with min_open_txn: 2
2024-04-24T04:53:14,754  INFO [main] lockmgr.DbTxnManager: Opened txnid:9
2024-04-24T04:53:14,755  INFO [main] parse.CalcitePlanner: Starting caching scope for: 
2024-04-24T04:53:14,755  INFO [main] parse.CalcitePlanner: Starting Semantic Analysis
2024-04-24T04:53:14,759  INFO [main] parse.CalcitePlanner: Creating table default.nonAcidOrcTbl position=13
2024-04-24T04:53:14,760  INFO [main] HiveMetaStore.audit: ugi=alex	ip=unknown-ip-addr	cmd=get_database: default	
2024-04-24T04:53:14,762  INFO [main] parse.CalcitePlanner: Ending caching scope for: 
2024-04-24T04:53:14,762  INFO [main] ql.Driver: Semantic Analysis Completed (retrial = false)
2024-04-24T04:53:14,762  INFO [main] ql.Driver: Created Hive schema: Schema(fieldSchemas:null, properties:null)
2024-04-24T04:53:14,762  INFO [main] metadata.Hive: Dumping metastore api call timing information for : compilation phase
2024-04-24T04:53:14,762  INFO [main] metadata.Hive: Total time spent in each metastore function (ms): {getDatabase_(String)=3, getValidWriteIds_(List, String)=3, flushCache_()=0, getValidTxns_(long)=1, commitTxn_(CommitTxnRequest)=18, isCompatibleWith_(Configuration)=0, openTxn_(String, TxnType)=3}
2024-04-24T04:53:14,762  INFO [main] ql.Driver: Completed compiling command(queryId=alex_20240424045314_0f9a09ed-4d68-465d-9f93-bb9e79b64f46); Time taken: 0.013 seconds
2024-04-24T04:53:14,763  INFO [main] lockmgr.DbTxnManager: Setting lock request transaction to txnid:9 for queryId=alex_20240424045314_0f9a09ed-4d68-465d-9f93-bb9e79b64f46
2024-04-24T04:53:14,763  INFO [main] lockmgr.DbLockManager: Requesting lock for queryId=alex_20240424045314_0f9a09ed-4d68-465d-9f93-bb9e79b64f46
2024-04-24T04:53:14,788  INFO [main] lockmgr.DbLockManager: Response to queryId=alex_20240424045314_0f9a09ed-4d68-465d-9f93-bb9e79b64f46 LockResponse(lockid:3, state:ACQUIRED)
2024-04-24T04:53:14,788  INFO [main] ql.Driver: Operation CREATETABLE obtained 1 locks
2024-04-24T04:53:14,789  INFO [main] ql.Driver: Executing command(queryId=alex_20240424045314_0f9a09ed-4d68-465d-9f93-bb9e79b64f46): create table nonAcidOrcTbl(a int, b int) clustered by (a) into 2 buckets stored as orc TBLPROPERTIES ('transactional'='false')
2024-04-24T04:53:14,789  INFO [main] ql.Driver: Starting task [Stage-0:DDL] in serial mode
2024-04-24T04:53:14,790  INFO [main] HiveMetaStore.audit: ugi=alex	ip=unknown-ip-addr	cmd=create_table_req: Table(tableName:nonAcidOrcTbl, dbName:default, owner:alex, createTime:1713959594, lastAccessTime:0, retention:0, sd:StorageDescriptor(cols:[FieldSchema(name:a, type:int, comment:null), FieldSchema(name:b, type:int, comment:null)], location:null, inputFormat:org.apache.hadoop.hive.ql.io.orc.OrcInputFormat, outputFormat:org.apache.hadoop.hive.ql.io.orc.OrcOutputFormat, compressed:false, numBuckets:2, serdeInfo:SerDeInfo(name:null, serializationLib:org.apache.hadoop.hive.ql.io.orc.OrcSerde, parameters:{serialization.format=1}), bucketCols:[a], sortCols:[], parameters:{}, skewedInfo:SkewedInfo(skewedColNames:[], skewedColValues:[], skewedColValueLocationMaps:{}), storedAsSubDirectories:false), partitionKeys:[], parameters:{totalSize=0, transactional=false, numFilesErasureCoded=0, numRows=0, numFiles=0, COLUMN_STATS_ACCURATE={"BASIC_STATS":"true","COLUMN_STATS":{"a":"true","b":"true"}}, rawDataSize=0, bucketing_version=2}, viewOriginalText:null, viewExpandedText:null, tableType:MANAGED_TABLE, privileges:PrincipalPrivilegeSet(userPrivileges:{alex=[PrivilegeGrantInfo(privilege:INSERT, createTime:-1, grantor:alex, grantorType:USER, grantOption:true), PrivilegeGrantInfo(privilege:SELECT, createTime:-1, grantor:alex, grantorType:USER, grantOption:true), PrivilegeGrantInfo(privilege:UPDATE, createTime:-1, grantor:alex, grantorType:USER, grantOption:true), PrivilegeGrantInfo(privilege:DELETE, createTime:-1, grantor:alex, grantorType:USER, grantOption:true)]}, groupPrivileges:null, rolePrivileges:null), temporary:false, catName:hive, ownerType:USER)	
2024-04-24T04:53:14,798  INFO [main] utils.FileUtils: Creating directory if it doesn't exist: file:/home/alex/Repositories/hive/ql/target/tmp/org.apache.hadoop.hive.ql.TestTxnCommands3-1713959586346/warehouse/nonacidorctbl
2024-04-24T04:53:14,832  INFO [main] metadata.Hive: Dumping metastore api call timing information for : execution phase
2024-04-24T04:53:14,832  INFO [main] metadata.Hive: Total time spent in each metastore function (ms): {isCompatibleWith_(Configuration)=0, createTable_(Table)=42}
2024-04-24T04:53:14,832  INFO [main] ql.Driver: Completed executing command(queryId=alex_20240424045314_0f9a09ed-4d68-465d-9f93-bb9e79b64f46); Time taken: 0.044 seconds
2024-04-24T04:53:14,833  INFO [main] lockmgr.DbTxnManager: Stopped heartbeat for query: alex_20240424045314_0f9a09ed-4d68-465d-9f93-bb9e79b64f46
2024-04-24T04:53:14,838  INFO [main] txn.TxnHandler: Expected to move at least one record from txn_components to completed_txn_components when committing txn! txnid:9
2024-04-24T04:53:14,846  INFO [main] txn.TxnHandler: Removed transactions: ([9]) from MIN_HISTORY_LEVEL
2024-04-24T04:53:14,846  WARN [main] txn.CompactionTxnHandler: No compaction queue record found for Compaction type transaction commit. txnId:9
2024-04-24T04:53:14,847  INFO [main] ql.TxnCommandsBaseForTests: Running the query: create table nonAcidOrcTbl2(a int, b int) clustered by (a) into 2 buckets stored as orc TBLPROPERTIES ('transactional'='false')
2024-04-24T04:53:14,848  INFO [main] ql.Driver: Compiling command(queryId=alex_20240424045314_3b4d7735-cfaa-474f-84c4-7590050e8553): create table nonAcidOrcTbl2(a int, b int) clustered by (a) into 2 buckets stored as orc TBLPROPERTIES ('transactional'='false')
2024-04-24T04:53:14,851  INFO [main] txn.TxnHandler: Added entries to MIN_HISTORY_LEVEL for current txns: ([10]) with min_open_txn: 2
2024-04-24T04:53:14,852  INFO [main] lockmgr.DbTxnManager: Opened txnid:10
2024-04-24T04:53:14,853  INFO [main] parse.CalcitePlanner: Starting caching scope for: 
2024-04-24T04:53:14,853  INFO [main] parse.CalcitePlanner: Starting Semantic Analysis
2024-04-24T04:53:14,858  INFO [main] parse.CalcitePlanner: Creating table default.nonAcidOrcTbl2 position=13
2024-04-24T04:53:14,858  INFO [main] HiveMetaStore.audit: ugi=alex	ip=unknown-ip-addr	cmd=get_database: default	
2024-04-24T04:53:14,860  INFO [main] parse.CalcitePlanner: Ending caching scope for: 
2024-04-24T04:53:14,860  INFO [main] ql.Driver: Semantic Analysis Completed (retrial = false)
2024-04-24T04:53:14,860  INFO [main] ql.Driver: Created Hive schema: Schema(fieldSchemas:null, properties:null)
2024-04-24T04:53:14,860  INFO [main] metadata.Hive: Dumping metastore api call timing information for : compilation phase
2024-04-24T04:53:14,861  INFO [main] metadata.Hive: Total time spent in each metastore function (ms): {getValidWriteIds_(List, String)=4, commitTxn_(CommitTxnRequest)=14, openTxn_(String, TxnType)=3, getValidTxns_(long)=1, flushCache_()=0, getDatabase_(String)=2, isCompatibleWith_(Configuration)=1}
2024-04-24T04:53:14,861  INFO [main] ql.Driver: Completed compiling command(queryId=alex_20240424045314_3b4d7735-cfaa-474f-84c4-7590050e8553); Time taken: 0.013 seconds
2024-04-24T04:53:14,861  INFO [main] lockmgr.DbTxnManager: Setting lock request transaction to txnid:10 for queryId=alex_20240424045314_3b4d7735-cfaa-474f-84c4-7590050e8553
2024-04-24T04:53:14,861  INFO [main] lockmgr.DbLockManager: Requesting lock for queryId=alex_20240424045314_3b4d7735-cfaa-474f-84c4-7590050e8553
2024-04-24T04:53:14,884  INFO [main] lockmgr.DbLockManager: Response to queryId=alex_20240424045314_3b4d7735-cfaa-474f-84c4-7590050e8553 LockResponse(lockid:4, state:ACQUIRED)
2024-04-24T04:53:14,884  INFO [main] ql.Driver: Operation CREATETABLE obtained 1 locks
2024-04-24T04:53:14,884  INFO [main] ql.Driver: Executing command(queryId=alex_20240424045314_3b4d7735-cfaa-474f-84c4-7590050e8553): create table nonAcidOrcTbl2(a int, b int) clustered by (a) into 2 buckets stored as orc TBLPROPERTIES ('transactional'='false')
2024-04-24T04:53:14,884  INFO [main] ql.Driver: Starting task [Stage-0:DDL] in serial mode
2024-04-24T04:53:14,886  INFO [main] HiveMetaStore.audit: ugi=alex	ip=unknown-ip-addr	cmd=create_table_req: Table(tableName:nonAcidOrcTbl2, dbName:default, owner:alex, createTime:1713959594, lastAccessTime:0, retention:0, sd:StorageDescriptor(cols:[FieldSchema(name:a, type:int, comment:null), FieldSchema(name:b, type:int, comment:null)], location:null, inputFormat:org.apache.hadoop.hive.ql.io.orc.OrcInputFormat, outputFormat:org.apache.hadoop.hive.ql.io.orc.OrcOutputFormat, compressed:false, numBuckets:2, serdeInfo:SerDeInfo(name:null, serializationLib:org.apache.hadoop.hive.ql.io.orc.OrcSerde, parameters:{serialization.format=1}), bucketCols:[a], sortCols:[], parameters:{}, skewedInfo:SkewedInfo(skewedColNames:[], skewedColValues:[], skewedColValueLocationMaps:{}), storedAsSubDirectories:false), partitionKeys:[], parameters:{rawDataSize=0, bucketing_version=2, transactional=false, COLUMN_STATS_ACCURATE={"BASIC_STATS":"true","COLUMN_STATS":{"a":"true","b":"true"}}, numFilesErasureCoded=0, numFiles=0, numRows=0, totalSize=0}, viewOriginalText:null, viewExpandedText:null, tableType:MANAGED_TABLE, privileges:PrincipalPrivilegeSet(userPrivileges:{alex=[PrivilegeGrantInfo(privilege:INSERT, createTime:-1, grantor:alex, grantorType:USER, grantOption:true), PrivilegeGrantInfo(privilege:SELECT, createTime:-1, grantor:alex, grantorType:USER, grantOption:true), PrivilegeGrantInfo(privilege:UPDATE, createTime:-1, grantor:alex, grantorType:USER, grantOption:true), PrivilegeGrantInfo(privilege:DELETE, createTime:-1, grantor:alex, grantorType:USER, grantOption:true)]}, groupPrivileges:null, rolePrivileges:null), temporary:false, catName:hive, ownerType:USER)	
2024-04-24T04:53:14,894  INFO [main] utils.FileUtils: Creating directory if it doesn't exist: file:/home/alex/Repositories/hive/ql/target/tmp/org.apache.hadoop.hive.ql.TestTxnCommands3-1713959586346/warehouse/nonacidorctbl2
2024-04-24T04:53:14,934  INFO [main] metadata.Hive: Dumping metastore api call timing information for : execution phase
2024-04-24T04:53:14,934  INFO [main] metadata.Hive: Total time spent in each metastore function (ms): {createTable_(Table)=47, isCompatibleWith_(Configuration)=1}
2024-04-24T04:53:14,934  INFO [main] ql.Driver: Completed executing command(queryId=alex_20240424045314_3b4d7735-cfaa-474f-84c4-7590050e8553); Time taken: 0.05 seconds
2024-04-24T04:53:14,934  INFO [main] lockmgr.DbTxnManager: Stopped heartbeat for query: alex_20240424045314_3b4d7735-cfaa-474f-84c4-7590050e8553
2024-04-24T04:53:14,942  INFO [main] txn.TxnHandler: Expected to move at least one record from txn_components to completed_txn_components when committing txn! txnid:10
2024-04-24T04:53:14,954  INFO [main] txn.TxnHandler: Removed transactions: ([10]) from MIN_HISTORY_LEVEL
2024-04-24T04:53:14,954  WARN [main] txn.CompactionTxnHandler: No compaction queue record found for Compaction type transaction commit. txnId:10
2024-04-24T04:53:14,955  INFO [main] ql.TxnCommandsBaseForTests: Running the query: create temporary  table acidTbl2(a int, b int, c int) clustered by (c) into 2 buckets stored as orc TBLPROPERTIES ('transactional'='true')
2024-04-24T04:53:14,956  INFO [main] ql.Driver: Compiling command(queryId=alex_20240424045314_6e9507fc-a725-40c8-b434-cc9e5019f5c8): create temporary  table acidTbl2(a int, b int, c int) clustered by (c) into 2 buckets stored as orc TBLPROPERTIES ('transactional'='true')
2024-04-24T04:53:14,962  INFO [main] txn.TxnHandler: Added entries to MIN_HISTORY_LEVEL for current txns: ([11]) with min_open_txn: 3
2024-04-24T04:53:14,963  INFO [main] lockmgr.DbTxnManager: Opened txnid:11
2024-04-24T04:53:14,965  INFO [main] parse.CalcitePlanner: Starting caching scope for: 
2024-04-24T04:53:14,965  INFO [main] parse.CalcitePlanner: Starting Semantic Analysis
2024-04-24T04:53:14,969  INFO [main] parse.CalcitePlanner: Creating table default.acidTbl2 position=24
2024-04-24T04:53:14,970  INFO [main] HiveMetaStore.audit: ugi=alex	ip=unknown-ip-addr	cmd=get_database: default	
2024-04-24T04:53:14,973  INFO [main] parse.CalcitePlanner: Ending caching scope for: 
2024-04-24T04:53:14,973  INFO [main] ql.Driver: Semantic Analysis Completed (retrial = false)
2024-04-24T04:53:14,973  INFO [main] ql.Driver: Created Hive schema: Schema(fieldSchemas:null, properties:null)
2024-04-24T04:53:14,973  INFO [main] metadata.Hive: Dumping metastore api call timing information for : compilation phase
2024-04-24T04:53:14,973  INFO [main] metadata.Hive: Total time spent in each metastore function (ms): {commitTxn_(CommitTxnRequest)=20, getDatabase_(String)=3, openTxn_(String, TxnType)=5, getValidWriteIds_(List, String)=4, isCompatibleWith_(Configuration)=1, getValidTxns_(long)=1, flushCache_()=1}
2024-04-24T04:53:14,973  INFO [main] ql.Driver: Completed compiling command(queryId=alex_20240424045314_6e9507fc-a725-40c8-b434-cc9e5019f5c8); Time taken: 0.017 seconds
2024-04-24T04:53:14,973  INFO [main] lockmgr.DbTxnManager: Setting lock request transaction to txnid:11 for queryId=alex_20240424045314_6e9507fc-a725-40c8-b434-cc9e5019f5c8
2024-04-24T04:53:14,974  INFO [main] lockmgr.DbLockManager: Requesting lock for queryId=alex_20240424045314_6e9507fc-a725-40c8-b434-cc9e5019f5c8
2024-04-24T04:53:15,002  INFO [main] lockmgr.DbLockManager: Response to queryId=alex_20240424045314_6e9507fc-a725-40c8-b434-cc9e5019f5c8 LockResponse(lockid:5, state:ACQUIRED)
2024-04-24T04:53:15,002  INFO [main] ql.Driver: Operation CREATETABLE obtained 1 locks
2024-04-24T04:53:15,003  INFO [main] ql.Driver: Executing command(queryId=alex_20240424045314_6e9507fc-a725-40c8-b434-cc9e5019f5c8): create temporary  table acidTbl2(a int, b int, c int) clustered by (c) into 2 buckets stored as orc TBLPROPERTIES ('transactional'='true')
2024-04-24T04:53:15,004  INFO [main] ql.Driver: Starting task [Stage-0:DDL] in serial mode
2024-04-24T04:53:15,007  INFO [main] utils.FileUtils: Creating directory if it doesn't exist: file:/home/alex/Repositories/hive/ql/target/tmp/scratchdir/alex/2e9ea6e1-a13e-47ab-948d-27986a04afa9/_tmp_space.db/6e5c990c-904b-4c15-80be-6825f8c3905f
2024-04-24T04:53:15,011  INFO [main] metadata.Hive: Dumping metastore api call timing information for : execution phase
2024-04-24T04:53:15,011  INFO [main] metadata.Hive: Total time spent in each metastore function (ms): {createTable_(Table)=4, isCompatibleWith_(Configuration)=0}
2024-04-24T04:53:15,012  INFO [main] ql.Driver: Completed executing command(queryId=alex_20240424045314_6e9507fc-a725-40c8-b434-cc9e5019f5c8); Time taken: 0.008 seconds
2024-04-24T04:53:15,012  INFO [main] lockmgr.DbTxnManager: Stopped heartbeat for query: alex_20240424045314_6e9507fc-a725-40c8-b434-cc9e5019f5c8
2024-04-24T04:53:15,018  INFO [main] txn.TxnHandler: Expected to move at least one record from txn_components to completed_txn_components when committing txn! txnid:11
2024-04-24T04:53:15,027  INFO [main] txn.TxnHandler: Removed transactions: ([11]) from MIN_HISTORY_LEVEL
2024-04-24T04:53:15,028  WARN [main] txn.CompactionTxnHandler: No compaction queue record found for Compaction type transaction commit. txnId:11
2024-04-24T04:53:15,029  INFO [main] ql.TxnCommandsBaseForTests: Running the query: create table nonAcidNonBucket(a int, b int) stored as orc TBLPROPERTIES ('transactional'='false')
2024-04-24T04:53:15,029  INFO [main] ql.Driver: Compiling command(queryId=alex_20240424045315_d7f7b9e3-7b07-4b7e-982a-825b597fe6cc): create table nonAcidNonBucket(a int, b int) stored as orc TBLPROPERTIES ('transactional'='false')
2024-04-24T04:53:15,033  INFO [main] txn.TxnHandler: Added entries to MIN_HISTORY_LEVEL for current txns: ([12]) with min_open_txn: 5
2024-04-24T04:53:15,034  INFO [main] lockmgr.DbTxnManager: Opened txnid:12
2024-04-24T04:53:15,035  INFO [main] parse.CalcitePlanner: Starting caching scope for: 
2024-04-24T04:53:15,035  INFO [main] parse.CalcitePlanner: Starting Semantic Analysis
2024-04-24T04:53:15,039  INFO [main] parse.CalcitePlanner: Creating table default.nonAcidNonBucket position=13
2024-04-24T04:53:15,039  INFO [main] HiveMetaStore.audit: ugi=alex	ip=unknown-ip-addr	cmd=get_database: default	
2024-04-24T04:53:15,041  INFO [main] parse.CalcitePlanner: Ending caching scope for: 
2024-04-24T04:53:15,041  INFO [main] ql.Driver: Semantic Analysis Completed (retrial = false)
2024-04-24T04:53:15,041  INFO [main] ql.Driver: Created Hive schema: Schema(fieldSchemas:null, properties:null)
2024-04-24T04:53:15,042  INFO [main] metadata.Hive: Dumping metastore api call timing information for : compilation phase
2024-04-24T04:53:15,042  INFO [main] metadata.Hive: Total time spent in each metastore function (ms): {isCompatibleWith_(Configuration)=1, openTxn_(String, TxnType)=3, getDatabase_(String)=2, flushCache_()=0, commitTxn_(CommitTxnRequest)=17, getValidWriteIds_(List, String)=3, getValidTxns_(long)=1}
2024-04-24T04:53:15,042  INFO [main] ql.Driver: Completed compiling command(queryId=alex_20240424045315_d7f7b9e3-7b07-4b7e-982a-825b597fe6cc); Time taken: 0.013 seconds
2024-04-24T04:53:15,042  INFO [main] lockmgr.DbTxnManager: Setting lock request transaction to txnid:12 for queryId=alex_20240424045315_d7f7b9e3-7b07-4b7e-982a-825b597fe6cc
2024-04-24T04:53:15,043  INFO [main] lockmgr.DbLockManager: Requesting lock for queryId=alex_20240424045315_d7f7b9e3-7b07-4b7e-982a-825b597fe6cc
2024-04-24T04:53:15,066  INFO [main] lockmgr.DbLockManager: Response to queryId=alex_20240424045315_d7f7b9e3-7b07-4b7e-982a-825b597fe6cc LockResponse(lockid:6, state:ACQUIRED)
2024-04-24T04:53:15,067  INFO [main] ql.Driver: Operation CREATETABLE obtained 1 locks
2024-04-24T04:53:15,067  INFO [main] ql.Driver: Executing command(queryId=alex_20240424045315_d7f7b9e3-7b07-4b7e-982a-825b597fe6cc): create table nonAcidNonBucket(a int, b int) stored as orc TBLPROPERTIES ('transactional'='false')
2024-04-24T04:53:15,067  INFO [main] ql.Driver: Starting task [Stage-0:DDL] in serial mode
2024-04-24T04:53:15,068  INFO [main] HiveMetaStore.audit: ugi=alex	ip=unknown-ip-addr	cmd=create_table_req: Table(tableName:nonAcidNonBucket, dbName:default, owner:alex, createTime:1713959595, lastAccessTime:0, retention:0, sd:StorageDescriptor(cols:[FieldSchema(name:a, type:int, comment:null), FieldSchema(name:b, type:int, comment:null)], location:null, inputFormat:org.apache.hadoop.hive.ql.io.orc.OrcInputFormat, outputFormat:org.apache.hadoop.hive.ql.io.orc.OrcOutputFormat, compressed:false, numBuckets:-1, serdeInfo:SerDeInfo(name:null, serializationLib:org.apache.hadoop.hive.ql.io.orc.OrcSerde, parameters:{serialization.format=1}), bucketCols:[], sortCols:[], parameters:{}, skewedInfo:SkewedInfo(skewedColNames:[], skewedColValues:[], skewedColValueLocationMaps:{}), storedAsSubDirectories:false), partitionKeys:[], parameters:{bucketing_version=2, numFilesErasureCoded=0, transactional=false, rawDataSize=0, numRows=0, COLUMN_STATS_ACCURATE={"BASIC_STATS":"true","COLUMN_STATS":{"a":"true","b":"true"}}, totalSize=0, numFiles=0}, viewOriginalText:null, viewExpandedText:null, tableType:MANAGED_TABLE, privileges:PrincipalPrivilegeSet(userPrivileges:{alex=[PrivilegeGrantInfo(privilege:INSERT, createTime:-1, grantor:alex, grantorType:USER, grantOption:true), PrivilegeGrantInfo(privilege:SELECT, createTime:-1, grantor:alex, grantorType:USER, grantOption:true), PrivilegeGrantInfo(privilege:UPDATE, createTime:-1, grantor:alex, grantorType:USER, grantOption:true), PrivilegeGrantInfo(privilege:DELETE, createTime:-1, grantor:alex, grantorType:USER, grantOption:true)]}, groupPrivileges:null, rolePrivileges:null), temporary:false, catName:hive, ownerType:USER)	
2024-04-24T04:53:15,076  INFO [main] utils.FileUtils: Creating directory if it doesn't exist: file:/home/alex/Repositories/hive/ql/target/tmp/org.apache.hadoop.hive.ql.TestTxnCommands3-1713959586346/warehouse/nonacidnonbucket
2024-04-24T04:53:15,106  INFO [main] metadata.Hive: Dumping metastore api call timing information for : execution phase
2024-04-24T04:53:15,106  INFO [main] metadata.Hive: Total time spent in each metastore function (ms): {createTable_(Table)=38, isCompatibleWith_(Configuration)=0}
2024-04-24T04:53:15,106  INFO [main] ql.Driver: Completed executing command(queryId=alex_20240424045315_d7f7b9e3-7b07-4b7e-982a-825b597fe6cc); Time taken: 0.039 seconds
2024-04-24T04:53:15,107  INFO [main] lockmgr.DbTxnManager: Stopped heartbeat for query: alex_20240424045315_d7f7b9e3-7b07-4b7e-982a-825b597fe6cc
2024-04-24T04:53:15,113  INFO [main] txn.TxnHandler: Expected to move at least one record from txn_components to completed_txn_components when committing txn! txnid:12
2024-04-24T04:53:15,124  INFO [main] txn.TxnHandler: Removed transactions: ([12]) from MIN_HISTORY_LEVEL
2024-04-24T04:53:15,125  WARN [main] txn.CompactionTxnHandler: No compaction queue record found for Compaction type transaction commit. txnId:12
2024-04-24T04:53:15,126  INFO [main] metastore.HiveMetaStoreClientWithLocalCache: Initializing local cache in HiveMetaStoreClient...
2024-04-24T04:53:15,152  INFO [main] metastore.HiveMetaStoreClientWithLocalCache: Local cache initialized in HiveMetaStoreClient: com.github.benmanes.caffeine.cache.BoundedLocalCache$BoundedLocalManualCache@32c0fecc
2024-04-24T04:53:15,152  INFO [main] ql.TxnCommandsBaseForTests: Running the query: drop table if exists acid_uap
2024-04-24T04:53:15,153  INFO [main] ql.Driver: Compiling command(queryId=alex_20240424045315_2f2a866f-6ea3-474d-a681-d05a1a2f0563): drop table if exists acid_uap
2024-04-24T04:53:15,157  INFO [main] txn.TxnHandler: Added entries to MIN_HISTORY_LEVEL for current txns: ([13]) with min_open_txn: 7
2024-04-24T04:53:15,157  INFO [main] lockmgr.DbTxnManager: Opened txnid:13
2024-04-24T04:53:15,160  INFO [main] HiveMetaStore.audit: ugi=alex	ip=unknown-ip-addr	cmd=get_table : tbl=hive.default.acid_uap	
2024-04-24T04:53:15,165  INFO [main] ql.Driver: Semantic Analysis Completed (retrial = false)
2024-04-24T04:53:15,166  INFO [main] ql.Driver: Created Hive schema: Schema(fieldSchemas:null, properties:null)
2024-04-24T04:53:15,166  INFO [main] metadata.Hive: Dumping metastore api call timing information for : compilation phase
2024-04-24T04:53:15,166  INFO [main] metadata.Hive: Total time spent in each metastore function (ms): {commitTxn_(CommitTxnRequest)=18, getValidTxns_(long)=1, isCompatibleWith_(Configuration)=1, openTxn_(String, TxnType)=3, flushCache_()=0}
2024-04-24T04:53:15,166  INFO [main] ql.Driver: Completed compiling command(queryId=alex_20240424045315_2f2a866f-6ea3-474d-a681-d05a1a2f0563); Time taken: 0.013 seconds
2024-04-24T04:53:15,167  INFO [main] lockmgr.DbTxnManager: Setting lock request transaction to txnid:13 for queryId=alex_20240424045315_2f2a866f-6ea3-474d-a681-d05a1a2f0563
2024-04-24T04:53:15,167  INFO [main] ql.Driver: Operation DROPTABLE obtained 0 locks
2024-04-24T04:53:15,167  INFO [main] ql.Driver: Executing command(queryId=alex_20240424045315_2f2a866f-6ea3-474d-a681-d05a1a2f0563): drop table if exists acid_uap
2024-04-24T04:53:15,167  INFO [main] ql.Driver: Starting task [Stage-0:DDL] in serial mode
2024-04-24T04:53:15,168  INFO [main] HiveMetaStore.audit: ugi=alex	ip=unknown-ip-addr	cmd=get_table : tbl=hive.default.acid_uap	
2024-04-24T04:53:15,172  INFO [main] metadata.Hive: Dumping metastore api call timing information for : execution phase
2024-04-24T04:53:15,172  INFO [main] metadata.Hive: Total time spent in each metastore function (ms): {isCompatibleWith_(Configuration)=0}
2024-04-24T04:53:15,173  INFO [main] ql.Driver: Completed executing command(queryId=alex_20240424045315_2f2a866f-6ea3-474d-a681-d05a1a2f0563); Time taken: 0.005 seconds
2024-04-24T04:53:15,173  INFO [main] lockmgr.DbTxnManager: Stopped heartbeat for query: alex_20240424045315_2f2a866f-6ea3-474d-a681-d05a1a2f0563
2024-04-24T04:53:15,182  INFO [main] txn.TxnHandler: Expected to move at least one record from txn_components to completed_txn_components when committing txn! txnid:13
2024-04-24T04:53:15,190  INFO [main] txn.TxnHandler: Removed transactions: ([13]) from MIN_HISTORY_LEVEL
2024-04-24T04:53:15,190  WARN [main] txn.CompactionTxnHandler: No compaction queue record found for Compaction type transaction commit. txnId:13
2024-04-24T04:53:15,191  INFO [main] ql.TxnCommandsBaseForTests: Running the query: create transactional table acid_uap(a int, b varchar(128)) partitioned by (ds string) clustered by (a) into 2 buckets stored as orc TBLPROPERTIES ('bucketing_version'='1')
2024-04-24T04:53:15,192  INFO [main] ql.Driver: Compiling command(queryId=alex_20240424045315_5773c594-76e1-430e-8c29-6f1a7ba32d96): create transactional table acid_uap(a int, b varchar(128)) partitioned by (ds string) clustered by (a) into 2 buckets stored as orc TBLPROPERTIES ('bucketing_version'='1')
2024-04-24T04:53:15,196  INFO [main] txn.TxnHandler: Added entries to MIN_HISTORY_LEVEL for current txns: ([14]) with min_open_txn: 7
2024-04-24T04:53:15,196  INFO [main] lockmgr.DbTxnManager: Opened txnid:14
2024-04-24T04:53:15,197  INFO [main] parse.CalcitePlanner: Starting caching scope for: 
2024-04-24T04:53:15,197  INFO [main] parse.CalcitePlanner: Starting Semantic Analysis
2024-04-24T04:53:15,201  INFO [main] parse.CalcitePlanner: Creating table default.acid_uap position=27
2024-04-24T04:53:15,201  INFO [main] parse.CalcitePlanner: Automatically chose to make default.acid_uap acid.
2024-04-24T04:53:15,201  INFO [main] HiveMetaStore.audit: ugi=alex	ip=unknown-ip-addr	cmd=get_database: default	
2024-04-24T04:53:15,203  INFO [main] parse.CalcitePlanner: Ending caching scope for: 
2024-04-24T04:53:15,203  INFO [main] ql.Driver: Semantic Analysis Completed (retrial = false)
2024-04-24T04:53:15,204  INFO [main] ql.Driver: Created Hive schema: Schema(fieldSchemas:null, properties:null)
2024-04-24T04:53:15,204  INFO [main] metadata.Hive: Dumping metastore api call timing information for : compilation phase
2024-04-24T04:53:15,204  INFO [main] metadata.Hive: Total time spent in each metastore function (ms): {flushCache_()=0, getDatabase_(String)=2, isCompatibleWith_(Configuration)=0, commitTxn_(CommitTxnRequest)=18, openTxn_(String, TxnType)=3, getValidWriteIds_(List, String)=3, getValidTxns_(long)=1}
2024-04-24T04:53:15,204  INFO [main] ql.Driver: Completed compiling command(queryId=alex_20240424045315_5773c594-76e1-430e-8c29-6f1a7ba32d96); Time taken: 0.012 seconds
2024-04-24T04:53:15,204  INFO [main] lockmgr.DbTxnManager: Setting lock request transaction to txnid:14 for queryId=alex_20240424045315_5773c594-76e1-430e-8c29-6f1a7ba32d96
2024-04-24T04:53:15,204  INFO [main] lockmgr.DbLockManager: Requesting lock for queryId=alex_20240424045315_5773c594-76e1-430e-8c29-6f1a7ba32d96
2024-04-24T04:53:15,227  INFO [main] lockmgr.DbLockManager: Response to queryId=alex_20240424045315_5773c594-76e1-430e-8c29-6f1a7ba32d96 LockResponse(lockid:7, state:ACQUIRED)
2024-04-24T04:53:15,227  INFO [main] ql.Driver: Operation CREATETABLE obtained 1 locks
2024-04-24T04:53:15,228  INFO [main] ql.Driver: Executing command(queryId=alex_20240424045315_5773c594-76e1-430e-8c29-6f1a7ba32d96): create transactional table acid_uap(a int, b varchar(128)) partitioned by (ds string) clustered by (a) into 2 buckets stored as orc TBLPROPERTIES ('bucketing_version'='1')
2024-04-24T04:53:15,228  INFO [main] ql.Driver: Starting task [Stage-0:DDL] in serial mode
2024-04-24T04:53:15,230  INFO [main] HiveMetaStore.audit: ugi=alex	ip=unknown-ip-addr	cmd=create_table_req: Table(tableName:acid_uap, dbName:default, owner:alex, createTime:1713959595, lastAccessTime:0, retention:0, sd:StorageDescriptor(cols:[FieldSchema(name:a, type:int, comment:null), FieldSchema(name:b, type:varchar(128), comment:null)], location:null, inputFormat:org.apache.hadoop.hive.ql.io.orc.OrcInputFormat, outputFormat:org.apache.hadoop.hive.ql.io.orc.OrcOutputFormat, compressed:false, numBuckets:2, serdeInfo:SerDeInfo(name:null, serializationLib:org.apache.hadoop.hive.ql.io.orc.OrcSerde, parameters:{serialization.format=1}), bucketCols:[a], sortCols:[], parameters:{}, skewedInfo:SkewedInfo(skewedColNames:[], skewedColValues:[], skewedColValueLocationMaps:{}), storedAsSubDirectories:false), partitionKeys:[FieldSchema(name:ds, type:string, comment:null)], parameters:{bucketing_version=1, transactional_properties=default, transactional=true}, viewOriginalText:null, viewExpandedText:null, tableType:MANAGED_TABLE, privileges:PrincipalPrivilegeSet(userPrivileges:{alex=[PrivilegeGrantInfo(privilege:INSERT, createTime:-1, grantor:alex, grantorType:USER, grantOption:true), PrivilegeGrantInfo(privilege:SELECT, createTime:-1, grantor:alex, grantorType:USER, grantOption:true), PrivilegeGrantInfo(privilege:UPDATE, createTime:-1, grantor:alex, grantorType:USER, grantOption:true), PrivilegeGrantInfo(privilege:DELETE, createTime:-1, grantor:alex, grantorType:USER, grantOption:true)]}, groupPrivileges:null, rolePrivileges:null), temporary:false, catName:hive, ownerType:USER, writeId:0)	
2024-04-24T04:53:15,238  INFO [main] utils.FileUtils: Creating directory if it doesn't exist: file:/home/alex/Repositories/hive/ql/target/tmp/org.apache.hadoop.hive.ql.TestTxnCommands3-1713959586346/warehouse/acid_uap
2024-04-24T04:53:15,268  INFO [main] metadata.Hive: Dumping metastore api call timing information for : execution phase
2024-04-24T04:53:15,268  INFO [main] metadata.Hive: Total time spent in each metastore function (ms): {isCompatibleWith_(Configuration)=0, createTable_(Table)=39}
2024-04-24T04:53:15,269  INFO [main] ql.Driver: Completed executing command(queryId=alex_20240424045315_5773c594-76e1-430e-8c29-6f1a7ba32d96); Time taken: 0.04 seconds
2024-04-24T04:53:15,269  INFO [main] lockmgr.DbTxnManager: Stopped heartbeat for query: alex_20240424045315_5773c594-76e1-430e-8c29-6f1a7ba32d96
2024-04-24T04:53:15,275  INFO [main] txn.TxnHandler: Expected to move at least one record from txn_components to completed_txn_components when committing txn! txnid:14
2024-04-24T04:53:15,285  INFO [main] txn.TxnHandler: Removed transactions: ([14]) from MIN_HISTORY_LEVEL
2024-04-24T04:53:15,288  WARN [main] txn.CompactionTxnHandler: No compaction queue record found for Compaction type transaction commit. txnId:14
2024-04-24T04:53:15,289  INFO [main] ql.TxnCommandsBaseForTests: Running the query: insert into table acid_uap partition (ds='tomorrow') values (1, 'bah'),(2, 'yah')
2024-04-24T04:53:15,290  INFO [main] ql.Driver: Compiling command(queryId=alex_20240424045315_51820788-e87f-400b-b0e1-b6c619ba1ac1): insert into table acid_uap partition (ds='tomorrow') values (1, 'bah'),(2, 'yah')
2024-04-24T04:53:15,298  INFO [main] txn.TxnHandler: Added entries to MIN_HISTORY_LEVEL for current txns: ([15]) with min_open_txn: 8
2024-04-24T04:53:15,298  INFO [main] lockmgr.DbTxnManager: Opened txnid:15
2024-04-24T04:53:15,300  INFO [main] parse.CalcitePlanner: Starting caching scope for: 
2024-04-24T04:53:15,300  INFO [main] parse.CalcitePlanner: Starting Semantic Analysis
2024-04-24T04:53:15,889  WARN [main] exec.FunctionRegistry: UDF Class org.apache.datasketches.hive.tuple.ArrayOfDoublesSketchToValuesUDTF does not have description. Please annotate the class with the org.apache.hadoop.hive.ql.exec.Description annotation and provide the description of the function.
2024-04-24T04:53:15,898  WARN [main] exec.FunctionRegistry: UDF Class org.apache.datasketches.hive.theta.ExcludeSketchUDF does not have description. Please annotate the class with the org.apache.hadoop.hive.ql.exec.Description annotation and provide the description of the function.
2024-04-24T04:53:15,898  WARN [main] exec.FunctionRegistry: UDF Class org.apache.datasketches.hive.theta.IntersectSketchUDF does not have description. Please annotate the class with the org.apache.hadoop.hive.ql.exec.Description annotation and provide the description of the function.
2024-04-24T04:53:15,899  WARN [main] exec.FunctionRegistry: UDF Class org.apache.datasketches.hive.theta.EstimateSketchUDF does not have description. Please annotate the class with the org.apache.hadoop.hive.ql.exec.Description annotation and provide the description of the function.
2024-04-24T04:53:15,899  WARN [main] exec.FunctionRegistry: UDF Class org.apache.datasketches.hive.theta.UnionSketchUDF does not have description. Please annotate the class with the org.apache.hadoop.hive.ql.exec.Description annotation and provide the description of the function.
2024-04-24T04:53:15,900  WARN [main] exec.FunctionRegistry: UDF Class org.apache.datasketches.hive.hll.UnionSketchUDF does not have description. Please annotate the class with the org.apache.hadoop.hive.ql.exec.Description annotation and provide the description of the function.
2024-04-24T04:53:15,903  WARN [main] exec.FunctionRegistry: UDF Class org.apache.datasketches.hive.cpc.UnionSketchUDF does not have description. Please annotate the class with the org.apache.hadoop.hive.ql.exec.Description annotation and provide the description of the function.
2024-04-24T04:53:15,949  INFO [main] HiveMetaStore.audit: ugi=alex	ip=unknown-ip-addr	cmd=get_table : tbl=hive.default.acid_uap	
2024-04-24T04:53:16,001  INFO [main] metastore.HMSHandler: Skipping translation for processor with null
2024-04-24T04:53:16,001  INFO [main] parse.CalcitePlanner: Completed phase 1 of Semantic Analysis
2024-04-24T04:53:16,001  INFO [main] parse.CalcitePlanner: Get metadata for source tables
2024-04-24T04:53:16,001  INFO [main] parse.CalcitePlanner: Get metadata for subqueries
2024-04-24T04:53:16,001  INFO [main] parse.CalcitePlanner: Get metadata for destination tables
2024-04-24T04:53:16,005  INFO [main] HiveMetaStore.audit: ugi=alex	ip=unknown-ip-addr	cmd=get_table : tbl=hive.default.acid_uap	
2024-04-24T04:53:16,019  INFO [main] metastore.HMSHandler: Skipping translation for processor with null
2024-04-24T04:53:16,035  INFO [main] HiveMetaStore.audit: ugi=alex	ip=unknown-ip-addr	cmd=get_partition_with_auth : tbl=hive.default.acid_uap[tomorrow]	
2024-04-24T04:53:16,051  INFO [main] parse.CalcitePlanner: Completed getting MetaData in Semantic Analysis
2024-04-24T04:53:16,051  INFO [main] parse.CalcitePlanner: Disabling LLAP IO encode as ETL query is detected
2024-04-24T04:53:17,381  INFO [main] HiveMetaStore.audit: ugi=alex	ip=unknown-ip-addr	cmd=get_all_table_constraints : tbl=hive._dummy_database._dummy_table	
2024-04-24T04:53:18,102  INFO [main] parse.CalcitePlanner: Get metadata for source tables
2024-04-24T04:53:18,102  INFO [main] parse.CalcitePlanner: Get metadata for subqueries
2024-04-24T04:53:18,102  INFO [main] parse.CalcitePlanner: Get metadata for source tables
2024-04-24T04:53:18,104  INFO [main] HiveMetaStore.audit: ugi=alex	ip=unknown-ip-addr	cmd=get_table : tbl=hive._dummy_database._dummy_table	
2024-04-24T04:53:18,107  INFO [main] parse.CalcitePlanner: Get metadata for subqueries
2024-04-24T04:53:18,107  INFO [main] parse.CalcitePlanner: Get metadata for destination tables
2024-04-24T04:53:18,107  INFO [main] parse.CalcitePlanner: Get metadata for destination tables
2024-04-24T04:53:18,107  INFO [main] HiveMetaStore.audit: ugi=alex	ip=unknown-ip-addr	cmd=get_table : tbl=hive.default.acid_uap	
2024-04-24T04:53:18,119  INFO [main] metastore.HMSHandler: Skipping translation for processor with null
2024-04-24T04:53:18,120  INFO [main] HiveMetaStore.audit: ugi=alex	ip=unknown-ip-addr	cmd=get_partition_with_auth : tbl=hive.default.acid_uap[tomorrow]	
2024-04-24T04:53:18,164  INFO [main] HiveMetaStore.audit: ugi=alex	ip=unknown-ip-addr	cmd=get_not_null_constraints : tbl=hive.default.acid_uap	
2024-04-24T04:53:18,167  INFO [main] HiveMetaStore.audit: ugi=alex	ip=unknown-ip-addr	cmd=get_check_constraints : tbl=hive.default.acid_uap	
2024-04-24T04:53:18,190  INFO [main] txn.TxnHandler: Allocated writeId: 1 for txnId: 15
2024-04-24T04:53:18,191  INFO [main] txn.TxnHandler: Allocated write ids for dbName=default, tblName=acid_uap (txnIds: [15])
2024-04-24T04:53:18,199  INFO [main] parse.CalcitePlanner: CBO Succeeded; optimized logical plan.
2024-04-24T04:53:18,257  INFO [main] optimizer.ColumnPrunerProcFactory: RS 5 oldColExprMap: {VALUE._col0=Column[_col1], KEY.reducesinkkey0=Column[_col0]}
2024-04-24T04:53:18,258  INFO [main] optimizer.ColumnPrunerProcFactory: RS 5 newColExprMap: {KEY.reducesinkkey0=Column[_col0], VALUE._col0=Column[_col1]}
2024-04-24T04:53:18,268  INFO [main] optimizer.BucketVersionPopulator: not considering bucketingVersion for: TS[0] because it has -1<2 buckets 
2024-04-24T04:53:18,283  INFO [main] optimizer.SortedDynPartitionOptimizer: Sorted dynamic partitioning optimization kicked in..
2024-04-24T04:53:18,317  INFO [main] HiveMetaStore.audit: ugi=alex	ip=unknown-ip-addr	cmd=get_table : tbl=hive.default.acid_uap	
2024-04-24T04:53:18,329  INFO [main] metastore.HMSHandler: Skipping translation for processor with null
2024-04-24T04:53:18,356  INFO [main] physical.Vectorizer: Examining input format to see if vectorization is enabled.
2024-04-24T04:53:18,361  INFO [main] physical.Vectorizer: Map vectorization enabled: false
2024-04-24T04:53:18,361  INFO [main] physical.Vectorizer: Map vectorized: false
2024-04-24T04:53:18,361  INFO [main] physical.Vectorizer: Map vectorizedVertexNum: 0
2024-04-24T04:53:18,361  INFO [main] physical.Vectorizer: Map enabledConditionsMet: [hive.vectorized.use.vectorized.input.format IS true]
2024-04-24T04:53:18,361  INFO [main] physical.Vectorizer: Map enabledConditionsNotMet: [Could not enable vectorization due to partition column names size 1 is greater than the number of table column names size 0 IS false]
2024-04-24T04:53:18,361  INFO [main] physical.Vectorizer: Map inputFileFormatClassNameSet: [org.apache.hadoop.hive.ql.io.NullRowsInputFormat]
2024-04-24T04:53:18,361  INFO [main] physical.Vectorizer: Reduce vectorization enabled: false
2024-04-24T04:53:18,361  INFO [main] physical.Vectorizer: Reduce vectorized: false
2024-04-24T04:53:18,361  INFO [main] physical.Vectorizer: Reduce vectorizedVertexNum: 1
2024-04-24T04:53:18,361  INFO [main] physical.Vectorizer: Reducer hive.vectorized.execution.reduce.enabled: true
2024-04-24T04:53:18,361  INFO [main] physical.Vectorizer: Reducer engine: mr
2024-04-24T04:53:18,363  INFO [main] parse.CalcitePlanner: Completed plan generation
2024-04-24T04:53:18,363  INFO [main] parse.CalcitePlanner: Ending caching scope for: 
2024-04-24T04:53:18,363  INFO [main] ql.Driver: Semantic Analysis Completed (retrial = false)
2024-04-24T04:53:18,364  INFO [main] HiveMetaStore.audit: ugi=alex	ip=unknown-ip-addr	cmd=get_partitions_ps_with_auth : tbl=hive.default.acid_uap[tomorrow]	
2024-04-24T04:53:18,389  INFO [main] ql.Driver: Created Hive schema: Schema(fieldSchemas:[FieldSchema(name:_col0, type:int, comment:null), FieldSchema(name:_col1, type:varchar(128), comment:null)], properties:null)
2024-04-24T04:53:18,389  INFO [main] metadata.Hive: Dumping metastore api call timing information for : compilation phase
2024-04-24T04:53:18,390  INFO [main] metadata.Hive: Total time spent in each metastore function (ms): {getValidTxns_(long)=1, getNotNullConstraints_(NotNullConstraintsRequest)=2, listPartitionsWithAuthInfo_(String, String, List, short, String, List)=25, flushCache_()=0, isCompatibleWith_(Configuration)=0, getAllTableConstraints_(AllTableConstraintsRequest)=67, getCheckConstraints_(CheckConstraintsRequest)=3, getValidWriteIds_(List, String)=6, allocateTableWriteId_(long, String, String)=14, commitTxn_(CommitTxnRequest)=20, openTxn_(String, TxnType)=3, getTable_(GetTableRequest)=93}
2024-04-24T04:53:18,390  INFO [main] ql.Driver: Completed compiling command(queryId=alex_20240424045315_51820788-e87f-400b-b0e1-b6c619ba1ac1); Time taken: 3.099 seconds
2024-04-24T04:53:18,391  INFO [main] lockmgr.DbTxnManager: Setting lock request transaction to txnid:15 for queryId=alex_20240424045315_51820788-e87f-400b-b0e1-b6c619ba1ac1
2024-04-24T04:53:18,391  INFO [main] lockmgr.DbLockManager: Requesting lock for queryId=alex_20240424045315_51820788-e87f-400b-b0e1-b6c619ba1ac1
2024-04-24T04:53:18,420  INFO [main] lockmgr.DbLockManager: Response to queryId=alex_20240424045315_51820788-e87f-400b-b0e1-b6c619ba1ac1 LockResponse(lockid:8, state:ACQUIRED)
2024-04-24T04:53:18,420  INFO [main] ql.Driver: Operation QUERY obtained 1 locks
2024-04-24T04:53:18,425  INFO [main] ql.Driver: Executing command(queryId=alex_20240424045315_51820788-e87f-400b-b0e1-b6c619ba1ac1): insert into table acid_uap partition (ds='tomorrow') values (1, 'bah'),(2, 'yah')
2024-04-24T04:53:18,426  WARN [main] ql.Driver: Hive-on-MR is deprecated in Hive 2 and may not be available in the future versions. Consider using a different execution engine (i.e. spark, tez) or using Hive 1.X releases.
Query ID = alex_20240424045315_51820788-e87f-400b-b0e1-b6c619ba1ac1
2024-04-24T04:53:18,426  INFO [main] ql.Driver: Query ID = alex_20240424045315_51820788-e87f-400b-b0e1-b6c619ba1ac1
Total jobs = 1
2024-04-24T04:53:18,426  INFO [main] ql.Driver: Total jobs = 1
Launching Job 1 out of 1
2024-04-24T04:53:18,426  INFO [main] ql.Driver: Launching Job 1 out of 1
2024-04-24T04:53:18,571  INFO [main] ql.Driver: Starting task [Stage-1:MAPRED] in serial mode
Number of reduce tasks determined at compile time: 2
2024-04-24T04:53:18,571  INFO [main] exec.Task: Number of reduce tasks determined at compile time: 2
In order to change the average load for a reducer (in bytes):
2024-04-24T04:53:18,571  INFO [main] exec.Task: In order to change the average load for a reducer (in bytes):
  set hive.exec.reducers.bytes.per.reducer=<number>
2024-04-24T04:53:18,571  INFO [main] exec.Task:   set hive.exec.reducers.bytes.per.reducer=<number>
In order to limit the maximum number of reducers:
2024-04-24T04:53:18,571  INFO [main] exec.Task: In order to limit the maximum number of reducers:
  set hive.exec.reducers.max=<number>
2024-04-24T04:53:18,571  INFO [main] exec.Task:   set hive.exec.reducers.max=<number>
In order to set a constant number of reducers:
2024-04-24T04:53:18,571  INFO [main] exec.Task: In order to set a constant number of reducers:
  set mapreduce.job.reduces=<number>
2024-04-24T04:53:18,571  INFO [main] exec.Task:   set mapreduce.job.reduces=<number>
2024-04-24T04:53:18,580  INFO [main] mr.ExecDriver: Using org.apache.hadoop.hive.ql.io.HiveInputFormat
2024-04-24T04:53:18,583  INFO [main] exec.Utilities: Processing alias $hdt$_0:_dummy_table
2024-04-24T04:53:18,583  INFO [main] exec.Utilities: Adding 1 inputs; the first input is file:/home/alex/Repositories/hive/ql/target/tmp/localscratchdir/2e9ea6e1-a13e-47ab-948d-27986a04afa9/hive_2024-04-24_04-53-15_290_1486832286557726543-1/dummy_path
2024-04-24T04:53:18,661  INFO [main] exec.SerializationUtilities: Serializing MapWork using kryo
2024-04-24T04:53:18,689  INFO [main] exec.Utilities: Serialized plan (via FILE) - name: null size: 5,56KB
2024-04-24T04:53:18,697  INFO [main] exec.SerializationUtilities: Serializing ReduceWork using kryo
2024-04-24T04:53:18,703  INFO [main] exec.Utilities: Serialized plan (via FILE) - name: null size: 6,27KB
2024-04-24T04:53:18,815  INFO [main] beanutils.FluentPropertyBeanIntrospector: Error when creating PropertyDescriptor for public final void org.apache.commons.configuration2.AbstractConfiguration.setProperty(java.lang.String,java.lang.Object)! Ignoring this property.
2024-04-24T04:53:18,831  WARN [main] impl.MetricsConfig: Cannot locate configuration: tried hadoop-metrics2-jobtracker.properties,hadoop-metrics2.properties
2024-04-24T04:53:18,847  INFO [main] impl.MetricsSystemImpl: Scheduled Metric snapshot period at 10 second(s).
2024-04-24T04:53:18,847  INFO [main] impl.MetricsSystemImpl: JobTracker metrics system started
2024-04-24T04:53:18,859  INFO [main] fs.FSStatsPublisher: created : file:/home/alex/Repositories/hive/ql/target/tmp/localscratchdir/2e9ea6e1-a13e-47ab-948d-27986a04afa9/hive_2024-04-24_04-53-15_290_1486832286557726543-1/-mr-10000
2024-04-24T04:53:18,876  WARN [main] impl.MetricsSystemImpl: JobTracker metrics system already initialized!
2024-04-24T04:53:18,923  WARN [main] mapreduce.JobResourceUploader: Hadoop command-line option parsing not performed. Implement the Tool interface and execute your application with ToolRunner to remedy this.
2024-04-24T04:53:18,932  WARN [main] mapreduce.JobResourceUploader: No job jar file set.  User classes may not be found. See Job or Job#setJar(String).
2024-04-24T04:53:18,938  INFO [main] io.HiveInputFormat: hive.io.file.readcolumn.ids = 
2024-04-24T04:53:18,939  INFO [main] io.HiveInputFormat: hive.io.file.readcolumn.names = 
2024-04-24T04:53:18,939  INFO [main] io.HiveInputFormat: Generating splits for dirs: file:/home/alex/Repositories/hive/ql/target/tmp/localscratchdir/2e9ea6e1-a13e-47ab-948d-27986a04afa9/hive_2024-04-24_04-53-15_290_1486832286557726543-1/dummy_path
2024-04-24T04:53:18,939  INFO [main] io.NullRowsInputFormat$NullRowsRecordReader: Using null rows input format
2024-04-24T04:53:18,945  INFO [main] io.HiveInputFormat: number of splits 1
2024-04-24T04:53:18,978  INFO [main] mapreduce.JobSubmitter: number of splits:1
2024-04-24T04:53:19,059  INFO [main] mapreduce.JobSubmitter: Submitting tokens for job: job_local1630250022_0001
2024-04-24T04:53:19,059  INFO [main] mapreduce.JobSubmitter: Executing with tokens: []
2024-04-24T04:53:19,248  INFO [main] mapreduce.Job: The url to track the job: http://localhost:8080/
Job running in-process (local Hadoop)
2024-04-24T04:53:19,249  INFO [main] exec.Task: Job running in-process (local Hadoop)
2024-04-24T04:53:19,250  INFO [Thread-75] mapred.LocalJobRunner: OutputCommitter set in config org.apache.hadoop.hive.ql.io.HiveFileFormatUtils$NullOutputCommitter
2024-04-24T04:53:19,252  INFO [Thread-75] mapred.LocalJobRunner: OutputCommitter is org.apache.hadoop.hive.ql.io.HiveFileFormatUtils$NullOutputCommitter
2024-04-24T04:53:19,268  INFO [Thread-75] mapred.LocalJobRunner: Waiting for map tasks
2024-04-24T04:53:19,273  INFO [LocalJobRunner Map Task Executor #0] mapred.LocalJobRunner: Starting task: attempt_local1630250022_0001_m_000000_0
2024-04-24T04:53:19,317  INFO [LocalJobRunner Map Task Executor #0] mapred.Task:  Using ResourceCalculatorProcessTree : [ ]
2024-04-24T04:53:19,328  INFO [LocalJobRunner Map Task Executor #0] mapred.MapTask: Processing split: org.apache.hadoop.hive.ql.io.NullRowsInputFormat:file:/home/alex/Repositories/hive/ql/target/tmp/localscratchdir/2e9ea6e1-a13e-47ab-948d-27986a04afa9/hive_2024-04-24_04-53-15_290_1486832286557726543-1/dummy_path/null:0+1
2024-04-24T04:53:19,338  INFO [LocalJobRunner Map Task Executor #0] exec.SerializationUtilities: Deserializing MapWork using kryo
2024-04-24T04:53:19,369  INFO [LocalJobRunner Map Task Executor #0] exec.Utilities: Deserialized plan (via FILE) - name: null size: 5,56KB
2024-04-24T04:53:19,380  INFO [LocalJobRunner Map Task Executor #0] mapred.MapTask: numReduceTasks: 2
2024-04-24T04:53:19,396  INFO [LocalJobRunner Map Task Executor #0] mapred.MapTask: (EQUATOR) 0 kvi 26214396(104857584)
2024-04-24T04:53:19,396  INFO [LocalJobRunner Map Task Executor #0] mapred.MapTask: mapreduce.task.io.sort.mb: 100
2024-04-24T04:53:19,396  INFO [LocalJobRunner Map Task Executor #0] mapred.MapTask: soft limit at 83886080
2024-04-24T04:53:19,396  INFO [LocalJobRunner Map Task Executor #0] mapred.MapTask: bufstart = 0; bufvoid = 104857600
2024-04-24T04:53:19,396  INFO [LocalJobRunner Map Task Executor #0] mapred.MapTask: kvstart = 26214396; length = 6553600
2024-04-24T04:53:19,399  INFO [LocalJobRunner Map Task Executor #0] mapred.MapTask: Map output collector class = org.apache.hadoop.mapred.MapTask$MapOutputBuffer
2024-04-24T04:53:19,403  INFO [LocalJobRunner Map Task Executor #0] exec.MapOperator: Initializing Operator: MAP[0]
2024-04-24T04:53:19,405  INFO [LocalJobRunner Map Task Executor #0] mr.ExecMapper: 
<MAP>Id =0
  <Children>null
  <\Children>
  <Parent><\Parent>
<\MAP>
2024-04-24T04:53:19,407  INFO [LocalJobRunner Map Task Executor #0] exec.TableScanOperator: Initializing Operator: TS[0]
2024-04-24T04:53:19,408  INFO [LocalJobRunner Map Task Executor #0] exec.SelectOperator: Initializing Operator: SEL[1]
2024-04-24T04:53:19,411  INFO [LocalJobRunner Map Task Executor #0] exec.SelectOperator: SELECT null
2024-04-24T04:53:19,412  INFO [LocalJobRunner Map Task Executor #0] exec.UDTFOperator: Initializing Operator: UDTF[2]
2024-04-24T04:53:19,412  INFO [LocalJobRunner Map Task Executor #0] exec.SelectOperator: Initializing Operator: SEL[3]
2024-04-24T04:53:19,412  INFO [LocalJobRunner Map Task Executor #0] exec.SelectOperator: SELECT struct<col1:int,col2:string>
2024-04-24T04:53:19,413  INFO [LocalJobRunner Map Task Executor #0] exec.ReduceSinkOperator: Initializing Operator: RS[5]
2024-04-24T04:53:19,413  INFO [LocalJobRunner Map Task Executor #0] exec.ReduceSinkOperator: Using tag = -1
2024-04-24T04:53:19,437  INFO [LocalJobRunner Map Task Executor #0] exec.ReduceSinkOperator: keys are [reducesinkkey0] num distributions: 1
2024-04-24T04:53:19,438  INFO [LocalJobRunner Map Task Executor #0] exec.ReduceSinkOperator: RS[5]: records written - 1
2024-04-24T04:53:19,438  INFO [LocalJobRunner Map Task Executor #0] exec.MapOperator: MAP[0]: records read - 1
2024-04-24T04:53:19,439  INFO [LocalJobRunner Map Task Executor #0] exec.MapOperator: Closing Operator: MAP[0]
2024-04-24T04:53:19,439  INFO [LocalJobRunner Map Task Executor #0] exec.MapOperator: MAP[0]: Total records read - 3. abort - false
2024-04-24T04:53:19,439  INFO [LocalJobRunner Map Task Executor #0] exec.MapOperator: RECORDS_OUT_OPERATOR_MAP_0:0, RECORDS_OUT_INTERMEDIATE:0, DESERIALIZE_ERRORS:0, RECORDS_IN:3, 
2024-04-24T04:53:19,439  INFO [LocalJobRunner Map Task Executor #0] exec.TableScanOperator: Closing Operator: TS[0]
2024-04-24T04:53:19,439  INFO [LocalJobRunner Map Task Executor #0] exec.TableScanOperator: RECORDS_OUT_INTERMEDIATE:0, RECORDS_OUT_OPERATOR_TS_0:1, 
2024-04-24T04:53:19,439  INFO [LocalJobRunner Map Task Executor #0] exec.SelectOperator: Closing Operator: SEL[1]
2024-04-24T04:53:19,439  INFO [LocalJobRunner Map Task Executor #0] exec.SelectOperator: RECORDS_OUT_OPERATOR_SEL_1:1, RECORDS_OUT_INTERMEDIATE:0, 
2024-04-24T04:53:19,440  INFO [LocalJobRunner Map Task Executor #0] exec.UDTFOperator: Closing Operator: UDTF[2]
2024-04-24T04:53:19,440  INFO [LocalJobRunner Map Task Executor #0] exec.UDTFOperator: RECORDS_OUT_INTERMEDIATE:0, RECORDS_OUT_OPERATOR_UDTF_2:2, 
2024-04-24T04:53:19,440  INFO [LocalJobRunner Map Task Executor #0] exec.SelectOperator: Closing Operator: SEL[3]
2024-04-24T04:53:19,440  INFO [LocalJobRunner Map Task Executor #0] exec.SelectOperator: RECORDS_OUT_OPERATOR_SEL_3:2, RECORDS_OUT_INTERMEDIATE:0, 
2024-04-24T04:53:19,440  INFO [LocalJobRunner Map Task Executor #0] exec.ReduceSinkOperator: Closing Operator: RS[5]
2024-04-24T04:53:19,440  INFO [LocalJobRunner Map Task Executor #0] exec.ReduceSinkOperator: RS[5]: Total records written - 2. abort - false
2024-04-24T04:53:19,440  INFO [LocalJobRunner Map Task Executor #0] exec.ReduceSinkOperator: RECORDS_OUT_OPERATOR_RS_5:2, RECORDS_OUT_INTERMEDIATE:2, 
2024-04-24T04:53:19,448  INFO [LocalJobRunner Map Task Executor #0] mapred.LocalJobRunner: 
2024-04-24T04:53:19,448  INFO [LocalJobRunner Map Task Executor #0] mapred.MapTask: Starting flush of map output
2024-04-24T04:53:19,448  INFO [LocalJobRunner Map Task Executor #0] mapred.MapTask: Spilling map output
2024-04-24T04:53:19,448  INFO [LocalJobRunner Map Task Executor #0] mapred.MapTask: bufstart = 0; bufend = 38; bufvoid = 104857600
2024-04-24T04:53:19,448  INFO [LocalJobRunner Map Task Executor #0] mapred.MapTask: kvstart = 26214396(104857584); kvend = 26214392(104857568); length = 5/6553600
2024-04-24T04:53:19,468  INFO [LocalJobRunner Map Task Executor #0] mapred.MapTask: Finished spill 0
2024-04-24T04:53:19,483  INFO [LocalJobRunner Map Task Executor #0] mapred.Task: Task:attempt_local1630250022_0001_m_000000_0 is done. And is in the process of committing
2024-04-24T04:53:19,485  INFO [LocalJobRunner Map Task Executor #0] mapred.LocalJobRunner: map
2024-04-24T04:53:19,485  INFO [LocalJobRunner Map Task Executor #0] mapred.Task: Task 'attempt_local1630250022_0001_m_000000_0' done.
2024-04-24T04:53:19,488  INFO [LocalJobRunner Map Task Executor #0] mapred.Task: Final Counters for attempt_local1630250022_0001_m_000000_0: Counters: 26
	File System Counters
		FILE: Number of bytes read=6020
		FILE: Number of bytes written=1184432
		FILE: Number of read operations=0
		FILE: Number of large read operations=0
		FILE: Number of write operations=0
	Map-Reduce Framework
		Map input records=4
		Map output records=2
		Map output bytes=38
		Map output materialized bytes=54
		Input split bytes=361
		Combine input records=0
		Spilled Records=2
		Failed Shuffles=0
		Merged Map outputs=0
		GC time elapsed (ms)=0
		Total committed heap usage (bytes)=901251072
	HIVE
		DESERIALIZE_ERRORS=0
		RECORDS_IN=3
		RECORDS_OUT_INTERMEDIATE=2
		RECORDS_OUT_OPERATOR_MAP_0=0
		RECORDS_OUT_OPERATOR_RS_5=2
		RECORDS_OUT_OPERATOR_SEL_1=1
		RECORDS_OUT_OPERATOR_SEL_3=2
		RECORDS_OUT_OPERATOR_TS_0=1
		RECORDS_OUT_OPERATOR_UDTF_2=2
	File Input Format Counters 
		Bytes Read=5615
2024-04-24T04:53:19,488  INFO [LocalJobRunner Map Task Executor #0] mapred.LocalJobRunner: Finishing task: attempt_local1630250022_0001_m_000000_0
2024-04-24T04:53:19,489  INFO [Thread-75] mapred.LocalJobRunner: map task executor complete.
2024-04-24T04:53:19,494  INFO [Thread-75] mapred.LocalJobRunner: Waiting for reduce tasks
2024-04-24T04:53:19,495  INFO [pool-8-thread-1] mapred.LocalJobRunner: Starting task: attempt_local1630250022_0001_r_000000_0
2024-04-24T04:53:19,504  INFO [pool-8-thread-1] mapred.Task:  Using ResourceCalculatorProcessTree : [ ]
2024-04-24T04:53:19,506  INFO [pool-8-thread-1] mapred.ReduceTask: Using ShuffleConsumerPlugin: org.apache.hadoop.mapreduce.task.reduce.Shuffle@41cc8ec2
2024-04-24T04:53:19,508  WARN [pool-8-thread-1] impl.MetricsSystemImpl: JobTracker metrics system already initialized!
2024-04-24T04:53:19,526  INFO [pool-8-thread-1] reduce.MergeManagerImpl: MergerManager: memoryLimit=1336252800, maxSingleShuffleLimit=334063200, mergeThreshold=881926912, ioSortFactor=10, memToMemMergeOutputsThreshold=10
2024-04-24T04:53:19,529  INFO [EventFetcher for fetching Map Completion Events] reduce.EventFetcher: attempt_local1630250022_0001_r_000000_0 Thread started: EventFetcher for fetching Map Completion Events
2024-04-24T04:53:19,558  INFO [localfetcher#1] reduce.LocalFetcher: localfetcher#1 about to shuffle output of map attempt_local1630250022_0001_m_000000_0 decomp: 23 len: 27 to MEMORY
2024-04-24T04:53:19,560  INFO [localfetcher#1] reduce.InMemoryMapOutput: Read 23 bytes from map-output for attempt_local1630250022_0001_m_000000_0
2024-04-24T04:53:19,563  INFO [localfetcher#1] reduce.MergeManagerImpl: closeInMemoryFile -> map-output of size: 23, inMemoryMapOutputs.size() -> 1, commitMemory -> 0, usedMemory ->23
2024-04-24T04:53:19,564  INFO [EventFetcher for fetching Map Completion Events] reduce.EventFetcher: EventFetcher is interrupted.. Returning
2024-04-24T04:53:19,565  INFO [pool-8-thread-1] mapred.LocalJobRunner: 1 / 1 copied.
2024-04-24T04:53:19,565  INFO [pool-8-thread-1] reduce.MergeManagerImpl: finalMerge called with 1 in-memory map-outputs and 0 on-disk map-outputs
2024-04-24T04:53:19,578  INFO [pool-8-thread-1] mapred.Merger: Merging 1 sorted segments
2024-04-24T04:53:19,578  INFO [pool-8-thread-1] mapred.Merger: Down to the last merge-pass, with 1 segments left of total size: 11 bytes
2024-04-24T04:53:19,581  INFO [pool-8-thread-1] reduce.MergeManagerImpl: Merged 1 segments, 23 bytes to disk to satisfy reduce memory limit
2024-04-24T04:53:19,582  INFO [pool-8-thread-1] reduce.MergeManagerImpl: Merging 1 files, 27 bytes from disk
2024-04-24T04:53:19,583  INFO [pool-8-thread-1] reduce.MergeManagerImpl: Merging 0 segments, 0 bytes from memory into reduce
2024-04-24T04:53:19,583  INFO [pool-8-thread-1] mapred.Merger: Merging 1 sorted segments
2024-04-24T04:53:19,583  INFO [pool-8-thread-1] mapred.Merger: Down to the last merge-pass, with 1 segments left of total size: 11 bytes
2024-04-24T04:53:19,584  INFO [pool-8-thread-1] mapred.LocalJobRunner: 1 / 1 copied.
2024-04-24T04:53:19,586  INFO [pool-8-thread-1] exec.SerializationUtilities: Deserializing ReduceWork using kryo
2024-04-24T04:53:19,590  INFO [pool-8-thread-1] exec.Utilities: Deserialized plan (via FILE) - name: null size: 6,27KB
2024-04-24T04:53:19,591  INFO [pool-8-thread-1] ExecReducer: 
<SEL>Id =6
  <Children>
    <FS>Id =7
      <Children>
      <\Children>
      <Parent>Id = 6 null<\Parent>
    <\FS>
  <\Children>
  <Parent><\Parent>
<\SEL>
2024-04-24T04:53:19,591  INFO [pool-8-thread-1] exec.SelectOperator: Initializing Operator: SEL[6]
2024-04-24T04:53:19,591  INFO [pool-8-thread-1] exec.SelectOperator: SELECT struct<key:struct<reducesinkkey0:int>,value:struct<_col0:varchar(128)>>
2024-04-24T04:53:19,592  INFO [pool-8-thread-1] exec.FileSinkOperator: Initializing Operator: FS[7]
2024-04-24T04:53:19,593  INFO [pool-8-thread-1] exec.FileSinkOperator: Using serializer : AbstractSerDe [log=org.apache.logging.slf4j.Log4jLogger@38b5dff2, configuration=Optional[Configuration: core-default.xml, core-site.xml, mapred-default.xml, mapred-site.xml, yarn-default.xml, yarn-site.xml, hdfs-default.xml, hdfs-site.xml, file:/home/alex/Repositories/hive/ql/target/tmp/TestTxnCommands3/mapred/local/localRunner/alex/job_local1630250022_0001/job_local1630250022_0001.xml], properties={transactional_properties=default, name=default.acid_uap, transactional=true, columns.types=int:varchar(128), bucket_field_name=a, columns=a,b, columns.comments=&amp#0;, partition_columns.types=string, partition_columns=ds, bucketing_version=1, bucket_count=2, serialization.lib=org.apache.hadoop.hive.ql.io.orc.OrcSerde, file.inputformat=org.apache.hadoop.hive.ql.io.orc.OrcInputFormat, file.outputformat=org.apache.hadoop.hive.ql.io.orc.OrcOutputFormat, location=file:/home/alex/Repositories/hive/ql/target/tmp/org.apache.hadoop.hive.ql.TestTxnCommands3-1713959586346/warehouse/acid_uap, column.name.delimiter=,}, tableProperties={transactional_properties=default, name=default.acid_uap, transactional=true, columns.types=int:varchar(128), bucket_field_name=a, columns=a,b, columns.comments=&amp#0;, partition_columns.types=string, partition_columns=ds, bucketing_version=1, bucket_count=2, serialization.lib=org.apache.hadoop.hive.ql.io.orc.OrcSerde, file.inputformat=org.apache.hadoop.hive.ql.io.orc.OrcInputFormat, location=file:/home/alex/Repositories/hive/ql/target/tmp/org.apache.hadoop.hive.ql.TestTxnCommands3-1713959586346/warehouse/acid_uap, file.outputformat=org.apache.hadoop.hive.ql.io.orc.OrcOutputFormat, column.name.delimiter=,}, partitionProperties=Optional.empty, columnNames=[a, b], columnTypes=[int, varchar(128)], getClass()=class org.apache.hadoop.hive.ql.io.orc.OrcSerde] and formatter : org.apache.hadoop.hive.ql.io.orc.OrcOutputFormat@3d3dce5f
2024-04-24T04:53:19,596  INFO [pool-8-thread-1] exec.FileSinkOperator: Final Path: FS file:/home/alex/Repositories/hive/ql/target/tmp/org.apache.hadoop.hive.ql.TestTxnCommands3-1713959586346/warehouse/acid_uap/ds=tomorrow
2024-04-24T04:53:19,597  INFO [pool-8-thread-1] exec.FileSinkOperator: New Final Path: FS file:/home/alex/Repositories/hive/ql/target/tmp/org.apache.hadoop.hive.ql.TestTxnCommands3-1713959586346/warehouse/acid_uap/ds=tomorrow
2024-04-24T04:53:19,597  INFO [pool-8-thread-1] common.FileUtils: Creating directory if it doesn't exist: file:/home/alex/Repositories/hive/ql/target/tmp/org.apache.hadoop.hive.ql.TestTxnCommands3-1713959586346/warehouse/acid_uap
2024-04-24T04:53:19,613  INFO [pool-8-thread-1] exec.FileSinkOperator: FS[7]: records written - 1
2024-04-24T04:53:19,627  INFO [pool-8-thread-1] impl.HadoopShimsPre2_7: Can't get KeyProvider for ORC encryption from hadoop.security.key.provider.path.
2024-04-24T04:53:19,632  INFO [pool-8-thread-1] impl.PhysicalFsWriter: ORC writer created for path: file:/home/alex/Repositories/hive/ql/target/tmp/org.apache.hadoop.hive.ql.TestTxnCommands3-1713959586346/warehouse/acid_uap/ds=tomorrow/delta_0000001_0000001_0000/bucket_00000_0 with stripeSize: 8388608 blockSize: 268435456 compression: Compress: ZLIB buffer: 32768
2024-04-24T04:53:19,701  INFO [pool-8-thread-1] impl.WriterImpl: ORC writer created for path: file:/home/alex/Repositories/hive/ql/target/tmp/org.apache.hadoop.hive.ql.TestTxnCommands3-1713959586346/warehouse/acid_uap/ds=tomorrow/delta_0000001_0000001_0000/bucket_00000_0 with stripeSize: 8388608 options: Compress: ZLIB buffer: 32768
2024-04-24T04:53:19,715  INFO [pool-8-thread-1] exec.SelectOperator: Closing Operator: SEL[6]
2024-04-24T04:53:19,715  INFO [pool-8-thread-1] exec.SelectOperator: RECORDS_OUT_INTERMEDIATE:0, RECORDS_OUT_OPERATOR_SEL_6:1, 
2024-04-24T04:53:19,716  INFO [pool-8-thread-1] exec.FileSinkOperator: Closing Operator: FS[7]
2024-04-24T04:53:19,716  INFO [pool-8-thread-1] exec.FileSinkOperator: FS[7]: records written - 1
2024-04-24T04:53:19,756  INFO [pool-8-thread-1] FileOperations: Writing manifest to file:/home/alex/Repositories/hive/ql/target/tmp/org.apache.hadoop.hive.ql.TestTxnCommands3-1713959586346/warehouse/acid_uap/_tmp.delta_0000001_0000001_0000/000000_0.manifest with [file:/home/alex/Repositories/hive/ql/target/tmp/org.apache.hadoop.hive.ql.TestTxnCommands3-1713959586346/warehouse/acid_uap/ds=tomorrow/delta_0000001_0000001_0000/bucket_00000_0]
2024-04-24T04:53:19,771  INFO [pool-8-thread-1] exec.FileSinkOperator: RECORDS_OUT_OPERATOR_FS_7:1, RECORDS_OUT_INTERMEDIATE:0, TOTAL_TABLE_ROWS_WRITTEN:1, RECORDS_OUT_1_default.acid_uap:1, 
2024-04-24T04:53:19,772  INFO [pool-8-thread-1] mapred.Task: Task:attempt_local1630250022_0001_r_000000_0 is done. And is in the process of committing
2024-04-24T04:53:19,772  INFO [pool-8-thread-1] mapred.LocalJobRunner: reduce > reduce
2024-04-24T04:53:19,773  INFO [pool-8-thread-1] mapred.Task: Task 'attempt_local1630250022_0001_r_000000_0' done.
2024-04-24T04:53:19,773  INFO [pool-8-thread-1] mapred.Task: Final Counters for attempt_local1630250022_0001_r_000000_0: Counters: 30
	File System Counters
		FILE: Number of bytes read=12488
		FILE: Number of bytes written=1185535
		FILE: Number of read operations=0
		FILE: Number of large read operations=0
		FILE: Number of write operations=0
	Map-Reduce Framework
		Combine input records=0
		Combine output records=0
		Reduce input groups=1
		Reduce shuffle bytes=27
		Reduce input records=1
		Reduce output records=0
		Spilled Records=1
		Shuffled Maps =1
		Failed Shuffles=0
		Merged Map outputs=1
		GC time elapsed (ms)=11
		Total committed heap usage (bytes)=903348224
	HIVE
		CREATED_FILES=1
		RECORDS_OUT_1_default.acid_uap=1
		RECORDS_OUT_INTERMEDIATE=0
		RECORDS_OUT_OPERATOR_FS_7=1
		RECORDS_OUT_OPERATOR_SEL_6=1
		TOTAL_TABLE_ROWS_WRITTEN=1
	Shuffle Errors
		BAD_ID=0
		CONNECTION=0
		IO_ERROR=0
		WRONG_LENGTH=0
		WRONG_MAP=0
		WRONG_REDUCE=0
	File Output Format Counters 
		Bytes Written=0
2024-04-24T04:53:19,773  INFO [pool-8-thread-1] mapred.LocalJobRunner: Finishing task: attempt_local1630250022_0001_r_000000_0
2024-04-24T04:53:19,773  INFO [pool-8-thread-1] mapred.LocalJobRunner: Starting task: attempt_local1630250022_0001_r_000001_0
2024-04-24T04:53:19,774  INFO [pool-8-thread-1] mapred.Task:  Using ResourceCalculatorProcessTree : [ ]
2024-04-24T04:53:19,774  INFO [pool-8-thread-1] mapred.ReduceTask: Using ShuffleConsumerPlugin: org.apache.hadoop.mapreduce.task.reduce.Shuffle@4574d034
2024-04-24T04:53:19,774  WARN [pool-8-thread-1] impl.MetricsSystemImpl: JobTracker metrics system already initialized!
2024-04-24T04:53:19,775  INFO [pool-8-thread-1] reduce.MergeManagerImpl: MergerManager: memoryLimit=1336252800, maxSingleShuffleLimit=334063200, mergeThreshold=881926912, ioSortFactor=10, memToMemMergeOutputsThreshold=10
2024-04-24T04:53:19,776  INFO [EventFetcher for fetching Map Completion Events] reduce.EventFetcher: attempt_local1630250022_0001_r_000001_0 Thread started: EventFetcher for fetching Map Completion Events
2024-04-24T04:53:19,780  INFO [localfetcher#2] reduce.LocalFetcher: localfetcher#2 about to shuffle output of map attempt_local1630250022_0001_m_000000_0 decomp: 23 len: 27 to MEMORY
2024-04-24T04:53:19,780  INFO [localfetcher#2] reduce.InMemoryMapOutput: Read 23 bytes from map-output for attempt_local1630250022_0001_m_000000_0
2024-04-24T04:53:19,780  INFO [localfetcher#2] reduce.MergeManagerImpl: closeInMemoryFile -> map-output of size: 23, inMemoryMapOutputs.size() -> 1, commitMemory -> 0, usedMemory ->23
2024-04-24T04:53:19,781  INFO [EventFetcher for fetching Map Completion Events] reduce.EventFetcher: EventFetcher is interrupted.. Returning
2024-04-24T04:53:19,781  INFO [pool-8-thread-1] mapred.LocalJobRunner: 1 / 1 copied.
2024-04-24T04:53:19,782  INFO [pool-8-thread-1] reduce.MergeManagerImpl: finalMerge called with 1 in-memory map-outputs and 0 on-disk map-outputs
2024-04-24T04:53:19,788  INFO [pool-8-thread-1] mapred.Merger: Merging 1 sorted segments
2024-04-24T04:53:19,788  INFO [pool-8-thread-1] mapred.Merger: Down to the last merge-pass, with 1 segments left of total size: 11 bytes
2024-04-24T04:53:19,791  INFO [pool-8-thread-1] reduce.MergeManagerImpl: Merged 1 segments, 23 bytes to disk to satisfy reduce memory limit
2024-04-24T04:53:19,791  INFO [pool-8-thread-1] reduce.MergeManagerImpl: Merging 1 files, 27 bytes from disk
2024-04-24T04:53:19,791  INFO [pool-8-thread-1] reduce.MergeManagerImpl: Merging 0 segments, 0 bytes from memory into reduce
2024-04-24T04:53:19,791  INFO [pool-8-thread-1] mapred.Merger: Merging 1 sorted segments
2024-04-24T04:53:19,792  INFO [pool-8-thread-1] mapred.Merger: Down to the last merge-pass, with 1 segments left of total size: 11 bytes
2024-04-24T04:53:19,792  INFO [pool-8-thread-1] mapred.LocalJobRunner: 1 / 1 copied.
2024-04-24T04:53:19,793  INFO [pool-8-thread-1] exec.SerializationUtilities: Deserializing ReduceWork using kryo
2024-04-24T04:53:19,795  INFO [pool-8-thread-1] exec.Utilities: Deserialized plan (via FILE) - name: null size: 6,27KB
2024-04-24T04:53:19,797  INFO [pool-8-thread-1] ExecReducer: 
<SEL>Id =6
  <Children>
    <FS>Id =7
      <Children>
      <\Children>
      <Parent>Id = 6 null<\Parent>
    <\FS>
  <\Children>
  <Parent><\Parent>
<\SEL>
2024-04-24T04:53:19,797  INFO [pool-8-thread-1] exec.SelectOperator: Initializing Operator: SEL[6]
2024-04-24T04:53:19,798  INFO [pool-8-thread-1] exec.SelectOperator: SELECT struct<key:struct<reducesinkkey0:int>,value:struct<_col0:varchar(128)>>
2024-04-24T04:53:19,798  INFO [pool-8-thread-1] exec.FileSinkOperator: Initializing Operator: FS[7]
2024-04-24T04:53:19,799  INFO [pool-8-thread-1] exec.FileSinkOperator: Using serializer : AbstractSerDe [log=org.apache.logging.slf4j.Log4jLogger@38b5dff2, configuration=Optional[Configuration: core-default.xml, core-site.xml, mapred-default.xml, mapred-site.xml, yarn-default.xml, yarn-site.xml, hdfs-default.xml, hdfs-site.xml, file:/home/alex/Repositories/hive/ql/target/tmp/TestTxnCommands3/mapred/local/localRunner/alex/job_local1630250022_0001/job_local1630250022_0001.xml], properties={transactional_properties=default, name=default.acid_uap, transactional=true, columns.types=int:varchar(128), bucket_field_name=a, columns=a,b, columns.comments=&amp#0;, partition_columns.types=string, partition_columns=ds, bucketing_version=1, bucket_count=2, serialization.lib=org.apache.hadoop.hive.ql.io.orc.OrcSerde, file.inputformat=org.apache.hadoop.hive.ql.io.orc.OrcInputFormat, file.outputformat=org.apache.hadoop.hive.ql.io.orc.OrcOutputFormat, location=file:/home/alex/Repositories/hive/ql/target/tmp/org.apache.hadoop.hive.ql.TestTxnCommands3-1713959586346/warehouse/acid_uap, column.name.delimiter=,}, tableProperties={transactional_properties=default, name=default.acid_uap, transactional=true, columns.types=int:varchar(128), bucket_field_name=a, columns=a,b, columns.comments=&amp#0;, partition_columns.types=string, partition_columns=ds, bucketing_version=1, bucket_count=2, serialization.lib=org.apache.hadoop.hive.ql.io.orc.OrcSerde, file.inputformat=org.apache.hadoop.hive.ql.io.orc.OrcInputFormat, location=file:/home/alex/Repositories/hive/ql/target/tmp/org.apache.hadoop.hive.ql.TestTxnCommands3-1713959586346/warehouse/acid_uap, file.outputformat=org.apache.hadoop.hive.ql.io.orc.OrcOutputFormat, column.name.delimiter=,}, partitionProperties=Optional.empty, columnNames=[a, b], columnTypes=[int, varchar(128)], getClass()=class org.apache.hadoop.hive.ql.io.orc.OrcSerde] and formatter : org.apache.hadoop.hive.ql.io.orc.OrcOutputFormat@425ede0d
2024-04-24T04:53:19,800  INFO [pool-8-thread-1] exec.FileSinkOperator: Final Path: FS file:/home/alex/Repositories/hive/ql/target/tmp/org.apache.hadoop.hive.ql.TestTxnCommands3-1713959586346/warehouse/acid_uap/ds=tomorrow
2024-04-24T04:53:19,800  INFO [pool-8-thread-1] exec.FileSinkOperator: New Final Path: FS file:/home/alex/Repositories/hive/ql/target/tmp/org.apache.hadoop.hive.ql.TestTxnCommands3-1713959586346/warehouse/acid_uap/ds=tomorrow
2024-04-24T04:53:19,800  INFO [pool-8-thread-1] common.FileUtils: Creating directory if it doesn't exist: file:/home/alex/Repositories/hive/ql/target/tmp/org.apache.hadoop.hive.ql.TestTxnCommands3-1713959586346/warehouse/acid_uap
2024-04-24T04:53:19,801  INFO [pool-8-thread-1] exec.FileSinkOperator: FS[7]: records written - 1
2024-04-24T04:53:19,801  INFO [pool-8-thread-1] impl.PhysicalFsWriter: ORC writer created for path: file:/home/alex/Repositories/hive/ql/target/tmp/org.apache.hadoop.hive.ql.TestTxnCommands3-1713959586346/warehouse/acid_uap/ds=tomorrow/delta_0000001_0000001_0000/bucket_00001_0 with stripeSize: 8388608 blockSize: 268435456 compression: Compress: ZLIB buffer: 32768
2024-04-24T04:53:19,807  INFO [pool-8-thread-1] impl.WriterImpl: ORC writer created for path: file:/home/alex/Repositories/hive/ql/target/tmp/org.apache.hadoop.hive.ql.TestTxnCommands3-1713959586346/warehouse/acid_uap/ds=tomorrow/delta_0000001_0000001_0000/bucket_00001_0 with stripeSize: 8388608 options: Compress: ZLIB buffer: 32768
2024-04-24T04:53:19,808  INFO [pool-8-thread-1] exec.SelectOperator: Closing Operator: SEL[6]
2024-04-24T04:53:19,808  INFO [pool-8-thread-1] exec.SelectOperator: RECORDS_OUT_INTERMEDIATE:0, RECORDS_OUT_OPERATOR_SEL_6:1, 
2024-04-24T04:53:19,808  INFO [pool-8-thread-1] exec.FileSinkOperator: Closing Operator: FS[7]
2024-04-24T04:53:19,808  INFO [pool-8-thread-1] exec.FileSinkOperator: FS[7]: records written - 1
2024-04-24T04:53:19,811  INFO [pool-8-thread-1] FileOperations: Writing manifest to file:/home/alex/Repositories/hive/ql/target/tmp/org.apache.hadoop.hive.ql.TestTxnCommands3-1713959586346/warehouse/acid_uap/_tmp.delta_0000001_0000001_0000/000001_0.manifest with [file:/home/alex/Repositories/hive/ql/target/tmp/org.apache.hadoop.hive.ql.TestTxnCommands3-1713959586346/warehouse/acid_uap/ds=tomorrow/delta_0000001_0000001_0000/bucket_00001_0]
2024-04-24T04:53:19,822  INFO [pool-8-thread-1] exec.FileSinkOperator: RECORDS_OUT_OPERATOR_FS_7:1, RECORDS_OUT_1_default.acid_uap:1, TOTAL_TABLE_ROWS_WRITTEN:1, RECORDS_OUT_INTERMEDIATE:0, 
2024-04-24T04:53:19,823  INFO [pool-8-thread-1] mapred.Task: Task:attempt_local1630250022_0001_r_000001_0 is done. And is in the process of committing
2024-04-24T04:53:19,824  INFO [pool-8-thread-1] mapred.LocalJobRunner: reduce > reduce
2024-04-24T04:53:19,824  INFO [pool-8-thread-1] mapred.Task: Task 'attempt_local1630250022_0001_r_000001_0' done.
2024-04-24T04:53:19,824  INFO [pool-8-thread-1] mapred.Task: Final Counters for attempt_local1630250022_0001_r_000001_0: Counters: 30
	File System Counters
		FILE: Number of bytes read=18929
		FILE: Number of bytes written=1186624
		FILE: Number of read operations=0
		FILE: Number of large read operations=0
		FILE: Number of write operations=0
	Map-Reduce Framework
		Combine input records=0
		Combine output records=0
		Reduce input groups=1
		Reduce shuffle bytes=27
		Reduce input records=1
		Reduce output records=0
		Spilled Records=1
		Shuffled Maps =1
		Failed Shuffles=0
		Merged Map outputs=1
		GC time elapsed (ms)=0
		Total committed heap usage (bytes)=903348224
	HIVE
		CREATED_FILES=1
		RECORDS_OUT_1_default.acid_uap=1
		RECORDS_OUT_INTERMEDIATE=0
		RECORDS_OUT_OPERATOR_FS_7=1
		RECORDS_OUT_OPERATOR_SEL_6=1
		TOTAL_TABLE_ROWS_WRITTEN=1
	Shuffle Errors
		BAD_ID=0
		CONNECTION=0
		IO_ERROR=0
		WRONG_LENGTH=0
		WRONG_MAP=0
		WRONG_REDUCE=0
	File Output Format Counters 
		Bytes Written=0
2024-04-24T04:53:19,824  INFO [pool-8-thread-1] mapred.LocalJobRunner: Finishing task: attempt_local1630250022_0001_r_000001_0
2024-04-24T04:53:19,824  INFO [Thread-75] mapred.LocalJobRunner: reduce task executor complete.
2024-04-24 04:53:20,269 Stage-1 map = 100%,  reduce = 100%
2024-04-24T04:53:20,269  INFO [main] exec.Task: 2024-04-24 04:53:20,269 Stage-1 map = 100%,  reduce = 100%
Ended Job = job_local1630250022_0001
2024-04-24T04:53:20,273  INFO [main] exec.Task: Ended Job = job_local1630250022_0001
2024-04-24T04:53:20,274  INFO [main] FileOperations: Found manifest file file:/home/alex/Repositories/hive/ql/target/tmp/org.apache.hadoop.hive.ql.TestTxnCommands3-1713959586346/warehouse/acid_uap/_tmp.delta_0000001_0000001_0000/000000_0.manifest with attemptId 0.
2024-04-24T04:53:20,275  INFO [main] FileOperations: Found manifest file file:/home/alex/Repositories/hive/ql/target/tmp/org.apache.hadoop.hive.ql.TestTxnCommands3-1713959586346/warehouse/acid_uap/_tmp.delta_0000001_0000001_0000/000001_0.manifest with attemptId 0.
2024-04-24T04:53:20,275  INFO [main] FileOperations: Looking at manifest file: file:/home/alex/Repositories/hive/ql/target/tmp/org.apache.hadoop.hive.ql.TestTxnCommands3-1713959586346/warehouse/acid_uap/_tmp.delta_0000001_0000001_0000/000001_0.manifest
2024-04-24T04:53:20,276  INFO [main] FileOperations: Looking at manifest file: file:/home/alex/Repositories/hive/ql/target/tmp/org.apache.hadoop.hive.ql.TestTxnCommands3-1713959586346/warehouse/acid_uap/_tmp.delta_0000001_0000001_0000/000000_0.manifest
2024-04-24T04:53:20,276  INFO [main] FileOperations: Deleting manifest directory file:/home/alex/Repositories/hive/ql/target/tmp/org.apache.hadoop.hive.ql.TestTxnCommands3-1713959586346/warehouse/acid_uap/_tmp.delta_0000001_0000001_0000
2024-04-24T04:53:20,279  INFO [main] ql.Driver: Starting task [Stage-0:MOVE] in serial mode
Loading data to table default.acid_uap partition (ds=tomorrow)
2024-04-24T04:53:20,280  INFO [main] exec.Task: Loading data to table default.acid_uap partition (ds=tomorrow) from file:/home/alex/Repositories/hive/ql/target/tmp/org.apache.hadoop.hive.ql.TestTxnCommands3-1713959586346/warehouse/acid_uap/ds=tomorrow
2024-04-24T04:53:20,280  INFO [main] HiveMetaStore.audit: ugi=alex	ip=unknown-ip-addr	cmd=get_table : tbl=hive.default.acid_uap	
2024-04-24T04:53:20,290  INFO [main] metastore.HMSHandler: Skipping translation for processor with null
2024-04-24T04:53:20,291  INFO [main] exec.MoveTask: Partition is: {ds=tomorrow}
2024-04-24T04:53:20,291  INFO [main] HiveMetaStore.audit: ugi=alex	ip=unknown-ip-addr	cmd=partition_name_has_valid_characters	
2024-04-24T04:53:20,291  INFO [main] HiveMetaStore.audit: ugi=alex	ip=unknown-ip-addr	cmd=get_table : tbl=hive.default.acid_uap	
2024-04-24T04:53:20,303  INFO [main] metastore.HMSHandler: Skipping translation for processor with null
2024-04-24T04:53:20,303  INFO [main] HiveMetaStore.audit: ugi=alex	ip=unknown-ip-addr	cmd=get_partition_with_auth : tbl=hive.default.acid_uap[tomorrow]	
2024-04-24T04:53:20,330  WARN [main] FileOperations: Computing stats for an ACID table; stats may be inaccurate
2024-04-24T04:53:20,332  INFO [main] HiveMetaStore.audit: ugi=alex	ip=unknown-ip-addr	cmd=add_partition : tbl=hive.default.acid_uap	
2024-04-24T04:53:20,390  INFO [main] HiveMetaStore.audit: ugi=alex	ip=unknown-ip-addr	cmd=get_partition_with_auth : tbl=hive.default.acid_uap[tomorrow]	
2024-04-24T04:53:20,431  INFO [main] ql.Driver: Starting task [Stage-2:STATS] in serial mode
2024-04-24T04:53:20,431  INFO [main] HiveMetaStore.audit: ugi=alex	ip=unknown-ip-addr	cmd=get_table : tbl=hive.default.acid_uap	
2024-04-24T04:53:20,443  INFO [main] metastore.HMSHandler: Skipping translation for processor with null
2024-04-24T04:53:20,443  INFO [main] stats.BasicStatsTask: Executing stats task
2024-04-24T04:53:20,443  INFO [main] fs.FSStatsPublisher: created : file:/home/alex/Repositories/hive/ql/target/tmp/localscratchdir/2e9ea6e1-a13e-47ab-948d-27986a04afa9/hive_2024-04-24_04-53-15_290_1486832286557726543-1/-mr-10000
2024-04-24T04:53:20,448  INFO [main] HiveMetaStore.audit: ugi=alex	ip=unknown-ip-addr	cmd=get_table : tbl=hive.default.acid_uap	
2024-04-24T04:53:20,459  INFO [main] metastore.HMSHandler: Skipping translation for processor with null
2024-04-24T04:53:20,460  INFO [main] HiveMetaStore.audit: ugi=alex	ip=unknown-ip-addr	cmd=get_partition_with_auth : tbl=hive.default.acid_uap[tomorrow]	
2024-04-24T04:53:20,492  WARN [stats-updater-thread-0] FileOperations: Computing stats for an ACID table; stats may be inaccurate
2024-04-24T04:53:20,493  INFO [main] FileOperations: Read stats for default.acid_uap/ds=tomorrow/, numRows, true, 2, false: 
2024-04-24T04:53:20,493  INFO [main] FileOperations: Read stats for default.acid_uap/ds=tomorrow/, rawDataSize, true, 0, false: 
2024-04-24T04:53:20,493  INFO [main] stats.BasicStatsTask: Partition {ds=tomorrow} stats: [numFiles=2, numRows=2, totalSize=1409, rawDataSize=0, numFilesErasureCoded=0]
2024-04-24T04:53:20,494  INFO [main] HiveMetaStore.audit: ugi=alex	ip=unknown-ip-addr	cmd=alter_partitions : tbl=hive.default.acid_uap	
2024-04-24T04:53:20,494  INFO [main] metastore.HMSHandler: New partition values:[tomorrow]
2024-04-24T04:53:20,622  INFO [main] FileOperations: Read stats for default.acid_uap/ds=tomorrow/, insertCount, true, 2, false: 
2024-04-24T04:53:20,622  INFO [main] FileOperations: Read stats for default.acid_uap/ds=tomorrow/, updateCount, true, 0, false: 
2024-04-24T04:53:20,622  INFO [main] FileOperations: Read stats for default.acid_uap/ds=tomorrow/, deleteCount, true, 0, false: 
2024-04-24T04:53:20,627  INFO [main] metadata.Hive: Dumping metastore api call timing information for : execution phase
2024-04-24T04:53:20,627  INFO [main] metadata.Hive: Total time spent in each metastore function (ms): {updateTransactionalStatistics_(UpdateTransactionalStatsRequest)=4, add_partition_(Partition)=58, getValidWriteIds_(List, String)=1, alter_partitions_(String, String, List, EnvironmentContext, String, long)=128, getTable_(GetTableRequest)=46, isCompatibleWith_(Configuration)=1, validatePartitionNameCharacters_(List)=0, getPartitionWithAuthInfo_(String, String, List, String, List)=58}
MapReduce Jobs Launched: 
2024-04-24T04:53:20,627  INFO [main] ql.Driver: MapReduce Jobs Launched: 
Stage-Stage-1:  HDFS Read: 0 HDFS Write: 0 SUCCESS
2024-04-24T04:53:20,635  INFO [main] ql.Driver: Stage-Stage-1:  HDFS Read: 0 HDFS Write: 0 SUCCESS
Total MapReduce CPU Time Spent: 0 msec
2024-04-24T04:53:20,635  INFO [main] ql.Driver: Total MapReduce CPU Time Spent: 0 msec
2024-04-24T04:53:20,635  INFO [main] ql.Driver: Completed executing command(queryId=alex_20240424045315_51820788-e87f-400b-b0e1-b6c619ba1ac1); Time taken: 2.202 seconds
2024-04-24T04:53:20,635  INFO [main] lockmgr.DbTxnManager: Stopped heartbeat for query: alex_20240424045315_51820788-e87f-400b-b0e1-b6c619ba1ac1
2024-04-24T04:53:20,651  INFO [main] txn.TxnHandler: Removed transactions: ([15]) from MIN_HISTORY_LEVEL
2024-04-24T04:53:20,651  WARN [main] txn.CompactionTxnHandler: No compaction queue record found for Compaction type transaction commit. txnId:15
2024-04-24T04:53:20,652  INFO [main] ql.TxnCommandsBaseForTests: Running the query: insert into table acid_uap partition (ds='today') values (1, 'bah'),(2, 'yah')
2024-04-24T04:53:20,652  INFO [main] ql.Context: Deleting scratch dir: file:/home/alex/Repositories/hive/ql/target/tmp/localscratchdir/2e9ea6e1-a13e-47ab-948d-27986a04afa9/hive_2024-04-24_04-53-15_290_1486832286557726543-1
2024-04-24T04:53:20,653  INFO [main] cleanup.SyncCleanupService: Deleted directory: file:/home/alex/Repositories/hive/ql/target/tmp/localscratchdir/2e9ea6e1-a13e-47ab-948d-27986a04afa9/hive_2024-04-24_04-53-15_290_1486832286557726543-1 on fs with scheme file
2024-04-24T04:53:20,654  INFO [main] ql.Driver: Compiling command(queryId=alex_20240424045320_0ea74635-101b-4ae3-93ad-226a8210003c): insert into table acid_uap partition (ds='today') values (1, 'bah'),(2, 'yah')
2024-04-24T04:53:20,663  INFO [main] txn.TxnHandler: Added entries to MIN_HISTORY_LEVEL for current txns: ([16]) with min_open_txn: 16
2024-04-24T04:53:20,664  INFO [main] lockmgr.DbTxnManager: Opened txnid:16
2024-04-24T04:53:20,667  INFO [main] parse.CalcitePlanner: Starting caching scope for: 
2024-04-24T04:53:20,667  INFO [main] parse.CalcitePlanner: Starting Semantic Analysis
2024-04-24T04:53:20,674  INFO [main] HiveMetaStore.audit: ugi=alex	ip=unknown-ip-addr	cmd=get_table : tbl=hive.default.acid_uap	
2024-04-24T04:53:20,691  INFO [main] metastore.HMSHandler: Skipping translation for processor with null
2024-04-24T04:53:20,691  INFO [main] parse.CalcitePlanner: Completed phase 1 of Semantic Analysis
2024-04-24T04:53:20,691  INFO [main] parse.CalcitePlanner: Get metadata for source tables
2024-04-24T04:53:20,691  INFO [main] parse.CalcitePlanner: Get metadata for subqueries
2024-04-24T04:53:20,692  INFO [main] parse.CalcitePlanner: Get metadata for destination tables
2024-04-24T04:53:20,692  INFO [main] HiveMetaStore.audit: ugi=alex	ip=unknown-ip-addr	cmd=get_table : tbl=hive.default.acid_uap	
2024-04-24T04:53:20,704  INFO [main] metastore.HMSHandler: Skipping translation for processor with null
2024-04-24T04:53:20,705  INFO [main] HiveMetaStore.audit: ugi=alex	ip=unknown-ip-addr	cmd=get_partition_with_auth : tbl=hive.default.acid_uap[today]	
2024-04-24T04:53:20,712  INFO [main] parse.CalcitePlanner: Completed getting MetaData in Semantic Analysis
2024-04-24T04:53:20,712  INFO [main] parse.CalcitePlanner: Disabling LLAP IO encode as ETL query is detected
2024-04-24T04:53:20,740  INFO [main] HiveMetaStore.audit: ugi=alex	ip=unknown-ip-addr	cmd=get_all_table_constraints : tbl=hive._dummy_database._dummy_table	
2024-04-24T04:53:20,849  INFO [main] parse.CalcitePlanner: Get metadata for source tables
2024-04-24T04:53:20,849  INFO [main] parse.CalcitePlanner: Get metadata for subqueries
2024-04-24T04:53:20,849  INFO [main] parse.CalcitePlanner: Get metadata for source tables
2024-04-24T04:53:20,850  INFO [main] HiveMetaStore.audit: ugi=alex	ip=unknown-ip-addr	cmd=get_table : tbl=hive._dummy_database._dummy_table	
2024-04-24T04:53:20,853  INFO [main] parse.CalcitePlanner: Get metadata for subqueries
2024-04-24T04:53:20,854  INFO [main] parse.CalcitePlanner: Get metadata for destination tables
2024-04-24T04:53:20,854  INFO [main] parse.CalcitePlanner: Get metadata for destination tables
2024-04-24T04:53:20,854  INFO [main] HiveMetaStore.audit: ugi=alex	ip=unknown-ip-addr	cmd=get_table : tbl=hive.default.acid_uap	
2024-04-24T04:53:20,864  INFO [main] metastore.HMSHandler: Skipping translation for processor with null
2024-04-24T04:53:20,865  INFO [main] HiveMetaStore.audit: ugi=alex	ip=unknown-ip-addr	cmd=get_partition_with_auth : tbl=hive.default.acid_uap[today]	
2024-04-24T04:53:20,875  INFO [main] HiveMetaStore.audit: ugi=alex	ip=unknown-ip-addr	cmd=get_not_null_constraints : tbl=hive.default.acid_uap	
2024-04-24T04:53:20,877  INFO [main] HiveMetaStore.audit: ugi=alex	ip=unknown-ip-addr	cmd=get_check_constraints : tbl=hive.default.acid_uap	
2024-04-24T04:53:20,887  INFO [main] txn.TxnHandler: Allocated writeId: 2 for txnId: 16
2024-04-24T04:53:20,888  INFO [main] txn.TxnHandler: Allocated write ids for dbName=default, tblName=acid_uap (txnIds: [16])
2024-04-24T04:53:20,889  INFO [main] parse.CalcitePlanner: CBO Succeeded; optimized logical plan.
2024-04-24T04:53:20,894  INFO [main] optimizer.ColumnPrunerProcFactory: RS 5 oldColExprMap: {VALUE._col0=Column[_col1], KEY.reducesinkkey0=Column[_col0]}
2024-04-24T04:53:20,894  INFO [main] optimizer.ColumnPrunerProcFactory: RS 5 newColExprMap: {VALUE._col0=Column[_col1], KEY.reducesinkkey0=Column[_col0]}
2024-04-24T04:53:20,896  INFO [main] optimizer.BucketVersionPopulator: not considering bucketingVersion for: TS[0] because it has -1<2 buckets 
2024-04-24T04:53:20,897  INFO [main] optimizer.SortedDynPartitionOptimizer: Sorted dynamic partitioning optimization kicked in..
2024-04-24T04:53:20,907  INFO [main] HiveMetaStore.audit: ugi=alex	ip=unknown-ip-addr	cmd=get_table : tbl=hive.default.acid_uap	
2024-04-24T04:53:20,918  INFO [main] metastore.HMSHandler: Skipping translation for processor with null
2024-04-24T04:53:20,919  INFO [main] physical.Vectorizer: Examining input format to see if vectorization is enabled.
2024-04-24T04:53:20,920  INFO [main] physical.Vectorizer: Map vectorization enabled: false
2024-04-24T04:53:20,920  INFO [main] physical.Vectorizer: Map vectorized: false
2024-04-24T04:53:20,920  INFO [main] physical.Vectorizer: Map vectorizedVertexNum: 0
2024-04-24T04:53:20,920  INFO [main] physical.Vectorizer: Map enabledConditionsMet: [hive.vectorized.use.vectorized.input.format IS true]
2024-04-24T04:53:20,920  INFO [main] physical.Vectorizer: Map enabledConditionsNotMet: [Could not enable vectorization due to partition column names size 1 is greater than the number of table column names size 0 IS false]
2024-04-24T04:53:20,920  INFO [main] physical.Vectorizer: Map inputFileFormatClassNameSet: [org.apache.hadoop.hive.ql.io.NullRowsInputFormat]
2024-04-24T04:53:20,920  INFO [main] physical.Vectorizer: Reduce vectorization enabled: false
2024-04-24T04:53:20,920  INFO [main] physical.Vectorizer: Reduce vectorized: false
2024-04-24T04:53:20,920  INFO [main] physical.Vectorizer: Reduce vectorizedVertexNum: 1
2024-04-24T04:53:20,920  INFO [main] physical.Vectorizer: Reducer hive.vectorized.execution.reduce.enabled: true
2024-04-24T04:53:20,920  INFO [main] physical.Vectorizer: Reducer engine: mr
2024-04-24T04:53:20,920  INFO [main] parse.CalcitePlanner: Completed plan generation
2024-04-24T04:53:20,920  INFO [main] parse.CalcitePlanner: Ending caching scope for: 
2024-04-24T04:53:20,920  INFO [main] ql.Driver: Semantic Analysis Completed (retrial = false)
2024-04-24T04:53:20,921  INFO [main] HiveMetaStore.audit: ugi=alex	ip=unknown-ip-addr	cmd=get_partitions_ps_with_auth : tbl=hive.default.acid_uap[today]	
2024-04-24T04:53:20,938  INFO [main] ql.Driver: Created Hive schema: Schema(fieldSchemas:[FieldSchema(name:_col0, type:int, comment:null), FieldSchema(name:_col1, type:varchar(128), comment:null)], properties:null)
2024-04-24T04:53:20,938  INFO [main] metadata.Hive: Dumping metastore api call timing information for : compilation phase
2024-04-24T04:53:20,939  INFO [main] metadata.Hive: Total time spent in each metastore function (ms): {allocateTableWriteId_(long, String, String)=8, getValidTxns_(long)=3, flushCache_()=1, openTxn_(String, TxnType)=8, getAllTableConstraints_(AllTableConstraintsRequest)=9, isCompatibleWith_(Configuration)=0, getCheckConstraints_(CheckConstraintsRequest)=2, commitTxn_(CommitTxnRequest)=17, getTable_(GetTableRequest)=51, getNotNullConstraints_(NotNullConstraintsRequest)=2, listPartitionsWithAuthInfo_(String, String, List, short, String, List)=18, getValidWriteIds_(List, String)=12}
2024-04-24T04:53:20,939  INFO [main] ql.Driver: Completed compiling command(queryId=alex_20240424045320_0ea74635-101b-4ae3-93ad-226a8210003c); Time taken: 0.284 seconds
2024-04-24T04:53:20,939  INFO [main] lockmgr.DbTxnManager: Setting lock request transaction to txnid:16 for queryId=alex_20240424045320_0ea74635-101b-4ae3-93ad-226a8210003c
2024-04-24T04:53:20,939  INFO [main] lockmgr.DbLockManager: Requesting lock for queryId=alex_20240424045320_0ea74635-101b-4ae3-93ad-226a8210003c
2024-04-24T04:53:20,967  INFO [main] lockmgr.DbLockManager: Response to queryId=alex_20240424045320_0ea74635-101b-4ae3-93ad-226a8210003c LockResponse(lockid:9, state:ACQUIRED)
2024-04-24T04:53:20,967  INFO [main] ql.Driver: Operation QUERY obtained 1 locks
2024-04-24T04:53:20,970  INFO [main] ql.Driver: Executing command(queryId=alex_20240424045320_0ea74635-101b-4ae3-93ad-226a8210003c): insert into table acid_uap partition (ds='today') values (1, 'bah'),(2, 'yah')
2024-04-24T04:53:20,971  WARN [main] ql.Driver: Hive-on-MR is deprecated in Hive 2 and may not be available in the future versions. Consider using a different execution engine (i.e. tez, spark) or using Hive 1.X releases.
Query ID = alex_20240424045320_0ea74635-101b-4ae3-93ad-226a8210003c
2024-04-24T04:53:20,971  INFO [main] ql.Driver: Query ID = alex_20240424045320_0ea74635-101b-4ae3-93ad-226a8210003c
Total jobs = 1
2024-04-24T04:53:20,971  INFO [main] ql.Driver: Total jobs = 1
Launching Job 1 out of 1
2024-04-24T04:53:20,971  INFO [main] ql.Driver: Launching Job 1 out of 1
2024-04-24T04:53:21,107  INFO [main] ql.Driver: Starting task [Stage-1:MAPRED] in serial mode
Number of reduce tasks determined at compile time: 2
2024-04-24T04:53:21,107  INFO [main] exec.Task: Number of reduce tasks determined at compile time: 2
In order to change the average load for a reducer (in bytes):
2024-04-24T04:53:21,107  INFO [main] exec.Task: In order to change the average load for a reducer (in bytes):
  set hive.exec.reducers.bytes.per.reducer=<number>
2024-04-24T04:53:21,107  INFO [main] exec.Task:   set hive.exec.reducers.bytes.per.reducer=<number>
In order to limit the maximum number of reducers:
2024-04-24T04:53:21,107  INFO [main] exec.Task: In order to limit the maximum number of reducers:
  set hive.exec.reducers.max=<number>
2024-04-24T04:53:21,107  INFO [main] exec.Task:   set hive.exec.reducers.max=<number>
In order to set a constant number of reducers:
2024-04-24T04:53:21,107  INFO [main] exec.Task: In order to set a constant number of reducers:
  set mapreduce.job.reduces=<number>
2024-04-24T04:53:21,107  INFO [main] exec.Task:   set mapreduce.job.reduces=<number>
2024-04-24T04:53:21,110  INFO [main] mr.ExecDriver: Using org.apache.hadoop.hive.ql.io.HiveInputFormat
2024-04-24T04:53:21,110  INFO [main] exec.Utilities: Processing alias $hdt$_0:_dummy_table
2024-04-24T04:53:21,110  INFO [main] exec.Utilities: Adding 1 inputs; the first input is file:/home/alex/Repositories/hive/ql/target/tmp/localscratchdir/2e9ea6e1-a13e-47ab-948d-27986a04afa9/hive_2024-04-24_04-53-20_653_8147767433652624737-1/dummy_path
2024-04-24T04:53:21,120  INFO [main] exec.SerializationUtilities: Serializing MapWork using kryo
2024-04-24T04:53:21,122  INFO [main] exec.Utilities: Serialized plan (via FILE) - name: null size: 5,59KB
2024-04-24T04:53:21,127  INFO [main] exec.SerializationUtilities: Serializing ReduceWork using kryo
2024-04-24T04:53:21,137  INFO [main] exec.Utilities: Serialized plan (via FILE) - name: null size: 6,27KB
2024-04-24T04:53:21,138  WARN [main] impl.MetricsSystemImpl: JobTracker metrics system already initialized!
2024-04-24T04:53:21,142  INFO [main] fs.FSStatsPublisher: created : file:/home/alex/Repositories/hive/ql/target/tmp/localscratchdir/2e9ea6e1-a13e-47ab-948d-27986a04afa9/hive_2024-04-24_04-53-20_653_8147767433652624737-1/-mr-10000
2024-04-24T04:53:21,145  WARN [main] impl.MetricsSystemImpl: JobTracker metrics system already initialized!
2024-04-24T04:53:21,153  WARN [main] mapreduce.JobResourceUploader: Hadoop command-line option parsing not performed. Implement the Tool interface and execute your application with ToolRunner to remedy this.
2024-04-24T04:53:21,157  WARN [main] mapreduce.JobResourceUploader: No job jar file set.  User classes may not be found. See Job or Job#setJar(String).
2024-04-24T04:53:21,159  INFO [main] io.HiveInputFormat: hive.io.file.readcolumn.ids = 
2024-04-24T04:53:21,159  INFO [main] io.HiveInputFormat: hive.io.file.readcolumn.names = 
2024-04-24T04:53:21,159  INFO [main] io.HiveInputFormat: Generating splits for dirs: file:/home/alex/Repositories/hive/ql/target/tmp/localscratchdir/2e9ea6e1-a13e-47ab-948d-27986a04afa9/hive_2024-04-24_04-53-20_653_8147767433652624737-1/dummy_path
2024-04-24T04:53:21,160  INFO [main] io.HiveInputFormat: number of splits 1
2024-04-24T04:53:21,178  INFO [main] mapreduce.JobSubmitter: number of splits:1
2024-04-24T04:53:21,201  INFO [main] mapreduce.JobSubmitter: Submitting tokens for job: job_local986966769_0002
2024-04-24T04:53:21,201  INFO [main] mapreduce.JobSubmitter: Executing with tokens: []
2024-04-24T04:53:21,274  INFO [main] mapreduce.Job: The url to track the job: http://localhost:8080/
Job running in-process (local Hadoop)
2024-04-24T04:53:21,274  INFO [main] exec.Task: Job running in-process (local Hadoop)
2024-04-24T04:53:21,274  INFO [Thread-156] mapred.LocalJobRunner: OutputCommitter set in config org.apache.hadoop.hive.ql.io.HiveFileFormatUtils$NullOutputCommitter
2024-04-24T04:53:21,275  INFO [Thread-156] mapred.LocalJobRunner: OutputCommitter is org.apache.hadoop.hive.ql.io.HiveFileFormatUtils$NullOutputCommitter
2024-04-24T04:53:21,276  INFO [Thread-156] mapred.LocalJobRunner: Waiting for map tasks
2024-04-24T04:53:21,276  INFO [LocalJobRunner Map Task Executor #0] mapred.LocalJobRunner: Starting task: attempt_local986966769_0002_m_000000_0
2024-04-24T04:53:21,277  INFO [LocalJobRunner Map Task Executor #0] mapred.Task:  Using ResourceCalculatorProcessTree : [ ]
2024-04-24T04:53:21,278  INFO [LocalJobRunner Map Task Executor #0] mapred.MapTask: Processing split: org.apache.hadoop.hive.ql.io.NullRowsInputFormat:file:/home/alex/Repositories/hive/ql/target/tmp/localscratchdir/2e9ea6e1-a13e-47ab-948d-27986a04afa9/hive_2024-04-24_04-53-20_653_8147767433652624737-1/dummy_path/null:0+1
2024-04-24T04:53:21,279  INFO [LocalJobRunner Map Task Executor #0] exec.SerializationUtilities: Deserializing MapWork using kryo
2024-04-24T04:53:21,280  INFO [LocalJobRunner Map Task Executor #0] exec.Utilities: Deserialized plan (via FILE) - name: null size: 5,59KB
2024-04-24T04:53:21,281  INFO [LocalJobRunner Map Task Executor #0] mapred.MapTask: numReduceTasks: 2
2024-04-24T04:53:21,285  INFO [LocalJobRunner Map Task Executor #0] mapred.MapTask: (EQUATOR) 0 kvi 26214396(104857584)
2024-04-24T04:53:21,285  INFO [LocalJobRunner Map Task Executor #0] mapred.MapTask: mapreduce.task.io.sort.mb: 100
2024-04-24T04:53:21,285  INFO [LocalJobRunner Map Task Executor #0] mapred.MapTask: soft limit at 83886080
2024-04-24T04:53:21,285  INFO [LocalJobRunner Map Task Executor #0] mapred.MapTask: bufstart = 0; bufvoid = 104857600
2024-04-24T04:53:21,285  INFO [LocalJobRunner Map Task Executor #0] mapred.MapTask: kvstart = 26214396; length = 6553600
2024-04-24T04:53:21,286  INFO [LocalJobRunner Map Task Executor #0] mapred.MapTask: Map output collector class = org.apache.hadoop.mapred.MapTask$MapOutputBuffer
2024-04-24T04:53:21,286  INFO [LocalJobRunner Map Task Executor #0] exec.MapOperator: Initializing Operator: MAP[0]
2024-04-24T04:53:21,287  INFO [LocalJobRunner Map Task Executor #0] mr.ExecMapper: 
<MAP>Id =0
  <Children>null
  <\Children>
  <Parent><\Parent>
<\MAP>
2024-04-24T04:53:21,287  INFO [LocalJobRunner Map Task Executor #0] exec.TableScanOperator: Initializing Operator: TS[0]
2024-04-24T04:53:21,287  INFO [LocalJobRunner Map Task Executor #0] exec.SelectOperator: Initializing Operator: SEL[1]
2024-04-24T04:53:21,288  INFO [LocalJobRunner Map Task Executor #0] exec.SelectOperator: SELECT null
2024-04-24T04:53:21,288  INFO [LocalJobRunner Map Task Executor #0] exec.UDTFOperator: Initializing Operator: UDTF[2]
2024-04-24T04:53:21,288  INFO [LocalJobRunner Map Task Executor #0] exec.SelectOperator: Initializing Operator: SEL[3]
2024-04-24T04:53:21,288  INFO [LocalJobRunner Map Task Executor #0] exec.SelectOperator: SELECT struct<col1:int,col2:string>
2024-04-24T04:53:21,288  INFO [LocalJobRunner Map Task Executor #0] exec.ReduceSinkOperator: Initializing Operator: RS[5]
2024-04-24T04:53:21,288  INFO [LocalJobRunner Map Task Executor #0] exec.ReduceSinkOperator: Using tag = -1
2024-04-24T04:53:21,289  INFO [LocalJobRunner Map Task Executor #0] exec.ReduceSinkOperator: keys are [reducesinkkey0] num distributions: 1
2024-04-24T04:53:21,289  INFO [LocalJobRunner Map Task Executor #0] exec.ReduceSinkOperator: RS[5]: records written - 1
2024-04-24T04:53:21,289  INFO [LocalJobRunner Map Task Executor #0] exec.MapOperator: MAP[0]: records read - 1
2024-04-24T04:53:21,289  INFO [LocalJobRunner Map Task Executor #0] exec.MapOperator: Closing Operator: MAP[0]
2024-04-24T04:53:21,289  INFO [LocalJobRunner Map Task Executor #0] exec.MapOperator: MAP[0]: Total records read - 3. abort - false
2024-04-24T04:53:21,289  INFO [LocalJobRunner Map Task Executor #0] exec.MapOperator: RECORDS_IN:3, RECORDS_OUT_INTERMEDIATE:0, DESERIALIZE_ERRORS:0, RECORDS_OUT_OPERATOR_MAP_0:0, 
2024-04-24T04:53:21,289  INFO [LocalJobRunner Map Task Executor #0] exec.TableScanOperator: Closing Operator: TS[0]
2024-04-24T04:53:21,289  INFO [LocalJobRunner Map Task Executor #0] exec.TableScanOperator: RECORDS_OUT_OPERATOR_TS_0:1, RECORDS_OUT_INTERMEDIATE:0, 
2024-04-24T04:53:21,289  INFO [LocalJobRunner Map Task Executor #0] exec.SelectOperator: Closing Operator: SEL[1]
2024-04-24T04:53:21,289  INFO [LocalJobRunner Map Task Executor #0] exec.SelectOperator: RECORDS_OUT_INTERMEDIATE:0, RECORDS_OUT_OPERATOR_SEL_1:1, 
2024-04-24T04:53:21,289  INFO [LocalJobRunner Map Task Executor #0] exec.UDTFOperator: Closing Operator: UDTF[2]
2024-04-24T04:53:21,289  INFO [LocalJobRunner Map Task Executor #0] exec.UDTFOperator: RECORDS_OUT_OPERATOR_UDTF_2:2, RECORDS_OUT_INTERMEDIATE:0, 
2024-04-24T04:53:21,289  INFO [LocalJobRunner Map Task Executor #0] exec.SelectOperator: Closing Operator: SEL[3]
2024-04-24T04:53:21,289  INFO [LocalJobRunner Map Task Executor #0] exec.SelectOperator: RECORDS_OUT_OPERATOR_SEL_3:2, RECORDS_OUT_INTERMEDIATE:0, 
2024-04-24T04:53:21,289  INFO [LocalJobRunner Map Task Executor #0] exec.ReduceSinkOperator: Closing Operator: RS[5]
2024-04-24T04:53:21,289  INFO [LocalJobRunner Map Task Executor #0] exec.ReduceSinkOperator: RS[5]: Total records written - 2. abort - false
2024-04-24T04:53:21,290  INFO [LocalJobRunner Map Task Executor #0] exec.ReduceSinkOperator: RECORDS_OUT_OPERATOR_RS_5:2, RECORDS_OUT_INTERMEDIATE:2, 
2024-04-24T04:53:21,290  INFO [LocalJobRunner Map Task Executor #0] mapred.LocalJobRunner: 
2024-04-24T04:53:21,290  INFO [LocalJobRunner Map Task Executor #0] mapred.MapTask: Starting flush of map output
2024-04-24T04:53:21,290  INFO [LocalJobRunner Map Task Executor #0] mapred.MapTask: Spilling map output
2024-04-24T04:53:21,290  INFO [LocalJobRunner Map Task Executor #0] mapred.MapTask: bufstart = 0; bufend = 38; bufvoid = 104857600
2024-04-24T04:53:21,290  INFO [LocalJobRunner Map Task Executor #0] mapred.MapTask: kvstart = 26214396(104857584); kvend = 26214392(104857568); length = 5/6553600
2024-04-24T04:53:21,301  INFO [LocalJobRunner Map Task Executor #0] mapred.MapTask: Finished spill 0
2024-04-24T04:53:21,304  INFO [LocalJobRunner Map Task Executor #0] mapred.Task: Task:attempt_local986966769_0002_m_000000_0 is done. And is in the process of committing
2024-04-24T04:53:21,305  INFO [LocalJobRunner Map Task Executor #0] mapred.LocalJobRunner: map
2024-04-24T04:53:21,305  INFO [LocalJobRunner Map Task Executor #0] mapred.Task: Task 'attempt_local986966769_0002_m_000000_0' done.
2024-04-24T04:53:21,306  INFO [LocalJobRunner Map Task Executor #0] mapred.Task: Final Counters for attempt_local986966769_0002_m_000000_0: Counters: 26
	File System Counters
		FILE: Number of bytes read=25671
		FILE: Number of bytes written=2366253
		FILE: Number of read operations=0
		FILE: Number of large read operations=0
		FILE: Number of write operations=0
	Map-Reduce Framework
		Map input records=4
		Map output records=2
		Map output bytes=38
		Map output materialized bytes=54
		Input split bytes=361
		Combine input records=0
		Spilled Records=2
		Failed Shuffles=0
		Merged Map outputs=0
		GC time elapsed (ms)=0
		Total committed heap usage (bytes)=903348224
	HIVE
		DESERIALIZE_ERRORS=0
		RECORDS_IN=3
		RECORDS_OUT_INTERMEDIATE=2
		RECORDS_OUT_OPERATOR_MAP_0=0
		RECORDS_OUT_OPERATOR_RS_5=2
		RECORDS_OUT_OPERATOR_SEL_1=1
		RECORDS_OUT_OPERATOR_SEL_3=2
		RECORDS_OUT_OPERATOR_TS_0=1
		RECORDS_OUT_OPERATOR_UDTF_2=2
	File Input Format Counters 
		Bytes Read=5645
2024-04-24T04:53:21,306  INFO [LocalJobRunner Map Task Executor #0] mapred.LocalJobRunner: Finishing task: attempt_local986966769_0002_m_000000_0
2024-04-24T04:53:21,306  INFO [Thread-156] mapred.LocalJobRunner: map task executor complete.
2024-04-24T04:53:21,307  INFO [Thread-156] mapred.LocalJobRunner: Waiting for reduce tasks
2024-04-24T04:53:21,307  INFO [pool-14-thread-1] mapred.LocalJobRunner: Starting task: attempt_local986966769_0002_r_000000_0
2024-04-24T04:53:21,308  INFO [pool-14-thread-1] mapred.Task:  Using ResourceCalculatorProcessTree : [ ]
2024-04-24T04:53:21,308  INFO [pool-14-thread-1] mapred.ReduceTask: Using ShuffleConsumerPlugin: org.apache.hadoop.mapreduce.task.reduce.Shuffle@1cba198d
2024-04-24T04:53:21,308  WARN [pool-14-thread-1] impl.MetricsSystemImpl: JobTracker metrics system already initialized!
2024-04-24T04:53:21,309  INFO [pool-14-thread-1] reduce.MergeManagerImpl: MergerManager: memoryLimit=1336252800, maxSingleShuffleLimit=334063200, mergeThreshold=881926912, ioSortFactor=10, memToMemMergeOutputsThreshold=10
2024-04-24T04:53:21,310  INFO [EventFetcher for fetching Map Completion Events] reduce.EventFetcher: attempt_local986966769_0002_r_000000_0 Thread started: EventFetcher for fetching Map Completion Events
2024-04-24T04:53:21,311  INFO [localfetcher#3] reduce.LocalFetcher: localfetcher#3 about to shuffle output of map attempt_local986966769_0002_m_000000_0 decomp: 23 len: 27 to MEMORY
2024-04-24T04:53:21,311  INFO [localfetcher#3] reduce.InMemoryMapOutput: Read 23 bytes from map-output for attempt_local986966769_0002_m_000000_0
2024-04-24T04:53:21,311  INFO [localfetcher#3] reduce.MergeManagerImpl: closeInMemoryFile -> map-output of size: 23, inMemoryMapOutputs.size() -> 1, commitMemory -> 0, usedMemory ->23
2024-04-24T04:53:21,312  INFO [EventFetcher for fetching Map Completion Events] reduce.EventFetcher: EventFetcher is interrupted.. Returning
2024-04-24T04:53:21,312  INFO [pool-14-thread-1] mapred.LocalJobRunner: 1 / 1 copied.
2024-04-24T04:53:21,312  INFO [pool-14-thread-1] reduce.MergeManagerImpl: finalMerge called with 1 in-memory map-outputs and 0 on-disk map-outputs
2024-04-24T04:53:21,320  INFO [pool-14-thread-1] mapred.Merger: Merging 1 sorted segments
2024-04-24T04:53:21,320  INFO [pool-14-thread-1] mapred.Merger: Down to the last merge-pass, with 1 segments left of total size: 11 bytes
2024-04-24T04:53:21,322  INFO [pool-14-thread-1] reduce.MergeManagerImpl: Merged 1 segments, 23 bytes to disk to satisfy reduce memory limit
2024-04-24T04:53:21,322  INFO [pool-14-thread-1] reduce.MergeManagerImpl: Merging 1 files, 27 bytes from disk
2024-04-24T04:53:21,322  INFO [pool-14-thread-1] reduce.MergeManagerImpl: Merging 0 segments, 0 bytes from memory into reduce
2024-04-24T04:53:21,322  INFO [pool-14-thread-1] mapred.Merger: Merging 1 sorted segments
2024-04-24T04:53:21,323  INFO [pool-14-thread-1] mapred.Merger: Down to the last merge-pass, with 1 segments left of total size: 11 bytes
2024-04-24T04:53:21,323  INFO [pool-14-thread-1] mapred.LocalJobRunner: 1 / 1 copied.
2024-04-24T04:53:21,324  INFO [pool-14-thread-1] exec.SerializationUtilities: Deserializing ReduceWork using kryo
2024-04-24T04:53:21,327  INFO [pool-14-thread-1] exec.Utilities: Deserialized plan (via FILE) - name: null size: 6,27KB
2024-04-24T04:53:21,329  INFO [pool-14-thread-1] ExecReducer: 
<SEL>Id =6
  <Children>
    <FS>Id =7
      <Children>
      <\Children>
      <Parent>Id = 6 null<\Parent>
    <\FS>
  <\Children>
  <Parent><\Parent>
<\SEL>
2024-04-24T04:53:21,329  INFO [pool-14-thread-1] exec.SelectOperator: Initializing Operator: SEL[6]
2024-04-24T04:53:21,329  INFO [pool-14-thread-1] exec.SelectOperator: SELECT struct<key:struct<reducesinkkey0:int>,value:struct<_col0:varchar(128)>>
2024-04-24T04:53:21,329  INFO [pool-14-thread-1] exec.FileSinkOperator: Initializing Operator: FS[7]
2024-04-24T04:53:21,330  INFO [pool-14-thread-1] exec.FileSinkOperator: Using serializer : AbstractSerDe [log=org.apache.logging.slf4j.Log4jLogger@38b5dff2, configuration=Optional[Configuration: core-default.xml, core-site.xml, mapred-default.xml, mapred-site.xml, yarn-default.xml, yarn-site.xml, hdfs-default.xml, hdfs-site.xml, file:/home/alex/Repositories/hive/ql/target/tmp/TestTxnCommands3/mapred/local/localRunner/alex/job_local986966769_0002/job_local986966769_0002.xml], properties={transactional_properties=default, name=default.acid_uap, transactional=true, columns.types=int:varchar(128), bucket_field_name=a, columns=a,b, columns.comments=&amp#0;, partition_columns.types=string, partition_columns=ds, bucketing_version=1, bucket_count=2, serialization.lib=org.apache.hadoop.hive.ql.io.orc.OrcSerde, file.inputformat=org.apache.hadoop.hive.ql.io.orc.OrcInputFormat, file.outputformat=org.apache.hadoop.hive.ql.io.orc.OrcOutputFormat, location=file:/home/alex/Repositories/hive/ql/target/tmp/org.apache.hadoop.hive.ql.TestTxnCommands3-1713959586346/warehouse/acid_uap, column.name.delimiter=,}, tableProperties={transactional_properties=default, name=default.acid_uap, transactional=true, columns.types=int:varchar(128), bucket_field_name=a, columns=a,b, columns.comments=&amp#0;, partition_columns.types=string, partition_columns=ds, bucketing_version=1, bucket_count=2, serialization.lib=org.apache.hadoop.hive.ql.io.orc.OrcSerde, file.inputformat=org.apache.hadoop.hive.ql.io.orc.OrcInputFormat, location=file:/home/alex/Repositories/hive/ql/target/tmp/org.apache.hadoop.hive.ql.TestTxnCommands3-1713959586346/warehouse/acid_uap, file.outputformat=org.apache.hadoop.hive.ql.io.orc.OrcOutputFormat, column.name.delimiter=,}, partitionProperties=Optional.empty, columnNames=[a, b], columnTypes=[int, varchar(128)], getClass()=class org.apache.hadoop.hive.ql.io.orc.OrcSerde] and formatter : org.apache.hadoop.hive.ql.io.orc.OrcOutputFormat@2af5e0f2
2024-04-24T04:53:21,331  INFO [pool-14-thread-1] exec.FileSinkOperator: Final Path: FS file:/home/alex/Repositories/hive/ql/target/tmp/org.apache.hadoop.hive.ql.TestTxnCommands3-1713959586346/warehouse/acid_uap/ds=today
2024-04-24T04:53:21,331  INFO [pool-14-thread-1] exec.FileSinkOperator: New Final Path: FS file:/home/alex/Repositories/hive/ql/target/tmp/org.apache.hadoop.hive.ql.TestTxnCommands3-1713959586346/warehouse/acid_uap/ds=today
2024-04-24T04:53:21,331  INFO [pool-14-thread-1] common.FileUtils: Creating directory if it doesn't exist: file:/home/alex/Repositories/hive/ql/target/tmp/org.apache.hadoop.hive.ql.TestTxnCommands3-1713959586346/warehouse/acid_uap
2024-04-24T04:53:21,332  INFO [pool-14-thread-1] exec.FileSinkOperator: FS[7]: records written - 1
2024-04-24T04:53:21,333  INFO [pool-14-thread-1] impl.PhysicalFsWriter: ORC writer created for path: file:/home/alex/Repositories/hive/ql/target/tmp/org.apache.hadoop.hive.ql.TestTxnCommands3-1713959586346/warehouse/acid_uap/ds=today/delta_0000002_0000002_0000/bucket_00000_0 with stripeSize: 8388608 blockSize: 268435456 compression: Compress: ZLIB buffer: 32768
2024-04-24T04:53:21,343  INFO [pool-14-thread-1] impl.WriterImpl: ORC writer created for path: file:/home/alex/Repositories/hive/ql/target/tmp/org.apache.hadoop.hive.ql.TestTxnCommands3-1713959586346/warehouse/acid_uap/ds=today/delta_0000002_0000002_0000/bucket_00000_0 with stripeSize: 8388608 options: Compress: ZLIB buffer: 32768
2024-04-24T04:53:21,348  INFO [pool-14-thread-1] exec.SelectOperator: Closing Operator: SEL[6]
2024-04-24T04:53:21,349  INFO [pool-14-thread-1] exec.SelectOperator: RECORDS_OUT_INTERMEDIATE:0, RECORDS_OUT_OPERATOR_SEL_6:1, 
2024-04-24T04:53:21,349  INFO [pool-14-thread-1] exec.FileSinkOperator: Closing Operator: FS[7]
2024-04-24T04:53:21,349  INFO [pool-14-thread-1] exec.FileSinkOperator: FS[7]: records written - 1
2024-04-24T04:53:21,367  INFO [pool-14-thread-1] FileOperations: Writing manifest to file:/home/alex/Repositories/hive/ql/target/tmp/org.apache.hadoop.hive.ql.TestTxnCommands3-1713959586346/warehouse/acid_uap/_tmp.delta_0000002_0000002_0000/000000_0.manifest with [file:/home/alex/Repositories/hive/ql/target/tmp/org.apache.hadoop.hive.ql.TestTxnCommands3-1713959586346/warehouse/acid_uap/ds=today/delta_0000002_0000002_0000/bucket_00000_0]
2024-04-24T04:53:21,380  INFO [pool-14-thread-1] exec.FileSinkOperator: RECORDS_OUT_1_default.acid_uap:1, RECORDS_OUT_INTERMEDIATE:0, RECORDS_OUT_OPERATOR_FS_7:1, TOTAL_TABLE_ROWS_WRITTEN:1, 
2024-04-24T04:53:21,381  INFO [pool-14-thread-1] mapred.Task: Task:attempt_local986966769_0002_r_000000_0 is done. And is in the process of committing
2024-04-24T04:53:21,382  INFO [pool-14-thread-1] mapred.LocalJobRunner: reduce > reduce
2024-04-24T04:53:21,382  INFO [pool-14-thread-1] mapred.Task: Task 'attempt_local986966769_0002_r_000000_0' done.
2024-04-24T04:53:21,382  INFO [pool-14-thread-1] mapred.Task: Final Counters for attempt_local986966769_0002_r_000000_0: Counters: 30
	File System Counters
		FILE: Number of bytes read=32142
		FILE: Number of bytes written=2367342
		FILE: Number of read operations=0
		FILE: Number of large read operations=0
		FILE: Number of write operations=0
	Map-Reduce Framework
		Combine input records=0
		Combine output records=0
		Reduce input groups=1
		Reduce shuffle bytes=27
		Reduce input records=1
		Reduce output records=0
		Spilled Records=1
		Shuffled Maps =1
		Failed Shuffles=0
		Merged Map outputs=1
		GC time elapsed (ms)=11
		Total committed heap usage (bytes)=965214208
	HIVE
		CREATED_FILES=1
		RECORDS_OUT_1_default.acid_uap=1
		RECORDS_OUT_INTERMEDIATE=0
		RECORDS_OUT_OPERATOR_FS_7=1
		RECORDS_OUT_OPERATOR_SEL_6=1
		TOTAL_TABLE_ROWS_WRITTEN=1
	Shuffle Errors
		BAD_ID=0
		CONNECTION=0
		IO_ERROR=0
		WRONG_LENGTH=0
		WRONG_MAP=0
		WRONG_REDUCE=0
	File Output Format Counters 
		Bytes Written=0
2024-04-24T04:53:21,382  INFO [pool-14-thread-1] mapred.LocalJobRunner: Finishing task: attempt_local986966769_0002_r_000000_0
2024-04-24T04:53:21,382  INFO [pool-14-thread-1] mapred.LocalJobRunner: Starting task: attempt_local986966769_0002_r_000001_0
2024-04-24T04:53:21,383  INFO [pool-14-thread-1] mapred.Task:  Using ResourceCalculatorProcessTree : [ ]
2024-04-24T04:53:21,383  INFO [pool-14-thread-1] mapred.ReduceTask: Using ShuffleConsumerPlugin: org.apache.hadoop.mapreduce.task.reduce.Shuffle@29564953
2024-04-24T04:53:21,383  WARN [pool-14-thread-1] impl.MetricsSystemImpl: JobTracker metrics system already initialized!
2024-04-24T04:53:21,384  INFO [pool-14-thread-1] reduce.MergeManagerImpl: MergerManager: memoryLimit=1336252800, maxSingleShuffleLimit=334063200, mergeThreshold=881926912, ioSortFactor=10, memToMemMergeOutputsThreshold=10
2024-04-24T04:53:21,385  INFO [EventFetcher for fetching Map Completion Events] reduce.EventFetcher: attempt_local986966769_0002_r_000001_0 Thread started: EventFetcher for fetching Map Completion Events
2024-04-24T04:53:21,388  INFO [localfetcher#4] reduce.LocalFetcher: localfetcher#4 about to shuffle output of map attempt_local986966769_0002_m_000000_0 decomp: 23 len: 27 to MEMORY
2024-04-24T04:53:21,388  INFO [localfetcher#4] reduce.InMemoryMapOutput: Read 23 bytes from map-output for attempt_local986966769_0002_m_000000_0
2024-04-24T04:53:21,388  INFO [localfetcher#4] reduce.MergeManagerImpl: closeInMemoryFile -> map-output of size: 23, inMemoryMapOutputs.size() -> 1, commitMemory -> 0, usedMemory ->23
2024-04-24T04:53:21,389  INFO [EventFetcher for fetching Map Completion Events] reduce.EventFetcher: EventFetcher is interrupted.. Returning
2024-04-24T04:53:21,389  INFO [pool-14-thread-1] mapred.LocalJobRunner: 1 / 1 copied.
2024-04-24T04:53:21,389  INFO [pool-14-thread-1] reduce.MergeManagerImpl: finalMerge called with 1 in-memory map-outputs and 0 on-disk map-outputs
2024-04-24T04:53:21,396  INFO [pool-14-thread-1] mapred.Merger: Merging 1 sorted segments
2024-04-24T04:53:21,396  INFO [pool-14-thread-1] mapred.Merger: Down to the last merge-pass, with 1 segments left of total size: 11 bytes
2024-04-24T04:53:21,399  INFO [pool-14-thread-1] reduce.MergeManagerImpl: Merged 1 segments, 23 bytes to disk to satisfy reduce memory limit
2024-04-24T04:53:21,399  INFO [pool-14-thread-1] reduce.MergeManagerImpl: Merging 1 files, 27 bytes from disk
2024-04-24T04:53:21,399  INFO [pool-14-thread-1] reduce.MergeManagerImpl: Merging 0 segments, 0 bytes from memory into reduce
2024-04-24T04:53:21,399  INFO [pool-14-thread-1] mapred.Merger: Merging 1 sorted segments
2024-04-24T04:53:21,399  INFO [pool-14-thread-1] mapred.Merger: Down to the last merge-pass, with 1 segments left of total size: 11 bytes
2024-04-24T04:53:21,399  INFO [pool-14-thread-1] mapred.LocalJobRunner: 1 / 1 copied.
2024-04-24T04:53:21,400  INFO [pool-14-thread-1] exec.SerializationUtilities: Deserializing ReduceWork using kryo
2024-04-24T04:53:21,401  INFO [pool-14-thread-1] exec.Utilities: Deserialized plan (via FILE) - name: null size: 6,27KB
2024-04-24T04:53:21,402  INFO [pool-14-thread-1] ExecReducer: 
<SEL>Id =6
  <Children>
    <FS>Id =7
      <Children>
      <\Children>
      <Parent>Id = 6 null<\Parent>
    <\FS>
  <\Children>
  <Parent><\Parent>
<\SEL>
2024-04-24T04:53:21,402  INFO [pool-14-thread-1] exec.SelectOperator: Initializing Operator: SEL[6]
2024-04-24T04:53:21,402  INFO [pool-14-thread-1] exec.SelectOperator: SELECT struct<key:struct<reducesinkkey0:int>,value:struct<_col0:varchar(128)>>
2024-04-24T04:53:21,402  INFO [pool-14-thread-1] exec.FileSinkOperator: Initializing Operator: FS[7]
2024-04-24T04:53:21,402  INFO [pool-14-thread-1] exec.FileSinkOperator: Using serializer : AbstractSerDe [log=org.apache.logging.slf4j.Log4jLogger@38b5dff2, configuration=Optional[Configuration: core-default.xml, core-site.xml, mapred-default.xml, mapred-site.xml, yarn-default.xml, yarn-site.xml, hdfs-default.xml, hdfs-site.xml, file:/home/alex/Repositories/hive/ql/target/tmp/TestTxnCommands3/mapred/local/localRunner/alex/job_local986966769_0002/job_local986966769_0002.xml], properties={transactional_properties=default, name=default.acid_uap, transactional=true, columns.types=int:varchar(128), bucket_field_name=a, columns=a,b, columns.comments=&amp#0;, partition_columns.types=string, partition_columns=ds, bucketing_version=1, bucket_count=2, serialization.lib=org.apache.hadoop.hive.ql.io.orc.OrcSerde, file.inputformat=org.apache.hadoop.hive.ql.io.orc.OrcInputFormat, file.outputformat=org.apache.hadoop.hive.ql.io.orc.OrcOutputFormat, location=file:/home/alex/Repositories/hive/ql/target/tmp/org.apache.hadoop.hive.ql.TestTxnCommands3-1713959586346/warehouse/acid_uap, column.name.delimiter=,}, tableProperties={transactional_properties=default, name=default.acid_uap, transactional=true, columns.types=int:varchar(128), bucket_field_name=a, columns=a,b, columns.comments=&amp#0;, partition_columns.types=string, partition_columns=ds, bucketing_version=1, bucket_count=2, serialization.lib=org.apache.hadoop.hive.ql.io.orc.OrcSerde, file.inputformat=org.apache.hadoop.hive.ql.io.orc.OrcInputFormat, location=file:/home/alex/Repositories/hive/ql/target/tmp/org.apache.hadoop.hive.ql.TestTxnCommands3-1713959586346/warehouse/acid_uap, file.outputformat=org.apache.hadoop.hive.ql.io.orc.OrcOutputFormat, column.name.delimiter=,}, partitionProperties=Optional.empty, columnNames=[a, b], columnTypes=[int, varchar(128)], getClass()=class org.apache.hadoop.hive.ql.io.orc.OrcSerde] and formatter : org.apache.hadoop.hive.ql.io.orc.OrcOutputFormat@3b458126
2024-04-24T04:53:21,404  INFO [pool-14-thread-1] exec.FileSinkOperator: Final Path: FS file:/home/alex/Repositories/hive/ql/target/tmp/org.apache.hadoop.hive.ql.TestTxnCommands3-1713959586346/warehouse/acid_uap/ds=today
2024-04-24T04:53:21,404  INFO [pool-14-thread-1] exec.FileSinkOperator: New Final Path: FS file:/home/alex/Repositories/hive/ql/target/tmp/org.apache.hadoop.hive.ql.TestTxnCommands3-1713959586346/warehouse/acid_uap/ds=today
2024-04-24T04:53:21,404  INFO [pool-14-thread-1] common.FileUtils: Creating directory if it doesn't exist: file:/home/alex/Repositories/hive/ql/target/tmp/org.apache.hadoop.hive.ql.TestTxnCommands3-1713959586346/warehouse/acid_uap
2024-04-24T04:53:21,404  INFO [pool-14-thread-1] exec.FileSinkOperator: FS[7]: records written - 1
2024-04-24T04:53:21,405  INFO [pool-14-thread-1] impl.PhysicalFsWriter: ORC writer created for path: file:/home/alex/Repositories/hive/ql/target/tmp/org.apache.hadoop.hive.ql.TestTxnCommands3-1713959586346/warehouse/acid_uap/ds=today/delta_0000002_0000002_0000/bucket_00001_0 with stripeSize: 8388608 blockSize: 268435456 compression: Compress: ZLIB buffer: 32768
2024-04-24T04:53:21,409  INFO [pool-14-thread-1] impl.WriterImpl: ORC writer created for path: file:/home/alex/Repositories/hive/ql/target/tmp/org.apache.hadoop.hive.ql.TestTxnCommands3-1713959586346/warehouse/acid_uap/ds=today/delta_0000002_0000002_0000/bucket_00001_0 with stripeSize: 8388608 options: Compress: ZLIB buffer: 32768
2024-04-24T04:53:21,410  INFO [pool-14-thread-1] exec.SelectOperator: Closing Operator: SEL[6]
2024-04-24T04:53:21,410  INFO [pool-14-thread-1] exec.SelectOperator: RECORDS_OUT_OPERATOR_SEL_6:1, RECORDS_OUT_INTERMEDIATE:0, 
2024-04-24T04:53:21,410  INFO [pool-14-thread-1] exec.FileSinkOperator: Closing Operator: FS[7]
2024-04-24T04:53:21,410  INFO [pool-14-thread-1] exec.FileSinkOperator: FS[7]: records written - 1
2024-04-24T04:53:21,412  INFO [pool-14-thread-1] FileOperations: Writing manifest to file:/home/alex/Repositories/hive/ql/target/tmp/org.apache.hadoop.hive.ql.TestTxnCommands3-1713959586346/warehouse/acid_uap/_tmp.delta_0000002_0000002_0000/000001_0.manifest with [file:/home/alex/Repositories/hive/ql/target/tmp/org.apache.hadoop.hive.ql.TestTxnCommands3-1713959586346/warehouse/acid_uap/ds=today/delta_0000002_0000002_0000/bucket_00001_0]
2024-04-24T04:53:21,422  INFO [pool-14-thread-1] exec.FileSinkOperator: RECORDS_OUT_OPERATOR_FS_7:1, RECORDS_OUT_1_default.acid_uap:1, RECORDS_OUT_INTERMEDIATE:0, TOTAL_TABLE_ROWS_WRITTEN:1, 
2024-04-24T04:53:21,423  INFO [pool-14-thread-1] mapred.Task: Task:attempt_local986966769_0002_r_000001_0 is done. And is in the process of committing
2024-04-24T04:53:21,423  INFO [pool-14-thread-1] mapred.LocalJobRunner: reduce > reduce
2024-04-24T04:53:21,423  INFO [pool-14-thread-1] mapred.Task: Task 'attempt_local986966769_0002_r_000001_0' done.
2024-04-24T04:53:21,423  INFO [pool-14-thread-1] mapred.Task: Final Counters for attempt_local986966769_0002_r_000001_0: Counters: 30
	File System Counters
		FILE: Number of bytes read=38586
		FILE: Number of bytes written=2368433
		FILE: Number of read operations=0
		FILE: Number of large read operations=0
		FILE: Number of write operations=0
	Map-Reduce Framework
		Combine input records=0
		Combine output records=0
		Reduce input groups=1
		Reduce shuffle bytes=27
		Reduce input records=1
		Reduce output records=0
		Spilled Records=1
		Shuffled Maps =1
		Failed Shuffles=0
		Merged Map outputs=1
		GC time elapsed (ms)=0
		Total committed heap usage (bytes)=965214208
	HIVE
		CREATED_FILES=1
		RECORDS_OUT_1_default.acid_uap=1
		RECORDS_OUT_INTERMEDIATE=0
		RECORDS_OUT_OPERATOR_FS_7=1
		RECORDS_OUT_OPERATOR_SEL_6=1
		TOTAL_TABLE_ROWS_WRITTEN=1
	Shuffle Errors
		BAD_ID=0
		CONNECTION=0
		IO_ERROR=0
		WRONG_LENGTH=0
		WRONG_MAP=0
		WRONG_REDUCE=0
	File Output Format Counters 
		Bytes Written=0
2024-04-24T04:53:21,423  INFO [pool-14-thread-1] mapred.LocalJobRunner: Finishing task: attempt_local986966769_0002_r_000001_0
2024-04-24T04:53:21,424  INFO [Thread-156] mapred.LocalJobRunner: reduce task executor complete.
2024-04-24 04:53:22,294 Stage-1 map = 100%,  reduce = 100%
2024-04-24T04:53:22,294  INFO [main] exec.Task: 2024-04-24 04:53:22,294 Stage-1 map = 100%,  reduce = 100%
Ended Job = job_local986966769_0002
2024-04-24T04:53:22,299  INFO [main] exec.Task: Ended Job = job_local986966769_0002
2024-04-24T04:53:22,300  INFO [main] FileOperations: Found manifest file file:/home/alex/Repositories/hive/ql/target/tmp/org.apache.hadoop.hive.ql.TestTxnCommands3-1713959586346/warehouse/acid_uap/_tmp.delta_0000002_0000002_0000/000000_0.manifest with attemptId 0.
2024-04-24T04:53:22,300  INFO [main] FileOperations: Found manifest file file:/home/alex/Repositories/hive/ql/target/tmp/org.apache.hadoop.hive.ql.TestTxnCommands3-1713959586346/warehouse/acid_uap/_tmp.delta_0000002_0000002_0000/000001_0.manifest with attemptId 0.
2024-04-24T04:53:22,301  INFO [main] FileOperations: Looking at manifest file: file:/home/alex/Repositories/hive/ql/target/tmp/org.apache.hadoop.hive.ql.TestTxnCommands3-1713959586346/warehouse/acid_uap/_tmp.delta_0000002_0000002_0000/000000_0.manifest
2024-04-24T04:53:22,301  INFO [main] FileOperations: Looking at manifest file: file:/home/alex/Repositories/hive/ql/target/tmp/org.apache.hadoop.hive.ql.TestTxnCommands3-1713959586346/warehouse/acid_uap/_tmp.delta_0000002_0000002_0000/000001_0.manifest
2024-04-24T04:53:22,301  INFO [main] FileOperations: Deleting manifest directory file:/home/alex/Repositories/hive/ql/target/tmp/org.apache.hadoop.hive.ql.TestTxnCommands3-1713959586346/warehouse/acid_uap/_tmp.delta_0000002_0000002_0000
2024-04-24T04:53:22,303  INFO [main] ql.Driver: Starting task [Stage-0:MOVE] in serial mode
Loading data to table default.acid_uap partition (ds=today)
2024-04-24T04:53:22,304  INFO [main] exec.Task: Loading data to table default.acid_uap partition (ds=today) from file:/home/alex/Repositories/hive/ql/target/tmp/org.apache.hadoop.hive.ql.TestTxnCommands3-1713959586346/warehouse/acid_uap/ds=today
2024-04-24T04:53:22,304  INFO [main] HiveMetaStore.audit: ugi=alex	ip=unknown-ip-addr	cmd=get_table : tbl=hive.default.acid_uap	
2024-04-24T04:53:22,315  INFO [main] metastore.HMSHandler: Skipping translation for processor with null
2024-04-24T04:53:22,315  INFO [main] exec.MoveTask: Partition is: {ds=today}
2024-04-24T04:53:22,316  INFO [main] HiveMetaStore.audit: ugi=alex	ip=unknown-ip-addr	cmd=partition_name_has_valid_characters	
2024-04-24T04:53:22,316  INFO [main] HiveMetaStore.audit: ugi=alex	ip=unknown-ip-addr	cmd=get_table : tbl=hive.default.acid_uap	
2024-04-24T04:53:22,326  INFO [main] metastore.HMSHandler: Skipping translation for processor with null
2024-04-24T04:53:22,326  INFO [main] HiveMetaStore.audit: ugi=alex	ip=unknown-ip-addr	cmd=get_partition_with_auth : tbl=hive.default.acid_uap[today]	
2024-04-24T04:53:22,346  WARN [main] FileOperations: Computing stats for an ACID table; stats may be inaccurate
2024-04-24T04:53:22,347  INFO [main] HiveMetaStore.audit: ugi=alex	ip=unknown-ip-addr	cmd=add_partition : tbl=hive.default.acid_uap	
2024-04-24T04:53:22,376  INFO [main] HiveMetaStore.audit: ugi=alex	ip=unknown-ip-addr	cmd=get_partition_with_auth : tbl=hive.default.acid_uap[today]	
2024-04-24T04:53:22,394  INFO [main] ql.Driver: Starting task [Stage-2:STATS] in serial mode
2024-04-24T04:53:22,394  INFO [main] HiveMetaStore.audit: ugi=alex	ip=unknown-ip-addr	cmd=get_table : tbl=hive.default.acid_uap	
2024-04-24T04:53:22,404  INFO [main] metastore.HMSHandler: Skipping translation for processor with null
2024-04-24T04:53:22,404  INFO [main] stats.BasicStatsTask: Executing stats task
2024-04-24T04:53:22,404  INFO [main] fs.FSStatsPublisher: created : file:/home/alex/Repositories/hive/ql/target/tmp/localscratchdir/2e9ea6e1-a13e-47ab-948d-27986a04afa9/hive_2024-04-24_04-53-20_653_8147767433652624737-1/-mr-10000
2024-04-24T04:53:22,407  INFO [main] HiveMetaStore.audit: ugi=alex	ip=unknown-ip-addr	cmd=get_table : tbl=hive.default.acid_uap	
2024-04-24T04:53:22,418  INFO [main] metastore.HMSHandler: Skipping translation for processor with null
2024-04-24T04:53:22,418  INFO [main] HiveMetaStore.audit: ugi=alex	ip=unknown-ip-addr	cmd=get_partition_with_auth : tbl=hive.default.acid_uap[today]	
2024-04-24T04:53:22,448  WARN [stats-updater-thread-0] FileOperations: Computing stats for an ACID table; stats may be inaccurate
2024-04-24T04:53:22,449  INFO [main] FileOperations: Read stats for default.acid_uap/ds=today/, numRows, true, 2, false: 
2024-04-24T04:53:22,449  INFO [main] FileOperations: Read stats for default.acid_uap/ds=today/, rawDataSize, true, 0, false: 
2024-04-24T04:53:22,449  INFO [main] stats.BasicStatsTask: Partition {ds=today} stats: [numFiles=2, numRows=2, totalSize=1409, rawDataSize=0, numFilesErasureCoded=0]
2024-04-24T04:53:22,449  INFO [main] HiveMetaStore.audit: ugi=alex	ip=unknown-ip-addr	cmd=alter_partitions : tbl=hive.default.acid_uap	
2024-04-24T04:53:22,449  INFO [main] metastore.HMSHandler: New partition values:[today]
2024-04-24T04:53:22,515  INFO [main] FileOperations: Read stats for default.acid_uap/ds=today/, insertCount, true, 2, false: 
2024-04-24T04:53:22,515  INFO [main] FileOperations: Read stats for default.acid_uap/ds=today/, updateCount, true, 0, false: 
2024-04-24T04:53:22,516  INFO [main] FileOperations: Read stats for default.acid_uap/ds=today/, deleteCount, true, 0, false: 
2024-04-24T04:53:22,516  INFO [main] metadata.Hive: Dumping metastore api call timing information for : execution phase
2024-04-24T04:53:22,517  INFO [main] metadata.Hive: Total time spent in each metastore function (ms): {validatePartitionNameCharacters_(List)=0, getPartitionWithAuthInfo_(String, String, List, String, List)=34, add_partition_(Partition)=29, getValidWriteIds_(List, String)=1, updateTransactionalStatistics_(UpdateTransactionalStatsRequest)=0, isCompatibleWith_(Configuration)=0, alter_partitions_(String, String, List, EnvironmentContext, String, long)=66, getTable_(GetTableRequest)=43}
MapReduce Jobs Launched: 
2024-04-24T04:53:22,517  INFO [main] ql.Driver: MapReduce Jobs Launched: 
Stage-Stage-1:  HDFS Read: 0 HDFS Write: 0 SUCCESS
2024-04-24T04:53:22,517  INFO [main] ql.Driver: Stage-Stage-1:  HDFS Read: 0 HDFS Write: 0 SUCCESS
Total MapReduce CPU Time Spent: 0 msec
2024-04-24T04:53:22,517  INFO [main] ql.Driver: Total MapReduce CPU Time Spent: 0 msec
2024-04-24T04:53:22,517  INFO [main] ql.Driver: Completed executing command(queryId=alex_20240424045320_0ea74635-101b-4ae3-93ad-226a8210003c); Time taken: 1.546 seconds
2024-04-24T04:53:22,517  INFO [main] lockmgr.DbTxnManager: Stopped heartbeat for query: alex_20240424045320_0ea74635-101b-4ae3-93ad-226a8210003c
2024-04-24T04:53:22,531  INFO [main] txn.TxnHandler: Removed transactions: ([16]) from MIN_HISTORY_LEVEL
2024-04-24T04:53:22,531  WARN [main] txn.CompactionTxnHandler: No compaction queue record found for Compaction type transaction commit. txnId:16
2024-04-24T04:53:22,532  INFO [main] ql.TxnCommandsBaseForTests: Running the query: select a,b, ds from acid_uap order by a,b, ds
2024-04-24T04:53:22,532  INFO [main] ql.Context: Deleting scratch dir: file:/home/alex/Repositories/hive/ql/target/tmp/localscratchdir/2e9ea6e1-a13e-47ab-948d-27986a04afa9/hive_2024-04-24_04-53-20_653_8147767433652624737-1
2024-04-24T04:53:22,533  INFO [main] cleanup.SyncCleanupService: Deleted directory: file:/home/alex/Repositories/hive/ql/target/tmp/localscratchdir/2e9ea6e1-a13e-47ab-948d-27986a04afa9/hive_2024-04-24_04-53-20_653_8147767433652624737-1 on fs with scheme file
2024-04-24T04:53:22,533  INFO [main] ql.Driver: Compiling command(queryId=alex_20240424045322_23faf9a7-a3fa-4ab0-86cf-9daa7ba472f1): select a,b, ds from acid_uap order by a,b, ds
2024-04-24T04:53:22,538  INFO [main] txn.TxnHandler: Added entries to MIN_HISTORY_LEVEL for current txns: ([17]) with min_open_txn: 17
2024-04-24T04:53:22,539  INFO [main] lockmgr.DbTxnManager: Opened txnid:17
2024-04-24T04:53:22,540  INFO [main] parse.CalcitePlanner: Starting caching scope for: 
2024-04-24T04:53:22,540  INFO [main] parse.CalcitePlanner: Starting Semantic Analysis
2024-04-24T04:53:22,546  INFO [main] parse.CalcitePlanner: Completed phase 1 of Semantic Analysis
2024-04-24T04:53:22,547  INFO [main] parse.CalcitePlanner: Get metadata for source tables
2024-04-24T04:53:22,548  INFO [main] HiveMetaStore.audit: ugi=alex	ip=unknown-ip-addr	cmd=get_table : tbl=hive.default.acid_uap	
2024-04-24T04:53:22,559  INFO [main] metastore.HMSHandler: Skipping translation for processor with null
2024-04-24T04:53:22,559  INFO [main] parse.CalcitePlanner: Get metadata for subqueries
2024-04-24T04:53:22,559  INFO [main] parse.CalcitePlanner: Get metadata for destination tables
2024-04-24T04:53:22,566  INFO [main] parse.CalcitePlanner: Completed getting MetaData in Semantic Analysis
2024-04-24T04:53:22,588  INFO [main] HiveMetaStore.audit: ugi=alex	ip=unknown-ip-addr	cmd=get_all_table_constraints : tbl=hive.default.acid_uap	
2024-04-24T04:53:22,750  INFO [main] calcite.RelOptHiveTable: Calculating column statistics for default.acid_uap, projIndxSet: [0, 1, 2], allowMissingStats: true
2024-04-24T04:53:22,751  INFO [main] HiveMetaStore.audit: ugi=alex	ip=unknown-ip-addr	cmd=get_partitions : tbl=hive.default.acid_uap	
2024-04-24T04:53:22,818  INFO [main] HiveMetaStore.audit: ugi=alex	ip=unknown-ip-addr	cmd=get_table : tbl=hive.default.acid_uap	
2024-04-24T04:53:22,836  INFO [main] metastore.HMSHandler: Skipping translation for processor with null
2024-04-24T04:53:22,836  INFO [main] HiveMetaStore.audit: ugi=alex	ip=unknown-ip-addr	cmd=get_aggr_stats_for: table=hive.default.acid_uap	
2024-04-24T04:53:22,878  WARN [main] calcite.RelOptHiveTable: No Stats for default@acid_uap, Columns: b, a
No Stats for default@acid_uap, Columns: b, a
2024-04-24T04:53:22,878  INFO [main] SessionState: No Stats for default@acid_uap, Columns: b, a
2024-04-24T04:53:22,933  INFO [main] parse.CalcitePlanner: Get metadata for source tables
2024-04-24T04:53:22,933  INFO [main] parse.CalcitePlanner: Get metadata for subqueries
2024-04-24T04:53:22,933  INFO [main] parse.CalcitePlanner: Get metadata for destination tables
2024-04-24T04:53:22,935  INFO [main] common.FileUtils: Creating directory if it doesn't exist: file:/home/alex/Repositories/hive/ql/target/tmp/localscratchdir/2e9ea6e1-a13e-47ab-948d-27986a04afa9/hive_2024-04-24_04-53-22_533_8454179344727074989-1/-mr-10001/.hive-staging_hive_2024-04-24_04-53-22_533_8454179344727074989-1
2024-04-24T04:53:22,965  INFO [main] parse.CalcitePlanner: CBO Succeeded; optimized logical plan.
2024-04-24T04:53:22,968  INFO [main] optimizer.ColumnPrunerProcFactory: RS 2 oldColExprMap: {KEY.reducesinkkey2=Column[_col2], KEY.reducesinkkey0=Column[_col0], KEY.reducesinkkey1=Column[_col1]}
2024-04-24T04:53:22,968  INFO [main] optimizer.ColumnPrunerProcFactory: RS 2 newColExprMap: {KEY.reducesinkkey0=Column[_col0], KEY.reducesinkkey2=Column[_col2], KEY.reducesinkkey1=Column[_col1]}
2024-04-24T04:53:22,979  INFO [main] optimizer.SortedDynPartitionOptimizer: Sorted dynamic partitioning optimization kicked in..
2024-04-24T04:53:22,993  INFO [main] physical.Vectorizer: Examining input format to see if vectorization is enabled.
2024-04-24T04:53:22,994  INFO [main] physical.Vectorizer: Vectorization is enabled for input format(s) [org.apache.hadoop.hive.ql.io.orc.OrcInputFormat]
2024-04-24T04:53:22,994  INFO [main] physical.Vectorizer: Validating and vectorizing MapWork... (vectorizedVertexNum 0)
2024-04-24T04:53:23,009  INFO [main] physical.Vectorizer: Map vectorization enabled: true
2024-04-24T04:53:23,009  INFO [main] physical.Vectorizer: Map vectorized: true
2024-04-24T04:53:23,009  INFO [main] physical.Vectorizer: Map vectorizedVertexNum: 0
2024-04-24T04:53:23,009  INFO [main] physical.Vectorizer: Map enabledConditionsMet: [hive.vectorized.use.vectorized.input.format IS true]
2024-04-24T04:53:23,009  INFO [main] physical.Vectorizer: Map inputFileFormatClassNameSet: [org.apache.hadoop.hive.ql.io.orc.OrcInputFormat]
2024-04-24T04:53:23,009  INFO [main] physical.Vectorizer: Reduce vectorization enabled: false
2024-04-24T04:53:23,009  INFO [main] physical.Vectorizer: Reduce vectorized: false
2024-04-24T04:53:23,009  INFO [main] physical.Vectorizer: Reduce vectorizedVertexNum: 1
2024-04-24T04:53:23,009  INFO [main] physical.Vectorizer: Reducer hive.vectorized.execution.reduce.enabled: true
2024-04-24T04:53:23,009  INFO [main] physical.Vectorizer: Reducer engine: mr
2024-04-24T04:53:23,010  INFO [main] parse.CalcitePlanner: Completed plan generation
2024-04-24T04:53:23,010  INFO [main] parse.CalcitePlanner: Ending caching scope for: 
2024-04-24T04:53:23,010  INFO [main] ql.Driver: Semantic Analysis Completed (retrial = false)
2024-04-24T04:53:23,010  INFO [main] ql.Driver: Created Hive schema: Schema(fieldSchemas:[FieldSchema(name:a, type:int, comment:null), FieldSchema(name:b, type:varchar(128), comment:null), FieldSchema(name:ds, type:string, comment:null)], properties:null)
2024-04-24T04:53:23,012  INFO [main] exec.ListSinkOperator: Initializing Operator: LIST_SINK[7]
2024-04-24T04:53:23,013  INFO [main] metadata.Hive: Dumping metastore api call timing information for : compilation phase
2024-04-24T04:53:23,013  INFO [main] metadata.Hive: Total time spent in each metastore function (ms): {isCompatibleWith_(Configuration)=1, getAllTableConstraints_(AllTableConstraintsRequest)=12, getValidTxns_(long)=1, commitTxn_(CommitTxnRequest)=15, getAggrColStatsFor_(String, String, List, List, String, String)=58, listPartitions_(String, String, short)=57, openTxn_(String, TxnType)=3, getValidWriteIds_(List, String)=4, flushCache_()=0, getTable_(GetTableRequest)=12}
2024-04-24T04:53:23,014  INFO [main] ql.Driver: Completed compiling command(queryId=alex_20240424045322_23faf9a7-a3fa-4ab0-86cf-9daa7ba472f1); Time taken: 0.48 seconds
2024-04-24T04:53:23,014  INFO [main] lockmgr.DbTxnManager: Setting lock request transaction to txnid:17 for queryId=alex_20240424045322_23faf9a7-a3fa-4ab0-86cf-9daa7ba472f1
2024-04-24T04:53:23,015  INFO [main] lockmgr.DbLockManager: Requesting lock for queryId=alex_20240424045322_23faf9a7-a3fa-4ab0-86cf-9daa7ba472f1
2024-04-24T04:53:23,041  INFO [main] lockmgr.DbLockManager: Response to queryId=alex_20240424045322_23faf9a7-a3fa-4ab0-86cf-9daa7ba472f1 LockResponse(lockid:10, state:ACQUIRED)
2024-04-24T04:53:23,041  INFO [main] ql.Driver: Operation QUERY obtained 1 locks
2024-04-24T04:53:23,042  INFO [main] ql.Driver: Executing command(queryId=alex_20240424045322_23faf9a7-a3fa-4ab0-86cf-9daa7ba472f1): select a,b, ds from acid_uap order by a,b, ds
2024-04-24T04:53:23,043  WARN [main] ql.Driver: Hive-on-MR is deprecated in Hive 2 and may not be available in the future versions. Consider using a different execution engine (i.e. spark, tez) or using Hive 1.X releases.
Query ID = alex_20240424045322_23faf9a7-a3fa-4ab0-86cf-9daa7ba472f1
2024-04-24T04:53:23,043  INFO [main] ql.Driver: Query ID = alex_20240424045322_23faf9a7-a3fa-4ab0-86cf-9daa7ba472f1
Total jobs = 1
2024-04-24T04:53:23,043  INFO [main] ql.Driver: Total jobs = 1
Launching Job 1 out of 1
2024-04-24T04:53:23,043  INFO [main] ql.Driver: Launching Job 1 out of 1
2024-04-24T04:53:23,187  INFO [main] ql.Driver: Starting task [Stage-1:MAPRED] in serial mode
Number of reduce tasks determined at compile time: 1
2024-04-24T04:53:23,187  INFO [main] exec.Task: Number of reduce tasks determined at compile time: 1
In order to change the average load for a reducer (in bytes):
2024-04-24T04:53:23,187  INFO [main] exec.Task: In order to change the average load for a reducer (in bytes):
  set hive.exec.reducers.bytes.per.reducer=<number>
2024-04-24T04:53:23,187  INFO [main] exec.Task:   set hive.exec.reducers.bytes.per.reducer=<number>
In order to limit the maximum number of reducers:
2024-04-24T04:53:23,187  INFO [main] exec.Task: In order to limit the maximum number of reducers:
  set hive.exec.reducers.max=<number>
2024-04-24T04:53:23,187  INFO [main] exec.Task:   set hive.exec.reducers.max=<number>
In order to set a constant number of reducers:
2024-04-24T04:53:23,187  INFO [main] exec.Task: In order to set a constant number of reducers:
  set mapreduce.job.reduces=<number>
2024-04-24T04:53:23,187  INFO [main] exec.Task:   set mapreduce.job.reduces=<number>
2024-04-24T04:53:23,190  INFO [main] mr.ExecDriver: Using org.apache.hadoop.hive.ql.io.HiveInputFormat
2024-04-24T04:53:23,190  INFO [main] exec.Utilities: Processing alias acid_uap
2024-04-24T04:53:23,190  INFO [main] exec.Utilities: Adding 2 inputs; the first input is file:/home/alex/Repositories/hive/ql/target/tmp/org.apache.hadoop.hive.ql.TestTxnCommands3-1713959586346/warehouse/acid_uap/ds=today
2024-04-24T04:53:23,201  INFO [main] exec.SerializationUtilities: Serializing MapWork using kryo
2024-04-24T04:53:23,211  INFO [main] exec.Utilities: Serialized plan (via FILE) - name: null size: 6,90KB
2024-04-24T04:53:23,217  INFO [main] exec.SerializationUtilities: Serializing ReduceWork using kryo
2024-04-24T04:53:23,223  INFO [main] exec.Utilities: Serialized plan (via FILE) - name: null size: 7,35KB
2024-04-24T04:53:23,224  WARN [main] impl.MetricsSystemImpl: JobTracker metrics system already initialized!
2024-04-24T04:53:23,230  WARN [main] impl.MetricsSystemImpl: JobTracker metrics system already initialized!
2024-04-24T04:53:23,239  WARN [main] mapreduce.JobResourceUploader: Hadoop command-line option parsing not performed. Implement the Tool interface and execute your application with ToolRunner to remedy this.
2024-04-24T04:53:23,244  WARN [main] mapreduce.JobResourceUploader: No job jar file set.  User classes may not be found. See Job or Job#setJar(String).
2024-04-24T04:53:23,246  INFO [main] io.HiveInputFormat: hive.io.file.readcolumn.ids = 0,1
2024-04-24T04:53:23,246  INFO [main] io.HiveInputFormat: hive.io.file.readcolumn.names = a,b
2024-04-24T04:53:23,246  INFO [main] io.HiveInputFormat: Generating splits for dirs: file:/home/alex/Repositories/hive/ql/target/tmp/org.apache.hadoop.hive.ql.TestTxnCommands3-1713959586346/warehouse/acid_uap/ds=today
2024-04-24T04:53:23,247  INFO [main] orc.OrcInputFormat: getSplits started
2024-04-24T04:53:23,252  INFO [main] orc.OrcInputFormat: Context:: isAcid: true isVectorMode: true sarg: null minSplitSize: 1 maxSplitSize: 256000000 splitStrategy: HYBRID footerInSplits: false numBuckets: 2 numThreads: 10 cacheMemSize: 268435456 cacheStripeDetails: true useSoftReference: false writeIdList: default.acid_uap:2:9223372036854775807:: isTransactionalTable: true txnProperties: default 
2024-04-24T04:53:23,252  INFO [main] orc.OrcInputFormat: ORC pushdown predicate: null
2024-04-24T04:53:23,303  INFO [main] orc.OrcInputFormat: FooterCacheHitRatio: 0/4
2024-04-24T04:53:23,304  INFO [main] orc.OrcInputFormat: getSplits finished (#splits: 4). duration: 57 ms
2024-04-24T04:53:23,304  INFO [main] io.HiveInputFormat: number of splits 4
2024-04-24T04:53:23,324  INFO [main] mapreduce.JobSubmitter: number of splits:4
2024-04-24T04:53:23,345  INFO [main] mapreduce.JobSubmitter: Submitting tokens for job: job_local776845356_0003
2024-04-24T04:53:23,345  INFO [main] mapreduce.JobSubmitter: Executing with tokens: []
2024-04-24T04:53:23,421  INFO [main] mapreduce.Job: The url to track the job: http://localhost:8080/
Job running in-process (local Hadoop)
2024-04-24T04:53:23,421  INFO [main] exec.Task: Job running in-process (local Hadoop)
2024-04-24T04:53:23,422  INFO [Thread-242] mapred.LocalJobRunner: OutputCommitter set in config org.apache.hadoop.hive.ql.io.HiveFileFormatUtils$NullOutputCommitter
2024-04-24T04:53:23,422  INFO [Thread-242] mapred.LocalJobRunner: OutputCommitter is org.apache.hadoop.hive.ql.io.HiveFileFormatUtils$NullOutputCommitter
2024-04-24T04:53:23,425  INFO [Thread-242] mapred.LocalJobRunner: Waiting for map tasks
2024-04-24T04:53:23,425  INFO [LocalJobRunner Map Task Executor #0] mapred.LocalJobRunner: Starting task: attempt_local776845356_0003_m_000000_0
2024-04-24T04:53:23,426  INFO [LocalJobRunner Map Task Executor #0] mapred.Task:  Using ResourceCalculatorProcessTree : [ ]
2024-04-24T04:53:23,427  INFO [LocalJobRunner Map Task Executor #0] mapred.MapTask: Processing split: org.apache.hadoop.hive.ql.io.orc.OrcInputFormat:OrcSplit [file:/home/alex/Repositories/hive/ql/target/tmp/org.apache.hadoop.hive.ql.TestTxnCommands3-1713959586346/warehouse/acid_uap/ds=today/delta_0000002_0000002_0000/bucket_00001_0, start=3, length=326, isOriginal=false, fileLength=712, hasFooter=false, hasBase=true, deltas=0]
2024-04-24T04:53:23,428  INFO [LocalJobRunner Map Task Executor #0] exec.SerializationUtilities: Deserializing MapWork using kryo
2024-04-24T04:53:23,433  INFO [LocalJobRunner Map Task Executor #0] exec.Utilities: Deserialized plan (via FILE) - name: null size: 6,90KB
2024-04-24T04:53:23,437  INFO [LocalJobRunner Map Task Executor #0] orc.VectorizedOrcAcidRowBatchReader: Read ValidWriteIdList: default.acid_uap:2:9223372036854775807:::OrcSplit [file:/home/alex/Repositories/hive/ql/target/tmp/org.apache.hadoop.hive.ql.TestTxnCommands3-1713959586346/warehouse/acid_uap/ds=today/delta_0000002_0000002_0000/bucket_00001_0, start=3, length=326, isOriginal=false, fileLength=712, hasFooter=false, hasBase=true, deltas=0]
2024-04-24T04:53:23,441  INFO [LocalJobRunner Map Task Executor #0] orc.ReaderImpl: Reading ORC rows from file:/home/alex/Repositories/hive/ql/target/tmp/org.apache.hadoop.hive.ql.TestTxnCommands3-1713959586346/warehouse/acid_uap/ds=today/delta_0000002_0000002_0000/bucket_00001_0 with {include: [true, true, true], offset: 3, length: 326, schema: struct<a:int,b:varchar(128)>, includeAcidColumns: false}
2024-04-24T04:53:23,460  INFO [LocalJobRunner Map Task Executor #0] mapred.MapTask: numReduceTasks: 1
2024-04-24T04:53:23,465  INFO [LocalJobRunner Map Task Executor #0] mapred.MapTask: (EQUATOR) 0 kvi 26214396(104857584)
2024-04-24T04:53:23,465  INFO [LocalJobRunner Map Task Executor #0] mapred.MapTask: mapreduce.task.io.sort.mb: 100
2024-04-24T04:53:23,465  INFO [LocalJobRunner Map Task Executor #0] mapred.MapTask: soft limit at 83886080
2024-04-24T04:53:23,465  INFO [LocalJobRunner Map Task Executor #0] mapred.MapTask: bufstart = 0; bufvoid = 104857600
2024-04-24T04:53:23,465  INFO [LocalJobRunner Map Task Executor #0] mapred.MapTask: kvstart = 26214396; length = 6553600
2024-04-24T04:53:23,465  INFO [LocalJobRunner Map Task Executor #0] mapred.MapTask: Map output collector class = org.apache.hadoop.mapred.MapTask$MapOutputBuffer
2024-04-24T04:53:23,467  INFO [LocalJobRunner Map Task Executor #0] vector.VectorMapOperator: Initializing Operator: MAP[0]
2024-04-24T04:53:23,471  INFO [LocalJobRunner Map Task Executor #0] mr.ExecMapper: 
<MAP>Id =0
  <Children>null
  <\Children>
  <Parent><\Parent>
<\MAP>
2024-04-24T04:53:23,472  INFO [LocalJobRunner Map Task Executor #0] exec.TableScanOperator: Initializing Operator: TS[0]
2024-04-24T04:53:23,472  INFO [LocalJobRunner Map Task Executor #0] vector.VectorSelectOperator: Initializing Operator: SEL[5]
2024-04-24T04:53:23,475  INFO [LocalJobRunner Map Task Executor #0] vector.VectorReduceSinkOperator: Initializing Operator: RS[6]
2024-04-24T04:53:23,475  INFO [LocalJobRunner Map Task Executor #0] vector.VectorReduceSinkOperator: Using tag = -1
2024-04-24T04:53:23,479  INFO [LocalJobRunner Map Task Executor #0] vector.VectorReduceSinkOperator: keys are [reducesinkkey0, reducesinkkey1, reducesinkkey2] num distributions: 3
2024-04-24T04:53:23,479  INFO [LocalJobRunner Map Task Executor #0] vector.VectorReduceSinkOperator: RS[6]: records written - 1
2024-04-24T04:53:23,479  INFO [LocalJobRunner Map Task Executor #0] vector.VectorMapOperator: Closing Operator: MAP[0]
2024-04-24T04:53:23,479  INFO [LocalJobRunner Map Task Executor #0] vector.VectorMapOperator: RECORDS_OUT_INTERMEDIATE:0, DESERIALIZE_ERRORS:0, RECORDS_OUT_OPERATOR_MAP_0:0, RECORDS_IN:1, 
2024-04-24T04:53:23,480  INFO [LocalJobRunner Map Task Executor #0] exec.TableScanOperator: Closing Operator: TS[0]
2024-04-24T04:53:23,480  INFO [LocalJobRunner Map Task Executor #0] exec.TableScanOperator: RECORDS_OUT_OPERATOR_TS_0:1, RECORDS_OUT_INTERMEDIATE:0, 
2024-04-24T04:53:23,480  INFO [LocalJobRunner Map Task Executor #0] vector.VectorSelectOperator: Closing Operator: SEL[5]
2024-04-24T04:53:23,480  INFO [LocalJobRunner Map Task Executor #0] vector.VectorSelectOperator: RECORDS_OUT_OPERATOR_SEL_5:1, RECORDS_OUT_INTERMEDIATE:0, 
2024-04-24T04:53:23,480  INFO [LocalJobRunner Map Task Executor #0] vector.VectorReduceSinkOperator: Closing Operator: RS[6]
2024-04-24T04:53:23,480  INFO [LocalJobRunner Map Task Executor #0] vector.VectorReduceSinkOperator: RS[6]: Total records written - 1. abort - false
2024-04-24T04:53:23,480  INFO [LocalJobRunner Map Task Executor #0] vector.VectorReduceSinkOperator: RECORDS_OUT_INTERMEDIATE:1, RECORDS_OUT_OPERATOR_RS_6:1, 
2024-04-24T04:53:23,481  INFO [LocalJobRunner Map Task Executor #0] mapred.LocalJobRunner: 
2024-04-24T04:53:23,481  INFO [LocalJobRunner Map Task Executor #0] mapred.MapTask: Starting flush of map output
2024-04-24T04:53:23,481  INFO [LocalJobRunner Map Task Executor #0] mapred.MapTask: Spilling map output
2024-04-24T04:53:23,481  INFO [LocalJobRunner Map Task Executor #0] mapred.MapTask: bufstart = 0; bufend = 26; bufvoid = 104857600
2024-04-24T04:53:23,481  INFO [LocalJobRunner Map Task Executor #0] mapred.MapTask: kvstart = 26214396(104857584); kvend = 26214396(104857584); length = 1/6553600
2024-04-24T04:53:23,494  INFO [LocalJobRunner Map Task Executor #0] mapred.MapTask: Finished spill 0
2024-04-24T04:53:23,497  INFO [LocalJobRunner Map Task Executor #0] mapred.Task: Task:attempt_local776845356_0003_m_000000_0 is done. And is in the process of committing
2024-04-24T04:53:23,499  INFO [LocalJobRunner Map Task Executor #0] mapred.LocalJobRunner: OrcSplit [file:/home/alex/Repositories/hive/ql/target/tmp/org.apache.hadoop.hive.ql.TestTxnCommands3-1713959586346/warehouse/acid_uap/ds=today/delta_0000002_0000002_0000/bucket_00001_0, start=3, length=326, isOriginal=false, fileLength=712, hasFooter=false, hasBase=true, deltas=0]
2024-04-24T04:53:23,499  INFO [LocalJobRunner Map Task Executor #0] mapred.Task: Task 'attempt_local776845356_0003_m_000000_0' done.
2024-04-24T04:53:23,499  INFO [LocalJobRunner Map Task Executor #0] mapred.Task: Final Counters for attempt_local776845356_0003_m_000000_0: Counters: 24
	File System Counters
		FILE: Number of bytes read=54306
		FILE: Number of bytes written=3548822
		FILE: Number of read operations=0
		FILE: Number of large read operations=0
		FILE: Number of write operations=0
	Map-Reduce Framework
		Map input records=1
		Map output records=1
		Map output bytes=26
		Map output materialized bytes=34
		Input split bytes=517
		Combine input records=0
		Spilled Records=1
		Failed Shuffles=0
		Merged Map outputs=0
		GC time elapsed (ms)=0
		Total committed heap usage (bytes)=965214208
	HIVE
		DESERIALIZE_ERRORS=0
		RECORDS_IN=1
		RECORDS_OUT_INTERMEDIATE=1
		RECORDS_OUT_OPERATOR_MAP_0=0
		RECORDS_OUT_OPERATOR_RS_6=1
		RECORDS_OUT_OPERATOR_SEL_5=1
		RECORDS_OUT_OPERATOR_TS_0=1
	File Input Format Counters 
		Bytes Read=9891
2024-04-24T04:53:23,499  INFO [LocalJobRunner Map Task Executor #0] mapred.LocalJobRunner: Finishing task: attempt_local776845356_0003_m_000000_0
2024-04-24T04:53:23,499  INFO [LocalJobRunner Map Task Executor #0] mapred.LocalJobRunner: Starting task: attempt_local776845356_0003_m_000001_0
2024-04-24T04:53:23,500  INFO [LocalJobRunner Map Task Executor #0] mapred.Task:  Using ResourceCalculatorProcessTree : [ ]
2024-04-24T04:53:23,501  INFO [LocalJobRunner Map Task Executor #0] mapred.MapTask: Processing split: org.apache.hadoop.hive.ql.io.orc.OrcInputFormat:OrcSplit [file:/home/alex/Repositories/hive/ql/target/tmp/org.apache.hadoop.hive.ql.TestTxnCommands3-1713959586346/warehouse/acid_uap/ds=tomorrow/delta_0000001_0000001_0000/bucket_00001_0, start=3, length=326, isOriginal=false, fileLength=704, hasFooter=false, hasBase=true, deltas=0]
2024-04-24T04:53:23,502  INFO [LocalJobRunner Map Task Executor #0] exec.SerializationUtilities: Deserializing MapWork using kryo
2024-04-24T04:53:23,507  INFO [LocalJobRunner Map Task Executor #0] exec.Utilities: Deserialized plan (via FILE) - name: null size: 6,90KB
2024-04-24T04:53:23,508  INFO [LocalJobRunner Map Task Executor #0] orc.VectorizedOrcAcidRowBatchReader: Read ValidWriteIdList: default.acid_uap:2:9223372036854775807:::OrcSplit [file:/home/alex/Repositories/hive/ql/target/tmp/org.apache.hadoop.hive.ql.TestTxnCommands3-1713959586346/warehouse/acid_uap/ds=tomorrow/delta_0000001_0000001_0000/bucket_00001_0, start=3, length=326, isOriginal=false, fileLength=704, hasFooter=false, hasBase=true, deltas=0]
2024-04-24T04:53:23,510  INFO [LocalJobRunner Map Task Executor #0] orc.ReaderImpl: Reading ORC rows from file:/home/alex/Repositories/hive/ql/target/tmp/org.apache.hadoop.hive.ql.TestTxnCommands3-1713959586346/warehouse/acid_uap/ds=tomorrow/delta_0000001_0000001_0000/bucket_00001_0 with {include: [true, true, true], offset: 3, length: 326, schema: struct<a:int,b:varchar(128)>, includeAcidColumns: false}
2024-04-24T04:53:23,511  INFO [LocalJobRunner Map Task Executor #0] mapred.MapTask: numReduceTasks: 1
2024-04-24T04:53:23,531  INFO [LocalJobRunner Map Task Executor #0] mapred.MapTask: (EQUATOR) 0 kvi 26214396(104857584)
2024-04-24T04:53:23,531  INFO [LocalJobRunner Map Task Executor #0] mapred.MapTask: mapreduce.task.io.sort.mb: 100
2024-04-24T04:53:23,531  INFO [LocalJobRunner Map Task Executor #0] mapred.MapTask: soft limit at 83886080
2024-04-24T04:53:23,531  INFO [LocalJobRunner Map Task Executor #0] mapred.MapTask: bufstart = 0; bufvoid = 104857600
2024-04-24T04:53:23,531  INFO [LocalJobRunner Map Task Executor #0] mapred.MapTask: kvstart = 26214396; length = 6553600
2024-04-24T04:53:23,531  INFO [LocalJobRunner Map Task Executor #0] mapred.MapTask: Map output collector class = org.apache.hadoop.mapred.MapTask$MapOutputBuffer
2024-04-24T04:53:23,532  INFO [LocalJobRunner Map Task Executor #0] vector.VectorMapOperator: Initializing Operator: MAP[0]
2024-04-24T04:53:23,532  INFO [LocalJobRunner Map Task Executor #0] mr.ExecMapper: 
<MAP>Id =0
  <Children>null
  <\Children>
  <Parent><\Parent>
<\MAP>
2024-04-24T04:53:23,534  INFO [LocalJobRunner Map Task Executor #0] exec.TableScanOperator: Initializing Operator: TS[0]
2024-04-24T04:53:23,534  INFO [LocalJobRunner Map Task Executor #0] vector.VectorSelectOperator: Initializing Operator: SEL[5]
2024-04-24T04:53:23,534  INFO [LocalJobRunner Map Task Executor #0] vector.VectorReduceSinkOperator: Initializing Operator: RS[6]
2024-04-24T04:53:23,534  INFO [LocalJobRunner Map Task Executor #0] vector.VectorReduceSinkOperator: Using tag = -1
2024-04-24T04:53:23,535  INFO [LocalJobRunner Map Task Executor #0] vector.VectorReduceSinkOperator: keys are [reducesinkkey0, reducesinkkey1, reducesinkkey2] num distributions: 3
2024-04-24T04:53:23,535  INFO [LocalJobRunner Map Task Executor #0] vector.VectorReduceSinkOperator: RS[6]: records written - 1
2024-04-24T04:53:23,535  INFO [LocalJobRunner Map Task Executor #0] vector.VectorMapOperator: Closing Operator: MAP[0]
2024-04-24T04:53:23,535  INFO [LocalJobRunner Map Task Executor #0] vector.VectorMapOperator: DESERIALIZE_ERRORS:0, RECORDS_OUT_OPERATOR_MAP_0:0, RECORDS_OUT_INTERMEDIATE:0, RECORDS_IN:1, 
2024-04-24T04:53:23,536  INFO [LocalJobRunner Map Task Executor #0] exec.TableScanOperator: Closing Operator: TS[0]
2024-04-24T04:53:23,536  INFO [LocalJobRunner Map Task Executor #0] exec.TableScanOperator: RECORDS_OUT_OPERATOR_TS_0:1, RECORDS_OUT_INTERMEDIATE:0, 
2024-04-24T04:53:23,536  INFO [LocalJobRunner Map Task Executor #0] vector.VectorSelectOperator: Closing Operator: SEL[5]
2024-04-24T04:53:23,536  INFO [LocalJobRunner Map Task Executor #0] vector.VectorSelectOperator: RECORDS_OUT_INTERMEDIATE:0, RECORDS_OUT_OPERATOR_SEL_5:1, 
2024-04-24T04:53:23,536  INFO [LocalJobRunner Map Task Executor #0] vector.VectorReduceSinkOperator: Closing Operator: RS[6]
2024-04-24T04:53:23,536  INFO [LocalJobRunner Map Task Executor #0] vector.VectorReduceSinkOperator: RS[6]: Total records written - 1. abort - false
2024-04-24T04:53:23,536  INFO [LocalJobRunner Map Task Executor #0] vector.VectorReduceSinkOperator: RECORDS_OUT_OPERATOR_RS_6:1, RECORDS_OUT_INTERMEDIATE:1, 
2024-04-24T04:53:23,537  INFO [LocalJobRunner Map Task Executor #0] mapred.LocalJobRunner: 
2024-04-24T04:53:23,537  INFO [LocalJobRunner Map Task Executor #0] mapred.MapTask: Starting flush of map output
2024-04-24T04:53:23,537  INFO [LocalJobRunner Map Task Executor #0] mapred.MapTask: Spilling map output
2024-04-24T04:53:23,537  INFO [LocalJobRunner Map Task Executor #0] mapred.MapTask: bufstart = 0; bufend = 29; bufvoid = 104857600
2024-04-24T04:53:23,537  INFO [LocalJobRunner Map Task Executor #0] mapred.MapTask: kvstart = 26214396(104857584); kvend = 26214396(104857584); length = 1/6553600
2024-04-24T04:53:23,545  INFO [LocalJobRunner Map Task Executor #0] mapred.MapTask: Finished spill 0
2024-04-24T04:53:23,549  INFO [LocalJobRunner Map Task Executor #0] mapred.Task: Task:attempt_local776845356_0003_m_000001_0 is done. And is in the process of committing
2024-04-24T04:53:23,550  INFO [LocalJobRunner Map Task Executor #0] mapred.LocalJobRunner: OrcSplit [file:/home/alex/Repositories/hive/ql/target/tmp/org.apache.hadoop.hive.ql.TestTxnCommands3-1713959586346/warehouse/acid_uap/ds=tomorrow/delta_0000001_0000001_0000/bucket_00001_0, start=3, length=326, isOriginal=false, fileLength=704, hasFooter=false, hasBase=true, deltas=0]
2024-04-24T04:53:23,550  INFO [LocalJobRunner Map Task Executor #0] mapred.Task: Task 'attempt_local776845356_0003_m_000001_0' done.
2024-04-24T04:53:23,550  INFO [LocalJobRunner Map Task Executor #0] mapred.Task: Final Counters for attempt_local776845356_0003_m_000001_0: Counters: 24
	File System Counters
		FILE: Number of bytes read=65768
		FILE: Number of bytes written=3548891
		FILE: Number of read operations=0
		FILE: Number of large read operations=0
		FILE: Number of write operations=0
	Map-Reduce Framework
		Map input records=1
		Map output records=1
		Map output bytes=29
		Map output materialized bytes=37
		Input split bytes=523
		Combine input records=0
		Spilled Records=1
		Failed Shuffles=0
		Merged Map outputs=0
		GC time elapsed (ms)=0
		Total committed heap usage (bytes)=965214208
	HIVE
		DESERIALIZE_ERRORS=0
		RECORDS_IN=1
		RECORDS_OUT_INTERMEDIATE=1
		RECORDS_OUT_OPERATOR_MAP_0=0
		RECORDS_OUT_OPERATOR_RS_6=1
		RECORDS_OUT_OPERATOR_SEL_5=1
		RECORDS_OUT_OPERATOR_TS_0=1
	File Input Format Counters 
		Bytes Read=9859
2024-04-24T04:53:23,550  INFO [LocalJobRunner Map Task Executor #0] mapred.LocalJobRunner: Finishing task: attempt_local776845356_0003_m_000001_0
2024-04-24T04:53:23,550  INFO [LocalJobRunner Map Task Executor #0] mapred.LocalJobRunner: Starting task: attempt_local776845356_0003_m_000002_0
2024-04-24T04:53:23,551  INFO [LocalJobRunner Map Task Executor #0] mapred.Task:  Using ResourceCalculatorProcessTree : [ ]
2024-04-24T04:53:23,552  INFO [LocalJobRunner Map Task Executor #0] mapred.MapTask: Processing split: org.apache.hadoop.hive.ql.io.orc.OrcInputFormat:OrcSplit [file:/home/alex/Repositories/hive/ql/target/tmp/org.apache.hadoop.hive.ql.TestTxnCommands3-1713959586346/warehouse/acid_uap/ds=today/delta_0000002_0000002_0000/bucket_00000_0, start=3, length=322, isOriginal=false, fileLength=697, hasFooter=false, hasBase=true, deltas=0]
2024-04-24T04:53:23,552  INFO [LocalJobRunner Map Task Executor #0] exec.SerializationUtilities: Deserializing MapWork using kryo
2024-04-24T04:53:23,554  INFO [LocalJobRunner Map Task Executor #0] exec.Utilities: Deserialized plan (via FILE) - name: null size: 6,90KB
2024-04-24T04:53:23,554  INFO [LocalJobRunner Map Task Executor #0] orc.VectorizedOrcAcidRowBatchReader: Read ValidWriteIdList: default.acid_uap:2:9223372036854775807:::OrcSplit [file:/home/alex/Repositories/hive/ql/target/tmp/org.apache.hadoop.hive.ql.TestTxnCommands3-1713959586346/warehouse/acid_uap/ds=today/delta_0000002_0000002_0000/bucket_00000_0, start=3, length=322, isOriginal=false, fileLength=697, hasFooter=false, hasBase=true, deltas=0]
2024-04-24T04:53:23,555  INFO [LocalJobRunner Map Task Executor #0] orc.ReaderImpl: Reading ORC rows from file:/home/alex/Repositories/hive/ql/target/tmp/org.apache.hadoop.hive.ql.TestTxnCommands3-1713959586346/warehouse/acid_uap/ds=today/delta_0000002_0000002_0000/bucket_00000_0 with {include: [true, true, true], offset: 3, length: 322, schema: struct<a:int,b:varchar(128)>, includeAcidColumns: false}
2024-04-24T04:53:23,557  INFO [LocalJobRunner Map Task Executor #0] mapred.MapTask: numReduceTasks: 1
2024-04-24T04:53:23,576  INFO [LocalJobRunner Map Task Executor #0] mapred.MapTask: (EQUATOR) 0 kvi 26214396(104857584)
2024-04-24T04:53:23,576  INFO [LocalJobRunner Map Task Executor #0] mapred.MapTask: mapreduce.task.io.sort.mb: 100
2024-04-24T04:53:23,576  INFO [LocalJobRunner Map Task Executor #0] mapred.MapTask: soft limit at 83886080
2024-04-24T04:53:23,576  INFO [LocalJobRunner Map Task Executor #0] mapred.MapTask: bufstart = 0; bufvoid = 104857600
2024-04-24T04:53:23,577  INFO [LocalJobRunner Map Task Executor #0] mapred.MapTask: kvstart = 26214396; length = 6553600
2024-04-24T04:53:23,577  INFO [LocalJobRunner Map Task Executor #0] mapred.MapTask: Map output collector class = org.apache.hadoop.mapred.MapTask$MapOutputBuffer
2024-04-24T04:53:23,577  INFO [LocalJobRunner Map Task Executor #0] vector.VectorMapOperator: Initializing Operator: MAP[0]
2024-04-24T04:53:23,578  INFO [LocalJobRunner Map Task Executor #0] mr.ExecMapper: 
<MAP>Id =0
  <Children>null
  <\Children>
  <Parent><\Parent>
<\MAP>
2024-04-24T04:53:23,579  INFO [LocalJobRunner Map Task Executor #0] exec.TableScanOperator: Initializing Operator: TS[0]
2024-04-24T04:53:23,579  INFO [LocalJobRunner Map Task Executor #0] vector.VectorSelectOperator: Initializing Operator: SEL[5]
2024-04-24T04:53:23,579  INFO [LocalJobRunner Map Task Executor #0] vector.VectorReduceSinkOperator: Initializing Operator: RS[6]
2024-04-24T04:53:23,579  INFO [LocalJobRunner Map Task Executor #0] vector.VectorReduceSinkOperator: Using tag = -1
2024-04-24T04:53:23,580  INFO [LocalJobRunner Map Task Executor #0] vector.VectorReduceSinkOperator: keys are [reducesinkkey0, reducesinkkey1, reducesinkkey2] num distributions: 3
2024-04-24T04:53:23,580  INFO [LocalJobRunner Map Task Executor #0] vector.VectorReduceSinkOperator: RS[6]: records written - 1
2024-04-24T04:53:23,580  INFO [LocalJobRunner Map Task Executor #0] vector.VectorMapOperator: Closing Operator: MAP[0]
2024-04-24T04:53:23,580  INFO [LocalJobRunner Map Task Executor #0] vector.VectorMapOperator: DESERIALIZE_ERRORS:0, RECORDS_OUT_OPERATOR_MAP_0:0, RECORDS_IN:1, RECORDS_OUT_INTERMEDIATE:0, 
2024-04-24T04:53:23,581  INFO [LocalJobRunner Map Task Executor #0] exec.TableScanOperator: Closing Operator: TS[0]
2024-04-24T04:53:23,581  INFO [LocalJobRunner Map Task Executor #0] exec.TableScanOperator: RECORDS_OUT_INTERMEDIATE:0, RECORDS_OUT_OPERATOR_TS_0:1, 
2024-04-24T04:53:23,581  INFO [LocalJobRunner Map Task Executor #0] vector.VectorSelectOperator: Closing Operator: SEL[5]
2024-04-24T04:53:23,581  INFO [LocalJobRunner Map Task Executor #0] vector.VectorSelectOperator: RECORDS_OUT_OPERATOR_SEL_5:1, RECORDS_OUT_INTERMEDIATE:0, 
2024-04-24T04:53:23,581  INFO [LocalJobRunner Map Task Executor #0] vector.VectorReduceSinkOperator: Closing Operator: RS[6]
2024-04-24T04:53:23,581  INFO [LocalJobRunner Map Task Executor #0] vector.VectorReduceSinkOperator: RS[6]: Total records written - 1. abort - false
2024-04-24T04:53:23,581  INFO [LocalJobRunner Map Task Executor #0] vector.VectorReduceSinkOperator: RECORDS_OUT_INTERMEDIATE:1, RECORDS_OUT_OPERATOR_RS_6:1, 
2024-04-24T04:53:23,582  INFO [LocalJobRunner Map Task Executor #0] mapred.LocalJobRunner: 
2024-04-24T04:53:23,582  INFO [LocalJobRunner Map Task Executor #0] mapred.MapTask: Starting flush of map output
2024-04-24T04:53:23,582  INFO [LocalJobRunner Map Task Executor #0] mapred.MapTask: Spilling map output
2024-04-24T04:53:23,582  INFO [LocalJobRunner Map Task Executor #0] mapred.MapTask: bufstart = 0; bufend = 26; bufvoid = 104857600
2024-04-24T04:53:23,582  INFO [LocalJobRunner Map Task Executor #0] mapred.MapTask: kvstart = 26214396(104857584); kvend = 26214396(104857584); length = 1/6553600
2024-04-24T04:53:23,591  INFO [LocalJobRunner Map Task Executor #0] mapred.MapTask: Finished spill 0
2024-04-24T04:53:23,594  INFO [LocalJobRunner Map Task Executor #0] mapred.Task: Task:attempt_local776845356_0003_m_000002_0 is done. And is in the process of committing
2024-04-24T04:53:23,595  INFO [LocalJobRunner Map Task Executor #0] mapred.LocalJobRunner: OrcSplit [file:/home/alex/Repositories/hive/ql/target/tmp/org.apache.hadoop.hive.ql.TestTxnCommands3-1713959586346/warehouse/acid_uap/ds=today/delta_0000002_0000002_0000/bucket_00000_0, start=3, length=322, isOriginal=false, fileLength=697, hasFooter=false, hasBase=true, deltas=0]
2024-04-24T04:53:23,596  INFO [LocalJobRunner Map Task Executor #0] mapred.Task: Task 'attempt_local776845356_0003_m_000002_0' done.
2024-04-24T04:53:23,596  INFO [LocalJobRunner Map Task Executor #0] mapred.Task: Final Counters for attempt_local776845356_0003_m_000002_0: Counters: 24
	File System Counters
		FILE: Number of bytes read=76690
		FILE: Number of bytes written=3548957
		FILE: Number of read operations=0
		FILE: Number of large read operations=0
		FILE: Number of write operations=0
	Map-Reduce Framework
		Map input records=1
		Map output records=1
		Map output bytes=26
		Map output materialized bytes=34
		Input split bytes=517
		Combine input records=0
		Spilled Records=1
		Failed Shuffles=0
		Merged Map outputs=0
		GC time elapsed (ms)=12
		Total committed heap usage (bytes)=967835648
	HIVE
		DESERIALIZE_ERRORS=0
		RECORDS_IN=1
		RECORDS_OUT_INTERMEDIATE=1
		RECORDS_OUT_OPERATOR_MAP_0=0
		RECORDS_OUT_OPERATOR_RS_6=1
		RECORDS_OUT_OPERATOR_SEL_5=1
		RECORDS_OUT_OPERATOR_TS_0=1
	File Input Format Counters 
		Bytes Read=9831
2024-04-24T04:53:23,596  INFO [LocalJobRunner Map Task Executor #0] mapred.LocalJobRunner: Finishing task: attempt_local776845356_0003_m_000002_0
2024-04-24T04:53:23,596  INFO [LocalJobRunner Map Task Executor #0] mapred.LocalJobRunner: Starting task: attempt_local776845356_0003_m_000003_0
2024-04-24T04:53:23,597  INFO [LocalJobRunner Map Task Executor #0] mapred.Task:  Using ResourceCalculatorProcessTree : [ ]
2024-04-24T04:53:23,597  INFO [LocalJobRunner Map Task Executor #0] mapred.MapTask: Processing split: org.apache.hadoop.hive.ql.io.orc.OrcInputFormat:OrcSplit [file:/home/alex/Repositories/hive/ql/target/tmp/org.apache.hadoop.hive.ql.TestTxnCommands3-1713959586346/warehouse/acid_uap/ds=tomorrow/delta_0000001_0000001_0000/bucket_00000_0, start=3, length=322, isOriginal=false, fileLength=705, hasFooter=false, hasBase=true, deltas=0]
2024-04-24T04:53:23,598  INFO [LocalJobRunner Map Task Executor #0] exec.SerializationUtilities: Deserializing MapWork using kryo
2024-04-24T04:53:23,599  INFO [LocalJobRunner Map Task Executor #0] exec.Utilities: Deserialized plan (via FILE) - name: null size: 6,90KB
2024-04-24T04:53:23,600  INFO [LocalJobRunner Map Task Executor #0] orc.VectorizedOrcAcidRowBatchReader: Read ValidWriteIdList: default.acid_uap:2:9223372036854775807:::OrcSplit [file:/home/alex/Repositories/hive/ql/target/tmp/org.apache.hadoop.hive.ql.TestTxnCommands3-1713959586346/warehouse/acid_uap/ds=tomorrow/delta_0000001_0000001_0000/bucket_00000_0, start=3, length=322, isOriginal=false, fileLength=705, hasFooter=false, hasBase=true, deltas=0]
2024-04-24T04:53:23,602  INFO [LocalJobRunner Map Task Executor #0] orc.ReaderImpl: Reading ORC rows from file:/home/alex/Repositories/hive/ql/target/tmp/org.apache.hadoop.hive.ql.TestTxnCommands3-1713959586346/warehouse/acid_uap/ds=tomorrow/delta_0000001_0000001_0000/bucket_00000_0 with {include: [true, true, true], offset: 3, length: 322, schema: struct<a:int,b:varchar(128)>, includeAcidColumns: false}
2024-04-24T04:53:23,604  INFO [LocalJobRunner Map Task Executor #0] mapred.MapTask: numReduceTasks: 1
2024-04-24T04:53:23,610  INFO [LocalJobRunner Map Task Executor #0] mapred.MapTask: (EQUATOR) 0 kvi 26214396(104857584)
2024-04-24T04:53:23,610  INFO [LocalJobRunner Map Task Executor #0] mapred.MapTask: mapreduce.task.io.sort.mb: 100
2024-04-24T04:53:23,610  INFO [LocalJobRunner Map Task Executor #0] mapred.MapTask: soft limit at 83886080
2024-04-24T04:53:23,610  INFO [LocalJobRunner Map Task Executor #0] mapred.MapTask: bufstart = 0; bufvoid = 104857600
2024-04-24T04:53:23,610  INFO [LocalJobRunner Map Task Executor #0] mapred.MapTask: kvstart = 26214396; length = 6553600
2024-04-24T04:53:23,611  INFO [LocalJobRunner Map Task Executor #0] mapred.MapTask: Map output collector class = org.apache.hadoop.mapred.MapTask$MapOutputBuffer
2024-04-24T04:53:23,611  INFO [LocalJobRunner Map Task Executor #0] vector.VectorMapOperator: Initializing Operator: MAP[0]
2024-04-24T04:53:23,612  INFO [LocalJobRunner Map Task Executor #0] mr.ExecMapper: 
<MAP>Id =0
  <Children>null
  <\Children>
  <Parent><\Parent>
<\MAP>
2024-04-24T04:53:23,613  INFO [LocalJobRunner Map Task Executor #0] exec.TableScanOperator: Initializing Operator: TS[0]
2024-04-24T04:53:23,613  INFO [LocalJobRunner Map Task Executor #0] vector.VectorSelectOperator: Initializing Operator: SEL[5]
2024-04-24T04:53:23,613  INFO [LocalJobRunner Map Task Executor #0] vector.VectorReduceSinkOperator: Initializing Operator: RS[6]
2024-04-24T04:53:23,613  INFO [LocalJobRunner Map Task Executor #0] vector.VectorReduceSinkOperator: Using tag = -1
2024-04-24T04:53:23,614  INFO [LocalJobRunner Map Task Executor #0] vector.VectorReduceSinkOperator: keys are [reducesinkkey0, reducesinkkey1, reducesinkkey2] num distributions: 3
2024-04-24T04:53:23,614  INFO [LocalJobRunner Map Task Executor #0] vector.VectorReduceSinkOperator: RS[6]: records written - 1
2024-04-24T04:53:23,615  INFO [LocalJobRunner Map Task Executor #0] vector.VectorMapOperator: Closing Operator: MAP[0]
2024-04-24T04:53:23,615  INFO [LocalJobRunner Map Task Executor #0] vector.VectorMapOperator: RECORDS_OUT_INTERMEDIATE:0, RECORDS_OUT_OPERATOR_MAP_0:0, RECORDS_IN:1, DESERIALIZE_ERRORS:0, 
2024-04-24T04:53:23,615  INFO [LocalJobRunner Map Task Executor #0] exec.TableScanOperator: Closing Operator: TS[0]
2024-04-24T04:53:23,615  INFO [LocalJobRunner Map Task Executor #0] exec.TableScanOperator: RECORDS_OUT_OPERATOR_TS_0:1, RECORDS_OUT_INTERMEDIATE:0, 
2024-04-24T04:53:23,615  INFO [LocalJobRunner Map Task Executor #0] vector.VectorSelectOperator: Closing Operator: SEL[5]
2024-04-24T04:53:23,615  INFO [LocalJobRunner Map Task Executor #0] vector.VectorSelectOperator: RECORDS_OUT_OPERATOR_SEL_5:1, RECORDS_OUT_INTERMEDIATE:0, 
2024-04-24T04:53:23,615  INFO [LocalJobRunner Map Task Executor #0] vector.VectorReduceSinkOperator: Closing Operator: RS[6]
2024-04-24T04:53:23,615  INFO [LocalJobRunner Map Task Executor #0] vector.VectorReduceSinkOperator: RS[6]: Total records written - 1. abort - false
2024-04-24T04:53:23,615  INFO [LocalJobRunner Map Task Executor #0] vector.VectorReduceSinkOperator: RECORDS_OUT_OPERATOR_RS_6:1, RECORDS_OUT_INTERMEDIATE:1, 
2024-04-24T04:53:23,616  INFO [LocalJobRunner Map Task Executor #0] mapred.LocalJobRunner: 
2024-04-24T04:53:23,616  INFO [LocalJobRunner Map Task Executor #0] mapred.MapTask: Starting flush of map output
2024-04-24T04:53:23,616  INFO [LocalJobRunner Map Task Executor #0] mapred.MapTask: Spilling map output
2024-04-24T04:53:23,616  INFO [LocalJobRunner Map Task Executor #0] mapred.MapTask: bufstart = 0; bufend = 29; bufvoid = 104857600
2024-04-24T04:53:23,616  INFO [LocalJobRunner Map Task Executor #0] mapred.MapTask: kvstart = 26214396(104857584); kvend = 26214396(104857584); length = 1/6553600
2024-04-24T04:53:23,625  INFO [LocalJobRunner Map Task Executor #0] mapred.MapTask: Finished spill 0
2024-04-24T04:53:23,628  INFO [LocalJobRunner Map Task Executor #0] mapred.Task: Task:attempt_local776845356_0003_m_000003_0 is done. And is in the process of committing
2024-04-24T04:53:23,629  INFO [LocalJobRunner Map Task Executor #0] mapred.LocalJobRunner: OrcSplit [file:/home/alex/Repositories/hive/ql/target/tmp/org.apache.hadoop.hive.ql.TestTxnCommands3-1713959586346/warehouse/acid_uap/ds=tomorrow/delta_0000001_0000001_0000/bucket_00000_0, start=3, length=322, isOriginal=false, fileLength=705, hasFooter=false, hasBase=true, deltas=0]
2024-04-24T04:53:23,629  INFO [LocalJobRunner Map Task Executor #0] mapred.Task: Task 'attempt_local776845356_0003_m_000003_0' done.
2024-04-24T04:53:23,629  INFO [LocalJobRunner Map Task Executor #0] mapred.Task: Final Counters for attempt_local776845356_0003_m_000003_0: Counters: 24
	File System Counters
		FILE: Number of bytes read=87132
		FILE: Number of bytes written=3549026
		FILE: Number of read operations=0
		FILE: Number of large read operations=0
		FILE: Number of write operations=0
	Map-Reduce Framework
		Map input records=1
		Map output records=1
		Map output bytes=29
		Map output materialized bytes=37
		Input split bytes=523
		Combine input records=0
		Spilled Records=1
		Failed Shuffles=0
		Merged Map outputs=0
		GC time elapsed (ms)=0
		Total committed heap usage (bytes)=967835648
	HIVE
		DESERIALIZE_ERRORS=0
		RECORDS_IN=1
		RECORDS_OUT_INTERMEDIATE=1
		RECORDS_OUT_OPERATOR_MAP_0=0
		RECORDS_OUT_OPERATOR_RS_6=1
		RECORDS_OUT_OPERATOR_SEL_5=1
		RECORDS_OUT_OPERATOR_TS_0=1
	File Input Format Counters 
		Bytes Read=9863
2024-04-24T04:53:23,629  INFO [LocalJobRunner Map Task Executor #0] mapred.LocalJobRunner: Finishing task: attempt_local776845356_0003_m_000003_0
2024-04-24T04:53:23,630  INFO [Thread-242] mapred.LocalJobRunner: map task executor complete.
2024-04-24T04:53:23,631  INFO [Thread-242] mapred.LocalJobRunner: Waiting for reduce tasks
2024-04-24T04:53:23,631  INFO [pool-21-thread-1] mapred.LocalJobRunner: Starting task: attempt_local776845356_0003_r_000000_0
2024-04-24T04:53:23,632  INFO [pool-21-thread-1] mapred.Task:  Using ResourceCalculatorProcessTree : [ ]
2024-04-24T04:53:23,632  INFO [pool-21-thread-1] mapred.ReduceTask: Using ShuffleConsumerPlugin: org.apache.hadoop.mapreduce.task.reduce.Shuffle@61eb9e25
2024-04-24T04:53:23,632  WARN [pool-21-thread-1] impl.MetricsSystemImpl: JobTracker metrics system already initialized!
2024-04-24T04:53:23,633  INFO [pool-21-thread-1] reduce.MergeManagerImpl: MergerManager: memoryLimit=1336252800, maxSingleShuffleLimit=334063200, mergeThreshold=881926912, ioSortFactor=10, memToMemMergeOutputsThreshold=10
2024-04-24T04:53:23,633  INFO [EventFetcher for fetching Map Completion Events] reduce.EventFetcher: attempt_local776845356_0003_r_000000_0 Thread started: EventFetcher for fetching Map Completion Events
2024-04-24T04:53:23,634  INFO [localfetcher#5] reduce.LocalFetcher: localfetcher#5 about to shuffle output of map attempt_local776845356_0003_m_000003_0 decomp: 33 len: 37 to MEMORY
2024-04-24T04:53:23,635  INFO [localfetcher#5] reduce.InMemoryMapOutput: Read 33 bytes from map-output for attempt_local776845356_0003_m_000003_0
2024-04-24T04:53:23,635  INFO [localfetcher#5] reduce.MergeManagerImpl: closeInMemoryFile -> map-output of size: 33, inMemoryMapOutputs.size() -> 1, commitMemory -> 0, usedMemory ->33
2024-04-24T04:53:23,637  INFO [localfetcher#5] reduce.LocalFetcher: localfetcher#5 about to shuffle output of map attempt_local776845356_0003_m_000001_0 decomp: 33 len: 37 to MEMORY
2024-04-24T04:53:23,638  INFO [localfetcher#5] reduce.InMemoryMapOutput: Read 33 bytes from map-output for attempt_local776845356_0003_m_000001_0
2024-04-24T04:53:23,638  INFO [localfetcher#5] reduce.MergeManagerImpl: closeInMemoryFile -> map-output of size: 33, inMemoryMapOutputs.size() -> 2, commitMemory -> 33, usedMemory ->66
2024-04-24T04:53:23,641  INFO [localfetcher#5] reduce.LocalFetcher: localfetcher#5 about to shuffle output of map attempt_local776845356_0003_m_000000_0 decomp: 30 len: 34 to MEMORY
2024-04-24T04:53:23,641  INFO [localfetcher#5] reduce.InMemoryMapOutput: Read 30 bytes from map-output for attempt_local776845356_0003_m_000000_0
2024-04-24T04:53:23,641  INFO [localfetcher#5] reduce.MergeManagerImpl: closeInMemoryFile -> map-output of size: 30, inMemoryMapOutputs.size() -> 3, commitMemory -> 66, usedMemory ->96
2024-04-24T04:53:23,643  INFO [localfetcher#5] reduce.LocalFetcher: localfetcher#5 about to shuffle output of map attempt_local776845356_0003_m_000002_0 decomp: 30 len: 34 to MEMORY
2024-04-24T04:53:23,643  INFO [localfetcher#5] reduce.InMemoryMapOutput: Read 30 bytes from map-output for attempt_local776845356_0003_m_000002_0
2024-04-24T04:53:23,643  INFO [localfetcher#5] reduce.MergeManagerImpl: closeInMemoryFile -> map-output of size: 30, inMemoryMapOutputs.size() -> 4, commitMemory -> 96, usedMemory ->126
2024-04-24T04:53:23,644  INFO [EventFetcher for fetching Map Completion Events] reduce.EventFetcher: EventFetcher is interrupted.. Returning
2024-04-24T04:53:23,644  INFO [pool-21-thread-1] mapred.LocalJobRunner: 4 / 4 copied.
2024-04-24T04:53:23,644  INFO [pool-21-thread-1] reduce.MergeManagerImpl: finalMerge called with 4 in-memory map-outputs and 0 on-disk map-outputs
2024-04-24T04:53:23,652  INFO [pool-21-thread-1] mapred.Merger: Merging 4 sorted segments
2024-04-24T04:53:23,652  INFO [pool-21-thread-1] mapred.Merger: Down to the last merge-pass, with 4 segments left of total size: 24 bytes
2024-04-24T04:53:23,660  INFO [pool-21-thread-1] reduce.MergeManagerImpl: Merged 4 segments, 126 bytes to disk to satisfy reduce memory limit
2024-04-24T04:53:23,660  INFO [pool-21-thread-1] reduce.MergeManagerImpl: Merging 1 files, 124 bytes from disk
2024-04-24T04:53:23,660  INFO [pool-21-thread-1] reduce.MergeManagerImpl: Merging 0 segments, 0 bytes from memory into reduce
2024-04-24T04:53:23,660  INFO [pool-21-thread-1] mapred.Merger: Merging 1 sorted segments
2024-04-24T04:53:23,661  INFO [pool-21-thread-1] mapred.Merger: Down to the last merge-pass, with 1 segments left of total size: 96 bytes
2024-04-24T04:53:23,661  INFO [pool-21-thread-1] mapred.LocalJobRunner: 4 / 4 copied.
2024-04-24T04:53:23,663  INFO [pool-21-thread-1] exec.SerializationUtilities: Deserializing ReduceWork using kryo
2024-04-24T04:53:23,665  INFO [pool-21-thread-1] exec.Utilities: Deserialized plan (via FILE) - name: null size: 7,35KB
2024-04-24T04:53:23,668  INFO [pool-21-thread-1] ExecReducer: 
<SEL>Id =3
  <Children>
    <FS>Id =4
      <Children>
      <\Children>
      <Parent>Id = 3 null<\Parent>
    <\FS>
  <\Children>
  <Parent><\Parent>
<\SEL>
2024-04-24T04:53:23,668  INFO [pool-21-thread-1] exec.SelectOperator: Initializing Operator: SEL[3]
2024-04-24T04:53:23,668  INFO [pool-21-thread-1] exec.SelectOperator: SELECT struct<key:struct<reducesinkkey0:int,reducesinkkey1:varchar(128),reducesinkkey2:string>,value:struct<>>
2024-04-24T04:53:23,669  INFO [pool-21-thread-1] exec.FileSinkOperator: Initializing Operator: FS[4]
2024-04-24T04:53:23,670  INFO [pool-21-thread-1] exec.FileSinkOperator: Using serializer : class org.apache.hadoop.hive.serde2.lazy.LazySimpleSerDe [serdeParams=org.apache.hadoop.hive.serde2.lazy.LazySerDeParameters@703c22e1, cachedObjectInspector=org.apache.hadoop.hive.serde2.lazy.objectinspector.LazySimpleStructObjectInspector<org.apache.hadoop.hive.serde2.lazy.objectinspector.primitive.LazyIntObjectInspector@2e8417ea,varchar(128),org.apache.hadoop.hive.serde2.lazy.objectinspector.primitive.LazyStringObjectInspector@67726dd1>, serializedSize=0, stats=org.apache.hadoop.hive.serde2.SerDeStats@4a703393, lastOperationSerialize=false, lastOperationDeserialize=false [1, 2, 3, 4, 5, 6, 7, 8, 11, 14, 15, 16, 17, 18, 19, 20, 21, 22, 23, 24, 25, 26, 28, 29, 30, 31, -128, -127, -126, -125, -124, -123, -122, -121, -120, -119, -118, -117, -116, -115, -114, -113, -112, -111, -110, -109, -108, -107, -106, -105, -104, -103, -102, -101, -100, -99, -98, -97, -96, -95, -94, -93, -92, -91, -90, -89, -88, -87, -86, -85, -84, -83, -82, -81, -80, -79, -78, -77, -76, -75, -74, -73, -72, -71, -70, -69, -68, -67, -66, -65, -64, -63, -62, -61, -60, -59, -58, -57, -56, -55, -54, -53, -52, -51, -50, -49, -48, -47, -46, -45, -44, -43, -42, -41, -40, -39, -38, -37, -36, -35, -34, -33, -32, -31, -30, -29, -28, -27, -26, -25, -24, -23, -22, -21, -20, -19, -18, -17, -16, -15, -14, -13, -12, -11, -10, -9, -8, -7, -6, -5, -4, -3, -2, -1] : [_col0, _col1, _col2] : [int, varchar(128), string]] and formatter : org.apache.hadoop.hive.ql.io.HiveSequenceFileOutputFormat@9ee466a
2024-04-24T04:53:23,672  INFO [pool-21-thread-1] exec.FileSinkOperator: Final Path: FS file:/home/alex/Repositories/hive/ql/target/tmp/localscratchdir/2e9ea6e1-a13e-47ab-948d-27986a04afa9/hive_2024-04-24_04-53-22_533_8454179344727074989-1/-mr-10001/.hive-staging_hive_2024-04-24_04-53-22_533_8454179344727074989-1/_tmp.-ext-10002/000000_0
2024-04-24T04:53:23,672  INFO [pool-21-thread-1] exec.FileSinkOperator: Writing to temp file: FS file:/home/alex/Repositories/hive/ql/target/tmp/localscratchdir/2e9ea6e1-a13e-47ab-948d-27986a04afa9/hive_2024-04-24_04-53-22_533_8454179344727074989-1/-mr-10001/.hive-staging_hive_2024-04-24_04-53-22_533_8454179344727074989-1/_task_tmp.-ext-10002/_tmp.000000_0
2024-04-24T04:53:23,672  INFO [pool-21-thread-1] exec.FileSinkOperator: New Final Path: FS file:/home/alex/Repositories/hive/ql/target/tmp/localscratchdir/2e9ea6e1-a13e-47ab-948d-27986a04afa9/hive_2024-04-24_04-53-22_533_8454179344727074989-1/-mr-10001/.hive-staging_hive_2024-04-24_04-53-22_533_8454179344727074989-1/_tmp.-ext-10002/000000_0
2024-04-24T04:53:23,705  INFO [pool-21-thread-1] exec.FileSinkOperator: FS[4]: records written - 1
2024-04-24T04:53:23,705  INFO [pool-21-thread-1] exec.SelectOperator: Closing Operator: SEL[3]
2024-04-24T04:53:23,705  INFO [pool-21-thread-1] exec.SelectOperator: RECORDS_OUT_INTERMEDIATE:0, RECORDS_OUT_OPERATOR_SEL_3:4, 
2024-04-24T04:53:23,705  INFO [pool-21-thread-1] exec.FileSinkOperator: Closing Operator: FS[4]
2024-04-24T04:53:23,705  INFO [pool-21-thread-1] exec.FileSinkOperator: FS[4]: records written - 4
2024-04-24T04:53:23,706  INFO [pool-21-thread-1] exec.FileSinkOperator: RECORDS_OUT_OPERATOR_FS_4:4, RECORDS_OUT_0:4, RECORDS_OUT_INTERMEDIATE:0, 
2024-04-24T04:53:23,706  INFO [pool-21-thread-1] mapred.Task: Task:attempt_local776845356_0003_r_000000_0 is done. And is in the process of committing
2024-04-24T04:53:23,707  INFO [pool-21-thread-1] mapred.LocalJobRunner: reduce > reduce
2024-04-24T04:53:23,707  INFO [pool-21-thread-1] mapred.Task: Task 'attempt_local776845356_0003_r_000000_0' done.
2024-04-24T04:53:23,707  INFO [pool-21-thread-1] mapred.Task: Final Counters for attempt_local776845356_0003_r_000000_0: Counters: 29
	File System Counters
		FILE: Number of bytes read=94943
		FILE: Number of bytes written=3549351
		FILE: Number of read operations=0
		FILE: Number of large read operations=0
		FILE: Number of write operations=0
	Map-Reduce Framework
		Combine input records=0
		Combine output records=0
		Reduce input groups=4
		Reduce shuffle bytes=142
		Reduce input records=4
		Reduce output records=0
		Spilled Records=4
		Shuffled Maps =4
		Failed Shuffles=0
		Merged Map outputs=4
		GC time elapsed (ms)=0
		Total committed heap usage (bytes)=967835648
	HIVE
		CREATED_FILES=1
		RECORDS_OUT_0=4
		RECORDS_OUT_INTERMEDIATE=0
		RECORDS_OUT_OPERATOR_FS_4=4
		RECORDS_OUT_OPERATOR_SEL_3=4
	Shuffle Errors
		BAD_ID=0
		CONNECTION=0
		IO_ERROR=0
		WRONG_LENGTH=0
		WRONG_MAP=0
		WRONG_REDUCE=0
	File Output Format Counters 
		Bytes Written=0
2024-04-24T04:53:23,707  INFO [pool-21-thread-1] mapred.LocalJobRunner: Finishing task: attempt_local776845356_0003_r_000000_0
2024-04-24T04:53:23,708  INFO [Thread-242] mapred.LocalJobRunner: reduce task executor complete.
2024-04-24 04:53:24,429 Stage-1 map = 100%,  reduce = 100%
2024-04-24T04:53:24,430  INFO [main] exec.Task: 2024-04-24 04:53:24,429 Stage-1 map = 100%,  reduce = 100%
Ended Job = job_local776845356_0003
2024-04-24T04:53:24,432  INFO [main] exec.Task: Ended Job = job_local776845356_0003
2024-04-24T04:53:24,465  INFO [main] metadata.Hive: Dumping metastore api call timing information for : execution phase
2024-04-24T04:53:24,465  INFO [main] metadata.Hive: Total time spent in each metastore function (ms): {}
MapReduce Jobs Launched: 
2024-04-24T04:53:24,465  INFO [main] ql.Driver: MapReduce Jobs Launched: 
Stage-Stage-1:  HDFS Read: 0 HDFS Write: 0 SUCCESS
2024-04-24T04:53:24,465  INFO [main] ql.Driver: Stage-Stage-1:  HDFS Read: 0 HDFS Write: 0 SUCCESS
Total MapReduce CPU Time Spent: 0 msec
2024-04-24T04:53:24,465  INFO [main] ql.Driver: Total MapReduce CPU Time Spent: 0 msec
2024-04-24T04:53:24,465  INFO [main] ql.Driver: Completed executing command(queryId=alex_20240424045322_23faf9a7-a3fa-4ab0-86cf-9daa7ba472f1); Time taken: 1.423 seconds
2024-04-24T04:53:24,465  INFO [main] lockmgr.DbTxnManager: Stopped heartbeat for query: alex_20240424045322_23faf9a7-a3fa-4ab0-86cf-9daa7ba472f1
2024-04-24T04:53:24,470  INFO [main] txn.TxnHandler: Expected to move at least one record from txn_components to completed_txn_components when committing txn! txnid:17
2024-04-24T04:53:24,477  INFO [main] txn.TxnHandler: Removed transactions: ([17]) from MIN_HISTORY_LEVEL
2024-04-24T04:53:24,477  WARN [main] txn.CompactionTxnHandler: No compaction queue record found for Compaction type transaction commit. txnId:17
2024-04-24T04:53:24,485  INFO [main] mapred.FileInputFormat: Total input files to process : 1
2024-04-24T04:53:24,496  INFO [main] exec.ListSinkOperator: Closing Operator: LIST_SINK[7]
2024-04-24T04:53:24,497  INFO [main] exec.ListSinkOperator: RECORDS_OUT_INTERMEDIATE:0, RECORDS_OUT_OPERATOR_LIST_SINK_7:4, 
2024-04-24T04:53:24,497  INFO [main] ql.TxnCommandsBaseForTests: Running the query: select ROW__ID, a, b, ds from acid_uap order by ds, a, b
2024-04-24T04:53:24,497  INFO [main] ql.Context: Deleting scratch dir: file:/home/alex/Repositories/hive/ql/target/tmp/localscratchdir/2e9ea6e1-a13e-47ab-948d-27986a04afa9/hive_2024-04-24_04-53-22_533_8454179344727074989-1
2024-04-24T04:53:24,498  INFO [main] cleanup.SyncCleanupService: Deleted directory: file:/home/alex/Repositories/hive/ql/target/tmp/localscratchdir/2e9ea6e1-a13e-47ab-948d-27986a04afa9/hive_2024-04-24_04-53-22_533_8454179344727074989-1 on fs with scheme file
2024-04-24T04:53:24,498  INFO [main] ql.Driver: Compiling command(queryId=alex_20240424045324_361b831f-2da7-4c6b-9f24-9ac29eedc114): select ROW__ID, a, b, ds from acid_uap order by ds, a, b
2024-04-24T04:53:24,502  INFO [main] txn.TxnHandler: Added entries to MIN_HISTORY_LEVEL for current txns: ([18]) with min_open_txn: 18
2024-04-24T04:53:24,503  INFO [main] lockmgr.DbTxnManager: Opened txnid:18
2024-04-24T04:53:24,504  INFO [main] parse.CalcitePlanner: Starting caching scope for: 
2024-04-24T04:53:24,504  INFO [main] parse.CalcitePlanner: Starting Semantic Analysis
2024-04-24T04:53:24,507  INFO [main] parse.CalcitePlanner: Completed phase 1 of Semantic Analysis
2024-04-24T04:53:24,507  INFO [main] parse.CalcitePlanner: Get metadata for source tables
2024-04-24T04:53:24,508  INFO [main] HiveMetaStore.audit: ugi=alex	ip=unknown-ip-addr	cmd=get_table : tbl=hive.default.acid_uap	
2024-04-24T04:53:24,517  INFO [main] metastore.HMSHandler: Skipping translation for processor with null
2024-04-24T04:53:24,517  INFO [main] parse.CalcitePlanner: Get metadata for subqueries
2024-04-24T04:53:24,517  INFO [main] parse.CalcitePlanner: Get metadata for destination tables
2024-04-24T04:53:24,517  INFO [main] parse.CalcitePlanner: Completed getting MetaData in Semantic Analysis
2024-04-24T04:53:24,530  INFO [main] HiveMetaStore.audit: ugi=alex	ip=unknown-ip-addr	cmd=get_all_table_constraints : tbl=hive.default.acid_uap	
2024-04-24T04:53:24,544  INFO [main] calcite.RelOptHiveTable: Calculating column statistics for default.acid_uap, projIndxSet: [0, 1, 2], allowMissingStats: true
2024-04-24T04:53:24,544  INFO [main] HiveMetaStore.audit: ugi=alex	ip=unknown-ip-addr	cmd=get_partitions : tbl=hive.default.acid_uap	
2024-04-24T04:53:24,558  INFO [main] HiveMetaStore.audit: ugi=alex	ip=unknown-ip-addr	cmd=get_table : tbl=hive.default.acid_uap	
2024-04-24T04:53:24,570  INFO [main] metastore.HMSHandler: Skipping translation for processor with null
2024-04-24T04:53:24,570  INFO [main] HiveMetaStore.audit: ugi=alex	ip=unknown-ip-addr	cmd=get_aggr_stats_for: table=hive.default.acid_uap	
2024-04-24T04:53:24,581  WARN [main] calcite.RelOptHiveTable: No Stats for default@acid_uap, Columns: a, b
No Stats for default@acid_uap, Columns: a, b
2024-04-24T04:53:24,581  INFO [main] SessionState: No Stats for default@acid_uap, Columns: a, b
2024-04-24T04:53:24,627  INFO [main] parse.CalcitePlanner: Get metadata for source tables
2024-04-24T04:53:24,627  INFO [main] parse.CalcitePlanner: Get metadata for subqueries
2024-04-24T04:53:24,627  INFO [main] parse.CalcitePlanner: Get metadata for destination tables
2024-04-24T04:53:24,629  INFO [main] common.FileUtils: Creating directory if it doesn't exist: file:/home/alex/Repositories/hive/ql/target/tmp/localscratchdir/2e9ea6e1-a13e-47ab-948d-27986a04afa9/hive_2024-04-24_04-53-24_498_4117046540898157156-1/-mr-10001/.hive-staging_hive_2024-04-24_04-53-24_498_4117046540898157156-1
2024-04-24T04:53:24,636  INFO [main] parse.CalcitePlanner: CBO Succeeded; optimized logical plan.
2024-04-24T04:53:24,639  INFO [main] optimizer.ColumnPrunerProcFactory: RS 2 oldColExprMap: {KEY.reducesinkkey0=Column[_col3], VALUE._col0=Column[_col0], KEY.reducesinkkey1=Column[_col1], KEY.reducesinkkey2=Column[_col2]}
2024-04-24T04:53:24,639  INFO [main] optimizer.ColumnPrunerProcFactory: RS 2 newColExprMap: {KEY.reducesinkkey0=Column[_col3], KEY.reducesinkkey2=Column[_col2], KEY.reducesinkkey1=Column[_col1], VALUE._col0=Column[_col0]}
2024-04-24T04:53:24,641  INFO [main] optimizer.SortedDynPartitionOptimizer: Sorted dynamic partitioning optimization kicked in..
2024-04-24T04:53:24,651  INFO [main] physical.Vectorizer: Examining input format to see if vectorization is enabled.
2024-04-24T04:53:24,651  INFO [main] physical.Vectorizer: Vectorization is enabled for input format(s) [org.apache.hadoop.hive.ql.io.orc.OrcInputFormat]
2024-04-24T04:53:24,651  INFO [main] physical.Vectorizer: Validating and vectorizing MapWork... (vectorizedVertexNum 0)
2024-04-24T04:53:24,652  INFO [main] physical.Vectorizer: Map vectorization enabled: true
2024-04-24T04:53:24,652  INFO [main] physical.Vectorizer: Map vectorized: true
2024-04-24T04:53:24,652  INFO [main] physical.Vectorizer: Map vectorizedVertexNum: 0
2024-04-24T04:53:24,652  INFO [main] physical.Vectorizer: Map enabledConditionsMet: [hive.vectorized.use.vectorized.input.format IS true]
2024-04-24T04:53:24,653  INFO [main] physical.Vectorizer: Map inputFileFormatClassNameSet: [org.apache.hadoop.hive.ql.io.orc.OrcInputFormat]
2024-04-24T04:53:24,653  INFO [main] physical.Vectorizer: Reduce vectorization enabled: false
2024-04-24T04:53:24,653  INFO [main] physical.Vectorizer: Reduce vectorized: false
2024-04-24T04:53:24,653  INFO [main] physical.Vectorizer: Reduce vectorizedVertexNum: 1
2024-04-24T04:53:24,653  INFO [main] physical.Vectorizer: Reducer hive.vectorized.execution.reduce.enabled: true
2024-04-24T04:53:24,653  INFO [main] physical.Vectorizer: Reducer engine: mr
2024-04-24T04:53:24,653  INFO [main] parse.CalcitePlanner: Completed plan generation
2024-04-24T04:53:24,653  INFO [main] parse.CalcitePlanner: Ending caching scope for: 
2024-04-24T04:53:24,653  INFO [main] ql.Driver: Semantic Analysis Completed (retrial = false)
2024-04-24T04:53:24,653  INFO [main] ql.Driver: Created Hive schema: Schema(fieldSchemas:[FieldSchema(name:row__id, type:struct<writeid:bigint,bucketid:int,rowid:bigint>, comment:null), FieldSchema(name:a, type:int, comment:null), FieldSchema(name:b, type:varchar(128), comment:null), FieldSchema(name:ds, type:string, comment:null)], properties:null)
2024-04-24T04:53:24,654  INFO [main] exec.ListSinkOperator: Initializing Operator: LIST_SINK[7]
2024-04-24T04:53:24,654  INFO [main] metadata.Hive: Dumping metastore api call timing information for : compilation phase
2024-04-24T04:53:24,654  INFO [main] metadata.Hive: Total time spent in each metastore function (ms): {openTxn_(String, TxnType)=4, getValidWriteIds_(List, String)=5, isCompatibleWith_(Configuration)=0, getAggrColStatsFor_(String, String, List, List, String, String)=22, getValidTxns_(long)=1, getTable_(GetTableRequest)=9, listPartitions_(String, String, short)=13, flushCache_()=0, getAllTableConstraints_(AllTableConstraintsRequest)=6, commitTxn_(CommitTxnRequest)=12}
2024-04-24T04:53:24,655  INFO [main] ql.Driver: Completed compiling command(queryId=alex_20240424045324_361b831f-2da7-4c6b-9f24-9ac29eedc114); Time taken: 0.156 seconds
2024-04-24T04:53:24,655  INFO [main] lockmgr.DbTxnManager: Setting lock request transaction to txnid:18 for queryId=alex_20240424045324_361b831f-2da7-4c6b-9f24-9ac29eedc114
2024-04-24T04:53:24,656  INFO [main] lockmgr.DbLockManager: Requesting lock for queryId=alex_20240424045324_361b831f-2da7-4c6b-9f24-9ac29eedc114
2024-04-24T04:53:24,675  INFO [main] lockmgr.DbLockManager: Response to queryId=alex_20240424045324_361b831f-2da7-4c6b-9f24-9ac29eedc114 LockResponse(lockid:11, state:ACQUIRED)
2024-04-24T04:53:24,675  INFO [main] ql.Driver: Operation QUERY obtained 1 locks
2024-04-24T04:53:24,676  INFO [main] ql.Driver: Executing command(queryId=alex_20240424045324_361b831f-2da7-4c6b-9f24-9ac29eedc114): select ROW__ID, a, b, ds from acid_uap order by ds, a, b
2024-04-24T04:53:24,676  WARN [main] ql.Driver: Hive-on-MR is deprecated in Hive 2 and may not be available in the future versions. Consider using a different execution engine (i.e. tez, spark) or using Hive 1.X releases.
Query ID = alex_20240424045324_361b831f-2da7-4c6b-9f24-9ac29eedc114
2024-04-24T04:53:24,676  INFO [main] ql.Driver: Query ID = alex_20240424045324_361b831f-2da7-4c6b-9f24-9ac29eedc114
Total jobs = 1
2024-04-24T04:53:24,676  INFO [main] ql.Driver: Total jobs = 1
Launching Job 1 out of 1
2024-04-24T04:53:24,676  INFO [main] ql.Driver: Launching Job 1 out of 1
2024-04-24T04:53:24,801  INFO [main] ql.Driver: Starting task [Stage-1:MAPRED] in serial mode
Number of reduce tasks determined at compile time: 1
2024-04-24T04:53:24,801  INFO [main] exec.Task: Number of reduce tasks determined at compile time: 1
In order to change the average load for a reducer (in bytes):
2024-04-24T04:53:24,801  INFO [main] exec.Task: In order to change the average load for a reducer (in bytes):
  set hive.exec.reducers.bytes.per.reducer=<number>
2024-04-24T04:53:24,801  INFO [main] exec.Task:   set hive.exec.reducers.bytes.per.reducer=<number>
In order to limit the maximum number of reducers:
2024-04-24T04:53:24,801  INFO [main] exec.Task: In order to limit the maximum number of reducers:
  set hive.exec.reducers.max=<number>
2024-04-24T04:53:24,801  INFO [main] exec.Task:   set hive.exec.reducers.max=<number>
In order to set a constant number of reducers:
2024-04-24T04:53:24,801  INFO [main] exec.Task: In order to set a constant number of reducers:
  set mapreduce.job.reduces=<number>
2024-04-24T04:53:24,801  INFO [main] exec.Task:   set mapreduce.job.reduces=<number>
2024-04-24T04:53:24,804  INFO [main] mr.ExecDriver: Using org.apache.hadoop.hive.ql.io.HiveInputFormat
2024-04-24T04:53:24,804  INFO [main] exec.Utilities: Processing alias acid_uap
2024-04-24T04:53:24,804  INFO [main] exec.Utilities: Adding 2 inputs; the first input is file:/home/alex/Repositories/hive/ql/target/tmp/org.apache.hadoop.hive.ql.TestTxnCommands3-1713959586346/warehouse/acid_uap/ds=today
2024-04-24T04:53:24,814  INFO [main] exec.SerializationUtilities: Serializing MapWork using kryo
2024-04-24T04:53:24,816  INFO [main] exec.Utilities: Serialized plan (via FILE) - name: null size: 6,99KB
2024-04-24T04:53:24,820  INFO [main] exec.SerializationUtilities: Serializing ReduceWork using kryo
2024-04-24T04:53:24,822  INFO [main] exec.Utilities: Serialized plan (via FILE) - name: null size: 7,62KB
2024-04-24T04:53:24,822  WARN [main] impl.MetricsSystemImpl: JobTracker metrics system already initialized!
2024-04-24T04:53:24,829  WARN [main] impl.MetricsSystemImpl: JobTracker metrics system already initialized!
2024-04-24T04:53:24,836  WARN [main] mapreduce.JobResourceUploader: Hadoop command-line option parsing not performed. Implement the Tool interface and execute your application with ToolRunner to remedy this.
2024-04-24T04:53:24,840  WARN [main] mapreduce.JobResourceUploader: No job jar file set.  User classes may not be found. See Job or Job#setJar(String).
2024-04-24T04:53:24,841  INFO [main] io.HiveInputFormat: hive.io.file.readcolumn.ids = 0,1
2024-04-24T04:53:24,841  INFO [main] io.HiveInputFormat: hive.io.file.readcolumn.names = a,b
2024-04-24T04:53:24,841  INFO [main] io.HiveInputFormat: Generating splits for dirs: file:/home/alex/Repositories/hive/ql/target/tmp/org.apache.hadoop.hive.ql.TestTxnCommands3-1713959586346/warehouse/acid_uap/ds=today
2024-04-24T04:53:24,842  INFO [main] orc.OrcInputFormat: getSplits started
2024-04-24T04:53:24,842  INFO [main] orc.OrcInputFormat: Context:: isAcid: true isVectorMode: true sarg: null minSplitSize: 1 maxSplitSize: 256000000 splitStrategy: HYBRID footerInSplits: false numBuckets: 2 numThreads: 10 cacheMemSize: 268435456 cacheStripeDetails: true useSoftReference: false writeIdList: default.acid_uap:2:9223372036854775807:: isTransactionalTable: true txnProperties: default 
2024-04-24T04:53:24,842  INFO [main] orc.OrcInputFormat: ORC pushdown predicate: null
2024-04-24T04:53:24,857  INFO [main] orc.OrcInputFormat: FooterCacheHitRatio: 4/4
2024-04-24T04:53:24,858  INFO [main] orc.OrcInputFormat: getSplits finished (#splits: 4). duration: 16 ms
2024-04-24T04:53:24,858  INFO [main] io.HiveInputFormat: number of splits 4
2024-04-24T04:53:24,875  INFO [main] mapreduce.JobSubmitter: number of splits:4
2024-04-24T04:53:24,894  INFO [main] mapreduce.JobSubmitter: Submitting tokens for job: job_local764884753_0004
2024-04-24T04:53:24,894  INFO [main] mapreduce.JobSubmitter: Executing with tokens: []
2024-04-24T04:53:24,958  INFO [main] mapreduce.Job: The url to track the job: http://localhost:8080/
Job running in-process (local Hadoop)
2024-04-24T04:53:24,958  INFO [main] exec.Task: Job running in-process (local Hadoop)
2024-04-24T04:53:24,958  INFO [Thread-310] mapred.LocalJobRunner: OutputCommitter set in config org.apache.hadoop.hive.ql.io.HiveFileFormatUtils$NullOutputCommitter
2024-04-24T04:53:24,958  INFO [Thread-310] mapred.LocalJobRunner: OutputCommitter is org.apache.hadoop.hive.ql.io.HiveFileFormatUtils$NullOutputCommitter
2024-04-24T04:53:24,961  INFO [Thread-310] mapred.LocalJobRunner: Waiting for map tasks
2024-04-24T04:53:24,961  INFO [LocalJobRunner Map Task Executor #0] mapred.LocalJobRunner: Starting task: attempt_local764884753_0004_m_000000_0
2024-04-24T04:53:24,962  INFO [LocalJobRunner Map Task Executor #0] mapred.Task:  Using ResourceCalculatorProcessTree : [ ]
2024-04-24T04:53:24,962  INFO [LocalJobRunner Map Task Executor #0] mapred.MapTask: Processing split: org.apache.hadoop.hive.ql.io.orc.OrcInputFormat:OrcSplit [file:/home/alex/Repositories/hive/ql/target/tmp/org.apache.hadoop.hive.ql.TestTxnCommands3-1713959586346/warehouse/acid_uap/ds=tomorrow/delta_0000001_0000001_0000/bucket_00001_0, start=3, length=326, isOriginal=false, fileLength=704, hasFooter=false, hasBase=true, deltas=0]
2024-04-24T04:53:24,963  INFO [LocalJobRunner Map Task Executor #0] exec.SerializationUtilities: Deserializing MapWork using kryo
2024-04-24T04:53:24,964  INFO [LocalJobRunner Map Task Executor #0] exec.Utilities: Deserialized plan (via FILE) - name: null size: 6,99KB
2024-04-24T04:53:24,965  INFO [LocalJobRunner Map Task Executor #0] orc.VectorizedOrcAcidRowBatchReader: Read ValidWriteIdList: default.acid_uap:2:9223372036854775807:::OrcSplit [file:/home/alex/Repositories/hive/ql/target/tmp/org.apache.hadoop.hive.ql.TestTxnCommands3-1713959586346/warehouse/acid_uap/ds=tomorrow/delta_0000001_0000001_0000/bucket_00001_0, start=3, length=326, isOriginal=false, fileLength=704, hasFooter=false, hasBase=true, deltas=0]
2024-04-24T04:53:24,966  INFO [LocalJobRunner Map Task Executor #0] orc.ReaderImpl: Reading ORC rows from file:/home/alex/Repositories/hive/ql/target/tmp/org.apache.hadoop.hive.ql.TestTxnCommands3-1713959586346/warehouse/acid_uap/ds=tomorrow/delta_0000001_0000001_0000/bucket_00001_0 with {include: [true, true, true], offset: 3, length: 326, schema: struct<a:int,b:varchar(128)>, includeAcidColumns: true}
2024-04-24T04:53:24,968  INFO [LocalJobRunner Map Task Executor #0] mapred.MapTask: numReduceTasks: 1
2024-04-24T04:53:24,972  INFO [LocalJobRunner Map Task Executor #0] mapred.MapTask: (EQUATOR) 0 kvi 26214396(104857584)
2024-04-24T04:53:24,972  INFO [LocalJobRunner Map Task Executor #0] mapred.MapTask: mapreduce.task.io.sort.mb: 100
2024-04-24T04:53:24,972  INFO [LocalJobRunner Map Task Executor #0] mapred.MapTask: soft limit at 83886080
2024-04-24T04:53:24,972  INFO [LocalJobRunner Map Task Executor #0] mapred.MapTask: bufstart = 0; bufvoid = 104857600
2024-04-24T04:53:24,972  INFO [LocalJobRunner Map Task Executor #0] mapred.MapTask: kvstart = 26214396; length = 6553600
2024-04-24T04:53:24,973  INFO [LocalJobRunner Map Task Executor #0] mapred.MapTask: Map output collector class = org.apache.hadoop.mapred.MapTask$MapOutputBuffer
2024-04-24T04:53:24,973  INFO [LocalJobRunner Map Task Executor #0] vector.VectorMapOperator: Initializing Operator: MAP[0]
2024-04-24T04:53:24,973  INFO [LocalJobRunner Map Task Executor #0] mr.ExecMapper: 
<MAP>Id =0
  <Children>null
  <\Children>
  <Parent><\Parent>
<\MAP>
2024-04-24T04:53:24,974  INFO [LocalJobRunner Map Task Executor #0] exec.TableScanOperator: Initializing Operator: TS[0]
2024-04-24T04:53:24,974  INFO [LocalJobRunner Map Task Executor #0] vector.VectorSelectOperator: Initializing Operator: SEL[5]
2024-04-24T04:53:24,975  INFO [LocalJobRunner Map Task Executor #0] vector.VectorReduceSinkOperator: Initializing Operator: RS[6]
2024-04-24T04:53:24,975  INFO [LocalJobRunner Map Task Executor #0] vector.VectorReduceSinkOperator: Using tag = -1
2024-04-24T04:53:24,976  INFO [LocalJobRunner Map Task Executor #0] vector.VectorReduceSinkOperator: keys are [reducesinkkey0, reducesinkkey1, reducesinkkey2] num distributions: 3
2024-04-24T04:53:24,977  INFO [LocalJobRunner Map Task Executor #0] vector.VectorReduceSinkOperator: RS[6]: records written - 1
2024-04-24T04:53:24,977  INFO [LocalJobRunner Map Task Executor #0] vector.VectorMapOperator: Closing Operator: MAP[0]
2024-04-24T04:53:24,977  INFO [LocalJobRunner Map Task Executor #0] vector.VectorMapOperator: RECORDS_IN:1, RECORDS_OUT_OPERATOR_MAP_0:0, RECORDS_OUT_INTERMEDIATE:0, DESERIALIZE_ERRORS:0, 
2024-04-24T04:53:24,977  INFO [LocalJobRunner Map Task Executor #0] exec.TableScanOperator: Closing Operator: TS[0]
2024-04-24T04:53:24,977  INFO [LocalJobRunner Map Task Executor #0] exec.TableScanOperator: RECORDS_OUT_OPERATOR_TS_0:1, RECORDS_OUT_INTERMEDIATE:0, 
2024-04-24T04:53:24,977  INFO [LocalJobRunner Map Task Executor #0] vector.VectorSelectOperator: Closing Operator: SEL[5]
2024-04-24T04:53:24,977  INFO [LocalJobRunner Map Task Executor #0] vector.VectorSelectOperator: RECORDS_OUT_INTERMEDIATE:0, RECORDS_OUT_OPERATOR_SEL_5:1, 
2024-04-24T04:53:24,977  INFO [LocalJobRunner Map Task Executor #0] vector.VectorReduceSinkOperator: Closing Operator: RS[6]
2024-04-24T04:53:24,977  INFO [LocalJobRunner Map Task Executor #0] vector.VectorReduceSinkOperator: RS[6]: Total records written - 1. abort - false
2024-04-24T04:53:24,977  INFO [LocalJobRunner Map Task Executor #0] vector.VectorReduceSinkOperator: RECORDS_OUT_INTERMEDIATE:1, RECORDS_OUT_OPERATOR_RS_6:1, 
2024-04-24T04:53:24,978  INFO [LocalJobRunner Map Task Executor #0] mapred.LocalJobRunner: 
2024-04-24T04:53:24,978  INFO [LocalJobRunner Map Task Executor #0] mapred.MapTask: Starting flush of map output
2024-04-24T04:53:24,978  INFO [LocalJobRunner Map Task Executor #0] mapred.MapTask: Spilling map output
2024-04-24T04:53:24,978  INFO [LocalJobRunner Map Task Executor #0] mapred.MapTask: bufstart = 0; bufend = 42; bufvoid = 104857600
2024-04-24T04:53:24,978  INFO [LocalJobRunner Map Task Executor #0] mapred.MapTask: kvstart = 26214396(104857584); kvend = 26214396(104857584); length = 1/6553600
2024-04-24T04:53:24,989  INFO [LocalJobRunner Map Task Executor #0] mapred.MapTask: Finished spill 0
2024-04-24T04:53:24,992  INFO [LocalJobRunner Map Task Executor #0] mapred.Task: Task:attempt_local764884753_0004_m_000000_0 is done. And is in the process of committing
2024-04-24T04:53:24,993  INFO [LocalJobRunner Map Task Executor #0] mapred.LocalJobRunner: OrcSplit [file:/home/alex/Repositories/hive/ql/target/tmp/org.apache.hadoop.hive.ql.TestTxnCommands3-1713959586346/warehouse/acid_uap/ds=tomorrow/delta_0000001_0000001_0000/bucket_00001_0, start=3, length=326, isOriginal=false, fileLength=704, hasFooter=false, hasBase=true, deltas=0]
2024-04-24T04:53:24,994  INFO [LocalJobRunner Map Task Executor #0] mapred.Task: Task 'attempt_local764884753_0004_m_000000_0' done.
2024-04-24T04:53:24,994  INFO [LocalJobRunner Map Task Executor #0] mapred.Task: Final Counters for attempt_local764884753_0004_m_000000_0: Counters: 24
	File System Counters
		FILE: Number of bytes read=107304
		FILE: Number of bytes written=4730272
		FILE: Number of read operations=0
		FILE: Number of large read operations=0
		FILE: Number of write operations=0
	Map-Reduce Framework
		Map input records=1
		Map output records=1
		Map output bytes=42
		Map output materialized bytes=50
		Input split bytes=523
		Combine input records=0
		Spilled Records=1
		Failed Shuffles=0
		Merged Map outputs=0
		GC time elapsed (ms)=0
		Total committed heap usage (bytes)=967835648
	HIVE
		DESERIALIZE_ERRORS=0
		RECORDS_IN=1
		RECORDS_OUT_INTERMEDIATE=1
		RECORDS_OUT_OPERATOR_MAP_0=0
		RECORDS_OUT_OPERATOR_RS_6=1
		RECORDS_OUT_OPERATOR_SEL_5=1
		RECORDS_OUT_OPERATOR_TS_0=1
	File Input Format Counters 
		Bytes Read=9957
2024-04-24T04:53:24,994  INFO [LocalJobRunner Map Task Executor #0] mapred.LocalJobRunner: Finishing task: attempt_local764884753_0004_m_000000_0
2024-04-24T04:53:24,994  INFO [LocalJobRunner Map Task Executor #0] mapred.LocalJobRunner: Starting task: attempt_local764884753_0004_m_000001_0
2024-04-24T04:53:24,994  INFO [LocalJobRunner Map Task Executor #0] mapred.Task:  Using ResourceCalculatorProcessTree : [ ]
2024-04-24T04:53:24,995  INFO [LocalJobRunner Map Task Executor #0] mapred.MapTask: Processing split: org.apache.hadoop.hive.ql.io.orc.OrcInputFormat:OrcSplit [file:/home/alex/Repositories/hive/ql/target/tmp/org.apache.hadoop.hive.ql.TestTxnCommands3-1713959586346/warehouse/acid_uap/ds=today/delta_0000002_0000002_0000/bucket_00001_0, start=3, length=326, isOriginal=false, fileLength=712, hasFooter=false, hasBase=true, deltas=0]
2024-04-24T04:53:24,996  INFO [LocalJobRunner Map Task Executor #0] exec.SerializationUtilities: Deserializing MapWork using kryo
2024-04-24T04:53:24,997  INFO [LocalJobRunner Map Task Executor #0] exec.Utilities: Deserialized plan (via FILE) - name: null size: 6,99KB
2024-04-24T04:53:24,998  INFO [LocalJobRunner Map Task Executor #0] orc.VectorizedOrcAcidRowBatchReader: Read ValidWriteIdList: default.acid_uap:2:9223372036854775807:::OrcSplit [file:/home/alex/Repositories/hive/ql/target/tmp/org.apache.hadoop.hive.ql.TestTxnCommands3-1713959586346/warehouse/acid_uap/ds=today/delta_0000002_0000002_0000/bucket_00001_0, start=3, length=326, isOriginal=false, fileLength=712, hasFooter=false, hasBase=true, deltas=0]
2024-04-24T04:53:24,999  INFO [LocalJobRunner Map Task Executor #0] orc.ReaderImpl: Reading ORC rows from file:/home/alex/Repositories/hive/ql/target/tmp/org.apache.hadoop.hive.ql.TestTxnCommands3-1713959586346/warehouse/acid_uap/ds=today/delta_0000002_0000002_0000/bucket_00001_0 with {include: [true, true, true], offset: 3, length: 326, schema: struct<a:int,b:varchar(128)>, includeAcidColumns: true}
2024-04-24T04:53:25,000  INFO [LocalJobRunner Map Task Executor #0] mapred.MapTask: numReduceTasks: 1
2024-04-24T04:53:25,016  INFO [LocalJobRunner Map Task Executor #0] mapred.MapTask: (EQUATOR) 0 kvi 26214396(104857584)
2024-04-24T04:53:25,016  INFO [LocalJobRunner Map Task Executor #0] mapred.MapTask: mapreduce.task.io.sort.mb: 100
2024-04-24T04:53:25,016  INFO [LocalJobRunner Map Task Executor #0] mapred.MapTask: soft limit at 83886080
2024-04-24T04:53:25,016  INFO [LocalJobRunner Map Task Executor #0] mapred.MapTask: bufstart = 0; bufvoid = 104857600
2024-04-24T04:53:25,016  INFO [LocalJobRunner Map Task Executor #0] mapred.MapTask: kvstart = 26214396; length = 6553600
2024-04-24T04:53:25,017  INFO [LocalJobRunner Map Task Executor #0] mapred.MapTask: Map output collector class = org.apache.hadoop.mapred.MapTask$MapOutputBuffer
2024-04-24T04:53:25,017  INFO [LocalJobRunner Map Task Executor #0] vector.VectorMapOperator: Initializing Operator: MAP[0]
2024-04-24T04:53:25,017  INFO [LocalJobRunner Map Task Executor #0] mr.ExecMapper: 
<MAP>Id =0
  <Children>null
  <\Children>
  <Parent><\Parent>
<\MAP>
2024-04-24T04:53:25,018  INFO [LocalJobRunner Map Task Executor #0] exec.TableScanOperator: Initializing Operator: TS[0]
2024-04-24T04:53:25,018  INFO [LocalJobRunner Map Task Executor #0] vector.VectorSelectOperator: Initializing Operator: SEL[5]
2024-04-24T04:53:25,018  INFO [LocalJobRunner Map Task Executor #0] vector.VectorReduceSinkOperator: Initializing Operator: RS[6]
2024-04-24T04:53:25,018  INFO [LocalJobRunner Map Task Executor #0] vector.VectorReduceSinkOperator: Using tag = -1
2024-04-24T04:53:25,019  INFO [LocalJobRunner Map Task Executor #0] vector.VectorReduceSinkOperator: keys are [reducesinkkey0, reducesinkkey1, reducesinkkey2] num distributions: 3
2024-04-24T04:53:25,019  INFO [LocalJobRunner Map Task Executor #0] vector.VectorReduceSinkOperator: RS[6]: records written - 1
2024-04-24T04:53:25,019  INFO [LocalJobRunner Map Task Executor #0] vector.VectorMapOperator: Closing Operator: MAP[0]
2024-04-24T04:53:25,019  INFO [LocalJobRunner Map Task Executor #0] vector.VectorMapOperator: RECORDS_IN:1, RECORDS_OUT_INTERMEDIATE:0, DESERIALIZE_ERRORS:0, RECORDS_OUT_OPERATOR_MAP_0:0, 
2024-04-24T04:53:25,020  INFO [LocalJobRunner Map Task Executor #0] exec.TableScanOperator: Closing Operator: TS[0]
2024-04-24T04:53:25,020  INFO [LocalJobRunner Map Task Executor #0] exec.TableScanOperator: RECORDS_OUT_INTERMEDIATE:0, RECORDS_OUT_OPERATOR_TS_0:1, 
2024-04-24T04:53:25,020  INFO [LocalJobRunner Map Task Executor #0] vector.VectorSelectOperator: Closing Operator: SEL[5]
2024-04-24T04:53:25,020  INFO [LocalJobRunner Map Task Executor #0] vector.VectorSelectOperator: RECORDS_OUT_INTERMEDIATE:0, RECORDS_OUT_OPERATOR_SEL_5:1, 
2024-04-24T04:53:25,020  INFO [LocalJobRunner Map Task Executor #0] vector.VectorReduceSinkOperator: Closing Operator: RS[6]
2024-04-24T04:53:25,020  INFO [LocalJobRunner Map Task Executor #0] vector.VectorReduceSinkOperator: RS[6]: Total records written - 1. abort - false
2024-04-24T04:53:25,020  INFO [LocalJobRunner Map Task Executor #0] vector.VectorReduceSinkOperator: RECORDS_OUT_OPERATOR_RS_6:1, RECORDS_OUT_INTERMEDIATE:1, 
2024-04-24T04:53:25,021  INFO [LocalJobRunner Map Task Executor #0] mapred.LocalJobRunner: 
2024-04-24T04:53:25,021  INFO [LocalJobRunner Map Task Executor #0] mapred.MapTask: Starting flush of map output
2024-04-24T04:53:25,021  INFO [LocalJobRunner Map Task Executor #0] mapred.MapTask: Spilling map output
2024-04-24T04:53:25,021  INFO [LocalJobRunner Map Task Executor #0] mapred.MapTask: bufstart = 0; bufend = 39; bufvoid = 104857600
2024-04-24T04:53:25,021  INFO [LocalJobRunner Map Task Executor #0] mapred.MapTask: kvstart = 26214396(104857584); kvend = 26214396(104857584); length = 1/6553600
2024-04-24T04:53:25,030  INFO [LocalJobRunner Map Task Executor #0] mapred.MapTask: Finished spill 0
2024-04-24T04:53:25,033  INFO [LocalJobRunner Map Task Executor #0] mapred.Task: Task:attempt_local764884753_0004_m_000001_0 is done. And is in the process of committing
2024-04-24T04:53:25,034  INFO [LocalJobRunner Map Task Executor #0] mapred.LocalJobRunner: OrcSplit [file:/home/alex/Repositories/hive/ql/target/tmp/org.apache.hadoop.hive.ql.TestTxnCommands3-1713959586346/warehouse/acid_uap/ds=today/delta_0000002_0000002_0000/bucket_00001_0, start=3, length=326, isOriginal=false, fileLength=712, hasFooter=false, hasBase=true, deltas=0]
2024-04-24T04:53:25,034  INFO [LocalJobRunner Map Task Executor #0] mapred.Task: Task 'attempt_local764884753_0004_m_000001_0' done.
2024-04-24T04:53:25,034  INFO [LocalJobRunner Map Task Executor #0] mapred.Task: Final Counters for attempt_local764884753_0004_m_000001_0: Counters: 24
	File System Counters
		FILE: Number of bytes read=118896
		FILE: Number of bytes written=4730351
		FILE: Number of read operations=0
		FILE: Number of large read operations=0
		FILE: Number of write operations=0
	Map-Reduce Framework
		Map input records=1
		Map output records=1
		Map output bytes=39
		Map output materialized bytes=47
		Input split bytes=517
		Combine input records=0
		Spilled Records=1
		Failed Shuffles=0
		Merged Map outputs=0
		GC time elapsed (ms)=10
		Total committed heap usage (bytes)=1011875840
	HIVE
		DESERIALIZE_ERRORS=0
		RECORDS_IN=1
		RECORDS_OUT_INTERMEDIATE=1
		RECORDS_OUT_OPERATOR_MAP_0=0
		RECORDS_OUT_OPERATOR_RS_6=1
		RECORDS_OUT_OPERATOR_SEL_5=1
		RECORDS_OUT_OPERATOR_TS_0=1
	File Input Format Counters 
		Bytes Read=9989
2024-04-24T04:53:25,034  INFO [LocalJobRunner Map Task Executor #0] mapred.LocalJobRunner: Finishing task: attempt_local764884753_0004_m_000001_0
2024-04-24T04:53:25,034  INFO [LocalJobRunner Map Task Executor #0] mapred.LocalJobRunner: Starting task: attempt_local764884753_0004_m_000002_0
2024-04-24T04:53:25,035  INFO [LocalJobRunner Map Task Executor #0] mapred.Task:  Using ResourceCalculatorProcessTree : [ ]
2024-04-24T04:53:25,035  INFO [LocalJobRunner Map Task Executor #0] mapred.MapTask: Processing split: org.apache.hadoop.hive.ql.io.orc.OrcInputFormat:OrcSplit [file:/home/alex/Repositories/hive/ql/target/tmp/org.apache.hadoop.hive.ql.TestTxnCommands3-1713959586346/warehouse/acid_uap/ds=tomorrow/delta_0000001_0000001_0000/bucket_00000_0, start=3, length=322, isOriginal=false, fileLength=705, hasFooter=false, hasBase=true, deltas=0]
2024-04-24T04:53:25,036  INFO [LocalJobRunner Map Task Executor #0] exec.SerializationUtilities: Deserializing MapWork using kryo
2024-04-24T04:53:25,037  INFO [LocalJobRunner Map Task Executor #0] exec.Utilities: Deserialized plan (via FILE) - name: null size: 6,99KB
2024-04-24T04:53:25,038  INFO [LocalJobRunner Map Task Executor #0] orc.VectorizedOrcAcidRowBatchReader: Read ValidWriteIdList: default.acid_uap:2:9223372036854775807:::OrcSplit [file:/home/alex/Repositories/hive/ql/target/tmp/org.apache.hadoop.hive.ql.TestTxnCommands3-1713959586346/warehouse/acid_uap/ds=tomorrow/delta_0000001_0000001_0000/bucket_00000_0, start=3, length=322, isOriginal=false, fileLength=705, hasFooter=false, hasBase=true, deltas=0]
2024-04-24T04:53:25,039  INFO [LocalJobRunner Map Task Executor #0] orc.ReaderImpl: Reading ORC rows from file:/home/alex/Repositories/hive/ql/target/tmp/org.apache.hadoop.hive.ql.TestTxnCommands3-1713959586346/warehouse/acid_uap/ds=tomorrow/delta_0000001_0000001_0000/bucket_00000_0 with {include: [true, true, true], offset: 3, length: 322, schema: struct<a:int,b:varchar(128)>, includeAcidColumns: true}
2024-04-24T04:53:25,041  INFO [LocalJobRunner Map Task Executor #0] mapred.MapTask: numReduceTasks: 1
2024-04-24T04:53:25,046  INFO [LocalJobRunner Map Task Executor #0] mapred.MapTask: (EQUATOR) 0 kvi 26214396(104857584)
2024-04-24T04:53:25,047  INFO [LocalJobRunner Map Task Executor #0] mapred.MapTask: mapreduce.task.io.sort.mb: 100
2024-04-24T04:53:25,047  INFO [LocalJobRunner Map Task Executor #0] mapred.MapTask: soft limit at 83886080
2024-04-24T04:53:25,047  INFO [LocalJobRunner Map Task Executor #0] mapred.MapTask: bufstart = 0; bufvoid = 104857600
2024-04-24T04:53:25,047  INFO [LocalJobRunner Map Task Executor #0] mapred.MapTask: kvstart = 26214396; length = 6553600
2024-04-24T04:53:25,047  INFO [LocalJobRunner Map Task Executor #0] mapred.MapTask: Map output collector class = org.apache.hadoop.mapred.MapTask$MapOutputBuffer
2024-04-24T04:53:25,048  INFO [LocalJobRunner Map Task Executor #0] vector.VectorMapOperator: Initializing Operator: MAP[0]
2024-04-24T04:53:25,048  INFO [LocalJobRunner Map Task Executor #0] mr.ExecMapper: 
<MAP>Id =0
  <Children>null
  <\Children>
  <Parent><\Parent>
<\MAP>
2024-04-24T04:53:25,049  INFO [LocalJobRunner Map Task Executor #0] exec.TableScanOperator: Initializing Operator: TS[0]
2024-04-24T04:53:25,049  INFO [LocalJobRunner Map Task Executor #0] vector.VectorSelectOperator: Initializing Operator: SEL[5]
2024-04-24T04:53:25,050  INFO [LocalJobRunner Map Task Executor #0] vector.VectorReduceSinkOperator: Initializing Operator: RS[6]
2024-04-24T04:53:25,050  INFO [LocalJobRunner Map Task Executor #0] vector.VectorReduceSinkOperator: Using tag = -1
2024-04-24T04:53:25,051  INFO [LocalJobRunner Map Task Executor #0] vector.VectorReduceSinkOperator: keys are [reducesinkkey0, reducesinkkey1, reducesinkkey2] num distributions: 3
2024-04-24T04:53:25,051  INFO [LocalJobRunner Map Task Executor #0] vector.VectorReduceSinkOperator: RS[6]: records written - 1
2024-04-24T04:53:25,051  INFO [LocalJobRunner Map Task Executor #0] vector.VectorMapOperator: Closing Operator: MAP[0]
2024-04-24T04:53:25,051  INFO [LocalJobRunner Map Task Executor #0] vector.VectorMapOperator: DESERIALIZE_ERRORS:0, RECORDS_OUT_INTERMEDIATE:0, RECORDS_IN:1, RECORDS_OUT_OPERATOR_MAP_0:0, 
2024-04-24T04:53:25,051  INFO [LocalJobRunner Map Task Executor #0] exec.TableScanOperator: Closing Operator: TS[0]
2024-04-24T04:53:25,051  INFO [LocalJobRunner Map Task Executor #0] exec.TableScanOperator: RECORDS_OUT_OPERATOR_TS_0:1, RECORDS_OUT_INTERMEDIATE:0, 
2024-04-24T04:53:25,051  INFO [LocalJobRunner Map Task Executor #0] vector.VectorSelectOperator: Closing Operator: SEL[5]
2024-04-24T04:53:25,052  INFO [LocalJobRunner Map Task Executor #0] vector.VectorSelectOperator: RECORDS_OUT_OPERATOR_SEL_5:1, RECORDS_OUT_INTERMEDIATE:0, 
2024-04-24T04:53:25,052  INFO [LocalJobRunner Map Task Executor #0] vector.VectorReduceSinkOperator: Closing Operator: RS[6]
2024-04-24T04:53:25,052  INFO [LocalJobRunner Map Task Executor #0] vector.VectorReduceSinkOperator: RS[6]: Total records written - 1. abort - false
2024-04-24T04:53:25,052  INFO [LocalJobRunner Map Task Executor #0] vector.VectorReduceSinkOperator: RECORDS_OUT_OPERATOR_RS_6:1, RECORDS_OUT_INTERMEDIATE:1, 
2024-04-24T04:53:25,052  INFO [LocalJobRunner Map Task Executor #0] mapred.LocalJobRunner: 
2024-04-24T04:53:25,052  INFO [LocalJobRunner Map Task Executor #0] mapred.MapTask: Starting flush of map output
2024-04-24T04:53:25,052  INFO [LocalJobRunner Map Task Executor #0] mapred.MapTask: Spilling map output
2024-04-24T04:53:25,052  INFO [LocalJobRunner Map Task Executor #0] mapred.MapTask: bufstart = 0; bufend = 42; bufvoid = 104857600
2024-04-24T04:53:25,052  INFO [LocalJobRunner Map Task Executor #0] mapred.MapTask: kvstart = 26214396(104857584); kvend = 26214396(104857584); length = 1/6553600
2024-04-24T04:53:25,061  INFO [LocalJobRunner Map Task Executor #0] mapred.MapTask: Finished spill 0
2024-04-24T04:53:25,065  INFO [LocalJobRunner Map Task Executor #0] mapred.Task: Task:attempt_local764884753_0004_m_000002_0 is done. And is in the process of committing
2024-04-24T04:53:25,066  INFO [LocalJobRunner Map Task Executor #0] mapred.LocalJobRunner: OrcSplit [file:/home/alex/Repositories/hive/ql/target/tmp/org.apache.hadoop.hive.ql.TestTxnCommands3-1713959586346/warehouse/acid_uap/ds=tomorrow/delta_0000001_0000001_0000/bucket_00000_0, start=3, length=322, isOriginal=false, fileLength=705, hasFooter=false, hasBase=true, deltas=0]
2024-04-24T04:53:25,066  INFO [LocalJobRunner Map Task Executor #0] mapred.Task: Task 'attempt_local764884753_0004_m_000002_0' done.
2024-04-24T04:53:25,066  INFO [LocalJobRunner Map Task Executor #0] mapred.Task: Final Counters for attempt_local764884753_0004_m_000002_0: Counters: 24
	File System Counters
		FILE: Number of bytes read=129948
		FILE: Number of bytes written=4730433
		FILE: Number of read operations=0
		FILE: Number of large read operations=0
		FILE: Number of write operations=0
	Map-Reduce Framework
		Map input records=1
		Map output records=1
		Map output bytes=42
		Map output materialized bytes=50
		Input split bytes=523
		Combine input records=0
		Spilled Records=1
		Failed Shuffles=0
		Merged Map outputs=0
		GC time elapsed (ms)=0
		Total committed heap usage (bytes)=1011875840
	HIVE
		DESERIALIZE_ERRORS=0
		RECORDS_IN=1
		RECORDS_OUT_INTERMEDIATE=1
		RECORDS_OUT_OPERATOR_MAP_0=0
		RECORDS_OUT_OPERATOR_RS_6=1
		RECORDS_OUT_OPERATOR_SEL_5=1
		RECORDS_OUT_OPERATOR_TS_0=1
	File Input Format Counters 
		Bytes Read=9961
2024-04-24T04:53:25,066  INFO [LocalJobRunner Map Task Executor #0] mapred.LocalJobRunner: Finishing task: attempt_local764884753_0004_m_000002_0
2024-04-24T04:53:25,066  INFO [LocalJobRunner Map Task Executor #0] mapred.LocalJobRunner: Starting task: attempt_local764884753_0004_m_000003_0
2024-04-24T04:53:25,067  INFO [LocalJobRunner Map Task Executor #0] mapred.Task:  Using ResourceCalculatorProcessTree : [ ]
2024-04-24T04:53:25,068  INFO [LocalJobRunner Map Task Executor #0] mapred.MapTask: Processing split: org.apache.hadoop.hive.ql.io.orc.OrcInputFormat:OrcSplit [file:/home/alex/Repositories/hive/ql/target/tmp/org.apache.hadoop.hive.ql.TestTxnCommands3-1713959586346/warehouse/acid_uap/ds=today/delta_0000002_0000002_0000/bucket_00000_0, start=3, length=322, isOriginal=false, fileLength=697, hasFooter=false, hasBase=true, deltas=0]
2024-04-24T04:53:25,069  INFO [LocalJobRunner Map Task Executor #0] exec.SerializationUtilities: Deserializing MapWork using kryo
2024-04-24T04:53:25,070  INFO [LocalJobRunner Map Task Executor #0] exec.Utilities: Deserialized plan (via FILE) - name: null size: 6,99KB
2024-04-24T04:53:25,071  INFO [LocalJobRunner Map Task Executor #0] orc.VectorizedOrcAcidRowBatchReader: Read ValidWriteIdList: default.acid_uap:2:9223372036854775807:::OrcSplit [file:/home/alex/Repositories/hive/ql/target/tmp/org.apache.hadoop.hive.ql.TestTxnCommands3-1713959586346/warehouse/acid_uap/ds=today/delta_0000002_0000002_0000/bucket_00000_0, start=3, length=322, isOriginal=false, fileLength=697, hasFooter=false, hasBase=true, deltas=0]
2024-04-24T04:53:25,072  INFO [LocalJobRunner Map Task Executor #0] orc.ReaderImpl: Reading ORC rows from file:/home/alex/Repositories/hive/ql/target/tmp/org.apache.hadoop.hive.ql.TestTxnCommands3-1713959586346/warehouse/acid_uap/ds=today/delta_0000002_0000002_0000/bucket_00000_0 with {include: [true, true, true], offset: 3, length: 322, schema: struct<a:int,b:varchar(128)>, includeAcidColumns: true}
2024-04-24T04:53:25,074  INFO [LocalJobRunner Map Task Executor #0] mapred.MapTask: numReduceTasks: 1
2024-04-24T04:53:25,080  INFO [LocalJobRunner Map Task Executor #0] mapred.MapTask: (EQUATOR) 0 kvi 26214396(104857584)
2024-04-24T04:53:25,080  INFO [LocalJobRunner Map Task Executor #0] mapred.MapTask: mapreduce.task.io.sort.mb: 100
2024-04-24T04:53:25,080  INFO [LocalJobRunner Map Task Executor #0] mapred.MapTask: soft limit at 83886080
2024-04-24T04:53:25,080  INFO [LocalJobRunner Map Task Executor #0] mapred.MapTask: bufstart = 0; bufvoid = 104857600
2024-04-24T04:53:25,080  INFO [LocalJobRunner Map Task Executor #0] mapred.MapTask: kvstart = 26214396; length = 6553600
2024-04-24T04:53:25,081  INFO [LocalJobRunner Map Task Executor #0] mapred.MapTask: Map output collector class = org.apache.hadoop.mapred.MapTask$MapOutputBuffer
2024-04-24T04:53:25,081  INFO [LocalJobRunner Map Task Executor #0] vector.VectorMapOperator: Initializing Operator: MAP[0]
2024-04-24T04:53:25,082  INFO [LocalJobRunner Map Task Executor #0] mr.ExecMapper: 
<MAP>Id =0
  <Children>null
  <\Children>
  <Parent><\Parent>
<\MAP>
2024-04-24T04:53:25,083  INFO [LocalJobRunner Map Task Executor #0] exec.TableScanOperator: Initializing Operator: TS[0]
2024-04-24T04:53:25,083  INFO [LocalJobRunner Map Task Executor #0] vector.VectorSelectOperator: Initializing Operator: SEL[5]
2024-04-24T04:53:25,083  INFO [LocalJobRunner Map Task Executor #0] vector.VectorReduceSinkOperator: Initializing Operator: RS[6]
2024-04-24T04:53:25,083  INFO [LocalJobRunner Map Task Executor #0] vector.VectorReduceSinkOperator: Using tag = -1
2024-04-24T04:53:25,084  INFO [LocalJobRunner Map Task Executor #0] vector.VectorReduceSinkOperator: keys are [reducesinkkey0, reducesinkkey1, reducesinkkey2] num distributions: 3
2024-04-24T04:53:25,084  INFO [LocalJobRunner Map Task Executor #0] vector.VectorReduceSinkOperator: RS[6]: records written - 1
2024-04-24T04:53:25,084  INFO [LocalJobRunner Map Task Executor #0] vector.VectorMapOperator: Closing Operator: MAP[0]
2024-04-24T04:53:25,085  INFO [LocalJobRunner Map Task Executor #0] vector.VectorMapOperator: RECORDS_OUT_INTERMEDIATE:0, DESERIALIZE_ERRORS:0, RECORDS_OUT_OPERATOR_MAP_0:0, RECORDS_IN:1, 
2024-04-24T04:53:25,085  INFO [LocalJobRunner Map Task Executor #0] exec.TableScanOperator: Closing Operator: TS[0]
2024-04-24T04:53:25,085  INFO [LocalJobRunner Map Task Executor #0] exec.TableScanOperator: RECORDS_OUT_OPERATOR_TS_0:1, RECORDS_OUT_INTERMEDIATE:0, 
2024-04-24T04:53:25,085  INFO [LocalJobRunner Map Task Executor #0] vector.VectorSelectOperator: Closing Operator: SEL[5]
2024-04-24T04:53:25,085  INFO [LocalJobRunner Map Task Executor #0] vector.VectorSelectOperator: RECORDS_OUT_INTERMEDIATE:0, RECORDS_OUT_OPERATOR_SEL_5:1, 
2024-04-24T04:53:25,085  INFO [LocalJobRunner Map Task Executor #0] vector.VectorReduceSinkOperator: Closing Operator: RS[6]
2024-04-24T04:53:25,085  INFO [LocalJobRunner Map Task Executor #0] vector.VectorReduceSinkOperator: RS[6]: Total records written - 1. abort - false
2024-04-24T04:53:25,085  INFO [LocalJobRunner Map Task Executor #0] vector.VectorReduceSinkOperator: RECORDS_OUT_INTERMEDIATE:1, RECORDS_OUT_OPERATOR_RS_6:1, 
2024-04-24T04:53:25,086  INFO [LocalJobRunner Map Task Executor #0] mapred.LocalJobRunner: 
2024-04-24T04:53:25,086  INFO [LocalJobRunner Map Task Executor #0] mapred.MapTask: Starting flush of map output
2024-04-24T04:53:25,086  INFO [LocalJobRunner Map Task Executor #0] mapred.MapTask: Spilling map output
2024-04-24T04:53:25,086  INFO [LocalJobRunner Map Task Executor #0] mapred.MapTask: bufstart = 0; bufend = 39; bufvoid = 104857600
2024-04-24T04:53:25,086  INFO [LocalJobRunner Map Task Executor #0] mapred.MapTask: kvstart = 26214396(104857584); kvend = 26214396(104857584); length = 1/6553600
2024-04-24T04:53:25,095  INFO [LocalJobRunner Map Task Executor #0] mapred.MapTask: Finished spill 0
2024-04-24T04:53:25,099  INFO [LocalJobRunner Map Task Executor #0] mapred.Task: Task:attempt_local764884753_0004_m_000003_0 is done. And is in the process of committing
2024-04-24T04:53:25,100  INFO [LocalJobRunner Map Task Executor #0] mapred.LocalJobRunner: OrcSplit [file:/home/alex/Repositories/hive/ql/target/tmp/org.apache.hadoop.hive.ql.TestTxnCommands3-1713959586346/warehouse/acid_uap/ds=today/delta_0000002_0000002_0000/bucket_00000_0, start=3, length=322, isOriginal=false, fileLength=697, hasFooter=false, hasBase=true, deltas=0]
2024-04-24T04:53:25,100  INFO [LocalJobRunner Map Task Executor #0] mapred.Task: Task 'attempt_local764884753_0004_m_000003_0' done.
2024-04-24T04:53:25,100  INFO [LocalJobRunner Map Task Executor #0] mapred.Task: Final Counters for attempt_local764884753_0004_m_000003_0: Counters: 24
	File System Counters
		FILE: Number of bytes read=140456
		FILE: Number of bytes written=4730512
		FILE: Number of read operations=0
		FILE: Number of large read operations=0
		FILE: Number of write operations=0
	Map-Reduce Framework
		Map input records=1
		Map output records=1
		Map output bytes=39
		Map output materialized bytes=47
		Input split bytes=517
		Combine input records=0
		Spilled Records=1
		Failed Shuffles=0
		Merged Map outputs=0
		GC time elapsed (ms)=0
		Total committed heap usage (bytes)=1011875840
	HIVE
		DESERIALIZE_ERRORS=0
		RECORDS_IN=1
		RECORDS_OUT_INTERMEDIATE=1
		RECORDS_OUT_OPERATOR_MAP_0=0
		RECORDS_OUT_OPERATOR_RS_6=1
		RECORDS_OUT_OPERATOR_SEL_5=1
		RECORDS_OUT_OPERATOR_TS_0=1
	File Input Format Counters 
		Bytes Read=9929
2024-04-24T04:53:25,100  INFO [LocalJobRunner Map Task Executor #0] mapred.LocalJobRunner: Finishing task: attempt_local764884753_0004_m_000003_0
2024-04-24T04:53:25,100  INFO [Thread-310] mapred.LocalJobRunner: map task executor complete.
2024-04-24T04:53:25,101  INFO [Thread-310] mapred.LocalJobRunner: Waiting for reduce tasks
2024-04-24T04:53:25,101  INFO [pool-24-thread-1] mapred.LocalJobRunner: Starting task: attempt_local764884753_0004_r_000000_0
2024-04-24T04:53:25,103  INFO [pool-24-thread-1] mapred.Task:  Using ResourceCalculatorProcessTree : [ ]
2024-04-24T04:53:25,103  INFO [pool-24-thread-1] mapred.ReduceTask: Using ShuffleConsumerPlugin: org.apache.hadoop.mapreduce.task.reduce.Shuffle@1e0a7812
2024-04-24T04:53:25,103  WARN [pool-24-thread-1] impl.MetricsSystemImpl: JobTracker metrics system already initialized!
2024-04-24T04:53:25,104  INFO [pool-24-thread-1] reduce.MergeManagerImpl: MergerManager: memoryLimit=1336252800, maxSingleShuffleLimit=334063200, mergeThreshold=881926912, ioSortFactor=10, memToMemMergeOutputsThreshold=10
2024-04-24T04:53:25,105  INFO [EventFetcher for fetching Map Completion Events] reduce.EventFetcher: attempt_local764884753_0004_r_000000_0 Thread started: EventFetcher for fetching Map Completion Events
2024-04-24T04:53:25,108  INFO [localfetcher#6] reduce.LocalFetcher: localfetcher#6 about to shuffle output of map attempt_local764884753_0004_m_000001_0 decomp: 43 len: 47 to MEMORY
2024-04-24T04:53:25,108  INFO [localfetcher#6] reduce.InMemoryMapOutput: Read 43 bytes from map-output for attempt_local764884753_0004_m_000001_0
2024-04-24T04:53:25,108  INFO [localfetcher#6] reduce.MergeManagerImpl: closeInMemoryFile -> map-output of size: 43, inMemoryMapOutputs.size() -> 1, commitMemory -> 0, usedMemory ->43
2024-04-24T04:53:25,111  INFO [localfetcher#6] reduce.LocalFetcher: localfetcher#6 about to shuffle output of map attempt_local764884753_0004_m_000000_0 decomp: 46 len: 50 to MEMORY
2024-04-24T04:53:25,111  INFO [localfetcher#6] reduce.InMemoryMapOutput: Read 46 bytes from map-output for attempt_local764884753_0004_m_000000_0
2024-04-24T04:53:25,111  INFO [localfetcher#6] reduce.MergeManagerImpl: closeInMemoryFile -> map-output of size: 46, inMemoryMapOutputs.size() -> 2, commitMemory -> 43, usedMemory ->89
2024-04-24T04:53:25,113  INFO [localfetcher#6] reduce.LocalFetcher: localfetcher#6 about to shuffle output of map attempt_local764884753_0004_m_000002_0 decomp: 46 len: 50 to MEMORY
2024-04-24T04:53:25,114  INFO [localfetcher#6] reduce.InMemoryMapOutput: Read 46 bytes from map-output for attempt_local764884753_0004_m_000002_0
2024-04-24T04:53:25,114  INFO [localfetcher#6] reduce.MergeManagerImpl: closeInMemoryFile -> map-output of size: 46, inMemoryMapOutputs.size() -> 3, commitMemory -> 89, usedMemory ->135
2024-04-24T04:53:25,116  INFO [localfetcher#6] reduce.LocalFetcher: localfetcher#6 about to shuffle output of map attempt_local764884753_0004_m_000003_0 decomp: 43 len: 47 to MEMORY
2024-04-24T04:53:25,116  INFO [localfetcher#6] reduce.InMemoryMapOutput: Read 43 bytes from map-output for attempt_local764884753_0004_m_000003_0
2024-04-24T04:53:25,116  INFO [localfetcher#6] reduce.MergeManagerImpl: closeInMemoryFile -> map-output of size: 43, inMemoryMapOutputs.size() -> 4, commitMemory -> 135, usedMemory ->178
2024-04-24T04:53:25,117  INFO [EventFetcher for fetching Map Completion Events] reduce.EventFetcher: EventFetcher is interrupted.. Returning
2024-04-24T04:53:25,117  INFO [pool-24-thread-1] mapred.LocalJobRunner: 4 / 4 copied.
2024-04-24T04:53:25,117  INFO [pool-24-thread-1] reduce.MergeManagerImpl: finalMerge called with 4 in-memory map-outputs and 0 on-disk map-outputs
2024-04-24T04:53:25,124  INFO [pool-24-thread-1] mapred.Merger: Merging 4 sorted segments
2024-04-24T04:53:25,124  INFO [pool-24-thread-1] mapred.Merger: Down to the last merge-pass, with 4 segments left of total size: 76 bytes
2024-04-24T04:53:25,127  INFO [pool-24-thread-1] reduce.MergeManagerImpl: Merged 4 segments, 178 bytes to disk to satisfy reduce memory limit
2024-04-24T04:53:25,127  INFO [pool-24-thread-1] reduce.MergeManagerImpl: Merging 1 files, 176 bytes from disk
2024-04-24T04:53:25,127  INFO [pool-24-thread-1] reduce.MergeManagerImpl: Merging 0 segments, 0 bytes from memory into reduce
2024-04-24T04:53:25,127  INFO [pool-24-thread-1] mapred.Merger: Merging 1 sorted segments
2024-04-24T04:53:25,127  INFO [pool-24-thread-1] mapred.Merger: Down to the last merge-pass, with 1 segments left of total size: 148 bytes
2024-04-24T04:53:25,128  INFO [pool-24-thread-1] mapred.LocalJobRunner: 4 / 4 copied.
2024-04-24T04:53:25,128  INFO [pool-24-thread-1] exec.SerializationUtilities: Deserializing ReduceWork using kryo
2024-04-24T04:53:25,130  INFO [pool-24-thread-1] exec.Utilities: Deserialized plan (via FILE) - name: null size: 7,62KB
2024-04-24T04:53:25,131  INFO [pool-24-thread-1] ExecReducer: 
<SEL>Id =3
  <Children>
    <FS>Id =4
      <Children>
      <\Children>
      <Parent>Id = 3 null<\Parent>
    <\FS>
  <\Children>
  <Parent><\Parent>
<\SEL>
2024-04-24T04:53:25,131  INFO [pool-24-thread-1] exec.SelectOperator: Initializing Operator: SEL[3]
2024-04-24T04:53:25,131  INFO [pool-24-thread-1] exec.SelectOperator: SELECT struct<key:struct<reducesinkkey0:string,reducesinkkey1:int,reducesinkkey2:varchar(128)>,value:struct<_col0:struct<writeid:bigint,bucketid:int,rowid:bigint>>>
2024-04-24T04:53:25,132  INFO [pool-24-thread-1] exec.FileSinkOperator: Initializing Operator: FS[4]
2024-04-24T04:53:25,132  INFO [pool-24-thread-1] exec.FileSinkOperator: Using serializer : class org.apache.hadoop.hive.serde2.lazy.LazySimpleSerDe [serdeParams=org.apache.hadoop.hive.serde2.lazy.LazySerDeParameters@7f0b343f, cachedObjectInspector=org.apache.hadoop.hive.serde2.lazy.objectinspector.LazySimpleStructObjectInspector<org.apache.hadoop.hive.serde2.lazy.objectinspector.LazySimpleStructObjectInspector<org.apache.hadoop.hive.serde2.lazy.objectinspector.primitive.LazyLongObjectInspector@3f8961fc,org.apache.hadoop.hive.serde2.lazy.objectinspector.primitive.LazyIntObjectInspector@2e8417ea,org.apache.hadoop.hive.serde2.lazy.objectinspector.primitive.LazyLongObjectInspector@3f8961fc>,org.apache.hadoop.hive.serde2.lazy.objectinspector.primitive.LazyIntObjectInspector@2e8417ea,varchar(128),org.apache.hadoop.hive.serde2.lazy.objectinspector.primitive.LazyStringObjectInspector@67726dd1>, serializedSize=0, stats=org.apache.hadoop.hive.serde2.SerDeStats@707f3a2c, lastOperationSerialize=false, lastOperationDeserialize=false [1, 2, 3, 4, 5, 6, 7, 8, 11, 14, 15, 16, 17, 18, 19, 20, 21, 22, 23, 24, 25, 26, 28, 29, 30, 31, -128, -127, -126, -125, -124, -123, -122, -121, -120, -119, -118, -117, -116, -115, -114, -113, -112, -111, -110, -109, -108, -107, -106, -105, -104, -103, -102, -101, -100, -99, -98, -97, -96, -95, -94, -93, -92, -91, -90, -89, -88, -87, -86, -85, -84, -83, -82, -81, -80, -79, -78, -77, -76, -75, -74, -73, -72, -71, -70, -69, -68, -67, -66, -65, -64, -63, -62, -61, -60, -59, -58, -57, -56, -55, -54, -53, -52, -51, -50, -49, -48, -47, -46, -45, -44, -43, -42, -41, -40, -39, -38, -37, -36, -35, -34, -33, -32, -31, -30, -29, -28, -27, -26, -25, -24, -23, -22, -21, -20, -19, -18, -17, -16, -15, -14, -13, -12, -11, -10, -9, -8, -7, -6, -5, -4, -3, -2, -1] : [_col0, _col1, _col2, _col3] : [struct<writeid:bigint,bucketid:int,rowid:bigint>, int, varchar(128), string]] and formatter : org.apache.hadoop.hive.ql.io.HiveSequenceFileOutputFormat@70a6877d
2024-04-24T04:53:25,133  INFO [pool-24-thread-1] exec.FileSinkOperator: Final Path: FS file:/home/alex/Repositories/hive/ql/target/tmp/localscratchdir/2e9ea6e1-a13e-47ab-948d-27986a04afa9/hive_2024-04-24_04-53-24_498_4117046540898157156-1/-mr-10001/.hive-staging_hive_2024-04-24_04-53-24_498_4117046540898157156-1/_tmp.-ext-10002/000000_0
2024-04-24T04:53:25,133  INFO [pool-24-thread-1] exec.FileSinkOperator: Writing to temp file: FS file:/home/alex/Repositories/hive/ql/target/tmp/localscratchdir/2e9ea6e1-a13e-47ab-948d-27986a04afa9/hive_2024-04-24_04-53-24_498_4117046540898157156-1/-mr-10001/.hive-staging_hive_2024-04-24_04-53-24_498_4117046540898157156-1/_task_tmp.-ext-10002/_tmp.000000_0
2024-04-24T04:53:25,133  INFO [pool-24-thread-1] exec.FileSinkOperator: New Final Path: FS file:/home/alex/Repositories/hive/ql/target/tmp/localscratchdir/2e9ea6e1-a13e-47ab-948d-27986a04afa9/hive_2024-04-24_04-53-24_498_4117046540898157156-1/-mr-10001/.hive-staging_hive_2024-04-24_04-53-24_498_4117046540898157156-1/_tmp.-ext-10002/000000_0
2024-04-24T04:53:25,143  INFO [pool-24-thread-1] exec.FileSinkOperator: FS[4]: records written - 1
2024-04-24T04:53:25,143  INFO [pool-24-thread-1] exec.SelectOperator: Closing Operator: SEL[3]
2024-04-24T04:53:25,143  INFO [pool-24-thread-1] exec.SelectOperator: RECORDS_OUT_OPERATOR_SEL_3:4, RECORDS_OUT_INTERMEDIATE:0, 
2024-04-24T04:53:25,143  INFO [pool-24-thread-1] exec.FileSinkOperator: Closing Operator: FS[4]
2024-04-24T04:53:25,143  INFO [pool-24-thread-1] exec.FileSinkOperator: FS[4]: records written - 4
2024-04-24T04:53:25,144  INFO [pool-24-thread-1] exec.FileSinkOperator: RECORDS_OUT_0:4, RECORDS_OUT_OPERATOR_FS_4:4, RECORDS_OUT_INTERMEDIATE:0, 
2024-04-24T04:53:25,144  INFO [pool-24-thread-1] mapred.Task: Task:attempt_local764884753_0004_r_000000_0 is done. And is in the process of committing
2024-04-24T04:53:25,145  INFO [pool-24-thread-1] mapred.LocalJobRunner: reduce > reduce
2024-04-24T04:53:25,145  INFO [pool-24-thread-1] mapred.Task: Task 'attempt_local764884753_0004_r_000000_0' done.
2024-04-24T04:53:25,145  INFO [pool-24-thread-1] mapred.Task: Final Counters for attempt_local764884753_0004_r_000000_0: Counters: 29
	File System Counters
		FILE: Number of bytes read=148641
		FILE: Number of bytes written=4730945
		FILE: Number of read operations=0
		FILE: Number of large read operations=0
		FILE: Number of write operations=0
	Map-Reduce Framework
		Combine input records=0
		Combine output records=0
		Reduce input groups=4
		Reduce shuffle bytes=194
		Reduce input records=4
		Reduce output records=0
		Spilled Records=4
		Shuffled Maps =4
		Failed Shuffles=0
		Merged Map outputs=4
		GC time elapsed (ms)=0
		Total committed heap usage (bytes)=1011875840
	HIVE
		CREATED_FILES=1
		RECORDS_OUT_0=4
		RECORDS_OUT_INTERMEDIATE=0
		RECORDS_OUT_OPERATOR_FS_4=4
		RECORDS_OUT_OPERATOR_SEL_3=4
	Shuffle Errors
		BAD_ID=0
		CONNECTION=0
		IO_ERROR=0
		WRONG_LENGTH=0
		WRONG_MAP=0
		WRONG_REDUCE=0
	File Output Format Counters 
		Bytes Written=0
2024-04-24T04:53:25,145  INFO [pool-24-thread-1] mapred.LocalJobRunner: Finishing task: attempt_local764884753_0004_r_000000_0
2024-04-24T04:53:25,145  INFO [Thread-310] mapred.LocalJobRunner: reduce task executor complete.
2024-04-24 04:53:25,962 Stage-1 map = 100%,  reduce = 100%
2024-04-24T04:53:25,962  INFO [main] exec.Task: 2024-04-24 04:53:25,962 Stage-1 map = 100%,  reduce = 100%
Ended Job = job_local764884753_0004
2024-04-24T04:53:25,963  INFO [main] exec.Task: Ended Job = job_local764884753_0004
2024-04-24T04:53:25,967  INFO [main] metadata.Hive: Dumping metastore api call timing information for : execution phase
2024-04-24T04:53:25,967  INFO [main] metadata.Hive: Total time spent in each metastore function (ms): {}
MapReduce Jobs Launched: 
2024-04-24T04:53:25,967  INFO [main] ql.Driver: MapReduce Jobs Launched: 
Stage-Stage-1:  HDFS Read: 0 HDFS Write: 0 SUCCESS
2024-04-24T04:53:25,967  INFO [main] ql.Driver: Stage-Stage-1:  HDFS Read: 0 HDFS Write: 0 SUCCESS
Total MapReduce CPU Time Spent: 0 msec
2024-04-24T04:53:25,967  INFO [main] ql.Driver: Total MapReduce CPU Time Spent: 0 msec
2024-04-24T04:53:25,967  INFO [main] ql.Driver: Completed executing command(queryId=alex_20240424045324_361b831f-2da7-4c6b-9f24-9ac29eedc114); Time taken: 1.291 seconds
2024-04-24T04:53:25,968  INFO [main] lockmgr.DbTxnManager: Stopped heartbeat for query: alex_20240424045324_361b831f-2da7-4c6b-9f24-9ac29eedc114
2024-04-24T04:53:25,972  INFO [main] txn.TxnHandler: Expected to move at least one record from txn_components to completed_txn_components when committing txn! txnid:18
2024-04-24T04:53:25,979  INFO [main] txn.TxnHandler: Removed transactions: ([18]) from MIN_HISTORY_LEVEL
2024-04-24T04:53:25,979  WARN [main] txn.CompactionTxnHandler: No compaction queue record found for Compaction type transaction commit. txnId:18
2024-04-24T04:53:25,984  INFO [main] mapred.FileInputFormat: Total input files to process : 1
2024-04-24T04:53:25,986  INFO [main] exec.ListSinkOperator: Closing Operator: LIST_SINK[7]
2024-04-24T04:53:25,986  INFO [main] exec.ListSinkOperator: RECORDS_OUT_INTERMEDIATE:0, RECORDS_OUT_OPERATOR_LIST_SINK_7:4, 
2024-04-24T04:53:25,986  WARN [main] ql.TestTxnCommands3: testSdpoBucketed: read data(after insert vect): 
2024-04-24T04:53:25,986  INFO [main] ql.TestTxnCommands3: {"writeid":2,"bucketid":536936448,"rowid":0}	1	bah	today
{"writeid":2,"bucketid":536870912,"rowid":0}	2	yah	today
{"writeid":1,"bucketid":536936448,"rowid":0}	1	bah	tomorrow
{"writeid":1,"bucketid":536870912,"rowid":0}	2	yah	tomorrow

2024-04-24T04:53:25,986  INFO [main] ql.TxnCommandsBaseForTests: Running the query: EXPLAIN VECTORIZATION DETAIL select ROW__ID, a, b, ds from acid_uap order by ds, a, b
2024-04-24T04:53:25,986  INFO [main] ql.Context: Deleting scratch dir: file:/home/alex/Repositories/hive/ql/target/tmp/localscratchdir/2e9ea6e1-a13e-47ab-948d-27986a04afa9/hive_2024-04-24_04-53-24_498_4117046540898157156-1
2024-04-24T04:53:25,987  INFO [main] cleanup.SyncCleanupService: Deleted directory: file:/home/alex/Repositories/hive/ql/target/tmp/localscratchdir/2e9ea6e1-a13e-47ab-948d-27986a04afa9/hive_2024-04-24_04-53-24_498_4117046540898157156-1 on fs with scheme file
2024-04-24T04:53:25,987  INFO [main] ql.Driver: Compiling command(queryId=alex_20240424045325_6d78bf34-81b0-4883-ac85-4417fedde5c9): EXPLAIN VECTORIZATION DETAIL select ROW__ID, a, b, ds from acid_uap order by ds, a, b
2024-04-24T04:53:25,992  INFO [main] txn.TxnHandler: Added entries to MIN_HISTORY_LEVEL for current txns: ([19]) with min_open_txn: 19
2024-04-24T04:53:25,993  INFO [main] lockmgr.DbTxnManager: Opened txnid:19
2024-04-24T04:53:25,994  INFO [main] parse.CalcitePlanner: Starting Semantic Analysis
2024-04-24T04:53:25,997  INFO [main] parse.CalcitePlanner: Completed phase 1 of Semantic Analysis
2024-04-24T04:53:25,997  INFO [main] parse.CalcitePlanner: Get metadata for source tables
2024-04-24T04:53:25,998  INFO [main] HiveMetaStore.audit: ugi=alex	ip=unknown-ip-addr	cmd=get_table : tbl=hive.default.acid_uap	
2024-04-24T04:53:26,006  INFO [main] metastore.HMSHandler: Skipping translation for processor with null
2024-04-24T04:53:26,006  INFO [main] parse.CalcitePlanner: Get metadata for subqueries
2024-04-24T04:53:26,006  INFO [main] parse.CalcitePlanner: Get metadata for destination tables
2024-04-24T04:53:26,007  INFO [main] parse.CalcitePlanner: Completed getting MetaData in Semantic Analysis
2024-04-24T04:53:26,019  INFO [main] HiveMetaStore.audit: ugi=alex	ip=unknown-ip-addr	cmd=get_all_table_constraints : tbl=hive.default.acid_uap	
2024-04-24T04:53:26,032  INFO [main] calcite.RelOptHiveTable: Calculating column statistics for default.acid_uap, projIndxSet: [0, 1, 2], allowMissingStats: true
2024-04-24T04:53:26,032  INFO [main] HiveMetaStore.audit: ugi=alex	ip=unknown-ip-addr	cmd=get_partitions : tbl=hive.default.acid_uap	
2024-04-24T04:53:26,043  INFO [main] HiveMetaStore.audit: ugi=alex	ip=unknown-ip-addr	cmd=get_table : tbl=hive.default.acid_uap	
2024-04-24T04:53:26,053  INFO [main] metastore.HMSHandler: Skipping translation for processor with null
2024-04-24T04:53:26,054  INFO [main] HiveMetaStore.audit: ugi=alex	ip=unknown-ip-addr	cmd=get_aggr_stats_for: table=hive.default.acid_uap	
2024-04-24T04:53:26,065  WARN [main] calcite.RelOptHiveTable: No Stats for default@acid_uap, Columns: b, a
No Stats for default@acid_uap, Columns: b, a
2024-04-24T04:53:26,065  INFO [main] SessionState: No Stats for default@acid_uap, Columns: b, a
2024-04-24T04:53:26,117  INFO [main] parse.CalcitePlanner: Get metadata for source tables
2024-04-24T04:53:26,117  INFO [main] parse.CalcitePlanner: Get metadata for subqueries
2024-04-24T04:53:26,117  INFO [main] parse.CalcitePlanner: Get metadata for destination tables
2024-04-24T04:53:26,119  INFO [main] parse.CalcitePlanner: CBO Succeeded; optimized logical plan.
2024-04-24T04:53:26,123  INFO [main] optimizer.ColumnPrunerProcFactory: RS 2 oldColExprMap: {KEY.reducesinkkey1=Column[_col1], KEY.reducesinkkey2=Column[_col2], KEY.reducesinkkey0=Column[_col3], VALUE._col0=Column[_col0]}
2024-04-24T04:53:26,123  INFO [main] optimizer.ColumnPrunerProcFactory: RS 2 newColExprMap: {KEY.reducesinkkey1=Column[_col1], KEY.reducesinkkey0=Column[_col3], VALUE._col0=Column[_col0], KEY.reducesinkkey2=Column[_col2]}
2024-04-24T04:53:26,141  INFO [main] optimizer.SortedDynPartitionOptimizer: Sorted dynamic partitioning optimization kicked in..
2024-04-24T04:53:26,151  INFO [main] physical.Vectorizer: Examining input format to see if vectorization is enabled.
2024-04-24T04:53:26,152  INFO [main] physical.Vectorizer: Vectorization is enabled for input format(s) [org.apache.hadoop.hive.ql.io.orc.OrcInputFormat]
2024-04-24T04:53:26,152  INFO [main] physical.Vectorizer: Validating and vectorizing MapWork... (vectorizedVertexNum 0)
2024-04-24T04:53:26,153  INFO [main] physical.Vectorizer: Map vectorization enabled: true
2024-04-24T04:53:26,153  INFO [main] physical.Vectorizer: Map vectorized: true
2024-04-24T04:53:26,153  INFO [main] physical.Vectorizer: Map vectorizedVertexNum: 0
2024-04-24T04:53:26,153  INFO [main] physical.Vectorizer: Map enabledConditionsMet: [hive.vectorized.use.vectorized.input.format IS true]
2024-04-24T04:53:26,153  INFO [main] physical.Vectorizer: Map inputFileFormatClassNameSet: [org.apache.hadoop.hive.ql.io.orc.OrcInputFormat]
2024-04-24T04:53:26,153  INFO [main] physical.Vectorizer: Reduce vectorization enabled: false
2024-04-24T04:53:26,153  INFO [main] physical.Vectorizer: Reduce vectorized: false
2024-04-24T04:53:26,153  INFO [main] physical.Vectorizer: Reduce vectorizedVertexNum: 1
2024-04-24T04:53:26,153  INFO [main] physical.Vectorizer: Reducer hive.vectorized.execution.reduce.enabled: true
2024-04-24T04:53:26,153  INFO [main] physical.Vectorizer: Reducer engine: mr
2024-04-24T04:53:26,153  INFO [main] parse.CalcitePlanner: Completed plan generation
2024-04-24T04:53:26,155  INFO [main] ql.Driver: Semantic Analysis Completed (retrial = false)
2024-04-24T04:53:26,155  INFO [main] ql.Driver: Created Hive schema: Schema(fieldSchemas:[FieldSchema(name:Explain, type:string, comment:null)], properties:null)
2024-04-24T04:53:26,155  INFO [main] metadata.Hive: Dumping metastore api call timing information for : compilation phase
2024-04-24T04:53:26,155  INFO [main] metadata.Hive: Total time spent in each metastore function (ms): {getAggrColStatsFor_(String, String, List, List, String, String)=21, getTable_(GetTableRequest)=8, getValidTxns_(long)=1, getAllTableConstraints_(AllTableConstraintsRequest)=6, getValidWriteIds_(List, String)=5, flushCache_()=0, openTxn_(String, TxnType)=3, isCompatibleWith_(Configuration)=0, commitTxn_(CommitTxnRequest)=12, listPartitions_(String, String, short)=11}
2024-04-24T04:53:26,156  INFO [main] ql.Driver: Completed compiling command(queryId=alex_20240424045325_6d78bf34-81b0-4883-ac85-4417fedde5c9); Time taken: 0.168 seconds
2024-04-24T04:53:26,156  INFO [main] ql.Driver: Executing command(queryId=alex_20240424045325_6d78bf34-81b0-4883-ac85-4417fedde5c9): EXPLAIN VECTORIZATION DETAIL select ROW__ID, a, b, ds from acid_uap order by ds, a, b
2024-04-24T04:53:26,156  INFO [main] ql.Driver: Starting task [Stage-2:EXPLAIN] in serial mode
2024-04-24T04:53:26,184  INFO [main] metadata.Hive: Dumping metastore api call timing information for : execution phase
2024-04-24T04:53:26,184  INFO [main] metadata.Hive: Total time spent in each metastore function (ms): {}
2024-04-24T04:53:26,185  INFO [main] ql.Driver: Completed executing command(queryId=alex_20240424045325_6d78bf34-81b0-4883-ac85-4417fedde5c9); Time taken: 0.028 seconds
2024-04-24T04:53:26,185  INFO [main] lockmgr.DbTxnManager: Stopped heartbeat for query: null
2024-04-24T04:53:26,192  INFO [main] txn.TxnHandler: Expected to move at least one record from txn_components to completed_txn_components when committing txn! txnid:19
2024-04-24T04:53:26,200  INFO [main] txn.TxnHandler: Removed transactions: ([19]) from MIN_HISTORY_LEVEL
2024-04-24T04:53:26,200  WARN [main] txn.CompactionTxnHandler: No compaction queue record found for Compaction type transaction commit. txnId:19
2024-04-24T04:53:26,203  INFO [main] ql.TxnCommandsBaseForTests: Running the query: update acid_uap set b = 'fred'
2024-04-24T04:53:26,203  INFO [main] ql.Context: Deleting scratch dir: file:/home/alex/Repositories/hive/ql/target/tmp/localscratchdir/2e9ea6e1-a13e-47ab-948d-27986a04afa9/hive_2024-04-24_04-53-25_987_2881828569099367434-1
2024-04-24T04:53:26,203  INFO [main] cleanup.SyncCleanupService: Deleted directory: file:/home/alex/Repositories/hive/ql/target/tmp/localscratchdir/2e9ea6e1-a13e-47ab-948d-27986a04afa9/hive_2024-04-24_04-53-25_987_2881828569099367434-1 on fs with scheme file
2024-04-24T04:53:26,204  INFO [main] ql.Driver: Compiling command(queryId=alex_20240424045326_f9b13d14-4b7c-4f99-9a5c-f2437ce1a249): update acid_uap set b = 'fred'
2024-04-24T04:53:26,208  INFO [main] txn.TxnHandler: Added entries to MIN_HISTORY_LEVEL for current txns: ([20]) with min_open_txn: 19
2024-04-24T04:53:26,208  INFO [main] lockmgr.DbTxnManager: Opened txnid:20
2024-04-24T04:53:26,210  INFO [main] parse.UpdateDeleteSemanticAnalyzer: Starting caching scope for: 
2024-04-24T04:53:26,210  INFO [main] HiveMetaStore.audit: ugi=alex	ip=unknown-ip-addr	cmd=get_table : tbl=hive.default.acid_uap	
2024-04-24T04:53:26,218  INFO [main] metastore.HMSHandler: Skipping translation for processor with null
2024-04-24T04:53:26,219  INFO [main] parse.RewriteSemanticAnalyzer: Going to reparse <update acid_uap set b = 'fred'> as 
<insert into table `default`.`acid_uap` partition (`ds`) select ROW__ID,`a`,`b`, `ds` from `default`.`acid_uap` sort by ROW__ID >
2024-04-24T04:53:26,221  INFO [main] parse.UpdateDeleteSemanticAnalyzer: Starting Semantic Analysis
2024-04-24T04:53:26,225  INFO [main] HiveMetaStore.audit: ugi=alex	ip=unknown-ip-addr	cmd=get_table : tbl=hive.default.acid_uap	
2024-04-24T04:53:26,233  INFO [main] metastore.HMSHandler: Skipping translation for processor with null
2024-04-24T04:53:26,233  INFO [main] parse.UpdateDeleteSemanticAnalyzer: Completed phase 1 of Semantic Analysis
2024-04-24T04:53:26,233  INFO [main] parse.UpdateDeleteSemanticAnalyzer: Get metadata for source tables
2024-04-24T04:53:26,234  INFO [main] parse.UpdateDeleteSemanticAnalyzer: Get metadata for subqueries
2024-04-24T04:53:26,234  INFO [main] parse.UpdateDeleteSemanticAnalyzer: Get metadata for destination tables
2024-04-24T04:53:26,234  INFO [main] HiveMetaStore.audit: ugi=alex	ip=unknown-ip-addr	cmd=get_table : tbl=hive.default.acid_uap	
2024-04-24T04:53:26,243  INFO [main] metastore.HMSHandler: Skipping translation for processor with null
2024-04-24T04:53:26,243  WARN [main] parse.BaseSemanticAnalyzer: Dynamic partitioning is used; only validating 0 columns
2024-04-24T04:53:26,243  INFO [main] parse.UpdateDeleteSemanticAnalyzer: Completed getting MetaData in Semantic Analysis
2024-04-24T04:53:26,243  INFO [main] parse.UpdateDeleteSemanticAnalyzer: Disabling LLAP IO encode as ETL query is detected
2024-04-24T04:53:26,256  INFO [main] HiveMetaStore.audit: ugi=alex	ip=unknown-ip-addr	cmd=get_all_table_constraints : tbl=hive.default.acid_uap	
2024-04-24T04:53:26,265  INFO [main] HiveMetaStore.audit: ugi=alex	ip=unknown-ip-addr	cmd=get_not_null_constraints : tbl=hive.default.acid_uap	
2024-04-24T04:53:26,266  INFO [main] HiveMetaStore.audit: ugi=alex	ip=unknown-ip-addr	cmd=get_check_constraints : tbl=hive.default.acid_uap	
2024-04-24T04:53:26,343  INFO [main] calcite.RelOptHiveTable: Calculating column statistics for default.acid_uap, projIndxSet: [0, 2], allowMissingStats: true
2024-04-24T04:53:26,343  INFO [main] HiveMetaStore.audit: ugi=alex	ip=unknown-ip-addr	cmd=get_partitions : tbl=hive.default.acid_uap	
2024-04-24T04:53:26,354  INFO [main] HiveMetaStore.audit: ugi=alex	ip=unknown-ip-addr	cmd=get_table : tbl=hive.default.acid_uap	
2024-04-24T04:53:26,366  INFO [main] metastore.HMSHandler: Skipping translation for processor with null
2024-04-24T04:53:26,366  INFO [main] HiveMetaStore.audit: ugi=alex	ip=unknown-ip-addr	cmd=get_aggr_stats_for: table=hive.default.acid_uap	
2024-04-24T04:53:26,383  WARN [main] calcite.RelOptHiveTable: No Stats for default@acid_uap, Columns: a
No Stats for default@acid_uap, Columns: a
2024-04-24T04:53:26,383  INFO [main] SessionState: No Stats for default@acid_uap, Columns: a
2024-04-24T04:53:26,434  INFO [main] parse.UpdateDeleteSemanticAnalyzer: Get metadata for source tables
2024-04-24T04:53:26,434  INFO [main] parse.UpdateDeleteSemanticAnalyzer: Get metadata for subqueries
2024-04-24T04:53:26,434  INFO [main] parse.UpdateDeleteSemanticAnalyzer: Get metadata for destination tables
2024-04-24T04:53:26,435  INFO [main] HiveMetaStore.audit: ugi=alex	ip=unknown-ip-addr	cmd=get_table : tbl=hive.default.acid_uap	
2024-04-24T04:53:26,443  INFO [main] metastore.HMSHandler: Skipping translation for processor with null
2024-04-24T04:53:26,444  WARN [main] parse.BaseSemanticAnalyzer: Dynamic partitioning is used; only validating 0 columns
2024-04-24T04:53:26,451 ERROR [main] parse.UpdateDeleteSemanticAnalyzer: CBO failed, skipping CBO. 
org.apache.hadoop.hive.ql.exec.NoMatchingMethodException: No matching method for class org.apache.hadoop.hive.ql.udf.UDFToInteger with (struct<writeid:bigint,bucketid:int,rowid:bigint>). Possible choices: _FUNC_(bigint)  _FUNC_(boolean)  _FUNC_(decimal(38,18))  _FUNC_(double)  _FUNC_(float)  _FUNC_(smallint)  _FUNC_(string)  _FUNC_(struct<bucketid:bigint,writeid:bigint,rowid:int>)  _FUNC_(timestamp)  _FUNC_(tinyint)  _FUNC_(void)  
	at org.apache.hadoop.hive.ql.exec.MethodUtils.getMethodInternal(MethodUtils.java:130) ~[classes/:?]
	at org.apache.hadoop.hive.ql.exec.MethodUtils.getMethodInternal(MethodUtils.java:60) ~[classes/:?]
	at org.apache.hadoop.hive.ql.exec.DefaultUDFMethodResolver.getEvalMethod(DefaultUDFMethodResolver.java:59) ~[classes/:?]
	at org.apache.hadoop.hive.ql.udf.TimestampCastRestrictorResolver.getEvalMethod(TimestampCastRestrictorResolver.java:68) ~[classes/:?]
	at org.apache.hadoop.hive.ql.udf.generic.GenericUDFBridge.initialize(GenericUDFBridge.java:168) ~[classes/:?]
	at org.apache.hadoop.hive.ql.udf.generic.GenericUDF.initializeAndFoldConstants(GenericUDF.java:149) ~[classes/:?]
	at org.apache.hadoop.hive.ql.plan.ExprNodeGenericFuncDesc.newInstance(ExprNodeGenericFuncDesc.java:235) ~[classes/:?]
	at org.apache.hadoop.hive.ql.parse.type.ExprNodeDescExprFactory.createFuncCallExpr(ExprNodeDescExprFactory.java:584) ~[classes/:?]
	at org.apache.hadoop.hive.ql.parse.type.ExprNodeDescExprFactory.createFuncCallExpr(ExprNodeDescExprFactory.java:97) ~[classes/:?]
	at org.apache.hadoop.hive.ql.parse.type.TypeCheckProcFactory$DefaultExprProcessor.getFuncExprNodeDescWithUdfData(TypeCheckProcFactory.java:762) ~[classes/:?]
	at org.apache.hadoop.hive.ql.parse.type.TypeCheckProcFactory$DefaultExprProcessor.createConversionCast(TypeCheckProcFactory.java:783) ~[classes/:?]
	at org.apache.hadoop.hive.ql.parse.SemanticAnalyzer.getPartitionColsFromBucketColsForUpdateDelete(SemanticAnalyzer.java:8725) ~[classes/:?]
	at org.apache.hadoop.hive.ql.parse.SemanticAnalyzer.genBucketingSortingDest(SemanticAnalyzer.java:6906) ~[classes/:?]
	at org.apache.hadoop.hive.ql.parse.SemanticAnalyzer.genFileSinkPlan(SemanticAnalyzer.java:7335) ~[classes/:?]
	at org.apache.hadoop.hive.ql.parse.SemanticAnalyzer.genPostGroupByBodyPlan(SemanticAnalyzer.java:11063) ~[classes/:?]
	at org.apache.hadoop.hive.ql.parse.SemanticAnalyzer.genBodyPlan(SemanticAnalyzer.java:10938) ~[classes/:?]
	at org.apache.hadoop.hive.ql.parse.SemanticAnalyzer.genPlan(SemanticAnalyzer.java:11853) ~[classes/:?]
	at org.apache.hadoop.hive.ql.parse.SemanticAnalyzer.genPlan(SemanticAnalyzer.java:11723) ~[classes/:?]
	at org.apache.hadoop.hive.ql.parse.CalcitePlanner.genOPTree(CalcitePlanner.java:626) ~[classes/:?]
	at org.apache.hadoop.hive.ql.parse.SemanticAnalyzer.analyzeInternal(SemanticAnalyzer.java:12558) ~[classes/:?]
	at org.apache.hadoop.hive.ql.parse.CalcitePlanner.analyzeInternal(CalcitePlanner.java:456) ~[classes/:?]
	at org.apache.hadoop.hive.ql.parse.RewriteSemanticAnalyzer.analyzeInternal(RewriteSemanticAnalyzer.java:67) ~[classes/:?]
	at org.apache.hadoop.hive.ql.parse.BaseSemanticAnalyzer.analyze(BaseSemanticAnalyzer.java:317) ~[classes/:?]
	at org.apache.hadoop.hive.ql.parse.UpdateDeleteSemanticAnalyzer.reparseAndSuperAnalyze(UpdateDeleteSemanticAnalyzer.java:208) ~[classes/:?]
	at org.apache.hadoop.hive.ql.parse.UpdateDeleteSemanticAnalyzer.analyzeUpdate(UpdateDeleteSemanticAnalyzer.java:63) ~[classes/:?]
	at org.apache.hadoop.hive.ql.parse.UpdateDeleteSemanticAnalyzer.analyze(UpdateDeleteSemanticAnalyzer.java:53) ~[classes/:?]
	at org.apache.hadoop.hive.ql.parse.RewriteSemanticAnalyzer.analyzeInternal(RewriteSemanticAnalyzer.java:72) ~[classes/:?]
	at org.apache.hadoop.hive.ql.parse.BaseSemanticAnalyzer.analyze(BaseSemanticAnalyzer.java:317) ~[classes/:?]
	at org.apache.hadoop.hive.ql.Compiler.analyze(Compiler.java:223) ~[classes/:?]
	at org.apache.hadoop.hive.ql.Compiler.compile(Compiler.java:105) ~[classes/:?]
	at org.apache.hadoop.hive.ql.Driver.compile(Driver.java:500) ~[classes/:?]
	at org.apache.hadoop.hive.ql.Driver.compileInternal(Driver.java:453) ~[classes/:?]
	at org.apache.hadoop.hive.ql.Driver.runInternal(Driver.java:181) ~[classes/:?]
	at org.apache.hadoop.hive.ql.Driver.run(Driver.java:153) ~[classes/:?]
	at org.apache.hadoop.hive.ql.Driver.run(Driver.java:140) ~[classes/:?]
	at org.apache.hadoop.hive.ql.TxnCommandsBaseForTests.runStatementOnDriver(TxnCommandsBaseForTests.java:245) ~[test-classes/:?]
	at org.apache.hadoop.hive.ql.TestTxnCommands3.testSdpoBucketed(TestTxnCommands3.java:293) ~[test-classes/:?]
	at org.apache.hadoop.hive.ql.TestTxnCommands3.testSdpoBucketed(TestTxnCommands3.java:255) ~[test-classes/:?]
	at sun.reflect.NativeMethodAccessorImpl.invoke0(Native Method) ~[?:1.8.0_402]
	at sun.reflect.NativeMethodAccessorImpl.invoke(NativeMethodAccessorImpl.java:62) ~[?:1.8.0_402]
	at sun.reflect.DelegatingMethodAccessorImpl.invoke(DelegatingMethodAccessorImpl.java:43) ~[?:1.8.0_402]
	at java.lang.reflect.Method.invoke(Method.java:498) ~[?:1.8.0_402]
	at org.junit.runners.model.FrameworkMethod$1.runReflectiveCall(FrameworkMethod.java:59) ~[junit-4.13.jar:4.13]
	at org.junit.internal.runners.model.ReflectiveCallable.run(ReflectiveCallable.java:12) ~[junit-4.13.jar:4.13]
	at org.junit.runners.model.FrameworkMethod.invokeExplosively(FrameworkMethod.java:56) ~[junit-4.13.jar:4.13]
	at org.junit.internal.runners.statements.InvokeMethod.evaluate(InvokeMethod.java:17) ~[junit-4.13.jar:4.13]
	at org.junit.internal.runners.statements.RunBefores.evaluate(RunBefores.java:26) ~[junit-4.13.jar:4.13]
	at org.junit.internal.runners.statements.RunAfters.evaluate(RunAfters.java:27) ~[junit-4.13.jar:4.13]
	at org.junit.rules.TestWatcher$1.evaluate(TestWatcher.java:61) ~[junit-4.13.jar:4.13]
	at org.junit.runners.ParentRunner$3.evaluate(ParentRunner.java:306) ~[junit-4.13.jar:4.13]
	at org.junit.runners.BlockJUnit4ClassRunner$1.evaluate(BlockJUnit4ClassRunner.java:100) ~[junit-4.13.jar:4.13]
	at org.junit.runners.ParentRunner.runLeaf(ParentRunner.java:366) ~[junit-4.13.jar:4.13]
	at org.junit.runners.BlockJUnit4ClassRunner.runChild(BlockJUnit4ClassRunner.java:103) ~[junit-4.13.jar:4.13]
	at org.junit.runners.BlockJUnit4ClassRunner.runChild(BlockJUnit4ClassRunner.java:63) ~[junit-4.13.jar:4.13]
	at org.junit.runners.ParentRunner$4.run(ParentRunner.java:331) ~[junit-4.13.jar:4.13]
	at org.junit.runners.ParentRunner$1.schedule(ParentRunner.java:79) ~[junit-4.13.jar:4.13]
	at org.junit.runners.ParentRunner.runChildren(ParentRunner.java:329) ~[junit-4.13.jar:4.13]
	at org.junit.runners.ParentRunner.access$100(ParentRunner.java:66) ~[junit-4.13.jar:4.13]
	at org.junit.runners.ParentRunner$2.evaluate(ParentRunner.java:293) ~[junit-4.13.jar:4.13]
	at org.junit.runners.ParentRunner$3.evaluate(ParentRunner.java:306) ~[junit-4.13.jar:4.13]
	at org.junit.runners.ParentRunner.run(ParentRunner.java:413) ~[junit-4.13.jar:4.13]
	at org.junit.runner.JUnitCore.run(JUnitCore.java:137) ~[junit-4.13.jar:4.13]
	at org.junit.runner.JUnitCore.run(JUnitCore.java:115) ~[junit-4.13.jar:4.13]
	at org.junit.vintage.engine.execution.RunnerExecutor.execute(RunnerExecutor.java:43) ~[junit-vintage-engine-5.6.2.jar:5.6.2]
	at java.util.stream.ForEachOps$ForEachOp$OfRef.accept(ForEachOps.java:183) ~[?:1.8.0_402]
	at java.util.stream.ReferencePipeline$3$1.accept(ReferencePipeline.java:193) ~[?:1.8.0_402]
	at java.util.Iterator.forEachRemaining(Iterator.java:116) ~[?:1.8.0_402]
	at java.util.Spliterators$IteratorSpliterator.forEachRemaining(Spliterators.java:1801) ~[?:1.8.0_402]
	at java.util.stream.AbstractPipeline.copyInto(AbstractPipeline.java:482) ~[?:1.8.0_402]
	at java.util.stream.AbstractPipeline.wrapAndCopyInto(AbstractPipeline.java:472) ~[?:1.8.0_402]
	at java.util.stream.ForEachOps$ForEachOp.evaluateSequential(ForEachOps.java:150) ~[?:1.8.0_402]
	at java.util.stream.ForEachOps$ForEachOp$OfRef.evaluateSequential(ForEachOps.java:173) ~[?:1.8.0_402]
	at java.util.stream.AbstractPipeline.evaluate(AbstractPipeline.java:234) ~[?:1.8.0_402]
	at java.util.stream.ReferencePipeline.forEach(ReferencePipeline.java:485) ~[?:1.8.0_402]
	at org.junit.vintage.engine.VintageTestEngine.executeAllChildren(VintageTestEngine.java:82) ~[junit-vintage-engine-5.6.2.jar:5.6.2]
	at org.junit.vintage.engine.VintageTestEngine.execute(VintageTestEngine.java:73) ~[junit-vintage-engine-5.6.2.jar:5.6.2]
	at org.junit.platform.launcher.core.DefaultLauncher.execute(DefaultLauncher.java:248) ~[junit-platform-launcher-1.6.2.jar:1.6.2]
	at org.junit.platform.launcher.core.DefaultLauncher.lambda$execute$5(DefaultLauncher.java:211) ~[junit-platform-launcher-1.6.2.jar:1.6.2]
	at org.junit.platform.launcher.core.DefaultLauncher.withInterceptedStreams(DefaultLauncher.java:226) [junit-platform-launcher-1.6.2.jar:1.6.2]
	at org.junit.platform.launcher.core.DefaultLauncher.execute(DefaultLauncher.java:199) [junit-platform-launcher-1.6.2.jar:1.6.2]
	at org.junit.platform.launcher.core.DefaultLauncher.execute(DefaultLauncher.java:132) [junit-platform-launcher-1.6.2.jar:1.6.2]
	at org.apache.maven.surefire.junitplatform.JUnitPlatformProvider.invokeAllTests(JUnitPlatformProvider.java:154) [surefire-junit-platform-3.0.0-M4.jar:3.0.0-M4]
	at org.apache.maven.surefire.junitplatform.JUnitPlatformProvider.invoke(JUnitPlatformProvider.java:123) [surefire-junit-platform-3.0.0-M4.jar:3.0.0-M4]
	at org.apache.maven.surefire.booter.ForkedBooter.runSuitesInProcess(ForkedBooter.java:377) [surefire-booter-3.0.0-M4.jar:3.0.0-M4]
	at org.apache.maven.surefire.booter.ForkedBooter.execute(ForkedBooter.java:138) [surefire-booter-3.0.0-M4.jar:3.0.0-M4]
	at org.apache.maven.surefire.booter.ForkedBooter.run(ForkedBooter.java:465) [surefire-booter-3.0.0-M4.jar:3.0.0-M4]
	at org.apache.maven.surefire.booter.ForkedBooter.main(ForkedBooter.java:451) [surefire-booter-3.0.0-M4.jar:3.0.0-M4]
2024-04-24T04:53:26,453 ERROR [main] parse.UpdateDeleteSemanticAnalyzer: CBO failed due to missing column stats (see previous errors), skipping CBO
2024-04-24T04:53:26,453  INFO [main] parse.UpdateDeleteSemanticAnalyzer: Ending caching scope for: 
FAILED: NoMatchingMethodException No matching method for class org.apache.hadoop.hive.ql.udf.UDFToInteger with (struct<writeid:bigint,bucketid:int,rowid:bigint>). Possible choices: _FUNC_(bigint)  _FUNC_(boolean)  _FUNC_(decimal(38,18))  _FUNC_(double)  _FUNC_(float)  _FUNC_(smallint)  _FUNC_(string)  _FUNC_(struct<bucketid:bigint,writeid:bigint,rowid:int>)  _FUNC_(timestamp)  _FUNC_(tinyint)  _FUNC_(void)  
2024-04-24T04:53:26,454 ERROR [main] ql.Driver: FAILED: NoMatchingMethodException No matching method for class org.apache.hadoop.hive.ql.udf.UDFToInteger with (struct<writeid:bigint,bucketid:int,rowid:bigint>). Possible choices: _FUNC_(bigint)  _FUNC_(boolean)  _FUNC_(decimal(38,18))  _FUNC_(double)  _FUNC_(float)  _FUNC_(smallint)  _FUNC_(string)  _FUNC_(struct<bucketid:bigint,writeid:bigint,rowid:int>)  _FUNC_(timestamp)  _FUNC_(tinyint)  _FUNC_(void)  
org.apache.hadoop.hive.ql.exec.NoMatchingMethodException: No matching method for class org.apache.hadoop.hive.ql.udf.UDFToInteger with (struct<writeid:bigint,bucketid:int,rowid:bigint>). Possible choices: _FUNC_(bigint)  _FUNC_(boolean)  _FUNC_(decimal(38,18))  _FUNC_(double)  _FUNC_(float)  _FUNC_(smallint)  _FUNC_(string)  _FUNC_(struct<bucketid:bigint,writeid:bigint,rowid:int>)  _FUNC_(timestamp)  _FUNC_(tinyint)  _FUNC_(void)  
	at org.apache.hadoop.hive.ql.exec.MethodUtils.getMethodInternal(MethodUtils.java:130)
	at org.apache.hadoop.hive.ql.exec.MethodUtils.getMethodInternal(MethodUtils.java:60)
	at org.apache.hadoop.hive.ql.exec.DefaultUDFMethodResolver.getEvalMethod(DefaultUDFMethodResolver.java:59)
	at org.apache.hadoop.hive.ql.udf.TimestampCastRestrictorResolver.getEvalMethod(TimestampCastRestrictorResolver.java:68)
	at org.apache.hadoop.hive.ql.udf.generic.GenericUDFBridge.initialize(GenericUDFBridge.java:168)
	at org.apache.hadoop.hive.ql.udf.generic.GenericUDF.initializeAndFoldConstants(GenericUDF.java:149)
	at org.apache.hadoop.hive.ql.plan.ExprNodeGenericFuncDesc.newInstance(ExprNodeGenericFuncDesc.java:235)
	at org.apache.hadoop.hive.ql.parse.type.ExprNodeDescExprFactory.createFuncCallExpr(ExprNodeDescExprFactory.java:584)
	at org.apache.hadoop.hive.ql.parse.type.ExprNodeDescExprFactory.createFuncCallExpr(ExprNodeDescExprFactory.java:97)
	at org.apache.hadoop.hive.ql.parse.type.TypeCheckProcFactory$DefaultExprProcessor.getFuncExprNodeDescWithUdfData(TypeCheckProcFactory.java:762)
	at org.apache.hadoop.hive.ql.parse.type.TypeCheckProcFactory$DefaultExprProcessor.createConversionCast(TypeCheckProcFactory.java:783)
	at org.apache.hadoop.hive.ql.parse.SemanticAnalyzer.getPartitionColsFromBucketColsForUpdateDelete(SemanticAnalyzer.java:8725)
	at org.apache.hadoop.hive.ql.parse.SemanticAnalyzer.genBucketingSortingDest(SemanticAnalyzer.java:6906)
	at org.apache.hadoop.hive.ql.parse.SemanticAnalyzer.genFileSinkPlan(SemanticAnalyzer.java:7335)
	at org.apache.hadoop.hive.ql.parse.SemanticAnalyzer.genPostGroupByBodyPlan(SemanticAnalyzer.java:11063)
	at org.apache.hadoop.hive.ql.parse.SemanticAnalyzer.genBodyPlan(SemanticAnalyzer.java:10938)
	at org.apache.hadoop.hive.ql.parse.SemanticAnalyzer.genPlan(SemanticAnalyzer.java:11853)
	at org.apache.hadoop.hive.ql.parse.SemanticAnalyzer.genPlan(SemanticAnalyzer.java:11723)
	at org.apache.hadoop.hive.ql.parse.CalcitePlanner.genOPTree(CalcitePlanner.java:626)
	at org.apache.hadoop.hive.ql.parse.SemanticAnalyzer.analyzeInternal(SemanticAnalyzer.java:12558)
	at org.apache.hadoop.hive.ql.parse.CalcitePlanner.analyzeInternal(CalcitePlanner.java:456)
	at org.apache.hadoop.hive.ql.parse.RewriteSemanticAnalyzer.analyzeInternal(RewriteSemanticAnalyzer.java:67)
	at org.apache.hadoop.hive.ql.parse.BaseSemanticAnalyzer.analyze(BaseSemanticAnalyzer.java:317)
	at org.apache.hadoop.hive.ql.parse.UpdateDeleteSemanticAnalyzer.reparseAndSuperAnalyze(UpdateDeleteSemanticAnalyzer.java:208)
	at org.apache.hadoop.hive.ql.parse.UpdateDeleteSemanticAnalyzer.analyzeUpdate(UpdateDeleteSemanticAnalyzer.java:63)
	at org.apache.hadoop.hive.ql.parse.UpdateDeleteSemanticAnalyzer.analyze(UpdateDeleteSemanticAnalyzer.java:53)
	at org.apache.hadoop.hive.ql.parse.RewriteSemanticAnalyzer.analyzeInternal(RewriteSemanticAnalyzer.java:72)
	at org.apache.hadoop.hive.ql.parse.BaseSemanticAnalyzer.analyze(BaseSemanticAnalyzer.java:317)
	at org.apache.hadoop.hive.ql.Compiler.analyze(Compiler.java:223)
	at org.apache.hadoop.hive.ql.Compiler.compile(Compiler.java:105)
	at org.apache.hadoop.hive.ql.Driver.compile(Driver.java:500)
	at org.apache.hadoop.hive.ql.Driver.compileInternal(Driver.java:453)
	at org.apache.hadoop.hive.ql.Driver.runInternal(Driver.java:181)
	at org.apache.hadoop.hive.ql.Driver.run(Driver.java:153)
	at org.apache.hadoop.hive.ql.Driver.run(Driver.java:140)
	at org.apache.hadoop.hive.ql.TxnCommandsBaseForTests.runStatementOnDriver(TxnCommandsBaseForTests.java:245)
	at org.apache.hadoop.hive.ql.TestTxnCommands3.testSdpoBucketed(TestTxnCommands3.java:293)
	at org.apache.hadoop.hive.ql.TestTxnCommands3.testSdpoBucketed(TestTxnCommands3.java:255)
	at sun.reflect.NativeMethodAccessorImpl.invoke0(Native Method)
	at sun.reflect.NativeMethodAccessorImpl.invoke(NativeMethodAccessorImpl.java:62)
	at sun.reflect.DelegatingMethodAccessorImpl.invoke(DelegatingMethodAccessorImpl.java:43)
	at java.lang.reflect.Method.invoke(Method.java:498)
	at org.junit.runners.model.FrameworkMethod$1.runReflectiveCall(FrameworkMethod.java:59)
	at org.junit.internal.runners.model.ReflectiveCallable.run(ReflectiveCallable.java:12)
	at org.junit.runners.model.FrameworkMethod.invokeExplosively(FrameworkMethod.java:56)
	at org.junit.internal.runners.statements.InvokeMethod.evaluate(InvokeMethod.java:17)
	at org.junit.internal.runners.statements.RunBefores.evaluate(RunBefores.java:26)
	at org.junit.internal.runners.statements.RunAfters.evaluate(RunAfters.java:27)
	at org.junit.rules.TestWatcher$1.evaluate(TestWatcher.java:61)
	at org.junit.runners.ParentRunner$3.evaluate(ParentRunner.java:306)
	at org.junit.runners.BlockJUnit4ClassRunner$1.evaluate(BlockJUnit4ClassRunner.java:100)
	at org.junit.runners.ParentRunner.runLeaf(ParentRunner.java:366)
	at org.junit.runners.BlockJUnit4ClassRunner.runChild(BlockJUnit4ClassRunner.java:103)
	at org.junit.runners.BlockJUnit4ClassRunner.runChild(BlockJUnit4ClassRunner.java:63)
	at org.junit.runners.ParentRunner$4.run(ParentRunner.java:331)
	at org.junit.runners.ParentRunner$1.schedule(ParentRunner.java:79)
	at org.junit.runners.ParentRunner.runChildren(ParentRunner.java:329)
	at org.junit.runners.ParentRunner.access$100(ParentRunner.java:66)
	at org.junit.runners.ParentRunner$2.evaluate(ParentRunner.java:293)
	at org.junit.runners.ParentRunner$3.evaluate(ParentRunner.java:306)
	at org.junit.runners.ParentRunner.run(ParentRunner.java:413)
	at org.junit.runner.JUnitCore.run(JUnitCore.java:137)
	at org.junit.runner.JUnitCore.run(JUnitCore.java:115)
	at org.junit.vintage.engine.execution.RunnerExecutor.execute(RunnerExecutor.java:43)
	at java.util.stream.ForEachOps$ForEachOp$OfRef.accept(ForEachOps.java:183)
	at java.util.stream.ReferencePipeline$3$1.accept(ReferencePipeline.java:193)
	at java.util.Iterator.forEachRemaining(Iterator.java:116)
	at java.util.Spliterators$IteratorSpliterator.forEachRemaining(Spliterators.java:1801)
	at java.util.stream.AbstractPipeline.copyInto(AbstractPipeline.java:482)
	at java.util.stream.AbstractPipeline.wrapAndCopyInto(AbstractPipeline.java:472)
	at java.util.stream.ForEachOps$ForEachOp.evaluateSequential(ForEachOps.java:150)
	at java.util.stream.ForEachOps$ForEachOp$OfRef.evaluateSequential(ForEachOps.java:173)
	at java.util.stream.AbstractPipeline.evaluate(AbstractPipeline.java:234)
	at java.util.stream.ReferencePipeline.forEach(ReferencePipeline.java:485)
	at org.junit.vintage.engine.VintageTestEngine.executeAllChildren(VintageTestEngine.java:82)
	at org.junit.vintage.engine.VintageTestEngine.execute(VintageTestEngine.java:73)
	at org.junit.platform.launcher.core.DefaultLauncher.execute(DefaultLauncher.java:248)
	at org.junit.platform.launcher.core.DefaultLauncher.lambda$execute$5(DefaultLauncher.java:211)
	at org.junit.platform.launcher.core.DefaultLauncher.withInterceptedStreams(DefaultLauncher.java:226)
	at org.junit.platform.launcher.core.DefaultLauncher.execute(DefaultLauncher.java:199)
	at org.junit.platform.launcher.core.DefaultLauncher.execute(DefaultLauncher.java:132)
	at org.apache.maven.surefire.junitplatform.JUnitPlatformProvider.invokeAllTests(JUnitPlatformProvider.java:154)
	at org.apache.maven.surefire.junitplatform.JUnitPlatformProvider.invoke(JUnitPlatformProvider.java:123)
	at org.apache.maven.surefire.booter.ForkedBooter.runSuitesInProcess(ForkedBooter.java:377)
	at org.apache.maven.surefire.booter.ForkedBooter.execute(ForkedBooter.java:138)
	at org.apache.maven.surefire.booter.ForkedBooter.run(ForkedBooter.java:465)
	at org.apache.maven.surefire.booter.ForkedBooter.main(ForkedBooter.java:451)

2024-04-24T04:53:26,455  INFO [main] metadata.Hive: Dumping metastore api call timing information for : compilation phase
2024-04-24T04:53:26,455  INFO [main] metadata.Hive: Total time spent in each metastore function (ms): {getAllTableConstraints_(AllTableConstraintsRequest)=7, getTable_(GetTableRequest)=36, getValidTxns_(long)=0, isCompatibleWith_(Configuration)=2, flushCache_()=0, openTxn_(String, TxnType)=2, getAggrColStatsFor_(String, String, List, List, String, String)=29, getNotNullConstraints_(NotNullConstraintsRequest)=1, listPartitions_(String, String, short)=11, getValidWriteIds_(List, String)=5, getCheckConstraints_(CheckConstraintsRequest)=2, commitTxn_(CommitTxnRequest)=16, getMetaConf_(String)=0}
2024-04-24T04:53:26,456  INFO [main] ql.Driver: Completed compiling command(queryId=alex_20240424045326_f9b13d14-4b7c-4f99-9a5c-f2437ce1a249); Time taken: 0.251 seconds
2024-04-24T04:53:26,456  INFO [main] lockmgr.DbTxnManager: Stopped heartbeat for query: null
2024-04-24T04:53:26,461  INFO [main] txn.TxnHandler: Removed transactions: ([20]) from MIN_HISTORY_LEVEL
2024-04-24T04:53:26,470  INFO [main] ql.TxnCommandsBaseForTests: Running the query: drop table if exists acidTbl
2024-04-24T04:53:26,470  INFO [main] ql.Driver: Compiling command(queryId=alex_20240424045326_147b8af1-0a75-4635-a141-113ec91f4d20): drop table if exists acidTbl
2024-04-24T04:53:26,474  INFO [main] txn.TxnHandler: Added entries to MIN_HISTORY_LEVEL for current txns: ([21]) with min_open_txn: 19
2024-04-24T04:53:26,475  INFO [main] lockmgr.DbTxnManager: Opened txnid:21
2024-04-24T04:53:26,476  INFO [main] HiveMetaStore.audit: ugi=alex	ip=unknown-ip-addr	cmd=get_table : tbl=hive.default.acidTbl	
2024-04-24T04:53:26,485  INFO [main] metastore.HMSHandler: Skipping translation for processor with null
2024-04-24T04:53:26,485  INFO [main] ql.Driver: Semantic Analysis Completed (retrial = false)
2024-04-24T04:53:26,485  INFO [main] ql.Driver: Created Hive schema: Schema(fieldSchemas:null, properties:null)
2024-04-24T04:53:26,486  INFO [main] metadata.Hive: Dumping metastore api call timing information for : compilation phase
2024-04-24T04:53:26,486  INFO [main] metadata.Hive: Total time spent in each metastore function (ms): {openTxn_(String, TxnType)=4, isCompatibleWith_(Configuration)=0, rollbackTxn_(long)=13, getTable_(GetTableRequest)=9, getValidTxns_(long)=1, flushCache_()=0}
2024-04-24T04:53:26,486  INFO [main] ql.Driver: Completed compiling command(queryId=alex_20240424045326_147b8af1-0a75-4635-a141-113ec91f4d20); Time taken: 0.016 seconds
2024-04-24T04:53:26,486  INFO [main] lockmgr.DbTxnManager: Setting lock request transaction to txnid:21 for queryId=alex_20240424045326_147b8af1-0a75-4635-a141-113ec91f4d20
2024-04-24T04:53:26,487  INFO [main] lockmgr.DbLockManager: Requesting lock for queryId=alex_20240424045326_147b8af1-0a75-4635-a141-113ec91f4d20
2024-04-24T04:53:26,512  INFO [main] lockmgr.DbLockManager: Response to queryId=alex_20240424045326_147b8af1-0a75-4635-a141-113ec91f4d20 LockResponse(lockid:12, state:ACQUIRED)
2024-04-24T04:53:26,513  INFO [main] ql.Driver: Operation DROPTABLE obtained 1 locks
2024-04-24T04:53:26,513  INFO [main] ql.Driver: Executing command(queryId=alex_20240424045326_147b8af1-0a75-4635-a141-113ec91f4d20): drop table if exists acidTbl
2024-04-24T04:53:26,513  INFO [main] ql.Driver: Starting task [Stage-0:DDL] in serial mode
2024-04-24T04:53:26,513  INFO [main] HiveMetaStore.audit: ugi=alex	ip=unknown-ip-addr	cmd=get_table : tbl=hive.default.acidTbl	
2024-04-24T04:53:26,523  INFO [main] metastore.HMSHandler: Skipping translation for processor with null
2024-04-24T04:53:26,523  INFO [main] HiveMetaStore.audit: ugi=alex	ip=unknown-ip-addr	cmd=get_table : tbl=hive.default.acidTbl	
2024-04-24T04:53:26,531  INFO [main] metastore.HMSHandler: Skipping translation for processor with null
2024-04-24T04:53:26,531  INFO [main] HiveMetaStore.audit: ugi=alex	ip=unknown-ip-addr	cmd=drop_table : tbl=hive.default.acidTbl	
2024-04-24T04:53:26,797  INFO [main] metadata.Hive: Dumping metastore api call timing information for : execution phase
2024-04-24T04:53:26,797  INFO [main] metadata.Hive: Total time spent in each metastore function (ms): {getTable_(GetTableRequest)=10, dropTable_(String, String, boolean, boolean, boolean)=273, isCompatibleWith_(Configuration)=0}
2024-04-24T04:53:26,797  INFO [main] ql.Driver: Completed executing command(queryId=alex_20240424045326_147b8af1-0a75-4635-a141-113ec91f4d20); Time taken: 0.284 seconds
2024-04-24T04:53:26,797  INFO [main] lockmgr.DbTxnManager: Stopped heartbeat for query: alex_20240424045326_147b8af1-0a75-4635-a141-113ec91f4d20
2024-04-24T04:53:26,804  INFO [main] txn.TxnHandler: Expected to move at least one record from txn_components to completed_txn_components when committing txn! txnid:21
2024-04-24T04:53:26,813  INFO [main] txn.TxnHandler: Removed transactions: ([21]) from MIN_HISTORY_LEVEL
2024-04-24T04:53:26,816  WARN [main] txn.CompactionTxnHandler: No compaction queue record found for Compaction type transaction commit. txnId:21
2024-04-24T04:53:26,817  INFO [main] ql.TxnCommandsBaseForTests: Running the query: drop table if exists acidTblPart
2024-04-24T04:53:26,818  INFO [main] ql.Driver: Compiling command(queryId=alex_20240424045326_687798bf-8de1-4117-bf60-723a1b876b4b): drop table if exists acidTblPart
2024-04-24T04:53:26,823  INFO [main] txn.TxnHandler: Added entries to MIN_HISTORY_LEVEL for current txns: ([22]) with min_open_txn: 19
2024-04-24T04:53:26,823  INFO [main] lockmgr.DbTxnManager: Opened txnid:22
2024-04-24T04:53:26,825  INFO [main] HiveMetaStore.audit: ugi=alex	ip=unknown-ip-addr	cmd=get_table : tbl=hive.default.acidTblPart	
2024-04-24T04:53:26,842  INFO [main] metastore.HMSHandler: Skipping translation for processor with null
2024-04-24T04:53:26,842  INFO [main] ql.Driver: Semantic Analysis Completed (retrial = false)
2024-04-24T04:53:26,842  INFO [main] ql.Driver: Created Hive schema: Schema(fieldSchemas:null, properties:null)
2024-04-24T04:53:26,843  INFO [main] metadata.Hive: Dumping metastore api call timing information for : compilation phase
2024-04-24T04:53:26,843  INFO [main] metadata.Hive: Total time spent in each metastore function (ms): {getTable_(GetTableRequest)=17, getValidTxns_(long)=1, isCompatibleWith_(Configuration)=1, openTxn_(String, TxnType)=4, commitTxn_(CommitTxnRequest)=19, flushCache_()=0}
2024-04-24T04:53:26,843  INFO [main] ql.Driver: Completed compiling command(queryId=alex_20240424045326_687798bf-8de1-4117-bf60-723a1b876b4b); Time taken: 0.025 seconds
2024-04-24T04:53:26,844  INFO [main] lockmgr.DbTxnManager: Setting lock request transaction to txnid:22 for queryId=alex_20240424045326_687798bf-8de1-4117-bf60-723a1b876b4b
2024-04-24T04:53:26,845  INFO [main] lockmgr.DbLockManager: Requesting lock for queryId=alex_20240424045326_687798bf-8de1-4117-bf60-723a1b876b4b
2024-04-24T04:53:26,869  INFO [main] lockmgr.DbLockManager: Response to queryId=alex_20240424045326_687798bf-8de1-4117-bf60-723a1b876b4b LockResponse(lockid:13, state:ACQUIRED)
2024-04-24T04:53:26,869  INFO [main] ql.Driver: Operation DROPTABLE obtained 1 locks
2024-04-24T04:53:26,870  INFO [main] ql.Driver: Executing command(queryId=alex_20240424045326_687798bf-8de1-4117-bf60-723a1b876b4b): drop table if exists acidTblPart
2024-04-24T04:53:26,870  INFO [main] ql.Driver: Starting task [Stage-0:DDL] in serial mode
2024-04-24T04:53:26,870  INFO [main] HiveMetaStore.audit: ugi=alex	ip=unknown-ip-addr	cmd=get_table : tbl=hive.default.acidTblPart	
2024-04-24T04:53:26,880  INFO [main] metastore.HMSHandler: Skipping translation for processor with null
2024-04-24T04:53:26,880  INFO [main] HiveMetaStore.audit: ugi=alex	ip=unknown-ip-addr	cmd=get_table : tbl=hive.default.acidTblPart	
2024-04-24T04:53:26,890  INFO [main] metastore.HMSHandler: Skipping translation for processor with null
2024-04-24T04:53:26,890  INFO [main] HiveMetaStore.audit: ugi=alex	ip=unknown-ip-addr	cmd=drop_table : tbl=hive.default.acidTblPart	
2024-04-24T04:53:26,955  INFO [main] metadata.Hive: Dumping metastore api call timing information for : execution phase
2024-04-24T04:53:26,955  INFO [main] metadata.Hive: Total time spent in each metastore function (ms): {isCompatibleWith_(Configuration)=0, getTable_(GetTableRequest)=10, dropTable_(String, String, boolean, boolean, boolean)=74}
2024-04-24T04:53:26,955  INFO [main] ql.Driver: Completed executing command(queryId=alex_20240424045326_687798bf-8de1-4117-bf60-723a1b876b4b); Time taken: 0.085 seconds
2024-04-24T04:53:26,955  INFO [main] lockmgr.DbTxnManager: Stopped heartbeat for query: alex_20240424045326_687798bf-8de1-4117-bf60-723a1b876b4b
2024-04-24T04:53:26,960  INFO [main] txn.TxnHandler: Expected to move at least one record from txn_components to completed_txn_components when committing txn! txnid:22
2024-04-24T04:53:26,968  INFO [main] txn.TxnHandler: Removed transactions: ([22]) from MIN_HISTORY_LEVEL
2024-04-24T04:53:26,968  WARN [main] txn.CompactionTxnHandler: No compaction queue record found for Compaction type transaction commit. txnId:22
2024-04-24T04:53:26,969  INFO [main] ql.TxnCommandsBaseForTests: Running the query: drop table if exists acidTbl2
2024-04-24T04:53:26,970  INFO [main] ql.Driver: Compiling command(queryId=alex_20240424045326_19c0ada4-07b3-4414-b2f3-2e2513b9adac): drop table if exists acidTbl2
2024-04-24T04:53:26,973  INFO [main] txn.TxnHandler: Added entries to MIN_HISTORY_LEVEL for current txns: ([23]) with min_open_txn: 19
2024-04-24T04:53:26,973  INFO [main] lockmgr.DbTxnManager: Opened txnid:23
2024-04-24T04:53:26,975  INFO [main] ql.Driver: Semantic Analysis Completed (retrial = false)
2024-04-24T04:53:26,975  INFO [main] ql.Driver: Created Hive schema: Schema(fieldSchemas:null, properties:null)
2024-04-24T04:53:26,975  INFO [main] metadata.Hive: Dumping metastore api call timing information for : compilation phase
2024-04-24T04:53:26,975  INFO [main] metadata.Hive: Total time spent in each metastore function (ms): {getTable_(GetTableRequest)=0, isCompatibleWith_(Configuration)=0, flushCache_()=0, getValidTxns_(long)=0, openTxn_(String, TxnType)=3, commitTxn_(CommitTxnRequest)=14}
2024-04-24T04:53:26,975  INFO [main] ql.Driver: Completed compiling command(queryId=alex_20240424045326_19c0ada4-07b3-4414-b2f3-2e2513b9adac); Time taken: 0.005 seconds
2024-04-24T04:53:26,975  INFO [main] lockmgr.DbTxnManager: Setting lock request transaction to txnid:23 for queryId=alex_20240424045326_19c0ada4-07b3-4414-b2f3-2e2513b9adac
2024-04-24T04:53:26,976  INFO [main] ql.Driver: Operation DROPTABLE obtained 0 locks
2024-04-24T04:53:26,976  INFO [main] ql.Driver: Executing command(queryId=alex_20240424045326_19c0ada4-07b3-4414-b2f3-2e2513b9adac): drop table if exists acidTbl2
2024-04-24T04:53:26,976  INFO [main] ql.Driver: Starting task [Stage-0:DDL] in serial mode
2024-04-24T04:53:26,977  INFO [main] metadata.SessionHiveMetaStoreClient: Column stats doesn't exist for db=default temp table=acidTbl2
2024-04-24T04:53:26,977  INFO [main] metadata.Hive: Dumping metastore api call timing information for : execution phase
2024-04-24T04:53:26,977  INFO [main] metadata.Hive: Total time spent in each metastore function (ms): {getTable_(GetTableRequest)=0, dropTable_(String, String, boolean, boolean, boolean)=1, isCompatibleWith_(Configuration)=0}
2024-04-24T04:53:26,977  INFO [main] ql.Driver: Completed executing command(queryId=alex_20240424045326_19c0ada4-07b3-4414-b2f3-2e2513b9adac); Time taken: 0.001 seconds
2024-04-24T04:53:26,977  INFO [main] lockmgr.DbTxnManager: Stopped heartbeat for query: alex_20240424045326_19c0ada4-07b3-4414-b2f3-2e2513b9adac
2024-04-24T04:53:26,984  INFO [main] txn.TxnHandler: Expected to move at least one record from txn_components to completed_txn_components when committing txn! txnid:23
2024-04-24T04:53:26,991  INFO [main] txn.TxnHandler: Removed transactions: ([23]) from MIN_HISTORY_LEVEL
2024-04-24T04:53:26,991  WARN [main] txn.CompactionTxnHandler: No compaction queue record found for Compaction type transaction commit. txnId:23
2024-04-24T04:53:26,992  INFO [main] ql.TxnCommandsBaseForTests: Running the query: drop table if exists nonAcidOrcTbl
2024-04-24T04:53:26,992  INFO [main] ql.Driver: Compiling command(queryId=alex_20240424045326_260cec1d-98bb-45bb-8011-98f531763ba4): drop table if exists nonAcidOrcTbl
2024-04-24T04:53:26,995  INFO [main] txn.TxnHandler: Added entries to MIN_HISTORY_LEVEL for current txns: ([24]) with min_open_txn: 20
2024-04-24T04:53:26,995  INFO [main] lockmgr.DbTxnManager: Opened txnid:24
2024-04-24T04:53:26,996  INFO [main] HiveMetaStore.audit: ugi=alex	ip=unknown-ip-addr	cmd=get_table : tbl=hive.default.nonAcidOrcTbl	
2024-04-24T04:53:27,022  INFO [main] metastore.HMSHandler: Skipping translation for processor with null
2024-04-24T04:53:27,023  INFO [main] ql.Driver: Semantic Analysis Completed (retrial = false)
2024-04-24T04:53:27,023  INFO [main] ql.Driver: Created Hive schema: Schema(fieldSchemas:null, properties:null)
2024-04-24T04:53:27,023  INFO [main] metadata.Hive: Dumping metastore api call timing information for : compilation phase
2024-04-24T04:53:27,023  INFO [main] metadata.Hive: Total time spent in each metastore function (ms): {openTxn_(String, TxnType)=3, getValidTxns_(long)=0, isCompatibleWith_(Configuration)=1, getTable_(GetTableRequest)=26, flushCache_()=0, commitTxn_(CommitTxnRequest)=13}
2024-04-24T04:53:27,023  INFO [main] ql.Driver: Completed compiling command(queryId=alex_20240424045326_260cec1d-98bb-45bb-8011-98f531763ba4); Time taken: 0.031 seconds
2024-04-24T04:53:27,023  INFO [main] lockmgr.DbTxnManager: Setting lock request transaction to txnid:24 for queryId=alex_20240424045326_260cec1d-98bb-45bb-8011-98f531763ba4
2024-04-24T04:53:27,024  INFO [main] lockmgr.DbLockManager: Requesting lock for queryId=alex_20240424045326_260cec1d-98bb-45bb-8011-98f531763ba4
2024-04-24T04:53:27,050  INFO [main] lockmgr.DbLockManager: Response to queryId=alex_20240424045326_260cec1d-98bb-45bb-8011-98f531763ba4 LockResponse(lockid:14, state:ACQUIRED)
2024-04-24T04:53:27,050  INFO [main] ql.Driver: Operation DROPTABLE obtained 1 locks
2024-04-24T04:53:27,050  INFO [main] ql.Driver: Executing command(queryId=alex_20240424045326_260cec1d-98bb-45bb-8011-98f531763ba4): drop table if exists nonAcidOrcTbl
2024-04-24T04:53:27,050  INFO [main] ql.Driver: Starting task [Stage-0:DDL] in serial mode
2024-04-24T04:53:27,050  INFO [main] HiveMetaStore.audit: ugi=alex	ip=unknown-ip-addr	cmd=get_table : tbl=hive.default.nonAcidOrcTbl	
2024-04-24T04:53:27,063  INFO [main] metastore.HMSHandler: Skipping translation for processor with null
2024-04-24T04:53:27,063  INFO [main] HiveMetaStore.audit: ugi=alex	ip=unknown-ip-addr	cmd=get_table : tbl=hive.default.nonAcidOrcTbl	
2024-04-24T04:53:27,074  INFO [main] metastore.HMSHandler: Skipping translation for processor with null
2024-04-24T04:53:27,074  INFO [main] HiveMetaStore.audit: ugi=alex	ip=unknown-ip-addr	cmd=drop_table : tbl=hive.default.nonAcidOrcTbl	
2024-04-24T04:53:27,176  INFO [main] metadata.Hive: Dumping metastore api call timing information for : execution phase
2024-04-24T04:53:27,177  INFO [main] metadata.Hive: Total time spent in each metastore function (ms): {getTable_(GetTableRequest)=13, isCompatibleWith_(Configuration)=0, dropTable_(String, String, boolean, boolean, boolean)=113}
2024-04-24T04:53:27,177  INFO [main] ql.Driver: Completed executing command(queryId=alex_20240424045326_260cec1d-98bb-45bb-8011-98f531763ba4); Time taken: 0.126 seconds
2024-04-24T04:53:27,177  INFO [main] lockmgr.DbTxnManager: Stopped heartbeat for query: alex_20240424045326_260cec1d-98bb-45bb-8011-98f531763ba4
2024-04-24T04:53:27,181  INFO [main] txn.TxnHandler: Expected to move at least one record from txn_components to completed_txn_components when committing txn! txnid:24
2024-04-24T04:53:27,189  INFO [main] txn.TxnHandler: Removed transactions: ([24]) from MIN_HISTORY_LEVEL
2024-04-24T04:53:27,189  WARN [main] txn.CompactionTxnHandler: No compaction queue record found for Compaction type transaction commit. txnId:24
2024-04-24T04:53:27,190  INFO [main] ql.TxnCommandsBaseForTests: Running the query: drop table if exists nonAcidOrcTbl2
2024-04-24T04:53:27,190  INFO [main] ql.Driver: Compiling command(queryId=alex_20240424045327_888e34a3-9862-4390-8f1a-b13a8d025220): drop table if exists nonAcidOrcTbl2
2024-04-24T04:53:27,193  INFO [main] txn.TxnHandler: Added entries to MIN_HISTORY_LEVEL for current txns: ([25]) with min_open_txn: 20
2024-04-24T04:53:27,194  INFO [main] lockmgr.DbTxnManager: Opened txnid:25
2024-04-24T04:53:27,195  INFO [main] HiveMetaStore.audit: ugi=alex	ip=unknown-ip-addr	cmd=get_table : tbl=hive.default.nonAcidOrcTbl2	
2024-04-24T04:53:27,207  INFO [main] metastore.HMSHandler: Skipping translation for processor with null
2024-04-24T04:53:27,207  INFO [main] ql.Driver: Semantic Analysis Completed (retrial = false)
2024-04-24T04:53:27,207  INFO [main] ql.Driver: Created Hive schema: Schema(fieldSchemas:null, properties:null)
2024-04-24T04:53:27,207  INFO [main] metadata.Hive: Dumping metastore api call timing information for : compilation phase
2024-04-24T04:53:27,207  INFO [main] metadata.Hive: Total time spent in each metastore function (ms): {getValidTxns_(long)=1, flushCache_()=0, commitTxn_(CommitTxnRequest)=13, openTxn_(String, TxnType)=3, isCompatibleWith_(Configuration)=0, getTable_(GetTableRequest)=12}
2024-04-24T04:53:27,207  INFO [main] ql.Driver: Completed compiling command(queryId=alex_20240424045327_888e34a3-9862-4390-8f1a-b13a8d025220); Time taken: 0.017 seconds
2024-04-24T04:53:27,208  INFO [main] lockmgr.DbTxnManager: Setting lock request transaction to txnid:25 for queryId=alex_20240424045327_888e34a3-9862-4390-8f1a-b13a8d025220
2024-04-24T04:53:27,208  INFO [main] lockmgr.DbLockManager: Requesting lock for queryId=alex_20240424045327_888e34a3-9862-4390-8f1a-b13a8d025220
2024-04-24T04:53:27,226  INFO [main] lockmgr.DbLockManager: Response to queryId=alex_20240424045327_888e34a3-9862-4390-8f1a-b13a8d025220 LockResponse(lockid:15, state:ACQUIRED)
2024-04-24T04:53:27,226  INFO [main] ql.Driver: Operation DROPTABLE obtained 1 locks
2024-04-24T04:53:27,226  INFO [main] ql.Driver: Executing command(queryId=alex_20240424045327_888e34a3-9862-4390-8f1a-b13a8d025220): drop table if exists nonAcidOrcTbl2
2024-04-24T04:53:27,226  INFO [main] ql.Driver: Starting task [Stage-0:DDL] in serial mode
2024-04-24T04:53:27,226  INFO [main] HiveMetaStore.audit: ugi=alex	ip=unknown-ip-addr	cmd=get_table : tbl=hive.default.nonAcidOrcTbl2	
2024-04-24T04:53:27,239  INFO [main] metastore.HMSHandler: Skipping translation for processor with null
2024-04-24T04:53:27,239  INFO [main] HiveMetaStore.audit: ugi=alex	ip=unknown-ip-addr	cmd=get_table : tbl=hive.default.nonAcidOrcTbl2	
2024-04-24T04:53:27,252  INFO [main] metastore.HMSHandler: Skipping translation for processor with null
2024-04-24T04:53:27,252  INFO [main] HiveMetaStore.audit: ugi=alex	ip=unknown-ip-addr	cmd=drop_table : tbl=hive.default.nonAcidOrcTbl2	
2024-04-24T04:53:27,293  INFO [main] metadata.Hive: Dumping metastore api call timing information for : execution phase
2024-04-24T04:53:27,293  INFO [main] metadata.Hive: Total time spent in each metastore function (ms): {dropTable_(String, String, boolean, boolean, boolean)=54, getTable_(GetTableRequest)=13, isCompatibleWith_(Configuration)=0}
2024-04-24T04:53:27,294  INFO [main] ql.Driver: Completed executing command(queryId=alex_20240424045327_888e34a3-9862-4390-8f1a-b13a8d025220); Time taken: 0.067 seconds
2024-04-24T04:53:27,294  INFO [main] lockmgr.DbTxnManager: Stopped heartbeat for query: alex_20240424045327_888e34a3-9862-4390-8f1a-b13a8d025220
2024-04-24T04:53:27,299  INFO [main] txn.TxnHandler: Expected to move at least one record from txn_components to completed_txn_components when committing txn! txnid:25
2024-04-24T04:53:27,306  INFO [main] txn.TxnHandler: Removed transactions: ([25]) from MIN_HISTORY_LEVEL
2024-04-24T04:53:27,306  WARN [main] txn.CompactionTxnHandler: No compaction queue record found for Compaction type transaction commit. txnId:25
2024-04-24T04:53:27,307  INFO [main] ql.TxnCommandsBaseForTests: Running the query: drop table if exists nonAcidNonBucket
2024-04-24T04:53:27,307  INFO [main] ql.Driver: Compiling command(queryId=alex_20240424045327_9716ea27-5b25-4b45-b2c0-8e6aa720c92e): drop table if exists nonAcidNonBucket
2024-04-24T04:53:27,310  INFO [main] txn.TxnHandler: Added entries to MIN_HISTORY_LEVEL for current txns: ([26]) with min_open_txn: 21
2024-04-24T04:53:27,310  INFO [main] lockmgr.DbTxnManager: Opened txnid:26
2024-04-24T04:53:27,311  INFO [main] HiveMetaStore.audit: ugi=alex	ip=unknown-ip-addr	cmd=get_table : tbl=hive.default.nonAcidNonBucket	
2024-04-24T04:53:27,323  INFO [main] metastore.HMSHandler: Skipping translation for processor with null
2024-04-24T04:53:27,323  INFO [main] ql.Driver: Semantic Analysis Completed (retrial = false)
2024-04-24T04:53:27,323  INFO [main] ql.Driver: Created Hive schema: Schema(fieldSchemas:null, properties:null)
2024-04-24T04:53:27,323  INFO [main] metadata.Hive: Dumping metastore api call timing information for : compilation phase
2024-04-24T04:53:27,323  INFO [main] metadata.Hive: Total time spent in each metastore function (ms): {flushCache_()=0, isCompatibleWith_(Configuration)=1, getTable_(GetTableRequest)=12, openTxn_(String, TxnType)=3, commitTxn_(CommitTxnRequest)=12, getValidTxns_(long)=0}
2024-04-24T04:53:27,323  INFO [main] ql.Driver: Completed compiling command(queryId=alex_20240424045327_9716ea27-5b25-4b45-b2c0-8e6aa720c92e); Time taken: 0.016 seconds
2024-04-24T04:53:27,324  INFO [main] lockmgr.DbTxnManager: Setting lock request transaction to txnid:26 for queryId=alex_20240424045327_9716ea27-5b25-4b45-b2c0-8e6aa720c92e
2024-04-24T04:53:27,324  INFO [main] lockmgr.DbLockManager: Requesting lock for queryId=alex_20240424045327_9716ea27-5b25-4b45-b2c0-8e6aa720c92e
2024-04-24T04:53:27,343  INFO [main] lockmgr.DbLockManager: Response to queryId=alex_20240424045327_9716ea27-5b25-4b45-b2c0-8e6aa720c92e LockResponse(lockid:16, state:ACQUIRED)
2024-04-24T04:53:27,343  INFO [main] ql.Driver: Operation DROPTABLE obtained 1 locks
2024-04-24T04:53:27,343  INFO [main] ql.Driver: Executing command(queryId=alex_20240424045327_9716ea27-5b25-4b45-b2c0-8e6aa720c92e): drop table if exists nonAcidNonBucket
2024-04-24T04:53:27,343  INFO [main] ql.Driver: Starting task [Stage-0:DDL] in serial mode
2024-04-24T04:53:27,343  INFO [main] HiveMetaStore.audit: ugi=alex	ip=unknown-ip-addr	cmd=get_table : tbl=hive.default.nonAcidNonBucket	
2024-04-24T04:53:27,360  INFO [main] metastore.HMSHandler: Skipping translation for processor with null
2024-04-24T04:53:27,361  INFO [main] HiveMetaStore.audit: ugi=alex	ip=unknown-ip-addr	cmd=get_table : tbl=hive.default.nonAcidNonBucket	
2024-04-24T04:53:27,373  INFO [main] metastore.HMSHandler: Skipping translation for processor with null
2024-04-24T04:53:27,373  INFO [main] HiveMetaStore.audit: ugi=alex	ip=unknown-ip-addr	cmd=drop_table : tbl=hive.default.nonAcidNonBucket	
2024-04-24T04:53:27,423  INFO [main] metadata.Hive: Dumping metastore api call timing information for : execution phase
2024-04-24T04:53:27,423  INFO [main] metadata.Hive: Total time spent in each metastore function (ms): {dropTable_(String, String, boolean, boolean, boolean)=62, isCompatibleWith_(Configuration)=0, getTable_(GetTableRequest)=17}
2024-04-24T04:53:27,423  INFO [main] ql.Driver: Completed executing command(queryId=alex_20240424045327_9716ea27-5b25-4b45-b2c0-8e6aa720c92e); Time taken: 0.08 seconds
2024-04-24T04:53:27,423  INFO [main] lockmgr.DbTxnManager: Stopped heartbeat for query: alex_20240424045327_9716ea27-5b25-4b45-b2c0-8e6aa720c92e
2024-04-24T04:53:27,428  INFO [main] txn.TxnHandler: Expected to move at least one record from txn_components to completed_txn_components when committing txn! txnid:26
2024-04-24T04:53:27,436  INFO [main] txn.TxnHandler: Removed transactions: ([26]) from MIN_HISTORY_LEVEL
2024-04-24T04:53:27,436  WARN [main] txn.CompactionTxnHandler: No compaction queue record found for Compaction type transaction commit. txnId:26
2024-04-24T04:53:27,437  INFO [main] utils.TestTxnDbUtil: Cleaning transactional tables
]]></system-err>
  </testcase>
  <testcase name="testDeleteEventPruningOff" classname="org.apache.hadoop.hive.ql.TestTxnCommands3" time="5.174">
    <error type="java.lang.RuntimeException"><![CDATA[java.lang.RuntimeException: delete from T where a = 1 failed: (responseCode = 40000, errorMessage = FAILED: NoMatchingMethodException No matching method for class org.apache.hadoop.hive.ql.udf.UDFToInteger with (struct<writeid:bigint,bucketid:int,rowid:bigint>). Possible choices: _FUNC_(bigint)  _FUNC_(boolean)  _FUNC_(decimal(38,18))  _FUNC_(double)  _FUNC_(float)  _FUNC_(smallint)  _FUNC_(string)  _FUNC_(struct<bucketid:bigint,writeid:bigint,rowid:int>)  _FUNC_(timestamp)  _FUNC_(tinyint)  _FUNC_(void)  , hiveErrorCode = 40000, SQLState = 42000, exception = No matching method for class org.apache.hadoop.hive.ql.udf.UDFToInteger with (struct<writeid:bigint,bucketid:int,rowid:bigint>). Possible choices: _FUNC_(bigint)  _FUNC_(boolean)  _FUNC_(decimal(38,18))  _FUNC_(double)  _FUNC_(float)  _FUNC_(smallint)  _FUNC_(string)  _FUNC_(struct<bucketid:bigint,writeid:bigint,rowid:int>)  _FUNC_(timestamp)  _FUNC_(tinyint)  _FUNC_(void)  )
	at org.apache.hadoop.hive.ql.TxnCommandsBaseForTests.runStatementOnDriver(TxnCommandsBaseForTests.java:247)
	at org.apache.hadoop.hive.ql.TestTxnCommands3.testDeleteEventPruning(TestTxnCommands3.java:167)
	at org.apache.hadoop.hive.ql.TestTxnCommands3.testDeleteEventPruningOff(TestTxnCommands3.java:143)
	at sun.reflect.NativeMethodAccessorImpl.invoke0(Native Method)
	at sun.reflect.NativeMethodAccessorImpl.invoke(NativeMethodAccessorImpl.java:62)
	at sun.reflect.DelegatingMethodAccessorImpl.invoke(DelegatingMethodAccessorImpl.java:43)
	at java.lang.reflect.Method.invoke(Method.java:498)
	at org.junit.runners.model.FrameworkMethod$1.runReflectiveCall(FrameworkMethod.java:59)
	at org.junit.internal.runners.model.ReflectiveCallable.run(ReflectiveCallable.java:12)
	at org.junit.runners.model.FrameworkMethod.invokeExplosively(FrameworkMethod.java:56)
	at org.junit.internal.runners.statements.InvokeMethod.evaluate(InvokeMethod.java:17)
	at org.junit.internal.runners.statements.RunBefores.evaluate(RunBefores.java:26)
	at org.junit.internal.runners.statements.RunAfters.evaluate(RunAfters.java:27)
	at org.junit.rules.TestWatcher$1.evaluate(TestWatcher.java:61)
	at org.junit.runners.ParentRunner$3.evaluate(ParentRunner.java:306)
	at org.junit.runners.BlockJUnit4ClassRunner$1.evaluate(BlockJUnit4ClassRunner.java:100)
	at org.junit.runners.ParentRunner.runLeaf(ParentRunner.java:366)
	at org.junit.runners.BlockJUnit4ClassRunner.runChild(BlockJUnit4ClassRunner.java:103)
	at org.junit.runners.BlockJUnit4ClassRunner.runChild(BlockJUnit4ClassRunner.java:63)
	at org.junit.runners.ParentRunner$4.run(ParentRunner.java:331)
	at org.junit.runners.ParentRunner$1.schedule(ParentRunner.java:79)
	at org.junit.runners.ParentRunner.runChildren(ParentRunner.java:329)
	at org.junit.runners.ParentRunner.access$100(ParentRunner.java:66)
	at org.junit.runners.ParentRunner$2.evaluate(ParentRunner.java:293)
	at org.junit.runners.ParentRunner$3.evaluate(ParentRunner.java:306)
	at org.junit.runners.ParentRunner.run(ParentRunner.java:413)
	at org.junit.runner.JUnitCore.run(JUnitCore.java:137)
	at org.junit.runner.JUnitCore.run(JUnitCore.java:115)
	at org.junit.vintage.engine.execution.RunnerExecutor.execute(RunnerExecutor.java:43)
	at java.util.stream.ForEachOps$ForEachOp$OfRef.accept(ForEachOps.java:183)
	at java.util.stream.ReferencePipeline$3$1.accept(ReferencePipeline.java:193)
	at java.util.Iterator.forEachRemaining(Iterator.java:116)
	at java.util.Spliterators$IteratorSpliterator.forEachRemaining(Spliterators.java:1801)
	at java.util.stream.AbstractPipeline.copyInto(AbstractPipeline.java:482)
	at java.util.stream.AbstractPipeline.wrapAndCopyInto(AbstractPipeline.java:472)
	at java.util.stream.ForEachOps$ForEachOp.evaluateSequential(ForEachOps.java:150)
	at java.util.stream.ForEachOps$ForEachOp$OfRef.evaluateSequential(ForEachOps.java:173)
	at java.util.stream.AbstractPipeline.evaluate(AbstractPipeline.java:234)
	at java.util.stream.ReferencePipeline.forEach(ReferencePipeline.java:485)
	at org.junit.vintage.engine.VintageTestEngine.executeAllChildren(VintageTestEngine.java:82)
	at org.junit.vintage.engine.VintageTestEngine.execute(VintageTestEngine.java:73)
	at org.junit.platform.launcher.core.DefaultLauncher.execute(DefaultLauncher.java:248)
	at org.junit.platform.launcher.core.DefaultLauncher.lambda$execute$5(DefaultLauncher.java:211)
	at org.junit.platform.launcher.core.DefaultLauncher.withInterceptedStreams(DefaultLauncher.java:226)
	at org.junit.platform.launcher.core.DefaultLauncher.execute(DefaultLauncher.java:199)
	at org.junit.platform.launcher.core.DefaultLauncher.execute(DefaultLauncher.java:132)
	at org.apache.maven.surefire.junitplatform.JUnitPlatformProvider.invokeAllTests(JUnitPlatformProvider.java:154)
	at org.apache.maven.surefire.junitplatform.JUnitPlatformProvider.invoke(JUnitPlatformProvider.java:123)
	at org.apache.maven.surefire.booter.ForkedBooter.runSuitesInProcess(ForkedBooter.java:377)
	at org.apache.maven.surefire.booter.ForkedBooter.execute(ForkedBooter.java:138)
	at org.apache.maven.surefire.booter.ForkedBooter.run(ForkedBooter.java:465)
	at org.apache.maven.surefire.booter.ForkedBooter.main(ForkedBooter.java:451)
]]></error>
    <system-err><![CDATA[2024-04-24T04:53:27,534  WARN [main] conf.HiveConf: HiveConf of name hive.metastore.client.cache.maxSize does not exist
2024-04-24T04:53:27,534  WARN [main] conf.HiveConf: HiveConf of name hive.metastore.metadb.dir does not exist
2024-04-24T04:53:27,534  WARN [main] conf.HiveConf: HiveConf of name hive.dummyparam.test.server.specific.config.metastoresite does not exist
2024-04-24T04:53:27,534  WARN [main] conf.HiveConf: HiveConf of name hive.llap.io.cache.orc.arena.size does not exist
2024-04-24T04:53:27,535  WARN [main] conf.HiveConf: HiveConf of name hive.dummyparam.test.server.specific.config.override does not exist
2024-04-24T04:53:27,535  WARN [main] conf.HiveConf: HiveConf of name hive.metastore.client.cache.recordStats does not exist
2024-04-24T04:53:27,535  WARN [main] conf.HiveConf: HiveConf of name hive.stats.key.prefix.reserve.length does not exist
2024-04-24T04:53:27,535  WARN [main] conf.HiveConf: HiveConf of name hive.dummyparam.test.server.specific.config.hivesite does not exist
2024-04-24T04:53:27,535  WARN [main] conf.HiveConf: HiveConf of name hive.llap.io.cache.orc.alloc.min does not exist
2024-04-24T04:53:27,535  WARN [main] conf.HiveConf: HiveConf of name hive.llap.io.cache.orc.size does not exist
2024-04-24T04:53:27,535  WARN [main] conf.HiveConf: HiveConf of name hive.llap.io.cache.orc.alloc.max does not exist
2024-04-24T04:53:27,537  INFO [main] utils.TestTxnDbUtil: Creating transactional tables
Hive Session ID = 38fef2f7-e89e-4249-9959-8c4c6ae3240c
2024-04-24T04:53:27,540  INFO [main] SessionState: Hive Session ID = 38fef2f7-e89e-4249-9959-8c4c6ae3240c
ivysettings.xml file not found in HIVE_HOME or HIVE_CONF_DIR,/home/alex/Repositories/hive/conf/ivysettings.xml will be used
2024-04-24T04:53:27,540  INFO [main] DependencyResolver: ivysettings.xml file not found in HIVE_HOME or HIVE_CONF_DIR,/home/alex/Repositories/hive/conf/ivysettings.xml will be used
2024-04-24T04:53:27,546  INFO [main] session.SessionState: Created HDFS directory: /home/alex/Repositories/hive/ql/target/tmp/scratchdir/alex/38fef2f7-e89e-4249-9959-8c4c6ae3240c
2024-04-24T04:53:27,549  INFO [main] session.SessionState: Created local directory: /home/alex/Repositories/hive/ql/target/tmp/localscratchdir/38fef2f7-e89e-4249-9959-8c4c6ae3240c
2024-04-24T04:53:27,551  INFO [main] session.SessionState: Created HDFS directory: /home/alex/Repositories/hive/ql/target/tmp/scratchdir/alex/38fef2f7-e89e-4249-9959-8c4c6ae3240c/_tmp_space.db
2024-04-24T04:53:27,552  INFO [main] sqlstd.SQLStdHiveAccessController: Created SQLStdHiveAccessController for session context : HiveAuthzSessionContext [sessionString=38fef2f7-e89e-4249-9959-8c4c6ae3240c, clientType=HIVECLI]
2024-04-24T04:53:27,552  INFO [main] ql.TxnCommandsBaseForTests: Running the query: drop table if exists acidTbl
2024-04-24T04:53:27,553  INFO [main] ql.Driver: Compiling command(queryId=alex_20240424045327_f91b9b87-729d-456a-85af-2b13279bb6c2): drop table if exists acidTbl
2024-04-24T04:53:27,562  INFO [main] txn.TxnHandler: Added entries to MIN_HISTORY_LEVEL for current txns: ([1]) with min_open_txn: 1
2024-04-24T04:53:27,562  INFO [main] lockmgr.DbTxnManager: Opened txnid:1
2024-04-24T04:53:27,565  INFO [main] HiveMetaStore.audit: ugi=alex	ip=unknown-ip-addr	cmd=get_table : tbl=hive.default.acidTbl	
2024-04-24T04:53:27,569  INFO [main] ql.Driver: Semantic Analysis Completed (retrial = false)
2024-04-24T04:53:27,569  INFO [main] ql.Driver: Created Hive schema: Schema(fieldSchemas:null, properties:null)
2024-04-24T04:53:27,569  INFO [main] metadata.Hive: Dumping metastore api call timing information for : compilation phase
2024-04-24T04:53:27,569  INFO [main] metadata.Hive: Total time spent in each metastore function (ms): {openTxn_(String, TxnType)=9, commitTxn_(CommitTxnRequest)=14, isCompatibleWith_(Configuration)=0, flushCache_()=0, getValidTxns_(long)=2}
2024-04-24T04:53:27,569  INFO [main] ql.Driver: Completed compiling command(queryId=alex_20240424045327_f91b9b87-729d-456a-85af-2b13279bb6c2); Time taken: 0.016 seconds
2024-04-24T04:53:27,570  INFO [main] lockmgr.DbTxnManager: Setting lock request transaction to txnid:1 for queryId=alex_20240424045327_f91b9b87-729d-456a-85af-2b13279bb6c2
2024-04-24T04:53:27,570  INFO [main] ql.Driver: Operation DROPTABLE obtained 0 locks
2024-04-24T04:53:27,570  INFO [main] ql.Driver: Executing command(queryId=alex_20240424045327_f91b9b87-729d-456a-85af-2b13279bb6c2): drop table if exists acidTbl
2024-04-24T04:53:27,570  INFO [main] ql.Driver: Starting task [Stage-0:DDL] in serial mode
2024-04-24T04:53:27,570  INFO [main] HiveMetaStore.audit: ugi=alex	ip=unknown-ip-addr	cmd=get_table : tbl=hive.default.acidTbl	
2024-04-24T04:53:27,574  INFO [main] metadata.Hive: Dumping metastore api call timing information for : execution phase
2024-04-24T04:53:27,574  INFO [main] metadata.Hive: Total time spent in each metastore function (ms): {isCompatibleWith_(Configuration)=0}
2024-04-24T04:53:27,574  INFO [main] ql.Driver: Completed executing command(queryId=alex_20240424045327_f91b9b87-729d-456a-85af-2b13279bb6c2); Time taken: 0.004 seconds
2024-04-24T04:53:27,574  INFO [main] lockmgr.DbTxnManager: Stopped heartbeat for query: alex_20240424045327_f91b9b87-729d-456a-85af-2b13279bb6c2
2024-04-24T04:53:27,580  INFO [main] txn.TxnHandler: Expected to move at least one record from txn_components to completed_txn_components when committing txn! txnid:1
2024-04-24T04:53:27,587  INFO [main] txn.TxnHandler: Removed transactions: ([1]) from MIN_HISTORY_LEVEL
2024-04-24T04:53:27,587  WARN [main] txn.CompactionTxnHandler: No compaction queue record found for Compaction type transaction commit. txnId:1
2024-04-24T04:53:27,587  INFO [main] ql.TxnCommandsBaseForTests: Running the query: drop table if exists acidTblPart
2024-04-24T04:53:27,588  INFO [main] ql.Driver: Compiling command(queryId=alex_20240424045327_e3ab9358-b418-46dd-a9a6-dc69bd8a8a40): drop table if exists acidTblPart
2024-04-24T04:53:27,590  INFO [main] txn.TxnHandler: Added entries to MIN_HISTORY_LEVEL for current txns: ([2]) with min_open_txn: 1
2024-04-24T04:53:27,591  INFO [main] lockmgr.DbTxnManager: Opened txnid:2
2024-04-24T04:53:27,591  INFO [main] HiveMetaStore.audit: ugi=alex	ip=unknown-ip-addr	cmd=get_table : tbl=hive.default.acidTblPart	
2024-04-24T04:53:27,595  INFO [main] ql.Driver: Semantic Analysis Completed (retrial = false)
2024-04-24T04:53:27,595  INFO [main] ql.Driver: Created Hive schema: Schema(fieldSchemas:null, properties:null)
2024-04-24T04:53:27,595  INFO [main] metadata.Hive: Dumping metastore api call timing information for : compilation phase
2024-04-24T04:53:27,596  INFO [main] metadata.Hive: Total time spent in each metastore function (ms): {isCompatibleWith_(Configuration)=0, commitTxn_(CommitTxnRequest)=13, openTxn_(String, TxnType)=2, getValidTxns_(long)=0, flushCache_()=0}
2024-04-24T04:53:27,596  INFO [main] ql.Driver: Completed compiling command(queryId=alex_20240424045327_e3ab9358-b418-46dd-a9a6-dc69bd8a8a40); Time taken: 0.007 seconds
2024-04-24T04:53:27,596  INFO [main] lockmgr.DbTxnManager: Setting lock request transaction to txnid:2 for queryId=alex_20240424045327_e3ab9358-b418-46dd-a9a6-dc69bd8a8a40
2024-04-24T04:53:27,596  INFO [main] ql.Driver: Operation DROPTABLE obtained 0 locks
2024-04-24T04:53:27,596  INFO [main] ql.Driver: Executing command(queryId=alex_20240424045327_e3ab9358-b418-46dd-a9a6-dc69bd8a8a40): drop table if exists acidTblPart
2024-04-24T04:53:27,596  INFO [main] ql.Driver: Starting task [Stage-0:DDL] in serial mode
2024-04-24T04:53:27,596  INFO [main] HiveMetaStore.audit: ugi=alex	ip=unknown-ip-addr	cmd=get_table : tbl=hive.default.acidTblPart	
2024-04-24T04:53:27,600  INFO [main] metadata.Hive: Dumping metastore api call timing information for : execution phase
2024-04-24T04:53:27,600  INFO [main] metadata.Hive: Total time spent in each metastore function (ms): {isCompatibleWith_(Configuration)=0}
2024-04-24T04:53:27,600  INFO [main] ql.Driver: Completed executing command(queryId=alex_20240424045327_e3ab9358-b418-46dd-a9a6-dc69bd8a8a40); Time taken: 0.004 seconds
2024-04-24T04:53:27,600  INFO [main] lockmgr.DbTxnManager: Stopped heartbeat for query: alex_20240424045327_e3ab9358-b418-46dd-a9a6-dc69bd8a8a40
2024-04-24T04:53:27,606  INFO [main] txn.TxnHandler: Expected to move at least one record from txn_components to completed_txn_components when committing txn! txnid:2
2024-04-24T04:53:27,613  INFO [main] txn.TxnHandler: Removed transactions: ([2]) from MIN_HISTORY_LEVEL
2024-04-24T04:53:27,613  WARN [main] txn.CompactionTxnHandler: No compaction queue record found for Compaction type transaction commit. txnId:2
2024-04-24T04:53:27,614  INFO [main] ql.TxnCommandsBaseForTests: Running the query: drop table if exists acidTbl2
2024-04-24T04:53:27,614  INFO [main] ql.Driver: Compiling command(queryId=alex_20240424045327_16ebc0ef-33ee-4468-948b-655d55060ef3): drop table if exists acidTbl2
2024-04-24T04:53:27,617  INFO [main] txn.TxnHandler: Added entries to MIN_HISTORY_LEVEL for current txns: ([3]) with min_open_txn: 1
2024-04-24T04:53:27,618  INFO [main] lockmgr.DbTxnManager: Opened txnid:3
2024-04-24T04:53:27,618  INFO [main] HiveMetaStore.audit: ugi=alex	ip=unknown-ip-addr	cmd=get_table : tbl=hive.default.acidTbl2	
2024-04-24T04:53:27,622  INFO [main] ql.Driver: Semantic Analysis Completed (retrial = false)
2024-04-24T04:53:27,622  INFO [main] ql.Driver: Created Hive schema: Schema(fieldSchemas:null, properties:null)
2024-04-24T04:53:27,622  INFO [main] metadata.Hive: Dumping metastore api call timing information for : compilation phase
2024-04-24T04:53:27,622  INFO [main] metadata.Hive: Total time spent in each metastore function (ms): {commitTxn_(CommitTxnRequest)=14, getValidTxns_(long)=0, flushCache_()=0, isCompatibleWith_(Configuration)=0, openTxn_(String, TxnType)=2}
2024-04-24T04:53:27,622  INFO [main] ql.Driver: Completed compiling command(queryId=alex_20240424045327_16ebc0ef-33ee-4468-948b-655d55060ef3); Time taken: 0.008 seconds
2024-04-24T04:53:27,622  INFO [main] lockmgr.DbTxnManager: Setting lock request transaction to txnid:3 for queryId=alex_20240424045327_16ebc0ef-33ee-4468-948b-655d55060ef3
2024-04-24T04:53:27,622  INFO [main] ql.Driver: Operation DROPTABLE obtained 0 locks
2024-04-24T04:53:27,622  INFO [main] ql.Driver: Executing command(queryId=alex_20240424045327_16ebc0ef-33ee-4468-948b-655d55060ef3): drop table if exists acidTbl2
2024-04-24T04:53:27,623  INFO [main] ql.Driver: Starting task [Stage-0:DDL] in serial mode
2024-04-24T04:53:27,623  INFO [main] HiveMetaStore.audit: ugi=alex	ip=unknown-ip-addr	cmd=get_table : tbl=hive.default.acidTbl2	
2024-04-24T04:53:27,626  INFO [main] metadata.Hive: Dumping metastore api call timing information for : execution phase
2024-04-24T04:53:27,627  INFO [main] metadata.Hive: Total time spent in each metastore function (ms): {isCompatibleWith_(Configuration)=0}
2024-04-24T04:53:27,627  INFO [main] ql.Driver: Completed executing command(queryId=alex_20240424045327_16ebc0ef-33ee-4468-948b-655d55060ef3); Time taken: 0.004 seconds
2024-04-24T04:53:27,627  INFO [main] lockmgr.DbTxnManager: Stopped heartbeat for query: alex_20240424045327_16ebc0ef-33ee-4468-948b-655d55060ef3
2024-04-24T04:53:27,633  INFO [main] txn.TxnHandler: Expected to move at least one record from txn_components to completed_txn_components when committing txn! txnid:3
2024-04-24T04:53:27,639  INFO [main] txn.TxnHandler: Removed transactions: ([3]) from MIN_HISTORY_LEVEL
2024-04-24T04:53:27,639  WARN [main] txn.CompactionTxnHandler: No compaction queue record found for Compaction type transaction commit. txnId:3
2024-04-24T04:53:27,640  INFO [main] ql.TxnCommandsBaseForTests: Running the query: drop table if exists nonAcidOrcTbl
2024-04-24T04:53:27,640  INFO [main] ql.Driver: Compiling command(queryId=alex_20240424045327_feec6f73-8242-4583-a85e-3989e4ecc7bc): drop table if exists nonAcidOrcTbl
2024-04-24T04:53:27,643  INFO [main] txn.TxnHandler: Added entries to MIN_HISTORY_LEVEL for current txns: ([4]) with min_open_txn: 1
2024-04-24T04:53:27,643  INFO [main] lockmgr.DbTxnManager: Opened txnid:4
2024-04-24T04:53:27,644  INFO [main] HiveMetaStore.audit: ugi=alex	ip=unknown-ip-addr	cmd=get_table : tbl=hive.default.nonAcidOrcTbl	
2024-04-24T04:53:27,647  INFO [main] ql.Driver: Semantic Analysis Completed (retrial = false)
2024-04-24T04:53:27,647  INFO [main] ql.Driver: Created Hive schema: Schema(fieldSchemas:null, properties:null)
2024-04-24T04:53:27,647  INFO [main] metadata.Hive: Dumping metastore api call timing information for : compilation phase
2024-04-24T04:53:27,648  INFO [main] metadata.Hive: Total time spent in each metastore function (ms): {getValidTxns_(long)=1, isCompatibleWith_(Configuration)=1, openTxn_(String, TxnType)=2, flushCache_()=0, commitTxn_(CommitTxnRequest)=13}
2024-04-24T04:53:27,648  INFO [main] ql.Driver: Completed compiling command(queryId=alex_20240424045327_feec6f73-8242-4583-a85e-3989e4ecc7bc); Time taken: 0.007 seconds
2024-04-24T04:53:27,648  INFO [main] lockmgr.DbTxnManager: Setting lock request transaction to txnid:4 for queryId=alex_20240424045327_feec6f73-8242-4583-a85e-3989e4ecc7bc
2024-04-24T04:53:27,648  INFO [main] ql.Driver: Operation DROPTABLE obtained 0 locks
2024-04-24T04:53:27,648  INFO [main] ql.Driver: Executing command(queryId=alex_20240424045327_feec6f73-8242-4583-a85e-3989e4ecc7bc): drop table if exists nonAcidOrcTbl
2024-04-24T04:53:27,648  INFO [main] ql.Driver: Starting task [Stage-0:DDL] in serial mode
2024-04-24T04:53:27,649  INFO [main] HiveMetaStore.audit: ugi=alex	ip=unknown-ip-addr	cmd=get_table : tbl=hive.default.nonAcidOrcTbl	
2024-04-24T04:53:27,652  INFO [main] metadata.Hive: Dumping metastore api call timing information for : execution phase
2024-04-24T04:53:27,652  INFO [main] metadata.Hive: Total time spent in each metastore function (ms): {isCompatibleWith_(Configuration)=0}
2024-04-24T04:53:27,652  INFO [main] ql.Driver: Completed executing command(queryId=alex_20240424045327_feec6f73-8242-4583-a85e-3989e4ecc7bc); Time taken: 0.004 seconds
2024-04-24T04:53:27,652  INFO [main] lockmgr.DbTxnManager: Stopped heartbeat for query: alex_20240424045327_feec6f73-8242-4583-a85e-3989e4ecc7bc
2024-04-24T04:53:27,658  INFO [main] txn.TxnHandler: Expected to move at least one record from txn_components to completed_txn_components when committing txn! txnid:4
2024-04-24T04:53:27,665  INFO [main] txn.TxnHandler: Removed transactions: ([4]) from MIN_HISTORY_LEVEL
2024-04-24T04:53:27,665  WARN [main] txn.CompactionTxnHandler: No compaction queue record found for Compaction type transaction commit. txnId:4
2024-04-24T04:53:27,666  INFO [main] ql.TxnCommandsBaseForTests: Running the query: drop table if exists nonAcidOrcTbl2
2024-04-24T04:53:27,666  INFO [main] ql.Driver: Compiling command(queryId=alex_20240424045327_f6f342e4-d6ba-47de-befc-0189708650a8): drop table if exists nonAcidOrcTbl2
2024-04-24T04:53:27,669  INFO [main] txn.TxnHandler: Added entries to MIN_HISTORY_LEVEL for current txns: ([5]) with min_open_txn: 1
2024-04-24T04:53:27,670  INFO [main] lockmgr.DbTxnManager: Opened txnid:5
2024-04-24T04:53:27,670  INFO [main] HiveMetaStore.audit: ugi=alex	ip=unknown-ip-addr	cmd=get_table : tbl=hive.default.nonAcidOrcTbl2	
2024-04-24T04:53:27,674  INFO [main] ql.Driver: Semantic Analysis Completed (retrial = false)
2024-04-24T04:53:27,674  INFO [main] ql.Driver: Created Hive schema: Schema(fieldSchemas:null, properties:null)
2024-04-24T04:53:27,674  INFO [main] metadata.Hive: Dumping metastore api call timing information for : compilation phase
2024-04-24T04:53:27,674  INFO [main] metadata.Hive: Total time spent in each metastore function (ms): {getValidTxns_(long)=0, commitTxn_(CommitTxnRequest)=13, isCompatibleWith_(Configuration)=0, openTxn_(String, TxnType)=3, flushCache_()=0}
2024-04-24T04:53:27,674  INFO [main] ql.Driver: Completed compiling command(queryId=alex_20240424045327_f6f342e4-d6ba-47de-befc-0189708650a8); Time taken: 0.008 seconds
2024-04-24T04:53:27,675  INFO [main] lockmgr.DbTxnManager: Setting lock request transaction to txnid:5 for queryId=alex_20240424045327_f6f342e4-d6ba-47de-befc-0189708650a8
2024-04-24T04:53:27,675  INFO [main] ql.Driver: Operation DROPTABLE obtained 0 locks
2024-04-24T04:53:27,675  INFO [main] ql.Driver: Executing command(queryId=alex_20240424045327_f6f342e4-d6ba-47de-befc-0189708650a8): drop table if exists nonAcidOrcTbl2
2024-04-24T04:53:27,675  INFO [main] ql.Driver: Starting task [Stage-0:DDL] in serial mode
2024-04-24T04:53:27,675  INFO [main] HiveMetaStore.audit: ugi=alex	ip=unknown-ip-addr	cmd=get_table : tbl=hive.default.nonAcidOrcTbl2	
2024-04-24T04:53:27,678  INFO [main] metadata.Hive: Dumping metastore api call timing information for : execution phase
2024-04-24T04:53:27,679  INFO [main] metadata.Hive: Total time spent in each metastore function (ms): {isCompatibleWith_(Configuration)=0}
2024-04-24T04:53:27,679  INFO [main] ql.Driver: Completed executing command(queryId=alex_20240424045327_f6f342e4-d6ba-47de-befc-0189708650a8); Time taken: 0.003 seconds
2024-04-24T04:53:27,679  INFO [main] lockmgr.DbTxnManager: Stopped heartbeat for query: alex_20240424045327_f6f342e4-d6ba-47de-befc-0189708650a8
2024-04-24T04:53:27,685  INFO [main] txn.TxnHandler: Expected to move at least one record from txn_components to completed_txn_components when committing txn! txnid:5
2024-04-24T04:53:27,692  INFO [main] txn.TxnHandler: Removed transactions: ([5]) from MIN_HISTORY_LEVEL
2024-04-24T04:53:27,692  WARN [main] txn.CompactionTxnHandler: No compaction queue record found for Compaction type transaction commit. txnId:5
2024-04-24T04:53:27,692  INFO [main] ql.TxnCommandsBaseForTests: Running the query: drop table if exists nonAcidNonBucket
2024-04-24T04:53:27,693  INFO [main] ql.Driver: Compiling command(queryId=alex_20240424045327_6a8cf4de-bba4-412b-bd6d-343b879251eb): drop table if exists nonAcidNonBucket
2024-04-24T04:53:27,695  INFO [main] txn.TxnHandler: Added entries to MIN_HISTORY_LEVEL for current txns: ([6]) with min_open_txn: 1
2024-04-24T04:53:27,696  INFO [main] lockmgr.DbTxnManager: Opened txnid:6
2024-04-24T04:53:27,697  INFO [main] HiveMetaStore.audit: ugi=alex	ip=unknown-ip-addr	cmd=get_table : tbl=hive.default.nonAcidNonBucket	
2024-04-24T04:53:27,700  INFO [main] ql.Driver: Semantic Analysis Completed (retrial = false)
2024-04-24T04:53:27,700  INFO [main] ql.Driver: Created Hive schema: Schema(fieldSchemas:null, properties:null)
2024-04-24T04:53:27,700  INFO [main] metadata.Hive: Dumping metastore api call timing information for : compilation phase
2024-04-24T04:53:27,700  INFO [main] metadata.Hive: Total time spent in each metastore function (ms): {openTxn_(String, TxnType)=3, isCompatibleWith_(Configuration)=0, getValidTxns_(long)=0, commitTxn_(CommitTxnRequest)=13, flushCache_()=0}
2024-04-24T04:53:27,700  INFO [main] ql.Driver: Completed compiling command(queryId=alex_20240424045327_6a8cf4de-bba4-412b-bd6d-343b879251eb); Time taken: 0.007 seconds
2024-04-24T04:53:27,700  INFO [main] lockmgr.DbTxnManager: Setting lock request transaction to txnid:6 for queryId=alex_20240424045327_6a8cf4de-bba4-412b-bd6d-343b879251eb
2024-04-24T04:53:27,701  INFO [main] ql.Driver: Operation DROPTABLE obtained 0 locks
2024-04-24T04:53:27,701  INFO [main] ql.Driver: Executing command(queryId=alex_20240424045327_6a8cf4de-bba4-412b-bd6d-343b879251eb): drop table if exists nonAcidNonBucket
2024-04-24T04:53:27,701  INFO [main] ql.Driver: Starting task [Stage-0:DDL] in serial mode
2024-04-24T04:53:27,701  INFO [main] HiveMetaStore.audit: ugi=alex	ip=unknown-ip-addr	cmd=get_table : tbl=hive.default.nonAcidNonBucket	
2024-04-24T04:53:27,705  INFO [main] metadata.Hive: Dumping metastore api call timing information for : execution phase
2024-04-24T04:53:27,705  INFO [main] metadata.Hive: Total time spent in each metastore function (ms): {isCompatibleWith_(Configuration)=0}
2024-04-24T04:53:27,705  INFO [main] ql.Driver: Completed executing command(queryId=alex_20240424045327_6a8cf4de-bba4-412b-bd6d-343b879251eb); Time taken: 0.004 seconds
2024-04-24T04:53:27,705  INFO [main] lockmgr.DbTxnManager: Stopped heartbeat for query: alex_20240424045327_6a8cf4de-bba4-412b-bd6d-343b879251eb
2024-04-24T04:53:27,711  INFO [main] txn.TxnHandler: Expected to move at least one record from txn_components to completed_txn_components when committing txn! txnid:6
2024-04-24T04:53:27,719  INFO [main] txn.TxnHandler: Removed transactions: ([6]) from MIN_HISTORY_LEVEL
2024-04-24T04:53:27,719  WARN [main] txn.CompactionTxnHandler: No compaction queue record found for Compaction type transaction commit. txnId:6
2024-04-24T04:53:27,720  INFO [main] ql.TxnCommandsBaseForTests: Running the query: create table acidTbl(a int, b int) clustered by (a) into 2 buckets stored as orc TBLPROPERTIES ('transactional'='true')
2024-04-24T04:53:27,720  INFO [main] ql.Driver: Compiling command(queryId=alex_20240424045327_05901164-3757-46a7-95af-9ed9f50fc061): create table acidTbl(a int, b int) clustered by (a) into 2 buckets stored as orc TBLPROPERTIES ('transactional'='true')
2024-04-24T04:53:27,724  INFO [main] txn.TxnHandler: Added entries to MIN_HISTORY_LEVEL for current txns: ([7]) with min_open_txn: 1
2024-04-24T04:53:27,724  INFO [main] lockmgr.DbTxnManager: Opened txnid:7
2024-04-24T04:53:27,725  INFO [main] parse.CalcitePlanner: Starting caching scope for: 
2024-04-24T04:53:27,725  INFO [main] parse.CalcitePlanner: Starting Semantic Analysis
2024-04-24T04:53:27,732  INFO [main] parse.CalcitePlanner: Creating table default.acidTbl position=13
2024-04-24T04:53:27,732  INFO [main] HiveMetaStore.audit: ugi=alex	ip=unknown-ip-addr	cmd=get_database: default	
2024-04-24T04:53:27,734  INFO [main] parse.CalcitePlanner: Ending caching scope for: 
2024-04-24T04:53:27,734  INFO [main] ql.Driver: Semantic Analysis Completed (retrial = false)
2024-04-24T04:53:27,734  INFO [main] ql.Driver: Created Hive schema: Schema(fieldSchemas:null, properties:null)
2024-04-24T04:53:27,735  INFO [main] metadata.Hive: Dumping metastore api call timing information for : compilation phase
2024-04-24T04:53:27,735  INFO [main] metadata.Hive: Total time spent in each metastore function (ms): {flushCache_()=0, isCompatibleWith_(Configuration)=0, getValidTxns_(long)=1, openTxn_(String, TxnType)=3, commitTxn_(CommitTxnRequest)=15, getDatabase_(String)=2, getValidWriteIds_(List, String)=7}
2024-04-24T04:53:27,735  INFO [main] ql.Driver: Completed compiling command(queryId=alex_20240424045327_05901164-3757-46a7-95af-9ed9f50fc061); Time taken: 0.014 seconds
2024-04-24T04:53:27,735  INFO [main] lockmgr.DbTxnManager: Setting lock request transaction to txnid:7 for queryId=alex_20240424045327_05901164-3757-46a7-95af-9ed9f50fc061
2024-04-24T04:53:27,735  INFO [main] lockmgr.DbLockManager: Requesting lock for queryId=alex_20240424045327_05901164-3757-46a7-95af-9ed9f50fc061
2024-04-24T04:53:27,762  INFO [main] lockmgr.DbLockManager: Response to queryId=alex_20240424045327_05901164-3757-46a7-95af-9ed9f50fc061 LockResponse(lockid:1, state:ACQUIRED)
2024-04-24T04:53:27,762  INFO [main] ql.Driver: Operation CREATETABLE obtained 1 locks
2024-04-24T04:53:27,763  INFO [main] ql.Driver: Executing command(queryId=alex_20240424045327_05901164-3757-46a7-95af-9ed9f50fc061): create table acidTbl(a int, b int) clustered by (a) into 2 buckets stored as orc TBLPROPERTIES ('transactional'='true')
2024-04-24T04:53:27,763  INFO [main] ql.Driver: Starting task [Stage-0:DDL] in serial mode
2024-04-24T04:53:27,765  INFO [main] HiveMetaStore.audit: ugi=alex	ip=unknown-ip-addr	cmd=create_table_req: Table(tableName:acidTbl, dbName:default, owner:alex, createTime:1713959607, lastAccessTime:0, retention:0, sd:StorageDescriptor(cols:[FieldSchema(name:a, type:int, comment:null), FieldSchema(name:b, type:int, comment:null)], location:null, inputFormat:org.apache.hadoop.hive.ql.io.orc.OrcInputFormat, outputFormat:org.apache.hadoop.hive.ql.io.orc.OrcOutputFormat, compressed:false, numBuckets:2, serdeInfo:SerDeInfo(name:null, serializationLib:org.apache.hadoop.hive.ql.io.orc.OrcSerde, parameters:{serialization.format=1}), bucketCols:[a], sortCols:[], parameters:{}, skewedInfo:SkewedInfo(skewedColNames:[], skewedColValues:[], skewedColValueLocationMaps:{}), storedAsSubDirectories:false), partitionKeys:[], parameters:{bucketing_version=2, rawDataSize=0, numRows=0, numFilesErasureCoded=0, transactional=true, COLUMN_STATS_ACCURATE={"BASIC_STATS":"true","COLUMN_STATS":{"a":"true","b":"true"}}, totalSize=0, numFiles=0}, viewOriginalText:null, viewExpandedText:null, tableType:MANAGED_TABLE, privileges:PrincipalPrivilegeSet(userPrivileges:{alex=[PrivilegeGrantInfo(privilege:INSERT, createTime:-1, grantor:alex, grantorType:USER, grantOption:true), PrivilegeGrantInfo(privilege:SELECT, createTime:-1, grantor:alex, grantorType:USER, grantOption:true), PrivilegeGrantInfo(privilege:UPDATE, createTime:-1, grantor:alex, grantorType:USER, grantOption:true), PrivilegeGrantInfo(privilege:DELETE, createTime:-1, grantor:alex, grantorType:USER, grantOption:true)]}, groupPrivileges:null, rolePrivileges:null), temporary:false, catName:hive, ownerType:USER, writeId:0)	
2024-04-24T04:53:27,772  INFO [main] utils.FileUtils: Creating directory if it doesn't exist: file:/home/alex/Repositories/hive/ql/target/tmp/org.apache.hadoop.hive.ql.TestTxnCommands3-1713959586346/warehouse/acidtbl
2024-04-24T04:53:27,821  INFO [main] metadata.Hive: Dumping metastore api call timing information for : execution phase
2024-04-24T04:53:27,821  INFO [main] metadata.Hive: Total time spent in each metastore function (ms): {createTable_(Table)=57, isCompatibleWith_(Configuration)=0}
2024-04-24T04:53:27,822  INFO [main] ql.Driver: Completed executing command(queryId=alex_20240424045327_05901164-3757-46a7-95af-9ed9f50fc061); Time taken: 0.058 seconds
2024-04-24T04:53:27,822  INFO [main] lockmgr.DbTxnManager: Stopped heartbeat for query: alex_20240424045327_05901164-3757-46a7-95af-9ed9f50fc061
2024-04-24T04:53:27,827  INFO [main] txn.TxnHandler: Expected to move at least one record from txn_components to completed_txn_components when committing txn! txnid:7
2024-04-24T04:53:27,835  INFO [main] txn.TxnHandler: Removed transactions: ([7]) from MIN_HISTORY_LEVEL
2024-04-24T04:53:27,835  WARN [main] txn.CompactionTxnHandler: No compaction queue record found for Compaction type transaction commit. txnId:7
2024-04-24T04:53:27,836  INFO [main] ql.TxnCommandsBaseForTests: Running the query: create table acidTblPart(a int, b int) partitioned by (p string) clustered by (a) into 2 buckets stored as orc TBLPROPERTIES ('transactional'='true')
2024-04-24T04:53:27,836  INFO [main] ql.Driver: Compiling command(queryId=alex_20240424045327_af48d053-1218-4f4b-a22c-30319ad1ee0d): create table acidTblPart(a int, b int) partitioned by (p string) clustered by (a) into 2 buckets stored as orc TBLPROPERTIES ('transactional'='true')
2024-04-24T04:53:27,847  INFO [main] txn.TxnHandler: Added entries to MIN_HISTORY_LEVEL for current txns: ([8]) with min_open_txn: 1
2024-04-24T04:53:27,848  INFO [main] lockmgr.DbTxnManager: Opened txnid:8
2024-04-24T04:53:27,851  INFO [main] parse.CalcitePlanner: Starting caching scope for: 
2024-04-24T04:53:27,851  INFO [main] parse.CalcitePlanner: Starting Semantic Analysis
2024-04-24T04:53:27,854  INFO [main] parse.CalcitePlanner: Creating table default.acidTblPart position=13
2024-04-24T04:53:27,854  INFO [main] HiveMetaStore.audit: ugi=alex	ip=unknown-ip-addr	cmd=get_database: default	
2024-04-24T04:53:27,856  INFO [main] parse.CalcitePlanner: Ending caching scope for: 
2024-04-24T04:53:27,856  INFO [main] ql.Driver: Semantic Analysis Completed (retrial = false)
2024-04-24T04:53:27,856  INFO [main] ql.Driver: Created Hive schema: Schema(fieldSchemas:null, properties:null)
2024-04-24T04:53:27,856  INFO [main] metadata.Hive: Dumping metastore api call timing information for : compilation phase
2024-04-24T04:53:27,857  INFO [main] metadata.Hive: Total time spent in each metastore function (ms): {commitTxn_(CommitTxnRequest)=14, getValidWriteIds_(List, String)=3, getValidTxns_(long)=3, getDatabase_(String)=2, openTxn_(String, TxnType)=11, isCompatibleWith_(Configuration)=0, flushCache_()=0}
2024-04-24T04:53:27,857  INFO [main] ql.Driver: Completed compiling command(queryId=alex_20240424045327_af48d053-1218-4f4b-a22c-30319ad1ee0d); Time taken: 0.02 seconds
2024-04-24T04:53:27,857  INFO [main] lockmgr.DbTxnManager: Setting lock request transaction to txnid:8 for queryId=alex_20240424045327_af48d053-1218-4f4b-a22c-30319ad1ee0d
2024-04-24T04:53:27,857  INFO [main] lockmgr.DbLockManager: Requesting lock for queryId=alex_20240424045327_af48d053-1218-4f4b-a22c-30319ad1ee0d
2024-04-24T04:53:27,878  INFO [main] lockmgr.DbLockManager: Response to queryId=alex_20240424045327_af48d053-1218-4f4b-a22c-30319ad1ee0d LockResponse(lockid:2, state:ACQUIRED)
2024-04-24T04:53:27,878  INFO [main] ql.Driver: Operation CREATETABLE obtained 1 locks
2024-04-24T04:53:27,879  INFO [main] ql.Driver: Executing command(queryId=alex_20240424045327_af48d053-1218-4f4b-a22c-30319ad1ee0d): create table acidTblPart(a int, b int) partitioned by (p string) clustered by (a) into 2 buckets stored as orc TBLPROPERTIES ('transactional'='true')
2024-04-24T04:53:27,879  INFO [main] ql.Driver: Starting task [Stage-0:DDL] in serial mode
2024-04-24T04:53:27,880  INFO [main] HiveMetaStore.audit: ugi=alex	ip=unknown-ip-addr	cmd=create_table_req: Table(tableName:acidTblPart, dbName:default, owner:alex, createTime:1713959607, lastAccessTime:0, retention:0, sd:StorageDescriptor(cols:[FieldSchema(name:a, type:int, comment:null), FieldSchema(name:b, type:int, comment:null)], location:null, inputFormat:org.apache.hadoop.hive.ql.io.orc.OrcInputFormat, outputFormat:org.apache.hadoop.hive.ql.io.orc.OrcOutputFormat, compressed:false, numBuckets:2, serdeInfo:SerDeInfo(name:null, serializationLib:org.apache.hadoop.hive.ql.io.orc.OrcSerde, parameters:{serialization.format=1}), bucketCols:[a], sortCols:[], parameters:{}, skewedInfo:SkewedInfo(skewedColNames:[], skewedColValues:[], skewedColValueLocationMaps:{}), storedAsSubDirectories:false), partitionKeys:[FieldSchema(name:p, type:string, comment:null)], parameters:{transactional=true, bucketing_version=2}, viewOriginalText:null, viewExpandedText:null, tableType:MANAGED_TABLE, privileges:PrincipalPrivilegeSet(userPrivileges:{alex=[PrivilegeGrantInfo(privilege:INSERT, createTime:-1, grantor:alex, grantorType:USER, grantOption:true), PrivilegeGrantInfo(privilege:SELECT, createTime:-1, grantor:alex, grantorType:USER, grantOption:true), PrivilegeGrantInfo(privilege:UPDATE, createTime:-1, grantor:alex, grantorType:USER, grantOption:true), PrivilegeGrantInfo(privilege:DELETE, createTime:-1, grantor:alex, grantorType:USER, grantOption:true)]}, groupPrivileges:null, rolePrivileges:null), temporary:false, catName:hive, ownerType:USER, writeId:0)	
2024-04-24T04:53:27,888  INFO [main] utils.FileUtils: Creating directory if it doesn't exist: file:/home/alex/Repositories/hive/ql/target/tmp/org.apache.hadoop.hive.ql.TestTxnCommands3-1713959586346/warehouse/acidtblpart
2024-04-24T04:53:27,915  INFO [main] metadata.Hive: Dumping metastore api call timing information for : execution phase
2024-04-24T04:53:27,915  INFO [main] metadata.Hive: Total time spent in each metastore function (ms): {isCompatibleWith_(Configuration)=0, createTable_(Table)=35}
2024-04-24T04:53:27,915  INFO [main] ql.Driver: Completed executing command(queryId=alex_20240424045327_af48d053-1218-4f4b-a22c-30319ad1ee0d); Time taken: 0.036 seconds
2024-04-24T04:53:27,915  INFO [main] lockmgr.DbTxnManager: Stopped heartbeat for query: alex_20240424045327_af48d053-1218-4f4b-a22c-30319ad1ee0d
2024-04-24T04:53:27,920  INFO [main] txn.TxnHandler: Expected to move at least one record from txn_components to completed_txn_components when committing txn! txnid:8
2024-04-24T04:53:27,929  INFO [main] txn.TxnHandler: Removed transactions: ([8]) from MIN_HISTORY_LEVEL
2024-04-24T04:53:27,929  WARN [main] txn.CompactionTxnHandler: No compaction queue record found for Compaction type transaction commit. txnId:8
2024-04-24T04:53:27,930  INFO [main] ql.TxnCommandsBaseForTests: Running the query: create table nonAcidOrcTbl(a int, b int) clustered by (a) into 2 buckets stored as orc TBLPROPERTIES ('transactional'='false')
2024-04-24T04:53:27,930  INFO [main] ql.Driver: Compiling command(queryId=alex_20240424045327_3a34fabb-7761-4006-97eb-a2fcfb402f73): create table nonAcidOrcTbl(a int, b int) clustered by (a) into 2 buckets stored as orc TBLPROPERTIES ('transactional'='false')
2024-04-24T04:53:27,934  INFO [main] txn.TxnHandler: Added entries to MIN_HISTORY_LEVEL for current txns: ([9]) with min_open_txn: 1
2024-04-24T04:53:27,934  INFO [main] lockmgr.DbTxnManager: Opened txnid:9
2024-04-24T04:53:27,935  INFO [main] parse.CalcitePlanner: Starting caching scope for: 
2024-04-24T04:53:27,935  INFO [main] parse.CalcitePlanner: Starting Semantic Analysis
2024-04-24T04:53:27,938  INFO [main] parse.CalcitePlanner: Creating table default.nonAcidOrcTbl position=13
2024-04-24T04:53:27,938  INFO [main] HiveMetaStore.audit: ugi=alex	ip=unknown-ip-addr	cmd=get_database: default	
2024-04-24T04:53:27,940  INFO [main] parse.CalcitePlanner: Ending caching scope for: 
2024-04-24T04:53:27,940  INFO [main] ql.Driver: Semantic Analysis Completed (retrial = false)
2024-04-24T04:53:27,940  INFO [main] ql.Driver: Created Hive schema: Schema(fieldSchemas:null, properties:null)
2024-04-24T04:53:27,940  INFO [main] metadata.Hive: Dumping metastore api call timing information for : compilation phase
2024-04-24T04:53:27,940  INFO [main] metadata.Hive: Total time spent in each metastore function (ms): {flushCache_()=0, getDatabase_(String)=2, getValidTxns_(long)=1, isCompatibleWith_(Configuration)=1, openTxn_(String, TxnType)=3, getValidWriteIds_(List, String)=3, commitTxn_(CommitTxnRequest)=14}
2024-04-24T04:53:27,940  INFO [main] ql.Driver: Completed compiling command(queryId=alex_20240424045327_3a34fabb-7761-4006-97eb-a2fcfb402f73); Time taken: 0.01 seconds
2024-04-24T04:53:27,941  INFO [main] lockmgr.DbTxnManager: Setting lock request transaction to txnid:9 for queryId=alex_20240424045327_3a34fabb-7761-4006-97eb-a2fcfb402f73
2024-04-24T04:53:27,941  INFO [main] lockmgr.DbLockManager: Requesting lock for queryId=alex_20240424045327_3a34fabb-7761-4006-97eb-a2fcfb402f73
2024-04-24T04:53:27,959  INFO [main] lockmgr.DbLockManager: Response to queryId=alex_20240424045327_3a34fabb-7761-4006-97eb-a2fcfb402f73 LockResponse(lockid:3, state:ACQUIRED)
2024-04-24T04:53:27,959  INFO [main] ql.Driver: Operation CREATETABLE obtained 1 locks
2024-04-24T04:53:27,959  INFO [main] ql.Driver: Executing command(queryId=alex_20240424045327_3a34fabb-7761-4006-97eb-a2fcfb402f73): create table nonAcidOrcTbl(a int, b int) clustered by (a) into 2 buckets stored as orc TBLPROPERTIES ('transactional'='false')
2024-04-24T04:53:27,959  INFO [main] ql.Driver: Starting task [Stage-0:DDL] in serial mode
2024-04-24T04:53:27,960  INFO [main] HiveMetaStore.audit: ugi=alex	ip=unknown-ip-addr	cmd=create_table_req: Table(tableName:nonAcidOrcTbl, dbName:default, owner:alex, createTime:1713959607, lastAccessTime:0, retention:0, sd:StorageDescriptor(cols:[FieldSchema(name:a, type:int, comment:null), FieldSchema(name:b, type:int, comment:null)], location:null, inputFormat:org.apache.hadoop.hive.ql.io.orc.OrcInputFormat, outputFormat:org.apache.hadoop.hive.ql.io.orc.OrcOutputFormat, compressed:false, numBuckets:2, serdeInfo:SerDeInfo(name:null, serializationLib:org.apache.hadoop.hive.ql.io.orc.OrcSerde, parameters:{serialization.format=1}), bucketCols:[a], sortCols:[], parameters:{}, skewedInfo:SkewedInfo(skewedColNames:[], skewedColValues:[], skewedColValueLocationMaps:{}), storedAsSubDirectories:false), partitionKeys:[], parameters:{numFilesErasureCoded=0, rawDataSize=0, totalSize=0, numRows=0, numFiles=0, COLUMN_STATS_ACCURATE={"BASIC_STATS":"true","COLUMN_STATS":{"a":"true","b":"true"}}, bucketing_version=2, transactional=false}, viewOriginalText:null, viewExpandedText:null, tableType:MANAGED_TABLE, privileges:PrincipalPrivilegeSet(userPrivileges:{alex=[PrivilegeGrantInfo(privilege:INSERT, createTime:-1, grantor:alex, grantorType:USER, grantOption:true), PrivilegeGrantInfo(privilege:SELECT, createTime:-1, grantor:alex, grantorType:USER, grantOption:true), PrivilegeGrantInfo(privilege:UPDATE, createTime:-1, grantor:alex, grantorType:USER, grantOption:true), PrivilegeGrantInfo(privilege:DELETE, createTime:-1, grantor:alex, grantorType:USER, grantOption:true)]}, groupPrivileges:null, rolePrivileges:null), temporary:false, catName:hive, ownerType:USER)	
2024-04-24T04:53:27,967  INFO [main] utils.FileUtils: Creating directory if it doesn't exist: file:/home/alex/Repositories/hive/ql/target/tmp/org.apache.hadoop.hive.ql.TestTxnCommands3-1713959586346/warehouse/nonacidorctbl
2024-04-24T04:53:27,989  INFO [main] metadata.Hive: Dumping metastore api call timing information for : execution phase
2024-04-24T04:53:27,990  INFO [main] metadata.Hive: Total time spent in each metastore function (ms): {createTable_(Table)=29, isCompatibleWith_(Configuration)=1}
2024-04-24T04:53:27,990  INFO [main] ql.Driver: Completed executing command(queryId=alex_20240424045327_3a34fabb-7761-4006-97eb-a2fcfb402f73); Time taken: 0.03 seconds
2024-04-24T04:53:27,990  INFO [main] lockmgr.DbTxnManager: Stopped heartbeat for query: alex_20240424045327_3a34fabb-7761-4006-97eb-a2fcfb402f73
2024-04-24T04:53:27,995  INFO [main] txn.TxnHandler: Expected to move at least one record from txn_components to completed_txn_components when committing txn! txnid:9
2024-04-24T04:53:28,002  INFO [main] txn.TxnHandler: Removed transactions: ([9]) from MIN_HISTORY_LEVEL
2024-04-24T04:53:28,002  WARN [main] txn.CompactionTxnHandler: No compaction queue record found for Compaction type transaction commit. txnId:9
2024-04-24T04:53:28,003  INFO [main] ql.TxnCommandsBaseForTests: Running the query: create table nonAcidOrcTbl2(a int, b int) clustered by (a) into 2 buckets stored as orc TBLPROPERTIES ('transactional'='false')
2024-04-24T04:53:28,003  INFO [main] ql.Driver: Compiling command(queryId=alex_20240424045328_8c42db17-04e8-4e8d-9d37-51e6b3100699): create table nonAcidOrcTbl2(a int, b int) clustered by (a) into 2 buckets stored as orc TBLPROPERTIES ('transactional'='false')
2024-04-24T04:53:28,006  INFO [main] txn.TxnHandler: Added entries to MIN_HISTORY_LEVEL for current txns: ([10]) with min_open_txn: 1
2024-04-24T04:53:28,007  INFO [main] lockmgr.DbTxnManager: Opened txnid:10
2024-04-24T04:53:28,007  INFO [main] parse.CalcitePlanner: Starting caching scope for: 
2024-04-24T04:53:28,007  INFO [main] parse.CalcitePlanner: Starting Semantic Analysis
2024-04-24T04:53:28,010  INFO [main] parse.CalcitePlanner: Creating table default.nonAcidOrcTbl2 position=13
2024-04-24T04:53:28,010  INFO [main] HiveMetaStore.audit: ugi=alex	ip=unknown-ip-addr	cmd=get_database: default	
2024-04-24T04:53:28,012  INFO [main] parse.CalcitePlanner: Ending caching scope for: 
2024-04-24T04:53:28,012  INFO [main] ql.Driver: Semantic Analysis Completed (retrial = false)
2024-04-24T04:53:28,012  INFO [main] ql.Driver: Created Hive schema: Schema(fieldSchemas:null, properties:null)
2024-04-24T04:53:28,012  INFO [main] metadata.Hive: Dumping metastore api call timing information for : compilation phase
2024-04-24T04:53:28,013  INFO [main] metadata.Hive: Total time spent in each metastore function (ms): {getDatabase_(String)=2, flushCache_()=0, openTxn_(String, TxnType)=3, getValidTxns_(long)=0, getValidWriteIds_(List, String)=2, isCompatibleWith_(Configuration)=0, commitTxn_(CommitTxnRequest)=13}
2024-04-24T04:53:28,013  INFO [main] ql.Driver: Completed compiling command(queryId=alex_20240424045328_8c42db17-04e8-4e8d-9d37-51e6b3100699); Time taken: 0.009 seconds
2024-04-24T04:53:28,013  INFO [main] lockmgr.DbTxnManager: Setting lock request transaction to txnid:10 for queryId=alex_20240424045328_8c42db17-04e8-4e8d-9d37-51e6b3100699
2024-04-24T04:53:28,013  INFO [main] lockmgr.DbLockManager: Requesting lock for queryId=alex_20240424045328_8c42db17-04e8-4e8d-9d37-51e6b3100699
2024-04-24T04:53:28,032  INFO [main] lockmgr.DbLockManager: Response to queryId=alex_20240424045328_8c42db17-04e8-4e8d-9d37-51e6b3100699 LockResponse(lockid:4, state:ACQUIRED)
2024-04-24T04:53:28,032  INFO [main] ql.Driver: Operation CREATETABLE obtained 1 locks
2024-04-24T04:53:28,032  INFO [main] ql.Driver: Executing command(queryId=alex_20240424045328_8c42db17-04e8-4e8d-9d37-51e6b3100699): create table nonAcidOrcTbl2(a int, b int) clustered by (a) into 2 buckets stored as orc TBLPROPERTIES ('transactional'='false')
2024-04-24T04:53:28,032  INFO [main] ql.Driver: Starting task [Stage-0:DDL] in serial mode
2024-04-24T04:53:28,034  INFO [main] HiveMetaStore.audit: ugi=alex	ip=unknown-ip-addr	cmd=create_table_req: Table(tableName:nonAcidOrcTbl2, dbName:default, owner:alex, createTime:1713959608, lastAccessTime:0, retention:0, sd:StorageDescriptor(cols:[FieldSchema(name:a, type:int, comment:null), FieldSchema(name:b, type:int, comment:null)], location:null, inputFormat:org.apache.hadoop.hive.ql.io.orc.OrcInputFormat, outputFormat:org.apache.hadoop.hive.ql.io.orc.OrcOutputFormat, compressed:false, numBuckets:2, serdeInfo:SerDeInfo(name:null, serializationLib:org.apache.hadoop.hive.ql.io.orc.OrcSerde, parameters:{serialization.format=1}), bucketCols:[a], sortCols:[], parameters:{}, skewedInfo:SkewedInfo(skewedColNames:[], skewedColValues:[], skewedColValueLocationMaps:{}), storedAsSubDirectories:false), partitionKeys:[], parameters:{COLUMN_STATS_ACCURATE={"BASIC_STATS":"true","COLUMN_STATS":{"a":"true","b":"true"}}, numFiles=0, bucketing_version=2, rawDataSize=0, totalSize=0, transactional=false, numFilesErasureCoded=0, numRows=0}, viewOriginalText:null, viewExpandedText:null, tableType:MANAGED_TABLE, privileges:PrincipalPrivilegeSet(userPrivileges:{alex=[PrivilegeGrantInfo(privilege:INSERT, createTime:-1, grantor:alex, grantorType:USER, grantOption:true), PrivilegeGrantInfo(privilege:SELECT, createTime:-1, grantor:alex, grantorType:USER, grantOption:true), PrivilegeGrantInfo(privilege:UPDATE, createTime:-1, grantor:alex, grantorType:USER, grantOption:true), PrivilegeGrantInfo(privilege:DELETE, createTime:-1, grantor:alex, grantorType:USER, grantOption:true)]}, groupPrivileges:null, rolePrivileges:null), temporary:false, catName:hive, ownerType:USER)	
2024-04-24T04:53:28,041  INFO [main] utils.FileUtils: Creating directory if it doesn't exist: file:/home/alex/Repositories/hive/ql/target/tmp/org.apache.hadoop.hive.ql.TestTxnCommands3-1713959586346/warehouse/nonacidorctbl2
2024-04-24T04:53:28,070  INFO [main] metadata.Hive: Dumping metastore api call timing information for : execution phase
2024-04-24T04:53:28,071  INFO [main] metadata.Hive: Total time spent in each metastore function (ms): {createTable_(Table)=37, isCompatibleWith_(Configuration)=0}
2024-04-24T04:53:28,071  INFO [main] ql.Driver: Completed executing command(queryId=alex_20240424045328_8c42db17-04e8-4e8d-9d37-51e6b3100699); Time taken: 0.038 seconds
2024-04-24T04:53:28,071  INFO [main] lockmgr.DbTxnManager: Stopped heartbeat for query: alex_20240424045328_8c42db17-04e8-4e8d-9d37-51e6b3100699
2024-04-24T04:53:28,077  INFO [main] txn.TxnHandler: Expected to move at least one record from txn_components to completed_txn_components when committing txn! txnid:10
2024-04-24T04:53:28,085  INFO [main] txn.TxnHandler: Removed transactions: ([10]) from MIN_HISTORY_LEVEL
2024-04-24T04:53:28,086  WARN [main] txn.CompactionTxnHandler: No compaction queue record found for Compaction type transaction commit. txnId:10
2024-04-24T04:53:28,086  INFO [main] ql.TxnCommandsBaseForTests: Running the query: create temporary  table acidTbl2(a int, b int, c int) clustered by (c) into 2 buckets stored as orc TBLPROPERTIES ('transactional'='true')
2024-04-24T04:53:28,087  INFO [main] ql.Driver: Compiling command(queryId=alex_20240424045328_d1ab25a2-a62b-4758-b423-47b09de77849): create temporary  table acidTbl2(a int, b int, c int) clustered by (c) into 2 buckets stored as orc TBLPROPERTIES ('transactional'='true')
2024-04-24T04:53:28,090  INFO [main] txn.TxnHandler: Added entries to MIN_HISTORY_LEVEL for current txns: ([11]) with min_open_txn: 1
2024-04-24T04:53:28,090  INFO [main] lockmgr.DbTxnManager: Opened txnid:11
2024-04-24T04:53:28,091  INFO [main] parse.CalcitePlanner: Starting caching scope for: 
2024-04-24T04:53:28,091  INFO [main] parse.CalcitePlanner: Starting Semantic Analysis
2024-04-24T04:53:28,094  INFO [main] parse.CalcitePlanner: Creating table default.acidTbl2 position=24
2024-04-24T04:53:28,094  INFO [main] HiveMetaStore.audit: ugi=alex	ip=unknown-ip-addr	cmd=get_database: default	
2024-04-24T04:53:28,097  INFO [main] parse.CalcitePlanner: Ending caching scope for: 
2024-04-24T04:53:28,097  INFO [main] ql.Driver: Semantic Analysis Completed (retrial = false)
2024-04-24T04:53:28,097  INFO [main] ql.Driver: Created Hive schema: Schema(fieldSchemas:null, properties:null)
2024-04-24T04:53:28,097  INFO [main] metadata.Hive: Dumping metastore api call timing information for : compilation phase
2024-04-24T04:53:28,097  INFO [main] metadata.Hive: Total time spent in each metastore function (ms): {flushCache_()=0, openTxn_(String, TxnType)=3, getValidTxns_(long)=1, getDatabase_(String)=3, commitTxn_(CommitTxnRequest)=15, isCompatibleWith_(Configuration)=0, getValidWriteIds_(List, String)=3}
2024-04-24T04:53:28,097  INFO [main] ql.Driver: Completed compiling command(queryId=alex_20240424045328_d1ab25a2-a62b-4758-b423-47b09de77849); Time taken: 0.01 seconds
2024-04-24T04:53:28,097  INFO [main] lockmgr.DbTxnManager: Setting lock request transaction to txnid:11 for queryId=alex_20240424045328_d1ab25a2-a62b-4758-b423-47b09de77849
2024-04-24T04:53:28,098  INFO [main] lockmgr.DbLockManager: Requesting lock for queryId=alex_20240424045328_d1ab25a2-a62b-4758-b423-47b09de77849
2024-04-24T04:53:28,117  INFO [main] lockmgr.DbLockManager: Response to queryId=alex_20240424045328_d1ab25a2-a62b-4758-b423-47b09de77849 LockResponse(lockid:5, state:ACQUIRED)
2024-04-24T04:53:28,117  INFO [main] ql.Driver: Operation CREATETABLE obtained 1 locks
2024-04-24T04:53:28,118  INFO [main] ql.Driver: Executing command(queryId=alex_20240424045328_d1ab25a2-a62b-4758-b423-47b09de77849): create temporary  table acidTbl2(a int, b int, c int) clustered by (c) into 2 buckets stored as orc TBLPROPERTIES ('transactional'='true')
2024-04-24T04:53:28,118  INFO [main] ql.Driver: Starting task [Stage-0:DDL] in serial mode
2024-04-24T04:53:28,119  INFO [main] utils.FileUtils: Creating directory if it doesn't exist: file:/home/alex/Repositories/hive/ql/target/tmp/scratchdir/alex/38fef2f7-e89e-4249-9959-8c4c6ae3240c/_tmp_space.db/5ab2612b-0cd6-4a03-a640-f03615b80f95
2024-04-24T04:53:28,122  INFO [main] metadata.Hive: Dumping metastore api call timing information for : execution phase
2024-04-24T04:53:28,122  INFO [main] metadata.Hive: Total time spent in each metastore function (ms): {createTable_(Table)=3, isCompatibleWith_(Configuration)=0}
2024-04-24T04:53:28,123  INFO [main] ql.Driver: Completed executing command(queryId=alex_20240424045328_d1ab25a2-a62b-4758-b423-47b09de77849); Time taken: 0.004 seconds
2024-04-24T04:53:28,123  INFO [main] lockmgr.DbTxnManager: Stopped heartbeat for query: alex_20240424045328_d1ab25a2-a62b-4758-b423-47b09de77849
2024-04-24T04:53:28,128  INFO [main] txn.TxnHandler: Expected to move at least one record from txn_components to completed_txn_components when committing txn! txnid:11
2024-04-24T04:53:28,135  INFO [main] txn.TxnHandler: Removed transactions: ([11]) from MIN_HISTORY_LEVEL
2024-04-24T04:53:28,135  WARN [main] txn.CompactionTxnHandler: No compaction queue record found for Compaction type transaction commit. txnId:11
2024-04-24T04:53:28,136  INFO [main] ql.TxnCommandsBaseForTests: Running the query: create table nonAcidNonBucket(a int, b int) stored as orc TBLPROPERTIES ('transactional'='false')
2024-04-24T04:53:28,136  INFO [main] ql.Driver: Compiling command(queryId=alex_20240424045328_47e1a648-ecf3-44ac-ad29-4761ee733733): create table nonAcidNonBucket(a int, b int) stored as orc TBLPROPERTIES ('transactional'='false')
2024-04-24T04:53:28,140  INFO [main] txn.TxnHandler: Added entries to MIN_HISTORY_LEVEL for current txns: ([12]) with min_open_txn: 1
2024-04-24T04:53:28,140  INFO [main] lockmgr.DbTxnManager: Opened txnid:12
2024-04-24T04:53:28,141  INFO [main] parse.CalcitePlanner: Starting caching scope for: 
2024-04-24T04:53:28,141  INFO [main] parse.CalcitePlanner: Starting Semantic Analysis
2024-04-24T04:53:28,144  INFO [main] parse.CalcitePlanner: Creating table default.nonAcidNonBucket position=13
2024-04-24T04:53:28,145  INFO [main] HiveMetaStore.audit: ugi=alex	ip=unknown-ip-addr	cmd=get_database: default	
2024-04-24T04:53:28,147  INFO [main] parse.CalcitePlanner: Ending caching scope for: 
2024-04-24T04:53:28,147  INFO [main] ql.Driver: Semantic Analysis Completed (retrial = false)
2024-04-24T04:53:28,147  INFO [main] ql.Driver: Created Hive schema: Schema(fieldSchemas:null, properties:null)
2024-04-24T04:53:28,147  INFO [main] metadata.Hive: Dumping metastore api call timing information for : compilation phase
2024-04-24T04:53:28,147  INFO [main] metadata.Hive: Total time spent in each metastore function (ms): {getValidTxns_(long)=0, openTxn_(String, TxnType)=3, getValidWriteIds_(List, String)=3, commitTxn_(CommitTxnRequest)=13, flushCache_()=0, getDatabase_(String)=3, isCompatibleWith_(Configuration)=1}
2024-04-24T04:53:28,147  INFO [main] ql.Driver: Completed compiling command(queryId=alex_20240424045328_47e1a648-ecf3-44ac-ad29-4761ee733733); Time taken: 0.011 seconds
2024-04-24T04:53:28,148  INFO [main] lockmgr.DbTxnManager: Setting lock request transaction to txnid:12 for queryId=alex_20240424045328_47e1a648-ecf3-44ac-ad29-4761ee733733
2024-04-24T04:53:28,148  INFO [main] lockmgr.DbLockManager: Requesting lock for queryId=alex_20240424045328_47e1a648-ecf3-44ac-ad29-4761ee733733
2024-04-24T04:53:28,168  INFO [main] lockmgr.DbLockManager: Response to queryId=alex_20240424045328_47e1a648-ecf3-44ac-ad29-4761ee733733 LockResponse(lockid:6, state:ACQUIRED)
2024-04-24T04:53:28,168  INFO [main] ql.Driver: Operation CREATETABLE obtained 1 locks
2024-04-24T04:53:28,168  INFO [main] ql.Driver: Executing command(queryId=alex_20240424045328_47e1a648-ecf3-44ac-ad29-4761ee733733): create table nonAcidNonBucket(a int, b int) stored as orc TBLPROPERTIES ('transactional'='false')
2024-04-24T04:53:28,168  INFO [main] ql.Driver: Starting task [Stage-0:DDL] in serial mode
2024-04-24T04:53:28,170  INFO [main] HiveMetaStore.audit: ugi=alex	ip=unknown-ip-addr	cmd=create_table_req: Table(tableName:nonAcidNonBucket, dbName:default, owner:alex, createTime:1713959608, lastAccessTime:0, retention:0, sd:StorageDescriptor(cols:[FieldSchema(name:a, type:int, comment:null), FieldSchema(name:b, type:int, comment:null)], location:null, inputFormat:org.apache.hadoop.hive.ql.io.orc.OrcInputFormat, outputFormat:org.apache.hadoop.hive.ql.io.orc.OrcOutputFormat, compressed:false, numBuckets:-1, serdeInfo:SerDeInfo(name:null, serializationLib:org.apache.hadoop.hive.ql.io.orc.OrcSerde, parameters:{serialization.format=1}), bucketCols:[], sortCols:[], parameters:{}, skewedInfo:SkewedInfo(skewedColNames:[], skewedColValues:[], skewedColValueLocationMaps:{}), storedAsSubDirectories:false), partitionKeys:[], parameters:{bucketing_version=2, COLUMN_STATS_ACCURATE={"BASIC_STATS":"true","COLUMN_STATS":{"a":"true","b":"true"}}, rawDataSize=0, numFiles=0, numRows=0, numFilesErasureCoded=0, totalSize=0, transactional=false}, viewOriginalText:null, viewExpandedText:null, tableType:MANAGED_TABLE, privileges:PrincipalPrivilegeSet(userPrivileges:{alex=[PrivilegeGrantInfo(privilege:INSERT, createTime:-1, grantor:alex, grantorType:USER, grantOption:true), PrivilegeGrantInfo(privilege:SELECT, createTime:-1, grantor:alex, grantorType:USER, grantOption:true), PrivilegeGrantInfo(privilege:UPDATE, createTime:-1, grantor:alex, grantorType:USER, grantOption:true), PrivilegeGrantInfo(privilege:DELETE, createTime:-1, grantor:alex, grantorType:USER, grantOption:true)]}, groupPrivileges:null, rolePrivileges:null), temporary:false, catName:hive, ownerType:USER)	
2024-04-24T04:53:28,177  INFO [main] utils.FileUtils: Creating directory if it doesn't exist: file:/home/alex/Repositories/hive/ql/target/tmp/org.apache.hadoop.hive.ql.TestTxnCommands3-1713959586346/warehouse/nonacidnonbucket
2024-04-24T04:53:28,199  INFO [main] metadata.Hive: Dumping metastore api call timing information for : execution phase
2024-04-24T04:53:28,199  INFO [main] metadata.Hive: Total time spent in each metastore function (ms): {createTable_(Table)=30, isCompatibleWith_(Configuration)=0}
2024-04-24T04:53:28,199  INFO [main] ql.Driver: Completed executing command(queryId=alex_20240424045328_47e1a648-ecf3-44ac-ad29-4761ee733733); Time taken: 0.031 seconds
2024-04-24T04:53:28,199  INFO [main] lockmgr.DbTxnManager: Stopped heartbeat for query: alex_20240424045328_47e1a648-ecf3-44ac-ad29-4761ee733733
2024-04-24T04:53:28,204  INFO [main] txn.TxnHandler: Expected to move at least one record from txn_components to completed_txn_components when committing txn! txnid:12
2024-04-24T04:53:28,211  INFO [main] txn.TxnHandler: Removed transactions: ([12]) from MIN_HISTORY_LEVEL
2024-04-24T04:53:28,211  WARN [main] txn.CompactionTxnHandler: No compaction queue record found for Compaction type transaction commit. txnId:12
2024-04-24T04:53:28,212  INFO [main] ql.Driver: Compiling command(queryId=alex_20240424045328_84fcbc50-6eb0-44b2-9543-96dc5b53cb25): drop table if exists T
2024-04-24T04:53:28,215  INFO [main] txn.TxnHandler: Added entries to MIN_HISTORY_LEVEL for current txns: ([13]) with min_open_txn: 1
2024-04-24T04:53:28,215  INFO [main] lockmgr.DbTxnManager: Opened txnid:13
2024-04-24T04:53:28,216  INFO [main] HiveMetaStore.audit: ugi=alex	ip=unknown-ip-addr	cmd=get_table : tbl=hive.default.T	
2024-04-24T04:53:28,220  INFO [main] ql.Driver: Semantic Analysis Completed (retrial = false)
2024-04-24T04:53:28,220  INFO [main] ql.Driver: Created Hive schema: Schema(fieldSchemas:null, properties:null)
2024-04-24T04:53:28,220  INFO [main] metadata.Hive: Dumping metastore api call timing information for : compilation phase
2024-04-24T04:53:28,220  INFO [main] metadata.Hive: Total time spent in each metastore function (ms): {flushCache_()=1, getValidTxns_(long)=0, commitTxn_(CommitTxnRequest)=13, isCompatibleWith_(Configuration)=1, openTxn_(String, TxnType)=2}
2024-04-24T04:53:28,220  INFO [main] ql.Driver: Completed compiling command(queryId=alex_20240424045328_84fcbc50-6eb0-44b2-9543-96dc5b53cb25); Time taken: 0.008 seconds
2024-04-24T04:53:28,220  INFO [main] lockmgr.DbTxnManager: Setting lock request transaction to txnid:13 for queryId=alex_20240424045328_84fcbc50-6eb0-44b2-9543-96dc5b53cb25
2024-04-24T04:53:28,220  INFO [main] ql.Driver: Operation DROPTABLE obtained 0 locks
2024-04-24T04:53:28,220  INFO [main] ql.Driver: Executing command(queryId=alex_20240424045328_84fcbc50-6eb0-44b2-9543-96dc5b53cb25): drop table if exists T
2024-04-24T04:53:28,220  INFO [main] ql.Driver: Starting task [Stage-0:DDL] in serial mode
2024-04-24T04:53:28,221  INFO [main] HiveMetaStore.audit: ugi=alex	ip=unknown-ip-addr	cmd=get_table : tbl=hive.default.T	
2024-04-24T04:53:28,224  INFO [main] metadata.Hive: Dumping metastore api call timing information for : execution phase
2024-04-24T04:53:28,224  INFO [main] metadata.Hive: Total time spent in each metastore function (ms): {isCompatibleWith_(Configuration)=1}
2024-04-24T04:53:28,224  INFO [main] ql.Driver: Completed executing command(queryId=alex_20240424045328_84fcbc50-6eb0-44b2-9543-96dc5b53cb25); Time taken: 0.004 seconds
2024-04-24T04:53:28,224  INFO [main] lockmgr.DbTxnManager: Stopped heartbeat for query: alex_20240424045328_84fcbc50-6eb0-44b2-9543-96dc5b53cb25
2024-04-24T04:53:28,230  INFO [main] txn.TxnHandler: Expected to move at least one record from txn_components to completed_txn_components when committing txn! txnid:13
2024-04-24T04:53:28,238  INFO [main] txn.TxnHandler: Removed transactions: ([13]) from MIN_HISTORY_LEVEL
2024-04-24T04:53:28,238  WARN [main] txn.CompactionTxnHandler: No compaction queue record found for Compaction type transaction commit. txnId:13
2024-04-24T04:53:28,239  INFO [main] ql.TxnCommandsBaseForTests: Running the query: create transactional table T(a int, b int) stored as orc
2024-04-24T04:53:28,239  INFO [main] ql.Driver: Compiling command(queryId=alex_20240424045328_eb20672a-02e5-4060-a6ab-aa705d0517c9): create transactional table T(a int, b int) stored as orc
2024-04-24T04:53:28,242  INFO [main] txn.TxnHandler: Added entries to MIN_HISTORY_LEVEL for current txns: ([14]) with min_open_txn: 1
2024-04-24T04:53:28,242  INFO [main] lockmgr.DbTxnManager: Opened txnid:14
2024-04-24T04:53:28,243  INFO [main] parse.CalcitePlanner: Starting caching scope for: 
2024-04-24T04:53:28,243  INFO [main] parse.CalcitePlanner: Starting Semantic Analysis
2024-04-24T04:53:28,249  INFO [main] parse.CalcitePlanner: Creating table default.T position=27
2024-04-24T04:53:28,249  INFO [main] parse.CalcitePlanner: Automatically chose to make default.T acid.
2024-04-24T04:53:28,249  INFO [main] HiveMetaStore.audit: ugi=alex	ip=unknown-ip-addr	cmd=get_database: default	
2024-04-24T04:53:28,251  INFO [main] parse.CalcitePlanner: Ending caching scope for: 
2024-04-24T04:53:28,251  INFO [main] ql.Driver: Semantic Analysis Completed (retrial = false)
2024-04-24T04:53:28,251  INFO [main] ql.Driver: Created Hive schema: Schema(fieldSchemas:null, properties:null)
2024-04-24T04:53:28,251  INFO [main] metadata.Hive: Dumping metastore api call timing information for : compilation phase
2024-04-24T04:53:28,251  INFO [main] metadata.Hive: Total time spent in each metastore function (ms): {getValidWriteIds_(List, String)=6, openTxn_(String, TxnType)=2, isCompatibleWith_(Configuration)=0, getDatabase_(String)=2, flushCache_()=0, commitTxn_(CommitTxnRequest)=13, getValidTxns_(long)=1}
2024-04-24T04:53:28,252  INFO [main] ql.Driver: Completed compiling command(queryId=alex_20240424045328_eb20672a-02e5-4060-a6ab-aa705d0517c9); Time taken: 0.012 seconds
2024-04-24T04:53:28,252  INFO [main] lockmgr.DbTxnManager: Setting lock request transaction to txnid:14 for queryId=alex_20240424045328_eb20672a-02e5-4060-a6ab-aa705d0517c9
2024-04-24T04:53:28,252  INFO [main] lockmgr.DbLockManager: Requesting lock for queryId=alex_20240424045328_eb20672a-02e5-4060-a6ab-aa705d0517c9
2024-04-24T04:53:28,275  INFO [main] lockmgr.DbLockManager: Response to queryId=alex_20240424045328_eb20672a-02e5-4060-a6ab-aa705d0517c9 LockResponse(lockid:7, state:ACQUIRED)
2024-04-24T04:53:28,275  INFO [main] ql.Driver: Operation CREATETABLE obtained 1 locks
2024-04-24T04:53:28,276  INFO [main] ql.Driver: Executing command(queryId=alex_20240424045328_eb20672a-02e5-4060-a6ab-aa705d0517c9): create transactional table T(a int, b int) stored as orc
2024-04-24T04:53:28,276  INFO [main] ql.Driver: Starting task [Stage-0:DDL] in serial mode
2024-04-24T04:53:28,277  INFO [main] HiveMetaStore.audit: ugi=alex	ip=unknown-ip-addr	cmd=create_table_req: Table(tableName:T, dbName:default, owner:alex, createTime:1713959608, lastAccessTime:0, retention:0, sd:StorageDescriptor(cols:[FieldSchema(name:a, type:int, comment:null), FieldSchema(name:b, type:int, comment:null)], location:null, inputFormat:org.apache.hadoop.hive.ql.io.orc.OrcInputFormat, outputFormat:org.apache.hadoop.hive.ql.io.orc.OrcOutputFormat, compressed:false, numBuckets:-1, serdeInfo:SerDeInfo(name:null, serializationLib:org.apache.hadoop.hive.ql.io.orc.OrcSerde, parameters:{serialization.format=1}), bucketCols:[], sortCols:[], parameters:{}, skewedInfo:SkewedInfo(skewedColNames:[], skewedColValues:[], skewedColValueLocationMaps:{}), storedAsSubDirectories:false), partitionKeys:[], parameters:{transactional_properties=default, numFilesErasureCoded=0, transactional=true, totalSize=0, rawDataSize=0, numRows=0, numFiles=0, bucketing_version=2, COLUMN_STATS_ACCURATE={"BASIC_STATS":"true","COLUMN_STATS":{"a":"true","b":"true"}}}, viewOriginalText:null, viewExpandedText:null, tableType:MANAGED_TABLE, privileges:PrincipalPrivilegeSet(userPrivileges:{alex=[PrivilegeGrantInfo(privilege:INSERT, createTime:-1, grantor:alex, grantorType:USER, grantOption:true), PrivilegeGrantInfo(privilege:SELECT, createTime:-1, grantor:alex, grantorType:USER, grantOption:true), PrivilegeGrantInfo(privilege:UPDATE, createTime:-1, grantor:alex, grantorType:USER, grantOption:true), PrivilegeGrantInfo(privilege:DELETE, createTime:-1, grantor:alex, grantorType:USER, grantOption:true)]}, groupPrivileges:null, rolePrivileges:null), temporary:false, catName:hive, ownerType:USER, writeId:0)	
2024-04-24T04:53:28,284  INFO [main] utils.FileUtils: Creating directory if it doesn't exist: file:/home/alex/Repositories/hive/ql/target/tmp/org.apache.hadoop.hive.ql.TestTxnCommands3-1713959586346/warehouse/t
2024-04-24T04:53:28,320  INFO [main] metadata.Hive: Dumping metastore api call timing information for : execution phase
2024-04-24T04:53:28,320  INFO [main] metadata.Hive: Total time spent in each metastore function (ms): {isCompatibleWith_(Configuration)=0, createTable_(Table)=43}
2024-04-24T04:53:28,320  INFO [main] ql.Driver: Completed executing command(queryId=alex_20240424045328_eb20672a-02e5-4060-a6ab-aa705d0517c9); Time taken: 0.044 seconds
2024-04-24T04:53:28,320  INFO [main] lockmgr.DbTxnManager: Stopped heartbeat for query: alex_20240424045328_eb20672a-02e5-4060-a6ab-aa705d0517c9
2024-04-24T04:53:28,324  INFO [main] txn.TxnHandler: Expected to move at least one record from txn_components to completed_txn_components when committing txn! txnid:14
2024-04-24T04:53:28,332  INFO [main] txn.TxnHandler: Removed transactions: ([14]) from MIN_HISTORY_LEVEL
2024-04-24T04:53:28,332  WARN [main] txn.CompactionTxnHandler: No compaction queue record found for Compaction type transaction commit. txnId:14
2024-04-24T04:53:28,332  INFO [main] ql.TxnCommandsBaseForTests: Running the query: insert into T values(1,2),(4,5)
2024-04-24T04:53:28,333  INFO [main] ql.Driver: Compiling command(queryId=alex_20240424045328_5f42a5d6-4f59-47fd-aea8-45324120f957): insert into T values(1,2),(4,5)
2024-04-24T04:53:28,357  INFO [main] txn.TxnHandler: Added entries to MIN_HISTORY_LEVEL for current txns: ([15]) with min_open_txn: 1
2024-04-24T04:53:28,358  INFO [main] lockmgr.DbTxnManager: Opened txnid:15
2024-04-24T04:53:28,359  INFO [main] parse.CalcitePlanner: Starting caching scope for: 
2024-04-24T04:53:28,359  INFO [main] parse.CalcitePlanner: Starting Semantic Analysis
2024-04-24T04:53:28,364  INFO [main] HiveMetaStore.audit: ugi=alex	ip=unknown-ip-addr	cmd=get_table : tbl=hive.default.T	
2024-04-24T04:53:28,394  INFO [main] metastore.HMSHandler: Skipping translation for processor with null
2024-04-24T04:53:28,395  INFO [main] parse.CalcitePlanner: Completed phase 1 of Semantic Analysis
2024-04-24T04:53:28,395  INFO [main] parse.CalcitePlanner: Get metadata for source tables
2024-04-24T04:53:28,395  INFO [main] parse.CalcitePlanner: Get metadata for subqueries
2024-04-24T04:53:28,395  INFO [main] parse.CalcitePlanner: Get metadata for destination tables
2024-04-24T04:53:28,395  INFO [main] HiveMetaStore.audit: ugi=alex	ip=unknown-ip-addr	cmd=get_table : tbl=hive.default.T	
2024-04-24T04:53:28,407  INFO [main] metastore.HMSHandler: Skipping translation for processor with null
2024-04-24T04:53:28,408  INFO [main] parse.CalcitePlanner: Completed getting MetaData in Semantic Analysis
2024-04-24T04:53:28,408  INFO [main] parse.CalcitePlanner: Disabling LLAP IO encode as ETL query is detected
2024-04-24T04:53:28,431  INFO [main] HiveMetaStore.audit: ugi=alex	ip=unknown-ip-addr	cmd=get_all_table_constraints : tbl=hive._dummy_database._dummy_table	
2024-04-24T04:53:28,521  INFO [main] parse.CalcitePlanner: Get metadata for source tables
2024-04-24T04:53:28,521  INFO [main] parse.CalcitePlanner: Get metadata for subqueries
2024-04-24T04:53:28,521  INFO [main] parse.CalcitePlanner: Get metadata for source tables
2024-04-24T04:53:28,522  INFO [main] HiveMetaStore.audit: ugi=alex	ip=unknown-ip-addr	cmd=get_table : tbl=hive._dummy_database._dummy_table	
2024-04-24T04:53:28,526  INFO [main] parse.CalcitePlanner: Get metadata for subqueries
2024-04-24T04:53:28,526  INFO [main] parse.CalcitePlanner: Get metadata for destination tables
2024-04-24T04:53:28,526  INFO [main] parse.CalcitePlanner: Get metadata for destination tables
2024-04-24T04:53:28,526  INFO [main] HiveMetaStore.audit: ugi=alex	ip=unknown-ip-addr	cmd=get_table : tbl=hive.default.T	
2024-04-24T04:53:28,534  INFO [main] metastore.HMSHandler: Skipping translation for processor with null
2024-04-24T04:53:28,537  INFO [main] HiveMetaStore.audit: ugi=alex	ip=unknown-ip-addr	cmd=get_not_null_constraints : tbl=hive.default.t	
2024-04-24T04:53:28,538  INFO [main] HiveMetaStore.audit: ugi=alex	ip=unknown-ip-addr	cmd=get_check_constraints : tbl=hive.default.t	
2024-04-24T04:53:28,548  INFO [main] txn.TxnHandler: Allocated writeId: 1 for txnId: 15
2024-04-24T04:53:28,548  INFO [main] txn.TxnHandler: Allocated write ids for dbName=default, tblName=t (txnIds: [15])
2024-04-24T04:53:28,549  INFO [main] parse.CalcitePlanner: CBO Succeeded; optimized logical plan.
2024-04-24T04:53:28,552  INFO [main] optimizer.BucketVersionPopulator: not considering bucketingVersion for: TS[0] because it has -1<2 buckets 
2024-04-24T04:53:28,553  INFO [main] optimizer.SortedDynPartitionOptimizer: Sorted dynamic partitioning optimization kicked in..
2024-04-24T04:53:28,562  INFO [main] HiveMetaStore.audit: ugi=alex	ip=unknown-ip-addr	cmd=get_table : tbl=hive.default.t	
2024-04-24T04:53:28,571  INFO [main] metastore.HMSHandler: Skipping translation for processor with null
2024-04-24T04:53:28,572  INFO [main] physical.Vectorizer: Examining input format to see if vectorization is enabled.
2024-04-24T04:53:28,572  INFO [main] physical.Vectorizer: Map vectorization enabled: false
2024-04-24T04:53:28,572  INFO [main] physical.Vectorizer: Map vectorized: false
2024-04-24T04:53:28,572  INFO [main] physical.Vectorizer: Map vectorizedVertexNum: 0
2024-04-24T04:53:28,572  INFO [main] physical.Vectorizer: Map enabledConditionsMet: [hive.vectorized.use.vectorized.input.format IS true]
2024-04-24T04:53:28,572  INFO [main] physical.Vectorizer: Map enabledConditionsNotMet: [Could not enable vectorization due to partition column names size 1 is greater than the number of table column names size 0 IS false]
2024-04-24T04:53:28,572  INFO [main] physical.Vectorizer: Map inputFileFormatClassNameSet: [org.apache.hadoop.hive.ql.io.NullRowsInputFormat]
2024-04-24T04:53:28,572  INFO [main] parse.CalcitePlanner: Completed plan generation
2024-04-24T04:53:28,572  INFO [main] parse.CalcitePlanner: Ending caching scope for: 
2024-04-24T04:53:28,572  INFO [main] ql.Driver: Semantic Analysis Completed (retrial = false)
2024-04-24T04:53:28,573  INFO [main] ql.Driver: Created Hive schema: Schema(fieldSchemas:[FieldSchema(name:col1, type:int, comment:null), FieldSchema(name:col2, type:int, comment:null)], properties:null)
2024-04-24T04:53:28,573  INFO [main] metadata.Hive: Dumping metastore api call timing information for : compilation phase
2024-04-24T04:53:28,573  INFO [main] metadata.Hive: Total time spent in each metastore function (ms): {flushCache_()=0, getNotNullConstraints_(NotNullConstraintsRequest)=1, allocateTableWriteId_(long, String, String)=9, openTxn_(String, TxnType)=4, getValidTxns_(long)=1, getCheckConstraints_(CheckConstraintsRequest)=1, getTable_(GetTableRequest)=60, getValidWriteIds_(List, String)=6, isCompatibleWith_(Configuration)=2, commitTxn_(CommitTxnRequest)=12, getAllTableConstraints_(AllTableConstraintsRequest)=38}
2024-04-24T04:53:28,573  INFO [main] ql.Driver: Completed compiling command(queryId=alex_20240424045328_5f42a5d6-4f59-47fd-aea8-45324120f957); Time taken: 0.24 seconds
2024-04-24T04:53:28,573  INFO [main] lockmgr.DbTxnManager: Setting lock request transaction to txnid:15 for queryId=alex_20240424045328_5f42a5d6-4f59-47fd-aea8-45324120f957
2024-04-24T04:53:28,574  INFO [main] lockmgr.DbLockManager: Requesting lock for queryId=alex_20240424045328_5f42a5d6-4f59-47fd-aea8-45324120f957
2024-04-24T04:53:28,594  INFO [main] lockmgr.DbLockManager: Response to queryId=alex_20240424045328_5f42a5d6-4f59-47fd-aea8-45324120f957 LockResponse(lockid:8, state:ACQUIRED)
2024-04-24T04:53:28,594  INFO [main] ql.Driver: Operation QUERY obtained 1 locks
2024-04-24T04:53:28,597  INFO [main] ql.Driver: Executing command(queryId=alex_20240424045328_5f42a5d6-4f59-47fd-aea8-45324120f957): insert into T values(1,2),(4,5)
2024-04-24T04:53:28,597  WARN [main] ql.Driver: Hive-on-MR is deprecated in Hive 2 and may not be available in the future versions. Consider using a different execution engine (i.e. tez, spark) or using Hive 1.X releases.
Query ID = alex_20240424045328_5f42a5d6-4f59-47fd-aea8-45324120f957
2024-04-24T04:53:28,597  INFO [main] ql.Driver: Query ID = alex_20240424045328_5f42a5d6-4f59-47fd-aea8-45324120f957
Total jobs = 1
2024-04-24T04:53:28,597  INFO [main] ql.Driver: Total jobs = 1
Launching Job 1 out of 1
2024-04-24T04:53:28,597  INFO [main] ql.Driver: Launching Job 1 out of 1
2024-04-24T04:53:28,727  INFO [main] ql.Driver: Starting task [Stage-1:MAPRED] in serial mode
Number of reduce tasks is set to 0 since there's no reduce operator
2024-04-24T04:53:28,727  INFO [main] exec.Task: Number of reduce tasks is set to 0 since there's no reduce operator
2024-04-24T04:53:28,730  INFO [main] mr.ExecDriver: Using org.apache.hadoop.hive.ql.io.HiveInputFormat
2024-04-24T04:53:28,730  INFO [main] exec.Utilities: Processing alias $hdt$_0:_dummy_table
2024-04-24T04:53:28,730  INFO [main] exec.Utilities: Adding 1 inputs; the first input is file:/home/alex/Repositories/hive/ql/target/tmp/localscratchdir/38fef2f7-e89e-4249-9959-8c4c6ae3240c/hive_2024-04-24_04-53-28_332_4173434901847580892-1/dummy_path
2024-04-24T04:53:28,740  INFO [main] exec.SerializationUtilities: Serializing MapWork using kryo
2024-04-24T04:53:28,741  INFO [main] exec.Utilities: Serialized plan (via FILE) - name: null size: 5,71KB
2024-04-24T04:53:28,742  WARN [main] impl.MetricsSystemImpl: JobTracker metrics system already initialized!
2024-04-24T04:53:28,747  INFO [main] fs.FSStatsPublisher: created : file:/home/alex/Repositories/hive/ql/target/tmp/localscratchdir/38fef2f7-e89e-4249-9959-8c4c6ae3240c/hive_2024-04-24_04-53-28_332_4173434901847580892-1/-mr-10000
2024-04-24T04:53:28,749  WARN [main] impl.MetricsSystemImpl: JobTracker metrics system already initialized!
2024-04-24T04:53:28,757  WARN [main] mapreduce.JobResourceUploader: Hadoop command-line option parsing not performed. Implement the Tool interface and execute your application with ToolRunner to remedy this.
2024-04-24T04:53:28,762  WARN [main] mapreduce.JobResourceUploader: No job jar file set.  User classes may not be found. See Job or Job#setJar(String).
2024-04-24T04:53:28,763  INFO [main] io.HiveInputFormat: hive.io.file.readcolumn.ids = 
2024-04-24T04:53:28,763  INFO [main] io.HiveInputFormat: hive.io.file.readcolumn.names = 
2024-04-24T04:53:28,763  INFO [main] io.HiveInputFormat: Generating splits for dirs: file:/home/alex/Repositories/hive/ql/target/tmp/localscratchdir/38fef2f7-e89e-4249-9959-8c4c6ae3240c/hive_2024-04-24_04-53-28_332_4173434901847580892-1/dummy_path
2024-04-24T04:53:28,763  INFO [main] io.HiveInputFormat: number of splits 1
2024-04-24T04:53:28,782  INFO [main] mapreduce.JobSubmitter: number of splits:1
2024-04-24T04:53:28,808  INFO [main] mapreduce.JobSubmitter: Submitting tokens for job: job_local529796010_0005
2024-04-24T04:53:28,809  INFO [main] mapreduce.JobSubmitter: Executing with tokens: []
2024-04-24T04:53:28,872  INFO [main] mapreduce.Job: The url to track the job: http://localhost:8080/
Job running in-process (local Hadoop)
2024-04-24T04:53:28,873  INFO [main] exec.Task: Job running in-process (local Hadoop)
2024-04-24T04:53:28,873  INFO [Thread-406] mapred.LocalJobRunner: OutputCommitter set in config org.apache.hadoop.hive.ql.io.HiveFileFormatUtils$NullOutputCommitter
2024-04-24T04:53:28,873  INFO [Thread-406] mapred.LocalJobRunner: OutputCommitter is org.apache.hadoop.hive.ql.io.HiveFileFormatUtils$NullOutputCommitter
2024-04-24T04:53:28,875  INFO [Thread-406] mapred.LocalJobRunner: Waiting for map tasks
2024-04-24T04:53:28,875  INFO [LocalJobRunner Map Task Executor #0] mapred.LocalJobRunner: Starting task: attempt_local529796010_0005_m_000000_0
2024-04-24T04:53:28,878  INFO [LocalJobRunner Map Task Executor #0] mapred.Task:  Using ResourceCalculatorProcessTree : [ ]
2024-04-24T04:53:28,878  INFO [LocalJobRunner Map Task Executor #0] mapred.MapTask: Processing split: org.apache.hadoop.hive.ql.io.NullRowsInputFormat:file:/home/alex/Repositories/hive/ql/target/tmp/localscratchdir/38fef2f7-e89e-4249-9959-8c4c6ae3240c/hive_2024-04-24_04-53-28_332_4173434901847580892-1/dummy_path/null:0+1
2024-04-24T04:53:28,880  INFO [LocalJobRunner Map Task Executor #0] exec.SerializationUtilities: Deserializing MapWork using kryo
2024-04-24T04:53:28,881  INFO [LocalJobRunner Map Task Executor #0] exec.Utilities: Deserialized plan (via FILE) - name: null size: 5,71KB
2024-04-24T04:53:28,881  INFO [LocalJobRunner Map Task Executor #0] mapred.MapTask: numReduceTasks: 0
2024-04-24T04:53:28,885  INFO [LocalJobRunner Map Task Executor #0] exec.MapOperator: Initializing Operator: MAP[0]
2024-04-24T04:53:28,885  INFO [LocalJobRunner Map Task Executor #0] mr.ExecMapper: 
<MAP>Id =0
  <Children>null
  <\Children>
  <Parent><\Parent>
<\MAP>
2024-04-24T04:53:28,886  INFO [LocalJobRunner Map Task Executor #0] exec.TableScanOperator: Initializing Operator: TS[0]
2024-04-24T04:53:28,886  INFO [LocalJobRunner Map Task Executor #0] exec.SelectOperator: Initializing Operator: SEL[1]
2024-04-24T04:53:28,887  INFO [LocalJobRunner Map Task Executor #0] exec.SelectOperator: SELECT null
2024-04-24T04:53:28,887  INFO [LocalJobRunner Map Task Executor #0] exec.UDTFOperator: Initializing Operator: UDTF[2]
2024-04-24T04:53:28,887  INFO [LocalJobRunner Map Task Executor #0] exec.SelectOperator: Initializing Operator: SEL[3]
2024-04-24T04:53:28,887  INFO [LocalJobRunner Map Task Executor #0] exec.SelectOperator: SELECT struct<col1:int,col2:int>
2024-04-24T04:53:28,887  INFO [LocalJobRunner Map Task Executor #0] exec.FileSinkOperator: Initializing Operator: FS[4]
2024-04-24T04:53:28,888  INFO [LocalJobRunner Map Task Executor #0] exec.FileSinkOperator: Using serializer : AbstractSerDe [log=org.apache.logging.slf4j.Log4jLogger@38b5dff2, configuration=Optional[Configuration: core-default.xml, core-site.xml, mapred-default.xml, mapred-site.xml, yarn-default.xml, yarn-site.xml, hdfs-default.xml, hdfs-site.xml, file:/home/alex/Repositories/hive/ql/target/tmp/TestTxnCommands3/mapred/local/localRunner/alex/job_local529796010_0005/job_local529796010_0005.xml], properties={transactional_properties=default, name=default.t, transactional=true, columns.types=int:int, columns=a,b, numFilesErasureCoded=0, columns.comments=&amp#0;, bucketing_version=2, serialization.lib=org.apache.hadoop.hive.ql.io.orc.OrcSerde, file.inputformat=org.apache.hadoop.hive.ql.io.orc.OrcInputFormat, file.outputformat=org.apache.hadoop.hive.ql.io.orc.OrcOutputFormat, location=file:/home/alex/Repositories/hive/ql/target/tmp/org.apache.hadoop.hive.ql.TestTxnCommands3-1713959586346/warehouse/t, column.name.delimiter=,}, tableProperties={transactional_properties=default, name=default.t, transactional=true, columns.types=int:int, columns=a,b, numFilesErasureCoded=0, columns.comments=&amp#0;, bucketing_version=2, serialization.lib=org.apache.hadoop.hive.ql.io.orc.OrcSerde, file.inputformat=org.apache.hadoop.hive.ql.io.orc.OrcInputFormat, location=file:/home/alex/Repositories/hive/ql/target/tmp/org.apache.hadoop.hive.ql.TestTxnCommands3-1713959586346/warehouse/t, file.outputformat=org.apache.hadoop.hive.ql.io.orc.OrcOutputFormat, column.name.delimiter=,}, partitionProperties=Optional.empty, columnNames=[a, b], columnTypes=[int, int], getClass()=class org.apache.hadoop.hive.ql.io.orc.OrcSerde] and formatter : org.apache.hadoop.hive.ql.io.orc.OrcOutputFormat@d380c5
2024-04-24T04:53:28,889  INFO [LocalJobRunner Map Task Executor #0] exec.FileSinkOperator: Final Path: FS file:/home/alex/Repositories/hive/ql/target/tmp/org.apache.hadoop.hive.ql.TestTxnCommands3-1713959586346/warehouse/t
2024-04-24T04:53:28,889  INFO [LocalJobRunner Map Task Executor #0] exec.FileSinkOperator: New Final Path: FS file:/home/alex/Repositories/hive/ql/target/tmp/org.apache.hadoop.hive.ql.TestTxnCommands3-1713959586346/warehouse/t
2024-04-24T04:53:28,889  INFO [LocalJobRunner Map Task Executor #0] common.FileUtils: Creating directory if it doesn't exist: file:/home/alex/Repositories/hive/ql/target/tmp/org.apache.hadoop.hive.ql.TestTxnCommands3-1713959586346/warehouse
2024-04-24T04:53:28,891  INFO [LocalJobRunner Map Task Executor #0] exec.FileSinkOperator: FS[4]: records written - 1
2024-04-24T04:53:28,891  INFO [LocalJobRunner Map Task Executor #0] impl.PhysicalFsWriter: ORC writer created for path: file:/home/alex/Repositories/hive/ql/target/tmp/org.apache.hadoop.hive.ql.TestTxnCommands3-1713959586346/warehouse/t/delta_0000001_0000001_0000/bucket_00000_0 with stripeSize: 8388608 blockSize: 268435456 compression: Compress: ZLIB buffer: 32768
2024-04-24T04:53:28,899  INFO [LocalJobRunner Map Task Executor #0] impl.WriterImpl: ORC writer created for path: file:/home/alex/Repositories/hive/ql/target/tmp/org.apache.hadoop.hive.ql.TestTxnCommands3-1713959586346/warehouse/t/delta_0000001_0000001_0000/bucket_00000_0 with stripeSize: 8388608 options: Compress: ZLIB buffer: 32768
2024-04-24T04:53:28,904  INFO [LocalJobRunner Map Task Executor #0] exec.MapOperator: MAP[0]: records read - 1
2024-04-24T04:53:28,905  INFO [LocalJobRunner Map Task Executor #0] exec.MapOperator: Closing Operator: MAP[0]
2024-04-24T04:53:28,905  INFO [LocalJobRunner Map Task Executor #0] exec.MapOperator: MAP[0]: Total records read - 3. abort - false
2024-04-24T04:53:28,905  INFO [LocalJobRunner Map Task Executor #0] exec.MapOperator: RECORDS_OUT_INTERMEDIATE:0, DESERIALIZE_ERRORS:0, RECORDS_OUT_OPERATOR_MAP_0:0, RECORDS_IN:3, 
2024-04-24T04:53:28,905  INFO [LocalJobRunner Map Task Executor #0] exec.TableScanOperator: Closing Operator: TS[0]
2024-04-24T04:53:28,905  INFO [LocalJobRunner Map Task Executor #0] exec.TableScanOperator: RECORDS_OUT_OPERATOR_TS_0:1, RECORDS_OUT_INTERMEDIATE:0, 
2024-04-24T04:53:28,905  INFO [LocalJobRunner Map Task Executor #0] exec.SelectOperator: Closing Operator: SEL[1]
2024-04-24T04:53:28,905  INFO [LocalJobRunner Map Task Executor #0] exec.SelectOperator: RECORDS_OUT_INTERMEDIATE:0, RECORDS_OUT_OPERATOR_SEL_1:1, 
2024-04-24T04:53:28,905  INFO [LocalJobRunner Map Task Executor #0] exec.UDTFOperator: Closing Operator: UDTF[2]
2024-04-24T04:53:28,905  INFO [LocalJobRunner Map Task Executor #0] exec.UDTFOperator: RECORDS_OUT_OPERATOR_UDTF_2:2, RECORDS_OUT_INTERMEDIATE:0, 
2024-04-24T04:53:28,905  INFO [LocalJobRunner Map Task Executor #0] exec.SelectOperator: Closing Operator: SEL[3]
2024-04-24T04:53:28,905  INFO [LocalJobRunner Map Task Executor #0] exec.SelectOperator: RECORDS_OUT_INTERMEDIATE:0, RECORDS_OUT_OPERATOR_SEL_3:2, 
2024-04-24T04:53:28,905  INFO [LocalJobRunner Map Task Executor #0] exec.FileSinkOperator: Closing Operator: FS[4]
2024-04-24T04:53:28,905  INFO [LocalJobRunner Map Task Executor #0] exec.FileSinkOperator: FS[4]: records written - 2
2024-04-24T04:53:28,908  INFO [LocalJobRunner Map Task Executor #0] FileOperations: Writing manifest to file:/home/alex/Repositories/hive/ql/target/tmp/org.apache.hadoop.hive.ql.TestTxnCommands3-1713959586346/warehouse/t/_tmp.delta_0000001_0000001_0000/000000_0.manifest with [file:/home/alex/Repositories/hive/ql/target/tmp/org.apache.hadoop.hive.ql.TestTxnCommands3-1713959586346/warehouse/t/delta_0000001_0000001_0000/bucket_00000_0]
2024-04-24T04:53:28,920  INFO [LocalJobRunner Map Task Executor #0] exec.FileSinkOperator: RECORDS_OUT_INTERMEDIATE:0, TOTAL_TABLE_ROWS_WRITTEN:2, RECORDS_OUT_OPERATOR_FS_4:2, RECORDS_OUT_1_default.t:2, 
2024-04-24T04:53:28,921  INFO [LocalJobRunner Map Task Executor #0] mapred.LocalJobRunner: 
2024-04-24T04:53:28,923  INFO [LocalJobRunner Map Task Executor #0] mapred.Task: Task:attempt_local529796010_0005_m_000000_0 is done. And is in the process of committing
2024-04-24T04:53:28,923  INFO [LocalJobRunner Map Task Executor #0] mapred.LocalJobRunner: map
2024-04-24T04:53:28,923  INFO [LocalJobRunner Map Task Executor #0] mapred.Task: Task 'attempt_local529796010_0005_m_000000_0' done.
2024-04-24T04:53:28,923  INFO [LocalJobRunner Map Task Executor #0] mapred.Task: Final Counters for attempt_local529796010_0005_m_000000_0: Counters: 27
	File System Counters
		FILE: Number of bytes read=158993
		FILE: Number of bytes written=5906926
		FILE: Number of read operations=0
		FILE: Number of large read operations=0
		FILE: Number of write operations=0
	Map-Reduce Framework
		Map input records=4
		Map output records=0
		Input split bytes=361
		Spilled Records=0
		Failed Shuffles=0
		Merged Map outputs=0
		GC time elapsed (ms)=0
		Total committed heap usage (bytes)=1012400128
	HIVE
		CREATED_FILES=1
		DESERIALIZE_ERRORS=0
		RECORDS_IN=3
		RECORDS_OUT_1_default.t=2
		RECORDS_OUT_INTERMEDIATE=0
		RECORDS_OUT_OPERATOR_FS_4=2
		RECORDS_OUT_OPERATOR_MAP_0=0
		RECORDS_OUT_OPERATOR_SEL_1=1
		RECORDS_OUT_OPERATOR_SEL_3=2
		RECORDS_OUT_OPERATOR_TS_0=1
		RECORDS_OUT_OPERATOR_UDTF_2=2
		TOTAL_TABLE_ROWS_WRITTEN=2
	File Input Format Counters 
		Bytes Read=5770
	File Output Format Counters 
		Bytes Written=0
2024-04-24T04:53:28,924  INFO [LocalJobRunner Map Task Executor #0] mapred.LocalJobRunner: Finishing task: attempt_local529796010_0005_m_000000_0
2024-04-24T04:53:28,924  INFO [Thread-406] mapred.LocalJobRunner: map task executor complete.
2024-04-24 04:53:29,876 Stage-1 map = 100%,  reduce = 0%
2024-04-24T04:53:29,877  INFO [main] exec.Task: 2024-04-24 04:53:29,876 Stage-1 map = 100%,  reduce = 0%
Ended Job = job_local529796010_0005
2024-04-24T04:53:29,879  INFO [main] exec.Task: Ended Job = job_local529796010_0005
2024-04-24T04:53:29,881  INFO [main] FileOperations: Found manifest file file:/home/alex/Repositories/hive/ql/target/tmp/org.apache.hadoop.hive.ql.TestTxnCommands3-1713959586346/warehouse/t/_tmp.delta_0000001_0000001_0000/000000_0.manifest with attemptId 0.
2024-04-24T04:53:29,881  INFO [main] FileOperations: Looking at manifest file: file:/home/alex/Repositories/hive/ql/target/tmp/org.apache.hadoop.hive.ql.TestTxnCommands3-1713959586346/warehouse/t/_tmp.delta_0000001_0000001_0000/000000_0.manifest
2024-04-24T04:53:29,881  INFO [main] FileOperations: Deleting manifest directory file:/home/alex/Repositories/hive/ql/target/tmp/org.apache.hadoop.hive.ql.TestTxnCommands3-1713959586346/warehouse/t/_tmp.delta_0000001_0000001_0000
2024-04-24T04:53:29,883  INFO [main] ql.Driver: Starting task [Stage-0:MOVE] in serial mode
Loading data to table default.t
2024-04-24T04:53:29,883  INFO [main] exec.Task: Loading data to table default.t from file:/home/alex/Repositories/hive/ql/target/tmp/org.apache.hadoop.hive.ql.TestTxnCommands3-1713959586346/warehouse/t
2024-04-24T04:53:29,883  INFO [main] HiveMetaStore.audit: ugi=alex	ip=unknown-ip-addr	cmd=get_table : tbl=hive.default.t	
2024-04-24T04:53:29,890  INFO [main] metastore.HMSHandler: Skipping translation for processor with null
2024-04-24T04:53:29,891  INFO [main] HiveMetaStore.audit: ugi=alex	ip=unknown-ip-addr	cmd=get_table : tbl=hive.default.t	
2024-04-24T04:53:29,898  INFO [main] metastore.HMSHandler: Skipping translation for processor with null
2024-04-24T04:53:29,899  INFO [main] HiveMetaStore.audit: ugi=alex	ip=unknown-ip-addr	cmd=alter_table: hive.default.t newtbl=t	
2024-04-24T04:53:29,952  INFO [main] ql.Driver: Starting task [Stage-2:STATS] in serial mode
2024-04-24T04:53:29,953  INFO [main] HiveMetaStore.audit: ugi=alex	ip=unknown-ip-addr	cmd=get_table : tbl=hive.default.t	
2024-04-24T04:53:29,963  INFO [main] metastore.HMSHandler: Skipping translation for processor with null
2024-04-24T04:53:29,963  INFO [main] stats.BasicStatsTask: Executing stats task
2024-04-24T04:53:29,964  INFO [main] fs.FSStatsPublisher: created : file:/home/alex/Repositories/hive/ql/target/tmp/localscratchdir/38fef2f7-e89e-4249-9959-8c4c6ae3240c/hive_2024-04-24_04-53-28_332_4173434901847580892-1/-mr-10000
2024-04-24T04:53:29,965  INFO [main] HiveMetaStore.audit: ugi=alex	ip=unknown-ip-addr	cmd=get_table : tbl=hive.default.t	
2024-04-24T04:53:29,974  INFO [main] metastore.HMSHandler: Skipping translation for processor with null
2024-04-24T04:53:29,983  WARN [main] FileOperations: Computing stats for an ACID table; stats may be inaccurate
2024-04-24T04:53:29,983  INFO [main] FileOperations: Read stats for default.t/, numRows, true, 2, false: 
2024-04-24T04:53:29,983  INFO [main] FileOperations: Read stats for default.t/, rawDataSize, true, 0, false: 
2024-04-24T04:53:29,984  INFO [main] HiveMetaStore.audit: ugi=alex	ip=unknown-ip-addr	cmd=alter_table: hive.default.t newtbl=t	
2024-04-24T04:53:30,010  INFO [main] FileOperations: Read stats for default.t/, insertCount, true, 2, false: 
2024-04-24T04:53:30,010  INFO [main] FileOperations: Read stats for default.t/, updateCount, true, 0, false: 
2024-04-24T04:53:30,010  INFO [main] FileOperations: Read stats for default.t/, deleteCount, true, 0, false: 
2024-04-24T04:53:30,013  INFO [main] stats.BasicStatsTask: Table default.t stats: [numFiles=1, numRows=2, totalSize=687, rawDataSize=0, numFilesErasureCoded=0]
2024-04-24T04:53:30,013  INFO [main] metadata.Hive: Dumping metastore api call timing information for : execution phase
2024-04-24T04:53:30,014  INFO [main] metadata.Hive: Total time spent in each metastore function (ms): {getTable_(GetTableRequest)=35, updateTransactionalStatistics_(UpdateTransactionalStatsRequest)=3, isCompatibleWith_(Configuration)=0, alter_table_(String, String, String, Table, EnvironmentContext, String)=79}
MapReduce Jobs Launched: 
2024-04-24T04:53:30,014  INFO [main] ql.Driver: MapReduce Jobs Launched: 
Stage-Stage-1:  HDFS Read: 0 HDFS Write: 0 SUCCESS
2024-04-24T04:53:30,014  INFO [main] ql.Driver: Stage-Stage-1:  HDFS Read: 0 HDFS Write: 0 SUCCESS
Total MapReduce CPU Time Spent: 0 msec
2024-04-24T04:53:30,014  INFO [main] ql.Driver: Total MapReduce CPU Time Spent: 0 msec
2024-04-24T04:53:30,014  INFO [main] ql.Driver: Completed executing command(queryId=alex_20240424045328_5f42a5d6-4f59-47fd-aea8-45324120f957); Time taken: 1.416 seconds
2024-04-24T04:53:30,014  INFO [main] lockmgr.DbTxnManager: Stopped heartbeat for query: alex_20240424045328_5f42a5d6-4f59-47fd-aea8-45324120f957
2024-04-24T04:53:30,028  INFO [main] txn.TxnHandler: Removed transactions: ([15]) from MIN_HISTORY_LEVEL
2024-04-24T04:53:30,029  WARN [main] txn.CompactionTxnHandler: No compaction queue record found for Compaction type transaction commit. txnId:15
2024-04-24T04:53:30,029  INFO [main] ql.TxnCommandsBaseForTests: Running the query: insert into T values(4,6),(1,3)
2024-04-24T04:53:30,030  INFO [main] ql.Context: Deleting scratch dir: file:/home/alex/Repositories/hive/ql/target/tmp/localscratchdir/38fef2f7-e89e-4249-9959-8c4c6ae3240c/hive_2024-04-24_04-53-28_332_4173434901847580892-1
2024-04-24T04:53:30,030  INFO [main] cleanup.SyncCleanupService: Deleted directory: file:/home/alex/Repositories/hive/ql/target/tmp/localscratchdir/38fef2f7-e89e-4249-9959-8c4c6ae3240c/hive_2024-04-24_04-53-28_332_4173434901847580892-1 on fs with scheme file
2024-04-24T04:53:30,031  INFO [main] ql.Driver: Compiling command(queryId=alex_20240424045330_c9b28369-81b4-42b0-8bc6-a783f95f03c8): insert into T values(4,6),(1,3)
2024-04-24T04:53:30,034  INFO [main] txn.TxnHandler: Added entries to MIN_HISTORY_LEVEL for current txns: ([16]) with min_open_txn: 16
2024-04-24T04:53:30,035  INFO [main] lockmgr.DbTxnManager: Opened txnid:16
2024-04-24T04:53:30,035  INFO [main] parse.CalcitePlanner: Starting caching scope for: 
2024-04-24T04:53:30,035  INFO [main] parse.CalcitePlanner: Starting Semantic Analysis
2024-04-24T04:53:30,039  INFO [main] HiveMetaStore.audit: ugi=alex	ip=unknown-ip-addr	cmd=get_table : tbl=hive.default.T	
2024-04-24T04:53:30,047  INFO [main] metastore.HMSHandler: Skipping translation for processor with null
2024-04-24T04:53:30,047  INFO [main] parse.CalcitePlanner: Completed phase 1 of Semantic Analysis
2024-04-24T04:53:30,047  INFO [main] parse.CalcitePlanner: Get metadata for source tables
2024-04-24T04:53:30,047  INFO [main] parse.CalcitePlanner: Get metadata for subqueries
2024-04-24T04:53:30,047  INFO [main] parse.CalcitePlanner: Get metadata for destination tables
2024-04-24T04:53:30,047  INFO [main] HiveMetaStore.audit: ugi=alex	ip=unknown-ip-addr	cmd=get_table : tbl=hive.default.T	
2024-04-24T04:53:30,055  INFO [main] metastore.HMSHandler: Skipping translation for processor with null
2024-04-24T04:53:30,056  INFO [main] parse.CalcitePlanner: Completed getting MetaData in Semantic Analysis
2024-04-24T04:53:30,056  INFO [main] parse.CalcitePlanner: Disabling LLAP IO encode as ETL query is detected
2024-04-24T04:53:30,080  INFO [main] HiveMetaStore.audit: ugi=alex	ip=unknown-ip-addr	cmd=get_all_table_constraints : tbl=hive._dummy_database._dummy_table	
2024-04-24T04:53:30,140  INFO [main] parse.CalcitePlanner: Get metadata for source tables
2024-04-24T04:53:30,140  INFO [main] parse.CalcitePlanner: Get metadata for subqueries
2024-04-24T04:53:30,140  INFO [main] parse.CalcitePlanner: Get metadata for source tables
2024-04-24T04:53:30,141  INFO [main] HiveMetaStore.audit: ugi=alex	ip=unknown-ip-addr	cmd=get_table : tbl=hive._dummy_database._dummy_table	
2024-04-24T04:53:30,144  INFO [main] parse.CalcitePlanner: Get metadata for subqueries
2024-04-24T04:53:30,144  INFO [main] parse.CalcitePlanner: Get metadata for destination tables
2024-04-24T04:53:30,144  INFO [main] parse.CalcitePlanner: Get metadata for destination tables
2024-04-24T04:53:30,144  INFO [main] HiveMetaStore.audit: ugi=alex	ip=unknown-ip-addr	cmd=get_table : tbl=hive.default.T	
2024-04-24T04:53:30,153  INFO [main] metastore.HMSHandler: Skipping translation for processor with null
2024-04-24T04:53:30,155  INFO [main] HiveMetaStore.audit: ugi=alex	ip=unknown-ip-addr	cmd=get_not_null_constraints : tbl=hive.default.t	
2024-04-24T04:53:30,157  INFO [main] HiveMetaStore.audit: ugi=alex	ip=unknown-ip-addr	cmd=get_check_constraints : tbl=hive.default.t	
2024-04-24T04:53:30,164  INFO [main] txn.TxnHandler: Allocated writeId: 2 for txnId: 16
2024-04-24T04:53:30,164  INFO [main] txn.TxnHandler: Allocated write ids for dbName=default, tblName=t (txnIds: [16])
2024-04-24T04:53:30,165  INFO [main] parse.CalcitePlanner: CBO Succeeded; optimized logical plan.
2024-04-24T04:53:30,168  INFO [main] optimizer.BucketVersionPopulator: not considering bucketingVersion for: TS[0] because it has -1<2 buckets 
2024-04-24T04:53:30,168  INFO [main] optimizer.SortedDynPartitionOptimizer: Sorted dynamic partitioning optimization kicked in..
2024-04-24T04:53:30,177  INFO [main] HiveMetaStore.audit: ugi=alex	ip=unknown-ip-addr	cmd=get_table : tbl=hive.default.t	
2024-04-24T04:53:30,187  INFO [main] metastore.HMSHandler: Skipping translation for processor with null
2024-04-24T04:53:30,188  INFO [main] physical.Vectorizer: Examining input format to see if vectorization is enabled.
2024-04-24T04:53:30,188  INFO [main] physical.Vectorizer: Map vectorization enabled: false
2024-04-24T04:53:30,188  INFO [main] physical.Vectorizer: Map vectorized: false
2024-04-24T04:53:30,188  INFO [main] physical.Vectorizer: Map vectorizedVertexNum: 0
2024-04-24T04:53:30,188  INFO [main] physical.Vectorizer: Map enabledConditionsMet: [hive.vectorized.use.vectorized.input.format IS true]
2024-04-24T04:53:30,188  INFO [main] physical.Vectorizer: Map enabledConditionsNotMet: [Could not enable vectorization due to partition column names size 1 is greater than the number of table column names size 0 IS false]
2024-04-24T04:53:30,188  INFO [main] physical.Vectorizer: Map inputFileFormatClassNameSet: [org.apache.hadoop.hive.ql.io.NullRowsInputFormat]
2024-04-24T04:53:30,188  INFO [main] parse.CalcitePlanner: Completed plan generation
2024-04-24T04:53:30,188  INFO [main] parse.CalcitePlanner: Ending caching scope for: 
2024-04-24T04:53:30,188  INFO [main] ql.Driver: Semantic Analysis Completed (retrial = false)
2024-04-24T04:53:30,188  INFO [main] ql.Driver: Created Hive schema: Schema(fieldSchemas:[FieldSchema(name:col1, type:int, comment:null), FieldSchema(name:col2, type:int, comment:null)], properties:null)
2024-04-24T04:53:30,189  INFO [main] metadata.Hive: Dumping metastore api call timing information for : compilation phase
2024-04-24T04:53:30,189  INFO [main] metadata.Hive: Total time spent in each metastore function (ms): {getTable_(GetTableRequest)=36, flushCache_()=0, getValidWriteIds_(List, String)=3, getNotNullConstraints_(NotNullConstraintsRequest)=2, getCheckConstraints_(CheckConstraintsRequest)=1, isCompatibleWith_(Configuration)=0, getAllTableConstraints_(AllTableConstraintsRequest)=5, commitTxn_(CommitTxnRequest)=15, allocateTableWriteId_(long, String, String)=7, openTxn_(String, TxnType)=3, getValidTxns_(long)=0}
2024-04-24T04:53:30,189  INFO [main] ql.Driver: Completed compiling command(queryId=alex_20240424045330_c9b28369-81b4-42b0-8bc6-a783f95f03c8); Time taken: 0.157 seconds
2024-04-24T04:53:30,189  INFO [main] lockmgr.DbTxnManager: Setting lock request transaction to txnid:16 for queryId=alex_20240424045330_c9b28369-81b4-42b0-8bc6-a783f95f03c8
2024-04-24T04:53:30,189  INFO [main] lockmgr.DbLockManager: Requesting lock for queryId=alex_20240424045330_c9b28369-81b4-42b0-8bc6-a783f95f03c8
2024-04-24T04:53:30,206  INFO [main] lockmgr.DbLockManager: Response to queryId=alex_20240424045330_c9b28369-81b4-42b0-8bc6-a783f95f03c8 LockResponse(lockid:9, state:ACQUIRED)
2024-04-24T04:53:30,206  INFO [main] ql.Driver: Operation QUERY obtained 1 locks
2024-04-24T04:53:30,209  INFO [main] ql.Driver: Executing command(queryId=alex_20240424045330_c9b28369-81b4-42b0-8bc6-a783f95f03c8): insert into T values(4,6),(1,3)
2024-04-24T04:53:30,209  WARN [main] ql.Driver: Hive-on-MR is deprecated in Hive 2 and may not be available in the future versions. Consider using a different execution engine (i.e. spark, tez) or using Hive 1.X releases.
Query ID = alex_20240424045330_c9b28369-81b4-42b0-8bc6-a783f95f03c8
2024-04-24T04:53:30,209  INFO [main] ql.Driver: Query ID = alex_20240424045330_c9b28369-81b4-42b0-8bc6-a783f95f03c8
Total jobs = 1
2024-04-24T04:53:30,209  INFO [main] ql.Driver: Total jobs = 1
Launching Job 1 out of 1
2024-04-24T04:53:30,209  INFO [main] ql.Driver: Launching Job 1 out of 1
2024-04-24T04:53:30,333  INFO [main] ql.Driver: Starting task [Stage-1:MAPRED] in serial mode
Number of reduce tasks is set to 0 since there's no reduce operator
2024-04-24T04:53:30,333  INFO [main] exec.Task: Number of reduce tasks is set to 0 since there's no reduce operator
2024-04-24T04:53:30,336  INFO [main] mr.ExecDriver: Using org.apache.hadoop.hive.ql.io.HiveInputFormat
2024-04-24T04:53:30,336  INFO [main] exec.Utilities: Processing alias $hdt$_0:_dummy_table
2024-04-24T04:53:30,336  INFO [main] exec.Utilities: Adding 1 inputs; the first input is file:/home/alex/Repositories/hive/ql/target/tmp/localscratchdir/38fef2f7-e89e-4249-9959-8c4c6ae3240c/hive_2024-04-24_04-53-30_031_4225049975856792240-1/dummy_path
2024-04-24T04:53:30,345  INFO [main] exec.SerializationUtilities: Serializing MapWork using kryo
2024-04-24T04:53:30,346  INFO [main] exec.Utilities: Serialized plan (via FILE) - name: null size: 5,71KB
2024-04-24T04:53:30,347  WARN [main] impl.MetricsSystemImpl: JobTracker metrics system already initialized!
2024-04-24T04:53:30,351  INFO [main] fs.FSStatsPublisher: created : file:/home/alex/Repositories/hive/ql/target/tmp/localscratchdir/38fef2f7-e89e-4249-9959-8c4c6ae3240c/hive_2024-04-24_04-53-30_031_4225049975856792240-1/-mr-10000
2024-04-24T04:53:30,353  WARN [main] impl.MetricsSystemImpl: JobTracker metrics system already initialized!
2024-04-24T04:53:30,360  WARN [main] mapreduce.JobResourceUploader: Hadoop command-line option parsing not performed. Implement the Tool interface and execute your application with ToolRunner to remedy this.
2024-04-24T04:53:30,364  WARN [main] mapreduce.JobResourceUploader: No job jar file set.  User classes may not be found. See Job or Job#setJar(String).
2024-04-24T04:53:30,365  INFO [main] io.HiveInputFormat: hive.io.file.readcolumn.ids = 
2024-04-24T04:53:30,365  INFO [main] io.HiveInputFormat: hive.io.file.readcolumn.names = 
2024-04-24T04:53:30,365  INFO [main] io.HiveInputFormat: Generating splits for dirs: file:/home/alex/Repositories/hive/ql/target/tmp/localscratchdir/38fef2f7-e89e-4249-9959-8c4c6ae3240c/hive_2024-04-24_04-53-30_031_4225049975856792240-1/dummy_path
2024-04-24T04:53:30,366  INFO [main] io.HiveInputFormat: number of splits 1
2024-04-24T04:53:30,384  INFO [main] mapreduce.JobSubmitter: number of splits:1
2024-04-24T04:53:30,403  INFO [main] mapreduce.JobSubmitter: Submitting tokens for job: job_local1295841976_0006
2024-04-24T04:53:30,403  INFO [main] mapreduce.JobSubmitter: Executing with tokens: []
2024-04-24T04:53:30,461  INFO [main] mapreduce.Job: The url to track the job: http://localhost:8080/
Job running in-process (local Hadoop)
2024-04-24T04:53:30,461  INFO [main] exec.Task: Job running in-process (local Hadoop)
2024-04-24T04:53:30,461  INFO [Thread-452] mapred.LocalJobRunner: OutputCommitter set in config org.apache.hadoop.hive.ql.io.HiveFileFormatUtils$NullOutputCommitter
2024-04-24T04:53:30,461  INFO [Thread-452] mapred.LocalJobRunner: OutputCommitter is org.apache.hadoop.hive.ql.io.HiveFileFormatUtils$NullOutputCommitter
2024-04-24T04:53:30,463  INFO [Thread-452] mapred.LocalJobRunner: Waiting for map tasks
2024-04-24T04:53:30,463  INFO [LocalJobRunner Map Task Executor #0] mapred.LocalJobRunner: Starting task: attempt_local1295841976_0006_m_000000_0
2024-04-24T04:53:30,464  INFO [LocalJobRunner Map Task Executor #0] mapred.Task:  Using ResourceCalculatorProcessTree : [ ]
2024-04-24T04:53:30,464  INFO [LocalJobRunner Map Task Executor #0] mapred.MapTask: Processing split: org.apache.hadoop.hive.ql.io.NullRowsInputFormat:file:/home/alex/Repositories/hive/ql/target/tmp/localscratchdir/38fef2f7-e89e-4249-9959-8c4c6ae3240c/hive_2024-04-24_04-53-30_031_4225049975856792240-1/dummy_path/null:0+1
2024-04-24T04:53:30,465  INFO [LocalJobRunner Map Task Executor #0] exec.SerializationUtilities: Deserializing MapWork using kryo
2024-04-24T04:53:30,465  INFO [LocalJobRunner Map Task Executor #0] exec.Utilities: Deserialized plan (via FILE) - name: null size: 5,71KB
2024-04-24T04:53:30,466  INFO [LocalJobRunner Map Task Executor #0] mapred.MapTask: numReduceTasks: 0
2024-04-24T04:53:30,466  INFO [LocalJobRunner Map Task Executor #0] exec.MapOperator: Initializing Operator: MAP[0]
2024-04-24T04:53:30,466  INFO [LocalJobRunner Map Task Executor #0] mr.ExecMapper: 
<MAP>Id =0
  <Children>null
  <\Children>
  <Parent><\Parent>
<\MAP>
2024-04-24T04:53:30,467  INFO [LocalJobRunner Map Task Executor #0] exec.TableScanOperator: Initializing Operator: TS[0]
2024-04-24T04:53:30,467  INFO [LocalJobRunner Map Task Executor #0] exec.SelectOperator: Initializing Operator: SEL[1]
2024-04-24T04:53:30,467  INFO [LocalJobRunner Map Task Executor #0] exec.SelectOperator: SELECT null
2024-04-24T04:53:30,468  INFO [LocalJobRunner Map Task Executor #0] exec.UDTFOperator: Initializing Operator: UDTF[2]
2024-04-24T04:53:30,468  INFO [LocalJobRunner Map Task Executor #0] exec.SelectOperator: Initializing Operator: SEL[3]
2024-04-24T04:53:30,468  INFO [LocalJobRunner Map Task Executor #0] exec.SelectOperator: SELECT struct<col1:int,col2:int>
2024-04-24T04:53:30,468  INFO [LocalJobRunner Map Task Executor #0] exec.FileSinkOperator: Initializing Operator: FS[4]
2024-04-24T04:53:30,468  INFO [LocalJobRunner Map Task Executor #0] exec.FileSinkOperator: Using serializer : AbstractSerDe [log=org.apache.logging.slf4j.Log4jLogger@38b5dff2, configuration=Optional[Configuration: core-default.xml, core-site.xml, mapred-default.xml, mapred-site.xml, yarn-default.xml, yarn-site.xml, hdfs-default.xml, hdfs-site.xml, file:/home/alex/Repositories/hive/ql/target/tmp/TestTxnCommands3/mapred/local/localRunner/alex/job_local1295841976_0006/job_local1295841976_0006.xml], properties={transactional_properties=default, name=default.t, transactional=true, columns.types=int:int, columns=a,b, numFilesErasureCoded=0, columns.comments=&amp#0;, bucketing_version=2, serialization.lib=org.apache.hadoop.hive.ql.io.orc.OrcSerde, file.inputformat=org.apache.hadoop.hive.ql.io.orc.OrcInputFormat, file.outputformat=org.apache.hadoop.hive.ql.io.orc.OrcOutputFormat, location=file:/home/alex/Repositories/hive/ql/target/tmp/org.apache.hadoop.hive.ql.TestTxnCommands3-1713959586346/warehouse/t, column.name.delimiter=,}, tableProperties={transactional_properties=default, name=default.t, transactional=true, columns.types=int:int, columns=a,b, numFilesErasureCoded=0, columns.comments=&amp#0;, bucketing_version=2, serialization.lib=org.apache.hadoop.hive.ql.io.orc.OrcSerde, file.inputformat=org.apache.hadoop.hive.ql.io.orc.OrcInputFormat, location=file:/home/alex/Repositories/hive/ql/target/tmp/org.apache.hadoop.hive.ql.TestTxnCommands3-1713959586346/warehouse/t, file.outputformat=org.apache.hadoop.hive.ql.io.orc.OrcOutputFormat, column.name.delimiter=,}, partitionProperties=Optional.empty, columnNames=[a, b], columnTypes=[int, int], getClass()=class org.apache.hadoop.hive.ql.io.orc.OrcSerde] and formatter : org.apache.hadoop.hive.ql.io.orc.OrcOutputFormat@637aa2ca
2024-04-24T04:53:30,468  INFO [LocalJobRunner Map Task Executor #0] exec.FileSinkOperator: Final Path: FS file:/home/alex/Repositories/hive/ql/target/tmp/org.apache.hadoop.hive.ql.TestTxnCommands3-1713959586346/warehouse/t
2024-04-24T04:53:30,468  INFO [LocalJobRunner Map Task Executor #0] exec.FileSinkOperator: New Final Path: FS file:/home/alex/Repositories/hive/ql/target/tmp/org.apache.hadoop.hive.ql.TestTxnCommands3-1713959586346/warehouse/t
2024-04-24T04:53:30,469  INFO [LocalJobRunner Map Task Executor #0] common.FileUtils: Creating directory if it doesn't exist: file:/home/alex/Repositories/hive/ql/target/tmp/org.apache.hadoop.hive.ql.TestTxnCommands3-1713959586346/warehouse
2024-04-24T04:53:30,469  INFO [LocalJobRunner Map Task Executor #0] exec.FileSinkOperator: FS[4]: records written - 1
2024-04-24T04:53:30,469  INFO [LocalJobRunner Map Task Executor #0] impl.PhysicalFsWriter: ORC writer created for path: file:/home/alex/Repositories/hive/ql/target/tmp/org.apache.hadoop.hive.ql.TestTxnCommands3-1713959586346/warehouse/t/delta_0000002_0000002_0000/bucket_00000_0 with stripeSize: 8388608 blockSize: 268435456 compression: Compress: ZLIB buffer: 32768
2024-04-24T04:53:30,477  INFO [LocalJobRunner Map Task Executor #0] impl.WriterImpl: ORC writer created for path: file:/home/alex/Repositories/hive/ql/target/tmp/org.apache.hadoop.hive.ql.TestTxnCommands3-1713959586346/warehouse/t/delta_0000002_0000002_0000/bucket_00000_0 with stripeSize: 8388608 options: Compress: ZLIB buffer: 32768
2024-04-24T04:53:30,481  INFO [LocalJobRunner Map Task Executor #0] exec.MapOperator: MAP[0]: records read - 1
2024-04-24T04:53:30,482  INFO [LocalJobRunner Map Task Executor #0] exec.MapOperator: Closing Operator: MAP[0]
2024-04-24T04:53:30,482  INFO [LocalJobRunner Map Task Executor #0] exec.MapOperator: MAP[0]: Total records read - 3. abort - false
2024-04-24T04:53:30,482  INFO [LocalJobRunner Map Task Executor #0] exec.MapOperator: DESERIALIZE_ERRORS:0, RECORDS_OUT_INTERMEDIATE:0, RECORDS_IN:3, RECORDS_OUT_OPERATOR_MAP_0:0, 
2024-04-24T04:53:30,482  INFO [LocalJobRunner Map Task Executor #0] exec.TableScanOperator: Closing Operator: TS[0]
2024-04-24T04:53:30,482  INFO [LocalJobRunner Map Task Executor #0] exec.TableScanOperator: RECORDS_OUT_OPERATOR_TS_0:1, RECORDS_OUT_INTERMEDIATE:0, 
2024-04-24T04:53:30,482  INFO [LocalJobRunner Map Task Executor #0] exec.SelectOperator: Closing Operator: SEL[1]
2024-04-24T04:53:30,482  INFO [LocalJobRunner Map Task Executor #0] exec.SelectOperator: RECORDS_OUT_OPERATOR_SEL_1:1, RECORDS_OUT_INTERMEDIATE:0, 
2024-04-24T04:53:30,482  INFO [LocalJobRunner Map Task Executor #0] exec.UDTFOperator: Closing Operator: UDTF[2]
2024-04-24T04:53:30,482  INFO [LocalJobRunner Map Task Executor #0] exec.UDTFOperator: RECORDS_OUT_OPERATOR_UDTF_2:2, RECORDS_OUT_INTERMEDIATE:0, 
2024-04-24T04:53:30,482  INFO [LocalJobRunner Map Task Executor #0] exec.SelectOperator: Closing Operator: SEL[3]
2024-04-24T04:53:30,482  INFO [LocalJobRunner Map Task Executor #0] exec.SelectOperator: RECORDS_OUT_OPERATOR_SEL_3:2, RECORDS_OUT_INTERMEDIATE:0, 
2024-04-24T04:53:30,482  INFO [LocalJobRunner Map Task Executor #0] exec.FileSinkOperator: Closing Operator: FS[4]
2024-04-24T04:53:30,482  INFO [LocalJobRunner Map Task Executor #0] exec.FileSinkOperator: FS[4]: records written - 2
2024-04-24T04:53:30,486  INFO [LocalJobRunner Map Task Executor #0] FileOperations: Writing manifest to file:/home/alex/Repositories/hive/ql/target/tmp/org.apache.hadoop.hive.ql.TestTxnCommands3-1713959586346/warehouse/t/_tmp.delta_0000002_0000002_0000/000000_0.manifest with [file:/home/alex/Repositories/hive/ql/target/tmp/org.apache.hadoop.hive.ql.TestTxnCommands3-1713959586346/warehouse/t/delta_0000002_0000002_0000/bucket_00000_0]
2024-04-24T04:53:30,498  INFO [LocalJobRunner Map Task Executor #0] exec.FileSinkOperator: RECORDS_OUT_1_default.t:2, TOTAL_TABLE_ROWS_WRITTEN:2, RECORDS_OUT_OPERATOR_FS_4:2, RECORDS_OUT_INTERMEDIATE:0, 
2024-04-24T04:53:30,499  INFO [LocalJobRunner Map Task Executor #0] mapred.LocalJobRunner: 
2024-04-24T04:53:30,499  INFO [LocalJobRunner Map Task Executor #0] mapred.Task: Task:attempt_local1295841976_0006_m_000000_0 is done. And is in the process of committing
2024-04-24T04:53:30,499  INFO [LocalJobRunner Map Task Executor #0] mapred.LocalJobRunner: map
2024-04-24T04:53:30,499  INFO [LocalJobRunner Map Task Executor #0] mapred.Task: Task 'attempt_local1295841976_0006_m_000000_0' done.
2024-04-24T04:53:30,499  INFO [LocalJobRunner Map Task Executor #0] mapred.Task: Final Counters for attempt_local1295841976_0006_m_000000_0: Counters: 27
	File System Counters
		FILE: Number of bytes read=165476
		FILE: Number of bytes written=7083809
		FILE: Number of read operations=0
		FILE: Number of large read operations=0
		FILE: Number of write operations=0
	Map-Reduce Framework
		Map input records=4
		Map output records=0
		Input split bytes=361
		Spilled Records=0
		Failed Shuffles=0
		Merged Map outputs=0
		GC time elapsed (ms)=0
		Total committed heap usage (bytes)=1012400128
	HIVE
		CREATED_FILES=1
		DESERIALIZE_ERRORS=0
		RECORDS_IN=3
		RECORDS_OUT_1_default.t=2
		RECORDS_OUT_INTERMEDIATE=0
		RECORDS_OUT_OPERATOR_FS_4=2
		RECORDS_OUT_OPERATOR_MAP_0=0
		RECORDS_OUT_OPERATOR_SEL_1=1
		RECORDS_OUT_OPERATOR_SEL_3=2
		RECORDS_OUT_OPERATOR_TS_0=1
		RECORDS_OUT_OPERATOR_UDTF_2=2
		TOTAL_TABLE_ROWS_WRITTEN=2
	File Input Format Counters 
		Bytes Read=5770
	File Output Format Counters 
		Bytes Written=0
2024-04-24T04:53:30,500  INFO [LocalJobRunner Map Task Executor #0] mapred.LocalJobRunner: Finishing task: attempt_local1295841976_0006_m_000000_0
2024-04-24T04:53:30,500  INFO [Thread-452] mapred.LocalJobRunner: map task executor complete.
2024-04-24 04:53:31,463 Stage-1 map = 100%,  reduce = 0%
2024-04-24T04:53:31,463  INFO [main] exec.Task: 2024-04-24 04:53:31,463 Stage-1 map = 100%,  reduce = 0%
Ended Job = job_local1295841976_0006
2024-04-24T04:53:31,463  INFO [main] exec.Task: Ended Job = job_local1295841976_0006
2024-04-24T04:53:31,464  INFO [main] FileOperations: Found manifest file file:/home/alex/Repositories/hive/ql/target/tmp/org.apache.hadoop.hive.ql.TestTxnCommands3-1713959586346/warehouse/t/_tmp.delta_0000002_0000002_0000/000000_0.manifest with attemptId 0.
2024-04-24T04:53:31,464  INFO [main] FileOperations: Looking at manifest file: file:/home/alex/Repositories/hive/ql/target/tmp/org.apache.hadoop.hive.ql.TestTxnCommands3-1713959586346/warehouse/t/_tmp.delta_0000002_0000002_0000/000000_0.manifest
2024-04-24T04:53:31,465  INFO [main] FileOperations: Deleting manifest directory file:/home/alex/Repositories/hive/ql/target/tmp/org.apache.hadoop.hive.ql.TestTxnCommands3-1713959586346/warehouse/t/_tmp.delta_0000002_0000002_0000
2024-04-24T04:53:31,466  INFO [main] ql.Driver: Starting task [Stage-0:MOVE] in serial mode
Loading data to table default.t
2024-04-24T04:53:31,466  INFO [main] exec.Task: Loading data to table default.t from file:/home/alex/Repositories/hive/ql/target/tmp/org.apache.hadoop.hive.ql.TestTxnCommands3-1713959586346/warehouse/t
2024-04-24T04:53:31,466  INFO [main] HiveMetaStore.audit: ugi=alex	ip=unknown-ip-addr	cmd=get_table : tbl=hive.default.t	
2024-04-24T04:53:31,474  INFO [main] metastore.HMSHandler: Skipping translation for processor with null
2024-04-24T04:53:31,474  INFO [main] HiveMetaStore.audit: ugi=alex	ip=unknown-ip-addr	cmd=get_table : tbl=hive.default.t	
2024-04-24T04:53:31,482  INFO [main] metastore.HMSHandler: Skipping translation for processor with null
2024-04-24T04:53:31,483  INFO [main] HiveMetaStore.audit: ugi=alex	ip=unknown-ip-addr	cmd=alter_table: hive.default.t newtbl=t	
2024-04-24T04:53:31,507  INFO [main] ql.Driver: Starting task [Stage-2:STATS] in serial mode
2024-04-24T04:53:31,507  INFO [main] HiveMetaStore.audit: ugi=alex	ip=unknown-ip-addr	cmd=get_table : tbl=hive.default.t	
2024-04-24T04:53:31,514  INFO [main] metastore.HMSHandler: Skipping translation for processor with null
2024-04-24T04:53:31,514  INFO [main] stats.BasicStatsTask: Executing stats task
2024-04-24T04:53:31,514  INFO [main] fs.FSStatsPublisher: created : file:/home/alex/Repositories/hive/ql/target/tmp/localscratchdir/38fef2f7-e89e-4249-9959-8c4c6ae3240c/hive_2024-04-24_04-53-30_031_4225049975856792240-1/-mr-10000
2024-04-24T04:53:31,515  INFO [main] HiveMetaStore.audit: ugi=alex	ip=unknown-ip-addr	cmd=get_table : tbl=hive.default.t	
2024-04-24T04:53:31,523  INFO [main] metastore.HMSHandler: Skipping translation for processor with null
2024-04-24T04:53:31,540  WARN [main] FileOperations: Computing stats for an ACID table; stats may be inaccurate
2024-04-24T04:53:31,540  INFO [main] FileOperations: Read stats for default.t/, numRows, true, 2, false: 
2024-04-24T04:53:31,540  INFO [main] FileOperations: Read stats for default.t/, rawDataSize, true, 0, false: 
2024-04-24T04:53:31,541  INFO [main] HiveMetaStore.audit: ugi=alex	ip=unknown-ip-addr	cmd=alter_table: hive.default.t newtbl=t	
2024-04-24T04:53:31,564  INFO [main] FileOperations: Read stats for default.t/, insertCount, true, 2, false: 
2024-04-24T04:53:31,564  INFO [main] FileOperations: Read stats for default.t/, updateCount, true, 0, false: 
2024-04-24T04:53:31,564  INFO [main] FileOperations: Read stats for default.t/, deleteCount, true, 0, false: 
2024-04-24T04:53:31,565  INFO [main] stats.BasicStatsTask: Table default.t stats: [numFiles=2, numRows=4, totalSize=1372, rawDataSize=0, numFilesErasureCoded=0]
2024-04-24T04:53:31,565  INFO [main] metadata.Hive: Dumping metastore api call timing information for : execution phase
2024-04-24T04:53:31,565  INFO [main] metadata.Hive: Total time spent in each metastore function (ms): {getTable_(GetTableRequest)=32, isCompatibleWith_(Configuration)=0, updateTransactionalStatistics_(UpdateTransactionalStatsRequest)=1, alter_table_(String, String, String, Table, EnvironmentContext, String)=47}
MapReduce Jobs Launched: 
2024-04-24T04:53:31,566  INFO [main] ql.Driver: MapReduce Jobs Launched: 
Stage-Stage-1:  HDFS Read: 0 HDFS Write: 0 SUCCESS
2024-04-24T04:53:31,566  INFO [main] ql.Driver: Stage-Stage-1:  HDFS Read: 0 HDFS Write: 0 SUCCESS
Total MapReduce CPU Time Spent: 0 msec
2024-04-24T04:53:31,566  INFO [main] ql.Driver: Total MapReduce CPU Time Spent: 0 msec
2024-04-24T04:53:31,566  INFO [main] ql.Driver: Completed executing command(queryId=alex_20240424045330_c9b28369-81b4-42b0-8bc6-a783f95f03c8); Time taken: 1.356 seconds
2024-04-24T04:53:31,566  INFO [main] lockmgr.DbTxnManager: Stopped heartbeat for query: alex_20240424045330_c9b28369-81b4-42b0-8bc6-a783f95f03c8
2024-04-24T04:53:31,576  INFO [main] txn.TxnHandler: Removed transactions: ([16]) from MIN_HISTORY_LEVEL
2024-04-24T04:53:31,576  WARN [main] txn.CompactionTxnHandler: No compaction queue record found for Compaction type transaction commit. txnId:16
2024-04-24T04:53:31,577  INFO [main] ql.TxnCommandsBaseForTests: Running the query: delete from T where a = 1
2024-04-24T04:53:31,577  INFO [main] ql.Context: Deleting scratch dir: file:/home/alex/Repositories/hive/ql/target/tmp/localscratchdir/38fef2f7-e89e-4249-9959-8c4c6ae3240c/hive_2024-04-24_04-53-30_031_4225049975856792240-1
2024-04-24T04:53:31,578  INFO [main] cleanup.SyncCleanupService: Deleted directory: file:/home/alex/Repositories/hive/ql/target/tmp/localscratchdir/38fef2f7-e89e-4249-9959-8c4c6ae3240c/hive_2024-04-24_04-53-30_031_4225049975856792240-1 on fs with scheme file
2024-04-24T04:53:31,578  INFO [main] ql.Driver: Compiling command(queryId=alex_20240424045331_b05f3ab4-127f-486f-982d-a76572a0f752): delete from T where a = 1
2024-04-24T04:53:31,581  INFO [main] txn.TxnHandler: Added entries to MIN_HISTORY_LEVEL for current txns: ([17]) with min_open_txn: 17
2024-04-24T04:53:31,582  INFO [main] lockmgr.DbTxnManager: Opened txnid:17
2024-04-24T04:53:31,582  INFO [main] parse.UpdateDeleteSemanticAnalyzer: Starting caching scope for: 
2024-04-24T04:53:31,583  INFO [main] HiveMetaStore.audit: ugi=alex	ip=unknown-ip-addr	cmd=get_table : tbl=hive.default.T	
2024-04-24T04:53:31,590  INFO [main] metastore.HMSHandler: Skipping translation for processor with null
2024-04-24T04:53:31,590  INFO [main] parse.RewriteSemanticAnalyzer: Going to reparse <delete from T where a = 1> as 
<insert into table `default`.`T` select ROW__ID from `default`.`T` sort by ROW__ID >
2024-04-24T04:53:31,591  INFO [main] parse.UpdateDeleteSemanticAnalyzer: Starting Semantic Analysis
2024-04-24T04:53:31,593  INFO [main] parse.UpdateDeleteSemanticAnalyzer: Completed phase 1 of Semantic Analysis
2024-04-24T04:53:31,594  INFO [main] parse.UpdateDeleteSemanticAnalyzer: Get metadata for source tables
2024-04-24T04:53:31,594  INFO [main] HiveMetaStore.audit: ugi=alex	ip=unknown-ip-addr	cmd=get_table : tbl=hive.default.t	
2024-04-24T04:53:31,602  INFO [main] metastore.HMSHandler: Skipping translation for processor with null
2024-04-24T04:53:31,603  INFO [main] parse.UpdateDeleteSemanticAnalyzer: Get metadata for subqueries
2024-04-24T04:53:31,603  INFO [main] parse.UpdateDeleteSemanticAnalyzer: Get metadata for destination tables
2024-04-24T04:53:31,603  INFO [main] HiveMetaStore.audit: ugi=alex	ip=unknown-ip-addr	cmd=get_table : tbl=hive.default.T	
2024-04-24T04:53:31,610  INFO [main] metastore.HMSHandler: Skipping translation for processor with null
2024-04-24T04:53:31,610  INFO [main] parse.UpdateDeleteSemanticAnalyzer: Completed getting MetaData in Semantic Analysis
2024-04-24T04:53:31,610  INFO [main] parse.UpdateDeleteSemanticAnalyzer: Disabling LLAP IO encode as ETL query is detected
2024-04-24T04:53:31,622  INFO [main] HiveMetaStore.audit: ugi=alex	ip=unknown-ip-addr	cmd=get_all_table_constraints : tbl=hive.default.t	
2024-04-24T04:53:31,707  INFO [main] calcite.RelOptHiveTable: Calculating column statistics for default.t, projIndxSet: [0], allowMissingStats: true
2024-04-24T04:53:31,708  INFO [main] HiveMetaStore.audit: ugi=alex	ip=unknown-ip-addr	cmd=get_table : tbl=hive.default.t	
2024-04-24T04:53:31,718  INFO [main] metastore.HMSHandler: Skipping translation for processor with null
2024-04-24T04:53:31,719  INFO [main] HiveMetaStore.audit: ugi=alex	ip=unknown-ip-addr	cmd=get_table : tbl=hive.default.t	
2024-04-24T04:53:31,728  INFO [main] metastore.HMSHandler: Skipping translation for processor with null
2024-04-24T04:53:31,729  INFO [main] HiveMetaStore.audit: ugi=alex	ip=unknown-ip-addr	cmd=get_table_statistics_req: table=hive.default.t	
2024-04-24T04:53:31,744  WARN [main] calcite.RelOptHiveTable: No Stats for default@t, Columns: a
No Stats for default@t, Columns: a
2024-04-24T04:53:31,744  INFO [main] SessionState: No Stats for default@t, Columns: a
2024-04-24T04:53:31,815  INFO [main] parse.UpdateDeleteSemanticAnalyzer: Get metadata for source tables
2024-04-24T04:53:31,815  INFO [main] parse.UpdateDeleteSemanticAnalyzer: Get metadata for subqueries
2024-04-24T04:53:31,815  INFO [main] parse.UpdateDeleteSemanticAnalyzer: Get metadata for destination tables
2024-04-24T04:53:31,816  INFO [main] HiveMetaStore.audit: ugi=alex	ip=unknown-ip-addr	cmd=get_table : tbl=hive.default.T	
2024-04-24T04:53:31,823  INFO [main] metastore.HMSHandler: Skipping translation for processor with null
2024-04-24T04:53:31,828 ERROR [main] parse.UpdateDeleteSemanticAnalyzer: CBO failed, skipping CBO. 
org.apache.hadoop.hive.ql.exec.NoMatchingMethodException: No matching method for class org.apache.hadoop.hive.ql.udf.UDFToInteger with (struct<writeid:bigint,bucketid:int,rowid:bigint>). Possible choices: _FUNC_(bigint)  _FUNC_(boolean)  _FUNC_(decimal(38,18))  _FUNC_(double)  _FUNC_(float)  _FUNC_(smallint)  _FUNC_(string)  _FUNC_(struct<bucketid:bigint,writeid:bigint,rowid:int>)  _FUNC_(timestamp)  _FUNC_(tinyint)  _FUNC_(void)  
	at org.apache.hadoop.hive.ql.exec.MethodUtils.getMethodInternal(MethodUtils.java:130) ~[classes/:?]
	at org.apache.hadoop.hive.ql.exec.MethodUtils.getMethodInternal(MethodUtils.java:60) ~[classes/:?]
	at org.apache.hadoop.hive.ql.exec.DefaultUDFMethodResolver.getEvalMethod(DefaultUDFMethodResolver.java:59) ~[classes/:?]
	at org.apache.hadoop.hive.ql.udf.TimestampCastRestrictorResolver.getEvalMethod(TimestampCastRestrictorResolver.java:68) ~[classes/:?]
	at org.apache.hadoop.hive.ql.udf.generic.GenericUDFBridge.initialize(GenericUDFBridge.java:168) ~[classes/:?]
	at org.apache.hadoop.hive.ql.udf.generic.GenericUDF.initializeAndFoldConstants(GenericUDF.java:149) ~[classes/:?]
	at org.apache.hadoop.hive.ql.plan.ExprNodeGenericFuncDesc.newInstance(ExprNodeGenericFuncDesc.java:235) ~[classes/:?]
	at org.apache.hadoop.hive.ql.parse.type.ExprNodeDescExprFactory.createFuncCallExpr(ExprNodeDescExprFactory.java:584) ~[classes/:?]
	at org.apache.hadoop.hive.ql.parse.type.ExprNodeDescExprFactory.createFuncCallExpr(ExprNodeDescExprFactory.java:97) ~[classes/:?]
	at org.apache.hadoop.hive.ql.parse.type.TypeCheckProcFactory$DefaultExprProcessor.getFuncExprNodeDescWithUdfData(TypeCheckProcFactory.java:762) ~[classes/:?]
	at org.apache.hadoop.hive.ql.parse.type.TypeCheckProcFactory$DefaultExprProcessor.createConversionCast(TypeCheckProcFactory.java:783) ~[classes/:?]
	at org.apache.hadoop.hive.ql.parse.SemanticAnalyzer.getPartitionColsFromBucketColsForUpdateDelete(SemanticAnalyzer.java:8725) ~[classes/:?]
	at org.apache.hadoop.hive.ql.parse.SemanticAnalyzer.genBucketingSortingDest(SemanticAnalyzer.java:6914) ~[classes/:?]
	at org.apache.hadoop.hive.ql.parse.SemanticAnalyzer.genFileSinkPlan(SemanticAnalyzer.java:7335) ~[classes/:?]
	at org.apache.hadoop.hive.ql.parse.SemanticAnalyzer.genPostGroupByBodyPlan(SemanticAnalyzer.java:11063) ~[classes/:?]
	at org.apache.hadoop.hive.ql.parse.SemanticAnalyzer.genBodyPlan(SemanticAnalyzer.java:10938) ~[classes/:?]
	at org.apache.hadoop.hive.ql.parse.SemanticAnalyzer.genPlan(SemanticAnalyzer.java:11853) ~[classes/:?]
	at org.apache.hadoop.hive.ql.parse.SemanticAnalyzer.genPlan(SemanticAnalyzer.java:11723) ~[classes/:?]
	at org.apache.hadoop.hive.ql.parse.CalcitePlanner.genOPTree(CalcitePlanner.java:626) ~[classes/:?]
	at org.apache.hadoop.hive.ql.parse.SemanticAnalyzer.analyzeInternal(SemanticAnalyzer.java:12558) ~[classes/:?]
	at org.apache.hadoop.hive.ql.parse.CalcitePlanner.analyzeInternal(CalcitePlanner.java:456) ~[classes/:?]
	at org.apache.hadoop.hive.ql.parse.RewriteSemanticAnalyzer.analyzeInternal(RewriteSemanticAnalyzer.java:67) ~[classes/:?]
	at org.apache.hadoop.hive.ql.parse.BaseSemanticAnalyzer.analyze(BaseSemanticAnalyzer.java:317) ~[classes/:?]
	at org.apache.hadoop.hive.ql.parse.UpdateDeleteSemanticAnalyzer.reparseAndSuperAnalyze(UpdateDeleteSemanticAnalyzer.java:208) ~[classes/:?]
	at org.apache.hadoop.hive.ql.parse.UpdateDeleteSemanticAnalyzer.analyzeDelete(UpdateDeleteSemanticAnalyzer.java:68) ~[classes/:?]
	at org.apache.hadoop.hive.ql.parse.UpdateDeleteSemanticAnalyzer.analyze(UpdateDeleteSemanticAnalyzer.java:50) ~[classes/:?]
	at org.apache.hadoop.hive.ql.parse.RewriteSemanticAnalyzer.analyzeInternal(RewriteSemanticAnalyzer.java:72) ~[classes/:?]
	at org.apache.hadoop.hive.ql.parse.BaseSemanticAnalyzer.analyze(BaseSemanticAnalyzer.java:317) ~[classes/:?]
	at org.apache.hadoop.hive.ql.Compiler.analyze(Compiler.java:223) ~[classes/:?]
	at org.apache.hadoop.hive.ql.Compiler.compile(Compiler.java:105) ~[classes/:?]
	at org.apache.hadoop.hive.ql.Driver.compile(Driver.java:500) ~[classes/:?]
	at org.apache.hadoop.hive.ql.Driver.compileInternal(Driver.java:453) ~[classes/:?]
	at org.apache.hadoop.hive.ql.Driver.runInternal(Driver.java:181) ~[classes/:?]
	at org.apache.hadoop.hive.ql.Driver.run(Driver.java:153) ~[classes/:?]
	at org.apache.hadoop.hive.ql.Driver.run(Driver.java:140) ~[classes/:?]
	at org.apache.hadoop.hive.ql.TxnCommandsBaseForTests.runStatementOnDriver(TxnCommandsBaseForTests.java:245) ~[test-classes/:?]
	at org.apache.hadoop.hive.ql.TestTxnCommands3.testDeleteEventPruning(TestTxnCommands3.java:167) ~[test-classes/:?]
	at org.apache.hadoop.hive.ql.TestTxnCommands3.testDeleteEventPruningOff(TestTxnCommands3.java:143) ~[test-classes/:?]
	at sun.reflect.NativeMethodAccessorImpl.invoke0(Native Method) ~[?:1.8.0_402]
	at sun.reflect.NativeMethodAccessorImpl.invoke(NativeMethodAccessorImpl.java:62) ~[?:1.8.0_402]
	at sun.reflect.DelegatingMethodAccessorImpl.invoke(DelegatingMethodAccessorImpl.java:43) ~[?:1.8.0_402]
	at java.lang.reflect.Method.invoke(Method.java:498) ~[?:1.8.0_402]
	at org.junit.runners.model.FrameworkMethod$1.runReflectiveCall(FrameworkMethod.java:59) ~[junit-4.13.jar:4.13]
	at org.junit.internal.runners.model.ReflectiveCallable.run(ReflectiveCallable.java:12) ~[junit-4.13.jar:4.13]
	at org.junit.runners.model.FrameworkMethod.invokeExplosively(FrameworkMethod.java:56) ~[junit-4.13.jar:4.13]
	at org.junit.internal.runners.statements.InvokeMethod.evaluate(InvokeMethod.java:17) ~[junit-4.13.jar:4.13]
	at org.junit.internal.runners.statements.RunBefores.evaluate(RunBefores.java:26) ~[junit-4.13.jar:4.13]
	at org.junit.internal.runners.statements.RunAfters.evaluate(RunAfters.java:27) ~[junit-4.13.jar:4.13]
	at org.junit.rules.TestWatcher$1.evaluate(TestWatcher.java:61) ~[junit-4.13.jar:4.13]
	at org.junit.runners.ParentRunner$3.evaluate(ParentRunner.java:306) ~[junit-4.13.jar:4.13]
	at org.junit.runners.BlockJUnit4ClassRunner$1.evaluate(BlockJUnit4ClassRunner.java:100) ~[junit-4.13.jar:4.13]
	at org.junit.runners.ParentRunner.runLeaf(ParentRunner.java:366) ~[junit-4.13.jar:4.13]
	at org.junit.runners.BlockJUnit4ClassRunner.runChild(BlockJUnit4ClassRunner.java:103) ~[junit-4.13.jar:4.13]
	at org.junit.runners.BlockJUnit4ClassRunner.runChild(BlockJUnit4ClassRunner.java:63) ~[junit-4.13.jar:4.13]
	at org.junit.runners.ParentRunner$4.run(ParentRunner.java:331) ~[junit-4.13.jar:4.13]
	at org.junit.runners.ParentRunner$1.schedule(ParentRunner.java:79) ~[junit-4.13.jar:4.13]
	at org.junit.runners.ParentRunner.runChildren(ParentRunner.java:329) ~[junit-4.13.jar:4.13]
	at org.junit.runners.ParentRunner.access$100(ParentRunner.java:66) ~[junit-4.13.jar:4.13]
	at org.junit.runners.ParentRunner$2.evaluate(ParentRunner.java:293) ~[junit-4.13.jar:4.13]
	at org.junit.runners.ParentRunner$3.evaluate(ParentRunner.java:306) ~[junit-4.13.jar:4.13]
	at org.junit.runners.ParentRunner.run(ParentRunner.java:413) ~[junit-4.13.jar:4.13]
	at org.junit.runner.JUnitCore.run(JUnitCore.java:137) ~[junit-4.13.jar:4.13]
	at org.junit.runner.JUnitCore.run(JUnitCore.java:115) ~[junit-4.13.jar:4.13]
	at org.junit.vintage.engine.execution.RunnerExecutor.execute(RunnerExecutor.java:43) ~[junit-vintage-engine-5.6.2.jar:5.6.2]
	at java.util.stream.ForEachOps$ForEachOp$OfRef.accept(ForEachOps.java:183) ~[?:1.8.0_402]
	at java.util.stream.ReferencePipeline$3$1.accept(ReferencePipeline.java:193) ~[?:1.8.0_402]
	at java.util.Iterator.forEachRemaining(Iterator.java:116) ~[?:1.8.0_402]
	at java.util.Spliterators$IteratorSpliterator.forEachRemaining(Spliterators.java:1801) ~[?:1.8.0_402]
	at java.util.stream.AbstractPipeline.copyInto(AbstractPipeline.java:482) ~[?:1.8.0_402]
	at java.util.stream.AbstractPipeline.wrapAndCopyInto(AbstractPipeline.java:472) ~[?:1.8.0_402]
	at java.util.stream.ForEachOps$ForEachOp.evaluateSequential(ForEachOps.java:150) ~[?:1.8.0_402]
	at java.util.stream.ForEachOps$ForEachOp$OfRef.evaluateSequential(ForEachOps.java:173) ~[?:1.8.0_402]
	at java.util.stream.AbstractPipeline.evaluate(AbstractPipeline.java:234) ~[?:1.8.0_402]
	at java.util.stream.ReferencePipeline.forEach(ReferencePipeline.java:485) ~[?:1.8.0_402]
	at org.junit.vintage.engine.VintageTestEngine.executeAllChildren(VintageTestEngine.java:82) ~[junit-vintage-engine-5.6.2.jar:5.6.2]
	at org.junit.vintage.engine.VintageTestEngine.execute(VintageTestEngine.java:73) ~[junit-vintage-engine-5.6.2.jar:5.6.2]
	at org.junit.platform.launcher.core.DefaultLauncher.execute(DefaultLauncher.java:248) ~[junit-platform-launcher-1.6.2.jar:1.6.2]
	at org.junit.platform.launcher.core.DefaultLauncher.lambda$execute$5(DefaultLauncher.java:211) ~[junit-platform-launcher-1.6.2.jar:1.6.2]
	at org.junit.platform.launcher.core.DefaultLauncher.withInterceptedStreams(DefaultLauncher.java:226) [junit-platform-launcher-1.6.2.jar:1.6.2]
	at org.junit.platform.launcher.core.DefaultLauncher.execute(DefaultLauncher.java:199) [junit-platform-launcher-1.6.2.jar:1.6.2]
	at org.junit.platform.launcher.core.DefaultLauncher.execute(DefaultLauncher.java:132) [junit-platform-launcher-1.6.2.jar:1.6.2]
	at org.apache.maven.surefire.junitplatform.JUnitPlatformProvider.invokeAllTests(JUnitPlatformProvider.java:154) [surefire-junit-platform-3.0.0-M4.jar:3.0.0-M4]
	at org.apache.maven.surefire.junitplatform.JUnitPlatformProvider.invoke(JUnitPlatformProvider.java:123) [surefire-junit-platform-3.0.0-M4.jar:3.0.0-M4]
	at org.apache.maven.surefire.booter.ForkedBooter.runSuitesInProcess(ForkedBooter.java:377) [surefire-booter-3.0.0-M4.jar:3.0.0-M4]
	at org.apache.maven.surefire.booter.ForkedBooter.execute(ForkedBooter.java:138) [surefire-booter-3.0.0-M4.jar:3.0.0-M4]
	at org.apache.maven.surefire.booter.ForkedBooter.run(ForkedBooter.java:465) [surefire-booter-3.0.0-M4.jar:3.0.0-M4]
	at org.apache.maven.surefire.booter.ForkedBooter.main(ForkedBooter.java:451) [surefire-booter-3.0.0-M4.jar:3.0.0-M4]
2024-04-24T04:53:31,829 ERROR [main] parse.UpdateDeleteSemanticAnalyzer: CBO failed due to missing column stats (see previous errors), skipping CBO
2024-04-24T04:53:31,829  INFO [main] parse.UpdateDeleteSemanticAnalyzer: Ending caching scope for: 
FAILED: NoMatchingMethodException No matching method for class org.apache.hadoop.hive.ql.udf.UDFToInteger with (struct<writeid:bigint,bucketid:int,rowid:bigint>). Possible choices: _FUNC_(bigint)  _FUNC_(boolean)  _FUNC_(decimal(38,18))  _FUNC_(double)  _FUNC_(float)  _FUNC_(smallint)  _FUNC_(string)  _FUNC_(struct<bucketid:bigint,writeid:bigint,rowid:int>)  _FUNC_(timestamp)  _FUNC_(tinyint)  _FUNC_(void)  
2024-04-24T04:53:31,830 ERROR [main] ql.Driver: FAILED: NoMatchingMethodException No matching method for class org.apache.hadoop.hive.ql.udf.UDFToInteger with (struct<writeid:bigint,bucketid:int,rowid:bigint>). Possible choices: _FUNC_(bigint)  _FUNC_(boolean)  _FUNC_(decimal(38,18))  _FUNC_(double)  _FUNC_(float)  _FUNC_(smallint)  _FUNC_(string)  _FUNC_(struct<bucketid:bigint,writeid:bigint,rowid:int>)  _FUNC_(timestamp)  _FUNC_(tinyint)  _FUNC_(void)  
org.apache.hadoop.hive.ql.exec.NoMatchingMethodException: No matching method for class org.apache.hadoop.hive.ql.udf.UDFToInteger with (struct<writeid:bigint,bucketid:int,rowid:bigint>). Possible choices: _FUNC_(bigint)  _FUNC_(boolean)  _FUNC_(decimal(38,18))  _FUNC_(double)  _FUNC_(float)  _FUNC_(smallint)  _FUNC_(string)  _FUNC_(struct<bucketid:bigint,writeid:bigint,rowid:int>)  _FUNC_(timestamp)  _FUNC_(tinyint)  _FUNC_(void)  
	at org.apache.hadoop.hive.ql.exec.MethodUtils.getMethodInternal(MethodUtils.java:130)
	at org.apache.hadoop.hive.ql.exec.MethodUtils.getMethodInternal(MethodUtils.java:60)
	at org.apache.hadoop.hive.ql.exec.DefaultUDFMethodResolver.getEvalMethod(DefaultUDFMethodResolver.java:59)
	at org.apache.hadoop.hive.ql.udf.TimestampCastRestrictorResolver.getEvalMethod(TimestampCastRestrictorResolver.java:68)
	at org.apache.hadoop.hive.ql.udf.generic.GenericUDFBridge.initialize(GenericUDFBridge.java:168)
	at org.apache.hadoop.hive.ql.udf.generic.GenericUDF.initializeAndFoldConstants(GenericUDF.java:149)
	at org.apache.hadoop.hive.ql.plan.ExprNodeGenericFuncDesc.newInstance(ExprNodeGenericFuncDesc.java:235)
	at org.apache.hadoop.hive.ql.parse.type.ExprNodeDescExprFactory.createFuncCallExpr(ExprNodeDescExprFactory.java:584)
	at org.apache.hadoop.hive.ql.parse.type.ExprNodeDescExprFactory.createFuncCallExpr(ExprNodeDescExprFactory.java:97)
	at org.apache.hadoop.hive.ql.parse.type.TypeCheckProcFactory$DefaultExprProcessor.getFuncExprNodeDescWithUdfData(TypeCheckProcFactory.java:762)
	at org.apache.hadoop.hive.ql.parse.type.TypeCheckProcFactory$DefaultExprProcessor.createConversionCast(TypeCheckProcFactory.java:783)
	at org.apache.hadoop.hive.ql.parse.SemanticAnalyzer.getPartitionColsFromBucketColsForUpdateDelete(SemanticAnalyzer.java:8725)
	at org.apache.hadoop.hive.ql.parse.SemanticAnalyzer.genBucketingSortingDest(SemanticAnalyzer.java:6914)
	at org.apache.hadoop.hive.ql.parse.SemanticAnalyzer.genFileSinkPlan(SemanticAnalyzer.java:7335)
	at org.apache.hadoop.hive.ql.parse.SemanticAnalyzer.genPostGroupByBodyPlan(SemanticAnalyzer.java:11063)
	at org.apache.hadoop.hive.ql.parse.SemanticAnalyzer.genBodyPlan(SemanticAnalyzer.java:10938)
	at org.apache.hadoop.hive.ql.parse.SemanticAnalyzer.genPlan(SemanticAnalyzer.java:11853)
	at org.apache.hadoop.hive.ql.parse.SemanticAnalyzer.genPlan(SemanticAnalyzer.java:11723)
	at org.apache.hadoop.hive.ql.parse.CalcitePlanner.genOPTree(CalcitePlanner.java:626)
	at org.apache.hadoop.hive.ql.parse.SemanticAnalyzer.analyzeInternal(SemanticAnalyzer.java:12558)
	at org.apache.hadoop.hive.ql.parse.CalcitePlanner.analyzeInternal(CalcitePlanner.java:456)
	at org.apache.hadoop.hive.ql.parse.RewriteSemanticAnalyzer.analyzeInternal(RewriteSemanticAnalyzer.java:67)
	at org.apache.hadoop.hive.ql.parse.BaseSemanticAnalyzer.analyze(BaseSemanticAnalyzer.java:317)
	at org.apache.hadoop.hive.ql.parse.UpdateDeleteSemanticAnalyzer.reparseAndSuperAnalyze(UpdateDeleteSemanticAnalyzer.java:208)
	at org.apache.hadoop.hive.ql.parse.UpdateDeleteSemanticAnalyzer.analyzeDelete(UpdateDeleteSemanticAnalyzer.java:68)
	at org.apache.hadoop.hive.ql.parse.UpdateDeleteSemanticAnalyzer.analyze(UpdateDeleteSemanticAnalyzer.java:50)
	at org.apache.hadoop.hive.ql.parse.RewriteSemanticAnalyzer.analyzeInternal(RewriteSemanticAnalyzer.java:72)
	at org.apache.hadoop.hive.ql.parse.BaseSemanticAnalyzer.analyze(BaseSemanticAnalyzer.java:317)
	at org.apache.hadoop.hive.ql.Compiler.analyze(Compiler.java:223)
	at org.apache.hadoop.hive.ql.Compiler.compile(Compiler.java:105)
	at org.apache.hadoop.hive.ql.Driver.compile(Driver.java:500)
	at org.apache.hadoop.hive.ql.Driver.compileInternal(Driver.java:453)
	at org.apache.hadoop.hive.ql.Driver.runInternal(Driver.java:181)
	at org.apache.hadoop.hive.ql.Driver.run(Driver.java:153)
	at org.apache.hadoop.hive.ql.Driver.run(Driver.java:140)
	at org.apache.hadoop.hive.ql.TxnCommandsBaseForTests.runStatementOnDriver(TxnCommandsBaseForTests.java:245)
	at org.apache.hadoop.hive.ql.TestTxnCommands3.testDeleteEventPruning(TestTxnCommands3.java:167)
	at org.apache.hadoop.hive.ql.TestTxnCommands3.testDeleteEventPruningOff(TestTxnCommands3.java:143)
	at sun.reflect.NativeMethodAccessorImpl.invoke0(Native Method)
	at sun.reflect.NativeMethodAccessorImpl.invoke(NativeMethodAccessorImpl.java:62)
	at sun.reflect.DelegatingMethodAccessorImpl.invoke(DelegatingMethodAccessorImpl.java:43)
	at java.lang.reflect.Method.invoke(Method.java:498)
	at org.junit.runners.model.FrameworkMethod$1.runReflectiveCall(FrameworkMethod.java:59)
	at org.junit.internal.runners.model.ReflectiveCallable.run(ReflectiveCallable.java:12)
	at org.junit.runners.model.FrameworkMethod.invokeExplosively(FrameworkMethod.java:56)
	at org.junit.internal.runners.statements.InvokeMethod.evaluate(InvokeMethod.java:17)
	at org.junit.internal.runners.statements.RunBefores.evaluate(RunBefores.java:26)
	at org.junit.internal.runners.statements.RunAfters.evaluate(RunAfters.java:27)
	at org.junit.rules.TestWatcher$1.evaluate(TestWatcher.java:61)
	at org.junit.runners.ParentRunner$3.evaluate(ParentRunner.java:306)
	at org.junit.runners.BlockJUnit4ClassRunner$1.evaluate(BlockJUnit4ClassRunner.java:100)
	at org.junit.runners.ParentRunner.runLeaf(ParentRunner.java:366)
	at org.junit.runners.BlockJUnit4ClassRunner.runChild(BlockJUnit4ClassRunner.java:103)
	at org.junit.runners.BlockJUnit4ClassRunner.runChild(BlockJUnit4ClassRunner.java:63)
	at org.junit.runners.ParentRunner$4.run(ParentRunner.java:331)
	at org.junit.runners.ParentRunner$1.schedule(ParentRunner.java:79)
	at org.junit.runners.ParentRunner.runChildren(ParentRunner.java:329)
	at org.junit.runners.ParentRunner.access$100(ParentRunner.java:66)
	at org.junit.runners.ParentRunner$2.evaluate(ParentRunner.java:293)
	at org.junit.runners.ParentRunner$3.evaluate(ParentRunner.java:306)
	at org.junit.runners.ParentRunner.run(ParentRunner.java:413)
	at org.junit.runner.JUnitCore.run(JUnitCore.java:137)
	at org.junit.runner.JUnitCore.run(JUnitCore.java:115)
	at org.junit.vintage.engine.execution.RunnerExecutor.execute(RunnerExecutor.java:43)
	at java.util.stream.ForEachOps$ForEachOp$OfRef.accept(ForEachOps.java:183)
	at java.util.stream.ReferencePipeline$3$1.accept(ReferencePipeline.java:193)
	at java.util.Iterator.forEachRemaining(Iterator.java:116)
	at java.util.Spliterators$IteratorSpliterator.forEachRemaining(Spliterators.java:1801)
	at java.util.stream.AbstractPipeline.copyInto(AbstractPipeline.java:482)
	at java.util.stream.AbstractPipeline.wrapAndCopyInto(AbstractPipeline.java:472)
	at java.util.stream.ForEachOps$ForEachOp.evaluateSequential(ForEachOps.java:150)
	at java.util.stream.ForEachOps$ForEachOp$OfRef.evaluateSequential(ForEachOps.java:173)
	at java.util.stream.AbstractPipeline.evaluate(AbstractPipeline.java:234)
	at java.util.stream.ReferencePipeline.forEach(ReferencePipeline.java:485)
	at org.junit.vintage.engine.VintageTestEngine.executeAllChildren(VintageTestEngine.java:82)
	at org.junit.vintage.engine.VintageTestEngine.execute(VintageTestEngine.java:73)
	at org.junit.platform.launcher.core.DefaultLauncher.execute(DefaultLauncher.java:248)
	at org.junit.platform.launcher.core.DefaultLauncher.lambda$execute$5(DefaultLauncher.java:211)
	at org.junit.platform.launcher.core.DefaultLauncher.withInterceptedStreams(DefaultLauncher.java:226)
	at org.junit.platform.launcher.core.DefaultLauncher.execute(DefaultLauncher.java:199)
	at org.junit.platform.launcher.core.DefaultLauncher.execute(DefaultLauncher.java:132)
	at org.apache.maven.surefire.junitplatform.JUnitPlatformProvider.invokeAllTests(JUnitPlatformProvider.java:154)
	at org.apache.maven.surefire.junitplatform.JUnitPlatformProvider.invoke(JUnitPlatformProvider.java:123)
	at org.apache.maven.surefire.booter.ForkedBooter.runSuitesInProcess(ForkedBooter.java:377)
	at org.apache.maven.surefire.booter.ForkedBooter.execute(ForkedBooter.java:138)
	at org.apache.maven.surefire.booter.ForkedBooter.run(ForkedBooter.java:465)
	at org.apache.maven.surefire.booter.ForkedBooter.main(ForkedBooter.java:451)

2024-04-24T04:53:31,830  INFO [main] metadata.Hive: Dumping metastore api call timing information for : compilation phase
2024-04-24T04:53:31,830  INFO [main] metadata.Hive: Total time spent in each metastore function (ms): {getTableColumnStatistics_(String, String, List, String)=35, getTable_(GetTableRequest)=30, getValidTxns_(long)=0, flushCache_()=0, commitTxn_(CommitTxnRequest)=11, isCompatibleWith_(Configuration)=0, openTxn_(String, TxnType)=3, getAllTableConstraints_(AllTableConstraintsRequest)=6, getValidWriteIds_(List, String)=2}
2024-04-24T04:53:31,830  INFO [main] ql.Driver: Completed compiling command(queryId=alex_20240424045331_b05f3ab4-127f-486f-982d-a76572a0f752); Time taken: 0.252 seconds
2024-04-24T04:53:31,830  INFO [main] lockmgr.DbTxnManager: Stopped heartbeat for query: null
2024-04-24T04:53:31,834  INFO [main] txn.TxnHandler: Removed transactions: ([17]) from MIN_HISTORY_LEVEL
2024-04-24T04:53:31,841  INFO [main] ql.TxnCommandsBaseForTests: Running the query: drop table if exists acidTbl
2024-04-24T04:53:31,842  INFO [main] ql.Driver: Compiling command(queryId=alex_20240424045331_2028ebc3-2e37-439f-b8fc-c0c3316c9c88): drop table if exists acidTbl
2024-04-24T04:53:31,844  INFO [main] txn.TxnHandler: Added entries to MIN_HISTORY_LEVEL for current txns: ([18]) with min_open_txn: 17
2024-04-24T04:53:31,845  INFO [main] lockmgr.DbTxnManager: Opened txnid:18
2024-04-24T04:53:31,846  INFO [main] HiveMetaStore.audit: ugi=alex	ip=unknown-ip-addr	cmd=get_table : tbl=hive.default.acidTbl	
2024-04-24T04:53:31,853  INFO [main] metastore.HMSHandler: Skipping translation for processor with null
2024-04-24T04:53:31,853  INFO [main] ql.Driver: Semantic Analysis Completed (retrial = false)
2024-04-24T04:53:31,854  INFO [main] ql.Driver: Created Hive schema: Schema(fieldSchemas:null, properties:null)
2024-04-24T04:53:31,854  INFO [main] metadata.Hive: Dumping metastore api call timing information for : compilation phase
2024-04-24T04:53:31,854  INFO [main] metadata.Hive: Total time spent in each metastore function (ms): {getTable_(GetTableRequest)=7, isCompatibleWith_(Configuration)=1, openTxn_(String, TxnType)=3, rollbackTxn_(long)=10, getValidTxns_(long)=1, flushCache_()=0}
2024-04-24T04:53:31,854  INFO [main] ql.Driver: Completed compiling command(queryId=alex_20240424045331_2028ebc3-2e37-439f-b8fc-c0c3316c9c88); Time taken: 0.012 seconds
2024-04-24T04:53:31,854  INFO [main] lockmgr.DbTxnManager: Setting lock request transaction to txnid:18 for queryId=alex_20240424045331_2028ebc3-2e37-439f-b8fc-c0c3316c9c88
2024-04-24T04:53:31,855  INFO [main] lockmgr.DbLockManager: Requesting lock for queryId=alex_20240424045331_2028ebc3-2e37-439f-b8fc-c0c3316c9c88
2024-04-24T04:53:31,876  INFO [main] lockmgr.DbLockManager: Response to queryId=alex_20240424045331_2028ebc3-2e37-439f-b8fc-c0c3316c9c88 LockResponse(lockid:10, state:ACQUIRED)
2024-04-24T04:53:31,876  INFO [main] ql.Driver: Operation DROPTABLE obtained 1 locks
2024-04-24T04:53:31,876  INFO [main] ql.Driver: Executing command(queryId=alex_20240424045331_2028ebc3-2e37-439f-b8fc-c0c3316c9c88): drop table if exists acidTbl
2024-04-24T04:53:31,876  INFO [main] ql.Driver: Starting task [Stage-0:DDL] in serial mode
2024-04-24T04:53:31,876  INFO [main] HiveMetaStore.audit: ugi=alex	ip=unknown-ip-addr	cmd=get_table : tbl=hive.default.acidTbl	
2024-04-24T04:53:31,884  INFO [main] metastore.HMSHandler: Skipping translation for processor with null
2024-04-24T04:53:31,884  INFO [main] HiveMetaStore.audit: ugi=alex	ip=unknown-ip-addr	cmd=get_table : tbl=hive.default.acidTbl	
2024-04-24T04:53:31,891  INFO [main] metastore.HMSHandler: Skipping translation for processor with null
2024-04-24T04:53:31,892  INFO [main] HiveMetaStore.audit: ugi=alex	ip=unknown-ip-addr	cmd=drop_table : tbl=hive.default.acidTbl	
2024-04-24T04:53:32,016  INFO [main] metadata.Hive: Dumping metastore api call timing information for : execution phase
2024-04-24T04:53:32,017  INFO [main] metadata.Hive: Total time spent in each metastore function (ms): {isCompatibleWith_(Configuration)=0, getTable_(GetTableRequest)=8, dropTable_(String, String, boolean, boolean, boolean)=132}
2024-04-24T04:53:32,017  INFO [main] ql.Driver: Completed executing command(queryId=alex_20240424045331_2028ebc3-2e37-439f-b8fc-c0c3316c9c88); Time taken: 0.14 seconds
2024-04-24T04:53:32,017  INFO [main] lockmgr.DbTxnManager: Stopped heartbeat for query: alex_20240424045331_2028ebc3-2e37-439f-b8fc-c0c3316c9c88
2024-04-24T04:53:32,022  INFO [main] txn.TxnHandler: Expected to move at least one record from txn_components to completed_txn_components when committing txn! txnid:18
2024-04-24T04:53:32,032  INFO [main] txn.TxnHandler: Removed transactions: ([18]) from MIN_HISTORY_LEVEL
2024-04-24T04:53:32,032  WARN [main] txn.CompactionTxnHandler: No compaction queue record found for Compaction type transaction commit. txnId:18
2024-04-24T04:53:32,033  INFO [main] ql.TxnCommandsBaseForTests: Running the query: drop table if exists acidTblPart
2024-04-24T04:53:32,033  INFO [main] ql.Driver: Compiling command(queryId=alex_20240424045332_5dcb5465-14ad-410f-a1c5-bb4c975ee321): drop table if exists acidTblPart
2024-04-24T04:53:32,037  INFO [main] txn.TxnHandler: Added entries to MIN_HISTORY_LEVEL for current txns: ([19]) with min_open_txn: 17
2024-04-24T04:53:32,037  INFO [main] lockmgr.DbTxnManager: Opened txnid:19
2024-04-24T04:53:32,038  INFO [main] HiveMetaStore.audit: ugi=alex	ip=unknown-ip-addr	cmd=get_table : tbl=hive.default.acidTblPart	
2024-04-24T04:53:32,050  INFO [main] metastore.HMSHandler: Skipping translation for processor with null
2024-04-24T04:53:32,051  INFO [main] ql.Driver: Semantic Analysis Completed (retrial = false)
2024-04-24T04:53:32,051  INFO [main] ql.Driver: Created Hive schema: Schema(fieldSchemas:null, properties:null)
2024-04-24T04:53:32,051  INFO [main] metadata.Hive: Dumping metastore api call timing information for : compilation phase
2024-04-24T04:53:32,051  INFO [main] metadata.Hive: Total time spent in each metastore function (ms): {isCompatibleWith_(Configuration)=1, openTxn_(String, TxnType)=3, flushCache_()=0, getTable_(GetTableRequest)=13, commitTxn_(CommitTxnRequest)=16, getValidTxns_(long)=0}
2024-04-24T04:53:32,051  INFO [main] ql.Driver: Completed compiling command(queryId=alex_20240424045332_5dcb5465-14ad-410f-a1c5-bb4c975ee321); Time taken: 0.018 seconds
2024-04-24T04:53:32,051  INFO [main] lockmgr.DbTxnManager: Setting lock request transaction to txnid:19 for queryId=alex_20240424045332_5dcb5465-14ad-410f-a1c5-bb4c975ee321
2024-04-24T04:53:32,052  INFO [main] lockmgr.DbLockManager: Requesting lock for queryId=alex_20240424045332_5dcb5465-14ad-410f-a1c5-bb4c975ee321
2024-04-24T04:53:32,069  INFO [main] lockmgr.DbLockManager: Response to queryId=alex_20240424045332_5dcb5465-14ad-410f-a1c5-bb4c975ee321 LockResponse(lockid:11, state:ACQUIRED)
2024-04-24T04:53:32,070  INFO [main] ql.Driver: Operation DROPTABLE obtained 1 locks
2024-04-24T04:53:32,070  INFO [main] ql.Driver: Executing command(queryId=alex_20240424045332_5dcb5465-14ad-410f-a1c5-bb4c975ee321): drop table if exists acidTblPart
2024-04-24T04:53:32,070  INFO [main] ql.Driver: Starting task [Stage-0:DDL] in serial mode
2024-04-24T04:53:32,070  INFO [main] HiveMetaStore.audit: ugi=alex	ip=unknown-ip-addr	cmd=get_table : tbl=hive.default.acidTblPart	
2024-04-24T04:53:32,078  INFO [main] metastore.HMSHandler: Skipping translation for processor with null
2024-04-24T04:53:32,078  INFO [main] HiveMetaStore.audit: ugi=alex	ip=unknown-ip-addr	cmd=get_table : tbl=hive.default.acidTblPart	
2024-04-24T04:53:32,087  INFO [main] metastore.HMSHandler: Skipping translation for processor with null
2024-04-24T04:53:32,087  INFO [main] HiveMetaStore.audit: ugi=alex	ip=unknown-ip-addr	cmd=drop_table : tbl=hive.default.acidTblPart	
2024-04-24T04:53:32,139  INFO [main] metadata.Hive: Dumping metastore api call timing information for : execution phase
2024-04-24T04:53:32,139  INFO [main] metadata.Hive: Total time spent in each metastore function (ms): {dropTable_(String, String, boolean, boolean, boolean)=61, getTable_(GetTableRequest)=8, isCompatibleWith_(Configuration)=0}
2024-04-24T04:53:32,139  INFO [main] ql.Driver: Completed executing command(queryId=alex_20240424045332_5dcb5465-14ad-410f-a1c5-bb4c975ee321); Time taken: 0.069 seconds
2024-04-24T04:53:32,139  INFO [main] lockmgr.DbTxnManager: Stopped heartbeat for query: alex_20240424045332_5dcb5465-14ad-410f-a1c5-bb4c975ee321
2024-04-24T04:53:32,144  INFO [main] txn.TxnHandler: Expected to move at least one record from txn_components to completed_txn_components when committing txn! txnid:19
2024-04-24T04:53:32,150  INFO [main] txn.TxnHandler: Removed transactions: ([19]) from MIN_HISTORY_LEVEL
2024-04-24T04:53:32,150  WARN [main] txn.CompactionTxnHandler: No compaction queue record found for Compaction type transaction commit. txnId:19
2024-04-24T04:53:32,151  INFO [main] ql.TxnCommandsBaseForTests: Running the query: drop table if exists acidTbl2
2024-04-24T04:53:32,151  INFO [main] ql.Driver: Compiling command(queryId=alex_20240424045332_a47fa52b-da82-4899-933d-0e475d3e9279): drop table if exists acidTbl2
2024-04-24T04:53:32,154  INFO [main] txn.TxnHandler: Added entries to MIN_HISTORY_LEVEL for current txns: ([20]) with min_open_txn: 17
2024-04-24T04:53:32,154  INFO [main] lockmgr.DbTxnManager: Opened txnid:20
2024-04-24T04:53:32,155  INFO [main] ql.Driver: Semantic Analysis Completed (retrial = false)
2024-04-24T04:53:32,155  INFO [main] ql.Driver: Created Hive schema: Schema(fieldSchemas:null, properties:null)
2024-04-24T04:53:32,155  INFO [main] metadata.Hive: Dumping metastore api call timing information for : compilation phase
2024-04-24T04:53:32,156  INFO [main] metadata.Hive: Total time spent in each metastore function (ms): {commitTxn_(CommitTxnRequest)=11, openTxn_(String, TxnType)=2, flushCache_()=0, getTable_(GetTableRequest)=0, isCompatibleWith_(Configuration)=2, getValidTxns_(long)=0}
2024-04-24T04:53:32,156  INFO [main] ql.Driver: Completed compiling command(queryId=alex_20240424045332_a47fa52b-da82-4899-933d-0e475d3e9279); Time taken: 0.004 seconds
2024-04-24T04:53:32,156  INFO [main] lockmgr.DbTxnManager: Setting lock request transaction to txnid:20 for queryId=alex_20240424045332_a47fa52b-da82-4899-933d-0e475d3e9279
2024-04-24T04:53:32,156  INFO [main] ql.Driver: Operation DROPTABLE obtained 0 locks
2024-04-24T04:53:32,156  INFO [main] ql.Driver: Executing command(queryId=alex_20240424045332_a47fa52b-da82-4899-933d-0e475d3e9279): drop table if exists acidTbl2
2024-04-24T04:53:32,157  INFO [main] ql.Driver: Starting task [Stage-0:DDL] in serial mode
2024-04-24T04:53:32,157  INFO [main] metadata.SessionHiveMetaStoreClient: Column stats doesn't exist for db=default temp table=acidTbl2
2024-04-24T04:53:32,158  INFO [main] metadata.Hive: Dumping metastore api call timing information for : execution phase
2024-04-24T04:53:32,158  INFO [main] metadata.Hive: Total time spent in each metastore function (ms): {isCompatibleWith_(Configuration)=0, getTable_(GetTableRequest)=0, dropTable_(String, String, boolean, boolean, boolean)=0}
2024-04-24T04:53:32,158  INFO [main] ql.Driver: Completed executing command(queryId=alex_20240424045332_a47fa52b-da82-4899-933d-0e475d3e9279); Time taken: 0.002 seconds
2024-04-24T04:53:32,158  INFO [main] lockmgr.DbTxnManager: Stopped heartbeat for query: alex_20240424045332_a47fa52b-da82-4899-933d-0e475d3e9279
2024-04-24T04:53:32,164  INFO [main] txn.TxnHandler: Expected to move at least one record from txn_components to completed_txn_components when committing txn! txnid:20
2024-04-24T04:53:32,171  INFO [main] txn.TxnHandler: Removed transactions: ([20]) from MIN_HISTORY_LEVEL
2024-04-24T04:53:32,171  WARN [main] txn.CompactionTxnHandler: No compaction queue record found for Compaction type transaction commit. txnId:20
2024-04-24T04:53:32,172  INFO [main] ql.TxnCommandsBaseForTests: Running the query: drop table if exists nonAcidOrcTbl
2024-04-24T04:53:32,172  INFO [main] ql.Driver: Compiling command(queryId=alex_20240424045332_9ef03ecc-7b48-4804-b7ad-68e8800638b0): drop table if exists nonAcidOrcTbl
2024-04-24T04:53:32,175  INFO [main] txn.TxnHandler: Added entries to MIN_HISTORY_LEVEL for current txns: ([21]) with min_open_txn: 17
2024-04-24T04:53:32,175  INFO [main] lockmgr.DbTxnManager: Opened txnid:21
2024-04-24T04:53:32,176  INFO [main] HiveMetaStore.audit: ugi=alex	ip=unknown-ip-addr	cmd=get_table : tbl=hive.default.nonAcidOrcTbl	
2024-04-24T04:53:32,202  INFO [main] metastore.HMSHandler: Skipping translation for processor with null
2024-04-24T04:53:32,202  INFO [main] ql.Driver: Semantic Analysis Completed (retrial = false)
2024-04-24T04:53:32,202  INFO [main] ql.Driver: Created Hive schema: Schema(fieldSchemas:null, properties:null)
2024-04-24T04:53:32,202  INFO [main] metadata.Hive: Dumping metastore api call timing information for : compilation phase
2024-04-24T04:53:32,202  INFO [main] metadata.Hive: Total time spent in each metastore function (ms): {isCompatibleWith_(Configuration)=0, commitTxn_(CommitTxnRequest)=13, openTxn_(String, TxnType)=2, flushCache_()=0, getValidTxns_(long)=1, getTable_(GetTableRequest)=26}
2024-04-24T04:53:32,203  INFO [main] ql.Driver: Completed compiling command(queryId=alex_20240424045332_9ef03ecc-7b48-4804-b7ad-68e8800638b0); Time taken: 0.03 seconds
2024-04-24T04:53:32,203  INFO [main] lockmgr.DbTxnManager: Setting lock request transaction to txnid:21 for queryId=alex_20240424045332_9ef03ecc-7b48-4804-b7ad-68e8800638b0
2024-04-24T04:53:32,203  INFO [main] lockmgr.DbLockManager: Requesting lock for queryId=alex_20240424045332_9ef03ecc-7b48-4804-b7ad-68e8800638b0
2024-04-24T04:53:32,224  INFO [main] lockmgr.DbLockManager: Response to queryId=alex_20240424045332_9ef03ecc-7b48-4804-b7ad-68e8800638b0 LockResponse(lockid:12, state:ACQUIRED)
2024-04-24T04:53:32,224  INFO [main] ql.Driver: Operation DROPTABLE obtained 1 locks
2024-04-24T04:53:32,224  INFO [main] ql.Driver: Executing command(queryId=alex_20240424045332_9ef03ecc-7b48-4804-b7ad-68e8800638b0): drop table if exists nonAcidOrcTbl
2024-04-24T04:53:32,224  INFO [main] ql.Driver: Starting task [Stage-0:DDL] in serial mode
2024-04-24T04:53:32,224  INFO [main] HiveMetaStore.audit: ugi=alex	ip=unknown-ip-addr	cmd=get_table : tbl=hive.default.nonAcidOrcTbl	
2024-04-24T04:53:32,238  INFO [main] metastore.HMSHandler: Skipping translation for processor with null
2024-04-24T04:53:32,238  INFO [main] HiveMetaStore.audit: ugi=alex	ip=unknown-ip-addr	cmd=get_table : tbl=hive.default.nonAcidOrcTbl	
2024-04-24T04:53:32,251  INFO [main] metastore.HMSHandler: Skipping translation for processor with null
2024-04-24T04:53:32,251  INFO [main] HiveMetaStore.audit: ugi=alex	ip=unknown-ip-addr	cmd=drop_table : tbl=hive.default.nonAcidOrcTbl	
2024-04-24T04:53:32,369  INFO [main] metadata.Hive: Dumping metastore api call timing information for : execution phase
2024-04-24T04:53:32,369  INFO [main] metadata.Hive: Total time spent in each metastore function (ms): {isCompatibleWith_(Configuration)=0, dropTable_(String, String, boolean, boolean, boolean)=131, getTable_(GetTableRequest)=14}
2024-04-24T04:53:32,370  INFO [main] ql.Driver: Completed executing command(queryId=alex_20240424045332_9ef03ecc-7b48-4804-b7ad-68e8800638b0); Time taken: 0.145 seconds
2024-04-24T04:53:32,370  INFO [main] lockmgr.DbTxnManager: Stopped heartbeat for query: alex_20240424045332_9ef03ecc-7b48-4804-b7ad-68e8800638b0
2024-04-24T04:53:32,374  INFO [main] txn.TxnHandler: Expected to move at least one record from txn_components to completed_txn_components when committing txn! txnid:21
2024-04-24T04:53:32,381  INFO [main] txn.TxnHandler: Removed transactions: ([21]) from MIN_HISTORY_LEVEL
2024-04-24T04:53:32,382  WARN [main] txn.CompactionTxnHandler: No compaction queue record found for Compaction type transaction commit. txnId:21
2024-04-24T04:53:32,382  INFO [main] ql.TxnCommandsBaseForTests: Running the query: drop table if exists nonAcidOrcTbl2
2024-04-24T04:53:32,383  INFO [main] ql.Driver: Compiling command(queryId=alex_20240424045332_4b4de70f-53cd-4155-b4a0-2513ad66b73a): drop table if exists nonAcidOrcTbl2
2024-04-24T04:53:32,385  INFO [main] txn.TxnHandler: Added entries to MIN_HISTORY_LEVEL for current txns: ([22]) with min_open_txn: 17
2024-04-24T04:53:32,386  INFO [main] lockmgr.DbTxnManager: Opened txnid:22
2024-04-24T04:53:32,387  INFO [main] HiveMetaStore.audit: ugi=alex	ip=unknown-ip-addr	cmd=get_table : tbl=hive.default.nonAcidOrcTbl2	
2024-04-24T04:53:32,398  INFO [main] metastore.HMSHandler: Skipping translation for processor with null
2024-04-24T04:53:32,399  INFO [main] ql.Driver: Semantic Analysis Completed (retrial = false)
2024-04-24T04:53:32,399  INFO [main] ql.Driver: Created Hive schema: Schema(fieldSchemas:null, properties:null)
2024-04-24T04:53:32,399  INFO [main] metadata.Hive: Dumping metastore api call timing information for : compilation phase
2024-04-24T04:53:32,399  INFO [main] metadata.Hive: Total time spent in each metastore function (ms): {openTxn_(String, TxnType)=3, isCompatibleWith_(Configuration)=0, flushCache_()=0, getTable_(GetTableRequest)=13, getValidTxns_(long)=0, commitTxn_(CommitTxnRequest)=12}
2024-04-24T04:53:32,399  INFO [main] ql.Driver: Completed compiling command(queryId=alex_20240424045332_4b4de70f-53cd-4155-b4a0-2513ad66b73a); Time taken: 0.016 seconds
2024-04-24T04:53:32,399  INFO [main] lockmgr.DbTxnManager: Setting lock request transaction to txnid:22 for queryId=alex_20240424045332_4b4de70f-53cd-4155-b4a0-2513ad66b73a
2024-04-24T04:53:32,400  INFO [main] lockmgr.DbLockManager: Requesting lock for queryId=alex_20240424045332_4b4de70f-53cd-4155-b4a0-2513ad66b73a
2024-04-24T04:53:32,417  INFO [main] lockmgr.DbLockManager: Response to queryId=alex_20240424045332_4b4de70f-53cd-4155-b4a0-2513ad66b73a LockResponse(lockid:13, state:ACQUIRED)
2024-04-24T04:53:32,417  INFO [main] ql.Driver: Operation DROPTABLE obtained 1 locks
2024-04-24T04:53:32,417  INFO [main] ql.Driver: Executing command(queryId=alex_20240424045332_4b4de70f-53cd-4155-b4a0-2513ad66b73a): drop table if exists nonAcidOrcTbl2
2024-04-24T04:53:32,417  INFO [main] ql.Driver: Starting task [Stage-0:DDL] in serial mode
2024-04-24T04:53:32,418  INFO [main] HiveMetaStore.audit: ugi=alex	ip=unknown-ip-addr	cmd=get_table : tbl=hive.default.nonAcidOrcTbl2	
2024-04-24T04:53:32,432  INFO [main] metastore.HMSHandler: Skipping translation for processor with null
2024-04-24T04:53:32,432  INFO [main] HiveMetaStore.audit: ugi=alex	ip=unknown-ip-addr	cmd=get_table : tbl=hive.default.nonAcidOrcTbl2	
2024-04-24T04:53:32,444  INFO [main] metastore.HMSHandler: Skipping translation for processor with null
2024-04-24T04:53:32,444  INFO [main] HiveMetaStore.audit: ugi=alex	ip=unknown-ip-addr	cmd=drop_table : tbl=hive.default.nonAcidOrcTbl2	
2024-04-24T04:53:32,493  INFO [main] metadata.Hive: Dumping metastore api call timing information for : execution phase
2024-04-24T04:53:32,493  INFO [main] metadata.Hive: Total time spent in each metastore function (ms): {dropTable_(String, String, boolean, boolean, boolean)=61, isCompatibleWith_(Configuration)=0, getTable_(GetTableRequest)=14}
2024-04-24T04:53:32,493  INFO [main] ql.Driver: Completed executing command(queryId=alex_20240424045332_4b4de70f-53cd-4155-b4a0-2513ad66b73a); Time taken: 0.076 seconds
2024-04-24T04:53:32,493  INFO [main] lockmgr.DbTxnManager: Stopped heartbeat for query: alex_20240424045332_4b4de70f-53cd-4155-b4a0-2513ad66b73a
2024-04-24T04:53:32,498  INFO [main] txn.TxnHandler: Expected to move at least one record from txn_components to completed_txn_components when committing txn! txnid:22
2024-04-24T04:53:32,506  INFO [main] txn.TxnHandler: Removed transactions: ([22]) from MIN_HISTORY_LEVEL
2024-04-24T04:53:32,506  WARN [main] txn.CompactionTxnHandler: No compaction queue record found for Compaction type transaction commit. txnId:22
2024-04-24T04:53:32,507  INFO [main] ql.TxnCommandsBaseForTests: Running the query: drop table if exists nonAcidNonBucket
2024-04-24T04:53:32,507  INFO [main] ql.Driver: Compiling command(queryId=alex_20240424045332_351b3231-433d-4fa9-a374-7f18afc70e85): drop table if exists nonAcidNonBucket
2024-04-24T04:53:32,511  INFO [main] txn.TxnHandler: Added entries to MIN_HISTORY_LEVEL for current txns: ([23]) with min_open_txn: 17
2024-04-24T04:53:32,511  INFO [main] lockmgr.DbTxnManager: Opened txnid:23
2024-04-24T04:53:32,513  INFO [main] HiveMetaStore.audit: ugi=alex	ip=unknown-ip-addr	cmd=get_table : tbl=hive.default.nonAcidNonBucket	
2024-04-24T04:53:32,524  INFO [main] metastore.HMSHandler: Skipping translation for processor with null
2024-04-24T04:53:32,524  INFO [main] ql.Driver: Semantic Analysis Completed (retrial = false)
2024-04-24T04:53:32,524  INFO [main] ql.Driver: Created Hive schema: Schema(fieldSchemas:null, properties:null)
2024-04-24T04:53:32,524  INFO [main] metadata.Hive: Dumping metastore api call timing information for : compilation phase
2024-04-24T04:53:32,524  INFO [main] metadata.Hive: Total time spent in each metastore function (ms): {getValidTxns_(long)=1, flushCache_()=0, isCompatibleWith_(Configuration)=1, commitTxn_(CommitTxnRequest)=12, getTable_(GetTableRequest)=12, openTxn_(String, TxnType)=4}
2024-04-24T04:53:32,524  INFO [main] ql.Driver: Completed compiling command(queryId=alex_20240424045332_351b3231-433d-4fa9-a374-7f18afc70e85); Time taken: 0.017 seconds
2024-04-24T04:53:32,524  INFO [main] lockmgr.DbTxnManager: Setting lock request transaction to txnid:23 for queryId=alex_20240424045332_351b3231-433d-4fa9-a374-7f18afc70e85
2024-04-24T04:53:32,525  INFO [main] lockmgr.DbLockManager: Requesting lock for queryId=alex_20240424045332_351b3231-433d-4fa9-a374-7f18afc70e85
2024-04-24T04:53:32,543  INFO [main] lockmgr.DbLockManager: Response to queryId=alex_20240424045332_351b3231-433d-4fa9-a374-7f18afc70e85 LockResponse(lockid:14, state:ACQUIRED)
2024-04-24T04:53:32,543  INFO [main] ql.Driver: Operation DROPTABLE obtained 1 locks
2024-04-24T04:53:32,543  INFO [main] ql.Driver: Executing command(queryId=alex_20240424045332_351b3231-433d-4fa9-a374-7f18afc70e85): drop table if exists nonAcidNonBucket
2024-04-24T04:53:32,544  INFO [main] ql.Driver: Starting task [Stage-0:DDL] in serial mode
2024-04-24T04:53:32,544  INFO [main] HiveMetaStore.audit: ugi=alex	ip=unknown-ip-addr	cmd=get_table : tbl=hive.default.nonAcidNonBucket	
2024-04-24T04:53:32,557  INFO [main] metastore.HMSHandler: Skipping translation for processor with null
2024-04-24T04:53:32,557  INFO [main] HiveMetaStore.audit: ugi=alex	ip=unknown-ip-addr	cmd=get_table : tbl=hive.default.nonAcidNonBucket	
2024-04-24T04:53:32,569  INFO [main] metastore.HMSHandler: Skipping translation for processor with null
2024-04-24T04:53:32,570  INFO [main] HiveMetaStore.audit: ugi=alex	ip=unknown-ip-addr	cmd=drop_table : tbl=hive.default.nonAcidNonBucket	
2024-04-24T04:53:32,616  INFO [main] metadata.Hive: Dumping metastore api call timing information for : execution phase
2024-04-24T04:53:32,616  INFO [main] metadata.Hive: Total time spent in each metastore function (ms): {isCompatibleWith_(Configuration)=0, getTable_(GetTableRequest)=13, dropTable_(String, String, boolean, boolean, boolean)=59}
2024-04-24T04:53:32,616  INFO [main] ql.Driver: Completed executing command(queryId=alex_20240424045332_351b3231-433d-4fa9-a374-7f18afc70e85); Time taken: 0.073 seconds
2024-04-24T04:53:32,616  INFO [main] lockmgr.DbTxnManager: Stopped heartbeat for query: alex_20240424045332_351b3231-433d-4fa9-a374-7f18afc70e85
2024-04-24T04:53:32,621  INFO [main] txn.TxnHandler: Expected to move at least one record from txn_components to completed_txn_components when committing txn! txnid:23
2024-04-24T04:53:32,629  INFO [main] txn.TxnHandler: Removed transactions: ([23]) from MIN_HISTORY_LEVEL
2024-04-24T04:53:32,630  WARN [main] txn.CompactionTxnHandler: No compaction queue record found for Compaction type transaction commit. txnId:23
2024-04-24T04:53:32,630  INFO [main] utils.TestTxnDbUtil: Cleaning transactional tables
]]></system-err>
  </testcase>
  <testcase name="testWritesToDisabledCompactionTableCtas" classname="org.apache.hadoop.hive.ql.TestTxnCommands3" time="4.791"/>
  <testcase name="testMajorCompactionAbortLeftoverFiles" classname="org.apache.hadoop.hive.ql.TestTxnCommands3" time="14.004"/>
  <testcase name="testDeleteEventPruningOn" classname="org.apache.hadoop.hive.ql.TestTxnCommands3" time="5.489">
    <error type="java.lang.RuntimeException"><![CDATA[java.lang.RuntimeException: delete from T where a = 1 failed: (responseCode = 40000, errorMessage = FAILED: NoMatchingMethodException No matching method for class org.apache.hadoop.hive.ql.udf.UDFToInteger with (struct<writeid:bigint,bucketid:int,rowid:bigint>). Possible choices: _FUNC_(bigint)  _FUNC_(boolean)  _FUNC_(decimal(38,18))  _FUNC_(double)  _FUNC_(float)  _FUNC_(smallint)  _FUNC_(string)  _FUNC_(struct<bucketid:bigint,writeid:bigint,rowid:int>)  _FUNC_(timestamp)  _FUNC_(tinyint)  _FUNC_(void)  , hiveErrorCode = 40000, SQLState = 42000, exception = No matching method for class org.apache.hadoop.hive.ql.udf.UDFToInteger with (struct<writeid:bigint,bucketid:int,rowid:bigint>). Possible choices: _FUNC_(bigint)  _FUNC_(boolean)  _FUNC_(decimal(38,18))  _FUNC_(double)  _FUNC_(float)  _FUNC_(smallint)  _FUNC_(string)  _FUNC_(struct<bucketid:bigint,writeid:bigint,rowid:int>)  _FUNC_(timestamp)  _FUNC_(tinyint)  _FUNC_(void)  )
	at org.apache.hadoop.hive.ql.TxnCommandsBaseForTests.runStatementOnDriver(TxnCommandsBaseForTests.java:247)
	at org.apache.hadoop.hive.ql.TestTxnCommands3.testDeleteEventPruning(TestTxnCommands3.java:167)
	at org.apache.hadoop.hive.ql.TestTxnCommands3.testDeleteEventPruningOn(TestTxnCommands3.java:137)
	at sun.reflect.NativeMethodAccessorImpl.invoke0(Native Method)
	at sun.reflect.NativeMethodAccessorImpl.invoke(NativeMethodAccessorImpl.java:62)
	at sun.reflect.DelegatingMethodAccessorImpl.invoke(DelegatingMethodAccessorImpl.java:43)
	at java.lang.reflect.Method.invoke(Method.java:498)
	at org.junit.runners.model.FrameworkMethod$1.runReflectiveCall(FrameworkMethod.java:59)
	at org.junit.internal.runners.model.ReflectiveCallable.run(ReflectiveCallable.java:12)
	at org.junit.runners.model.FrameworkMethod.invokeExplosively(FrameworkMethod.java:56)
	at org.junit.internal.runners.statements.InvokeMethod.evaluate(InvokeMethod.java:17)
	at org.junit.internal.runners.statements.RunBefores.evaluate(RunBefores.java:26)
	at org.junit.internal.runners.statements.RunAfters.evaluate(RunAfters.java:27)
	at org.junit.rules.TestWatcher$1.evaluate(TestWatcher.java:61)
	at org.junit.runners.ParentRunner$3.evaluate(ParentRunner.java:306)
	at org.junit.runners.BlockJUnit4ClassRunner$1.evaluate(BlockJUnit4ClassRunner.java:100)
	at org.junit.runners.ParentRunner.runLeaf(ParentRunner.java:366)
	at org.junit.runners.BlockJUnit4ClassRunner.runChild(BlockJUnit4ClassRunner.java:103)
	at org.junit.runners.BlockJUnit4ClassRunner.runChild(BlockJUnit4ClassRunner.java:63)
	at org.junit.runners.ParentRunner$4.run(ParentRunner.java:331)
	at org.junit.runners.ParentRunner$1.schedule(ParentRunner.java:79)
	at org.junit.runners.ParentRunner.runChildren(ParentRunner.java:329)
	at org.junit.runners.ParentRunner.access$100(ParentRunner.java:66)
	at org.junit.runners.ParentRunner$2.evaluate(ParentRunner.java:293)
	at org.junit.runners.ParentRunner$3.evaluate(ParentRunner.java:306)
	at org.junit.runners.ParentRunner.run(ParentRunner.java:413)
	at org.junit.runner.JUnitCore.run(JUnitCore.java:137)
	at org.junit.runner.JUnitCore.run(JUnitCore.java:115)
	at org.junit.vintage.engine.execution.RunnerExecutor.execute(RunnerExecutor.java:43)
	at java.util.stream.ForEachOps$ForEachOp$OfRef.accept(ForEachOps.java:183)
	at java.util.stream.ReferencePipeline$3$1.accept(ReferencePipeline.java:193)
	at java.util.Iterator.forEachRemaining(Iterator.java:116)
	at java.util.Spliterators$IteratorSpliterator.forEachRemaining(Spliterators.java:1801)
	at java.util.stream.AbstractPipeline.copyInto(AbstractPipeline.java:482)
	at java.util.stream.AbstractPipeline.wrapAndCopyInto(AbstractPipeline.java:472)
	at java.util.stream.ForEachOps$ForEachOp.evaluateSequential(ForEachOps.java:150)
	at java.util.stream.ForEachOps$ForEachOp$OfRef.evaluateSequential(ForEachOps.java:173)
	at java.util.stream.AbstractPipeline.evaluate(AbstractPipeline.java:234)
	at java.util.stream.ReferencePipeline.forEach(ReferencePipeline.java:485)
	at org.junit.vintage.engine.VintageTestEngine.executeAllChildren(VintageTestEngine.java:82)
	at org.junit.vintage.engine.VintageTestEngine.execute(VintageTestEngine.java:73)
	at org.junit.platform.launcher.core.DefaultLauncher.execute(DefaultLauncher.java:248)
	at org.junit.platform.launcher.core.DefaultLauncher.lambda$execute$5(DefaultLauncher.java:211)
	at org.junit.platform.launcher.core.DefaultLauncher.withInterceptedStreams(DefaultLauncher.java:226)
	at org.junit.platform.launcher.core.DefaultLauncher.execute(DefaultLauncher.java:199)
	at org.junit.platform.launcher.core.DefaultLauncher.execute(DefaultLauncher.java:132)
	at org.apache.maven.surefire.junitplatform.JUnitPlatformProvider.invokeAllTests(JUnitPlatformProvider.java:154)
	at org.apache.maven.surefire.junitplatform.JUnitPlatformProvider.invoke(JUnitPlatformProvider.java:123)
	at org.apache.maven.surefire.booter.ForkedBooter.runSuitesInProcess(ForkedBooter.java:377)
	at org.apache.maven.surefire.booter.ForkedBooter.execute(ForkedBooter.java:138)
	at org.apache.maven.surefire.booter.ForkedBooter.run(ForkedBooter.java:465)
	at org.apache.maven.surefire.booter.ForkedBooter.main(ForkedBooter.java:451)
]]></error>
    <system-err><![CDATA[2024-04-24T04:53:51,504  WARN [main] conf.HiveConf: HiveConf of name hive.stats.key.prefix.reserve.length does not exist
2024-04-24T04:53:51,504  WARN [main] conf.HiveConf: HiveConf of name hive.llap.io.cache.orc.arena.size does not exist
2024-04-24T04:53:51,504  WARN [main] conf.HiveConf: HiveConf of name hive.llap.io.cache.orc.alloc.max does not exist
2024-04-24T04:53:51,504  WARN [main] conf.HiveConf: HiveConf of name hive.dummyparam.test.server.specific.config.override does not exist
2024-04-24T04:53:51,505  WARN [main] conf.HiveConf: HiveConf of name hive.dummyparam.test.server.specific.config.hivesite does not exist
2024-04-24T04:53:51,505  WARN [main] conf.HiveConf: HiveConf of name hive.llap.io.cache.orc.size does not exist
2024-04-24T04:53:51,510  WARN [main] conf.HiveConf: HiveConf of name hive.metastore.client.cache.recordStats does not exist
2024-04-24T04:53:51,511  WARN [main] conf.HiveConf: HiveConf of name hive.metastore.metadb.dir does not exist
2024-04-24T04:53:51,511  WARN [main] conf.HiveConf: HiveConf of name hive.dummyparam.test.server.specific.config.metastoresite does not exist
2024-04-24T04:53:51,511  WARN [main] conf.HiveConf: HiveConf of name hive.metastore.client.cache.maxSize does not exist
2024-04-24T04:53:51,511  WARN [main] conf.HiveConf: HiveConf of name hive.llap.io.cache.orc.alloc.min does not exist
2024-04-24T04:53:51,514  INFO [main] utils.TestTxnDbUtil: Creating transactional tables
Hive Session ID = d88110c6-f61e-4267-89ff-ff353a4bc5d2
2024-04-24T04:53:51,517  INFO [main] SessionState: Hive Session ID = d88110c6-f61e-4267-89ff-ff353a4bc5d2
ivysettings.xml file not found in HIVE_HOME or HIVE_CONF_DIR,/home/alex/Repositories/hive/conf/ivysettings.xml will be used
2024-04-24T04:53:51,517  INFO [main] DependencyResolver: ivysettings.xml file not found in HIVE_HOME or HIVE_CONF_DIR,/home/alex/Repositories/hive/conf/ivysettings.xml will be used
2024-04-24T04:53:51,524  INFO [main] session.SessionState: Created HDFS directory: /home/alex/Repositories/hive/ql/target/tmp/scratchdir/alex/d88110c6-f61e-4267-89ff-ff353a4bc5d2
2024-04-24T04:53:51,527  INFO [main] session.SessionState: Created local directory: /home/alex/Repositories/hive/ql/target/tmp/localscratchdir/d88110c6-f61e-4267-89ff-ff353a4bc5d2
2024-04-24T04:53:51,530  INFO [main] session.SessionState: Created HDFS directory: /home/alex/Repositories/hive/ql/target/tmp/scratchdir/alex/d88110c6-f61e-4267-89ff-ff353a4bc5d2/_tmp_space.db
2024-04-24T04:53:51,530  INFO [main] sqlstd.SQLStdHiveAccessController: Created SQLStdHiveAccessController for session context : HiveAuthzSessionContext [sessionString=d88110c6-f61e-4267-89ff-ff353a4bc5d2, clientType=HIVECLI]
2024-04-24T04:53:51,531  INFO [main] ql.TxnCommandsBaseForTests: Running the query: drop table if exists acidTbl
2024-04-24T04:53:51,531  INFO [main] ql.Driver: Compiling command(queryId=alex_20240424045351_49df7332-2117-4f84-a985-6494576e94eb): drop table if exists acidTbl
2024-04-24T04:53:51,544  INFO [main] txn.TxnHandler: Added entries to MIN_HISTORY_LEVEL for current txns: ([1]) with min_open_txn: 1
2024-04-24T04:53:51,545  INFO [main] lockmgr.DbTxnManager: Opened txnid:1
2024-04-24T04:53:51,549  INFO [main] HiveMetaStore.audit: ugi=alex	ip=unknown-ip-addr	cmd=get_table : tbl=hive.default.acidTbl	
2024-04-24T04:53:51,553  INFO [main] ql.Driver: Semantic Analysis Completed (retrial = false)
2024-04-24T04:53:51,553  INFO [main] ql.Driver: Created Hive schema: Schema(fieldSchemas:null, properties:null)
2024-04-24T04:53:51,553  INFO [main] metadata.Hive: Dumping metastore api call timing information for : compilation phase
2024-04-24T04:53:51,553  INFO [main] metadata.Hive: Total time spent in each metastore function (ms): {openTxn_(String, TxnType)=13, isCompatibleWith_(Configuration)=0, commitTxn_(CommitTxnRequest)=20, getValidTxns_(long)=3, flushCache_()=1}
2024-04-24T04:53:51,553  INFO [main] ql.Driver: Completed compiling command(queryId=alex_20240424045351_49df7332-2117-4f84-a985-6494576e94eb); Time taken: 0.022 seconds
2024-04-24T04:53:51,554  INFO [main] lockmgr.DbTxnManager: Setting lock request transaction to txnid:1 for queryId=alex_20240424045351_49df7332-2117-4f84-a985-6494576e94eb
2024-04-24T04:53:51,554  INFO [main] ql.Driver: Operation DROPTABLE obtained 0 locks
2024-04-24T04:53:51,554  INFO [main] ql.Driver: Executing command(queryId=alex_20240424045351_49df7332-2117-4f84-a985-6494576e94eb): drop table if exists acidTbl
2024-04-24T04:53:51,554  INFO [main] ql.Driver: Starting task [Stage-0:DDL] in serial mode
2024-04-24T04:53:51,555  INFO [main] HiveMetaStore.audit: ugi=alex	ip=unknown-ip-addr	cmd=get_table : tbl=hive.default.acidTbl	
2024-04-24T04:53:51,559  INFO [main] metadata.Hive: Dumping metastore api call timing information for : execution phase
2024-04-24T04:53:51,559  INFO [main] metadata.Hive: Total time spent in each metastore function (ms): {isCompatibleWith_(Configuration)=0}
2024-04-24T04:53:51,559  INFO [main] ql.Driver: Completed executing command(queryId=alex_20240424045351_49df7332-2117-4f84-a985-6494576e94eb); Time taken: 0.005 seconds
2024-04-24T04:53:51,559  INFO [main] lockmgr.DbTxnManager: Stopped heartbeat for query: alex_20240424045351_49df7332-2117-4f84-a985-6494576e94eb
2024-04-24T04:53:51,567  INFO [main] txn.TxnHandler: Expected to move at least one record from txn_components to completed_txn_components when committing txn! txnid:1
2024-04-24T04:53:51,575  INFO [main] txn.TxnHandler: Removed transactions: ([1]) from MIN_HISTORY_LEVEL
2024-04-24T04:53:51,575  WARN [main] txn.CompactionTxnHandler: No compaction queue record found for Compaction type transaction commit. txnId:1
2024-04-24T04:53:51,576  INFO [main] ql.TxnCommandsBaseForTests: Running the query: drop table if exists acidTblPart
2024-04-24T04:53:51,577  INFO [main] ql.Driver: Compiling command(queryId=alex_20240424045351_86861bb2-28c9-42ee-a337-5bc30394a23b): drop table if exists acidTblPart
2024-04-24T04:53:51,580  INFO [main] txn.TxnHandler: Added entries to MIN_HISTORY_LEVEL for current txns: ([2]) with min_open_txn: 1
2024-04-24T04:53:51,581  INFO [main] lockmgr.DbTxnManager: Opened txnid:2
2024-04-24T04:53:51,582  INFO [main] HiveMetaStore.audit: ugi=alex	ip=unknown-ip-addr	cmd=get_table : tbl=hive.default.acidTblPart	
2024-04-24T04:53:51,586  INFO [main] ql.Driver: Semantic Analysis Completed (retrial = false)
2024-04-24T04:53:51,586  INFO [main] ql.Driver: Created Hive schema: Schema(fieldSchemas:null, properties:null)
2024-04-24T04:53:51,586  INFO [main] metadata.Hive: Dumping metastore api call timing information for : compilation phase
2024-04-24T04:53:51,586  INFO [main] metadata.Hive: Total time spent in each metastore function (ms): {openTxn_(String, TxnType)=3, getValidTxns_(long)=0, commitTxn_(CommitTxnRequest)=17, isCompatibleWith_(Configuration)=1, flushCache_()=0}
2024-04-24T04:53:51,587  INFO [main] ql.Driver: Completed compiling command(queryId=alex_20240424045351_86861bb2-28c9-42ee-a337-5bc30394a23b); Time taken: 0.01 seconds
2024-04-24T04:53:51,587  INFO [main] lockmgr.DbTxnManager: Setting lock request transaction to txnid:2 for queryId=alex_20240424045351_86861bb2-28c9-42ee-a337-5bc30394a23b
2024-04-24T04:53:51,587  INFO [main] ql.Driver: Operation DROPTABLE obtained 0 locks
2024-04-24T04:53:51,587  INFO [main] ql.Driver: Executing command(queryId=alex_20240424045351_86861bb2-28c9-42ee-a337-5bc30394a23b): drop table if exists acidTblPart
2024-04-24T04:53:51,587  INFO [main] ql.Driver: Starting task [Stage-0:DDL] in serial mode
2024-04-24T04:53:51,588  INFO [main] HiveMetaStore.audit: ugi=alex	ip=unknown-ip-addr	cmd=get_table : tbl=hive.default.acidTblPart	
2024-04-24T04:53:51,592  INFO [main] metadata.Hive: Dumping metastore api call timing information for : execution phase
2024-04-24T04:53:51,592  INFO [main] metadata.Hive: Total time spent in each metastore function (ms): {isCompatibleWith_(Configuration)=0}
2024-04-24T04:53:51,592  INFO [main] ql.Driver: Completed executing command(queryId=alex_20240424045351_86861bb2-28c9-42ee-a337-5bc30394a23b); Time taken: 0.005 seconds
2024-04-24T04:53:51,592  INFO [main] lockmgr.DbTxnManager: Stopped heartbeat for query: alex_20240424045351_86861bb2-28c9-42ee-a337-5bc30394a23b
2024-04-24T04:53:51,600  INFO [main] txn.TxnHandler: Expected to move at least one record from txn_components to completed_txn_components when committing txn! txnid:2
2024-04-24T04:53:51,607  INFO [main] txn.TxnHandler: Removed transactions: ([2]) from MIN_HISTORY_LEVEL
2024-04-24T04:53:51,607  WARN [main] txn.CompactionTxnHandler: No compaction queue record found for Compaction type transaction commit. txnId:2
2024-04-24T04:53:51,609  INFO [main] ql.TxnCommandsBaseForTests: Running the query: drop table if exists acidTbl2
2024-04-24T04:53:51,609  INFO [main] ql.Driver: Compiling command(queryId=alex_20240424045351_556cb384-db8e-4315-9191-1fcee422a090): drop table if exists acidTbl2
2024-04-24T04:53:51,613  INFO [main] txn.TxnHandler: Added entries to MIN_HISTORY_LEVEL for current txns: ([3]) with min_open_txn: 1
2024-04-24T04:53:51,613  INFO [main] lockmgr.DbTxnManager: Opened txnid:3
2024-04-24T04:53:51,615  INFO [main] HiveMetaStore.audit: ugi=alex	ip=unknown-ip-addr	cmd=get_table : tbl=hive.default.acidTbl2	
2024-04-24T04:53:51,619  INFO [main] ql.Driver: Semantic Analysis Completed (retrial = false)
2024-04-24T04:53:51,619  INFO [main] ql.Driver: Created Hive schema: Schema(fieldSchemas:null, properties:null)
2024-04-24T04:53:51,619  INFO [main] metadata.Hive: Dumping metastore api call timing information for : compilation phase
2024-04-24T04:53:51,619  INFO [main] metadata.Hive: Total time spent in each metastore function (ms): {getValidTxns_(long)=1, flushCache_()=1, openTxn_(String, TxnType)=3, commitTxn_(CommitTxnRequest)=15, isCompatibleWith_(Configuration)=1}
2024-04-24T04:53:51,619  INFO [main] ql.Driver: Completed compiling command(queryId=alex_20240424045351_556cb384-db8e-4315-9191-1fcee422a090); Time taken: 0.01 seconds
2024-04-24T04:53:51,619  INFO [main] lockmgr.DbTxnManager: Setting lock request transaction to txnid:3 for queryId=alex_20240424045351_556cb384-db8e-4315-9191-1fcee422a090
2024-04-24T04:53:51,619  INFO [main] ql.Driver: Operation DROPTABLE obtained 0 locks
2024-04-24T04:53:51,619  INFO [main] ql.Driver: Executing command(queryId=alex_20240424045351_556cb384-db8e-4315-9191-1fcee422a090): drop table if exists acidTbl2
2024-04-24T04:53:51,620  INFO [main] ql.Driver: Starting task [Stage-0:DDL] in serial mode
2024-04-24T04:53:51,620  INFO [main] HiveMetaStore.audit: ugi=alex	ip=unknown-ip-addr	cmd=get_table : tbl=hive.default.acidTbl2	
2024-04-24T04:53:51,624  INFO [main] metadata.Hive: Dumping metastore api call timing information for : execution phase
2024-04-24T04:53:51,625  INFO [main] metadata.Hive: Total time spent in each metastore function (ms): {isCompatibleWith_(Configuration)=0}
2024-04-24T04:53:51,625  INFO [main] ql.Driver: Completed executing command(queryId=alex_20240424045351_556cb384-db8e-4315-9191-1fcee422a090); Time taken: 0.005 seconds
2024-04-24T04:53:51,625  INFO [main] lockmgr.DbTxnManager: Stopped heartbeat for query: alex_20240424045351_556cb384-db8e-4315-9191-1fcee422a090
2024-04-24T04:53:51,632  INFO [main] txn.TxnHandler: Expected to move at least one record from txn_components to completed_txn_components when committing txn! txnid:3
2024-04-24T04:53:51,640  INFO [main] txn.TxnHandler: Removed transactions: ([3]) from MIN_HISTORY_LEVEL
2024-04-24T04:53:51,640  WARN [main] txn.CompactionTxnHandler: No compaction queue record found for Compaction type transaction commit. txnId:3
2024-04-24T04:53:51,641  INFO [main] ql.TxnCommandsBaseForTests: Running the query: drop table if exists nonAcidOrcTbl
2024-04-24T04:53:51,641  INFO [main] ql.Driver: Compiling command(queryId=alex_20240424045351_c2424c39-0a29-4958-80a7-b095dafa4160): drop table if exists nonAcidOrcTbl
2024-04-24T04:53:51,645  INFO [main] txn.TxnHandler: Added entries to MIN_HISTORY_LEVEL for current txns: ([4]) with min_open_txn: 1
2024-04-24T04:53:51,645  INFO [main] lockmgr.DbTxnManager: Opened txnid:4
2024-04-24T04:53:51,647  INFO [main] HiveMetaStore.audit: ugi=alex	ip=unknown-ip-addr	cmd=get_table : tbl=hive.default.nonAcidOrcTbl	
2024-04-24T04:53:51,651  INFO [main] ql.Driver: Semantic Analysis Completed (retrial = false)
2024-04-24T04:53:51,651  INFO [main] ql.Driver: Created Hive schema: Schema(fieldSchemas:null, properties:null)
2024-04-24T04:53:51,651  INFO [main] metadata.Hive: Dumping metastore api call timing information for : compilation phase
2024-04-24T04:53:51,651  INFO [main] metadata.Hive: Total time spent in each metastore function (ms): {getValidTxns_(long)=1, isCompatibleWith_(Configuration)=0, openTxn_(String, TxnType)=3, commitTxn_(CommitTxnRequest)=15, flushCache_()=1}
2024-04-24T04:53:51,651  INFO [main] ql.Driver: Completed compiling command(queryId=alex_20240424045351_c2424c39-0a29-4958-80a7-b095dafa4160); Time taken: 0.01 seconds
2024-04-24T04:53:51,651  INFO [main] lockmgr.DbTxnManager: Setting lock request transaction to txnid:4 for queryId=alex_20240424045351_c2424c39-0a29-4958-80a7-b095dafa4160
2024-04-24T04:53:51,651  INFO [main] ql.Driver: Operation DROPTABLE obtained 0 locks
2024-04-24T04:53:51,652  INFO [main] ql.Driver: Executing command(queryId=alex_20240424045351_c2424c39-0a29-4958-80a7-b095dafa4160): drop table if exists nonAcidOrcTbl
2024-04-24T04:53:51,652  INFO [main] ql.Driver: Starting task [Stage-0:DDL] in serial mode
2024-04-24T04:53:51,652  INFO [main] HiveMetaStore.audit: ugi=alex	ip=unknown-ip-addr	cmd=get_table : tbl=hive.default.nonAcidOrcTbl	
2024-04-24T04:53:51,656  INFO [main] metadata.Hive: Dumping metastore api call timing information for : execution phase
2024-04-24T04:53:51,657  INFO [main] metadata.Hive: Total time spent in each metastore function (ms): {isCompatibleWith_(Configuration)=0}
2024-04-24T04:53:51,657  INFO [main] ql.Driver: Completed executing command(queryId=alex_20240424045351_c2424c39-0a29-4958-80a7-b095dafa4160); Time taken: 0.004 seconds
2024-04-24T04:53:51,657  INFO [main] lockmgr.DbTxnManager: Stopped heartbeat for query: alex_20240424045351_c2424c39-0a29-4958-80a7-b095dafa4160
2024-04-24T04:53:51,664  INFO [main] txn.TxnHandler: Expected to move at least one record from txn_components to completed_txn_components when committing txn! txnid:4
2024-04-24T04:53:51,672  INFO [main] txn.TxnHandler: Removed transactions: ([4]) from MIN_HISTORY_LEVEL
2024-04-24T04:53:51,672  WARN [main] txn.CompactionTxnHandler: No compaction queue record found for Compaction type transaction commit. txnId:4
2024-04-24T04:53:51,673  INFO [main] ql.TxnCommandsBaseForTests: Running the query: drop table if exists nonAcidOrcTbl2
2024-04-24T04:53:51,673  INFO [main] ql.Driver: Compiling command(queryId=alex_20240424045351_65b2d081-a76b-4337-a24a-4ac032503845): drop table if exists nonAcidOrcTbl2
2024-04-24T04:53:51,677  INFO [main] txn.TxnHandler: Added entries to MIN_HISTORY_LEVEL for current txns: ([5]) with min_open_txn: 1
2024-04-24T04:53:51,677  INFO [main] lockmgr.DbTxnManager: Opened txnid:5
2024-04-24T04:53:51,679  INFO [main] HiveMetaStore.audit: ugi=alex	ip=unknown-ip-addr	cmd=get_table : tbl=hive.default.nonAcidOrcTbl2	
2024-04-24T04:53:51,682  INFO [main] ql.Driver: Semantic Analysis Completed (retrial = false)
2024-04-24T04:53:51,682  INFO [main] ql.Driver: Created Hive schema: Schema(fieldSchemas:null, properties:null)
2024-04-24T04:53:51,683  INFO [main] metadata.Hive: Dumping metastore api call timing information for : compilation phase
2024-04-24T04:53:51,683  INFO [main] metadata.Hive: Total time spent in each metastore function (ms): {flushCache_()=0, commitTxn_(CommitTxnRequest)=16, openTxn_(String, TxnType)=3, getValidTxns_(long)=1, isCompatibleWith_(Configuration)=0}
2024-04-24T04:53:51,683  INFO [main] ql.Driver: Completed compiling command(queryId=alex_20240424045351_65b2d081-a76b-4337-a24a-4ac032503845); Time taken: 0.009 seconds
2024-04-24T04:53:51,683  INFO [main] lockmgr.DbTxnManager: Setting lock request transaction to txnid:5 for queryId=alex_20240424045351_65b2d081-a76b-4337-a24a-4ac032503845
2024-04-24T04:53:51,683  INFO [main] ql.Driver: Operation DROPTABLE obtained 0 locks
2024-04-24T04:53:51,683  INFO [main] ql.Driver: Executing command(queryId=alex_20240424045351_65b2d081-a76b-4337-a24a-4ac032503845): drop table if exists nonAcidOrcTbl2
2024-04-24T04:53:51,683  INFO [main] ql.Driver: Starting task [Stage-0:DDL] in serial mode
2024-04-24T04:53:51,684  INFO [main] HiveMetaStore.audit: ugi=alex	ip=unknown-ip-addr	cmd=get_table : tbl=hive.default.nonAcidOrcTbl2	
2024-04-24T04:53:51,688  INFO [main] metadata.Hive: Dumping metastore api call timing information for : execution phase
2024-04-24T04:53:51,688  INFO [main] metadata.Hive: Total time spent in each metastore function (ms): {isCompatibleWith_(Configuration)=1}
2024-04-24T04:53:51,689  INFO [main] ql.Driver: Completed executing command(queryId=alex_20240424045351_65b2d081-a76b-4337-a24a-4ac032503845); Time taken: 0.005 seconds
2024-04-24T04:53:51,689  INFO [main] lockmgr.DbTxnManager: Stopped heartbeat for query: alex_20240424045351_65b2d081-a76b-4337-a24a-4ac032503845
2024-04-24T04:53:51,695  INFO [main] txn.TxnHandler: Expected to move at least one record from txn_components to completed_txn_components when committing txn! txnid:5
2024-04-24T04:53:51,703  INFO [main] txn.TxnHandler: Removed transactions: ([5]) from MIN_HISTORY_LEVEL
2024-04-24T04:53:51,703  WARN [main] txn.CompactionTxnHandler: No compaction queue record found for Compaction type transaction commit. txnId:5
2024-04-24T04:53:51,704  INFO [main] ql.TxnCommandsBaseForTests: Running the query: drop table if exists nonAcidNonBucket
2024-04-24T04:53:51,705  INFO [main] ql.Driver: Compiling command(queryId=alex_20240424045351_db4c74e3-0c79-46e8-aa7e-10b0832075bf): drop table if exists nonAcidNonBucket
2024-04-24T04:53:51,708  INFO [main] txn.TxnHandler: Added entries to MIN_HISTORY_LEVEL for current txns: ([6]) with min_open_txn: 1
2024-04-24T04:53:51,708  INFO [main] lockmgr.DbTxnManager: Opened txnid:6
2024-04-24T04:53:51,710  INFO [main] HiveMetaStore.audit: ugi=alex	ip=unknown-ip-addr	cmd=get_table : tbl=hive.default.nonAcidNonBucket	
2024-04-24T04:53:51,714  INFO [main] ql.Driver: Semantic Analysis Completed (retrial = false)
2024-04-24T04:53:51,714  INFO [main] ql.Driver: Created Hive schema: Schema(fieldSchemas:null, properties:null)
2024-04-24T04:53:51,714  INFO [main] metadata.Hive: Dumping metastore api call timing information for : compilation phase
2024-04-24T04:53:51,714  INFO [main] metadata.Hive: Total time spent in each metastore function (ms): {getValidTxns_(long)=0, isCompatibleWith_(Configuration)=0, openTxn_(String, TxnType)=2, commitTxn_(CommitTxnRequest)=15, flushCache_()=0}
2024-04-24T04:53:51,714  INFO [main] ql.Driver: Completed compiling command(queryId=alex_20240424045351_db4c74e3-0c79-46e8-aa7e-10b0832075bf); Time taken: 0.009 seconds
2024-04-24T04:53:51,715  INFO [main] lockmgr.DbTxnManager: Setting lock request transaction to txnid:6 for queryId=alex_20240424045351_db4c74e3-0c79-46e8-aa7e-10b0832075bf
2024-04-24T04:53:51,715  INFO [main] ql.Driver: Operation DROPTABLE obtained 0 locks
2024-04-24T04:53:51,715  INFO [main] ql.Driver: Executing command(queryId=alex_20240424045351_db4c74e3-0c79-46e8-aa7e-10b0832075bf): drop table if exists nonAcidNonBucket
2024-04-24T04:53:51,715  INFO [main] ql.Driver: Starting task [Stage-0:DDL] in serial mode
2024-04-24T04:53:51,715  INFO [main] HiveMetaStore.audit: ugi=alex	ip=unknown-ip-addr	cmd=get_table : tbl=hive.default.nonAcidNonBucket	
2024-04-24T04:53:51,719  INFO [main] metadata.Hive: Dumping metastore api call timing information for : execution phase
2024-04-24T04:53:51,719  INFO [main] metadata.Hive: Total time spent in each metastore function (ms): {isCompatibleWith_(Configuration)=0}
2024-04-24T04:53:51,720  INFO [main] ql.Driver: Completed executing command(queryId=alex_20240424045351_db4c74e3-0c79-46e8-aa7e-10b0832075bf); Time taken: 0.004 seconds
2024-04-24T04:53:51,720  INFO [main] lockmgr.DbTxnManager: Stopped heartbeat for query: alex_20240424045351_db4c74e3-0c79-46e8-aa7e-10b0832075bf
2024-04-24T04:53:51,726  INFO [main] txn.TxnHandler: Expected to move at least one record from txn_components to completed_txn_components when committing txn! txnid:6
2024-04-24T04:53:51,734  INFO [main] txn.TxnHandler: Removed transactions: ([6]) from MIN_HISTORY_LEVEL
2024-04-24T04:53:51,734  WARN [main] txn.CompactionTxnHandler: No compaction queue record found for Compaction type transaction commit. txnId:6
2024-04-24T04:53:51,735  INFO [main] ql.TxnCommandsBaseForTests: Running the query: create table acidTbl(a int, b int) clustered by (a) into 2 buckets stored as orc TBLPROPERTIES ('transactional'='true')
2024-04-24T04:53:51,735  INFO [main] ql.Driver: Compiling command(queryId=alex_20240424045351_e1b9d9e0-98fc-41bd-bc6e-f54baf62766a): create table acidTbl(a int, b int) clustered by (a) into 2 buckets stored as orc TBLPROPERTIES ('transactional'='true')
2024-04-24T04:53:51,739  INFO [main] txn.TxnHandler: Added entries to MIN_HISTORY_LEVEL for current txns: ([7]) with min_open_txn: 1
2024-04-24T04:53:51,740  INFO [main] lockmgr.DbTxnManager: Opened txnid:7
2024-04-24T04:53:51,741  INFO [main] parse.CalcitePlanner: Starting caching scope for: 
2024-04-24T04:53:51,741  INFO [main] parse.CalcitePlanner: Starting Semantic Analysis
2024-04-24T04:53:51,749  INFO [main] parse.CalcitePlanner: Creating table default.acidTbl position=13
2024-04-24T04:53:51,749  INFO [main] HiveMetaStore.audit: ugi=alex	ip=unknown-ip-addr	cmd=get_database: default	
2024-04-24T04:53:51,752  INFO [main] parse.CalcitePlanner: Ending caching scope for: 
2024-04-24T04:53:51,752  INFO [main] ql.Driver: Semantic Analysis Completed (retrial = false)
2024-04-24T04:53:51,752  INFO [main] ql.Driver: Created Hive schema: Schema(fieldSchemas:null, properties:null)
2024-04-24T04:53:51,752  INFO [main] metadata.Hive: Dumping metastore api call timing information for : compilation phase
2024-04-24T04:53:51,752  INFO [main] metadata.Hive: Total time spent in each metastore function (ms): {getDatabase_(String)=3, getValidWriteIds_(List, String)=8, openTxn_(String, TxnType)=3, getValidTxns_(long)=1, commitTxn_(CommitTxnRequest)=14, flushCache_()=1, isCompatibleWith_(Configuration)=0}
2024-04-24T04:53:51,753  INFO [main] ql.Driver: Completed compiling command(queryId=alex_20240424045351_e1b9d9e0-98fc-41bd-bc6e-f54baf62766a); Time taken: 0.017 seconds
2024-04-24T04:53:51,753  INFO [main] lockmgr.DbTxnManager: Setting lock request transaction to txnid:7 for queryId=alex_20240424045351_e1b9d9e0-98fc-41bd-bc6e-f54baf62766a
2024-04-24T04:53:51,753  INFO [main] lockmgr.DbLockManager: Requesting lock for queryId=alex_20240424045351_e1b9d9e0-98fc-41bd-bc6e-f54baf62766a
2024-04-24T04:53:51,780  INFO [main] lockmgr.DbLockManager: Response to queryId=alex_20240424045351_e1b9d9e0-98fc-41bd-bc6e-f54baf62766a LockResponse(lockid:1, state:ACQUIRED)
2024-04-24T04:53:51,780  INFO [main] ql.Driver: Operation CREATETABLE obtained 1 locks
2024-04-24T04:53:51,781  INFO [main] ql.Driver: Executing command(queryId=alex_20240424045351_e1b9d9e0-98fc-41bd-bc6e-f54baf62766a): create table acidTbl(a int, b int) clustered by (a) into 2 buckets stored as orc TBLPROPERTIES ('transactional'='true')
2024-04-24T04:53:51,781  INFO [main] ql.Driver: Starting task [Stage-0:DDL] in serial mode
2024-04-24T04:53:51,783  INFO [main] HiveMetaStore.audit: ugi=alex	ip=unknown-ip-addr	cmd=create_table_req: Table(tableName:acidTbl, dbName:default, owner:alex, createTime:1713959631, lastAccessTime:0, retention:0, sd:StorageDescriptor(cols:[FieldSchema(name:a, type:int, comment:null), FieldSchema(name:b, type:int, comment:null)], location:null, inputFormat:org.apache.hadoop.hive.ql.io.orc.OrcInputFormat, outputFormat:org.apache.hadoop.hive.ql.io.orc.OrcOutputFormat, compressed:false, numBuckets:2, serdeInfo:SerDeInfo(name:null, serializationLib:org.apache.hadoop.hive.ql.io.orc.OrcSerde, parameters:{serialization.format=1}), bucketCols:[a], sortCols:[], parameters:{}, skewedInfo:SkewedInfo(skewedColNames:[], skewedColValues:[], skewedColValueLocationMaps:{}), storedAsSubDirectories:false), partitionKeys:[], parameters:{rawDataSize=0, totalSize=0, numFiles=0, numRows=0, transactional=true, COLUMN_STATS_ACCURATE={"BASIC_STATS":"true","COLUMN_STATS":{"a":"true","b":"true"}}, numFilesErasureCoded=0, bucketing_version=2}, viewOriginalText:null, viewExpandedText:null, tableType:MANAGED_TABLE, privileges:PrincipalPrivilegeSet(userPrivileges:{alex=[PrivilegeGrantInfo(privilege:INSERT, createTime:-1, grantor:alex, grantorType:USER, grantOption:true), PrivilegeGrantInfo(privilege:SELECT, createTime:-1, grantor:alex, grantorType:USER, grantOption:true), PrivilegeGrantInfo(privilege:UPDATE, createTime:-1, grantor:alex, grantorType:USER, grantOption:true), PrivilegeGrantInfo(privilege:DELETE, createTime:-1, grantor:alex, grantorType:USER, grantOption:true)]}, groupPrivileges:null, rolePrivileges:null), temporary:false, catName:hive, ownerType:USER, writeId:0)	
2024-04-24T04:53:51,791  INFO [main] utils.FileUtils: Creating directory if it doesn't exist: file:/home/alex/Repositories/hive/ql/target/tmp/org.apache.hadoop.hive.ql.TestTxnCommands3-1713959586346/warehouse/acidtbl
2024-04-24T04:53:51,842  INFO [main] metadata.Hive: Dumping metastore api call timing information for : execution phase
2024-04-24T04:53:51,842  INFO [main] metadata.Hive: Total time spent in each metastore function (ms): {createTable_(Table)=59, isCompatibleWith_(Configuration)=1}
2024-04-24T04:53:51,842  INFO [main] ql.Driver: Completed executing command(queryId=alex_20240424045351_e1b9d9e0-98fc-41bd-bc6e-f54baf62766a); Time taken: 0.061 seconds
2024-04-24T04:53:51,842  INFO [main] lockmgr.DbTxnManager: Stopped heartbeat for query: alex_20240424045351_e1b9d9e0-98fc-41bd-bc6e-f54baf62766a
2024-04-24T04:53:51,848  INFO [main] txn.TxnHandler: Expected to move at least one record from txn_components to completed_txn_components when committing txn! txnid:7
2024-04-24T04:53:51,855  INFO [main] txn.TxnHandler: Removed transactions: ([7]) from MIN_HISTORY_LEVEL
2024-04-24T04:53:51,855  WARN [main] txn.CompactionTxnHandler: No compaction queue record found for Compaction type transaction commit. txnId:7
2024-04-24T04:53:51,856  INFO [main] ql.TxnCommandsBaseForTests: Running the query: create table acidTblPart(a int, b int) partitioned by (p string) clustered by (a) into 2 buckets stored as orc TBLPROPERTIES ('transactional'='true')
2024-04-24T04:53:51,856  INFO [main] ql.Driver: Compiling command(queryId=alex_20240424045351_110ee2dd-4193-4319-86ab-9f1969c0cd4b): create table acidTblPart(a int, b int) partitioned by (p string) clustered by (a) into 2 buckets stored as orc TBLPROPERTIES ('transactional'='true')
2024-04-24T04:53:51,860  INFO [main] txn.TxnHandler: Added entries to MIN_HISTORY_LEVEL for current txns: ([8]) with min_open_txn: 1
2024-04-24T04:53:51,861  INFO [main] lockmgr.DbTxnManager: Opened txnid:8
2024-04-24T04:53:51,862  INFO [main] parse.CalcitePlanner: Starting caching scope for: 
2024-04-24T04:53:51,862  INFO [main] parse.CalcitePlanner: Starting Semantic Analysis
2024-04-24T04:53:51,865  INFO [main] parse.CalcitePlanner: Creating table default.acidTblPart position=13
2024-04-24T04:53:51,866  INFO [main] HiveMetaStore.audit: ugi=alex	ip=unknown-ip-addr	cmd=get_database: default	
2024-04-24T04:53:51,868  INFO [main] parse.CalcitePlanner: Ending caching scope for: 
2024-04-24T04:53:51,868  INFO [main] ql.Driver: Semantic Analysis Completed (retrial = false)
2024-04-24T04:53:51,868  INFO [main] ql.Driver: Created Hive schema: Schema(fieldSchemas:null, properties:null)
2024-04-24T04:53:51,868  INFO [main] metadata.Hive: Dumping metastore api call timing information for : compilation phase
2024-04-24T04:53:51,869  INFO [main] metadata.Hive: Total time spent in each metastore function (ms): {getDatabase_(String)=3, commitTxn_(CommitTxnRequest)=13, getValidWriteIds_(List, String)=3, isCompatibleWith_(Configuration)=1, flushCache_()=0, openTxn_(String, TxnType)=3, getValidTxns_(long)=0}
2024-04-24T04:53:51,869  INFO [main] ql.Driver: Completed compiling command(queryId=alex_20240424045351_110ee2dd-4193-4319-86ab-9f1969c0cd4b); Time taken: 0.012 seconds
2024-04-24T04:53:51,869  INFO [main] lockmgr.DbTxnManager: Setting lock request transaction to txnid:8 for queryId=alex_20240424045351_110ee2dd-4193-4319-86ab-9f1969c0cd4b
2024-04-24T04:53:51,869  INFO [main] lockmgr.DbLockManager: Requesting lock for queryId=alex_20240424045351_110ee2dd-4193-4319-86ab-9f1969c0cd4b
2024-04-24T04:53:51,888  INFO [main] lockmgr.DbLockManager: Response to queryId=alex_20240424045351_110ee2dd-4193-4319-86ab-9f1969c0cd4b LockResponse(lockid:2, state:ACQUIRED)
2024-04-24T04:53:51,888  INFO [main] ql.Driver: Operation CREATETABLE obtained 1 locks
2024-04-24T04:53:51,889  INFO [main] ql.Driver: Executing command(queryId=alex_20240424045351_110ee2dd-4193-4319-86ab-9f1969c0cd4b): create table acidTblPart(a int, b int) partitioned by (p string) clustered by (a) into 2 buckets stored as orc TBLPROPERTIES ('transactional'='true')
2024-04-24T04:53:51,889  INFO [main] ql.Driver: Starting task [Stage-0:DDL] in serial mode
2024-04-24T04:53:51,891  INFO [main] HiveMetaStore.audit: ugi=alex	ip=unknown-ip-addr	cmd=create_table_req: Table(tableName:acidTblPart, dbName:default, owner:alex, createTime:1713959631, lastAccessTime:0, retention:0, sd:StorageDescriptor(cols:[FieldSchema(name:a, type:int, comment:null), FieldSchema(name:b, type:int, comment:null)], location:null, inputFormat:org.apache.hadoop.hive.ql.io.orc.OrcInputFormat, outputFormat:org.apache.hadoop.hive.ql.io.orc.OrcOutputFormat, compressed:false, numBuckets:2, serdeInfo:SerDeInfo(name:null, serializationLib:org.apache.hadoop.hive.ql.io.orc.OrcSerde, parameters:{serialization.format=1}), bucketCols:[a], sortCols:[], parameters:{}, skewedInfo:SkewedInfo(skewedColNames:[], skewedColValues:[], skewedColValueLocationMaps:{}), storedAsSubDirectories:false), partitionKeys:[FieldSchema(name:p, type:string, comment:null)], parameters:{transactional=true, bucketing_version=2}, viewOriginalText:null, viewExpandedText:null, tableType:MANAGED_TABLE, privileges:PrincipalPrivilegeSet(userPrivileges:{alex=[PrivilegeGrantInfo(privilege:INSERT, createTime:-1, grantor:alex, grantorType:USER, grantOption:true), PrivilegeGrantInfo(privilege:SELECT, createTime:-1, grantor:alex, grantorType:USER, grantOption:true), PrivilegeGrantInfo(privilege:UPDATE, createTime:-1, grantor:alex, grantorType:USER, grantOption:true), PrivilegeGrantInfo(privilege:DELETE, createTime:-1, grantor:alex, grantorType:USER, grantOption:true)]}, groupPrivileges:null, rolePrivileges:null), temporary:false, catName:hive, ownerType:USER, writeId:0)	
2024-04-24T04:53:51,898  INFO [main] utils.FileUtils: Creating directory if it doesn't exist: file:/home/alex/Repositories/hive/ql/target/tmp/org.apache.hadoop.hive.ql.TestTxnCommands3-1713959586346/warehouse/acidtblpart
2024-04-24T04:53:51,925  INFO [main] metadata.Hive: Dumping metastore api call timing information for : execution phase
2024-04-24T04:53:51,926  INFO [main] metadata.Hive: Total time spent in each metastore function (ms): {createTable_(Table)=35, isCompatibleWith_(Configuration)=0}
2024-04-24T04:53:51,926  INFO [main] ql.Driver: Completed executing command(queryId=alex_20240424045351_110ee2dd-4193-4319-86ab-9f1969c0cd4b); Time taken: 0.036 seconds
2024-04-24T04:53:51,926  INFO [main] lockmgr.DbTxnManager: Stopped heartbeat for query: alex_20240424045351_110ee2dd-4193-4319-86ab-9f1969c0cd4b
2024-04-24T04:53:51,931  INFO [main] txn.TxnHandler: Expected to move at least one record from txn_components to completed_txn_components when committing txn! txnid:8
2024-04-24T04:53:51,940  INFO [main] txn.TxnHandler: Removed transactions: ([8]) from MIN_HISTORY_LEVEL
2024-04-24T04:53:51,940  WARN [main] txn.CompactionTxnHandler: No compaction queue record found for Compaction type transaction commit. txnId:8
2024-04-24T04:53:51,940  INFO [main] ql.TxnCommandsBaseForTests: Running the query: create table nonAcidOrcTbl(a int, b int) clustered by (a) into 2 buckets stored as orc TBLPROPERTIES ('transactional'='false')
2024-04-24T04:53:51,941  INFO [main] ql.Driver: Compiling command(queryId=alex_20240424045351_f9cfe208-f822-47cc-be45-84d90479590d): create table nonAcidOrcTbl(a int, b int) clustered by (a) into 2 buckets stored as orc TBLPROPERTIES ('transactional'='false')
2024-04-24T04:53:51,945  INFO [main] txn.TxnHandler: Added entries to MIN_HISTORY_LEVEL for current txns: ([9]) with min_open_txn: 1
2024-04-24T04:53:51,945  INFO [main] lockmgr.DbTxnManager: Opened txnid:9
2024-04-24T04:53:51,946  INFO [main] parse.CalcitePlanner: Starting caching scope for: 
2024-04-24T04:53:51,946  INFO [main] parse.CalcitePlanner: Starting Semantic Analysis
2024-04-24T04:53:51,949  INFO [main] parse.CalcitePlanner: Creating table default.nonAcidOrcTbl position=13
2024-04-24T04:53:51,950  INFO [main] HiveMetaStore.audit: ugi=alex	ip=unknown-ip-addr	cmd=get_database: default	
2024-04-24T04:53:51,952  INFO [main] parse.CalcitePlanner: Ending caching scope for: 
2024-04-24T04:53:51,952  INFO [main] ql.Driver: Semantic Analysis Completed (retrial = false)
2024-04-24T04:53:51,952  INFO [main] ql.Driver: Created Hive schema: Schema(fieldSchemas:null, properties:null)
2024-04-24T04:53:51,953  INFO [main] metadata.Hive: Dumping metastore api call timing information for : compilation phase
2024-04-24T04:53:51,953  INFO [main] metadata.Hive: Total time spent in each metastore function (ms): {flushCache_()=1, getDatabase_(String)=3, getValidWriteIds_(List, String)=3, getValidTxns_(long)=1, openTxn_(String, TxnType)=3, isCompatibleWith_(Configuration)=0, commitTxn_(CommitTxnRequest)=14}
2024-04-24T04:53:51,953  INFO [main] ql.Driver: Completed compiling command(queryId=alex_20240424045351_f9cfe208-f822-47cc-be45-84d90479590d); Time taken: 0.011 seconds
2024-04-24T04:53:51,953  INFO [main] lockmgr.DbTxnManager: Setting lock request transaction to txnid:9 for queryId=alex_20240424045351_f9cfe208-f822-47cc-be45-84d90479590d
2024-04-24T04:53:51,953  INFO [main] lockmgr.DbLockManager: Requesting lock for queryId=alex_20240424045351_f9cfe208-f822-47cc-be45-84d90479590d
2024-04-24T04:53:51,973  INFO [main] lockmgr.DbLockManager: Response to queryId=alex_20240424045351_f9cfe208-f822-47cc-be45-84d90479590d LockResponse(lockid:3, state:ACQUIRED)
2024-04-24T04:53:51,973  INFO [main] ql.Driver: Operation CREATETABLE obtained 1 locks
2024-04-24T04:53:51,973  INFO [main] ql.Driver: Executing command(queryId=alex_20240424045351_f9cfe208-f822-47cc-be45-84d90479590d): create table nonAcidOrcTbl(a int, b int) clustered by (a) into 2 buckets stored as orc TBLPROPERTIES ('transactional'='false')
2024-04-24T04:53:51,973  INFO [main] ql.Driver: Starting task [Stage-0:DDL] in serial mode
2024-04-24T04:53:51,975  INFO [main] HiveMetaStore.audit: ugi=alex	ip=unknown-ip-addr	cmd=create_table_req: Table(tableName:nonAcidOrcTbl, dbName:default, owner:alex, createTime:1713959631, lastAccessTime:0, retention:0, sd:StorageDescriptor(cols:[FieldSchema(name:a, type:int, comment:null), FieldSchema(name:b, type:int, comment:null)], location:null, inputFormat:org.apache.hadoop.hive.ql.io.orc.OrcInputFormat, outputFormat:org.apache.hadoop.hive.ql.io.orc.OrcOutputFormat, compressed:false, numBuckets:2, serdeInfo:SerDeInfo(name:null, serializationLib:org.apache.hadoop.hive.ql.io.orc.OrcSerde, parameters:{serialization.format=1}), bucketCols:[a], sortCols:[], parameters:{}, skewedInfo:SkewedInfo(skewedColNames:[], skewedColValues:[], skewedColValueLocationMaps:{}), storedAsSubDirectories:false), partitionKeys:[], parameters:{transactional=false, numFilesErasureCoded=0, COLUMN_STATS_ACCURATE={"BASIC_STATS":"true","COLUMN_STATS":{"a":"true","b":"true"}}, totalSize=0, numRows=0, bucketing_version=2, numFiles=0, rawDataSize=0}, viewOriginalText:null, viewExpandedText:null, tableType:MANAGED_TABLE, privileges:PrincipalPrivilegeSet(userPrivileges:{alex=[PrivilegeGrantInfo(privilege:INSERT, createTime:-1, grantor:alex, grantorType:USER, grantOption:true), PrivilegeGrantInfo(privilege:SELECT, createTime:-1, grantor:alex, grantorType:USER, grantOption:true), PrivilegeGrantInfo(privilege:UPDATE, createTime:-1, grantor:alex, grantorType:USER, grantOption:true), PrivilegeGrantInfo(privilege:DELETE, createTime:-1, grantor:alex, grantorType:USER, grantOption:true)]}, groupPrivileges:null, rolePrivileges:null), temporary:false, catName:hive, ownerType:USER)	
2024-04-24T04:53:51,982  INFO [main] utils.FileUtils: Creating directory if it doesn't exist: file:/home/alex/Repositories/hive/ql/target/tmp/org.apache.hadoop.hive.ql.TestTxnCommands3-1713959586346/warehouse/nonacidorctbl
2024-04-24T04:53:52,005  INFO [main] metadata.Hive: Dumping metastore api call timing information for : execution phase
2024-04-24T04:53:52,005  INFO [main] metadata.Hive: Total time spent in each metastore function (ms): {createTable_(Table)=31, isCompatibleWith_(Configuration)=0}
2024-04-24T04:53:52,005  INFO [main] ql.Driver: Completed executing command(queryId=alex_20240424045351_f9cfe208-f822-47cc-be45-84d90479590d); Time taken: 0.032 seconds
2024-04-24T04:53:52,005  INFO [main] lockmgr.DbTxnManager: Stopped heartbeat for query: alex_20240424045351_f9cfe208-f822-47cc-be45-84d90479590d
2024-04-24T04:53:52,010  INFO [main] txn.TxnHandler: Expected to move at least one record from txn_components to completed_txn_components when committing txn! txnid:9
2024-04-24T04:53:52,018  INFO [main] txn.TxnHandler: Removed transactions: ([9]) from MIN_HISTORY_LEVEL
2024-04-24T04:53:52,018  WARN [main] txn.CompactionTxnHandler: No compaction queue record found for Compaction type transaction commit. txnId:9
2024-04-24T04:53:52,019  INFO [main] ql.TxnCommandsBaseForTests: Running the query: create table nonAcidOrcTbl2(a int, b int) clustered by (a) into 2 buckets stored as orc TBLPROPERTIES ('transactional'='false')
2024-04-24T04:53:52,020  INFO [main] ql.Driver: Compiling command(queryId=alex_20240424045352_6c1680ac-8306-4010-88d2-960b16cb25c6): create table nonAcidOrcTbl2(a int, b int) clustered by (a) into 2 buckets stored as orc TBLPROPERTIES ('transactional'='false')
2024-04-24T04:53:52,023  INFO [main] txn.TxnHandler: Added entries to MIN_HISTORY_LEVEL for current txns: ([10]) with min_open_txn: 1
2024-04-24T04:53:52,024  INFO [main] lockmgr.DbTxnManager: Opened txnid:10
2024-04-24T04:53:52,025  INFO [main] parse.CalcitePlanner: Starting caching scope for: 
2024-04-24T04:53:52,025  INFO [main] parse.CalcitePlanner: Starting Semantic Analysis
2024-04-24T04:53:52,028  INFO [main] parse.CalcitePlanner: Creating table default.nonAcidOrcTbl2 position=13
2024-04-24T04:53:52,028  INFO [main] HiveMetaStore.audit: ugi=alex	ip=unknown-ip-addr	cmd=get_database: default	
2024-04-24T04:53:52,031  INFO [main] parse.CalcitePlanner: Ending caching scope for: 
2024-04-24T04:53:52,031  INFO [main] ql.Driver: Semantic Analysis Completed (retrial = false)
2024-04-24T04:53:52,031  INFO [main] ql.Driver: Created Hive schema: Schema(fieldSchemas:null, properties:null)
2024-04-24T04:53:52,031  INFO [main] metadata.Hive: Dumping metastore api call timing information for : compilation phase
2024-04-24T04:53:52,031  INFO [main] metadata.Hive: Total time spent in each metastore function (ms): {getDatabase_(String)=3, isCompatibleWith_(Configuration)=0, getValidTxns_(long)=1, flushCache_()=0, commitTxn_(CommitTxnRequest)=14, openTxn_(String, TxnType)=3, getValidWriteIds_(List, String)=3}
2024-04-24T04:53:52,031  INFO [main] ql.Driver: Completed compiling command(queryId=alex_20240424045352_6c1680ac-8306-4010-88d2-960b16cb25c6); Time taken: 0.011 seconds
2024-04-24T04:53:52,031  INFO [main] lockmgr.DbTxnManager: Setting lock request transaction to txnid:10 for queryId=alex_20240424045352_6c1680ac-8306-4010-88d2-960b16cb25c6
2024-04-24T04:53:52,032  INFO [main] lockmgr.DbLockManager: Requesting lock for queryId=alex_20240424045352_6c1680ac-8306-4010-88d2-960b16cb25c6
2024-04-24T04:53:52,050  INFO [main] lockmgr.DbLockManager: Response to queryId=alex_20240424045352_6c1680ac-8306-4010-88d2-960b16cb25c6 LockResponse(lockid:4, state:ACQUIRED)
2024-04-24T04:53:52,050  INFO [main] ql.Driver: Operation CREATETABLE obtained 1 locks
2024-04-24T04:53:52,050  INFO [main] ql.Driver: Executing command(queryId=alex_20240424045352_6c1680ac-8306-4010-88d2-960b16cb25c6): create table nonAcidOrcTbl2(a int, b int) clustered by (a) into 2 buckets stored as orc TBLPROPERTIES ('transactional'='false')
2024-04-24T04:53:52,051  INFO [main] ql.Driver: Starting task [Stage-0:DDL] in serial mode
2024-04-24T04:53:52,052  INFO [main] HiveMetaStore.audit: ugi=alex	ip=unknown-ip-addr	cmd=create_table_req: Table(tableName:nonAcidOrcTbl2, dbName:default, owner:alex, createTime:1713959632, lastAccessTime:0, retention:0, sd:StorageDescriptor(cols:[FieldSchema(name:a, type:int, comment:null), FieldSchema(name:b, type:int, comment:null)], location:null, inputFormat:org.apache.hadoop.hive.ql.io.orc.OrcInputFormat, outputFormat:org.apache.hadoop.hive.ql.io.orc.OrcOutputFormat, compressed:false, numBuckets:2, serdeInfo:SerDeInfo(name:null, serializationLib:org.apache.hadoop.hive.ql.io.orc.OrcSerde, parameters:{serialization.format=1}), bucketCols:[a], sortCols:[], parameters:{}, skewedInfo:SkewedInfo(skewedColNames:[], skewedColValues:[], skewedColValueLocationMaps:{}), storedAsSubDirectories:false), partitionKeys:[], parameters:{transactional=false, numRows=0, numFilesErasureCoded=0, bucketing_version=2, totalSize=0, rawDataSize=0, numFiles=0, COLUMN_STATS_ACCURATE={"BASIC_STATS":"true","COLUMN_STATS":{"a":"true","b":"true"}}}, viewOriginalText:null, viewExpandedText:null, tableType:MANAGED_TABLE, privileges:PrincipalPrivilegeSet(userPrivileges:{alex=[PrivilegeGrantInfo(privilege:INSERT, createTime:-1, grantor:alex, grantorType:USER, grantOption:true), PrivilegeGrantInfo(privilege:SELECT, createTime:-1, grantor:alex, grantorType:USER, grantOption:true), PrivilegeGrantInfo(privilege:UPDATE, createTime:-1, grantor:alex, grantorType:USER, grantOption:true), PrivilegeGrantInfo(privilege:DELETE, createTime:-1, grantor:alex, grantorType:USER, grantOption:true)]}, groupPrivileges:null, rolePrivileges:null), temporary:false, catName:hive, ownerType:USER)	
2024-04-24T04:53:52,059  INFO [main] utils.FileUtils: Creating directory if it doesn't exist: file:/home/alex/Repositories/hive/ql/target/tmp/org.apache.hadoop.hive.ql.TestTxnCommands3-1713959586346/warehouse/nonacidorctbl2
2024-04-24T04:53:52,080  INFO [main] metadata.Hive: Dumping metastore api call timing information for : execution phase
2024-04-24T04:53:52,080  INFO [main] metadata.Hive: Total time spent in each metastore function (ms): {isCompatibleWith_(Configuration)=0, createTable_(Table)=29}
2024-04-24T04:53:52,080  INFO [main] ql.Driver: Completed executing command(queryId=alex_20240424045352_6c1680ac-8306-4010-88d2-960b16cb25c6); Time taken: 0.03 seconds
2024-04-24T04:53:52,080  INFO [main] lockmgr.DbTxnManager: Stopped heartbeat for query: alex_20240424045352_6c1680ac-8306-4010-88d2-960b16cb25c6
2024-04-24T04:53:52,085  INFO [main] txn.TxnHandler: Expected to move at least one record from txn_components to completed_txn_components when committing txn! txnid:10
2024-04-24T04:53:52,093  INFO [main] txn.TxnHandler: Removed transactions: ([10]) from MIN_HISTORY_LEVEL
2024-04-24T04:53:52,093  WARN [main] txn.CompactionTxnHandler: No compaction queue record found for Compaction type transaction commit. txnId:10
2024-04-24T04:53:52,094  INFO [main] ql.TxnCommandsBaseForTests: Running the query: create temporary  table acidTbl2(a int, b int, c int) clustered by (c) into 2 buckets stored as orc TBLPROPERTIES ('transactional'='true')
2024-04-24T04:53:52,095  INFO [main] ql.Driver: Compiling command(queryId=alex_20240424045352_ebf8a282-4c10-4e6f-aee2-fd1e27804e15): create temporary  table acidTbl2(a int, b int, c int) clustered by (c) into 2 buckets stored as orc TBLPROPERTIES ('transactional'='true')
2024-04-24T04:53:52,098  INFO [main] txn.TxnHandler: Added entries to MIN_HISTORY_LEVEL for current txns: ([11]) with min_open_txn: 1
2024-04-24T04:53:52,099  INFO [main] lockmgr.DbTxnManager: Opened txnid:11
2024-04-24T04:53:52,099  INFO [main] parse.CalcitePlanner: Starting caching scope for: 
2024-04-24T04:53:52,100  INFO [main] parse.CalcitePlanner: Starting Semantic Analysis
2024-04-24T04:53:52,102  INFO [main] parse.CalcitePlanner: Creating table default.acidTbl2 position=24
2024-04-24T04:53:52,103  INFO [main] HiveMetaStore.audit: ugi=alex	ip=unknown-ip-addr	cmd=get_database: default	
2024-04-24T04:53:52,105  INFO [main] parse.CalcitePlanner: Ending caching scope for: 
2024-04-24T04:53:52,105  INFO [main] ql.Driver: Semantic Analysis Completed (retrial = false)
2024-04-24T04:53:52,106  INFO [main] ql.Driver: Created Hive schema: Schema(fieldSchemas:null, properties:null)
2024-04-24T04:53:52,106  INFO [main] metadata.Hive: Dumping metastore api call timing information for : compilation phase
2024-04-24T04:53:52,106  INFO [main] metadata.Hive: Total time spent in each metastore function (ms): {getValidTxns_(long)=0, commitTxn_(CommitTxnRequest)=14, isCompatibleWith_(Configuration)=1, getValidWriteIds_(List, String)=2, getDatabase_(String)=2, openTxn_(String, TxnType)=3, flushCache_()=0}
2024-04-24T04:53:52,106  INFO [main] ql.Driver: Completed compiling command(queryId=alex_20240424045352_ebf8a282-4c10-4e6f-aee2-fd1e27804e15); Time taken: 0.012 seconds
2024-04-24T04:53:52,106  INFO [main] lockmgr.DbTxnManager: Setting lock request transaction to txnid:11 for queryId=alex_20240424045352_ebf8a282-4c10-4e6f-aee2-fd1e27804e15
2024-04-24T04:53:52,106  INFO [main] lockmgr.DbLockManager: Requesting lock for queryId=alex_20240424045352_ebf8a282-4c10-4e6f-aee2-fd1e27804e15
2024-04-24T04:53:52,125  INFO [main] lockmgr.DbLockManager: Response to queryId=alex_20240424045352_ebf8a282-4c10-4e6f-aee2-fd1e27804e15 LockResponse(lockid:5, state:ACQUIRED)
2024-04-24T04:53:52,125  INFO [main] ql.Driver: Operation CREATETABLE obtained 1 locks
2024-04-24T04:53:52,126  INFO [main] ql.Driver: Executing command(queryId=alex_20240424045352_ebf8a282-4c10-4e6f-aee2-fd1e27804e15): create temporary  table acidTbl2(a int, b int, c int) clustered by (c) into 2 buckets stored as orc TBLPROPERTIES ('transactional'='true')
2024-04-24T04:53:52,127  INFO [main] ql.Driver: Starting task [Stage-0:DDL] in serial mode
2024-04-24T04:53:52,128  INFO [main] utils.FileUtils: Creating directory if it doesn't exist: file:/home/alex/Repositories/hive/ql/target/tmp/scratchdir/alex/d88110c6-f61e-4267-89ff-ff353a4bc5d2/_tmp_space.db/6499cc30-9e14-423d-9b38-66f41192331b
2024-04-24T04:53:52,131  INFO [main] metadata.Hive: Dumping metastore api call timing information for : execution phase
2024-04-24T04:53:52,131  INFO [main] metadata.Hive: Total time spent in each metastore function (ms): {isCompatibleWith_(Configuration)=0, createTable_(Table)=3}
2024-04-24T04:53:52,132  INFO [main] ql.Driver: Completed executing command(queryId=alex_20240424045352_ebf8a282-4c10-4e6f-aee2-fd1e27804e15); Time taken: 0.005 seconds
2024-04-24T04:53:52,132  INFO [main] lockmgr.DbTxnManager: Stopped heartbeat for query: alex_20240424045352_ebf8a282-4c10-4e6f-aee2-fd1e27804e15
2024-04-24T04:53:52,137  INFO [main] txn.TxnHandler: Expected to move at least one record from txn_components to completed_txn_components when committing txn! txnid:11
2024-04-24T04:53:52,145  INFO [main] txn.TxnHandler: Removed transactions: ([11]) from MIN_HISTORY_LEVEL
2024-04-24T04:53:52,145  WARN [main] txn.CompactionTxnHandler: No compaction queue record found for Compaction type transaction commit. txnId:11
2024-04-24T04:53:52,146  INFO [main] ql.TxnCommandsBaseForTests: Running the query: create table nonAcidNonBucket(a int, b int) stored as orc TBLPROPERTIES ('transactional'='false')
2024-04-24T04:53:52,146  INFO [main] ql.Driver: Compiling command(queryId=alex_20240424045352_b42fde4f-24ca-468a-917c-128c359332ed): create table nonAcidNonBucket(a int, b int) stored as orc TBLPROPERTIES ('transactional'='false')
2024-04-24T04:53:52,150  INFO [main] txn.TxnHandler: Added entries to MIN_HISTORY_LEVEL for current txns: ([12]) with min_open_txn: 1
2024-04-24T04:53:52,150  INFO [main] lockmgr.DbTxnManager: Opened txnid:12
2024-04-24T04:53:52,151  INFO [main] parse.CalcitePlanner: Starting caching scope for: 
2024-04-24T04:53:52,151  INFO [main] parse.CalcitePlanner: Starting Semantic Analysis
2024-04-24T04:53:52,155  INFO [main] parse.CalcitePlanner: Creating table default.nonAcidNonBucket position=13
2024-04-24T04:53:52,155  INFO [main] HiveMetaStore.audit: ugi=alex	ip=unknown-ip-addr	cmd=get_database: default	
2024-04-24T04:53:52,158  INFO [main] parse.CalcitePlanner: Ending caching scope for: 
2024-04-24T04:53:52,158  INFO [main] ql.Driver: Semantic Analysis Completed (retrial = false)
2024-04-24T04:53:52,158  INFO [main] ql.Driver: Created Hive schema: Schema(fieldSchemas:null, properties:null)
2024-04-24T04:53:52,158  INFO [main] metadata.Hive: Dumping metastore api call timing information for : compilation phase
2024-04-24T04:53:52,158  INFO [main] metadata.Hive: Total time spent in each metastore function (ms): {getValidTxns_(long)=1, getDatabase_(String)=3, flushCache_()=0, getValidWriteIds_(List, String)=4, commitTxn_(CommitTxnRequest)=14, openTxn_(String, TxnType)=3, isCompatibleWith_(Configuration)=0}
2024-04-24T04:53:52,158  INFO [main] ql.Driver: Completed compiling command(queryId=alex_20240424045352_b42fde4f-24ca-468a-917c-128c359332ed); Time taken: 0.012 seconds
2024-04-24T04:53:52,158  INFO [main] lockmgr.DbTxnManager: Setting lock request transaction to txnid:12 for queryId=alex_20240424045352_b42fde4f-24ca-468a-917c-128c359332ed
2024-04-24T04:53:52,159  INFO [main] lockmgr.DbLockManager: Requesting lock for queryId=alex_20240424045352_b42fde4f-24ca-468a-917c-128c359332ed
2024-04-24T04:53:52,178  INFO [main] lockmgr.DbLockManager: Response to queryId=alex_20240424045352_b42fde4f-24ca-468a-917c-128c359332ed LockResponse(lockid:6, state:ACQUIRED)
2024-04-24T04:53:52,178  INFO [main] ql.Driver: Operation CREATETABLE obtained 1 locks
2024-04-24T04:53:52,178  INFO [main] ql.Driver: Executing command(queryId=alex_20240424045352_b42fde4f-24ca-468a-917c-128c359332ed): create table nonAcidNonBucket(a int, b int) stored as orc TBLPROPERTIES ('transactional'='false')
2024-04-24T04:53:52,178  INFO [main] ql.Driver: Starting task [Stage-0:DDL] in serial mode
2024-04-24T04:53:52,180  INFO [main] HiveMetaStore.audit: ugi=alex	ip=unknown-ip-addr	cmd=create_table_req: Table(tableName:nonAcidNonBucket, dbName:default, owner:alex, createTime:1713959632, lastAccessTime:0, retention:0, sd:StorageDescriptor(cols:[FieldSchema(name:a, type:int, comment:null), FieldSchema(name:b, type:int, comment:null)], location:null, inputFormat:org.apache.hadoop.hive.ql.io.orc.OrcInputFormat, outputFormat:org.apache.hadoop.hive.ql.io.orc.OrcOutputFormat, compressed:false, numBuckets:-1, serdeInfo:SerDeInfo(name:null, serializationLib:org.apache.hadoop.hive.ql.io.orc.OrcSerde, parameters:{serialization.format=1}), bucketCols:[], sortCols:[], parameters:{}, skewedInfo:SkewedInfo(skewedColNames:[], skewedColValues:[], skewedColValueLocationMaps:{}), storedAsSubDirectories:false), partitionKeys:[], parameters:{rawDataSize=0, numRows=0, COLUMN_STATS_ACCURATE={"BASIC_STATS":"true","COLUMN_STATS":{"a":"true","b":"true"}}, totalSize=0, numFilesErasureCoded=0, bucketing_version=2, transactional=false, numFiles=0}, viewOriginalText:null, viewExpandedText:null, tableType:MANAGED_TABLE, privileges:PrincipalPrivilegeSet(userPrivileges:{alex=[PrivilegeGrantInfo(privilege:INSERT, createTime:-1, grantor:alex, grantorType:USER, grantOption:true), PrivilegeGrantInfo(privilege:SELECT, createTime:-1, grantor:alex, grantorType:USER, grantOption:true), PrivilegeGrantInfo(privilege:UPDATE, createTime:-1, grantor:alex, grantorType:USER, grantOption:true), PrivilegeGrantInfo(privilege:DELETE, createTime:-1, grantor:alex, grantorType:USER, grantOption:true)]}, groupPrivileges:null, rolePrivileges:null), temporary:false, catName:hive, ownerType:USER)	
2024-04-24T04:53:52,187  INFO [main] utils.FileUtils: Creating directory if it doesn't exist: file:/home/alex/Repositories/hive/ql/target/tmp/org.apache.hadoop.hive.ql.TestTxnCommands3-1713959586346/warehouse/nonacidnonbucket
2024-04-24T04:53:52,209  INFO [main] metadata.Hive: Dumping metastore api call timing information for : execution phase
2024-04-24T04:53:52,209  INFO [main] metadata.Hive: Total time spent in each metastore function (ms): {isCompatibleWith_(Configuration)=0, createTable_(Table)=30}
2024-04-24T04:53:52,209  INFO [main] ql.Driver: Completed executing command(queryId=alex_20240424045352_b42fde4f-24ca-468a-917c-128c359332ed); Time taken: 0.031 seconds
2024-04-24T04:53:52,209  INFO [main] lockmgr.DbTxnManager: Stopped heartbeat for query: alex_20240424045352_b42fde4f-24ca-468a-917c-128c359332ed
2024-04-24T04:53:52,214  INFO [main] txn.TxnHandler: Expected to move at least one record from txn_components to completed_txn_components when committing txn! txnid:12
2024-04-24T04:53:52,222  INFO [main] txn.TxnHandler: Removed transactions: ([12]) from MIN_HISTORY_LEVEL
2024-04-24T04:53:52,223  WARN [main] txn.CompactionTxnHandler: No compaction queue record found for Compaction type transaction commit. txnId:12
2024-04-24T04:53:52,224  INFO [main] ql.Driver: Compiling command(queryId=alex_20240424045352_99ee2319-194e-4396-8373-d7cb78a8ca82): drop table if exists T
2024-04-24T04:53:52,227  INFO [main] txn.TxnHandler: Added entries to MIN_HISTORY_LEVEL for current txns: ([13]) with min_open_txn: 1
2024-04-24T04:53:52,227  INFO [main] lockmgr.DbTxnManager: Opened txnid:13
2024-04-24T04:53:52,229  INFO [main] HiveMetaStore.audit: ugi=alex	ip=unknown-ip-addr	cmd=get_table : tbl=hive.default.T	
2024-04-24T04:53:52,254  INFO [main] metastore.HMSHandler: Skipping translation for processor with null
2024-04-24T04:53:52,254  INFO [main] ql.Driver: Semantic Analysis Completed (retrial = false)
2024-04-24T04:53:52,254  INFO [main] ql.Driver: Created Hive schema: Schema(fieldSchemas:null, properties:null)
2024-04-24T04:53:52,254  INFO [main] metadata.Hive: Dumping metastore api call timing information for : compilation phase
2024-04-24T04:53:52,254  INFO [main] metadata.Hive: Total time spent in each metastore function (ms): {getValidTxns_(long)=1, commitTxn_(CommitTxnRequest)=14, openTxn_(String, TxnType)=2, isCompatibleWith_(Configuration)=1, flushCache_()=0, getTable_(GetTableRequest)=26}
2024-04-24T04:53:52,254  INFO [main] ql.Driver: Completed compiling command(queryId=alex_20240424045352_99ee2319-194e-4396-8373-d7cb78a8ca82); Time taken: 0.03 seconds
2024-04-24T04:53:52,254  INFO [main] lockmgr.DbTxnManager: Setting lock request transaction to txnid:13 for queryId=alex_20240424045352_99ee2319-194e-4396-8373-d7cb78a8ca82
2024-04-24T04:53:52,255  INFO [main] lockmgr.DbLockManager: Requesting lock for queryId=alex_20240424045352_99ee2319-194e-4396-8373-d7cb78a8ca82
2024-04-24T04:53:52,275  INFO [main] lockmgr.DbLockManager: Response to queryId=alex_20240424045352_99ee2319-194e-4396-8373-d7cb78a8ca82 LockResponse(lockid:7, state:ACQUIRED)
2024-04-24T04:53:52,275  INFO [main] ql.Driver: Operation DROPTABLE obtained 1 locks
2024-04-24T04:53:52,275  INFO [main] ql.Driver: Executing command(queryId=alex_20240424045352_99ee2319-194e-4396-8373-d7cb78a8ca82): drop table if exists T
2024-04-24T04:53:52,275  INFO [main] ql.Driver: Starting task [Stage-0:DDL] in serial mode
2024-04-24T04:53:52,276  INFO [main] HiveMetaStore.audit: ugi=alex	ip=unknown-ip-addr	cmd=get_table : tbl=hive.default.T	
2024-04-24T04:53:52,284  INFO [main] metastore.HMSHandler: Skipping translation for processor with null
2024-04-24T04:53:52,285  INFO [main] HiveMetaStore.audit: ugi=alex	ip=unknown-ip-addr	cmd=get_table : tbl=hive.default.T	
2024-04-24T04:53:52,304  INFO [main] metastore.HMSHandler: Skipping translation for processor with null
2024-04-24T04:53:52,305  INFO [main] HiveMetaStore.audit: ugi=alex	ip=unknown-ip-addr	cmd=drop_table : tbl=hive.default.T	
2024-04-24T04:53:52,445  WARN [main] utils.FileUtils: File file:/home/alex/Repositories/hive/ql/target/tmp/org.apache.hadoop.hive.ql.TestTxnCommands3-1713959586346/warehouse/t does not exist; Force to delete it.
2024-04-24T04:53:52,445 ERROR [main] utils.FileUtils: Failed to delete file:/home/alex/Repositories/hive/ql/target/tmp/org.apache.hadoop.hive.ql.TestTxnCommands3-1713959586346/warehouse/t
2024-04-24T04:53:52,446  INFO [main] metadata.Hive: Dumping metastore api call timing information for : execution phase
2024-04-24T04:53:52,446  INFO [main] metadata.Hive: Total time spent in each metastore function (ms): {dropTable_(String, String, boolean, boolean, boolean)=161, getTable_(GetTableRequest)=10, isCompatibleWith_(Configuration)=0}
2024-04-24T04:53:52,446  INFO [main] ql.Driver: Completed executing command(queryId=alex_20240424045352_99ee2319-194e-4396-8373-d7cb78a8ca82); Time taken: 0.171 seconds
2024-04-24T04:53:52,446  INFO [main] lockmgr.DbTxnManager: Stopped heartbeat for query: alex_20240424045352_99ee2319-194e-4396-8373-d7cb78a8ca82
2024-04-24T04:53:52,451  INFO [main] txn.TxnHandler: Expected to move at least one record from txn_components to completed_txn_components when committing txn! txnid:13
2024-04-24T04:53:52,459  INFO [main] txn.TxnHandler: Removed transactions: ([13]) from MIN_HISTORY_LEVEL
2024-04-24T04:53:52,460  WARN [main] txn.CompactionTxnHandler: No compaction queue record found for Compaction type transaction commit. txnId:13
2024-04-24T04:53:52,461  INFO [main] ql.TxnCommandsBaseForTests: Running the query: create transactional table T(a int, b int) stored as orc
2024-04-24T04:53:52,461  INFO [main] ql.Driver: Compiling command(queryId=alex_20240424045352_d7dc4372-e859-4aa6-b879-e5434d70589f): create transactional table T(a int, b int) stored as orc
2024-04-24T04:53:52,465  INFO [main] txn.TxnHandler: Added entries to MIN_HISTORY_LEVEL for current txns: ([14]) with min_open_txn: 1
2024-04-24T04:53:52,465  INFO [main] lockmgr.DbTxnManager: Opened txnid:14
2024-04-24T04:53:52,466  INFO [main] parse.CalcitePlanner: Starting caching scope for: 
2024-04-24T04:53:52,466  INFO [main] parse.CalcitePlanner: Starting Semantic Analysis
2024-04-24T04:53:52,473  INFO [main] parse.CalcitePlanner: Creating table default.T position=27
2024-04-24T04:53:52,473  INFO [main] parse.CalcitePlanner: Automatically chose to make default.T acid.
2024-04-24T04:53:52,474  INFO [main] HiveMetaStore.audit: ugi=alex	ip=unknown-ip-addr	cmd=get_database: default	
2024-04-24T04:53:52,476  INFO [main] parse.CalcitePlanner: Ending caching scope for: 
2024-04-24T04:53:52,476  INFO [main] ql.Driver: Semantic Analysis Completed (retrial = false)
2024-04-24T04:53:52,476  INFO [main] ql.Driver: Created Hive schema: Schema(fieldSchemas:null, properties:null)
2024-04-24T04:53:52,476  INFO [main] metadata.Hive: Dumping metastore api call timing information for : compilation phase
2024-04-24T04:53:52,477  INFO [main] metadata.Hive: Total time spent in each metastore function (ms): {flushCache_()=0, isCompatibleWith_(Configuration)=1, getValidTxns_(long)=1, getValidWriteIds_(List, String)=7, openTxn_(String, TxnType)=3, getDatabase_(String)=3, commitTxn_(CommitTxnRequest)=13}
2024-04-24T04:53:52,477  INFO [main] ql.Driver: Completed compiling command(queryId=alex_20240424045352_d7dc4372-e859-4aa6-b879-e5434d70589f); Time taken: 0.015 seconds
2024-04-24T04:53:52,477  INFO [main] lockmgr.DbTxnManager: Setting lock request transaction to txnid:14 for queryId=alex_20240424045352_d7dc4372-e859-4aa6-b879-e5434d70589f
2024-04-24T04:53:52,477  INFO [main] lockmgr.DbLockManager: Requesting lock for queryId=alex_20240424045352_d7dc4372-e859-4aa6-b879-e5434d70589f
2024-04-24T04:53:52,496  INFO [main] lockmgr.DbLockManager: Response to queryId=alex_20240424045352_d7dc4372-e859-4aa6-b879-e5434d70589f LockResponse(lockid:8, state:ACQUIRED)
2024-04-24T04:53:52,496  INFO [main] ql.Driver: Operation CREATETABLE obtained 1 locks
2024-04-24T04:53:52,497  INFO [main] ql.Driver: Executing command(queryId=alex_20240424045352_d7dc4372-e859-4aa6-b879-e5434d70589f): create transactional table T(a int, b int) stored as orc
2024-04-24T04:53:52,498  INFO [main] ql.Driver: Starting task [Stage-0:DDL] in serial mode
2024-04-24T04:53:52,499  INFO [main] HiveMetaStore.audit: ugi=alex	ip=unknown-ip-addr	cmd=create_table_req: Table(tableName:T, dbName:default, owner:alex, createTime:1713959632, lastAccessTime:0, retention:0, sd:StorageDescriptor(cols:[FieldSchema(name:a, type:int, comment:null), FieldSchema(name:b, type:int, comment:null)], location:null, inputFormat:org.apache.hadoop.hive.ql.io.orc.OrcInputFormat, outputFormat:org.apache.hadoop.hive.ql.io.orc.OrcOutputFormat, compressed:false, numBuckets:-1, serdeInfo:SerDeInfo(name:null, serializationLib:org.apache.hadoop.hive.ql.io.orc.OrcSerde, parameters:{serialization.format=1}), bucketCols:[], sortCols:[], parameters:{}, skewedInfo:SkewedInfo(skewedColNames:[], skewedColValues:[], skewedColValueLocationMaps:{}), storedAsSubDirectories:false), partitionKeys:[], parameters:{COLUMN_STATS_ACCURATE={"BASIC_STATS":"true","COLUMN_STATS":{"a":"true","b":"true"}}, numFiles=0, numFilesErasureCoded=0, transactional_properties=default, rawDataSize=0, bucketing_version=2, numRows=0, totalSize=0, transactional=true}, viewOriginalText:null, viewExpandedText:null, tableType:MANAGED_TABLE, privileges:PrincipalPrivilegeSet(userPrivileges:{alex=[PrivilegeGrantInfo(privilege:INSERT, createTime:-1, grantor:alex, grantorType:USER, grantOption:true), PrivilegeGrantInfo(privilege:SELECT, createTime:-1, grantor:alex, grantorType:USER, grantOption:true), PrivilegeGrantInfo(privilege:UPDATE, createTime:-1, grantor:alex, grantorType:USER, grantOption:true), PrivilegeGrantInfo(privilege:DELETE, createTime:-1, grantor:alex, grantorType:USER, grantOption:true)]}, groupPrivileges:null, rolePrivileges:null), temporary:false, catName:hive, ownerType:USER, writeId:0)	
2024-04-24T04:53:52,506  INFO [main] utils.FileUtils: Creating directory if it doesn't exist: file:/home/alex/Repositories/hive/ql/target/tmp/org.apache.hadoop.hive.ql.TestTxnCommands3-1713959586346/warehouse/t
2024-04-24T04:53:52,548  INFO [main] metadata.Hive: Dumping metastore api call timing information for : execution phase
2024-04-24T04:53:52,549  INFO [main] metadata.Hive: Total time spent in each metastore function (ms): {createTable_(Table)=49, isCompatibleWith_(Configuration)=0}
2024-04-24T04:53:52,549  INFO [main] ql.Driver: Completed executing command(queryId=alex_20240424045352_d7dc4372-e859-4aa6-b879-e5434d70589f); Time taken: 0.051 seconds
2024-04-24T04:53:52,549  INFO [main] lockmgr.DbTxnManager: Stopped heartbeat for query: alex_20240424045352_d7dc4372-e859-4aa6-b879-e5434d70589f
2024-04-24T04:53:52,554  INFO [main] txn.TxnHandler: Expected to move at least one record from txn_components to completed_txn_components when committing txn! txnid:14
2024-04-24T04:53:52,562  INFO [main] txn.TxnHandler: Removed transactions: ([14]) from MIN_HISTORY_LEVEL
2024-04-24T04:53:52,562  WARN [main] txn.CompactionTxnHandler: No compaction queue record found for Compaction type transaction commit. txnId:14
2024-04-24T04:53:52,563  INFO [main] ql.TxnCommandsBaseForTests: Running the query: insert into T values(1,2),(4,5)
2024-04-24T04:53:52,564  INFO [main] ql.Driver: Compiling command(queryId=alex_20240424045352_456088a0-5441-4b4b-9b9b-e6bd1d96059f): insert into T values(1,2),(4,5)
2024-04-24T04:53:52,568  INFO [main] txn.TxnHandler: Added entries to MIN_HISTORY_LEVEL for current txns: ([15]) with min_open_txn: 2
2024-04-24T04:53:52,568  INFO [main] lockmgr.DbTxnManager: Opened txnid:15
2024-04-24T04:53:52,569  INFO [main] parse.CalcitePlanner: Starting caching scope for: 
2024-04-24T04:53:52,569  INFO [main] parse.CalcitePlanner: Starting Semantic Analysis
2024-04-24T04:53:52,575  INFO [main] HiveMetaStore.audit: ugi=alex	ip=unknown-ip-addr	cmd=get_table : tbl=hive.default.T	
2024-04-24T04:53:52,584  INFO [main] metastore.HMSHandler: Skipping translation for processor with null
2024-04-24T04:53:52,585  INFO [main] parse.CalcitePlanner: Completed phase 1 of Semantic Analysis
2024-04-24T04:53:52,585  INFO [main] parse.CalcitePlanner: Get metadata for source tables
2024-04-24T04:53:52,585  INFO [main] parse.CalcitePlanner: Get metadata for subqueries
2024-04-24T04:53:52,585  INFO [main] parse.CalcitePlanner: Get metadata for destination tables
2024-04-24T04:53:52,585  INFO [main] HiveMetaStore.audit: ugi=alex	ip=unknown-ip-addr	cmd=get_table : tbl=hive.default.T	
2024-04-24T04:53:52,595  INFO [main] metastore.HMSHandler: Skipping translation for processor with null
2024-04-24T04:53:52,595  INFO [main] parse.CalcitePlanner: Completed getting MetaData in Semantic Analysis
2024-04-24T04:53:52,595  INFO [main] parse.CalcitePlanner: Disabling LLAP IO encode as ETL query is detected
2024-04-24T04:53:52,622  INFO [main] HiveMetaStore.audit: ugi=alex	ip=unknown-ip-addr	cmd=get_all_table_constraints : tbl=hive._dummy_database._dummy_table	
2024-04-24T04:53:52,743  INFO [main] parse.CalcitePlanner: Get metadata for source tables
2024-04-24T04:53:52,743  INFO [main] parse.CalcitePlanner: Get metadata for subqueries
2024-04-24T04:53:52,743  INFO [main] parse.CalcitePlanner: Get metadata for source tables
2024-04-24T04:53:52,744  INFO [main] HiveMetaStore.audit: ugi=alex	ip=unknown-ip-addr	cmd=get_table : tbl=hive._dummy_database._dummy_table	
2024-04-24T04:53:52,748  INFO [main] parse.CalcitePlanner: Get metadata for subqueries
2024-04-24T04:53:52,748  INFO [main] parse.CalcitePlanner: Get metadata for destination tables
2024-04-24T04:53:52,748  INFO [main] parse.CalcitePlanner: Get metadata for destination tables
2024-04-24T04:53:52,748  INFO [main] HiveMetaStore.audit: ugi=alex	ip=unknown-ip-addr	cmd=get_table : tbl=hive.default.T	
2024-04-24T04:53:52,757  INFO [main] metastore.HMSHandler: Skipping translation for processor with null
2024-04-24T04:53:52,760  INFO [main] HiveMetaStore.audit: ugi=alex	ip=unknown-ip-addr	cmd=get_not_null_constraints : tbl=hive.default.t	
2024-04-24T04:53:52,762  INFO [main] HiveMetaStore.audit: ugi=alex	ip=unknown-ip-addr	cmd=get_check_constraints : tbl=hive.default.t	
2024-04-24T04:53:52,773  INFO [main] txn.TxnHandler: Allocated writeId: 1 for txnId: 15
2024-04-24T04:53:52,773  INFO [main] txn.TxnHandler: Allocated write ids for dbName=default, tblName=t (txnIds: [15])
2024-04-24T04:53:52,781  INFO [main] parse.CalcitePlanner: CBO Succeeded; optimized logical plan.
2024-04-24T04:53:52,785  INFO [main] optimizer.BucketVersionPopulator: not considering bucketingVersion for: TS[0] because it has -1<2 buckets 
2024-04-24T04:53:52,786  INFO [main] optimizer.SortedDynPartitionOptimizer: Sorted dynamic partitioning optimization kicked in..
2024-04-24T04:53:52,796  INFO [main] HiveMetaStore.audit: ugi=alex	ip=unknown-ip-addr	cmd=get_table : tbl=hive.default.t	
2024-04-24T04:53:52,805  INFO [main] metastore.HMSHandler: Skipping translation for processor with null
2024-04-24T04:53:52,807  INFO [main] physical.Vectorizer: Examining input format to see if vectorization is enabled.
2024-04-24T04:53:52,807  INFO [main] physical.Vectorizer: Map vectorization enabled: false
2024-04-24T04:53:52,807  INFO [main] physical.Vectorizer: Map vectorized: false
2024-04-24T04:53:52,807  INFO [main] physical.Vectorizer: Map vectorizedVertexNum: 0
2024-04-24T04:53:52,807  INFO [main] physical.Vectorizer: Map enabledConditionsMet: [hive.vectorized.use.vectorized.input.format IS true]
2024-04-24T04:53:52,807  INFO [main] physical.Vectorizer: Map enabledConditionsNotMet: [Could not enable vectorization due to partition column names size 1 is greater than the number of table column names size 0 IS false]
2024-04-24T04:53:52,807  INFO [main] physical.Vectorizer: Map inputFileFormatClassNameSet: [org.apache.hadoop.hive.ql.io.NullRowsInputFormat]
2024-04-24T04:53:52,807  INFO [main] parse.CalcitePlanner: Completed plan generation
2024-04-24T04:53:52,807  INFO [main] parse.CalcitePlanner: Ending caching scope for: 
2024-04-24T04:53:52,807  INFO [main] ql.Driver: Semantic Analysis Completed (retrial = false)
2024-04-24T04:53:52,807  INFO [main] ql.Driver: Created Hive schema: Schema(fieldSchemas:[FieldSchema(name:col1, type:int, comment:null), FieldSchema(name:col2, type:int, comment:null)], properties:null)
2024-04-24T04:53:52,808  INFO [main] metadata.Hive: Dumping metastore api call timing information for : compilation phase
2024-04-24T04:53:52,808  INFO [main] metadata.Hive: Total time spent in each metastore function (ms): {getAllTableConstraints_(AllTableConstraintsRequest)=38, getValidTxns_(long)=1, flushCache_()=0, getCheckConstraints_(CheckConstraintsRequest)=2, getNotNullConstraints_(NotNullConstraintsRequest)=2, commitTxn_(CommitTxnRequest)=14, isCompatibleWith_(Configuration)=1, getTable_(GetTableRequest)=40, allocateTableWriteId_(long, String, String)=16, openTxn_(String, TxnType)=3, getValidWriteIds_(List, String)=6}
2024-04-24T04:53:52,808  INFO [main] ql.Driver: Completed compiling command(queryId=alex_20240424045352_456088a0-5441-4b4b-9b9b-e6bd1d96059f); Time taken: 0.243 seconds
2024-04-24T04:53:52,808  INFO [main] lockmgr.DbTxnManager: Setting lock request transaction to txnid:15 for queryId=alex_20240424045352_456088a0-5441-4b4b-9b9b-e6bd1d96059f
2024-04-24T04:53:52,808  INFO [main] lockmgr.DbLockManager: Requesting lock for queryId=alex_20240424045352_456088a0-5441-4b4b-9b9b-e6bd1d96059f
2024-04-24T04:53:52,834  INFO [main] lockmgr.DbLockManager: Response to queryId=alex_20240424045352_456088a0-5441-4b4b-9b9b-e6bd1d96059f LockResponse(lockid:9, state:ACQUIRED)
2024-04-24T04:53:52,834  INFO [main] ql.Driver: Operation QUERY obtained 1 locks
2024-04-24T04:53:52,837  INFO [main] ql.Driver: Executing command(queryId=alex_20240424045352_456088a0-5441-4b4b-9b9b-e6bd1d96059f): insert into T values(1,2),(4,5)
2024-04-24T04:53:52,837  WARN [main] ql.Driver: Hive-on-MR is deprecated in Hive 2 and may not be available in the future versions. Consider using a different execution engine (i.e. tez, spark) or using Hive 1.X releases.
Query ID = alex_20240424045352_456088a0-5441-4b4b-9b9b-e6bd1d96059f
2024-04-24T04:53:52,837  INFO [main] ql.Driver: Query ID = alex_20240424045352_456088a0-5441-4b4b-9b9b-e6bd1d96059f
Total jobs = 1
2024-04-24T04:53:52,837  INFO [main] ql.Driver: Total jobs = 1
Launching Job 1 out of 1
2024-04-24T04:53:52,837  INFO [main] ql.Driver: Launching Job 1 out of 1
2024-04-24T04:53:52,981  INFO [main] ql.Driver: Starting task [Stage-1:MAPRED] in serial mode
Number of reduce tasks is set to 0 since there's no reduce operator
2024-04-24T04:53:52,981  INFO [main] exec.Task: Number of reduce tasks is set to 0 since there's no reduce operator
2024-04-24T04:53:52,983  INFO [main] mr.ExecDriver: Using org.apache.hadoop.hive.ql.io.HiveInputFormat
2024-04-24T04:53:52,983  INFO [main] exec.Utilities: Processing alias $hdt$_0:_dummy_table
2024-04-24T04:53:52,984  INFO [main] exec.Utilities: Adding 1 inputs; the first input is file:/home/alex/Repositories/hive/ql/target/tmp/localscratchdir/d88110c6-f61e-4267-89ff-ff353a4bc5d2/hive_2024-04-24_04-53-52_563_5682808696956391537-1/dummy_path
2024-04-24T04:53:52,994  INFO [main] exec.SerializationUtilities: Serializing MapWork using kryo
2024-04-24T04:53:52,999  INFO [main] exec.Utilities: Serialized plan (via FILE) - name: null size: 5,69KB
2024-04-24T04:53:53,000  WARN [main] impl.MetricsSystemImpl: JobTracker metrics system already initialized!
2024-04-24T04:53:53,005  INFO [main] fs.FSStatsPublisher: created : file:/home/alex/Repositories/hive/ql/target/tmp/localscratchdir/d88110c6-f61e-4267-89ff-ff353a4bc5d2/hive_2024-04-24_04-53-52_563_5682808696956391537-1/-mr-10000
2024-04-24T04:53:53,009  WARN [main] impl.MetricsSystemImpl: JobTracker metrics system already initialized!
2024-04-24T04:53:53,019  WARN [main] mapreduce.JobResourceUploader: Hadoop command-line option parsing not performed. Implement the Tool interface and execute your application with ToolRunner to remedy this.
2024-04-24T04:53:53,024  WARN [main] mapreduce.JobResourceUploader: No job jar file set.  User classes may not be found. See Job or Job#setJar(String).
2024-04-24T04:53:53,026  INFO [main] io.HiveInputFormat: hive.io.file.readcolumn.ids = 
2024-04-24T04:53:53,026  INFO [main] io.HiveInputFormat: hive.io.file.readcolumn.names = 
2024-04-24T04:53:53,026  INFO [main] io.HiveInputFormat: Generating splits for dirs: file:/home/alex/Repositories/hive/ql/target/tmp/localscratchdir/d88110c6-f61e-4267-89ff-ff353a4bc5d2/hive_2024-04-24_04-53-52_563_5682808696956391537-1/dummy_path
2024-04-24T04:53:53,026  INFO [main] io.HiveInputFormat: number of splits 1
2024-04-24T04:53:53,047  INFO [main] mapreduce.JobSubmitter: number of splits:1
2024-04-24T04:53:53,068  INFO [main] mapreduce.JobSubmitter: Submitting tokens for job: job_local856284212_0012
2024-04-24T04:53:53,068  INFO [main] mapreduce.JobSubmitter: Executing with tokens: []
2024-04-24T04:53:53,133  INFO [main] mapreduce.Job: The url to track the job: http://localhost:8080/
Job running in-process (local Hadoop)
2024-04-24T04:53:53,134  INFO [main] exec.Task: Job running in-process (local Hadoop)
2024-04-24T04:53:53,134  INFO [Thread-853] mapred.LocalJobRunner: OutputCommitter set in config org.apache.hadoop.hive.ql.io.HiveFileFormatUtils$NullOutputCommitter
2024-04-24T04:53:53,134  INFO [Thread-853] mapred.LocalJobRunner: OutputCommitter is org.apache.hadoop.hive.ql.io.HiveFileFormatUtils$NullOutputCommitter
2024-04-24T04:53:53,136  INFO [Thread-853] mapred.LocalJobRunner: Waiting for map tasks
2024-04-24T04:53:53,136  INFO [LocalJobRunner Map Task Executor #0] mapred.LocalJobRunner: Starting task: attempt_local856284212_0012_m_000000_0
2024-04-24T04:53:53,140  INFO [LocalJobRunner Map Task Executor #0] mapred.Task:  Using ResourceCalculatorProcessTree : [ ]
2024-04-24T04:53:53,141  INFO [LocalJobRunner Map Task Executor #0] mapred.MapTask: Processing split: org.apache.hadoop.hive.ql.io.NullRowsInputFormat:file:/home/alex/Repositories/hive/ql/target/tmp/localscratchdir/d88110c6-f61e-4267-89ff-ff353a4bc5d2/hive_2024-04-24_04-53-52_563_5682808696956391537-1/dummy_path/null:0+1
2024-04-24T04:53:53,144  INFO [LocalJobRunner Map Task Executor #0] exec.SerializationUtilities: Deserializing MapWork using kryo
2024-04-24T04:53:53,146  INFO [LocalJobRunner Map Task Executor #0] exec.Utilities: Deserialized plan (via FILE) - name: null size: 5,69KB
2024-04-24T04:53:53,147  INFO [LocalJobRunner Map Task Executor #0] mapred.MapTask: numReduceTasks: 0
2024-04-24T04:53:53,150  INFO [LocalJobRunner Map Task Executor #0] exec.MapOperator: Initializing Operator: MAP[0]
2024-04-24T04:53:53,150  INFO [LocalJobRunner Map Task Executor #0] mr.ExecMapper: 
<MAP>Id =0
  <Children>null
  <\Children>
  <Parent><\Parent>
<\MAP>
2024-04-24T04:53:53,151  INFO [LocalJobRunner Map Task Executor #0] exec.TableScanOperator: Initializing Operator: TS[0]
2024-04-24T04:53:53,151  INFO [LocalJobRunner Map Task Executor #0] exec.SelectOperator: Initializing Operator: SEL[1]
2024-04-24T04:53:53,151  INFO [LocalJobRunner Map Task Executor #0] exec.SelectOperator: SELECT null
2024-04-24T04:53:53,152  INFO [LocalJobRunner Map Task Executor #0] exec.UDTFOperator: Initializing Operator: UDTF[2]
2024-04-24T04:53:53,152  INFO [LocalJobRunner Map Task Executor #0] exec.SelectOperator: Initializing Operator: SEL[3]
2024-04-24T04:53:53,152  INFO [LocalJobRunner Map Task Executor #0] exec.SelectOperator: SELECT struct<col1:int,col2:int>
2024-04-24T04:53:53,152  INFO [LocalJobRunner Map Task Executor #0] exec.FileSinkOperator: Initializing Operator: FS[4]
2024-04-24T04:53:53,152  INFO [LocalJobRunner Map Task Executor #0] exec.FileSinkOperator: Using serializer : AbstractSerDe [log=org.apache.logging.slf4j.Log4jLogger@38b5dff2, configuration=Optional[Configuration: core-default.xml, core-site.xml, mapred-default.xml, mapred-site.xml, yarn-default.xml, yarn-site.xml, hdfs-default.xml, hdfs-site.xml, file:/home/alex/Repositories/hive/ql/target/tmp/TestTxnCommands3/mapred/local/localRunner/alex/job_local856284212_0012/job_local856284212_0012.xml], properties={transactional_properties=default, name=default.t, transactional=true, columns.types=int:int, columns=a,b, numFilesErasureCoded=0, columns.comments=&amp#0;, bucketing_version=2, serialization.lib=org.apache.hadoop.hive.ql.io.orc.OrcSerde, file.inputformat=org.apache.hadoop.hive.ql.io.orc.OrcInputFormat, file.outputformat=org.apache.hadoop.hive.ql.io.orc.OrcOutputFormat, location=file:/home/alex/Repositories/hive/ql/target/tmp/org.apache.hadoop.hive.ql.TestTxnCommands3-1713959586346/warehouse/t, column.name.delimiter=,}, tableProperties={transactional_properties=default, name=default.t, transactional=true, columns.types=int:int, columns=a,b, numFilesErasureCoded=0, columns.comments=&amp#0;, bucketing_version=2, serialization.lib=org.apache.hadoop.hive.ql.io.orc.OrcSerde, file.inputformat=org.apache.hadoop.hive.ql.io.orc.OrcInputFormat, location=file:/home/alex/Repositories/hive/ql/target/tmp/org.apache.hadoop.hive.ql.TestTxnCommands3-1713959586346/warehouse/t, file.outputformat=org.apache.hadoop.hive.ql.io.orc.OrcOutputFormat, column.name.delimiter=,}, partitionProperties=Optional.empty, columnNames=[a, b], columnTypes=[int, int], getClass()=class org.apache.hadoop.hive.ql.io.orc.OrcSerde] and formatter : org.apache.hadoop.hive.ql.io.orc.OrcOutputFormat@7c4ba359
2024-04-24T04:53:53,153  INFO [LocalJobRunner Map Task Executor #0] exec.FileSinkOperator: Final Path: FS file:/home/alex/Repositories/hive/ql/target/tmp/org.apache.hadoop.hive.ql.TestTxnCommands3-1713959586346/warehouse/t
2024-04-24T04:53:53,153  INFO [LocalJobRunner Map Task Executor #0] exec.FileSinkOperator: New Final Path: FS file:/home/alex/Repositories/hive/ql/target/tmp/org.apache.hadoop.hive.ql.TestTxnCommands3-1713959586346/warehouse/t
2024-04-24T04:53:53,153  INFO [LocalJobRunner Map Task Executor #0] common.FileUtils: Creating directory if it doesn't exist: file:/home/alex/Repositories/hive/ql/target/tmp/org.apache.hadoop.hive.ql.TestTxnCommands3-1713959586346/warehouse
2024-04-24T04:53:53,156  INFO [LocalJobRunner Map Task Executor #0] exec.FileSinkOperator: FS[4]: records written - 1
2024-04-24T04:53:53,156  INFO [LocalJobRunner Map Task Executor #0] impl.PhysicalFsWriter: ORC writer created for path: file:/home/alex/Repositories/hive/ql/target/tmp/org.apache.hadoop.hive.ql.TestTxnCommands3-1713959586346/warehouse/t/delta_0000001_0000001_0000/bucket_00000_0 with stripeSize: 8388608 blockSize: 268435456 compression: Compress: ZLIB buffer: 32768
2024-04-24T04:53:53,164  INFO [LocalJobRunner Map Task Executor #0] impl.WriterImpl: ORC writer created for path: file:/home/alex/Repositories/hive/ql/target/tmp/org.apache.hadoop.hive.ql.TestTxnCommands3-1713959586346/warehouse/t/delta_0000001_0000001_0000/bucket_00000_0 with stripeSize: 8388608 options: Compress: ZLIB buffer: 32768
2024-04-24T04:53:53,169  INFO [LocalJobRunner Map Task Executor #0] exec.MapOperator: MAP[0]: records read - 1
2024-04-24T04:53:53,170  INFO [LocalJobRunner Map Task Executor #0] exec.MapOperator: Closing Operator: MAP[0]
2024-04-24T04:53:53,170  INFO [LocalJobRunner Map Task Executor #0] exec.MapOperator: MAP[0]: Total records read - 3. abort - false
2024-04-24T04:53:53,170  INFO [LocalJobRunner Map Task Executor #0] exec.MapOperator: RECORDS_OUT_OPERATOR_MAP_0:0, DESERIALIZE_ERRORS:0, RECORDS_IN:3, RECORDS_OUT_INTERMEDIATE:0, 
2024-04-24T04:53:53,170  INFO [LocalJobRunner Map Task Executor #0] exec.TableScanOperator: Closing Operator: TS[0]
2024-04-24T04:53:53,170  INFO [LocalJobRunner Map Task Executor #0] exec.TableScanOperator: RECORDS_OUT_INTERMEDIATE:0, RECORDS_OUT_OPERATOR_TS_0:1, 
2024-04-24T04:53:53,170  INFO [LocalJobRunner Map Task Executor #0] exec.SelectOperator: Closing Operator: SEL[1]
2024-04-24T04:53:53,170  INFO [LocalJobRunner Map Task Executor #0] exec.SelectOperator: RECORDS_OUT_INTERMEDIATE:0, RECORDS_OUT_OPERATOR_SEL_1:1, 
2024-04-24T04:53:53,170  INFO [LocalJobRunner Map Task Executor #0] exec.UDTFOperator: Closing Operator: UDTF[2]
2024-04-24T04:53:53,170  INFO [LocalJobRunner Map Task Executor #0] exec.UDTFOperator: RECORDS_OUT_INTERMEDIATE:0, RECORDS_OUT_OPERATOR_UDTF_2:2, 
2024-04-24T04:53:53,170  INFO [LocalJobRunner Map Task Executor #0] exec.SelectOperator: Closing Operator: SEL[3]
2024-04-24T04:53:53,170  INFO [LocalJobRunner Map Task Executor #0] exec.SelectOperator: RECORDS_OUT_OPERATOR_SEL_3:2, RECORDS_OUT_INTERMEDIATE:0, 
2024-04-24T04:53:53,170  INFO [LocalJobRunner Map Task Executor #0] exec.FileSinkOperator: Closing Operator: FS[4]
2024-04-24T04:53:53,170  INFO [LocalJobRunner Map Task Executor #0] exec.FileSinkOperator: FS[4]: records written - 2
2024-04-24T04:53:53,174  INFO [LocalJobRunner Map Task Executor #0] FileOperations: Writing manifest to file:/home/alex/Repositories/hive/ql/target/tmp/org.apache.hadoop.hive.ql.TestTxnCommands3-1713959586346/warehouse/t/_tmp.delta_0000001_0000001_0000/000000_0.manifest with [file:/home/alex/Repositories/hive/ql/target/tmp/org.apache.hadoop.hive.ql.TestTxnCommands3-1713959586346/warehouse/t/delta_0000001_0000001_0000/bucket_00000_0]
2024-04-24T04:53:53,187  INFO [LocalJobRunner Map Task Executor #0] exec.FileSinkOperator: TOTAL_TABLE_ROWS_WRITTEN:2, RECORDS_OUT_OPERATOR_FS_4:2, RECORDS_OUT_INTERMEDIATE:0, RECORDS_OUT_1_default.t:2, 
2024-04-24T04:53:53,188  INFO [LocalJobRunner Map Task Executor #0] mapred.LocalJobRunner: 
2024-04-24T04:53:53,191  INFO [LocalJobRunner Map Task Executor #0] mapred.Task: Task:attempt_local856284212_0012_m_000000_0 is done. And is in the process of committing
2024-04-24T04:53:53,192  INFO [LocalJobRunner Map Task Executor #0] mapred.LocalJobRunner: map
2024-04-24T04:53:53,192  INFO [LocalJobRunner Map Task Executor #0] mapred.Task: Task 'attempt_local856284212_0012_m_000000_0' done.
2024-04-24T04:53:53,192  INFO [LocalJobRunner Map Task Executor #0] mapred.Task: Final Counters for attempt_local856284212_0012_m_000000_0: Counters: 27
	File System Counters
		FILE: Number of bytes read=219455
		FILE: Number of bytes written=14136747
		FILE: Number of read operations=0
		FILE: Number of large read operations=0
		FILE: Number of write operations=0
	Map-Reduce Framework
		Map input records=4
		Map output records=0
		Input split bytes=361
		Spilled Records=0
		Failed Shuffles=0
		Merged Map outputs=0
		GC time elapsed (ms)=0
		Total committed heap usage (bytes)=1130889216
	HIVE
		CREATED_FILES=1
		DESERIALIZE_ERRORS=0
		RECORDS_IN=3
		RECORDS_OUT_1_default.t=2
		RECORDS_OUT_INTERMEDIATE=0
		RECORDS_OUT_OPERATOR_FS_4=2
		RECORDS_OUT_OPERATOR_MAP_0=0
		RECORDS_OUT_OPERATOR_SEL_1=1
		RECORDS_OUT_OPERATOR_SEL_3=2
		RECORDS_OUT_OPERATOR_TS_0=1
		RECORDS_OUT_OPERATOR_UDTF_2=2
		TOTAL_TABLE_ROWS_WRITTEN=2
	File Input Format Counters 
		Bytes Read=5750
	File Output Format Counters 
		Bytes Written=0
2024-04-24T04:53:53,192  INFO [LocalJobRunner Map Task Executor #0] mapred.LocalJobRunner: Finishing task: attempt_local856284212_0012_m_000000_0
2024-04-24T04:53:53,192  INFO [Thread-853] mapred.LocalJobRunner: map task executor complete.
2024-04-24 04:53:54,138 Stage-1 map = 100%,  reduce = 0%
2024-04-24T04:53:54,138  INFO [main] exec.Task: 2024-04-24 04:53:54,138 Stage-1 map = 100%,  reduce = 0%
Ended Job = job_local856284212_0012
2024-04-24T04:53:54,140  INFO [main] exec.Task: Ended Job = job_local856284212_0012
2024-04-24T04:53:54,141  INFO [main] FileOperations: Found manifest file file:/home/alex/Repositories/hive/ql/target/tmp/org.apache.hadoop.hive.ql.TestTxnCommands3-1713959586346/warehouse/t/_tmp.delta_0000001_0000001_0000/000000_0.manifest with attemptId 0.
2024-04-24T04:53:54,141  INFO [main] FileOperations: Looking at manifest file: file:/home/alex/Repositories/hive/ql/target/tmp/org.apache.hadoop.hive.ql.TestTxnCommands3-1713959586346/warehouse/t/_tmp.delta_0000001_0000001_0000/000000_0.manifest
2024-04-24T04:53:54,142  INFO [main] FileOperations: Deleting manifest directory file:/home/alex/Repositories/hive/ql/target/tmp/org.apache.hadoop.hive.ql.TestTxnCommands3-1713959586346/warehouse/t/_tmp.delta_0000001_0000001_0000
2024-04-24T04:53:54,143  INFO [main] ql.Driver: Starting task [Stage-0:MOVE] in serial mode
Loading data to table default.t
2024-04-24T04:53:54,143  INFO [main] exec.Task: Loading data to table default.t from file:/home/alex/Repositories/hive/ql/target/tmp/org.apache.hadoop.hive.ql.TestTxnCommands3-1713959586346/warehouse/t
2024-04-24T04:53:54,143  INFO [main] HiveMetaStore.audit: ugi=alex	ip=unknown-ip-addr	cmd=get_table : tbl=hive.default.t	
2024-04-24T04:53:54,152  INFO [main] metastore.HMSHandler: Skipping translation for processor with null
2024-04-24T04:53:54,153  INFO [main] HiveMetaStore.audit: ugi=alex	ip=unknown-ip-addr	cmd=get_table : tbl=hive.default.t	
2024-04-24T04:53:54,162  INFO [main] metastore.HMSHandler: Skipping translation for processor with null
2024-04-24T04:53:54,163  INFO [main] HiveMetaStore.audit: ugi=alex	ip=unknown-ip-addr	cmd=alter_table: hive.default.t newtbl=t	
2024-04-24T04:53:54,196  INFO [main] ql.Driver: Starting task [Stage-2:STATS] in serial mode
2024-04-24T04:53:54,197  INFO [main] HiveMetaStore.audit: ugi=alex	ip=unknown-ip-addr	cmd=get_table : tbl=hive.default.t	
2024-04-24T04:53:54,205  INFO [main] metastore.HMSHandler: Skipping translation for processor with null
2024-04-24T04:53:54,206  INFO [main] stats.BasicStatsTask: Executing stats task
2024-04-24T04:53:54,206  INFO [main] fs.FSStatsPublisher: created : file:/home/alex/Repositories/hive/ql/target/tmp/localscratchdir/d88110c6-f61e-4267-89ff-ff353a4bc5d2/hive_2024-04-24_04-53-52_563_5682808696956391537-1/-mr-10000
2024-04-24T04:53:54,208  INFO [main] HiveMetaStore.audit: ugi=alex	ip=unknown-ip-addr	cmd=get_table : tbl=hive.default.t	
2024-04-24T04:53:54,217  INFO [main] metastore.HMSHandler: Skipping translation for processor with null
2024-04-24T04:53:54,228  WARN [main] FileOperations: Computing stats for an ACID table; stats may be inaccurate
2024-04-24T04:53:54,228  INFO [main] FileOperations: Read stats for default.t/, numRows, true, 2, false: 
2024-04-24T04:53:54,228  INFO [main] FileOperations: Read stats for default.t/, rawDataSize, true, 0, false: 
2024-04-24T04:53:54,229  INFO [main] HiveMetaStore.audit: ugi=alex	ip=unknown-ip-addr	cmd=alter_table: hive.default.t newtbl=t	
2024-04-24T04:53:54,261  INFO [main] FileOperations: Read stats for default.t/, insertCount, true, 2, false: 
2024-04-24T04:53:54,261  INFO [main] FileOperations: Read stats for default.t/, updateCount, true, 0, false: 
2024-04-24T04:53:54,261  INFO [main] FileOperations: Read stats for default.t/, deleteCount, true, 0, false: 
2024-04-24T04:53:54,264  INFO [main] stats.BasicStatsTask: Table default.t stats: [numFiles=1, numRows=2, totalSize=687, rawDataSize=0, numFilesErasureCoded=0]
2024-04-24T04:53:54,264  INFO [main] metadata.Hive: Dumping metastore api call timing information for : execution phase
2024-04-24T04:53:54,265  INFO [main] metadata.Hive: Total time spent in each metastore function (ms): {alter_table_(String, String, String, Table, EnvironmentContext, String)=65, isCompatibleWith_(Configuration)=0, getTable_(GetTableRequest)=40, updateTransactionalStatistics_(UpdateTransactionalStatsRequest)=3}
MapReduce Jobs Launched: 
2024-04-24T04:53:54,265  INFO [main] ql.Driver: MapReduce Jobs Launched: 
Stage-Stage-1:  HDFS Read: 0 HDFS Write: 0 SUCCESS
2024-04-24T04:53:54,265  INFO [main] ql.Driver: Stage-Stage-1:  HDFS Read: 0 HDFS Write: 0 SUCCESS
Total MapReduce CPU Time Spent: 0 msec
2024-04-24T04:53:54,265  INFO [main] ql.Driver: Total MapReduce CPU Time Spent: 0 msec
2024-04-24T04:53:54,265  INFO [main] ql.Driver: Completed executing command(queryId=alex_20240424045352_456088a0-5441-4b4b-9b9b-e6bd1d96059f); Time taken: 1.427 seconds
2024-04-24T04:53:54,265  INFO [main] lockmgr.DbTxnManager: Stopped heartbeat for query: alex_20240424045352_456088a0-5441-4b4b-9b9b-e6bd1d96059f
2024-04-24T04:53:54,277  INFO [main] txn.TxnHandler: Removed transactions: ([15]) from MIN_HISTORY_LEVEL
2024-04-24T04:53:54,277  WARN [main] txn.CompactionTxnHandler: No compaction queue record found for Compaction type transaction commit. txnId:15
2024-04-24T04:53:54,278  INFO [main] ql.TxnCommandsBaseForTests: Running the query: insert into T values(4,6),(1,3)
2024-04-24T04:53:54,278  INFO [main] ql.Context: Deleting scratch dir: file:/home/alex/Repositories/hive/ql/target/tmp/localscratchdir/d88110c6-f61e-4267-89ff-ff353a4bc5d2/hive_2024-04-24_04-53-52_563_5682808696956391537-1
2024-04-24T04:53:54,279  INFO [main] cleanup.SyncCleanupService: Deleted directory: file:/home/alex/Repositories/hive/ql/target/tmp/localscratchdir/d88110c6-f61e-4267-89ff-ff353a4bc5d2/hive_2024-04-24_04-53-52_563_5682808696956391537-1 on fs with scheme file
2024-04-24T04:53:54,279  INFO [main] ql.Driver: Compiling command(queryId=alex_20240424045354_735792f4-4bb6-40d1-bc1b-c1ce9951ce58): insert into T values(4,6),(1,3)
2024-04-24T04:53:54,284  INFO [main] txn.TxnHandler: Added entries to MIN_HISTORY_LEVEL for current txns: ([16]) with min_open_txn: 16
2024-04-24T04:53:54,284  INFO [main] lockmgr.DbTxnManager: Opened txnid:16
2024-04-24T04:53:54,286  INFO [main] parse.CalcitePlanner: Starting caching scope for: 
2024-04-24T04:53:54,286  INFO [main] parse.CalcitePlanner: Starting Semantic Analysis
2024-04-24T04:53:54,290  INFO [main] HiveMetaStore.audit: ugi=alex	ip=unknown-ip-addr	cmd=get_table : tbl=hive.default.T	
2024-04-24T04:53:54,299  INFO [main] metastore.HMSHandler: Skipping translation for processor with null
2024-04-24T04:53:54,299  INFO [main] parse.CalcitePlanner: Completed phase 1 of Semantic Analysis
2024-04-24T04:53:54,300  INFO [main] parse.CalcitePlanner: Get metadata for source tables
2024-04-24T04:53:54,300  INFO [main] parse.CalcitePlanner: Get metadata for subqueries
2024-04-24T04:53:54,300  INFO [main] parse.CalcitePlanner: Get metadata for destination tables
2024-04-24T04:53:54,300  INFO [main] HiveMetaStore.audit: ugi=alex	ip=unknown-ip-addr	cmd=get_table : tbl=hive.default.T	
2024-04-24T04:53:54,309  INFO [main] metastore.HMSHandler: Skipping translation for processor with null
2024-04-24T04:53:54,309  INFO [main] parse.CalcitePlanner: Completed getting MetaData in Semantic Analysis
2024-04-24T04:53:54,309  INFO [main] parse.CalcitePlanner: Disabling LLAP IO encode as ETL query is detected
2024-04-24T04:53:54,332  INFO [main] HiveMetaStore.audit: ugi=alex	ip=unknown-ip-addr	cmd=get_all_table_constraints : tbl=hive._dummy_database._dummy_table	
2024-04-24T04:53:54,408  INFO [main] parse.CalcitePlanner: Get metadata for source tables
2024-04-24T04:53:54,408  INFO [main] parse.CalcitePlanner: Get metadata for subqueries
2024-04-24T04:53:54,408  INFO [main] parse.CalcitePlanner: Get metadata for source tables
2024-04-24T04:53:54,409  INFO [main] HiveMetaStore.audit: ugi=alex	ip=unknown-ip-addr	cmd=get_table : tbl=hive._dummy_database._dummy_table	
2024-04-24T04:53:54,412  INFO [main] parse.CalcitePlanner: Get metadata for subqueries
2024-04-24T04:53:54,412  INFO [main] parse.CalcitePlanner: Get metadata for destination tables
2024-04-24T04:53:54,412  INFO [main] parse.CalcitePlanner: Get metadata for destination tables
2024-04-24T04:53:54,413  INFO [main] HiveMetaStore.audit: ugi=alex	ip=unknown-ip-addr	cmd=get_table : tbl=hive.default.T	
2024-04-24T04:53:54,422  INFO [main] metastore.HMSHandler: Skipping translation for processor with null
2024-04-24T04:53:54,425  INFO [main] HiveMetaStore.audit: ugi=alex	ip=unknown-ip-addr	cmd=get_not_null_constraints : tbl=hive.default.t	
2024-04-24T04:53:54,426  INFO [main] HiveMetaStore.audit: ugi=alex	ip=unknown-ip-addr	cmd=get_check_constraints : tbl=hive.default.t	
2024-04-24T04:53:54,435  INFO [main] txn.TxnHandler: Allocated writeId: 2 for txnId: 16
2024-04-24T04:53:54,435  INFO [main] txn.TxnHandler: Allocated write ids for dbName=default, tblName=t (txnIds: [16])
2024-04-24T04:53:54,443  INFO [main] parse.CalcitePlanner: CBO Succeeded; optimized logical plan.
2024-04-24T04:53:54,447  INFO [main] optimizer.BucketVersionPopulator: not considering bucketingVersion for: TS[0] because it has -1<2 buckets 
2024-04-24T04:53:54,448  INFO [main] optimizer.SortedDynPartitionOptimizer: Sorted dynamic partitioning optimization kicked in..
2024-04-24T04:53:54,458  INFO [main] HiveMetaStore.audit: ugi=alex	ip=unknown-ip-addr	cmd=get_table : tbl=hive.default.t	
2024-04-24T04:53:54,467  INFO [main] metastore.HMSHandler: Skipping translation for processor with null
2024-04-24T04:53:54,468  INFO [main] physical.Vectorizer: Examining input format to see if vectorization is enabled.
2024-04-24T04:53:54,468  INFO [main] physical.Vectorizer: Map vectorization enabled: false
2024-04-24T04:53:54,468  INFO [main] physical.Vectorizer: Map vectorized: false
2024-04-24T04:53:54,468  INFO [main] physical.Vectorizer: Map vectorizedVertexNum: 0
2024-04-24T04:53:54,468  INFO [main] physical.Vectorizer: Map enabledConditionsMet: [hive.vectorized.use.vectorized.input.format IS true]
2024-04-24T04:53:54,468  INFO [main] physical.Vectorizer: Map enabledConditionsNotMet: [Could not enable vectorization due to partition column names size 1 is greater than the number of table column names size 0 IS false]
2024-04-24T04:53:54,468  INFO [main] physical.Vectorizer: Map inputFileFormatClassNameSet: [org.apache.hadoop.hive.ql.io.NullRowsInputFormat]
2024-04-24T04:53:54,468  INFO [main] parse.CalcitePlanner: Completed plan generation
2024-04-24T04:53:54,468  INFO [main] parse.CalcitePlanner: Ending caching scope for: 
2024-04-24T04:53:54,468  INFO [main] ql.Driver: Semantic Analysis Completed (retrial = false)
2024-04-24T04:53:54,468  INFO [main] ql.Driver: Created Hive schema: Schema(fieldSchemas:[FieldSchema(name:col1, type:int, comment:null), FieldSchema(name:col2, type:int, comment:null)], properties:null)
2024-04-24T04:53:54,469  INFO [main] metadata.Hive: Dumping metastore api call timing information for : compilation phase
2024-04-24T04:53:54,469  INFO [main] metadata.Hive: Total time spent in each metastore function (ms): {commitTxn_(CommitTxnRequest)=13, getValidWriteIds_(List, String)=6, flushCache_()=0, getTable_(GetTableRequest)=37, allocateTableWriteId_(long, String, String)=15, openTxn_(String, TxnType)=4, getCheckConstraints_(CheckConstraintsRequest)=2, getNotNullConstraints_(NotNullConstraintsRequest)=2, getAllTableConstraints_(AllTableConstraintsRequest)=6, getValidTxns_(long)=1, isCompatibleWith_(Configuration)=0}
2024-04-24T04:53:54,469  INFO [main] ql.Driver: Completed compiling command(queryId=alex_20240424045354_735792f4-4bb6-40d1-bc1b-c1ce9951ce58); Time taken: 0.19 seconds
2024-04-24T04:53:54,469  INFO [main] lockmgr.DbTxnManager: Setting lock request transaction to txnid:16 for queryId=alex_20240424045354_735792f4-4bb6-40d1-bc1b-c1ce9951ce58
2024-04-24T04:53:54,469  INFO [main] lockmgr.DbLockManager: Requesting lock for queryId=alex_20240424045354_735792f4-4bb6-40d1-bc1b-c1ce9951ce58
2024-04-24T04:53:54,488  INFO [main] lockmgr.DbLockManager: Response to queryId=alex_20240424045354_735792f4-4bb6-40d1-bc1b-c1ce9951ce58 LockResponse(lockid:10, state:ACQUIRED)
2024-04-24T04:53:54,488  INFO [main] ql.Driver: Operation QUERY obtained 1 locks
2024-04-24T04:53:54,491  INFO [main] ql.Driver: Executing command(queryId=alex_20240424045354_735792f4-4bb6-40d1-bc1b-c1ce9951ce58): insert into T values(4,6),(1,3)
2024-04-24T04:53:54,491  WARN [main] ql.Driver: Hive-on-MR is deprecated in Hive 2 and may not be available in the future versions. Consider using a different execution engine (i.e. spark, tez) or using Hive 1.X releases.
Query ID = alex_20240424045354_735792f4-4bb6-40d1-bc1b-c1ce9951ce58
2024-04-24T04:53:54,491  INFO [main] ql.Driver: Query ID = alex_20240424045354_735792f4-4bb6-40d1-bc1b-c1ce9951ce58
Total jobs = 1
2024-04-24T04:53:54,491  INFO [main] ql.Driver: Total jobs = 1
Launching Job 1 out of 1
2024-04-24T04:53:54,492  INFO [main] ql.Driver: Launching Job 1 out of 1
2024-04-24T04:53:54,627  INFO [main] ql.Driver: Starting task [Stage-1:MAPRED] in serial mode
Number of reduce tasks is set to 0 since there's no reduce operator
2024-04-24T04:53:54,627  INFO [main] exec.Task: Number of reduce tasks is set to 0 since there's no reduce operator
2024-04-24T04:53:54,630  INFO [main] mr.ExecDriver: Using org.apache.hadoop.hive.ql.io.HiveInputFormat
2024-04-24T04:53:54,630  INFO [main] exec.Utilities: Processing alias $hdt$_0:_dummy_table
2024-04-24T04:53:54,630  INFO [main] exec.Utilities: Adding 1 inputs; the first input is file:/home/alex/Repositories/hive/ql/target/tmp/localscratchdir/d88110c6-f61e-4267-89ff-ff353a4bc5d2/hive_2024-04-24_04-53-54_279_5968158302175379241-1/dummy_path
2024-04-24T04:53:54,641  INFO [main] exec.SerializationUtilities: Serializing MapWork using kryo
2024-04-24T04:53:54,642  INFO [main] exec.Utilities: Serialized plan (via FILE) - name: null size: 5,71KB
2024-04-24T04:53:54,643  WARN [main] impl.MetricsSystemImpl: JobTracker metrics system already initialized!
2024-04-24T04:53:54,647  INFO [main] fs.FSStatsPublisher: created : file:/home/alex/Repositories/hive/ql/target/tmp/localscratchdir/d88110c6-f61e-4267-89ff-ff353a4bc5d2/hive_2024-04-24_04-53-54_279_5968158302175379241-1/-mr-10000
2024-04-24T04:53:54,649  WARN [main] impl.MetricsSystemImpl: JobTracker metrics system already initialized!
2024-04-24T04:53:54,657  WARN [main] mapreduce.JobResourceUploader: Hadoop command-line option parsing not performed. Implement the Tool interface and execute your application with ToolRunner to remedy this.
2024-04-24T04:53:54,662  WARN [main] mapreduce.JobResourceUploader: No job jar file set.  User classes may not be found. See Job or Job#setJar(String).
2024-04-24T04:53:54,663  INFO [main] io.HiveInputFormat: hive.io.file.readcolumn.ids = 
2024-04-24T04:53:54,663  INFO [main] io.HiveInputFormat: hive.io.file.readcolumn.names = 
2024-04-24T04:53:54,663  INFO [main] io.HiveInputFormat: Generating splits for dirs: file:/home/alex/Repositories/hive/ql/target/tmp/localscratchdir/d88110c6-f61e-4267-89ff-ff353a4bc5d2/hive_2024-04-24_04-53-54_279_5968158302175379241-1/dummy_path
2024-04-24T04:53:54,664  INFO [main] io.HiveInputFormat: number of splits 1
2024-04-24T04:53:54,682  INFO [main] mapreduce.JobSubmitter: number of splits:1
2024-04-24T04:53:54,701  INFO [main] mapreduce.JobSubmitter: Submitting tokens for job: job_local1979905704_0013
2024-04-24T04:53:54,702  INFO [main] mapreduce.JobSubmitter: Executing with tokens: []
2024-04-24T04:53:54,768  INFO [main] mapreduce.Job: The url to track the job: http://localhost:8080/
Job running in-process (local Hadoop)
2024-04-24T04:53:54,768  INFO [main] exec.Task: Job running in-process (local Hadoop)
2024-04-24T04:53:54,769  INFO [Thread-899] mapred.LocalJobRunner: OutputCommitter set in config org.apache.hadoop.hive.ql.io.HiveFileFormatUtils$NullOutputCommitter
2024-04-24T04:53:54,769  INFO [Thread-899] mapred.LocalJobRunner: OutputCommitter is org.apache.hadoop.hive.ql.io.HiveFileFormatUtils$NullOutputCommitter
2024-04-24T04:53:54,770  INFO [Thread-899] mapred.LocalJobRunner: Waiting for map tasks
2024-04-24T04:53:54,770  INFO [LocalJobRunner Map Task Executor #0] mapred.LocalJobRunner: Starting task: attempt_local1979905704_0013_m_000000_0
2024-04-24T04:53:54,771  INFO [LocalJobRunner Map Task Executor #0] mapred.Task:  Using ResourceCalculatorProcessTree : [ ]
2024-04-24T04:53:54,772  INFO [LocalJobRunner Map Task Executor #0] mapred.MapTask: Processing split: org.apache.hadoop.hive.ql.io.NullRowsInputFormat:file:/home/alex/Repositories/hive/ql/target/tmp/localscratchdir/d88110c6-f61e-4267-89ff-ff353a4bc5d2/hive_2024-04-24_04-53-54_279_5968158302175379241-1/dummy_path/null:0+1
2024-04-24T04:53:54,773  INFO [LocalJobRunner Map Task Executor #0] exec.SerializationUtilities: Deserializing MapWork using kryo
2024-04-24T04:53:54,774  INFO [LocalJobRunner Map Task Executor #0] exec.Utilities: Deserialized plan (via FILE) - name: null size: 5,71KB
2024-04-24T04:53:54,775  INFO [LocalJobRunner Map Task Executor #0] mapred.MapTask: numReduceTasks: 0
2024-04-24T04:53:54,775  INFO [LocalJobRunner Map Task Executor #0] exec.MapOperator: Initializing Operator: MAP[0]
2024-04-24T04:53:54,775  INFO [LocalJobRunner Map Task Executor #0] mr.ExecMapper: 
<MAP>Id =0
  <Children>null
  <\Children>
  <Parent><\Parent>
<\MAP>
2024-04-24T04:53:54,776  INFO [LocalJobRunner Map Task Executor #0] exec.TableScanOperator: Initializing Operator: TS[0]
2024-04-24T04:53:54,776  INFO [LocalJobRunner Map Task Executor #0] exec.SelectOperator: Initializing Operator: SEL[1]
2024-04-24T04:53:54,776  INFO [LocalJobRunner Map Task Executor #0] exec.SelectOperator: SELECT null
2024-04-24T04:53:54,777  INFO [LocalJobRunner Map Task Executor #0] exec.UDTFOperator: Initializing Operator: UDTF[2]
2024-04-24T04:53:54,777  INFO [LocalJobRunner Map Task Executor #0] exec.SelectOperator: Initializing Operator: SEL[3]
2024-04-24T04:53:54,777  INFO [LocalJobRunner Map Task Executor #0] exec.SelectOperator: SELECT struct<col1:int,col2:int>
2024-04-24T04:53:54,777  INFO [LocalJobRunner Map Task Executor #0] exec.FileSinkOperator: Initializing Operator: FS[4]
2024-04-24T04:53:54,777  INFO [LocalJobRunner Map Task Executor #0] exec.FileSinkOperator: Using serializer : AbstractSerDe [log=org.apache.logging.slf4j.Log4jLogger@38b5dff2, configuration=Optional[Configuration: core-default.xml, core-site.xml, mapred-default.xml, mapred-site.xml, yarn-default.xml, yarn-site.xml, hdfs-default.xml, hdfs-site.xml, file:/home/alex/Repositories/hive/ql/target/tmp/TestTxnCommands3/mapred/local/localRunner/alex/job_local1979905704_0013/job_local1979905704_0013.xml], properties={transactional_properties=default, name=default.t, transactional=true, columns.types=int:int, columns=a,b, numFilesErasureCoded=0, columns.comments=&amp#0;, bucketing_version=2, serialization.lib=org.apache.hadoop.hive.ql.io.orc.OrcSerde, file.inputformat=org.apache.hadoop.hive.ql.io.orc.OrcInputFormat, file.outputformat=org.apache.hadoop.hive.ql.io.orc.OrcOutputFormat, location=file:/home/alex/Repositories/hive/ql/target/tmp/org.apache.hadoop.hive.ql.TestTxnCommands3-1713959586346/warehouse/t, column.name.delimiter=,}, tableProperties={transactional_properties=default, name=default.t, transactional=true, columns.types=int:int, columns=a,b, numFilesErasureCoded=0, columns.comments=&amp#0;, bucketing_version=2, serialization.lib=org.apache.hadoop.hive.ql.io.orc.OrcSerde, file.inputformat=org.apache.hadoop.hive.ql.io.orc.OrcInputFormat, location=file:/home/alex/Repositories/hive/ql/target/tmp/org.apache.hadoop.hive.ql.TestTxnCommands3-1713959586346/warehouse/t, file.outputformat=org.apache.hadoop.hive.ql.io.orc.OrcOutputFormat, column.name.delimiter=,}, partitionProperties=Optional.empty, columnNames=[a, b], columnTypes=[int, int], getClass()=class org.apache.hadoop.hive.ql.io.orc.OrcSerde] and formatter : org.apache.hadoop.hive.ql.io.orc.OrcOutputFormat@d1478b0
2024-04-24T04:53:54,778  INFO [LocalJobRunner Map Task Executor #0] exec.FileSinkOperator: Final Path: FS file:/home/alex/Repositories/hive/ql/target/tmp/org.apache.hadoop.hive.ql.TestTxnCommands3-1713959586346/warehouse/t
2024-04-24T04:53:54,778  INFO [LocalJobRunner Map Task Executor #0] exec.FileSinkOperator: New Final Path: FS file:/home/alex/Repositories/hive/ql/target/tmp/org.apache.hadoop.hive.ql.TestTxnCommands3-1713959586346/warehouse/t
2024-04-24T04:53:54,778  INFO [LocalJobRunner Map Task Executor #0] common.FileUtils: Creating directory if it doesn't exist: file:/home/alex/Repositories/hive/ql/target/tmp/org.apache.hadoop.hive.ql.TestTxnCommands3-1713959586346/warehouse
2024-04-24T04:53:54,778  INFO [LocalJobRunner Map Task Executor #0] exec.FileSinkOperator: FS[4]: records written - 1
2024-04-24T04:53:54,779  INFO [LocalJobRunner Map Task Executor #0] impl.PhysicalFsWriter: ORC writer created for path: file:/home/alex/Repositories/hive/ql/target/tmp/org.apache.hadoop.hive.ql.TestTxnCommands3-1713959586346/warehouse/t/delta_0000002_0000002_0000/bucket_00000_0 with stripeSize: 8388608 blockSize: 268435456 compression: Compress: ZLIB buffer: 32768
2024-04-24T04:53:54,787  INFO [LocalJobRunner Map Task Executor #0] impl.WriterImpl: ORC writer created for path: file:/home/alex/Repositories/hive/ql/target/tmp/org.apache.hadoop.hive.ql.TestTxnCommands3-1713959586346/warehouse/t/delta_0000002_0000002_0000/bucket_00000_0 with stripeSize: 8388608 options: Compress: ZLIB buffer: 32768
2024-04-24T04:53:54,792  INFO [LocalJobRunner Map Task Executor #0] exec.MapOperator: MAP[0]: records read - 1
2024-04-24T04:53:54,793  INFO [LocalJobRunner Map Task Executor #0] exec.MapOperator: Closing Operator: MAP[0]
2024-04-24T04:53:54,793  INFO [LocalJobRunner Map Task Executor #0] exec.MapOperator: MAP[0]: Total records read - 3. abort - false
2024-04-24T04:53:54,793  INFO [LocalJobRunner Map Task Executor #0] exec.MapOperator: DESERIALIZE_ERRORS:0, RECORDS_OUT_OPERATOR_MAP_0:0, RECORDS_IN:3, RECORDS_OUT_INTERMEDIATE:0, 
2024-04-24T04:53:54,793  INFO [LocalJobRunner Map Task Executor #0] exec.TableScanOperator: Closing Operator: TS[0]
2024-04-24T04:53:54,793  INFO [LocalJobRunner Map Task Executor #0] exec.TableScanOperator: RECORDS_OUT_INTERMEDIATE:0, RECORDS_OUT_OPERATOR_TS_0:1, 
2024-04-24T04:53:54,793  INFO [LocalJobRunner Map Task Executor #0] exec.SelectOperator: Closing Operator: SEL[1]
2024-04-24T04:53:54,793  INFO [LocalJobRunner Map Task Executor #0] exec.SelectOperator: RECORDS_OUT_INTERMEDIATE:0, RECORDS_OUT_OPERATOR_SEL_1:1, 
2024-04-24T04:53:54,793  INFO [LocalJobRunner Map Task Executor #0] exec.UDTFOperator: Closing Operator: UDTF[2]
2024-04-24T04:53:54,793  INFO [LocalJobRunner Map Task Executor #0] exec.UDTFOperator: RECORDS_OUT_OPERATOR_UDTF_2:2, RECORDS_OUT_INTERMEDIATE:0, 
2024-04-24T04:53:54,793  INFO [LocalJobRunner Map Task Executor #0] exec.SelectOperator: Closing Operator: SEL[3]
2024-04-24T04:53:54,793  INFO [LocalJobRunner Map Task Executor #0] exec.SelectOperator: RECORDS_OUT_INTERMEDIATE:0, RECORDS_OUT_OPERATOR_SEL_3:2, 
2024-04-24T04:53:54,793  INFO [LocalJobRunner Map Task Executor #0] exec.FileSinkOperator: Closing Operator: FS[4]
2024-04-24T04:53:54,793  INFO [LocalJobRunner Map Task Executor #0] exec.FileSinkOperator: FS[4]: records written - 2
2024-04-24T04:53:54,797  INFO [LocalJobRunner Map Task Executor #0] FileOperations: Writing manifest to file:/home/alex/Repositories/hive/ql/target/tmp/org.apache.hadoop.hive.ql.TestTxnCommands3-1713959586346/warehouse/t/_tmp.delta_0000002_0000002_0000/000000_0.manifest with [file:/home/alex/Repositories/hive/ql/target/tmp/org.apache.hadoop.hive.ql.TestTxnCommands3-1713959586346/warehouse/t/delta_0000002_0000002_0000/bucket_00000_0]
2024-04-24T04:53:54,811  INFO [LocalJobRunner Map Task Executor #0] exec.FileSinkOperator: RECORDS_OUT_1_default.t:2, RECORDS_OUT_INTERMEDIATE:0, TOTAL_TABLE_ROWS_WRITTEN:2, RECORDS_OUT_OPERATOR_FS_4:2, 
2024-04-24T04:53:54,812  INFO [LocalJobRunner Map Task Executor #0] mapred.LocalJobRunner: 
2024-04-24T04:53:54,812  INFO [LocalJobRunner Map Task Executor #0] mapred.Task: Task:attempt_local1979905704_0013_m_000000_0 is done. And is in the process of committing
2024-04-24T04:53:54,813  INFO [LocalJobRunner Map Task Executor #0] mapred.LocalJobRunner: map
2024-04-24T04:53:54,813  INFO [LocalJobRunner Map Task Executor #0] mapred.Task: Task 'attempt_local1979905704_0013_m_000000_0' done.
2024-04-24T04:53:54,814  INFO [LocalJobRunner Map Task Executor #0] mapred.Task: Final Counters for attempt_local1979905704_0013_m_000000_0: Counters: 27
	File System Counters
		FILE: Number of bytes read=225938
		FILE: Number of bytes written=15313628
		FILE: Number of read operations=0
		FILE: Number of large read operations=0
		FILE: Number of write operations=0
	Map-Reduce Framework
		Map input records=4
		Map output records=0
		Input split bytes=361
		Spilled Records=0
		Failed Shuffles=0
		Merged Map outputs=0
		GC time elapsed (ms)=0
		Total committed heap usage (bytes)=1130889216
	HIVE
		CREATED_FILES=1
		DESERIALIZE_ERRORS=0
		RECORDS_IN=3
		RECORDS_OUT_1_default.t=2
		RECORDS_OUT_INTERMEDIATE=0
		RECORDS_OUT_OPERATOR_FS_4=2
		RECORDS_OUT_OPERATOR_MAP_0=0
		RECORDS_OUT_OPERATOR_SEL_1=1
		RECORDS_OUT_OPERATOR_SEL_3=2
		RECORDS_OUT_OPERATOR_TS_0=1
		RECORDS_OUT_OPERATOR_UDTF_2=2
		TOTAL_TABLE_ROWS_WRITTEN=2
	File Input Format Counters 
		Bytes Read=5770
	File Output Format Counters 
		Bytes Written=0
2024-04-24T04:53:54,814  INFO [LocalJobRunner Map Task Executor #0] mapred.LocalJobRunner: Finishing task: attempt_local1979905704_0013_m_000000_0
2024-04-24T04:53:54,814  INFO [Thread-899] mapred.LocalJobRunner: map task executor complete.
2024-04-24 04:53:55,773 Stage-1 map = 100%,  reduce = 0%
2024-04-24T04:53:55,773  INFO [main] exec.Task: 2024-04-24 04:53:55,773 Stage-1 map = 100%,  reduce = 0%
Ended Job = job_local1979905704_0013
2024-04-24T04:53:55,775  INFO [main] exec.Task: Ended Job = job_local1979905704_0013
2024-04-24T04:53:55,777  INFO [main] FileOperations: Found manifest file file:/home/alex/Repositories/hive/ql/target/tmp/org.apache.hadoop.hive.ql.TestTxnCommands3-1713959586346/warehouse/t/_tmp.delta_0000002_0000002_0000/000000_0.manifest with attemptId 0.
2024-04-24T04:53:55,777  INFO [main] FileOperations: Looking at manifest file: file:/home/alex/Repositories/hive/ql/target/tmp/org.apache.hadoop.hive.ql.TestTxnCommands3-1713959586346/warehouse/t/_tmp.delta_0000002_0000002_0000/000000_0.manifest
2024-04-24T04:53:55,777  INFO [main] FileOperations: Deleting manifest directory file:/home/alex/Repositories/hive/ql/target/tmp/org.apache.hadoop.hive.ql.TestTxnCommands3-1713959586346/warehouse/t/_tmp.delta_0000002_0000002_0000
2024-04-24T04:53:55,779  INFO [main] ql.Driver: Starting task [Stage-0:MOVE] in serial mode
Loading data to table default.t
2024-04-24T04:53:55,779  INFO [main] exec.Task: Loading data to table default.t from file:/home/alex/Repositories/hive/ql/target/tmp/org.apache.hadoop.hive.ql.TestTxnCommands3-1713959586346/warehouse/t
2024-04-24T04:53:55,780  INFO [main] HiveMetaStore.audit: ugi=alex	ip=unknown-ip-addr	cmd=get_table : tbl=hive.default.t	
2024-04-24T04:53:55,789  INFO [main] metastore.HMSHandler: Skipping translation for processor with null
2024-04-24T04:53:55,790  INFO [main] HiveMetaStore.audit: ugi=alex	ip=unknown-ip-addr	cmd=get_table : tbl=hive.default.t	
2024-04-24T04:53:55,798  INFO [main] metastore.HMSHandler: Skipping translation for processor with null
2024-04-24T04:53:55,799  INFO [main] HiveMetaStore.audit: ugi=alex	ip=unknown-ip-addr	cmd=alter_table: hive.default.t newtbl=t	
2024-04-24T04:53:55,824  INFO [main] ql.Driver: Starting task [Stage-2:STATS] in serial mode
2024-04-24T04:53:55,825  INFO [main] HiveMetaStore.audit: ugi=alex	ip=unknown-ip-addr	cmd=get_table : tbl=hive.default.t	
2024-04-24T04:53:55,833  INFO [main] metastore.HMSHandler: Skipping translation for processor with null
2024-04-24T04:53:55,833  INFO [main] stats.BasicStatsTask: Executing stats task
2024-04-24T04:53:55,833  INFO [main] fs.FSStatsPublisher: created : file:/home/alex/Repositories/hive/ql/target/tmp/localscratchdir/d88110c6-f61e-4267-89ff-ff353a4bc5d2/hive_2024-04-24_04-53-54_279_5968158302175379241-1/-mr-10000
2024-04-24T04:53:55,835  INFO [main] HiveMetaStore.audit: ugi=alex	ip=unknown-ip-addr	cmd=get_table : tbl=hive.default.t	
2024-04-24T04:53:55,843  INFO [main] metastore.HMSHandler: Skipping translation for processor with null
2024-04-24T04:53:55,863  WARN [main] FileOperations: Computing stats for an ACID table; stats may be inaccurate
2024-04-24T04:53:55,863  INFO [main] FileOperations: Read stats for default.t/, numRows, true, 2, false: 
2024-04-24T04:53:55,863  INFO [main] FileOperations: Read stats for default.t/, rawDataSize, true, 0, false: 
2024-04-24T04:53:55,864  INFO [main] HiveMetaStore.audit: ugi=alex	ip=unknown-ip-addr	cmd=alter_table: hive.default.t newtbl=t	
2024-04-24T04:53:55,890  INFO [main] FileOperations: Read stats for default.t/, insertCount, true, 2, false: 
2024-04-24T04:53:55,890  INFO [main] FileOperations: Read stats for default.t/, updateCount, true, 0, false: 
2024-04-24T04:53:55,890  INFO [main] FileOperations: Read stats for default.t/, deleteCount, true, 0, false: 
2024-04-24T04:53:55,891  INFO [main] stats.BasicStatsTask: Table default.t stats: [numFiles=2, numRows=4, totalSize=1372, rawDataSize=0, numFilesErasureCoded=0]
2024-04-24T04:53:55,891  INFO [main] metadata.Hive: Dumping metastore api call timing information for : execution phase
2024-04-24T04:53:55,892  INFO [main] metadata.Hive: Total time spent in each metastore function (ms): {alter_table_(String, String, String, Table, EnvironmentContext, String)=52, updateTransactionalStatistics_(UpdateTransactionalStatsRequest)=1, isCompatibleWith_(Configuration)=1, getTable_(GetTableRequest)=36}
MapReduce Jobs Launched: 
2024-04-24T04:53:55,892  INFO [main] ql.Driver: MapReduce Jobs Launched: 
Stage-Stage-1:  HDFS Read: 0 HDFS Write: 0 SUCCESS
2024-04-24T04:53:55,892  INFO [main] ql.Driver: Stage-Stage-1:  HDFS Read: 0 HDFS Write: 0 SUCCESS
Total MapReduce CPU Time Spent: 0 msec
2024-04-24T04:53:55,892  INFO [main] ql.Driver: Total MapReduce CPU Time Spent: 0 msec
2024-04-24T04:53:55,892  INFO [main] ql.Driver: Completed executing command(queryId=alex_20240424045354_735792f4-4bb6-40d1-bc1b-c1ce9951ce58); Time taken: 1.4 seconds
2024-04-24T04:53:55,892  INFO [main] lockmgr.DbTxnManager: Stopped heartbeat for query: alex_20240424045354_735792f4-4bb6-40d1-bc1b-c1ce9951ce58
2024-04-24T04:53:55,904  INFO [main] txn.TxnHandler: Removed transactions: ([16]) from MIN_HISTORY_LEVEL
2024-04-24T04:53:55,905  WARN [main] txn.CompactionTxnHandler: No compaction queue record found for Compaction type transaction commit. txnId:16
2024-04-24T04:53:55,905  INFO [main] ql.TxnCommandsBaseForTests: Running the query: delete from T where a = 1
2024-04-24T04:53:55,906  INFO [main] ql.Context: Deleting scratch dir: file:/home/alex/Repositories/hive/ql/target/tmp/localscratchdir/d88110c6-f61e-4267-89ff-ff353a4bc5d2/hive_2024-04-24_04-53-54_279_5968158302175379241-1
2024-04-24T04:53:55,906  INFO [main] cleanup.SyncCleanupService: Deleted directory: file:/home/alex/Repositories/hive/ql/target/tmp/localscratchdir/d88110c6-f61e-4267-89ff-ff353a4bc5d2/hive_2024-04-24_04-53-54_279_5968158302175379241-1 on fs with scheme file
2024-04-24T04:53:55,906  INFO [main] ql.Driver: Compiling command(queryId=alex_20240424045355_170bb3f8-048d-4494-8fcd-0c7a19518759): delete from T where a = 1
2024-04-24T04:53:55,910  INFO [main] txn.TxnHandler: Added entries to MIN_HISTORY_LEVEL for current txns: ([17]) with min_open_txn: 17
2024-04-24T04:53:55,910  INFO [main] lockmgr.DbTxnManager: Opened txnid:17
2024-04-24T04:53:55,911  INFO [main] parse.UpdateDeleteSemanticAnalyzer: Starting caching scope for: 
2024-04-24T04:53:55,912  INFO [main] HiveMetaStore.audit: ugi=alex	ip=unknown-ip-addr	cmd=get_table : tbl=hive.default.T	
2024-04-24T04:53:55,921  INFO [main] metastore.HMSHandler: Skipping translation for processor with null
2024-04-24T04:53:55,921  INFO [main] parse.RewriteSemanticAnalyzer: Going to reparse <delete from T where a = 1> as 
<insert into table `default`.`T` select ROW__ID from `default`.`T` sort by ROW__ID >
2024-04-24T04:53:55,922  INFO [main] parse.UpdateDeleteSemanticAnalyzer: Starting Semantic Analysis
2024-04-24T04:53:55,925  INFO [main] parse.UpdateDeleteSemanticAnalyzer: Completed phase 1 of Semantic Analysis
2024-04-24T04:53:55,925  INFO [main] parse.UpdateDeleteSemanticAnalyzer: Get metadata for source tables
2024-04-24T04:53:55,926  INFO [main] HiveMetaStore.audit: ugi=alex	ip=unknown-ip-addr	cmd=get_table : tbl=hive.default.t	
2024-04-24T04:53:55,935  INFO [main] metastore.HMSHandler: Skipping translation for processor with null
2024-04-24T04:53:55,935  INFO [main] parse.UpdateDeleteSemanticAnalyzer: Get metadata for subqueries
2024-04-24T04:53:55,935  INFO [main] parse.UpdateDeleteSemanticAnalyzer: Get metadata for destination tables
2024-04-24T04:53:55,936  INFO [main] HiveMetaStore.audit: ugi=alex	ip=unknown-ip-addr	cmd=get_table : tbl=hive.default.T	
2024-04-24T04:53:55,944  INFO [main] metastore.HMSHandler: Skipping translation for processor with null
2024-04-24T04:53:55,944  INFO [main] parse.UpdateDeleteSemanticAnalyzer: Completed getting MetaData in Semantic Analysis
2024-04-24T04:53:55,944  INFO [main] parse.UpdateDeleteSemanticAnalyzer: Disabling LLAP IO encode as ETL query is detected
2024-04-24T04:53:55,959  INFO [main] HiveMetaStore.audit: ugi=alex	ip=unknown-ip-addr	cmd=get_all_table_constraints : tbl=hive.default.t	
2024-04-24T04:53:56,002  INFO [main] calcite.RelOptHiveTable: Calculating column statistics for default.t, projIndxSet: [0], allowMissingStats: true
2024-04-24T04:53:56,002  INFO [main] HiveMetaStore.audit: ugi=alex	ip=unknown-ip-addr	cmd=get_table : tbl=hive.default.t	
2024-04-24T04:53:56,015  INFO [main] metastore.HMSHandler: Skipping translation for processor with null
2024-04-24T04:53:56,017  INFO [main] HiveMetaStore.audit: ugi=alex	ip=unknown-ip-addr	cmd=get_table : tbl=hive.default.t	
2024-04-24T04:53:56,028  INFO [main] metastore.HMSHandler: Skipping translation for processor with null
2024-04-24T04:53:56,029  INFO [main] HiveMetaStore.audit: ugi=alex	ip=unknown-ip-addr	cmd=get_table_statistics_req: table=hive.default.t	
2024-04-24T04:53:56,042  WARN [main] calcite.RelOptHiveTable: No Stats for default@t, Columns: a
No Stats for default@t, Columns: a
2024-04-24T04:53:56,042  INFO [main] SessionState: No Stats for default@t, Columns: a
2024-04-24T04:53:56,121  INFO [main] parse.UpdateDeleteSemanticAnalyzer: Get metadata for source tables
2024-04-24T04:53:56,122  INFO [main] parse.UpdateDeleteSemanticAnalyzer: Get metadata for subqueries
2024-04-24T04:53:56,122  INFO [main] parse.UpdateDeleteSemanticAnalyzer: Get metadata for destination tables
2024-04-24T04:53:56,122  INFO [main] HiveMetaStore.audit: ugi=alex	ip=unknown-ip-addr	cmd=get_table : tbl=hive.default.T	
2024-04-24T04:53:56,131  INFO [main] metastore.HMSHandler: Skipping translation for processor with null
2024-04-24T04:53:56,135 ERROR [main] parse.UpdateDeleteSemanticAnalyzer: CBO failed, skipping CBO. 
org.apache.hadoop.hive.ql.exec.NoMatchingMethodException: No matching method for class org.apache.hadoop.hive.ql.udf.UDFToInteger with (struct<writeid:bigint,bucketid:int,rowid:bigint>). Possible choices: _FUNC_(bigint)  _FUNC_(boolean)  _FUNC_(decimal(38,18))  _FUNC_(double)  _FUNC_(float)  _FUNC_(smallint)  _FUNC_(string)  _FUNC_(struct<bucketid:bigint,writeid:bigint,rowid:int>)  _FUNC_(timestamp)  _FUNC_(tinyint)  _FUNC_(void)  
	at org.apache.hadoop.hive.ql.exec.MethodUtils.getMethodInternal(MethodUtils.java:130) ~[classes/:?]
	at org.apache.hadoop.hive.ql.exec.MethodUtils.getMethodInternal(MethodUtils.java:60) ~[classes/:?]
	at org.apache.hadoop.hive.ql.exec.DefaultUDFMethodResolver.getEvalMethod(DefaultUDFMethodResolver.java:59) ~[classes/:?]
	at org.apache.hadoop.hive.ql.udf.TimestampCastRestrictorResolver.getEvalMethod(TimestampCastRestrictorResolver.java:68) ~[classes/:?]
	at org.apache.hadoop.hive.ql.udf.generic.GenericUDFBridge.initialize(GenericUDFBridge.java:168) ~[classes/:?]
	at org.apache.hadoop.hive.ql.udf.generic.GenericUDF.initializeAndFoldConstants(GenericUDF.java:149) ~[classes/:?]
	at org.apache.hadoop.hive.ql.plan.ExprNodeGenericFuncDesc.newInstance(ExprNodeGenericFuncDesc.java:235) ~[classes/:?]
	at org.apache.hadoop.hive.ql.parse.type.ExprNodeDescExprFactory.createFuncCallExpr(ExprNodeDescExprFactory.java:584) ~[classes/:?]
	at org.apache.hadoop.hive.ql.parse.type.ExprNodeDescExprFactory.createFuncCallExpr(ExprNodeDescExprFactory.java:97) ~[classes/:?]
	at org.apache.hadoop.hive.ql.parse.type.TypeCheckProcFactory$DefaultExprProcessor.getFuncExprNodeDescWithUdfData(TypeCheckProcFactory.java:762) ~[classes/:?]
	at org.apache.hadoop.hive.ql.parse.type.TypeCheckProcFactory$DefaultExprProcessor.createConversionCast(TypeCheckProcFactory.java:783) ~[classes/:?]
	at org.apache.hadoop.hive.ql.parse.SemanticAnalyzer.getPartitionColsFromBucketColsForUpdateDelete(SemanticAnalyzer.java:8725) ~[classes/:?]
	at org.apache.hadoop.hive.ql.parse.SemanticAnalyzer.genBucketingSortingDest(SemanticAnalyzer.java:6914) ~[classes/:?]
	at org.apache.hadoop.hive.ql.parse.SemanticAnalyzer.genFileSinkPlan(SemanticAnalyzer.java:7335) ~[classes/:?]
	at org.apache.hadoop.hive.ql.parse.SemanticAnalyzer.genPostGroupByBodyPlan(SemanticAnalyzer.java:11063) ~[classes/:?]
	at org.apache.hadoop.hive.ql.parse.SemanticAnalyzer.genBodyPlan(SemanticAnalyzer.java:10938) ~[classes/:?]
	at org.apache.hadoop.hive.ql.parse.SemanticAnalyzer.genPlan(SemanticAnalyzer.java:11853) ~[classes/:?]
	at org.apache.hadoop.hive.ql.parse.SemanticAnalyzer.genPlan(SemanticAnalyzer.java:11723) ~[classes/:?]
	at org.apache.hadoop.hive.ql.parse.CalcitePlanner.genOPTree(CalcitePlanner.java:626) ~[classes/:?]
	at org.apache.hadoop.hive.ql.parse.SemanticAnalyzer.analyzeInternal(SemanticAnalyzer.java:12558) ~[classes/:?]
	at org.apache.hadoop.hive.ql.parse.CalcitePlanner.analyzeInternal(CalcitePlanner.java:456) ~[classes/:?]
	at org.apache.hadoop.hive.ql.parse.RewriteSemanticAnalyzer.analyzeInternal(RewriteSemanticAnalyzer.java:67) ~[classes/:?]
	at org.apache.hadoop.hive.ql.parse.BaseSemanticAnalyzer.analyze(BaseSemanticAnalyzer.java:317) ~[classes/:?]
	at org.apache.hadoop.hive.ql.parse.UpdateDeleteSemanticAnalyzer.reparseAndSuperAnalyze(UpdateDeleteSemanticAnalyzer.java:208) ~[classes/:?]
	at org.apache.hadoop.hive.ql.parse.UpdateDeleteSemanticAnalyzer.analyzeDelete(UpdateDeleteSemanticAnalyzer.java:68) ~[classes/:?]
	at org.apache.hadoop.hive.ql.parse.UpdateDeleteSemanticAnalyzer.analyze(UpdateDeleteSemanticAnalyzer.java:50) ~[classes/:?]
	at org.apache.hadoop.hive.ql.parse.RewriteSemanticAnalyzer.analyzeInternal(RewriteSemanticAnalyzer.java:72) ~[classes/:?]
	at org.apache.hadoop.hive.ql.parse.BaseSemanticAnalyzer.analyze(BaseSemanticAnalyzer.java:317) ~[classes/:?]
	at org.apache.hadoop.hive.ql.Compiler.analyze(Compiler.java:223) ~[classes/:?]
	at org.apache.hadoop.hive.ql.Compiler.compile(Compiler.java:105) ~[classes/:?]
	at org.apache.hadoop.hive.ql.Driver.compile(Driver.java:500) ~[classes/:?]
	at org.apache.hadoop.hive.ql.Driver.compileInternal(Driver.java:453) ~[classes/:?]
	at org.apache.hadoop.hive.ql.Driver.runInternal(Driver.java:181) ~[classes/:?]
	at org.apache.hadoop.hive.ql.Driver.run(Driver.java:153) ~[classes/:?]
	at org.apache.hadoop.hive.ql.Driver.run(Driver.java:140) ~[classes/:?]
	at org.apache.hadoop.hive.ql.TxnCommandsBaseForTests.runStatementOnDriver(TxnCommandsBaseForTests.java:245) ~[test-classes/:?]
	at org.apache.hadoop.hive.ql.TestTxnCommands3.testDeleteEventPruning(TestTxnCommands3.java:167) ~[test-classes/:?]
	at org.apache.hadoop.hive.ql.TestTxnCommands3.testDeleteEventPruningOn(TestTxnCommands3.java:137) ~[test-classes/:?]
	at sun.reflect.NativeMethodAccessorImpl.invoke0(Native Method) ~[?:1.8.0_402]
	at sun.reflect.NativeMethodAccessorImpl.invoke(NativeMethodAccessorImpl.java:62) ~[?:1.8.0_402]
	at sun.reflect.DelegatingMethodAccessorImpl.invoke(DelegatingMethodAccessorImpl.java:43) ~[?:1.8.0_402]
	at java.lang.reflect.Method.invoke(Method.java:498) ~[?:1.8.0_402]
	at org.junit.runners.model.FrameworkMethod$1.runReflectiveCall(FrameworkMethod.java:59) ~[junit-4.13.jar:4.13]
	at org.junit.internal.runners.model.ReflectiveCallable.run(ReflectiveCallable.java:12) ~[junit-4.13.jar:4.13]
	at org.junit.runners.model.FrameworkMethod.invokeExplosively(FrameworkMethod.java:56) ~[junit-4.13.jar:4.13]
	at org.junit.internal.runners.statements.InvokeMethod.evaluate(InvokeMethod.java:17) ~[junit-4.13.jar:4.13]
	at org.junit.internal.runners.statements.RunBefores.evaluate(RunBefores.java:26) ~[junit-4.13.jar:4.13]
	at org.junit.internal.runners.statements.RunAfters.evaluate(RunAfters.java:27) ~[junit-4.13.jar:4.13]
	at org.junit.rules.TestWatcher$1.evaluate(TestWatcher.java:61) ~[junit-4.13.jar:4.13]
	at org.junit.runners.ParentRunner$3.evaluate(ParentRunner.java:306) ~[junit-4.13.jar:4.13]
	at org.junit.runners.BlockJUnit4ClassRunner$1.evaluate(BlockJUnit4ClassRunner.java:100) ~[junit-4.13.jar:4.13]
	at org.junit.runners.ParentRunner.runLeaf(ParentRunner.java:366) ~[junit-4.13.jar:4.13]
	at org.junit.runners.BlockJUnit4ClassRunner.runChild(BlockJUnit4ClassRunner.java:103) ~[junit-4.13.jar:4.13]
	at org.junit.runners.BlockJUnit4ClassRunner.runChild(BlockJUnit4ClassRunner.java:63) ~[junit-4.13.jar:4.13]
	at org.junit.runners.ParentRunner$4.run(ParentRunner.java:331) ~[junit-4.13.jar:4.13]
	at org.junit.runners.ParentRunner$1.schedule(ParentRunner.java:79) ~[junit-4.13.jar:4.13]
	at org.junit.runners.ParentRunner.runChildren(ParentRunner.java:329) ~[junit-4.13.jar:4.13]
	at org.junit.runners.ParentRunner.access$100(ParentRunner.java:66) ~[junit-4.13.jar:4.13]
	at org.junit.runners.ParentRunner$2.evaluate(ParentRunner.java:293) ~[junit-4.13.jar:4.13]
	at org.junit.runners.ParentRunner$3.evaluate(ParentRunner.java:306) ~[junit-4.13.jar:4.13]
	at org.junit.runners.ParentRunner.run(ParentRunner.java:413) ~[junit-4.13.jar:4.13]
	at org.junit.runner.JUnitCore.run(JUnitCore.java:137) ~[junit-4.13.jar:4.13]
	at org.junit.runner.JUnitCore.run(JUnitCore.java:115) ~[junit-4.13.jar:4.13]
	at org.junit.vintage.engine.execution.RunnerExecutor.execute(RunnerExecutor.java:43) ~[junit-vintage-engine-5.6.2.jar:5.6.2]
	at java.util.stream.ForEachOps$ForEachOp$OfRef.accept(ForEachOps.java:183) ~[?:1.8.0_402]
	at java.util.stream.ReferencePipeline$3$1.accept(ReferencePipeline.java:193) ~[?:1.8.0_402]
	at java.util.Iterator.forEachRemaining(Iterator.java:116) ~[?:1.8.0_402]
	at java.util.Spliterators$IteratorSpliterator.forEachRemaining(Spliterators.java:1801) ~[?:1.8.0_402]
	at java.util.stream.AbstractPipeline.copyInto(AbstractPipeline.java:482) ~[?:1.8.0_402]
	at java.util.stream.AbstractPipeline.wrapAndCopyInto(AbstractPipeline.java:472) ~[?:1.8.0_402]
	at java.util.stream.ForEachOps$ForEachOp.evaluateSequential(ForEachOps.java:150) ~[?:1.8.0_402]
	at java.util.stream.ForEachOps$ForEachOp$OfRef.evaluateSequential(ForEachOps.java:173) ~[?:1.8.0_402]
	at java.util.stream.AbstractPipeline.evaluate(AbstractPipeline.java:234) ~[?:1.8.0_402]
	at java.util.stream.ReferencePipeline.forEach(ReferencePipeline.java:485) ~[?:1.8.0_402]
	at org.junit.vintage.engine.VintageTestEngine.executeAllChildren(VintageTestEngine.java:82) ~[junit-vintage-engine-5.6.2.jar:5.6.2]
	at org.junit.vintage.engine.VintageTestEngine.execute(VintageTestEngine.java:73) ~[junit-vintage-engine-5.6.2.jar:5.6.2]
	at org.junit.platform.launcher.core.DefaultLauncher.execute(DefaultLauncher.java:248) ~[junit-platform-launcher-1.6.2.jar:1.6.2]
	at org.junit.platform.launcher.core.DefaultLauncher.lambda$execute$5(DefaultLauncher.java:211) ~[junit-platform-launcher-1.6.2.jar:1.6.2]
	at org.junit.platform.launcher.core.DefaultLauncher.withInterceptedStreams(DefaultLauncher.java:226) [junit-platform-launcher-1.6.2.jar:1.6.2]
	at org.junit.platform.launcher.core.DefaultLauncher.execute(DefaultLauncher.java:199) [junit-platform-launcher-1.6.2.jar:1.6.2]
	at org.junit.platform.launcher.core.DefaultLauncher.execute(DefaultLauncher.java:132) [junit-platform-launcher-1.6.2.jar:1.6.2]
	at org.apache.maven.surefire.junitplatform.JUnitPlatformProvider.invokeAllTests(JUnitPlatformProvider.java:154) [surefire-junit-platform-3.0.0-M4.jar:3.0.0-M4]
	at org.apache.maven.surefire.junitplatform.JUnitPlatformProvider.invoke(JUnitPlatformProvider.java:123) [surefire-junit-platform-3.0.0-M4.jar:3.0.0-M4]
	at org.apache.maven.surefire.booter.ForkedBooter.runSuitesInProcess(ForkedBooter.java:377) [surefire-booter-3.0.0-M4.jar:3.0.0-M4]
	at org.apache.maven.surefire.booter.ForkedBooter.execute(ForkedBooter.java:138) [surefire-booter-3.0.0-M4.jar:3.0.0-M4]
	at org.apache.maven.surefire.booter.ForkedBooter.run(ForkedBooter.java:465) [surefire-booter-3.0.0-M4.jar:3.0.0-M4]
	at org.apache.maven.surefire.booter.ForkedBooter.main(ForkedBooter.java:451) [surefire-booter-3.0.0-M4.jar:3.0.0-M4]
2024-04-24T04:53:56,136 ERROR [main] parse.UpdateDeleteSemanticAnalyzer: CBO failed due to missing column stats (see previous errors), skipping CBO
2024-04-24T04:53:56,136  INFO [main] parse.UpdateDeleteSemanticAnalyzer: Ending caching scope for: 
FAILED: NoMatchingMethodException No matching method for class org.apache.hadoop.hive.ql.udf.UDFToInteger with (struct<writeid:bigint,bucketid:int,rowid:bigint>). Possible choices: _FUNC_(bigint)  _FUNC_(boolean)  _FUNC_(decimal(38,18))  _FUNC_(double)  _FUNC_(float)  _FUNC_(smallint)  _FUNC_(string)  _FUNC_(struct<bucketid:bigint,writeid:bigint,rowid:int>)  _FUNC_(timestamp)  _FUNC_(tinyint)  _FUNC_(void)  
2024-04-24T04:53:56,136 ERROR [main] ql.Driver: FAILED: NoMatchingMethodException No matching method for class org.apache.hadoop.hive.ql.udf.UDFToInteger with (struct<writeid:bigint,bucketid:int,rowid:bigint>). Possible choices: _FUNC_(bigint)  _FUNC_(boolean)  _FUNC_(decimal(38,18))  _FUNC_(double)  _FUNC_(float)  _FUNC_(smallint)  _FUNC_(string)  _FUNC_(struct<bucketid:bigint,writeid:bigint,rowid:int>)  _FUNC_(timestamp)  _FUNC_(tinyint)  _FUNC_(void)  
org.apache.hadoop.hive.ql.exec.NoMatchingMethodException: No matching method for class org.apache.hadoop.hive.ql.udf.UDFToInteger with (struct<writeid:bigint,bucketid:int,rowid:bigint>). Possible choices: _FUNC_(bigint)  _FUNC_(boolean)  _FUNC_(decimal(38,18))  _FUNC_(double)  _FUNC_(float)  _FUNC_(smallint)  _FUNC_(string)  _FUNC_(struct<bucketid:bigint,writeid:bigint,rowid:int>)  _FUNC_(timestamp)  _FUNC_(tinyint)  _FUNC_(void)  
	at org.apache.hadoop.hive.ql.exec.MethodUtils.getMethodInternal(MethodUtils.java:130)
	at org.apache.hadoop.hive.ql.exec.MethodUtils.getMethodInternal(MethodUtils.java:60)
	at org.apache.hadoop.hive.ql.exec.DefaultUDFMethodResolver.getEvalMethod(DefaultUDFMethodResolver.java:59)
	at org.apache.hadoop.hive.ql.udf.TimestampCastRestrictorResolver.getEvalMethod(TimestampCastRestrictorResolver.java:68)
	at org.apache.hadoop.hive.ql.udf.generic.GenericUDFBridge.initialize(GenericUDFBridge.java:168)
	at org.apache.hadoop.hive.ql.udf.generic.GenericUDF.initializeAndFoldConstants(GenericUDF.java:149)
	at org.apache.hadoop.hive.ql.plan.ExprNodeGenericFuncDesc.newInstance(ExprNodeGenericFuncDesc.java:235)
	at org.apache.hadoop.hive.ql.parse.type.ExprNodeDescExprFactory.createFuncCallExpr(ExprNodeDescExprFactory.java:584)
	at org.apache.hadoop.hive.ql.parse.type.ExprNodeDescExprFactory.createFuncCallExpr(ExprNodeDescExprFactory.java:97)
	at org.apache.hadoop.hive.ql.parse.type.TypeCheckProcFactory$DefaultExprProcessor.getFuncExprNodeDescWithUdfData(TypeCheckProcFactory.java:762)
	at org.apache.hadoop.hive.ql.parse.type.TypeCheckProcFactory$DefaultExprProcessor.createConversionCast(TypeCheckProcFactory.java:783)
	at org.apache.hadoop.hive.ql.parse.SemanticAnalyzer.getPartitionColsFromBucketColsForUpdateDelete(SemanticAnalyzer.java:8725)
	at org.apache.hadoop.hive.ql.parse.SemanticAnalyzer.genBucketingSortingDest(SemanticAnalyzer.java:6914)
	at org.apache.hadoop.hive.ql.parse.SemanticAnalyzer.genFileSinkPlan(SemanticAnalyzer.java:7335)
	at org.apache.hadoop.hive.ql.parse.SemanticAnalyzer.genPostGroupByBodyPlan(SemanticAnalyzer.java:11063)
	at org.apache.hadoop.hive.ql.parse.SemanticAnalyzer.genBodyPlan(SemanticAnalyzer.java:10938)
	at org.apache.hadoop.hive.ql.parse.SemanticAnalyzer.genPlan(SemanticAnalyzer.java:11853)
	at org.apache.hadoop.hive.ql.parse.SemanticAnalyzer.genPlan(SemanticAnalyzer.java:11723)
	at org.apache.hadoop.hive.ql.parse.CalcitePlanner.genOPTree(CalcitePlanner.java:626)
	at org.apache.hadoop.hive.ql.parse.SemanticAnalyzer.analyzeInternal(SemanticAnalyzer.java:12558)
	at org.apache.hadoop.hive.ql.parse.CalcitePlanner.analyzeInternal(CalcitePlanner.java:456)
	at org.apache.hadoop.hive.ql.parse.RewriteSemanticAnalyzer.analyzeInternal(RewriteSemanticAnalyzer.java:67)
	at org.apache.hadoop.hive.ql.parse.BaseSemanticAnalyzer.analyze(BaseSemanticAnalyzer.java:317)
	at org.apache.hadoop.hive.ql.parse.UpdateDeleteSemanticAnalyzer.reparseAndSuperAnalyze(UpdateDeleteSemanticAnalyzer.java:208)
	at org.apache.hadoop.hive.ql.parse.UpdateDeleteSemanticAnalyzer.analyzeDelete(UpdateDeleteSemanticAnalyzer.java:68)
	at org.apache.hadoop.hive.ql.parse.UpdateDeleteSemanticAnalyzer.analyze(UpdateDeleteSemanticAnalyzer.java:50)
	at org.apache.hadoop.hive.ql.parse.RewriteSemanticAnalyzer.analyzeInternal(RewriteSemanticAnalyzer.java:72)
	at org.apache.hadoop.hive.ql.parse.BaseSemanticAnalyzer.analyze(BaseSemanticAnalyzer.java:317)
	at org.apache.hadoop.hive.ql.Compiler.analyze(Compiler.java:223)
	at org.apache.hadoop.hive.ql.Compiler.compile(Compiler.java:105)
	at org.apache.hadoop.hive.ql.Driver.compile(Driver.java:500)
	at org.apache.hadoop.hive.ql.Driver.compileInternal(Driver.java:453)
	at org.apache.hadoop.hive.ql.Driver.runInternal(Driver.java:181)
	at org.apache.hadoop.hive.ql.Driver.run(Driver.java:153)
	at org.apache.hadoop.hive.ql.Driver.run(Driver.java:140)
	at org.apache.hadoop.hive.ql.TxnCommandsBaseForTests.runStatementOnDriver(TxnCommandsBaseForTests.java:245)
	at org.apache.hadoop.hive.ql.TestTxnCommands3.testDeleteEventPruning(TestTxnCommands3.java:167)
	at org.apache.hadoop.hive.ql.TestTxnCommands3.testDeleteEventPruningOn(TestTxnCommands3.java:137)
	at sun.reflect.NativeMethodAccessorImpl.invoke0(Native Method)
	at sun.reflect.NativeMethodAccessorImpl.invoke(NativeMethodAccessorImpl.java:62)
	at sun.reflect.DelegatingMethodAccessorImpl.invoke(DelegatingMethodAccessorImpl.java:43)
	at java.lang.reflect.Method.invoke(Method.java:498)
	at org.junit.runners.model.FrameworkMethod$1.runReflectiveCall(FrameworkMethod.java:59)
	at org.junit.internal.runners.model.ReflectiveCallable.run(ReflectiveCallable.java:12)
	at org.junit.runners.model.FrameworkMethod.invokeExplosively(FrameworkMethod.java:56)
	at org.junit.internal.runners.statements.InvokeMethod.evaluate(InvokeMethod.java:17)
	at org.junit.internal.runners.statements.RunBefores.evaluate(RunBefores.java:26)
	at org.junit.internal.runners.statements.RunAfters.evaluate(RunAfters.java:27)
	at org.junit.rules.TestWatcher$1.evaluate(TestWatcher.java:61)
	at org.junit.runners.ParentRunner$3.evaluate(ParentRunner.java:306)
	at org.junit.runners.BlockJUnit4ClassRunner$1.evaluate(BlockJUnit4ClassRunner.java:100)
	at org.junit.runners.ParentRunner.runLeaf(ParentRunner.java:366)
	at org.junit.runners.BlockJUnit4ClassRunner.runChild(BlockJUnit4ClassRunner.java:103)
	at org.junit.runners.BlockJUnit4ClassRunner.runChild(BlockJUnit4ClassRunner.java:63)
	at org.junit.runners.ParentRunner$4.run(ParentRunner.java:331)
	at org.junit.runners.ParentRunner$1.schedule(ParentRunner.java:79)
	at org.junit.runners.ParentRunner.runChildren(ParentRunner.java:329)
	at org.junit.runners.ParentRunner.access$100(ParentRunner.java:66)
	at org.junit.runners.ParentRunner$2.evaluate(ParentRunner.java:293)
	at org.junit.runners.ParentRunner$3.evaluate(ParentRunner.java:306)
	at org.junit.runners.ParentRunner.run(ParentRunner.java:413)
	at org.junit.runner.JUnitCore.run(JUnitCore.java:137)
	at org.junit.runner.JUnitCore.run(JUnitCore.java:115)
	at org.junit.vintage.engine.execution.RunnerExecutor.execute(RunnerExecutor.java:43)
	at java.util.stream.ForEachOps$ForEachOp$OfRef.accept(ForEachOps.java:183)
	at java.util.stream.ReferencePipeline$3$1.accept(ReferencePipeline.java:193)
	at java.util.Iterator.forEachRemaining(Iterator.java:116)
	at java.util.Spliterators$IteratorSpliterator.forEachRemaining(Spliterators.java:1801)
	at java.util.stream.AbstractPipeline.copyInto(AbstractPipeline.java:482)
	at java.util.stream.AbstractPipeline.wrapAndCopyInto(AbstractPipeline.java:472)
	at java.util.stream.ForEachOps$ForEachOp.evaluateSequential(ForEachOps.java:150)
	at java.util.stream.ForEachOps$ForEachOp$OfRef.evaluateSequential(ForEachOps.java:173)
	at java.util.stream.AbstractPipeline.evaluate(AbstractPipeline.java:234)
	at java.util.stream.ReferencePipeline.forEach(ReferencePipeline.java:485)
	at org.junit.vintage.engine.VintageTestEngine.executeAllChildren(VintageTestEngine.java:82)
	at org.junit.vintage.engine.VintageTestEngine.execute(VintageTestEngine.java:73)
	at org.junit.platform.launcher.core.DefaultLauncher.execute(DefaultLauncher.java:248)
	at org.junit.platform.launcher.core.DefaultLauncher.lambda$execute$5(DefaultLauncher.java:211)
	at org.junit.platform.launcher.core.DefaultLauncher.withInterceptedStreams(DefaultLauncher.java:226)
	at org.junit.platform.launcher.core.DefaultLauncher.execute(DefaultLauncher.java:199)
	at org.junit.platform.launcher.core.DefaultLauncher.execute(DefaultLauncher.java:132)
	at org.apache.maven.surefire.junitplatform.JUnitPlatformProvider.invokeAllTests(JUnitPlatformProvider.java:154)
	at org.apache.maven.surefire.junitplatform.JUnitPlatformProvider.invoke(JUnitPlatformProvider.java:123)
	at org.apache.maven.surefire.booter.ForkedBooter.runSuitesInProcess(ForkedBooter.java:377)
	at org.apache.maven.surefire.booter.ForkedBooter.execute(ForkedBooter.java:138)
	at org.apache.maven.surefire.booter.ForkedBooter.run(ForkedBooter.java:465)
	at org.apache.maven.surefire.booter.ForkedBooter.main(ForkedBooter.java:451)

2024-04-24T04:53:56,137  INFO [main] metadata.Hive: Dumping metastore api call timing information for : compilation phase
2024-04-24T04:53:56,137  INFO [main] metadata.Hive: Total time spent in each metastore function (ms): {getValidTxns_(long)=0, getAllTableConstraints_(AllTableConstraintsRequest)=9, isCompatibleWith_(Configuration)=1, openTxn_(String, TxnType)=3, commitTxn_(CommitTxnRequest)=13, getTable_(GetTableRequest)=36, getValidWriteIds_(List, String)=5, getTableColumnStatistics_(String, String, List, String)=40, flushCache_()=0}
2024-04-24T04:53:56,137  INFO [main] ql.Driver: Completed compiling command(queryId=alex_20240424045355_170bb3f8-048d-4494-8fcd-0c7a19518759); Time taken: 0.231 seconds
2024-04-24T04:53:56,137  INFO [main] lockmgr.DbTxnManager: Stopped heartbeat for query: null
2024-04-24T04:53:56,142  INFO [main] txn.TxnHandler: Removed transactions: ([17]) from MIN_HISTORY_LEVEL
2024-04-24T04:53:56,150  INFO [main] ql.TxnCommandsBaseForTests: Running the query: drop table if exists acidTbl
2024-04-24T04:53:56,151  INFO [main] ql.Driver: Compiling command(queryId=alex_20240424045356_6d591d5f-9c3e-49e2-968b-13de74d66beb): drop table if exists acidTbl
2024-04-24T04:53:56,154  INFO [main] txn.TxnHandler: Added entries to MIN_HISTORY_LEVEL for current txns: ([18]) with min_open_txn: 17
2024-04-24T04:53:56,154  INFO [main] lockmgr.DbTxnManager: Opened txnid:18
2024-04-24T04:53:56,156  INFO [main] HiveMetaStore.audit: ugi=alex	ip=unknown-ip-addr	cmd=get_table : tbl=hive.default.acidTbl	
2024-04-24T04:53:56,164  INFO [main] metastore.HMSHandler: Skipping translation for processor with null
2024-04-24T04:53:56,164  INFO [main] ql.Driver: Semantic Analysis Completed (retrial = false)
2024-04-24T04:53:56,164  INFO [main] ql.Driver: Created Hive schema: Schema(fieldSchemas:null, properties:null)
2024-04-24T04:53:56,164  INFO [main] metadata.Hive: Dumping metastore api call timing information for : compilation phase
2024-04-24T04:53:56,164  INFO [main] metadata.Hive: Total time spent in each metastore function (ms): {getValidTxns_(long)=0, rollbackTxn_(long)=13, getTable_(GetTableRequest)=9, isCompatibleWith_(Configuration)=1, flushCache_()=0, openTxn_(String, TxnType)=3}
2024-04-24T04:53:56,164  INFO [main] ql.Driver: Completed compiling command(queryId=alex_20240424045356_6d591d5f-9c3e-49e2-968b-13de74d66beb); Time taken: 0.013 seconds
2024-04-24T04:53:56,165  INFO [main] lockmgr.DbTxnManager: Setting lock request transaction to txnid:18 for queryId=alex_20240424045356_6d591d5f-9c3e-49e2-968b-13de74d66beb
2024-04-24T04:53:56,165  INFO [main] lockmgr.DbLockManager: Requesting lock for queryId=alex_20240424045356_6d591d5f-9c3e-49e2-968b-13de74d66beb
2024-04-24T04:53:56,183  INFO [main] lockmgr.DbLockManager: Response to queryId=alex_20240424045356_6d591d5f-9c3e-49e2-968b-13de74d66beb LockResponse(lockid:11, state:ACQUIRED)
2024-04-24T04:53:56,183  INFO [main] ql.Driver: Operation DROPTABLE obtained 1 locks
2024-04-24T04:53:56,183  INFO [main] ql.Driver: Executing command(queryId=alex_20240424045356_6d591d5f-9c3e-49e2-968b-13de74d66beb): drop table if exists acidTbl
2024-04-24T04:53:56,183  INFO [main] ql.Driver: Starting task [Stage-0:DDL] in serial mode
2024-04-24T04:53:56,184  INFO [main] HiveMetaStore.audit: ugi=alex	ip=unknown-ip-addr	cmd=get_table : tbl=hive.default.acidTbl	
2024-04-24T04:53:56,192  INFO [main] metastore.HMSHandler: Skipping translation for processor with null
2024-04-24T04:53:56,192  INFO [main] HiveMetaStore.audit: ugi=alex	ip=unknown-ip-addr	cmd=get_table : tbl=hive.default.acidTbl	
2024-04-24T04:53:56,201  INFO [main] metastore.HMSHandler: Skipping translation for processor with null
2024-04-24T04:53:56,201  INFO [main] HiveMetaStore.audit: ugi=alex	ip=unknown-ip-addr	cmd=drop_table : tbl=hive.default.acidTbl	
2024-04-24T04:53:56,320  INFO [main] metadata.Hive: Dumping metastore api call timing information for : execution phase
2024-04-24T04:53:56,320  INFO [main] metadata.Hive: Total time spent in each metastore function (ms): {getTable_(GetTableRequest)=8, dropTable_(String, String, boolean, boolean, boolean)=128, isCompatibleWith_(Configuration)=1}
2024-04-24T04:53:56,320  INFO [main] ql.Driver: Completed executing command(queryId=alex_20240424045356_6d591d5f-9c3e-49e2-968b-13de74d66beb); Time taken: 0.137 seconds
2024-04-24T04:53:56,320  INFO [main] lockmgr.DbTxnManager: Stopped heartbeat for query: alex_20240424045356_6d591d5f-9c3e-49e2-968b-13de74d66beb
2024-04-24T04:53:56,325  INFO [main] txn.TxnHandler: Expected to move at least one record from txn_components to completed_txn_components when committing txn! txnid:18
2024-04-24T04:53:56,333  INFO [main] txn.TxnHandler: Removed transactions: ([18]) from MIN_HISTORY_LEVEL
2024-04-24T04:53:56,334  WARN [main] txn.CompactionTxnHandler: No compaction queue record found for Compaction type transaction commit. txnId:18
2024-04-24T04:53:56,335  INFO [main] ql.TxnCommandsBaseForTests: Running the query: drop table if exists acidTblPart
2024-04-24T04:53:56,335  INFO [main] ql.Driver: Compiling command(queryId=alex_20240424045356_1c0a53f2-de49-486c-8744-b418dd5a3f6b): drop table if exists acidTblPart
2024-04-24T04:53:56,346  INFO [main] txn.TxnHandler: Added entries to MIN_HISTORY_LEVEL for current txns: ([19]) with min_open_txn: 17
2024-04-24T04:53:56,346  INFO [main] lockmgr.DbTxnManager: Opened txnid:19
2024-04-24T04:53:56,349  INFO [main] HiveMetaStore.audit: ugi=alex	ip=unknown-ip-addr	cmd=get_table : tbl=hive.default.acidTblPart	
2024-04-24T04:53:56,358  INFO [main] metastore.HMSHandler: Skipping translation for processor with null
2024-04-24T04:53:56,358  INFO [main] ql.Driver: Semantic Analysis Completed (retrial = false)
2024-04-24T04:53:56,358  INFO [main] ql.Driver: Created Hive schema: Schema(fieldSchemas:null, properties:null)
2024-04-24T04:53:56,358  INFO [main] metadata.Hive: Dumping metastore api call timing information for : compilation phase
2024-04-24T04:53:56,358  INFO [main] metadata.Hive: Total time spent in each metastore function (ms): {flushCache_()=0, getTable_(GetTableRequest)=9, commitTxn_(CommitTxnRequest)=15, isCompatibleWith_(Configuration)=0, openTxn_(String, TxnType)=10, getValidTxns_(long)=3}
2024-04-24T04:53:56,358  INFO [main] ql.Driver: Completed compiling command(queryId=alex_20240424045356_1c0a53f2-de49-486c-8744-b418dd5a3f6b); Time taken: 0.023 seconds
2024-04-24T04:53:56,359  INFO [main] lockmgr.DbTxnManager: Setting lock request transaction to txnid:19 for queryId=alex_20240424045356_1c0a53f2-de49-486c-8744-b418dd5a3f6b
2024-04-24T04:53:56,359  INFO [main] lockmgr.DbLockManager: Requesting lock for queryId=alex_20240424045356_1c0a53f2-de49-486c-8744-b418dd5a3f6b
2024-04-24T04:53:56,382  INFO [main] lockmgr.DbLockManager: Response to queryId=alex_20240424045356_1c0a53f2-de49-486c-8744-b418dd5a3f6b LockResponse(lockid:12, state:ACQUIRED)
2024-04-24T04:53:56,382  INFO [main] ql.Driver: Operation DROPTABLE obtained 1 locks
2024-04-24T04:53:56,382  INFO [main] ql.Driver: Executing command(queryId=alex_20240424045356_1c0a53f2-de49-486c-8744-b418dd5a3f6b): drop table if exists acidTblPart
2024-04-24T04:53:56,382  INFO [main] ql.Driver: Starting task [Stage-0:DDL] in serial mode
2024-04-24T04:53:56,383  INFO [main] HiveMetaStore.audit: ugi=alex	ip=unknown-ip-addr	cmd=get_table : tbl=hive.default.acidTblPart	
2024-04-24T04:53:56,391  INFO [main] metastore.HMSHandler: Skipping translation for processor with null
2024-04-24T04:53:56,392  INFO [main] HiveMetaStore.audit: ugi=alex	ip=unknown-ip-addr	cmd=get_table : tbl=hive.default.acidTblPart	
2024-04-24T04:53:56,400  INFO [main] metastore.HMSHandler: Skipping translation for processor with null
2024-04-24T04:53:56,400  INFO [main] HiveMetaStore.audit: ugi=alex	ip=unknown-ip-addr	cmd=drop_table : tbl=hive.default.acidTblPart	
2024-04-24T04:53:56,449  INFO [main] metadata.Hive: Dumping metastore api call timing information for : execution phase
2024-04-24T04:53:56,449  INFO [main] metadata.Hive: Total time spent in each metastore function (ms): {getTable_(GetTableRequest)=9, isCompatibleWith_(Configuration)=0, dropTable_(String, String, boolean, boolean, boolean)=58}
2024-04-24T04:53:56,449  INFO [main] ql.Driver: Completed executing command(queryId=alex_20240424045356_1c0a53f2-de49-486c-8744-b418dd5a3f6b); Time taken: 0.067 seconds
2024-04-24T04:53:56,449  INFO [main] lockmgr.DbTxnManager: Stopped heartbeat for query: alex_20240424045356_1c0a53f2-de49-486c-8744-b418dd5a3f6b
2024-04-24T04:53:56,454  INFO [main] txn.TxnHandler: Expected to move at least one record from txn_components to completed_txn_components when committing txn! txnid:19
2024-04-24T04:53:56,462  INFO [main] txn.TxnHandler: Removed transactions: ([19]) from MIN_HISTORY_LEVEL
2024-04-24T04:53:56,462  WARN [main] txn.CompactionTxnHandler: No compaction queue record found for Compaction type transaction commit. txnId:19
2024-04-24T04:53:56,463  INFO [main] ql.TxnCommandsBaseForTests: Running the query: drop table if exists acidTbl2
2024-04-24T04:53:56,464  INFO [main] ql.Driver: Compiling command(queryId=alex_20240424045356_254250b7-810f-42b0-ab5d-b55712ee139d): drop table if exists acidTbl2
2024-04-24T04:53:56,468  INFO [main] txn.TxnHandler: Added entries to MIN_HISTORY_LEVEL for current txns: ([20]) with min_open_txn: 17
2024-04-24T04:53:56,468  INFO [main] lockmgr.DbTxnManager: Opened txnid:20
2024-04-24T04:53:56,469  INFO [main] ql.Driver: Semantic Analysis Completed (retrial = false)
2024-04-24T04:53:56,469  INFO [main] ql.Driver: Created Hive schema: Schema(fieldSchemas:null, properties:null)
2024-04-24T04:53:56,469  INFO [main] metadata.Hive: Dumping metastore api call timing information for : compilation phase
2024-04-24T04:53:56,469  INFO [main] metadata.Hive: Total time spent in each metastore function (ms): {flushCache_()=0, getValidTxns_(long)=1, getTable_(GetTableRequest)=0, commitTxn_(CommitTxnRequest)=13, isCompatibleWith_(Configuration)=0, openTxn_(String, TxnType)=3}
2024-04-24T04:53:56,470  INFO [main] ql.Driver: Completed compiling command(queryId=alex_20240424045356_254250b7-810f-42b0-ab5d-b55712ee139d); Time taken: 0.005 seconds
2024-04-24T04:53:56,470  INFO [main] lockmgr.DbTxnManager: Setting lock request transaction to txnid:20 for queryId=alex_20240424045356_254250b7-810f-42b0-ab5d-b55712ee139d
2024-04-24T04:53:56,470  INFO [main] ql.Driver: Operation DROPTABLE obtained 0 locks
2024-04-24T04:53:56,470  INFO [main] ql.Driver: Executing command(queryId=alex_20240424045356_254250b7-810f-42b0-ab5d-b55712ee139d): drop table if exists acidTbl2
2024-04-24T04:53:56,470  INFO [main] ql.Driver: Starting task [Stage-0:DDL] in serial mode
2024-04-24T04:53:56,471  INFO [main] metadata.SessionHiveMetaStoreClient: Column stats doesn't exist for db=default temp table=acidTbl2
2024-04-24T04:53:56,471  INFO [main] metadata.Hive: Dumping metastore api call timing information for : execution phase
2024-04-24T04:53:56,472  INFO [main] metadata.Hive: Total time spent in each metastore function (ms): {dropTable_(String, String, boolean, boolean, boolean)=0, getTable_(GetTableRequest)=0, isCompatibleWith_(Configuration)=0}
2024-04-24T04:53:56,472  INFO [main] ql.Driver: Completed executing command(queryId=alex_20240424045356_254250b7-810f-42b0-ab5d-b55712ee139d); Time taken: 0.001 seconds
2024-04-24T04:53:56,472  INFO [main] lockmgr.DbTxnManager: Stopped heartbeat for query: alex_20240424045356_254250b7-810f-42b0-ab5d-b55712ee139d
2024-04-24T04:53:56,478  INFO [main] txn.TxnHandler: Expected to move at least one record from txn_components to completed_txn_components when committing txn! txnid:20
2024-04-24T04:53:56,485  INFO [main] txn.TxnHandler: Removed transactions: ([20]) from MIN_HISTORY_LEVEL
2024-04-24T04:53:56,485  WARN [main] txn.CompactionTxnHandler: No compaction queue record found for Compaction type transaction commit. txnId:20
2024-04-24T04:53:56,486  INFO [main] ql.TxnCommandsBaseForTests: Running the query: drop table if exists nonAcidOrcTbl
2024-04-24T04:53:56,486  INFO [main] ql.Driver: Compiling command(queryId=alex_20240424045356_642549e3-8d14-448f-851a-df2f406e9092): drop table if exists nonAcidOrcTbl
2024-04-24T04:53:56,490  INFO [main] txn.TxnHandler: Added entries to MIN_HISTORY_LEVEL for current txns: ([21]) with min_open_txn: 17
2024-04-24T04:53:56,490  INFO [main] lockmgr.DbTxnManager: Opened txnid:21
2024-04-24T04:53:56,491  INFO [main] HiveMetaStore.audit: ugi=alex	ip=unknown-ip-addr	cmd=get_table : tbl=hive.default.nonAcidOrcTbl	
2024-04-24T04:53:56,519  INFO [main] metastore.HMSHandler: Skipping translation for processor with null
2024-04-24T04:53:56,519  INFO [main] ql.Driver: Semantic Analysis Completed (retrial = false)
2024-04-24T04:53:56,519  INFO [main] ql.Driver: Created Hive schema: Schema(fieldSchemas:null, properties:null)
2024-04-24T04:53:56,519  INFO [main] metadata.Hive: Dumping metastore api call timing information for : compilation phase
2024-04-24T04:53:56,519  INFO [main] metadata.Hive: Total time spent in each metastore function (ms): {commitTxn_(CommitTxnRequest)=14, isCompatibleWith_(Configuration)=0, openTxn_(String, TxnType)=3, getValidTxns_(long)=1, getTable_(GetTableRequest)=28, flushCache_()=0}
2024-04-24T04:53:56,520  INFO [main] ql.Driver: Completed compiling command(queryId=alex_20240424045356_642549e3-8d14-448f-851a-df2f406e9092); Time taken: 0.033 seconds
2024-04-24T04:53:56,520  INFO [main] lockmgr.DbTxnManager: Setting lock request transaction to txnid:21 for queryId=alex_20240424045356_642549e3-8d14-448f-851a-df2f406e9092
2024-04-24T04:53:56,521  INFO [main] lockmgr.DbLockManager: Requesting lock for queryId=alex_20240424045356_642549e3-8d14-448f-851a-df2f406e9092
2024-04-24T04:53:56,540  INFO [main] lockmgr.DbLockManager: Response to queryId=alex_20240424045356_642549e3-8d14-448f-851a-df2f406e9092 LockResponse(lockid:13, state:ACQUIRED)
2024-04-24T04:53:56,540  INFO [main] ql.Driver: Operation DROPTABLE obtained 1 locks
2024-04-24T04:53:56,540  INFO [main] ql.Driver: Executing command(queryId=alex_20240424045356_642549e3-8d14-448f-851a-df2f406e9092): drop table if exists nonAcidOrcTbl
2024-04-24T04:53:56,540  INFO [main] ql.Driver: Starting task [Stage-0:DDL] in serial mode
2024-04-24T04:53:56,541  INFO [main] HiveMetaStore.audit: ugi=alex	ip=unknown-ip-addr	cmd=get_table : tbl=hive.default.nonAcidOrcTbl	
2024-04-24T04:53:56,552  INFO [main] metastore.HMSHandler: Skipping translation for processor with null
2024-04-24T04:53:56,553  INFO [main] HiveMetaStore.audit: ugi=alex	ip=unknown-ip-addr	cmd=get_table : tbl=hive.default.nonAcidOrcTbl	
2024-04-24T04:53:56,565  INFO [main] metastore.HMSHandler: Skipping translation for processor with null
2024-04-24T04:53:56,566  INFO [main] HiveMetaStore.audit: ugi=alex	ip=unknown-ip-addr	cmd=drop_table : tbl=hive.default.nonAcidOrcTbl	
2024-04-24T04:53:56,665  INFO [main] metadata.Hive: Dumping metastore api call timing information for : execution phase
2024-04-24T04:53:56,666  INFO [main] metadata.Hive: Total time spent in each metastore function (ms): {dropTable_(String, String, boolean, boolean, boolean)=112, isCompatibleWith_(Configuration)=1, getTable_(GetTableRequest)=12}
2024-04-24T04:53:56,666  INFO [main] ql.Driver: Completed executing command(queryId=alex_20240424045356_642549e3-8d14-448f-851a-df2f406e9092); Time taken: 0.125 seconds
2024-04-24T04:53:56,666  INFO [main] lockmgr.DbTxnManager: Stopped heartbeat for query: alex_20240424045356_642549e3-8d14-448f-851a-df2f406e9092
2024-04-24T04:53:56,672  INFO [main] txn.TxnHandler: Expected to move at least one record from txn_components to completed_txn_components when committing txn! txnid:21
2024-04-24T04:53:56,680  INFO [main] txn.TxnHandler: Removed transactions: ([21]) from MIN_HISTORY_LEVEL
2024-04-24T04:53:56,680  WARN [main] txn.CompactionTxnHandler: No compaction queue record found for Compaction type transaction commit. txnId:21
2024-04-24T04:53:56,681  INFO [main] ql.TxnCommandsBaseForTests: Running the query: drop table if exists nonAcidOrcTbl2
2024-04-24T04:53:56,681  INFO [main] ql.Driver: Compiling command(queryId=alex_20240424045356_051d0402-9bbc-4f96-946f-31e988e21c8f): drop table if exists nonAcidOrcTbl2
2024-04-24T04:53:56,685  INFO [main] txn.TxnHandler: Added entries to MIN_HISTORY_LEVEL for current txns: ([22]) with min_open_txn: 17
2024-04-24T04:53:56,685  INFO [main] lockmgr.DbTxnManager: Opened txnid:22
2024-04-24T04:53:56,686  INFO [main] HiveMetaStore.audit: ugi=alex	ip=unknown-ip-addr	cmd=get_table : tbl=hive.default.nonAcidOrcTbl2	
2024-04-24T04:53:56,697  INFO [main] metastore.HMSHandler: Skipping translation for processor with null
2024-04-24T04:53:56,697  INFO [main] ql.Driver: Semantic Analysis Completed (retrial = false)
2024-04-24T04:53:56,697  INFO [main] ql.Driver: Created Hive schema: Schema(fieldSchemas:null, properties:null)
2024-04-24T04:53:56,698  INFO [main] metadata.Hive: Dumping metastore api call timing information for : compilation phase
2024-04-24T04:53:56,698  INFO [main] metadata.Hive: Total time spent in each metastore function (ms): {openTxn_(String, TxnType)=3, getValidTxns_(long)=1, commitTxn_(CommitTxnRequest)=14, getTable_(GetTableRequest)=11, isCompatibleWith_(Configuration)=0, flushCache_()=1}
2024-04-24T04:53:56,698  INFO [main] ql.Driver: Completed compiling command(queryId=alex_20240424045356_051d0402-9bbc-4f96-946f-31e988e21c8f); Time taken: 0.016 seconds
2024-04-24T04:53:56,698  INFO [main] lockmgr.DbTxnManager: Setting lock request transaction to txnid:22 for queryId=alex_20240424045356_051d0402-9bbc-4f96-946f-31e988e21c8f
2024-04-24T04:53:56,699  INFO [main] lockmgr.DbLockManager: Requesting lock for queryId=alex_20240424045356_051d0402-9bbc-4f96-946f-31e988e21c8f
2024-04-24T04:53:56,717  INFO [main] lockmgr.DbLockManager: Response to queryId=alex_20240424045356_051d0402-9bbc-4f96-946f-31e988e21c8f LockResponse(lockid:14, state:ACQUIRED)
2024-04-24T04:53:56,717  INFO [main] ql.Driver: Operation DROPTABLE obtained 1 locks
2024-04-24T04:53:56,717  INFO [main] ql.Driver: Executing command(queryId=alex_20240424045356_051d0402-9bbc-4f96-946f-31e988e21c8f): drop table if exists nonAcidOrcTbl2
2024-04-24T04:53:56,717  INFO [main] ql.Driver: Starting task [Stage-0:DDL] in serial mode
2024-04-24T04:53:56,717  INFO [main] HiveMetaStore.audit: ugi=alex	ip=unknown-ip-addr	cmd=get_table : tbl=hive.default.nonAcidOrcTbl2	
2024-04-24T04:53:56,728  INFO [main] metastore.HMSHandler: Skipping translation for processor with null
2024-04-24T04:53:56,729  INFO [main] HiveMetaStore.audit: ugi=alex	ip=unknown-ip-addr	cmd=get_table : tbl=hive.default.nonAcidOrcTbl2	
2024-04-24T04:53:56,741  INFO [main] metastore.HMSHandler: Skipping translation for processor with null
2024-04-24T04:53:56,741  INFO [main] HiveMetaStore.audit: ugi=alex	ip=unknown-ip-addr	cmd=drop_table : tbl=hive.default.nonAcidOrcTbl2	
2024-04-24T04:53:56,783  INFO [main] metadata.Hive: Dumping metastore api call timing information for : execution phase
2024-04-24T04:53:56,784  INFO [main] metadata.Hive: Total time spent in each metastore function (ms): {isCompatibleWith_(Configuration)=0, getTable_(GetTableRequest)=11, dropTable_(String, String, boolean, boolean, boolean)=55}
2024-04-24T04:53:56,784  INFO [main] ql.Driver: Completed executing command(queryId=alex_20240424045356_051d0402-9bbc-4f96-946f-31e988e21c8f); Time taken: 0.066 seconds
2024-04-24T04:53:56,784  INFO [main] lockmgr.DbTxnManager: Stopped heartbeat for query: alex_20240424045356_051d0402-9bbc-4f96-946f-31e988e21c8f
2024-04-24T04:53:56,789  INFO [main] txn.TxnHandler: Expected to move at least one record from txn_components to completed_txn_components when committing txn! txnid:22
2024-04-24T04:53:56,796  INFO [main] txn.TxnHandler: Removed transactions: ([22]) from MIN_HISTORY_LEVEL
2024-04-24T04:53:56,796  WARN [main] txn.CompactionTxnHandler: No compaction queue record found for Compaction type transaction commit. txnId:22
2024-04-24T04:53:56,797  INFO [main] ql.TxnCommandsBaseForTests: Running the query: drop table if exists nonAcidNonBucket
2024-04-24T04:53:56,797  INFO [main] ql.Driver: Compiling command(queryId=alex_20240424045356_04e6ce22-c96f-4ce0-a110-d905c7138af1): drop table if exists nonAcidNonBucket
2024-04-24T04:53:56,801  INFO [main] txn.TxnHandler: Added entries to MIN_HISTORY_LEVEL for current txns: ([23]) with min_open_txn: 17
2024-04-24T04:53:56,801  INFO [main] lockmgr.DbTxnManager: Opened txnid:23
2024-04-24T04:53:56,802  INFO [main] HiveMetaStore.audit: ugi=alex	ip=unknown-ip-addr	cmd=get_table : tbl=hive.default.nonAcidNonBucket	
2024-04-24T04:53:56,813  INFO [main] metastore.HMSHandler: Skipping translation for processor with null
2024-04-24T04:53:56,813  INFO [main] ql.Driver: Semantic Analysis Completed (retrial = false)
2024-04-24T04:53:56,813  INFO [main] ql.Driver: Created Hive schema: Schema(fieldSchemas:null, properties:null)
2024-04-24T04:53:56,814  INFO [main] metadata.Hive: Dumping metastore api call timing information for : compilation phase
2024-04-24T04:53:56,814  INFO [main] metadata.Hive: Total time spent in each metastore function (ms): {openTxn_(String, TxnType)=3, commitTxn_(CommitTxnRequest)=13, isCompatibleWith_(Configuration)=0, flushCache_()=0, getValidTxns_(long)=1, getTable_(GetTableRequest)=11}
2024-04-24T04:53:56,814  INFO [main] ql.Driver: Completed compiling command(queryId=alex_20240424045356_04e6ce22-c96f-4ce0-a110-d905c7138af1); Time taken: 0.017 seconds
2024-04-24T04:53:56,814  INFO [main] lockmgr.DbTxnManager: Setting lock request transaction to txnid:23 for queryId=alex_20240424045356_04e6ce22-c96f-4ce0-a110-d905c7138af1
2024-04-24T04:53:56,815  INFO [main] lockmgr.DbLockManager: Requesting lock for queryId=alex_20240424045356_04e6ce22-c96f-4ce0-a110-d905c7138af1
2024-04-24T04:53:56,833  INFO [main] lockmgr.DbLockManager: Response to queryId=alex_20240424045356_04e6ce22-c96f-4ce0-a110-d905c7138af1 LockResponse(lockid:15, state:ACQUIRED)
2024-04-24T04:53:56,833  INFO [main] ql.Driver: Operation DROPTABLE obtained 1 locks
2024-04-24T04:53:56,833  INFO [main] ql.Driver: Executing command(queryId=alex_20240424045356_04e6ce22-c96f-4ce0-a110-d905c7138af1): drop table if exists nonAcidNonBucket
2024-04-24T04:53:56,833  INFO [main] ql.Driver: Starting task [Stage-0:DDL] in serial mode
2024-04-24T04:53:56,834  INFO [main] HiveMetaStore.audit: ugi=alex	ip=unknown-ip-addr	cmd=get_table : tbl=hive.default.nonAcidNonBucket	
2024-04-24T04:53:56,844  INFO [main] metastore.HMSHandler: Skipping translation for processor with null
2024-04-24T04:53:56,845  INFO [main] HiveMetaStore.audit: ugi=alex	ip=unknown-ip-addr	cmd=get_table : tbl=hive.default.nonAcidNonBucket	
2024-04-24T04:53:56,858  INFO [main] metastore.HMSHandler: Skipping translation for processor with null
2024-04-24T04:53:56,858  INFO [main] HiveMetaStore.audit: ugi=alex	ip=unknown-ip-addr	cmd=drop_table : tbl=hive.default.nonAcidNonBucket	
2024-04-24T04:53:56,898  INFO [main] metadata.Hive: Dumping metastore api call timing information for : execution phase
2024-04-24T04:53:56,898  INFO [main] metadata.Hive: Total time spent in each metastore function (ms): {dropTable_(String, String, boolean, boolean, boolean)=54, getTable_(GetTableRequest)=11, isCompatibleWith_(Configuration)=0}
2024-04-24T04:53:56,899  INFO [main] ql.Driver: Completed executing command(queryId=alex_20240424045356_04e6ce22-c96f-4ce0-a110-d905c7138af1); Time taken: 0.065 seconds
2024-04-24T04:53:56,899  INFO [main] lockmgr.DbTxnManager: Stopped heartbeat for query: alex_20240424045356_04e6ce22-c96f-4ce0-a110-d905c7138af1
2024-04-24T04:53:56,903  INFO [main] txn.TxnHandler: Expected to move at least one record from txn_components to completed_txn_components when committing txn! txnid:23
2024-04-24T04:53:56,910  INFO [main] txn.TxnHandler: Removed transactions: ([23]) from MIN_HISTORY_LEVEL
2024-04-24T04:53:56,911  WARN [main] txn.CompactionTxnHandler: No compaction queue record found for Compaction type transaction commit. txnId:23
2024-04-24T04:53:56,911  INFO [main] utils.TestTxnDbUtil: Cleaning transactional tables
]]></system-err>
  </testcase>
  <testcase name="testRenameTable" classname="org.apache.hadoop.hive.ql.TestTxnCommands3" time="3.545">
    <error type="java.lang.RuntimeException"><![CDATA[java.lang.RuntimeException: update mydb1.T set b = 6 where b = 5 failed: (responseCode = 40000, errorMessage = FAILED: NoMatchingMethodException No matching method for class org.apache.hadoop.hive.ql.udf.UDFToInteger with (struct<writeid:bigint,bucketid:int,rowid:bigint>). Possible choices: _FUNC_(bigint)  _FUNC_(boolean)  _FUNC_(decimal(38,18))  _FUNC_(double)  _FUNC_(float)  _FUNC_(smallint)  _FUNC_(string)  _FUNC_(struct<bucketid:bigint,writeid:bigint,rowid:int>)  _FUNC_(timestamp)  _FUNC_(tinyint)  _FUNC_(void)  , hiveErrorCode = 40000, SQLState = 42000, exception = No matching method for class org.apache.hadoop.hive.ql.udf.UDFToInteger with (struct<writeid:bigint,bucketid:int,rowid:bigint>). Possible choices: _FUNC_(bigint)  _FUNC_(boolean)  _FUNC_(decimal(38,18))  _FUNC_(double)  _FUNC_(float)  _FUNC_(smallint)  _FUNC_(string)  _FUNC_(struct<bucketid:bigint,writeid:bigint,rowid:int>)  _FUNC_(timestamp)  _FUNC_(tinyint)  _FUNC_(void)  )
	at org.apache.hadoop.hive.ql.TxnCommandsBaseForTests.runStatementOnDriver(TxnCommandsBaseForTests.java:247)
	at org.apache.hadoop.hive.ql.TestTxnCommands3.testRenameTable(TestTxnCommands3.java:79)
	at sun.reflect.NativeMethodAccessorImpl.invoke0(Native Method)
	at sun.reflect.NativeMethodAccessorImpl.invoke(NativeMethodAccessorImpl.java:62)
	at sun.reflect.DelegatingMethodAccessorImpl.invoke(DelegatingMethodAccessorImpl.java:43)
	at java.lang.reflect.Method.invoke(Method.java:498)
	at org.junit.runners.model.FrameworkMethod$1.runReflectiveCall(FrameworkMethod.java:59)
	at org.junit.internal.runners.model.ReflectiveCallable.run(ReflectiveCallable.java:12)
	at org.junit.runners.model.FrameworkMethod.invokeExplosively(FrameworkMethod.java:56)
	at org.junit.internal.runners.statements.InvokeMethod.evaluate(InvokeMethod.java:17)
	at org.junit.internal.runners.statements.RunBefores.evaluate(RunBefores.java:26)
	at org.junit.internal.runners.statements.RunAfters.evaluate(RunAfters.java:27)
	at org.junit.rules.TestWatcher$1.evaluate(TestWatcher.java:61)
	at org.junit.runners.ParentRunner$3.evaluate(ParentRunner.java:306)
	at org.junit.runners.BlockJUnit4ClassRunner$1.evaluate(BlockJUnit4ClassRunner.java:100)
	at org.junit.runners.ParentRunner.runLeaf(ParentRunner.java:366)
	at org.junit.runners.BlockJUnit4ClassRunner.runChild(BlockJUnit4ClassRunner.java:103)
	at org.junit.runners.BlockJUnit4ClassRunner.runChild(BlockJUnit4ClassRunner.java:63)
	at org.junit.runners.ParentRunner$4.run(ParentRunner.java:331)
	at org.junit.runners.ParentRunner$1.schedule(ParentRunner.java:79)
	at org.junit.runners.ParentRunner.runChildren(ParentRunner.java:329)
	at org.junit.runners.ParentRunner.access$100(ParentRunner.java:66)
	at org.junit.runners.ParentRunner$2.evaluate(ParentRunner.java:293)
	at org.junit.runners.ParentRunner$3.evaluate(ParentRunner.java:306)
	at org.junit.runners.ParentRunner.run(ParentRunner.java:413)
	at org.junit.runner.JUnitCore.run(JUnitCore.java:137)
	at org.junit.runner.JUnitCore.run(JUnitCore.java:115)
	at org.junit.vintage.engine.execution.RunnerExecutor.execute(RunnerExecutor.java:43)
	at java.util.stream.ForEachOps$ForEachOp$OfRef.accept(ForEachOps.java:183)
	at java.util.stream.ReferencePipeline$3$1.accept(ReferencePipeline.java:193)
	at java.util.Iterator.forEachRemaining(Iterator.java:116)
	at java.util.Spliterators$IteratorSpliterator.forEachRemaining(Spliterators.java:1801)
	at java.util.stream.AbstractPipeline.copyInto(AbstractPipeline.java:482)
	at java.util.stream.AbstractPipeline.wrapAndCopyInto(AbstractPipeline.java:472)
	at java.util.stream.ForEachOps$ForEachOp.evaluateSequential(ForEachOps.java:150)
	at java.util.stream.ForEachOps$ForEachOp$OfRef.evaluateSequential(ForEachOps.java:173)
	at java.util.stream.AbstractPipeline.evaluate(AbstractPipeline.java:234)
	at java.util.stream.ReferencePipeline.forEach(ReferencePipeline.java:485)
	at org.junit.vintage.engine.VintageTestEngine.executeAllChildren(VintageTestEngine.java:82)
	at org.junit.vintage.engine.VintageTestEngine.execute(VintageTestEngine.java:73)
	at org.junit.platform.launcher.core.DefaultLauncher.execute(DefaultLauncher.java:248)
	at org.junit.platform.launcher.core.DefaultLauncher.lambda$execute$5(DefaultLauncher.java:211)
	at org.junit.platform.launcher.core.DefaultLauncher.withInterceptedStreams(DefaultLauncher.java:226)
	at org.junit.platform.launcher.core.DefaultLauncher.execute(DefaultLauncher.java:199)
	at org.junit.platform.launcher.core.DefaultLauncher.execute(DefaultLauncher.java:132)
	at org.apache.maven.surefire.junitplatform.JUnitPlatformProvider.invokeAllTests(JUnitPlatformProvider.java:154)
	at org.apache.maven.surefire.junitplatform.JUnitPlatformProvider.invoke(JUnitPlatformProvider.java:123)
	at org.apache.maven.surefire.booter.ForkedBooter.runSuitesInProcess(ForkedBooter.java:377)
	at org.apache.maven.surefire.booter.ForkedBooter.execute(ForkedBooter.java:138)
	at org.apache.maven.surefire.booter.ForkedBooter.run(ForkedBooter.java:465)
	at org.apache.maven.surefire.booter.ForkedBooter.main(ForkedBooter.java:451)
]]></error>
    <system-err><![CDATA[2024-04-24T04:53:56,993  WARN [main] conf.HiveConf: HiveConf of name hive.stats.key.prefix.reserve.length does not exist
2024-04-24T04:53:56,993  WARN [main] conf.HiveConf: HiveConf of name hive.dummyparam.test.server.specific.config.hivesite does not exist
2024-04-24T04:53:56,993  WARN [main] conf.HiveConf: HiveConf of name hive.llap.io.cache.orc.alloc.max does not exist
2024-04-24T04:53:56,994  WARN [main] conf.HiveConf: HiveConf of name hive.metastore.client.cache.recordStats does not exist
2024-04-24T04:53:56,994  WARN [main] conf.HiveConf: HiveConf of name hive.metastore.metadb.dir does not exist
2024-04-24T04:53:56,994  WARN [main] conf.HiveConf: HiveConf of name hive.dummyparam.test.server.specific.config.metastoresite does not exist
2024-04-24T04:53:56,994  WARN [main] conf.HiveConf: HiveConf of name hive.metastore.client.cache.maxSize does not exist
2024-04-24T04:53:56,994  WARN [main] conf.HiveConf: HiveConf of name hive.llap.io.cache.orc.arena.size does not exist
2024-04-24T04:53:56,994  WARN [main] conf.HiveConf: HiveConf of name hive.dummyparam.test.server.specific.config.override does not exist
2024-04-24T04:53:56,994  WARN [main] conf.HiveConf: HiveConf of name hive.llap.io.cache.orc.size does not exist
2024-04-24T04:53:56,994  WARN [main] conf.HiveConf: HiveConf of name hive.llap.io.cache.orc.alloc.min does not exist
2024-04-24T04:53:56,997  INFO [main] utils.TestTxnDbUtil: Creating transactional tables
Hive Session ID = a2cbde4c-b7e8-4a4f-9b0e-13a72c425f28
2024-04-24T04:53:57,000  INFO [main] SessionState: Hive Session ID = a2cbde4c-b7e8-4a4f-9b0e-13a72c425f28
ivysettings.xml file not found in HIVE_HOME or HIVE_CONF_DIR,/home/alex/Repositories/hive/conf/ivysettings.xml will be used
2024-04-24T04:53:57,000  INFO [main] DependencyResolver: ivysettings.xml file not found in HIVE_HOME or HIVE_CONF_DIR,/home/alex/Repositories/hive/conf/ivysettings.xml will be used
2024-04-24T04:53:57,006  INFO [main] session.SessionState: Created HDFS directory: /home/alex/Repositories/hive/ql/target/tmp/scratchdir/alex/a2cbde4c-b7e8-4a4f-9b0e-13a72c425f28
2024-04-24T04:53:57,009  INFO [main] session.SessionState: Created local directory: /home/alex/Repositories/hive/ql/target/tmp/localscratchdir/a2cbde4c-b7e8-4a4f-9b0e-13a72c425f28
2024-04-24T04:53:57,012  INFO [main] session.SessionState: Created HDFS directory: /home/alex/Repositories/hive/ql/target/tmp/scratchdir/alex/a2cbde4c-b7e8-4a4f-9b0e-13a72c425f28/_tmp_space.db
2024-04-24T04:53:57,012  INFO [main] sqlstd.SQLStdHiveAccessController: Created SQLStdHiveAccessController for session context : HiveAuthzSessionContext [sessionString=a2cbde4c-b7e8-4a4f-9b0e-13a72c425f28, clientType=HIVECLI]
2024-04-24T04:53:57,013  INFO [main] ql.TxnCommandsBaseForTests: Running the query: drop table if exists acidTbl
2024-04-24T04:53:57,013  INFO [main] ql.Driver: Compiling command(queryId=alex_20240424045357_da4ae32f-d9ef-4974-ad02-4dfc09fb2e7f): drop table if exists acidTbl
2024-04-24T04:53:57,028  INFO [main] txn.TxnHandler: Added entries to MIN_HISTORY_LEVEL for current txns: ([1]) with min_open_txn: 1
2024-04-24T04:53:57,029  INFO [main] lockmgr.DbTxnManager: Opened txnid:1
2024-04-24T04:53:57,033  INFO [main] HiveMetaStore.audit: ugi=alex	ip=unknown-ip-addr	cmd=get_table : tbl=hive.default.acidTbl	
2024-04-24T04:53:57,044  INFO [main] ql.Driver: Semantic Analysis Completed (retrial = false)
2024-04-24T04:53:57,044  INFO [main] ql.Driver: Created Hive schema: Schema(fieldSchemas:null, properties:null)
2024-04-24T04:53:57,045  INFO [main] metadata.Hive: Dumping metastore api call timing information for : compilation phase
2024-04-24T04:53:57,045  INFO [main] metadata.Hive: Total time spent in each metastore function (ms): {commitTxn_(CommitTxnRequest)=12, isCompatibleWith_(Configuration)=1, flushCache_()=1, getValidTxns_(long)=3, openTxn_(String, TxnType)=15}
2024-04-24T04:53:57,045  INFO [main] ql.Driver: Completed compiling command(queryId=alex_20240424045357_da4ae32f-d9ef-4974-ad02-4dfc09fb2e7f); Time taken: 0.031 seconds
2024-04-24T04:53:57,045  INFO [main] lockmgr.DbTxnManager: Setting lock request transaction to txnid:1 for queryId=alex_20240424045357_da4ae32f-d9ef-4974-ad02-4dfc09fb2e7f
2024-04-24T04:53:57,045  INFO [main] ql.Driver: Operation DROPTABLE obtained 0 locks
2024-04-24T04:53:57,045  INFO [main] ql.Driver: Executing command(queryId=alex_20240424045357_da4ae32f-d9ef-4974-ad02-4dfc09fb2e7f): drop table if exists acidTbl
2024-04-24T04:53:57,045  INFO [main] ql.Driver: Starting task [Stage-0:DDL] in serial mode
2024-04-24T04:53:57,046  INFO [main] HiveMetaStore.audit: ugi=alex	ip=unknown-ip-addr	cmd=get_table : tbl=hive.default.acidTbl	
2024-04-24T04:53:57,049  INFO [main] metadata.Hive: Dumping metastore api call timing information for : execution phase
2024-04-24T04:53:57,050  INFO [main] metadata.Hive: Total time spent in each metastore function (ms): {isCompatibleWith_(Configuration)=0}
2024-04-24T04:53:57,050  INFO [main] ql.Driver: Completed executing command(queryId=alex_20240424045357_da4ae32f-d9ef-4974-ad02-4dfc09fb2e7f); Time taken: 0.004 seconds
2024-04-24T04:53:57,050  INFO [main] lockmgr.DbTxnManager: Stopped heartbeat for query: alex_20240424045357_da4ae32f-d9ef-4974-ad02-4dfc09fb2e7f
2024-04-24T04:53:57,057  INFO [main] txn.TxnHandler: Expected to move at least one record from txn_components to completed_txn_components when committing txn! txnid:1
2024-04-24T04:53:57,065  INFO [main] txn.TxnHandler: Removed transactions: ([1]) from MIN_HISTORY_LEVEL
2024-04-24T04:53:57,065  WARN [main] txn.CompactionTxnHandler: No compaction queue record found for Compaction type transaction commit. txnId:1
2024-04-24T04:53:57,065  INFO [main] ql.TxnCommandsBaseForTests: Running the query: drop table if exists acidTblPart
2024-04-24T04:53:57,066  INFO [main] ql.Driver: Compiling command(queryId=alex_20240424045357_a8d1b75c-93d9-46ac-b93a-264f3da662ee): drop table if exists acidTblPart
2024-04-24T04:53:57,069  INFO [main] txn.TxnHandler: Added entries to MIN_HISTORY_LEVEL for current txns: ([2]) with min_open_txn: 1
2024-04-24T04:53:57,069  INFO [main] lockmgr.DbTxnManager: Opened txnid:2
2024-04-24T04:53:57,070  INFO [main] HiveMetaStore.audit: ugi=alex	ip=unknown-ip-addr	cmd=get_table : tbl=hive.default.acidTblPart	
2024-04-24T04:53:57,074  INFO [main] ql.Driver: Semantic Analysis Completed (retrial = false)
2024-04-24T04:53:57,074  INFO [main] ql.Driver: Created Hive schema: Schema(fieldSchemas:null, properties:null)
2024-04-24T04:53:57,074  INFO [main] metadata.Hive: Dumping metastore api call timing information for : compilation phase
2024-04-24T04:53:57,074  INFO [main] metadata.Hive: Total time spent in each metastore function (ms): {openTxn_(String, TxnType)=3, flushCache_()=0, commitTxn_(CommitTxnRequest)=15, getValidTxns_(long)=1, isCompatibleWith_(Configuration)=0}
2024-04-24T04:53:57,074  INFO [main] ql.Driver: Completed compiling command(queryId=alex_20240424045357_a8d1b75c-93d9-46ac-b93a-264f3da662ee); Time taken: 0.008 seconds
2024-04-24T04:53:57,075  INFO [main] lockmgr.DbTxnManager: Setting lock request transaction to txnid:2 for queryId=alex_20240424045357_a8d1b75c-93d9-46ac-b93a-264f3da662ee
2024-04-24T04:53:57,075  INFO [main] ql.Driver: Operation DROPTABLE obtained 0 locks
2024-04-24T04:53:57,075  INFO [main] ql.Driver: Executing command(queryId=alex_20240424045357_a8d1b75c-93d9-46ac-b93a-264f3da662ee): drop table if exists acidTblPart
2024-04-24T04:53:57,075  INFO [main] ql.Driver: Starting task [Stage-0:DDL] in serial mode
2024-04-24T04:53:57,075  INFO [main] HiveMetaStore.audit: ugi=alex	ip=unknown-ip-addr	cmd=get_table : tbl=hive.default.acidTblPart	
2024-04-24T04:53:57,079  INFO [main] metadata.Hive: Dumping metastore api call timing information for : execution phase
2024-04-24T04:53:57,079  INFO [main] metadata.Hive: Total time spent in each metastore function (ms): {isCompatibleWith_(Configuration)=0}
2024-04-24T04:53:57,079  INFO [main] ql.Driver: Completed executing command(queryId=alex_20240424045357_a8d1b75c-93d9-46ac-b93a-264f3da662ee); Time taken: 0.004 seconds
2024-04-24T04:53:57,079  INFO [main] lockmgr.DbTxnManager: Stopped heartbeat for query: alex_20240424045357_a8d1b75c-93d9-46ac-b93a-264f3da662ee
2024-04-24T04:53:57,087  INFO [main] txn.TxnHandler: Expected to move at least one record from txn_components to completed_txn_components when committing txn! txnid:2
2024-04-24T04:53:57,094  INFO [main] txn.TxnHandler: Removed transactions: ([2]) from MIN_HISTORY_LEVEL
2024-04-24T04:53:57,094  WARN [main] txn.CompactionTxnHandler: No compaction queue record found for Compaction type transaction commit. txnId:2
2024-04-24T04:53:57,095  INFO [main] ql.TxnCommandsBaseForTests: Running the query: drop table if exists acidTbl2
2024-04-24T04:53:57,096  INFO [main] ql.Driver: Compiling command(queryId=alex_20240424045357_fd04ff8b-6068-4209-aeb3-4e0460509b46): drop table if exists acidTbl2
2024-04-24T04:53:57,099  INFO [main] txn.TxnHandler: Added entries to MIN_HISTORY_LEVEL for current txns: ([3]) with min_open_txn: 1
2024-04-24T04:53:57,099  INFO [main] lockmgr.DbTxnManager: Opened txnid:3
2024-04-24T04:53:57,100  INFO [main] HiveMetaStore.audit: ugi=alex	ip=unknown-ip-addr	cmd=get_table : tbl=hive.default.acidTbl2	
2024-04-24T04:53:57,103  INFO [main] ql.Driver: Semantic Analysis Completed (retrial = false)
2024-04-24T04:53:57,103  INFO [main] ql.Driver: Created Hive schema: Schema(fieldSchemas:null, properties:null)
2024-04-24T04:53:57,103  INFO [main] metadata.Hive: Dumping metastore api call timing information for : compilation phase
2024-04-24T04:53:57,104  INFO [main] metadata.Hive: Total time spent in each metastore function (ms): {flushCache_()=0, getValidTxns_(long)=1, openTxn_(String, TxnType)=3, isCompatibleWith_(Configuration)=1, commitTxn_(CommitTxnRequest)=15}
2024-04-24T04:53:57,104  INFO [main] ql.Driver: Completed compiling command(queryId=alex_20240424045357_fd04ff8b-6068-4209-aeb3-4e0460509b46); Time taken: 0.007 seconds
2024-04-24T04:53:57,104  INFO [main] lockmgr.DbTxnManager: Setting lock request transaction to txnid:3 for queryId=alex_20240424045357_fd04ff8b-6068-4209-aeb3-4e0460509b46
2024-04-24T04:53:57,104  INFO [main] ql.Driver: Operation DROPTABLE obtained 0 locks
2024-04-24T04:53:57,104  INFO [main] ql.Driver: Executing command(queryId=alex_20240424045357_fd04ff8b-6068-4209-aeb3-4e0460509b46): drop table if exists acidTbl2
2024-04-24T04:53:57,104  INFO [main] ql.Driver: Starting task [Stage-0:DDL] in serial mode
2024-04-24T04:53:57,105  INFO [main] HiveMetaStore.audit: ugi=alex	ip=unknown-ip-addr	cmd=get_table : tbl=hive.default.acidTbl2	
2024-04-24T04:53:57,108  INFO [main] metadata.Hive: Dumping metastore api call timing information for : execution phase
2024-04-24T04:53:57,108  INFO [main] metadata.Hive: Total time spent in each metastore function (ms): {isCompatibleWith_(Configuration)=0}
2024-04-24T04:53:57,109  INFO [main] ql.Driver: Completed executing command(queryId=alex_20240424045357_fd04ff8b-6068-4209-aeb3-4e0460509b46); Time taken: 0.004 seconds
2024-04-24T04:53:57,109  INFO [main] lockmgr.DbTxnManager: Stopped heartbeat for query: alex_20240424045357_fd04ff8b-6068-4209-aeb3-4e0460509b46
2024-04-24T04:53:57,115  INFO [main] txn.TxnHandler: Expected to move at least one record from txn_components to completed_txn_components when committing txn! txnid:3
2024-04-24T04:53:57,122  INFO [main] txn.TxnHandler: Removed transactions: ([3]) from MIN_HISTORY_LEVEL
2024-04-24T04:53:57,122  WARN [main] txn.CompactionTxnHandler: No compaction queue record found for Compaction type transaction commit. txnId:3
2024-04-24T04:53:57,123  INFO [main] ql.TxnCommandsBaseForTests: Running the query: drop table if exists nonAcidOrcTbl
2024-04-24T04:53:57,123  INFO [main] ql.Driver: Compiling command(queryId=alex_20240424045357_66a01b0f-4a11-4291-8a4c-92a29269bae6): drop table if exists nonAcidOrcTbl
2024-04-24T04:53:57,126  INFO [main] txn.TxnHandler: Added entries to MIN_HISTORY_LEVEL for current txns: ([4]) with min_open_txn: 1
2024-04-24T04:53:57,127  INFO [main] lockmgr.DbTxnManager: Opened txnid:4
2024-04-24T04:53:57,128  INFO [main] HiveMetaStore.audit: ugi=alex	ip=unknown-ip-addr	cmd=get_table : tbl=hive.default.nonAcidOrcTbl	
2024-04-24T04:53:57,131  INFO [main] ql.Driver: Semantic Analysis Completed (retrial = false)
2024-04-24T04:53:57,131  INFO [main] ql.Driver: Created Hive schema: Schema(fieldSchemas:null, properties:null)
2024-04-24T04:53:57,131  INFO [main] metadata.Hive: Dumping metastore api call timing information for : compilation phase
2024-04-24T04:53:57,131  INFO [main] metadata.Hive: Total time spent in each metastore function (ms): {commitTxn_(CommitTxnRequest)=14, openTxn_(String, TxnType)=3, isCompatibleWith_(Configuration)=0, getValidTxns_(long)=0, flushCache_()=1}
2024-04-24T04:53:57,131  INFO [main] ql.Driver: Completed compiling command(queryId=alex_20240424045357_66a01b0f-4a11-4291-8a4c-92a29269bae6); Time taken: 0.008 seconds
2024-04-24T04:53:57,132  INFO [main] lockmgr.DbTxnManager: Setting lock request transaction to txnid:4 for queryId=alex_20240424045357_66a01b0f-4a11-4291-8a4c-92a29269bae6
2024-04-24T04:53:57,132  INFO [main] ql.Driver: Operation DROPTABLE obtained 0 locks
2024-04-24T04:53:57,132  INFO [main] ql.Driver: Executing command(queryId=alex_20240424045357_66a01b0f-4a11-4291-8a4c-92a29269bae6): drop table if exists nonAcidOrcTbl
2024-04-24T04:53:57,132  INFO [main] ql.Driver: Starting task [Stage-0:DDL] in serial mode
2024-04-24T04:53:57,132  INFO [main] HiveMetaStore.audit: ugi=alex	ip=unknown-ip-addr	cmd=get_table : tbl=hive.default.nonAcidOrcTbl	
2024-04-24T04:53:57,136  INFO [main] metadata.Hive: Dumping metastore api call timing information for : execution phase
2024-04-24T04:53:57,136  INFO [main] metadata.Hive: Total time spent in each metastore function (ms): {isCompatibleWith_(Configuration)=0}
2024-04-24T04:53:57,136  INFO [main] ql.Driver: Completed executing command(queryId=alex_20240424045357_66a01b0f-4a11-4291-8a4c-92a29269bae6); Time taken: 0.004 seconds
2024-04-24T04:53:57,136  INFO [main] lockmgr.DbTxnManager: Stopped heartbeat for query: alex_20240424045357_66a01b0f-4a11-4291-8a4c-92a29269bae6
2024-04-24T04:53:57,143  INFO [main] txn.TxnHandler: Expected to move at least one record from txn_components to completed_txn_components when committing txn! txnid:4
2024-04-24T04:53:57,150  INFO [main] txn.TxnHandler: Removed transactions: ([4]) from MIN_HISTORY_LEVEL
2024-04-24T04:53:57,150  WARN [main] txn.CompactionTxnHandler: No compaction queue record found for Compaction type transaction commit. txnId:4
2024-04-24T04:53:57,151  INFO [main] ql.TxnCommandsBaseForTests: Running the query: drop table if exists nonAcidOrcTbl2
2024-04-24T04:53:57,151  INFO [main] ql.Driver: Compiling command(queryId=alex_20240424045357_397b64cc-8489-4fb3-b30e-70a5b6e67884): drop table if exists nonAcidOrcTbl2
2024-04-24T04:53:57,154  INFO [main] txn.TxnHandler: Added entries to MIN_HISTORY_LEVEL for current txns: ([5]) with min_open_txn: 1
2024-04-24T04:53:57,154  INFO [main] lockmgr.DbTxnManager: Opened txnid:5
2024-04-24T04:53:57,156  INFO [main] HiveMetaStore.audit: ugi=alex	ip=unknown-ip-addr	cmd=get_table : tbl=hive.default.nonAcidOrcTbl2	
2024-04-24T04:53:57,159  INFO [main] ql.Driver: Semantic Analysis Completed (retrial = false)
2024-04-24T04:53:57,159  INFO [main] ql.Driver: Created Hive schema: Schema(fieldSchemas:null, properties:null)
2024-04-24T04:53:57,159  INFO [main] metadata.Hive: Dumping metastore api call timing information for : compilation phase
2024-04-24T04:53:57,159  INFO [main] metadata.Hive: Total time spent in each metastore function (ms): {isCompatibleWith_(Configuration)=0, flushCache_()=0, commitTxn_(CommitTxnRequest)=15, openTxn_(String, TxnType)=2, getValidTxns_(long)=0}
2024-04-24T04:53:57,159  INFO [main] ql.Driver: Completed compiling command(queryId=alex_20240424045357_397b64cc-8489-4fb3-b30e-70a5b6e67884); Time taken: 0.008 seconds
2024-04-24T04:53:57,160  INFO [main] lockmgr.DbTxnManager: Setting lock request transaction to txnid:5 for queryId=alex_20240424045357_397b64cc-8489-4fb3-b30e-70a5b6e67884
2024-04-24T04:53:57,160  INFO [main] ql.Driver: Operation DROPTABLE obtained 0 locks
2024-04-24T04:53:57,160  INFO [main] ql.Driver: Executing command(queryId=alex_20240424045357_397b64cc-8489-4fb3-b30e-70a5b6e67884): drop table if exists nonAcidOrcTbl2
2024-04-24T04:53:57,160  INFO [main] ql.Driver: Starting task [Stage-0:DDL] in serial mode
2024-04-24T04:53:57,160  INFO [main] HiveMetaStore.audit: ugi=alex	ip=unknown-ip-addr	cmd=get_table : tbl=hive.default.nonAcidOrcTbl2	
2024-04-24T04:53:57,164  INFO [main] metadata.Hive: Dumping metastore api call timing information for : execution phase
2024-04-24T04:53:57,164  INFO [main] metadata.Hive: Total time spent in each metastore function (ms): {isCompatibleWith_(Configuration)=0}
2024-04-24T04:53:57,164  INFO [main] ql.Driver: Completed executing command(queryId=alex_20240424045357_397b64cc-8489-4fb3-b30e-70a5b6e67884); Time taken: 0.004 seconds
2024-04-24T04:53:57,164  INFO [main] lockmgr.DbTxnManager: Stopped heartbeat for query: alex_20240424045357_397b64cc-8489-4fb3-b30e-70a5b6e67884
2024-04-24T04:53:57,171  INFO [main] txn.TxnHandler: Expected to move at least one record from txn_components to completed_txn_components when committing txn! txnid:5
2024-04-24T04:53:57,178  INFO [main] txn.TxnHandler: Removed transactions: ([5]) from MIN_HISTORY_LEVEL
2024-04-24T04:53:57,179  WARN [main] txn.CompactionTxnHandler: No compaction queue record found for Compaction type transaction commit. txnId:5
2024-04-24T04:53:57,179  INFO [main] ql.TxnCommandsBaseForTests: Running the query: drop table if exists nonAcidNonBucket
2024-04-24T04:53:57,180  INFO [main] ql.Driver: Compiling command(queryId=alex_20240424045357_f91737bd-6592-4d82-bdb8-2b09bb95ef48): drop table if exists nonAcidNonBucket
2024-04-24T04:53:57,183  INFO [main] txn.TxnHandler: Added entries to MIN_HISTORY_LEVEL for current txns: ([6]) with min_open_txn: 1
2024-04-24T04:53:57,183  INFO [main] lockmgr.DbTxnManager: Opened txnid:6
2024-04-24T04:53:57,184  INFO [main] HiveMetaStore.audit: ugi=alex	ip=unknown-ip-addr	cmd=get_table : tbl=hive.default.nonAcidNonBucket	
2024-04-24T04:53:57,188  INFO [main] ql.Driver: Semantic Analysis Completed (retrial = false)
2024-04-24T04:53:57,188  INFO [main] ql.Driver: Created Hive schema: Schema(fieldSchemas:null, properties:null)
2024-04-24T04:53:57,188  INFO [main] metadata.Hive: Dumping metastore api call timing information for : compilation phase
2024-04-24T04:53:57,188  INFO [main] metadata.Hive: Total time spent in each metastore function (ms): {commitTxn_(CommitTxnRequest)=15, isCompatibleWith_(Configuration)=0, getValidTxns_(long)=1, flushCache_()=0, openTxn_(String, TxnType)=3}
2024-04-24T04:53:57,188  INFO [main] ql.Driver: Completed compiling command(queryId=alex_20240424045357_f91737bd-6592-4d82-bdb8-2b09bb95ef48); Time taken: 0.008 seconds
2024-04-24T04:53:57,188  INFO [main] lockmgr.DbTxnManager: Setting lock request transaction to txnid:6 for queryId=alex_20240424045357_f91737bd-6592-4d82-bdb8-2b09bb95ef48
2024-04-24T04:53:57,188  INFO [main] ql.Driver: Operation DROPTABLE obtained 0 locks
2024-04-24T04:53:57,188  INFO [main] ql.Driver: Executing command(queryId=alex_20240424045357_f91737bd-6592-4d82-bdb8-2b09bb95ef48): drop table if exists nonAcidNonBucket
2024-04-24T04:53:57,189  INFO [main] ql.Driver: Starting task [Stage-0:DDL] in serial mode
2024-04-24T04:53:57,189  INFO [main] HiveMetaStore.audit: ugi=alex	ip=unknown-ip-addr	cmd=get_table : tbl=hive.default.nonAcidNonBucket	
2024-04-24T04:53:57,193  INFO [main] metadata.Hive: Dumping metastore api call timing information for : execution phase
2024-04-24T04:53:57,193  INFO [main] metadata.Hive: Total time spent in each metastore function (ms): {isCompatibleWith_(Configuration)=0}
2024-04-24T04:53:57,193  INFO [main] ql.Driver: Completed executing command(queryId=alex_20240424045357_f91737bd-6592-4d82-bdb8-2b09bb95ef48); Time taken: 0.005 seconds
2024-04-24T04:53:57,193  INFO [main] lockmgr.DbTxnManager: Stopped heartbeat for query: alex_20240424045357_f91737bd-6592-4d82-bdb8-2b09bb95ef48
2024-04-24T04:53:57,199  INFO [main] txn.TxnHandler: Expected to move at least one record from txn_components to completed_txn_components when committing txn! txnid:6
2024-04-24T04:53:57,207  INFO [main] txn.TxnHandler: Removed transactions: ([6]) from MIN_HISTORY_LEVEL
2024-04-24T04:53:57,207  WARN [main] txn.CompactionTxnHandler: No compaction queue record found for Compaction type transaction commit. txnId:6
2024-04-24T04:53:57,208  INFO [main] ql.TxnCommandsBaseForTests: Running the query: create table acidTbl(a int, b int) clustered by (a) into 2 buckets stored as orc TBLPROPERTIES ('transactional'='true')
2024-04-24T04:53:57,208  INFO [main] ql.Driver: Compiling command(queryId=alex_20240424045357_100102e5-50f2-4720-851d-547e1b0f9667): create table acidTbl(a int, b int) clustered by (a) into 2 buckets stored as orc TBLPROPERTIES ('transactional'='true')
2024-04-24T04:53:57,212  INFO [main] txn.TxnHandler: Added entries to MIN_HISTORY_LEVEL for current txns: ([7]) with min_open_txn: 1
2024-04-24T04:53:57,212  INFO [main] lockmgr.DbTxnManager: Opened txnid:7
2024-04-24T04:53:57,213  INFO [main] parse.CalcitePlanner: Starting caching scope for: 
2024-04-24T04:53:57,213  INFO [main] parse.CalcitePlanner: Starting Semantic Analysis
2024-04-24T04:53:57,220  INFO [main] parse.CalcitePlanner: Creating table default.acidTbl position=13
2024-04-24T04:53:57,221  INFO [main] HiveMetaStore.audit: ugi=alex	ip=unknown-ip-addr	cmd=get_database: default	
2024-04-24T04:53:57,223  INFO [main] parse.CalcitePlanner: Ending caching scope for: 
2024-04-24T04:53:57,223  INFO [main] ql.Driver: Semantic Analysis Completed (retrial = false)
2024-04-24T04:53:57,223  INFO [main] ql.Driver: Created Hive schema: Schema(fieldSchemas:null, properties:null)
2024-04-24T04:53:57,223  INFO [main] metadata.Hive: Dumping metastore api call timing information for : compilation phase
2024-04-24T04:53:57,223  INFO [main] metadata.Hive: Total time spent in each metastore function (ms): {openTxn_(String, TxnType)=3, commitTxn_(CommitTxnRequest)=15, flushCache_()=0, getValidWriteIds_(List, String)=7, getDatabase_(String)=3, isCompatibleWith_(Configuration)=0, getValidTxns_(long)=1}
2024-04-24T04:53:57,223  INFO [main] ql.Driver: Completed compiling command(queryId=alex_20240424045357_100102e5-50f2-4720-851d-547e1b0f9667); Time taken: 0.015 seconds
2024-04-24T04:53:57,224  INFO [main] lockmgr.DbTxnManager: Setting lock request transaction to txnid:7 for queryId=alex_20240424045357_100102e5-50f2-4720-851d-547e1b0f9667
2024-04-24T04:53:57,224  INFO [main] lockmgr.DbLockManager: Requesting lock for queryId=alex_20240424045357_100102e5-50f2-4720-851d-547e1b0f9667
2024-04-24T04:53:57,245  INFO [main] lockmgr.DbLockManager: Response to queryId=alex_20240424045357_100102e5-50f2-4720-851d-547e1b0f9667 LockResponse(lockid:1, state:ACQUIRED)
2024-04-24T04:53:57,246  INFO [main] ql.Driver: Operation CREATETABLE obtained 1 locks
2024-04-24T04:53:57,246  INFO [main] ql.Driver: Executing command(queryId=alex_20240424045357_100102e5-50f2-4720-851d-547e1b0f9667): create table acidTbl(a int, b int) clustered by (a) into 2 buckets stored as orc TBLPROPERTIES ('transactional'='true')
2024-04-24T04:53:57,247  INFO [main] ql.Driver: Starting task [Stage-0:DDL] in serial mode
2024-04-24T04:53:57,248  INFO [main] HiveMetaStore.audit: ugi=alex	ip=unknown-ip-addr	cmd=create_table_req: Table(tableName:acidTbl, dbName:default, owner:alex, createTime:1713959637, lastAccessTime:0, retention:0, sd:StorageDescriptor(cols:[FieldSchema(name:a, type:int, comment:null), FieldSchema(name:b, type:int, comment:null)], location:null, inputFormat:org.apache.hadoop.hive.ql.io.orc.OrcInputFormat, outputFormat:org.apache.hadoop.hive.ql.io.orc.OrcOutputFormat, compressed:false, numBuckets:2, serdeInfo:SerDeInfo(name:null, serializationLib:org.apache.hadoop.hive.ql.io.orc.OrcSerde, parameters:{serialization.format=1}), bucketCols:[a], sortCols:[], parameters:{}, skewedInfo:SkewedInfo(skewedColNames:[], skewedColValues:[], skewedColValueLocationMaps:{}), storedAsSubDirectories:false), partitionKeys:[], parameters:{COLUMN_STATS_ACCURATE={"BASIC_STATS":"true","COLUMN_STATS":{"a":"true","b":"true"}}, rawDataSize=0, totalSize=0, numFiles=0, transactional=true, numFilesErasureCoded=0, numRows=0, bucketing_version=2}, viewOriginalText:null, viewExpandedText:null, tableType:MANAGED_TABLE, privileges:PrincipalPrivilegeSet(userPrivileges:{alex=[PrivilegeGrantInfo(privilege:INSERT, createTime:-1, grantor:alex, grantorType:USER, grantOption:true), PrivilegeGrantInfo(privilege:SELECT, createTime:-1, grantor:alex, grantorType:USER, grantOption:true), PrivilegeGrantInfo(privilege:UPDATE, createTime:-1, grantor:alex, grantorType:USER, grantOption:true), PrivilegeGrantInfo(privilege:DELETE, createTime:-1, grantor:alex, grantorType:USER, grantOption:true)]}, groupPrivileges:null, rolePrivileges:null), temporary:false, catName:hive, ownerType:USER, writeId:0)	
2024-04-24T04:53:57,254  INFO [main] utils.FileUtils: Creating directory if it doesn't exist: file:/home/alex/Repositories/hive/ql/target/tmp/org.apache.hadoop.hive.ql.TestTxnCommands3-1713959586346/warehouse/acidtbl
2024-04-24T04:53:57,303  INFO [main] metadata.Hive: Dumping metastore api call timing information for : execution phase
2024-04-24T04:53:57,304  INFO [main] metadata.Hive: Total time spent in each metastore function (ms): {isCompatibleWith_(Configuration)=0, createTable_(Table)=56}
2024-04-24T04:53:57,304  INFO [main] ql.Driver: Completed executing command(queryId=alex_20240424045357_100102e5-50f2-4720-851d-547e1b0f9667); Time taken: 0.057 seconds
2024-04-24T04:53:57,304  INFO [main] lockmgr.DbTxnManager: Stopped heartbeat for query: alex_20240424045357_100102e5-50f2-4720-851d-547e1b0f9667
2024-04-24T04:53:57,309  INFO [main] txn.TxnHandler: Expected to move at least one record from txn_components to completed_txn_components when committing txn! txnid:7
2024-04-24T04:53:57,316  INFO [main] txn.TxnHandler: Removed transactions: ([7]) from MIN_HISTORY_LEVEL
2024-04-24T04:53:57,316  WARN [main] txn.CompactionTxnHandler: No compaction queue record found for Compaction type transaction commit. txnId:7
2024-04-24T04:53:57,317  INFO [main] ql.TxnCommandsBaseForTests: Running the query: create table acidTblPart(a int, b int) partitioned by (p string) clustered by (a) into 2 buckets stored as orc TBLPROPERTIES ('transactional'='true')
2024-04-24T04:53:57,317  INFO [main] ql.Driver: Compiling command(queryId=alex_20240424045357_cd66845d-7f2e-476a-95eb-8054f95b2a5f): create table acidTblPart(a int, b int) partitioned by (p string) clustered by (a) into 2 buckets stored as orc TBLPROPERTIES ('transactional'='true')
2024-04-24T04:53:57,320  INFO [main] txn.TxnHandler: Added entries to MIN_HISTORY_LEVEL for current txns: ([8]) with min_open_txn: 1
2024-04-24T04:53:57,321  INFO [main] lockmgr.DbTxnManager: Opened txnid:8
2024-04-24T04:53:57,321  INFO [main] parse.CalcitePlanner: Starting caching scope for: 
2024-04-24T04:53:57,321  INFO [main] parse.CalcitePlanner: Starting Semantic Analysis
2024-04-24T04:53:57,324  INFO [main] parse.CalcitePlanner: Creating table default.acidTblPart position=13
2024-04-24T04:53:57,325  INFO [main] HiveMetaStore.audit: ugi=alex	ip=unknown-ip-addr	cmd=get_database: default	
2024-04-24T04:53:57,328  INFO [main] parse.CalcitePlanner: Ending caching scope for: 
2024-04-24T04:53:57,328  INFO [main] ql.Driver: Semantic Analysis Completed (retrial = false)
2024-04-24T04:53:57,328  INFO [main] ql.Driver: Created Hive schema: Schema(fieldSchemas:null, properties:null)
2024-04-24T04:53:57,328  INFO [main] metadata.Hive: Dumping metastore api call timing information for : compilation phase
2024-04-24T04:53:57,328  INFO [main] metadata.Hive: Total time spent in each metastore function (ms): {isCompatibleWith_(Configuration)=1, commitTxn_(CommitTxnRequest)=12, openTxn_(String, TxnType)=3, getValidWriteIds_(List, String)=2, getValidTxns_(long)=0, getDatabase_(String)=3, flushCache_()=1}
2024-04-24T04:53:57,328  INFO [main] ql.Driver: Completed compiling command(queryId=alex_20240424045357_cd66845d-7f2e-476a-95eb-8054f95b2a5f); Time taken: 0.011 seconds
2024-04-24T04:53:57,328  INFO [main] lockmgr.DbTxnManager: Setting lock request transaction to txnid:8 for queryId=alex_20240424045357_cd66845d-7f2e-476a-95eb-8054f95b2a5f
2024-04-24T04:53:57,329  INFO [main] lockmgr.DbLockManager: Requesting lock for queryId=alex_20240424045357_cd66845d-7f2e-476a-95eb-8054f95b2a5f
2024-04-24T04:53:57,345  INFO [main] lockmgr.DbLockManager: Response to queryId=alex_20240424045357_cd66845d-7f2e-476a-95eb-8054f95b2a5f LockResponse(lockid:2, state:ACQUIRED)
2024-04-24T04:53:57,346  INFO [main] ql.Driver: Operation CREATETABLE obtained 1 locks
2024-04-24T04:53:57,346  INFO [main] ql.Driver: Executing command(queryId=alex_20240424045357_cd66845d-7f2e-476a-95eb-8054f95b2a5f): create table acidTblPart(a int, b int) partitioned by (p string) clustered by (a) into 2 buckets stored as orc TBLPROPERTIES ('transactional'='true')
2024-04-24T04:53:57,347  INFO [main] ql.Driver: Starting task [Stage-0:DDL] in serial mode
2024-04-24T04:53:57,348  INFO [main] HiveMetaStore.audit: ugi=alex	ip=unknown-ip-addr	cmd=create_table_req: Table(tableName:acidTblPart, dbName:default, owner:alex, createTime:1713959637, lastAccessTime:0, retention:0, sd:StorageDescriptor(cols:[FieldSchema(name:a, type:int, comment:null), FieldSchema(name:b, type:int, comment:null)], location:null, inputFormat:org.apache.hadoop.hive.ql.io.orc.OrcInputFormat, outputFormat:org.apache.hadoop.hive.ql.io.orc.OrcOutputFormat, compressed:false, numBuckets:2, serdeInfo:SerDeInfo(name:null, serializationLib:org.apache.hadoop.hive.ql.io.orc.OrcSerde, parameters:{serialization.format=1}), bucketCols:[a], sortCols:[], parameters:{}, skewedInfo:SkewedInfo(skewedColNames:[], skewedColValues:[], skewedColValueLocationMaps:{}), storedAsSubDirectories:false), partitionKeys:[FieldSchema(name:p, type:string, comment:null)], parameters:{bucketing_version=2, transactional=true}, viewOriginalText:null, viewExpandedText:null, tableType:MANAGED_TABLE, privileges:PrincipalPrivilegeSet(userPrivileges:{alex=[PrivilegeGrantInfo(privilege:INSERT, createTime:-1, grantor:alex, grantorType:USER, grantOption:true), PrivilegeGrantInfo(privilege:SELECT, createTime:-1, grantor:alex, grantorType:USER, grantOption:true), PrivilegeGrantInfo(privilege:UPDATE, createTime:-1, grantor:alex, grantorType:USER, grantOption:true), PrivilegeGrantInfo(privilege:DELETE, createTime:-1, grantor:alex, grantorType:USER, grantOption:true)]}, groupPrivileges:null, rolePrivileges:null), temporary:false, catName:hive, ownerType:USER, writeId:0)	
2024-04-24T04:53:57,355  INFO [main] utils.FileUtils: Creating directory if it doesn't exist: file:/home/alex/Repositories/hive/ql/target/tmp/org.apache.hadoop.hive.ql.TestTxnCommands3-1713959586346/warehouse/acidtblpart
2024-04-24T04:53:57,374  INFO [main] metadata.Hive: Dumping metastore api call timing information for : execution phase
2024-04-24T04:53:57,374  INFO [main] metadata.Hive: Total time spent in each metastore function (ms): {createTable_(Table)=26, isCompatibleWith_(Configuration)=0}
2024-04-24T04:53:57,374  INFO [main] ql.Driver: Completed executing command(queryId=alex_20240424045357_cd66845d-7f2e-476a-95eb-8054f95b2a5f); Time taken: 0.028 seconds
2024-04-24T04:53:57,374  INFO [main] lockmgr.DbTxnManager: Stopped heartbeat for query: alex_20240424045357_cd66845d-7f2e-476a-95eb-8054f95b2a5f
2024-04-24T04:53:57,379  INFO [main] txn.TxnHandler: Expected to move at least one record from txn_components to completed_txn_components when committing txn! txnid:8
2024-04-24T04:53:57,386  INFO [main] txn.TxnHandler: Removed transactions: ([8]) from MIN_HISTORY_LEVEL
2024-04-24T04:53:57,386  WARN [main] txn.CompactionTxnHandler: No compaction queue record found for Compaction type transaction commit. txnId:8
2024-04-24T04:53:57,387  INFO [main] ql.TxnCommandsBaseForTests: Running the query: create table nonAcidOrcTbl(a int, b int) clustered by (a) into 2 buckets stored as orc TBLPROPERTIES ('transactional'='false')
2024-04-24T04:53:57,387  INFO [main] ql.Driver: Compiling command(queryId=alex_20240424045357_738d672b-3a56-4128-8958-56a7d26cdee4): create table nonAcidOrcTbl(a int, b int) clustered by (a) into 2 buckets stored as orc TBLPROPERTIES ('transactional'='false')
2024-04-24T04:53:57,390  INFO [main] txn.TxnHandler: Added entries to MIN_HISTORY_LEVEL for current txns: ([9]) with min_open_txn: 1
2024-04-24T04:53:57,390  INFO [main] lockmgr.DbTxnManager: Opened txnid:9
2024-04-24T04:53:57,391  INFO [main] parse.CalcitePlanner: Starting caching scope for: 
2024-04-24T04:53:57,391  INFO [main] parse.CalcitePlanner: Starting Semantic Analysis
2024-04-24T04:53:57,394  INFO [main] parse.CalcitePlanner: Creating table default.nonAcidOrcTbl position=13
2024-04-24T04:53:57,394  INFO [main] HiveMetaStore.audit: ugi=alex	ip=unknown-ip-addr	cmd=get_database: default	
2024-04-24T04:53:57,397  INFO [main] parse.CalcitePlanner: Ending caching scope for: 
2024-04-24T04:53:57,397  INFO [main] ql.Driver: Semantic Analysis Completed (retrial = false)
2024-04-24T04:53:57,397  INFO [main] ql.Driver: Created Hive schema: Schema(fieldSchemas:null, properties:null)
2024-04-24T04:53:57,397  INFO [main] metadata.Hive: Dumping metastore api call timing information for : compilation phase
2024-04-24T04:53:57,397  INFO [main] metadata.Hive: Total time spent in each metastore function (ms): {getValidTxns_(long)=1, flushCache_()=1, getValidWriteIds_(List, String)=3, isCompatibleWith_(Configuration)=0, commitTxn_(CommitTxnRequest)=12, openTxn_(String, TxnType)=2, getDatabase_(String)=3}
2024-04-24T04:53:57,397  INFO [main] ql.Driver: Completed compiling command(queryId=alex_20240424045357_738d672b-3a56-4128-8958-56a7d26cdee4); Time taken: 0.01 seconds
2024-04-24T04:53:57,397  INFO [main] lockmgr.DbTxnManager: Setting lock request transaction to txnid:9 for queryId=alex_20240424045357_738d672b-3a56-4128-8958-56a7d26cdee4
2024-04-24T04:53:57,398  INFO [main] lockmgr.DbLockManager: Requesting lock for queryId=alex_20240424045357_738d672b-3a56-4128-8958-56a7d26cdee4
2024-04-24T04:53:57,414  INFO [main] lockmgr.DbLockManager: Response to queryId=alex_20240424045357_738d672b-3a56-4128-8958-56a7d26cdee4 LockResponse(lockid:3, state:ACQUIRED)
2024-04-24T04:53:57,414  INFO [main] ql.Driver: Operation CREATETABLE obtained 1 locks
2024-04-24T04:53:57,414  INFO [main] ql.Driver: Executing command(queryId=alex_20240424045357_738d672b-3a56-4128-8958-56a7d26cdee4): create table nonAcidOrcTbl(a int, b int) clustered by (a) into 2 buckets stored as orc TBLPROPERTIES ('transactional'='false')
2024-04-24T04:53:57,415  INFO [main] ql.Driver: Starting task [Stage-0:DDL] in serial mode
2024-04-24T04:53:57,416  INFO [main] HiveMetaStore.audit: ugi=alex	ip=unknown-ip-addr	cmd=create_table_req: Table(tableName:nonAcidOrcTbl, dbName:default, owner:alex, createTime:1713959637, lastAccessTime:0, retention:0, sd:StorageDescriptor(cols:[FieldSchema(name:a, type:int, comment:null), FieldSchema(name:b, type:int, comment:null)], location:null, inputFormat:org.apache.hadoop.hive.ql.io.orc.OrcInputFormat, outputFormat:org.apache.hadoop.hive.ql.io.orc.OrcOutputFormat, compressed:false, numBuckets:2, serdeInfo:SerDeInfo(name:null, serializationLib:org.apache.hadoop.hive.ql.io.orc.OrcSerde, parameters:{serialization.format=1}), bucketCols:[a], sortCols:[], parameters:{}, skewedInfo:SkewedInfo(skewedColNames:[], skewedColValues:[], skewedColValueLocationMaps:{}), storedAsSubDirectories:false), partitionKeys:[], parameters:{COLUMN_STATS_ACCURATE={"BASIC_STATS":"true","COLUMN_STATS":{"a":"true","b":"true"}}, rawDataSize=0, totalSize=0, transactional=false, numFilesErasureCoded=0, numFiles=0, bucketing_version=2, numRows=0}, viewOriginalText:null, viewExpandedText:null, tableType:MANAGED_TABLE, privileges:PrincipalPrivilegeSet(userPrivileges:{alex=[PrivilegeGrantInfo(privilege:INSERT, createTime:-1, grantor:alex, grantorType:USER, grantOption:true), PrivilegeGrantInfo(privilege:SELECT, createTime:-1, grantor:alex, grantorType:USER, grantOption:true), PrivilegeGrantInfo(privilege:UPDATE, createTime:-1, grantor:alex, grantorType:USER, grantOption:true), PrivilegeGrantInfo(privilege:DELETE, createTime:-1, grantor:alex, grantorType:USER, grantOption:true)]}, groupPrivileges:null, rolePrivileges:null), temporary:false, catName:hive, ownerType:USER)	
2024-04-24T04:53:57,422  INFO [main] utils.FileUtils: Creating directory if it doesn't exist: file:/home/alex/Repositories/hive/ql/target/tmp/org.apache.hadoop.hive.ql.TestTxnCommands3-1713959586346/warehouse/nonacidorctbl
2024-04-24T04:53:57,441  INFO [main] metadata.Hive: Dumping metastore api call timing information for : execution phase
2024-04-24T04:53:57,441  INFO [main] metadata.Hive: Total time spent in each metastore function (ms): {createTable_(Table)=26, isCompatibleWith_(Configuration)=0}
2024-04-24T04:53:57,441  INFO [main] ql.Driver: Completed executing command(queryId=alex_20240424045357_738d672b-3a56-4128-8958-56a7d26cdee4); Time taken: 0.027 seconds
2024-04-24T04:53:57,441  INFO [main] lockmgr.DbTxnManager: Stopped heartbeat for query: alex_20240424045357_738d672b-3a56-4128-8958-56a7d26cdee4
2024-04-24T04:53:57,446  INFO [main] txn.TxnHandler: Expected to move at least one record from txn_components to completed_txn_components when committing txn! txnid:9
2024-04-24T04:53:57,454  INFO [main] txn.TxnHandler: Removed transactions: ([9]) from MIN_HISTORY_LEVEL
2024-04-24T04:53:57,454  WARN [main] txn.CompactionTxnHandler: No compaction queue record found for Compaction type transaction commit. txnId:9
2024-04-24T04:53:57,455  INFO [main] ql.TxnCommandsBaseForTests: Running the query: create table nonAcidOrcTbl2(a int, b int) clustered by (a) into 2 buckets stored as orc TBLPROPERTIES ('transactional'='false')
2024-04-24T04:53:57,455  INFO [main] ql.Driver: Compiling command(queryId=alex_20240424045357_e0cec835-a4e5-4a4d-b2d3-987702a7ec8f): create table nonAcidOrcTbl2(a int, b int) clustered by (a) into 2 buckets stored as orc TBLPROPERTIES ('transactional'='false')
2024-04-24T04:53:57,459  INFO [main] txn.TxnHandler: Added entries to MIN_HISTORY_LEVEL for current txns: ([10]) with min_open_txn: 1
2024-04-24T04:53:57,459  INFO [main] lockmgr.DbTxnManager: Opened txnid:10
2024-04-24T04:53:57,460  INFO [main] parse.CalcitePlanner: Starting caching scope for: 
2024-04-24T04:53:57,460  INFO [main] parse.CalcitePlanner: Starting Semantic Analysis
2024-04-24T04:53:57,463  INFO [main] parse.CalcitePlanner: Creating table default.nonAcidOrcTbl2 position=13
2024-04-24T04:53:57,464  INFO [main] HiveMetaStore.audit: ugi=alex	ip=unknown-ip-addr	cmd=get_database: default	
2024-04-24T04:53:57,466  INFO [main] parse.CalcitePlanner: Ending caching scope for: 
2024-04-24T04:53:57,466  INFO [main] ql.Driver: Semantic Analysis Completed (retrial = false)
2024-04-24T04:53:57,466  INFO [main] ql.Driver: Created Hive schema: Schema(fieldSchemas:null, properties:null)
2024-04-24T04:53:57,466  INFO [main] metadata.Hive: Dumping metastore api call timing information for : compilation phase
2024-04-24T04:53:57,467  INFO [main] metadata.Hive: Total time spent in each metastore function (ms): {getValidWriteIds_(List, String)=3, isCompatibleWith_(Configuration)=1, openTxn_(String, TxnType)=2, getDatabase_(String)=3, getValidTxns_(long)=1, commitTxn_(CommitTxnRequest)=14, flushCache_()=0}
2024-04-24T04:53:57,467  INFO [main] ql.Driver: Completed compiling command(queryId=alex_20240424045357_e0cec835-a4e5-4a4d-b2d3-987702a7ec8f); Time taken: 0.011 seconds
2024-04-24T04:53:57,467  INFO [main] lockmgr.DbTxnManager: Setting lock request transaction to txnid:10 for queryId=alex_20240424045357_e0cec835-a4e5-4a4d-b2d3-987702a7ec8f
2024-04-24T04:53:57,467  INFO [main] lockmgr.DbLockManager: Requesting lock for queryId=alex_20240424045357_e0cec835-a4e5-4a4d-b2d3-987702a7ec8f
2024-04-24T04:53:57,485  INFO [main] lockmgr.DbLockManager: Response to queryId=alex_20240424045357_e0cec835-a4e5-4a4d-b2d3-987702a7ec8f LockResponse(lockid:4, state:ACQUIRED)
2024-04-24T04:53:57,485  INFO [main] ql.Driver: Operation CREATETABLE obtained 1 locks
2024-04-24T04:53:57,485  INFO [main] ql.Driver: Executing command(queryId=alex_20240424045357_e0cec835-a4e5-4a4d-b2d3-987702a7ec8f): create table nonAcidOrcTbl2(a int, b int) clustered by (a) into 2 buckets stored as orc TBLPROPERTIES ('transactional'='false')
2024-04-24T04:53:57,485  INFO [main] ql.Driver: Starting task [Stage-0:DDL] in serial mode
2024-04-24T04:53:57,487  INFO [main] HiveMetaStore.audit: ugi=alex	ip=unknown-ip-addr	cmd=create_table_req: Table(tableName:nonAcidOrcTbl2, dbName:default, owner:alex, createTime:1713959637, lastAccessTime:0, retention:0, sd:StorageDescriptor(cols:[FieldSchema(name:a, type:int, comment:null), FieldSchema(name:b, type:int, comment:null)], location:null, inputFormat:org.apache.hadoop.hive.ql.io.orc.OrcInputFormat, outputFormat:org.apache.hadoop.hive.ql.io.orc.OrcOutputFormat, compressed:false, numBuckets:2, serdeInfo:SerDeInfo(name:null, serializationLib:org.apache.hadoop.hive.ql.io.orc.OrcSerde, parameters:{serialization.format=1}), bucketCols:[a], sortCols:[], parameters:{}, skewedInfo:SkewedInfo(skewedColNames:[], skewedColValues:[], skewedColValueLocationMaps:{}), storedAsSubDirectories:false), partitionKeys:[], parameters:{COLUMN_STATS_ACCURATE={"BASIC_STATS":"true","COLUMN_STATS":{"a":"true","b":"true"}}, bucketing_version=2, numFilesErasureCoded=0, transactional=false, numFiles=0, totalSize=0, rawDataSize=0, numRows=0}, viewOriginalText:null, viewExpandedText:null, tableType:MANAGED_TABLE, privileges:PrincipalPrivilegeSet(userPrivileges:{alex=[PrivilegeGrantInfo(privilege:INSERT, createTime:-1, grantor:alex, grantorType:USER, grantOption:true), PrivilegeGrantInfo(privilege:SELECT, createTime:-1, grantor:alex, grantorType:USER, grantOption:true), PrivilegeGrantInfo(privilege:UPDATE, createTime:-1, grantor:alex, grantorType:USER, grantOption:true), PrivilegeGrantInfo(privilege:DELETE, createTime:-1, grantor:alex, grantorType:USER, grantOption:true)]}, groupPrivileges:null, rolePrivileges:null), temporary:false, catName:hive, ownerType:USER)	
2024-04-24T04:53:57,493  INFO [main] utils.FileUtils: Creating directory if it doesn't exist: file:/home/alex/Repositories/hive/ql/target/tmp/org.apache.hadoop.hive.ql.TestTxnCommands3-1713959586346/warehouse/nonacidorctbl2
2024-04-24T04:53:57,511  INFO [main] metadata.Hive: Dumping metastore api call timing information for : execution phase
2024-04-24T04:53:57,511  INFO [main] metadata.Hive: Total time spent in each metastore function (ms): {createTable_(Table)=24, isCompatibleWith_(Configuration)=0}
2024-04-24T04:53:57,511  INFO [main] ql.Driver: Completed executing command(queryId=alex_20240424045357_e0cec835-a4e5-4a4d-b2d3-987702a7ec8f); Time taken: 0.026 seconds
2024-04-24T04:53:57,511  INFO [main] lockmgr.DbTxnManager: Stopped heartbeat for query: alex_20240424045357_e0cec835-a4e5-4a4d-b2d3-987702a7ec8f
2024-04-24T04:53:57,516  INFO [main] txn.TxnHandler: Expected to move at least one record from txn_components to completed_txn_components when committing txn! txnid:10
2024-04-24T04:53:57,525  INFO [main] txn.TxnHandler: Removed transactions: ([10]) from MIN_HISTORY_LEVEL
2024-04-24T04:53:57,525  WARN [main] txn.CompactionTxnHandler: No compaction queue record found for Compaction type transaction commit. txnId:10
2024-04-24T04:53:57,526  INFO [main] ql.TxnCommandsBaseForTests: Running the query: create temporary  table acidTbl2(a int, b int, c int) clustered by (c) into 2 buckets stored as orc TBLPROPERTIES ('transactional'='true')
2024-04-24T04:53:57,526  INFO [main] ql.Driver: Compiling command(queryId=alex_20240424045357_7a952212-d0eb-434d-82cc-ca402122f6f0): create temporary  table acidTbl2(a int, b int, c int) clustered by (c) into 2 buckets stored as orc TBLPROPERTIES ('transactional'='true')
2024-04-24T04:53:57,529  INFO [main] txn.TxnHandler: Added entries to MIN_HISTORY_LEVEL for current txns: ([11]) with min_open_txn: 1
2024-04-24T04:53:57,530  INFO [main] lockmgr.DbTxnManager: Opened txnid:11
2024-04-24T04:53:57,530  INFO [main] parse.CalcitePlanner: Starting caching scope for: 
2024-04-24T04:53:57,530  INFO [main] parse.CalcitePlanner: Starting Semantic Analysis
2024-04-24T04:53:57,534  INFO [main] parse.CalcitePlanner: Creating table default.acidTbl2 position=24
2024-04-24T04:53:57,534  INFO [main] HiveMetaStore.audit: ugi=alex	ip=unknown-ip-addr	cmd=get_database: default	
2024-04-24T04:53:57,537  INFO [main] parse.CalcitePlanner: Ending caching scope for: 
2024-04-24T04:53:57,537  INFO [main] ql.Driver: Semantic Analysis Completed (retrial = false)
2024-04-24T04:53:57,537  INFO [main] ql.Driver: Created Hive schema: Schema(fieldSchemas:null, properties:null)
2024-04-24T04:53:57,537  INFO [main] metadata.Hive: Dumping metastore api call timing information for : compilation phase
2024-04-24T04:53:57,537  INFO [main] metadata.Hive: Total time spent in each metastore function (ms): {getValidTxns_(long)=0, commitTxn_(CommitTxnRequest)=14, getValidWriteIds_(List, String)=3, isCompatibleWith_(Configuration)=0, getDatabase_(String)=2, openTxn_(String, TxnType)=3, flushCache_()=0}
2024-04-24T04:53:57,537  INFO [main] ql.Driver: Completed compiling command(queryId=alex_20240424045357_7a952212-d0eb-434d-82cc-ca402122f6f0); Time taken: 0.011 seconds
2024-04-24T04:53:57,537  INFO [main] lockmgr.DbTxnManager: Setting lock request transaction to txnid:11 for queryId=alex_20240424045357_7a952212-d0eb-434d-82cc-ca402122f6f0
2024-04-24T04:53:57,537  INFO [main] lockmgr.DbLockManager: Requesting lock for queryId=alex_20240424045357_7a952212-d0eb-434d-82cc-ca402122f6f0
2024-04-24T04:53:57,556  INFO [main] lockmgr.DbLockManager: Response to queryId=alex_20240424045357_7a952212-d0eb-434d-82cc-ca402122f6f0 LockResponse(lockid:5, state:ACQUIRED)
2024-04-24T04:53:57,556  INFO [main] ql.Driver: Operation CREATETABLE obtained 1 locks
2024-04-24T04:53:57,557  INFO [main] ql.Driver: Executing command(queryId=alex_20240424045357_7a952212-d0eb-434d-82cc-ca402122f6f0): create temporary  table acidTbl2(a int, b int, c int) clustered by (c) into 2 buckets stored as orc TBLPROPERTIES ('transactional'='true')
2024-04-24T04:53:57,557  INFO [main] ql.Driver: Starting task [Stage-0:DDL] in serial mode
2024-04-24T04:53:57,559  INFO [main] utils.FileUtils: Creating directory if it doesn't exist: file:/home/alex/Repositories/hive/ql/target/tmp/scratchdir/alex/a2cbde4c-b7e8-4a4f-9b0e-13a72c425f28/_tmp_space.db/b0f7c423-7e11-42bb-b8c7-9987e0330624
2024-04-24T04:53:57,562  INFO [main] metadata.Hive: Dumping metastore api call timing information for : execution phase
2024-04-24T04:53:57,562  INFO [main] metadata.Hive: Total time spent in each metastore function (ms): {createTable_(Table)=3, isCompatibleWith_(Configuration)=0}
2024-04-24T04:53:57,562  INFO [main] ql.Driver: Completed executing command(queryId=alex_20240424045357_7a952212-d0eb-434d-82cc-ca402122f6f0); Time taken: 0.005 seconds
2024-04-24T04:53:57,563  INFO [main] lockmgr.DbTxnManager: Stopped heartbeat for query: alex_20240424045357_7a952212-d0eb-434d-82cc-ca402122f6f0
2024-04-24T04:53:57,567  INFO [main] txn.TxnHandler: Expected to move at least one record from txn_components to completed_txn_components when committing txn! txnid:11
2024-04-24T04:53:57,574  INFO [main] txn.TxnHandler: Removed transactions: ([11]) from MIN_HISTORY_LEVEL
2024-04-24T04:53:57,574  WARN [main] txn.CompactionTxnHandler: No compaction queue record found for Compaction type transaction commit. txnId:11
2024-04-24T04:53:57,575  INFO [main] ql.TxnCommandsBaseForTests: Running the query: create table nonAcidNonBucket(a int, b int) stored as orc TBLPROPERTIES ('transactional'='false')
2024-04-24T04:53:57,576  INFO [main] ql.Driver: Compiling command(queryId=alex_20240424045357_35680ae1-339b-4fc4-9196-e8a99c137f3e): create table nonAcidNonBucket(a int, b int) stored as orc TBLPROPERTIES ('transactional'='false')
2024-04-24T04:53:57,579  INFO [main] txn.TxnHandler: Added entries to MIN_HISTORY_LEVEL for current txns: ([12]) with min_open_txn: 1
2024-04-24T04:53:57,579  INFO [main] lockmgr.DbTxnManager: Opened txnid:12
2024-04-24T04:53:57,580  INFO [main] parse.CalcitePlanner: Starting caching scope for: 
2024-04-24T04:53:57,580  INFO [main] parse.CalcitePlanner: Starting Semantic Analysis
2024-04-24T04:53:57,583  INFO [main] parse.CalcitePlanner: Creating table default.nonAcidNonBucket position=13
2024-04-24T04:53:57,583  INFO [main] HiveMetaStore.audit: ugi=alex	ip=unknown-ip-addr	cmd=get_database: default	
2024-04-24T04:53:57,586  INFO [main] parse.CalcitePlanner: Ending caching scope for: 
2024-04-24T04:53:57,586  INFO [main] ql.Driver: Semantic Analysis Completed (retrial = false)
2024-04-24T04:53:57,586  INFO [main] ql.Driver: Created Hive schema: Schema(fieldSchemas:null, properties:null)
2024-04-24T04:53:57,586  INFO [main] metadata.Hive: Dumping metastore api call timing information for : compilation phase
2024-04-24T04:53:57,586  INFO [main] metadata.Hive: Total time spent in each metastore function (ms): {getValidWriteIds_(List, String)=3, openTxn_(String, TxnType)=3, isCompatibleWith_(Configuration)=0, getDatabase_(String)=3, flushCache_()=0, commitTxn_(CommitTxnRequest)=12, getValidTxns_(long)=1}
2024-04-24T04:53:57,586  INFO [main] ql.Driver: Completed compiling command(queryId=alex_20240424045357_35680ae1-339b-4fc4-9196-e8a99c137f3e); Time taken: 0.011 seconds
2024-04-24T04:53:57,586  INFO [main] lockmgr.DbTxnManager: Setting lock request transaction to txnid:12 for queryId=alex_20240424045357_35680ae1-339b-4fc4-9196-e8a99c137f3e
2024-04-24T04:53:57,587  INFO [main] lockmgr.DbLockManager: Requesting lock for queryId=alex_20240424045357_35680ae1-339b-4fc4-9196-e8a99c137f3e
2024-04-24T04:53:57,604  INFO [main] lockmgr.DbLockManager: Response to queryId=alex_20240424045357_35680ae1-339b-4fc4-9196-e8a99c137f3e LockResponse(lockid:6, state:ACQUIRED)
2024-04-24T04:53:57,604  INFO [main] ql.Driver: Operation CREATETABLE obtained 1 locks
2024-04-24T04:53:57,604  INFO [main] ql.Driver: Executing command(queryId=alex_20240424045357_35680ae1-339b-4fc4-9196-e8a99c137f3e): create table nonAcidNonBucket(a int, b int) stored as orc TBLPROPERTIES ('transactional'='false')
2024-04-24T04:53:57,604  INFO [main] ql.Driver: Starting task [Stage-0:DDL] in serial mode
2024-04-24T04:53:57,605  INFO [main] HiveMetaStore.audit: ugi=alex	ip=unknown-ip-addr	cmd=create_table_req: Table(tableName:nonAcidNonBucket, dbName:default, owner:alex, createTime:1713959637, lastAccessTime:0, retention:0, sd:StorageDescriptor(cols:[FieldSchema(name:a, type:int, comment:null), FieldSchema(name:b, type:int, comment:null)], location:null, inputFormat:org.apache.hadoop.hive.ql.io.orc.OrcInputFormat, outputFormat:org.apache.hadoop.hive.ql.io.orc.OrcOutputFormat, compressed:false, numBuckets:-1, serdeInfo:SerDeInfo(name:null, serializationLib:org.apache.hadoop.hive.ql.io.orc.OrcSerde, parameters:{serialization.format=1}), bucketCols:[], sortCols:[], parameters:{}, skewedInfo:SkewedInfo(skewedColNames:[], skewedColValues:[], skewedColValueLocationMaps:{}), storedAsSubDirectories:false), partitionKeys:[], parameters:{COLUMN_STATS_ACCURATE={"BASIC_STATS":"true","COLUMN_STATS":{"a":"true","b":"true"}}, rawDataSize=0, numFilesErasureCoded=0, transactional=false, numFiles=0, bucketing_version=2, totalSize=0, numRows=0}, viewOriginalText:null, viewExpandedText:null, tableType:MANAGED_TABLE, privileges:PrincipalPrivilegeSet(userPrivileges:{alex=[PrivilegeGrantInfo(privilege:INSERT, createTime:-1, grantor:alex, grantorType:USER, grantOption:true), PrivilegeGrantInfo(privilege:SELECT, createTime:-1, grantor:alex, grantorType:USER, grantOption:true), PrivilegeGrantInfo(privilege:UPDATE, createTime:-1, grantor:alex, grantorType:USER, grantOption:true), PrivilegeGrantInfo(privilege:DELETE, createTime:-1, grantor:alex, grantorType:USER, grantOption:true)]}, groupPrivileges:null, rolePrivileges:null), temporary:false, catName:hive, ownerType:USER)	
2024-04-24T04:53:57,611  INFO [main] utils.FileUtils: Creating directory if it doesn't exist: file:/home/alex/Repositories/hive/ql/target/tmp/org.apache.hadoop.hive.ql.TestTxnCommands3-1713959586346/warehouse/nonacidnonbucket
2024-04-24T04:53:57,628  INFO [main] metadata.Hive: Dumping metastore api call timing information for : execution phase
2024-04-24T04:53:57,628  INFO [main] metadata.Hive: Total time spent in each metastore function (ms): {createTable_(Table)=23, isCompatibleWith_(Configuration)=0}
2024-04-24T04:53:57,629  INFO [main] ql.Driver: Completed executing command(queryId=alex_20240424045357_35680ae1-339b-4fc4-9196-e8a99c137f3e); Time taken: 0.024 seconds
2024-04-24T04:53:57,629  INFO [main] lockmgr.DbTxnManager: Stopped heartbeat for query: alex_20240424045357_35680ae1-339b-4fc4-9196-e8a99c137f3e
2024-04-24T04:53:57,633  INFO [main] txn.TxnHandler: Expected to move at least one record from txn_components to completed_txn_components when committing txn! txnid:12
2024-04-24T04:53:57,641  INFO [main] txn.TxnHandler: Removed transactions: ([12]) from MIN_HISTORY_LEVEL
2024-04-24T04:53:57,641  WARN [main] txn.CompactionTxnHandler: No compaction queue record found for Compaction type transaction commit. txnId:12
2024-04-24T04:53:57,642  INFO [main] ql.TxnCommandsBaseForTests: Running the query: drop database if exists mydb1 cascade
2024-04-24T04:53:57,642  INFO [main] ql.Driver: Compiling command(queryId=alex_20240424045357_8b4764fa-ef38-491c-bb70-f12e476041b8): drop database if exists mydb1 cascade
2024-04-24T04:53:57,645  INFO [main] txn.TxnHandler: Added entries to MIN_HISTORY_LEVEL for current txns: ([13]) with min_open_txn: 1
2024-04-24T04:53:57,646  INFO [main] lockmgr.DbTxnManager: Opened txnid:13
2024-04-24T04:53:57,647  INFO [main] HiveMetaStore.audit: ugi=alex	ip=unknown-ip-addr	cmd=get_database: mydb1	
2024-04-24T04:53:57,648  INFO [main] ql.Driver: Semantic Analysis Completed (retrial = false)
2024-04-24T04:53:57,649  INFO [main] ql.Driver: Created Hive schema: Schema(fieldSchemas:null, properties:null)
2024-04-24T04:53:57,649  INFO [main] metadata.Hive: Dumping metastore api call timing information for : compilation phase
2024-04-24T04:53:57,649  INFO [main] metadata.Hive: Total time spent in each metastore function (ms): {commitTxn_(CommitTxnRequest)=12, flushCache_()=1, isCompatibleWith_(Configuration)=0, getValidTxns_(long)=1, openTxn_(String, TxnType)=3}
2024-04-24T04:53:57,649  INFO [main] ql.Driver: Completed compiling command(queryId=alex_20240424045357_8b4764fa-ef38-491c-bb70-f12e476041b8); Time taken: 0.007 seconds
2024-04-24T04:53:57,649  INFO [main] lockmgr.DbTxnManager: Setting lock request transaction to txnid:13 for queryId=alex_20240424045357_8b4764fa-ef38-491c-bb70-f12e476041b8
2024-04-24T04:53:57,649  INFO [main] ql.Driver: Operation DROPDATABASE obtained 0 locks
2024-04-24T04:53:57,649  INFO [main] ql.Driver: Executing command(queryId=alex_20240424045357_8b4764fa-ef38-491c-bb70-f12e476041b8): drop database if exists mydb1 cascade
2024-04-24T04:53:57,649  INFO [main] metadata.Hive: Dumping metastore api call timing information for : execution phase
2024-04-24T04:53:57,649  INFO [main] metadata.Hive: Total time spent in each metastore function (ms): {}
2024-04-24T04:53:57,650  INFO [main] ql.Driver: Completed executing command(queryId=alex_20240424045357_8b4764fa-ef38-491c-bb70-f12e476041b8); Time taken: 0.0 seconds
2024-04-24T04:53:57,650  INFO [main] lockmgr.DbTxnManager: Stopped heartbeat for query: alex_20240424045357_8b4764fa-ef38-491c-bb70-f12e476041b8
2024-04-24T04:53:57,657  INFO [main] txn.TxnHandler: Expected to move at least one record from txn_components to completed_txn_components when committing txn! txnid:13
2024-04-24T04:53:57,664  INFO [main] txn.TxnHandler: Removed transactions: ([13]) from MIN_HISTORY_LEVEL
2024-04-24T04:53:57,664  WARN [main] txn.CompactionTxnHandler: No compaction queue record found for Compaction type transaction commit. txnId:13
2024-04-24T04:53:57,665  INFO [main] ql.TxnCommandsBaseForTests: Running the query: drop database if exists mydb2 cascade
2024-04-24T04:53:57,666  INFO [main] ql.Driver: Compiling command(queryId=alex_20240424045357_f7a75dc6-ad51-4d21-8aa0-4094c98dfd40): drop database if exists mydb2 cascade
2024-04-24T04:53:57,669  INFO [main] txn.TxnHandler: Added entries to MIN_HISTORY_LEVEL for current txns: ([14]) with min_open_txn: 1
2024-04-24T04:53:57,669  INFO [main] lockmgr.DbTxnManager: Opened txnid:14
2024-04-24T04:53:57,670  INFO [main] HiveMetaStore.audit: ugi=alex	ip=unknown-ip-addr	cmd=get_database: mydb2	
2024-04-24T04:53:57,672  INFO [main] ql.Driver: Semantic Analysis Completed (retrial = false)
2024-04-24T04:53:57,672  INFO [main] ql.Driver: Created Hive schema: Schema(fieldSchemas:null, properties:null)
2024-04-24T04:53:57,672  INFO [main] metadata.Hive: Dumping metastore api call timing information for : compilation phase
2024-04-24T04:53:57,672  INFO [main] metadata.Hive: Total time spent in each metastore function (ms): {flushCache_()=0, isCompatibleWith_(Configuration)=0, openTxn_(String, TxnType)=3, commitTxn_(CommitTxnRequest)=15, getValidTxns_(long)=1}
2024-04-24T04:53:57,672  INFO [main] ql.Driver: Completed compiling command(queryId=alex_20240424045357_f7a75dc6-ad51-4d21-8aa0-4094c98dfd40); Time taken: 0.006 seconds
2024-04-24T04:53:57,672  INFO [main] lockmgr.DbTxnManager: Setting lock request transaction to txnid:14 for queryId=alex_20240424045357_f7a75dc6-ad51-4d21-8aa0-4094c98dfd40
2024-04-24T04:53:57,672  INFO [main] ql.Driver: Operation DROPDATABASE obtained 0 locks
2024-04-24T04:53:57,672  INFO [main] ql.Driver: Executing command(queryId=alex_20240424045357_f7a75dc6-ad51-4d21-8aa0-4094c98dfd40): drop database if exists mydb2 cascade
2024-04-24T04:53:57,672  INFO [main] metadata.Hive: Dumping metastore api call timing information for : execution phase
2024-04-24T04:53:57,673  INFO [main] metadata.Hive: Total time spent in each metastore function (ms): {}
2024-04-24T04:53:57,673  INFO [main] ql.Driver: Completed executing command(queryId=alex_20240424045357_f7a75dc6-ad51-4d21-8aa0-4094c98dfd40); Time taken: 0.0 seconds
2024-04-24T04:53:57,673  INFO [main] lockmgr.DbTxnManager: Stopped heartbeat for query: alex_20240424045357_f7a75dc6-ad51-4d21-8aa0-4094c98dfd40
2024-04-24T04:53:57,679  INFO [main] txn.TxnHandler: Expected to move at least one record from txn_components to completed_txn_components when committing txn! txnid:14
2024-04-24T04:53:57,686  INFO [main] txn.TxnHandler: Removed transactions: ([14]) from MIN_HISTORY_LEVEL
2024-04-24T04:53:57,686  WARN [main] txn.CompactionTxnHandler: No compaction queue record found for Compaction type transaction commit. txnId:14
2024-04-24T04:53:57,687  INFO [main] ql.TxnCommandsBaseForTests: Running the query: create database mydb1
2024-04-24T04:53:57,687  INFO [main] ql.Driver: Compiling command(queryId=alex_20240424045357_ab619973-4b83-4ecf-b8c2-f6a989c8d5d1): create database mydb1
2024-04-24T04:53:57,691  INFO [main] txn.TxnHandler: Added entries to MIN_HISTORY_LEVEL for current txns: ([15]) with min_open_txn: 1
2024-04-24T04:53:57,691  INFO [main] lockmgr.DbTxnManager: Opened txnid:15
2024-04-24T04:53:57,692  INFO [main] ql.Driver: Semantic Analysis Completed (retrial = false)
2024-04-24T04:53:57,692  INFO [main] ql.Driver: Created Hive schema: Schema(fieldSchemas:null, properties:null)
2024-04-24T04:53:57,692  INFO [main] metadata.Hive: Dumping metastore api call timing information for : compilation phase
2024-04-24T04:53:57,692  INFO [main] metadata.Hive: Total time spent in each metastore function (ms): {getValidTxns_(long)=1, isCompatibleWith_(Configuration)=1, commitTxn_(CommitTxnRequest)=14, flushCache_()=0, openTxn_(String, TxnType)=2}
2024-04-24T04:53:57,693  INFO [main] ql.Driver: Completed compiling command(queryId=alex_20240424045357_ab619973-4b83-4ecf-b8c2-f6a989c8d5d1); Time taken: 0.005 seconds
2024-04-24T04:53:57,693  INFO [main] lockmgr.DbTxnManager: Setting lock request transaction to txnid:15 for queryId=alex_20240424045357_ab619973-4b83-4ecf-b8c2-f6a989c8d5d1
2024-04-24T04:53:57,693  INFO [main] ql.Driver: Operation CREATEDATABASE obtained 0 locks
2024-04-24T04:53:57,693  INFO [main] ql.Driver: Executing command(queryId=alex_20240424045357_ab619973-4b83-4ecf-b8c2-f6a989c8d5d1): create database mydb1
2024-04-24T04:53:57,693  INFO [main] ql.Driver: Starting task [Stage-0:DDL] in serial mode
2024-04-24T04:53:57,694  WARN [main] exec.DDLTask: metastore.warehouse.external.dir is not set, falling back to metastore.warehouse.dir. This could cause external tables to use to managed tablespace.
2024-04-24T04:53:57,694  INFO [main] HiveMetaStore.audit: ugi=alex	ip=unknown-ip-addr	cmd=create_database: Database(name:mydb1, description:null, locationUri:file:/home/alex/Repositories/hive/ql/target/tmp/org.apache.hadoop.hive.ql.TestTxnCommands3-1713959586346/warehouse/mydb1.db, parameters:null, ownerName:alex, ownerType:USER, catalogName:hive, type:NATIVE)	
2024-04-24T04:53:57,700  INFO [main] metastore.HMSHandler: Creating database path in external directory file:/home/alex/Repositories/hive/ql/target/tmp/org.apache.hadoop.hive.ql.TestTxnCommands3-1713959586346/warehouse/mydb1.db
2024-04-24T04:53:57,700  INFO [main] utils.FileUtils: Creating directory if it doesn't exist: file:/home/alex/Repositories/hive/ql/target/tmp/org.apache.hadoop.hive.ql.TestTxnCommands3-1713959586346/warehouse/mydb1.db
2024-04-24T04:53:57,703  INFO [main] metastore.HMSHandler: Created database path in external directory file:/home/alex/Repositories/hive/ql/target/tmp/org.apache.hadoop.hive.ql.TestTxnCommands3-1713959586346/warehouse/mydb1.db
2024-04-24T04:53:57,709  INFO [main] metadata.Hive: Dumping metastore api call timing information for : execution phase
2024-04-24T04:53:57,709  INFO [main] metadata.Hive: Total time spent in each metastore function (ms): {isCompatibleWith_(Configuration)=0, createDatabase_(Database)=15}
2024-04-24T04:53:57,709  INFO [main] ql.Driver: Completed executing command(queryId=alex_20240424045357_ab619973-4b83-4ecf-b8c2-f6a989c8d5d1); Time taken: 0.016 seconds
2024-04-24T04:53:57,709  INFO [main] lockmgr.DbTxnManager: Stopped heartbeat for query: alex_20240424045357_ab619973-4b83-4ecf-b8c2-f6a989c8d5d1
2024-04-24T04:53:57,715  INFO [main] txn.TxnHandler: Expected to move at least one record from txn_components to completed_txn_components when committing txn! txnid:15
2024-04-24T04:53:57,722  INFO [main] txn.TxnHandler: Removed transactions: ([15]) from MIN_HISTORY_LEVEL
2024-04-24T04:53:57,723  WARN [main] txn.CompactionTxnHandler: No compaction queue record found for Compaction type transaction commit. txnId:15
2024-04-24T04:53:57,723  INFO [main] ql.TxnCommandsBaseForTests: Running the query: create database mydb2
2024-04-24T04:53:57,724  INFO [main] ql.Driver: Compiling command(queryId=alex_20240424045357_d7868c49-62cc-46f6-ac4d-da51c78a3471): create database mydb2
2024-04-24T04:53:57,727  INFO [main] txn.TxnHandler: Added entries to MIN_HISTORY_LEVEL for current txns: ([16]) with min_open_txn: 1
2024-04-24T04:53:57,728  INFO [main] lockmgr.DbTxnManager: Opened txnid:16
2024-04-24T04:53:57,729  INFO [main] ql.Driver: Semantic Analysis Completed (retrial = false)
2024-04-24T04:53:57,729  INFO [main] ql.Driver: Created Hive schema: Schema(fieldSchemas:null, properties:null)
2024-04-24T04:53:57,729  INFO [main] metadata.Hive: Dumping metastore api call timing information for : compilation phase
2024-04-24T04:53:57,729  INFO [main] metadata.Hive: Total time spent in each metastore function (ms): {openTxn_(String, TxnType)=4, isCompatibleWith_(Configuration)=1, commitTxn_(CommitTxnRequest)=13, flushCache_()=0, getValidTxns_(long)=1}
2024-04-24T04:53:57,729  INFO [main] ql.Driver: Completed compiling command(queryId=alex_20240424045357_d7868c49-62cc-46f6-ac4d-da51c78a3471); Time taken: 0.005 seconds
2024-04-24T04:53:57,730  INFO [main] lockmgr.DbTxnManager: Setting lock request transaction to txnid:16 for queryId=alex_20240424045357_d7868c49-62cc-46f6-ac4d-da51c78a3471
2024-04-24T04:53:57,730  INFO [main] ql.Driver: Operation CREATEDATABASE obtained 0 locks
2024-04-24T04:53:57,730  INFO [main] ql.Driver: Executing command(queryId=alex_20240424045357_d7868c49-62cc-46f6-ac4d-da51c78a3471): create database mydb2
2024-04-24T04:53:57,730  INFO [main] ql.Driver: Starting task [Stage-0:DDL] in serial mode
2024-04-24T04:53:57,730  WARN [main] exec.DDLTask: metastore.warehouse.external.dir is not set, falling back to metastore.warehouse.dir. This could cause external tables to use to managed tablespace.
2024-04-24T04:53:57,731  INFO [main] HiveMetaStore.audit: ugi=alex	ip=unknown-ip-addr	cmd=create_database: Database(name:mydb2, description:null, locationUri:file:/home/alex/Repositories/hive/ql/target/tmp/org.apache.hadoop.hive.ql.TestTxnCommands3-1713959586346/warehouse/mydb2.db, parameters:null, ownerName:alex, ownerType:USER, catalogName:hive, type:NATIVE)	
2024-04-24T04:53:57,733  INFO [main] metastore.HMSHandler: Creating database path in external directory file:/home/alex/Repositories/hive/ql/target/tmp/org.apache.hadoop.hive.ql.TestTxnCommands3-1713959586346/warehouse/mydb2.db
2024-04-24T04:53:57,734  INFO [main] utils.FileUtils: Creating directory if it doesn't exist: file:/home/alex/Repositories/hive/ql/target/tmp/org.apache.hadoop.hive.ql.TestTxnCommands3-1713959586346/warehouse/mydb2.db
2024-04-24T04:53:57,736  INFO [main] metastore.HMSHandler: Created database path in external directory file:/home/alex/Repositories/hive/ql/target/tmp/org.apache.hadoop.hive.ql.TestTxnCommands3-1713959586346/warehouse/mydb2.db
2024-04-24T04:53:57,738  INFO [main] metadata.Hive: Dumping metastore api call timing information for : execution phase
2024-04-24T04:53:57,738  INFO [main] metadata.Hive: Total time spent in each metastore function (ms): {isCompatibleWith_(Configuration)=0, createDatabase_(Database)=8}
2024-04-24T04:53:57,739  INFO [main] ql.Driver: Completed executing command(queryId=alex_20240424045357_d7868c49-62cc-46f6-ac4d-da51c78a3471); Time taken: 0.008 seconds
2024-04-24T04:53:57,739  INFO [main] lockmgr.DbTxnManager: Stopped heartbeat for query: alex_20240424045357_d7868c49-62cc-46f6-ac4d-da51c78a3471
2024-04-24T04:53:57,745  INFO [main] txn.TxnHandler: Expected to move at least one record from txn_components to completed_txn_components when committing txn! txnid:16
2024-04-24T04:53:57,751  INFO [main] txn.TxnHandler: Removed transactions: ([16]) from MIN_HISTORY_LEVEL
2024-04-24T04:53:57,752  WARN [main] txn.CompactionTxnHandler: No compaction queue record found for Compaction type transaction commit. txnId:16
2024-04-24T04:53:57,752  INFO [main] ql.TxnCommandsBaseForTests: Running the query: create table mydb1.T(a int, b int) stored as orc
2024-04-24T04:53:57,753  INFO [main] ql.Driver: Compiling command(queryId=alex_20240424045357_90debe90-630b-4a28-85df-ba0687b020a6): create table mydb1.T(a int, b int) stored as orc
2024-04-24T04:53:57,756  INFO [main] txn.TxnHandler: Added entries to MIN_HISTORY_LEVEL for current txns: ([17]) with min_open_txn: 1
2024-04-24T04:53:57,756  INFO [main] lockmgr.DbTxnManager: Opened txnid:17
2024-04-24T04:53:57,757  INFO [main] parse.CalcitePlanner: Starting caching scope for: 
2024-04-24T04:53:57,757  INFO [main] parse.CalcitePlanner: Starting Semantic Analysis
2024-04-24T04:53:57,763  INFO [main] parse.CalcitePlanner: Creating table mydb1.T position=13
2024-04-24T04:53:57,763  INFO [main] parse.CalcitePlanner: Automatically chose to make mydb1.T acid.
2024-04-24T04:53:57,763  INFO [main] HiveMetaStore.audit: ugi=alex	ip=unknown-ip-addr	cmd=get_database: mydb1	
2024-04-24T04:53:57,767  INFO [main] parse.CalcitePlanner: Ending caching scope for: 
2024-04-24T04:53:57,767  INFO [main] ql.Driver: Semantic Analysis Completed (retrial = false)
2024-04-24T04:53:57,767  INFO [main] ql.Driver: Created Hive schema: Schema(fieldSchemas:null, properties:null)
2024-04-24T04:53:57,768  INFO [main] metadata.Hive: Dumping metastore api call timing information for : compilation phase
2024-04-24T04:53:57,768  INFO [main] metadata.Hive: Total time spent in each metastore function (ms): {getDatabase_(String)=4, commitTxn_(CommitTxnRequest)=13, openTxn_(String, TxnType)=3, getValidWriteIds_(List, String)=6, flushCache_()=0, getValidTxns_(long)=1, isCompatibleWith_(Configuration)=0}
2024-04-24T04:53:57,768  INFO [main] ql.Driver: Completed compiling command(queryId=alex_20240424045357_90debe90-630b-4a28-85df-ba0687b020a6); Time taken: 0.015 seconds
2024-04-24T04:53:57,768  INFO [main] lockmgr.DbTxnManager: Setting lock request transaction to txnid:17 for queryId=alex_20240424045357_90debe90-630b-4a28-85df-ba0687b020a6
2024-04-24T04:53:57,768  INFO [main] lockmgr.DbLockManager: Requesting lock for queryId=alex_20240424045357_90debe90-630b-4a28-85df-ba0687b020a6
2024-04-24T04:53:57,790  INFO [main] lockmgr.DbLockManager: Response to queryId=alex_20240424045357_90debe90-630b-4a28-85df-ba0687b020a6 LockResponse(lockid:7, state:ACQUIRED)
2024-04-24T04:53:57,790  INFO [main] ql.Driver: Operation CREATETABLE obtained 1 locks
2024-04-24T04:53:57,791  INFO [main] ql.Driver: Executing command(queryId=alex_20240424045357_90debe90-630b-4a28-85df-ba0687b020a6): create table mydb1.T(a int, b int) stored as orc
2024-04-24T04:53:57,791  INFO [main] ql.Driver: Starting task [Stage-0:DDL] in serial mode
2024-04-24T04:53:57,793  INFO [main] HiveMetaStore.audit: ugi=alex	ip=unknown-ip-addr	cmd=create_table_req: Table(tableName:T, dbName:mydb1, owner:alex, createTime:1713959637, lastAccessTime:0, retention:0, sd:StorageDescriptor(cols:[FieldSchema(name:a, type:int, comment:null), FieldSchema(name:b, type:int, comment:null)], location:null, inputFormat:org.apache.hadoop.hive.ql.io.orc.OrcInputFormat, outputFormat:org.apache.hadoop.hive.ql.io.orc.OrcOutputFormat, compressed:false, numBuckets:-1, serdeInfo:SerDeInfo(name:null, serializationLib:org.apache.hadoop.hive.ql.io.orc.OrcSerde, parameters:{serialization.format=1}), bucketCols:[], sortCols:[], parameters:{}, skewedInfo:SkewedInfo(skewedColNames:[], skewedColValues:[], skewedColValueLocationMaps:{}), storedAsSubDirectories:false), partitionKeys:[], parameters:{transactional=true, COLUMN_STATS_ACCURATE={"BASIC_STATS":"true","COLUMN_STATS":{"a":"true","b":"true"}}, numFiles=0, bucketing_version=2, rawDataSize=0, transactional_properties=default, totalSize=0, numFilesErasureCoded=0, numRows=0}, viewOriginalText:null, viewExpandedText:null, tableType:MANAGED_TABLE, privileges:PrincipalPrivilegeSet(userPrivileges:{alex=[PrivilegeGrantInfo(privilege:INSERT, createTime:-1, grantor:alex, grantorType:USER, grantOption:true), PrivilegeGrantInfo(privilege:SELECT, createTime:-1, grantor:alex, grantorType:USER, grantOption:true), PrivilegeGrantInfo(privilege:UPDATE, createTime:-1, grantor:alex, grantorType:USER, grantOption:true), PrivilegeGrantInfo(privilege:DELETE, createTime:-1, grantor:alex, grantorType:USER, grantOption:true)]}, groupPrivileges:null, rolePrivileges:null), temporary:false, catName:hive, ownerType:USER, writeId:0)	
2024-04-24T04:53:57,802  INFO [main] utils.FileUtils: Creating directory if it doesn't exist: file:/home/alex/Repositories/hive/ql/target/tmp/org.apache.hadoop.hive.ql.TestTxnCommands3-1713959586346/warehouse/mydb1.db/t
2024-04-24T04:53:57,837  INFO [main] metadata.Hive: Dumping metastore api call timing information for : execution phase
2024-04-24T04:53:57,837  INFO [main] metadata.Hive: Total time spent in each metastore function (ms): {isCompatibleWith_(Configuration)=0, createTable_(Table)=45}
2024-04-24T04:53:57,837  INFO [main] ql.Driver: Completed executing command(queryId=alex_20240424045357_90debe90-630b-4a28-85df-ba0687b020a6); Time taken: 0.046 seconds
2024-04-24T04:53:57,837  INFO [main] lockmgr.DbTxnManager: Stopped heartbeat for query: alex_20240424045357_90debe90-630b-4a28-85df-ba0687b020a6
2024-04-24T04:53:57,842  INFO [main] txn.TxnHandler: Expected to move at least one record from txn_components to completed_txn_components when committing txn! txnid:17
2024-04-24T04:53:57,849  INFO [main] txn.TxnHandler: Removed transactions: ([17]) from MIN_HISTORY_LEVEL
2024-04-24T04:53:57,849  WARN [main] txn.CompactionTxnHandler: No compaction queue record found for Compaction type transaction commit. txnId:17
2024-04-24T04:53:57,850  INFO [main] ql.TxnCommandsBaseForTests: Running the query: insert into mydb1.T values(1,2),(4,5)
2024-04-24T04:53:57,850  INFO [main] ql.Driver: Compiling command(queryId=alex_20240424045357_1fb73c3c-1fa3-440f-800a-b447a730d854): insert into mydb1.T values(1,2),(4,5)
2024-04-24T04:53:57,853  INFO [main] txn.TxnHandler: Added entries to MIN_HISTORY_LEVEL for current txns: ([18]) with min_open_txn: 1
2024-04-24T04:53:57,854  INFO [main] lockmgr.DbTxnManager: Opened txnid:18
2024-04-24T04:53:57,854  INFO [main] parse.CalcitePlanner: Starting caching scope for: 
2024-04-24T04:53:57,854  INFO [main] parse.CalcitePlanner: Starting Semantic Analysis
2024-04-24T04:53:57,858  INFO [main] HiveMetaStore.audit: ugi=alex	ip=unknown-ip-addr	cmd=get_table : tbl=hive.mydb1.T	
2024-04-24T04:53:57,880  INFO [main] metastore.HMSHandler: Skipping translation for processor with null
2024-04-24T04:53:57,881  INFO [main] parse.CalcitePlanner: Completed phase 1 of Semantic Analysis
2024-04-24T04:53:57,881  INFO [main] parse.CalcitePlanner: Get metadata for source tables
2024-04-24T04:53:57,881  INFO [main] parse.CalcitePlanner: Get metadata for subqueries
2024-04-24T04:53:57,881  INFO [main] parse.CalcitePlanner: Get metadata for destination tables
2024-04-24T04:53:57,881  INFO [main] HiveMetaStore.audit: ugi=alex	ip=unknown-ip-addr	cmd=get_table : tbl=hive.mydb1.T	
2024-04-24T04:53:57,889  INFO [main] metastore.HMSHandler: Skipping translation for processor with null
2024-04-24T04:53:57,889  INFO [main] parse.CalcitePlanner: Completed getting MetaData in Semantic Analysis
2024-04-24T04:53:57,889  INFO [main] parse.CalcitePlanner: Disabling LLAP IO encode as ETL query is detected
2024-04-24T04:53:57,913  INFO [main] HiveMetaStore.audit: ugi=alex	ip=unknown-ip-addr	cmd=get_all_table_constraints : tbl=hive._dummy_database._dummy_table	
2024-04-24T04:53:58,021  INFO [main] parse.CalcitePlanner: Get metadata for source tables
2024-04-24T04:53:58,021  INFO [main] parse.CalcitePlanner: Get metadata for subqueries
2024-04-24T04:53:58,021  INFO [main] parse.CalcitePlanner: Get metadata for source tables
2024-04-24T04:53:58,023  INFO [main] HiveMetaStore.audit: ugi=alex	ip=unknown-ip-addr	cmd=get_table : tbl=hive._dummy_database._dummy_table	
2024-04-24T04:53:58,025  INFO [main] parse.CalcitePlanner: Get metadata for subqueries
2024-04-24T04:53:58,025  INFO [main] parse.CalcitePlanner: Get metadata for destination tables
2024-04-24T04:53:58,025  INFO [main] parse.CalcitePlanner: Get metadata for destination tables
2024-04-24T04:53:58,026  INFO [main] HiveMetaStore.audit: ugi=alex	ip=unknown-ip-addr	cmd=get_table : tbl=hive.mydb1.T	
2024-04-24T04:53:58,033  INFO [main] metastore.HMSHandler: Skipping translation for processor with null
2024-04-24T04:53:58,036  INFO [main] HiveMetaStore.audit: ugi=alex	ip=unknown-ip-addr	cmd=get_not_null_constraints : tbl=hive.mydb1.t	
2024-04-24T04:53:58,038  INFO [main] HiveMetaStore.audit: ugi=alex	ip=unknown-ip-addr	cmd=get_check_constraints : tbl=hive.mydb1.t	
2024-04-24T04:53:58,046  INFO [main] txn.TxnHandler: Allocated writeId: 1 for txnId: 18
2024-04-24T04:53:58,047  INFO [main] txn.TxnHandler: Allocated write ids for dbName=mydb1, tblName=t (txnIds: [18])
2024-04-24T04:53:58,053  INFO [main] parse.CalcitePlanner: CBO Succeeded; optimized logical plan.
2024-04-24T04:53:58,056  INFO [main] optimizer.BucketVersionPopulator: not considering bucketingVersion for: TS[0] because it has -1<2 buckets 
2024-04-24T04:53:58,056  INFO [main] optimizer.SortedDynPartitionOptimizer: Sorted dynamic partitioning optimization kicked in..
2024-04-24T04:53:58,065  INFO [main] HiveMetaStore.audit: ugi=alex	ip=unknown-ip-addr	cmd=get_table : tbl=hive.mydb1.t	
2024-04-24T04:53:58,074  INFO [main] metastore.HMSHandler: Skipping translation for processor with null
2024-04-24T04:53:58,075  INFO [main] physical.Vectorizer: Examining input format to see if vectorization is enabled.
2024-04-24T04:53:58,075  INFO [main] physical.Vectorizer: Map vectorization enabled: false
2024-04-24T04:53:58,075  INFO [main] physical.Vectorizer: Map vectorized: false
2024-04-24T04:53:58,075  INFO [main] physical.Vectorizer: Map vectorizedVertexNum: 0
2024-04-24T04:53:58,075  INFO [main] physical.Vectorizer: Map enabledConditionsMet: [hive.vectorized.use.vectorized.input.format IS true]
2024-04-24T04:53:58,075  INFO [main] physical.Vectorizer: Map enabledConditionsNotMet: [Could not enable vectorization due to partition column names size 1 is greater than the number of table column names size 0 IS false]
2024-04-24T04:53:58,075  INFO [main] physical.Vectorizer: Map inputFileFormatClassNameSet: [org.apache.hadoop.hive.ql.io.NullRowsInputFormat]
2024-04-24T04:53:58,075  INFO [main] parse.CalcitePlanner: Completed plan generation
2024-04-24T04:53:58,075  INFO [main] parse.CalcitePlanner: Ending caching scope for: 
2024-04-24T04:53:58,075  INFO [main] ql.Driver: Semantic Analysis Completed (retrial = false)
2024-04-24T04:53:58,075  INFO [main] ql.Driver: Created Hive schema: Schema(fieldSchemas:[FieldSchema(name:col1, type:int, comment:null), FieldSchema(name:col2, type:int, comment:null)], properties:null)
2024-04-24T04:53:58,075  INFO [main] metadata.Hive: Dumping metastore api call timing information for : compilation phase
2024-04-24T04:53:58,076  INFO [main] metadata.Hive: Total time spent in each metastore function (ms): {getAllTableConstraints_(AllTableConstraintsRequest)=54, openTxn_(String, TxnType)=3, isCompatibleWith_(Configuration)=1, getValidTxns_(long)=0, getTable_(GetTableRequest)=48, allocateTableWriteId_(long, String, String)=14, getNotNullConstraints_(NotNullConstraintsRequest)=1, commitTxn_(CommitTxnRequest)=13, getCheckConstraints_(CheckConstraintsRequest)=2, getValidWriteIds_(List, String)=4, flushCache_()=0}
2024-04-24T04:53:58,076  INFO [main] ql.Driver: Completed compiling command(queryId=alex_20240424045357_1fb73c3c-1fa3-440f-800a-b447a730d854); Time taken: 0.225 seconds
2024-04-24T04:53:58,076  INFO [main] lockmgr.DbTxnManager: Setting lock request transaction to txnid:18 for queryId=alex_20240424045357_1fb73c3c-1fa3-440f-800a-b447a730d854
2024-04-24T04:53:58,076  INFO [main] lockmgr.DbLockManager: Requesting lock for queryId=alex_20240424045357_1fb73c3c-1fa3-440f-800a-b447a730d854
2024-04-24T04:53:58,094  INFO [main] lockmgr.DbLockManager: Response to queryId=alex_20240424045357_1fb73c3c-1fa3-440f-800a-b447a730d854 LockResponse(lockid:8, state:ACQUIRED)
2024-04-24T04:53:58,094  INFO [main] ql.Driver: Operation QUERY obtained 1 locks
2024-04-24T04:53:58,096  INFO [main] ql.Driver: Executing command(queryId=alex_20240424045357_1fb73c3c-1fa3-440f-800a-b447a730d854): insert into mydb1.T values(1,2),(4,5)
2024-04-24T04:53:58,097  WARN [main] ql.Driver: Hive-on-MR is deprecated in Hive 2 and may not be available in the future versions. Consider using a different execution engine (i.e. spark, tez) or using Hive 1.X releases.
Query ID = alex_20240424045357_1fb73c3c-1fa3-440f-800a-b447a730d854
2024-04-24T04:53:58,097  INFO [main] ql.Driver: Query ID = alex_20240424045357_1fb73c3c-1fa3-440f-800a-b447a730d854
Total jobs = 1
2024-04-24T04:53:58,097  INFO [main] ql.Driver: Total jobs = 1
Launching Job 1 out of 1
2024-04-24T04:53:58,097  INFO [main] ql.Driver: Launching Job 1 out of 1
2024-04-24T04:53:58,237  INFO [main] ql.Driver: Starting task [Stage-1:MAPRED] in serial mode
Number of reduce tasks is set to 0 since there's no reduce operator
2024-04-24T04:53:58,237  INFO [main] exec.Task: Number of reduce tasks is set to 0 since there's no reduce operator
2024-04-24T04:53:58,240  INFO [main] mr.ExecDriver: Using org.apache.hadoop.hive.ql.io.HiveInputFormat
2024-04-24T04:53:58,240  INFO [main] exec.Utilities: Processing alias $hdt$_0:_dummy_table
2024-04-24T04:53:58,240  INFO [main] exec.Utilities: Adding 1 inputs; the first input is file:/home/alex/Repositories/hive/ql/target/tmp/localscratchdir/a2cbde4c-b7e8-4a4f-9b0e-13a72c425f28/hive_2024-04-24_04-53-57_850_1680966405308976699-1/dummy_path
2024-04-24T04:53:58,250  INFO [main] exec.SerializationUtilities: Serializing MapWork using kryo
2024-04-24T04:53:58,252  INFO [main] exec.Utilities: Serialized plan (via FILE) - name: null size: 5,72KB
2024-04-24T04:53:58,253  WARN [main] impl.MetricsSystemImpl: JobTracker metrics system already initialized!
2024-04-24T04:53:58,257  INFO [main] fs.FSStatsPublisher: created : file:/home/alex/Repositories/hive/ql/target/tmp/localscratchdir/a2cbde4c-b7e8-4a4f-9b0e-13a72c425f28/hive_2024-04-24_04-53-57_850_1680966405308976699-1/-mr-10000
2024-04-24T04:53:58,259  WARN [main] impl.MetricsSystemImpl: JobTracker metrics system already initialized!
2024-04-24T04:53:58,266  WARN [main] mapreduce.JobResourceUploader: Hadoop command-line option parsing not performed. Implement the Tool interface and execute your application with ToolRunner to remedy this.
2024-04-24T04:53:58,272  WARN [main] mapreduce.JobResourceUploader: No job jar file set.  User classes may not be found. See Job or Job#setJar(String).
2024-04-24T04:53:58,273  INFO [main] io.HiveInputFormat: hive.io.file.readcolumn.ids = 
2024-04-24T04:53:58,273  INFO [main] io.HiveInputFormat: hive.io.file.readcolumn.names = 
2024-04-24T04:53:58,273  INFO [main] io.HiveInputFormat: Generating splits for dirs: file:/home/alex/Repositories/hive/ql/target/tmp/localscratchdir/a2cbde4c-b7e8-4a4f-9b0e-13a72c425f28/hive_2024-04-24_04-53-57_850_1680966405308976699-1/dummy_path
2024-04-24T04:53:58,274  INFO [main] io.HiveInputFormat: number of splits 1
2024-04-24T04:53:58,294  INFO [main] mapreduce.JobSubmitter: number of splits:1
2024-04-24T04:53:58,318  INFO [main] mapreduce.JobSubmitter: Submitting tokens for job: job_local2062728131_0014
2024-04-24T04:53:58,318  INFO [main] mapreduce.JobSubmitter: Executing with tokens: []
2024-04-24T04:53:58,390  INFO [main] mapreduce.Job: The url to track the job: http://localhost:8080/
Job running in-process (local Hadoop)
2024-04-24T04:53:58,390  INFO [main] exec.Task: Job running in-process (local Hadoop)
2024-04-24T04:53:58,391  INFO [Thread-984] mapred.LocalJobRunner: OutputCommitter set in config org.apache.hadoop.hive.ql.io.HiveFileFormatUtils$NullOutputCommitter
2024-04-24T04:53:58,391  INFO [Thread-984] mapred.LocalJobRunner: OutputCommitter is org.apache.hadoop.hive.ql.io.HiveFileFormatUtils$NullOutputCommitter
2024-04-24T04:53:58,392  INFO [Thread-984] mapred.LocalJobRunner: Waiting for map tasks
2024-04-24T04:53:58,393  INFO [LocalJobRunner Map Task Executor #0] mapred.LocalJobRunner: Starting task: attempt_local2062728131_0014_m_000000_0
2024-04-24T04:53:58,397  INFO [LocalJobRunner Map Task Executor #0] mapred.Task:  Using ResourceCalculatorProcessTree : [ ]
2024-04-24T04:53:58,398  INFO [LocalJobRunner Map Task Executor #0] mapred.MapTask: Processing split: org.apache.hadoop.hive.ql.io.NullRowsInputFormat:file:/home/alex/Repositories/hive/ql/target/tmp/localscratchdir/a2cbde4c-b7e8-4a4f-9b0e-13a72c425f28/hive_2024-04-24_04-53-57_850_1680966405308976699-1/dummy_path/null:0+1
2024-04-24T04:53:58,402  INFO [LocalJobRunner Map Task Executor #0] exec.SerializationUtilities: Deserializing MapWork using kryo
2024-04-24T04:53:58,403  INFO [LocalJobRunner Map Task Executor #0] exec.Utilities: Deserialized plan (via FILE) - name: null size: 5,72KB
2024-04-24T04:53:58,404  INFO [LocalJobRunner Map Task Executor #0] mapred.MapTask: numReduceTasks: 0
2024-04-24T04:53:58,407  INFO [LocalJobRunner Map Task Executor #0] exec.MapOperator: Initializing Operator: MAP[0]
2024-04-24T04:53:58,408  INFO [LocalJobRunner Map Task Executor #0] mr.ExecMapper: 
<MAP>Id =0
  <Children>null
  <\Children>
  <Parent><\Parent>
<\MAP>
2024-04-24T04:53:58,409  INFO [LocalJobRunner Map Task Executor #0] exec.TableScanOperator: Initializing Operator: TS[0]
2024-04-24T04:53:58,409  INFO [LocalJobRunner Map Task Executor #0] exec.SelectOperator: Initializing Operator: SEL[1]
2024-04-24T04:53:58,409  INFO [LocalJobRunner Map Task Executor #0] exec.SelectOperator: SELECT null
2024-04-24T04:53:58,409  INFO [LocalJobRunner Map Task Executor #0] exec.UDTFOperator: Initializing Operator: UDTF[2]
2024-04-24T04:53:58,409  INFO [LocalJobRunner Map Task Executor #0] exec.SelectOperator: Initializing Operator: SEL[3]
2024-04-24T04:53:58,409  INFO [LocalJobRunner Map Task Executor #0] exec.SelectOperator: SELECT struct<col1:int,col2:int>
2024-04-24T04:53:58,409  INFO [LocalJobRunner Map Task Executor #0] exec.FileSinkOperator: Initializing Operator: FS[4]
2024-04-24T04:53:58,410  INFO [LocalJobRunner Map Task Executor #0] exec.FileSinkOperator: Using serializer : AbstractSerDe [log=org.apache.logging.slf4j.Log4jLogger@38b5dff2, configuration=Optional[Configuration: core-default.xml, core-site.xml, mapred-default.xml, mapred-site.xml, yarn-default.xml, yarn-site.xml, hdfs-default.xml, hdfs-site.xml, file:/home/alex/Repositories/hive/ql/target/tmp/TestTxnCommands3/mapred/local/localRunner/alex/job_local2062728131_0014/job_local2062728131_0014.xml], properties={transactional_properties=default, name=mydb1.t, transactional=true, columns.types=int:int, columns=a,b, numFilesErasureCoded=0, columns.comments=&amp#0;, bucketing_version=2, serialization.lib=org.apache.hadoop.hive.ql.io.orc.OrcSerde, file.inputformat=org.apache.hadoop.hive.ql.io.orc.OrcInputFormat, file.outputformat=org.apache.hadoop.hive.ql.io.orc.OrcOutputFormat, location=file:/home/alex/Repositories/hive/ql/target/tmp/org.apache.hadoop.hive.ql.TestTxnCommands3-1713959586346/warehouse/mydb1.db/t, column.name.delimiter=,}, tableProperties={transactional_properties=default, name=mydb1.t, transactional=true, columns.types=int:int, columns=a,b, numFilesErasureCoded=0, columns.comments=&amp#0;, bucketing_version=2, serialization.lib=org.apache.hadoop.hive.ql.io.orc.OrcSerde, file.inputformat=org.apache.hadoop.hive.ql.io.orc.OrcInputFormat, location=file:/home/alex/Repositories/hive/ql/target/tmp/org.apache.hadoop.hive.ql.TestTxnCommands3-1713959586346/warehouse/mydb1.db/t, file.outputformat=org.apache.hadoop.hive.ql.io.orc.OrcOutputFormat, column.name.delimiter=,}, partitionProperties=Optional.empty, columnNames=[a, b], columnTypes=[int, int], getClass()=class org.apache.hadoop.hive.ql.io.orc.OrcSerde] and formatter : org.apache.hadoop.hive.ql.io.orc.OrcOutputFormat@1588c5e9
2024-04-24T04:53:58,411  INFO [LocalJobRunner Map Task Executor #0] exec.FileSinkOperator: Final Path: FS file:/home/alex/Repositories/hive/ql/target/tmp/org.apache.hadoop.hive.ql.TestTxnCommands3-1713959586346/warehouse/mydb1.db/t
2024-04-24T04:53:58,411  INFO [LocalJobRunner Map Task Executor #0] exec.FileSinkOperator: New Final Path: FS file:/home/alex/Repositories/hive/ql/target/tmp/org.apache.hadoop.hive.ql.TestTxnCommands3-1713959586346/warehouse/mydb1.db/t
2024-04-24T04:53:58,411  INFO [LocalJobRunner Map Task Executor #0] common.FileUtils: Creating directory if it doesn't exist: file:/home/alex/Repositories/hive/ql/target/tmp/org.apache.hadoop.hive.ql.TestTxnCommands3-1713959586346/warehouse/mydb1.db
2024-04-24T04:53:58,415  INFO [LocalJobRunner Map Task Executor #0] exec.FileSinkOperator: FS[4]: records written - 1
2024-04-24T04:53:58,415  INFO [LocalJobRunner Map Task Executor #0] impl.PhysicalFsWriter: ORC writer created for path: file:/home/alex/Repositories/hive/ql/target/tmp/org.apache.hadoop.hive.ql.TestTxnCommands3-1713959586346/warehouse/mydb1.db/t/delta_0000001_0000001_0000/bucket_00000_0 with stripeSize: 8388608 blockSize: 268435456 compression: Compress: ZLIB buffer: 32768
2024-04-24T04:53:58,423  INFO [LocalJobRunner Map Task Executor #0] impl.WriterImpl: ORC writer created for path: file:/home/alex/Repositories/hive/ql/target/tmp/org.apache.hadoop.hive.ql.TestTxnCommands3-1713959586346/warehouse/mydb1.db/t/delta_0000001_0000001_0000/bucket_00000_0 with stripeSize: 8388608 options: Compress: ZLIB buffer: 32768
2024-04-24T04:53:58,429  INFO [LocalJobRunner Map Task Executor #0] exec.MapOperator: MAP[0]: records read - 1
2024-04-24T04:53:58,429  INFO [LocalJobRunner Map Task Executor #0] exec.MapOperator: Closing Operator: MAP[0]
2024-04-24T04:53:58,429  INFO [LocalJobRunner Map Task Executor #0] exec.MapOperator: MAP[0]: Total records read - 3. abort - false
2024-04-24T04:53:58,429  INFO [LocalJobRunner Map Task Executor #0] exec.MapOperator: RECORDS_OUT_INTERMEDIATE:0, DESERIALIZE_ERRORS:0, RECORDS_IN:3, RECORDS_OUT_OPERATOR_MAP_0:0, 
2024-04-24T04:53:58,429  INFO [LocalJobRunner Map Task Executor #0] exec.TableScanOperator: Closing Operator: TS[0]
2024-04-24T04:53:58,429  INFO [LocalJobRunner Map Task Executor #0] exec.TableScanOperator: RECORDS_OUT_OPERATOR_TS_0:1, RECORDS_OUT_INTERMEDIATE:0, 
2024-04-24T04:53:58,429  INFO [LocalJobRunner Map Task Executor #0] exec.SelectOperator: Closing Operator: SEL[1]
2024-04-24T04:53:58,429  INFO [LocalJobRunner Map Task Executor #0] exec.SelectOperator: RECORDS_OUT_INTERMEDIATE:0, RECORDS_OUT_OPERATOR_SEL_1:1, 
2024-04-24T04:53:58,429  INFO [LocalJobRunner Map Task Executor #0] exec.UDTFOperator: Closing Operator: UDTF[2]
2024-04-24T04:53:58,429  INFO [LocalJobRunner Map Task Executor #0] exec.UDTFOperator: RECORDS_OUT_OPERATOR_UDTF_2:2, RECORDS_OUT_INTERMEDIATE:0, 
2024-04-24T04:53:58,429  INFO [LocalJobRunner Map Task Executor #0] exec.SelectOperator: Closing Operator: SEL[3]
2024-04-24T04:53:58,429  INFO [LocalJobRunner Map Task Executor #0] exec.SelectOperator: RECORDS_OUT_INTERMEDIATE:0, RECORDS_OUT_OPERATOR_SEL_3:2, 
2024-04-24T04:53:58,429  INFO [LocalJobRunner Map Task Executor #0] exec.FileSinkOperator: Closing Operator: FS[4]
2024-04-24T04:53:58,429  INFO [LocalJobRunner Map Task Executor #0] exec.FileSinkOperator: FS[4]: records written - 2
2024-04-24T04:53:58,433  INFO [LocalJobRunner Map Task Executor #0] FileOperations: Writing manifest to file:/home/alex/Repositories/hive/ql/target/tmp/org.apache.hadoop.hive.ql.TestTxnCommands3-1713959586346/warehouse/mydb1.db/t/_tmp.delta_0000001_0000001_0000/000000_0.manifest with [file:/home/alex/Repositories/hive/ql/target/tmp/org.apache.hadoop.hive.ql.TestTxnCommands3-1713959586346/warehouse/mydb1.db/t/delta_0000001_0000001_0000/bucket_00000_0]
2024-04-24T04:53:58,447  INFO [LocalJobRunner Map Task Executor #0] exec.FileSinkOperator: RECORDS_OUT_INTERMEDIATE:0, TOTAL_TABLE_ROWS_WRITTEN:2, RECORDS_OUT_1_mydb1.t:2, RECORDS_OUT_OPERATOR_FS_4:2, 
2024-04-24T04:53:58,447  INFO [LocalJobRunner Map Task Executor #0] mapred.LocalJobRunner: 
2024-04-24T04:53:58,450  INFO [LocalJobRunner Map Task Executor #0] mapred.Task: Task:attempt_local2062728131_0014_m_000000_0 is done. And is in the process of committing
2024-04-24T04:53:58,450  INFO [LocalJobRunner Map Task Executor #0] mapred.LocalJobRunner: map
2024-04-24T04:53:58,451  INFO [LocalJobRunner Map Task Executor #0] mapred.Task: Task 'attempt_local2062728131_0014_m_000000_0' done.
2024-04-24T04:53:58,451  INFO [LocalJobRunner Map Task Executor #0] mapred.Task: Final Counters for attempt_local2062728131_0014_m_000000_0: Counters: 27
	File System Counters
		FILE: Number of bytes read=232426
		FILE: Number of bytes written=16491038
		FILE: Number of read operations=0
		FILE: Number of large read operations=0
		FILE: Number of write operations=0
	Map-Reduce Framework
		Map input records=4
		Map output records=0
		Input split bytes=361
		Spilled Records=0
		Failed Shuffles=0
		Merged Map outputs=0
		GC time elapsed (ms)=0
		Total committed heap usage (bytes)=1144520704
	HIVE
		CREATED_FILES=1
		DESERIALIZE_ERRORS=0
		RECORDS_IN=3
		RECORDS_OUT_1_mydb1.t=2
		RECORDS_OUT_INTERMEDIATE=0
		RECORDS_OUT_OPERATOR_FS_4=2
		RECORDS_OUT_OPERATOR_MAP_0=0
		RECORDS_OUT_OPERATOR_SEL_1=1
		RECORDS_OUT_OPERATOR_SEL_3=2
		RECORDS_OUT_OPERATOR_TS_0=1
		RECORDS_OUT_OPERATOR_UDTF_2=2
		TOTAL_TABLE_ROWS_WRITTEN=2
	File Input Format Counters 
		Bytes Read=5775
	File Output Format Counters 
		Bytes Written=0
2024-04-24T04:53:58,451  INFO [LocalJobRunner Map Task Executor #0] mapred.LocalJobRunner: Finishing task: attempt_local2062728131_0014_m_000000_0
2024-04-24T04:53:58,451  INFO [Thread-984] mapred.LocalJobRunner: map task executor complete.
2024-04-24 04:53:59,394 Stage-1 map = 100%,  reduce = 0%
2024-04-24T04:53:59,394  INFO [main] exec.Task: 2024-04-24 04:53:59,394 Stage-1 map = 100%,  reduce = 0%
Ended Job = job_local2062728131_0014
2024-04-24T04:53:59,396  INFO [main] exec.Task: Ended Job = job_local2062728131_0014
2024-04-24T04:53:59,397  INFO [main] FileOperations: Found manifest file file:/home/alex/Repositories/hive/ql/target/tmp/org.apache.hadoop.hive.ql.TestTxnCommands3-1713959586346/warehouse/mydb1.db/t/_tmp.delta_0000001_0000001_0000/000000_0.manifest with attemptId 0.
2024-04-24T04:53:59,397  INFO [main] FileOperations: Looking at manifest file: file:/home/alex/Repositories/hive/ql/target/tmp/org.apache.hadoop.hive.ql.TestTxnCommands3-1713959586346/warehouse/mydb1.db/t/_tmp.delta_0000001_0000001_0000/000000_0.manifest
2024-04-24T04:53:59,397  INFO [main] FileOperations: Deleting manifest directory file:/home/alex/Repositories/hive/ql/target/tmp/org.apache.hadoop.hive.ql.TestTxnCommands3-1713959586346/warehouse/mydb1.db/t/_tmp.delta_0000001_0000001_0000
2024-04-24T04:53:59,399  INFO [main] ql.Driver: Starting task [Stage-0:MOVE] in serial mode
Loading data to table mydb1.t
2024-04-24T04:53:59,399  INFO [main] exec.Task: Loading data to table mydb1.t from file:/home/alex/Repositories/hive/ql/target/tmp/org.apache.hadoop.hive.ql.TestTxnCommands3-1713959586346/warehouse/mydb1.db/t
2024-04-24T04:53:59,399  INFO [main] HiveMetaStore.audit: ugi=alex	ip=unknown-ip-addr	cmd=get_table : tbl=hive.mydb1.t	
2024-04-24T04:53:59,407  INFO [main] metastore.HMSHandler: Skipping translation for processor with null
2024-04-24T04:53:59,407  INFO [main] HiveMetaStore.audit: ugi=alex	ip=unknown-ip-addr	cmd=get_table : tbl=hive.mydb1.t	
2024-04-24T04:53:59,415  INFO [main] metastore.HMSHandler: Skipping translation for processor with null
2024-04-24T04:53:59,416  INFO [main] HiveMetaStore.audit: ugi=alex	ip=unknown-ip-addr	cmd=alter_table: hive.mydb1.t newtbl=t	
2024-04-24T04:53:59,460  INFO [main] ql.Driver: Starting task [Stage-2:STATS] in serial mode
2024-04-24T04:53:59,460  INFO [main] HiveMetaStore.audit: ugi=alex	ip=unknown-ip-addr	cmd=get_table : tbl=hive.mydb1.t	
2024-04-24T04:53:59,473  INFO [main] metastore.HMSHandler: Skipping translation for processor with null
2024-04-24T04:53:59,473  INFO [main] stats.BasicStatsTask: Executing stats task
2024-04-24T04:53:59,473  INFO [main] fs.FSStatsPublisher: created : file:/home/alex/Repositories/hive/ql/target/tmp/localscratchdir/a2cbde4c-b7e8-4a4f-9b0e-13a72c425f28/hive_2024-04-24_04-53-57_850_1680966405308976699-1/-mr-10000
2024-04-24T04:53:59,475  INFO [main] HiveMetaStore.audit: ugi=alex	ip=unknown-ip-addr	cmd=get_table : tbl=hive.mydb1.t	
2024-04-24T04:53:59,486  INFO [main] metastore.HMSHandler: Skipping translation for processor with null
2024-04-24T04:53:59,495  WARN [main] FileOperations: Computing stats for an ACID table; stats may be inaccurate
2024-04-24T04:53:59,496  INFO [main] FileOperations: Read stats for mydb1.t/, numRows, true, 2, false: 
2024-04-24T04:53:59,496  INFO [main] FileOperations: Read stats for mydb1.t/, rawDataSize, true, 0, false: 
2024-04-24T04:53:59,497  INFO [main] HiveMetaStore.audit: ugi=alex	ip=unknown-ip-addr	cmd=alter_table: hive.mydb1.t newtbl=t	
2024-04-24T04:53:59,522  INFO [main] FileOperations: Read stats for mydb1.t/, insertCount, true, 2, false: 
2024-04-24T04:53:59,522  INFO [main] FileOperations: Read stats for mydb1.t/, updateCount, true, 0, false: 
2024-04-24T04:53:59,522  INFO [main] FileOperations: Read stats for mydb1.t/, deleteCount, true, 0, false: 
2024-04-24T04:53:59,525  INFO [main] stats.BasicStatsTask: Table mydb1.t stats: [numFiles=1, numRows=2, totalSize=687, rawDataSize=0, numFilesErasureCoded=0]
2024-04-24T04:53:59,526  INFO [main] metadata.Hive: Dumping metastore api call timing information for : execution phase
2024-04-24T04:53:59,526  INFO [main] metadata.Hive: Total time spent in each metastore function (ms): {alter_table_(String, String, String, Table, EnvironmentContext, String)=71, updateTransactionalStatistics_(UpdateTransactionalStatsRequest)=3, isCompatibleWith_(Configuration)=0, getTable_(GetTableRequest)=40}
MapReduce Jobs Launched: 
2024-04-24T04:53:59,526  INFO [main] ql.Driver: MapReduce Jobs Launched: 
Stage-Stage-1:  HDFS Read: 0 HDFS Write: 0 SUCCESS
2024-04-24T04:53:59,526  INFO [main] ql.Driver: Stage-Stage-1:  HDFS Read: 0 HDFS Write: 0 SUCCESS
Total MapReduce CPU Time Spent: 0 msec
2024-04-24T04:53:59,526  INFO [main] ql.Driver: Total MapReduce CPU Time Spent: 0 msec
2024-04-24T04:53:59,526  INFO [main] ql.Driver: Completed executing command(queryId=alex_20240424045357_1fb73c3c-1fa3-440f-800a-b447a730d854); Time taken: 1.43 seconds
2024-04-24T04:53:59,526  INFO [main] lockmgr.DbTxnManager: Stopped heartbeat for query: alex_20240424045357_1fb73c3c-1fa3-440f-800a-b447a730d854
2024-04-24T04:53:59,536  INFO [main] txn.TxnHandler: Removed transactions: ([18]) from MIN_HISTORY_LEVEL
2024-04-24T04:53:59,539  WARN [main] txn.CompactionTxnHandler: No compaction queue record found for Compaction type transaction commit. txnId:18
2024-04-24T04:53:59,540  INFO [main] ql.TxnCommandsBaseForTests: Running the query: update mydb1.T set b = 6 where b = 5
2024-04-24T04:53:59,540  INFO [main] ql.Context: Deleting scratch dir: file:/home/alex/Repositories/hive/ql/target/tmp/localscratchdir/a2cbde4c-b7e8-4a4f-9b0e-13a72c425f28/hive_2024-04-24_04-53-57_850_1680966405308976699-1
2024-04-24T04:53:59,541  INFO [main] cleanup.SyncCleanupService: Deleted directory: file:/home/alex/Repositories/hive/ql/target/tmp/localscratchdir/a2cbde4c-b7e8-4a4f-9b0e-13a72c425f28/hive_2024-04-24_04-53-57_850_1680966405308976699-1 on fs with scheme file
2024-04-24T04:53:59,541  INFO [main] ql.Driver: Compiling command(queryId=alex_20240424045359_73d07260-45cd-4a2a-8b4e-95bfe92c1d65): update mydb1.T set b = 6 where b = 5
2024-04-24T04:53:59,551  INFO [main] txn.TxnHandler: Added entries to MIN_HISTORY_LEVEL for current txns: ([19]) with min_open_txn: 19
2024-04-24T04:53:59,552  INFO [main] lockmgr.DbTxnManager: Opened txnid:19
2024-04-24T04:53:59,554  INFO [main] parse.UpdateDeleteSemanticAnalyzer: Starting caching scope for: 
2024-04-24T04:53:59,555  INFO [main] HiveMetaStore.audit: ugi=alex	ip=unknown-ip-addr	cmd=get_table : tbl=hive.mydb1.T	
2024-04-24T04:53:59,563  INFO [main] metastore.HMSHandler: Skipping translation for processor with null
2024-04-24T04:53:59,564  INFO [main] parse.RewriteSemanticAnalyzer: Going to reparse <update mydb1.T set b = 6 where b = 5> as 
<insert into table `mydb1`.`T` select ROW__ID,`a`,`b` from `mydb1`.`T` sort by ROW__ID >
2024-04-24T04:53:59,565  INFO [main] parse.UpdateDeleteSemanticAnalyzer: Starting Semantic Analysis
2024-04-24T04:53:59,570  INFO [main] HiveMetaStore.audit: ugi=alex	ip=unknown-ip-addr	cmd=get_table : tbl=hive.mydb1.T	
2024-04-24T04:53:59,579  INFO [main] metastore.HMSHandler: Skipping translation for processor with null
2024-04-24T04:53:59,579  INFO [main] parse.UpdateDeleteSemanticAnalyzer: Completed phase 1 of Semantic Analysis
2024-04-24T04:53:59,579  INFO [main] parse.UpdateDeleteSemanticAnalyzer: Get metadata for source tables
2024-04-24T04:53:59,581  INFO [main] HiveMetaStore.audit: ugi=alex	ip=unknown-ip-addr	cmd=get_table : tbl=hive.mydb1.t	
2024-04-24T04:53:59,591  INFO [main] metastore.HMSHandler: Skipping translation for processor with null
2024-04-24T04:53:59,591  INFO [main] parse.UpdateDeleteSemanticAnalyzer: Get metadata for subqueries
2024-04-24T04:53:59,591  INFO [main] parse.UpdateDeleteSemanticAnalyzer: Get metadata for destination tables
2024-04-24T04:53:59,592  INFO [main] HiveMetaStore.audit: ugi=alex	ip=unknown-ip-addr	cmd=get_table : tbl=hive.mydb1.T	
2024-04-24T04:53:59,599  INFO [main] metastore.HMSHandler: Skipping translation for processor with null
2024-04-24T04:53:59,599  INFO [main] parse.UpdateDeleteSemanticAnalyzer: Completed getting MetaData in Semantic Analysis
2024-04-24T04:53:59,599  INFO [main] parse.UpdateDeleteSemanticAnalyzer: Disabling LLAP IO encode as ETL query is detected
2024-04-24T04:53:59,613  INFO [main] HiveMetaStore.audit: ugi=alex	ip=unknown-ip-addr	cmd=get_all_table_constraints : tbl=hive.mydb1.t	
2024-04-24T04:53:59,622  INFO [main] HiveMetaStore.audit: ugi=alex	ip=unknown-ip-addr	cmd=get_not_null_constraints : tbl=hive.mydb1.t	
2024-04-24T04:53:59,623  INFO [main] HiveMetaStore.audit: ugi=alex	ip=unknown-ip-addr	cmd=get_check_constraints : tbl=hive.mydb1.t	
2024-04-24T04:53:59,658  INFO [main] calcite.RelOptHiveTable: Calculating column statistics for mydb1.t, projIndxSet: [0, 1], allowMissingStats: true
2024-04-24T04:53:59,659  INFO [main] HiveMetaStore.audit: ugi=alex	ip=unknown-ip-addr	cmd=get_table : tbl=hive.mydb1.t	
2024-04-24T04:53:59,669  INFO [main] metastore.HMSHandler: Skipping translation for processor with null
2024-04-24T04:53:59,671  INFO [main] HiveMetaStore.audit: ugi=alex	ip=unknown-ip-addr	cmd=get_table : tbl=hive.mydb1.t	
2024-04-24T04:53:59,680  INFO [main] metastore.HMSHandler: Skipping translation for processor with null
2024-04-24T04:53:59,681  INFO [main] HiveMetaStore.audit: ugi=alex	ip=unknown-ip-addr	cmd=get_table_statistics_req: table=hive.mydb1.t	
2024-04-24T04:53:59,695  WARN [main] calcite.RelOptHiveTable: No Stats for mydb1@t, Columns: b, a
No Stats for mydb1@t, Columns: b, a
2024-04-24T04:53:59,695  INFO [main] SessionState: No Stats for mydb1@t, Columns: b, a
2024-04-24T04:53:59,788  INFO [main] parse.UpdateDeleteSemanticAnalyzer: Get metadata for source tables
2024-04-24T04:53:59,788  INFO [main] parse.UpdateDeleteSemanticAnalyzer: Get metadata for subqueries
2024-04-24T04:53:59,788  INFO [main] parse.UpdateDeleteSemanticAnalyzer: Get metadata for destination tables
2024-04-24T04:53:59,788  INFO [main] HiveMetaStore.audit: ugi=alex	ip=unknown-ip-addr	cmd=get_table : tbl=hive.mydb1.T	
2024-04-24T04:53:59,796  INFO [main] metastore.HMSHandler: Skipping translation for processor with null
2024-04-24T04:53:59,800 ERROR [main] parse.UpdateDeleteSemanticAnalyzer: CBO failed, skipping CBO. 
org.apache.hadoop.hive.ql.exec.NoMatchingMethodException: No matching method for class org.apache.hadoop.hive.ql.udf.UDFToInteger with (struct<writeid:bigint,bucketid:int,rowid:bigint>). Possible choices: _FUNC_(bigint)  _FUNC_(boolean)  _FUNC_(decimal(38,18))  _FUNC_(double)  _FUNC_(float)  _FUNC_(smallint)  _FUNC_(string)  _FUNC_(struct<bucketid:bigint,writeid:bigint,rowid:int>)  _FUNC_(timestamp)  _FUNC_(tinyint)  _FUNC_(void)  
	at org.apache.hadoop.hive.ql.exec.MethodUtils.getMethodInternal(MethodUtils.java:130) ~[classes/:?]
	at org.apache.hadoop.hive.ql.exec.MethodUtils.getMethodInternal(MethodUtils.java:60) ~[classes/:?]
	at org.apache.hadoop.hive.ql.exec.DefaultUDFMethodResolver.getEvalMethod(DefaultUDFMethodResolver.java:59) ~[classes/:?]
	at org.apache.hadoop.hive.ql.udf.TimestampCastRestrictorResolver.getEvalMethod(TimestampCastRestrictorResolver.java:68) ~[classes/:?]
	at org.apache.hadoop.hive.ql.udf.generic.GenericUDFBridge.initialize(GenericUDFBridge.java:168) ~[classes/:?]
	at org.apache.hadoop.hive.ql.udf.generic.GenericUDF.initializeAndFoldConstants(GenericUDF.java:149) ~[classes/:?]
	at org.apache.hadoop.hive.ql.plan.ExprNodeGenericFuncDesc.newInstance(ExprNodeGenericFuncDesc.java:235) ~[classes/:?]
	at org.apache.hadoop.hive.ql.parse.type.ExprNodeDescExprFactory.createFuncCallExpr(ExprNodeDescExprFactory.java:584) ~[classes/:?]
	at org.apache.hadoop.hive.ql.parse.type.ExprNodeDescExprFactory.createFuncCallExpr(ExprNodeDescExprFactory.java:97) ~[classes/:?]
	at org.apache.hadoop.hive.ql.parse.type.TypeCheckProcFactory$DefaultExprProcessor.getFuncExprNodeDescWithUdfData(TypeCheckProcFactory.java:762) ~[classes/:?]
	at org.apache.hadoop.hive.ql.parse.type.TypeCheckProcFactory$DefaultExprProcessor.createConversionCast(TypeCheckProcFactory.java:783) ~[classes/:?]
	at org.apache.hadoop.hive.ql.parse.SemanticAnalyzer.getPartitionColsFromBucketColsForUpdateDelete(SemanticAnalyzer.java:8725) ~[classes/:?]
	at org.apache.hadoop.hive.ql.parse.SemanticAnalyzer.genBucketingSortingDest(SemanticAnalyzer.java:6914) ~[classes/:?]
	at org.apache.hadoop.hive.ql.parse.SemanticAnalyzer.genFileSinkPlan(SemanticAnalyzer.java:7335) ~[classes/:?]
	at org.apache.hadoop.hive.ql.parse.SemanticAnalyzer.genPostGroupByBodyPlan(SemanticAnalyzer.java:11063) ~[classes/:?]
	at org.apache.hadoop.hive.ql.parse.SemanticAnalyzer.genBodyPlan(SemanticAnalyzer.java:10938) ~[classes/:?]
	at org.apache.hadoop.hive.ql.parse.SemanticAnalyzer.genPlan(SemanticAnalyzer.java:11853) ~[classes/:?]
	at org.apache.hadoop.hive.ql.parse.SemanticAnalyzer.genPlan(SemanticAnalyzer.java:11723) ~[classes/:?]
	at org.apache.hadoop.hive.ql.parse.CalcitePlanner.genOPTree(CalcitePlanner.java:626) ~[classes/:?]
	at org.apache.hadoop.hive.ql.parse.SemanticAnalyzer.analyzeInternal(SemanticAnalyzer.java:12558) ~[classes/:?]
	at org.apache.hadoop.hive.ql.parse.CalcitePlanner.analyzeInternal(CalcitePlanner.java:456) ~[classes/:?]
	at org.apache.hadoop.hive.ql.parse.RewriteSemanticAnalyzer.analyzeInternal(RewriteSemanticAnalyzer.java:67) ~[classes/:?]
	at org.apache.hadoop.hive.ql.parse.BaseSemanticAnalyzer.analyze(BaseSemanticAnalyzer.java:317) ~[classes/:?]
	at org.apache.hadoop.hive.ql.parse.UpdateDeleteSemanticAnalyzer.reparseAndSuperAnalyze(UpdateDeleteSemanticAnalyzer.java:208) ~[classes/:?]
	at org.apache.hadoop.hive.ql.parse.UpdateDeleteSemanticAnalyzer.analyzeUpdate(UpdateDeleteSemanticAnalyzer.java:63) ~[classes/:?]
	at org.apache.hadoop.hive.ql.parse.UpdateDeleteSemanticAnalyzer.analyze(UpdateDeleteSemanticAnalyzer.java:53) ~[classes/:?]
	at org.apache.hadoop.hive.ql.parse.RewriteSemanticAnalyzer.analyzeInternal(RewriteSemanticAnalyzer.java:72) ~[classes/:?]
	at org.apache.hadoop.hive.ql.parse.BaseSemanticAnalyzer.analyze(BaseSemanticAnalyzer.java:317) ~[classes/:?]
	at org.apache.hadoop.hive.ql.Compiler.analyze(Compiler.java:223) ~[classes/:?]
	at org.apache.hadoop.hive.ql.Compiler.compile(Compiler.java:105) ~[classes/:?]
	at org.apache.hadoop.hive.ql.Driver.compile(Driver.java:500) ~[classes/:?]
	at org.apache.hadoop.hive.ql.Driver.compileInternal(Driver.java:453) ~[classes/:?]
	at org.apache.hadoop.hive.ql.Driver.runInternal(Driver.java:181) ~[classes/:?]
	at org.apache.hadoop.hive.ql.Driver.run(Driver.java:153) ~[classes/:?]
	at org.apache.hadoop.hive.ql.Driver.run(Driver.java:140) ~[classes/:?]
	at org.apache.hadoop.hive.ql.TxnCommandsBaseForTests.runStatementOnDriver(TxnCommandsBaseForTests.java:245) ~[test-classes/:?]
	at org.apache.hadoop.hive.ql.TestTxnCommands3.testRenameTable(TestTxnCommands3.java:79) ~[test-classes/:?]
	at sun.reflect.NativeMethodAccessorImpl.invoke0(Native Method) ~[?:1.8.0_402]
	at sun.reflect.NativeMethodAccessorImpl.invoke(NativeMethodAccessorImpl.java:62) ~[?:1.8.0_402]
	at sun.reflect.DelegatingMethodAccessorImpl.invoke(DelegatingMethodAccessorImpl.java:43) ~[?:1.8.0_402]
	at java.lang.reflect.Method.invoke(Method.java:498) ~[?:1.8.0_402]
	at org.junit.runners.model.FrameworkMethod$1.runReflectiveCall(FrameworkMethod.java:59) ~[junit-4.13.jar:4.13]
	at org.junit.internal.runners.model.ReflectiveCallable.run(ReflectiveCallable.java:12) ~[junit-4.13.jar:4.13]
	at org.junit.runners.model.FrameworkMethod.invokeExplosively(FrameworkMethod.java:56) ~[junit-4.13.jar:4.13]
	at org.junit.internal.runners.statements.InvokeMethod.evaluate(InvokeMethod.java:17) ~[junit-4.13.jar:4.13]
	at org.junit.internal.runners.statements.RunBefores.evaluate(RunBefores.java:26) ~[junit-4.13.jar:4.13]
	at org.junit.internal.runners.statements.RunAfters.evaluate(RunAfters.java:27) ~[junit-4.13.jar:4.13]
	at org.junit.rules.TestWatcher$1.evaluate(TestWatcher.java:61) ~[junit-4.13.jar:4.13]
	at org.junit.runners.ParentRunner$3.evaluate(ParentRunner.java:306) ~[junit-4.13.jar:4.13]
	at org.junit.runners.BlockJUnit4ClassRunner$1.evaluate(BlockJUnit4ClassRunner.java:100) ~[junit-4.13.jar:4.13]
	at org.junit.runners.ParentRunner.runLeaf(ParentRunner.java:366) ~[junit-4.13.jar:4.13]
	at org.junit.runners.BlockJUnit4ClassRunner.runChild(BlockJUnit4ClassRunner.java:103) ~[junit-4.13.jar:4.13]
	at org.junit.runners.BlockJUnit4ClassRunner.runChild(BlockJUnit4ClassRunner.java:63) ~[junit-4.13.jar:4.13]
	at org.junit.runners.ParentRunner$4.run(ParentRunner.java:331) ~[junit-4.13.jar:4.13]
	at org.junit.runners.ParentRunner$1.schedule(ParentRunner.java:79) ~[junit-4.13.jar:4.13]
	at org.junit.runners.ParentRunner.runChildren(ParentRunner.java:329) ~[junit-4.13.jar:4.13]
	at org.junit.runners.ParentRunner.access$100(ParentRunner.java:66) ~[junit-4.13.jar:4.13]
	at org.junit.runners.ParentRunner$2.evaluate(ParentRunner.java:293) ~[junit-4.13.jar:4.13]
	at org.junit.runners.ParentRunner$3.evaluate(ParentRunner.java:306) ~[junit-4.13.jar:4.13]
	at org.junit.runners.ParentRunner.run(ParentRunner.java:413) ~[junit-4.13.jar:4.13]
	at org.junit.runner.JUnitCore.run(JUnitCore.java:137) ~[junit-4.13.jar:4.13]
	at org.junit.runner.JUnitCore.run(JUnitCore.java:115) ~[junit-4.13.jar:4.13]
	at org.junit.vintage.engine.execution.RunnerExecutor.execute(RunnerExecutor.java:43) ~[junit-vintage-engine-5.6.2.jar:5.6.2]
	at java.util.stream.ForEachOps$ForEachOp$OfRef.accept(ForEachOps.java:183) ~[?:1.8.0_402]
	at java.util.stream.ReferencePipeline$3$1.accept(ReferencePipeline.java:193) ~[?:1.8.0_402]
	at java.util.Iterator.forEachRemaining(Iterator.java:116) ~[?:1.8.0_402]
	at java.util.Spliterators$IteratorSpliterator.forEachRemaining(Spliterators.java:1801) ~[?:1.8.0_402]
	at java.util.stream.AbstractPipeline.copyInto(AbstractPipeline.java:482) ~[?:1.8.0_402]
	at java.util.stream.AbstractPipeline.wrapAndCopyInto(AbstractPipeline.java:472) ~[?:1.8.0_402]
	at java.util.stream.ForEachOps$ForEachOp.evaluateSequential(ForEachOps.java:150) ~[?:1.8.0_402]
	at java.util.stream.ForEachOps$ForEachOp$OfRef.evaluateSequential(ForEachOps.java:173) ~[?:1.8.0_402]
	at java.util.stream.AbstractPipeline.evaluate(AbstractPipeline.java:234) ~[?:1.8.0_402]
	at java.util.stream.ReferencePipeline.forEach(ReferencePipeline.java:485) ~[?:1.8.0_402]
	at org.junit.vintage.engine.VintageTestEngine.executeAllChildren(VintageTestEngine.java:82) ~[junit-vintage-engine-5.6.2.jar:5.6.2]
	at org.junit.vintage.engine.VintageTestEngine.execute(VintageTestEngine.java:73) ~[junit-vintage-engine-5.6.2.jar:5.6.2]
	at org.junit.platform.launcher.core.DefaultLauncher.execute(DefaultLauncher.java:248) ~[junit-platform-launcher-1.6.2.jar:1.6.2]
	at org.junit.platform.launcher.core.DefaultLauncher.lambda$execute$5(DefaultLauncher.java:211) ~[junit-platform-launcher-1.6.2.jar:1.6.2]
	at org.junit.platform.launcher.core.DefaultLauncher.withInterceptedStreams(DefaultLauncher.java:226) [junit-platform-launcher-1.6.2.jar:1.6.2]
	at org.junit.platform.launcher.core.DefaultLauncher.execute(DefaultLauncher.java:199) [junit-platform-launcher-1.6.2.jar:1.6.2]
	at org.junit.platform.launcher.core.DefaultLauncher.execute(DefaultLauncher.java:132) [junit-platform-launcher-1.6.2.jar:1.6.2]
	at org.apache.maven.surefire.junitplatform.JUnitPlatformProvider.invokeAllTests(JUnitPlatformProvider.java:154) [surefire-junit-platform-3.0.0-M4.jar:3.0.0-M4]
	at org.apache.maven.surefire.junitplatform.JUnitPlatformProvider.invoke(JUnitPlatformProvider.java:123) [surefire-junit-platform-3.0.0-M4.jar:3.0.0-M4]
	at org.apache.maven.surefire.booter.ForkedBooter.runSuitesInProcess(ForkedBooter.java:377) [surefire-booter-3.0.0-M4.jar:3.0.0-M4]
	at org.apache.maven.surefire.booter.ForkedBooter.execute(ForkedBooter.java:138) [surefire-booter-3.0.0-M4.jar:3.0.0-M4]
	at org.apache.maven.surefire.booter.ForkedBooter.run(ForkedBooter.java:465) [surefire-booter-3.0.0-M4.jar:3.0.0-M4]
	at org.apache.maven.surefire.booter.ForkedBooter.main(ForkedBooter.java:451) [surefire-booter-3.0.0-M4.jar:3.0.0-M4]
2024-04-24T04:53:59,801 ERROR [main] parse.UpdateDeleteSemanticAnalyzer: CBO failed due to missing column stats (see previous errors), skipping CBO
2024-04-24T04:53:59,801  INFO [main] parse.UpdateDeleteSemanticAnalyzer: Ending caching scope for: 
FAILED: NoMatchingMethodException No matching method for class org.apache.hadoop.hive.ql.udf.UDFToInteger with (struct<writeid:bigint,bucketid:int,rowid:bigint>). Possible choices: _FUNC_(bigint)  _FUNC_(boolean)  _FUNC_(decimal(38,18))  _FUNC_(double)  _FUNC_(float)  _FUNC_(smallint)  _FUNC_(string)  _FUNC_(struct<bucketid:bigint,writeid:bigint,rowid:int>)  _FUNC_(timestamp)  _FUNC_(tinyint)  _FUNC_(void)  
2024-04-24T04:53:59,801 ERROR [main] ql.Driver: FAILED: NoMatchingMethodException No matching method for class org.apache.hadoop.hive.ql.udf.UDFToInteger with (struct<writeid:bigint,bucketid:int,rowid:bigint>). Possible choices: _FUNC_(bigint)  _FUNC_(boolean)  _FUNC_(decimal(38,18))  _FUNC_(double)  _FUNC_(float)  _FUNC_(smallint)  _FUNC_(string)  _FUNC_(struct<bucketid:bigint,writeid:bigint,rowid:int>)  _FUNC_(timestamp)  _FUNC_(tinyint)  _FUNC_(void)  
org.apache.hadoop.hive.ql.exec.NoMatchingMethodException: No matching method for class org.apache.hadoop.hive.ql.udf.UDFToInteger with (struct<writeid:bigint,bucketid:int,rowid:bigint>). Possible choices: _FUNC_(bigint)  _FUNC_(boolean)  _FUNC_(decimal(38,18))  _FUNC_(double)  _FUNC_(float)  _FUNC_(smallint)  _FUNC_(string)  _FUNC_(struct<bucketid:bigint,writeid:bigint,rowid:int>)  _FUNC_(timestamp)  _FUNC_(tinyint)  _FUNC_(void)  
	at org.apache.hadoop.hive.ql.exec.MethodUtils.getMethodInternal(MethodUtils.java:130)
	at org.apache.hadoop.hive.ql.exec.MethodUtils.getMethodInternal(MethodUtils.java:60)
	at org.apache.hadoop.hive.ql.exec.DefaultUDFMethodResolver.getEvalMethod(DefaultUDFMethodResolver.java:59)
	at org.apache.hadoop.hive.ql.udf.TimestampCastRestrictorResolver.getEvalMethod(TimestampCastRestrictorResolver.java:68)
	at org.apache.hadoop.hive.ql.udf.generic.GenericUDFBridge.initialize(GenericUDFBridge.java:168)
	at org.apache.hadoop.hive.ql.udf.generic.GenericUDF.initializeAndFoldConstants(GenericUDF.java:149)
	at org.apache.hadoop.hive.ql.plan.ExprNodeGenericFuncDesc.newInstance(ExprNodeGenericFuncDesc.java:235)
	at org.apache.hadoop.hive.ql.parse.type.ExprNodeDescExprFactory.createFuncCallExpr(ExprNodeDescExprFactory.java:584)
	at org.apache.hadoop.hive.ql.parse.type.ExprNodeDescExprFactory.createFuncCallExpr(ExprNodeDescExprFactory.java:97)
	at org.apache.hadoop.hive.ql.parse.type.TypeCheckProcFactory$DefaultExprProcessor.getFuncExprNodeDescWithUdfData(TypeCheckProcFactory.java:762)
	at org.apache.hadoop.hive.ql.parse.type.TypeCheckProcFactory$DefaultExprProcessor.createConversionCast(TypeCheckProcFactory.java:783)
	at org.apache.hadoop.hive.ql.parse.SemanticAnalyzer.getPartitionColsFromBucketColsForUpdateDelete(SemanticAnalyzer.java:8725)
	at org.apache.hadoop.hive.ql.parse.SemanticAnalyzer.genBucketingSortingDest(SemanticAnalyzer.java:6914)
	at org.apache.hadoop.hive.ql.parse.SemanticAnalyzer.genFileSinkPlan(SemanticAnalyzer.java:7335)
	at org.apache.hadoop.hive.ql.parse.SemanticAnalyzer.genPostGroupByBodyPlan(SemanticAnalyzer.java:11063)
	at org.apache.hadoop.hive.ql.parse.SemanticAnalyzer.genBodyPlan(SemanticAnalyzer.java:10938)
	at org.apache.hadoop.hive.ql.parse.SemanticAnalyzer.genPlan(SemanticAnalyzer.java:11853)
	at org.apache.hadoop.hive.ql.parse.SemanticAnalyzer.genPlan(SemanticAnalyzer.java:11723)
	at org.apache.hadoop.hive.ql.parse.CalcitePlanner.genOPTree(CalcitePlanner.java:626)
	at org.apache.hadoop.hive.ql.parse.SemanticAnalyzer.analyzeInternal(SemanticAnalyzer.java:12558)
	at org.apache.hadoop.hive.ql.parse.CalcitePlanner.analyzeInternal(CalcitePlanner.java:456)
	at org.apache.hadoop.hive.ql.parse.RewriteSemanticAnalyzer.analyzeInternal(RewriteSemanticAnalyzer.java:67)
	at org.apache.hadoop.hive.ql.parse.BaseSemanticAnalyzer.analyze(BaseSemanticAnalyzer.java:317)
	at org.apache.hadoop.hive.ql.parse.UpdateDeleteSemanticAnalyzer.reparseAndSuperAnalyze(UpdateDeleteSemanticAnalyzer.java:208)
	at org.apache.hadoop.hive.ql.parse.UpdateDeleteSemanticAnalyzer.analyzeUpdate(UpdateDeleteSemanticAnalyzer.java:63)
	at org.apache.hadoop.hive.ql.parse.UpdateDeleteSemanticAnalyzer.analyze(UpdateDeleteSemanticAnalyzer.java:53)
	at org.apache.hadoop.hive.ql.parse.RewriteSemanticAnalyzer.analyzeInternal(RewriteSemanticAnalyzer.java:72)
	at org.apache.hadoop.hive.ql.parse.BaseSemanticAnalyzer.analyze(BaseSemanticAnalyzer.java:317)
	at org.apache.hadoop.hive.ql.Compiler.analyze(Compiler.java:223)
	at org.apache.hadoop.hive.ql.Compiler.compile(Compiler.java:105)
	at org.apache.hadoop.hive.ql.Driver.compile(Driver.java:500)
	at org.apache.hadoop.hive.ql.Driver.compileInternal(Driver.java:453)
	at org.apache.hadoop.hive.ql.Driver.runInternal(Driver.java:181)
	at org.apache.hadoop.hive.ql.Driver.run(Driver.java:153)
	at org.apache.hadoop.hive.ql.Driver.run(Driver.java:140)
	at org.apache.hadoop.hive.ql.TxnCommandsBaseForTests.runStatementOnDriver(TxnCommandsBaseForTests.java:245)
	at org.apache.hadoop.hive.ql.TestTxnCommands3.testRenameTable(TestTxnCommands3.java:79)
	at sun.reflect.NativeMethodAccessorImpl.invoke0(Native Method)
	at sun.reflect.NativeMethodAccessorImpl.invoke(NativeMethodAccessorImpl.java:62)
	at sun.reflect.DelegatingMethodAccessorImpl.invoke(DelegatingMethodAccessorImpl.java:43)
	at java.lang.reflect.Method.invoke(Method.java:498)
	at org.junit.runners.model.FrameworkMethod$1.runReflectiveCall(FrameworkMethod.java:59)
	at org.junit.internal.runners.model.ReflectiveCallable.run(ReflectiveCallable.java:12)
	at org.junit.runners.model.FrameworkMethod.invokeExplosively(FrameworkMethod.java:56)
	at org.junit.internal.runners.statements.InvokeMethod.evaluate(InvokeMethod.java:17)
	at org.junit.internal.runners.statements.RunBefores.evaluate(RunBefores.java:26)
	at org.junit.internal.runners.statements.RunAfters.evaluate(RunAfters.java:27)
	at org.junit.rules.TestWatcher$1.evaluate(TestWatcher.java:61)
	at org.junit.runners.ParentRunner$3.evaluate(ParentRunner.java:306)
	at org.junit.runners.BlockJUnit4ClassRunner$1.evaluate(BlockJUnit4ClassRunner.java:100)
	at org.junit.runners.ParentRunner.runLeaf(ParentRunner.java:366)
	at org.junit.runners.BlockJUnit4ClassRunner.runChild(BlockJUnit4ClassRunner.java:103)
	at org.junit.runners.BlockJUnit4ClassRunner.runChild(BlockJUnit4ClassRunner.java:63)
	at org.junit.runners.ParentRunner$4.run(ParentRunner.java:331)
	at org.junit.runners.ParentRunner$1.schedule(ParentRunner.java:79)
	at org.junit.runners.ParentRunner.runChildren(ParentRunner.java:329)
	at org.junit.runners.ParentRunner.access$100(ParentRunner.java:66)
	at org.junit.runners.ParentRunner$2.evaluate(ParentRunner.java:293)
	at org.junit.runners.ParentRunner$3.evaluate(ParentRunner.java:306)
	at org.junit.runners.ParentRunner.run(ParentRunner.java:413)
	at org.junit.runner.JUnitCore.run(JUnitCore.java:137)
	at org.junit.runner.JUnitCore.run(JUnitCore.java:115)
	at org.junit.vintage.engine.execution.RunnerExecutor.execute(RunnerExecutor.java:43)
	at java.util.stream.ForEachOps$ForEachOp$OfRef.accept(ForEachOps.java:183)
	at java.util.stream.ReferencePipeline$3$1.accept(ReferencePipeline.java:193)
	at java.util.Iterator.forEachRemaining(Iterator.java:116)
	at java.util.Spliterators$IteratorSpliterator.forEachRemaining(Spliterators.java:1801)
	at java.util.stream.AbstractPipeline.copyInto(AbstractPipeline.java:482)
	at java.util.stream.AbstractPipeline.wrapAndCopyInto(AbstractPipeline.java:472)
	at java.util.stream.ForEachOps$ForEachOp.evaluateSequential(ForEachOps.java:150)
	at java.util.stream.ForEachOps$ForEachOp$OfRef.evaluateSequential(ForEachOps.java:173)
	at java.util.stream.AbstractPipeline.evaluate(AbstractPipeline.java:234)
	at java.util.stream.ReferencePipeline.forEach(ReferencePipeline.java:485)
	at org.junit.vintage.engine.VintageTestEngine.executeAllChildren(VintageTestEngine.java:82)
	at org.junit.vintage.engine.VintageTestEngine.execute(VintageTestEngine.java:73)
	at org.junit.platform.launcher.core.DefaultLauncher.execute(DefaultLauncher.java:248)
	at org.junit.platform.launcher.core.DefaultLauncher.lambda$execute$5(DefaultLauncher.java:211)
	at org.junit.platform.launcher.core.DefaultLauncher.withInterceptedStreams(DefaultLauncher.java:226)
	at org.junit.platform.launcher.core.DefaultLauncher.execute(DefaultLauncher.java:199)
	at org.junit.platform.launcher.core.DefaultLauncher.execute(DefaultLauncher.java:132)
	at org.apache.maven.surefire.junitplatform.JUnitPlatformProvider.invokeAllTests(JUnitPlatformProvider.java:154)
	at org.apache.maven.surefire.junitplatform.JUnitPlatformProvider.invoke(JUnitPlatformProvider.java:123)
	at org.apache.maven.surefire.booter.ForkedBooter.runSuitesInProcess(ForkedBooter.java:377)
	at org.apache.maven.surefire.booter.ForkedBooter.execute(ForkedBooter.java:138)
	at org.apache.maven.surefire.booter.ForkedBooter.run(ForkedBooter.java:465)
	at org.apache.maven.surefire.booter.ForkedBooter.main(ForkedBooter.java:451)

2024-04-24T04:53:59,801  INFO [main] metadata.Hive: Dumping metastore api call timing information for : compilation phase
2024-04-24T04:53:59,802  INFO [main] metadata.Hive: Total time spent in each metastore function (ms): {getAllTableConstraints_(AllTableConstraintsRequest)=6, commitTxn_(CommitTxnRequest)=13, getValidWriteIds_(List, String)=5, getTable_(GetTableRequest)=46, getValidTxns_(long)=2, openTxn_(String, TxnType)=9, isCompatibleWith_(Configuration)=0, flushCache_()=0, getTableColumnStatistics_(String, String, List, String)=36, getCheckConstraints_(CheckConstraintsRequest)=2, getNotNullConstraints_(NotNullConstraintsRequest)=2}
2024-04-24T04:53:59,802  INFO [main] ql.Driver: Completed compiling command(queryId=alex_20240424045359_73d07260-45cd-4a2a-8b4e-95bfe92c1d65); Time taken: 0.26 seconds
2024-04-24T04:53:59,802  INFO [main] lockmgr.DbTxnManager: Stopped heartbeat for query: null
2024-04-24T04:53:59,806  INFO [main] txn.TxnHandler: Removed transactions: ([19]) from MIN_HISTORY_LEVEL
2024-04-24T04:53:59,815  INFO [main] ql.TxnCommandsBaseForTests: Running the query: drop table if exists acidTbl
2024-04-24T04:53:59,815  INFO [main] ql.Driver: Compiling command(queryId=alex_20240424045359_88256961-a61d-490d-a1ff-c0e1951020e0): drop table if exists acidTbl
2024-04-24T04:53:59,818  INFO [main] txn.TxnHandler: Added entries to MIN_HISTORY_LEVEL for current txns: ([20]) with min_open_txn: 19
2024-04-24T04:53:59,819  INFO [main] lockmgr.DbTxnManager: Opened txnid:20
2024-04-24T04:53:59,820  INFO [main] HiveMetaStore.audit: ugi=alex	ip=unknown-ip-addr	cmd=get_table : tbl=hive.default.acidTbl	
2024-04-24T04:53:59,832  INFO [main] metastore.HMSHandler: Skipping translation for processor with null
2024-04-24T04:53:59,832  INFO [main] ql.Driver: Semantic Analysis Completed (retrial = false)
2024-04-24T04:53:59,832  INFO [main] ql.Driver: Created Hive schema: Schema(fieldSchemas:null, properties:null)
2024-04-24T04:53:59,832  INFO [main] metadata.Hive: Dumping metastore api call timing information for : compilation phase
2024-04-24T04:53:59,832  INFO [main] metadata.Hive: Total time spent in each metastore function (ms): {getValidTxns_(long)=1, isCompatibleWith_(Configuration)=0, rollbackTxn_(long)=13, openTxn_(String, TxnType)=3, getTable_(GetTableRequest)=12, flushCache_()=0}
2024-04-24T04:53:59,833  INFO [main] ql.Driver: Completed compiling command(queryId=alex_20240424045359_88256961-a61d-490d-a1ff-c0e1951020e0); Time taken: 0.017 seconds
2024-04-24T04:53:59,833  INFO [main] lockmgr.DbTxnManager: Setting lock request transaction to txnid:20 for queryId=alex_20240424045359_88256961-a61d-490d-a1ff-c0e1951020e0
2024-04-24T04:53:59,834  INFO [main] lockmgr.DbLockManager: Requesting lock for queryId=alex_20240424045359_88256961-a61d-490d-a1ff-c0e1951020e0
2024-04-24T04:53:59,857  INFO [main] lockmgr.DbLockManager: Response to queryId=alex_20240424045359_88256961-a61d-490d-a1ff-c0e1951020e0 LockResponse(lockid:9, state:ACQUIRED)
2024-04-24T04:53:59,857  INFO [main] ql.Driver: Operation DROPTABLE obtained 1 locks
2024-04-24T04:53:59,857  INFO [main] ql.Driver: Executing command(queryId=alex_20240424045359_88256961-a61d-490d-a1ff-c0e1951020e0): drop table if exists acidTbl
2024-04-24T04:53:59,857  INFO [main] ql.Driver: Starting task [Stage-0:DDL] in serial mode
2024-04-24T04:53:59,858  INFO [main] HiveMetaStore.audit: ugi=alex	ip=unknown-ip-addr	cmd=get_table : tbl=hive.default.acidTbl	
2024-04-24T04:53:59,869  INFO [main] metastore.HMSHandler: Skipping translation for processor with null
2024-04-24T04:53:59,869  INFO [main] HiveMetaStore.audit: ugi=alex	ip=unknown-ip-addr	cmd=get_table : tbl=hive.default.acidTbl	
2024-04-24T04:53:59,879  INFO [main] metastore.HMSHandler: Skipping translation for processor with null
2024-04-24T04:53:59,879  INFO [main] HiveMetaStore.audit: ugi=alex	ip=unknown-ip-addr	cmd=drop_table : tbl=hive.default.acidTbl	
2024-04-24T04:53:59,996  INFO [main] metadata.Hive: Dumping metastore api call timing information for : execution phase
2024-04-24T04:53:59,996  INFO [main] metadata.Hive: Total time spent in each metastore function (ms): {dropTable_(String, String, boolean, boolean, boolean)=126, getTable_(GetTableRequest)=12, isCompatibleWith_(Configuration)=0}
2024-04-24T04:53:59,996  INFO [main] ql.Driver: Completed executing command(queryId=alex_20240424045359_88256961-a61d-490d-a1ff-c0e1951020e0); Time taken: 0.138 seconds
2024-04-24T04:53:59,996  INFO [main] lockmgr.DbTxnManager: Stopped heartbeat for query: alex_20240424045359_88256961-a61d-490d-a1ff-c0e1951020e0
2024-04-24T04:54:00,000  INFO [main] txn.TxnHandler: Expected to move at least one record from txn_components to completed_txn_components when committing txn! txnid:20
2024-04-24T04:54:00,007  INFO [main] txn.TxnHandler: Removed transactions: ([20]) from MIN_HISTORY_LEVEL
2024-04-24T04:54:00,008  WARN [main] txn.CompactionTxnHandler: No compaction queue record found for Compaction type transaction commit. txnId:20
2024-04-24T04:54:00,009  INFO [main] ql.TxnCommandsBaseForTests: Running the query: drop table if exists acidTblPart
2024-04-24T04:54:00,009  INFO [main] ql.Driver: Compiling command(queryId=alex_20240424045400_c91ff980-d313-4382-8b57-8b95d8a1c954): drop table if exists acidTblPart
2024-04-24T04:54:00,012  INFO [main] txn.TxnHandler: Added entries to MIN_HISTORY_LEVEL for current txns: ([21]) with min_open_txn: 19
2024-04-24T04:54:00,012  INFO [main] lockmgr.DbTxnManager: Opened txnid:21
2024-04-24T04:54:00,013  INFO [main] HiveMetaStore.audit: ugi=alex	ip=unknown-ip-addr	cmd=get_table : tbl=hive.default.acidTblPart	
2024-04-24T04:54:00,023  INFO [main] metastore.HMSHandler: Skipping translation for processor with null
2024-04-24T04:54:00,024  INFO [main] ql.Driver: Semantic Analysis Completed (retrial = false)
2024-04-24T04:54:00,024  INFO [main] ql.Driver: Created Hive schema: Schema(fieldSchemas:null, properties:null)
2024-04-24T04:54:00,024  INFO [main] metadata.Hive: Dumping metastore api call timing information for : compilation phase
2024-04-24T04:54:00,024  INFO [main] metadata.Hive: Total time spent in each metastore function (ms): {commitTxn_(CommitTxnRequest)=13, openTxn_(String, TxnType)=2, flushCache_()=1, getTable_(GetTableRequest)=10, getValidTxns_(long)=1, isCompatibleWith_(Configuration)=0}
2024-04-24T04:54:00,024  INFO [main] ql.Driver: Completed compiling command(queryId=alex_20240424045400_c91ff980-d313-4382-8b57-8b95d8a1c954); Time taken: 0.015 seconds
2024-04-24T04:54:00,024  INFO [main] lockmgr.DbTxnManager: Setting lock request transaction to txnid:21 for queryId=alex_20240424045400_c91ff980-d313-4382-8b57-8b95d8a1c954
2024-04-24T04:54:00,025  INFO [main] lockmgr.DbLockManager: Requesting lock for queryId=alex_20240424045400_c91ff980-d313-4382-8b57-8b95d8a1c954
2024-04-24T04:54:00,051  INFO [main] lockmgr.DbLockManager: Response to queryId=alex_20240424045400_c91ff980-d313-4382-8b57-8b95d8a1c954 LockResponse(lockid:10, state:ACQUIRED)
2024-04-24T04:54:00,051  INFO [main] ql.Driver: Operation DROPTABLE obtained 1 locks
2024-04-24T04:54:00,051  INFO [main] ql.Driver: Executing command(queryId=alex_20240424045400_c91ff980-d313-4382-8b57-8b95d8a1c954): drop table if exists acidTblPart
2024-04-24T04:54:00,051  INFO [main] ql.Driver: Starting task [Stage-0:DDL] in serial mode
2024-04-24T04:54:00,051  INFO [main] HiveMetaStore.audit: ugi=alex	ip=unknown-ip-addr	cmd=get_table : tbl=hive.default.acidTblPart	
2024-04-24T04:54:00,059  INFO [main] metastore.HMSHandler: Skipping translation for processor with null
2024-04-24T04:54:00,060  INFO [main] HiveMetaStore.audit: ugi=alex	ip=unknown-ip-addr	cmd=get_table : tbl=hive.default.acidTblPart	
2024-04-24T04:54:00,069  INFO [main] metastore.HMSHandler: Skipping translation for processor with null
2024-04-24T04:54:00,070  INFO [main] HiveMetaStore.audit: ugi=alex	ip=unknown-ip-addr	cmd=drop_table : tbl=hive.default.acidTblPart	
2024-04-24T04:54:00,119  INFO [main] metadata.Hive: Dumping metastore api call timing information for : execution phase
2024-04-24T04:54:00,119  INFO [main] metadata.Hive: Total time spent in each metastore function (ms): {getTable_(GetTableRequest)=9, isCompatibleWith_(Configuration)=0, dropTable_(String, String, boolean, boolean, boolean)=58}
2024-04-24T04:54:00,119  INFO [main] ql.Driver: Completed executing command(queryId=alex_20240424045400_c91ff980-d313-4382-8b57-8b95d8a1c954); Time taken: 0.068 seconds
2024-04-24T04:54:00,119  INFO [main] lockmgr.DbTxnManager: Stopped heartbeat for query: alex_20240424045400_c91ff980-d313-4382-8b57-8b95d8a1c954
2024-04-24T04:54:00,124  INFO [main] txn.TxnHandler: Expected to move at least one record from txn_components to completed_txn_components when committing txn! txnid:21
2024-04-24T04:54:00,131  INFO [main] txn.TxnHandler: Removed transactions: ([21]) from MIN_HISTORY_LEVEL
2024-04-24T04:54:00,131  WARN [main] txn.CompactionTxnHandler: No compaction queue record found for Compaction type transaction commit. txnId:21
2024-04-24T04:54:00,132  INFO [main] ql.TxnCommandsBaseForTests: Running the query: drop table if exists acidTbl2
2024-04-24T04:54:00,132  INFO [main] ql.Driver: Compiling command(queryId=alex_20240424045400_3e210352-807c-4f6c-b498-18e0b82e24fd): drop table if exists acidTbl2
2024-04-24T04:54:00,135  INFO [main] txn.TxnHandler: Added entries to MIN_HISTORY_LEVEL for current txns: ([22]) with min_open_txn: 19
2024-04-24T04:54:00,136  INFO [main] lockmgr.DbTxnManager: Opened txnid:22
2024-04-24T04:54:00,137  INFO [main] ql.Driver: Semantic Analysis Completed (retrial = false)
2024-04-24T04:54:00,137  INFO [main] ql.Driver: Created Hive schema: Schema(fieldSchemas:null, properties:null)
2024-04-24T04:54:00,137  INFO [main] metadata.Hive: Dumping metastore api call timing information for : compilation phase
2024-04-24T04:54:00,137  INFO [main] metadata.Hive: Total time spent in each metastore function (ms): {flushCache_()=1, getValidTxns_(long)=1, commitTxn_(CommitTxnRequest)=13, getTable_(GetTableRequest)=0, openTxn_(String, TxnType)=3, isCompatibleWith_(Configuration)=0}
2024-04-24T04:54:00,137  INFO [main] ql.Driver: Completed compiling command(queryId=alex_20240424045400_3e210352-807c-4f6c-b498-18e0b82e24fd); Time taken: 0.005 seconds
2024-04-24T04:54:00,138  INFO [main] lockmgr.DbTxnManager: Setting lock request transaction to txnid:22 for queryId=alex_20240424045400_3e210352-807c-4f6c-b498-18e0b82e24fd
2024-04-24T04:54:00,138  INFO [main] ql.Driver: Operation DROPTABLE obtained 0 locks
2024-04-24T04:54:00,138  INFO [main] ql.Driver: Executing command(queryId=alex_20240424045400_3e210352-807c-4f6c-b498-18e0b82e24fd): drop table if exists acidTbl2
2024-04-24T04:54:00,138  INFO [main] ql.Driver: Starting task [Stage-0:DDL] in serial mode
2024-04-24T04:54:00,139  INFO [main] metadata.SessionHiveMetaStoreClient: Column stats doesn't exist for db=default temp table=acidTbl2
2024-04-24T04:54:00,139  INFO [main] metadata.Hive: Dumping metastore api call timing information for : execution phase
2024-04-24T04:54:00,139  INFO [main] metadata.Hive: Total time spent in each metastore function (ms): {getTable_(GetTableRequest)=0, dropTable_(String, String, boolean, boolean, boolean)=1, isCompatibleWith_(Configuration)=0}
2024-04-24T04:54:00,139  INFO [main] ql.Driver: Completed executing command(queryId=alex_20240424045400_3e210352-807c-4f6c-b498-18e0b82e24fd); Time taken: 0.001 seconds
2024-04-24T04:54:00,139  INFO [main] lockmgr.DbTxnManager: Stopped heartbeat for query: alex_20240424045400_3e210352-807c-4f6c-b498-18e0b82e24fd
2024-04-24T04:54:00,146  INFO [main] txn.TxnHandler: Expected to move at least one record from txn_components to completed_txn_components when committing txn! txnid:22
2024-04-24T04:54:00,153  INFO [main] txn.TxnHandler: Removed transactions: ([22]) from MIN_HISTORY_LEVEL
2024-04-24T04:54:00,153  WARN [main] txn.CompactionTxnHandler: No compaction queue record found for Compaction type transaction commit. txnId:22
2024-04-24T04:54:00,154  INFO [main] ql.TxnCommandsBaseForTests: Running the query: drop table if exists nonAcidOrcTbl
2024-04-24T04:54:00,154  INFO [main] ql.Driver: Compiling command(queryId=alex_20240424045400_4cdee754-ee35-4ce7-b1a2-ac5feb6f7ff9): drop table if exists nonAcidOrcTbl
2024-04-24T04:54:00,157  INFO [main] txn.TxnHandler: Added entries to MIN_HISTORY_LEVEL for current txns: ([23]) with min_open_txn: 19
2024-04-24T04:54:00,157  INFO [main] lockmgr.DbTxnManager: Opened txnid:23
2024-04-24T04:54:00,159  INFO [main] HiveMetaStore.audit: ugi=alex	ip=unknown-ip-addr	cmd=get_table : tbl=hive.default.nonAcidOrcTbl	
2024-04-24T04:54:00,183  INFO [main] metastore.HMSHandler: Skipping translation for processor with null
2024-04-24T04:54:00,183  INFO [main] ql.Driver: Semantic Analysis Completed (retrial = false)
2024-04-24T04:54:00,183  INFO [main] ql.Driver: Created Hive schema: Schema(fieldSchemas:null, properties:null)
2024-04-24T04:54:00,183  INFO [main] metadata.Hive: Dumping metastore api call timing information for : compilation phase
2024-04-24T04:54:00,184  INFO [main] metadata.Hive: Total time spent in each metastore function (ms): {isCompatibleWith_(Configuration)=0, getValidTxns_(long)=0, flushCache_()=0, getTable_(GetTableRequest)=25, commitTxn_(CommitTxnRequest)=15, openTxn_(String, TxnType)=2}
2024-04-24T04:54:00,184  INFO [main] ql.Driver: Completed compiling command(queryId=alex_20240424045400_4cdee754-ee35-4ce7-b1a2-ac5feb6f7ff9); Time taken: 0.029 seconds
2024-04-24T04:54:00,184  INFO [main] lockmgr.DbTxnManager: Setting lock request transaction to txnid:23 for queryId=alex_20240424045400_4cdee754-ee35-4ce7-b1a2-ac5feb6f7ff9
2024-04-24T04:54:00,184  INFO [main] lockmgr.DbLockManager: Requesting lock for queryId=alex_20240424045400_4cdee754-ee35-4ce7-b1a2-ac5feb6f7ff9
2024-04-24T04:54:00,201  INFO [main] lockmgr.DbLockManager: Response to queryId=alex_20240424045400_4cdee754-ee35-4ce7-b1a2-ac5feb6f7ff9 LockResponse(lockid:11, state:ACQUIRED)
2024-04-24T04:54:00,201  INFO [main] ql.Driver: Operation DROPTABLE obtained 1 locks
2024-04-24T04:54:00,201  INFO [main] ql.Driver: Executing command(queryId=alex_20240424045400_4cdee754-ee35-4ce7-b1a2-ac5feb6f7ff9): drop table if exists nonAcidOrcTbl
2024-04-24T04:54:00,202  INFO [main] ql.Driver: Starting task [Stage-0:DDL] in serial mode
2024-04-24T04:54:00,202  INFO [main] HiveMetaStore.audit: ugi=alex	ip=unknown-ip-addr	cmd=get_table : tbl=hive.default.nonAcidOrcTbl	
2024-04-24T04:54:00,211  INFO [main] metastore.HMSHandler: Skipping translation for processor with null
2024-04-24T04:54:00,211  INFO [main] HiveMetaStore.audit: ugi=alex	ip=unknown-ip-addr	cmd=get_table : tbl=hive.default.nonAcidOrcTbl	
2024-04-24T04:54:00,220  INFO [main] metastore.HMSHandler: Skipping translation for processor with null
2024-04-24T04:54:00,221  INFO [main] HiveMetaStore.audit: ugi=alex	ip=unknown-ip-addr	cmd=drop_table : tbl=hive.default.nonAcidOrcTbl	
2024-04-24T04:54:00,258  INFO [main] metadata.Hive: Dumping metastore api call timing information for : execution phase
2024-04-24T04:54:00,258  INFO [main] metadata.Hive: Total time spent in each metastore function (ms): {getTable_(GetTableRequest)=9, isCompatibleWith_(Configuration)=0, dropTable_(String, String, boolean, boolean, boolean)=46}
2024-04-24T04:54:00,258  INFO [main] ql.Driver: Completed executing command(queryId=alex_20240424045400_4cdee754-ee35-4ce7-b1a2-ac5feb6f7ff9); Time taken: 0.057 seconds
2024-04-24T04:54:00,258  INFO [main] lockmgr.DbTxnManager: Stopped heartbeat for query: alex_20240424045400_4cdee754-ee35-4ce7-b1a2-ac5feb6f7ff9
2024-04-24T04:54:00,262  INFO [main] txn.TxnHandler: Expected to move at least one record from txn_components to completed_txn_components when committing txn! txnid:23
2024-04-24T04:54:00,269  INFO [main] txn.TxnHandler: Removed transactions: ([23]) from MIN_HISTORY_LEVEL
2024-04-24T04:54:00,269  WARN [main] txn.CompactionTxnHandler: No compaction queue record found for Compaction type transaction commit. txnId:23
2024-04-24T04:54:00,269  INFO [main] ql.TxnCommandsBaseForTests: Running the query: drop table if exists nonAcidOrcTbl2
2024-04-24T04:54:00,270  INFO [main] ql.Driver: Compiling command(queryId=alex_20240424045400_5625582a-9eb8-41c9-9a0e-036c00d7a853): drop table if exists nonAcidOrcTbl2
2024-04-24T04:54:00,272  INFO [main] txn.TxnHandler: Added entries to MIN_HISTORY_LEVEL for current txns: ([24]) with min_open_txn: 19
2024-04-24T04:54:00,273  INFO [main] lockmgr.DbTxnManager: Opened txnid:24
2024-04-24T04:54:00,274  INFO [main] HiveMetaStore.audit: ugi=alex	ip=unknown-ip-addr	cmd=get_table : tbl=hive.default.nonAcidOrcTbl2	
2024-04-24T04:54:00,283  INFO [main] metastore.HMSHandler: Skipping translation for processor with null
2024-04-24T04:54:00,284  INFO [main] ql.Driver: Semantic Analysis Completed (retrial = false)
2024-04-24T04:54:00,284  INFO [main] ql.Driver: Created Hive schema: Schema(fieldSchemas:null, properties:null)
2024-04-24T04:54:00,284  INFO [main] metadata.Hive: Dumping metastore api call timing information for : compilation phase
2024-04-24T04:54:00,284  INFO [main] metadata.Hive: Total time spent in each metastore function (ms): {isCompatibleWith_(Configuration)=0, openTxn_(String, TxnType)=3, flushCache_()=0, commitTxn_(CommitTxnRequest)=11, getValidTxns_(long)=1, getTable_(GetTableRequest)=10}
2024-04-24T04:54:00,284  INFO [main] ql.Driver: Completed compiling command(queryId=alex_20240424045400_5625582a-9eb8-41c9-9a0e-036c00d7a853); Time taken: 0.014 seconds
2024-04-24T04:54:00,284  INFO [main] lockmgr.DbTxnManager: Setting lock request transaction to txnid:24 for queryId=alex_20240424045400_5625582a-9eb8-41c9-9a0e-036c00d7a853
2024-04-24T04:54:00,285  INFO [main] lockmgr.DbLockManager: Requesting lock for queryId=alex_20240424045400_5625582a-9eb8-41c9-9a0e-036c00d7a853
2024-04-24T04:54:00,301  INFO [main] lockmgr.DbLockManager: Response to queryId=alex_20240424045400_5625582a-9eb8-41c9-9a0e-036c00d7a853 LockResponse(lockid:12, state:ACQUIRED)
2024-04-24T04:54:00,301  INFO [main] ql.Driver: Operation DROPTABLE obtained 1 locks
2024-04-24T04:54:00,301  INFO [main] ql.Driver: Executing command(queryId=alex_20240424045400_5625582a-9eb8-41c9-9a0e-036c00d7a853): drop table if exists nonAcidOrcTbl2
2024-04-24T04:54:00,301  INFO [main] ql.Driver: Starting task [Stage-0:DDL] in serial mode
2024-04-24T04:54:00,302  INFO [main] HiveMetaStore.audit: ugi=alex	ip=unknown-ip-addr	cmd=get_table : tbl=hive.default.nonAcidOrcTbl2	
2024-04-24T04:54:00,311  INFO [main] metastore.HMSHandler: Skipping translation for processor with null
2024-04-24T04:54:00,311  INFO [main] HiveMetaStore.audit: ugi=alex	ip=unknown-ip-addr	cmd=get_table : tbl=hive.default.nonAcidOrcTbl2	
2024-04-24T04:54:00,320  INFO [main] metastore.HMSHandler: Skipping translation for processor with null
2024-04-24T04:54:00,320  INFO [main] HiveMetaStore.audit: ugi=alex	ip=unknown-ip-addr	cmd=drop_table : tbl=hive.default.nonAcidOrcTbl2	
2024-04-24T04:54:00,354  INFO [main] metadata.Hive: Dumping metastore api call timing information for : execution phase
2024-04-24T04:54:00,354  INFO [main] metadata.Hive: Total time spent in each metastore function (ms): {dropTable_(String, String, boolean, boolean, boolean)=43, isCompatibleWith_(Configuration)=0, getTable_(GetTableRequest)=10}
2024-04-24T04:54:00,354  INFO [main] ql.Driver: Completed executing command(queryId=alex_20240424045400_5625582a-9eb8-41c9-9a0e-036c00d7a853); Time taken: 0.053 seconds
2024-04-24T04:54:00,354  INFO [main] lockmgr.DbTxnManager: Stopped heartbeat for query: alex_20240424045400_5625582a-9eb8-41c9-9a0e-036c00d7a853
2024-04-24T04:54:00,359  INFO [main] txn.TxnHandler: Expected to move at least one record from txn_components to completed_txn_components when committing txn! txnid:24
2024-04-24T04:54:00,365  INFO [main] txn.TxnHandler: Removed transactions: ([24]) from MIN_HISTORY_LEVEL
2024-04-24T04:54:00,365  WARN [main] txn.CompactionTxnHandler: No compaction queue record found for Compaction type transaction commit. txnId:24
2024-04-24T04:54:00,366  INFO [main] ql.TxnCommandsBaseForTests: Running the query: drop table if exists nonAcidNonBucket
2024-04-24T04:54:00,366  INFO [main] ql.Driver: Compiling command(queryId=alex_20240424045400_459b3b35-a64a-4e4f-afe7-38470162a7f3): drop table if exists nonAcidNonBucket
2024-04-24T04:54:00,369  INFO [main] txn.TxnHandler: Added entries to MIN_HISTORY_LEVEL for current txns: ([25]) with min_open_txn: 19
2024-04-24T04:54:00,370  INFO [main] lockmgr.DbTxnManager: Opened txnid:25
2024-04-24T04:54:00,371  INFO [main] HiveMetaStore.audit: ugi=alex	ip=unknown-ip-addr	cmd=get_table : tbl=hive.default.nonAcidNonBucket	
2024-04-24T04:54:00,380  INFO [main] metastore.HMSHandler: Skipping translation for processor with null
2024-04-24T04:54:00,380  INFO [main] ql.Driver: Semantic Analysis Completed (retrial = false)
2024-04-24T04:54:00,380  INFO [main] ql.Driver: Created Hive schema: Schema(fieldSchemas:null, properties:null)
2024-04-24T04:54:00,380  INFO [main] metadata.Hive: Dumping metastore api call timing information for : compilation phase
2024-04-24T04:54:00,381  INFO [main] metadata.Hive: Total time spent in each metastore function (ms): {getTable_(GetTableRequest)=9, flushCache_()=0, openTxn_(String, TxnType)=3, getValidTxns_(long)=1, isCompatibleWith_(Configuration)=0, commitTxn_(CommitTxnRequest)=12}
2024-04-24T04:54:00,381  INFO [main] ql.Driver: Completed compiling command(queryId=alex_20240424045400_459b3b35-a64a-4e4f-afe7-38470162a7f3); Time taken: 0.014 seconds
2024-04-24T04:54:00,381  INFO [main] lockmgr.DbTxnManager: Setting lock request transaction to txnid:25 for queryId=alex_20240424045400_459b3b35-a64a-4e4f-afe7-38470162a7f3
2024-04-24T04:54:00,382  INFO [main] lockmgr.DbLockManager: Requesting lock for queryId=alex_20240424045400_459b3b35-a64a-4e4f-afe7-38470162a7f3
2024-04-24T04:54:00,397  INFO [main] lockmgr.DbLockManager: Response to queryId=alex_20240424045400_459b3b35-a64a-4e4f-afe7-38470162a7f3 LockResponse(lockid:13, state:ACQUIRED)
2024-04-24T04:54:00,397  INFO [main] ql.Driver: Operation DROPTABLE obtained 1 locks
2024-04-24T04:54:00,397  INFO [main] ql.Driver: Executing command(queryId=alex_20240424045400_459b3b35-a64a-4e4f-afe7-38470162a7f3): drop table if exists nonAcidNonBucket
2024-04-24T04:54:00,397  INFO [main] ql.Driver: Starting task [Stage-0:DDL] in serial mode
2024-04-24T04:54:00,398  INFO [main] HiveMetaStore.audit: ugi=alex	ip=unknown-ip-addr	cmd=get_table : tbl=hive.default.nonAcidNonBucket	
2024-04-24T04:54:00,407  INFO [main] metastore.HMSHandler: Skipping translation for processor with null
2024-04-24T04:54:00,407  INFO [main] HiveMetaStore.audit: ugi=alex	ip=unknown-ip-addr	cmd=get_table : tbl=hive.default.nonAcidNonBucket	
2024-04-24T04:54:00,417  INFO [main] metastore.HMSHandler: Skipping translation for processor with null
2024-04-24T04:54:00,417  INFO [main] HiveMetaStore.audit: ugi=alex	ip=unknown-ip-addr	cmd=drop_table : tbl=hive.default.nonAcidNonBucket	
2024-04-24T04:54:00,450  INFO [main] metadata.Hive: Dumping metastore api call timing information for : execution phase
2024-04-24T04:54:00,451  INFO [main] metadata.Hive: Total time spent in each metastore function (ms): {dropTable_(String, String, boolean, boolean, boolean)=43, isCompatibleWith_(Configuration)=0, getTable_(GetTableRequest)=10}
2024-04-24T04:54:00,451  INFO [main] ql.Driver: Completed executing command(queryId=alex_20240424045400_459b3b35-a64a-4e4f-afe7-38470162a7f3); Time taken: 0.053 seconds
2024-04-24T04:54:00,451  INFO [main] lockmgr.DbTxnManager: Stopped heartbeat for query: alex_20240424045400_459b3b35-a64a-4e4f-afe7-38470162a7f3
2024-04-24T04:54:00,455  INFO [main] txn.TxnHandler: Expected to move at least one record from txn_components to completed_txn_components when committing txn! txnid:25
2024-04-24T04:54:00,462  INFO [main] txn.TxnHandler: Removed transactions: ([25]) from MIN_HISTORY_LEVEL
2024-04-24T04:54:00,462  WARN [main] txn.CompactionTxnHandler: No compaction queue record found for Compaction type transaction commit. txnId:25
2024-04-24T04:54:00,463  INFO [main] utils.TestTxnDbUtil: Cleaning transactional tables
]]></system-err>
  </testcase>
  <testcase name="testNotEnoughToCompact" classname="org.apache.hadoop.hive.ql.TestTxnCommands3" time="4.345"/>
  <testcase name="testCompactionAbort" classname="org.apache.hadoop.hive.ql.TestTxnCommands3" time="12.547"/>
  <testcase name="testAcidMetaColumsDecode" classname="org.apache.hadoop.hive.ql.TestTxnCommands3" time="16.078"/>
  <testcase name="testNotEnoughToCompactNeedsCleaning" classname="org.apache.hadoop.hive.ql.TestTxnCommands3" time="5.504"/>
  <testcase name="testMinorCompactionAbortLeftoverFiles" classname="org.apache.hadoop.hive.ql.TestTxnCommands3" time="4.641">
    <error type="java.lang.RuntimeException"><![CDATA[java.lang.RuntimeException: update T set a=3 where b=2 failed: (responseCode = 40000, errorMessage = FAILED: NoMatchingMethodException No matching method for class org.apache.hadoop.hive.ql.udf.UDFToInteger with (struct<writeid:bigint,bucketid:int,rowid:bigint>). Possible choices: _FUNC_(bigint)  _FUNC_(boolean)  _FUNC_(decimal(38,18))  _FUNC_(double)  _FUNC_(float)  _FUNC_(smallint)  _FUNC_(string)  _FUNC_(struct<bucketid:bigint,writeid:bigint,rowid:int>)  _FUNC_(timestamp)  _FUNC_(tinyint)  _FUNC_(void)  , hiveErrorCode = 40000, SQLState = 42000, exception = No matching method for class org.apache.hadoop.hive.ql.udf.UDFToInteger with (struct<writeid:bigint,bucketid:int,rowid:bigint>). Possible choices: _FUNC_(bigint)  _FUNC_(boolean)  _FUNC_(decimal(38,18))  _FUNC_(double)  _FUNC_(float)  _FUNC_(smallint)  _FUNC_(string)  _FUNC_(struct<bucketid:bigint,writeid:bigint,rowid:int>)  _FUNC_(timestamp)  _FUNC_(tinyint)  _FUNC_(void)  )
	at org.apache.hadoop.hive.ql.TxnCommandsBaseForTests.runStatementOnDriver(TxnCommandsBaseForTests.java:247)
	at org.apache.hadoop.hive.ql.TestTxnCommands3.testMinorCompactionAbortLeftoverFiles(TestTxnCommands3.java:535)
	at sun.reflect.NativeMethodAccessorImpl.invoke0(Native Method)
	at sun.reflect.NativeMethodAccessorImpl.invoke(NativeMethodAccessorImpl.java:62)
	at sun.reflect.DelegatingMethodAccessorImpl.invoke(DelegatingMethodAccessorImpl.java:43)
	at java.lang.reflect.Method.invoke(Method.java:498)
	at org.junit.runners.model.FrameworkMethod$1.runReflectiveCall(FrameworkMethod.java:59)
	at org.junit.internal.runners.model.ReflectiveCallable.run(ReflectiveCallable.java:12)
	at org.junit.runners.model.FrameworkMethod.invokeExplosively(FrameworkMethod.java:56)
	at org.junit.internal.runners.statements.InvokeMethod.evaluate(InvokeMethod.java:17)
	at org.junit.internal.runners.statements.RunBefores.evaluate(RunBefores.java:26)
	at org.junit.internal.runners.statements.RunAfters.evaluate(RunAfters.java:27)
	at org.junit.rules.TestWatcher$1.evaluate(TestWatcher.java:61)
	at org.junit.runners.ParentRunner$3.evaluate(ParentRunner.java:306)
	at org.junit.runners.BlockJUnit4ClassRunner$1.evaluate(BlockJUnit4ClassRunner.java:100)
	at org.junit.runners.ParentRunner.runLeaf(ParentRunner.java:366)
	at org.junit.runners.BlockJUnit4ClassRunner.runChild(BlockJUnit4ClassRunner.java:103)
	at org.junit.runners.BlockJUnit4ClassRunner.runChild(BlockJUnit4ClassRunner.java:63)
	at org.junit.runners.ParentRunner$4.run(ParentRunner.java:331)
	at org.junit.runners.ParentRunner$1.schedule(ParentRunner.java:79)
	at org.junit.runners.ParentRunner.runChildren(ParentRunner.java:329)
	at org.junit.runners.ParentRunner.access$100(ParentRunner.java:66)
	at org.junit.runners.ParentRunner$2.evaluate(ParentRunner.java:293)
	at org.junit.runners.ParentRunner$3.evaluate(ParentRunner.java:306)
	at org.junit.runners.ParentRunner.run(ParentRunner.java:413)
	at org.junit.runner.JUnitCore.run(JUnitCore.java:137)
	at org.junit.runner.JUnitCore.run(JUnitCore.java:115)
	at org.junit.vintage.engine.execution.RunnerExecutor.execute(RunnerExecutor.java:43)
	at java.util.stream.ForEachOps$ForEachOp$OfRef.accept(ForEachOps.java:183)
	at java.util.stream.ReferencePipeline$3$1.accept(ReferencePipeline.java:193)
	at java.util.Iterator.forEachRemaining(Iterator.java:116)
	at java.util.Spliterators$IteratorSpliterator.forEachRemaining(Spliterators.java:1801)
	at java.util.stream.AbstractPipeline.copyInto(AbstractPipeline.java:482)
	at java.util.stream.AbstractPipeline.wrapAndCopyInto(AbstractPipeline.java:472)
	at java.util.stream.ForEachOps$ForEachOp.evaluateSequential(ForEachOps.java:150)
	at java.util.stream.ForEachOps$ForEachOp$OfRef.evaluateSequential(ForEachOps.java:173)
	at java.util.stream.AbstractPipeline.evaluate(AbstractPipeline.java:234)
	at java.util.stream.ReferencePipeline.forEach(ReferencePipeline.java:485)
	at org.junit.vintage.engine.VintageTestEngine.executeAllChildren(VintageTestEngine.java:82)
	at org.junit.vintage.engine.VintageTestEngine.execute(VintageTestEngine.java:73)
	at org.junit.platform.launcher.core.DefaultLauncher.execute(DefaultLauncher.java:248)
	at org.junit.platform.launcher.core.DefaultLauncher.lambda$execute$5(DefaultLauncher.java:211)
	at org.junit.platform.launcher.core.DefaultLauncher.withInterceptedStreams(DefaultLauncher.java:226)
	at org.junit.platform.launcher.core.DefaultLauncher.execute(DefaultLauncher.java:199)
	at org.junit.platform.launcher.core.DefaultLauncher.execute(DefaultLauncher.java:132)
	at org.apache.maven.surefire.junitplatform.JUnitPlatformProvider.invokeAllTests(JUnitPlatformProvider.java:154)
	at org.apache.maven.surefire.junitplatform.JUnitPlatformProvider.invoke(JUnitPlatformProvider.java:123)
	at org.apache.maven.surefire.booter.ForkedBooter.runSuitesInProcess(ForkedBooter.java:377)
	at org.apache.maven.surefire.booter.ForkedBooter.execute(ForkedBooter.java:138)
	at org.apache.maven.surefire.booter.ForkedBooter.run(ForkedBooter.java:465)
	at org.apache.maven.surefire.booter.ForkedBooter.main(ForkedBooter.java:451)
]]></error>
    <system-err><![CDATA[2024-04-24T04:54:39,002  WARN [main] conf.HiveConf: HiveConf of name hive.metastore.client.cache.maxSize does not exist
2024-04-24T04:54:39,003  WARN [main] conf.HiveConf: HiveConf of name hive.llap.io.cache.orc.size does not exist
2024-04-24T04:54:39,003  WARN [main] conf.HiveConf: HiveConf of name hive.metastore.client.cache.recordStats does not exist
2024-04-24T04:54:39,003  WARN [main] conf.HiveConf: HiveConf of name hive.llap.io.cache.orc.alloc.max does not exist
2024-04-24T04:54:39,003  WARN [main] conf.HiveConf: HiveConf of name hive.dummyparam.test.server.specific.config.hivesite does not exist
2024-04-24T04:54:39,003  WARN [main] conf.HiveConf: HiveConf of name hive.dummyparam.test.server.specific.config.metastoresite does not exist
2024-04-24T04:54:39,003  WARN [main] conf.HiveConf: HiveConf of name hive.metastore.metadb.dir does not exist
2024-04-24T04:54:39,003  WARN [main] conf.HiveConf: HiveConf of name hive.stats.key.prefix.reserve.length does not exist
2024-04-24T04:54:39,003  WARN [main] conf.HiveConf: HiveConf of name hive.llap.io.cache.orc.alloc.min does not exist
2024-04-24T04:54:39,003  WARN [main] conf.HiveConf: HiveConf of name hive.llap.io.cache.orc.arena.size does not exist
2024-04-24T04:54:39,003  WARN [main] conf.HiveConf: HiveConf of name hive.dummyparam.test.server.specific.config.override does not exist
2024-04-24T04:54:39,005  INFO [main] utils.TestTxnDbUtil: Creating transactional tables
Hive Session ID = fbcf9b3f-a387-4632-acda-ff2b32f494df
2024-04-24T04:54:39,007  INFO [main] SessionState: Hive Session ID = fbcf9b3f-a387-4632-acda-ff2b32f494df
ivysettings.xml file not found in HIVE_HOME or HIVE_CONF_DIR,/home/alex/Repositories/hive/conf/ivysettings.xml will be used
2024-04-24T04:54:39,008  INFO [main] DependencyResolver: ivysettings.xml file not found in HIVE_HOME or HIVE_CONF_DIR,/home/alex/Repositories/hive/conf/ivysettings.xml will be used
2024-04-24T04:54:39,013  INFO [main] session.SessionState: Created HDFS directory: /home/alex/Repositories/hive/ql/target/tmp/scratchdir/alex/fbcf9b3f-a387-4632-acda-ff2b32f494df
2024-04-24T04:54:39,015  INFO [main] session.SessionState: Created local directory: /home/alex/Repositories/hive/ql/target/tmp/localscratchdir/fbcf9b3f-a387-4632-acda-ff2b32f494df
2024-04-24T04:54:39,017  INFO [main] session.SessionState: Created HDFS directory: /home/alex/Repositories/hive/ql/target/tmp/scratchdir/alex/fbcf9b3f-a387-4632-acda-ff2b32f494df/_tmp_space.db
2024-04-24T04:54:39,018  INFO [main] sqlstd.SQLStdHiveAccessController: Created SQLStdHiveAccessController for session context : HiveAuthzSessionContext [sessionString=fbcf9b3f-a387-4632-acda-ff2b32f494df, clientType=HIVECLI]
2024-04-24T04:54:39,018  INFO [main] ql.TxnCommandsBaseForTests: Running the query: drop table if exists acidTbl
2024-04-24T04:54:39,018  INFO [main] ql.Driver: Compiling command(queryId=alex_20240424045439_e127c250-aa65-414d-96bf-fe705ebf6553): drop table if exists acidTbl
2024-04-24T04:54:39,025  INFO [main] txn.TxnHandler: Added entries to MIN_HISTORY_LEVEL for current txns: ([1]) with min_open_txn: 1
2024-04-24T04:54:39,025  INFO [main] lockmgr.DbTxnManager: Opened txnid:1
2024-04-24T04:54:39,028  INFO [main] HiveMetaStore.audit: ugi=alex	ip=unknown-ip-addr	cmd=get_table : tbl=hive.default.acidTbl	
2024-04-24T04:54:39,036  INFO [main] ql.Driver: Semantic Analysis Completed (retrial = false)
2024-04-24T04:54:39,036  INFO [main] ql.Driver: Created Hive schema: Schema(fieldSchemas:null, properties:null)
2024-04-24T04:54:39,036  INFO [main] metadata.Hive: Dumping metastore api call timing information for : compilation phase
2024-04-24T04:54:39,036  INFO [main] metadata.Hive: Total time spent in each metastore function (ms): {openTxn_(String, TxnType)=6, getValidTxns_(long)=3, commitTxn_(CommitTxnRequest)=9, isCompatibleWith_(Configuration)=0, flushCache_()=1}
2024-04-24T04:54:39,036  INFO [main] ql.Driver: Completed compiling command(queryId=alex_20240424045439_e127c250-aa65-414d-96bf-fe705ebf6553); Time taken: 0.018 seconds
2024-04-24T04:54:39,036  INFO [main] lockmgr.DbTxnManager: Setting lock request transaction to txnid:1 for queryId=alex_20240424045439_e127c250-aa65-414d-96bf-fe705ebf6553
2024-04-24T04:54:39,036  INFO [main] ql.Driver: Operation DROPTABLE obtained 0 locks
2024-04-24T04:54:39,036  INFO [main] ql.Driver: Executing command(queryId=alex_20240424045439_e127c250-aa65-414d-96bf-fe705ebf6553): drop table if exists acidTbl
2024-04-24T04:54:39,037  INFO [main] ql.Driver: Starting task [Stage-0:DDL] in serial mode
2024-04-24T04:54:39,037  INFO [main] HiveMetaStore.audit: ugi=alex	ip=unknown-ip-addr	cmd=get_table : tbl=hive.default.acidTbl	
2024-04-24T04:54:39,040  INFO [main] metadata.Hive: Dumping metastore api call timing information for : execution phase
2024-04-24T04:54:39,040  INFO [main] metadata.Hive: Total time spent in each metastore function (ms): {isCompatibleWith_(Configuration)=0}
2024-04-24T04:54:39,040  INFO [main] ql.Driver: Completed executing command(queryId=alex_20240424045439_e127c250-aa65-414d-96bf-fe705ebf6553); Time taken: 0.004 seconds
2024-04-24T04:54:39,040  INFO [main] lockmgr.DbTxnManager: Stopped heartbeat for query: alex_20240424045439_e127c250-aa65-414d-96bf-fe705ebf6553
2024-04-24T04:54:39,045  INFO [main] txn.TxnHandler: Expected to move at least one record from txn_components to completed_txn_components when committing txn! txnid:1
2024-04-24T04:54:39,050  INFO [main] txn.TxnHandler: Removed transactions: ([1]) from MIN_HISTORY_LEVEL
2024-04-24T04:54:39,050  WARN [main] txn.CompactionTxnHandler: No compaction queue record found for Compaction type transaction commit. txnId:1
2024-04-24T04:54:39,051  INFO [main] ql.TxnCommandsBaseForTests: Running the query: drop table if exists acidTblPart
2024-04-24T04:54:39,051  INFO [main] ql.Driver: Compiling command(queryId=alex_20240424045439_5f9265f6-28ca-4d04-8cf6-e85ead32daf0): drop table if exists acidTblPart
2024-04-24T04:54:39,054  INFO [main] txn.TxnHandler: Added entries to MIN_HISTORY_LEVEL for current txns: ([2]) with min_open_txn: 1
2024-04-24T04:54:39,054  INFO [main] lockmgr.DbTxnManager: Opened txnid:2
2024-04-24T04:54:39,055  INFO [main] HiveMetaStore.audit: ugi=alex	ip=unknown-ip-addr	cmd=get_table : tbl=hive.default.acidTblPart	
2024-04-24T04:54:39,058  INFO [main] ql.Driver: Semantic Analysis Completed (retrial = false)
2024-04-24T04:54:39,058  INFO [main] ql.Driver: Created Hive schema: Schema(fieldSchemas:null, properties:null)
2024-04-24T04:54:39,058  INFO [main] metadata.Hive: Dumping metastore api call timing information for : compilation phase
2024-04-24T04:54:39,058  INFO [main] metadata.Hive: Total time spent in each metastore function (ms): {getValidTxns_(long)=1, isCompatibleWith_(Configuration)=0, commitTxn_(CommitTxnRequest)=11, openTxn_(String, TxnType)=2, flushCache_()=0}
2024-04-24T04:54:39,058  INFO [main] ql.Driver: Completed compiling command(queryId=alex_20240424045439_5f9265f6-28ca-4d04-8cf6-e85ead32daf0); Time taken: 0.007 seconds
2024-04-24T04:54:39,058  INFO [main] lockmgr.DbTxnManager: Setting lock request transaction to txnid:2 for queryId=alex_20240424045439_5f9265f6-28ca-4d04-8cf6-e85ead32daf0
2024-04-24T04:54:39,058  INFO [main] ql.Driver: Operation DROPTABLE obtained 0 locks
2024-04-24T04:54:39,058  INFO [main] ql.Driver: Executing command(queryId=alex_20240424045439_5f9265f6-28ca-4d04-8cf6-e85ead32daf0): drop table if exists acidTblPart
2024-04-24T04:54:39,058  INFO [main] ql.Driver: Starting task [Stage-0:DDL] in serial mode
2024-04-24T04:54:39,059  INFO [main] HiveMetaStore.audit: ugi=alex	ip=unknown-ip-addr	cmd=get_table : tbl=hive.default.acidTblPart	
2024-04-24T04:54:39,062  INFO [main] metadata.Hive: Dumping metastore api call timing information for : execution phase
2024-04-24T04:54:39,062  INFO [main] metadata.Hive: Total time spent in each metastore function (ms): {isCompatibleWith_(Configuration)=0}
2024-04-24T04:54:39,062  INFO [main] ql.Driver: Completed executing command(queryId=alex_20240424045439_5f9265f6-28ca-4d04-8cf6-e85ead32daf0); Time taken: 0.004 seconds
2024-04-24T04:54:39,062  INFO [main] lockmgr.DbTxnManager: Stopped heartbeat for query: alex_20240424045439_5f9265f6-28ca-4d04-8cf6-e85ead32daf0
2024-04-24T04:54:39,066  INFO [main] txn.TxnHandler: Expected to move at least one record from txn_components to completed_txn_components when committing txn! txnid:2
2024-04-24T04:54:39,071  INFO [main] txn.TxnHandler: Removed transactions: ([2]) from MIN_HISTORY_LEVEL
2024-04-24T04:54:39,071  WARN [main] txn.CompactionTxnHandler: No compaction queue record found for Compaction type transaction commit. txnId:2
2024-04-24T04:54:39,071  INFO [main] ql.TxnCommandsBaseForTests: Running the query: drop table if exists acidTbl2
2024-04-24T04:54:39,072  INFO [main] ql.Driver: Compiling command(queryId=alex_20240424045439_458df133-719a-4c23-a3b6-d7be706bb289): drop table if exists acidTbl2
2024-04-24T04:54:39,074  INFO [main] txn.TxnHandler: Added entries to MIN_HISTORY_LEVEL for current txns: ([3]) with min_open_txn: 1
2024-04-24T04:54:39,074  INFO [main] lockmgr.DbTxnManager: Opened txnid:3
2024-04-24T04:54:39,075  INFO [main] HiveMetaStore.audit: ugi=alex	ip=unknown-ip-addr	cmd=get_table : tbl=hive.default.acidTbl2	
2024-04-24T04:54:39,078  INFO [main] ql.Driver: Semantic Analysis Completed (retrial = false)
2024-04-24T04:54:39,078  INFO [main] ql.Driver: Created Hive schema: Schema(fieldSchemas:null, properties:null)
2024-04-24T04:54:39,078  INFO [main] metadata.Hive: Dumping metastore api call timing information for : compilation phase
2024-04-24T04:54:39,078  INFO [main] metadata.Hive: Total time spent in each metastore function (ms): {isCompatibleWith_(Configuration)=0, openTxn_(String, TxnType)=2, getValidTxns_(long)=1, flushCache_()=0, commitTxn_(CommitTxnRequest)=9}
2024-04-24T04:54:39,078  INFO [main] ql.Driver: Completed compiling command(queryId=alex_20240424045439_458df133-719a-4c23-a3b6-d7be706bb289); Time taken: 0.006 seconds
2024-04-24T04:54:39,078  INFO [main] lockmgr.DbTxnManager: Setting lock request transaction to txnid:3 for queryId=alex_20240424045439_458df133-719a-4c23-a3b6-d7be706bb289
2024-04-24T04:54:39,078  INFO [main] ql.Driver: Operation DROPTABLE obtained 0 locks
2024-04-24T04:54:39,078  INFO [main] ql.Driver: Executing command(queryId=alex_20240424045439_458df133-719a-4c23-a3b6-d7be706bb289): drop table if exists acidTbl2
2024-04-24T04:54:39,079  INFO [main] ql.Driver: Starting task [Stage-0:DDL] in serial mode
2024-04-24T04:54:39,079  INFO [main] HiveMetaStore.audit: ugi=alex	ip=unknown-ip-addr	cmd=get_table : tbl=hive.default.acidTbl2	
2024-04-24T04:54:39,082  INFO [main] metadata.Hive: Dumping metastore api call timing information for : execution phase
2024-04-24T04:54:39,082  INFO [main] metadata.Hive: Total time spent in each metastore function (ms): {isCompatibleWith_(Configuration)=0}
2024-04-24T04:54:39,082  INFO [main] ql.Driver: Completed executing command(queryId=alex_20240424045439_458df133-719a-4c23-a3b6-d7be706bb289); Time taken: 0.004 seconds
2024-04-24T04:54:39,082  INFO [main] lockmgr.DbTxnManager: Stopped heartbeat for query: alex_20240424045439_458df133-719a-4c23-a3b6-d7be706bb289
2024-04-24T04:54:39,087  INFO [main] txn.TxnHandler: Expected to move at least one record from txn_components to completed_txn_components when committing txn! txnid:3
2024-04-24T04:54:39,091  INFO [main] txn.TxnHandler: Removed transactions: ([3]) from MIN_HISTORY_LEVEL
2024-04-24T04:54:39,091  WARN [main] txn.CompactionTxnHandler: No compaction queue record found for Compaction type transaction commit. txnId:3
2024-04-24T04:54:39,092  INFO [main] ql.TxnCommandsBaseForTests: Running the query: drop table if exists nonAcidOrcTbl
2024-04-24T04:54:39,092  INFO [main] ql.Driver: Compiling command(queryId=alex_20240424045439_a9961dc0-ae54-4802-bc90-61885d3ffa61): drop table if exists nonAcidOrcTbl
2024-04-24T04:54:39,094  INFO [main] txn.TxnHandler: Added entries to MIN_HISTORY_LEVEL for current txns: ([4]) with min_open_txn: 1
2024-04-24T04:54:39,094  INFO [main] lockmgr.DbTxnManager: Opened txnid:4
2024-04-24T04:54:39,095  INFO [main] HiveMetaStore.audit: ugi=alex	ip=unknown-ip-addr	cmd=get_table : tbl=hive.default.nonAcidOrcTbl	
2024-04-24T04:54:39,098  INFO [main] ql.Driver: Semantic Analysis Completed (retrial = false)
2024-04-24T04:54:39,098  INFO [main] ql.Driver: Created Hive schema: Schema(fieldSchemas:null, properties:null)
2024-04-24T04:54:39,098  INFO [main] metadata.Hive: Dumping metastore api call timing information for : compilation phase
2024-04-24T04:54:39,098  INFO [main] metadata.Hive: Total time spent in each metastore function (ms): {isCompatibleWith_(Configuration)=0, commitTxn_(CommitTxnRequest)=9, openTxn_(String, TxnType)=2, getValidTxns_(long)=1, flushCache_()=0}
2024-04-24T04:54:39,098  INFO [main] ql.Driver: Completed compiling command(queryId=alex_20240424045439_a9961dc0-ae54-4802-bc90-61885d3ffa61); Time taken: 0.006 seconds
2024-04-24T04:54:39,098  INFO [main] lockmgr.DbTxnManager: Setting lock request transaction to txnid:4 for queryId=alex_20240424045439_a9961dc0-ae54-4802-bc90-61885d3ffa61
2024-04-24T04:54:39,098  INFO [main] ql.Driver: Operation DROPTABLE obtained 0 locks
2024-04-24T04:54:39,098  INFO [main] ql.Driver: Executing command(queryId=alex_20240424045439_a9961dc0-ae54-4802-bc90-61885d3ffa61): drop table if exists nonAcidOrcTbl
2024-04-24T04:54:39,098  INFO [main] ql.Driver: Starting task [Stage-0:DDL] in serial mode
2024-04-24T04:54:39,099  INFO [main] HiveMetaStore.audit: ugi=alex	ip=unknown-ip-addr	cmd=get_table : tbl=hive.default.nonAcidOrcTbl	
2024-04-24T04:54:39,102  INFO [main] metadata.Hive: Dumping metastore api call timing information for : execution phase
2024-04-24T04:54:39,102  INFO [main] metadata.Hive: Total time spent in each metastore function (ms): {isCompatibleWith_(Configuration)=0}
2024-04-24T04:54:39,102  INFO [main] ql.Driver: Completed executing command(queryId=alex_20240424045439_a9961dc0-ae54-4802-bc90-61885d3ffa61); Time taken: 0.004 seconds
2024-04-24T04:54:39,102  INFO [main] lockmgr.DbTxnManager: Stopped heartbeat for query: alex_20240424045439_a9961dc0-ae54-4802-bc90-61885d3ffa61
2024-04-24T04:54:39,106  INFO [main] txn.TxnHandler: Expected to move at least one record from txn_components to completed_txn_components when committing txn! txnid:4
2024-04-24T04:54:39,111  INFO [main] txn.TxnHandler: Removed transactions: ([4]) from MIN_HISTORY_LEVEL
2024-04-24T04:54:39,111  WARN [main] txn.CompactionTxnHandler: No compaction queue record found for Compaction type transaction commit. txnId:4
2024-04-24T04:54:39,111  INFO [main] ql.TxnCommandsBaseForTests: Running the query: drop table if exists nonAcidOrcTbl2
2024-04-24T04:54:39,112  INFO [main] ql.Driver: Compiling command(queryId=alex_20240424045439_19f21481-edbe-4608-b83a-48a950961d4e): drop table if exists nonAcidOrcTbl2
2024-04-24T04:54:39,114  INFO [main] txn.TxnHandler: Added entries to MIN_HISTORY_LEVEL for current txns: ([5]) with min_open_txn: 1
2024-04-24T04:54:39,114  INFO [main] lockmgr.DbTxnManager: Opened txnid:5
2024-04-24T04:54:39,115  INFO [main] HiveMetaStore.audit: ugi=alex	ip=unknown-ip-addr	cmd=get_table : tbl=hive.default.nonAcidOrcTbl2	
2024-04-24T04:54:39,117  INFO [main] ql.Driver: Semantic Analysis Completed (retrial = false)
2024-04-24T04:54:39,117  INFO [main] ql.Driver: Created Hive schema: Schema(fieldSchemas:null, properties:null)
2024-04-24T04:54:39,117  INFO [main] metadata.Hive: Dumping metastore api call timing information for : compilation phase
2024-04-24T04:54:39,118  INFO [main] metadata.Hive: Total time spent in each metastore function (ms): {isCompatibleWith_(Configuration)=0, openTxn_(String, TxnType)=2, flushCache_()=0, commitTxn_(CommitTxnRequest)=9, getValidTxns_(long)=0}
2024-04-24T04:54:39,118  INFO [main] ql.Driver: Completed compiling command(queryId=alex_20240424045439_19f21481-edbe-4608-b83a-48a950961d4e); Time taken: 0.005 seconds
2024-04-24T04:54:39,118  INFO [main] lockmgr.DbTxnManager: Setting lock request transaction to txnid:5 for queryId=alex_20240424045439_19f21481-edbe-4608-b83a-48a950961d4e
2024-04-24T04:54:39,118  INFO [main] ql.Driver: Operation DROPTABLE obtained 0 locks
2024-04-24T04:54:39,118  INFO [main] ql.Driver: Executing command(queryId=alex_20240424045439_19f21481-edbe-4608-b83a-48a950961d4e): drop table if exists nonAcidOrcTbl2
2024-04-24T04:54:39,118  INFO [main] ql.Driver: Starting task [Stage-0:DDL] in serial mode
2024-04-24T04:54:39,118  INFO [main] HiveMetaStore.audit: ugi=alex	ip=unknown-ip-addr	cmd=get_table : tbl=hive.default.nonAcidOrcTbl2	
2024-04-24T04:54:39,121  INFO [main] metadata.Hive: Dumping metastore api call timing information for : execution phase
2024-04-24T04:54:39,121  INFO [main] metadata.Hive: Total time spent in each metastore function (ms): {isCompatibleWith_(Configuration)=0}
2024-04-24T04:54:39,122  INFO [main] ql.Driver: Completed executing command(queryId=alex_20240424045439_19f21481-edbe-4608-b83a-48a950961d4e); Time taken: 0.003 seconds
2024-04-24T04:54:39,122  INFO [main] lockmgr.DbTxnManager: Stopped heartbeat for query: alex_20240424045439_19f21481-edbe-4608-b83a-48a950961d4e
2024-04-24T04:54:39,126  INFO [main] txn.TxnHandler: Expected to move at least one record from txn_components to completed_txn_components when committing txn! txnid:5
2024-04-24T04:54:39,130  INFO [main] txn.TxnHandler: Removed transactions: ([5]) from MIN_HISTORY_LEVEL
2024-04-24T04:54:39,131  WARN [main] txn.CompactionTxnHandler: No compaction queue record found for Compaction type transaction commit. txnId:5
2024-04-24T04:54:39,131  INFO [main] ql.TxnCommandsBaseForTests: Running the query: drop table if exists nonAcidNonBucket
2024-04-24T04:54:39,131  INFO [main] ql.Driver: Compiling command(queryId=alex_20240424045439_21f944d4-3c3f-4b9e-9928-387e000811f9): drop table if exists nonAcidNonBucket
2024-04-24T04:54:39,133  INFO [main] txn.TxnHandler: Added entries to MIN_HISTORY_LEVEL for current txns: ([6]) with min_open_txn: 1
2024-04-24T04:54:39,134  INFO [main] lockmgr.DbTxnManager: Opened txnid:6
2024-04-24T04:54:39,134  INFO [main] HiveMetaStore.audit: ugi=alex	ip=unknown-ip-addr	cmd=get_table : tbl=hive.default.nonAcidNonBucket	
2024-04-24T04:54:39,137  INFO [main] ql.Driver: Semantic Analysis Completed (retrial = false)
2024-04-24T04:54:39,137  INFO [main] ql.Driver: Created Hive schema: Schema(fieldSchemas:null, properties:null)
2024-04-24T04:54:39,137  INFO [main] metadata.Hive: Dumping metastore api call timing information for : compilation phase
2024-04-24T04:54:39,137  INFO [main] metadata.Hive: Total time spent in each metastore function (ms): {commitTxn_(CommitTxnRequest)=9, openTxn_(String, TxnType)=2, flushCache_()=0, getValidTxns_(long)=0, isCompatibleWith_(Configuration)=0}
2024-04-24T04:54:39,137  INFO [main] ql.Driver: Completed compiling command(queryId=alex_20240424045439_21f944d4-3c3f-4b9e-9928-387e000811f9); Time taken: 0.006 seconds
2024-04-24T04:54:39,138  INFO [main] lockmgr.DbTxnManager: Setting lock request transaction to txnid:6 for queryId=alex_20240424045439_21f944d4-3c3f-4b9e-9928-387e000811f9
2024-04-24T04:54:39,138  INFO [main] ql.Driver: Operation DROPTABLE obtained 0 locks
2024-04-24T04:54:39,138  INFO [main] ql.Driver: Executing command(queryId=alex_20240424045439_21f944d4-3c3f-4b9e-9928-387e000811f9): drop table if exists nonAcidNonBucket
2024-04-24T04:54:39,138  INFO [main] ql.Driver: Starting task [Stage-0:DDL] in serial mode
2024-04-24T04:54:39,138  INFO [main] HiveMetaStore.audit: ugi=alex	ip=unknown-ip-addr	cmd=get_table : tbl=hive.default.nonAcidNonBucket	
2024-04-24T04:54:39,141  INFO [main] metadata.Hive: Dumping metastore api call timing information for : execution phase
2024-04-24T04:54:39,141  INFO [main] metadata.Hive: Total time spent in each metastore function (ms): {isCompatibleWith_(Configuration)=0}
2024-04-24T04:54:39,141  INFO [main] ql.Driver: Completed executing command(queryId=alex_20240424045439_21f944d4-3c3f-4b9e-9928-387e000811f9); Time taken: 0.003 seconds
2024-04-24T04:54:39,141  INFO [main] lockmgr.DbTxnManager: Stopped heartbeat for query: alex_20240424045439_21f944d4-3c3f-4b9e-9928-387e000811f9
2024-04-24T04:54:39,146  INFO [main] txn.TxnHandler: Expected to move at least one record from txn_components to completed_txn_components when committing txn! txnid:6
2024-04-24T04:54:39,150  INFO [main] txn.TxnHandler: Removed transactions: ([6]) from MIN_HISTORY_LEVEL
2024-04-24T04:54:39,150  WARN [main] txn.CompactionTxnHandler: No compaction queue record found for Compaction type transaction commit. txnId:6
2024-04-24T04:54:39,151  INFO [main] ql.TxnCommandsBaseForTests: Running the query: create table acidTbl(a int, b int) clustered by (a) into 2 buckets stored as orc TBLPROPERTIES ('transactional'='true')
2024-04-24T04:54:39,151  INFO [main] ql.Driver: Compiling command(queryId=alex_20240424045439_770878a5-64f0-47e3-bdf4-62d8d177523a): create table acidTbl(a int, b int) clustered by (a) into 2 buckets stored as orc TBLPROPERTIES ('transactional'='true')
2024-04-24T04:54:39,153  INFO [main] txn.TxnHandler: Added entries to MIN_HISTORY_LEVEL for current txns: ([7]) with min_open_txn: 1
2024-04-24T04:54:39,154  INFO [main] lockmgr.DbTxnManager: Opened txnid:7
2024-04-24T04:54:39,154  INFO [main] parse.CalcitePlanner: Starting caching scope for: 
2024-04-24T04:54:39,154  INFO [main] parse.CalcitePlanner: Starting Semantic Analysis
2024-04-24T04:54:39,159  INFO [main] parse.CalcitePlanner: Creating table default.acidTbl position=13
2024-04-24T04:54:39,159  INFO [main] HiveMetaStore.audit: ugi=alex	ip=unknown-ip-addr	cmd=get_database: default	
2024-04-24T04:54:39,161  INFO [main] parse.CalcitePlanner: Ending caching scope for: 
2024-04-24T04:54:39,161  INFO [main] ql.Driver: Semantic Analysis Completed (retrial = false)
2024-04-24T04:54:39,161  INFO [main] ql.Driver: Created Hive schema: Schema(fieldSchemas:null, properties:null)
2024-04-24T04:54:39,161  INFO [main] metadata.Hive: Dumping metastore api call timing information for : compilation phase
2024-04-24T04:54:39,161  INFO [main] metadata.Hive: Total time spent in each metastore function (ms): {flushCache_()=0, getValidTxns_(long)=0, isCompatibleWith_(Configuration)=1, openTxn_(String, TxnType)=2, getValidWriteIds_(List, String)=5, commitTxn_(CommitTxnRequest)=10, getDatabase_(String)=2}
2024-04-24T04:54:39,161  INFO [main] ql.Driver: Completed compiling command(queryId=alex_20240424045439_770878a5-64f0-47e3-bdf4-62d8d177523a); Time taken: 0.01 seconds
2024-04-24T04:54:39,162  INFO [main] lockmgr.DbTxnManager: Setting lock request transaction to txnid:7 for queryId=alex_20240424045439_770878a5-64f0-47e3-bdf4-62d8d177523a
2024-04-24T04:54:39,162  INFO [main] lockmgr.DbLockManager: Requesting lock for queryId=alex_20240424045439_770878a5-64f0-47e3-bdf4-62d8d177523a
2024-04-24T04:54:39,177  INFO [main] lockmgr.DbLockManager: Response to queryId=alex_20240424045439_770878a5-64f0-47e3-bdf4-62d8d177523a LockResponse(lockid:1, state:ACQUIRED)
2024-04-24T04:54:39,177  INFO [main] ql.Driver: Operation CREATETABLE obtained 1 locks
2024-04-24T04:54:39,178  INFO [main] ql.Driver: Executing command(queryId=alex_20240424045439_770878a5-64f0-47e3-bdf4-62d8d177523a): create table acidTbl(a int, b int) clustered by (a) into 2 buckets stored as orc TBLPROPERTIES ('transactional'='true')
2024-04-24T04:54:39,178  INFO [main] ql.Driver: Starting task [Stage-0:DDL] in serial mode
2024-04-24T04:54:39,179  INFO [main] HiveMetaStore.audit: ugi=alex	ip=unknown-ip-addr	cmd=create_table_req: Table(tableName:acidTbl, dbName:default, owner:alex, createTime:1713959679, lastAccessTime:0, retention:0, sd:StorageDescriptor(cols:[FieldSchema(name:a, type:int, comment:null), FieldSchema(name:b, type:int, comment:null)], location:null, inputFormat:org.apache.hadoop.hive.ql.io.orc.OrcInputFormat, outputFormat:org.apache.hadoop.hive.ql.io.orc.OrcOutputFormat, compressed:false, numBuckets:2, serdeInfo:SerDeInfo(name:null, serializationLib:org.apache.hadoop.hive.ql.io.orc.OrcSerde, parameters:{serialization.format=1}), bucketCols:[a], sortCols:[], parameters:{}, skewedInfo:SkewedInfo(skewedColNames:[], skewedColValues:[], skewedColValueLocationMaps:{}), storedAsSubDirectories:false), partitionKeys:[], parameters:{totalSize=0, numFiles=0, COLUMN_STATS_ACCURATE={"BASIC_STATS":"true","COLUMN_STATS":{"a":"true","b":"true"}}, transactional=true, numFilesErasureCoded=0, rawDataSize=0, numRows=0, bucketing_version=2}, viewOriginalText:null, viewExpandedText:null, tableType:MANAGED_TABLE, privileges:PrincipalPrivilegeSet(userPrivileges:{alex=[PrivilegeGrantInfo(privilege:INSERT, createTime:-1, grantor:alex, grantorType:USER, grantOption:true), PrivilegeGrantInfo(privilege:SELECT, createTime:-1, grantor:alex, grantorType:USER, grantOption:true), PrivilegeGrantInfo(privilege:UPDATE, createTime:-1, grantor:alex, grantorType:USER, grantOption:true), PrivilegeGrantInfo(privilege:DELETE, createTime:-1, grantor:alex, grantorType:USER, grantOption:true)]}, groupPrivileges:null, rolePrivileges:null), temporary:false, catName:hive, ownerType:USER, writeId:0)	
2024-04-24T04:54:39,184  INFO [main] utils.FileUtils: Creating directory if it doesn't exist: file:/home/alex/Repositories/hive/ql/target/tmp/org.apache.hadoop.hive.ql.TestTxnCommands3-1713959586346/warehouse/acidtbl
2024-04-24T04:54:39,217  INFO [main] metadata.Hive: Dumping metastore api call timing information for : execution phase
2024-04-24T04:54:39,217  INFO [main] metadata.Hive: Total time spent in each metastore function (ms): {isCompatibleWith_(Configuration)=0, createTable_(Table)=39}
2024-04-24T04:54:39,217  INFO [main] ql.Driver: Completed executing command(queryId=alex_20240424045439_770878a5-64f0-47e3-bdf4-62d8d177523a); Time taken: 0.039 seconds
2024-04-24T04:54:39,217  INFO [main] lockmgr.DbTxnManager: Stopped heartbeat for query: alex_20240424045439_770878a5-64f0-47e3-bdf4-62d8d177523a
2024-04-24T04:54:39,221  INFO [main] txn.TxnHandler: Expected to move at least one record from txn_components to completed_txn_components when committing txn! txnid:7
2024-04-24T04:54:39,225  INFO [main] txn.TxnHandler: Removed transactions: ([7]) from MIN_HISTORY_LEVEL
2024-04-24T04:54:39,227  WARN [main] txn.CompactionTxnHandler: No compaction queue record found for Compaction type transaction commit. txnId:7
2024-04-24T04:54:39,227  INFO [main] ql.TxnCommandsBaseForTests: Running the query: create table acidTblPart(a int, b int) partitioned by (p string) clustered by (a) into 2 buckets stored as orc TBLPROPERTIES ('transactional'='true')
2024-04-24T04:54:39,228  INFO [main] ql.Driver: Compiling command(queryId=alex_20240424045439_687a9b57-c55b-4a4f-b0d1-675be160a51f): create table acidTblPart(a int, b int) partitioned by (p string) clustered by (a) into 2 buckets stored as orc TBLPROPERTIES ('transactional'='true')
2024-04-24T04:54:39,230  INFO [main] txn.TxnHandler: Added entries to MIN_HISTORY_LEVEL for current txns: ([8]) with min_open_txn: 1
2024-04-24T04:54:39,230  INFO [main] lockmgr.DbTxnManager: Opened txnid:8
2024-04-24T04:54:39,232  INFO [main] parse.CalcitePlanner: Starting caching scope for: 
2024-04-24T04:54:39,233  INFO [main] parse.CalcitePlanner: Starting Semantic Analysis
2024-04-24T04:54:39,235  INFO [main] parse.CalcitePlanner: Creating table default.acidTblPart position=13
2024-04-24T04:54:39,236  INFO [main] HiveMetaStore.audit: ugi=alex	ip=unknown-ip-addr	cmd=get_database: default	
2024-04-24T04:54:39,238  INFO [main] parse.CalcitePlanner: Ending caching scope for: 
2024-04-24T04:54:39,238  INFO [main] ql.Driver: Semantic Analysis Completed (retrial = false)
2024-04-24T04:54:39,238  INFO [main] ql.Driver: Created Hive schema: Schema(fieldSchemas:null, properties:null)
2024-04-24T04:54:39,238  INFO [main] metadata.Hive: Dumping metastore api call timing information for : compilation phase
2024-04-24T04:54:39,238  INFO [main] metadata.Hive: Total time spent in each metastore function (ms): {commitTxn_(CommitTxnRequest)=9, getValidWriteIds_(List, String)=2, getValidTxns_(long)=2, isCompatibleWith_(Configuration)=1, getDatabase_(String)=3, openTxn_(String, TxnType)=2, flushCache_()=0}
2024-04-24T04:54:39,238  INFO [main] ql.Driver: Completed compiling command(queryId=alex_20240424045439_687a9b57-c55b-4a4f-b0d1-675be160a51f); Time taken: 0.01 seconds
2024-04-24T04:54:39,239  INFO [main] lockmgr.DbTxnManager: Setting lock request transaction to txnid:8 for queryId=alex_20240424045439_687a9b57-c55b-4a4f-b0d1-675be160a51f
2024-04-24T04:54:39,239  INFO [main] lockmgr.DbLockManager: Requesting lock for queryId=alex_20240424045439_687a9b57-c55b-4a4f-b0d1-675be160a51f
2024-04-24T04:54:39,252  INFO [main] lockmgr.DbLockManager: Response to queryId=alex_20240424045439_687a9b57-c55b-4a4f-b0d1-675be160a51f LockResponse(lockid:2, state:ACQUIRED)
2024-04-24T04:54:39,252  INFO [main] ql.Driver: Operation CREATETABLE obtained 1 locks
2024-04-24T04:54:39,253  INFO [main] ql.Driver: Executing command(queryId=alex_20240424045439_687a9b57-c55b-4a4f-b0d1-675be160a51f): create table acidTblPart(a int, b int) partitioned by (p string) clustered by (a) into 2 buckets stored as orc TBLPROPERTIES ('transactional'='true')
2024-04-24T04:54:39,254  INFO [main] ql.Driver: Starting task [Stage-0:DDL] in serial mode
2024-04-24T04:54:39,254  INFO [main] HiveMetaStore.audit: ugi=alex	ip=unknown-ip-addr	cmd=create_table_req: Table(tableName:acidTblPart, dbName:default, owner:alex, createTime:1713959679, lastAccessTime:0, retention:0, sd:StorageDescriptor(cols:[FieldSchema(name:a, type:int, comment:null), FieldSchema(name:b, type:int, comment:null)], location:null, inputFormat:org.apache.hadoop.hive.ql.io.orc.OrcInputFormat, outputFormat:org.apache.hadoop.hive.ql.io.orc.OrcOutputFormat, compressed:false, numBuckets:2, serdeInfo:SerDeInfo(name:null, serializationLib:org.apache.hadoop.hive.ql.io.orc.OrcSerde, parameters:{serialization.format=1}), bucketCols:[a], sortCols:[], parameters:{}, skewedInfo:SkewedInfo(skewedColNames:[], skewedColValues:[], skewedColValueLocationMaps:{}), storedAsSubDirectories:false), partitionKeys:[FieldSchema(name:p, type:string, comment:null)], parameters:{bucketing_version=2, transactional=true}, viewOriginalText:null, viewExpandedText:null, tableType:MANAGED_TABLE, privileges:PrincipalPrivilegeSet(userPrivileges:{alex=[PrivilegeGrantInfo(privilege:INSERT, createTime:-1, grantor:alex, grantorType:USER, grantOption:true), PrivilegeGrantInfo(privilege:SELECT, createTime:-1, grantor:alex, grantorType:USER, grantOption:true), PrivilegeGrantInfo(privilege:UPDATE, createTime:-1, grantor:alex, grantorType:USER, grantOption:true), PrivilegeGrantInfo(privilege:DELETE, createTime:-1, grantor:alex, grantorType:USER, grantOption:true)]}, groupPrivileges:null, rolePrivileges:null), temporary:false, catName:hive, ownerType:USER, writeId:0)	
2024-04-24T04:54:39,260  INFO [main] utils.FileUtils: Creating directory if it doesn't exist: file:/home/alex/Repositories/hive/ql/target/tmp/org.apache.hadoop.hive.ql.TestTxnCommands3-1713959586346/warehouse/acidtblpart
2024-04-24T04:54:39,277  INFO [main] metadata.Hive: Dumping metastore api call timing information for : execution phase
2024-04-24T04:54:39,277  INFO [main] metadata.Hive: Total time spent in each metastore function (ms): {createTable_(Table)=23, isCompatibleWith_(Configuration)=0}
2024-04-24T04:54:39,277  INFO [main] ql.Driver: Completed executing command(queryId=alex_20240424045439_687a9b57-c55b-4a4f-b0d1-675be160a51f); Time taken: 0.024 seconds
2024-04-24T04:54:39,277  INFO [main] lockmgr.DbTxnManager: Stopped heartbeat for query: alex_20240424045439_687a9b57-c55b-4a4f-b0d1-675be160a51f
2024-04-24T04:54:39,281  INFO [main] txn.TxnHandler: Expected to move at least one record from txn_components to completed_txn_components when committing txn! txnid:8
2024-04-24T04:54:39,286  INFO [main] txn.TxnHandler: Removed transactions: ([8]) from MIN_HISTORY_LEVEL
2024-04-24T04:54:39,286  WARN [main] txn.CompactionTxnHandler: No compaction queue record found for Compaction type transaction commit. txnId:8
2024-04-24T04:54:39,286  INFO [main] ql.TxnCommandsBaseForTests: Running the query: create table nonAcidOrcTbl(a int, b int) clustered by (a) into 2 buckets stored as orc TBLPROPERTIES ('transactional'='false')
2024-04-24T04:54:39,286  INFO [main] ql.Driver: Compiling command(queryId=alex_20240424045439_bd5e93e3-3b8c-4221-a847-bcbecac78bc7): create table nonAcidOrcTbl(a int, b int) clustered by (a) into 2 buckets stored as orc TBLPROPERTIES ('transactional'='false')
2024-04-24T04:54:39,289  INFO [main] txn.TxnHandler: Added entries to MIN_HISTORY_LEVEL for current txns: ([9]) with min_open_txn: 1
2024-04-24T04:54:39,289  INFO [main] lockmgr.DbTxnManager: Opened txnid:9
2024-04-24T04:54:39,290  INFO [main] parse.CalcitePlanner: Starting caching scope for: 
2024-04-24T04:54:39,290  INFO [main] parse.CalcitePlanner: Starting Semantic Analysis
2024-04-24T04:54:39,292  INFO [main] parse.CalcitePlanner: Creating table default.nonAcidOrcTbl position=13
2024-04-24T04:54:39,293  INFO [main] HiveMetaStore.audit: ugi=alex	ip=unknown-ip-addr	cmd=get_database: default	
2024-04-24T04:54:39,295  INFO [main] parse.CalcitePlanner: Ending caching scope for: 
2024-04-24T04:54:39,295  INFO [main] ql.Driver: Semantic Analysis Completed (retrial = false)
2024-04-24T04:54:39,295  INFO [main] ql.Driver: Created Hive schema: Schema(fieldSchemas:null, properties:null)
2024-04-24T04:54:39,295  INFO [main] metadata.Hive: Dumping metastore api call timing information for : compilation phase
2024-04-24T04:54:39,295  INFO [main] metadata.Hive: Total time spent in each metastore function (ms): {getDatabase_(String)=1, openTxn_(String, TxnType)=2, isCompatibleWith_(Configuration)=0, getValidTxns_(long)=1, commitTxn_(CommitTxnRequest)=9, flushCache_()=0, getValidWriteIds_(List, String)=2}
2024-04-24T04:54:39,295  INFO [main] ql.Driver: Completed compiling command(queryId=alex_20240424045439_bd5e93e3-3b8c-4221-a847-bcbecac78bc7); Time taken: 0.009 seconds
2024-04-24T04:54:39,295  INFO [main] lockmgr.DbTxnManager: Setting lock request transaction to txnid:9 for queryId=alex_20240424045439_bd5e93e3-3b8c-4221-a847-bcbecac78bc7
2024-04-24T04:54:39,295  INFO [main] lockmgr.DbLockManager: Requesting lock for queryId=alex_20240424045439_bd5e93e3-3b8c-4221-a847-bcbecac78bc7
2024-04-24T04:54:39,308  INFO [main] lockmgr.DbLockManager: Response to queryId=alex_20240424045439_bd5e93e3-3b8c-4221-a847-bcbecac78bc7 LockResponse(lockid:3, state:ACQUIRED)
2024-04-24T04:54:39,308  INFO [main] ql.Driver: Operation CREATETABLE obtained 1 locks
2024-04-24T04:54:39,308  INFO [main] ql.Driver: Executing command(queryId=alex_20240424045439_bd5e93e3-3b8c-4221-a847-bcbecac78bc7): create table nonAcidOrcTbl(a int, b int) clustered by (a) into 2 buckets stored as orc TBLPROPERTIES ('transactional'='false')
2024-04-24T04:54:39,308  INFO [main] ql.Driver: Starting task [Stage-0:DDL] in serial mode
2024-04-24T04:54:39,309  INFO [main] HiveMetaStore.audit: ugi=alex	ip=unknown-ip-addr	cmd=create_table_req: Table(tableName:nonAcidOrcTbl, dbName:default, owner:alex, createTime:1713959679, lastAccessTime:0, retention:0, sd:StorageDescriptor(cols:[FieldSchema(name:a, type:int, comment:null), FieldSchema(name:b, type:int, comment:null)], location:null, inputFormat:org.apache.hadoop.hive.ql.io.orc.OrcInputFormat, outputFormat:org.apache.hadoop.hive.ql.io.orc.OrcOutputFormat, compressed:false, numBuckets:2, serdeInfo:SerDeInfo(name:null, serializationLib:org.apache.hadoop.hive.ql.io.orc.OrcSerde, parameters:{serialization.format=1}), bucketCols:[a], sortCols:[], parameters:{}, skewedInfo:SkewedInfo(skewedColNames:[], skewedColValues:[], skewedColValueLocationMaps:{}), storedAsSubDirectories:false), partitionKeys:[], parameters:{numRows=0, COLUMN_STATS_ACCURATE={"BASIC_STATS":"true","COLUMN_STATS":{"a":"true","b":"true"}}, rawDataSize=0, totalSize=0, numFilesErasureCoded=0, numFiles=0, transactional=false, bucketing_version=2}, viewOriginalText:null, viewExpandedText:null, tableType:MANAGED_TABLE, privileges:PrincipalPrivilegeSet(userPrivileges:{alex=[PrivilegeGrantInfo(privilege:INSERT, createTime:-1, grantor:alex, grantorType:USER, grantOption:true), PrivilegeGrantInfo(privilege:SELECT, createTime:-1, grantor:alex, grantorType:USER, grantOption:true), PrivilegeGrantInfo(privilege:UPDATE, createTime:-1, grantor:alex, grantorType:USER, grantOption:true), PrivilegeGrantInfo(privilege:DELETE, createTime:-1, grantor:alex, grantorType:USER, grantOption:true)]}, groupPrivileges:null, rolePrivileges:null), temporary:false, catName:hive, ownerType:USER)	
2024-04-24T04:54:39,314  INFO [main] utils.FileUtils: Creating directory if it doesn't exist: file:/home/alex/Repositories/hive/ql/target/tmp/org.apache.hadoop.hive.ql.TestTxnCommands3-1713959586346/warehouse/nonacidorctbl
2024-04-24T04:54:39,332  INFO [main] metadata.Hive: Dumping metastore api call timing information for : execution phase
2024-04-24T04:54:39,332  INFO [main] metadata.Hive: Total time spent in each metastore function (ms): {isCompatibleWith_(Configuration)=0, createTable_(Table)=23}
2024-04-24T04:54:39,333  INFO [main] ql.Driver: Completed executing command(queryId=alex_20240424045439_bd5e93e3-3b8c-4221-a847-bcbecac78bc7); Time taken: 0.024 seconds
2024-04-24T04:54:39,333  INFO [main] lockmgr.DbTxnManager: Stopped heartbeat for query: alex_20240424045439_bd5e93e3-3b8c-4221-a847-bcbecac78bc7
2024-04-24T04:54:39,338  INFO [main] txn.TxnHandler: Expected to move at least one record from txn_components to completed_txn_components when committing txn! txnid:9
2024-04-24T04:54:39,345  INFO [main] txn.TxnHandler: Removed transactions: ([9]) from MIN_HISTORY_LEVEL
2024-04-24T04:54:39,345  WARN [main] txn.CompactionTxnHandler: No compaction queue record found for Compaction type transaction commit. txnId:9
2024-04-24T04:54:39,346  INFO [main] ql.TxnCommandsBaseForTests: Running the query: create table nonAcidOrcTbl2(a int, b int) clustered by (a) into 2 buckets stored as orc TBLPROPERTIES ('transactional'='false')
2024-04-24T04:54:39,346  INFO [main] ql.Driver: Compiling command(queryId=alex_20240424045439_80d2ef7a-693f-4e54-a26e-392675b6393e): create table nonAcidOrcTbl2(a int, b int) clustered by (a) into 2 buckets stored as orc TBLPROPERTIES ('transactional'='false')
2024-04-24T04:54:39,349  INFO [main] txn.TxnHandler: Added entries to MIN_HISTORY_LEVEL for current txns: ([10]) with min_open_txn: 1
2024-04-24T04:54:39,349  INFO [main] lockmgr.DbTxnManager: Opened txnid:10
2024-04-24T04:54:39,350  INFO [main] parse.CalcitePlanner: Starting caching scope for: 
2024-04-24T04:54:39,350  INFO [main] parse.CalcitePlanner: Starting Semantic Analysis
2024-04-24T04:54:39,353  INFO [main] parse.CalcitePlanner: Creating table default.nonAcidOrcTbl2 position=13
2024-04-24T04:54:39,353  INFO [main] HiveMetaStore.audit: ugi=alex	ip=unknown-ip-addr	cmd=get_database: default	
2024-04-24T04:54:39,355  INFO [main] parse.CalcitePlanner: Ending caching scope for: 
2024-04-24T04:54:39,355  INFO [main] ql.Driver: Semantic Analysis Completed (retrial = false)
2024-04-24T04:54:39,355  INFO [main] ql.Driver: Created Hive schema: Schema(fieldSchemas:null, properties:null)
2024-04-24T04:54:39,355  INFO [main] metadata.Hive: Dumping metastore api call timing information for : compilation phase
2024-04-24T04:54:39,356  INFO [main] metadata.Hive: Total time spent in each metastore function (ms): {getDatabase_(String)=2, flushCache_()=1, isCompatibleWith_(Configuration)=1, openTxn_(String, TxnType)=2, getValidTxns_(long)=0, commitTxn_(CommitTxnRequest)=12, getValidWriteIds_(List, String)=2}
2024-04-24T04:54:39,356  INFO [main] ql.Driver: Completed compiling command(queryId=alex_20240424045439_80d2ef7a-693f-4e54-a26e-392675b6393e); Time taken: 0.009 seconds
2024-04-24T04:54:39,356  INFO [main] lockmgr.DbTxnManager: Setting lock request transaction to txnid:10 for queryId=alex_20240424045439_80d2ef7a-693f-4e54-a26e-392675b6393e
2024-04-24T04:54:39,356  INFO [main] lockmgr.DbLockManager: Requesting lock for queryId=alex_20240424045439_80d2ef7a-693f-4e54-a26e-392675b6393e
2024-04-24T04:54:39,372  INFO [main] lockmgr.DbLockManager: Response to queryId=alex_20240424045439_80d2ef7a-693f-4e54-a26e-392675b6393e LockResponse(lockid:4, state:ACQUIRED)
2024-04-24T04:54:39,372  INFO [main] ql.Driver: Operation CREATETABLE obtained 1 locks
2024-04-24T04:54:39,372  INFO [main] ql.Driver: Executing command(queryId=alex_20240424045439_80d2ef7a-693f-4e54-a26e-392675b6393e): create table nonAcidOrcTbl2(a int, b int) clustered by (a) into 2 buckets stored as orc TBLPROPERTIES ('transactional'='false')
2024-04-24T04:54:39,372  INFO [main] ql.Driver: Starting task [Stage-0:DDL] in serial mode
2024-04-24T04:54:39,373  INFO [main] HiveMetaStore.audit: ugi=alex	ip=unknown-ip-addr	cmd=create_table_req: Table(tableName:nonAcidOrcTbl2, dbName:default, owner:alex, createTime:1713959679, lastAccessTime:0, retention:0, sd:StorageDescriptor(cols:[FieldSchema(name:a, type:int, comment:null), FieldSchema(name:b, type:int, comment:null)], location:null, inputFormat:org.apache.hadoop.hive.ql.io.orc.OrcInputFormat, outputFormat:org.apache.hadoop.hive.ql.io.orc.OrcOutputFormat, compressed:false, numBuckets:2, serdeInfo:SerDeInfo(name:null, serializationLib:org.apache.hadoop.hive.ql.io.orc.OrcSerde, parameters:{serialization.format=1}), bucketCols:[a], sortCols:[], parameters:{}, skewedInfo:SkewedInfo(skewedColNames:[], skewedColValues:[], skewedColValueLocationMaps:{}), storedAsSubDirectories:false), partitionKeys:[], parameters:{rawDataSize=0, numFiles=0, bucketing_version=2, numFilesErasureCoded=0, totalSize=0, COLUMN_STATS_ACCURATE={"BASIC_STATS":"true","COLUMN_STATS":{"a":"true","b":"true"}}, transactional=false, numRows=0}, viewOriginalText:null, viewExpandedText:null, tableType:MANAGED_TABLE, privileges:PrincipalPrivilegeSet(userPrivileges:{alex=[PrivilegeGrantInfo(privilege:INSERT, createTime:-1, grantor:alex, grantorType:USER, grantOption:true), PrivilegeGrantInfo(privilege:SELECT, createTime:-1, grantor:alex, grantorType:USER, grantOption:true), PrivilegeGrantInfo(privilege:UPDATE, createTime:-1, grantor:alex, grantorType:USER, grantOption:true), PrivilegeGrantInfo(privilege:DELETE, createTime:-1, grantor:alex, grantorType:USER, grantOption:true)]}, groupPrivileges:null, rolePrivileges:null), temporary:false, catName:hive, ownerType:USER)	
2024-04-24T04:54:39,379  INFO [main] utils.FileUtils: Creating directory if it doesn't exist: file:/home/alex/Repositories/hive/ql/target/tmp/org.apache.hadoop.hive.ql.TestTxnCommands3-1713959586346/warehouse/nonacidorctbl2
2024-04-24T04:54:39,397  INFO [main] metadata.Hive: Dumping metastore api call timing information for : execution phase
2024-04-24T04:54:39,397  INFO [main] metadata.Hive: Total time spent in each metastore function (ms): {isCompatibleWith_(Configuration)=0, createTable_(Table)=23}
2024-04-24T04:54:39,397  INFO [main] ql.Driver: Completed executing command(queryId=alex_20240424045439_80d2ef7a-693f-4e54-a26e-392675b6393e); Time taken: 0.025 seconds
2024-04-24T04:54:39,397  INFO [main] lockmgr.DbTxnManager: Stopped heartbeat for query: alex_20240424045439_80d2ef7a-693f-4e54-a26e-392675b6393e
2024-04-24T04:54:39,401  INFO [main] txn.TxnHandler: Expected to move at least one record from txn_components to completed_txn_components when committing txn! txnid:10
2024-04-24T04:54:39,406  INFO [main] txn.TxnHandler: Removed transactions: ([10]) from MIN_HISTORY_LEVEL
2024-04-24T04:54:39,407  WARN [main] txn.CompactionTxnHandler: No compaction queue record found for Compaction type transaction commit. txnId:10
2024-04-24T04:54:39,407  INFO [main] ql.TxnCommandsBaseForTests: Running the query: create temporary  table acidTbl2(a int, b int, c int) clustered by (c) into 2 buckets stored as orc TBLPROPERTIES ('transactional'='true')
2024-04-24T04:54:39,408  INFO [main] ql.Driver: Compiling command(queryId=alex_20240424045439_7b21032a-cefd-472a-9026-5e1738a8ed44): create temporary  table acidTbl2(a int, b int, c int) clustered by (c) into 2 buckets stored as orc TBLPROPERTIES ('transactional'='true')
2024-04-24T04:54:39,410  INFO [main] txn.TxnHandler: Added entries to MIN_HISTORY_LEVEL for current txns: ([11]) with min_open_txn: 1
2024-04-24T04:54:39,410  INFO [main] lockmgr.DbTxnManager: Opened txnid:11
2024-04-24T04:54:39,411  INFO [main] parse.CalcitePlanner: Starting caching scope for: 
2024-04-24T04:54:39,411  INFO [main] parse.CalcitePlanner: Starting Semantic Analysis
2024-04-24T04:54:39,414  INFO [main] parse.CalcitePlanner: Creating table default.acidTbl2 position=24
2024-04-24T04:54:39,415  INFO [main] HiveMetaStore.audit: ugi=alex	ip=unknown-ip-addr	cmd=get_database: default	
2024-04-24T04:54:39,417  INFO [main] parse.CalcitePlanner: Ending caching scope for: 
2024-04-24T04:54:39,417  INFO [main] ql.Driver: Semantic Analysis Completed (retrial = false)
2024-04-24T04:54:39,417  INFO [main] ql.Driver: Created Hive schema: Schema(fieldSchemas:null, properties:null)
2024-04-24T04:54:39,417  INFO [main] metadata.Hive: Dumping metastore api call timing information for : compilation phase
2024-04-24T04:54:39,417  INFO [main] metadata.Hive: Total time spent in each metastore function (ms): {getDatabase_(String)=3, openTxn_(String, TxnType)=2, getValidWriteIds_(List, String)=3, commitTxn_(CommitTxnRequest)=10, isCompatibleWith_(Configuration)=0, getValidTxns_(long)=0, flushCache_()=0}
2024-04-24T04:54:39,417  INFO [main] ql.Driver: Completed compiling command(queryId=alex_20240424045439_7b21032a-cefd-472a-9026-5e1738a8ed44); Time taken: 0.009 seconds
2024-04-24T04:54:39,417  INFO [main] lockmgr.DbTxnManager: Setting lock request transaction to txnid:11 for queryId=alex_20240424045439_7b21032a-cefd-472a-9026-5e1738a8ed44
2024-04-24T04:54:39,418  INFO [main] lockmgr.DbLockManager: Requesting lock for queryId=alex_20240424045439_7b21032a-cefd-472a-9026-5e1738a8ed44
2024-04-24T04:54:39,431  INFO [main] lockmgr.DbLockManager: Response to queryId=alex_20240424045439_7b21032a-cefd-472a-9026-5e1738a8ed44 LockResponse(lockid:5, state:ACQUIRED)
2024-04-24T04:54:39,431  INFO [main] ql.Driver: Operation CREATETABLE obtained 1 locks
2024-04-24T04:54:39,432  INFO [main] ql.Driver: Executing command(queryId=alex_20240424045439_7b21032a-cefd-472a-9026-5e1738a8ed44): create temporary  table acidTbl2(a int, b int, c int) clustered by (c) into 2 buckets stored as orc TBLPROPERTIES ('transactional'='true')
2024-04-24T04:54:39,432  INFO [main] ql.Driver: Starting task [Stage-0:DDL] in serial mode
2024-04-24T04:54:39,433  INFO [main] utils.FileUtils: Creating directory if it doesn't exist: file:/home/alex/Repositories/hive/ql/target/tmp/scratchdir/alex/fbcf9b3f-a387-4632-acda-ff2b32f494df/_tmp_space.db/0373adf9-679e-4bfa-ac6d-5434099e3325
2024-04-24T04:54:39,436  INFO [main] metadata.Hive: Dumping metastore api call timing information for : execution phase
2024-04-24T04:54:39,436  INFO [main] metadata.Hive: Total time spent in each metastore function (ms): {isCompatibleWith_(Configuration)=0, createTable_(Table)=2}
2024-04-24T04:54:39,436  INFO [main] ql.Driver: Completed executing command(queryId=alex_20240424045439_7b21032a-cefd-472a-9026-5e1738a8ed44); Time taken: 0.004 seconds
2024-04-24T04:54:39,436  INFO [main] lockmgr.DbTxnManager: Stopped heartbeat for query: alex_20240424045439_7b21032a-cefd-472a-9026-5e1738a8ed44
2024-04-24T04:54:39,441  INFO [main] txn.TxnHandler: Expected to move at least one record from txn_components to completed_txn_components when committing txn! txnid:11
2024-04-24T04:54:39,447  INFO [main] txn.TxnHandler: Removed transactions: ([11]) from MIN_HISTORY_LEVEL
2024-04-24T04:54:39,447  WARN [main] txn.CompactionTxnHandler: No compaction queue record found for Compaction type transaction commit. txnId:11
2024-04-24T04:54:39,448  INFO [main] ql.TxnCommandsBaseForTests: Running the query: create table nonAcidNonBucket(a int, b int) stored as orc TBLPROPERTIES ('transactional'='false')
2024-04-24T04:54:39,448  INFO [main] ql.Driver: Compiling command(queryId=alex_20240424045439_26418590-3020-4bde-a306-5725335b5b62): create table nonAcidNonBucket(a int, b int) stored as orc TBLPROPERTIES ('transactional'='false')
2024-04-24T04:54:39,451  INFO [main] txn.TxnHandler: Added entries to MIN_HISTORY_LEVEL for current txns: ([12]) with min_open_txn: 1
2024-04-24T04:54:39,452  INFO [main] lockmgr.DbTxnManager: Opened txnid:12
2024-04-24T04:54:39,452  INFO [main] parse.CalcitePlanner: Starting caching scope for: 
2024-04-24T04:54:39,452  INFO [main] parse.CalcitePlanner: Starting Semantic Analysis
2024-04-24T04:54:39,455  INFO [main] parse.CalcitePlanner: Creating table default.nonAcidNonBucket position=13
2024-04-24T04:54:39,456  INFO [main] HiveMetaStore.audit: ugi=alex	ip=unknown-ip-addr	cmd=get_database: default	
2024-04-24T04:54:39,458  INFO [main] parse.CalcitePlanner: Ending caching scope for: 
2024-04-24T04:54:39,458  INFO [main] ql.Driver: Semantic Analysis Completed (retrial = false)
2024-04-24T04:54:39,458  INFO [main] ql.Driver: Created Hive schema: Schema(fieldSchemas:null, properties:null)
2024-04-24T04:54:39,458  INFO [main] metadata.Hive: Dumping metastore api call timing information for : compilation phase
2024-04-24T04:54:39,458  INFO [main] metadata.Hive: Total time spent in each metastore function (ms): {getDatabase_(String)=3, openTxn_(String, TxnType)=3, getValidWriteIds_(List, String)=2, flushCache_()=0, getValidTxns_(long)=0, isCompatibleWith_(Configuration)=1, commitTxn_(CommitTxnRequest)=11}
2024-04-24T04:54:39,458  INFO [main] ql.Driver: Completed compiling command(queryId=alex_20240424045439_26418590-3020-4bde-a306-5725335b5b62); Time taken: 0.01 seconds
2024-04-24T04:54:39,459  INFO [main] lockmgr.DbTxnManager: Setting lock request transaction to txnid:12 for queryId=alex_20240424045439_26418590-3020-4bde-a306-5725335b5b62
2024-04-24T04:54:39,459  INFO [main] lockmgr.DbLockManager: Requesting lock for queryId=alex_20240424045439_26418590-3020-4bde-a306-5725335b5b62
2024-04-24T04:54:39,475  INFO [main] lockmgr.DbLockManager: Response to queryId=alex_20240424045439_26418590-3020-4bde-a306-5725335b5b62 LockResponse(lockid:6, state:ACQUIRED)
2024-04-24T04:54:39,475  INFO [main] ql.Driver: Operation CREATETABLE obtained 1 locks
2024-04-24T04:54:39,475  INFO [main] ql.Driver: Executing command(queryId=alex_20240424045439_26418590-3020-4bde-a306-5725335b5b62): create table nonAcidNonBucket(a int, b int) stored as orc TBLPROPERTIES ('transactional'='false')
2024-04-24T04:54:39,475  INFO [main] ql.Driver: Starting task [Stage-0:DDL] in serial mode
2024-04-24T04:54:39,477  INFO [main] HiveMetaStore.audit: ugi=alex	ip=unknown-ip-addr	cmd=create_table_req: Table(tableName:nonAcidNonBucket, dbName:default, owner:alex, createTime:1713959679, lastAccessTime:0, retention:0, sd:StorageDescriptor(cols:[FieldSchema(name:a, type:int, comment:null), FieldSchema(name:b, type:int, comment:null)], location:null, inputFormat:org.apache.hadoop.hive.ql.io.orc.OrcInputFormat, outputFormat:org.apache.hadoop.hive.ql.io.orc.OrcOutputFormat, compressed:false, numBuckets:-1, serdeInfo:SerDeInfo(name:null, serializationLib:org.apache.hadoop.hive.ql.io.orc.OrcSerde, parameters:{serialization.format=1}), bucketCols:[], sortCols:[], parameters:{}, skewedInfo:SkewedInfo(skewedColNames:[], skewedColValues:[], skewedColValueLocationMaps:{}), storedAsSubDirectories:false), partitionKeys:[], parameters:{numFiles=0, numRows=0, numFilesErasureCoded=0, transactional=false, totalSize=0, bucketing_version=2, rawDataSize=0, COLUMN_STATS_ACCURATE={"BASIC_STATS":"true","COLUMN_STATS":{"a":"true","b":"true"}}}, viewOriginalText:null, viewExpandedText:null, tableType:MANAGED_TABLE, privileges:PrincipalPrivilegeSet(userPrivileges:{alex=[PrivilegeGrantInfo(privilege:INSERT, createTime:-1, grantor:alex, grantorType:USER, grantOption:true), PrivilegeGrantInfo(privilege:SELECT, createTime:-1, grantor:alex, grantorType:USER, grantOption:true), PrivilegeGrantInfo(privilege:UPDATE, createTime:-1, grantor:alex, grantorType:USER, grantOption:true), PrivilegeGrantInfo(privilege:DELETE, createTime:-1, grantor:alex, grantorType:USER, grantOption:true)]}, groupPrivileges:null, rolePrivileges:null), temporary:false, catName:hive, ownerType:USER)	
2024-04-24T04:54:39,482  INFO [main] utils.FileUtils: Creating directory if it doesn't exist: file:/home/alex/Repositories/hive/ql/target/tmp/org.apache.hadoop.hive.ql.TestTxnCommands3-1713959586346/warehouse/nonacidnonbucket
2024-04-24T04:54:39,499  INFO [main] metadata.Hive: Dumping metastore api call timing information for : execution phase
2024-04-24T04:54:39,499  INFO [main] metadata.Hive: Total time spent in each metastore function (ms): {isCompatibleWith_(Configuration)=1, createTable_(Table)=23}
2024-04-24T04:54:39,500  INFO [main] ql.Driver: Completed executing command(queryId=alex_20240424045439_26418590-3020-4bde-a306-5725335b5b62); Time taken: 0.024 seconds
2024-04-24T04:54:39,500  INFO [main] lockmgr.DbTxnManager: Stopped heartbeat for query: alex_20240424045439_26418590-3020-4bde-a306-5725335b5b62
2024-04-24T04:54:39,503  INFO [main] txn.TxnHandler: Expected to move at least one record from txn_components to completed_txn_components when committing txn! txnid:12
2024-04-24T04:54:39,509  INFO [main] txn.TxnHandler: Removed transactions: ([12]) from MIN_HISTORY_LEVEL
2024-04-24T04:54:39,509  WARN [main] txn.CompactionTxnHandler: No compaction queue record found for Compaction type transaction commit. txnId:12
2024-04-24T04:54:39,510  INFO [main] ql.Driver: Compiling command(queryId=alex_20240424045439_9be6d7c1-af67-4d45-8c3b-5d3934291566): drop table if exists T
2024-04-24T04:54:39,513  INFO [main] txn.TxnHandler: Added entries to MIN_HISTORY_LEVEL for current txns: ([13]) with min_open_txn: 1
2024-04-24T04:54:39,513  INFO [main] lockmgr.DbTxnManager: Opened txnid:13
2024-04-24T04:54:39,514  INFO [main] HiveMetaStore.audit: ugi=alex	ip=unknown-ip-addr	cmd=get_table : tbl=hive.default.T	
2024-04-24T04:54:39,533  INFO [main] metastore.HMSHandler: Skipping translation for processor with null
2024-04-24T04:54:39,533  INFO [main] ql.Driver: Semantic Analysis Completed (retrial = false)
2024-04-24T04:54:39,533  INFO [main] ql.Driver: Created Hive schema: Schema(fieldSchemas:null, properties:null)
2024-04-24T04:54:39,533  INFO [main] metadata.Hive: Dumping metastore api call timing information for : compilation phase
2024-04-24T04:54:39,533  INFO [main] metadata.Hive: Total time spent in each metastore function (ms): {openTxn_(String, TxnType)=2, isCompatibleWith_(Configuration)=1, flushCache_()=0, commitTxn_(CommitTxnRequest)=9, getTable_(GetTableRequest)=19, getValidTxns_(long)=1}
2024-04-24T04:54:39,533  INFO [main] ql.Driver: Completed compiling command(queryId=alex_20240424045439_9be6d7c1-af67-4d45-8c3b-5d3934291566); Time taken: 0.023 seconds
2024-04-24T04:54:39,533  INFO [main] lockmgr.DbTxnManager: Setting lock request transaction to txnid:13 for queryId=alex_20240424045439_9be6d7c1-af67-4d45-8c3b-5d3934291566
2024-04-24T04:54:39,534  INFO [main] lockmgr.DbLockManager: Requesting lock for queryId=alex_20240424045439_9be6d7c1-af67-4d45-8c3b-5d3934291566
2024-04-24T04:54:39,553  INFO [main] lockmgr.DbLockManager: Response to queryId=alex_20240424045439_9be6d7c1-af67-4d45-8c3b-5d3934291566 LockResponse(lockid:7, state:ACQUIRED)
2024-04-24T04:54:39,553  INFO [main] ql.Driver: Operation DROPTABLE obtained 1 locks
2024-04-24T04:54:39,553  INFO [main] ql.Driver: Executing command(queryId=alex_20240424045439_9be6d7c1-af67-4d45-8c3b-5d3934291566): drop table if exists T
2024-04-24T04:54:39,553  INFO [main] ql.Driver: Starting task [Stage-0:DDL] in serial mode
2024-04-24T04:54:39,553  INFO [main] HiveMetaStore.audit: ugi=alex	ip=unknown-ip-addr	cmd=get_table : tbl=hive.default.T	
2024-04-24T04:54:39,562  INFO [main] metastore.HMSHandler: Skipping translation for processor with null
2024-04-24T04:54:39,562  INFO [main] HiveMetaStore.audit: ugi=alex	ip=unknown-ip-addr	cmd=get_table : tbl=hive.default.T	
2024-04-24T04:54:39,570  INFO [main] metastore.HMSHandler: Skipping translation for processor with null
2024-04-24T04:54:39,570  INFO [main] HiveMetaStore.audit: ugi=alex	ip=unknown-ip-addr	cmd=drop_table : tbl=hive.default.T	
2024-04-24T04:54:39,678  WARN [main] utils.FileUtils: File file:/home/alex/Repositories/hive/ql/target/tmp/org.apache.hadoop.hive.ql.TestTxnCommands3-1713959586346/warehouse/t does not exist; Force to delete it.
2024-04-24T04:54:39,678 ERROR [main] utils.FileUtils: Failed to delete file:/home/alex/Repositories/hive/ql/target/tmp/org.apache.hadoop.hive.ql.TestTxnCommands3-1713959586346/warehouse/t
2024-04-24T04:54:39,679  INFO [main] metadata.Hive: Dumping metastore api call timing information for : execution phase
2024-04-24T04:54:39,679  INFO [main] metadata.Hive: Total time spent in each metastore function (ms): {getTable_(GetTableRequest)=9, isCompatibleWith_(Configuration)=0, dropTable_(String, String, boolean, boolean, boolean)=117}
2024-04-24T04:54:39,679  INFO [main] ql.Driver: Completed executing command(queryId=alex_20240424045439_9be6d7c1-af67-4d45-8c3b-5d3934291566); Time taken: 0.126 seconds
2024-04-24T04:54:39,679  INFO [main] lockmgr.DbTxnManager: Stopped heartbeat for query: alex_20240424045439_9be6d7c1-af67-4d45-8c3b-5d3934291566
2024-04-24T04:54:39,684  INFO [main] txn.TxnHandler: Expected to move at least one record from txn_components to completed_txn_components when committing txn! txnid:13
2024-04-24T04:54:39,690  INFO [main] txn.TxnHandler: Removed transactions: ([13]) from MIN_HISTORY_LEVEL
2024-04-24T04:54:39,690  WARN [main] txn.CompactionTxnHandler: No compaction queue record found for Compaction type transaction commit. txnId:13
2024-04-24T04:54:39,691  INFO [main] ql.TxnCommandsBaseForTests: Running the query: create table T (a int, b int) stored as orc
2024-04-24T04:54:39,691  INFO [main] ql.Driver: Compiling command(queryId=alex_20240424045439_50ca670c-05d6-4147-9780-e575ab4845ea): create table T (a int, b int) stored as orc
2024-04-24T04:54:39,693  INFO [main] txn.TxnHandler: Added entries to MIN_HISTORY_LEVEL for current txns: ([14]) with min_open_txn: 1
2024-04-24T04:54:39,694  INFO [main] lockmgr.DbTxnManager: Opened txnid:14
2024-04-24T04:54:39,695  INFO [main] parse.CalcitePlanner: Starting caching scope for: 
2024-04-24T04:54:39,695  INFO [main] parse.CalcitePlanner: Starting Semantic Analysis
2024-04-24T04:54:39,701  INFO [main] parse.CalcitePlanner: Creating table default.T position=13
2024-04-24T04:54:39,701  INFO [main] parse.CalcitePlanner: Automatically chose to make default.T acid.
2024-04-24T04:54:39,702  INFO [main] HiveMetaStore.audit: ugi=alex	ip=unknown-ip-addr	cmd=get_database: default	
2024-04-24T04:54:39,704  INFO [main] parse.CalcitePlanner: Ending caching scope for: 
2024-04-24T04:54:39,704  INFO [main] ql.Driver: Semantic Analysis Completed (retrial = false)
2024-04-24T04:54:39,704  INFO [main] ql.Driver: Created Hive schema: Schema(fieldSchemas:null, properties:null)
2024-04-24T04:54:39,704  INFO [main] metadata.Hive: Dumping metastore api call timing information for : compilation phase
2024-04-24T04:54:39,704  INFO [main] metadata.Hive: Total time spent in each metastore function (ms): {flushCache_()=1, isCompatibleWith_(Configuration)=1, getValidWriteIds_(List, String)=6, getDatabase_(String)=3, getValidTxns_(long)=1, commitTxn_(CommitTxnRequest)=10, openTxn_(String, TxnType)=2}
2024-04-24T04:54:39,704  INFO [main] ql.Driver: Completed compiling command(queryId=alex_20240424045439_50ca670c-05d6-4147-9780-e575ab4845ea); Time taken: 0.013 seconds
2024-04-24T04:54:39,704  INFO [main] lockmgr.DbTxnManager: Setting lock request transaction to txnid:14 for queryId=alex_20240424045439_50ca670c-05d6-4147-9780-e575ab4845ea
2024-04-24T04:54:39,705  INFO [main] lockmgr.DbLockManager: Requesting lock for queryId=alex_20240424045439_50ca670c-05d6-4147-9780-e575ab4845ea
2024-04-24T04:54:39,718  INFO [main] lockmgr.DbLockManager: Response to queryId=alex_20240424045439_50ca670c-05d6-4147-9780-e575ab4845ea LockResponse(lockid:8, state:ACQUIRED)
2024-04-24T04:54:39,718  INFO [main] ql.Driver: Operation CREATETABLE obtained 1 locks
2024-04-24T04:54:39,719  INFO [main] ql.Driver: Executing command(queryId=alex_20240424045439_50ca670c-05d6-4147-9780-e575ab4845ea): create table T (a int, b int) stored as orc
2024-04-24T04:54:39,719  INFO [main] ql.Driver: Starting task [Stage-0:DDL] in serial mode
2024-04-24T04:54:39,721  INFO [main] HiveMetaStore.audit: ugi=alex	ip=unknown-ip-addr	cmd=create_table_req: Table(tableName:T, dbName:default, owner:alex, createTime:1713959679, lastAccessTime:0, retention:0, sd:StorageDescriptor(cols:[FieldSchema(name:a, type:int, comment:null), FieldSchema(name:b, type:int, comment:null)], location:null, inputFormat:org.apache.hadoop.hive.ql.io.orc.OrcInputFormat, outputFormat:org.apache.hadoop.hive.ql.io.orc.OrcOutputFormat, compressed:false, numBuckets:-1, serdeInfo:SerDeInfo(name:null, serializationLib:org.apache.hadoop.hive.ql.io.orc.OrcSerde, parameters:{serialization.format=1}), bucketCols:[], sortCols:[], parameters:{}, skewedInfo:SkewedInfo(skewedColNames:[], skewedColValues:[], skewedColValueLocationMaps:{}), storedAsSubDirectories:false), partitionKeys:[], parameters:{numFiles=0, rawDataSize=0, transactional=true, COLUMN_STATS_ACCURATE={"BASIC_STATS":"true","COLUMN_STATS":{"a":"true","b":"true"}}, numFilesErasureCoded=0, numRows=0, totalSize=0, bucketing_version=2, transactional_properties=default}, viewOriginalText:null, viewExpandedText:null, tableType:MANAGED_TABLE, privileges:PrincipalPrivilegeSet(userPrivileges:{alex=[PrivilegeGrantInfo(privilege:INSERT, createTime:-1, grantor:alex, grantorType:USER, grantOption:true), PrivilegeGrantInfo(privilege:SELECT, createTime:-1, grantor:alex, grantorType:USER, grantOption:true), PrivilegeGrantInfo(privilege:UPDATE, createTime:-1, grantor:alex, grantorType:USER, grantOption:true), PrivilegeGrantInfo(privilege:DELETE, createTime:-1, grantor:alex, grantorType:USER, grantOption:true)]}, groupPrivileges:null, rolePrivileges:null), temporary:false, catName:hive, ownerType:USER, writeId:0)	
2024-04-24T04:54:39,727  INFO [main] utils.FileUtils: Creating directory if it doesn't exist: file:/home/alex/Repositories/hive/ql/target/tmp/org.apache.hadoop.hive.ql.TestTxnCommands3-1713959586346/warehouse/t
2024-04-24T04:54:39,754  INFO [main] metadata.Hive: Dumping metastore api call timing information for : execution phase
2024-04-24T04:54:39,754  INFO [main] metadata.Hive: Total time spent in each metastore function (ms): {isCompatibleWith_(Configuration)=0, createTable_(Table)=34}
2024-04-24T04:54:39,755  INFO [main] ql.Driver: Completed executing command(queryId=alex_20240424045439_50ca670c-05d6-4147-9780-e575ab4845ea); Time taken: 0.035 seconds
2024-04-24T04:54:39,755  INFO [main] lockmgr.DbTxnManager: Stopped heartbeat for query: alex_20240424045439_50ca670c-05d6-4147-9780-e575ab4845ea
2024-04-24T04:54:39,758  INFO [main] txn.TxnHandler: Expected to move at least one record from txn_components to completed_txn_components when committing txn! txnid:14
2024-04-24T04:54:39,763  INFO [main] txn.TxnHandler: Removed transactions: ([14]) from MIN_HISTORY_LEVEL
2024-04-24T04:54:39,764  WARN [main] txn.CompactionTxnHandler: No compaction queue record found for Compaction type transaction commit. txnId:14
2024-04-24T04:54:39,765  INFO [main] ql.TxnCommandsBaseForTests: Running the query: insert into T values(0,2)
2024-04-24T04:54:39,765  INFO [main] ql.Driver: Compiling command(queryId=alex_20240424045439_265a0cc9-c8fe-40b6-806d-d8c34e9a90c2): insert into T values(0,2)
2024-04-24T04:54:39,768  INFO [main] txn.TxnHandler: Added entries to MIN_HISTORY_LEVEL for current txns: ([15]) with min_open_txn: 1
2024-04-24T04:54:39,768  INFO [main] lockmgr.DbTxnManager: Opened txnid:15
2024-04-24T04:54:39,769  INFO [main] parse.CalcitePlanner: Starting caching scope for: 
2024-04-24T04:54:39,769  INFO [main] parse.CalcitePlanner: Starting Semantic Analysis
2024-04-24T04:54:39,773  INFO [main] HiveMetaStore.audit: ugi=alex	ip=unknown-ip-addr	cmd=get_table : tbl=hive.default.T	
2024-04-24T04:54:39,780  INFO [main] metastore.HMSHandler: Skipping translation for processor with null
2024-04-24T04:54:39,781  INFO [main] parse.CalcitePlanner: Completed phase 1 of Semantic Analysis
2024-04-24T04:54:39,781  INFO [main] parse.CalcitePlanner: Get metadata for source tables
2024-04-24T04:54:39,781  INFO [main] parse.CalcitePlanner: Get metadata for subqueries
2024-04-24T04:54:39,781  INFO [main] parse.CalcitePlanner: Get metadata for destination tables
2024-04-24T04:54:39,781  INFO [main] HiveMetaStore.audit: ugi=alex	ip=unknown-ip-addr	cmd=get_table : tbl=hive.default.T	
2024-04-24T04:54:39,788  INFO [main] metastore.HMSHandler: Skipping translation for processor with null
2024-04-24T04:54:39,788  INFO [main] parse.CalcitePlanner: Completed getting MetaData in Semantic Analysis
2024-04-24T04:54:39,788  INFO [main] parse.CalcitePlanner: Disabling LLAP IO encode as ETL query is detected
2024-04-24T04:54:39,809  INFO [main] HiveMetaStore.audit: ugi=alex	ip=unknown-ip-addr	cmd=get_all_table_constraints : tbl=hive._dummy_database._dummy_table	
2024-04-24T04:54:39,883  INFO [main] parse.CalcitePlanner: Get metadata for source tables
2024-04-24T04:54:39,883  INFO [main] parse.CalcitePlanner: Get metadata for subqueries
2024-04-24T04:54:39,883  INFO [main] parse.CalcitePlanner: Get metadata for source tables
2024-04-24T04:54:39,884  INFO [main] HiveMetaStore.audit: ugi=alex	ip=unknown-ip-addr	cmd=get_table : tbl=hive._dummy_database._dummy_table	
2024-04-24T04:54:39,887  INFO [main] parse.CalcitePlanner: Get metadata for subqueries
2024-04-24T04:54:39,887  INFO [main] parse.CalcitePlanner: Get metadata for destination tables
2024-04-24T04:54:39,887  INFO [main] parse.CalcitePlanner: Get metadata for destination tables
2024-04-24T04:54:39,887  INFO [main] HiveMetaStore.audit: ugi=alex	ip=unknown-ip-addr	cmd=get_table : tbl=hive.default.T	
2024-04-24T04:54:39,896  INFO [main] metastore.HMSHandler: Skipping translation for processor with null
2024-04-24T04:54:39,898  INFO [main] HiveMetaStore.audit: ugi=alex	ip=unknown-ip-addr	cmd=get_not_null_constraints : tbl=hive.default.t	
2024-04-24T04:54:39,900  INFO [main] HiveMetaStore.audit: ugi=alex	ip=unknown-ip-addr	cmd=get_check_constraints : tbl=hive.default.t	
2024-04-24T04:54:39,907  INFO [main] txn.TxnHandler: Allocated writeId: 1 for txnId: 15
2024-04-24T04:54:39,907  INFO [main] txn.TxnHandler: Allocated write ids for dbName=default, tblName=t (txnIds: [15])
2024-04-24T04:54:39,912  INFO [main] parse.CalcitePlanner: CBO Succeeded; optimized logical plan.
2024-04-24T04:54:39,915  INFO [main] optimizer.BucketVersionPopulator: not considering bucketingVersion for: TS[0] because it has -1<2 buckets 
2024-04-24T04:54:39,915  INFO [main] optimizer.SortedDynPartitionOptimizer: Sorted dynamic partitioning optimization kicked in..
2024-04-24T04:54:39,924  INFO [main] HiveMetaStore.audit: ugi=alex	ip=unknown-ip-addr	cmd=get_table : tbl=hive.default.t	
2024-04-24T04:54:39,931  INFO [main] metastore.HMSHandler: Skipping translation for processor with null
2024-04-24T04:54:39,932  INFO [main] physical.Vectorizer: Examining input format to see if vectorization is enabled.
2024-04-24T04:54:39,933  INFO [main] physical.Vectorizer: Map vectorization enabled: false
2024-04-24T04:54:39,933  INFO [main] physical.Vectorizer: Map vectorized: false
2024-04-24T04:54:39,933  INFO [main] physical.Vectorizer: Map vectorizedVertexNum: 0
2024-04-24T04:54:39,933  INFO [main] physical.Vectorizer: Map enabledConditionsMet: [hive.vectorized.use.vectorized.input.format IS true]
2024-04-24T04:54:39,933  INFO [main] physical.Vectorizer: Map enabledConditionsNotMet: [Could not enable vectorization due to partition column names size 1 is greater than the number of table column names size 0 IS false]
2024-04-24T04:54:39,933  INFO [main] physical.Vectorizer: Map inputFileFormatClassNameSet: [org.apache.hadoop.hive.ql.io.NullRowsInputFormat]
2024-04-24T04:54:39,933  INFO [main] parse.CalcitePlanner: Completed plan generation
2024-04-24T04:54:39,933  INFO [main] parse.CalcitePlanner: Ending caching scope for: 
2024-04-24T04:54:39,933  INFO [main] ql.Driver: Semantic Analysis Completed (retrial = false)
2024-04-24T04:54:39,933  INFO [main] ql.Driver: Created Hive schema: Schema(fieldSchemas:[FieldSchema(name:col1, type:int, comment:null), FieldSchema(name:col2, type:int, comment:null)], properties:null)
2024-04-24T04:54:39,933  INFO [main] metadata.Hive: Dumping metastore api call timing information for : compilation phase
2024-04-24T04:54:39,933  INFO [main] metadata.Hive: Total time spent in each metastore function (ms): {getAllTableConstraints_(AllTableConstraintsRequest)=27, flushCache_()=0, getValidTxns_(long)=1, isCompatibleWith_(Configuration)=3, openTxn_(String, TxnType)=2, getValidWriteIds_(List, String)=3, getCheckConstraints_(CheckConstraintsRequest)=1, getTable_(GetTableRequest)=34, allocateTableWriteId_(long, String, String)=11, getNotNullConstraints_(NotNullConstraintsRequest)=2, commitTxn_(CommitTxnRequest)=9}
2024-04-24T04:54:39,933  INFO [main] ql.Driver: Completed compiling command(queryId=alex_20240424045439_265a0cc9-c8fe-40b6-806d-d8c34e9a90c2); Time taken: 0.168 seconds
2024-04-24T04:54:39,934  INFO [main] lockmgr.DbTxnManager: Setting lock request transaction to txnid:15 for queryId=alex_20240424045439_265a0cc9-c8fe-40b6-806d-d8c34e9a90c2
2024-04-24T04:54:39,934  INFO [main] lockmgr.DbLockManager: Requesting lock for queryId=alex_20240424045439_265a0cc9-c8fe-40b6-806d-d8c34e9a90c2
2024-04-24T04:54:39,954  INFO [main] lockmgr.DbLockManager: Response to queryId=alex_20240424045439_265a0cc9-c8fe-40b6-806d-d8c34e9a90c2 LockResponse(lockid:9, state:ACQUIRED)
2024-04-24T04:54:39,954  INFO [main] ql.Driver: Operation QUERY obtained 1 locks
2024-04-24T04:54:39,956  INFO [main] ql.Driver: Executing command(queryId=alex_20240424045439_265a0cc9-c8fe-40b6-806d-d8c34e9a90c2): insert into T values(0,2)
2024-04-24T04:54:39,956  WARN [main] ql.Driver: Hive-on-MR is deprecated in Hive 2 and may not be available in the future versions. Consider using a different execution engine (i.e. tez, spark) or using Hive 1.X releases.
Query ID = alex_20240424045439_265a0cc9-c8fe-40b6-806d-d8c34e9a90c2
2024-04-24T04:54:39,957  INFO [main] ql.Driver: Query ID = alex_20240424045439_265a0cc9-c8fe-40b6-806d-d8c34e9a90c2
Total jobs = 1
2024-04-24T04:54:39,957  INFO [main] ql.Driver: Total jobs = 1
Launching Job 1 out of 1
2024-04-24T04:54:39,957  INFO [main] ql.Driver: Launching Job 1 out of 1
2024-04-24T04:54:40,083  INFO [main] ql.Driver: Starting task [Stage-1:MAPRED] in serial mode
Number of reduce tasks is set to 0 since there's no reduce operator
2024-04-24T04:54:40,083  INFO [main] exec.Task: Number of reduce tasks is set to 0 since there's no reduce operator
2024-04-24T04:54:40,085  INFO [main] mr.ExecDriver: Using org.apache.hadoop.hive.ql.io.HiveInputFormat
2024-04-24T04:54:40,085  INFO [main] exec.Utilities: Processing alias $hdt$_0:_dummy_table
2024-04-24T04:54:40,085  INFO [main] exec.Utilities: Adding 1 inputs; the first input is file:/home/alex/Repositories/hive/ql/target/tmp/localscratchdir/fbcf9b3f-a387-4632-acda-ff2b32f494df/hive_2024-04-24_04-54-39_765_535852023179513451-1/dummy_path
2024-04-24T04:54:40,094  INFO [main] exec.SerializationUtilities: Serializing MapWork using kryo
2024-04-24T04:54:40,095  INFO [main] exec.Utilities: Serialized plan (via FILE) - name: null size: 5,69KB
2024-04-24T04:54:40,096  WARN [main] impl.MetricsSystemImpl: JobTracker metrics system already initialized!
2024-04-24T04:54:40,099  INFO [main] fs.FSStatsPublisher: created : file:/home/alex/Repositories/hive/ql/target/tmp/localscratchdir/fbcf9b3f-a387-4632-acda-ff2b32f494df/hive_2024-04-24_04-54-39_765_535852023179513451-1/-mr-10000
2024-04-24T04:54:40,101  WARN [main] impl.MetricsSystemImpl: JobTracker metrics system already initialized!
2024-04-24T04:54:40,108  WARN [main] mapreduce.JobResourceUploader: Hadoop command-line option parsing not performed. Implement the Tool interface and execute your application with ToolRunner to remedy this.
2024-04-24T04:54:40,113  WARN [main] mapreduce.JobResourceUploader: No job jar file set.  User classes may not be found. See Job or Job#setJar(String).
2024-04-24T04:54:40,114  INFO [main] io.HiveInputFormat: hive.io.file.readcolumn.ids = 
2024-04-24T04:54:40,114  INFO [main] io.HiveInputFormat: hive.io.file.readcolumn.names = 
2024-04-24T04:54:40,114  INFO [main] io.HiveInputFormat: Generating splits for dirs: file:/home/alex/Repositories/hive/ql/target/tmp/localscratchdir/fbcf9b3f-a387-4632-acda-ff2b32f494df/hive_2024-04-24_04-54-39_765_535852023179513451-1/dummy_path
2024-04-24T04:54:40,115  INFO [main] io.HiveInputFormat: number of splits 1
2024-04-24T04:54:40,132  INFO [main] mapreduce.JobSubmitter: number of splits:1
2024-04-24T04:54:40,149  INFO [main] mapreduce.JobSubmitter: Submitting tokens for job: job_local986565625_0028
2024-04-24T04:54:40,149  INFO [main] mapreduce.JobSubmitter: Executing with tokens: []
2024-04-24T04:54:40,208  INFO [main] mapreduce.Job: The url to track the job: http://localhost:8080/
Job running in-process (local Hadoop)
2024-04-24T04:54:40,208  INFO [main] exec.Task: Job running in-process (local Hadoop)
2024-04-24T04:54:40,209  INFO [Thread-1969] mapred.LocalJobRunner: OutputCommitter set in config org.apache.hadoop.hive.ql.io.HiveFileFormatUtils$NullOutputCommitter
2024-04-24T04:54:40,209  INFO [Thread-1969] mapred.LocalJobRunner: OutputCommitter is org.apache.hadoop.hive.ql.io.HiveFileFormatUtils$NullOutputCommitter
2024-04-24T04:54:40,210  INFO [Thread-1969] mapred.LocalJobRunner: Waiting for map tasks
2024-04-24T04:54:40,210  INFO [LocalJobRunner Map Task Executor #0] mapred.LocalJobRunner: Starting task: attempt_local986565625_0028_m_000000_0
2024-04-24T04:54:40,213  INFO [LocalJobRunner Map Task Executor #0] mapred.Task:  Using ResourceCalculatorProcessTree : [ ]
2024-04-24T04:54:40,213  INFO [LocalJobRunner Map Task Executor #0] mapred.MapTask: Processing split: org.apache.hadoop.hive.ql.io.NullRowsInputFormat:file:/home/alex/Repositories/hive/ql/target/tmp/localscratchdir/fbcf9b3f-a387-4632-acda-ff2b32f494df/hive_2024-04-24_04-54-39_765_535852023179513451-1/dummy_path/null:0+1
2024-04-24T04:54:40,216  INFO [LocalJobRunner Map Task Executor #0] exec.SerializationUtilities: Deserializing MapWork using kryo
2024-04-24T04:54:40,216  INFO [LocalJobRunner Map Task Executor #0] exec.Utilities: Deserialized plan (via FILE) - name: null size: 5,69KB
2024-04-24T04:54:40,216  INFO [LocalJobRunner Map Task Executor #0] mapred.MapTask: numReduceTasks: 0
2024-04-24T04:54:40,218  INFO [LocalJobRunner Map Task Executor #0] exec.MapOperator: Initializing Operator: MAP[0]
2024-04-24T04:54:40,219  INFO [LocalJobRunner Map Task Executor #0] mr.ExecMapper: 
<MAP>Id =0
  <Children>null
  <\Children>
  <Parent><\Parent>
<\MAP>
2024-04-24T04:54:40,219  INFO [LocalJobRunner Map Task Executor #0] exec.TableScanOperator: Initializing Operator: TS[0]
2024-04-24T04:54:40,219  INFO [LocalJobRunner Map Task Executor #0] exec.SelectOperator: Initializing Operator: SEL[1]
2024-04-24T04:54:40,219  INFO [LocalJobRunner Map Task Executor #0] exec.SelectOperator: SELECT null
2024-04-24T04:54:40,220  INFO [LocalJobRunner Map Task Executor #0] exec.UDTFOperator: Initializing Operator: UDTF[2]
2024-04-24T04:54:40,220  INFO [LocalJobRunner Map Task Executor #0] exec.SelectOperator: Initializing Operator: SEL[3]
2024-04-24T04:54:40,220  INFO [LocalJobRunner Map Task Executor #0] exec.SelectOperator: SELECT struct<col1:int,col2:int>
2024-04-24T04:54:40,220  INFO [LocalJobRunner Map Task Executor #0] exec.FileSinkOperator: Initializing Operator: FS[4]
2024-04-24T04:54:40,220  INFO [LocalJobRunner Map Task Executor #0] exec.FileSinkOperator: Using serializer : AbstractSerDe [log=org.apache.logging.slf4j.Log4jLogger@38b5dff2, configuration=Optional[Configuration: core-default.xml, core-site.xml, mapred-default.xml, mapred-site.xml, yarn-default.xml, yarn-site.xml, hdfs-default.xml, hdfs-site.xml, file:/home/alex/Repositories/hive/ql/target/tmp/TestTxnCommands3/mapred/local/localRunner/alex/job_local986565625_0028/job_local986565625_0028.xml], properties={transactional_properties=default, name=default.t, transactional=true, columns.types=int:int, columns=a,b, numFilesErasureCoded=0, columns.comments=&amp#0;, bucketing_version=2, serialization.lib=org.apache.hadoop.hive.ql.io.orc.OrcSerde, file.inputformat=org.apache.hadoop.hive.ql.io.orc.OrcInputFormat, file.outputformat=org.apache.hadoop.hive.ql.io.orc.OrcOutputFormat, location=file:/home/alex/Repositories/hive/ql/target/tmp/org.apache.hadoop.hive.ql.TestTxnCommands3-1713959586346/warehouse/t, column.name.delimiter=,}, tableProperties={transactional_properties=default, name=default.t, transactional=true, columns.types=int:int, columns=a,b, numFilesErasureCoded=0, columns.comments=&amp#0;, bucketing_version=2, serialization.lib=org.apache.hadoop.hive.ql.io.orc.OrcSerde, file.inputformat=org.apache.hadoop.hive.ql.io.orc.OrcInputFormat, location=file:/home/alex/Repositories/hive/ql/target/tmp/org.apache.hadoop.hive.ql.TestTxnCommands3-1713959586346/warehouse/t, file.outputformat=org.apache.hadoop.hive.ql.io.orc.OrcOutputFormat, column.name.delimiter=,}, partitionProperties=Optional.empty, columnNames=[a, b], columnTypes=[int, int], getClass()=class org.apache.hadoop.hive.ql.io.orc.OrcSerde] and formatter : org.apache.hadoop.hive.ql.io.orc.OrcOutputFormat@4ba74435
2024-04-24T04:54:40,221  INFO [LocalJobRunner Map Task Executor #0] exec.FileSinkOperator: Final Path: FS file:/home/alex/Repositories/hive/ql/target/tmp/org.apache.hadoop.hive.ql.TestTxnCommands3-1713959586346/warehouse/t
2024-04-24T04:54:40,221  INFO [LocalJobRunner Map Task Executor #0] exec.FileSinkOperator: New Final Path: FS file:/home/alex/Repositories/hive/ql/target/tmp/org.apache.hadoop.hive.ql.TestTxnCommands3-1713959586346/warehouse/t
2024-04-24T04:54:40,221  INFO [LocalJobRunner Map Task Executor #0] common.FileUtils: Creating directory if it doesn't exist: file:/home/alex/Repositories/hive/ql/target/tmp/org.apache.hadoop.hive.ql.TestTxnCommands3-1713959586346/warehouse
2024-04-24T04:54:40,223  INFO [LocalJobRunner Map Task Executor #0] exec.FileSinkOperator: FS[4]: records written - 1
2024-04-24T04:54:40,223  INFO [LocalJobRunner Map Task Executor #0] impl.PhysicalFsWriter: ORC writer created for path: file:/home/alex/Repositories/hive/ql/target/tmp/org.apache.hadoop.hive.ql.TestTxnCommands3-1713959586346/warehouse/t/delta_0000001_0000001_0000/bucket_00000_0 with stripeSize: 8388608 blockSize: 268435456 compression: Compress: ZLIB buffer: 32768
2024-04-24T04:54:40,230  INFO [LocalJobRunner Map Task Executor #0] impl.WriterImpl: ORC writer created for path: file:/home/alex/Repositories/hive/ql/target/tmp/org.apache.hadoop.hive.ql.TestTxnCommands3-1713959586346/warehouse/t/delta_0000001_0000001_0000/bucket_00000_0 with stripeSize: 8388608 options: Compress: ZLIB buffer: 32768
2024-04-24T04:54:40,234  INFO [LocalJobRunner Map Task Executor #0] exec.MapOperator: MAP[0]: records read - 1
2024-04-24T04:54:40,234  INFO [LocalJobRunner Map Task Executor #0] exec.MapOperator: Closing Operator: MAP[0]
2024-04-24T04:54:40,234  INFO [LocalJobRunner Map Task Executor #0] exec.MapOperator: MAP[0]: Total records read - 3. abort - false
2024-04-24T04:54:40,234  INFO [LocalJobRunner Map Task Executor #0] exec.MapOperator: DESERIALIZE_ERRORS:0, RECORDS_OUT_INTERMEDIATE:0, RECORDS_IN:3, RECORDS_OUT_OPERATOR_MAP_0:0, 
2024-04-24T04:54:40,234  INFO [LocalJobRunner Map Task Executor #0] exec.TableScanOperator: Closing Operator: TS[0]
2024-04-24T04:54:40,234  INFO [LocalJobRunner Map Task Executor #0] exec.TableScanOperator: RECORDS_OUT_OPERATOR_TS_0:1, RECORDS_OUT_INTERMEDIATE:0, 
2024-04-24T04:54:40,234  INFO [LocalJobRunner Map Task Executor #0] exec.SelectOperator: Closing Operator: SEL[1]
2024-04-24T04:54:40,234  INFO [LocalJobRunner Map Task Executor #0] exec.SelectOperator: RECORDS_OUT_OPERATOR_SEL_1:1, RECORDS_OUT_INTERMEDIATE:0, 
2024-04-24T04:54:40,234  INFO [LocalJobRunner Map Task Executor #0] exec.UDTFOperator: Closing Operator: UDTF[2]
2024-04-24T04:54:40,234  INFO [LocalJobRunner Map Task Executor #0] exec.UDTFOperator: RECORDS_OUT_OPERATOR_UDTF_2:1, RECORDS_OUT_INTERMEDIATE:0, 
2024-04-24T04:54:40,234  INFO [LocalJobRunner Map Task Executor #0] exec.SelectOperator: Closing Operator: SEL[3]
2024-04-24T04:54:40,234  INFO [LocalJobRunner Map Task Executor #0] exec.SelectOperator: RECORDS_OUT_INTERMEDIATE:0, RECORDS_OUT_OPERATOR_SEL_3:1, 
2024-04-24T04:54:40,234  INFO [LocalJobRunner Map Task Executor #0] exec.FileSinkOperator: Closing Operator: FS[4]
2024-04-24T04:54:40,234  INFO [LocalJobRunner Map Task Executor #0] exec.FileSinkOperator: FS[4]: records written - 1
2024-04-24T04:54:40,236  INFO [LocalJobRunner Map Task Executor #0] FileOperations: Writing manifest to file:/home/alex/Repositories/hive/ql/target/tmp/org.apache.hadoop.hive.ql.TestTxnCommands3-1713959586346/warehouse/t/_tmp.delta_0000001_0000001_0000/000000_0.manifest with [file:/home/alex/Repositories/hive/ql/target/tmp/org.apache.hadoop.hive.ql.TestTxnCommands3-1713959586346/warehouse/t/delta_0000001_0000001_0000/bucket_00000_0]
2024-04-24T04:54:40,247  INFO [LocalJobRunner Map Task Executor #0] exec.FileSinkOperator: RECORDS_OUT_INTERMEDIATE:0, TOTAL_TABLE_ROWS_WRITTEN:1, RECORDS_OUT_1_default.t:1, RECORDS_OUT_OPERATOR_FS_4:1, 
2024-04-24T04:54:40,247  INFO [LocalJobRunner Map Task Executor #0] mapred.LocalJobRunner: 
2024-04-24T04:54:40,249  INFO [LocalJobRunner Map Task Executor #0] mapred.Task: Task:attempt_local986565625_0028_m_000000_0 is done. And is in the process of committing
2024-04-24T04:54:40,250  INFO [LocalJobRunner Map Task Executor #0] mapred.LocalJobRunner: map
2024-04-24T04:54:40,250  INFO [LocalJobRunner Map Task Executor #0] mapred.Task: Task 'attempt_local986565625_0028_m_000000_0' done.
2024-04-24T04:54:40,250  INFO [LocalJobRunner Map Task Executor #0] mapred.Task: Final Counters for attempt_local986565625_0028_m_000000_0: Counters: 27
	File System Counters
		FILE: Number of bytes read=421843
		FILE: Number of bytes written=32950061
		FILE: Number of read operations=0
		FILE: Number of large read operations=0
		FILE: Number of write operations=0
	Map-Reduce Framework
		Map input records=4
		Map output records=0
		Input split bytes=360
		Spilled Records=0
		Failed Shuffles=0
		Merged Map outputs=0
		GC time elapsed (ms)=0
		Total committed heap usage (bytes)=1352663040
	HIVE
		CREATED_FILES=1
		DESERIALIZE_ERRORS=0
		RECORDS_IN=3
		RECORDS_OUT_1_default.t=1
		RECORDS_OUT_INTERMEDIATE=0
		RECORDS_OUT_OPERATOR_FS_4=1
		RECORDS_OUT_OPERATOR_MAP_0=0
		RECORDS_OUT_OPERATOR_SEL_1=1
		RECORDS_OUT_OPERATOR_SEL_3=1
		RECORDS_OUT_OPERATOR_TS_0=1
		RECORDS_OUT_OPERATOR_UDTF_2=1
		TOTAL_TABLE_ROWS_WRITTEN=1
	File Input Format Counters 
		Bytes Read=5745
	File Output Format Counters 
		Bytes Written=0
2024-04-24T04:54:40,250  INFO [LocalJobRunner Map Task Executor #0] mapred.LocalJobRunner: Finishing task: attempt_local986565625_0028_m_000000_0
2024-04-24T04:54:40,250  INFO [Thread-1969] mapred.LocalJobRunner: map task executor complete.
2024-04-24 04:54:41,210 Stage-1 map = 100%,  reduce = 0%
2024-04-24T04:54:41,211  INFO [main] exec.Task: 2024-04-24 04:54:41,210 Stage-1 map = 100%,  reduce = 0%
Ended Job = job_local986565625_0028
2024-04-24T04:54:41,212  INFO [main] exec.Task: Ended Job = job_local986565625_0028
2024-04-24T04:54:41,213  INFO [main] FileOperations: Found manifest file file:/home/alex/Repositories/hive/ql/target/tmp/org.apache.hadoop.hive.ql.TestTxnCommands3-1713959586346/warehouse/t/_tmp.delta_0000001_0000001_0000/000000_0.manifest with attemptId 0.
2024-04-24T04:54:41,213  INFO [main] FileOperations: Looking at manifest file: file:/home/alex/Repositories/hive/ql/target/tmp/org.apache.hadoop.hive.ql.TestTxnCommands3-1713959586346/warehouse/t/_tmp.delta_0000001_0000001_0000/000000_0.manifest
2024-04-24T04:54:41,214  INFO [main] FileOperations: Deleting manifest directory file:/home/alex/Repositories/hive/ql/target/tmp/org.apache.hadoop.hive.ql.TestTxnCommands3-1713959586346/warehouse/t/_tmp.delta_0000001_0000001_0000
2024-04-24T04:54:41,214  INFO [main] ql.Driver: Starting task [Stage-0:MOVE] in serial mode
Loading data to table default.t
2024-04-24T04:54:41,215  INFO [main] exec.Task: Loading data to table default.t from file:/home/alex/Repositories/hive/ql/target/tmp/org.apache.hadoop.hive.ql.TestTxnCommands3-1713959586346/warehouse/t
2024-04-24T04:54:41,215  INFO [main] HiveMetaStore.audit: ugi=alex	ip=unknown-ip-addr	cmd=get_table : tbl=hive.default.t	
2024-04-24T04:54:41,222  INFO [main] metastore.HMSHandler: Skipping translation for processor with null
2024-04-24T04:54:41,223  INFO [main] HiveMetaStore.audit: ugi=alex	ip=unknown-ip-addr	cmd=get_table : tbl=hive.default.t	
2024-04-24T04:54:41,230  INFO [main] metastore.HMSHandler: Skipping translation for processor with null
2024-04-24T04:54:41,231  INFO [main] HiveMetaStore.audit: ugi=alex	ip=unknown-ip-addr	cmd=alter_table: hive.default.t newtbl=t	
2024-04-24T04:54:41,256  INFO [main] ql.Driver: Starting task [Stage-2:STATS] in serial mode
2024-04-24T04:54:41,257  INFO [main] HiveMetaStore.audit: ugi=alex	ip=unknown-ip-addr	cmd=get_table : tbl=hive.default.t	
2024-04-24T04:54:41,263  INFO [main] metastore.HMSHandler: Skipping translation for processor with null
2024-04-24T04:54:41,264  INFO [main] stats.BasicStatsTask: Executing stats task
2024-04-24T04:54:41,264  INFO [main] fs.FSStatsPublisher: created : file:/home/alex/Repositories/hive/ql/target/tmp/localscratchdir/fbcf9b3f-a387-4632-acda-ff2b32f494df/hive_2024-04-24_04-54-39_765_535852023179513451-1/-mr-10000
2024-04-24T04:54:41,265  INFO [main] HiveMetaStore.audit: ugi=alex	ip=unknown-ip-addr	cmd=get_table : tbl=hive.default.t	
2024-04-24T04:54:41,272  INFO [main] metastore.HMSHandler: Skipping translation for processor with null
2024-04-24T04:54:41,280  WARN [main] FileOperations: Computing stats for an ACID table; stats may be inaccurate
2024-04-24T04:54:41,280  INFO [main] FileOperations: Read stats for default.t/, numRows, true, 1, false: 
2024-04-24T04:54:41,280  INFO [main] FileOperations: Read stats for default.t/, rawDataSize, true, 0, false: 
2024-04-24T04:54:41,281  INFO [main] HiveMetaStore.audit: ugi=alex	ip=unknown-ip-addr	cmd=alter_table: hive.default.t newtbl=t	
2024-04-24T04:54:41,303  INFO [main] FileOperations: Read stats for default.t/, insertCount, true, 1, false: 
2024-04-24T04:54:41,303  INFO [main] FileOperations: Read stats for default.t/, updateCount, true, 0, false: 
2024-04-24T04:54:41,303  INFO [main] FileOperations: Read stats for default.t/, deleteCount, true, 0, false: 
2024-04-24T04:54:41,305  INFO [main] stats.BasicStatsTask: Table default.t stats: [numFiles=1, numRows=1, totalSize=661, rawDataSize=0, numFilesErasureCoded=0]
2024-04-24T04:54:41,305  INFO [main] metadata.Hive: Dumping metastore api call timing information for : execution phase
2024-04-24T04:54:41,306  INFO [main] metadata.Hive: Total time spent in each metastore function (ms): {isCompatibleWith_(Configuration)=0, updateTransactionalStatistics_(UpdateTransactionalStatsRequest)=2, getTable_(GetTableRequest)=30, alter_table_(String, String, String, Table, EnvironmentContext, String)=47}
MapReduce Jobs Launched: 
2024-04-24T04:54:41,306  INFO [main] ql.Driver: MapReduce Jobs Launched: 
Stage-Stage-1:  HDFS Read: 0 HDFS Write: 0 SUCCESS
2024-04-24T04:54:41,306  INFO [main] ql.Driver: Stage-Stage-1:  HDFS Read: 0 HDFS Write: 0 SUCCESS
Total MapReduce CPU Time Spent: 0 msec
2024-04-24T04:54:41,306  INFO [main] ql.Driver: Total MapReduce CPU Time Spent: 0 msec
2024-04-24T04:54:41,306  INFO [main] ql.Driver: Completed executing command(queryId=alex_20240424045439_265a0cc9-c8fe-40b6-806d-d8c34e9a90c2); Time taken: 1.349 seconds
2024-04-24T04:54:41,306  INFO [main] lockmgr.DbTxnManager: Stopped heartbeat for query: alex_20240424045439_265a0cc9-c8fe-40b6-806d-d8c34e9a90c2
2024-04-24T04:54:41,314  INFO [main] txn.TxnHandler: Removed transactions: ([15]) from MIN_HISTORY_LEVEL
2024-04-24T04:54:41,316  WARN [main] txn.CompactionTxnHandler: No compaction queue record found for Compaction type transaction commit. txnId:15
2024-04-24T04:54:41,316  INFO [main] ql.TxnCommandsBaseForTests: Running the query: insert into T values(1,4)
2024-04-24T04:54:41,316  INFO [main] ql.Context: Deleting scratch dir: file:/home/alex/Repositories/hive/ql/target/tmp/localscratchdir/fbcf9b3f-a387-4632-acda-ff2b32f494df/hive_2024-04-24_04-54-39_765_535852023179513451-1
2024-04-24T04:54:41,317  INFO [main] cleanup.SyncCleanupService: Deleted directory: file:/home/alex/Repositories/hive/ql/target/tmp/localscratchdir/fbcf9b3f-a387-4632-acda-ff2b32f494df/hive_2024-04-24_04-54-39_765_535852023179513451-1 on fs with scheme file
2024-04-24T04:54:41,317  INFO [main] ql.Driver: Compiling command(queryId=alex_20240424045441_12464029-5f0f-4965-8f3b-51ce818cdcbc): insert into T values(1,4)
2024-04-24T04:54:41,321  INFO [main] txn.TxnHandler: Added entries to MIN_HISTORY_LEVEL for current txns: ([16]) with min_open_txn: 16
2024-04-24T04:54:41,321  INFO [main] lockmgr.DbTxnManager: Opened txnid:16
2024-04-24T04:54:41,325  INFO [main] parse.CalcitePlanner: Starting caching scope for: 
2024-04-24T04:54:41,325  INFO [main] parse.CalcitePlanner: Starting Semantic Analysis
2024-04-24T04:54:41,329  INFO [main] HiveMetaStore.audit: ugi=alex	ip=unknown-ip-addr	cmd=get_table : tbl=hive.default.T	
2024-04-24T04:54:41,337  INFO [main] metastore.HMSHandler: Skipping translation for processor with null
2024-04-24T04:54:41,337  INFO [main] parse.CalcitePlanner: Completed phase 1 of Semantic Analysis
2024-04-24T04:54:41,337  INFO [main] parse.CalcitePlanner: Get metadata for source tables
2024-04-24T04:54:41,337  INFO [main] parse.CalcitePlanner: Get metadata for subqueries
2024-04-24T04:54:41,337  INFO [main] parse.CalcitePlanner: Get metadata for destination tables
2024-04-24T04:54:41,337  INFO [main] HiveMetaStore.audit: ugi=alex	ip=unknown-ip-addr	cmd=get_table : tbl=hive.default.T	
2024-04-24T04:54:41,343  INFO [main] metastore.HMSHandler: Skipping translation for processor with null
2024-04-24T04:54:41,344  INFO [main] parse.CalcitePlanner: Completed getting MetaData in Semantic Analysis
2024-04-24T04:54:41,344  INFO [main] parse.CalcitePlanner: Disabling LLAP IO encode as ETL query is detected
2024-04-24T04:54:41,365  INFO [main] HiveMetaStore.audit: ugi=alex	ip=unknown-ip-addr	cmd=get_all_table_constraints : tbl=hive._dummy_database._dummy_table	
2024-04-24T04:54:41,413  INFO [main] parse.CalcitePlanner: Get metadata for source tables
2024-04-24T04:54:41,413  INFO [main] parse.CalcitePlanner: Get metadata for subqueries
2024-04-24T04:54:41,413  INFO [main] parse.CalcitePlanner: Get metadata for source tables
2024-04-24T04:54:41,414  INFO [main] HiveMetaStore.audit: ugi=alex	ip=unknown-ip-addr	cmd=get_table : tbl=hive._dummy_database._dummy_table	
2024-04-24T04:54:41,416  INFO [main] parse.CalcitePlanner: Get metadata for subqueries
2024-04-24T04:54:41,416  INFO [main] parse.CalcitePlanner: Get metadata for destination tables
2024-04-24T04:54:41,416  INFO [main] parse.CalcitePlanner: Get metadata for destination tables
2024-04-24T04:54:41,416  INFO [main] HiveMetaStore.audit: ugi=alex	ip=unknown-ip-addr	cmd=get_table : tbl=hive.default.T	
2024-04-24T04:54:41,423  INFO [main] metastore.HMSHandler: Skipping translation for processor with null
2024-04-24T04:54:41,424  INFO [main] HiveMetaStore.audit: ugi=alex	ip=unknown-ip-addr	cmd=get_not_null_constraints : tbl=hive.default.t	
2024-04-24T04:54:41,426  INFO [main] HiveMetaStore.audit: ugi=alex	ip=unknown-ip-addr	cmd=get_check_constraints : tbl=hive.default.t	
2024-04-24T04:54:41,433  INFO [main] txn.TxnHandler: Allocated writeId: 2 for txnId: 16
2024-04-24T04:54:41,433  INFO [main] txn.TxnHandler: Allocated write ids for dbName=default, tblName=t (txnIds: [16])
2024-04-24T04:54:41,439  INFO [main] parse.CalcitePlanner: CBO Succeeded; optimized logical plan.
2024-04-24T04:54:41,442  INFO [main] optimizer.BucketVersionPopulator: not considering bucketingVersion for: TS[0] because it has -1<2 buckets 
2024-04-24T04:54:41,442  INFO [main] optimizer.SortedDynPartitionOptimizer: Sorted dynamic partitioning optimization kicked in..
2024-04-24T04:54:41,451  INFO [main] HiveMetaStore.audit: ugi=alex	ip=unknown-ip-addr	cmd=get_table : tbl=hive.default.t	
2024-04-24T04:54:41,459  INFO [main] metastore.HMSHandler: Skipping translation for processor with null
2024-04-24T04:54:41,460  INFO [main] physical.Vectorizer: Examining input format to see if vectorization is enabled.
2024-04-24T04:54:41,460  INFO [main] physical.Vectorizer: Map vectorization enabled: false
2024-04-24T04:54:41,460  INFO [main] physical.Vectorizer: Map vectorized: false
2024-04-24T04:54:41,460  INFO [main] physical.Vectorizer: Map vectorizedVertexNum: 0
2024-04-24T04:54:41,460  INFO [main] physical.Vectorizer: Map enabledConditionsMet: [hive.vectorized.use.vectorized.input.format IS true]
2024-04-24T04:54:41,460  INFO [main] physical.Vectorizer: Map enabledConditionsNotMet: [Could not enable vectorization due to partition column names size 1 is greater than the number of table column names size 0 IS false]
2024-04-24T04:54:41,460  INFO [main] physical.Vectorizer: Map inputFileFormatClassNameSet: [org.apache.hadoop.hive.ql.io.NullRowsInputFormat]
2024-04-24T04:54:41,460  INFO [main] parse.CalcitePlanner: Completed plan generation
2024-04-24T04:54:41,460  INFO [main] parse.CalcitePlanner: Ending caching scope for: 
2024-04-24T04:54:41,460  INFO [main] ql.Driver: Semantic Analysis Completed (retrial = false)
2024-04-24T04:54:41,460  INFO [main] ql.Driver: Created Hive schema: Schema(fieldSchemas:[FieldSchema(name:col1, type:int, comment:null), FieldSchema(name:col2, type:int, comment:null)], properties:null)
2024-04-24T04:54:41,460  INFO [main] metadata.Hive: Dumping metastore api call timing information for : compilation phase
2024-04-24T04:54:41,460  INFO [main] metadata.Hive: Total time spent in each metastore function (ms): {getValidTxns_(long)=3, getCheckConstraints_(CheckConstraintsRequest)=1, openTxn_(String, TxnType)=3, isCompatibleWith_(Configuration)=0, commitTxn_(CommitTxnRequest)=10, getValidWriteIds_(List, String)=5, getNotNullConstraints_(NotNullConstraintsRequest)=2, flushCache_()=0, getAllTableConstraints_(AllTableConstraintsRequest)=5, getTable_(GetTableRequest)=31, allocateTableWriteId_(long, String, String)=11}
2024-04-24T04:54:41,461  INFO [main] ql.Driver: Completed compiling command(queryId=alex_20240424045441_12464029-5f0f-4965-8f3b-51ce818cdcbc); Time taken: 0.143 seconds
2024-04-24T04:54:41,461  INFO [main] lockmgr.DbTxnManager: Setting lock request transaction to txnid:16 for queryId=alex_20240424045441_12464029-5f0f-4965-8f3b-51ce818cdcbc
2024-04-24T04:54:41,461  INFO [main] lockmgr.DbLockManager: Requesting lock for queryId=alex_20240424045441_12464029-5f0f-4965-8f3b-51ce818cdcbc
2024-04-24T04:54:41,476  INFO [main] lockmgr.DbLockManager: Response to queryId=alex_20240424045441_12464029-5f0f-4965-8f3b-51ce818cdcbc LockResponse(lockid:10, state:ACQUIRED)
2024-04-24T04:54:41,476  INFO [main] ql.Driver: Operation QUERY obtained 1 locks
2024-04-24T04:54:41,478  INFO [main] ql.Driver: Executing command(queryId=alex_20240424045441_12464029-5f0f-4965-8f3b-51ce818cdcbc): insert into T values(1,4)
2024-04-24T04:54:41,479  WARN [main] ql.Driver: Hive-on-MR is deprecated in Hive 2 and may not be available in the future versions. Consider using a different execution engine (i.e. spark, tez) or using Hive 1.X releases.
Query ID = alex_20240424045441_12464029-5f0f-4965-8f3b-51ce818cdcbc
2024-04-24T04:54:41,479  INFO [main] ql.Driver: Query ID = alex_20240424045441_12464029-5f0f-4965-8f3b-51ce818cdcbc
Total jobs = 1
2024-04-24T04:54:41,479  INFO [main] ql.Driver: Total jobs = 1
Launching Job 1 out of 1
2024-04-24T04:54:41,479  INFO [main] ql.Driver: Launching Job 1 out of 1
2024-04-24T04:54:41,604  INFO [main] ql.Driver: Starting task [Stage-1:MAPRED] in serial mode
Number of reduce tasks is set to 0 since there's no reduce operator
2024-04-24T04:54:41,604  INFO [main] exec.Task: Number of reduce tasks is set to 0 since there's no reduce operator
2024-04-24T04:54:41,607  INFO [main] mr.ExecDriver: Using org.apache.hadoop.hive.ql.io.HiveInputFormat
2024-04-24T04:54:41,607  INFO [main] exec.Utilities: Processing alias $hdt$_0:_dummy_table
2024-04-24T04:54:41,607  INFO [main] exec.Utilities: Adding 1 inputs; the first input is file:/home/alex/Repositories/hive/ql/target/tmp/localscratchdir/fbcf9b3f-a387-4632-acda-ff2b32f494df/hive_2024-04-24_04-54-41_317_4981634377362222730-1/dummy_path
2024-04-24T04:54:41,616  INFO [main] exec.SerializationUtilities: Serializing MapWork using kryo
2024-04-24T04:54:41,617  INFO [main] exec.Utilities: Serialized plan (via FILE) - name: null size: 5,69KB
2024-04-24T04:54:41,618  WARN [main] impl.MetricsSystemImpl: JobTracker metrics system already initialized!
2024-04-24T04:54:41,621  INFO [main] fs.FSStatsPublisher: created : file:/home/alex/Repositories/hive/ql/target/tmp/localscratchdir/fbcf9b3f-a387-4632-acda-ff2b32f494df/hive_2024-04-24_04-54-41_317_4981634377362222730-1/-mr-10000
2024-04-24T04:54:41,623  WARN [main] impl.MetricsSystemImpl: JobTracker metrics system already initialized!
2024-04-24T04:54:41,630  WARN [main] mapreduce.JobResourceUploader: Hadoop command-line option parsing not performed. Implement the Tool interface and execute your application with ToolRunner to remedy this.
2024-04-24T04:54:41,634  WARN [main] mapreduce.JobResourceUploader: No job jar file set.  User classes may not be found. See Job or Job#setJar(String).
2024-04-24T04:54:41,635  INFO [main] io.HiveInputFormat: hive.io.file.readcolumn.ids = 
2024-04-24T04:54:41,635  INFO [main] io.HiveInputFormat: hive.io.file.readcolumn.names = 
2024-04-24T04:54:41,635  INFO [main] io.HiveInputFormat: Generating splits for dirs: file:/home/alex/Repositories/hive/ql/target/tmp/localscratchdir/fbcf9b3f-a387-4632-acda-ff2b32f494df/hive_2024-04-24_04-54-41_317_4981634377362222730-1/dummy_path
2024-04-24T04:54:41,635  INFO [main] io.HiveInputFormat: number of splits 1
2024-04-24T04:54:41,653  INFO [main] mapreduce.JobSubmitter: number of splits:1
2024-04-24T04:54:41,670  INFO [main] mapreduce.JobSubmitter: Submitting tokens for job: job_local203478359_0029
2024-04-24T04:54:41,670  INFO [main] mapreduce.JobSubmitter: Executing with tokens: []
2024-04-24T04:54:41,727  INFO [main] mapreduce.Job: The url to track the job: http://localhost:8080/
Job running in-process (local Hadoop)
2024-04-24T04:54:41,727  INFO [main] exec.Task: Job running in-process (local Hadoop)
2024-04-24T04:54:41,727  INFO [Thread-2015] mapred.LocalJobRunner: OutputCommitter set in config org.apache.hadoop.hive.ql.io.HiveFileFormatUtils$NullOutputCommitter
2024-04-24T04:54:41,727  INFO [Thread-2015] mapred.LocalJobRunner: OutputCommitter is org.apache.hadoop.hive.ql.io.HiveFileFormatUtils$NullOutputCommitter
2024-04-24T04:54:41,729  INFO [Thread-2015] mapred.LocalJobRunner: Waiting for map tasks
2024-04-24T04:54:41,729  INFO [LocalJobRunner Map Task Executor #0] mapred.LocalJobRunner: Starting task: attempt_local203478359_0029_m_000000_0
2024-04-24T04:54:41,729  INFO [LocalJobRunner Map Task Executor #0] mapred.Task:  Using ResourceCalculatorProcessTree : [ ]
2024-04-24T04:54:41,730  INFO [LocalJobRunner Map Task Executor #0] mapred.MapTask: Processing split: org.apache.hadoop.hive.ql.io.NullRowsInputFormat:file:/home/alex/Repositories/hive/ql/target/tmp/localscratchdir/fbcf9b3f-a387-4632-acda-ff2b32f494df/hive_2024-04-24_04-54-41_317_4981634377362222730-1/dummy_path/null:0+1
2024-04-24T04:54:41,730  INFO [LocalJobRunner Map Task Executor #0] exec.SerializationUtilities: Deserializing MapWork using kryo
2024-04-24T04:54:41,731  INFO [LocalJobRunner Map Task Executor #0] exec.Utilities: Deserialized plan (via FILE) - name: null size: 5,69KB
2024-04-24T04:54:41,731  INFO [LocalJobRunner Map Task Executor #0] mapred.MapTask: numReduceTasks: 0
2024-04-24T04:54:41,732  INFO [LocalJobRunner Map Task Executor #0] exec.MapOperator: Initializing Operator: MAP[0]
2024-04-24T04:54:41,732  INFO [LocalJobRunner Map Task Executor #0] mr.ExecMapper: 
<MAP>Id =0
  <Children>null
  <\Children>
  <Parent><\Parent>
<\MAP>
2024-04-24T04:54:41,732  INFO [LocalJobRunner Map Task Executor #0] exec.TableScanOperator: Initializing Operator: TS[0]
2024-04-24T04:54:41,732  INFO [LocalJobRunner Map Task Executor #0] exec.SelectOperator: Initializing Operator: SEL[1]
2024-04-24T04:54:41,733  INFO [LocalJobRunner Map Task Executor #0] exec.SelectOperator: SELECT null
2024-04-24T04:54:41,733  INFO [LocalJobRunner Map Task Executor #0] exec.UDTFOperator: Initializing Operator: UDTF[2]
2024-04-24T04:54:41,733  INFO [LocalJobRunner Map Task Executor #0] exec.SelectOperator: Initializing Operator: SEL[3]
2024-04-24T04:54:41,733  INFO [LocalJobRunner Map Task Executor #0] exec.SelectOperator: SELECT struct<col1:int,col2:int>
2024-04-24T04:54:41,733  INFO [LocalJobRunner Map Task Executor #0] exec.FileSinkOperator: Initializing Operator: FS[4]
2024-04-24T04:54:41,733  INFO [LocalJobRunner Map Task Executor #0] exec.FileSinkOperator: Using serializer : AbstractSerDe [log=org.apache.logging.slf4j.Log4jLogger@38b5dff2, configuration=Optional[Configuration: core-default.xml, core-site.xml, mapred-default.xml, mapred-site.xml, yarn-default.xml, yarn-site.xml, hdfs-default.xml, hdfs-site.xml, file:/home/alex/Repositories/hive/ql/target/tmp/TestTxnCommands3/mapred/local/localRunner/alex/job_local203478359_0029/job_local203478359_0029.xml], properties={transactional_properties=default, name=default.t, transactional=true, columns.types=int:int, columns=a,b, numFilesErasureCoded=0, columns.comments=&amp#0;, bucketing_version=2, serialization.lib=org.apache.hadoop.hive.ql.io.orc.OrcSerde, file.inputformat=org.apache.hadoop.hive.ql.io.orc.OrcInputFormat, file.outputformat=org.apache.hadoop.hive.ql.io.orc.OrcOutputFormat, location=file:/home/alex/Repositories/hive/ql/target/tmp/org.apache.hadoop.hive.ql.TestTxnCommands3-1713959586346/warehouse/t, column.name.delimiter=,}, tableProperties={transactional_properties=default, name=default.t, transactional=true, columns.types=int:int, columns=a,b, numFilesErasureCoded=0, columns.comments=&amp#0;, bucketing_version=2, serialization.lib=org.apache.hadoop.hive.ql.io.orc.OrcSerde, file.inputformat=org.apache.hadoop.hive.ql.io.orc.OrcInputFormat, location=file:/home/alex/Repositories/hive/ql/target/tmp/org.apache.hadoop.hive.ql.TestTxnCommands3-1713959586346/warehouse/t, file.outputformat=org.apache.hadoop.hive.ql.io.orc.OrcOutputFormat, column.name.delimiter=,}, partitionProperties=Optional.empty, columnNames=[a, b], columnTypes=[int, int], getClass()=class org.apache.hadoop.hive.ql.io.orc.OrcSerde] and formatter : org.apache.hadoop.hive.ql.io.orc.OrcOutputFormat@1771d8af
2024-04-24T04:54:41,734  INFO [LocalJobRunner Map Task Executor #0] exec.FileSinkOperator: Final Path: FS file:/home/alex/Repositories/hive/ql/target/tmp/org.apache.hadoop.hive.ql.TestTxnCommands3-1713959586346/warehouse/t
2024-04-24T04:54:41,734  INFO [LocalJobRunner Map Task Executor #0] exec.FileSinkOperator: New Final Path: FS file:/home/alex/Repositories/hive/ql/target/tmp/org.apache.hadoop.hive.ql.TestTxnCommands3-1713959586346/warehouse/t
2024-04-24T04:54:41,734  INFO [LocalJobRunner Map Task Executor #0] common.FileUtils: Creating directory if it doesn't exist: file:/home/alex/Repositories/hive/ql/target/tmp/org.apache.hadoop.hive.ql.TestTxnCommands3-1713959586346/warehouse
2024-04-24T04:54:41,735  INFO [LocalJobRunner Map Task Executor #0] exec.FileSinkOperator: FS[4]: records written - 1
2024-04-24T04:54:41,735  INFO [LocalJobRunner Map Task Executor #0] impl.PhysicalFsWriter: ORC writer created for path: file:/home/alex/Repositories/hive/ql/target/tmp/org.apache.hadoop.hive.ql.TestTxnCommands3-1713959586346/warehouse/t/delta_0000002_0000002_0000/bucket_00000_0 with stripeSize: 8388608 blockSize: 268435456 compression: Compress: ZLIB buffer: 32768
2024-04-24T04:54:41,742  INFO [LocalJobRunner Map Task Executor #0] impl.WriterImpl: ORC writer created for path: file:/home/alex/Repositories/hive/ql/target/tmp/org.apache.hadoop.hive.ql.TestTxnCommands3-1713959586346/warehouse/t/delta_0000002_0000002_0000/bucket_00000_0 with stripeSize: 8388608 options: Compress: ZLIB buffer: 32768
2024-04-24T04:54:41,747  INFO [LocalJobRunner Map Task Executor #0] exec.MapOperator: MAP[0]: records read - 1
2024-04-24T04:54:41,747  INFO [LocalJobRunner Map Task Executor #0] exec.MapOperator: Closing Operator: MAP[0]
2024-04-24T04:54:41,747  INFO [LocalJobRunner Map Task Executor #0] exec.MapOperator: MAP[0]: Total records read - 3. abort - false
2024-04-24T04:54:41,747  INFO [LocalJobRunner Map Task Executor #0] exec.MapOperator: RECORDS_OUT_INTERMEDIATE:0, DESERIALIZE_ERRORS:0, RECORDS_IN:3, RECORDS_OUT_OPERATOR_MAP_0:0, 
2024-04-24T04:54:41,747  INFO [LocalJobRunner Map Task Executor #0] exec.TableScanOperator: Closing Operator: TS[0]
2024-04-24T04:54:41,747  INFO [LocalJobRunner Map Task Executor #0] exec.TableScanOperator: RECORDS_OUT_OPERATOR_TS_0:1, RECORDS_OUT_INTERMEDIATE:0, 
2024-04-24T04:54:41,747  INFO [LocalJobRunner Map Task Executor #0] exec.SelectOperator: Closing Operator: SEL[1]
2024-04-24T04:54:41,748  INFO [LocalJobRunner Map Task Executor #0] exec.SelectOperator: RECORDS_OUT_INTERMEDIATE:0, RECORDS_OUT_OPERATOR_SEL_1:1, 
2024-04-24T04:54:41,748  INFO [LocalJobRunner Map Task Executor #0] exec.UDTFOperator: Closing Operator: UDTF[2]
2024-04-24T04:54:41,748  INFO [LocalJobRunner Map Task Executor #0] exec.UDTFOperator: RECORDS_OUT_OPERATOR_UDTF_2:1, RECORDS_OUT_INTERMEDIATE:0, 
2024-04-24T04:54:41,748  INFO [LocalJobRunner Map Task Executor #0] exec.SelectOperator: Closing Operator: SEL[3]
2024-04-24T04:54:41,748  INFO [LocalJobRunner Map Task Executor #0] exec.SelectOperator: RECORDS_OUT_INTERMEDIATE:0, RECORDS_OUT_OPERATOR_SEL_3:1, 
2024-04-24T04:54:41,748  INFO [LocalJobRunner Map Task Executor #0] exec.FileSinkOperator: Closing Operator: FS[4]
2024-04-24T04:54:41,748  INFO [LocalJobRunner Map Task Executor #0] exec.FileSinkOperator: FS[4]: records written - 1
2024-04-24T04:54:41,750  INFO [LocalJobRunner Map Task Executor #0] FileOperations: Writing manifest to file:/home/alex/Repositories/hive/ql/target/tmp/org.apache.hadoop.hive.ql.TestTxnCommands3-1713959586346/warehouse/t/_tmp.delta_0000002_0000002_0000/000000_0.manifest with [file:/home/alex/Repositories/hive/ql/target/tmp/org.apache.hadoop.hive.ql.TestTxnCommands3-1713959586346/warehouse/t/delta_0000002_0000002_0000/bucket_00000_0]
2024-04-24T04:54:41,761  INFO [LocalJobRunner Map Task Executor #0] exec.FileSinkOperator: TOTAL_TABLE_ROWS_WRITTEN:1, RECORDS_OUT_OPERATOR_FS_4:1, RECORDS_OUT_1_default.t:1, RECORDS_OUT_INTERMEDIATE:0, 
2024-04-24T04:54:41,761  INFO [LocalJobRunner Map Task Executor #0] mapred.LocalJobRunner: 
2024-04-24T04:54:41,762  INFO [LocalJobRunner Map Task Executor #0] mapred.Task: Task:attempt_local203478359_0029_m_000000_0 is done. And is in the process of committing
2024-04-24T04:54:41,762  INFO [LocalJobRunner Map Task Executor #0] mapred.LocalJobRunner: map
2024-04-24T04:54:41,762  INFO [LocalJobRunner Map Task Executor #0] mapred.Task: Task 'attempt_local203478359_0029_m_000000_0' done.
2024-04-24T04:54:41,762  INFO [LocalJobRunner Map Task Executor #0] mapred.Task: Final Counters for attempt_local203478359_0029_m_000000_0: Counters: 27
	File System Counters
		FILE: Number of bytes read=428305
		FILE: Number of bytes written=34122584
		FILE: Number of read operations=0
		FILE: Number of large read operations=0
		FILE: Number of write operations=0
	Map-Reduce Framework
		Map input records=4
		Map output records=0
		Input split bytes=361
		Spilled Records=0
		Failed Shuffles=0
		Merged Map outputs=0
		GC time elapsed (ms)=0
		Total committed heap usage (bytes)=1352663040
	HIVE
		CREATED_FILES=1
		DESERIALIZE_ERRORS=0
		RECORDS_IN=3
		RECORDS_OUT_1_default.t=1
		RECORDS_OUT_INTERMEDIATE=0
		RECORDS_OUT_OPERATOR_FS_4=1
		RECORDS_OUT_OPERATOR_MAP_0=0
		RECORDS_OUT_OPERATOR_SEL_1=1
		RECORDS_OUT_OPERATOR_SEL_3=1
		RECORDS_OUT_OPERATOR_TS_0=1
		RECORDS_OUT_OPERATOR_UDTF_2=1
		TOTAL_TABLE_ROWS_WRITTEN=1
	File Input Format Counters 
		Bytes Read=5749
	File Output Format Counters 
		Bytes Written=0
2024-04-24T04:54:41,762  INFO [LocalJobRunner Map Task Executor #0] mapred.LocalJobRunner: Finishing task: attempt_local203478359_0029_m_000000_0
2024-04-24T04:54:41,762  INFO [Thread-2015] mapred.LocalJobRunner: map task executor complete.
2024-04-24T04:54:42,399  INFO [Heartbeater-1] lockmgr.DbTxnManager: Sending heartbeat for txnid:16 and lockid:0 queryId=null txnid:0
2024-04-24T04:54:42,403  INFO [Heartbeater-1] metastore.HiveMetaStoreClient: HMS client filtering is enabled.
2024-04-24T04:54:42,408  INFO [Heartbeater-1] metastore.HMSHandler: 10: Opening raw store with implementation class:org.apache.hadoop.hive.metastore.ObjectStore
2024-04-24T04:54:42,408  INFO [Heartbeater-1] metastore.PersistenceManagerProvider: Configuration datanucleus.autoStartMechanismMode is not set. Defaulting to 'ignored'
2024-04-24T04:54:42,409  INFO [Heartbeater-1] metastore.ObjectStore: RawStore: org.apache.hadoop.hive.metastore.ObjectStore@601cf443, with PersistenceManager: null will be shutdown
2024-04-24T04:54:42,410  INFO [Heartbeater-1] metastore.ObjectStore: RawStore: org.apache.hadoop.hive.metastore.ObjectStore@601cf443, with PersistenceManager: org.datanucleus.api.jdo.JDOPersistenceManager@5ae0e220 created in the thread with id: 51
2024-04-24T04:54:42,427  INFO [Heartbeater-1] metastore.HMSHandler: Created RawStore: org.apache.hadoop.hive.metastore.ObjectStore@601cf443 from thread id: 51
2024-04-24T04:54:42,427  INFO [Heartbeater-1] metastore.HMSHandler: HMS server filtering is disabled by configuration
2024-04-24T04:54:42,428  INFO [Heartbeater-1] metastore.RetryingMetaStoreClient: RetryingMetaStoreClient proxy=class org.apache.hadoop.hive.ql.metadata.SessionHiveMetaStoreClient ugi=alex (auth:SIMPLE) retries=1 delay=1 lifetime=0
2024-04-24 04:54:42,729 Stage-1 map = 100%,  reduce = 0%
2024-04-24T04:54:42,729  INFO [main] exec.Task: 2024-04-24 04:54:42,729 Stage-1 map = 100%,  reduce = 0%
Ended Job = job_local203478359_0029
2024-04-24T04:54:42,731  INFO [main] exec.Task: Ended Job = job_local203478359_0029
2024-04-24T04:54:42,733  INFO [main] FileOperations: Found manifest file file:/home/alex/Repositories/hive/ql/target/tmp/org.apache.hadoop.hive.ql.TestTxnCommands3-1713959586346/warehouse/t/_tmp.delta_0000002_0000002_0000/000000_0.manifest with attemptId 0.
2024-04-24T04:54:42,733  INFO [main] FileOperations: Looking at manifest file: file:/home/alex/Repositories/hive/ql/target/tmp/org.apache.hadoop.hive.ql.TestTxnCommands3-1713959586346/warehouse/t/_tmp.delta_0000002_0000002_0000/000000_0.manifest
2024-04-24T04:54:42,733  INFO [main] FileOperations: Deleting manifest directory file:/home/alex/Repositories/hive/ql/target/tmp/org.apache.hadoop.hive.ql.TestTxnCommands3-1713959586346/warehouse/t/_tmp.delta_0000002_0000002_0000
2024-04-24T04:54:42,734  INFO [main] ql.Driver: Starting task [Stage-0:MOVE] in serial mode
Loading data to table default.t
2024-04-24T04:54:42,734  INFO [main] exec.Task: Loading data to table default.t from file:/home/alex/Repositories/hive/ql/target/tmp/org.apache.hadoop.hive.ql.TestTxnCommands3-1713959586346/warehouse/t
2024-04-24T04:54:42,735  INFO [main] HiveMetaStore.audit: ugi=alex	ip=unknown-ip-addr	cmd=get_table : tbl=hive.default.t	
2024-04-24T04:54:42,741  INFO [main] metastore.HMSHandler: Skipping translation for processor with null
2024-04-24T04:54:42,742  INFO [main] HiveMetaStore.audit: ugi=alex	ip=unknown-ip-addr	cmd=get_table : tbl=hive.default.t	
2024-04-24T04:54:42,748  INFO [main] metastore.HMSHandler: Skipping translation for processor with null
2024-04-24T04:54:42,749  INFO [main] HiveMetaStore.audit: ugi=alex	ip=unknown-ip-addr	cmd=alter_table: hive.default.t newtbl=t	
2024-04-24T04:54:42,768  INFO [main] ql.Driver: Starting task [Stage-2:STATS] in serial mode
2024-04-24T04:54:42,768  INFO [main] HiveMetaStore.audit: ugi=alex	ip=unknown-ip-addr	cmd=get_table : tbl=hive.default.t	
2024-04-24T04:54:42,774  INFO [main] metastore.HMSHandler: Skipping translation for processor with null
2024-04-24T04:54:42,774  INFO [main] stats.BasicStatsTask: Executing stats task
2024-04-24T04:54:42,775  INFO [main] fs.FSStatsPublisher: created : file:/home/alex/Repositories/hive/ql/target/tmp/localscratchdir/fbcf9b3f-a387-4632-acda-ff2b32f494df/hive_2024-04-24_04-54-41_317_4981634377362222730-1/-mr-10000
2024-04-24T04:54:42,776  INFO [main] HiveMetaStore.audit: ugi=alex	ip=unknown-ip-addr	cmd=get_table : tbl=hive.default.t	
2024-04-24T04:54:42,782  INFO [main] metastore.HMSHandler: Skipping translation for processor with null
2024-04-24T04:54:42,798  WARN [main] FileOperations: Computing stats for an ACID table; stats may be inaccurate
2024-04-24T04:54:42,798  INFO [main] FileOperations: Read stats for default.t/, numRows, true, 1, false: 
2024-04-24T04:54:42,799  INFO [main] FileOperations: Read stats for default.t/, rawDataSize, true, 0, false: 
2024-04-24T04:54:42,799  INFO [main] HiveMetaStore.audit: ugi=alex	ip=unknown-ip-addr	cmd=alter_table: hive.default.t newtbl=t	
2024-04-24T04:54:42,818  INFO [main] FileOperations: Read stats for default.t/, insertCount, true, 1, false: 
2024-04-24T04:54:42,818  INFO [main] FileOperations: Read stats for default.t/, updateCount, true, 0, false: 
2024-04-24T04:54:42,818  INFO [main] FileOperations: Read stats for default.t/, deleteCount, true, 0, false: 
2024-04-24T04:54:42,818  INFO [main] stats.BasicStatsTask: Table default.t stats: [numFiles=2, numRows=2, totalSize=1332, rawDataSize=0, numFilesErasureCoded=0]
2024-04-24T04:54:42,819  INFO [main] metadata.Hive: Dumping metastore api call timing information for : execution phase
2024-04-24T04:54:42,819  INFO [main] metadata.Hive: Total time spent in each metastore function (ms): {isCompatibleWith_(Configuration)=0, getTable_(GetTableRequest)=24, updateTransactionalStatistics_(UpdateTransactionalStatsRequest)=0, alter_table_(String, String, String, Table, EnvironmentContext, String)=39}
MapReduce Jobs Launched: 
2024-04-24T04:54:42,819  INFO [main] ql.Driver: MapReduce Jobs Launched: 
Stage-Stage-1:  HDFS Read: 0 HDFS Write: 0 SUCCESS
2024-04-24T04:54:42,819  INFO [main] ql.Driver: Stage-Stage-1:  HDFS Read: 0 HDFS Write: 0 SUCCESS
Total MapReduce CPU Time Spent: 0 msec
2024-04-24T04:54:42,819  INFO [main] ql.Driver: Total MapReduce CPU Time Spent: 0 msec
2024-04-24T04:54:42,819  INFO [main] ql.Driver: Completed executing command(queryId=alex_20240424045441_12464029-5f0f-4965-8f3b-51ce818cdcbc); Time taken: 1.341 seconds
2024-04-24T04:54:42,819  INFO [main] lockmgr.DbTxnManager: Stopped heartbeat for query: alex_20240424045441_12464029-5f0f-4965-8f3b-51ce818cdcbc
2024-04-24T04:54:42,828  INFO [main] txn.TxnHandler: Removed transactions: ([16]) from MIN_HISTORY_LEVEL
2024-04-24T04:54:42,829  WARN [main] txn.CompactionTxnHandler: No compaction queue record found for Compaction type transaction commit. txnId:16
2024-04-24T04:54:42,829  INFO [main] ql.TxnCommandsBaseForTests: Running the query: update T set a=3 where b=2
2024-04-24T04:54:42,829  INFO [main] ql.Context: Deleting scratch dir: file:/home/alex/Repositories/hive/ql/target/tmp/localscratchdir/fbcf9b3f-a387-4632-acda-ff2b32f494df/hive_2024-04-24_04-54-41_317_4981634377362222730-1
2024-04-24T04:54:42,830  INFO [main] cleanup.SyncCleanupService: Deleted directory: file:/home/alex/Repositories/hive/ql/target/tmp/localscratchdir/fbcf9b3f-a387-4632-acda-ff2b32f494df/hive_2024-04-24_04-54-41_317_4981634377362222730-1 on fs with scheme file
2024-04-24T04:54:42,830  INFO [main] ql.Driver: Compiling command(queryId=alex_20240424045442_f4accede-7706-43c5-a991-378ec31c865c): update T set a=3 where b=2
2024-04-24T04:54:42,833  INFO [main] txn.TxnHandler: Added entries to MIN_HISTORY_LEVEL for current txns: ([17]) with min_open_txn: 17
2024-04-24T04:54:42,833  INFO [main] lockmgr.DbTxnManager: Opened txnid:17
2024-04-24T04:54:42,834  INFO [main] parse.UpdateDeleteSemanticAnalyzer: Starting caching scope for: 
2024-04-24T04:54:42,834  INFO [main] HiveMetaStore.audit: ugi=alex	ip=unknown-ip-addr	cmd=get_table : tbl=hive.default.T	
2024-04-24T04:54:42,840  INFO [main] metastore.HMSHandler: Skipping translation for processor with null
2024-04-24T04:54:42,841  INFO [main] parse.RewriteSemanticAnalyzer: Going to reparse <update T set a=3 where b=2> as 
<insert into table `default`.`T` select ROW__ID,`a`,`b` from `default`.`T` sort by ROW__ID >
2024-04-24T04:54:42,841  INFO [main] parse.UpdateDeleteSemanticAnalyzer: Starting Semantic Analysis
2024-04-24T04:54:42,845  INFO [main] HiveMetaStore.audit: ugi=alex	ip=unknown-ip-addr	cmd=get_table : tbl=hive.default.T	
2024-04-24T04:54:42,852  INFO [main] metastore.HMSHandler: Skipping translation for processor with null
2024-04-24T04:54:42,852  INFO [main] parse.UpdateDeleteSemanticAnalyzer: Completed phase 1 of Semantic Analysis
2024-04-24T04:54:42,852  INFO [main] parse.UpdateDeleteSemanticAnalyzer: Get metadata for source tables
2024-04-24T04:54:42,853  INFO [main] HiveMetaStore.audit: ugi=alex	ip=unknown-ip-addr	cmd=get_table : tbl=hive.default.t	
2024-04-24T04:54:42,859  INFO [main] metastore.HMSHandler: Skipping translation for processor with null
2024-04-24T04:54:42,859  INFO [main] parse.UpdateDeleteSemanticAnalyzer: Get metadata for subqueries
2024-04-24T04:54:42,859  INFO [main] parse.UpdateDeleteSemanticAnalyzer: Get metadata for destination tables
2024-04-24T04:54:42,860  INFO [main] HiveMetaStore.audit: ugi=alex	ip=unknown-ip-addr	cmd=get_table : tbl=hive.default.T	
2024-04-24T04:54:42,866  INFO [main] metastore.HMSHandler: Skipping translation for processor with null
2024-04-24T04:54:42,867  INFO [main] parse.UpdateDeleteSemanticAnalyzer: Completed getting MetaData in Semantic Analysis
2024-04-24T04:54:42,867  INFO [main] parse.UpdateDeleteSemanticAnalyzer: Disabling LLAP IO encode as ETL query is detected
2024-04-24T04:54:42,878  INFO [main] HiveMetaStore.audit: ugi=alex	ip=unknown-ip-addr	cmd=get_all_table_constraints : tbl=hive.default.t	
2024-04-24T04:54:42,886  INFO [main] HiveMetaStore.audit: ugi=alex	ip=unknown-ip-addr	cmd=get_not_null_constraints : tbl=hive.default.t	
2024-04-24T04:54:42,888  INFO [main] HiveMetaStore.audit: ugi=alex	ip=unknown-ip-addr	cmd=get_check_constraints : tbl=hive.default.t	
2024-04-24T04:54:42,912  INFO [main] calcite.RelOptHiveTable: Calculating column statistics for default.t, projIndxSet: [1], allowMissingStats: true
2024-04-24T04:54:42,912  INFO [main] HiveMetaStore.audit: ugi=alex	ip=unknown-ip-addr	cmd=get_table : tbl=hive.default.t	
2024-04-24T04:54:42,922  INFO [main] metastore.HMSHandler: Skipping translation for processor with null
2024-04-24T04:54:42,923  INFO [main] HiveMetaStore.audit: ugi=alex	ip=unknown-ip-addr	cmd=get_table : tbl=hive.default.t	
2024-04-24T04:54:42,932  INFO [main] metastore.HMSHandler: Skipping translation for processor with null
2024-04-24T04:54:42,933  INFO [main] HiveMetaStore.audit: ugi=alex	ip=unknown-ip-addr	cmd=get_table_statistics_req: table=hive.default.t	
2024-04-24T04:54:42,943  WARN [main] calcite.RelOptHiveTable: No Stats for default@t, Columns: b
No Stats for default@t, Columns: b
2024-04-24T04:54:42,943  INFO [main] SessionState: No Stats for default@t, Columns: b
2024-04-24T04:54:43,009  INFO [main] parse.UpdateDeleteSemanticAnalyzer: Get metadata for source tables
2024-04-24T04:54:43,010  INFO [main] parse.UpdateDeleteSemanticAnalyzer: Get metadata for subqueries
2024-04-24T04:54:43,010  INFO [main] parse.UpdateDeleteSemanticAnalyzer: Get metadata for destination tables
2024-04-24T04:54:43,010  INFO [main] HiveMetaStore.audit: ugi=alex	ip=unknown-ip-addr	cmd=get_table : tbl=hive.default.T	
2024-04-24T04:54:43,016  INFO [main] metastore.HMSHandler: Skipping translation for processor with null
2024-04-24T04:54:43,020 ERROR [main] parse.UpdateDeleteSemanticAnalyzer: CBO failed, skipping CBO. 
org.apache.hadoop.hive.ql.exec.NoMatchingMethodException: No matching method for class org.apache.hadoop.hive.ql.udf.UDFToInteger with (struct<writeid:bigint,bucketid:int,rowid:bigint>). Possible choices: _FUNC_(bigint)  _FUNC_(boolean)  _FUNC_(decimal(38,18))  _FUNC_(double)  _FUNC_(float)  _FUNC_(smallint)  _FUNC_(string)  _FUNC_(struct<bucketid:bigint,writeid:bigint,rowid:int>)  _FUNC_(timestamp)  _FUNC_(tinyint)  _FUNC_(void)  
	at org.apache.hadoop.hive.ql.exec.MethodUtils.getMethodInternal(MethodUtils.java:130) ~[classes/:?]
	at org.apache.hadoop.hive.ql.exec.MethodUtils.getMethodInternal(MethodUtils.java:60) ~[classes/:?]
	at org.apache.hadoop.hive.ql.exec.DefaultUDFMethodResolver.getEvalMethod(DefaultUDFMethodResolver.java:59) ~[classes/:?]
	at org.apache.hadoop.hive.ql.udf.TimestampCastRestrictorResolver.getEvalMethod(TimestampCastRestrictorResolver.java:68) ~[classes/:?]
	at org.apache.hadoop.hive.ql.udf.generic.GenericUDFBridge.initialize(GenericUDFBridge.java:168) ~[classes/:?]
	at org.apache.hadoop.hive.ql.udf.generic.GenericUDF.initializeAndFoldConstants(GenericUDF.java:149) ~[classes/:?]
	at org.apache.hadoop.hive.ql.plan.ExprNodeGenericFuncDesc.newInstance(ExprNodeGenericFuncDesc.java:235) ~[classes/:?]
	at org.apache.hadoop.hive.ql.parse.type.ExprNodeDescExprFactory.createFuncCallExpr(ExprNodeDescExprFactory.java:584) ~[classes/:?]
	at org.apache.hadoop.hive.ql.parse.type.ExprNodeDescExprFactory.createFuncCallExpr(ExprNodeDescExprFactory.java:97) ~[classes/:?]
	at org.apache.hadoop.hive.ql.parse.type.TypeCheckProcFactory$DefaultExprProcessor.getFuncExprNodeDescWithUdfData(TypeCheckProcFactory.java:762) ~[classes/:?]
	at org.apache.hadoop.hive.ql.parse.type.TypeCheckProcFactory$DefaultExprProcessor.createConversionCast(TypeCheckProcFactory.java:783) ~[classes/:?]
	at org.apache.hadoop.hive.ql.parse.SemanticAnalyzer.getPartitionColsFromBucketColsForUpdateDelete(SemanticAnalyzer.java:8725) ~[classes/:?]
	at org.apache.hadoop.hive.ql.parse.SemanticAnalyzer.genBucketingSortingDest(SemanticAnalyzer.java:6914) ~[classes/:?]
	at org.apache.hadoop.hive.ql.parse.SemanticAnalyzer.genFileSinkPlan(SemanticAnalyzer.java:7335) ~[classes/:?]
	at org.apache.hadoop.hive.ql.parse.SemanticAnalyzer.genPostGroupByBodyPlan(SemanticAnalyzer.java:11063) ~[classes/:?]
	at org.apache.hadoop.hive.ql.parse.SemanticAnalyzer.genBodyPlan(SemanticAnalyzer.java:10938) ~[classes/:?]
	at org.apache.hadoop.hive.ql.parse.SemanticAnalyzer.genPlan(SemanticAnalyzer.java:11853) ~[classes/:?]
	at org.apache.hadoop.hive.ql.parse.SemanticAnalyzer.genPlan(SemanticAnalyzer.java:11723) ~[classes/:?]
	at org.apache.hadoop.hive.ql.parse.CalcitePlanner.genOPTree(CalcitePlanner.java:626) ~[classes/:?]
	at org.apache.hadoop.hive.ql.parse.SemanticAnalyzer.analyzeInternal(SemanticAnalyzer.java:12558) ~[classes/:?]
	at org.apache.hadoop.hive.ql.parse.CalcitePlanner.analyzeInternal(CalcitePlanner.java:456) ~[classes/:?]
	at org.apache.hadoop.hive.ql.parse.RewriteSemanticAnalyzer.analyzeInternal(RewriteSemanticAnalyzer.java:67) ~[classes/:?]
	at org.apache.hadoop.hive.ql.parse.BaseSemanticAnalyzer.analyze(BaseSemanticAnalyzer.java:317) ~[classes/:?]
	at org.apache.hadoop.hive.ql.parse.UpdateDeleteSemanticAnalyzer.reparseAndSuperAnalyze(UpdateDeleteSemanticAnalyzer.java:208) ~[classes/:?]
	at org.apache.hadoop.hive.ql.parse.UpdateDeleteSemanticAnalyzer.analyzeUpdate(UpdateDeleteSemanticAnalyzer.java:63) ~[classes/:?]
	at org.apache.hadoop.hive.ql.parse.UpdateDeleteSemanticAnalyzer.analyze(UpdateDeleteSemanticAnalyzer.java:53) ~[classes/:?]
	at org.apache.hadoop.hive.ql.parse.RewriteSemanticAnalyzer.analyzeInternal(RewriteSemanticAnalyzer.java:72) ~[classes/:?]
	at org.apache.hadoop.hive.ql.parse.BaseSemanticAnalyzer.analyze(BaseSemanticAnalyzer.java:317) ~[classes/:?]
	at org.apache.hadoop.hive.ql.Compiler.analyze(Compiler.java:223) ~[classes/:?]
	at org.apache.hadoop.hive.ql.Compiler.compile(Compiler.java:105) ~[classes/:?]
	at org.apache.hadoop.hive.ql.Driver.compile(Driver.java:500) ~[classes/:?]
	at org.apache.hadoop.hive.ql.Driver.compileInternal(Driver.java:453) ~[classes/:?]
	at org.apache.hadoop.hive.ql.Driver.runInternal(Driver.java:181) ~[classes/:?]
	at org.apache.hadoop.hive.ql.Driver.run(Driver.java:153) ~[classes/:?]
	at org.apache.hadoop.hive.ql.Driver.run(Driver.java:140) ~[classes/:?]
	at org.apache.hadoop.hive.ql.TxnCommandsBaseForTests.runStatementOnDriver(TxnCommandsBaseForTests.java:245) ~[test-classes/:?]
	at org.apache.hadoop.hive.ql.TestTxnCommands3.testMinorCompactionAbortLeftoverFiles(TestTxnCommands3.java:535) ~[test-classes/:?]
	at sun.reflect.NativeMethodAccessorImpl.invoke0(Native Method) ~[?:1.8.0_402]
	at sun.reflect.NativeMethodAccessorImpl.invoke(NativeMethodAccessorImpl.java:62) ~[?:1.8.0_402]
	at sun.reflect.DelegatingMethodAccessorImpl.invoke(DelegatingMethodAccessorImpl.java:43) ~[?:1.8.0_402]
	at java.lang.reflect.Method.invoke(Method.java:498) ~[?:1.8.0_402]
	at org.junit.runners.model.FrameworkMethod$1.runReflectiveCall(FrameworkMethod.java:59) ~[junit-4.13.jar:4.13]
	at org.junit.internal.runners.model.ReflectiveCallable.run(ReflectiveCallable.java:12) ~[junit-4.13.jar:4.13]
	at org.junit.runners.model.FrameworkMethod.invokeExplosively(FrameworkMethod.java:56) ~[junit-4.13.jar:4.13]
	at org.junit.internal.runners.statements.InvokeMethod.evaluate(InvokeMethod.java:17) ~[junit-4.13.jar:4.13]
	at org.junit.internal.runners.statements.RunBefores.evaluate(RunBefores.java:26) ~[junit-4.13.jar:4.13]
	at org.junit.internal.runners.statements.RunAfters.evaluate(RunAfters.java:27) ~[junit-4.13.jar:4.13]
	at org.junit.rules.TestWatcher$1.evaluate(TestWatcher.java:61) ~[junit-4.13.jar:4.13]
	at org.junit.runners.ParentRunner$3.evaluate(ParentRunner.java:306) ~[junit-4.13.jar:4.13]
	at org.junit.runners.BlockJUnit4ClassRunner$1.evaluate(BlockJUnit4ClassRunner.java:100) ~[junit-4.13.jar:4.13]
	at org.junit.runners.ParentRunner.runLeaf(ParentRunner.java:366) ~[junit-4.13.jar:4.13]
	at org.junit.runners.BlockJUnit4ClassRunner.runChild(BlockJUnit4ClassRunner.java:103) ~[junit-4.13.jar:4.13]
	at org.junit.runners.BlockJUnit4ClassRunner.runChild(BlockJUnit4ClassRunner.java:63) ~[junit-4.13.jar:4.13]
	at org.junit.runners.ParentRunner$4.run(ParentRunner.java:331) ~[junit-4.13.jar:4.13]
	at org.junit.runners.ParentRunner$1.schedule(ParentRunner.java:79) ~[junit-4.13.jar:4.13]
	at org.junit.runners.ParentRunner.runChildren(ParentRunner.java:329) ~[junit-4.13.jar:4.13]
	at org.junit.runners.ParentRunner.access$100(ParentRunner.java:66) ~[junit-4.13.jar:4.13]
	at org.junit.runners.ParentRunner$2.evaluate(ParentRunner.java:293) ~[junit-4.13.jar:4.13]
	at org.junit.runners.ParentRunner$3.evaluate(ParentRunner.java:306) ~[junit-4.13.jar:4.13]
	at org.junit.runners.ParentRunner.run(ParentRunner.java:413) ~[junit-4.13.jar:4.13]
	at org.junit.runner.JUnitCore.run(JUnitCore.java:137) ~[junit-4.13.jar:4.13]
	at org.junit.runner.JUnitCore.run(JUnitCore.java:115) ~[junit-4.13.jar:4.13]
	at org.junit.vintage.engine.execution.RunnerExecutor.execute(RunnerExecutor.java:43) ~[junit-vintage-engine-5.6.2.jar:5.6.2]
	at java.util.stream.ForEachOps$ForEachOp$OfRef.accept(ForEachOps.java:183) ~[?:1.8.0_402]
	at java.util.stream.ReferencePipeline$3$1.accept(ReferencePipeline.java:193) ~[?:1.8.0_402]
	at java.util.Iterator.forEachRemaining(Iterator.java:116) ~[?:1.8.0_402]
	at java.util.Spliterators$IteratorSpliterator.forEachRemaining(Spliterators.java:1801) ~[?:1.8.0_402]
	at java.util.stream.AbstractPipeline.copyInto(AbstractPipeline.java:482) ~[?:1.8.0_402]
	at java.util.stream.AbstractPipeline.wrapAndCopyInto(AbstractPipeline.java:472) ~[?:1.8.0_402]
	at java.util.stream.ForEachOps$ForEachOp.evaluateSequential(ForEachOps.java:150) ~[?:1.8.0_402]
	at java.util.stream.ForEachOps$ForEachOp$OfRef.evaluateSequential(ForEachOps.java:173) ~[?:1.8.0_402]
	at java.util.stream.AbstractPipeline.evaluate(AbstractPipeline.java:234) ~[?:1.8.0_402]
	at java.util.stream.ReferencePipeline.forEach(ReferencePipeline.java:485) ~[?:1.8.0_402]
	at org.junit.vintage.engine.VintageTestEngine.executeAllChildren(VintageTestEngine.java:82) ~[junit-vintage-engine-5.6.2.jar:5.6.2]
	at org.junit.vintage.engine.VintageTestEngine.execute(VintageTestEngine.java:73) ~[junit-vintage-engine-5.6.2.jar:5.6.2]
	at org.junit.platform.launcher.core.DefaultLauncher.execute(DefaultLauncher.java:248) ~[junit-platform-launcher-1.6.2.jar:1.6.2]
	at org.junit.platform.launcher.core.DefaultLauncher.lambda$execute$5(DefaultLauncher.java:211) ~[junit-platform-launcher-1.6.2.jar:1.6.2]
	at org.junit.platform.launcher.core.DefaultLauncher.withInterceptedStreams(DefaultLauncher.java:226) [junit-platform-launcher-1.6.2.jar:1.6.2]
	at org.junit.platform.launcher.core.DefaultLauncher.execute(DefaultLauncher.java:199) [junit-platform-launcher-1.6.2.jar:1.6.2]
	at org.junit.platform.launcher.core.DefaultLauncher.execute(DefaultLauncher.java:132) [junit-platform-launcher-1.6.2.jar:1.6.2]
	at org.apache.maven.surefire.junitplatform.JUnitPlatformProvider.invokeAllTests(JUnitPlatformProvider.java:154) [surefire-junit-platform-3.0.0-M4.jar:3.0.0-M4]
	at org.apache.maven.surefire.junitplatform.JUnitPlatformProvider.invoke(JUnitPlatformProvider.java:123) [surefire-junit-platform-3.0.0-M4.jar:3.0.0-M4]
	at org.apache.maven.surefire.booter.ForkedBooter.runSuitesInProcess(ForkedBooter.java:377) [surefire-booter-3.0.0-M4.jar:3.0.0-M4]
	at org.apache.maven.surefire.booter.ForkedBooter.execute(ForkedBooter.java:138) [surefire-booter-3.0.0-M4.jar:3.0.0-M4]
	at org.apache.maven.surefire.booter.ForkedBooter.run(ForkedBooter.java:465) [surefire-booter-3.0.0-M4.jar:3.0.0-M4]
	at org.apache.maven.surefire.booter.ForkedBooter.main(ForkedBooter.java:451) [surefire-booter-3.0.0-M4.jar:3.0.0-M4]
2024-04-24T04:54:43,020 ERROR [main] parse.UpdateDeleteSemanticAnalyzer: CBO failed due to missing column stats (see previous errors), skipping CBO
2024-04-24T04:54:43,020  INFO [main] parse.UpdateDeleteSemanticAnalyzer: Ending caching scope for: 
FAILED: NoMatchingMethodException No matching method for class org.apache.hadoop.hive.ql.udf.UDFToInteger with (struct<writeid:bigint,bucketid:int,rowid:bigint>). Possible choices: _FUNC_(bigint)  _FUNC_(boolean)  _FUNC_(decimal(38,18))  _FUNC_(double)  _FUNC_(float)  _FUNC_(smallint)  _FUNC_(string)  _FUNC_(struct<bucketid:bigint,writeid:bigint,rowid:int>)  _FUNC_(timestamp)  _FUNC_(tinyint)  _FUNC_(void)  
2024-04-24T04:54:43,021 ERROR [main] ql.Driver: FAILED: NoMatchingMethodException No matching method for class org.apache.hadoop.hive.ql.udf.UDFToInteger with (struct<writeid:bigint,bucketid:int,rowid:bigint>). Possible choices: _FUNC_(bigint)  _FUNC_(boolean)  _FUNC_(decimal(38,18))  _FUNC_(double)  _FUNC_(float)  _FUNC_(smallint)  _FUNC_(string)  _FUNC_(struct<bucketid:bigint,writeid:bigint,rowid:int>)  _FUNC_(timestamp)  _FUNC_(tinyint)  _FUNC_(void)  
org.apache.hadoop.hive.ql.exec.NoMatchingMethodException: No matching method for class org.apache.hadoop.hive.ql.udf.UDFToInteger with (struct<writeid:bigint,bucketid:int,rowid:bigint>). Possible choices: _FUNC_(bigint)  _FUNC_(boolean)  _FUNC_(decimal(38,18))  _FUNC_(double)  _FUNC_(float)  _FUNC_(smallint)  _FUNC_(string)  _FUNC_(struct<bucketid:bigint,writeid:bigint,rowid:int>)  _FUNC_(timestamp)  _FUNC_(tinyint)  _FUNC_(void)  
	at org.apache.hadoop.hive.ql.exec.MethodUtils.getMethodInternal(MethodUtils.java:130)
	at org.apache.hadoop.hive.ql.exec.MethodUtils.getMethodInternal(MethodUtils.java:60)
	at org.apache.hadoop.hive.ql.exec.DefaultUDFMethodResolver.getEvalMethod(DefaultUDFMethodResolver.java:59)
	at org.apache.hadoop.hive.ql.udf.TimestampCastRestrictorResolver.getEvalMethod(TimestampCastRestrictorResolver.java:68)
	at org.apache.hadoop.hive.ql.udf.generic.GenericUDFBridge.initialize(GenericUDFBridge.java:168)
	at org.apache.hadoop.hive.ql.udf.generic.GenericUDF.initializeAndFoldConstants(GenericUDF.java:149)
	at org.apache.hadoop.hive.ql.plan.ExprNodeGenericFuncDesc.newInstance(ExprNodeGenericFuncDesc.java:235)
	at org.apache.hadoop.hive.ql.parse.type.ExprNodeDescExprFactory.createFuncCallExpr(ExprNodeDescExprFactory.java:584)
	at org.apache.hadoop.hive.ql.parse.type.ExprNodeDescExprFactory.createFuncCallExpr(ExprNodeDescExprFactory.java:97)
	at org.apache.hadoop.hive.ql.parse.type.TypeCheckProcFactory$DefaultExprProcessor.getFuncExprNodeDescWithUdfData(TypeCheckProcFactory.java:762)
	at org.apache.hadoop.hive.ql.parse.type.TypeCheckProcFactory$DefaultExprProcessor.createConversionCast(TypeCheckProcFactory.java:783)
	at org.apache.hadoop.hive.ql.parse.SemanticAnalyzer.getPartitionColsFromBucketColsForUpdateDelete(SemanticAnalyzer.java:8725)
	at org.apache.hadoop.hive.ql.parse.SemanticAnalyzer.genBucketingSortingDest(SemanticAnalyzer.java:6914)
	at org.apache.hadoop.hive.ql.parse.SemanticAnalyzer.genFileSinkPlan(SemanticAnalyzer.java:7335)
	at org.apache.hadoop.hive.ql.parse.SemanticAnalyzer.genPostGroupByBodyPlan(SemanticAnalyzer.java:11063)
	at org.apache.hadoop.hive.ql.parse.SemanticAnalyzer.genBodyPlan(SemanticAnalyzer.java:10938)
	at org.apache.hadoop.hive.ql.parse.SemanticAnalyzer.genPlan(SemanticAnalyzer.java:11853)
	at org.apache.hadoop.hive.ql.parse.SemanticAnalyzer.genPlan(SemanticAnalyzer.java:11723)
	at org.apache.hadoop.hive.ql.parse.CalcitePlanner.genOPTree(CalcitePlanner.java:626)
	at org.apache.hadoop.hive.ql.parse.SemanticAnalyzer.analyzeInternal(SemanticAnalyzer.java:12558)
	at org.apache.hadoop.hive.ql.parse.CalcitePlanner.analyzeInternal(CalcitePlanner.java:456)
	at org.apache.hadoop.hive.ql.parse.RewriteSemanticAnalyzer.analyzeInternal(RewriteSemanticAnalyzer.java:67)
	at org.apache.hadoop.hive.ql.parse.BaseSemanticAnalyzer.analyze(BaseSemanticAnalyzer.java:317)
	at org.apache.hadoop.hive.ql.parse.UpdateDeleteSemanticAnalyzer.reparseAndSuperAnalyze(UpdateDeleteSemanticAnalyzer.java:208)
	at org.apache.hadoop.hive.ql.parse.UpdateDeleteSemanticAnalyzer.analyzeUpdate(UpdateDeleteSemanticAnalyzer.java:63)
	at org.apache.hadoop.hive.ql.parse.UpdateDeleteSemanticAnalyzer.analyze(UpdateDeleteSemanticAnalyzer.java:53)
	at org.apache.hadoop.hive.ql.parse.RewriteSemanticAnalyzer.analyzeInternal(RewriteSemanticAnalyzer.java:72)
	at org.apache.hadoop.hive.ql.parse.BaseSemanticAnalyzer.analyze(BaseSemanticAnalyzer.java:317)
	at org.apache.hadoop.hive.ql.Compiler.analyze(Compiler.java:223)
	at org.apache.hadoop.hive.ql.Compiler.compile(Compiler.java:105)
	at org.apache.hadoop.hive.ql.Driver.compile(Driver.java:500)
	at org.apache.hadoop.hive.ql.Driver.compileInternal(Driver.java:453)
	at org.apache.hadoop.hive.ql.Driver.runInternal(Driver.java:181)
	at org.apache.hadoop.hive.ql.Driver.run(Driver.java:153)
	at org.apache.hadoop.hive.ql.Driver.run(Driver.java:140)
	at org.apache.hadoop.hive.ql.TxnCommandsBaseForTests.runStatementOnDriver(TxnCommandsBaseForTests.java:245)
	at org.apache.hadoop.hive.ql.TestTxnCommands3.testMinorCompactionAbortLeftoverFiles(TestTxnCommands3.java:535)
	at sun.reflect.NativeMethodAccessorImpl.invoke0(Native Method)
	at sun.reflect.NativeMethodAccessorImpl.invoke(NativeMethodAccessorImpl.java:62)
	at sun.reflect.DelegatingMethodAccessorImpl.invoke(DelegatingMethodAccessorImpl.java:43)
	at java.lang.reflect.Method.invoke(Method.java:498)
	at org.junit.runners.model.FrameworkMethod$1.runReflectiveCall(FrameworkMethod.java:59)
	at org.junit.internal.runners.model.ReflectiveCallable.run(ReflectiveCallable.java:12)
	at org.junit.runners.model.FrameworkMethod.invokeExplosively(FrameworkMethod.java:56)
	at org.junit.internal.runners.statements.InvokeMethod.evaluate(InvokeMethod.java:17)
	at org.junit.internal.runners.statements.RunBefores.evaluate(RunBefores.java:26)
	at org.junit.internal.runners.statements.RunAfters.evaluate(RunAfters.java:27)
	at org.junit.rules.TestWatcher$1.evaluate(TestWatcher.java:61)
	at org.junit.runners.ParentRunner$3.evaluate(ParentRunner.java:306)
	at org.junit.runners.BlockJUnit4ClassRunner$1.evaluate(BlockJUnit4ClassRunner.java:100)
	at org.junit.runners.ParentRunner.runLeaf(ParentRunner.java:366)
	at org.junit.runners.BlockJUnit4ClassRunner.runChild(BlockJUnit4ClassRunner.java:103)
	at org.junit.runners.BlockJUnit4ClassRunner.runChild(BlockJUnit4ClassRunner.java:63)
	at org.junit.runners.ParentRunner$4.run(ParentRunner.java:331)
	at org.junit.runners.ParentRunner$1.schedule(ParentRunner.java:79)
	at org.junit.runners.ParentRunner.runChildren(ParentRunner.java:329)
	at org.junit.runners.ParentRunner.access$100(ParentRunner.java:66)
	at org.junit.runners.ParentRunner$2.evaluate(ParentRunner.java:293)
	at org.junit.runners.ParentRunner$3.evaluate(ParentRunner.java:306)
	at org.junit.runners.ParentRunner.run(ParentRunner.java:413)
	at org.junit.runner.JUnitCore.run(JUnitCore.java:137)
	at org.junit.runner.JUnitCore.run(JUnitCore.java:115)
	at org.junit.vintage.engine.execution.RunnerExecutor.execute(RunnerExecutor.java:43)
	at java.util.stream.ForEachOps$ForEachOp$OfRef.accept(ForEachOps.java:183)
	at java.util.stream.ReferencePipeline$3$1.accept(ReferencePipeline.java:193)
	at java.util.Iterator.forEachRemaining(Iterator.java:116)
	at java.util.Spliterators$IteratorSpliterator.forEachRemaining(Spliterators.java:1801)
	at java.util.stream.AbstractPipeline.copyInto(AbstractPipeline.java:482)
	at java.util.stream.AbstractPipeline.wrapAndCopyInto(AbstractPipeline.java:472)
	at java.util.stream.ForEachOps$ForEachOp.evaluateSequential(ForEachOps.java:150)
	at java.util.stream.ForEachOps$ForEachOp$OfRef.evaluateSequential(ForEachOps.java:173)
	at java.util.stream.AbstractPipeline.evaluate(AbstractPipeline.java:234)
	at java.util.stream.ReferencePipeline.forEach(ReferencePipeline.java:485)
	at org.junit.vintage.engine.VintageTestEngine.executeAllChildren(VintageTestEngine.java:82)
	at org.junit.vintage.engine.VintageTestEngine.execute(VintageTestEngine.java:73)
	at org.junit.platform.launcher.core.DefaultLauncher.execute(DefaultLauncher.java:248)
	at org.junit.platform.launcher.core.DefaultLauncher.lambda$execute$5(DefaultLauncher.java:211)
	at org.junit.platform.launcher.core.DefaultLauncher.withInterceptedStreams(DefaultLauncher.java:226)
	at org.junit.platform.launcher.core.DefaultLauncher.execute(DefaultLauncher.java:199)
	at org.junit.platform.launcher.core.DefaultLauncher.execute(DefaultLauncher.java:132)
	at org.apache.maven.surefire.junitplatform.JUnitPlatformProvider.invokeAllTests(JUnitPlatformProvider.java:154)
	at org.apache.maven.surefire.junitplatform.JUnitPlatformProvider.invoke(JUnitPlatformProvider.java:123)
	at org.apache.maven.surefire.booter.ForkedBooter.runSuitesInProcess(ForkedBooter.java:377)
	at org.apache.maven.surefire.booter.ForkedBooter.execute(ForkedBooter.java:138)
	at org.apache.maven.surefire.booter.ForkedBooter.run(ForkedBooter.java:465)
	at org.apache.maven.surefire.booter.ForkedBooter.main(ForkedBooter.java:451)

2024-04-24T04:54:43,021  INFO [main] metadata.Hive: Dumping metastore api call timing information for : compilation phase
2024-04-24T04:54:43,021  INFO [main] metadata.Hive: Total time spent in each metastore function (ms): {getValidWriteIds_(List, String)=6, getTableColumnStatistics_(String, String, List, String)=31, getAllTableConstraints_(AllTableConstraintsRequest)=5, getCheckConstraints_(CheckConstraintsRequest)=2, getNotNullConstraints_(NotNullConstraintsRequest)=2, commitTxn_(CommitTxnRequest)=10, openTxn_(String, TxnType)=2, getValidTxns_(long)=1, isCompatibleWith_(Configuration)=0, getTable_(GetTableRequest)=32, flushCache_()=0}
2024-04-24T04:54:43,022  INFO [main] ql.Driver: Completed compiling command(queryId=alex_20240424045442_f4accede-7706-43c5-a991-378ec31c865c); Time taken: 0.191 seconds
2024-04-24T04:54:43,022  INFO [main] lockmgr.DbTxnManager: Stopped heartbeat for query: null
2024-04-24T04:54:43,025  INFO [main] txn.TxnHandler: Removed transactions: ([17]) from MIN_HISTORY_LEVEL
2024-04-24T04:54:43,030  INFO [main] ql.TxnCommandsBaseForTests: Running the query: drop table if exists acidTbl
2024-04-24T04:54:43,031  INFO [main] ql.Driver: Compiling command(queryId=alex_20240424045443_651dbe2a-87fc-4958-a196-4d05d48b945c): drop table if exists acidTbl
2024-04-24T04:54:43,033  INFO [main] txn.TxnHandler: Added entries to MIN_HISTORY_LEVEL for current txns: ([18]) with min_open_txn: 17
2024-04-24T04:54:43,033  INFO [main] lockmgr.DbTxnManager: Opened txnid:18
2024-04-24T04:54:43,035  INFO [main] HiveMetaStore.audit: ugi=alex	ip=unknown-ip-addr	cmd=get_table : tbl=hive.default.acidTbl	
2024-04-24T04:54:43,041  INFO [main] metastore.HMSHandler: Skipping translation for processor with null
2024-04-24T04:54:43,041  INFO [main] ql.Driver: Semantic Analysis Completed (retrial = false)
2024-04-24T04:54:43,041  INFO [main] ql.Driver: Created Hive schema: Schema(fieldSchemas:null, properties:null)
2024-04-24T04:54:43,041  INFO [main] metadata.Hive: Dumping metastore api call timing information for : compilation phase
2024-04-24T04:54:43,041  INFO [main] metadata.Hive: Total time spent in each metastore function (ms): {openTxn_(String, TxnType)=2, getTable_(GetTableRequest)=7, isCompatibleWith_(Configuration)=1, getValidTxns_(long)=0, rollbackTxn_(long)=8, flushCache_()=0}
2024-04-24T04:54:43,041  INFO [main] ql.Driver: Completed compiling command(queryId=alex_20240424045443_651dbe2a-87fc-4958-a196-4d05d48b945c); Time taken: 0.01 seconds
2024-04-24T04:54:43,042  INFO [main] lockmgr.DbTxnManager: Setting lock request transaction to txnid:18 for queryId=alex_20240424045443_651dbe2a-87fc-4958-a196-4d05d48b945c
2024-04-24T04:54:43,042  INFO [main] lockmgr.DbLockManager: Requesting lock for queryId=alex_20240424045443_651dbe2a-87fc-4958-a196-4d05d48b945c
2024-04-24T04:54:43,054  INFO [main] lockmgr.DbLockManager: Response to queryId=alex_20240424045443_651dbe2a-87fc-4958-a196-4d05d48b945c LockResponse(lockid:11, state:ACQUIRED)
2024-04-24T04:54:43,054  INFO [main] ql.Driver: Operation DROPTABLE obtained 1 locks
2024-04-24T04:54:43,054  INFO [main] ql.Driver: Executing command(queryId=alex_20240424045443_651dbe2a-87fc-4958-a196-4d05d48b945c): drop table if exists acidTbl
2024-04-24T04:54:43,055  INFO [main] ql.Driver: Starting task [Stage-0:DDL] in serial mode
2024-04-24T04:54:43,055  INFO [main] HiveMetaStore.audit: ugi=alex	ip=unknown-ip-addr	cmd=get_table : tbl=hive.default.acidTbl	
2024-04-24T04:54:43,061  INFO [main] metastore.HMSHandler: Skipping translation for processor with null
2024-04-24T04:54:43,061  INFO [main] HiveMetaStore.audit: ugi=alex	ip=unknown-ip-addr	cmd=get_table : tbl=hive.default.acidTbl	
2024-04-24T04:54:43,067  INFO [main] metastore.HMSHandler: Skipping translation for processor with null
2024-04-24T04:54:43,068  INFO [main] HiveMetaStore.audit: ugi=alex	ip=unknown-ip-addr	cmd=drop_table : tbl=hive.default.acidTbl	
2024-04-24T04:54:43,146  INFO [main] metadata.Hive: Dumping metastore api call timing information for : execution phase
2024-04-24T04:54:43,146  INFO [main] metadata.Hive: Total time spent in each metastore function (ms): {getTable_(GetTableRequest)=6, isCompatibleWith_(Configuration)=0, dropTable_(String, String, boolean, boolean, boolean)=85}
2024-04-24T04:54:43,146  INFO [main] ql.Driver: Completed executing command(queryId=alex_20240424045443_651dbe2a-87fc-4958-a196-4d05d48b945c); Time taken: 0.092 seconds
2024-04-24T04:54:43,146  INFO [main] lockmgr.DbTxnManager: Stopped heartbeat for query: alex_20240424045443_651dbe2a-87fc-4958-a196-4d05d48b945c
2024-04-24T04:54:43,150  INFO [main] txn.TxnHandler: Expected to move at least one record from txn_components to completed_txn_components when committing txn! txnid:18
2024-04-24T04:54:43,154  INFO [main] txn.TxnHandler: Removed transactions: ([18]) from MIN_HISTORY_LEVEL
2024-04-24T04:54:43,156  WARN [main] txn.CompactionTxnHandler: No compaction queue record found for Compaction type transaction commit. txnId:18
2024-04-24T04:54:43,156  INFO [main] ql.TxnCommandsBaseForTests: Running the query: drop table if exists acidTblPart
2024-04-24T04:54:43,157  INFO [main] ql.Driver: Compiling command(queryId=alex_20240424045443_ed3ed4b6-43ae-428a-a7b4-8872790caa41): drop table if exists acidTblPart
2024-04-24T04:54:43,159  INFO [main] txn.TxnHandler: Added entries to MIN_HISTORY_LEVEL for current txns: ([19]) with min_open_txn: 17
2024-04-24T04:54:43,160  INFO [main] lockmgr.DbTxnManager: Opened txnid:19
2024-04-24T04:54:43,162  INFO [main] HiveMetaStore.audit: ugi=alex	ip=unknown-ip-addr	cmd=get_table : tbl=hive.default.acidTblPart	
2024-04-24T04:54:43,169  INFO [main] metastore.HMSHandler: Skipping translation for processor with null
2024-04-24T04:54:43,169  INFO [main] ql.Driver: Semantic Analysis Completed (retrial = false)
2024-04-24T04:54:43,169  INFO [main] ql.Driver: Created Hive schema: Schema(fieldSchemas:null, properties:null)
2024-04-24T04:54:43,169  INFO [main] metadata.Hive: Dumping metastore api call timing information for : compilation phase
2024-04-24T04:54:43,169  INFO [main] metadata.Hive: Total time spent in each metastore function (ms): {getValidTxns_(long)=2, isCompatibleWith_(Configuration)=0, commitTxn_(CommitTxnRequest)=10, getTable_(GetTableRequest)=7, openTxn_(String, TxnType)=3, flushCache_()=0}
2024-04-24T04:54:43,170  INFO [main] ql.Driver: Completed compiling command(queryId=alex_20240424045443_ed3ed4b6-43ae-428a-a7b4-8872790caa41); Time taken: 0.013 seconds
2024-04-24T04:54:43,170  INFO [main] lockmgr.DbTxnManager: Setting lock request transaction to txnid:19 for queryId=alex_20240424045443_ed3ed4b6-43ae-428a-a7b4-8872790caa41
2024-04-24T04:54:43,170  INFO [main] lockmgr.DbLockManager: Requesting lock for queryId=alex_20240424045443_ed3ed4b6-43ae-428a-a7b4-8872790caa41
2024-04-24T04:54:43,185  INFO [main] lockmgr.DbLockManager: Response to queryId=alex_20240424045443_ed3ed4b6-43ae-428a-a7b4-8872790caa41 LockResponse(lockid:12, state:ACQUIRED)
2024-04-24T04:54:43,185  INFO [main] ql.Driver: Operation DROPTABLE obtained 1 locks
2024-04-24T04:54:43,185  INFO [main] ql.Driver: Executing command(queryId=alex_20240424045443_ed3ed4b6-43ae-428a-a7b4-8872790caa41): drop table if exists acidTblPart
2024-04-24T04:54:43,185  INFO [main] ql.Driver: Starting task [Stage-0:DDL] in serial mode
2024-04-24T04:54:43,186  INFO [main] HiveMetaStore.audit: ugi=alex	ip=unknown-ip-addr	cmd=get_table : tbl=hive.default.acidTblPart	
2024-04-24T04:54:43,192  INFO [main] metastore.HMSHandler: Skipping translation for processor with null
2024-04-24T04:54:43,193  INFO [main] HiveMetaStore.audit: ugi=alex	ip=unknown-ip-addr	cmd=get_table : tbl=hive.default.acidTblPart	
2024-04-24T04:54:43,199  INFO [main] metastore.HMSHandler: Skipping translation for processor with null
2024-04-24T04:54:43,199  INFO [main] HiveMetaStore.audit: ugi=alex	ip=unknown-ip-addr	cmd=drop_table : tbl=hive.default.acidTblPart	
2024-04-24T04:54:43,235  INFO [main] metadata.Hive: Dumping metastore api call timing information for : execution phase
2024-04-24T04:54:43,235  INFO [main] metadata.Hive: Total time spent in each metastore function (ms): {dropTable_(String, String, boolean, boolean, boolean)=43, getTable_(GetTableRequest)=6, isCompatibleWith_(Configuration)=1}
2024-04-24T04:54:43,236  INFO [main] ql.Driver: Completed executing command(queryId=alex_20240424045443_ed3ed4b6-43ae-428a-a7b4-8872790caa41); Time taken: 0.05 seconds
2024-04-24T04:54:43,236  INFO [main] lockmgr.DbTxnManager: Stopped heartbeat for query: alex_20240424045443_ed3ed4b6-43ae-428a-a7b4-8872790caa41
2024-04-24T04:54:43,239  INFO [main] txn.TxnHandler: Expected to move at least one record from txn_components to completed_txn_components when committing txn! txnid:19
2024-04-24T04:54:43,244  INFO [main] txn.TxnHandler: Removed transactions: ([19]) from MIN_HISTORY_LEVEL
2024-04-24T04:54:43,244  WARN [main] txn.CompactionTxnHandler: No compaction queue record found for Compaction type transaction commit. txnId:19
2024-04-24T04:54:43,244  INFO [main] ql.TxnCommandsBaseForTests: Running the query: drop table if exists acidTbl2
2024-04-24T04:54:43,245  INFO [main] ql.Driver: Compiling command(queryId=alex_20240424045443_42f4b38c-6e21-4b68-b9f3-dd9646ad1278): drop table if exists acidTbl2
2024-04-24T04:54:43,247  INFO [main] txn.TxnHandler: Added entries to MIN_HISTORY_LEVEL for current txns: ([20]) with min_open_txn: 17
2024-04-24T04:54:43,248  INFO [main] lockmgr.DbTxnManager: Opened txnid:20
2024-04-24T04:54:43,249  INFO [main] ql.Driver: Semantic Analysis Completed (retrial = false)
2024-04-24T04:54:43,249  INFO [main] ql.Driver: Created Hive schema: Schema(fieldSchemas:null, properties:null)
2024-04-24T04:54:43,249  INFO [main] metadata.Hive: Dumping metastore api call timing information for : compilation phase
2024-04-24T04:54:43,249  INFO [main] metadata.Hive: Total time spent in each metastore function (ms): {flushCache_()=0, commitTxn_(CommitTxnRequest)=8, getValidTxns_(long)=0, getTable_(GetTableRequest)=1, openTxn_(String, TxnType)=3, isCompatibleWith_(Configuration)=0}
2024-04-24T04:54:43,249  INFO [main] ql.Driver: Completed compiling command(queryId=alex_20240424045443_42f4b38c-6e21-4b68-b9f3-dd9646ad1278); Time taken: 0.004 seconds
2024-04-24T04:54:43,249  INFO [main] lockmgr.DbTxnManager: Setting lock request transaction to txnid:20 for queryId=alex_20240424045443_42f4b38c-6e21-4b68-b9f3-dd9646ad1278
2024-04-24T04:54:43,249  INFO [main] ql.Driver: Operation DROPTABLE obtained 0 locks
2024-04-24T04:54:43,249  INFO [main] ql.Driver: Executing command(queryId=alex_20240424045443_42f4b38c-6e21-4b68-b9f3-dd9646ad1278): drop table if exists acidTbl2
2024-04-24T04:54:43,250  INFO [main] ql.Driver: Starting task [Stage-0:DDL] in serial mode
2024-04-24T04:54:43,250  INFO [main] metadata.SessionHiveMetaStoreClient: Column stats doesn't exist for db=default temp table=acidTbl2
2024-04-24T04:54:43,251  INFO [main] metadata.Hive: Dumping metastore api call timing information for : execution phase
2024-04-24T04:54:43,251  INFO [main] metadata.Hive: Total time spent in each metastore function (ms): {getTable_(GetTableRequest)=0, isCompatibleWith_(Configuration)=0, dropTable_(String, String, boolean, boolean, boolean)=0}
2024-04-24T04:54:43,251  INFO [main] ql.Driver: Completed executing command(queryId=alex_20240424045443_42f4b38c-6e21-4b68-b9f3-dd9646ad1278); Time taken: 0.001 seconds
2024-04-24T04:54:43,251  INFO [main] lockmgr.DbTxnManager: Stopped heartbeat for query: alex_20240424045443_42f4b38c-6e21-4b68-b9f3-dd9646ad1278
2024-04-24T04:54:43,256  INFO [main] txn.TxnHandler: Expected to move at least one record from txn_components to completed_txn_components when committing txn! txnid:20
2024-04-24T04:54:43,261  INFO [main] txn.TxnHandler: Removed transactions: ([20]) from MIN_HISTORY_LEVEL
2024-04-24T04:54:43,261  WARN [main] txn.CompactionTxnHandler: No compaction queue record found for Compaction type transaction commit. txnId:20
2024-04-24T04:54:43,261  INFO [main] ql.TxnCommandsBaseForTests: Running the query: drop table if exists nonAcidOrcTbl
2024-04-24T04:54:43,262  INFO [main] ql.Driver: Compiling command(queryId=alex_20240424045443_0b83c6ac-296c-461e-9444-3fb086b48b08): drop table if exists nonAcidOrcTbl
2024-04-24T04:54:43,264  INFO [main] txn.TxnHandler: Added entries to MIN_HISTORY_LEVEL for current txns: ([21]) with min_open_txn: 17
2024-04-24T04:54:43,264  INFO [main] lockmgr.DbTxnManager: Opened txnid:21
2024-04-24T04:54:43,265  INFO [main] HiveMetaStore.audit: ugi=alex	ip=unknown-ip-addr	cmd=get_table : tbl=hive.default.nonAcidOrcTbl	
2024-04-24T04:54:43,287  INFO [main] metastore.HMSHandler: Skipping translation for processor with null
2024-04-24T04:54:43,287  INFO [main] ql.Driver: Semantic Analysis Completed (retrial = false)
2024-04-24T04:54:43,287  INFO [main] ql.Driver: Created Hive schema: Schema(fieldSchemas:null, properties:null)
2024-04-24T04:54:43,287  INFO [main] metadata.Hive: Dumping metastore api call timing information for : compilation phase
2024-04-24T04:54:43,287  INFO [main] metadata.Hive: Total time spent in each metastore function (ms): {openTxn_(String, TxnType)=2, commitTxn_(CommitTxnRequest)=10, getTable_(GetTableRequest)=22, getValidTxns_(long)=1, flushCache_()=0, isCompatibleWith_(Configuration)=0}
2024-04-24T04:54:43,288  INFO [main] ql.Driver: Completed compiling command(queryId=alex_20240424045443_0b83c6ac-296c-461e-9444-3fb086b48b08); Time taken: 0.025 seconds
2024-04-24T04:54:43,288  INFO [main] lockmgr.DbTxnManager: Setting lock request transaction to txnid:21 for queryId=alex_20240424045443_0b83c6ac-296c-461e-9444-3fb086b48b08
2024-04-24T04:54:43,288  INFO [main] lockmgr.DbLockManager: Requesting lock for queryId=alex_20240424045443_0b83c6ac-296c-461e-9444-3fb086b48b08
2024-04-24T04:54:43,302  INFO [main] lockmgr.DbLockManager: Response to queryId=alex_20240424045443_0b83c6ac-296c-461e-9444-3fb086b48b08 LockResponse(lockid:13, state:ACQUIRED)
2024-04-24T04:54:43,302  INFO [main] ql.Driver: Operation DROPTABLE obtained 1 locks
2024-04-24T04:54:43,302  INFO [main] ql.Driver: Executing command(queryId=alex_20240424045443_0b83c6ac-296c-461e-9444-3fb086b48b08): drop table if exists nonAcidOrcTbl
2024-04-24T04:54:43,302  INFO [main] ql.Driver: Starting task [Stage-0:DDL] in serial mode
2024-04-24T04:54:43,303  INFO [main] HiveMetaStore.audit: ugi=alex	ip=unknown-ip-addr	cmd=get_table : tbl=hive.default.nonAcidOrcTbl	
2024-04-24T04:54:43,321  INFO [main] metastore.HMSHandler: Skipping translation for processor with null
2024-04-24T04:54:43,321  INFO [main] HiveMetaStore.audit: ugi=alex	ip=unknown-ip-addr	cmd=get_table : tbl=hive.default.nonAcidOrcTbl	
2024-04-24T04:54:43,329  INFO [main] metastore.HMSHandler: Skipping translation for processor with null
2024-04-24T04:54:43,330  INFO [main] HiveMetaStore.audit: ugi=alex	ip=unknown-ip-addr	cmd=drop_table : tbl=hive.default.nonAcidOrcTbl	
2024-04-24T04:54:43,406  INFO [main] metadata.Hive: Dumping metastore api call timing information for : execution phase
2024-04-24T04:54:43,406  INFO [main] metadata.Hive: Total time spent in each metastore function (ms): {dropTable_(String, String, boolean, boolean, boolean)=85, getTable_(GetTableRequest)=19, isCompatibleWith_(Configuration)=0}
2024-04-24T04:54:43,407  INFO [main] ql.Driver: Completed executing command(queryId=alex_20240424045443_0b83c6ac-296c-461e-9444-3fb086b48b08); Time taken: 0.104 seconds
2024-04-24T04:54:43,407  INFO [main] lockmgr.DbTxnManager: Stopped heartbeat for query: alex_20240424045443_0b83c6ac-296c-461e-9444-3fb086b48b08
2024-04-24T04:54:43,410  INFO [main] txn.TxnHandler: Expected to move at least one record from txn_components to completed_txn_components when committing txn! txnid:21
2024-04-24T04:54:43,418  INFO [main] txn.TxnHandler: Removed transactions: ([21]) from MIN_HISTORY_LEVEL
2024-04-24T04:54:43,419  WARN [main] txn.CompactionTxnHandler: No compaction queue record found for Compaction type transaction commit. txnId:21
2024-04-24T04:54:43,419  INFO [main] ql.TxnCommandsBaseForTests: Running the query: drop table if exists nonAcidOrcTbl2
2024-04-24T04:54:43,420  INFO [main] ql.Driver: Compiling command(queryId=alex_20240424045443_440e57d4-a20d-461e-a74d-b3214f43ff88): drop table if exists nonAcidOrcTbl2
2024-04-24T04:54:43,422  INFO [main] txn.TxnHandler: Added entries to MIN_HISTORY_LEVEL for current txns: ([22]) with min_open_txn: 17
2024-04-24T04:54:43,423  INFO [main] lockmgr.DbTxnManager: Opened txnid:22
2024-04-24T04:54:43,424  INFO [main] HiveMetaStore.audit: ugi=alex	ip=unknown-ip-addr	cmd=get_table : tbl=hive.default.nonAcidOrcTbl2	
2024-04-24T04:54:43,433  INFO [main] metastore.HMSHandler: Skipping translation for processor with null
2024-04-24T04:54:43,433  INFO [main] ql.Driver: Semantic Analysis Completed (retrial = false)
2024-04-24T04:54:43,433  INFO [main] ql.Driver: Created Hive schema: Schema(fieldSchemas:null, properties:null)
2024-04-24T04:54:43,433  INFO [main] metadata.Hive: Dumping metastore api call timing information for : compilation phase
2024-04-24T04:54:43,433  INFO [main] metadata.Hive: Total time spent in each metastore function (ms): {commitTxn_(CommitTxnRequest)=12, isCompatibleWith_(Configuration)=0, getValidTxns_(long)=0, flushCache_()=0, getTable_(GetTableRequest)=10, openTxn_(String, TxnType)=3}
2024-04-24T04:54:43,434  INFO [main] ql.Driver: Completed compiling command(queryId=alex_20240424045443_440e57d4-a20d-461e-a74d-b3214f43ff88); Time taken: 0.013 seconds
2024-04-24T04:54:43,434  INFO [main] lockmgr.DbTxnManager: Setting lock request transaction to txnid:22 for queryId=alex_20240424045443_440e57d4-a20d-461e-a74d-b3214f43ff88
2024-04-24T04:54:43,434  INFO [main] lockmgr.DbLockManager: Requesting lock for queryId=alex_20240424045443_440e57d4-a20d-461e-a74d-b3214f43ff88
2024-04-24T04:54:43,448  INFO [main] lockmgr.DbLockManager: Response to queryId=alex_20240424045443_440e57d4-a20d-461e-a74d-b3214f43ff88 LockResponse(lockid:14, state:ACQUIRED)
2024-04-24T04:54:43,448  INFO [main] ql.Driver: Operation DROPTABLE obtained 1 locks
2024-04-24T04:54:43,448  INFO [main] ql.Driver: Executing command(queryId=alex_20240424045443_440e57d4-a20d-461e-a74d-b3214f43ff88): drop table if exists nonAcidOrcTbl2
2024-04-24T04:54:43,448  INFO [main] ql.Driver: Starting task [Stage-0:DDL] in serial mode
2024-04-24T04:54:43,448  INFO [main] HiveMetaStore.audit: ugi=alex	ip=unknown-ip-addr	cmd=get_table : tbl=hive.default.nonAcidOrcTbl2	
2024-04-24T04:54:43,456  INFO [main] metastore.HMSHandler: Skipping translation for processor with null
2024-04-24T04:54:43,457  INFO [main] HiveMetaStore.audit: ugi=alex	ip=unknown-ip-addr	cmd=get_table : tbl=hive.default.nonAcidOrcTbl2	
2024-04-24T04:54:43,467  INFO [main] metastore.HMSHandler: Skipping translation for processor with null
2024-04-24T04:54:43,468  INFO [main] HiveMetaStore.audit: ugi=alex	ip=unknown-ip-addr	cmd=drop_table : tbl=hive.default.nonAcidOrcTbl2	
2024-04-24T04:54:43,498  INFO [main] metadata.Hive: Dumping metastore api call timing information for : execution phase
2024-04-24T04:54:43,498  INFO [main] metadata.Hive: Total time spent in each metastore function (ms): {dropTable_(String, String, boolean, boolean, boolean)=40, getTable_(GetTableRequest)=9, isCompatibleWith_(Configuration)=0}
2024-04-24T04:54:43,498  INFO [main] ql.Driver: Completed executing command(queryId=alex_20240424045443_440e57d4-a20d-461e-a74d-b3214f43ff88); Time taken: 0.05 seconds
2024-04-24T04:54:43,498  INFO [main] lockmgr.DbTxnManager: Stopped heartbeat for query: alex_20240424045443_440e57d4-a20d-461e-a74d-b3214f43ff88
2024-04-24T04:54:43,502  INFO [main] txn.TxnHandler: Expected to move at least one record from txn_components to completed_txn_components when committing txn! txnid:22
2024-04-24T04:54:43,506  INFO [main] txn.TxnHandler: Removed transactions: ([22]) from MIN_HISTORY_LEVEL
2024-04-24T04:54:43,506  WARN [main] txn.CompactionTxnHandler: No compaction queue record found for Compaction type transaction commit. txnId:22
2024-04-24T04:54:43,507  INFO [main] ql.TxnCommandsBaseForTests: Running the query: drop table if exists nonAcidNonBucket
2024-04-24T04:54:43,507  INFO [main] ql.Driver: Compiling command(queryId=alex_20240424045443_986af086-d4ab-4d1d-97c9-87b96cc4a8b6): drop table if exists nonAcidNonBucket
2024-04-24T04:54:43,510  INFO [main] txn.TxnHandler: Added entries to MIN_HISTORY_LEVEL for current txns: ([23]) with min_open_txn: 17
2024-04-24T04:54:43,510  INFO [main] lockmgr.DbTxnManager: Opened txnid:23
2024-04-24T04:54:43,511  INFO [main] HiveMetaStore.audit: ugi=alex	ip=unknown-ip-addr	cmd=get_table : tbl=hive.default.nonAcidNonBucket	
2024-04-24T04:54:43,519  INFO [main] metastore.HMSHandler: Skipping translation for processor with null
2024-04-24T04:54:43,519  INFO [main] ql.Driver: Semantic Analysis Completed (retrial = false)
2024-04-24T04:54:43,519  INFO [main] ql.Driver: Created Hive schema: Schema(fieldSchemas:null, properties:null)
2024-04-24T04:54:43,519  INFO [main] metadata.Hive: Dumping metastore api call timing information for : compilation phase
2024-04-24T04:54:43,519  INFO [main] metadata.Hive: Total time spent in each metastore function (ms): {flushCache_()=0, openTxn_(String, TxnType)=2, isCompatibleWith_(Configuration)=0, commitTxn_(CommitTxnRequest)=9, getValidTxns_(long)=1, getTable_(GetTableRequest)=8}
2024-04-24T04:54:43,520  INFO [main] ql.Driver: Completed compiling command(queryId=alex_20240424045443_986af086-d4ab-4d1d-97c9-87b96cc4a8b6); Time taken: 0.012 seconds
2024-04-24T04:54:43,520  INFO [main] lockmgr.DbTxnManager: Setting lock request transaction to txnid:23 for queryId=alex_20240424045443_986af086-d4ab-4d1d-97c9-87b96cc4a8b6
2024-04-24T04:54:43,520  INFO [main] lockmgr.DbLockManager: Requesting lock for queryId=alex_20240424045443_986af086-d4ab-4d1d-97c9-87b96cc4a8b6
2024-04-24T04:54:43,533  INFO [main] lockmgr.DbLockManager: Response to queryId=alex_20240424045443_986af086-d4ab-4d1d-97c9-87b96cc4a8b6 LockResponse(lockid:15, state:ACQUIRED)
2024-04-24T04:54:43,533  INFO [main] ql.Driver: Operation DROPTABLE obtained 1 locks
2024-04-24T04:54:43,533  INFO [main] ql.Driver: Executing command(queryId=alex_20240424045443_986af086-d4ab-4d1d-97c9-87b96cc4a8b6): drop table if exists nonAcidNonBucket
2024-04-24T04:54:43,533  INFO [main] ql.Driver: Starting task [Stage-0:DDL] in serial mode
2024-04-24T04:54:43,533  INFO [main] HiveMetaStore.audit: ugi=alex	ip=unknown-ip-addr	cmd=get_table : tbl=hive.default.nonAcidNonBucket	
2024-04-24T04:54:43,541  INFO [main] metastore.HMSHandler: Skipping translation for processor with null
2024-04-24T04:54:43,541  INFO [main] HiveMetaStore.audit: ugi=alex	ip=unknown-ip-addr	cmd=get_table : tbl=hive.default.nonAcidNonBucket	
2024-04-24T04:54:43,550  INFO [main] metastore.HMSHandler: Skipping translation for processor with null
2024-04-24T04:54:43,550  INFO [main] HiveMetaStore.audit: ugi=alex	ip=unknown-ip-addr	cmd=drop_table : tbl=hive.default.nonAcidNonBucket	
2024-04-24T04:54:43,579  INFO [main] metadata.Hive: Dumping metastore api call timing information for : execution phase
2024-04-24T04:54:43,579  INFO [main] metadata.Hive: Total time spent in each metastore function (ms): {dropTable_(String, String, boolean, boolean, boolean)=38, isCompatibleWith_(Configuration)=0, getTable_(GetTableRequest)=8}
2024-04-24T04:54:43,580  INFO [main] ql.Driver: Completed executing command(queryId=alex_20240424045443_986af086-d4ab-4d1d-97c9-87b96cc4a8b6); Time taken: 0.046 seconds
2024-04-24T04:54:43,580  INFO [main] lockmgr.DbTxnManager: Stopped heartbeat for query: alex_20240424045443_986af086-d4ab-4d1d-97c9-87b96cc4a8b6
2024-04-24T04:54:43,583  INFO [main] txn.TxnHandler: Expected to move at least one record from txn_components to completed_txn_components when committing txn! txnid:23
2024-04-24T04:54:43,588  INFO [main] txn.TxnHandler: Removed transactions: ([23]) from MIN_HISTORY_LEVEL
2024-04-24T04:54:43,588  WARN [main] txn.CompactionTxnHandler: No compaction queue record found for Compaction type transaction commit. txnId:23
2024-04-24T04:54:43,588  INFO [main] utils.TestTxnDbUtil: Cleaning transactional tables
]]></system-err>
  </testcase>
  <testcase name="testCleaner2" classname="org.apache.hadoop.hive.ql.TestTxnCommands3" time="19.106"/>
</testsuite>