<?xml version="1.0" encoding="UTF-8"?>
<testsuite xmlns:xsi="http://www.w3.org/2001/XMLSchema-instance" xsi:noNamespaceSchemaLocation="https://maven.apache.org/surefire/maven-surefire-plugin/xsd/surefire-test-report-3.0.xsd" version="3.0" name="org.apache.hive.beeline.cli.TestHiveCli" time="58.137" tests="28" errors="1" skipped="0" failures="17">
  <properties>
    <property name="build.test.dir" value="/home/alex/Repositories/hive/beeline/target/tmp"/>
    <property name="awt.toolkit" value="sun.awt.X11.XToolkit"/>
    <property name="test.tmp.dir.uri" value="file:///home/alex/Repositories/hive/beeline/target/tmp"/>
    <property name="java.specification.version" value="1.8"/>
    <property name="qfile" value=""/>
    <property name="test.warehouse.dir" value="pfile:///home/alex/Repositories/hive/beeline/target/warehouse"/>
    <property name="sun.cpu.isalist" value=""/>
    <property name="sun.jnu.encoding" value="UTF-8"/>
    <property name="run_disabled" value=""/>
    <property name="nondexPrintstack" value="false"/>
    <property name="sun.arch.data.model" value="64"/>
    <property name="java.vendor.url" value="http://java.oracle.com/"/>
    <property name="user.country.format" value="PT"/>
    <property name="test.tmp.dir" value="/home/alex/Repositories/hive/beeline/target/tmp"/>
    <property name="sun.boot.library.path" value="/usr/lib/jvm/java-8-openjdk-amd64/jre/lib/amd64"/>
    <property name="sun.java.command" value="/home/alex/Repositories/hive/beeline/target/surefire/surefirebooter8700721069625264783.jar /home/alex/Repositories/hive/beeline/target/surefire 2024-04-23T21-59-46_173-jvmRun1 surefire5875733288671114948tmp surefire_34883000728914999006763tmp"/>
    <property name="nondexExecid" value="clean_3ilPaYbw3fF6T2hpZfHgAYiNBmyLgu9Wf5K8si5QdmQ="/>
    <property name="java.specification.vendor" value="Oracle Corporation"/>
    <property name="java.home" value="/usr/lib/jvm/java-8-openjdk-amd64/jre"/>
    <property name="file.separator" value="/"/>
    <property name="basedir" value="/home/alex/Repositories/hive/beeline"/>
    <property name="line.separator" value="&#10;"/>
    <property name="nondexEnd" value="9223372036854775807"/>
    <property name="derby.stream.error.file" value="/home/alex/Repositories/hive/beeline/target/tmp/derby.log"/>
    <property name="java.specification.name" value="Java Platform API Specification"/>
    <property name="java.vm.specification.vendor" value="Oracle Corporation"/>
    <property name="log4j.debug" value="true"/>
    <property name="sun.boot.class.path" value="/usr/lib/jvm/java-8-openjdk-amd64/jre/lib/resources.jar:/usr/lib/jvm/java-8-openjdk-amd64/jre/lib/rt.jar:/usr/lib/jvm/java-8-openjdk-amd64/jre/lib/sunrsasign.jar:/usr/lib/jvm/java-8-openjdk-amd64/jre/lib/jsse.jar:/usr/lib/jvm/java-8-openjdk-amd64/jre/lib/jce.jar:/usr/lib/jvm/java-8-openjdk-amd64/jre/lib/charsets.jar:/usr/lib/jvm/java-8-openjdk-amd64/jre/lib/jfr.jar:/usr/lib/jvm/java-8-openjdk-amd64/jre/classes"/>
    <property name="sun.management.compiler" value="HotSpot 64-Bit Tiered Compilers"/>
    <property name="spark.home" value=""/>
    <property name="java.runtime.version" value="1.8.0_402-8u402-ga-2ubuntu1~22.04-b06"/>
    <property name="user.name" value="alex"/>
    <property name="test.src.tables" value=""/>
    <property name="file.encoding" value="UTF-8"/>
    <property name="yyy" value="5"/>
    <property name="qfile_regex" value=""/>
    <property name="hadoop.bin.path" value="/home/alex/Repositories/hive/beeline/../testutils/hadoop"/>
    <property name="localRepository" value="/home/alex/.m2/repository"/>
    <property name="build.dir" value="/home/alex/Repositories/hive/beeline/target"/>
    <property name="nondexDir" value="/home/alex/Repositories/hive/beeline/.nondex"/>
    <property name="mapred.job.tracker" value="local"/>
    <property name="nondexJarDir" value=".nondex"/>
    <property name="java.io.tmpdir" value="/home/alex/Repositories/hive/beeline/target/tmp"/>
    <property name="com.zaxxer.hikari.pool_number" value="3"/>
    <property name="java.version" value="1.8.0_402"/>
    <property name="hive.version" value="4.0.0-SNAPSHOT"/>
    <property name="java.vm.specification.name" value="Java Virtual Machine Specification"/>
    <property name="java.awt.printerjob" value="sun.print.PSPrinterJob"/>
    <property name="sun.os.patch.level" value="unknown"/>
    <property name="test.data.dir" value="/home/alex/Repositories/hive/beeline/../data/files"/>
    <property name="java.library.path" value="/usr/java/packages/lib/amd64:/usr/lib/x86_64-linux-gnu/jni:/lib/x86_64-linux-gnu:/usr/lib/x86_64-linux-gnu:/usr/lib/jni:/lib:/usr/lib"/>
    <property name="java.vendor" value="Private Build"/>
    <property name="java.specification.maintenance.version" value="5"/>
    <property name="xxx" value="5"/>
    <property name="sun.io.unicode.encoding" value="UnicodeLittle"/>
    <property name="initScript" value=""/>
    <property name="sun.desktop" value="gnome"/>
    <property name="calcite.enable.rexnode.digest.normalize" value="false"/>
    <property name="nondexStart" value="0"/>
    <property name="file.encoding.pkg" value="sun.io"/>
    <property name="log4j.configurationFile" value="file:///home/alex/Repositories/hive/beeline/target/testconf/hive-log4j2.properties"/>
    <property name="java.class.path" value="/home/alex/Repositories/hive/beeline/target/test-classes:/home/alex/Repositories/hive/beeline/target/classes:/home/alex/Repositories/hive/common/target/classes:/home/alex/Repositories/hive/classification/target/classes:/home/alex/Repositories/hive/storage-api/target/classes:/home/alex/Repositories/hive/standalone-metastore/metastore-common/target/classes:/home/alex/.m2/repository/com/github/ben-manes/caffeine/caffeine/2.8.4/caffeine-2.8.4.jar:/home/alex/.m2/repository/org/checkerframework/checker-qual/3.4.0/checker-qual-3.4.0.jar:/home/alex/.m2/repository/com/google/errorprone/error_prone_annotations/2.3.4/error_prone_annotations-2.3.4.jar:/home/alex/.m2/repository/com/google/guava/guava/19.0/guava-19.0.jar:/home/alex/.m2/repository/org/apache/commons/commons-lang3/3.9/commons-lang3-3.9.jar:/home/alex/.m2/repository/org/apache/commons/commons-math3/3.6.1/commons-math3-3.6.1.jar:/home/alex/.m2/repository/org/apache/orc/orc-core/1.6.9/orc-core-1.6.9.jar:/home/alex/.m2/repository/org/apache/orc/orc-shims/1.6.9/orc-shims-1.6.9.jar:/home/alex/.m2/repository/io/airlift/aircompressor/0.19/aircompressor-0.19.jar:/home/alex/.m2/repository/javax/xml/bind/jaxb-api/2.2.11/jaxb-api-2.2.11.jar:/home/alex/.m2/repository/org/jetbrains/annotations/17.0.0/annotations-17.0.0.jar:/home/alex/.m2/repository/org/threeten/threeten-extra/1.5.0/threeten-extra-1.5.0.jar:/home/alex/.m2/repository/javax/servlet/javax.servlet-api/3.1.0/javax.servlet-api-3.1.0.jar:/home/alex/.m2/repository/org/eclipse/jetty/jetty-http/9.3.27.v20190418/jetty-http-9.3.27.v20190418.jar:/home/alex/.m2/repository/org/eclipse/jetty/jetty-rewrite/9.3.27.v20190418/jetty-rewrite-9.3.27.v20190418.jar:/home/alex/.m2/repository/org/eclipse/jetty/jetty-client/9.3.27.v20190418/jetty-client-9.3.27.v20190418.jar:/home/alex/.m2/repository/org/eclipse/jetty/jetty-server/9.3.27.v20190418/jetty-server-9.3.27.v20190418.jar:/home/alex/.m2/repository/org/eclipse/jetty/jetty-io/9.3.27.v20190418/jetty-io-9.3.27.v20190418.jar:/home/alex/.m2/repository/org/eclipse/jetty/jetty-servlet/9.3.27.v20190418/jetty-servlet-9.3.27.v20190418.jar:/home/alex/.m2/repository/org/eclipse/jetty/jetty-security/9.3.27.v20190418/jetty-security-9.3.27.v20190418.jar:/home/alex/.m2/repository/org/eclipse/jetty/jetty-webapp/9.3.27.v20190418/jetty-webapp-9.3.27.v20190418.jar:/home/alex/.m2/repository/org/eclipse/jetty/jetty-xml/9.3.27.v20190418/jetty-xml-9.3.27.v20190418.jar:/home/alex/.m2/repository/joda-time/joda-time/2.9.9/joda-time-2.9.9.jar:/home/alex/.m2/repository/org/apache/logging/log4j/log4j-1.2-api/2.13.2/log4j-1.2-api-2.13.2.jar:/home/alex/.m2/repository/org/apache/logging/log4j/log4j-web/2.13.2/log4j-web-2.13.2.jar:/home/alex/.m2/repository/org/apache/commons/commons-compress/1.21/commons-compress-1.21.jar:/home/alex/.m2/repository/org/apache/ant/ant/1.9.1/ant-1.9.1.jar:/home/alex/.m2/repository/org/apache/ant/ant-launcher/1.9.1/ant-launcher-1.9.1.jar:/home/alex/.m2/repository/net/sf/jpam/jpam/1.1/jpam-1.1.jar:/home/alex/.m2/repository/com/tdunning/json/1.8/json-1.8.jar:/home/alex/.m2/repository/io/dropwizard/metrics/metrics-core/3.1.0/metrics-core-3.1.0.jar:/home/alex/.m2/repository/io/dropwizard/metrics/metrics-jvm/3.1.0/metrics-jvm-3.1.0.jar:/home/alex/.m2/repository/io/dropwizard/metrics/metrics-json/3.1.0/metrics-json-3.1.0.jar:/home/alex/.m2/repository/com/fasterxml/jackson/core/jackson-databind/2.12.0/jackson-databind-2.12.0.jar:/home/alex/.m2/repository/com/github/joshelser/dropwizard-metrics-hadoop-metrics2-reporter/0.1.2/dropwizard-metrics-hadoop-metrics2-reporter-0.1.2.jar:/home/alex/.m2/repository/javolution/javolution/5.5.1/javolution-5.5.1.jar:/home/alex/Repositories/hive/metastore/target/classes:/home/alex/Repositories/hive/serde/target/classes:/home/alex/.m2/repository/org/apache/arrow/arrow-vector/0.15.1/arrow-vector-0.15.1.jar:/home/alex/.m2/repository/org/apache/arrow/arrow-format/0.15.1/arrow-format-0.15.1.jar:/home/alex/.m2/repository/org/apache/arrow/arrow-memory/0.15.1/arrow-memory-0.15.1.jar:/home/alex/.m2/repository/com/google/flatbuffers/flatbuffers-java/1.9.0/flatbuffers-java-1.9.0.jar:/home/alex/.m2/repository/com/carrotsearch/hppc/0.7.2/hppc-0.7.2.jar:/home/alex/.m2/repository/com/github/davidmoten/flatbuffers-java/1.6.0.1/flatbuffers-java-1.6.0.1.jar:/home/alex/.m2/repository/org/apache/derby/derby/10.14.1.0/derby-10.14.1.0.jar:/home/alex/.m2/repository/org/antlr/antlr-runtime/3.5.2/antlr-runtime-3.5.2.jar:/home/alex/.m2/repository/org/apache/thrift/libfb303/0.9.3/libfb303-0.9.3.jar:/home/alex/Repositories/hive/shims/aggregator/target/classes:/home/alex/Repositories/hive/shims/common/target/classes:/home/alex/Repositories/hive/shims/0.23/target/classes:/home/alex/.m2/repository/org/apache/hadoop/hadoop-yarn-server-resourcemanager/3.1.0/hadoop-yarn-server-resourcemanager-3.1.0.jar:/home/alex/.m2/repository/org/eclipse/jetty/jetty-util-ajax/9.3.19.v20170502/jetty-util-ajax-9.3.19.v20170502.jar:/home/alex/.m2/repository/org/apache/hadoop/hadoop-yarn-server-common/3.1.0/hadoop-yarn-server-common-3.1.0.jar:/home/alex/.m2/repository/org/apache/geronimo/specs/geronimo-jcache_1.0_spec/1.0-alpha-1/geronimo-jcache_1.0_spec-1.0-alpha-1.jar:/home/alex/.m2/repository/org/ehcache/ehcache/3.3.1/ehcache-3.3.1.jar:/home/alex/.m2/repository/com/zaxxer/HikariCP-java7/2.4.12/HikariCP-java7-2.4.12.jar:/home/alex/.m2/repository/org/apache/hadoop/hadoop-yarn-server-applicationhistoryservice/3.1.0/hadoop-yarn-server-applicationhistoryservice-3.1.0.jar:/home/alex/.m2/repository/de/ruedigermoeller/fst/2.50/fst-2.50.jar:/home/alex/.m2/repository/com/cedarsoftware/java-util/1.9.0/java-util-1.9.0.jar:/home/alex/.m2/repository/com/cedarsoftware/json-io/2.5.1/json-io-2.5.1.jar:/home/alex/.m2/repository/org/apache/hadoop/hadoop-yarn-server-web-proxy/3.1.0/hadoop-yarn-server-web-proxy-3.1.0.jar:/home/alex/.m2/repository/org/fusesource/leveldbjni/leveldbjni-all/1.8/leveldbjni-all-1.8.jar:/home/alex/Repositories/hive/shims/scheduler/target/classes:/home/alex/Repositories/hive/jdbc/target/classes:/home/alex/Repositories/hive/llap-client/target/classes:/home/alex/Repositories/hive/llap-common/target/classes:/home/alex/.m2/repository/io/jsonwebtoken/jjwt-api/0.10.5/jjwt-api-0.10.5.jar:/home/alex/.m2/repository/io/jsonwebtoken/jjwt-impl/0.10.5/jjwt-impl-0.10.5.jar:/home/alex/.m2/repository/io/jsonwebtoken/jjwt-jackson/0.10.5/jjwt-jackson-0.10.5.jar:/home/alex/Repositories/hive/service-rpc/target/classes:/home/alex/.m2/repository/org/apache/httpcomponents/httpclient/4.5.13/httpclient-4.5.13.jar:/home/alex/.m2/repository/org/apache/httpcomponents/httpcore/4.4.13/httpcore-4.4.13.jar:/home/alex/.m2/repository/org/apache/zookeeper/zookeeper/3.5.5/zookeeper-3.5.5.jar:/home/alex/.m2/repository/org/apache/zookeeper/zookeeper-jute/3.5.5/zookeeper-jute-3.5.5.jar:/home/alex/.m2/repository/org/apache/yetus/audience-annotations/0.5.0/audience-annotations-0.5.0.jar:/home/alex/.m2/repository/org/apache/curator/curator-framework/4.2.0/curator-framework-4.2.0.jar:/home/alex/Repositories/hive/standalone-metastore/metastore-server/target/classes:/home/alex/.m2/repository/com/google/protobuf/protobuf-java/2.5.0/protobuf-java-2.5.0.jar:/home/alex/.m2/repository/com/zaxxer/HikariCP/2.6.1/HikariCP-2.6.1.jar:/home/alex/.m2/repository/org/apache/commons/commons-dbcp2/2.7.0/commons-dbcp2-2.7.0.jar:/home/alex/.m2/repository/org/apache/commons/commons-pool2/2.7.0/commons-pool2-2.7.0.jar:/home/alex/.m2/repository/commons-beanutils/commons-beanutils/1.9.4/commons-beanutils-1.9.4.jar:/home/alex/.m2/repository/org/apache/logging/log4j/log4j-core/2.13.2/log4j-core-2.13.2.jar:/home/alex/.m2/repository/org/datanucleus/datanucleus-api-jdo/5.2.4/datanucleus-api-jdo-5.2.4.jar:/home/alex/.m2/repository/org/datanucleus/datanucleus-core/5.2.4/datanucleus-core-5.2.4.jar:/home/alex/.m2/repository/org/datanucleus/datanucleus-rdbms/5.2.4/datanucleus-rdbms-5.2.4.jar:/home/alex/.m2/repository/org/datanucleus/javax.jdo/3.2.0-release/javax.jdo-3.2.0-release.jar:/home/alex/.m2/repository/javax/transaction/javax.transaction-api/1.3/javax.transaction-api-1.3.jar:/home/alex/.m2/repository/org/glassfish/corba/glassfish-corba-omgapi/4.2.2/glassfish-corba-omgapi-4.2.2.jar:/home/alex/.m2/repository/sqlline/sqlline/1.9.0/sqlline-1.9.0.jar:/home/alex/.m2/repository/org/jline/jline-terminal/3.12.1/jline-terminal-3.12.1.jar:/home/alex/.m2/repository/org/jline/jline-reader/3.12.1/jline-reader-3.12.1.jar:/home/alex/.m2/repository/org/jline/jline-terminal-jansi/3.12.1/jline-terminal-jansi-3.12.1.jar:/home/alex/.m2/repository/org/fusesource/jansi/jansi/1.18/jansi-1.18.jar:/home/alex/.m2/repository/org/jline/jline-terminal-jna/3.12.1/jline-terminal-jna-3.12.1.jar:/home/alex/.m2/repository/net/java/dev/jna/jna/5.3.1/jna-5.3.1.jar:/home/alex/.m2/repository/org/jline/jline-builtins/3.12.1/jline-builtins-3.12.1.jar:/home/alex/.m2/repository/org/jline/jline-style/3.12.1/jline-style-3.12.1.jar:/home/alex/.m2/repository/commons-logging/commons-logging/1.1.3/commons-logging-1.1.3.jar:/home/alex/.m2/repository/com/cronutils/cron-utils/9.1.3/cron-utils-9.1.3.jar:/home/alex/.m2/repository/org/glassfish/javax.el/3.0.0/javax.el-3.0.0.jar:/home/alex/.m2/repository/com/oracle/database/jdbc/ojdbc8/21.3.0.0/ojdbc8-21.3.0.0.jar:/home/alex/.m2/repository/mysql/mysql-connector-java/8.0.27/mysql-connector-java-8.0.27.jar:/home/alex/.m2/repository/com/microsoft/sqlserver/mssql-jdbc/6.2.1.jre8/mssql-jdbc-6.2.1.jre8.jar:/home/alex/.m2/repository/commons-cli/commons-cli/1.4/commons-cli-1.4.jar:/home/alex/.m2/repository/commons-io/commons-io/2.6/commons-io-2.6.jar:/home/alex/.m2/repository/com/fasterxml/jackson/core/jackson-core/2.12.0/jackson-core-2.12.0.jar:/home/alex/.m2/repository/jline/jline/2.14.6/jline-2.14.6.jar:/home/alex/.m2/repository/org/apache/hadoop/hadoop-common/3.1.0/hadoop-common-3.1.0.jar:/home/alex/.m2/repository/org/apache/hadoop/hadoop-annotations/3.1.0/hadoop-annotations-3.1.0.jar:/usr/lib/jvm/java-8-openjdk-amd64/jre/../lib/tools.jar:/home/alex/.m2/repository/commons-codec/commons-codec/1.15/commons-codec-1.15.jar:/home/alex/.m2/repository/commons-net/commons-net/3.6/commons-net-3.6.jar:/home/alex/.m2/repository/commons-collections/commons-collections/3.2.2/commons-collections-3.2.2.jar:/home/alex/.m2/repository/org/eclipse/jetty/jetty-util/9.3.27.v20190418/jetty-util-9.3.27.v20190418.jar:/home/alex/.m2/repository/javax/servlet/jsp/jsp-api/2.1/jsp-api-2.1.jar:/home/alex/.m2/repository/com/sun/jersey/jersey-core/1.19/jersey-core-1.19.jar:/home/alex/.m2/repository/javax/ws/rs/jsr311-api/1.1.1/jsr311-api-1.1.1.jar:/home/alex/.m2/repository/com/sun/jersey/jersey-servlet/1.19/jersey-servlet-1.19.jar:/home/alex/.m2/repository/com/sun/jersey/jersey-json/1.19/jersey-json-1.19.jar:/home/alex/.m2/repository/org/codehaus/jettison/jettison/1.1/jettison-1.1.jar:/home/alex/.m2/repository/com/sun/xml/bind/jaxb-impl/2.2.3-1/jaxb-impl-2.2.3-1.jar:/home/alex/.m2/repository/org/codehaus/jackson/jackson-core-asl/1.9.2/jackson-core-asl-1.9.2.jar:/home/alex/.m2/repository/org/codehaus/jackson/jackson-mapper-asl/1.9.2/jackson-mapper-asl-1.9.2.jar:/home/alex/.m2/repository/org/codehaus/jackson/jackson-jaxrs/1.9.2/jackson-jaxrs-1.9.2.jar:/home/alex/.m2/repository/org/codehaus/jackson/jackson-xc/1.9.2/jackson-xc-1.9.2.jar:/home/alex/.m2/repository/com/sun/jersey/jersey-server/1.19/jersey-server-1.19.jar:/home/alex/.m2/repository/commons-lang/commons-lang/2.6/commons-lang-2.6.jar:/home/alex/.m2/repository/org/apache/commons/commons-configuration2/2.1.1/commons-configuration2-2.1.1.jar:/home/alex/.m2/repository/org/apache/avro/avro/1.8.2/avro-1.8.2.jar:/home/alex/.m2/repository/com/thoughtworks/paranamer/paranamer/2.8/paranamer-2.8.jar:/home/alex/.m2/repository/org/xerial/snappy/snappy-java/1.1.4/snappy-java-1.1.4.jar:/home/alex/.m2/repository/org/tukaani/xz/1.5/xz-1.5.jar:/home/alex/.m2/repository/com/google/re2j/re2j/1.2/re2j-1.2.jar:/home/alex/.m2/repository/com/google/code/gson/gson/2.2.4/gson-2.2.4.jar:/home/alex/.m2/repository/org/apache/hadoop/hadoop-auth/3.1.0/hadoop-auth-3.1.0.jar:/home/alex/.m2/repository/com/nimbusds/nimbus-jose-jwt/4.41.1/nimbus-jose-jwt-4.41.1.jar:/home/alex/.m2/repository/com/github/stephenc/jcip/jcip-annotations/1.0-1/jcip-annotations-1.0-1.jar:/home/alex/.m2/repository/net/minidev/json-smart/2.3/json-smart-2.3.jar:/home/alex/.m2/repository/net/minidev/accessors-smart/1.2/accessors-smart-1.2.jar:/home/alex/.m2/repository/com/jcraft/jsch/0.1.54/jsch-0.1.54.jar:/home/alex/.m2/repository/com/google/code/findbugs/jsr305/3.0.0/jsr305-3.0.0.jar:/home/alex/.m2/repository/org/apache/htrace/htrace-core4/4.1.0-incubating/htrace-core4-4.1.0-incubating.jar:/home/alex/.m2/repository/org/apache/kerby/kerb-simplekdc/1.0.1/kerb-simplekdc-1.0.1.jar:/home/alex/.m2/repository/org/apache/kerby/kerb-client/1.0.1/kerb-client-1.0.1.jar:/home/alex/.m2/repository/org/apache/kerby/kerby-config/1.0.1/kerby-config-1.0.1.jar:/home/alex/.m2/repository/org/apache/kerby/kerb-core/1.0.1/kerb-core-1.0.1.jar:/home/alex/.m2/repository/org/apache/kerby/kerby-pkix/1.0.1/kerby-pkix-1.0.1.jar:/home/alex/.m2/repository/org/apache/kerby/kerby-asn1/1.0.1/kerby-asn1-1.0.1.jar:/home/alex/.m2/repository/org/apache/kerby/kerby-util/1.0.1/kerby-util-1.0.1.jar:/home/alex/.m2/repository/org/apache/kerby/kerb-common/1.0.1/kerb-common-1.0.1.jar:/home/alex/.m2/repository/org/apache/kerby/kerb-crypto/1.0.1/kerb-crypto-1.0.1.jar:/home/alex/.m2/repository/org/apache/kerby/kerb-util/1.0.1/kerb-util-1.0.1.jar:/home/alex/.m2/repository/org/apache/kerby/token-provider/1.0.1/token-provider-1.0.1.jar:/home/alex/.m2/repository/org/apache/kerby/kerb-admin/1.0.1/kerb-admin-1.0.1.jar:/home/alex/.m2/repository/org/apache/kerby/kerb-server/1.0.1/kerb-server-1.0.1.jar:/home/alex/.m2/repository/org/apache/kerby/kerb-identity/1.0.1/kerb-identity-1.0.1.jar:/home/alex/.m2/repository/org/apache/kerby/kerby-xdr/1.0.1/kerby-xdr-1.0.1.jar:/home/alex/.m2/repository/org/codehaus/woodstox/stax2-api/3.1.4/stax2-api-3.1.4.jar:/home/alex/.m2/repository/com/fasterxml/woodstox/woodstox-core/5.0.3/woodstox-core-5.0.3.jar:/home/alex/.m2/repository/org/apache/thrift/libthrift/0.14.1/libthrift-0.14.1.jar:/home/alex/.m2/repository/org/apache/tomcat/embed/tomcat-embed-core/8.5.46/tomcat-embed-core-8.5.46.jar:/home/alex/.m2/repository/org/apache/tomcat/tomcat-annotations-api/8.5.46/tomcat-annotations-api-8.5.46.jar:/home/alex/.m2/repository/javax/annotation/javax.annotation-api/1.3.2/javax.annotation-api-1.3.2.jar:/home/alex/.m2/repository/net/sf/supercsv/super-csv/2.2.0/super-csv-2.2.0.jar:/home/alex/.m2/repository/org/apache/logging/log4j/log4j-slf4j-impl/2.13.2/log4j-slf4j-impl-2.13.2.jar:/home/alex/.m2/repository/org/apache/logging/log4j/log4j-api/2.13.2/log4j-api-2.13.2.jar:/home/alex/Repositories/hive/ql/target/test-classes:/home/alex/.m2/repository/org/apache/atlas/atlas-client-v2/2.1.0/atlas-client-v2-2.1.0.jar:/home/alex/.m2/repository/cglib/cglib/2.2.2/cglib-2.2.2.jar:/home/alex/.m2/repository/asm/asm/3.3.1/asm-3.3.1.jar:/home/alex/.m2/repository/org/apache/atlas/atlas-client-common/2.1.0/atlas-client-common-2.1.0.jar:/home/alex/.m2/repository/com/sun/jersey/jersey-client/1.19/jersey-client-1.19.jar:/home/alex/.m2/repository/org/apache/atlas/atlas-intg/2.1.0/atlas-intg-2.1.0.jar:/home/alex/.m2/repository/commons-validator/commons-validator/1.6/commons-validator-1.6.jar:/home/alex/.m2/repository/commons-digester/commons-digester/1.8.1/commons-digester-1.8.1.jar:/home/alex/.m2/repository/com/fasterxml/jackson/jaxrs/jackson-jaxrs-base/2.12.0/jackson-jaxrs-base-2.12.0.jar:/home/alex/.m2/repository/com/fasterxml/jackson/jaxrs/jackson-jaxrs-json-provider/2.12.0/jackson-jaxrs-json-provider-2.12.0.jar:/home/alex/.m2/repository/javax/inject/javax.inject/1/javax.inject-1.jar:/home/alex/.m2/repository/org/springframework/spring-context/4.3.20.RELEASE/spring-context-4.3.20.RELEASE.jar:/home/alex/.m2/repository/org/springframework/spring-aop/4.3.20.RELEASE/spring-aop-4.3.20.RELEASE.jar:/home/alex/.m2/repository/org/springframework/spring-beans/4.3.20.RELEASE/spring-beans-4.3.20.RELEASE.jar:/home/alex/.m2/repository/org/springframework/spring-core/4.3.20.RELEASE/spring-core-4.3.20.RELEASE.jar:/home/alex/.m2/repository/org/springframework/spring-expression/4.3.20.RELEASE/spring-expression-4.3.20.RELEASE.jar:/home/alex/.m2/repository/commons-configuration/commons-configuration/1.10/commons-configuration-1.10.jar:/home/alex/Repositories/hive/vector-code-gen/target/classes:/home/alex/.m2/repository/org/apache/velocity/velocity/1.5/velocity-1.5.jar:/home/alex/.m2/repository/oro/oro/2.0.8/oro-2.0.8.jar:/home/alex/Repositories/hive/parser/target/classes:/home/alex/Repositories/hive/udf/target/classes:/home/alex/Repositories/hive/llap-tez/target/classes:/home/alex/Repositories/hive/spark-client/target/classes:/home/alex/.m2/repository/io/netty/netty-all/4.1.65.Final/netty-all-4.1.65.Final.jar:/home/alex/.m2/repository/com/fasterxml/jackson/module/jackson-module-scala_2.12/2.12.0/jackson-module-scala_2.12-2.12.0.jar:/home/alex/.m2/repository/org/scala-lang/scala-library/2.12.10/scala-library-2.12.10.jar:/home/alex/.m2/repository/org/apache/spark/spark-core_2.12/2.4.5/spark-core_2.12-2.4.5.jar:/home/alex/.m2/repository/com/twitter/chill_2.12/0.9.3/chill_2.12-0.9.3.jar:/home/alex/.m2/repository/com/twitter/chill-java/0.9.3/chill-java-0.9.3.jar:/home/alex/.m2/repository/org/apache/xbean/xbean-asm6-shaded/4.8/xbean-asm6-shaded-4.8.jar:/home/alex/.m2/repository/org/apache/hadoop/hadoop-client/3.1.0/hadoop-client-3.1.0.jar:/home/alex/.m2/repository/org/apache/hadoop/hadoop-mapreduce-client-jobclient/3.1.0/hadoop-mapreduce-client-jobclient-3.1.0.jar:/home/alex/.m2/repository/org/apache/hadoop/hadoop-mapreduce-client-common/3.1.0/hadoop-mapreduce-client-common-3.1.0.jar:/home/alex/.m2/repository/org/apache/spark/spark-launcher_2.12/2.4.5/spark-launcher_2.12-2.4.5.jar:/home/alex/.m2/repository/org/apache/spark/spark-kvstore_2.12/2.4.5/spark-kvstore_2.12-2.4.5.jar:/home/alex/.m2/repository/org/apache/spark/spark-network-common_2.12/2.4.5/spark-network-common_2.12-2.4.5.jar:/home/alex/.m2/repository/org/apache/spark/spark-network-shuffle_2.12/2.4.5/spark-network-shuffle_2.12-2.4.5.jar:/home/alex/.m2/repository/org/apache/spark/spark-unsafe_2.12/2.4.5/spark-unsafe_2.12-2.4.5.jar:/home/alex/.m2/repository/javax/activation/activation/1.1.1/activation-1.1.1.jar:/home/alex/.m2/repository/org/slf4j/jul-to-slf4j/1.7.16/jul-to-slf4j-1.7.16.jar:/home/alex/.m2/repository/org/slf4j/jcl-over-slf4j/1.7.16/jcl-over-slf4j-1.7.16.jar:/home/alex/.m2/repository/com/ning/compress-lzf/1.0.3/compress-lzf-1.0.3.jar:/home/alex/.m2/repository/org/roaringbitmap/RoaringBitmap/0.7.45/RoaringBitmap-0.7.45.jar:/home/alex/.m2/repository/org/roaringbitmap/shims/0.7.45/shims-0.7.45.jar:/home/alex/.m2/repository/org/json4s/json4s-jackson_2.12/3.5.3/json4s-jackson_2.12-3.5.3.jar:/home/alex/.m2/repository/org/json4s/json4s-core_2.12/3.5.3/json4s-core_2.12-3.5.3.jar:/home/alex/.m2/repository/org/json4s/json4s-ast_2.12/3.5.3/json4s-ast_2.12-3.5.3.jar:/home/alex/.m2/repository/org/json4s/json4s-scalap_2.12/3.5.3/json4s-scalap_2.12-3.5.3.jar:/home/alex/.m2/repository/org/scala-lang/modules/scala-xml_2.12/1.0.6/scala-xml_2.12-1.0.6.jar:/home/alex/.m2/repository/com/clearspring/analytics/stream/2.7.0/stream-2.7.0.jar:/home/alex/.m2/repository/io/dropwizard/metrics/metrics-graphite/3.1.5/metrics-graphite-3.1.5.jar:/home/alex/.m2/repository/net/razorvine/pyrolite/4.13/pyrolite-4.13.jar:/home/alex/.m2/repository/net/sf/py4j/py4j/0.10.7/py4j-0.10.7.jar:/home/alex/.m2/repository/org/apache/spark/spark-tags_2.12/2.4.5/spark-tags_2.12-2.4.5.jar:/home/alex/.m2/repository/org/apache/commons/commons-crypto/1.0.0/commons-crypto-1.0.0.jar:/home/alex/.m2/repository/org/spark-project/spark/unused/1.0.0/unused-1.0.0.jar:/home/alex/.m2/repository/org/apache/spark/spark-yarn_2.12/2.4.5/spark-yarn_2.12-2.4.5.jar:/home/alex/.m2/repository/com/amazonaws/secretsmanager/aws-secretsmanager-caching-java/1.0.1/aws-secretsmanager-caching-java-1.0.1.jar:/home/alex/.m2/repository/com/esotericsoftware/kryo/5.0.3/kryo-5.0.3.jar:/home/alex/.m2/repository/com/esotericsoftware/minlog/1.3.1/minlog-1.3.1.jar:/home/alex/.m2/repository/com/esotericsoftware/reflectasm/1.11.9/reflectasm-1.11.9.jar:/home/alex/.m2/repository/org/apache/parquet/parquet-hadoop-bundle/1.11.1/parquet-hadoop-bundle-1.11.1.jar:/home/alex/.m2/repository/org/apache/commons/commons-collections4/4.1/commons-collections4-4.1.jar:/home/alex/.m2/repository/org/apache/commons/commons-text/1.8/commons-text-1.8.jar:/home/alex/.m2/repository/org/antlr/ST4/4.0.4/ST4-4.0.4.jar:/home/alex/.m2/repository/org/apache/avro/avro-mapred/1.8.2/avro-mapred-1.8.2-hadoop2.jar:/home/alex/.m2/repository/org/apache/avro/avro-ipc/1.8.2/avro-ipc-1.8.2.jar:/home/alex/.m2/repository/org/mortbay/jetty/jetty/6.1.26/jetty-6.1.26.jar:/home/alex/.m2/repository/org/apache/hadoop/hadoop-yarn-registry/3.1.0/hadoop-yarn-registry-3.1.0.jar:/home/alex/.m2/repository/org/apache/hadoop/hadoop-yarn-api/3.1.0/hadoop-yarn-api-3.1.0.jar:/home/alex/.m2/repository/commons-daemon/commons-daemon/1.0.13/commons-daemon-1.0.13.jar:/home/alex/.m2/repository/dnsjava/dnsjava/2.1.7/dnsjava-2.1.7.jar:/home/alex/.m2/repository/org/apache/orc/orc-tools/1.6.9/orc-tools-1.6.9.jar:/home/alex/.m2/repository/com/opencsv/opencsv/3.9/opencsv-3.9.jar:/home/alex/.m2/repository/org/apache/hadoop/hadoop-hdfs/3.1.0/hadoop-hdfs-3.1.0.jar:/home/alex/.m2/repository/org/threeten/threetenbp/1.3.5/threetenbp-1.3.5.jar:/home/alex/.m2/repository/org/apache/ivy/ivy/2.4.0/ivy-2.4.0.jar:/home/alex/.m2/repository/org/apache/datasketches/datasketches-hive/1.1.0-incubating/datasketches-hive-1.1.0-incubating.jar:/home/alex/.m2/repository/org/apache/datasketches/datasketches-java/1.3.0-incubating/datasketches-java-1.3.0-incubating.jar:/home/alex/.m2/repository/org/apache/datasketches/datasketches-memory/1.2.0-incubating/datasketches-memory-1.2.0-incubating.jar:/home/alex/.m2/repository/org/slf4j/slf4j-simple/1.7.27/slf4j-simple-1.7.27.jar:/home/alex/.m2/repository/org/codehaus/groovy/groovy-all/2.4.11/groovy-all-2.4.11.jar:/home/alex/.m2/repository/org/jodd/jodd-util/6.0.0/jodd-util-6.0.0.jar:/home/alex/.m2/repository/com/fasterxml/jackson/core/jackson-annotations/2.12.0/jackson-annotations-2.12.0.jar:/home/alex/.m2/repository/com/fasterxml/jackson/dataformat/jackson-dataformat-yaml/2.12.0/jackson-dataformat-yaml-2.12.0.jar:/home/alex/.m2/repository/org/yaml/snakeyaml/1.27/snakeyaml-1.27.jar:/home/alex/.m2/repository/org/apache/calcite/calcite-core/1.25.0/calcite-core-1.25.0.jar:/home/alex/.m2/repository/org/apache/calcite/calcite-linq4j/1.25.0/calcite-linq4j-1.25.0.jar:/home/alex/.m2/repository/com/esri/geometry/esri-geometry-api/2.2.0/esri-geometry-api-2.2.0.jar:/home/alex/.m2/repository/com/yahoo/datasketches/sketches-core/0.9.0/sketches-core-0.9.0.jar:/home/alex/.m2/repository/com/yahoo/datasketches/memory/0.9.0/memory-0.9.0.jar:/home/alex/.m2/repository/org/apache/calcite/calcite-druid/1.25.0/calcite-druid-1.25.0.jar:/home/alex/.m2/repository/org/apache/calcite/avatica/avatica/1.12.0/avatica-1.12.0.jar:/home/alex/.m2/repository/com/googlecode/javaewah/JavaEWAH/0.3.2/JavaEWAH-0.3.2.jar:/home/alex/.m2/repository/stax/stax-api/1.0.1/stax-api-1.0.1.jar:/home/alex/.m2/repository/net/sf/opencsv/opencsv/2.3/opencsv-2.3.jar:/home/alex/.m2/repository/org/reflections/reflections/0.9.10/reflections-0.9.10.jar:/home/alex/.m2/repository/org/javassist/javassist/3.19.0-GA/javassist-3.19.0-GA.jar:/home/alex/.m2/repository/com/jayway/jsonpath/json-path/2.4.0/json-path-2.4.0.jar:/home/alex/.m2/repository/org/codehaus/janino/commons-compiler/3.0.11/commons-compiler-3.0.11.jar:/home/alex/.m2/repository/org/codehaus/janino/janino/3.0.11/janino-3.0.11.jar:/home/alex/.m2/repository/com/sun/jersey/contribs/jersey-multipart/1.19/jersey-multipart-1.19.jar:/home/alex/.m2/repository/org/jvnet/mimepull/mimepull/1.9.3/mimepull-1.9.3.jar:/home/alex/.m2/repository/org/apache/kafka/kafka-clients/2.5.0/kafka-clients-2.5.0.jar:/home/alex/.m2/repository/com/github/luben/zstd-jni/1.4.4-7/zstd-jni-1.4.4-7.jar:/home/alex/.m2/repository/org/lz4/lz4-java/1.7.1/lz4-java-1.7.1.jar:/home/alex/Repositories/hive/service/target/classes:/home/alex/Repositories/hive/ql/target/classes:/home/alex/Repositories/hive/llap-server/target/classes:/home/alex/.m2/repository/com/lmax/disruptor/3.3.7/disruptor-3.3.7.jar:/home/alex/Repositories/hive/llap-common/target/test-classes:/home/alex/Repositories/hive/hplsql/target/classes:/home/alex/.m2/repository/org/antlr/antlr4-runtime/4.5/antlr4-runtime-4.5.jar:/home/alex/.m2/repository/org/abego/treelayout/org.abego.treelayout.core/1.0.1/org.abego.treelayout.core-1.0.1.jar:/home/alex/.m2/repository/javax/servlet/jsp/javax.servlet.jsp-api/2.3.1/javax.servlet.jsp-api-2.3.1.jar:/home/alex/.m2/repository/org/eclipse/jetty/jetty-runner/9.3.27.v20190418/jetty-runner-9.3.27.v20190418.jar:/home/alex/.m2/repository/org/eclipse/jetty/jetty-plus/9.3.27.v20190418/jetty-plus-9.3.27.v20190418.jar:/home/alex/.m2/repository/org/eclipse/jetty/jetty-annotations/9.3.27.v20190418/jetty-annotations-9.3.27.v20190418.jar:/home/alex/.m2/repository/org/ow2/asm/asm/6.0/asm-6.0.jar:/home/alex/.m2/repository/org/ow2/asm/asm-commons/6.0/asm-commons-6.0.jar:/home/alex/.m2/repository/org/ow2/asm/asm-tree/6.0/asm-tree-6.0.jar:/home/alex/.m2/repository/org/eclipse/jetty/jetty-jaas/9.3.27.v20190418/jetty-jaas-9.3.27.v20190418.jar:/home/alex/.m2/repository/org/eclipse/jetty/websocket/websocket-server/9.3.27.v20190418/websocket-server-9.3.27.v20190418.jar:/home/alex/.m2/repository/org/eclipse/jetty/websocket/websocket-common/9.3.27.v20190418/websocket-common-9.3.27.v20190418.jar:/home/alex/.m2/repository/org/eclipse/jetty/websocket/websocket-api/9.3.27.v20190418/websocket-api-9.3.27.v20190418.jar:/home/alex/.m2/repository/org/eclipse/jetty/websocket/websocket-client/9.3.27.v20190418/websocket-client-9.3.27.v20190418.jar:/home/alex/.m2/repository/org/eclipse/jetty/websocket/websocket-servlet/9.3.27.v20190418/websocket-servlet-9.3.27.v20190418.jar:/home/alex/.m2/repository/org/eclipse/jetty/jetty-jndi/9.3.27.v20190418/jetty-jndi-9.3.27.v20190418.jar:/home/alex/.m2/repository/org/eclipse/jetty/apache-jsp/9.3.27.v20190418/apache-jsp-9.3.27.v20190418.jar:/home/alex/.m2/repository/org/eclipse/jetty/toolchain/jetty-schemas/3.1/jetty-schemas-3.1.jar:/home/alex/.m2/repository/org/eclipse/jdt/core/compiler/ecj/4.4.2/ecj-4.4.2.jar:/home/alex/.m2/repository/org/eclipse/jetty/apache-jstl/9.3.27.v20190418/apache-jstl-9.3.27.v20190418.jar:/home/alex/.m2/repository/org/apache/taglibs/taglibs-standard-spec/1.2.5/taglibs-standard-spec-1.2.5.jar:/home/alex/.m2/repository/org/apache/taglibs/taglibs-standard-impl/1.2.5/taglibs-standard-impl-1.2.5.jar:/home/alex/.m2/repository/org/apache/curator/curator-client/4.2.0/curator-client-4.2.0.jar:/home/alex/.m2/repository/org/apache/curator/curator-recipes/4.2.0/curator-recipes-4.2.0.jar:/home/alex/.m2/repository/org/pac4j/pac4j-saml-opensamlv3/4.0.3/pac4j-saml-opensamlv3-4.0.3.jar:/home/alex/.m2/repository/org/pac4j/pac4j-core/4.0.3/pac4j-core-4.0.3.jar:/home/alex/.m2/repository/org/opensaml/opensaml-core/3.4.5/opensaml-core-3.4.5.jar:/home/alex/.m2/repository/net/shibboleth/utilities/java-support/7.5.1/java-support-7.5.1.jar:/home/alex/.m2/repository/org/opensaml/opensaml-saml-api/3.4.5/opensaml-saml-api-3.4.5.jar:/home/alex/.m2/repository/org/opensaml/opensaml-storage-api/3.4.5/opensaml-storage-api-3.4.5.jar:/home/alex/.m2/repository/org/opensaml/opensaml-saml-impl/3.4.5/opensaml-saml-impl-3.4.5.jar:/home/alex/.m2/repository/org/opensaml/opensaml-soap-impl/3.4.5/opensaml-soap-impl-3.4.5.jar:/home/alex/.m2/repository/org/opensaml/opensaml-soap-api/3.4.5/opensaml-soap-api-3.4.5.jar:/home/alex/.m2/repository/org/opensaml/opensaml-xmlsec-api/3.4.5/opensaml-xmlsec-api-3.4.5.jar:/home/alex/.m2/repository/org/opensaml/opensaml-security-api/3.4.5/opensaml-security-api-3.4.5.jar:/home/alex/.m2/repository/org/opensaml/opensaml-security-impl/3.4.5/opensaml-security-impl-3.4.5.jar:/home/alex/.m2/repository/org/opensaml/opensaml-profile-api/3.4.5/opensaml-profile-api-3.4.5.jar:/home/alex/.m2/repository/org/opensaml/opensaml-profile-impl/3.4.5/opensaml-profile-impl-3.4.5.jar:/home/alex/.m2/repository/org/opensaml/opensaml-messaging-api/3.4.5/opensaml-messaging-api-3.4.5.jar:/home/alex/.m2/repository/org/opensaml/opensaml-messaging-impl/3.4.5/opensaml-messaging-impl-3.4.5.jar:/home/alex/.m2/repository/org/opensaml/opensaml-storage-impl/3.4.5/opensaml-storage-impl-3.4.5.jar:/home/alex/.m2/repository/org/ldaptive/ldaptive/1.0.13/ldaptive-1.0.13.jar:/home/alex/.m2/repository/javax/json/javax.json-api/1.0/javax.json-api-1.0.jar:/home/alex/.m2/repository/net/spy/spymemcached/2.12.3/spymemcached-2.12.3.jar:/home/alex/.m2/repository/org/glassfish/javax.json/1.0.4/javax.json-1.0.4.jar:/home/alex/.m2/repository/org/opensaml/opensaml-xmlsec-impl/3.4.5/opensaml-xmlsec-impl-3.4.5.jar:/home/alex/.m2/repository/org/cryptacular/cryptacular/1.2.4/cryptacular-1.2.4.jar:/home/alex/.m2/repository/net/shibboleth/tool/xmlsectool/2.0.0/xmlsectool-2.0.0.jar:/home/alex/.m2/repository/com/beust/jcommander/1.48/jcommander-1.48.jar:/home/alex/.m2/repository/org/bouncycastle/bcprov-jdk15on/1.64/bcprov-jdk15on-1.64.jar:/home/alex/.m2/repository/org/apache/santuario/xmlsec/2.2.1/xmlsec-2.2.1.jar:/home/alex/.m2/repository/org/jamon/jamon-runtime/2.3.1/jamon-runtime-2.3.1.jar:/home/alex/.m2/repository/org/apache/hadoop/hadoop-mapreduce-client-core/3.1.0/hadoop-mapreduce-client-core-3.1.0.jar:/home/alex/.m2/repository/org/apache/hadoop/hadoop-yarn-client/3.1.0/hadoop-yarn-client-3.1.0.jar:/home/alex/.m2/repository/org/apache/hadoop/hadoop-yarn-common/3.1.0/hadoop-yarn-common-3.1.0.jar:/home/alex/.m2/repository/com/google/inject/guice/4.0/guice-4.0.jar:/home/alex/.m2/repository/aopalliance/aopalliance/1.0/aopalliance-1.0.jar:/home/alex/.m2/repository/com/sun/jersey/contribs/jersey-guice/1.19/jersey-guice-1.19.jar:/home/alex/.m2/repository/com/fasterxml/jackson/module/jackson-module-jaxb-annotations/2.12.0/jackson-module-jaxb-annotations-2.12.0.jar:/home/alex/.m2/repository/jakarta/xml/bind/jakarta.xml.bind-api/2.3.2/jakarta.xml.bind-api-2.3.2.jar:/home/alex/.m2/repository/jakarta/activation/jakarta.activation-api/1.2.1/jakarta.activation-api-1.2.1.jar:/home/alex/.m2/repository/org/apache/hadoop/hadoop-hdfs-client/3.1.0/hadoop-hdfs-client-3.1.0.jar:/home/alex/.m2/repository/com/squareup/okhttp/okhttp/2.7.5/okhttp-2.7.5.jar:/home/alex/.m2/repository/com/squareup/okio/okio/1.6.0/okio-1.6.0.jar:/home/alex/.m2/repository/com/google/inject/extensions/guice-servlet/4.0/guice-servlet-4.0.jar:/home/alex/.m2/repository/junit/junit/4.13/junit-4.13.jar:/home/alex/.m2/repository/org/hamcrest/hamcrest-core/1.3/hamcrest-core-1.3.jar:/home/alex/.m2/repository/org/junit/jupiter/junit-jupiter-engine/5.6.2/junit-jupiter-engine-5.6.2.jar:/home/alex/.m2/repository/org/apiguardian/apiguardian-api/1.1.0/apiguardian-api-1.1.0.jar:/home/alex/.m2/repository/org/junit/platform/junit-platform-engine/1.6.2/junit-platform-engine-1.6.2.jar:/home/alex/.m2/repository/org/opentest4j/opentest4j/1.2.0/opentest4j-1.2.0.jar:/home/alex/.m2/repository/org/junit/platform/junit-platform-commons/1.6.2/junit-platform-commons-1.6.2.jar:/home/alex/.m2/repository/org/junit/jupiter/junit-jupiter-api/5.6.2/junit-jupiter-api-5.6.2.jar:/home/alex/.m2/repository/org/junit/vintage/junit-vintage-engine/5.6.2/junit-vintage-engine-5.6.2.jar:/home/alex/.m2/repository/org/powermock/powermock-module-junit4/2.0.2/powermock-module-junit4-2.0.2.jar:/home/alex/.m2/repository/org/powermock/powermock-module-junit4-common/2.0.2/powermock-module-junit4-common-2.0.2.jar:/home/alex/.m2/repository/org/powermock/powermock-reflect/2.0.2/powermock-reflect-2.0.2.jar:/home/alex/.m2/repository/org/powermock/powermock-core/2.0.2/powermock-core-2.0.2.jar:/home/alex/.m2/repository/org/powermock/powermock-api-mockito2/2.0.2/powermock-api-mockito2-2.0.2.jar:/home/alex/.m2/repository/org/powermock/powermock-api-support/2.0.2/powermock-api-support-2.0.2.jar:/home/alex/.m2/repository/org/postgresql/postgresql/42.2.14/postgresql-42.2.14.jar:/home/alex/.m2/repository/org/slf4j/slf4j-api/1.7.30/slf4j-api-1.7.30.jar:/home/alex/.m2/repository/org/mockito/mockito-core/3.4.4/mockito-core-3.4.4.jar:/home/alex/.m2/repository/net/bytebuddy/byte-buddy/1.10.13/byte-buddy-1.10.13.jar:/home/alex/.m2/repository/net/bytebuddy/byte-buddy-agent/1.10.13/byte-buddy-agent-1.10.13.jar:/home/alex/.m2/repository/org/objenesis/objenesis/2.6/objenesis-2.6.jar:/home/alex/Repositories/hive/beeline/target/testconf:/home/alex/Repositories/hive/beeline/../conf:"/>
    <property name="java.vm.vendor" value="Private Build"/>
    <property name="hadoop.version" value="3.1.0"/>
    <property name="user.timezone" value="US/Pacific"/>
    <property name="test.local.warehouse.dir" value="pfile:///home/alex/Repositories/hive/beeline/target/localfs/warehouse"/>
    <property name="os.name" value="Linux"/>
    <property name="java.vm.specification.version" value="1.8"/>
    <property name="test.build.data" value="/home/alex/Repositories/hive/beeline/target/tmp"/>
    <property name="clustermode" value=""/>
    <property name="sun.java.launcher" value="SUN_STANDARD"/>
    <property name="user.country" value="US"/>
    <property name="test.data.files" value="/home/alex/Repositories/hive/beeline/../data/files"/>
    <property name="nondexLogging" value="CONFIG"/>
    <property name="surefire.test.class.path" value="/home/alex/Repositories/hive/beeline/target/test-classes:/home/alex/Repositories/hive/beeline/target/classes:/home/alex/Repositories/hive/common/target/classes:/home/alex/Repositories/hive/classification/target/classes:/home/alex/Repositories/hive/storage-api/target/classes:/home/alex/Repositories/hive/standalone-metastore/metastore-common/target/classes:/home/alex/.m2/repository/com/github/ben-manes/caffeine/caffeine/2.8.4/caffeine-2.8.4.jar:/home/alex/.m2/repository/org/checkerframework/checker-qual/3.4.0/checker-qual-3.4.0.jar:/home/alex/.m2/repository/com/google/errorprone/error_prone_annotations/2.3.4/error_prone_annotations-2.3.4.jar:/home/alex/.m2/repository/com/google/guava/guava/19.0/guava-19.0.jar:/home/alex/.m2/repository/org/apache/commons/commons-lang3/3.9/commons-lang3-3.9.jar:/home/alex/.m2/repository/org/apache/commons/commons-math3/3.6.1/commons-math3-3.6.1.jar:/home/alex/.m2/repository/org/apache/orc/orc-core/1.6.9/orc-core-1.6.9.jar:/home/alex/.m2/repository/org/apache/orc/orc-shims/1.6.9/orc-shims-1.6.9.jar:/home/alex/.m2/repository/io/airlift/aircompressor/0.19/aircompressor-0.19.jar:/home/alex/.m2/repository/javax/xml/bind/jaxb-api/2.2.11/jaxb-api-2.2.11.jar:/home/alex/.m2/repository/org/jetbrains/annotations/17.0.0/annotations-17.0.0.jar:/home/alex/.m2/repository/org/threeten/threeten-extra/1.5.0/threeten-extra-1.5.0.jar:/home/alex/.m2/repository/javax/servlet/javax.servlet-api/3.1.0/javax.servlet-api-3.1.0.jar:/home/alex/.m2/repository/org/eclipse/jetty/jetty-http/9.3.27.v20190418/jetty-http-9.3.27.v20190418.jar:/home/alex/.m2/repository/org/eclipse/jetty/jetty-rewrite/9.3.27.v20190418/jetty-rewrite-9.3.27.v20190418.jar:/home/alex/.m2/repository/org/eclipse/jetty/jetty-client/9.3.27.v20190418/jetty-client-9.3.27.v20190418.jar:/home/alex/.m2/repository/org/eclipse/jetty/jetty-server/9.3.27.v20190418/jetty-server-9.3.27.v20190418.jar:/home/alex/.m2/repository/org/eclipse/jetty/jetty-io/9.3.27.v20190418/jetty-io-9.3.27.v20190418.jar:/home/alex/.m2/repository/org/eclipse/jetty/jetty-servlet/9.3.27.v20190418/jetty-servlet-9.3.27.v20190418.jar:/home/alex/.m2/repository/org/eclipse/jetty/jetty-security/9.3.27.v20190418/jetty-security-9.3.27.v20190418.jar:/home/alex/.m2/repository/org/eclipse/jetty/jetty-webapp/9.3.27.v20190418/jetty-webapp-9.3.27.v20190418.jar:/home/alex/.m2/repository/org/eclipse/jetty/jetty-xml/9.3.27.v20190418/jetty-xml-9.3.27.v20190418.jar:/home/alex/.m2/repository/joda-time/joda-time/2.9.9/joda-time-2.9.9.jar:/home/alex/.m2/repository/org/apache/logging/log4j/log4j-1.2-api/2.13.2/log4j-1.2-api-2.13.2.jar:/home/alex/.m2/repository/org/apache/logging/log4j/log4j-web/2.13.2/log4j-web-2.13.2.jar:/home/alex/.m2/repository/org/apache/commons/commons-compress/1.21/commons-compress-1.21.jar:/home/alex/.m2/repository/org/apache/ant/ant/1.9.1/ant-1.9.1.jar:/home/alex/.m2/repository/org/apache/ant/ant-launcher/1.9.1/ant-launcher-1.9.1.jar:/home/alex/.m2/repository/net/sf/jpam/jpam/1.1/jpam-1.1.jar:/home/alex/.m2/repository/com/tdunning/json/1.8/json-1.8.jar:/home/alex/.m2/repository/io/dropwizard/metrics/metrics-core/3.1.0/metrics-core-3.1.0.jar:/home/alex/.m2/repository/io/dropwizard/metrics/metrics-jvm/3.1.0/metrics-jvm-3.1.0.jar:/home/alex/.m2/repository/io/dropwizard/metrics/metrics-json/3.1.0/metrics-json-3.1.0.jar:/home/alex/.m2/repository/com/fasterxml/jackson/core/jackson-databind/2.12.0/jackson-databind-2.12.0.jar:/home/alex/.m2/repository/com/github/joshelser/dropwizard-metrics-hadoop-metrics2-reporter/0.1.2/dropwizard-metrics-hadoop-metrics2-reporter-0.1.2.jar:/home/alex/.m2/repository/javolution/javolution/5.5.1/javolution-5.5.1.jar:/home/alex/Repositories/hive/metastore/target/classes:/home/alex/Repositories/hive/serde/target/classes:/home/alex/.m2/repository/org/apache/arrow/arrow-vector/0.15.1/arrow-vector-0.15.1.jar:/home/alex/.m2/repository/org/apache/arrow/arrow-format/0.15.1/arrow-format-0.15.1.jar:/home/alex/.m2/repository/org/apache/arrow/arrow-memory/0.15.1/arrow-memory-0.15.1.jar:/home/alex/.m2/repository/com/google/flatbuffers/flatbuffers-java/1.9.0/flatbuffers-java-1.9.0.jar:/home/alex/.m2/repository/com/carrotsearch/hppc/0.7.2/hppc-0.7.2.jar:/home/alex/.m2/repository/com/github/davidmoten/flatbuffers-java/1.6.0.1/flatbuffers-java-1.6.0.1.jar:/home/alex/.m2/repository/org/apache/derby/derby/10.14.1.0/derby-10.14.1.0.jar:/home/alex/.m2/repository/org/antlr/antlr-runtime/3.5.2/antlr-runtime-3.5.2.jar:/home/alex/.m2/repository/org/apache/thrift/libfb303/0.9.3/libfb303-0.9.3.jar:/home/alex/Repositories/hive/shims/aggregator/target/classes:/home/alex/Repositories/hive/shims/common/target/classes:/home/alex/Repositories/hive/shims/0.23/target/classes:/home/alex/.m2/repository/org/apache/hadoop/hadoop-yarn-server-resourcemanager/3.1.0/hadoop-yarn-server-resourcemanager-3.1.0.jar:/home/alex/.m2/repository/org/eclipse/jetty/jetty-util-ajax/9.3.19.v20170502/jetty-util-ajax-9.3.19.v20170502.jar:/home/alex/.m2/repository/org/apache/hadoop/hadoop-yarn-server-common/3.1.0/hadoop-yarn-server-common-3.1.0.jar:/home/alex/.m2/repository/org/apache/geronimo/specs/geronimo-jcache_1.0_spec/1.0-alpha-1/geronimo-jcache_1.0_spec-1.0-alpha-1.jar:/home/alex/.m2/repository/org/ehcache/ehcache/3.3.1/ehcache-3.3.1.jar:/home/alex/.m2/repository/com/zaxxer/HikariCP-java7/2.4.12/HikariCP-java7-2.4.12.jar:/home/alex/.m2/repository/org/apache/hadoop/hadoop-yarn-server-applicationhistoryservice/3.1.0/hadoop-yarn-server-applicationhistoryservice-3.1.0.jar:/home/alex/.m2/repository/de/ruedigermoeller/fst/2.50/fst-2.50.jar:/home/alex/.m2/repository/com/cedarsoftware/java-util/1.9.0/java-util-1.9.0.jar:/home/alex/.m2/repository/com/cedarsoftware/json-io/2.5.1/json-io-2.5.1.jar:/home/alex/.m2/repository/org/apache/hadoop/hadoop-yarn-server-web-proxy/3.1.0/hadoop-yarn-server-web-proxy-3.1.0.jar:/home/alex/.m2/repository/org/fusesource/leveldbjni/leveldbjni-all/1.8/leveldbjni-all-1.8.jar:/home/alex/Repositories/hive/shims/scheduler/target/classes:/home/alex/Repositories/hive/jdbc/target/classes:/home/alex/Repositories/hive/llap-client/target/classes:/home/alex/Repositories/hive/llap-common/target/classes:/home/alex/.m2/repository/io/jsonwebtoken/jjwt-api/0.10.5/jjwt-api-0.10.5.jar:/home/alex/.m2/repository/io/jsonwebtoken/jjwt-impl/0.10.5/jjwt-impl-0.10.5.jar:/home/alex/.m2/repository/io/jsonwebtoken/jjwt-jackson/0.10.5/jjwt-jackson-0.10.5.jar:/home/alex/Repositories/hive/service-rpc/target/classes:/home/alex/.m2/repository/org/apache/httpcomponents/httpclient/4.5.13/httpclient-4.5.13.jar:/home/alex/.m2/repository/org/apache/httpcomponents/httpcore/4.4.13/httpcore-4.4.13.jar:/home/alex/.m2/repository/org/apache/zookeeper/zookeeper/3.5.5/zookeeper-3.5.5.jar:/home/alex/.m2/repository/org/apache/zookeeper/zookeeper-jute/3.5.5/zookeeper-jute-3.5.5.jar:/home/alex/.m2/repository/org/apache/yetus/audience-annotations/0.5.0/audience-annotations-0.5.0.jar:/home/alex/.m2/repository/org/apache/curator/curator-framework/4.2.0/curator-framework-4.2.0.jar:/home/alex/Repositories/hive/standalone-metastore/metastore-server/target/classes:/home/alex/.m2/repository/com/google/protobuf/protobuf-java/2.5.0/protobuf-java-2.5.0.jar:/home/alex/.m2/repository/com/zaxxer/HikariCP/2.6.1/HikariCP-2.6.1.jar:/home/alex/.m2/repository/org/apache/commons/commons-dbcp2/2.7.0/commons-dbcp2-2.7.0.jar:/home/alex/.m2/repository/org/apache/commons/commons-pool2/2.7.0/commons-pool2-2.7.0.jar:/home/alex/.m2/repository/commons-beanutils/commons-beanutils/1.9.4/commons-beanutils-1.9.4.jar:/home/alex/.m2/repository/org/apache/logging/log4j/log4j-core/2.13.2/log4j-core-2.13.2.jar:/home/alex/.m2/repository/org/datanucleus/datanucleus-api-jdo/5.2.4/datanucleus-api-jdo-5.2.4.jar:/home/alex/.m2/repository/org/datanucleus/datanucleus-core/5.2.4/datanucleus-core-5.2.4.jar:/home/alex/.m2/repository/org/datanucleus/datanucleus-rdbms/5.2.4/datanucleus-rdbms-5.2.4.jar:/home/alex/.m2/repository/org/datanucleus/javax.jdo/3.2.0-release/javax.jdo-3.2.0-release.jar:/home/alex/.m2/repository/javax/transaction/javax.transaction-api/1.3/javax.transaction-api-1.3.jar:/home/alex/.m2/repository/org/glassfish/corba/glassfish-corba-omgapi/4.2.2/glassfish-corba-omgapi-4.2.2.jar:/home/alex/.m2/repository/sqlline/sqlline/1.9.0/sqlline-1.9.0.jar:/home/alex/.m2/repository/org/jline/jline-terminal/3.12.1/jline-terminal-3.12.1.jar:/home/alex/.m2/repository/org/jline/jline-reader/3.12.1/jline-reader-3.12.1.jar:/home/alex/.m2/repository/org/jline/jline-terminal-jansi/3.12.1/jline-terminal-jansi-3.12.1.jar:/home/alex/.m2/repository/org/fusesource/jansi/jansi/1.18/jansi-1.18.jar:/home/alex/.m2/repository/org/jline/jline-terminal-jna/3.12.1/jline-terminal-jna-3.12.1.jar:/home/alex/.m2/repository/net/java/dev/jna/jna/5.3.1/jna-5.3.1.jar:/home/alex/.m2/repository/org/jline/jline-builtins/3.12.1/jline-builtins-3.12.1.jar:/home/alex/.m2/repository/org/jline/jline-style/3.12.1/jline-style-3.12.1.jar:/home/alex/.m2/repository/commons-logging/commons-logging/1.1.3/commons-logging-1.1.3.jar:/home/alex/.m2/repository/com/cronutils/cron-utils/9.1.3/cron-utils-9.1.3.jar:/home/alex/.m2/repository/org/glassfish/javax.el/3.0.0/javax.el-3.0.0.jar:/home/alex/.m2/repository/com/oracle/database/jdbc/ojdbc8/21.3.0.0/ojdbc8-21.3.0.0.jar:/home/alex/.m2/repository/mysql/mysql-connector-java/8.0.27/mysql-connector-java-8.0.27.jar:/home/alex/.m2/repository/com/microsoft/sqlserver/mssql-jdbc/6.2.1.jre8/mssql-jdbc-6.2.1.jre8.jar:/home/alex/.m2/repository/commons-cli/commons-cli/1.4/commons-cli-1.4.jar:/home/alex/.m2/repository/commons-io/commons-io/2.6/commons-io-2.6.jar:/home/alex/.m2/repository/com/fasterxml/jackson/core/jackson-core/2.12.0/jackson-core-2.12.0.jar:/home/alex/.m2/repository/jline/jline/2.14.6/jline-2.14.6.jar:/home/alex/.m2/repository/org/apache/hadoop/hadoop-common/3.1.0/hadoop-common-3.1.0.jar:/home/alex/.m2/repository/org/apache/hadoop/hadoop-annotations/3.1.0/hadoop-annotations-3.1.0.jar:/usr/lib/jvm/java-8-openjdk-amd64/jre/../lib/tools.jar:/home/alex/.m2/repository/commons-codec/commons-codec/1.15/commons-codec-1.15.jar:/home/alex/.m2/repository/commons-net/commons-net/3.6/commons-net-3.6.jar:/home/alex/.m2/repository/commons-collections/commons-collections/3.2.2/commons-collections-3.2.2.jar:/home/alex/.m2/repository/org/eclipse/jetty/jetty-util/9.3.27.v20190418/jetty-util-9.3.27.v20190418.jar:/home/alex/.m2/repository/javax/servlet/jsp/jsp-api/2.1/jsp-api-2.1.jar:/home/alex/.m2/repository/com/sun/jersey/jersey-core/1.19/jersey-core-1.19.jar:/home/alex/.m2/repository/javax/ws/rs/jsr311-api/1.1.1/jsr311-api-1.1.1.jar:/home/alex/.m2/repository/com/sun/jersey/jersey-servlet/1.19/jersey-servlet-1.19.jar:/home/alex/.m2/repository/com/sun/jersey/jersey-json/1.19/jersey-json-1.19.jar:/home/alex/.m2/repository/org/codehaus/jettison/jettison/1.1/jettison-1.1.jar:/home/alex/.m2/repository/com/sun/xml/bind/jaxb-impl/2.2.3-1/jaxb-impl-2.2.3-1.jar:/home/alex/.m2/repository/org/codehaus/jackson/jackson-core-asl/1.9.2/jackson-core-asl-1.9.2.jar:/home/alex/.m2/repository/org/codehaus/jackson/jackson-mapper-asl/1.9.2/jackson-mapper-asl-1.9.2.jar:/home/alex/.m2/repository/org/codehaus/jackson/jackson-jaxrs/1.9.2/jackson-jaxrs-1.9.2.jar:/home/alex/.m2/repository/org/codehaus/jackson/jackson-xc/1.9.2/jackson-xc-1.9.2.jar:/home/alex/.m2/repository/com/sun/jersey/jersey-server/1.19/jersey-server-1.19.jar:/home/alex/.m2/repository/commons-lang/commons-lang/2.6/commons-lang-2.6.jar:/home/alex/.m2/repository/org/apache/commons/commons-configuration2/2.1.1/commons-configuration2-2.1.1.jar:/home/alex/.m2/repository/org/apache/avro/avro/1.8.2/avro-1.8.2.jar:/home/alex/.m2/repository/com/thoughtworks/paranamer/paranamer/2.8/paranamer-2.8.jar:/home/alex/.m2/repository/org/xerial/snappy/snappy-java/1.1.4/snappy-java-1.1.4.jar:/home/alex/.m2/repository/org/tukaani/xz/1.5/xz-1.5.jar:/home/alex/.m2/repository/com/google/re2j/re2j/1.2/re2j-1.2.jar:/home/alex/.m2/repository/com/google/code/gson/gson/2.2.4/gson-2.2.4.jar:/home/alex/.m2/repository/org/apache/hadoop/hadoop-auth/3.1.0/hadoop-auth-3.1.0.jar:/home/alex/.m2/repository/com/nimbusds/nimbus-jose-jwt/4.41.1/nimbus-jose-jwt-4.41.1.jar:/home/alex/.m2/repository/com/github/stephenc/jcip/jcip-annotations/1.0-1/jcip-annotations-1.0-1.jar:/home/alex/.m2/repository/net/minidev/json-smart/2.3/json-smart-2.3.jar:/home/alex/.m2/repository/net/minidev/accessors-smart/1.2/accessors-smart-1.2.jar:/home/alex/.m2/repository/com/jcraft/jsch/0.1.54/jsch-0.1.54.jar:/home/alex/.m2/repository/com/google/code/findbugs/jsr305/3.0.0/jsr305-3.0.0.jar:/home/alex/.m2/repository/org/apache/htrace/htrace-core4/4.1.0-incubating/htrace-core4-4.1.0-incubating.jar:/home/alex/.m2/repository/org/apache/kerby/kerb-simplekdc/1.0.1/kerb-simplekdc-1.0.1.jar:/home/alex/.m2/repository/org/apache/kerby/kerb-client/1.0.1/kerb-client-1.0.1.jar:/home/alex/.m2/repository/org/apache/kerby/kerby-config/1.0.1/kerby-config-1.0.1.jar:/home/alex/.m2/repository/org/apache/kerby/kerb-core/1.0.1/kerb-core-1.0.1.jar:/home/alex/.m2/repository/org/apache/kerby/kerby-pkix/1.0.1/kerby-pkix-1.0.1.jar:/home/alex/.m2/repository/org/apache/kerby/kerby-asn1/1.0.1/kerby-asn1-1.0.1.jar:/home/alex/.m2/repository/org/apache/kerby/kerby-util/1.0.1/kerby-util-1.0.1.jar:/home/alex/.m2/repository/org/apache/kerby/kerb-common/1.0.1/kerb-common-1.0.1.jar:/home/alex/.m2/repository/org/apache/kerby/kerb-crypto/1.0.1/kerb-crypto-1.0.1.jar:/home/alex/.m2/repository/org/apache/kerby/kerb-util/1.0.1/kerb-util-1.0.1.jar:/home/alex/.m2/repository/org/apache/kerby/token-provider/1.0.1/token-provider-1.0.1.jar:/home/alex/.m2/repository/org/apache/kerby/kerb-admin/1.0.1/kerb-admin-1.0.1.jar:/home/alex/.m2/repository/org/apache/kerby/kerb-server/1.0.1/kerb-server-1.0.1.jar:/home/alex/.m2/repository/org/apache/kerby/kerb-identity/1.0.1/kerb-identity-1.0.1.jar:/home/alex/.m2/repository/org/apache/kerby/kerby-xdr/1.0.1/kerby-xdr-1.0.1.jar:/home/alex/.m2/repository/org/codehaus/woodstox/stax2-api/3.1.4/stax2-api-3.1.4.jar:/home/alex/.m2/repository/com/fasterxml/woodstox/woodstox-core/5.0.3/woodstox-core-5.0.3.jar:/home/alex/.m2/repository/org/apache/thrift/libthrift/0.14.1/libthrift-0.14.1.jar:/home/alex/.m2/repository/org/apache/tomcat/embed/tomcat-embed-core/8.5.46/tomcat-embed-core-8.5.46.jar:/home/alex/.m2/repository/org/apache/tomcat/tomcat-annotations-api/8.5.46/tomcat-annotations-api-8.5.46.jar:/home/alex/.m2/repository/javax/annotation/javax.annotation-api/1.3.2/javax.annotation-api-1.3.2.jar:/home/alex/.m2/repository/net/sf/supercsv/super-csv/2.2.0/super-csv-2.2.0.jar:/home/alex/.m2/repository/org/apache/logging/log4j/log4j-slf4j-impl/2.13.2/log4j-slf4j-impl-2.13.2.jar:/home/alex/.m2/repository/org/apache/logging/log4j/log4j-api/2.13.2/log4j-api-2.13.2.jar:/home/alex/Repositories/hive/ql/target/test-classes:/home/alex/.m2/repository/org/apache/atlas/atlas-client-v2/2.1.0/atlas-client-v2-2.1.0.jar:/home/alex/.m2/repository/cglib/cglib/2.2.2/cglib-2.2.2.jar:/home/alex/.m2/repository/asm/asm/3.3.1/asm-3.3.1.jar:/home/alex/.m2/repository/org/apache/atlas/atlas-client-common/2.1.0/atlas-client-common-2.1.0.jar:/home/alex/.m2/repository/com/sun/jersey/jersey-client/1.19/jersey-client-1.19.jar:/home/alex/.m2/repository/org/apache/atlas/atlas-intg/2.1.0/atlas-intg-2.1.0.jar:/home/alex/.m2/repository/commons-validator/commons-validator/1.6/commons-validator-1.6.jar:/home/alex/.m2/repository/commons-digester/commons-digester/1.8.1/commons-digester-1.8.1.jar:/home/alex/.m2/repository/com/fasterxml/jackson/jaxrs/jackson-jaxrs-base/2.12.0/jackson-jaxrs-base-2.12.0.jar:/home/alex/.m2/repository/com/fasterxml/jackson/jaxrs/jackson-jaxrs-json-provider/2.12.0/jackson-jaxrs-json-provider-2.12.0.jar:/home/alex/.m2/repository/javax/inject/javax.inject/1/javax.inject-1.jar:/home/alex/.m2/repository/org/springframework/spring-context/4.3.20.RELEASE/spring-context-4.3.20.RELEASE.jar:/home/alex/.m2/repository/org/springframework/spring-aop/4.3.20.RELEASE/spring-aop-4.3.20.RELEASE.jar:/home/alex/.m2/repository/org/springframework/spring-beans/4.3.20.RELEASE/spring-beans-4.3.20.RELEASE.jar:/home/alex/.m2/repository/org/springframework/spring-core/4.3.20.RELEASE/spring-core-4.3.20.RELEASE.jar:/home/alex/.m2/repository/org/springframework/spring-expression/4.3.20.RELEASE/spring-expression-4.3.20.RELEASE.jar:/home/alex/.m2/repository/commons-configuration/commons-configuration/1.10/commons-configuration-1.10.jar:/home/alex/Repositories/hive/vector-code-gen/target/classes:/home/alex/.m2/repository/org/apache/velocity/velocity/1.5/velocity-1.5.jar:/home/alex/.m2/repository/oro/oro/2.0.8/oro-2.0.8.jar:/home/alex/Repositories/hive/parser/target/classes:/home/alex/Repositories/hive/udf/target/classes:/home/alex/Repositories/hive/llap-tez/target/classes:/home/alex/Repositories/hive/spark-client/target/classes:/home/alex/.m2/repository/io/netty/netty-all/4.1.65.Final/netty-all-4.1.65.Final.jar:/home/alex/.m2/repository/com/fasterxml/jackson/module/jackson-module-scala_2.12/2.12.0/jackson-module-scala_2.12-2.12.0.jar:/home/alex/.m2/repository/org/scala-lang/scala-library/2.12.10/scala-library-2.12.10.jar:/home/alex/.m2/repository/org/apache/spark/spark-core_2.12/2.4.5/spark-core_2.12-2.4.5.jar:/home/alex/.m2/repository/com/twitter/chill_2.12/0.9.3/chill_2.12-0.9.3.jar:/home/alex/.m2/repository/com/twitter/chill-java/0.9.3/chill-java-0.9.3.jar:/home/alex/.m2/repository/org/apache/xbean/xbean-asm6-shaded/4.8/xbean-asm6-shaded-4.8.jar:/home/alex/.m2/repository/org/apache/hadoop/hadoop-client/3.1.0/hadoop-client-3.1.0.jar:/home/alex/.m2/repository/org/apache/hadoop/hadoop-mapreduce-client-jobclient/3.1.0/hadoop-mapreduce-client-jobclient-3.1.0.jar:/home/alex/.m2/repository/org/apache/hadoop/hadoop-mapreduce-client-common/3.1.0/hadoop-mapreduce-client-common-3.1.0.jar:/home/alex/.m2/repository/org/apache/spark/spark-launcher_2.12/2.4.5/spark-launcher_2.12-2.4.5.jar:/home/alex/.m2/repository/org/apache/spark/spark-kvstore_2.12/2.4.5/spark-kvstore_2.12-2.4.5.jar:/home/alex/.m2/repository/org/apache/spark/spark-network-common_2.12/2.4.5/spark-network-common_2.12-2.4.5.jar:/home/alex/.m2/repository/org/apache/spark/spark-network-shuffle_2.12/2.4.5/spark-network-shuffle_2.12-2.4.5.jar:/home/alex/.m2/repository/org/apache/spark/spark-unsafe_2.12/2.4.5/spark-unsafe_2.12-2.4.5.jar:/home/alex/.m2/repository/javax/activation/activation/1.1.1/activation-1.1.1.jar:/home/alex/.m2/repository/org/slf4j/jul-to-slf4j/1.7.16/jul-to-slf4j-1.7.16.jar:/home/alex/.m2/repository/org/slf4j/jcl-over-slf4j/1.7.16/jcl-over-slf4j-1.7.16.jar:/home/alex/.m2/repository/com/ning/compress-lzf/1.0.3/compress-lzf-1.0.3.jar:/home/alex/.m2/repository/org/roaringbitmap/RoaringBitmap/0.7.45/RoaringBitmap-0.7.45.jar:/home/alex/.m2/repository/org/roaringbitmap/shims/0.7.45/shims-0.7.45.jar:/home/alex/.m2/repository/org/json4s/json4s-jackson_2.12/3.5.3/json4s-jackson_2.12-3.5.3.jar:/home/alex/.m2/repository/org/json4s/json4s-core_2.12/3.5.3/json4s-core_2.12-3.5.3.jar:/home/alex/.m2/repository/org/json4s/json4s-ast_2.12/3.5.3/json4s-ast_2.12-3.5.3.jar:/home/alex/.m2/repository/org/json4s/json4s-scalap_2.12/3.5.3/json4s-scalap_2.12-3.5.3.jar:/home/alex/.m2/repository/org/scala-lang/modules/scala-xml_2.12/1.0.6/scala-xml_2.12-1.0.6.jar:/home/alex/.m2/repository/com/clearspring/analytics/stream/2.7.0/stream-2.7.0.jar:/home/alex/.m2/repository/io/dropwizard/metrics/metrics-graphite/3.1.5/metrics-graphite-3.1.5.jar:/home/alex/.m2/repository/net/razorvine/pyrolite/4.13/pyrolite-4.13.jar:/home/alex/.m2/repository/net/sf/py4j/py4j/0.10.7/py4j-0.10.7.jar:/home/alex/.m2/repository/org/apache/spark/spark-tags_2.12/2.4.5/spark-tags_2.12-2.4.5.jar:/home/alex/.m2/repository/org/apache/commons/commons-crypto/1.0.0/commons-crypto-1.0.0.jar:/home/alex/.m2/repository/org/spark-project/spark/unused/1.0.0/unused-1.0.0.jar:/home/alex/.m2/repository/org/apache/spark/spark-yarn_2.12/2.4.5/spark-yarn_2.12-2.4.5.jar:/home/alex/.m2/repository/com/amazonaws/secretsmanager/aws-secretsmanager-caching-java/1.0.1/aws-secretsmanager-caching-java-1.0.1.jar:/home/alex/.m2/repository/com/esotericsoftware/kryo/5.0.3/kryo-5.0.3.jar:/home/alex/.m2/repository/com/esotericsoftware/minlog/1.3.1/minlog-1.3.1.jar:/home/alex/.m2/repository/com/esotericsoftware/reflectasm/1.11.9/reflectasm-1.11.9.jar:/home/alex/.m2/repository/org/apache/parquet/parquet-hadoop-bundle/1.11.1/parquet-hadoop-bundle-1.11.1.jar:/home/alex/.m2/repository/org/apache/commons/commons-collections4/4.1/commons-collections4-4.1.jar:/home/alex/.m2/repository/org/apache/commons/commons-text/1.8/commons-text-1.8.jar:/home/alex/.m2/repository/org/antlr/ST4/4.0.4/ST4-4.0.4.jar:/home/alex/.m2/repository/org/apache/avro/avro-mapred/1.8.2/avro-mapred-1.8.2-hadoop2.jar:/home/alex/.m2/repository/org/apache/avro/avro-ipc/1.8.2/avro-ipc-1.8.2.jar:/home/alex/.m2/repository/org/mortbay/jetty/jetty/6.1.26/jetty-6.1.26.jar:/home/alex/.m2/repository/org/apache/hadoop/hadoop-yarn-registry/3.1.0/hadoop-yarn-registry-3.1.0.jar:/home/alex/.m2/repository/org/apache/hadoop/hadoop-yarn-api/3.1.0/hadoop-yarn-api-3.1.0.jar:/home/alex/.m2/repository/commons-daemon/commons-daemon/1.0.13/commons-daemon-1.0.13.jar:/home/alex/.m2/repository/dnsjava/dnsjava/2.1.7/dnsjava-2.1.7.jar:/home/alex/.m2/repository/org/apache/orc/orc-tools/1.6.9/orc-tools-1.6.9.jar:/home/alex/.m2/repository/com/opencsv/opencsv/3.9/opencsv-3.9.jar:/home/alex/.m2/repository/org/apache/hadoop/hadoop-hdfs/3.1.0/hadoop-hdfs-3.1.0.jar:/home/alex/.m2/repository/org/threeten/threetenbp/1.3.5/threetenbp-1.3.5.jar:/home/alex/.m2/repository/org/apache/ivy/ivy/2.4.0/ivy-2.4.0.jar:/home/alex/.m2/repository/org/apache/datasketches/datasketches-hive/1.1.0-incubating/datasketches-hive-1.1.0-incubating.jar:/home/alex/.m2/repository/org/apache/datasketches/datasketches-java/1.3.0-incubating/datasketches-java-1.3.0-incubating.jar:/home/alex/.m2/repository/org/apache/datasketches/datasketches-memory/1.2.0-incubating/datasketches-memory-1.2.0-incubating.jar:/home/alex/.m2/repository/org/slf4j/slf4j-simple/1.7.27/slf4j-simple-1.7.27.jar:/home/alex/.m2/repository/org/codehaus/groovy/groovy-all/2.4.11/groovy-all-2.4.11.jar:/home/alex/.m2/repository/org/jodd/jodd-util/6.0.0/jodd-util-6.0.0.jar:/home/alex/.m2/repository/com/fasterxml/jackson/core/jackson-annotations/2.12.0/jackson-annotations-2.12.0.jar:/home/alex/.m2/repository/com/fasterxml/jackson/dataformat/jackson-dataformat-yaml/2.12.0/jackson-dataformat-yaml-2.12.0.jar:/home/alex/.m2/repository/org/yaml/snakeyaml/1.27/snakeyaml-1.27.jar:/home/alex/.m2/repository/org/apache/calcite/calcite-core/1.25.0/calcite-core-1.25.0.jar:/home/alex/.m2/repository/org/apache/calcite/calcite-linq4j/1.25.0/calcite-linq4j-1.25.0.jar:/home/alex/.m2/repository/com/esri/geometry/esri-geometry-api/2.2.0/esri-geometry-api-2.2.0.jar:/home/alex/.m2/repository/com/yahoo/datasketches/sketches-core/0.9.0/sketches-core-0.9.0.jar:/home/alex/.m2/repository/com/yahoo/datasketches/memory/0.9.0/memory-0.9.0.jar:/home/alex/.m2/repository/org/apache/calcite/calcite-druid/1.25.0/calcite-druid-1.25.0.jar:/home/alex/.m2/repository/org/apache/calcite/avatica/avatica/1.12.0/avatica-1.12.0.jar:/home/alex/.m2/repository/com/googlecode/javaewah/JavaEWAH/0.3.2/JavaEWAH-0.3.2.jar:/home/alex/.m2/repository/stax/stax-api/1.0.1/stax-api-1.0.1.jar:/home/alex/.m2/repository/net/sf/opencsv/opencsv/2.3/opencsv-2.3.jar:/home/alex/.m2/repository/org/reflections/reflections/0.9.10/reflections-0.9.10.jar:/home/alex/.m2/repository/org/javassist/javassist/3.19.0-GA/javassist-3.19.0-GA.jar:/home/alex/.m2/repository/com/jayway/jsonpath/json-path/2.4.0/json-path-2.4.0.jar:/home/alex/.m2/repository/org/codehaus/janino/commons-compiler/3.0.11/commons-compiler-3.0.11.jar:/home/alex/.m2/repository/org/codehaus/janino/janino/3.0.11/janino-3.0.11.jar:/home/alex/.m2/repository/com/sun/jersey/contribs/jersey-multipart/1.19/jersey-multipart-1.19.jar:/home/alex/.m2/repository/org/jvnet/mimepull/mimepull/1.9.3/mimepull-1.9.3.jar:/home/alex/.m2/repository/org/apache/kafka/kafka-clients/2.5.0/kafka-clients-2.5.0.jar:/home/alex/.m2/repository/com/github/luben/zstd-jni/1.4.4-7/zstd-jni-1.4.4-7.jar:/home/alex/.m2/repository/org/lz4/lz4-java/1.7.1/lz4-java-1.7.1.jar:/home/alex/Repositories/hive/service/target/classes:/home/alex/Repositories/hive/ql/target/classes:/home/alex/Repositories/hive/llap-server/target/classes:/home/alex/.m2/repository/com/lmax/disruptor/3.3.7/disruptor-3.3.7.jar:/home/alex/Repositories/hive/llap-common/target/test-classes:/home/alex/Repositories/hive/hplsql/target/classes:/home/alex/.m2/repository/org/antlr/antlr4-runtime/4.5/antlr4-runtime-4.5.jar:/home/alex/.m2/repository/org/abego/treelayout/org.abego.treelayout.core/1.0.1/org.abego.treelayout.core-1.0.1.jar:/home/alex/.m2/repository/javax/servlet/jsp/javax.servlet.jsp-api/2.3.1/javax.servlet.jsp-api-2.3.1.jar:/home/alex/.m2/repository/org/eclipse/jetty/jetty-runner/9.3.27.v20190418/jetty-runner-9.3.27.v20190418.jar:/home/alex/.m2/repository/org/eclipse/jetty/jetty-plus/9.3.27.v20190418/jetty-plus-9.3.27.v20190418.jar:/home/alex/.m2/repository/org/eclipse/jetty/jetty-annotations/9.3.27.v20190418/jetty-annotations-9.3.27.v20190418.jar:/home/alex/.m2/repository/org/ow2/asm/asm/6.0/asm-6.0.jar:/home/alex/.m2/repository/org/ow2/asm/asm-commons/6.0/asm-commons-6.0.jar:/home/alex/.m2/repository/org/ow2/asm/asm-tree/6.0/asm-tree-6.0.jar:/home/alex/.m2/repository/org/eclipse/jetty/jetty-jaas/9.3.27.v20190418/jetty-jaas-9.3.27.v20190418.jar:/home/alex/.m2/repository/org/eclipse/jetty/websocket/websocket-server/9.3.27.v20190418/websocket-server-9.3.27.v20190418.jar:/home/alex/.m2/repository/org/eclipse/jetty/websocket/websocket-common/9.3.27.v20190418/websocket-common-9.3.27.v20190418.jar:/home/alex/.m2/repository/org/eclipse/jetty/websocket/websocket-api/9.3.27.v20190418/websocket-api-9.3.27.v20190418.jar:/home/alex/.m2/repository/org/eclipse/jetty/websocket/websocket-client/9.3.27.v20190418/websocket-client-9.3.27.v20190418.jar:/home/alex/.m2/repository/org/eclipse/jetty/websocket/websocket-servlet/9.3.27.v20190418/websocket-servlet-9.3.27.v20190418.jar:/home/alex/.m2/repository/org/eclipse/jetty/jetty-jndi/9.3.27.v20190418/jetty-jndi-9.3.27.v20190418.jar:/home/alex/.m2/repository/org/eclipse/jetty/apache-jsp/9.3.27.v20190418/apache-jsp-9.3.27.v20190418.jar:/home/alex/.m2/repository/org/eclipse/jetty/toolchain/jetty-schemas/3.1/jetty-schemas-3.1.jar:/home/alex/.m2/repository/org/eclipse/jdt/core/compiler/ecj/4.4.2/ecj-4.4.2.jar:/home/alex/.m2/repository/org/eclipse/jetty/apache-jstl/9.3.27.v20190418/apache-jstl-9.3.27.v20190418.jar:/home/alex/.m2/repository/org/apache/taglibs/taglibs-standard-spec/1.2.5/taglibs-standard-spec-1.2.5.jar:/home/alex/.m2/repository/org/apache/taglibs/taglibs-standard-impl/1.2.5/taglibs-standard-impl-1.2.5.jar:/home/alex/.m2/repository/org/apache/curator/curator-client/4.2.0/curator-client-4.2.0.jar:/home/alex/.m2/repository/org/apache/curator/curator-recipes/4.2.0/curator-recipes-4.2.0.jar:/home/alex/.m2/repository/org/pac4j/pac4j-saml-opensamlv3/4.0.3/pac4j-saml-opensamlv3-4.0.3.jar:/home/alex/.m2/repository/org/pac4j/pac4j-core/4.0.3/pac4j-core-4.0.3.jar:/home/alex/.m2/repository/org/opensaml/opensaml-core/3.4.5/opensaml-core-3.4.5.jar:/home/alex/.m2/repository/net/shibboleth/utilities/java-support/7.5.1/java-support-7.5.1.jar:/home/alex/.m2/repository/org/opensaml/opensaml-saml-api/3.4.5/opensaml-saml-api-3.4.5.jar:/home/alex/.m2/repository/org/opensaml/opensaml-storage-api/3.4.5/opensaml-storage-api-3.4.5.jar:/home/alex/.m2/repository/org/opensaml/opensaml-saml-impl/3.4.5/opensaml-saml-impl-3.4.5.jar:/home/alex/.m2/repository/org/opensaml/opensaml-soap-impl/3.4.5/opensaml-soap-impl-3.4.5.jar:/home/alex/.m2/repository/org/opensaml/opensaml-soap-api/3.4.5/opensaml-soap-api-3.4.5.jar:/home/alex/.m2/repository/org/opensaml/opensaml-xmlsec-api/3.4.5/opensaml-xmlsec-api-3.4.5.jar:/home/alex/.m2/repository/org/opensaml/opensaml-security-api/3.4.5/opensaml-security-api-3.4.5.jar:/home/alex/.m2/repository/org/opensaml/opensaml-security-impl/3.4.5/opensaml-security-impl-3.4.5.jar:/home/alex/.m2/repository/org/opensaml/opensaml-profile-api/3.4.5/opensaml-profile-api-3.4.5.jar:/home/alex/.m2/repository/org/opensaml/opensaml-profile-impl/3.4.5/opensaml-profile-impl-3.4.5.jar:/home/alex/.m2/repository/org/opensaml/opensaml-messaging-api/3.4.5/opensaml-messaging-api-3.4.5.jar:/home/alex/.m2/repository/org/opensaml/opensaml-messaging-impl/3.4.5/opensaml-messaging-impl-3.4.5.jar:/home/alex/.m2/repository/org/opensaml/opensaml-storage-impl/3.4.5/opensaml-storage-impl-3.4.5.jar:/home/alex/.m2/repository/org/ldaptive/ldaptive/1.0.13/ldaptive-1.0.13.jar:/home/alex/.m2/repository/javax/json/javax.json-api/1.0/javax.json-api-1.0.jar:/home/alex/.m2/repository/net/spy/spymemcached/2.12.3/spymemcached-2.12.3.jar:/home/alex/.m2/repository/org/glassfish/javax.json/1.0.4/javax.json-1.0.4.jar:/home/alex/.m2/repository/org/opensaml/opensaml-xmlsec-impl/3.4.5/opensaml-xmlsec-impl-3.4.5.jar:/home/alex/.m2/repository/org/cryptacular/cryptacular/1.2.4/cryptacular-1.2.4.jar:/home/alex/.m2/repository/net/shibboleth/tool/xmlsectool/2.0.0/xmlsectool-2.0.0.jar:/home/alex/.m2/repository/com/beust/jcommander/1.48/jcommander-1.48.jar:/home/alex/.m2/repository/org/bouncycastle/bcprov-jdk15on/1.64/bcprov-jdk15on-1.64.jar:/home/alex/.m2/repository/org/apache/santuario/xmlsec/2.2.1/xmlsec-2.2.1.jar:/home/alex/.m2/repository/org/jamon/jamon-runtime/2.3.1/jamon-runtime-2.3.1.jar:/home/alex/.m2/repository/org/apache/hadoop/hadoop-mapreduce-client-core/3.1.0/hadoop-mapreduce-client-core-3.1.0.jar:/home/alex/.m2/repository/org/apache/hadoop/hadoop-yarn-client/3.1.0/hadoop-yarn-client-3.1.0.jar:/home/alex/.m2/repository/org/apache/hadoop/hadoop-yarn-common/3.1.0/hadoop-yarn-common-3.1.0.jar:/home/alex/.m2/repository/com/google/inject/guice/4.0/guice-4.0.jar:/home/alex/.m2/repository/aopalliance/aopalliance/1.0/aopalliance-1.0.jar:/home/alex/.m2/repository/com/sun/jersey/contribs/jersey-guice/1.19/jersey-guice-1.19.jar:/home/alex/.m2/repository/com/fasterxml/jackson/module/jackson-module-jaxb-annotations/2.12.0/jackson-module-jaxb-annotations-2.12.0.jar:/home/alex/.m2/repository/jakarta/xml/bind/jakarta.xml.bind-api/2.3.2/jakarta.xml.bind-api-2.3.2.jar:/home/alex/.m2/repository/jakarta/activation/jakarta.activation-api/1.2.1/jakarta.activation-api-1.2.1.jar:/home/alex/.m2/repository/org/apache/hadoop/hadoop-hdfs-client/3.1.0/hadoop-hdfs-client-3.1.0.jar:/home/alex/.m2/repository/com/squareup/okhttp/okhttp/2.7.5/okhttp-2.7.5.jar:/home/alex/.m2/repository/com/squareup/okio/okio/1.6.0/okio-1.6.0.jar:/home/alex/.m2/repository/com/google/inject/extensions/guice-servlet/4.0/guice-servlet-4.0.jar:/home/alex/.m2/repository/junit/junit/4.13/junit-4.13.jar:/home/alex/.m2/repository/org/hamcrest/hamcrest-core/1.3/hamcrest-core-1.3.jar:/home/alex/.m2/repository/org/junit/jupiter/junit-jupiter-engine/5.6.2/junit-jupiter-engine-5.6.2.jar:/home/alex/.m2/repository/org/apiguardian/apiguardian-api/1.1.0/apiguardian-api-1.1.0.jar:/home/alex/.m2/repository/org/junit/platform/junit-platform-engine/1.6.2/junit-platform-engine-1.6.2.jar:/home/alex/.m2/repository/org/opentest4j/opentest4j/1.2.0/opentest4j-1.2.0.jar:/home/alex/.m2/repository/org/junit/platform/junit-platform-commons/1.6.2/junit-platform-commons-1.6.2.jar:/home/alex/.m2/repository/org/junit/jupiter/junit-jupiter-api/5.6.2/junit-jupiter-api-5.6.2.jar:/home/alex/.m2/repository/org/junit/vintage/junit-vintage-engine/5.6.2/junit-vintage-engine-5.6.2.jar:/home/alex/.m2/repository/org/powermock/powermock-module-junit4/2.0.2/powermock-module-junit4-2.0.2.jar:/home/alex/.m2/repository/org/powermock/powermock-module-junit4-common/2.0.2/powermock-module-junit4-common-2.0.2.jar:/home/alex/.m2/repository/org/powermock/powermock-reflect/2.0.2/powermock-reflect-2.0.2.jar:/home/alex/.m2/repository/org/powermock/powermock-core/2.0.2/powermock-core-2.0.2.jar:/home/alex/.m2/repository/org/powermock/powermock-api-mockito2/2.0.2/powermock-api-mockito2-2.0.2.jar:/home/alex/.m2/repository/org/powermock/powermock-api-support/2.0.2/powermock-api-support-2.0.2.jar:/home/alex/.m2/repository/org/postgresql/postgresql/42.2.14/postgresql-42.2.14.jar:/home/alex/.m2/repository/org/slf4j/slf4j-api/1.7.30/slf4j-api-1.7.30.jar:/home/alex/.m2/repository/org/mockito/mockito-core/3.4.4/mockito-core-3.4.4.jar:/home/alex/.m2/repository/net/bytebuddy/byte-buddy/1.10.13/byte-buddy-1.10.13.jar:/home/alex/.m2/repository/net/bytebuddy/byte-buddy-agent/1.10.13/byte-buddy-agent-1.10.13.jar:/home/alex/.m2/repository/org/objenesis/objenesis/2.6/objenesis-2.6.jar:/home/alex/Repositories/hive/beeline/target/testconf:/home/alex/Repositories/hive/beeline/../conf:"/>
    <property name="sun.cpu.endian" value="little"/>
    <property name="user.home" value="/home/alex"/>
    <property name="user.language" value="en"/>
    <property name="java.security.krb5.conf" value="/home/alex/Repositories/hive/beeline/target/testconf/krb5.conf"/>
    <property name="test.dfs.mkdir" value=""/>
    <property name="java.awt.graphicsenv" value="sun.awt.X11GraphicsEnvironment"/>
    <property name="nondexFilter" value=".*"/>
    <property name="nondexSeed" value="933178"/>
    <property name="surefire.real.class.path" value="/home/alex/Repositories/hive/beeline/target/surefire/surefirebooter8700721069625264783.jar"/>
    <property name="hadoop.log.dir" value="/home/alex/Repositories/hive/beeline/target/tmp"/>
    <property name="java.net.preferIPv4Stack" value="true"/>
    <property name="path.separator" value=":"/>
    <property name="os.version" value="6.5.0-28-generic"/>
    <property name="java.endorsed.dirs" value="/usr/lib/jvm/java-8-openjdk-amd64/jre/lib/endorsed"/>
    <property name="java.runtime.name" value="OpenJDK Runtime Environment"/>
    <property name="hive.test.console.log.level" value="INFO"/>
    <property name="java.vm.name" value="OpenJDK 64-Bit Server VM"/>
    <property name="java.vendor.url.bug" value="http://bugreport.sun.com/bugreport/"/>
    <property name="maven.local.repository" value="/home/alex/.m2/repository"/>
    <property name="user.dir" value="/home/alex/Repositories/hive/beeline"/>
    <property name="os.arch" value="amd64"/>
    <property name="nondexMode" value="FULL"/>
    <property name="user.language.format" value="pt"/>
    <property name="antlr.version" value="3.5.2"/>
    <property name="derby.version" value="10.14.1.0"/>
    <property name="java.vm.info" value="mixed mode"/>
    <property name="java.vm.version" value="25.402-b06"/>
    <property name="java.ext.dirs" value="/usr/lib/jvm/java-8-openjdk-amd64/jre/lib/ext:/usr/java/packages/lib/ext"/>
    <property name="datanucleus.schema.autoCreateAll" value="true"/>
    <property name="java.class.version" value="52.0"/>
    <property name="test.output.overwrite" value=""/>
    <property name="hive.root" value="/home/alex/Repositories/hive/beeline/../"/>
  </properties>
  <testcase name="testSetPromptValue" classname="org.apache.hive.beeline.cli.TestHiveCli" time="9.496">
    <error type="java.lang.NullPointerException"><![CDATA[java.lang.NullPointerException
	at org.apache.hive.beeline.cli.TestHiveCli.executeCMD(TestHiveCli.java:255)
	at org.apache.hive.beeline.cli.TestHiveCli.initFromFile(TestHiveCli.java:321)
	at org.apache.hive.beeline.cli.TestHiveCli.setup(TestHiveCli.java:294)
	at sun.reflect.NativeMethodAccessorImpl.invoke0(Native Method)
	at sun.reflect.NativeMethodAccessorImpl.invoke(NativeMethodAccessorImpl.java:62)
	at sun.reflect.DelegatingMethodAccessorImpl.invoke(DelegatingMethodAccessorImpl.java:43)
	at java.lang.reflect.Method.invoke(Method.java:498)
	at org.junit.runners.model.FrameworkMethod$1.runReflectiveCall(FrameworkMethod.java:59)
	at org.junit.internal.runners.model.ReflectiveCallable.run(ReflectiveCallable.java:12)
	at org.junit.runners.model.FrameworkMethod.invokeExplosively(FrameworkMethod.java:56)
	at org.junit.internal.runners.statements.RunBefores.invokeMethod(RunBefores.java:33)
	at org.junit.internal.runners.statements.RunBefores.evaluate(RunBefores.java:24)
	at org.junit.internal.runners.statements.RunAfters.evaluate(RunAfters.java:27)
	at org.junit.runners.ParentRunner$3.evaluate(ParentRunner.java:306)
	at org.junit.runners.BlockJUnit4ClassRunner$1.evaluate(BlockJUnit4ClassRunner.java:100)
	at org.junit.runners.ParentRunner.runLeaf(ParentRunner.java:366)
	at org.junit.runners.BlockJUnit4ClassRunner.runChild(BlockJUnit4ClassRunner.java:103)
	at org.junit.runners.BlockJUnit4ClassRunner.runChild(BlockJUnit4ClassRunner.java:63)
	at org.junit.runners.ParentRunner$4.run(ParentRunner.java:331)
	at org.junit.runners.ParentRunner$1.schedule(ParentRunner.java:79)
	at org.junit.runners.ParentRunner.runChildren(ParentRunner.java:329)
	at org.junit.runners.ParentRunner.access$100(ParentRunner.java:66)
	at org.junit.runners.ParentRunner$2.evaluate(ParentRunner.java:293)
	at org.junit.internal.runners.statements.RunBefores.evaluate(RunBefores.java:26)
	at org.junit.runners.ParentRunner$3.evaluate(ParentRunner.java:306)
	at org.junit.runners.ParentRunner.run(ParentRunner.java:413)
	at org.junit.runner.JUnitCore.run(JUnitCore.java:137)
	at org.junit.runner.JUnitCore.run(JUnitCore.java:115)
	at org.junit.vintage.engine.execution.RunnerExecutor.execute(RunnerExecutor.java:43)
	at java.util.stream.ForEachOps$ForEachOp$OfRef.accept(ForEachOps.java:183)
	at java.util.stream.ReferencePipeline$3$1.accept(ReferencePipeline.java:193)
	at java.util.Iterator.forEachRemaining(Iterator.java:116)
	at java.util.Spliterators$IteratorSpliterator.forEachRemaining(Spliterators.java:1801)
	at java.util.stream.AbstractPipeline.copyInto(AbstractPipeline.java:482)
	at java.util.stream.AbstractPipeline.wrapAndCopyInto(AbstractPipeline.java:472)
	at java.util.stream.ForEachOps$ForEachOp.evaluateSequential(ForEachOps.java:150)
	at java.util.stream.ForEachOps$ForEachOp$OfRef.evaluateSequential(ForEachOps.java:173)
	at java.util.stream.AbstractPipeline.evaluate(AbstractPipeline.java:234)
	at java.util.stream.ReferencePipeline.forEach(ReferencePipeline.java:485)
	at org.junit.vintage.engine.VintageTestEngine.executeAllChildren(VintageTestEngine.java:82)
	at org.junit.vintage.engine.VintageTestEngine.execute(VintageTestEngine.java:73)
	at org.junit.platform.launcher.core.DefaultLauncher.execute(DefaultLauncher.java:248)
	at org.junit.platform.launcher.core.DefaultLauncher.lambda$execute$5(DefaultLauncher.java:211)
	at org.junit.platform.launcher.core.DefaultLauncher.withInterceptedStreams(DefaultLauncher.java:226)
	at org.junit.platform.launcher.core.DefaultLauncher.execute(DefaultLauncher.java:199)
	at org.junit.platform.launcher.core.DefaultLauncher.execute(DefaultLauncher.java:132)
	at org.apache.maven.surefire.junitplatform.JUnitPlatformProvider.invokeAllTests(JUnitPlatformProvider.java:154)
	at org.apache.maven.surefire.junitplatform.JUnitPlatformProvider.invoke(JUnitPlatformProvider.java:123)
	at org.apache.maven.surefire.booter.ForkedBooter.runSuitesInProcess(ForkedBooter.java:377)
	at org.apache.maven.surefire.booter.ForkedBooter.execute(ForkedBooter.java:138)
	at org.apache.maven.surefire.booter.ForkedBooter.run(ForkedBooter.java:465)
	at org.apache.maven.surefire.booter.ForkedBooter.main(ForkedBooter.java:451)
]]></error>
    <system-err><![CDATA[SLF4J: Class path contains multiple SLF4J bindings.
SLF4J: Found binding in [jar:file:/home/alex/.m2/repository/org/apache/logging/log4j/log4j-slf4j-impl/2.13.2/log4j-slf4j-impl-2.13.2.jar!/org/slf4j/impl/StaticLoggerBinder.class]
SLF4J: Found binding in [jar:file:/home/alex/.m2/repository/org/slf4j/slf4j-simple/1.7.27/slf4j-simple-1.7.27.jar!/org/slf4j/impl/StaticLoggerBinder.class]
SLF4J: See http://www.slf4j.org/codes.html#multiple_bindings for an explanation.
SLF4J: Actual binding is of type [org.apache.logging.slf4j.Log4jLoggerFactory]
DEBUG StatusLogger Using ShutdownCallbackRegistry class org.apache.logging.log4j.core.util.DefaultShutdownCallbackRegistry
DEBUG StatusLogger Took 0,099617 seconds to load 250 plugins from sun.misc.Launcher$AppClassLoader@7f31245a
DEBUG StatusLogger PluginManager 'Converter' found 46 plugins
DEBUG StatusLogger Starting OutputStreamManager SYSTEM_OUT.false.false-1
DEBUG StatusLogger Starting LoggerContext[name=7f31245a, org.apache.logging.log4j.core.LoggerContext@76b1e9b8]...
DEBUG StatusLogger Reconfiguration started for context[name=7f31245a] at URI null (org.apache.logging.log4j.core.LoggerContext@76b1e9b8) with optional ClassLoader: null
DEBUG StatusLogger PluginManager 'ConfigurationFactory' found 6 plugins
DEBUG StatusLogger Using configurationFactory org.apache.logging.log4j.core.config.ConfigurationFactory$Factory@7a35b0f5
DEBUG StatusLogger Apache Log4j Core 2.13.2 initializing configuration org.apache.logging.log4j.core.config.properties.PropertiesConfiguration@2a693f59
DEBUG StatusLogger Installed 2 script engines
DEBUG StatusLogger Groovy Scripting Engine version: 2.0, language: Groovy, threading: MULTITHREADED, compile: true, names: [groovy, Groovy], factory class: org.codehaus.groovy.jsr223.GroovyScriptEngineFactory
DEBUG StatusLogger Oracle Nashorn version: 1.8.0_402, language: ECMAScript, threading: Not Thread Safe, compile: true, names: [nashorn, Nashorn, js, JS, JavaScript, javascript, ECMAScript, ecmascript], factory class: jdk.nashorn.api.scripting.NashornScriptEngineFactory
INFO StatusLogger Scanning for classes in '/home/alex/Repositories/hive/common/target/classes/org/apache/hadoop/hive/ql/log' matching criteria annotated with @Plugin
DEBUG StatusLogger Checking to see if class org.apache.hadoop.hive.ql.log.PerfLogger matches criteria annotated with @Plugin
INFO StatusLogger Scanning for classes in '/home/alex/Repositories/hive/ql/target/test-classes/org/apache/hadoop/hive/ql/log' matching criteria annotated with @Plugin
DEBUG StatusLogger Checking to see if class org.apache.hadoop.hive.ql.log.TestSlidingFilenameRolloverStrategy matches criteria annotated with @Plugin
DEBUG StatusLogger Checking to see if class org.apache.hadoop.hive.ql.log.TestSyslogInputFormat matches criteria annotated with @Plugin
DEBUG StatusLogger Checking to see if class org.apache.hadoop.hive.ql.log.TestLog4j2Appenders matches criteria annotated with @Plugin
INFO StatusLogger Scanning for classes in '/home/alex/Repositories/hive/ql/target/classes/org/apache/hadoop/hive/ql/log' matching criteria annotated with @Plugin
DEBUG StatusLogger Checking to see if class org.apache.hadoop.hive.ql.log.PidFilePatternConverter matches criteria annotated with @Plugin
DEBUG StatusLogger Checking to see if class org.apache.hadoop.hive.ql.log.LogDivertAppenderForTest$TestFilter matches criteria annotated with @Plugin
DEBUG StatusLogger Checking to see if class org.apache.hadoop.hive.ql.log.HushableRandomAccessFileAppender matches criteria annotated with @Plugin
DEBUG StatusLogger Checking to see if class org.apache.hadoop.hive.ql.log.LogDivertAppender$NameFilter matches criteria annotated with @Plugin
DEBUG StatusLogger Checking to see if class org.apache.hadoop.hive.ql.log.LogDivertAppenderForTest matches criteria annotated with @Plugin
DEBUG StatusLogger Checking to see if class org.apache.hadoop.hive.ql.log.HiveEventCounter matches criteria annotated with @Plugin
DEBUG StatusLogger Checking to see if class org.apache.hadoop.hive.ql.log.HiveEventCounter$EventCounts matches criteria annotated with @Plugin
DEBUG StatusLogger Checking to see if class org.apache.hadoop.hive.ql.log.SlidingFilenameRolloverStrategy matches criteria annotated with @Plugin
DEBUG StatusLogger Checking to see if class org.apache.hadoop.hive.ql.log.HushableRandomAccessFileAppender$1 matches criteria annotated with @Plugin
DEBUG StatusLogger Checking to see if class org.apache.hadoop.hive.ql.log.SlidingFilenameRolloverStrategy$1 matches criteria annotated with @Plugin
DEBUG StatusLogger Checking to see if class org.apache.hadoop.hive.ql.log.HiveEventCounter$1 matches criteria annotated with @Plugin
DEBUG StatusLogger Checking to see if class org.apache.hadoop.hive.ql.log.LogDivertAppender matches criteria annotated with @Plugin
DEBUG StatusLogger Checking to see if class org.apache.hadoop.hive.ql.log.syslog.SyslogSerDe matches criteria annotated with @Plugin
DEBUG StatusLogger Checking to see if class org.apache.hadoop.hive.ql.log.syslog.SyslogStorageHandler matches criteria annotated with @Plugin
DEBUG StatusLogger Checking to see if class org.apache.hadoop.hive.ql.log.syslog.SyslogInputFormat$Location matches criteria annotated with @Plugin
DEBUG StatusLogger Checking to see if class org.apache.hadoop.hive.ql.log.syslog.SyslogParser matches criteria annotated with @Plugin
DEBUG StatusLogger Checking to see if class org.apache.hadoop.hive.ql.log.syslog.SyslogInputFormat matches criteria annotated with @Plugin
DEBUG StatusLogger Checking to see if class org.apache.hadoop.hive.ql.log.NullAppender matches criteria annotated with @Plugin
DEBUG StatusLogger Took 0,041468 seconds to load 7 plugins from package org.apache.hadoop.hive.ql.log
DEBUG StatusLogger PluginManager 'Core' found 132 plugins
DEBUG StatusLogger PluginManager 'Level' found 0 plugins
DEBUG StatusLogger Building Plugin[name=property, class=org.apache.logging.log4j.core.config.Property].
TRACE StatusLogger TypeConverterRegistry initializing.
DEBUG StatusLogger PluginManager 'TypeConverter' found 26 plugins
DEBUG StatusLogger createProperty(name="hive.log.file", value="hive.log")
DEBUG StatusLogger Building Plugin[name=property, class=org.apache.logging.log4j.core.config.Property].
DEBUG StatusLogger createProperty(name="hive.log.dir", value="/home/alex/Repositories/hive/beeline/target/tmp/log")
DEBUG StatusLogger Building Plugin[name=property, class=org.apache.logging.log4j.core.config.Property].
DEBUG StatusLogger createProperty(name="hive.root.logger", value="DRFA")
DEBUG StatusLogger Building Plugin[name=property, class=org.apache.logging.log4j.core.config.Property].
DEBUG StatusLogger createProperty(name="hive.log.level", value="DEBUG")
DEBUG StatusLogger Building Plugin[name=property, class=org.apache.logging.log4j.core.config.Property].
DEBUG StatusLogger createProperty(name="hive.test.console.log.level", value="INFO")
DEBUG StatusLogger Building Plugin[name=properties, class=org.apache.logging.log4j.core.config.PropertiesPlugin].
DEBUG StatusLogger configureSubstitutor(={hive.log.file=hive.log, hive.log.dir=/home/alex/Repositories/hive/beeline/target/tmp/log, hive.root.logger=DRFA, hive.log.level=DEBUG, hive.test.console.log.level=INFO}, Configuration(HiveLog4j2Test))
DEBUG StatusLogger PluginManager 'Lookup' found 17 plugins
DEBUG StatusLogger Building Plugin[name=logger, class=org.apache.logging.log4j.core.config.LoggerConfig].
DEBUG StatusLogger createLogger(additivity="true", level="WARN", name="org.apache.hadoop.ipc", includeLocation="null", ={}, ={}, Configuration(HiveLog4j2Test), Filter=null)
DEBUG StatusLogger Building Plugin[name=logger, class=org.apache.logging.log4j.core.config.LoggerConfig].
DEBUG StatusLogger createLogger(additivity="true", level="INFO", name="org.apache.hadoop.security", includeLocation="null", ={}, ={}, Configuration(HiveLog4j2Test), Filter=null)
DEBUG StatusLogger Building Plugin[name=logger, class=org.apache.logging.log4j.core.config.LoggerConfig].
DEBUG StatusLogger createLogger(additivity="true", level="INFO", name="org.apache.hadoop.hdfs", includeLocation="null", ={}, ={}, Configuration(HiveLog4j2Test), Filter=null)
DEBUG StatusLogger Building Plugin[name=logger, class=org.apache.logging.log4j.core.config.LoggerConfig].
DEBUG StatusLogger createLogger(additivity="true", level="WARN", name="org.apache.hadoop.hdfs.server", includeLocation="null", ={}, ={}, Configuration(HiveLog4j2Test), Filter=null)
DEBUG StatusLogger Building Plugin[name=logger, class=org.apache.logging.log4j.core.config.LoggerConfig].
DEBUG StatusLogger createLogger(additivity="true", level="INFO", name="org.apache.hadoop.metrics2", includeLocation="null", ={}, ={}, Configuration(HiveLog4j2Test), Filter=null)
DEBUG StatusLogger Building Plugin[name=logger, class=org.apache.logging.log4j.core.config.LoggerConfig].
DEBUG StatusLogger createLogger(additivity="true", level="INFO", name="org.mortbay", includeLocation="null", ={}, ={}, Configuration(HiveLog4j2Test), Filter=null)
DEBUG StatusLogger Building Plugin[name=logger, class=org.apache.logging.log4j.core.config.LoggerConfig].
DEBUG StatusLogger createLogger(additivity="true", level="INFO", name="org.apache.hadoop.yarn", includeLocation="null", ={}, ={}, Configuration(HiveLog4j2Test), Filter=null)
DEBUG StatusLogger Building Plugin[name=logger, class=org.apache.logging.log4j.core.config.LoggerConfig].
DEBUG StatusLogger createLogger(additivity="true", level="WARN", name="org.apache.hadoop.yarn.server", includeLocation="null", ={}, ={}, Configuration(HiveLog4j2Test), Filter=null)
DEBUG StatusLogger Building Plugin[name=logger, class=org.apache.logging.log4j.core.config.LoggerConfig].
DEBUG StatusLogger createLogger(additivity="true", level="INFO", name="org.apache.tez", includeLocation="null", ={}, ={}, Configuration(HiveLog4j2Test), Filter=null)
DEBUG StatusLogger Building Plugin[name=logger, class=org.apache.logging.log4j.core.config.LoggerConfig].
DEBUG StatusLogger createLogger(additivity="true", level="ERROR", name="org.apache.hadoop.conf.Configuration", includeLocation="null", ={}, ={}, Configuration(HiveLog4j2Test), Filter=null)
DEBUG StatusLogger Building Plugin[name=logger, class=org.apache.logging.log4j.core.config.LoggerConfig].
DEBUG StatusLogger createLogger(additivity="true", level="INFO", name="org.apache.zookeeper", includeLocation="null", ={}, ={}, Configuration(HiveLog4j2Test), Filter=null)
DEBUG StatusLogger Building Plugin[name=logger, class=org.apache.logging.log4j.core.config.LoggerConfig].
DEBUG StatusLogger createLogger(additivity="true", level="WARN", name="org.apache.zookeeper.server.ServerCnxn", includeLocation="null", ={}, ={}, Configuration(HiveLog4j2Test), Filter=null)
DEBUG StatusLogger Building Plugin[name=logger, class=org.apache.logging.log4j.core.config.LoggerConfig].
DEBUG StatusLogger createLogger(additivity="true", level="WARN", name="org.apache.zookeeper.server.NIOServerCnxn", includeLocation="null", ={}, ={}, Configuration(HiveLog4j2Test), Filter=null)
DEBUG StatusLogger Building Plugin[name=logger, class=org.apache.logging.log4j.core.config.LoggerConfig].
DEBUG StatusLogger createLogger(additivity="true", level="WARN", name="org.apache.zookeeper.ClientCnxn", includeLocation="null", ={}, ={}, Configuration(HiveLog4j2Test), Filter=null)
DEBUG StatusLogger Building Plugin[name=logger, class=org.apache.logging.log4j.core.config.LoggerConfig].
DEBUG StatusLogger createLogger(additivity="true", level="WARN", name="org.apache.zookeeper.ClientCnxnSocket", includeLocation="null", ={}, ={}, Configuration(HiveLog4j2Test), Filter=null)
DEBUG StatusLogger Building Plugin[name=logger, class=org.apache.logging.log4j.core.config.LoggerConfig].
DEBUG StatusLogger createLogger(additivity="true", level="WARN", name="org.apache.zookeeper.ClientCnxnSocketNIO", includeLocation="null", ={}, ={}, Configuration(HiveLog4j2Test), Filter=null)
DEBUG StatusLogger Building Plugin[name=logger, class=org.apache.logging.log4j.core.config.LoggerConfig].
DEBUG StatusLogger createLogger(additivity="true", level="ERROR", name="DataNucleus", includeLocation="null", ={}, ={}, Configuration(HiveLog4j2Test), Filter=null)
DEBUG StatusLogger Building Plugin[name=logger, class=org.apache.logging.log4j.core.config.LoggerConfig].
DEBUG StatusLogger createLogger(additivity="true", level="ERROR", name="Datastore", includeLocation="null", ={}, ={}, Configuration(HiveLog4j2Test), Filter=null)
DEBUG StatusLogger Building Plugin[name=logger, class=org.apache.logging.log4j.core.config.LoggerConfig].
DEBUG StatusLogger createLogger(additivity="true", level="ERROR", name="JPOX", includeLocation="null", ={}, ={}, Configuration(HiveLog4j2Test), Filter=null)
DEBUG StatusLogger Building Plugin[name=logger, class=org.apache.logging.log4j.core.config.LoggerConfig].
DEBUG StatusLogger createLogger(additivity="true", level="INFO", name="org.apache.hadoop.hive.ql.exec.Operator", includeLocation="null", ={}, ={}, Configuration(HiveLog4j2Test), Filter=null)
DEBUG StatusLogger Building Plugin[name=logger, class=org.apache.logging.log4j.core.config.LoggerConfig].
DEBUG StatusLogger createLogger(additivity="true", level="INFO", name="org.apache.hadoop.hive.serde2.lazy", includeLocation="null", ={}, ={}, Configuration(HiveLog4j2Test), Filter=null)
DEBUG StatusLogger Building Plugin[name=logger, class=org.apache.logging.log4j.core.config.LoggerConfig].
DEBUG StatusLogger createLogger(additivity="true", level="INFO", name="org.apache.hadoop.hive.metastore.ObjectStore", includeLocation="null", ={}, ={}, Configuration(HiveLog4j2Test), Filter=null)
DEBUG StatusLogger Building Plugin[name=logger, class=org.apache.logging.log4j.core.config.LoggerConfig].
DEBUG StatusLogger createLogger(additivity="true", level="INFO", name="org.apache.calcite.plan.RelOptPlanner", includeLocation="null", ={}, ={}, Configuration(HiveLog4j2Test), Filter=null)
DEBUG StatusLogger Building Plugin[name=logger, class=org.apache.logging.log4j.core.config.LoggerConfig].
DEBUG StatusLogger createLogger(additivity="true", level="INFO", name="com.amazonaws", includeLocation="null", ={}, ={}, Configuration(HiveLog4j2Test), Filter=null)
DEBUG StatusLogger Building Plugin[name=logger, class=org.apache.logging.log4j.core.config.LoggerConfig].
DEBUG StatusLogger createLogger(additivity="true", level="INFO", name="org.apache.http", includeLocation="null", ={}, ={}, Configuration(HiveLog4j2Test), Filter=null)
DEBUG StatusLogger Building Plugin[name=logger, class=org.apache.logging.log4j.core.config.LoggerConfig].
DEBUG StatusLogger createLogger(additivity="true", level="WARN", name="org.apache.thrift", includeLocation="null", ={}, ={}, Configuration(HiveLog4j2Test), Filter=null)
DEBUG StatusLogger Building Plugin[name=logger, class=org.apache.logging.log4j.core.config.LoggerConfig].
DEBUG StatusLogger createLogger(additivity="true", level="WARN", name="org.eclipse.jetty", includeLocation="null", ={}, ={}, Configuration(HiveLog4j2Test), Filter=null)
DEBUG StatusLogger Building Plugin[name=logger, class=org.apache.logging.log4j.core.config.LoggerConfig].
DEBUG StatusLogger createLogger(additivity="true", level="WARN", name="BlockStateChange", includeLocation="null", ={}, ={}, Configuration(HiveLog4j2Test), Filter=null)
DEBUG StatusLogger Building Plugin[name=logger, class=org.apache.logging.log4j.core.config.LoggerConfig].
DEBUG StatusLogger createLogger(additivity="true", level="DEBUG", name="org.apache.hadoop.hive.ql.optimizer.SharedWorkOptimizer", includeLocation="null", ={}, ={}, Configuration(HiveLog4j2Test), Filter=null)
DEBUG StatusLogger Building Plugin[name=AppenderRef, class=org.apache.logging.log4j.core.config.AppenderRef].
DEBUG StatusLogger createAppenderRef(ref="console", level="INFO", Filter=null)
DEBUG StatusLogger Building Plugin[name=AppenderRef, class=org.apache.logging.log4j.core.config.AppenderRef].
DEBUG StatusLogger createAppenderRef(ref="DRFA", level="null", Filter=null)
DEBUG StatusLogger Building Plugin[name=root, class=org.apache.logging.log4j.core.config.LoggerConfig$RootLogger].
DEBUG StatusLogger createLogger(additivity="null", level="DEBUG", includeLocation="null", ={console, DRFA}, ={}, Configuration(HiveLog4j2Test), Filter=null)
DEBUG StatusLogger Building Plugin[name=loggers, class=org.apache.logging.log4j.core.config.LoggersPlugin].
DEBUG StatusLogger createLoggers(={org.apache.hadoop.ipc, org.apache.hadoop.security, org.apache.hadoop.hdfs, org.apache.hadoop.hdfs.server, org.apache.hadoop.metrics2, org.mortbay, org.apache.hadoop.yarn, org.apache.hadoop.yarn.server, org.apache.tez, org.apache.hadoop.conf.Configuration, org.apache.zookeeper, org.apache.zookeeper.server.ServerCnxn, org.apache.zookeeper.server.NIOServerCnxn, org.apache.zookeeper.ClientCnxn, org.apache.zookeeper.ClientCnxnSocket, org.apache.zookeeper.ClientCnxnSocketNIO, DataNucleus, Datastore, JPOX, org.apache.hadoop.hive.ql.exec.Operator, org.apache.hadoop.hive.serde2.lazy, org.apache.hadoop.hive.metastore.ObjectStore, org.apache.calcite.plan.RelOptPlanner, com.amazonaws, org.apache.http, org.apache.thrift, org.eclipse.jetty, BlockStateChange, org.apache.hadoop.hive.ql.optimizer.SharedWorkOptimizer, root})
DEBUG StatusLogger Building Plugin[name=layout, class=org.apache.logging.log4j.core.layout.PatternLayout].
DEBUG StatusLogger PatternLayout$Builder(pattern="%d{ISO8601} %5p [%t] %c{2}: %m%n", PatternSelector=null, Configuration(HiveLog4j2Test), Replace=null, charset="null", alwaysWriteExceptions="null", disableAnsi="null", noConsoleNoAnsi="null", header="null", footer="null")
DEBUG StatusLogger PluginManager 'Converter' found 46 plugins
DEBUG StatusLogger Building Plugin[name=appender, class=org.apache.logging.log4j.core.appender.ConsoleAppender].
DEBUG StatusLogger ConsoleAppender$Builder(target="SYSTEM_ERR", follow="null", direct="null", bufferedIo="null", bufferSize="null", immediateFlush="null", ignoreExceptions="null", PatternLayout(%d{ISO8601} %5p [%t] %c{2}: %m%n), name="console", Configuration(HiveLog4j2Test), Filter=null, ={})
DEBUG StatusLogger Starting OutputStreamManager SYSTEM_ERR.false.false
DEBUG StatusLogger Building Plugin[name=layout, class=org.apache.logging.log4j.core.layout.PatternLayout].
DEBUG StatusLogger PatternLayout$Builder(pattern="%d{ISO8601} %5p [%t] %c{2}: %m%n", PatternSelector=null, Configuration(HiveLog4j2Test), Replace=null, charset="null", alwaysWriteExceptions="null", disableAnsi="null", noConsoleNoAnsi="null", header="null", footer="null")
DEBUG StatusLogger Building Plugin[name=TimeBasedTriggeringPolicy, class=org.apache.logging.log4j.core.appender.rolling.TimeBasedTriggeringPolicy].
DEBUG StatusLogger TimeBasedTriggeringPolicy$Builder(interval="1", modulate="true", maxRandomDelay="null")
DEBUG StatusLogger Building Plugin[name=Policies, class=org.apache.logging.log4j.core.appender.rolling.CompositeTriggeringPolicy].
DEBUG StatusLogger createPolicy(={TimeBasedTriggeringPolicy(nextRolloverMillis=0, interval=1, modulate=true)})
DEBUG StatusLogger Building Plugin[name=DefaultRolloverStrategy, class=org.apache.logging.log4j.core.appender.rolling.DefaultRolloverStrategy].
DEBUG StatusLogger DefaultRolloverStrategy$Builder(max="30", min="null", fileIndex="null", compressionLevel="null", ={}, stopCustomActionsOnError="null", tempCompressedFilePattern="null", Configuration(HiveLog4j2Test))
DEBUG StatusLogger Building Plugin[name=appender, class=org.apache.logging.log4j.core.appender.RollingRandomAccessFileAppender].
DEBUG StatusLogger RollingRandomAccessFileAppender$Builder(fileName="/home/alex/Repositories/hive/beeline/target/tmp/log/hive.log", filePattern="/home/alex/Repositories/hive/beeline/target/tmp/log/hive.log.%d{yyyy-MM-dd}", append="null", Policies(CompositeTriggeringPolicy(policies=[TimeBasedTriggeringPolicy(nextRolloverMillis=0, interval=1, modulate=true)])), DefaultRolloverStrategy(DefaultRolloverStrategy(min=1, max=30, useMax=true)), advertise="null", advertiseURI="null", filePermissions="null", fileOwner="null", fileGroup="null", bufferedIo="null", bufferSize="null", immediateFlush="null", ignoreExceptions="null", PatternLayout(%d{ISO8601} %5p [%t] %c{2}: %m%n), name="DRFA", Configuration(HiveLog4j2Test), Filter=null, ={})
TRACE StatusLogger RandomAccessFile /home/alex/Repositories/hive/beeline/target/tmp/log/hive.log seek to 0
DEBUG StatusLogger Starting RollingRandomAccessFileManager /home/alex/Repositories/hive/beeline/target/tmp/log/hive.log
DEBUG StatusLogger PluginManager 'FileConverter' found 3 plugins
DEBUG StatusLogger Setting prev file time to 2024-04-24T08:05:47.043-0700
DEBUG StatusLogger Initializing triggering policy CompositeTriggeringPolicy(policies=[TimeBasedTriggeringPolicy(nextRolloverMillis=0, interval=1, modulate=true)])
DEBUG StatusLogger Initializing triggering policy TimeBasedTriggeringPolicy(nextRolloverMillis=0, interval=1, modulate=true)
TRACE StatusLogger PatternProcessor.getNextTime returning 2024/04/25-00:00:00.000, nextFileTime=2024/04/24-00:00:00.000, prevFileTime=1969/12/31-16:00:00.000, current=2024/04/24-08:05:47.053, freq=DAILY
TRACE StatusLogger PatternProcessor.getNextTime returning 2024/04/25-00:00:00.000, nextFileTime=2024/04/24-00:00:00.000, prevFileTime=2024/04/24-00:00:00.000, current=2024/04/24-08:05:47.054, freq=DAILY
DEBUG StatusLogger Building Plugin[name=appenders, class=org.apache.logging.log4j.core.config.AppendersPlugin].
DEBUG StatusLogger createAppenders(={console, DRFA})
DEBUG StatusLogger Configuration org.apache.logging.log4j.core.config.properties.PropertiesConfiguration@2a693f59 initialized
DEBUG StatusLogger Starting configuration org.apache.logging.log4j.core.config.properties.PropertiesConfiguration@2a693f59
DEBUG StatusLogger Started configuration org.apache.logging.log4j.core.config.properties.PropertiesConfiguration@2a693f59 OK.
TRACE StatusLogger Stopping org.apache.logging.log4j.core.config.DefaultConfiguration@65e98b1c...
TRACE StatusLogger DefaultConfiguration notified 1 ReliabilityStrategies that config will be stopped.
TRACE StatusLogger DefaultConfiguration stopping root LoggerConfig.
TRACE StatusLogger DefaultConfiguration notifying ReliabilityStrategies that appenders will be stopped.
TRACE StatusLogger DefaultConfiguration stopping remaining Appenders.
DEBUG StatusLogger Shutting down OutputStreamManager SYSTEM_OUT.false.false-1
DEBUG StatusLogger OutputStream closed
DEBUG StatusLogger Shut down OutputStreamManager SYSTEM_OUT.false.false-1, all resources released: true
DEBUG StatusLogger Appender DefaultConsole-1 stopped with status true
TRACE StatusLogger DefaultConfiguration stopped 1 remaining Appenders.
TRACE StatusLogger DefaultConfiguration cleaning Appenders from 1 LoggerConfigs.
DEBUG StatusLogger Stopped org.apache.logging.log4j.core.config.DefaultConfiguration@65e98b1c OK
TRACE StatusLogger Reregistering MBeans after reconfigure. Selector=org.apache.logging.log4j.core.selector.ClassLoaderContextSelector@4af0df05
TRACE StatusLogger Reregistering context (1/1): '7f31245a' org.apache.logging.log4j.core.LoggerContext@76b1e9b8
TRACE StatusLogger Unregistering but no MBeans found matching 'org.apache.logging.log4j2:type=7f31245a'
TRACE StatusLogger Unregistering but no MBeans found matching 'org.apache.logging.log4j2:type=7f31245a,component=StatusLogger'
TRACE StatusLogger Unregistering but no MBeans found matching 'org.apache.logging.log4j2:type=7f31245a,component=ContextSelector'
TRACE StatusLogger Unregistering but no MBeans found matching 'org.apache.logging.log4j2:type=7f31245a,component=Loggers,name=*'
TRACE StatusLogger Unregistering but no MBeans found matching 'org.apache.logging.log4j2:type=7f31245a,component=Appenders,name=*'
TRACE StatusLogger Unregistering but no MBeans found matching 'org.apache.logging.log4j2:type=7f31245a,component=AsyncAppenders,name=*'
TRACE StatusLogger Unregistering but no MBeans found matching 'org.apache.logging.log4j2:type=7f31245a,component=AsyncLoggerRingBuffer'
TRACE StatusLogger Unregistering but no MBeans found matching 'org.apache.logging.log4j2:type=7f31245a,component=Loggers,name=*,subtype=RingBuffer'
DEBUG StatusLogger Registering MBean org.apache.logging.log4j2:type=7f31245a
DEBUG StatusLogger Registering MBean org.apache.logging.log4j2:type=7f31245a,component=StatusLogger
DEBUG StatusLogger Registering MBean org.apache.logging.log4j2:type=7f31245a,component=ContextSelector
DEBUG StatusLogger Registering MBean org.apache.logging.log4j2:type=7f31245a,component=Loggers,name=
DEBUG StatusLogger Registering MBean org.apache.logging.log4j2:type=7f31245a,component=Loggers,name=org.apache.tez
DEBUG StatusLogger Registering MBean org.apache.logging.log4j2:type=7f31245a,component=Loggers,name=com.amazonaws
DEBUG StatusLogger Registering MBean org.apache.logging.log4j2:type=7f31245a,component=Loggers,name=org.apache.thrift
DEBUG StatusLogger Registering MBean org.apache.logging.log4j2:type=7f31245a,component=Loggers,name=org.eclipse.jetty
DEBUG StatusLogger Registering MBean org.apache.logging.log4j2:type=7f31245a,component=Loggers,name=BlockStateChange
DEBUG StatusLogger Registering MBean org.apache.logging.log4j2:type=7f31245a,component=Loggers,name=org.apache.hadoop.metrics2
DEBUG StatusLogger Registering MBean org.apache.logging.log4j2:type=7f31245a,component=Loggers,name=org.apache.zookeeper.ClientCnxn
DEBUG StatusLogger Registering MBean org.apache.logging.log4j2:type=7f31245a,component=Loggers,name=org.apache.zookeeper
DEBUG StatusLogger Registering MBean org.apache.logging.log4j2:type=7f31245a,component=Loggers,name=org.apache.hadoop.security
DEBUG StatusLogger Registering MBean org.apache.logging.log4j2:type=7f31245a,component=Loggers,name=JPOX
DEBUG StatusLogger Registering MBean org.apache.logging.log4j2:type=7f31245a,component=Loggers,name=org.apache.hadoop.hive.ql.optimizer.SharedWorkOptimizer
DEBUG StatusLogger Registering MBean org.apache.logging.log4j2:type=7f31245a,component=Loggers,name=org.apache.hadoop.yarn.server
DEBUG StatusLogger Registering MBean org.apache.logging.log4j2:type=7f31245a,component=Loggers,name=org.apache.hadoop.conf.Configuration
DEBUG StatusLogger Registering MBean org.apache.logging.log4j2:type=7f31245a,component=Loggers,name=org.apache.hadoop.yarn
DEBUG StatusLogger Registering MBean org.apache.logging.log4j2:type=7f31245a,component=Loggers,name=org.apache.zookeeper.ClientCnxnSocketNIO
DEBUG StatusLogger Registering MBean org.apache.logging.log4j2:type=7f31245a,component=Loggers,name=org.apache.zookeeper.server.ServerCnxn
DEBUG StatusLogger Registering MBean org.apache.logging.log4j2:type=7f31245a,component=Loggers,name=org.apache.hadoop.hdfs
DEBUG StatusLogger Registering MBean org.apache.logging.log4j2:type=7f31245a,component=Loggers,name=org.apache.hadoop.hdfs.server
DEBUG StatusLogger Registering MBean org.apache.logging.log4j2:type=7f31245a,component=Loggers,name=org.apache.hadoop.hive.serde2.lazy
DEBUG StatusLogger Registering MBean org.apache.logging.log4j2:type=7f31245a,component=Loggers,name=org.apache.zookeeper.ClientCnxnSocket
DEBUG StatusLogger Registering MBean org.apache.logging.log4j2:type=7f31245a,component=Loggers,name=org.mortbay
DEBUG StatusLogger Registering MBean org.apache.logging.log4j2:type=7f31245a,component=Loggers,name=org.apache.http
DEBUG StatusLogger Registering MBean org.apache.logging.log4j2:type=7f31245a,component=Loggers,name=org.apache.hadoop.hive.ql.exec.Operator
DEBUG StatusLogger Registering MBean org.apache.logging.log4j2:type=7f31245a,component=Loggers,name=DataNucleus
DEBUG StatusLogger Registering MBean org.apache.logging.log4j2:type=7f31245a,component=Loggers,name=Datastore
DEBUG StatusLogger Registering MBean org.apache.logging.log4j2:type=7f31245a,component=Loggers,name=org.apache.hadoop.hive.metastore.ObjectStore
DEBUG StatusLogger Registering MBean org.apache.logging.log4j2:type=7f31245a,component=Loggers,name=org.apache.hadoop.ipc
DEBUG StatusLogger Registering MBean org.apache.logging.log4j2:type=7f31245a,component=Loggers,name=org.apache.zookeeper.server.NIOServerCnxn
DEBUG StatusLogger Registering MBean org.apache.logging.log4j2:type=7f31245a,component=Loggers,name=org.apache.calcite.plan.RelOptPlanner
DEBUG StatusLogger Registering MBean org.apache.logging.log4j2:type=7f31245a,component=Appenders,name=console
DEBUG StatusLogger Registering MBean org.apache.logging.log4j2:type=7f31245a,component=Appenders,name=DRFA
TRACE StatusLogger Using default SystemClock for timestamps.
DEBUG StatusLogger org.apache.logging.log4j.core.util.SystemClock does not support precise timestamps.
TRACE StatusLogger Using DummyNanoClock for nanosecond timestamps.
DEBUG StatusLogger Reconfiguration complete for context[name=7f31245a] at URI /home/alex/Repositories/hive/beeline/target/testconf/hive-log4j2.properties (org.apache.logging.log4j.core.LoggerContext@76b1e9b8) with optional ClassLoader: null
DEBUG StatusLogger Shutdown hook enabled. Registering a new one.
DEBUG StatusLogger LoggerContext[name=7f31245a, org.apache.logging.log4j.core.LoggerContext@76b1e9b8] started OK.
2024-04-24T08:05:47,191  INFO [main] conf.HiveConf: Found configuration file file:/home/alex/Repositories/hive/beeline/target/test-classes/hive-site.xml
DEBUG StatusLogger AsyncLogger.ThreadNameStrategy=UNCACHED (user specified null, default is UNCACHED)
TRACE StatusLogger Using default SystemClock for timestamps.
DEBUG StatusLogger org.apache.logging.log4j.core.util.SystemClock does not support precise timestamps.
2024-04-24T08:05:47,685  WARN [main] util.NativeCodeLoader: Unable to load native-hadoop library for your platform... using builtin-java classes where applicable
2024-04-24T08:05:47,745  WARN [main] conf.HiveConf: HiveConf of name hive.dummyparam.test.server.specific.config.override does not exist
2024-04-24T08:05:47,747  WARN [main] conf.HiveConf: HiveConf of name hive.dummyparam.test.server.specific.config.metastoresite does not exist
Connecting to jdbc:hive2://
2024-04-24T08:05:48,158  WARN [main] conf.HiveConf: HiveConf of name hive.dummyparam.test.server.specific.config.override does not exist
2024-04-24T08:05:48,158  WARN [main] conf.HiveConf: HiveConf of name hive.dummyparam.test.server.specific.config.hiveserver2site does not exist
2024-04-24T08:05:48,159  WARN [main] conf.HiveConf: HiveConf of name hive.dummyparam.test.server.specific.config.metastoresite does not exist
Hive Session ID = 934f4d64-a1b9-4251-be80-b42c1a8ef424
2024-04-24T08:05:48,205  INFO [main] SessionState: Hive Session ID = 934f4d64-a1b9-4251-be80-b42c1a8ef424
ivysettings.xml file not found in HIVE_HOME or HIVE_CONF_DIR,/home/alex/Repositories/hive/conf/ivysettings.xml will be used
2024-04-24T08:05:48,225  INFO [main] DependencyResolver: ivysettings.xml file not found in HIVE_HOME or HIVE_CONF_DIR,/home/alex/Repositories/hive/conf/ivysettings.xml will be used
2024-04-24T08:05:48,630  INFO [main] session.SessionState: Created HDFS directory: /tmp/hive/alex
2024-04-24T08:05:48,633  INFO [main] session.SessionState: Created local directory: /home/alex/Repositories/hive/beeline/target/tmp/alex
2024-04-24T08:05:48,637  INFO [main] session.SessionState: Created HDFS directory: /tmp/hive/alex/934f4d64-a1b9-4251-be80-b42c1a8ef424
2024-04-24T08:05:48,640  INFO [main] session.SessionState: Created local directory: /home/alex/Repositories/hive/beeline/target/tmp/alex/934f4d64-a1b9-4251-be80-b42c1a8ef424
2024-04-24T08:05:48,644  INFO [main] session.SessionState: Created HDFS directory: /tmp/hive/alex/934f4d64-a1b9-4251-be80-b42c1a8ef424/_tmp_space.db
2024-04-24T08:05:48,672  INFO [main] sqlstd.SQLStdHiveAccessController: Created SQLStdHiveAccessController for session context : HiveAuthzSessionContext [sessionString=934f4d64-a1b9-4251-be80-b42c1a8ef424, clientType=HIVESERVER2]
2024-04-24T08:05:48,807  INFO [main] metastore.HiveMetaStoreClient: HMS client filtering is enabled.
2024-04-24T08:05:48,980  INFO [main] metastore.HMSHandler: 0: Opening raw store with implementation class:org.apache.hadoop.hive.metastore.ObjectStore
2024-04-24T08:05:49,021  INFO [main] metastore.PersistenceManagerProvider: Configuration datanucleus.autoStartMechanismMode is not set. Defaulting to 'ignored'
2024-04-24T08:05:49,028  INFO [main] metastore.PersistenceManagerProvider: Updating the pmf due to property change
2024-04-24T08:05:49,029  INFO [main] metastore.PersistenceManagerProvider: Current pmf properties are uninitialized
2024-04-24T08:05:49,054  WARN [main] hikari.HikariConfig: HikariPool-1 - leakDetectionThreshold is less than 2000ms or more than maxLifetime, disabling it.
2024-04-24T08:05:49,058  INFO [main] hikari.HikariDataSource: HikariPool-1 - Starting...
2024-04-24T08:05:49,979  INFO [main] pool.PoolBase: HikariPool-1 - Driver does not support get/set network timeout for connections. (Feature not implemented: No details.)
2024-04-24T08:05:49,985  INFO [main] hikari.HikariDataSource: HikariPool-1 - Start completed.
2024-04-24T08:05:50,567  INFO [main] metastore.PersistenceManagerProvider: Setting MetaStore object pin classes with hive.metastore.cache.pinobjtypes="Table,StorageDescriptor,SerDeInfo,Partition,Database,Type,FieldSchema,Order"
2024-04-24T08:05:50,567  INFO [main] metastore.ObjectStore: RawStore: org.apache.hadoop.hive.metastore.ObjectStore@2938127d, with PersistenceManager: null will be shutdown
2024-04-24T08:05:50,589  INFO [main] metastore.ObjectStore: RawStore: org.apache.hadoop.hive.metastore.ObjectStore@2938127d, with PersistenceManager: org.datanucleus.api.jdo.JDOPersistenceManager@7c8c70d6 created in the thread with id: 1
2024-04-24T08:05:53,653  WARN [main] metastore.ObjectStore: Version information not found in metastore. metastore.schema.verification is not enabled so recording the schema version 4.0.0
2024-04-24T08:05:53,653  WARN [main] metastore.ObjectStore: setMetaStoreSchemaVersion called but recording version is disabled: version = 4.0.0, comment = Set by MetaStore alex@127.0.1.1
2024-04-24T08:05:53,654  INFO [main] metastore.HMSHandler: Created RawStore: org.apache.hadoop.hive.metastore.ObjectStore@2938127d from thread id: 1
2024-04-24T08:05:53,789  INFO [main] metastore.HMSHandler: Started creating a default database with name: default
2024-04-24T08:05:53,824  INFO [main] metastore.HMSHandler: Successfully created a default database with name: default
2024-04-24T08:05:53,877  INFO [main] metastore.HMSHandler: Added admin role in metastore
2024-04-24T08:05:53,880  INFO [main] metastore.HMSHandler: Added public role in metastore
2024-04-24T08:05:53,946  INFO [main] metastore.HMSHandler: No user is added in admin role, since config is empty
2024-04-24T08:05:53,951  INFO [main] metastore.HMSHandler: Scheduling for org.apache.hadoop.hive.metastore.events.EventCleanerTask service with frequency 0ms.
2024-04-24T08:05:53,951  INFO [main] metastore.HMSHandler: Scheduling for org.apache.hadoop.hive.metastore.RuntimeStatsCleanerTask service with frequency 3600000ms.
2024-04-24T08:05:53,954  INFO [main] metastore.HMSHandler: Scheduling for org.apache.hadoop.hive.metastore.HiveProtoEventsCleanerTask service with frequency 86400000ms.
2024-04-24T08:05:53,975  WARN [main] hikari.HikariConfig: HikariPool-2 - leakDetectionThreshold is less than 2000ms or more than maxLifetime, disabling it.
2024-04-24T08:05:53,978  INFO [main] hikari.HikariDataSource: HikariPool-2 - Starting...
2024-04-24T08:05:53,979  INFO [main] pool.PoolBase: HikariPool-2 - Driver does not support get/set network timeout for connections. (Feature not implemented: No details.)
2024-04-24T08:05:53,980  INFO [main] hikari.HikariDataSource: HikariPool-2 - Start completed.
2024-04-24T08:05:53,982  WARN [main] hikari.HikariConfig: HikariPool-3 - leakDetectionThreshold is less than 2000ms or more than maxLifetime, disabling it.
2024-04-24T08:05:53,985  INFO [main] hikari.HikariDataSource: HikariPool-3 - Starting...
2024-04-24T08:05:53,986  INFO [main] pool.PoolBase: HikariPool-3 - Driver does not support get/set network timeout for connections. (Feature not implemented: No details.)
2024-04-24T08:05:53,987  INFO [main] hikari.HikariDataSource: HikariPool-3 - Start completed.
2024-04-24T08:05:53,993  INFO [main] metastore.HMSHandler: Scheduling for org.apache.hadoop.hive.metastore.metrics.AcidMetricService service with frequency 300000ms.
2024-04-24T08:05:53,994  INFO [main] metastore.HMSHandler: Scheduling for org.apache.hadoop.hive.metastore.ReplicationMetricsMaintTask service with frequency 86400000ms.
2024-04-24T08:05:53,995  INFO [main] metastore.HMSHandler: Scheduling for org.apache.hadoop.hive.metastore.ScheduledQueryExecutionsMaintTask service with frequency 60000ms.
2024-04-24T08:05:53,997  INFO [main] metastore.HMSHandler: HMS server filtering is disabled by configuration
2024-04-24T08:05:54,121  INFO [main] metastore.RetryingMetaStoreClient: RetryingMetaStoreClient proxy=class org.apache.hadoop.hive.ql.metadata.SessionHiveMetaStoreClient ugi=alex (auth:SIMPLE) retries=1 delay=1 lifetime=0
2024-04-24T08:05:54,933  WARN [main] exec.FunctionRegistry: UDF Class org.apache.datasketches.hive.cpc.UnionSketchUDF does not have description. Please annotate the class with the org.apache.hadoop.hive.ql.exec.Description annotation and provide the description of the function.
2024-04-24T08:05:54,937  WARN [main] exec.FunctionRegistry: UDF Class org.apache.datasketches.hive.hll.UnionSketchUDF does not have description. Please annotate the class with the org.apache.hadoop.hive.ql.exec.Description annotation and provide the description of the function.
2024-04-24T08:05:54,942  WARN [main] exec.FunctionRegistry: UDF Class org.apache.datasketches.hive.theta.IntersectSketchUDF does not have description. Please annotate the class with the org.apache.hadoop.hive.ql.exec.Description annotation and provide the description of the function.
2024-04-24T08:05:54,942  WARN [main] exec.FunctionRegistry: UDF Class org.apache.datasketches.hive.theta.EstimateSketchUDF does not have description. Please annotate the class with the org.apache.hadoop.hive.ql.exec.Description annotation and provide the description of the function.
2024-04-24T08:05:54,943  WARN [main] exec.FunctionRegistry: UDF Class org.apache.datasketches.hive.theta.ExcludeSketchUDF does not have description. Please annotate the class with the org.apache.hadoop.hive.ql.exec.Description annotation and provide the description of the function.
2024-04-24T08:05:54,944  WARN [main] exec.FunctionRegistry: UDF Class org.apache.datasketches.hive.theta.UnionSketchUDF does not have description. Please annotate the class with the org.apache.hadoop.hive.ql.exec.Description annotation and provide the description of the function.
2024-04-24T08:05:54,945  WARN [main] exec.FunctionRegistry: UDF Class org.apache.datasketches.hive.tuple.ArrayOfDoublesSketchToValuesUDTF does not have description. Please annotate the class with the org.apache.hadoop.hive.ql.exec.Description annotation and provide the description of the function.
2024-04-24T08:05:55,029  INFO [main] service.CompositeService: Operation log root directory is created: /home/alex/Repositories/hive/beeline/target/tmp/alex/operation_logs
2024-04-24T08:05:55,031  INFO [main] service.CompositeService: HiveServer2: Background operation thread pool size: 100
2024-04-24T08:05:55,031  INFO [main] service.CompositeService: HiveServer2: Background operation thread wait queue size: 100
2024-04-24T08:05:55,031  INFO [main] service.CompositeService: HiveServer2: Background operation thread keepalive time: 10 seconds
2024-04-24T08:05:55,033  INFO [main] service.CompositeService: Connections limit are user: 0 ipaddress: 0 user-ipaddress: 0
2024-04-24T08:05:55,036  INFO [main] cleanup.EventualCleanupService: EventualCleanupService started with 10 threads and queue of size 10000
2024-04-24T08:05:55,043  INFO [main] service.AbstractService: Service:OperationManager is inited.
DEBUG StatusLogger Building Plugin[name=appender, class=org.apache.hadoop.hive.ql.log.NullAppender].
DEBUG StatusLogger createNullAppender()
DEBUG StatusLogger PluginManager 'Converter' found 46 plugins
DEBUG StatusLogger Starting OutputStreamManager SYSTEM_OUT.false.false-2
DEBUG StatusLogger Log4j2 ConfigurationScheduler starting 2 threads
DEBUG StatusLogger Building Plugin[name=appender, class=org.apache.hadoop.hive.ql.log.NullAppender].
DEBUG StatusLogger createNullAppender()
DEBUG StatusLogger PluginManager 'Converter' found 46 plugins
DEBUG StatusLogger Starting OutputStreamManager SYSTEM_OUT.false.false-3
2024-04-24T08:05:55,059  INFO [main] service.AbstractService: Service:SessionManager is inited.
2024-04-24T08:05:55,059  INFO [main] service.AbstractService: Service:CLIService is inited.
2024-04-24T08:05:55,059  INFO [main] service.AbstractService: Service:OperationManager is started.
2024-04-24T08:05:55,060  INFO [main] service.AbstractService: Service:SessionManager is started.
2024-04-24T08:05:55,061  INFO [main] service.AbstractService: Service:CLIService is started.
2024-04-24T08:05:55,061  INFO [main] service.AbstractService: Service:ThriftBinaryCLIService is inited.
2024-04-24T08:05:55,064  INFO [main] thrift.ThriftCLIService: Client protocol version: HIVE_CLI_SERVICE_PROTOCOL_V10
2024-04-24T08:05:55,070  INFO [main] thrift.ThriftCLIService: Creating Hive session handle for user [null] from IP null
ivysettings.xml file not found in HIVE_HOME or HIVE_CONF_DIR,/home/alex/Repositories/hive/conf/ivysettings.xml will be used
2024-04-24T08:05:55,077  INFO [main] DependencyResolver: ivysettings.xml file not found in HIVE_HOME or HIVE_CONF_DIR,/home/alex/Repositories/hive/conf/ivysettings.xml will be used
2024-04-24T08:05:55,088  INFO [main] session.SessionState: Created HDFS directory: /tmp/hive/alex/6cb05471-6e1d-4ea2-b4ef-c2081c4ab1ed
2024-04-24T08:05:55,092  INFO [main] session.SessionState: Created local directory: /home/alex/Repositories/hive/beeline/target/tmp/alex/6cb05471-6e1d-4ea2-b4ef-c2081c4ab1ed
2024-04-24T08:05:55,096  INFO [main] session.SessionState: Created HDFS directory: /tmp/hive/alex/6cb05471-6e1d-4ea2-b4ef-c2081c4ab1ed/_tmp_space.db
2024-04-24T08:05:55,100  INFO [main] session.SessionState: Reloading auxiliary JAR files
2024-04-24T08:05:55,100  WARN [main] session.SessionState: Configuration hive.reloadable.aux.jars.path not specified
2024-04-24T08:05:55,102  INFO [main] metastore.HiveMetaStoreClient: HMS client filtering is enabled.
2024-04-24T08:05:55,102  INFO [main] metastore.PersistenceManagerProvider: Configuration datanucleus.autoStartMechanismMode is not set. Defaulting to 'ignored'
2024-04-24T08:05:55,104  INFO [main] metastore.ObjectStore: RawStore: org.apache.hadoop.hive.metastore.ObjectStore@2938127d, with PersistenceManager: org.datanucleus.api.jdo.JDOPersistenceManager@7c8c70d6 will be shutdown
2024-04-24T08:05:55,105  INFO [main] metastore.ObjectStore: RawStore: org.apache.hadoop.hive.metastore.ObjectStore@2938127d, with PersistenceManager: org.datanucleus.api.jdo.JDOPersistenceManager@9785903 created in the thread with id: 1
2024-04-24T08:05:55,125  INFO [main] metastore.HMSHandler: HMS server filtering is disabled by configuration
2024-04-24T08:05:55,126  INFO [main] metastore.RetryingMetaStoreClient: RetryingMetaStoreClient proxy=class org.apache.hadoop.hive.ql.metadata.SessionHiveMetaStoreClient ugi=alex (auth:SIMPLE) retries=1 delay=1 lifetime=0
2024-04-24T08:05:55,128  INFO [main] HiveMetaStore.audit: ugi=alex	ip=unknown-ip-addr	cmd=get_all_functions	
2024-04-24T08:05:55,211  INFO [main] HiveMetaStore.audit: ugi=alex	ip=unknown-ip-addr	cmd=Cleaning up thread local RawStore...	
2024-04-24T08:05:55,211  INFO [main] metastore.ObjectStore: RawStore: org.apache.hadoop.hive.metastore.ObjectStore@2938127d, with PersistenceManager: org.datanucleus.api.jdo.JDOPersistenceManager@9785903 will be shutdown
2024-04-24T08:05:55,211  INFO [main] HiveMetaStore.audit: ugi=alex	ip=unknown-ip-addr	cmd=Done cleaning up thread local RawStore	
2024-04-24T08:05:55,211  INFO [main] metastore.HiveMetaStoreClient: Closed a connection to metastore, current connections: -1
2024-04-24T08:05:55,212  INFO [main] session.HiveSessionImpl: Operation log session directory is created: /home/alex/Repositories/hive/beeline/target/tmp/alex/operation_logs/6cb05471-6e1d-4ea2-b4ef-c2081c4ab1ed
2024-04-24T08:05:55,217  INFO [main] service.CompositeService: Session opened, SessionHandle [6cb05471-6e1d-4ea2-b4ef-c2081c4ab1ed], current sessions:1
2024-04-24T08:05:55,221  INFO [main] thrift.ThriftCLIService: Login attempt is successful for user : null
Connected to: Apache Hive (version 4.0.0-SNAPSHOT)
Error: Couldn't load manifest attributes. (state=,code=0)
Transaction isolation: TRANSACTION_REPEATABLE_READ
2024-04-24T08:05:55,366  WARN [main] conf.HiveConf: HiveConf of name hive.dummyparam.test.server.specific.config.override does not exist
2024-04-24T08:05:55,367  WARN [main] conf.HiveConf: HiveConf of name hive.dummyparam.test.server.specific.config.hiveserver2site does not exist
2024-04-24T08:05:55,367  WARN [main] conf.HiveConf: HiveConf of name hive.dummyparam.test.server.specific.config.metastoresite does not exist
2024-04-24T08:05:55,371  INFO [6cb05471-6e1d-4ea2-b4ef-c2081c4ab1ed main] session.HiveSessionImpl: executing set
2024-04-24T08:05:55,394  INFO [6cb05471-6e1d-4ea2-b4ef-c2081c4ab1ed main] operation.HiveCommandOperation: Putting temp output to file /home/alex/Repositories/hive/beeline/target/tmp/alex/6cb05471-6e1d-4ea2-b4ef-c2081c4ab1ed5738464174680814545.pipeout and error output to file /home/alex/Repositories/hive/beeline/target/tmp/alex/6cb05471-6e1d-4ea2-b4ef-c2081c4ab1ed8064137057775861525.pipeout
2024-04-24T08:05:55,395  INFO [6cb05471-6e1d-4ea2-b4ef-c2081c4ab1ed main] operation.OperationManager: Adding operation: OperationHandle [opType=EXECUTE_STATEMENT, getHandleIdentifier()=6cc7a6f0-25cb-4fc2-8365-f54a2e5f5428] SessionHandle [6cb05471-6e1d-4ea2-b4ef-c2081c4ab1ed]
2024-04-24T08:05:55,400  INFO [6cb05471-6e1d-4ea2-b4ef-c2081c4ab1ed main] common.LogUtils: Thread context registration is done.
DEBUG StatusLogger Building Plugin[name=filter, class=org.apache.hadoop.hive.ql.log.LogDivertAppender$NameFilter].
DEBUG StatusLogger createFilter(loggingLevel="EXECUTION")
DEBUG StatusLogger Building Plugin[name=layout, class=org.apache.logging.log4j.core.layout.PatternLayout].
DEBUG StatusLogger PatternLayout$Builder(pattern="%-5p : %m%n", PatternSelector=null, Configuration(HiveLog4j2Test), Replace=null, charset="null", alwaysWriteExceptions="null", disableAnsi="null", noConsoleNoAnsi="null", header="null", footer="null")
DEBUG StatusLogger Building Plugin[name=appender, class=org.apache.hadoop.hive.ql.log.HushableRandomAccessFileAppender].
DEBUG StatusLogger createAppender(fileName="/home/alex/Repositories/hive/beeline/target/tmp/alex/operation_logs/6cb05471-6e1d-4ea2-b4ef-c2081c4ab1ed/alex_20240424080555_377ce85f-6585-4d0e-8926-3ffce116cbeb", append="null", name="query-file-appender", immediateFlush="null", bufferSize="null", ignoreExceptions="null", PatternLayout(org.apache.logging.log4j.core.layout.PatternLayout with name PatternLayout), NameFilter(org.apache.hadoop.hive.ql.log.LogDivertAppender$NameFilter with name NameFilter), advertise="null", advertiseURI="null", Configuration(HiveLog4j2Test))
DEBUG StatusLogger Starting RandomAccessFileManager /home/alex/Repositories/hive/beeline/target/tmp/alex/operation_logs/6cb05471-6e1d-4ea2-b4ef-c2081c4ab1ed/alex_20240424080555_377ce85f-6585-4d0e-8926-3ffce116cbeb
DEBUG StatusLogger Building Plugin[name=, class=org.apache.hadoop.hive.ql.log.LogDivertAppenderForTest$TestFilter].
DEBUG StatusLogger createFilter()
DEBUG StatusLogger Building Plugin[name=, class=org.apache.logging.log4j.core.layout.PatternLayout].
DEBUG StatusLogger PatternLayout$Builder(pattern="%-5p : %m%n", PatternSelector=null, Configuration(HiveLog4j2Test), Replace=null, charset="null", alwaysWriteExceptions="null", disableAnsi="null", noConsoleNoAnsi="null", header="null", footer="null")
DEBUG StatusLogger Building Plugin[name=appender, class=org.apache.hadoop.hive.ql.log.HushableRandomAccessFileAppender].
DEBUG StatusLogger createAppender(fileName="/home/alex/Repositories/hive/beeline/target/tmp/alex/operation_logs/6cb05471-6e1d-4ea2-b4ef-c2081c4ab1ed/alex_20240424080555_377ce85f-6585-4d0e-8926-3ffce116cbeb.test", append="null", name="test-query-file-appender", immediateFlush="null", bufferSize="null", ignoreExceptions="null", PatternLayout(org.apache.logging.log4j.core.layout.PatternLayout with name PatternLayout), test-filter(org.apache.hadoop.hive.ql.log.LogDivertAppenderForTest$TestFilter with name test-filter), advertise="null", advertiseURI="null", Configuration(HiveLog4j2Test))
DEBUG StatusLogger Starting RandomAccessFileManager /home/alex/Repositories/hive/beeline/target/tmp/alex/operation_logs/6cb05471-6e1d-4ea2-b4ef-c2081c4ab1ed/alex_20240424080555_377ce85f-6585-4d0e-8926-3ffce116cbeb.test
2024-04-24T08:05:55,413  INFO [6cb05471-6e1d-4ea2-b4ef-c2081c4ab1ed main] operation.HiveCommandOperation: [opType=EXECUTE_STATEMENT, queryId=alex_20240424080555_377ce85f-6585-4d0e-8926-3ffce116cbeb, startTime=1713971155390, sessionId=6cb05471-6e1d-4ea2-b4ef-c2081c4ab1ed, createTime=1713971155072, userName=null, ipAddress=null]
2024-04-24T08:05:55,436  INFO [6cb05471-6e1d-4ea2-b4ef-c2081c4ab1ed main] common.LogUtils: Unregistered logging context.
2024-04-24T08:05:55,497  INFO [6cb05471-6e1d-4ea2-b4ef-c2081c4ab1ed main] operation.OperationManager: Closing operation: OperationHandle [opType=EXECUTE_STATEMENT, getHandleIdentifier()=6cc7a6f0-25cb-4fc2-8365-f54a2e5f5428]
2024-04-24T08:05:55,497  INFO [6cb05471-6e1d-4ea2-b4ef-c2081c4ab1ed main] operation.OperationManager: Removed queryId: alex_20240424080555_377ce85f-6585-4d0e-8926-3ffce116cbeb corresponding to operation: OperationHandle [opType=EXECUTE_STATEMENT, getHandleIdentifier()=6cc7a6f0-25cb-4fc2-8365-f54a2e5f5428] with tag: null
2024-04-24T08:05:55,499  INFO [6cb05471-6e1d-4ea2-b4ef-c2081c4ab1ed main] operation.HiveCommandOperation: Closing operation log /home/alex/Repositories/hive/beeline/target/tmp/alex/operation_logs/6cb05471-6e1d-4ea2-b4ef-c2081c4ab1ed/alex_20240424080555_377ce85f-6585-4d0e-8926-3ffce116cbeb without delay
hive> create database if not exists test;
2024-04-24T08:05:55,551  INFO [6cb05471-6e1d-4ea2-b4ef-c2081c4ab1ed main] session.HiveSessionImpl: executing create database if not exists test
2024-04-24T08:05:55,556  INFO [6cb05471-6e1d-4ea2-b4ef-c2081c4ab1ed main] operation.OperationManager: Adding operation: OperationHandle [opType=EXECUTE_STATEMENT, getHandleIdentifier()=26030a32-8d59-4d28-b9a0-35b037cc5cad] SessionHandle [6cb05471-6e1d-4ea2-b4ef-c2081c4ab1ed]
2024-04-24T08:05:55,557  INFO [6cb05471-6e1d-4ea2-b4ef-c2081c4ab1ed main] common.LogUtils: Thread context registration is done.
DEBUG StatusLogger Building Plugin[name=filter, class=org.apache.hadoop.hive.ql.log.LogDivertAppender$NameFilter].
DEBUG StatusLogger createFilter(loggingLevel="EXECUTION")
DEBUG StatusLogger Building Plugin[name=layout, class=org.apache.logging.log4j.core.layout.PatternLayout].
DEBUG StatusLogger PatternLayout$Builder(pattern="%-5p : %m%n", PatternSelector=null, Configuration(HiveLog4j2Test), Replace=null, charset="null", alwaysWriteExceptions="null", disableAnsi="null", noConsoleNoAnsi="null", header="null", footer="null")
DEBUG StatusLogger Building Plugin[name=appender, class=org.apache.hadoop.hive.ql.log.HushableRandomAccessFileAppender].
DEBUG StatusLogger createAppender(fileName="/home/alex/Repositories/hive/beeline/target/tmp/alex/operation_logs/6cb05471-6e1d-4ea2-b4ef-c2081c4ab1ed/alex_20240424080555_48823017-80a4-48b5-bd7f-4df4ba13967b", append="null", name="query-file-appender", immediateFlush="null", bufferSize="null", ignoreExceptions="null", PatternLayout(org.apache.logging.log4j.core.layout.PatternLayout with name PatternLayout), NameFilter(org.apache.hadoop.hive.ql.log.LogDivertAppender$NameFilter with name NameFilter), advertise="null", advertiseURI="null", Configuration(HiveLog4j2Test))
DEBUG StatusLogger Starting RandomAccessFileManager /home/alex/Repositories/hive/beeline/target/tmp/alex/operation_logs/6cb05471-6e1d-4ea2-b4ef-c2081c4ab1ed/alex_20240424080555_48823017-80a4-48b5-bd7f-4df4ba13967b
DEBUG StatusLogger Building Plugin[name=, class=org.apache.hadoop.hive.ql.log.LogDivertAppenderForTest$TestFilter].
DEBUG StatusLogger createFilter()
DEBUG StatusLogger Building Plugin[name=, class=org.apache.logging.log4j.core.layout.PatternLayout].
DEBUG StatusLogger PatternLayout$Builder(pattern="%-5p : %m%n", PatternSelector=null, Configuration(HiveLog4j2Test), Replace=null, charset="null", alwaysWriteExceptions="null", disableAnsi="null", noConsoleNoAnsi="null", header="null", footer="null")
DEBUG StatusLogger Building Plugin[name=appender, class=org.apache.hadoop.hive.ql.log.HushableRandomAccessFileAppender].
DEBUG StatusLogger createAppender(fileName="/home/alex/Repositories/hive/beeline/target/tmp/alex/operation_logs/6cb05471-6e1d-4ea2-b4ef-c2081c4ab1ed/alex_20240424080555_48823017-80a4-48b5-bd7f-4df4ba13967b.test", append="null", name="test-query-file-appender", immediateFlush="null", bufferSize="null", ignoreExceptions="null", PatternLayout(org.apache.logging.log4j.core.layout.PatternLayout with name PatternLayout), test-filter(org.apache.hadoop.hive.ql.log.LogDivertAppenderForTest$TestFilter with name test-filter), advertise="null", advertiseURI="null", Configuration(HiveLog4j2Test))
DEBUG StatusLogger Starting RandomAccessFileManager /home/alex/Repositories/hive/beeline/target/tmp/alex/operation_logs/6cb05471-6e1d-4ea2-b4ef-c2081c4ab1ed/alex_20240424080555_48823017-80a4-48b5-bd7f-4df4ba13967b.test
2024-04-24T08:05:55,561  INFO [6cb05471-6e1d-4ea2-b4ef-c2081c4ab1ed main] operation.SQLOperation: [opType=EXECUTE_STATEMENT, queryId=alex_20240424080555_48823017-80a4-48b5-bd7f-4df4ba13967b, startTime=1713971155554, sessionId=6cb05471-6e1d-4ea2-b4ef-c2081c4ab1ed, createTime=1713971155072, userName=null, ipAddress=null]
2024-04-24T08:05:55,656  INFO [6cb05471-6e1d-4ea2-b4ef-c2081c4ab1ed main] ql.Driver: Compiling command(queryId=alex_20240424080555_48823017-80a4-48b5-bd7f-4df4ba13967b): create database if not exists test
2024-04-24T08:05:55,670  WARN [Metastore-RuntimeStats-Loader-1] conf.HiveConf: HiveConf of name hive.dummyparam.test.server.specific.config.override does not exist
2024-04-24T08:05:55,670  WARN [Metastore-RuntimeStats-Loader-1] conf.HiveConf: HiveConf of name hive.dummyparam.test.server.specific.config.hiveserver2site does not exist
2024-04-24T08:05:55,670  WARN [Metastore-RuntimeStats-Loader-1] conf.HiveConf: HiveConf of name hive.dummyparam.test.server.specific.config.metastoresite does not exist
2024-04-24T08:05:55,672  INFO [Metastore-RuntimeStats-Loader-1] metastore.HiveMetaStoreClient: HMS client filtering is enabled.
2024-04-24T08:05:55,673  INFO [Metastore-RuntimeStats-Loader-1] metastore.HMSHandler: 1: Opening raw store with implementation class:org.apache.hadoop.hive.metastore.ObjectStore
2024-04-24T08:05:55,673  INFO [Metastore-RuntimeStats-Loader-1] metastore.PersistenceManagerProvider: Configuration datanucleus.autoStartMechanismMode is not set. Defaulting to 'ignored'
2024-04-24T08:05:55,675  INFO [Metastore-RuntimeStats-Loader-1] metastore.ObjectStore: RawStore: org.apache.hadoop.hive.metastore.ObjectStore@25539b34, with PersistenceManager: null will be shutdown
2024-04-24T08:05:55,676  INFO [Metastore-RuntimeStats-Loader-1] metastore.ObjectStore: RawStore: org.apache.hadoop.hive.metastore.ObjectStore@25539b34, with PersistenceManager: org.datanucleus.api.jdo.JDOPersistenceManager@7b4d106 created in the thread with id: 89
2024-04-24T08:05:55,689  INFO [Metastore-RuntimeStats-Loader-1] metastore.HMSHandler: Created RawStore: org.apache.hadoop.hive.metastore.ObjectStore@25539b34 from thread id: 89
2024-04-24T08:05:55,690  INFO [Metastore-RuntimeStats-Loader-1] metastore.HMSHandler: HMS server filtering is disabled by configuration
2024-04-24T08:05:55,690  INFO [Metastore-RuntimeStats-Loader-1] metastore.RetryingMetaStoreClient: RetryingMetaStoreClient proxy=class org.apache.hadoop.hive.ql.metadata.SessionHiveMetaStoreClient ugi=alex (auth:SIMPLE) retries=1 delay=1 lifetime=0
2024-04-24T08:05:55,691  INFO [Metastore-RuntimeStats-Loader-1] HiveMetaStore.audit: ugi=alex	ip=unknown-ip-addr	cmd=get_runtime_stats	
2024-04-24T08:05:56,478  INFO [6cb05471-6e1d-4ea2-b4ef-c2081c4ab1ed main] metastore.HMSHandler: 0: Opening raw store with implementation class:org.apache.hadoop.hive.metastore.ObjectStore
2024-04-24T08:05:56,480  INFO [6cb05471-6e1d-4ea2-b4ef-c2081c4ab1ed main] metastore.ObjectStore: RawStore: org.apache.hadoop.hive.metastore.ObjectStore@7661e474, with PersistenceManager: null will be shutdown
2024-04-24T08:05:56,480  INFO [6cb05471-6e1d-4ea2-b4ef-c2081c4ab1ed main] metastore.ObjectStore: RawStore: org.apache.hadoop.hive.metastore.ObjectStore@7661e474, with PersistenceManager: org.datanucleus.api.jdo.JDOPersistenceManager@20ffb8d5 created in the thread with id: 1
2024-04-24T08:05:56,484  INFO [6cb05471-6e1d-4ea2-b4ef-c2081c4ab1ed main] metastore.HMSHandler: Created RawStore: org.apache.hadoop.hive.metastore.ObjectStore@7661e474 from thread id: 1
2024-04-24T08:05:56,673  INFO [6cb05471-6e1d-4ea2-b4ef-c2081c4ab1ed main] reflections.Reflections: Reflections took 152 ms to scan 2 urls, producing 53 keys and 784 values 
2024-04-24T08:05:56,878  INFO [6cb05471-6e1d-4ea2-b4ef-c2081c4ab1ed main] reflections.Reflections: Reflections took 104 ms to scan 2 urls, producing 53 keys and 784 values 
2024-04-24T08:05:56,964  INFO [6cb05471-6e1d-4ea2-b4ef-c2081c4ab1ed main] reflections.Reflections: Reflections took 78 ms to scan 2 urls, producing 53 keys and 784 values 
2024-04-24T08:05:57,054  INFO [6cb05471-6e1d-4ea2-b4ef-c2081c4ab1ed main] reflections.Reflections: Reflections took 76 ms to scan 2 urls, producing 53 keys and 784 values 
2024-04-24T08:05:57,162  INFO [6cb05471-6e1d-4ea2-b4ef-c2081c4ab1ed main] ql.Driver: Semantic Analysis Completed (retrial = false)
2024-04-24T08:05:57,162  INFO [6cb05471-6e1d-4ea2-b4ef-c2081c4ab1ed main] ql.Driver: Created Hive schema: Schema(fieldSchemas:null, properties:null)
2024-04-24T08:05:57,167  INFO [6cb05471-6e1d-4ea2-b4ef-c2081c4ab1ed main] metadata.Hive: Dumping metastore api call timing information for : compilation phase
2024-04-24T08:05:57,167  INFO [6cb05471-6e1d-4ea2-b4ef-c2081c4ab1ed main] metadata.Hive: Total time spent in each metastore function (ms): {isCompatibleWith_(Configuration)=0, flushCache_()=9, getAllFunctions_()=83}
2024-04-24T08:05:57,168  INFO [6cb05471-6e1d-4ea2-b4ef-c2081c4ab1ed main] ql.Driver: Completed compiling command(queryId=alex_20240424080555_48823017-80a4-48b5-bd7f-4df4ba13967b); Time taken: 1.513 seconds
2024-04-24T08:05:57,169  INFO [6cb05471-6e1d-4ea2-b4ef-c2081c4ab1ed main] common.LogUtils: Unregistered logging context.
2024-04-24T08:05:57,171  INFO [HiveServer2-Background-Pool: Thread-90] common.LogUtils: Thread context registration is done.
2024-04-24T08:05:57,172  INFO [HiveServer2-Background-Pool: Thread-90] reexec.ReExecDriver: Execution #1 of query
2024-04-24T08:05:57,172  INFO [HiveServer2-Background-Pool: Thread-90] ql.Driver: Concurrency mode is disabled, not creating a lock manager
2024-04-24T08:05:57,177  INFO [HiveServer2-Background-Pool: Thread-90] ql.Driver: Executing command(queryId=alex_20240424080555_48823017-80a4-48b5-bd7f-4df4ba13967b): create database if not exists test
2024-04-24T08:05:57,184  INFO [HiveServer2-Background-Pool: Thread-90] ql.Driver: Starting task [Stage-0:DDL] in serial mode
2024-04-24T08:05:57,186  INFO [HiveServer2-Background-Pool: Thread-90] sqlstd.SQLStdHiveAccessController: Created SQLStdHiveAccessController for session context : HiveAuthzSessionContext [sessionString=6cb05471-6e1d-4ea2-b4ef-c2081c4ab1ed, clientType=HIVESERVER2]
2024-04-24T08:05:57,186  WARN [HiveServer2-Background-Pool: Thread-90] exec.DDLTask: metastore.warehouse.external.dir is not set, falling back to metastore.warehouse.dir. This could cause external tables to use to managed tablespace.
2024-04-24T08:05:57,188  INFO [HiveServer2-Background-Pool: Thread-90] HiveMetaStore.audit: ugi=alex	ip=unknown-ip-addr	cmd=create_database: Database(name:test, description:null, locationUri:file:/home/alex/Repositories/hive/beeline/target/tmp/warehouse/test.db, parameters:null, ownerName:alex, ownerType:USER, catalogName:hive, type:NATIVE)	
2024-04-24T08:05:57,189  INFO [HiveServer2-Background-Pool: Thread-90] metastore.HMSHandler: 2: Opening raw store with implementation class:org.apache.hadoop.hive.metastore.ObjectStore
2024-04-24T08:05:57,190  INFO [HiveServer2-Background-Pool: Thread-90] metastore.ObjectStore: RawStore: org.apache.hadoop.hive.metastore.ObjectStore@2f25278d, with PersistenceManager: null will be shutdown
2024-04-24T08:05:57,190  INFO [HiveServer2-Background-Pool: Thread-90] metastore.ObjectStore: RawStore: org.apache.hadoop.hive.metastore.ObjectStore@2f25278d, with PersistenceManager: org.datanucleus.api.jdo.JDOPersistenceManager@4f22fcd8 created in the thread with id: 90
2024-04-24T08:05:57,195  INFO [HiveServer2-Background-Pool: Thread-90] metastore.HMSHandler: Created RawStore: org.apache.hadoop.hive.metastore.ObjectStore@2f25278d from thread id: 90
2024-04-24T08:05:57,203  INFO [HiveServer2-Background-Pool: Thread-90] metastore.HMSHandler: Creating database path in external directory file:/home/alex/Repositories/hive/beeline/target/tmp/warehouse/test.db
2024-04-24T08:05:57,205  INFO [HiveServer2-Background-Pool: Thread-90] utils.FileUtils: Creating directory if it doesn't exist: file:/home/alex/Repositories/hive/beeline/target/tmp/warehouse/test.db
2024-04-24T08:05:57,212  INFO [HiveServer2-Background-Pool: Thread-90] metastore.HMSHandler: Created database path in external directory file:/home/alex/Repositories/hive/beeline/target/tmp/warehouse/test.db
2024-04-24T08:05:57,230  INFO [HiveServer2-Background-Pool: Thread-90] metadata.Hive: Dumping metastore api call timing information for : execution phase
2024-04-24T08:05:57,230  INFO [HiveServer2-Background-Pool: Thread-90] metadata.Hive: Total time spent in each metastore function (ms): {isCompatibleWith_(Configuration)=0, createDatabase_(Database)=42}
2024-04-24T08:05:57,230  INFO [HiveServer2-Background-Pool: Thread-90] ql.Driver: Completed executing command(queryId=alex_20240424080555_48823017-80a4-48b5-bd7f-4df4ba13967b); Time taken: 0.053 seconds
2024-04-24T08:05:57,231  INFO [HiveServer2-Background-Pool: Thread-90] common.LogUtils: Unregistered logging context.
INFO  : Compiling command(queryId=alex_20240424080555_48823017-80a4-48b5-bd7f-4df4ba13967b): create database if not exists test
INFO  : Semantic Analysis Completed (retrial = false)
INFO  : Created Hive schema: Schema(fieldSchemas:null, properties:null)
INFO  : Completed compiling command(queryId=alex_20240424080555_48823017-80a4-48b5-bd7f-4df4ba13967b); Time taken: 1.513 seconds
INFO  : Concurrency mode is disabled, not creating a lock manager
INFO  : Executing command(queryId=alex_20240424080555_48823017-80a4-48b5-bd7f-4df4ba13967b): create database if not exists test
INFO  : Starting task [Stage-0:DDL] in serial mode
DEBUG : Task getting executed using mapred tag : alex_20240424080555_48823017-80a4-48b5-bd7f-4df4ba13967b,userid=null
INFO  : Completed executing command(queryId=alex_20240424080555_48823017-80a4-48b5-bd7f-4df4ba13967b); Time taken: 0.053 seconds
DEBUG : Shutting down query create database if not exists test
2024-04-24T08:05:57,233  INFO [6cb05471-6e1d-4ea2-b4ef-c2081c4ab1ed main] operation.OperationManager: Closing operation: OperationHandle [opType=EXECUTE_STATEMENT, getHandleIdentifier()=26030a32-8d59-4d28-b9a0-35b037cc5cad]
2024-04-24T08:05:57,233  INFO [6cb05471-6e1d-4ea2-b4ef-c2081c4ab1ed main] operation.OperationManager: Removed queryId: alex_20240424080555_48823017-80a4-48b5-bd7f-4df4ba13967b corresponding to operation: OperationHandle [opType=EXECUTE_STATEMENT, getHandleIdentifier()=26030a32-8d59-4d28-b9a0-35b037cc5cad] with tag: null
2024-04-24T08:05:57,233  INFO [6cb05471-6e1d-4ea2-b4ef-c2081c4ab1ed main] operation.SQLOperation: Closing operation log /home/alex/Repositories/hive/beeline/target/tmp/alex/operation_logs/6cb05471-6e1d-4ea2-b4ef-c2081c4ab1ed/alex_20240424080555_48823017-80a4-48b5-bd7f-4df4ba13967b without delay
Error: Failed to wait for operation to complete (state=08S01,code=0)
Closing: 0: jdbc:hive2://
2024-04-24T08:05:57,236  INFO [main] service.CompositeService: Session closed, SessionHandle [6cb05471-6e1d-4ea2-b4ef-c2081c4ab1ed], current sessions:0
2024-04-24T08:05:57,236  INFO [6cb05471-6e1d-4ea2-b4ef-c2081c4ab1ed main] session.HiveSessionImpl: Operation log session directory is deleted: /home/alex/Repositories/hive/beeline/target/tmp/alex/operation_logs/6cb05471-6e1d-4ea2-b4ef-c2081c4ab1ed
2024-04-24T08:05:57,237  INFO [main] cleanup.EventualCleanupService: Delete /tmp/hive/alex/6cb05471-6e1d-4ea2-b4ef-c2081c4ab1ed operation was queued
2024-04-24T08:05:57,237  INFO [main] cleanup.EventualCleanupService: Delete /home/alex/Repositories/hive/beeline/target/tmp/alex/6cb05471-6e1d-4ea2-b4ef-c2081c4ab1ed operation was queued
2024-04-24T08:05:57,237  INFO [EventualCleanupService thread 1] cleanup.EventualCleanupService: Deleted /home/alex/Repositories/hive/beeline/target/tmp/alex/6cb05471-6e1d-4ea2-b4ef-c2081c4ab1ed
2024-04-24T08:05:57,238  INFO [EventualCleanupService thread 0] cleanup.EventualCleanupService: Deleted /tmp/hive/alex/6cb05471-6e1d-4ea2-b4ef-c2081c4ab1ed
2024-04-24T08:05:57,244  INFO [main] HiveMetaStore.audit: ugi=alex	ip=unknown-ip-addr	cmd=Cleaning up thread local RawStore...	
2024-04-24T08:05:57,244  INFO [main] metastore.ObjectStore: RawStore: org.apache.hadoop.hive.metastore.ObjectStore@7661e474, with PersistenceManager: org.datanucleus.api.jdo.JDOPersistenceManager@20ffb8d5 will be shutdown
2024-04-24T08:05:57,244  INFO [main] HiveMetaStore.audit: ugi=alex	ip=unknown-ip-addr	cmd=Done cleaning up thread local RawStore	
2024-04-24T08:05:57,245  INFO [main] metastore.HiveMetaStoreClient: Closed a connection to metastore, current connections: -2
]]></system-err>
  </testcase>
  <testcase name="testSourceCmd2" classname="org.apache.hive.beeline.cli.TestHiveCli" time="0.857">
    <failure type="java.lang.AssertionError"><![CDATA[java.lang.AssertionError: The expected keyword "sc3" occur in the output: 
	at org.junit.Assert.fail(Assert.java:89)
	at org.junit.Assert.assertTrue(Assert.java:42)
	at org.apache.hive.beeline.cli.TestHiveCli.verifyCMD(TestHiveCli.java:270)
	at org.apache.hive.beeline.cli.TestHiveCli.testSourceCmd2(TestHiveCli.java:122)
	at sun.reflect.NativeMethodAccessorImpl.invoke0(Native Method)
	at sun.reflect.NativeMethodAccessorImpl.invoke(NativeMethodAccessorImpl.java:62)
	at sun.reflect.DelegatingMethodAccessorImpl.invoke(DelegatingMethodAccessorImpl.java:43)
	at java.lang.reflect.Method.invoke(Method.java:498)
	at org.junit.runners.model.FrameworkMethod$1.runReflectiveCall(FrameworkMethod.java:59)
	at org.junit.internal.runners.model.ReflectiveCallable.run(ReflectiveCallable.java:12)
	at org.junit.runners.model.FrameworkMethod.invokeExplosively(FrameworkMethod.java:56)
	at org.junit.internal.runners.statements.InvokeMethod.evaluate(InvokeMethod.java:17)
	at org.junit.internal.runners.statements.RunBefores.evaluate(RunBefores.java:26)
	at org.junit.internal.runners.statements.RunAfters.evaluate(RunAfters.java:27)
	at org.junit.runners.ParentRunner$3.evaluate(ParentRunner.java:306)
	at org.junit.runners.BlockJUnit4ClassRunner$1.evaluate(BlockJUnit4ClassRunner.java:100)
	at org.junit.runners.ParentRunner.runLeaf(ParentRunner.java:366)
	at org.junit.runners.BlockJUnit4ClassRunner.runChild(BlockJUnit4ClassRunner.java:103)
	at org.junit.runners.BlockJUnit4ClassRunner.runChild(BlockJUnit4ClassRunner.java:63)
	at org.junit.runners.ParentRunner$4.run(ParentRunner.java:331)
	at org.junit.runners.ParentRunner$1.schedule(ParentRunner.java:79)
	at org.junit.runners.ParentRunner.runChildren(ParentRunner.java:329)
	at org.junit.runners.ParentRunner.access$100(ParentRunner.java:66)
	at org.junit.runners.ParentRunner$2.evaluate(ParentRunner.java:293)
	at org.junit.internal.runners.statements.RunBefores.evaluate(RunBefores.java:26)
	at org.junit.runners.ParentRunner$3.evaluate(ParentRunner.java:306)
	at org.junit.runners.ParentRunner.run(ParentRunner.java:413)
	at org.junit.runner.JUnitCore.run(JUnitCore.java:137)
	at org.junit.runner.JUnitCore.run(JUnitCore.java:115)
	at org.junit.vintage.engine.execution.RunnerExecutor.execute(RunnerExecutor.java:43)
	at java.util.stream.ForEachOps$ForEachOp$OfRef.accept(ForEachOps.java:183)
	at java.util.stream.ReferencePipeline$3$1.accept(ReferencePipeline.java:193)
	at java.util.Iterator.forEachRemaining(Iterator.java:116)
	at java.util.Spliterators$IteratorSpliterator.forEachRemaining(Spliterators.java:1801)
	at java.util.stream.AbstractPipeline.copyInto(AbstractPipeline.java:482)
	at java.util.stream.AbstractPipeline.wrapAndCopyInto(AbstractPipeline.java:472)
	at java.util.stream.ForEachOps$ForEachOp.evaluateSequential(ForEachOps.java:150)
	at java.util.stream.ForEachOps$ForEachOp$OfRef.evaluateSequential(ForEachOps.java:173)
	at java.util.stream.AbstractPipeline.evaluate(AbstractPipeline.java:234)
	at java.util.stream.ReferencePipeline.forEach(ReferencePipeline.java:485)
	at org.junit.vintage.engine.VintageTestEngine.executeAllChildren(VintageTestEngine.java:82)
	at org.junit.vintage.engine.VintageTestEngine.execute(VintageTestEngine.java:73)
	at org.junit.platform.launcher.core.DefaultLauncher.execute(DefaultLauncher.java:248)
	at org.junit.platform.launcher.core.DefaultLauncher.lambda$execute$5(DefaultLauncher.java:211)
	at org.junit.platform.launcher.core.DefaultLauncher.withInterceptedStreams(DefaultLauncher.java:226)
	at org.junit.platform.launcher.core.DefaultLauncher.execute(DefaultLauncher.java:199)
	at org.junit.platform.launcher.core.DefaultLauncher.execute(DefaultLauncher.java:132)
	at org.apache.maven.surefire.junitplatform.JUnitPlatformProvider.invokeAllTests(JUnitPlatformProvider.java:154)
	at org.apache.maven.surefire.junitplatform.JUnitPlatformProvider.invoke(JUnitPlatformProvider.java:123)
	at org.apache.maven.surefire.booter.ForkedBooter.runSuitesInProcess(ForkedBooter.java:377)
	at org.apache.maven.surefire.booter.ForkedBooter.execute(ForkedBooter.java:138)
	at org.apache.maven.surefire.booter.ForkedBooter.run(ForkedBooter.java:465)
	at org.apache.maven.surefire.booter.ForkedBooter.main(ForkedBooter.java:451)
]]></failure>
    <system-err><![CDATA[2024-04-24T08:05:57,260 ERROR [main] cli.TestHiveCli: Failed to execute command due to the error: java.lang.NullPointerException: Null output stream
2024-04-24T08:05:57,314  WARN [main] conf.HiveConf: HiveConf of name hive.dummyparam.test.server.specific.config.override does not exist
2024-04-24T08:05:57,315  WARN [main] conf.HiveConf: HiveConf of name hive.dummyparam.test.server.specific.config.hiveserver2site does not exist
2024-04-24T08:05:57,315  WARN [main] conf.HiveConf: HiveConf of name hive.dummyparam.test.server.specific.config.metastoresite does not exist
2024-04-24T08:05:57,316  INFO [main] SessionState: Hive Session ID = 969ab261-6720-4701-a2be-d0b2bb777204
2024-04-24T08:05:57,317  INFO [main] DependencyResolver: ivysettings.xml file not found in HIVE_HOME or HIVE_CONF_DIR,/home/alex/Repositories/hive/conf/ivysettings.xml will be used
2024-04-24T08:05:57,326  INFO [main] session.SessionState: Created HDFS directory: /tmp/hive/alex/969ab261-6720-4701-a2be-d0b2bb777204
2024-04-24T08:05:57,329  INFO [main] session.SessionState: Created local directory: /home/alex/Repositories/hive/beeline/target/tmp/alex/969ab261-6720-4701-a2be-d0b2bb777204
2024-04-24T08:05:57,333  INFO [main] session.SessionState: Created HDFS directory: /tmp/hive/alex/969ab261-6720-4701-a2be-d0b2bb777204/_tmp_space.db
2024-04-24T08:05:57,333  INFO [main] sqlstd.SQLStdHiveAccessController: Created SQLStdHiveAccessController for session context : HiveAuthzSessionContext [sessionString=969ab261-6720-4701-a2be-d0b2bb777204, clientType=HIVESERVER2]
2024-04-24T08:05:57,334  INFO [main] metastore.HiveMetaStoreClient: HMS client filtering is enabled.
2024-04-24T08:05:57,336  INFO [main] metastore.HMSHandler: 0: Opening raw store with implementation class:org.apache.hadoop.hive.metastore.ObjectStore
2024-04-24T08:05:57,336  INFO [main] metastore.PersistenceManagerProvider: Configuration datanucleus.autoStartMechanismMode is not set. Defaulting to 'ignored'
2024-04-24T08:05:57,337  INFO [main] metastore.ObjectStore: RawStore: org.apache.hadoop.hive.metastore.ObjectStore@2ba024cb, with PersistenceManager: null will be shutdown
2024-04-24T08:05:57,337  INFO [main] metastore.ObjectStore: RawStore: org.apache.hadoop.hive.metastore.ObjectStore@2ba024cb, with PersistenceManager: org.datanucleus.api.jdo.JDOPersistenceManager@7af0d91b created in the thread with id: 1
2024-04-24T08:05:57,341  INFO [main] metastore.HMSHandler: Created RawStore: org.apache.hadoop.hive.metastore.ObjectStore@2ba024cb from thread id: 1
2024-04-24T08:05:57,341  INFO [main] metastore.HMSHandler: HMS server filtering is disabled by configuration
2024-04-24T08:05:57,341  INFO [main] metastore.RetryingMetaStoreClient: RetryingMetaStoreClient proxy=class org.apache.hadoop.hive.ql.metadata.SessionHiveMetaStoreClient ugi=alex (auth:SIMPLE) retries=1 delay=1 lifetime=0
2024-04-24T08:05:57,342  INFO [main] service.CompositeService: Operation log root directory is created: /home/alex/Repositories/hive/beeline/target/tmp/alex/operation_logs
2024-04-24T08:05:57,342  INFO [main] service.CompositeService: HiveServer2: Background operation thread pool size: 100
2024-04-24T08:05:57,342  INFO [main] service.CompositeService: HiveServer2: Background operation thread wait queue size: 100
2024-04-24T08:05:57,342  INFO [main] service.CompositeService: HiveServer2: Background operation thread keepalive time: 10 seconds
2024-04-24T08:05:57,342  INFO [main] service.CompositeService: Connections limit are user: 0 ipaddress: 0 user-ipaddress: 0
2024-04-24T08:05:57,344  INFO [main] cleanup.EventualCleanupService: EventualCleanupService started with 10 threads and queue of size 10000
ERROR StatusLogger Log4j2 ConfigurationScheduler attempted to increment scheduled items after start
ERROR StatusLogger Log4j2 ConfigurationScheduler attempted to increment scheduled items after start
2024-04-24T08:05:57,346  INFO [main] service.AbstractService: Service:OperationManager is inited.
2024-04-24T08:05:57,346  INFO [main] service.AbstractService: Service:SessionManager is inited.
2024-04-24T08:05:57,346  INFO [main] service.AbstractService: Service:CLIService is inited.
2024-04-24T08:05:57,346  INFO [main] service.AbstractService: Service:OperationManager is started.
2024-04-24T08:05:57,346  INFO [main] service.AbstractService: Service:SessionManager is started.
2024-04-24T08:05:57,346  INFO [main] service.AbstractService: Service:CLIService is started.
2024-04-24T08:05:57,346  INFO [main] service.AbstractService: Service:ThriftBinaryCLIService is inited.
2024-04-24T08:05:57,346  INFO [main] thrift.ThriftCLIService: Client protocol version: HIVE_CLI_SERVICE_PROTOCOL_V10
2024-04-24T08:05:57,346  INFO [main] thrift.ThriftCLIService: Creating Hive session handle for user [null] from IP null
2024-04-24T08:05:57,348  INFO [main] DependencyResolver: ivysettings.xml file not found in HIVE_HOME or HIVE_CONF_DIR,/home/alex/Repositories/hive/conf/ivysettings.xml will be used
2024-04-24T08:05:57,355  INFO [main] session.SessionState: Created HDFS directory: /tmp/hive/alex/d14af34c-9b70-4a20-b0fd-bd7f9888a490
2024-04-24T08:05:57,359  INFO [main] session.SessionState: Created local directory: /home/alex/Repositories/hive/beeline/target/tmp/alex/d14af34c-9b70-4a20-b0fd-bd7f9888a490
2024-04-24T08:05:57,362  INFO [main] session.SessionState: Created HDFS directory: /tmp/hive/alex/d14af34c-9b70-4a20-b0fd-bd7f9888a490/_tmp_space.db
2024-04-24T08:05:57,363  INFO [main] session.SessionState: Reloading auxiliary JAR files
2024-04-24T08:05:57,363  WARN [main] session.SessionState: Configuration hive.reloadable.aux.jars.path not specified
2024-04-24T08:05:57,363  INFO [main] HiveMetaStore.audit: ugi=alex	ip=unknown-ip-addr	cmd=Cleaning up thread local RawStore...	
2024-04-24T08:05:57,363  INFO [main] metastore.ObjectStore: RawStore: org.apache.hadoop.hive.metastore.ObjectStore@2ba024cb, with PersistenceManager: org.datanucleus.api.jdo.JDOPersistenceManager@7af0d91b will be shutdown
2024-04-24T08:05:57,363  INFO [main] HiveMetaStore.audit: ugi=alex	ip=unknown-ip-addr	cmd=Done cleaning up thread local RawStore	
2024-04-24T08:05:57,363  INFO [main] metastore.HiveMetaStoreClient: Closed a connection to metastore, current connections: -3
2024-04-24T08:05:57,363  INFO [main] session.HiveSessionImpl: Operation log session directory is created: /home/alex/Repositories/hive/beeline/target/tmp/alex/operation_logs/d14af34c-9b70-4a20-b0fd-bd7f9888a490
2024-04-24T08:05:57,364  INFO [main] service.CompositeService: Session opened, SessionHandle [d14af34c-9b70-4a20-b0fd-bd7f9888a490], current sessions:1
2024-04-24T08:05:57,364  INFO [main] thrift.ThriftCLIService: Login attempt is successful for user : null
2024-04-24T08:05:57,428  WARN [main] conf.HiveConf: HiveConf of name hive.dummyparam.test.server.specific.config.override does not exist
2024-04-24T08:05:57,429  WARN [main] conf.HiveConf: HiveConf of name hive.dummyparam.test.server.specific.config.hiveserver2site does not exist
2024-04-24T08:05:57,429  WARN [main] conf.HiveConf: HiveConf of name hive.dummyparam.test.server.specific.config.metastoresite does not exist
2024-04-24T08:05:57,430  INFO [d14af34c-9b70-4a20-b0fd-bd7f9888a490 main] session.HiveSessionImpl: executing set
2024-04-24T08:05:57,431  INFO [d14af34c-9b70-4a20-b0fd-bd7f9888a490 main] operation.HiveCommandOperation: Putting temp output to file /home/alex/Repositories/hive/beeline/target/tmp/alex/d14af34c-9b70-4a20-b0fd-bd7f9888a4901953398449556419341.pipeout and error output to file /home/alex/Repositories/hive/beeline/target/tmp/alex/d14af34c-9b70-4a20-b0fd-bd7f9888a4901426811043825926755.pipeout
2024-04-24T08:05:57,431  INFO [d14af34c-9b70-4a20-b0fd-bd7f9888a490 main] operation.OperationManager: Adding operation: OperationHandle [opType=EXECUTE_STATEMENT, getHandleIdentifier()=7664a20e-32e4-4b8c-b32a-0c228e44eb31] SessionHandle [d14af34c-9b70-4a20-b0fd-bd7f9888a490]
2024-04-24T08:05:57,432  INFO [d14af34c-9b70-4a20-b0fd-bd7f9888a490 main] common.LogUtils: Thread context registration is done.
DEBUG StatusLogger Building Plugin[name=filter, class=org.apache.hadoop.hive.ql.log.LogDivertAppender$NameFilter].
DEBUG StatusLogger createFilter(loggingLevel="EXECUTION")
DEBUG StatusLogger Building Plugin[name=layout, class=org.apache.logging.log4j.core.layout.PatternLayout].
DEBUG StatusLogger PatternLayout$Builder(pattern="%-5p : %m%n", PatternSelector=null, Configuration(HiveLog4j2Test), Replace=null, charset="null", alwaysWriteExceptions="null", disableAnsi="null", noConsoleNoAnsi="null", header="null", footer="null")
DEBUG StatusLogger Building Plugin[name=appender, class=org.apache.hadoop.hive.ql.log.HushableRandomAccessFileAppender].
DEBUG StatusLogger createAppender(fileName="/home/alex/Repositories/hive/beeline/target/tmp/alex/operation_logs/d14af34c-9b70-4a20-b0fd-bd7f9888a490/alex_20240424080557_3b4f17aa-fb97-4788-b5ff-8a0f40445521", append="null", name="query-file-appender", immediateFlush="null", bufferSize="null", ignoreExceptions="null", PatternLayout(org.apache.logging.log4j.core.layout.PatternLayout with name PatternLayout), NameFilter(org.apache.hadoop.hive.ql.log.LogDivertAppender$NameFilter with name NameFilter), advertise="null", advertiseURI="null", Configuration(HiveLog4j2Test))
DEBUG StatusLogger Starting RandomAccessFileManager /home/alex/Repositories/hive/beeline/target/tmp/alex/operation_logs/d14af34c-9b70-4a20-b0fd-bd7f9888a490/alex_20240424080557_3b4f17aa-fb97-4788-b5ff-8a0f40445521
DEBUG StatusLogger Building Plugin[name=, class=org.apache.hadoop.hive.ql.log.LogDivertAppenderForTest$TestFilter].
DEBUG StatusLogger createFilter()
DEBUG StatusLogger Building Plugin[name=, class=org.apache.logging.log4j.core.layout.PatternLayout].
DEBUG StatusLogger PatternLayout$Builder(pattern="%-5p : %m%n", PatternSelector=null, Configuration(HiveLog4j2Test), Replace=null, charset="null", alwaysWriteExceptions="null", disableAnsi="null", noConsoleNoAnsi="null", header="null", footer="null")
DEBUG StatusLogger Building Plugin[name=appender, class=org.apache.hadoop.hive.ql.log.HushableRandomAccessFileAppender].
DEBUG StatusLogger createAppender(fileName="/home/alex/Repositories/hive/beeline/target/tmp/alex/operation_logs/d14af34c-9b70-4a20-b0fd-bd7f9888a490/alex_20240424080557_3b4f17aa-fb97-4788-b5ff-8a0f40445521.test", append="null", name="test-query-file-appender", immediateFlush="null", bufferSize="null", ignoreExceptions="null", PatternLayout(org.apache.logging.log4j.core.layout.PatternLayout with name PatternLayout), test-filter(org.apache.hadoop.hive.ql.log.LogDivertAppenderForTest$TestFilter with name test-filter), advertise="null", advertiseURI="null", Configuration(HiveLog4j2Test))
DEBUG StatusLogger Starting RandomAccessFileManager /home/alex/Repositories/hive/beeline/target/tmp/alex/operation_logs/d14af34c-9b70-4a20-b0fd-bd7f9888a490/alex_20240424080557_3b4f17aa-fb97-4788-b5ff-8a0f40445521.test
2024-04-24T08:05:57,438  INFO [d14af34c-9b70-4a20-b0fd-bd7f9888a490 main] operation.HiveCommandOperation: [opType=EXECUTE_STATEMENT, queryId=alex_20240424080557_3b4f17aa-fb97-4788-b5ff-8a0f40445521, startTime=1713971157430, sessionId=d14af34c-9b70-4a20-b0fd-bd7f9888a490, createTime=1713971157346, userName=null, ipAddress=null]
2024-04-24T08:05:57,452  INFO [d14af34c-9b70-4a20-b0fd-bd7f9888a490 main] common.LogUtils: Unregistered logging context.
2024-04-24T08:05:57,457  INFO [d14af34c-9b70-4a20-b0fd-bd7f9888a490 main] operation.OperationManager: Closing operation: OperationHandle [opType=EXECUTE_STATEMENT, getHandleIdentifier()=7664a20e-32e4-4b8c-b32a-0c228e44eb31]
2024-04-24T08:05:57,457  INFO [d14af34c-9b70-4a20-b0fd-bd7f9888a490 main] operation.OperationManager: Removed queryId: alex_20240424080557_3b4f17aa-fb97-4788-b5ff-8a0f40445521 corresponding to operation: OperationHandle [opType=EXECUTE_STATEMENT, getHandleIdentifier()=7664a20e-32e4-4b8c-b32a-0c228e44eb31] with tag: null
2024-04-24T08:05:57,458  INFO [d14af34c-9b70-4a20-b0fd-bd7f9888a490 main] operation.HiveCommandOperation: Closing operation log /home/alex/Repositories/hive/beeline/target/tmp/alex/operation_logs/d14af34c-9b70-4a20-b0fd-bd7f9888a490/alex_20240424080557_3b4f17aa-fb97-4788-b5ff-8a0f40445521 without delay
2024-04-24T08:05:57,461  INFO [d14af34c-9b70-4a20-b0fd-bd7f9888a490 main] session.HiveSessionImpl: executing use test
2024-04-24T08:05:57,463  INFO [d14af34c-9b70-4a20-b0fd-bd7f9888a490 main] operation.OperationManager: Adding operation: OperationHandle [opType=EXECUTE_STATEMENT, getHandleIdentifier()=1d7075fd-5ca6-450c-bfd0-1531814ef7b3] SessionHandle [d14af34c-9b70-4a20-b0fd-bd7f9888a490]
2024-04-24T08:05:57,463  INFO [d14af34c-9b70-4a20-b0fd-bd7f9888a490 main] common.LogUtils: Thread context registration is done.
DEBUG StatusLogger Building Plugin[name=filter, class=org.apache.hadoop.hive.ql.log.LogDivertAppender$NameFilter].
DEBUG StatusLogger createFilter(loggingLevel="EXECUTION")
DEBUG StatusLogger Building Plugin[name=layout, class=org.apache.logging.log4j.core.layout.PatternLayout].
DEBUG StatusLogger PatternLayout$Builder(pattern="%-5p : %m%n", PatternSelector=null, Configuration(HiveLog4j2Test), Replace=null, charset="null", alwaysWriteExceptions="null", disableAnsi="null", noConsoleNoAnsi="null", header="null", footer="null")
DEBUG StatusLogger Building Plugin[name=appender, class=org.apache.hadoop.hive.ql.log.HushableRandomAccessFileAppender].
DEBUG StatusLogger createAppender(fileName="/home/alex/Repositories/hive/beeline/target/tmp/alex/operation_logs/d14af34c-9b70-4a20-b0fd-bd7f9888a490/alex_20240424080557_3b118b4a-3c29-4833-857d-0bcc72041cbe", append="null", name="query-file-appender", immediateFlush="null", bufferSize="null", ignoreExceptions="null", PatternLayout(org.apache.logging.log4j.core.layout.PatternLayout with name PatternLayout), NameFilter(org.apache.hadoop.hive.ql.log.LogDivertAppender$NameFilter with name NameFilter), advertise="null", advertiseURI="null", Configuration(HiveLog4j2Test))
DEBUG StatusLogger Starting RandomAccessFileManager /home/alex/Repositories/hive/beeline/target/tmp/alex/operation_logs/d14af34c-9b70-4a20-b0fd-bd7f9888a490/alex_20240424080557_3b118b4a-3c29-4833-857d-0bcc72041cbe
DEBUG StatusLogger Building Plugin[name=, class=org.apache.hadoop.hive.ql.log.LogDivertAppenderForTest$TestFilter].
DEBUG StatusLogger createFilter()
DEBUG StatusLogger Building Plugin[name=, class=org.apache.logging.log4j.core.layout.PatternLayout].
DEBUG StatusLogger PatternLayout$Builder(pattern="%-5p : %m%n", PatternSelector=null, Configuration(HiveLog4j2Test), Replace=null, charset="null", alwaysWriteExceptions="null", disableAnsi="null", noConsoleNoAnsi="null", header="null", footer="null")
DEBUG StatusLogger Building Plugin[name=appender, class=org.apache.hadoop.hive.ql.log.HushableRandomAccessFileAppender].
DEBUG StatusLogger createAppender(fileName="/home/alex/Repositories/hive/beeline/target/tmp/alex/operation_logs/d14af34c-9b70-4a20-b0fd-bd7f9888a490/alex_20240424080557_3b118b4a-3c29-4833-857d-0bcc72041cbe.test", append="null", name="test-query-file-appender", immediateFlush="null", bufferSize="null", ignoreExceptions="null", PatternLayout(org.apache.logging.log4j.core.layout.PatternLayout with name PatternLayout), test-filter(org.apache.hadoop.hive.ql.log.LogDivertAppenderForTest$TestFilter with name test-filter), advertise="null", advertiseURI="null", Configuration(HiveLog4j2Test))
DEBUG StatusLogger Starting RandomAccessFileManager /home/alex/Repositories/hive/beeline/target/tmp/alex/operation_logs/d14af34c-9b70-4a20-b0fd-bd7f9888a490/alex_20240424080557_3b118b4a-3c29-4833-857d-0bcc72041cbe.test
2024-04-24T08:05:57,467  INFO [d14af34c-9b70-4a20-b0fd-bd7f9888a490 main] operation.SQLOperation: [opType=EXECUTE_STATEMENT, queryId=alex_20240424080557_3b118b4a-3c29-4833-857d-0bcc72041cbe, startTime=1713971157462, sessionId=d14af34c-9b70-4a20-b0fd-bd7f9888a490, createTime=1713971157346, userName=null, ipAddress=null]
2024-04-24T08:05:57,469  INFO [d14af34c-9b70-4a20-b0fd-bd7f9888a490 main] ql.Driver: Compiling command(queryId=alex_20240424080557_3b118b4a-3c29-4833-857d-0bcc72041cbe): use test
2024-04-24T08:05:57,470  INFO [d14af34c-9b70-4a20-b0fd-bd7f9888a490 main] metastore.HiveMetaStoreClient: HMS client filtering is enabled.
2024-04-24T08:05:57,471  INFO [d14af34c-9b70-4a20-b0fd-bd7f9888a490 main] metastore.HMSHandler: 0: Opening raw store with implementation class:org.apache.hadoop.hive.metastore.ObjectStore
2024-04-24T08:05:57,471  INFO [d14af34c-9b70-4a20-b0fd-bd7f9888a490 main] metastore.PersistenceManagerProvider: Configuration datanucleus.autoStartMechanismMode is not set. Defaulting to 'ignored'
2024-04-24T08:05:57,472  INFO [d14af34c-9b70-4a20-b0fd-bd7f9888a490 main] metastore.ObjectStore: RawStore: org.apache.hadoop.hive.metastore.ObjectStore@e2b3026, with PersistenceManager: null will be shutdown
2024-04-24T08:05:57,472  INFO [d14af34c-9b70-4a20-b0fd-bd7f9888a490 main] metastore.ObjectStore: RawStore: org.apache.hadoop.hive.metastore.ObjectStore@e2b3026, with PersistenceManager: org.datanucleus.api.jdo.JDOPersistenceManager@38bc5ac0 created in the thread with id: 1
2024-04-24T08:05:57,479  INFO [d14af34c-9b70-4a20-b0fd-bd7f9888a490 main] metastore.HMSHandler: Created RawStore: org.apache.hadoop.hive.metastore.ObjectStore@e2b3026 from thread id: 1
2024-04-24T08:05:57,479  INFO [d14af34c-9b70-4a20-b0fd-bd7f9888a490 main] metastore.HMSHandler: HMS server filtering is disabled by configuration
2024-04-24T08:05:57,479  INFO [d14af34c-9b70-4a20-b0fd-bd7f9888a490 main] metastore.RetryingMetaStoreClient: RetryingMetaStoreClient proxy=class org.apache.hadoop.hive.ql.metadata.SessionHiveMetaStoreClient ugi=alex (auth:SIMPLE) retries=1 delay=1 lifetime=0
2024-04-24T08:05:57,481  INFO [d14af34c-9b70-4a20-b0fd-bd7f9888a490 main] HiveMetaStore.audit: ugi=alex	ip=unknown-ip-addr	cmd=get_database: test	
2024-04-24T08:05:57,491  INFO [d14af34c-9b70-4a20-b0fd-bd7f9888a490 main] ql.Driver: Semantic Analysis Completed (retrial = false)
2024-04-24T08:05:57,491  INFO [d14af34c-9b70-4a20-b0fd-bd7f9888a490 main] ql.Driver: Created Hive schema: Schema(fieldSchemas:null, properties:null)
2024-04-24T08:05:57,491  INFO [d14af34c-9b70-4a20-b0fd-bd7f9888a490 main] metadata.Hive: Dumping metastore api call timing information for : compilation phase
2024-04-24T08:05:57,491  INFO [d14af34c-9b70-4a20-b0fd-bd7f9888a490 main] metadata.Hive: Total time spent in each metastore function (ms): {isCompatibleWith_(Configuration)=0, getDatabase_(String)=10, flushCache_()=1}
2024-04-24T08:05:57,491  INFO [d14af34c-9b70-4a20-b0fd-bd7f9888a490 main] ql.Driver: Completed compiling command(queryId=alex_20240424080557_3b118b4a-3c29-4833-857d-0bcc72041cbe); Time taken: 0.022 seconds
2024-04-24T08:05:57,491  INFO [d14af34c-9b70-4a20-b0fd-bd7f9888a490 main] common.LogUtils: Unregistered logging context.
2024-04-24T08:05:57,493  INFO [HiveServer2-Background-Pool: Thread-115] common.LogUtils: Thread context registration is done.
2024-04-24T08:05:57,493  INFO [HiveServer2-Background-Pool: Thread-115] reexec.ReExecDriver: Execution #1 of query
2024-04-24T08:05:57,493  INFO [HiveServer2-Background-Pool: Thread-115] ql.Driver: Concurrency mode is disabled, not creating a lock manager
2024-04-24T08:05:57,493  INFO [HiveServer2-Background-Pool: Thread-115] ql.Driver: Executing command(queryId=alex_20240424080557_3b118b4a-3c29-4833-857d-0bcc72041cbe): use test
2024-04-24T08:05:57,494  INFO [HiveServer2-Background-Pool: Thread-115] ql.Driver: Starting task [Stage-0:DDL] in serial mode
2024-04-24T08:05:57,496  INFO [HiveServer2-Background-Pool: Thread-115] HiveMetaStore.audit: ugi=alex	ip=unknown-ip-addr	cmd=get_database: test	
2024-04-24T08:05:57,496  INFO [HiveServer2-Background-Pool: Thread-115] metastore.HMSHandler: 3: Opening raw store with implementation class:org.apache.hadoop.hive.metastore.ObjectStore
2024-04-24T08:05:57,498  INFO [HiveServer2-Background-Pool: Thread-115] metastore.ObjectStore: RawStore: org.apache.hadoop.hive.metastore.ObjectStore@3fe412ca, with PersistenceManager: null will be shutdown
2024-04-24T08:05:57,498  INFO [HiveServer2-Background-Pool: Thread-115] metastore.ObjectStore: RawStore: org.apache.hadoop.hive.metastore.ObjectStore@3fe412ca, with PersistenceManager: org.datanucleus.api.jdo.JDOPersistenceManager@7ae69b52 created in the thread with id: 115
2024-04-24T08:05:57,503  INFO [HiveServer2-Background-Pool: Thread-115] metastore.HMSHandler: Created RawStore: org.apache.hadoop.hive.metastore.ObjectStore@3fe412ca from thread id: 115
2024-04-24T08:05:57,505  INFO [HiveServer2-Background-Pool: Thread-115] HiveMetaStore.audit: ugi=alex	ip=unknown-ip-addr	cmd=get_database: test	
2024-04-24T08:05:57,507  INFO [HiveServer2-Background-Pool: Thread-115] metadata.Hive: Dumping metastore api call timing information for : execution phase
2024-04-24T08:05:57,507  INFO [HiveServer2-Background-Pool: Thread-115] metadata.Hive: Total time spent in each metastore function (ms): {isCompatibleWith_(Configuration)=0, getDatabase_(String)=11}
2024-04-24T08:05:57,507  INFO [HiveServer2-Background-Pool: Thread-115] ql.Driver: Completed executing command(queryId=alex_20240424080557_3b118b4a-3c29-4833-857d-0bcc72041cbe); Time taken: 0.013 seconds
2024-04-24T08:05:57,507  INFO [HiveServer2-Background-Pool: Thread-115] common.LogUtils: Unregistered logging context.
2024-04-24T08:05:57,510  INFO [d14af34c-9b70-4a20-b0fd-bd7f9888a490 main] operation.OperationManager: Closing operation: OperationHandle [opType=EXECUTE_STATEMENT, getHandleIdentifier()=1d7075fd-5ca6-450c-bfd0-1531814ef7b3]
2024-04-24T08:05:57,510  INFO [d14af34c-9b70-4a20-b0fd-bd7f9888a490 main] operation.OperationManager: Removed queryId: alex_20240424080557_3b118b4a-3c29-4833-857d-0bcc72041cbe corresponding to operation: OperationHandle [opType=EXECUTE_STATEMENT, getHandleIdentifier()=1d7075fd-5ca6-450c-bfd0-1531814ef7b3] with tag: null
2024-04-24T08:05:57,511  INFO [d14af34c-9b70-4a20-b0fd-bd7f9888a490 main] operation.SQLOperation: Closing operation log /home/alex/Repositories/hive/beeline/target/tmp/alex/operation_logs/d14af34c-9b70-4a20-b0fd-bd7f9888a490/alex_20240424080557_3b118b4a-3c29-4833-857d-0bcc72041cbe without delay
2024-04-24T08:05:57,576  WARN [main] conf.HiveConf: HiveConf of name hive.dummyparam.test.server.specific.config.override does not exist
2024-04-24T08:05:57,576  WARN [main] conf.HiveConf: HiveConf of name hive.dummyparam.test.server.specific.config.hiveserver2site does not exist
2024-04-24T08:05:57,576  WARN [main] conf.HiveConf: HiveConf of name hive.dummyparam.test.server.specific.config.metastoresite does not exist
2024-04-24T08:05:57,577  INFO [d14af34c-9b70-4a20-b0fd-bd7f9888a490 main] session.HiveSessionImpl: executing set
2024-04-24T08:05:57,578  INFO [d14af34c-9b70-4a20-b0fd-bd7f9888a490 main] operation.HiveCommandOperation: Putting temp output to file /home/alex/Repositories/hive/beeline/target/tmp/alex/d14af34c-9b70-4a20-b0fd-bd7f9888a4901953398449556419341.pipeout and error output to file /home/alex/Repositories/hive/beeline/target/tmp/alex/d14af34c-9b70-4a20-b0fd-bd7f9888a4901426811043825926755.pipeout
2024-04-24T08:05:57,578  INFO [d14af34c-9b70-4a20-b0fd-bd7f9888a490 main] operation.OperationManager: Adding operation: OperationHandle [opType=EXECUTE_STATEMENT, getHandleIdentifier()=c6ddf741-5770-45d7-8ad3-266a90d3ec3d] SessionHandle [d14af34c-9b70-4a20-b0fd-bd7f9888a490]
2024-04-24T08:05:57,578  INFO [d14af34c-9b70-4a20-b0fd-bd7f9888a490 main] common.LogUtils: Thread context registration is done.
DEBUG StatusLogger Building Plugin[name=filter, class=org.apache.hadoop.hive.ql.log.LogDivertAppender$NameFilter].
DEBUG StatusLogger createFilter(loggingLevel="EXECUTION")
DEBUG StatusLogger Building Plugin[name=layout, class=org.apache.logging.log4j.core.layout.PatternLayout].
DEBUG StatusLogger PatternLayout$Builder(pattern="%-5p : %m%n", PatternSelector=null, Configuration(HiveLog4j2Test), Replace=null, charset="null", alwaysWriteExceptions="null", disableAnsi="null", noConsoleNoAnsi="null", header="null", footer="null")
DEBUG StatusLogger Building Plugin[name=appender, class=org.apache.hadoop.hive.ql.log.HushableRandomAccessFileAppender].
DEBUG StatusLogger createAppender(fileName="/home/alex/Repositories/hive/beeline/target/tmp/alex/operation_logs/d14af34c-9b70-4a20-b0fd-bd7f9888a490/alex_20240424080557_22aa2400-950e-40db-b5eb-2e1de972a157", append="null", name="query-file-appender", immediateFlush="null", bufferSize="null", ignoreExceptions="null", PatternLayout(org.apache.logging.log4j.core.layout.PatternLayout with name PatternLayout), NameFilter(org.apache.hadoop.hive.ql.log.LogDivertAppender$NameFilter with name NameFilter), advertise="null", advertiseURI="null", Configuration(HiveLog4j2Test))
DEBUG StatusLogger Starting RandomAccessFileManager /home/alex/Repositories/hive/beeline/target/tmp/alex/operation_logs/d14af34c-9b70-4a20-b0fd-bd7f9888a490/alex_20240424080557_22aa2400-950e-40db-b5eb-2e1de972a157
DEBUG StatusLogger Building Plugin[name=, class=org.apache.hadoop.hive.ql.log.LogDivertAppenderForTest$TestFilter].
DEBUG StatusLogger createFilter()
DEBUG StatusLogger Building Plugin[name=, class=org.apache.logging.log4j.core.layout.PatternLayout].
DEBUG StatusLogger PatternLayout$Builder(pattern="%-5p : %m%n", PatternSelector=null, Configuration(HiveLog4j2Test), Replace=null, charset="null", alwaysWriteExceptions="null", disableAnsi="null", noConsoleNoAnsi="null", header="null", footer="null")
DEBUG StatusLogger Building Plugin[name=appender, class=org.apache.hadoop.hive.ql.log.HushableRandomAccessFileAppender].
DEBUG StatusLogger createAppender(fileName="/home/alex/Repositories/hive/beeline/target/tmp/alex/operation_logs/d14af34c-9b70-4a20-b0fd-bd7f9888a490/alex_20240424080557_22aa2400-950e-40db-b5eb-2e1de972a157.test", append="null", name="test-query-file-appender", immediateFlush="null", bufferSize="null", ignoreExceptions="null", PatternLayout(org.apache.logging.log4j.core.layout.PatternLayout with name PatternLayout), test-filter(org.apache.hadoop.hive.ql.log.LogDivertAppenderForTest$TestFilter with name test-filter), advertise="null", advertiseURI="null", Configuration(HiveLog4j2Test))
DEBUG StatusLogger Starting RandomAccessFileManager /home/alex/Repositories/hive/beeline/target/tmp/alex/operation_logs/d14af34c-9b70-4a20-b0fd-bd7f9888a490/alex_20240424080557_22aa2400-950e-40db-b5eb-2e1de972a157.test
2024-04-24T08:05:57,585  INFO [d14af34c-9b70-4a20-b0fd-bd7f9888a490 main] operation.HiveCommandOperation: [opType=EXECUTE_STATEMENT, queryId=alex_20240424080557_22aa2400-950e-40db-b5eb-2e1de972a157, startTime=1713971157577, sessionId=d14af34c-9b70-4a20-b0fd-bd7f9888a490, createTime=1713971157346, userName=null, ipAddress=null]
2024-04-24T08:05:57,598  INFO [d14af34c-9b70-4a20-b0fd-bd7f9888a490 main] common.LogUtils: Unregistered logging context.
2024-04-24T08:05:57,604  INFO [d14af34c-9b70-4a20-b0fd-bd7f9888a490 main] operation.OperationManager: Closing operation: OperationHandle [opType=EXECUTE_STATEMENT, getHandleIdentifier()=c6ddf741-5770-45d7-8ad3-266a90d3ec3d]
2024-04-24T08:05:57,604  INFO [d14af34c-9b70-4a20-b0fd-bd7f9888a490 main] operation.OperationManager: Removed queryId: alex_20240424080557_22aa2400-950e-40db-b5eb-2e1de972a157 corresponding to operation: OperationHandle [opType=EXECUTE_STATEMENT, getHandleIdentifier()=c6ddf741-5770-45d7-8ad3-266a90d3ec3d] with tag: null
2024-04-24T08:05:57,604  INFO [d14af34c-9b70-4a20-b0fd-bd7f9888a490 main] operation.HiveCommandOperation: Closing operation log /home/alex/Repositories/hive/beeline/target/tmp/alex/operation_logs/d14af34c-9b70-4a20-b0fd-bd7f9888a490/alex_20240424080557_22aa2400-950e-40db-b5eb-2e1de972a157 without delay
2024-04-24T08:05:57,608  INFO [d14af34c-9b70-4a20-b0fd-bd7f9888a490 main] session.HiveSessionImpl: executing create table if not exists test.testSrcTbl3(sc3 string)
2024-04-24T08:05:57,610  INFO [d14af34c-9b70-4a20-b0fd-bd7f9888a490 main] operation.OperationManager: Adding operation: OperationHandle [opType=EXECUTE_STATEMENT, getHandleIdentifier()=376485ba-cd12-438b-af37-399f2b17bb42] SessionHandle [d14af34c-9b70-4a20-b0fd-bd7f9888a490]
2024-04-24T08:05:57,610  INFO [d14af34c-9b70-4a20-b0fd-bd7f9888a490 main] common.LogUtils: Thread context registration is done.
DEBUG StatusLogger Building Plugin[name=filter, class=org.apache.hadoop.hive.ql.log.LogDivertAppender$NameFilter].
DEBUG StatusLogger createFilter(loggingLevel="EXECUTION")
DEBUG StatusLogger Building Plugin[name=layout, class=org.apache.logging.log4j.core.layout.PatternLayout].
DEBUG StatusLogger PatternLayout$Builder(pattern="%-5p : %m%n", PatternSelector=null, Configuration(HiveLog4j2Test), Replace=null, charset="null", alwaysWriteExceptions="null", disableAnsi="null", noConsoleNoAnsi="null", header="null", footer="null")
DEBUG StatusLogger Building Plugin[name=appender, class=org.apache.hadoop.hive.ql.log.HushableRandomAccessFileAppender].
DEBUG StatusLogger createAppender(fileName="/home/alex/Repositories/hive/beeline/target/tmp/alex/operation_logs/d14af34c-9b70-4a20-b0fd-bd7f9888a490/alex_20240424080557_416857d7-aa05-44d0-9a22-abb6a1f435d5", append="null", name="query-file-appender", immediateFlush="null", bufferSize="null", ignoreExceptions="null", PatternLayout(org.apache.logging.log4j.core.layout.PatternLayout with name PatternLayout), NameFilter(org.apache.hadoop.hive.ql.log.LogDivertAppender$NameFilter with name NameFilter), advertise="null", advertiseURI="null", Configuration(HiveLog4j2Test))
DEBUG StatusLogger Starting RandomAccessFileManager /home/alex/Repositories/hive/beeline/target/tmp/alex/operation_logs/d14af34c-9b70-4a20-b0fd-bd7f9888a490/alex_20240424080557_416857d7-aa05-44d0-9a22-abb6a1f435d5
DEBUG StatusLogger Building Plugin[name=, class=org.apache.hadoop.hive.ql.log.LogDivertAppenderForTest$TestFilter].
DEBUG StatusLogger createFilter()
DEBUG StatusLogger Building Plugin[name=, class=org.apache.logging.log4j.core.layout.PatternLayout].
DEBUG StatusLogger PatternLayout$Builder(pattern="%-5p : %m%n", PatternSelector=null, Configuration(HiveLog4j2Test), Replace=null, charset="null", alwaysWriteExceptions="null", disableAnsi="null", noConsoleNoAnsi="null", header="null", footer="null")
DEBUG StatusLogger Building Plugin[name=appender, class=org.apache.hadoop.hive.ql.log.HushableRandomAccessFileAppender].
DEBUG StatusLogger createAppender(fileName="/home/alex/Repositories/hive/beeline/target/tmp/alex/operation_logs/d14af34c-9b70-4a20-b0fd-bd7f9888a490/alex_20240424080557_416857d7-aa05-44d0-9a22-abb6a1f435d5.test", append="null", name="test-query-file-appender", immediateFlush="null", bufferSize="null", ignoreExceptions="null", PatternLayout(org.apache.logging.log4j.core.layout.PatternLayout with name PatternLayout), test-filter(org.apache.hadoop.hive.ql.log.LogDivertAppenderForTest$TestFilter with name test-filter), advertise="null", advertiseURI="null", Configuration(HiveLog4j2Test))
DEBUG StatusLogger Starting RandomAccessFileManager /home/alex/Repositories/hive/beeline/target/tmp/alex/operation_logs/d14af34c-9b70-4a20-b0fd-bd7f9888a490/alex_20240424080557_416857d7-aa05-44d0-9a22-abb6a1f435d5.test
2024-04-24T08:05:57,617  INFO [d14af34c-9b70-4a20-b0fd-bd7f9888a490 main] operation.SQLOperation: [opType=EXECUTE_STATEMENT, queryId=alex_20240424080557_416857d7-aa05-44d0-9a22-abb6a1f435d5, startTime=1713971157609, sessionId=d14af34c-9b70-4a20-b0fd-bd7f9888a490, createTime=1713971157346, userName=null, ipAddress=null]
2024-04-24T08:05:57,618  INFO [d14af34c-9b70-4a20-b0fd-bd7f9888a490 main] ql.Driver: Compiling command(queryId=alex_20240424080557_416857d7-aa05-44d0-9a22-abb6a1f435d5): create table if not exists test.testSrcTbl3(sc3 string)
2024-04-24T08:05:57,734  INFO [d14af34c-9b70-4a20-b0fd-bd7f9888a490 main] parse.CalcitePlanner: Starting caching scope for: alex_20240424080557_416857d7-aa05-44d0-9a22-abb6a1f435d5
2024-04-24T08:05:57,738  INFO [d14af34c-9b70-4a20-b0fd-bd7f9888a490 main] parse.CalcitePlanner: Starting Semantic Analysis
2024-04-24T08:05:57,738  INFO [d14af34c-9b70-4a20-b0fd-bd7f9888a490 main] sqlstd.SQLStdHiveAccessController: Created SQLStdHiveAccessController for session context : HiveAuthzSessionContext [sessionString=d14af34c-9b70-4a20-b0fd-bd7f9888a490, clientType=HIVESERVER2]
2024-04-24T08:05:57,750  INFO [d14af34c-9b70-4a20-b0fd-bd7f9888a490 main] parse.CalcitePlanner: Creating table test.testSrcTbl3 position=27
2024-04-24T08:05:57,766  INFO [d14af34c-9b70-4a20-b0fd-bd7f9888a490 main] HiveMetaStore.audit: ugi=alex	ip=unknown-ip-addr	cmd=get_table : tbl=hive.test.testSrcTbl3	
2024-04-24T08:05:57,783  INFO [d14af34c-9b70-4a20-b0fd-bd7f9888a490 main] HiveMetaStore.audit: ugi=alex	ip=unknown-ip-addr	cmd=get_database: test	
2024-04-24T08:05:57,795  INFO [d14af34c-9b70-4a20-b0fd-bd7f9888a490 main] parse.CalcitePlanner: Ending caching scope for: alex_20240424080557_416857d7-aa05-44d0-9a22-abb6a1f435d5
2024-04-24T08:05:57,796  INFO [d14af34c-9b70-4a20-b0fd-bd7f9888a490 main] ql.Driver: Semantic Analysis Completed (retrial = false)
2024-04-24T08:05:57,796  INFO [d14af34c-9b70-4a20-b0fd-bd7f9888a490 main] ql.Driver: Created Hive schema: Schema(fieldSchemas:null, properties:null)
2024-04-24T08:05:57,796  INFO [d14af34c-9b70-4a20-b0fd-bd7f9888a490 main] metadata.Hive: Dumping metastore api call timing information for : compilation phase
2024-04-24T08:05:57,796  INFO [d14af34c-9b70-4a20-b0fd-bd7f9888a490 main] metadata.Hive: Total time spent in each metastore function (ms): {isCompatibleWith_(Configuration)=0, getDatabase_(String)=2, flushCache_()=1}
2024-04-24T08:05:57,796  INFO [d14af34c-9b70-4a20-b0fd-bd7f9888a490 main] ql.Driver: Completed compiling command(queryId=alex_20240424080557_416857d7-aa05-44d0-9a22-abb6a1f435d5); Time taken: 0.178 seconds
2024-04-24T08:05:57,797  INFO [d14af34c-9b70-4a20-b0fd-bd7f9888a490 main] common.LogUtils: Unregistered logging context.
2024-04-24T08:05:57,798  INFO [HiveServer2-Background-Pool: Thread-118] common.LogUtils: Thread context registration is done.
2024-04-24T08:05:57,798  INFO [HiveServer2-Background-Pool: Thread-118] reexec.ReExecDriver: Execution #1 of query
2024-04-24T08:05:57,798  INFO [HiveServer2-Background-Pool: Thread-118] ql.Driver: Concurrency mode is disabled, not creating a lock manager
2024-04-24T08:05:57,799  INFO [HiveServer2-Background-Pool: Thread-118] ql.Driver: Executing command(queryId=alex_20240424080557_416857d7-aa05-44d0-9a22-abb6a1f435d5): create table if not exists test.testSrcTbl3(sc3 string)
2024-04-24T08:05:57,799  INFO [HiveServer2-Background-Pool: Thread-118] ql.Driver: Starting task [Stage-0:DDL] in serial mode
2024-04-24T08:05:57,947  INFO [HiveServer2-Background-Pool: Thread-118] HiveMetaStore.audit: ugi=alex	ip=unknown-ip-addr	cmd=create_table_req: Table(tableName:testSrcTbl3, dbName:test, owner:alex, createTime:1713971157, lastAccessTime:0, retention:0, sd:StorageDescriptor(cols:[FieldSchema(name:sc3, type:string, comment:null)], location:null, inputFormat:org.apache.hadoop.mapred.TextInputFormat, outputFormat:org.apache.hadoop.hive.ql.io.HiveIgnoreKeyTextOutputFormat, compressed:false, numBuckets:-1, serdeInfo:SerDeInfo(name:null, serializationLib:org.apache.hadoop.hive.serde2.lazy.LazySimpleSerDe, parameters:{serialization.format=1}), bucketCols:[], sortCols:[], parameters:{}, skewedInfo:SkewedInfo(skewedColNames:[], skewedColValues:[], skewedColValueLocationMaps:{}), storedAsSubDirectories:false), partitionKeys:[], parameters:{totalSize=0, numRows=0, rawDataSize=0, COLUMN_STATS_ACCURATE={"BASIC_STATS":"true","COLUMN_STATS":{"sc3":"true"}}, numFiles=0, bucketing_version=2, numFilesErasureCoded=0}, viewOriginalText:null, viewExpandedText:null, tableType:MANAGED_TABLE, privileges:PrincipalPrivilegeSet(userPrivileges:{alex=[PrivilegeGrantInfo(privilege:INSERT, createTime:-1, grantor:alex, grantorType:USER, grantOption:true), PrivilegeGrantInfo(privilege:SELECT, createTime:-1, grantor:alex, grantorType:USER, grantOption:true), PrivilegeGrantInfo(privilege:UPDATE, createTime:-1, grantor:alex, grantorType:USER, grantOption:true), PrivilegeGrantInfo(privilege:DELETE, createTime:-1, grantor:alex, grantorType:USER, grantOption:true)]}, groupPrivileges:null, rolePrivileges:null), temporary:false, catName:hive, ownerType:USER)	
2024-04-24T08:05:57,947  INFO [HiveServer2-Background-Pool: Thread-118] metastore.HMSHandler: 4: Opening raw store with implementation class:org.apache.hadoop.hive.metastore.ObjectStore
2024-04-24T08:05:57,948  INFO [HiveServer2-Background-Pool: Thread-118] metastore.ObjectStore: RawStore: org.apache.hadoop.hive.metastore.ObjectStore@18d4a48e, with PersistenceManager: null will be shutdown
2024-04-24T08:05:57,949  INFO [HiveServer2-Background-Pool: Thread-118] metastore.ObjectStore: RawStore: org.apache.hadoop.hive.metastore.ObjectStore@18d4a48e, with PersistenceManager: org.datanucleus.api.jdo.JDOPersistenceManager@68307f1 created in the thread with id: 118
2024-04-24T08:05:57,953  INFO [HiveServer2-Background-Pool: Thread-118] metastore.HMSHandler: Created RawStore: org.apache.hadoop.hive.metastore.ObjectStore@18d4a48e from thread id: 118
2024-04-24T08:05:57,959  INFO [HiveServer2-Background-Pool: Thread-118] utils.FileUtils: Creating directory if it doesn't exist: file:/home/alex/Repositories/hive/beeline/target/tmp/warehouse/test.db/testsrctbl3
2024-04-24T08:05:58,102  INFO [HiveServer2-Background-Pool: Thread-118] metadata.Hive: Dumping metastore api call timing information for : execution phase
2024-04-24T08:05:58,102  INFO [HiveServer2-Background-Pool: Thread-118] metadata.Hive: Total time spent in each metastore function (ms): {isCompatibleWith_(Configuration)=1, createTable_(Table)=155}
2024-04-24T08:05:58,102  INFO [HiveServer2-Background-Pool: Thread-118] ql.Driver: Completed executing command(queryId=alex_20240424080557_416857d7-aa05-44d0-9a22-abb6a1f435d5); Time taken: 0.302 seconds
2024-04-24T08:05:58,102  INFO [HiveServer2-Background-Pool: Thread-118] common.LogUtils: Unregistered logging context.
2024-04-24T08:05:58,104  INFO [d14af34c-9b70-4a20-b0fd-bd7f9888a490 main] operation.OperationManager: Closing operation: OperationHandle [opType=EXECUTE_STATEMENT, getHandleIdentifier()=376485ba-cd12-438b-af37-399f2b17bb42]
2024-04-24T08:05:58,104  INFO [d14af34c-9b70-4a20-b0fd-bd7f9888a490 main] operation.OperationManager: Removed queryId: alex_20240424080557_416857d7-aa05-44d0-9a22-abb6a1f435d5 corresponding to operation: OperationHandle [opType=EXECUTE_STATEMENT, getHandleIdentifier()=376485ba-cd12-438b-af37-399f2b17bb42] with tag: null
2024-04-24T08:05:58,104  INFO [d14af34c-9b70-4a20-b0fd-bd7f9888a490 main] operation.SQLOperation: Closing operation log /home/alex/Repositories/hive/beeline/target/tmp/alex/operation_logs/d14af34c-9b70-4a20-b0fd-bd7f9888a490/alex_20240424080557_416857d7-aa05-44d0-9a22-abb6a1f435d5 without delay
2024-04-24T08:05:58,110  INFO [main] service.CompositeService: Session closed, SessionHandle [d14af34c-9b70-4a20-b0fd-bd7f9888a490], current sessions:0
2024-04-24T08:05:58,110  INFO [d14af34c-9b70-4a20-b0fd-bd7f9888a490 main] session.HiveSessionImpl: Operation log session directory is deleted: /home/alex/Repositories/hive/beeline/target/tmp/alex/operation_logs/d14af34c-9b70-4a20-b0fd-bd7f9888a490
2024-04-24T08:05:58,111  INFO [main] cleanup.EventualCleanupService: Delete /tmp/hive/alex/d14af34c-9b70-4a20-b0fd-bd7f9888a490 operation was queued
2024-04-24T08:05:58,111  INFO [main] cleanup.EventualCleanupService: Delete /home/alex/Repositories/hive/beeline/target/tmp/alex/d14af34c-9b70-4a20-b0fd-bd7f9888a490 operation was queued
2024-04-24T08:05:58,111  INFO [EventualCleanupService thread 0] cleanup.EventualCleanupService: Deleted /tmp/hive/alex/d14af34c-9b70-4a20-b0fd-bd7f9888a490
2024-04-24T08:05:58,111  INFO [EventualCleanupService thread 1] cleanup.EventualCleanupService: Deleted /home/alex/Repositories/hive/beeline/target/tmp/alex/d14af34c-9b70-4a20-b0fd-bd7f9888a490
2024-04-24T08:05:58,112  INFO [main] HiveMetaStore.audit: ugi=alex	ip=unknown-ip-addr	cmd=Cleaning up thread local RawStore...	
2024-04-24T08:05:58,112  INFO [main] metastore.ObjectStore: RawStore: org.apache.hadoop.hive.metastore.ObjectStore@e2b3026, with PersistenceManager: org.datanucleus.api.jdo.JDOPersistenceManager@38bc5ac0 will be shutdown
2024-04-24T08:05:58,112  INFO [main] HiveMetaStore.audit: ugi=alex	ip=unknown-ip-addr	cmd=Done cleaning up thread local RawStore	
2024-04-24T08:05:58,112  INFO [main] metastore.HiveMetaStoreClient: Closed a connection to metastore, current connections: -4
]]></system-err>
  </testcase>
  <testcase name="testSourceCmd3" classname="org.apache.hive.beeline.cli.TestHiveCli" time="0.785">
    <failure type="java.lang.AssertionError"><![CDATA[java.lang.AssertionError: Supported return code is 2 while the actual is 0
	at org.junit.Assert.fail(Assert.java:89)
	at org.apache.hive.beeline.cli.TestHiveCli.executeCMD(TestHiveCli.java:256)
	at org.apache.hive.beeline.cli.TestHiveCli.verifyCMD(TestHiveCli.java:266)
	at org.apache.hive.beeline.cli.TestHiveCli.testSourceCmd3(TestHiveCli.java:130)
	at sun.reflect.NativeMethodAccessorImpl.invoke0(Native Method)
	at sun.reflect.NativeMethodAccessorImpl.invoke(NativeMethodAccessorImpl.java:62)
	at sun.reflect.DelegatingMethodAccessorImpl.invoke(DelegatingMethodAccessorImpl.java:43)
	at java.lang.reflect.Method.invoke(Method.java:498)
	at org.junit.runners.model.FrameworkMethod$1.runReflectiveCall(FrameworkMethod.java:59)
	at org.junit.internal.runners.model.ReflectiveCallable.run(ReflectiveCallable.java:12)
	at org.junit.runners.model.FrameworkMethod.invokeExplosively(FrameworkMethod.java:56)
	at org.junit.internal.runners.statements.InvokeMethod.evaluate(InvokeMethod.java:17)
	at org.junit.internal.runners.statements.RunBefores.evaluate(RunBefores.java:26)
	at org.junit.internal.runners.statements.RunAfters.evaluate(RunAfters.java:27)
	at org.junit.runners.ParentRunner$3.evaluate(ParentRunner.java:306)
	at org.junit.runners.BlockJUnit4ClassRunner$1.evaluate(BlockJUnit4ClassRunner.java:100)
	at org.junit.runners.ParentRunner.runLeaf(ParentRunner.java:366)
	at org.junit.runners.BlockJUnit4ClassRunner.runChild(BlockJUnit4ClassRunner.java:103)
	at org.junit.runners.BlockJUnit4ClassRunner.runChild(BlockJUnit4ClassRunner.java:63)
	at org.junit.runners.ParentRunner$4.run(ParentRunner.java:331)
	at org.junit.runners.ParentRunner$1.schedule(ParentRunner.java:79)
	at org.junit.runners.ParentRunner.runChildren(ParentRunner.java:329)
	at org.junit.runners.ParentRunner.access$100(ParentRunner.java:66)
	at org.junit.runners.ParentRunner$2.evaluate(ParentRunner.java:293)
	at org.junit.internal.runners.statements.RunBefores.evaluate(RunBefores.java:26)
	at org.junit.runners.ParentRunner$3.evaluate(ParentRunner.java:306)
	at org.junit.runners.ParentRunner.run(ParentRunner.java:413)
	at org.junit.runner.JUnitCore.run(JUnitCore.java:137)
	at org.junit.runner.JUnitCore.run(JUnitCore.java:115)
	at org.junit.vintage.engine.execution.RunnerExecutor.execute(RunnerExecutor.java:43)
	at java.util.stream.ForEachOps$ForEachOp$OfRef.accept(ForEachOps.java:183)
	at java.util.stream.ReferencePipeline$3$1.accept(ReferencePipeline.java:193)
	at java.util.Iterator.forEachRemaining(Iterator.java:116)
	at java.util.Spliterators$IteratorSpliterator.forEachRemaining(Spliterators.java:1801)
	at java.util.stream.AbstractPipeline.copyInto(AbstractPipeline.java:482)
	at java.util.stream.AbstractPipeline.wrapAndCopyInto(AbstractPipeline.java:472)
	at java.util.stream.ForEachOps$ForEachOp.evaluateSequential(ForEachOps.java:150)
	at java.util.stream.ForEachOps$ForEachOp$OfRef.evaluateSequential(ForEachOps.java:173)
	at java.util.stream.AbstractPipeline.evaluate(AbstractPipeline.java:234)
	at java.util.stream.ReferencePipeline.forEach(ReferencePipeline.java:485)
	at org.junit.vintage.engine.VintageTestEngine.executeAllChildren(VintageTestEngine.java:82)
	at org.junit.vintage.engine.VintageTestEngine.execute(VintageTestEngine.java:73)
	at org.junit.platform.launcher.core.DefaultLauncher.execute(DefaultLauncher.java:248)
	at org.junit.platform.launcher.core.DefaultLauncher.lambda$execute$5(DefaultLauncher.java:211)
	at org.junit.platform.launcher.core.DefaultLauncher.withInterceptedStreams(DefaultLauncher.java:226)
	at org.junit.platform.launcher.core.DefaultLauncher.execute(DefaultLauncher.java:199)
	at org.junit.platform.launcher.core.DefaultLauncher.execute(DefaultLauncher.java:132)
	at org.apache.maven.surefire.junitplatform.JUnitPlatformProvider.invokeAllTests(JUnitPlatformProvider.java:154)
	at org.apache.maven.surefire.junitplatform.JUnitPlatformProvider.invoke(JUnitPlatformProvider.java:123)
	at org.apache.maven.surefire.booter.ForkedBooter.runSuitesInProcess(ForkedBooter.java:377)
	at org.apache.maven.surefire.booter.ForkedBooter.execute(ForkedBooter.java:138)
	at org.apache.maven.surefire.booter.ForkedBooter.run(ForkedBooter.java:465)
	at org.apache.maven.surefire.booter.ForkedBooter.main(ForkedBooter.java:451)
]]></failure>
    <system-err><![CDATA[2024-04-24T08:05:58,114 ERROR [main] cli.TestHiveCli: Failed to execute command due to the error: java.lang.NullPointerException: Null output stream
2024-04-24T08:05:58,172  WARN [main] conf.HiveConf: HiveConf of name hive.dummyparam.test.server.specific.config.override does not exist
2024-04-24T08:05:58,173  WARN [main] conf.HiveConf: HiveConf of name hive.dummyparam.test.server.specific.config.hiveserver2site does not exist
2024-04-24T08:05:58,173  WARN [main] conf.HiveConf: HiveConf of name hive.dummyparam.test.server.specific.config.metastoresite does not exist
2024-04-24T08:05:58,174  INFO [main] SessionState: Hive Session ID = ea0e1630-931c-4810-9466-0c0961fbbca9
2024-04-24T08:05:58,175  INFO [main] DependencyResolver: ivysettings.xml file not found in HIVE_HOME or HIVE_CONF_DIR,/home/alex/Repositories/hive/conf/ivysettings.xml will be used
2024-04-24T08:05:58,184  INFO [main] session.SessionState: Created HDFS directory: /tmp/hive/alex/ea0e1630-931c-4810-9466-0c0961fbbca9
2024-04-24T08:05:58,189  INFO [main] session.SessionState: Created local directory: /home/alex/Repositories/hive/beeline/target/tmp/alex/ea0e1630-931c-4810-9466-0c0961fbbca9
2024-04-24T08:05:58,195  INFO [main] session.SessionState: Created HDFS directory: /tmp/hive/alex/ea0e1630-931c-4810-9466-0c0961fbbca9/_tmp_space.db
2024-04-24T08:05:58,195  INFO [main] sqlstd.SQLStdHiveAccessController: Created SQLStdHiveAccessController for session context : HiveAuthzSessionContext [sessionString=ea0e1630-931c-4810-9466-0c0961fbbca9, clientType=HIVESERVER2]
2024-04-24T08:05:58,196  INFO [main] metastore.HiveMetaStoreClient: HMS client filtering is enabled.
2024-04-24T08:05:58,197  INFO [main] metastore.HMSHandler: 0: Opening raw store with implementation class:org.apache.hadoop.hive.metastore.ObjectStore
2024-04-24T08:05:58,198  INFO [main] metastore.PersistenceManagerProvider: Configuration datanucleus.autoStartMechanismMode is not set. Defaulting to 'ignored'
2024-04-24T08:05:58,199  INFO [main] metastore.ObjectStore: RawStore: org.apache.hadoop.hive.metastore.ObjectStore@44b9c7c4, with PersistenceManager: null will be shutdown
2024-04-24T08:05:58,199  INFO [main] metastore.ObjectStore: RawStore: org.apache.hadoop.hive.metastore.ObjectStore@44b9c7c4, with PersistenceManager: org.datanucleus.api.jdo.JDOPersistenceManager@674184d created in the thread with id: 1
2024-04-24T08:05:58,218  INFO [main] metastore.HMSHandler: Created RawStore: org.apache.hadoop.hive.metastore.ObjectStore@44b9c7c4 from thread id: 1
2024-04-24T08:05:58,218  INFO [main] metastore.HMSHandler: HMS server filtering is disabled by configuration
2024-04-24T08:05:58,219  INFO [main] metastore.RetryingMetaStoreClient: RetryingMetaStoreClient proxy=class org.apache.hadoop.hive.ql.metadata.SessionHiveMetaStoreClient ugi=alex (auth:SIMPLE) retries=1 delay=1 lifetime=0
2024-04-24T08:05:58,219  INFO [main] service.CompositeService: Operation log root directory is created: /home/alex/Repositories/hive/beeline/target/tmp/alex/operation_logs
2024-04-24T08:05:58,220  INFO [main] service.CompositeService: HiveServer2: Background operation thread pool size: 100
2024-04-24T08:05:58,220  INFO [main] service.CompositeService: HiveServer2: Background operation thread wait queue size: 100
2024-04-24T08:05:58,220  INFO [main] service.CompositeService: HiveServer2: Background operation thread keepalive time: 10 seconds
2024-04-24T08:05:58,220  INFO [main] service.CompositeService: Connections limit are user: 0 ipaddress: 0 user-ipaddress: 0
2024-04-24T08:05:58,222  INFO [main] cleanup.EventualCleanupService: EventualCleanupService started with 10 threads and queue of size 10000
ERROR StatusLogger Log4j2 ConfigurationScheduler attempted to increment scheduled items after start
ERROR StatusLogger Log4j2 ConfigurationScheduler attempted to increment scheduled items after start
2024-04-24T08:05:58,225  INFO [main] service.AbstractService: Service:OperationManager is inited.
2024-04-24T08:05:58,225  INFO [main] service.AbstractService: Service:SessionManager is inited.
2024-04-24T08:05:58,225  INFO [main] service.AbstractService: Service:CLIService is inited.
2024-04-24T08:05:58,225  INFO [main] service.AbstractService: Service:OperationManager is started.
2024-04-24T08:05:58,225  INFO [main] service.AbstractService: Service:SessionManager is started.
2024-04-24T08:05:58,225  INFO [main] service.AbstractService: Service:CLIService is started.
2024-04-24T08:05:58,225  INFO [main] service.AbstractService: Service:ThriftBinaryCLIService is inited.
2024-04-24T08:05:58,226  INFO [main] thrift.ThriftCLIService: Client protocol version: HIVE_CLI_SERVICE_PROTOCOL_V10
2024-04-24T08:05:58,226  INFO [main] thrift.ThriftCLIService: Creating Hive session handle for user [null] from IP null
2024-04-24T08:05:58,227  INFO [main] DependencyResolver: ivysettings.xml file not found in HIVE_HOME or HIVE_CONF_DIR,/home/alex/Repositories/hive/conf/ivysettings.xml will be used
2024-04-24T08:05:58,238  INFO [main] session.SessionState: Created HDFS directory: /tmp/hive/alex/4746cded-e8d3-4d3d-8654-ba12692d9f6b
2024-04-24T08:05:58,242  INFO [main] session.SessionState: Created local directory: /home/alex/Repositories/hive/beeline/target/tmp/alex/4746cded-e8d3-4d3d-8654-ba12692d9f6b
2024-04-24T08:05:58,247  INFO [main] session.SessionState: Created HDFS directory: /tmp/hive/alex/4746cded-e8d3-4d3d-8654-ba12692d9f6b/_tmp_space.db
2024-04-24T08:05:58,247  INFO [main] session.SessionState: Reloading auxiliary JAR files
2024-04-24T08:05:58,247  WARN [main] session.SessionState: Configuration hive.reloadable.aux.jars.path not specified
2024-04-24T08:05:58,248  INFO [main] HiveMetaStore.audit: ugi=alex	ip=unknown-ip-addr	cmd=Cleaning up thread local RawStore...	
2024-04-24T08:05:58,248  INFO [main] metastore.ObjectStore: RawStore: org.apache.hadoop.hive.metastore.ObjectStore@44b9c7c4, with PersistenceManager: org.datanucleus.api.jdo.JDOPersistenceManager@674184d will be shutdown
2024-04-24T08:05:58,248  INFO [main] HiveMetaStore.audit: ugi=alex	ip=unknown-ip-addr	cmd=Done cleaning up thread local RawStore	
2024-04-24T08:05:58,248  INFO [main] metastore.HiveMetaStoreClient: Closed a connection to metastore, current connections: -5
2024-04-24T08:05:58,248  INFO [main] session.HiveSessionImpl: Operation log session directory is created: /home/alex/Repositories/hive/beeline/target/tmp/alex/operation_logs/4746cded-e8d3-4d3d-8654-ba12692d9f6b
2024-04-24T08:05:58,248  INFO [main] service.CompositeService: Session opened, SessionHandle [4746cded-e8d3-4d3d-8654-ba12692d9f6b], current sessions:1
2024-04-24T08:05:58,248  INFO [main] thrift.ThriftCLIService: Login attempt is successful for user : null
2024-04-24T08:05:58,330  WARN [main] conf.HiveConf: HiveConf of name hive.dummyparam.test.server.specific.config.override does not exist
2024-04-24T08:05:58,331  WARN [main] conf.HiveConf: HiveConf of name hive.dummyparam.test.server.specific.config.hiveserver2site does not exist
2024-04-24T08:05:58,331  WARN [main] conf.HiveConf: HiveConf of name hive.dummyparam.test.server.specific.config.metastoresite does not exist
2024-04-24T08:05:58,332  INFO [4746cded-e8d3-4d3d-8654-ba12692d9f6b main] session.HiveSessionImpl: executing set
2024-04-24T08:05:58,333  INFO [4746cded-e8d3-4d3d-8654-ba12692d9f6b main] operation.HiveCommandOperation: Putting temp output to file /home/alex/Repositories/hive/beeline/target/tmp/alex/4746cded-e8d3-4d3d-8654-ba12692d9f6b7067932484279289906.pipeout and error output to file /home/alex/Repositories/hive/beeline/target/tmp/alex/4746cded-e8d3-4d3d-8654-ba12692d9f6b8753168947806863142.pipeout
2024-04-24T08:05:58,334  INFO [4746cded-e8d3-4d3d-8654-ba12692d9f6b main] operation.OperationManager: Adding operation: OperationHandle [opType=EXECUTE_STATEMENT, getHandleIdentifier()=7217ebb0-c538-4b0b-851c-d9e428a70192] SessionHandle [4746cded-e8d3-4d3d-8654-ba12692d9f6b]
2024-04-24T08:05:58,334  INFO [4746cded-e8d3-4d3d-8654-ba12692d9f6b main] common.LogUtils: Thread context registration is done.
DEBUG StatusLogger Building Plugin[name=filter, class=org.apache.hadoop.hive.ql.log.LogDivertAppender$NameFilter].
DEBUG StatusLogger createFilter(loggingLevel="EXECUTION")
DEBUG StatusLogger Building Plugin[name=layout, class=org.apache.logging.log4j.core.layout.PatternLayout].
DEBUG StatusLogger PatternLayout$Builder(pattern="%-5p : %m%n", PatternSelector=null, Configuration(HiveLog4j2Test), Replace=null, charset="null", alwaysWriteExceptions="null", disableAnsi="null", noConsoleNoAnsi="null", header="null", footer="null")
DEBUG StatusLogger Building Plugin[name=appender, class=org.apache.hadoop.hive.ql.log.HushableRandomAccessFileAppender].
DEBUG StatusLogger createAppender(fileName="/home/alex/Repositories/hive/beeline/target/tmp/alex/operation_logs/4746cded-e8d3-4d3d-8654-ba12692d9f6b/alex_20240424080558_8e084b30-2d62-4a7f-b0c5-2b7e4f206ec1", append="null", name="query-file-appender", immediateFlush="null", bufferSize="null", ignoreExceptions="null", PatternLayout(org.apache.logging.log4j.core.layout.PatternLayout with name PatternLayout), NameFilter(org.apache.hadoop.hive.ql.log.LogDivertAppender$NameFilter with name NameFilter), advertise="null", advertiseURI="null", Configuration(HiveLog4j2Test))
DEBUG StatusLogger Starting RandomAccessFileManager /home/alex/Repositories/hive/beeline/target/tmp/alex/operation_logs/4746cded-e8d3-4d3d-8654-ba12692d9f6b/alex_20240424080558_8e084b30-2d62-4a7f-b0c5-2b7e4f206ec1
DEBUG StatusLogger Building Plugin[name=, class=org.apache.hadoop.hive.ql.log.LogDivertAppenderForTest$TestFilter].
DEBUG StatusLogger createFilter()
DEBUG StatusLogger Building Plugin[name=, class=org.apache.logging.log4j.core.layout.PatternLayout].
DEBUG StatusLogger PatternLayout$Builder(pattern="%-5p : %m%n", PatternSelector=null, Configuration(HiveLog4j2Test), Replace=null, charset="null", alwaysWriteExceptions="null", disableAnsi="null", noConsoleNoAnsi="null", header="null", footer="null")
DEBUG StatusLogger Building Plugin[name=appender, class=org.apache.hadoop.hive.ql.log.HushableRandomAccessFileAppender].
DEBUG StatusLogger createAppender(fileName="/home/alex/Repositories/hive/beeline/target/tmp/alex/operation_logs/4746cded-e8d3-4d3d-8654-ba12692d9f6b/alex_20240424080558_8e084b30-2d62-4a7f-b0c5-2b7e4f206ec1.test", append="null", name="test-query-file-appender", immediateFlush="null", bufferSize="null", ignoreExceptions="null", PatternLayout(org.apache.logging.log4j.core.layout.PatternLayout with name PatternLayout), test-filter(org.apache.hadoop.hive.ql.log.LogDivertAppenderForTest$TestFilter with name test-filter), advertise="null", advertiseURI="null", Configuration(HiveLog4j2Test))
DEBUG StatusLogger Starting RandomAccessFileManager /home/alex/Repositories/hive/beeline/target/tmp/alex/operation_logs/4746cded-e8d3-4d3d-8654-ba12692d9f6b/alex_20240424080558_8e084b30-2d62-4a7f-b0c5-2b7e4f206ec1.test
2024-04-24T08:05:58,340  INFO [4746cded-e8d3-4d3d-8654-ba12692d9f6b main] operation.HiveCommandOperation: [opType=EXECUTE_STATEMENT, queryId=alex_20240424080558_8e084b30-2d62-4a7f-b0c5-2b7e4f206ec1, startTime=1713971158333, sessionId=4746cded-e8d3-4d3d-8654-ba12692d9f6b, createTime=1713971158226, userName=null, ipAddress=null]
2024-04-24T08:05:58,356  INFO [4746cded-e8d3-4d3d-8654-ba12692d9f6b main] common.LogUtils: Unregistered logging context.
2024-04-24T08:05:58,362  INFO [4746cded-e8d3-4d3d-8654-ba12692d9f6b main] operation.OperationManager: Closing operation: OperationHandle [opType=EXECUTE_STATEMENT, getHandleIdentifier()=7217ebb0-c538-4b0b-851c-d9e428a70192]
2024-04-24T08:05:58,362  INFO [4746cded-e8d3-4d3d-8654-ba12692d9f6b main] operation.OperationManager: Removed queryId: alex_20240424080558_8e084b30-2d62-4a7f-b0c5-2b7e4f206ec1 corresponding to operation: OperationHandle [opType=EXECUTE_STATEMENT, getHandleIdentifier()=7217ebb0-c538-4b0b-851c-d9e428a70192] with tag: null
2024-04-24T08:05:58,363  INFO [4746cded-e8d3-4d3d-8654-ba12692d9f6b main] operation.HiveCommandOperation: Closing operation log /home/alex/Repositories/hive/beeline/target/tmp/alex/operation_logs/4746cded-e8d3-4d3d-8654-ba12692d9f6b/alex_20240424080558_8e084b30-2d62-4a7f-b0c5-2b7e4f206ec1 without delay
2024-04-24T08:05:58,369  INFO [4746cded-e8d3-4d3d-8654-ba12692d9f6b main] session.HiveSessionImpl: executing use test
2024-04-24T08:05:58,370  INFO [4746cded-e8d3-4d3d-8654-ba12692d9f6b main] operation.OperationManager: Adding operation: OperationHandle [opType=EXECUTE_STATEMENT, getHandleIdentifier()=ae3f8003-8c98-4710-8c5b-60fcbf22a88b] SessionHandle [4746cded-e8d3-4d3d-8654-ba12692d9f6b]
2024-04-24T08:05:58,370  INFO [4746cded-e8d3-4d3d-8654-ba12692d9f6b main] common.LogUtils: Thread context registration is done.
DEBUG StatusLogger Building Plugin[name=filter, class=org.apache.hadoop.hive.ql.log.LogDivertAppender$NameFilter].
DEBUG StatusLogger createFilter(loggingLevel="EXECUTION")
DEBUG StatusLogger Building Plugin[name=layout, class=org.apache.logging.log4j.core.layout.PatternLayout].
DEBUG StatusLogger PatternLayout$Builder(pattern="%-5p : %m%n", PatternSelector=null, Configuration(HiveLog4j2Test), Replace=null, charset="null", alwaysWriteExceptions="null", disableAnsi="null", noConsoleNoAnsi="null", header="null", footer="null")
DEBUG StatusLogger Building Plugin[name=appender, class=org.apache.hadoop.hive.ql.log.HushableRandomAccessFileAppender].
DEBUG StatusLogger createAppender(fileName="/home/alex/Repositories/hive/beeline/target/tmp/alex/operation_logs/4746cded-e8d3-4d3d-8654-ba12692d9f6b/alex_20240424080558_33a46fec-26ed-4da1-b8aa-b571ceb9abe2", append="null", name="query-file-appender", immediateFlush="null", bufferSize="null", ignoreExceptions="null", PatternLayout(org.apache.logging.log4j.core.layout.PatternLayout with name PatternLayout), NameFilter(org.apache.hadoop.hive.ql.log.LogDivertAppender$NameFilter with name NameFilter), advertise="null", advertiseURI="null", Configuration(HiveLog4j2Test))
DEBUG StatusLogger Starting RandomAccessFileManager /home/alex/Repositories/hive/beeline/target/tmp/alex/operation_logs/4746cded-e8d3-4d3d-8654-ba12692d9f6b/alex_20240424080558_33a46fec-26ed-4da1-b8aa-b571ceb9abe2
DEBUG StatusLogger Building Plugin[name=, class=org.apache.hadoop.hive.ql.log.LogDivertAppenderForTest$TestFilter].
DEBUG StatusLogger createFilter()
DEBUG StatusLogger Building Plugin[name=, class=org.apache.logging.log4j.core.layout.PatternLayout].
DEBUG StatusLogger PatternLayout$Builder(pattern="%-5p : %m%n", PatternSelector=null, Configuration(HiveLog4j2Test), Replace=null, charset="null", alwaysWriteExceptions="null", disableAnsi="null", noConsoleNoAnsi="null", header="null", footer="null")
DEBUG StatusLogger Building Plugin[name=appender, class=org.apache.hadoop.hive.ql.log.HushableRandomAccessFileAppender].
DEBUG StatusLogger createAppender(fileName="/home/alex/Repositories/hive/beeline/target/tmp/alex/operation_logs/4746cded-e8d3-4d3d-8654-ba12692d9f6b/alex_20240424080558_33a46fec-26ed-4da1-b8aa-b571ceb9abe2.test", append="null", name="test-query-file-appender", immediateFlush="null", bufferSize="null", ignoreExceptions="null", PatternLayout(org.apache.logging.log4j.core.layout.PatternLayout with name PatternLayout), test-filter(org.apache.hadoop.hive.ql.log.LogDivertAppenderForTest$TestFilter with name test-filter), advertise="null", advertiseURI="null", Configuration(HiveLog4j2Test))
DEBUG StatusLogger Starting RandomAccessFileManager /home/alex/Repositories/hive/beeline/target/tmp/alex/operation_logs/4746cded-e8d3-4d3d-8654-ba12692d9f6b/alex_20240424080558_33a46fec-26ed-4da1-b8aa-b571ceb9abe2.test
2024-04-24T08:05:58,379  INFO [4746cded-e8d3-4d3d-8654-ba12692d9f6b main] operation.SQLOperation: [opType=EXECUTE_STATEMENT, queryId=alex_20240424080558_33a46fec-26ed-4da1-b8aa-b571ceb9abe2, startTime=1713971158369, sessionId=4746cded-e8d3-4d3d-8654-ba12692d9f6b, createTime=1713971158226, userName=null, ipAddress=null]
2024-04-24T08:05:58,381  INFO [4746cded-e8d3-4d3d-8654-ba12692d9f6b main] ql.Driver: Compiling command(queryId=alex_20240424080558_33a46fec-26ed-4da1-b8aa-b571ceb9abe2): use test
2024-04-24T08:05:58,385  INFO [4746cded-e8d3-4d3d-8654-ba12692d9f6b main] metastore.HiveMetaStoreClient: HMS client filtering is enabled.
2024-04-24T08:05:58,386  INFO [4746cded-e8d3-4d3d-8654-ba12692d9f6b main] metastore.HMSHandler: 0: Opening raw store with implementation class:org.apache.hadoop.hive.metastore.ObjectStore
2024-04-24T08:05:58,386  INFO [4746cded-e8d3-4d3d-8654-ba12692d9f6b main] metastore.PersistenceManagerProvider: Configuration datanucleus.autoStartMechanismMode is not set. Defaulting to 'ignored'
2024-04-24T08:05:58,387  INFO [4746cded-e8d3-4d3d-8654-ba12692d9f6b main] metastore.ObjectStore: RawStore: org.apache.hadoop.hive.metastore.ObjectStore@5ad57e90, with PersistenceManager: null will be shutdown
2024-04-24T08:05:58,388  INFO [4746cded-e8d3-4d3d-8654-ba12692d9f6b main] metastore.ObjectStore: RawStore: org.apache.hadoop.hive.metastore.ObjectStore@5ad57e90, with PersistenceManager: org.datanucleus.api.jdo.JDOPersistenceManager@1a345298 created in the thread with id: 1
2024-04-24T08:05:58,393  INFO [4746cded-e8d3-4d3d-8654-ba12692d9f6b main] metastore.HMSHandler: Created RawStore: org.apache.hadoop.hive.metastore.ObjectStore@5ad57e90 from thread id: 1
2024-04-24T08:05:58,394  INFO [4746cded-e8d3-4d3d-8654-ba12692d9f6b main] metastore.HMSHandler: HMS server filtering is disabled by configuration
2024-04-24T08:05:58,394  INFO [4746cded-e8d3-4d3d-8654-ba12692d9f6b main] metastore.RetryingMetaStoreClient: RetryingMetaStoreClient proxy=class org.apache.hadoop.hive.ql.metadata.SessionHiveMetaStoreClient ugi=alex (auth:SIMPLE) retries=1 delay=1 lifetime=0
2024-04-24T08:05:58,395  INFO [4746cded-e8d3-4d3d-8654-ba12692d9f6b main] HiveMetaStore.audit: ugi=alex	ip=unknown-ip-addr	cmd=get_database: test	
2024-04-24T08:05:58,396  INFO [4746cded-e8d3-4d3d-8654-ba12692d9f6b main] ql.Driver: Semantic Analysis Completed (retrial = false)
2024-04-24T08:05:58,396  INFO [4746cded-e8d3-4d3d-8654-ba12692d9f6b main] ql.Driver: Created Hive schema: Schema(fieldSchemas:null, properties:null)
2024-04-24T08:05:58,396  INFO [4746cded-e8d3-4d3d-8654-ba12692d9f6b main] metadata.Hive: Dumping metastore api call timing information for : compilation phase
2024-04-24T08:05:58,396  INFO [4746cded-e8d3-4d3d-8654-ba12692d9f6b main] metadata.Hive: Total time spent in each metastore function (ms): {isCompatibleWith_(Configuration)=0, getDatabase_(String)=2, flushCache_()=0}
2024-04-24T08:05:58,396  INFO [4746cded-e8d3-4d3d-8654-ba12692d9f6b main] ql.Driver: Completed compiling command(queryId=alex_20240424080558_33a46fec-26ed-4da1-b8aa-b571ceb9abe2); Time taken: 0.015 seconds
2024-04-24T08:05:58,396  INFO [4746cded-e8d3-4d3d-8654-ba12692d9f6b main] common.LogUtils: Unregistered logging context.
2024-04-24T08:05:58,397  INFO [HiveServer2-Background-Pool: Thread-142] common.LogUtils: Thread context registration is done.
2024-04-24T08:05:58,398  INFO [HiveServer2-Background-Pool: Thread-142] reexec.ReExecDriver: Execution #1 of query
2024-04-24T08:05:58,398  INFO [HiveServer2-Background-Pool: Thread-142] ql.Driver: Concurrency mode is disabled, not creating a lock manager
2024-04-24T08:05:58,398  INFO [HiveServer2-Background-Pool: Thread-142] ql.Driver: Executing command(queryId=alex_20240424080558_33a46fec-26ed-4da1-b8aa-b571ceb9abe2): use test
2024-04-24T08:05:58,398  INFO [HiveServer2-Background-Pool: Thread-142] ql.Driver: Starting task [Stage-0:DDL] in serial mode
2024-04-24T08:05:58,401  INFO [HiveServer2-Background-Pool: Thread-142] HiveMetaStore.audit: ugi=alex	ip=unknown-ip-addr	cmd=get_database: test	
2024-04-24T08:05:58,402  INFO [HiveServer2-Background-Pool: Thread-142] metastore.HMSHandler: 5: Opening raw store with implementation class:org.apache.hadoop.hive.metastore.ObjectStore
2024-04-24T08:05:58,403  INFO [HiveServer2-Background-Pool: Thread-142] metastore.ObjectStore: RawStore: org.apache.hadoop.hive.metastore.ObjectStore@4d77ebcd, with PersistenceManager: null will be shutdown
2024-04-24T08:05:58,403  INFO [HiveServer2-Background-Pool: Thread-142] metastore.ObjectStore: RawStore: org.apache.hadoop.hive.metastore.ObjectStore@4d77ebcd, with PersistenceManager: org.datanucleus.api.jdo.JDOPersistenceManager@8756c07 created in the thread with id: 142
2024-04-24T08:05:58,411  INFO [HiveServer2-Background-Pool: Thread-142] metastore.HMSHandler: Created RawStore: org.apache.hadoop.hive.metastore.ObjectStore@4d77ebcd from thread id: 142
2024-04-24T08:05:58,413  INFO [HiveServer2-Background-Pool: Thread-142] HiveMetaStore.audit: ugi=alex	ip=unknown-ip-addr	cmd=get_database: test	
2024-04-24T08:05:58,415  INFO [HiveServer2-Background-Pool: Thread-142] metadata.Hive: Dumping metastore api call timing information for : execution phase
2024-04-24T08:05:58,415  INFO [HiveServer2-Background-Pool: Thread-142] metadata.Hive: Total time spent in each metastore function (ms): {isCompatibleWith_(Configuration)=0, getDatabase_(String)=15}
2024-04-24T08:05:58,415  INFO [HiveServer2-Background-Pool: Thread-142] ql.Driver: Completed executing command(queryId=alex_20240424080558_33a46fec-26ed-4da1-b8aa-b571ceb9abe2); Time taken: 0.017 seconds
2024-04-24T08:05:58,416  INFO [HiveServer2-Background-Pool: Thread-142] common.LogUtils: Unregistered logging context.
2024-04-24T08:05:58,423  INFO [4746cded-e8d3-4d3d-8654-ba12692d9f6b main] operation.OperationManager: Closing operation: OperationHandle [opType=EXECUTE_STATEMENT, getHandleIdentifier()=ae3f8003-8c98-4710-8c5b-60fcbf22a88b]
2024-04-24T08:05:58,424  INFO [4746cded-e8d3-4d3d-8654-ba12692d9f6b main] operation.OperationManager: Removed queryId: alex_20240424080558_33a46fec-26ed-4da1-b8aa-b571ceb9abe2 corresponding to operation: OperationHandle [opType=EXECUTE_STATEMENT, getHandleIdentifier()=ae3f8003-8c98-4710-8c5b-60fcbf22a88b] with tag: null
2024-04-24T08:05:58,424  INFO [4746cded-e8d3-4d3d-8654-ba12692d9f6b main] operation.SQLOperation: Closing operation log /home/alex/Repositories/hive/beeline/target/tmp/alex/operation_logs/4746cded-e8d3-4d3d-8654-ba12692d9f6b/alex_20240424080558_33a46fec-26ed-4da1-b8aa-b571ceb9abe2 without delay
2024-04-24T08:05:58,514  WARN [main] conf.HiveConf: HiveConf of name hive.dummyparam.test.server.specific.config.override does not exist
2024-04-24T08:05:58,514  WARN [main] conf.HiveConf: HiveConf of name hive.dummyparam.test.server.specific.config.hiveserver2site does not exist
2024-04-24T08:05:58,515  WARN [main] conf.HiveConf: HiveConf of name hive.dummyparam.test.server.specific.config.metastoresite does not exist
2024-04-24T08:05:58,515  INFO [4746cded-e8d3-4d3d-8654-ba12692d9f6b main] session.HiveSessionImpl: executing set
2024-04-24T08:05:58,516  INFO [4746cded-e8d3-4d3d-8654-ba12692d9f6b main] operation.HiveCommandOperation: Putting temp output to file /home/alex/Repositories/hive/beeline/target/tmp/alex/4746cded-e8d3-4d3d-8654-ba12692d9f6b7067932484279289906.pipeout and error output to file /home/alex/Repositories/hive/beeline/target/tmp/alex/4746cded-e8d3-4d3d-8654-ba12692d9f6b8753168947806863142.pipeout
2024-04-24T08:05:58,516  INFO [4746cded-e8d3-4d3d-8654-ba12692d9f6b main] operation.OperationManager: Adding operation: OperationHandle [opType=EXECUTE_STATEMENT, getHandleIdentifier()=02cbfdb7-9111-4393-b91f-b81e21b12aa5] SessionHandle [4746cded-e8d3-4d3d-8654-ba12692d9f6b]
2024-04-24T08:05:58,516  INFO [4746cded-e8d3-4d3d-8654-ba12692d9f6b main] common.LogUtils: Thread context registration is done.
DEBUG StatusLogger Building Plugin[name=filter, class=org.apache.hadoop.hive.ql.log.LogDivertAppender$NameFilter].
DEBUG StatusLogger createFilter(loggingLevel="EXECUTION")
DEBUG StatusLogger Building Plugin[name=layout, class=org.apache.logging.log4j.core.layout.PatternLayout].
DEBUG StatusLogger PatternLayout$Builder(pattern="%-5p : %m%n", PatternSelector=null, Configuration(HiveLog4j2Test), Replace=null, charset="null", alwaysWriteExceptions="null", disableAnsi="null", noConsoleNoAnsi="null", header="null", footer="null")
DEBUG StatusLogger Building Plugin[name=appender, class=org.apache.hadoop.hive.ql.log.HushableRandomAccessFileAppender].
DEBUG StatusLogger createAppender(fileName="/home/alex/Repositories/hive/beeline/target/tmp/alex/operation_logs/4746cded-e8d3-4d3d-8654-ba12692d9f6b/alex_20240424080558_6a5f16f7-448b-44d2-a8cd-0f926b7e1754", append="null", name="query-file-appender", immediateFlush="null", bufferSize="null", ignoreExceptions="null", PatternLayout(org.apache.logging.log4j.core.layout.PatternLayout with name PatternLayout), NameFilter(org.apache.hadoop.hive.ql.log.LogDivertAppender$NameFilter with name NameFilter), advertise="null", advertiseURI="null", Configuration(HiveLog4j2Test))
DEBUG StatusLogger Starting RandomAccessFileManager /home/alex/Repositories/hive/beeline/target/tmp/alex/operation_logs/4746cded-e8d3-4d3d-8654-ba12692d9f6b/alex_20240424080558_6a5f16f7-448b-44d2-a8cd-0f926b7e1754
DEBUG StatusLogger Building Plugin[name=, class=org.apache.hadoop.hive.ql.log.LogDivertAppenderForTest$TestFilter].
DEBUG StatusLogger createFilter()
DEBUG StatusLogger Building Plugin[name=, class=org.apache.logging.log4j.core.layout.PatternLayout].
DEBUG StatusLogger PatternLayout$Builder(pattern="%-5p : %m%n", PatternSelector=null, Configuration(HiveLog4j2Test), Replace=null, charset="null", alwaysWriteExceptions="null", disableAnsi="null", noConsoleNoAnsi="null", header="null", footer="null")
DEBUG StatusLogger Building Plugin[name=appender, class=org.apache.hadoop.hive.ql.log.HushableRandomAccessFileAppender].
DEBUG StatusLogger createAppender(fileName="/home/alex/Repositories/hive/beeline/target/tmp/alex/operation_logs/4746cded-e8d3-4d3d-8654-ba12692d9f6b/alex_20240424080558_6a5f16f7-448b-44d2-a8cd-0f926b7e1754.test", append="null", name="test-query-file-appender", immediateFlush="null", bufferSize="null", ignoreExceptions="null", PatternLayout(org.apache.logging.log4j.core.layout.PatternLayout with name PatternLayout), test-filter(org.apache.hadoop.hive.ql.log.LogDivertAppenderForTest$TestFilter with name test-filter), advertise="null", advertiseURI="null", Configuration(HiveLog4j2Test))
DEBUG StatusLogger Starting RandomAccessFileManager /home/alex/Repositories/hive/beeline/target/tmp/alex/operation_logs/4746cded-e8d3-4d3d-8654-ba12692d9f6b/alex_20240424080558_6a5f16f7-448b-44d2-a8cd-0f926b7e1754.test
2024-04-24T08:05:58,520  INFO [4746cded-e8d3-4d3d-8654-ba12692d9f6b main] operation.HiveCommandOperation: [opType=EXECUTE_STATEMENT, queryId=alex_20240424080558_6a5f16f7-448b-44d2-a8cd-0f926b7e1754, startTime=1713971158515, sessionId=4746cded-e8d3-4d3d-8654-ba12692d9f6b, createTime=1713971158226, userName=null, ipAddress=null]
2024-04-24T08:05:58,530  INFO [4746cded-e8d3-4d3d-8654-ba12692d9f6b main] common.LogUtils: Unregistered logging context.
2024-04-24T08:05:58,534  INFO [4746cded-e8d3-4d3d-8654-ba12692d9f6b main] operation.OperationManager: Closing operation: OperationHandle [opType=EXECUTE_STATEMENT, getHandleIdentifier()=02cbfdb7-9111-4393-b91f-b81e21b12aa5]
2024-04-24T08:05:58,534  INFO [4746cded-e8d3-4d3d-8654-ba12692d9f6b main] operation.OperationManager: Removed queryId: alex_20240424080558_6a5f16f7-448b-44d2-a8cd-0f926b7e1754 corresponding to operation: OperationHandle [opType=EXECUTE_STATEMENT, getHandleIdentifier()=02cbfdb7-9111-4393-b91f-b81e21b12aa5] with tag: null
2024-04-24T08:05:58,535  INFO [4746cded-e8d3-4d3d-8654-ba12692d9f6b main] operation.HiveCommandOperation: Closing operation log /home/alex/Repositories/hive/beeline/target/tmp/alex/operation_logs/4746cded-e8d3-4d3d-8654-ba12692d9f6b/alex_20240424080558_6a5f16f7-448b-44d2-a8cd-0f926b7e1754 without delay
2024-04-24T08:05:58,537  INFO [4746cded-e8d3-4d3d-8654-ba12692d9f6b main] session.HiveSessionImpl: executing show tables
2024-04-24T08:05:58,538  INFO [4746cded-e8d3-4d3d-8654-ba12692d9f6b main] operation.OperationManager: Adding operation: OperationHandle [opType=EXECUTE_STATEMENT, getHandleIdentifier()=ded11045-5cd6-4e83-a9ab-f0c364500f31] SessionHandle [4746cded-e8d3-4d3d-8654-ba12692d9f6b]
2024-04-24T08:05:58,539  INFO [4746cded-e8d3-4d3d-8654-ba12692d9f6b main] common.LogUtils: Thread context registration is done.
DEBUG StatusLogger Building Plugin[name=filter, class=org.apache.hadoop.hive.ql.log.LogDivertAppender$NameFilter].
DEBUG StatusLogger createFilter(loggingLevel="EXECUTION")
DEBUG StatusLogger Building Plugin[name=layout, class=org.apache.logging.log4j.core.layout.PatternLayout].
DEBUG StatusLogger PatternLayout$Builder(pattern="%-5p : %m%n", PatternSelector=null, Configuration(HiveLog4j2Test), Replace=null, charset="null", alwaysWriteExceptions="null", disableAnsi="null", noConsoleNoAnsi="null", header="null", footer="null")
DEBUG StatusLogger Building Plugin[name=appender, class=org.apache.hadoop.hive.ql.log.HushableRandomAccessFileAppender].
DEBUG StatusLogger createAppender(fileName="/home/alex/Repositories/hive/beeline/target/tmp/alex/operation_logs/4746cded-e8d3-4d3d-8654-ba12692d9f6b/alex_20240424080558_0627c8c4-d418-4d64-8ead-164d029d521c", append="null", name="query-file-appender", immediateFlush="null", bufferSize="null", ignoreExceptions="null", PatternLayout(org.apache.logging.log4j.core.layout.PatternLayout with name PatternLayout), NameFilter(org.apache.hadoop.hive.ql.log.LogDivertAppender$NameFilter with name NameFilter), advertise="null", advertiseURI="null", Configuration(HiveLog4j2Test))
DEBUG StatusLogger Starting RandomAccessFileManager /home/alex/Repositories/hive/beeline/target/tmp/alex/operation_logs/4746cded-e8d3-4d3d-8654-ba12692d9f6b/alex_20240424080558_0627c8c4-d418-4d64-8ead-164d029d521c
DEBUG StatusLogger Building Plugin[name=, class=org.apache.hadoop.hive.ql.log.LogDivertAppenderForTest$TestFilter].
DEBUG StatusLogger createFilter()
DEBUG StatusLogger Building Plugin[name=, class=org.apache.logging.log4j.core.layout.PatternLayout].
DEBUG StatusLogger PatternLayout$Builder(pattern="%-5p : %m%n", PatternSelector=null, Configuration(HiveLog4j2Test), Replace=null, charset="null", alwaysWriteExceptions="null", disableAnsi="null", noConsoleNoAnsi="null", header="null", footer="null")
DEBUG StatusLogger Building Plugin[name=appender, class=org.apache.hadoop.hive.ql.log.HushableRandomAccessFileAppender].
DEBUG StatusLogger createAppender(fileName="/home/alex/Repositories/hive/beeline/target/tmp/alex/operation_logs/4746cded-e8d3-4d3d-8654-ba12692d9f6b/alex_20240424080558_0627c8c4-d418-4d64-8ead-164d029d521c.test", append="null", name="test-query-file-appender", immediateFlush="null", bufferSize="null", ignoreExceptions="null", PatternLayout(org.apache.logging.log4j.core.layout.PatternLayout with name PatternLayout), test-filter(org.apache.hadoop.hive.ql.log.LogDivertAppenderForTest$TestFilter with name test-filter), advertise="null", advertiseURI="null", Configuration(HiveLog4j2Test))
DEBUG StatusLogger Starting RandomAccessFileManager /home/alex/Repositories/hive/beeline/target/tmp/alex/operation_logs/4746cded-e8d3-4d3d-8654-ba12692d9f6b/alex_20240424080558_0627c8c4-d418-4d64-8ead-164d029d521c.test
2024-04-24T08:05:58,545  INFO [4746cded-e8d3-4d3d-8654-ba12692d9f6b main] operation.SQLOperation: [opType=EXECUTE_STATEMENT, queryId=alex_20240424080558_0627c8c4-d418-4d64-8ead-164d029d521c, startTime=1713971158537, sessionId=4746cded-e8d3-4d3d-8654-ba12692d9f6b, createTime=1713971158226, userName=null, ipAddress=null]
2024-04-24T08:05:58,547  INFO [4746cded-e8d3-4d3d-8654-ba12692d9f6b main] ql.Driver: Compiling command(queryId=alex_20240424080558_0627c8c4-d418-4d64-8ead-164d029d521c): show tables
2024-04-24T08:05:58,582  INFO [4746cded-e8d3-4d3d-8654-ba12692d9f6b main] HiveMetaStore.audit: ugi=alex	ip=unknown-ip-addr	cmd=get_database: test	
2024-04-24T08:05:58,586  INFO [4746cded-e8d3-4d3d-8654-ba12692d9f6b main] ql.Driver: Semantic Analysis Completed (retrial = false)
2024-04-24T08:05:58,587  INFO [4746cded-e8d3-4d3d-8654-ba12692d9f6b main] ql.Driver: Created Hive schema: Schema(fieldSchemas:[FieldSchema(name:tab_name, type:string, comment:from deserializer)], properties:null)
2024-04-24T08:05:58,780  INFO [4746cded-e8d3-4d3d-8654-ba12692d9f6b main] exec.ListSinkOperator: Initializing Operator: LIST_SINK[0]
2024-04-24T08:05:58,785  INFO [4746cded-e8d3-4d3d-8654-ba12692d9f6b main] metadata.Hive: Dumping metastore api call timing information for : compilation phase
2024-04-24T08:05:58,785  INFO [4746cded-e8d3-4d3d-8654-ba12692d9f6b main] metadata.Hive: Total time spent in each metastore function (ms): {isCompatibleWith_(Configuration)=0, getDatabase_(String)=2, flushCache_()=0}
2024-04-24T08:05:58,785  INFO [4746cded-e8d3-4d3d-8654-ba12692d9f6b main] ql.Driver: Completed compiling command(queryId=alex_20240424080558_0627c8c4-d418-4d64-8ead-164d029d521c); Time taken: 0.238 seconds
2024-04-24T08:05:58,786  INFO [4746cded-e8d3-4d3d-8654-ba12692d9f6b main] common.LogUtils: Unregistered logging context.
2024-04-24T08:05:58,786  INFO [HiveServer2-Background-Pool: Thread-146] common.LogUtils: Thread context registration is done.
2024-04-24T08:05:58,787  INFO [HiveServer2-Background-Pool: Thread-146] reexec.ReExecDriver: Execution #1 of query
2024-04-24T08:05:58,787  INFO [HiveServer2-Background-Pool: Thread-146] ql.Driver: Concurrency mode is disabled, not creating a lock manager
2024-04-24T08:05:58,787  INFO [HiveServer2-Background-Pool: Thread-146] ql.Driver: Executing command(queryId=alex_20240424080558_0627c8c4-d418-4d64-8ead-164d029d521c): show tables
2024-04-24T08:05:58,788  INFO [HiveServer2-Background-Pool: Thread-146] ql.Driver: Starting task [Stage-0:DDL] in serial mode
2024-04-24T08:05:58,790  INFO [HiveServer2-Background-Pool: Thread-146] HiveMetaStore.audit: ugi=alex	ip=unknown-ip-addr	cmd=get_database: test	
2024-04-24T08:05:58,791  INFO [HiveServer2-Background-Pool: Thread-146] metastore.HMSHandler: 6: Opening raw store with implementation class:org.apache.hadoop.hive.metastore.ObjectStore
2024-04-24T08:05:58,792  INFO [HiveServer2-Background-Pool: Thread-146] metastore.ObjectStore: RawStore: org.apache.hadoop.hive.metastore.ObjectStore@39da45c, with PersistenceManager: null will be shutdown
2024-04-24T08:05:58,792  INFO [HiveServer2-Background-Pool: Thread-146] metastore.ObjectStore: RawStore: org.apache.hadoop.hive.metastore.ObjectStore@39da45c, with PersistenceManager: org.datanucleus.api.jdo.JDOPersistenceManager@469f3a4b created in the thread with id: 146
2024-04-24T08:05:58,797  INFO [HiveServer2-Background-Pool: Thread-146] metastore.HMSHandler: Created RawStore: org.apache.hadoop.hive.metastore.ObjectStore@39da45c from thread id: 146
2024-04-24T08:05:58,801  INFO [HiveServer2-Background-Pool: Thread-146] HiveMetaStore.audit: ugi=alex	ip=unknown-ip-addr	cmd=get_multi_table : db=test tbls=null	
2024-04-24T08:05:58,866  INFO [HiveServer2-Background-Pool: Thread-146] sqlstd.SQLStdHiveAccessController: Created SQLStdHiveAccessController for session context : HiveAuthzSessionContext [sessionString=4746cded-e8d3-4d3d-8654-ba12692d9f6b, clientType=HIVESERVER2]
2024-04-24T08:05:58,886  INFO [HiveServer2-Background-Pool: Thread-146] metadata.Hive: Dumping metastore api call timing information for : execution phase
2024-04-24T08:05:58,886  INFO [HiveServer2-Background-Pool: Thread-146] metadata.Hive: Total time spent in each metastore function (ms): {isCompatibleWith_(Configuration)=1, getDatabase_(String)=9, getTables_(String, String)=70}
2024-04-24T08:05:58,886  INFO [HiveServer2-Background-Pool: Thread-146] ql.Driver: Completed executing command(queryId=alex_20240424080558_0627c8c4-d418-4d64-8ead-164d029d521c); Time taken: 0.098 seconds
2024-04-24T08:05:58,886  INFO [HiveServer2-Background-Pool: Thread-146] common.LogUtils: Unregistered logging context.
2024-04-24T08:05:58,888  INFO [4746cded-e8d3-4d3d-8654-ba12692d9f6b main] operation.OperationManager: Closing operation: OperationHandle [opType=EXECUTE_STATEMENT, getHandleIdentifier()=ded11045-5cd6-4e83-a9ab-f0c364500f31]
2024-04-24T08:05:58,888  INFO [4746cded-e8d3-4d3d-8654-ba12692d9f6b main] operation.OperationManager: Removed queryId: alex_20240424080558_0627c8c4-d418-4d64-8ead-164d029d521c corresponding to operation: OperationHandle [opType=EXECUTE_STATEMENT, getHandleIdentifier()=ded11045-5cd6-4e83-a9ab-f0c364500f31] with tag: null
2024-04-24T08:05:58,889  INFO [4746cded-e8d3-4d3d-8654-ba12692d9f6b main] ql.Context: Deleting scratch dir: file:/home/alex/Repositories/hive/beeline/target/tmp/alex/4746cded-e8d3-4d3d-8654-ba12692d9f6b/hive_2024-04-24_08-05-58_547_4233215381745073453-1
2024-04-24T08:05:58,889  INFO [4746cded-e8d3-4d3d-8654-ba12692d9f6b main] cleanup.EventualCleanupService: Delete file:/home/alex/Repositories/hive/beeline/target/tmp/alex/4746cded-e8d3-4d3d-8654-ba12692d9f6b/hive_2024-04-24_08-05-58_547_4233215381745073453-1 operation was queued
2024-04-24T08:05:58,889  INFO [4746cded-e8d3-4d3d-8654-ba12692d9f6b main] exec.ListSinkOperator: Closing Operator: LIST_SINK[0]
2024-04-24T08:05:58,889  INFO [EventualCleanupService thread 0] cleanup.EventualCleanupService: Deleted file:/home/alex/Repositories/hive/beeline/target/tmp/alex/4746cded-e8d3-4d3d-8654-ba12692d9f6b/hive_2024-04-24_08-05-58_547_4233215381745073453-1
2024-04-24T08:05:58,890  INFO [4746cded-e8d3-4d3d-8654-ba12692d9f6b main] exec.ListSinkOperator: RECORDS_OUT_INTERMEDIATE:0, RECORDS_OUT_OPERATOR_LIST_SINK_0:0, 
2024-04-24T08:05:58,890  INFO [4746cded-e8d3-4d3d-8654-ba12692d9f6b main] operation.SQLOperation: Closing operation log /home/alex/Repositories/hive/beeline/target/tmp/alex/operation_logs/4746cded-e8d3-4d3d-8654-ba12692d9f6b/alex_20240424080558_0627c8c4-d418-4d64-8ead-164d029d521c without delay
2024-04-24T08:05:58,895  INFO [main] service.CompositeService: Session closed, SessionHandle [4746cded-e8d3-4d3d-8654-ba12692d9f6b], current sessions:0
2024-04-24T08:05:58,895  INFO [4746cded-e8d3-4d3d-8654-ba12692d9f6b main] session.HiveSessionImpl: Operation log session directory is deleted: /home/alex/Repositories/hive/beeline/target/tmp/alex/operation_logs/4746cded-e8d3-4d3d-8654-ba12692d9f6b
2024-04-24T08:05:58,896  INFO [main] cleanup.EventualCleanupService: Delete /tmp/hive/alex/4746cded-e8d3-4d3d-8654-ba12692d9f6b operation was queued
2024-04-24T08:05:58,896  INFO [main] cleanup.EventualCleanupService: Delete /home/alex/Repositories/hive/beeline/target/tmp/alex/4746cded-e8d3-4d3d-8654-ba12692d9f6b operation was queued
2024-04-24T08:05:58,896  INFO [EventualCleanupService thread 2] cleanup.EventualCleanupService: Deleted /home/alex/Repositories/hive/beeline/target/tmp/alex/4746cded-e8d3-4d3d-8654-ba12692d9f6b
2024-04-24T08:05:58,896  INFO [EventualCleanupService thread 1] cleanup.EventualCleanupService: Deleted /tmp/hive/alex/4746cded-e8d3-4d3d-8654-ba12692d9f6b
2024-04-24T08:05:58,897  INFO [main] HiveMetaStore.audit: ugi=alex	ip=unknown-ip-addr	cmd=Cleaning up thread local RawStore...	
2024-04-24T08:05:58,897  INFO [main] metastore.ObjectStore: RawStore: org.apache.hadoop.hive.metastore.ObjectStore@5ad57e90, with PersistenceManager: org.datanucleus.api.jdo.JDOPersistenceManager@1a345298 will be shutdown
2024-04-24T08:05:58,897  INFO [main] HiveMetaStore.audit: ugi=alex	ip=unknown-ip-addr	cmd=Done cleaning up thread local RawStore	
2024-04-24T08:05:58,897  INFO [main] metastore.HiveMetaStoreClient: Closed a connection to metastore, current connections: -6
2024-04-24T08:05:58,897 ERROR [main] cli.TestHiveCli: Failed due to the error:Connecting to jdbc:hive2://
Hive Session ID = ea0e1630-931c-4810-9466-0c0961fbbca9
ivysettings.xml file not found in HIVE_HOME or HIVE_CONF_DIR,/home/alex/Repositories/hive/conf/ivysettings.xml will be used
ivysettings.xml file not found in HIVE_HOME or HIVE_CONF_DIR,/home/alex/Repositories/hive/conf/ivysettings.xml will be used
Connected to: Apache Hive (version 4.0.0-SNAPSHOT)
Error: Couldn't load manifest attributes. (state=,code=0)
Transaction isolation: TRANSACTION_REPEATABLE_READ
INFO  : Compiling command(queryId=alex_20240424080558_33a46fec-26ed-4da1-b8aa-b571ceb9abe2): use test
INFO  : Semantic Analysis Completed (retrial = false)
INFO  : Created Hive schema: Schema(fieldSchemas:null, properties:null)
INFO  : Completed compiling command(queryId=alex_20240424080558_33a46fec-26ed-4da1-b8aa-b571ceb9abe2); Time taken: 0.015 seconds
INFO  : Concurrency mode is disabled, not creating a lock manager
INFO  : Executing command(queryId=alex_20240424080558_33a46fec-26ed-4da1-b8aa-b571ceb9abe2): use test
INFO  : Starting task [Stage-0:DDL] in serial mode
DEBUG : Task getting executed using mapred tag : alex_20240424080558_33a46fec-26ed-4da1-b8aa-b571ceb9abe2,userid=null
INFO  : Completed executing command(queryId=alex_20240424080558_33a46fec-26ed-4da1-b8aa-b571ceb9abe2); Time taken: 0.017 seconds
DEBUG : Shutting down query use test
Error: Failed to wait for operation to complete (state=08S01,code=0)
Beeline version ??? by Apache Hive
hive> source /home/alex/Repositories/hive/beeline/target/tmp/test731754647108119249.sql;desc testSrcTbl4;
INFO  : Compiling command(queryId=alex_20240424080558_0627c8c4-d418-4d64-8ead-164d029d521c): show tables
INFO  : Semantic Analysis Completed (retrial = false)
INFO  : Created Hive schema: Schema(fieldSchemas:[FieldSchema(name:tab_name, type:string, comment:from deserializer)], properties:null)
INFO  : Completed compiling command(queryId=alex_20240424080558_0627c8c4-d418-4d64-8ead-164d029d521c); Time taken: 0.238 seconds
INFO  : Concurrency mode is disabled, not creating a lock manager
INFO  : Executing command(queryId=alex_20240424080558_0627c8c4-d418-4d64-8ead-164d029d521c): show tables
INFO  : Starting task [Stage-0:DDL] in serial mode
DEBUG : Task getting executed using mapred tag : alex_20240424080558_0627c8c4-d418-4d64-8ead-164d029d521c,userid=null
INFO  : Completed executing command(queryId=alex_20240424080558_0627c8c4-d418-4d64-8ead-164d029d521c); Time taken: 0.098 seconds
DEBUG : Shutting down query show tables
Error: Failed to wait for operation to complete (state=08S01,code=0)
hive> quit;
Closing: 0: jdbc:hive2://

]]></system-err>
  </testcase>
  <testcase name="testSourceCmd4" classname="org.apache.hive.beeline.cli.TestHiveCli" time="0.378">
    <failure type="java.lang.AssertionError"><![CDATA[java.lang.AssertionError: Supported return code is 0 while the actual is 2
	at org.junit.Assert.fail(Assert.java:89)
	at org.apache.hive.beeline.cli.TestHiveCli.executeCMD(TestHiveCli.java:256)
	at org.apache.hive.beeline.cli.TestHiveCli.verifyCMD(TestHiveCli.java:266)
	at org.apache.hive.beeline.cli.TestHiveCli.testSourceCmd4(TestHiveCli.java:138)
	at sun.reflect.NativeMethodAccessorImpl.invoke0(Native Method)
	at sun.reflect.NativeMethodAccessorImpl.invoke(NativeMethodAccessorImpl.java:62)
	at sun.reflect.DelegatingMethodAccessorImpl.invoke(DelegatingMethodAccessorImpl.java:43)
	at java.lang.reflect.Method.invoke(Method.java:498)
	at org.junit.runners.model.FrameworkMethod$1.runReflectiveCall(FrameworkMethod.java:59)
	at org.junit.internal.runners.model.ReflectiveCallable.run(ReflectiveCallable.java:12)
	at org.junit.runners.model.FrameworkMethod.invokeExplosively(FrameworkMethod.java:56)
	at org.junit.internal.runners.statements.InvokeMethod.evaluate(InvokeMethod.java:17)
	at org.junit.internal.runners.statements.RunBefores.evaluate(RunBefores.java:26)
	at org.junit.internal.runners.statements.RunAfters.evaluate(RunAfters.java:27)
	at org.junit.runners.ParentRunner$3.evaluate(ParentRunner.java:306)
	at org.junit.runners.BlockJUnit4ClassRunner$1.evaluate(BlockJUnit4ClassRunner.java:100)
	at org.junit.runners.ParentRunner.runLeaf(ParentRunner.java:366)
	at org.junit.runners.BlockJUnit4ClassRunner.runChild(BlockJUnit4ClassRunner.java:103)
	at org.junit.runners.BlockJUnit4ClassRunner.runChild(BlockJUnit4ClassRunner.java:63)
	at org.junit.runners.ParentRunner$4.run(ParentRunner.java:331)
	at org.junit.runners.ParentRunner$1.schedule(ParentRunner.java:79)
	at org.junit.runners.ParentRunner.runChildren(ParentRunner.java:329)
	at org.junit.runners.ParentRunner.access$100(ParentRunner.java:66)
	at org.junit.runners.ParentRunner$2.evaluate(ParentRunner.java:293)
	at org.junit.internal.runners.statements.RunBefores.evaluate(RunBefores.java:26)
	at org.junit.runners.ParentRunner$3.evaluate(ParentRunner.java:306)
	at org.junit.runners.ParentRunner.run(ParentRunner.java:413)
	at org.junit.runner.JUnitCore.run(JUnitCore.java:137)
	at org.junit.runner.JUnitCore.run(JUnitCore.java:115)
	at org.junit.vintage.engine.execution.RunnerExecutor.execute(RunnerExecutor.java:43)
	at java.util.stream.ForEachOps$ForEachOp$OfRef.accept(ForEachOps.java:183)
	at java.util.stream.ReferencePipeline$3$1.accept(ReferencePipeline.java:193)
	at java.util.Iterator.forEachRemaining(Iterator.java:116)
	at java.util.Spliterators$IteratorSpliterator.forEachRemaining(Spliterators.java:1801)
	at java.util.stream.AbstractPipeline.copyInto(AbstractPipeline.java:482)
	at java.util.stream.AbstractPipeline.wrapAndCopyInto(AbstractPipeline.java:472)
	at java.util.stream.ForEachOps$ForEachOp.evaluateSequential(ForEachOps.java:150)
	at java.util.stream.ForEachOps$ForEachOp$OfRef.evaluateSequential(ForEachOps.java:173)
	at java.util.stream.AbstractPipeline.evaluate(AbstractPipeline.java:234)
	at java.util.stream.ReferencePipeline.forEach(ReferencePipeline.java:485)
	at org.junit.vintage.engine.VintageTestEngine.executeAllChildren(VintageTestEngine.java:82)
	at org.junit.vintage.engine.VintageTestEngine.execute(VintageTestEngine.java:73)
	at org.junit.platform.launcher.core.DefaultLauncher.execute(DefaultLauncher.java:248)
	at org.junit.platform.launcher.core.DefaultLauncher.lambda$execute$5(DefaultLauncher.java:211)
	at org.junit.platform.launcher.core.DefaultLauncher.withInterceptedStreams(DefaultLauncher.java:226)
	at org.junit.platform.launcher.core.DefaultLauncher.execute(DefaultLauncher.java:199)
	at org.junit.platform.launcher.core.DefaultLauncher.execute(DefaultLauncher.java:132)
	at org.apache.maven.surefire.junitplatform.JUnitPlatformProvider.invokeAllTests(JUnitPlatformProvider.java:154)
	at org.apache.maven.surefire.junitplatform.JUnitPlatformProvider.invoke(JUnitPlatformProvider.java:123)
	at org.apache.maven.surefire.booter.ForkedBooter.runSuitesInProcess(ForkedBooter.java:377)
	at org.apache.maven.surefire.booter.ForkedBooter.execute(ForkedBooter.java:138)
	at org.apache.maven.surefire.booter.ForkedBooter.run(ForkedBooter.java:465)
	at org.apache.maven.surefire.booter.ForkedBooter.main(ForkedBooter.java:451)
]]></failure>
    <system-err><![CDATA[2024-04-24T08:05:58,899 ERROR [main] cli.TestHiveCli: Failed to execute command due to the error: java.lang.NullPointerException: Null output stream
2024-04-24T08:05:58,957  WARN [main] conf.HiveConf: HiveConf of name hive.dummyparam.test.server.specific.config.override does not exist
2024-04-24T08:05:58,957  WARN [main] conf.HiveConf: HiveConf of name hive.dummyparam.test.server.specific.config.hiveserver2site does not exist
2024-04-24T08:05:58,957  WARN [main] conf.HiveConf: HiveConf of name hive.dummyparam.test.server.specific.config.metastoresite does not exist
2024-04-24T08:05:58,958  INFO [main] SessionState: Hive Session ID = a040833e-f793-484d-8341-22b833de06c2
2024-04-24T08:05:58,958  INFO [main] DependencyResolver: ivysettings.xml file not found in HIVE_HOME or HIVE_CONF_DIR,/home/alex/Repositories/hive/conf/ivysettings.xml will be used
2024-04-24T08:05:58,966  INFO [main] session.SessionState: Created HDFS directory: /tmp/hive/alex/a040833e-f793-484d-8341-22b833de06c2
2024-04-24T08:05:58,970  INFO [main] session.SessionState: Created local directory: /home/alex/Repositories/hive/beeline/target/tmp/alex/a040833e-f793-484d-8341-22b833de06c2
2024-04-24T08:05:58,974  INFO [main] session.SessionState: Created HDFS directory: /tmp/hive/alex/a040833e-f793-484d-8341-22b833de06c2/_tmp_space.db
2024-04-24T08:05:58,975  INFO [main] sqlstd.SQLStdHiveAccessController: Created SQLStdHiveAccessController for session context : HiveAuthzSessionContext [sessionString=a040833e-f793-484d-8341-22b833de06c2, clientType=HIVESERVER2]
2024-04-24T08:05:58,975  INFO [main] metastore.HiveMetaStoreClient: HMS client filtering is enabled.
2024-04-24T08:05:58,976  INFO [main] metastore.HMSHandler: 0: Opening raw store with implementation class:org.apache.hadoop.hive.metastore.ObjectStore
2024-04-24T08:05:58,976  INFO [main] metastore.PersistenceManagerProvider: Configuration datanucleus.autoStartMechanismMode is not set. Defaulting to 'ignored'
2024-04-24T08:05:58,977  INFO [main] metastore.ObjectStore: RawStore: org.apache.hadoop.hive.metastore.ObjectStore@5a13f1f7, with PersistenceManager: null will be shutdown
2024-04-24T08:05:58,977  INFO [main] metastore.ObjectStore: RawStore: org.apache.hadoop.hive.metastore.ObjectStore@5a13f1f7, with PersistenceManager: org.datanucleus.api.jdo.JDOPersistenceManager@5dae5a70 created in the thread with id: 1
2024-04-24T08:05:58,980  INFO [main] metastore.HMSHandler: Created RawStore: org.apache.hadoop.hive.metastore.ObjectStore@5a13f1f7 from thread id: 1
2024-04-24T08:05:58,981  INFO [main] metastore.HMSHandler: HMS server filtering is disabled by configuration
2024-04-24T08:05:58,981  INFO [main] metastore.RetryingMetaStoreClient: RetryingMetaStoreClient proxy=class org.apache.hadoop.hive.ql.metadata.SessionHiveMetaStoreClient ugi=alex (auth:SIMPLE) retries=1 delay=1 lifetime=0
2024-04-24T08:05:58,981  INFO [main] service.CompositeService: Operation log root directory is created: /home/alex/Repositories/hive/beeline/target/tmp/alex/operation_logs
2024-04-24T08:05:58,981  INFO [main] service.CompositeService: HiveServer2: Background operation thread pool size: 100
2024-04-24T08:05:58,981  INFO [main] service.CompositeService: HiveServer2: Background operation thread wait queue size: 100
2024-04-24T08:05:58,981  INFO [main] service.CompositeService: HiveServer2: Background operation thread keepalive time: 10 seconds
2024-04-24T08:05:58,982  INFO [main] service.CompositeService: Connections limit are user: 0 ipaddress: 0 user-ipaddress: 0
2024-04-24T08:05:58,983  INFO [main] cleanup.EventualCleanupService: EventualCleanupService started with 10 threads and queue of size 10000
ERROR StatusLogger Log4j2 ConfigurationScheduler attempted to increment scheduled items after start
ERROR StatusLogger Log4j2 ConfigurationScheduler attempted to increment scheduled items after start
2024-04-24T08:05:58,985  INFO [main] service.AbstractService: Service:OperationManager is inited.
2024-04-24T08:05:58,985  INFO [main] service.AbstractService: Service:SessionManager is inited.
2024-04-24T08:05:58,985  INFO [main] service.AbstractService: Service:CLIService is inited.
2024-04-24T08:05:58,985  INFO [main] service.AbstractService: Service:OperationManager is started.
2024-04-24T08:05:58,985  INFO [main] service.AbstractService: Service:SessionManager is started.
2024-04-24T08:05:58,985  INFO [main] service.AbstractService: Service:CLIService is started.
2024-04-24T08:05:58,985  INFO [main] service.AbstractService: Service:ThriftBinaryCLIService is inited.
2024-04-24T08:05:58,985  INFO [main] thrift.ThriftCLIService: Client protocol version: HIVE_CLI_SERVICE_PROTOCOL_V10
2024-04-24T08:05:58,985  INFO [main] thrift.ThriftCLIService: Creating Hive session handle for user [null] from IP null
2024-04-24T08:05:58,987  INFO [main] DependencyResolver: ivysettings.xml file not found in HIVE_HOME or HIVE_CONF_DIR,/home/alex/Repositories/hive/conf/ivysettings.xml will be used
2024-04-24T08:05:58,996  INFO [main] session.SessionState: Created HDFS directory: /tmp/hive/alex/8cacaa37-7d64-4cbe-a788-ec0a57e8dfb5
2024-04-24T08:05:58,999  INFO [main] session.SessionState: Created local directory: /home/alex/Repositories/hive/beeline/target/tmp/alex/8cacaa37-7d64-4cbe-a788-ec0a57e8dfb5
2024-04-24T08:05:59,002  INFO [main] session.SessionState: Created HDFS directory: /tmp/hive/alex/8cacaa37-7d64-4cbe-a788-ec0a57e8dfb5/_tmp_space.db
2024-04-24T08:05:59,003  INFO [main] session.SessionState: Reloading auxiliary JAR files
2024-04-24T08:05:59,003  WARN [main] session.SessionState: Configuration hive.reloadable.aux.jars.path not specified
2024-04-24T08:05:59,003  INFO [main] HiveMetaStore.audit: ugi=alex	ip=unknown-ip-addr	cmd=Cleaning up thread local RawStore...	
2024-04-24T08:05:59,003  INFO [main] metastore.ObjectStore: RawStore: org.apache.hadoop.hive.metastore.ObjectStore@5a13f1f7, with PersistenceManager: org.datanucleus.api.jdo.JDOPersistenceManager@5dae5a70 will be shutdown
2024-04-24T08:05:59,003  INFO [main] HiveMetaStore.audit: ugi=alex	ip=unknown-ip-addr	cmd=Done cleaning up thread local RawStore	
2024-04-24T08:05:59,003  INFO [main] metastore.HiveMetaStoreClient: Closed a connection to metastore, current connections: -7
2024-04-24T08:05:59,003  INFO [main] session.HiveSessionImpl: Operation log session directory is created: /home/alex/Repositories/hive/beeline/target/tmp/alex/operation_logs/8cacaa37-7d64-4cbe-a788-ec0a57e8dfb5
2024-04-24T08:05:59,003  INFO [main] service.CompositeService: Session opened, SessionHandle [8cacaa37-7d64-4cbe-a788-ec0a57e8dfb5], current sessions:1
2024-04-24T08:05:59,003  INFO [main] thrift.ThriftCLIService: Login attempt is successful for user : null
2024-04-24T08:05:59,060  WARN [main] conf.HiveConf: HiveConf of name hive.dummyparam.test.server.specific.config.override does not exist
2024-04-24T08:05:59,061  WARN [main] conf.HiveConf: HiveConf of name hive.dummyparam.test.server.specific.config.hiveserver2site does not exist
2024-04-24T08:05:59,061  WARN [main] conf.HiveConf: HiveConf of name hive.dummyparam.test.server.specific.config.metastoresite does not exist
2024-04-24T08:05:59,061  INFO [8cacaa37-7d64-4cbe-a788-ec0a57e8dfb5 main] session.HiveSessionImpl: executing set
2024-04-24T08:05:59,062  INFO [8cacaa37-7d64-4cbe-a788-ec0a57e8dfb5 main] operation.HiveCommandOperation: Putting temp output to file /home/alex/Repositories/hive/beeline/target/tmp/alex/8cacaa37-7d64-4cbe-a788-ec0a57e8dfb55659755638124033342.pipeout and error output to file /home/alex/Repositories/hive/beeline/target/tmp/alex/8cacaa37-7d64-4cbe-a788-ec0a57e8dfb57692409093581877200.pipeout
2024-04-24T08:05:59,062  INFO [8cacaa37-7d64-4cbe-a788-ec0a57e8dfb5 main] operation.OperationManager: Adding operation: OperationHandle [opType=EXECUTE_STATEMENT, getHandleIdentifier()=02f9ab02-3a5a-407b-be9a-cfc913f53665] SessionHandle [8cacaa37-7d64-4cbe-a788-ec0a57e8dfb5]
2024-04-24T08:05:59,062  INFO [8cacaa37-7d64-4cbe-a788-ec0a57e8dfb5 main] common.LogUtils: Thread context registration is done.
DEBUG StatusLogger Building Plugin[name=filter, class=org.apache.hadoop.hive.ql.log.LogDivertAppender$NameFilter].
DEBUG StatusLogger createFilter(loggingLevel="EXECUTION")
DEBUG StatusLogger Building Plugin[name=layout, class=org.apache.logging.log4j.core.layout.PatternLayout].
DEBUG StatusLogger PatternLayout$Builder(pattern="%-5p : %m%n", PatternSelector=null, Configuration(HiveLog4j2Test), Replace=null, charset="null", alwaysWriteExceptions="null", disableAnsi="null", noConsoleNoAnsi="null", header="null", footer="null")
DEBUG StatusLogger Building Plugin[name=appender, class=org.apache.hadoop.hive.ql.log.HushableRandomAccessFileAppender].
DEBUG StatusLogger createAppender(fileName="/home/alex/Repositories/hive/beeline/target/tmp/alex/operation_logs/8cacaa37-7d64-4cbe-a788-ec0a57e8dfb5/alex_20240424080559_d1821087-28ca-43d4-9be4-22dba38e0966", append="null", name="query-file-appender", immediateFlush="null", bufferSize="null", ignoreExceptions="null", PatternLayout(org.apache.logging.log4j.core.layout.PatternLayout with name PatternLayout), NameFilter(org.apache.hadoop.hive.ql.log.LogDivertAppender$NameFilter with name NameFilter), advertise="null", advertiseURI="null", Configuration(HiveLog4j2Test))
DEBUG StatusLogger Starting RandomAccessFileManager /home/alex/Repositories/hive/beeline/target/tmp/alex/operation_logs/8cacaa37-7d64-4cbe-a788-ec0a57e8dfb5/alex_20240424080559_d1821087-28ca-43d4-9be4-22dba38e0966
DEBUG StatusLogger Building Plugin[name=, class=org.apache.hadoop.hive.ql.log.LogDivertAppenderForTest$TestFilter].
DEBUG StatusLogger createFilter()
DEBUG StatusLogger Building Plugin[name=, class=org.apache.logging.log4j.core.layout.PatternLayout].
DEBUG StatusLogger PatternLayout$Builder(pattern="%-5p : %m%n", PatternSelector=null, Configuration(HiveLog4j2Test), Replace=null, charset="null", alwaysWriteExceptions="null", disableAnsi="null", noConsoleNoAnsi="null", header="null", footer="null")
DEBUG StatusLogger Building Plugin[name=appender, class=org.apache.hadoop.hive.ql.log.HushableRandomAccessFileAppender].
DEBUG StatusLogger createAppender(fileName="/home/alex/Repositories/hive/beeline/target/tmp/alex/operation_logs/8cacaa37-7d64-4cbe-a788-ec0a57e8dfb5/alex_20240424080559_d1821087-28ca-43d4-9be4-22dba38e0966.test", append="null", name="test-query-file-appender", immediateFlush="null", bufferSize="null", ignoreExceptions="null", PatternLayout(org.apache.logging.log4j.core.layout.PatternLayout with name PatternLayout), test-filter(org.apache.hadoop.hive.ql.log.LogDivertAppenderForTest$TestFilter with name test-filter), advertise="null", advertiseURI="null", Configuration(HiveLog4j2Test))
DEBUG StatusLogger Starting RandomAccessFileManager /home/alex/Repositories/hive/beeline/target/tmp/alex/operation_logs/8cacaa37-7d64-4cbe-a788-ec0a57e8dfb5/alex_20240424080559_d1821087-28ca-43d4-9be4-22dba38e0966.test
2024-04-24T08:05:59,066  INFO [8cacaa37-7d64-4cbe-a788-ec0a57e8dfb5 main] operation.HiveCommandOperation: [opType=EXECUTE_STATEMENT, queryId=alex_20240424080559_d1821087-28ca-43d4-9be4-22dba38e0966, startTime=1713971159061, sessionId=8cacaa37-7d64-4cbe-a788-ec0a57e8dfb5, createTime=1713971158985, userName=null, ipAddress=null]
2024-04-24T08:05:59,078  INFO [8cacaa37-7d64-4cbe-a788-ec0a57e8dfb5 main] common.LogUtils: Unregistered logging context.
2024-04-24T08:05:59,081  INFO [8cacaa37-7d64-4cbe-a788-ec0a57e8dfb5 main] operation.OperationManager: Closing operation: OperationHandle [opType=EXECUTE_STATEMENT, getHandleIdentifier()=02f9ab02-3a5a-407b-be9a-cfc913f53665]
2024-04-24T08:05:59,081  INFO [8cacaa37-7d64-4cbe-a788-ec0a57e8dfb5 main] operation.OperationManager: Removed queryId: alex_20240424080559_d1821087-28ca-43d4-9be4-22dba38e0966 corresponding to operation: OperationHandle [opType=EXECUTE_STATEMENT, getHandleIdentifier()=02f9ab02-3a5a-407b-be9a-cfc913f53665] with tag: null
2024-04-24T08:05:59,082  INFO [8cacaa37-7d64-4cbe-a788-ec0a57e8dfb5 main] operation.HiveCommandOperation: Closing operation log /home/alex/Repositories/hive/beeline/target/tmp/alex/operation_logs/8cacaa37-7d64-4cbe-a788-ec0a57e8dfb5/alex_20240424080559_d1821087-28ca-43d4-9be4-22dba38e0966 without delay
2024-04-24T08:05:59,085  INFO [8cacaa37-7d64-4cbe-a788-ec0a57e8dfb5 main] session.HiveSessionImpl: executing use test
2024-04-24T08:05:59,086  INFO [8cacaa37-7d64-4cbe-a788-ec0a57e8dfb5 main] operation.OperationManager: Adding operation: OperationHandle [opType=EXECUTE_STATEMENT, getHandleIdentifier()=0285e0b8-83ea-4d08-8a42-ef4a9262c56d] SessionHandle [8cacaa37-7d64-4cbe-a788-ec0a57e8dfb5]
2024-04-24T08:05:59,087  INFO [8cacaa37-7d64-4cbe-a788-ec0a57e8dfb5 main] common.LogUtils: Thread context registration is done.
DEBUG StatusLogger Building Plugin[name=filter, class=org.apache.hadoop.hive.ql.log.LogDivertAppender$NameFilter].
DEBUG StatusLogger createFilter(loggingLevel="EXECUTION")
DEBUG StatusLogger Building Plugin[name=layout, class=org.apache.logging.log4j.core.layout.PatternLayout].
DEBUG StatusLogger PatternLayout$Builder(pattern="%-5p : %m%n", PatternSelector=null, Configuration(HiveLog4j2Test), Replace=null, charset="null", alwaysWriteExceptions="null", disableAnsi="null", noConsoleNoAnsi="null", header="null", footer="null")
DEBUG StatusLogger Building Plugin[name=appender, class=org.apache.hadoop.hive.ql.log.HushableRandomAccessFileAppender].
DEBUG StatusLogger createAppender(fileName="/home/alex/Repositories/hive/beeline/target/tmp/alex/operation_logs/8cacaa37-7d64-4cbe-a788-ec0a57e8dfb5/alex_20240424080559_876a530e-4b09-4f54-96f6-cda92590b850", append="null", name="query-file-appender", immediateFlush="null", bufferSize="null", ignoreExceptions="null", PatternLayout(org.apache.logging.log4j.core.layout.PatternLayout with name PatternLayout), NameFilter(org.apache.hadoop.hive.ql.log.LogDivertAppender$NameFilter with name NameFilter), advertise="null", advertiseURI="null", Configuration(HiveLog4j2Test))
DEBUG StatusLogger Starting RandomAccessFileManager /home/alex/Repositories/hive/beeline/target/tmp/alex/operation_logs/8cacaa37-7d64-4cbe-a788-ec0a57e8dfb5/alex_20240424080559_876a530e-4b09-4f54-96f6-cda92590b850
DEBUG StatusLogger Building Plugin[name=, class=org.apache.hadoop.hive.ql.log.LogDivertAppenderForTest$TestFilter].
DEBUG StatusLogger createFilter()
DEBUG StatusLogger Building Plugin[name=, class=org.apache.logging.log4j.core.layout.PatternLayout].
DEBUG StatusLogger PatternLayout$Builder(pattern="%-5p : %m%n", PatternSelector=null, Configuration(HiveLog4j2Test), Replace=null, charset="null", alwaysWriteExceptions="null", disableAnsi="null", noConsoleNoAnsi="null", header="null", footer="null")
DEBUG StatusLogger Building Plugin[name=appender, class=org.apache.hadoop.hive.ql.log.HushableRandomAccessFileAppender].
DEBUG StatusLogger createAppender(fileName="/home/alex/Repositories/hive/beeline/target/tmp/alex/operation_logs/8cacaa37-7d64-4cbe-a788-ec0a57e8dfb5/alex_20240424080559_876a530e-4b09-4f54-96f6-cda92590b850.test", append="null", name="test-query-file-appender", immediateFlush="null", bufferSize="null", ignoreExceptions="null", PatternLayout(org.apache.logging.log4j.core.layout.PatternLayout with name PatternLayout), test-filter(org.apache.hadoop.hive.ql.log.LogDivertAppenderForTest$TestFilter with name test-filter), advertise="null", advertiseURI="null", Configuration(HiveLog4j2Test))
DEBUG StatusLogger Starting RandomAccessFileManager /home/alex/Repositories/hive/beeline/target/tmp/alex/operation_logs/8cacaa37-7d64-4cbe-a788-ec0a57e8dfb5/alex_20240424080559_876a530e-4b09-4f54-96f6-cda92590b850.test
2024-04-24T08:05:59,094  INFO [8cacaa37-7d64-4cbe-a788-ec0a57e8dfb5 main] operation.SQLOperation: [opType=EXECUTE_STATEMENT, queryId=alex_20240424080559_876a530e-4b09-4f54-96f6-cda92590b850, startTime=1713971159086, sessionId=8cacaa37-7d64-4cbe-a788-ec0a57e8dfb5, createTime=1713971158985, userName=null, ipAddress=null]
2024-04-24T08:05:59,095  INFO [8cacaa37-7d64-4cbe-a788-ec0a57e8dfb5 main] ql.Driver: Compiling command(queryId=alex_20240424080559_876a530e-4b09-4f54-96f6-cda92590b850): use test
2024-04-24T08:05:59,096  INFO [8cacaa37-7d64-4cbe-a788-ec0a57e8dfb5 main] metastore.HiveMetaStoreClient: HMS client filtering is enabled.
2024-04-24T08:05:59,097  INFO [8cacaa37-7d64-4cbe-a788-ec0a57e8dfb5 main] metastore.HMSHandler: 0: Opening raw store with implementation class:org.apache.hadoop.hive.metastore.ObjectStore
2024-04-24T08:05:59,097  INFO [8cacaa37-7d64-4cbe-a788-ec0a57e8dfb5 main] metastore.PersistenceManagerProvider: Configuration datanucleus.autoStartMechanismMode is not set. Defaulting to 'ignored'
2024-04-24T08:05:59,097  INFO [8cacaa37-7d64-4cbe-a788-ec0a57e8dfb5 main] metastore.ObjectStore: RawStore: org.apache.hadoop.hive.metastore.ObjectStore@260d48f5, with PersistenceManager: null will be shutdown
2024-04-24T08:05:59,098  INFO [8cacaa37-7d64-4cbe-a788-ec0a57e8dfb5 main] metastore.ObjectStore: RawStore: org.apache.hadoop.hive.metastore.ObjectStore@260d48f5, with PersistenceManager: org.datanucleus.api.jdo.JDOPersistenceManager@148ab138 created in the thread with id: 1
2024-04-24T08:05:59,101  INFO [8cacaa37-7d64-4cbe-a788-ec0a57e8dfb5 main] metastore.HMSHandler: Created RawStore: org.apache.hadoop.hive.metastore.ObjectStore@260d48f5 from thread id: 1
2024-04-24T08:05:59,101  INFO [8cacaa37-7d64-4cbe-a788-ec0a57e8dfb5 main] metastore.HMSHandler: HMS server filtering is disabled by configuration
2024-04-24T08:05:59,101  INFO [8cacaa37-7d64-4cbe-a788-ec0a57e8dfb5 main] metastore.RetryingMetaStoreClient: RetryingMetaStoreClient proxy=class org.apache.hadoop.hive.ql.metadata.SessionHiveMetaStoreClient ugi=alex (auth:SIMPLE) retries=1 delay=1 lifetime=0
2024-04-24T08:05:59,102  INFO [8cacaa37-7d64-4cbe-a788-ec0a57e8dfb5 main] HiveMetaStore.audit: ugi=alex	ip=unknown-ip-addr	cmd=get_database: test	
2024-04-24T08:05:59,104  INFO [8cacaa37-7d64-4cbe-a788-ec0a57e8dfb5 main] ql.Driver: Semantic Analysis Completed (retrial = false)
2024-04-24T08:05:59,104  INFO [8cacaa37-7d64-4cbe-a788-ec0a57e8dfb5 main] ql.Driver: Created Hive schema: Schema(fieldSchemas:null, properties:null)
2024-04-24T08:05:59,104  INFO [8cacaa37-7d64-4cbe-a788-ec0a57e8dfb5 main] metadata.Hive: Dumping metastore api call timing information for : compilation phase
2024-04-24T08:05:59,104  INFO [8cacaa37-7d64-4cbe-a788-ec0a57e8dfb5 main] metadata.Hive: Total time spent in each metastore function (ms): {isCompatibleWith_(Configuration)=0, getDatabase_(String)=2, flushCache_()=0}
2024-04-24T08:05:59,104  INFO [8cacaa37-7d64-4cbe-a788-ec0a57e8dfb5 main] ql.Driver: Completed compiling command(queryId=alex_20240424080559_876a530e-4b09-4f54-96f6-cda92590b850); Time taken: 0.009 seconds
2024-04-24T08:05:59,105  INFO [8cacaa37-7d64-4cbe-a788-ec0a57e8dfb5 main] common.LogUtils: Unregistered logging context.
2024-04-24T08:05:59,107  INFO [HiveServer2-Background-Pool: Thread-171] common.LogUtils: Thread context registration is done.
2024-04-24T08:05:59,107  INFO [HiveServer2-Background-Pool: Thread-171] reexec.ReExecDriver: Execution #1 of query
2024-04-24T08:05:59,108  INFO [HiveServer2-Background-Pool: Thread-171] ql.Driver: Concurrency mode is disabled, not creating a lock manager
2024-04-24T08:05:59,109  INFO [HiveServer2-Background-Pool: Thread-171] ql.Driver: Executing command(queryId=alex_20240424080559_876a530e-4b09-4f54-96f6-cda92590b850): use test
2024-04-24T08:05:59,109  INFO [HiveServer2-Background-Pool: Thread-171] ql.Driver: Starting task [Stage-0:DDL] in serial mode
2024-04-24T08:05:59,111  INFO [HiveServer2-Background-Pool: Thread-171] HiveMetaStore.audit: ugi=alex	ip=unknown-ip-addr	cmd=get_database: test	
2024-04-24T08:05:59,112  INFO [HiveServer2-Background-Pool: Thread-171] metastore.HMSHandler: 7: Opening raw store with implementation class:org.apache.hadoop.hive.metastore.ObjectStore
2024-04-24T08:05:59,113  INFO [HiveServer2-Background-Pool: Thread-171] metastore.ObjectStore: RawStore: org.apache.hadoop.hive.metastore.ObjectStore@3169e0b9, with PersistenceManager: null will be shutdown
2024-04-24T08:05:59,113  INFO [HiveServer2-Background-Pool: Thread-171] metastore.ObjectStore: RawStore: org.apache.hadoop.hive.metastore.ObjectStore@3169e0b9, with PersistenceManager: org.datanucleus.api.jdo.JDOPersistenceManager@746b68f0 created in the thread with id: 171
2024-04-24T08:05:59,123  INFO [HiveServer2-Background-Pool: Thread-171] metastore.HMSHandler: Created RawStore: org.apache.hadoop.hive.metastore.ObjectStore@3169e0b9 from thread id: 171
2024-04-24T08:05:59,126  INFO [HiveServer2-Background-Pool: Thread-171] HiveMetaStore.audit: ugi=alex	ip=unknown-ip-addr	cmd=get_database: test	
2024-04-24T08:05:59,128  INFO [HiveServer2-Background-Pool: Thread-171] metadata.Hive: Dumping metastore api call timing information for : execution phase
2024-04-24T08:05:59,128  INFO [HiveServer2-Background-Pool: Thread-171] metadata.Hive: Total time spent in each metastore function (ms): {isCompatibleWith_(Configuration)=1, getDatabase_(String)=18}
2024-04-24T08:05:59,128  INFO [HiveServer2-Background-Pool: Thread-171] ql.Driver: Completed executing command(queryId=alex_20240424080559_876a530e-4b09-4f54-96f6-cda92590b850); Time taken: 0.019 seconds
2024-04-24T08:05:59,129  INFO [HiveServer2-Background-Pool: Thread-171] common.LogUtils: Unregistered logging context.
2024-04-24T08:05:59,133  INFO [8cacaa37-7d64-4cbe-a788-ec0a57e8dfb5 main] operation.OperationManager: Closing operation: OperationHandle [opType=EXECUTE_STATEMENT, getHandleIdentifier()=0285e0b8-83ea-4d08-8a42-ef4a9262c56d]
2024-04-24T08:05:59,133  INFO [8cacaa37-7d64-4cbe-a788-ec0a57e8dfb5 main] operation.OperationManager: Removed queryId: alex_20240424080559_876a530e-4b09-4f54-96f6-cda92590b850 corresponding to operation: OperationHandle [opType=EXECUTE_STATEMENT, getHandleIdentifier()=0285e0b8-83ea-4d08-8a42-ef4a9262c56d] with tag: null
2024-04-24T08:05:59,133  INFO [8cacaa37-7d64-4cbe-a788-ec0a57e8dfb5 main] operation.SQLOperation: Closing operation log /home/alex/Repositories/hive/beeline/target/tmp/alex/operation_logs/8cacaa37-7d64-4cbe-a788-ec0a57e8dfb5/alex_20240424080559_876a530e-4b09-4f54-96f6-cda92590b850 without delay
2024-04-24T08:05:59,204  WARN [main] conf.HiveConf: HiveConf of name hive.dummyparam.test.server.specific.config.override does not exist
2024-04-24T08:05:59,204  WARN [main] conf.HiveConf: HiveConf of name hive.dummyparam.test.server.specific.config.hiveserver2site does not exist
2024-04-24T08:05:59,205  WARN [main] conf.HiveConf: HiveConf of name hive.dummyparam.test.server.specific.config.metastoresite does not exist
2024-04-24T08:05:59,205  INFO [8cacaa37-7d64-4cbe-a788-ec0a57e8dfb5 main] session.HiveSessionImpl: executing set
2024-04-24T08:05:59,206  INFO [8cacaa37-7d64-4cbe-a788-ec0a57e8dfb5 main] operation.HiveCommandOperation: Putting temp output to file /home/alex/Repositories/hive/beeline/target/tmp/alex/8cacaa37-7d64-4cbe-a788-ec0a57e8dfb55659755638124033342.pipeout and error output to file /home/alex/Repositories/hive/beeline/target/tmp/alex/8cacaa37-7d64-4cbe-a788-ec0a57e8dfb57692409093581877200.pipeout
2024-04-24T08:05:59,206  INFO [8cacaa37-7d64-4cbe-a788-ec0a57e8dfb5 main] operation.OperationManager: Adding operation: OperationHandle [opType=EXECUTE_STATEMENT, getHandleIdentifier()=37156db5-c8dc-4ada-94a7-3905b7fde3d8] SessionHandle [8cacaa37-7d64-4cbe-a788-ec0a57e8dfb5]
2024-04-24T08:05:59,206  INFO [8cacaa37-7d64-4cbe-a788-ec0a57e8dfb5 main] common.LogUtils: Thread context registration is done.
DEBUG StatusLogger Building Plugin[name=filter, class=org.apache.hadoop.hive.ql.log.LogDivertAppender$NameFilter].
DEBUG StatusLogger createFilter(loggingLevel="EXECUTION")
DEBUG StatusLogger Building Plugin[name=layout, class=org.apache.logging.log4j.core.layout.PatternLayout].
DEBUG StatusLogger PatternLayout$Builder(pattern="%-5p : %m%n", PatternSelector=null, Configuration(HiveLog4j2Test), Replace=null, charset="null", alwaysWriteExceptions="null", disableAnsi="null", noConsoleNoAnsi="null", header="null", footer="null")
DEBUG StatusLogger Building Plugin[name=appender, class=org.apache.hadoop.hive.ql.log.HushableRandomAccessFileAppender].
DEBUG StatusLogger createAppender(fileName="/home/alex/Repositories/hive/beeline/target/tmp/alex/operation_logs/8cacaa37-7d64-4cbe-a788-ec0a57e8dfb5/alex_20240424080559_e60f46e9-c139-49a9-b775-96f40ef4f028", append="null", name="query-file-appender", immediateFlush="null", bufferSize="null", ignoreExceptions="null", PatternLayout(org.apache.logging.log4j.core.layout.PatternLayout with name PatternLayout), NameFilter(org.apache.hadoop.hive.ql.log.LogDivertAppender$NameFilter with name NameFilter), advertise="null", advertiseURI="null", Configuration(HiveLog4j2Test))
DEBUG StatusLogger Starting RandomAccessFileManager /home/alex/Repositories/hive/beeline/target/tmp/alex/operation_logs/8cacaa37-7d64-4cbe-a788-ec0a57e8dfb5/alex_20240424080559_e60f46e9-c139-49a9-b775-96f40ef4f028
DEBUG StatusLogger Building Plugin[name=, class=org.apache.hadoop.hive.ql.log.LogDivertAppenderForTest$TestFilter].
DEBUG StatusLogger createFilter()
DEBUG StatusLogger Building Plugin[name=, class=org.apache.logging.log4j.core.layout.PatternLayout].
DEBUG StatusLogger PatternLayout$Builder(pattern="%-5p : %m%n", PatternSelector=null, Configuration(HiveLog4j2Test), Replace=null, charset="null", alwaysWriteExceptions="null", disableAnsi="null", noConsoleNoAnsi="null", header="null", footer="null")
DEBUG StatusLogger Building Plugin[name=appender, class=org.apache.hadoop.hive.ql.log.HushableRandomAccessFileAppender].
DEBUG StatusLogger createAppender(fileName="/home/alex/Repositories/hive/beeline/target/tmp/alex/operation_logs/8cacaa37-7d64-4cbe-a788-ec0a57e8dfb5/alex_20240424080559_e60f46e9-c139-49a9-b775-96f40ef4f028.test", append="null", name="test-query-file-appender", immediateFlush="null", bufferSize="null", ignoreExceptions="null", PatternLayout(org.apache.logging.log4j.core.layout.PatternLayout with name PatternLayout), test-filter(org.apache.hadoop.hive.ql.log.LogDivertAppenderForTest$TestFilter with name test-filter), advertise="null", advertiseURI="null", Configuration(HiveLog4j2Test))
DEBUG StatusLogger Starting RandomAccessFileManager /home/alex/Repositories/hive/beeline/target/tmp/alex/operation_logs/8cacaa37-7d64-4cbe-a788-ec0a57e8dfb5/alex_20240424080559_e60f46e9-c139-49a9-b775-96f40ef4f028.test
2024-04-24T08:05:59,209  INFO [8cacaa37-7d64-4cbe-a788-ec0a57e8dfb5 main] operation.HiveCommandOperation: [opType=EXECUTE_STATEMENT, queryId=alex_20240424080559_e60f46e9-c139-49a9-b775-96f40ef4f028, startTime=1713971159205, sessionId=8cacaa37-7d64-4cbe-a788-ec0a57e8dfb5, createTime=1713971158985, userName=null, ipAddress=null]
2024-04-24T08:05:59,217  INFO [8cacaa37-7d64-4cbe-a788-ec0a57e8dfb5 main] common.LogUtils: Unregistered logging context.
2024-04-24T08:05:59,220  INFO [8cacaa37-7d64-4cbe-a788-ec0a57e8dfb5 main] operation.OperationManager: Closing operation: OperationHandle [opType=EXECUTE_STATEMENT, getHandleIdentifier()=37156db5-c8dc-4ada-94a7-3905b7fde3d8]
2024-04-24T08:05:59,220  INFO [8cacaa37-7d64-4cbe-a788-ec0a57e8dfb5 main] operation.OperationManager: Removed queryId: alex_20240424080559_e60f46e9-c139-49a9-b775-96f40ef4f028 corresponding to operation: OperationHandle [opType=EXECUTE_STATEMENT, getHandleIdentifier()=37156db5-c8dc-4ada-94a7-3905b7fde3d8] with tag: null
2024-04-24T08:05:59,220  INFO [8cacaa37-7d64-4cbe-a788-ec0a57e8dfb5 main] operation.HiveCommandOperation: Closing operation log /home/alex/Repositories/hive/beeline/target/tmp/alex/operation_logs/8cacaa37-7d64-4cbe-a788-ec0a57e8dfb5/alex_20240424080559_e60f46e9-c139-49a9-b775-96f40ef4f028 without delay
2024-04-24T08:05:59,222  INFO [8cacaa37-7d64-4cbe-a788-ec0a57e8dfb5 main] session.HiveSessionImpl: executing show tables
2024-04-24T08:05:59,224  INFO [8cacaa37-7d64-4cbe-a788-ec0a57e8dfb5 main] operation.OperationManager: Adding operation: OperationHandle [opType=EXECUTE_STATEMENT, getHandleIdentifier()=6cf7e3bb-f1e3-47e5-ad40-cb12d79ebd9f] SessionHandle [8cacaa37-7d64-4cbe-a788-ec0a57e8dfb5]
2024-04-24T08:05:59,224  INFO [8cacaa37-7d64-4cbe-a788-ec0a57e8dfb5 main] common.LogUtils: Thread context registration is done.
DEBUG StatusLogger Building Plugin[name=filter, class=org.apache.hadoop.hive.ql.log.LogDivertAppender$NameFilter].
DEBUG StatusLogger createFilter(loggingLevel="EXECUTION")
DEBUG StatusLogger Building Plugin[name=layout, class=org.apache.logging.log4j.core.layout.PatternLayout].
DEBUG StatusLogger PatternLayout$Builder(pattern="%-5p : %m%n", PatternSelector=null, Configuration(HiveLog4j2Test), Replace=null, charset="null", alwaysWriteExceptions="null", disableAnsi="null", noConsoleNoAnsi="null", header="null", footer="null")
DEBUG StatusLogger Building Plugin[name=appender, class=org.apache.hadoop.hive.ql.log.HushableRandomAccessFileAppender].
DEBUG StatusLogger createAppender(fileName="/home/alex/Repositories/hive/beeline/target/tmp/alex/operation_logs/8cacaa37-7d64-4cbe-a788-ec0a57e8dfb5/alex_20240424080559_ff223d09-9a4b-406d-8d6f-3e3f28b1e884", append="null", name="query-file-appender", immediateFlush="null", bufferSize="null", ignoreExceptions="null", PatternLayout(org.apache.logging.log4j.core.layout.PatternLayout with name PatternLayout), NameFilter(org.apache.hadoop.hive.ql.log.LogDivertAppender$NameFilter with name NameFilter), advertise="null", advertiseURI="null", Configuration(HiveLog4j2Test))
DEBUG StatusLogger Starting RandomAccessFileManager /home/alex/Repositories/hive/beeline/target/tmp/alex/operation_logs/8cacaa37-7d64-4cbe-a788-ec0a57e8dfb5/alex_20240424080559_ff223d09-9a4b-406d-8d6f-3e3f28b1e884
DEBUG StatusLogger Building Plugin[name=, class=org.apache.hadoop.hive.ql.log.LogDivertAppenderForTest$TestFilter].
DEBUG StatusLogger createFilter()
DEBUG StatusLogger Building Plugin[name=, class=org.apache.logging.log4j.core.layout.PatternLayout].
DEBUG StatusLogger PatternLayout$Builder(pattern="%-5p : %m%n", PatternSelector=null, Configuration(HiveLog4j2Test), Replace=null, charset="null", alwaysWriteExceptions="null", disableAnsi="null", noConsoleNoAnsi="null", header="null", footer="null")
DEBUG StatusLogger Building Plugin[name=appender, class=org.apache.hadoop.hive.ql.log.HushableRandomAccessFileAppender].
DEBUG StatusLogger createAppender(fileName="/home/alex/Repositories/hive/beeline/target/tmp/alex/operation_logs/8cacaa37-7d64-4cbe-a788-ec0a57e8dfb5/alex_20240424080559_ff223d09-9a4b-406d-8d6f-3e3f28b1e884.test", append="null", name="test-query-file-appender", immediateFlush="null", bufferSize="null", ignoreExceptions="null", PatternLayout(org.apache.logging.log4j.core.layout.PatternLayout with name PatternLayout), test-filter(org.apache.hadoop.hive.ql.log.LogDivertAppenderForTest$TestFilter with name test-filter), advertise="null", advertiseURI="null", Configuration(HiveLog4j2Test))
DEBUG StatusLogger Starting RandomAccessFileManager /home/alex/Repositories/hive/beeline/target/tmp/alex/operation_logs/8cacaa37-7d64-4cbe-a788-ec0a57e8dfb5/alex_20240424080559_ff223d09-9a4b-406d-8d6f-3e3f28b1e884.test
2024-04-24T08:05:59,228  INFO [8cacaa37-7d64-4cbe-a788-ec0a57e8dfb5 main] operation.SQLOperation: [opType=EXECUTE_STATEMENT, queryId=alex_20240424080559_ff223d09-9a4b-406d-8d6f-3e3f28b1e884, startTime=1713971159223, sessionId=8cacaa37-7d64-4cbe-a788-ec0a57e8dfb5, createTime=1713971158985, userName=null, ipAddress=null]
2024-04-24T08:05:59,229  INFO [8cacaa37-7d64-4cbe-a788-ec0a57e8dfb5 main] ql.Driver: Compiling command(queryId=alex_20240424080559_ff223d09-9a4b-406d-8d6f-3e3f28b1e884): show tables
2024-04-24T08:05:59,233  INFO [8cacaa37-7d64-4cbe-a788-ec0a57e8dfb5 main] HiveMetaStore.audit: ugi=alex	ip=unknown-ip-addr	cmd=get_database: test	
2024-04-24T08:05:59,235  INFO [8cacaa37-7d64-4cbe-a788-ec0a57e8dfb5 main] ql.Driver: Semantic Analysis Completed (retrial = false)
2024-04-24T08:05:59,235  INFO [8cacaa37-7d64-4cbe-a788-ec0a57e8dfb5 main] ql.Driver: Created Hive schema: Schema(fieldSchemas:[FieldSchema(name:tab_name, type:string, comment:from deserializer)], properties:null)
2024-04-24T08:05:59,236  INFO [8cacaa37-7d64-4cbe-a788-ec0a57e8dfb5 main] exec.ListSinkOperator: Initializing Operator: LIST_SINK[0]
2024-04-24T08:05:59,237  INFO [8cacaa37-7d64-4cbe-a788-ec0a57e8dfb5 main] metadata.Hive: Dumping metastore api call timing information for : compilation phase
2024-04-24T08:05:59,237  INFO [8cacaa37-7d64-4cbe-a788-ec0a57e8dfb5 main] metadata.Hive: Total time spent in each metastore function (ms): {isCompatibleWith_(Configuration)=1, getDatabase_(String)=2, flushCache_()=0}
2024-04-24T08:05:59,237  INFO [8cacaa37-7d64-4cbe-a788-ec0a57e8dfb5 main] ql.Driver: Completed compiling command(queryId=alex_20240424080559_ff223d09-9a4b-406d-8d6f-3e3f28b1e884); Time taken: 0.008 seconds
2024-04-24T08:05:59,237  INFO [8cacaa37-7d64-4cbe-a788-ec0a57e8dfb5 main] common.LogUtils: Unregistered logging context.
2024-04-24T08:05:59,238  INFO [HiveServer2-Background-Pool: Thread-175] common.LogUtils: Thread context registration is done.
2024-04-24T08:05:59,238  INFO [HiveServer2-Background-Pool: Thread-175] reexec.ReExecDriver: Execution #1 of query
2024-04-24T08:05:59,238  INFO [HiveServer2-Background-Pool: Thread-175] ql.Driver: Concurrency mode is disabled, not creating a lock manager
2024-04-24T08:05:59,239  INFO [HiveServer2-Background-Pool: Thread-175] ql.Driver: Executing command(queryId=alex_20240424080559_ff223d09-9a4b-406d-8d6f-3e3f28b1e884): show tables
2024-04-24T08:05:59,239  INFO [HiveServer2-Background-Pool: Thread-175] ql.Driver: Starting task [Stage-0:DDL] in serial mode
2024-04-24T08:05:59,240  INFO [HiveServer2-Background-Pool: Thread-175] HiveMetaStore.audit: ugi=alex	ip=unknown-ip-addr	cmd=get_database: test	
2024-04-24T08:05:59,240  INFO [HiveServer2-Background-Pool: Thread-175] metastore.HMSHandler: 8: Opening raw store with implementation class:org.apache.hadoop.hive.metastore.ObjectStore
2024-04-24T08:05:59,242  INFO [HiveServer2-Background-Pool: Thread-175] metastore.ObjectStore: RawStore: org.apache.hadoop.hive.metastore.ObjectStore@3f62310c, with PersistenceManager: null will be shutdown
2024-04-24T08:05:59,242  INFO [HiveServer2-Background-Pool: Thread-175] metastore.ObjectStore: RawStore: org.apache.hadoop.hive.metastore.ObjectStore@3f62310c, with PersistenceManager: org.datanucleus.api.jdo.JDOPersistenceManager@9168fdf created in the thread with id: 175
2024-04-24T08:05:59,246  INFO [HiveServer2-Background-Pool: Thread-175] metastore.HMSHandler: Created RawStore: org.apache.hadoop.hive.metastore.ObjectStore@3f62310c from thread id: 175
2024-04-24T08:05:59,248  INFO [HiveServer2-Background-Pool: Thread-175] HiveMetaStore.audit: ugi=alex	ip=unknown-ip-addr	cmd=get_multi_table : db=test tbls=null	
2024-04-24T08:05:59,260  INFO [HiveServer2-Background-Pool: Thread-175] sqlstd.SQLStdHiveAccessController: Created SQLStdHiveAccessController for session context : HiveAuthzSessionContext [sessionString=8cacaa37-7d64-4cbe-a788-ec0a57e8dfb5, clientType=HIVESERVER2]
2024-04-24T08:05:59,266  INFO [HiveServer2-Background-Pool: Thread-175] metadata.Hive: Dumping metastore api call timing information for : execution phase
2024-04-24T08:05:59,266  INFO [HiveServer2-Background-Pool: Thread-175] metadata.Hive: Total time spent in each metastore function (ms): {isCompatibleWith_(Configuration)=0, getDatabase_(String)=8, getTables_(String, String)=13}
2024-04-24T08:05:59,267  INFO [HiveServer2-Background-Pool: Thread-175] ql.Driver: Completed executing command(queryId=alex_20240424080559_ff223d09-9a4b-406d-8d6f-3e3f28b1e884); Time taken: 0.027 seconds
2024-04-24T08:05:59,267  INFO [HiveServer2-Background-Pool: Thread-175] common.LogUtils: Unregistered logging context.
2024-04-24T08:05:59,268  INFO [8cacaa37-7d64-4cbe-a788-ec0a57e8dfb5 main] operation.OperationManager: Closing operation: OperationHandle [opType=EXECUTE_STATEMENT, getHandleIdentifier()=6cf7e3bb-f1e3-47e5-ad40-cb12d79ebd9f]
2024-04-24T08:05:59,269  INFO [8cacaa37-7d64-4cbe-a788-ec0a57e8dfb5 main] operation.OperationManager: Removed queryId: alex_20240424080559_ff223d09-9a4b-406d-8d6f-3e3f28b1e884 corresponding to operation: OperationHandle [opType=EXECUTE_STATEMENT, getHandleIdentifier()=6cf7e3bb-f1e3-47e5-ad40-cb12d79ebd9f] with tag: null
2024-04-24T08:05:59,269  INFO [8cacaa37-7d64-4cbe-a788-ec0a57e8dfb5 main] ql.Context: Deleting scratch dir: file:/home/alex/Repositories/hive/beeline/target/tmp/alex/8cacaa37-7d64-4cbe-a788-ec0a57e8dfb5/hive_2024-04-24_08-05-59_228_3895070285154190848-1
2024-04-24T08:05:59,269  INFO [8cacaa37-7d64-4cbe-a788-ec0a57e8dfb5 main] cleanup.EventualCleanupService: Delete file:/home/alex/Repositories/hive/beeline/target/tmp/alex/8cacaa37-7d64-4cbe-a788-ec0a57e8dfb5/hive_2024-04-24_08-05-59_228_3895070285154190848-1 operation was queued
2024-04-24T08:05:59,269  INFO [8cacaa37-7d64-4cbe-a788-ec0a57e8dfb5 main] exec.ListSinkOperator: Closing Operator: LIST_SINK[0]
2024-04-24T08:05:59,269  INFO [8cacaa37-7d64-4cbe-a788-ec0a57e8dfb5 main] exec.ListSinkOperator: RECORDS_OUT_INTERMEDIATE:0, RECORDS_OUT_OPERATOR_LIST_SINK_0:0, 
2024-04-24T08:05:59,269  INFO [8cacaa37-7d64-4cbe-a788-ec0a57e8dfb5 main] operation.SQLOperation: Closing operation log /home/alex/Repositories/hive/beeline/target/tmp/alex/operation_logs/8cacaa37-7d64-4cbe-a788-ec0a57e8dfb5/alex_20240424080559_ff223d09-9a4b-406d-8d6f-3e3f28b1e884 without delay
2024-04-24T08:05:59,269  INFO [EventualCleanupService thread 0] cleanup.EventualCleanupService: Deleted file:/home/alex/Repositories/hive/beeline/target/tmp/alex/8cacaa37-7d64-4cbe-a788-ec0a57e8dfb5/hive_2024-04-24_08-05-59_228_3895070285154190848-1
2024-04-24T08:05:59,273  INFO [main] service.CompositeService: Session closed, SessionHandle [8cacaa37-7d64-4cbe-a788-ec0a57e8dfb5], current sessions:0
2024-04-24T08:05:59,273  INFO [8cacaa37-7d64-4cbe-a788-ec0a57e8dfb5 main] session.HiveSessionImpl: Operation log session directory is deleted: /home/alex/Repositories/hive/beeline/target/tmp/alex/operation_logs/8cacaa37-7d64-4cbe-a788-ec0a57e8dfb5
2024-04-24T08:05:59,274  INFO [main] cleanup.EventualCleanupService: Delete /tmp/hive/alex/8cacaa37-7d64-4cbe-a788-ec0a57e8dfb5 operation was queued
2024-04-24T08:05:59,275  INFO [main] cleanup.EventualCleanupService: Delete /home/alex/Repositories/hive/beeline/target/tmp/alex/8cacaa37-7d64-4cbe-a788-ec0a57e8dfb5 operation was queued
2024-04-24T08:05:59,275  INFO [EventualCleanupService thread 1] cleanup.EventualCleanupService: Deleted /tmp/hive/alex/8cacaa37-7d64-4cbe-a788-ec0a57e8dfb5
2024-04-24T08:05:59,275  INFO [EventualCleanupService thread 2] cleanup.EventualCleanupService: Deleted /home/alex/Repositories/hive/beeline/target/tmp/alex/8cacaa37-7d64-4cbe-a788-ec0a57e8dfb5
2024-04-24T08:05:59,276  INFO [main] HiveMetaStore.audit: ugi=alex	ip=unknown-ip-addr	cmd=Cleaning up thread local RawStore...	
2024-04-24T08:05:59,276  INFO [main] metastore.ObjectStore: RawStore: org.apache.hadoop.hive.metastore.ObjectStore@260d48f5, with PersistenceManager: org.datanucleus.api.jdo.JDOPersistenceManager@148ab138 will be shutdown
2024-04-24T08:05:59,276  INFO [main] HiveMetaStore.audit: ugi=alex	ip=unknown-ip-addr	cmd=Done cleaning up thread local RawStore	
2024-04-24T08:05:59,276  INFO [main] metastore.HiveMetaStoreClient: Closed a connection to metastore, current connections: -8
2024-04-24T08:05:59,276 ERROR [main] cli.TestHiveCli: Failed due to the error:Connecting to jdbc:hive2://
Hive Session ID = a040833e-f793-484d-8341-22b833de06c2
ivysettings.xml file not found in HIVE_HOME or HIVE_CONF_DIR,/home/alex/Repositories/hive/conf/ivysettings.xml will be used
ivysettings.xml file not found in HIVE_HOME or HIVE_CONF_DIR,/home/alex/Repositories/hive/conf/ivysettings.xml will be used
Connected to: Apache Hive (version 4.0.0-SNAPSHOT)
Error: Couldn't load manifest attributes. (state=,code=0)
Transaction isolation: TRANSACTION_REPEATABLE_READ
INFO  : Compiling command(queryId=alex_20240424080559_876a530e-4b09-4f54-96f6-cda92590b850): use test
INFO  : Semantic Analysis Completed (retrial = false)
INFO  : Created Hive schema: Schema(fieldSchemas:null, properties:null)
INFO  : Completed compiling command(queryId=alex_20240424080559_876a530e-4b09-4f54-96f6-cda92590b850); Time taken: 0.009 seconds
INFO  : Concurrency mode is disabled, not creating a lock manager
INFO  : Executing command(queryId=alex_20240424080559_876a530e-4b09-4f54-96f6-cda92590b850): use test
INFO  : Starting task [Stage-0:DDL] in serial mode
DEBUG : Task getting executed using mapred tag : alex_20240424080559_876a530e-4b09-4f54-96f6-cda92590b850,userid=null
INFO  : Completed executing command(queryId=alex_20240424080559_876a530e-4b09-4f54-96f6-cda92590b850); Time taken: 0.019 seconds
DEBUG : Shutting down query use test
Error: Failed to wait for operation to complete (state=08S01,code=0)
Beeline version ??? by Apache Hive
hive> source /home/alex/Repositories/hive/beeline/target/tmp/test7627953713734250300.sql;
INFO  : Compiling command(queryId=alex_20240424080559_ff223d09-9a4b-406d-8d6f-3e3f28b1e884): show tables
INFO  : Semantic Analysis Completed (retrial = false)
INFO  : Created Hive schema: Schema(fieldSchemas:[FieldSchema(name:tab_name, type:string, comment:from deserializer)], properties:null)
INFO  : Completed compiling command(queryId=alex_20240424080559_ff223d09-9a4b-406d-8d6f-3e3f28b1e884); Time taken: 0.008 seconds
INFO  : Concurrency mode is disabled, not creating a lock manager
INFO  : Executing command(queryId=alex_20240424080559_ff223d09-9a4b-406d-8d6f-3e3f28b1e884): show tables
INFO  : Starting task [Stage-0:DDL] in serial mode
DEBUG : Task getting executed using mapred tag : alex_20240424080559_ff223d09-9a4b-406d-8d6f-3e3f28b1e884,userid=null
INFO  : Completed executing command(queryId=alex_20240424080559_ff223d09-9a4b-406d-8d6f-3e3f28b1e884); Time taken: 0.027 seconds
DEBUG : Shutting down query show tables
Error: Failed to wait for operation to complete (state=08S01,code=0)
hive> Closing: 0: jdbc:hive2://

]]></system-err>
  </testcase>
  <testcase name="testInvalidOptions2" classname="org.apache.hive.beeline.cli.TestHiveCli" time="0.005"/>
  <testcase name="testCmd" classname="org.apache.hive.beeline.cli.TestHiveCli" time="0.232">
    <failure type="java.lang.AssertionError"><![CDATA[java.lang.AssertionError: The expected keyword "src" occur in the output: 
	at org.junit.Assert.fail(Assert.java:89)
	at org.junit.Assert.assertTrue(Assert.java:42)
	at org.apache.hive.beeline.cli.TestHiveCli.verifyCMD(TestHiveCli.java:270)
	at org.apache.hive.beeline.cli.TestHiveCli.testCmd(TestHiveCli.java:72)
	at sun.reflect.NativeMethodAccessorImpl.invoke0(Native Method)
	at sun.reflect.NativeMethodAccessorImpl.invoke(NativeMethodAccessorImpl.java:62)
	at sun.reflect.DelegatingMethodAccessorImpl.invoke(DelegatingMethodAccessorImpl.java:43)
	at java.lang.reflect.Method.invoke(Method.java:498)
	at org.junit.runners.model.FrameworkMethod$1.runReflectiveCall(FrameworkMethod.java:59)
	at org.junit.internal.runners.model.ReflectiveCallable.run(ReflectiveCallable.java:12)
	at org.junit.runners.model.FrameworkMethod.invokeExplosively(FrameworkMethod.java:56)
	at org.junit.internal.runners.statements.InvokeMethod.evaluate(InvokeMethod.java:17)
	at org.junit.internal.runners.statements.RunBefores.evaluate(RunBefores.java:26)
	at org.junit.internal.runners.statements.RunAfters.evaluate(RunAfters.java:27)
	at org.junit.runners.ParentRunner$3.evaluate(ParentRunner.java:306)
	at org.junit.runners.BlockJUnit4ClassRunner$1.evaluate(BlockJUnit4ClassRunner.java:100)
	at org.junit.runners.ParentRunner.runLeaf(ParentRunner.java:366)
	at org.junit.runners.BlockJUnit4ClassRunner.runChild(BlockJUnit4ClassRunner.java:103)
	at org.junit.runners.BlockJUnit4ClassRunner.runChild(BlockJUnit4ClassRunner.java:63)
	at org.junit.runners.ParentRunner$4.run(ParentRunner.java:331)
	at org.junit.runners.ParentRunner$1.schedule(ParentRunner.java:79)
	at org.junit.runners.ParentRunner.runChildren(ParentRunner.java:329)
	at org.junit.runners.ParentRunner.access$100(ParentRunner.java:66)
	at org.junit.runners.ParentRunner$2.evaluate(ParentRunner.java:293)
	at org.junit.internal.runners.statements.RunBefores.evaluate(RunBefores.java:26)
	at org.junit.runners.ParentRunner$3.evaluate(ParentRunner.java:306)
	at org.junit.runners.ParentRunner.run(ParentRunner.java:413)
	at org.junit.runner.JUnitCore.run(JUnitCore.java:137)
	at org.junit.runner.JUnitCore.run(JUnitCore.java:115)
	at org.junit.vintage.engine.execution.RunnerExecutor.execute(RunnerExecutor.java:43)
	at java.util.stream.ForEachOps$ForEachOp$OfRef.accept(ForEachOps.java:183)
	at java.util.stream.ReferencePipeline$3$1.accept(ReferencePipeline.java:193)
	at java.util.Iterator.forEachRemaining(Iterator.java:116)
	at java.util.Spliterators$IteratorSpliterator.forEachRemaining(Spliterators.java:1801)
	at java.util.stream.AbstractPipeline.copyInto(AbstractPipeline.java:482)
	at java.util.stream.AbstractPipeline.wrapAndCopyInto(AbstractPipeline.java:472)
	at java.util.stream.ForEachOps$ForEachOp.evaluateSequential(ForEachOps.java:150)
	at java.util.stream.ForEachOps$ForEachOp$OfRef.evaluateSequential(ForEachOps.java:173)
	at java.util.stream.AbstractPipeline.evaluate(AbstractPipeline.java:234)
	at java.util.stream.ReferencePipeline.forEach(ReferencePipeline.java:485)
	at org.junit.vintage.engine.VintageTestEngine.executeAllChildren(VintageTestEngine.java:82)
	at org.junit.vintage.engine.VintageTestEngine.execute(VintageTestEngine.java:73)
	at org.junit.platform.launcher.core.DefaultLauncher.execute(DefaultLauncher.java:248)
	at org.junit.platform.launcher.core.DefaultLauncher.lambda$execute$5(DefaultLauncher.java:211)
	at org.junit.platform.launcher.core.DefaultLauncher.withInterceptedStreams(DefaultLauncher.java:226)
	at org.junit.platform.launcher.core.DefaultLauncher.execute(DefaultLauncher.java:199)
	at org.junit.platform.launcher.core.DefaultLauncher.execute(DefaultLauncher.java:132)
	at org.apache.maven.surefire.junitplatform.JUnitPlatformProvider.invokeAllTests(JUnitPlatformProvider.java:154)
	at org.apache.maven.surefire.junitplatform.JUnitPlatformProvider.invoke(JUnitPlatformProvider.java:123)
	at org.apache.maven.surefire.booter.ForkedBooter.runSuitesInProcess(ForkedBooter.java:377)
	at org.apache.maven.surefire.booter.ForkedBooter.execute(ForkedBooter.java:138)
	at org.apache.maven.surefire.booter.ForkedBooter.run(ForkedBooter.java:465)
	at org.apache.maven.surefire.booter.ForkedBooter.main(ForkedBooter.java:451)
]]></failure>
    <system-err><![CDATA[2024-04-24T08:05:59,283 ERROR [main] cli.TestHiveCli: Failed to execute command due to the error: java.lang.NullPointerException: Null output stream
2024-04-24T08:05:59,339  WARN [main] conf.HiveConf: HiveConf of name hive.dummyparam.test.server.specific.config.override does not exist
2024-04-24T08:05:59,340  WARN [main] conf.HiveConf: HiveConf of name hive.dummyparam.test.server.specific.config.hiveserver2site does not exist
2024-04-24T08:05:59,340  WARN [main] conf.HiveConf: HiveConf of name hive.dummyparam.test.server.specific.config.metastoresite does not exist
2024-04-24T08:05:59,340  INFO [main] SessionState: Hive Session ID = bb05d182-0541-498c-ac65-c2a801348cc0
2024-04-24T08:05:59,341  INFO [main] DependencyResolver: ivysettings.xml file not found in HIVE_HOME or HIVE_CONF_DIR,/home/alex/Repositories/hive/conf/ivysettings.xml will be used
2024-04-24T08:05:59,348  INFO [main] session.SessionState: Created HDFS directory: /tmp/hive/alex/bb05d182-0541-498c-ac65-c2a801348cc0
2024-04-24T08:05:59,352  INFO [main] session.SessionState: Created local directory: /home/alex/Repositories/hive/beeline/target/tmp/alex/bb05d182-0541-498c-ac65-c2a801348cc0
2024-04-24T08:05:59,355  INFO [main] session.SessionState: Created HDFS directory: /tmp/hive/alex/bb05d182-0541-498c-ac65-c2a801348cc0/_tmp_space.db
2024-04-24T08:05:59,355  INFO [main] sqlstd.SQLStdHiveAccessController: Created SQLStdHiveAccessController for session context : HiveAuthzSessionContext [sessionString=bb05d182-0541-498c-ac65-c2a801348cc0, clientType=HIVESERVER2]
2024-04-24T08:05:59,356  INFO [main] metastore.HiveMetaStoreClient: HMS client filtering is enabled.
2024-04-24T08:05:59,356  INFO [main] metastore.HMSHandler: 0: Opening raw store with implementation class:org.apache.hadoop.hive.metastore.ObjectStore
2024-04-24T08:05:59,356  INFO [main] metastore.PersistenceManagerProvider: Configuration datanucleus.autoStartMechanismMode is not set. Defaulting to 'ignored'
2024-04-24T08:05:59,357  INFO [main] metastore.ObjectStore: RawStore: org.apache.hadoop.hive.metastore.ObjectStore@75d97e18, with PersistenceManager: null will be shutdown
2024-04-24T08:05:59,357  INFO [main] metastore.ObjectStore: RawStore: org.apache.hadoop.hive.metastore.ObjectStore@75d97e18, with PersistenceManager: org.datanucleus.api.jdo.JDOPersistenceManager@5fdb7394 created in the thread with id: 1
2024-04-24T08:05:59,361  INFO [main] metastore.HMSHandler: Created RawStore: org.apache.hadoop.hive.metastore.ObjectStore@75d97e18 from thread id: 1
2024-04-24T08:05:59,361  INFO [main] metastore.HMSHandler: HMS server filtering is disabled by configuration
2024-04-24T08:05:59,361  INFO [main] metastore.RetryingMetaStoreClient: RetryingMetaStoreClient proxy=class org.apache.hadoop.hive.ql.metadata.SessionHiveMetaStoreClient ugi=alex (auth:SIMPLE) retries=1 delay=1 lifetime=0
2024-04-24T08:05:59,361  INFO [main] service.CompositeService: Operation log root directory is created: /home/alex/Repositories/hive/beeline/target/tmp/alex/operation_logs
2024-04-24T08:05:59,361  INFO [main] service.CompositeService: HiveServer2: Background operation thread pool size: 100
2024-04-24T08:05:59,361  INFO [main] service.CompositeService: HiveServer2: Background operation thread wait queue size: 100
2024-04-24T08:05:59,361  INFO [main] service.CompositeService: HiveServer2: Background operation thread keepalive time: 10 seconds
2024-04-24T08:05:59,361  INFO [main] service.CompositeService: Connections limit are user: 0 ipaddress: 0 user-ipaddress: 0
2024-04-24T08:05:59,363  INFO [main] cleanup.EventualCleanupService: EventualCleanupService started with 10 threads and queue of size 10000
ERROR StatusLogger Log4j2 ConfigurationScheduler attempted to increment scheduled items after start
ERROR StatusLogger Log4j2 ConfigurationScheduler attempted to increment scheduled items after start
2024-04-24T08:05:59,364  INFO [main] service.AbstractService: Service:OperationManager is inited.
2024-04-24T08:05:59,364  INFO [main] service.AbstractService: Service:SessionManager is inited.
2024-04-24T08:05:59,364  INFO [main] service.AbstractService: Service:CLIService is inited.
2024-04-24T08:05:59,364  INFO [main] service.AbstractService: Service:OperationManager is started.
2024-04-24T08:05:59,365  INFO [main] service.AbstractService: Service:SessionManager is started.
2024-04-24T08:05:59,365  INFO [main] service.AbstractService: Service:CLIService is started.
2024-04-24T08:05:59,365  INFO [main] service.AbstractService: Service:ThriftBinaryCLIService is inited.
2024-04-24T08:05:59,365  INFO [main] thrift.ThriftCLIService: Client protocol version: HIVE_CLI_SERVICE_PROTOCOL_V10
2024-04-24T08:05:59,365  INFO [main] thrift.ThriftCLIService: Creating Hive session handle for user [null] from IP null
2024-04-24T08:05:59,366  INFO [main] DependencyResolver: ivysettings.xml file not found in HIVE_HOME or HIVE_CONF_DIR,/home/alex/Repositories/hive/conf/ivysettings.xml will be used
2024-04-24T08:05:59,373  INFO [main] session.SessionState: Created HDFS directory: /tmp/hive/alex/2a82e147-e6cd-4a70-9f76-8be449532bba
2024-04-24T08:05:59,376  INFO [main] session.SessionState: Created local directory: /home/alex/Repositories/hive/beeline/target/tmp/alex/2a82e147-e6cd-4a70-9f76-8be449532bba
2024-04-24T08:05:59,379  INFO [main] session.SessionState: Created HDFS directory: /tmp/hive/alex/2a82e147-e6cd-4a70-9f76-8be449532bba/_tmp_space.db
2024-04-24T08:05:59,379  INFO [main] session.SessionState: Reloading auxiliary JAR files
2024-04-24T08:05:59,380  WARN [main] session.SessionState: Configuration hive.reloadable.aux.jars.path not specified
2024-04-24T08:05:59,380  INFO [main] HiveMetaStore.audit: ugi=alex	ip=unknown-ip-addr	cmd=Cleaning up thread local RawStore...	
2024-04-24T08:05:59,380  INFO [main] metastore.ObjectStore: RawStore: org.apache.hadoop.hive.metastore.ObjectStore@75d97e18, with PersistenceManager: org.datanucleus.api.jdo.JDOPersistenceManager@5fdb7394 will be shutdown
2024-04-24T08:05:59,380  INFO [main] HiveMetaStore.audit: ugi=alex	ip=unknown-ip-addr	cmd=Done cleaning up thread local RawStore	
2024-04-24T08:05:59,380  INFO [main] metastore.HiveMetaStoreClient: Closed a connection to metastore, current connections: -9
2024-04-24T08:05:59,380  INFO [main] session.HiveSessionImpl: Operation log session directory is created: /home/alex/Repositories/hive/beeline/target/tmp/alex/operation_logs/2a82e147-e6cd-4a70-9f76-8be449532bba
2024-04-24T08:05:59,380  INFO [main] service.CompositeService: Session opened, SessionHandle [2a82e147-e6cd-4a70-9f76-8be449532bba], current sessions:1
2024-04-24T08:05:59,380  INFO [main] thrift.ThriftCLIService: Login attempt is successful for user : null
2024-04-24T08:05:59,428  WARN [main] conf.HiveConf: HiveConf of name hive.dummyparam.test.server.specific.config.override does not exist
2024-04-24T08:05:59,428  WARN [main] conf.HiveConf: HiveConf of name hive.dummyparam.test.server.specific.config.hiveserver2site does not exist
2024-04-24T08:05:59,428  WARN [main] conf.HiveConf: HiveConf of name hive.dummyparam.test.server.specific.config.metastoresite does not exist
2024-04-24T08:05:59,429  INFO [2a82e147-e6cd-4a70-9f76-8be449532bba main] session.HiveSessionImpl: executing set
2024-04-24T08:05:59,429  INFO [2a82e147-e6cd-4a70-9f76-8be449532bba main] operation.HiveCommandOperation: Putting temp output to file /home/alex/Repositories/hive/beeline/target/tmp/alex/2a82e147-e6cd-4a70-9f76-8be449532bba5106572076027091462.pipeout and error output to file /home/alex/Repositories/hive/beeline/target/tmp/alex/2a82e147-e6cd-4a70-9f76-8be449532bba5954833135385743844.pipeout
2024-04-24T08:05:59,429  INFO [2a82e147-e6cd-4a70-9f76-8be449532bba main] operation.OperationManager: Adding operation: OperationHandle [opType=EXECUTE_STATEMENT, getHandleIdentifier()=89fe1c4d-2056-4e00-ba9f-f88c4cf5b213] SessionHandle [2a82e147-e6cd-4a70-9f76-8be449532bba]
2024-04-24T08:05:59,430  INFO [2a82e147-e6cd-4a70-9f76-8be449532bba main] common.LogUtils: Thread context registration is done.
DEBUG StatusLogger Building Plugin[name=filter, class=org.apache.hadoop.hive.ql.log.LogDivertAppender$NameFilter].
DEBUG StatusLogger createFilter(loggingLevel="EXECUTION")
DEBUG StatusLogger Building Plugin[name=layout, class=org.apache.logging.log4j.core.layout.PatternLayout].
DEBUG StatusLogger PatternLayout$Builder(pattern="%-5p : %m%n", PatternSelector=null, Configuration(HiveLog4j2Test), Replace=null, charset="null", alwaysWriteExceptions="null", disableAnsi="null", noConsoleNoAnsi="null", header="null", footer="null")
DEBUG StatusLogger Building Plugin[name=appender, class=org.apache.hadoop.hive.ql.log.HushableRandomAccessFileAppender].
DEBUG StatusLogger createAppender(fileName="/home/alex/Repositories/hive/beeline/target/tmp/alex/operation_logs/2a82e147-e6cd-4a70-9f76-8be449532bba/alex_20240424080559_74d376c6-ec3c-4d79-979c-14d656ce1eac", append="null", name="query-file-appender", immediateFlush="null", bufferSize="null", ignoreExceptions="null", PatternLayout(org.apache.logging.log4j.core.layout.PatternLayout with name PatternLayout), NameFilter(org.apache.hadoop.hive.ql.log.LogDivertAppender$NameFilter with name NameFilter), advertise="null", advertiseURI="null", Configuration(HiveLog4j2Test))
DEBUG StatusLogger Starting RandomAccessFileManager /home/alex/Repositories/hive/beeline/target/tmp/alex/operation_logs/2a82e147-e6cd-4a70-9f76-8be449532bba/alex_20240424080559_74d376c6-ec3c-4d79-979c-14d656ce1eac
DEBUG StatusLogger Building Plugin[name=, class=org.apache.hadoop.hive.ql.log.LogDivertAppenderForTest$TestFilter].
DEBUG StatusLogger createFilter()
DEBUG StatusLogger Building Plugin[name=, class=org.apache.logging.log4j.core.layout.PatternLayout].
DEBUG StatusLogger PatternLayout$Builder(pattern="%-5p : %m%n", PatternSelector=null, Configuration(HiveLog4j2Test), Replace=null, charset="null", alwaysWriteExceptions="null", disableAnsi="null", noConsoleNoAnsi="null", header="null", footer="null")
DEBUG StatusLogger Building Plugin[name=appender, class=org.apache.hadoop.hive.ql.log.HushableRandomAccessFileAppender].
DEBUG StatusLogger createAppender(fileName="/home/alex/Repositories/hive/beeline/target/tmp/alex/operation_logs/2a82e147-e6cd-4a70-9f76-8be449532bba/alex_20240424080559_74d376c6-ec3c-4d79-979c-14d656ce1eac.test", append="null", name="test-query-file-appender", immediateFlush="null", bufferSize="null", ignoreExceptions="null", PatternLayout(org.apache.logging.log4j.core.layout.PatternLayout with name PatternLayout), test-filter(org.apache.hadoop.hive.ql.log.LogDivertAppenderForTest$TestFilter with name test-filter), advertise="null", advertiseURI="null", Configuration(HiveLog4j2Test))
DEBUG StatusLogger Starting RandomAccessFileManager /home/alex/Repositories/hive/beeline/target/tmp/alex/operation_logs/2a82e147-e6cd-4a70-9f76-8be449532bba/alex_20240424080559_74d376c6-ec3c-4d79-979c-14d656ce1eac.test
2024-04-24T08:05:59,433  INFO [2a82e147-e6cd-4a70-9f76-8be449532bba main] operation.HiveCommandOperation: [opType=EXECUTE_STATEMENT, queryId=alex_20240424080559_74d376c6-ec3c-4d79-979c-14d656ce1eac, startTime=1713971159429, sessionId=2a82e147-e6cd-4a70-9f76-8be449532bba, createTime=1713971159365, userName=null, ipAddress=null]
2024-04-24T08:05:59,441  INFO [2a82e147-e6cd-4a70-9f76-8be449532bba main] common.LogUtils: Unregistered logging context.
2024-04-24T08:05:59,444  INFO [2a82e147-e6cd-4a70-9f76-8be449532bba main] operation.OperationManager: Closing operation: OperationHandle [opType=EXECUTE_STATEMENT, getHandleIdentifier()=89fe1c4d-2056-4e00-ba9f-f88c4cf5b213]
2024-04-24T08:05:59,444  INFO [2a82e147-e6cd-4a70-9f76-8be449532bba main] operation.OperationManager: Removed queryId: alex_20240424080559_74d376c6-ec3c-4d79-979c-14d656ce1eac corresponding to operation: OperationHandle [opType=EXECUTE_STATEMENT, getHandleIdentifier()=89fe1c4d-2056-4e00-ba9f-f88c4cf5b213] with tag: null
2024-04-24T08:05:59,445  INFO [2a82e147-e6cd-4a70-9f76-8be449532bba main] operation.HiveCommandOperation: Closing operation log /home/alex/Repositories/hive/beeline/target/tmp/alex/operation_logs/2a82e147-e6cd-4a70-9f76-8be449532bba/alex_20240424080559_74d376c6-ec3c-4d79-979c-14d656ce1eac without delay
2024-04-24T08:05:59,456  INFO [2a82e147-e6cd-4a70-9f76-8be449532bba main] session.HiveSessionImpl: executing show tables
2024-04-24T08:05:59,457  INFO [2a82e147-e6cd-4a70-9f76-8be449532bba main] operation.OperationManager: Adding operation: OperationHandle [opType=EXECUTE_STATEMENT, getHandleIdentifier()=2418802b-698a-4fa0-a5f5-fb11be084f66] SessionHandle [2a82e147-e6cd-4a70-9f76-8be449532bba]
2024-04-24T08:05:59,457  INFO [2a82e147-e6cd-4a70-9f76-8be449532bba main] common.LogUtils: Thread context registration is done.
DEBUG StatusLogger Building Plugin[name=filter, class=org.apache.hadoop.hive.ql.log.LogDivertAppender$NameFilter].
DEBUG StatusLogger createFilter(loggingLevel="EXECUTION")
DEBUG StatusLogger Building Plugin[name=layout, class=org.apache.logging.log4j.core.layout.PatternLayout].
DEBUG StatusLogger PatternLayout$Builder(pattern="%-5p : %m%n", PatternSelector=null, Configuration(HiveLog4j2Test), Replace=null, charset="null", alwaysWriteExceptions="null", disableAnsi="null", noConsoleNoAnsi="null", header="null", footer="null")
DEBUG StatusLogger Building Plugin[name=appender, class=org.apache.hadoop.hive.ql.log.HushableRandomAccessFileAppender].
DEBUG StatusLogger createAppender(fileName="/home/alex/Repositories/hive/beeline/target/tmp/alex/operation_logs/2a82e147-e6cd-4a70-9f76-8be449532bba/alex_20240424080559_e8fd370d-8acd-4faa-a5c8-0089203cf711", append="null", name="query-file-appender", immediateFlush="null", bufferSize="null", ignoreExceptions="null", PatternLayout(org.apache.logging.log4j.core.layout.PatternLayout with name PatternLayout), NameFilter(org.apache.hadoop.hive.ql.log.LogDivertAppender$NameFilter with name NameFilter), advertise="null", advertiseURI="null", Configuration(HiveLog4j2Test))
DEBUG StatusLogger Starting RandomAccessFileManager /home/alex/Repositories/hive/beeline/target/tmp/alex/operation_logs/2a82e147-e6cd-4a70-9f76-8be449532bba/alex_20240424080559_e8fd370d-8acd-4faa-a5c8-0089203cf711
DEBUG StatusLogger Building Plugin[name=, class=org.apache.hadoop.hive.ql.log.LogDivertAppenderForTest$TestFilter].
DEBUG StatusLogger createFilter()
DEBUG StatusLogger Building Plugin[name=, class=org.apache.logging.log4j.core.layout.PatternLayout].
DEBUG StatusLogger PatternLayout$Builder(pattern="%-5p : %m%n", PatternSelector=null, Configuration(HiveLog4j2Test), Replace=null, charset="null", alwaysWriteExceptions="null", disableAnsi="null", noConsoleNoAnsi="null", header="null", footer="null")
DEBUG StatusLogger Building Plugin[name=appender, class=org.apache.hadoop.hive.ql.log.HushableRandomAccessFileAppender].
DEBUG StatusLogger createAppender(fileName="/home/alex/Repositories/hive/beeline/target/tmp/alex/operation_logs/2a82e147-e6cd-4a70-9f76-8be449532bba/alex_20240424080559_e8fd370d-8acd-4faa-a5c8-0089203cf711.test", append="null", name="test-query-file-appender", immediateFlush="null", bufferSize="null", ignoreExceptions="null", PatternLayout(org.apache.logging.log4j.core.layout.PatternLayout with name PatternLayout), test-filter(org.apache.hadoop.hive.ql.log.LogDivertAppenderForTest$TestFilter with name test-filter), advertise="null", advertiseURI="null", Configuration(HiveLog4j2Test))
DEBUG StatusLogger Starting RandomAccessFileManager /home/alex/Repositories/hive/beeline/target/tmp/alex/operation_logs/2a82e147-e6cd-4a70-9f76-8be449532bba/alex_20240424080559_e8fd370d-8acd-4faa-a5c8-0089203cf711.test
2024-04-24T08:05:59,461  INFO [2a82e147-e6cd-4a70-9f76-8be449532bba main] operation.SQLOperation: [opType=EXECUTE_STATEMENT, queryId=alex_20240424080559_e8fd370d-8acd-4faa-a5c8-0089203cf711, startTime=1713971159456, sessionId=2a82e147-e6cd-4a70-9f76-8be449532bba, createTime=1713971159365, userName=null, ipAddress=null]
2024-04-24T08:05:59,462  INFO [2a82e147-e6cd-4a70-9f76-8be449532bba main] ql.Driver: Compiling command(queryId=alex_20240424080559_e8fd370d-8acd-4faa-a5c8-0089203cf711): show tables
2024-04-24T08:05:59,463  INFO [2a82e147-e6cd-4a70-9f76-8be449532bba main] metastore.HiveMetaStoreClient: HMS client filtering is enabled.
2024-04-24T08:05:59,464  INFO [2a82e147-e6cd-4a70-9f76-8be449532bba main] metastore.HMSHandler: 0: Opening raw store with implementation class:org.apache.hadoop.hive.metastore.ObjectStore
2024-04-24T08:05:59,464  INFO [2a82e147-e6cd-4a70-9f76-8be449532bba main] metastore.PersistenceManagerProvider: Configuration datanucleus.autoStartMechanismMode is not set. Defaulting to 'ignored'
2024-04-24T08:05:59,465  INFO [2a82e147-e6cd-4a70-9f76-8be449532bba main] metastore.ObjectStore: RawStore: org.apache.hadoop.hive.metastore.ObjectStore@23469199, with PersistenceManager: null will be shutdown
2024-04-24T08:05:59,465  INFO [2a82e147-e6cd-4a70-9f76-8be449532bba main] metastore.ObjectStore: RawStore: org.apache.hadoop.hive.metastore.ObjectStore@23469199, with PersistenceManager: org.datanucleus.api.jdo.JDOPersistenceManager@75dc1c1c created in the thread with id: 1
2024-04-24T08:05:59,468  INFO [2a82e147-e6cd-4a70-9f76-8be449532bba main] metastore.HMSHandler: Created RawStore: org.apache.hadoop.hive.metastore.ObjectStore@23469199 from thread id: 1
2024-04-24T08:05:59,468  INFO [2a82e147-e6cd-4a70-9f76-8be449532bba main] metastore.HMSHandler: HMS server filtering is disabled by configuration
2024-04-24T08:05:59,469  INFO [2a82e147-e6cd-4a70-9f76-8be449532bba main] metastore.RetryingMetaStoreClient: RetryingMetaStoreClient proxy=class org.apache.hadoop.hive.ql.metadata.SessionHiveMetaStoreClient ugi=alex (auth:SIMPLE) retries=1 delay=1 lifetime=0
2024-04-24T08:05:59,473  INFO [2a82e147-e6cd-4a70-9f76-8be449532bba main] HiveMetaStore.audit: ugi=alex	ip=unknown-ip-addr	cmd=get_database: default	
2024-04-24T08:05:59,475  INFO [2a82e147-e6cd-4a70-9f76-8be449532bba main] ql.Driver: Semantic Analysis Completed (retrial = false)
2024-04-24T08:05:59,475  INFO [2a82e147-e6cd-4a70-9f76-8be449532bba main] ql.Driver: Created Hive schema: Schema(fieldSchemas:[FieldSchema(name:tab_name, type:string, comment:from deserializer)], properties:null)
2024-04-24T08:05:59,476  INFO [2a82e147-e6cd-4a70-9f76-8be449532bba main] exec.ListSinkOperator: Initializing Operator: LIST_SINK[0]
2024-04-24T08:05:59,476  INFO [2a82e147-e6cd-4a70-9f76-8be449532bba main] metadata.Hive: Dumping metastore api call timing information for : compilation phase
2024-04-24T08:05:59,476  INFO [2a82e147-e6cd-4a70-9f76-8be449532bba main] metadata.Hive: Total time spent in each metastore function (ms): {isCompatibleWith_(Configuration)=0, getDatabase_(String)=1, flushCache_()=0}
2024-04-24T08:05:59,477  INFO [2a82e147-e6cd-4a70-9f76-8be449532bba main] ql.Driver: Completed compiling command(queryId=alex_20240424080559_e8fd370d-8acd-4faa-a5c8-0089203cf711); Time taken: 0.014 seconds
2024-04-24T08:05:59,477  INFO [2a82e147-e6cd-4a70-9f76-8be449532bba main] common.LogUtils: Unregistered logging context.
2024-04-24T08:05:59,478  INFO [HiveServer2-Background-Pool: Thread-202] common.LogUtils: Thread context registration is done.
2024-04-24T08:05:59,478  INFO [HiveServer2-Background-Pool: Thread-202] reexec.ReExecDriver: Execution #1 of query
2024-04-24T08:05:59,478  INFO [HiveServer2-Background-Pool: Thread-202] ql.Driver: Concurrency mode is disabled, not creating a lock manager
2024-04-24T08:05:59,478  INFO [HiveServer2-Background-Pool: Thread-202] ql.Driver: Executing command(queryId=alex_20240424080559_e8fd370d-8acd-4faa-a5c8-0089203cf711): show tables
2024-04-24T08:05:59,479  INFO [HiveServer2-Background-Pool: Thread-202] ql.Driver: Starting task [Stage-0:DDL] in serial mode
2024-04-24T08:05:59,480  INFO [HiveServer2-Background-Pool: Thread-202] HiveMetaStore.audit: ugi=alex	ip=unknown-ip-addr	cmd=get_database: default	
2024-04-24T08:05:59,481  INFO [HiveServer2-Background-Pool: Thread-202] metastore.HMSHandler: 9: Opening raw store with implementation class:org.apache.hadoop.hive.metastore.ObjectStore
2024-04-24T08:05:59,482  INFO [HiveServer2-Background-Pool: Thread-202] metastore.ObjectStore: RawStore: org.apache.hadoop.hive.metastore.ObjectStore@4909618, with PersistenceManager: null will be shutdown
2024-04-24T08:05:59,482  INFO [HiveServer2-Background-Pool: Thread-202] metastore.ObjectStore: RawStore: org.apache.hadoop.hive.metastore.ObjectStore@4909618, with PersistenceManager: org.datanucleus.api.jdo.JDOPersistenceManager@19f9c10b created in the thread with id: 202
2024-04-24T08:05:59,486  INFO [HiveServer2-Background-Pool: Thread-202] metastore.HMSHandler: Created RawStore: org.apache.hadoop.hive.metastore.ObjectStore@4909618 from thread id: 202
2024-04-24T08:05:59,488  INFO [HiveServer2-Background-Pool: Thread-202] HiveMetaStore.audit: ugi=alex	ip=unknown-ip-addr	cmd=get_multi_table : db=default tbls=null	
2024-04-24T08:05:59,492  INFO [HiveServer2-Background-Pool: Thread-202] sqlstd.SQLStdHiveAccessController: Created SQLStdHiveAccessController for session context : HiveAuthzSessionContext [sessionString=2a82e147-e6cd-4a70-9f76-8be449532bba, clientType=HIVESERVER2]
2024-04-24T08:05:59,500  INFO [HiveServer2-Background-Pool: Thread-202] metadata.Hive: Dumping metastore api call timing information for : execution phase
2024-04-24T08:05:59,500  INFO [HiveServer2-Background-Pool: Thread-202] metadata.Hive: Total time spent in each metastore function (ms): {isCompatibleWith_(Configuration)=1, getDatabase_(String)=7, getTables_(String, String)=6}
2024-04-24T08:05:59,500  INFO [HiveServer2-Background-Pool: Thread-202] ql.Driver: Completed executing command(queryId=alex_20240424080559_e8fd370d-8acd-4faa-a5c8-0089203cf711); Time taken: 0.022 seconds
2024-04-24T08:05:59,500  INFO [HiveServer2-Background-Pool: Thread-202] common.LogUtils: Unregistered logging context.
2024-04-24T08:05:59,503  INFO [2a82e147-e6cd-4a70-9f76-8be449532bba main] operation.OperationManager: Closing operation: OperationHandle [opType=EXECUTE_STATEMENT, getHandleIdentifier()=2418802b-698a-4fa0-a5f5-fb11be084f66]
2024-04-24T08:05:59,503  INFO [2a82e147-e6cd-4a70-9f76-8be449532bba main] operation.OperationManager: Removed queryId: alex_20240424080559_e8fd370d-8acd-4faa-a5c8-0089203cf711 corresponding to operation: OperationHandle [opType=EXECUTE_STATEMENT, getHandleIdentifier()=2418802b-698a-4fa0-a5f5-fb11be084f66] with tag: null
2024-04-24T08:05:59,503  INFO [2a82e147-e6cd-4a70-9f76-8be449532bba main] ql.Context: Deleting scratch dir: file:/home/alex/Repositories/hive/beeline/target/tmp/alex/2a82e147-e6cd-4a70-9f76-8be449532bba/hive_2024-04-24_08-05-59_462_6529894111360313649-1
2024-04-24T08:05:59,503  INFO [2a82e147-e6cd-4a70-9f76-8be449532bba main] cleanup.EventualCleanupService: Delete file:/home/alex/Repositories/hive/beeline/target/tmp/alex/2a82e147-e6cd-4a70-9f76-8be449532bba/hive_2024-04-24_08-05-59_462_6529894111360313649-1 operation was queued
2024-04-24T08:05:59,504  INFO [2a82e147-e6cd-4a70-9f76-8be449532bba main] exec.ListSinkOperator: Closing Operator: LIST_SINK[0]
2024-04-24T08:05:59,504  INFO [2a82e147-e6cd-4a70-9f76-8be449532bba main] exec.ListSinkOperator: RECORDS_OUT_INTERMEDIATE:0, RECORDS_OUT_OPERATOR_LIST_SINK_0:0, 
2024-04-24T08:05:59,504  INFO [2a82e147-e6cd-4a70-9f76-8be449532bba main] operation.SQLOperation: Closing operation log /home/alex/Repositories/hive/beeline/target/tmp/alex/operation_logs/2a82e147-e6cd-4a70-9f76-8be449532bba/alex_20240424080559_e8fd370d-8acd-4faa-a5c8-0089203cf711 without delay
2024-04-24T08:05:59,504  INFO [EventualCleanupService thread 0] cleanup.EventualCleanupService: Deleted file:/home/alex/Repositories/hive/beeline/target/tmp/alex/2a82e147-e6cd-4a70-9f76-8be449532bba/hive_2024-04-24_08-05-59_462_6529894111360313649-1
2024-04-24T08:05:59,511  INFO [main] service.CompositeService: Session closed, SessionHandle [2a82e147-e6cd-4a70-9f76-8be449532bba], current sessions:0
2024-04-24T08:05:59,512  INFO [2a82e147-e6cd-4a70-9f76-8be449532bba main] session.HiveSessionImpl: Operation log session directory is deleted: /home/alex/Repositories/hive/beeline/target/tmp/alex/operation_logs/2a82e147-e6cd-4a70-9f76-8be449532bba
2024-04-24T08:05:59,512  INFO [main] cleanup.EventualCleanupService: Delete /tmp/hive/alex/2a82e147-e6cd-4a70-9f76-8be449532bba operation was queued
2024-04-24T08:05:59,512  INFO [main] cleanup.EventualCleanupService: Delete /home/alex/Repositories/hive/beeline/target/tmp/alex/2a82e147-e6cd-4a70-9f76-8be449532bba operation was queued
2024-04-24T08:05:59,512  INFO [EventualCleanupService thread 2] cleanup.EventualCleanupService: Deleted /home/alex/Repositories/hive/beeline/target/tmp/alex/2a82e147-e6cd-4a70-9f76-8be449532bba
2024-04-24T08:05:59,512  INFO [EventualCleanupService thread 1] cleanup.EventualCleanupService: Deleted /tmp/hive/alex/2a82e147-e6cd-4a70-9f76-8be449532bba
2024-04-24T08:05:59,513  INFO [main] HiveMetaStore.audit: ugi=alex	ip=unknown-ip-addr	cmd=Cleaning up thread local RawStore...	
2024-04-24T08:05:59,513  INFO [main] metastore.ObjectStore: RawStore: org.apache.hadoop.hive.metastore.ObjectStore@23469199, with PersistenceManager: org.datanucleus.api.jdo.JDOPersistenceManager@75dc1c1c will be shutdown
2024-04-24T08:05:59,514  INFO [main] HiveMetaStore.audit: ugi=alex	ip=unknown-ip-addr	cmd=Done cleaning up thread local RawStore	
2024-04-24T08:05:59,514  INFO [main] metastore.HiveMetaStoreClient: Closed a connection to metastore, current connections: -10
]]></system-err>
  </testcase>
  <testcase name="testHelp" classname="org.apache.hive.beeline.cli.TestHiveCli" time="0.002"/>
  <testcase name="testSourceCmd" classname="org.apache.hive.beeline.cli.TestHiveCli" time="0.361">
    <failure type="java.lang.AssertionError"><![CDATA[java.lang.AssertionError: The expected keyword "sc1" occur in the output: 
	at org.junit.Assert.fail(Assert.java:89)
	at org.junit.Assert.assertTrue(Assert.java:42)
	at org.apache.hive.beeline.cli.TestHiveCli.verifyCMD(TestHiveCli.java:270)
	at org.apache.hive.beeline.cli.TestHiveCli.testSourceCmd(TestHiveCli.java:114)
	at sun.reflect.NativeMethodAccessorImpl.invoke0(Native Method)
	at sun.reflect.NativeMethodAccessorImpl.invoke(NativeMethodAccessorImpl.java:62)
	at sun.reflect.DelegatingMethodAccessorImpl.invoke(DelegatingMethodAccessorImpl.java:43)
	at java.lang.reflect.Method.invoke(Method.java:498)
	at org.junit.runners.model.FrameworkMethod$1.runReflectiveCall(FrameworkMethod.java:59)
	at org.junit.internal.runners.model.ReflectiveCallable.run(ReflectiveCallable.java:12)
	at org.junit.runners.model.FrameworkMethod.invokeExplosively(FrameworkMethod.java:56)
	at org.junit.internal.runners.statements.InvokeMethod.evaluate(InvokeMethod.java:17)
	at org.junit.internal.runners.statements.RunBefores.evaluate(RunBefores.java:26)
	at org.junit.internal.runners.statements.RunAfters.evaluate(RunAfters.java:27)
	at org.junit.runners.ParentRunner$3.evaluate(ParentRunner.java:306)
	at org.junit.runners.BlockJUnit4ClassRunner$1.evaluate(BlockJUnit4ClassRunner.java:100)
	at org.junit.runners.ParentRunner.runLeaf(ParentRunner.java:366)
	at org.junit.runners.BlockJUnit4ClassRunner.runChild(BlockJUnit4ClassRunner.java:103)
	at org.junit.runners.BlockJUnit4ClassRunner.runChild(BlockJUnit4ClassRunner.java:63)
	at org.junit.runners.ParentRunner$4.run(ParentRunner.java:331)
	at org.junit.runners.ParentRunner$1.schedule(ParentRunner.java:79)
	at org.junit.runners.ParentRunner.runChildren(ParentRunner.java:329)
	at org.junit.runners.ParentRunner.access$100(ParentRunner.java:66)
	at org.junit.runners.ParentRunner$2.evaluate(ParentRunner.java:293)
	at org.junit.internal.runners.statements.RunBefores.evaluate(RunBefores.java:26)
	at org.junit.runners.ParentRunner$3.evaluate(ParentRunner.java:306)
	at org.junit.runners.ParentRunner.run(ParentRunner.java:413)
	at org.junit.runner.JUnitCore.run(JUnitCore.java:137)
	at org.junit.runner.JUnitCore.run(JUnitCore.java:115)
	at org.junit.vintage.engine.execution.RunnerExecutor.execute(RunnerExecutor.java:43)
	at java.util.stream.ForEachOps$ForEachOp$OfRef.accept(ForEachOps.java:183)
	at java.util.stream.ReferencePipeline$3$1.accept(ReferencePipeline.java:193)
	at java.util.Iterator.forEachRemaining(Iterator.java:116)
	at java.util.Spliterators$IteratorSpliterator.forEachRemaining(Spliterators.java:1801)
	at java.util.stream.AbstractPipeline.copyInto(AbstractPipeline.java:482)
	at java.util.stream.AbstractPipeline.wrapAndCopyInto(AbstractPipeline.java:472)
	at java.util.stream.ForEachOps$ForEachOp.evaluateSequential(ForEachOps.java:150)
	at java.util.stream.ForEachOps$ForEachOp$OfRef.evaluateSequential(ForEachOps.java:173)
	at java.util.stream.AbstractPipeline.evaluate(AbstractPipeline.java:234)
	at java.util.stream.ReferencePipeline.forEach(ReferencePipeline.java:485)
	at org.junit.vintage.engine.VintageTestEngine.executeAllChildren(VintageTestEngine.java:82)
	at org.junit.vintage.engine.VintageTestEngine.execute(VintageTestEngine.java:73)
	at org.junit.platform.launcher.core.DefaultLauncher.execute(DefaultLauncher.java:248)
	at org.junit.platform.launcher.core.DefaultLauncher.lambda$execute$5(DefaultLauncher.java:211)
	at org.junit.platform.launcher.core.DefaultLauncher.withInterceptedStreams(DefaultLauncher.java:226)
	at org.junit.platform.launcher.core.DefaultLauncher.execute(DefaultLauncher.java:199)
	at org.junit.platform.launcher.core.DefaultLauncher.execute(DefaultLauncher.java:132)
	at org.apache.maven.surefire.junitplatform.JUnitPlatformProvider.invokeAllTests(JUnitPlatformProvider.java:154)
	at org.apache.maven.surefire.junitplatform.JUnitPlatformProvider.invoke(JUnitPlatformProvider.java:123)
	at org.apache.maven.surefire.booter.ForkedBooter.runSuitesInProcess(ForkedBooter.java:377)
	at org.apache.maven.surefire.booter.ForkedBooter.execute(ForkedBooter.java:138)
	at org.apache.maven.surefire.booter.ForkedBooter.run(ForkedBooter.java:465)
	at org.apache.maven.surefire.booter.ForkedBooter.main(ForkedBooter.java:451)
]]></failure>
    <system-err><![CDATA[2024-04-24T08:05:59,518 ERROR [main] cli.TestHiveCli: Failed to execute command due to the error: java.lang.NullPointerException: Null output stream
2024-04-24T08:05:59,601  WARN [main] conf.HiveConf: HiveConf of name hive.dummyparam.test.server.specific.config.override does not exist
2024-04-24T08:05:59,601  WARN [main] conf.HiveConf: HiveConf of name hive.dummyparam.test.server.specific.config.hiveserver2site does not exist
2024-04-24T08:05:59,601  WARN [main] conf.HiveConf: HiveConf of name hive.dummyparam.test.server.specific.config.metastoresite does not exist
2024-04-24T08:05:59,602  INFO [main] SessionState: Hive Session ID = 1093e003-bfe8-4d4a-b894-c534b117b5f9
2024-04-24T08:05:59,602  INFO [main] DependencyResolver: ivysettings.xml file not found in HIVE_HOME or HIVE_CONF_DIR,/home/alex/Repositories/hive/conf/ivysettings.xml will be used
2024-04-24T08:05:59,611  INFO [main] session.SessionState: Created HDFS directory: /tmp/hive/alex/1093e003-bfe8-4d4a-b894-c534b117b5f9
2024-04-24T08:05:59,614  INFO [main] session.SessionState: Created local directory: /home/alex/Repositories/hive/beeline/target/tmp/alex/1093e003-bfe8-4d4a-b894-c534b117b5f9
2024-04-24T08:05:59,617  INFO [main] session.SessionState: Created HDFS directory: /tmp/hive/alex/1093e003-bfe8-4d4a-b894-c534b117b5f9/_tmp_space.db
2024-04-24T08:05:59,617  INFO [main] sqlstd.SQLStdHiveAccessController: Created SQLStdHiveAccessController for session context : HiveAuthzSessionContext [sessionString=1093e003-bfe8-4d4a-b894-c534b117b5f9, clientType=HIVESERVER2]
2024-04-24T08:05:59,618  INFO [main] metastore.HiveMetaStoreClient: HMS client filtering is enabled.
2024-04-24T08:05:59,618  INFO [main] metastore.HMSHandler: 0: Opening raw store with implementation class:org.apache.hadoop.hive.metastore.ObjectStore
2024-04-24T08:05:59,619  INFO [main] metastore.PersistenceManagerProvider: Configuration datanucleus.autoStartMechanismMode is not set. Defaulting to 'ignored'
2024-04-24T08:05:59,619  INFO [main] metastore.ObjectStore: RawStore: org.apache.hadoop.hive.metastore.ObjectStore@27db45f, with PersistenceManager: null will be shutdown
2024-04-24T08:05:59,619  INFO [main] metastore.ObjectStore: RawStore: org.apache.hadoop.hive.metastore.ObjectStore@27db45f, with PersistenceManager: org.datanucleus.api.jdo.JDOPersistenceManager@6ec3d8e4 created in the thread with id: 1
2024-04-24T08:05:59,622  INFO [main] metastore.HMSHandler: Created RawStore: org.apache.hadoop.hive.metastore.ObjectStore@27db45f from thread id: 1
2024-04-24T08:05:59,623  INFO [main] metastore.HMSHandler: HMS server filtering is disabled by configuration
2024-04-24T08:05:59,623  INFO [main] metastore.RetryingMetaStoreClient: RetryingMetaStoreClient proxy=class org.apache.hadoop.hive.ql.metadata.SessionHiveMetaStoreClient ugi=alex (auth:SIMPLE) retries=1 delay=1 lifetime=0
2024-04-24T08:05:59,623  INFO [main] service.CompositeService: Operation log root directory is created: /home/alex/Repositories/hive/beeline/target/tmp/alex/operation_logs
2024-04-24T08:05:59,623  INFO [main] service.CompositeService: HiveServer2: Background operation thread pool size: 100
2024-04-24T08:05:59,623  INFO [main] service.CompositeService: HiveServer2: Background operation thread wait queue size: 100
2024-04-24T08:05:59,623  INFO [main] service.CompositeService: HiveServer2: Background operation thread keepalive time: 10 seconds
2024-04-24T08:05:59,623  INFO [main] service.CompositeService: Connections limit are user: 0 ipaddress: 0 user-ipaddress: 0
2024-04-24T08:05:59,624  INFO [main] cleanup.EventualCleanupService: EventualCleanupService started with 10 threads and queue of size 10000
ERROR StatusLogger Log4j2 ConfigurationScheduler attempted to increment scheduled items after start
ERROR StatusLogger Log4j2 ConfigurationScheduler attempted to increment scheduled items after start
2024-04-24T08:05:59,626  INFO [main] service.AbstractService: Service:OperationManager is inited.
2024-04-24T08:05:59,626  INFO [main] service.AbstractService: Service:SessionManager is inited.
2024-04-24T08:05:59,626  INFO [main] service.AbstractService: Service:CLIService is inited.
2024-04-24T08:05:59,626  INFO [main] service.AbstractService: Service:OperationManager is started.
2024-04-24T08:05:59,626  INFO [main] service.AbstractService: Service:SessionManager is started.
2024-04-24T08:05:59,626  INFO [main] service.AbstractService: Service:CLIService is started.
2024-04-24T08:05:59,626  INFO [main] service.AbstractService: Service:ThriftBinaryCLIService is inited.
2024-04-24T08:05:59,626  INFO [main] thrift.ThriftCLIService: Client protocol version: HIVE_CLI_SERVICE_PROTOCOL_V10
2024-04-24T08:05:59,626  INFO [main] thrift.ThriftCLIService: Creating Hive session handle for user [null] from IP null
2024-04-24T08:05:59,628  INFO [main] DependencyResolver: ivysettings.xml file not found in HIVE_HOME or HIVE_CONF_DIR,/home/alex/Repositories/hive/conf/ivysettings.xml will be used
2024-04-24T08:05:59,635  INFO [main] session.SessionState: Created HDFS directory: /tmp/hive/alex/0d7cba0a-07eb-4f6d-add0-1f65130b3b01
2024-04-24T08:05:59,638  INFO [main] session.SessionState: Created local directory: /home/alex/Repositories/hive/beeline/target/tmp/alex/0d7cba0a-07eb-4f6d-add0-1f65130b3b01
2024-04-24T08:05:59,641  INFO [main] session.SessionState: Created HDFS directory: /tmp/hive/alex/0d7cba0a-07eb-4f6d-add0-1f65130b3b01/_tmp_space.db
2024-04-24T08:05:59,641  INFO [main] session.SessionState: Reloading auxiliary JAR files
2024-04-24T08:05:59,641  WARN [main] session.SessionState: Configuration hive.reloadable.aux.jars.path not specified
2024-04-24T08:05:59,641  INFO [main] HiveMetaStore.audit: ugi=alex	ip=unknown-ip-addr	cmd=Cleaning up thread local RawStore...	
2024-04-24T08:05:59,641  INFO [main] metastore.ObjectStore: RawStore: org.apache.hadoop.hive.metastore.ObjectStore@27db45f, with PersistenceManager: org.datanucleus.api.jdo.JDOPersistenceManager@6ec3d8e4 will be shutdown
2024-04-24T08:05:59,641  INFO [main] HiveMetaStore.audit: ugi=alex	ip=unknown-ip-addr	cmd=Done cleaning up thread local RawStore	
2024-04-24T08:05:59,642  INFO [main] metastore.HiveMetaStoreClient: Closed a connection to metastore, current connections: -11
2024-04-24T08:05:59,642  INFO [main] session.HiveSessionImpl: Operation log session directory is created: /home/alex/Repositories/hive/beeline/target/tmp/alex/operation_logs/0d7cba0a-07eb-4f6d-add0-1f65130b3b01
2024-04-24T08:05:59,642  INFO [main] service.CompositeService: Session opened, SessionHandle [0d7cba0a-07eb-4f6d-add0-1f65130b3b01], current sessions:1
2024-04-24T08:05:59,642  INFO [main] thrift.ThriftCLIService: Login attempt is successful for user : null
2024-04-24T08:05:59,689  WARN [main] conf.HiveConf: HiveConf of name hive.dummyparam.test.server.specific.config.override does not exist
2024-04-24T08:05:59,689  WARN [main] conf.HiveConf: HiveConf of name hive.dummyparam.test.server.specific.config.hiveserver2site does not exist
2024-04-24T08:05:59,689  WARN [main] conf.HiveConf: HiveConf of name hive.dummyparam.test.server.specific.config.metastoresite does not exist
2024-04-24T08:05:59,689  INFO [0d7cba0a-07eb-4f6d-add0-1f65130b3b01 main] session.HiveSessionImpl: executing set
2024-04-24T08:05:59,690  INFO [0d7cba0a-07eb-4f6d-add0-1f65130b3b01 main] operation.HiveCommandOperation: Putting temp output to file /home/alex/Repositories/hive/beeline/target/tmp/alex/0d7cba0a-07eb-4f6d-add0-1f65130b3b012711725700806580597.pipeout and error output to file /home/alex/Repositories/hive/beeline/target/tmp/alex/0d7cba0a-07eb-4f6d-add0-1f65130b3b013225460422236944325.pipeout
2024-04-24T08:05:59,690  INFO [0d7cba0a-07eb-4f6d-add0-1f65130b3b01 main] operation.OperationManager: Adding operation: OperationHandle [opType=EXECUTE_STATEMENT, getHandleIdentifier()=e8cecd43-6356-4ee1-aa86-d00bf4aec73b] SessionHandle [0d7cba0a-07eb-4f6d-add0-1f65130b3b01]
2024-04-24T08:05:59,690  INFO [0d7cba0a-07eb-4f6d-add0-1f65130b3b01 main] common.LogUtils: Thread context registration is done.
DEBUG StatusLogger Building Plugin[name=filter, class=org.apache.hadoop.hive.ql.log.LogDivertAppender$NameFilter].
DEBUG StatusLogger createFilter(loggingLevel="EXECUTION")
DEBUG StatusLogger Building Plugin[name=layout, class=org.apache.logging.log4j.core.layout.PatternLayout].
DEBUG StatusLogger PatternLayout$Builder(pattern="%-5p : %m%n", PatternSelector=null, Configuration(HiveLog4j2Test), Replace=null, charset="null", alwaysWriteExceptions="null", disableAnsi="null", noConsoleNoAnsi="null", header="null", footer="null")
DEBUG StatusLogger Building Plugin[name=appender, class=org.apache.hadoop.hive.ql.log.HushableRandomAccessFileAppender].
DEBUG StatusLogger createAppender(fileName="/home/alex/Repositories/hive/beeline/target/tmp/alex/operation_logs/0d7cba0a-07eb-4f6d-add0-1f65130b3b01/alex_20240424080559_2895d5b2-581b-4313-bdfa-0fb9eec4256e", append="null", name="query-file-appender", immediateFlush="null", bufferSize="null", ignoreExceptions="null", PatternLayout(org.apache.logging.log4j.core.layout.PatternLayout with name PatternLayout), NameFilter(org.apache.hadoop.hive.ql.log.LogDivertAppender$NameFilter with name NameFilter), advertise="null", advertiseURI="null", Configuration(HiveLog4j2Test))
DEBUG StatusLogger Starting RandomAccessFileManager /home/alex/Repositories/hive/beeline/target/tmp/alex/operation_logs/0d7cba0a-07eb-4f6d-add0-1f65130b3b01/alex_20240424080559_2895d5b2-581b-4313-bdfa-0fb9eec4256e
DEBUG StatusLogger Building Plugin[name=, class=org.apache.hadoop.hive.ql.log.LogDivertAppenderForTest$TestFilter].
DEBUG StatusLogger createFilter()
DEBUG StatusLogger Building Plugin[name=, class=org.apache.logging.log4j.core.layout.PatternLayout].
DEBUG StatusLogger PatternLayout$Builder(pattern="%-5p : %m%n", PatternSelector=null, Configuration(HiveLog4j2Test), Replace=null, charset="null", alwaysWriteExceptions="null", disableAnsi="null", noConsoleNoAnsi="null", header="null", footer="null")
DEBUG StatusLogger Building Plugin[name=appender, class=org.apache.hadoop.hive.ql.log.HushableRandomAccessFileAppender].
DEBUG StatusLogger createAppender(fileName="/home/alex/Repositories/hive/beeline/target/tmp/alex/operation_logs/0d7cba0a-07eb-4f6d-add0-1f65130b3b01/alex_20240424080559_2895d5b2-581b-4313-bdfa-0fb9eec4256e.test", append="null", name="test-query-file-appender", immediateFlush="null", bufferSize="null", ignoreExceptions="null", PatternLayout(org.apache.logging.log4j.core.layout.PatternLayout with name PatternLayout), test-filter(org.apache.hadoop.hive.ql.log.LogDivertAppenderForTest$TestFilter with name test-filter), advertise="null", advertiseURI="null", Configuration(HiveLog4j2Test))
DEBUG StatusLogger Starting RandomAccessFileManager /home/alex/Repositories/hive/beeline/target/tmp/alex/operation_logs/0d7cba0a-07eb-4f6d-add0-1f65130b3b01/alex_20240424080559_2895d5b2-581b-4313-bdfa-0fb9eec4256e.test
2024-04-24T08:05:59,693  INFO [0d7cba0a-07eb-4f6d-add0-1f65130b3b01 main] operation.HiveCommandOperation: [opType=EXECUTE_STATEMENT, queryId=alex_20240424080559_2895d5b2-581b-4313-bdfa-0fb9eec4256e, startTime=1713971159689, sessionId=0d7cba0a-07eb-4f6d-add0-1f65130b3b01, createTime=1713971159627, userName=null, ipAddress=null]
2024-04-24T08:05:59,702  INFO [0d7cba0a-07eb-4f6d-add0-1f65130b3b01 main] common.LogUtils: Unregistered logging context.
2024-04-24T08:05:59,704  INFO [0d7cba0a-07eb-4f6d-add0-1f65130b3b01 main] operation.OperationManager: Closing operation: OperationHandle [opType=EXECUTE_STATEMENT, getHandleIdentifier()=e8cecd43-6356-4ee1-aa86-d00bf4aec73b]
2024-04-24T08:05:59,704  INFO [0d7cba0a-07eb-4f6d-add0-1f65130b3b01 main] operation.OperationManager: Removed queryId: alex_20240424080559_2895d5b2-581b-4313-bdfa-0fb9eec4256e corresponding to operation: OperationHandle [opType=EXECUTE_STATEMENT, getHandleIdentifier()=e8cecd43-6356-4ee1-aa86-d00bf4aec73b] with tag: null
2024-04-24T08:05:59,705  INFO [0d7cba0a-07eb-4f6d-add0-1f65130b3b01 main] operation.HiveCommandOperation: Closing operation log /home/alex/Repositories/hive/beeline/target/tmp/alex/operation_logs/0d7cba0a-07eb-4f6d-add0-1f65130b3b01/alex_20240424080559_2895d5b2-581b-4313-bdfa-0fb9eec4256e without delay
2024-04-24T08:05:59,707  INFO [0d7cba0a-07eb-4f6d-add0-1f65130b3b01 main] session.HiveSessionImpl: executing use test
2024-04-24T08:05:59,708  INFO [0d7cba0a-07eb-4f6d-add0-1f65130b3b01 main] operation.OperationManager: Adding operation: OperationHandle [opType=EXECUTE_STATEMENT, getHandleIdentifier()=3c9c4394-22f8-4d2e-b7a5-632c92375f1f] SessionHandle [0d7cba0a-07eb-4f6d-add0-1f65130b3b01]
2024-04-24T08:05:59,708  INFO [0d7cba0a-07eb-4f6d-add0-1f65130b3b01 main] common.LogUtils: Thread context registration is done.
DEBUG StatusLogger Building Plugin[name=filter, class=org.apache.hadoop.hive.ql.log.LogDivertAppender$NameFilter].
DEBUG StatusLogger createFilter(loggingLevel="EXECUTION")
DEBUG StatusLogger Building Plugin[name=layout, class=org.apache.logging.log4j.core.layout.PatternLayout].
DEBUG StatusLogger PatternLayout$Builder(pattern="%-5p : %m%n", PatternSelector=null, Configuration(HiveLog4j2Test), Replace=null, charset="null", alwaysWriteExceptions="null", disableAnsi="null", noConsoleNoAnsi="null", header="null", footer="null")
DEBUG StatusLogger Building Plugin[name=appender, class=org.apache.hadoop.hive.ql.log.HushableRandomAccessFileAppender].
DEBUG StatusLogger createAppender(fileName="/home/alex/Repositories/hive/beeline/target/tmp/alex/operation_logs/0d7cba0a-07eb-4f6d-add0-1f65130b3b01/alex_20240424080559_6505e97c-02ff-409f-a431-42793cb55aba", append="null", name="query-file-appender", immediateFlush="null", bufferSize="null", ignoreExceptions="null", PatternLayout(org.apache.logging.log4j.core.layout.PatternLayout with name PatternLayout), NameFilter(org.apache.hadoop.hive.ql.log.LogDivertAppender$NameFilter with name NameFilter), advertise="null", advertiseURI="null", Configuration(HiveLog4j2Test))
DEBUG StatusLogger Starting RandomAccessFileManager /home/alex/Repositories/hive/beeline/target/tmp/alex/operation_logs/0d7cba0a-07eb-4f6d-add0-1f65130b3b01/alex_20240424080559_6505e97c-02ff-409f-a431-42793cb55aba
DEBUG StatusLogger Building Plugin[name=, class=org.apache.hadoop.hive.ql.log.LogDivertAppenderForTest$TestFilter].
DEBUG StatusLogger createFilter()
DEBUG StatusLogger Building Plugin[name=, class=org.apache.logging.log4j.core.layout.PatternLayout].
DEBUG StatusLogger PatternLayout$Builder(pattern="%-5p : %m%n", PatternSelector=null, Configuration(HiveLog4j2Test), Replace=null, charset="null", alwaysWriteExceptions="null", disableAnsi="null", noConsoleNoAnsi="null", header="null", footer="null")
DEBUG StatusLogger Building Plugin[name=appender, class=org.apache.hadoop.hive.ql.log.HushableRandomAccessFileAppender].
DEBUG StatusLogger createAppender(fileName="/home/alex/Repositories/hive/beeline/target/tmp/alex/operation_logs/0d7cba0a-07eb-4f6d-add0-1f65130b3b01/alex_20240424080559_6505e97c-02ff-409f-a431-42793cb55aba.test", append="null", name="test-query-file-appender", immediateFlush="null", bufferSize="null", ignoreExceptions="null", PatternLayout(org.apache.logging.log4j.core.layout.PatternLayout with name PatternLayout), test-filter(org.apache.hadoop.hive.ql.log.LogDivertAppenderForTest$TestFilter with name test-filter), advertise="null", advertiseURI="null", Configuration(HiveLog4j2Test))
DEBUG StatusLogger Starting RandomAccessFileManager /home/alex/Repositories/hive/beeline/target/tmp/alex/operation_logs/0d7cba0a-07eb-4f6d-add0-1f65130b3b01/alex_20240424080559_6505e97c-02ff-409f-a431-42793cb55aba.test
2024-04-24T08:05:59,711  INFO [0d7cba0a-07eb-4f6d-add0-1f65130b3b01 main] operation.SQLOperation: [opType=EXECUTE_STATEMENT, queryId=alex_20240424080559_6505e97c-02ff-409f-a431-42793cb55aba, startTime=1713971159707, sessionId=0d7cba0a-07eb-4f6d-add0-1f65130b3b01, createTime=1713971159627, userName=null, ipAddress=null]
2024-04-24T08:05:59,712  INFO [0d7cba0a-07eb-4f6d-add0-1f65130b3b01 main] ql.Driver: Compiling command(queryId=alex_20240424080559_6505e97c-02ff-409f-a431-42793cb55aba): use test
2024-04-24T08:05:59,713  INFO [0d7cba0a-07eb-4f6d-add0-1f65130b3b01 main] metastore.HiveMetaStoreClient: HMS client filtering is enabled.
2024-04-24T08:05:59,714  INFO [0d7cba0a-07eb-4f6d-add0-1f65130b3b01 main] metastore.HMSHandler: 0: Opening raw store with implementation class:org.apache.hadoop.hive.metastore.ObjectStore
2024-04-24T08:05:59,714  INFO [0d7cba0a-07eb-4f6d-add0-1f65130b3b01 main] metastore.PersistenceManagerProvider: Configuration datanucleus.autoStartMechanismMode is not set. Defaulting to 'ignored'
2024-04-24T08:05:59,715  INFO [0d7cba0a-07eb-4f6d-add0-1f65130b3b01 main] metastore.ObjectStore: RawStore: org.apache.hadoop.hive.metastore.ObjectStore@79b7c350, with PersistenceManager: null will be shutdown
2024-04-24T08:05:59,716  INFO [0d7cba0a-07eb-4f6d-add0-1f65130b3b01 main] metastore.ObjectStore: RawStore: org.apache.hadoop.hive.metastore.ObjectStore@79b7c350, with PersistenceManager: org.datanucleus.api.jdo.JDOPersistenceManager@586737ff created in the thread with id: 1
2024-04-24T08:05:59,720  INFO [0d7cba0a-07eb-4f6d-add0-1f65130b3b01 main] metastore.HMSHandler: Created RawStore: org.apache.hadoop.hive.metastore.ObjectStore@79b7c350 from thread id: 1
2024-04-24T08:05:59,720  INFO [0d7cba0a-07eb-4f6d-add0-1f65130b3b01 main] metastore.HMSHandler: HMS server filtering is disabled by configuration
2024-04-24T08:05:59,720  INFO [0d7cba0a-07eb-4f6d-add0-1f65130b3b01 main] metastore.RetryingMetaStoreClient: RetryingMetaStoreClient proxy=class org.apache.hadoop.hive.ql.metadata.SessionHiveMetaStoreClient ugi=alex (auth:SIMPLE) retries=1 delay=1 lifetime=0
2024-04-24T08:05:59,721  INFO [0d7cba0a-07eb-4f6d-add0-1f65130b3b01 main] HiveMetaStore.audit: ugi=alex	ip=unknown-ip-addr	cmd=get_database: test	
2024-04-24T08:05:59,722  INFO [0d7cba0a-07eb-4f6d-add0-1f65130b3b01 main] ql.Driver: Semantic Analysis Completed (retrial = false)
2024-04-24T08:05:59,722  INFO [0d7cba0a-07eb-4f6d-add0-1f65130b3b01 main] ql.Driver: Created Hive schema: Schema(fieldSchemas:null, properties:null)
2024-04-24T08:05:59,722  INFO [0d7cba0a-07eb-4f6d-add0-1f65130b3b01 main] metadata.Hive: Dumping metastore api call timing information for : compilation phase
2024-04-24T08:05:59,723  INFO [0d7cba0a-07eb-4f6d-add0-1f65130b3b01 main] metadata.Hive: Total time spent in each metastore function (ms): {isCompatibleWith_(Configuration)=0, getDatabase_(String)=1, flushCache_()=0}
2024-04-24T08:05:59,723  INFO [0d7cba0a-07eb-4f6d-add0-1f65130b3b01 main] ql.Driver: Completed compiling command(queryId=alex_20240424080559_6505e97c-02ff-409f-a431-42793cb55aba); Time taken: 0.01 seconds
2024-04-24T08:05:59,723  INFO [0d7cba0a-07eb-4f6d-add0-1f65130b3b01 main] common.LogUtils: Unregistered logging context.
2024-04-24T08:05:59,724  INFO [HiveServer2-Background-Pool: Thread-228] common.LogUtils: Thread context registration is done.
2024-04-24T08:05:59,724  INFO [HiveServer2-Background-Pool: Thread-228] reexec.ReExecDriver: Execution #1 of query
2024-04-24T08:05:59,725  INFO [HiveServer2-Background-Pool: Thread-228] ql.Driver: Concurrency mode is disabled, not creating a lock manager
2024-04-24T08:05:59,725  INFO [HiveServer2-Background-Pool: Thread-228] ql.Driver: Executing command(queryId=alex_20240424080559_6505e97c-02ff-409f-a431-42793cb55aba): use test
2024-04-24T08:05:59,726  INFO [HiveServer2-Background-Pool: Thread-228] ql.Driver: Starting task [Stage-0:DDL] in serial mode
2024-04-24T08:05:59,727  INFO [HiveServer2-Background-Pool: Thread-228] HiveMetaStore.audit: ugi=alex	ip=unknown-ip-addr	cmd=get_database: test	
2024-04-24T08:05:59,727  INFO [HiveServer2-Background-Pool: Thread-228] metastore.HMSHandler: 10: Opening raw store with implementation class:org.apache.hadoop.hive.metastore.ObjectStore
2024-04-24T08:05:59,728  INFO [HiveServer2-Background-Pool: Thread-228] metastore.ObjectStore: RawStore: org.apache.hadoop.hive.metastore.ObjectStore@389c65a9, with PersistenceManager: null will be shutdown
2024-04-24T08:05:59,728  INFO [HiveServer2-Background-Pool: Thread-228] metastore.ObjectStore: RawStore: org.apache.hadoop.hive.metastore.ObjectStore@389c65a9, with PersistenceManager: org.datanucleus.api.jdo.JDOPersistenceManager@7d9efcde created in the thread with id: 228
2024-04-24T08:05:59,732  INFO [HiveServer2-Background-Pool: Thread-228] metastore.HMSHandler: Created RawStore: org.apache.hadoop.hive.metastore.ObjectStore@389c65a9 from thread id: 228
2024-04-24T08:05:59,733  INFO [HiveServer2-Background-Pool: Thread-228] HiveMetaStore.audit: ugi=alex	ip=unknown-ip-addr	cmd=get_database: test	
2024-04-24T08:05:59,734  INFO [HiveServer2-Background-Pool: Thread-228] metadata.Hive: Dumping metastore api call timing information for : execution phase
2024-04-24T08:05:59,734  INFO [HiveServer2-Background-Pool: Thread-228] metadata.Hive: Total time spent in each metastore function (ms): {isCompatibleWith_(Configuration)=0, getDatabase_(String)=8}
2024-04-24T08:05:59,734  INFO [HiveServer2-Background-Pool: Thread-228] ql.Driver: Completed executing command(queryId=alex_20240424080559_6505e97c-02ff-409f-a431-42793cb55aba); Time taken: 0.009 seconds
2024-04-24T08:05:59,735  INFO [HiveServer2-Background-Pool: Thread-228] common.LogUtils: Unregistered logging context.
2024-04-24T08:05:59,738  INFO [0d7cba0a-07eb-4f6d-add0-1f65130b3b01 main] operation.OperationManager: Closing operation: OperationHandle [opType=EXECUTE_STATEMENT, getHandleIdentifier()=3c9c4394-22f8-4d2e-b7a5-632c92375f1f]
2024-04-24T08:05:59,738  INFO [0d7cba0a-07eb-4f6d-add0-1f65130b3b01 main] operation.OperationManager: Removed queryId: alex_20240424080559_6505e97c-02ff-409f-a431-42793cb55aba corresponding to operation: OperationHandle [opType=EXECUTE_STATEMENT, getHandleIdentifier()=3c9c4394-22f8-4d2e-b7a5-632c92375f1f] with tag: null
2024-04-24T08:05:59,738  INFO [0d7cba0a-07eb-4f6d-add0-1f65130b3b01 main] operation.SQLOperation: Closing operation log /home/alex/Repositories/hive/beeline/target/tmp/alex/operation_logs/0d7cba0a-07eb-4f6d-add0-1f65130b3b01/alex_20240424080559_6505e97c-02ff-409f-a431-42793cb55aba without delay
2024-04-24T08:05:59,796  WARN [main] conf.HiveConf: HiveConf of name hive.dummyparam.test.server.specific.config.override does not exist
2024-04-24T08:05:59,797  WARN [main] conf.HiveConf: HiveConf of name hive.dummyparam.test.server.specific.config.hiveserver2site does not exist
2024-04-24T08:05:59,797  WARN [main] conf.HiveConf: HiveConf of name hive.dummyparam.test.server.specific.config.metastoresite does not exist
2024-04-24T08:05:59,797  INFO [0d7cba0a-07eb-4f6d-add0-1f65130b3b01 main] session.HiveSessionImpl: executing set
2024-04-24T08:05:59,798  INFO [0d7cba0a-07eb-4f6d-add0-1f65130b3b01 main] operation.HiveCommandOperation: Putting temp output to file /home/alex/Repositories/hive/beeline/target/tmp/alex/0d7cba0a-07eb-4f6d-add0-1f65130b3b012711725700806580597.pipeout and error output to file /home/alex/Repositories/hive/beeline/target/tmp/alex/0d7cba0a-07eb-4f6d-add0-1f65130b3b013225460422236944325.pipeout
2024-04-24T08:05:59,798  INFO [0d7cba0a-07eb-4f6d-add0-1f65130b3b01 main] operation.OperationManager: Adding operation: OperationHandle [opType=EXECUTE_STATEMENT, getHandleIdentifier()=00b0f3c3-4be5-4216-8721-2c3a12a73d52] SessionHandle [0d7cba0a-07eb-4f6d-add0-1f65130b3b01]
2024-04-24T08:05:59,798  INFO [0d7cba0a-07eb-4f6d-add0-1f65130b3b01 main] common.LogUtils: Thread context registration is done.
DEBUG StatusLogger Building Plugin[name=filter, class=org.apache.hadoop.hive.ql.log.LogDivertAppender$NameFilter].
DEBUG StatusLogger createFilter(loggingLevel="EXECUTION")
DEBUG StatusLogger Building Plugin[name=layout, class=org.apache.logging.log4j.core.layout.PatternLayout].
DEBUG StatusLogger PatternLayout$Builder(pattern="%-5p : %m%n", PatternSelector=null, Configuration(HiveLog4j2Test), Replace=null, charset="null", alwaysWriteExceptions="null", disableAnsi="null", noConsoleNoAnsi="null", header="null", footer="null")
DEBUG StatusLogger Building Plugin[name=appender, class=org.apache.hadoop.hive.ql.log.HushableRandomAccessFileAppender].
DEBUG StatusLogger createAppender(fileName="/home/alex/Repositories/hive/beeline/target/tmp/alex/operation_logs/0d7cba0a-07eb-4f6d-add0-1f65130b3b01/alex_20240424080559_a1aaf11a-94de-4b94-8ee0-5a4d03adfac1", append="null", name="query-file-appender", immediateFlush="null", bufferSize="null", ignoreExceptions="null", PatternLayout(org.apache.logging.log4j.core.layout.PatternLayout with name PatternLayout), NameFilter(org.apache.hadoop.hive.ql.log.LogDivertAppender$NameFilter with name NameFilter), advertise="null", advertiseURI="null", Configuration(HiveLog4j2Test))
DEBUG StatusLogger Starting RandomAccessFileManager /home/alex/Repositories/hive/beeline/target/tmp/alex/operation_logs/0d7cba0a-07eb-4f6d-add0-1f65130b3b01/alex_20240424080559_a1aaf11a-94de-4b94-8ee0-5a4d03adfac1
DEBUG StatusLogger Building Plugin[name=, class=org.apache.hadoop.hive.ql.log.LogDivertAppenderForTest$TestFilter].
DEBUG StatusLogger createFilter()
DEBUG StatusLogger Building Plugin[name=, class=org.apache.logging.log4j.core.layout.PatternLayout].
DEBUG StatusLogger PatternLayout$Builder(pattern="%-5p : %m%n", PatternSelector=null, Configuration(HiveLog4j2Test), Replace=null, charset="null", alwaysWriteExceptions="null", disableAnsi="null", noConsoleNoAnsi="null", header="null", footer="null")
DEBUG StatusLogger Building Plugin[name=appender, class=org.apache.hadoop.hive.ql.log.HushableRandomAccessFileAppender].
DEBUG StatusLogger createAppender(fileName="/home/alex/Repositories/hive/beeline/target/tmp/alex/operation_logs/0d7cba0a-07eb-4f6d-add0-1f65130b3b01/alex_20240424080559_a1aaf11a-94de-4b94-8ee0-5a4d03adfac1.test", append="null", name="test-query-file-appender", immediateFlush="null", bufferSize="null", ignoreExceptions="null", PatternLayout(org.apache.logging.log4j.core.layout.PatternLayout with name PatternLayout), test-filter(org.apache.hadoop.hive.ql.log.LogDivertAppenderForTest$TestFilter with name test-filter), advertise="null", advertiseURI="null", Configuration(HiveLog4j2Test))
DEBUG StatusLogger Starting RandomAccessFileManager /home/alex/Repositories/hive/beeline/target/tmp/alex/operation_logs/0d7cba0a-07eb-4f6d-add0-1f65130b3b01/alex_20240424080559_a1aaf11a-94de-4b94-8ee0-5a4d03adfac1.test
2024-04-24T08:05:59,802  INFO [0d7cba0a-07eb-4f6d-add0-1f65130b3b01 main] operation.HiveCommandOperation: [opType=EXECUTE_STATEMENT, queryId=alex_20240424080559_a1aaf11a-94de-4b94-8ee0-5a4d03adfac1, startTime=1713971159797, sessionId=0d7cba0a-07eb-4f6d-add0-1f65130b3b01, createTime=1713971159627, userName=null, ipAddress=null]
2024-04-24T08:05:59,810  INFO [0d7cba0a-07eb-4f6d-add0-1f65130b3b01 main] common.LogUtils: Unregistered logging context.
2024-04-24T08:05:59,813  INFO [0d7cba0a-07eb-4f6d-add0-1f65130b3b01 main] operation.OperationManager: Closing operation: OperationHandle [opType=EXECUTE_STATEMENT, getHandleIdentifier()=00b0f3c3-4be5-4216-8721-2c3a12a73d52]
2024-04-24T08:05:59,813  INFO [0d7cba0a-07eb-4f6d-add0-1f65130b3b01 main] operation.OperationManager: Removed queryId: alex_20240424080559_a1aaf11a-94de-4b94-8ee0-5a4d03adfac1 corresponding to operation: OperationHandle [opType=EXECUTE_STATEMENT, getHandleIdentifier()=00b0f3c3-4be5-4216-8721-2c3a12a73d52] with tag: null
2024-04-24T08:05:59,813  INFO [0d7cba0a-07eb-4f6d-add0-1f65130b3b01 main] operation.HiveCommandOperation: Closing operation log /home/alex/Repositories/hive/beeline/target/tmp/alex/operation_logs/0d7cba0a-07eb-4f6d-add0-1f65130b3b01/alex_20240424080559_a1aaf11a-94de-4b94-8ee0-5a4d03adfac1 without delay
2024-04-24T08:05:59,815  INFO [0d7cba0a-07eb-4f6d-add0-1f65130b3b01 main] session.HiveSessionImpl: executing create table if not exists test.testSrcTbl(sc1 string)
2024-04-24T08:05:59,815  INFO [0d7cba0a-07eb-4f6d-add0-1f65130b3b01 main] operation.OperationManager: Adding operation: OperationHandle [opType=EXECUTE_STATEMENT, getHandleIdentifier()=a18784a1-793e-45bb-bf40-d4f3b17d8712] SessionHandle [0d7cba0a-07eb-4f6d-add0-1f65130b3b01]
2024-04-24T08:05:59,815  INFO [0d7cba0a-07eb-4f6d-add0-1f65130b3b01 main] common.LogUtils: Thread context registration is done.
DEBUG StatusLogger Building Plugin[name=filter, class=org.apache.hadoop.hive.ql.log.LogDivertAppender$NameFilter].
DEBUG StatusLogger createFilter(loggingLevel="EXECUTION")
DEBUG StatusLogger Building Plugin[name=layout, class=org.apache.logging.log4j.core.layout.PatternLayout].
DEBUG StatusLogger PatternLayout$Builder(pattern="%-5p : %m%n", PatternSelector=null, Configuration(HiveLog4j2Test), Replace=null, charset="null", alwaysWriteExceptions="null", disableAnsi="null", noConsoleNoAnsi="null", header="null", footer="null")
DEBUG StatusLogger Building Plugin[name=appender, class=org.apache.hadoop.hive.ql.log.HushableRandomAccessFileAppender].
DEBUG StatusLogger createAppender(fileName="/home/alex/Repositories/hive/beeline/target/tmp/alex/operation_logs/0d7cba0a-07eb-4f6d-add0-1f65130b3b01/alex_20240424080559_e21e8a33-8063-4d35-b56d-1705efe20fb1", append="null", name="query-file-appender", immediateFlush="null", bufferSize="null", ignoreExceptions="null", PatternLayout(org.apache.logging.log4j.core.layout.PatternLayout with name PatternLayout), NameFilter(org.apache.hadoop.hive.ql.log.LogDivertAppender$NameFilter with name NameFilter), advertise="null", advertiseURI="null", Configuration(HiveLog4j2Test))
DEBUG StatusLogger Starting RandomAccessFileManager /home/alex/Repositories/hive/beeline/target/tmp/alex/operation_logs/0d7cba0a-07eb-4f6d-add0-1f65130b3b01/alex_20240424080559_e21e8a33-8063-4d35-b56d-1705efe20fb1
DEBUG StatusLogger Building Plugin[name=, class=org.apache.hadoop.hive.ql.log.LogDivertAppenderForTest$TestFilter].
DEBUG StatusLogger createFilter()
DEBUG StatusLogger Building Plugin[name=, class=org.apache.logging.log4j.core.layout.PatternLayout].
DEBUG StatusLogger PatternLayout$Builder(pattern="%-5p : %m%n", PatternSelector=null, Configuration(HiveLog4j2Test), Replace=null, charset="null", alwaysWriteExceptions="null", disableAnsi="null", noConsoleNoAnsi="null", header="null", footer="null")
DEBUG StatusLogger Building Plugin[name=appender, class=org.apache.hadoop.hive.ql.log.HushableRandomAccessFileAppender].
DEBUG StatusLogger createAppender(fileName="/home/alex/Repositories/hive/beeline/target/tmp/alex/operation_logs/0d7cba0a-07eb-4f6d-add0-1f65130b3b01/alex_20240424080559_e21e8a33-8063-4d35-b56d-1705efe20fb1.test", append="null", name="test-query-file-appender", immediateFlush="null", bufferSize="null", ignoreExceptions="null", PatternLayout(org.apache.logging.log4j.core.layout.PatternLayout with name PatternLayout), test-filter(org.apache.hadoop.hive.ql.log.LogDivertAppenderForTest$TestFilter with name test-filter), advertise="null", advertiseURI="null", Configuration(HiveLog4j2Test))
DEBUG StatusLogger Starting RandomAccessFileManager /home/alex/Repositories/hive/beeline/target/tmp/alex/operation_logs/0d7cba0a-07eb-4f6d-add0-1f65130b3b01/alex_20240424080559_e21e8a33-8063-4d35-b56d-1705efe20fb1.test
2024-04-24T08:05:59,819  INFO [0d7cba0a-07eb-4f6d-add0-1f65130b3b01 main] operation.SQLOperation: [opType=EXECUTE_STATEMENT, queryId=alex_20240424080559_e21e8a33-8063-4d35-b56d-1705efe20fb1, startTime=1713971159815, sessionId=0d7cba0a-07eb-4f6d-add0-1f65130b3b01, createTime=1713971159627, userName=null, ipAddress=null]
2024-04-24T08:05:59,820  INFO [0d7cba0a-07eb-4f6d-add0-1f65130b3b01 main] ql.Driver: Compiling command(queryId=alex_20240424080559_e21e8a33-8063-4d35-b56d-1705efe20fb1): create table if not exists test.testSrcTbl(sc1 string)
2024-04-24T08:05:59,821  INFO [0d7cba0a-07eb-4f6d-add0-1f65130b3b01 main] parse.CalcitePlanner: Starting caching scope for: alex_20240424080559_e21e8a33-8063-4d35-b56d-1705efe20fb1
2024-04-24T08:05:59,821  INFO [0d7cba0a-07eb-4f6d-add0-1f65130b3b01 main] parse.CalcitePlanner: Starting Semantic Analysis
2024-04-24T08:05:59,821  INFO [0d7cba0a-07eb-4f6d-add0-1f65130b3b01 main] sqlstd.SQLStdHiveAccessController: Created SQLStdHiveAccessController for session context : HiveAuthzSessionContext [sessionString=0d7cba0a-07eb-4f6d-add0-1f65130b3b01, clientType=HIVESERVER2]
2024-04-24T08:05:59,821  INFO [0d7cba0a-07eb-4f6d-add0-1f65130b3b01 main] parse.CalcitePlanner: Creating table test.testSrcTbl position=27
2024-04-24T08:05:59,822  INFO [0d7cba0a-07eb-4f6d-add0-1f65130b3b01 main] HiveMetaStore.audit: ugi=alex	ip=unknown-ip-addr	cmd=get_table : tbl=hive.test.testSrcTbl	
2024-04-24T08:05:59,830  INFO [0d7cba0a-07eb-4f6d-add0-1f65130b3b01 main] HiveMetaStore.audit: ugi=alex	ip=unknown-ip-addr	cmd=get_database: test	
2024-04-24T08:05:59,831  INFO [0d7cba0a-07eb-4f6d-add0-1f65130b3b01 main] parse.CalcitePlanner: Ending caching scope for: alex_20240424080559_e21e8a33-8063-4d35-b56d-1705efe20fb1
2024-04-24T08:05:59,831  INFO [0d7cba0a-07eb-4f6d-add0-1f65130b3b01 main] ql.Driver: Semantic Analysis Completed (retrial = false)
2024-04-24T08:05:59,831  INFO [0d7cba0a-07eb-4f6d-add0-1f65130b3b01 main] ql.Driver: Created Hive schema: Schema(fieldSchemas:null, properties:null)
2024-04-24T08:05:59,831  INFO [0d7cba0a-07eb-4f6d-add0-1f65130b3b01 main] metadata.Hive: Dumping metastore api call timing information for : compilation phase
2024-04-24T08:05:59,831  INFO [0d7cba0a-07eb-4f6d-add0-1f65130b3b01 main] metadata.Hive: Total time spent in each metastore function (ms): {isCompatibleWith_(Configuration)=0, getDatabase_(String)=2, flushCache_()=0}
2024-04-24T08:05:59,831  INFO [0d7cba0a-07eb-4f6d-add0-1f65130b3b01 main] ql.Driver: Completed compiling command(queryId=alex_20240424080559_e21e8a33-8063-4d35-b56d-1705efe20fb1); Time taken: 0.011 seconds
2024-04-24T08:05:59,832  INFO [0d7cba0a-07eb-4f6d-add0-1f65130b3b01 main] common.LogUtils: Unregistered logging context.
2024-04-24T08:05:59,832  INFO [HiveServer2-Background-Pool: Thread-231] common.LogUtils: Thread context registration is done.
2024-04-24T08:05:59,832  INFO [HiveServer2-Background-Pool: Thread-231] reexec.ReExecDriver: Execution #1 of query
2024-04-24T08:05:59,832  INFO [HiveServer2-Background-Pool: Thread-231] ql.Driver: Concurrency mode is disabled, not creating a lock manager
2024-04-24T08:05:59,833  INFO [HiveServer2-Background-Pool: Thread-231] ql.Driver: Executing command(queryId=alex_20240424080559_e21e8a33-8063-4d35-b56d-1705efe20fb1): create table if not exists test.testSrcTbl(sc1 string)
2024-04-24T08:05:59,833  INFO [HiveServer2-Background-Pool: Thread-231] ql.Driver: Starting task [Stage-0:DDL] in serial mode
2024-04-24T08:05:59,835  INFO [HiveServer2-Background-Pool: Thread-231] HiveMetaStore.audit: ugi=alex	ip=unknown-ip-addr	cmd=create_table_req: Table(tableName:testSrcTbl, dbName:test, owner:alex, createTime:1713971159, lastAccessTime:0, retention:0, sd:StorageDescriptor(cols:[FieldSchema(name:sc1, type:string, comment:null)], location:null, inputFormat:org.apache.hadoop.mapred.TextInputFormat, outputFormat:org.apache.hadoop.hive.ql.io.HiveIgnoreKeyTextOutputFormat, compressed:false, numBuckets:-1, serdeInfo:SerDeInfo(name:null, serializationLib:org.apache.hadoop.hive.serde2.lazy.LazySimpleSerDe, parameters:{serialization.format=1}), bucketCols:[], sortCols:[], parameters:{}, skewedInfo:SkewedInfo(skewedColNames:[], skewedColValues:[], skewedColValueLocationMaps:{}), storedAsSubDirectories:false), partitionKeys:[], parameters:{totalSize=0, numRows=0, rawDataSize=0, COLUMN_STATS_ACCURATE={"BASIC_STATS":"true","COLUMN_STATS":{"sc1":"true"}}, numFiles=0, bucketing_version=2, numFilesErasureCoded=0}, viewOriginalText:null, viewExpandedText:null, tableType:MANAGED_TABLE, privileges:PrincipalPrivilegeSet(userPrivileges:{alex=[PrivilegeGrantInfo(privilege:INSERT, createTime:-1, grantor:alex, grantorType:USER, grantOption:true), PrivilegeGrantInfo(privilege:SELECT, createTime:-1, grantor:alex, grantorType:USER, grantOption:true), PrivilegeGrantInfo(privilege:UPDATE, createTime:-1, grantor:alex, grantorType:USER, grantOption:true), PrivilegeGrantInfo(privilege:DELETE, createTime:-1, grantor:alex, grantorType:USER, grantOption:true)]}, groupPrivileges:null, rolePrivileges:null), temporary:false, catName:hive, ownerType:USER)	
2024-04-24T08:05:59,836  INFO [HiveServer2-Background-Pool: Thread-231] metastore.HMSHandler: 11: Opening raw store with implementation class:org.apache.hadoop.hive.metastore.ObjectStore
2024-04-24T08:05:59,836  INFO [HiveServer2-Background-Pool: Thread-231] metastore.ObjectStore: RawStore: org.apache.hadoop.hive.metastore.ObjectStore@7b85655d, with PersistenceManager: null will be shutdown
2024-04-24T08:05:59,836  INFO [HiveServer2-Background-Pool: Thread-231] metastore.ObjectStore: RawStore: org.apache.hadoop.hive.metastore.ObjectStore@7b85655d, with PersistenceManager: org.datanucleus.api.jdo.JDOPersistenceManager@338e66fb created in the thread with id: 231
2024-04-24T08:05:59,840  INFO [HiveServer2-Background-Pool: Thread-231] metastore.HMSHandler: Created RawStore: org.apache.hadoop.hive.metastore.ObjectStore@7b85655d from thread id: 231
2024-04-24T08:05:59,843  INFO [HiveServer2-Background-Pool: Thread-231] utils.FileUtils: Creating directory if it doesn't exist: file:/home/alex/Repositories/hive/beeline/target/tmp/warehouse/test.db/testsrctbl
2024-04-24T08:05:59,868  INFO [HiveServer2-Background-Pool: Thread-231] metadata.Hive: Dumping metastore api call timing information for : execution phase
2024-04-24T08:05:59,868  INFO [HiveServer2-Background-Pool: Thread-231] metadata.Hive: Total time spent in each metastore function (ms): {isCompatibleWith_(Configuration)=0, createTable_(Table)=34}
2024-04-24T08:05:59,868  INFO [HiveServer2-Background-Pool: Thread-231] ql.Driver: Completed executing command(queryId=alex_20240424080559_e21e8a33-8063-4d35-b56d-1705efe20fb1); Time taken: 0.035 seconds
2024-04-24T08:05:59,869  INFO [HiveServer2-Background-Pool: Thread-231] common.LogUtils: Unregistered logging context.
2024-04-24T08:05:59,871  INFO [0d7cba0a-07eb-4f6d-add0-1f65130b3b01 main] operation.OperationManager: Closing operation: OperationHandle [opType=EXECUTE_STATEMENT, getHandleIdentifier()=a18784a1-793e-45bb-bf40-d4f3b17d8712]
2024-04-24T08:05:59,871  INFO [0d7cba0a-07eb-4f6d-add0-1f65130b3b01 main] operation.OperationManager: Removed queryId: alex_20240424080559_e21e8a33-8063-4d35-b56d-1705efe20fb1 corresponding to operation: OperationHandle [opType=EXECUTE_STATEMENT, getHandleIdentifier()=a18784a1-793e-45bb-bf40-d4f3b17d8712] with tag: null
2024-04-24T08:05:59,871  INFO [0d7cba0a-07eb-4f6d-add0-1f65130b3b01 main] operation.SQLOperation: Closing operation log /home/alex/Repositories/hive/beeline/target/tmp/alex/operation_logs/0d7cba0a-07eb-4f6d-add0-1f65130b3b01/alex_20240424080559_e21e8a33-8063-4d35-b56d-1705efe20fb1 without delay
2024-04-24T08:05:59,876  INFO [main] service.CompositeService: Session closed, SessionHandle [0d7cba0a-07eb-4f6d-add0-1f65130b3b01], current sessions:0
2024-04-24T08:05:59,876  INFO [0d7cba0a-07eb-4f6d-add0-1f65130b3b01 main] session.HiveSessionImpl: Operation log session directory is deleted: /home/alex/Repositories/hive/beeline/target/tmp/alex/operation_logs/0d7cba0a-07eb-4f6d-add0-1f65130b3b01
2024-04-24T08:05:59,876  INFO [main] cleanup.EventualCleanupService: Delete /tmp/hive/alex/0d7cba0a-07eb-4f6d-add0-1f65130b3b01 operation was queued
2024-04-24T08:05:59,876  INFO [main] cleanup.EventualCleanupService: Delete /home/alex/Repositories/hive/beeline/target/tmp/alex/0d7cba0a-07eb-4f6d-add0-1f65130b3b01 operation was queued
2024-04-24T08:05:59,877  INFO [EventualCleanupService thread 0] cleanup.EventualCleanupService: Deleted /tmp/hive/alex/0d7cba0a-07eb-4f6d-add0-1f65130b3b01
2024-04-24T08:05:59,877  INFO [EventualCleanupService thread 1] cleanup.EventualCleanupService: Deleted /home/alex/Repositories/hive/beeline/target/tmp/alex/0d7cba0a-07eb-4f6d-add0-1f65130b3b01
2024-04-24T08:05:59,877  INFO [main] HiveMetaStore.audit: ugi=alex	ip=unknown-ip-addr	cmd=Cleaning up thread local RawStore...	
2024-04-24T08:05:59,877  INFO [main] metastore.ObjectStore: RawStore: org.apache.hadoop.hive.metastore.ObjectStore@79b7c350, with PersistenceManager: org.datanucleus.api.jdo.JDOPersistenceManager@586737ff will be shutdown
2024-04-24T08:05:59,878  INFO [main] HiveMetaStore.audit: ugi=alex	ip=unknown-ip-addr	cmd=Done cleaning up thread local RawStore	
2024-04-24T08:05:59,878  INFO [main] metastore.HiveMetaStoreClient: Closed a connection to metastore, current connections: -12
]]></system-err>
  </testcase>
  <testcase name="testSqlFromCmdWithDBName" classname="org.apache.hive.beeline.cli.TestHiveCli" time="0.229">
    <failure type="java.lang.AssertionError"><![CDATA[java.lang.AssertionError: Supported return code is 0 while the actual is 1
	at org.junit.Assert.fail(Assert.java:89)
	at org.apache.hive.beeline.cli.TestHiveCli.executeCMD(TestHiveCli.java:256)
	at org.apache.hive.beeline.cli.TestHiveCli.verifyCMD(TestHiveCli.java:266)
	at org.apache.hive.beeline.cli.TestHiveCli.testSqlFromCmdWithDBName(TestHiveCli.java:166)
	at sun.reflect.NativeMethodAccessorImpl.invoke0(Native Method)
	at sun.reflect.NativeMethodAccessorImpl.invoke(NativeMethodAccessorImpl.java:62)
	at sun.reflect.DelegatingMethodAccessorImpl.invoke(DelegatingMethodAccessorImpl.java:43)
	at java.lang.reflect.Method.invoke(Method.java:498)
	at org.junit.runners.model.FrameworkMethod$1.runReflectiveCall(FrameworkMethod.java:59)
	at org.junit.internal.runners.model.ReflectiveCallable.run(ReflectiveCallable.java:12)
	at org.junit.runners.model.FrameworkMethod.invokeExplosively(FrameworkMethod.java:56)
	at org.junit.internal.runners.statements.InvokeMethod.evaluate(InvokeMethod.java:17)
	at org.junit.internal.runners.statements.RunBefores.evaluate(RunBefores.java:26)
	at org.junit.internal.runners.statements.RunAfters.evaluate(RunAfters.java:27)
	at org.junit.runners.ParentRunner$3.evaluate(ParentRunner.java:306)
	at org.junit.runners.BlockJUnit4ClassRunner$1.evaluate(BlockJUnit4ClassRunner.java:100)
	at org.junit.runners.ParentRunner.runLeaf(ParentRunner.java:366)
	at org.junit.runners.BlockJUnit4ClassRunner.runChild(BlockJUnit4ClassRunner.java:103)
	at org.junit.runners.BlockJUnit4ClassRunner.runChild(BlockJUnit4ClassRunner.java:63)
	at org.junit.runners.ParentRunner$4.run(ParentRunner.java:331)
	at org.junit.runners.ParentRunner$1.schedule(ParentRunner.java:79)
	at org.junit.runners.ParentRunner.runChildren(ParentRunner.java:329)
	at org.junit.runners.ParentRunner.access$100(ParentRunner.java:66)
	at org.junit.runners.ParentRunner$2.evaluate(ParentRunner.java:293)
	at org.junit.internal.runners.statements.RunBefores.evaluate(RunBefores.java:26)
	at org.junit.runners.ParentRunner$3.evaluate(ParentRunner.java:306)
	at org.junit.runners.ParentRunner.run(ParentRunner.java:413)
	at org.junit.runner.JUnitCore.run(JUnitCore.java:137)
	at org.junit.runner.JUnitCore.run(JUnitCore.java:115)
	at org.junit.vintage.engine.execution.RunnerExecutor.execute(RunnerExecutor.java:43)
	at java.util.stream.ForEachOps$ForEachOp$OfRef.accept(ForEachOps.java:183)
	at java.util.stream.ReferencePipeline$3$1.accept(ReferencePipeline.java:193)
	at java.util.Iterator.forEachRemaining(Iterator.java:116)
	at java.util.Spliterators$IteratorSpliterator.forEachRemaining(Spliterators.java:1801)
	at java.util.stream.AbstractPipeline.copyInto(AbstractPipeline.java:482)
	at java.util.stream.AbstractPipeline.wrapAndCopyInto(AbstractPipeline.java:472)
	at java.util.stream.ForEachOps$ForEachOp.evaluateSequential(ForEachOps.java:150)
	at java.util.stream.ForEachOps$ForEachOp$OfRef.evaluateSequential(ForEachOps.java:173)
	at java.util.stream.AbstractPipeline.evaluate(AbstractPipeline.java:234)
	at java.util.stream.ReferencePipeline.forEach(ReferencePipeline.java:485)
	at org.junit.vintage.engine.VintageTestEngine.executeAllChildren(VintageTestEngine.java:82)
	at org.junit.vintage.engine.VintageTestEngine.execute(VintageTestEngine.java:73)
	at org.junit.platform.launcher.core.DefaultLauncher.execute(DefaultLauncher.java:248)
	at org.junit.platform.launcher.core.DefaultLauncher.lambda$execute$5(DefaultLauncher.java:211)
	at org.junit.platform.launcher.core.DefaultLauncher.withInterceptedStreams(DefaultLauncher.java:226)
	at org.junit.platform.launcher.core.DefaultLauncher.execute(DefaultLauncher.java:199)
	at org.junit.platform.launcher.core.DefaultLauncher.execute(DefaultLauncher.java:132)
	at org.apache.maven.surefire.junitplatform.JUnitPlatformProvider.invokeAllTests(JUnitPlatformProvider.java:154)
	at org.apache.maven.surefire.junitplatform.JUnitPlatformProvider.invoke(JUnitPlatformProvider.java:123)
	at org.apache.maven.surefire.booter.ForkedBooter.runSuitesInProcess(ForkedBooter.java:377)
	at org.apache.maven.surefire.booter.ForkedBooter.execute(ForkedBooter.java:138)
	at org.apache.maven.surefire.booter.ForkedBooter.run(ForkedBooter.java:465)
	at org.apache.maven.surefire.booter.ForkedBooter.main(ForkedBooter.java:451)
]]></failure>
    <system-err><![CDATA[2024-04-24T08:05:59,879 ERROR [main] cli.TestHiveCli: Failed to execute command due to the error: java.lang.NullPointerException: Null output stream
2024-04-24T08:05:59,931  WARN [main] conf.HiveConf: HiveConf of name hive.dummyparam.test.server.specific.config.override does not exist
2024-04-24T08:05:59,931  WARN [main] conf.HiveConf: HiveConf of name hive.dummyparam.test.server.specific.config.hiveserver2site does not exist
2024-04-24T08:05:59,931  WARN [main] conf.HiveConf: HiveConf of name hive.dummyparam.test.server.specific.config.metastoresite does not exist
2024-04-24T08:05:59,931  INFO [main] SessionState: Hive Session ID = 2eeaa0ac-ab11-436e-8ae0-a8837510b832
2024-04-24T08:05:59,932  INFO [main] DependencyResolver: ivysettings.xml file not found in HIVE_HOME or HIVE_CONF_DIR,/home/alex/Repositories/hive/conf/ivysettings.xml will be used
2024-04-24T08:05:59,939  INFO [main] session.SessionState: Created HDFS directory: /tmp/hive/alex/2eeaa0ac-ab11-436e-8ae0-a8837510b832
2024-04-24T08:05:59,942  INFO [main] session.SessionState: Created local directory: /home/alex/Repositories/hive/beeline/target/tmp/alex/2eeaa0ac-ab11-436e-8ae0-a8837510b832
2024-04-24T08:05:59,945  INFO [main] session.SessionState: Created HDFS directory: /tmp/hive/alex/2eeaa0ac-ab11-436e-8ae0-a8837510b832/_tmp_space.db
2024-04-24T08:05:59,946  INFO [main] sqlstd.SQLStdHiveAccessController: Created SQLStdHiveAccessController for session context : HiveAuthzSessionContext [sessionString=2eeaa0ac-ab11-436e-8ae0-a8837510b832, clientType=HIVESERVER2]
2024-04-24T08:05:59,946  INFO [main] metastore.HiveMetaStoreClient: HMS client filtering is enabled.
2024-04-24T08:05:59,947  INFO [main] metastore.HMSHandler: 0: Opening raw store with implementation class:org.apache.hadoop.hive.metastore.ObjectStore
2024-04-24T08:05:59,947  INFO [main] metastore.PersistenceManagerProvider: Configuration datanucleus.autoStartMechanismMode is not set. Defaulting to 'ignored'
2024-04-24T08:05:59,948  INFO [main] metastore.ObjectStore: RawStore: org.apache.hadoop.hive.metastore.ObjectStore@44aeae34, with PersistenceManager: null will be shutdown
2024-04-24T08:05:59,948  INFO [main] metastore.ObjectStore: RawStore: org.apache.hadoop.hive.metastore.ObjectStore@44aeae34, with PersistenceManager: org.datanucleus.api.jdo.JDOPersistenceManager@2ec5cc14 created in the thread with id: 1
2024-04-24T08:05:59,951  INFO [main] metastore.HMSHandler: Created RawStore: org.apache.hadoop.hive.metastore.ObjectStore@44aeae34 from thread id: 1
2024-04-24T08:05:59,951  INFO [main] metastore.HMSHandler: HMS server filtering is disabled by configuration
2024-04-24T08:05:59,951  INFO [main] metastore.RetryingMetaStoreClient: RetryingMetaStoreClient proxy=class org.apache.hadoop.hive.ql.metadata.SessionHiveMetaStoreClient ugi=alex (auth:SIMPLE) retries=1 delay=1 lifetime=0
2024-04-24T08:05:59,951  INFO [main] service.CompositeService: Operation log root directory is created: /home/alex/Repositories/hive/beeline/target/tmp/alex/operation_logs
2024-04-24T08:05:59,952  INFO [main] service.CompositeService: HiveServer2: Background operation thread pool size: 100
2024-04-24T08:05:59,952  INFO [main] service.CompositeService: HiveServer2: Background operation thread wait queue size: 100
2024-04-24T08:05:59,952  INFO [main] service.CompositeService: HiveServer2: Background operation thread keepalive time: 10 seconds
2024-04-24T08:05:59,952  INFO [main] service.CompositeService: Connections limit are user: 0 ipaddress: 0 user-ipaddress: 0
2024-04-24T08:05:59,953  INFO [main] cleanup.EventualCleanupService: EventualCleanupService started with 10 threads and queue of size 10000
ERROR StatusLogger Log4j2 ConfigurationScheduler attempted to increment scheduled items after start
ERROR StatusLogger Log4j2 ConfigurationScheduler attempted to increment scheduled items after start
2024-04-24T08:05:59,955  INFO [main] service.AbstractService: Service:OperationManager is inited.
2024-04-24T08:05:59,955  INFO [main] service.AbstractService: Service:SessionManager is inited.
2024-04-24T08:05:59,955  INFO [main] service.AbstractService: Service:CLIService is inited.
2024-04-24T08:05:59,955  INFO [main] service.AbstractService: Service:OperationManager is started.
2024-04-24T08:05:59,955  INFO [main] service.AbstractService: Service:SessionManager is started.
2024-04-24T08:05:59,955  INFO [main] service.AbstractService: Service:CLIService is started.
2024-04-24T08:05:59,955  INFO [main] service.AbstractService: Service:ThriftBinaryCLIService is inited.
2024-04-24T08:05:59,955  INFO [main] thrift.ThriftCLIService: Client protocol version: HIVE_CLI_SERVICE_PROTOCOL_V10
2024-04-24T08:05:59,955  INFO [main] thrift.ThriftCLIService: Creating Hive session handle for user [null] from IP null
2024-04-24T08:05:59,956  INFO [main] DependencyResolver: ivysettings.xml file not found in HIVE_HOME or HIVE_CONF_DIR,/home/alex/Repositories/hive/conf/ivysettings.xml will be used
2024-04-24T08:05:59,963  INFO [main] session.SessionState: Created HDFS directory: /tmp/hive/alex/8e22dfc6-9a6c-45ea-916e-29386ebacaa4
2024-04-24T08:05:59,965  INFO [main] session.SessionState: Created local directory: /home/alex/Repositories/hive/beeline/target/tmp/alex/8e22dfc6-9a6c-45ea-916e-29386ebacaa4
2024-04-24T08:05:59,969  INFO [main] session.SessionState: Created HDFS directory: /tmp/hive/alex/8e22dfc6-9a6c-45ea-916e-29386ebacaa4/_tmp_space.db
2024-04-24T08:05:59,969  INFO [main] session.SessionState: Reloading auxiliary JAR files
2024-04-24T08:05:59,969  WARN [main] session.SessionState: Configuration hive.reloadable.aux.jars.path not specified
2024-04-24T08:05:59,969  INFO [main] HiveMetaStore.audit: ugi=alex	ip=unknown-ip-addr	cmd=Cleaning up thread local RawStore...	
2024-04-24T08:05:59,970  INFO [main] metastore.ObjectStore: RawStore: org.apache.hadoop.hive.metastore.ObjectStore@44aeae34, with PersistenceManager: org.datanucleus.api.jdo.JDOPersistenceManager@2ec5cc14 will be shutdown
2024-04-24T08:05:59,970  INFO [main] HiveMetaStore.audit: ugi=alex	ip=unknown-ip-addr	cmd=Done cleaning up thread local RawStore	
2024-04-24T08:05:59,970  INFO [main] metastore.HiveMetaStoreClient: Closed a connection to metastore, current connections: -13
2024-04-24T08:05:59,970  INFO [main] session.HiveSessionImpl: Operation log session directory is created: /home/alex/Repositories/hive/beeline/target/tmp/alex/operation_logs/8e22dfc6-9a6c-45ea-916e-29386ebacaa4
2024-04-24T08:05:59,970  INFO [main] service.CompositeService: Session opened, SessionHandle [8e22dfc6-9a6c-45ea-916e-29386ebacaa4], current sessions:1
2024-04-24T08:05:59,970  INFO [main] thrift.ThriftCLIService: Login attempt is successful for user : null
2024-04-24T08:06:00,015  WARN [main] conf.HiveConf: HiveConf of name hive.dummyparam.test.server.specific.config.override does not exist
2024-04-24T08:06:00,016  WARN [main] conf.HiveConf: HiveConf of name hive.dummyparam.test.server.specific.config.hiveserver2site does not exist
2024-04-24T08:06:00,016  WARN [main] conf.HiveConf: HiveConf of name hive.dummyparam.test.server.specific.config.metastoresite does not exist
2024-04-24T08:06:00,016  INFO [8e22dfc6-9a6c-45ea-916e-29386ebacaa4 main] session.HiveSessionImpl: executing set
2024-04-24T08:06:00,017  INFO [8e22dfc6-9a6c-45ea-916e-29386ebacaa4 main] operation.HiveCommandOperation: Putting temp output to file /home/alex/Repositories/hive/beeline/target/tmp/alex/8e22dfc6-9a6c-45ea-916e-29386ebacaa41684658643067537851.pipeout and error output to file /home/alex/Repositories/hive/beeline/target/tmp/alex/8e22dfc6-9a6c-45ea-916e-29386ebacaa45372455325108660909.pipeout
2024-04-24T08:06:00,017  INFO [8e22dfc6-9a6c-45ea-916e-29386ebacaa4 main] operation.OperationManager: Adding operation: OperationHandle [opType=EXECUTE_STATEMENT, getHandleIdentifier()=ab36e501-71a2-4e9b-9f10-6fb2ad96ced9] SessionHandle [8e22dfc6-9a6c-45ea-916e-29386ebacaa4]
2024-04-24T08:06:00,017  INFO [8e22dfc6-9a6c-45ea-916e-29386ebacaa4 main] common.LogUtils: Thread context registration is done.
DEBUG StatusLogger Building Plugin[name=filter, class=org.apache.hadoop.hive.ql.log.LogDivertAppender$NameFilter].
DEBUG StatusLogger createFilter(loggingLevel="EXECUTION")
DEBUG StatusLogger Building Plugin[name=layout, class=org.apache.logging.log4j.core.layout.PatternLayout].
DEBUG StatusLogger PatternLayout$Builder(pattern="%-5p : %m%n", PatternSelector=null, Configuration(HiveLog4j2Test), Replace=null, charset="null", alwaysWriteExceptions="null", disableAnsi="null", noConsoleNoAnsi="null", header="null", footer="null")
DEBUG StatusLogger Building Plugin[name=appender, class=org.apache.hadoop.hive.ql.log.HushableRandomAccessFileAppender].
DEBUG StatusLogger createAppender(fileName="/home/alex/Repositories/hive/beeline/target/tmp/alex/operation_logs/8e22dfc6-9a6c-45ea-916e-29386ebacaa4/alex_20240424080600_10767ff0-fcc7-48be-b41f-691105dc5e37", append="null", name="query-file-appender", immediateFlush="null", bufferSize="null", ignoreExceptions="null", PatternLayout(org.apache.logging.log4j.core.layout.PatternLayout with name PatternLayout), NameFilter(org.apache.hadoop.hive.ql.log.LogDivertAppender$NameFilter with name NameFilter), advertise="null", advertiseURI="null", Configuration(HiveLog4j2Test))
DEBUG StatusLogger Starting RandomAccessFileManager /home/alex/Repositories/hive/beeline/target/tmp/alex/operation_logs/8e22dfc6-9a6c-45ea-916e-29386ebacaa4/alex_20240424080600_10767ff0-fcc7-48be-b41f-691105dc5e37
DEBUG StatusLogger Building Plugin[name=, class=org.apache.hadoop.hive.ql.log.LogDivertAppenderForTest$TestFilter].
DEBUG StatusLogger createFilter()
DEBUG StatusLogger Building Plugin[name=, class=org.apache.logging.log4j.core.layout.PatternLayout].
DEBUG StatusLogger PatternLayout$Builder(pattern="%-5p : %m%n", PatternSelector=null, Configuration(HiveLog4j2Test), Replace=null, charset="null", alwaysWriteExceptions="null", disableAnsi="null", noConsoleNoAnsi="null", header="null", footer="null")
DEBUG StatusLogger Building Plugin[name=appender, class=org.apache.hadoop.hive.ql.log.HushableRandomAccessFileAppender].
DEBUG StatusLogger createAppender(fileName="/home/alex/Repositories/hive/beeline/target/tmp/alex/operation_logs/8e22dfc6-9a6c-45ea-916e-29386ebacaa4/alex_20240424080600_10767ff0-fcc7-48be-b41f-691105dc5e37.test", append="null", name="test-query-file-appender", immediateFlush="null", bufferSize="null", ignoreExceptions="null", PatternLayout(org.apache.logging.log4j.core.layout.PatternLayout with name PatternLayout), test-filter(org.apache.hadoop.hive.ql.log.LogDivertAppenderForTest$TestFilter with name test-filter), advertise="null", advertiseURI="null", Configuration(HiveLog4j2Test))
DEBUG StatusLogger Starting RandomAccessFileManager /home/alex/Repositories/hive/beeline/target/tmp/alex/operation_logs/8e22dfc6-9a6c-45ea-916e-29386ebacaa4/alex_20240424080600_10767ff0-fcc7-48be-b41f-691105dc5e37.test
2024-04-24T08:06:00,021  INFO [8e22dfc6-9a6c-45ea-916e-29386ebacaa4 main] operation.HiveCommandOperation: [opType=EXECUTE_STATEMENT, queryId=alex_20240424080600_10767ff0-fcc7-48be-b41f-691105dc5e37, startTime=1713971160016, sessionId=8e22dfc6-9a6c-45ea-916e-29386ebacaa4, createTime=1713971159955, userName=null, ipAddress=null]
2024-04-24T08:06:00,030  INFO [8e22dfc6-9a6c-45ea-916e-29386ebacaa4 main] common.LogUtils: Unregistered logging context.
2024-04-24T08:06:00,032  INFO [8e22dfc6-9a6c-45ea-916e-29386ebacaa4 main] operation.OperationManager: Closing operation: OperationHandle [opType=EXECUTE_STATEMENT, getHandleIdentifier()=ab36e501-71a2-4e9b-9f10-6fb2ad96ced9]
2024-04-24T08:06:00,032  INFO [8e22dfc6-9a6c-45ea-916e-29386ebacaa4 main] operation.OperationManager: Removed queryId: alex_20240424080600_10767ff0-fcc7-48be-b41f-691105dc5e37 corresponding to operation: OperationHandle [opType=EXECUTE_STATEMENT, getHandleIdentifier()=ab36e501-71a2-4e9b-9f10-6fb2ad96ced9] with tag: null
2024-04-24T08:06:00,033  INFO [8e22dfc6-9a6c-45ea-916e-29386ebacaa4 main] operation.HiveCommandOperation: Closing operation log /home/alex/Repositories/hive/beeline/target/tmp/alex/operation_logs/8e22dfc6-9a6c-45ea-916e-29386ebacaa4/alex_20240424080600_10767ff0-fcc7-48be-b41f-691105dc5e37 without delay
2024-04-24T08:06:00,035  INFO [8e22dfc6-9a6c-45ea-916e-29386ebacaa4 main] session.HiveSessionImpl: executing use test
2024-04-24T08:06:00,036  INFO [8e22dfc6-9a6c-45ea-916e-29386ebacaa4 main] operation.OperationManager: Adding operation: OperationHandle [opType=EXECUTE_STATEMENT, getHandleIdentifier()=faaedbdf-c3fc-4602-8eca-12cbb960f442] SessionHandle [8e22dfc6-9a6c-45ea-916e-29386ebacaa4]
2024-04-24T08:06:00,036  INFO [8e22dfc6-9a6c-45ea-916e-29386ebacaa4 main] common.LogUtils: Thread context registration is done.
DEBUG StatusLogger Building Plugin[name=filter, class=org.apache.hadoop.hive.ql.log.LogDivertAppender$NameFilter].
DEBUG StatusLogger createFilter(loggingLevel="EXECUTION")
DEBUG StatusLogger Building Plugin[name=layout, class=org.apache.logging.log4j.core.layout.PatternLayout].
DEBUG StatusLogger PatternLayout$Builder(pattern="%-5p : %m%n", PatternSelector=null, Configuration(HiveLog4j2Test), Replace=null, charset="null", alwaysWriteExceptions="null", disableAnsi="null", noConsoleNoAnsi="null", header="null", footer="null")
DEBUG StatusLogger Building Plugin[name=appender, class=org.apache.hadoop.hive.ql.log.HushableRandomAccessFileAppender].
DEBUG StatusLogger createAppender(fileName="/home/alex/Repositories/hive/beeline/target/tmp/alex/operation_logs/8e22dfc6-9a6c-45ea-916e-29386ebacaa4/alex_20240424080600_c8570321-448b-472a-9069-805c5ef5aaa2", append="null", name="query-file-appender", immediateFlush="null", bufferSize="null", ignoreExceptions="null", PatternLayout(org.apache.logging.log4j.core.layout.PatternLayout with name PatternLayout), NameFilter(org.apache.hadoop.hive.ql.log.LogDivertAppender$NameFilter with name NameFilter), advertise="null", advertiseURI="null", Configuration(HiveLog4j2Test))
DEBUG StatusLogger Starting RandomAccessFileManager /home/alex/Repositories/hive/beeline/target/tmp/alex/operation_logs/8e22dfc6-9a6c-45ea-916e-29386ebacaa4/alex_20240424080600_c8570321-448b-472a-9069-805c5ef5aaa2
DEBUG StatusLogger Building Plugin[name=, class=org.apache.hadoop.hive.ql.log.LogDivertAppenderForTest$TestFilter].
DEBUG StatusLogger createFilter()
DEBUG StatusLogger Building Plugin[name=, class=org.apache.logging.log4j.core.layout.PatternLayout].
DEBUG StatusLogger PatternLayout$Builder(pattern="%-5p : %m%n", PatternSelector=null, Configuration(HiveLog4j2Test), Replace=null, charset="null", alwaysWriteExceptions="null", disableAnsi="null", noConsoleNoAnsi="null", header="null", footer="null")
DEBUG StatusLogger Building Plugin[name=appender, class=org.apache.hadoop.hive.ql.log.HushableRandomAccessFileAppender].
DEBUG StatusLogger createAppender(fileName="/home/alex/Repositories/hive/beeline/target/tmp/alex/operation_logs/8e22dfc6-9a6c-45ea-916e-29386ebacaa4/alex_20240424080600_c8570321-448b-472a-9069-805c5ef5aaa2.test", append="null", name="test-query-file-appender", immediateFlush="null", bufferSize="null", ignoreExceptions="null", PatternLayout(org.apache.logging.log4j.core.layout.PatternLayout with name PatternLayout), test-filter(org.apache.hadoop.hive.ql.log.LogDivertAppenderForTest$TestFilter with name test-filter), advertise="null", advertiseURI="null", Configuration(HiveLog4j2Test))
DEBUG StatusLogger Starting RandomAccessFileManager /home/alex/Repositories/hive/beeline/target/tmp/alex/operation_logs/8e22dfc6-9a6c-45ea-916e-29386ebacaa4/alex_20240424080600_c8570321-448b-472a-9069-805c5ef5aaa2.test
2024-04-24T08:06:00,040  INFO [8e22dfc6-9a6c-45ea-916e-29386ebacaa4 main] operation.SQLOperation: [opType=EXECUTE_STATEMENT, queryId=alex_20240424080600_c8570321-448b-472a-9069-805c5ef5aaa2, startTime=1713971160035, sessionId=8e22dfc6-9a6c-45ea-916e-29386ebacaa4, createTime=1713971159955, userName=null, ipAddress=null]
2024-04-24T08:06:00,040  INFO [8e22dfc6-9a6c-45ea-916e-29386ebacaa4 main] ql.Driver: Compiling command(queryId=alex_20240424080600_c8570321-448b-472a-9069-805c5ef5aaa2): use test
2024-04-24T08:06:00,041  INFO [8e22dfc6-9a6c-45ea-916e-29386ebacaa4 main] metastore.HiveMetaStoreClient: HMS client filtering is enabled.
2024-04-24T08:06:00,042  INFO [8e22dfc6-9a6c-45ea-916e-29386ebacaa4 main] metastore.HMSHandler: 0: Opening raw store with implementation class:org.apache.hadoop.hive.metastore.ObjectStore
2024-04-24T08:06:00,042  INFO [8e22dfc6-9a6c-45ea-916e-29386ebacaa4 main] metastore.PersistenceManagerProvider: Configuration datanucleus.autoStartMechanismMode is not set. Defaulting to 'ignored'
2024-04-24T08:06:00,043  INFO [8e22dfc6-9a6c-45ea-916e-29386ebacaa4 main] metastore.ObjectStore: RawStore: org.apache.hadoop.hive.metastore.ObjectStore@1e5aacd9, with PersistenceManager: null will be shutdown
2024-04-24T08:06:00,043  INFO [8e22dfc6-9a6c-45ea-916e-29386ebacaa4 main] metastore.ObjectStore: RawStore: org.apache.hadoop.hive.metastore.ObjectStore@1e5aacd9, with PersistenceManager: org.datanucleus.api.jdo.JDOPersistenceManager@7d90644f created in the thread with id: 1
2024-04-24T08:06:00,045  INFO [8e22dfc6-9a6c-45ea-916e-29386ebacaa4 main] metastore.HMSHandler: Created RawStore: org.apache.hadoop.hive.metastore.ObjectStore@1e5aacd9 from thread id: 1
2024-04-24T08:06:00,046  INFO [8e22dfc6-9a6c-45ea-916e-29386ebacaa4 main] metastore.HMSHandler: HMS server filtering is disabled by configuration
2024-04-24T08:06:00,046  INFO [8e22dfc6-9a6c-45ea-916e-29386ebacaa4 main] metastore.RetryingMetaStoreClient: RetryingMetaStoreClient proxy=class org.apache.hadoop.hive.ql.metadata.SessionHiveMetaStoreClient ugi=alex (auth:SIMPLE) retries=1 delay=1 lifetime=0
2024-04-24T08:06:00,047  INFO [8e22dfc6-9a6c-45ea-916e-29386ebacaa4 main] HiveMetaStore.audit: ugi=alex	ip=unknown-ip-addr	cmd=get_database: test	
2024-04-24T08:06:00,048  INFO [8e22dfc6-9a6c-45ea-916e-29386ebacaa4 main] ql.Driver: Semantic Analysis Completed (retrial = false)
2024-04-24T08:06:00,048  INFO [8e22dfc6-9a6c-45ea-916e-29386ebacaa4 main] ql.Driver: Created Hive schema: Schema(fieldSchemas:null, properties:null)
2024-04-24T08:06:00,048  INFO [8e22dfc6-9a6c-45ea-916e-29386ebacaa4 main] metadata.Hive: Dumping metastore api call timing information for : compilation phase
2024-04-24T08:06:00,048  INFO [8e22dfc6-9a6c-45ea-916e-29386ebacaa4 main] metadata.Hive: Total time spent in each metastore function (ms): {isCompatibleWith_(Configuration)=0, getDatabase_(String)=2, flushCache_()=0}
2024-04-24T08:06:00,048  INFO [8e22dfc6-9a6c-45ea-916e-29386ebacaa4 main] ql.Driver: Completed compiling command(queryId=alex_20240424080600_c8570321-448b-472a-9069-805c5ef5aaa2); Time taken: 0.008 seconds
2024-04-24T08:06:00,049  INFO [8e22dfc6-9a6c-45ea-916e-29386ebacaa4 main] common.LogUtils: Unregistered logging context.
2024-04-24T08:06:00,049  INFO [HiveServer2-Background-Pool: Thread-255] common.LogUtils: Thread context registration is done.
2024-04-24T08:06:00,049  INFO [HiveServer2-Background-Pool: Thread-255] reexec.ReExecDriver: Execution #1 of query
2024-04-24T08:06:00,050  INFO [HiveServer2-Background-Pool: Thread-255] ql.Driver: Concurrency mode is disabled, not creating a lock manager
2024-04-24T08:06:00,050  INFO [HiveServer2-Background-Pool: Thread-255] ql.Driver: Executing command(queryId=alex_20240424080600_c8570321-448b-472a-9069-805c5ef5aaa2): use test
2024-04-24T08:06:00,050  INFO [HiveServer2-Background-Pool: Thread-255] ql.Driver: Starting task [Stage-0:DDL] in serial mode
2024-04-24T08:06:00,051  INFO [HiveServer2-Background-Pool: Thread-255] HiveMetaStore.audit: ugi=alex	ip=unknown-ip-addr	cmd=get_database: test	
2024-04-24T08:06:00,052  INFO [HiveServer2-Background-Pool: Thread-255] metastore.HMSHandler: 12: Opening raw store with implementation class:org.apache.hadoop.hive.metastore.ObjectStore
2024-04-24T08:06:00,052  INFO [HiveServer2-Background-Pool: Thread-255] metastore.ObjectStore: RawStore: org.apache.hadoop.hive.metastore.ObjectStore@757ab9c0, with PersistenceManager: null will be shutdown
2024-04-24T08:06:00,053  INFO [HiveServer2-Background-Pool: Thread-255] metastore.ObjectStore: RawStore: org.apache.hadoop.hive.metastore.ObjectStore@757ab9c0, with PersistenceManager: org.datanucleus.api.jdo.JDOPersistenceManager@3078390b created in the thread with id: 255
2024-04-24T08:06:00,055  INFO [HiveServer2-Background-Pool: Thread-255] metastore.HMSHandler: Created RawStore: org.apache.hadoop.hive.metastore.ObjectStore@757ab9c0 from thread id: 255
2024-04-24T08:06:00,057  INFO [HiveServer2-Background-Pool: Thread-255] HiveMetaStore.audit: ugi=alex	ip=unknown-ip-addr	cmd=get_database: test	
2024-04-24T08:06:00,058  INFO [HiveServer2-Background-Pool: Thread-255] metadata.Hive: Dumping metastore api call timing information for : execution phase
2024-04-24T08:06:00,058  INFO [HiveServer2-Background-Pool: Thread-255] metadata.Hive: Total time spent in each metastore function (ms): {isCompatibleWith_(Configuration)=1, getDatabase_(String)=6}
2024-04-24T08:06:00,058  INFO [HiveServer2-Background-Pool: Thread-255] ql.Driver: Completed executing command(queryId=alex_20240424080600_c8570321-448b-472a-9069-805c5ef5aaa2); Time taken: 0.008 seconds
2024-04-24T08:06:00,058  INFO [HiveServer2-Background-Pool: Thread-255] common.LogUtils: Unregistered logging context.
2024-04-24T08:06:00,061  INFO [8e22dfc6-9a6c-45ea-916e-29386ebacaa4 main] operation.OperationManager: Closing operation: OperationHandle [opType=EXECUTE_STATEMENT, getHandleIdentifier()=faaedbdf-c3fc-4602-8eca-12cbb960f442]
2024-04-24T08:06:00,061  INFO [8e22dfc6-9a6c-45ea-916e-29386ebacaa4 main] operation.OperationManager: Removed queryId: alex_20240424080600_c8570321-448b-472a-9069-805c5ef5aaa2 corresponding to operation: OperationHandle [opType=EXECUTE_STATEMENT, getHandleIdentifier()=faaedbdf-c3fc-4602-8eca-12cbb960f442] with tag: null
2024-04-24T08:06:00,061  INFO [8e22dfc6-9a6c-45ea-916e-29386ebacaa4 main] operation.SQLOperation: Closing operation log /home/alex/Repositories/hive/beeline/target/tmp/alex/operation_logs/8e22dfc6-9a6c-45ea-916e-29386ebacaa4/alex_20240424080600_c8570321-448b-472a-9069-805c5ef5aaa2 without delay
2024-04-24T08:06:00,061  INFO [8e22dfc6-9a6c-45ea-916e-29386ebacaa4 main] session.HiveSessionImpl: executing show tables
2024-04-24T08:06:00,062  INFO [8e22dfc6-9a6c-45ea-916e-29386ebacaa4 main] operation.OperationManager: Adding operation: OperationHandle [opType=EXECUTE_STATEMENT, getHandleIdentifier()=480ce44c-a417-4ab0-9278-2df2ba74622f] SessionHandle [8e22dfc6-9a6c-45ea-916e-29386ebacaa4]
2024-04-24T08:06:00,062  INFO [8e22dfc6-9a6c-45ea-916e-29386ebacaa4 main] common.LogUtils: Thread context registration is done.
DEBUG StatusLogger Building Plugin[name=filter, class=org.apache.hadoop.hive.ql.log.LogDivertAppender$NameFilter].
DEBUG StatusLogger createFilter(loggingLevel="EXECUTION")
DEBUG StatusLogger Building Plugin[name=layout, class=org.apache.logging.log4j.core.layout.PatternLayout].
DEBUG StatusLogger PatternLayout$Builder(pattern="%-5p : %m%n", PatternSelector=null, Configuration(HiveLog4j2Test), Replace=null, charset="null", alwaysWriteExceptions="null", disableAnsi="null", noConsoleNoAnsi="null", header="null", footer="null")
DEBUG StatusLogger Building Plugin[name=appender, class=org.apache.hadoop.hive.ql.log.HushableRandomAccessFileAppender].
DEBUG StatusLogger createAppender(fileName="/home/alex/Repositories/hive/beeline/target/tmp/alex/operation_logs/8e22dfc6-9a6c-45ea-916e-29386ebacaa4/alex_20240424080600_1634a128-0d88-40d8-bacf-990ba460ce00", append="null", name="query-file-appender", immediateFlush="null", bufferSize="null", ignoreExceptions="null", PatternLayout(org.apache.logging.log4j.core.layout.PatternLayout with name PatternLayout), NameFilter(org.apache.hadoop.hive.ql.log.LogDivertAppender$NameFilter with name NameFilter), advertise="null", advertiseURI="null", Configuration(HiveLog4j2Test))
DEBUG StatusLogger Starting RandomAccessFileManager /home/alex/Repositories/hive/beeline/target/tmp/alex/operation_logs/8e22dfc6-9a6c-45ea-916e-29386ebacaa4/alex_20240424080600_1634a128-0d88-40d8-bacf-990ba460ce00
DEBUG StatusLogger Building Plugin[name=, class=org.apache.hadoop.hive.ql.log.LogDivertAppenderForTest$TestFilter].
DEBUG StatusLogger createFilter()
DEBUG StatusLogger Building Plugin[name=, class=org.apache.logging.log4j.core.layout.PatternLayout].
DEBUG StatusLogger PatternLayout$Builder(pattern="%-5p : %m%n", PatternSelector=null, Configuration(HiveLog4j2Test), Replace=null, charset="null", alwaysWriteExceptions="null", disableAnsi="null", noConsoleNoAnsi="null", header="null", footer="null")
DEBUG StatusLogger Building Plugin[name=appender, class=org.apache.hadoop.hive.ql.log.HushableRandomAccessFileAppender].
DEBUG StatusLogger createAppender(fileName="/home/alex/Repositories/hive/beeline/target/tmp/alex/operation_logs/8e22dfc6-9a6c-45ea-916e-29386ebacaa4/alex_20240424080600_1634a128-0d88-40d8-bacf-990ba460ce00.test", append="null", name="test-query-file-appender", immediateFlush="null", bufferSize="null", ignoreExceptions="null", PatternLayout(org.apache.logging.log4j.core.layout.PatternLayout with name PatternLayout), test-filter(org.apache.hadoop.hive.ql.log.LogDivertAppenderForTest$TestFilter with name test-filter), advertise="null", advertiseURI="null", Configuration(HiveLog4j2Test))
DEBUG StatusLogger Starting RandomAccessFileManager /home/alex/Repositories/hive/beeline/target/tmp/alex/operation_logs/8e22dfc6-9a6c-45ea-916e-29386ebacaa4/alex_20240424080600_1634a128-0d88-40d8-bacf-990ba460ce00.test
2024-04-24T08:06:00,065  INFO [8e22dfc6-9a6c-45ea-916e-29386ebacaa4 main] operation.SQLOperation: [opType=EXECUTE_STATEMENT, queryId=alex_20240424080600_1634a128-0d88-40d8-bacf-990ba460ce00, startTime=1713971160062, sessionId=8e22dfc6-9a6c-45ea-916e-29386ebacaa4, createTime=1713971159955, userName=null, ipAddress=null]
2024-04-24T08:06:00,066  INFO [8e22dfc6-9a6c-45ea-916e-29386ebacaa4 main] ql.Driver: Compiling command(queryId=alex_20240424080600_1634a128-0d88-40d8-bacf-990ba460ce00): show tables
2024-04-24T08:06:00,071  INFO [8e22dfc6-9a6c-45ea-916e-29386ebacaa4 main] HiveMetaStore.audit: ugi=alex	ip=unknown-ip-addr	cmd=get_database: test	
2024-04-24T08:06:00,072  INFO [8e22dfc6-9a6c-45ea-916e-29386ebacaa4 main] ql.Driver: Semantic Analysis Completed (retrial = false)
2024-04-24T08:06:00,072  INFO [8e22dfc6-9a6c-45ea-916e-29386ebacaa4 main] ql.Driver: Created Hive schema: Schema(fieldSchemas:[FieldSchema(name:tab_name, type:string, comment:from deserializer)], properties:null)
2024-04-24T08:06:00,073  INFO [8e22dfc6-9a6c-45ea-916e-29386ebacaa4 main] exec.ListSinkOperator: Initializing Operator: LIST_SINK[0]
2024-04-24T08:06:00,073  INFO [8e22dfc6-9a6c-45ea-916e-29386ebacaa4 main] metadata.Hive: Dumping metastore api call timing information for : compilation phase
2024-04-24T08:06:00,073  INFO [8e22dfc6-9a6c-45ea-916e-29386ebacaa4 main] metadata.Hive: Total time spent in each metastore function (ms): {isCompatibleWith_(Configuration)=0, getDatabase_(String)=2, flushCache_()=0}
2024-04-24T08:06:00,073  INFO [8e22dfc6-9a6c-45ea-916e-29386ebacaa4 main] ql.Driver: Completed compiling command(queryId=alex_20240424080600_1634a128-0d88-40d8-bacf-990ba460ce00); Time taken: 0.007 seconds
2024-04-24T08:06:00,073  INFO [8e22dfc6-9a6c-45ea-916e-29386ebacaa4 main] common.LogUtils: Unregistered logging context.
2024-04-24T08:06:00,073  INFO [HiveServer2-Background-Pool: Thread-259] common.LogUtils: Thread context registration is done.
2024-04-24T08:06:00,074  INFO [HiveServer2-Background-Pool: Thread-259] reexec.ReExecDriver: Execution #1 of query
2024-04-24T08:06:00,074  INFO [HiveServer2-Background-Pool: Thread-259] ql.Driver: Concurrency mode is disabled, not creating a lock manager
2024-04-24T08:06:00,075  INFO [HiveServer2-Background-Pool: Thread-259] ql.Driver: Executing command(queryId=alex_20240424080600_1634a128-0d88-40d8-bacf-990ba460ce00): show tables
2024-04-24T08:06:00,075  INFO [HiveServer2-Background-Pool: Thread-259] ql.Driver: Starting task [Stage-0:DDL] in serial mode
2024-04-24T08:06:00,076  INFO [HiveServer2-Background-Pool: Thread-259] HiveMetaStore.audit: ugi=alex	ip=unknown-ip-addr	cmd=get_database: test	
2024-04-24T08:06:00,077  INFO [HiveServer2-Background-Pool: Thread-259] metastore.HMSHandler: 13: Opening raw store with implementation class:org.apache.hadoop.hive.metastore.ObjectStore
2024-04-24T08:06:00,078  INFO [HiveServer2-Background-Pool: Thread-259] metastore.ObjectStore: RawStore: org.apache.hadoop.hive.metastore.ObjectStore@7659a146, with PersistenceManager: null will be shutdown
2024-04-24T08:06:00,078  INFO [HiveServer2-Background-Pool: Thread-259] metastore.ObjectStore: RawStore: org.apache.hadoop.hive.metastore.ObjectStore@7659a146, with PersistenceManager: org.datanucleus.api.jdo.JDOPersistenceManager@335b21e9 created in the thread with id: 259
2024-04-24T08:06:00,082  INFO [HiveServer2-Background-Pool: Thread-259] metastore.HMSHandler: Created RawStore: org.apache.hadoop.hive.metastore.ObjectStore@7659a146 from thread id: 259
2024-04-24T08:06:00,084  INFO [HiveServer2-Background-Pool: Thread-259] HiveMetaStore.audit: ugi=alex	ip=unknown-ip-addr	cmd=get_multi_table : db=test tbls=null	
2024-04-24T08:06:00,095  INFO [HiveServer2-Background-Pool: Thread-259] sqlstd.SQLStdHiveAccessController: Created SQLStdHiveAccessController for session context : HiveAuthzSessionContext [sessionString=8e22dfc6-9a6c-45ea-916e-29386ebacaa4, clientType=HIVESERVER2]
2024-04-24T08:06:00,102  INFO [HiveServer2-Background-Pool: Thread-259] metadata.Hive: Dumping metastore api call timing information for : execution phase
2024-04-24T08:06:00,102  INFO [HiveServer2-Background-Pool: Thread-259] metadata.Hive: Total time spent in each metastore function (ms): {isCompatibleWith_(Configuration)=0, getDatabase_(String)=7, getTables_(String, String)=13}
2024-04-24T08:06:00,102  INFO [HiveServer2-Background-Pool: Thread-259] ql.Driver: Completed executing command(queryId=alex_20240424080600_1634a128-0d88-40d8-bacf-990ba460ce00); Time taken: 0.027 seconds
2024-04-24T08:06:00,103  INFO [HiveServer2-Background-Pool: Thread-259] common.LogUtils: Unregistered logging context.
2024-04-24T08:06:00,104  INFO [8e22dfc6-9a6c-45ea-916e-29386ebacaa4 main] operation.OperationManager: Closing operation: OperationHandle [opType=EXECUTE_STATEMENT, getHandleIdentifier()=480ce44c-a417-4ab0-9278-2df2ba74622f]
2024-04-24T08:06:00,104  INFO [8e22dfc6-9a6c-45ea-916e-29386ebacaa4 main] operation.OperationManager: Removed queryId: alex_20240424080600_1634a128-0d88-40d8-bacf-990ba460ce00 corresponding to operation: OperationHandle [opType=EXECUTE_STATEMENT, getHandleIdentifier()=480ce44c-a417-4ab0-9278-2df2ba74622f] with tag: null
2024-04-24T08:06:00,105  INFO [8e22dfc6-9a6c-45ea-916e-29386ebacaa4 main] ql.Context: Deleting scratch dir: file:/home/alex/Repositories/hive/beeline/target/tmp/alex/8e22dfc6-9a6c-45ea-916e-29386ebacaa4/hive_2024-04-24_08-06-00_066_4945455905313226191-1
2024-04-24T08:06:00,105  INFO [8e22dfc6-9a6c-45ea-916e-29386ebacaa4 main] cleanup.EventualCleanupService: Delete file:/home/alex/Repositories/hive/beeline/target/tmp/alex/8e22dfc6-9a6c-45ea-916e-29386ebacaa4/hive_2024-04-24_08-06-00_066_4945455905313226191-1 operation was queued
2024-04-24T08:06:00,105  INFO [8e22dfc6-9a6c-45ea-916e-29386ebacaa4 main] exec.ListSinkOperator: Closing Operator: LIST_SINK[0]
2024-04-24T08:06:00,105  INFO [8e22dfc6-9a6c-45ea-916e-29386ebacaa4 main] exec.ListSinkOperator: RECORDS_OUT_INTERMEDIATE:0, RECORDS_OUT_OPERATOR_LIST_SINK_0:0, 
2024-04-24T08:06:00,105  INFO [8e22dfc6-9a6c-45ea-916e-29386ebacaa4 main] operation.SQLOperation: Closing operation log /home/alex/Repositories/hive/beeline/target/tmp/alex/operation_logs/8e22dfc6-9a6c-45ea-916e-29386ebacaa4/alex_20240424080600_1634a128-0d88-40d8-bacf-990ba460ce00 without delay
2024-04-24T08:06:00,105  INFO [EventualCleanupService thread 0] cleanup.EventualCleanupService: Deleted file:/home/alex/Repositories/hive/beeline/target/tmp/alex/8e22dfc6-9a6c-45ea-916e-29386ebacaa4/hive_2024-04-24_08-06-00_066_4945455905313226191-1
2024-04-24T08:06:00,105  INFO [main] service.CompositeService: Session closed, SessionHandle [8e22dfc6-9a6c-45ea-916e-29386ebacaa4], current sessions:0
2024-04-24T08:06:00,106  INFO [8e22dfc6-9a6c-45ea-916e-29386ebacaa4 main] session.HiveSessionImpl: Operation log session directory is deleted: /home/alex/Repositories/hive/beeline/target/tmp/alex/operation_logs/8e22dfc6-9a6c-45ea-916e-29386ebacaa4
2024-04-24T08:06:00,106  INFO [main] cleanup.EventualCleanupService: Delete /tmp/hive/alex/8e22dfc6-9a6c-45ea-916e-29386ebacaa4 operation was queued
2024-04-24T08:06:00,106  INFO [main] cleanup.EventualCleanupService: Delete /home/alex/Repositories/hive/beeline/target/tmp/alex/8e22dfc6-9a6c-45ea-916e-29386ebacaa4 operation was queued
2024-04-24T08:06:00,107  INFO [EventualCleanupService thread 2] cleanup.EventualCleanupService: Deleted /home/alex/Repositories/hive/beeline/target/tmp/alex/8e22dfc6-9a6c-45ea-916e-29386ebacaa4
2024-04-24T08:06:00,107  INFO [EventualCleanupService thread 1] cleanup.EventualCleanupService: Deleted /tmp/hive/alex/8e22dfc6-9a6c-45ea-916e-29386ebacaa4
2024-04-24T08:06:00,107  INFO [main] HiveMetaStore.audit: ugi=alex	ip=unknown-ip-addr	cmd=Cleaning up thread local RawStore...	
2024-04-24T08:06:00,107  INFO [main] metastore.ObjectStore: RawStore: org.apache.hadoop.hive.metastore.ObjectStore@1e5aacd9, with PersistenceManager: org.datanucleus.api.jdo.JDOPersistenceManager@7d90644f will be shutdown
2024-04-24T08:06:00,107  INFO [main] HiveMetaStore.audit: ugi=alex	ip=unknown-ip-addr	cmd=Done cleaning up thread local RawStore	
2024-04-24T08:06:00,107  INFO [main] metastore.HiveMetaStoreClient: Closed a connection to metastore, current connections: -14
2024-04-24T08:06:00,108 ERROR [main] cli.TestHiveCli: Failed due to the error:Connecting to jdbc:hive2://
Hive Session ID = 2eeaa0ac-ab11-436e-8ae0-a8837510b832
ivysettings.xml file not found in HIVE_HOME or HIVE_CONF_DIR,/home/alex/Repositories/hive/conf/ivysettings.xml will be used
ivysettings.xml file not found in HIVE_HOME or HIVE_CONF_DIR,/home/alex/Repositories/hive/conf/ivysettings.xml will be used
Connected to: Apache Hive (version 4.0.0-SNAPSHOT)
Error: Couldn't load manifest attributes. (state=,code=0)
Transaction isolation: TRANSACTION_REPEATABLE_READ
INFO  : Compiling command(queryId=alex_20240424080600_c8570321-448b-472a-9069-805c5ef5aaa2): use test
INFO  : Semantic Analysis Completed (retrial = false)
INFO  : Created Hive schema: Schema(fieldSchemas:null, properties:null)
INFO  : Completed compiling command(queryId=alex_20240424080600_c8570321-448b-472a-9069-805c5ef5aaa2); Time taken: 0.008 seconds
INFO  : Concurrency mode is disabled, not creating a lock manager
INFO  : Executing command(queryId=alex_20240424080600_c8570321-448b-472a-9069-805c5ef5aaa2): use test
INFO  : Starting task [Stage-0:DDL] in serial mode
DEBUG : Task getting executed using mapred tag : alex_20240424080600_c8570321-448b-472a-9069-805c5ef5aaa2,userid=null
INFO  : Completed executing command(queryId=alex_20240424080600_c8570321-448b-472a-9069-805c5ef5aaa2); Time taken: 0.008 seconds
DEBUG : Shutting down query use test
Error: Failed to wait for operation to complete (state=08S01,code=0)
INFO  : Compiling command(queryId=alex_20240424080600_1634a128-0d88-40d8-bacf-990ba460ce00): show tables
INFO  : Semantic Analysis Completed (retrial = false)
INFO  : Created Hive schema: Schema(fieldSchemas:[FieldSchema(name:tab_name, type:string, comment:from deserializer)], properties:null)
INFO  : Completed compiling command(queryId=alex_20240424080600_1634a128-0d88-40d8-bacf-990ba460ce00); Time taken: 0.007 seconds
INFO  : Concurrency mode is disabled, not creating a lock manager
INFO  : Executing command(queryId=alex_20240424080600_1634a128-0d88-40d8-bacf-990ba460ce00): show tables
INFO  : Starting task [Stage-0:DDL] in serial mode
DEBUG : Task getting executed using mapred tag : alex_20240424080600_1634a128-0d88-40d8-bacf-990ba460ce00,userid=null
INFO  : Completed executing command(queryId=alex_20240424080600_1634a128-0d88-40d8-bacf-990ba460ce00); Time taken: 0.027 seconds
DEBUG : Shutting down query show tables
Error: Failed to wait for operation to complete (state=08S01,code=0)
Closing: 0: jdbc:hive2://

]]></system-err>
  </testcase>
  <testcase name="testCommentStripping" classname="org.apache.hive.beeline.cli.TestHiveCli" time="0.256"/>
  <testcase name="testUseCurrentDB1" classname="org.apache.hive.beeline.cli.TestHiveCli" time="0.241">
    <failure type="java.lang.AssertionError"><![CDATA[java.lang.AssertionError: 
The expected keyword "hive (testDB)>" occur in the output: Connecting to jdbc:hive2://
Hive Session ID = babf78a5-0564-47c1-a14b-6876610d86e6
ivysettings.xml file not found in HIVE_HOME or HIVE_CONF_DIR,/home/alex/Repositories/hive/conf/ivysettings.xml will be used
ivysettings.xml file not found in HIVE_HOME or HIVE_CONF_DIR,/home/alex/Repositories/hive/conf/ivysettings.xml will be used
Connected to: Apache Hive (version 4.0.0-SNAPSHOT)
Error: Couldn't load manifest attributes. (state=,code=0)
Transaction isolation: TRANSACTION_REPEATABLE_READ
Beeline version ??? by Apache Hive
hive> create database if not exists testDB; set hive.cli.print.current.db=true;use testDB;
INFO  : Compiling command(queryId=alex_20240424080600_2f4fe9a5-7b2e-4625-8808-06b4dad85c6f): create database if not exists testDB
INFO  : Semantic Analysis Completed (retrial = false)
INFO  : Created Hive schema: Schema(fieldSchemas:null, properties:null)
INFO  : Completed compiling command(queryId=alex_20240424080600_2f4fe9a5-7b2e-4625-8808-06b4dad85c6f); Time taken: 0.006 seconds
INFO  : Concurrency mode is disabled, not creating a lock manager
INFO  : Executing command(queryId=alex_20240424080600_2f4fe9a5-7b2e-4625-8808-06b4dad85c6f): create database if not exists testDB
INFO  : Starting task [Stage-0:DDL] in serial mode
DEBUG : Task getting executed using mapred tag : alex_20240424080600_2f4fe9a5-7b2e-4625-8808-06b4dad85c6f,userid=null
INFO  : Completed executing command(queryId=alex_20240424080600_2f4fe9a5-7b2e-4625-8808-06b4dad85c6f); Time taken: 0.016 seconds
DEBUG : Shutting down query create database if not exists testDB
Error: Failed to wait for operation to complete (state=08S01,code=0)
hive> use default;drop if exists testDB;
INFO  : Compiling command(queryId=alex_20240424080600_495b38e8-92b3-4a55-a309-cf78d572c7fb): use default
INFO  : Semantic Analysis Completed (retrial = false)
INFO  : Created Hive schema: Schema(fieldSchemas:null, properties:null)
INFO  : Completed compiling command(queryId=alex_20240424080600_495b38e8-92b3-4a55-a309-cf78d572c7fb); Time taken: 0.003 seconds
INFO  : Concurrency mode is disabled, not creating a lock manager
INFO  : Executing command(queryId=alex_20240424080600_495b38e8-92b3-4a55-a309-cf78d572c7fb): use default
INFO  : Starting task [Stage-0:DDL] in serial mode
DEBUG : Task getting executed using mapred tag : alex_20240424080600_495b38e8-92b3-4a55-a309-cf78d572c7fb,userid=null
INFO  : Completed executing command(queryId=alex_20240424080600_495b38e8-92b3-4a55-a309-cf78d572c7fb); Time taken: 0.01 seconds
DEBUG : Shutting down query use default
Error: Failed to wait for operation to complete (state=08S01,code=0)
hive> Closing: 0: jdbc:hive2://

	at org.junit.Assert.fail(Assert.java:89)
	at org.junit.Assert.assertTrue(Assert.java:42)
	at org.apache.hive.beeline.cli.TestHiveCli.verifyCMD(TestHiveCli.java:270)
	at org.apache.hive.beeline.cli.TestHiveCli.testUseCurrentDB1(TestHiveCli.java:212)
	at sun.reflect.NativeMethodAccessorImpl.invoke0(Native Method)
	at sun.reflect.NativeMethodAccessorImpl.invoke(NativeMethodAccessorImpl.java:62)
	at sun.reflect.DelegatingMethodAccessorImpl.invoke(DelegatingMethodAccessorImpl.java:43)
	at java.lang.reflect.Method.invoke(Method.java:498)
	at org.junit.runners.model.FrameworkMethod$1.runReflectiveCall(FrameworkMethod.java:59)
	at org.junit.internal.runners.model.ReflectiveCallable.run(ReflectiveCallable.java:12)
	at org.junit.runners.model.FrameworkMethod.invokeExplosively(FrameworkMethod.java:56)
	at org.junit.internal.runners.statements.InvokeMethod.evaluate(InvokeMethod.java:17)
	at org.junit.internal.runners.statements.RunBefores.evaluate(RunBefores.java:26)
	at org.junit.internal.runners.statements.RunAfters.evaluate(RunAfters.java:27)
	at org.junit.runners.ParentRunner$3.evaluate(ParentRunner.java:306)
	at org.junit.runners.BlockJUnit4ClassRunner$1.evaluate(BlockJUnit4ClassRunner.java:100)
	at org.junit.runners.ParentRunner.runLeaf(ParentRunner.java:366)
	at org.junit.runners.BlockJUnit4ClassRunner.runChild(BlockJUnit4ClassRunner.java:103)
	at org.junit.runners.BlockJUnit4ClassRunner.runChild(BlockJUnit4ClassRunner.java:63)
	at org.junit.runners.ParentRunner$4.run(ParentRunner.java:331)
	at org.junit.runners.ParentRunner$1.schedule(ParentRunner.java:79)
	at org.junit.runners.ParentRunner.runChildren(ParentRunner.java:329)
	at org.junit.runners.ParentRunner.access$100(ParentRunner.java:66)
	at org.junit.runners.ParentRunner$2.evaluate(ParentRunner.java:293)
	at org.junit.internal.runners.statements.RunBefores.evaluate(RunBefores.java:26)
	at org.junit.runners.ParentRunner$3.evaluate(ParentRunner.java:306)
	at org.junit.runners.ParentRunner.run(ParentRunner.java:413)
	at org.junit.runner.JUnitCore.run(JUnitCore.java:137)
	at org.junit.runner.JUnitCore.run(JUnitCore.java:115)
	at org.junit.vintage.engine.execution.RunnerExecutor.execute(RunnerExecutor.java:43)
	at java.util.stream.ForEachOps$ForEachOp$OfRef.accept(ForEachOps.java:183)
	at java.util.stream.ReferencePipeline$3$1.accept(ReferencePipeline.java:193)
	at java.util.Iterator.forEachRemaining(Iterator.java:116)
	at java.util.Spliterators$IteratorSpliterator.forEachRemaining(Spliterators.java:1801)
	at java.util.stream.AbstractPipeline.copyInto(AbstractPipeline.java:482)
	at java.util.stream.AbstractPipeline.wrapAndCopyInto(AbstractPipeline.java:472)
	at java.util.stream.ForEachOps$ForEachOp.evaluateSequential(ForEachOps.java:150)
	at java.util.stream.ForEachOps$ForEachOp$OfRef.evaluateSequential(ForEachOps.java:173)
	at java.util.stream.AbstractPipeline.evaluate(AbstractPipeline.java:234)
	at java.util.stream.ReferencePipeline.forEach(ReferencePipeline.java:485)
	at org.junit.vintage.engine.VintageTestEngine.executeAllChildren(VintageTestEngine.java:82)
	at org.junit.vintage.engine.VintageTestEngine.execute(VintageTestEngine.java:73)
	at org.junit.platform.launcher.core.DefaultLauncher.execute(DefaultLauncher.java:248)
	at org.junit.platform.launcher.core.DefaultLauncher.lambda$execute$5(DefaultLauncher.java:211)
	at org.junit.platform.launcher.core.DefaultLauncher.withInterceptedStreams(DefaultLauncher.java:226)
	at org.junit.platform.launcher.core.DefaultLauncher.execute(DefaultLauncher.java:199)
	at org.junit.platform.launcher.core.DefaultLauncher.execute(DefaultLauncher.java:132)
	at org.apache.maven.surefire.junitplatform.JUnitPlatformProvider.invokeAllTests(JUnitPlatformProvider.java:154)
	at org.apache.maven.surefire.junitplatform.JUnitPlatformProvider.invoke(JUnitPlatformProvider.java:123)
	at org.apache.maven.surefire.booter.ForkedBooter.runSuitesInProcess(ForkedBooter.java:377)
	at org.apache.maven.surefire.booter.ForkedBooter.execute(ForkedBooter.java:138)
	at org.apache.maven.surefire.booter.ForkedBooter.run(ForkedBooter.java:465)
	at org.apache.maven.surefire.booter.ForkedBooter.main(ForkedBooter.java:451)
]]></failure>
    <system-err><![CDATA[2024-04-24T08:06:00,364 ERROR [main] cli.TestHiveCli: Failed to execute command due to the error: java.lang.NullPointerException: Null output stream
2024-04-24T08:06:00,411  WARN [main] conf.HiveConf: HiveConf of name hive.dummyparam.test.server.specific.config.override does not exist
2024-04-24T08:06:00,411  WARN [main] conf.HiveConf: HiveConf of name hive.dummyparam.test.server.specific.config.hiveserver2site does not exist
2024-04-24T08:06:00,411  WARN [main] conf.HiveConf: HiveConf of name hive.dummyparam.test.server.specific.config.metastoresite does not exist
2024-04-24T08:06:00,412  INFO [main] SessionState: Hive Session ID = babf78a5-0564-47c1-a14b-6876610d86e6
2024-04-24T08:06:00,412  INFO [main] DependencyResolver: ivysettings.xml file not found in HIVE_HOME or HIVE_CONF_DIR,/home/alex/Repositories/hive/conf/ivysettings.xml will be used
2024-04-24T08:06:00,419  INFO [main] session.SessionState: Created HDFS directory: /tmp/hive/alex/babf78a5-0564-47c1-a14b-6876610d86e6
2024-04-24T08:06:00,422  INFO [main] session.SessionState: Created local directory: /home/alex/Repositories/hive/beeline/target/tmp/alex/babf78a5-0564-47c1-a14b-6876610d86e6
2024-04-24T08:06:00,425  INFO [main] session.SessionState: Created HDFS directory: /tmp/hive/alex/babf78a5-0564-47c1-a14b-6876610d86e6/_tmp_space.db
2024-04-24T08:06:00,426  INFO [main] sqlstd.SQLStdHiveAccessController: Created SQLStdHiveAccessController for session context : HiveAuthzSessionContext [sessionString=babf78a5-0564-47c1-a14b-6876610d86e6, clientType=HIVESERVER2]
2024-04-24T08:06:00,427  INFO [main] metastore.HiveMetaStoreClient: HMS client filtering is enabled.
2024-04-24T08:06:00,427  INFO [main] metastore.HMSHandler: 0: Opening raw store with implementation class:org.apache.hadoop.hive.metastore.ObjectStore
2024-04-24T08:06:00,427  INFO [main] metastore.PersistenceManagerProvider: Configuration datanucleus.autoStartMechanismMode is not set. Defaulting to 'ignored'
2024-04-24T08:06:00,428  INFO [main] metastore.ObjectStore: RawStore: org.apache.hadoop.hive.metastore.ObjectStore@3f4a605f, with PersistenceManager: null will be shutdown
2024-04-24T08:06:00,428  INFO [main] metastore.ObjectStore: RawStore: org.apache.hadoop.hive.metastore.ObjectStore@3f4a605f, with PersistenceManager: org.datanucleus.api.jdo.JDOPersistenceManager@30c8c6ab created in the thread with id: 1
2024-04-24T08:06:00,430  INFO [main] metastore.HMSHandler: Created RawStore: org.apache.hadoop.hive.metastore.ObjectStore@3f4a605f from thread id: 1
2024-04-24T08:06:00,430  INFO [main] metastore.HMSHandler: HMS server filtering is disabled by configuration
2024-04-24T08:06:00,430  INFO [main] metastore.RetryingMetaStoreClient: RetryingMetaStoreClient proxy=class org.apache.hadoop.hive.ql.metadata.SessionHiveMetaStoreClient ugi=alex (auth:SIMPLE) retries=1 delay=1 lifetime=0
2024-04-24T08:06:00,431  INFO [main] service.CompositeService: Operation log root directory is created: /home/alex/Repositories/hive/beeline/target/tmp/alex/operation_logs
2024-04-24T08:06:00,431  INFO [main] service.CompositeService: HiveServer2: Background operation thread pool size: 100
2024-04-24T08:06:00,431  INFO [main] service.CompositeService: HiveServer2: Background operation thread wait queue size: 100
2024-04-24T08:06:00,431  INFO [main] service.CompositeService: HiveServer2: Background operation thread keepalive time: 10 seconds
2024-04-24T08:06:00,431  INFO [main] service.CompositeService: Connections limit are user: 0 ipaddress: 0 user-ipaddress: 0
2024-04-24T08:06:00,433  INFO [main] cleanup.EventualCleanupService: EventualCleanupService started with 10 threads and queue of size 10000
ERROR StatusLogger Log4j2 ConfigurationScheduler attempted to increment scheduled items after start
ERROR StatusLogger Log4j2 ConfigurationScheduler attempted to increment scheduled items after start
2024-04-24T08:06:00,434  INFO [main] service.AbstractService: Service:OperationManager is inited.
2024-04-24T08:06:00,434  INFO [main] service.AbstractService: Service:SessionManager is inited.
2024-04-24T08:06:00,434  INFO [main] service.AbstractService: Service:CLIService is inited.
2024-04-24T08:06:00,434  INFO [main] service.AbstractService: Service:OperationManager is started.
2024-04-24T08:06:00,434  INFO [main] service.AbstractService: Service:SessionManager is started.
2024-04-24T08:06:00,435  INFO [main] service.AbstractService: Service:CLIService is started.
2024-04-24T08:06:00,435  INFO [main] service.AbstractService: Service:ThriftBinaryCLIService is inited.
2024-04-24T08:06:00,435  INFO [main] thrift.ThriftCLIService: Client protocol version: HIVE_CLI_SERVICE_PROTOCOL_V10
2024-04-24T08:06:00,435  INFO [main] thrift.ThriftCLIService: Creating Hive session handle for user [null] from IP null
2024-04-24T08:06:00,436  INFO [main] DependencyResolver: ivysettings.xml file not found in HIVE_HOME or HIVE_CONF_DIR,/home/alex/Repositories/hive/conf/ivysettings.xml will be used
2024-04-24T08:06:00,445  INFO [main] session.SessionState: Created HDFS directory: /tmp/hive/alex/4c1fe18f-62c9-46e4-8e71-b9d59bfd9f43
2024-04-24T08:06:00,448  INFO [main] session.SessionState: Created local directory: /home/alex/Repositories/hive/beeline/target/tmp/alex/4c1fe18f-62c9-46e4-8e71-b9d59bfd9f43
2024-04-24T08:06:00,451  INFO [main] session.SessionState: Created HDFS directory: /tmp/hive/alex/4c1fe18f-62c9-46e4-8e71-b9d59bfd9f43/_tmp_space.db
2024-04-24T08:06:00,452  INFO [main] session.SessionState: Reloading auxiliary JAR files
2024-04-24T08:06:00,452  WARN [main] session.SessionState: Configuration hive.reloadable.aux.jars.path not specified
2024-04-24T08:06:00,452  INFO [main] HiveMetaStore.audit: ugi=alex	ip=unknown-ip-addr	cmd=Cleaning up thread local RawStore...	
2024-04-24T08:06:00,453  INFO [main] metastore.ObjectStore: RawStore: org.apache.hadoop.hive.metastore.ObjectStore@3f4a605f, with PersistenceManager: org.datanucleus.api.jdo.JDOPersistenceManager@30c8c6ab will be shutdown
2024-04-24T08:06:00,453  INFO [main] HiveMetaStore.audit: ugi=alex	ip=unknown-ip-addr	cmd=Done cleaning up thread local RawStore	
2024-04-24T08:06:00,453  INFO [main] metastore.HiveMetaStoreClient: Closed a connection to metastore, current connections: -16
2024-04-24T08:06:00,453  INFO [main] session.HiveSessionImpl: Operation log session directory is created: /home/alex/Repositories/hive/beeline/target/tmp/alex/operation_logs/4c1fe18f-62c9-46e4-8e71-b9d59bfd9f43
2024-04-24T08:06:00,453  INFO [main] service.CompositeService: Session opened, SessionHandle [4c1fe18f-62c9-46e4-8e71-b9d59bfd9f43], current sessions:1
2024-04-24T08:06:00,453  INFO [main] thrift.ThriftCLIService: Login attempt is successful for user : null
2024-04-24T08:06:00,507  WARN [main] conf.HiveConf: HiveConf of name hive.dummyparam.test.server.specific.config.override does not exist
2024-04-24T08:06:00,507  WARN [main] conf.HiveConf: HiveConf of name hive.dummyparam.test.server.specific.config.hiveserver2site does not exist
2024-04-24T08:06:00,508  WARN [main] conf.HiveConf: HiveConf of name hive.dummyparam.test.server.specific.config.metastoresite does not exist
2024-04-24T08:06:00,508  INFO [4c1fe18f-62c9-46e4-8e71-b9d59bfd9f43 main] session.HiveSessionImpl: executing set
2024-04-24T08:06:00,509  INFO [4c1fe18f-62c9-46e4-8e71-b9d59bfd9f43 main] operation.HiveCommandOperation: Putting temp output to file /home/alex/Repositories/hive/beeline/target/tmp/alex/4c1fe18f-62c9-46e4-8e71-b9d59bfd9f437637119041363164092.pipeout and error output to file /home/alex/Repositories/hive/beeline/target/tmp/alex/4c1fe18f-62c9-46e4-8e71-b9d59bfd9f43764644641089722881.pipeout
2024-04-24T08:06:00,509  INFO [4c1fe18f-62c9-46e4-8e71-b9d59bfd9f43 main] operation.OperationManager: Adding operation: OperationHandle [opType=EXECUTE_STATEMENT, getHandleIdentifier()=bc2632e4-6aa3-4a5f-bb8a-a3fadba54ecb] SessionHandle [4c1fe18f-62c9-46e4-8e71-b9d59bfd9f43]
2024-04-24T08:06:00,509  INFO [4c1fe18f-62c9-46e4-8e71-b9d59bfd9f43 main] common.LogUtils: Thread context registration is done.
DEBUG StatusLogger Building Plugin[name=filter, class=org.apache.hadoop.hive.ql.log.LogDivertAppender$NameFilter].
DEBUG StatusLogger createFilter(loggingLevel="EXECUTION")
DEBUG StatusLogger Building Plugin[name=layout, class=org.apache.logging.log4j.core.layout.PatternLayout].
DEBUG StatusLogger PatternLayout$Builder(pattern="%-5p : %m%n", PatternSelector=null, Configuration(HiveLog4j2Test), Replace=null, charset="null", alwaysWriteExceptions="null", disableAnsi="null", noConsoleNoAnsi="null", header="null", footer="null")
DEBUG StatusLogger Building Plugin[name=appender, class=org.apache.hadoop.hive.ql.log.HushableRandomAccessFileAppender].
DEBUG StatusLogger createAppender(fileName="/home/alex/Repositories/hive/beeline/target/tmp/alex/operation_logs/4c1fe18f-62c9-46e4-8e71-b9d59bfd9f43/alex_20240424080600_566940c5-f9e7-400d-b366-8cd23a8a371e", append="null", name="query-file-appender", immediateFlush="null", bufferSize="null", ignoreExceptions="null", PatternLayout(org.apache.logging.log4j.core.layout.PatternLayout with name PatternLayout), NameFilter(org.apache.hadoop.hive.ql.log.LogDivertAppender$NameFilter with name NameFilter), advertise="null", advertiseURI="null", Configuration(HiveLog4j2Test))
DEBUG StatusLogger Starting RandomAccessFileManager /home/alex/Repositories/hive/beeline/target/tmp/alex/operation_logs/4c1fe18f-62c9-46e4-8e71-b9d59bfd9f43/alex_20240424080600_566940c5-f9e7-400d-b366-8cd23a8a371e
DEBUG StatusLogger Building Plugin[name=, class=org.apache.hadoop.hive.ql.log.LogDivertAppenderForTest$TestFilter].
DEBUG StatusLogger createFilter()
DEBUG StatusLogger Building Plugin[name=, class=org.apache.logging.log4j.core.layout.PatternLayout].
DEBUG StatusLogger PatternLayout$Builder(pattern="%-5p : %m%n", PatternSelector=null, Configuration(HiveLog4j2Test), Replace=null, charset="null", alwaysWriteExceptions="null", disableAnsi="null", noConsoleNoAnsi="null", header="null", footer="null")
DEBUG StatusLogger Building Plugin[name=appender, class=org.apache.hadoop.hive.ql.log.HushableRandomAccessFileAppender].
DEBUG StatusLogger createAppender(fileName="/home/alex/Repositories/hive/beeline/target/tmp/alex/operation_logs/4c1fe18f-62c9-46e4-8e71-b9d59bfd9f43/alex_20240424080600_566940c5-f9e7-400d-b366-8cd23a8a371e.test", append="null", name="test-query-file-appender", immediateFlush="null", bufferSize="null", ignoreExceptions="null", PatternLayout(org.apache.logging.log4j.core.layout.PatternLayout with name PatternLayout), test-filter(org.apache.hadoop.hive.ql.log.LogDivertAppenderForTest$TestFilter with name test-filter), advertise="null", advertiseURI="null", Configuration(HiveLog4j2Test))
DEBUG StatusLogger Starting RandomAccessFileManager /home/alex/Repositories/hive/beeline/target/tmp/alex/operation_logs/4c1fe18f-62c9-46e4-8e71-b9d59bfd9f43/alex_20240424080600_566940c5-f9e7-400d-b366-8cd23a8a371e.test
2024-04-24T08:06:00,515  INFO [4c1fe18f-62c9-46e4-8e71-b9d59bfd9f43 main] operation.HiveCommandOperation: [opType=EXECUTE_STATEMENT, queryId=alex_20240424080600_566940c5-f9e7-400d-b366-8cd23a8a371e, startTime=1713971160508, sessionId=4c1fe18f-62c9-46e4-8e71-b9d59bfd9f43, createTime=1713971160435, userName=null, ipAddress=null]
2024-04-24T08:06:00,525  INFO [4c1fe18f-62c9-46e4-8e71-b9d59bfd9f43 main] common.LogUtils: Unregistered logging context.
2024-04-24T08:06:00,527  INFO [4c1fe18f-62c9-46e4-8e71-b9d59bfd9f43 main] operation.OperationManager: Closing operation: OperationHandle [opType=EXECUTE_STATEMENT, getHandleIdentifier()=bc2632e4-6aa3-4a5f-bb8a-a3fadba54ecb]
2024-04-24T08:06:00,527  INFO [4c1fe18f-62c9-46e4-8e71-b9d59bfd9f43 main] operation.OperationManager: Removed queryId: alex_20240424080600_566940c5-f9e7-400d-b366-8cd23a8a371e corresponding to operation: OperationHandle [opType=EXECUTE_STATEMENT, getHandleIdentifier()=bc2632e4-6aa3-4a5f-bb8a-a3fadba54ecb] with tag: null
2024-04-24T08:06:00,528  INFO [4c1fe18f-62c9-46e4-8e71-b9d59bfd9f43 main] operation.HiveCommandOperation: Closing operation log /home/alex/Repositories/hive/beeline/target/tmp/alex/operation_logs/4c1fe18f-62c9-46e4-8e71-b9d59bfd9f43/alex_20240424080600_566940c5-f9e7-400d-b366-8cd23a8a371e without delay
2024-04-24T08:06:00,538  INFO [4c1fe18f-62c9-46e4-8e71-b9d59bfd9f43 main] session.HiveSessionImpl: executing create database if not exists testDB
2024-04-24T08:06:00,539  INFO [4c1fe18f-62c9-46e4-8e71-b9d59bfd9f43 main] operation.OperationManager: Adding operation: OperationHandle [opType=EXECUTE_STATEMENT, getHandleIdentifier()=9e9110f7-9805-4d0e-9314-8eb933f50dac] SessionHandle [4c1fe18f-62c9-46e4-8e71-b9d59bfd9f43]
2024-04-24T08:06:00,539  INFO [4c1fe18f-62c9-46e4-8e71-b9d59bfd9f43 main] common.LogUtils: Thread context registration is done.
DEBUG StatusLogger Building Plugin[name=filter, class=org.apache.hadoop.hive.ql.log.LogDivertAppender$NameFilter].
DEBUG StatusLogger createFilter(loggingLevel="EXECUTION")
DEBUG StatusLogger Building Plugin[name=layout, class=org.apache.logging.log4j.core.layout.PatternLayout].
DEBUG StatusLogger PatternLayout$Builder(pattern="%-5p : %m%n", PatternSelector=null, Configuration(HiveLog4j2Test), Replace=null, charset="null", alwaysWriteExceptions="null", disableAnsi="null", noConsoleNoAnsi="null", header="null", footer="null")
DEBUG StatusLogger Building Plugin[name=appender, class=org.apache.hadoop.hive.ql.log.HushableRandomAccessFileAppender].
DEBUG StatusLogger createAppender(fileName="/home/alex/Repositories/hive/beeline/target/tmp/alex/operation_logs/4c1fe18f-62c9-46e4-8e71-b9d59bfd9f43/alex_20240424080600_2f4fe9a5-7b2e-4625-8808-06b4dad85c6f", append="null", name="query-file-appender", immediateFlush="null", bufferSize="null", ignoreExceptions="null", PatternLayout(org.apache.logging.log4j.core.layout.PatternLayout with name PatternLayout), NameFilter(org.apache.hadoop.hive.ql.log.LogDivertAppender$NameFilter with name NameFilter), advertise="null", advertiseURI="null", Configuration(HiveLog4j2Test))
DEBUG StatusLogger Starting RandomAccessFileManager /home/alex/Repositories/hive/beeline/target/tmp/alex/operation_logs/4c1fe18f-62c9-46e4-8e71-b9d59bfd9f43/alex_20240424080600_2f4fe9a5-7b2e-4625-8808-06b4dad85c6f
DEBUG StatusLogger Building Plugin[name=, class=org.apache.hadoop.hive.ql.log.LogDivertAppenderForTest$TestFilter].
DEBUG StatusLogger createFilter()
DEBUG StatusLogger Building Plugin[name=, class=org.apache.logging.log4j.core.layout.PatternLayout].
DEBUG StatusLogger PatternLayout$Builder(pattern="%-5p : %m%n", PatternSelector=null, Configuration(HiveLog4j2Test), Replace=null, charset="null", alwaysWriteExceptions="null", disableAnsi="null", noConsoleNoAnsi="null", header="null", footer="null")
DEBUG StatusLogger Building Plugin[name=appender, class=org.apache.hadoop.hive.ql.log.HushableRandomAccessFileAppender].
DEBUG StatusLogger createAppender(fileName="/home/alex/Repositories/hive/beeline/target/tmp/alex/operation_logs/4c1fe18f-62c9-46e4-8e71-b9d59bfd9f43/alex_20240424080600_2f4fe9a5-7b2e-4625-8808-06b4dad85c6f.test", append="null", name="test-query-file-appender", immediateFlush="null", bufferSize="null", ignoreExceptions="null", PatternLayout(org.apache.logging.log4j.core.layout.PatternLayout with name PatternLayout), test-filter(org.apache.hadoop.hive.ql.log.LogDivertAppenderForTest$TestFilter with name test-filter), advertise="null", advertiseURI="null", Configuration(HiveLog4j2Test))
DEBUG StatusLogger Starting RandomAccessFileManager /home/alex/Repositories/hive/beeline/target/tmp/alex/operation_logs/4c1fe18f-62c9-46e4-8e71-b9d59bfd9f43/alex_20240424080600_2f4fe9a5-7b2e-4625-8808-06b4dad85c6f.test
2024-04-24T08:06:00,543  INFO [4c1fe18f-62c9-46e4-8e71-b9d59bfd9f43 main] operation.SQLOperation: [opType=EXECUTE_STATEMENT, queryId=alex_20240424080600_2f4fe9a5-7b2e-4625-8808-06b4dad85c6f, startTime=1713971160538, sessionId=4c1fe18f-62c9-46e4-8e71-b9d59bfd9f43, createTime=1713971160435, userName=null, ipAddress=null]
2024-04-24T08:06:00,543  INFO [4c1fe18f-62c9-46e4-8e71-b9d59bfd9f43 main] ql.Driver: Compiling command(queryId=alex_20240424080600_2f4fe9a5-7b2e-4625-8808-06b4dad85c6f): create database if not exists testDB
2024-04-24T08:06:00,544  INFO [4c1fe18f-62c9-46e4-8e71-b9d59bfd9f43 main] metastore.HiveMetaStoreClient: HMS client filtering is enabled.
2024-04-24T08:06:00,545  INFO [4c1fe18f-62c9-46e4-8e71-b9d59bfd9f43 main] metastore.HMSHandler: 0: Opening raw store with implementation class:org.apache.hadoop.hive.metastore.ObjectStore
2024-04-24T08:06:00,545  INFO [4c1fe18f-62c9-46e4-8e71-b9d59bfd9f43 main] metastore.PersistenceManagerProvider: Configuration datanucleus.autoStartMechanismMode is not set. Defaulting to 'ignored'
2024-04-24T08:06:00,545  INFO [4c1fe18f-62c9-46e4-8e71-b9d59bfd9f43 main] metastore.ObjectStore: RawStore: org.apache.hadoop.hive.metastore.ObjectStore@b808af5, with PersistenceManager: null will be shutdown
2024-04-24T08:06:00,546  INFO [4c1fe18f-62c9-46e4-8e71-b9d59bfd9f43 main] metastore.ObjectStore: RawStore: org.apache.hadoop.hive.metastore.ObjectStore@b808af5, with PersistenceManager: org.datanucleus.api.jdo.JDOPersistenceManager@18b04526 created in the thread with id: 1
2024-04-24T08:06:00,548  INFO [4c1fe18f-62c9-46e4-8e71-b9d59bfd9f43 main] metastore.HMSHandler: Created RawStore: org.apache.hadoop.hive.metastore.ObjectStore@b808af5 from thread id: 1
2024-04-24T08:06:00,548  INFO [4c1fe18f-62c9-46e4-8e71-b9d59bfd9f43 main] metastore.HMSHandler: HMS server filtering is disabled by configuration
2024-04-24T08:06:00,548  INFO [4c1fe18f-62c9-46e4-8e71-b9d59bfd9f43 main] metastore.RetryingMetaStoreClient: RetryingMetaStoreClient proxy=class org.apache.hadoop.hive.ql.metadata.SessionHiveMetaStoreClient ugi=alex (auth:SIMPLE) retries=1 delay=1 lifetime=0
2024-04-24T08:06:00,549  INFO [4c1fe18f-62c9-46e4-8e71-b9d59bfd9f43 main] ql.Driver: Semantic Analysis Completed (retrial = false)
2024-04-24T08:06:00,549  INFO [4c1fe18f-62c9-46e4-8e71-b9d59bfd9f43 main] ql.Driver: Created Hive schema: Schema(fieldSchemas:null, properties:null)
2024-04-24T08:06:00,549  INFO [4c1fe18f-62c9-46e4-8e71-b9d59bfd9f43 main] metadata.Hive: Dumping metastore api call timing information for : compilation phase
2024-04-24T08:06:00,549  INFO [4c1fe18f-62c9-46e4-8e71-b9d59bfd9f43 main] metadata.Hive: Total time spent in each metastore function (ms): {isCompatibleWith_(Configuration)=0, flushCache_()=0}
2024-04-24T08:06:00,549  INFO [4c1fe18f-62c9-46e4-8e71-b9d59bfd9f43 main] ql.Driver: Completed compiling command(queryId=alex_20240424080600_2f4fe9a5-7b2e-4625-8808-06b4dad85c6f); Time taken: 0.006 seconds
2024-04-24T08:06:00,549  INFO [4c1fe18f-62c9-46e4-8e71-b9d59bfd9f43 main] common.LogUtils: Unregistered logging context.
2024-04-24T08:06:00,550  INFO [HiveServer2-Background-Pool: Thread-306] common.LogUtils: Thread context registration is done.
2024-04-24T08:06:00,550  INFO [HiveServer2-Background-Pool: Thread-306] reexec.ReExecDriver: Execution #1 of query
2024-04-24T08:06:00,551  INFO [HiveServer2-Background-Pool: Thread-306] ql.Driver: Concurrency mode is disabled, not creating a lock manager
2024-04-24T08:06:00,551  INFO [HiveServer2-Background-Pool: Thread-306] ql.Driver: Executing command(queryId=alex_20240424080600_2f4fe9a5-7b2e-4625-8808-06b4dad85c6f): create database if not exists testDB
2024-04-24T08:06:00,552  INFO [HiveServer2-Background-Pool: Thread-306] ql.Driver: Starting task [Stage-0:DDL] in serial mode
2024-04-24T08:06:00,553  INFO [HiveServer2-Background-Pool: Thread-306] sqlstd.SQLStdHiveAccessController: Created SQLStdHiveAccessController for session context : HiveAuthzSessionContext [sessionString=4c1fe18f-62c9-46e4-8e71-b9d59bfd9f43, clientType=HIVESERVER2]
2024-04-24T08:06:00,553  WARN [HiveServer2-Background-Pool: Thread-306] exec.DDLTask: metastore.warehouse.external.dir is not set, falling back to metastore.warehouse.dir. This could cause external tables to use to managed tablespace.
2024-04-24T08:06:00,554  INFO [HiveServer2-Background-Pool: Thread-306] HiveMetaStore.audit: ugi=alex	ip=unknown-ip-addr	cmd=create_database: Database(name:testDB, description:null, locationUri:file:/home/alex/Repositories/hive/beeline/target/tmp/warehouse/testdb.db, parameters:null, ownerName:alex, ownerType:USER, catalogName:hive, type:NATIVE)	
2024-04-24T08:06:00,555  INFO [HiveServer2-Background-Pool: Thread-306] metastore.HMSHandler: 14: Opening raw store with implementation class:org.apache.hadoop.hive.metastore.ObjectStore
2024-04-24T08:06:00,555  INFO [HiveServer2-Background-Pool: Thread-306] metastore.ObjectStore: RawStore: org.apache.hadoop.hive.metastore.ObjectStore@15e3141b, with PersistenceManager: null will be shutdown
2024-04-24T08:06:00,556  INFO [HiveServer2-Background-Pool: Thread-306] metastore.ObjectStore: RawStore: org.apache.hadoop.hive.metastore.ObjectStore@15e3141b, with PersistenceManager: org.datanucleus.api.jdo.JDOPersistenceManager@50e188c3 created in the thread with id: 306
2024-04-24T08:06:00,559  INFO [HiveServer2-Background-Pool: Thread-306] metastore.HMSHandler: Created RawStore: org.apache.hadoop.hive.metastore.ObjectStore@15e3141b from thread id: 306
2024-04-24T08:06:00,561  INFO [HiveServer2-Background-Pool: Thread-306] metastore.HMSHandler: Creating database path in external directory file:/home/alex/Repositories/hive/beeline/target/tmp/warehouse/testdb.db
2024-04-24T08:06:00,561  INFO [HiveServer2-Background-Pool: Thread-306] utils.FileUtils: Creating directory if it doesn't exist: file:/home/alex/Repositories/hive/beeline/target/tmp/warehouse/testdb.db
2024-04-24T08:06:00,564  INFO [HiveServer2-Background-Pool: Thread-306] metastore.HMSHandler: Created database path in external directory file:/home/alex/Repositories/hive/beeline/target/tmp/warehouse/testdb.db
2024-04-24T08:06:00,567  INFO [HiveServer2-Background-Pool: Thread-306] metadata.Hive: Dumping metastore api call timing information for : execution phase
2024-04-24T08:06:00,567  INFO [HiveServer2-Background-Pool: Thread-306] metadata.Hive: Total time spent in each metastore function (ms): {isCompatibleWith_(Configuration)=0, createDatabase_(Database)=13}
2024-04-24T08:06:00,567  INFO [HiveServer2-Background-Pool: Thread-306] ql.Driver: Completed executing command(queryId=alex_20240424080600_2f4fe9a5-7b2e-4625-8808-06b4dad85c6f); Time taken: 0.016 seconds
2024-04-24T08:06:00,567  INFO [HiveServer2-Background-Pool: Thread-306] common.LogUtils: Unregistered logging context.
2024-04-24T08:06:00,570  INFO [4c1fe18f-62c9-46e4-8e71-b9d59bfd9f43 main] operation.OperationManager: Closing operation: OperationHandle [opType=EXECUTE_STATEMENT, getHandleIdentifier()=9e9110f7-9805-4d0e-9314-8eb933f50dac]
2024-04-24T08:06:00,570  INFO [4c1fe18f-62c9-46e4-8e71-b9d59bfd9f43 main] operation.OperationManager: Removed queryId: alex_20240424080600_2f4fe9a5-7b2e-4625-8808-06b4dad85c6f corresponding to operation: OperationHandle [opType=EXECUTE_STATEMENT, getHandleIdentifier()=9e9110f7-9805-4d0e-9314-8eb933f50dac] with tag: null
2024-04-24T08:06:00,570  INFO [4c1fe18f-62c9-46e4-8e71-b9d59bfd9f43 main] operation.SQLOperation: Closing operation log /home/alex/Repositories/hive/beeline/target/tmp/alex/operation_logs/4c1fe18f-62c9-46e4-8e71-b9d59bfd9f43/alex_20240424080600_2f4fe9a5-7b2e-4625-8808-06b4dad85c6f without delay
2024-04-24T08:06:00,575  INFO [4c1fe18f-62c9-46e4-8e71-b9d59bfd9f43 main] session.HiveSessionImpl: executing use default
2024-04-24T08:06:00,576  INFO [4c1fe18f-62c9-46e4-8e71-b9d59bfd9f43 main] operation.OperationManager: Adding operation: OperationHandle [opType=EXECUTE_STATEMENT, getHandleIdentifier()=973f44f4-8d99-4b5f-b3df-6066d0faede9] SessionHandle [4c1fe18f-62c9-46e4-8e71-b9d59bfd9f43]
2024-04-24T08:06:00,576  INFO [4c1fe18f-62c9-46e4-8e71-b9d59bfd9f43 main] common.LogUtils: Thread context registration is done.
DEBUG StatusLogger Building Plugin[name=filter, class=org.apache.hadoop.hive.ql.log.LogDivertAppender$NameFilter].
DEBUG StatusLogger createFilter(loggingLevel="EXECUTION")
DEBUG StatusLogger Building Plugin[name=layout, class=org.apache.logging.log4j.core.layout.PatternLayout].
DEBUG StatusLogger PatternLayout$Builder(pattern="%-5p : %m%n", PatternSelector=null, Configuration(HiveLog4j2Test), Replace=null, charset="null", alwaysWriteExceptions="null", disableAnsi="null", noConsoleNoAnsi="null", header="null", footer="null")
DEBUG StatusLogger Building Plugin[name=appender, class=org.apache.hadoop.hive.ql.log.HushableRandomAccessFileAppender].
DEBUG StatusLogger createAppender(fileName="/home/alex/Repositories/hive/beeline/target/tmp/alex/operation_logs/4c1fe18f-62c9-46e4-8e71-b9d59bfd9f43/alex_20240424080600_495b38e8-92b3-4a55-a309-cf78d572c7fb", append="null", name="query-file-appender", immediateFlush="null", bufferSize="null", ignoreExceptions="null", PatternLayout(org.apache.logging.log4j.core.layout.PatternLayout with name PatternLayout), NameFilter(org.apache.hadoop.hive.ql.log.LogDivertAppender$NameFilter with name NameFilter), advertise="null", advertiseURI="null", Configuration(HiveLog4j2Test))
DEBUG StatusLogger Starting RandomAccessFileManager /home/alex/Repositories/hive/beeline/target/tmp/alex/operation_logs/4c1fe18f-62c9-46e4-8e71-b9d59bfd9f43/alex_20240424080600_495b38e8-92b3-4a55-a309-cf78d572c7fb
DEBUG StatusLogger Building Plugin[name=, class=org.apache.hadoop.hive.ql.log.LogDivertAppenderForTest$TestFilter].
DEBUG StatusLogger createFilter()
DEBUG StatusLogger Building Plugin[name=, class=org.apache.logging.log4j.core.layout.PatternLayout].
DEBUG StatusLogger PatternLayout$Builder(pattern="%-5p : %m%n", PatternSelector=null, Configuration(HiveLog4j2Test), Replace=null, charset="null", alwaysWriteExceptions="null", disableAnsi="null", noConsoleNoAnsi="null", header="null", footer="null")
DEBUG StatusLogger Building Plugin[name=appender, class=org.apache.hadoop.hive.ql.log.HushableRandomAccessFileAppender].
DEBUG StatusLogger createAppender(fileName="/home/alex/Repositories/hive/beeline/target/tmp/alex/operation_logs/4c1fe18f-62c9-46e4-8e71-b9d59bfd9f43/alex_20240424080600_495b38e8-92b3-4a55-a309-cf78d572c7fb.test", append="null", name="test-query-file-appender", immediateFlush="null", bufferSize="null", ignoreExceptions="null", PatternLayout(org.apache.logging.log4j.core.layout.PatternLayout with name PatternLayout), test-filter(org.apache.hadoop.hive.ql.log.LogDivertAppenderForTest$TestFilter with name test-filter), advertise="null", advertiseURI="null", Configuration(HiveLog4j2Test))
DEBUG StatusLogger Starting RandomAccessFileManager /home/alex/Repositories/hive/beeline/target/tmp/alex/operation_logs/4c1fe18f-62c9-46e4-8e71-b9d59bfd9f43/alex_20240424080600_495b38e8-92b3-4a55-a309-cf78d572c7fb.test
2024-04-24T08:06:00,581  INFO [4c1fe18f-62c9-46e4-8e71-b9d59bfd9f43 main] operation.SQLOperation: [opType=EXECUTE_STATEMENT, queryId=alex_20240424080600_495b38e8-92b3-4a55-a309-cf78d572c7fb, startTime=1713971160575, sessionId=4c1fe18f-62c9-46e4-8e71-b9d59bfd9f43, createTime=1713971160435, userName=null, ipAddress=null]
2024-04-24T08:06:00,582  INFO [4c1fe18f-62c9-46e4-8e71-b9d59bfd9f43 main] ql.Driver: Compiling command(queryId=alex_20240424080600_495b38e8-92b3-4a55-a309-cf78d572c7fb): use default
2024-04-24T08:06:00,583  INFO [4c1fe18f-62c9-46e4-8e71-b9d59bfd9f43 main] HiveMetaStore.audit: ugi=alex	ip=unknown-ip-addr	cmd=get_database: default	
2024-04-24T08:06:00,585  INFO [4c1fe18f-62c9-46e4-8e71-b9d59bfd9f43 main] ql.Driver: Semantic Analysis Completed (retrial = false)
2024-04-24T08:06:00,585  INFO [4c1fe18f-62c9-46e4-8e71-b9d59bfd9f43 main] ql.Driver: Created Hive schema: Schema(fieldSchemas:null, properties:null)
2024-04-24T08:06:00,585  INFO [4c1fe18f-62c9-46e4-8e71-b9d59bfd9f43 main] metadata.Hive: Dumping metastore api call timing information for : compilation phase
2024-04-24T08:06:00,585  INFO [4c1fe18f-62c9-46e4-8e71-b9d59bfd9f43 main] metadata.Hive: Total time spent in each metastore function (ms): {isCompatibleWith_(Configuration)=0, getDatabase_(String)=2, flushCache_()=0}
2024-04-24T08:06:00,585  INFO [4c1fe18f-62c9-46e4-8e71-b9d59bfd9f43 main] ql.Driver: Completed compiling command(queryId=alex_20240424080600_495b38e8-92b3-4a55-a309-cf78d572c7fb); Time taken: 0.003 seconds
2024-04-24T08:06:00,585  INFO [4c1fe18f-62c9-46e4-8e71-b9d59bfd9f43 main] common.LogUtils: Unregistered logging context.
2024-04-24T08:06:00,586  INFO [HiveServer2-Background-Pool: Thread-310] common.LogUtils: Thread context registration is done.
2024-04-24T08:06:00,586  INFO [HiveServer2-Background-Pool: Thread-310] reexec.ReExecDriver: Execution #1 of query
2024-04-24T08:06:00,587  INFO [HiveServer2-Background-Pool: Thread-310] ql.Driver: Concurrency mode is disabled, not creating a lock manager
2024-04-24T08:06:00,587  INFO [HiveServer2-Background-Pool: Thread-310] ql.Driver: Executing command(queryId=alex_20240424080600_495b38e8-92b3-4a55-a309-cf78d572c7fb): use default
2024-04-24T08:06:00,587  INFO [HiveServer2-Background-Pool: Thread-310] ql.Driver: Starting task [Stage-0:DDL] in serial mode
2024-04-24T08:06:00,588  INFO [HiveServer2-Background-Pool: Thread-310] HiveMetaStore.audit: ugi=alex	ip=unknown-ip-addr	cmd=get_database: default	
2024-04-24T08:06:00,588  INFO [HiveServer2-Background-Pool: Thread-310] metastore.HMSHandler: 15: Opening raw store with implementation class:org.apache.hadoop.hive.metastore.ObjectStore
2024-04-24T08:06:00,589  INFO [HiveServer2-Background-Pool: Thread-310] metastore.ObjectStore: RawStore: org.apache.hadoop.hive.metastore.ObjectStore@5fd633e0, with PersistenceManager: null will be shutdown
2024-04-24T08:06:00,590  INFO [HiveServer2-Background-Pool: Thread-310] metastore.ObjectStore: RawStore: org.apache.hadoop.hive.metastore.ObjectStore@5fd633e0, with PersistenceManager: org.datanucleus.api.jdo.JDOPersistenceManager@1ad4b67e created in the thread with id: 310
2024-04-24T08:06:00,594  INFO [HiveServer2-Background-Pool: Thread-310] metastore.HMSHandler: Created RawStore: org.apache.hadoop.hive.metastore.ObjectStore@5fd633e0 from thread id: 310
2024-04-24T08:06:00,595  INFO [HiveServer2-Background-Pool: Thread-310] HiveMetaStore.audit: ugi=alex	ip=unknown-ip-addr	cmd=get_database: default	
2024-04-24T08:06:00,597  INFO [HiveServer2-Background-Pool: Thread-310] metadata.Hive: Dumping metastore api call timing information for : execution phase
2024-04-24T08:06:00,597  INFO [HiveServer2-Background-Pool: Thread-310] metadata.Hive: Total time spent in each metastore function (ms): {isCompatibleWith_(Configuration)=1, getDatabase_(String)=8}
2024-04-24T08:06:00,597  INFO [HiveServer2-Background-Pool: Thread-310] ql.Driver: Completed executing command(queryId=alex_20240424080600_495b38e8-92b3-4a55-a309-cf78d572c7fb); Time taken: 0.01 seconds
2024-04-24T08:06:00,597  INFO [HiveServer2-Background-Pool: Thread-310] common.LogUtils: Unregistered logging context.
2024-04-24T08:06:00,599  INFO [4c1fe18f-62c9-46e4-8e71-b9d59bfd9f43 main] operation.OperationManager: Closing operation: OperationHandle [opType=EXECUTE_STATEMENT, getHandleIdentifier()=973f44f4-8d99-4b5f-b3df-6066d0faede9]
2024-04-24T08:06:00,599  INFO [4c1fe18f-62c9-46e4-8e71-b9d59bfd9f43 main] operation.OperationManager: Removed queryId: alex_20240424080600_495b38e8-92b3-4a55-a309-cf78d572c7fb corresponding to operation: OperationHandle [opType=EXECUTE_STATEMENT, getHandleIdentifier()=973f44f4-8d99-4b5f-b3df-6066d0faede9] with tag: null
2024-04-24T08:06:00,599  INFO [4c1fe18f-62c9-46e4-8e71-b9d59bfd9f43 main] operation.SQLOperation: Closing operation log /home/alex/Repositories/hive/beeline/target/tmp/alex/operation_logs/4c1fe18f-62c9-46e4-8e71-b9d59bfd9f43/alex_20240424080600_495b38e8-92b3-4a55-a309-cf78d572c7fb without delay
2024-04-24T08:06:00,603  INFO [main] service.CompositeService: Session closed, SessionHandle [4c1fe18f-62c9-46e4-8e71-b9d59bfd9f43], current sessions:0
2024-04-24T08:06:00,604  INFO [4c1fe18f-62c9-46e4-8e71-b9d59bfd9f43 main] session.HiveSessionImpl: Operation log session directory is deleted: /home/alex/Repositories/hive/beeline/target/tmp/alex/operation_logs/4c1fe18f-62c9-46e4-8e71-b9d59bfd9f43
2024-04-24T08:06:00,604  INFO [main] cleanup.EventualCleanupService: Delete /tmp/hive/alex/4c1fe18f-62c9-46e4-8e71-b9d59bfd9f43 operation was queued
2024-04-24T08:06:00,604  INFO [main] cleanup.EventualCleanupService: Delete /home/alex/Repositories/hive/beeline/target/tmp/alex/4c1fe18f-62c9-46e4-8e71-b9d59bfd9f43 operation was queued
2024-04-24T08:06:00,604  INFO [EventualCleanupService thread 1] cleanup.EventualCleanupService: Deleted /home/alex/Repositories/hive/beeline/target/tmp/alex/4c1fe18f-62c9-46e4-8e71-b9d59bfd9f43
2024-04-24T08:06:00,604  INFO [EventualCleanupService thread 0] cleanup.EventualCleanupService: Deleted /tmp/hive/alex/4c1fe18f-62c9-46e4-8e71-b9d59bfd9f43
2024-04-24T08:06:00,605  INFO [main] HiveMetaStore.audit: ugi=alex	ip=unknown-ip-addr	cmd=Cleaning up thread local RawStore...	
2024-04-24T08:06:00,605  INFO [main] metastore.ObjectStore: RawStore: org.apache.hadoop.hive.metastore.ObjectStore@b808af5, with PersistenceManager: org.datanucleus.api.jdo.JDOPersistenceManager@18b04526 will be shutdown
2024-04-24T08:06:00,605  INFO [main] HiveMetaStore.audit: ugi=alex	ip=unknown-ip-addr	cmd=Done cleaning up thread local RawStore	
2024-04-24T08:06:00,605  INFO [main] metastore.HiveMetaStoreClient: Closed a connection to metastore, current connections: -17
]]></system-err>
  </testcase>
  <testcase name="testUseCurrentDB2" classname="org.apache.hive.beeline.cli.TestHiveCli" time="0.232">
    <failure type="java.lang.AssertionError"><![CDATA[java.lang.AssertionError: 
The expected keyword "hive (testDB)>" occur in the output: Connecting to jdbc:hive2://
Hive Session ID = df702a8a-6258-4aa8-aef7-163cc2abfe35
ivysettings.xml file not found in HIVE_HOME or HIVE_CONF_DIR,/home/alex/Repositories/hive/conf/ivysettings.xml will be used
ivysettings.xml file not found in HIVE_HOME or HIVE_CONF_DIR,/home/alex/Repositories/hive/conf/ivysettings.xml will be used
Connected to: Apache Hive (version 4.0.0-SNAPSHOT)
Error: Couldn't load manifest attributes. (state=,code=0)
Transaction isolation: TRANSACTION_REPEATABLE_READ
Beeline version ??? by Apache Hive
hive> create database if not exists testDB; set hive.cli.print.current.db=true;use
. . > testDB;
INFO  : Compiling command(queryId=alex_20240424080600_216b01cd-9274-4e78-ba07-b12330516613): create database if not exists testDB
INFO  : Semantic Analysis Completed (retrial = false)
INFO  : Created Hive schema: Schema(fieldSchemas:null, properties:null)
INFO  : Completed compiling command(queryId=alex_20240424080600_216b01cd-9274-4e78-ba07-b12330516613); Time taken: 0.005 seconds
INFO  : Concurrency mode is disabled, not creating a lock manager
INFO  : Executing command(queryId=alex_20240424080600_216b01cd-9274-4e78-ba07-b12330516613): create database if not exists testDB
INFO  : Starting task [Stage-0:DDL] in serial mode
DEBUG : Task getting executed using mapred tag : alex_20240424080600_216b01cd-9274-4e78-ba07-b12330516613,userid=null
INFO  : Completed executing command(queryId=alex_20240424080600_216b01cd-9274-4e78-ba07-b12330516613); Time taken: 0.011 seconds
DEBUG : Shutting down query create database if not exists testDB
Error: Failed to wait for operation to complete (state=08S01,code=0)
hive> use default;drop if exists testDB;
INFO  : Compiling command(queryId=alex_20240424080600_d838d45f-7ddb-4192-a194-91388d72f776): use default
INFO  : Semantic Analysis Completed (retrial = false)
INFO  : Created Hive schema: Schema(fieldSchemas:null, properties:null)
INFO  : Completed compiling command(queryId=alex_20240424080600_d838d45f-7ddb-4192-a194-91388d72f776); Time taken: 0.004 seconds
INFO  : Concurrency mode is disabled, not creating a lock manager
INFO  : Executing command(queryId=alex_20240424080600_d838d45f-7ddb-4192-a194-91388d72f776): use default
INFO  : Starting task [Stage-0:DDL] in serial mode
DEBUG : Task getting executed using mapred tag : alex_20240424080600_d838d45f-7ddb-4192-a194-91388d72f776,userid=null
INFO  : Completed executing command(queryId=alex_20240424080600_d838d45f-7ddb-4192-a194-91388d72f776); Time taken: 0.01 seconds
DEBUG : Shutting down query use default
Error: Failed to wait for operation to complete (state=08S01,code=0)
hive> Closing: 0: jdbc:hive2://

	at org.junit.Assert.fail(Assert.java:89)
	at org.junit.Assert.assertTrue(Assert.java:42)
	at org.apache.hive.beeline.cli.TestHiveCli.verifyCMD(TestHiveCli.java:270)
	at org.apache.hive.beeline.cli.TestHiveCli.testUseCurrentDB2(TestHiveCli.java:219)
	at sun.reflect.NativeMethodAccessorImpl.invoke0(Native Method)
	at sun.reflect.NativeMethodAccessorImpl.invoke(NativeMethodAccessorImpl.java:62)
	at sun.reflect.DelegatingMethodAccessorImpl.invoke(DelegatingMethodAccessorImpl.java:43)
	at java.lang.reflect.Method.invoke(Method.java:498)
	at org.junit.runners.model.FrameworkMethod$1.runReflectiveCall(FrameworkMethod.java:59)
	at org.junit.internal.runners.model.ReflectiveCallable.run(ReflectiveCallable.java:12)
	at org.junit.runners.model.FrameworkMethod.invokeExplosively(FrameworkMethod.java:56)
	at org.junit.internal.runners.statements.InvokeMethod.evaluate(InvokeMethod.java:17)
	at org.junit.internal.runners.statements.RunBefores.evaluate(RunBefores.java:26)
	at org.junit.internal.runners.statements.RunAfters.evaluate(RunAfters.java:27)
	at org.junit.runners.ParentRunner$3.evaluate(ParentRunner.java:306)
	at org.junit.runners.BlockJUnit4ClassRunner$1.evaluate(BlockJUnit4ClassRunner.java:100)
	at org.junit.runners.ParentRunner.runLeaf(ParentRunner.java:366)
	at org.junit.runners.BlockJUnit4ClassRunner.runChild(BlockJUnit4ClassRunner.java:103)
	at org.junit.runners.BlockJUnit4ClassRunner.runChild(BlockJUnit4ClassRunner.java:63)
	at org.junit.runners.ParentRunner$4.run(ParentRunner.java:331)
	at org.junit.runners.ParentRunner$1.schedule(ParentRunner.java:79)
	at org.junit.runners.ParentRunner.runChildren(ParentRunner.java:329)
	at org.junit.runners.ParentRunner.access$100(ParentRunner.java:66)
	at org.junit.runners.ParentRunner$2.evaluate(ParentRunner.java:293)
	at org.junit.internal.runners.statements.RunBefores.evaluate(RunBefores.java:26)
	at org.junit.runners.ParentRunner$3.evaluate(ParentRunner.java:306)
	at org.junit.runners.ParentRunner.run(ParentRunner.java:413)
	at org.junit.runner.JUnitCore.run(JUnitCore.java:137)
	at org.junit.runner.JUnitCore.run(JUnitCore.java:115)
	at org.junit.vintage.engine.execution.RunnerExecutor.execute(RunnerExecutor.java:43)
	at java.util.stream.ForEachOps$ForEachOp$OfRef.accept(ForEachOps.java:183)
	at java.util.stream.ReferencePipeline$3$1.accept(ReferencePipeline.java:193)
	at java.util.Iterator.forEachRemaining(Iterator.java:116)
	at java.util.Spliterators$IteratorSpliterator.forEachRemaining(Spliterators.java:1801)
	at java.util.stream.AbstractPipeline.copyInto(AbstractPipeline.java:482)
	at java.util.stream.AbstractPipeline.wrapAndCopyInto(AbstractPipeline.java:472)
	at java.util.stream.ForEachOps$ForEachOp.evaluateSequential(ForEachOps.java:150)
	at java.util.stream.ForEachOps$ForEachOp$OfRef.evaluateSequential(ForEachOps.java:173)
	at java.util.stream.AbstractPipeline.evaluate(AbstractPipeline.java:234)
	at java.util.stream.ReferencePipeline.forEach(ReferencePipeline.java:485)
	at org.junit.vintage.engine.VintageTestEngine.executeAllChildren(VintageTestEngine.java:82)
	at org.junit.vintage.engine.VintageTestEngine.execute(VintageTestEngine.java:73)
	at org.junit.platform.launcher.core.DefaultLauncher.execute(DefaultLauncher.java:248)
	at org.junit.platform.launcher.core.DefaultLauncher.lambda$execute$5(DefaultLauncher.java:211)
	at org.junit.platform.launcher.core.DefaultLauncher.withInterceptedStreams(DefaultLauncher.java:226)
	at org.junit.platform.launcher.core.DefaultLauncher.execute(DefaultLauncher.java:199)
	at org.junit.platform.launcher.core.DefaultLauncher.execute(DefaultLauncher.java:132)
	at org.apache.maven.surefire.junitplatform.JUnitPlatformProvider.invokeAllTests(JUnitPlatformProvider.java:154)
	at org.apache.maven.surefire.junitplatform.JUnitPlatformProvider.invoke(JUnitPlatformProvider.java:123)
	at org.apache.maven.surefire.booter.ForkedBooter.runSuitesInProcess(ForkedBooter.java:377)
	at org.apache.maven.surefire.booter.ForkedBooter.execute(ForkedBooter.java:138)
	at org.apache.maven.surefire.booter.ForkedBooter.run(ForkedBooter.java:465)
	at org.apache.maven.surefire.booter.ForkedBooter.main(ForkedBooter.java:451)
]]></failure>
    <system-err><![CDATA[2024-04-24T08:06:00,607 ERROR [main] cli.TestHiveCli: Failed to execute command due to the error: java.lang.NullPointerException: Null output stream
2024-04-24T08:06:00,660  WARN [main] conf.HiveConf: HiveConf of name hive.dummyparam.test.server.specific.config.override does not exist
2024-04-24T08:06:00,660  WARN [main] conf.HiveConf: HiveConf of name hive.dummyparam.test.server.specific.config.hiveserver2site does not exist
2024-04-24T08:06:00,660  WARN [main] conf.HiveConf: HiveConf of name hive.dummyparam.test.server.specific.config.metastoresite does not exist
2024-04-24T08:06:00,661  INFO [main] SessionState: Hive Session ID = df702a8a-6258-4aa8-aef7-163cc2abfe35
2024-04-24T08:06:00,661  INFO [main] DependencyResolver: ivysettings.xml file not found in HIVE_HOME or HIVE_CONF_DIR,/home/alex/Repositories/hive/conf/ivysettings.xml will be used
2024-04-24T08:06:00,669  INFO [main] session.SessionState: Created HDFS directory: /tmp/hive/alex/df702a8a-6258-4aa8-aef7-163cc2abfe35
2024-04-24T08:06:00,672  INFO [main] session.SessionState: Created local directory: /home/alex/Repositories/hive/beeline/target/tmp/alex/df702a8a-6258-4aa8-aef7-163cc2abfe35
2024-04-24T08:06:00,676  INFO [main] session.SessionState: Created HDFS directory: /tmp/hive/alex/df702a8a-6258-4aa8-aef7-163cc2abfe35/_tmp_space.db
2024-04-24T08:06:00,676  INFO [main] sqlstd.SQLStdHiveAccessController: Created SQLStdHiveAccessController for session context : HiveAuthzSessionContext [sessionString=df702a8a-6258-4aa8-aef7-163cc2abfe35, clientType=HIVESERVER2]
2024-04-24T08:06:00,677  INFO [main] metastore.HiveMetaStoreClient: HMS client filtering is enabled.
2024-04-24T08:06:00,678  INFO [main] metastore.HMSHandler: 0: Opening raw store with implementation class:org.apache.hadoop.hive.metastore.ObjectStore
2024-04-24T08:06:00,678  INFO [main] metastore.PersistenceManagerProvider: Configuration datanucleus.autoStartMechanismMode is not set. Defaulting to 'ignored'
2024-04-24T08:06:00,678  INFO [main] metastore.ObjectStore: RawStore: org.apache.hadoop.hive.metastore.ObjectStore@11015ca0, with PersistenceManager: null will be shutdown
2024-04-24T08:06:00,678  INFO [main] metastore.ObjectStore: RawStore: org.apache.hadoop.hive.metastore.ObjectStore@11015ca0, with PersistenceManager: org.datanucleus.api.jdo.JDOPersistenceManager@6ebbc06 created in the thread with id: 1
2024-04-24T08:06:00,682  INFO [main] metastore.HMSHandler: Created RawStore: org.apache.hadoop.hive.metastore.ObjectStore@11015ca0 from thread id: 1
2024-04-24T08:06:00,682  INFO [main] metastore.HMSHandler: HMS server filtering is disabled by configuration
2024-04-24T08:06:00,682  INFO [main] metastore.RetryingMetaStoreClient: RetryingMetaStoreClient proxy=class org.apache.hadoop.hive.ql.metadata.SessionHiveMetaStoreClient ugi=alex (auth:SIMPLE) retries=1 delay=1 lifetime=0
2024-04-24T08:06:00,682  INFO [main] service.CompositeService: Operation log root directory is created: /home/alex/Repositories/hive/beeline/target/tmp/alex/operation_logs
2024-04-24T08:06:00,683  INFO [main] service.CompositeService: HiveServer2: Background operation thread pool size: 100
2024-04-24T08:06:00,683  INFO [main] service.CompositeService: HiveServer2: Background operation thread wait queue size: 100
2024-04-24T08:06:00,683  INFO [main] service.CompositeService: HiveServer2: Background operation thread keepalive time: 10 seconds
2024-04-24T08:06:00,683  INFO [main] service.CompositeService: Connections limit are user: 0 ipaddress: 0 user-ipaddress: 0
2024-04-24T08:06:00,685  INFO [main] cleanup.EventualCleanupService: EventualCleanupService started with 10 threads and queue of size 10000
ERROR StatusLogger Log4j2 ConfigurationScheduler attempted to increment scheduled items after start
ERROR StatusLogger Log4j2 ConfigurationScheduler attempted to increment scheduled items after start
2024-04-24T08:06:00,686  INFO [main] service.AbstractService: Service:OperationManager is inited.
2024-04-24T08:06:00,686  INFO [main] service.AbstractService: Service:SessionManager is inited.
2024-04-24T08:06:00,686  INFO [main] service.AbstractService: Service:CLIService is inited.
2024-04-24T08:06:00,686  INFO [main] service.AbstractService: Service:OperationManager is started.
2024-04-24T08:06:00,686  INFO [main] service.AbstractService: Service:SessionManager is started.
2024-04-24T08:06:00,686  INFO [main] service.AbstractService: Service:CLIService is started.
2024-04-24T08:06:00,686  INFO [main] service.AbstractService: Service:ThriftBinaryCLIService is inited.
2024-04-24T08:06:00,686  INFO [main] thrift.ThriftCLIService: Client protocol version: HIVE_CLI_SERVICE_PROTOCOL_V10
2024-04-24T08:06:00,686  INFO [main] thrift.ThriftCLIService: Creating Hive session handle for user [null] from IP null
2024-04-24T08:06:00,687  INFO [main] DependencyResolver: ivysettings.xml file not found in HIVE_HOME or HIVE_CONF_DIR,/home/alex/Repositories/hive/conf/ivysettings.xml will be used
2024-04-24T08:06:00,693  INFO [main] session.SessionState: Created HDFS directory: /tmp/hive/alex/76277ef0-ec1c-4be4-b8f0-a6cbafd33f5b
2024-04-24T08:06:00,696  INFO [main] session.SessionState: Created local directory: /home/alex/Repositories/hive/beeline/target/tmp/alex/76277ef0-ec1c-4be4-b8f0-a6cbafd33f5b
2024-04-24T08:06:00,699  INFO [main] session.SessionState: Created HDFS directory: /tmp/hive/alex/76277ef0-ec1c-4be4-b8f0-a6cbafd33f5b/_tmp_space.db
2024-04-24T08:06:00,699  INFO [main] session.SessionState: Reloading auxiliary JAR files
2024-04-24T08:06:00,699  WARN [main] session.SessionState: Configuration hive.reloadable.aux.jars.path not specified
2024-04-24T08:06:00,699  INFO [main] HiveMetaStore.audit: ugi=alex	ip=unknown-ip-addr	cmd=Cleaning up thread local RawStore...	
2024-04-24T08:06:00,699  INFO [main] metastore.ObjectStore: RawStore: org.apache.hadoop.hive.metastore.ObjectStore@11015ca0, with PersistenceManager: org.datanucleus.api.jdo.JDOPersistenceManager@6ebbc06 will be shutdown
2024-04-24T08:06:00,699  INFO [main] HiveMetaStore.audit: ugi=alex	ip=unknown-ip-addr	cmd=Done cleaning up thread local RawStore	
2024-04-24T08:06:00,699  INFO [main] metastore.HiveMetaStoreClient: Closed a connection to metastore, current connections: -18
2024-04-24T08:06:00,699  INFO [main] session.HiveSessionImpl: Operation log session directory is created: /home/alex/Repositories/hive/beeline/target/tmp/alex/operation_logs/76277ef0-ec1c-4be4-b8f0-a6cbafd33f5b
2024-04-24T08:06:00,699  INFO [main] service.CompositeService: Session opened, SessionHandle [76277ef0-ec1c-4be4-b8f0-a6cbafd33f5b], current sessions:1
2024-04-24T08:06:00,699  INFO [main] thrift.ThriftCLIService: Login attempt is successful for user : null
2024-04-24T08:06:00,746  WARN [main] conf.HiveConf: HiveConf of name hive.dummyparam.test.server.specific.config.override does not exist
2024-04-24T08:06:00,747  WARN [main] conf.HiveConf: HiveConf of name hive.dummyparam.test.server.specific.config.hiveserver2site does not exist
2024-04-24T08:06:00,747  WARN [main] conf.HiveConf: HiveConf of name hive.dummyparam.test.server.specific.config.metastoresite does not exist
2024-04-24T08:06:00,748  INFO [76277ef0-ec1c-4be4-b8f0-a6cbafd33f5b main] session.HiveSessionImpl: executing set
2024-04-24T08:06:00,749  INFO [76277ef0-ec1c-4be4-b8f0-a6cbafd33f5b main] operation.HiveCommandOperation: Putting temp output to file /home/alex/Repositories/hive/beeline/target/tmp/alex/76277ef0-ec1c-4be4-b8f0-a6cbafd33f5b828745912751009141.pipeout and error output to file /home/alex/Repositories/hive/beeline/target/tmp/alex/76277ef0-ec1c-4be4-b8f0-a6cbafd33f5b1631560948381156093.pipeout
2024-04-24T08:06:00,749  INFO [76277ef0-ec1c-4be4-b8f0-a6cbafd33f5b main] operation.OperationManager: Adding operation: OperationHandle [opType=EXECUTE_STATEMENT, getHandleIdentifier()=3da492be-ab3d-4802-b95a-ced26807b5f4] SessionHandle [76277ef0-ec1c-4be4-b8f0-a6cbafd33f5b]
2024-04-24T08:06:00,749  INFO [76277ef0-ec1c-4be4-b8f0-a6cbafd33f5b main] common.LogUtils: Thread context registration is done.
DEBUG StatusLogger Building Plugin[name=filter, class=org.apache.hadoop.hive.ql.log.LogDivertAppender$NameFilter].
DEBUG StatusLogger createFilter(loggingLevel="EXECUTION")
DEBUG StatusLogger Building Plugin[name=layout, class=org.apache.logging.log4j.core.layout.PatternLayout].
DEBUG StatusLogger PatternLayout$Builder(pattern="%-5p : %m%n", PatternSelector=null, Configuration(HiveLog4j2Test), Replace=null, charset="null", alwaysWriteExceptions="null", disableAnsi="null", noConsoleNoAnsi="null", header="null", footer="null")
DEBUG StatusLogger Building Plugin[name=appender, class=org.apache.hadoop.hive.ql.log.HushableRandomAccessFileAppender].
DEBUG StatusLogger createAppender(fileName="/home/alex/Repositories/hive/beeline/target/tmp/alex/operation_logs/76277ef0-ec1c-4be4-b8f0-a6cbafd33f5b/alex_20240424080600_82459d0e-bcb0-45c9-8ffa-c0c3d2fd68ac", append="null", name="query-file-appender", immediateFlush="null", bufferSize="null", ignoreExceptions="null", PatternLayout(org.apache.logging.log4j.core.layout.PatternLayout with name PatternLayout), NameFilter(org.apache.hadoop.hive.ql.log.LogDivertAppender$NameFilter with name NameFilter), advertise="null", advertiseURI="null", Configuration(HiveLog4j2Test))
DEBUG StatusLogger Starting RandomAccessFileManager /home/alex/Repositories/hive/beeline/target/tmp/alex/operation_logs/76277ef0-ec1c-4be4-b8f0-a6cbafd33f5b/alex_20240424080600_82459d0e-bcb0-45c9-8ffa-c0c3d2fd68ac
DEBUG StatusLogger Building Plugin[name=, class=org.apache.hadoop.hive.ql.log.LogDivertAppenderForTest$TestFilter].
DEBUG StatusLogger createFilter()
DEBUG StatusLogger Building Plugin[name=, class=org.apache.logging.log4j.core.layout.PatternLayout].
DEBUG StatusLogger PatternLayout$Builder(pattern="%-5p : %m%n", PatternSelector=null, Configuration(HiveLog4j2Test), Replace=null, charset="null", alwaysWriteExceptions="null", disableAnsi="null", noConsoleNoAnsi="null", header="null", footer="null")
DEBUG StatusLogger Building Plugin[name=appender, class=org.apache.hadoop.hive.ql.log.HushableRandomAccessFileAppender].
DEBUG StatusLogger createAppender(fileName="/home/alex/Repositories/hive/beeline/target/tmp/alex/operation_logs/76277ef0-ec1c-4be4-b8f0-a6cbafd33f5b/alex_20240424080600_82459d0e-bcb0-45c9-8ffa-c0c3d2fd68ac.test", append="null", name="test-query-file-appender", immediateFlush="null", bufferSize="null", ignoreExceptions="null", PatternLayout(org.apache.logging.log4j.core.layout.PatternLayout with name PatternLayout), test-filter(org.apache.hadoop.hive.ql.log.LogDivertAppenderForTest$TestFilter with name test-filter), advertise="null", advertiseURI="null", Configuration(HiveLog4j2Test))
DEBUG StatusLogger Starting RandomAccessFileManager /home/alex/Repositories/hive/beeline/target/tmp/alex/operation_logs/76277ef0-ec1c-4be4-b8f0-a6cbafd33f5b/alex_20240424080600_82459d0e-bcb0-45c9-8ffa-c0c3d2fd68ac.test
2024-04-24T08:06:00,753  INFO [76277ef0-ec1c-4be4-b8f0-a6cbafd33f5b main] operation.HiveCommandOperation: [opType=EXECUTE_STATEMENT, queryId=alex_20240424080600_82459d0e-bcb0-45c9-8ffa-c0c3d2fd68ac, startTime=1713971160748, sessionId=76277ef0-ec1c-4be4-b8f0-a6cbafd33f5b, createTime=1713971160686, userName=null, ipAddress=null]
2024-04-24T08:06:00,761  INFO [76277ef0-ec1c-4be4-b8f0-a6cbafd33f5b main] common.LogUtils: Unregistered logging context.
2024-04-24T08:06:00,763  INFO [76277ef0-ec1c-4be4-b8f0-a6cbafd33f5b main] operation.OperationManager: Closing operation: OperationHandle [opType=EXECUTE_STATEMENT, getHandleIdentifier()=3da492be-ab3d-4802-b95a-ced26807b5f4]
2024-04-24T08:06:00,763  INFO [76277ef0-ec1c-4be4-b8f0-a6cbafd33f5b main] operation.OperationManager: Removed queryId: alex_20240424080600_82459d0e-bcb0-45c9-8ffa-c0c3d2fd68ac corresponding to operation: OperationHandle [opType=EXECUTE_STATEMENT, getHandleIdentifier()=3da492be-ab3d-4802-b95a-ced26807b5f4] with tag: null
2024-04-24T08:06:00,764  INFO [76277ef0-ec1c-4be4-b8f0-a6cbafd33f5b main] operation.HiveCommandOperation: Closing operation log /home/alex/Repositories/hive/beeline/target/tmp/alex/operation_logs/76277ef0-ec1c-4be4-b8f0-a6cbafd33f5b/alex_20240424080600_82459d0e-bcb0-45c9-8ffa-c0c3d2fd68ac without delay
2024-04-24T08:06:00,774  INFO [76277ef0-ec1c-4be4-b8f0-a6cbafd33f5b main] session.HiveSessionImpl: executing create database if not exists testDB
2024-04-24T08:06:00,775  INFO [76277ef0-ec1c-4be4-b8f0-a6cbafd33f5b main] operation.OperationManager: Adding operation: OperationHandle [opType=EXECUTE_STATEMENT, getHandleIdentifier()=9bd74c42-88b9-4b7f-8ee8-2d702d9d55f2] SessionHandle [76277ef0-ec1c-4be4-b8f0-a6cbafd33f5b]
2024-04-24T08:06:00,775  INFO [76277ef0-ec1c-4be4-b8f0-a6cbafd33f5b main] common.LogUtils: Thread context registration is done.
DEBUG StatusLogger Building Plugin[name=filter, class=org.apache.hadoop.hive.ql.log.LogDivertAppender$NameFilter].
DEBUG StatusLogger createFilter(loggingLevel="EXECUTION")
DEBUG StatusLogger Building Plugin[name=layout, class=org.apache.logging.log4j.core.layout.PatternLayout].
DEBUG StatusLogger PatternLayout$Builder(pattern="%-5p : %m%n", PatternSelector=null, Configuration(HiveLog4j2Test), Replace=null, charset="null", alwaysWriteExceptions="null", disableAnsi="null", noConsoleNoAnsi="null", header="null", footer="null")
DEBUG StatusLogger Building Plugin[name=appender, class=org.apache.hadoop.hive.ql.log.HushableRandomAccessFileAppender].
DEBUG StatusLogger createAppender(fileName="/home/alex/Repositories/hive/beeline/target/tmp/alex/operation_logs/76277ef0-ec1c-4be4-b8f0-a6cbafd33f5b/alex_20240424080600_216b01cd-9274-4e78-ba07-b12330516613", append="null", name="query-file-appender", immediateFlush="null", bufferSize="null", ignoreExceptions="null", PatternLayout(org.apache.logging.log4j.core.layout.PatternLayout with name PatternLayout), NameFilter(org.apache.hadoop.hive.ql.log.LogDivertAppender$NameFilter with name NameFilter), advertise="null", advertiseURI="null", Configuration(HiveLog4j2Test))
DEBUG StatusLogger Starting RandomAccessFileManager /home/alex/Repositories/hive/beeline/target/tmp/alex/operation_logs/76277ef0-ec1c-4be4-b8f0-a6cbafd33f5b/alex_20240424080600_216b01cd-9274-4e78-ba07-b12330516613
DEBUG StatusLogger Building Plugin[name=, class=org.apache.hadoop.hive.ql.log.LogDivertAppenderForTest$TestFilter].
DEBUG StatusLogger createFilter()
DEBUG StatusLogger Building Plugin[name=, class=org.apache.logging.log4j.core.layout.PatternLayout].
DEBUG StatusLogger PatternLayout$Builder(pattern="%-5p : %m%n", PatternSelector=null, Configuration(HiveLog4j2Test), Replace=null, charset="null", alwaysWriteExceptions="null", disableAnsi="null", noConsoleNoAnsi="null", header="null", footer="null")
DEBUG StatusLogger Building Plugin[name=appender, class=org.apache.hadoop.hive.ql.log.HushableRandomAccessFileAppender].
DEBUG StatusLogger createAppender(fileName="/home/alex/Repositories/hive/beeline/target/tmp/alex/operation_logs/76277ef0-ec1c-4be4-b8f0-a6cbafd33f5b/alex_20240424080600_216b01cd-9274-4e78-ba07-b12330516613.test", append="null", name="test-query-file-appender", immediateFlush="null", bufferSize="null", ignoreExceptions="null", PatternLayout(org.apache.logging.log4j.core.layout.PatternLayout with name PatternLayout), test-filter(org.apache.hadoop.hive.ql.log.LogDivertAppenderForTest$TestFilter with name test-filter), advertise="null", advertiseURI="null", Configuration(HiveLog4j2Test))
DEBUG StatusLogger Starting RandomAccessFileManager /home/alex/Repositories/hive/beeline/target/tmp/alex/operation_logs/76277ef0-ec1c-4be4-b8f0-a6cbafd33f5b/alex_20240424080600_216b01cd-9274-4e78-ba07-b12330516613.test
2024-04-24T08:06:00,778  INFO [76277ef0-ec1c-4be4-b8f0-a6cbafd33f5b main] operation.SQLOperation: [opType=EXECUTE_STATEMENT, queryId=alex_20240424080600_216b01cd-9274-4e78-ba07-b12330516613, startTime=1713971160775, sessionId=76277ef0-ec1c-4be4-b8f0-a6cbafd33f5b, createTime=1713971160686, userName=null, ipAddress=null]
2024-04-24T08:06:00,779  INFO [76277ef0-ec1c-4be4-b8f0-a6cbafd33f5b main] ql.Driver: Compiling command(queryId=alex_20240424080600_216b01cd-9274-4e78-ba07-b12330516613): create database if not exists testDB
2024-04-24T08:06:00,780  INFO [76277ef0-ec1c-4be4-b8f0-a6cbafd33f5b main] metastore.HiveMetaStoreClient: HMS client filtering is enabled.
2024-04-24T08:06:00,780  INFO [76277ef0-ec1c-4be4-b8f0-a6cbafd33f5b main] metastore.HMSHandler: 0: Opening raw store with implementation class:org.apache.hadoop.hive.metastore.ObjectStore
2024-04-24T08:06:00,780  INFO [76277ef0-ec1c-4be4-b8f0-a6cbafd33f5b main] metastore.PersistenceManagerProvider: Configuration datanucleus.autoStartMechanismMode is not set. Defaulting to 'ignored'
2024-04-24T08:06:00,781  INFO [76277ef0-ec1c-4be4-b8f0-a6cbafd33f5b main] metastore.ObjectStore: RawStore: org.apache.hadoop.hive.metastore.ObjectStore@24b3f778, with PersistenceManager: null will be shutdown
2024-04-24T08:06:00,781  INFO [76277ef0-ec1c-4be4-b8f0-a6cbafd33f5b main] metastore.ObjectStore: RawStore: org.apache.hadoop.hive.metastore.ObjectStore@24b3f778, with PersistenceManager: org.datanucleus.api.jdo.JDOPersistenceManager@164dea80 created in the thread with id: 1
2024-04-24T08:06:00,783  INFO [76277ef0-ec1c-4be4-b8f0-a6cbafd33f5b main] metastore.HMSHandler: Created RawStore: org.apache.hadoop.hive.metastore.ObjectStore@24b3f778 from thread id: 1
2024-04-24T08:06:00,784  INFO [76277ef0-ec1c-4be4-b8f0-a6cbafd33f5b main] metastore.HMSHandler: HMS server filtering is disabled by configuration
2024-04-24T08:06:00,784  INFO [76277ef0-ec1c-4be4-b8f0-a6cbafd33f5b main] metastore.RetryingMetaStoreClient: RetryingMetaStoreClient proxy=class org.apache.hadoop.hive.ql.metadata.SessionHiveMetaStoreClient ugi=alex (auth:SIMPLE) retries=1 delay=1 lifetime=0
2024-04-24T08:06:00,784  INFO [76277ef0-ec1c-4be4-b8f0-a6cbafd33f5b main] ql.Driver: Semantic Analysis Completed (retrial = false)
2024-04-24T08:06:00,784  INFO [76277ef0-ec1c-4be4-b8f0-a6cbafd33f5b main] ql.Driver: Created Hive schema: Schema(fieldSchemas:null, properties:null)
2024-04-24T08:06:00,784  INFO [76277ef0-ec1c-4be4-b8f0-a6cbafd33f5b main] metadata.Hive: Dumping metastore api call timing information for : compilation phase
2024-04-24T08:06:00,784  INFO [76277ef0-ec1c-4be4-b8f0-a6cbafd33f5b main] metadata.Hive: Total time spent in each metastore function (ms): {isCompatibleWith_(Configuration)=0, flushCache_()=0}
2024-04-24T08:06:00,784  INFO [76277ef0-ec1c-4be4-b8f0-a6cbafd33f5b main] ql.Driver: Completed compiling command(queryId=alex_20240424080600_216b01cd-9274-4e78-ba07-b12330516613); Time taken: 0.005 seconds
2024-04-24T08:06:00,785  INFO [76277ef0-ec1c-4be4-b8f0-a6cbafd33f5b main] common.LogUtils: Unregistered logging context.
2024-04-24T08:06:00,785  INFO [HiveServer2-Background-Pool: Thread-333] common.LogUtils: Thread context registration is done.
2024-04-24T08:06:00,786  INFO [HiveServer2-Background-Pool: Thread-333] reexec.ReExecDriver: Execution #1 of query
2024-04-24T08:06:00,786  INFO [HiveServer2-Background-Pool: Thread-333] ql.Driver: Concurrency mode is disabled, not creating a lock manager
2024-04-24T08:06:00,786  INFO [HiveServer2-Background-Pool: Thread-333] ql.Driver: Executing command(queryId=alex_20240424080600_216b01cd-9274-4e78-ba07-b12330516613): create database if not exists testDB
2024-04-24T08:06:00,787  INFO [HiveServer2-Background-Pool: Thread-333] ql.Driver: Starting task [Stage-0:DDL] in serial mode
2024-04-24T08:06:00,787  INFO [HiveServer2-Background-Pool: Thread-333] sqlstd.SQLStdHiveAccessController: Created SQLStdHiveAccessController for session context : HiveAuthzSessionContext [sessionString=76277ef0-ec1c-4be4-b8f0-a6cbafd33f5b, clientType=HIVESERVER2]
2024-04-24T08:06:00,788  WARN [HiveServer2-Background-Pool: Thread-333] exec.DDLTask: metastore.warehouse.external.dir is not set, falling back to metastore.warehouse.dir. This could cause external tables to use to managed tablespace.
2024-04-24T08:06:00,788  INFO [HiveServer2-Background-Pool: Thread-333] HiveMetaStore.audit: ugi=alex	ip=unknown-ip-addr	cmd=create_database: Database(name:testDB, description:null, locationUri:file:/home/alex/Repositories/hive/beeline/target/tmp/warehouse/testdb.db, parameters:null, ownerName:alex, ownerType:USER, catalogName:hive, type:NATIVE)	
2024-04-24T08:06:00,789  INFO [HiveServer2-Background-Pool: Thread-333] metastore.HMSHandler: 16: Opening raw store with implementation class:org.apache.hadoop.hive.metastore.ObjectStore
2024-04-24T08:06:00,789  INFO [HiveServer2-Background-Pool: Thread-333] metastore.ObjectStore: RawStore: org.apache.hadoop.hive.metastore.ObjectStore@56b2a472, with PersistenceManager: null will be shutdown
2024-04-24T08:06:00,789  INFO [HiveServer2-Background-Pool: Thread-333] metastore.ObjectStore: RawStore: org.apache.hadoop.hive.metastore.ObjectStore@56b2a472, with PersistenceManager: org.datanucleus.api.jdo.JDOPersistenceManager@13b030c0 created in the thread with id: 333
2024-04-24T08:06:00,793  INFO [HiveServer2-Background-Pool: Thread-333] metastore.HMSHandler: Created RawStore: org.apache.hadoop.hive.metastore.ObjectStore@56b2a472 from thread id: 333
2024-04-24T08:06:00,796 ERROR [HiveServer2-Background-Pool: Thread-333] metastore.RetryingHMSHandler: AlreadyExistsException(message:Database testDB already exists)
	at org.apache.hadoop.hive.metastore.HMSHandler.create_database(HMSHandler.java:1472)
	at sun.reflect.NativeMethodAccessorImpl.invoke0(Native Method)
	at sun.reflect.NativeMethodAccessorImpl.invoke(NativeMethodAccessorImpl.java:62)
	at sun.reflect.DelegatingMethodAccessorImpl.invoke(DelegatingMethodAccessorImpl.java:43)
	at java.lang.reflect.Method.invoke(Method.java:498)
	at org.apache.hadoop.hive.metastore.RetryingHMSHandler.invokeInternal(RetryingHMSHandler.java:147)
	at org.apache.hadoop.hive.metastore.RetryingHMSHandler.invoke(RetryingHMSHandler.java:108)
	at com.sun.proxy.$Proxy40.create_database(Unknown Source)
	at org.apache.hadoop.hive.metastore.HiveMetaStoreClient.createDatabase(HiveMetaStoreClient.java:1151)
	at sun.reflect.NativeMethodAccessorImpl.invoke0(Native Method)
	at sun.reflect.NativeMethodAccessorImpl.invoke(NativeMethodAccessorImpl.java:62)
	at sun.reflect.DelegatingMethodAccessorImpl.invoke(DelegatingMethodAccessorImpl.java:43)
	at java.lang.reflect.Method.invoke(Method.java:498)
	at org.apache.hadoop.hive.metastore.RetryingMetaStoreClient.invoke(RetryingMetaStoreClient.java:218)
	at com.sun.proxy.$Proxy41.createDatabase(Unknown Source)
	at org.apache.hadoop.hive.ql.metadata.Hive.createDatabase(Hive.java:605)
	at org.apache.hadoop.hive.ql.ddl.database.create.CreateDatabaseOperation.execute(CreateDatabaseOperation.java:68)
	at org.apache.hadoop.hive.ql.ddl.DDLTask.execute(DDLTask.java:84)
	at org.apache.hadoop.hive.ql.exec.Task.executeTask(Task.java:212)
	at org.apache.hadoop.hive.ql.exec.TaskRunner.runSequential(TaskRunner.java:105)
	at org.apache.hadoop.hive.ql.Executor.launchTask(Executor.java:361)
	at org.apache.hadoop.hive.ql.Executor.launchTasks(Executor.java:334)
	at org.apache.hadoop.hive.ql.Executor.runTasks(Executor.java:245)
	at org.apache.hadoop.hive.ql.Executor.execute(Executor.java:108)
	at org.apache.hadoop.hive.ql.Driver.execute(Driver.java:348)
	at org.apache.hadoop.hive.ql.Driver.runInternal(Driver.java:204)
	at org.apache.hadoop.hive.ql.Driver.run(Driver.java:153)
	at org.apache.hadoop.hive.ql.Driver.run(Driver.java:148)
	at org.apache.hadoop.hive.ql.reexec.ReExecDriver.run(ReExecDriver.java:164)
	at org.apache.hive.service.cli.operation.SQLOperation.runQuery(SQLOperation.java:233)
	at org.apache.hive.service.cli.operation.SQLOperation.access$500(SQLOperation.java:88)
	at org.apache.hive.service.cli.operation.SQLOperation$BackgroundWork$1.run(SQLOperation.java:336)
	at java.security.AccessController.doPrivileged(Native Method)
	at javax.security.auth.Subject.doAs(Subject.java:422)
	at org.apache.hadoop.security.UserGroupInformation.doAs(UserGroupInformation.java:1682)
	at org.apache.hive.service.cli.operation.SQLOperation$BackgroundWork.run(SQLOperation.java:356)
	at java.util.concurrent.Executors$RunnableAdapter.call(Executors.java:511)
	at java.util.concurrent.FutureTask.run(FutureTask.java:266)
	at java.util.concurrent.ThreadPoolExecutor.runWorker(ThreadPoolExecutor.java:1149)
	at java.util.concurrent.ThreadPoolExecutor$Worker.run(ThreadPoolExecutor.java:624)
	at java.lang.Thread.run(Thread.java:750)

2024-04-24T08:06:00,797  INFO [HiveServer2-Background-Pool: Thread-333] metadata.Hive: Dumping metastore api call timing information for : execution phase
2024-04-24T08:06:00,797  INFO [HiveServer2-Background-Pool: Thread-333] metadata.Hive: Total time spent in each metastore function (ms): {isCompatibleWith_(Configuration)=0}
2024-04-24T08:06:00,797  INFO [HiveServer2-Background-Pool: Thread-333] ql.Driver: Completed executing command(queryId=alex_20240424080600_216b01cd-9274-4e78-ba07-b12330516613); Time taken: 0.011 seconds
2024-04-24T08:06:00,798  INFO [HiveServer2-Background-Pool: Thread-333] common.LogUtils: Unregistered logging context.
2024-04-24T08:06:00,801  INFO [76277ef0-ec1c-4be4-b8f0-a6cbafd33f5b main] operation.OperationManager: Closing operation: OperationHandle [opType=EXECUTE_STATEMENT, getHandleIdentifier()=9bd74c42-88b9-4b7f-8ee8-2d702d9d55f2]
2024-04-24T08:06:00,801  INFO [76277ef0-ec1c-4be4-b8f0-a6cbafd33f5b main] operation.OperationManager: Removed queryId: alex_20240424080600_216b01cd-9274-4e78-ba07-b12330516613 corresponding to operation: OperationHandle [opType=EXECUTE_STATEMENT, getHandleIdentifier()=9bd74c42-88b9-4b7f-8ee8-2d702d9d55f2] with tag: null
2024-04-24T08:06:00,801  INFO [76277ef0-ec1c-4be4-b8f0-a6cbafd33f5b main] operation.SQLOperation: Closing operation log /home/alex/Repositories/hive/beeline/target/tmp/alex/operation_logs/76277ef0-ec1c-4be4-b8f0-a6cbafd33f5b/alex_20240424080600_216b01cd-9274-4e78-ba07-b12330516613 without delay
2024-04-24T08:06:00,806  INFO [76277ef0-ec1c-4be4-b8f0-a6cbafd33f5b main] session.HiveSessionImpl: executing use default
2024-04-24T08:06:00,807  INFO [76277ef0-ec1c-4be4-b8f0-a6cbafd33f5b main] operation.OperationManager: Adding operation: OperationHandle [opType=EXECUTE_STATEMENT, getHandleIdentifier()=51bdfbda-9eae-403c-8306-92756a5ebe1b] SessionHandle [76277ef0-ec1c-4be4-b8f0-a6cbafd33f5b]
2024-04-24T08:06:00,807  INFO [76277ef0-ec1c-4be4-b8f0-a6cbafd33f5b main] common.LogUtils: Thread context registration is done.
DEBUG StatusLogger Building Plugin[name=filter, class=org.apache.hadoop.hive.ql.log.LogDivertAppender$NameFilter].
DEBUG StatusLogger createFilter(loggingLevel="EXECUTION")
DEBUG StatusLogger Building Plugin[name=layout, class=org.apache.logging.log4j.core.layout.PatternLayout].
DEBUG StatusLogger PatternLayout$Builder(pattern="%-5p : %m%n", PatternSelector=null, Configuration(HiveLog4j2Test), Replace=null, charset="null", alwaysWriteExceptions="null", disableAnsi="null", noConsoleNoAnsi="null", header="null", footer="null")
DEBUG StatusLogger Building Plugin[name=appender, class=org.apache.hadoop.hive.ql.log.HushableRandomAccessFileAppender].
DEBUG StatusLogger createAppender(fileName="/home/alex/Repositories/hive/beeline/target/tmp/alex/operation_logs/76277ef0-ec1c-4be4-b8f0-a6cbafd33f5b/alex_20240424080600_d838d45f-7ddb-4192-a194-91388d72f776", append="null", name="query-file-appender", immediateFlush="null", bufferSize="null", ignoreExceptions="null", PatternLayout(org.apache.logging.log4j.core.layout.PatternLayout with name PatternLayout), NameFilter(org.apache.hadoop.hive.ql.log.LogDivertAppender$NameFilter with name NameFilter), advertise="null", advertiseURI="null", Configuration(HiveLog4j2Test))
DEBUG StatusLogger Starting RandomAccessFileManager /home/alex/Repositories/hive/beeline/target/tmp/alex/operation_logs/76277ef0-ec1c-4be4-b8f0-a6cbafd33f5b/alex_20240424080600_d838d45f-7ddb-4192-a194-91388d72f776
DEBUG StatusLogger Building Plugin[name=, class=org.apache.hadoop.hive.ql.log.LogDivertAppenderForTest$TestFilter].
DEBUG StatusLogger createFilter()
DEBUG StatusLogger Building Plugin[name=, class=org.apache.logging.log4j.core.layout.PatternLayout].
DEBUG StatusLogger PatternLayout$Builder(pattern="%-5p : %m%n", PatternSelector=null, Configuration(HiveLog4j2Test), Replace=null, charset="null", alwaysWriteExceptions="null", disableAnsi="null", noConsoleNoAnsi="null", header="null", footer="null")
DEBUG StatusLogger Building Plugin[name=appender, class=org.apache.hadoop.hive.ql.log.HushableRandomAccessFileAppender].
DEBUG StatusLogger createAppender(fileName="/home/alex/Repositories/hive/beeline/target/tmp/alex/operation_logs/76277ef0-ec1c-4be4-b8f0-a6cbafd33f5b/alex_20240424080600_d838d45f-7ddb-4192-a194-91388d72f776.test", append="null", name="test-query-file-appender", immediateFlush="null", bufferSize="null", ignoreExceptions="null", PatternLayout(org.apache.logging.log4j.core.layout.PatternLayout with name PatternLayout), test-filter(org.apache.hadoop.hive.ql.log.LogDivertAppenderForTest$TestFilter with name test-filter), advertise="null", advertiseURI="null", Configuration(HiveLog4j2Test))
DEBUG StatusLogger Starting RandomAccessFileManager /home/alex/Repositories/hive/beeline/target/tmp/alex/operation_logs/76277ef0-ec1c-4be4-b8f0-a6cbafd33f5b/alex_20240424080600_d838d45f-7ddb-4192-a194-91388d72f776.test
2024-04-24T08:06:00,813  INFO [76277ef0-ec1c-4be4-b8f0-a6cbafd33f5b main] operation.SQLOperation: [opType=EXECUTE_STATEMENT, queryId=alex_20240424080600_d838d45f-7ddb-4192-a194-91388d72f776, startTime=1713971160807, sessionId=76277ef0-ec1c-4be4-b8f0-a6cbafd33f5b, createTime=1713971160686, userName=null, ipAddress=null]
2024-04-24T08:06:00,814  INFO [76277ef0-ec1c-4be4-b8f0-a6cbafd33f5b main] ql.Driver: Compiling command(queryId=alex_20240424080600_d838d45f-7ddb-4192-a194-91388d72f776): use default
2024-04-24T08:06:00,816  INFO [76277ef0-ec1c-4be4-b8f0-a6cbafd33f5b main] HiveMetaStore.audit: ugi=alex	ip=unknown-ip-addr	cmd=get_database: default	
2024-04-24T08:06:00,817  INFO [76277ef0-ec1c-4be4-b8f0-a6cbafd33f5b main] ql.Driver: Semantic Analysis Completed (retrial = false)
2024-04-24T08:06:00,818  INFO [76277ef0-ec1c-4be4-b8f0-a6cbafd33f5b main] ql.Driver: Created Hive schema: Schema(fieldSchemas:null, properties:null)
2024-04-24T08:06:00,818  INFO [76277ef0-ec1c-4be4-b8f0-a6cbafd33f5b main] metadata.Hive: Dumping metastore api call timing information for : compilation phase
2024-04-24T08:06:00,818  INFO [76277ef0-ec1c-4be4-b8f0-a6cbafd33f5b main] metadata.Hive: Total time spent in each metastore function (ms): {isCompatibleWith_(Configuration)=0, getDatabase_(String)=1, flushCache_()=0}
2024-04-24T08:06:00,818  INFO [76277ef0-ec1c-4be4-b8f0-a6cbafd33f5b main] ql.Driver: Completed compiling command(queryId=alex_20240424080600_d838d45f-7ddb-4192-a194-91388d72f776); Time taken: 0.004 seconds
2024-04-24T08:06:00,818  INFO [76277ef0-ec1c-4be4-b8f0-a6cbafd33f5b main] common.LogUtils: Unregistered logging context.
2024-04-24T08:06:00,818  INFO [HiveServer2-Background-Pool: Thread-336] common.LogUtils: Thread context registration is done.
2024-04-24T08:06:00,819  INFO [HiveServer2-Background-Pool: Thread-336] reexec.ReExecDriver: Execution #1 of query
2024-04-24T08:06:00,819  INFO [HiveServer2-Background-Pool: Thread-336] ql.Driver: Concurrency mode is disabled, not creating a lock manager
2024-04-24T08:06:00,819  INFO [HiveServer2-Background-Pool: Thread-336] ql.Driver: Executing command(queryId=alex_20240424080600_d838d45f-7ddb-4192-a194-91388d72f776): use default
2024-04-24T08:06:00,820  INFO [HiveServer2-Background-Pool: Thread-336] ql.Driver: Starting task [Stage-0:DDL] in serial mode
2024-04-24T08:06:00,820  INFO [HiveServer2-Background-Pool: Thread-336] HiveMetaStore.audit: ugi=alex	ip=unknown-ip-addr	cmd=get_database: default	
2024-04-24T08:06:00,821  INFO [HiveServer2-Background-Pool: Thread-336] metastore.HMSHandler: 17: Opening raw store with implementation class:org.apache.hadoop.hive.metastore.ObjectStore
2024-04-24T08:06:00,822  INFO [HiveServer2-Background-Pool: Thread-336] metastore.ObjectStore: RawStore: org.apache.hadoop.hive.metastore.ObjectStore@143221dc, with PersistenceManager: null will be shutdown
2024-04-24T08:06:00,822  INFO [HiveServer2-Background-Pool: Thread-336] metastore.ObjectStore: RawStore: org.apache.hadoop.hive.metastore.ObjectStore@143221dc, with PersistenceManager: org.datanucleus.api.jdo.JDOPersistenceManager@5130ad3e created in the thread with id: 336
2024-04-24T08:06:00,827  INFO [HiveServer2-Background-Pool: Thread-336] metastore.HMSHandler: Created RawStore: org.apache.hadoop.hive.metastore.ObjectStore@143221dc from thread id: 336
2024-04-24T08:06:00,828  INFO [HiveServer2-Background-Pool: Thread-336] HiveMetaStore.audit: ugi=alex	ip=unknown-ip-addr	cmd=get_database: default	
2024-04-24T08:06:00,829  INFO [HiveServer2-Background-Pool: Thread-336] metadata.Hive: Dumping metastore api call timing information for : execution phase
2024-04-24T08:06:00,829  INFO [HiveServer2-Background-Pool: Thread-336] metadata.Hive: Total time spent in each metastore function (ms): {isCompatibleWith_(Configuration)=0, getDatabase_(String)=9}
2024-04-24T08:06:00,829  INFO [HiveServer2-Background-Pool: Thread-336] ql.Driver: Completed executing command(queryId=alex_20240424080600_d838d45f-7ddb-4192-a194-91388d72f776); Time taken: 0.01 seconds
2024-04-24T08:06:00,830  INFO [HiveServer2-Background-Pool: Thread-336] common.LogUtils: Unregistered logging context.
2024-04-24T08:06:00,831  INFO [76277ef0-ec1c-4be4-b8f0-a6cbafd33f5b main] operation.OperationManager: Closing operation: OperationHandle [opType=EXECUTE_STATEMENT, getHandleIdentifier()=51bdfbda-9eae-403c-8306-92756a5ebe1b]
2024-04-24T08:06:00,831  INFO [76277ef0-ec1c-4be4-b8f0-a6cbafd33f5b main] operation.OperationManager: Removed queryId: alex_20240424080600_d838d45f-7ddb-4192-a194-91388d72f776 corresponding to operation: OperationHandle [opType=EXECUTE_STATEMENT, getHandleIdentifier()=51bdfbda-9eae-403c-8306-92756a5ebe1b] with tag: null
2024-04-24T08:06:00,832  INFO [76277ef0-ec1c-4be4-b8f0-a6cbafd33f5b main] operation.SQLOperation: Closing operation log /home/alex/Repositories/hive/beeline/target/tmp/alex/operation_logs/76277ef0-ec1c-4be4-b8f0-a6cbafd33f5b/alex_20240424080600_d838d45f-7ddb-4192-a194-91388d72f776 without delay
2024-04-24T08:06:00,836  INFO [main] service.CompositeService: Session closed, SessionHandle [76277ef0-ec1c-4be4-b8f0-a6cbafd33f5b], current sessions:0
2024-04-24T08:06:00,836  INFO [76277ef0-ec1c-4be4-b8f0-a6cbafd33f5b main] session.HiveSessionImpl: Operation log session directory is deleted: /home/alex/Repositories/hive/beeline/target/tmp/alex/operation_logs/76277ef0-ec1c-4be4-b8f0-a6cbafd33f5b
2024-04-24T08:06:00,837  INFO [main] cleanup.EventualCleanupService: Delete /tmp/hive/alex/76277ef0-ec1c-4be4-b8f0-a6cbafd33f5b operation was queued
2024-04-24T08:06:00,837  INFO [main] cleanup.EventualCleanupService: Delete /home/alex/Repositories/hive/beeline/target/tmp/alex/76277ef0-ec1c-4be4-b8f0-a6cbafd33f5b operation was queued
2024-04-24T08:06:00,837  INFO [EventualCleanupService thread 1] cleanup.EventualCleanupService: Deleted /home/alex/Repositories/hive/beeline/target/tmp/alex/76277ef0-ec1c-4be4-b8f0-a6cbafd33f5b
2024-04-24T08:06:00,837  INFO [EventualCleanupService thread 0] cleanup.EventualCleanupService: Deleted /tmp/hive/alex/76277ef0-ec1c-4be4-b8f0-a6cbafd33f5b
2024-04-24T08:06:00,838  INFO [main] HiveMetaStore.audit: ugi=alex	ip=unknown-ip-addr	cmd=Cleaning up thread local RawStore...	
2024-04-24T08:06:00,838  INFO [main] metastore.ObjectStore: RawStore: org.apache.hadoop.hive.metastore.ObjectStore@24b3f778, with PersistenceManager: org.datanucleus.api.jdo.JDOPersistenceManager@164dea80 will be shutdown
2024-04-24T08:06:00,838  INFO [main] HiveMetaStore.audit: ugi=alex	ip=unknown-ip-addr	cmd=Done cleaning up thread local RawStore	
2024-04-24T08:06:00,838  INFO [main] metastore.HiveMetaStoreClient: Closed a connection to metastore, current connections: -19
]]></system-err>
  </testcase>
  <testcase name="testUseCurrentDB3" classname="org.apache.hive.beeline.cli.TestHiveCli" time="0.232">
    <failure type="java.lang.AssertionError"><![CDATA[java.lang.AssertionError: 
The expected keyword "hive (testDB)>" occur in the output: Connecting to jdbc:hive2://
Hive Session ID = 50bf24de-9dfd-4595-a66d-53685d73f0f7
ivysettings.xml file not found in HIVE_HOME or HIVE_CONF_DIR,/home/alex/Repositories/hive/conf/ivysettings.xml will be used
ivysettings.xml file not found in HIVE_HOME or HIVE_CONF_DIR,/home/alex/Repositories/hive/conf/ivysettings.xml will be used
Connected to: Apache Hive (version 4.0.0-SNAPSHOT)
Error: Couldn't load manifest attributes. (state=,code=0)
Transaction isolation: TRANSACTION_REPEATABLE_READ
Beeline version ??? by Apache Hive
hive> create database if not exists testDB; set hive.cli.print.current.db=true;use  testDB;
INFO  : Compiling command(queryId=alex_20240424080601_c58322b1-3d80-4ba3-87d2-43743bb5e1d0): create database if not exists testDB
INFO  : Semantic Analysis Completed (retrial = false)
INFO  : Created Hive schema: Schema(fieldSchemas:null, properties:null)
INFO  : Completed compiling command(queryId=alex_20240424080601_c58322b1-3d80-4ba3-87d2-43743bb5e1d0); Time taken: 0.008 seconds
INFO  : Concurrency mode is disabled, not creating a lock manager
INFO  : Executing command(queryId=alex_20240424080601_c58322b1-3d80-4ba3-87d2-43743bb5e1d0): create database if not exists testDB
INFO  : Starting task [Stage-0:DDL] in serial mode
DEBUG : Task getting executed using mapred tag : alex_20240424080601_c58322b1-3d80-4ba3-87d2-43743bb5e1d0,userid=null
INFO  : Completed executing command(queryId=alex_20240424080601_c58322b1-3d80-4ba3-87d2-43743bb5e1d0); Time taken: 0.008 seconds
DEBUG : Shutting down query create database if not exists testDB
Error: Failed to wait for operation to complete (state=08S01,code=0)
hive> use default;drop if exists testDB;
INFO  : Compiling command(queryId=alex_20240424080601_3be736cd-7bc9-4b35-8c6b-da2cb61f3cb5): use default
INFO  : Semantic Analysis Completed (retrial = false)
INFO  : Created Hive schema: Schema(fieldSchemas:null, properties:null)
INFO  : Completed compiling command(queryId=alex_20240424080601_3be736cd-7bc9-4b35-8c6b-da2cb61f3cb5); Time taken: 0.003 seconds
INFO  : Concurrency mode is disabled, not creating a lock manager
INFO  : Executing command(queryId=alex_20240424080601_3be736cd-7bc9-4b35-8c6b-da2cb61f3cb5): use default
INFO  : Starting task [Stage-0:DDL] in serial mode
DEBUG : Task getting executed using mapred tag : alex_20240424080601_3be736cd-7bc9-4b35-8c6b-da2cb61f3cb5,userid=null
INFO  : Completed executing command(queryId=alex_20240424080601_3be736cd-7bc9-4b35-8c6b-da2cb61f3cb5); Time taken: 0.006 seconds
DEBUG : Shutting down query use default
Error: Failed to wait for operation to complete (state=08S01,code=0)
hive> Closing: 0: jdbc:hive2://

	at org.junit.Assert.fail(Assert.java:89)
	at org.junit.Assert.assertTrue(Assert.java:42)
	at org.apache.hive.beeline.cli.TestHiveCli.verifyCMD(TestHiveCli.java:270)
	at org.apache.hive.beeline.cli.TestHiveCli.testUseCurrentDB3(TestHiveCli.java:226)
	at sun.reflect.NativeMethodAccessorImpl.invoke0(Native Method)
	at sun.reflect.NativeMethodAccessorImpl.invoke(NativeMethodAccessorImpl.java:62)
	at sun.reflect.DelegatingMethodAccessorImpl.invoke(DelegatingMethodAccessorImpl.java:43)
	at java.lang.reflect.Method.invoke(Method.java:498)
	at org.junit.runners.model.FrameworkMethod$1.runReflectiveCall(FrameworkMethod.java:59)
	at org.junit.internal.runners.model.ReflectiveCallable.run(ReflectiveCallable.java:12)
	at org.junit.runners.model.FrameworkMethod.invokeExplosively(FrameworkMethod.java:56)
	at org.junit.internal.runners.statements.InvokeMethod.evaluate(InvokeMethod.java:17)
	at org.junit.internal.runners.statements.RunBefores.evaluate(RunBefores.java:26)
	at org.junit.internal.runners.statements.RunAfters.evaluate(RunAfters.java:27)
	at org.junit.runners.ParentRunner$3.evaluate(ParentRunner.java:306)
	at org.junit.runners.BlockJUnit4ClassRunner$1.evaluate(BlockJUnit4ClassRunner.java:100)
	at org.junit.runners.ParentRunner.runLeaf(ParentRunner.java:366)
	at org.junit.runners.BlockJUnit4ClassRunner.runChild(BlockJUnit4ClassRunner.java:103)
	at org.junit.runners.BlockJUnit4ClassRunner.runChild(BlockJUnit4ClassRunner.java:63)
	at org.junit.runners.ParentRunner$4.run(ParentRunner.java:331)
	at org.junit.runners.ParentRunner$1.schedule(ParentRunner.java:79)
	at org.junit.runners.ParentRunner.runChildren(ParentRunner.java:329)
	at org.junit.runners.ParentRunner.access$100(ParentRunner.java:66)
	at org.junit.runners.ParentRunner$2.evaluate(ParentRunner.java:293)
	at org.junit.internal.runners.statements.RunBefores.evaluate(RunBefores.java:26)
	at org.junit.runners.ParentRunner$3.evaluate(ParentRunner.java:306)
	at org.junit.runners.ParentRunner.run(ParentRunner.java:413)
	at org.junit.runner.JUnitCore.run(JUnitCore.java:137)
	at org.junit.runner.JUnitCore.run(JUnitCore.java:115)
	at org.junit.vintage.engine.execution.RunnerExecutor.execute(RunnerExecutor.java:43)
	at java.util.stream.ForEachOps$ForEachOp$OfRef.accept(ForEachOps.java:183)
	at java.util.stream.ReferencePipeline$3$1.accept(ReferencePipeline.java:193)
	at java.util.Iterator.forEachRemaining(Iterator.java:116)
	at java.util.Spliterators$IteratorSpliterator.forEachRemaining(Spliterators.java:1801)
	at java.util.stream.AbstractPipeline.copyInto(AbstractPipeline.java:482)
	at java.util.stream.AbstractPipeline.wrapAndCopyInto(AbstractPipeline.java:472)
	at java.util.stream.ForEachOps$ForEachOp.evaluateSequential(ForEachOps.java:150)
	at java.util.stream.ForEachOps$ForEachOp$OfRef.evaluateSequential(ForEachOps.java:173)
	at java.util.stream.AbstractPipeline.evaluate(AbstractPipeline.java:234)
	at java.util.stream.ReferencePipeline.forEach(ReferencePipeline.java:485)
	at org.junit.vintage.engine.VintageTestEngine.executeAllChildren(VintageTestEngine.java:82)
	at org.junit.vintage.engine.VintageTestEngine.execute(VintageTestEngine.java:73)
	at org.junit.platform.launcher.core.DefaultLauncher.execute(DefaultLauncher.java:248)
	at org.junit.platform.launcher.core.DefaultLauncher.lambda$execute$5(DefaultLauncher.java:211)
	at org.junit.platform.launcher.core.DefaultLauncher.withInterceptedStreams(DefaultLauncher.java:226)
	at org.junit.platform.launcher.core.DefaultLauncher.execute(DefaultLauncher.java:199)
	at org.junit.platform.launcher.core.DefaultLauncher.execute(DefaultLauncher.java:132)
	at org.apache.maven.surefire.junitplatform.JUnitPlatformProvider.invokeAllTests(JUnitPlatformProvider.java:154)
	at org.apache.maven.surefire.junitplatform.JUnitPlatformProvider.invoke(JUnitPlatformProvider.java:123)
	at org.apache.maven.surefire.booter.ForkedBooter.runSuitesInProcess(ForkedBooter.java:377)
	at org.apache.maven.surefire.booter.ForkedBooter.execute(ForkedBooter.java:138)
	at org.apache.maven.surefire.booter.ForkedBooter.run(ForkedBooter.java:465)
	at org.apache.maven.surefire.booter.ForkedBooter.main(ForkedBooter.java:451)
]]></failure>
    <system-err><![CDATA[2024-04-24T08:06:00,840 ERROR [main] cli.TestHiveCli: Failed to execute command due to the error: java.lang.NullPointerException: Null output stream
2024-04-24T08:06:00,888  WARN [main] conf.HiveConf: HiveConf of name hive.dummyparam.test.server.specific.config.override does not exist
2024-04-24T08:06:00,889  WARN [main] conf.HiveConf: HiveConf of name hive.dummyparam.test.server.specific.config.hiveserver2site does not exist
2024-04-24T08:06:00,889  WARN [main] conf.HiveConf: HiveConf of name hive.dummyparam.test.server.specific.config.metastoresite does not exist
2024-04-24T08:06:00,889  INFO [main] SessionState: Hive Session ID = 50bf24de-9dfd-4595-a66d-53685d73f0f7
2024-04-24T08:06:00,890  INFO [main] DependencyResolver: ivysettings.xml file not found in HIVE_HOME or HIVE_CONF_DIR,/home/alex/Repositories/hive/conf/ivysettings.xml will be used
2024-04-24T08:06:00,897  INFO [main] session.SessionState: Created HDFS directory: /tmp/hive/alex/50bf24de-9dfd-4595-a66d-53685d73f0f7
2024-04-24T08:06:00,900  INFO [main] session.SessionState: Created local directory: /home/alex/Repositories/hive/beeline/target/tmp/alex/50bf24de-9dfd-4595-a66d-53685d73f0f7
2024-04-24T08:06:00,903  INFO [main] session.SessionState: Created HDFS directory: /tmp/hive/alex/50bf24de-9dfd-4595-a66d-53685d73f0f7/_tmp_space.db
2024-04-24T08:06:00,904  INFO [main] sqlstd.SQLStdHiveAccessController: Created SQLStdHiveAccessController for session context : HiveAuthzSessionContext [sessionString=50bf24de-9dfd-4595-a66d-53685d73f0f7, clientType=HIVESERVER2]
2024-04-24T08:06:00,905  INFO [main] metastore.HiveMetaStoreClient: HMS client filtering is enabled.
2024-04-24T08:06:00,905  INFO [main] metastore.HMSHandler: 0: Opening raw store with implementation class:org.apache.hadoop.hive.metastore.ObjectStore
2024-04-24T08:06:00,905  INFO [main] metastore.PersistenceManagerProvider: Configuration datanucleus.autoStartMechanismMode is not set. Defaulting to 'ignored'
2024-04-24T08:06:00,906  INFO [main] metastore.ObjectStore: RawStore: org.apache.hadoop.hive.metastore.ObjectStore@e5c5e6, with PersistenceManager: null will be shutdown
2024-04-24T08:06:00,906  INFO [main] metastore.ObjectStore: RawStore: org.apache.hadoop.hive.metastore.ObjectStore@e5c5e6, with PersistenceManager: org.datanucleus.api.jdo.JDOPersistenceManager@76dc36e5 created in the thread with id: 1
2024-04-24T08:06:00,909  INFO [main] metastore.HMSHandler: Created RawStore: org.apache.hadoop.hive.metastore.ObjectStore@e5c5e6 from thread id: 1
2024-04-24T08:06:00,909  INFO [main] metastore.HMSHandler: HMS server filtering is disabled by configuration
2024-04-24T08:06:00,909  INFO [main] metastore.RetryingMetaStoreClient: RetryingMetaStoreClient proxy=class org.apache.hadoop.hive.ql.metadata.SessionHiveMetaStoreClient ugi=alex (auth:SIMPLE) retries=1 delay=1 lifetime=0
2024-04-24T08:06:00,909  INFO [main] service.CompositeService: Operation log root directory is created: /home/alex/Repositories/hive/beeline/target/tmp/alex/operation_logs
2024-04-24T08:06:00,909  INFO [main] service.CompositeService: HiveServer2: Background operation thread pool size: 100
2024-04-24T08:06:00,909  INFO [main] service.CompositeService: HiveServer2: Background operation thread wait queue size: 100
2024-04-24T08:06:00,909  INFO [main] service.CompositeService: HiveServer2: Background operation thread keepalive time: 10 seconds
2024-04-24T08:06:00,909  INFO [main] service.CompositeService: Connections limit are user: 0 ipaddress: 0 user-ipaddress: 0
2024-04-24T08:06:00,911  INFO [main] cleanup.EventualCleanupService: EventualCleanupService started with 10 threads and queue of size 10000
ERROR StatusLogger Log4j2 ConfigurationScheduler attempted to increment scheduled items after start
ERROR StatusLogger Log4j2 ConfigurationScheduler attempted to increment scheduled items after start
2024-04-24T08:06:00,913  INFO [main] service.AbstractService: Service:OperationManager is inited.
2024-04-24T08:06:00,913  INFO [main] service.AbstractService: Service:SessionManager is inited.
2024-04-24T08:06:00,913  INFO [main] service.AbstractService: Service:CLIService is inited.
2024-04-24T08:06:00,913  INFO [main] service.AbstractService: Service:OperationManager is started.
2024-04-24T08:06:00,913  INFO [main] service.AbstractService: Service:SessionManager is started.
2024-04-24T08:06:00,914  INFO [main] service.AbstractService: Service:CLIService is started.
2024-04-24T08:06:00,914  INFO [main] service.AbstractService: Service:ThriftBinaryCLIService is inited.
2024-04-24T08:06:00,914  INFO [main] thrift.ThriftCLIService: Client protocol version: HIVE_CLI_SERVICE_PROTOCOL_V10
2024-04-24T08:06:00,914  INFO [main] thrift.ThriftCLIService: Creating Hive session handle for user [null] from IP null
2024-04-24T08:06:00,916  INFO [main] DependencyResolver: ivysettings.xml file not found in HIVE_HOME or HIVE_CONF_DIR,/home/alex/Repositories/hive/conf/ivysettings.xml will be used
2024-04-24T08:06:00,923  INFO [main] session.SessionState: Created HDFS directory: /tmp/hive/alex/a37c5346-573f-4839-91e5-d05da7821399
2024-04-24T08:06:00,926  INFO [main] session.SessionState: Created local directory: /home/alex/Repositories/hive/beeline/target/tmp/alex/a37c5346-573f-4839-91e5-d05da7821399
2024-04-24T08:06:00,929  INFO [main] session.SessionState: Created HDFS directory: /tmp/hive/alex/a37c5346-573f-4839-91e5-d05da7821399/_tmp_space.db
2024-04-24T08:06:00,929  INFO [main] session.SessionState: Reloading auxiliary JAR files
2024-04-24T08:06:00,929  WARN [main] session.SessionState: Configuration hive.reloadable.aux.jars.path not specified
2024-04-24T08:06:00,929  INFO [main] HiveMetaStore.audit: ugi=alex	ip=unknown-ip-addr	cmd=Cleaning up thread local RawStore...	
2024-04-24T08:06:00,929  INFO [main] metastore.ObjectStore: RawStore: org.apache.hadoop.hive.metastore.ObjectStore@e5c5e6, with PersistenceManager: org.datanucleus.api.jdo.JDOPersistenceManager@76dc36e5 will be shutdown
2024-04-24T08:06:00,929  INFO [main] HiveMetaStore.audit: ugi=alex	ip=unknown-ip-addr	cmd=Done cleaning up thread local RawStore	
2024-04-24T08:06:00,929  INFO [main] metastore.HiveMetaStoreClient: Closed a connection to metastore, current connections: -20
2024-04-24T08:06:00,929  INFO [main] session.HiveSessionImpl: Operation log session directory is created: /home/alex/Repositories/hive/beeline/target/tmp/alex/operation_logs/a37c5346-573f-4839-91e5-d05da7821399
2024-04-24T08:06:00,930  INFO [main] service.CompositeService: Session opened, SessionHandle [a37c5346-573f-4839-91e5-d05da7821399], current sessions:1
2024-04-24T08:06:00,930  INFO [main] thrift.ThriftCLIService: Login attempt is successful for user : null
2024-04-24T08:06:00,985  WARN [main] conf.HiveConf: HiveConf of name hive.dummyparam.test.server.specific.config.override does not exist
2024-04-24T08:06:00,986  WARN [main] conf.HiveConf: HiveConf of name hive.dummyparam.test.server.specific.config.hiveserver2site does not exist
2024-04-24T08:06:00,986  WARN [main] conf.HiveConf: HiveConf of name hive.dummyparam.test.server.specific.config.metastoresite does not exist
2024-04-24T08:06:00,986  INFO [a37c5346-573f-4839-91e5-d05da7821399 main] session.HiveSessionImpl: executing set
2024-04-24T08:06:00,987  INFO [a37c5346-573f-4839-91e5-d05da7821399 main] operation.HiveCommandOperation: Putting temp output to file /home/alex/Repositories/hive/beeline/target/tmp/alex/a37c5346-573f-4839-91e5-d05da78213995200418516056490967.pipeout and error output to file /home/alex/Repositories/hive/beeline/target/tmp/alex/a37c5346-573f-4839-91e5-d05da78213991684261177323406675.pipeout
2024-04-24T08:06:00,987  INFO [a37c5346-573f-4839-91e5-d05da7821399 main] operation.OperationManager: Adding operation: OperationHandle [opType=EXECUTE_STATEMENT, getHandleIdentifier()=61e808c2-8b67-4bdf-8b28-806e3e5e6696] SessionHandle [a37c5346-573f-4839-91e5-d05da7821399]
2024-04-24T08:06:00,987  INFO [a37c5346-573f-4839-91e5-d05da7821399 main] common.LogUtils: Thread context registration is done.
DEBUG StatusLogger Building Plugin[name=filter, class=org.apache.hadoop.hive.ql.log.LogDivertAppender$NameFilter].
DEBUG StatusLogger createFilter(loggingLevel="EXECUTION")
DEBUG StatusLogger Building Plugin[name=layout, class=org.apache.logging.log4j.core.layout.PatternLayout].
DEBUG StatusLogger PatternLayout$Builder(pattern="%-5p : %m%n", PatternSelector=null, Configuration(HiveLog4j2Test), Replace=null, charset="null", alwaysWriteExceptions="null", disableAnsi="null", noConsoleNoAnsi="null", header="null", footer="null")
DEBUG StatusLogger Building Plugin[name=appender, class=org.apache.hadoop.hive.ql.log.HushableRandomAccessFileAppender].
DEBUG StatusLogger createAppender(fileName="/home/alex/Repositories/hive/beeline/target/tmp/alex/operation_logs/a37c5346-573f-4839-91e5-d05da7821399/alex_20240424080600_30ff5e1e-b9e6-473e-90d8-2199f8f38b51", append="null", name="query-file-appender", immediateFlush="null", bufferSize="null", ignoreExceptions="null", PatternLayout(org.apache.logging.log4j.core.layout.PatternLayout with name PatternLayout), NameFilter(org.apache.hadoop.hive.ql.log.LogDivertAppender$NameFilter with name NameFilter), advertise="null", advertiseURI="null", Configuration(HiveLog4j2Test))
DEBUG StatusLogger Starting RandomAccessFileManager /home/alex/Repositories/hive/beeline/target/tmp/alex/operation_logs/a37c5346-573f-4839-91e5-d05da7821399/alex_20240424080600_30ff5e1e-b9e6-473e-90d8-2199f8f38b51
DEBUG StatusLogger Building Plugin[name=, class=org.apache.hadoop.hive.ql.log.LogDivertAppenderForTest$TestFilter].
DEBUG StatusLogger createFilter()
DEBUG StatusLogger Building Plugin[name=, class=org.apache.logging.log4j.core.layout.PatternLayout].
DEBUG StatusLogger PatternLayout$Builder(pattern="%-5p : %m%n", PatternSelector=null, Configuration(HiveLog4j2Test), Replace=null, charset="null", alwaysWriteExceptions="null", disableAnsi="null", noConsoleNoAnsi="null", header="null", footer="null")
DEBUG StatusLogger Building Plugin[name=appender, class=org.apache.hadoop.hive.ql.log.HushableRandomAccessFileAppender].
DEBUG StatusLogger createAppender(fileName="/home/alex/Repositories/hive/beeline/target/tmp/alex/operation_logs/a37c5346-573f-4839-91e5-d05da7821399/alex_20240424080600_30ff5e1e-b9e6-473e-90d8-2199f8f38b51.test", append="null", name="test-query-file-appender", immediateFlush="null", bufferSize="null", ignoreExceptions="null", PatternLayout(org.apache.logging.log4j.core.layout.PatternLayout with name PatternLayout), test-filter(org.apache.hadoop.hive.ql.log.LogDivertAppenderForTest$TestFilter with name test-filter), advertise="null", advertiseURI="null", Configuration(HiveLog4j2Test))
DEBUG StatusLogger Starting RandomAccessFileManager /home/alex/Repositories/hive/beeline/target/tmp/alex/operation_logs/a37c5346-573f-4839-91e5-d05da7821399/alex_20240424080600_30ff5e1e-b9e6-473e-90d8-2199f8f38b51.test
2024-04-24T08:06:00,991  INFO [a37c5346-573f-4839-91e5-d05da7821399 main] operation.HiveCommandOperation: [opType=EXECUTE_STATEMENT, queryId=alex_20240424080600_30ff5e1e-b9e6-473e-90d8-2199f8f38b51, startTime=1713971160986, sessionId=a37c5346-573f-4839-91e5-d05da7821399, createTime=1713971160914, userName=null, ipAddress=null]
2024-04-24T08:06:01,001  INFO [a37c5346-573f-4839-91e5-d05da7821399 main] common.LogUtils: Unregistered logging context.
2024-04-24T08:06:01,003  INFO [a37c5346-573f-4839-91e5-d05da7821399 main] operation.OperationManager: Closing operation: OperationHandle [opType=EXECUTE_STATEMENT, getHandleIdentifier()=61e808c2-8b67-4bdf-8b28-806e3e5e6696]
2024-04-24T08:06:01,004  INFO [a37c5346-573f-4839-91e5-d05da7821399 main] operation.OperationManager: Removed queryId: alex_20240424080600_30ff5e1e-b9e6-473e-90d8-2199f8f38b51 corresponding to operation: OperationHandle [opType=EXECUTE_STATEMENT, getHandleIdentifier()=61e808c2-8b67-4bdf-8b28-806e3e5e6696] with tag: null
2024-04-24T08:06:01,004  INFO [a37c5346-573f-4839-91e5-d05da7821399 main] operation.HiveCommandOperation: Closing operation log /home/alex/Repositories/hive/beeline/target/tmp/alex/operation_logs/a37c5346-573f-4839-91e5-d05da7821399/alex_20240424080600_30ff5e1e-b9e6-473e-90d8-2199f8f38b51 without delay
2024-04-24T08:06:01,011  INFO [a37c5346-573f-4839-91e5-d05da7821399 main] session.HiveSessionImpl: executing create database if not exists testDB
2024-04-24T08:06:01,012  INFO [a37c5346-573f-4839-91e5-d05da7821399 main] operation.OperationManager: Adding operation: OperationHandle [opType=EXECUTE_STATEMENT, getHandleIdentifier()=398478fd-654a-43c1-af8a-4aba873523f7] SessionHandle [a37c5346-573f-4839-91e5-d05da7821399]
2024-04-24T08:06:01,012  INFO [a37c5346-573f-4839-91e5-d05da7821399 main] common.LogUtils: Thread context registration is done.
DEBUG StatusLogger Building Plugin[name=filter, class=org.apache.hadoop.hive.ql.log.LogDivertAppender$NameFilter].
DEBUG StatusLogger createFilter(loggingLevel="EXECUTION")
DEBUG StatusLogger Building Plugin[name=layout, class=org.apache.logging.log4j.core.layout.PatternLayout].
DEBUG StatusLogger PatternLayout$Builder(pattern="%-5p : %m%n", PatternSelector=null, Configuration(HiveLog4j2Test), Replace=null, charset="null", alwaysWriteExceptions="null", disableAnsi="null", noConsoleNoAnsi="null", header="null", footer="null")
DEBUG StatusLogger Building Plugin[name=appender, class=org.apache.hadoop.hive.ql.log.HushableRandomAccessFileAppender].
DEBUG StatusLogger createAppender(fileName="/home/alex/Repositories/hive/beeline/target/tmp/alex/operation_logs/a37c5346-573f-4839-91e5-d05da7821399/alex_20240424080601_c58322b1-3d80-4ba3-87d2-43743bb5e1d0", append="null", name="query-file-appender", immediateFlush="null", bufferSize="null", ignoreExceptions="null", PatternLayout(org.apache.logging.log4j.core.layout.PatternLayout with name PatternLayout), NameFilter(org.apache.hadoop.hive.ql.log.LogDivertAppender$NameFilter with name NameFilter), advertise="null", advertiseURI="null", Configuration(HiveLog4j2Test))
DEBUG StatusLogger Starting RandomAccessFileManager /home/alex/Repositories/hive/beeline/target/tmp/alex/operation_logs/a37c5346-573f-4839-91e5-d05da7821399/alex_20240424080601_c58322b1-3d80-4ba3-87d2-43743bb5e1d0
DEBUG StatusLogger Building Plugin[name=, class=org.apache.hadoop.hive.ql.log.LogDivertAppenderForTest$TestFilter].
DEBUG StatusLogger createFilter()
DEBUG StatusLogger Building Plugin[name=, class=org.apache.logging.log4j.core.layout.PatternLayout].
DEBUG StatusLogger PatternLayout$Builder(pattern="%-5p : %m%n", PatternSelector=null, Configuration(HiveLog4j2Test), Replace=null, charset="null", alwaysWriteExceptions="null", disableAnsi="null", noConsoleNoAnsi="null", header="null", footer="null")
DEBUG StatusLogger Building Plugin[name=appender, class=org.apache.hadoop.hive.ql.log.HushableRandomAccessFileAppender].
DEBUG StatusLogger createAppender(fileName="/home/alex/Repositories/hive/beeline/target/tmp/alex/operation_logs/a37c5346-573f-4839-91e5-d05da7821399/alex_20240424080601_c58322b1-3d80-4ba3-87d2-43743bb5e1d0.test", append="null", name="test-query-file-appender", immediateFlush="null", bufferSize="null", ignoreExceptions="null", PatternLayout(org.apache.logging.log4j.core.layout.PatternLayout with name PatternLayout), test-filter(org.apache.hadoop.hive.ql.log.LogDivertAppenderForTest$TestFilter with name test-filter), advertise="null", advertiseURI="null", Configuration(HiveLog4j2Test))
DEBUG StatusLogger Starting RandomAccessFileManager /home/alex/Repositories/hive/beeline/target/tmp/alex/operation_logs/a37c5346-573f-4839-91e5-d05da7821399/alex_20240424080601_c58322b1-3d80-4ba3-87d2-43743bb5e1d0.test
2024-04-24T08:06:01,016  INFO [a37c5346-573f-4839-91e5-d05da7821399 main] operation.SQLOperation: [opType=EXECUTE_STATEMENT, queryId=alex_20240424080601_c58322b1-3d80-4ba3-87d2-43743bb5e1d0, startTime=1713971161012, sessionId=a37c5346-573f-4839-91e5-d05da7821399, createTime=1713971160914, userName=null, ipAddress=null]
2024-04-24T08:06:01,017  INFO [a37c5346-573f-4839-91e5-d05da7821399 main] ql.Driver: Compiling command(queryId=alex_20240424080601_c58322b1-3d80-4ba3-87d2-43743bb5e1d0): create database if not exists testDB
2024-04-24T08:06:01,019  INFO [a37c5346-573f-4839-91e5-d05da7821399 main] metastore.HiveMetaStoreClient: HMS client filtering is enabled.
2024-04-24T08:06:01,019  INFO [a37c5346-573f-4839-91e5-d05da7821399 main] metastore.HMSHandler: 0: Opening raw store with implementation class:org.apache.hadoop.hive.metastore.ObjectStore
2024-04-24T08:06:01,019  INFO [a37c5346-573f-4839-91e5-d05da7821399 main] metastore.PersistenceManagerProvider: Configuration datanucleus.autoStartMechanismMode is not set. Defaulting to 'ignored'
2024-04-24T08:06:01,020  INFO [a37c5346-573f-4839-91e5-d05da7821399 main] metastore.ObjectStore: RawStore: org.apache.hadoop.hive.metastore.ObjectStore@7be7c052, with PersistenceManager: null will be shutdown
2024-04-24T08:06:01,020  INFO [a37c5346-573f-4839-91e5-d05da7821399 main] metastore.ObjectStore: RawStore: org.apache.hadoop.hive.metastore.ObjectStore@7be7c052, with PersistenceManager: org.datanucleus.api.jdo.JDOPersistenceManager@4ab9d160 created in the thread with id: 1
2024-04-24T08:06:01,023  INFO [a37c5346-573f-4839-91e5-d05da7821399 main] metastore.HMSHandler: Created RawStore: org.apache.hadoop.hive.metastore.ObjectStore@7be7c052 from thread id: 1
2024-04-24T08:06:01,024  INFO [a37c5346-573f-4839-91e5-d05da7821399 main] metastore.HMSHandler: HMS server filtering is disabled by configuration
2024-04-24T08:06:01,024  INFO [a37c5346-573f-4839-91e5-d05da7821399 main] metastore.RetryingMetaStoreClient: RetryingMetaStoreClient proxy=class org.apache.hadoop.hive.ql.metadata.SessionHiveMetaStoreClient ugi=alex (auth:SIMPLE) retries=1 delay=1 lifetime=0
2024-04-24T08:06:01,024  INFO [a37c5346-573f-4839-91e5-d05da7821399 main] ql.Driver: Semantic Analysis Completed (retrial = false)
2024-04-24T08:06:01,025  INFO [a37c5346-573f-4839-91e5-d05da7821399 main] ql.Driver: Created Hive schema: Schema(fieldSchemas:null, properties:null)
2024-04-24T08:06:01,025  INFO [a37c5346-573f-4839-91e5-d05da7821399 main] metadata.Hive: Dumping metastore api call timing information for : compilation phase
2024-04-24T08:06:01,025  INFO [a37c5346-573f-4839-91e5-d05da7821399 main] metadata.Hive: Total time spent in each metastore function (ms): {isCompatibleWith_(Configuration)=0, flushCache_()=0}
2024-04-24T08:06:01,025  INFO [a37c5346-573f-4839-91e5-d05da7821399 main] ql.Driver: Completed compiling command(queryId=alex_20240424080601_c58322b1-3d80-4ba3-87d2-43743bb5e1d0); Time taken: 0.008 seconds
2024-04-24T08:06:01,025  INFO [a37c5346-573f-4839-91e5-d05da7821399 main] common.LogUtils: Unregistered logging context.
2024-04-24T08:06:01,026  INFO [HiveServer2-Background-Pool: Thread-359] common.LogUtils: Thread context registration is done.
2024-04-24T08:06:01,026  INFO [HiveServer2-Background-Pool: Thread-359] reexec.ReExecDriver: Execution #1 of query
2024-04-24T08:06:01,026  INFO [HiveServer2-Background-Pool: Thread-359] ql.Driver: Concurrency mode is disabled, not creating a lock manager
2024-04-24T08:06:01,027  INFO [HiveServer2-Background-Pool: Thread-359] ql.Driver: Executing command(queryId=alex_20240424080601_c58322b1-3d80-4ba3-87d2-43743bb5e1d0): create database if not exists testDB
2024-04-24T08:06:01,027  INFO [HiveServer2-Background-Pool: Thread-359] ql.Driver: Starting task [Stage-0:DDL] in serial mode
2024-04-24T08:06:01,028  INFO [HiveServer2-Background-Pool: Thread-359] sqlstd.SQLStdHiveAccessController: Created SQLStdHiveAccessController for session context : HiveAuthzSessionContext [sessionString=a37c5346-573f-4839-91e5-d05da7821399, clientType=HIVESERVER2]
2024-04-24T08:06:01,028  WARN [HiveServer2-Background-Pool: Thread-359] exec.DDLTask: metastore.warehouse.external.dir is not set, falling back to metastore.warehouse.dir. This could cause external tables to use to managed tablespace.
2024-04-24T08:06:01,029  INFO [HiveServer2-Background-Pool: Thread-359] HiveMetaStore.audit: ugi=alex	ip=unknown-ip-addr	cmd=create_database: Database(name:testDB, description:null, locationUri:file:/home/alex/Repositories/hive/beeline/target/tmp/warehouse/testdb.db, parameters:null, ownerName:alex, ownerType:USER, catalogName:hive, type:NATIVE)	
2024-04-24T08:06:01,030  INFO [HiveServer2-Background-Pool: Thread-359] metastore.HMSHandler: 18: Opening raw store with implementation class:org.apache.hadoop.hive.metastore.ObjectStore
2024-04-24T08:06:01,031  INFO [HiveServer2-Background-Pool: Thread-359] metastore.ObjectStore: RawStore: org.apache.hadoop.hive.metastore.ObjectStore@5f468070, with PersistenceManager: null will be shutdown
2024-04-24T08:06:01,031  INFO [HiveServer2-Background-Pool: Thread-359] metastore.ObjectStore: RawStore: org.apache.hadoop.hive.metastore.ObjectStore@5f468070, with PersistenceManager: org.datanucleus.api.jdo.JDOPersistenceManager@1a4405fc created in the thread with id: 359
2024-04-24T08:06:01,034  INFO [HiveServer2-Background-Pool: Thread-359] metastore.HMSHandler: Created RawStore: org.apache.hadoop.hive.metastore.ObjectStore@5f468070 from thread id: 359
2024-04-24T08:06:01,035 ERROR [HiveServer2-Background-Pool: Thread-359] metastore.RetryingHMSHandler: AlreadyExistsException(message:Database testDB already exists)
	at org.apache.hadoop.hive.metastore.HMSHandler.create_database(HMSHandler.java:1472)
	at sun.reflect.NativeMethodAccessorImpl.invoke0(Native Method)
	at sun.reflect.NativeMethodAccessorImpl.invoke(NativeMethodAccessorImpl.java:62)
	at sun.reflect.DelegatingMethodAccessorImpl.invoke(DelegatingMethodAccessorImpl.java:43)
	at java.lang.reflect.Method.invoke(Method.java:498)
	at org.apache.hadoop.hive.metastore.RetryingHMSHandler.invokeInternal(RetryingHMSHandler.java:147)
	at org.apache.hadoop.hive.metastore.RetryingHMSHandler.invoke(RetryingHMSHandler.java:108)
	at com.sun.proxy.$Proxy40.create_database(Unknown Source)
	at org.apache.hadoop.hive.metastore.HiveMetaStoreClient.createDatabase(HiveMetaStoreClient.java:1151)
	at sun.reflect.NativeMethodAccessorImpl.invoke0(Native Method)
	at sun.reflect.NativeMethodAccessorImpl.invoke(NativeMethodAccessorImpl.java:62)
	at sun.reflect.DelegatingMethodAccessorImpl.invoke(DelegatingMethodAccessorImpl.java:43)
	at java.lang.reflect.Method.invoke(Method.java:498)
	at org.apache.hadoop.hive.metastore.RetryingMetaStoreClient.invoke(RetryingMetaStoreClient.java:218)
	at com.sun.proxy.$Proxy41.createDatabase(Unknown Source)
	at org.apache.hadoop.hive.ql.metadata.Hive.createDatabase(Hive.java:605)
	at org.apache.hadoop.hive.ql.ddl.database.create.CreateDatabaseOperation.execute(CreateDatabaseOperation.java:68)
	at org.apache.hadoop.hive.ql.ddl.DDLTask.execute(DDLTask.java:84)
	at org.apache.hadoop.hive.ql.exec.Task.executeTask(Task.java:212)
	at org.apache.hadoop.hive.ql.exec.TaskRunner.runSequential(TaskRunner.java:105)
	at org.apache.hadoop.hive.ql.Executor.launchTask(Executor.java:361)
	at org.apache.hadoop.hive.ql.Executor.launchTasks(Executor.java:334)
	at org.apache.hadoop.hive.ql.Executor.runTasks(Executor.java:245)
	at org.apache.hadoop.hive.ql.Executor.execute(Executor.java:108)
	at org.apache.hadoop.hive.ql.Driver.execute(Driver.java:348)
	at org.apache.hadoop.hive.ql.Driver.runInternal(Driver.java:204)
	at org.apache.hadoop.hive.ql.Driver.run(Driver.java:153)
	at org.apache.hadoop.hive.ql.Driver.run(Driver.java:148)
	at org.apache.hadoop.hive.ql.reexec.ReExecDriver.run(ReExecDriver.java:164)
	at org.apache.hive.service.cli.operation.SQLOperation.runQuery(SQLOperation.java:233)
	at org.apache.hive.service.cli.operation.SQLOperation.access$500(SQLOperation.java:88)
	at org.apache.hive.service.cli.operation.SQLOperation$BackgroundWork$1.run(SQLOperation.java:336)
	at java.security.AccessController.doPrivileged(Native Method)
	at javax.security.auth.Subject.doAs(Subject.java:422)
	at org.apache.hadoop.security.UserGroupInformation.doAs(UserGroupInformation.java:1682)
	at org.apache.hive.service.cli.operation.SQLOperation$BackgroundWork.run(SQLOperation.java:356)
	at java.util.concurrent.Executors$RunnableAdapter.call(Executors.java:511)
	at java.util.concurrent.FutureTask.run(FutureTask.java:266)
	at java.util.concurrent.ThreadPoolExecutor.runWorker(ThreadPoolExecutor.java:1149)
	at java.util.concurrent.ThreadPoolExecutor$Worker.run(ThreadPoolExecutor.java:624)
	at java.lang.Thread.run(Thread.java:750)

2024-04-24T08:06:01,036  INFO [HiveServer2-Background-Pool: Thread-359] metadata.Hive: Dumping metastore api call timing information for : execution phase
2024-04-24T08:06:01,036  INFO [HiveServer2-Background-Pool: Thread-359] metadata.Hive: Total time spent in each metastore function (ms): {isCompatibleWith_(Configuration)=0}
2024-04-24T08:06:01,036  INFO [HiveServer2-Background-Pool: Thread-359] ql.Driver: Completed executing command(queryId=alex_20240424080601_c58322b1-3d80-4ba3-87d2-43743bb5e1d0); Time taken: 0.008 seconds
2024-04-24T08:06:01,036  INFO [HiveServer2-Background-Pool: Thread-359] common.LogUtils: Unregistered logging context.
2024-04-24T08:06:01,039  INFO [a37c5346-573f-4839-91e5-d05da7821399 main] operation.OperationManager: Closing operation: OperationHandle [opType=EXECUTE_STATEMENT, getHandleIdentifier()=398478fd-654a-43c1-af8a-4aba873523f7]
2024-04-24T08:06:01,040  INFO [a37c5346-573f-4839-91e5-d05da7821399 main] operation.OperationManager: Removed queryId: alex_20240424080601_c58322b1-3d80-4ba3-87d2-43743bb5e1d0 corresponding to operation: OperationHandle [opType=EXECUTE_STATEMENT, getHandleIdentifier()=398478fd-654a-43c1-af8a-4aba873523f7] with tag: null
2024-04-24T08:06:01,040  INFO [a37c5346-573f-4839-91e5-d05da7821399 main] operation.SQLOperation: Closing operation log /home/alex/Repositories/hive/beeline/target/tmp/alex/operation_logs/a37c5346-573f-4839-91e5-d05da7821399/alex_20240424080601_c58322b1-3d80-4ba3-87d2-43743bb5e1d0 without delay
2024-04-24T08:06:01,045  INFO [a37c5346-573f-4839-91e5-d05da7821399 main] session.HiveSessionImpl: executing use default
2024-04-24T08:06:01,046  INFO [a37c5346-573f-4839-91e5-d05da7821399 main] operation.OperationManager: Adding operation: OperationHandle [opType=EXECUTE_STATEMENT, getHandleIdentifier()=c9bbfaf4-cde1-4a12-b0c0-a470ea8376d7] SessionHandle [a37c5346-573f-4839-91e5-d05da7821399]
2024-04-24T08:06:01,046  INFO [a37c5346-573f-4839-91e5-d05da7821399 main] common.LogUtils: Thread context registration is done.
DEBUG StatusLogger Building Plugin[name=filter, class=org.apache.hadoop.hive.ql.log.LogDivertAppender$NameFilter].
DEBUG StatusLogger createFilter(loggingLevel="EXECUTION")
DEBUG StatusLogger Building Plugin[name=layout, class=org.apache.logging.log4j.core.layout.PatternLayout].
DEBUG StatusLogger PatternLayout$Builder(pattern="%-5p : %m%n", PatternSelector=null, Configuration(HiveLog4j2Test), Replace=null, charset="null", alwaysWriteExceptions="null", disableAnsi="null", noConsoleNoAnsi="null", header="null", footer="null")
DEBUG StatusLogger Building Plugin[name=appender, class=org.apache.hadoop.hive.ql.log.HushableRandomAccessFileAppender].
DEBUG StatusLogger createAppender(fileName="/home/alex/Repositories/hive/beeline/target/tmp/alex/operation_logs/a37c5346-573f-4839-91e5-d05da7821399/alex_20240424080601_3be736cd-7bc9-4b35-8c6b-da2cb61f3cb5", append="null", name="query-file-appender", immediateFlush="null", bufferSize="null", ignoreExceptions="null", PatternLayout(org.apache.logging.log4j.core.layout.PatternLayout with name PatternLayout), NameFilter(org.apache.hadoop.hive.ql.log.LogDivertAppender$NameFilter with name NameFilter), advertise="null", advertiseURI="null", Configuration(HiveLog4j2Test))
DEBUG StatusLogger Starting RandomAccessFileManager /home/alex/Repositories/hive/beeline/target/tmp/alex/operation_logs/a37c5346-573f-4839-91e5-d05da7821399/alex_20240424080601_3be736cd-7bc9-4b35-8c6b-da2cb61f3cb5
DEBUG StatusLogger Building Plugin[name=, class=org.apache.hadoop.hive.ql.log.LogDivertAppenderForTest$TestFilter].
DEBUG StatusLogger createFilter()
DEBUG StatusLogger Building Plugin[name=, class=org.apache.logging.log4j.core.layout.PatternLayout].
DEBUG StatusLogger PatternLayout$Builder(pattern="%-5p : %m%n", PatternSelector=null, Configuration(HiveLog4j2Test), Replace=null, charset="null", alwaysWriteExceptions="null", disableAnsi="null", noConsoleNoAnsi="null", header="null", footer="null")
DEBUG StatusLogger Building Plugin[name=appender, class=org.apache.hadoop.hive.ql.log.HushableRandomAccessFileAppender].
DEBUG StatusLogger createAppender(fileName="/home/alex/Repositories/hive/beeline/target/tmp/alex/operation_logs/a37c5346-573f-4839-91e5-d05da7821399/alex_20240424080601_3be736cd-7bc9-4b35-8c6b-da2cb61f3cb5.test", append="null", name="test-query-file-appender", immediateFlush="null", bufferSize="null", ignoreExceptions="null", PatternLayout(org.apache.logging.log4j.core.layout.PatternLayout with name PatternLayout), test-filter(org.apache.hadoop.hive.ql.log.LogDivertAppenderForTest$TestFilter with name test-filter), advertise="null", advertiseURI="null", Configuration(HiveLog4j2Test))
DEBUG StatusLogger Starting RandomAccessFileManager /home/alex/Repositories/hive/beeline/target/tmp/alex/operation_logs/a37c5346-573f-4839-91e5-d05da7821399/alex_20240424080601_3be736cd-7bc9-4b35-8c6b-da2cb61f3cb5.test
2024-04-24T08:06:01,049  INFO [a37c5346-573f-4839-91e5-d05da7821399 main] operation.SQLOperation: [opType=EXECUTE_STATEMENT, queryId=alex_20240424080601_3be736cd-7bc9-4b35-8c6b-da2cb61f3cb5, startTime=1713971161045, sessionId=a37c5346-573f-4839-91e5-d05da7821399, createTime=1713971160914, userName=null, ipAddress=null]
2024-04-24T08:06:01,051  INFO [a37c5346-573f-4839-91e5-d05da7821399 main] ql.Driver: Compiling command(queryId=alex_20240424080601_3be736cd-7bc9-4b35-8c6b-da2cb61f3cb5): use default
2024-04-24T08:06:01,052  INFO [a37c5346-573f-4839-91e5-d05da7821399 main] HiveMetaStore.audit: ugi=alex	ip=unknown-ip-addr	cmd=get_database: default	
2024-04-24T08:06:01,054  INFO [a37c5346-573f-4839-91e5-d05da7821399 main] ql.Driver: Semantic Analysis Completed (retrial = false)
2024-04-24T08:06:01,054  INFO [a37c5346-573f-4839-91e5-d05da7821399 main] ql.Driver: Created Hive schema: Schema(fieldSchemas:null, properties:null)
2024-04-24T08:06:01,054  INFO [a37c5346-573f-4839-91e5-d05da7821399 main] metadata.Hive: Dumping metastore api call timing information for : compilation phase
2024-04-24T08:06:01,054  INFO [a37c5346-573f-4839-91e5-d05da7821399 main] metadata.Hive: Total time spent in each metastore function (ms): {isCompatibleWith_(Configuration)=0, getDatabase_(String)=1, flushCache_()=0}
2024-04-24T08:06:01,054  INFO [a37c5346-573f-4839-91e5-d05da7821399 main] ql.Driver: Completed compiling command(queryId=alex_20240424080601_3be736cd-7bc9-4b35-8c6b-da2cb61f3cb5); Time taken: 0.003 seconds
2024-04-24T08:06:01,054  INFO [a37c5346-573f-4839-91e5-d05da7821399 main] common.LogUtils: Unregistered logging context.
2024-04-24T08:06:01,054  INFO [HiveServer2-Background-Pool: Thread-362] common.LogUtils: Thread context registration is done.
2024-04-24T08:06:01,055  INFO [HiveServer2-Background-Pool: Thread-362] reexec.ReExecDriver: Execution #1 of query
2024-04-24T08:06:01,055  INFO [HiveServer2-Background-Pool: Thread-362] ql.Driver: Concurrency mode is disabled, not creating a lock manager
2024-04-24T08:06:01,056  INFO [HiveServer2-Background-Pool: Thread-362] ql.Driver: Executing command(queryId=alex_20240424080601_3be736cd-7bc9-4b35-8c6b-da2cb61f3cb5): use default
2024-04-24T08:06:01,056  INFO [HiveServer2-Background-Pool: Thread-362] ql.Driver: Starting task [Stage-0:DDL] in serial mode
2024-04-24T08:06:01,057  INFO [HiveServer2-Background-Pool: Thread-362] HiveMetaStore.audit: ugi=alex	ip=unknown-ip-addr	cmd=get_database: default	
2024-04-24T08:06:01,057  INFO [HiveServer2-Background-Pool: Thread-362] metastore.HMSHandler: 19: Opening raw store with implementation class:org.apache.hadoop.hive.metastore.ObjectStore
2024-04-24T08:06:01,058  INFO [HiveServer2-Background-Pool: Thread-362] metastore.ObjectStore: RawStore: org.apache.hadoop.hive.metastore.ObjectStore@69274d18, with PersistenceManager: null will be shutdown
2024-04-24T08:06:01,058  INFO [HiveServer2-Background-Pool: Thread-362] metastore.ObjectStore: RawStore: org.apache.hadoop.hive.metastore.ObjectStore@69274d18, with PersistenceManager: org.datanucleus.api.jdo.JDOPersistenceManager@2c25ce58 created in the thread with id: 362
2024-04-24T08:06:01,061  INFO [HiveServer2-Background-Pool: Thread-362] metastore.HMSHandler: Created RawStore: org.apache.hadoop.hive.metastore.ObjectStore@69274d18 from thread id: 362
2024-04-24T08:06:01,062  INFO [HiveServer2-Background-Pool: Thread-362] HiveMetaStore.audit: ugi=alex	ip=unknown-ip-addr	cmd=get_database: default	
2024-04-24T08:06:01,062  INFO [HiveServer2-Background-Pool: Thread-362] metadata.Hive: Dumping metastore api call timing information for : execution phase
2024-04-24T08:06:01,062  INFO [HiveServer2-Background-Pool: Thread-362] metadata.Hive: Total time spent in each metastore function (ms): {isCompatibleWith_(Configuration)=0, getDatabase_(String)=6}
2024-04-24T08:06:01,062  INFO [HiveServer2-Background-Pool: Thread-362] ql.Driver: Completed executing command(queryId=alex_20240424080601_3be736cd-7bc9-4b35-8c6b-da2cb61f3cb5); Time taken: 0.006 seconds
2024-04-24T08:06:01,063  INFO [HiveServer2-Background-Pool: Thread-362] common.LogUtils: Unregistered logging context.
2024-04-24T08:06:01,065  INFO [a37c5346-573f-4839-91e5-d05da7821399 main] operation.OperationManager: Closing operation: OperationHandle [opType=EXECUTE_STATEMENT, getHandleIdentifier()=c9bbfaf4-cde1-4a12-b0c0-a470ea8376d7]
2024-04-24T08:06:01,065  INFO [a37c5346-573f-4839-91e5-d05da7821399 main] operation.OperationManager: Removed queryId: alex_20240424080601_3be736cd-7bc9-4b35-8c6b-da2cb61f3cb5 corresponding to operation: OperationHandle [opType=EXECUTE_STATEMENT, getHandleIdentifier()=c9bbfaf4-cde1-4a12-b0c0-a470ea8376d7] with tag: null
2024-04-24T08:06:01,065  INFO [a37c5346-573f-4839-91e5-d05da7821399 main] operation.SQLOperation: Closing operation log /home/alex/Repositories/hive/beeline/target/tmp/alex/operation_logs/a37c5346-573f-4839-91e5-d05da7821399/alex_20240424080601_3be736cd-7bc9-4b35-8c6b-da2cb61f3cb5 without delay
2024-04-24T08:06:01,069  INFO [main] service.CompositeService: Session closed, SessionHandle [a37c5346-573f-4839-91e5-d05da7821399], current sessions:0
2024-04-24T08:06:01,069  INFO [a37c5346-573f-4839-91e5-d05da7821399 main] session.HiveSessionImpl: Operation log session directory is deleted: /home/alex/Repositories/hive/beeline/target/tmp/alex/operation_logs/a37c5346-573f-4839-91e5-d05da7821399
2024-04-24T08:06:01,070  INFO [main] cleanup.EventualCleanupService: Delete /tmp/hive/alex/a37c5346-573f-4839-91e5-d05da7821399 operation was queued
2024-04-24T08:06:01,070  INFO [main] cleanup.EventualCleanupService: Delete /home/alex/Repositories/hive/beeline/target/tmp/alex/a37c5346-573f-4839-91e5-d05da7821399 operation was queued
2024-04-24T08:06:01,070  INFO [EventualCleanupService thread 0] cleanup.EventualCleanupService: Deleted /tmp/hive/alex/a37c5346-573f-4839-91e5-d05da7821399
2024-04-24T08:06:01,070  INFO [EventualCleanupService thread 1] cleanup.EventualCleanupService: Deleted /home/alex/Repositories/hive/beeline/target/tmp/alex/a37c5346-573f-4839-91e5-d05da7821399
2024-04-24T08:06:01,071  INFO [main] HiveMetaStore.audit: ugi=alex	ip=unknown-ip-addr	cmd=Cleaning up thread local RawStore...	
2024-04-24T08:06:01,071  INFO [main] metastore.ObjectStore: RawStore: org.apache.hadoop.hive.metastore.ObjectStore@7be7c052, with PersistenceManager: org.datanucleus.api.jdo.JDOPersistenceManager@4ab9d160 will be shutdown
2024-04-24T08:06:01,071  INFO [main] HiveMetaStore.audit: ugi=alex	ip=unknown-ip-addr	cmd=Done cleaning up thread local RawStore	
2024-04-24T08:06:01,071  INFO [main] metastore.HiveMetaStoreClient: Closed a connection to metastore, current connections: -21
]]></system-err>
  </testcase>
  <testcase name="testDatabaseOptions" classname="org.apache.hive.beeline.cli.TestHiveCli" time="0.248">
    <failure type="java.lang.AssertionError"><![CDATA[java.lang.AssertionError: The expected keyword "testtbl" occur in the output: 
	at org.junit.Assert.fail(Assert.java:89)
	at org.junit.Assert.assertTrue(Assert.java:42)
	at org.apache.hive.beeline.cli.TestHiveCli.verifyCMD(TestHiveCli.java:270)
	at org.apache.hive.beeline.cli.TestHiveCli.testDatabaseOptions(TestHiveCli.java:107)
	at sun.reflect.NativeMethodAccessorImpl.invoke0(Native Method)
	at sun.reflect.NativeMethodAccessorImpl.invoke(NativeMethodAccessorImpl.java:62)
	at sun.reflect.DelegatingMethodAccessorImpl.invoke(DelegatingMethodAccessorImpl.java:43)
	at java.lang.reflect.Method.invoke(Method.java:498)
	at org.junit.runners.model.FrameworkMethod$1.runReflectiveCall(FrameworkMethod.java:59)
	at org.junit.internal.runners.model.ReflectiveCallable.run(ReflectiveCallable.java:12)
	at org.junit.runners.model.FrameworkMethod.invokeExplosively(FrameworkMethod.java:56)
	at org.junit.internal.runners.statements.InvokeMethod.evaluate(InvokeMethod.java:17)
	at org.junit.internal.runners.statements.RunBefores.evaluate(RunBefores.java:26)
	at org.junit.internal.runners.statements.RunAfters.evaluate(RunAfters.java:27)
	at org.junit.runners.ParentRunner$3.evaluate(ParentRunner.java:306)
	at org.junit.runners.BlockJUnit4ClassRunner$1.evaluate(BlockJUnit4ClassRunner.java:100)
	at org.junit.runners.ParentRunner.runLeaf(ParentRunner.java:366)
	at org.junit.runners.BlockJUnit4ClassRunner.runChild(BlockJUnit4ClassRunner.java:103)
	at org.junit.runners.BlockJUnit4ClassRunner.runChild(BlockJUnit4ClassRunner.java:63)
	at org.junit.runners.ParentRunner$4.run(ParentRunner.java:331)
	at org.junit.runners.ParentRunner$1.schedule(ParentRunner.java:79)
	at org.junit.runners.ParentRunner.runChildren(ParentRunner.java:329)
	at org.junit.runners.ParentRunner.access$100(ParentRunner.java:66)
	at org.junit.runners.ParentRunner$2.evaluate(ParentRunner.java:293)
	at org.junit.internal.runners.statements.RunBefores.evaluate(RunBefores.java:26)
	at org.junit.runners.ParentRunner$3.evaluate(ParentRunner.java:306)
	at org.junit.runners.ParentRunner.run(ParentRunner.java:413)
	at org.junit.runner.JUnitCore.run(JUnitCore.java:137)
	at org.junit.runner.JUnitCore.run(JUnitCore.java:115)
	at org.junit.vintage.engine.execution.RunnerExecutor.execute(RunnerExecutor.java:43)
	at java.util.stream.ForEachOps$ForEachOp$OfRef.accept(ForEachOps.java:183)
	at java.util.stream.ReferencePipeline$3$1.accept(ReferencePipeline.java:193)
	at java.util.Iterator.forEachRemaining(Iterator.java:116)
	at java.util.Spliterators$IteratorSpliterator.forEachRemaining(Spliterators.java:1801)
	at java.util.stream.AbstractPipeline.copyInto(AbstractPipeline.java:482)
	at java.util.stream.AbstractPipeline.wrapAndCopyInto(AbstractPipeline.java:472)
	at java.util.stream.ForEachOps$ForEachOp.evaluateSequential(ForEachOps.java:150)
	at java.util.stream.ForEachOps$ForEachOp$OfRef.evaluateSequential(ForEachOps.java:173)
	at java.util.stream.AbstractPipeline.evaluate(AbstractPipeline.java:234)
	at java.util.stream.ReferencePipeline.forEach(ReferencePipeline.java:485)
	at org.junit.vintage.engine.VintageTestEngine.executeAllChildren(VintageTestEngine.java:82)
	at org.junit.vintage.engine.VintageTestEngine.execute(VintageTestEngine.java:73)
	at org.junit.platform.launcher.core.DefaultLauncher.execute(DefaultLauncher.java:248)
	at org.junit.platform.launcher.core.DefaultLauncher.lambda$execute$5(DefaultLauncher.java:211)
	at org.junit.platform.launcher.core.DefaultLauncher.withInterceptedStreams(DefaultLauncher.java:226)
	at org.junit.platform.launcher.core.DefaultLauncher.execute(DefaultLauncher.java:199)
	at org.junit.platform.launcher.core.DefaultLauncher.execute(DefaultLauncher.java:132)
	at org.apache.maven.surefire.junitplatform.JUnitPlatformProvider.invokeAllTests(JUnitPlatformProvider.java:154)
	at org.apache.maven.surefire.junitplatform.JUnitPlatformProvider.invoke(JUnitPlatformProvider.java:123)
	at org.apache.maven.surefire.booter.ForkedBooter.runSuitesInProcess(ForkedBooter.java:377)
	at org.apache.maven.surefire.booter.ForkedBooter.execute(ForkedBooter.java:138)
	at org.apache.maven.surefire.booter.ForkedBooter.run(ForkedBooter.java:465)
	at org.apache.maven.surefire.booter.ForkedBooter.main(ForkedBooter.java:451)
]]></failure>
    <system-err><![CDATA[2024-04-24T08:06:01,072 ERROR [main] cli.TestHiveCli: Failed to execute command due to the error: java.lang.NullPointerException: Null output stream
2024-04-24T08:06:01,127  WARN [main] conf.HiveConf: HiveConf of name hive.dummyparam.test.server.specific.config.override does not exist
2024-04-24T08:06:01,127  WARN [main] conf.HiveConf: HiveConf of name hive.dummyparam.test.server.specific.config.hiveserver2site does not exist
2024-04-24T08:06:01,127  WARN [main] conf.HiveConf: HiveConf of name hive.dummyparam.test.server.specific.config.metastoresite does not exist
2024-04-24T08:06:01,128  INFO [main] SessionState: Hive Session ID = 37ef399e-8d6d-48a4-9554-b45ce1d8f111
2024-04-24T08:06:01,128  INFO [main] DependencyResolver: ivysettings.xml file not found in HIVE_HOME or HIVE_CONF_DIR,/home/alex/Repositories/hive/conf/ivysettings.xml will be used
2024-04-24T08:06:01,135  INFO [main] session.SessionState: Created HDFS directory: /tmp/hive/alex/37ef399e-8d6d-48a4-9554-b45ce1d8f111
2024-04-24T08:06:01,139  INFO [main] session.SessionState: Created local directory: /home/alex/Repositories/hive/beeline/target/tmp/alex/37ef399e-8d6d-48a4-9554-b45ce1d8f111
2024-04-24T08:06:01,142  INFO [main] session.SessionState: Created HDFS directory: /tmp/hive/alex/37ef399e-8d6d-48a4-9554-b45ce1d8f111/_tmp_space.db
2024-04-24T08:06:01,142  INFO [main] sqlstd.SQLStdHiveAccessController: Created SQLStdHiveAccessController for session context : HiveAuthzSessionContext [sessionString=37ef399e-8d6d-48a4-9554-b45ce1d8f111, clientType=HIVESERVER2]
2024-04-24T08:06:01,143  INFO [main] metastore.HiveMetaStoreClient: HMS client filtering is enabled.
2024-04-24T08:06:01,143  INFO [main] metastore.HMSHandler: 0: Opening raw store with implementation class:org.apache.hadoop.hive.metastore.ObjectStore
2024-04-24T08:06:01,143  INFO [main] metastore.PersistenceManagerProvider: Configuration datanucleus.autoStartMechanismMode is not set. Defaulting to 'ignored'
2024-04-24T08:06:01,144  INFO [main] metastore.ObjectStore: RawStore: org.apache.hadoop.hive.metastore.ObjectStore@6da646b8, with PersistenceManager: null will be shutdown
2024-04-24T08:06:01,144  INFO [main] metastore.ObjectStore: RawStore: org.apache.hadoop.hive.metastore.ObjectStore@6da646b8, with PersistenceManager: org.datanucleus.api.jdo.JDOPersistenceManager@2a65e237 created in the thread with id: 1
2024-04-24T08:06:01,148  INFO [main] metastore.HMSHandler: Created RawStore: org.apache.hadoop.hive.metastore.ObjectStore@6da646b8 from thread id: 1
2024-04-24T08:06:01,148  INFO [main] metastore.HMSHandler: HMS server filtering is disabled by configuration
2024-04-24T08:06:01,148  INFO [main] metastore.RetryingMetaStoreClient: RetryingMetaStoreClient proxy=class org.apache.hadoop.hive.ql.metadata.SessionHiveMetaStoreClient ugi=alex (auth:SIMPLE) retries=1 delay=1 lifetime=0
2024-04-24T08:06:01,148  INFO [main] service.CompositeService: Operation log root directory is created: /home/alex/Repositories/hive/beeline/target/tmp/alex/operation_logs
2024-04-24T08:06:01,149  INFO [main] service.CompositeService: HiveServer2: Background operation thread pool size: 100
2024-04-24T08:06:01,149  INFO [main] service.CompositeService: HiveServer2: Background operation thread wait queue size: 100
2024-04-24T08:06:01,149  INFO [main] service.CompositeService: HiveServer2: Background operation thread keepalive time: 10 seconds
2024-04-24T08:06:01,149  INFO [main] service.CompositeService: Connections limit are user: 0 ipaddress: 0 user-ipaddress: 0
2024-04-24T08:06:01,150  INFO [main] cleanup.EventualCleanupService: EventualCleanupService started with 10 threads and queue of size 10000
ERROR StatusLogger Log4j2 ConfigurationScheduler attempted to increment scheduled items after start
ERROR StatusLogger Log4j2 ConfigurationScheduler attempted to increment scheduled items after start
2024-04-24T08:06:01,151  INFO [main] service.AbstractService: Service:OperationManager is inited.
2024-04-24T08:06:01,152  INFO [main] service.AbstractService: Service:SessionManager is inited.
2024-04-24T08:06:01,152  INFO [main] service.AbstractService: Service:CLIService is inited.
2024-04-24T08:06:01,152  INFO [main] service.AbstractService: Service:OperationManager is started.
2024-04-24T08:06:01,152  INFO [main] service.AbstractService: Service:SessionManager is started.
2024-04-24T08:06:01,152  INFO [main] service.AbstractService: Service:CLIService is started.
2024-04-24T08:06:01,152  INFO [main] service.AbstractService: Service:ThriftBinaryCLIService is inited.
2024-04-24T08:06:01,152  INFO [main] thrift.ThriftCLIService: Client protocol version: HIVE_CLI_SERVICE_PROTOCOL_V10
2024-04-24T08:06:01,152  INFO [main] thrift.ThriftCLIService: Creating Hive session handle for user [null] from IP null
2024-04-24T08:06:01,153  INFO [main] DependencyResolver: ivysettings.xml file not found in HIVE_HOME or HIVE_CONF_DIR,/home/alex/Repositories/hive/conf/ivysettings.xml will be used
2024-04-24T08:06:01,161  INFO [main] session.SessionState: Created HDFS directory: /tmp/hive/alex/ba9cb0b0-f593-4ff8-9797-295d928af2c2
2024-04-24T08:06:01,164  INFO [main] session.SessionState: Created local directory: /home/alex/Repositories/hive/beeline/target/tmp/alex/ba9cb0b0-f593-4ff8-9797-295d928af2c2
2024-04-24T08:06:01,168  INFO [main] session.SessionState: Created HDFS directory: /tmp/hive/alex/ba9cb0b0-f593-4ff8-9797-295d928af2c2/_tmp_space.db
2024-04-24T08:06:01,168  INFO [main] session.SessionState: Reloading auxiliary JAR files
2024-04-24T08:06:01,168  WARN [main] session.SessionState: Configuration hive.reloadable.aux.jars.path not specified
2024-04-24T08:06:01,168  INFO [main] HiveMetaStore.audit: ugi=alex	ip=unknown-ip-addr	cmd=Cleaning up thread local RawStore...	
2024-04-24T08:06:01,168  INFO [main] metastore.ObjectStore: RawStore: org.apache.hadoop.hive.metastore.ObjectStore@6da646b8, with PersistenceManager: org.datanucleus.api.jdo.JDOPersistenceManager@2a65e237 will be shutdown
2024-04-24T08:06:01,168  INFO [main] HiveMetaStore.audit: ugi=alex	ip=unknown-ip-addr	cmd=Done cleaning up thread local RawStore	
2024-04-24T08:06:01,169  INFO [main] metastore.HiveMetaStoreClient: Closed a connection to metastore, current connections: -22
2024-04-24T08:06:01,169  INFO [main] session.HiveSessionImpl: Operation log session directory is created: /home/alex/Repositories/hive/beeline/target/tmp/alex/operation_logs/ba9cb0b0-f593-4ff8-9797-295d928af2c2
2024-04-24T08:06:01,169  INFO [main] service.CompositeService: Session opened, SessionHandle [ba9cb0b0-f593-4ff8-9797-295d928af2c2], current sessions:1
2024-04-24T08:06:01,169  INFO [main] thrift.ThriftCLIService: Login attempt is successful for user : null
2024-04-24T08:06:01,215  WARN [main] conf.HiveConf: HiveConf of name hive.dummyparam.test.server.specific.config.override does not exist
2024-04-24T08:06:01,215  WARN [main] conf.HiveConf: HiveConf of name hive.dummyparam.test.server.specific.config.hiveserver2site does not exist
2024-04-24T08:06:01,215  WARN [main] conf.HiveConf: HiveConf of name hive.dummyparam.test.server.specific.config.metastoresite does not exist
2024-04-24T08:06:01,216  INFO [ba9cb0b0-f593-4ff8-9797-295d928af2c2 main] session.HiveSessionImpl: executing set
2024-04-24T08:06:01,216  INFO [ba9cb0b0-f593-4ff8-9797-295d928af2c2 main] operation.HiveCommandOperation: Putting temp output to file /home/alex/Repositories/hive/beeline/target/tmp/alex/ba9cb0b0-f593-4ff8-9797-295d928af2c24139439191672899299.pipeout and error output to file /home/alex/Repositories/hive/beeline/target/tmp/alex/ba9cb0b0-f593-4ff8-9797-295d928af2c22012796420311717201.pipeout
2024-04-24T08:06:01,216  INFO [ba9cb0b0-f593-4ff8-9797-295d928af2c2 main] operation.OperationManager: Adding operation: OperationHandle [opType=EXECUTE_STATEMENT, getHandleIdentifier()=245d1abe-f4e0-47dd-9e79-2b451110cbf1] SessionHandle [ba9cb0b0-f593-4ff8-9797-295d928af2c2]
2024-04-24T08:06:01,217  INFO [ba9cb0b0-f593-4ff8-9797-295d928af2c2 main] common.LogUtils: Thread context registration is done.
DEBUG StatusLogger Building Plugin[name=filter, class=org.apache.hadoop.hive.ql.log.LogDivertAppender$NameFilter].
DEBUG StatusLogger createFilter(loggingLevel="EXECUTION")
DEBUG StatusLogger Building Plugin[name=layout, class=org.apache.logging.log4j.core.layout.PatternLayout].
DEBUG StatusLogger PatternLayout$Builder(pattern="%-5p : %m%n", PatternSelector=null, Configuration(HiveLog4j2Test), Replace=null, charset="null", alwaysWriteExceptions="null", disableAnsi="null", noConsoleNoAnsi="null", header="null", footer="null")
DEBUG StatusLogger Building Plugin[name=appender, class=org.apache.hadoop.hive.ql.log.HushableRandomAccessFileAppender].
DEBUG StatusLogger createAppender(fileName="/home/alex/Repositories/hive/beeline/target/tmp/alex/operation_logs/ba9cb0b0-f593-4ff8-9797-295d928af2c2/alex_20240424080601_4c12ecdb-dad7-408e-9171-ed788384b64d", append="null", name="query-file-appender", immediateFlush="null", bufferSize="null", ignoreExceptions="null", PatternLayout(org.apache.logging.log4j.core.layout.PatternLayout with name PatternLayout), NameFilter(org.apache.hadoop.hive.ql.log.LogDivertAppender$NameFilter with name NameFilter), advertise="null", advertiseURI="null", Configuration(HiveLog4j2Test))
DEBUG StatusLogger Starting RandomAccessFileManager /home/alex/Repositories/hive/beeline/target/tmp/alex/operation_logs/ba9cb0b0-f593-4ff8-9797-295d928af2c2/alex_20240424080601_4c12ecdb-dad7-408e-9171-ed788384b64d
DEBUG StatusLogger Building Plugin[name=, class=org.apache.hadoop.hive.ql.log.LogDivertAppenderForTest$TestFilter].
DEBUG StatusLogger createFilter()
DEBUG StatusLogger Building Plugin[name=, class=org.apache.logging.log4j.core.layout.PatternLayout].
DEBUG StatusLogger PatternLayout$Builder(pattern="%-5p : %m%n", PatternSelector=null, Configuration(HiveLog4j2Test), Replace=null, charset="null", alwaysWriteExceptions="null", disableAnsi="null", noConsoleNoAnsi="null", header="null", footer="null")
DEBUG StatusLogger Building Plugin[name=appender, class=org.apache.hadoop.hive.ql.log.HushableRandomAccessFileAppender].
DEBUG StatusLogger createAppender(fileName="/home/alex/Repositories/hive/beeline/target/tmp/alex/operation_logs/ba9cb0b0-f593-4ff8-9797-295d928af2c2/alex_20240424080601_4c12ecdb-dad7-408e-9171-ed788384b64d.test", append="null", name="test-query-file-appender", immediateFlush="null", bufferSize="null", ignoreExceptions="null", PatternLayout(org.apache.logging.log4j.core.layout.PatternLayout with name PatternLayout), test-filter(org.apache.hadoop.hive.ql.log.LogDivertAppenderForTest$TestFilter with name test-filter), advertise="null", advertiseURI="null", Configuration(HiveLog4j2Test))
DEBUG StatusLogger Starting RandomAccessFileManager /home/alex/Repositories/hive/beeline/target/tmp/alex/operation_logs/ba9cb0b0-f593-4ff8-9797-295d928af2c2/alex_20240424080601_4c12ecdb-dad7-408e-9171-ed788384b64d.test
2024-04-24T08:06:01,220  INFO [ba9cb0b0-f593-4ff8-9797-295d928af2c2 main] operation.HiveCommandOperation: [opType=EXECUTE_STATEMENT, queryId=alex_20240424080601_4c12ecdb-dad7-408e-9171-ed788384b64d, startTime=1713971161216, sessionId=ba9cb0b0-f593-4ff8-9797-295d928af2c2, createTime=1713971161152, userName=null, ipAddress=null]
2024-04-24T08:06:01,229  INFO [ba9cb0b0-f593-4ff8-9797-295d928af2c2 main] common.LogUtils: Unregistered logging context.
2024-04-24T08:06:01,232  INFO [ba9cb0b0-f593-4ff8-9797-295d928af2c2 main] operation.OperationManager: Closing operation: OperationHandle [opType=EXECUTE_STATEMENT, getHandleIdentifier()=245d1abe-f4e0-47dd-9e79-2b451110cbf1]
2024-04-24T08:06:01,232  INFO [ba9cb0b0-f593-4ff8-9797-295d928af2c2 main] operation.OperationManager: Removed queryId: alex_20240424080601_4c12ecdb-dad7-408e-9171-ed788384b64d corresponding to operation: OperationHandle [opType=EXECUTE_STATEMENT, getHandleIdentifier()=245d1abe-f4e0-47dd-9e79-2b451110cbf1] with tag: null
2024-04-24T08:06:01,233  INFO [ba9cb0b0-f593-4ff8-9797-295d928af2c2 main] operation.HiveCommandOperation: Closing operation log /home/alex/Repositories/hive/beeline/target/tmp/alex/operation_logs/ba9cb0b0-f593-4ff8-9797-295d928af2c2/alex_20240424080601_4c12ecdb-dad7-408e-9171-ed788384b64d without delay
2024-04-24T08:06:01,236  INFO [ba9cb0b0-f593-4ff8-9797-295d928af2c2 main] session.HiveSessionImpl: executing use test
2024-04-24T08:06:01,236  INFO [ba9cb0b0-f593-4ff8-9797-295d928af2c2 main] operation.OperationManager: Adding operation: OperationHandle [opType=EXECUTE_STATEMENT, getHandleIdentifier()=f44783c1-66ce-47cc-b4f6-2c1db879d924] SessionHandle [ba9cb0b0-f593-4ff8-9797-295d928af2c2]
2024-04-24T08:06:01,237  INFO [ba9cb0b0-f593-4ff8-9797-295d928af2c2 main] common.LogUtils: Thread context registration is done.
DEBUG StatusLogger Building Plugin[name=filter, class=org.apache.hadoop.hive.ql.log.LogDivertAppender$NameFilter].
DEBUG StatusLogger createFilter(loggingLevel="EXECUTION")
DEBUG StatusLogger Building Plugin[name=layout, class=org.apache.logging.log4j.core.layout.PatternLayout].
DEBUG StatusLogger PatternLayout$Builder(pattern="%-5p : %m%n", PatternSelector=null, Configuration(HiveLog4j2Test), Replace=null, charset="null", alwaysWriteExceptions="null", disableAnsi="null", noConsoleNoAnsi="null", header="null", footer="null")
DEBUG StatusLogger Building Plugin[name=appender, class=org.apache.hadoop.hive.ql.log.HushableRandomAccessFileAppender].
DEBUG StatusLogger createAppender(fileName="/home/alex/Repositories/hive/beeline/target/tmp/alex/operation_logs/ba9cb0b0-f593-4ff8-9797-295d928af2c2/alex_20240424080601_360da8e4-e031-4a77-b9a0-58653443bd6e", append="null", name="query-file-appender", immediateFlush="null", bufferSize="null", ignoreExceptions="null", PatternLayout(org.apache.logging.log4j.core.layout.PatternLayout with name PatternLayout), NameFilter(org.apache.hadoop.hive.ql.log.LogDivertAppender$NameFilter with name NameFilter), advertise="null", advertiseURI="null", Configuration(HiveLog4j2Test))
DEBUG StatusLogger Starting RandomAccessFileManager /home/alex/Repositories/hive/beeline/target/tmp/alex/operation_logs/ba9cb0b0-f593-4ff8-9797-295d928af2c2/alex_20240424080601_360da8e4-e031-4a77-b9a0-58653443bd6e
DEBUG StatusLogger Building Plugin[name=, class=org.apache.hadoop.hive.ql.log.LogDivertAppenderForTest$TestFilter].
DEBUG StatusLogger createFilter()
DEBUG StatusLogger Building Plugin[name=, class=org.apache.logging.log4j.core.layout.PatternLayout].
DEBUG StatusLogger PatternLayout$Builder(pattern="%-5p : %m%n", PatternSelector=null, Configuration(HiveLog4j2Test), Replace=null, charset="null", alwaysWriteExceptions="null", disableAnsi="null", noConsoleNoAnsi="null", header="null", footer="null")
DEBUG StatusLogger Building Plugin[name=appender, class=org.apache.hadoop.hive.ql.log.HushableRandomAccessFileAppender].
DEBUG StatusLogger createAppender(fileName="/home/alex/Repositories/hive/beeline/target/tmp/alex/operation_logs/ba9cb0b0-f593-4ff8-9797-295d928af2c2/alex_20240424080601_360da8e4-e031-4a77-b9a0-58653443bd6e.test", append="null", name="test-query-file-appender", immediateFlush="null", bufferSize="null", ignoreExceptions="null", PatternLayout(org.apache.logging.log4j.core.layout.PatternLayout with name PatternLayout), test-filter(org.apache.hadoop.hive.ql.log.LogDivertAppenderForTest$TestFilter with name test-filter), advertise="null", advertiseURI="null", Configuration(HiveLog4j2Test))
DEBUG StatusLogger Starting RandomAccessFileManager /home/alex/Repositories/hive/beeline/target/tmp/alex/operation_logs/ba9cb0b0-f593-4ff8-9797-295d928af2c2/alex_20240424080601_360da8e4-e031-4a77-b9a0-58653443bd6e.test
2024-04-24T08:06:01,241  INFO [ba9cb0b0-f593-4ff8-9797-295d928af2c2 main] operation.SQLOperation: [opType=EXECUTE_STATEMENT, queryId=alex_20240424080601_360da8e4-e031-4a77-b9a0-58653443bd6e, startTime=1713971161236, sessionId=ba9cb0b0-f593-4ff8-9797-295d928af2c2, createTime=1713971161152, userName=null, ipAddress=null]
2024-04-24T08:06:01,243  INFO [ba9cb0b0-f593-4ff8-9797-295d928af2c2 main] ql.Driver: Compiling command(queryId=alex_20240424080601_360da8e4-e031-4a77-b9a0-58653443bd6e): use test
2024-04-24T08:06:01,244  INFO [ba9cb0b0-f593-4ff8-9797-295d928af2c2 main] metastore.HiveMetaStoreClient: HMS client filtering is enabled.
2024-04-24T08:06:01,245  INFO [ba9cb0b0-f593-4ff8-9797-295d928af2c2 main] metastore.HMSHandler: 0: Opening raw store with implementation class:org.apache.hadoop.hive.metastore.ObjectStore
2024-04-24T08:06:01,245  INFO [ba9cb0b0-f593-4ff8-9797-295d928af2c2 main] metastore.PersistenceManagerProvider: Configuration datanucleus.autoStartMechanismMode is not set. Defaulting to 'ignored'
2024-04-24T08:06:01,245  INFO [ba9cb0b0-f593-4ff8-9797-295d928af2c2 main] metastore.ObjectStore: RawStore: org.apache.hadoop.hive.metastore.ObjectStore@4cef0747, with PersistenceManager: null will be shutdown
2024-04-24T08:06:01,246  INFO [ba9cb0b0-f593-4ff8-9797-295d928af2c2 main] metastore.ObjectStore: RawStore: org.apache.hadoop.hive.metastore.ObjectStore@4cef0747, with PersistenceManager: org.datanucleus.api.jdo.JDOPersistenceManager@4213bc3e created in the thread with id: 1
2024-04-24T08:06:01,248  INFO [ba9cb0b0-f593-4ff8-9797-295d928af2c2 main] metastore.HMSHandler: Created RawStore: org.apache.hadoop.hive.metastore.ObjectStore@4cef0747 from thread id: 1
2024-04-24T08:06:01,248  INFO [ba9cb0b0-f593-4ff8-9797-295d928af2c2 main] metastore.HMSHandler: HMS server filtering is disabled by configuration
2024-04-24T08:06:01,248  INFO [ba9cb0b0-f593-4ff8-9797-295d928af2c2 main] metastore.RetryingMetaStoreClient: RetryingMetaStoreClient proxy=class org.apache.hadoop.hive.ql.metadata.SessionHiveMetaStoreClient ugi=alex (auth:SIMPLE) retries=1 delay=1 lifetime=0
2024-04-24T08:06:01,249  INFO [ba9cb0b0-f593-4ff8-9797-295d928af2c2 main] HiveMetaStore.audit: ugi=alex	ip=unknown-ip-addr	cmd=get_database: test	
2024-04-24T08:06:01,249  INFO [ba9cb0b0-f593-4ff8-9797-295d928af2c2 main] ql.Driver: Semantic Analysis Completed (retrial = false)
2024-04-24T08:06:01,249  INFO [ba9cb0b0-f593-4ff8-9797-295d928af2c2 main] ql.Driver: Created Hive schema: Schema(fieldSchemas:null, properties:null)
2024-04-24T08:06:01,249  INFO [ba9cb0b0-f593-4ff8-9797-295d928af2c2 main] metadata.Hive: Dumping metastore api call timing information for : compilation phase
2024-04-24T08:06:01,250  INFO [ba9cb0b0-f593-4ff8-9797-295d928af2c2 main] metadata.Hive: Total time spent in each metastore function (ms): {isCompatibleWith_(Configuration)=0, getDatabase_(String)=1, flushCache_()=0}
2024-04-24T08:06:01,250  INFO [ba9cb0b0-f593-4ff8-9797-295d928af2c2 main] ql.Driver: Completed compiling command(queryId=alex_20240424080601_360da8e4-e031-4a77-b9a0-58653443bd6e); Time taken: 0.006 seconds
2024-04-24T08:06:01,250  INFO [ba9cb0b0-f593-4ff8-9797-295d928af2c2 main] common.LogUtils: Unregistered logging context.
2024-04-24T08:06:01,251  INFO [HiveServer2-Background-Pool: Thread-385] common.LogUtils: Thread context registration is done.
2024-04-24T08:06:01,251  INFO [HiveServer2-Background-Pool: Thread-385] reexec.ReExecDriver: Execution #1 of query
2024-04-24T08:06:01,251  INFO [HiveServer2-Background-Pool: Thread-385] ql.Driver: Concurrency mode is disabled, not creating a lock manager
2024-04-24T08:06:01,251  INFO [HiveServer2-Background-Pool: Thread-385] ql.Driver: Executing command(queryId=alex_20240424080601_360da8e4-e031-4a77-b9a0-58653443bd6e): use test
2024-04-24T08:06:01,252  INFO [HiveServer2-Background-Pool: Thread-385] ql.Driver: Starting task [Stage-0:DDL] in serial mode
2024-04-24T08:06:01,253  INFO [HiveServer2-Background-Pool: Thread-385] HiveMetaStore.audit: ugi=alex	ip=unknown-ip-addr	cmd=get_database: test	
2024-04-24T08:06:01,254  INFO [HiveServer2-Background-Pool: Thread-385] metastore.HMSHandler: 20: Opening raw store with implementation class:org.apache.hadoop.hive.metastore.ObjectStore
2024-04-24T08:06:01,254  INFO [HiveServer2-Background-Pool: Thread-385] metastore.ObjectStore: RawStore: org.apache.hadoop.hive.metastore.ObjectStore@30443993, with PersistenceManager: null will be shutdown
2024-04-24T08:06:01,255  INFO [HiveServer2-Background-Pool: Thread-385] metastore.ObjectStore: RawStore: org.apache.hadoop.hive.metastore.ObjectStore@30443993, with PersistenceManager: org.datanucleus.api.jdo.JDOPersistenceManager@7546b1ff created in the thread with id: 385
2024-04-24T08:06:01,257  INFO [HiveServer2-Background-Pool: Thread-385] metastore.HMSHandler: Created RawStore: org.apache.hadoop.hive.metastore.ObjectStore@30443993 from thread id: 385
2024-04-24T08:06:01,258  INFO [HiveServer2-Background-Pool: Thread-385] HiveMetaStore.audit: ugi=alex	ip=unknown-ip-addr	cmd=get_database: test	
2024-04-24T08:06:01,259  INFO [HiveServer2-Background-Pool: Thread-385] metadata.Hive: Dumping metastore api call timing information for : execution phase
2024-04-24T08:06:01,259  INFO [HiveServer2-Background-Pool: Thread-385] metadata.Hive: Total time spent in each metastore function (ms): {isCompatibleWith_(Configuration)=0, getDatabase_(String)=6}
2024-04-24T08:06:01,260  INFO [HiveServer2-Background-Pool: Thread-385] ql.Driver: Completed executing command(queryId=alex_20240424080601_360da8e4-e031-4a77-b9a0-58653443bd6e); Time taken: 0.008 seconds
2024-04-24T08:06:01,260  INFO [HiveServer2-Background-Pool: Thread-385] common.LogUtils: Unregistered logging context.
2024-04-24T08:06:01,262  INFO [ba9cb0b0-f593-4ff8-9797-295d928af2c2 main] operation.OperationManager: Closing operation: OperationHandle [opType=EXECUTE_STATEMENT, getHandleIdentifier()=f44783c1-66ce-47cc-b4f6-2c1db879d924]
2024-04-24T08:06:01,262  INFO [ba9cb0b0-f593-4ff8-9797-295d928af2c2 main] operation.OperationManager: Removed queryId: alex_20240424080601_360da8e4-e031-4a77-b9a0-58653443bd6e corresponding to operation: OperationHandle [opType=EXECUTE_STATEMENT, getHandleIdentifier()=f44783c1-66ce-47cc-b4f6-2c1db879d924] with tag: null
2024-04-24T08:06:01,263  INFO [ba9cb0b0-f593-4ff8-9797-295d928af2c2 main] operation.SQLOperation: Closing operation log /home/alex/Repositories/hive/beeline/target/tmp/alex/operation_logs/ba9cb0b0-f593-4ff8-9797-295d928af2c2/alex_20240424080601_360da8e4-e031-4a77-b9a0-58653443bd6e without delay
2024-04-24T08:06:01,271  INFO [ba9cb0b0-f593-4ff8-9797-295d928af2c2 main] session.HiveSessionImpl: executing show tables
2024-04-24T08:06:01,272  INFO [ba9cb0b0-f593-4ff8-9797-295d928af2c2 main] operation.OperationManager: Adding operation: OperationHandle [opType=EXECUTE_STATEMENT, getHandleIdentifier()=a0a49e99-7740-4820-8266-b1977917aaa1] SessionHandle [ba9cb0b0-f593-4ff8-9797-295d928af2c2]
2024-04-24T08:06:01,272  INFO [ba9cb0b0-f593-4ff8-9797-295d928af2c2 main] common.LogUtils: Thread context registration is done.
DEBUG StatusLogger Building Plugin[name=filter, class=org.apache.hadoop.hive.ql.log.LogDivertAppender$NameFilter].
DEBUG StatusLogger createFilter(loggingLevel="EXECUTION")
DEBUG StatusLogger Building Plugin[name=layout, class=org.apache.logging.log4j.core.layout.PatternLayout].
DEBUG StatusLogger PatternLayout$Builder(pattern="%-5p : %m%n", PatternSelector=null, Configuration(HiveLog4j2Test), Replace=null, charset="null", alwaysWriteExceptions="null", disableAnsi="null", noConsoleNoAnsi="null", header="null", footer="null")
DEBUG StatusLogger Building Plugin[name=appender, class=org.apache.hadoop.hive.ql.log.HushableRandomAccessFileAppender].
DEBUG StatusLogger createAppender(fileName="/home/alex/Repositories/hive/beeline/target/tmp/alex/operation_logs/ba9cb0b0-f593-4ff8-9797-295d928af2c2/alex_20240424080601_6ce5f1b9-e1c8-4182-86d1-4af808023fd6", append="null", name="query-file-appender", immediateFlush="null", bufferSize="null", ignoreExceptions="null", PatternLayout(org.apache.logging.log4j.core.layout.PatternLayout with name PatternLayout), NameFilter(org.apache.hadoop.hive.ql.log.LogDivertAppender$NameFilter with name NameFilter), advertise="null", advertiseURI="null", Configuration(HiveLog4j2Test))
DEBUG StatusLogger Starting RandomAccessFileManager /home/alex/Repositories/hive/beeline/target/tmp/alex/operation_logs/ba9cb0b0-f593-4ff8-9797-295d928af2c2/alex_20240424080601_6ce5f1b9-e1c8-4182-86d1-4af808023fd6
DEBUG StatusLogger Building Plugin[name=, class=org.apache.hadoop.hive.ql.log.LogDivertAppenderForTest$TestFilter].
DEBUG StatusLogger createFilter()
DEBUG StatusLogger Building Plugin[name=, class=org.apache.logging.log4j.core.layout.PatternLayout].
DEBUG StatusLogger PatternLayout$Builder(pattern="%-5p : %m%n", PatternSelector=null, Configuration(HiveLog4j2Test), Replace=null, charset="null", alwaysWriteExceptions="null", disableAnsi="null", noConsoleNoAnsi="null", header="null", footer="null")
DEBUG StatusLogger Building Plugin[name=appender, class=org.apache.hadoop.hive.ql.log.HushableRandomAccessFileAppender].
DEBUG StatusLogger createAppender(fileName="/home/alex/Repositories/hive/beeline/target/tmp/alex/operation_logs/ba9cb0b0-f593-4ff8-9797-295d928af2c2/alex_20240424080601_6ce5f1b9-e1c8-4182-86d1-4af808023fd6.test", append="null", name="test-query-file-appender", immediateFlush="null", bufferSize="null", ignoreExceptions="null", PatternLayout(org.apache.logging.log4j.core.layout.PatternLayout with name PatternLayout), test-filter(org.apache.hadoop.hive.ql.log.LogDivertAppenderForTest$TestFilter with name test-filter), advertise="null", advertiseURI="null", Configuration(HiveLog4j2Test))
DEBUG StatusLogger Starting RandomAccessFileManager /home/alex/Repositories/hive/beeline/target/tmp/alex/operation_logs/ba9cb0b0-f593-4ff8-9797-295d928af2c2/alex_20240424080601_6ce5f1b9-e1c8-4182-86d1-4af808023fd6.test
2024-04-24T08:06:01,276  INFO [ba9cb0b0-f593-4ff8-9797-295d928af2c2 main] operation.SQLOperation: [opType=EXECUTE_STATEMENT, queryId=alex_20240424080601_6ce5f1b9-e1c8-4182-86d1-4af808023fd6, startTime=1713971161271, sessionId=ba9cb0b0-f593-4ff8-9797-295d928af2c2, createTime=1713971161152, userName=null, ipAddress=null]
2024-04-24T08:06:01,278  INFO [ba9cb0b0-f593-4ff8-9797-295d928af2c2 main] ql.Driver: Compiling command(queryId=alex_20240424080601_6ce5f1b9-e1c8-4182-86d1-4af808023fd6): show tables
2024-04-24T08:06:01,281  INFO [ba9cb0b0-f593-4ff8-9797-295d928af2c2 main] HiveMetaStore.audit: ugi=alex	ip=unknown-ip-addr	cmd=get_database: test	
2024-04-24T08:06:01,282  INFO [ba9cb0b0-f593-4ff8-9797-295d928af2c2 main] ql.Driver: Semantic Analysis Completed (retrial = false)
2024-04-24T08:06:01,283  INFO [ba9cb0b0-f593-4ff8-9797-295d928af2c2 main] ql.Driver: Created Hive schema: Schema(fieldSchemas:[FieldSchema(name:tab_name, type:string, comment:from deserializer)], properties:null)
2024-04-24T08:06:01,283  INFO [ba9cb0b0-f593-4ff8-9797-295d928af2c2 main] exec.ListSinkOperator: Initializing Operator: LIST_SINK[0]
2024-04-24T08:06:01,283  INFO [ba9cb0b0-f593-4ff8-9797-295d928af2c2 main] metadata.Hive: Dumping metastore api call timing information for : compilation phase
2024-04-24T08:06:01,283  INFO [ba9cb0b0-f593-4ff8-9797-295d928af2c2 main] metadata.Hive: Total time spent in each metastore function (ms): {isCompatibleWith_(Configuration)=0, getDatabase_(String)=1, flushCache_()=0}
2024-04-24T08:06:01,284  INFO [ba9cb0b0-f593-4ff8-9797-295d928af2c2 main] ql.Driver: Completed compiling command(queryId=alex_20240424080601_6ce5f1b9-e1c8-4182-86d1-4af808023fd6); Time taken: 0.006 seconds
2024-04-24T08:06:01,284  INFO [ba9cb0b0-f593-4ff8-9797-295d928af2c2 main] common.LogUtils: Unregistered logging context.
2024-04-24T08:06:01,284  INFO [HiveServer2-Background-Pool: Thread-389] common.LogUtils: Thread context registration is done.
2024-04-24T08:06:01,285  INFO [HiveServer2-Background-Pool: Thread-389] reexec.ReExecDriver: Execution #1 of query
2024-04-24T08:06:01,286  INFO [HiveServer2-Background-Pool: Thread-389] ql.Driver: Concurrency mode is disabled, not creating a lock manager
2024-04-24T08:06:01,287  INFO [HiveServer2-Background-Pool: Thread-389] ql.Driver: Executing command(queryId=alex_20240424080601_6ce5f1b9-e1c8-4182-86d1-4af808023fd6): show tables
2024-04-24T08:06:01,287  INFO [HiveServer2-Background-Pool: Thread-389] ql.Driver: Starting task [Stage-0:DDL] in serial mode
2024-04-24T08:06:01,288  INFO [HiveServer2-Background-Pool: Thread-389] HiveMetaStore.audit: ugi=alex	ip=unknown-ip-addr	cmd=get_database: test	
2024-04-24T08:06:01,288  INFO [HiveServer2-Background-Pool: Thread-389] metastore.HMSHandler: 21: Opening raw store with implementation class:org.apache.hadoop.hive.metastore.ObjectStore
2024-04-24T08:06:01,289  INFO [HiveServer2-Background-Pool: Thread-389] metastore.ObjectStore: RawStore: org.apache.hadoop.hive.metastore.ObjectStore@4dbab5b2, with PersistenceManager: null will be shutdown
2024-04-24T08:06:01,289  INFO [HiveServer2-Background-Pool: Thread-389] metastore.ObjectStore: RawStore: org.apache.hadoop.hive.metastore.ObjectStore@4dbab5b2, with PersistenceManager: org.datanucleus.api.jdo.JDOPersistenceManager@8b82261 created in the thread with id: 389
2024-04-24T08:06:01,293  INFO [HiveServer2-Background-Pool: Thread-389] metastore.HMSHandler: Created RawStore: org.apache.hadoop.hive.metastore.ObjectStore@4dbab5b2 from thread id: 389
2024-04-24T08:06:01,295  INFO [HiveServer2-Background-Pool: Thread-389] HiveMetaStore.audit: ugi=alex	ip=unknown-ip-addr	cmd=get_multi_table : db=test tbls=null	
2024-04-24T08:06:01,301  INFO [HiveServer2-Background-Pool: Thread-389] sqlstd.SQLStdHiveAccessController: Created SQLStdHiveAccessController for session context : HiveAuthzSessionContext [sessionString=ba9cb0b0-f593-4ff8-9797-295d928af2c2, clientType=HIVESERVER2]
2024-04-24T08:06:01,308  INFO [HiveServer2-Background-Pool: Thread-389] metadata.Hive: Dumping metastore api call timing information for : execution phase
2024-04-24T08:06:01,308  INFO [HiveServer2-Background-Pool: Thread-389] metadata.Hive: Total time spent in each metastore function (ms): {isCompatibleWith_(Configuration)=0, getDatabase_(String)=6, getTables_(String, String)=7}
2024-04-24T08:06:01,308  INFO [HiveServer2-Background-Pool: Thread-389] ql.Driver: Completed executing command(queryId=alex_20240424080601_6ce5f1b9-e1c8-4182-86d1-4af808023fd6); Time taken: 0.021 seconds
2024-04-24T08:06:01,309  INFO [HiveServer2-Background-Pool: Thread-389] common.LogUtils: Unregistered logging context.
2024-04-24T08:06:01,311  INFO [ba9cb0b0-f593-4ff8-9797-295d928af2c2 main] operation.OperationManager: Closing operation: OperationHandle [opType=EXECUTE_STATEMENT, getHandleIdentifier()=a0a49e99-7740-4820-8266-b1977917aaa1]
2024-04-24T08:06:01,311  INFO [ba9cb0b0-f593-4ff8-9797-295d928af2c2 main] operation.OperationManager: Removed queryId: alex_20240424080601_6ce5f1b9-e1c8-4182-86d1-4af808023fd6 corresponding to operation: OperationHandle [opType=EXECUTE_STATEMENT, getHandleIdentifier()=a0a49e99-7740-4820-8266-b1977917aaa1] with tag: null
2024-04-24T08:06:01,312  INFO [ba9cb0b0-f593-4ff8-9797-295d928af2c2 main] ql.Context: Deleting scratch dir: file:/home/alex/Repositories/hive/beeline/target/tmp/alex/ba9cb0b0-f593-4ff8-9797-295d928af2c2/hive_2024-04-24_08-06-01_277_6776536891026867605-1
2024-04-24T08:06:01,312  INFO [ba9cb0b0-f593-4ff8-9797-295d928af2c2 main] cleanup.EventualCleanupService: Delete file:/home/alex/Repositories/hive/beeline/target/tmp/alex/ba9cb0b0-f593-4ff8-9797-295d928af2c2/hive_2024-04-24_08-06-01_277_6776536891026867605-1 operation was queued
2024-04-24T08:06:01,312  INFO [ba9cb0b0-f593-4ff8-9797-295d928af2c2 main] exec.ListSinkOperator: Closing Operator: LIST_SINK[0]
2024-04-24T08:06:01,312  INFO [ba9cb0b0-f593-4ff8-9797-295d928af2c2 main] exec.ListSinkOperator: RECORDS_OUT_INTERMEDIATE:0, RECORDS_OUT_OPERATOR_LIST_SINK_0:0, 
2024-04-24T08:06:01,312  INFO [ba9cb0b0-f593-4ff8-9797-295d928af2c2 main] operation.SQLOperation: Closing operation log /home/alex/Repositories/hive/beeline/target/tmp/alex/operation_logs/ba9cb0b0-f593-4ff8-9797-295d928af2c2/alex_20240424080601_6ce5f1b9-e1c8-4182-86d1-4af808023fd6 without delay
2024-04-24T08:06:01,313  INFO [EventualCleanupService thread 0] cleanup.EventualCleanupService: Deleted file:/home/alex/Repositories/hive/beeline/target/tmp/alex/ba9cb0b0-f593-4ff8-9797-295d928af2c2/hive_2024-04-24_08-06-01_277_6776536891026867605-1
2024-04-24T08:06:01,317  INFO [main] service.CompositeService: Session closed, SessionHandle [ba9cb0b0-f593-4ff8-9797-295d928af2c2], current sessions:0
2024-04-24T08:06:01,317  INFO [ba9cb0b0-f593-4ff8-9797-295d928af2c2 main] session.HiveSessionImpl: Operation log session directory is deleted: /home/alex/Repositories/hive/beeline/target/tmp/alex/operation_logs/ba9cb0b0-f593-4ff8-9797-295d928af2c2
2024-04-24T08:06:01,319  INFO [main] cleanup.EventualCleanupService: Delete /tmp/hive/alex/ba9cb0b0-f593-4ff8-9797-295d928af2c2 operation was queued
2024-04-24T08:06:01,319  INFO [main] cleanup.EventualCleanupService: Delete /home/alex/Repositories/hive/beeline/target/tmp/alex/ba9cb0b0-f593-4ff8-9797-295d928af2c2 operation was queued
2024-04-24T08:06:01,319  INFO [EventualCleanupService thread 1] cleanup.EventualCleanupService: Deleted /tmp/hive/alex/ba9cb0b0-f593-4ff8-9797-295d928af2c2
2024-04-24T08:06:01,319  INFO [EventualCleanupService thread 2] cleanup.EventualCleanupService: Deleted /home/alex/Repositories/hive/beeline/target/tmp/alex/ba9cb0b0-f593-4ff8-9797-295d928af2c2
2024-04-24T08:06:01,319  INFO [main] HiveMetaStore.audit: ugi=alex	ip=unknown-ip-addr	cmd=Cleaning up thread local RawStore...	
2024-04-24T08:06:01,319  INFO [main] metastore.ObjectStore: RawStore: org.apache.hadoop.hive.metastore.ObjectStore@4cef0747, with PersistenceManager: org.datanucleus.api.jdo.JDOPersistenceManager@4213bc3e will be shutdown
2024-04-24T08:06:01,320  INFO [main] HiveMetaStore.audit: ugi=alex	ip=unknown-ip-addr	cmd=Done cleaning up thread local RawStore	
2024-04-24T08:06:01,320  INFO [main] metastore.HiveMetaStoreClient: Closed a connection to metastore, current connections: -23
]]></system-err>
  </testcase>
  <testcase name="testNoErrorDB" classname="org.apache.hive.beeline.cli.TestHiveCli" time="0.234">
    <failure type="java.lang.AssertionError"><![CDATA[java.lang.AssertionError: Supported return code is 0 while the actual is 1
	at org.junit.Assert.fail(Assert.java:89)
	at org.apache.hive.beeline.cli.TestHiveCli.executeCMD(TestHiveCli.java:256)
	at org.apache.hive.beeline.cli.TestHiveCli.verifyCMD(TestHiveCli.java:266)
	at org.apache.hive.beeline.cli.TestHiveCli.testNoErrorDB(TestHiveCli.java:239)
	at sun.reflect.NativeMethodAccessorImpl.invoke0(Native Method)
	at sun.reflect.NativeMethodAccessorImpl.invoke(NativeMethodAccessorImpl.java:62)
	at sun.reflect.DelegatingMethodAccessorImpl.invoke(DelegatingMethodAccessorImpl.java:43)
	at java.lang.reflect.Method.invoke(Method.java:498)
	at org.junit.runners.model.FrameworkMethod$1.runReflectiveCall(FrameworkMethod.java:59)
	at org.junit.internal.runners.model.ReflectiveCallable.run(ReflectiveCallable.java:12)
	at org.junit.runners.model.FrameworkMethod.invokeExplosively(FrameworkMethod.java:56)
	at org.junit.internal.runners.statements.InvokeMethod.evaluate(InvokeMethod.java:17)
	at org.junit.internal.runners.statements.RunBefores.evaluate(RunBefores.java:26)
	at org.junit.internal.runners.statements.RunAfters.evaluate(RunAfters.java:27)
	at org.junit.runners.ParentRunner$3.evaluate(ParentRunner.java:306)
	at org.junit.runners.BlockJUnit4ClassRunner$1.evaluate(BlockJUnit4ClassRunner.java:100)
	at org.junit.runners.ParentRunner.runLeaf(ParentRunner.java:366)
	at org.junit.runners.BlockJUnit4ClassRunner.runChild(BlockJUnit4ClassRunner.java:103)
	at org.junit.runners.BlockJUnit4ClassRunner.runChild(BlockJUnit4ClassRunner.java:63)
	at org.junit.runners.ParentRunner$4.run(ParentRunner.java:331)
	at org.junit.runners.ParentRunner$1.schedule(ParentRunner.java:79)
	at org.junit.runners.ParentRunner.runChildren(ParentRunner.java:329)
	at org.junit.runners.ParentRunner.access$100(ParentRunner.java:66)
	at org.junit.runners.ParentRunner$2.evaluate(ParentRunner.java:293)
	at org.junit.internal.runners.statements.RunBefores.evaluate(RunBefores.java:26)
	at org.junit.runners.ParentRunner$3.evaluate(ParentRunner.java:306)
	at org.junit.runners.ParentRunner.run(ParentRunner.java:413)
	at org.junit.runner.JUnitCore.run(JUnitCore.java:137)
	at org.junit.runner.JUnitCore.run(JUnitCore.java:115)
	at org.junit.vintage.engine.execution.RunnerExecutor.execute(RunnerExecutor.java:43)
	at java.util.stream.ForEachOps$ForEachOp$OfRef.accept(ForEachOps.java:183)
	at java.util.stream.ReferencePipeline$3$1.accept(ReferencePipeline.java:193)
	at java.util.Iterator.forEachRemaining(Iterator.java:116)
	at java.util.Spliterators$IteratorSpliterator.forEachRemaining(Spliterators.java:1801)
	at java.util.stream.AbstractPipeline.copyInto(AbstractPipeline.java:482)
	at java.util.stream.AbstractPipeline.wrapAndCopyInto(AbstractPipeline.java:472)
	at java.util.stream.ForEachOps$ForEachOp.evaluateSequential(ForEachOps.java:150)
	at java.util.stream.ForEachOps$ForEachOp$OfRef.evaluateSequential(ForEachOps.java:173)
	at java.util.stream.AbstractPipeline.evaluate(AbstractPipeline.java:234)
	at java.util.stream.ReferencePipeline.forEach(ReferencePipeline.java:485)
	at org.junit.vintage.engine.VintageTestEngine.executeAllChildren(VintageTestEngine.java:82)
	at org.junit.vintage.engine.VintageTestEngine.execute(VintageTestEngine.java:73)
	at org.junit.platform.launcher.core.DefaultLauncher.execute(DefaultLauncher.java:248)
	at org.junit.platform.launcher.core.DefaultLauncher.lambda$execute$5(DefaultLauncher.java:211)
	at org.junit.platform.launcher.core.DefaultLauncher.withInterceptedStreams(DefaultLauncher.java:226)
	at org.junit.platform.launcher.core.DefaultLauncher.execute(DefaultLauncher.java:199)
	at org.junit.platform.launcher.core.DefaultLauncher.execute(DefaultLauncher.java:132)
	at org.apache.maven.surefire.junitplatform.JUnitPlatformProvider.invokeAllTests(JUnitPlatformProvider.java:154)
	at org.apache.maven.surefire.junitplatform.JUnitPlatformProvider.invoke(JUnitPlatformProvider.java:123)
	at org.apache.maven.surefire.booter.ForkedBooter.runSuitesInProcess(ForkedBooter.java:377)
	at org.apache.maven.surefire.booter.ForkedBooter.execute(ForkedBooter.java:138)
	at org.apache.maven.surefire.booter.ForkedBooter.run(ForkedBooter.java:465)
	at org.apache.maven.surefire.booter.ForkedBooter.main(ForkedBooter.java:451)
]]></failure>
    <system-err><![CDATA[2024-04-24T08:06:01,321 ERROR [main] cli.TestHiveCli: Failed to execute command due to the error: java.lang.NullPointerException: Null output stream
2024-04-24T08:06:01,375  WARN [main] conf.HiveConf: HiveConf of name hive.dummyparam.test.server.specific.config.override does not exist
2024-04-24T08:06:01,375  WARN [main] conf.HiveConf: HiveConf of name hive.dummyparam.test.server.specific.config.hiveserver2site does not exist
2024-04-24T08:06:01,375  WARN [main] conf.HiveConf: HiveConf of name hive.dummyparam.test.server.specific.config.metastoresite does not exist
2024-04-24T08:06:01,375  INFO [main] SessionState: Hive Session ID = c8b4091b-73bf-4cdc-a4f3-af2bf18e5975
2024-04-24T08:06:01,376  INFO [main] DependencyResolver: ivysettings.xml file not found in HIVE_HOME or HIVE_CONF_DIR,/home/alex/Repositories/hive/conf/ivysettings.xml will be used
2024-04-24T08:06:01,383  INFO [main] session.SessionState: Created HDFS directory: /tmp/hive/alex/c8b4091b-73bf-4cdc-a4f3-af2bf18e5975
2024-04-24T08:06:01,386  INFO [main] session.SessionState: Created local directory: /home/alex/Repositories/hive/beeline/target/tmp/alex/c8b4091b-73bf-4cdc-a4f3-af2bf18e5975
2024-04-24T08:06:01,389  INFO [main] session.SessionState: Created HDFS directory: /tmp/hive/alex/c8b4091b-73bf-4cdc-a4f3-af2bf18e5975/_tmp_space.db
2024-04-24T08:06:01,389  INFO [main] sqlstd.SQLStdHiveAccessController: Created SQLStdHiveAccessController for session context : HiveAuthzSessionContext [sessionString=c8b4091b-73bf-4cdc-a4f3-af2bf18e5975, clientType=HIVESERVER2]
2024-04-24T08:06:01,390  INFO [main] metastore.HiveMetaStoreClient: HMS client filtering is enabled.
2024-04-24T08:06:01,391  INFO [main] metastore.HMSHandler: 0: Opening raw store with implementation class:org.apache.hadoop.hive.metastore.ObjectStore
2024-04-24T08:06:01,391  INFO [main] metastore.PersistenceManagerProvider: Configuration datanucleus.autoStartMechanismMode is not set. Defaulting to 'ignored'
2024-04-24T08:06:01,392  INFO [main] metastore.ObjectStore: RawStore: org.apache.hadoop.hive.metastore.ObjectStore@44e08a7a, with PersistenceManager: null will be shutdown
2024-04-24T08:06:01,392  INFO [main] metastore.ObjectStore: RawStore: org.apache.hadoop.hive.metastore.ObjectStore@44e08a7a, with PersistenceManager: org.datanucleus.api.jdo.JDOPersistenceManager@78bd02c8 created in the thread with id: 1
2024-04-24T08:06:01,394  INFO [main] metastore.HMSHandler: Created RawStore: org.apache.hadoop.hive.metastore.ObjectStore@44e08a7a from thread id: 1
2024-04-24T08:06:01,394  INFO [main] metastore.HMSHandler: HMS server filtering is disabled by configuration
2024-04-24T08:06:01,394  INFO [main] metastore.RetryingMetaStoreClient: RetryingMetaStoreClient proxy=class org.apache.hadoop.hive.ql.metadata.SessionHiveMetaStoreClient ugi=alex (auth:SIMPLE) retries=1 delay=1 lifetime=0
2024-04-24T08:06:01,395  INFO [main] service.CompositeService: Operation log root directory is created: /home/alex/Repositories/hive/beeline/target/tmp/alex/operation_logs
2024-04-24T08:06:01,395  INFO [main] service.CompositeService: HiveServer2: Background operation thread pool size: 100
2024-04-24T08:06:01,395  INFO [main] service.CompositeService: HiveServer2: Background operation thread wait queue size: 100
2024-04-24T08:06:01,395  INFO [main] service.CompositeService: HiveServer2: Background operation thread keepalive time: 10 seconds
2024-04-24T08:06:01,395  INFO [main] service.CompositeService: Connections limit are user: 0 ipaddress: 0 user-ipaddress: 0
2024-04-24T08:06:01,397  INFO [main] cleanup.EventualCleanupService: EventualCleanupService started with 10 threads and queue of size 10000
ERROR StatusLogger Log4j2 ConfigurationScheduler attempted to increment scheduled items after start
ERROR StatusLogger Log4j2 ConfigurationScheduler attempted to increment scheduled items after start
2024-04-24T08:06:01,398  INFO [main] service.AbstractService: Service:OperationManager is inited.
2024-04-24T08:06:01,398  INFO [main] service.AbstractService: Service:SessionManager is inited.
2024-04-24T08:06:01,398  INFO [main] service.AbstractService: Service:CLIService is inited.
2024-04-24T08:06:01,398  INFO [main] service.AbstractService: Service:OperationManager is started.
2024-04-24T08:06:01,398  INFO [main] service.AbstractService: Service:SessionManager is started.
2024-04-24T08:06:01,398  INFO [main] service.AbstractService: Service:CLIService is started.
2024-04-24T08:06:01,398  INFO [main] service.AbstractService: Service:ThriftBinaryCLIService is inited.
2024-04-24T08:06:01,398  INFO [main] thrift.ThriftCLIService: Client protocol version: HIVE_CLI_SERVICE_PROTOCOL_V10
2024-04-24T08:06:01,398  INFO [main] thrift.ThriftCLIService: Creating Hive session handle for user [null] from IP null
2024-04-24T08:06:01,400  INFO [main] DependencyResolver: ivysettings.xml file not found in HIVE_HOME or HIVE_CONF_DIR,/home/alex/Repositories/hive/conf/ivysettings.xml will be used
2024-04-24T08:06:01,408  INFO [main] session.SessionState: Created HDFS directory: /tmp/hive/alex/4b97e91a-a125-453e-8bde-01a5bfbf5d2b
2024-04-24T08:06:01,412  INFO [main] session.SessionState: Created local directory: /home/alex/Repositories/hive/beeline/target/tmp/alex/4b97e91a-a125-453e-8bde-01a5bfbf5d2b
2024-04-24T08:06:01,415  INFO [main] session.SessionState: Created HDFS directory: /tmp/hive/alex/4b97e91a-a125-453e-8bde-01a5bfbf5d2b/_tmp_space.db
2024-04-24T08:06:01,416  INFO [main] session.SessionState: Reloading auxiliary JAR files
2024-04-24T08:06:01,416  WARN [main] session.SessionState: Configuration hive.reloadable.aux.jars.path not specified
2024-04-24T08:06:01,416  INFO [main] HiveMetaStore.audit: ugi=alex	ip=unknown-ip-addr	cmd=Cleaning up thread local RawStore...	
2024-04-24T08:06:01,416  INFO [main] metastore.ObjectStore: RawStore: org.apache.hadoop.hive.metastore.ObjectStore@44e08a7a, with PersistenceManager: org.datanucleus.api.jdo.JDOPersistenceManager@78bd02c8 will be shutdown
2024-04-24T08:06:01,416  INFO [main] HiveMetaStore.audit: ugi=alex	ip=unknown-ip-addr	cmd=Done cleaning up thread local RawStore	
2024-04-24T08:06:01,416  INFO [main] metastore.HiveMetaStoreClient: Closed a connection to metastore, current connections: -24
2024-04-24T08:06:01,416  INFO [main] session.HiveSessionImpl: Operation log session directory is created: /home/alex/Repositories/hive/beeline/target/tmp/alex/operation_logs/4b97e91a-a125-453e-8bde-01a5bfbf5d2b
2024-04-24T08:06:01,416  INFO [main] service.CompositeService: Session opened, SessionHandle [4b97e91a-a125-453e-8bde-01a5bfbf5d2b], current sessions:1
2024-04-24T08:06:01,416  INFO [main] thrift.ThriftCLIService: Login attempt is successful for user : null
2024-04-24T08:06:01,470  WARN [main] conf.HiveConf: HiveConf of name hive.dummyparam.test.server.specific.config.override does not exist
2024-04-24T08:06:01,470  WARN [main] conf.HiveConf: HiveConf of name hive.dummyparam.test.server.specific.config.hiveserver2site does not exist
2024-04-24T08:06:01,470  WARN [main] conf.HiveConf: HiveConf of name hive.dummyparam.test.server.specific.config.metastoresite does not exist
2024-04-24T08:06:01,471  INFO [4b97e91a-a125-453e-8bde-01a5bfbf5d2b main] session.HiveSessionImpl: executing set
2024-04-24T08:06:01,471  INFO [4b97e91a-a125-453e-8bde-01a5bfbf5d2b main] operation.HiveCommandOperation: Putting temp output to file /home/alex/Repositories/hive/beeline/target/tmp/alex/4b97e91a-a125-453e-8bde-01a5bfbf5d2b2697141661579278188.pipeout and error output to file /home/alex/Repositories/hive/beeline/target/tmp/alex/4b97e91a-a125-453e-8bde-01a5bfbf5d2b5948714568882511056.pipeout
2024-04-24T08:06:01,472  INFO [4b97e91a-a125-453e-8bde-01a5bfbf5d2b main] operation.OperationManager: Adding operation: OperationHandle [opType=EXECUTE_STATEMENT, getHandleIdentifier()=3764e225-50e2-409f-a8f6-a2be2e38e6c9] SessionHandle [4b97e91a-a125-453e-8bde-01a5bfbf5d2b]
2024-04-24T08:06:01,472  INFO [4b97e91a-a125-453e-8bde-01a5bfbf5d2b main] common.LogUtils: Thread context registration is done.
DEBUG StatusLogger Building Plugin[name=filter, class=org.apache.hadoop.hive.ql.log.LogDivertAppender$NameFilter].
DEBUG StatusLogger createFilter(loggingLevel="EXECUTION")
DEBUG StatusLogger Building Plugin[name=layout, class=org.apache.logging.log4j.core.layout.PatternLayout].
DEBUG StatusLogger PatternLayout$Builder(pattern="%-5p : %m%n", PatternSelector=null, Configuration(HiveLog4j2Test), Replace=null, charset="null", alwaysWriteExceptions="null", disableAnsi="null", noConsoleNoAnsi="null", header="null", footer="null")
DEBUG StatusLogger Building Plugin[name=appender, class=org.apache.hadoop.hive.ql.log.HushableRandomAccessFileAppender].
DEBUG StatusLogger createAppender(fileName="/home/alex/Repositories/hive/beeline/target/tmp/alex/operation_logs/4b97e91a-a125-453e-8bde-01a5bfbf5d2b/alex_20240424080601_d7624e19-59de-4a22-9a65-f7b48acff507", append="null", name="query-file-appender", immediateFlush="null", bufferSize="null", ignoreExceptions="null", PatternLayout(org.apache.logging.log4j.core.layout.PatternLayout with name PatternLayout), NameFilter(org.apache.hadoop.hive.ql.log.LogDivertAppender$NameFilter with name NameFilter), advertise="null", advertiseURI="null", Configuration(HiveLog4j2Test))
DEBUG StatusLogger Starting RandomAccessFileManager /home/alex/Repositories/hive/beeline/target/tmp/alex/operation_logs/4b97e91a-a125-453e-8bde-01a5bfbf5d2b/alex_20240424080601_d7624e19-59de-4a22-9a65-f7b48acff507
DEBUG StatusLogger Building Plugin[name=, class=org.apache.hadoop.hive.ql.log.LogDivertAppenderForTest$TestFilter].
DEBUG StatusLogger createFilter()
DEBUG StatusLogger Building Plugin[name=, class=org.apache.logging.log4j.core.layout.PatternLayout].
DEBUG StatusLogger PatternLayout$Builder(pattern="%-5p : %m%n", PatternSelector=null, Configuration(HiveLog4j2Test), Replace=null, charset="null", alwaysWriteExceptions="null", disableAnsi="null", noConsoleNoAnsi="null", header="null", footer="null")
DEBUG StatusLogger Building Plugin[name=appender, class=org.apache.hadoop.hive.ql.log.HushableRandomAccessFileAppender].
DEBUG StatusLogger createAppender(fileName="/home/alex/Repositories/hive/beeline/target/tmp/alex/operation_logs/4b97e91a-a125-453e-8bde-01a5bfbf5d2b/alex_20240424080601_d7624e19-59de-4a22-9a65-f7b48acff507.test", append="null", name="test-query-file-appender", immediateFlush="null", bufferSize="null", ignoreExceptions="null", PatternLayout(org.apache.logging.log4j.core.layout.PatternLayout with name PatternLayout), test-filter(org.apache.hadoop.hive.ql.log.LogDivertAppenderForTest$TestFilter with name test-filter), advertise="null", advertiseURI="null", Configuration(HiveLog4j2Test))
DEBUG StatusLogger Starting RandomAccessFileManager /home/alex/Repositories/hive/beeline/target/tmp/alex/operation_logs/4b97e91a-a125-453e-8bde-01a5bfbf5d2b/alex_20240424080601_d7624e19-59de-4a22-9a65-f7b48acff507.test
2024-04-24T08:06:01,475  INFO [4b97e91a-a125-453e-8bde-01a5bfbf5d2b main] operation.HiveCommandOperation: [opType=EXECUTE_STATEMENT, queryId=alex_20240424080601_d7624e19-59de-4a22-9a65-f7b48acff507, startTime=1713971161471, sessionId=4b97e91a-a125-453e-8bde-01a5bfbf5d2b, createTime=1713971161398, userName=null, ipAddress=null]
2024-04-24T08:06:01,508  INFO [4b97e91a-a125-453e-8bde-01a5bfbf5d2b main] common.LogUtils: Unregistered logging context.
2024-04-24T08:06:01,510  INFO [4b97e91a-a125-453e-8bde-01a5bfbf5d2b main] operation.OperationManager: Closing operation: OperationHandle [opType=EXECUTE_STATEMENT, getHandleIdentifier()=3764e225-50e2-409f-a8f6-a2be2e38e6c9]
2024-04-24T08:06:01,510  INFO [4b97e91a-a125-453e-8bde-01a5bfbf5d2b main] operation.OperationManager: Removed queryId: alex_20240424080601_d7624e19-59de-4a22-9a65-f7b48acff507 corresponding to operation: OperationHandle [opType=EXECUTE_STATEMENT, getHandleIdentifier()=3764e225-50e2-409f-a8f6-a2be2e38e6c9] with tag: null
2024-04-24T08:06:01,511  INFO [4b97e91a-a125-453e-8bde-01a5bfbf5d2b main] operation.HiveCommandOperation: Closing operation log /home/alex/Repositories/hive/beeline/target/tmp/alex/operation_logs/4b97e91a-a125-453e-8bde-01a5bfbf5d2b/alex_20240424080601_d7624e19-59de-4a22-9a65-f7b48acff507 without delay
2024-04-24T08:06:01,513  INFO [4b97e91a-a125-453e-8bde-01a5bfbf5d2b main] session.HiveSessionImpl: executing show tables
2024-04-24T08:06:01,513  INFO [4b97e91a-a125-453e-8bde-01a5bfbf5d2b main] operation.OperationManager: Adding operation: OperationHandle [opType=EXECUTE_STATEMENT, getHandleIdentifier()=e2586d70-09e4-4268-a4f5-5bfe6343ff8d] SessionHandle [4b97e91a-a125-453e-8bde-01a5bfbf5d2b]
2024-04-24T08:06:01,514  INFO [4b97e91a-a125-453e-8bde-01a5bfbf5d2b main] common.LogUtils: Thread context registration is done.
DEBUG StatusLogger Building Plugin[name=filter, class=org.apache.hadoop.hive.ql.log.LogDivertAppender$NameFilter].
DEBUG StatusLogger createFilter(loggingLevel="EXECUTION")
DEBUG StatusLogger Building Plugin[name=layout, class=org.apache.logging.log4j.core.layout.PatternLayout].
DEBUG StatusLogger PatternLayout$Builder(pattern="%-5p : %m%n", PatternSelector=null, Configuration(HiveLog4j2Test), Replace=null, charset="null", alwaysWriteExceptions="null", disableAnsi="null", noConsoleNoAnsi="null", header="null", footer="null")
DEBUG StatusLogger Building Plugin[name=appender, class=org.apache.hadoop.hive.ql.log.HushableRandomAccessFileAppender].
DEBUG StatusLogger createAppender(fileName="/home/alex/Repositories/hive/beeline/target/tmp/alex/operation_logs/4b97e91a-a125-453e-8bde-01a5bfbf5d2b/alex_20240424080601_929242c5-73bb-4d2a-8460-c382e69f85f3", append="null", name="query-file-appender", immediateFlush="null", bufferSize="null", ignoreExceptions="null", PatternLayout(org.apache.logging.log4j.core.layout.PatternLayout with name PatternLayout), NameFilter(org.apache.hadoop.hive.ql.log.LogDivertAppender$NameFilter with name NameFilter), advertise="null", advertiseURI="null", Configuration(HiveLog4j2Test))
DEBUG StatusLogger Starting RandomAccessFileManager /home/alex/Repositories/hive/beeline/target/tmp/alex/operation_logs/4b97e91a-a125-453e-8bde-01a5bfbf5d2b/alex_20240424080601_929242c5-73bb-4d2a-8460-c382e69f85f3
DEBUG StatusLogger Building Plugin[name=, class=org.apache.hadoop.hive.ql.log.LogDivertAppenderForTest$TestFilter].
DEBUG StatusLogger createFilter()
DEBUG StatusLogger Building Plugin[name=, class=org.apache.logging.log4j.core.layout.PatternLayout].
DEBUG StatusLogger PatternLayout$Builder(pattern="%-5p : %m%n", PatternSelector=null, Configuration(HiveLog4j2Test), Replace=null, charset="null", alwaysWriteExceptions="null", disableAnsi="null", noConsoleNoAnsi="null", header="null", footer="null")
DEBUG StatusLogger Building Plugin[name=appender, class=org.apache.hadoop.hive.ql.log.HushableRandomAccessFileAppender].
DEBUG StatusLogger createAppender(fileName="/home/alex/Repositories/hive/beeline/target/tmp/alex/operation_logs/4b97e91a-a125-453e-8bde-01a5bfbf5d2b/alex_20240424080601_929242c5-73bb-4d2a-8460-c382e69f85f3.test", append="null", name="test-query-file-appender", immediateFlush="null", bufferSize="null", ignoreExceptions="null", PatternLayout(org.apache.logging.log4j.core.layout.PatternLayout with name PatternLayout), test-filter(org.apache.hadoop.hive.ql.log.LogDivertAppenderForTest$TestFilter with name test-filter), advertise="null", advertiseURI="null", Configuration(HiveLog4j2Test))
DEBUG StatusLogger Starting RandomAccessFileManager /home/alex/Repositories/hive/beeline/target/tmp/alex/operation_logs/4b97e91a-a125-453e-8bde-01a5bfbf5d2b/alex_20240424080601_929242c5-73bb-4d2a-8460-c382e69f85f3.test
2024-04-24T08:06:01,517  INFO [4b97e91a-a125-453e-8bde-01a5bfbf5d2b main] operation.SQLOperation: [opType=EXECUTE_STATEMENT, queryId=alex_20240424080601_929242c5-73bb-4d2a-8460-c382e69f85f3, startTime=1713971161513, sessionId=4b97e91a-a125-453e-8bde-01a5bfbf5d2b, createTime=1713971161398, userName=null, ipAddress=null]
2024-04-24T08:06:01,518  INFO [4b97e91a-a125-453e-8bde-01a5bfbf5d2b main] ql.Driver: Compiling command(queryId=alex_20240424080601_929242c5-73bb-4d2a-8460-c382e69f85f3): show tables
2024-04-24T08:06:01,518  INFO [4b97e91a-a125-453e-8bde-01a5bfbf5d2b main] metastore.HiveMetaStoreClient: HMS client filtering is enabled.
2024-04-24T08:06:01,519  INFO [4b97e91a-a125-453e-8bde-01a5bfbf5d2b main] metastore.HMSHandler: 0: Opening raw store with implementation class:org.apache.hadoop.hive.metastore.ObjectStore
2024-04-24T08:06:01,519  INFO [4b97e91a-a125-453e-8bde-01a5bfbf5d2b main] metastore.PersistenceManagerProvider: Configuration datanucleus.autoStartMechanismMode is not set. Defaulting to 'ignored'
2024-04-24T08:06:01,519  INFO [4b97e91a-a125-453e-8bde-01a5bfbf5d2b main] metastore.ObjectStore: RawStore: org.apache.hadoop.hive.metastore.ObjectStore@56499781, with PersistenceManager: null will be shutdown
2024-04-24T08:06:01,520  INFO [4b97e91a-a125-453e-8bde-01a5bfbf5d2b main] metastore.ObjectStore: RawStore: org.apache.hadoop.hive.metastore.ObjectStore@56499781, with PersistenceManager: org.datanucleus.api.jdo.JDOPersistenceManager@43f99817 created in the thread with id: 1
2024-04-24T08:06:01,522  INFO [4b97e91a-a125-453e-8bde-01a5bfbf5d2b main] metastore.HMSHandler: Created RawStore: org.apache.hadoop.hive.metastore.ObjectStore@56499781 from thread id: 1
2024-04-24T08:06:01,522  INFO [4b97e91a-a125-453e-8bde-01a5bfbf5d2b main] metastore.HMSHandler: HMS server filtering is disabled by configuration
2024-04-24T08:06:01,522  INFO [4b97e91a-a125-453e-8bde-01a5bfbf5d2b main] metastore.RetryingMetaStoreClient: RetryingMetaStoreClient proxy=class org.apache.hadoop.hive.ql.metadata.SessionHiveMetaStoreClient ugi=alex (auth:SIMPLE) retries=1 delay=1 lifetime=0
2024-04-24T08:06:01,525  INFO [4b97e91a-a125-453e-8bde-01a5bfbf5d2b main] HiveMetaStore.audit: ugi=alex	ip=unknown-ip-addr	cmd=get_database: default	
2024-04-24T08:06:01,527  INFO [4b97e91a-a125-453e-8bde-01a5bfbf5d2b main] ql.Driver: Semantic Analysis Completed (retrial = false)
2024-04-24T08:06:01,527  INFO [4b97e91a-a125-453e-8bde-01a5bfbf5d2b main] ql.Driver: Created Hive schema: Schema(fieldSchemas:[FieldSchema(name:tab_name, type:string, comment:from deserializer)], properties:null)
2024-04-24T08:06:01,528  INFO [4b97e91a-a125-453e-8bde-01a5bfbf5d2b main] exec.ListSinkOperator: Initializing Operator: LIST_SINK[0]
2024-04-24T08:06:01,528  INFO [4b97e91a-a125-453e-8bde-01a5bfbf5d2b main] metadata.Hive: Dumping metastore api call timing information for : compilation phase
2024-04-24T08:06:01,528  INFO [4b97e91a-a125-453e-8bde-01a5bfbf5d2b main] metadata.Hive: Total time spent in each metastore function (ms): {isCompatibleWith_(Configuration)=0, getDatabase_(String)=2, flushCache_()=0}
2024-04-24T08:06:01,528  INFO [4b97e91a-a125-453e-8bde-01a5bfbf5d2b main] ql.Driver: Completed compiling command(queryId=alex_20240424080601_929242c5-73bb-4d2a-8460-c382e69f85f3); Time taken: 0.01 seconds
2024-04-24T08:06:01,529  INFO [4b97e91a-a125-453e-8bde-01a5bfbf5d2b main] common.LogUtils: Unregistered logging context.
2024-04-24T08:06:01,529  INFO [HiveServer2-Background-Pool: Thread-415] common.LogUtils: Thread context registration is done.
2024-04-24T08:06:01,529  INFO [HiveServer2-Background-Pool: Thread-415] reexec.ReExecDriver: Execution #1 of query
2024-04-24T08:06:01,530  INFO [HiveServer2-Background-Pool: Thread-415] ql.Driver: Concurrency mode is disabled, not creating a lock manager
2024-04-24T08:06:01,530  INFO [HiveServer2-Background-Pool: Thread-415] ql.Driver: Executing command(queryId=alex_20240424080601_929242c5-73bb-4d2a-8460-c382e69f85f3): show tables
2024-04-24T08:06:01,530  INFO [HiveServer2-Background-Pool: Thread-415] ql.Driver: Starting task [Stage-0:DDL] in serial mode
2024-04-24T08:06:01,531  INFO [HiveServer2-Background-Pool: Thread-415] HiveMetaStore.audit: ugi=alex	ip=unknown-ip-addr	cmd=get_database: default	
2024-04-24T08:06:01,532  INFO [HiveServer2-Background-Pool: Thread-415] metastore.HMSHandler: 22: Opening raw store with implementation class:org.apache.hadoop.hive.metastore.ObjectStore
2024-04-24T08:06:01,532  INFO [HiveServer2-Background-Pool: Thread-415] metastore.ObjectStore: RawStore: org.apache.hadoop.hive.metastore.ObjectStore@1fb3a3e7, with PersistenceManager: null will be shutdown
2024-04-24T08:06:01,533  INFO [HiveServer2-Background-Pool: Thread-415] metastore.ObjectStore: RawStore: org.apache.hadoop.hive.metastore.ObjectStore@1fb3a3e7, with PersistenceManager: org.datanucleus.api.jdo.JDOPersistenceManager@5ab12e75 created in the thread with id: 415
2024-04-24T08:06:01,535  INFO [HiveServer2-Background-Pool: Thread-415] metastore.HMSHandler: Created RawStore: org.apache.hadoop.hive.metastore.ObjectStore@1fb3a3e7 from thread id: 415
2024-04-24T08:06:01,537  INFO [HiveServer2-Background-Pool: Thread-415] HiveMetaStore.audit: ugi=alex	ip=unknown-ip-addr	cmd=get_multi_table : db=default tbls=null	
2024-04-24T08:06:01,540  INFO [HiveServer2-Background-Pool: Thread-415] sqlstd.SQLStdHiveAccessController: Created SQLStdHiveAccessController for session context : HiveAuthzSessionContext [sessionString=4b97e91a-a125-453e-8bde-01a5bfbf5d2b, clientType=HIVESERVER2]
2024-04-24T08:06:01,548  INFO [HiveServer2-Background-Pool: Thread-415] metadata.Hive: Dumping metastore api call timing information for : execution phase
2024-04-24T08:06:01,548  INFO [HiveServer2-Background-Pool: Thread-415] metadata.Hive: Total time spent in each metastore function (ms): {isCompatibleWith_(Configuration)=1, getDatabase_(String)=5, getTables_(String, String)=4}
2024-04-24T08:06:01,548  INFO [HiveServer2-Background-Pool: Thread-415] ql.Driver: Completed executing command(queryId=alex_20240424080601_929242c5-73bb-4d2a-8460-c382e69f85f3); Time taken: 0.018 seconds
2024-04-24T08:06:01,548  INFO [HiveServer2-Background-Pool: Thread-415] common.LogUtils: Unregistered logging context.
2024-04-24T08:06:01,551  INFO [4b97e91a-a125-453e-8bde-01a5bfbf5d2b main] operation.OperationManager: Closing operation: OperationHandle [opType=EXECUTE_STATEMENT, getHandleIdentifier()=e2586d70-09e4-4268-a4f5-5bfe6343ff8d]
2024-04-24T08:06:01,551  INFO [4b97e91a-a125-453e-8bde-01a5bfbf5d2b main] operation.OperationManager: Removed queryId: alex_20240424080601_929242c5-73bb-4d2a-8460-c382e69f85f3 corresponding to operation: OperationHandle [opType=EXECUTE_STATEMENT, getHandleIdentifier()=e2586d70-09e4-4268-a4f5-5bfe6343ff8d] with tag: null
2024-04-24T08:06:01,551  INFO [4b97e91a-a125-453e-8bde-01a5bfbf5d2b main] ql.Context: Deleting scratch dir: file:/home/alex/Repositories/hive/beeline/target/tmp/alex/4b97e91a-a125-453e-8bde-01a5bfbf5d2b/hive_2024-04-24_08-06-01_517_7584581987175146045-1
2024-04-24T08:06:01,551  INFO [4b97e91a-a125-453e-8bde-01a5bfbf5d2b main] cleanup.EventualCleanupService: Delete file:/home/alex/Repositories/hive/beeline/target/tmp/alex/4b97e91a-a125-453e-8bde-01a5bfbf5d2b/hive_2024-04-24_08-06-01_517_7584581987175146045-1 operation was queued
2024-04-24T08:06:01,551  INFO [4b97e91a-a125-453e-8bde-01a5bfbf5d2b main] exec.ListSinkOperator: Closing Operator: LIST_SINK[0]
2024-04-24T08:06:01,551  INFO [4b97e91a-a125-453e-8bde-01a5bfbf5d2b main] exec.ListSinkOperator: RECORDS_OUT_INTERMEDIATE:0, RECORDS_OUT_OPERATOR_LIST_SINK_0:0, 
2024-04-24T08:06:01,551  INFO [4b97e91a-a125-453e-8bde-01a5bfbf5d2b main] operation.SQLOperation: Closing operation log /home/alex/Repositories/hive/beeline/target/tmp/alex/operation_logs/4b97e91a-a125-453e-8bde-01a5bfbf5d2b/alex_20240424080601_929242c5-73bb-4d2a-8460-c382e69f85f3 without delay
2024-04-24T08:06:01,551  INFO [main] service.CompositeService: Session closed, SessionHandle [4b97e91a-a125-453e-8bde-01a5bfbf5d2b], current sessions:0
2024-04-24T08:06:01,551  INFO [EventualCleanupService thread 0] cleanup.EventualCleanupService: Deleted file:/home/alex/Repositories/hive/beeline/target/tmp/alex/4b97e91a-a125-453e-8bde-01a5bfbf5d2b/hive_2024-04-24_08-06-01_517_7584581987175146045-1
2024-04-24T08:06:01,552  INFO [4b97e91a-a125-453e-8bde-01a5bfbf5d2b main] session.HiveSessionImpl: Operation log session directory is deleted: /home/alex/Repositories/hive/beeline/target/tmp/alex/operation_logs/4b97e91a-a125-453e-8bde-01a5bfbf5d2b
2024-04-24T08:06:01,552  INFO [main] cleanup.EventualCleanupService: Delete /tmp/hive/alex/4b97e91a-a125-453e-8bde-01a5bfbf5d2b operation was queued
2024-04-24T08:06:01,552  INFO [main] cleanup.EventualCleanupService: Delete /home/alex/Repositories/hive/beeline/target/tmp/alex/4b97e91a-a125-453e-8bde-01a5bfbf5d2b operation was queued
2024-04-24T08:06:01,553  INFO [EventualCleanupService thread 2] cleanup.EventualCleanupService: Deleted /home/alex/Repositories/hive/beeline/target/tmp/alex/4b97e91a-a125-453e-8bde-01a5bfbf5d2b
2024-04-24T08:06:01,553  INFO [EventualCleanupService thread 1] cleanup.EventualCleanupService: Deleted /tmp/hive/alex/4b97e91a-a125-453e-8bde-01a5bfbf5d2b
2024-04-24T08:06:01,553  INFO [main] HiveMetaStore.audit: ugi=alex	ip=unknown-ip-addr	cmd=Cleaning up thread local RawStore...	
2024-04-24T08:06:01,554  INFO [main] metastore.ObjectStore: RawStore: org.apache.hadoop.hive.metastore.ObjectStore@56499781, with PersistenceManager: org.datanucleus.api.jdo.JDOPersistenceManager@43f99817 will be shutdown
2024-04-24T08:06:01,554  INFO [main] HiveMetaStore.audit: ugi=alex	ip=unknown-ip-addr	cmd=Done cleaning up thread local RawStore	
2024-04-24T08:06:01,554  INFO [main] metastore.HiveMetaStoreClient: Closed a connection to metastore, current connections: -25
2024-04-24T08:06:01,554 ERROR [main] cli.TestHiveCli: Failed due to the error:Connecting to jdbc:hive2://
Hive Session ID = c8b4091b-73bf-4cdc-a4f3-af2bf18e5975
ivysettings.xml file not found in HIVE_HOME or HIVE_CONF_DIR,/home/alex/Repositories/hive/conf/ivysettings.xml will be used
ivysettings.xml file not found in HIVE_HOME or HIVE_CONF_DIR,/home/alex/Repositories/hive/conf/ivysettings.xml will be used
Connected to: Apache Hive (version 4.0.0-SNAPSHOT)
Error: Couldn't load manifest attributes. (state=,code=0)
Transaction isolation: TRANSACTION_REPEATABLE_READ
INFO  : Compiling command(queryId=alex_20240424080601_929242c5-73bb-4d2a-8460-c382e69f85f3): show tables
INFO  : Semantic Analysis Completed (retrial = false)
INFO  : Created Hive schema: Schema(fieldSchemas:[FieldSchema(name:tab_name, type:string, comment:from deserializer)], properties:null)
INFO  : Completed compiling command(queryId=alex_20240424080601_929242c5-73bb-4d2a-8460-c382e69f85f3); Time taken: 0.01 seconds
INFO  : Concurrency mode is disabled, not creating a lock manager
INFO  : Executing command(queryId=alex_20240424080601_929242c5-73bb-4d2a-8460-c382e69f85f3): show tables
INFO  : Starting task [Stage-0:DDL] in serial mode
DEBUG : Task getting executed using mapred tag : alex_20240424080601_929242c5-73bb-4d2a-8460-c382e69f85f3,userid=null
INFO  : Completed executing command(queryId=alex_20240424080601_929242c5-73bb-4d2a-8460-c382e69f85f3); Time taken: 0.018 seconds
DEBUG : Shutting down query show tables
Error: Failed to wait for operation to complete (state=08S01,code=0)
Closing: 0: jdbc:hive2://

]]></system-err>
  </testcase>
  <testcase name="testUseInvalidDB" classname="org.apache.hive.beeline.cli.TestHiveCli" time="0.28"/>
  <testcase name="testErrOutput" classname="org.apache.hive.beeline.cli.TestHiveCli" time="0.224"/>
  <testcase name="testSqlFromCmdWithComments1" classname="org.apache.hive.beeline.cli.TestHiveCli" time="0.22">
    <failure type="java.lang.AssertionError"><![CDATA[java.lang.AssertionError: Supported return code is 0 while the actual is 1
	at org.junit.Assert.fail(Assert.java:89)
	at org.apache.hive.beeline.cli.TestHiveCli.executeCMD(TestHiveCli.java:256)
	at org.apache.hive.beeline.cli.TestHiveCli.verifyCMD(TestHiveCli.java:266)
	at org.apache.hive.beeline.cli.TestHiveCli.testSqlFromCmdWithComments1(TestHiveCli.java:150)
	at sun.reflect.NativeMethodAccessorImpl.invoke0(Native Method)
	at sun.reflect.NativeMethodAccessorImpl.invoke(NativeMethodAccessorImpl.java:62)
	at sun.reflect.DelegatingMethodAccessorImpl.invoke(DelegatingMethodAccessorImpl.java:43)
	at java.lang.reflect.Method.invoke(Method.java:498)
	at org.junit.runners.model.FrameworkMethod$1.runReflectiveCall(FrameworkMethod.java:59)
	at org.junit.internal.runners.model.ReflectiveCallable.run(ReflectiveCallable.java:12)
	at org.junit.runners.model.FrameworkMethod.invokeExplosively(FrameworkMethod.java:56)
	at org.junit.internal.runners.statements.InvokeMethod.evaluate(InvokeMethod.java:17)
	at org.junit.internal.runners.statements.RunBefores.evaluate(RunBefores.java:26)
	at org.junit.internal.runners.statements.RunAfters.evaluate(RunAfters.java:27)
	at org.junit.runners.ParentRunner$3.evaluate(ParentRunner.java:306)
	at org.junit.runners.BlockJUnit4ClassRunner$1.evaluate(BlockJUnit4ClassRunner.java:100)
	at org.junit.runners.ParentRunner.runLeaf(ParentRunner.java:366)
	at org.junit.runners.BlockJUnit4ClassRunner.runChild(BlockJUnit4ClassRunner.java:103)
	at org.junit.runners.BlockJUnit4ClassRunner.runChild(BlockJUnit4ClassRunner.java:63)
	at org.junit.runners.ParentRunner$4.run(ParentRunner.java:331)
	at org.junit.runners.ParentRunner$1.schedule(ParentRunner.java:79)
	at org.junit.runners.ParentRunner.runChildren(ParentRunner.java:329)
	at org.junit.runners.ParentRunner.access$100(ParentRunner.java:66)
	at org.junit.runners.ParentRunner$2.evaluate(ParentRunner.java:293)
	at org.junit.internal.runners.statements.RunBefores.evaluate(RunBefores.java:26)
	at org.junit.runners.ParentRunner$3.evaluate(ParentRunner.java:306)
	at org.junit.runners.ParentRunner.run(ParentRunner.java:413)
	at org.junit.runner.JUnitCore.run(JUnitCore.java:137)
	at org.junit.runner.JUnitCore.run(JUnitCore.java:115)
	at org.junit.vintage.engine.execution.RunnerExecutor.execute(RunnerExecutor.java:43)
	at java.util.stream.ForEachOps$ForEachOp$OfRef.accept(ForEachOps.java:183)
	at java.util.stream.ReferencePipeline$3$1.accept(ReferencePipeline.java:193)
	at java.util.Iterator.forEachRemaining(Iterator.java:116)
	at java.util.Spliterators$IteratorSpliterator.forEachRemaining(Spliterators.java:1801)
	at java.util.stream.AbstractPipeline.copyInto(AbstractPipeline.java:482)
	at java.util.stream.AbstractPipeline.wrapAndCopyInto(AbstractPipeline.java:472)
	at java.util.stream.ForEachOps$ForEachOp.evaluateSequential(ForEachOps.java:150)
	at java.util.stream.ForEachOps$ForEachOp$OfRef.evaluateSequential(ForEachOps.java:173)
	at java.util.stream.AbstractPipeline.evaluate(AbstractPipeline.java:234)
	at java.util.stream.ReferencePipeline.forEach(ReferencePipeline.java:485)
	at org.junit.vintage.engine.VintageTestEngine.executeAllChildren(VintageTestEngine.java:82)
	at org.junit.vintage.engine.VintageTestEngine.execute(VintageTestEngine.java:73)
	at org.junit.platform.launcher.core.DefaultLauncher.execute(DefaultLauncher.java:248)
	at org.junit.platform.launcher.core.DefaultLauncher.lambda$execute$5(DefaultLauncher.java:211)
	at org.junit.platform.launcher.core.DefaultLauncher.withInterceptedStreams(DefaultLauncher.java:226)
	at org.junit.platform.launcher.core.DefaultLauncher.execute(DefaultLauncher.java:199)
	at org.junit.platform.launcher.core.DefaultLauncher.execute(DefaultLauncher.java:132)
	at org.apache.maven.surefire.junitplatform.JUnitPlatformProvider.invokeAllTests(JUnitPlatformProvider.java:154)
	at org.apache.maven.surefire.junitplatform.JUnitPlatformProvider.invoke(JUnitPlatformProvider.java:123)
	at org.apache.maven.surefire.booter.ForkedBooter.runSuitesInProcess(ForkedBooter.java:377)
	at org.apache.maven.surefire.booter.ForkedBooter.execute(ForkedBooter.java:138)
	at org.apache.maven.surefire.booter.ForkedBooter.run(ForkedBooter.java:465)
	at org.apache.maven.surefire.booter.ForkedBooter.main(ForkedBooter.java:451)
]]></failure>
    <system-err><![CDATA[2024-04-24T08:06:02,060 ERROR [main] cli.TestHiveCli: Failed to execute command due to the error: java.lang.NullPointerException: Null output stream
2024-04-24T08:06:02,107  WARN [main] conf.HiveConf: HiveConf of name hive.dummyparam.test.server.specific.config.override does not exist
2024-04-24T08:06:02,107  WARN [main] conf.HiveConf: HiveConf of name hive.dummyparam.test.server.specific.config.hiveserver2site does not exist
2024-04-24T08:06:02,108  WARN [main] conf.HiveConf: HiveConf of name hive.dummyparam.test.server.specific.config.metastoresite does not exist
2024-04-24T08:06:02,108  INFO [main] SessionState: Hive Session ID = 4b06bca5-0eac-4044-a0ee-6cb3f56a5210
2024-04-24T08:06:02,109  INFO [main] DependencyResolver: ivysettings.xml file not found in HIVE_HOME or HIVE_CONF_DIR,/home/alex/Repositories/hive/conf/ivysettings.xml will be used
2024-04-24T08:06:02,116  INFO [main] session.SessionState: Created HDFS directory: /tmp/hive/alex/4b06bca5-0eac-4044-a0ee-6cb3f56a5210
2024-04-24T08:06:02,120  INFO [main] session.SessionState: Created local directory: /home/alex/Repositories/hive/beeline/target/tmp/alex/4b06bca5-0eac-4044-a0ee-6cb3f56a5210
2024-04-24T08:06:02,123  INFO [main] session.SessionState: Created HDFS directory: /tmp/hive/alex/4b06bca5-0eac-4044-a0ee-6cb3f56a5210/_tmp_space.db
2024-04-24T08:06:02,123  INFO [main] sqlstd.SQLStdHiveAccessController: Created SQLStdHiveAccessController for session context : HiveAuthzSessionContext [sessionString=4b06bca5-0eac-4044-a0ee-6cb3f56a5210, clientType=HIVESERVER2]
2024-04-24T08:06:02,124  INFO [main] metastore.HiveMetaStoreClient: HMS client filtering is enabled.
2024-04-24T08:06:02,125  INFO [main] metastore.HMSHandler: 0: Opening raw store with implementation class:org.apache.hadoop.hive.metastore.ObjectStore
2024-04-24T08:06:02,125  INFO [main] metastore.PersistenceManagerProvider: Configuration datanucleus.autoStartMechanismMode is not set. Defaulting to 'ignored'
2024-04-24T08:06:02,126  INFO [main] metastore.ObjectStore: RawStore: org.apache.hadoop.hive.metastore.ObjectStore@2bc2e022, with PersistenceManager: null will be shutdown
2024-04-24T08:06:02,126  INFO [main] metastore.ObjectStore: RawStore: org.apache.hadoop.hive.metastore.ObjectStore@2bc2e022, with PersistenceManager: org.datanucleus.api.jdo.JDOPersistenceManager@2210e466 created in the thread with id: 1
2024-04-24T08:06:02,129  INFO [main] metastore.HMSHandler: Created RawStore: org.apache.hadoop.hive.metastore.ObjectStore@2bc2e022 from thread id: 1
2024-04-24T08:06:02,129  INFO [main] metastore.HMSHandler: HMS server filtering is disabled by configuration
2024-04-24T08:06:02,129  INFO [main] metastore.RetryingMetaStoreClient: RetryingMetaStoreClient proxy=class org.apache.hadoop.hive.ql.metadata.SessionHiveMetaStoreClient ugi=alex (auth:SIMPLE) retries=1 delay=1 lifetime=0
2024-04-24T08:06:02,129  INFO [main] service.CompositeService: Operation log root directory is created: /home/alex/Repositories/hive/beeline/target/tmp/alex/operation_logs
2024-04-24T08:06:02,129  INFO [main] service.CompositeService: HiveServer2: Background operation thread pool size: 100
2024-04-24T08:06:02,129  INFO [main] service.CompositeService: HiveServer2: Background operation thread wait queue size: 100
2024-04-24T08:06:02,129  INFO [main] service.CompositeService: HiveServer2: Background operation thread keepalive time: 10 seconds
2024-04-24T08:06:02,129  INFO [main] service.CompositeService: Connections limit are user: 0 ipaddress: 0 user-ipaddress: 0
2024-04-24T08:06:02,131  INFO [main] cleanup.EventualCleanupService: EventualCleanupService started with 10 threads and queue of size 10000
ERROR StatusLogger Log4j2 ConfigurationScheduler attempted to increment scheduled items after start
ERROR StatusLogger Log4j2 ConfigurationScheduler attempted to increment scheduled items after start
2024-04-24T08:06:02,132  INFO [main] service.AbstractService: Service:OperationManager is inited.
2024-04-24T08:06:02,132  INFO [main] service.AbstractService: Service:SessionManager is inited.
2024-04-24T08:06:02,132  INFO [main] service.AbstractService: Service:CLIService is inited.
2024-04-24T08:06:02,132  INFO [main] service.AbstractService: Service:OperationManager is started.
2024-04-24T08:06:02,132  INFO [main] service.AbstractService: Service:SessionManager is started.
2024-04-24T08:06:02,133  INFO [main] service.AbstractService: Service:CLIService is started.
2024-04-24T08:06:02,133  INFO [main] service.AbstractService: Service:ThriftBinaryCLIService is inited.
2024-04-24T08:06:02,133  INFO [main] thrift.ThriftCLIService: Client protocol version: HIVE_CLI_SERVICE_PROTOCOL_V10
2024-04-24T08:06:02,133  INFO [main] thrift.ThriftCLIService: Creating Hive session handle for user [null] from IP null
2024-04-24T08:06:02,134  INFO [main] DependencyResolver: ivysettings.xml file not found in HIVE_HOME or HIVE_CONF_DIR,/home/alex/Repositories/hive/conf/ivysettings.xml will be used
2024-04-24T08:06:02,142  INFO [main] session.SessionState: Created HDFS directory: /tmp/hive/alex/8f75a080-03ee-42da-8808-f63fa4a65b2a
2024-04-24T08:06:02,145  INFO [main] session.SessionState: Created local directory: /home/alex/Repositories/hive/beeline/target/tmp/alex/8f75a080-03ee-42da-8808-f63fa4a65b2a
2024-04-24T08:06:02,148  INFO [main] session.SessionState: Created HDFS directory: /tmp/hive/alex/8f75a080-03ee-42da-8808-f63fa4a65b2a/_tmp_space.db
2024-04-24T08:06:02,149  INFO [main] session.SessionState: Reloading auxiliary JAR files
2024-04-24T08:06:02,149  WARN [main] session.SessionState: Configuration hive.reloadable.aux.jars.path not specified
2024-04-24T08:06:02,149  INFO [main] HiveMetaStore.audit: ugi=alex	ip=unknown-ip-addr	cmd=Cleaning up thread local RawStore...	
2024-04-24T08:06:02,149  INFO [main] metastore.ObjectStore: RawStore: org.apache.hadoop.hive.metastore.ObjectStore@2bc2e022, with PersistenceManager: org.datanucleus.api.jdo.JDOPersistenceManager@2210e466 will be shutdown
2024-04-24T08:06:02,149  INFO [main] HiveMetaStore.audit: ugi=alex	ip=unknown-ip-addr	cmd=Done cleaning up thread local RawStore	
2024-04-24T08:06:02,149  INFO [main] metastore.HiveMetaStoreClient: Closed a connection to metastore, current connections: -30
2024-04-24T08:06:02,149  INFO [main] session.HiveSessionImpl: Operation log session directory is created: /home/alex/Repositories/hive/beeline/target/tmp/alex/operation_logs/8f75a080-03ee-42da-8808-f63fa4a65b2a
2024-04-24T08:06:02,149  INFO [main] service.CompositeService: Session opened, SessionHandle [8f75a080-03ee-42da-8808-f63fa4a65b2a], current sessions:1
2024-04-24T08:06:02,149  INFO [main] thrift.ThriftCLIService: Login attempt is successful for user : null
2024-04-24T08:06:02,213  WARN [main] conf.HiveConf: HiveConf of name hive.dummyparam.test.server.specific.config.override does not exist
2024-04-24T08:06:02,213  WARN [main] conf.HiveConf: HiveConf of name hive.dummyparam.test.server.specific.config.hiveserver2site does not exist
2024-04-24T08:06:02,213  WARN [main] conf.HiveConf: HiveConf of name hive.dummyparam.test.server.specific.config.metastoresite does not exist
2024-04-24T08:06:02,213  INFO [8f75a080-03ee-42da-8808-f63fa4a65b2a main] session.HiveSessionImpl: executing set
2024-04-24T08:06:02,214  INFO [8f75a080-03ee-42da-8808-f63fa4a65b2a main] operation.HiveCommandOperation: Putting temp output to file /home/alex/Repositories/hive/beeline/target/tmp/alex/8f75a080-03ee-42da-8808-f63fa4a65b2a2864042890294486577.pipeout and error output to file /home/alex/Repositories/hive/beeline/target/tmp/alex/8f75a080-03ee-42da-8808-f63fa4a65b2a6141126929235802350.pipeout
2024-04-24T08:06:02,214  INFO [8f75a080-03ee-42da-8808-f63fa4a65b2a main] operation.OperationManager: Adding operation: OperationHandle [opType=EXECUTE_STATEMENT, getHandleIdentifier()=b0dc982f-0bf2-46ec-8434-622d89bc75cd] SessionHandle [8f75a080-03ee-42da-8808-f63fa4a65b2a]
2024-04-24T08:06:02,214  INFO [8f75a080-03ee-42da-8808-f63fa4a65b2a main] common.LogUtils: Thread context registration is done.
DEBUG StatusLogger Building Plugin[name=filter, class=org.apache.hadoop.hive.ql.log.LogDivertAppender$NameFilter].
DEBUG StatusLogger createFilter(loggingLevel="EXECUTION")
DEBUG StatusLogger Building Plugin[name=layout, class=org.apache.logging.log4j.core.layout.PatternLayout].
DEBUG StatusLogger PatternLayout$Builder(pattern="%-5p : %m%n", PatternSelector=null, Configuration(HiveLog4j2Test), Replace=null, charset="null", alwaysWriteExceptions="null", disableAnsi="null", noConsoleNoAnsi="null", header="null", footer="null")
DEBUG StatusLogger Building Plugin[name=appender, class=org.apache.hadoop.hive.ql.log.HushableRandomAccessFileAppender].
DEBUG StatusLogger createAppender(fileName="/home/alex/Repositories/hive/beeline/target/tmp/alex/operation_logs/8f75a080-03ee-42da-8808-f63fa4a65b2a/alex_20240424080602_d75a89ef-84e3-48e2-bf53-b24bfd285bc2", append="null", name="query-file-appender", immediateFlush="null", bufferSize="null", ignoreExceptions="null", PatternLayout(org.apache.logging.log4j.core.layout.PatternLayout with name PatternLayout), NameFilter(org.apache.hadoop.hive.ql.log.LogDivertAppender$NameFilter with name NameFilter), advertise="null", advertiseURI="null", Configuration(HiveLog4j2Test))
DEBUG StatusLogger Starting RandomAccessFileManager /home/alex/Repositories/hive/beeline/target/tmp/alex/operation_logs/8f75a080-03ee-42da-8808-f63fa4a65b2a/alex_20240424080602_d75a89ef-84e3-48e2-bf53-b24bfd285bc2
DEBUG StatusLogger Building Plugin[name=, class=org.apache.hadoop.hive.ql.log.LogDivertAppenderForTest$TestFilter].
DEBUG StatusLogger createFilter()
DEBUG StatusLogger Building Plugin[name=, class=org.apache.logging.log4j.core.layout.PatternLayout].
DEBUG StatusLogger PatternLayout$Builder(pattern="%-5p : %m%n", PatternSelector=null, Configuration(HiveLog4j2Test), Replace=null, charset="null", alwaysWriteExceptions="null", disableAnsi="null", noConsoleNoAnsi="null", header="null", footer="null")
DEBUG StatusLogger Building Plugin[name=appender, class=org.apache.hadoop.hive.ql.log.HushableRandomAccessFileAppender].
DEBUG StatusLogger createAppender(fileName="/home/alex/Repositories/hive/beeline/target/tmp/alex/operation_logs/8f75a080-03ee-42da-8808-f63fa4a65b2a/alex_20240424080602_d75a89ef-84e3-48e2-bf53-b24bfd285bc2.test", append="null", name="test-query-file-appender", immediateFlush="null", bufferSize="null", ignoreExceptions="null", PatternLayout(org.apache.logging.log4j.core.layout.PatternLayout with name PatternLayout), test-filter(org.apache.hadoop.hive.ql.log.LogDivertAppenderForTest$TestFilter with name test-filter), advertise="null", advertiseURI="null", Configuration(HiveLog4j2Test))
DEBUG StatusLogger Starting RandomAccessFileManager /home/alex/Repositories/hive/beeline/target/tmp/alex/operation_logs/8f75a080-03ee-42da-8808-f63fa4a65b2a/alex_20240424080602_d75a89ef-84e3-48e2-bf53-b24bfd285bc2.test
2024-04-24T08:06:02,218  INFO [8f75a080-03ee-42da-8808-f63fa4a65b2a main] operation.HiveCommandOperation: [opType=EXECUTE_STATEMENT, queryId=alex_20240424080602_d75a89ef-84e3-48e2-bf53-b24bfd285bc2, startTime=1713971162214, sessionId=8f75a080-03ee-42da-8808-f63fa4a65b2a, createTime=1713971162133, userName=null, ipAddress=null]
2024-04-24T08:06:02,228  INFO [8f75a080-03ee-42da-8808-f63fa4a65b2a main] common.LogUtils: Unregistered logging context.
2024-04-24T08:06:02,230  INFO [8f75a080-03ee-42da-8808-f63fa4a65b2a main] operation.OperationManager: Closing operation: OperationHandle [opType=EXECUTE_STATEMENT, getHandleIdentifier()=b0dc982f-0bf2-46ec-8434-622d89bc75cd]
2024-04-24T08:06:02,230  INFO [8f75a080-03ee-42da-8808-f63fa4a65b2a main] operation.OperationManager: Removed queryId: alex_20240424080602_d75a89ef-84e3-48e2-bf53-b24bfd285bc2 corresponding to operation: OperationHandle [opType=EXECUTE_STATEMENT, getHandleIdentifier()=b0dc982f-0bf2-46ec-8434-622d89bc75cd] with tag: null
2024-04-24T08:06:02,231  INFO [8f75a080-03ee-42da-8808-f63fa4a65b2a main] operation.HiveCommandOperation: Closing operation log /home/alex/Repositories/hive/beeline/target/tmp/alex/operation_logs/8f75a080-03ee-42da-8808-f63fa4a65b2a/alex_20240424080602_d75a89ef-84e3-48e2-bf53-b24bfd285bc2 without delay
2024-04-24T08:06:02,232  INFO [8f75a080-03ee-42da-8808-f63fa4a65b2a main] session.HiveSessionImpl: executing show databases
2024-04-24T08:06:02,233  INFO [8f75a080-03ee-42da-8808-f63fa4a65b2a main] operation.OperationManager: Adding operation: OperationHandle [opType=EXECUTE_STATEMENT, getHandleIdentifier()=3f057114-679c-4dac-8024-7c018e0fa6c4] SessionHandle [8f75a080-03ee-42da-8808-f63fa4a65b2a]
2024-04-24T08:06:02,233  INFO [8f75a080-03ee-42da-8808-f63fa4a65b2a main] common.LogUtils: Thread context registration is done.
DEBUG StatusLogger Building Plugin[name=filter, class=org.apache.hadoop.hive.ql.log.LogDivertAppender$NameFilter].
DEBUG StatusLogger createFilter(loggingLevel="EXECUTION")
DEBUG StatusLogger Building Plugin[name=layout, class=org.apache.logging.log4j.core.layout.PatternLayout].
DEBUG StatusLogger PatternLayout$Builder(pattern="%-5p : %m%n", PatternSelector=null, Configuration(HiveLog4j2Test), Replace=null, charset="null", alwaysWriteExceptions="null", disableAnsi="null", noConsoleNoAnsi="null", header="null", footer="null")
DEBUG StatusLogger Building Plugin[name=appender, class=org.apache.hadoop.hive.ql.log.HushableRandomAccessFileAppender].
DEBUG StatusLogger createAppender(fileName="/home/alex/Repositories/hive/beeline/target/tmp/alex/operation_logs/8f75a080-03ee-42da-8808-f63fa4a65b2a/alex_20240424080602_454d1e96-9e65-46c4-9b44-0e7d98bebc7e", append="null", name="query-file-appender", immediateFlush="null", bufferSize="null", ignoreExceptions="null", PatternLayout(org.apache.logging.log4j.core.layout.PatternLayout with name PatternLayout), NameFilter(org.apache.hadoop.hive.ql.log.LogDivertAppender$NameFilter with name NameFilter), advertise="null", advertiseURI="null", Configuration(HiveLog4j2Test))
DEBUG StatusLogger Starting RandomAccessFileManager /home/alex/Repositories/hive/beeline/target/tmp/alex/operation_logs/8f75a080-03ee-42da-8808-f63fa4a65b2a/alex_20240424080602_454d1e96-9e65-46c4-9b44-0e7d98bebc7e
DEBUG StatusLogger Building Plugin[name=, class=org.apache.hadoop.hive.ql.log.LogDivertAppenderForTest$TestFilter].
DEBUG StatusLogger createFilter()
DEBUG StatusLogger Building Plugin[name=, class=org.apache.logging.log4j.core.layout.PatternLayout].
DEBUG StatusLogger PatternLayout$Builder(pattern="%-5p : %m%n", PatternSelector=null, Configuration(HiveLog4j2Test), Replace=null, charset="null", alwaysWriteExceptions="null", disableAnsi="null", noConsoleNoAnsi="null", header="null", footer="null")
DEBUG StatusLogger Building Plugin[name=appender, class=org.apache.hadoop.hive.ql.log.HushableRandomAccessFileAppender].
DEBUG StatusLogger createAppender(fileName="/home/alex/Repositories/hive/beeline/target/tmp/alex/operation_logs/8f75a080-03ee-42da-8808-f63fa4a65b2a/alex_20240424080602_454d1e96-9e65-46c4-9b44-0e7d98bebc7e.test", append="null", name="test-query-file-appender", immediateFlush="null", bufferSize="null", ignoreExceptions="null", PatternLayout(org.apache.logging.log4j.core.layout.PatternLayout with name PatternLayout), test-filter(org.apache.hadoop.hive.ql.log.LogDivertAppenderForTest$TestFilter with name test-filter), advertise="null", advertiseURI="null", Configuration(HiveLog4j2Test))
DEBUG StatusLogger Starting RandomAccessFileManager /home/alex/Repositories/hive/beeline/target/tmp/alex/operation_logs/8f75a080-03ee-42da-8808-f63fa4a65b2a/alex_20240424080602_454d1e96-9e65-46c4-9b44-0e7d98bebc7e.test
2024-04-24T08:06:02,237  INFO [8f75a080-03ee-42da-8808-f63fa4a65b2a main] operation.SQLOperation: [opType=EXECUTE_STATEMENT, queryId=alex_20240424080602_454d1e96-9e65-46c4-9b44-0e7d98bebc7e, startTime=1713971162233, sessionId=8f75a080-03ee-42da-8808-f63fa4a65b2a, createTime=1713971162133, userName=null, ipAddress=null]
2024-04-24T08:06:02,238  INFO [8f75a080-03ee-42da-8808-f63fa4a65b2a main] ql.Driver: Compiling command(queryId=alex_20240424080602_454d1e96-9e65-46c4-9b44-0e7d98bebc7e): show databases
2024-04-24T08:06:02,239  INFO [8f75a080-03ee-42da-8808-f63fa4a65b2a main] metastore.HiveMetaStoreClient: HMS client filtering is enabled.
2024-04-24T08:06:02,240  INFO [8f75a080-03ee-42da-8808-f63fa4a65b2a main] metastore.HMSHandler: 0: Opening raw store with implementation class:org.apache.hadoop.hive.metastore.ObjectStore
2024-04-24T08:06:02,240  INFO [8f75a080-03ee-42da-8808-f63fa4a65b2a main] metastore.PersistenceManagerProvider: Configuration datanucleus.autoStartMechanismMode is not set. Defaulting to 'ignored'
2024-04-24T08:06:02,240  INFO [8f75a080-03ee-42da-8808-f63fa4a65b2a main] metastore.ObjectStore: RawStore: org.apache.hadoop.hive.metastore.ObjectStore@785d6a98, with PersistenceManager: null will be shutdown
2024-04-24T08:06:02,240  INFO [8f75a080-03ee-42da-8808-f63fa4a65b2a main] metastore.ObjectStore: RawStore: org.apache.hadoop.hive.metastore.ObjectStore@785d6a98, with PersistenceManager: org.datanucleus.api.jdo.JDOPersistenceManager@614d7fbf created in the thread with id: 1
2024-04-24T08:06:02,243  INFO [8f75a080-03ee-42da-8808-f63fa4a65b2a main] metastore.HMSHandler: Created RawStore: org.apache.hadoop.hive.metastore.ObjectStore@785d6a98 from thread id: 1
2024-04-24T08:06:02,243  INFO [8f75a080-03ee-42da-8808-f63fa4a65b2a main] metastore.HMSHandler: HMS server filtering is disabled by configuration
2024-04-24T08:06:02,243  INFO [8f75a080-03ee-42da-8808-f63fa4a65b2a main] metastore.RetryingMetaStoreClient: RetryingMetaStoreClient proxy=class org.apache.hadoop.hive.ql.metadata.SessionHiveMetaStoreClient ugi=alex (auth:SIMPLE) retries=1 delay=1 lifetime=0
2024-04-24T08:06:02,247  INFO [8f75a080-03ee-42da-8808-f63fa4a65b2a main] ql.Driver: Semantic Analysis Completed (retrial = false)
2024-04-24T08:06:02,247  INFO [8f75a080-03ee-42da-8808-f63fa4a65b2a main] ql.Driver: Created Hive schema: Schema(fieldSchemas:[FieldSchema(name:database_name, type:string, comment:from deserializer)], properties:null)
2024-04-24T08:06:02,247  INFO [8f75a080-03ee-42da-8808-f63fa4a65b2a main] exec.ListSinkOperator: Initializing Operator: LIST_SINK[0]
2024-04-24T08:06:02,248  INFO [8f75a080-03ee-42da-8808-f63fa4a65b2a main] metadata.Hive: Dumping metastore api call timing information for : compilation phase
2024-04-24T08:06:02,248  INFO [8f75a080-03ee-42da-8808-f63fa4a65b2a main] metadata.Hive: Total time spent in each metastore function (ms): {isCompatibleWith_(Configuration)=0, flushCache_()=0}
2024-04-24T08:06:02,248  INFO [8f75a080-03ee-42da-8808-f63fa4a65b2a main] ql.Driver: Completed compiling command(queryId=alex_20240424080602_454d1e96-9e65-46c4-9b44-0e7d98bebc7e); Time taken: 0.009 seconds
2024-04-24T08:06:02,248  INFO [8f75a080-03ee-42da-8808-f63fa4a65b2a main] common.LogUtils: Unregistered logging context.
2024-04-24T08:06:02,248  INFO [HiveServer2-Background-Pool: Thread-490] common.LogUtils: Thread context registration is done.
2024-04-24T08:06:02,249  INFO [HiveServer2-Background-Pool: Thread-490] reexec.ReExecDriver: Execution #1 of query
2024-04-24T08:06:02,249  INFO [HiveServer2-Background-Pool: Thread-490] ql.Driver: Concurrency mode is disabled, not creating a lock manager
2024-04-24T08:06:02,249  INFO [HiveServer2-Background-Pool: Thread-490] ql.Driver: Executing command(queryId=alex_20240424080602_454d1e96-9e65-46c4-9b44-0e7d98bebc7e): show databases
2024-04-24T08:06:02,249  INFO [HiveServer2-Background-Pool: Thread-490] ql.Driver: Starting task [Stage-0:DDL] in serial mode
2024-04-24T08:06:02,250  INFO [HiveServer2-Background-Pool: Thread-490] HiveMetaStore.audit: ugi=alex	ip=unknown-ip-addr	cmd=get_databases: @hive#	
2024-04-24T08:06:02,251  INFO [HiveServer2-Background-Pool: Thread-490] metastore.HMSHandler: 24: Opening raw store with implementation class:org.apache.hadoop.hive.metastore.ObjectStore
2024-04-24T08:06:02,252  INFO [HiveServer2-Background-Pool: Thread-490] metastore.ObjectStore: RawStore: org.apache.hadoop.hive.metastore.ObjectStore@6593ec26, with PersistenceManager: null will be shutdown
2024-04-24T08:06:02,252  INFO [HiveServer2-Background-Pool: Thread-490] metastore.ObjectStore: RawStore: org.apache.hadoop.hive.metastore.ObjectStore@6593ec26, with PersistenceManager: org.datanucleus.api.jdo.JDOPersistenceManager@20917ef0 created in the thread with id: 490
2024-04-24T08:06:02,254  INFO [HiveServer2-Background-Pool: Thread-490] metastore.HMSHandler: Created RawStore: org.apache.hadoop.hive.metastore.ObjectStore@6593ec26 from thread id: 490
2024-04-24T08:06:02,261  INFO [HiveServer2-Background-Pool: Thread-490] sqlstd.SQLStdHiveAccessController: Created SQLStdHiveAccessController for session context : HiveAuthzSessionContext [sessionString=8f75a080-03ee-42da-8808-f63fa4a65b2a, clientType=HIVESERVER2]
2024-04-24T08:06:02,261  INFO [HiveServer2-Background-Pool: Thread-490] exec.DDLTask: Found 3 database(s) matching the SHOW DATABASES statement.
2024-04-24T08:06:02,271  INFO [HiveServer2-Background-Pool: Thread-490] metadata.Hive: Dumping metastore api call timing information for : execution phase
2024-04-24T08:06:02,271  INFO [HiveServer2-Background-Pool: Thread-490] metadata.Hive: Total time spent in each metastore function (ms): {isCompatibleWith_(Configuration)=0, getAllDatabases_()=11}
2024-04-24T08:06:02,271  INFO [HiveServer2-Background-Pool: Thread-490] ql.Driver: Completed executing command(queryId=alex_20240424080602_454d1e96-9e65-46c4-9b44-0e7d98bebc7e); Time taken: 0.022 seconds
2024-04-24T08:06:02,272  INFO [HiveServer2-Background-Pool: Thread-490] common.LogUtils: Unregistered logging context.
2024-04-24T08:06:02,275  INFO [8f75a080-03ee-42da-8808-f63fa4a65b2a main] operation.OperationManager: Closing operation: OperationHandle [opType=EXECUTE_STATEMENT, getHandleIdentifier()=3f057114-679c-4dac-8024-7c018e0fa6c4]
2024-04-24T08:06:02,275  INFO [8f75a080-03ee-42da-8808-f63fa4a65b2a main] operation.OperationManager: Removed queryId: alex_20240424080602_454d1e96-9e65-46c4-9b44-0e7d98bebc7e corresponding to operation: OperationHandle [opType=EXECUTE_STATEMENT, getHandleIdentifier()=3f057114-679c-4dac-8024-7c018e0fa6c4] with tag: null
2024-04-24T08:06:02,275  INFO [8f75a080-03ee-42da-8808-f63fa4a65b2a main] ql.Context: Deleting scratch dir: file:/home/alex/Repositories/hive/beeline/target/tmp/alex/8f75a080-03ee-42da-8808-f63fa4a65b2a/hive_2024-04-24_08-06-02_238_2583659529380149355-1
2024-04-24T08:06:02,275  INFO [8f75a080-03ee-42da-8808-f63fa4a65b2a main] cleanup.EventualCleanupService: Delete file:/home/alex/Repositories/hive/beeline/target/tmp/alex/8f75a080-03ee-42da-8808-f63fa4a65b2a/hive_2024-04-24_08-06-02_238_2583659529380149355-1 operation was queued
2024-04-24T08:06:02,275  INFO [8f75a080-03ee-42da-8808-f63fa4a65b2a main] exec.ListSinkOperator: Closing Operator: LIST_SINK[0]
2024-04-24T08:06:02,275  INFO [8f75a080-03ee-42da-8808-f63fa4a65b2a main] exec.ListSinkOperator: RECORDS_OUT_INTERMEDIATE:0, RECORDS_OUT_OPERATOR_LIST_SINK_0:0, 
2024-04-24T08:06:02,275  INFO [8f75a080-03ee-42da-8808-f63fa4a65b2a main] operation.SQLOperation: Closing operation log /home/alex/Repositories/hive/beeline/target/tmp/alex/operation_logs/8f75a080-03ee-42da-8808-f63fa4a65b2a/alex_20240424080602_454d1e96-9e65-46c4-9b44-0e7d98bebc7e without delay
2024-04-24T08:06:02,276  INFO [EventualCleanupService thread 0] cleanup.EventualCleanupService: Deleted file:/home/alex/Repositories/hive/beeline/target/tmp/alex/8f75a080-03ee-42da-8808-f63fa4a65b2a/hive_2024-04-24_08-06-02_238_2583659529380149355-1
2024-04-24T08:06:02,276  INFO [main] service.CompositeService: Session closed, SessionHandle [8f75a080-03ee-42da-8808-f63fa4a65b2a], current sessions:0
2024-04-24T08:06:02,276  INFO [8f75a080-03ee-42da-8808-f63fa4a65b2a main] session.HiveSessionImpl: Operation log session directory is deleted: /home/alex/Repositories/hive/beeline/target/tmp/alex/operation_logs/8f75a080-03ee-42da-8808-f63fa4a65b2a
2024-04-24T08:06:02,277  INFO [main] cleanup.EventualCleanupService: Delete /tmp/hive/alex/8f75a080-03ee-42da-8808-f63fa4a65b2a operation was queued
2024-04-24T08:06:02,277  INFO [main] cleanup.EventualCleanupService: Delete /home/alex/Repositories/hive/beeline/target/tmp/alex/8f75a080-03ee-42da-8808-f63fa4a65b2a operation was queued
2024-04-24T08:06:02,277  INFO [EventualCleanupService thread 1] cleanup.EventualCleanupService: Deleted /tmp/hive/alex/8f75a080-03ee-42da-8808-f63fa4a65b2a
2024-04-24T08:06:02,277  INFO [EventualCleanupService thread 2] cleanup.EventualCleanupService: Deleted /home/alex/Repositories/hive/beeline/target/tmp/alex/8f75a080-03ee-42da-8808-f63fa4a65b2a
2024-04-24T08:06:02,278  INFO [main] HiveMetaStore.audit: ugi=alex	ip=unknown-ip-addr	cmd=Cleaning up thread local RawStore...	
2024-04-24T08:06:02,278  INFO [main] metastore.ObjectStore: RawStore: org.apache.hadoop.hive.metastore.ObjectStore@785d6a98, with PersistenceManager: org.datanucleus.api.jdo.JDOPersistenceManager@614d7fbf will be shutdown
2024-04-24T08:06:02,278  INFO [main] HiveMetaStore.audit: ugi=alex	ip=unknown-ip-addr	cmd=Done cleaning up thread local RawStore	
2024-04-24T08:06:02,278  INFO [main] metastore.HiveMetaStoreClient: Closed a connection to metastore, current connections: -31
2024-04-24T08:06:02,278 ERROR [main] cli.TestHiveCli: Failed due to the error:Connecting to jdbc:hive2://
Hive Session ID = 4b06bca5-0eac-4044-a0ee-6cb3f56a5210
ivysettings.xml file not found in HIVE_HOME or HIVE_CONF_DIR,/home/alex/Repositories/hive/conf/ivysettings.xml will be used
ivysettings.xml file not found in HIVE_HOME or HIVE_CONF_DIR,/home/alex/Repositories/hive/conf/ivysettings.xml will be used
Connected to: Apache Hive (version 4.0.0-SNAPSHOT)
Error: Couldn't load manifest attributes. (state=,code=0)
Transaction isolation: TRANSACTION_REPEATABLE_READ
INFO  : Compiling command(queryId=alex_20240424080602_454d1e96-9e65-46c4-9b44-0e7d98bebc7e): show databases
INFO  : Semantic Analysis Completed (retrial = false)
INFO  : Created Hive schema: Schema(fieldSchemas:[FieldSchema(name:database_name, type:string, comment:from deserializer)], properties:null)
INFO  : Completed compiling command(queryId=alex_20240424080602_454d1e96-9e65-46c4-9b44-0e7d98bebc7e); Time taken: 0.009 seconds
INFO  : Concurrency mode is disabled, not creating a lock manager
INFO  : Executing command(queryId=alex_20240424080602_454d1e96-9e65-46c4-9b44-0e7d98bebc7e): show databases
INFO  : Starting task [Stage-0:DDL] in serial mode
DEBUG : Task getting executed using mapred tag : alex_20240424080602_454d1e96-9e65-46c4-9b44-0e7d98bebc7e,userid=null
INFO  : Completed executing command(queryId=alex_20240424080602_454d1e96-9e65-46c4-9b44-0e7d98bebc7e); Time taken: 0.022 seconds
DEBUG : Shutting down query show databases
Error: Failed to wait for operation to complete (state=08S01,code=0)
Closing: 0: jdbc:hive2://

]]></system-err>
  </testcase>
  <testcase name="testSqlFromCmdWithComments2" classname="org.apache.hive.beeline.cli.TestHiveCli" time="0.169"/>
  <testcase name="testSqlFromCmdWithComments3" classname="org.apache.hive.beeline.cli.TestHiveCli" time="0.2">
    <failure type="java.lang.AssertionError"><![CDATA[java.lang.AssertionError: Supported return code is 0 while the actual is 1
	at org.junit.Assert.fail(Assert.java:89)
	at org.apache.hive.beeline.cli.TestHiveCli.executeCMD(TestHiveCli.java:256)
	at org.apache.hive.beeline.cli.TestHiveCli.verifyCMD(TestHiveCli.java:266)
	at org.apache.hive.beeline.cli.TestHiveCli.testSqlFromCmdWithComments3(TestHiveCli.java:160)
	at sun.reflect.NativeMethodAccessorImpl.invoke0(Native Method)
	at sun.reflect.NativeMethodAccessorImpl.invoke(NativeMethodAccessorImpl.java:62)
	at sun.reflect.DelegatingMethodAccessorImpl.invoke(DelegatingMethodAccessorImpl.java:43)
	at java.lang.reflect.Method.invoke(Method.java:498)
	at org.junit.runners.model.FrameworkMethod$1.runReflectiveCall(FrameworkMethod.java:59)
	at org.junit.internal.runners.model.ReflectiveCallable.run(ReflectiveCallable.java:12)
	at org.junit.runners.model.FrameworkMethod.invokeExplosively(FrameworkMethod.java:56)
	at org.junit.internal.runners.statements.InvokeMethod.evaluate(InvokeMethod.java:17)
	at org.junit.internal.runners.statements.RunBefores.evaluate(RunBefores.java:26)
	at org.junit.internal.runners.statements.RunAfters.evaluate(RunAfters.java:27)
	at org.junit.runners.ParentRunner$3.evaluate(ParentRunner.java:306)
	at org.junit.runners.BlockJUnit4ClassRunner$1.evaluate(BlockJUnit4ClassRunner.java:100)
	at org.junit.runners.ParentRunner.runLeaf(ParentRunner.java:366)
	at org.junit.runners.BlockJUnit4ClassRunner.runChild(BlockJUnit4ClassRunner.java:103)
	at org.junit.runners.BlockJUnit4ClassRunner.runChild(BlockJUnit4ClassRunner.java:63)
	at org.junit.runners.ParentRunner$4.run(ParentRunner.java:331)
	at org.junit.runners.ParentRunner$1.schedule(ParentRunner.java:79)
	at org.junit.runners.ParentRunner.runChildren(ParentRunner.java:329)
	at org.junit.runners.ParentRunner.access$100(ParentRunner.java:66)
	at org.junit.runners.ParentRunner$2.evaluate(ParentRunner.java:293)
	at org.junit.internal.runners.statements.RunBefores.evaluate(RunBefores.java:26)
	at org.junit.runners.ParentRunner$3.evaluate(ParentRunner.java:306)
	at org.junit.runners.ParentRunner.run(ParentRunner.java:413)
	at org.junit.runner.JUnitCore.run(JUnitCore.java:137)
	at org.junit.runner.JUnitCore.run(JUnitCore.java:115)
	at org.junit.vintage.engine.execution.RunnerExecutor.execute(RunnerExecutor.java:43)
	at java.util.stream.ForEachOps$ForEachOp$OfRef.accept(ForEachOps.java:183)
	at java.util.stream.ReferencePipeline$3$1.accept(ReferencePipeline.java:193)
	at java.util.Iterator.forEachRemaining(Iterator.java:116)
	at java.util.Spliterators$IteratorSpliterator.forEachRemaining(Spliterators.java:1801)
	at java.util.stream.AbstractPipeline.copyInto(AbstractPipeline.java:482)
	at java.util.stream.AbstractPipeline.wrapAndCopyInto(AbstractPipeline.java:472)
	at java.util.stream.ForEachOps$ForEachOp.evaluateSequential(ForEachOps.java:150)
	at java.util.stream.ForEachOps$ForEachOp$OfRef.evaluateSequential(ForEachOps.java:173)
	at java.util.stream.AbstractPipeline.evaluate(AbstractPipeline.java:234)
	at java.util.stream.ReferencePipeline.forEach(ReferencePipeline.java:485)
	at org.junit.vintage.engine.VintageTestEngine.executeAllChildren(VintageTestEngine.java:82)
	at org.junit.vintage.engine.VintageTestEngine.execute(VintageTestEngine.java:73)
	at org.junit.platform.launcher.core.DefaultLauncher.execute(DefaultLauncher.java:248)
	at org.junit.platform.launcher.core.DefaultLauncher.lambda$execute$5(DefaultLauncher.java:211)
	at org.junit.platform.launcher.core.DefaultLauncher.withInterceptedStreams(DefaultLauncher.java:226)
	at org.junit.platform.launcher.core.DefaultLauncher.execute(DefaultLauncher.java:199)
	at org.junit.platform.launcher.core.DefaultLauncher.execute(DefaultLauncher.java:132)
	at org.apache.maven.surefire.junitplatform.JUnitPlatformProvider.invokeAllTests(JUnitPlatformProvider.java:154)
	at org.apache.maven.surefire.junitplatform.JUnitPlatformProvider.invoke(JUnitPlatformProvider.java:123)
	at org.apache.maven.surefire.booter.ForkedBooter.runSuitesInProcess(ForkedBooter.java:377)
	at org.apache.maven.surefire.booter.ForkedBooter.execute(ForkedBooter.java:138)
	at org.apache.maven.surefire.booter.ForkedBooter.run(ForkedBooter.java:465)
	at org.apache.maven.surefire.booter.ForkedBooter.main(ForkedBooter.java:451)
]]></failure>
    <system-err><![CDATA[2024-04-24T08:06:02,448 ERROR [main] cli.TestHiveCli: Failed to execute command due to the error: java.lang.NullPointerException: Null output stream
2024-04-24T08:06:02,499  WARN [main] conf.HiveConf: HiveConf of name hive.dummyparam.test.server.specific.config.override does not exist
2024-04-24T08:06:02,499  WARN [main] conf.HiveConf: HiveConf of name hive.dummyparam.test.server.specific.config.hiveserver2site does not exist
2024-04-24T08:06:02,499  WARN [main] conf.HiveConf: HiveConf of name hive.dummyparam.test.server.specific.config.metastoresite does not exist
2024-04-24T08:06:02,499  INFO [main] SessionState: Hive Session ID = 498d41e2-5c4e-4bf9-93a4-a637930cbf94
2024-04-24T08:06:02,500  INFO [main] DependencyResolver: ivysettings.xml file not found in HIVE_HOME or HIVE_CONF_DIR,/home/alex/Repositories/hive/conf/ivysettings.xml will be used
2024-04-24T08:06:02,507  INFO [main] session.SessionState: Created HDFS directory: /tmp/hive/alex/498d41e2-5c4e-4bf9-93a4-a637930cbf94
2024-04-24T08:06:02,510  INFO [main] session.SessionState: Created local directory: /home/alex/Repositories/hive/beeline/target/tmp/alex/498d41e2-5c4e-4bf9-93a4-a637930cbf94
2024-04-24T08:06:02,514  INFO [main] session.SessionState: Created HDFS directory: /tmp/hive/alex/498d41e2-5c4e-4bf9-93a4-a637930cbf94/_tmp_space.db
2024-04-24T08:06:02,515  INFO [main] sqlstd.SQLStdHiveAccessController: Created SQLStdHiveAccessController for session context : HiveAuthzSessionContext [sessionString=498d41e2-5c4e-4bf9-93a4-a637930cbf94, clientType=HIVESERVER2]
2024-04-24T08:06:02,515  INFO [main] metastore.HiveMetaStoreClient: HMS client filtering is enabled.
2024-04-24T08:06:02,516  INFO [main] metastore.HMSHandler: 0: Opening raw store with implementation class:org.apache.hadoop.hive.metastore.ObjectStore
2024-04-24T08:06:02,516  INFO [main] metastore.PersistenceManagerProvider: Configuration datanucleus.autoStartMechanismMode is not set. Defaulting to 'ignored'
2024-04-24T08:06:02,516  INFO [main] metastore.ObjectStore: RawStore: org.apache.hadoop.hive.metastore.ObjectStore@103bcc9f, with PersistenceManager: null will be shutdown
2024-04-24T08:06:02,517  INFO [main] metastore.ObjectStore: RawStore: org.apache.hadoop.hive.metastore.ObjectStore@103bcc9f, with PersistenceManager: org.datanucleus.api.jdo.JDOPersistenceManager@106802ea created in the thread with id: 1
2024-04-24T08:06:02,520  INFO [main] metastore.HMSHandler: Created RawStore: org.apache.hadoop.hive.metastore.ObjectStore@103bcc9f from thread id: 1
2024-04-24T08:06:02,520  INFO [main] metastore.HMSHandler: HMS server filtering is disabled by configuration
2024-04-24T08:06:02,520  INFO [main] metastore.RetryingMetaStoreClient: RetryingMetaStoreClient proxy=class org.apache.hadoop.hive.ql.metadata.SessionHiveMetaStoreClient ugi=alex (auth:SIMPLE) retries=1 delay=1 lifetime=0
2024-04-24T08:06:02,520  INFO [main] service.CompositeService: Operation log root directory is created: /home/alex/Repositories/hive/beeline/target/tmp/alex/operation_logs
2024-04-24T08:06:02,521  INFO [main] service.CompositeService: HiveServer2: Background operation thread pool size: 100
2024-04-24T08:06:02,521  INFO [main] service.CompositeService: HiveServer2: Background operation thread wait queue size: 100
2024-04-24T08:06:02,521  INFO [main] service.CompositeService: HiveServer2: Background operation thread keepalive time: 10 seconds
2024-04-24T08:06:02,521  INFO [main] service.CompositeService: Connections limit are user: 0 ipaddress: 0 user-ipaddress: 0
2024-04-24T08:06:02,522  INFO [main] cleanup.EventualCleanupService: EventualCleanupService started with 10 threads and queue of size 10000
ERROR StatusLogger Log4j2 ConfigurationScheduler attempted to increment scheduled items after start
ERROR StatusLogger Log4j2 ConfigurationScheduler attempted to increment scheduled items after start
2024-04-24T08:06:02,524  INFO [main] service.AbstractService: Service:OperationManager is inited.
2024-04-24T08:06:02,524  INFO [main] service.AbstractService: Service:SessionManager is inited.
2024-04-24T08:06:02,524  INFO [main] service.AbstractService: Service:CLIService is inited.
2024-04-24T08:06:02,524  INFO [main] service.AbstractService: Service:OperationManager is started.
2024-04-24T08:06:02,524  INFO [main] service.AbstractService: Service:SessionManager is started.
2024-04-24T08:06:02,525  INFO [main] service.AbstractService: Service:CLIService is started.
2024-04-24T08:06:02,525  INFO [main] service.AbstractService: Service:ThriftBinaryCLIService is inited.
2024-04-24T08:06:02,525  INFO [main] thrift.ThriftCLIService: Client protocol version: HIVE_CLI_SERVICE_PROTOCOL_V10
2024-04-24T08:06:02,525  INFO [main] thrift.ThriftCLIService: Creating Hive session handle for user [null] from IP null
2024-04-24T08:06:02,526  INFO [main] DependencyResolver: ivysettings.xml file not found in HIVE_HOME or HIVE_CONF_DIR,/home/alex/Repositories/hive/conf/ivysettings.xml will be used
2024-04-24T08:06:02,533  INFO [main] session.SessionState: Created HDFS directory: /tmp/hive/alex/880f5b8a-b591-443f-8b51-2c848ddb3f2e
2024-04-24T08:06:02,536  INFO [main] session.SessionState: Created local directory: /home/alex/Repositories/hive/beeline/target/tmp/alex/880f5b8a-b591-443f-8b51-2c848ddb3f2e
2024-04-24T08:06:02,539  INFO [main] session.SessionState: Created HDFS directory: /tmp/hive/alex/880f5b8a-b591-443f-8b51-2c848ddb3f2e/_tmp_space.db
2024-04-24T08:06:02,540  INFO [main] session.SessionState: Reloading auxiliary JAR files
2024-04-24T08:06:02,540  WARN [main] session.SessionState: Configuration hive.reloadable.aux.jars.path not specified
2024-04-24T08:06:02,540  INFO [main] HiveMetaStore.audit: ugi=alex	ip=unknown-ip-addr	cmd=Cleaning up thread local RawStore...	
2024-04-24T08:06:02,540  INFO [main] metastore.ObjectStore: RawStore: org.apache.hadoop.hive.metastore.ObjectStore@103bcc9f, with PersistenceManager: org.datanucleus.api.jdo.JDOPersistenceManager@106802ea will be shutdown
2024-04-24T08:06:02,540  INFO [main] HiveMetaStore.audit: ugi=alex	ip=unknown-ip-addr	cmd=Done cleaning up thread local RawStore	
2024-04-24T08:06:02,540  INFO [main] metastore.HiveMetaStoreClient: Closed a connection to metastore, current connections: -33
2024-04-24T08:06:02,540  INFO [main] session.HiveSessionImpl: Operation log session directory is created: /home/alex/Repositories/hive/beeline/target/tmp/alex/operation_logs/880f5b8a-b591-443f-8b51-2c848ddb3f2e
2024-04-24T08:06:02,540  INFO [main] service.CompositeService: Session opened, SessionHandle [880f5b8a-b591-443f-8b51-2c848ddb3f2e], current sessions:1
2024-04-24T08:06:02,540  INFO [main] thrift.ThriftCLIService: Login attempt is successful for user : null
2024-04-24T08:06:02,586  WARN [main] conf.HiveConf: HiveConf of name hive.dummyparam.test.server.specific.config.override does not exist
2024-04-24T08:06:02,586  WARN [main] conf.HiveConf: HiveConf of name hive.dummyparam.test.server.specific.config.hiveserver2site does not exist
2024-04-24T08:06:02,586  WARN [main] conf.HiveConf: HiveConf of name hive.dummyparam.test.server.specific.config.metastoresite does not exist
2024-04-24T08:06:02,586  INFO [880f5b8a-b591-443f-8b51-2c848ddb3f2e main] session.HiveSessionImpl: executing set
2024-04-24T08:06:02,587  INFO [880f5b8a-b591-443f-8b51-2c848ddb3f2e main] operation.HiveCommandOperation: Putting temp output to file /home/alex/Repositories/hive/beeline/target/tmp/alex/880f5b8a-b591-443f-8b51-2c848ddb3f2e4143789221886967619.pipeout and error output to file /home/alex/Repositories/hive/beeline/target/tmp/alex/880f5b8a-b591-443f-8b51-2c848ddb3f2e1564402044790437839.pipeout
2024-04-24T08:06:02,587  INFO [880f5b8a-b591-443f-8b51-2c848ddb3f2e main] operation.OperationManager: Adding operation: OperationHandle [opType=EXECUTE_STATEMENT, getHandleIdentifier()=9f1f22dd-4201-4d9a-ba0f-c00da063786e] SessionHandle [880f5b8a-b591-443f-8b51-2c848ddb3f2e]
2024-04-24T08:06:02,587  INFO [880f5b8a-b591-443f-8b51-2c848ddb3f2e main] common.LogUtils: Thread context registration is done.
DEBUG StatusLogger Building Plugin[name=filter, class=org.apache.hadoop.hive.ql.log.LogDivertAppender$NameFilter].
DEBUG StatusLogger createFilter(loggingLevel="EXECUTION")
DEBUG StatusLogger Building Plugin[name=layout, class=org.apache.logging.log4j.core.layout.PatternLayout].
DEBUG StatusLogger PatternLayout$Builder(pattern="%-5p : %m%n", PatternSelector=null, Configuration(HiveLog4j2Test), Replace=null, charset="null", alwaysWriteExceptions="null", disableAnsi="null", noConsoleNoAnsi="null", header="null", footer="null")
DEBUG StatusLogger Building Plugin[name=appender, class=org.apache.hadoop.hive.ql.log.HushableRandomAccessFileAppender].
DEBUG StatusLogger createAppender(fileName="/home/alex/Repositories/hive/beeline/target/tmp/alex/operation_logs/880f5b8a-b591-443f-8b51-2c848ddb3f2e/alex_20240424080602_1cc9a617-0fae-4032-be2f-15f6dc0a149a", append="null", name="query-file-appender", immediateFlush="null", bufferSize="null", ignoreExceptions="null", PatternLayout(org.apache.logging.log4j.core.layout.PatternLayout with name PatternLayout), NameFilter(org.apache.hadoop.hive.ql.log.LogDivertAppender$NameFilter with name NameFilter), advertise="null", advertiseURI="null", Configuration(HiveLog4j2Test))
DEBUG StatusLogger Starting RandomAccessFileManager /home/alex/Repositories/hive/beeline/target/tmp/alex/operation_logs/880f5b8a-b591-443f-8b51-2c848ddb3f2e/alex_20240424080602_1cc9a617-0fae-4032-be2f-15f6dc0a149a
DEBUG StatusLogger Building Plugin[name=, class=org.apache.hadoop.hive.ql.log.LogDivertAppenderForTest$TestFilter].
DEBUG StatusLogger createFilter()
DEBUG StatusLogger Building Plugin[name=, class=org.apache.logging.log4j.core.layout.PatternLayout].
DEBUG StatusLogger PatternLayout$Builder(pattern="%-5p : %m%n", PatternSelector=null, Configuration(HiveLog4j2Test), Replace=null, charset="null", alwaysWriteExceptions="null", disableAnsi="null", noConsoleNoAnsi="null", header="null", footer="null")
DEBUG StatusLogger Building Plugin[name=appender, class=org.apache.hadoop.hive.ql.log.HushableRandomAccessFileAppender].
DEBUG StatusLogger createAppender(fileName="/home/alex/Repositories/hive/beeline/target/tmp/alex/operation_logs/880f5b8a-b591-443f-8b51-2c848ddb3f2e/alex_20240424080602_1cc9a617-0fae-4032-be2f-15f6dc0a149a.test", append="null", name="test-query-file-appender", immediateFlush="null", bufferSize="null", ignoreExceptions="null", PatternLayout(org.apache.logging.log4j.core.layout.PatternLayout with name PatternLayout), test-filter(org.apache.hadoop.hive.ql.log.LogDivertAppenderForTest$TestFilter with name test-filter), advertise="null", advertiseURI="null", Configuration(HiveLog4j2Test))
DEBUG StatusLogger Starting RandomAccessFileManager /home/alex/Repositories/hive/beeline/target/tmp/alex/operation_logs/880f5b8a-b591-443f-8b51-2c848ddb3f2e/alex_20240424080602_1cc9a617-0fae-4032-be2f-15f6dc0a149a.test
2024-04-24T08:06:02,590  INFO [880f5b8a-b591-443f-8b51-2c848ddb3f2e main] operation.HiveCommandOperation: [opType=EXECUTE_STATEMENT, queryId=alex_20240424080602_1cc9a617-0fae-4032-be2f-15f6dc0a149a, startTime=1713971162587, sessionId=880f5b8a-b591-443f-8b51-2c848ddb3f2e, createTime=1713971162525, userName=null, ipAddress=null]
2024-04-24T08:06:02,598  INFO [880f5b8a-b591-443f-8b51-2c848ddb3f2e main] common.LogUtils: Unregistered logging context.
2024-04-24T08:06:02,601  INFO [880f5b8a-b591-443f-8b51-2c848ddb3f2e main] operation.OperationManager: Closing operation: OperationHandle [opType=EXECUTE_STATEMENT, getHandleIdentifier()=9f1f22dd-4201-4d9a-ba0f-c00da063786e]
2024-04-24T08:06:02,601  INFO [880f5b8a-b591-443f-8b51-2c848ddb3f2e main] operation.OperationManager: Removed queryId: alex_20240424080602_1cc9a617-0fae-4032-be2f-15f6dc0a149a corresponding to operation: OperationHandle [opType=EXECUTE_STATEMENT, getHandleIdentifier()=9f1f22dd-4201-4d9a-ba0f-c00da063786e] with tag: null
2024-04-24T08:06:02,602  INFO [880f5b8a-b591-443f-8b51-2c848ddb3f2e main] operation.HiveCommandOperation: Closing operation log /home/alex/Repositories/hive/beeline/target/tmp/alex/operation_logs/880f5b8a-b591-443f-8b51-2c848ddb3f2e/alex_20240424080602_1cc9a617-0fae-4032-be2f-15f6dc0a149a without delay
2024-04-24T08:06:02,604  INFO [880f5b8a-b591-443f-8b51-2c848ddb3f2e main] session.HiveSessionImpl: executing show databases
2024-04-24T08:06:02,605  INFO [880f5b8a-b591-443f-8b51-2c848ddb3f2e main] operation.OperationManager: Adding operation: OperationHandle [opType=EXECUTE_STATEMENT, getHandleIdentifier()=0a96bcbb-9130-4472-90d8-549b8dc08d66] SessionHandle [880f5b8a-b591-443f-8b51-2c848ddb3f2e]
2024-04-24T08:06:02,605  INFO [880f5b8a-b591-443f-8b51-2c848ddb3f2e main] common.LogUtils: Thread context registration is done.
DEBUG StatusLogger Building Plugin[name=filter, class=org.apache.hadoop.hive.ql.log.LogDivertAppender$NameFilter].
DEBUG StatusLogger createFilter(loggingLevel="EXECUTION")
DEBUG StatusLogger Building Plugin[name=layout, class=org.apache.logging.log4j.core.layout.PatternLayout].
DEBUG StatusLogger PatternLayout$Builder(pattern="%-5p : %m%n", PatternSelector=null, Configuration(HiveLog4j2Test), Replace=null, charset="null", alwaysWriteExceptions="null", disableAnsi="null", noConsoleNoAnsi="null", header="null", footer="null")
DEBUG StatusLogger Building Plugin[name=appender, class=org.apache.hadoop.hive.ql.log.HushableRandomAccessFileAppender].
DEBUG StatusLogger createAppender(fileName="/home/alex/Repositories/hive/beeline/target/tmp/alex/operation_logs/880f5b8a-b591-443f-8b51-2c848ddb3f2e/alex_20240424080602_9e8d68a7-c2bf-4e45-9156-435e9425398e", append="null", name="query-file-appender", immediateFlush="null", bufferSize="null", ignoreExceptions="null", PatternLayout(org.apache.logging.log4j.core.layout.PatternLayout with name PatternLayout), NameFilter(org.apache.hadoop.hive.ql.log.LogDivertAppender$NameFilter with name NameFilter), advertise="null", advertiseURI="null", Configuration(HiveLog4j2Test))
DEBUG StatusLogger Starting RandomAccessFileManager /home/alex/Repositories/hive/beeline/target/tmp/alex/operation_logs/880f5b8a-b591-443f-8b51-2c848ddb3f2e/alex_20240424080602_9e8d68a7-c2bf-4e45-9156-435e9425398e
DEBUG StatusLogger Building Plugin[name=, class=org.apache.hadoop.hive.ql.log.LogDivertAppenderForTest$TestFilter].
DEBUG StatusLogger createFilter()
DEBUG StatusLogger Building Plugin[name=, class=org.apache.logging.log4j.core.layout.PatternLayout].
DEBUG StatusLogger PatternLayout$Builder(pattern="%-5p : %m%n", PatternSelector=null, Configuration(HiveLog4j2Test), Replace=null, charset="null", alwaysWriteExceptions="null", disableAnsi="null", noConsoleNoAnsi="null", header="null", footer="null")
DEBUG StatusLogger Building Plugin[name=appender, class=org.apache.hadoop.hive.ql.log.HushableRandomAccessFileAppender].
DEBUG StatusLogger createAppender(fileName="/home/alex/Repositories/hive/beeline/target/tmp/alex/operation_logs/880f5b8a-b591-443f-8b51-2c848ddb3f2e/alex_20240424080602_9e8d68a7-c2bf-4e45-9156-435e9425398e.test", append="null", name="test-query-file-appender", immediateFlush="null", bufferSize="null", ignoreExceptions="null", PatternLayout(org.apache.logging.log4j.core.layout.PatternLayout with name PatternLayout), test-filter(org.apache.hadoop.hive.ql.log.LogDivertAppenderForTest$TestFilter with name test-filter), advertise="null", advertiseURI="null", Configuration(HiveLog4j2Test))
DEBUG StatusLogger Starting RandomAccessFileManager /home/alex/Repositories/hive/beeline/target/tmp/alex/operation_logs/880f5b8a-b591-443f-8b51-2c848ddb3f2e/alex_20240424080602_9e8d68a7-c2bf-4e45-9156-435e9425398e.test
2024-04-24T08:06:02,611  INFO [880f5b8a-b591-443f-8b51-2c848ddb3f2e main] operation.SQLOperation: [opType=EXECUTE_STATEMENT, queryId=alex_20240424080602_9e8d68a7-c2bf-4e45-9156-435e9425398e, startTime=1713971162604, sessionId=880f5b8a-b591-443f-8b51-2c848ddb3f2e, createTime=1713971162525, userName=null, ipAddress=null]
2024-04-24T08:06:02,612  INFO [880f5b8a-b591-443f-8b51-2c848ddb3f2e main] ql.Driver: Compiling command(queryId=alex_20240424080602_9e8d68a7-c2bf-4e45-9156-435e9425398e): show databases
2024-04-24T08:06:02,613  INFO [880f5b8a-b591-443f-8b51-2c848ddb3f2e main] metastore.HiveMetaStoreClient: HMS client filtering is enabled.
2024-04-24T08:06:02,613  INFO [880f5b8a-b591-443f-8b51-2c848ddb3f2e main] metastore.HMSHandler: 0: Opening raw store with implementation class:org.apache.hadoop.hive.metastore.ObjectStore
2024-04-24T08:06:02,613  INFO [880f5b8a-b591-443f-8b51-2c848ddb3f2e main] metastore.PersistenceManagerProvider: Configuration datanucleus.autoStartMechanismMode is not set. Defaulting to 'ignored'
2024-04-24T08:06:02,614  INFO [880f5b8a-b591-443f-8b51-2c848ddb3f2e main] metastore.ObjectStore: RawStore: org.apache.hadoop.hive.metastore.ObjectStore@6d7bb5cc, with PersistenceManager: null will be shutdown
2024-04-24T08:06:02,614  INFO [880f5b8a-b591-443f-8b51-2c848ddb3f2e main] metastore.ObjectStore: RawStore: org.apache.hadoop.hive.metastore.ObjectStore@6d7bb5cc, with PersistenceManager: org.datanucleus.api.jdo.JDOPersistenceManager@756200d1 created in the thread with id: 1
2024-04-24T08:06:02,616  INFO [880f5b8a-b591-443f-8b51-2c848ddb3f2e main] metastore.HMSHandler: Created RawStore: org.apache.hadoop.hive.metastore.ObjectStore@6d7bb5cc from thread id: 1
2024-04-24T08:06:02,616  INFO [880f5b8a-b591-443f-8b51-2c848ddb3f2e main] metastore.HMSHandler: HMS server filtering is disabled by configuration
2024-04-24T08:06:02,617  INFO [880f5b8a-b591-443f-8b51-2c848ddb3f2e main] metastore.RetryingMetaStoreClient: RetryingMetaStoreClient proxy=class org.apache.hadoop.hive.ql.metadata.SessionHiveMetaStoreClient ugi=alex (auth:SIMPLE) retries=1 delay=1 lifetime=0
2024-04-24T08:06:02,621  INFO [880f5b8a-b591-443f-8b51-2c848ddb3f2e main] ql.Driver: Semantic Analysis Completed (retrial = false)
2024-04-24T08:06:02,621  INFO [880f5b8a-b591-443f-8b51-2c848ddb3f2e main] ql.Driver: Created Hive schema: Schema(fieldSchemas:[FieldSchema(name:database_name, type:string, comment:from deserializer)], properties:null)
2024-04-24T08:06:02,622  INFO [880f5b8a-b591-443f-8b51-2c848ddb3f2e main] exec.ListSinkOperator: Initializing Operator: LIST_SINK[0]
2024-04-24T08:06:02,622  INFO [880f5b8a-b591-443f-8b51-2c848ddb3f2e main] metadata.Hive: Dumping metastore api call timing information for : compilation phase
2024-04-24T08:06:02,622  INFO [880f5b8a-b591-443f-8b51-2c848ddb3f2e main] metadata.Hive: Total time spent in each metastore function (ms): {isCompatibleWith_(Configuration)=0, flushCache_()=0}
2024-04-24T08:06:02,622  INFO [880f5b8a-b591-443f-8b51-2c848ddb3f2e main] ql.Driver: Completed compiling command(queryId=alex_20240424080602_9e8d68a7-c2bf-4e45-9156-435e9425398e); Time taken: 0.01 seconds
2024-04-24T08:06:02,623  INFO [880f5b8a-b591-443f-8b51-2c848ddb3f2e main] common.LogUtils: Unregistered logging context.
2024-04-24T08:06:02,623  INFO [HiveServer2-Background-Pool: Thread-537] common.LogUtils: Thread context registration is done.
2024-04-24T08:06:02,623  INFO [HiveServer2-Background-Pool: Thread-537] reexec.ReExecDriver: Execution #1 of query
2024-04-24T08:06:02,624  INFO [HiveServer2-Background-Pool: Thread-537] ql.Driver: Concurrency mode is disabled, not creating a lock manager
2024-04-24T08:06:02,624  INFO [HiveServer2-Background-Pool: Thread-537] ql.Driver: Executing command(queryId=alex_20240424080602_9e8d68a7-c2bf-4e45-9156-435e9425398e): show databases
2024-04-24T08:06:02,624  INFO [HiveServer2-Background-Pool: Thread-537] ql.Driver: Starting task [Stage-0:DDL] in serial mode
2024-04-24T08:06:02,625  INFO [HiveServer2-Background-Pool: Thread-537] HiveMetaStore.audit: ugi=alex	ip=unknown-ip-addr	cmd=get_databases: @hive#	
2024-04-24T08:06:02,626  INFO [HiveServer2-Background-Pool: Thread-537] metastore.HMSHandler: 25: Opening raw store with implementation class:org.apache.hadoop.hive.metastore.ObjectStore
2024-04-24T08:06:02,626  INFO [HiveServer2-Background-Pool: Thread-537] metastore.ObjectStore: RawStore: org.apache.hadoop.hive.metastore.ObjectStore@317a871b, with PersistenceManager: null will be shutdown
2024-04-24T08:06:02,626  INFO [HiveServer2-Background-Pool: Thread-537] metastore.ObjectStore: RawStore: org.apache.hadoop.hive.metastore.ObjectStore@317a871b, with PersistenceManager: org.datanucleus.api.jdo.JDOPersistenceManager@74781f50 created in the thread with id: 537
2024-04-24T08:06:02,629  INFO [HiveServer2-Background-Pool: Thread-537] metastore.HMSHandler: Created RawStore: org.apache.hadoop.hive.metastore.ObjectStore@317a871b from thread id: 537
2024-04-24T08:06:02,631  INFO [HiveServer2-Background-Pool: Thread-537] sqlstd.SQLStdHiveAccessController: Created SQLStdHiveAccessController for session context : HiveAuthzSessionContext [sessionString=880f5b8a-b591-443f-8b51-2c848ddb3f2e, clientType=HIVESERVER2]
2024-04-24T08:06:02,631  INFO [HiveServer2-Background-Pool: Thread-537] exec.DDLTask: Found 3 database(s) matching the SHOW DATABASES statement.
2024-04-24T08:06:02,638  INFO [HiveServer2-Background-Pool: Thread-537] metadata.Hive: Dumping metastore api call timing information for : execution phase
2024-04-24T08:06:02,638  INFO [HiveServer2-Background-Pool: Thread-537] metadata.Hive: Total time spent in each metastore function (ms): {isCompatibleWith_(Configuration)=0, getAllDatabases_()=6}
2024-04-24T08:06:02,638  INFO [HiveServer2-Background-Pool: Thread-537] ql.Driver: Completed executing command(queryId=alex_20240424080602_9e8d68a7-c2bf-4e45-9156-435e9425398e); Time taken: 0.014 seconds
2024-04-24T08:06:02,639  INFO [HiveServer2-Background-Pool: Thread-537] common.LogUtils: Unregistered logging context.
2024-04-24T08:06:02,645  INFO [880f5b8a-b591-443f-8b51-2c848ddb3f2e main] operation.OperationManager: Closing operation: OperationHandle [opType=EXECUTE_STATEMENT, getHandleIdentifier()=0a96bcbb-9130-4472-90d8-549b8dc08d66]
2024-04-24T08:06:02,645  INFO [880f5b8a-b591-443f-8b51-2c848ddb3f2e main] operation.OperationManager: Removed queryId: alex_20240424080602_9e8d68a7-c2bf-4e45-9156-435e9425398e corresponding to operation: OperationHandle [opType=EXECUTE_STATEMENT, getHandleIdentifier()=0a96bcbb-9130-4472-90d8-549b8dc08d66] with tag: null
2024-04-24T08:06:02,645  INFO [880f5b8a-b591-443f-8b51-2c848ddb3f2e main] ql.Context: Deleting scratch dir: file:/home/alex/Repositories/hive/beeline/target/tmp/alex/880f5b8a-b591-443f-8b51-2c848ddb3f2e/hive_2024-04-24_08-06-02_612_8004200168214483294-1
2024-04-24T08:06:02,645  INFO [880f5b8a-b591-443f-8b51-2c848ddb3f2e main] cleanup.EventualCleanupService: Delete file:/home/alex/Repositories/hive/beeline/target/tmp/alex/880f5b8a-b591-443f-8b51-2c848ddb3f2e/hive_2024-04-24_08-06-02_612_8004200168214483294-1 operation was queued
2024-04-24T08:06:02,645  INFO [880f5b8a-b591-443f-8b51-2c848ddb3f2e main] exec.ListSinkOperator: Closing Operator: LIST_SINK[0]
2024-04-24T08:06:02,645  INFO [880f5b8a-b591-443f-8b51-2c848ddb3f2e main] exec.ListSinkOperator: RECORDS_OUT_INTERMEDIATE:0, RECORDS_OUT_OPERATOR_LIST_SINK_0:0, 
2024-04-24T08:06:02,646  INFO [880f5b8a-b591-443f-8b51-2c848ddb3f2e main] operation.SQLOperation: Closing operation log /home/alex/Repositories/hive/beeline/target/tmp/alex/operation_logs/880f5b8a-b591-443f-8b51-2c848ddb3f2e/alex_20240424080602_9e8d68a7-c2bf-4e45-9156-435e9425398e without delay
2024-04-24T08:06:02,646  INFO [EventualCleanupService thread 0] cleanup.EventualCleanupService: Deleted file:/home/alex/Repositories/hive/beeline/target/tmp/alex/880f5b8a-b591-443f-8b51-2c848ddb3f2e/hive_2024-04-24_08-06-02_612_8004200168214483294-1
2024-04-24T08:06:02,646  INFO [main] service.CompositeService: Session closed, SessionHandle [880f5b8a-b591-443f-8b51-2c848ddb3f2e], current sessions:0
2024-04-24T08:06:02,646  INFO [880f5b8a-b591-443f-8b51-2c848ddb3f2e main] session.HiveSessionImpl: Operation log session directory is deleted: /home/alex/Repositories/hive/beeline/target/tmp/alex/operation_logs/880f5b8a-b591-443f-8b51-2c848ddb3f2e
2024-04-24T08:06:02,646  INFO [main] cleanup.EventualCleanupService: Delete /tmp/hive/alex/880f5b8a-b591-443f-8b51-2c848ddb3f2e operation was queued
2024-04-24T08:06:02,646  INFO [main] cleanup.EventualCleanupService: Delete /home/alex/Repositories/hive/beeline/target/tmp/alex/880f5b8a-b591-443f-8b51-2c848ddb3f2e operation was queued
2024-04-24T08:06:02,647  INFO [EventualCleanupService thread 2] cleanup.EventualCleanupService: Deleted /home/alex/Repositories/hive/beeline/target/tmp/alex/880f5b8a-b591-443f-8b51-2c848ddb3f2e
2024-04-24T08:06:02,647  INFO [EventualCleanupService thread 1] cleanup.EventualCleanupService: Deleted /tmp/hive/alex/880f5b8a-b591-443f-8b51-2c848ddb3f2e
2024-04-24T08:06:02,647  INFO [main] HiveMetaStore.audit: ugi=alex	ip=unknown-ip-addr	cmd=Cleaning up thread local RawStore...	
2024-04-24T08:06:02,647  INFO [main] metastore.ObjectStore: RawStore: org.apache.hadoop.hive.metastore.ObjectStore@6d7bb5cc, with PersistenceManager: org.datanucleus.api.jdo.JDOPersistenceManager@756200d1 will be shutdown
2024-04-24T08:06:02,647  INFO [main] HiveMetaStore.audit: ugi=alex	ip=unknown-ip-addr	cmd=Done cleaning up thread local RawStore	
2024-04-24T08:06:02,648  INFO [main] metastore.HiveMetaStoreClient: Closed a connection to metastore, current connections: -34
2024-04-24T08:06:02,648 ERROR [main] cli.TestHiveCli: Failed due to the error:Connecting to jdbc:hive2://
Hive Session ID = 498d41e2-5c4e-4bf9-93a4-a637930cbf94
ivysettings.xml file not found in HIVE_HOME or HIVE_CONF_DIR,/home/alex/Repositories/hive/conf/ivysettings.xml will be used
ivysettings.xml file not found in HIVE_HOME or HIVE_CONF_DIR,/home/alex/Repositories/hive/conf/ivysettings.xml will be used
Connected to: Apache Hive (version 4.0.0-SNAPSHOT)
Error: Couldn't load manifest attributes. (state=,code=0)
Transaction isolation: TRANSACTION_REPEATABLE_READ
INFO  : Compiling command(queryId=alex_20240424080602_9e8d68a7-c2bf-4e45-9156-435e9425398e): show databases
INFO  : Semantic Analysis Completed (retrial = false)
INFO  : Created Hive schema: Schema(fieldSchemas:[FieldSchema(name:database_name, type:string, comment:from deserializer)], properties:null)
INFO  : Completed compiling command(queryId=alex_20240424080602_9e8d68a7-c2bf-4e45-9156-435e9425398e); Time taken: 0.01 seconds
INFO  : Concurrency mode is disabled, not creating a lock manager
INFO  : Executing command(queryId=alex_20240424080602_9e8d68a7-c2bf-4e45-9156-435e9425398e): show databases
INFO  : Starting task [Stage-0:DDL] in serial mode
DEBUG : Task getting executed using mapred tag : alex_20240424080602_9e8d68a7-c2bf-4e45-9156-435e9425398e,userid=null
INFO  : Completed executing command(queryId=alex_20240424080602_9e8d68a7-c2bf-4e45-9156-435e9425398e); Time taken: 0.014 seconds
DEBUG : Shutting down query show databases
Error: Failed to wait for operation to complete (state=08S01,code=0)
Closing: 0: jdbc:hive2://

]]></system-err>
  </testcase>
  <testcase name="testSqlFromCmd" classname="org.apache.hive.beeline.cli.TestHiveCli" time="0.204">
    <failure type="java.lang.AssertionError"><![CDATA[java.lang.AssertionError: Supported return code is 0 while the actual is 1
	at org.junit.Assert.fail(Assert.java:89)
	at org.apache.hive.beeline.cli.TestHiveCli.executeCMD(TestHiveCli.java:256)
	at org.apache.hive.beeline.cli.TestHiveCli.verifyCMD(TestHiveCli.java:266)
	at org.apache.hive.beeline.cli.TestHiveCli.testSqlFromCmd(TestHiveCli.java:145)
	at sun.reflect.NativeMethodAccessorImpl.invoke0(Native Method)
	at sun.reflect.NativeMethodAccessorImpl.invoke(NativeMethodAccessorImpl.java:62)
	at sun.reflect.DelegatingMethodAccessorImpl.invoke(DelegatingMethodAccessorImpl.java:43)
	at java.lang.reflect.Method.invoke(Method.java:498)
	at org.junit.runners.model.FrameworkMethod$1.runReflectiveCall(FrameworkMethod.java:59)
	at org.junit.internal.runners.model.ReflectiveCallable.run(ReflectiveCallable.java:12)
	at org.junit.runners.model.FrameworkMethod.invokeExplosively(FrameworkMethod.java:56)
	at org.junit.internal.runners.statements.InvokeMethod.evaluate(InvokeMethod.java:17)
	at org.junit.internal.runners.statements.RunBefores.evaluate(RunBefores.java:26)
	at org.junit.internal.runners.statements.RunAfters.evaluate(RunAfters.java:27)
	at org.junit.runners.ParentRunner$3.evaluate(ParentRunner.java:306)
	at org.junit.runners.BlockJUnit4ClassRunner$1.evaluate(BlockJUnit4ClassRunner.java:100)
	at org.junit.runners.ParentRunner.runLeaf(ParentRunner.java:366)
	at org.junit.runners.BlockJUnit4ClassRunner.runChild(BlockJUnit4ClassRunner.java:103)
	at org.junit.runners.BlockJUnit4ClassRunner.runChild(BlockJUnit4ClassRunner.java:63)
	at org.junit.runners.ParentRunner$4.run(ParentRunner.java:331)
	at org.junit.runners.ParentRunner$1.schedule(ParentRunner.java:79)
	at org.junit.runners.ParentRunner.runChildren(ParentRunner.java:329)
	at org.junit.runners.ParentRunner.access$100(ParentRunner.java:66)
	at org.junit.runners.ParentRunner$2.evaluate(ParentRunner.java:293)
	at org.junit.internal.runners.statements.RunBefores.evaluate(RunBefores.java:26)
	at org.junit.runners.ParentRunner$3.evaluate(ParentRunner.java:306)
	at org.junit.runners.ParentRunner.run(ParentRunner.java:413)
	at org.junit.runner.JUnitCore.run(JUnitCore.java:137)
	at org.junit.runner.JUnitCore.run(JUnitCore.java:115)
	at org.junit.vintage.engine.execution.RunnerExecutor.execute(RunnerExecutor.java:43)
	at java.util.stream.ForEachOps$ForEachOp$OfRef.accept(ForEachOps.java:183)
	at java.util.stream.ReferencePipeline$3$1.accept(ReferencePipeline.java:193)
	at java.util.Iterator.forEachRemaining(Iterator.java:116)
	at java.util.Spliterators$IteratorSpliterator.forEachRemaining(Spliterators.java:1801)
	at java.util.stream.AbstractPipeline.copyInto(AbstractPipeline.java:482)
	at java.util.stream.AbstractPipeline.wrapAndCopyInto(AbstractPipeline.java:472)
	at java.util.stream.ForEachOps$ForEachOp.evaluateSequential(ForEachOps.java:150)
	at java.util.stream.ForEachOps$ForEachOp$OfRef.evaluateSequential(ForEachOps.java:173)
	at java.util.stream.AbstractPipeline.evaluate(AbstractPipeline.java:234)
	at java.util.stream.ReferencePipeline.forEach(ReferencePipeline.java:485)
	at org.junit.vintage.engine.VintageTestEngine.executeAllChildren(VintageTestEngine.java:82)
	at org.junit.vintage.engine.VintageTestEngine.execute(VintageTestEngine.java:73)
	at org.junit.platform.launcher.core.DefaultLauncher.execute(DefaultLauncher.java:248)
	at org.junit.platform.launcher.core.DefaultLauncher.lambda$execute$5(DefaultLauncher.java:211)
	at org.junit.platform.launcher.core.DefaultLauncher.withInterceptedStreams(DefaultLauncher.java:226)
	at org.junit.platform.launcher.core.DefaultLauncher.execute(DefaultLauncher.java:199)
	at org.junit.platform.launcher.core.DefaultLauncher.execute(DefaultLauncher.java:132)
	at org.apache.maven.surefire.junitplatform.JUnitPlatformProvider.invokeAllTests(JUnitPlatformProvider.java:154)
	at org.apache.maven.surefire.junitplatform.JUnitPlatformProvider.invoke(JUnitPlatformProvider.java:123)
	at org.apache.maven.surefire.booter.ForkedBooter.runSuitesInProcess(ForkedBooter.java:377)
	at org.apache.maven.surefire.booter.ForkedBooter.execute(ForkedBooter.java:138)
	at org.apache.maven.surefire.booter.ForkedBooter.run(ForkedBooter.java:465)
	at org.apache.maven.surefire.booter.ForkedBooter.main(ForkedBooter.java:451)
]]></failure>
    <system-err><![CDATA[2024-04-24T08:06:02,652 ERROR [main] cli.TestHiveCli: Failed to execute command due to the error: java.lang.NullPointerException: Null output stream
2024-04-24T08:06:02,709  WARN [main] conf.HiveConf: HiveConf of name hive.dummyparam.test.server.specific.config.override does not exist
2024-04-24T08:06:02,709  WARN [main] conf.HiveConf: HiveConf of name hive.dummyparam.test.server.specific.config.hiveserver2site does not exist
2024-04-24T08:06:02,709  WARN [main] conf.HiveConf: HiveConf of name hive.dummyparam.test.server.specific.config.metastoresite does not exist
2024-04-24T08:06:02,710  INFO [main] SessionState: Hive Session ID = e6cd5014-d6f0-4367-8f01-8ca445fb62a4
2024-04-24T08:06:02,710  INFO [main] DependencyResolver: ivysettings.xml file not found in HIVE_HOME or HIVE_CONF_DIR,/home/alex/Repositories/hive/conf/ivysettings.xml will be used
2024-04-24T08:06:02,717  INFO [main] session.SessionState: Created HDFS directory: /tmp/hive/alex/e6cd5014-d6f0-4367-8f01-8ca445fb62a4
2024-04-24T08:06:02,720  INFO [main] session.SessionState: Created local directory: /home/alex/Repositories/hive/beeline/target/tmp/alex/e6cd5014-d6f0-4367-8f01-8ca445fb62a4
2024-04-24T08:06:02,724  INFO [main] session.SessionState: Created HDFS directory: /tmp/hive/alex/e6cd5014-d6f0-4367-8f01-8ca445fb62a4/_tmp_space.db
2024-04-24T08:06:02,724  INFO [main] sqlstd.SQLStdHiveAccessController: Created SQLStdHiveAccessController for session context : HiveAuthzSessionContext [sessionString=e6cd5014-d6f0-4367-8f01-8ca445fb62a4, clientType=HIVESERVER2]
2024-04-24T08:06:02,724  INFO [main] metastore.HiveMetaStoreClient: HMS client filtering is enabled.
2024-04-24T08:06:02,725  INFO [main] metastore.HMSHandler: 0: Opening raw store with implementation class:org.apache.hadoop.hive.metastore.ObjectStore
2024-04-24T08:06:02,725  INFO [main] metastore.PersistenceManagerProvider: Configuration datanucleus.autoStartMechanismMode is not set. Defaulting to 'ignored'
2024-04-24T08:06:02,725  INFO [main] metastore.ObjectStore: RawStore: org.apache.hadoop.hive.metastore.ObjectStore@6684589a, with PersistenceManager: null will be shutdown
2024-04-24T08:06:02,725  INFO [main] metastore.ObjectStore: RawStore: org.apache.hadoop.hive.metastore.ObjectStore@6684589a, with PersistenceManager: org.datanucleus.api.jdo.JDOPersistenceManager@5621a671 created in the thread with id: 1
2024-04-24T08:06:02,727  INFO [main] metastore.HMSHandler: Created RawStore: org.apache.hadoop.hive.metastore.ObjectStore@6684589a from thread id: 1
2024-04-24T08:06:02,728  INFO [main] metastore.HMSHandler: HMS server filtering is disabled by configuration
2024-04-24T08:06:02,728  INFO [main] metastore.RetryingMetaStoreClient: RetryingMetaStoreClient proxy=class org.apache.hadoop.hive.ql.metadata.SessionHiveMetaStoreClient ugi=alex (auth:SIMPLE) retries=1 delay=1 lifetime=0
2024-04-24T08:06:02,728  INFO [main] service.CompositeService: Operation log root directory is created: /home/alex/Repositories/hive/beeline/target/tmp/alex/operation_logs
2024-04-24T08:06:02,728  INFO [main] service.CompositeService: HiveServer2: Background operation thread pool size: 100
2024-04-24T08:06:02,728  INFO [main] service.CompositeService: HiveServer2: Background operation thread wait queue size: 100
2024-04-24T08:06:02,728  INFO [main] service.CompositeService: HiveServer2: Background operation thread keepalive time: 10 seconds
2024-04-24T08:06:02,728  INFO [main] service.CompositeService: Connections limit are user: 0 ipaddress: 0 user-ipaddress: 0
2024-04-24T08:06:02,730  INFO [main] cleanup.EventualCleanupService: EventualCleanupService started with 10 threads and queue of size 10000
ERROR StatusLogger Log4j2 ConfigurationScheduler attempted to increment scheduled items after start
ERROR StatusLogger Log4j2 ConfigurationScheduler attempted to increment scheduled items after start
2024-04-24T08:06:02,731  INFO [main] service.AbstractService: Service:OperationManager is inited.
2024-04-24T08:06:02,731  INFO [main] service.AbstractService: Service:SessionManager is inited.
2024-04-24T08:06:02,731  INFO [main] service.AbstractService: Service:CLIService is inited.
2024-04-24T08:06:02,731  INFO [main] service.AbstractService: Service:OperationManager is started.
2024-04-24T08:06:02,731  INFO [main] service.AbstractService: Service:SessionManager is started.
2024-04-24T08:06:02,731  INFO [main] service.AbstractService: Service:CLIService is started.
2024-04-24T08:06:02,732  INFO [main] service.AbstractService: Service:ThriftBinaryCLIService is inited.
2024-04-24T08:06:02,732  INFO [main] thrift.ThriftCLIService: Client protocol version: HIVE_CLI_SERVICE_PROTOCOL_V10
2024-04-24T08:06:02,732  INFO [main] thrift.ThriftCLIService: Creating Hive session handle for user [null] from IP null
2024-04-24T08:06:02,733  INFO [main] DependencyResolver: ivysettings.xml file not found in HIVE_HOME or HIVE_CONF_DIR,/home/alex/Repositories/hive/conf/ivysettings.xml will be used
2024-04-24T08:06:02,740  INFO [main] session.SessionState: Created HDFS directory: /tmp/hive/alex/9726a9e5-14fb-42ec-a6e0-c566c1602316
2024-04-24T08:06:02,743  INFO [main] session.SessionState: Created local directory: /home/alex/Repositories/hive/beeline/target/tmp/alex/9726a9e5-14fb-42ec-a6e0-c566c1602316
2024-04-24T08:06:02,746  INFO [main] session.SessionState: Created HDFS directory: /tmp/hive/alex/9726a9e5-14fb-42ec-a6e0-c566c1602316/_tmp_space.db
2024-04-24T08:06:02,747  INFO [main] session.SessionState: Reloading auxiliary JAR files
2024-04-24T08:06:02,747  WARN [main] session.SessionState: Configuration hive.reloadable.aux.jars.path not specified
2024-04-24T08:06:02,747  INFO [main] HiveMetaStore.audit: ugi=alex	ip=unknown-ip-addr	cmd=Cleaning up thread local RawStore...	
2024-04-24T08:06:02,747  INFO [main] metastore.ObjectStore: RawStore: org.apache.hadoop.hive.metastore.ObjectStore@6684589a, with PersistenceManager: org.datanucleus.api.jdo.JDOPersistenceManager@5621a671 will be shutdown
2024-04-24T08:06:02,747  INFO [main] HiveMetaStore.audit: ugi=alex	ip=unknown-ip-addr	cmd=Done cleaning up thread local RawStore	
2024-04-24T08:06:02,747  INFO [main] metastore.HiveMetaStoreClient: Closed a connection to metastore, current connections: -35
2024-04-24T08:06:02,747  INFO [main] session.HiveSessionImpl: Operation log session directory is created: /home/alex/Repositories/hive/beeline/target/tmp/alex/operation_logs/9726a9e5-14fb-42ec-a6e0-c566c1602316
2024-04-24T08:06:02,747  INFO [main] service.CompositeService: Session opened, SessionHandle [9726a9e5-14fb-42ec-a6e0-c566c1602316], current sessions:1
2024-04-24T08:06:02,747  INFO [main] thrift.ThriftCLIService: Login attempt is successful for user : null
2024-04-24T08:06:02,791  WARN [main] conf.HiveConf: HiveConf of name hive.dummyparam.test.server.specific.config.override does not exist
2024-04-24T08:06:02,792  WARN [main] conf.HiveConf: HiveConf of name hive.dummyparam.test.server.specific.config.hiveserver2site does not exist
2024-04-24T08:06:02,792  WARN [main] conf.HiveConf: HiveConf of name hive.dummyparam.test.server.specific.config.metastoresite does not exist
2024-04-24T08:06:02,792  INFO [9726a9e5-14fb-42ec-a6e0-c566c1602316 main] session.HiveSessionImpl: executing set
2024-04-24T08:06:02,793  INFO [9726a9e5-14fb-42ec-a6e0-c566c1602316 main] operation.HiveCommandOperation: Putting temp output to file /home/alex/Repositories/hive/beeline/target/tmp/alex/9726a9e5-14fb-42ec-a6e0-c566c16023161787605805672930501.pipeout and error output to file /home/alex/Repositories/hive/beeline/target/tmp/alex/9726a9e5-14fb-42ec-a6e0-c566c16023169000222639492015778.pipeout
2024-04-24T08:06:02,793  INFO [9726a9e5-14fb-42ec-a6e0-c566c1602316 main] operation.OperationManager: Adding operation: OperationHandle [opType=EXECUTE_STATEMENT, getHandleIdentifier()=76a13fcf-3800-4b39-8d85-76ee495e93fd] SessionHandle [9726a9e5-14fb-42ec-a6e0-c566c1602316]
2024-04-24T08:06:02,793  INFO [9726a9e5-14fb-42ec-a6e0-c566c1602316 main] common.LogUtils: Thread context registration is done.
DEBUG StatusLogger Building Plugin[name=filter, class=org.apache.hadoop.hive.ql.log.LogDivertAppender$NameFilter].
DEBUG StatusLogger createFilter(loggingLevel="EXECUTION")
DEBUG StatusLogger Building Plugin[name=layout, class=org.apache.logging.log4j.core.layout.PatternLayout].
DEBUG StatusLogger PatternLayout$Builder(pattern="%-5p : %m%n", PatternSelector=null, Configuration(HiveLog4j2Test), Replace=null, charset="null", alwaysWriteExceptions="null", disableAnsi="null", noConsoleNoAnsi="null", header="null", footer="null")
DEBUG StatusLogger Building Plugin[name=appender, class=org.apache.hadoop.hive.ql.log.HushableRandomAccessFileAppender].
DEBUG StatusLogger createAppender(fileName="/home/alex/Repositories/hive/beeline/target/tmp/alex/operation_logs/9726a9e5-14fb-42ec-a6e0-c566c1602316/alex_20240424080602_e2de2072-494e-45de-9af8-e954dcdb32d4", append="null", name="query-file-appender", immediateFlush="null", bufferSize="null", ignoreExceptions="null", PatternLayout(org.apache.logging.log4j.core.layout.PatternLayout with name PatternLayout), NameFilter(org.apache.hadoop.hive.ql.log.LogDivertAppender$NameFilter with name NameFilter), advertise="null", advertiseURI="null", Configuration(HiveLog4j2Test))
DEBUG StatusLogger Starting RandomAccessFileManager /home/alex/Repositories/hive/beeline/target/tmp/alex/operation_logs/9726a9e5-14fb-42ec-a6e0-c566c1602316/alex_20240424080602_e2de2072-494e-45de-9af8-e954dcdb32d4
DEBUG StatusLogger Building Plugin[name=, class=org.apache.hadoop.hive.ql.log.LogDivertAppenderForTest$TestFilter].
DEBUG StatusLogger createFilter()
DEBUG StatusLogger Building Plugin[name=, class=org.apache.logging.log4j.core.layout.PatternLayout].
DEBUG StatusLogger PatternLayout$Builder(pattern="%-5p : %m%n", PatternSelector=null, Configuration(HiveLog4j2Test), Replace=null, charset="null", alwaysWriteExceptions="null", disableAnsi="null", noConsoleNoAnsi="null", header="null", footer="null")
DEBUG StatusLogger Building Plugin[name=appender, class=org.apache.hadoop.hive.ql.log.HushableRandomAccessFileAppender].
DEBUG StatusLogger createAppender(fileName="/home/alex/Repositories/hive/beeline/target/tmp/alex/operation_logs/9726a9e5-14fb-42ec-a6e0-c566c1602316/alex_20240424080602_e2de2072-494e-45de-9af8-e954dcdb32d4.test", append="null", name="test-query-file-appender", immediateFlush="null", bufferSize="null", ignoreExceptions="null", PatternLayout(org.apache.logging.log4j.core.layout.PatternLayout with name PatternLayout), test-filter(org.apache.hadoop.hive.ql.log.LogDivertAppenderForTest$TestFilter with name test-filter), advertise="null", advertiseURI="null", Configuration(HiveLog4j2Test))
DEBUG StatusLogger Starting RandomAccessFileManager /home/alex/Repositories/hive/beeline/target/tmp/alex/operation_logs/9726a9e5-14fb-42ec-a6e0-c566c1602316/alex_20240424080602_e2de2072-494e-45de-9af8-e954dcdb32d4.test
2024-04-24T08:06:02,796  INFO [9726a9e5-14fb-42ec-a6e0-c566c1602316 main] operation.HiveCommandOperation: [opType=EXECUTE_STATEMENT, queryId=alex_20240424080602_e2de2072-494e-45de-9af8-e954dcdb32d4, startTime=1713971162792, sessionId=9726a9e5-14fb-42ec-a6e0-c566c1602316, createTime=1713971162732, userName=null, ipAddress=null]
2024-04-24T08:06:02,807  INFO [9726a9e5-14fb-42ec-a6e0-c566c1602316 main] common.LogUtils: Unregistered logging context.
2024-04-24T08:06:02,809  INFO [9726a9e5-14fb-42ec-a6e0-c566c1602316 main] operation.OperationManager: Closing operation: OperationHandle [opType=EXECUTE_STATEMENT, getHandleIdentifier()=76a13fcf-3800-4b39-8d85-76ee495e93fd]
2024-04-24T08:06:02,809  INFO [9726a9e5-14fb-42ec-a6e0-c566c1602316 main] operation.OperationManager: Removed queryId: alex_20240424080602_e2de2072-494e-45de-9af8-e954dcdb32d4 corresponding to operation: OperationHandle [opType=EXECUTE_STATEMENT, getHandleIdentifier()=76a13fcf-3800-4b39-8d85-76ee495e93fd] with tag: null
2024-04-24T08:06:02,810  INFO [9726a9e5-14fb-42ec-a6e0-c566c1602316 main] operation.HiveCommandOperation: Closing operation log /home/alex/Repositories/hive/beeline/target/tmp/alex/operation_logs/9726a9e5-14fb-42ec-a6e0-c566c1602316/alex_20240424080602_e2de2072-494e-45de-9af8-e954dcdb32d4 without delay
2024-04-24T08:06:02,811  INFO [9726a9e5-14fb-42ec-a6e0-c566c1602316 main] session.HiveSessionImpl: executing show databases
2024-04-24T08:06:02,812  INFO [9726a9e5-14fb-42ec-a6e0-c566c1602316 main] operation.OperationManager: Adding operation: OperationHandle [opType=EXECUTE_STATEMENT, getHandleIdentifier()=32cd983d-ca0f-40c9-87b2-9b4e6cbbb20f] SessionHandle [9726a9e5-14fb-42ec-a6e0-c566c1602316]
2024-04-24T08:06:02,812  INFO [9726a9e5-14fb-42ec-a6e0-c566c1602316 main] common.LogUtils: Thread context registration is done.
DEBUG StatusLogger Building Plugin[name=filter, class=org.apache.hadoop.hive.ql.log.LogDivertAppender$NameFilter].
DEBUG StatusLogger createFilter(loggingLevel="EXECUTION")
DEBUG StatusLogger Building Plugin[name=layout, class=org.apache.logging.log4j.core.layout.PatternLayout].
DEBUG StatusLogger PatternLayout$Builder(pattern="%-5p : %m%n", PatternSelector=null, Configuration(HiveLog4j2Test), Replace=null, charset="null", alwaysWriteExceptions="null", disableAnsi="null", noConsoleNoAnsi="null", header="null", footer="null")
DEBUG StatusLogger Building Plugin[name=appender, class=org.apache.hadoop.hive.ql.log.HushableRandomAccessFileAppender].
DEBUG StatusLogger createAppender(fileName="/home/alex/Repositories/hive/beeline/target/tmp/alex/operation_logs/9726a9e5-14fb-42ec-a6e0-c566c1602316/alex_20240424080602_c2a1e915-d3c0-4cb3-b3cd-428fa9a2065f", append="null", name="query-file-appender", immediateFlush="null", bufferSize="null", ignoreExceptions="null", PatternLayout(org.apache.logging.log4j.core.layout.PatternLayout with name PatternLayout), NameFilter(org.apache.hadoop.hive.ql.log.LogDivertAppender$NameFilter with name NameFilter), advertise="null", advertiseURI="null", Configuration(HiveLog4j2Test))
DEBUG StatusLogger Starting RandomAccessFileManager /home/alex/Repositories/hive/beeline/target/tmp/alex/operation_logs/9726a9e5-14fb-42ec-a6e0-c566c1602316/alex_20240424080602_c2a1e915-d3c0-4cb3-b3cd-428fa9a2065f
DEBUG StatusLogger Building Plugin[name=, class=org.apache.hadoop.hive.ql.log.LogDivertAppenderForTest$TestFilter].
DEBUG StatusLogger createFilter()
DEBUG StatusLogger Building Plugin[name=, class=org.apache.logging.log4j.core.layout.PatternLayout].
DEBUG StatusLogger PatternLayout$Builder(pattern="%-5p : %m%n", PatternSelector=null, Configuration(HiveLog4j2Test), Replace=null, charset="null", alwaysWriteExceptions="null", disableAnsi="null", noConsoleNoAnsi="null", header="null", footer="null")
DEBUG StatusLogger Building Plugin[name=appender, class=org.apache.hadoop.hive.ql.log.HushableRandomAccessFileAppender].
DEBUG StatusLogger createAppender(fileName="/home/alex/Repositories/hive/beeline/target/tmp/alex/operation_logs/9726a9e5-14fb-42ec-a6e0-c566c1602316/alex_20240424080602_c2a1e915-d3c0-4cb3-b3cd-428fa9a2065f.test", append="null", name="test-query-file-appender", immediateFlush="null", bufferSize="null", ignoreExceptions="null", PatternLayout(org.apache.logging.log4j.core.layout.PatternLayout with name PatternLayout), test-filter(org.apache.hadoop.hive.ql.log.LogDivertAppenderForTest$TestFilter with name test-filter), advertise="null", advertiseURI="null", Configuration(HiveLog4j2Test))
DEBUG StatusLogger Starting RandomAccessFileManager /home/alex/Repositories/hive/beeline/target/tmp/alex/operation_logs/9726a9e5-14fb-42ec-a6e0-c566c1602316/alex_20240424080602_c2a1e915-d3c0-4cb3-b3cd-428fa9a2065f.test
2024-04-24T08:06:02,816  INFO [9726a9e5-14fb-42ec-a6e0-c566c1602316 main] operation.SQLOperation: [opType=EXECUTE_STATEMENT, queryId=alex_20240424080602_c2a1e915-d3c0-4cb3-b3cd-428fa9a2065f, startTime=1713971162812, sessionId=9726a9e5-14fb-42ec-a6e0-c566c1602316, createTime=1713971162732, userName=null, ipAddress=null]
2024-04-24T08:06:02,817  INFO [9726a9e5-14fb-42ec-a6e0-c566c1602316 main] ql.Driver: Compiling command(queryId=alex_20240424080602_c2a1e915-d3c0-4cb3-b3cd-428fa9a2065f): show databases
2024-04-24T08:06:02,818  INFO [9726a9e5-14fb-42ec-a6e0-c566c1602316 main] metastore.HiveMetaStoreClient: HMS client filtering is enabled.
2024-04-24T08:06:02,818  INFO [9726a9e5-14fb-42ec-a6e0-c566c1602316 main] metastore.HMSHandler: 0: Opening raw store with implementation class:org.apache.hadoop.hive.metastore.ObjectStore
2024-04-24T08:06:02,818  INFO [9726a9e5-14fb-42ec-a6e0-c566c1602316 main] metastore.PersistenceManagerProvider: Configuration datanucleus.autoStartMechanismMode is not set. Defaulting to 'ignored'
2024-04-24T08:06:02,819  INFO [9726a9e5-14fb-42ec-a6e0-c566c1602316 main] metastore.ObjectStore: RawStore: org.apache.hadoop.hive.metastore.ObjectStore@98712fa, with PersistenceManager: null will be shutdown
2024-04-24T08:06:02,819  INFO [9726a9e5-14fb-42ec-a6e0-c566c1602316 main] metastore.ObjectStore: RawStore: org.apache.hadoop.hive.metastore.ObjectStore@98712fa, with PersistenceManager: org.datanucleus.api.jdo.JDOPersistenceManager@61288814 created in the thread with id: 1
2024-04-24T08:06:02,821  INFO [9726a9e5-14fb-42ec-a6e0-c566c1602316 main] metastore.HMSHandler: Created RawStore: org.apache.hadoop.hive.metastore.ObjectStore@98712fa from thread id: 1
2024-04-24T08:06:02,821  INFO [9726a9e5-14fb-42ec-a6e0-c566c1602316 main] metastore.HMSHandler: HMS server filtering is disabled by configuration
2024-04-24T08:06:02,821  INFO [9726a9e5-14fb-42ec-a6e0-c566c1602316 main] metastore.RetryingMetaStoreClient: RetryingMetaStoreClient proxy=class org.apache.hadoop.hive.ql.metadata.SessionHiveMetaStoreClient ugi=alex (auth:SIMPLE) retries=1 delay=1 lifetime=0
2024-04-24T08:06:02,824  INFO [9726a9e5-14fb-42ec-a6e0-c566c1602316 main] ql.Driver: Semantic Analysis Completed (retrial = false)
2024-04-24T08:06:02,825  INFO [9726a9e5-14fb-42ec-a6e0-c566c1602316 main] ql.Driver: Created Hive schema: Schema(fieldSchemas:[FieldSchema(name:database_name, type:string, comment:from deserializer)], properties:null)
2024-04-24T08:06:02,826  INFO [9726a9e5-14fb-42ec-a6e0-c566c1602316 main] exec.ListSinkOperator: Initializing Operator: LIST_SINK[0]
2024-04-24T08:06:02,826  INFO [9726a9e5-14fb-42ec-a6e0-c566c1602316 main] metadata.Hive: Dumping metastore api call timing information for : compilation phase
2024-04-24T08:06:02,826  INFO [9726a9e5-14fb-42ec-a6e0-c566c1602316 main] metadata.Hive: Total time spent in each metastore function (ms): {isCompatibleWith_(Configuration)=0, flushCache_()=0}
2024-04-24T08:06:02,826  INFO [9726a9e5-14fb-42ec-a6e0-c566c1602316 main] ql.Driver: Completed compiling command(queryId=alex_20240424080602_c2a1e915-d3c0-4cb3-b3cd-428fa9a2065f); Time taken: 0.009 seconds
2024-04-24T08:06:02,826  INFO [9726a9e5-14fb-42ec-a6e0-c566c1602316 main] common.LogUtils: Unregistered logging context.
2024-04-24T08:06:02,827  INFO [HiveServer2-Background-Pool: Thread-563] common.LogUtils: Thread context registration is done.
2024-04-24T08:06:02,827  INFO [HiveServer2-Background-Pool: Thread-563] reexec.ReExecDriver: Execution #1 of query
2024-04-24T08:06:02,827  INFO [HiveServer2-Background-Pool: Thread-563] ql.Driver: Concurrency mode is disabled, not creating a lock manager
2024-04-24T08:06:02,828  INFO [HiveServer2-Background-Pool: Thread-563] ql.Driver: Executing command(queryId=alex_20240424080602_c2a1e915-d3c0-4cb3-b3cd-428fa9a2065f): show databases
2024-04-24T08:06:02,828  INFO [HiveServer2-Background-Pool: Thread-563] ql.Driver: Starting task [Stage-0:DDL] in serial mode
2024-04-24T08:06:02,829  INFO [HiveServer2-Background-Pool: Thread-563] HiveMetaStore.audit: ugi=alex	ip=unknown-ip-addr	cmd=get_databases: @hive#	
2024-04-24T08:06:02,830  INFO [HiveServer2-Background-Pool: Thread-563] metastore.HMSHandler: 26: Opening raw store with implementation class:org.apache.hadoop.hive.metastore.ObjectStore
2024-04-24T08:06:02,831  INFO [HiveServer2-Background-Pool: Thread-563] metastore.ObjectStore: RawStore: org.apache.hadoop.hive.metastore.ObjectStore@7472d0a1, with PersistenceManager: null will be shutdown
2024-04-24T08:06:02,831  INFO [HiveServer2-Background-Pool: Thread-563] metastore.ObjectStore: RawStore: org.apache.hadoop.hive.metastore.ObjectStore@7472d0a1, with PersistenceManager: org.datanucleus.api.jdo.JDOPersistenceManager@3170504b created in the thread with id: 563
2024-04-24T08:06:02,835  INFO [HiveServer2-Background-Pool: Thread-563] metastore.HMSHandler: Created RawStore: org.apache.hadoop.hive.metastore.ObjectStore@7472d0a1 from thread id: 563
2024-04-24T08:06:02,837  INFO [HiveServer2-Background-Pool: Thread-563] sqlstd.SQLStdHiveAccessController: Created SQLStdHiveAccessController for session context : HiveAuthzSessionContext [sessionString=9726a9e5-14fb-42ec-a6e0-c566c1602316, clientType=HIVESERVER2]
2024-04-24T08:06:02,837  INFO [HiveServer2-Background-Pool: Thread-563] exec.DDLTask: Found 3 database(s) matching the SHOW DATABASES statement.
2024-04-24T08:06:02,845  INFO [HiveServer2-Background-Pool: Thread-563] metadata.Hive: Dumping metastore api call timing information for : execution phase
2024-04-24T08:06:02,845  INFO [HiveServer2-Background-Pool: Thread-563] metadata.Hive: Total time spent in each metastore function (ms): {isCompatibleWith_(Configuration)=0, getAllDatabases_()=8}
2024-04-24T08:06:02,845  INFO [HiveServer2-Background-Pool: Thread-563] ql.Driver: Completed executing command(queryId=alex_20240424080602_c2a1e915-d3c0-4cb3-b3cd-428fa9a2065f); Time taken: 0.017 seconds
2024-04-24T08:06:02,846  INFO [HiveServer2-Background-Pool: Thread-563] common.LogUtils: Unregistered logging context.
2024-04-24T08:06:02,849  INFO [9726a9e5-14fb-42ec-a6e0-c566c1602316 main] operation.OperationManager: Closing operation: OperationHandle [opType=EXECUTE_STATEMENT, getHandleIdentifier()=32cd983d-ca0f-40c9-87b2-9b4e6cbbb20f]
2024-04-24T08:06:02,849  INFO [9726a9e5-14fb-42ec-a6e0-c566c1602316 main] operation.OperationManager: Removed queryId: alex_20240424080602_c2a1e915-d3c0-4cb3-b3cd-428fa9a2065f corresponding to operation: OperationHandle [opType=EXECUTE_STATEMENT, getHandleIdentifier()=32cd983d-ca0f-40c9-87b2-9b4e6cbbb20f] with tag: null
2024-04-24T08:06:02,849  INFO [9726a9e5-14fb-42ec-a6e0-c566c1602316 main] ql.Context: Deleting scratch dir: file:/home/alex/Repositories/hive/beeline/target/tmp/alex/9726a9e5-14fb-42ec-a6e0-c566c1602316/hive_2024-04-24_08-06-02_817_9126578341675825115-1
2024-04-24T08:06:02,849  INFO [9726a9e5-14fb-42ec-a6e0-c566c1602316 main] cleanup.EventualCleanupService: Delete file:/home/alex/Repositories/hive/beeline/target/tmp/alex/9726a9e5-14fb-42ec-a6e0-c566c1602316/hive_2024-04-24_08-06-02_817_9126578341675825115-1 operation was queued
2024-04-24T08:06:02,849  INFO [9726a9e5-14fb-42ec-a6e0-c566c1602316 main] exec.ListSinkOperator: Closing Operator: LIST_SINK[0]
2024-04-24T08:06:02,849  INFO [9726a9e5-14fb-42ec-a6e0-c566c1602316 main] exec.ListSinkOperator: RECORDS_OUT_INTERMEDIATE:0, RECORDS_OUT_OPERATOR_LIST_SINK_0:0, 
2024-04-24T08:06:02,849  INFO [9726a9e5-14fb-42ec-a6e0-c566c1602316 main] operation.SQLOperation: Closing operation log /home/alex/Repositories/hive/beeline/target/tmp/alex/operation_logs/9726a9e5-14fb-42ec-a6e0-c566c1602316/alex_20240424080602_c2a1e915-d3c0-4cb3-b3cd-428fa9a2065f without delay
2024-04-24T08:06:02,850  INFO [EventualCleanupService thread 0] cleanup.EventualCleanupService: Deleted file:/home/alex/Repositories/hive/beeline/target/tmp/alex/9726a9e5-14fb-42ec-a6e0-c566c1602316/hive_2024-04-24_08-06-02_817_9126578341675825115-1
2024-04-24T08:06:02,850  INFO [main] service.CompositeService: Session closed, SessionHandle [9726a9e5-14fb-42ec-a6e0-c566c1602316], current sessions:0
2024-04-24T08:06:02,850  INFO [9726a9e5-14fb-42ec-a6e0-c566c1602316 main] session.HiveSessionImpl: Operation log session directory is deleted: /home/alex/Repositories/hive/beeline/target/tmp/alex/operation_logs/9726a9e5-14fb-42ec-a6e0-c566c1602316
2024-04-24T08:06:02,850  INFO [main] cleanup.EventualCleanupService: Delete /tmp/hive/alex/9726a9e5-14fb-42ec-a6e0-c566c1602316 operation was queued
2024-04-24T08:06:02,850  INFO [main] cleanup.EventualCleanupService: Delete /home/alex/Repositories/hive/beeline/target/tmp/alex/9726a9e5-14fb-42ec-a6e0-c566c1602316 operation was queued
2024-04-24T08:06:02,850  INFO [EventualCleanupService thread 2] cleanup.EventualCleanupService: Deleted /home/alex/Repositories/hive/beeline/target/tmp/alex/9726a9e5-14fb-42ec-a6e0-c566c1602316
2024-04-24T08:06:02,850  INFO [EventualCleanupService thread 1] cleanup.EventualCleanupService: Deleted /tmp/hive/alex/9726a9e5-14fb-42ec-a6e0-c566c1602316
2024-04-24T08:06:02,851  INFO [main] HiveMetaStore.audit: ugi=alex	ip=unknown-ip-addr	cmd=Cleaning up thread local RawStore...	
2024-04-24T08:06:02,851  INFO [main] metastore.ObjectStore: RawStore: org.apache.hadoop.hive.metastore.ObjectStore@98712fa, with PersistenceManager: org.datanucleus.api.jdo.JDOPersistenceManager@61288814 will be shutdown
2024-04-24T08:06:02,851  INFO [main] HiveMetaStore.audit: ugi=alex	ip=unknown-ip-addr	cmd=Done cleaning up thread local RawStore	
2024-04-24T08:06:02,851  INFO [main] metastore.HiveMetaStoreClient: Closed a connection to metastore, current connections: -36
2024-04-24T08:06:02,852 ERROR [main] cli.TestHiveCli: Failed due to the error:Connecting to jdbc:hive2://
Hive Session ID = e6cd5014-d6f0-4367-8f01-8ca445fb62a4
ivysettings.xml file not found in HIVE_HOME or HIVE_CONF_DIR,/home/alex/Repositories/hive/conf/ivysettings.xml will be used
ivysettings.xml file not found in HIVE_HOME or HIVE_CONF_DIR,/home/alex/Repositories/hive/conf/ivysettings.xml will be used
Connected to: Apache Hive (version 4.0.0-SNAPSHOT)
Error: Couldn't load manifest attributes. (state=,code=0)
Transaction isolation: TRANSACTION_REPEATABLE_READ
INFO  : Compiling command(queryId=alex_20240424080602_c2a1e915-d3c0-4cb3-b3cd-428fa9a2065f): show databases
INFO  : Semantic Analysis Completed (retrial = false)
INFO  : Created Hive schema: Schema(fieldSchemas:[FieldSchema(name:database_name, type:string, comment:from deserializer)], properties:null)
INFO  : Completed compiling command(queryId=alex_20240424080602_c2a1e915-d3c0-4cb3-b3cd-428fa9a2065f); Time taken: 0.009 seconds
INFO  : Concurrency mode is disabled, not creating a lock manager
INFO  : Executing command(queryId=alex_20240424080602_c2a1e915-d3c0-4cb3-b3cd-428fa9a2065f): show databases
INFO  : Starting task [Stage-0:DDL] in serial mode
DEBUG : Task getting executed using mapred tag : alex_20240424080602_c2a1e915-d3c0-4cb3-b3cd-428fa9a2065f,userid=null
INFO  : Completed executing command(queryId=alex_20240424080602_c2a1e915-d3c0-4cb3-b3cd-428fa9a2065f); Time taken: 0.017 seconds
DEBUG : Shutting down query show databases
Error: Failed to wait for operation to complete (state=08S01,code=0)
Closing: 0: jdbc:hive2://

]]></system-err>
  </testcase>
  <testcase name="testInvalidDatabaseOptions" classname="org.apache.hive.beeline.cli.TestHiveCli" time="0.258"/>
  <testcase name="testVariables" classname="org.apache.hive.beeline.cli.TestHiveCli" time="0.324"/>
  <testcase name="testInvalidOptions" classname="org.apache.hive.beeline.cli.TestHiveCli" time="0.002"/>
  <testcase name="testVariablesForSource" classname="org.apache.hive.beeline.cli.TestHiveCli" time="0.596">
    <failure type="java.lang.AssertionError"><![CDATA[java.lang.AssertionError: Supported return code is 0 while the actual is 2
	at org.junit.Assert.fail(Assert.java:89)
	at org.apache.hive.beeline.cli.TestHiveCli.executeCMD(TestHiveCli.java:256)
	at org.apache.hive.beeline.cli.TestHiveCli.verifyCMD(TestHiveCli.java:266)
	at org.apache.hive.beeline.cli.TestHiveCli.testVariablesForSource(TestHiveCli.java:198)
	at sun.reflect.NativeMethodAccessorImpl.invoke0(Native Method)
	at sun.reflect.NativeMethodAccessorImpl.invoke(NativeMethodAccessorImpl.java:62)
	at sun.reflect.DelegatingMethodAccessorImpl.invoke(DelegatingMethodAccessorImpl.java:43)
	at java.lang.reflect.Method.invoke(Method.java:498)
	at org.junit.runners.model.FrameworkMethod$1.runReflectiveCall(FrameworkMethod.java:59)
	at org.junit.internal.runners.model.ReflectiveCallable.run(ReflectiveCallable.java:12)
	at org.junit.runners.model.FrameworkMethod.invokeExplosively(FrameworkMethod.java:56)
	at org.junit.internal.runners.statements.InvokeMethod.evaluate(InvokeMethod.java:17)
	at org.junit.internal.runners.statements.RunBefores.evaluate(RunBefores.java:26)
	at org.junit.internal.runners.statements.RunAfters.evaluate(RunAfters.java:27)
	at org.junit.runners.ParentRunner$3.evaluate(ParentRunner.java:306)
	at org.junit.runners.BlockJUnit4ClassRunner$1.evaluate(BlockJUnit4ClassRunner.java:100)
	at org.junit.runners.ParentRunner.runLeaf(ParentRunner.java:366)
	at org.junit.runners.BlockJUnit4ClassRunner.runChild(BlockJUnit4ClassRunner.java:103)
	at org.junit.runners.BlockJUnit4ClassRunner.runChild(BlockJUnit4ClassRunner.java:63)
	at org.junit.runners.ParentRunner$4.run(ParentRunner.java:331)
	at org.junit.runners.ParentRunner$1.schedule(ParentRunner.java:79)
	at org.junit.runners.ParentRunner.runChildren(ParentRunner.java:329)
	at org.junit.runners.ParentRunner.access$100(ParentRunner.java:66)
	at org.junit.runners.ParentRunner$2.evaluate(ParentRunner.java:293)
	at org.junit.internal.runners.statements.RunBefores.evaluate(RunBefores.java:26)
	at org.junit.runners.ParentRunner$3.evaluate(ParentRunner.java:306)
	at org.junit.runners.ParentRunner.run(ParentRunner.java:413)
	at org.junit.runner.JUnitCore.run(JUnitCore.java:137)
	at org.junit.runner.JUnitCore.run(JUnitCore.java:115)
	at org.junit.vintage.engine.execution.RunnerExecutor.execute(RunnerExecutor.java:43)
	at java.util.stream.ForEachOps$ForEachOp$OfRef.accept(ForEachOps.java:183)
	at java.util.stream.ReferencePipeline$3$1.accept(ReferencePipeline.java:193)
	at java.util.Iterator.forEachRemaining(Iterator.java:116)
	at java.util.Spliterators$IteratorSpliterator.forEachRemaining(Spliterators.java:1801)
	at java.util.stream.AbstractPipeline.copyInto(AbstractPipeline.java:482)
	at java.util.stream.AbstractPipeline.wrapAndCopyInto(AbstractPipeline.java:472)
	at java.util.stream.ForEachOps$ForEachOp.evaluateSequential(ForEachOps.java:150)
	at java.util.stream.ForEachOps$ForEachOp$OfRef.evaluateSequential(ForEachOps.java:173)
	at java.util.stream.AbstractPipeline.evaluate(AbstractPipeline.java:234)
	at java.util.stream.ReferencePipeline.forEach(ReferencePipeline.java:485)
	at org.junit.vintage.engine.VintageTestEngine.executeAllChildren(VintageTestEngine.java:82)
	at org.junit.vintage.engine.VintageTestEngine.execute(VintageTestEngine.java:73)
	at org.junit.platform.launcher.core.DefaultLauncher.execute(DefaultLauncher.java:248)
	at org.junit.platform.launcher.core.DefaultLauncher.lambda$execute$5(DefaultLauncher.java:211)
	at org.junit.platform.launcher.core.DefaultLauncher.withInterceptedStreams(DefaultLauncher.java:226)
	at org.junit.platform.launcher.core.DefaultLauncher.execute(DefaultLauncher.java:199)
	at org.junit.platform.launcher.core.DefaultLauncher.execute(DefaultLauncher.java:132)
	at org.apache.maven.surefire.junitplatform.JUnitPlatformProvider.invokeAllTests(JUnitPlatformProvider.java:154)
	at org.apache.maven.surefire.junitplatform.JUnitPlatformProvider.invoke(JUnitPlatformProvider.java:123)
	at org.apache.maven.surefire.booter.ForkedBooter.runSuitesInProcess(ForkedBooter.java:377)
	at org.apache.maven.surefire.booter.ForkedBooter.execute(ForkedBooter.java:138)
	at org.apache.maven.surefire.booter.ForkedBooter.run(ForkedBooter.java:465)
	at org.apache.maven.surefire.booter.ForkedBooter.main(ForkedBooter.java:451)
]]></failure>
    <system-err><![CDATA[2024-04-24T08:06:03,437 ERROR [main] cli.TestHiveCli: Failed to execute command due to the error: java.lang.NullPointerException: Null output stream
2024-04-24T08:06:03,489  WARN [main] conf.HiveConf: HiveConf of name hive.dummyparam.test.server.specific.config.override does not exist
2024-04-24T08:06:03,489  WARN [main] conf.HiveConf: HiveConf of name hive.dummyparam.test.server.specific.config.hiveserver2site does not exist
2024-04-24T08:06:03,489  WARN [main] conf.HiveConf: HiveConf of name hive.dummyparam.test.server.specific.config.metastoresite does not exist
2024-04-24T08:06:03,489  INFO [main] SessionState: Hive Session ID = 71d1a495-2f79-4873-b8c5-6028d1ffd7a6
2024-04-24T08:06:03,490  INFO [main] DependencyResolver: ivysettings.xml file not found in HIVE_HOME or HIVE_CONF_DIR,/home/alex/Repositories/hive/conf/ivysettings.xml will be used
2024-04-24T08:06:03,497  INFO [main] session.SessionState: Created HDFS directory: /tmp/hive/alex/71d1a495-2f79-4873-b8c5-6028d1ffd7a6
2024-04-24T08:06:03,501  INFO [main] session.SessionState: Created local directory: /home/alex/Repositories/hive/beeline/target/tmp/alex/71d1a495-2f79-4873-b8c5-6028d1ffd7a6
2024-04-24T08:06:03,504  INFO [main] session.SessionState: Created HDFS directory: /tmp/hive/alex/71d1a495-2f79-4873-b8c5-6028d1ffd7a6/_tmp_space.db
2024-04-24T08:06:03,504  INFO [main] sqlstd.SQLStdHiveAccessController: Created SQLStdHiveAccessController for session context : HiveAuthzSessionContext [sessionString=71d1a495-2f79-4873-b8c5-6028d1ffd7a6, clientType=HIVESERVER2]
2024-04-24T08:06:03,505  INFO [main] metastore.HiveMetaStoreClient: HMS client filtering is enabled.
2024-04-24T08:06:03,505  INFO [main] metastore.HMSHandler: 0: Opening raw store with implementation class:org.apache.hadoop.hive.metastore.ObjectStore
2024-04-24T08:06:03,505  INFO [main] metastore.PersistenceManagerProvider: Configuration datanucleus.autoStartMechanismMode is not set. Defaulting to 'ignored'
2024-04-24T08:06:03,506  INFO [main] metastore.ObjectStore: RawStore: org.apache.hadoop.hive.metastore.ObjectStore@4153a832, with PersistenceManager: null will be shutdown
2024-04-24T08:06:03,506  INFO [main] metastore.ObjectStore: RawStore: org.apache.hadoop.hive.metastore.ObjectStore@4153a832, with PersistenceManager: org.datanucleus.api.jdo.JDOPersistenceManager@4a2dbcfc created in the thread with id: 1
2024-04-24T08:06:03,508  INFO [main] metastore.HMSHandler: Created RawStore: org.apache.hadoop.hive.metastore.ObjectStore@4153a832 from thread id: 1
2024-04-24T08:06:03,508  INFO [main] metastore.HMSHandler: HMS server filtering is disabled by configuration
2024-04-24T08:06:03,508  INFO [main] metastore.RetryingMetaStoreClient: RetryingMetaStoreClient proxy=class org.apache.hadoop.hive.ql.metadata.SessionHiveMetaStoreClient ugi=alex (auth:SIMPLE) retries=1 delay=1 lifetime=0
2024-04-24T08:06:03,508  INFO [main] service.CompositeService: Operation log root directory is created: /home/alex/Repositories/hive/beeline/target/tmp/alex/operation_logs
2024-04-24T08:06:03,509  INFO [main] service.CompositeService: HiveServer2: Background operation thread pool size: 100
2024-04-24T08:06:03,509  INFO [main] service.CompositeService: HiveServer2: Background operation thread wait queue size: 100
2024-04-24T08:06:03,509  INFO [main] service.CompositeService: HiveServer2: Background operation thread keepalive time: 10 seconds
2024-04-24T08:06:03,509  INFO [main] service.CompositeService: Connections limit are user: 0 ipaddress: 0 user-ipaddress: 0
2024-04-24T08:06:03,510  INFO [main] cleanup.EventualCleanupService: EventualCleanupService started with 10 threads and queue of size 10000
ERROR StatusLogger Log4j2 ConfigurationScheduler attempted to increment scheduled items after start
ERROR StatusLogger Log4j2 ConfigurationScheduler attempted to increment scheduled items after start
2024-04-24T08:06:03,511  INFO [main] service.AbstractService: Service:OperationManager is inited.
2024-04-24T08:06:03,511  INFO [main] service.AbstractService: Service:SessionManager is inited.
2024-04-24T08:06:03,511  INFO [main] service.AbstractService: Service:CLIService is inited.
2024-04-24T08:06:03,511  INFO [main] service.AbstractService: Service:OperationManager is started.
2024-04-24T08:06:03,511  INFO [main] service.AbstractService: Service:SessionManager is started.
2024-04-24T08:06:03,511  INFO [main] service.AbstractService: Service:CLIService is started.
2024-04-24T08:06:03,511  INFO [main] service.AbstractService: Service:ThriftBinaryCLIService is inited.
2024-04-24T08:06:03,512  INFO [main] thrift.ThriftCLIService: Client protocol version: HIVE_CLI_SERVICE_PROTOCOL_V10
2024-04-24T08:06:03,512  INFO [main] thrift.ThriftCLIService: Creating Hive session handle for user [null] from IP null
2024-04-24T08:06:03,513  INFO [main] DependencyResolver: ivysettings.xml file not found in HIVE_HOME or HIVE_CONF_DIR,/home/alex/Repositories/hive/conf/ivysettings.xml will be used
2024-04-24T08:06:03,520  INFO [main] session.SessionState: Created HDFS directory: /tmp/hive/alex/51a11d60-77f0-4a93-a5cd-83a9dd6625ad
2024-04-24T08:06:03,523  INFO [main] session.SessionState: Created local directory: /home/alex/Repositories/hive/beeline/target/tmp/alex/51a11d60-77f0-4a93-a5cd-83a9dd6625ad
2024-04-24T08:06:03,526  INFO [main] session.SessionState: Created HDFS directory: /tmp/hive/alex/51a11d60-77f0-4a93-a5cd-83a9dd6625ad/_tmp_space.db
2024-04-24T08:06:03,527  INFO [main] session.SessionState: Reloading auxiliary JAR files
2024-04-24T08:06:03,527  WARN [main] session.SessionState: Configuration hive.reloadable.aux.jars.path not specified
2024-04-24T08:06:03,527  INFO [main] HiveMetaStore.audit: ugi=alex	ip=unknown-ip-addr	cmd=Cleaning up thread local RawStore...	
2024-04-24T08:06:03,527  INFO [main] metastore.ObjectStore: RawStore: org.apache.hadoop.hive.metastore.ObjectStore@4153a832, with PersistenceManager: org.datanucleus.api.jdo.JDOPersistenceManager@4a2dbcfc will be shutdown
2024-04-24T08:06:03,527  INFO [main] HiveMetaStore.audit: ugi=alex	ip=unknown-ip-addr	cmd=Done cleaning up thread local RawStore	
2024-04-24T08:06:03,527  INFO [main] metastore.HiveMetaStoreClient: Closed a connection to metastore, current connections: -40
2024-04-24T08:06:03,527  INFO [main] session.HiveSessionImpl: Operation log session directory is created: /home/alex/Repositories/hive/beeline/target/tmp/alex/operation_logs/51a11d60-77f0-4a93-a5cd-83a9dd6625ad
2024-04-24T08:06:03,527  INFO [main] service.CompositeService: Session opened, SessionHandle [51a11d60-77f0-4a93-a5cd-83a9dd6625ad], current sessions:1
2024-04-24T08:06:03,527  INFO [main] thrift.ThriftCLIService: Login attempt is successful for user : null
2024-04-24T08:06:03,573  WARN [main] conf.HiveConf: HiveConf of name hive.dummyparam.test.server.specific.config.override does not exist
2024-04-24T08:06:03,573  WARN [main] conf.HiveConf: HiveConf of name hive.dummyparam.test.server.specific.config.hiveserver2site does not exist
2024-04-24T08:06:03,573  WARN [main] conf.HiveConf: HiveConf of name hive.dummyparam.test.server.specific.config.metastoresite does not exist
2024-04-24T08:06:03,574  INFO [51a11d60-77f0-4a93-a5cd-83a9dd6625ad main] session.HiveSessionImpl: executing set
2024-04-24T08:06:03,575  INFO [51a11d60-77f0-4a93-a5cd-83a9dd6625ad main] operation.HiveCommandOperation: Putting temp output to file /home/alex/Repositories/hive/beeline/target/tmp/alex/51a11d60-77f0-4a93-a5cd-83a9dd6625ad3407819498278617564.pipeout and error output to file /home/alex/Repositories/hive/beeline/target/tmp/alex/51a11d60-77f0-4a93-a5cd-83a9dd6625ad4797379947603429464.pipeout
2024-04-24T08:06:03,575  INFO [51a11d60-77f0-4a93-a5cd-83a9dd6625ad main] operation.OperationManager: Adding operation: OperationHandle [opType=EXECUTE_STATEMENT, getHandleIdentifier()=ee070f97-630b-48b9-bfe2-c181c3b49717] SessionHandle [51a11d60-77f0-4a93-a5cd-83a9dd6625ad]
2024-04-24T08:06:03,575  INFO [51a11d60-77f0-4a93-a5cd-83a9dd6625ad main] common.LogUtils: Thread context registration is done.
DEBUG StatusLogger Building Plugin[name=filter, class=org.apache.hadoop.hive.ql.log.LogDivertAppender$NameFilter].
DEBUG StatusLogger createFilter(loggingLevel="EXECUTION")
DEBUG StatusLogger Building Plugin[name=layout, class=org.apache.logging.log4j.core.layout.PatternLayout].
DEBUG StatusLogger PatternLayout$Builder(pattern="%-5p : %m%n", PatternSelector=null, Configuration(HiveLog4j2Test), Replace=null, charset="null", alwaysWriteExceptions="null", disableAnsi="null", noConsoleNoAnsi="null", header="null", footer="null")
DEBUG StatusLogger Building Plugin[name=appender, class=org.apache.hadoop.hive.ql.log.HushableRandomAccessFileAppender].
DEBUG StatusLogger createAppender(fileName="/home/alex/Repositories/hive/beeline/target/tmp/alex/operation_logs/51a11d60-77f0-4a93-a5cd-83a9dd6625ad/alex_20240424080603_09ca1b7e-cb46-411f-aab8-bd5f0f320467", append="null", name="query-file-appender", immediateFlush="null", bufferSize="null", ignoreExceptions="null", PatternLayout(org.apache.logging.log4j.core.layout.PatternLayout with name PatternLayout), NameFilter(org.apache.hadoop.hive.ql.log.LogDivertAppender$NameFilter with name NameFilter), advertise="null", advertiseURI="null", Configuration(HiveLog4j2Test))
DEBUG StatusLogger Starting RandomAccessFileManager /home/alex/Repositories/hive/beeline/target/tmp/alex/operation_logs/51a11d60-77f0-4a93-a5cd-83a9dd6625ad/alex_20240424080603_09ca1b7e-cb46-411f-aab8-bd5f0f320467
DEBUG StatusLogger Building Plugin[name=, class=org.apache.hadoop.hive.ql.log.LogDivertAppenderForTest$TestFilter].
DEBUG StatusLogger createFilter()
DEBUG StatusLogger Building Plugin[name=, class=org.apache.logging.log4j.core.layout.PatternLayout].
DEBUG StatusLogger PatternLayout$Builder(pattern="%-5p : %m%n", PatternSelector=null, Configuration(HiveLog4j2Test), Replace=null, charset="null", alwaysWriteExceptions="null", disableAnsi="null", noConsoleNoAnsi="null", header="null", footer="null")
DEBUG StatusLogger Building Plugin[name=appender, class=org.apache.hadoop.hive.ql.log.HushableRandomAccessFileAppender].
DEBUG StatusLogger createAppender(fileName="/home/alex/Repositories/hive/beeline/target/tmp/alex/operation_logs/51a11d60-77f0-4a93-a5cd-83a9dd6625ad/alex_20240424080603_09ca1b7e-cb46-411f-aab8-bd5f0f320467.test", append="null", name="test-query-file-appender", immediateFlush="null", bufferSize="null", ignoreExceptions="null", PatternLayout(org.apache.logging.log4j.core.layout.PatternLayout with name PatternLayout), test-filter(org.apache.hadoop.hive.ql.log.LogDivertAppenderForTest$TestFilter with name test-filter), advertise="null", advertiseURI="null", Configuration(HiveLog4j2Test))
DEBUG StatusLogger Starting RandomAccessFileManager /home/alex/Repositories/hive/beeline/target/tmp/alex/operation_logs/51a11d60-77f0-4a93-a5cd-83a9dd6625ad/alex_20240424080603_09ca1b7e-cb46-411f-aab8-bd5f0f320467.test
2024-04-24T08:06:03,578  INFO [51a11d60-77f0-4a93-a5cd-83a9dd6625ad main] operation.HiveCommandOperation: [opType=EXECUTE_STATEMENT, queryId=alex_20240424080603_09ca1b7e-cb46-411f-aab8-bd5f0f320467, startTime=1713971163574, sessionId=51a11d60-77f0-4a93-a5cd-83a9dd6625ad, createTime=1713971163512, userName=null, ipAddress=null]
2024-04-24T08:06:03,585  INFO [51a11d60-77f0-4a93-a5cd-83a9dd6625ad main] common.LogUtils: Unregistered logging context.
2024-04-24T08:06:03,588  INFO [51a11d60-77f0-4a93-a5cd-83a9dd6625ad main] operation.OperationManager: Closing operation: OperationHandle [opType=EXECUTE_STATEMENT, getHandleIdentifier()=ee070f97-630b-48b9-bfe2-c181c3b49717]
2024-04-24T08:06:03,588  INFO [51a11d60-77f0-4a93-a5cd-83a9dd6625ad main] operation.OperationManager: Removed queryId: alex_20240424080603_09ca1b7e-cb46-411f-aab8-bd5f0f320467 corresponding to operation: OperationHandle [opType=EXECUTE_STATEMENT, getHandleIdentifier()=ee070f97-630b-48b9-bfe2-c181c3b49717] with tag: null
2024-04-24T08:06:03,589  INFO [51a11d60-77f0-4a93-a5cd-83a9dd6625ad main] operation.HiveCommandOperation: Closing operation log /home/alex/Repositories/hive/beeline/target/tmp/alex/operation_logs/51a11d60-77f0-4a93-a5cd-83a9dd6625ad/alex_20240424080603_09ca1b7e-cb46-411f-aab8-bd5f0f320467 without delay
2024-04-24T08:06:03,590  INFO [51a11d60-77f0-4a93-a5cd-83a9dd6625ad main] session.HiveSessionImpl: executing use test
2024-04-24T08:06:03,591  INFO [51a11d60-77f0-4a93-a5cd-83a9dd6625ad main] operation.OperationManager: Adding operation: OperationHandle [opType=EXECUTE_STATEMENT, getHandleIdentifier()=a6d52748-a3fd-4b31-8f34-6030bd2e16cc] SessionHandle [51a11d60-77f0-4a93-a5cd-83a9dd6625ad]
2024-04-24T08:06:03,591  INFO [51a11d60-77f0-4a93-a5cd-83a9dd6625ad main] common.LogUtils: Thread context registration is done.
DEBUG StatusLogger Building Plugin[name=filter, class=org.apache.hadoop.hive.ql.log.LogDivertAppender$NameFilter].
DEBUG StatusLogger createFilter(loggingLevel="EXECUTION")
DEBUG StatusLogger Building Plugin[name=layout, class=org.apache.logging.log4j.core.layout.PatternLayout].
DEBUG StatusLogger PatternLayout$Builder(pattern="%-5p : %m%n", PatternSelector=null, Configuration(HiveLog4j2Test), Replace=null, charset="null", alwaysWriteExceptions="null", disableAnsi="null", noConsoleNoAnsi="null", header="null", footer="null")
DEBUG StatusLogger Building Plugin[name=appender, class=org.apache.hadoop.hive.ql.log.HushableRandomAccessFileAppender].
DEBUG StatusLogger createAppender(fileName="/home/alex/Repositories/hive/beeline/target/tmp/alex/operation_logs/51a11d60-77f0-4a93-a5cd-83a9dd6625ad/alex_20240424080603_38ae1b4b-9741-4b03-9eeb-c00a177c44b3", append="null", name="query-file-appender", immediateFlush="null", bufferSize="null", ignoreExceptions="null", PatternLayout(org.apache.logging.log4j.core.layout.PatternLayout with name PatternLayout), NameFilter(org.apache.hadoop.hive.ql.log.LogDivertAppender$NameFilter with name NameFilter), advertise="null", advertiseURI="null", Configuration(HiveLog4j2Test))
DEBUG StatusLogger Starting RandomAccessFileManager /home/alex/Repositories/hive/beeline/target/tmp/alex/operation_logs/51a11d60-77f0-4a93-a5cd-83a9dd6625ad/alex_20240424080603_38ae1b4b-9741-4b03-9eeb-c00a177c44b3
DEBUG StatusLogger Building Plugin[name=, class=org.apache.hadoop.hive.ql.log.LogDivertAppenderForTest$TestFilter].
DEBUG StatusLogger createFilter()
DEBUG StatusLogger Building Plugin[name=, class=org.apache.logging.log4j.core.layout.PatternLayout].
DEBUG StatusLogger PatternLayout$Builder(pattern="%-5p : %m%n", PatternSelector=null, Configuration(HiveLog4j2Test), Replace=null, charset="null", alwaysWriteExceptions="null", disableAnsi="null", noConsoleNoAnsi="null", header="null", footer="null")
DEBUG StatusLogger Building Plugin[name=appender, class=org.apache.hadoop.hive.ql.log.HushableRandomAccessFileAppender].
DEBUG StatusLogger createAppender(fileName="/home/alex/Repositories/hive/beeline/target/tmp/alex/operation_logs/51a11d60-77f0-4a93-a5cd-83a9dd6625ad/alex_20240424080603_38ae1b4b-9741-4b03-9eeb-c00a177c44b3.test", append="null", name="test-query-file-appender", immediateFlush="null", bufferSize="null", ignoreExceptions="null", PatternLayout(org.apache.logging.log4j.core.layout.PatternLayout with name PatternLayout), test-filter(org.apache.hadoop.hive.ql.log.LogDivertAppenderForTest$TestFilter with name test-filter), advertise="null", advertiseURI="null", Configuration(HiveLog4j2Test))
DEBUG StatusLogger Starting RandomAccessFileManager /home/alex/Repositories/hive/beeline/target/tmp/alex/operation_logs/51a11d60-77f0-4a93-a5cd-83a9dd6625ad/alex_20240424080603_38ae1b4b-9741-4b03-9eeb-c00a177c44b3.test
2024-04-24T08:06:03,594  INFO [51a11d60-77f0-4a93-a5cd-83a9dd6625ad main] operation.SQLOperation: [opType=EXECUTE_STATEMENT, queryId=alex_20240424080603_38ae1b4b-9741-4b03-9eeb-c00a177c44b3, startTime=1713971163591, sessionId=51a11d60-77f0-4a93-a5cd-83a9dd6625ad, createTime=1713971163512, userName=null, ipAddress=null]
2024-04-24T08:06:03,595  INFO [51a11d60-77f0-4a93-a5cd-83a9dd6625ad main] ql.Driver: Compiling command(queryId=alex_20240424080603_38ae1b4b-9741-4b03-9eeb-c00a177c44b3): use test
2024-04-24T08:06:03,596  INFO [51a11d60-77f0-4a93-a5cd-83a9dd6625ad main] metastore.HiveMetaStoreClient: HMS client filtering is enabled.
2024-04-24T08:06:03,596  INFO [51a11d60-77f0-4a93-a5cd-83a9dd6625ad main] metastore.HMSHandler: 0: Opening raw store with implementation class:org.apache.hadoop.hive.metastore.ObjectStore
2024-04-24T08:06:03,596  INFO [51a11d60-77f0-4a93-a5cd-83a9dd6625ad main] metastore.PersistenceManagerProvider: Configuration datanucleus.autoStartMechanismMode is not set. Defaulting to 'ignored'
2024-04-24T08:06:03,597  INFO [51a11d60-77f0-4a93-a5cd-83a9dd6625ad main] metastore.ObjectStore: RawStore: org.apache.hadoop.hive.metastore.ObjectStore@57cff804, with PersistenceManager: null will be shutdown
2024-04-24T08:06:03,597  INFO [51a11d60-77f0-4a93-a5cd-83a9dd6625ad main] metastore.ObjectStore: RawStore: org.apache.hadoop.hive.metastore.ObjectStore@57cff804, with PersistenceManager: org.datanucleus.api.jdo.JDOPersistenceManager@2f39b534 created in the thread with id: 1
2024-04-24T08:06:03,598  INFO [51a11d60-77f0-4a93-a5cd-83a9dd6625ad main] metastore.HMSHandler: Created RawStore: org.apache.hadoop.hive.metastore.ObjectStore@57cff804 from thread id: 1
2024-04-24T08:06:03,598  INFO [51a11d60-77f0-4a93-a5cd-83a9dd6625ad main] metastore.HMSHandler: HMS server filtering is disabled by configuration
2024-04-24T08:06:03,599  INFO [51a11d60-77f0-4a93-a5cd-83a9dd6625ad main] metastore.RetryingMetaStoreClient: RetryingMetaStoreClient proxy=class org.apache.hadoop.hive.ql.metadata.SessionHiveMetaStoreClient ugi=alex (auth:SIMPLE) retries=1 delay=1 lifetime=0
2024-04-24T08:06:03,599  INFO [51a11d60-77f0-4a93-a5cd-83a9dd6625ad main] HiveMetaStore.audit: ugi=alex	ip=unknown-ip-addr	cmd=get_database: test	
2024-04-24T08:06:03,600  INFO [51a11d60-77f0-4a93-a5cd-83a9dd6625ad main] ql.Driver: Semantic Analysis Completed (retrial = false)
2024-04-24T08:06:03,600  INFO [51a11d60-77f0-4a93-a5cd-83a9dd6625ad main] ql.Driver: Created Hive schema: Schema(fieldSchemas:null, properties:null)
2024-04-24T08:06:03,600  INFO [51a11d60-77f0-4a93-a5cd-83a9dd6625ad main] metadata.Hive: Dumping metastore api call timing information for : compilation phase
2024-04-24T08:06:03,600  INFO [51a11d60-77f0-4a93-a5cd-83a9dd6625ad main] metadata.Hive: Total time spent in each metastore function (ms): {isCompatibleWith_(Configuration)=0, getDatabase_(String)=1, flushCache_()=0}
2024-04-24T08:06:03,600  INFO [51a11d60-77f0-4a93-a5cd-83a9dd6625ad main] ql.Driver: Completed compiling command(queryId=alex_20240424080603_38ae1b4b-9741-4b03-9eeb-c00a177c44b3); Time taken: 0.005 seconds
2024-04-24T08:06:03,600  INFO [51a11d60-77f0-4a93-a5cd-83a9dd6625ad main] common.LogUtils: Unregistered logging context.
2024-04-24T08:06:03,601  INFO [HiveServer2-Background-Pool: Thread-639] common.LogUtils: Thread context registration is done.
2024-04-24T08:06:03,601  INFO [HiveServer2-Background-Pool: Thread-639] reexec.ReExecDriver: Execution #1 of query
2024-04-24T08:06:03,602  INFO [HiveServer2-Background-Pool: Thread-639] ql.Driver: Concurrency mode is disabled, not creating a lock manager
2024-04-24T08:06:03,602  INFO [HiveServer2-Background-Pool: Thread-639] ql.Driver: Executing command(queryId=alex_20240424080603_38ae1b4b-9741-4b03-9eeb-c00a177c44b3): use test
2024-04-24T08:06:03,603  INFO [HiveServer2-Background-Pool: Thread-639] ql.Driver: Starting task [Stage-0:DDL] in serial mode
2024-04-24T08:06:03,604  INFO [HiveServer2-Background-Pool: Thread-639] HiveMetaStore.audit: ugi=alex	ip=unknown-ip-addr	cmd=get_database: test	
2024-04-24T08:06:03,605  INFO [HiveServer2-Background-Pool: Thread-639] metastore.HMSHandler: 28: Opening raw store with implementation class:org.apache.hadoop.hive.metastore.ObjectStore
2024-04-24T08:06:03,606  INFO [HiveServer2-Background-Pool: Thread-639] metastore.ObjectStore: RawStore: org.apache.hadoop.hive.metastore.ObjectStore@d13211d, with PersistenceManager: null will be shutdown
2024-04-24T08:06:03,606  INFO [HiveServer2-Background-Pool: Thread-639] metastore.ObjectStore: RawStore: org.apache.hadoop.hive.metastore.ObjectStore@d13211d, with PersistenceManager: org.datanucleus.api.jdo.JDOPersistenceManager@4811bedb created in the thread with id: 639
2024-04-24T08:06:03,609  INFO [HiveServer2-Background-Pool: Thread-639] metastore.HMSHandler: Created RawStore: org.apache.hadoop.hive.metastore.ObjectStore@d13211d from thread id: 639
2024-04-24T08:06:03,611  INFO [HiveServer2-Background-Pool: Thread-639] HiveMetaStore.audit: ugi=alex	ip=unknown-ip-addr	cmd=get_database: test	
2024-04-24T08:06:03,612  INFO [HiveServer2-Background-Pool: Thread-639] metadata.Hive: Dumping metastore api call timing information for : execution phase
2024-04-24T08:06:03,612  INFO [HiveServer2-Background-Pool: Thread-639] metadata.Hive: Total time spent in each metastore function (ms): {isCompatibleWith_(Configuration)=0, getDatabase_(String)=8}
2024-04-24T08:06:03,612  INFO [HiveServer2-Background-Pool: Thread-639] ql.Driver: Completed executing command(queryId=alex_20240424080603_38ae1b4b-9741-4b03-9eeb-c00a177c44b3); Time taken: 0.01 seconds
2024-04-24T08:06:03,613  INFO [HiveServer2-Background-Pool: Thread-639] common.LogUtils: Unregistered logging context.
2024-04-24T08:06:03,623  INFO [51a11d60-77f0-4a93-a5cd-83a9dd6625ad main] operation.OperationManager: Closing operation: OperationHandle [opType=EXECUTE_STATEMENT, getHandleIdentifier()=a6d52748-a3fd-4b31-8f34-6030bd2e16cc]
2024-04-24T08:06:03,623  INFO [51a11d60-77f0-4a93-a5cd-83a9dd6625ad main] operation.OperationManager: Removed queryId: alex_20240424080603_38ae1b4b-9741-4b03-9eeb-c00a177c44b3 corresponding to operation: OperationHandle [opType=EXECUTE_STATEMENT, getHandleIdentifier()=a6d52748-a3fd-4b31-8f34-6030bd2e16cc] with tag: null
2024-04-24T08:06:03,624  INFO [51a11d60-77f0-4a93-a5cd-83a9dd6625ad main] operation.SQLOperation: Closing operation log /home/alex/Repositories/hive/beeline/target/tmp/alex/operation_logs/51a11d60-77f0-4a93-a5cd-83a9dd6625ad/alex_20240424080603_38ae1b4b-9741-4b03-9eeb-c00a177c44b3 without delay
2024-04-24T08:06:03,630  INFO [51a11d60-77f0-4a93-a5cd-83a9dd6625ad main] session.HiveSessionImpl: executing set hiveconf:zzz=/home/alex/Repositories/hive/beeline/target/tmp/test907010282003151045.sql
2024-04-24T08:06:03,631  INFO [51a11d60-77f0-4a93-a5cd-83a9dd6625ad main] operation.HiveCommandOperation: Putting temp output to file /home/alex/Repositories/hive/beeline/target/tmp/alex/51a11d60-77f0-4a93-a5cd-83a9dd6625ad3407819498278617564.pipeout and error output to file /home/alex/Repositories/hive/beeline/target/tmp/alex/51a11d60-77f0-4a93-a5cd-83a9dd6625ad4797379947603429464.pipeout
2024-04-24T08:06:03,631  INFO [51a11d60-77f0-4a93-a5cd-83a9dd6625ad main] operation.OperationManager: Adding operation: OperationHandle [opType=EXECUTE_STATEMENT, getHandleIdentifier()=bac2a0ef-4700-49cf-8997-5a1a87aff2bc] SessionHandle [51a11d60-77f0-4a93-a5cd-83a9dd6625ad]
2024-04-24T08:06:03,631  INFO [51a11d60-77f0-4a93-a5cd-83a9dd6625ad main] common.LogUtils: Thread context registration is done.
DEBUG StatusLogger Building Plugin[name=filter, class=org.apache.hadoop.hive.ql.log.LogDivertAppender$NameFilter].
DEBUG StatusLogger createFilter(loggingLevel="EXECUTION")
DEBUG StatusLogger Building Plugin[name=layout, class=org.apache.logging.log4j.core.layout.PatternLayout].
DEBUG StatusLogger PatternLayout$Builder(pattern="%-5p : %m%n", PatternSelector=null, Configuration(HiveLog4j2Test), Replace=null, charset="null", alwaysWriteExceptions="null", disableAnsi="null", noConsoleNoAnsi="null", header="null", footer="null")
DEBUG StatusLogger Building Plugin[name=appender, class=org.apache.hadoop.hive.ql.log.HushableRandomAccessFileAppender].
DEBUG StatusLogger createAppender(fileName="/home/alex/Repositories/hive/beeline/target/tmp/alex/operation_logs/51a11d60-77f0-4a93-a5cd-83a9dd6625ad/alex_20240424080603_7248f3f7-8249-4ed1-88be-3ef5805d86dc", append="null", name="query-file-appender", immediateFlush="null", bufferSize="null", ignoreExceptions="null", PatternLayout(org.apache.logging.log4j.core.layout.PatternLayout with name PatternLayout), NameFilter(org.apache.hadoop.hive.ql.log.LogDivertAppender$NameFilter with name NameFilter), advertise="null", advertiseURI="null", Configuration(HiveLog4j2Test))
DEBUG StatusLogger Starting RandomAccessFileManager /home/alex/Repositories/hive/beeline/target/tmp/alex/operation_logs/51a11d60-77f0-4a93-a5cd-83a9dd6625ad/alex_20240424080603_7248f3f7-8249-4ed1-88be-3ef5805d86dc
DEBUG StatusLogger Building Plugin[name=, class=org.apache.hadoop.hive.ql.log.LogDivertAppenderForTest$TestFilter].
DEBUG StatusLogger createFilter()
DEBUG StatusLogger Building Plugin[name=, class=org.apache.logging.log4j.core.layout.PatternLayout].
DEBUG StatusLogger PatternLayout$Builder(pattern="%-5p : %m%n", PatternSelector=null, Configuration(HiveLog4j2Test), Replace=null, charset="null", alwaysWriteExceptions="null", disableAnsi="null", noConsoleNoAnsi="null", header="null", footer="null")
DEBUG StatusLogger Building Plugin[name=appender, class=org.apache.hadoop.hive.ql.log.HushableRandomAccessFileAppender].
DEBUG StatusLogger createAppender(fileName="/home/alex/Repositories/hive/beeline/target/tmp/alex/operation_logs/51a11d60-77f0-4a93-a5cd-83a9dd6625ad/alex_20240424080603_7248f3f7-8249-4ed1-88be-3ef5805d86dc.test", append="null", name="test-query-file-appender", immediateFlush="null", bufferSize="null", ignoreExceptions="null", PatternLayout(org.apache.logging.log4j.core.layout.PatternLayout with name PatternLayout), test-filter(org.apache.hadoop.hive.ql.log.LogDivertAppenderForTest$TestFilter with name test-filter), advertise="null", advertiseURI="null", Configuration(HiveLog4j2Test))
DEBUG StatusLogger Starting RandomAccessFileManager /home/alex/Repositories/hive/beeline/target/tmp/alex/operation_logs/51a11d60-77f0-4a93-a5cd-83a9dd6625ad/alex_20240424080603_7248f3f7-8249-4ed1-88be-3ef5805d86dc.test
2024-04-24T08:06:03,636  INFO [51a11d60-77f0-4a93-a5cd-83a9dd6625ad main] operation.HiveCommandOperation: [opType=EXECUTE_STATEMENT, queryId=alex_20240424080603_7248f3f7-8249-4ed1-88be-3ef5805d86dc, startTime=1713971163630, sessionId=51a11d60-77f0-4a93-a5cd-83a9dd6625ad, createTime=1713971163512, userName=null, ipAddress=null]
2024-04-24T08:06:03,636  INFO [51a11d60-77f0-4a93-a5cd-83a9dd6625ad main] common.LogUtils: Unregistered logging context.
2024-04-24T08:06:03,638  INFO [51a11d60-77f0-4a93-a5cd-83a9dd6625ad main] operation.OperationManager: Closing operation: OperationHandle [opType=EXECUTE_STATEMENT, getHandleIdentifier()=bac2a0ef-4700-49cf-8997-5a1a87aff2bc]
2024-04-24T08:06:03,638  INFO [51a11d60-77f0-4a93-a5cd-83a9dd6625ad main] operation.OperationManager: Removed queryId: alex_20240424080603_7248f3f7-8249-4ed1-88be-3ef5805d86dc corresponding to operation: OperationHandle [opType=EXECUTE_STATEMENT, getHandleIdentifier()=bac2a0ef-4700-49cf-8997-5a1a87aff2bc] with tag: null
2024-04-24T08:06:03,639  INFO [51a11d60-77f0-4a93-a5cd-83a9dd6625ad main] operation.HiveCommandOperation: Closing operation log /home/alex/Repositories/hive/beeline/target/tmp/alex/operation_logs/51a11d60-77f0-4a93-a5cd-83a9dd6625ad/alex_20240424080603_7248f3f7-8249-4ed1-88be-3ef5805d86dc without delay
2024-04-24T08:06:03,691  WARN [main] conf.HiveConf: HiveConf of name hive.dummyparam.test.server.specific.config.override does not exist
2024-04-24T08:06:03,691  WARN [main] conf.HiveConf: HiveConf of name hive.dummyparam.test.server.specific.config.hiveserver2site does not exist
2024-04-24T08:06:03,692  WARN [main] conf.HiveConf: HiveConf of name hive.dummyparam.test.server.specific.config.metastoresite does not exist
2024-04-24T08:06:03,692  INFO [51a11d60-77f0-4a93-a5cd-83a9dd6625ad main] session.HiveSessionImpl: executing set
2024-04-24T08:06:03,693  INFO [51a11d60-77f0-4a93-a5cd-83a9dd6625ad main] operation.HiveCommandOperation: Putting temp output to file /home/alex/Repositories/hive/beeline/target/tmp/alex/51a11d60-77f0-4a93-a5cd-83a9dd6625ad3407819498278617564.pipeout and error output to file /home/alex/Repositories/hive/beeline/target/tmp/alex/51a11d60-77f0-4a93-a5cd-83a9dd6625ad4797379947603429464.pipeout
2024-04-24T08:06:03,693  INFO [51a11d60-77f0-4a93-a5cd-83a9dd6625ad main] operation.OperationManager: Adding operation: OperationHandle [opType=EXECUTE_STATEMENT, getHandleIdentifier()=59f3f24f-1b20-463a-a4d6-38d82bafeaba] SessionHandle [51a11d60-77f0-4a93-a5cd-83a9dd6625ad]
2024-04-24T08:06:03,693  INFO [51a11d60-77f0-4a93-a5cd-83a9dd6625ad main] common.LogUtils: Thread context registration is done.
DEBUG StatusLogger Building Plugin[name=filter, class=org.apache.hadoop.hive.ql.log.LogDivertAppender$NameFilter].
DEBUG StatusLogger createFilter(loggingLevel="EXECUTION")
DEBUG StatusLogger Building Plugin[name=layout, class=org.apache.logging.log4j.core.layout.PatternLayout].
DEBUG StatusLogger PatternLayout$Builder(pattern="%-5p : %m%n", PatternSelector=null, Configuration(HiveLog4j2Test), Replace=null, charset="null", alwaysWriteExceptions="null", disableAnsi="null", noConsoleNoAnsi="null", header="null", footer="null")
DEBUG StatusLogger Building Plugin[name=appender, class=org.apache.hadoop.hive.ql.log.HushableRandomAccessFileAppender].
DEBUG StatusLogger createAppender(fileName="/home/alex/Repositories/hive/beeline/target/tmp/alex/operation_logs/51a11d60-77f0-4a93-a5cd-83a9dd6625ad/alex_20240424080603_a11e4fa0-0f26-430a-8bba-dd3ac82b318d", append="null", name="query-file-appender", immediateFlush="null", bufferSize="null", ignoreExceptions="null", PatternLayout(org.apache.logging.log4j.core.layout.PatternLayout with name PatternLayout), NameFilter(org.apache.hadoop.hive.ql.log.LogDivertAppender$NameFilter with name NameFilter), advertise="null", advertiseURI="null", Configuration(HiveLog4j2Test))
DEBUG StatusLogger Starting RandomAccessFileManager /home/alex/Repositories/hive/beeline/target/tmp/alex/operation_logs/51a11d60-77f0-4a93-a5cd-83a9dd6625ad/alex_20240424080603_a11e4fa0-0f26-430a-8bba-dd3ac82b318d
DEBUG StatusLogger Building Plugin[name=, class=org.apache.hadoop.hive.ql.log.LogDivertAppenderForTest$TestFilter].
DEBUG StatusLogger createFilter()
DEBUG StatusLogger Building Plugin[name=, class=org.apache.logging.log4j.core.layout.PatternLayout].
DEBUG StatusLogger PatternLayout$Builder(pattern="%-5p : %m%n", PatternSelector=null, Configuration(HiveLog4j2Test), Replace=null, charset="null", alwaysWriteExceptions="null", disableAnsi="null", noConsoleNoAnsi="null", header="null", footer="null")
DEBUG StatusLogger Building Plugin[name=appender, class=org.apache.hadoop.hive.ql.log.HushableRandomAccessFileAppender].
DEBUG StatusLogger createAppender(fileName="/home/alex/Repositories/hive/beeline/target/tmp/alex/operation_logs/51a11d60-77f0-4a93-a5cd-83a9dd6625ad/alex_20240424080603_a11e4fa0-0f26-430a-8bba-dd3ac82b318d.test", append="null", name="test-query-file-appender", immediateFlush="null", bufferSize="null", ignoreExceptions="null", PatternLayout(org.apache.logging.log4j.core.layout.PatternLayout with name PatternLayout), test-filter(org.apache.hadoop.hive.ql.log.LogDivertAppenderForTest$TestFilter with name test-filter), advertise="null", advertiseURI="null", Configuration(HiveLog4j2Test))
DEBUG StatusLogger Starting RandomAccessFileManager /home/alex/Repositories/hive/beeline/target/tmp/alex/operation_logs/51a11d60-77f0-4a93-a5cd-83a9dd6625ad/alex_20240424080603_a11e4fa0-0f26-430a-8bba-dd3ac82b318d.test
2024-04-24T08:06:03,696  INFO [51a11d60-77f0-4a93-a5cd-83a9dd6625ad main] operation.HiveCommandOperation: [opType=EXECUTE_STATEMENT, queryId=alex_20240424080603_a11e4fa0-0f26-430a-8bba-dd3ac82b318d, startTime=1713971163692, sessionId=51a11d60-77f0-4a93-a5cd-83a9dd6625ad, createTime=1713971163512, userName=null, ipAddress=null]
2024-04-24T08:06:03,705  INFO [51a11d60-77f0-4a93-a5cd-83a9dd6625ad main] common.LogUtils: Unregistered logging context.
2024-04-24T08:06:03,707  INFO [51a11d60-77f0-4a93-a5cd-83a9dd6625ad main] operation.OperationManager: Closing operation: OperationHandle [opType=EXECUTE_STATEMENT, getHandleIdentifier()=59f3f24f-1b20-463a-a4d6-38d82bafeaba]
2024-04-24T08:06:03,707  INFO [51a11d60-77f0-4a93-a5cd-83a9dd6625ad main] operation.OperationManager: Removed queryId: alex_20240424080603_a11e4fa0-0f26-430a-8bba-dd3ac82b318d corresponding to operation: OperationHandle [opType=EXECUTE_STATEMENT, getHandleIdentifier()=59f3f24f-1b20-463a-a4d6-38d82bafeaba] with tag: null
2024-04-24T08:06:03,708  INFO [51a11d60-77f0-4a93-a5cd-83a9dd6625ad main] operation.HiveCommandOperation: Closing operation log /home/alex/Repositories/hive/beeline/target/tmp/alex/operation_logs/51a11d60-77f0-4a93-a5cd-83a9dd6625ad/alex_20240424080603_a11e4fa0-0f26-430a-8bba-dd3ac82b318d without delay
2024-04-24T08:06:03,770  WARN [main] conf.HiveConf: HiveConf of name hive.dummyparam.test.server.specific.config.override does not exist
2024-04-24T08:06:03,770  WARN [main] conf.HiveConf: HiveConf of name hive.dummyparam.test.server.specific.config.hiveserver2site does not exist
2024-04-24T08:06:03,770  WARN [main] conf.HiveConf: HiveConf of name hive.dummyparam.test.server.specific.config.metastoresite does not exist
2024-04-24T08:06:03,771  INFO [51a11d60-77f0-4a93-a5cd-83a9dd6625ad main] session.HiveSessionImpl: executing set
2024-04-24T08:06:03,772  INFO [51a11d60-77f0-4a93-a5cd-83a9dd6625ad main] operation.HiveCommandOperation: Putting temp output to file /home/alex/Repositories/hive/beeline/target/tmp/alex/51a11d60-77f0-4a93-a5cd-83a9dd6625ad3407819498278617564.pipeout and error output to file /home/alex/Repositories/hive/beeline/target/tmp/alex/51a11d60-77f0-4a93-a5cd-83a9dd6625ad4797379947603429464.pipeout
2024-04-24T08:06:03,772  INFO [51a11d60-77f0-4a93-a5cd-83a9dd6625ad main] operation.OperationManager: Adding operation: OperationHandle [opType=EXECUTE_STATEMENT, getHandleIdentifier()=f42d1ef0-6460-4dcb-b0ba-b68ce3b2b872] SessionHandle [51a11d60-77f0-4a93-a5cd-83a9dd6625ad]
2024-04-24T08:06:03,772  INFO [51a11d60-77f0-4a93-a5cd-83a9dd6625ad main] common.LogUtils: Thread context registration is done.
DEBUG StatusLogger Building Plugin[name=filter, class=org.apache.hadoop.hive.ql.log.LogDivertAppender$NameFilter].
DEBUG StatusLogger createFilter(loggingLevel="EXECUTION")
DEBUG StatusLogger Building Plugin[name=layout, class=org.apache.logging.log4j.core.layout.PatternLayout].
DEBUG StatusLogger PatternLayout$Builder(pattern="%-5p : %m%n", PatternSelector=null, Configuration(HiveLog4j2Test), Replace=null, charset="null", alwaysWriteExceptions="null", disableAnsi="null", noConsoleNoAnsi="null", header="null", footer="null")
DEBUG StatusLogger Building Plugin[name=appender, class=org.apache.hadoop.hive.ql.log.HushableRandomAccessFileAppender].
DEBUG StatusLogger createAppender(fileName="/home/alex/Repositories/hive/beeline/target/tmp/alex/operation_logs/51a11d60-77f0-4a93-a5cd-83a9dd6625ad/alex_20240424080603_35bc15b3-384f-4a4c-af53-96d4c7ec5ab4", append="null", name="query-file-appender", immediateFlush="null", bufferSize="null", ignoreExceptions="null", PatternLayout(org.apache.logging.log4j.core.layout.PatternLayout with name PatternLayout), NameFilter(org.apache.hadoop.hive.ql.log.LogDivertAppender$NameFilter with name NameFilter), advertise="null", advertiseURI="null", Configuration(HiveLog4j2Test))
DEBUG StatusLogger Starting RandomAccessFileManager /home/alex/Repositories/hive/beeline/target/tmp/alex/operation_logs/51a11d60-77f0-4a93-a5cd-83a9dd6625ad/alex_20240424080603_35bc15b3-384f-4a4c-af53-96d4c7ec5ab4
DEBUG StatusLogger Building Plugin[name=, class=org.apache.hadoop.hive.ql.log.LogDivertAppenderForTest$TestFilter].
DEBUG StatusLogger createFilter()
DEBUG StatusLogger Building Plugin[name=, class=org.apache.logging.log4j.core.layout.PatternLayout].
DEBUG StatusLogger PatternLayout$Builder(pattern="%-5p : %m%n", PatternSelector=null, Configuration(HiveLog4j2Test), Replace=null, charset="null", alwaysWriteExceptions="null", disableAnsi="null", noConsoleNoAnsi="null", header="null", footer="null")
DEBUG StatusLogger Building Plugin[name=appender, class=org.apache.hadoop.hive.ql.log.HushableRandomAccessFileAppender].
DEBUG StatusLogger createAppender(fileName="/home/alex/Repositories/hive/beeline/target/tmp/alex/operation_logs/51a11d60-77f0-4a93-a5cd-83a9dd6625ad/alex_20240424080603_35bc15b3-384f-4a4c-af53-96d4c7ec5ab4.test", append="null", name="test-query-file-appender", immediateFlush="null", bufferSize="null", ignoreExceptions="null", PatternLayout(org.apache.logging.log4j.core.layout.PatternLayout with name PatternLayout), test-filter(org.apache.hadoop.hive.ql.log.LogDivertAppenderForTest$TestFilter with name test-filter), advertise="null", advertiseURI="null", Configuration(HiveLog4j2Test))
DEBUG StatusLogger Starting RandomAccessFileManager /home/alex/Repositories/hive/beeline/target/tmp/alex/operation_logs/51a11d60-77f0-4a93-a5cd-83a9dd6625ad/alex_20240424080603_35bc15b3-384f-4a4c-af53-96d4c7ec5ab4.test
2024-04-24T08:06:03,777  INFO [51a11d60-77f0-4a93-a5cd-83a9dd6625ad main] operation.HiveCommandOperation: [opType=EXECUTE_STATEMENT, queryId=alex_20240424080603_35bc15b3-384f-4a4c-af53-96d4c7ec5ab4, startTime=1713971163771, sessionId=51a11d60-77f0-4a93-a5cd-83a9dd6625ad, createTime=1713971163512, userName=null, ipAddress=null]
2024-04-24T08:06:03,789  INFO [51a11d60-77f0-4a93-a5cd-83a9dd6625ad main] common.LogUtils: Unregistered logging context.
2024-04-24T08:06:03,792  INFO [51a11d60-77f0-4a93-a5cd-83a9dd6625ad main] operation.OperationManager: Closing operation: OperationHandle [opType=EXECUTE_STATEMENT, getHandleIdentifier()=f42d1ef0-6460-4dcb-b0ba-b68ce3b2b872]
2024-04-24T08:06:03,793  INFO [51a11d60-77f0-4a93-a5cd-83a9dd6625ad main] operation.OperationManager: Removed queryId: alex_20240424080603_35bc15b3-384f-4a4c-af53-96d4c7ec5ab4 corresponding to operation: OperationHandle [opType=EXECUTE_STATEMENT, getHandleIdentifier()=f42d1ef0-6460-4dcb-b0ba-b68ce3b2b872] with tag: null
2024-04-24T08:06:03,793  INFO [51a11d60-77f0-4a93-a5cd-83a9dd6625ad main] operation.HiveCommandOperation: Closing operation log /home/alex/Repositories/hive/beeline/target/tmp/alex/operation_logs/51a11d60-77f0-4a93-a5cd-83a9dd6625ad/alex_20240424080603_35bc15b3-384f-4a4c-af53-96d4c7ec5ab4 without delay
2024-04-24T08:06:03,796  INFO [51a11d60-77f0-4a93-a5cd-83a9dd6625ad main] session.HiveSessionImpl: executing create table if not exists test.testSrcTbl2(sc2 string)
2024-04-24T08:06:03,797  INFO [51a11d60-77f0-4a93-a5cd-83a9dd6625ad main] operation.OperationManager: Adding operation: OperationHandle [opType=EXECUTE_STATEMENT, getHandleIdentifier()=776484db-ee25-418d-a0fc-c27f25fb4c30] SessionHandle [51a11d60-77f0-4a93-a5cd-83a9dd6625ad]
2024-04-24T08:06:03,797  INFO [51a11d60-77f0-4a93-a5cd-83a9dd6625ad main] common.LogUtils: Thread context registration is done.
DEBUG StatusLogger Building Plugin[name=filter, class=org.apache.hadoop.hive.ql.log.LogDivertAppender$NameFilter].
DEBUG StatusLogger createFilter(loggingLevel="EXECUTION")
DEBUG StatusLogger Building Plugin[name=layout, class=org.apache.logging.log4j.core.layout.PatternLayout].
DEBUG StatusLogger PatternLayout$Builder(pattern="%-5p : %m%n", PatternSelector=null, Configuration(HiveLog4j2Test), Replace=null, charset="null", alwaysWriteExceptions="null", disableAnsi="null", noConsoleNoAnsi="null", header="null", footer="null")
DEBUG StatusLogger Building Plugin[name=appender, class=org.apache.hadoop.hive.ql.log.HushableRandomAccessFileAppender].
DEBUG StatusLogger createAppender(fileName="/home/alex/Repositories/hive/beeline/target/tmp/alex/operation_logs/51a11d60-77f0-4a93-a5cd-83a9dd6625ad/alex_20240424080603_391d9a71-0b61-4a75-a1f3-3a256a527945", append="null", name="query-file-appender", immediateFlush="null", bufferSize="null", ignoreExceptions="null", PatternLayout(org.apache.logging.log4j.core.layout.PatternLayout with name PatternLayout), NameFilter(org.apache.hadoop.hive.ql.log.LogDivertAppender$NameFilter with name NameFilter), advertise="null", advertiseURI="null", Configuration(HiveLog4j2Test))
DEBUG StatusLogger Starting RandomAccessFileManager /home/alex/Repositories/hive/beeline/target/tmp/alex/operation_logs/51a11d60-77f0-4a93-a5cd-83a9dd6625ad/alex_20240424080603_391d9a71-0b61-4a75-a1f3-3a256a527945
DEBUG StatusLogger Building Plugin[name=, class=org.apache.hadoop.hive.ql.log.LogDivertAppenderForTest$TestFilter].
DEBUG StatusLogger createFilter()
DEBUG StatusLogger Building Plugin[name=, class=org.apache.logging.log4j.core.layout.PatternLayout].
DEBUG StatusLogger PatternLayout$Builder(pattern="%-5p : %m%n", PatternSelector=null, Configuration(HiveLog4j2Test), Replace=null, charset="null", alwaysWriteExceptions="null", disableAnsi="null", noConsoleNoAnsi="null", header="null", footer="null")
DEBUG StatusLogger Building Plugin[name=appender, class=org.apache.hadoop.hive.ql.log.HushableRandomAccessFileAppender].
DEBUG StatusLogger createAppender(fileName="/home/alex/Repositories/hive/beeline/target/tmp/alex/operation_logs/51a11d60-77f0-4a93-a5cd-83a9dd6625ad/alex_20240424080603_391d9a71-0b61-4a75-a1f3-3a256a527945.test", append="null", name="test-query-file-appender", immediateFlush="null", bufferSize="null", ignoreExceptions="null", PatternLayout(org.apache.logging.log4j.core.layout.PatternLayout with name PatternLayout), test-filter(org.apache.hadoop.hive.ql.log.LogDivertAppenderForTest$TestFilter with name test-filter), advertise="null", advertiseURI="null", Configuration(HiveLog4j2Test))
DEBUG StatusLogger Starting RandomAccessFileManager /home/alex/Repositories/hive/beeline/target/tmp/alex/operation_logs/51a11d60-77f0-4a93-a5cd-83a9dd6625ad/alex_20240424080603_391d9a71-0b61-4a75-a1f3-3a256a527945.test
2024-04-24T08:06:03,802  INFO [51a11d60-77f0-4a93-a5cd-83a9dd6625ad main] operation.SQLOperation: [opType=EXECUTE_STATEMENT, queryId=alex_20240424080603_391d9a71-0b61-4a75-a1f3-3a256a527945, startTime=1713971163796, sessionId=51a11d60-77f0-4a93-a5cd-83a9dd6625ad, createTime=1713971163512, userName=null, ipAddress=null]
2024-04-24T08:06:03,803  INFO [51a11d60-77f0-4a93-a5cd-83a9dd6625ad main] ql.Driver: Compiling command(queryId=alex_20240424080603_391d9a71-0b61-4a75-a1f3-3a256a527945): create table if not exists test.testSrcTbl2(sc2 string)
2024-04-24T08:06:03,805  INFO [51a11d60-77f0-4a93-a5cd-83a9dd6625ad main] parse.CalcitePlanner: Starting caching scope for: alex_20240424080603_391d9a71-0b61-4a75-a1f3-3a256a527945
2024-04-24T08:06:03,805  INFO [51a11d60-77f0-4a93-a5cd-83a9dd6625ad main] parse.CalcitePlanner: Starting Semantic Analysis
2024-04-24T08:06:03,805  INFO [51a11d60-77f0-4a93-a5cd-83a9dd6625ad main] sqlstd.SQLStdHiveAccessController: Created SQLStdHiveAccessController for session context : HiveAuthzSessionContext [sessionString=51a11d60-77f0-4a93-a5cd-83a9dd6625ad, clientType=HIVESERVER2]
2024-04-24T08:06:03,806  INFO [51a11d60-77f0-4a93-a5cd-83a9dd6625ad main] parse.CalcitePlanner: Creating table test.testSrcTbl2 position=27
2024-04-24T08:06:03,806  INFO [51a11d60-77f0-4a93-a5cd-83a9dd6625ad main] HiveMetaStore.audit: ugi=alex	ip=unknown-ip-addr	cmd=get_table : tbl=hive.test.testSrcTbl2	
2024-04-24T08:06:03,809  INFO [51a11d60-77f0-4a93-a5cd-83a9dd6625ad main] HiveMetaStore.audit: ugi=alex	ip=unknown-ip-addr	cmd=get_database: test	
2024-04-24T08:06:03,810  INFO [51a11d60-77f0-4a93-a5cd-83a9dd6625ad main] parse.CalcitePlanner: Ending caching scope for: alex_20240424080603_391d9a71-0b61-4a75-a1f3-3a256a527945
2024-04-24T08:06:03,810  INFO [51a11d60-77f0-4a93-a5cd-83a9dd6625ad main] ql.Driver: Semantic Analysis Completed (retrial = false)
2024-04-24T08:06:03,811  INFO [51a11d60-77f0-4a93-a5cd-83a9dd6625ad main] ql.Driver: Created Hive schema: Schema(fieldSchemas:null, properties:null)
2024-04-24T08:06:03,811  INFO [51a11d60-77f0-4a93-a5cd-83a9dd6625ad main] metadata.Hive: Dumping metastore api call timing information for : compilation phase
2024-04-24T08:06:03,811  INFO [51a11d60-77f0-4a93-a5cd-83a9dd6625ad main] metadata.Hive: Total time spent in each metastore function (ms): {isCompatibleWith_(Configuration)=0, getDatabase_(String)=1, flushCache_()=1}
2024-04-24T08:06:03,811  INFO [51a11d60-77f0-4a93-a5cd-83a9dd6625ad main] ql.Driver: Completed compiling command(queryId=alex_20240424080603_391d9a71-0b61-4a75-a1f3-3a256a527945); Time taken: 0.008 seconds
2024-04-24T08:06:03,811  INFO [51a11d60-77f0-4a93-a5cd-83a9dd6625ad main] common.LogUtils: Unregistered logging context.
2024-04-24T08:06:03,811  INFO [HiveServer2-Background-Pool: Thread-643] common.LogUtils: Thread context registration is done.
2024-04-24T08:06:03,812  INFO [HiveServer2-Background-Pool: Thread-643] reexec.ReExecDriver: Execution #1 of query
2024-04-24T08:06:03,813  INFO [HiveServer2-Background-Pool: Thread-643] ql.Driver: Concurrency mode is disabled, not creating a lock manager
2024-04-24T08:06:03,814  INFO [HiveServer2-Background-Pool: Thread-643] ql.Driver: Executing command(queryId=alex_20240424080603_391d9a71-0b61-4a75-a1f3-3a256a527945): create table if not exists test.testSrcTbl2(sc2 string)
2024-04-24T08:06:03,815  INFO [HiveServer2-Background-Pool: Thread-643] ql.Driver: Starting task [Stage-0:DDL] in serial mode
2024-04-24T08:06:03,817  INFO [HiveServer2-Background-Pool: Thread-643] HiveMetaStore.audit: ugi=alex	ip=unknown-ip-addr	cmd=create_table_req: Table(tableName:testSrcTbl2, dbName:test, owner:alex, createTime:1713971163, lastAccessTime:0, retention:0, sd:StorageDescriptor(cols:[FieldSchema(name:sc2, type:string, comment:null)], location:null, inputFormat:org.apache.hadoop.mapred.TextInputFormat, outputFormat:org.apache.hadoop.hive.ql.io.HiveIgnoreKeyTextOutputFormat, compressed:false, numBuckets:-1, serdeInfo:SerDeInfo(name:null, serializationLib:org.apache.hadoop.hive.serde2.lazy.LazySimpleSerDe, parameters:{serialization.format=1}), bucketCols:[], sortCols:[], parameters:{}, skewedInfo:SkewedInfo(skewedColNames:[], skewedColValues:[], skewedColValueLocationMaps:{}), storedAsSubDirectories:false), partitionKeys:[], parameters:{totalSize=0, numRows=0, rawDataSize=0, COLUMN_STATS_ACCURATE={"BASIC_STATS":"true","COLUMN_STATS":{"sc2":"true"}}, numFiles=0, bucketing_version=2, numFilesErasureCoded=0}, viewOriginalText:null, viewExpandedText:null, tableType:MANAGED_TABLE, privileges:PrincipalPrivilegeSet(userPrivileges:{alex=[PrivilegeGrantInfo(privilege:INSERT, createTime:-1, grantor:alex, grantorType:USER, grantOption:true), PrivilegeGrantInfo(privilege:SELECT, createTime:-1, grantor:alex, grantorType:USER, grantOption:true), PrivilegeGrantInfo(privilege:UPDATE, createTime:-1, grantor:alex, grantorType:USER, grantOption:true), PrivilegeGrantInfo(privilege:DELETE, createTime:-1, grantor:alex, grantorType:USER, grantOption:true)]}, groupPrivileges:null, rolePrivileges:null), temporary:false, catName:hive, ownerType:USER)	
2024-04-24T08:06:03,818  INFO [HiveServer2-Background-Pool: Thread-643] metastore.HMSHandler: 29: Opening raw store with implementation class:org.apache.hadoop.hive.metastore.ObjectStore
2024-04-24T08:06:03,819  INFO [HiveServer2-Background-Pool: Thread-643] metastore.ObjectStore: RawStore: org.apache.hadoop.hive.metastore.ObjectStore@46248c7e, with PersistenceManager: null will be shutdown
2024-04-24T08:06:03,819  INFO [HiveServer2-Background-Pool: Thread-643] metastore.ObjectStore: RawStore: org.apache.hadoop.hive.metastore.ObjectStore@46248c7e, with PersistenceManager: org.datanucleus.api.jdo.JDOPersistenceManager@3cc80bad created in the thread with id: 643
2024-04-24T08:06:03,824  INFO [HiveServer2-Background-Pool: Thread-643] metastore.HMSHandler: Created RawStore: org.apache.hadoop.hive.metastore.ObjectStore@46248c7e from thread id: 643
2024-04-24T08:06:03,828  INFO [HiveServer2-Background-Pool: Thread-643] utils.FileUtils: Creating directory if it doesn't exist: file:/home/alex/Repositories/hive/beeline/target/tmp/warehouse/test.db/testsrctbl2
2024-04-24T08:06:03,871  INFO [HiveServer2-Background-Pool: Thread-643] metadata.Hive: Dumping metastore api call timing information for : execution phase
2024-04-24T08:06:03,871  INFO [HiveServer2-Background-Pool: Thread-643] metadata.Hive: Total time spent in each metastore function (ms): {isCompatibleWith_(Configuration)=0, createTable_(Table)=54}
2024-04-24T08:06:03,871  INFO [HiveServer2-Background-Pool: Thread-643] ql.Driver: Completed executing command(queryId=alex_20240424080603_391d9a71-0b61-4a75-a1f3-3a256a527945); Time taken: 0.057 seconds
2024-04-24T08:06:03,872  INFO [HiveServer2-Background-Pool: Thread-643] common.LogUtils: Unregistered logging context.
2024-04-24T08:06:03,874  INFO [51a11d60-77f0-4a93-a5cd-83a9dd6625ad main] operation.OperationManager: Closing operation: OperationHandle [opType=EXECUTE_STATEMENT, getHandleIdentifier()=776484db-ee25-418d-a0fc-c27f25fb4c30]
2024-04-24T08:06:03,874  INFO [51a11d60-77f0-4a93-a5cd-83a9dd6625ad main] operation.OperationManager: Removed queryId: alex_20240424080603_391d9a71-0b61-4a75-a1f3-3a256a527945 corresponding to operation: OperationHandle [opType=EXECUTE_STATEMENT, getHandleIdentifier()=776484db-ee25-418d-a0fc-c27f25fb4c30] with tag: null
2024-04-24T08:06:03,874  INFO [51a11d60-77f0-4a93-a5cd-83a9dd6625ad main] operation.SQLOperation: Closing operation log /home/alex/Repositories/hive/beeline/target/tmp/alex/operation_logs/51a11d60-77f0-4a93-a5cd-83a9dd6625ad/alex_20240424080603_391d9a71-0b61-4a75-a1f3-3a256a527945 without delay
2024-04-24T08:06:03,879  INFO [51a11d60-77f0-4a93-a5cd-83a9dd6625ad main] session.HiveSessionImpl: executing desc testSrcTbl2
2024-04-24T08:06:03,879  INFO [51a11d60-77f0-4a93-a5cd-83a9dd6625ad main] operation.OperationManager: Adding operation: OperationHandle [opType=EXECUTE_STATEMENT, getHandleIdentifier()=ee1eb317-46be-4921-8b4b-d4fd56b1f134] SessionHandle [51a11d60-77f0-4a93-a5cd-83a9dd6625ad]
2024-04-24T08:06:03,880  INFO [51a11d60-77f0-4a93-a5cd-83a9dd6625ad main] common.LogUtils: Thread context registration is done.
DEBUG StatusLogger Building Plugin[name=filter, class=org.apache.hadoop.hive.ql.log.LogDivertAppender$NameFilter].
DEBUG StatusLogger createFilter(loggingLevel="EXECUTION")
DEBUG StatusLogger Building Plugin[name=layout, class=org.apache.logging.log4j.core.layout.PatternLayout].
DEBUG StatusLogger PatternLayout$Builder(pattern="%-5p : %m%n", PatternSelector=null, Configuration(HiveLog4j2Test), Replace=null, charset="null", alwaysWriteExceptions="null", disableAnsi="null", noConsoleNoAnsi="null", header="null", footer="null")
DEBUG StatusLogger Building Plugin[name=appender, class=org.apache.hadoop.hive.ql.log.HushableRandomAccessFileAppender].
DEBUG StatusLogger createAppender(fileName="/home/alex/Repositories/hive/beeline/target/tmp/alex/operation_logs/51a11d60-77f0-4a93-a5cd-83a9dd6625ad/alex_20240424080603_18ff15a2-cd9b-4401-beb7-e41510be8242", append="null", name="query-file-appender", immediateFlush="null", bufferSize="null", ignoreExceptions="null", PatternLayout(org.apache.logging.log4j.core.layout.PatternLayout with name PatternLayout), NameFilter(org.apache.hadoop.hive.ql.log.LogDivertAppender$NameFilter with name NameFilter), advertise="null", advertiseURI="null", Configuration(HiveLog4j2Test))
DEBUG StatusLogger Starting RandomAccessFileManager /home/alex/Repositories/hive/beeline/target/tmp/alex/operation_logs/51a11d60-77f0-4a93-a5cd-83a9dd6625ad/alex_20240424080603_18ff15a2-cd9b-4401-beb7-e41510be8242
DEBUG StatusLogger Building Plugin[name=, class=org.apache.hadoop.hive.ql.log.LogDivertAppenderForTest$TestFilter].
DEBUG StatusLogger createFilter()
DEBUG StatusLogger Building Plugin[name=, class=org.apache.logging.log4j.core.layout.PatternLayout].
DEBUG StatusLogger PatternLayout$Builder(pattern="%-5p : %m%n", PatternSelector=null, Configuration(HiveLog4j2Test), Replace=null, charset="null", alwaysWriteExceptions="null", disableAnsi="null", noConsoleNoAnsi="null", header="null", footer="null")
DEBUG StatusLogger Building Plugin[name=appender, class=org.apache.hadoop.hive.ql.log.HushableRandomAccessFileAppender].
DEBUG StatusLogger createAppender(fileName="/home/alex/Repositories/hive/beeline/target/tmp/alex/operation_logs/51a11d60-77f0-4a93-a5cd-83a9dd6625ad/alex_20240424080603_18ff15a2-cd9b-4401-beb7-e41510be8242.test", append="null", name="test-query-file-appender", immediateFlush="null", bufferSize="null", ignoreExceptions="null", PatternLayout(org.apache.logging.log4j.core.layout.PatternLayout with name PatternLayout), test-filter(org.apache.hadoop.hive.ql.log.LogDivertAppenderForTest$TestFilter with name test-filter), advertise="null", advertiseURI="null", Configuration(HiveLog4j2Test))
DEBUG StatusLogger Starting RandomAccessFileManager /home/alex/Repositories/hive/beeline/target/tmp/alex/operation_logs/51a11d60-77f0-4a93-a5cd-83a9dd6625ad/alex_20240424080603_18ff15a2-cd9b-4401-beb7-e41510be8242.test
2024-04-24T08:06:03,882  INFO [51a11d60-77f0-4a93-a5cd-83a9dd6625ad main] operation.SQLOperation: [opType=EXECUTE_STATEMENT, queryId=alex_20240424080603_18ff15a2-cd9b-4401-beb7-e41510be8242, startTime=1713971163879, sessionId=51a11d60-77f0-4a93-a5cd-83a9dd6625ad, createTime=1713971163512, userName=null, ipAddress=null]
2024-04-24T08:06:03,883  INFO [51a11d60-77f0-4a93-a5cd-83a9dd6625ad main] ql.Driver: Compiling command(queryId=alex_20240424080603_18ff15a2-cd9b-4401-beb7-e41510be8242): desc testSrcTbl2
2024-04-24T08:06:03,888  INFO [51a11d60-77f0-4a93-a5cd-83a9dd6625ad main] HiveMetaStore.audit: ugi=alex	ip=unknown-ip-addr	cmd=get_database: test	
2024-04-24T08:06:03,889  INFO [51a11d60-77f0-4a93-a5cd-83a9dd6625ad main] HiveMetaStore.audit: ugi=alex	ip=unknown-ip-addr	cmd=get_table : tbl=hive.test.testSrcTbl2	
2024-04-24T08:06:03,986  INFO [51a11d60-77f0-4a93-a5cd-83a9dd6625ad main] ql.Driver: Semantic Analysis Completed (retrial = false)
2024-04-24T08:06:03,987  INFO [51a11d60-77f0-4a93-a5cd-83a9dd6625ad main] ql.Driver: Created Hive schema: Schema(fieldSchemas:[FieldSchema(name:col_name, type:string, comment:from deserializer), FieldSchema(name:data_type, type:string, comment:from deserializer), FieldSchema(name:comment, type:string, comment:from deserializer)], properties:null)
2024-04-24T08:06:03,988  INFO [51a11d60-77f0-4a93-a5cd-83a9dd6625ad main] exec.ListSinkOperator: Initializing Operator: LIST_SINK[0]
2024-04-24T08:06:03,988  INFO [51a11d60-77f0-4a93-a5cd-83a9dd6625ad main] metadata.Hive: Dumping metastore api call timing information for : compilation phase
2024-04-24T08:06:03,988  INFO [51a11d60-77f0-4a93-a5cd-83a9dd6625ad main] metadata.Hive: Total time spent in each metastore function (ms): {isCompatibleWith_(Configuration)=0, getDatabase_(String)=1, getTable_(GetTableRequest)=97, flushCache_()=0}
2024-04-24T08:06:03,988  INFO [51a11d60-77f0-4a93-a5cd-83a9dd6625ad main] ql.Driver: Completed compiling command(queryId=alex_20240424080603_18ff15a2-cd9b-4401-beb7-e41510be8242); Time taken: 0.105 seconds
2024-04-24T08:06:03,988  INFO [51a11d60-77f0-4a93-a5cd-83a9dd6625ad main] common.LogUtils: Unregistered logging context.
2024-04-24T08:06:03,988  INFO [HiveServer2-Background-Pool: Thread-648] common.LogUtils: Thread context registration is done.
2024-04-24T08:06:03,989  INFO [HiveServer2-Background-Pool: Thread-648] reexec.ReExecDriver: Execution #1 of query
2024-04-24T08:06:03,990  INFO [HiveServer2-Background-Pool: Thread-648] ql.Driver: Concurrency mode is disabled, not creating a lock manager
2024-04-24T08:06:03,990  INFO [HiveServer2-Background-Pool: Thread-648] ql.Driver: Executing command(queryId=alex_20240424080603_18ff15a2-cd9b-4401-beb7-e41510be8242): desc testSrcTbl2
2024-04-24T08:06:03,990  INFO [HiveServer2-Background-Pool: Thread-648] ql.Driver: Starting task [Stage-0:DDL] in serial mode
2024-04-24T08:06:03,992  INFO [HiveServer2-Background-Pool: Thread-648] HiveMetaStore.audit: ugi=alex	ip=unknown-ip-addr	cmd=get_table : tbl=hive.test.testSrcTbl2	
2024-04-24T08:06:03,992  INFO [HiveServer2-Background-Pool: Thread-648] metastore.HMSHandler: 30: Opening raw store with implementation class:org.apache.hadoop.hive.metastore.ObjectStore
2024-04-24T08:06:03,992  INFO [HiveServer2-Background-Pool: Thread-648] metastore.ObjectStore: RawStore: org.apache.hadoop.hive.metastore.ObjectStore@58238aec, with PersistenceManager: null will be shutdown
2024-04-24T08:06:03,992  INFO [HiveServer2-Background-Pool: Thread-648] metastore.ObjectStore: RawStore: org.apache.hadoop.hive.metastore.ObjectStore@58238aec, with PersistenceManager: org.datanucleus.api.jdo.JDOPersistenceManager@1d210f8c created in the thread with id: 648
2024-04-24T08:06:03,995  INFO [HiveServer2-Background-Pool: Thread-648] metastore.HMSHandler: Created RawStore: org.apache.hadoop.hive.metastore.ObjectStore@58238aec from thread id: 648
2024-04-24T08:06:04,023  INFO [HiveServer2-Background-Pool: Thread-648] metadata.Hive: Dumping metastore api call timing information for : execution phase
2024-04-24T08:06:04,023  INFO [HiveServer2-Background-Pool: Thread-648] metadata.Hive: Total time spent in each metastore function (ms): {isCompatibleWith_(Configuration)=0, getTable_(GetTableRequest)=18}
2024-04-24T08:06:04,023  INFO [HiveServer2-Background-Pool: Thread-648] ql.Driver: Completed executing command(queryId=alex_20240424080603_18ff15a2-cd9b-4401-beb7-e41510be8242); Time taken: 0.033 seconds
2024-04-24T08:06:04,024  INFO [HiveServer2-Background-Pool: Thread-648] common.LogUtils: Unregistered logging context.
2024-04-24T08:06:04,025  INFO [51a11d60-77f0-4a93-a5cd-83a9dd6625ad main] operation.OperationManager: Closing operation: OperationHandle [opType=EXECUTE_STATEMENT, getHandleIdentifier()=ee1eb317-46be-4921-8b4b-d4fd56b1f134]
2024-04-24T08:06:04,025  INFO [51a11d60-77f0-4a93-a5cd-83a9dd6625ad main] operation.OperationManager: Removed queryId: alex_20240424080603_18ff15a2-cd9b-4401-beb7-e41510be8242 corresponding to operation: OperationHandle [opType=EXECUTE_STATEMENT, getHandleIdentifier()=ee1eb317-46be-4921-8b4b-d4fd56b1f134] with tag: null
2024-04-24T08:06:04,025  INFO [51a11d60-77f0-4a93-a5cd-83a9dd6625ad main] ql.Context: Deleting scratch dir: file:/home/alex/Repositories/hive/beeline/target/tmp/alex/51a11d60-77f0-4a93-a5cd-83a9dd6625ad/hive_2024-04-24_08-06-03_883_7611108142827916621-1
2024-04-24T08:06:04,025  INFO [51a11d60-77f0-4a93-a5cd-83a9dd6625ad main] cleanup.EventualCleanupService: Delete file:/home/alex/Repositories/hive/beeline/target/tmp/alex/51a11d60-77f0-4a93-a5cd-83a9dd6625ad/hive_2024-04-24_08-06-03_883_7611108142827916621-1 operation was queued
2024-04-24T08:06:04,025  INFO [51a11d60-77f0-4a93-a5cd-83a9dd6625ad main] exec.ListSinkOperator: Closing Operator: LIST_SINK[0]
2024-04-24T08:06:04,025  INFO [51a11d60-77f0-4a93-a5cd-83a9dd6625ad main] exec.ListSinkOperator: RECORDS_OUT_INTERMEDIATE:0, RECORDS_OUT_OPERATOR_LIST_SINK_0:0, 
2024-04-24T08:06:04,026  INFO [51a11d60-77f0-4a93-a5cd-83a9dd6625ad main] operation.SQLOperation: Closing operation log /home/alex/Repositories/hive/beeline/target/tmp/alex/operation_logs/51a11d60-77f0-4a93-a5cd-83a9dd6625ad/alex_20240424080603_18ff15a2-cd9b-4401-beb7-e41510be8242 without delay
2024-04-24T08:06:04,026  INFO [EventualCleanupService thread 0] cleanup.EventualCleanupService: Deleted file:/home/alex/Repositories/hive/beeline/target/tmp/alex/51a11d60-77f0-4a93-a5cd-83a9dd6625ad/hive_2024-04-24_08-06-03_883_7611108142827916621-1
2024-04-24T08:06:04,029  INFO [main] service.CompositeService: Session closed, SessionHandle [51a11d60-77f0-4a93-a5cd-83a9dd6625ad], current sessions:0
2024-04-24T08:06:04,029  INFO [51a11d60-77f0-4a93-a5cd-83a9dd6625ad main] session.HiveSessionImpl: Operation log session directory is deleted: /home/alex/Repositories/hive/beeline/target/tmp/alex/operation_logs/51a11d60-77f0-4a93-a5cd-83a9dd6625ad
2024-04-24T08:06:04,030  INFO [main] cleanup.EventualCleanupService: Delete /tmp/hive/alex/51a11d60-77f0-4a93-a5cd-83a9dd6625ad operation was queued
2024-04-24T08:06:04,030  INFO [main] cleanup.EventualCleanupService: Delete /home/alex/Repositories/hive/beeline/target/tmp/alex/51a11d60-77f0-4a93-a5cd-83a9dd6625ad operation was queued
2024-04-24T08:06:04,030  INFO [EventualCleanupService thread 2] cleanup.EventualCleanupService: Deleted /home/alex/Repositories/hive/beeline/target/tmp/alex/51a11d60-77f0-4a93-a5cd-83a9dd6625ad
2024-04-24T08:06:04,030  INFO [EventualCleanupService thread 1] cleanup.EventualCleanupService: Deleted /tmp/hive/alex/51a11d60-77f0-4a93-a5cd-83a9dd6625ad
2024-04-24T08:06:04,031  INFO [main] HiveMetaStore.audit: ugi=alex	ip=unknown-ip-addr	cmd=Cleaning up thread local RawStore...	
2024-04-24T08:06:04,031  INFO [main] metastore.ObjectStore: RawStore: org.apache.hadoop.hive.metastore.ObjectStore@57cff804, with PersistenceManager: org.datanucleus.api.jdo.JDOPersistenceManager@2f39b534 will be shutdown
2024-04-24T08:06:04,031  INFO [main] HiveMetaStore.audit: ugi=alex	ip=unknown-ip-addr	cmd=Done cleaning up thread local RawStore	
2024-04-24T08:06:04,031  INFO [main] metastore.HiveMetaStoreClient: Closed a connection to metastore, current connections: -41
2024-04-24T08:06:04,031 ERROR [main] cli.TestHiveCli: Failed due to the error:Connecting to jdbc:hive2://
Hive Session ID = 71d1a495-2f79-4873-b8c5-6028d1ffd7a6
ivysettings.xml file not found in HIVE_HOME or HIVE_CONF_DIR,/home/alex/Repositories/hive/conf/ivysettings.xml will be used
ivysettings.xml file not found in HIVE_HOME or HIVE_CONF_DIR,/home/alex/Repositories/hive/conf/ivysettings.xml will be used
Connected to: Apache Hive (version 4.0.0-SNAPSHOT)
Error: Couldn't load manifest attributes. (state=,code=0)
Transaction isolation: TRANSACTION_REPEATABLE_READ
INFO  : Compiling command(queryId=alex_20240424080603_38ae1b4b-9741-4b03-9eeb-c00a177c44b3): use test
INFO  : Semantic Analysis Completed (retrial = false)
INFO  : Created Hive schema: Schema(fieldSchemas:null, properties:null)
INFO  : Completed compiling command(queryId=alex_20240424080603_38ae1b4b-9741-4b03-9eeb-c00a177c44b3); Time taken: 0.005 seconds
INFO  : Concurrency mode is disabled, not creating a lock manager
INFO  : Executing command(queryId=alex_20240424080603_38ae1b4b-9741-4b03-9eeb-c00a177c44b3): use test
INFO  : Starting task [Stage-0:DDL] in serial mode
DEBUG : Task getting executed using mapred tag : alex_20240424080603_38ae1b4b-9741-4b03-9eeb-c00a177c44b3,userid=null
INFO  : Completed executing command(queryId=alex_20240424080603_38ae1b4b-9741-4b03-9eeb-c00a177c44b3); Time taken: 0.01 seconds
DEBUG : Shutting down query use test
Error: Failed to wait for operation to complete (state=08S01,code=0)
Beeline version ??? by Apache Hive
hive> set hiveconf:zzz=/home/alex/Repositories/hive/beeline/target/tmp/test907010282003151045.sql;
No rows affected (0,007 seconds)
hive> source ${hiveconf:zzz};
INFO  : Compiling command(queryId=alex_20240424080603_391d9a71-0b61-4a75-a1f3-3a256a527945): create table if not exists test.testSrcTbl2(sc2 string)
INFO  : Semantic Analysis Completed (retrial = false)
INFO  : Created Hive schema: Schema(fieldSchemas:null, properties:null)
INFO  : Completed compiling command(queryId=alex_20240424080603_391d9a71-0b61-4a75-a1f3-3a256a527945); Time taken: 0.008 seconds
INFO  : Concurrency mode is disabled, not creating a lock manager
INFO  : Executing command(queryId=alex_20240424080603_391d9a71-0b61-4a75-a1f3-3a256a527945): create table if not exists test.testSrcTbl2(sc2 string)
INFO  : Starting task [Stage-0:DDL] in serial mode
DEBUG : Task getting executed using mapred tag : alex_20240424080603_391d9a71-0b61-4a75-a1f3-3a256a527945,userid=null
INFO  : Completed executing command(queryId=alex_20240424080603_391d9a71-0b61-4a75-a1f3-3a256a527945); Time taken: 0.057 seconds
DEBUG : Shutting down query create table if not exists test.testSrcTbl2(sc2 string)
Error: Failed to wait for operation to complete (state=08S01,code=0)
hive> desc testSrcTbl2;
INFO  : Compiling command(queryId=alex_20240424080603_18ff15a2-cd9b-4401-beb7-e41510be8242): desc testSrcTbl2
INFO  : Semantic Analysis Completed (retrial = false)
INFO  : Created Hive schema: Schema(fieldSchemas:[FieldSchema(name:col_name, type:string, comment:from deserializer), FieldSchema(name:data_type, type:string, comment:from deserializer), FieldSchema(name:comment, type:string, comment:from deserializer)], properties:null)
INFO  : Completed compiling command(queryId=alex_20240424080603_18ff15a2-cd9b-4401-beb7-e41510be8242); Time taken: 0.105 seconds
INFO  : Concurrency mode is disabled, not creating a lock manager
INFO  : Executing command(queryId=alex_20240424080603_18ff15a2-cd9b-4401-beb7-e41510be8242): desc testSrcTbl2
INFO  : Starting task [Stage-0:DDL] in serial mode
DEBUG : Task getting executed using mapred tag : alex_20240424080603_18ff15a2-cd9b-4401-beb7-e41510be8242,userid=null
INFO  : Completed executing command(queryId=alex_20240424080603_18ff15a2-cd9b-4401-beb7-e41510be8242); Time taken: 0.033 seconds
DEBUG : Shutting down query desc testSrcTbl2
Error: Failed to wait for operation to complete (state=08S01,code=0)
hive> Closing: 0: jdbc:hive2://

]]></system-err>
  </testcase>
  <testcase name="testSetHeaderValue" classname="org.apache.hive.beeline.cli.TestHiveCli" time="3.137">
    <failure type="java.lang.AssertionError"><![CDATA[java.lang.AssertionError: The expected keyword "testtbl.a testtbl.b" occur in the output: 
	at org.junit.Assert.fail(Assert.java:89)
	at org.junit.Assert.assertTrue(Assert.java:42)
	at org.apache.hive.beeline.cli.TestHiveCli.verifyCMD(TestHiveCli.java:270)
	at org.apache.hive.beeline.cli.TestHiveCli.testSetHeaderValue(TestHiveCli.java:89)
	at sun.reflect.NativeMethodAccessorImpl.invoke0(Native Method)
	at sun.reflect.NativeMethodAccessorImpl.invoke(NativeMethodAccessorImpl.java:62)
	at sun.reflect.DelegatingMethodAccessorImpl.invoke(DelegatingMethodAccessorImpl.java:43)
	at java.lang.reflect.Method.invoke(Method.java:498)
	at org.junit.runners.model.FrameworkMethod$1.runReflectiveCall(FrameworkMethod.java:59)
	at org.junit.internal.runners.model.ReflectiveCallable.run(ReflectiveCallable.java:12)
	at org.junit.runners.model.FrameworkMethod.invokeExplosively(FrameworkMethod.java:56)
	at org.junit.internal.runners.statements.InvokeMethod.evaluate(InvokeMethod.java:17)
	at org.junit.internal.runners.statements.RunBefores.evaluate(RunBefores.java:26)
	at org.junit.internal.runners.statements.RunAfters.evaluate(RunAfters.java:27)
	at org.junit.runners.ParentRunner$3.evaluate(ParentRunner.java:306)
	at org.junit.runners.BlockJUnit4ClassRunner$1.evaluate(BlockJUnit4ClassRunner.java:100)
	at org.junit.runners.ParentRunner.runLeaf(ParentRunner.java:366)
	at org.junit.runners.BlockJUnit4ClassRunner.runChild(BlockJUnit4ClassRunner.java:103)
	at org.junit.runners.BlockJUnit4ClassRunner.runChild(BlockJUnit4ClassRunner.java:63)
	at org.junit.runners.ParentRunner$4.run(ParentRunner.java:331)
	at org.junit.runners.ParentRunner$1.schedule(ParentRunner.java:79)
	at org.junit.runners.ParentRunner.runChildren(ParentRunner.java:329)
	at org.junit.runners.ParentRunner.access$100(ParentRunner.java:66)
	at org.junit.runners.ParentRunner$2.evaluate(ParentRunner.java:293)
	at org.junit.internal.runners.statements.RunBefores.evaluate(RunBefores.java:26)
	at org.junit.runners.ParentRunner$3.evaluate(ParentRunner.java:306)
	at org.junit.runners.ParentRunner.run(ParentRunner.java:413)
	at org.junit.runner.JUnitCore.run(JUnitCore.java:137)
	at org.junit.runner.JUnitCore.run(JUnitCore.java:115)
	at org.junit.vintage.engine.execution.RunnerExecutor.execute(RunnerExecutor.java:43)
	at java.util.stream.ForEachOps$ForEachOp$OfRef.accept(ForEachOps.java:183)
	at java.util.stream.ReferencePipeline$3$1.accept(ReferencePipeline.java:193)
	at java.util.Iterator.forEachRemaining(Iterator.java:116)
	at java.util.Spliterators$IteratorSpliterator.forEachRemaining(Spliterators.java:1801)
	at java.util.stream.AbstractPipeline.copyInto(AbstractPipeline.java:482)
	at java.util.stream.AbstractPipeline.wrapAndCopyInto(AbstractPipeline.java:472)
	at java.util.stream.ForEachOps$ForEachOp.evaluateSequential(ForEachOps.java:150)
	at java.util.stream.ForEachOps$ForEachOp$OfRef.evaluateSequential(ForEachOps.java:173)
	at java.util.stream.AbstractPipeline.evaluate(AbstractPipeline.java:234)
	at java.util.stream.ReferencePipeline.forEach(ReferencePipeline.java:485)
	at org.junit.vintage.engine.VintageTestEngine.executeAllChildren(VintageTestEngine.java:82)
	at org.junit.vintage.engine.VintageTestEngine.execute(VintageTestEngine.java:73)
	at org.junit.platform.launcher.core.DefaultLauncher.execute(DefaultLauncher.java:248)
	at org.junit.platform.launcher.core.DefaultLauncher.lambda$execute$5(DefaultLauncher.java:211)
	at org.junit.platform.launcher.core.DefaultLauncher.withInterceptedStreams(DefaultLauncher.java:226)
	at org.junit.platform.launcher.core.DefaultLauncher.execute(DefaultLauncher.java:199)
	at org.junit.platform.launcher.core.DefaultLauncher.execute(DefaultLauncher.java:132)
	at org.apache.maven.surefire.junitplatform.JUnitPlatformProvider.invokeAllTests(JUnitPlatformProvider.java:154)
	at org.apache.maven.surefire.junitplatform.JUnitPlatformProvider.invoke(JUnitPlatformProvider.java:123)
	at org.apache.maven.surefire.booter.ForkedBooter.runSuitesInProcess(ForkedBooter.java:377)
	at org.apache.maven.surefire.booter.ForkedBooter.execute(ForkedBooter.java:138)
	at org.apache.maven.surefire.booter.ForkedBooter.run(ForkedBooter.java:465)
	at org.apache.maven.surefire.booter.ForkedBooter.main(ForkedBooter.java:451)
]]></failure>
    <system-err><![CDATA[2024-04-24T08:06:04,032 ERROR [main] cli.TestHiveCli: Failed to execute command due to the error: java.lang.NullPointerException: Null output stream
2024-04-24T08:06:04,080  WARN [main] conf.HiveConf: HiveConf of name hive.dummyparam.test.server.specific.config.override does not exist
2024-04-24T08:06:04,080  WARN [main] conf.HiveConf: HiveConf of name hive.dummyparam.test.server.specific.config.hiveserver2site does not exist
2024-04-24T08:06:04,080  WARN [main] conf.HiveConf: HiveConf of name hive.dummyparam.test.server.specific.config.metastoresite does not exist
2024-04-24T08:06:04,080  INFO [main] SessionState: Hive Session ID = 523ab742-e77e-43bd-a2ab-44a5d52292cd
2024-04-24T08:06:04,081  INFO [main] DependencyResolver: ivysettings.xml file not found in HIVE_HOME or HIVE_CONF_DIR,/home/alex/Repositories/hive/conf/ivysettings.xml will be used
2024-04-24T08:06:04,089  INFO [main] session.SessionState: Created HDFS directory: /tmp/hive/alex/523ab742-e77e-43bd-a2ab-44a5d52292cd
2024-04-24T08:06:04,093  INFO [main] session.SessionState: Created local directory: /home/alex/Repositories/hive/beeline/target/tmp/alex/523ab742-e77e-43bd-a2ab-44a5d52292cd
2024-04-24T08:06:04,096  INFO [main] session.SessionState: Created HDFS directory: /tmp/hive/alex/523ab742-e77e-43bd-a2ab-44a5d52292cd/_tmp_space.db
2024-04-24T08:06:04,096  INFO [main] sqlstd.SQLStdHiveAccessController: Created SQLStdHiveAccessController for session context : HiveAuthzSessionContext [sessionString=523ab742-e77e-43bd-a2ab-44a5d52292cd, clientType=HIVESERVER2]
2024-04-24T08:06:04,097  INFO [main] metastore.HiveMetaStoreClient: HMS client filtering is enabled.
2024-04-24T08:06:04,098  INFO [main] metastore.HMSHandler: 0: Opening raw store with implementation class:org.apache.hadoop.hive.metastore.ObjectStore
2024-04-24T08:06:04,098  INFO [main] metastore.PersistenceManagerProvider: Configuration datanucleus.autoStartMechanismMode is not set. Defaulting to 'ignored'
2024-04-24T08:06:04,098  INFO [main] metastore.ObjectStore: RawStore: org.apache.hadoop.hive.metastore.ObjectStore@23263ba, with PersistenceManager: null will be shutdown
2024-04-24T08:06:04,098  INFO [main] metastore.ObjectStore: RawStore: org.apache.hadoop.hive.metastore.ObjectStore@23263ba, with PersistenceManager: org.datanucleus.api.jdo.JDOPersistenceManager@3ca6bd01 created in the thread with id: 1
2024-04-24T08:06:04,100  INFO [main] metastore.HMSHandler: Created RawStore: org.apache.hadoop.hive.metastore.ObjectStore@23263ba from thread id: 1
2024-04-24T08:06:04,100  INFO [main] metastore.HMSHandler: HMS server filtering is disabled by configuration
2024-04-24T08:06:04,100  INFO [main] metastore.RetryingMetaStoreClient: RetryingMetaStoreClient proxy=class org.apache.hadoop.hive.ql.metadata.SessionHiveMetaStoreClient ugi=alex (auth:SIMPLE) retries=1 delay=1 lifetime=0
2024-04-24T08:06:04,100  INFO [main] service.CompositeService: Operation log root directory is created: /home/alex/Repositories/hive/beeline/target/tmp/alex/operation_logs
2024-04-24T08:06:04,101  INFO [main] service.CompositeService: HiveServer2: Background operation thread pool size: 100
2024-04-24T08:06:04,101  INFO [main] service.CompositeService: HiveServer2: Background operation thread wait queue size: 100
2024-04-24T08:06:04,101  INFO [main] service.CompositeService: HiveServer2: Background operation thread keepalive time: 10 seconds
2024-04-24T08:06:04,101  INFO [main] service.CompositeService: Connections limit are user: 0 ipaddress: 0 user-ipaddress: 0
2024-04-24T08:06:04,102  INFO [main] cleanup.EventualCleanupService: EventualCleanupService started with 10 threads and queue of size 10000
ERROR StatusLogger Log4j2 ConfigurationScheduler attempted to increment scheduled items after start
ERROR StatusLogger Log4j2 ConfigurationScheduler attempted to increment scheduled items after start
2024-04-24T08:06:04,103  INFO [main] service.AbstractService: Service:OperationManager is inited.
2024-04-24T08:06:04,103  INFO [main] service.AbstractService: Service:SessionManager is inited.
2024-04-24T08:06:04,103  INFO [main] service.AbstractService: Service:CLIService is inited.
2024-04-24T08:06:04,103  INFO [main] service.AbstractService: Service:OperationManager is started.
2024-04-24T08:06:04,103  INFO [main] service.AbstractService: Service:SessionManager is started.
2024-04-24T08:06:04,104  INFO [main] service.AbstractService: Service:CLIService is started.
2024-04-24T08:06:04,104  INFO [main] service.AbstractService: Service:ThriftBinaryCLIService is inited.
2024-04-24T08:06:04,104  INFO [main] thrift.ThriftCLIService: Client protocol version: HIVE_CLI_SERVICE_PROTOCOL_V10
2024-04-24T08:06:04,104  INFO [main] thrift.ThriftCLIService: Creating Hive session handle for user [null] from IP null
2024-04-24T08:06:04,105  INFO [main] DependencyResolver: ivysettings.xml file not found in HIVE_HOME or HIVE_CONF_DIR,/home/alex/Repositories/hive/conf/ivysettings.xml will be used
2024-04-24T08:06:04,111  INFO [main] session.SessionState: Created HDFS directory: /tmp/hive/alex/85de7a3a-8519-466c-8a6a-08817b62d1ab
2024-04-24T08:06:04,115  INFO [main] session.SessionState: Created local directory: /home/alex/Repositories/hive/beeline/target/tmp/alex/85de7a3a-8519-466c-8a6a-08817b62d1ab
2024-04-24T08:06:04,118  INFO [main] session.SessionState: Created HDFS directory: /tmp/hive/alex/85de7a3a-8519-466c-8a6a-08817b62d1ab/_tmp_space.db
2024-04-24T08:06:04,118  INFO [main] session.SessionState: Reloading auxiliary JAR files
2024-04-24T08:06:04,118  WARN [main] session.SessionState: Configuration hive.reloadable.aux.jars.path not specified
2024-04-24T08:06:04,118  INFO [main] HiveMetaStore.audit: ugi=alex	ip=unknown-ip-addr	cmd=Cleaning up thread local RawStore...	
2024-04-24T08:06:04,118  INFO [main] metastore.ObjectStore: RawStore: org.apache.hadoop.hive.metastore.ObjectStore@23263ba, with PersistenceManager: org.datanucleus.api.jdo.JDOPersistenceManager@3ca6bd01 will be shutdown
2024-04-24T08:06:04,119  INFO [main] HiveMetaStore.audit: ugi=alex	ip=unknown-ip-addr	cmd=Done cleaning up thread local RawStore	
2024-04-24T08:06:04,119  INFO [main] metastore.HiveMetaStoreClient: Closed a connection to metastore, current connections: -42
2024-04-24T08:06:04,119  INFO [main] session.HiveSessionImpl: Operation log session directory is created: /home/alex/Repositories/hive/beeline/target/tmp/alex/operation_logs/85de7a3a-8519-466c-8a6a-08817b62d1ab
2024-04-24T08:06:04,119  INFO [main] service.CompositeService: Session opened, SessionHandle [85de7a3a-8519-466c-8a6a-08817b62d1ab], current sessions:1
2024-04-24T08:06:04,119  INFO [main] thrift.ThriftCLIService: Login attempt is successful for user : null
2024-04-24T08:06:04,169  WARN [main] conf.HiveConf: HiveConf of name hive.dummyparam.test.server.specific.config.override does not exist
2024-04-24T08:06:04,169  WARN [main] conf.HiveConf: HiveConf of name hive.dummyparam.test.server.specific.config.hiveserver2site does not exist
2024-04-24T08:06:04,169  WARN [main] conf.HiveConf: HiveConf of name hive.dummyparam.test.server.specific.config.metastoresite does not exist
2024-04-24T08:06:04,170  INFO [85de7a3a-8519-466c-8a6a-08817b62d1ab main] session.HiveSessionImpl: executing set
2024-04-24T08:06:04,170  INFO [85de7a3a-8519-466c-8a6a-08817b62d1ab main] operation.HiveCommandOperation: Putting temp output to file /home/alex/Repositories/hive/beeline/target/tmp/alex/85de7a3a-8519-466c-8a6a-08817b62d1ab3396638770319917901.pipeout and error output to file /home/alex/Repositories/hive/beeline/target/tmp/alex/85de7a3a-8519-466c-8a6a-08817b62d1ab7764845882201274883.pipeout
2024-04-24T08:06:04,170  INFO [85de7a3a-8519-466c-8a6a-08817b62d1ab main] operation.OperationManager: Adding operation: OperationHandle [opType=EXECUTE_STATEMENT, getHandleIdentifier()=04a62e44-8e59-482c-8789-bb9f2c4d8329] SessionHandle [85de7a3a-8519-466c-8a6a-08817b62d1ab]
2024-04-24T08:06:04,170  INFO [85de7a3a-8519-466c-8a6a-08817b62d1ab main] common.LogUtils: Thread context registration is done.
DEBUG StatusLogger Building Plugin[name=filter, class=org.apache.hadoop.hive.ql.log.LogDivertAppender$NameFilter].
DEBUG StatusLogger createFilter(loggingLevel="EXECUTION")
DEBUG StatusLogger Building Plugin[name=layout, class=org.apache.logging.log4j.core.layout.PatternLayout].
DEBUG StatusLogger PatternLayout$Builder(pattern="%-5p : %m%n", PatternSelector=null, Configuration(HiveLog4j2Test), Replace=null, charset="null", alwaysWriteExceptions="null", disableAnsi="null", noConsoleNoAnsi="null", header="null", footer="null")
DEBUG StatusLogger Building Plugin[name=appender, class=org.apache.hadoop.hive.ql.log.HushableRandomAccessFileAppender].
DEBUG StatusLogger createAppender(fileName="/home/alex/Repositories/hive/beeline/target/tmp/alex/operation_logs/85de7a3a-8519-466c-8a6a-08817b62d1ab/alex_20240424080604_f865a5d4-9c11-49c6-a6d5-f5b70549aa21", append="null", name="query-file-appender", immediateFlush="null", bufferSize="null", ignoreExceptions="null", PatternLayout(org.apache.logging.log4j.core.layout.PatternLayout with name PatternLayout), NameFilter(org.apache.hadoop.hive.ql.log.LogDivertAppender$NameFilter with name NameFilter), advertise="null", advertiseURI="null", Configuration(HiveLog4j2Test))
DEBUG StatusLogger Starting RandomAccessFileManager /home/alex/Repositories/hive/beeline/target/tmp/alex/operation_logs/85de7a3a-8519-466c-8a6a-08817b62d1ab/alex_20240424080604_f865a5d4-9c11-49c6-a6d5-f5b70549aa21
DEBUG StatusLogger Building Plugin[name=, class=org.apache.hadoop.hive.ql.log.LogDivertAppenderForTest$TestFilter].
DEBUG StatusLogger createFilter()
DEBUG StatusLogger Building Plugin[name=, class=org.apache.logging.log4j.core.layout.PatternLayout].
DEBUG StatusLogger PatternLayout$Builder(pattern="%-5p : %m%n", PatternSelector=null, Configuration(HiveLog4j2Test), Replace=null, charset="null", alwaysWriteExceptions="null", disableAnsi="null", noConsoleNoAnsi="null", header="null", footer="null")
DEBUG StatusLogger Building Plugin[name=appender, class=org.apache.hadoop.hive.ql.log.HushableRandomAccessFileAppender].
DEBUG StatusLogger createAppender(fileName="/home/alex/Repositories/hive/beeline/target/tmp/alex/operation_logs/85de7a3a-8519-466c-8a6a-08817b62d1ab/alex_20240424080604_f865a5d4-9c11-49c6-a6d5-f5b70549aa21.test", append="null", name="test-query-file-appender", immediateFlush="null", bufferSize="null", ignoreExceptions="null", PatternLayout(org.apache.logging.log4j.core.layout.PatternLayout with name PatternLayout), test-filter(org.apache.hadoop.hive.ql.log.LogDivertAppenderForTest$TestFilter with name test-filter), advertise="null", advertiseURI="null", Configuration(HiveLog4j2Test))
DEBUG StatusLogger Starting RandomAccessFileManager /home/alex/Repositories/hive/beeline/target/tmp/alex/operation_logs/85de7a3a-8519-466c-8a6a-08817b62d1ab/alex_20240424080604_f865a5d4-9c11-49c6-a6d5-f5b70549aa21.test
2024-04-24T08:06:04,173  INFO [85de7a3a-8519-466c-8a6a-08817b62d1ab main] operation.HiveCommandOperation: [opType=EXECUTE_STATEMENT, queryId=alex_20240424080604_f865a5d4-9c11-49c6-a6d5-f5b70549aa21, startTime=1713971164170, sessionId=85de7a3a-8519-466c-8a6a-08817b62d1ab, createTime=1713971164104, userName=null, ipAddress=null]
2024-04-24T08:06:04,181  INFO [85de7a3a-8519-466c-8a6a-08817b62d1ab main] common.LogUtils: Unregistered logging context.
2024-04-24T08:06:04,183  INFO [85de7a3a-8519-466c-8a6a-08817b62d1ab main] operation.OperationManager: Closing operation: OperationHandle [opType=EXECUTE_STATEMENT, getHandleIdentifier()=04a62e44-8e59-482c-8789-bb9f2c4d8329]
2024-04-24T08:06:04,183  INFO [85de7a3a-8519-466c-8a6a-08817b62d1ab main] operation.OperationManager: Removed queryId: alex_20240424080604_f865a5d4-9c11-49c6-a6d5-f5b70549aa21 corresponding to operation: OperationHandle [opType=EXECUTE_STATEMENT, getHandleIdentifier()=04a62e44-8e59-482c-8789-bb9f2c4d8329] with tag: null
2024-04-24T08:06:04,184  INFO [85de7a3a-8519-466c-8a6a-08817b62d1ab main] operation.HiveCommandOperation: Closing operation log /home/alex/Repositories/hive/beeline/target/tmp/alex/operation_logs/85de7a3a-8519-466c-8a6a-08817b62d1ab/alex_20240424080604_f865a5d4-9c11-49c6-a6d5-f5b70549aa21 without delay
2024-04-24T08:06:04,190  INFO [85de7a3a-8519-466c-8a6a-08817b62d1ab main] session.HiveSessionImpl: executing create database if not exists test
2024-04-24T08:06:04,191  INFO [85de7a3a-8519-466c-8a6a-08817b62d1ab main] operation.OperationManager: Adding operation: OperationHandle [opType=EXECUTE_STATEMENT, getHandleIdentifier()=7fc09adb-e2c2-44d0-bdd2-6da355e168a0] SessionHandle [85de7a3a-8519-466c-8a6a-08817b62d1ab]
2024-04-24T08:06:04,191  INFO [85de7a3a-8519-466c-8a6a-08817b62d1ab main] common.LogUtils: Thread context registration is done.
DEBUG StatusLogger Building Plugin[name=filter, class=org.apache.hadoop.hive.ql.log.LogDivertAppender$NameFilter].
DEBUG StatusLogger createFilter(loggingLevel="EXECUTION")
DEBUG StatusLogger Building Plugin[name=layout, class=org.apache.logging.log4j.core.layout.PatternLayout].
DEBUG StatusLogger PatternLayout$Builder(pattern="%-5p : %m%n", PatternSelector=null, Configuration(HiveLog4j2Test), Replace=null, charset="null", alwaysWriteExceptions="null", disableAnsi="null", noConsoleNoAnsi="null", header="null", footer="null")
DEBUG StatusLogger Building Plugin[name=appender, class=org.apache.hadoop.hive.ql.log.HushableRandomAccessFileAppender].
DEBUG StatusLogger createAppender(fileName="/home/alex/Repositories/hive/beeline/target/tmp/alex/operation_logs/85de7a3a-8519-466c-8a6a-08817b62d1ab/alex_20240424080604_89ef08d0-bc71-48b2-b297-7a91b3aa2b1a", append="null", name="query-file-appender", immediateFlush="null", bufferSize="null", ignoreExceptions="null", PatternLayout(org.apache.logging.log4j.core.layout.PatternLayout with name PatternLayout), NameFilter(org.apache.hadoop.hive.ql.log.LogDivertAppender$NameFilter with name NameFilter), advertise="null", advertiseURI="null", Configuration(HiveLog4j2Test))
DEBUG StatusLogger Starting RandomAccessFileManager /home/alex/Repositories/hive/beeline/target/tmp/alex/operation_logs/85de7a3a-8519-466c-8a6a-08817b62d1ab/alex_20240424080604_89ef08d0-bc71-48b2-b297-7a91b3aa2b1a
DEBUG StatusLogger Building Plugin[name=, class=org.apache.hadoop.hive.ql.log.LogDivertAppenderForTest$TestFilter].
DEBUG StatusLogger createFilter()
DEBUG StatusLogger Building Plugin[name=, class=org.apache.logging.log4j.core.layout.PatternLayout].
DEBUG StatusLogger PatternLayout$Builder(pattern="%-5p : %m%n", PatternSelector=null, Configuration(HiveLog4j2Test), Replace=null, charset="null", alwaysWriteExceptions="null", disableAnsi="null", noConsoleNoAnsi="null", header="null", footer="null")
DEBUG StatusLogger Building Plugin[name=appender, class=org.apache.hadoop.hive.ql.log.HushableRandomAccessFileAppender].
DEBUG StatusLogger createAppender(fileName="/home/alex/Repositories/hive/beeline/target/tmp/alex/operation_logs/85de7a3a-8519-466c-8a6a-08817b62d1ab/alex_20240424080604_89ef08d0-bc71-48b2-b297-7a91b3aa2b1a.test", append="null", name="test-query-file-appender", immediateFlush="null", bufferSize="null", ignoreExceptions="null", PatternLayout(org.apache.logging.log4j.core.layout.PatternLayout with name PatternLayout), test-filter(org.apache.hadoop.hive.ql.log.LogDivertAppenderForTest$TestFilter with name test-filter), advertise="null", advertiseURI="null", Configuration(HiveLog4j2Test))
DEBUG StatusLogger Starting RandomAccessFileManager /home/alex/Repositories/hive/beeline/target/tmp/alex/operation_logs/85de7a3a-8519-466c-8a6a-08817b62d1ab/alex_20240424080604_89ef08d0-bc71-48b2-b297-7a91b3aa2b1a.test
2024-04-24T08:06:04,194  INFO [85de7a3a-8519-466c-8a6a-08817b62d1ab main] operation.SQLOperation: [opType=EXECUTE_STATEMENT, queryId=alex_20240424080604_89ef08d0-bc71-48b2-b297-7a91b3aa2b1a, startTime=1713971164190, sessionId=85de7a3a-8519-466c-8a6a-08817b62d1ab, createTime=1713971164104, userName=null, ipAddress=null]
2024-04-24T08:06:04,195  INFO [85de7a3a-8519-466c-8a6a-08817b62d1ab main] ql.Driver: Compiling command(queryId=alex_20240424080604_89ef08d0-bc71-48b2-b297-7a91b3aa2b1a): create database if not exists test
2024-04-24T08:06:04,196  INFO [85de7a3a-8519-466c-8a6a-08817b62d1ab main] metastore.HiveMetaStoreClient: HMS client filtering is enabled.
2024-04-24T08:06:04,196  INFO [85de7a3a-8519-466c-8a6a-08817b62d1ab main] metastore.HMSHandler: 0: Opening raw store with implementation class:org.apache.hadoop.hive.metastore.ObjectStore
2024-04-24T08:06:04,197  INFO [85de7a3a-8519-466c-8a6a-08817b62d1ab main] metastore.PersistenceManagerProvider: Configuration datanucleus.autoStartMechanismMode is not set. Defaulting to 'ignored'
2024-04-24T08:06:04,197  INFO [85de7a3a-8519-466c-8a6a-08817b62d1ab main] metastore.ObjectStore: RawStore: org.apache.hadoop.hive.metastore.ObjectStore@37b80ec7, with PersistenceManager: null will be shutdown
2024-04-24T08:06:04,197  INFO [85de7a3a-8519-466c-8a6a-08817b62d1ab main] metastore.ObjectStore: RawStore: org.apache.hadoop.hive.metastore.ObjectStore@37b80ec7, with PersistenceManager: org.datanucleus.api.jdo.JDOPersistenceManager@4cb58e8b created in the thread with id: 1
2024-04-24T08:06:04,200  INFO [85de7a3a-8519-466c-8a6a-08817b62d1ab main] metastore.HMSHandler: Created RawStore: org.apache.hadoop.hive.metastore.ObjectStore@37b80ec7 from thread id: 1
2024-04-24T08:06:04,200  INFO [85de7a3a-8519-466c-8a6a-08817b62d1ab main] metastore.HMSHandler: HMS server filtering is disabled by configuration
2024-04-24T08:06:04,201  INFO [85de7a3a-8519-466c-8a6a-08817b62d1ab main] metastore.RetryingMetaStoreClient: RetryingMetaStoreClient proxy=class org.apache.hadoop.hive.ql.metadata.SessionHiveMetaStoreClient ugi=alex (auth:SIMPLE) retries=1 delay=1 lifetime=0
2024-04-24T08:06:04,201  INFO [85de7a3a-8519-466c-8a6a-08817b62d1ab main] ql.Driver: Semantic Analysis Completed (retrial = false)
2024-04-24T08:06:04,201  INFO [85de7a3a-8519-466c-8a6a-08817b62d1ab main] ql.Driver: Created Hive schema: Schema(fieldSchemas:null, properties:null)
2024-04-24T08:06:04,201  INFO [85de7a3a-8519-466c-8a6a-08817b62d1ab main] metadata.Hive: Dumping metastore api call timing information for : compilation phase
2024-04-24T08:06:04,201  INFO [85de7a3a-8519-466c-8a6a-08817b62d1ab main] metadata.Hive: Total time spent in each metastore function (ms): {isCompatibleWith_(Configuration)=0, flushCache_()=0}
2024-04-24T08:06:04,202  INFO [85de7a3a-8519-466c-8a6a-08817b62d1ab main] ql.Driver: Completed compiling command(queryId=alex_20240424080604_89ef08d0-bc71-48b2-b297-7a91b3aa2b1a); Time taken: 0.006 seconds
2024-04-24T08:06:04,202  INFO [85de7a3a-8519-466c-8a6a-08817b62d1ab main] common.LogUtils: Unregistered logging context.
2024-04-24T08:06:04,203  INFO [HiveServer2-Background-Pool: Thread-673] common.LogUtils: Thread context registration is done.
2024-04-24T08:06:04,204  INFO [HiveServer2-Background-Pool: Thread-673] reexec.ReExecDriver: Execution #1 of query
2024-04-24T08:06:04,205  INFO [HiveServer2-Background-Pool: Thread-673] ql.Driver: Concurrency mode is disabled, not creating a lock manager
2024-04-24T08:06:04,205  INFO [HiveServer2-Background-Pool: Thread-673] ql.Driver: Executing command(queryId=alex_20240424080604_89ef08d0-bc71-48b2-b297-7a91b3aa2b1a): create database if not exists test
2024-04-24T08:06:04,206  INFO [HiveServer2-Background-Pool: Thread-673] ql.Driver: Starting task [Stage-0:DDL] in serial mode
2024-04-24T08:06:04,207  INFO [HiveServer2-Background-Pool: Thread-673] sqlstd.SQLStdHiveAccessController: Created SQLStdHiveAccessController for session context : HiveAuthzSessionContext [sessionString=85de7a3a-8519-466c-8a6a-08817b62d1ab, clientType=HIVESERVER2]
2024-04-24T08:06:04,207  WARN [HiveServer2-Background-Pool: Thread-673] exec.DDLTask: metastore.warehouse.external.dir is not set, falling back to metastore.warehouse.dir. This could cause external tables to use to managed tablespace.
2024-04-24T08:06:04,208  INFO [HiveServer2-Background-Pool: Thread-673] HiveMetaStore.audit: ugi=alex	ip=unknown-ip-addr	cmd=create_database: Database(name:test, description:null, locationUri:file:/home/alex/Repositories/hive/beeline/target/tmp/warehouse/test.db, parameters:null, ownerName:alex, ownerType:USER, catalogName:hive, type:NATIVE)	
2024-04-24T08:06:04,209  INFO [HiveServer2-Background-Pool: Thread-673] metastore.HMSHandler: 31: Opening raw store with implementation class:org.apache.hadoop.hive.metastore.ObjectStore
2024-04-24T08:06:04,210  INFO [HiveServer2-Background-Pool: Thread-673] metastore.ObjectStore: RawStore: org.apache.hadoop.hive.metastore.ObjectStore@4c2d6599, with PersistenceManager: null will be shutdown
2024-04-24T08:06:04,210  INFO [HiveServer2-Background-Pool: Thread-673] metastore.ObjectStore: RawStore: org.apache.hadoop.hive.metastore.ObjectStore@4c2d6599, with PersistenceManager: org.datanucleus.api.jdo.JDOPersistenceManager@92ff278 created in the thread with id: 673
2024-04-24T08:06:04,213  INFO [HiveServer2-Background-Pool: Thread-673] metastore.HMSHandler: Created RawStore: org.apache.hadoop.hive.metastore.ObjectStore@4c2d6599 from thread id: 673
2024-04-24T08:06:04,214 ERROR [HiveServer2-Background-Pool: Thread-673] metastore.RetryingHMSHandler: AlreadyExistsException(message:Database test already exists)
	at org.apache.hadoop.hive.metastore.HMSHandler.create_database(HMSHandler.java:1472)
	at sun.reflect.NativeMethodAccessorImpl.invoke0(Native Method)
	at sun.reflect.NativeMethodAccessorImpl.invoke(NativeMethodAccessorImpl.java:62)
	at sun.reflect.DelegatingMethodAccessorImpl.invoke(DelegatingMethodAccessorImpl.java:43)
	at java.lang.reflect.Method.invoke(Method.java:498)
	at org.apache.hadoop.hive.metastore.RetryingHMSHandler.invokeInternal(RetryingHMSHandler.java:147)
	at org.apache.hadoop.hive.metastore.RetryingHMSHandler.invoke(RetryingHMSHandler.java:108)
	at com.sun.proxy.$Proxy40.create_database(Unknown Source)
	at org.apache.hadoop.hive.metastore.HiveMetaStoreClient.createDatabase(HiveMetaStoreClient.java:1151)
	at sun.reflect.NativeMethodAccessorImpl.invoke0(Native Method)
	at sun.reflect.NativeMethodAccessorImpl.invoke(NativeMethodAccessorImpl.java:62)
	at sun.reflect.DelegatingMethodAccessorImpl.invoke(DelegatingMethodAccessorImpl.java:43)
	at java.lang.reflect.Method.invoke(Method.java:498)
	at org.apache.hadoop.hive.metastore.RetryingMetaStoreClient.invoke(RetryingMetaStoreClient.java:218)
	at com.sun.proxy.$Proxy41.createDatabase(Unknown Source)
	at org.apache.hadoop.hive.ql.metadata.Hive.createDatabase(Hive.java:605)
	at org.apache.hadoop.hive.ql.ddl.database.create.CreateDatabaseOperation.execute(CreateDatabaseOperation.java:68)
	at org.apache.hadoop.hive.ql.ddl.DDLTask.execute(DDLTask.java:84)
	at org.apache.hadoop.hive.ql.exec.Task.executeTask(Task.java:212)
	at org.apache.hadoop.hive.ql.exec.TaskRunner.runSequential(TaskRunner.java:105)
	at org.apache.hadoop.hive.ql.Executor.launchTask(Executor.java:361)
	at org.apache.hadoop.hive.ql.Executor.launchTasks(Executor.java:334)
	at org.apache.hadoop.hive.ql.Executor.runTasks(Executor.java:245)
	at org.apache.hadoop.hive.ql.Executor.execute(Executor.java:108)
	at org.apache.hadoop.hive.ql.Driver.execute(Driver.java:348)
	at org.apache.hadoop.hive.ql.Driver.runInternal(Driver.java:204)
	at org.apache.hadoop.hive.ql.Driver.run(Driver.java:153)
	at org.apache.hadoop.hive.ql.Driver.run(Driver.java:148)
	at org.apache.hadoop.hive.ql.reexec.ReExecDriver.run(ReExecDriver.java:164)
	at org.apache.hive.service.cli.operation.SQLOperation.runQuery(SQLOperation.java:233)
	at org.apache.hive.service.cli.operation.SQLOperation.access$500(SQLOperation.java:88)
	at org.apache.hive.service.cli.operation.SQLOperation$BackgroundWork$1.run(SQLOperation.java:336)
	at java.security.AccessController.doPrivileged(Native Method)
	at javax.security.auth.Subject.doAs(Subject.java:422)
	at org.apache.hadoop.security.UserGroupInformation.doAs(UserGroupInformation.java:1682)
	at org.apache.hive.service.cli.operation.SQLOperation$BackgroundWork.run(SQLOperation.java:356)
	at java.util.concurrent.Executors$RunnableAdapter.call(Executors.java:511)
	at java.util.concurrent.FutureTask.run(FutureTask.java:266)
	at java.util.concurrent.ThreadPoolExecutor.runWorker(ThreadPoolExecutor.java:1149)
	at java.util.concurrent.ThreadPoolExecutor$Worker.run(ThreadPoolExecutor.java:624)
	at java.lang.Thread.run(Thread.java:750)

2024-04-24T08:06:04,215  INFO [HiveServer2-Background-Pool: Thread-673] metadata.Hive: Dumping metastore api call timing information for : execution phase
2024-04-24T08:06:04,215  INFO [HiveServer2-Background-Pool: Thread-673] metadata.Hive: Total time spent in each metastore function (ms): {isCompatibleWith_(Configuration)=0}
2024-04-24T08:06:04,215  INFO [HiveServer2-Background-Pool: Thread-673] ql.Driver: Completed executing command(queryId=alex_20240424080604_89ef08d0-bc71-48b2-b297-7a91b3aa2b1a); Time taken: 0.01 seconds
2024-04-24T08:06:04,217  INFO [HiveServer2-Background-Pool: Thread-673] common.LogUtils: Unregistered logging context.
2024-04-24T08:06:04,223  INFO [85de7a3a-8519-466c-8a6a-08817b62d1ab main] operation.OperationManager: Closing operation: OperationHandle [opType=EXECUTE_STATEMENT, getHandleIdentifier()=7fc09adb-e2c2-44d0-bdd2-6da355e168a0]
2024-04-24T08:06:04,223  INFO [85de7a3a-8519-466c-8a6a-08817b62d1ab main] operation.OperationManager: Removed queryId: alex_20240424080604_89ef08d0-bc71-48b2-b297-7a91b3aa2b1a corresponding to operation: OperationHandle [opType=EXECUTE_STATEMENT, getHandleIdentifier()=7fc09adb-e2c2-44d0-bdd2-6da355e168a0] with tag: null
2024-04-24T08:06:04,223  INFO [85de7a3a-8519-466c-8a6a-08817b62d1ab main] operation.SQLOperation: Closing operation log /home/alex/Repositories/hive/beeline/target/tmp/alex/operation_logs/85de7a3a-8519-466c-8a6a-08817b62d1ab/alex_20240424080604_89ef08d0-bc71-48b2-b297-7a91b3aa2b1a without delay
2024-04-24T08:06:04,230  INFO [85de7a3a-8519-466c-8a6a-08817b62d1ab main] session.HiveSessionImpl: executing create table if not exists test.testTbl(a string, b string)
2024-04-24T08:06:04,231  INFO [85de7a3a-8519-466c-8a6a-08817b62d1ab main] operation.OperationManager: Adding operation: OperationHandle [opType=EXECUTE_STATEMENT, getHandleIdentifier()=1fe3e052-31b0-4850-98b6-8176a49bb21c] SessionHandle [85de7a3a-8519-466c-8a6a-08817b62d1ab]
2024-04-24T08:06:04,231  INFO [85de7a3a-8519-466c-8a6a-08817b62d1ab main] common.LogUtils: Thread context registration is done.
DEBUG StatusLogger Building Plugin[name=filter, class=org.apache.hadoop.hive.ql.log.LogDivertAppender$NameFilter].
DEBUG StatusLogger createFilter(loggingLevel="EXECUTION")
DEBUG StatusLogger Building Plugin[name=layout, class=org.apache.logging.log4j.core.layout.PatternLayout].
DEBUG StatusLogger PatternLayout$Builder(pattern="%-5p : %m%n", PatternSelector=null, Configuration(HiveLog4j2Test), Replace=null, charset="null", alwaysWriteExceptions="null", disableAnsi="null", noConsoleNoAnsi="null", header="null", footer="null")
DEBUG StatusLogger Building Plugin[name=appender, class=org.apache.hadoop.hive.ql.log.HushableRandomAccessFileAppender].
DEBUG StatusLogger createAppender(fileName="/home/alex/Repositories/hive/beeline/target/tmp/alex/operation_logs/85de7a3a-8519-466c-8a6a-08817b62d1ab/alex_20240424080604_41b744c6-91e1-4676-a7e7-68f09c00e0db", append="null", name="query-file-appender", immediateFlush="null", bufferSize="null", ignoreExceptions="null", PatternLayout(org.apache.logging.log4j.core.layout.PatternLayout with name PatternLayout), NameFilter(org.apache.hadoop.hive.ql.log.LogDivertAppender$NameFilter with name NameFilter), advertise="null", advertiseURI="null", Configuration(HiveLog4j2Test))
DEBUG StatusLogger Starting RandomAccessFileManager /home/alex/Repositories/hive/beeline/target/tmp/alex/operation_logs/85de7a3a-8519-466c-8a6a-08817b62d1ab/alex_20240424080604_41b744c6-91e1-4676-a7e7-68f09c00e0db
DEBUG StatusLogger Building Plugin[name=, class=org.apache.hadoop.hive.ql.log.LogDivertAppenderForTest$TestFilter].
DEBUG StatusLogger createFilter()
DEBUG StatusLogger Building Plugin[name=, class=org.apache.logging.log4j.core.layout.PatternLayout].
DEBUG StatusLogger PatternLayout$Builder(pattern="%-5p : %m%n", PatternSelector=null, Configuration(HiveLog4j2Test), Replace=null, charset="null", alwaysWriteExceptions="null", disableAnsi="null", noConsoleNoAnsi="null", header="null", footer="null")
DEBUG StatusLogger Building Plugin[name=appender, class=org.apache.hadoop.hive.ql.log.HushableRandomAccessFileAppender].
DEBUG StatusLogger createAppender(fileName="/home/alex/Repositories/hive/beeline/target/tmp/alex/operation_logs/85de7a3a-8519-466c-8a6a-08817b62d1ab/alex_20240424080604_41b744c6-91e1-4676-a7e7-68f09c00e0db.test", append="null", name="test-query-file-appender", immediateFlush="null", bufferSize="null", ignoreExceptions="null", PatternLayout(org.apache.logging.log4j.core.layout.PatternLayout with name PatternLayout), test-filter(org.apache.hadoop.hive.ql.log.LogDivertAppenderForTest$TestFilter with name test-filter), advertise="null", advertiseURI="null", Configuration(HiveLog4j2Test))
DEBUG StatusLogger Starting RandomAccessFileManager /home/alex/Repositories/hive/beeline/target/tmp/alex/operation_logs/85de7a3a-8519-466c-8a6a-08817b62d1ab/alex_20240424080604_41b744c6-91e1-4676-a7e7-68f09c00e0db.test
2024-04-24T08:06:04,236  INFO [85de7a3a-8519-466c-8a6a-08817b62d1ab main] operation.SQLOperation: [opType=EXECUTE_STATEMENT, queryId=alex_20240424080604_41b744c6-91e1-4676-a7e7-68f09c00e0db, startTime=1713971164230, sessionId=85de7a3a-8519-466c-8a6a-08817b62d1ab, createTime=1713971164104, userName=null, ipAddress=null]
2024-04-24T08:06:04,237  INFO [85de7a3a-8519-466c-8a6a-08817b62d1ab main] ql.Driver: Compiling command(queryId=alex_20240424080604_41b744c6-91e1-4676-a7e7-68f09c00e0db): create table if not exists test.testTbl(a string, b string)
2024-04-24T08:06:04,238  INFO [85de7a3a-8519-466c-8a6a-08817b62d1ab main] parse.CalcitePlanner: Starting caching scope for: alex_20240424080604_41b744c6-91e1-4676-a7e7-68f09c00e0db
2024-04-24T08:06:04,238  INFO [85de7a3a-8519-466c-8a6a-08817b62d1ab main] parse.CalcitePlanner: Starting Semantic Analysis
2024-04-24T08:06:04,238  INFO [85de7a3a-8519-466c-8a6a-08817b62d1ab main] parse.CalcitePlanner: Creating table test.testTbl position=27
2024-04-24T08:06:04,239  INFO [85de7a3a-8519-466c-8a6a-08817b62d1ab main] HiveMetaStore.audit: ugi=alex	ip=unknown-ip-addr	cmd=get_table : tbl=hive.test.testTbl	
2024-04-24T08:06:04,241  INFO [85de7a3a-8519-466c-8a6a-08817b62d1ab main] HiveMetaStore.audit: ugi=alex	ip=unknown-ip-addr	cmd=get_database: test	
2024-04-24T08:06:04,242  INFO [85de7a3a-8519-466c-8a6a-08817b62d1ab main] parse.CalcitePlanner: Ending caching scope for: alex_20240424080604_41b744c6-91e1-4676-a7e7-68f09c00e0db
2024-04-24T08:06:04,242  INFO [85de7a3a-8519-466c-8a6a-08817b62d1ab main] ql.Driver: Semantic Analysis Completed (retrial = false)
2024-04-24T08:06:04,242  INFO [85de7a3a-8519-466c-8a6a-08817b62d1ab main] ql.Driver: Created Hive schema: Schema(fieldSchemas:null, properties:null)
2024-04-24T08:06:04,242  INFO [85de7a3a-8519-466c-8a6a-08817b62d1ab main] metadata.Hive: Dumping metastore api call timing information for : compilation phase
2024-04-24T08:06:04,242  INFO [85de7a3a-8519-466c-8a6a-08817b62d1ab main] metadata.Hive: Total time spent in each metastore function (ms): {isCompatibleWith_(Configuration)=0, getDatabase_(String)=1, flushCache_()=0}
2024-04-24T08:06:04,242  INFO [85de7a3a-8519-466c-8a6a-08817b62d1ab main] ql.Driver: Completed compiling command(queryId=alex_20240424080604_41b744c6-91e1-4676-a7e7-68f09c00e0db); Time taken: 0.006 seconds
2024-04-24T08:06:04,243  INFO [85de7a3a-8519-466c-8a6a-08817b62d1ab main] common.LogUtils: Unregistered logging context.
2024-04-24T08:06:04,243  INFO [HiveServer2-Background-Pool: Thread-676] common.LogUtils: Thread context registration is done.
2024-04-24T08:06:04,244  INFO [HiveServer2-Background-Pool: Thread-676] reexec.ReExecDriver: Execution #1 of query
2024-04-24T08:06:04,244  INFO [HiveServer2-Background-Pool: Thread-676] ql.Driver: Concurrency mode is disabled, not creating a lock manager
2024-04-24T08:06:04,246  INFO [HiveServer2-Background-Pool: Thread-676] ql.Driver: Executing command(queryId=alex_20240424080604_41b744c6-91e1-4676-a7e7-68f09c00e0db): create table if not exists test.testTbl(a string, b string)
2024-04-24T08:06:04,246  INFO [HiveServer2-Background-Pool: Thread-676] ql.Driver: Starting task [Stage-0:DDL] in serial mode
2024-04-24T08:06:04,248  INFO [HiveServer2-Background-Pool: Thread-676] HiveMetaStore.audit: ugi=alex	ip=unknown-ip-addr	cmd=create_table_req: Table(tableName:testTbl, dbName:test, owner:alex, createTime:1713971164, lastAccessTime:0, retention:0, sd:StorageDescriptor(cols:[FieldSchema(name:a, type:string, comment:null), FieldSchema(name:b, type:string, comment:null)], location:null, inputFormat:org.apache.hadoop.mapred.TextInputFormat, outputFormat:org.apache.hadoop.hive.ql.io.HiveIgnoreKeyTextOutputFormat, compressed:false, numBuckets:-1, serdeInfo:SerDeInfo(name:null, serializationLib:org.apache.hadoop.hive.serde2.lazy.LazySimpleSerDe, parameters:{serialization.format=1}), bucketCols:[], sortCols:[], parameters:{}, skewedInfo:SkewedInfo(skewedColNames:[], skewedColValues:[], skewedColValueLocationMaps:{}), storedAsSubDirectories:false), partitionKeys:[], parameters:{totalSize=0, numRows=0, rawDataSize=0, COLUMN_STATS_ACCURATE={"BASIC_STATS":"true","COLUMN_STATS":{"a":"true","b":"true"}}, numFiles=0, bucketing_version=2, numFilesErasureCoded=0}, viewOriginalText:null, viewExpandedText:null, tableType:MANAGED_TABLE, privileges:PrincipalPrivilegeSet(userPrivileges:{alex=[PrivilegeGrantInfo(privilege:INSERT, createTime:-1, grantor:alex, grantorType:USER, grantOption:true), PrivilegeGrantInfo(privilege:SELECT, createTime:-1, grantor:alex, grantorType:USER, grantOption:true), PrivilegeGrantInfo(privilege:UPDATE, createTime:-1, grantor:alex, grantorType:USER, grantOption:true), PrivilegeGrantInfo(privilege:DELETE, createTime:-1, grantor:alex, grantorType:USER, grantOption:true)]}, groupPrivileges:null, rolePrivileges:null), temporary:false, catName:hive, ownerType:USER)	
2024-04-24T08:06:04,249  INFO [HiveServer2-Background-Pool: Thread-676] metastore.HMSHandler: 32: Opening raw store with implementation class:org.apache.hadoop.hive.metastore.ObjectStore
2024-04-24T08:06:04,250  INFO [HiveServer2-Background-Pool: Thread-676] metastore.ObjectStore: RawStore: org.apache.hadoop.hive.metastore.ObjectStore@514d7e2f, with PersistenceManager: null will be shutdown
2024-04-24T08:06:04,250  INFO [HiveServer2-Background-Pool: Thread-676] metastore.ObjectStore: RawStore: org.apache.hadoop.hive.metastore.ObjectStore@514d7e2f, with PersistenceManager: org.datanucleus.api.jdo.JDOPersistenceManager@731507bd created in the thread with id: 676
2024-04-24T08:06:04,253  INFO [HiveServer2-Background-Pool: Thread-676] metastore.HMSHandler: Created RawStore: org.apache.hadoop.hive.metastore.ObjectStore@514d7e2f from thread id: 676
2024-04-24T08:06:04,256  INFO [HiveServer2-Background-Pool: Thread-676] utils.FileUtils: Creating directory if it doesn't exist: file:/home/alex/Repositories/hive/beeline/target/tmp/warehouse/test.db/testtbl
2024-04-24T08:06:04,278  INFO [HiveServer2-Background-Pool: Thread-676] metadata.Hive: Dumping metastore api call timing information for : execution phase
2024-04-24T08:06:04,278  INFO [HiveServer2-Background-Pool: Thread-676] metadata.Hive: Total time spent in each metastore function (ms): {isCompatibleWith_(Configuration)=0, createTable_(Table)=30}
2024-04-24T08:06:04,278  INFO [HiveServer2-Background-Pool: Thread-676] ql.Driver: Completed executing command(queryId=alex_20240424080604_41b744c6-91e1-4676-a7e7-68f09c00e0db); Time taken: 0.032 seconds
2024-04-24T08:06:04,279  INFO [HiveServer2-Background-Pool: Thread-676] common.LogUtils: Unregistered logging context.
2024-04-24T08:06:04,280  INFO [85de7a3a-8519-466c-8a6a-08817b62d1ab main] operation.OperationManager: Closing operation: OperationHandle [opType=EXECUTE_STATEMENT, getHandleIdentifier()=1fe3e052-31b0-4850-98b6-8176a49bb21c]
2024-04-24T08:06:04,280  INFO [85de7a3a-8519-466c-8a6a-08817b62d1ab main] operation.OperationManager: Removed queryId: alex_20240424080604_41b744c6-91e1-4676-a7e7-68f09c00e0db corresponding to operation: OperationHandle [opType=EXECUTE_STATEMENT, getHandleIdentifier()=1fe3e052-31b0-4850-98b6-8176a49bb21c] with tag: null
2024-04-24T08:06:04,280  INFO [85de7a3a-8519-466c-8a6a-08817b62d1ab main] operation.SQLOperation: Closing operation log /home/alex/Repositories/hive/beeline/target/tmp/alex/operation_logs/85de7a3a-8519-466c-8a6a-08817b62d1ab/alex_20240424080604_41b744c6-91e1-4676-a7e7-68f09c00e0db without delay
2024-04-24T08:06:04,285  INFO [85de7a3a-8519-466c-8a6a-08817b62d1ab main] session.HiveSessionImpl: executing set hive.cli.print.header=true
2024-04-24T08:06:04,286  INFO [85de7a3a-8519-466c-8a6a-08817b62d1ab main] operation.HiveCommandOperation: Putting temp output to file /home/alex/Repositories/hive/beeline/target/tmp/alex/85de7a3a-8519-466c-8a6a-08817b62d1ab3396638770319917901.pipeout and error output to file /home/alex/Repositories/hive/beeline/target/tmp/alex/85de7a3a-8519-466c-8a6a-08817b62d1ab7764845882201274883.pipeout
2024-04-24T08:06:04,287  INFO [85de7a3a-8519-466c-8a6a-08817b62d1ab main] operation.OperationManager: Adding operation: OperationHandle [opType=EXECUTE_STATEMENT, getHandleIdentifier()=d88edfe4-11e9-4cfd-a3fe-e718f6a670a4] SessionHandle [85de7a3a-8519-466c-8a6a-08817b62d1ab]
2024-04-24T08:06:04,287  INFO [85de7a3a-8519-466c-8a6a-08817b62d1ab main] common.LogUtils: Thread context registration is done.
DEBUG StatusLogger Building Plugin[name=filter, class=org.apache.hadoop.hive.ql.log.LogDivertAppender$NameFilter].
DEBUG StatusLogger createFilter(loggingLevel="EXECUTION")
DEBUG StatusLogger Building Plugin[name=layout, class=org.apache.logging.log4j.core.layout.PatternLayout].
DEBUG StatusLogger PatternLayout$Builder(pattern="%-5p : %m%n", PatternSelector=null, Configuration(HiveLog4j2Test), Replace=null, charset="null", alwaysWriteExceptions="null", disableAnsi="null", noConsoleNoAnsi="null", header="null", footer="null")
DEBUG StatusLogger Building Plugin[name=appender, class=org.apache.hadoop.hive.ql.log.HushableRandomAccessFileAppender].
DEBUG StatusLogger createAppender(fileName="/home/alex/Repositories/hive/beeline/target/tmp/alex/operation_logs/85de7a3a-8519-466c-8a6a-08817b62d1ab/alex_20240424080604_66fa5b23-f487-403f-b623-31465f1d455a", append="null", name="query-file-appender", immediateFlush="null", bufferSize="null", ignoreExceptions="null", PatternLayout(org.apache.logging.log4j.core.layout.PatternLayout with name PatternLayout), NameFilter(org.apache.hadoop.hive.ql.log.LogDivertAppender$NameFilter with name NameFilter), advertise="null", advertiseURI="null", Configuration(HiveLog4j2Test))
DEBUG StatusLogger Starting RandomAccessFileManager /home/alex/Repositories/hive/beeline/target/tmp/alex/operation_logs/85de7a3a-8519-466c-8a6a-08817b62d1ab/alex_20240424080604_66fa5b23-f487-403f-b623-31465f1d455a
DEBUG StatusLogger Building Plugin[name=, class=org.apache.hadoop.hive.ql.log.LogDivertAppenderForTest$TestFilter].
DEBUG StatusLogger createFilter()
DEBUG StatusLogger Building Plugin[name=, class=org.apache.logging.log4j.core.layout.PatternLayout].
DEBUG StatusLogger PatternLayout$Builder(pattern="%-5p : %m%n", PatternSelector=null, Configuration(HiveLog4j2Test), Replace=null, charset="null", alwaysWriteExceptions="null", disableAnsi="null", noConsoleNoAnsi="null", header="null", footer="null")
DEBUG StatusLogger Building Plugin[name=appender, class=org.apache.hadoop.hive.ql.log.HushableRandomAccessFileAppender].
DEBUG StatusLogger createAppender(fileName="/home/alex/Repositories/hive/beeline/target/tmp/alex/operation_logs/85de7a3a-8519-466c-8a6a-08817b62d1ab/alex_20240424080604_66fa5b23-f487-403f-b623-31465f1d455a.test", append="null", name="test-query-file-appender", immediateFlush="null", bufferSize="null", ignoreExceptions="null", PatternLayout(org.apache.logging.log4j.core.layout.PatternLayout with name PatternLayout), test-filter(org.apache.hadoop.hive.ql.log.LogDivertAppenderForTest$TestFilter with name test-filter), advertise="null", advertiseURI="null", Configuration(HiveLog4j2Test))
DEBUG StatusLogger Starting RandomAccessFileManager /home/alex/Repositories/hive/beeline/target/tmp/alex/operation_logs/85de7a3a-8519-466c-8a6a-08817b62d1ab/alex_20240424080604_66fa5b23-f487-403f-b623-31465f1d455a.test
2024-04-24T08:06:04,290  INFO [85de7a3a-8519-466c-8a6a-08817b62d1ab main] operation.HiveCommandOperation: [opType=EXECUTE_STATEMENT, queryId=alex_20240424080604_66fa5b23-f487-403f-b623-31465f1d455a, startTime=1713971164286, sessionId=85de7a3a-8519-466c-8a6a-08817b62d1ab, createTime=1713971164104, userName=null, ipAddress=null]
2024-04-24T08:06:04,290  INFO [85de7a3a-8519-466c-8a6a-08817b62d1ab main] common.LogUtils: Unregistered logging context.
2024-04-24T08:06:04,292  INFO [85de7a3a-8519-466c-8a6a-08817b62d1ab main] operation.OperationManager: Closing operation: OperationHandle [opType=EXECUTE_STATEMENT, getHandleIdentifier()=d88edfe4-11e9-4cfd-a3fe-e718f6a670a4]
2024-04-24T08:06:04,292  INFO [85de7a3a-8519-466c-8a6a-08817b62d1ab main] operation.OperationManager: Removed queryId: alex_20240424080604_66fa5b23-f487-403f-b623-31465f1d455a corresponding to operation: OperationHandle [opType=EXECUTE_STATEMENT, getHandleIdentifier()=d88edfe4-11e9-4cfd-a3fe-e718f6a670a4] with tag: null
2024-04-24T08:06:04,292  INFO [85de7a3a-8519-466c-8a6a-08817b62d1ab main] operation.HiveCommandOperation: Closing operation log /home/alex/Repositories/hive/beeline/target/tmp/alex/operation_logs/85de7a3a-8519-466c-8a6a-08817b62d1ab/alex_20240424080604_66fa5b23-f487-403f-b623-31465f1d455a without delay
2024-04-24T08:06:04,354  WARN [main] conf.HiveConf: HiveConf of name hive.dummyparam.test.server.specific.config.override does not exist
2024-04-24T08:06:04,354  WARN [main] conf.HiveConf: HiveConf of name hive.dummyparam.test.server.specific.config.hiveserver2site does not exist
2024-04-24T08:06:04,354  WARN [main] conf.HiveConf: HiveConf of name hive.dummyparam.test.server.specific.config.metastoresite does not exist
2024-04-24T08:06:04,354  INFO [85de7a3a-8519-466c-8a6a-08817b62d1ab main] session.HiveSessionImpl: executing set
2024-04-24T08:06:04,355  INFO [85de7a3a-8519-466c-8a6a-08817b62d1ab main] operation.HiveCommandOperation: Putting temp output to file /home/alex/Repositories/hive/beeline/target/tmp/alex/85de7a3a-8519-466c-8a6a-08817b62d1ab3396638770319917901.pipeout and error output to file /home/alex/Repositories/hive/beeline/target/tmp/alex/85de7a3a-8519-466c-8a6a-08817b62d1ab7764845882201274883.pipeout
2024-04-24T08:06:04,355  INFO [85de7a3a-8519-466c-8a6a-08817b62d1ab main] operation.OperationManager: Adding operation: OperationHandle [opType=EXECUTE_STATEMENT, getHandleIdentifier()=ea94475e-a9ba-4eba-a3a1-982b20cec6a1] SessionHandle [85de7a3a-8519-466c-8a6a-08817b62d1ab]
2024-04-24T08:06:04,355  INFO [85de7a3a-8519-466c-8a6a-08817b62d1ab main] common.LogUtils: Thread context registration is done.
DEBUG StatusLogger Building Plugin[name=filter, class=org.apache.hadoop.hive.ql.log.LogDivertAppender$NameFilter].
DEBUG StatusLogger createFilter(loggingLevel="EXECUTION")
DEBUG StatusLogger Building Plugin[name=layout, class=org.apache.logging.log4j.core.layout.PatternLayout].
DEBUG StatusLogger PatternLayout$Builder(pattern="%-5p : %m%n", PatternSelector=null, Configuration(HiveLog4j2Test), Replace=null, charset="null", alwaysWriteExceptions="null", disableAnsi="null", noConsoleNoAnsi="null", header="null", footer="null")
DEBUG StatusLogger Building Plugin[name=appender, class=org.apache.hadoop.hive.ql.log.HushableRandomAccessFileAppender].
DEBUG StatusLogger createAppender(fileName="/home/alex/Repositories/hive/beeline/target/tmp/alex/operation_logs/85de7a3a-8519-466c-8a6a-08817b62d1ab/alex_20240424080604_7d3782a4-1af8-4c44-8b81-8b2ea5ec6605", append="null", name="query-file-appender", immediateFlush="null", bufferSize="null", ignoreExceptions="null", PatternLayout(org.apache.logging.log4j.core.layout.PatternLayout with name PatternLayout), NameFilter(org.apache.hadoop.hive.ql.log.LogDivertAppender$NameFilter with name NameFilter), advertise="null", advertiseURI="null", Configuration(HiveLog4j2Test))
DEBUG StatusLogger Starting RandomAccessFileManager /home/alex/Repositories/hive/beeline/target/tmp/alex/operation_logs/85de7a3a-8519-466c-8a6a-08817b62d1ab/alex_20240424080604_7d3782a4-1af8-4c44-8b81-8b2ea5ec6605
DEBUG StatusLogger Building Plugin[name=, class=org.apache.hadoop.hive.ql.log.LogDivertAppenderForTest$TestFilter].
DEBUG StatusLogger createFilter()
DEBUG StatusLogger Building Plugin[name=, class=org.apache.logging.log4j.core.layout.PatternLayout].
DEBUG StatusLogger PatternLayout$Builder(pattern="%-5p : %m%n", PatternSelector=null, Configuration(HiveLog4j2Test), Replace=null, charset="null", alwaysWriteExceptions="null", disableAnsi="null", noConsoleNoAnsi="null", header="null", footer="null")
DEBUG StatusLogger Building Plugin[name=appender, class=org.apache.hadoop.hive.ql.log.HushableRandomAccessFileAppender].
DEBUG StatusLogger createAppender(fileName="/home/alex/Repositories/hive/beeline/target/tmp/alex/operation_logs/85de7a3a-8519-466c-8a6a-08817b62d1ab/alex_20240424080604_7d3782a4-1af8-4c44-8b81-8b2ea5ec6605.test", append="null", name="test-query-file-appender", immediateFlush="null", bufferSize="null", ignoreExceptions="null", PatternLayout(org.apache.logging.log4j.core.layout.PatternLayout with name PatternLayout), test-filter(org.apache.hadoop.hive.ql.log.LogDivertAppenderForTest$TestFilter with name test-filter), advertise="null", advertiseURI="null", Configuration(HiveLog4j2Test))
DEBUG StatusLogger Starting RandomAccessFileManager /home/alex/Repositories/hive/beeline/target/tmp/alex/operation_logs/85de7a3a-8519-466c-8a6a-08817b62d1ab/alex_20240424080604_7d3782a4-1af8-4c44-8b81-8b2ea5ec6605.test
2024-04-24T08:06:04,361  INFO [85de7a3a-8519-466c-8a6a-08817b62d1ab main] operation.HiveCommandOperation: [opType=EXECUTE_STATEMENT, queryId=alex_20240424080604_7d3782a4-1af8-4c44-8b81-8b2ea5ec6605, startTime=1713971164354, sessionId=85de7a3a-8519-466c-8a6a-08817b62d1ab, createTime=1713971164104, userName=null, ipAddress=null]
2024-04-24T08:06:04,371  INFO [85de7a3a-8519-466c-8a6a-08817b62d1ab main] common.LogUtils: Unregistered logging context.
2024-04-24T08:06:04,374  INFO [85de7a3a-8519-466c-8a6a-08817b62d1ab main] operation.OperationManager: Closing operation: OperationHandle [opType=EXECUTE_STATEMENT, getHandleIdentifier()=ea94475e-a9ba-4eba-a3a1-982b20cec6a1]
2024-04-24T08:06:04,374  INFO [85de7a3a-8519-466c-8a6a-08817b62d1ab main] operation.OperationManager: Removed queryId: alex_20240424080604_7d3782a4-1af8-4c44-8b81-8b2ea5ec6605 corresponding to operation: OperationHandle [opType=EXECUTE_STATEMENT, getHandleIdentifier()=ea94475e-a9ba-4eba-a3a1-982b20cec6a1] with tag: null
2024-04-24T08:06:04,374  INFO [85de7a3a-8519-466c-8a6a-08817b62d1ab main] operation.HiveCommandOperation: Closing operation log /home/alex/Repositories/hive/beeline/target/tmp/alex/operation_logs/85de7a3a-8519-466c-8a6a-08817b62d1ab/alex_20240424080604_7d3782a4-1af8-4c44-8b81-8b2ea5ec6605 without delay
2024-04-24T08:06:04,381  INFO [85de7a3a-8519-466c-8a6a-08817b62d1ab main] session.HiveSessionImpl: executing select * from test.testTbl
2024-04-24T08:06:04,381  INFO [85de7a3a-8519-466c-8a6a-08817b62d1ab main] operation.OperationManager: Adding operation: OperationHandle [opType=EXECUTE_STATEMENT, getHandleIdentifier()=7f065ff5-7cc2-401f-8077-8295b316a08b] SessionHandle [85de7a3a-8519-466c-8a6a-08817b62d1ab]
2024-04-24T08:06:04,381  INFO [85de7a3a-8519-466c-8a6a-08817b62d1ab main] common.LogUtils: Thread context registration is done.
DEBUG StatusLogger Building Plugin[name=filter, class=org.apache.hadoop.hive.ql.log.LogDivertAppender$NameFilter].
DEBUG StatusLogger createFilter(loggingLevel="EXECUTION")
DEBUG StatusLogger Building Plugin[name=layout, class=org.apache.logging.log4j.core.layout.PatternLayout].
DEBUG StatusLogger PatternLayout$Builder(pattern="%-5p : %m%n", PatternSelector=null, Configuration(HiveLog4j2Test), Replace=null, charset="null", alwaysWriteExceptions="null", disableAnsi="null", noConsoleNoAnsi="null", header="null", footer="null")
DEBUG StatusLogger Building Plugin[name=appender, class=org.apache.hadoop.hive.ql.log.HushableRandomAccessFileAppender].
DEBUG StatusLogger createAppender(fileName="/home/alex/Repositories/hive/beeline/target/tmp/alex/operation_logs/85de7a3a-8519-466c-8a6a-08817b62d1ab/alex_20240424080604_8f833a52-4538-4ba9-945f-8e7edd7983f3", append="null", name="query-file-appender", immediateFlush="null", bufferSize="null", ignoreExceptions="null", PatternLayout(org.apache.logging.log4j.core.layout.PatternLayout with name PatternLayout), NameFilter(org.apache.hadoop.hive.ql.log.LogDivertAppender$NameFilter with name NameFilter), advertise="null", advertiseURI="null", Configuration(HiveLog4j2Test))
DEBUG StatusLogger Starting RandomAccessFileManager /home/alex/Repositories/hive/beeline/target/tmp/alex/operation_logs/85de7a3a-8519-466c-8a6a-08817b62d1ab/alex_20240424080604_8f833a52-4538-4ba9-945f-8e7edd7983f3
DEBUG StatusLogger Building Plugin[name=, class=org.apache.hadoop.hive.ql.log.LogDivertAppenderForTest$TestFilter].
DEBUG StatusLogger createFilter()
DEBUG StatusLogger Building Plugin[name=, class=org.apache.logging.log4j.core.layout.PatternLayout].
DEBUG StatusLogger PatternLayout$Builder(pattern="%-5p : %m%n", PatternSelector=null, Configuration(HiveLog4j2Test), Replace=null, charset="null", alwaysWriteExceptions="null", disableAnsi="null", noConsoleNoAnsi="null", header="null", footer="null")
DEBUG StatusLogger Building Plugin[name=appender, class=org.apache.hadoop.hive.ql.log.HushableRandomAccessFileAppender].
DEBUG StatusLogger createAppender(fileName="/home/alex/Repositories/hive/beeline/target/tmp/alex/operation_logs/85de7a3a-8519-466c-8a6a-08817b62d1ab/alex_20240424080604_8f833a52-4538-4ba9-945f-8e7edd7983f3.test", append="null", name="test-query-file-appender", immediateFlush="null", bufferSize="null", ignoreExceptions="null", PatternLayout(org.apache.logging.log4j.core.layout.PatternLayout with name PatternLayout), test-filter(org.apache.hadoop.hive.ql.log.LogDivertAppenderForTest$TestFilter with name test-filter), advertise="null", advertiseURI="null", Configuration(HiveLog4j2Test))
DEBUG StatusLogger Starting RandomAccessFileManager /home/alex/Repositories/hive/beeline/target/tmp/alex/operation_logs/85de7a3a-8519-466c-8a6a-08817b62d1ab/alex_20240424080604_8f833a52-4538-4ba9-945f-8e7edd7983f3.test
2024-04-24T08:06:04,385  INFO [85de7a3a-8519-466c-8a6a-08817b62d1ab main] operation.SQLOperation: [opType=EXECUTE_STATEMENT, queryId=alex_20240424080604_8f833a52-4538-4ba9-945f-8e7edd7983f3, startTime=1713971164381, sessionId=85de7a3a-8519-466c-8a6a-08817b62d1ab, createTime=1713971164104, userName=null, ipAddress=null]
2024-04-24T08:06:04,386  INFO [85de7a3a-8519-466c-8a6a-08817b62d1ab main] ql.Driver: Compiling command(queryId=alex_20240424080604_8f833a52-4538-4ba9-945f-8e7edd7983f3): select * from test.testTbl
2024-04-24T08:06:04,388  INFO [85de7a3a-8519-466c-8a6a-08817b62d1ab main] parse.CalcitePlanner: Starting caching scope for: alex_20240424080604_8f833a52-4538-4ba9-945f-8e7edd7983f3
2024-04-24T08:06:04,388  INFO [85de7a3a-8519-466c-8a6a-08817b62d1ab main] parse.CalcitePlanner: Starting Semantic Analysis
2024-04-24T08:06:04,393  INFO [85de7a3a-8519-466c-8a6a-08817b62d1ab main] parse.CalcitePlanner: Completed phase 1 of Semantic Analysis
2024-04-24T08:06:04,393  INFO [85de7a3a-8519-466c-8a6a-08817b62d1ab main] parse.CalcitePlanner: Get metadata for source tables
2024-04-24T08:06:04,394  INFO [85de7a3a-8519-466c-8a6a-08817b62d1ab main] HiveMetaStore.audit: ugi=alex	ip=unknown-ip-addr	cmd=get_table : tbl=hive.test.testtbl	
2024-04-24T08:06:04,406  INFO [85de7a3a-8519-466c-8a6a-08817b62d1ab main] parse.CalcitePlanner: Get metadata for subqueries
2024-04-24T08:06:04,406  INFO [85de7a3a-8519-466c-8a6a-08817b62d1ab main] parse.CalcitePlanner: Get metadata for destination tables
2024-04-24T08:06:04,412  INFO [85de7a3a-8519-466c-8a6a-08817b62d1ab main] parse.CalcitePlanner: Completed getting MetaData in Semantic Analysis
2024-04-24T08:06:06,209  INFO [85de7a3a-8519-466c-8a6a-08817b62d1ab main] HiveMetaStore.audit: ugi=alex	ip=unknown-ip-addr	cmd=get_all_table_constraints : tbl=hive.test.testtbl	
2024-04-24T08:06:06,792  INFO [85de7a3a-8519-466c-8a6a-08817b62d1ab main] calcite.RelOptHiveTable: Calculating column statistics for test.testtbl, projIndxSet: [0, 1], allowMissingStats: true
2024-04-24T08:06:06,807  INFO [85de7a3a-8519-466c-8a6a-08817b62d1ab main] HiveMetaStore.audit: ugi=alex	ip=unknown-ip-addr	cmd=get_table_statistics_req: table=hive.test.testtbl	
2024-04-24T08:06:06,824  WARN [85de7a3a-8519-466c-8a6a-08817b62d1ab main] calcite.RelOptHiveTable: No Stats for test@testtbl, Columns: a, b
2024-04-24T08:06:06,824  INFO [85de7a3a-8519-466c-8a6a-08817b62d1ab main] SessionState: No Stats for test@testtbl, Columns: a, b
2024-04-24T08:06:06,953  INFO [85de7a3a-8519-466c-8a6a-08817b62d1ab main] parse.CalcitePlanner: Get metadata for source tables
2024-04-24T08:06:06,954  INFO [85de7a3a-8519-466c-8a6a-08817b62d1ab main] parse.CalcitePlanner: Get metadata for subqueries
2024-04-24T08:06:06,954  INFO [85de7a3a-8519-466c-8a6a-08817b62d1ab main] parse.CalcitePlanner: Get metadata for destination tables
2024-04-24T08:06:06,984  INFO [85de7a3a-8519-466c-8a6a-08817b62d1ab main] common.FileUtils: Creating directory if it doesn't exist: file:/home/alex/Repositories/hive/beeline/target/tmp/alex/85de7a3a-8519-466c-8a6a-08817b62d1ab/hive_2024-04-24_08-06-04_386_4980751092813973842-1/-mr-10001/.hive-staging_hive_2024-04-24_08-06-04_386_4980751092813973842-1
2024-04-24T08:06:07,007  INFO [85de7a3a-8519-466c-8a6a-08817b62d1ab main] parse.CalcitePlanner: CBO Succeeded; optimized logical plan.
2024-04-24T08:06:07,105  INFO [85de7a3a-8519-466c-8a6a-08817b62d1ab main] optimizer.BucketVersionPopulator: not considering bucketingVersion for: TS[0] because it has -1<2 buckets 
2024-04-24T08:06:07,132  INFO [85de7a3a-8519-466c-8a6a-08817b62d1ab main] parse.CalcitePlanner: Completed plan generation
2024-04-24T08:06:07,132  INFO [85de7a3a-8519-466c-8a6a-08817b62d1ab main] parse.CalcitePlanner: Ending caching scope for: alex_20240424080604_8f833a52-4538-4ba9-945f-8e7edd7983f3
2024-04-24T08:06:07,132  INFO [85de7a3a-8519-466c-8a6a-08817b62d1ab main] ql.Driver: Semantic Analysis Completed (retrial = false)
2024-04-24T08:06:07,132  INFO [85de7a3a-8519-466c-8a6a-08817b62d1ab main] ql.Driver: Created Hive schema: Schema(fieldSchemas:[FieldSchema(name:testtbl.a, type:string, comment:null), FieldSchema(name:testtbl.b, type:string, comment:null)], properties:null)
2024-04-24T08:06:07,136  INFO [85de7a3a-8519-466c-8a6a-08817b62d1ab main] exec.TableScanOperator: Initializing Operator: TS[0]
2024-04-24T08:06:07,137  INFO [85de7a3a-8519-466c-8a6a-08817b62d1ab main] exec.SelectOperator: Initializing Operator: SEL[1]
2024-04-24T08:06:07,144  INFO [85de7a3a-8519-466c-8a6a-08817b62d1ab main] exec.SelectOperator: SELECT struct<a:string,b:string>
2024-04-24T08:06:07,144  INFO [85de7a3a-8519-466c-8a6a-08817b62d1ab main] exec.ListSinkOperator: Initializing Operator: LIST_SINK[3]
2024-04-24T08:06:07,145  INFO [85de7a3a-8519-466c-8a6a-08817b62d1ab main] metadata.Hive: Dumping metastore api call timing information for : compilation phase
2024-04-24T08:06:07,145  INFO [85de7a3a-8519-466c-8a6a-08817b62d1ab main] metadata.Hive: Total time spent in each metastore function (ms): {getTableColumnStatistics_(String, String, List, String)=14, isCompatibleWith_(Configuration)=0, getAllTableConstraints_(AllTableConstraintsRequest)=84, getTable_(GetTableRequest)=9, flushCache_()=0}
2024-04-24T08:06:07,145  INFO [85de7a3a-8519-466c-8a6a-08817b62d1ab main] ql.Driver: Completed compiling command(queryId=alex_20240424080604_8f833a52-4538-4ba9-945f-8e7edd7983f3); Time taken: 2.759 seconds
2024-04-24T08:06:07,145  INFO [85de7a3a-8519-466c-8a6a-08817b62d1ab main] common.LogUtils: Unregistered logging context.
2024-04-24T08:06:07,145  INFO [HiveServer2-Background-Pool: Thread-684] common.LogUtils: Thread context registration is done.
2024-04-24T08:06:07,146  INFO [HiveServer2-Background-Pool: Thread-684] reexec.ReExecDriver: Execution #1 of query
2024-04-24T08:06:07,147  INFO [HiveServer2-Background-Pool: Thread-684] ql.Driver: Concurrency mode is disabled, not creating a lock manager
2024-04-24T08:06:07,147  INFO [HiveServer2-Background-Pool: Thread-684] ql.Driver: Executing command(queryId=alex_20240424080604_8f833a52-4538-4ba9-945f-8e7edd7983f3): select * from test.testTbl
2024-04-24T08:06:07,148  INFO [HiveServer2-Background-Pool: Thread-684] metadata.Hive: Dumping metastore api call timing information for : execution phase
2024-04-24T08:06:07,148  INFO [HiveServer2-Background-Pool: Thread-684] metadata.Hive: Total time spent in each metastore function (ms): {}
2024-04-24T08:06:07,148  INFO [HiveServer2-Background-Pool: Thread-684] ql.Driver: Completed executing command(queryId=alex_20240424080604_8f833a52-4538-4ba9-945f-8e7edd7983f3); Time taken: 0.001 seconds
2024-04-24T08:06:07,149  INFO [HiveServer2-Background-Pool: Thread-684] common.LogUtils: Unregistered logging context.
2024-04-24T08:06:07,151  INFO [85de7a3a-8519-466c-8a6a-08817b62d1ab main] operation.OperationManager: Closing operation: OperationHandle [opType=EXECUTE_STATEMENT, getHandleIdentifier()=7f065ff5-7cc2-401f-8077-8295b316a08b]
2024-04-24T08:06:07,151  INFO [85de7a3a-8519-466c-8a6a-08817b62d1ab main] operation.OperationManager: Removed queryId: alex_20240424080604_8f833a52-4538-4ba9-945f-8e7edd7983f3 corresponding to operation: OperationHandle [opType=EXECUTE_STATEMENT, getHandleIdentifier()=7f065ff5-7cc2-401f-8077-8295b316a08b] with tag: null
2024-04-24T08:06:07,152  INFO [85de7a3a-8519-466c-8a6a-08817b62d1ab main] ql.Context: Deleting scratch dir: file:/home/alex/Repositories/hive/beeline/target/tmp/alex/85de7a3a-8519-466c-8a6a-08817b62d1ab/hive_2024-04-24_08-06-04_386_4980751092813973842-1
2024-04-24T08:06:07,152  INFO [85de7a3a-8519-466c-8a6a-08817b62d1ab main] cleanup.EventualCleanupService: Delete file:/home/alex/Repositories/hive/beeline/target/tmp/alex/85de7a3a-8519-466c-8a6a-08817b62d1ab/hive_2024-04-24_08-06-04_386_4980751092813973842-1 operation was queued
2024-04-24T08:06:07,152  INFO [85de7a3a-8519-466c-8a6a-08817b62d1ab main] exec.TableScanOperator: Closing Operator: TS[0]
2024-04-24T08:06:07,152  INFO [85de7a3a-8519-466c-8a6a-08817b62d1ab main] exec.TableScanOperator: RECORDS_OUT_INTERMEDIATE:0, RECORDS_OUT_OPERATOR_TS_0:0, 
2024-04-24T08:06:07,152  INFO [85de7a3a-8519-466c-8a6a-08817b62d1ab main] exec.SelectOperator: Closing Operator: SEL[1]
2024-04-24T08:06:07,152  INFO [85de7a3a-8519-466c-8a6a-08817b62d1ab main] exec.SelectOperator: RECORDS_OUT_INTERMEDIATE:0, RECORDS_OUT_OPERATOR_SEL_1:0, 
2024-04-24T08:06:07,152  INFO [85de7a3a-8519-466c-8a6a-08817b62d1ab main] exec.ListSinkOperator: Closing Operator: LIST_SINK[3]
2024-04-24T08:06:07,152  INFO [85de7a3a-8519-466c-8a6a-08817b62d1ab main] exec.ListSinkOperator: RECORDS_OUT_INTERMEDIATE:0, RECORDS_OUT_OPERATOR_LIST_SINK_3:0, 
2024-04-24T08:06:07,152  INFO [EventualCleanupService thread 0] cleanup.EventualCleanupService: Deleted file:/home/alex/Repositories/hive/beeline/target/tmp/alex/85de7a3a-8519-466c-8a6a-08817b62d1ab/hive_2024-04-24_08-06-04_386_4980751092813973842-1
2024-04-24T08:06:07,152  INFO [85de7a3a-8519-466c-8a6a-08817b62d1ab main] operation.SQLOperation: Closing operation log /home/alex/Repositories/hive/beeline/target/tmp/alex/operation_logs/85de7a3a-8519-466c-8a6a-08817b62d1ab/alex_20240424080604_8f833a52-4538-4ba9-945f-8e7edd7983f3 without delay
2024-04-24T08:06:07,166  INFO [main] service.CompositeService: Session closed, SessionHandle [85de7a3a-8519-466c-8a6a-08817b62d1ab], current sessions:0
2024-04-24T08:06:07,166  INFO [85de7a3a-8519-466c-8a6a-08817b62d1ab main] session.HiveSessionImpl: Operation log session directory is deleted: /home/alex/Repositories/hive/beeline/target/tmp/alex/operation_logs/85de7a3a-8519-466c-8a6a-08817b62d1ab
2024-04-24T08:06:07,167  INFO [main] cleanup.EventualCleanupService: Delete /tmp/hive/alex/85de7a3a-8519-466c-8a6a-08817b62d1ab operation was queued
2024-04-24T08:06:07,167  INFO [main] cleanup.EventualCleanupService: Delete /home/alex/Repositories/hive/beeline/target/tmp/alex/85de7a3a-8519-466c-8a6a-08817b62d1ab operation was queued
2024-04-24T08:06:07,167  INFO [EventualCleanupService thread 1] cleanup.EventualCleanupService: Deleted /tmp/hive/alex/85de7a3a-8519-466c-8a6a-08817b62d1ab
2024-04-24T08:06:07,167  INFO [EventualCleanupService thread 2] cleanup.EventualCleanupService: Deleted /home/alex/Repositories/hive/beeline/target/tmp/alex/85de7a3a-8519-466c-8a6a-08817b62d1ab
2024-04-24T08:06:07,168  INFO [main] HiveMetaStore.audit: ugi=alex	ip=unknown-ip-addr	cmd=Cleaning up thread local RawStore...	
2024-04-24T08:06:07,168  INFO [main] metastore.ObjectStore: RawStore: org.apache.hadoop.hive.metastore.ObjectStore@37b80ec7, with PersistenceManager: org.datanucleus.api.jdo.JDOPersistenceManager@4cb58e8b will be shutdown
2024-04-24T08:06:07,168  INFO [main] HiveMetaStore.audit: ugi=alex	ip=unknown-ip-addr	cmd=Done cleaning up thread local RawStore	
2024-04-24T08:06:07,168  INFO [main] metastore.HiveMetaStoreClient: Closed a connection to metastore, current connections: -43
]]></system-err>
  </testcase>
  <testcase name="testInValidCmd" classname="org.apache.hive.beeline.cli.TestHiveCli" time="0.265"/>
  <testcase name="testSqlFromCmdWithEmbeddedQuotes" classname="org.apache.hive.beeline.cli.TestHiveCli" time="36.903">
    <failure type="java.lang.AssertionError"><![CDATA[java.lang.AssertionError: Supported return code is 0 while the actual is 1
	at org.junit.Assert.fail(Assert.java:89)
	at org.apache.hive.beeline.cli.TestHiveCli.executeCMD(TestHiveCli.java:256)
	at org.apache.hive.beeline.cli.TestHiveCli.verifyCMD(TestHiveCli.java:266)
	at org.apache.hive.beeline.cli.TestHiveCli.testSqlFromCmdWithEmbeddedQuotes(TestHiveCli.java:172)
	at sun.reflect.NativeMethodAccessorImpl.invoke0(Native Method)
	at sun.reflect.NativeMethodAccessorImpl.invoke(NativeMethodAccessorImpl.java:62)
	at sun.reflect.DelegatingMethodAccessorImpl.invoke(DelegatingMethodAccessorImpl.java:43)
	at java.lang.reflect.Method.invoke(Method.java:498)
	at org.junit.runners.model.FrameworkMethod$1.runReflectiveCall(FrameworkMethod.java:59)
	at org.junit.internal.runners.model.ReflectiveCallable.run(ReflectiveCallable.java:12)
	at org.junit.runners.model.FrameworkMethod.invokeExplosively(FrameworkMethod.java:56)
	at org.junit.internal.runners.statements.InvokeMethod.evaluate(InvokeMethod.java:17)
	at org.junit.internal.runners.statements.RunBefores.evaluate(RunBefores.java:26)
	at org.junit.internal.runners.statements.RunAfters.evaluate(RunAfters.java:27)
	at org.junit.runners.ParentRunner$3.evaluate(ParentRunner.java:306)
	at org.junit.runners.BlockJUnit4ClassRunner$1.evaluate(BlockJUnit4ClassRunner.java:100)
	at org.junit.runners.ParentRunner.runLeaf(ParentRunner.java:366)
	at org.junit.runners.BlockJUnit4ClassRunner.runChild(BlockJUnit4ClassRunner.java:103)
	at org.junit.runners.BlockJUnit4ClassRunner.runChild(BlockJUnit4ClassRunner.java:63)
	at org.junit.runners.ParentRunner$4.run(ParentRunner.java:331)
	at org.junit.runners.ParentRunner$1.schedule(ParentRunner.java:79)
	at org.junit.runners.ParentRunner.runChildren(ParentRunner.java:329)
	at org.junit.runners.ParentRunner.access$100(ParentRunner.java:66)
	at org.junit.runners.ParentRunner$2.evaluate(ParentRunner.java:293)
	at org.junit.internal.runners.statements.RunBefores.evaluate(RunBefores.java:26)
	at org.junit.runners.ParentRunner$3.evaluate(ParentRunner.java:306)
	at org.junit.runners.ParentRunner.run(ParentRunner.java:413)
	at org.junit.runner.JUnitCore.run(JUnitCore.java:137)
	at org.junit.runner.JUnitCore.run(JUnitCore.java:115)
	at org.junit.vintage.engine.execution.RunnerExecutor.execute(RunnerExecutor.java:43)
	at java.util.stream.ForEachOps$ForEachOp$OfRef.accept(ForEachOps.java:183)
	at java.util.stream.ReferencePipeline$3$1.accept(ReferencePipeline.java:193)
	at java.util.Iterator.forEachRemaining(Iterator.java:116)
	at java.util.Spliterators$IteratorSpliterator.forEachRemaining(Spliterators.java:1801)
	at java.util.stream.AbstractPipeline.copyInto(AbstractPipeline.java:482)
	at java.util.stream.AbstractPipeline.wrapAndCopyInto(AbstractPipeline.java:472)
	at java.util.stream.ForEachOps$ForEachOp.evaluateSequential(ForEachOps.java:150)
	at java.util.stream.ForEachOps$ForEachOp$OfRef.evaluateSequential(ForEachOps.java:173)
	at java.util.stream.AbstractPipeline.evaluate(AbstractPipeline.java:234)
	at java.util.stream.ReferencePipeline.forEach(ReferencePipeline.java:485)
	at org.junit.vintage.engine.VintageTestEngine.executeAllChildren(VintageTestEngine.java:82)
	at org.junit.vintage.engine.VintageTestEngine.execute(VintageTestEngine.java:73)
	at org.junit.platform.launcher.core.DefaultLauncher.execute(DefaultLauncher.java:248)
	at org.junit.platform.launcher.core.DefaultLauncher.lambda$execute$5(DefaultLauncher.java:211)
	at org.junit.platform.launcher.core.DefaultLauncher.withInterceptedStreams(DefaultLauncher.java:226)
	at org.junit.platform.launcher.core.DefaultLauncher.execute(DefaultLauncher.java:199)
	at org.junit.platform.launcher.core.DefaultLauncher.execute(DefaultLauncher.java:132)
	at org.apache.maven.surefire.junitplatform.JUnitPlatformProvider.invokeAllTests(JUnitPlatformProvider.java:154)
	at org.apache.maven.surefire.junitplatform.JUnitPlatformProvider.invoke(JUnitPlatformProvider.java:123)
	at org.apache.maven.surefire.booter.ForkedBooter.runSuitesInProcess(ForkedBooter.java:377)
	at org.apache.maven.surefire.booter.ForkedBooter.execute(ForkedBooter.java:138)
	at org.apache.maven.surefire.booter.ForkedBooter.run(ForkedBooter.java:465)
	at org.apache.maven.surefire.booter.ForkedBooter.main(ForkedBooter.java:451)
]]></failure>
    <system-err><![CDATA[2024-04-24T08:06:07,435 ERROR [main] cli.TestHiveCli: Failed to execute command due to the error: java.lang.NullPointerException: Null output stream
2024-04-24T08:06:07,485  WARN [main] conf.HiveConf: HiveConf of name hive.dummyparam.test.server.specific.config.override does not exist
2024-04-24T08:06:07,485  WARN [main] conf.HiveConf: HiveConf of name hive.dummyparam.test.server.specific.config.hiveserver2site does not exist
2024-04-24T08:06:07,485  WARN [main] conf.HiveConf: HiveConf of name hive.dummyparam.test.server.specific.config.metastoresite does not exist
2024-04-24T08:06:07,485  INFO [main] SessionState: Hive Session ID = d06f8da1-0f5c-47e1-9bd6-f6391d59c336
2024-04-24T08:06:07,486  INFO [main] DependencyResolver: ivysettings.xml file not found in HIVE_HOME or HIVE_CONF_DIR,/home/alex/Repositories/hive/conf/ivysettings.xml will be used
2024-04-24T08:06:07,494  INFO [main] session.SessionState: Created HDFS directory: /tmp/hive/alex/d06f8da1-0f5c-47e1-9bd6-f6391d59c336
2024-04-24T08:06:07,498  INFO [main] session.SessionState: Created local directory: /home/alex/Repositories/hive/beeline/target/tmp/alex/d06f8da1-0f5c-47e1-9bd6-f6391d59c336
2024-04-24T08:06:07,502  INFO [main] session.SessionState: Created HDFS directory: /tmp/hive/alex/d06f8da1-0f5c-47e1-9bd6-f6391d59c336/_tmp_space.db
2024-04-24T08:06:07,503  INFO [main] sqlstd.SQLStdHiveAccessController: Created SQLStdHiveAccessController for session context : HiveAuthzSessionContext [sessionString=d06f8da1-0f5c-47e1-9bd6-f6391d59c336, clientType=HIVESERVER2]
2024-04-24T08:06:07,503  INFO [main] metastore.HiveMetaStoreClient: HMS client filtering is enabled.
2024-04-24T08:06:07,504  INFO [main] metastore.HMSHandler: 0: Opening raw store with implementation class:org.apache.hadoop.hive.metastore.ObjectStore
2024-04-24T08:06:07,504  INFO [main] metastore.PersistenceManagerProvider: Configuration datanucleus.autoStartMechanismMode is not set. Defaulting to 'ignored'
2024-04-24T08:06:07,504  INFO [main] metastore.ObjectStore: RawStore: org.apache.hadoop.hive.metastore.ObjectStore@528ef230, with PersistenceManager: null will be shutdown
2024-04-24T08:06:07,504  INFO [main] metastore.ObjectStore: RawStore: org.apache.hadoop.hive.metastore.ObjectStore@528ef230, with PersistenceManager: org.datanucleus.api.jdo.JDOPersistenceManager@ae85aad created in the thread with id: 1
2024-04-24T08:06:07,506  INFO [main] metastore.HMSHandler: Created RawStore: org.apache.hadoop.hive.metastore.ObjectStore@528ef230 from thread id: 1
2024-04-24T08:06:07,506  INFO [main] metastore.HMSHandler: HMS server filtering is disabled by configuration
2024-04-24T08:06:07,506  INFO [main] metastore.RetryingMetaStoreClient: RetryingMetaStoreClient proxy=class org.apache.hadoop.hive.ql.metadata.SessionHiveMetaStoreClient ugi=alex (auth:SIMPLE) retries=1 delay=1 lifetime=0
2024-04-24T08:06:07,506  INFO [main] service.CompositeService: Operation log root directory is created: /home/alex/Repositories/hive/beeline/target/tmp/alex/operation_logs
2024-04-24T08:06:07,507  INFO [main] service.CompositeService: HiveServer2: Background operation thread pool size: 100
2024-04-24T08:06:07,507  INFO [main] service.CompositeService: HiveServer2: Background operation thread wait queue size: 100
2024-04-24T08:06:07,507  INFO [main] service.CompositeService: HiveServer2: Background operation thread keepalive time: 10 seconds
2024-04-24T08:06:07,507  INFO [main] service.CompositeService: Connections limit are user: 0 ipaddress: 0 user-ipaddress: 0
2024-04-24T08:06:07,508  INFO [main] cleanup.EventualCleanupService: EventualCleanupService started with 10 threads and queue of size 10000
ERROR StatusLogger Log4j2 ConfigurationScheduler attempted to increment scheduled items after start
ERROR StatusLogger Log4j2 ConfigurationScheduler attempted to increment scheduled items after start
2024-04-24T08:06:07,509  INFO [main] service.AbstractService: Service:OperationManager is inited.
2024-04-24T08:06:07,509  INFO [main] service.AbstractService: Service:SessionManager is inited.
2024-04-24T08:06:07,509  INFO [main] service.AbstractService: Service:CLIService is inited.
2024-04-24T08:06:07,509  INFO [main] service.AbstractService: Service:OperationManager is started.
2024-04-24T08:06:07,509  INFO [main] service.AbstractService: Service:SessionManager is started.
2024-04-24T08:06:07,510  INFO [main] service.AbstractService: Service:CLIService is started.
2024-04-24T08:06:07,510  INFO [main] service.AbstractService: Service:ThriftBinaryCLIService is inited.
2024-04-24T08:06:07,510  INFO [main] thrift.ThriftCLIService: Client protocol version: HIVE_CLI_SERVICE_PROTOCOL_V10
2024-04-24T08:06:07,510  INFO [main] thrift.ThriftCLIService: Creating Hive session handle for user [null] from IP null
2024-04-24T08:06:07,511  INFO [main] DependencyResolver: ivysettings.xml file not found in HIVE_HOME or HIVE_CONF_DIR,/home/alex/Repositories/hive/conf/ivysettings.xml will be used
2024-04-24T08:06:07,519  INFO [main] session.SessionState: Created HDFS directory: /tmp/hive/alex/ce454acf-b767-40bc-a09f-ed65c4ae3a27
2024-04-24T08:06:07,523  INFO [main] session.SessionState: Created local directory: /home/alex/Repositories/hive/beeline/target/tmp/alex/ce454acf-b767-40bc-a09f-ed65c4ae3a27
2024-04-24T08:06:07,527  INFO [main] session.SessionState: Created HDFS directory: /tmp/hive/alex/ce454acf-b767-40bc-a09f-ed65c4ae3a27/_tmp_space.db
2024-04-24T08:06:07,527  INFO [main] session.SessionState: Reloading auxiliary JAR files
2024-04-24T08:06:07,527  WARN [main] session.SessionState: Configuration hive.reloadable.aux.jars.path not specified
2024-04-24T08:06:07,528  INFO [main] HiveMetaStore.audit: ugi=alex	ip=unknown-ip-addr	cmd=Cleaning up thread local RawStore...	
2024-04-24T08:06:07,528  INFO [main] metastore.ObjectStore: RawStore: org.apache.hadoop.hive.metastore.ObjectStore@528ef230, with PersistenceManager: org.datanucleus.api.jdo.JDOPersistenceManager@ae85aad will be shutdown
2024-04-24T08:06:07,528  INFO [main] HiveMetaStore.audit: ugi=alex	ip=unknown-ip-addr	cmd=Done cleaning up thread local RawStore	
2024-04-24T08:06:07,528  INFO [main] metastore.HiveMetaStoreClient: Closed a connection to metastore, current connections: -45
2024-04-24T08:06:07,528  INFO [main] session.HiveSessionImpl: Operation log session directory is created: /home/alex/Repositories/hive/beeline/target/tmp/alex/operation_logs/ce454acf-b767-40bc-a09f-ed65c4ae3a27
2024-04-24T08:06:07,528  INFO [main] service.CompositeService: Session opened, SessionHandle [ce454acf-b767-40bc-a09f-ed65c4ae3a27], current sessions:1
2024-04-24T08:06:07,528  INFO [main] thrift.ThriftCLIService: Login attempt is successful for user : null
2024-04-24T08:06:07,587  WARN [main] conf.HiveConf: HiveConf of name hive.dummyparam.test.server.specific.config.override does not exist
2024-04-24T08:06:07,587  WARN [main] conf.HiveConf: HiveConf of name hive.dummyparam.test.server.specific.config.hiveserver2site does not exist
2024-04-24T08:06:07,587  WARN [main] conf.HiveConf: HiveConf of name hive.dummyparam.test.server.specific.config.metastoresite does not exist
2024-04-24T08:06:07,588  INFO [ce454acf-b767-40bc-a09f-ed65c4ae3a27 main] session.HiveSessionImpl: executing set
2024-04-24T08:06:07,588  INFO [ce454acf-b767-40bc-a09f-ed65c4ae3a27 main] operation.HiveCommandOperation: Putting temp output to file /home/alex/Repositories/hive/beeline/target/tmp/alex/ce454acf-b767-40bc-a09f-ed65c4ae3a276018531803670274035.pipeout and error output to file /home/alex/Repositories/hive/beeline/target/tmp/alex/ce454acf-b767-40bc-a09f-ed65c4ae3a275942718793087338662.pipeout
2024-04-24T08:06:07,588  INFO [ce454acf-b767-40bc-a09f-ed65c4ae3a27 main] operation.OperationManager: Adding operation: OperationHandle [opType=EXECUTE_STATEMENT, getHandleIdentifier()=bdac8f57-69b2-4a54-b2e6-f51a53002073] SessionHandle [ce454acf-b767-40bc-a09f-ed65c4ae3a27]
2024-04-24T08:06:07,588  INFO [ce454acf-b767-40bc-a09f-ed65c4ae3a27 main] common.LogUtils: Thread context registration is done.
DEBUG StatusLogger Building Plugin[name=filter, class=org.apache.hadoop.hive.ql.log.LogDivertAppender$NameFilter].
DEBUG StatusLogger createFilter(loggingLevel="EXECUTION")
DEBUG StatusLogger Building Plugin[name=layout, class=org.apache.logging.log4j.core.layout.PatternLayout].
DEBUG StatusLogger PatternLayout$Builder(pattern="%-5p : %m%n", PatternSelector=null, Configuration(HiveLog4j2Test), Replace=null, charset="null", alwaysWriteExceptions="null", disableAnsi="null", noConsoleNoAnsi="null", header="null", footer="null")
DEBUG StatusLogger Building Plugin[name=appender, class=org.apache.hadoop.hive.ql.log.HushableRandomAccessFileAppender].
DEBUG StatusLogger createAppender(fileName="/home/alex/Repositories/hive/beeline/target/tmp/alex/operation_logs/ce454acf-b767-40bc-a09f-ed65c4ae3a27/alex_20240424080607_4f82bafd-ab78-4b54-be64-fe842eb93c02", append="null", name="query-file-appender", immediateFlush="null", bufferSize="null", ignoreExceptions="null", PatternLayout(org.apache.logging.log4j.core.layout.PatternLayout with name PatternLayout), NameFilter(org.apache.hadoop.hive.ql.log.LogDivertAppender$NameFilter with name NameFilter), advertise="null", advertiseURI="null", Configuration(HiveLog4j2Test))
DEBUG StatusLogger Starting RandomAccessFileManager /home/alex/Repositories/hive/beeline/target/tmp/alex/operation_logs/ce454acf-b767-40bc-a09f-ed65c4ae3a27/alex_20240424080607_4f82bafd-ab78-4b54-be64-fe842eb93c02
DEBUG StatusLogger Building Plugin[name=, class=org.apache.hadoop.hive.ql.log.LogDivertAppenderForTest$TestFilter].
DEBUG StatusLogger createFilter()
DEBUG StatusLogger Building Plugin[name=, class=org.apache.logging.log4j.core.layout.PatternLayout].
DEBUG StatusLogger PatternLayout$Builder(pattern="%-5p : %m%n", PatternSelector=null, Configuration(HiveLog4j2Test), Replace=null, charset="null", alwaysWriteExceptions="null", disableAnsi="null", noConsoleNoAnsi="null", header="null", footer="null")
DEBUG StatusLogger Building Plugin[name=appender, class=org.apache.hadoop.hive.ql.log.HushableRandomAccessFileAppender].
DEBUG StatusLogger createAppender(fileName="/home/alex/Repositories/hive/beeline/target/tmp/alex/operation_logs/ce454acf-b767-40bc-a09f-ed65c4ae3a27/alex_20240424080607_4f82bafd-ab78-4b54-be64-fe842eb93c02.test", append="null", name="test-query-file-appender", immediateFlush="null", bufferSize="null", ignoreExceptions="null", PatternLayout(org.apache.logging.log4j.core.layout.PatternLayout with name PatternLayout), test-filter(org.apache.hadoop.hive.ql.log.LogDivertAppenderForTest$TestFilter with name test-filter), advertise="null", advertiseURI="null", Configuration(HiveLog4j2Test))
DEBUG StatusLogger Starting RandomAccessFileManager /home/alex/Repositories/hive/beeline/target/tmp/alex/operation_logs/ce454acf-b767-40bc-a09f-ed65c4ae3a27/alex_20240424080607_4f82bafd-ab78-4b54-be64-fe842eb93c02.test
2024-04-24T08:06:07,592  INFO [ce454acf-b767-40bc-a09f-ed65c4ae3a27 main] operation.HiveCommandOperation: [opType=EXECUTE_STATEMENT, queryId=alex_20240424080607_4f82bafd-ab78-4b54-be64-fe842eb93c02, startTime=1713971167588, sessionId=ce454acf-b767-40bc-a09f-ed65c4ae3a27, createTime=1713971167510, userName=null, ipAddress=null]
2024-04-24T08:06:07,601  INFO [ce454acf-b767-40bc-a09f-ed65c4ae3a27 main] common.LogUtils: Unregistered logging context.
2024-04-24T08:06:07,603  INFO [ce454acf-b767-40bc-a09f-ed65c4ae3a27 main] operation.OperationManager: Closing operation: OperationHandle [opType=EXECUTE_STATEMENT, getHandleIdentifier()=bdac8f57-69b2-4a54-b2e6-f51a53002073]
2024-04-24T08:06:07,603  INFO [ce454acf-b767-40bc-a09f-ed65c4ae3a27 main] operation.OperationManager: Removed queryId: alex_20240424080607_4f82bafd-ab78-4b54-be64-fe842eb93c02 corresponding to operation: OperationHandle [opType=EXECUTE_STATEMENT, getHandleIdentifier()=bdac8f57-69b2-4a54-b2e6-f51a53002073] with tag: null
2024-04-24T08:06:07,604  INFO [ce454acf-b767-40bc-a09f-ed65c4ae3a27 main] operation.HiveCommandOperation: Closing operation log /home/alex/Repositories/hive/beeline/target/tmp/alex/operation_logs/ce454acf-b767-40bc-a09f-ed65c4ae3a27/alex_20240424080607_4f82bafd-ab78-4b54-be64-fe842eb93c02 without delay
2024-04-24T08:06:44,197  INFO [ce454acf-b767-40bc-a09f-ed65c4ae3a27 main] session.HiveSessionImpl: executing select "hive"
2024-04-24T08:06:44,198  INFO [ce454acf-b767-40bc-a09f-ed65c4ae3a27 main] operation.OperationManager: Adding operation: OperationHandle [opType=EXECUTE_STATEMENT, getHandleIdentifier()=d0937745-4635-4b22-b2b7-e9b434f9c893] SessionHandle [ce454acf-b767-40bc-a09f-ed65c4ae3a27]
2024-04-24T08:06:44,198  INFO [ce454acf-b767-40bc-a09f-ed65c4ae3a27 main] common.LogUtils: Thread context registration is done.
DEBUG StatusLogger Building Plugin[name=filter, class=org.apache.hadoop.hive.ql.log.LogDivertAppender$NameFilter].
DEBUG StatusLogger createFilter(loggingLevel="EXECUTION")
DEBUG StatusLogger Building Plugin[name=layout, class=org.apache.logging.log4j.core.layout.PatternLayout].
DEBUG StatusLogger PatternLayout$Builder(pattern="%-5p : %m%n", PatternSelector=null, Configuration(HiveLog4j2Test), Replace=null, charset="null", alwaysWriteExceptions="null", disableAnsi="null", noConsoleNoAnsi="null", header="null", footer="null")
DEBUG StatusLogger Building Plugin[name=appender, class=org.apache.hadoop.hive.ql.log.HushableRandomAccessFileAppender].
DEBUG StatusLogger createAppender(fileName="/home/alex/Repositories/hive/beeline/target/tmp/alex/operation_logs/ce454acf-b767-40bc-a09f-ed65c4ae3a27/alex_20240424080644_3bfec6d2-75d6-41ae-96c1-98844baf731f", append="null", name="query-file-appender", immediateFlush="null", bufferSize="null", ignoreExceptions="null", PatternLayout(org.apache.logging.log4j.core.layout.PatternLayout with name PatternLayout), NameFilter(org.apache.hadoop.hive.ql.log.LogDivertAppender$NameFilter with name NameFilter), advertise="null", advertiseURI="null", Configuration(HiveLog4j2Test))
DEBUG StatusLogger Starting RandomAccessFileManager /home/alex/Repositories/hive/beeline/target/tmp/alex/operation_logs/ce454acf-b767-40bc-a09f-ed65c4ae3a27/alex_20240424080644_3bfec6d2-75d6-41ae-96c1-98844baf731f
DEBUG StatusLogger Building Plugin[name=, class=org.apache.hadoop.hive.ql.log.LogDivertAppenderForTest$TestFilter].
DEBUG StatusLogger createFilter()
DEBUG StatusLogger Building Plugin[name=, class=org.apache.logging.log4j.core.layout.PatternLayout].
DEBUG StatusLogger PatternLayout$Builder(pattern="%-5p : %m%n", PatternSelector=null, Configuration(HiveLog4j2Test), Replace=null, charset="null", alwaysWriteExceptions="null", disableAnsi="null", noConsoleNoAnsi="null", header="null", footer="null")
DEBUG StatusLogger Building Plugin[name=appender, class=org.apache.hadoop.hive.ql.log.HushableRandomAccessFileAppender].
DEBUG StatusLogger createAppender(fileName="/home/alex/Repositories/hive/beeline/target/tmp/alex/operation_logs/ce454acf-b767-40bc-a09f-ed65c4ae3a27/alex_20240424080644_3bfec6d2-75d6-41ae-96c1-98844baf731f.test", append="null", name="test-query-file-appender", immediateFlush="null", bufferSize="null", ignoreExceptions="null", PatternLayout(org.apache.logging.log4j.core.layout.PatternLayout with name PatternLayout), test-filter(org.apache.hadoop.hive.ql.log.LogDivertAppenderForTest$TestFilter with name test-filter), advertise="null", advertiseURI="null", Configuration(HiveLog4j2Test))
DEBUG StatusLogger Starting RandomAccessFileManager /home/alex/Repositories/hive/beeline/target/tmp/alex/operation_logs/ce454acf-b767-40bc-a09f-ed65c4ae3a27/alex_20240424080644_3bfec6d2-75d6-41ae-96c1-98844baf731f.test
2024-04-24T08:06:44,202  INFO [ce454acf-b767-40bc-a09f-ed65c4ae3a27 main] operation.SQLOperation: [opType=EXECUTE_STATEMENT, queryId=alex_20240424080644_3bfec6d2-75d6-41ae-96c1-98844baf731f, startTime=1713971204197, sessionId=ce454acf-b767-40bc-a09f-ed65c4ae3a27, createTime=1713971167510, userName=null, ipAddress=null]
2024-04-24T08:06:44,203  INFO [ce454acf-b767-40bc-a09f-ed65c4ae3a27 main] ql.Driver: Compiling command(queryId=alex_20240424080644_3bfec6d2-75d6-41ae-96c1-98844baf731f): select "hive"
2024-04-24T08:06:44,206  INFO [ce454acf-b767-40bc-a09f-ed65c4ae3a27 main] metastore.HiveMetaStoreClient: HMS client filtering is enabled.
2024-04-24T08:06:44,207  INFO [ce454acf-b767-40bc-a09f-ed65c4ae3a27 main] metastore.HMSHandler: 0: Opening raw store with implementation class:org.apache.hadoop.hive.metastore.ObjectStore
2024-04-24T08:06:44,207  INFO [ce454acf-b767-40bc-a09f-ed65c4ae3a27 main] metastore.PersistenceManagerProvider: Configuration datanucleus.autoStartMechanismMode is not set. Defaulting to 'ignored'
2024-04-24T08:06:44,207  INFO [ce454acf-b767-40bc-a09f-ed65c4ae3a27 main] metastore.ObjectStore: RawStore: org.apache.hadoop.hive.metastore.ObjectStore@2ef3efcc, with PersistenceManager: null will be shutdown
2024-04-24T08:06:44,207  INFO [ce454acf-b767-40bc-a09f-ed65c4ae3a27 main] metastore.ObjectStore: RawStore: org.apache.hadoop.hive.metastore.ObjectStore@2ef3efcc, with PersistenceManager: org.datanucleus.api.jdo.JDOPersistenceManager@60655642 created in the thread with id: 1
2024-04-24T08:06:44,209  INFO [ce454acf-b767-40bc-a09f-ed65c4ae3a27 main] metastore.HMSHandler: Created RawStore: org.apache.hadoop.hive.metastore.ObjectStore@2ef3efcc from thread id: 1
2024-04-24T08:06:44,209  INFO [ce454acf-b767-40bc-a09f-ed65c4ae3a27 main] metastore.HMSHandler: HMS server filtering is disabled by configuration
2024-04-24T08:06:44,210  INFO [ce454acf-b767-40bc-a09f-ed65c4ae3a27 main] metastore.RetryingMetaStoreClient: RetryingMetaStoreClient proxy=class org.apache.hadoop.hive.ql.metadata.SessionHiveMetaStoreClient ugi=alex (auth:SIMPLE) retries=1 delay=1 lifetime=0
2024-04-24T08:06:44,210  INFO [ce454acf-b767-40bc-a09f-ed65c4ae3a27 main] parse.CalcitePlanner: Starting caching scope for: alex_20240424080644_3bfec6d2-75d6-41ae-96c1-98844baf731f
2024-04-24T08:06:44,210  INFO [ce454acf-b767-40bc-a09f-ed65c4ae3a27 main] parse.CalcitePlanner: Starting Semantic Analysis
2024-04-24T08:06:44,210  INFO [ce454acf-b767-40bc-a09f-ed65c4ae3a27 main] sqlstd.SQLStdHiveAccessController: Created SQLStdHiveAccessController for session context : HiveAuthzSessionContext [sessionString=ce454acf-b767-40bc-a09f-ed65c4ae3a27, clientType=HIVESERVER2]
2024-04-24T08:06:44,210  INFO [ce454acf-b767-40bc-a09f-ed65c4ae3a27 main] parse.CalcitePlanner: Completed phase 1 of Semantic Analysis
2024-04-24T08:06:44,210  INFO [ce454acf-b767-40bc-a09f-ed65c4ae3a27 main] parse.CalcitePlanner: Get metadata for source tables
2024-04-24T08:06:44,210  INFO [ce454acf-b767-40bc-a09f-ed65c4ae3a27 main] parse.CalcitePlanner: Get metadata for subqueries
2024-04-24T08:06:44,210  INFO [ce454acf-b767-40bc-a09f-ed65c4ae3a27 main] parse.CalcitePlanner: Get metadata for destination tables
2024-04-24T08:06:44,210  INFO [ce454acf-b767-40bc-a09f-ed65c4ae3a27 main] parse.CalcitePlanner: Completed getting MetaData in Semantic Analysis
2024-04-24T08:06:44,230  INFO [ce454acf-b767-40bc-a09f-ed65c4ae3a27 main] HiveMetaStore.audit: ugi=alex	ip=unknown-ip-addr	cmd=get_all_table_constraints : tbl=hive._dummy_database._dummy_table	
2024-04-24T08:06:44,296  INFO [ce454acf-b767-40bc-a09f-ed65c4ae3a27 main] parse.CalcitePlanner: Get metadata for source tables
2024-04-24T08:06:44,297  INFO [ce454acf-b767-40bc-a09f-ed65c4ae3a27 main] HiveMetaStore.audit: ugi=alex	ip=unknown-ip-addr	cmd=get_table : tbl=hive._dummy_database._dummy_table	
2024-04-24T08:06:44,299  INFO [ce454acf-b767-40bc-a09f-ed65c4ae3a27 main] parse.CalcitePlanner: Get metadata for subqueries
2024-04-24T08:06:44,299  INFO [ce454acf-b767-40bc-a09f-ed65c4ae3a27 main] parse.CalcitePlanner: Get metadata for destination tables
2024-04-24T08:06:44,307  INFO [ce454acf-b767-40bc-a09f-ed65c4ae3a27 main] common.FileUtils: Creating directory if it doesn't exist: file:/home/alex/Repositories/hive/beeline/target/tmp/alex/ce454acf-b767-40bc-a09f-ed65c4ae3a27/hive_2024-04-24_08-06-44_203_3802687535739408355-1/-mr-10001/.hive-staging_hive_2024-04-24_08-06-44_203_3802687535739408355-1
2024-04-24T08:06:44,317  INFO [ce454acf-b767-40bc-a09f-ed65c4ae3a27 main] parse.CalcitePlanner: CBO Succeeded; optimized logical plan.
2024-04-24T08:06:44,321  INFO [ce454acf-b767-40bc-a09f-ed65c4ae3a27 main] optimizer.BucketVersionPopulator: not considering bucketingVersion for: TS[0] because it has -1<2 buckets 
2024-04-24T08:06:44,322  INFO [ce454acf-b767-40bc-a09f-ed65c4ae3a27 main] parse.CalcitePlanner: Completed plan generation
2024-04-24T08:06:44,322  INFO [ce454acf-b767-40bc-a09f-ed65c4ae3a27 main] parse.CalcitePlanner: Ending caching scope for: alex_20240424080644_3bfec6d2-75d6-41ae-96c1-98844baf731f
2024-04-24T08:06:44,322  INFO [ce454acf-b767-40bc-a09f-ed65c4ae3a27 main] ql.Driver: Semantic Analysis Completed (retrial = false)
2024-04-24T08:06:44,322  INFO [ce454acf-b767-40bc-a09f-ed65c4ae3a27 main] ql.Driver: Created Hive schema: Schema(fieldSchemas:[FieldSchema(name:_c0, type:string, comment:null)], properties:null)
2024-04-24T08:06:44,323  INFO [ce454acf-b767-40bc-a09f-ed65c4ae3a27 main] exec.TableScanOperator: Initializing Operator: TS[0]
2024-04-24T08:06:44,323  INFO [ce454acf-b767-40bc-a09f-ed65c4ae3a27 main] exec.SelectOperator: Initializing Operator: SEL[1]
2024-04-24T08:06:44,324  INFO [ce454acf-b767-40bc-a09f-ed65c4ae3a27 main] exec.SelectOperator: SELECT null
2024-04-24T08:06:44,324  INFO [ce454acf-b767-40bc-a09f-ed65c4ae3a27 main] exec.ListSinkOperator: Initializing Operator: LIST_SINK[3]
2024-04-24T08:06:44,324  INFO [ce454acf-b767-40bc-a09f-ed65c4ae3a27 main] metadata.Hive: Dumping metastore api call timing information for : compilation phase
2024-04-24T08:06:44,324  INFO [ce454acf-b767-40bc-a09f-ed65c4ae3a27 main] metadata.Hive: Total time spent in each metastore function (ms): {isCompatibleWith_(Configuration)=0, getAllTableConstraints_(AllTableConstraintsRequest)=4, flushCache_()=0}
2024-04-24T08:06:44,324  INFO [ce454acf-b767-40bc-a09f-ed65c4ae3a27 main] ql.Driver: Completed compiling command(queryId=alex_20240424080644_3bfec6d2-75d6-41ae-96c1-98844baf731f); Time taken: 0.121 seconds
2024-04-24T08:06:44,324  INFO [ce454acf-b767-40bc-a09f-ed65c4ae3a27 main] common.LogUtils: Unregistered logging context.
2024-04-24T08:06:44,326  INFO [HiveServer2-Background-Pool: Thread-732] common.LogUtils: Thread context registration is done.
2024-04-24T08:06:44,326  INFO [HiveServer2-Background-Pool: Thread-732] reexec.ReExecDriver: Execution #1 of query
2024-04-24T08:06:44,327  INFO [HiveServer2-Background-Pool: Thread-732] ql.Driver: Concurrency mode is disabled, not creating a lock manager
2024-04-24T08:06:44,327  INFO [HiveServer2-Background-Pool: Thread-732] ql.Driver: Executing command(queryId=alex_20240424080644_3bfec6d2-75d6-41ae-96c1-98844baf731f): select "hive"
2024-04-24T08:06:44,328  INFO [HiveServer2-Background-Pool: Thread-732] metadata.Hive: Dumping metastore api call timing information for : execution phase
2024-04-24T08:06:44,328  INFO [HiveServer2-Background-Pool: Thread-732] metadata.Hive: Total time spent in each metastore function (ms): {}
2024-04-24T08:06:44,328  INFO [HiveServer2-Background-Pool: Thread-732] ql.Driver: Completed executing command(queryId=alex_20240424080644_3bfec6d2-75d6-41ae-96c1-98844baf731f); Time taken: 0.001 seconds
2024-04-24T08:06:44,328  INFO [HiveServer2-Background-Pool: Thread-732] common.LogUtils: Unregistered logging context.
2024-04-24T08:06:44,334  INFO [ce454acf-b767-40bc-a09f-ed65c4ae3a27 main] operation.OperationManager: Closing operation: OperationHandle [opType=EXECUTE_STATEMENT, getHandleIdentifier()=d0937745-4635-4b22-b2b7-e9b434f9c893]
2024-04-24T08:06:44,334  INFO [ce454acf-b767-40bc-a09f-ed65c4ae3a27 main] operation.OperationManager: Removed queryId: alex_20240424080644_3bfec6d2-75d6-41ae-96c1-98844baf731f corresponding to operation: OperationHandle [opType=EXECUTE_STATEMENT, getHandleIdentifier()=d0937745-4635-4b22-b2b7-e9b434f9c893] with tag: null
2024-04-24T08:06:44,335  INFO [ce454acf-b767-40bc-a09f-ed65c4ae3a27 main] ql.Context: Deleting scratch dir: file:/home/alex/Repositories/hive/beeline/target/tmp/alex/ce454acf-b767-40bc-a09f-ed65c4ae3a27/hive_2024-04-24_08-06-44_203_3802687535739408355-1
2024-04-24T08:06:44,335  INFO [ce454acf-b767-40bc-a09f-ed65c4ae3a27 main] cleanup.EventualCleanupService: Delete file:/home/alex/Repositories/hive/beeline/target/tmp/alex/ce454acf-b767-40bc-a09f-ed65c4ae3a27/hive_2024-04-24_08-06-44_203_3802687535739408355-1 operation was queued
2024-04-24T08:06:44,335  INFO [ce454acf-b767-40bc-a09f-ed65c4ae3a27 main] exec.TableScanOperator: Closing Operator: TS[0]
2024-04-24T08:06:44,335  INFO [ce454acf-b767-40bc-a09f-ed65c4ae3a27 main] exec.TableScanOperator: RECORDS_OUT_INTERMEDIATE:0, RECORDS_OUT_OPERATOR_TS_0:0, 
2024-04-24T08:06:44,335  INFO [ce454acf-b767-40bc-a09f-ed65c4ae3a27 main] exec.SelectOperator: Closing Operator: SEL[1]
2024-04-24T08:06:44,335  INFO [ce454acf-b767-40bc-a09f-ed65c4ae3a27 main] exec.SelectOperator: RECORDS_OUT_INTERMEDIATE:0, RECORDS_OUT_OPERATOR_SEL_1:0, 
2024-04-24T08:06:44,335  INFO [ce454acf-b767-40bc-a09f-ed65c4ae3a27 main] exec.ListSinkOperator: Closing Operator: LIST_SINK[3]
2024-04-24T08:06:44,335  INFO [ce454acf-b767-40bc-a09f-ed65c4ae3a27 main] exec.ListSinkOperator: RECORDS_OUT_INTERMEDIATE:0, RECORDS_OUT_OPERATOR_LIST_SINK_3:0, 
2024-04-24T08:06:44,335  INFO [ce454acf-b767-40bc-a09f-ed65c4ae3a27 main] operation.SQLOperation: Closing operation log /home/alex/Repositories/hive/beeline/target/tmp/alex/operation_logs/ce454acf-b767-40bc-a09f-ed65c4ae3a27/alex_20240424080644_3bfec6d2-75d6-41ae-96c1-98844baf731f without delay
2024-04-24T08:06:44,335  INFO [EventualCleanupService thread 0] cleanup.EventualCleanupService: Deleted file:/home/alex/Repositories/hive/beeline/target/tmp/alex/ce454acf-b767-40bc-a09f-ed65c4ae3a27/hive_2024-04-24_08-06-44_203_3802687535739408355-1
2024-04-24T08:06:44,336  INFO [main] service.CompositeService: Session closed, SessionHandle [ce454acf-b767-40bc-a09f-ed65c4ae3a27], current sessions:0
2024-04-24T08:06:44,336  INFO [ce454acf-b767-40bc-a09f-ed65c4ae3a27 main] session.HiveSessionImpl: Operation log session directory is deleted: /home/alex/Repositories/hive/beeline/target/tmp/alex/operation_logs/ce454acf-b767-40bc-a09f-ed65c4ae3a27
2024-04-24T08:06:44,337  INFO [main] cleanup.EventualCleanupService: Delete /tmp/hive/alex/ce454acf-b767-40bc-a09f-ed65c4ae3a27 operation was queued
2024-04-24T08:06:44,337  INFO [main] cleanup.EventualCleanupService: Delete /home/alex/Repositories/hive/beeline/target/tmp/alex/ce454acf-b767-40bc-a09f-ed65c4ae3a27 operation was queued
2024-04-24T08:06:44,337  INFO [EventualCleanupService thread 2] cleanup.EventualCleanupService: Deleted /home/alex/Repositories/hive/beeline/target/tmp/alex/ce454acf-b767-40bc-a09f-ed65c4ae3a27
2024-04-24T08:06:44,337  INFO [EventualCleanupService thread 1] cleanup.EventualCleanupService: Deleted /tmp/hive/alex/ce454acf-b767-40bc-a09f-ed65c4ae3a27
2024-04-24T08:06:44,338  INFO [main] HiveMetaStore.audit: ugi=alex	ip=unknown-ip-addr	cmd=Cleaning up thread local RawStore...	
2024-04-24T08:06:44,338  INFO [main] metastore.ObjectStore: RawStore: org.apache.hadoop.hive.metastore.ObjectStore@2ef3efcc, with PersistenceManager: org.datanucleus.api.jdo.JDOPersistenceManager@60655642 will be shutdown
2024-04-24T08:06:44,338  INFO [main] HiveMetaStore.audit: ugi=alex	ip=unknown-ip-addr	cmd=Done cleaning up thread local RawStore	
2024-04-24T08:06:44,338  INFO [main] metastore.HiveMetaStoreClient: Closed a connection to metastore, current connections: -46
2024-04-24T08:06:44,338 ERROR [main] cli.TestHiveCli: Failed due to the error:Connecting to jdbc:hive2://
Hive Session ID = d06f8da1-0f5c-47e1-9bd6-f6391d59c336
ivysettings.xml file not found in HIVE_HOME or HIVE_CONF_DIR,/home/alex/Repositories/hive/conf/ivysettings.xml will be used
ivysettings.xml file not found in HIVE_HOME or HIVE_CONF_DIR,/home/alex/Repositories/hive/conf/ivysettings.xml will be used
Connected to: Apache Hive (version 4.0.0-SNAPSHOT)
Error: Couldn't load manifest attributes. (state=,code=0)
Transaction isolation: TRANSACTION_REPEATABLE_READ
. . > INFO  : Compiling command(queryId=alex_20240424080644_3bfec6d2-75d6-41ae-96c1-98844baf731f): select "hive"
INFO  : Semantic Analysis Completed (retrial = false)
INFO  : Created Hive schema: Schema(fieldSchemas:[FieldSchema(name:_c0, type:string, comment:null)], properties:null)
INFO  : Completed compiling command(queryId=alex_20240424080644_3bfec6d2-75d6-41ae-96c1-98844baf731f); Time taken: 0.121 seconds
INFO  : Concurrency mode is disabled, not creating a lock manager
INFO  : Executing command(queryId=alex_20240424080644_3bfec6d2-75d6-41ae-96c1-98844baf731f): select "hive"
INFO  : Completed executing command(queryId=alex_20240424080644_3bfec6d2-75d6-41ae-96c1-98844baf731f); Time taken: 0.001 seconds
DEBUG : Shutting down query select "hive"
Error: Failed to wait for operation to complete (state=08S01,code=0)
Closing: 0: jdbc:hive2://

]]></system-err>
  </testcase>
</testsuite>