<?xml version="1.0" encoding="UTF-8"?>
<testsuite xmlns:xsi="http://www.w3.org/2001/XMLSchema-instance" xsi:noNamespaceSchemaLocation="https://maven.apache.org/surefire/maven-surefire-plugin/xsd/surefire-test-report-3.0.xsd" version="3.0" name="org.apache.hive.beeline.cli.TestHiveCli" time="48.09" tests="28" errors="1" skipped="0" failures="17">
  <properties>
    <property name="build.test.dir" value="/home/alex/Repositories/hive/beeline/target/tmp"/>
    <property name="awt.toolkit" value="sun.awt.X11.XToolkit"/>
    <property name="test.tmp.dir.uri" value="file:///home/alex/Repositories/hive/beeline/target/tmp"/>
    <property name="java.specification.version" value="1.8"/>
    <property name="qfile" value=""/>
    <property name="sun.cpu.isalist" value=""/>
    <property name="test.warehouse.dir" value="pfile:///home/alex/Repositories/hive/beeline/target/warehouse"/>
    <property name="sun.jnu.encoding" value="UTF-8"/>
    <property name="run_disabled" value=""/>
    <property name="nondexPrintstack" value="false"/>
    <property name="sun.arch.data.model" value="64"/>
    <property name="java.vendor.url" value="http://java.oracle.com/"/>
    <property name="user.country.format" value="PT"/>
    <property name="test.tmp.dir" value="/home/alex/Repositories/hive/beeline/target/tmp"/>
    <property name="sun.boot.library.path" value="/usr/lib/jvm/java-8-openjdk-amd64/jre/lib/amd64"/>
    <property name="sun.java.command" value="/home/alex/Repositories/hive/beeline/target/surefire/surefirebooter2153300365884523860.jar /home/alex/Repositories/hive/beeline/target/surefire 2024-04-23T21-59-46_173-jvmRun1 surefire692480017101430536tmp surefire_35206482259298749559146tmp"/>
    <property name="nondexExecid" value="+Qxgap83WKPBPKSwK0Aynsqry+2fiOrw12ASlRaAX8s="/>
    <property name="java.specification.vendor" value="Oracle Corporation"/>
    <property name="java.home" value="/usr/lib/jvm/java-8-openjdk-amd64/jre"/>
    <property name="basedir" value="/home/alex/Repositories/hive/beeline"/>
    <property name="file.separator" value="/"/>
    <property name="line.separator" value="&#10;"/>
    <property name="nondexEnd" value="9223372036854775807"/>
    <property name="java.specification.name" value="Java Platform API Specification"/>
    <property name="derby.stream.error.file" value="/home/alex/Repositories/hive/beeline/target/tmp/derby.log"/>
    <property name="java.vm.specification.vendor" value="Oracle Corporation"/>
    <property name="sun.boot.class.path" value="/home/alex/Repositories/hive/beeline/.nondex/nondex-instr.jar:/home/alex/.m2/repository/edu/illinois/nondex-common/2.1.7/nondex-common-2.1.7.jar:/home/alex/.m2/repository/edu/illinois/nondex-annotations/2.1.7/nondex-annotations-2.1.7.jar:/usr/lib/jvm/java-8-openjdk-amd64/jre/lib/resources.jar:/usr/lib/jvm/java-8-openjdk-amd64/jre/lib/rt.jar:/usr/lib/jvm/java-8-openjdk-amd64/jre/lib/sunrsasign.jar:/usr/lib/jvm/java-8-openjdk-amd64/jre/lib/jsse.jar:/usr/lib/jvm/java-8-openjdk-amd64/jre/lib/jce.jar:/usr/lib/jvm/java-8-openjdk-amd64/jre/lib/charsets.jar:/usr/lib/jvm/java-8-openjdk-amd64/jre/lib/jfr.jar:/usr/lib/jvm/java-8-openjdk-amd64/jre/classes"/>
    <property name="log4j.debug" value="true"/>
    <property name="sun.management.compiler" value="HotSpot 64-Bit Tiered Compilers"/>
    <property name="spark.home" value=""/>
    <property name="java.runtime.version" value="1.8.0_402-8u402-ga-2ubuntu1~22.04-b06"/>
    <property name="user.name" value="alex"/>
    <property name="test.src.tables" value=""/>
    <property name="file.encoding" value="UTF-8"/>
    <property name="yyy" value="5"/>
    <property name="qfile_regex" value=""/>
    <property name="hadoop.bin.path" value="/home/alex/Repositories/hive/beeline/../testutils/hadoop"/>
    <property name="localRepository" value="/home/alex/.m2/repository"/>
    <property name="build.dir" value="/home/alex/Repositories/hive/beeline/target"/>
    <property name="nondexDir" value="/home/alex/Repositories/hive/beeline/.nondex"/>
    <property name="nondexJarDir" value="/home/alex/Repositories/hive/beeline/.nondex"/>
    <property name="mapred.job.tracker" value="local"/>
    <property name="java.io.tmpdir" value="/home/alex/Repositories/hive/beeline/target/tmp"/>
    <property name="com.zaxxer.hikari.pool_number" value="3"/>
    <property name="java.version" value="1.8.0_402"/>
    <property name="hive.version" value="4.0.0-SNAPSHOT"/>
    <property name="java.vm.specification.name" value="Java Virtual Machine Specification"/>
    <property name="java.awt.printerjob" value="sun.print.PSPrinterJob"/>
    <property name="sun.os.patch.level" value="unknown"/>
    <property name="java.library.path" value="/usr/java/packages/lib/amd64:/usr/lib/x86_64-linux-gnu/jni:/lib/x86_64-linux-gnu:/usr/lib/x86_64-linux-gnu:/usr/lib/jni:/lib:/usr/lib"/>
    <property name="test.data.dir" value="/home/alex/Repositories/hive/beeline/../data/files"/>
    <property name="java.vendor" value="Private Build"/>
    <property name="java.specification.maintenance.version" value="5"/>
    <property name="xxx" value="5"/>
    <property name="sun.io.unicode.encoding" value="UnicodeLittle"/>
    <property name="initScript" value=""/>
    <property name="sun.desktop" value="gnome"/>
    <property name="calcite.enable.rexnode.digest.normalize" value="false"/>
    <property name="file.encoding.pkg" value="sun.io"/>
    <property name="nondexStart" value="0"/>
    <property name="log4j.configurationFile" value="file:///home/alex/Repositories/hive/beeline/target/testconf/hive-log4j2.properties"/>
    <property name="java.class.path" value="/home/alex/Repositories/hive/beeline/target/test-classes:/home/alex/Repositories/hive/beeline/target/classes:/home/alex/Repositories/hive/common/target/classes:/home/alex/Repositories/hive/classification/target/classes:/home/alex/Repositories/hive/storage-api/target/classes:/home/alex/Repositories/hive/standalone-metastore/metastore-common/target/classes:/home/alex/.m2/repository/com/github/ben-manes/caffeine/caffeine/2.8.4/caffeine-2.8.4.jar:/home/alex/.m2/repository/org/checkerframework/checker-qual/3.4.0/checker-qual-3.4.0.jar:/home/alex/.m2/repository/com/google/errorprone/error_prone_annotations/2.3.4/error_prone_annotations-2.3.4.jar:/home/alex/.m2/repository/com/google/guava/guava/19.0/guava-19.0.jar:/home/alex/.m2/repository/org/apache/commons/commons-lang3/3.9/commons-lang3-3.9.jar:/home/alex/.m2/repository/org/apache/commons/commons-math3/3.6.1/commons-math3-3.6.1.jar:/home/alex/.m2/repository/org/apache/orc/orc-core/1.6.9/orc-core-1.6.9.jar:/home/alex/.m2/repository/org/apache/orc/orc-shims/1.6.9/orc-shims-1.6.9.jar:/home/alex/.m2/repository/io/airlift/aircompressor/0.19/aircompressor-0.19.jar:/home/alex/.m2/repository/javax/xml/bind/jaxb-api/2.2.11/jaxb-api-2.2.11.jar:/home/alex/.m2/repository/org/jetbrains/annotations/17.0.0/annotations-17.0.0.jar:/home/alex/.m2/repository/org/threeten/threeten-extra/1.5.0/threeten-extra-1.5.0.jar:/home/alex/.m2/repository/javax/servlet/javax.servlet-api/3.1.0/javax.servlet-api-3.1.0.jar:/home/alex/.m2/repository/org/eclipse/jetty/jetty-http/9.3.27.v20190418/jetty-http-9.3.27.v20190418.jar:/home/alex/.m2/repository/org/eclipse/jetty/jetty-rewrite/9.3.27.v20190418/jetty-rewrite-9.3.27.v20190418.jar:/home/alex/.m2/repository/org/eclipse/jetty/jetty-client/9.3.27.v20190418/jetty-client-9.3.27.v20190418.jar:/home/alex/.m2/repository/org/eclipse/jetty/jetty-server/9.3.27.v20190418/jetty-server-9.3.27.v20190418.jar:/home/alex/.m2/repository/org/eclipse/jetty/jetty-io/9.3.27.v20190418/jetty-io-9.3.27.v20190418.jar:/home/alex/.m2/repository/org/eclipse/jetty/jetty-servlet/9.3.27.v20190418/jetty-servlet-9.3.27.v20190418.jar:/home/alex/.m2/repository/org/eclipse/jetty/jetty-security/9.3.27.v20190418/jetty-security-9.3.27.v20190418.jar:/home/alex/.m2/repository/org/eclipse/jetty/jetty-webapp/9.3.27.v20190418/jetty-webapp-9.3.27.v20190418.jar:/home/alex/.m2/repository/org/eclipse/jetty/jetty-xml/9.3.27.v20190418/jetty-xml-9.3.27.v20190418.jar:/home/alex/.m2/repository/joda-time/joda-time/2.9.9/joda-time-2.9.9.jar:/home/alex/.m2/repository/org/apache/logging/log4j/log4j-1.2-api/2.13.2/log4j-1.2-api-2.13.2.jar:/home/alex/.m2/repository/org/apache/logging/log4j/log4j-web/2.13.2/log4j-web-2.13.2.jar:/home/alex/.m2/repository/org/apache/commons/commons-compress/1.21/commons-compress-1.21.jar:/home/alex/.m2/repository/org/apache/ant/ant/1.9.1/ant-1.9.1.jar:/home/alex/.m2/repository/org/apache/ant/ant-launcher/1.9.1/ant-launcher-1.9.1.jar:/home/alex/.m2/repository/net/sf/jpam/jpam/1.1/jpam-1.1.jar:/home/alex/.m2/repository/com/tdunning/json/1.8/json-1.8.jar:/home/alex/.m2/repository/io/dropwizard/metrics/metrics-core/3.1.0/metrics-core-3.1.0.jar:/home/alex/.m2/repository/io/dropwizard/metrics/metrics-jvm/3.1.0/metrics-jvm-3.1.0.jar:/home/alex/.m2/repository/io/dropwizard/metrics/metrics-json/3.1.0/metrics-json-3.1.0.jar:/home/alex/.m2/repository/com/fasterxml/jackson/core/jackson-databind/2.12.0/jackson-databind-2.12.0.jar:/home/alex/.m2/repository/com/github/joshelser/dropwizard-metrics-hadoop-metrics2-reporter/0.1.2/dropwizard-metrics-hadoop-metrics2-reporter-0.1.2.jar:/home/alex/.m2/repository/javolution/javolution/5.5.1/javolution-5.5.1.jar:/home/alex/Repositories/hive/metastore/target/classes:/home/alex/Repositories/hive/serde/target/classes:/home/alex/.m2/repository/org/apache/arrow/arrow-vector/0.15.1/arrow-vector-0.15.1.jar:/home/alex/.m2/repository/org/apache/arrow/arrow-format/0.15.1/arrow-format-0.15.1.jar:/home/alex/.m2/repository/org/apache/arrow/arrow-memory/0.15.1/arrow-memory-0.15.1.jar:/home/alex/.m2/repository/com/google/flatbuffers/flatbuffers-java/1.9.0/flatbuffers-java-1.9.0.jar:/home/alex/.m2/repository/com/carrotsearch/hppc/0.7.2/hppc-0.7.2.jar:/home/alex/.m2/repository/com/github/davidmoten/flatbuffers-java/1.6.0.1/flatbuffers-java-1.6.0.1.jar:/home/alex/.m2/repository/org/apache/derby/derby/10.14.1.0/derby-10.14.1.0.jar:/home/alex/.m2/repository/org/antlr/antlr-runtime/3.5.2/antlr-runtime-3.5.2.jar:/home/alex/.m2/repository/org/apache/thrift/libfb303/0.9.3/libfb303-0.9.3.jar:/home/alex/Repositories/hive/shims/aggregator/target/classes:/home/alex/Repositories/hive/shims/common/target/classes:/home/alex/Repositories/hive/shims/0.23/target/classes:/home/alex/.m2/repository/org/apache/hadoop/hadoop-yarn-server-resourcemanager/3.1.0/hadoop-yarn-server-resourcemanager-3.1.0.jar:/home/alex/.m2/repository/org/eclipse/jetty/jetty-util-ajax/9.3.19.v20170502/jetty-util-ajax-9.3.19.v20170502.jar:/home/alex/.m2/repository/org/apache/hadoop/hadoop-yarn-server-common/3.1.0/hadoop-yarn-server-common-3.1.0.jar:/home/alex/.m2/repository/org/apache/geronimo/specs/geronimo-jcache_1.0_spec/1.0-alpha-1/geronimo-jcache_1.0_spec-1.0-alpha-1.jar:/home/alex/.m2/repository/org/ehcache/ehcache/3.3.1/ehcache-3.3.1.jar:/home/alex/.m2/repository/com/zaxxer/HikariCP-java7/2.4.12/HikariCP-java7-2.4.12.jar:/home/alex/.m2/repository/org/apache/hadoop/hadoop-yarn-server-applicationhistoryservice/3.1.0/hadoop-yarn-server-applicationhistoryservice-3.1.0.jar:/home/alex/.m2/repository/de/ruedigermoeller/fst/2.50/fst-2.50.jar:/home/alex/.m2/repository/com/cedarsoftware/java-util/1.9.0/java-util-1.9.0.jar:/home/alex/.m2/repository/com/cedarsoftware/json-io/2.5.1/json-io-2.5.1.jar:/home/alex/.m2/repository/org/apache/hadoop/hadoop-yarn-server-web-proxy/3.1.0/hadoop-yarn-server-web-proxy-3.1.0.jar:/home/alex/.m2/repository/org/fusesource/leveldbjni/leveldbjni-all/1.8/leveldbjni-all-1.8.jar:/home/alex/Repositories/hive/shims/scheduler/target/classes:/home/alex/Repositories/hive/jdbc/target/classes:/home/alex/Repositories/hive/llap-client/target/classes:/home/alex/Repositories/hive/llap-common/target/classes:/home/alex/.m2/repository/io/jsonwebtoken/jjwt-api/0.10.5/jjwt-api-0.10.5.jar:/home/alex/.m2/repository/io/jsonwebtoken/jjwt-impl/0.10.5/jjwt-impl-0.10.5.jar:/home/alex/.m2/repository/io/jsonwebtoken/jjwt-jackson/0.10.5/jjwt-jackson-0.10.5.jar:/home/alex/Repositories/hive/service-rpc/target/classes:/home/alex/.m2/repository/org/apache/httpcomponents/httpclient/4.5.13/httpclient-4.5.13.jar:/home/alex/.m2/repository/org/apache/httpcomponents/httpcore/4.4.13/httpcore-4.4.13.jar:/home/alex/.m2/repository/org/apache/zookeeper/zookeeper/3.5.5/zookeeper-3.5.5.jar:/home/alex/.m2/repository/org/apache/zookeeper/zookeeper-jute/3.5.5/zookeeper-jute-3.5.5.jar:/home/alex/.m2/repository/org/apache/yetus/audience-annotations/0.5.0/audience-annotations-0.5.0.jar:/home/alex/.m2/repository/org/apache/curator/curator-framework/4.2.0/curator-framework-4.2.0.jar:/home/alex/Repositories/hive/standalone-metastore/metastore-server/target/classes:/home/alex/.m2/repository/com/google/protobuf/protobuf-java/2.5.0/protobuf-java-2.5.0.jar:/home/alex/.m2/repository/com/zaxxer/HikariCP/2.6.1/HikariCP-2.6.1.jar:/home/alex/.m2/repository/org/apache/commons/commons-dbcp2/2.7.0/commons-dbcp2-2.7.0.jar:/home/alex/.m2/repository/org/apache/commons/commons-pool2/2.7.0/commons-pool2-2.7.0.jar:/home/alex/.m2/repository/commons-beanutils/commons-beanutils/1.9.4/commons-beanutils-1.9.4.jar:/home/alex/.m2/repository/org/apache/logging/log4j/log4j-core/2.13.2/log4j-core-2.13.2.jar:/home/alex/.m2/repository/org/datanucleus/datanucleus-api-jdo/5.2.4/datanucleus-api-jdo-5.2.4.jar:/home/alex/.m2/repository/org/datanucleus/datanucleus-core/5.2.4/datanucleus-core-5.2.4.jar:/home/alex/.m2/repository/org/datanucleus/datanucleus-rdbms/5.2.4/datanucleus-rdbms-5.2.4.jar:/home/alex/.m2/repository/org/datanucleus/javax.jdo/3.2.0-release/javax.jdo-3.2.0-release.jar:/home/alex/.m2/repository/javax/transaction/javax.transaction-api/1.3/javax.transaction-api-1.3.jar:/home/alex/.m2/repository/org/glassfish/corba/glassfish-corba-omgapi/4.2.2/glassfish-corba-omgapi-4.2.2.jar:/home/alex/.m2/repository/sqlline/sqlline/1.9.0/sqlline-1.9.0.jar:/home/alex/.m2/repository/org/jline/jline-terminal/3.12.1/jline-terminal-3.12.1.jar:/home/alex/.m2/repository/org/jline/jline-reader/3.12.1/jline-reader-3.12.1.jar:/home/alex/.m2/repository/org/jline/jline-terminal-jansi/3.12.1/jline-terminal-jansi-3.12.1.jar:/home/alex/.m2/repository/org/fusesource/jansi/jansi/1.18/jansi-1.18.jar:/home/alex/.m2/repository/org/jline/jline-terminal-jna/3.12.1/jline-terminal-jna-3.12.1.jar:/home/alex/.m2/repository/net/java/dev/jna/jna/5.3.1/jna-5.3.1.jar:/home/alex/.m2/repository/org/jline/jline-builtins/3.12.1/jline-builtins-3.12.1.jar:/home/alex/.m2/repository/org/jline/jline-style/3.12.1/jline-style-3.12.1.jar:/home/alex/.m2/repository/commons-logging/commons-logging/1.1.3/commons-logging-1.1.3.jar:/home/alex/.m2/repository/com/cronutils/cron-utils/9.1.3/cron-utils-9.1.3.jar:/home/alex/.m2/repository/org/glassfish/javax.el/3.0.0/javax.el-3.0.0.jar:/home/alex/.m2/repository/com/oracle/database/jdbc/ojdbc8/21.3.0.0/ojdbc8-21.3.0.0.jar:/home/alex/.m2/repository/mysql/mysql-connector-java/8.0.27/mysql-connector-java-8.0.27.jar:/home/alex/.m2/repository/com/microsoft/sqlserver/mssql-jdbc/6.2.1.jre8/mssql-jdbc-6.2.1.jre8.jar:/home/alex/.m2/repository/commons-cli/commons-cli/1.4/commons-cli-1.4.jar:/home/alex/.m2/repository/commons-io/commons-io/2.6/commons-io-2.6.jar:/home/alex/.m2/repository/com/fasterxml/jackson/core/jackson-core/2.12.0/jackson-core-2.12.0.jar:/home/alex/.m2/repository/jline/jline/2.14.6/jline-2.14.6.jar:/home/alex/.m2/repository/org/apache/hadoop/hadoop-common/3.1.0/hadoop-common-3.1.0.jar:/home/alex/.m2/repository/org/apache/hadoop/hadoop-annotations/3.1.0/hadoop-annotations-3.1.0.jar:/usr/lib/jvm/java-8-openjdk-amd64/jre/../lib/tools.jar:/home/alex/.m2/repository/commons-codec/commons-codec/1.15/commons-codec-1.15.jar:/home/alex/.m2/repository/commons-net/commons-net/3.6/commons-net-3.6.jar:/home/alex/.m2/repository/commons-collections/commons-collections/3.2.2/commons-collections-3.2.2.jar:/home/alex/.m2/repository/org/eclipse/jetty/jetty-util/9.3.27.v20190418/jetty-util-9.3.27.v20190418.jar:/home/alex/.m2/repository/javax/servlet/jsp/jsp-api/2.1/jsp-api-2.1.jar:/home/alex/.m2/repository/com/sun/jersey/jersey-core/1.19/jersey-core-1.19.jar:/home/alex/.m2/repository/javax/ws/rs/jsr311-api/1.1.1/jsr311-api-1.1.1.jar:/home/alex/.m2/repository/com/sun/jersey/jersey-servlet/1.19/jersey-servlet-1.19.jar:/home/alex/.m2/repository/com/sun/jersey/jersey-json/1.19/jersey-json-1.19.jar:/home/alex/.m2/repository/org/codehaus/jettison/jettison/1.1/jettison-1.1.jar:/home/alex/.m2/repository/com/sun/xml/bind/jaxb-impl/2.2.3-1/jaxb-impl-2.2.3-1.jar:/home/alex/.m2/repository/org/codehaus/jackson/jackson-core-asl/1.9.2/jackson-core-asl-1.9.2.jar:/home/alex/.m2/repository/org/codehaus/jackson/jackson-mapper-asl/1.9.2/jackson-mapper-asl-1.9.2.jar:/home/alex/.m2/repository/org/codehaus/jackson/jackson-jaxrs/1.9.2/jackson-jaxrs-1.9.2.jar:/home/alex/.m2/repository/org/codehaus/jackson/jackson-xc/1.9.2/jackson-xc-1.9.2.jar:/home/alex/.m2/repository/com/sun/jersey/jersey-server/1.19/jersey-server-1.19.jar:/home/alex/.m2/repository/commons-lang/commons-lang/2.6/commons-lang-2.6.jar:/home/alex/.m2/repository/org/apache/commons/commons-configuration2/2.1.1/commons-configuration2-2.1.1.jar:/home/alex/.m2/repository/org/apache/avro/avro/1.8.2/avro-1.8.2.jar:/home/alex/.m2/repository/com/thoughtworks/paranamer/paranamer/2.8/paranamer-2.8.jar:/home/alex/.m2/repository/org/xerial/snappy/snappy-java/1.1.4/snappy-java-1.1.4.jar:/home/alex/.m2/repository/org/tukaani/xz/1.5/xz-1.5.jar:/home/alex/.m2/repository/com/google/re2j/re2j/1.2/re2j-1.2.jar:/home/alex/.m2/repository/com/google/code/gson/gson/2.2.4/gson-2.2.4.jar:/home/alex/.m2/repository/org/apache/hadoop/hadoop-auth/3.1.0/hadoop-auth-3.1.0.jar:/home/alex/.m2/repository/com/nimbusds/nimbus-jose-jwt/4.41.1/nimbus-jose-jwt-4.41.1.jar:/home/alex/.m2/repository/com/github/stephenc/jcip/jcip-annotations/1.0-1/jcip-annotations-1.0-1.jar:/home/alex/.m2/repository/net/minidev/json-smart/2.3/json-smart-2.3.jar:/home/alex/.m2/repository/net/minidev/accessors-smart/1.2/accessors-smart-1.2.jar:/home/alex/.m2/repository/com/jcraft/jsch/0.1.54/jsch-0.1.54.jar:/home/alex/.m2/repository/com/google/code/findbugs/jsr305/3.0.0/jsr305-3.0.0.jar:/home/alex/.m2/repository/org/apache/htrace/htrace-core4/4.1.0-incubating/htrace-core4-4.1.0-incubating.jar:/home/alex/.m2/repository/org/apache/kerby/kerb-simplekdc/1.0.1/kerb-simplekdc-1.0.1.jar:/home/alex/.m2/repository/org/apache/kerby/kerb-client/1.0.1/kerb-client-1.0.1.jar:/home/alex/.m2/repository/org/apache/kerby/kerby-config/1.0.1/kerby-config-1.0.1.jar:/home/alex/.m2/repository/org/apache/kerby/kerb-core/1.0.1/kerb-core-1.0.1.jar:/home/alex/.m2/repository/org/apache/kerby/kerby-pkix/1.0.1/kerby-pkix-1.0.1.jar:/home/alex/.m2/repository/org/apache/kerby/kerby-asn1/1.0.1/kerby-asn1-1.0.1.jar:/home/alex/.m2/repository/org/apache/kerby/kerby-util/1.0.1/kerby-util-1.0.1.jar:/home/alex/.m2/repository/org/apache/kerby/kerb-common/1.0.1/kerb-common-1.0.1.jar:/home/alex/.m2/repository/org/apache/kerby/kerb-crypto/1.0.1/kerb-crypto-1.0.1.jar:/home/alex/.m2/repository/org/apache/kerby/kerb-util/1.0.1/kerb-util-1.0.1.jar:/home/alex/.m2/repository/org/apache/kerby/token-provider/1.0.1/token-provider-1.0.1.jar:/home/alex/.m2/repository/org/apache/kerby/kerb-admin/1.0.1/kerb-admin-1.0.1.jar:/home/alex/.m2/repository/org/apache/kerby/kerb-server/1.0.1/kerb-server-1.0.1.jar:/home/alex/.m2/repository/org/apache/kerby/kerb-identity/1.0.1/kerb-identity-1.0.1.jar:/home/alex/.m2/repository/org/apache/kerby/kerby-xdr/1.0.1/kerby-xdr-1.0.1.jar:/home/alex/.m2/repository/org/codehaus/woodstox/stax2-api/3.1.4/stax2-api-3.1.4.jar:/home/alex/.m2/repository/com/fasterxml/woodstox/woodstox-core/5.0.3/woodstox-core-5.0.3.jar:/home/alex/.m2/repository/org/apache/thrift/libthrift/0.14.1/libthrift-0.14.1.jar:/home/alex/.m2/repository/org/apache/tomcat/embed/tomcat-embed-core/8.5.46/tomcat-embed-core-8.5.46.jar:/home/alex/.m2/repository/org/apache/tomcat/tomcat-annotations-api/8.5.46/tomcat-annotations-api-8.5.46.jar:/home/alex/.m2/repository/javax/annotation/javax.annotation-api/1.3.2/javax.annotation-api-1.3.2.jar:/home/alex/.m2/repository/net/sf/supercsv/super-csv/2.2.0/super-csv-2.2.0.jar:/home/alex/.m2/repository/org/apache/logging/log4j/log4j-slf4j-impl/2.13.2/log4j-slf4j-impl-2.13.2.jar:/home/alex/.m2/repository/org/apache/logging/log4j/log4j-api/2.13.2/log4j-api-2.13.2.jar:/home/alex/Repositories/hive/ql/target/test-classes:/home/alex/.m2/repository/org/apache/atlas/atlas-client-v2/2.1.0/atlas-client-v2-2.1.0.jar:/home/alex/.m2/repository/cglib/cglib/2.2.2/cglib-2.2.2.jar:/home/alex/.m2/repository/asm/asm/3.3.1/asm-3.3.1.jar:/home/alex/.m2/repository/org/apache/atlas/atlas-client-common/2.1.0/atlas-client-common-2.1.0.jar:/home/alex/.m2/repository/com/sun/jersey/jersey-client/1.19/jersey-client-1.19.jar:/home/alex/.m2/repository/org/apache/atlas/atlas-intg/2.1.0/atlas-intg-2.1.0.jar:/home/alex/.m2/repository/commons-validator/commons-validator/1.6/commons-validator-1.6.jar:/home/alex/.m2/repository/commons-digester/commons-digester/1.8.1/commons-digester-1.8.1.jar:/home/alex/.m2/repository/com/fasterxml/jackson/jaxrs/jackson-jaxrs-base/2.12.0/jackson-jaxrs-base-2.12.0.jar:/home/alex/.m2/repository/com/fasterxml/jackson/jaxrs/jackson-jaxrs-json-provider/2.12.0/jackson-jaxrs-json-provider-2.12.0.jar:/home/alex/.m2/repository/javax/inject/javax.inject/1/javax.inject-1.jar:/home/alex/.m2/repository/org/springframework/spring-context/4.3.20.RELEASE/spring-context-4.3.20.RELEASE.jar:/home/alex/.m2/repository/org/springframework/spring-aop/4.3.20.RELEASE/spring-aop-4.3.20.RELEASE.jar:/home/alex/.m2/repository/org/springframework/spring-beans/4.3.20.RELEASE/spring-beans-4.3.20.RELEASE.jar:/home/alex/.m2/repository/org/springframework/spring-core/4.3.20.RELEASE/spring-core-4.3.20.RELEASE.jar:/home/alex/.m2/repository/org/springframework/spring-expression/4.3.20.RELEASE/spring-expression-4.3.20.RELEASE.jar:/home/alex/.m2/repository/commons-configuration/commons-configuration/1.10/commons-configuration-1.10.jar:/home/alex/Repositories/hive/vector-code-gen/target/classes:/home/alex/.m2/repository/org/apache/velocity/velocity/1.5/velocity-1.5.jar:/home/alex/.m2/repository/oro/oro/2.0.8/oro-2.0.8.jar:/home/alex/Repositories/hive/parser/target/classes:/home/alex/Repositories/hive/udf/target/classes:/home/alex/Repositories/hive/llap-tez/target/classes:/home/alex/Repositories/hive/spark-client/target/classes:/home/alex/.m2/repository/io/netty/netty-all/4.1.65.Final/netty-all-4.1.65.Final.jar:/home/alex/.m2/repository/com/fasterxml/jackson/module/jackson-module-scala_2.12/2.12.0/jackson-module-scala_2.12-2.12.0.jar:/home/alex/.m2/repository/org/scala-lang/scala-library/2.12.10/scala-library-2.12.10.jar:/home/alex/.m2/repository/org/apache/spark/spark-core_2.12/2.4.5/spark-core_2.12-2.4.5.jar:/home/alex/.m2/repository/com/twitter/chill_2.12/0.9.3/chill_2.12-0.9.3.jar:/home/alex/.m2/repository/com/twitter/chill-java/0.9.3/chill-java-0.9.3.jar:/home/alex/.m2/repository/org/apache/xbean/xbean-asm6-shaded/4.8/xbean-asm6-shaded-4.8.jar:/home/alex/.m2/repository/org/apache/hadoop/hadoop-client/3.1.0/hadoop-client-3.1.0.jar:/home/alex/.m2/repository/org/apache/hadoop/hadoop-mapreduce-client-jobclient/3.1.0/hadoop-mapreduce-client-jobclient-3.1.0.jar:/home/alex/.m2/repository/org/apache/hadoop/hadoop-mapreduce-client-common/3.1.0/hadoop-mapreduce-client-common-3.1.0.jar:/home/alex/.m2/repository/org/apache/spark/spark-launcher_2.12/2.4.5/spark-launcher_2.12-2.4.5.jar:/home/alex/.m2/repository/org/apache/spark/spark-kvstore_2.12/2.4.5/spark-kvstore_2.12-2.4.5.jar:/home/alex/.m2/repository/org/apache/spark/spark-network-common_2.12/2.4.5/spark-network-common_2.12-2.4.5.jar:/home/alex/.m2/repository/org/apache/spark/spark-network-shuffle_2.12/2.4.5/spark-network-shuffle_2.12-2.4.5.jar:/home/alex/.m2/repository/org/apache/spark/spark-unsafe_2.12/2.4.5/spark-unsafe_2.12-2.4.5.jar:/home/alex/.m2/repository/javax/activation/activation/1.1.1/activation-1.1.1.jar:/home/alex/.m2/repository/org/slf4j/jul-to-slf4j/1.7.16/jul-to-slf4j-1.7.16.jar:/home/alex/.m2/repository/org/slf4j/jcl-over-slf4j/1.7.16/jcl-over-slf4j-1.7.16.jar:/home/alex/.m2/repository/com/ning/compress-lzf/1.0.3/compress-lzf-1.0.3.jar:/home/alex/.m2/repository/org/roaringbitmap/RoaringBitmap/0.7.45/RoaringBitmap-0.7.45.jar:/home/alex/.m2/repository/org/roaringbitmap/shims/0.7.45/shims-0.7.45.jar:/home/alex/.m2/repository/org/json4s/json4s-jackson_2.12/3.5.3/json4s-jackson_2.12-3.5.3.jar:/home/alex/.m2/repository/org/json4s/json4s-core_2.12/3.5.3/json4s-core_2.12-3.5.3.jar:/home/alex/.m2/repository/org/json4s/json4s-ast_2.12/3.5.3/json4s-ast_2.12-3.5.3.jar:/home/alex/.m2/repository/org/json4s/json4s-scalap_2.12/3.5.3/json4s-scalap_2.12-3.5.3.jar:/home/alex/.m2/repository/org/scala-lang/modules/scala-xml_2.12/1.0.6/scala-xml_2.12-1.0.6.jar:/home/alex/.m2/repository/com/clearspring/analytics/stream/2.7.0/stream-2.7.0.jar:/home/alex/.m2/repository/io/dropwizard/metrics/metrics-graphite/3.1.5/metrics-graphite-3.1.5.jar:/home/alex/.m2/repository/net/razorvine/pyrolite/4.13/pyrolite-4.13.jar:/home/alex/.m2/repository/net/sf/py4j/py4j/0.10.7/py4j-0.10.7.jar:/home/alex/.m2/repository/org/apache/spark/spark-tags_2.12/2.4.5/spark-tags_2.12-2.4.5.jar:/home/alex/.m2/repository/org/apache/commons/commons-crypto/1.0.0/commons-crypto-1.0.0.jar:/home/alex/.m2/repository/org/spark-project/spark/unused/1.0.0/unused-1.0.0.jar:/home/alex/.m2/repository/org/apache/spark/spark-yarn_2.12/2.4.5/spark-yarn_2.12-2.4.5.jar:/home/alex/.m2/repository/com/amazonaws/secretsmanager/aws-secretsmanager-caching-java/1.0.1/aws-secretsmanager-caching-java-1.0.1.jar:/home/alex/.m2/repository/com/esotericsoftware/kryo/5.0.3/kryo-5.0.3.jar:/home/alex/.m2/repository/com/esotericsoftware/minlog/1.3.1/minlog-1.3.1.jar:/home/alex/.m2/repository/com/esotericsoftware/reflectasm/1.11.9/reflectasm-1.11.9.jar:/home/alex/.m2/repository/org/apache/parquet/parquet-hadoop-bundle/1.11.1/parquet-hadoop-bundle-1.11.1.jar:/home/alex/.m2/repository/org/apache/commons/commons-collections4/4.1/commons-collections4-4.1.jar:/home/alex/.m2/repository/org/apache/commons/commons-text/1.8/commons-text-1.8.jar:/home/alex/.m2/repository/org/antlr/ST4/4.0.4/ST4-4.0.4.jar:/home/alex/.m2/repository/org/apache/avro/avro-mapred/1.8.2/avro-mapred-1.8.2-hadoop2.jar:/home/alex/.m2/repository/org/apache/avro/avro-ipc/1.8.2/avro-ipc-1.8.2.jar:/home/alex/.m2/repository/org/mortbay/jetty/jetty/6.1.26/jetty-6.1.26.jar:/home/alex/.m2/repository/org/apache/hadoop/hadoop-yarn-registry/3.1.0/hadoop-yarn-registry-3.1.0.jar:/home/alex/.m2/repository/org/apache/hadoop/hadoop-yarn-api/3.1.0/hadoop-yarn-api-3.1.0.jar:/home/alex/.m2/repository/commons-daemon/commons-daemon/1.0.13/commons-daemon-1.0.13.jar:/home/alex/.m2/repository/dnsjava/dnsjava/2.1.7/dnsjava-2.1.7.jar:/home/alex/.m2/repository/org/apache/orc/orc-tools/1.6.9/orc-tools-1.6.9.jar:/home/alex/.m2/repository/com/opencsv/opencsv/3.9/opencsv-3.9.jar:/home/alex/.m2/repository/org/apache/hadoop/hadoop-hdfs/3.1.0/hadoop-hdfs-3.1.0.jar:/home/alex/.m2/repository/org/threeten/threetenbp/1.3.5/threetenbp-1.3.5.jar:/home/alex/.m2/repository/org/apache/ivy/ivy/2.4.0/ivy-2.4.0.jar:/home/alex/.m2/repository/org/apache/datasketches/datasketches-hive/1.1.0-incubating/datasketches-hive-1.1.0-incubating.jar:/home/alex/.m2/repository/org/apache/datasketches/datasketches-java/1.3.0-incubating/datasketches-java-1.3.0-incubating.jar:/home/alex/.m2/repository/org/apache/datasketches/datasketches-memory/1.2.0-incubating/datasketches-memory-1.2.0-incubating.jar:/home/alex/.m2/repository/org/slf4j/slf4j-simple/1.7.27/slf4j-simple-1.7.27.jar:/home/alex/.m2/repository/org/codehaus/groovy/groovy-all/2.4.11/groovy-all-2.4.11.jar:/home/alex/.m2/repository/org/jodd/jodd-util/6.0.0/jodd-util-6.0.0.jar:/home/alex/.m2/repository/com/fasterxml/jackson/core/jackson-annotations/2.12.0/jackson-annotations-2.12.0.jar:/home/alex/.m2/repository/com/fasterxml/jackson/dataformat/jackson-dataformat-yaml/2.12.0/jackson-dataformat-yaml-2.12.0.jar:/home/alex/.m2/repository/org/yaml/snakeyaml/1.27/snakeyaml-1.27.jar:/home/alex/.m2/repository/org/apache/calcite/calcite-core/1.25.0/calcite-core-1.25.0.jar:/home/alex/.m2/repository/org/apache/calcite/calcite-linq4j/1.25.0/calcite-linq4j-1.25.0.jar:/home/alex/.m2/repository/com/esri/geometry/esri-geometry-api/2.2.0/esri-geometry-api-2.2.0.jar:/home/alex/.m2/repository/com/yahoo/datasketches/sketches-core/0.9.0/sketches-core-0.9.0.jar:/home/alex/.m2/repository/com/yahoo/datasketches/memory/0.9.0/memory-0.9.0.jar:/home/alex/.m2/repository/org/apache/calcite/calcite-druid/1.25.0/calcite-druid-1.25.0.jar:/home/alex/.m2/repository/org/apache/calcite/avatica/avatica/1.12.0/avatica-1.12.0.jar:/home/alex/.m2/repository/com/googlecode/javaewah/JavaEWAH/0.3.2/JavaEWAH-0.3.2.jar:/home/alex/.m2/repository/stax/stax-api/1.0.1/stax-api-1.0.1.jar:/home/alex/.m2/repository/net/sf/opencsv/opencsv/2.3/opencsv-2.3.jar:/home/alex/.m2/repository/org/reflections/reflections/0.9.10/reflections-0.9.10.jar:/home/alex/.m2/repository/org/javassist/javassist/3.19.0-GA/javassist-3.19.0-GA.jar:/home/alex/.m2/repository/com/jayway/jsonpath/json-path/2.4.0/json-path-2.4.0.jar:/home/alex/.m2/repository/org/codehaus/janino/commons-compiler/3.0.11/commons-compiler-3.0.11.jar:/home/alex/.m2/repository/org/codehaus/janino/janino/3.0.11/janino-3.0.11.jar:/home/alex/.m2/repository/com/sun/jersey/contribs/jersey-multipart/1.19/jersey-multipart-1.19.jar:/home/alex/.m2/repository/org/jvnet/mimepull/mimepull/1.9.3/mimepull-1.9.3.jar:/home/alex/.m2/repository/org/apache/kafka/kafka-clients/2.5.0/kafka-clients-2.5.0.jar:/home/alex/.m2/repository/com/github/luben/zstd-jni/1.4.4-7/zstd-jni-1.4.4-7.jar:/home/alex/.m2/repository/org/lz4/lz4-java/1.7.1/lz4-java-1.7.1.jar:/home/alex/Repositories/hive/service/target/classes:/home/alex/Repositories/hive/ql/target/classes:/home/alex/Repositories/hive/llap-server/target/classes:/home/alex/.m2/repository/com/lmax/disruptor/3.3.7/disruptor-3.3.7.jar:/home/alex/Repositories/hive/llap-common/target/test-classes:/home/alex/Repositories/hive/hplsql/target/classes:/home/alex/.m2/repository/org/antlr/antlr4-runtime/4.5/antlr4-runtime-4.5.jar:/home/alex/.m2/repository/org/abego/treelayout/org.abego.treelayout.core/1.0.1/org.abego.treelayout.core-1.0.1.jar:/home/alex/.m2/repository/javax/servlet/jsp/javax.servlet.jsp-api/2.3.1/javax.servlet.jsp-api-2.3.1.jar:/home/alex/.m2/repository/org/eclipse/jetty/jetty-runner/9.3.27.v20190418/jetty-runner-9.3.27.v20190418.jar:/home/alex/.m2/repository/org/eclipse/jetty/jetty-plus/9.3.27.v20190418/jetty-plus-9.3.27.v20190418.jar:/home/alex/.m2/repository/org/eclipse/jetty/jetty-annotations/9.3.27.v20190418/jetty-annotations-9.3.27.v20190418.jar:/home/alex/.m2/repository/org/ow2/asm/asm/6.0/asm-6.0.jar:/home/alex/.m2/repository/org/ow2/asm/asm-commons/6.0/asm-commons-6.0.jar:/home/alex/.m2/repository/org/ow2/asm/asm-tree/6.0/asm-tree-6.0.jar:/home/alex/.m2/repository/org/eclipse/jetty/jetty-jaas/9.3.27.v20190418/jetty-jaas-9.3.27.v20190418.jar:/home/alex/.m2/repository/org/eclipse/jetty/websocket/websocket-server/9.3.27.v20190418/websocket-server-9.3.27.v20190418.jar:/home/alex/.m2/repository/org/eclipse/jetty/websocket/websocket-common/9.3.27.v20190418/websocket-common-9.3.27.v20190418.jar:/home/alex/.m2/repository/org/eclipse/jetty/websocket/websocket-api/9.3.27.v20190418/websocket-api-9.3.27.v20190418.jar:/home/alex/.m2/repository/org/eclipse/jetty/websocket/websocket-client/9.3.27.v20190418/websocket-client-9.3.27.v20190418.jar:/home/alex/.m2/repository/org/eclipse/jetty/websocket/websocket-servlet/9.3.27.v20190418/websocket-servlet-9.3.27.v20190418.jar:/home/alex/.m2/repository/org/eclipse/jetty/jetty-jndi/9.3.27.v20190418/jetty-jndi-9.3.27.v20190418.jar:/home/alex/.m2/repository/org/eclipse/jetty/apache-jsp/9.3.27.v20190418/apache-jsp-9.3.27.v20190418.jar:/home/alex/.m2/repository/org/eclipse/jetty/toolchain/jetty-schemas/3.1/jetty-schemas-3.1.jar:/home/alex/.m2/repository/org/eclipse/jdt/core/compiler/ecj/4.4.2/ecj-4.4.2.jar:/home/alex/.m2/repository/org/eclipse/jetty/apache-jstl/9.3.27.v20190418/apache-jstl-9.3.27.v20190418.jar:/home/alex/.m2/repository/org/apache/taglibs/taglibs-standard-spec/1.2.5/taglibs-standard-spec-1.2.5.jar:/home/alex/.m2/repository/org/apache/taglibs/taglibs-standard-impl/1.2.5/taglibs-standard-impl-1.2.5.jar:/home/alex/.m2/repository/org/apache/curator/curator-client/4.2.0/curator-client-4.2.0.jar:/home/alex/.m2/repository/org/apache/curator/curator-recipes/4.2.0/curator-recipes-4.2.0.jar:/home/alex/.m2/repository/org/pac4j/pac4j-saml-opensamlv3/4.0.3/pac4j-saml-opensamlv3-4.0.3.jar:/home/alex/.m2/repository/org/pac4j/pac4j-core/4.0.3/pac4j-core-4.0.3.jar:/home/alex/.m2/repository/org/opensaml/opensaml-core/3.4.5/opensaml-core-3.4.5.jar:/home/alex/.m2/repository/net/shibboleth/utilities/java-support/7.5.1/java-support-7.5.1.jar:/home/alex/.m2/repository/org/opensaml/opensaml-saml-api/3.4.5/opensaml-saml-api-3.4.5.jar:/home/alex/.m2/repository/org/opensaml/opensaml-storage-api/3.4.5/opensaml-storage-api-3.4.5.jar:/home/alex/.m2/repository/org/opensaml/opensaml-saml-impl/3.4.5/opensaml-saml-impl-3.4.5.jar:/home/alex/.m2/repository/org/opensaml/opensaml-soap-impl/3.4.5/opensaml-soap-impl-3.4.5.jar:/home/alex/.m2/repository/org/opensaml/opensaml-soap-api/3.4.5/opensaml-soap-api-3.4.5.jar:/home/alex/.m2/repository/org/opensaml/opensaml-xmlsec-api/3.4.5/opensaml-xmlsec-api-3.4.5.jar:/home/alex/.m2/repository/org/opensaml/opensaml-security-api/3.4.5/opensaml-security-api-3.4.5.jar:/home/alex/.m2/repository/org/opensaml/opensaml-security-impl/3.4.5/opensaml-security-impl-3.4.5.jar:/home/alex/.m2/repository/org/opensaml/opensaml-profile-api/3.4.5/opensaml-profile-api-3.4.5.jar:/home/alex/.m2/repository/org/opensaml/opensaml-profile-impl/3.4.5/opensaml-profile-impl-3.4.5.jar:/home/alex/.m2/repository/org/opensaml/opensaml-messaging-api/3.4.5/opensaml-messaging-api-3.4.5.jar:/home/alex/.m2/repository/org/opensaml/opensaml-messaging-impl/3.4.5/opensaml-messaging-impl-3.4.5.jar:/home/alex/.m2/repository/org/opensaml/opensaml-storage-impl/3.4.5/opensaml-storage-impl-3.4.5.jar:/home/alex/.m2/repository/org/ldaptive/ldaptive/1.0.13/ldaptive-1.0.13.jar:/home/alex/.m2/repository/javax/json/javax.json-api/1.0/javax.json-api-1.0.jar:/home/alex/.m2/repository/net/spy/spymemcached/2.12.3/spymemcached-2.12.3.jar:/home/alex/.m2/repository/org/glassfish/javax.json/1.0.4/javax.json-1.0.4.jar:/home/alex/.m2/repository/org/opensaml/opensaml-xmlsec-impl/3.4.5/opensaml-xmlsec-impl-3.4.5.jar:/home/alex/.m2/repository/org/cryptacular/cryptacular/1.2.4/cryptacular-1.2.4.jar:/home/alex/.m2/repository/net/shibboleth/tool/xmlsectool/2.0.0/xmlsectool-2.0.0.jar:/home/alex/.m2/repository/com/beust/jcommander/1.48/jcommander-1.48.jar:/home/alex/.m2/repository/org/bouncycastle/bcprov-jdk15on/1.64/bcprov-jdk15on-1.64.jar:/home/alex/.m2/repository/org/apache/santuario/xmlsec/2.2.1/xmlsec-2.2.1.jar:/home/alex/.m2/repository/org/jamon/jamon-runtime/2.3.1/jamon-runtime-2.3.1.jar:/home/alex/.m2/repository/org/apache/hadoop/hadoop-mapreduce-client-core/3.1.0/hadoop-mapreduce-client-core-3.1.0.jar:/home/alex/.m2/repository/org/apache/hadoop/hadoop-yarn-client/3.1.0/hadoop-yarn-client-3.1.0.jar:/home/alex/.m2/repository/org/apache/hadoop/hadoop-yarn-common/3.1.0/hadoop-yarn-common-3.1.0.jar:/home/alex/.m2/repository/com/google/inject/guice/4.0/guice-4.0.jar:/home/alex/.m2/repository/aopalliance/aopalliance/1.0/aopalliance-1.0.jar:/home/alex/.m2/repository/com/sun/jersey/contribs/jersey-guice/1.19/jersey-guice-1.19.jar:/home/alex/.m2/repository/com/fasterxml/jackson/module/jackson-module-jaxb-annotations/2.12.0/jackson-module-jaxb-annotations-2.12.0.jar:/home/alex/.m2/repository/jakarta/xml/bind/jakarta.xml.bind-api/2.3.2/jakarta.xml.bind-api-2.3.2.jar:/home/alex/.m2/repository/jakarta/activation/jakarta.activation-api/1.2.1/jakarta.activation-api-1.2.1.jar:/home/alex/.m2/repository/org/apache/hadoop/hadoop-hdfs-client/3.1.0/hadoop-hdfs-client-3.1.0.jar:/home/alex/.m2/repository/com/squareup/okhttp/okhttp/2.7.5/okhttp-2.7.5.jar:/home/alex/.m2/repository/com/squareup/okio/okio/1.6.0/okio-1.6.0.jar:/home/alex/.m2/repository/com/google/inject/extensions/guice-servlet/4.0/guice-servlet-4.0.jar:/home/alex/.m2/repository/junit/junit/4.13/junit-4.13.jar:/home/alex/.m2/repository/org/hamcrest/hamcrest-core/1.3/hamcrest-core-1.3.jar:/home/alex/.m2/repository/org/junit/jupiter/junit-jupiter-engine/5.6.2/junit-jupiter-engine-5.6.2.jar:/home/alex/.m2/repository/org/apiguardian/apiguardian-api/1.1.0/apiguardian-api-1.1.0.jar:/home/alex/.m2/repository/org/junit/platform/junit-platform-engine/1.6.2/junit-platform-engine-1.6.2.jar:/home/alex/.m2/repository/org/opentest4j/opentest4j/1.2.0/opentest4j-1.2.0.jar:/home/alex/.m2/repository/org/junit/platform/junit-platform-commons/1.6.2/junit-platform-commons-1.6.2.jar:/home/alex/.m2/repository/org/junit/jupiter/junit-jupiter-api/5.6.2/junit-jupiter-api-5.6.2.jar:/home/alex/.m2/repository/org/junit/vintage/junit-vintage-engine/5.6.2/junit-vintage-engine-5.6.2.jar:/home/alex/.m2/repository/org/powermock/powermock-module-junit4/2.0.2/powermock-module-junit4-2.0.2.jar:/home/alex/.m2/repository/org/powermock/powermock-module-junit4-common/2.0.2/powermock-module-junit4-common-2.0.2.jar:/home/alex/.m2/repository/org/powermock/powermock-reflect/2.0.2/powermock-reflect-2.0.2.jar:/home/alex/.m2/repository/org/powermock/powermock-core/2.0.2/powermock-core-2.0.2.jar:/home/alex/.m2/repository/org/powermock/powermock-api-mockito2/2.0.2/powermock-api-mockito2-2.0.2.jar:/home/alex/.m2/repository/org/powermock/powermock-api-support/2.0.2/powermock-api-support-2.0.2.jar:/home/alex/.m2/repository/org/postgresql/postgresql/42.2.14/postgresql-42.2.14.jar:/home/alex/.m2/repository/org/slf4j/slf4j-api/1.7.30/slf4j-api-1.7.30.jar:/home/alex/.m2/repository/org/mockito/mockito-core/3.4.4/mockito-core-3.4.4.jar:/home/alex/.m2/repository/net/bytebuddy/byte-buddy/1.10.13/byte-buddy-1.10.13.jar:/home/alex/.m2/repository/net/bytebuddy/byte-buddy-agent/1.10.13/byte-buddy-agent-1.10.13.jar:/home/alex/.m2/repository/org/objenesis/objenesis/2.6/objenesis-2.6.jar:/home/alex/Repositories/hive/beeline/target/testconf:/home/alex/Repositories/hive/beeline/../conf:"/>
    <property name="java.vm.vendor" value="Private Build"/>
    <property name="hadoop.version" value="3.1.0"/>
    <property name="user.timezone" value="US/Pacific"/>
    <property name="test.local.warehouse.dir" value="pfile:///home/alex/Repositories/hive/beeline/target/localfs/warehouse"/>
    <property name="os.name" value="Linux"/>
    <property name="java.vm.specification.version" value="1.8"/>
    <property name="clustermode" value=""/>
    <property name="test.build.data" value="/home/alex/Repositories/hive/beeline/target/tmp"/>
    <property name="user.country" value="US"/>
    <property name="sun.java.launcher" value="SUN_STANDARD"/>
    <property name="test.data.files" value="/home/alex/Repositories/hive/beeline/../data/files"/>
    <property name="nondexLogging" value="CONFIG"/>
    <property name="surefire.test.class.path" value="/home/alex/Repositories/hive/beeline/target/test-classes:/home/alex/Repositories/hive/beeline/target/classes:/home/alex/Repositories/hive/common/target/classes:/home/alex/Repositories/hive/classification/target/classes:/home/alex/Repositories/hive/storage-api/target/classes:/home/alex/Repositories/hive/standalone-metastore/metastore-common/target/classes:/home/alex/.m2/repository/com/github/ben-manes/caffeine/caffeine/2.8.4/caffeine-2.8.4.jar:/home/alex/.m2/repository/org/checkerframework/checker-qual/3.4.0/checker-qual-3.4.0.jar:/home/alex/.m2/repository/com/google/errorprone/error_prone_annotations/2.3.4/error_prone_annotations-2.3.4.jar:/home/alex/.m2/repository/com/google/guava/guava/19.0/guava-19.0.jar:/home/alex/.m2/repository/org/apache/commons/commons-lang3/3.9/commons-lang3-3.9.jar:/home/alex/.m2/repository/org/apache/commons/commons-math3/3.6.1/commons-math3-3.6.1.jar:/home/alex/.m2/repository/org/apache/orc/orc-core/1.6.9/orc-core-1.6.9.jar:/home/alex/.m2/repository/org/apache/orc/orc-shims/1.6.9/orc-shims-1.6.9.jar:/home/alex/.m2/repository/io/airlift/aircompressor/0.19/aircompressor-0.19.jar:/home/alex/.m2/repository/javax/xml/bind/jaxb-api/2.2.11/jaxb-api-2.2.11.jar:/home/alex/.m2/repository/org/jetbrains/annotations/17.0.0/annotations-17.0.0.jar:/home/alex/.m2/repository/org/threeten/threeten-extra/1.5.0/threeten-extra-1.5.0.jar:/home/alex/.m2/repository/javax/servlet/javax.servlet-api/3.1.0/javax.servlet-api-3.1.0.jar:/home/alex/.m2/repository/org/eclipse/jetty/jetty-http/9.3.27.v20190418/jetty-http-9.3.27.v20190418.jar:/home/alex/.m2/repository/org/eclipse/jetty/jetty-rewrite/9.3.27.v20190418/jetty-rewrite-9.3.27.v20190418.jar:/home/alex/.m2/repository/org/eclipse/jetty/jetty-client/9.3.27.v20190418/jetty-client-9.3.27.v20190418.jar:/home/alex/.m2/repository/org/eclipse/jetty/jetty-server/9.3.27.v20190418/jetty-server-9.3.27.v20190418.jar:/home/alex/.m2/repository/org/eclipse/jetty/jetty-io/9.3.27.v20190418/jetty-io-9.3.27.v20190418.jar:/home/alex/.m2/repository/org/eclipse/jetty/jetty-servlet/9.3.27.v20190418/jetty-servlet-9.3.27.v20190418.jar:/home/alex/.m2/repository/org/eclipse/jetty/jetty-security/9.3.27.v20190418/jetty-security-9.3.27.v20190418.jar:/home/alex/.m2/repository/org/eclipse/jetty/jetty-webapp/9.3.27.v20190418/jetty-webapp-9.3.27.v20190418.jar:/home/alex/.m2/repository/org/eclipse/jetty/jetty-xml/9.3.27.v20190418/jetty-xml-9.3.27.v20190418.jar:/home/alex/.m2/repository/joda-time/joda-time/2.9.9/joda-time-2.9.9.jar:/home/alex/.m2/repository/org/apache/logging/log4j/log4j-1.2-api/2.13.2/log4j-1.2-api-2.13.2.jar:/home/alex/.m2/repository/org/apache/logging/log4j/log4j-web/2.13.2/log4j-web-2.13.2.jar:/home/alex/.m2/repository/org/apache/commons/commons-compress/1.21/commons-compress-1.21.jar:/home/alex/.m2/repository/org/apache/ant/ant/1.9.1/ant-1.9.1.jar:/home/alex/.m2/repository/org/apache/ant/ant-launcher/1.9.1/ant-launcher-1.9.1.jar:/home/alex/.m2/repository/net/sf/jpam/jpam/1.1/jpam-1.1.jar:/home/alex/.m2/repository/com/tdunning/json/1.8/json-1.8.jar:/home/alex/.m2/repository/io/dropwizard/metrics/metrics-core/3.1.0/metrics-core-3.1.0.jar:/home/alex/.m2/repository/io/dropwizard/metrics/metrics-jvm/3.1.0/metrics-jvm-3.1.0.jar:/home/alex/.m2/repository/io/dropwizard/metrics/metrics-json/3.1.0/metrics-json-3.1.0.jar:/home/alex/.m2/repository/com/fasterxml/jackson/core/jackson-databind/2.12.0/jackson-databind-2.12.0.jar:/home/alex/.m2/repository/com/github/joshelser/dropwizard-metrics-hadoop-metrics2-reporter/0.1.2/dropwizard-metrics-hadoop-metrics2-reporter-0.1.2.jar:/home/alex/.m2/repository/javolution/javolution/5.5.1/javolution-5.5.1.jar:/home/alex/Repositories/hive/metastore/target/classes:/home/alex/Repositories/hive/serde/target/classes:/home/alex/.m2/repository/org/apache/arrow/arrow-vector/0.15.1/arrow-vector-0.15.1.jar:/home/alex/.m2/repository/org/apache/arrow/arrow-format/0.15.1/arrow-format-0.15.1.jar:/home/alex/.m2/repository/org/apache/arrow/arrow-memory/0.15.1/arrow-memory-0.15.1.jar:/home/alex/.m2/repository/com/google/flatbuffers/flatbuffers-java/1.9.0/flatbuffers-java-1.9.0.jar:/home/alex/.m2/repository/com/carrotsearch/hppc/0.7.2/hppc-0.7.2.jar:/home/alex/.m2/repository/com/github/davidmoten/flatbuffers-java/1.6.0.1/flatbuffers-java-1.6.0.1.jar:/home/alex/.m2/repository/org/apache/derby/derby/10.14.1.0/derby-10.14.1.0.jar:/home/alex/.m2/repository/org/antlr/antlr-runtime/3.5.2/antlr-runtime-3.5.2.jar:/home/alex/.m2/repository/org/apache/thrift/libfb303/0.9.3/libfb303-0.9.3.jar:/home/alex/Repositories/hive/shims/aggregator/target/classes:/home/alex/Repositories/hive/shims/common/target/classes:/home/alex/Repositories/hive/shims/0.23/target/classes:/home/alex/.m2/repository/org/apache/hadoop/hadoop-yarn-server-resourcemanager/3.1.0/hadoop-yarn-server-resourcemanager-3.1.0.jar:/home/alex/.m2/repository/org/eclipse/jetty/jetty-util-ajax/9.3.19.v20170502/jetty-util-ajax-9.3.19.v20170502.jar:/home/alex/.m2/repository/org/apache/hadoop/hadoop-yarn-server-common/3.1.0/hadoop-yarn-server-common-3.1.0.jar:/home/alex/.m2/repository/org/apache/geronimo/specs/geronimo-jcache_1.0_spec/1.0-alpha-1/geronimo-jcache_1.0_spec-1.0-alpha-1.jar:/home/alex/.m2/repository/org/ehcache/ehcache/3.3.1/ehcache-3.3.1.jar:/home/alex/.m2/repository/com/zaxxer/HikariCP-java7/2.4.12/HikariCP-java7-2.4.12.jar:/home/alex/.m2/repository/org/apache/hadoop/hadoop-yarn-server-applicationhistoryservice/3.1.0/hadoop-yarn-server-applicationhistoryservice-3.1.0.jar:/home/alex/.m2/repository/de/ruedigermoeller/fst/2.50/fst-2.50.jar:/home/alex/.m2/repository/com/cedarsoftware/java-util/1.9.0/java-util-1.9.0.jar:/home/alex/.m2/repository/com/cedarsoftware/json-io/2.5.1/json-io-2.5.1.jar:/home/alex/.m2/repository/org/apache/hadoop/hadoop-yarn-server-web-proxy/3.1.0/hadoop-yarn-server-web-proxy-3.1.0.jar:/home/alex/.m2/repository/org/fusesource/leveldbjni/leveldbjni-all/1.8/leveldbjni-all-1.8.jar:/home/alex/Repositories/hive/shims/scheduler/target/classes:/home/alex/Repositories/hive/jdbc/target/classes:/home/alex/Repositories/hive/llap-client/target/classes:/home/alex/Repositories/hive/llap-common/target/classes:/home/alex/.m2/repository/io/jsonwebtoken/jjwt-api/0.10.5/jjwt-api-0.10.5.jar:/home/alex/.m2/repository/io/jsonwebtoken/jjwt-impl/0.10.5/jjwt-impl-0.10.5.jar:/home/alex/.m2/repository/io/jsonwebtoken/jjwt-jackson/0.10.5/jjwt-jackson-0.10.5.jar:/home/alex/Repositories/hive/service-rpc/target/classes:/home/alex/.m2/repository/org/apache/httpcomponents/httpclient/4.5.13/httpclient-4.5.13.jar:/home/alex/.m2/repository/org/apache/httpcomponents/httpcore/4.4.13/httpcore-4.4.13.jar:/home/alex/.m2/repository/org/apache/zookeeper/zookeeper/3.5.5/zookeeper-3.5.5.jar:/home/alex/.m2/repository/org/apache/zookeeper/zookeeper-jute/3.5.5/zookeeper-jute-3.5.5.jar:/home/alex/.m2/repository/org/apache/yetus/audience-annotations/0.5.0/audience-annotations-0.5.0.jar:/home/alex/.m2/repository/org/apache/curator/curator-framework/4.2.0/curator-framework-4.2.0.jar:/home/alex/Repositories/hive/standalone-metastore/metastore-server/target/classes:/home/alex/.m2/repository/com/google/protobuf/protobuf-java/2.5.0/protobuf-java-2.5.0.jar:/home/alex/.m2/repository/com/zaxxer/HikariCP/2.6.1/HikariCP-2.6.1.jar:/home/alex/.m2/repository/org/apache/commons/commons-dbcp2/2.7.0/commons-dbcp2-2.7.0.jar:/home/alex/.m2/repository/org/apache/commons/commons-pool2/2.7.0/commons-pool2-2.7.0.jar:/home/alex/.m2/repository/commons-beanutils/commons-beanutils/1.9.4/commons-beanutils-1.9.4.jar:/home/alex/.m2/repository/org/apache/logging/log4j/log4j-core/2.13.2/log4j-core-2.13.2.jar:/home/alex/.m2/repository/org/datanucleus/datanucleus-api-jdo/5.2.4/datanucleus-api-jdo-5.2.4.jar:/home/alex/.m2/repository/org/datanucleus/datanucleus-core/5.2.4/datanucleus-core-5.2.4.jar:/home/alex/.m2/repository/org/datanucleus/datanucleus-rdbms/5.2.4/datanucleus-rdbms-5.2.4.jar:/home/alex/.m2/repository/org/datanucleus/javax.jdo/3.2.0-release/javax.jdo-3.2.0-release.jar:/home/alex/.m2/repository/javax/transaction/javax.transaction-api/1.3/javax.transaction-api-1.3.jar:/home/alex/.m2/repository/org/glassfish/corba/glassfish-corba-omgapi/4.2.2/glassfish-corba-omgapi-4.2.2.jar:/home/alex/.m2/repository/sqlline/sqlline/1.9.0/sqlline-1.9.0.jar:/home/alex/.m2/repository/org/jline/jline-terminal/3.12.1/jline-terminal-3.12.1.jar:/home/alex/.m2/repository/org/jline/jline-reader/3.12.1/jline-reader-3.12.1.jar:/home/alex/.m2/repository/org/jline/jline-terminal-jansi/3.12.1/jline-terminal-jansi-3.12.1.jar:/home/alex/.m2/repository/org/fusesource/jansi/jansi/1.18/jansi-1.18.jar:/home/alex/.m2/repository/org/jline/jline-terminal-jna/3.12.1/jline-terminal-jna-3.12.1.jar:/home/alex/.m2/repository/net/java/dev/jna/jna/5.3.1/jna-5.3.1.jar:/home/alex/.m2/repository/org/jline/jline-builtins/3.12.1/jline-builtins-3.12.1.jar:/home/alex/.m2/repository/org/jline/jline-style/3.12.1/jline-style-3.12.1.jar:/home/alex/.m2/repository/commons-logging/commons-logging/1.1.3/commons-logging-1.1.3.jar:/home/alex/.m2/repository/com/cronutils/cron-utils/9.1.3/cron-utils-9.1.3.jar:/home/alex/.m2/repository/org/glassfish/javax.el/3.0.0/javax.el-3.0.0.jar:/home/alex/.m2/repository/com/oracle/database/jdbc/ojdbc8/21.3.0.0/ojdbc8-21.3.0.0.jar:/home/alex/.m2/repository/mysql/mysql-connector-java/8.0.27/mysql-connector-java-8.0.27.jar:/home/alex/.m2/repository/com/microsoft/sqlserver/mssql-jdbc/6.2.1.jre8/mssql-jdbc-6.2.1.jre8.jar:/home/alex/.m2/repository/commons-cli/commons-cli/1.4/commons-cli-1.4.jar:/home/alex/.m2/repository/commons-io/commons-io/2.6/commons-io-2.6.jar:/home/alex/.m2/repository/com/fasterxml/jackson/core/jackson-core/2.12.0/jackson-core-2.12.0.jar:/home/alex/.m2/repository/jline/jline/2.14.6/jline-2.14.6.jar:/home/alex/.m2/repository/org/apache/hadoop/hadoop-common/3.1.0/hadoop-common-3.1.0.jar:/home/alex/.m2/repository/org/apache/hadoop/hadoop-annotations/3.1.0/hadoop-annotations-3.1.0.jar:/usr/lib/jvm/java-8-openjdk-amd64/jre/../lib/tools.jar:/home/alex/.m2/repository/commons-codec/commons-codec/1.15/commons-codec-1.15.jar:/home/alex/.m2/repository/commons-net/commons-net/3.6/commons-net-3.6.jar:/home/alex/.m2/repository/commons-collections/commons-collections/3.2.2/commons-collections-3.2.2.jar:/home/alex/.m2/repository/org/eclipse/jetty/jetty-util/9.3.27.v20190418/jetty-util-9.3.27.v20190418.jar:/home/alex/.m2/repository/javax/servlet/jsp/jsp-api/2.1/jsp-api-2.1.jar:/home/alex/.m2/repository/com/sun/jersey/jersey-core/1.19/jersey-core-1.19.jar:/home/alex/.m2/repository/javax/ws/rs/jsr311-api/1.1.1/jsr311-api-1.1.1.jar:/home/alex/.m2/repository/com/sun/jersey/jersey-servlet/1.19/jersey-servlet-1.19.jar:/home/alex/.m2/repository/com/sun/jersey/jersey-json/1.19/jersey-json-1.19.jar:/home/alex/.m2/repository/org/codehaus/jettison/jettison/1.1/jettison-1.1.jar:/home/alex/.m2/repository/com/sun/xml/bind/jaxb-impl/2.2.3-1/jaxb-impl-2.2.3-1.jar:/home/alex/.m2/repository/org/codehaus/jackson/jackson-core-asl/1.9.2/jackson-core-asl-1.9.2.jar:/home/alex/.m2/repository/org/codehaus/jackson/jackson-mapper-asl/1.9.2/jackson-mapper-asl-1.9.2.jar:/home/alex/.m2/repository/org/codehaus/jackson/jackson-jaxrs/1.9.2/jackson-jaxrs-1.9.2.jar:/home/alex/.m2/repository/org/codehaus/jackson/jackson-xc/1.9.2/jackson-xc-1.9.2.jar:/home/alex/.m2/repository/com/sun/jersey/jersey-server/1.19/jersey-server-1.19.jar:/home/alex/.m2/repository/commons-lang/commons-lang/2.6/commons-lang-2.6.jar:/home/alex/.m2/repository/org/apache/commons/commons-configuration2/2.1.1/commons-configuration2-2.1.1.jar:/home/alex/.m2/repository/org/apache/avro/avro/1.8.2/avro-1.8.2.jar:/home/alex/.m2/repository/com/thoughtworks/paranamer/paranamer/2.8/paranamer-2.8.jar:/home/alex/.m2/repository/org/xerial/snappy/snappy-java/1.1.4/snappy-java-1.1.4.jar:/home/alex/.m2/repository/org/tukaani/xz/1.5/xz-1.5.jar:/home/alex/.m2/repository/com/google/re2j/re2j/1.2/re2j-1.2.jar:/home/alex/.m2/repository/com/google/code/gson/gson/2.2.4/gson-2.2.4.jar:/home/alex/.m2/repository/org/apache/hadoop/hadoop-auth/3.1.0/hadoop-auth-3.1.0.jar:/home/alex/.m2/repository/com/nimbusds/nimbus-jose-jwt/4.41.1/nimbus-jose-jwt-4.41.1.jar:/home/alex/.m2/repository/com/github/stephenc/jcip/jcip-annotations/1.0-1/jcip-annotations-1.0-1.jar:/home/alex/.m2/repository/net/minidev/json-smart/2.3/json-smart-2.3.jar:/home/alex/.m2/repository/net/minidev/accessors-smart/1.2/accessors-smart-1.2.jar:/home/alex/.m2/repository/com/jcraft/jsch/0.1.54/jsch-0.1.54.jar:/home/alex/.m2/repository/com/google/code/findbugs/jsr305/3.0.0/jsr305-3.0.0.jar:/home/alex/.m2/repository/org/apache/htrace/htrace-core4/4.1.0-incubating/htrace-core4-4.1.0-incubating.jar:/home/alex/.m2/repository/org/apache/kerby/kerb-simplekdc/1.0.1/kerb-simplekdc-1.0.1.jar:/home/alex/.m2/repository/org/apache/kerby/kerb-client/1.0.1/kerb-client-1.0.1.jar:/home/alex/.m2/repository/org/apache/kerby/kerby-config/1.0.1/kerby-config-1.0.1.jar:/home/alex/.m2/repository/org/apache/kerby/kerb-core/1.0.1/kerb-core-1.0.1.jar:/home/alex/.m2/repository/org/apache/kerby/kerby-pkix/1.0.1/kerby-pkix-1.0.1.jar:/home/alex/.m2/repository/org/apache/kerby/kerby-asn1/1.0.1/kerby-asn1-1.0.1.jar:/home/alex/.m2/repository/org/apache/kerby/kerby-util/1.0.1/kerby-util-1.0.1.jar:/home/alex/.m2/repository/org/apache/kerby/kerb-common/1.0.1/kerb-common-1.0.1.jar:/home/alex/.m2/repository/org/apache/kerby/kerb-crypto/1.0.1/kerb-crypto-1.0.1.jar:/home/alex/.m2/repository/org/apache/kerby/kerb-util/1.0.1/kerb-util-1.0.1.jar:/home/alex/.m2/repository/org/apache/kerby/token-provider/1.0.1/token-provider-1.0.1.jar:/home/alex/.m2/repository/org/apache/kerby/kerb-admin/1.0.1/kerb-admin-1.0.1.jar:/home/alex/.m2/repository/org/apache/kerby/kerb-server/1.0.1/kerb-server-1.0.1.jar:/home/alex/.m2/repository/org/apache/kerby/kerb-identity/1.0.1/kerb-identity-1.0.1.jar:/home/alex/.m2/repository/org/apache/kerby/kerby-xdr/1.0.1/kerby-xdr-1.0.1.jar:/home/alex/.m2/repository/org/codehaus/woodstox/stax2-api/3.1.4/stax2-api-3.1.4.jar:/home/alex/.m2/repository/com/fasterxml/woodstox/woodstox-core/5.0.3/woodstox-core-5.0.3.jar:/home/alex/.m2/repository/org/apache/thrift/libthrift/0.14.1/libthrift-0.14.1.jar:/home/alex/.m2/repository/org/apache/tomcat/embed/tomcat-embed-core/8.5.46/tomcat-embed-core-8.5.46.jar:/home/alex/.m2/repository/org/apache/tomcat/tomcat-annotations-api/8.5.46/tomcat-annotations-api-8.5.46.jar:/home/alex/.m2/repository/javax/annotation/javax.annotation-api/1.3.2/javax.annotation-api-1.3.2.jar:/home/alex/.m2/repository/net/sf/supercsv/super-csv/2.2.0/super-csv-2.2.0.jar:/home/alex/.m2/repository/org/apache/logging/log4j/log4j-slf4j-impl/2.13.2/log4j-slf4j-impl-2.13.2.jar:/home/alex/.m2/repository/org/apache/logging/log4j/log4j-api/2.13.2/log4j-api-2.13.2.jar:/home/alex/Repositories/hive/ql/target/test-classes:/home/alex/.m2/repository/org/apache/atlas/atlas-client-v2/2.1.0/atlas-client-v2-2.1.0.jar:/home/alex/.m2/repository/cglib/cglib/2.2.2/cglib-2.2.2.jar:/home/alex/.m2/repository/asm/asm/3.3.1/asm-3.3.1.jar:/home/alex/.m2/repository/org/apache/atlas/atlas-client-common/2.1.0/atlas-client-common-2.1.0.jar:/home/alex/.m2/repository/com/sun/jersey/jersey-client/1.19/jersey-client-1.19.jar:/home/alex/.m2/repository/org/apache/atlas/atlas-intg/2.1.0/atlas-intg-2.1.0.jar:/home/alex/.m2/repository/commons-validator/commons-validator/1.6/commons-validator-1.6.jar:/home/alex/.m2/repository/commons-digester/commons-digester/1.8.1/commons-digester-1.8.1.jar:/home/alex/.m2/repository/com/fasterxml/jackson/jaxrs/jackson-jaxrs-base/2.12.0/jackson-jaxrs-base-2.12.0.jar:/home/alex/.m2/repository/com/fasterxml/jackson/jaxrs/jackson-jaxrs-json-provider/2.12.0/jackson-jaxrs-json-provider-2.12.0.jar:/home/alex/.m2/repository/javax/inject/javax.inject/1/javax.inject-1.jar:/home/alex/.m2/repository/org/springframework/spring-context/4.3.20.RELEASE/spring-context-4.3.20.RELEASE.jar:/home/alex/.m2/repository/org/springframework/spring-aop/4.3.20.RELEASE/spring-aop-4.3.20.RELEASE.jar:/home/alex/.m2/repository/org/springframework/spring-beans/4.3.20.RELEASE/spring-beans-4.3.20.RELEASE.jar:/home/alex/.m2/repository/org/springframework/spring-core/4.3.20.RELEASE/spring-core-4.3.20.RELEASE.jar:/home/alex/.m2/repository/org/springframework/spring-expression/4.3.20.RELEASE/spring-expression-4.3.20.RELEASE.jar:/home/alex/.m2/repository/commons-configuration/commons-configuration/1.10/commons-configuration-1.10.jar:/home/alex/Repositories/hive/vector-code-gen/target/classes:/home/alex/.m2/repository/org/apache/velocity/velocity/1.5/velocity-1.5.jar:/home/alex/.m2/repository/oro/oro/2.0.8/oro-2.0.8.jar:/home/alex/Repositories/hive/parser/target/classes:/home/alex/Repositories/hive/udf/target/classes:/home/alex/Repositories/hive/llap-tez/target/classes:/home/alex/Repositories/hive/spark-client/target/classes:/home/alex/.m2/repository/io/netty/netty-all/4.1.65.Final/netty-all-4.1.65.Final.jar:/home/alex/.m2/repository/com/fasterxml/jackson/module/jackson-module-scala_2.12/2.12.0/jackson-module-scala_2.12-2.12.0.jar:/home/alex/.m2/repository/org/scala-lang/scala-library/2.12.10/scala-library-2.12.10.jar:/home/alex/.m2/repository/org/apache/spark/spark-core_2.12/2.4.5/spark-core_2.12-2.4.5.jar:/home/alex/.m2/repository/com/twitter/chill_2.12/0.9.3/chill_2.12-0.9.3.jar:/home/alex/.m2/repository/com/twitter/chill-java/0.9.3/chill-java-0.9.3.jar:/home/alex/.m2/repository/org/apache/xbean/xbean-asm6-shaded/4.8/xbean-asm6-shaded-4.8.jar:/home/alex/.m2/repository/org/apache/hadoop/hadoop-client/3.1.0/hadoop-client-3.1.0.jar:/home/alex/.m2/repository/org/apache/hadoop/hadoop-mapreduce-client-jobclient/3.1.0/hadoop-mapreduce-client-jobclient-3.1.0.jar:/home/alex/.m2/repository/org/apache/hadoop/hadoop-mapreduce-client-common/3.1.0/hadoop-mapreduce-client-common-3.1.0.jar:/home/alex/.m2/repository/org/apache/spark/spark-launcher_2.12/2.4.5/spark-launcher_2.12-2.4.5.jar:/home/alex/.m2/repository/org/apache/spark/spark-kvstore_2.12/2.4.5/spark-kvstore_2.12-2.4.5.jar:/home/alex/.m2/repository/org/apache/spark/spark-network-common_2.12/2.4.5/spark-network-common_2.12-2.4.5.jar:/home/alex/.m2/repository/org/apache/spark/spark-network-shuffle_2.12/2.4.5/spark-network-shuffle_2.12-2.4.5.jar:/home/alex/.m2/repository/org/apache/spark/spark-unsafe_2.12/2.4.5/spark-unsafe_2.12-2.4.5.jar:/home/alex/.m2/repository/javax/activation/activation/1.1.1/activation-1.1.1.jar:/home/alex/.m2/repository/org/slf4j/jul-to-slf4j/1.7.16/jul-to-slf4j-1.7.16.jar:/home/alex/.m2/repository/org/slf4j/jcl-over-slf4j/1.7.16/jcl-over-slf4j-1.7.16.jar:/home/alex/.m2/repository/com/ning/compress-lzf/1.0.3/compress-lzf-1.0.3.jar:/home/alex/.m2/repository/org/roaringbitmap/RoaringBitmap/0.7.45/RoaringBitmap-0.7.45.jar:/home/alex/.m2/repository/org/roaringbitmap/shims/0.7.45/shims-0.7.45.jar:/home/alex/.m2/repository/org/json4s/json4s-jackson_2.12/3.5.3/json4s-jackson_2.12-3.5.3.jar:/home/alex/.m2/repository/org/json4s/json4s-core_2.12/3.5.3/json4s-core_2.12-3.5.3.jar:/home/alex/.m2/repository/org/json4s/json4s-ast_2.12/3.5.3/json4s-ast_2.12-3.5.3.jar:/home/alex/.m2/repository/org/json4s/json4s-scalap_2.12/3.5.3/json4s-scalap_2.12-3.5.3.jar:/home/alex/.m2/repository/org/scala-lang/modules/scala-xml_2.12/1.0.6/scala-xml_2.12-1.0.6.jar:/home/alex/.m2/repository/com/clearspring/analytics/stream/2.7.0/stream-2.7.0.jar:/home/alex/.m2/repository/io/dropwizard/metrics/metrics-graphite/3.1.5/metrics-graphite-3.1.5.jar:/home/alex/.m2/repository/net/razorvine/pyrolite/4.13/pyrolite-4.13.jar:/home/alex/.m2/repository/net/sf/py4j/py4j/0.10.7/py4j-0.10.7.jar:/home/alex/.m2/repository/org/apache/spark/spark-tags_2.12/2.4.5/spark-tags_2.12-2.4.5.jar:/home/alex/.m2/repository/org/apache/commons/commons-crypto/1.0.0/commons-crypto-1.0.0.jar:/home/alex/.m2/repository/org/spark-project/spark/unused/1.0.0/unused-1.0.0.jar:/home/alex/.m2/repository/org/apache/spark/spark-yarn_2.12/2.4.5/spark-yarn_2.12-2.4.5.jar:/home/alex/.m2/repository/com/amazonaws/secretsmanager/aws-secretsmanager-caching-java/1.0.1/aws-secretsmanager-caching-java-1.0.1.jar:/home/alex/.m2/repository/com/esotericsoftware/kryo/5.0.3/kryo-5.0.3.jar:/home/alex/.m2/repository/com/esotericsoftware/minlog/1.3.1/minlog-1.3.1.jar:/home/alex/.m2/repository/com/esotericsoftware/reflectasm/1.11.9/reflectasm-1.11.9.jar:/home/alex/.m2/repository/org/apache/parquet/parquet-hadoop-bundle/1.11.1/parquet-hadoop-bundle-1.11.1.jar:/home/alex/.m2/repository/org/apache/commons/commons-collections4/4.1/commons-collections4-4.1.jar:/home/alex/.m2/repository/org/apache/commons/commons-text/1.8/commons-text-1.8.jar:/home/alex/.m2/repository/org/antlr/ST4/4.0.4/ST4-4.0.4.jar:/home/alex/.m2/repository/org/apache/avro/avro-mapred/1.8.2/avro-mapred-1.8.2-hadoop2.jar:/home/alex/.m2/repository/org/apache/avro/avro-ipc/1.8.2/avro-ipc-1.8.2.jar:/home/alex/.m2/repository/org/mortbay/jetty/jetty/6.1.26/jetty-6.1.26.jar:/home/alex/.m2/repository/org/apache/hadoop/hadoop-yarn-registry/3.1.0/hadoop-yarn-registry-3.1.0.jar:/home/alex/.m2/repository/org/apache/hadoop/hadoop-yarn-api/3.1.0/hadoop-yarn-api-3.1.0.jar:/home/alex/.m2/repository/commons-daemon/commons-daemon/1.0.13/commons-daemon-1.0.13.jar:/home/alex/.m2/repository/dnsjava/dnsjava/2.1.7/dnsjava-2.1.7.jar:/home/alex/.m2/repository/org/apache/orc/orc-tools/1.6.9/orc-tools-1.6.9.jar:/home/alex/.m2/repository/com/opencsv/opencsv/3.9/opencsv-3.9.jar:/home/alex/.m2/repository/org/apache/hadoop/hadoop-hdfs/3.1.0/hadoop-hdfs-3.1.0.jar:/home/alex/.m2/repository/org/threeten/threetenbp/1.3.5/threetenbp-1.3.5.jar:/home/alex/.m2/repository/org/apache/ivy/ivy/2.4.0/ivy-2.4.0.jar:/home/alex/.m2/repository/org/apache/datasketches/datasketches-hive/1.1.0-incubating/datasketches-hive-1.1.0-incubating.jar:/home/alex/.m2/repository/org/apache/datasketches/datasketches-java/1.3.0-incubating/datasketches-java-1.3.0-incubating.jar:/home/alex/.m2/repository/org/apache/datasketches/datasketches-memory/1.2.0-incubating/datasketches-memory-1.2.0-incubating.jar:/home/alex/.m2/repository/org/slf4j/slf4j-simple/1.7.27/slf4j-simple-1.7.27.jar:/home/alex/.m2/repository/org/codehaus/groovy/groovy-all/2.4.11/groovy-all-2.4.11.jar:/home/alex/.m2/repository/org/jodd/jodd-util/6.0.0/jodd-util-6.0.0.jar:/home/alex/.m2/repository/com/fasterxml/jackson/core/jackson-annotations/2.12.0/jackson-annotations-2.12.0.jar:/home/alex/.m2/repository/com/fasterxml/jackson/dataformat/jackson-dataformat-yaml/2.12.0/jackson-dataformat-yaml-2.12.0.jar:/home/alex/.m2/repository/org/yaml/snakeyaml/1.27/snakeyaml-1.27.jar:/home/alex/.m2/repository/org/apache/calcite/calcite-core/1.25.0/calcite-core-1.25.0.jar:/home/alex/.m2/repository/org/apache/calcite/calcite-linq4j/1.25.0/calcite-linq4j-1.25.0.jar:/home/alex/.m2/repository/com/esri/geometry/esri-geometry-api/2.2.0/esri-geometry-api-2.2.0.jar:/home/alex/.m2/repository/com/yahoo/datasketches/sketches-core/0.9.0/sketches-core-0.9.0.jar:/home/alex/.m2/repository/com/yahoo/datasketches/memory/0.9.0/memory-0.9.0.jar:/home/alex/.m2/repository/org/apache/calcite/calcite-druid/1.25.0/calcite-druid-1.25.0.jar:/home/alex/.m2/repository/org/apache/calcite/avatica/avatica/1.12.0/avatica-1.12.0.jar:/home/alex/.m2/repository/com/googlecode/javaewah/JavaEWAH/0.3.2/JavaEWAH-0.3.2.jar:/home/alex/.m2/repository/stax/stax-api/1.0.1/stax-api-1.0.1.jar:/home/alex/.m2/repository/net/sf/opencsv/opencsv/2.3/opencsv-2.3.jar:/home/alex/.m2/repository/org/reflections/reflections/0.9.10/reflections-0.9.10.jar:/home/alex/.m2/repository/org/javassist/javassist/3.19.0-GA/javassist-3.19.0-GA.jar:/home/alex/.m2/repository/com/jayway/jsonpath/json-path/2.4.0/json-path-2.4.0.jar:/home/alex/.m2/repository/org/codehaus/janino/commons-compiler/3.0.11/commons-compiler-3.0.11.jar:/home/alex/.m2/repository/org/codehaus/janino/janino/3.0.11/janino-3.0.11.jar:/home/alex/.m2/repository/com/sun/jersey/contribs/jersey-multipart/1.19/jersey-multipart-1.19.jar:/home/alex/.m2/repository/org/jvnet/mimepull/mimepull/1.9.3/mimepull-1.9.3.jar:/home/alex/.m2/repository/org/apache/kafka/kafka-clients/2.5.0/kafka-clients-2.5.0.jar:/home/alex/.m2/repository/com/github/luben/zstd-jni/1.4.4-7/zstd-jni-1.4.4-7.jar:/home/alex/.m2/repository/org/lz4/lz4-java/1.7.1/lz4-java-1.7.1.jar:/home/alex/Repositories/hive/service/target/classes:/home/alex/Repositories/hive/ql/target/classes:/home/alex/Repositories/hive/llap-server/target/classes:/home/alex/.m2/repository/com/lmax/disruptor/3.3.7/disruptor-3.3.7.jar:/home/alex/Repositories/hive/llap-common/target/test-classes:/home/alex/Repositories/hive/hplsql/target/classes:/home/alex/.m2/repository/org/antlr/antlr4-runtime/4.5/antlr4-runtime-4.5.jar:/home/alex/.m2/repository/org/abego/treelayout/org.abego.treelayout.core/1.0.1/org.abego.treelayout.core-1.0.1.jar:/home/alex/.m2/repository/javax/servlet/jsp/javax.servlet.jsp-api/2.3.1/javax.servlet.jsp-api-2.3.1.jar:/home/alex/.m2/repository/org/eclipse/jetty/jetty-runner/9.3.27.v20190418/jetty-runner-9.3.27.v20190418.jar:/home/alex/.m2/repository/org/eclipse/jetty/jetty-plus/9.3.27.v20190418/jetty-plus-9.3.27.v20190418.jar:/home/alex/.m2/repository/org/eclipse/jetty/jetty-annotations/9.3.27.v20190418/jetty-annotations-9.3.27.v20190418.jar:/home/alex/.m2/repository/org/ow2/asm/asm/6.0/asm-6.0.jar:/home/alex/.m2/repository/org/ow2/asm/asm-commons/6.0/asm-commons-6.0.jar:/home/alex/.m2/repository/org/ow2/asm/asm-tree/6.0/asm-tree-6.0.jar:/home/alex/.m2/repository/org/eclipse/jetty/jetty-jaas/9.3.27.v20190418/jetty-jaas-9.3.27.v20190418.jar:/home/alex/.m2/repository/org/eclipse/jetty/websocket/websocket-server/9.3.27.v20190418/websocket-server-9.3.27.v20190418.jar:/home/alex/.m2/repository/org/eclipse/jetty/websocket/websocket-common/9.3.27.v20190418/websocket-common-9.3.27.v20190418.jar:/home/alex/.m2/repository/org/eclipse/jetty/websocket/websocket-api/9.3.27.v20190418/websocket-api-9.3.27.v20190418.jar:/home/alex/.m2/repository/org/eclipse/jetty/websocket/websocket-client/9.3.27.v20190418/websocket-client-9.3.27.v20190418.jar:/home/alex/.m2/repository/org/eclipse/jetty/websocket/websocket-servlet/9.3.27.v20190418/websocket-servlet-9.3.27.v20190418.jar:/home/alex/.m2/repository/org/eclipse/jetty/jetty-jndi/9.3.27.v20190418/jetty-jndi-9.3.27.v20190418.jar:/home/alex/.m2/repository/org/eclipse/jetty/apache-jsp/9.3.27.v20190418/apache-jsp-9.3.27.v20190418.jar:/home/alex/.m2/repository/org/eclipse/jetty/toolchain/jetty-schemas/3.1/jetty-schemas-3.1.jar:/home/alex/.m2/repository/org/eclipse/jdt/core/compiler/ecj/4.4.2/ecj-4.4.2.jar:/home/alex/.m2/repository/org/eclipse/jetty/apache-jstl/9.3.27.v20190418/apache-jstl-9.3.27.v20190418.jar:/home/alex/.m2/repository/org/apache/taglibs/taglibs-standard-spec/1.2.5/taglibs-standard-spec-1.2.5.jar:/home/alex/.m2/repository/org/apache/taglibs/taglibs-standard-impl/1.2.5/taglibs-standard-impl-1.2.5.jar:/home/alex/.m2/repository/org/apache/curator/curator-client/4.2.0/curator-client-4.2.0.jar:/home/alex/.m2/repository/org/apache/curator/curator-recipes/4.2.0/curator-recipes-4.2.0.jar:/home/alex/.m2/repository/org/pac4j/pac4j-saml-opensamlv3/4.0.3/pac4j-saml-opensamlv3-4.0.3.jar:/home/alex/.m2/repository/org/pac4j/pac4j-core/4.0.3/pac4j-core-4.0.3.jar:/home/alex/.m2/repository/org/opensaml/opensaml-core/3.4.5/opensaml-core-3.4.5.jar:/home/alex/.m2/repository/net/shibboleth/utilities/java-support/7.5.1/java-support-7.5.1.jar:/home/alex/.m2/repository/org/opensaml/opensaml-saml-api/3.4.5/opensaml-saml-api-3.4.5.jar:/home/alex/.m2/repository/org/opensaml/opensaml-storage-api/3.4.5/opensaml-storage-api-3.4.5.jar:/home/alex/.m2/repository/org/opensaml/opensaml-saml-impl/3.4.5/opensaml-saml-impl-3.4.5.jar:/home/alex/.m2/repository/org/opensaml/opensaml-soap-impl/3.4.5/opensaml-soap-impl-3.4.5.jar:/home/alex/.m2/repository/org/opensaml/opensaml-soap-api/3.4.5/opensaml-soap-api-3.4.5.jar:/home/alex/.m2/repository/org/opensaml/opensaml-xmlsec-api/3.4.5/opensaml-xmlsec-api-3.4.5.jar:/home/alex/.m2/repository/org/opensaml/opensaml-security-api/3.4.5/opensaml-security-api-3.4.5.jar:/home/alex/.m2/repository/org/opensaml/opensaml-security-impl/3.4.5/opensaml-security-impl-3.4.5.jar:/home/alex/.m2/repository/org/opensaml/opensaml-profile-api/3.4.5/opensaml-profile-api-3.4.5.jar:/home/alex/.m2/repository/org/opensaml/opensaml-profile-impl/3.4.5/opensaml-profile-impl-3.4.5.jar:/home/alex/.m2/repository/org/opensaml/opensaml-messaging-api/3.4.5/opensaml-messaging-api-3.4.5.jar:/home/alex/.m2/repository/org/opensaml/opensaml-messaging-impl/3.4.5/opensaml-messaging-impl-3.4.5.jar:/home/alex/.m2/repository/org/opensaml/opensaml-storage-impl/3.4.5/opensaml-storage-impl-3.4.5.jar:/home/alex/.m2/repository/org/ldaptive/ldaptive/1.0.13/ldaptive-1.0.13.jar:/home/alex/.m2/repository/javax/json/javax.json-api/1.0/javax.json-api-1.0.jar:/home/alex/.m2/repository/net/spy/spymemcached/2.12.3/spymemcached-2.12.3.jar:/home/alex/.m2/repository/org/glassfish/javax.json/1.0.4/javax.json-1.0.4.jar:/home/alex/.m2/repository/org/opensaml/opensaml-xmlsec-impl/3.4.5/opensaml-xmlsec-impl-3.4.5.jar:/home/alex/.m2/repository/org/cryptacular/cryptacular/1.2.4/cryptacular-1.2.4.jar:/home/alex/.m2/repository/net/shibboleth/tool/xmlsectool/2.0.0/xmlsectool-2.0.0.jar:/home/alex/.m2/repository/com/beust/jcommander/1.48/jcommander-1.48.jar:/home/alex/.m2/repository/org/bouncycastle/bcprov-jdk15on/1.64/bcprov-jdk15on-1.64.jar:/home/alex/.m2/repository/org/apache/santuario/xmlsec/2.2.1/xmlsec-2.2.1.jar:/home/alex/.m2/repository/org/jamon/jamon-runtime/2.3.1/jamon-runtime-2.3.1.jar:/home/alex/.m2/repository/org/apache/hadoop/hadoop-mapreduce-client-core/3.1.0/hadoop-mapreduce-client-core-3.1.0.jar:/home/alex/.m2/repository/org/apache/hadoop/hadoop-yarn-client/3.1.0/hadoop-yarn-client-3.1.0.jar:/home/alex/.m2/repository/org/apache/hadoop/hadoop-yarn-common/3.1.0/hadoop-yarn-common-3.1.0.jar:/home/alex/.m2/repository/com/google/inject/guice/4.0/guice-4.0.jar:/home/alex/.m2/repository/aopalliance/aopalliance/1.0/aopalliance-1.0.jar:/home/alex/.m2/repository/com/sun/jersey/contribs/jersey-guice/1.19/jersey-guice-1.19.jar:/home/alex/.m2/repository/com/fasterxml/jackson/module/jackson-module-jaxb-annotations/2.12.0/jackson-module-jaxb-annotations-2.12.0.jar:/home/alex/.m2/repository/jakarta/xml/bind/jakarta.xml.bind-api/2.3.2/jakarta.xml.bind-api-2.3.2.jar:/home/alex/.m2/repository/jakarta/activation/jakarta.activation-api/1.2.1/jakarta.activation-api-1.2.1.jar:/home/alex/.m2/repository/org/apache/hadoop/hadoop-hdfs-client/3.1.0/hadoop-hdfs-client-3.1.0.jar:/home/alex/.m2/repository/com/squareup/okhttp/okhttp/2.7.5/okhttp-2.7.5.jar:/home/alex/.m2/repository/com/squareup/okio/okio/1.6.0/okio-1.6.0.jar:/home/alex/.m2/repository/com/google/inject/extensions/guice-servlet/4.0/guice-servlet-4.0.jar:/home/alex/.m2/repository/junit/junit/4.13/junit-4.13.jar:/home/alex/.m2/repository/org/hamcrest/hamcrest-core/1.3/hamcrest-core-1.3.jar:/home/alex/.m2/repository/org/junit/jupiter/junit-jupiter-engine/5.6.2/junit-jupiter-engine-5.6.2.jar:/home/alex/.m2/repository/org/apiguardian/apiguardian-api/1.1.0/apiguardian-api-1.1.0.jar:/home/alex/.m2/repository/org/junit/platform/junit-platform-engine/1.6.2/junit-platform-engine-1.6.2.jar:/home/alex/.m2/repository/org/opentest4j/opentest4j/1.2.0/opentest4j-1.2.0.jar:/home/alex/.m2/repository/org/junit/platform/junit-platform-commons/1.6.2/junit-platform-commons-1.6.2.jar:/home/alex/.m2/repository/org/junit/jupiter/junit-jupiter-api/5.6.2/junit-jupiter-api-5.6.2.jar:/home/alex/.m2/repository/org/junit/vintage/junit-vintage-engine/5.6.2/junit-vintage-engine-5.6.2.jar:/home/alex/.m2/repository/org/powermock/powermock-module-junit4/2.0.2/powermock-module-junit4-2.0.2.jar:/home/alex/.m2/repository/org/powermock/powermock-module-junit4-common/2.0.2/powermock-module-junit4-common-2.0.2.jar:/home/alex/.m2/repository/org/powermock/powermock-reflect/2.0.2/powermock-reflect-2.0.2.jar:/home/alex/.m2/repository/org/powermock/powermock-core/2.0.2/powermock-core-2.0.2.jar:/home/alex/.m2/repository/org/powermock/powermock-api-mockito2/2.0.2/powermock-api-mockito2-2.0.2.jar:/home/alex/.m2/repository/org/powermock/powermock-api-support/2.0.2/powermock-api-support-2.0.2.jar:/home/alex/.m2/repository/org/postgresql/postgresql/42.2.14/postgresql-42.2.14.jar:/home/alex/.m2/repository/org/slf4j/slf4j-api/1.7.30/slf4j-api-1.7.30.jar:/home/alex/.m2/repository/org/mockito/mockito-core/3.4.4/mockito-core-3.4.4.jar:/home/alex/.m2/repository/net/bytebuddy/byte-buddy/1.10.13/byte-buddy-1.10.13.jar:/home/alex/.m2/repository/net/bytebuddy/byte-buddy-agent/1.10.13/byte-buddy-agent-1.10.13.jar:/home/alex/.m2/repository/org/objenesis/objenesis/2.6/objenesis-2.6.jar:/home/alex/Repositories/hive/beeline/target/testconf:/home/alex/Repositories/hive/beeline/../conf:"/>
    <property name="sun.cpu.endian" value="little"/>
    <property name="user.home" value="/home/alex"/>
    <property name="user.language" value="en"/>
    <property name="java.security.krb5.conf" value="/home/alex/Repositories/hive/beeline/target/testconf/krb5.conf"/>
    <property name="test.dfs.mkdir" value=""/>
    <property name="java.awt.graphicsenv" value="sun.awt.X11GraphicsEnvironment"/>
    <property name="nondexFilter" value=".*"/>
    <property name="nondexSeed" value="974622"/>
    <property name="surefire.real.class.path" value="/home/alex/Repositories/hive/beeline/target/surefire/surefirebooter2153300365884523860.jar"/>
    <property name="hadoop.log.dir" value="/home/alex/Repositories/hive/beeline/target/tmp"/>
    <property name="java.net.preferIPv4Stack" value="true"/>
    <property name="path.separator" value=":"/>
    <property name="os.version" value="6.5.0-28-generic"/>
    <property name="java.endorsed.dirs" value="/usr/lib/jvm/java-8-openjdk-amd64/jre/lib/endorsed"/>
    <property name="java.runtime.name" value="OpenJDK Runtime Environment"/>
    <property name="hive.test.console.log.level" value="INFO"/>
    <property name="java.vm.name" value="OpenJDK 64-Bit Server VM"/>
    <property name="java.vendor.url.bug" value="http://bugreport.sun.com/bugreport/"/>
    <property name="maven.local.repository" value="/home/alex/.m2/repository"/>
    <property name="user.dir" value="/home/alex/Repositories/hive/beeline"/>
    <property name="os.arch" value="amd64"/>
    <property name="nondexMode" value="FULL"/>
    <property name="user.language.format" value="pt"/>
    <property name="antlr.version" value="3.5.2"/>
    <property name="derby.version" value="10.14.1.0"/>
    <property name="java.vm.info" value="mixed mode"/>
    <property name="java.vm.version" value="25.402-b06"/>
    <property name="java.ext.dirs" value="/usr/lib/jvm/java-8-openjdk-amd64/jre/lib/ext:/usr/java/packages/lib/ext"/>
    <property name="datanucleus.schema.autoCreateAll" value="true"/>
    <property name="java.class.version" value="52.0"/>
    <property name="test.output.overwrite" value=""/>
    <property name="hive.root" value="/home/alex/Repositories/hive/beeline/../"/>
  </properties>
  <testcase name="testSetPromptValue" classname="org.apache.hive.beeline.cli.TestHiveCli" time="9.507">
    <error type="java.lang.NullPointerException"><![CDATA[java.lang.NullPointerException
	at org.apache.hive.beeline.cli.TestHiveCli.executeCMD(TestHiveCli.java:255)
	at org.apache.hive.beeline.cli.TestHiveCli.initFromFile(TestHiveCli.java:321)
	at org.apache.hive.beeline.cli.TestHiveCli.setup(TestHiveCli.java:294)
	at sun.reflect.NativeMethodAccessorImpl.invoke0(Native Method)
	at sun.reflect.NativeMethodAccessorImpl.invoke(NativeMethodAccessorImpl.java:62)
	at sun.reflect.DelegatingMethodAccessorImpl.invoke(DelegatingMethodAccessorImpl.java:43)
	at java.lang.reflect.Method.invoke(Method.java:498)
	at org.junit.runners.model.FrameworkMethod$1.runReflectiveCall(FrameworkMethod.java:59)
	at org.junit.internal.runners.model.ReflectiveCallable.run(ReflectiveCallable.java:12)
	at org.junit.runners.model.FrameworkMethod.invokeExplosively(FrameworkMethod.java:56)
	at org.junit.internal.runners.statements.RunBefores.invokeMethod(RunBefores.java:33)
	at org.junit.internal.runners.statements.RunBefores.evaluate(RunBefores.java:24)
	at org.junit.internal.runners.statements.RunAfters.evaluate(RunAfters.java:27)
	at org.junit.runners.ParentRunner$3.evaluate(ParentRunner.java:306)
	at org.junit.runners.BlockJUnit4ClassRunner$1.evaluate(BlockJUnit4ClassRunner.java:100)
	at org.junit.runners.ParentRunner.runLeaf(ParentRunner.java:366)
	at org.junit.runners.BlockJUnit4ClassRunner.runChild(BlockJUnit4ClassRunner.java:103)
	at org.junit.runners.BlockJUnit4ClassRunner.runChild(BlockJUnit4ClassRunner.java:63)
	at org.junit.runners.ParentRunner$4.run(ParentRunner.java:331)
	at org.junit.runners.ParentRunner$1.schedule(ParentRunner.java:79)
	at org.junit.runners.ParentRunner.runChildren(ParentRunner.java:329)
	at org.junit.runners.ParentRunner.access$100(ParentRunner.java:66)
	at org.junit.runners.ParentRunner$2.evaluate(ParentRunner.java:293)
	at org.junit.internal.runners.statements.RunBefores.evaluate(RunBefores.java:26)
	at org.junit.runners.ParentRunner$3.evaluate(ParentRunner.java:306)
	at org.junit.runners.ParentRunner.run(ParentRunner.java:413)
	at org.junit.runner.JUnitCore.run(JUnitCore.java:137)
	at org.junit.runner.JUnitCore.run(JUnitCore.java:115)
	at org.junit.vintage.engine.execution.RunnerExecutor.execute(RunnerExecutor.java:43)
	at java.util.stream.ForEachOps$ForEachOp$OfRef.accept(ForEachOps.java:183)
	at java.util.stream.ReferencePipeline$3$1.accept(ReferencePipeline.java:193)
	at java.util.Iterator.forEachRemaining(Iterator.java:116)
	at java.util.Spliterators$IteratorSpliterator.forEachRemaining(Spliterators.java:1801)
	at java.util.stream.AbstractPipeline.copyInto(AbstractPipeline.java:482)
	at java.util.stream.AbstractPipeline.wrapAndCopyInto(AbstractPipeline.java:472)
	at java.util.stream.ForEachOps$ForEachOp.evaluateSequential(ForEachOps.java:150)
	at java.util.stream.ForEachOps$ForEachOp$OfRef.evaluateSequential(ForEachOps.java:173)
	at java.util.stream.AbstractPipeline.evaluate(AbstractPipeline.java:234)
	at java.util.stream.ReferencePipeline.forEach(ReferencePipeline.java:485)
	at org.junit.vintage.engine.VintageTestEngine.executeAllChildren(VintageTestEngine.java:82)
	at org.junit.vintage.engine.VintageTestEngine.execute(VintageTestEngine.java:73)
	at org.junit.platform.launcher.core.DefaultLauncher.execute(DefaultLauncher.java:248)
	at org.junit.platform.launcher.core.DefaultLauncher.lambda$execute$5(DefaultLauncher.java:211)
	at org.junit.platform.launcher.core.DefaultLauncher.withInterceptedStreams(DefaultLauncher.java:226)
	at org.junit.platform.launcher.core.DefaultLauncher.execute(DefaultLauncher.java:199)
	at org.junit.platform.launcher.core.DefaultLauncher.execute(DefaultLauncher.java:132)
	at org.apache.maven.surefire.junitplatform.JUnitPlatformProvider.invokeAllTests(JUnitPlatformProvider.java:154)
	at org.apache.maven.surefire.junitplatform.JUnitPlatformProvider.invoke(JUnitPlatformProvider.java:123)
	at org.apache.maven.surefire.booter.ForkedBooter.runSuitesInProcess(ForkedBooter.java:377)
	at org.apache.maven.surefire.booter.ForkedBooter.execute(ForkedBooter.java:138)
	at org.apache.maven.surefire.booter.ForkedBooter.run(ForkedBooter.java:465)
	at org.apache.maven.surefire.booter.ForkedBooter.main(ForkedBooter.java:451)
]]></error>
    <system-err><![CDATA[SLF4J: Class path contains multiple SLF4J bindings.
SLF4J: Found binding in [jar:file:/home/alex/.m2/repository/org/apache/logging/log4j/log4j-slf4j-impl/2.13.2/log4j-slf4j-impl-2.13.2.jar!/org/slf4j/impl/StaticLoggerBinder.class]
SLF4J: Found binding in [jar:file:/home/alex/.m2/repository/org/slf4j/slf4j-simple/1.7.27/slf4j-simple-1.7.27.jar!/org/slf4j/impl/StaticLoggerBinder.class]
SLF4J: See http://www.slf4j.org/codes.html#multiple_bindings for an explanation.
SLF4J: Actual binding is of type [org.apache.logging.slf4j.Log4jLoggerFactory]
DEBUG StatusLogger Using ShutdownCallbackRegistry class org.apache.logging.log4j.core.util.DefaultShutdownCallbackRegistry
DEBUG StatusLogger Took 0,083712 seconds to load 250 plugins from sun.misc.Launcher$AppClassLoader@330bedb4
DEBUG StatusLogger PluginManager 'Converter' found 46 plugins
DEBUG StatusLogger Starting OutputStreamManager SYSTEM_OUT.false.false-1
DEBUG StatusLogger Starting LoggerContext[name=330bedb4, org.apache.logging.log4j.core.LoggerContext@6fa51cd4]...
DEBUG StatusLogger Reconfiguration started for context[name=330bedb4] at URI null (org.apache.logging.log4j.core.LoggerContext@6fa51cd4) with optional ClassLoader: null
DEBUG StatusLogger PluginManager 'ConfigurationFactory' found 6 plugins
DEBUG StatusLogger Using configurationFactory org.apache.logging.log4j.core.config.ConfigurationFactory$Factory@25be7b63
DEBUG StatusLogger Apache Log4j Core 2.13.2 initializing configuration org.apache.logging.log4j.core.config.properties.PropertiesConfiguration@6a8658ff
DEBUG StatusLogger Installed 2 script engines
DEBUG StatusLogger Oracle Nashorn version: 1.8.0_402, language: ECMAScript, threading: Not Thread Safe, compile: true, names: [nashorn, Nashorn, js, JS, JavaScript, javascript, ECMAScript, ecmascript], factory class: jdk.nashorn.api.scripting.NashornScriptEngineFactory
DEBUG StatusLogger Groovy Scripting Engine version: 2.0, language: Groovy, threading: MULTITHREADED, compile: true, names: [groovy, Groovy], factory class: org.codehaus.groovy.jsr223.GroovyScriptEngineFactory
INFO StatusLogger Scanning for classes in '/home/alex/Repositories/hive/common/target/classes/org/apache/hadoop/hive/ql/log' matching criteria annotated with @Plugin
DEBUG StatusLogger Checking to see if class org.apache.hadoop.hive.ql.log.PerfLogger matches criteria annotated with @Plugin
INFO StatusLogger Scanning for classes in '/home/alex/Repositories/hive/ql/target/test-classes/org/apache/hadoop/hive/ql/log' matching criteria annotated with @Plugin
DEBUG StatusLogger Checking to see if class org.apache.hadoop.hive.ql.log.TestLog4j2Appenders matches criteria annotated with @Plugin
DEBUG StatusLogger Checking to see if class org.apache.hadoop.hive.ql.log.TestSlidingFilenameRolloverStrategy matches criteria annotated with @Plugin
DEBUG StatusLogger Checking to see if class org.apache.hadoop.hive.ql.log.TestSyslogInputFormat matches criteria annotated with @Plugin
INFO StatusLogger Scanning for classes in '/home/alex/Repositories/hive/ql/target/classes/org/apache/hadoop/hive/ql/log' matching criteria annotated with @Plugin
DEBUG StatusLogger Checking to see if class org.apache.hadoop.hive.ql.log.HushableRandomAccessFileAppender$1 matches criteria annotated with @Plugin
DEBUG StatusLogger Checking to see if class org.apache.hadoop.hive.ql.log.LogDivertAppender$NameFilter matches criteria annotated with @Plugin
DEBUG StatusLogger Checking to see if class org.apache.hadoop.hive.ql.log.syslog.SyslogStorageHandler matches criteria annotated with @Plugin
DEBUG StatusLogger Checking to see if class org.apache.hadoop.hive.ql.log.syslog.SyslogInputFormat$Location matches criteria annotated with @Plugin
DEBUG StatusLogger Checking to see if class org.apache.hadoop.hive.ql.log.syslog.SyslogSerDe matches criteria annotated with @Plugin
DEBUG StatusLogger Checking to see if class org.apache.hadoop.hive.ql.log.syslog.SyslogParser matches criteria annotated with @Plugin
DEBUG StatusLogger Checking to see if class org.apache.hadoop.hive.ql.log.syslog.SyslogInputFormat matches criteria annotated with @Plugin
DEBUG StatusLogger Checking to see if class org.apache.hadoop.hive.ql.log.LogDivertAppender matches criteria annotated with @Plugin
DEBUG StatusLogger Checking to see if class org.apache.hadoop.hive.ql.log.LogDivertAppenderForTest$TestFilter matches criteria annotated with @Plugin
DEBUG StatusLogger Checking to see if class org.apache.hadoop.hive.ql.log.LogDivertAppenderForTest matches criteria annotated with @Plugin
DEBUG StatusLogger Checking to see if class org.apache.hadoop.hive.ql.log.SlidingFilenameRolloverStrategy matches criteria annotated with @Plugin
DEBUG StatusLogger Checking to see if class org.apache.hadoop.hive.ql.log.HiveEventCounter$1 matches criteria annotated with @Plugin
DEBUG StatusLogger Checking to see if class org.apache.hadoop.hive.ql.log.NullAppender matches criteria annotated with @Plugin
DEBUG StatusLogger Checking to see if class org.apache.hadoop.hive.ql.log.SlidingFilenameRolloverStrategy$1 matches criteria annotated with @Plugin
DEBUG StatusLogger Checking to see if class org.apache.hadoop.hive.ql.log.HiveEventCounter matches criteria annotated with @Plugin
DEBUG StatusLogger Checking to see if class org.apache.hadoop.hive.ql.log.HushableRandomAccessFileAppender matches criteria annotated with @Plugin
DEBUG StatusLogger Checking to see if class org.apache.hadoop.hive.ql.log.HiveEventCounter$EventCounts matches criteria annotated with @Plugin
DEBUG StatusLogger Checking to see if class org.apache.hadoop.hive.ql.log.PidFilePatternConverter matches criteria annotated with @Plugin
DEBUG StatusLogger Took 0,026956 seconds to load 7 plugins from package org.apache.hadoop.hive.ql.log
DEBUG StatusLogger PluginManager 'Core' found 132 plugins
DEBUG StatusLogger PluginManager 'Level' found 0 plugins
DEBUG StatusLogger Building Plugin[name=property, class=org.apache.logging.log4j.core.config.Property].
TRACE StatusLogger TypeConverterRegistry initializing.
DEBUG StatusLogger PluginManager 'TypeConverter' found 26 plugins
DEBUG StatusLogger createProperty(name="hive.log.file", value="hive.log")
DEBUG StatusLogger Building Plugin[name=property, class=org.apache.logging.log4j.core.config.Property].
DEBUG StatusLogger createProperty(name="hive.log.dir", value="/home/alex/Repositories/hive/beeline/target/tmp/log")
DEBUG StatusLogger Building Plugin[name=property, class=org.apache.logging.log4j.core.config.Property].
DEBUG StatusLogger createProperty(name="hive.root.logger", value="DRFA")
DEBUG StatusLogger Building Plugin[name=property, class=org.apache.logging.log4j.core.config.Property].
DEBUG StatusLogger createProperty(name="hive.log.level", value="DEBUG")
DEBUG StatusLogger Building Plugin[name=property, class=org.apache.logging.log4j.core.config.Property].
DEBUG StatusLogger createProperty(name="hive.test.console.log.level", value="INFO")
DEBUG StatusLogger Building Plugin[name=properties, class=org.apache.logging.log4j.core.config.PropertiesPlugin].
DEBUG StatusLogger configureSubstitutor(={hive.log.file=hive.log, hive.log.dir=/home/alex/Repositories/hive/beeline/target/tmp/log, hive.root.logger=DRFA, hive.log.level=DEBUG, hive.test.console.log.level=INFO}, Configuration(HiveLog4j2Test))
DEBUG StatusLogger PluginManager 'Lookup' found 17 plugins
DEBUG StatusLogger Building Plugin[name=logger, class=org.apache.logging.log4j.core.config.LoggerConfig].
DEBUG StatusLogger createLogger(additivity="true", level="WARN", name="org.apache.hadoop.ipc", includeLocation="null", ={}, ={}, Configuration(HiveLog4j2Test), Filter=null)
DEBUG StatusLogger Building Plugin[name=logger, class=org.apache.logging.log4j.core.config.LoggerConfig].
DEBUG StatusLogger createLogger(additivity="true", level="INFO", name="org.apache.hadoop.security", includeLocation="null", ={}, ={}, Configuration(HiveLog4j2Test), Filter=null)
DEBUG StatusLogger Building Plugin[name=logger, class=org.apache.logging.log4j.core.config.LoggerConfig].
DEBUG StatusLogger createLogger(additivity="true", level="INFO", name="org.apache.hadoop.hdfs", includeLocation="null", ={}, ={}, Configuration(HiveLog4j2Test), Filter=null)
DEBUG StatusLogger Building Plugin[name=logger, class=org.apache.logging.log4j.core.config.LoggerConfig].
DEBUG StatusLogger createLogger(additivity="true", level="WARN", name="org.apache.hadoop.hdfs.server", includeLocation="null", ={}, ={}, Configuration(HiveLog4j2Test), Filter=null)
DEBUG StatusLogger Building Plugin[name=logger, class=org.apache.logging.log4j.core.config.LoggerConfig].
DEBUG StatusLogger createLogger(additivity="true", level="INFO", name="org.apache.hadoop.metrics2", includeLocation="null", ={}, ={}, Configuration(HiveLog4j2Test), Filter=null)
DEBUG StatusLogger Building Plugin[name=logger, class=org.apache.logging.log4j.core.config.LoggerConfig].
DEBUG StatusLogger createLogger(additivity="true", level="INFO", name="org.mortbay", includeLocation="null", ={}, ={}, Configuration(HiveLog4j2Test), Filter=null)
DEBUG StatusLogger Building Plugin[name=logger, class=org.apache.logging.log4j.core.config.LoggerConfig].
DEBUG StatusLogger createLogger(additivity="true", level="INFO", name="org.apache.hadoop.yarn", includeLocation="null", ={}, ={}, Configuration(HiveLog4j2Test), Filter=null)
DEBUG StatusLogger Building Plugin[name=logger, class=org.apache.logging.log4j.core.config.LoggerConfig].
DEBUG StatusLogger createLogger(additivity="true", level="WARN", name="org.apache.hadoop.yarn.server", includeLocation="null", ={}, ={}, Configuration(HiveLog4j2Test), Filter=null)
DEBUG StatusLogger Building Plugin[name=logger, class=org.apache.logging.log4j.core.config.LoggerConfig].
DEBUG StatusLogger createLogger(additivity="true", level="INFO", name="org.apache.tez", includeLocation="null", ={}, ={}, Configuration(HiveLog4j2Test), Filter=null)
DEBUG StatusLogger Building Plugin[name=logger, class=org.apache.logging.log4j.core.config.LoggerConfig].
DEBUG StatusLogger createLogger(additivity="true", level="ERROR", name="org.apache.hadoop.conf.Configuration", includeLocation="null", ={}, ={}, Configuration(HiveLog4j2Test), Filter=null)
DEBUG StatusLogger Building Plugin[name=logger, class=org.apache.logging.log4j.core.config.LoggerConfig].
DEBUG StatusLogger createLogger(additivity="true", level="INFO", name="org.apache.zookeeper", includeLocation="null", ={}, ={}, Configuration(HiveLog4j2Test), Filter=null)
DEBUG StatusLogger Building Plugin[name=logger, class=org.apache.logging.log4j.core.config.LoggerConfig].
DEBUG StatusLogger createLogger(additivity="true", level="WARN", name="org.apache.zookeeper.server.ServerCnxn", includeLocation="null", ={}, ={}, Configuration(HiveLog4j2Test), Filter=null)
DEBUG StatusLogger Building Plugin[name=logger, class=org.apache.logging.log4j.core.config.LoggerConfig].
DEBUG StatusLogger createLogger(additivity="true", level="WARN", name="org.apache.zookeeper.server.NIOServerCnxn", includeLocation="null", ={}, ={}, Configuration(HiveLog4j2Test), Filter=null)
DEBUG StatusLogger Building Plugin[name=logger, class=org.apache.logging.log4j.core.config.LoggerConfig].
DEBUG StatusLogger createLogger(additivity="true", level="WARN", name="org.apache.zookeeper.ClientCnxn", includeLocation="null", ={}, ={}, Configuration(HiveLog4j2Test), Filter=null)
DEBUG StatusLogger Building Plugin[name=logger, class=org.apache.logging.log4j.core.config.LoggerConfig].
DEBUG StatusLogger createLogger(additivity="true", level="WARN", name="org.apache.zookeeper.ClientCnxnSocket", includeLocation="null", ={}, ={}, Configuration(HiveLog4j2Test), Filter=null)
DEBUG StatusLogger Building Plugin[name=logger, class=org.apache.logging.log4j.core.config.LoggerConfig].
DEBUG StatusLogger createLogger(additivity="true", level="WARN", name="org.apache.zookeeper.ClientCnxnSocketNIO", includeLocation="null", ={}, ={}, Configuration(HiveLog4j2Test), Filter=null)
DEBUG StatusLogger Building Plugin[name=logger, class=org.apache.logging.log4j.core.config.LoggerConfig].
DEBUG StatusLogger createLogger(additivity="true", level="ERROR", name="DataNucleus", includeLocation="null", ={}, ={}, Configuration(HiveLog4j2Test), Filter=null)
DEBUG StatusLogger Building Plugin[name=logger, class=org.apache.logging.log4j.core.config.LoggerConfig].
DEBUG StatusLogger createLogger(additivity="true", level="ERROR", name="Datastore", includeLocation="null", ={}, ={}, Configuration(HiveLog4j2Test), Filter=null)
DEBUG StatusLogger Building Plugin[name=logger, class=org.apache.logging.log4j.core.config.LoggerConfig].
DEBUG StatusLogger createLogger(additivity="true", level="ERROR", name="JPOX", includeLocation="null", ={}, ={}, Configuration(HiveLog4j2Test), Filter=null)
DEBUG StatusLogger Building Plugin[name=logger, class=org.apache.logging.log4j.core.config.LoggerConfig].
DEBUG StatusLogger createLogger(additivity="true", level="INFO", name="org.apache.hadoop.hive.ql.exec.Operator", includeLocation="null", ={}, ={}, Configuration(HiveLog4j2Test), Filter=null)
DEBUG StatusLogger Building Plugin[name=logger, class=org.apache.logging.log4j.core.config.LoggerConfig].
DEBUG StatusLogger createLogger(additivity="true", level="INFO", name="org.apache.hadoop.hive.serde2.lazy", includeLocation="null", ={}, ={}, Configuration(HiveLog4j2Test), Filter=null)
DEBUG StatusLogger Building Plugin[name=logger, class=org.apache.logging.log4j.core.config.LoggerConfig].
DEBUG StatusLogger createLogger(additivity="true", level="INFO", name="org.apache.hadoop.hive.metastore.ObjectStore", includeLocation="null", ={}, ={}, Configuration(HiveLog4j2Test), Filter=null)
DEBUG StatusLogger Building Plugin[name=logger, class=org.apache.logging.log4j.core.config.LoggerConfig].
DEBUG StatusLogger createLogger(additivity="true", level="INFO", name="org.apache.calcite.plan.RelOptPlanner", includeLocation="null", ={}, ={}, Configuration(HiveLog4j2Test), Filter=null)
DEBUG StatusLogger Building Plugin[name=logger, class=org.apache.logging.log4j.core.config.LoggerConfig].
DEBUG StatusLogger createLogger(additivity="true", level="INFO", name="com.amazonaws", includeLocation="null", ={}, ={}, Configuration(HiveLog4j2Test), Filter=null)
DEBUG StatusLogger Building Plugin[name=logger, class=org.apache.logging.log4j.core.config.LoggerConfig].
DEBUG StatusLogger createLogger(additivity="true", level="INFO", name="org.apache.http", includeLocation="null", ={}, ={}, Configuration(HiveLog4j2Test), Filter=null)
DEBUG StatusLogger Building Plugin[name=logger, class=org.apache.logging.log4j.core.config.LoggerConfig].
DEBUG StatusLogger createLogger(additivity="true", level="WARN", name="org.apache.thrift", includeLocation="null", ={}, ={}, Configuration(HiveLog4j2Test), Filter=null)
DEBUG StatusLogger Building Plugin[name=logger, class=org.apache.logging.log4j.core.config.LoggerConfig].
DEBUG StatusLogger createLogger(additivity="true", level="WARN", name="org.eclipse.jetty", includeLocation="null", ={}, ={}, Configuration(HiveLog4j2Test), Filter=null)
DEBUG StatusLogger Building Plugin[name=logger, class=org.apache.logging.log4j.core.config.LoggerConfig].
DEBUG StatusLogger createLogger(additivity="true", level="WARN", name="BlockStateChange", includeLocation="null", ={}, ={}, Configuration(HiveLog4j2Test), Filter=null)
DEBUG StatusLogger Building Plugin[name=logger, class=org.apache.logging.log4j.core.config.LoggerConfig].
DEBUG StatusLogger createLogger(additivity="true", level="DEBUG", name="org.apache.hadoop.hive.ql.optimizer.SharedWorkOptimizer", includeLocation="null", ={}, ={}, Configuration(HiveLog4j2Test), Filter=null)
DEBUG StatusLogger Building Plugin[name=AppenderRef, class=org.apache.logging.log4j.core.config.AppenderRef].
DEBUG StatusLogger createAppenderRef(ref="console", level="INFO", Filter=null)
DEBUG StatusLogger Building Plugin[name=AppenderRef, class=org.apache.logging.log4j.core.config.AppenderRef].
DEBUG StatusLogger createAppenderRef(ref="DRFA", level="null", Filter=null)
DEBUG StatusLogger Building Plugin[name=root, class=org.apache.logging.log4j.core.config.LoggerConfig$RootLogger].
DEBUG StatusLogger createLogger(additivity="null", level="DEBUG", includeLocation="null", ={console, DRFA}, ={}, Configuration(HiveLog4j2Test), Filter=null)
DEBUG StatusLogger Building Plugin[name=loggers, class=org.apache.logging.log4j.core.config.LoggersPlugin].
DEBUG StatusLogger createLoggers(={org.apache.hadoop.ipc, org.apache.hadoop.security, org.apache.hadoop.hdfs, org.apache.hadoop.hdfs.server, org.apache.hadoop.metrics2, org.mortbay, org.apache.hadoop.yarn, org.apache.hadoop.yarn.server, org.apache.tez, org.apache.hadoop.conf.Configuration, org.apache.zookeeper, org.apache.zookeeper.server.ServerCnxn, org.apache.zookeeper.server.NIOServerCnxn, org.apache.zookeeper.ClientCnxn, org.apache.zookeeper.ClientCnxnSocket, org.apache.zookeeper.ClientCnxnSocketNIO, DataNucleus, Datastore, JPOX, org.apache.hadoop.hive.ql.exec.Operator, org.apache.hadoop.hive.serde2.lazy, org.apache.hadoop.hive.metastore.ObjectStore, org.apache.calcite.plan.RelOptPlanner, com.amazonaws, org.apache.http, org.apache.thrift, org.eclipse.jetty, BlockStateChange, org.apache.hadoop.hive.ql.optimizer.SharedWorkOptimizer, root})
DEBUG StatusLogger Building Plugin[name=layout, class=org.apache.logging.log4j.core.layout.PatternLayout].
DEBUG StatusLogger PatternLayout$Builder(pattern="%d{ISO8601} %5p [%t] %c{2}: %m%n", Configuration(HiveLog4j2Test), noConsoleNoAnsi="null", alwaysWriteExceptions="null", disableAnsi="null", header="null", footer="null", charset="null", Replace=null, PatternSelector=null)
DEBUG StatusLogger PluginManager 'Converter' found 46 plugins
DEBUG StatusLogger Building Plugin[name=appender, class=org.apache.logging.log4j.core.appender.ConsoleAppender].
DEBUG StatusLogger ConsoleAppender$Builder(target="SYSTEM_ERR", follow="null", direct="null", bufferSize="null", immediateFlush="null", bufferedIo="null", ignoreExceptions="null", PatternLayout(%d{ISO8601} %5p [%t] %c{2}: %m%n), Configuration(HiveLog4j2Test), name="console", ={}, Filter=null)
DEBUG StatusLogger Starting OutputStreamManager SYSTEM_ERR.false.false
DEBUG StatusLogger Building Plugin[name=layout, class=org.apache.logging.log4j.core.layout.PatternLayout].
DEBUG StatusLogger PatternLayout$Builder(PatternSelector=null, alwaysWriteExceptions="null", pattern="%d{ISO8601} %5p [%t] %c{2}: %m%n", Configuration(HiveLog4j2Test), charset="null", footer="null", noConsoleNoAnsi="null", header="null", disableAnsi="null", Replace=null)
DEBUG StatusLogger Building Plugin[name=TimeBasedTriggeringPolicy, class=org.apache.logging.log4j.core.appender.rolling.TimeBasedTriggeringPolicy].
DEBUG StatusLogger TimeBasedTriggeringPolicy$Builder(maxRandomDelay="null", interval="1", modulate="true")
DEBUG StatusLogger Building Plugin[name=Policies, class=org.apache.logging.log4j.core.appender.rolling.CompositeTriggeringPolicy].
DEBUG StatusLogger createPolicy(={TimeBasedTriggeringPolicy(nextRolloverMillis=0, interval=1, modulate=true)})
DEBUG StatusLogger Building Plugin[name=DefaultRolloverStrategy, class=org.apache.logging.log4j.core.appender.rolling.DefaultRolloverStrategy].
DEBUG StatusLogger DefaultRolloverStrategy$Builder(compressionLevel="null", min="null", Configuration(HiveLog4j2Test), stopCustomActionsOnError="null", ={}, fileIndex="null", tempCompressedFilePattern="null", max="30")
DEBUG StatusLogger Building Plugin[name=appender, class=org.apache.logging.log4j.core.appender.RollingRandomAccessFileAppender].
DEBUG StatusLogger RollingRandomAccessFileAppender$Builder(advertise="null", advertiseURI="null", filePermissions="null", fileOwner="null", filePattern="/home/alex/Repositories/hive/beeline/target/tmp/log/hive.log.%d{yyyy-MM-dd}", append="null", Policies(CompositeTriggeringPolicy(policies=[TimeBasedTriggeringPolicy(nextRolloverMillis=0, interval=1, modulate=true)])), fileName="/home/alex/Repositories/hive/beeline/target/tmp/log/hive.log", DefaultRolloverStrategy(DefaultRolloverStrategy(min=1, max=30, useMax=true)), fileGroup="null", bufferSize="null", immediateFlush="null", bufferedIo="null", PatternLayout(%d{ISO8601} %5p [%t] %c{2}: %m%n), name="DRFA", ignoreExceptions="null", Configuration(HiveLog4j2Test), Filter=null, ={})
TRACE StatusLogger RandomAccessFile /home/alex/Repositories/hive/beeline/target/tmp/log/hive.log seek to 6064907
DEBUG StatusLogger Starting RollingRandomAccessFileManager /home/alex/Repositories/hive/beeline/target/tmp/log/hive.log
DEBUG StatusLogger PluginManager 'FileConverter' found 3 plugins
DEBUG StatusLogger Setting prev file time to 2024-04-24T08:10:47.108-0700
DEBUG StatusLogger Initializing triggering policy CompositeTriggeringPolicy(policies=[TimeBasedTriggeringPolicy(nextRolloverMillis=0, interval=1, modulate=true)])
DEBUG StatusLogger Initializing triggering policy TimeBasedTriggeringPolicy(nextRolloverMillis=0, interval=1, modulate=true)
TRACE StatusLogger PatternProcessor.getNextTime returning 2024/04/25-00:00:00.000, nextFileTime=2024/04/24-00:00:00.000, prevFileTime=1969/12/31-16:00:00.000, current=2024/04/24-08:10:50.354, freq=DAILY
TRACE StatusLogger PatternProcessor.getNextTime returning 2024/04/25-00:00:00.000, nextFileTime=2024/04/24-00:00:00.000, prevFileTime=2024/04/24-00:00:00.000, current=2024/04/24-08:10:50.355, freq=DAILY
DEBUG StatusLogger Building Plugin[name=appenders, class=org.apache.logging.log4j.core.config.AppendersPlugin].
DEBUG StatusLogger createAppenders(={console, DRFA})
DEBUG StatusLogger Configuration org.apache.logging.log4j.core.config.properties.PropertiesConfiguration@6a8658ff initialized
DEBUG StatusLogger Starting configuration org.apache.logging.log4j.core.config.properties.PropertiesConfiguration@6a8658ff
DEBUG StatusLogger Started configuration org.apache.logging.log4j.core.config.properties.PropertiesConfiguration@6a8658ff OK.
TRACE StatusLogger Stopping org.apache.logging.log4j.core.config.DefaultConfiguration@1757cd72...
TRACE StatusLogger DefaultConfiguration notified 1 ReliabilityStrategies that config will be stopped.
TRACE StatusLogger DefaultConfiguration stopping root LoggerConfig.
TRACE StatusLogger DefaultConfiguration notifying ReliabilityStrategies that appenders will be stopped.
TRACE StatusLogger DefaultConfiguration stopping remaining Appenders.
DEBUG StatusLogger Shutting down OutputStreamManager SYSTEM_OUT.false.false-1
DEBUG StatusLogger OutputStream closed
DEBUG StatusLogger Shut down OutputStreamManager SYSTEM_OUT.false.false-1, all resources released: true
DEBUG StatusLogger Appender DefaultConsole-1 stopped with status true
TRACE StatusLogger DefaultConfiguration stopped 1 remaining Appenders.
TRACE StatusLogger DefaultConfiguration cleaning Appenders from 1 LoggerConfigs.
DEBUG StatusLogger Stopped org.apache.logging.log4j.core.config.DefaultConfiguration@1757cd72 OK
TRACE StatusLogger Reregistering MBeans after reconfigure. Selector=org.apache.logging.log4j.core.selector.ClassLoaderContextSelector@56e8b606
TRACE StatusLogger Reregistering context (1/1): '330bedb4' org.apache.logging.log4j.core.LoggerContext@6fa51cd4
TRACE StatusLogger Unregistering but no MBeans found matching 'org.apache.logging.log4j2:type=330bedb4'
TRACE StatusLogger Unregistering but no MBeans found matching 'org.apache.logging.log4j2:type=330bedb4,component=StatusLogger'
TRACE StatusLogger Unregistering but no MBeans found matching 'org.apache.logging.log4j2:type=330bedb4,component=ContextSelector'
TRACE StatusLogger Unregistering but no MBeans found matching 'org.apache.logging.log4j2:type=330bedb4,component=Loggers,name=*'
TRACE StatusLogger Unregistering but no MBeans found matching 'org.apache.logging.log4j2:type=330bedb4,component=Appenders,name=*'
TRACE StatusLogger Unregistering but no MBeans found matching 'org.apache.logging.log4j2:type=330bedb4,component=AsyncAppenders,name=*'
TRACE StatusLogger Unregistering but no MBeans found matching 'org.apache.logging.log4j2:type=330bedb4,component=AsyncLoggerRingBuffer'
TRACE StatusLogger Unregistering but no MBeans found matching 'org.apache.logging.log4j2:type=330bedb4,component=Loggers,name=*,subtype=RingBuffer'
DEBUG StatusLogger Registering MBean org.apache.logging.log4j2:type=330bedb4
DEBUG StatusLogger Registering MBean org.apache.logging.log4j2:type=330bedb4,component=StatusLogger
DEBUG StatusLogger Registering MBean org.apache.logging.log4j2:type=330bedb4,component=ContextSelector
DEBUG StatusLogger Registering MBean org.apache.logging.log4j2:type=330bedb4,component=Loggers,name=org.apache.hadoop.hdfs
DEBUG StatusLogger Registering MBean org.apache.logging.log4j2:type=330bedb4,component=Loggers,name=org.apache.hadoop.conf.Configuration
DEBUG StatusLogger Registering MBean org.apache.logging.log4j2:type=330bedb4,component=Loggers,name=org.apache.zookeeper.server.ServerCnxn
DEBUG StatusLogger Registering MBean org.apache.logging.log4j2:type=330bedb4,component=Loggers,name=DataNucleus
DEBUG StatusLogger Registering MBean org.apache.logging.log4j2:type=330bedb4,component=Loggers,name=org.apache.http
DEBUG StatusLogger Registering MBean org.apache.logging.log4j2:type=330bedb4,component=Loggers,name=Datastore
DEBUG StatusLogger Registering MBean org.apache.logging.log4j2:type=330bedb4,component=Loggers,name=org.apache.hadoop.hive.metastore.ObjectStore
DEBUG StatusLogger Registering MBean org.apache.logging.log4j2:type=330bedb4,component=Loggers,name=org.apache.hadoop.metrics2
DEBUG StatusLogger Registering MBean org.apache.logging.log4j2:type=330bedb4,component=Loggers,name=org.apache.zookeeper.ClientCnxn
DEBUG StatusLogger Registering MBean org.apache.logging.log4j2:type=330bedb4,component=Loggers,name=org.apache.calcite.plan.RelOptPlanner
DEBUG StatusLogger Registering MBean org.apache.logging.log4j2:type=330bedb4,component=Loggers,name=org.apache.hadoop.hdfs.server
DEBUG StatusLogger Registering MBean org.apache.logging.log4j2:type=330bedb4,component=Loggers,name=org.apache.hadoop.hive.serde2.lazy
DEBUG StatusLogger Registering MBean org.apache.logging.log4j2:type=330bedb4,component=Loggers,name=org.apache.hadoop.ipc
DEBUG StatusLogger Registering MBean org.apache.logging.log4j2:type=330bedb4,component=Loggers,name=org.apache.hadoop.yarn
DEBUG StatusLogger Registering MBean org.apache.logging.log4j2:type=330bedb4,component=Loggers,name=org.apache.zookeeper.ClientCnxnSocketNIO
DEBUG StatusLogger Registering MBean org.apache.logging.log4j2:type=330bedb4,component=Loggers,name=com.amazonaws
DEBUG StatusLogger Registering MBean org.apache.logging.log4j2:type=330bedb4,component=Loggers,name=org.apache.thrift
DEBUG StatusLogger Registering MBean org.apache.logging.log4j2:type=330bedb4,component=Loggers,name=org.apache.zookeeper.ClientCnxnSocket
DEBUG StatusLogger Registering MBean org.apache.logging.log4j2:type=330bedb4,component=Loggers,name=org.apache.zookeeper.server.NIOServerCnxn
DEBUG StatusLogger Registering MBean org.apache.logging.log4j2:type=330bedb4,component=Loggers,name=org.apache.hadoop.hive.ql.optimizer.SharedWorkOptimizer
DEBUG StatusLogger Registering MBean org.apache.logging.log4j2:type=330bedb4,component=Loggers,name=org.apache.hadoop.yarn.server
DEBUG StatusLogger Registering MBean org.apache.logging.log4j2:type=330bedb4,component=Loggers,name=org.apache.tez
DEBUG StatusLogger Registering MBean org.apache.logging.log4j2:type=330bedb4,component=Loggers,name=org.apache.zookeeper
DEBUG StatusLogger Registering MBean org.apache.logging.log4j2:type=330bedb4,component=Loggers,name=
DEBUG StatusLogger Registering MBean org.apache.logging.log4j2:type=330bedb4,component=Loggers,name=org.mortbay
DEBUG StatusLogger Registering MBean org.apache.logging.log4j2:type=330bedb4,component=Loggers,name=org.apache.hadoop.hive.ql.exec.Operator
DEBUG StatusLogger Registering MBean org.apache.logging.log4j2:type=330bedb4,component=Loggers,name=org.apache.hadoop.security
DEBUG StatusLogger Registering MBean org.apache.logging.log4j2:type=330bedb4,component=Loggers,name=JPOX
DEBUG StatusLogger Registering MBean org.apache.logging.log4j2:type=330bedb4,component=Loggers,name=org.eclipse.jetty
DEBUG StatusLogger Registering MBean org.apache.logging.log4j2:type=330bedb4,component=Loggers,name=BlockStateChange
DEBUG StatusLogger Registering MBean org.apache.logging.log4j2:type=330bedb4,component=Appenders,name=console
DEBUG StatusLogger Registering MBean org.apache.logging.log4j2:type=330bedb4,component=Appenders,name=DRFA
TRACE StatusLogger Using default SystemClock for timestamps.
DEBUG StatusLogger org.apache.logging.log4j.core.util.SystemClock does not support precise timestamps.
TRACE StatusLogger Using DummyNanoClock for nanosecond timestamps.
DEBUG StatusLogger Reconfiguration complete for context[name=330bedb4] at URI /home/alex/Repositories/hive/beeline/target/testconf/hive-log4j2.properties (org.apache.logging.log4j.core.LoggerContext@6fa51cd4) with optional ClassLoader: null
DEBUG StatusLogger Shutdown hook enabled. Registering a new one.
DEBUG StatusLogger LoggerContext[name=330bedb4, org.apache.logging.log4j.core.LoggerContext@6fa51cd4] started OK.
2024-04-24T08:10:50,459  INFO [main] conf.HiveConf: Found configuration file file:/home/alex/Repositories/hive/beeline/target/test-classes/hive-site.xml
DEBUG StatusLogger AsyncLogger.ThreadNameStrategy=UNCACHED (user specified null, default is UNCACHED)
TRACE StatusLogger Using default SystemClock for timestamps.
DEBUG StatusLogger org.apache.logging.log4j.core.util.SystemClock does not support precise timestamps.
2024-04-24T08:10:50,902  WARN [main] util.NativeCodeLoader: Unable to load native-hadoop library for your platform... using builtin-java classes where applicable
2024-04-24T08:10:50,962  WARN [main] conf.HiveConf: HiveConf of name hive.dummyparam.test.server.specific.config.override does not exist
2024-04-24T08:10:50,963  WARN [main] conf.HiveConf: HiveConf of name hive.dummyparam.test.server.specific.config.metastoresite does not exist
Connecting to jdbc:hive2://
2024-04-24T08:10:51,417  WARN [main] conf.HiveConf: HiveConf of name hive.dummyparam.test.server.specific.config.override does not exist
2024-04-24T08:10:51,418  WARN [main] conf.HiveConf: HiveConf of name hive.dummyparam.test.server.specific.config.metastoresite does not exist
2024-04-24T08:10:51,418  WARN [main] conf.HiveConf: HiveConf of name hive.dummyparam.test.server.specific.config.hiveserver2site does not exist
Hive Session ID = fb0670f3-4638-451b-bebe-5dbb2d17d69e
2024-04-24T08:10:51,474  INFO [main] SessionState: Hive Session ID = fb0670f3-4638-451b-bebe-5dbb2d17d69e
ivysettings.xml file not found in HIVE_HOME or HIVE_CONF_DIR,/home/alex/Repositories/hive/conf/ivysettings.xml will be used
2024-04-24T08:10:51,496  INFO [main] DependencyResolver: ivysettings.xml file not found in HIVE_HOME or HIVE_CONF_DIR,/home/alex/Repositories/hive/conf/ivysettings.xml will be used
2024-04-24T08:10:51,839  INFO [main] session.SessionState: Created HDFS directory: /tmp/hive/alex/fb0670f3-4638-451b-bebe-5dbb2d17d69e
2024-04-24T08:10:51,842  INFO [main] session.SessionState: Created local directory: /home/alex/Repositories/hive/beeline/target/tmp/alex/fb0670f3-4638-451b-bebe-5dbb2d17d69e
2024-04-24T08:10:51,845  INFO [main] session.SessionState: Created HDFS directory: /tmp/hive/alex/fb0670f3-4638-451b-bebe-5dbb2d17d69e/_tmp_space.db
2024-04-24T08:10:51,875  INFO [main] sqlstd.SQLStdHiveAccessController: Created SQLStdHiveAccessController for session context : HiveAuthzSessionContext [sessionString=fb0670f3-4638-451b-bebe-5dbb2d17d69e, clientType=HIVESERVER2]
2024-04-24T08:10:51,990  INFO [main] metastore.HiveMetaStoreClient: HMS client filtering is enabled.
2024-04-24T08:10:52,159  INFO [main] metastore.HMSHandler: 0: Opening raw store with implementation class:org.apache.hadoop.hive.metastore.ObjectStore
2024-04-24T08:10:52,197  INFO [main] metastore.PersistenceManagerProvider: Configuration datanucleus.autoStartMechanismMode is not set. Defaulting to 'ignored'
2024-04-24T08:10:52,204  INFO [main] metastore.PersistenceManagerProvider: Updating the pmf due to property change
2024-04-24T08:10:52,204  INFO [main] metastore.PersistenceManagerProvider: Current pmf properties are uninitialized
2024-04-24T08:10:52,226  WARN [main] hikari.HikariConfig: HikariPool-1 - leakDetectionThreshold is less than 2000ms or more than maxLifetime, disabling it.
2024-04-24T08:10:52,230  INFO [main] hikari.HikariDataSource: HikariPool-1 - Starting...
2024-04-24T08:10:52,538  INFO [main] pool.PoolBase: HikariPool-1 - Driver does not support get/set network timeout for connections. (Feature not implemented: No details.)
2024-04-24T08:10:52,541  INFO [main] hikari.HikariDataSource: HikariPool-1 - Start completed.
2024-04-24T08:10:53,155  INFO [main] metastore.PersistenceManagerProvider: Setting MetaStore object pin classes with hive.metastore.cache.pinobjtypes="Table,StorageDescriptor,SerDeInfo,Partition,Database,Type,FieldSchema,Order"
2024-04-24T08:10:53,156  INFO [main] metastore.ObjectStore: RawStore: org.apache.hadoop.hive.metastore.ObjectStore@296e281a, with PersistenceManager: null will be shutdown
2024-04-24T08:10:53,183  INFO [main] metastore.ObjectStore: RawStore: org.apache.hadoop.hive.metastore.ObjectStore@296e281a, with PersistenceManager: org.datanucleus.api.jdo.JDOPersistenceManager@3f0d6038 created in the thread with id: 1
2024-04-24T08:10:55,917  WARN [main] metastore.ObjectStore: Version information not found in metastore. metastore.schema.verification is not enabled so recording the schema version 4.0.0
2024-04-24T08:10:55,917  WARN [main] metastore.ObjectStore: setMetaStoreSchemaVersion called but recording version is disabled: version = 4.0.0, comment = Set by MetaStore alex@127.0.1.1
2024-04-24T08:10:55,917  INFO [main] metastore.HMSHandler: Created RawStore: org.apache.hadoop.hive.metastore.ObjectStore@296e281a from thread id: 1
2024-04-24T08:10:56,017  INFO [main] metastore.HMSHandler: Added admin role in metastore
2024-04-24T08:10:56,021  INFO [main] metastore.HMSHandler: Added public role in metastore
2024-04-24T08:10:56,058  INFO [main] metastore.HMSHandler: No user is added in admin role, since config is empty
2024-04-24T08:10:56,088  WARN [main] hikari.HikariConfig: HikariPool-2 - leakDetectionThreshold is less than 2000ms or more than maxLifetime, disabling it.
2024-04-24T08:10:56,092  INFO [main] hikari.HikariDataSource: HikariPool-2 - Starting...
2024-04-24T08:10:56,094  INFO [main] pool.PoolBase: HikariPool-2 - Driver does not support get/set network timeout for connections. (Feature not implemented: No details.)
2024-04-24T08:10:56,095  INFO [main] hikari.HikariDataSource: HikariPool-2 - Start completed.
2024-04-24T08:10:56,099  WARN [main] hikari.HikariConfig: HikariPool-3 - leakDetectionThreshold is less than 2000ms or more than maxLifetime, disabling it.
2024-04-24T08:10:56,104  INFO [main] hikari.HikariDataSource: HikariPool-3 - Starting...
2024-04-24T08:10:56,105  INFO [main] pool.PoolBase: HikariPool-3 - Driver does not support get/set network timeout for connections. (Feature not implemented: No details.)
2024-04-24T08:10:56,106  INFO [main] hikari.HikariDataSource: HikariPool-3 - Start completed.
2024-04-24T08:10:56,113  INFO [main] metastore.HMSHandler: Scheduling for org.apache.hadoop.hive.metastore.metrics.AcidMetricService service with frequency 300000ms.
2024-04-24T08:10:56,118  INFO [main] metastore.HMSHandler: Scheduling for org.apache.hadoop.hive.metastore.HiveProtoEventsCleanerTask service with frequency 86400000ms.
2024-04-24T08:10:56,119  INFO [main] metastore.HMSHandler: Scheduling for org.apache.hadoop.hive.metastore.ScheduledQueryExecutionsMaintTask service with frequency 60000ms.
2024-04-24T08:10:56,120  INFO [main] metastore.HMSHandler: Scheduling for org.apache.hadoop.hive.metastore.RuntimeStatsCleanerTask service with frequency 3600000ms.
2024-04-24T08:10:56,122  INFO [main] metastore.HMSHandler: Scheduling for org.apache.hadoop.hive.metastore.events.EventCleanerTask service with frequency 0ms.
2024-04-24T08:10:56,122  INFO [main] metastore.HMSHandler: Scheduling for org.apache.hadoop.hive.metastore.ReplicationMetricsMaintTask service with frequency 86400000ms.
2024-04-24T08:10:56,125  INFO [main] metastore.HMSHandler: HMS server filtering is disabled by configuration
2024-04-24T08:10:56,344  INFO [main] metastore.RetryingMetaStoreClient: RetryingMetaStoreClient proxy=class org.apache.hadoop.hive.ql.metadata.SessionHiveMetaStoreClient ugi=alex (auth:SIMPLE) retries=1 delay=1 lifetime=0
2024-04-24T08:10:57,483  WARN [main] exec.FunctionRegistry: UDF Class org.apache.datasketches.hive.tuple.ArrayOfDoublesSketchToValuesUDTF does not have description. Please annotate the class with the org.apache.hadoop.hive.ql.exec.Description annotation and provide the description of the function.
2024-04-24T08:10:57,490  WARN [main] exec.FunctionRegistry: UDF Class org.apache.datasketches.hive.hll.UnionSketchUDF does not have description. Please annotate the class with the org.apache.hadoop.hive.ql.exec.Description annotation and provide the description of the function.
2024-04-24T08:10:57,501  WARN [main] exec.FunctionRegistry: UDF Class org.apache.datasketches.hive.theta.ExcludeSketchUDF does not have description. Please annotate the class with the org.apache.hadoop.hive.ql.exec.Description annotation and provide the description of the function.
2024-04-24T08:10:57,504  WARN [main] exec.FunctionRegistry: UDF Class org.apache.datasketches.hive.theta.EstimateSketchUDF does not have description. Please annotate the class with the org.apache.hadoop.hive.ql.exec.Description annotation and provide the description of the function.
2024-04-24T08:10:57,504  WARN [main] exec.FunctionRegistry: UDF Class org.apache.datasketches.hive.theta.IntersectSketchUDF does not have description. Please annotate the class with the org.apache.hadoop.hive.ql.exec.Description annotation and provide the description of the function.
2024-04-24T08:10:57,505  WARN [main] exec.FunctionRegistry: UDF Class org.apache.datasketches.hive.theta.UnionSketchUDF does not have description. Please annotate the class with the org.apache.hadoop.hive.ql.exec.Description annotation and provide the description of the function.
2024-04-24T08:10:57,510  WARN [main] exec.FunctionRegistry: UDF Class org.apache.datasketches.hive.cpc.UnionSketchUDF does not have description. Please annotate the class with the org.apache.hadoop.hive.ql.exec.Description annotation and provide the description of the function.
2024-04-24T08:10:57,633  INFO [main] service.CompositeService: Operation log root directory is created: /home/alex/Repositories/hive/beeline/target/tmp/alex/operation_logs
2024-04-24T08:10:57,635  INFO [main] service.CompositeService: HiveServer2: Background operation thread pool size: 100
2024-04-24T08:10:57,635  INFO [main] service.CompositeService: HiveServer2: Background operation thread wait queue size: 100
2024-04-24T08:10:57,635  INFO [main] service.CompositeService: HiveServer2: Background operation thread keepalive time: 10 seconds
2024-04-24T08:10:57,636  INFO [main] service.CompositeService: Connections limit are user: 0 ipaddress: 0 user-ipaddress: 0
2024-04-24T08:10:57,639  INFO [main] cleanup.EventualCleanupService: EventualCleanupService started with 10 threads and queue of size 10000
2024-04-24T08:10:57,648  INFO [main] service.AbstractService: Service:OperationManager is inited.
DEBUG StatusLogger Building Plugin[name=appender, class=org.apache.hadoop.hive.ql.log.NullAppender].
DEBUG StatusLogger createNullAppender()
DEBUG StatusLogger PluginManager 'Converter' found 46 plugins
DEBUG StatusLogger Starting OutputStreamManager SYSTEM_OUT.false.false-2
DEBUG StatusLogger Log4j2 ConfigurationScheduler starting 2 threads
DEBUG StatusLogger Building Plugin[name=appender, class=org.apache.hadoop.hive.ql.log.NullAppender].
DEBUG StatusLogger createNullAppender()
DEBUG StatusLogger PluginManager 'Converter' found 46 plugins
DEBUG StatusLogger Starting OutputStreamManager SYSTEM_OUT.false.false-3
2024-04-24T08:10:57,665  INFO [main] service.AbstractService: Service:SessionManager is inited.
2024-04-24T08:10:57,666  INFO [main] service.AbstractService: Service:CLIService is inited.
2024-04-24T08:10:57,666  INFO [main] service.AbstractService: Service:OperationManager is started.
2024-04-24T08:10:57,666  INFO [main] service.AbstractService: Service:SessionManager is started.
2024-04-24T08:10:57,667  INFO [main] service.AbstractService: Service:CLIService is started.
2024-04-24T08:10:57,668  INFO [main] service.AbstractService: Service:ThriftBinaryCLIService is inited.
2024-04-24T08:10:57,671  INFO [main] thrift.ThriftCLIService: Client protocol version: HIVE_CLI_SERVICE_PROTOCOL_V10
2024-04-24T08:10:57,676  INFO [main] thrift.ThriftCLIService: Creating Hive session handle for user [null] from IP null
ivysettings.xml file not found in HIVE_HOME or HIVE_CONF_DIR,/home/alex/Repositories/hive/conf/ivysettings.xml will be used
2024-04-24T08:10:57,684  INFO [main] DependencyResolver: ivysettings.xml file not found in HIVE_HOME or HIVE_CONF_DIR,/home/alex/Repositories/hive/conf/ivysettings.xml will be used
2024-04-24T08:10:57,694  INFO [main] session.SessionState: Created HDFS directory: /tmp/hive/alex/0c124470-bfe8-4342-a676-7c6553441c3e
2024-04-24T08:10:57,699  INFO [main] session.SessionState: Created local directory: /home/alex/Repositories/hive/beeline/target/tmp/alex/0c124470-bfe8-4342-a676-7c6553441c3e
2024-04-24T08:10:57,702  INFO [main] session.SessionState: Created HDFS directory: /tmp/hive/alex/0c124470-bfe8-4342-a676-7c6553441c3e/_tmp_space.db
2024-04-24T08:10:57,706  INFO [main] session.SessionState: Reloading auxiliary JAR files
2024-04-24T08:10:57,706  WARN [main] session.SessionState: Configuration hive.reloadable.aux.jars.path not specified
2024-04-24T08:10:57,708  INFO [main] metastore.HiveMetaStoreClient: HMS client filtering is enabled.
2024-04-24T08:10:57,709  INFO [main] metastore.PersistenceManagerProvider: Configuration datanucleus.autoStartMechanismMode is not set. Defaulting to 'ignored'
2024-04-24T08:10:57,711  INFO [main] metastore.ObjectStore: RawStore: org.apache.hadoop.hive.metastore.ObjectStore@296e281a, with PersistenceManager: org.datanucleus.api.jdo.JDOPersistenceManager@3f0d6038 will be shutdown
2024-04-24T08:10:57,713  INFO [main] metastore.ObjectStore: RawStore: org.apache.hadoop.hive.metastore.ObjectStore@296e281a, with PersistenceManager: org.datanucleus.api.jdo.JDOPersistenceManager@44598ef7 created in the thread with id: 1
2024-04-24T08:10:57,718  INFO [main] metastore.HMSHandler: HMS server filtering is disabled by configuration
2024-04-24T08:10:57,719  INFO [main] metastore.RetryingMetaStoreClient: RetryingMetaStoreClient proxy=class org.apache.hadoop.hive.ql.metadata.SessionHiveMetaStoreClient ugi=alex (auth:SIMPLE) retries=1 delay=1 lifetime=0
2024-04-24T08:10:57,720  INFO [main] HiveMetaStore.audit: ugi=alex	ip=unknown-ip-addr	cmd=get_all_functions	
2024-04-24T08:10:57,750  INFO [main] HiveMetaStore.audit: ugi=alex	ip=unknown-ip-addr	cmd=Cleaning up thread local RawStore...	
2024-04-24T08:10:57,750  INFO [main] metastore.ObjectStore: RawStore: org.apache.hadoop.hive.metastore.ObjectStore@296e281a, with PersistenceManager: org.datanucleus.api.jdo.JDOPersistenceManager@44598ef7 will be shutdown
2024-04-24T08:10:57,750  INFO [main] HiveMetaStore.audit: ugi=alex	ip=unknown-ip-addr	cmd=Done cleaning up thread local RawStore	
2024-04-24T08:10:57,751  INFO [main] metastore.HiveMetaStoreClient: Closed a connection to metastore, current connections: -1
2024-04-24T08:10:57,752  INFO [main] session.HiveSessionImpl: Operation log session directory is created: /home/alex/Repositories/hive/beeline/target/tmp/alex/operation_logs/0c124470-bfe8-4342-a676-7c6553441c3e
2024-04-24T08:10:57,756  INFO [main] service.CompositeService: Session opened, SessionHandle [0c124470-bfe8-4342-a676-7c6553441c3e], current sessions:1
2024-04-24T08:10:57,760  INFO [main] thrift.ThriftCLIService: Login attempt is successful for user : null
Connected to: Apache Hive (version 4.0.0-SNAPSHOT)
Error: Couldn't load manifest attributes. (state=,code=0)
Transaction isolation: TRANSACTION_REPEATABLE_READ
2024-04-24T08:10:57,904  WARN [main] conf.HiveConf: HiveConf of name hive.dummyparam.test.server.specific.config.override does not exist
2024-04-24T08:10:57,905  WARN [main] conf.HiveConf: HiveConf of name hive.dummyparam.test.server.specific.config.metastoresite does not exist
2024-04-24T08:10:57,905  WARN [main] conf.HiveConf: HiveConf of name hive.dummyparam.test.server.specific.config.hiveserver2site does not exist
2024-04-24T08:10:57,911  INFO [0c124470-bfe8-4342-a676-7c6553441c3e main] session.HiveSessionImpl: executing set
2024-04-24T08:10:57,943  INFO [0c124470-bfe8-4342-a676-7c6553441c3e main] operation.HiveCommandOperation: Putting temp output to file /home/alex/Repositories/hive/beeline/target/tmp/alex/0c124470-bfe8-4342-a676-7c6553441c3e7703354128003368107.pipeout and error output to file /home/alex/Repositories/hive/beeline/target/tmp/alex/0c124470-bfe8-4342-a676-7c6553441c3e7281404480472089919.pipeout
2024-04-24T08:10:57,944  INFO [0c124470-bfe8-4342-a676-7c6553441c3e main] operation.OperationManager: Adding operation: OperationHandle [opType=EXECUTE_STATEMENT, getHandleIdentifier()=39a76f24-8dbc-4ae5-a8ae-a0d9e3c62624] SessionHandle [0c124470-bfe8-4342-a676-7c6553441c3e]
2024-04-24T08:10:57,951  INFO [0c124470-bfe8-4342-a676-7c6553441c3e main] common.LogUtils: Thread context registration is done.
DEBUG StatusLogger Building Plugin[name=filter, class=org.apache.hadoop.hive.ql.log.LogDivertAppender$NameFilter].
DEBUG StatusLogger createFilter(loggingLevel="EXECUTION")
DEBUG StatusLogger Building Plugin[name=layout, class=org.apache.logging.log4j.core.layout.PatternLayout].
DEBUG StatusLogger PatternLayout$Builder(disableAnsi="null", PatternSelector=null, footer="null", header="null", charset="null", alwaysWriteExceptions="null", pattern="%-5p : %m%n", Configuration(HiveLog4j2Test), noConsoleNoAnsi="null", Replace=null)
DEBUG StatusLogger Building Plugin[name=appender, class=org.apache.hadoop.hive.ql.log.HushableRandomAccessFileAppender].
DEBUG StatusLogger createAppender(fileName="/home/alex/Repositories/hive/beeline/target/tmp/alex/operation_logs/0c124470-bfe8-4342-a676-7c6553441c3e/alex_20240424081057_375e665e-c40c-4691-a0a1-ff996801c4e2", append="null", name="query-file-appender", immediateFlush="null", bufferSize="null", ignoreExceptions="null", PatternLayout(org.apache.logging.log4j.core.layout.PatternLayout with name PatternLayout), NameFilter(org.apache.hadoop.hive.ql.log.LogDivertAppender$NameFilter with name NameFilter), advertise="null", advertiseURI="null", Configuration(HiveLog4j2Test))
DEBUG StatusLogger Starting RandomAccessFileManager /home/alex/Repositories/hive/beeline/target/tmp/alex/operation_logs/0c124470-bfe8-4342-a676-7c6553441c3e/alex_20240424081057_375e665e-c40c-4691-a0a1-ff996801c4e2
DEBUG StatusLogger Building Plugin[name=, class=org.apache.hadoop.hive.ql.log.LogDivertAppenderForTest$TestFilter].
DEBUG StatusLogger createFilter()
DEBUG StatusLogger Building Plugin[name=, class=org.apache.logging.log4j.core.layout.PatternLayout].
DEBUG StatusLogger PatternLayout$Builder(Configuration(HiveLog4j2Test), pattern="%-5p : %m%n", disableAnsi="null", alwaysWriteExceptions="null", noConsoleNoAnsi="null", Replace=null, header="null", footer="null", charset="null", PatternSelector=null)
DEBUG StatusLogger Building Plugin[name=appender, class=org.apache.hadoop.hive.ql.log.HushableRandomAccessFileAppender].
DEBUG StatusLogger createAppender(fileName="/home/alex/Repositories/hive/beeline/target/tmp/alex/operation_logs/0c124470-bfe8-4342-a676-7c6553441c3e/alex_20240424081057_375e665e-c40c-4691-a0a1-ff996801c4e2.test", append="null", name="test-query-file-appender", immediateFlush="null", bufferSize="null", ignoreExceptions="null", PatternLayout(org.apache.logging.log4j.core.layout.PatternLayout with name PatternLayout), test-filter(org.apache.hadoop.hive.ql.log.LogDivertAppenderForTest$TestFilter with name test-filter), advertise="null", advertiseURI="null", Configuration(HiveLog4j2Test))
DEBUG StatusLogger Starting RandomAccessFileManager /home/alex/Repositories/hive/beeline/target/tmp/alex/operation_logs/0c124470-bfe8-4342-a676-7c6553441c3e/alex_20240424081057_375e665e-c40c-4691-a0a1-ff996801c4e2.test
2024-04-24T08:10:57,975  INFO [0c124470-bfe8-4342-a676-7c6553441c3e main] operation.HiveCommandOperation: [opType=EXECUTE_STATEMENT, queryId=alex_20240424081057_375e665e-c40c-4691-a0a1-ff996801c4e2, startTime=1713971457936, sessionId=0c124470-bfe8-4342-a676-7c6553441c3e, createTime=1713971457679, userName=null, ipAddress=null]
2024-04-24T08:10:58,196  INFO [0c124470-bfe8-4342-a676-7c6553441c3e main] common.LogUtils: Unregistered logging context.
2024-04-24T08:10:58,265  INFO [0c124470-bfe8-4342-a676-7c6553441c3e main] operation.OperationManager: Closing operation: OperationHandle [opType=EXECUTE_STATEMENT, getHandleIdentifier()=39a76f24-8dbc-4ae5-a8ae-a0d9e3c62624]
2024-04-24T08:10:58,266  INFO [0c124470-bfe8-4342-a676-7c6553441c3e main] operation.OperationManager: Removed queryId: alex_20240424081057_375e665e-c40c-4691-a0a1-ff996801c4e2 corresponding to operation: OperationHandle [opType=EXECUTE_STATEMENT, getHandleIdentifier()=39a76f24-8dbc-4ae5-a8ae-a0d9e3c62624] with tag: null
2024-04-24T08:10:58,268  INFO [0c124470-bfe8-4342-a676-7c6553441c3e main] operation.HiveCommandOperation: Closing operation log /home/alex/Repositories/hive/beeline/target/tmp/alex/operation_logs/0c124470-bfe8-4342-a676-7c6553441c3e/alex_20240424081057_375e665e-c40c-4691-a0a1-ff996801c4e2 without delay
hive> create database if not exists test;
2024-04-24T08:10:58,325  INFO [0c124470-bfe8-4342-a676-7c6553441c3e main] session.HiveSessionImpl: executing create database if not exists test
2024-04-24T08:10:58,332  INFO [0c124470-bfe8-4342-a676-7c6553441c3e main] operation.OperationManager: Adding operation: OperationHandle [opType=EXECUTE_STATEMENT, getHandleIdentifier()=149e3ae6-2e72-491a-8c24-6ed4b267ef63] SessionHandle [0c124470-bfe8-4342-a676-7c6553441c3e]
2024-04-24T08:10:58,332  INFO [0c124470-bfe8-4342-a676-7c6553441c3e main] common.LogUtils: Thread context registration is done.
DEBUG StatusLogger Building Plugin[name=filter, class=org.apache.hadoop.hive.ql.log.LogDivertAppender$NameFilter].
DEBUG StatusLogger createFilter(loggingLevel="EXECUTION")
DEBUG StatusLogger Building Plugin[name=layout, class=org.apache.logging.log4j.core.layout.PatternLayout].
DEBUG StatusLogger PatternLayout$Builder(pattern="%-5p : %m%n", PatternSelector=null, Configuration(HiveLog4j2Test), charset="null", footer="null", alwaysWriteExceptions="null", Replace=null, noConsoleNoAnsi="null", header="null", disableAnsi="null")
DEBUG StatusLogger Building Plugin[name=appender, class=org.apache.hadoop.hive.ql.log.HushableRandomAccessFileAppender].
DEBUG StatusLogger createAppender(fileName="/home/alex/Repositories/hive/beeline/target/tmp/alex/operation_logs/0c124470-bfe8-4342-a676-7c6553441c3e/alex_20240424081058_30e95651-c985-4d06-9a8f-4690e26a60d0", append="null", name="query-file-appender", immediateFlush="null", bufferSize="null", ignoreExceptions="null", PatternLayout(org.apache.logging.log4j.core.layout.PatternLayout with name PatternLayout), NameFilter(org.apache.hadoop.hive.ql.log.LogDivertAppender$NameFilter with name NameFilter), advertise="null", advertiseURI="null", Configuration(HiveLog4j2Test))
DEBUG StatusLogger Starting RandomAccessFileManager /home/alex/Repositories/hive/beeline/target/tmp/alex/operation_logs/0c124470-bfe8-4342-a676-7c6553441c3e/alex_20240424081058_30e95651-c985-4d06-9a8f-4690e26a60d0
DEBUG StatusLogger Building Plugin[name=, class=org.apache.hadoop.hive.ql.log.LogDivertAppenderForTest$TestFilter].
DEBUG StatusLogger createFilter()
DEBUG StatusLogger Building Plugin[name=, class=org.apache.logging.log4j.core.layout.PatternLayout].
DEBUG StatusLogger PatternLayout$Builder(charset="null", PatternSelector=null, Configuration(HiveLog4j2Test), footer="null", Replace=null, header="null", disableAnsi="null", pattern="%-5p : %m%n", alwaysWriteExceptions="null", noConsoleNoAnsi="null")
DEBUG StatusLogger Building Plugin[name=appender, class=org.apache.hadoop.hive.ql.log.HushableRandomAccessFileAppender].
DEBUG StatusLogger createAppender(fileName="/home/alex/Repositories/hive/beeline/target/tmp/alex/operation_logs/0c124470-bfe8-4342-a676-7c6553441c3e/alex_20240424081058_30e95651-c985-4d06-9a8f-4690e26a60d0.test", append="null", name="test-query-file-appender", immediateFlush="null", bufferSize="null", ignoreExceptions="null", PatternLayout(org.apache.logging.log4j.core.layout.PatternLayout with name PatternLayout), test-filter(org.apache.hadoop.hive.ql.log.LogDivertAppenderForTest$TestFilter with name test-filter), advertise="null", advertiseURI="null", Configuration(HiveLog4j2Test))
DEBUG StatusLogger Starting RandomAccessFileManager /home/alex/Repositories/hive/beeline/target/tmp/alex/operation_logs/0c124470-bfe8-4342-a676-7c6553441c3e/alex_20240424081058_30e95651-c985-4d06-9a8f-4690e26a60d0.test
2024-04-24T08:10:58,343  INFO [0c124470-bfe8-4342-a676-7c6553441c3e main] operation.SQLOperation: [opType=EXECUTE_STATEMENT, queryId=alex_20240424081058_30e95651-c985-4d06-9a8f-4690e26a60d0, startTime=1713971458328, sessionId=0c124470-bfe8-4342-a676-7c6553441c3e, createTime=1713971457679, userName=null, ipAddress=null]
2024-04-24T08:10:58,472  WARN [Metastore-RuntimeStats-Loader-1] conf.HiveConf: HiveConf of name hive.dummyparam.test.server.specific.config.hiveserver2site does not exist
2024-04-24T08:10:58,473  WARN [Metastore-RuntimeStats-Loader-1] conf.HiveConf: HiveConf of name hive.dummyparam.test.server.specific.config.metastoresite does not exist
2024-04-24T08:10:58,473  WARN [Metastore-RuntimeStats-Loader-1] conf.HiveConf: HiveConf of name hive.dummyparam.test.server.specific.config.override does not exist
2024-04-24T08:10:58,475  INFO [Metastore-RuntimeStats-Loader-1] metastore.HiveMetaStoreClient: HMS client filtering is enabled.
2024-04-24T08:10:58,476  INFO [Metastore-RuntimeStats-Loader-1] metastore.HMSHandler: 1: Opening raw store with implementation class:org.apache.hadoop.hive.metastore.ObjectStore
2024-04-24T08:10:58,477  INFO [Metastore-RuntimeStats-Loader-1] metastore.PersistenceManagerProvider: Configuration datanucleus.autoStartMechanismMode is not set. Defaulting to 'ignored'
2024-04-24T08:10:58,478  INFO [0c124470-bfe8-4342-a676-7c6553441c3e main] ql.Driver: Compiling command(queryId=alex_20240424081058_30e95651-c985-4d06-9a8f-4690e26a60d0): create database if not exists test
2024-04-24T08:10:58,479  INFO [Metastore-RuntimeStats-Loader-1] metastore.ObjectStore: RawStore: org.apache.hadoop.hive.metastore.ObjectStore@778cdab4, with PersistenceManager: null will be shutdown
2024-04-24T08:10:58,480  INFO [Metastore-RuntimeStats-Loader-1] metastore.ObjectStore: RawStore: org.apache.hadoop.hive.metastore.ObjectStore@778cdab4, with PersistenceManager: org.datanucleus.api.jdo.JDOPersistenceManager@3162eeef created in the thread with id: 87
2024-04-24T08:10:58,491  INFO [Metastore-RuntimeStats-Loader-1] metastore.HMSHandler: Created RawStore: org.apache.hadoop.hive.metastore.ObjectStore@778cdab4 from thread id: 87
2024-04-24T08:10:58,491  INFO [Metastore-RuntimeStats-Loader-1] metastore.HMSHandler: HMS server filtering is disabled by configuration
2024-04-24T08:10:58,492  INFO [Metastore-RuntimeStats-Loader-1] metastore.RetryingMetaStoreClient: RetryingMetaStoreClient proxy=class org.apache.hadoop.hive.ql.metadata.SessionHiveMetaStoreClient ugi=alex (auth:SIMPLE) retries=1 delay=1 lifetime=0
2024-04-24T08:10:58,492  INFO [Metastore-RuntimeStats-Loader-1] HiveMetaStore.audit: ugi=alex	ip=unknown-ip-addr	cmd=get_runtime_stats	
2024-04-24T08:10:59,332  INFO [0c124470-bfe8-4342-a676-7c6553441c3e main] metastore.HMSHandler: 0: Opening raw store with implementation class:org.apache.hadoop.hive.metastore.ObjectStore
2024-04-24T08:10:59,334  INFO [0c124470-bfe8-4342-a676-7c6553441c3e main] metastore.ObjectStore: RawStore: org.apache.hadoop.hive.metastore.ObjectStore@20440c6c, with PersistenceManager: null will be shutdown
2024-04-24T08:10:59,334  INFO [0c124470-bfe8-4342-a676-7c6553441c3e main] metastore.ObjectStore: RawStore: org.apache.hadoop.hive.metastore.ObjectStore@20440c6c, with PersistenceManager: org.datanucleus.api.jdo.JDOPersistenceManager@1e3f86d5 created in the thread with id: 1
2024-04-24T08:10:59,339  INFO [0c124470-bfe8-4342-a676-7c6553441c3e main] metastore.HMSHandler: Created RawStore: org.apache.hadoop.hive.metastore.ObjectStore@20440c6c from thread id: 1
2024-04-24T08:10:59,651  INFO [0c124470-bfe8-4342-a676-7c6553441c3e main] reflections.Reflections: Reflections took 265 ms to scan 2 urls, producing 53 keys and 784 values 
2024-04-24T08:10:59,879  INFO [0c124470-bfe8-4342-a676-7c6553441c3e main] reflections.Reflections: Reflections took 165 ms to scan 2 urls, producing 53 keys and 784 values 
2024-04-24T08:11:00,052  INFO [0c124470-bfe8-4342-a676-7c6553441c3e main] reflections.Reflections: Reflections took 166 ms to scan 2 urls, producing 53 keys and 784 values 
2024-04-24T08:11:00,272  INFO [0c124470-bfe8-4342-a676-7c6553441c3e main] reflections.Reflections: Reflections took 204 ms to scan 2 urls, producing 53 keys and 784 values 
2024-04-24T08:11:00,416  INFO [0c124470-bfe8-4342-a676-7c6553441c3e main] ql.Driver: Semantic Analysis Completed (retrial = false)
2024-04-24T08:11:00,417  INFO [0c124470-bfe8-4342-a676-7c6553441c3e main] ql.Driver: Created Hive schema: Schema(fieldSchemas:null, properties:null)
2024-04-24T08:11:00,421  INFO [0c124470-bfe8-4342-a676-7c6553441c3e main] metadata.Hive: Dumping metastore api call timing information for : compilation phase
2024-04-24T08:11:00,422  INFO [0c124470-bfe8-4342-a676-7c6553441c3e main] metadata.Hive: Total time spent in each metastore function (ms): {isCompatibleWith_(Configuration)=1, getAllFunctions_()=29, flushCache_()=10}
2024-04-24T08:11:00,423  INFO [0c124470-bfe8-4342-a676-7c6553441c3e main] ql.Driver: Completed compiling command(queryId=alex_20240424081058_30e95651-c985-4d06-9a8f-4690e26a60d0); Time taken: 1.945 seconds
2024-04-24T08:11:00,424  INFO [0c124470-bfe8-4342-a676-7c6553441c3e main] common.LogUtils: Unregistered logging context.
2024-04-24T08:11:00,426  INFO [HiveServer2-Background-Pool: Thread-88] common.LogUtils: Thread context registration is done.
2024-04-24T08:11:00,427  INFO [HiveServer2-Background-Pool: Thread-88] reexec.ReExecDriver: Execution #1 of query
2024-04-24T08:11:00,428  INFO [HiveServer2-Background-Pool: Thread-88] ql.Driver: Concurrency mode is disabled, not creating a lock manager
2024-04-24T08:11:00,431  INFO [HiveServer2-Background-Pool: Thread-88] ql.Driver: Executing command(queryId=alex_20240424081058_30e95651-c985-4d06-9a8f-4690e26a60d0): create database if not exists test
2024-04-24T08:11:00,438  INFO [HiveServer2-Background-Pool: Thread-88] ql.Driver: Starting task [Stage-0:DDL] in serial mode
2024-04-24T08:11:00,440  INFO [HiveServer2-Background-Pool: Thread-88] sqlstd.SQLStdHiveAccessController: Created SQLStdHiveAccessController for session context : HiveAuthzSessionContext [sessionString=0c124470-bfe8-4342-a676-7c6553441c3e, clientType=HIVESERVER2]
2024-04-24T08:11:00,441  WARN [HiveServer2-Background-Pool: Thread-88] exec.DDLTask: metastore.warehouse.external.dir is not set, falling back to metastore.warehouse.dir. This could cause external tables to use to managed tablespace.
2024-04-24T08:11:00,443  INFO [HiveServer2-Background-Pool: Thread-88] HiveMetaStore.audit: ugi=alex	ip=unknown-ip-addr	cmd=create_database: Database(name:test, description:null, locationUri:file:/home/alex/Repositories/hive/beeline/target/tmp/warehouse/test.db, parameters:null, ownerName:alex, ownerType:USER, catalogName:hive, type:NATIVE)	
2024-04-24T08:11:00,445  INFO [HiveServer2-Background-Pool: Thread-88] metastore.HMSHandler: 2: Opening raw store with implementation class:org.apache.hadoop.hive.metastore.ObjectStore
2024-04-24T08:11:00,447  INFO [HiveServer2-Background-Pool: Thread-88] metastore.ObjectStore: RawStore: org.apache.hadoop.hive.metastore.ObjectStore@2cffcc0c, with PersistenceManager: null will be shutdown
2024-04-24T08:11:00,447  INFO [HiveServer2-Background-Pool: Thread-88] metastore.ObjectStore: RawStore: org.apache.hadoop.hive.metastore.ObjectStore@2cffcc0c, with PersistenceManager: org.datanucleus.api.jdo.JDOPersistenceManager@1d60c505 created in the thread with id: 88
2024-04-24T08:11:00,452  INFO [HiveServer2-Background-Pool: Thread-88] metastore.HMSHandler: Created RawStore: org.apache.hadoop.hive.metastore.ObjectStore@2cffcc0c from thread id: 88
2024-04-24T08:11:00,457 ERROR [HiveServer2-Background-Pool: Thread-88] metastore.RetryingHMSHandler: AlreadyExistsException(message:Database test already exists)
	at org.apache.hadoop.hive.metastore.HMSHandler.create_database(HMSHandler.java:1472)
	at sun.reflect.NativeMethodAccessorImpl.invoke0(Native Method)
	at sun.reflect.NativeMethodAccessorImpl.invoke(NativeMethodAccessorImpl.java:62)
	at sun.reflect.DelegatingMethodAccessorImpl.invoke(DelegatingMethodAccessorImpl.java:43)
	at java.lang.reflect.Method.invoke(Method.java:498)
	at org.apache.hadoop.hive.metastore.RetryingHMSHandler.invokeInternal(RetryingHMSHandler.java:147)
	at org.apache.hadoop.hive.metastore.RetryingHMSHandler.invoke(RetryingHMSHandler.java:108)
	at com.sun.proxy.$Proxy40.create_database(Unknown Source)
	at org.apache.hadoop.hive.metastore.HiveMetaStoreClient.createDatabase(HiveMetaStoreClient.java:1151)
	at sun.reflect.NativeMethodAccessorImpl.invoke0(Native Method)
	at sun.reflect.NativeMethodAccessorImpl.invoke(NativeMethodAccessorImpl.java:62)
	at sun.reflect.DelegatingMethodAccessorImpl.invoke(DelegatingMethodAccessorImpl.java:43)
	at java.lang.reflect.Method.invoke(Method.java:498)
	at org.apache.hadoop.hive.metastore.RetryingMetaStoreClient.invoke(RetryingMetaStoreClient.java:218)
	at com.sun.proxy.$Proxy41.createDatabase(Unknown Source)
	at org.apache.hadoop.hive.ql.metadata.Hive.createDatabase(Hive.java:605)
	at org.apache.hadoop.hive.ql.ddl.database.create.CreateDatabaseOperation.execute(CreateDatabaseOperation.java:68)
	at org.apache.hadoop.hive.ql.ddl.DDLTask.execute(DDLTask.java:84)
	at org.apache.hadoop.hive.ql.exec.Task.executeTask(Task.java:212)
	at org.apache.hadoop.hive.ql.exec.TaskRunner.runSequential(TaskRunner.java:105)
	at org.apache.hadoop.hive.ql.Executor.launchTask(Executor.java:361)
	at org.apache.hadoop.hive.ql.Executor.launchTasks(Executor.java:334)
	at org.apache.hadoop.hive.ql.Executor.runTasks(Executor.java:245)
	at org.apache.hadoop.hive.ql.Executor.execute(Executor.java:108)
	at org.apache.hadoop.hive.ql.Driver.execute(Driver.java:348)
	at org.apache.hadoop.hive.ql.Driver.runInternal(Driver.java:204)
	at org.apache.hadoop.hive.ql.Driver.run(Driver.java:153)
	at org.apache.hadoop.hive.ql.Driver.run(Driver.java:148)
	at org.apache.hadoop.hive.ql.reexec.ReExecDriver.run(ReExecDriver.java:164)
	at org.apache.hive.service.cli.operation.SQLOperation.runQuery(SQLOperation.java:233)
	at org.apache.hive.service.cli.operation.SQLOperation.access$500(SQLOperation.java:88)
	at org.apache.hive.service.cli.operation.SQLOperation$BackgroundWork$1.run(SQLOperation.java:336)
	at java.security.AccessController.doPrivileged(Native Method)
	at javax.security.auth.Subject.doAs(Subject.java:422)
	at org.apache.hadoop.security.UserGroupInformation.doAs(UserGroupInformation.java:1682)
	at org.apache.hive.service.cli.operation.SQLOperation$BackgroundWork.run(SQLOperation.java:356)
	at java.util.concurrent.Executors$RunnableAdapter.call(Executors.java:511)
	at java.util.concurrent.FutureTask.run(FutureTask.java:266)
	at java.util.concurrent.ThreadPoolExecutor.runWorker(ThreadPoolExecutor.java:1149)
	at java.util.concurrent.ThreadPoolExecutor$Worker.run(ThreadPoolExecutor.java:624)
	at java.lang.Thread.run(Thread.java:750)

2024-04-24T08:11:00,458  INFO [HiveServer2-Background-Pool: Thread-88] metadata.Hive: Dumping metastore api call timing information for : execution phase
2024-04-24T08:11:00,458  INFO [HiveServer2-Background-Pool: Thread-88] metadata.Hive: Total time spent in each metastore function (ms): {isCompatibleWith_(Configuration)=0}
2024-04-24T08:11:00,458  INFO [HiveServer2-Background-Pool: Thread-88] ql.Driver: Completed executing command(queryId=alex_20240424081058_30e95651-c985-4d06-9a8f-4690e26a60d0); Time taken: 0.027 seconds
2024-04-24T08:11:00,459  INFO [HiveServer2-Background-Pool: Thread-88] common.LogUtils: Unregistered logging context.
INFO  : Compiling command(queryId=alex_20240424081058_30e95651-c985-4d06-9a8f-4690e26a60d0): create database if not exists test
INFO  : Semantic Analysis Completed (retrial = false)
INFO  : Created Hive schema: Schema(fieldSchemas:null, properties:null)
INFO  : Completed compiling command(queryId=alex_20240424081058_30e95651-c985-4d06-9a8f-4690e26a60d0); Time taken: 1.945 seconds
INFO  : Concurrency mode is disabled, not creating a lock manager
INFO  : Executing command(queryId=alex_20240424081058_30e95651-c985-4d06-9a8f-4690e26a60d0): create database if not exists test
INFO  : Starting task [Stage-0:DDL] in serial mode
DEBUG : Task getting executed using mapred tag : alex_20240424081058_30e95651-c985-4d06-9a8f-4690e26a60d0,userid=null
INFO  : Completed executing command(queryId=alex_20240424081058_30e95651-c985-4d06-9a8f-4690e26a60d0); Time taken: 0.027 seconds
DEBUG : Shutting down query create database if not exists test
2024-04-24T08:11:00,462  INFO [0c124470-bfe8-4342-a676-7c6553441c3e main] operation.OperationManager: Closing operation: OperationHandle [opType=EXECUTE_STATEMENT, getHandleIdentifier()=149e3ae6-2e72-491a-8c24-6ed4b267ef63]
2024-04-24T08:11:00,462  INFO [0c124470-bfe8-4342-a676-7c6553441c3e main] operation.OperationManager: Removed queryId: alex_20240424081058_30e95651-c985-4d06-9a8f-4690e26a60d0 corresponding to operation: OperationHandle [opType=EXECUTE_STATEMENT, getHandleIdentifier()=149e3ae6-2e72-491a-8c24-6ed4b267ef63] with tag: null
2024-04-24T08:11:00,462  INFO [0c124470-bfe8-4342-a676-7c6553441c3e main] operation.SQLOperation: Closing operation log /home/alex/Repositories/hive/beeline/target/tmp/alex/operation_logs/0c124470-bfe8-4342-a676-7c6553441c3e/alex_20240424081058_30e95651-c985-4d06-9a8f-4690e26a60d0 without delay
Error: Failed to wait for operation to complete (state=08S01,code=0)
Closing: 0: jdbc:hive2://
2024-04-24T08:11:00,464  INFO [main] service.CompositeService: Session closed, SessionHandle [0c124470-bfe8-4342-a676-7c6553441c3e], current sessions:0
2024-04-24T08:11:00,465  INFO [0c124470-bfe8-4342-a676-7c6553441c3e main] session.HiveSessionImpl: Operation log session directory is deleted: /home/alex/Repositories/hive/beeline/target/tmp/alex/operation_logs/0c124470-bfe8-4342-a676-7c6553441c3e
2024-04-24T08:11:00,466  INFO [main] cleanup.EventualCleanupService: Delete /tmp/hive/alex/0c124470-bfe8-4342-a676-7c6553441c3e operation was queued
2024-04-24T08:11:00,466  INFO [main] cleanup.EventualCleanupService: Delete /home/alex/Repositories/hive/beeline/target/tmp/alex/0c124470-bfe8-4342-a676-7c6553441c3e operation was queued
2024-04-24T08:11:00,466  INFO [EventualCleanupService thread 1] cleanup.EventualCleanupService: Deleted /home/alex/Repositories/hive/beeline/target/tmp/alex/0c124470-bfe8-4342-a676-7c6553441c3e
2024-04-24T08:11:00,466  INFO [EventualCleanupService thread 0] cleanup.EventualCleanupService: Deleted /tmp/hive/alex/0c124470-bfe8-4342-a676-7c6553441c3e
2024-04-24T08:11:00,472  INFO [main] HiveMetaStore.audit: ugi=alex	ip=unknown-ip-addr	cmd=Cleaning up thread local RawStore...	
2024-04-24T08:11:00,472  INFO [main] metastore.ObjectStore: RawStore: org.apache.hadoop.hive.metastore.ObjectStore@20440c6c, with PersistenceManager: org.datanucleus.api.jdo.JDOPersistenceManager@1e3f86d5 will be shutdown
2024-04-24T08:11:00,473  INFO [main] HiveMetaStore.audit: ugi=alex	ip=unknown-ip-addr	cmd=Done cleaning up thread local RawStore	
2024-04-24T08:11:00,473  INFO [main] metastore.HiveMetaStoreClient: Closed a connection to metastore, current connections: -2
]]></system-err>
  </testcase>
  <testcase name="testSourceCmd2" classname="org.apache.hive.beeline.cli.TestHiveCli" time="0.9">
    <failure type="java.lang.AssertionError"><![CDATA[java.lang.AssertionError: The expected keyword "sc3" occur in the output: 
	at org.junit.Assert.fail(Assert.java:89)
	at org.junit.Assert.assertTrue(Assert.java:42)
	at org.apache.hive.beeline.cli.TestHiveCli.verifyCMD(TestHiveCli.java:270)
	at org.apache.hive.beeline.cli.TestHiveCli.testSourceCmd2(TestHiveCli.java:122)
	at sun.reflect.NativeMethodAccessorImpl.invoke0(Native Method)
	at sun.reflect.NativeMethodAccessorImpl.invoke(NativeMethodAccessorImpl.java:62)
	at sun.reflect.DelegatingMethodAccessorImpl.invoke(DelegatingMethodAccessorImpl.java:43)
	at java.lang.reflect.Method.invoke(Method.java:498)
	at org.junit.runners.model.FrameworkMethod$1.runReflectiveCall(FrameworkMethod.java:59)
	at org.junit.internal.runners.model.ReflectiveCallable.run(ReflectiveCallable.java:12)
	at org.junit.runners.model.FrameworkMethod.invokeExplosively(FrameworkMethod.java:56)
	at org.junit.internal.runners.statements.InvokeMethod.evaluate(InvokeMethod.java:17)
	at org.junit.internal.runners.statements.RunBefores.evaluate(RunBefores.java:26)
	at org.junit.internal.runners.statements.RunAfters.evaluate(RunAfters.java:27)
	at org.junit.runners.ParentRunner$3.evaluate(ParentRunner.java:306)
	at org.junit.runners.BlockJUnit4ClassRunner$1.evaluate(BlockJUnit4ClassRunner.java:100)
	at org.junit.runners.ParentRunner.runLeaf(ParentRunner.java:366)
	at org.junit.runners.BlockJUnit4ClassRunner.runChild(BlockJUnit4ClassRunner.java:103)
	at org.junit.runners.BlockJUnit4ClassRunner.runChild(BlockJUnit4ClassRunner.java:63)
	at org.junit.runners.ParentRunner$4.run(ParentRunner.java:331)
	at org.junit.runners.ParentRunner$1.schedule(ParentRunner.java:79)
	at org.junit.runners.ParentRunner.runChildren(ParentRunner.java:329)
	at org.junit.runners.ParentRunner.access$100(ParentRunner.java:66)
	at org.junit.runners.ParentRunner$2.evaluate(ParentRunner.java:293)
	at org.junit.internal.runners.statements.RunBefores.evaluate(RunBefores.java:26)
	at org.junit.runners.ParentRunner$3.evaluate(ParentRunner.java:306)
	at org.junit.runners.ParentRunner.run(ParentRunner.java:413)
	at org.junit.runner.JUnitCore.run(JUnitCore.java:137)
	at org.junit.runner.JUnitCore.run(JUnitCore.java:115)
	at org.junit.vintage.engine.execution.RunnerExecutor.execute(RunnerExecutor.java:43)
	at java.util.stream.ForEachOps$ForEachOp$OfRef.accept(ForEachOps.java:183)
	at java.util.stream.ReferencePipeline$3$1.accept(ReferencePipeline.java:193)
	at java.util.Iterator.forEachRemaining(Iterator.java:116)
	at java.util.Spliterators$IteratorSpliterator.forEachRemaining(Spliterators.java:1801)
	at java.util.stream.AbstractPipeline.copyInto(AbstractPipeline.java:482)
	at java.util.stream.AbstractPipeline.wrapAndCopyInto(AbstractPipeline.java:472)
	at java.util.stream.ForEachOps$ForEachOp.evaluateSequential(ForEachOps.java:150)
	at java.util.stream.ForEachOps$ForEachOp$OfRef.evaluateSequential(ForEachOps.java:173)
	at java.util.stream.AbstractPipeline.evaluate(AbstractPipeline.java:234)
	at java.util.stream.ReferencePipeline.forEach(ReferencePipeline.java:485)
	at org.junit.vintage.engine.VintageTestEngine.executeAllChildren(VintageTestEngine.java:82)
	at org.junit.vintage.engine.VintageTestEngine.execute(VintageTestEngine.java:73)
	at org.junit.platform.launcher.core.DefaultLauncher.execute(DefaultLauncher.java:248)
	at org.junit.platform.launcher.core.DefaultLauncher.lambda$execute$5(DefaultLauncher.java:211)
	at org.junit.platform.launcher.core.DefaultLauncher.withInterceptedStreams(DefaultLauncher.java:226)
	at org.junit.platform.launcher.core.DefaultLauncher.execute(DefaultLauncher.java:199)
	at org.junit.platform.launcher.core.DefaultLauncher.execute(DefaultLauncher.java:132)
	at org.apache.maven.surefire.junitplatform.JUnitPlatformProvider.invokeAllTests(JUnitPlatformProvider.java:154)
	at org.apache.maven.surefire.junitplatform.JUnitPlatformProvider.invoke(JUnitPlatformProvider.java:123)
	at org.apache.maven.surefire.booter.ForkedBooter.runSuitesInProcess(ForkedBooter.java:377)
	at org.apache.maven.surefire.booter.ForkedBooter.execute(ForkedBooter.java:138)
	at org.apache.maven.surefire.booter.ForkedBooter.run(ForkedBooter.java:465)
	at org.apache.maven.surefire.booter.ForkedBooter.main(ForkedBooter.java:451)
]]></failure>
    <system-err><![CDATA[2024-04-24T08:11:00,487 ERROR [main] cli.TestHiveCli: Failed to execute command due to the error: java.lang.NullPointerException: Null output stream
2024-04-24T08:11:00,539  WARN [main] conf.HiveConf: HiveConf of name hive.dummyparam.test.server.specific.config.override does not exist
2024-04-24T08:11:00,540  WARN [main] conf.HiveConf: HiveConf of name hive.dummyparam.test.server.specific.config.metastoresite does not exist
2024-04-24T08:11:00,540  WARN [main] conf.HiveConf: HiveConf of name hive.dummyparam.test.server.specific.config.hiveserver2site does not exist
2024-04-24T08:11:00,541  INFO [main] SessionState: Hive Session ID = 685cace6-bc5d-406c-a24a-75b6301e48b2
2024-04-24T08:11:00,541  INFO [main] DependencyResolver: ivysettings.xml file not found in HIVE_HOME or HIVE_CONF_DIR,/home/alex/Repositories/hive/conf/ivysettings.xml will be used
2024-04-24T08:11:00,550  INFO [main] session.SessionState: Created HDFS directory: /tmp/hive/alex/685cace6-bc5d-406c-a24a-75b6301e48b2
2024-04-24T08:11:00,554  INFO [main] session.SessionState: Created local directory: /home/alex/Repositories/hive/beeline/target/tmp/alex/685cace6-bc5d-406c-a24a-75b6301e48b2
2024-04-24T08:11:00,558  INFO [main] session.SessionState: Created HDFS directory: /tmp/hive/alex/685cace6-bc5d-406c-a24a-75b6301e48b2/_tmp_space.db
2024-04-24T08:11:00,559  INFO [main] sqlstd.SQLStdHiveAccessController: Created SQLStdHiveAccessController for session context : HiveAuthzSessionContext [sessionString=685cace6-bc5d-406c-a24a-75b6301e48b2, clientType=HIVESERVER2]
2024-04-24T08:11:00,561  INFO [main] metastore.HiveMetaStoreClient: HMS client filtering is enabled.
2024-04-24T08:11:00,562  INFO [main] metastore.HMSHandler: 0: Opening raw store with implementation class:org.apache.hadoop.hive.metastore.ObjectStore
2024-04-24T08:11:00,562  INFO [main] metastore.PersistenceManagerProvider: Configuration datanucleus.autoStartMechanismMode is not set. Defaulting to 'ignored'
2024-04-24T08:11:00,563  INFO [main] metastore.ObjectStore: RawStore: org.apache.hadoop.hive.metastore.ObjectStore@ad3f70a, with PersistenceManager: null will be shutdown
2024-04-24T08:11:00,563  INFO [main] metastore.ObjectStore: RawStore: org.apache.hadoop.hive.metastore.ObjectStore@ad3f70a, with PersistenceManager: org.datanucleus.api.jdo.JDOPersistenceManager@54ccb3 created in the thread with id: 1
2024-04-24T08:11:00,567  INFO [main] metastore.HMSHandler: Created RawStore: org.apache.hadoop.hive.metastore.ObjectStore@ad3f70a from thread id: 1
2024-04-24T08:11:00,568  INFO [main] metastore.HMSHandler: HMS server filtering is disabled by configuration
2024-04-24T08:11:00,568  INFO [main] metastore.RetryingMetaStoreClient: RetryingMetaStoreClient proxy=class org.apache.hadoop.hive.ql.metadata.SessionHiveMetaStoreClient ugi=alex (auth:SIMPLE) retries=1 delay=1 lifetime=0
2024-04-24T08:11:00,568  INFO [main] service.CompositeService: Operation log root directory is created: /home/alex/Repositories/hive/beeline/target/tmp/alex/operation_logs
2024-04-24T08:11:00,569  INFO [main] service.CompositeService: HiveServer2: Background operation thread pool size: 100
2024-04-24T08:11:00,569  INFO [main] service.CompositeService: HiveServer2: Background operation thread wait queue size: 100
2024-04-24T08:11:00,569  INFO [main] service.CompositeService: HiveServer2: Background operation thread keepalive time: 10 seconds
2024-04-24T08:11:00,569  INFO [main] service.CompositeService: Connections limit are user: 0 ipaddress: 0 user-ipaddress: 0
2024-04-24T08:11:00,570  INFO [main] cleanup.EventualCleanupService: EventualCleanupService started with 10 threads and queue of size 10000
ERROR StatusLogger Log4j2 ConfigurationScheduler attempted to increment scheduled items after start
ERROR StatusLogger Log4j2 ConfigurationScheduler attempted to increment scheduled items after start
2024-04-24T08:11:00,572  INFO [main] service.AbstractService: Service:OperationManager is inited.
2024-04-24T08:11:00,572  INFO [main] service.AbstractService: Service:SessionManager is inited.
2024-04-24T08:11:00,572  INFO [main] service.AbstractService: Service:CLIService is inited.
2024-04-24T08:11:00,572  INFO [main] service.AbstractService: Service:OperationManager is started.
2024-04-24T08:11:00,573  INFO [main] service.AbstractService: Service:SessionManager is started.
2024-04-24T08:11:00,573  INFO [main] service.AbstractService: Service:CLIService is started.
2024-04-24T08:11:00,573  INFO [main] service.AbstractService: Service:ThriftBinaryCLIService is inited.
2024-04-24T08:11:00,573  INFO [main] thrift.ThriftCLIService: Client protocol version: HIVE_CLI_SERVICE_PROTOCOL_V10
2024-04-24T08:11:00,573  INFO [main] thrift.ThriftCLIService: Creating Hive session handle for user [null] from IP null
2024-04-24T08:11:00,575  INFO [main] DependencyResolver: ivysettings.xml file not found in HIVE_HOME or HIVE_CONF_DIR,/home/alex/Repositories/hive/conf/ivysettings.xml will be used
2024-04-24T08:11:00,582  INFO [main] session.SessionState: Created HDFS directory: /tmp/hive/alex/cccdc3be-b73d-45e7-b65d-3e547f29f880
2024-04-24T08:11:00,586  INFO [main] session.SessionState: Created local directory: /home/alex/Repositories/hive/beeline/target/tmp/alex/cccdc3be-b73d-45e7-b65d-3e547f29f880
2024-04-24T08:11:00,589  INFO [main] session.SessionState: Created HDFS directory: /tmp/hive/alex/cccdc3be-b73d-45e7-b65d-3e547f29f880/_tmp_space.db
2024-04-24T08:11:00,589  INFO [main] session.SessionState: Reloading auxiliary JAR files
2024-04-24T08:11:00,589  WARN [main] session.SessionState: Configuration hive.reloadable.aux.jars.path not specified
2024-04-24T08:11:00,589  INFO [main] HiveMetaStore.audit: ugi=alex	ip=unknown-ip-addr	cmd=Cleaning up thread local RawStore...	
2024-04-24T08:11:00,590  INFO [main] metastore.ObjectStore: RawStore: org.apache.hadoop.hive.metastore.ObjectStore@ad3f70a, with PersistenceManager: org.datanucleus.api.jdo.JDOPersistenceManager@54ccb3 will be shutdown
2024-04-24T08:11:00,590  INFO [main] HiveMetaStore.audit: ugi=alex	ip=unknown-ip-addr	cmd=Done cleaning up thread local RawStore	
2024-04-24T08:11:00,590  INFO [main] metastore.HiveMetaStoreClient: Closed a connection to metastore, current connections: -3
2024-04-24T08:11:00,590  INFO [main] session.HiveSessionImpl: Operation log session directory is created: /home/alex/Repositories/hive/beeline/target/tmp/alex/operation_logs/cccdc3be-b73d-45e7-b65d-3e547f29f880
2024-04-24T08:11:00,590  INFO [main] service.CompositeService: Session opened, SessionHandle [cccdc3be-b73d-45e7-b65d-3e547f29f880], current sessions:1
2024-04-24T08:11:00,590  INFO [main] thrift.ThriftCLIService: Login attempt is successful for user : null
2024-04-24T08:11:00,650  WARN [main] conf.HiveConf: HiveConf of name hive.dummyparam.test.server.specific.config.metastoresite does not exist
2024-04-24T08:11:00,650  WARN [main] conf.HiveConf: HiveConf of name hive.dummyparam.test.server.specific.config.override does not exist
2024-04-24T08:11:00,650  WARN [main] conf.HiveConf: HiveConf of name hive.dummyparam.test.server.specific.config.hiveserver2site does not exist
2024-04-24T08:11:00,651  INFO [cccdc3be-b73d-45e7-b65d-3e547f29f880 main] session.HiveSessionImpl: executing set
2024-04-24T08:11:00,652  INFO [cccdc3be-b73d-45e7-b65d-3e547f29f880 main] operation.HiveCommandOperation: Putting temp output to file /home/alex/Repositories/hive/beeline/target/tmp/alex/cccdc3be-b73d-45e7-b65d-3e547f29f8806608195337532387582.pipeout and error output to file /home/alex/Repositories/hive/beeline/target/tmp/alex/cccdc3be-b73d-45e7-b65d-3e547f29f8805994468573476331226.pipeout
2024-04-24T08:11:00,653  INFO [cccdc3be-b73d-45e7-b65d-3e547f29f880 main] operation.OperationManager: Adding operation: OperationHandle [opType=EXECUTE_STATEMENT, getHandleIdentifier()=bcddd4bc-62c2-41a9-87d4-5f138b873d04] SessionHandle [cccdc3be-b73d-45e7-b65d-3e547f29f880]
2024-04-24T08:11:00,653  INFO [cccdc3be-b73d-45e7-b65d-3e547f29f880 main] common.LogUtils: Thread context registration is done.
DEBUG StatusLogger Building Plugin[name=filter, class=org.apache.hadoop.hive.ql.log.LogDivertAppender$NameFilter].
DEBUG StatusLogger createFilter(loggingLevel="EXECUTION")
DEBUG StatusLogger Building Plugin[name=layout, class=org.apache.logging.log4j.core.layout.PatternLayout].
DEBUG StatusLogger PatternLayout$Builder(noConsoleNoAnsi="null", footer="null", Configuration(HiveLog4j2Test), pattern="%-5p : %m%n", Replace=null, PatternSelector=null, disableAnsi="null", alwaysWriteExceptions="null", header="null", charset="null")
DEBUG StatusLogger Building Plugin[name=appender, class=org.apache.hadoop.hive.ql.log.HushableRandomAccessFileAppender].
DEBUG StatusLogger createAppender(fileName="/home/alex/Repositories/hive/beeline/target/tmp/alex/operation_logs/cccdc3be-b73d-45e7-b65d-3e547f29f880/alex_20240424081100_3495a25b-d12d-4811-b842-22aeee79e30e", append="null", name="query-file-appender", immediateFlush="null", bufferSize="null", ignoreExceptions="null", PatternLayout(org.apache.logging.log4j.core.layout.PatternLayout with name PatternLayout), NameFilter(org.apache.hadoop.hive.ql.log.LogDivertAppender$NameFilter with name NameFilter), advertise="null", advertiseURI="null", Configuration(HiveLog4j2Test))
DEBUG StatusLogger Starting RandomAccessFileManager /home/alex/Repositories/hive/beeline/target/tmp/alex/operation_logs/cccdc3be-b73d-45e7-b65d-3e547f29f880/alex_20240424081100_3495a25b-d12d-4811-b842-22aeee79e30e
DEBUG StatusLogger Building Plugin[name=, class=org.apache.hadoop.hive.ql.log.LogDivertAppenderForTest$TestFilter].
DEBUG StatusLogger createFilter()
DEBUG StatusLogger Building Plugin[name=, class=org.apache.logging.log4j.core.layout.PatternLayout].
DEBUG StatusLogger PatternLayout$Builder(disableAnsi="null", noConsoleNoAnsi="null", PatternSelector=null, Replace=null, footer="null", header="null", charset="null", Configuration(HiveLog4j2Test), alwaysWriteExceptions="null", pattern="%-5p : %m%n")
DEBUG StatusLogger Building Plugin[name=appender, class=org.apache.hadoop.hive.ql.log.HushableRandomAccessFileAppender].
DEBUG StatusLogger createAppender(fileName="/home/alex/Repositories/hive/beeline/target/tmp/alex/operation_logs/cccdc3be-b73d-45e7-b65d-3e547f29f880/alex_20240424081100_3495a25b-d12d-4811-b842-22aeee79e30e.test", append="null", name="test-query-file-appender", immediateFlush="null", bufferSize="null", ignoreExceptions="null", PatternLayout(org.apache.logging.log4j.core.layout.PatternLayout with name PatternLayout), test-filter(org.apache.hadoop.hive.ql.log.LogDivertAppenderForTest$TestFilter with name test-filter), advertise="null", advertiseURI="null", Configuration(HiveLog4j2Test))
DEBUG StatusLogger Starting RandomAccessFileManager /home/alex/Repositories/hive/beeline/target/tmp/alex/operation_logs/cccdc3be-b73d-45e7-b65d-3e547f29f880/alex_20240424081100_3495a25b-d12d-4811-b842-22aeee79e30e.test
2024-04-24T08:11:00,662  INFO [cccdc3be-b73d-45e7-b65d-3e547f29f880 main] operation.HiveCommandOperation: [opType=EXECUTE_STATEMENT, queryId=alex_20240424081100_3495a25b-d12d-4811-b842-22aeee79e30e, startTime=1713971460651, sessionId=cccdc3be-b73d-45e7-b65d-3e547f29f880, createTime=1713971460573, userName=null, ipAddress=null]
2024-04-24T08:11:00,790  INFO [cccdc3be-b73d-45e7-b65d-3e547f29f880 main] common.LogUtils: Unregistered logging context.
2024-04-24T08:11:00,794  INFO [cccdc3be-b73d-45e7-b65d-3e547f29f880 main] operation.OperationManager: Closing operation: OperationHandle [opType=EXECUTE_STATEMENT, getHandleIdentifier()=bcddd4bc-62c2-41a9-87d4-5f138b873d04]
2024-04-24T08:11:00,795  INFO [cccdc3be-b73d-45e7-b65d-3e547f29f880 main] operation.OperationManager: Removed queryId: alex_20240424081100_3495a25b-d12d-4811-b842-22aeee79e30e corresponding to operation: OperationHandle [opType=EXECUTE_STATEMENT, getHandleIdentifier()=bcddd4bc-62c2-41a9-87d4-5f138b873d04] with tag: null
2024-04-24T08:11:00,796  INFO [cccdc3be-b73d-45e7-b65d-3e547f29f880 main] operation.HiveCommandOperation: Closing operation log /home/alex/Repositories/hive/beeline/target/tmp/alex/operation_logs/cccdc3be-b73d-45e7-b65d-3e547f29f880/alex_20240424081100_3495a25b-d12d-4811-b842-22aeee79e30e without delay
2024-04-24T08:11:00,800  INFO [cccdc3be-b73d-45e7-b65d-3e547f29f880 main] session.HiveSessionImpl: executing use test
2024-04-24T08:11:00,803  INFO [cccdc3be-b73d-45e7-b65d-3e547f29f880 main] operation.OperationManager: Adding operation: OperationHandle [opType=EXECUTE_STATEMENT, getHandleIdentifier()=de5668ca-b347-4af5-b63b-b242228e7ee9] SessionHandle [cccdc3be-b73d-45e7-b65d-3e547f29f880]
2024-04-24T08:11:00,803  INFO [cccdc3be-b73d-45e7-b65d-3e547f29f880 main] common.LogUtils: Thread context registration is done.
DEBUG StatusLogger Building Plugin[name=filter, class=org.apache.hadoop.hive.ql.log.LogDivertAppender$NameFilter].
DEBUG StatusLogger createFilter(loggingLevel="EXECUTION")
DEBUG StatusLogger Building Plugin[name=layout, class=org.apache.logging.log4j.core.layout.PatternLayout].
DEBUG StatusLogger PatternLayout$Builder(pattern="%-5p : %m%n", Replace=null, header="null", Configuration(HiveLog4j2Test), footer="null", noConsoleNoAnsi="null", PatternSelector=null, alwaysWriteExceptions="null", disableAnsi="null", charset="null")
DEBUG StatusLogger Building Plugin[name=appender, class=org.apache.hadoop.hive.ql.log.HushableRandomAccessFileAppender].
DEBUG StatusLogger createAppender(fileName="/home/alex/Repositories/hive/beeline/target/tmp/alex/operation_logs/cccdc3be-b73d-45e7-b65d-3e547f29f880/alex_20240424081100_aa0f4a4a-955a-47c3-a81e-94ddee0d926d", append="null", name="query-file-appender", immediateFlush="null", bufferSize="null", ignoreExceptions="null", PatternLayout(org.apache.logging.log4j.core.layout.PatternLayout with name PatternLayout), NameFilter(org.apache.hadoop.hive.ql.log.LogDivertAppender$NameFilter with name NameFilter), advertise="null", advertiseURI="null", Configuration(HiveLog4j2Test))
DEBUG StatusLogger Starting RandomAccessFileManager /home/alex/Repositories/hive/beeline/target/tmp/alex/operation_logs/cccdc3be-b73d-45e7-b65d-3e547f29f880/alex_20240424081100_aa0f4a4a-955a-47c3-a81e-94ddee0d926d
DEBUG StatusLogger Building Plugin[name=, class=org.apache.hadoop.hive.ql.log.LogDivertAppenderForTest$TestFilter].
DEBUG StatusLogger createFilter()
DEBUG StatusLogger Building Plugin[name=, class=org.apache.logging.log4j.core.layout.PatternLayout].
DEBUG StatusLogger PatternLayout$Builder(PatternSelector=null, pattern="%-5p : %m%n", noConsoleNoAnsi="null", Configuration(HiveLog4j2Test), header="null", disableAnsi="null", alwaysWriteExceptions="null", Replace=null, footer="null", charset="null")
DEBUG StatusLogger Building Plugin[name=appender, class=org.apache.hadoop.hive.ql.log.HushableRandomAccessFileAppender].
DEBUG StatusLogger createAppender(fileName="/home/alex/Repositories/hive/beeline/target/tmp/alex/operation_logs/cccdc3be-b73d-45e7-b65d-3e547f29f880/alex_20240424081100_aa0f4a4a-955a-47c3-a81e-94ddee0d926d.test", append="null", name="test-query-file-appender", immediateFlush="null", bufferSize="null", ignoreExceptions="null", PatternLayout(org.apache.logging.log4j.core.layout.PatternLayout with name PatternLayout), test-filter(org.apache.hadoop.hive.ql.log.LogDivertAppenderForTest$TestFilter with name test-filter), advertise="null", advertiseURI="null", Configuration(HiveLog4j2Test))
DEBUG StatusLogger Starting RandomAccessFileManager /home/alex/Repositories/hive/beeline/target/tmp/alex/operation_logs/cccdc3be-b73d-45e7-b65d-3e547f29f880/alex_20240424081100_aa0f4a4a-955a-47c3-a81e-94ddee0d926d.test
2024-04-24T08:11:00,813  INFO [cccdc3be-b73d-45e7-b65d-3e547f29f880 main] operation.SQLOperation: [opType=EXECUTE_STATEMENT, queryId=alex_20240424081100_aa0f4a4a-955a-47c3-a81e-94ddee0d926d, startTime=1713971460800, sessionId=cccdc3be-b73d-45e7-b65d-3e547f29f880, createTime=1713971460573, userName=null, ipAddress=null]
2024-04-24T08:11:00,814  INFO [cccdc3be-b73d-45e7-b65d-3e547f29f880 main] ql.Driver: Compiling command(queryId=alex_20240424081100_aa0f4a4a-955a-47c3-a81e-94ddee0d926d): use test
2024-04-24T08:11:00,816  INFO [cccdc3be-b73d-45e7-b65d-3e547f29f880 main] metastore.HiveMetaStoreClient: HMS client filtering is enabled.
2024-04-24T08:11:00,817  INFO [cccdc3be-b73d-45e7-b65d-3e547f29f880 main] metastore.HMSHandler: 0: Opening raw store with implementation class:org.apache.hadoop.hive.metastore.ObjectStore
2024-04-24T08:11:00,817  INFO [cccdc3be-b73d-45e7-b65d-3e547f29f880 main] metastore.PersistenceManagerProvider: Configuration datanucleus.autoStartMechanismMode is not set. Defaulting to 'ignored'
2024-04-24T08:11:00,818  INFO [cccdc3be-b73d-45e7-b65d-3e547f29f880 main] metastore.ObjectStore: RawStore: org.apache.hadoop.hive.metastore.ObjectStore@cf01c2e, with PersistenceManager: null will be shutdown
2024-04-24T08:11:00,819  INFO [cccdc3be-b73d-45e7-b65d-3e547f29f880 main] metastore.ObjectStore: RawStore: org.apache.hadoop.hive.metastore.ObjectStore@cf01c2e, with PersistenceManager: org.datanucleus.api.jdo.JDOPersistenceManager@6f15f52a created in the thread with id: 1
2024-04-24T08:11:00,823  INFO [cccdc3be-b73d-45e7-b65d-3e547f29f880 main] metastore.HMSHandler: Created RawStore: org.apache.hadoop.hive.metastore.ObjectStore@cf01c2e from thread id: 1
2024-04-24T08:11:00,823  INFO [cccdc3be-b73d-45e7-b65d-3e547f29f880 main] metastore.HMSHandler: HMS server filtering is disabled by configuration
2024-04-24T08:11:00,823  INFO [cccdc3be-b73d-45e7-b65d-3e547f29f880 main] metastore.RetryingMetaStoreClient: RetryingMetaStoreClient proxy=class org.apache.hadoop.hive.ql.metadata.SessionHiveMetaStoreClient ugi=alex (auth:SIMPLE) retries=1 delay=1 lifetime=0
2024-04-24T08:11:00,825  INFO [cccdc3be-b73d-45e7-b65d-3e547f29f880 main] HiveMetaStore.audit: ugi=alex	ip=unknown-ip-addr	cmd=get_database: test	
2024-04-24T08:11:00,830  INFO [cccdc3be-b73d-45e7-b65d-3e547f29f880 main] ql.Driver: Semantic Analysis Completed (retrial = false)
2024-04-24T08:11:00,831  INFO [cccdc3be-b73d-45e7-b65d-3e547f29f880 main] ql.Driver: Created Hive schema: Schema(fieldSchemas:null, properties:null)
2024-04-24T08:11:00,831  INFO [cccdc3be-b73d-45e7-b65d-3e547f29f880 main] metadata.Hive: Dumping metastore api call timing information for : compilation phase
2024-04-24T08:11:00,831  INFO [cccdc3be-b73d-45e7-b65d-3e547f29f880 main] metadata.Hive: Total time spent in each metastore function (ms): {getDatabase_(String)=6, isCompatibleWith_(Configuration)=0, flushCache_()=0}
2024-04-24T08:11:00,832  INFO [cccdc3be-b73d-45e7-b65d-3e547f29f880 main] ql.Driver: Completed compiling command(queryId=alex_20240424081100_aa0f4a4a-955a-47c3-a81e-94ddee0d926d); Time taken: 0.017 seconds
2024-04-24T08:11:00,833  INFO [cccdc3be-b73d-45e7-b65d-3e547f29f880 main] common.LogUtils: Unregistered logging context.
2024-04-24T08:11:00,833  INFO [HiveServer2-Background-Pool: Thread-111] common.LogUtils: Thread context registration is done.
2024-04-24T08:11:00,834  INFO [HiveServer2-Background-Pool: Thread-111] reexec.ReExecDriver: Execution #1 of query
2024-04-24T08:11:00,834  INFO [HiveServer2-Background-Pool: Thread-111] ql.Driver: Concurrency mode is disabled, not creating a lock manager
2024-04-24T08:11:00,835  INFO [HiveServer2-Background-Pool: Thread-111] ql.Driver: Executing command(queryId=alex_20240424081100_aa0f4a4a-955a-47c3-a81e-94ddee0d926d): use test
2024-04-24T08:11:00,835  INFO [HiveServer2-Background-Pool: Thread-111] ql.Driver: Starting task [Stage-0:DDL] in serial mode
2024-04-24T08:11:00,837  INFO [HiveServer2-Background-Pool: Thread-111] HiveMetaStore.audit: ugi=alex	ip=unknown-ip-addr	cmd=get_database: test	
2024-04-24T08:11:00,838  INFO [HiveServer2-Background-Pool: Thread-111] metastore.HMSHandler: 3: Opening raw store with implementation class:org.apache.hadoop.hive.metastore.ObjectStore
2024-04-24T08:11:00,839  INFO [HiveServer2-Background-Pool: Thread-111] metastore.ObjectStore: RawStore: org.apache.hadoop.hive.metastore.ObjectStore@6f14d71a, with PersistenceManager: null will be shutdown
2024-04-24T08:11:00,839  INFO [HiveServer2-Background-Pool: Thread-111] metastore.ObjectStore: RawStore: org.apache.hadoop.hive.metastore.ObjectStore@6f14d71a, with PersistenceManager: org.datanucleus.api.jdo.JDOPersistenceManager@2a16549c created in the thread with id: 111
2024-04-24T08:11:00,846  INFO [HiveServer2-Background-Pool: Thread-111] metastore.HMSHandler: Created RawStore: org.apache.hadoop.hive.metastore.ObjectStore@6f14d71a from thread id: 111
2024-04-24T08:11:00,849  INFO [HiveServer2-Background-Pool: Thread-111] HiveMetaStore.audit: ugi=alex	ip=unknown-ip-addr	cmd=get_database: test	
2024-04-24T08:11:00,850  INFO [HiveServer2-Background-Pool: Thread-111] metadata.Hive: Dumping metastore api call timing information for : execution phase
2024-04-24T08:11:00,851  INFO [HiveServer2-Background-Pool: Thread-111] metadata.Hive: Total time spent in each metastore function (ms): {getDatabase_(String)=14, isCompatibleWith_(Configuration)=1}
2024-04-24T08:11:00,851  INFO [HiveServer2-Background-Pool: Thread-111] ql.Driver: Completed executing command(queryId=alex_20240424081100_aa0f4a4a-955a-47c3-a81e-94ddee0d926d); Time taken: 0.016 seconds
2024-04-24T08:11:00,851  INFO [HiveServer2-Background-Pool: Thread-111] common.LogUtils: Unregistered logging context.
2024-04-24T08:11:00,854  INFO [cccdc3be-b73d-45e7-b65d-3e547f29f880 main] operation.OperationManager: Closing operation: OperationHandle [opType=EXECUTE_STATEMENT, getHandleIdentifier()=de5668ca-b347-4af5-b63b-b242228e7ee9]
2024-04-24T08:11:00,854  INFO [cccdc3be-b73d-45e7-b65d-3e547f29f880 main] operation.OperationManager: Removed queryId: alex_20240424081100_aa0f4a4a-955a-47c3-a81e-94ddee0d926d corresponding to operation: OperationHandle [opType=EXECUTE_STATEMENT, getHandleIdentifier()=de5668ca-b347-4af5-b63b-b242228e7ee9] with tag: null
2024-04-24T08:11:00,854  INFO [cccdc3be-b73d-45e7-b65d-3e547f29f880 main] operation.SQLOperation: Closing operation log /home/alex/Repositories/hive/beeline/target/tmp/alex/operation_logs/cccdc3be-b73d-45e7-b65d-3e547f29f880/alex_20240424081100_aa0f4a4a-955a-47c3-a81e-94ddee0d926d without delay
2024-04-24T08:11:00,922  WARN [main] conf.HiveConf: HiveConf of name hive.dummyparam.test.server.specific.config.override does not exist
2024-04-24T08:11:00,922  WARN [main] conf.HiveConf: HiveConf of name hive.dummyparam.test.server.specific.config.metastoresite does not exist
2024-04-24T08:11:00,923  WARN [main] conf.HiveConf: HiveConf of name hive.dummyparam.test.server.specific.config.hiveserver2site does not exist
2024-04-24T08:11:00,924  INFO [cccdc3be-b73d-45e7-b65d-3e547f29f880 main] session.HiveSessionImpl: executing set
2024-04-24T08:11:00,925  INFO [cccdc3be-b73d-45e7-b65d-3e547f29f880 main] operation.HiveCommandOperation: Putting temp output to file /home/alex/Repositories/hive/beeline/target/tmp/alex/cccdc3be-b73d-45e7-b65d-3e547f29f8806608195337532387582.pipeout and error output to file /home/alex/Repositories/hive/beeline/target/tmp/alex/cccdc3be-b73d-45e7-b65d-3e547f29f8805994468573476331226.pipeout
2024-04-24T08:11:00,925  INFO [cccdc3be-b73d-45e7-b65d-3e547f29f880 main] operation.OperationManager: Adding operation: OperationHandle [opType=EXECUTE_STATEMENT, getHandleIdentifier()=c9d8cc1d-952b-4862-a73f-c49fd98fe44a] SessionHandle [cccdc3be-b73d-45e7-b65d-3e547f29f880]
2024-04-24T08:11:00,925  INFO [cccdc3be-b73d-45e7-b65d-3e547f29f880 main] common.LogUtils: Thread context registration is done.
DEBUG StatusLogger Building Plugin[name=filter, class=org.apache.hadoop.hive.ql.log.LogDivertAppender$NameFilter].
DEBUG StatusLogger createFilter(loggingLevel="EXECUTION")
DEBUG StatusLogger Building Plugin[name=layout, class=org.apache.logging.log4j.core.layout.PatternLayout].
DEBUG StatusLogger PatternLayout$Builder(PatternSelector=null, disableAnsi="null", Configuration(HiveLog4j2Test), charset="null", pattern="%-5p : %m%n", noConsoleNoAnsi="null", Replace=null, footer="null", header="null", alwaysWriteExceptions="null")
DEBUG StatusLogger Building Plugin[name=appender, class=org.apache.hadoop.hive.ql.log.HushableRandomAccessFileAppender].
DEBUG StatusLogger createAppender(fileName="/home/alex/Repositories/hive/beeline/target/tmp/alex/operation_logs/cccdc3be-b73d-45e7-b65d-3e547f29f880/alex_20240424081100_2a0ee65c-4972-4aa1-9888-e8d1388ae30d", append="null", name="query-file-appender", immediateFlush="null", bufferSize="null", ignoreExceptions="null", PatternLayout(org.apache.logging.log4j.core.layout.PatternLayout with name PatternLayout), NameFilter(org.apache.hadoop.hive.ql.log.LogDivertAppender$NameFilter with name NameFilter), advertise="null", advertiseURI="null", Configuration(HiveLog4j2Test))
DEBUG StatusLogger Starting RandomAccessFileManager /home/alex/Repositories/hive/beeline/target/tmp/alex/operation_logs/cccdc3be-b73d-45e7-b65d-3e547f29f880/alex_20240424081100_2a0ee65c-4972-4aa1-9888-e8d1388ae30d
DEBUG StatusLogger Building Plugin[name=, class=org.apache.hadoop.hive.ql.log.LogDivertAppenderForTest$TestFilter].
DEBUG StatusLogger createFilter()
DEBUG StatusLogger Building Plugin[name=, class=org.apache.logging.log4j.core.layout.PatternLayout].
DEBUG StatusLogger PatternLayout$Builder(Configuration(HiveLog4j2Test), header="null", disableAnsi="null", PatternSelector=null, footer="null", alwaysWriteExceptions="null", Replace=null, noConsoleNoAnsi="null", pattern="%-5p : %m%n", charset="null")
DEBUG StatusLogger Building Plugin[name=appender, class=org.apache.hadoop.hive.ql.log.HushableRandomAccessFileAppender].
DEBUG StatusLogger createAppender(fileName="/home/alex/Repositories/hive/beeline/target/tmp/alex/operation_logs/cccdc3be-b73d-45e7-b65d-3e547f29f880/alex_20240424081100_2a0ee65c-4972-4aa1-9888-e8d1388ae30d.test", append="null", name="test-query-file-appender", immediateFlush="null", bufferSize="null", ignoreExceptions="null", PatternLayout(org.apache.logging.log4j.core.layout.PatternLayout with name PatternLayout), test-filter(org.apache.hadoop.hive.ql.log.LogDivertAppenderForTest$TestFilter with name test-filter), advertise="null", advertiseURI="null", Configuration(HiveLog4j2Test))
DEBUG StatusLogger Starting RandomAccessFileManager /home/alex/Repositories/hive/beeline/target/tmp/alex/operation_logs/cccdc3be-b73d-45e7-b65d-3e547f29f880/alex_20240424081100_2a0ee65c-4972-4aa1-9888-e8d1388ae30d.test
2024-04-24T08:11:00,934  INFO [cccdc3be-b73d-45e7-b65d-3e547f29f880 main] operation.HiveCommandOperation: [opType=EXECUTE_STATEMENT, queryId=alex_20240424081100_2a0ee65c-4972-4aa1-9888-e8d1388ae30d, startTime=1713971460924, sessionId=cccdc3be-b73d-45e7-b65d-3e547f29f880, createTime=1713971460573, userName=null, ipAddress=null]
2024-04-24T08:11:01,036  INFO [cccdc3be-b73d-45e7-b65d-3e547f29f880 main] common.LogUtils: Unregistered logging context.
2024-04-24T08:11:01,039  INFO [cccdc3be-b73d-45e7-b65d-3e547f29f880 main] operation.OperationManager: Closing operation: OperationHandle [opType=EXECUTE_STATEMENT, getHandleIdentifier()=c9d8cc1d-952b-4862-a73f-c49fd98fe44a]
2024-04-24T08:11:01,039  INFO [cccdc3be-b73d-45e7-b65d-3e547f29f880 main] operation.OperationManager: Removed queryId: alex_20240424081100_2a0ee65c-4972-4aa1-9888-e8d1388ae30d corresponding to operation: OperationHandle [opType=EXECUTE_STATEMENT, getHandleIdentifier()=c9d8cc1d-952b-4862-a73f-c49fd98fe44a] with tag: null
2024-04-24T08:11:01,040  INFO [cccdc3be-b73d-45e7-b65d-3e547f29f880 main] operation.HiveCommandOperation: Closing operation log /home/alex/Repositories/hive/beeline/target/tmp/alex/operation_logs/cccdc3be-b73d-45e7-b65d-3e547f29f880/alex_20240424081100_2a0ee65c-4972-4aa1-9888-e8d1388ae30d without delay
2024-04-24T08:11:01,042  INFO [cccdc3be-b73d-45e7-b65d-3e547f29f880 main] session.HiveSessionImpl: executing create table if not exists test.testSrcTbl3(sc3 string)
2024-04-24T08:11:01,043  INFO [cccdc3be-b73d-45e7-b65d-3e547f29f880 main] operation.OperationManager: Adding operation: OperationHandle [opType=EXECUTE_STATEMENT, getHandleIdentifier()=d7eaacee-6001-42f9-ba3a-a96650d53172] SessionHandle [cccdc3be-b73d-45e7-b65d-3e547f29f880]
2024-04-24T08:11:01,044  INFO [cccdc3be-b73d-45e7-b65d-3e547f29f880 main] common.LogUtils: Thread context registration is done.
DEBUG StatusLogger Building Plugin[name=filter, class=org.apache.hadoop.hive.ql.log.LogDivertAppender$NameFilter].
DEBUG StatusLogger createFilter(loggingLevel="EXECUTION")
DEBUG StatusLogger Building Plugin[name=layout, class=org.apache.logging.log4j.core.layout.PatternLayout].
DEBUG StatusLogger PatternLayout$Builder(disableAnsi="null", Replace=null, alwaysWriteExceptions="null", charset="null", header="null", Configuration(HiveLog4j2Test), pattern="%-5p : %m%n", noConsoleNoAnsi="null", PatternSelector=null, footer="null")
DEBUG StatusLogger Building Plugin[name=appender, class=org.apache.hadoop.hive.ql.log.HushableRandomAccessFileAppender].
DEBUG StatusLogger createAppender(fileName="/home/alex/Repositories/hive/beeline/target/tmp/alex/operation_logs/cccdc3be-b73d-45e7-b65d-3e547f29f880/alex_20240424081101_0c17a0ad-28a6-441f-916f-5dfdb7b125f7", append="null", name="query-file-appender", immediateFlush="null", bufferSize="null", ignoreExceptions="null", PatternLayout(org.apache.logging.log4j.core.layout.PatternLayout with name PatternLayout), NameFilter(org.apache.hadoop.hive.ql.log.LogDivertAppender$NameFilter with name NameFilter), advertise="null", advertiseURI="null", Configuration(HiveLog4j2Test))
DEBUG StatusLogger Starting RandomAccessFileManager /home/alex/Repositories/hive/beeline/target/tmp/alex/operation_logs/cccdc3be-b73d-45e7-b65d-3e547f29f880/alex_20240424081101_0c17a0ad-28a6-441f-916f-5dfdb7b125f7
DEBUG StatusLogger Building Plugin[name=, class=org.apache.hadoop.hive.ql.log.LogDivertAppenderForTest$TestFilter].
DEBUG StatusLogger createFilter()
DEBUG StatusLogger Building Plugin[name=, class=org.apache.logging.log4j.core.layout.PatternLayout].
DEBUG StatusLogger PatternLayout$Builder(footer="null", alwaysWriteExceptions="null", PatternSelector=null, header="null", noConsoleNoAnsi="null", charset="null", disableAnsi="null", pattern="%-5p : %m%n", Configuration(HiveLog4j2Test), Replace=null)
DEBUG StatusLogger Building Plugin[name=appender, class=org.apache.hadoop.hive.ql.log.HushableRandomAccessFileAppender].
DEBUG StatusLogger createAppender(fileName="/home/alex/Repositories/hive/beeline/target/tmp/alex/operation_logs/cccdc3be-b73d-45e7-b65d-3e547f29f880/alex_20240424081101_0c17a0ad-28a6-441f-916f-5dfdb7b125f7.test", append="null", name="test-query-file-appender", immediateFlush="null", bufferSize="null", ignoreExceptions="null", PatternLayout(org.apache.logging.log4j.core.layout.PatternLayout with name PatternLayout), test-filter(org.apache.hadoop.hive.ql.log.LogDivertAppenderForTest$TestFilter with name test-filter), advertise="null", advertiseURI="null", Configuration(HiveLog4j2Test))
DEBUG StatusLogger Starting RandomAccessFileManager /home/alex/Repositories/hive/beeline/target/tmp/alex/operation_logs/cccdc3be-b73d-45e7-b65d-3e547f29f880/alex_20240424081101_0c17a0ad-28a6-441f-916f-5dfdb7b125f7.test
2024-04-24T08:11:01,052  INFO [cccdc3be-b73d-45e7-b65d-3e547f29f880 main] operation.SQLOperation: [opType=EXECUTE_STATEMENT, queryId=alex_20240424081101_0c17a0ad-28a6-441f-916f-5dfdb7b125f7, startTime=1713971461042, sessionId=cccdc3be-b73d-45e7-b65d-3e547f29f880, createTime=1713971460573, userName=null, ipAddress=null]
2024-04-24T08:11:01,053  INFO [cccdc3be-b73d-45e7-b65d-3e547f29f880 main] ql.Driver: Compiling command(queryId=alex_20240424081101_0c17a0ad-28a6-441f-916f-5dfdb7b125f7): create table if not exists test.testSrcTbl3(sc3 string)
2024-04-24T08:11:01,141  INFO [cccdc3be-b73d-45e7-b65d-3e547f29f880 main] parse.CalcitePlanner: Starting caching scope for: alex_20240424081101_0c17a0ad-28a6-441f-916f-5dfdb7b125f7
2024-04-24T08:11:01,144  INFO [cccdc3be-b73d-45e7-b65d-3e547f29f880 main] parse.CalcitePlanner: Starting Semantic Analysis
2024-04-24T08:11:01,145  INFO [cccdc3be-b73d-45e7-b65d-3e547f29f880 main] sqlstd.SQLStdHiveAccessController: Created SQLStdHiveAccessController for session context : HiveAuthzSessionContext [sessionString=cccdc3be-b73d-45e7-b65d-3e547f29f880, clientType=HIVESERVER2]
2024-04-24T08:11:01,152  INFO [cccdc3be-b73d-45e7-b65d-3e547f29f880 main] parse.CalcitePlanner: Creating table test.testSrcTbl3 position=27
2024-04-24T08:11:01,166  INFO [cccdc3be-b73d-45e7-b65d-3e547f29f880 main] HiveMetaStore.audit: ugi=alex	ip=unknown-ip-addr	cmd=get_table : tbl=hive.test.testSrcTbl3	
2024-04-24T08:11:01,364  INFO [cccdc3be-b73d-45e7-b65d-3e547f29f880 main] parse.CalcitePlanner: Ending caching scope for: alex_20240424081101_0c17a0ad-28a6-441f-916f-5dfdb7b125f7
2024-04-24T08:11:01,364  INFO [cccdc3be-b73d-45e7-b65d-3e547f29f880 main] ql.Driver: Semantic Analysis Completed (retrial = false)
2024-04-24T08:11:01,365  INFO [cccdc3be-b73d-45e7-b65d-3e547f29f880 main] ql.Driver: Created Hive schema: Schema(fieldSchemas:null, properties:null)
2024-04-24T08:11:01,365  INFO [cccdc3be-b73d-45e7-b65d-3e547f29f880 main] metadata.Hive: Dumping metastore api call timing information for : compilation phase
2024-04-24T08:11:01,365  INFO [cccdc3be-b73d-45e7-b65d-3e547f29f880 main] metadata.Hive: Total time spent in each metastore function (ms): {getTable_(GetTableRequest)=196, isCompatibleWith_(Configuration)=1, flushCache_()=0}
2024-04-24T08:11:01,366  INFO [cccdc3be-b73d-45e7-b65d-3e547f29f880 main] ql.Driver: Completed compiling command(queryId=alex_20240424081101_0c17a0ad-28a6-441f-916f-5dfdb7b125f7); Time taken: 0.312 seconds
2024-04-24T08:11:01,367  INFO [HiveServer2-Background-Pool: Thread-114] common.LogUtils: Thread context registration is done.
2024-04-24T08:11:01,367  INFO [cccdc3be-b73d-45e7-b65d-3e547f29f880 main] common.LogUtils: Unregistered logging context.
2024-04-24T08:11:01,368  INFO [HiveServer2-Background-Pool: Thread-114] reexec.ReExecDriver: Execution #1 of query
2024-04-24T08:11:01,368  INFO [HiveServer2-Background-Pool: Thread-114] ql.Driver: Concurrency mode is disabled, not creating a lock manager
2024-04-24T08:11:01,369  INFO [HiveServer2-Background-Pool: Thread-114] ql.Driver: Executing command(queryId=alex_20240424081101_0c17a0ad-28a6-441f-916f-5dfdb7b125f7): create table if not exists test.testSrcTbl3(sc3 string)
2024-04-24T08:11:01,370  INFO [HiveServer2-Background-Pool: Thread-114] metadata.Hive: Dumping metastore api call timing information for : execution phase
2024-04-24T08:11:01,370  INFO [HiveServer2-Background-Pool: Thread-114] metadata.Hive: Total time spent in each metastore function (ms): {}
2024-04-24T08:11:01,371  INFO [HiveServer2-Background-Pool: Thread-114] ql.Driver: Completed executing command(queryId=alex_20240424081101_0c17a0ad-28a6-441f-916f-5dfdb7b125f7); Time taken: 0.0 seconds
2024-04-24T08:11:01,371  INFO [HiveServer2-Background-Pool: Thread-114] common.LogUtils: Unregistered logging context.
2024-04-24T08:11:01,373  INFO [cccdc3be-b73d-45e7-b65d-3e547f29f880 main] operation.OperationManager: Closing operation: OperationHandle [opType=EXECUTE_STATEMENT, getHandleIdentifier()=d7eaacee-6001-42f9-ba3a-a96650d53172]
2024-04-24T08:11:01,373  INFO [cccdc3be-b73d-45e7-b65d-3e547f29f880 main] operation.OperationManager: Removed queryId: alex_20240424081101_0c17a0ad-28a6-441f-916f-5dfdb7b125f7 corresponding to operation: OperationHandle [opType=EXECUTE_STATEMENT, getHandleIdentifier()=d7eaacee-6001-42f9-ba3a-a96650d53172] with tag: null
2024-04-24T08:11:01,374  INFO [cccdc3be-b73d-45e7-b65d-3e547f29f880 main] operation.SQLOperation: Closing operation log /home/alex/Repositories/hive/beeline/target/tmp/alex/operation_logs/cccdc3be-b73d-45e7-b65d-3e547f29f880/alex_20240424081101_0c17a0ad-28a6-441f-916f-5dfdb7b125f7 without delay
2024-04-24T08:11:01,379  INFO [main] service.CompositeService: Session closed, SessionHandle [cccdc3be-b73d-45e7-b65d-3e547f29f880], current sessions:0
2024-04-24T08:11:01,380  INFO [cccdc3be-b73d-45e7-b65d-3e547f29f880 main] session.HiveSessionImpl: Operation log session directory is deleted: /home/alex/Repositories/hive/beeline/target/tmp/alex/operation_logs/cccdc3be-b73d-45e7-b65d-3e547f29f880
2024-04-24T08:11:01,381  INFO [main] cleanup.EventualCleanupService: Delete /tmp/hive/alex/cccdc3be-b73d-45e7-b65d-3e547f29f880 operation was queued
2024-04-24T08:11:01,381  INFO [main] cleanup.EventualCleanupService: Delete /home/alex/Repositories/hive/beeline/target/tmp/alex/cccdc3be-b73d-45e7-b65d-3e547f29f880 operation was queued
2024-04-24T08:11:01,381  INFO [EventualCleanupService thread 1] cleanup.EventualCleanupService: Deleted /home/alex/Repositories/hive/beeline/target/tmp/alex/cccdc3be-b73d-45e7-b65d-3e547f29f880
2024-04-24T08:11:01,381  INFO [EventualCleanupService thread 0] cleanup.EventualCleanupService: Deleted /tmp/hive/alex/cccdc3be-b73d-45e7-b65d-3e547f29f880
2024-04-24T08:11:01,382  INFO [main] HiveMetaStore.audit: ugi=alex	ip=unknown-ip-addr	cmd=Cleaning up thread local RawStore...	
2024-04-24T08:11:01,382  INFO [main] metastore.ObjectStore: RawStore: org.apache.hadoop.hive.metastore.ObjectStore@cf01c2e, with PersistenceManager: org.datanucleus.api.jdo.JDOPersistenceManager@6f15f52a will be shutdown
2024-04-24T08:11:01,383  INFO [main] HiveMetaStore.audit: ugi=alex	ip=unknown-ip-addr	cmd=Done cleaning up thread local RawStore	
2024-04-24T08:11:01,383  INFO [main] metastore.HiveMetaStoreClient: Closed a connection to metastore, current connections: -4
]]></system-err>
  </testcase>
  <testcase name="testSourceCmd3" classname="org.apache.hive.beeline.cli.TestHiveCli" time="0.716">
    <failure type="java.lang.AssertionError"><![CDATA[java.lang.AssertionError: Supported return code is 2 while the actual is 0
	at org.junit.Assert.fail(Assert.java:89)
	at org.apache.hive.beeline.cli.TestHiveCli.executeCMD(TestHiveCli.java:256)
	at org.apache.hive.beeline.cli.TestHiveCli.verifyCMD(TestHiveCli.java:266)
	at org.apache.hive.beeline.cli.TestHiveCli.testSourceCmd3(TestHiveCli.java:130)
	at sun.reflect.NativeMethodAccessorImpl.invoke0(Native Method)
	at sun.reflect.NativeMethodAccessorImpl.invoke(NativeMethodAccessorImpl.java:62)
	at sun.reflect.DelegatingMethodAccessorImpl.invoke(DelegatingMethodAccessorImpl.java:43)
	at java.lang.reflect.Method.invoke(Method.java:498)
	at org.junit.runners.model.FrameworkMethod$1.runReflectiveCall(FrameworkMethod.java:59)
	at org.junit.internal.runners.model.ReflectiveCallable.run(ReflectiveCallable.java:12)
	at org.junit.runners.model.FrameworkMethod.invokeExplosively(FrameworkMethod.java:56)
	at org.junit.internal.runners.statements.InvokeMethod.evaluate(InvokeMethod.java:17)
	at org.junit.internal.runners.statements.RunBefores.evaluate(RunBefores.java:26)
	at org.junit.internal.runners.statements.RunAfters.evaluate(RunAfters.java:27)
	at org.junit.runners.ParentRunner$3.evaluate(ParentRunner.java:306)
	at org.junit.runners.BlockJUnit4ClassRunner$1.evaluate(BlockJUnit4ClassRunner.java:100)
	at org.junit.runners.ParentRunner.runLeaf(ParentRunner.java:366)
	at org.junit.runners.BlockJUnit4ClassRunner.runChild(BlockJUnit4ClassRunner.java:103)
	at org.junit.runners.BlockJUnit4ClassRunner.runChild(BlockJUnit4ClassRunner.java:63)
	at org.junit.runners.ParentRunner$4.run(ParentRunner.java:331)
	at org.junit.runners.ParentRunner$1.schedule(ParentRunner.java:79)
	at org.junit.runners.ParentRunner.runChildren(ParentRunner.java:329)
	at org.junit.runners.ParentRunner.access$100(ParentRunner.java:66)
	at org.junit.runners.ParentRunner$2.evaluate(ParentRunner.java:293)
	at org.junit.internal.runners.statements.RunBefores.evaluate(RunBefores.java:26)
	at org.junit.runners.ParentRunner$3.evaluate(ParentRunner.java:306)
	at org.junit.runners.ParentRunner.run(ParentRunner.java:413)
	at org.junit.runner.JUnitCore.run(JUnitCore.java:137)
	at org.junit.runner.JUnitCore.run(JUnitCore.java:115)
	at org.junit.vintage.engine.execution.RunnerExecutor.execute(RunnerExecutor.java:43)
	at java.util.stream.ForEachOps$ForEachOp$OfRef.accept(ForEachOps.java:183)
	at java.util.stream.ReferencePipeline$3$1.accept(ReferencePipeline.java:193)
	at java.util.Iterator.forEachRemaining(Iterator.java:116)
	at java.util.Spliterators$IteratorSpliterator.forEachRemaining(Spliterators.java:1801)
	at java.util.stream.AbstractPipeline.copyInto(AbstractPipeline.java:482)
	at java.util.stream.AbstractPipeline.wrapAndCopyInto(AbstractPipeline.java:472)
	at java.util.stream.ForEachOps$ForEachOp.evaluateSequential(ForEachOps.java:150)
	at java.util.stream.ForEachOps$ForEachOp$OfRef.evaluateSequential(ForEachOps.java:173)
	at java.util.stream.AbstractPipeline.evaluate(AbstractPipeline.java:234)
	at java.util.stream.ReferencePipeline.forEach(ReferencePipeline.java:485)
	at org.junit.vintage.engine.VintageTestEngine.executeAllChildren(VintageTestEngine.java:82)
	at org.junit.vintage.engine.VintageTestEngine.execute(VintageTestEngine.java:73)
	at org.junit.platform.launcher.core.DefaultLauncher.execute(DefaultLauncher.java:248)
	at org.junit.platform.launcher.core.DefaultLauncher.lambda$execute$5(DefaultLauncher.java:211)
	at org.junit.platform.launcher.core.DefaultLauncher.withInterceptedStreams(DefaultLauncher.java:226)
	at org.junit.platform.launcher.core.DefaultLauncher.execute(DefaultLauncher.java:199)
	at org.junit.platform.launcher.core.DefaultLauncher.execute(DefaultLauncher.java:132)
	at org.apache.maven.surefire.junitplatform.JUnitPlatformProvider.invokeAllTests(JUnitPlatformProvider.java:154)
	at org.apache.maven.surefire.junitplatform.JUnitPlatformProvider.invoke(JUnitPlatformProvider.java:123)
	at org.apache.maven.surefire.booter.ForkedBooter.runSuitesInProcess(ForkedBooter.java:377)
	at org.apache.maven.surefire.booter.ForkedBooter.execute(ForkedBooter.java:138)
	at org.apache.maven.surefire.booter.ForkedBooter.run(ForkedBooter.java:465)
	at org.apache.maven.surefire.booter.ForkedBooter.main(ForkedBooter.java:451)
]]></failure>
    <system-err><![CDATA[2024-04-24T08:11:01,384 ERROR [main] cli.TestHiveCli: Failed to execute command due to the error: java.lang.NullPointerException: Null output stream
2024-04-24T08:11:01,447  WARN [main] conf.HiveConf: HiveConf of name hive.dummyparam.test.server.specific.config.metastoresite does not exist
2024-04-24T08:11:01,447  WARN [main] conf.HiveConf: HiveConf of name hive.dummyparam.test.server.specific.config.hiveserver2site does not exist
2024-04-24T08:11:01,447  WARN [main] conf.HiveConf: HiveConf of name hive.dummyparam.test.server.specific.config.override does not exist
2024-04-24T08:11:01,448  INFO [main] SessionState: Hive Session ID = b4a5f923-7e45-478a-a3bc-b9e7379515ec
2024-04-24T08:11:01,448  INFO [main] DependencyResolver: ivysettings.xml file not found in HIVE_HOME or HIVE_CONF_DIR,/home/alex/Repositories/hive/conf/ivysettings.xml will be used
2024-04-24T08:11:01,456  INFO [main] session.SessionState: Created HDFS directory: /tmp/hive/alex/b4a5f923-7e45-478a-a3bc-b9e7379515ec
2024-04-24T08:11:01,460  INFO [main] session.SessionState: Created local directory: /home/alex/Repositories/hive/beeline/target/tmp/alex/b4a5f923-7e45-478a-a3bc-b9e7379515ec
2024-04-24T08:11:01,463  INFO [main] session.SessionState: Created HDFS directory: /tmp/hive/alex/b4a5f923-7e45-478a-a3bc-b9e7379515ec/_tmp_space.db
2024-04-24T08:11:01,463  INFO [main] sqlstd.SQLStdHiveAccessController: Created SQLStdHiveAccessController for session context : HiveAuthzSessionContext [sessionString=b4a5f923-7e45-478a-a3bc-b9e7379515ec, clientType=HIVESERVER2]
2024-04-24T08:11:01,464  INFO [main] metastore.HiveMetaStoreClient: HMS client filtering is enabled.
2024-04-24T08:11:01,466  INFO [main] metastore.HMSHandler: 0: Opening raw store with implementation class:org.apache.hadoop.hive.metastore.ObjectStore
2024-04-24T08:11:01,466  INFO [main] metastore.PersistenceManagerProvider: Configuration datanucleus.autoStartMechanismMode is not set. Defaulting to 'ignored'
2024-04-24T08:11:01,466  INFO [main] metastore.ObjectStore: RawStore: org.apache.hadoop.hive.metastore.ObjectStore@2e45a357, with PersistenceManager: null will be shutdown
2024-04-24T08:11:01,467  INFO [main] metastore.ObjectStore: RawStore: org.apache.hadoop.hive.metastore.ObjectStore@2e45a357, with PersistenceManager: org.datanucleus.api.jdo.JDOPersistenceManager@389a5022 created in the thread with id: 1
2024-04-24T08:11:01,472  INFO [main] metastore.HMSHandler: Created RawStore: org.apache.hadoop.hive.metastore.ObjectStore@2e45a357 from thread id: 1
2024-04-24T08:11:01,472  INFO [main] metastore.HMSHandler: HMS server filtering is disabled by configuration
2024-04-24T08:11:01,472  INFO [main] metastore.RetryingMetaStoreClient: RetryingMetaStoreClient proxy=class org.apache.hadoop.hive.ql.metadata.SessionHiveMetaStoreClient ugi=alex (auth:SIMPLE) retries=1 delay=1 lifetime=0
2024-04-24T08:11:01,472  INFO [main] service.CompositeService: Operation log root directory is created: /home/alex/Repositories/hive/beeline/target/tmp/alex/operation_logs
2024-04-24T08:11:01,473  INFO [main] service.CompositeService: HiveServer2: Background operation thread pool size: 100
2024-04-24T08:11:01,473  INFO [main] service.CompositeService: HiveServer2: Background operation thread wait queue size: 100
2024-04-24T08:11:01,473  INFO [main] service.CompositeService: HiveServer2: Background operation thread keepalive time: 10 seconds
2024-04-24T08:11:01,473  INFO [main] service.CompositeService: Connections limit are user: 0 ipaddress: 0 user-ipaddress: 0
2024-04-24T08:11:01,474  INFO [main] cleanup.EventualCleanupService: EventualCleanupService started with 10 threads and queue of size 10000
ERROR StatusLogger Log4j2 ConfigurationScheduler attempted to increment scheduled items after start
ERROR StatusLogger Log4j2 ConfigurationScheduler attempted to increment scheduled items after start
2024-04-24T08:11:01,477  INFO [main] service.AbstractService: Service:OperationManager is inited.
2024-04-24T08:11:01,477  INFO [main] service.AbstractService: Service:SessionManager is inited.
2024-04-24T08:11:01,477  INFO [main] service.AbstractService: Service:CLIService is inited.
2024-04-24T08:11:01,477  INFO [main] service.AbstractService: Service:OperationManager is started.
2024-04-24T08:11:01,477  INFO [main] service.AbstractService: Service:SessionManager is started.
2024-04-24T08:11:01,477  INFO [main] service.AbstractService: Service:CLIService is started.
2024-04-24T08:11:01,477  INFO [main] service.AbstractService: Service:ThriftBinaryCLIService is inited.
2024-04-24T08:11:01,477  INFO [main] thrift.ThriftCLIService: Client protocol version: HIVE_CLI_SERVICE_PROTOCOL_V10
2024-04-24T08:11:01,477  INFO [main] thrift.ThriftCLIService: Creating Hive session handle for user [null] from IP null
2024-04-24T08:11:01,480  INFO [main] DependencyResolver: ivysettings.xml file not found in HIVE_HOME or HIVE_CONF_DIR,/home/alex/Repositories/hive/conf/ivysettings.xml will be used
2024-04-24T08:11:01,487  INFO [main] session.SessionState: Created HDFS directory: /tmp/hive/alex/9679542c-061b-41d2-9ba2-d4c12fe1ae8e
2024-04-24T08:11:01,490  INFO [main] session.SessionState: Created local directory: /home/alex/Repositories/hive/beeline/target/tmp/alex/9679542c-061b-41d2-9ba2-d4c12fe1ae8e
2024-04-24T08:11:01,493  INFO [main] session.SessionState: Created HDFS directory: /tmp/hive/alex/9679542c-061b-41d2-9ba2-d4c12fe1ae8e/_tmp_space.db
2024-04-24T08:11:01,494  INFO [main] session.SessionState: Reloading auxiliary JAR files
2024-04-24T08:11:01,494  WARN [main] session.SessionState: Configuration hive.reloadable.aux.jars.path not specified
2024-04-24T08:11:01,494  INFO [main] HiveMetaStore.audit: ugi=alex	ip=unknown-ip-addr	cmd=Cleaning up thread local RawStore...	
2024-04-24T08:11:01,494  INFO [main] metastore.ObjectStore: RawStore: org.apache.hadoop.hive.metastore.ObjectStore@2e45a357, with PersistenceManager: org.datanucleus.api.jdo.JDOPersistenceManager@389a5022 will be shutdown
2024-04-24T08:11:01,494  INFO [main] HiveMetaStore.audit: ugi=alex	ip=unknown-ip-addr	cmd=Done cleaning up thread local RawStore	
2024-04-24T08:11:01,494  INFO [main] metastore.HiveMetaStoreClient: Closed a connection to metastore, current connections: -5
2024-04-24T08:11:01,495  INFO [main] session.HiveSessionImpl: Operation log session directory is created: /home/alex/Repositories/hive/beeline/target/tmp/alex/operation_logs/9679542c-061b-41d2-9ba2-d4c12fe1ae8e
2024-04-24T08:11:01,495  INFO [main] service.CompositeService: Session opened, SessionHandle [9679542c-061b-41d2-9ba2-d4c12fe1ae8e], current sessions:1
2024-04-24T08:11:01,495  INFO [main] thrift.ThriftCLIService: Login attempt is successful for user : null
2024-04-24T08:11:01,549  WARN [main] conf.HiveConf: HiveConf of name hive.dummyparam.test.server.specific.config.metastoresite does not exist
2024-04-24T08:11:01,549  WARN [main] conf.HiveConf: HiveConf of name hive.dummyparam.test.server.specific.config.override does not exist
2024-04-24T08:11:01,549  WARN [main] conf.HiveConf: HiveConf of name hive.dummyparam.test.server.specific.config.hiveserver2site does not exist
2024-04-24T08:11:01,549  INFO [9679542c-061b-41d2-9ba2-d4c12fe1ae8e main] session.HiveSessionImpl: executing set
2024-04-24T08:11:01,550  INFO [9679542c-061b-41d2-9ba2-d4c12fe1ae8e main] operation.HiveCommandOperation: Putting temp output to file /home/alex/Repositories/hive/beeline/target/tmp/alex/9679542c-061b-41d2-9ba2-d4c12fe1ae8e9196545773579769075.pipeout and error output to file /home/alex/Repositories/hive/beeline/target/tmp/alex/9679542c-061b-41d2-9ba2-d4c12fe1ae8e7210408272097162158.pipeout
2024-04-24T08:11:01,551  INFO [9679542c-061b-41d2-9ba2-d4c12fe1ae8e main] operation.OperationManager: Adding operation: OperationHandle [opType=EXECUTE_STATEMENT, getHandleIdentifier()=e2155dc9-1c51-4ccd-b16a-647c251ef48c] SessionHandle [9679542c-061b-41d2-9ba2-d4c12fe1ae8e]
2024-04-24T08:11:01,551  INFO [9679542c-061b-41d2-9ba2-d4c12fe1ae8e main] common.LogUtils: Thread context registration is done.
DEBUG StatusLogger Building Plugin[name=filter, class=org.apache.hadoop.hive.ql.log.LogDivertAppender$NameFilter].
DEBUG StatusLogger createFilter(loggingLevel="EXECUTION")
DEBUG StatusLogger Building Plugin[name=layout, class=org.apache.logging.log4j.core.layout.PatternLayout].
DEBUG StatusLogger PatternLayout$Builder(footer="null", Replace=null, alwaysWriteExceptions="null", disableAnsi="null", charset="null", pattern="%-5p : %m%n", noConsoleNoAnsi="null", header="null", Configuration(HiveLog4j2Test), PatternSelector=null)
DEBUG StatusLogger Building Plugin[name=appender, class=org.apache.hadoop.hive.ql.log.HushableRandomAccessFileAppender].
DEBUG StatusLogger createAppender(fileName="/home/alex/Repositories/hive/beeline/target/tmp/alex/operation_logs/9679542c-061b-41d2-9ba2-d4c12fe1ae8e/alex_20240424081101_842b0dce-51de-4b7e-a8d8-26f02307e69f", append="null", name="query-file-appender", immediateFlush="null", bufferSize="null", ignoreExceptions="null", PatternLayout(org.apache.logging.log4j.core.layout.PatternLayout with name PatternLayout), NameFilter(org.apache.hadoop.hive.ql.log.LogDivertAppender$NameFilter with name NameFilter), advertise="null", advertiseURI="null", Configuration(HiveLog4j2Test))
DEBUG StatusLogger Starting RandomAccessFileManager /home/alex/Repositories/hive/beeline/target/tmp/alex/operation_logs/9679542c-061b-41d2-9ba2-d4c12fe1ae8e/alex_20240424081101_842b0dce-51de-4b7e-a8d8-26f02307e69f
DEBUG StatusLogger Building Plugin[name=, class=org.apache.hadoop.hive.ql.log.LogDivertAppenderForTest$TestFilter].
DEBUG StatusLogger createFilter()
DEBUG StatusLogger Building Plugin[name=, class=org.apache.logging.log4j.core.layout.PatternLayout].
DEBUG StatusLogger PatternLayout$Builder(footer="null", disableAnsi="null", charset="null", Replace=null, Configuration(HiveLog4j2Test), alwaysWriteExceptions="null", noConsoleNoAnsi="null", PatternSelector=null, header="null", pattern="%-5p : %m%n")
DEBUG StatusLogger Building Plugin[name=appender, class=org.apache.hadoop.hive.ql.log.HushableRandomAccessFileAppender].
DEBUG StatusLogger createAppender(fileName="/home/alex/Repositories/hive/beeline/target/tmp/alex/operation_logs/9679542c-061b-41d2-9ba2-d4c12fe1ae8e/alex_20240424081101_842b0dce-51de-4b7e-a8d8-26f02307e69f.test", append="null", name="test-query-file-appender", immediateFlush="null", bufferSize="null", ignoreExceptions="null", PatternLayout(org.apache.logging.log4j.core.layout.PatternLayout with name PatternLayout), test-filter(org.apache.hadoop.hive.ql.log.LogDivertAppenderForTest$TestFilter with name test-filter), advertise="null", advertiseURI="null", Configuration(HiveLog4j2Test))
DEBUG StatusLogger Starting RandomAccessFileManager /home/alex/Repositories/hive/beeline/target/tmp/alex/operation_logs/9679542c-061b-41d2-9ba2-d4c12fe1ae8e/alex_20240424081101_842b0dce-51de-4b7e-a8d8-26f02307e69f.test
2024-04-24T08:11:01,560  INFO [9679542c-061b-41d2-9ba2-d4c12fe1ae8e main] operation.HiveCommandOperation: [opType=EXECUTE_STATEMENT, queryId=alex_20240424081101_842b0dce-51de-4b7e-a8d8-26f02307e69f, startTime=1713971461550, sessionId=9679542c-061b-41d2-9ba2-d4c12fe1ae8e, createTime=1713971461477, userName=null, ipAddress=null]
2024-04-24T08:11:01,673  INFO [9679542c-061b-41d2-9ba2-d4c12fe1ae8e main] common.LogUtils: Unregistered logging context.
2024-04-24T08:11:01,676  INFO [9679542c-061b-41d2-9ba2-d4c12fe1ae8e main] operation.OperationManager: Closing operation: OperationHandle [opType=EXECUTE_STATEMENT, getHandleIdentifier()=e2155dc9-1c51-4ccd-b16a-647c251ef48c]
2024-04-24T08:11:01,676  INFO [9679542c-061b-41d2-9ba2-d4c12fe1ae8e main] operation.OperationManager: Removed queryId: alex_20240424081101_842b0dce-51de-4b7e-a8d8-26f02307e69f corresponding to operation: OperationHandle [opType=EXECUTE_STATEMENT, getHandleIdentifier()=e2155dc9-1c51-4ccd-b16a-647c251ef48c] with tag: null
2024-04-24T08:11:01,677  INFO [9679542c-061b-41d2-9ba2-d4c12fe1ae8e main] operation.HiveCommandOperation: Closing operation log /home/alex/Repositories/hive/beeline/target/tmp/alex/operation_logs/9679542c-061b-41d2-9ba2-d4c12fe1ae8e/alex_20240424081101_842b0dce-51de-4b7e-a8d8-26f02307e69f without delay
2024-04-24T08:11:01,680  INFO [9679542c-061b-41d2-9ba2-d4c12fe1ae8e main] session.HiveSessionImpl: executing use test
2024-04-24T08:11:01,681  INFO [9679542c-061b-41d2-9ba2-d4c12fe1ae8e main] operation.OperationManager: Adding operation: OperationHandle [opType=EXECUTE_STATEMENT, getHandleIdentifier()=dd6f1908-37e8-4c00-8c01-6e5815e8f7c2] SessionHandle [9679542c-061b-41d2-9ba2-d4c12fe1ae8e]
2024-04-24T08:11:01,682  INFO [9679542c-061b-41d2-9ba2-d4c12fe1ae8e main] common.LogUtils: Thread context registration is done.
DEBUG StatusLogger Building Plugin[name=filter, class=org.apache.hadoop.hive.ql.log.LogDivertAppender$NameFilter].
DEBUG StatusLogger createFilter(loggingLevel="EXECUTION")
DEBUG StatusLogger Building Plugin[name=layout, class=org.apache.logging.log4j.core.layout.PatternLayout].
DEBUG StatusLogger PatternLayout$Builder(charset="null", PatternSelector=null, footer="null", alwaysWriteExceptions="null", noConsoleNoAnsi="null", Configuration(HiveLog4j2Test), header="null", Replace=null, disableAnsi="null", pattern="%-5p : %m%n")
DEBUG StatusLogger Building Plugin[name=appender, class=org.apache.hadoop.hive.ql.log.HushableRandomAccessFileAppender].
DEBUG StatusLogger createAppender(fileName="/home/alex/Repositories/hive/beeline/target/tmp/alex/operation_logs/9679542c-061b-41d2-9ba2-d4c12fe1ae8e/alex_20240424081101_8d14e6bd-43ca-4997-83ce-2075f9c7a64c", append="null", name="query-file-appender", immediateFlush="null", bufferSize="null", ignoreExceptions="null", PatternLayout(org.apache.logging.log4j.core.layout.PatternLayout with name PatternLayout), NameFilter(org.apache.hadoop.hive.ql.log.LogDivertAppender$NameFilter with name NameFilter), advertise="null", advertiseURI="null", Configuration(HiveLog4j2Test))
DEBUG StatusLogger Starting RandomAccessFileManager /home/alex/Repositories/hive/beeline/target/tmp/alex/operation_logs/9679542c-061b-41d2-9ba2-d4c12fe1ae8e/alex_20240424081101_8d14e6bd-43ca-4997-83ce-2075f9c7a64c
DEBUG StatusLogger Building Plugin[name=, class=org.apache.hadoop.hive.ql.log.LogDivertAppenderForTest$TestFilter].
DEBUG StatusLogger createFilter()
DEBUG StatusLogger Building Plugin[name=, class=org.apache.logging.log4j.core.layout.PatternLayout].
DEBUG StatusLogger PatternLayout$Builder(header="null", PatternSelector=null, noConsoleNoAnsi="null", Configuration(HiveLog4j2Test), alwaysWriteExceptions="null", charset="null", footer="null", pattern="%-5p : %m%n", Replace=null, disableAnsi="null")
DEBUG StatusLogger Building Plugin[name=appender, class=org.apache.hadoop.hive.ql.log.HushableRandomAccessFileAppender].
DEBUG StatusLogger createAppender(fileName="/home/alex/Repositories/hive/beeline/target/tmp/alex/operation_logs/9679542c-061b-41d2-9ba2-d4c12fe1ae8e/alex_20240424081101_8d14e6bd-43ca-4997-83ce-2075f9c7a64c.test", append="null", name="test-query-file-appender", immediateFlush="null", bufferSize="null", ignoreExceptions="null", PatternLayout(org.apache.logging.log4j.core.layout.PatternLayout with name PatternLayout), test-filter(org.apache.hadoop.hive.ql.log.LogDivertAppenderForTest$TestFilter with name test-filter), advertise="null", advertiseURI="null", Configuration(HiveLog4j2Test))
DEBUG StatusLogger Starting RandomAccessFileManager /home/alex/Repositories/hive/beeline/target/tmp/alex/operation_logs/9679542c-061b-41d2-9ba2-d4c12fe1ae8e/alex_20240424081101_8d14e6bd-43ca-4997-83ce-2075f9c7a64c.test
2024-04-24T08:11:01,691  INFO [9679542c-061b-41d2-9ba2-d4c12fe1ae8e main] operation.SQLOperation: [opType=EXECUTE_STATEMENT, queryId=alex_20240424081101_8d14e6bd-43ca-4997-83ce-2075f9c7a64c, startTime=1713971461680, sessionId=9679542c-061b-41d2-9ba2-d4c12fe1ae8e, createTime=1713971461477, userName=null, ipAddress=null]
2024-04-24T08:11:01,692  INFO [9679542c-061b-41d2-9ba2-d4c12fe1ae8e main] ql.Driver: Compiling command(queryId=alex_20240424081101_8d14e6bd-43ca-4997-83ce-2075f9c7a64c): use test
2024-04-24T08:11:01,694  INFO [9679542c-061b-41d2-9ba2-d4c12fe1ae8e main] metastore.HiveMetaStoreClient: HMS client filtering is enabled.
2024-04-24T08:11:01,696  INFO [9679542c-061b-41d2-9ba2-d4c12fe1ae8e main] metastore.HMSHandler: 0: Opening raw store with implementation class:org.apache.hadoop.hive.metastore.ObjectStore
2024-04-24T08:11:01,696  INFO [9679542c-061b-41d2-9ba2-d4c12fe1ae8e main] metastore.PersistenceManagerProvider: Configuration datanucleus.autoStartMechanismMode is not set. Defaulting to 'ignored'
2024-04-24T08:11:01,697  INFO [9679542c-061b-41d2-9ba2-d4c12fe1ae8e main] metastore.ObjectStore: RawStore: org.apache.hadoop.hive.metastore.ObjectStore@27358a19, with PersistenceManager: null will be shutdown
2024-04-24T08:11:01,697  INFO [9679542c-061b-41d2-9ba2-d4c12fe1ae8e main] metastore.ObjectStore: RawStore: org.apache.hadoop.hive.metastore.ObjectStore@27358a19, with PersistenceManager: org.datanucleus.api.jdo.JDOPersistenceManager@8077c97 created in the thread with id: 1
2024-04-24T08:11:01,702  INFO [9679542c-061b-41d2-9ba2-d4c12fe1ae8e main] metastore.HMSHandler: Created RawStore: org.apache.hadoop.hive.metastore.ObjectStore@27358a19 from thread id: 1
2024-04-24T08:11:01,702  INFO [9679542c-061b-41d2-9ba2-d4c12fe1ae8e main] metastore.HMSHandler: HMS server filtering is disabled by configuration
2024-04-24T08:11:01,702  INFO [9679542c-061b-41d2-9ba2-d4c12fe1ae8e main] metastore.RetryingMetaStoreClient: RetryingMetaStoreClient proxy=class org.apache.hadoop.hive.ql.metadata.SessionHiveMetaStoreClient ugi=alex (auth:SIMPLE) retries=1 delay=1 lifetime=0
2024-04-24T08:11:01,703  INFO [9679542c-061b-41d2-9ba2-d4c12fe1ae8e main] HiveMetaStore.audit: ugi=alex	ip=unknown-ip-addr	cmd=get_database: test	
2024-04-24T08:11:01,705  INFO [9679542c-061b-41d2-9ba2-d4c12fe1ae8e main] ql.Driver: Semantic Analysis Completed (retrial = false)
2024-04-24T08:11:01,705  INFO [9679542c-061b-41d2-9ba2-d4c12fe1ae8e main] ql.Driver: Created Hive schema: Schema(fieldSchemas:null, properties:null)
2024-04-24T08:11:01,705  INFO [9679542c-061b-41d2-9ba2-d4c12fe1ae8e main] metadata.Hive: Dumping metastore api call timing information for : compilation phase
2024-04-24T08:11:01,705  INFO [9679542c-061b-41d2-9ba2-d4c12fe1ae8e main] metadata.Hive: Total time spent in each metastore function (ms): {isCompatibleWith_(Configuration)=0, getDatabase_(String)=1, flushCache_()=0}
2024-04-24T08:11:01,705  INFO [9679542c-061b-41d2-9ba2-d4c12fe1ae8e main] ql.Driver: Completed compiling command(queryId=alex_20240424081101_8d14e6bd-43ca-4997-83ce-2075f9c7a64c); Time taken: 0.013 seconds
2024-04-24T08:11:01,707  INFO [HiveServer2-Background-Pool: Thread-136] common.LogUtils: Thread context registration is done.
2024-04-24T08:11:01,707  INFO [9679542c-061b-41d2-9ba2-d4c12fe1ae8e main] common.LogUtils: Unregistered logging context.
2024-04-24T08:11:01,708  INFO [HiveServer2-Background-Pool: Thread-136] reexec.ReExecDriver: Execution #1 of query
2024-04-24T08:11:01,708  INFO [HiveServer2-Background-Pool: Thread-136] ql.Driver: Concurrency mode is disabled, not creating a lock manager
2024-04-24T08:11:01,709  INFO [HiveServer2-Background-Pool: Thread-136] ql.Driver: Executing command(queryId=alex_20240424081101_8d14e6bd-43ca-4997-83ce-2075f9c7a64c): use test
2024-04-24T08:11:01,709  INFO [HiveServer2-Background-Pool: Thread-136] ql.Driver: Starting task [Stage-0:DDL] in serial mode
2024-04-24T08:11:01,711  INFO [HiveServer2-Background-Pool: Thread-136] HiveMetaStore.audit: ugi=alex	ip=unknown-ip-addr	cmd=get_database: test	
2024-04-24T08:11:01,713  INFO [HiveServer2-Background-Pool: Thread-136] metastore.HMSHandler: 4: Opening raw store with implementation class:org.apache.hadoop.hive.metastore.ObjectStore
2024-04-24T08:11:01,714  INFO [HiveServer2-Background-Pool: Thread-136] metastore.ObjectStore: RawStore: org.apache.hadoop.hive.metastore.ObjectStore@5d8bd309, with PersistenceManager: null will be shutdown
2024-04-24T08:11:01,714  INFO [HiveServer2-Background-Pool: Thread-136] metastore.ObjectStore: RawStore: org.apache.hadoop.hive.metastore.ObjectStore@5d8bd309, with PersistenceManager: org.datanucleus.api.jdo.JDOPersistenceManager@188956dc created in the thread with id: 136
2024-04-24T08:11:01,719  INFO [HiveServer2-Background-Pool: Thread-136] metastore.HMSHandler: Created RawStore: org.apache.hadoop.hive.metastore.ObjectStore@5d8bd309 from thread id: 136
2024-04-24T08:11:01,721  INFO [HiveServer2-Background-Pool: Thread-136] HiveMetaStore.audit: ugi=alex	ip=unknown-ip-addr	cmd=get_database: test	
2024-04-24T08:11:01,723  INFO [HiveServer2-Background-Pool: Thread-136] metadata.Hive: Dumping metastore api call timing information for : execution phase
2024-04-24T08:11:01,723  INFO [HiveServer2-Background-Pool: Thread-136] metadata.Hive: Total time spent in each metastore function (ms): {isCompatibleWith_(Configuration)=0, getDatabase_(String)=12}
2024-04-24T08:11:01,723  INFO [HiveServer2-Background-Pool: Thread-136] ql.Driver: Completed executing command(queryId=alex_20240424081101_8d14e6bd-43ca-4997-83ce-2075f9c7a64c); Time taken: 0.014 seconds
2024-04-24T08:11:01,724  INFO [HiveServer2-Background-Pool: Thread-136] common.LogUtils: Unregistered logging context.
2024-04-24T08:11:01,726  INFO [9679542c-061b-41d2-9ba2-d4c12fe1ae8e main] operation.OperationManager: Closing operation: OperationHandle [opType=EXECUTE_STATEMENT, getHandleIdentifier()=dd6f1908-37e8-4c00-8c01-6e5815e8f7c2]
2024-04-24T08:11:01,726  INFO [9679542c-061b-41d2-9ba2-d4c12fe1ae8e main] operation.OperationManager: Removed queryId: alex_20240424081101_8d14e6bd-43ca-4997-83ce-2075f9c7a64c corresponding to operation: OperationHandle [opType=EXECUTE_STATEMENT, getHandleIdentifier()=dd6f1908-37e8-4c00-8c01-6e5815e8f7c2] with tag: null
2024-04-24T08:11:01,726  INFO [9679542c-061b-41d2-9ba2-d4c12fe1ae8e main] operation.SQLOperation: Closing operation log /home/alex/Repositories/hive/beeline/target/tmp/alex/operation_logs/9679542c-061b-41d2-9ba2-d4c12fe1ae8e/alex_20240424081101_8d14e6bd-43ca-4997-83ce-2075f9c7a64c without delay
2024-04-24T08:11:01,814  WARN [main] conf.HiveConf: HiveConf of name hive.dummyparam.test.server.specific.config.override does not exist
2024-04-24T08:11:01,814  WARN [main] conf.HiveConf: HiveConf of name hive.dummyparam.test.server.specific.config.hiveserver2site does not exist
2024-04-24T08:11:01,814  WARN [main] conf.HiveConf: HiveConf of name hive.dummyparam.test.server.specific.config.metastoresite does not exist
2024-04-24T08:11:01,815  INFO [9679542c-061b-41d2-9ba2-d4c12fe1ae8e main] session.HiveSessionImpl: executing set
2024-04-24T08:11:01,816  INFO [9679542c-061b-41d2-9ba2-d4c12fe1ae8e main] operation.HiveCommandOperation: Putting temp output to file /home/alex/Repositories/hive/beeline/target/tmp/alex/9679542c-061b-41d2-9ba2-d4c12fe1ae8e9196545773579769075.pipeout and error output to file /home/alex/Repositories/hive/beeline/target/tmp/alex/9679542c-061b-41d2-9ba2-d4c12fe1ae8e7210408272097162158.pipeout
2024-04-24T08:11:01,816  INFO [9679542c-061b-41d2-9ba2-d4c12fe1ae8e main] operation.OperationManager: Adding operation: OperationHandle [opType=EXECUTE_STATEMENT, getHandleIdentifier()=9af51aa2-b6f3-4565-86b9-23085ca8e7c1] SessionHandle [9679542c-061b-41d2-9ba2-d4c12fe1ae8e]
2024-04-24T08:11:01,817  INFO [9679542c-061b-41d2-9ba2-d4c12fe1ae8e main] common.LogUtils: Thread context registration is done.
DEBUG StatusLogger Building Plugin[name=filter, class=org.apache.hadoop.hive.ql.log.LogDivertAppender$NameFilter].
DEBUG StatusLogger createFilter(loggingLevel="EXECUTION")
DEBUG StatusLogger Building Plugin[name=layout, class=org.apache.logging.log4j.core.layout.PatternLayout].
DEBUG StatusLogger PatternLayout$Builder(PatternSelector=null, disableAnsi="null", header="null", charset="null", Replace=null, alwaysWriteExceptions="null", Configuration(HiveLog4j2Test), noConsoleNoAnsi="null", pattern="%-5p : %m%n", footer="null")
DEBUG StatusLogger Building Plugin[name=appender, class=org.apache.hadoop.hive.ql.log.HushableRandomAccessFileAppender].
DEBUG StatusLogger createAppender(fileName="/home/alex/Repositories/hive/beeline/target/tmp/alex/operation_logs/9679542c-061b-41d2-9ba2-d4c12fe1ae8e/alex_20240424081101_58aa26f0-c400-48ed-8aae-df318af1a9f8", append="null", name="query-file-appender", immediateFlush="null", bufferSize="null", ignoreExceptions="null", PatternLayout(org.apache.logging.log4j.core.layout.PatternLayout with name PatternLayout), NameFilter(org.apache.hadoop.hive.ql.log.LogDivertAppender$NameFilter with name NameFilter), advertise="null", advertiseURI="null", Configuration(HiveLog4j2Test))
DEBUG StatusLogger Starting RandomAccessFileManager /home/alex/Repositories/hive/beeline/target/tmp/alex/operation_logs/9679542c-061b-41d2-9ba2-d4c12fe1ae8e/alex_20240424081101_58aa26f0-c400-48ed-8aae-df318af1a9f8
DEBUG StatusLogger Building Plugin[name=, class=org.apache.hadoop.hive.ql.log.LogDivertAppenderForTest$TestFilter].
DEBUG StatusLogger createFilter()
DEBUG StatusLogger Building Plugin[name=, class=org.apache.logging.log4j.core.layout.PatternLayout].
DEBUG StatusLogger PatternLayout$Builder(alwaysWriteExceptions="null", Replace=null, noConsoleNoAnsi="null", charset="null", header="null", Configuration(HiveLog4j2Test), footer="null", PatternSelector=null, pattern="%-5p : %m%n", disableAnsi="null")
DEBUG StatusLogger Building Plugin[name=appender, class=org.apache.hadoop.hive.ql.log.HushableRandomAccessFileAppender].
DEBUG StatusLogger createAppender(fileName="/home/alex/Repositories/hive/beeline/target/tmp/alex/operation_logs/9679542c-061b-41d2-9ba2-d4c12fe1ae8e/alex_20240424081101_58aa26f0-c400-48ed-8aae-df318af1a9f8.test", append="null", name="test-query-file-appender", immediateFlush="null", bufferSize="null", ignoreExceptions="null", PatternLayout(org.apache.logging.log4j.core.layout.PatternLayout with name PatternLayout), test-filter(org.apache.hadoop.hive.ql.log.LogDivertAppenderForTest$TestFilter with name test-filter), advertise="null", advertiseURI="null", Configuration(HiveLog4j2Test))
DEBUG StatusLogger Starting RandomAccessFileManager /home/alex/Repositories/hive/beeline/target/tmp/alex/operation_logs/9679542c-061b-41d2-9ba2-d4c12fe1ae8e/alex_20240424081101_58aa26f0-c400-48ed-8aae-df318af1a9f8.test
2024-04-24T08:11:01,825  INFO [9679542c-061b-41d2-9ba2-d4c12fe1ae8e main] operation.HiveCommandOperation: [opType=EXECUTE_STATEMENT, queryId=alex_20240424081101_58aa26f0-c400-48ed-8aae-df318af1a9f8, startTime=1713971461815, sessionId=9679542c-061b-41d2-9ba2-d4c12fe1ae8e, createTime=1713971461477, userName=null, ipAddress=null]
2024-04-24T08:11:01,928  INFO [9679542c-061b-41d2-9ba2-d4c12fe1ae8e main] common.LogUtils: Unregistered logging context.
2024-04-24T08:11:01,932  INFO [9679542c-061b-41d2-9ba2-d4c12fe1ae8e main] operation.OperationManager: Closing operation: OperationHandle [opType=EXECUTE_STATEMENT, getHandleIdentifier()=9af51aa2-b6f3-4565-86b9-23085ca8e7c1]
2024-04-24T08:11:01,932  INFO [9679542c-061b-41d2-9ba2-d4c12fe1ae8e main] operation.OperationManager: Removed queryId: alex_20240424081101_58aa26f0-c400-48ed-8aae-df318af1a9f8 corresponding to operation: OperationHandle [opType=EXECUTE_STATEMENT, getHandleIdentifier()=9af51aa2-b6f3-4565-86b9-23085ca8e7c1] with tag: null
2024-04-24T08:11:01,932  INFO [9679542c-061b-41d2-9ba2-d4c12fe1ae8e main] operation.HiveCommandOperation: Closing operation log /home/alex/Repositories/hive/beeline/target/tmp/alex/operation_logs/9679542c-061b-41d2-9ba2-d4c12fe1ae8e/alex_20240424081101_58aa26f0-c400-48ed-8aae-df318af1a9f8 without delay
2024-04-24T08:11:01,934  INFO [9679542c-061b-41d2-9ba2-d4c12fe1ae8e main] session.HiveSessionImpl: executing show tables
2024-04-24T08:11:01,936  INFO [9679542c-061b-41d2-9ba2-d4c12fe1ae8e main] operation.OperationManager: Adding operation: OperationHandle [opType=EXECUTE_STATEMENT, getHandleIdentifier()=5b8af6af-4af3-4abe-8742-541d47ac7aaa] SessionHandle [9679542c-061b-41d2-9ba2-d4c12fe1ae8e]
2024-04-24T08:11:01,936  INFO [9679542c-061b-41d2-9ba2-d4c12fe1ae8e main] common.LogUtils: Thread context registration is done.
DEBUG StatusLogger Building Plugin[name=filter, class=org.apache.hadoop.hive.ql.log.LogDivertAppender$NameFilter].
DEBUG StatusLogger createFilter(loggingLevel="EXECUTION")
DEBUG StatusLogger Building Plugin[name=layout, class=org.apache.logging.log4j.core.layout.PatternLayout].
DEBUG StatusLogger PatternLayout$Builder(header="null", PatternSelector=null, noConsoleNoAnsi="null", alwaysWriteExceptions="null", Configuration(HiveLog4j2Test), footer="null", pattern="%-5p : %m%n", charset="null", Replace=null, disableAnsi="null")
DEBUG StatusLogger Building Plugin[name=appender, class=org.apache.hadoop.hive.ql.log.HushableRandomAccessFileAppender].
DEBUG StatusLogger createAppender(fileName="/home/alex/Repositories/hive/beeline/target/tmp/alex/operation_logs/9679542c-061b-41d2-9ba2-d4c12fe1ae8e/alex_20240424081101_c9ef697a-291f-46c0-bc3f-67f486103a9e", append="null", name="query-file-appender", immediateFlush="null", bufferSize="null", ignoreExceptions="null", PatternLayout(org.apache.logging.log4j.core.layout.PatternLayout with name PatternLayout), NameFilter(org.apache.hadoop.hive.ql.log.LogDivertAppender$NameFilter with name NameFilter), advertise="null", advertiseURI="null", Configuration(HiveLog4j2Test))
DEBUG StatusLogger Starting RandomAccessFileManager /home/alex/Repositories/hive/beeline/target/tmp/alex/operation_logs/9679542c-061b-41d2-9ba2-d4c12fe1ae8e/alex_20240424081101_c9ef697a-291f-46c0-bc3f-67f486103a9e
DEBUG StatusLogger Building Plugin[name=, class=org.apache.hadoop.hive.ql.log.LogDivertAppenderForTest$TestFilter].
DEBUG StatusLogger createFilter()
DEBUG StatusLogger Building Plugin[name=, class=org.apache.logging.log4j.core.layout.PatternLayout].
DEBUG StatusLogger PatternLayout$Builder(header="null", charset="null", Replace=null, PatternSelector=null, footer="null", pattern="%-5p : %m%n", noConsoleNoAnsi="null", Configuration(HiveLog4j2Test), alwaysWriteExceptions="null", disableAnsi="null")
DEBUG StatusLogger Building Plugin[name=appender, class=org.apache.hadoop.hive.ql.log.HushableRandomAccessFileAppender].
DEBUG StatusLogger createAppender(fileName="/home/alex/Repositories/hive/beeline/target/tmp/alex/operation_logs/9679542c-061b-41d2-9ba2-d4c12fe1ae8e/alex_20240424081101_c9ef697a-291f-46c0-bc3f-67f486103a9e.test", append="null", name="test-query-file-appender", immediateFlush="null", bufferSize="null", ignoreExceptions="null", PatternLayout(org.apache.logging.log4j.core.layout.PatternLayout with name PatternLayout), test-filter(org.apache.hadoop.hive.ql.log.LogDivertAppenderForTest$TestFilter with name test-filter), advertise="null", advertiseURI="null", Configuration(HiveLog4j2Test))
DEBUG StatusLogger Starting RandomAccessFileManager /home/alex/Repositories/hive/beeline/target/tmp/alex/operation_logs/9679542c-061b-41d2-9ba2-d4c12fe1ae8e/alex_20240424081101_c9ef697a-291f-46c0-bc3f-67f486103a9e.test
2024-04-24T08:11:01,944  INFO [9679542c-061b-41d2-9ba2-d4c12fe1ae8e main] operation.SQLOperation: [opType=EXECUTE_STATEMENT, queryId=alex_20240424081101_c9ef697a-291f-46c0-bc3f-67f486103a9e, startTime=1713971461935, sessionId=9679542c-061b-41d2-9ba2-d4c12fe1ae8e, createTime=1713971461477, userName=null, ipAddress=null]
2024-04-24T08:11:01,946  INFO [9679542c-061b-41d2-9ba2-d4c12fe1ae8e main] ql.Driver: Compiling command(queryId=alex_20240424081101_c9ef697a-291f-46c0-bc3f-67f486103a9e): show tables
2024-04-24T08:11:01,951  INFO [9679542c-061b-41d2-9ba2-d4c12fe1ae8e main] HiveMetaStore.audit: ugi=alex	ip=unknown-ip-addr	cmd=get_database: test	
2024-04-24T08:11:01,955  INFO [9679542c-061b-41d2-9ba2-d4c12fe1ae8e main] ql.Driver: Semantic Analysis Completed (retrial = false)
2024-04-24T08:11:01,978  INFO [9679542c-061b-41d2-9ba2-d4c12fe1ae8e main] ql.Driver: Created Hive schema: Schema(fieldSchemas:[FieldSchema(name:tab_name, type:string, comment:from deserializer)], properties:null)
2024-04-24T08:11:02,028  INFO [9679542c-061b-41d2-9ba2-d4c12fe1ae8e main] exec.ListSinkOperator: Initializing Operator: LIST_SINK[0]
2024-04-24T08:11:02,034  INFO [9679542c-061b-41d2-9ba2-d4c12fe1ae8e main] metadata.Hive: Dumping metastore api call timing information for : compilation phase
2024-04-24T08:11:02,034  INFO [9679542c-061b-41d2-9ba2-d4c12fe1ae8e main] metadata.Hive: Total time spent in each metastore function (ms): {getDatabase_(String)=3, flushCache_()=1, isCompatibleWith_(Configuration)=0}
2024-04-24T08:11:02,034  INFO [9679542c-061b-41d2-9ba2-d4c12fe1ae8e main] ql.Driver: Completed compiling command(queryId=alex_20240424081101_c9ef697a-291f-46c0-bc3f-67f486103a9e); Time taken: 0.088 seconds
2024-04-24T08:11:02,035  INFO [HiveServer2-Background-Pool: Thread-140] common.LogUtils: Thread context registration is done.
2024-04-24T08:11:02,035  INFO [9679542c-061b-41d2-9ba2-d4c12fe1ae8e main] common.LogUtils: Unregistered logging context.
2024-04-24T08:11:02,035  INFO [HiveServer2-Background-Pool: Thread-140] reexec.ReExecDriver: Execution #1 of query
2024-04-24T08:11:02,036  INFO [HiveServer2-Background-Pool: Thread-140] ql.Driver: Concurrency mode is disabled, not creating a lock manager
2024-04-24T08:11:02,036  INFO [HiveServer2-Background-Pool: Thread-140] ql.Driver: Executing command(queryId=alex_20240424081101_c9ef697a-291f-46c0-bc3f-67f486103a9e): show tables
2024-04-24T08:11:02,037  INFO [HiveServer2-Background-Pool: Thread-140] ql.Driver: Starting task [Stage-0:DDL] in serial mode
2024-04-24T08:11:02,038  INFO [HiveServer2-Background-Pool: Thread-140] HiveMetaStore.audit: ugi=alex	ip=unknown-ip-addr	cmd=get_database: test	
2024-04-24T08:11:02,039  INFO [HiveServer2-Background-Pool: Thread-140] metastore.HMSHandler: 5: Opening raw store with implementation class:org.apache.hadoop.hive.metastore.ObjectStore
2024-04-24T08:11:02,040  INFO [HiveServer2-Background-Pool: Thread-140] metastore.ObjectStore: RawStore: org.apache.hadoop.hive.metastore.ObjectStore@1b196b9, with PersistenceManager: null will be shutdown
2024-04-24T08:11:02,040  INFO [HiveServer2-Background-Pool: Thread-140] metastore.ObjectStore: RawStore: org.apache.hadoop.hive.metastore.ObjectStore@1b196b9, with PersistenceManager: org.datanucleus.api.jdo.JDOPersistenceManager@44b308eb created in the thread with id: 140
2024-04-24T08:11:02,044  INFO [HiveServer2-Background-Pool: Thread-140] metastore.HMSHandler: Created RawStore: org.apache.hadoop.hive.metastore.ObjectStore@1b196b9 from thread id: 140
2024-04-24T08:11:02,048  INFO [HiveServer2-Background-Pool: Thread-140] HiveMetaStore.audit: ugi=alex	ip=unknown-ip-addr	cmd=get_multi_table : db=test tbls=null	
2024-04-24T08:11:02,072  INFO [HiveServer2-Background-Pool: Thread-140] sqlstd.SQLStdHiveAccessController: Created SQLStdHiveAccessController for session context : HiveAuthzSessionContext [sessionString=9679542c-061b-41d2-9ba2-d4c12fe1ae8e, clientType=HIVESERVER2]
2024-04-24T08:11:02,086  INFO [HiveServer2-Background-Pool: Thread-140] metadata.Hive: Dumping metastore api call timing information for : execution phase
2024-04-24T08:11:02,086  INFO [HiveServer2-Background-Pool: Thread-140] metadata.Hive: Total time spent in each metastore function (ms): {getTables_(String, String)=27, getDatabase_(String)=9, isCompatibleWith_(Configuration)=0}
2024-04-24T08:11:02,086  INFO [HiveServer2-Background-Pool: Thread-140] ql.Driver: Completed executing command(queryId=alex_20240424081101_c9ef697a-291f-46c0-bc3f-67f486103a9e); Time taken: 0.05 seconds
2024-04-24T08:11:02,087  INFO [HiveServer2-Background-Pool: Thread-140] common.LogUtils: Unregistered logging context.
2024-04-24T08:11:02,089  INFO [9679542c-061b-41d2-9ba2-d4c12fe1ae8e main] operation.OperationManager: Closing operation: OperationHandle [opType=EXECUTE_STATEMENT, getHandleIdentifier()=5b8af6af-4af3-4abe-8742-541d47ac7aaa]
2024-04-24T08:11:02,089  INFO [9679542c-061b-41d2-9ba2-d4c12fe1ae8e main] operation.OperationManager: Removed queryId: alex_20240424081101_c9ef697a-291f-46c0-bc3f-67f486103a9e corresponding to operation: OperationHandle [opType=EXECUTE_STATEMENT, getHandleIdentifier()=5b8af6af-4af3-4abe-8742-541d47ac7aaa] with tag: null
2024-04-24T08:11:02,089  INFO [9679542c-061b-41d2-9ba2-d4c12fe1ae8e main] ql.Context: Deleting scratch dir: file:/home/alex/Repositories/hive/beeline/target/tmp/alex/9679542c-061b-41d2-9ba2-d4c12fe1ae8e/hive_2024-04-24_08-11-01_945_7982912365451883032-1
2024-04-24T08:11:02,090  INFO [9679542c-061b-41d2-9ba2-d4c12fe1ae8e main] cleanup.EventualCleanupService: Delete file:/home/alex/Repositories/hive/beeline/target/tmp/alex/9679542c-061b-41d2-9ba2-d4c12fe1ae8e/hive_2024-04-24_08-11-01_945_7982912365451883032-1 operation was queued
2024-04-24T08:11:02,090  INFO [9679542c-061b-41d2-9ba2-d4c12fe1ae8e main] exec.ListSinkOperator: Closing Operator: LIST_SINK[0]
2024-04-24T08:11:02,090  INFO [EventualCleanupService thread 0] cleanup.EventualCleanupService: Deleted file:/home/alex/Repositories/hive/beeline/target/tmp/alex/9679542c-061b-41d2-9ba2-d4c12fe1ae8e/hive_2024-04-24_08-11-01_945_7982912365451883032-1
2024-04-24T08:11:02,091  INFO [9679542c-061b-41d2-9ba2-d4c12fe1ae8e main] exec.ListSinkOperator: RECORDS_OUT_OPERATOR_LIST_SINK_0:0, RECORDS_OUT_INTERMEDIATE:0, 
2024-04-24T08:11:02,091  INFO [9679542c-061b-41d2-9ba2-d4c12fe1ae8e main] operation.SQLOperation: Closing operation log /home/alex/Repositories/hive/beeline/target/tmp/alex/operation_logs/9679542c-061b-41d2-9ba2-d4c12fe1ae8e/alex_20240424081101_c9ef697a-291f-46c0-bc3f-67f486103a9e without delay
2024-04-24T08:11:02,095  INFO [main] service.CompositeService: Session closed, SessionHandle [9679542c-061b-41d2-9ba2-d4c12fe1ae8e], current sessions:0
2024-04-24T08:11:02,096  INFO [9679542c-061b-41d2-9ba2-d4c12fe1ae8e main] session.HiveSessionImpl: Operation log session directory is deleted: /home/alex/Repositories/hive/beeline/target/tmp/alex/operation_logs/9679542c-061b-41d2-9ba2-d4c12fe1ae8e
2024-04-24T08:11:02,097  INFO [main] cleanup.EventualCleanupService: Delete /tmp/hive/alex/9679542c-061b-41d2-9ba2-d4c12fe1ae8e operation was queued
2024-04-24T08:11:02,097  INFO [main] cleanup.EventualCleanupService: Delete /home/alex/Repositories/hive/beeline/target/tmp/alex/9679542c-061b-41d2-9ba2-d4c12fe1ae8e operation was queued
2024-04-24T08:11:02,097  INFO [EventualCleanupService thread 1] cleanup.EventualCleanupService: Deleted /tmp/hive/alex/9679542c-061b-41d2-9ba2-d4c12fe1ae8e
2024-04-24T08:11:02,097  INFO [EventualCleanupService thread 2] cleanup.EventualCleanupService: Deleted /home/alex/Repositories/hive/beeline/target/tmp/alex/9679542c-061b-41d2-9ba2-d4c12fe1ae8e
2024-04-24T08:11:02,099  INFO [main] HiveMetaStore.audit: ugi=alex	ip=unknown-ip-addr	cmd=Cleaning up thread local RawStore...	
2024-04-24T08:11:02,099  INFO [main] metastore.ObjectStore: RawStore: org.apache.hadoop.hive.metastore.ObjectStore@27358a19, with PersistenceManager: org.datanucleus.api.jdo.JDOPersistenceManager@8077c97 will be shutdown
2024-04-24T08:11:02,099  INFO [main] HiveMetaStore.audit: ugi=alex	ip=unknown-ip-addr	cmd=Done cleaning up thread local RawStore	
2024-04-24T08:11:02,099  INFO [main] metastore.HiveMetaStoreClient: Closed a connection to metastore, current connections: -6
2024-04-24T08:11:02,099 ERROR [main] cli.TestHiveCli: Failed due to the error:Connecting to jdbc:hive2://
Hive Session ID = b4a5f923-7e45-478a-a3bc-b9e7379515ec
ivysettings.xml file not found in HIVE_HOME or HIVE_CONF_DIR,/home/alex/Repositories/hive/conf/ivysettings.xml will be used
ivysettings.xml file not found in HIVE_HOME or HIVE_CONF_DIR,/home/alex/Repositories/hive/conf/ivysettings.xml will be used
Connected to: Apache Hive (version 4.0.0-SNAPSHOT)
Error: Couldn't load manifest attributes. (state=,code=0)
Transaction isolation: TRANSACTION_REPEATABLE_READ
INFO  : Compiling command(queryId=alex_20240424081101_8d14e6bd-43ca-4997-83ce-2075f9c7a64c): use test
INFO  : Semantic Analysis Completed (retrial = false)
INFO  : Created Hive schema: Schema(fieldSchemas:null, properties:null)
INFO  : Completed compiling command(queryId=alex_20240424081101_8d14e6bd-43ca-4997-83ce-2075f9c7a64c); Time taken: 0.013 seconds
INFO  : Concurrency mode is disabled, not creating a lock manager
INFO  : Executing command(queryId=alex_20240424081101_8d14e6bd-43ca-4997-83ce-2075f9c7a64c): use test
INFO  : Starting task [Stage-0:DDL] in serial mode
DEBUG : Task getting executed using mapred tag : alex_20240424081101_8d14e6bd-43ca-4997-83ce-2075f9c7a64c,userid=null
INFO  : Completed executing command(queryId=alex_20240424081101_8d14e6bd-43ca-4997-83ce-2075f9c7a64c); Time taken: 0.014 seconds
DEBUG : Shutting down query use test
Error: Failed to wait for operation to complete (state=08S01,code=0)
Beeline version ??? by Apache Hive
hive> source /home/alex/Repositories/hive/beeline/target/tmp/test6307355997903958381.sql;desc testSrcTbl4;
INFO  : Compiling command(queryId=alex_20240424081101_c9ef697a-291f-46c0-bc3f-67f486103a9e): show tables
INFO  : Semantic Analysis Completed (retrial = false)
INFO  : Created Hive schema: Schema(fieldSchemas:[FieldSchema(name:tab_name, type:string, comment:from deserializer)], properties:null)
INFO  : Completed compiling command(queryId=alex_20240424081101_c9ef697a-291f-46c0-bc3f-67f486103a9e); Time taken: 0.088 seconds
INFO  : Concurrency mode is disabled, not creating a lock manager
INFO  : Executing command(queryId=alex_20240424081101_c9ef697a-291f-46c0-bc3f-67f486103a9e): show tables
INFO  : Starting task [Stage-0:DDL] in serial mode
DEBUG : Task getting executed using mapred tag : alex_20240424081101_c9ef697a-291f-46c0-bc3f-67f486103a9e,userid=null
INFO  : Completed executing command(queryId=alex_20240424081101_c9ef697a-291f-46c0-bc3f-67f486103a9e); Time taken: 0.05 seconds
DEBUG : Shutting down query show tables
Error: Failed to wait for operation to complete (state=08S01,code=0)
hive> quit;
Closing: 0: jdbc:hive2://

]]></system-err>
  </testcase>
  <testcase name="testSourceCmd4" classname="org.apache.hive.beeline.cli.TestHiveCli" time="0.581">
    <failure type="java.lang.AssertionError"><![CDATA[java.lang.AssertionError: Supported return code is 0 while the actual is 2
	at org.junit.Assert.fail(Assert.java:89)
	at org.apache.hive.beeline.cli.TestHiveCli.executeCMD(TestHiveCli.java:256)
	at org.apache.hive.beeline.cli.TestHiveCli.verifyCMD(TestHiveCli.java:266)
	at org.apache.hive.beeline.cli.TestHiveCli.testSourceCmd4(TestHiveCli.java:138)
	at sun.reflect.NativeMethodAccessorImpl.invoke0(Native Method)
	at sun.reflect.NativeMethodAccessorImpl.invoke(NativeMethodAccessorImpl.java:62)
	at sun.reflect.DelegatingMethodAccessorImpl.invoke(DelegatingMethodAccessorImpl.java:43)
	at java.lang.reflect.Method.invoke(Method.java:498)
	at org.junit.runners.model.FrameworkMethod$1.runReflectiveCall(FrameworkMethod.java:59)
	at org.junit.internal.runners.model.ReflectiveCallable.run(ReflectiveCallable.java:12)
	at org.junit.runners.model.FrameworkMethod.invokeExplosively(FrameworkMethod.java:56)
	at org.junit.internal.runners.statements.InvokeMethod.evaluate(InvokeMethod.java:17)
	at org.junit.internal.runners.statements.RunBefores.evaluate(RunBefores.java:26)
	at org.junit.internal.runners.statements.RunAfters.evaluate(RunAfters.java:27)
	at org.junit.runners.ParentRunner$3.evaluate(ParentRunner.java:306)
	at org.junit.runners.BlockJUnit4ClassRunner$1.evaluate(BlockJUnit4ClassRunner.java:100)
	at org.junit.runners.ParentRunner.runLeaf(ParentRunner.java:366)
	at org.junit.runners.BlockJUnit4ClassRunner.runChild(BlockJUnit4ClassRunner.java:103)
	at org.junit.runners.BlockJUnit4ClassRunner.runChild(BlockJUnit4ClassRunner.java:63)
	at org.junit.runners.ParentRunner$4.run(ParentRunner.java:331)
	at org.junit.runners.ParentRunner$1.schedule(ParentRunner.java:79)
	at org.junit.runners.ParentRunner.runChildren(ParentRunner.java:329)
	at org.junit.runners.ParentRunner.access$100(ParentRunner.java:66)
	at org.junit.runners.ParentRunner$2.evaluate(ParentRunner.java:293)
	at org.junit.internal.runners.statements.RunBefores.evaluate(RunBefores.java:26)
	at org.junit.runners.ParentRunner$3.evaluate(ParentRunner.java:306)
	at org.junit.runners.ParentRunner.run(ParentRunner.java:413)
	at org.junit.runner.JUnitCore.run(JUnitCore.java:137)
	at org.junit.runner.JUnitCore.run(JUnitCore.java:115)
	at org.junit.vintage.engine.execution.RunnerExecutor.execute(RunnerExecutor.java:43)
	at java.util.stream.ForEachOps$ForEachOp$OfRef.accept(ForEachOps.java:183)
	at java.util.stream.ReferencePipeline$3$1.accept(ReferencePipeline.java:193)
	at java.util.Iterator.forEachRemaining(Iterator.java:116)
	at java.util.Spliterators$IteratorSpliterator.forEachRemaining(Spliterators.java:1801)
	at java.util.stream.AbstractPipeline.copyInto(AbstractPipeline.java:482)
	at java.util.stream.AbstractPipeline.wrapAndCopyInto(AbstractPipeline.java:472)
	at java.util.stream.ForEachOps$ForEachOp.evaluateSequential(ForEachOps.java:150)
	at java.util.stream.ForEachOps$ForEachOp$OfRef.evaluateSequential(ForEachOps.java:173)
	at java.util.stream.AbstractPipeline.evaluate(AbstractPipeline.java:234)
	at java.util.stream.ReferencePipeline.forEach(ReferencePipeline.java:485)
	at org.junit.vintage.engine.VintageTestEngine.executeAllChildren(VintageTestEngine.java:82)
	at org.junit.vintage.engine.VintageTestEngine.execute(VintageTestEngine.java:73)
	at org.junit.platform.launcher.core.DefaultLauncher.execute(DefaultLauncher.java:248)
	at org.junit.platform.launcher.core.DefaultLauncher.lambda$execute$5(DefaultLauncher.java:211)
	at org.junit.platform.launcher.core.DefaultLauncher.withInterceptedStreams(DefaultLauncher.java:226)
	at org.junit.platform.launcher.core.DefaultLauncher.execute(DefaultLauncher.java:199)
	at org.junit.platform.launcher.core.DefaultLauncher.execute(DefaultLauncher.java:132)
	at org.apache.maven.surefire.junitplatform.JUnitPlatformProvider.invokeAllTests(JUnitPlatformProvider.java:154)
	at org.apache.maven.surefire.junitplatform.JUnitPlatformProvider.invoke(JUnitPlatformProvider.java:123)
	at org.apache.maven.surefire.booter.ForkedBooter.runSuitesInProcess(ForkedBooter.java:377)
	at org.apache.maven.surefire.booter.ForkedBooter.execute(ForkedBooter.java:138)
	at org.apache.maven.surefire.booter.ForkedBooter.run(ForkedBooter.java:465)
	at org.apache.maven.surefire.booter.ForkedBooter.main(ForkedBooter.java:451)
]]></failure>
    <system-err><![CDATA[2024-04-24T08:11:02,101 ERROR [main] cli.TestHiveCli: Failed to execute command due to the error: java.lang.NullPointerException: Null output stream
2024-04-24T08:11:02,155  WARN [main] conf.HiveConf: HiveConf of name hive.dummyparam.test.server.specific.config.hiveserver2site does not exist
2024-04-24T08:11:02,155  WARN [main] conf.HiveConf: HiveConf of name hive.dummyparam.test.server.specific.config.override does not exist
2024-04-24T08:11:02,156  WARN [main] conf.HiveConf: HiveConf of name hive.dummyparam.test.server.specific.config.metastoresite does not exist
2024-04-24T08:11:02,156  INFO [main] SessionState: Hive Session ID = e31f1431-1921-45a5-8101-f3039cf89cba
2024-04-24T08:11:02,157  INFO [main] DependencyResolver: ivysettings.xml file not found in HIVE_HOME or HIVE_CONF_DIR,/home/alex/Repositories/hive/conf/ivysettings.xml will be used
2024-04-24T08:11:02,164  INFO [main] session.SessionState: Created HDFS directory: /tmp/hive/alex/e31f1431-1921-45a5-8101-f3039cf89cba
2024-04-24T08:11:02,168  INFO [main] session.SessionState: Created local directory: /home/alex/Repositories/hive/beeline/target/tmp/alex/e31f1431-1921-45a5-8101-f3039cf89cba
2024-04-24T08:11:02,170  INFO [main] session.SessionState: Created HDFS directory: /tmp/hive/alex/e31f1431-1921-45a5-8101-f3039cf89cba/_tmp_space.db
2024-04-24T08:11:02,171  INFO [main] sqlstd.SQLStdHiveAccessController: Created SQLStdHiveAccessController for session context : HiveAuthzSessionContext [sessionString=e31f1431-1921-45a5-8101-f3039cf89cba, clientType=HIVESERVER2]
2024-04-24T08:11:02,172  INFO [main] metastore.HiveMetaStoreClient: HMS client filtering is enabled.
2024-04-24T08:11:02,173  INFO [main] metastore.HMSHandler: 0: Opening raw store with implementation class:org.apache.hadoop.hive.metastore.ObjectStore
2024-04-24T08:11:02,173  INFO [main] metastore.PersistenceManagerProvider: Configuration datanucleus.autoStartMechanismMode is not set. Defaulting to 'ignored'
2024-04-24T08:11:02,174  INFO [main] metastore.ObjectStore: RawStore: org.apache.hadoop.hive.metastore.ObjectStore@b5c902, with PersistenceManager: null will be shutdown
2024-04-24T08:11:02,175  INFO [main] metastore.ObjectStore: RawStore: org.apache.hadoop.hive.metastore.ObjectStore@b5c902, with PersistenceManager: org.datanucleus.api.jdo.JDOPersistenceManager@7e747037 created in the thread with id: 1
2024-04-24T08:11:02,179  INFO [main] metastore.HMSHandler: Created RawStore: org.apache.hadoop.hive.metastore.ObjectStore@b5c902 from thread id: 1
2024-04-24T08:11:02,179  INFO [main] metastore.HMSHandler: HMS server filtering is disabled by configuration
2024-04-24T08:11:02,180  INFO [main] metastore.RetryingMetaStoreClient: RetryingMetaStoreClient proxy=class org.apache.hadoop.hive.ql.metadata.SessionHiveMetaStoreClient ugi=alex (auth:SIMPLE) retries=1 delay=1 lifetime=0
2024-04-24T08:11:02,180  INFO [main] service.CompositeService: Operation log root directory is created: /home/alex/Repositories/hive/beeline/target/tmp/alex/operation_logs
2024-04-24T08:11:02,181  INFO [main] service.CompositeService: HiveServer2: Background operation thread pool size: 100
2024-04-24T08:11:02,181  INFO [main] service.CompositeService: HiveServer2: Background operation thread wait queue size: 100
2024-04-24T08:11:02,181  INFO [main] service.CompositeService: HiveServer2: Background operation thread keepalive time: 10 seconds
2024-04-24T08:11:02,181  INFO [main] service.CompositeService: Connections limit are user: 0 ipaddress: 0 user-ipaddress: 0
2024-04-24T08:11:02,183  INFO [main] cleanup.EventualCleanupService: EventualCleanupService started with 10 threads and queue of size 10000
ERROR StatusLogger Log4j2 ConfigurationScheduler attempted to increment scheduled items after start
ERROR StatusLogger Log4j2 ConfigurationScheduler attempted to increment scheduled items after start
2024-04-24T08:11:02,185  INFO [main] service.AbstractService: Service:OperationManager is inited.
2024-04-24T08:11:02,185  INFO [main] service.AbstractService: Service:SessionManager is inited.
2024-04-24T08:11:02,185  INFO [main] service.AbstractService: Service:CLIService is inited.
2024-04-24T08:11:02,185  INFO [main] service.AbstractService: Service:OperationManager is started.
2024-04-24T08:11:02,185  INFO [main] service.AbstractService: Service:SessionManager is started.
2024-04-24T08:11:02,186  INFO [main] service.AbstractService: Service:CLIService is started.
2024-04-24T08:11:02,186  INFO [main] service.AbstractService: Service:ThriftBinaryCLIService is inited.
2024-04-24T08:11:02,186  INFO [main] thrift.ThriftCLIService: Client protocol version: HIVE_CLI_SERVICE_PROTOCOL_V10
2024-04-24T08:11:02,186  INFO [main] thrift.ThriftCLIService: Creating Hive session handle for user [null] from IP null
2024-04-24T08:11:02,188  INFO [main] DependencyResolver: ivysettings.xml file not found in HIVE_HOME or HIVE_CONF_DIR,/home/alex/Repositories/hive/conf/ivysettings.xml will be used
2024-04-24T08:11:02,196  INFO [main] session.SessionState: Created HDFS directory: /tmp/hive/alex/cc2523d0-9f14-44b9-bcb8-56f0695c85ae
2024-04-24T08:11:02,199  INFO [main] session.SessionState: Created local directory: /home/alex/Repositories/hive/beeline/target/tmp/alex/cc2523d0-9f14-44b9-bcb8-56f0695c85ae
2024-04-24T08:11:02,203  INFO [main] session.SessionState: Created HDFS directory: /tmp/hive/alex/cc2523d0-9f14-44b9-bcb8-56f0695c85ae/_tmp_space.db
2024-04-24T08:11:02,203  INFO [main] session.SessionState: Reloading auxiliary JAR files
2024-04-24T08:11:02,203  WARN [main] session.SessionState: Configuration hive.reloadable.aux.jars.path not specified
2024-04-24T08:11:02,203  INFO [main] HiveMetaStore.audit: ugi=alex	ip=unknown-ip-addr	cmd=Cleaning up thread local RawStore...	
2024-04-24T08:11:02,203  INFO [main] metastore.ObjectStore: RawStore: org.apache.hadoop.hive.metastore.ObjectStore@b5c902, with PersistenceManager: org.datanucleus.api.jdo.JDOPersistenceManager@7e747037 will be shutdown
2024-04-24T08:11:02,203  INFO [main] HiveMetaStore.audit: ugi=alex	ip=unknown-ip-addr	cmd=Done cleaning up thread local RawStore	
2024-04-24T08:11:02,203  INFO [main] metastore.HiveMetaStoreClient: Closed a connection to metastore, current connections: -7
2024-04-24T08:11:02,204  INFO [main] session.HiveSessionImpl: Operation log session directory is created: /home/alex/Repositories/hive/beeline/target/tmp/alex/operation_logs/cc2523d0-9f14-44b9-bcb8-56f0695c85ae
2024-04-24T08:11:02,204  INFO [main] service.CompositeService: Session opened, SessionHandle [cc2523d0-9f14-44b9-bcb8-56f0695c85ae], current sessions:1
2024-04-24T08:11:02,204  INFO [main] thrift.ThriftCLIService: Login attempt is successful for user : null
2024-04-24T08:11:02,253  WARN [main] conf.HiveConf: HiveConf of name hive.dummyparam.test.server.specific.config.override does not exist
2024-04-24T08:11:02,253  WARN [main] conf.HiveConf: HiveConf of name hive.dummyparam.test.server.specific.config.hiveserver2site does not exist
2024-04-24T08:11:02,253  WARN [main] conf.HiveConf: HiveConf of name hive.dummyparam.test.server.specific.config.metastoresite does not exist
2024-04-24T08:11:02,254  INFO [cc2523d0-9f14-44b9-bcb8-56f0695c85ae main] session.HiveSessionImpl: executing set
2024-04-24T08:11:02,255  INFO [cc2523d0-9f14-44b9-bcb8-56f0695c85ae main] operation.HiveCommandOperation: Putting temp output to file /home/alex/Repositories/hive/beeline/target/tmp/alex/cc2523d0-9f14-44b9-bcb8-56f0695c85ae4789875476202888324.pipeout and error output to file /home/alex/Repositories/hive/beeline/target/tmp/alex/cc2523d0-9f14-44b9-bcb8-56f0695c85ae8480002296355107218.pipeout
2024-04-24T08:11:02,255  INFO [cc2523d0-9f14-44b9-bcb8-56f0695c85ae main] operation.OperationManager: Adding operation: OperationHandle [opType=EXECUTE_STATEMENT, getHandleIdentifier()=51326e2b-5746-46c1-8f8a-507bd0db351b] SessionHandle [cc2523d0-9f14-44b9-bcb8-56f0695c85ae]
2024-04-24T08:11:02,256  INFO [cc2523d0-9f14-44b9-bcb8-56f0695c85ae main] common.LogUtils: Thread context registration is done.
DEBUG StatusLogger Building Plugin[name=filter, class=org.apache.hadoop.hive.ql.log.LogDivertAppender$NameFilter].
DEBUG StatusLogger createFilter(loggingLevel="EXECUTION")
DEBUG StatusLogger Building Plugin[name=layout, class=org.apache.logging.log4j.core.layout.PatternLayout].
DEBUG StatusLogger PatternLayout$Builder(alwaysWriteExceptions="null", disableAnsi="null", Replace=null, footer="null", noConsoleNoAnsi="null", Configuration(HiveLog4j2Test), pattern="%-5p : %m%n", header="null", charset="null", PatternSelector=null)
DEBUG StatusLogger Building Plugin[name=appender, class=org.apache.hadoop.hive.ql.log.HushableRandomAccessFileAppender].
DEBUG StatusLogger createAppender(fileName="/home/alex/Repositories/hive/beeline/target/tmp/alex/operation_logs/cc2523d0-9f14-44b9-bcb8-56f0695c85ae/alex_20240424081102_fbb664ba-fe6b-48b8-bc44-7a8d3bc170cd", append="null", name="query-file-appender", immediateFlush="null", bufferSize="null", ignoreExceptions="null", PatternLayout(org.apache.logging.log4j.core.layout.PatternLayout with name PatternLayout), NameFilter(org.apache.hadoop.hive.ql.log.LogDivertAppender$NameFilter with name NameFilter), advertise="null", advertiseURI="null", Configuration(HiveLog4j2Test))
DEBUG StatusLogger Starting RandomAccessFileManager /home/alex/Repositories/hive/beeline/target/tmp/alex/operation_logs/cc2523d0-9f14-44b9-bcb8-56f0695c85ae/alex_20240424081102_fbb664ba-fe6b-48b8-bc44-7a8d3bc170cd
DEBUG StatusLogger Building Plugin[name=, class=org.apache.hadoop.hive.ql.log.LogDivertAppenderForTest$TestFilter].
DEBUG StatusLogger createFilter()
DEBUG StatusLogger Building Plugin[name=, class=org.apache.logging.log4j.core.layout.PatternLayout].
DEBUG StatusLogger PatternLayout$Builder(PatternSelector=null, Configuration(HiveLog4j2Test), alwaysWriteExceptions="null", disableAnsi="null", charset="null", noConsoleNoAnsi="null", header="null", Replace=null, pattern="%-5p : %m%n", footer="null")
DEBUG StatusLogger Building Plugin[name=appender, class=org.apache.hadoop.hive.ql.log.HushableRandomAccessFileAppender].
DEBUG StatusLogger createAppender(fileName="/home/alex/Repositories/hive/beeline/target/tmp/alex/operation_logs/cc2523d0-9f14-44b9-bcb8-56f0695c85ae/alex_20240424081102_fbb664ba-fe6b-48b8-bc44-7a8d3bc170cd.test", append="null", name="test-query-file-appender", immediateFlush="null", bufferSize="null", ignoreExceptions="null", PatternLayout(org.apache.logging.log4j.core.layout.PatternLayout with name PatternLayout), test-filter(org.apache.hadoop.hive.ql.log.LogDivertAppenderForTest$TestFilter with name test-filter), advertise="null", advertiseURI="null", Configuration(HiveLog4j2Test))
DEBUG StatusLogger Starting RandomAccessFileManager /home/alex/Repositories/hive/beeline/target/tmp/alex/operation_logs/cc2523d0-9f14-44b9-bcb8-56f0695c85ae/alex_20240424081102_fbb664ba-fe6b-48b8-bc44-7a8d3bc170cd.test
2024-04-24T08:11:02,264  INFO [cc2523d0-9f14-44b9-bcb8-56f0695c85ae main] operation.HiveCommandOperation: [opType=EXECUTE_STATEMENT, queryId=alex_20240424081102_fbb664ba-fe6b-48b8-bc44-7a8d3bc170cd, startTime=1713971462254, sessionId=cc2523d0-9f14-44b9-bcb8-56f0695c85ae, createTime=1713971462186, userName=null, ipAddress=null]
2024-04-24T08:11:02,373  INFO [cc2523d0-9f14-44b9-bcb8-56f0695c85ae main] common.LogUtils: Unregistered logging context.
2024-04-24T08:11:02,378  INFO [cc2523d0-9f14-44b9-bcb8-56f0695c85ae main] operation.OperationManager: Closing operation: OperationHandle [opType=EXECUTE_STATEMENT, getHandleIdentifier()=51326e2b-5746-46c1-8f8a-507bd0db351b]
2024-04-24T08:11:02,378  INFO [cc2523d0-9f14-44b9-bcb8-56f0695c85ae main] operation.OperationManager: Removed queryId: alex_20240424081102_fbb664ba-fe6b-48b8-bc44-7a8d3bc170cd corresponding to operation: OperationHandle [opType=EXECUTE_STATEMENT, getHandleIdentifier()=51326e2b-5746-46c1-8f8a-507bd0db351b] with tag: null
2024-04-24T08:11:02,379  INFO [cc2523d0-9f14-44b9-bcb8-56f0695c85ae main] operation.HiveCommandOperation: Closing operation log /home/alex/Repositories/hive/beeline/target/tmp/alex/operation_logs/cc2523d0-9f14-44b9-bcb8-56f0695c85ae/alex_20240424081102_fbb664ba-fe6b-48b8-bc44-7a8d3bc170cd without delay
2024-04-24T08:11:02,383  INFO [cc2523d0-9f14-44b9-bcb8-56f0695c85ae main] session.HiveSessionImpl: executing use test
2024-04-24T08:11:02,385  INFO [cc2523d0-9f14-44b9-bcb8-56f0695c85ae main] operation.OperationManager: Adding operation: OperationHandle [opType=EXECUTE_STATEMENT, getHandleIdentifier()=4d3662f2-c131-4a99-b89e-69953f48e7d8] SessionHandle [cc2523d0-9f14-44b9-bcb8-56f0695c85ae]
2024-04-24T08:11:02,386  INFO [cc2523d0-9f14-44b9-bcb8-56f0695c85ae main] common.LogUtils: Thread context registration is done.
DEBUG StatusLogger Building Plugin[name=filter, class=org.apache.hadoop.hive.ql.log.LogDivertAppender$NameFilter].
DEBUG StatusLogger createFilter(loggingLevel="EXECUTION")
DEBUG StatusLogger Building Plugin[name=layout, class=org.apache.logging.log4j.core.layout.PatternLayout].
DEBUG StatusLogger PatternLayout$Builder(noConsoleNoAnsi="null", disableAnsi="null", PatternSelector=null, footer="null", pattern="%-5p : %m%n", Replace=null, alwaysWriteExceptions="null", Configuration(HiveLog4j2Test), charset="null", header="null")
DEBUG StatusLogger Building Plugin[name=appender, class=org.apache.hadoop.hive.ql.log.HushableRandomAccessFileAppender].
DEBUG StatusLogger createAppender(fileName="/home/alex/Repositories/hive/beeline/target/tmp/alex/operation_logs/cc2523d0-9f14-44b9-bcb8-56f0695c85ae/alex_20240424081102_e8c3593a-866c-40d8-82b4-37ef97ee6d4a", append="null", name="query-file-appender", immediateFlush="null", bufferSize="null", ignoreExceptions="null", PatternLayout(org.apache.logging.log4j.core.layout.PatternLayout with name PatternLayout), NameFilter(org.apache.hadoop.hive.ql.log.LogDivertAppender$NameFilter with name NameFilter), advertise="null", advertiseURI="null", Configuration(HiveLog4j2Test))
DEBUG StatusLogger Starting RandomAccessFileManager /home/alex/Repositories/hive/beeline/target/tmp/alex/operation_logs/cc2523d0-9f14-44b9-bcb8-56f0695c85ae/alex_20240424081102_e8c3593a-866c-40d8-82b4-37ef97ee6d4a
DEBUG StatusLogger Building Plugin[name=, class=org.apache.hadoop.hive.ql.log.LogDivertAppenderForTest$TestFilter].
DEBUG StatusLogger createFilter()
DEBUG StatusLogger Building Plugin[name=, class=org.apache.logging.log4j.core.layout.PatternLayout].
DEBUG StatusLogger PatternLayout$Builder(disableAnsi="null", header="null", pattern="%-5p : %m%n", noConsoleNoAnsi="null", Replace=null, footer="null", PatternSelector=null, Configuration(HiveLog4j2Test), alwaysWriteExceptions="null", charset="null")
DEBUG StatusLogger Building Plugin[name=appender, class=org.apache.hadoop.hive.ql.log.HushableRandomAccessFileAppender].
DEBUG StatusLogger createAppender(fileName="/home/alex/Repositories/hive/beeline/target/tmp/alex/operation_logs/cc2523d0-9f14-44b9-bcb8-56f0695c85ae/alex_20240424081102_e8c3593a-866c-40d8-82b4-37ef97ee6d4a.test", append="null", name="test-query-file-appender", immediateFlush="null", bufferSize="null", ignoreExceptions="null", PatternLayout(org.apache.logging.log4j.core.layout.PatternLayout with name PatternLayout), test-filter(org.apache.hadoop.hive.ql.log.LogDivertAppenderForTest$TestFilter with name test-filter), advertise="null", advertiseURI="null", Configuration(HiveLog4j2Test))
DEBUG StatusLogger Starting RandomAccessFileManager /home/alex/Repositories/hive/beeline/target/tmp/alex/operation_logs/cc2523d0-9f14-44b9-bcb8-56f0695c85ae/alex_20240424081102_e8c3593a-866c-40d8-82b4-37ef97ee6d4a.test
2024-04-24T08:11:02,398  INFO [cc2523d0-9f14-44b9-bcb8-56f0695c85ae main] operation.SQLOperation: [opType=EXECUTE_STATEMENT, queryId=alex_20240424081102_e8c3593a-866c-40d8-82b4-37ef97ee6d4a, startTime=1713971462383, sessionId=cc2523d0-9f14-44b9-bcb8-56f0695c85ae, createTime=1713971462186, userName=null, ipAddress=null]
2024-04-24T08:11:02,400  INFO [cc2523d0-9f14-44b9-bcb8-56f0695c85ae main] ql.Driver: Compiling command(queryId=alex_20240424081102_e8c3593a-866c-40d8-82b4-37ef97ee6d4a): use test
2024-04-24T08:11:02,402  INFO [cc2523d0-9f14-44b9-bcb8-56f0695c85ae main] metastore.HiveMetaStoreClient: HMS client filtering is enabled.
2024-04-24T08:11:02,404  INFO [cc2523d0-9f14-44b9-bcb8-56f0695c85ae main] metastore.HMSHandler: 0: Opening raw store with implementation class:org.apache.hadoop.hive.metastore.ObjectStore
2024-04-24T08:11:02,404  INFO [cc2523d0-9f14-44b9-bcb8-56f0695c85ae main] metastore.PersistenceManagerProvider: Configuration datanucleus.autoStartMechanismMode is not set. Defaulting to 'ignored'
2024-04-24T08:11:02,405  INFO [cc2523d0-9f14-44b9-bcb8-56f0695c85ae main] metastore.ObjectStore: RawStore: org.apache.hadoop.hive.metastore.ObjectStore@6c96403e, with PersistenceManager: null will be shutdown
2024-04-24T08:11:02,406  INFO [cc2523d0-9f14-44b9-bcb8-56f0695c85ae main] metastore.ObjectStore: RawStore: org.apache.hadoop.hive.metastore.ObjectStore@6c96403e, with PersistenceManager: org.datanucleus.api.jdo.JDOPersistenceManager@7babed9e created in the thread with id: 1
2024-04-24T08:11:02,412  INFO [cc2523d0-9f14-44b9-bcb8-56f0695c85ae main] metastore.HMSHandler: Created RawStore: org.apache.hadoop.hive.metastore.ObjectStore@6c96403e from thread id: 1
2024-04-24T08:11:02,412  INFO [cc2523d0-9f14-44b9-bcb8-56f0695c85ae main] metastore.HMSHandler: HMS server filtering is disabled by configuration
2024-04-24T08:11:02,412  INFO [cc2523d0-9f14-44b9-bcb8-56f0695c85ae main] metastore.RetryingMetaStoreClient: RetryingMetaStoreClient proxy=class org.apache.hadoop.hive.ql.metadata.SessionHiveMetaStoreClient ugi=alex (auth:SIMPLE) retries=1 delay=1 lifetime=0
2024-04-24T08:11:02,413  INFO [cc2523d0-9f14-44b9-bcb8-56f0695c85ae main] HiveMetaStore.audit: ugi=alex	ip=unknown-ip-addr	cmd=get_database: test	
2024-04-24T08:11:02,416  INFO [cc2523d0-9f14-44b9-bcb8-56f0695c85ae main] ql.Driver: Semantic Analysis Completed (retrial = false)
2024-04-24T08:11:02,416  INFO [cc2523d0-9f14-44b9-bcb8-56f0695c85ae main] ql.Driver: Created Hive schema: Schema(fieldSchemas:null, properties:null)
2024-04-24T08:11:02,417  INFO [cc2523d0-9f14-44b9-bcb8-56f0695c85ae main] metadata.Hive: Dumping metastore api call timing information for : compilation phase
2024-04-24T08:11:02,417  INFO [cc2523d0-9f14-44b9-bcb8-56f0695c85ae main] metadata.Hive: Total time spent in each metastore function (ms): {isCompatibleWith_(Configuration)=1, flushCache_()=0, getDatabase_(String)=3}
2024-04-24T08:11:02,417  INFO [cc2523d0-9f14-44b9-bcb8-56f0695c85ae main] ql.Driver: Completed compiling command(queryId=alex_20240424081102_e8c3593a-866c-40d8-82b4-37ef97ee6d4a); Time taken: 0.017 seconds
2024-04-24T08:11:02,419  INFO [HiveServer2-Background-Pool: Thread-165] common.LogUtils: Thread context registration is done.
2024-04-24T08:11:02,419  INFO [cc2523d0-9f14-44b9-bcb8-56f0695c85ae main] common.LogUtils: Unregistered logging context.
2024-04-24T08:11:02,420  INFO [HiveServer2-Background-Pool: Thread-165] reexec.ReExecDriver: Execution #1 of query
2024-04-24T08:11:02,420  INFO [HiveServer2-Background-Pool: Thread-165] ql.Driver: Concurrency mode is disabled, not creating a lock manager
2024-04-24T08:11:02,420  INFO [HiveServer2-Background-Pool: Thread-165] ql.Driver: Executing command(queryId=alex_20240424081102_e8c3593a-866c-40d8-82b4-37ef97ee6d4a): use test
2024-04-24T08:11:02,421  INFO [HiveServer2-Background-Pool: Thread-165] ql.Driver: Starting task [Stage-0:DDL] in serial mode
2024-04-24T08:11:02,423  INFO [HiveServer2-Background-Pool: Thread-165] HiveMetaStore.audit: ugi=alex	ip=unknown-ip-addr	cmd=get_database: test	
2024-04-24T08:11:02,424  INFO [HiveServer2-Background-Pool: Thread-165] metastore.HMSHandler: 6: Opening raw store with implementation class:org.apache.hadoop.hive.metastore.ObjectStore
2024-04-24T08:11:02,425  INFO [HiveServer2-Background-Pool: Thread-165] metastore.ObjectStore: RawStore: org.apache.hadoop.hive.metastore.ObjectStore@6e04ad8b, with PersistenceManager: null will be shutdown
2024-04-24T08:11:02,425  INFO [HiveServer2-Background-Pool: Thread-165] metastore.ObjectStore: RawStore: org.apache.hadoop.hive.metastore.ObjectStore@6e04ad8b, with PersistenceManager: org.datanucleus.api.jdo.JDOPersistenceManager@2b062e2f created in the thread with id: 165
2024-04-24T08:11:02,429  INFO [HiveServer2-Background-Pool: Thread-165] metastore.HMSHandler: Created RawStore: org.apache.hadoop.hive.metastore.ObjectStore@6e04ad8b from thread id: 165
2024-04-24T08:11:02,431  INFO [HiveServer2-Background-Pool: Thread-165] HiveMetaStore.audit: ugi=alex	ip=unknown-ip-addr	cmd=get_database: test	
2024-04-24T08:11:02,435  INFO [HiveServer2-Background-Pool: Thread-165] metadata.Hive: Dumping metastore api call timing information for : execution phase
2024-04-24T08:11:02,435  INFO [HiveServer2-Background-Pool: Thread-165] metadata.Hive: Total time spent in each metastore function (ms): {isCompatibleWith_(Configuration)=1, getDatabase_(String)=12}
2024-04-24T08:11:02,435  INFO [HiveServer2-Background-Pool: Thread-165] ql.Driver: Completed executing command(queryId=alex_20240424081102_e8c3593a-866c-40d8-82b4-37ef97ee6d4a); Time taken: 0.014 seconds
2024-04-24T08:11:02,436  INFO [HiveServer2-Background-Pool: Thread-165] common.LogUtils: Unregistered logging context.
2024-04-24T08:11:02,439  INFO [cc2523d0-9f14-44b9-bcb8-56f0695c85ae main] operation.OperationManager: Closing operation: OperationHandle [opType=EXECUTE_STATEMENT, getHandleIdentifier()=4d3662f2-c131-4a99-b89e-69953f48e7d8]
2024-04-24T08:11:02,439  INFO [cc2523d0-9f14-44b9-bcb8-56f0695c85ae main] operation.OperationManager: Removed queryId: alex_20240424081102_e8c3593a-866c-40d8-82b4-37ef97ee6d4a corresponding to operation: OperationHandle [opType=EXECUTE_STATEMENT, getHandleIdentifier()=4d3662f2-c131-4a99-b89e-69953f48e7d8] with tag: null
2024-04-24T08:11:02,439  INFO [cc2523d0-9f14-44b9-bcb8-56f0695c85ae main] operation.SQLOperation: Closing operation log /home/alex/Repositories/hive/beeline/target/tmp/alex/operation_logs/cc2523d0-9f14-44b9-bcb8-56f0695c85ae/alex_20240424081102_e8c3593a-866c-40d8-82b4-37ef97ee6d4a without delay
2024-04-24T08:11:02,503  WARN [main] conf.HiveConf: HiveConf of name hive.dummyparam.test.server.specific.config.hiveserver2site does not exist
2024-04-24T08:11:02,503  WARN [main] conf.HiveConf: HiveConf of name hive.dummyparam.test.server.specific.config.override does not exist
2024-04-24T08:11:02,503  WARN [main] conf.HiveConf: HiveConf of name hive.dummyparam.test.server.specific.config.metastoresite does not exist
2024-04-24T08:11:02,504  INFO [cc2523d0-9f14-44b9-bcb8-56f0695c85ae main] session.HiveSessionImpl: executing set
2024-04-24T08:11:02,505  INFO [cc2523d0-9f14-44b9-bcb8-56f0695c85ae main] operation.HiveCommandOperation: Putting temp output to file /home/alex/Repositories/hive/beeline/target/tmp/alex/cc2523d0-9f14-44b9-bcb8-56f0695c85ae4789875476202888324.pipeout and error output to file /home/alex/Repositories/hive/beeline/target/tmp/alex/cc2523d0-9f14-44b9-bcb8-56f0695c85ae8480002296355107218.pipeout
2024-04-24T08:11:02,505  INFO [cc2523d0-9f14-44b9-bcb8-56f0695c85ae main] operation.OperationManager: Adding operation: OperationHandle [opType=EXECUTE_STATEMENT, getHandleIdentifier()=d87d38cf-c277-4228-8875-030d1a3a1b7d] SessionHandle [cc2523d0-9f14-44b9-bcb8-56f0695c85ae]
2024-04-24T08:11:02,506  INFO [cc2523d0-9f14-44b9-bcb8-56f0695c85ae main] common.LogUtils: Thread context registration is done.
DEBUG StatusLogger Building Plugin[name=filter, class=org.apache.hadoop.hive.ql.log.LogDivertAppender$NameFilter].
DEBUG StatusLogger createFilter(loggingLevel="EXECUTION")
DEBUG StatusLogger Building Plugin[name=layout, class=org.apache.logging.log4j.core.layout.PatternLayout].
DEBUG StatusLogger PatternLayout$Builder(Configuration(HiveLog4j2Test), header="null", disableAnsi="null", charset="null", footer="null", alwaysWriteExceptions="null", PatternSelector=null, noConsoleNoAnsi="null", pattern="%-5p : %m%n", Replace=null)
DEBUG StatusLogger Building Plugin[name=appender, class=org.apache.hadoop.hive.ql.log.HushableRandomAccessFileAppender].
DEBUG StatusLogger createAppender(fileName="/home/alex/Repositories/hive/beeline/target/tmp/alex/operation_logs/cc2523d0-9f14-44b9-bcb8-56f0695c85ae/alex_20240424081102_a5a73dfc-580f-4cf2-aa50-cbe88cab6e33", append="null", name="query-file-appender", immediateFlush="null", bufferSize="null", ignoreExceptions="null", PatternLayout(org.apache.logging.log4j.core.layout.PatternLayout with name PatternLayout), NameFilter(org.apache.hadoop.hive.ql.log.LogDivertAppender$NameFilter with name NameFilter), advertise="null", advertiseURI="null", Configuration(HiveLog4j2Test))
DEBUG StatusLogger Starting RandomAccessFileManager /home/alex/Repositories/hive/beeline/target/tmp/alex/operation_logs/cc2523d0-9f14-44b9-bcb8-56f0695c85ae/alex_20240424081102_a5a73dfc-580f-4cf2-aa50-cbe88cab6e33
DEBUG StatusLogger Building Plugin[name=, class=org.apache.hadoop.hive.ql.log.LogDivertAppenderForTest$TestFilter].
DEBUG StatusLogger createFilter()
DEBUG StatusLogger Building Plugin[name=, class=org.apache.logging.log4j.core.layout.PatternLayout].
DEBUG StatusLogger PatternLayout$Builder(charset="null", disableAnsi="null", Configuration(HiveLog4j2Test), Replace=null, pattern="%-5p : %m%n", PatternSelector=null, noConsoleNoAnsi="null", alwaysWriteExceptions="null", header="null", footer="null")
DEBUG StatusLogger Building Plugin[name=appender, class=org.apache.hadoop.hive.ql.log.HushableRandomAccessFileAppender].
DEBUG StatusLogger createAppender(fileName="/home/alex/Repositories/hive/beeline/target/tmp/alex/operation_logs/cc2523d0-9f14-44b9-bcb8-56f0695c85ae/alex_20240424081102_a5a73dfc-580f-4cf2-aa50-cbe88cab6e33.test", append="null", name="test-query-file-appender", immediateFlush="null", bufferSize="null", ignoreExceptions="null", PatternLayout(org.apache.logging.log4j.core.layout.PatternLayout with name PatternLayout), test-filter(org.apache.hadoop.hive.ql.log.LogDivertAppenderForTest$TestFilter with name test-filter), advertise="null", advertiseURI="null", Configuration(HiveLog4j2Test))
DEBUG StatusLogger Starting RandomAccessFileManager /home/alex/Repositories/hive/beeline/target/tmp/alex/operation_logs/cc2523d0-9f14-44b9-bcb8-56f0695c85ae/alex_20240424081102_a5a73dfc-580f-4cf2-aa50-cbe88cab6e33.test
2024-04-24T08:11:02,515  INFO [cc2523d0-9f14-44b9-bcb8-56f0695c85ae main] operation.HiveCommandOperation: [opType=EXECUTE_STATEMENT, queryId=alex_20240424081102_a5a73dfc-580f-4cf2-aa50-cbe88cab6e33, startTime=1713971462504, sessionId=cc2523d0-9f14-44b9-bcb8-56f0695c85ae, createTime=1713971462186, userName=null, ipAddress=null]
2024-04-24T08:11:02,621  INFO [cc2523d0-9f14-44b9-bcb8-56f0695c85ae main] common.LogUtils: Unregistered logging context.
2024-04-24T08:11:02,624  INFO [cc2523d0-9f14-44b9-bcb8-56f0695c85ae main] operation.OperationManager: Closing operation: OperationHandle [opType=EXECUTE_STATEMENT, getHandleIdentifier()=d87d38cf-c277-4228-8875-030d1a3a1b7d]
2024-04-24T08:11:02,624  INFO [cc2523d0-9f14-44b9-bcb8-56f0695c85ae main] operation.OperationManager: Removed queryId: alex_20240424081102_a5a73dfc-580f-4cf2-aa50-cbe88cab6e33 corresponding to operation: OperationHandle [opType=EXECUTE_STATEMENT, getHandleIdentifier()=d87d38cf-c277-4228-8875-030d1a3a1b7d] with tag: null
2024-04-24T08:11:02,624  INFO [cc2523d0-9f14-44b9-bcb8-56f0695c85ae main] operation.HiveCommandOperation: Closing operation log /home/alex/Repositories/hive/beeline/target/tmp/alex/operation_logs/cc2523d0-9f14-44b9-bcb8-56f0695c85ae/alex_20240424081102_a5a73dfc-580f-4cf2-aa50-cbe88cab6e33 without delay
2024-04-24T08:11:02,626  INFO [cc2523d0-9f14-44b9-bcb8-56f0695c85ae main] session.HiveSessionImpl: executing show tables
2024-04-24T08:11:02,627  INFO [cc2523d0-9f14-44b9-bcb8-56f0695c85ae main] operation.OperationManager: Adding operation: OperationHandle [opType=EXECUTE_STATEMENT, getHandleIdentifier()=ba4c7801-0a06-45e1-9d2c-bc304b9bdcd3] SessionHandle [cc2523d0-9f14-44b9-bcb8-56f0695c85ae]
2024-04-24T08:11:02,628  INFO [cc2523d0-9f14-44b9-bcb8-56f0695c85ae main] common.LogUtils: Thread context registration is done.
DEBUG StatusLogger Building Plugin[name=filter, class=org.apache.hadoop.hive.ql.log.LogDivertAppender$NameFilter].
DEBUG StatusLogger createFilter(loggingLevel="EXECUTION")
DEBUG StatusLogger Building Plugin[name=layout, class=org.apache.logging.log4j.core.layout.PatternLayout].
DEBUG StatusLogger PatternLayout$Builder(disableAnsi="null", Configuration(HiveLog4j2Test), pattern="%-5p : %m%n", footer="null", alwaysWriteExceptions="null", PatternSelector=null, noConsoleNoAnsi="null", Replace=null, charset="null", header="null")
DEBUG StatusLogger Building Plugin[name=appender, class=org.apache.hadoop.hive.ql.log.HushableRandomAccessFileAppender].
DEBUG StatusLogger createAppender(fileName="/home/alex/Repositories/hive/beeline/target/tmp/alex/operation_logs/cc2523d0-9f14-44b9-bcb8-56f0695c85ae/alex_20240424081102_01d8a6f9-932e-46a6-aae3-2ae3df0e37eb", append="null", name="query-file-appender", immediateFlush="null", bufferSize="null", ignoreExceptions="null", PatternLayout(org.apache.logging.log4j.core.layout.PatternLayout with name PatternLayout), NameFilter(org.apache.hadoop.hive.ql.log.LogDivertAppender$NameFilter with name NameFilter), advertise="null", advertiseURI="null", Configuration(HiveLog4j2Test))
DEBUG StatusLogger Starting RandomAccessFileManager /home/alex/Repositories/hive/beeline/target/tmp/alex/operation_logs/cc2523d0-9f14-44b9-bcb8-56f0695c85ae/alex_20240424081102_01d8a6f9-932e-46a6-aae3-2ae3df0e37eb
DEBUG StatusLogger Building Plugin[name=, class=org.apache.hadoop.hive.ql.log.LogDivertAppenderForTest$TestFilter].
DEBUG StatusLogger createFilter()
DEBUG StatusLogger Building Plugin[name=, class=org.apache.logging.log4j.core.layout.PatternLayout].
DEBUG StatusLogger PatternLayout$Builder(Configuration(HiveLog4j2Test), header="null", charset="null", PatternSelector=null, Replace=null, pattern="%-5p : %m%n", footer="null", noConsoleNoAnsi="null", disableAnsi="null", alwaysWriteExceptions="null")
DEBUG StatusLogger Building Plugin[name=appender, class=org.apache.hadoop.hive.ql.log.HushableRandomAccessFileAppender].
DEBUG StatusLogger createAppender(fileName="/home/alex/Repositories/hive/beeline/target/tmp/alex/operation_logs/cc2523d0-9f14-44b9-bcb8-56f0695c85ae/alex_20240424081102_01d8a6f9-932e-46a6-aae3-2ae3df0e37eb.test", append="null", name="test-query-file-appender", immediateFlush="null", bufferSize="null", ignoreExceptions="null", PatternLayout(org.apache.logging.log4j.core.layout.PatternLayout with name PatternLayout), test-filter(org.apache.hadoop.hive.ql.log.LogDivertAppenderForTest$TestFilter with name test-filter), advertise="null", advertiseURI="null", Configuration(HiveLog4j2Test))
DEBUG StatusLogger Starting RandomAccessFileManager /home/alex/Repositories/hive/beeline/target/tmp/alex/operation_logs/cc2523d0-9f14-44b9-bcb8-56f0695c85ae/alex_20240424081102_01d8a6f9-932e-46a6-aae3-2ae3df0e37eb.test
2024-04-24T08:11:02,636  INFO [cc2523d0-9f14-44b9-bcb8-56f0695c85ae main] operation.SQLOperation: [opType=EXECUTE_STATEMENT, queryId=alex_20240424081102_01d8a6f9-932e-46a6-aae3-2ae3df0e37eb, startTime=1713971462626, sessionId=cc2523d0-9f14-44b9-bcb8-56f0695c85ae, createTime=1713971462186, userName=null, ipAddress=null]
2024-04-24T08:11:02,637  INFO [cc2523d0-9f14-44b9-bcb8-56f0695c85ae main] ql.Driver: Compiling command(queryId=alex_20240424081102_01d8a6f9-932e-46a6-aae3-2ae3df0e37eb): show tables
2024-04-24T08:11:02,642  INFO [cc2523d0-9f14-44b9-bcb8-56f0695c85ae main] HiveMetaStore.audit: ugi=alex	ip=unknown-ip-addr	cmd=get_database: test	
2024-04-24T08:11:02,644  INFO [cc2523d0-9f14-44b9-bcb8-56f0695c85ae main] ql.Driver: Semantic Analysis Completed (retrial = false)
2024-04-24T08:11:02,644  INFO [cc2523d0-9f14-44b9-bcb8-56f0695c85ae main] ql.Driver: Created Hive schema: Schema(fieldSchemas:[FieldSchema(name:tab_name, type:string, comment:from deserializer)], properties:null)
2024-04-24T08:11:02,645  INFO [cc2523d0-9f14-44b9-bcb8-56f0695c85ae main] exec.ListSinkOperator: Initializing Operator: LIST_SINK[0]
2024-04-24T08:11:02,645  INFO [cc2523d0-9f14-44b9-bcb8-56f0695c85ae main] metadata.Hive: Dumping metastore api call timing information for : compilation phase
2024-04-24T08:11:02,646  INFO [cc2523d0-9f14-44b9-bcb8-56f0695c85ae main] metadata.Hive: Total time spent in each metastore function (ms): {flushCache_()=0, getDatabase_(String)=3, isCompatibleWith_(Configuration)=0}
2024-04-24T08:11:02,646  INFO [cc2523d0-9f14-44b9-bcb8-56f0695c85ae main] ql.Driver: Completed compiling command(queryId=alex_20240424081102_01d8a6f9-932e-46a6-aae3-2ae3df0e37eb); Time taken: 0.008 seconds
2024-04-24T08:11:02,647  INFO [HiveServer2-Background-Pool: Thread-169] common.LogUtils: Thread context registration is done.
2024-04-24T08:11:02,648  INFO [HiveServer2-Background-Pool: Thread-169] reexec.ReExecDriver: Execution #1 of query
2024-04-24T08:11:02,648  INFO [cc2523d0-9f14-44b9-bcb8-56f0695c85ae main] common.LogUtils: Unregistered logging context.
2024-04-24T08:11:02,648  INFO [HiveServer2-Background-Pool: Thread-169] ql.Driver: Concurrency mode is disabled, not creating a lock manager
2024-04-24T08:11:02,648  INFO [HiveServer2-Background-Pool: Thread-169] ql.Driver: Executing command(queryId=alex_20240424081102_01d8a6f9-932e-46a6-aae3-2ae3df0e37eb): show tables
2024-04-24T08:11:02,649  INFO [HiveServer2-Background-Pool: Thread-169] ql.Driver: Starting task [Stage-0:DDL] in serial mode
2024-04-24T08:11:02,650  INFO [HiveServer2-Background-Pool: Thread-169] HiveMetaStore.audit: ugi=alex	ip=unknown-ip-addr	cmd=get_database: test	
2024-04-24T08:11:02,651  INFO [HiveServer2-Background-Pool: Thread-169] metastore.HMSHandler: 7: Opening raw store with implementation class:org.apache.hadoop.hive.metastore.ObjectStore
2024-04-24T08:11:02,652  INFO [HiveServer2-Background-Pool: Thread-169] metastore.ObjectStore: RawStore: org.apache.hadoop.hive.metastore.ObjectStore@70b4c125, with PersistenceManager: null will be shutdown
2024-04-24T08:11:02,652  INFO [HiveServer2-Background-Pool: Thread-169] metastore.ObjectStore: RawStore: org.apache.hadoop.hive.metastore.ObjectStore@70b4c125, with PersistenceManager: org.datanucleus.api.jdo.JDOPersistenceManager@35b65157 created in the thread with id: 169
2024-04-24T08:11:02,658  INFO [HiveServer2-Background-Pool: Thread-169] metastore.HMSHandler: Created RawStore: org.apache.hadoop.hive.metastore.ObjectStore@70b4c125 from thread id: 169
2024-04-24T08:11:02,661  INFO [HiveServer2-Background-Pool: Thread-169] HiveMetaStore.audit: ugi=alex	ip=unknown-ip-addr	cmd=get_multi_table : db=test tbls=null	
2024-04-24T08:11:02,665  INFO [HiveServer2-Background-Pool: Thread-169] sqlstd.SQLStdHiveAccessController: Created SQLStdHiveAccessController for session context : HiveAuthzSessionContext [sessionString=cc2523d0-9f14-44b9-bcb8-56f0695c85ae, clientType=HIVESERVER2]
2024-04-24T08:11:02,672  INFO [HiveServer2-Background-Pool: Thread-169] metadata.Hive: Dumping metastore api call timing information for : execution phase
2024-04-24T08:11:02,672  INFO [HiveServer2-Background-Pool: Thread-169] metadata.Hive: Total time spent in each metastore function (ms): {getDatabase_(String)=9, getTables_(String, String)=5, isCompatibleWith_(Configuration)=0}
2024-04-24T08:11:02,673  INFO [HiveServer2-Background-Pool: Thread-169] ql.Driver: Completed executing command(queryId=alex_20240424081102_01d8a6f9-932e-46a6-aae3-2ae3df0e37eb); Time taken: 0.024 seconds
2024-04-24T08:11:02,673  INFO [HiveServer2-Background-Pool: Thread-169] common.LogUtils: Unregistered logging context.
2024-04-24T08:11:02,674  INFO [cc2523d0-9f14-44b9-bcb8-56f0695c85ae main] operation.OperationManager: Closing operation: OperationHandle [opType=EXECUTE_STATEMENT, getHandleIdentifier()=ba4c7801-0a06-45e1-9d2c-bc304b9bdcd3]
2024-04-24T08:11:02,674  INFO [cc2523d0-9f14-44b9-bcb8-56f0695c85ae main] operation.OperationManager: Removed queryId: alex_20240424081102_01d8a6f9-932e-46a6-aae3-2ae3df0e37eb corresponding to operation: OperationHandle [opType=EXECUTE_STATEMENT, getHandleIdentifier()=ba4c7801-0a06-45e1-9d2c-bc304b9bdcd3] with tag: null
2024-04-24T08:11:02,674  INFO [cc2523d0-9f14-44b9-bcb8-56f0695c85ae main] ql.Context: Deleting scratch dir: file:/home/alex/Repositories/hive/beeline/target/tmp/alex/cc2523d0-9f14-44b9-bcb8-56f0695c85ae/hive_2024-04-24_08-11-02_637_5017881684304884349-1
2024-04-24T08:11:02,674  INFO [cc2523d0-9f14-44b9-bcb8-56f0695c85ae main] cleanup.EventualCleanupService: Delete file:/home/alex/Repositories/hive/beeline/target/tmp/alex/cc2523d0-9f14-44b9-bcb8-56f0695c85ae/hive_2024-04-24_08-11-02_637_5017881684304884349-1 operation was queued
2024-04-24T08:11:02,675  INFO [cc2523d0-9f14-44b9-bcb8-56f0695c85ae main] exec.ListSinkOperator: Closing Operator: LIST_SINK[0]
2024-04-24T08:11:02,675  INFO [cc2523d0-9f14-44b9-bcb8-56f0695c85ae main] exec.ListSinkOperator: RECORDS_OUT_INTERMEDIATE:0, RECORDS_OUT_OPERATOR_LIST_SINK_0:0, 
2024-04-24T08:11:02,675  INFO [EventualCleanupService thread 0] cleanup.EventualCleanupService: Deleted file:/home/alex/Repositories/hive/beeline/target/tmp/alex/cc2523d0-9f14-44b9-bcb8-56f0695c85ae/hive_2024-04-24_08-11-02_637_5017881684304884349-1
2024-04-24T08:11:02,675  INFO [cc2523d0-9f14-44b9-bcb8-56f0695c85ae main] operation.SQLOperation: Closing operation log /home/alex/Repositories/hive/beeline/target/tmp/alex/operation_logs/cc2523d0-9f14-44b9-bcb8-56f0695c85ae/alex_20240424081102_01d8a6f9-932e-46a6-aae3-2ae3df0e37eb without delay
2024-04-24T08:11:02,679  INFO [main] service.CompositeService: Session closed, SessionHandle [cc2523d0-9f14-44b9-bcb8-56f0695c85ae], current sessions:0
2024-04-24T08:11:02,679  INFO [cc2523d0-9f14-44b9-bcb8-56f0695c85ae main] session.HiveSessionImpl: Operation log session directory is deleted: /home/alex/Repositories/hive/beeline/target/tmp/alex/operation_logs/cc2523d0-9f14-44b9-bcb8-56f0695c85ae
2024-04-24T08:11:02,679  INFO [main] cleanup.EventualCleanupService: Delete /tmp/hive/alex/cc2523d0-9f14-44b9-bcb8-56f0695c85ae operation was queued
2024-04-24T08:11:02,679  INFO [main] cleanup.EventualCleanupService: Delete /home/alex/Repositories/hive/beeline/target/tmp/alex/cc2523d0-9f14-44b9-bcb8-56f0695c85ae operation was queued
2024-04-24T08:11:02,680  INFO [EventualCleanupService thread 2] cleanup.EventualCleanupService: Deleted /home/alex/Repositories/hive/beeline/target/tmp/alex/cc2523d0-9f14-44b9-bcb8-56f0695c85ae
2024-04-24T08:11:02,680  INFO [EventualCleanupService thread 1] cleanup.EventualCleanupService: Deleted /tmp/hive/alex/cc2523d0-9f14-44b9-bcb8-56f0695c85ae
2024-04-24T08:11:02,680  INFO [main] HiveMetaStore.audit: ugi=alex	ip=unknown-ip-addr	cmd=Cleaning up thread local RawStore...	
2024-04-24T08:11:02,680  INFO [main] metastore.ObjectStore: RawStore: org.apache.hadoop.hive.metastore.ObjectStore@6c96403e, with PersistenceManager: org.datanucleus.api.jdo.JDOPersistenceManager@7babed9e will be shutdown
2024-04-24T08:11:02,681  INFO [main] HiveMetaStore.audit: ugi=alex	ip=unknown-ip-addr	cmd=Done cleaning up thread local RawStore	
2024-04-24T08:11:02,681  INFO [main] metastore.HiveMetaStoreClient: Closed a connection to metastore, current connections: -8
2024-04-24T08:11:02,681 ERROR [main] cli.TestHiveCli: Failed due to the error:Connecting to jdbc:hive2://
Hive Session ID = e31f1431-1921-45a5-8101-f3039cf89cba
ivysettings.xml file not found in HIVE_HOME or HIVE_CONF_DIR,/home/alex/Repositories/hive/conf/ivysettings.xml will be used
ivysettings.xml file not found in HIVE_HOME or HIVE_CONF_DIR,/home/alex/Repositories/hive/conf/ivysettings.xml will be used
Connected to: Apache Hive (version 4.0.0-SNAPSHOT)
Error: Couldn't load manifest attributes. (state=,code=0)
Transaction isolation: TRANSACTION_REPEATABLE_READ
INFO  : Compiling command(queryId=alex_20240424081102_e8c3593a-866c-40d8-82b4-37ef97ee6d4a): use test
INFO  : Semantic Analysis Completed (retrial = false)
INFO  : Created Hive schema: Schema(fieldSchemas:null, properties:null)
INFO  : Completed compiling command(queryId=alex_20240424081102_e8c3593a-866c-40d8-82b4-37ef97ee6d4a); Time taken: 0.017 seconds
INFO  : Concurrency mode is disabled, not creating a lock manager
INFO  : Executing command(queryId=alex_20240424081102_e8c3593a-866c-40d8-82b4-37ef97ee6d4a): use test
INFO  : Starting task [Stage-0:DDL] in serial mode
DEBUG : Task getting executed using mapred tag : alex_20240424081102_e8c3593a-866c-40d8-82b4-37ef97ee6d4a,userid=null
INFO  : Completed executing command(queryId=alex_20240424081102_e8c3593a-866c-40d8-82b4-37ef97ee6d4a); Time taken: 0.014 seconds
DEBUG : Shutting down query use test
Error: Failed to wait for operation to complete (state=08S01,code=0)
Beeline version ??? by Apache Hive
hive> source /home/alex/Repositories/hive/beeline/target/tmp/test4804564216123641662.sql;
INFO  : Compiling command(queryId=alex_20240424081102_01d8a6f9-932e-46a6-aae3-2ae3df0e37eb): show tables
INFO  : Semantic Analysis Completed (retrial = false)
INFO  : Created Hive schema: Schema(fieldSchemas:[FieldSchema(name:tab_name, type:string, comment:from deserializer)], properties:null)
INFO  : Completed compiling command(queryId=alex_20240424081102_01d8a6f9-932e-46a6-aae3-2ae3df0e37eb); Time taken: 0.008 seconds
INFO  : Concurrency mode is disabled, not creating a lock manager
INFO  : Executing command(queryId=alex_20240424081102_01d8a6f9-932e-46a6-aae3-2ae3df0e37eb): show tables
INFO  : Starting task [Stage-0:DDL] in serial mode
DEBUG : Task getting executed using mapred tag : alex_20240424081102_01d8a6f9-932e-46a6-aae3-2ae3df0e37eb,userid=null
INFO  : Completed executing command(queryId=alex_20240424081102_01d8a6f9-932e-46a6-aae3-2ae3df0e37eb); Time taken: 0.024 seconds
DEBUG : Shutting down query show tables
Error: Failed to wait for operation to complete (state=08S01,code=0)
hive> Closing: 0: jdbc:hive2://

]]></system-err>
  </testcase>
  <testcase name="testInvalidOptions2" classname="org.apache.hive.beeline.cli.TestHiveCli" time="0.006"/>
  <testcase name="testCmd" classname="org.apache.hive.beeline.cli.TestHiveCli" time="0.39">
    <failure type="java.lang.AssertionError"><![CDATA[java.lang.AssertionError: The expected keyword "src" occur in the output: 
	at org.junit.Assert.fail(Assert.java:89)
	at org.junit.Assert.assertTrue(Assert.java:42)
	at org.apache.hive.beeline.cli.TestHiveCli.verifyCMD(TestHiveCli.java:270)
	at org.apache.hive.beeline.cli.TestHiveCli.testCmd(TestHiveCli.java:72)
	at sun.reflect.NativeMethodAccessorImpl.invoke0(Native Method)
	at sun.reflect.NativeMethodAccessorImpl.invoke(NativeMethodAccessorImpl.java:62)
	at sun.reflect.DelegatingMethodAccessorImpl.invoke(DelegatingMethodAccessorImpl.java:43)
	at java.lang.reflect.Method.invoke(Method.java:498)
	at org.junit.runners.model.FrameworkMethod$1.runReflectiveCall(FrameworkMethod.java:59)
	at org.junit.internal.runners.model.ReflectiveCallable.run(ReflectiveCallable.java:12)
	at org.junit.runners.model.FrameworkMethod.invokeExplosively(FrameworkMethod.java:56)
	at org.junit.internal.runners.statements.InvokeMethod.evaluate(InvokeMethod.java:17)
	at org.junit.internal.runners.statements.RunBefores.evaluate(RunBefores.java:26)
	at org.junit.internal.runners.statements.RunAfters.evaluate(RunAfters.java:27)
	at org.junit.runners.ParentRunner$3.evaluate(ParentRunner.java:306)
	at org.junit.runners.BlockJUnit4ClassRunner$1.evaluate(BlockJUnit4ClassRunner.java:100)
	at org.junit.runners.ParentRunner.runLeaf(ParentRunner.java:366)
	at org.junit.runners.BlockJUnit4ClassRunner.runChild(BlockJUnit4ClassRunner.java:103)
	at org.junit.runners.BlockJUnit4ClassRunner.runChild(BlockJUnit4ClassRunner.java:63)
	at org.junit.runners.ParentRunner$4.run(ParentRunner.java:331)
	at org.junit.runners.ParentRunner$1.schedule(ParentRunner.java:79)
	at org.junit.runners.ParentRunner.runChildren(ParentRunner.java:329)
	at org.junit.runners.ParentRunner.access$100(ParentRunner.java:66)
	at org.junit.runners.ParentRunner$2.evaluate(ParentRunner.java:293)
	at org.junit.internal.runners.statements.RunBefores.evaluate(RunBefores.java:26)
	at org.junit.runners.ParentRunner$3.evaluate(ParentRunner.java:306)
	at org.junit.runners.ParentRunner.run(ParentRunner.java:413)
	at org.junit.runner.JUnitCore.run(JUnitCore.java:137)
	at org.junit.runner.JUnitCore.run(JUnitCore.java:115)
	at org.junit.vintage.engine.execution.RunnerExecutor.execute(RunnerExecutor.java:43)
	at java.util.stream.ForEachOps$ForEachOp$OfRef.accept(ForEachOps.java:183)
	at java.util.stream.ReferencePipeline$3$1.accept(ReferencePipeline.java:193)
	at java.util.Iterator.forEachRemaining(Iterator.java:116)
	at java.util.Spliterators$IteratorSpliterator.forEachRemaining(Spliterators.java:1801)
	at java.util.stream.AbstractPipeline.copyInto(AbstractPipeline.java:482)
	at java.util.stream.AbstractPipeline.wrapAndCopyInto(AbstractPipeline.java:472)
	at java.util.stream.ForEachOps$ForEachOp.evaluateSequential(ForEachOps.java:150)
	at java.util.stream.ForEachOps$ForEachOp$OfRef.evaluateSequential(ForEachOps.java:173)
	at java.util.stream.AbstractPipeline.evaluate(AbstractPipeline.java:234)
	at java.util.stream.ReferencePipeline.forEach(ReferencePipeline.java:485)
	at org.junit.vintage.engine.VintageTestEngine.executeAllChildren(VintageTestEngine.java:82)
	at org.junit.vintage.engine.VintageTestEngine.execute(VintageTestEngine.java:73)
	at org.junit.platform.launcher.core.DefaultLauncher.execute(DefaultLauncher.java:248)
	at org.junit.platform.launcher.core.DefaultLauncher.lambda$execute$5(DefaultLauncher.java:211)
	at org.junit.platform.launcher.core.DefaultLauncher.withInterceptedStreams(DefaultLauncher.java:226)
	at org.junit.platform.launcher.core.DefaultLauncher.execute(DefaultLauncher.java:199)
	at org.junit.platform.launcher.core.DefaultLauncher.execute(DefaultLauncher.java:132)
	at org.apache.maven.surefire.junitplatform.JUnitPlatformProvider.invokeAllTests(JUnitPlatformProvider.java:154)
	at org.apache.maven.surefire.junitplatform.JUnitPlatformProvider.invoke(JUnitPlatformProvider.java:123)
	at org.apache.maven.surefire.booter.ForkedBooter.runSuitesInProcess(ForkedBooter.java:377)
	at org.apache.maven.surefire.booter.ForkedBooter.execute(ForkedBooter.java:138)
	at org.apache.maven.surefire.booter.ForkedBooter.run(ForkedBooter.java:465)
	at org.apache.maven.surefire.booter.ForkedBooter.main(ForkedBooter.java:451)
]]></failure>
    <system-err><![CDATA[2024-04-24T08:11:02,687 ERROR [main] cli.TestHiveCli: Failed to execute command due to the error: java.lang.NullPointerException: Null output stream
2024-04-24T08:11:02,736  WARN [main] conf.HiveConf: HiveConf of name hive.dummyparam.test.server.specific.config.override does not exist
2024-04-24T08:11:02,736  WARN [main] conf.HiveConf: HiveConf of name hive.dummyparam.test.server.specific.config.hiveserver2site does not exist
2024-04-24T08:11:02,736  WARN [main] conf.HiveConf: HiveConf of name hive.dummyparam.test.server.specific.config.metastoresite does not exist
2024-04-24T08:11:02,737  INFO [main] SessionState: Hive Session ID = c18fced4-d672-4602-a050-378397ddc8b3
2024-04-24T08:11:02,737  INFO [main] DependencyResolver: ivysettings.xml file not found in HIVE_HOME or HIVE_CONF_DIR,/home/alex/Repositories/hive/conf/ivysettings.xml will be used
2024-04-24T08:11:02,744  INFO [main] session.SessionState: Created HDFS directory: /tmp/hive/alex/c18fced4-d672-4602-a050-378397ddc8b3
2024-04-24T08:11:02,748  INFO [main] session.SessionState: Created local directory: /home/alex/Repositories/hive/beeline/target/tmp/alex/c18fced4-d672-4602-a050-378397ddc8b3
2024-04-24T08:11:02,767  INFO [main] session.SessionState: Created HDFS directory: /tmp/hive/alex/c18fced4-d672-4602-a050-378397ddc8b3/_tmp_space.db
2024-04-24T08:11:02,769  INFO [main] sqlstd.SQLStdHiveAccessController: Created SQLStdHiveAccessController for session context : HiveAuthzSessionContext [sessionString=c18fced4-d672-4602-a050-378397ddc8b3, clientType=HIVESERVER2]
2024-04-24T08:11:02,770  INFO [main] metastore.HiveMetaStoreClient: HMS client filtering is enabled.
2024-04-24T08:11:02,771  INFO [main] metastore.HMSHandler: 0: Opening raw store with implementation class:org.apache.hadoop.hive.metastore.ObjectStore
2024-04-24T08:11:02,772  INFO [main] metastore.PersistenceManagerProvider: Configuration datanucleus.autoStartMechanismMode is not set. Defaulting to 'ignored'
2024-04-24T08:11:02,772  INFO [main] metastore.ObjectStore: RawStore: org.apache.hadoop.hive.metastore.ObjectStore@46ea78f0, with PersistenceManager: null will be shutdown
2024-04-24T08:11:02,773  INFO [main] metastore.ObjectStore: RawStore: org.apache.hadoop.hive.metastore.ObjectStore@46ea78f0, with PersistenceManager: org.datanucleus.api.jdo.JDOPersistenceManager@5889fc44 created in the thread with id: 1
2024-04-24T08:11:02,777  INFO [main] metastore.HMSHandler: Created RawStore: org.apache.hadoop.hive.metastore.ObjectStore@46ea78f0 from thread id: 1
2024-04-24T08:11:02,777  INFO [main] metastore.HMSHandler: HMS server filtering is disabled by configuration
2024-04-24T08:11:02,777  INFO [main] metastore.RetryingMetaStoreClient: RetryingMetaStoreClient proxy=class org.apache.hadoop.hive.ql.metadata.SessionHiveMetaStoreClient ugi=alex (auth:SIMPLE) retries=1 delay=1 lifetime=0
2024-04-24T08:11:02,778  INFO [main] service.CompositeService: Operation log root directory is created: /home/alex/Repositories/hive/beeline/target/tmp/alex/operation_logs
2024-04-24T08:11:02,778  INFO [main] service.CompositeService: HiveServer2: Background operation thread pool size: 100
2024-04-24T08:11:02,778  INFO [main] service.CompositeService: HiveServer2: Background operation thread wait queue size: 100
2024-04-24T08:11:02,778  INFO [main] service.CompositeService: HiveServer2: Background operation thread keepalive time: 10 seconds
2024-04-24T08:11:02,778  INFO [main] service.CompositeService: Connections limit are user: 0 ipaddress: 0 user-ipaddress: 0
2024-04-24T08:11:02,779  INFO [main] cleanup.EventualCleanupService: EventualCleanupService started with 10 threads and queue of size 10000
ERROR StatusLogger Log4j2 ConfigurationScheduler attempted to increment scheduled items after start
ERROR StatusLogger Log4j2 ConfigurationScheduler attempted to increment scheduled items after start
2024-04-24T08:11:02,781  INFO [main] service.AbstractService: Service:OperationManager is inited.
2024-04-24T08:11:02,781  INFO [main] service.AbstractService: Service:SessionManager is inited.
2024-04-24T08:11:02,781  INFO [main] service.AbstractService: Service:CLIService is inited.
2024-04-24T08:11:02,781  INFO [main] service.AbstractService: Service:OperationManager is started.
2024-04-24T08:11:02,781  INFO [main] service.AbstractService: Service:SessionManager is started.
2024-04-24T08:11:02,782  INFO [main] service.AbstractService: Service:CLIService is started.
2024-04-24T08:11:02,782  INFO [main] service.AbstractService: Service:ThriftBinaryCLIService is inited.
2024-04-24T08:11:02,782  INFO [main] thrift.ThriftCLIService: Client protocol version: HIVE_CLI_SERVICE_PROTOCOL_V10
2024-04-24T08:11:02,782  INFO [main] thrift.ThriftCLIService: Creating Hive session handle for user [null] from IP null
2024-04-24T08:11:02,783  INFO [main] DependencyResolver: ivysettings.xml file not found in HIVE_HOME or HIVE_CONF_DIR,/home/alex/Repositories/hive/conf/ivysettings.xml will be used
2024-04-24T08:11:02,791  INFO [main] session.SessionState: Created HDFS directory: /tmp/hive/alex/e180a92a-2d0e-4f91-9b78-eba85a114eec
2024-04-24T08:11:02,794  INFO [main] session.SessionState: Created local directory: /home/alex/Repositories/hive/beeline/target/tmp/alex/e180a92a-2d0e-4f91-9b78-eba85a114eec
2024-04-24T08:11:02,797  INFO [main] session.SessionState: Created HDFS directory: /tmp/hive/alex/e180a92a-2d0e-4f91-9b78-eba85a114eec/_tmp_space.db
2024-04-24T08:11:02,798  INFO [main] session.SessionState: Reloading auxiliary JAR files
2024-04-24T08:11:02,798  WARN [main] session.SessionState: Configuration hive.reloadable.aux.jars.path not specified
2024-04-24T08:11:02,798  INFO [main] HiveMetaStore.audit: ugi=alex	ip=unknown-ip-addr	cmd=Cleaning up thread local RawStore...	
2024-04-24T08:11:02,798  INFO [main] metastore.ObjectStore: RawStore: org.apache.hadoop.hive.metastore.ObjectStore@46ea78f0, with PersistenceManager: org.datanucleus.api.jdo.JDOPersistenceManager@5889fc44 will be shutdown
2024-04-24T08:11:02,798  INFO [main] HiveMetaStore.audit: ugi=alex	ip=unknown-ip-addr	cmd=Done cleaning up thread local RawStore	
2024-04-24T08:11:02,798  INFO [main] metastore.HiveMetaStoreClient: Closed a connection to metastore, current connections: -9
2024-04-24T08:11:02,799  INFO [main] session.HiveSessionImpl: Operation log session directory is created: /home/alex/Repositories/hive/beeline/target/tmp/alex/operation_logs/e180a92a-2d0e-4f91-9b78-eba85a114eec
2024-04-24T08:11:02,799  INFO [main] service.CompositeService: Session opened, SessionHandle [e180a92a-2d0e-4f91-9b78-eba85a114eec], current sessions:1
2024-04-24T08:11:02,799  INFO [main] thrift.ThriftCLIService: Login attempt is successful for user : null
2024-04-24T08:11:02,856  WARN [main] conf.HiveConf: HiveConf of name hive.dummyparam.test.server.specific.config.hiveserver2site does not exist
2024-04-24T08:11:02,856  WARN [main] conf.HiveConf: HiveConf of name hive.dummyparam.test.server.specific.config.metastoresite does not exist
2024-04-24T08:11:02,857  WARN [main] conf.HiveConf: HiveConf of name hive.dummyparam.test.server.specific.config.override does not exist
2024-04-24T08:11:02,857  INFO [e180a92a-2d0e-4f91-9b78-eba85a114eec main] session.HiveSessionImpl: executing set
2024-04-24T08:11:02,859  INFO [e180a92a-2d0e-4f91-9b78-eba85a114eec main] operation.HiveCommandOperation: Putting temp output to file /home/alex/Repositories/hive/beeline/target/tmp/alex/e180a92a-2d0e-4f91-9b78-eba85a114eec8967315272627483002.pipeout and error output to file /home/alex/Repositories/hive/beeline/target/tmp/alex/e180a92a-2d0e-4f91-9b78-eba85a114eec6678498508744062612.pipeout
2024-04-24T08:11:02,859  INFO [e180a92a-2d0e-4f91-9b78-eba85a114eec main] operation.OperationManager: Adding operation: OperationHandle [opType=EXECUTE_STATEMENT, getHandleIdentifier()=9550253c-07ab-4b5a-8d86-44cfad7382fa] SessionHandle [e180a92a-2d0e-4f91-9b78-eba85a114eec]
2024-04-24T08:11:02,860  INFO [e180a92a-2d0e-4f91-9b78-eba85a114eec main] common.LogUtils: Thread context registration is done.
DEBUG StatusLogger Building Plugin[name=filter, class=org.apache.hadoop.hive.ql.log.LogDivertAppender$NameFilter].
DEBUG StatusLogger createFilter(loggingLevel="EXECUTION")
DEBUG StatusLogger Building Plugin[name=layout, class=org.apache.logging.log4j.core.layout.PatternLayout].
DEBUG StatusLogger PatternLayout$Builder(pattern="%-5p : %m%n", noConsoleNoAnsi="null", header="null", Replace=null, disableAnsi="null", footer="null", Configuration(HiveLog4j2Test), PatternSelector=null, alwaysWriteExceptions="null", charset="null")
DEBUG StatusLogger Building Plugin[name=appender, class=org.apache.hadoop.hive.ql.log.HushableRandomAccessFileAppender].
DEBUG StatusLogger createAppender(fileName="/home/alex/Repositories/hive/beeline/target/tmp/alex/operation_logs/e180a92a-2d0e-4f91-9b78-eba85a114eec/alex_20240424081102_482414cc-6571-403c-b1d6-95a1936795bd", append="null", name="query-file-appender", immediateFlush="null", bufferSize="null", ignoreExceptions="null", PatternLayout(org.apache.logging.log4j.core.layout.PatternLayout with name PatternLayout), NameFilter(org.apache.hadoop.hive.ql.log.LogDivertAppender$NameFilter with name NameFilter), advertise="null", advertiseURI="null", Configuration(HiveLog4j2Test))
DEBUG StatusLogger Starting RandomAccessFileManager /home/alex/Repositories/hive/beeline/target/tmp/alex/operation_logs/e180a92a-2d0e-4f91-9b78-eba85a114eec/alex_20240424081102_482414cc-6571-403c-b1d6-95a1936795bd
DEBUG StatusLogger Building Plugin[name=, class=org.apache.hadoop.hive.ql.log.LogDivertAppenderForTest$TestFilter].
DEBUG StatusLogger createFilter()
DEBUG StatusLogger Building Plugin[name=, class=org.apache.logging.log4j.core.layout.PatternLayout].
DEBUG StatusLogger PatternLayout$Builder(Replace=null, disableAnsi="null", charset="null", Configuration(HiveLog4j2Test), pattern="%-5p : %m%n", alwaysWriteExceptions="null", header="null", footer="null", noConsoleNoAnsi="null", PatternSelector=null)
DEBUG StatusLogger Building Plugin[name=appender, class=org.apache.hadoop.hive.ql.log.HushableRandomAccessFileAppender].
DEBUG StatusLogger createAppender(fileName="/home/alex/Repositories/hive/beeline/target/tmp/alex/operation_logs/e180a92a-2d0e-4f91-9b78-eba85a114eec/alex_20240424081102_482414cc-6571-403c-b1d6-95a1936795bd.test", append="null", name="test-query-file-appender", immediateFlush="null", bufferSize="null", ignoreExceptions="null", PatternLayout(org.apache.logging.log4j.core.layout.PatternLayout with name PatternLayout), test-filter(org.apache.hadoop.hive.ql.log.LogDivertAppenderForTest$TestFilter with name test-filter), advertise="null", advertiseURI="null", Configuration(HiveLog4j2Test))
DEBUG StatusLogger Starting RandomAccessFileManager /home/alex/Repositories/hive/beeline/target/tmp/alex/operation_logs/e180a92a-2d0e-4f91-9b78-eba85a114eec/alex_20240424081102_482414cc-6571-403c-b1d6-95a1936795bd.test
2024-04-24T08:11:02,869  INFO [e180a92a-2d0e-4f91-9b78-eba85a114eec main] operation.HiveCommandOperation: [opType=EXECUTE_STATEMENT, queryId=alex_20240424081102_482414cc-6571-403c-b1d6-95a1936795bd, startTime=1713971462857, sessionId=e180a92a-2d0e-4f91-9b78-eba85a114eec, createTime=1713971462782, userName=null, ipAddress=null]
2024-04-24T08:11:02,989  INFO [e180a92a-2d0e-4f91-9b78-eba85a114eec main] common.LogUtils: Unregistered logging context.
2024-04-24T08:11:02,992  INFO [e180a92a-2d0e-4f91-9b78-eba85a114eec main] operation.OperationManager: Closing operation: OperationHandle [opType=EXECUTE_STATEMENT, getHandleIdentifier()=9550253c-07ab-4b5a-8d86-44cfad7382fa]
2024-04-24T08:11:02,992  INFO [e180a92a-2d0e-4f91-9b78-eba85a114eec main] operation.OperationManager: Removed queryId: alex_20240424081102_482414cc-6571-403c-b1d6-95a1936795bd corresponding to operation: OperationHandle [opType=EXECUTE_STATEMENT, getHandleIdentifier()=9550253c-07ab-4b5a-8d86-44cfad7382fa] with tag: null
2024-04-24T08:11:02,993  INFO [e180a92a-2d0e-4f91-9b78-eba85a114eec main] operation.HiveCommandOperation: Closing operation log /home/alex/Repositories/hive/beeline/target/tmp/alex/operation_logs/e180a92a-2d0e-4f91-9b78-eba85a114eec/alex_20240424081102_482414cc-6571-403c-b1d6-95a1936795bd without delay
2024-04-24T08:11:03,004  INFO [e180a92a-2d0e-4f91-9b78-eba85a114eec main] session.HiveSessionImpl: executing show tables
2024-04-24T08:11:03,005  INFO [e180a92a-2d0e-4f91-9b78-eba85a114eec main] operation.OperationManager: Adding operation: OperationHandle [opType=EXECUTE_STATEMENT, getHandleIdentifier()=597e6d90-5613-4e35-8020-e1728acdb789] SessionHandle [e180a92a-2d0e-4f91-9b78-eba85a114eec]
2024-04-24T08:11:03,006  INFO [e180a92a-2d0e-4f91-9b78-eba85a114eec main] common.LogUtils: Thread context registration is done.
DEBUG StatusLogger Building Plugin[name=filter, class=org.apache.hadoop.hive.ql.log.LogDivertAppender$NameFilter].
DEBUG StatusLogger createFilter(loggingLevel="EXECUTION")
DEBUG StatusLogger Building Plugin[name=layout, class=org.apache.logging.log4j.core.layout.PatternLayout].
DEBUG StatusLogger PatternLayout$Builder(noConsoleNoAnsi="null", footer="null", Configuration(HiveLog4j2Test), pattern="%-5p : %m%n", alwaysWriteExceptions="null", PatternSelector=null, disableAnsi="null", charset="null", header="null", Replace=null)
DEBUG StatusLogger Building Plugin[name=appender, class=org.apache.hadoop.hive.ql.log.HushableRandomAccessFileAppender].
DEBUG StatusLogger createAppender(fileName="/home/alex/Repositories/hive/beeline/target/tmp/alex/operation_logs/e180a92a-2d0e-4f91-9b78-eba85a114eec/alex_20240424081103_947264bc-07b2-4cd6-9680-df5415b16f12", append="null", name="query-file-appender", immediateFlush="null", bufferSize="null", ignoreExceptions="null", PatternLayout(org.apache.logging.log4j.core.layout.PatternLayout with name PatternLayout), NameFilter(org.apache.hadoop.hive.ql.log.LogDivertAppender$NameFilter with name NameFilter), advertise="null", advertiseURI="null", Configuration(HiveLog4j2Test))
DEBUG StatusLogger Starting RandomAccessFileManager /home/alex/Repositories/hive/beeline/target/tmp/alex/operation_logs/e180a92a-2d0e-4f91-9b78-eba85a114eec/alex_20240424081103_947264bc-07b2-4cd6-9680-df5415b16f12
DEBUG StatusLogger Building Plugin[name=, class=org.apache.hadoop.hive.ql.log.LogDivertAppenderForTest$TestFilter].
DEBUG StatusLogger createFilter()
DEBUG StatusLogger Building Plugin[name=, class=org.apache.logging.log4j.core.layout.PatternLayout].
DEBUG StatusLogger PatternLayout$Builder(PatternSelector=null, disableAnsi="null", pattern="%-5p : %m%n", footer="null", header="null", noConsoleNoAnsi="null", Configuration(HiveLog4j2Test), charset="null", alwaysWriteExceptions="null", Replace=null)
DEBUG StatusLogger Building Plugin[name=appender, class=org.apache.hadoop.hive.ql.log.HushableRandomAccessFileAppender].
DEBUG StatusLogger createAppender(fileName="/home/alex/Repositories/hive/beeline/target/tmp/alex/operation_logs/e180a92a-2d0e-4f91-9b78-eba85a114eec/alex_20240424081103_947264bc-07b2-4cd6-9680-df5415b16f12.test", append="null", name="test-query-file-appender", immediateFlush="null", bufferSize="null", ignoreExceptions="null", PatternLayout(org.apache.logging.log4j.core.layout.PatternLayout with name PatternLayout), test-filter(org.apache.hadoop.hive.ql.log.LogDivertAppenderForTest$TestFilter with name test-filter), advertise="null", advertiseURI="null", Configuration(HiveLog4j2Test))
DEBUG StatusLogger Starting RandomAccessFileManager /home/alex/Repositories/hive/beeline/target/tmp/alex/operation_logs/e180a92a-2d0e-4f91-9b78-eba85a114eec/alex_20240424081103_947264bc-07b2-4cd6-9680-df5415b16f12.test
2024-04-24T08:11:03,017  INFO [e180a92a-2d0e-4f91-9b78-eba85a114eec main] operation.SQLOperation: [opType=EXECUTE_STATEMENT, queryId=alex_20240424081103_947264bc-07b2-4cd6-9680-df5415b16f12, startTime=1713971463004, sessionId=e180a92a-2d0e-4f91-9b78-eba85a114eec, createTime=1713971462782, userName=null, ipAddress=null]
2024-04-24T08:11:03,018  INFO [e180a92a-2d0e-4f91-9b78-eba85a114eec main] ql.Driver: Compiling command(queryId=alex_20240424081103_947264bc-07b2-4cd6-9680-df5415b16f12): show tables
2024-04-24T08:11:03,019  INFO [e180a92a-2d0e-4f91-9b78-eba85a114eec main] metastore.HiveMetaStoreClient: HMS client filtering is enabled.
2024-04-24T08:11:03,021  INFO [e180a92a-2d0e-4f91-9b78-eba85a114eec main] metastore.HMSHandler: 0: Opening raw store with implementation class:org.apache.hadoop.hive.metastore.ObjectStore
2024-04-24T08:11:03,021  INFO [e180a92a-2d0e-4f91-9b78-eba85a114eec main] metastore.PersistenceManagerProvider: Configuration datanucleus.autoStartMechanismMode is not set. Defaulting to 'ignored'
2024-04-24T08:11:03,022  INFO [e180a92a-2d0e-4f91-9b78-eba85a114eec main] metastore.ObjectStore: RawStore: org.apache.hadoop.hive.metastore.ObjectStore@3db1ce78, with PersistenceManager: null will be shutdown
2024-04-24T08:11:03,022  INFO [e180a92a-2d0e-4f91-9b78-eba85a114eec main] metastore.ObjectStore: RawStore: org.apache.hadoop.hive.metastore.ObjectStore@3db1ce78, with PersistenceManager: org.datanucleus.api.jdo.JDOPersistenceManager@3a3ad8e7 created in the thread with id: 1
2024-04-24T08:11:03,026  INFO [e180a92a-2d0e-4f91-9b78-eba85a114eec main] metastore.HMSHandler: Created RawStore: org.apache.hadoop.hive.metastore.ObjectStore@3db1ce78 from thread id: 1
2024-04-24T08:11:03,027  INFO [e180a92a-2d0e-4f91-9b78-eba85a114eec main] metastore.HMSHandler: HMS server filtering is disabled by configuration
2024-04-24T08:11:03,027  INFO [e180a92a-2d0e-4f91-9b78-eba85a114eec main] metastore.RetryingMetaStoreClient: RetryingMetaStoreClient proxy=class org.apache.hadoop.hive.ql.metadata.SessionHiveMetaStoreClient ugi=alex (auth:SIMPLE) retries=1 delay=1 lifetime=0
2024-04-24T08:11:03,031  INFO [e180a92a-2d0e-4f91-9b78-eba85a114eec main] HiveMetaStore.audit: ugi=alex	ip=unknown-ip-addr	cmd=get_database: default	
2024-04-24T08:11:03,033  INFO [e180a92a-2d0e-4f91-9b78-eba85a114eec main] ql.Driver: Semantic Analysis Completed (retrial = false)
2024-04-24T08:11:03,034  INFO [e180a92a-2d0e-4f91-9b78-eba85a114eec main] ql.Driver: Created Hive schema: Schema(fieldSchemas:[FieldSchema(name:tab_name, type:string, comment:from deserializer)], properties:null)
2024-04-24T08:11:03,035  INFO [e180a92a-2d0e-4f91-9b78-eba85a114eec main] exec.ListSinkOperator: Initializing Operator: LIST_SINK[0]
2024-04-24T08:11:03,036  INFO [e180a92a-2d0e-4f91-9b78-eba85a114eec main] metadata.Hive: Dumping metastore api call timing information for : compilation phase
2024-04-24T08:11:03,036  INFO [e180a92a-2d0e-4f91-9b78-eba85a114eec main] metadata.Hive: Total time spent in each metastore function (ms): {getDatabase_(String)=2, flushCache_()=0, isCompatibleWith_(Configuration)=0}
2024-04-24T08:11:03,036  INFO [e180a92a-2d0e-4f91-9b78-eba85a114eec main] ql.Driver: Completed compiling command(queryId=alex_20240424081103_947264bc-07b2-4cd6-9680-df5415b16f12); Time taken: 0.018 seconds
2024-04-24T08:11:03,037  INFO [HiveServer2-Background-Pool: Thread-196] common.LogUtils: Thread context registration is done.
2024-04-24T08:11:03,037  INFO [e180a92a-2d0e-4f91-9b78-eba85a114eec main] common.LogUtils: Unregistered logging context.
2024-04-24T08:11:03,037  INFO [HiveServer2-Background-Pool: Thread-196] reexec.ReExecDriver: Execution #1 of query
2024-04-24T08:11:03,038  INFO [HiveServer2-Background-Pool: Thread-196] ql.Driver: Concurrency mode is disabled, not creating a lock manager
2024-04-24T08:11:03,038  INFO [HiveServer2-Background-Pool: Thread-196] ql.Driver: Executing command(queryId=alex_20240424081103_947264bc-07b2-4cd6-9680-df5415b16f12): show tables
2024-04-24T08:11:03,039  INFO [HiveServer2-Background-Pool: Thread-196] ql.Driver: Starting task [Stage-0:DDL] in serial mode
2024-04-24T08:11:03,040  INFO [HiveServer2-Background-Pool: Thread-196] HiveMetaStore.audit: ugi=alex	ip=unknown-ip-addr	cmd=get_database: default	
2024-04-24T08:11:03,042  INFO [HiveServer2-Background-Pool: Thread-196] metastore.HMSHandler: 8: Opening raw store with implementation class:org.apache.hadoop.hive.metastore.ObjectStore
2024-04-24T08:11:03,043  INFO [HiveServer2-Background-Pool: Thread-196] metastore.ObjectStore: RawStore: org.apache.hadoop.hive.metastore.ObjectStore@454f66f4, with PersistenceManager: null will be shutdown
2024-04-24T08:11:03,043  INFO [HiveServer2-Background-Pool: Thread-196] metastore.ObjectStore: RawStore: org.apache.hadoop.hive.metastore.ObjectStore@454f66f4, with PersistenceManager: org.datanucleus.api.jdo.JDOPersistenceManager@4df039 created in the thread with id: 196
2024-04-24T08:11:03,047  INFO [HiveServer2-Background-Pool: Thread-196] metastore.HMSHandler: Created RawStore: org.apache.hadoop.hive.metastore.ObjectStore@454f66f4 from thread id: 196
2024-04-24T08:11:03,050  INFO [HiveServer2-Background-Pool: Thread-196] HiveMetaStore.audit: ugi=alex	ip=unknown-ip-addr	cmd=get_multi_table : db=default tbls=null	
2024-04-24T08:11:03,054  INFO [HiveServer2-Background-Pool: Thread-196] sqlstd.SQLStdHiveAccessController: Created SQLStdHiveAccessController for session context : HiveAuthzSessionContext [sessionString=e180a92a-2d0e-4f91-9b78-eba85a114eec, clientType=HIVESERVER2]
2024-04-24T08:11:03,061  INFO [HiveServer2-Background-Pool: Thread-196] metadata.Hive: Dumping metastore api call timing information for : execution phase
2024-04-24T08:11:03,061  INFO [HiveServer2-Background-Pool: Thread-196] metadata.Hive: Total time spent in each metastore function (ms): {getTables_(String, String)=6, getDatabase_(String)=8, isCompatibleWith_(Configuration)=0}
2024-04-24T08:11:03,061  INFO [HiveServer2-Background-Pool: Thread-196] ql.Driver: Completed executing command(queryId=alex_20240424081103_947264bc-07b2-4cd6-9680-df5415b16f12); Time taken: 0.023 seconds
2024-04-24T08:11:03,062  INFO [HiveServer2-Background-Pool: Thread-196] common.LogUtils: Unregistered logging context.
2024-04-24T08:11:03,065  INFO [e180a92a-2d0e-4f91-9b78-eba85a114eec main] operation.OperationManager: Closing operation: OperationHandle [opType=EXECUTE_STATEMENT, getHandleIdentifier()=597e6d90-5613-4e35-8020-e1728acdb789]
2024-04-24T08:11:03,065  INFO [e180a92a-2d0e-4f91-9b78-eba85a114eec main] operation.OperationManager: Removed queryId: alex_20240424081103_947264bc-07b2-4cd6-9680-df5415b16f12 corresponding to operation: OperationHandle [opType=EXECUTE_STATEMENT, getHandleIdentifier()=597e6d90-5613-4e35-8020-e1728acdb789] with tag: null
2024-04-24T08:11:03,065  INFO [e180a92a-2d0e-4f91-9b78-eba85a114eec main] ql.Context: Deleting scratch dir: file:/home/alex/Repositories/hive/beeline/target/tmp/alex/e180a92a-2d0e-4f91-9b78-eba85a114eec/hive_2024-04-24_08-11-03_018_2144412659397495014-1
2024-04-24T08:11:03,065  INFO [e180a92a-2d0e-4f91-9b78-eba85a114eec main] cleanup.EventualCleanupService: Delete file:/home/alex/Repositories/hive/beeline/target/tmp/alex/e180a92a-2d0e-4f91-9b78-eba85a114eec/hive_2024-04-24_08-11-03_018_2144412659397495014-1 operation was queued
2024-04-24T08:11:03,065  INFO [e180a92a-2d0e-4f91-9b78-eba85a114eec main] exec.ListSinkOperator: Closing Operator: LIST_SINK[0]
2024-04-24T08:11:03,065  INFO [e180a92a-2d0e-4f91-9b78-eba85a114eec main] exec.ListSinkOperator: RECORDS_OUT_INTERMEDIATE:0, RECORDS_OUT_OPERATOR_LIST_SINK_0:0, 
2024-04-24T08:11:03,065  INFO [e180a92a-2d0e-4f91-9b78-eba85a114eec main] operation.SQLOperation: Closing operation log /home/alex/Repositories/hive/beeline/target/tmp/alex/operation_logs/e180a92a-2d0e-4f91-9b78-eba85a114eec/alex_20240424081103_947264bc-07b2-4cd6-9680-df5415b16f12 without delay
2024-04-24T08:11:03,065  INFO [EventualCleanupService thread 0] cleanup.EventualCleanupService: Deleted file:/home/alex/Repositories/hive/beeline/target/tmp/alex/e180a92a-2d0e-4f91-9b78-eba85a114eec/hive_2024-04-24_08-11-03_018_2144412659397495014-1
2024-04-24T08:11:03,073  INFO [main] service.CompositeService: Session closed, SessionHandle [e180a92a-2d0e-4f91-9b78-eba85a114eec], current sessions:0
2024-04-24T08:11:03,074  INFO [e180a92a-2d0e-4f91-9b78-eba85a114eec main] session.HiveSessionImpl: Operation log session directory is deleted: /home/alex/Repositories/hive/beeline/target/tmp/alex/operation_logs/e180a92a-2d0e-4f91-9b78-eba85a114eec
2024-04-24T08:11:03,075  INFO [main] cleanup.EventualCleanupService: Delete /tmp/hive/alex/e180a92a-2d0e-4f91-9b78-eba85a114eec operation was queued
2024-04-24T08:11:03,075  INFO [main] cleanup.EventualCleanupService: Delete /home/alex/Repositories/hive/beeline/target/tmp/alex/e180a92a-2d0e-4f91-9b78-eba85a114eec operation was queued
2024-04-24T08:11:03,075  INFO [EventualCleanupService thread 1] cleanup.EventualCleanupService: Deleted /tmp/hive/alex/e180a92a-2d0e-4f91-9b78-eba85a114eec
2024-04-24T08:11:03,075  INFO [EventualCleanupService thread 2] cleanup.EventualCleanupService: Deleted /home/alex/Repositories/hive/beeline/target/tmp/alex/e180a92a-2d0e-4f91-9b78-eba85a114eec
2024-04-24T08:11:03,076  INFO [main] HiveMetaStore.audit: ugi=alex	ip=unknown-ip-addr	cmd=Cleaning up thread local RawStore...	
2024-04-24T08:11:03,076  INFO [main] metastore.ObjectStore: RawStore: org.apache.hadoop.hive.metastore.ObjectStore@3db1ce78, with PersistenceManager: org.datanucleus.api.jdo.JDOPersistenceManager@3a3ad8e7 will be shutdown
2024-04-24T08:11:03,076  INFO [main] HiveMetaStore.audit: ugi=alex	ip=unknown-ip-addr	cmd=Done cleaning up thread local RawStore	
2024-04-24T08:11:03,076  INFO [main] metastore.HiveMetaStoreClient: Closed a connection to metastore, current connections: -10
]]></system-err>
  </testcase>
  <testcase name="testHelp" classname="org.apache.hive.beeline.cli.TestHiveCli" time="0.003"/>
  <testcase name="testSourceCmd" classname="org.apache.hive.beeline.cli.TestHiveCli" time="0.61">
    <failure type="java.lang.AssertionError"><![CDATA[java.lang.AssertionError: The expected keyword "sc1" occur in the output: 
	at org.junit.Assert.fail(Assert.java:89)
	at org.junit.Assert.assertTrue(Assert.java:42)
	at org.apache.hive.beeline.cli.TestHiveCli.verifyCMD(TestHiveCli.java:270)
	at org.apache.hive.beeline.cli.TestHiveCli.testSourceCmd(TestHiveCli.java:114)
	at sun.reflect.NativeMethodAccessorImpl.invoke0(Native Method)
	at sun.reflect.NativeMethodAccessorImpl.invoke(NativeMethodAccessorImpl.java:62)
	at sun.reflect.DelegatingMethodAccessorImpl.invoke(DelegatingMethodAccessorImpl.java:43)
	at java.lang.reflect.Method.invoke(Method.java:498)
	at org.junit.runners.model.FrameworkMethod$1.runReflectiveCall(FrameworkMethod.java:59)
	at org.junit.internal.runners.model.ReflectiveCallable.run(ReflectiveCallable.java:12)
	at org.junit.runners.model.FrameworkMethod.invokeExplosively(FrameworkMethod.java:56)
	at org.junit.internal.runners.statements.InvokeMethod.evaluate(InvokeMethod.java:17)
	at org.junit.internal.runners.statements.RunBefores.evaluate(RunBefores.java:26)
	at org.junit.internal.runners.statements.RunAfters.evaluate(RunAfters.java:27)
	at org.junit.runners.ParentRunner$3.evaluate(ParentRunner.java:306)
	at org.junit.runners.BlockJUnit4ClassRunner$1.evaluate(BlockJUnit4ClassRunner.java:100)
	at org.junit.runners.ParentRunner.runLeaf(ParentRunner.java:366)
	at org.junit.runners.BlockJUnit4ClassRunner.runChild(BlockJUnit4ClassRunner.java:103)
	at org.junit.runners.BlockJUnit4ClassRunner.runChild(BlockJUnit4ClassRunner.java:63)
	at org.junit.runners.ParentRunner$4.run(ParentRunner.java:331)
	at org.junit.runners.ParentRunner$1.schedule(ParentRunner.java:79)
	at org.junit.runners.ParentRunner.runChildren(ParentRunner.java:329)
	at org.junit.runners.ParentRunner.access$100(ParentRunner.java:66)
	at org.junit.runners.ParentRunner$2.evaluate(ParentRunner.java:293)
	at org.junit.internal.runners.statements.RunBefores.evaluate(RunBefores.java:26)
	at org.junit.runners.ParentRunner$3.evaluate(ParentRunner.java:306)
	at org.junit.runners.ParentRunner.run(ParentRunner.java:413)
	at org.junit.runner.JUnitCore.run(JUnitCore.java:137)
	at org.junit.runner.JUnitCore.run(JUnitCore.java:115)
	at org.junit.vintage.engine.execution.RunnerExecutor.execute(RunnerExecutor.java:43)
	at java.util.stream.ForEachOps$ForEachOp$OfRef.accept(ForEachOps.java:183)
	at java.util.stream.ReferencePipeline$3$1.accept(ReferencePipeline.java:193)
	at java.util.Iterator.forEachRemaining(Iterator.java:116)
	at java.util.Spliterators$IteratorSpliterator.forEachRemaining(Spliterators.java:1801)
	at java.util.stream.AbstractPipeline.copyInto(AbstractPipeline.java:482)
	at java.util.stream.AbstractPipeline.wrapAndCopyInto(AbstractPipeline.java:472)
	at java.util.stream.ForEachOps$ForEachOp.evaluateSequential(ForEachOps.java:150)
	at java.util.stream.ForEachOps$ForEachOp$OfRef.evaluateSequential(ForEachOps.java:173)
	at java.util.stream.AbstractPipeline.evaluate(AbstractPipeline.java:234)
	at java.util.stream.ReferencePipeline.forEach(ReferencePipeline.java:485)
	at org.junit.vintage.engine.VintageTestEngine.executeAllChildren(VintageTestEngine.java:82)
	at org.junit.vintage.engine.VintageTestEngine.execute(VintageTestEngine.java:73)
	at org.junit.platform.launcher.core.DefaultLauncher.execute(DefaultLauncher.java:248)
	at org.junit.platform.launcher.core.DefaultLauncher.lambda$execute$5(DefaultLauncher.java:211)
	at org.junit.platform.launcher.core.DefaultLauncher.withInterceptedStreams(DefaultLauncher.java:226)
	at org.junit.platform.launcher.core.DefaultLauncher.execute(DefaultLauncher.java:199)
	at org.junit.platform.launcher.core.DefaultLauncher.execute(DefaultLauncher.java:132)
	at org.apache.maven.surefire.junitplatform.JUnitPlatformProvider.invokeAllTests(JUnitPlatformProvider.java:154)
	at org.apache.maven.surefire.junitplatform.JUnitPlatformProvider.invoke(JUnitPlatformProvider.java:123)
	at org.apache.maven.surefire.booter.ForkedBooter.runSuitesInProcess(ForkedBooter.java:377)
	at org.apache.maven.surefire.booter.ForkedBooter.execute(ForkedBooter.java:138)
	at org.apache.maven.surefire.booter.ForkedBooter.run(ForkedBooter.java:465)
	at org.apache.maven.surefire.booter.ForkedBooter.main(ForkedBooter.java:451)
]]></failure>
    <system-err><![CDATA[2024-04-24T08:11:03,081 ERROR [main] cli.TestHiveCli: Failed to execute command due to the error: java.lang.NullPointerException: Null output stream
2024-04-24T08:11:03,138  WARN [main] conf.HiveConf: HiveConf of name hive.dummyparam.test.server.specific.config.metastoresite does not exist
2024-04-24T08:11:03,138  WARN [main] conf.HiveConf: HiveConf of name hive.dummyparam.test.server.specific.config.override does not exist
2024-04-24T08:11:03,138  WARN [main] conf.HiveConf: HiveConf of name hive.dummyparam.test.server.specific.config.hiveserver2site does not exist
2024-04-24T08:11:03,139  INFO [main] SessionState: Hive Session ID = 8afd1d6a-b4ac-4cee-ab03-06af38f79cf1
2024-04-24T08:11:03,139  INFO [main] DependencyResolver: ivysettings.xml file not found in HIVE_HOME or HIVE_CONF_DIR,/home/alex/Repositories/hive/conf/ivysettings.xml will be used
2024-04-24T08:11:03,146  INFO [main] session.SessionState: Created HDFS directory: /tmp/hive/alex/8afd1d6a-b4ac-4cee-ab03-06af38f79cf1
2024-04-24T08:11:03,150  INFO [main] session.SessionState: Created local directory: /home/alex/Repositories/hive/beeline/target/tmp/alex/8afd1d6a-b4ac-4cee-ab03-06af38f79cf1
2024-04-24T08:11:03,154  INFO [main] session.SessionState: Created HDFS directory: /tmp/hive/alex/8afd1d6a-b4ac-4cee-ab03-06af38f79cf1/_tmp_space.db
2024-04-24T08:11:03,155  INFO [main] sqlstd.SQLStdHiveAccessController: Created SQLStdHiveAccessController for session context : HiveAuthzSessionContext [sessionString=8afd1d6a-b4ac-4cee-ab03-06af38f79cf1, clientType=HIVESERVER2]
2024-04-24T08:11:03,156  INFO [main] metastore.HiveMetaStoreClient: HMS client filtering is enabled.
2024-04-24T08:11:03,157  INFO [main] metastore.HMSHandler: 0: Opening raw store with implementation class:org.apache.hadoop.hive.metastore.ObjectStore
2024-04-24T08:11:03,157  INFO [main] metastore.PersistenceManagerProvider: Configuration datanucleus.autoStartMechanismMode is not set. Defaulting to 'ignored'
2024-04-24T08:11:03,158  INFO [main] metastore.ObjectStore: RawStore: org.apache.hadoop.hive.metastore.ObjectStore@16e195cf, with PersistenceManager: null will be shutdown
2024-04-24T08:11:03,159  INFO [main] metastore.ObjectStore: RawStore: org.apache.hadoop.hive.metastore.ObjectStore@16e195cf, with PersistenceManager: org.datanucleus.api.jdo.JDOPersistenceManager@3212d853 created in the thread with id: 1
2024-04-24T08:11:03,163  INFO [main] metastore.HMSHandler: Created RawStore: org.apache.hadoop.hive.metastore.ObjectStore@16e195cf from thread id: 1
2024-04-24T08:11:03,163  INFO [main] metastore.HMSHandler: HMS server filtering is disabled by configuration
2024-04-24T08:11:03,163  INFO [main] metastore.RetryingMetaStoreClient: RetryingMetaStoreClient proxy=class org.apache.hadoop.hive.ql.metadata.SessionHiveMetaStoreClient ugi=alex (auth:SIMPLE) retries=1 delay=1 lifetime=0
2024-04-24T08:11:03,164  INFO [main] service.CompositeService: Operation log root directory is created: /home/alex/Repositories/hive/beeline/target/tmp/alex/operation_logs
2024-04-24T08:11:03,164  INFO [main] service.CompositeService: HiveServer2: Background operation thread pool size: 100
2024-04-24T08:11:03,164  INFO [main] service.CompositeService: HiveServer2: Background operation thread wait queue size: 100
2024-04-24T08:11:03,164  INFO [main] service.CompositeService: HiveServer2: Background operation thread keepalive time: 10 seconds
2024-04-24T08:11:03,164  INFO [main] service.CompositeService: Connections limit are user: 0 ipaddress: 0 user-ipaddress: 0
2024-04-24T08:11:03,165  INFO [main] cleanup.EventualCleanupService: EventualCleanupService started with 10 threads and queue of size 10000
ERROR StatusLogger Log4j2 ConfigurationScheduler attempted to increment scheduled items after start
ERROR StatusLogger Log4j2 ConfigurationScheduler attempted to increment scheduled items after start
2024-04-24T08:11:03,167  INFO [main] service.AbstractService: Service:OperationManager is inited.
2024-04-24T08:11:03,167  INFO [main] service.AbstractService: Service:SessionManager is inited.
2024-04-24T08:11:03,167  INFO [main] service.AbstractService: Service:CLIService is inited.
2024-04-24T08:11:03,167  INFO [main] service.AbstractService: Service:OperationManager is started.
2024-04-24T08:11:03,167  INFO [main] service.AbstractService: Service:SessionManager is started.
2024-04-24T08:11:03,168  INFO [main] service.AbstractService: Service:CLIService is started.
2024-04-24T08:11:03,168  INFO [main] service.AbstractService: Service:ThriftBinaryCLIService is inited.
2024-04-24T08:11:03,168  INFO [main] thrift.ThriftCLIService: Client protocol version: HIVE_CLI_SERVICE_PROTOCOL_V10
2024-04-24T08:11:03,168  INFO [main] thrift.ThriftCLIService: Creating Hive session handle for user [null] from IP null
2024-04-24T08:11:03,170  INFO [main] DependencyResolver: ivysettings.xml file not found in HIVE_HOME or HIVE_CONF_DIR,/home/alex/Repositories/hive/conf/ivysettings.xml will be used
2024-04-24T08:11:03,178  INFO [main] session.SessionState: Created HDFS directory: /tmp/hive/alex/7896ddf3-5396-4d02-b650-880f36db6c38
2024-04-24T08:11:03,182  INFO [main] session.SessionState: Created local directory: /home/alex/Repositories/hive/beeline/target/tmp/alex/7896ddf3-5396-4d02-b650-880f36db6c38
2024-04-24T08:11:03,185  INFO [main] session.SessionState: Created HDFS directory: /tmp/hive/alex/7896ddf3-5396-4d02-b650-880f36db6c38/_tmp_space.db
2024-04-24T08:11:03,185  INFO [main] session.SessionState: Reloading auxiliary JAR files
2024-04-24T08:11:03,185  WARN [main] session.SessionState: Configuration hive.reloadable.aux.jars.path not specified
2024-04-24T08:11:03,186  INFO [main] HiveMetaStore.audit: ugi=alex	ip=unknown-ip-addr	cmd=Cleaning up thread local RawStore...	
2024-04-24T08:11:03,186  INFO [main] metastore.ObjectStore: RawStore: org.apache.hadoop.hive.metastore.ObjectStore@16e195cf, with PersistenceManager: org.datanucleus.api.jdo.JDOPersistenceManager@3212d853 will be shutdown
2024-04-24T08:11:03,186  INFO [main] HiveMetaStore.audit: ugi=alex	ip=unknown-ip-addr	cmd=Done cleaning up thread local RawStore	
2024-04-24T08:11:03,186  INFO [main] metastore.HiveMetaStoreClient: Closed a connection to metastore, current connections: -11
2024-04-24T08:11:03,186  INFO [main] session.HiveSessionImpl: Operation log session directory is created: /home/alex/Repositories/hive/beeline/target/tmp/alex/operation_logs/7896ddf3-5396-4d02-b650-880f36db6c38
2024-04-24T08:11:03,186  INFO [main] service.CompositeService: Session opened, SessionHandle [7896ddf3-5396-4d02-b650-880f36db6c38], current sessions:1
2024-04-24T08:11:03,186  INFO [main] thrift.ThriftCLIService: Login attempt is successful for user : null
2024-04-24T08:11:03,244  WARN [main] conf.HiveConf: HiveConf of name hive.dummyparam.test.server.specific.config.hiveserver2site does not exist
2024-04-24T08:11:03,244  WARN [main] conf.HiveConf: HiveConf of name hive.dummyparam.test.server.specific.config.metastoresite does not exist
2024-04-24T08:11:03,245  WARN [main] conf.HiveConf: HiveConf of name hive.dummyparam.test.server.specific.config.override does not exist
2024-04-24T08:11:03,245  INFO [7896ddf3-5396-4d02-b650-880f36db6c38 main] session.HiveSessionImpl: executing set
2024-04-24T08:11:03,247  INFO [7896ddf3-5396-4d02-b650-880f36db6c38 main] operation.HiveCommandOperation: Putting temp output to file /home/alex/Repositories/hive/beeline/target/tmp/alex/7896ddf3-5396-4d02-b650-880f36db6c387970070136631677552.pipeout and error output to file /home/alex/Repositories/hive/beeline/target/tmp/alex/7896ddf3-5396-4d02-b650-880f36db6c383238077425798173350.pipeout
2024-04-24T08:11:03,247  INFO [7896ddf3-5396-4d02-b650-880f36db6c38 main] operation.OperationManager: Adding operation: OperationHandle [opType=EXECUTE_STATEMENT, getHandleIdentifier()=77cf03c1-1b9d-4745-89a7-39b3f6e6c47b] SessionHandle [7896ddf3-5396-4d02-b650-880f36db6c38]
2024-04-24T08:11:03,247  INFO [7896ddf3-5396-4d02-b650-880f36db6c38 main] common.LogUtils: Thread context registration is done.
DEBUG StatusLogger Building Plugin[name=filter, class=org.apache.hadoop.hive.ql.log.LogDivertAppender$NameFilter].
DEBUG StatusLogger createFilter(loggingLevel="EXECUTION")
DEBUG StatusLogger Building Plugin[name=layout, class=org.apache.logging.log4j.core.layout.PatternLayout].
DEBUG StatusLogger PatternLayout$Builder(alwaysWriteExceptions="null", PatternSelector=null, footer="null", charset="null", Configuration(HiveLog4j2Test), header="null", Replace=null, noConsoleNoAnsi="null", pattern="%-5p : %m%n", disableAnsi="null")
DEBUG StatusLogger Building Plugin[name=appender, class=org.apache.hadoop.hive.ql.log.HushableRandomAccessFileAppender].
DEBUG StatusLogger createAppender(fileName="/home/alex/Repositories/hive/beeline/target/tmp/alex/operation_logs/7896ddf3-5396-4d02-b650-880f36db6c38/alex_20240424081103_ec033f37-f00a-4a87-acb6-43175a22e6c3", append="null", name="query-file-appender", immediateFlush="null", bufferSize="null", ignoreExceptions="null", PatternLayout(org.apache.logging.log4j.core.layout.PatternLayout with name PatternLayout), NameFilter(org.apache.hadoop.hive.ql.log.LogDivertAppender$NameFilter with name NameFilter), advertise="null", advertiseURI="null", Configuration(HiveLog4j2Test))
DEBUG StatusLogger Starting RandomAccessFileManager /home/alex/Repositories/hive/beeline/target/tmp/alex/operation_logs/7896ddf3-5396-4d02-b650-880f36db6c38/alex_20240424081103_ec033f37-f00a-4a87-acb6-43175a22e6c3
DEBUG StatusLogger Building Plugin[name=, class=org.apache.hadoop.hive.ql.log.LogDivertAppenderForTest$TestFilter].
DEBUG StatusLogger createFilter()
DEBUG StatusLogger Building Plugin[name=, class=org.apache.logging.log4j.core.layout.PatternLayout].
DEBUG StatusLogger PatternLayout$Builder(noConsoleNoAnsi="null", Configuration(HiveLog4j2Test), PatternSelector=null, pattern="%-5p : %m%n", Replace=null, alwaysWriteExceptions="null", footer="null", disableAnsi="null", header="null", charset="null")
DEBUG StatusLogger Building Plugin[name=appender, class=org.apache.hadoop.hive.ql.log.HushableRandomAccessFileAppender].
DEBUG StatusLogger createAppender(fileName="/home/alex/Repositories/hive/beeline/target/tmp/alex/operation_logs/7896ddf3-5396-4d02-b650-880f36db6c38/alex_20240424081103_ec033f37-f00a-4a87-acb6-43175a22e6c3.test", append="null", name="test-query-file-appender", immediateFlush="null", bufferSize="null", ignoreExceptions="null", PatternLayout(org.apache.logging.log4j.core.layout.PatternLayout with name PatternLayout), test-filter(org.apache.hadoop.hive.ql.log.LogDivertAppenderForTest$TestFilter with name test-filter), advertise="null", advertiseURI="null", Configuration(HiveLog4j2Test))
DEBUG StatusLogger Starting RandomAccessFileManager /home/alex/Repositories/hive/beeline/target/tmp/alex/operation_logs/7896ddf3-5396-4d02-b650-880f36db6c38/alex_20240424081103_ec033f37-f00a-4a87-acb6-43175a22e6c3.test
2024-04-24T08:11:03,259  INFO [7896ddf3-5396-4d02-b650-880f36db6c38 main] operation.HiveCommandOperation: [opType=EXECUTE_STATEMENT, queryId=alex_20240424081103_ec033f37-f00a-4a87-acb6-43175a22e6c3, startTime=1713971463245, sessionId=7896ddf3-5396-4d02-b650-880f36db6c38, createTime=1713971463168, userName=null, ipAddress=null]
2024-04-24T08:11:03,378  INFO [7896ddf3-5396-4d02-b650-880f36db6c38 main] common.LogUtils: Unregistered logging context.
2024-04-24T08:11:03,381  INFO [7896ddf3-5396-4d02-b650-880f36db6c38 main] operation.OperationManager: Closing operation: OperationHandle [opType=EXECUTE_STATEMENT, getHandleIdentifier()=77cf03c1-1b9d-4745-89a7-39b3f6e6c47b]
2024-04-24T08:11:03,381  INFO [7896ddf3-5396-4d02-b650-880f36db6c38 main] operation.OperationManager: Removed queryId: alex_20240424081103_ec033f37-f00a-4a87-acb6-43175a22e6c3 corresponding to operation: OperationHandle [opType=EXECUTE_STATEMENT, getHandleIdentifier()=77cf03c1-1b9d-4745-89a7-39b3f6e6c47b] with tag: null
2024-04-24T08:11:03,382  INFO [7896ddf3-5396-4d02-b650-880f36db6c38 main] operation.HiveCommandOperation: Closing operation log /home/alex/Repositories/hive/beeline/target/tmp/alex/operation_logs/7896ddf3-5396-4d02-b650-880f36db6c38/alex_20240424081103_ec033f37-f00a-4a87-acb6-43175a22e6c3 without delay
2024-04-24T08:11:03,384  INFO [7896ddf3-5396-4d02-b650-880f36db6c38 main] session.HiveSessionImpl: executing use test
2024-04-24T08:11:03,386  INFO [7896ddf3-5396-4d02-b650-880f36db6c38 main] operation.OperationManager: Adding operation: OperationHandle [opType=EXECUTE_STATEMENT, getHandleIdentifier()=4831540e-1553-4926-b02b-ca4bb1647827] SessionHandle [7896ddf3-5396-4d02-b650-880f36db6c38]
2024-04-24T08:11:03,386  INFO [7896ddf3-5396-4d02-b650-880f36db6c38 main] common.LogUtils: Thread context registration is done.
DEBUG StatusLogger Building Plugin[name=filter, class=org.apache.hadoop.hive.ql.log.LogDivertAppender$NameFilter].
DEBUG StatusLogger createFilter(loggingLevel="EXECUTION")
DEBUG StatusLogger Building Plugin[name=layout, class=org.apache.logging.log4j.core.layout.PatternLayout].
DEBUG StatusLogger PatternLayout$Builder(footer="null", noConsoleNoAnsi="null", disableAnsi="null", charset="null", Configuration(HiveLog4j2Test), PatternSelector=null, header="null", alwaysWriteExceptions="null", pattern="%-5p : %m%n", Replace=null)
DEBUG StatusLogger Building Plugin[name=appender, class=org.apache.hadoop.hive.ql.log.HushableRandomAccessFileAppender].
DEBUG StatusLogger createAppender(fileName="/home/alex/Repositories/hive/beeline/target/tmp/alex/operation_logs/7896ddf3-5396-4d02-b650-880f36db6c38/alex_20240424081103_14e7b641-babb-461d-862b-8b245bd9b2e6", append="null", name="query-file-appender", immediateFlush="null", bufferSize="null", ignoreExceptions="null", PatternLayout(org.apache.logging.log4j.core.layout.PatternLayout with name PatternLayout), NameFilter(org.apache.hadoop.hive.ql.log.LogDivertAppender$NameFilter with name NameFilter), advertise="null", advertiseURI="null", Configuration(HiveLog4j2Test))
DEBUG StatusLogger Starting RandomAccessFileManager /home/alex/Repositories/hive/beeline/target/tmp/alex/operation_logs/7896ddf3-5396-4d02-b650-880f36db6c38/alex_20240424081103_14e7b641-babb-461d-862b-8b245bd9b2e6
DEBUG StatusLogger Building Plugin[name=, class=org.apache.hadoop.hive.ql.log.LogDivertAppenderForTest$TestFilter].
DEBUG StatusLogger createFilter()
DEBUG StatusLogger Building Plugin[name=, class=org.apache.logging.log4j.core.layout.PatternLayout].
DEBUG StatusLogger PatternLayout$Builder(PatternSelector=null, pattern="%-5p : %m%n", noConsoleNoAnsi="null", charset="null", footer="null", Configuration(HiveLog4j2Test), disableAnsi="null", header="null", alwaysWriteExceptions="null", Replace=null)
DEBUG StatusLogger Building Plugin[name=appender, class=org.apache.hadoop.hive.ql.log.HushableRandomAccessFileAppender].
DEBUG StatusLogger createAppender(fileName="/home/alex/Repositories/hive/beeline/target/tmp/alex/operation_logs/7896ddf3-5396-4d02-b650-880f36db6c38/alex_20240424081103_14e7b641-babb-461d-862b-8b245bd9b2e6.test", append="null", name="test-query-file-appender", immediateFlush="null", bufferSize="null", ignoreExceptions="null", PatternLayout(org.apache.logging.log4j.core.layout.PatternLayout with name PatternLayout), test-filter(org.apache.hadoop.hive.ql.log.LogDivertAppenderForTest$TestFilter with name test-filter), advertise="null", advertiseURI="null", Configuration(HiveLog4j2Test))
DEBUG StatusLogger Starting RandomAccessFileManager /home/alex/Repositories/hive/beeline/target/tmp/alex/operation_logs/7896ddf3-5396-4d02-b650-880f36db6c38/alex_20240424081103_14e7b641-babb-461d-862b-8b245bd9b2e6.test
2024-04-24T08:11:03,394  INFO [7896ddf3-5396-4d02-b650-880f36db6c38 main] operation.SQLOperation: [opType=EXECUTE_STATEMENT, queryId=alex_20240424081103_14e7b641-babb-461d-862b-8b245bd9b2e6, startTime=1713971463385, sessionId=7896ddf3-5396-4d02-b650-880f36db6c38, createTime=1713971463168, userName=null, ipAddress=null]
2024-04-24T08:11:03,396  INFO [7896ddf3-5396-4d02-b650-880f36db6c38 main] ql.Driver: Compiling command(queryId=alex_20240424081103_14e7b641-babb-461d-862b-8b245bd9b2e6): use test
2024-04-24T08:11:03,397  INFO [7896ddf3-5396-4d02-b650-880f36db6c38 main] metastore.HiveMetaStoreClient: HMS client filtering is enabled.
2024-04-24T08:11:03,399  INFO [7896ddf3-5396-4d02-b650-880f36db6c38 main] metastore.HMSHandler: 0: Opening raw store with implementation class:org.apache.hadoop.hive.metastore.ObjectStore
2024-04-24T08:11:03,399  INFO [7896ddf3-5396-4d02-b650-880f36db6c38 main] metastore.PersistenceManagerProvider: Configuration datanucleus.autoStartMechanismMode is not set. Defaulting to 'ignored'
2024-04-24T08:11:03,399  INFO [7896ddf3-5396-4d02-b650-880f36db6c38 main] metastore.ObjectStore: RawStore: org.apache.hadoop.hive.metastore.ObjectStore@595fed99, with PersistenceManager: null will be shutdown
2024-04-24T08:11:03,400  INFO [7896ddf3-5396-4d02-b650-880f36db6c38 main] metastore.ObjectStore: RawStore: org.apache.hadoop.hive.metastore.ObjectStore@595fed99, with PersistenceManager: org.datanucleus.api.jdo.JDOPersistenceManager@7d522180 created in the thread with id: 1
2024-04-24T08:11:03,403  INFO [7896ddf3-5396-4d02-b650-880f36db6c38 main] metastore.HMSHandler: Created RawStore: org.apache.hadoop.hive.metastore.ObjectStore@595fed99 from thread id: 1
2024-04-24T08:11:03,404  INFO [7896ddf3-5396-4d02-b650-880f36db6c38 main] metastore.HMSHandler: HMS server filtering is disabled by configuration
2024-04-24T08:11:03,404  INFO [7896ddf3-5396-4d02-b650-880f36db6c38 main] metastore.RetryingMetaStoreClient: RetryingMetaStoreClient proxy=class org.apache.hadoop.hive.ql.metadata.SessionHiveMetaStoreClient ugi=alex (auth:SIMPLE) retries=1 delay=1 lifetime=0
2024-04-24T08:11:03,405  INFO [7896ddf3-5396-4d02-b650-880f36db6c38 main] HiveMetaStore.audit: ugi=alex	ip=unknown-ip-addr	cmd=get_database: test	
2024-04-24T08:11:03,407  INFO [7896ddf3-5396-4d02-b650-880f36db6c38 main] ql.Driver: Semantic Analysis Completed (retrial = false)
2024-04-24T08:11:03,407  INFO [7896ddf3-5396-4d02-b650-880f36db6c38 main] ql.Driver: Created Hive schema: Schema(fieldSchemas:null, properties:null)
2024-04-24T08:11:03,408  INFO [7896ddf3-5396-4d02-b650-880f36db6c38 main] metadata.Hive: Dumping metastore api call timing information for : compilation phase
2024-04-24T08:11:03,408  INFO [7896ddf3-5396-4d02-b650-880f36db6c38 main] metadata.Hive: Total time spent in each metastore function (ms): {isCompatibleWith_(Configuration)=0, getDatabase_(String)=2, flushCache_()=0}
2024-04-24T08:11:03,408  INFO [7896ddf3-5396-4d02-b650-880f36db6c38 main] ql.Driver: Completed compiling command(queryId=alex_20240424081103_14e7b641-babb-461d-862b-8b245bd9b2e6); Time taken: 0.011 seconds
2024-04-24T08:11:03,409  INFO [HiveServer2-Background-Pool: Thread-222] common.LogUtils: Thread context registration is done.
2024-04-24T08:11:03,409  INFO [7896ddf3-5396-4d02-b650-880f36db6c38 main] common.LogUtils: Unregistered logging context.
2024-04-24T08:11:03,409  INFO [HiveServer2-Background-Pool: Thread-222] reexec.ReExecDriver: Execution #1 of query
2024-04-24T08:11:03,410  INFO [HiveServer2-Background-Pool: Thread-222] ql.Driver: Concurrency mode is disabled, not creating a lock manager
2024-04-24T08:11:03,410  INFO [HiveServer2-Background-Pool: Thread-222] ql.Driver: Executing command(queryId=alex_20240424081103_14e7b641-babb-461d-862b-8b245bd9b2e6): use test
2024-04-24T08:11:03,411  INFO [HiveServer2-Background-Pool: Thread-222] ql.Driver: Starting task [Stage-0:DDL] in serial mode
2024-04-24T08:11:03,413  INFO [HiveServer2-Background-Pool: Thread-222] HiveMetaStore.audit: ugi=alex	ip=unknown-ip-addr	cmd=get_database: test	
2024-04-24T08:11:03,415  INFO [HiveServer2-Background-Pool: Thread-222] metastore.HMSHandler: 9: Opening raw store with implementation class:org.apache.hadoop.hive.metastore.ObjectStore
2024-04-24T08:11:03,416  INFO [HiveServer2-Background-Pool: Thread-222] metastore.ObjectStore: RawStore: org.apache.hadoop.hive.metastore.ObjectStore@1cef0d34, with PersistenceManager: null will be shutdown
2024-04-24T08:11:03,416  INFO [HiveServer2-Background-Pool: Thread-222] metastore.ObjectStore: RawStore: org.apache.hadoop.hive.metastore.ObjectStore@1cef0d34, with PersistenceManager: org.datanucleus.api.jdo.JDOPersistenceManager@59ed90cd created in the thread with id: 222
2024-04-24T08:11:03,419  INFO [HiveServer2-Background-Pool: Thread-222] metastore.HMSHandler: Created RawStore: org.apache.hadoop.hive.metastore.ObjectStore@1cef0d34 from thread id: 222
2024-04-24T08:11:03,421  INFO [HiveServer2-Background-Pool: Thread-222] HiveMetaStore.audit: ugi=alex	ip=unknown-ip-addr	cmd=get_database: test	
2024-04-24T08:11:03,423  INFO [HiveServer2-Background-Pool: Thread-222] metadata.Hive: Dumping metastore api call timing information for : execution phase
2024-04-24T08:11:03,423  INFO [HiveServer2-Background-Pool: Thread-222] metadata.Hive: Total time spent in each metastore function (ms): {isCompatibleWith_(Configuration)=0, getDatabase_(String)=11}
2024-04-24T08:11:03,423  INFO [HiveServer2-Background-Pool: Thread-222] ql.Driver: Completed executing command(queryId=alex_20240424081103_14e7b641-babb-461d-862b-8b245bd9b2e6); Time taken: 0.013 seconds
2024-04-24T08:11:03,424  INFO [HiveServer2-Background-Pool: Thread-222] common.LogUtils: Unregistered logging context.
2024-04-24T08:11:03,427  INFO [7896ddf3-5396-4d02-b650-880f36db6c38 main] operation.OperationManager: Closing operation: OperationHandle [opType=EXECUTE_STATEMENT, getHandleIdentifier()=4831540e-1553-4926-b02b-ca4bb1647827]
2024-04-24T08:11:03,427  INFO [7896ddf3-5396-4d02-b650-880f36db6c38 main] operation.OperationManager: Removed queryId: alex_20240424081103_14e7b641-babb-461d-862b-8b245bd9b2e6 corresponding to operation: OperationHandle [opType=EXECUTE_STATEMENT, getHandleIdentifier()=4831540e-1553-4926-b02b-ca4bb1647827] with tag: null
2024-04-24T08:11:03,427  INFO [7896ddf3-5396-4d02-b650-880f36db6c38 main] operation.SQLOperation: Closing operation log /home/alex/Repositories/hive/beeline/target/tmp/alex/operation_logs/7896ddf3-5396-4d02-b650-880f36db6c38/alex_20240424081103_14e7b641-babb-461d-862b-8b245bd9b2e6 without delay
2024-04-24T08:11:03,505  WARN [main] conf.HiveConf: HiveConf of name hive.dummyparam.test.server.specific.config.hiveserver2site does not exist
2024-04-24T08:11:03,506  WARN [main] conf.HiveConf: HiveConf of name hive.dummyparam.test.server.specific.config.override does not exist
2024-04-24T08:11:03,506  WARN [main] conf.HiveConf: HiveConf of name hive.dummyparam.test.server.specific.config.metastoresite does not exist
2024-04-24T08:11:03,506  INFO [7896ddf3-5396-4d02-b650-880f36db6c38 main] session.HiveSessionImpl: executing set
2024-04-24T08:11:03,507  INFO [7896ddf3-5396-4d02-b650-880f36db6c38 main] operation.HiveCommandOperation: Putting temp output to file /home/alex/Repositories/hive/beeline/target/tmp/alex/7896ddf3-5396-4d02-b650-880f36db6c387970070136631677552.pipeout and error output to file /home/alex/Repositories/hive/beeline/target/tmp/alex/7896ddf3-5396-4d02-b650-880f36db6c383238077425798173350.pipeout
2024-04-24T08:11:03,508  INFO [7896ddf3-5396-4d02-b650-880f36db6c38 main] operation.OperationManager: Adding operation: OperationHandle [opType=EXECUTE_STATEMENT, getHandleIdentifier()=8b7d0e15-fb20-4f88-be6c-6cf8a8a09c15] SessionHandle [7896ddf3-5396-4d02-b650-880f36db6c38]
2024-04-24T08:11:03,508  INFO [7896ddf3-5396-4d02-b650-880f36db6c38 main] common.LogUtils: Thread context registration is done.
DEBUG StatusLogger Building Plugin[name=filter, class=org.apache.hadoop.hive.ql.log.LogDivertAppender$NameFilter].
DEBUG StatusLogger createFilter(loggingLevel="EXECUTION")
DEBUG StatusLogger Building Plugin[name=layout, class=org.apache.logging.log4j.core.layout.PatternLayout].
DEBUG StatusLogger PatternLayout$Builder(Replace=null, Configuration(HiveLog4j2Test), pattern="%-5p : %m%n", noConsoleNoAnsi="null", header="null", alwaysWriteExceptions="null", disableAnsi="null", charset="null", PatternSelector=null, footer="null")
DEBUG StatusLogger Building Plugin[name=appender, class=org.apache.hadoop.hive.ql.log.HushableRandomAccessFileAppender].
DEBUG StatusLogger createAppender(fileName="/home/alex/Repositories/hive/beeline/target/tmp/alex/operation_logs/7896ddf3-5396-4d02-b650-880f36db6c38/alex_20240424081103_c6019d2b-d024-4b2a-8d22-092b1a591648", append="null", name="query-file-appender", immediateFlush="null", bufferSize="null", ignoreExceptions="null", PatternLayout(org.apache.logging.log4j.core.layout.PatternLayout with name PatternLayout), NameFilter(org.apache.hadoop.hive.ql.log.LogDivertAppender$NameFilter with name NameFilter), advertise="null", advertiseURI="null", Configuration(HiveLog4j2Test))
DEBUG StatusLogger Starting RandomAccessFileManager /home/alex/Repositories/hive/beeline/target/tmp/alex/operation_logs/7896ddf3-5396-4d02-b650-880f36db6c38/alex_20240424081103_c6019d2b-d024-4b2a-8d22-092b1a591648
DEBUG StatusLogger Building Plugin[name=, class=org.apache.hadoop.hive.ql.log.LogDivertAppenderForTest$TestFilter].
DEBUG StatusLogger createFilter()
DEBUG StatusLogger Building Plugin[name=, class=org.apache.logging.log4j.core.layout.PatternLayout].
DEBUG StatusLogger PatternLayout$Builder(PatternSelector=null, charset="null", Configuration(HiveLog4j2Test), noConsoleNoAnsi="null", footer="null", disableAnsi="null", pattern="%-5p : %m%n", alwaysWriteExceptions="null", Replace=null, header="null")
DEBUG StatusLogger Building Plugin[name=appender, class=org.apache.hadoop.hive.ql.log.HushableRandomAccessFileAppender].
DEBUG StatusLogger createAppender(fileName="/home/alex/Repositories/hive/beeline/target/tmp/alex/operation_logs/7896ddf3-5396-4d02-b650-880f36db6c38/alex_20240424081103_c6019d2b-d024-4b2a-8d22-092b1a591648.test", append="null", name="test-query-file-appender", immediateFlush="null", bufferSize="null", ignoreExceptions="null", PatternLayout(org.apache.logging.log4j.core.layout.PatternLayout with name PatternLayout), test-filter(org.apache.hadoop.hive.ql.log.LogDivertAppenderForTest$TestFilter with name test-filter), advertise="null", advertiseURI="null", Configuration(HiveLog4j2Test))
DEBUG StatusLogger Starting RandomAccessFileManager /home/alex/Repositories/hive/beeline/target/tmp/alex/operation_logs/7896ddf3-5396-4d02-b650-880f36db6c38/alex_20240424081103_c6019d2b-d024-4b2a-8d22-092b1a591648.test
2024-04-24T08:11:03,516  INFO [7896ddf3-5396-4d02-b650-880f36db6c38 main] operation.HiveCommandOperation: [opType=EXECUTE_STATEMENT, queryId=alex_20240424081103_c6019d2b-d024-4b2a-8d22-092b1a591648, startTime=1713971463507, sessionId=7896ddf3-5396-4d02-b650-880f36db6c38, createTime=1713971463168, userName=null, ipAddress=null]
2024-04-24T08:11:03,631  INFO [7896ddf3-5396-4d02-b650-880f36db6c38 main] common.LogUtils: Unregistered logging context.
2024-04-24T08:11:03,635  INFO [7896ddf3-5396-4d02-b650-880f36db6c38 main] operation.OperationManager: Closing operation: OperationHandle [opType=EXECUTE_STATEMENT, getHandleIdentifier()=8b7d0e15-fb20-4f88-be6c-6cf8a8a09c15]
2024-04-24T08:11:03,635  INFO [7896ddf3-5396-4d02-b650-880f36db6c38 main] operation.OperationManager: Removed queryId: alex_20240424081103_c6019d2b-d024-4b2a-8d22-092b1a591648 corresponding to operation: OperationHandle [opType=EXECUTE_STATEMENT, getHandleIdentifier()=8b7d0e15-fb20-4f88-be6c-6cf8a8a09c15] with tag: null
2024-04-24T08:11:03,635  INFO [7896ddf3-5396-4d02-b650-880f36db6c38 main] operation.HiveCommandOperation: Closing operation log /home/alex/Repositories/hive/beeline/target/tmp/alex/operation_logs/7896ddf3-5396-4d02-b650-880f36db6c38/alex_20240424081103_c6019d2b-d024-4b2a-8d22-092b1a591648 without delay
2024-04-24T08:11:03,637  INFO [7896ddf3-5396-4d02-b650-880f36db6c38 main] session.HiveSessionImpl: executing create table if not exists test.testSrcTbl(sc1 string)
2024-04-24T08:11:03,639  INFO [7896ddf3-5396-4d02-b650-880f36db6c38 main] operation.OperationManager: Adding operation: OperationHandle [opType=EXECUTE_STATEMENT, getHandleIdentifier()=d8a47c32-fa74-4d51-8dd7-575a899d67c3] SessionHandle [7896ddf3-5396-4d02-b650-880f36db6c38]
2024-04-24T08:11:03,640  INFO [7896ddf3-5396-4d02-b650-880f36db6c38 main] common.LogUtils: Thread context registration is done.
DEBUG StatusLogger Building Plugin[name=filter, class=org.apache.hadoop.hive.ql.log.LogDivertAppender$NameFilter].
DEBUG StatusLogger createFilter(loggingLevel="EXECUTION")
DEBUG StatusLogger Building Plugin[name=layout, class=org.apache.logging.log4j.core.layout.PatternLayout].
DEBUG StatusLogger PatternLayout$Builder(PatternSelector=null, Configuration(HiveLog4j2Test), header="null", pattern="%-5p : %m%n", Replace=null, alwaysWriteExceptions="null", disableAnsi="null", charset="null", noConsoleNoAnsi="null", footer="null")
DEBUG StatusLogger Building Plugin[name=appender, class=org.apache.hadoop.hive.ql.log.HushableRandomAccessFileAppender].
DEBUG StatusLogger createAppender(fileName="/home/alex/Repositories/hive/beeline/target/tmp/alex/operation_logs/7896ddf3-5396-4d02-b650-880f36db6c38/alex_20240424081103_4f4af5ad-1777-4005-9748-daabe7fb4d7b", append="null", name="query-file-appender", immediateFlush="null", bufferSize="null", ignoreExceptions="null", PatternLayout(org.apache.logging.log4j.core.layout.PatternLayout with name PatternLayout), NameFilter(org.apache.hadoop.hive.ql.log.LogDivertAppender$NameFilter with name NameFilter), advertise="null", advertiseURI="null", Configuration(HiveLog4j2Test))
DEBUG StatusLogger Starting RandomAccessFileManager /home/alex/Repositories/hive/beeline/target/tmp/alex/operation_logs/7896ddf3-5396-4d02-b650-880f36db6c38/alex_20240424081103_4f4af5ad-1777-4005-9748-daabe7fb4d7b
DEBUG StatusLogger Building Plugin[name=, class=org.apache.hadoop.hive.ql.log.LogDivertAppenderForTest$TestFilter].
DEBUG StatusLogger createFilter()
DEBUG StatusLogger Building Plugin[name=, class=org.apache.logging.log4j.core.layout.PatternLayout].
DEBUG StatusLogger PatternLayout$Builder(Replace=null, header="null", alwaysWriteExceptions="null", footer="null", PatternSelector=null, noConsoleNoAnsi="null", Configuration(HiveLog4j2Test), charset="null", disableAnsi="null", pattern="%-5p : %m%n")
DEBUG StatusLogger Building Plugin[name=appender, class=org.apache.hadoop.hive.ql.log.HushableRandomAccessFileAppender].
DEBUG StatusLogger createAppender(fileName="/home/alex/Repositories/hive/beeline/target/tmp/alex/operation_logs/7896ddf3-5396-4d02-b650-880f36db6c38/alex_20240424081103_4f4af5ad-1777-4005-9748-daabe7fb4d7b.test", append="null", name="test-query-file-appender", immediateFlush="null", bufferSize="null", ignoreExceptions="null", PatternLayout(org.apache.logging.log4j.core.layout.PatternLayout with name PatternLayout), test-filter(org.apache.hadoop.hive.ql.log.LogDivertAppenderForTest$TestFilter with name test-filter), advertise="null", advertiseURI="null", Configuration(HiveLog4j2Test))
DEBUG StatusLogger Starting RandomAccessFileManager /home/alex/Repositories/hive/beeline/target/tmp/alex/operation_logs/7896ddf3-5396-4d02-b650-880f36db6c38/alex_20240424081103_4f4af5ad-1777-4005-9748-daabe7fb4d7b.test
2024-04-24T08:11:03,650  INFO [7896ddf3-5396-4d02-b650-880f36db6c38 main] operation.SQLOperation: [opType=EXECUTE_STATEMENT, queryId=alex_20240424081103_4f4af5ad-1777-4005-9748-daabe7fb4d7b, startTime=1713971463638, sessionId=7896ddf3-5396-4d02-b650-880f36db6c38, createTime=1713971463168, userName=null, ipAddress=null]
2024-04-24T08:11:03,651  INFO [7896ddf3-5396-4d02-b650-880f36db6c38 main] ql.Driver: Compiling command(queryId=alex_20240424081103_4f4af5ad-1777-4005-9748-daabe7fb4d7b): create table if not exists test.testSrcTbl(sc1 string)
2024-04-24T08:11:03,652  INFO [7896ddf3-5396-4d02-b650-880f36db6c38 main] parse.CalcitePlanner: Starting caching scope for: alex_20240424081103_4f4af5ad-1777-4005-9748-daabe7fb4d7b
2024-04-24T08:11:03,652  INFO [7896ddf3-5396-4d02-b650-880f36db6c38 main] parse.CalcitePlanner: Starting Semantic Analysis
2024-04-24T08:11:03,652  INFO [7896ddf3-5396-4d02-b650-880f36db6c38 main] sqlstd.SQLStdHiveAccessController: Created SQLStdHiveAccessController for session context : HiveAuthzSessionContext [sessionString=7896ddf3-5396-4d02-b650-880f36db6c38, clientType=HIVESERVER2]
2024-04-24T08:11:03,652  INFO [7896ddf3-5396-4d02-b650-880f36db6c38 main] parse.CalcitePlanner: Creating table test.testSrcTbl position=27
2024-04-24T08:11:03,653  INFO [7896ddf3-5396-4d02-b650-880f36db6c38 main] HiveMetaStore.audit: ugi=alex	ip=unknown-ip-addr	cmd=get_table : tbl=hive.test.testSrcTbl	
2024-04-24T08:11:03,676  INFO [7896ddf3-5396-4d02-b650-880f36db6c38 main] parse.CalcitePlanner: Ending caching scope for: alex_20240424081103_4f4af5ad-1777-4005-9748-daabe7fb4d7b
2024-04-24T08:11:03,676  INFO [7896ddf3-5396-4d02-b650-880f36db6c38 main] ql.Driver: Semantic Analysis Completed (retrial = false)
2024-04-24T08:11:03,676  INFO [7896ddf3-5396-4d02-b650-880f36db6c38 main] ql.Driver: Created Hive schema: Schema(fieldSchemas:null, properties:null)
2024-04-24T08:11:03,677  INFO [7896ddf3-5396-4d02-b650-880f36db6c38 main] metadata.Hive: Dumping metastore api call timing information for : compilation phase
2024-04-24T08:11:03,677  INFO [7896ddf3-5396-4d02-b650-880f36db6c38 main] metadata.Hive: Total time spent in each metastore function (ms): {isCompatibleWith_(Configuration)=1, getTable_(GetTableRequest)=24, flushCache_()=0}
2024-04-24T08:11:03,677  INFO [7896ddf3-5396-4d02-b650-880f36db6c38 main] ql.Driver: Completed compiling command(queryId=alex_20240424081103_4f4af5ad-1777-4005-9748-daabe7fb4d7b); Time taken: 0.026 seconds
2024-04-24T08:11:03,678  INFO [HiveServer2-Background-Pool: Thread-225] common.LogUtils: Thread context registration is done.
2024-04-24T08:11:03,678  INFO [7896ddf3-5396-4d02-b650-880f36db6c38 main] common.LogUtils: Unregistered logging context.
2024-04-24T08:11:03,678  INFO [HiveServer2-Background-Pool: Thread-225] reexec.ReExecDriver: Execution #1 of query
2024-04-24T08:11:03,679  INFO [HiveServer2-Background-Pool: Thread-225] ql.Driver: Concurrency mode is disabled, not creating a lock manager
2024-04-24T08:11:03,679  INFO [HiveServer2-Background-Pool: Thread-225] ql.Driver: Executing command(queryId=alex_20240424081103_4f4af5ad-1777-4005-9748-daabe7fb4d7b): create table if not exists test.testSrcTbl(sc1 string)
2024-04-24T08:11:03,680  INFO [HiveServer2-Background-Pool: Thread-225] metadata.Hive: Dumping metastore api call timing information for : execution phase
2024-04-24T08:11:03,680  INFO [HiveServer2-Background-Pool: Thread-225] metadata.Hive: Total time spent in each metastore function (ms): {}
2024-04-24T08:11:03,680  INFO [HiveServer2-Background-Pool: Thread-225] ql.Driver: Completed executing command(queryId=alex_20240424081103_4f4af5ad-1777-4005-9748-daabe7fb4d7b); Time taken: 0.001 seconds
2024-04-24T08:11:03,681  INFO [HiveServer2-Background-Pool: Thread-225] common.LogUtils: Unregistered logging context.
2024-04-24T08:11:03,682  INFO [7896ddf3-5396-4d02-b650-880f36db6c38 main] operation.OperationManager: Closing operation: OperationHandle [opType=EXECUTE_STATEMENT, getHandleIdentifier()=d8a47c32-fa74-4d51-8dd7-575a899d67c3]
2024-04-24T08:11:03,682  INFO [7896ddf3-5396-4d02-b650-880f36db6c38 main] operation.OperationManager: Removed queryId: alex_20240424081103_4f4af5ad-1777-4005-9748-daabe7fb4d7b corresponding to operation: OperationHandle [opType=EXECUTE_STATEMENT, getHandleIdentifier()=d8a47c32-fa74-4d51-8dd7-575a899d67c3] with tag: null
2024-04-24T08:11:03,683  INFO [7896ddf3-5396-4d02-b650-880f36db6c38 main] operation.SQLOperation: Closing operation log /home/alex/Repositories/hive/beeline/target/tmp/alex/operation_logs/7896ddf3-5396-4d02-b650-880f36db6c38/alex_20240424081103_4f4af5ad-1777-4005-9748-daabe7fb4d7b without delay
2024-04-24T08:11:03,687  INFO [main] service.CompositeService: Session closed, SessionHandle [7896ddf3-5396-4d02-b650-880f36db6c38], current sessions:0
2024-04-24T08:11:03,687  INFO [7896ddf3-5396-4d02-b650-880f36db6c38 main] session.HiveSessionImpl: Operation log session directory is deleted: /home/alex/Repositories/hive/beeline/target/tmp/alex/operation_logs/7896ddf3-5396-4d02-b650-880f36db6c38
2024-04-24T08:11:03,688  INFO [main] cleanup.EventualCleanupService: Delete /tmp/hive/alex/7896ddf3-5396-4d02-b650-880f36db6c38 operation was queued
2024-04-24T08:11:03,688  INFO [main] cleanup.EventualCleanupService: Delete /home/alex/Repositories/hive/beeline/target/tmp/alex/7896ddf3-5396-4d02-b650-880f36db6c38 operation was queued
2024-04-24T08:11:03,688  INFO [EventualCleanupService thread 0] cleanup.EventualCleanupService: Deleted /tmp/hive/alex/7896ddf3-5396-4d02-b650-880f36db6c38
2024-04-24T08:11:03,688  INFO [EventualCleanupService thread 1] cleanup.EventualCleanupService: Deleted /home/alex/Repositories/hive/beeline/target/tmp/alex/7896ddf3-5396-4d02-b650-880f36db6c38
2024-04-24T08:11:03,689  INFO [main] HiveMetaStore.audit: ugi=alex	ip=unknown-ip-addr	cmd=Cleaning up thread local RawStore...	
2024-04-24T08:11:03,689  INFO [main] metastore.ObjectStore: RawStore: org.apache.hadoop.hive.metastore.ObjectStore@595fed99, with PersistenceManager: org.datanucleus.api.jdo.JDOPersistenceManager@7d522180 will be shutdown
2024-04-24T08:11:03,690  INFO [main] HiveMetaStore.audit: ugi=alex	ip=unknown-ip-addr	cmd=Done cleaning up thread local RawStore	
2024-04-24T08:11:03,690  INFO [main] metastore.HiveMetaStoreClient: Closed a connection to metastore, current connections: -12
]]></system-err>
  </testcase>
  <testcase name="testSqlFromCmdWithDBName" classname="org.apache.hive.beeline.cli.TestHiveCli" time="0.393">
    <failure type="java.lang.AssertionError"><![CDATA[java.lang.AssertionError: Supported return code is 0 while the actual is 1
	at org.junit.Assert.fail(Assert.java:89)
	at org.apache.hive.beeline.cli.TestHiveCli.executeCMD(TestHiveCli.java:256)
	at org.apache.hive.beeline.cli.TestHiveCli.verifyCMD(TestHiveCli.java:266)
	at org.apache.hive.beeline.cli.TestHiveCli.testSqlFromCmdWithDBName(TestHiveCli.java:166)
	at sun.reflect.NativeMethodAccessorImpl.invoke0(Native Method)
	at sun.reflect.NativeMethodAccessorImpl.invoke(NativeMethodAccessorImpl.java:62)
	at sun.reflect.DelegatingMethodAccessorImpl.invoke(DelegatingMethodAccessorImpl.java:43)
	at java.lang.reflect.Method.invoke(Method.java:498)
	at org.junit.runners.model.FrameworkMethod$1.runReflectiveCall(FrameworkMethod.java:59)
	at org.junit.internal.runners.model.ReflectiveCallable.run(ReflectiveCallable.java:12)
	at org.junit.runners.model.FrameworkMethod.invokeExplosively(FrameworkMethod.java:56)
	at org.junit.internal.runners.statements.InvokeMethod.evaluate(InvokeMethod.java:17)
	at org.junit.internal.runners.statements.RunBefores.evaluate(RunBefores.java:26)
	at org.junit.internal.runners.statements.RunAfters.evaluate(RunAfters.java:27)
	at org.junit.runners.ParentRunner$3.evaluate(ParentRunner.java:306)
	at org.junit.runners.BlockJUnit4ClassRunner$1.evaluate(BlockJUnit4ClassRunner.java:100)
	at org.junit.runners.ParentRunner.runLeaf(ParentRunner.java:366)
	at org.junit.runners.BlockJUnit4ClassRunner.runChild(BlockJUnit4ClassRunner.java:103)
	at org.junit.runners.BlockJUnit4ClassRunner.runChild(BlockJUnit4ClassRunner.java:63)
	at org.junit.runners.ParentRunner$4.run(ParentRunner.java:331)
	at org.junit.runners.ParentRunner$1.schedule(ParentRunner.java:79)
	at org.junit.runners.ParentRunner.runChildren(ParentRunner.java:329)
	at org.junit.runners.ParentRunner.access$100(ParentRunner.java:66)
	at org.junit.runners.ParentRunner$2.evaluate(ParentRunner.java:293)
	at org.junit.internal.runners.statements.RunBefores.evaluate(RunBefores.java:26)
	at org.junit.runners.ParentRunner$3.evaluate(ParentRunner.java:306)
	at org.junit.runners.ParentRunner.run(ParentRunner.java:413)
	at org.junit.runner.JUnitCore.run(JUnitCore.java:137)
	at org.junit.runner.JUnitCore.run(JUnitCore.java:115)
	at org.junit.vintage.engine.execution.RunnerExecutor.execute(RunnerExecutor.java:43)
	at java.util.stream.ForEachOps$ForEachOp$OfRef.accept(ForEachOps.java:183)
	at java.util.stream.ReferencePipeline$3$1.accept(ReferencePipeline.java:193)
	at java.util.Iterator.forEachRemaining(Iterator.java:116)
	at java.util.Spliterators$IteratorSpliterator.forEachRemaining(Spliterators.java:1801)
	at java.util.stream.AbstractPipeline.copyInto(AbstractPipeline.java:482)
	at java.util.stream.AbstractPipeline.wrapAndCopyInto(AbstractPipeline.java:472)
	at java.util.stream.ForEachOps$ForEachOp.evaluateSequential(ForEachOps.java:150)
	at java.util.stream.ForEachOps$ForEachOp$OfRef.evaluateSequential(ForEachOps.java:173)
	at java.util.stream.AbstractPipeline.evaluate(AbstractPipeline.java:234)
	at java.util.stream.ReferencePipeline.forEach(ReferencePipeline.java:485)
	at org.junit.vintage.engine.VintageTestEngine.executeAllChildren(VintageTestEngine.java:82)
	at org.junit.vintage.engine.VintageTestEngine.execute(VintageTestEngine.java:73)
	at org.junit.platform.launcher.core.DefaultLauncher.execute(DefaultLauncher.java:248)
	at org.junit.platform.launcher.core.DefaultLauncher.lambda$execute$5(DefaultLauncher.java:211)
	at org.junit.platform.launcher.core.DefaultLauncher.withInterceptedStreams(DefaultLauncher.java:226)
	at org.junit.platform.launcher.core.DefaultLauncher.execute(DefaultLauncher.java:199)
	at org.junit.platform.launcher.core.DefaultLauncher.execute(DefaultLauncher.java:132)
	at org.apache.maven.surefire.junitplatform.JUnitPlatformProvider.invokeAllTests(JUnitPlatformProvider.java:154)
	at org.apache.maven.surefire.junitplatform.JUnitPlatformProvider.invoke(JUnitPlatformProvider.java:123)
	at org.apache.maven.surefire.booter.ForkedBooter.runSuitesInProcess(ForkedBooter.java:377)
	at org.apache.maven.surefire.booter.ForkedBooter.execute(ForkedBooter.java:138)
	at org.apache.maven.surefire.booter.ForkedBooter.run(ForkedBooter.java:465)
	at org.apache.maven.surefire.booter.ForkedBooter.main(ForkedBooter.java:451)
]]></failure>
    <system-err><![CDATA[2024-04-24T08:11:03,691 ERROR [main] cli.TestHiveCli: Failed to execute command due to the error: java.lang.NullPointerException: Null output stream
2024-04-24T08:11:03,750  WARN [main] conf.HiveConf: HiveConf of name hive.dummyparam.test.server.specific.config.override does not exist
2024-04-24T08:11:03,750  WARN [main] conf.HiveConf: HiveConf of name hive.dummyparam.test.server.specific.config.metastoresite does not exist
2024-04-24T08:11:03,750  WARN [main] conf.HiveConf: HiveConf of name hive.dummyparam.test.server.specific.config.hiveserver2site does not exist
2024-04-24T08:11:03,751  INFO [main] SessionState: Hive Session ID = f5d298eb-9f30-4f1c-a3e1-57fe0988f3f6
2024-04-24T08:11:03,752  INFO [main] DependencyResolver: ivysettings.xml file not found in HIVE_HOME or HIVE_CONF_DIR,/home/alex/Repositories/hive/conf/ivysettings.xml will be used
2024-04-24T08:11:03,759  INFO [main] session.SessionState: Created HDFS directory: /tmp/hive/alex/f5d298eb-9f30-4f1c-a3e1-57fe0988f3f6
2024-04-24T08:11:03,762  INFO [main] session.SessionState: Created local directory: /home/alex/Repositories/hive/beeline/target/tmp/alex/f5d298eb-9f30-4f1c-a3e1-57fe0988f3f6
2024-04-24T08:11:03,765  INFO [main] session.SessionState: Created HDFS directory: /tmp/hive/alex/f5d298eb-9f30-4f1c-a3e1-57fe0988f3f6/_tmp_space.db
2024-04-24T08:11:03,766  INFO [main] sqlstd.SQLStdHiveAccessController: Created SQLStdHiveAccessController for session context : HiveAuthzSessionContext [sessionString=f5d298eb-9f30-4f1c-a3e1-57fe0988f3f6, clientType=HIVESERVER2]
2024-04-24T08:11:03,767  INFO [main] metastore.HiveMetaStoreClient: HMS client filtering is enabled.
2024-04-24T08:11:03,768  INFO [main] metastore.HMSHandler: 0: Opening raw store with implementation class:org.apache.hadoop.hive.metastore.ObjectStore
2024-04-24T08:11:03,768  INFO [main] metastore.PersistenceManagerProvider: Configuration datanucleus.autoStartMechanismMode is not set. Defaulting to 'ignored'
2024-04-24T08:11:03,768  INFO [main] metastore.ObjectStore: RawStore: org.apache.hadoop.hive.metastore.ObjectStore@5c9a4f3b, with PersistenceManager: null will be shutdown
2024-04-24T08:11:03,769  INFO [main] metastore.ObjectStore: RawStore: org.apache.hadoop.hive.metastore.ObjectStore@5c9a4f3b, with PersistenceManager: org.datanucleus.api.jdo.JDOPersistenceManager@2bb0e277 created in the thread with id: 1
2024-04-24T08:11:03,772  INFO [main] metastore.HMSHandler: Created RawStore: org.apache.hadoop.hive.metastore.ObjectStore@5c9a4f3b from thread id: 1
2024-04-24T08:11:03,772  INFO [main] metastore.HMSHandler: HMS server filtering is disabled by configuration
2024-04-24T08:11:03,773  INFO [main] metastore.RetryingMetaStoreClient: RetryingMetaStoreClient proxy=class org.apache.hadoop.hive.ql.metadata.SessionHiveMetaStoreClient ugi=alex (auth:SIMPLE) retries=1 delay=1 lifetime=0
2024-04-24T08:11:03,773  INFO [main] service.CompositeService: Operation log root directory is created: /home/alex/Repositories/hive/beeline/target/tmp/alex/operation_logs
2024-04-24T08:11:03,773  INFO [main] service.CompositeService: HiveServer2: Background operation thread pool size: 100
2024-04-24T08:11:03,774  INFO [main] service.CompositeService: HiveServer2: Background operation thread wait queue size: 100
2024-04-24T08:11:03,774  INFO [main] service.CompositeService: HiveServer2: Background operation thread keepalive time: 10 seconds
2024-04-24T08:11:03,774  INFO [main] service.CompositeService: Connections limit are user: 0 ipaddress: 0 user-ipaddress: 0
2024-04-24T08:11:03,775  INFO [main] cleanup.EventualCleanupService: EventualCleanupService started with 10 threads and queue of size 10000
ERROR StatusLogger Log4j2 ConfigurationScheduler attempted to increment scheduled items after start
ERROR StatusLogger Log4j2 ConfigurationScheduler attempted to increment scheduled items after start
2024-04-24T08:11:03,777  INFO [main] service.AbstractService: Service:OperationManager is inited.
2024-04-24T08:11:03,777  INFO [main] service.AbstractService: Service:SessionManager is inited.
2024-04-24T08:11:03,777  INFO [main] service.AbstractService: Service:CLIService is inited.
2024-04-24T08:11:03,777  INFO [main] service.AbstractService: Service:OperationManager is started.
2024-04-24T08:11:03,777  INFO [main] service.AbstractService: Service:SessionManager is started.
2024-04-24T08:11:03,777  INFO [main] service.AbstractService: Service:CLIService is started.
2024-04-24T08:11:03,778  INFO [main] service.AbstractService: Service:ThriftBinaryCLIService is inited.
2024-04-24T08:11:03,778  INFO [main] thrift.ThriftCLIService: Client protocol version: HIVE_CLI_SERVICE_PROTOCOL_V10
2024-04-24T08:11:03,778  INFO [main] thrift.ThriftCLIService: Creating Hive session handle for user [null] from IP null
2024-04-24T08:11:03,779  INFO [main] DependencyResolver: ivysettings.xml file not found in HIVE_HOME or HIVE_CONF_DIR,/home/alex/Repositories/hive/conf/ivysettings.xml will be used
2024-04-24T08:11:03,786  INFO [main] session.SessionState: Created HDFS directory: /tmp/hive/alex/50d7d772-6f43-4134-ae23-7bcab0ae8907
2024-04-24T08:11:03,789  INFO [main] session.SessionState: Created local directory: /home/alex/Repositories/hive/beeline/target/tmp/alex/50d7d772-6f43-4134-ae23-7bcab0ae8907
2024-04-24T08:11:03,792  INFO [main] session.SessionState: Created HDFS directory: /tmp/hive/alex/50d7d772-6f43-4134-ae23-7bcab0ae8907/_tmp_space.db
2024-04-24T08:11:03,792  INFO [main] session.SessionState: Reloading auxiliary JAR files
2024-04-24T08:11:03,792  WARN [main] session.SessionState: Configuration hive.reloadable.aux.jars.path not specified
2024-04-24T08:11:03,792  INFO [main] HiveMetaStore.audit: ugi=alex	ip=unknown-ip-addr	cmd=Cleaning up thread local RawStore...	
2024-04-24T08:11:03,792  INFO [main] metastore.ObjectStore: RawStore: org.apache.hadoop.hive.metastore.ObjectStore@5c9a4f3b, with PersistenceManager: org.datanucleus.api.jdo.JDOPersistenceManager@2bb0e277 will be shutdown
2024-04-24T08:11:03,792  INFO [main] HiveMetaStore.audit: ugi=alex	ip=unknown-ip-addr	cmd=Done cleaning up thread local RawStore	
2024-04-24T08:11:03,792  INFO [main] metastore.HiveMetaStoreClient: Closed a connection to metastore, current connections: -13
2024-04-24T08:11:03,792  INFO [main] session.HiveSessionImpl: Operation log session directory is created: /home/alex/Repositories/hive/beeline/target/tmp/alex/operation_logs/50d7d772-6f43-4134-ae23-7bcab0ae8907
2024-04-24T08:11:03,792  INFO [main] service.CompositeService: Session opened, SessionHandle [50d7d772-6f43-4134-ae23-7bcab0ae8907], current sessions:1
2024-04-24T08:11:03,793  INFO [main] thrift.ThriftCLIService: Login attempt is successful for user : null
2024-04-24T08:11:03,839  WARN [main] conf.HiveConf: HiveConf of name hive.dummyparam.test.server.specific.config.metastoresite does not exist
2024-04-24T08:11:03,840  WARN [main] conf.HiveConf: HiveConf of name hive.dummyparam.test.server.specific.config.hiveserver2site does not exist
2024-04-24T08:11:03,840  WARN [main] conf.HiveConf: HiveConf of name hive.dummyparam.test.server.specific.config.override does not exist
2024-04-24T08:11:03,840  INFO [50d7d772-6f43-4134-ae23-7bcab0ae8907 main] session.HiveSessionImpl: executing set
2024-04-24T08:11:03,841  INFO [50d7d772-6f43-4134-ae23-7bcab0ae8907 main] operation.HiveCommandOperation: Putting temp output to file /home/alex/Repositories/hive/beeline/target/tmp/alex/50d7d772-6f43-4134-ae23-7bcab0ae89076844971598254197262.pipeout and error output to file /home/alex/Repositories/hive/beeline/target/tmp/alex/50d7d772-6f43-4134-ae23-7bcab0ae89075124501899795107538.pipeout
2024-04-24T08:11:03,841  INFO [50d7d772-6f43-4134-ae23-7bcab0ae8907 main] operation.OperationManager: Adding operation: OperationHandle [opType=EXECUTE_STATEMENT, getHandleIdentifier()=cc26e7a9-4a5f-4c2a-88eb-0b53bd719a37] SessionHandle [50d7d772-6f43-4134-ae23-7bcab0ae8907]
2024-04-24T08:11:03,842  INFO [50d7d772-6f43-4134-ae23-7bcab0ae8907 main] common.LogUtils: Thread context registration is done.
DEBUG StatusLogger Building Plugin[name=filter, class=org.apache.hadoop.hive.ql.log.LogDivertAppender$NameFilter].
DEBUG StatusLogger createFilter(loggingLevel="EXECUTION")
DEBUG StatusLogger Building Plugin[name=layout, class=org.apache.logging.log4j.core.layout.PatternLayout].
DEBUG StatusLogger PatternLayout$Builder(alwaysWriteExceptions="null", PatternSelector=null, disableAnsi="null", footer="null", pattern="%-5p : %m%n", Configuration(HiveLog4j2Test), charset="null", noConsoleNoAnsi="null", Replace=null, header="null")
DEBUG StatusLogger Building Plugin[name=appender, class=org.apache.hadoop.hive.ql.log.HushableRandomAccessFileAppender].
DEBUG StatusLogger createAppender(fileName="/home/alex/Repositories/hive/beeline/target/tmp/alex/operation_logs/50d7d772-6f43-4134-ae23-7bcab0ae8907/alex_20240424081103_094ef3f0-8a5d-4116-9602-b6ee58f9e784", append="null", name="query-file-appender", immediateFlush="null", bufferSize="null", ignoreExceptions="null", PatternLayout(org.apache.logging.log4j.core.layout.PatternLayout with name PatternLayout), NameFilter(org.apache.hadoop.hive.ql.log.LogDivertAppender$NameFilter with name NameFilter), advertise="null", advertiseURI="null", Configuration(HiveLog4j2Test))
DEBUG StatusLogger Starting RandomAccessFileManager /home/alex/Repositories/hive/beeline/target/tmp/alex/operation_logs/50d7d772-6f43-4134-ae23-7bcab0ae8907/alex_20240424081103_094ef3f0-8a5d-4116-9602-b6ee58f9e784
DEBUG StatusLogger Building Plugin[name=, class=org.apache.hadoop.hive.ql.log.LogDivertAppenderForTest$TestFilter].
DEBUG StatusLogger createFilter()
DEBUG StatusLogger Building Plugin[name=, class=org.apache.logging.log4j.core.layout.PatternLayout].
DEBUG StatusLogger PatternLayout$Builder(footer="null", disableAnsi="null", noConsoleNoAnsi="null", header="null", charset="null", Replace=null, alwaysWriteExceptions="null", PatternSelector=null, Configuration(HiveLog4j2Test), pattern="%-5p : %m%n")
DEBUG StatusLogger Building Plugin[name=appender, class=org.apache.hadoop.hive.ql.log.HushableRandomAccessFileAppender].
DEBUG StatusLogger createAppender(fileName="/home/alex/Repositories/hive/beeline/target/tmp/alex/operation_logs/50d7d772-6f43-4134-ae23-7bcab0ae8907/alex_20240424081103_094ef3f0-8a5d-4116-9602-b6ee58f9e784.test", append="null", name="test-query-file-appender", immediateFlush="null", bufferSize="null", ignoreExceptions="null", PatternLayout(org.apache.logging.log4j.core.layout.PatternLayout with name PatternLayout), test-filter(org.apache.hadoop.hive.ql.log.LogDivertAppenderForTest$TestFilter with name test-filter), advertise="null", advertiseURI="null", Configuration(HiveLog4j2Test))
DEBUG StatusLogger Starting RandomAccessFileManager /home/alex/Repositories/hive/beeline/target/tmp/alex/operation_logs/50d7d772-6f43-4134-ae23-7bcab0ae8907/alex_20240424081103_094ef3f0-8a5d-4116-9602-b6ee58f9e784.test
2024-04-24T08:11:03,850  INFO [50d7d772-6f43-4134-ae23-7bcab0ae8907 main] operation.HiveCommandOperation: [opType=EXECUTE_STATEMENT, queryId=alex_20240424081103_094ef3f0-8a5d-4116-9602-b6ee58f9e784, startTime=1713971463840, sessionId=50d7d772-6f43-4134-ae23-7bcab0ae8907, createTime=1713971463778, userName=null, ipAddress=null]
2024-04-24T08:11:03,977  INFO [50d7d772-6f43-4134-ae23-7bcab0ae8907 main] common.LogUtils: Unregistered logging context.
2024-04-24T08:11:03,980  INFO [50d7d772-6f43-4134-ae23-7bcab0ae8907 main] operation.OperationManager: Closing operation: OperationHandle [opType=EXECUTE_STATEMENT, getHandleIdentifier()=cc26e7a9-4a5f-4c2a-88eb-0b53bd719a37]
2024-04-24T08:11:03,980  INFO [50d7d772-6f43-4134-ae23-7bcab0ae8907 main] operation.OperationManager: Removed queryId: alex_20240424081103_094ef3f0-8a5d-4116-9602-b6ee58f9e784 corresponding to operation: OperationHandle [opType=EXECUTE_STATEMENT, getHandleIdentifier()=cc26e7a9-4a5f-4c2a-88eb-0b53bd719a37] with tag: null
2024-04-24T08:11:03,981  INFO [50d7d772-6f43-4134-ae23-7bcab0ae8907 main] operation.HiveCommandOperation: Closing operation log /home/alex/Repositories/hive/beeline/target/tmp/alex/operation_logs/50d7d772-6f43-4134-ae23-7bcab0ae8907/alex_20240424081103_094ef3f0-8a5d-4116-9602-b6ee58f9e784 without delay
2024-04-24T08:11:03,983  INFO [50d7d772-6f43-4134-ae23-7bcab0ae8907 main] session.HiveSessionImpl: executing use test
2024-04-24T08:11:03,985  INFO [50d7d772-6f43-4134-ae23-7bcab0ae8907 main] operation.OperationManager: Adding operation: OperationHandle [opType=EXECUTE_STATEMENT, getHandleIdentifier()=d1aeb229-944f-4579-918e-da7bdc2b35e7] SessionHandle [50d7d772-6f43-4134-ae23-7bcab0ae8907]
2024-04-24T08:11:03,985  INFO [50d7d772-6f43-4134-ae23-7bcab0ae8907 main] common.LogUtils: Thread context registration is done.
DEBUG StatusLogger Building Plugin[name=filter, class=org.apache.hadoop.hive.ql.log.LogDivertAppender$NameFilter].
DEBUG StatusLogger createFilter(loggingLevel="EXECUTION")
DEBUG StatusLogger Building Plugin[name=layout, class=org.apache.logging.log4j.core.layout.PatternLayout].
DEBUG StatusLogger PatternLayout$Builder(footer="null", header="null", charset="null", pattern="%-5p : %m%n", Configuration(HiveLog4j2Test), alwaysWriteExceptions="null", PatternSelector=null, Replace=null, disableAnsi="null", noConsoleNoAnsi="null")
DEBUG StatusLogger Building Plugin[name=appender, class=org.apache.hadoop.hive.ql.log.HushableRandomAccessFileAppender].
DEBUG StatusLogger createAppender(fileName="/home/alex/Repositories/hive/beeline/target/tmp/alex/operation_logs/50d7d772-6f43-4134-ae23-7bcab0ae8907/alex_20240424081103_e32bb2d8-b446-4d2b-91d6-fa393c4fdb1b", append="null", name="query-file-appender", immediateFlush="null", bufferSize="null", ignoreExceptions="null", PatternLayout(org.apache.logging.log4j.core.layout.PatternLayout with name PatternLayout), NameFilter(org.apache.hadoop.hive.ql.log.LogDivertAppender$NameFilter with name NameFilter), advertise="null", advertiseURI="null", Configuration(HiveLog4j2Test))
DEBUG StatusLogger Starting RandomAccessFileManager /home/alex/Repositories/hive/beeline/target/tmp/alex/operation_logs/50d7d772-6f43-4134-ae23-7bcab0ae8907/alex_20240424081103_e32bb2d8-b446-4d2b-91d6-fa393c4fdb1b
DEBUG StatusLogger Building Plugin[name=, class=org.apache.hadoop.hive.ql.log.LogDivertAppenderForTest$TestFilter].
DEBUG StatusLogger createFilter()
DEBUG StatusLogger Building Plugin[name=, class=org.apache.logging.log4j.core.layout.PatternLayout].
DEBUG StatusLogger PatternLayout$Builder(Configuration(HiveLog4j2Test), alwaysWriteExceptions="null", header="null", PatternSelector=null, footer="null", noConsoleNoAnsi="null", charset="null", disableAnsi="null", pattern="%-5p : %m%n", Replace=null)
DEBUG StatusLogger Building Plugin[name=appender, class=org.apache.hadoop.hive.ql.log.HushableRandomAccessFileAppender].
DEBUG StatusLogger createAppender(fileName="/home/alex/Repositories/hive/beeline/target/tmp/alex/operation_logs/50d7d772-6f43-4134-ae23-7bcab0ae8907/alex_20240424081103_e32bb2d8-b446-4d2b-91d6-fa393c4fdb1b.test", append="null", name="test-query-file-appender", immediateFlush="null", bufferSize="null", ignoreExceptions="null", PatternLayout(org.apache.logging.log4j.core.layout.PatternLayout with name PatternLayout), test-filter(org.apache.hadoop.hive.ql.log.LogDivertAppenderForTest$TestFilter with name test-filter), advertise="null", advertiseURI="null", Configuration(HiveLog4j2Test))
DEBUG StatusLogger Starting RandomAccessFileManager /home/alex/Repositories/hive/beeline/target/tmp/alex/operation_logs/50d7d772-6f43-4134-ae23-7bcab0ae8907/alex_20240424081103_e32bb2d8-b446-4d2b-91d6-fa393c4fdb1b.test
2024-04-24T08:11:03,994  INFO [50d7d772-6f43-4134-ae23-7bcab0ae8907 main] operation.SQLOperation: [opType=EXECUTE_STATEMENT, queryId=alex_20240424081103_e32bb2d8-b446-4d2b-91d6-fa393c4fdb1b, startTime=1713971463984, sessionId=50d7d772-6f43-4134-ae23-7bcab0ae8907, createTime=1713971463778, userName=null, ipAddress=null]
2024-04-24T08:11:03,996  INFO [50d7d772-6f43-4134-ae23-7bcab0ae8907 main] ql.Driver: Compiling command(queryId=alex_20240424081103_e32bb2d8-b446-4d2b-91d6-fa393c4fdb1b): use test
2024-04-24T08:11:03,997  INFO [50d7d772-6f43-4134-ae23-7bcab0ae8907 main] metastore.HiveMetaStoreClient: HMS client filtering is enabled.
2024-04-24T08:11:03,999  INFO [50d7d772-6f43-4134-ae23-7bcab0ae8907 main] metastore.HMSHandler: 0: Opening raw store with implementation class:org.apache.hadoop.hive.metastore.ObjectStore
2024-04-24T08:11:03,999  INFO [50d7d772-6f43-4134-ae23-7bcab0ae8907 main] metastore.PersistenceManagerProvider: Configuration datanucleus.autoStartMechanismMode is not set. Defaulting to 'ignored'
2024-04-24T08:11:03,999  INFO [50d7d772-6f43-4134-ae23-7bcab0ae8907 main] metastore.ObjectStore: RawStore: org.apache.hadoop.hive.metastore.ObjectStore@4be12f6c, with PersistenceManager: null will be shutdown
2024-04-24T08:11:04,000  INFO [50d7d772-6f43-4134-ae23-7bcab0ae8907 main] metastore.ObjectStore: RawStore: org.apache.hadoop.hive.metastore.ObjectStore@4be12f6c, with PersistenceManager: org.datanucleus.api.jdo.JDOPersistenceManager@52cb52bd created in the thread with id: 1
2024-04-24T08:11:04,003  INFO [50d7d772-6f43-4134-ae23-7bcab0ae8907 main] metastore.HMSHandler: Created RawStore: org.apache.hadoop.hive.metastore.ObjectStore@4be12f6c from thread id: 1
2024-04-24T08:11:04,003  INFO [50d7d772-6f43-4134-ae23-7bcab0ae8907 main] metastore.HMSHandler: HMS server filtering is disabled by configuration
2024-04-24T08:11:04,004  INFO [50d7d772-6f43-4134-ae23-7bcab0ae8907 main] metastore.RetryingMetaStoreClient: RetryingMetaStoreClient proxy=class org.apache.hadoop.hive.ql.metadata.SessionHiveMetaStoreClient ugi=alex (auth:SIMPLE) retries=1 delay=1 lifetime=0
2024-04-24T08:11:04,004  INFO [50d7d772-6f43-4134-ae23-7bcab0ae8907 main] HiveMetaStore.audit: ugi=alex	ip=unknown-ip-addr	cmd=get_database: test	
2024-04-24T08:11:04,006  INFO [50d7d772-6f43-4134-ae23-7bcab0ae8907 main] ql.Driver: Semantic Analysis Completed (retrial = false)
2024-04-24T08:11:04,006  INFO [50d7d772-6f43-4134-ae23-7bcab0ae8907 main] ql.Driver: Created Hive schema: Schema(fieldSchemas:null, properties:null)
2024-04-24T08:11:04,006  INFO [50d7d772-6f43-4134-ae23-7bcab0ae8907 main] metadata.Hive: Dumping metastore api call timing information for : compilation phase
2024-04-24T08:11:04,006  INFO [50d7d772-6f43-4134-ae23-7bcab0ae8907 main] metadata.Hive: Total time spent in each metastore function (ms): {getDatabase_(String)=2, flushCache_()=0, isCompatibleWith_(Configuration)=0}
2024-04-24T08:11:04,007  INFO [50d7d772-6f43-4134-ae23-7bcab0ae8907 main] ql.Driver: Completed compiling command(queryId=alex_20240424081103_e32bb2d8-b446-4d2b-91d6-fa393c4fdb1b); Time taken: 0.01 seconds
2024-04-24T08:11:04,008  INFO [HiveServer2-Background-Pool: Thread-247] common.LogUtils: Thread context registration is done.
2024-04-24T08:11:04,008  INFO [HiveServer2-Background-Pool: Thread-247] reexec.ReExecDriver: Execution #1 of query
2024-04-24T08:11:04,008  INFO [50d7d772-6f43-4134-ae23-7bcab0ae8907 main] common.LogUtils: Unregistered logging context.
2024-04-24T08:11:04,009  INFO [HiveServer2-Background-Pool: Thread-247] ql.Driver: Concurrency mode is disabled, not creating a lock manager
2024-04-24T08:11:04,009  INFO [HiveServer2-Background-Pool: Thread-247] ql.Driver: Executing command(queryId=alex_20240424081103_e32bb2d8-b446-4d2b-91d6-fa393c4fdb1b): use test
2024-04-24T08:11:04,010  INFO [HiveServer2-Background-Pool: Thread-247] ql.Driver: Starting task [Stage-0:DDL] in serial mode
2024-04-24T08:11:04,011  INFO [HiveServer2-Background-Pool: Thread-247] HiveMetaStore.audit: ugi=alex	ip=unknown-ip-addr	cmd=get_database: test	
2024-04-24T08:11:04,013  INFO [HiveServer2-Background-Pool: Thread-247] metastore.HMSHandler: 10: Opening raw store with implementation class:org.apache.hadoop.hive.metastore.ObjectStore
2024-04-24T08:11:04,013  INFO [HiveServer2-Background-Pool: Thread-247] metastore.ObjectStore: RawStore: org.apache.hadoop.hive.metastore.ObjectStore@6251e075, with PersistenceManager: null will be shutdown
2024-04-24T08:11:04,013  INFO [HiveServer2-Background-Pool: Thread-247] metastore.ObjectStore: RawStore: org.apache.hadoop.hive.metastore.ObjectStore@6251e075, with PersistenceManager: org.datanucleus.api.jdo.JDOPersistenceManager@2753725b created in the thread with id: 247
2024-04-24T08:11:04,017  INFO [HiveServer2-Background-Pool: Thread-247] metastore.HMSHandler: Created RawStore: org.apache.hadoop.hive.metastore.ObjectStore@6251e075 from thread id: 247
2024-04-24T08:11:04,019  INFO [HiveServer2-Background-Pool: Thread-247] HiveMetaStore.audit: ugi=alex	ip=unknown-ip-addr	cmd=get_database: test	
2024-04-24T08:11:04,022  INFO [HiveServer2-Background-Pool: Thread-247] metadata.Hive: Dumping metastore api call timing information for : execution phase
2024-04-24T08:11:04,022  INFO [HiveServer2-Background-Pool: Thread-247] metadata.Hive: Total time spent in each metastore function (ms): {isCompatibleWith_(Configuration)=0, getDatabase_(String)=11}
2024-04-24T08:11:04,022  INFO [HiveServer2-Background-Pool: Thread-247] ql.Driver: Completed executing command(queryId=alex_20240424081103_e32bb2d8-b446-4d2b-91d6-fa393c4fdb1b); Time taken: 0.013 seconds
2024-04-24T08:11:04,023  INFO [HiveServer2-Background-Pool: Thread-247] common.LogUtils: Unregistered logging context.
2024-04-24T08:11:04,026  INFO [50d7d772-6f43-4134-ae23-7bcab0ae8907 main] operation.OperationManager: Closing operation: OperationHandle [opType=EXECUTE_STATEMENT, getHandleIdentifier()=d1aeb229-944f-4579-918e-da7bdc2b35e7]
2024-04-24T08:11:04,026  INFO [50d7d772-6f43-4134-ae23-7bcab0ae8907 main] operation.OperationManager: Removed queryId: alex_20240424081103_e32bb2d8-b446-4d2b-91d6-fa393c4fdb1b corresponding to operation: OperationHandle [opType=EXECUTE_STATEMENT, getHandleIdentifier()=d1aeb229-944f-4579-918e-da7bdc2b35e7] with tag: null
2024-04-24T08:11:04,026  INFO [50d7d772-6f43-4134-ae23-7bcab0ae8907 main] operation.SQLOperation: Closing operation log /home/alex/Repositories/hive/beeline/target/tmp/alex/operation_logs/50d7d772-6f43-4134-ae23-7bcab0ae8907/alex_20240424081103_e32bb2d8-b446-4d2b-91d6-fa393c4fdb1b without delay
2024-04-24T08:11:04,027  INFO [50d7d772-6f43-4134-ae23-7bcab0ae8907 main] session.HiveSessionImpl: executing show tables
2024-04-24T08:11:04,029  INFO [50d7d772-6f43-4134-ae23-7bcab0ae8907 main] operation.OperationManager: Adding operation: OperationHandle [opType=EXECUTE_STATEMENT, getHandleIdentifier()=81597b95-af24-4017-9e45-7536433a3c11] SessionHandle [50d7d772-6f43-4134-ae23-7bcab0ae8907]
2024-04-24T08:11:04,029  INFO [50d7d772-6f43-4134-ae23-7bcab0ae8907 main] common.LogUtils: Thread context registration is done.
DEBUG StatusLogger Building Plugin[name=filter, class=org.apache.hadoop.hive.ql.log.LogDivertAppender$NameFilter].
DEBUG StatusLogger createFilter(loggingLevel="EXECUTION")
DEBUG StatusLogger Building Plugin[name=layout, class=org.apache.logging.log4j.core.layout.PatternLayout].
DEBUG StatusLogger PatternLayout$Builder(disableAnsi="null", Replace=null, PatternSelector=null, header="null", charset="null", footer="null", alwaysWriteExceptions="null", Configuration(HiveLog4j2Test), noConsoleNoAnsi="null", pattern="%-5p : %m%n")
DEBUG StatusLogger Building Plugin[name=appender, class=org.apache.hadoop.hive.ql.log.HushableRandomAccessFileAppender].
DEBUG StatusLogger createAppender(fileName="/home/alex/Repositories/hive/beeline/target/tmp/alex/operation_logs/50d7d772-6f43-4134-ae23-7bcab0ae8907/alex_20240424081104_30682876-e405-464a-b086-34a8510c49b4", append="null", name="query-file-appender", immediateFlush="null", bufferSize="null", ignoreExceptions="null", PatternLayout(org.apache.logging.log4j.core.layout.PatternLayout with name PatternLayout), NameFilter(org.apache.hadoop.hive.ql.log.LogDivertAppender$NameFilter with name NameFilter), advertise="null", advertiseURI="null", Configuration(HiveLog4j2Test))
DEBUG StatusLogger Starting RandomAccessFileManager /home/alex/Repositories/hive/beeline/target/tmp/alex/operation_logs/50d7d772-6f43-4134-ae23-7bcab0ae8907/alex_20240424081104_30682876-e405-464a-b086-34a8510c49b4
DEBUG StatusLogger Building Plugin[name=, class=org.apache.hadoop.hive.ql.log.LogDivertAppenderForTest$TestFilter].
DEBUG StatusLogger createFilter()
DEBUG StatusLogger Building Plugin[name=, class=org.apache.logging.log4j.core.layout.PatternLayout].
DEBUG StatusLogger PatternLayout$Builder(disableAnsi="null", header="null", footer="null", charset="null", noConsoleNoAnsi="null", Replace=null, Configuration(HiveLog4j2Test), PatternSelector=null, alwaysWriteExceptions="null", pattern="%-5p : %m%n")
DEBUG StatusLogger Building Plugin[name=appender, class=org.apache.hadoop.hive.ql.log.HushableRandomAccessFileAppender].
DEBUG StatusLogger createAppender(fileName="/home/alex/Repositories/hive/beeline/target/tmp/alex/operation_logs/50d7d772-6f43-4134-ae23-7bcab0ae8907/alex_20240424081104_30682876-e405-464a-b086-34a8510c49b4.test", append="null", name="test-query-file-appender", immediateFlush="null", bufferSize="null", ignoreExceptions="null", PatternLayout(org.apache.logging.log4j.core.layout.PatternLayout with name PatternLayout), test-filter(org.apache.hadoop.hive.ql.log.LogDivertAppenderForTest$TestFilter with name test-filter), advertise="null", advertiseURI="null", Configuration(HiveLog4j2Test))
DEBUG StatusLogger Starting RandomAccessFileManager /home/alex/Repositories/hive/beeline/target/tmp/alex/operation_logs/50d7d772-6f43-4134-ae23-7bcab0ae8907/alex_20240424081104_30682876-e405-464a-b086-34a8510c49b4.test
2024-04-24T08:11:04,038  INFO [50d7d772-6f43-4134-ae23-7bcab0ae8907 main] operation.SQLOperation: [opType=EXECUTE_STATEMENT, queryId=alex_20240424081104_30682876-e405-464a-b086-34a8510c49b4, startTime=1713971464027, sessionId=50d7d772-6f43-4134-ae23-7bcab0ae8907, createTime=1713971463778, userName=null, ipAddress=null]
2024-04-24T08:11:04,039  INFO [50d7d772-6f43-4134-ae23-7bcab0ae8907 main] ql.Driver: Compiling command(queryId=alex_20240424081104_30682876-e405-464a-b086-34a8510c49b4): show tables
2024-04-24T08:11:04,043  INFO [50d7d772-6f43-4134-ae23-7bcab0ae8907 main] HiveMetaStore.audit: ugi=alex	ip=unknown-ip-addr	cmd=get_database: test	
2024-04-24T08:11:04,046  INFO [50d7d772-6f43-4134-ae23-7bcab0ae8907 main] ql.Driver: Semantic Analysis Completed (retrial = false)
2024-04-24T08:11:04,046  INFO [50d7d772-6f43-4134-ae23-7bcab0ae8907 main] ql.Driver: Created Hive schema: Schema(fieldSchemas:[FieldSchema(name:tab_name, type:string, comment:from deserializer)], properties:null)
2024-04-24T08:11:04,047  INFO [50d7d772-6f43-4134-ae23-7bcab0ae8907 main] exec.ListSinkOperator: Initializing Operator: LIST_SINK[0]
2024-04-24T08:11:04,048  INFO [50d7d772-6f43-4134-ae23-7bcab0ae8907 main] metadata.Hive: Dumping metastore api call timing information for : compilation phase
2024-04-24T08:11:04,048  INFO [50d7d772-6f43-4134-ae23-7bcab0ae8907 main] metadata.Hive: Total time spent in each metastore function (ms): {flushCache_()=1, isCompatibleWith_(Configuration)=0, getDatabase_(String)=3}
2024-04-24T08:11:04,048  INFO [50d7d772-6f43-4134-ae23-7bcab0ae8907 main] ql.Driver: Completed compiling command(queryId=alex_20240424081104_30682876-e405-464a-b086-34a8510c49b4); Time taken: 0.009 seconds
2024-04-24T08:11:04,049  INFO [50d7d772-6f43-4134-ae23-7bcab0ae8907 main] common.LogUtils: Unregistered logging context.
2024-04-24T08:11:04,049  INFO [HiveServer2-Background-Pool: Thread-251] common.LogUtils: Thread context registration is done.
2024-04-24T08:11:04,049  INFO [HiveServer2-Background-Pool: Thread-251] reexec.ReExecDriver: Execution #1 of query
2024-04-24T08:11:04,049  INFO [HiveServer2-Background-Pool: Thread-251] ql.Driver: Concurrency mode is disabled, not creating a lock manager
2024-04-24T08:11:04,050  INFO [HiveServer2-Background-Pool: Thread-251] ql.Driver: Executing command(queryId=alex_20240424081104_30682876-e405-464a-b086-34a8510c49b4): show tables
2024-04-24T08:11:04,051  INFO [HiveServer2-Background-Pool: Thread-251] ql.Driver: Starting task [Stage-0:DDL] in serial mode
2024-04-24T08:11:04,052  INFO [HiveServer2-Background-Pool: Thread-251] HiveMetaStore.audit: ugi=alex	ip=unknown-ip-addr	cmd=get_database: test	
2024-04-24T08:11:04,053  INFO [HiveServer2-Background-Pool: Thread-251] metastore.HMSHandler: 11: Opening raw store with implementation class:org.apache.hadoop.hive.metastore.ObjectStore
2024-04-24T08:11:04,054  INFO [HiveServer2-Background-Pool: Thread-251] metastore.ObjectStore: RawStore: org.apache.hadoop.hive.metastore.ObjectStore@682bd1da, with PersistenceManager: null will be shutdown
2024-04-24T08:11:04,054  INFO [HiveServer2-Background-Pool: Thread-251] metastore.ObjectStore: RawStore: org.apache.hadoop.hive.metastore.ObjectStore@682bd1da, with PersistenceManager: org.datanucleus.api.jdo.JDOPersistenceManager@2d2952bb created in the thread with id: 251
2024-04-24T08:11:04,058  INFO [HiveServer2-Background-Pool: Thread-251] metastore.HMSHandler: Created RawStore: org.apache.hadoop.hive.metastore.ObjectStore@682bd1da from thread id: 251
2024-04-24T08:11:04,061  INFO [HiveServer2-Background-Pool: Thread-251] HiveMetaStore.audit: ugi=alex	ip=unknown-ip-addr	cmd=get_multi_table : db=test tbls=null	
2024-04-24T08:11:04,068  INFO [HiveServer2-Background-Pool: Thread-251] sqlstd.SQLStdHiveAccessController: Created SQLStdHiveAccessController for session context : HiveAuthzSessionContext [sessionString=50d7d772-6f43-4134-ae23-7bcab0ae8907, clientType=HIVESERVER2]
2024-04-24T08:11:04,076  INFO [HiveServer2-Background-Pool: Thread-251] metadata.Hive: Dumping metastore api call timing information for : execution phase
2024-04-24T08:11:04,076  INFO [HiveServer2-Background-Pool: Thread-251] metadata.Hive: Total time spent in each metastore function (ms): {isCompatibleWith_(Configuration)=0, getTables_(String, String)=9, getDatabase_(String)=8}
2024-04-24T08:11:04,076  INFO [HiveServer2-Background-Pool: Thread-251] ql.Driver: Completed executing command(queryId=alex_20240424081104_30682876-e405-464a-b086-34a8510c49b4); Time taken: 0.026 seconds
2024-04-24T08:11:04,077  INFO [HiveServer2-Background-Pool: Thread-251] common.LogUtils: Unregistered logging context.
2024-04-24T08:11:04,078  INFO [50d7d772-6f43-4134-ae23-7bcab0ae8907 main] operation.OperationManager: Closing operation: OperationHandle [opType=EXECUTE_STATEMENT, getHandleIdentifier()=81597b95-af24-4017-9e45-7536433a3c11]
2024-04-24T08:11:04,079  INFO [50d7d772-6f43-4134-ae23-7bcab0ae8907 main] operation.OperationManager: Removed queryId: alex_20240424081104_30682876-e405-464a-b086-34a8510c49b4 corresponding to operation: OperationHandle [opType=EXECUTE_STATEMENT, getHandleIdentifier()=81597b95-af24-4017-9e45-7536433a3c11] with tag: null
2024-04-24T08:11:04,079  INFO [50d7d772-6f43-4134-ae23-7bcab0ae8907 main] ql.Context: Deleting scratch dir: file:/home/alex/Repositories/hive/beeline/target/tmp/alex/50d7d772-6f43-4134-ae23-7bcab0ae8907/hive_2024-04-24_08-11-04_039_2200069813484256372-1
2024-04-24T08:11:04,079  INFO [50d7d772-6f43-4134-ae23-7bcab0ae8907 main] cleanup.EventualCleanupService: Delete file:/home/alex/Repositories/hive/beeline/target/tmp/alex/50d7d772-6f43-4134-ae23-7bcab0ae8907/hive_2024-04-24_08-11-04_039_2200069813484256372-1 operation was queued
2024-04-24T08:11:04,079  INFO [50d7d772-6f43-4134-ae23-7bcab0ae8907 main] exec.ListSinkOperator: Closing Operator: LIST_SINK[0]
2024-04-24T08:11:04,079  INFO [50d7d772-6f43-4134-ae23-7bcab0ae8907 main] exec.ListSinkOperator: RECORDS_OUT_INTERMEDIATE:0, RECORDS_OUT_OPERATOR_LIST_SINK_0:0, 
2024-04-24T08:11:04,079  INFO [50d7d772-6f43-4134-ae23-7bcab0ae8907 main] operation.SQLOperation: Closing operation log /home/alex/Repositories/hive/beeline/target/tmp/alex/operation_logs/50d7d772-6f43-4134-ae23-7bcab0ae8907/alex_20240424081104_30682876-e405-464a-b086-34a8510c49b4 without delay
2024-04-24T08:11:04,079  INFO [EventualCleanupService thread 0] cleanup.EventualCleanupService: Deleted file:/home/alex/Repositories/hive/beeline/target/tmp/alex/50d7d772-6f43-4134-ae23-7bcab0ae8907/hive_2024-04-24_08-11-04_039_2200069813484256372-1
2024-04-24T08:11:04,079  INFO [main] service.CompositeService: Session closed, SessionHandle [50d7d772-6f43-4134-ae23-7bcab0ae8907], current sessions:0
2024-04-24T08:11:04,080  INFO [50d7d772-6f43-4134-ae23-7bcab0ae8907 main] session.HiveSessionImpl: Operation log session directory is deleted: /home/alex/Repositories/hive/beeline/target/tmp/alex/operation_logs/50d7d772-6f43-4134-ae23-7bcab0ae8907
2024-04-24T08:11:04,081  INFO [main] cleanup.EventualCleanupService: Delete /tmp/hive/alex/50d7d772-6f43-4134-ae23-7bcab0ae8907 operation was queued
2024-04-24T08:11:04,081  INFO [main] cleanup.EventualCleanupService: Delete /home/alex/Repositories/hive/beeline/target/tmp/alex/50d7d772-6f43-4134-ae23-7bcab0ae8907 operation was queued
2024-04-24T08:11:04,081  INFO [EventualCleanupService thread 2] cleanup.EventualCleanupService: Deleted /home/alex/Repositories/hive/beeline/target/tmp/alex/50d7d772-6f43-4134-ae23-7bcab0ae8907
2024-04-24T08:11:04,081  INFO [EventualCleanupService thread 1] cleanup.EventualCleanupService: Deleted /tmp/hive/alex/50d7d772-6f43-4134-ae23-7bcab0ae8907
2024-04-24T08:11:04,082  INFO [main] HiveMetaStore.audit: ugi=alex	ip=unknown-ip-addr	cmd=Cleaning up thread local RawStore...	
2024-04-24T08:11:04,083  INFO [main] metastore.ObjectStore: RawStore: org.apache.hadoop.hive.metastore.ObjectStore@4be12f6c, with PersistenceManager: org.datanucleus.api.jdo.JDOPersistenceManager@52cb52bd will be shutdown
2024-04-24T08:11:04,083  INFO [main] HiveMetaStore.audit: ugi=alex	ip=unknown-ip-addr	cmd=Done cleaning up thread local RawStore	
2024-04-24T08:11:04,083  INFO [main] metastore.HiveMetaStoreClient: Closed a connection to metastore, current connections: -14
2024-04-24T08:11:04,083 ERROR [main] cli.TestHiveCli: Failed due to the error:Connecting to jdbc:hive2://
Hive Session ID = f5d298eb-9f30-4f1c-a3e1-57fe0988f3f6
ivysettings.xml file not found in HIVE_HOME or HIVE_CONF_DIR,/home/alex/Repositories/hive/conf/ivysettings.xml will be used
ivysettings.xml file not found in HIVE_HOME or HIVE_CONF_DIR,/home/alex/Repositories/hive/conf/ivysettings.xml will be used
Connected to: Apache Hive (version 4.0.0-SNAPSHOT)
Error: Couldn't load manifest attributes. (state=,code=0)
Transaction isolation: TRANSACTION_REPEATABLE_READ
INFO  : Compiling command(queryId=alex_20240424081103_e32bb2d8-b446-4d2b-91d6-fa393c4fdb1b): use test
INFO  : Semantic Analysis Completed (retrial = false)
INFO  : Created Hive schema: Schema(fieldSchemas:null, properties:null)
INFO  : Completed compiling command(queryId=alex_20240424081103_e32bb2d8-b446-4d2b-91d6-fa393c4fdb1b); Time taken: 0.01 seconds
INFO  : Concurrency mode is disabled, not creating a lock manager
INFO  : Executing command(queryId=alex_20240424081103_e32bb2d8-b446-4d2b-91d6-fa393c4fdb1b): use test
INFO  : Starting task [Stage-0:DDL] in serial mode
DEBUG : Task getting executed using mapred tag : alex_20240424081103_e32bb2d8-b446-4d2b-91d6-fa393c4fdb1b,userid=null
INFO  : Completed executing command(queryId=alex_20240424081103_e32bb2d8-b446-4d2b-91d6-fa393c4fdb1b); Time taken: 0.013 seconds
DEBUG : Shutting down query use test
Error: Failed to wait for operation to complete (state=08S01,code=0)
INFO  : Compiling command(queryId=alex_20240424081104_30682876-e405-464a-b086-34a8510c49b4): show tables
INFO  : Semantic Analysis Completed (retrial = false)
INFO  : Created Hive schema: Schema(fieldSchemas:[FieldSchema(name:tab_name, type:string, comment:from deserializer)], properties:null)
INFO  : Completed compiling command(queryId=alex_20240424081104_30682876-e405-464a-b086-34a8510c49b4); Time taken: 0.009 seconds
INFO  : Concurrency mode is disabled, not creating a lock manager
INFO  : Executing command(queryId=alex_20240424081104_30682876-e405-464a-b086-34a8510c49b4): show tables
INFO  : Starting task [Stage-0:DDL] in serial mode
DEBUG : Task getting executed using mapred tag : alex_20240424081104_30682876-e405-464a-b086-34a8510c49b4,userid=null
INFO  : Completed executing command(queryId=alex_20240424081104_30682876-e405-464a-b086-34a8510c49b4); Time taken: 0.026 seconds
DEBUG : Shutting down query show tables
Error: Failed to wait for operation to complete (state=08S01,code=0)
Closing: 0: jdbc:hive2://

]]></system-err>
  </testcase>
  <testcase name="testCommentStripping" classname="org.apache.hive.beeline.cli.TestHiveCli" time="0.505"/>
  <testcase name="testUseCurrentDB1" classname="org.apache.hive.beeline.cli.TestHiveCli" time="0.341">
    <failure type="java.lang.AssertionError"><![CDATA[java.lang.AssertionError: 
The expected keyword "hive (testDB)>" occur in the output: Connecting to jdbc:hive2://
Hive Session ID = 8edfa0a5-dd96-4a46-95ac-3421a0ed00b7
ivysettings.xml file not found in HIVE_HOME or HIVE_CONF_DIR,/home/alex/Repositories/hive/conf/ivysettings.xml will be used
ivysettings.xml file not found in HIVE_HOME or HIVE_CONF_DIR,/home/alex/Repositories/hive/conf/ivysettings.xml will be used
Connected to: Apache Hive (version 4.0.0-SNAPSHOT)
Error: Couldn't load manifest attributes. (state=,code=0)
Transaction isolation: TRANSACTION_REPEATABLE_READ
Beeline version ??? by Apache Hive
hive> create database if not exists testDB; set hive.cli.print.current.db=true;use testDB;
INFO  : Compiling command(queryId=alex_20240424081104_98a113ca-4c3f-48c2-888c-841c9cb292c6): create database if not exists testDB
INFO  : Semantic Analysis Completed (retrial = false)
INFO  : Created Hive schema: Schema(fieldSchemas:null, properties:null)
INFO  : Completed compiling command(queryId=alex_20240424081104_98a113ca-4c3f-48c2-888c-841c9cb292c6); Time taken: 0.008 seconds
INFO  : Concurrency mode is disabled, not creating a lock manager
INFO  : Executing command(queryId=alex_20240424081104_98a113ca-4c3f-48c2-888c-841c9cb292c6): create database if not exists testDB
INFO  : Starting task [Stage-0:DDL] in serial mode
DEBUG : Task getting executed using mapred tag : alex_20240424081104_98a113ca-4c3f-48c2-888c-841c9cb292c6,userid=null
INFO  : Completed executing command(queryId=alex_20240424081104_98a113ca-4c3f-48c2-888c-841c9cb292c6); Time taken: 0.009 seconds
DEBUG : Shutting down query create database if not exists testDB
Error: Failed to wait for operation to complete (state=08S01,code=0)
hive> use default;drop if exists testDB;
INFO  : Compiling command(queryId=alex_20240424081104_1f19de27-3293-480b-bf68-b5819e27c327): use default
INFO  : Semantic Analysis Completed (retrial = false)
INFO  : Created Hive schema: Schema(fieldSchemas:null, properties:null)
INFO  : Completed compiling command(queryId=alex_20240424081104_1f19de27-3293-480b-bf68-b5819e27c327); Time taken: 0.002 seconds
INFO  : Concurrency mode is disabled, not creating a lock manager
INFO  : Executing command(queryId=alex_20240424081104_1f19de27-3293-480b-bf68-b5819e27c327): use default
INFO  : Starting task [Stage-0:DDL] in serial mode
DEBUG : Task getting executed using mapred tag : alex_20240424081104_1f19de27-3293-480b-bf68-b5819e27c327,userid=null
INFO  : Completed executing command(queryId=alex_20240424081104_1f19de27-3293-480b-bf68-b5819e27c327); Time taken: 0.009 seconds
DEBUG : Shutting down query use default
Error: Failed to wait for operation to complete (state=08S01,code=0)
hive> Closing: 0: jdbc:hive2://

	at org.junit.Assert.fail(Assert.java:89)
	at org.junit.Assert.assertTrue(Assert.java:42)
	at org.apache.hive.beeline.cli.TestHiveCli.verifyCMD(TestHiveCli.java:270)
	at org.apache.hive.beeline.cli.TestHiveCli.testUseCurrentDB1(TestHiveCli.java:212)
	at sun.reflect.NativeMethodAccessorImpl.invoke0(Native Method)
	at sun.reflect.NativeMethodAccessorImpl.invoke(NativeMethodAccessorImpl.java:62)
	at sun.reflect.DelegatingMethodAccessorImpl.invoke(DelegatingMethodAccessorImpl.java:43)
	at java.lang.reflect.Method.invoke(Method.java:498)
	at org.junit.runners.model.FrameworkMethod$1.runReflectiveCall(FrameworkMethod.java:59)
	at org.junit.internal.runners.model.ReflectiveCallable.run(ReflectiveCallable.java:12)
	at org.junit.runners.model.FrameworkMethod.invokeExplosively(FrameworkMethod.java:56)
	at org.junit.internal.runners.statements.InvokeMethod.evaluate(InvokeMethod.java:17)
	at org.junit.internal.runners.statements.RunBefores.evaluate(RunBefores.java:26)
	at org.junit.internal.runners.statements.RunAfters.evaluate(RunAfters.java:27)
	at org.junit.runners.ParentRunner$3.evaluate(ParentRunner.java:306)
	at org.junit.runners.BlockJUnit4ClassRunner$1.evaluate(BlockJUnit4ClassRunner.java:100)
	at org.junit.runners.ParentRunner.runLeaf(ParentRunner.java:366)
	at org.junit.runners.BlockJUnit4ClassRunner.runChild(BlockJUnit4ClassRunner.java:103)
	at org.junit.runners.BlockJUnit4ClassRunner.runChild(BlockJUnit4ClassRunner.java:63)
	at org.junit.runners.ParentRunner$4.run(ParentRunner.java:331)
	at org.junit.runners.ParentRunner$1.schedule(ParentRunner.java:79)
	at org.junit.runners.ParentRunner.runChildren(ParentRunner.java:329)
	at org.junit.runners.ParentRunner.access$100(ParentRunner.java:66)
	at org.junit.runners.ParentRunner$2.evaluate(ParentRunner.java:293)
	at org.junit.internal.runners.statements.RunBefores.evaluate(RunBefores.java:26)
	at org.junit.runners.ParentRunner$3.evaluate(ParentRunner.java:306)
	at org.junit.runners.ParentRunner.run(ParentRunner.java:413)
	at org.junit.runner.JUnitCore.run(JUnitCore.java:137)
	at org.junit.runner.JUnitCore.run(JUnitCore.java:115)
	at org.junit.vintage.engine.execution.RunnerExecutor.execute(RunnerExecutor.java:43)
	at java.util.stream.ForEachOps$ForEachOp$OfRef.accept(ForEachOps.java:183)
	at java.util.stream.ReferencePipeline$3$1.accept(ReferencePipeline.java:193)
	at java.util.Iterator.forEachRemaining(Iterator.java:116)
	at java.util.Spliterators$IteratorSpliterator.forEachRemaining(Spliterators.java:1801)
	at java.util.stream.AbstractPipeline.copyInto(AbstractPipeline.java:482)
	at java.util.stream.AbstractPipeline.wrapAndCopyInto(AbstractPipeline.java:472)
	at java.util.stream.ForEachOps$ForEachOp.evaluateSequential(ForEachOps.java:150)
	at java.util.stream.ForEachOps$ForEachOp$OfRef.evaluateSequential(ForEachOps.java:173)
	at java.util.stream.AbstractPipeline.evaluate(AbstractPipeline.java:234)
	at java.util.stream.ReferencePipeline.forEach(ReferencePipeline.java:485)
	at org.junit.vintage.engine.VintageTestEngine.executeAllChildren(VintageTestEngine.java:82)
	at org.junit.vintage.engine.VintageTestEngine.execute(VintageTestEngine.java:73)
	at org.junit.platform.launcher.core.DefaultLauncher.execute(DefaultLauncher.java:248)
	at org.junit.platform.launcher.core.DefaultLauncher.lambda$execute$5(DefaultLauncher.java:211)
	at org.junit.platform.launcher.core.DefaultLauncher.withInterceptedStreams(DefaultLauncher.java:226)
	at org.junit.platform.launcher.core.DefaultLauncher.execute(DefaultLauncher.java:199)
	at org.junit.platform.launcher.core.DefaultLauncher.execute(DefaultLauncher.java:132)
	at org.apache.maven.surefire.junitplatform.JUnitPlatformProvider.invokeAllTests(JUnitPlatformProvider.java:154)
	at org.apache.maven.surefire.junitplatform.JUnitPlatformProvider.invoke(JUnitPlatformProvider.java:123)
	at org.apache.maven.surefire.booter.ForkedBooter.runSuitesInProcess(ForkedBooter.java:377)
	at org.apache.maven.surefire.booter.ForkedBooter.execute(ForkedBooter.java:138)
	at org.apache.maven.surefire.booter.ForkedBooter.run(ForkedBooter.java:465)
	at org.apache.maven.surefire.booter.ForkedBooter.main(ForkedBooter.java:451)
]]></failure>
    <system-err><![CDATA[2024-04-24T08:11:04,590 ERROR [main] cli.TestHiveCli: Failed to execute command due to the error: java.lang.NullPointerException: Null output stream
2024-04-24T08:11:04,640  WARN [main] conf.HiveConf: HiveConf of name hive.dummyparam.test.server.specific.config.metastoresite does not exist
2024-04-24T08:11:04,640  WARN [main] conf.HiveConf: HiveConf of name hive.dummyparam.test.server.specific.config.hiveserver2site does not exist
2024-04-24T08:11:04,640  WARN [main] conf.HiveConf: HiveConf of name hive.dummyparam.test.server.specific.config.override does not exist
2024-04-24T08:11:04,641  INFO [main] SessionState: Hive Session ID = 8edfa0a5-dd96-4a46-95ac-3421a0ed00b7
2024-04-24T08:11:04,642  INFO [main] DependencyResolver: ivysettings.xml file not found in HIVE_HOME or HIVE_CONF_DIR,/home/alex/Repositories/hive/conf/ivysettings.xml will be used
2024-04-24T08:11:04,648  INFO [main] session.SessionState: Created HDFS directory: /tmp/hive/alex/8edfa0a5-dd96-4a46-95ac-3421a0ed00b7
2024-04-24T08:11:04,652  INFO [main] session.SessionState: Created local directory: /home/alex/Repositories/hive/beeline/target/tmp/alex/8edfa0a5-dd96-4a46-95ac-3421a0ed00b7
2024-04-24T08:11:04,655  INFO [main] session.SessionState: Created HDFS directory: /tmp/hive/alex/8edfa0a5-dd96-4a46-95ac-3421a0ed00b7/_tmp_space.db
2024-04-24T08:11:04,655  INFO [main] sqlstd.SQLStdHiveAccessController: Created SQLStdHiveAccessController for session context : HiveAuthzSessionContext [sessionString=8edfa0a5-dd96-4a46-95ac-3421a0ed00b7, clientType=HIVESERVER2]
2024-04-24T08:11:04,657  INFO [main] metastore.HiveMetaStoreClient: HMS client filtering is enabled.
2024-04-24T08:11:04,658  INFO [main] metastore.HMSHandler: 0: Opening raw store with implementation class:org.apache.hadoop.hive.metastore.ObjectStore
2024-04-24T08:11:04,658  INFO [main] metastore.PersistenceManagerProvider: Configuration datanucleus.autoStartMechanismMode is not set. Defaulting to 'ignored'
2024-04-24T08:11:04,658  INFO [main] metastore.ObjectStore: RawStore: org.apache.hadoop.hive.metastore.ObjectStore@3b3546a3, with PersistenceManager: null will be shutdown
2024-04-24T08:11:04,659  INFO [main] metastore.ObjectStore: RawStore: org.apache.hadoop.hive.metastore.ObjectStore@3b3546a3, with PersistenceManager: org.datanucleus.api.jdo.JDOPersistenceManager@134c38 created in the thread with id: 1
2024-04-24T08:11:04,662  INFO [main] metastore.HMSHandler: Created RawStore: org.apache.hadoop.hive.metastore.ObjectStore@3b3546a3 from thread id: 1
2024-04-24T08:11:04,662  INFO [main] metastore.HMSHandler: HMS server filtering is disabled by configuration
2024-04-24T08:11:04,663  INFO [main] metastore.RetryingMetaStoreClient: RetryingMetaStoreClient proxy=class org.apache.hadoop.hive.ql.metadata.SessionHiveMetaStoreClient ugi=alex (auth:SIMPLE) retries=1 delay=1 lifetime=0
2024-04-24T08:11:04,663  INFO [main] service.CompositeService: Operation log root directory is created: /home/alex/Repositories/hive/beeline/target/tmp/alex/operation_logs
2024-04-24T08:11:04,663  INFO [main] service.CompositeService: HiveServer2: Background operation thread pool size: 100
2024-04-24T08:11:04,663  INFO [main] service.CompositeService: HiveServer2: Background operation thread wait queue size: 100
2024-04-24T08:11:04,663  INFO [main] service.CompositeService: HiveServer2: Background operation thread keepalive time: 10 seconds
2024-04-24T08:11:04,663  INFO [main] service.CompositeService: Connections limit are user: 0 ipaddress: 0 user-ipaddress: 0
2024-04-24T08:11:04,665  INFO [main] cleanup.EventualCleanupService: EventualCleanupService started with 10 threads and queue of size 10000
ERROR StatusLogger Log4j2 ConfigurationScheduler attempted to increment scheduled items after start
ERROR StatusLogger Log4j2 ConfigurationScheduler attempted to increment scheduled items after start
2024-04-24T08:11:04,667  INFO [main] service.AbstractService: Service:OperationManager is inited.
2024-04-24T08:11:04,667  INFO [main] service.AbstractService: Service:SessionManager is inited.
2024-04-24T08:11:04,667  INFO [main] service.AbstractService: Service:CLIService is inited.
2024-04-24T08:11:04,667  INFO [main] service.AbstractService: Service:OperationManager is started.
2024-04-24T08:11:04,667  INFO [main] service.AbstractService: Service:SessionManager is started.
2024-04-24T08:11:04,667  INFO [main] service.AbstractService: Service:CLIService is started.
2024-04-24T08:11:04,667  INFO [main] service.AbstractService: Service:ThriftBinaryCLIService is inited.
2024-04-24T08:11:04,668  INFO [main] thrift.ThriftCLIService: Client protocol version: HIVE_CLI_SERVICE_PROTOCOL_V10
2024-04-24T08:11:04,668  INFO [main] thrift.ThriftCLIService: Creating Hive session handle for user [null] from IP null
2024-04-24T08:11:04,670  INFO [main] DependencyResolver: ivysettings.xml file not found in HIVE_HOME or HIVE_CONF_DIR,/home/alex/Repositories/hive/conf/ivysettings.xml will be used
2024-04-24T08:11:04,677  INFO [main] session.SessionState: Created HDFS directory: /tmp/hive/alex/6c29aca0-5695-4e22-b6fe-0d590f789bc1
2024-04-24T08:11:04,680  INFO [main] session.SessionState: Created local directory: /home/alex/Repositories/hive/beeline/target/tmp/alex/6c29aca0-5695-4e22-b6fe-0d590f789bc1
2024-04-24T08:11:04,683  INFO [main] session.SessionState: Created HDFS directory: /tmp/hive/alex/6c29aca0-5695-4e22-b6fe-0d590f789bc1/_tmp_space.db
2024-04-24T08:11:04,683  INFO [main] session.SessionState: Reloading auxiliary JAR files
2024-04-24T08:11:04,683  WARN [main] session.SessionState: Configuration hive.reloadable.aux.jars.path not specified
2024-04-24T08:11:04,684  INFO [main] HiveMetaStore.audit: ugi=alex	ip=unknown-ip-addr	cmd=Cleaning up thread local RawStore...	
2024-04-24T08:11:04,684  INFO [main] metastore.ObjectStore: RawStore: org.apache.hadoop.hive.metastore.ObjectStore@3b3546a3, with PersistenceManager: org.datanucleus.api.jdo.JDOPersistenceManager@134c38 will be shutdown
2024-04-24T08:11:04,684  INFO [main] HiveMetaStore.audit: ugi=alex	ip=unknown-ip-addr	cmd=Done cleaning up thread local RawStore	
2024-04-24T08:11:04,684  INFO [main] metastore.HiveMetaStoreClient: Closed a connection to metastore, current connections: -16
2024-04-24T08:11:04,684  INFO [main] session.HiveSessionImpl: Operation log session directory is created: /home/alex/Repositories/hive/beeline/target/tmp/alex/operation_logs/6c29aca0-5695-4e22-b6fe-0d590f789bc1
2024-04-24T08:11:04,684  INFO [main] service.CompositeService: Session opened, SessionHandle [6c29aca0-5695-4e22-b6fe-0d590f789bc1], current sessions:1
2024-04-24T08:11:04,684  INFO [main] thrift.ThriftCLIService: Login attempt is successful for user : null
2024-04-24T08:11:04,730  WARN [main] conf.HiveConf: HiveConf of name hive.dummyparam.test.server.specific.config.metastoresite does not exist
2024-04-24T08:11:04,731  WARN [main] conf.HiveConf: HiveConf of name hive.dummyparam.test.server.specific.config.hiveserver2site does not exist
2024-04-24T08:11:04,731  WARN [main] conf.HiveConf: HiveConf of name hive.dummyparam.test.server.specific.config.override does not exist
2024-04-24T08:11:04,731  INFO [6c29aca0-5695-4e22-b6fe-0d590f789bc1 main] session.HiveSessionImpl: executing set
2024-04-24T08:11:04,733  INFO [6c29aca0-5695-4e22-b6fe-0d590f789bc1 main] operation.HiveCommandOperation: Putting temp output to file /home/alex/Repositories/hive/beeline/target/tmp/alex/6c29aca0-5695-4e22-b6fe-0d590f789bc15585628989233896150.pipeout and error output to file /home/alex/Repositories/hive/beeline/target/tmp/alex/6c29aca0-5695-4e22-b6fe-0d590f789bc15032200961584926846.pipeout
2024-04-24T08:11:04,733  INFO [6c29aca0-5695-4e22-b6fe-0d590f789bc1 main] operation.OperationManager: Adding operation: OperationHandle [opType=EXECUTE_STATEMENT, getHandleIdentifier()=d8f9e36c-bc99-418c-ace9-e1621da8ef4b] SessionHandle [6c29aca0-5695-4e22-b6fe-0d590f789bc1]
2024-04-24T08:11:04,733  INFO [6c29aca0-5695-4e22-b6fe-0d590f789bc1 main] common.LogUtils: Thread context registration is done.
DEBUG StatusLogger Building Plugin[name=filter, class=org.apache.hadoop.hive.ql.log.LogDivertAppender$NameFilter].
DEBUG StatusLogger createFilter(loggingLevel="EXECUTION")
DEBUG StatusLogger Building Plugin[name=layout, class=org.apache.logging.log4j.core.layout.PatternLayout].
DEBUG StatusLogger PatternLayout$Builder(footer="null", charset="null", alwaysWriteExceptions="null", PatternSelector=null, disableAnsi="null", pattern="%-5p : %m%n", noConsoleNoAnsi="null", Replace=null, Configuration(HiveLog4j2Test), header="null")
DEBUG StatusLogger Building Plugin[name=appender, class=org.apache.hadoop.hive.ql.log.HushableRandomAccessFileAppender].
DEBUG StatusLogger createAppender(fileName="/home/alex/Repositories/hive/beeline/target/tmp/alex/operation_logs/6c29aca0-5695-4e22-b6fe-0d590f789bc1/alex_20240424081104_b1fed3c4-5711-46d3-b6a3-a8a4f7ddab30", append="null", name="query-file-appender", immediateFlush="null", bufferSize="null", ignoreExceptions="null", PatternLayout(org.apache.logging.log4j.core.layout.PatternLayout with name PatternLayout), NameFilter(org.apache.hadoop.hive.ql.log.LogDivertAppender$NameFilter with name NameFilter), advertise="null", advertiseURI="null", Configuration(HiveLog4j2Test))
DEBUG StatusLogger Starting RandomAccessFileManager /home/alex/Repositories/hive/beeline/target/tmp/alex/operation_logs/6c29aca0-5695-4e22-b6fe-0d590f789bc1/alex_20240424081104_b1fed3c4-5711-46d3-b6a3-a8a4f7ddab30
DEBUG StatusLogger Building Plugin[name=, class=org.apache.hadoop.hive.ql.log.LogDivertAppenderForTest$TestFilter].
DEBUG StatusLogger createFilter()
DEBUG StatusLogger Building Plugin[name=, class=org.apache.logging.log4j.core.layout.PatternLayout].
DEBUG StatusLogger PatternLayout$Builder(alwaysWriteExceptions="null", Configuration(HiveLog4j2Test), PatternSelector=null, header="null", pattern="%-5p : %m%n", noConsoleNoAnsi="null", Replace=null, charset="null", footer="null", disableAnsi="null")
DEBUG StatusLogger Building Plugin[name=appender, class=org.apache.hadoop.hive.ql.log.HushableRandomAccessFileAppender].
DEBUG StatusLogger createAppender(fileName="/home/alex/Repositories/hive/beeline/target/tmp/alex/operation_logs/6c29aca0-5695-4e22-b6fe-0d590f789bc1/alex_20240424081104_b1fed3c4-5711-46d3-b6a3-a8a4f7ddab30.test", append="null", name="test-query-file-appender", immediateFlush="null", bufferSize="null", ignoreExceptions="null", PatternLayout(org.apache.logging.log4j.core.layout.PatternLayout with name PatternLayout), test-filter(org.apache.hadoop.hive.ql.log.LogDivertAppenderForTest$TestFilter with name test-filter), advertise="null", advertiseURI="null", Configuration(HiveLog4j2Test))
DEBUG StatusLogger Starting RandomAccessFileManager /home/alex/Repositories/hive/beeline/target/tmp/alex/operation_logs/6c29aca0-5695-4e22-b6fe-0d590f789bc1/alex_20240424081104_b1fed3c4-5711-46d3-b6a3-a8a4f7ddab30.test
2024-04-24T08:11:04,741  INFO [6c29aca0-5695-4e22-b6fe-0d590f789bc1 main] operation.HiveCommandOperation: [opType=EXECUTE_STATEMENT, queryId=alex_20240424081104_b1fed3c4-5711-46d3-b6a3-a8a4f7ddab30, startTime=1713971464731, sessionId=6c29aca0-5695-4e22-b6fe-0d590f789bc1, createTime=1713971464668, userName=null, ipAddress=null]
2024-04-24T08:11:04,848  INFO [6c29aca0-5695-4e22-b6fe-0d590f789bc1 main] common.LogUtils: Unregistered logging context.
2024-04-24T08:11:04,851  INFO [6c29aca0-5695-4e22-b6fe-0d590f789bc1 main] operation.OperationManager: Closing operation: OperationHandle [opType=EXECUTE_STATEMENT, getHandleIdentifier()=d8f9e36c-bc99-418c-ace9-e1621da8ef4b]
2024-04-24T08:11:04,851  INFO [6c29aca0-5695-4e22-b6fe-0d590f789bc1 main] operation.OperationManager: Removed queryId: alex_20240424081104_b1fed3c4-5711-46d3-b6a3-a8a4f7ddab30 corresponding to operation: OperationHandle [opType=EXECUTE_STATEMENT, getHandleIdentifier()=d8f9e36c-bc99-418c-ace9-e1621da8ef4b] with tag: null
2024-04-24T08:11:04,852  INFO [6c29aca0-5695-4e22-b6fe-0d590f789bc1 main] operation.HiveCommandOperation: Closing operation log /home/alex/Repositories/hive/beeline/target/tmp/alex/operation_logs/6c29aca0-5695-4e22-b6fe-0d590f789bc1/alex_20240424081104_b1fed3c4-5711-46d3-b6a3-a8a4f7ddab30 without delay
2024-04-24T08:11:04,859  INFO [6c29aca0-5695-4e22-b6fe-0d590f789bc1 main] session.HiveSessionImpl: executing create database if not exists testDB
2024-04-24T08:11:04,860  INFO [6c29aca0-5695-4e22-b6fe-0d590f789bc1 main] operation.OperationManager: Adding operation: OperationHandle [opType=EXECUTE_STATEMENT, getHandleIdentifier()=b4744367-ead1-4e93-8322-37ea59044beb] SessionHandle [6c29aca0-5695-4e22-b6fe-0d590f789bc1]
2024-04-24T08:11:04,861  INFO [6c29aca0-5695-4e22-b6fe-0d590f789bc1 main] common.LogUtils: Thread context registration is done.
DEBUG StatusLogger Building Plugin[name=filter, class=org.apache.hadoop.hive.ql.log.LogDivertAppender$NameFilter].
DEBUG StatusLogger createFilter(loggingLevel="EXECUTION")
DEBUG StatusLogger Building Plugin[name=layout, class=org.apache.logging.log4j.core.layout.PatternLayout].
DEBUG StatusLogger PatternLayout$Builder(alwaysWriteExceptions="null", noConsoleNoAnsi="null", header="null", pattern="%-5p : %m%n", Configuration(HiveLog4j2Test), Replace=null, disableAnsi="null", charset="null", PatternSelector=null, footer="null")
DEBUG StatusLogger Building Plugin[name=appender, class=org.apache.hadoop.hive.ql.log.HushableRandomAccessFileAppender].
DEBUG StatusLogger createAppender(fileName="/home/alex/Repositories/hive/beeline/target/tmp/alex/operation_logs/6c29aca0-5695-4e22-b6fe-0d590f789bc1/alex_20240424081104_98a113ca-4c3f-48c2-888c-841c9cb292c6", append="null", name="query-file-appender", immediateFlush="null", bufferSize="null", ignoreExceptions="null", PatternLayout(org.apache.logging.log4j.core.layout.PatternLayout with name PatternLayout), NameFilter(org.apache.hadoop.hive.ql.log.LogDivertAppender$NameFilter with name NameFilter), advertise="null", advertiseURI="null", Configuration(HiveLog4j2Test))
DEBUG StatusLogger Starting RandomAccessFileManager /home/alex/Repositories/hive/beeline/target/tmp/alex/operation_logs/6c29aca0-5695-4e22-b6fe-0d590f789bc1/alex_20240424081104_98a113ca-4c3f-48c2-888c-841c9cb292c6
DEBUG StatusLogger Building Plugin[name=, class=org.apache.hadoop.hive.ql.log.LogDivertAppenderForTest$TestFilter].
DEBUG StatusLogger createFilter()
DEBUG StatusLogger Building Plugin[name=, class=org.apache.logging.log4j.core.layout.PatternLayout].
DEBUG StatusLogger PatternLayout$Builder(noConsoleNoAnsi="null", pattern="%-5p : %m%n", charset="null", Configuration(HiveLog4j2Test), header="null", disableAnsi="null", PatternSelector=null, footer="null", alwaysWriteExceptions="null", Replace=null)
DEBUG StatusLogger Building Plugin[name=appender, class=org.apache.hadoop.hive.ql.log.HushableRandomAccessFileAppender].
DEBUG StatusLogger createAppender(fileName="/home/alex/Repositories/hive/beeline/target/tmp/alex/operation_logs/6c29aca0-5695-4e22-b6fe-0d590f789bc1/alex_20240424081104_98a113ca-4c3f-48c2-888c-841c9cb292c6.test", append="null", name="test-query-file-appender", immediateFlush="null", bufferSize="null", ignoreExceptions="null", PatternLayout(org.apache.logging.log4j.core.layout.PatternLayout with name PatternLayout), test-filter(org.apache.hadoop.hive.ql.log.LogDivertAppenderForTest$TestFilter with name test-filter), advertise="null", advertiseURI="null", Configuration(HiveLog4j2Test))
DEBUG StatusLogger Starting RandomAccessFileManager /home/alex/Repositories/hive/beeline/target/tmp/alex/operation_logs/6c29aca0-5695-4e22-b6fe-0d590f789bc1/alex_20240424081104_98a113ca-4c3f-48c2-888c-841c9cb292c6.test
2024-04-24T08:11:04,868  INFO [6c29aca0-5695-4e22-b6fe-0d590f789bc1 main] operation.SQLOperation: [opType=EXECUTE_STATEMENT, queryId=alex_20240424081104_98a113ca-4c3f-48c2-888c-841c9cb292c6, startTime=1713971464859, sessionId=6c29aca0-5695-4e22-b6fe-0d590f789bc1, createTime=1713971464668, userName=null, ipAddress=null]
2024-04-24T08:11:04,869  INFO [6c29aca0-5695-4e22-b6fe-0d590f789bc1 main] ql.Driver: Compiling command(queryId=alex_20240424081104_98a113ca-4c3f-48c2-888c-841c9cb292c6): create database if not exists testDB
2024-04-24T08:11:04,871  INFO [6c29aca0-5695-4e22-b6fe-0d590f789bc1 main] metastore.HiveMetaStoreClient: HMS client filtering is enabled.
2024-04-24T08:11:04,872  INFO [6c29aca0-5695-4e22-b6fe-0d590f789bc1 main] metastore.HMSHandler: 0: Opening raw store with implementation class:org.apache.hadoop.hive.metastore.ObjectStore
2024-04-24T08:11:04,872  INFO [6c29aca0-5695-4e22-b6fe-0d590f789bc1 main] metastore.PersistenceManagerProvider: Configuration datanucleus.autoStartMechanismMode is not set. Defaulting to 'ignored'
2024-04-24T08:11:04,872  INFO [6c29aca0-5695-4e22-b6fe-0d590f789bc1 main] metastore.ObjectStore: RawStore: org.apache.hadoop.hive.metastore.ObjectStore@7e2c6fd6, with PersistenceManager: null will be shutdown
2024-04-24T08:11:04,873  INFO [6c29aca0-5695-4e22-b6fe-0d590f789bc1 main] metastore.ObjectStore: RawStore: org.apache.hadoop.hive.metastore.ObjectStore@7e2c6fd6, with PersistenceManager: org.datanucleus.api.jdo.JDOPersistenceManager@7ff6804a created in the thread with id: 1
2024-04-24T08:11:04,876  INFO [6c29aca0-5695-4e22-b6fe-0d590f789bc1 main] metastore.HMSHandler: Created RawStore: org.apache.hadoop.hive.metastore.ObjectStore@7e2c6fd6 from thread id: 1
2024-04-24T08:11:04,876  INFO [6c29aca0-5695-4e22-b6fe-0d590f789bc1 main] metastore.HMSHandler: HMS server filtering is disabled by configuration
2024-04-24T08:11:04,876  INFO [6c29aca0-5695-4e22-b6fe-0d590f789bc1 main] metastore.RetryingMetaStoreClient: RetryingMetaStoreClient proxy=class org.apache.hadoop.hive.ql.metadata.SessionHiveMetaStoreClient ugi=alex (auth:SIMPLE) retries=1 delay=1 lifetime=0
2024-04-24T08:11:04,877  INFO [6c29aca0-5695-4e22-b6fe-0d590f789bc1 main] ql.Driver: Semantic Analysis Completed (retrial = false)
2024-04-24T08:11:04,877  INFO [6c29aca0-5695-4e22-b6fe-0d590f789bc1 main] ql.Driver: Created Hive schema: Schema(fieldSchemas:null, properties:null)
2024-04-24T08:11:04,877  INFO [6c29aca0-5695-4e22-b6fe-0d590f789bc1 main] metadata.Hive: Dumping metastore api call timing information for : compilation phase
2024-04-24T08:11:04,877  INFO [6c29aca0-5695-4e22-b6fe-0d590f789bc1 main] metadata.Hive: Total time spent in each metastore function (ms): {isCompatibleWith_(Configuration)=0, flushCache_()=0}
2024-04-24T08:11:04,878  INFO [6c29aca0-5695-4e22-b6fe-0d590f789bc1 main] ql.Driver: Completed compiling command(queryId=alex_20240424081104_98a113ca-4c3f-48c2-888c-841c9cb292c6); Time taken: 0.008 seconds
2024-04-24T08:11:04,879  INFO [HiveServer2-Background-Pool: Thread-298] common.LogUtils: Thread context registration is done.
2024-04-24T08:11:04,879  INFO [6c29aca0-5695-4e22-b6fe-0d590f789bc1 main] common.LogUtils: Unregistered logging context.
2024-04-24T08:11:04,879  INFO [HiveServer2-Background-Pool: Thread-298] reexec.ReExecDriver: Execution #1 of query
2024-04-24T08:11:04,879  INFO [HiveServer2-Background-Pool: Thread-298] ql.Driver: Concurrency mode is disabled, not creating a lock manager
2024-04-24T08:11:04,880  INFO [HiveServer2-Background-Pool: Thread-298] ql.Driver: Executing command(queryId=alex_20240424081104_98a113ca-4c3f-48c2-888c-841c9cb292c6): create database if not exists testDB
2024-04-24T08:11:04,880  INFO [HiveServer2-Background-Pool: Thread-298] ql.Driver: Starting task [Stage-0:DDL] in serial mode
2024-04-24T08:11:04,881  INFO [HiveServer2-Background-Pool: Thread-298] sqlstd.SQLStdHiveAccessController: Created SQLStdHiveAccessController for session context : HiveAuthzSessionContext [sessionString=6c29aca0-5695-4e22-b6fe-0d590f789bc1, clientType=HIVESERVER2]
2024-04-24T08:11:04,881  WARN [HiveServer2-Background-Pool: Thread-298] exec.DDLTask: metastore.warehouse.external.dir is not set, falling back to metastore.warehouse.dir. This could cause external tables to use to managed tablespace.
2024-04-24T08:11:04,882  INFO [HiveServer2-Background-Pool: Thread-298] HiveMetaStore.audit: ugi=alex	ip=unknown-ip-addr	cmd=create_database: Database(name:testDB, description:null, locationUri:file:/home/alex/Repositories/hive/beeline/target/tmp/warehouse/testdb.db, parameters:null, ownerName:alex, ownerType:USER, catalogName:hive, type:NATIVE)	
2024-04-24T08:11:04,883  INFO [HiveServer2-Background-Pool: Thread-298] metastore.HMSHandler: 12: Opening raw store with implementation class:org.apache.hadoop.hive.metastore.ObjectStore
2024-04-24T08:11:04,884  INFO [HiveServer2-Background-Pool: Thread-298] metastore.ObjectStore: RawStore: org.apache.hadoop.hive.metastore.ObjectStore@11c7d85b, with PersistenceManager: null will be shutdown
2024-04-24T08:11:04,884  INFO [HiveServer2-Background-Pool: Thread-298] metastore.ObjectStore: RawStore: org.apache.hadoop.hive.metastore.ObjectStore@11c7d85b, with PersistenceManager: org.datanucleus.api.jdo.JDOPersistenceManager@54c54407 created in the thread with id: 298
2024-04-24T08:11:04,887  INFO [HiveServer2-Background-Pool: Thread-298] metastore.HMSHandler: Created RawStore: org.apache.hadoop.hive.metastore.ObjectStore@11c7d85b from thread id: 298
2024-04-24T08:11:04,888 ERROR [HiveServer2-Background-Pool: Thread-298] metastore.RetryingHMSHandler: AlreadyExistsException(message:Database testDB already exists)
	at org.apache.hadoop.hive.metastore.HMSHandler.create_database(HMSHandler.java:1472)
	at sun.reflect.NativeMethodAccessorImpl.invoke0(Native Method)
	at sun.reflect.NativeMethodAccessorImpl.invoke(NativeMethodAccessorImpl.java:62)
	at sun.reflect.DelegatingMethodAccessorImpl.invoke(DelegatingMethodAccessorImpl.java:43)
	at java.lang.reflect.Method.invoke(Method.java:498)
	at org.apache.hadoop.hive.metastore.RetryingHMSHandler.invokeInternal(RetryingHMSHandler.java:147)
	at org.apache.hadoop.hive.metastore.RetryingHMSHandler.invoke(RetryingHMSHandler.java:108)
	at com.sun.proxy.$Proxy40.create_database(Unknown Source)
	at org.apache.hadoop.hive.metastore.HiveMetaStoreClient.createDatabase(HiveMetaStoreClient.java:1151)
	at sun.reflect.NativeMethodAccessorImpl.invoke0(Native Method)
	at sun.reflect.NativeMethodAccessorImpl.invoke(NativeMethodAccessorImpl.java:62)
	at sun.reflect.DelegatingMethodAccessorImpl.invoke(DelegatingMethodAccessorImpl.java:43)
	at java.lang.reflect.Method.invoke(Method.java:498)
	at org.apache.hadoop.hive.metastore.RetryingMetaStoreClient.invoke(RetryingMetaStoreClient.java:218)
	at com.sun.proxy.$Proxy41.createDatabase(Unknown Source)
	at org.apache.hadoop.hive.ql.metadata.Hive.createDatabase(Hive.java:605)
	at org.apache.hadoop.hive.ql.ddl.database.create.CreateDatabaseOperation.execute(CreateDatabaseOperation.java:68)
	at org.apache.hadoop.hive.ql.ddl.DDLTask.execute(DDLTask.java:84)
	at org.apache.hadoop.hive.ql.exec.Task.executeTask(Task.java:212)
	at org.apache.hadoop.hive.ql.exec.TaskRunner.runSequential(TaskRunner.java:105)
	at org.apache.hadoop.hive.ql.Executor.launchTask(Executor.java:361)
	at org.apache.hadoop.hive.ql.Executor.launchTasks(Executor.java:334)
	at org.apache.hadoop.hive.ql.Executor.runTasks(Executor.java:245)
	at org.apache.hadoop.hive.ql.Executor.execute(Executor.java:108)
	at org.apache.hadoop.hive.ql.Driver.execute(Driver.java:348)
	at org.apache.hadoop.hive.ql.Driver.runInternal(Driver.java:204)
	at org.apache.hadoop.hive.ql.Driver.run(Driver.java:153)
	at org.apache.hadoop.hive.ql.Driver.run(Driver.java:148)
	at org.apache.hadoop.hive.ql.reexec.ReExecDriver.run(ReExecDriver.java:164)
	at org.apache.hive.service.cli.operation.SQLOperation.runQuery(SQLOperation.java:233)
	at org.apache.hive.service.cli.operation.SQLOperation.access$500(SQLOperation.java:88)
	at org.apache.hive.service.cli.operation.SQLOperation$BackgroundWork$1.run(SQLOperation.java:336)
	at java.security.AccessController.doPrivileged(Native Method)
	at javax.security.auth.Subject.doAs(Subject.java:422)
	at org.apache.hadoop.security.UserGroupInformation.doAs(UserGroupInformation.java:1682)
	at org.apache.hive.service.cli.operation.SQLOperation$BackgroundWork.run(SQLOperation.java:356)
	at java.util.concurrent.Executors$RunnableAdapter.call(Executors.java:511)
	at java.util.concurrent.FutureTask.run(FutureTask.java:266)
	at java.util.concurrent.ThreadPoolExecutor.runWorker(ThreadPoolExecutor.java:1149)
	at java.util.concurrent.ThreadPoolExecutor$Worker.run(ThreadPoolExecutor.java:624)
	at java.lang.Thread.run(Thread.java:750)

2024-04-24T08:11:04,889  INFO [HiveServer2-Background-Pool: Thread-298] metadata.Hive: Dumping metastore api call timing information for : execution phase
2024-04-24T08:11:04,889  INFO [HiveServer2-Background-Pool: Thread-298] metadata.Hive: Total time spent in each metastore function (ms): {isCompatibleWith_(Configuration)=1}
2024-04-24T08:11:04,889  INFO [HiveServer2-Background-Pool: Thread-298] ql.Driver: Completed executing command(queryId=alex_20240424081104_98a113ca-4c3f-48c2-888c-841c9cb292c6); Time taken: 0.009 seconds
2024-04-24T08:11:04,890  INFO [HiveServer2-Background-Pool: Thread-298] common.LogUtils: Unregistered logging context.
2024-04-24T08:11:04,892  INFO [6c29aca0-5695-4e22-b6fe-0d590f789bc1 main] operation.OperationManager: Closing operation: OperationHandle [opType=EXECUTE_STATEMENT, getHandleIdentifier()=b4744367-ead1-4e93-8322-37ea59044beb]
2024-04-24T08:11:04,892  INFO [6c29aca0-5695-4e22-b6fe-0d590f789bc1 main] operation.OperationManager: Removed queryId: alex_20240424081104_98a113ca-4c3f-48c2-888c-841c9cb292c6 corresponding to operation: OperationHandle [opType=EXECUTE_STATEMENT, getHandleIdentifier()=b4744367-ead1-4e93-8322-37ea59044beb] with tag: null
2024-04-24T08:11:04,892  INFO [6c29aca0-5695-4e22-b6fe-0d590f789bc1 main] operation.SQLOperation: Closing operation log /home/alex/Repositories/hive/beeline/target/tmp/alex/operation_logs/6c29aca0-5695-4e22-b6fe-0d590f789bc1/alex_20240424081104_98a113ca-4c3f-48c2-888c-841c9cb292c6 without delay
2024-04-24T08:11:04,897  INFO [6c29aca0-5695-4e22-b6fe-0d590f789bc1 main] session.HiveSessionImpl: executing use default
2024-04-24T08:11:04,898  INFO [6c29aca0-5695-4e22-b6fe-0d590f789bc1 main] operation.OperationManager: Adding operation: OperationHandle [opType=EXECUTE_STATEMENT, getHandleIdentifier()=b9d1952f-82fb-454e-8617-596b6bc17a14] SessionHandle [6c29aca0-5695-4e22-b6fe-0d590f789bc1]
2024-04-24T08:11:04,899  INFO [6c29aca0-5695-4e22-b6fe-0d590f789bc1 main] common.LogUtils: Thread context registration is done.
DEBUG StatusLogger Building Plugin[name=filter, class=org.apache.hadoop.hive.ql.log.LogDivertAppender$NameFilter].
DEBUG StatusLogger createFilter(loggingLevel="EXECUTION")
DEBUG StatusLogger Building Plugin[name=layout, class=org.apache.logging.log4j.core.layout.PatternLayout].
DEBUG StatusLogger PatternLayout$Builder(Replace=null, footer="null", alwaysWriteExceptions="null", charset="null", disableAnsi="null", pattern="%-5p : %m%n", header="null", PatternSelector=null, noConsoleNoAnsi="null", Configuration(HiveLog4j2Test))
DEBUG StatusLogger Building Plugin[name=appender, class=org.apache.hadoop.hive.ql.log.HushableRandomAccessFileAppender].
DEBUG StatusLogger createAppender(fileName="/home/alex/Repositories/hive/beeline/target/tmp/alex/operation_logs/6c29aca0-5695-4e22-b6fe-0d590f789bc1/alex_20240424081104_1f19de27-3293-480b-bf68-b5819e27c327", append="null", name="query-file-appender", immediateFlush="null", bufferSize="null", ignoreExceptions="null", PatternLayout(org.apache.logging.log4j.core.layout.PatternLayout with name PatternLayout), NameFilter(org.apache.hadoop.hive.ql.log.LogDivertAppender$NameFilter with name NameFilter), advertise="null", advertiseURI="null", Configuration(HiveLog4j2Test))
DEBUG StatusLogger Starting RandomAccessFileManager /home/alex/Repositories/hive/beeline/target/tmp/alex/operation_logs/6c29aca0-5695-4e22-b6fe-0d590f789bc1/alex_20240424081104_1f19de27-3293-480b-bf68-b5819e27c327
DEBUG StatusLogger Building Plugin[name=, class=org.apache.hadoop.hive.ql.log.LogDivertAppenderForTest$TestFilter].
DEBUG StatusLogger createFilter()
DEBUG StatusLogger Building Plugin[name=, class=org.apache.logging.log4j.core.layout.PatternLayout].
DEBUG StatusLogger PatternLayout$Builder(alwaysWriteExceptions="null", Configuration(HiveLog4j2Test), charset="null", disableAnsi="null", header="null", PatternSelector=null, noConsoleNoAnsi="null", pattern="%-5p : %m%n", Replace=null, footer="null")
DEBUG StatusLogger Building Plugin[name=appender, class=org.apache.hadoop.hive.ql.log.HushableRandomAccessFileAppender].
DEBUG StatusLogger createAppender(fileName="/home/alex/Repositories/hive/beeline/target/tmp/alex/operation_logs/6c29aca0-5695-4e22-b6fe-0d590f789bc1/alex_20240424081104_1f19de27-3293-480b-bf68-b5819e27c327.test", append="null", name="test-query-file-appender", immediateFlush="null", bufferSize="null", ignoreExceptions="null", PatternLayout(org.apache.logging.log4j.core.layout.PatternLayout with name PatternLayout), test-filter(org.apache.hadoop.hive.ql.log.LogDivertAppenderForTest$TestFilter with name test-filter), advertise="null", advertiseURI="null", Configuration(HiveLog4j2Test))
DEBUG StatusLogger Starting RandomAccessFileManager /home/alex/Repositories/hive/beeline/target/tmp/alex/operation_logs/6c29aca0-5695-4e22-b6fe-0d590f789bc1/alex_20240424081104_1f19de27-3293-480b-bf68-b5819e27c327.test
2024-04-24T08:11:04,906  INFO [6c29aca0-5695-4e22-b6fe-0d590f789bc1 main] operation.SQLOperation: [opType=EXECUTE_STATEMENT, queryId=alex_20240424081104_1f19de27-3293-480b-bf68-b5819e27c327, startTime=1713971464897, sessionId=6c29aca0-5695-4e22-b6fe-0d590f789bc1, createTime=1713971464668, userName=null, ipAddress=null]
2024-04-24T08:11:04,907  INFO [6c29aca0-5695-4e22-b6fe-0d590f789bc1 main] ql.Driver: Compiling command(queryId=alex_20240424081104_1f19de27-3293-480b-bf68-b5819e27c327): use default
2024-04-24T08:11:04,908  INFO [6c29aca0-5695-4e22-b6fe-0d590f789bc1 main] HiveMetaStore.audit: ugi=alex	ip=unknown-ip-addr	cmd=get_database: default	
2024-04-24T08:11:04,909  INFO [6c29aca0-5695-4e22-b6fe-0d590f789bc1 main] ql.Driver: Semantic Analysis Completed (retrial = false)
2024-04-24T08:11:04,909  INFO [6c29aca0-5695-4e22-b6fe-0d590f789bc1 main] ql.Driver: Created Hive schema: Schema(fieldSchemas:null, properties:null)
2024-04-24T08:11:04,909  INFO [6c29aca0-5695-4e22-b6fe-0d590f789bc1 main] metadata.Hive: Dumping metastore api call timing information for : compilation phase
2024-04-24T08:11:04,910  INFO [6c29aca0-5695-4e22-b6fe-0d590f789bc1 main] metadata.Hive: Total time spent in each metastore function (ms): {isCompatibleWith_(Configuration)=0, flushCache_()=0, getDatabase_(String)=1}
2024-04-24T08:11:04,910  INFO [6c29aca0-5695-4e22-b6fe-0d590f789bc1 main] ql.Driver: Completed compiling command(queryId=alex_20240424081104_1f19de27-3293-480b-bf68-b5819e27c327); Time taken: 0.002 seconds
2024-04-24T08:11:04,911  INFO [HiveServer2-Background-Pool: Thread-301] common.LogUtils: Thread context registration is done.
2024-04-24T08:11:04,911  INFO [HiveServer2-Background-Pool: Thread-301] reexec.ReExecDriver: Execution #1 of query
2024-04-24T08:11:04,911  INFO [6c29aca0-5695-4e22-b6fe-0d590f789bc1 main] common.LogUtils: Unregistered logging context.
2024-04-24T08:11:04,912  INFO [HiveServer2-Background-Pool: Thread-301] ql.Driver: Concurrency mode is disabled, not creating a lock manager
2024-04-24T08:11:04,912  INFO [HiveServer2-Background-Pool: Thread-301] ql.Driver: Executing command(queryId=alex_20240424081104_1f19de27-3293-480b-bf68-b5819e27c327): use default
2024-04-24T08:11:04,913  INFO [HiveServer2-Background-Pool: Thread-301] ql.Driver: Starting task [Stage-0:DDL] in serial mode
2024-04-24T08:11:04,913  INFO [HiveServer2-Background-Pool: Thread-301] HiveMetaStore.audit: ugi=alex	ip=unknown-ip-addr	cmd=get_database: default	
2024-04-24T08:11:04,915  INFO [HiveServer2-Background-Pool: Thread-301] metastore.HMSHandler: 13: Opening raw store with implementation class:org.apache.hadoop.hive.metastore.ObjectStore
2024-04-24T08:11:04,915  INFO [HiveServer2-Background-Pool: Thread-301] metastore.ObjectStore: RawStore: org.apache.hadoop.hive.metastore.ObjectStore@18645883, with PersistenceManager: null will be shutdown
2024-04-24T08:11:04,915  INFO [HiveServer2-Background-Pool: Thread-301] metastore.ObjectStore: RawStore: org.apache.hadoop.hive.metastore.ObjectStore@18645883, with PersistenceManager: org.datanucleus.api.jdo.JDOPersistenceManager@5d66d5eb created in the thread with id: 301
2024-04-24T08:11:04,918  INFO [HiveServer2-Background-Pool: Thread-301] metastore.HMSHandler: Created RawStore: org.apache.hadoop.hive.metastore.ObjectStore@18645883 from thread id: 301
2024-04-24T08:11:04,920  INFO [HiveServer2-Background-Pool: Thread-301] HiveMetaStore.audit: ugi=alex	ip=unknown-ip-addr	cmd=get_database: default	
2024-04-24T08:11:04,921  INFO [HiveServer2-Background-Pool: Thread-301] metadata.Hive: Dumping metastore api call timing information for : execution phase
2024-04-24T08:11:04,921  INFO [HiveServer2-Background-Pool: Thread-301] metadata.Hive: Total time spent in each metastore function (ms): {isCompatibleWith_(Configuration)=0, getDatabase_(String)=8}
2024-04-24T08:11:04,921  INFO [HiveServer2-Background-Pool: Thread-301] ql.Driver: Completed executing command(queryId=alex_20240424081104_1f19de27-3293-480b-bf68-b5819e27c327); Time taken: 0.009 seconds
2024-04-24T08:11:04,922  INFO [HiveServer2-Background-Pool: Thread-301] common.LogUtils: Unregistered logging context.
2024-04-24T08:11:04,923  INFO [6c29aca0-5695-4e22-b6fe-0d590f789bc1 main] operation.OperationManager: Closing operation: OperationHandle [opType=EXECUTE_STATEMENT, getHandleIdentifier()=b9d1952f-82fb-454e-8617-596b6bc17a14]
2024-04-24T08:11:04,923  INFO [6c29aca0-5695-4e22-b6fe-0d590f789bc1 main] operation.OperationManager: Removed queryId: alex_20240424081104_1f19de27-3293-480b-bf68-b5819e27c327 corresponding to operation: OperationHandle [opType=EXECUTE_STATEMENT, getHandleIdentifier()=b9d1952f-82fb-454e-8617-596b6bc17a14] with tag: null
2024-04-24T08:11:04,923  INFO [6c29aca0-5695-4e22-b6fe-0d590f789bc1 main] operation.SQLOperation: Closing operation log /home/alex/Repositories/hive/beeline/target/tmp/alex/operation_logs/6c29aca0-5695-4e22-b6fe-0d590f789bc1/alex_20240424081104_1f19de27-3293-480b-bf68-b5819e27c327 without delay
2024-04-24T08:11:04,927  INFO [main] service.CompositeService: Session closed, SessionHandle [6c29aca0-5695-4e22-b6fe-0d590f789bc1], current sessions:0
2024-04-24T08:11:04,928  INFO [6c29aca0-5695-4e22-b6fe-0d590f789bc1 main] session.HiveSessionImpl: Operation log session directory is deleted: /home/alex/Repositories/hive/beeline/target/tmp/alex/operation_logs/6c29aca0-5695-4e22-b6fe-0d590f789bc1
2024-04-24T08:11:04,928  INFO [main] cleanup.EventualCleanupService: Delete /tmp/hive/alex/6c29aca0-5695-4e22-b6fe-0d590f789bc1 operation was queued
2024-04-24T08:11:04,928  INFO [main] cleanup.EventualCleanupService: Delete /home/alex/Repositories/hive/beeline/target/tmp/alex/6c29aca0-5695-4e22-b6fe-0d590f789bc1 operation was queued
2024-04-24T08:11:04,928  INFO [EventualCleanupService thread 1] cleanup.EventualCleanupService: Deleted /home/alex/Repositories/hive/beeline/target/tmp/alex/6c29aca0-5695-4e22-b6fe-0d590f789bc1
2024-04-24T08:11:04,928  INFO [EventualCleanupService thread 0] cleanup.EventualCleanupService: Deleted /tmp/hive/alex/6c29aca0-5695-4e22-b6fe-0d590f789bc1
2024-04-24T08:11:04,929  INFO [main] HiveMetaStore.audit: ugi=alex	ip=unknown-ip-addr	cmd=Cleaning up thread local RawStore...	
2024-04-24T08:11:04,929  INFO [main] metastore.ObjectStore: RawStore: org.apache.hadoop.hive.metastore.ObjectStore@7e2c6fd6, with PersistenceManager: org.datanucleus.api.jdo.JDOPersistenceManager@7ff6804a will be shutdown
2024-04-24T08:11:04,929  INFO [main] HiveMetaStore.audit: ugi=alex	ip=unknown-ip-addr	cmd=Done cleaning up thread local RawStore	
2024-04-24T08:11:04,929  INFO [main] metastore.HiveMetaStoreClient: Closed a connection to metastore, current connections: -17
]]></system-err>
  </testcase>
  <testcase name="testUseCurrentDB2" classname="org.apache.hive.beeline.cli.TestHiveCli" time="0.352">
    <failure type="java.lang.AssertionError"><![CDATA[java.lang.AssertionError: 
The expected keyword "hive (testDB)>" occur in the output: Connecting to jdbc:hive2://
Hive Session ID = 91ea3bfa-efa7-4630-b63f-2a2b512fb4d9
ivysettings.xml file not found in HIVE_HOME or HIVE_CONF_DIR,/home/alex/Repositories/hive/conf/ivysettings.xml will be used
ivysettings.xml file not found in HIVE_HOME or HIVE_CONF_DIR,/home/alex/Repositories/hive/conf/ivysettings.xml will be used
Connected to: Apache Hive (version 4.0.0-SNAPSHOT)
Error: Couldn't load manifest attributes. (state=,code=0)
Transaction isolation: TRANSACTION_REPEATABLE_READ
Beeline version ??? by Apache Hive
hive> create database if not exists testDB; set hive.cli.print.current.db=true;use
. . > testDB;
INFO  : Compiling command(queryId=alex_20240424081105_0b86c8be-3df5-4260-803c-ec9fa368a4e2): create database if not exists testDB
INFO  : Semantic Analysis Completed (retrial = false)
INFO  : Created Hive schema: Schema(fieldSchemas:null, properties:null)
INFO  : Completed compiling command(queryId=alex_20240424081105_0b86c8be-3df5-4260-803c-ec9fa368a4e2); Time taken: 0.006 seconds
INFO  : Concurrency mode is disabled, not creating a lock manager
INFO  : Executing command(queryId=alex_20240424081105_0b86c8be-3df5-4260-803c-ec9fa368a4e2): create database if not exists testDB
INFO  : Starting task [Stage-0:DDL] in serial mode
DEBUG : Task getting executed using mapred tag : alex_20240424081105_0b86c8be-3df5-4260-803c-ec9fa368a4e2,userid=null
INFO  : Completed executing command(queryId=alex_20240424081105_0b86c8be-3df5-4260-803c-ec9fa368a4e2); Time taken: 0.009 seconds
DEBUG : Shutting down query create database if not exists testDB
Error: Failed to wait for operation to complete (state=08S01,code=0)
hive> use default;drop if exists testDB;
INFO  : Compiling command(queryId=alex_20240424081105_ec7f21cd-4305-436e-8276-1a0ce72cd167): use default
INFO  : Semantic Analysis Completed (retrial = false)
INFO  : Created Hive schema: Schema(fieldSchemas:null, properties:null)
INFO  : Completed compiling command(queryId=alex_20240424081105_ec7f21cd-4305-436e-8276-1a0ce72cd167); Time taken: 0.003 seconds
INFO  : Concurrency mode is disabled, not creating a lock manager
INFO  : Executing command(queryId=alex_20240424081105_ec7f21cd-4305-436e-8276-1a0ce72cd167): use default
INFO  : Starting task [Stage-0:DDL] in serial mode
DEBUG : Task getting executed using mapred tag : alex_20240424081105_ec7f21cd-4305-436e-8276-1a0ce72cd167,userid=null
INFO  : Completed executing command(queryId=alex_20240424081105_ec7f21cd-4305-436e-8276-1a0ce72cd167); Time taken: 0.01 seconds
DEBUG : Shutting down query use default
Error: Failed to wait for operation to complete (state=08S01,code=0)
hive> Closing: 0: jdbc:hive2://

	at org.junit.Assert.fail(Assert.java:89)
	at org.junit.Assert.assertTrue(Assert.java:42)
	at org.apache.hive.beeline.cli.TestHiveCli.verifyCMD(TestHiveCli.java:270)
	at org.apache.hive.beeline.cli.TestHiveCli.testUseCurrentDB2(TestHiveCli.java:219)
	at sun.reflect.NativeMethodAccessorImpl.invoke0(Native Method)
	at sun.reflect.NativeMethodAccessorImpl.invoke(NativeMethodAccessorImpl.java:62)
	at sun.reflect.DelegatingMethodAccessorImpl.invoke(DelegatingMethodAccessorImpl.java:43)
	at java.lang.reflect.Method.invoke(Method.java:498)
	at org.junit.runners.model.FrameworkMethod$1.runReflectiveCall(FrameworkMethod.java:59)
	at org.junit.internal.runners.model.ReflectiveCallable.run(ReflectiveCallable.java:12)
	at org.junit.runners.model.FrameworkMethod.invokeExplosively(FrameworkMethod.java:56)
	at org.junit.internal.runners.statements.InvokeMethod.evaluate(InvokeMethod.java:17)
	at org.junit.internal.runners.statements.RunBefores.evaluate(RunBefores.java:26)
	at org.junit.internal.runners.statements.RunAfters.evaluate(RunAfters.java:27)
	at org.junit.runners.ParentRunner$3.evaluate(ParentRunner.java:306)
	at org.junit.runners.BlockJUnit4ClassRunner$1.evaluate(BlockJUnit4ClassRunner.java:100)
	at org.junit.runners.ParentRunner.runLeaf(ParentRunner.java:366)
	at org.junit.runners.BlockJUnit4ClassRunner.runChild(BlockJUnit4ClassRunner.java:103)
	at org.junit.runners.BlockJUnit4ClassRunner.runChild(BlockJUnit4ClassRunner.java:63)
	at org.junit.runners.ParentRunner$4.run(ParentRunner.java:331)
	at org.junit.runners.ParentRunner$1.schedule(ParentRunner.java:79)
	at org.junit.runners.ParentRunner.runChildren(ParentRunner.java:329)
	at org.junit.runners.ParentRunner.access$100(ParentRunner.java:66)
	at org.junit.runners.ParentRunner$2.evaluate(ParentRunner.java:293)
	at org.junit.internal.runners.statements.RunBefores.evaluate(RunBefores.java:26)
	at org.junit.runners.ParentRunner$3.evaluate(ParentRunner.java:306)
	at org.junit.runners.ParentRunner.run(ParentRunner.java:413)
	at org.junit.runner.JUnitCore.run(JUnitCore.java:137)
	at org.junit.runner.JUnitCore.run(JUnitCore.java:115)
	at org.junit.vintage.engine.execution.RunnerExecutor.execute(RunnerExecutor.java:43)
	at java.util.stream.ForEachOps$ForEachOp$OfRef.accept(ForEachOps.java:183)
	at java.util.stream.ReferencePipeline$3$1.accept(ReferencePipeline.java:193)
	at java.util.Iterator.forEachRemaining(Iterator.java:116)
	at java.util.Spliterators$IteratorSpliterator.forEachRemaining(Spliterators.java:1801)
	at java.util.stream.AbstractPipeline.copyInto(AbstractPipeline.java:482)
	at java.util.stream.AbstractPipeline.wrapAndCopyInto(AbstractPipeline.java:472)
	at java.util.stream.ForEachOps$ForEachOp.evaluateSequential(ForEachOps.java:150)
	at java.util.stream.ForEachOps$ForEachOp$OfRef.evaluateSequential(ForEachOps.java:173)
	at java.util.stream.AbstractPipeline.evaluate(AbstractPipeline.java:234)
	at java.util.stream.ReferencePipeline.forEach(ReferencePipeline.java:485)
	at org.junit.vintage.engine.VintageTestEngine.executeAllChildren(VintageTestEngine.java:82)
	at org.junit.vintage.engine.VintageTestEngine.execute(VintageTestEngine.java:73)
	at org.junit.platform.launcher.core.DefaultLauncher.execute(DefaultLauncher.java:248)
	at org.junit.platform.launcher.core.DefaultLauncher.lambda$execute$5(DefaultLauncher.java:211)
	at org.junit.platform.launcher.core.DefaultLauncher.withInterceptedStreams(DefaultLauncher.java:226)
	at org.junit.platform.launcher.core.DefaultLauncher.execute(DefaultLauncher.java:199)
	at org.junit.platform.launcher.core.DefaultLauncher.execute(DefaultLauncher.java:132)
	at org.apache.maven.surefire.junitplatform.JUnitPlatformProvider.invokeAllTests(JUnitPlatformProvider.java:154)
	at org.apache.maven.surefire.junitplatform.JUnitPlatformProvider.invoke(JUnitPlatformProvider.java:123)
	at org.apache.maven.surefire.booter.ForkedBooter.runSuitesInProcess(ForkedBooter.java:377)
	at org.apache.maven.surefire.booter.ForkedBooter.execute(ForkedBooter.java:138)
	at org.apache.maven.surefire.booter.ForkedBooter.run(ForkedBooter.java:465)
	at org.apache.maven.surefire.booter.ForkedBooter.main(ForkedBooter.java:451)
]]></failure>
    <system-err><![CDATA[2024-04-24T08:11:04,930 ERROR [main] cli.TestHiveCli: Failed to execute command due to the error: java.lang.NullPointerException: Null output stream
2024-04-24T08:11:04,978  WARN [main] conf.HiveConf: HiveConf of name hive.dummyparam.test.server.specific.config.override does not exist
2024-04-24T08:11:04,979  WARN [main] conf.HiveConf: HiveConf of name hive.dummyparam.test.server.specific.config.metastoresite does not exist
2024-04-24T08:11:04,979  WARN [main] conf.HiveConf: HiveConf of name hive.dummyparam.test.server.specific.config.hiveserver2site does not exist
2024-04-24T08:11:04,979  INFO [main] SessionState: Hive Session ID = 91ea3bfa-efa7-4630-b63f-2a2b512fb4d9
2024-04-24T08:11:04,980  INFO [main] DependencyResolver: ivysettings.xml file not found in HIVE_HOME or HIVE_CONF_DIR,/home/alex/Repositories/hive/conf/ivysettings.xml will be used
2024-04-24T08:11:04,987  INFO [main] session.SessionState: Created HDFS directory: /tmp/hive/alex/91ea3bfa-efa7-4630-b63f-2a2b512fb4d9
2024-04-24T08:11:04,989  INFO [main] session.SessionState: Created local directory: /home/alex/Repositories/hive/beeline/target/tmp/alex/91ea3bfa-efa7-4630-b63f-2a2b512fb4d9
2024-04-24T08:11:04,993  INFO [main] session.SessionState: Created HDFS directory: /tmp/hive/alex/91ea3bfa-efa7-4630-b63f-2a2b512fb4d9/_tmp_space.db
2024-04-24T08:11:04,993  INFO [main] sqlstd.SQLStdHiveAccessController: Created SQLStdHiveAccessController for session context : HiveAuthzSessionContext [sessionString=91ea3bfa-efa7-4630-b63f-2a2b512fb4d9, clientType=HIVESERVER2]
2024-04-24T08:11:04,995  INFO [main] metastore.HiveMetaStoreClient: HMS client filtering is enabled.
2024-04-24T08:11:04,995  INFO [main] metastore.HMSHandler: 0: Opening raw store with implementation class:org.apache.hadoop.hive.metastore.ObjectStore
2024-04-24T08:11:04,995  INFO [main] metastore.PersistenceManagerProvider: Configuration datanucleus.autoStartMechanismMode is not set. Defaulting to 'ignored'
2024-04-24T08:11:04,996  INFO [main] metastore.ObjectStore: RawStore: org.apache.hadoop.hive.metastore.ObjectStore@59a94d0f, with PersistenceManager: null will be shutdown
2024-04-24T08:11:04,996  INFO [main] metastore.ObjectStore: RawStore: org.apache.hadoop.hive.metastore.ObjectStore@59a94d0f, with PersistenceManager: org.datanucleus.api.jdo.JDOPersistenceManager@7ff09659 created in the thread with id: 1
2024-04-24T08:11:04,999  INFO [main] metastore.HMSHandler: Created RawStore: org.apache.hadoop.hive.metastore.ObjectStore@59a94d0f from thread id: 1
2024-04-24T08:11:04,999  INFO [main] metastore.HMSHandler: HMS server filtering is disabled by configuration
2024-04-24T08:11:04,999  INFO [main] metastore.RetryingMetaStoreClient: RetryingMetaStoreClient proxy=class org.apache.hadoop.hive.ql.metadata.SessionHiveMetaStoreClient ugi=alex (auth:SIMPLE) retries=1 delay=1 lifetime=0
2024-04-24T08:11:05,000  INFO [main] service.CompositeService: Operation log root directory is created: /home/alex/Repositories/hive/beeline/target/tmp/alex/operation_logs
2024-04-24T08:11:05,000  INFO [main] service.CompositeService: HiveServer2: Background operation thread pool size: 100
2024-04-24T08:11:05,000  INFO [main] service.CompositeService: HiveServer2: Background operation thread wait queue size: 100
2024-04-24T08:11:05,000  INFO [main] service.CompositeService: HiveServer2: Background operation thread keepalive time: 10 seconds
2024-04-24T08:11:05,000  INFO [main] service.CompositeService: Connections limit are user: 0 ipaddress: 0 user-ipaddress: 0
2024-04-24T08:11:05,001  INFO [main] cleanup.EventualCleanupService: EventualCleanupService started with 10 threads and queue of size 10000
ERROR StatusLogger Log4j2 ConfigurationScheduler attempted to increment scheduled items after start
ERROR StatusLogger Log4j2 ConfigurationScheduler attempted to increment scheduled items after start
2024-04-24T08:11:05,003  INFO [main] service.AbstractService: Service:OperationManager is inited.
2024-04-24T08:11:05,003  INFO [main] service.AbstractService: Service:SessionManager is inited.
2024-04-24T08:11:05,003  INFO [main] service.AbstractService: Service:CLIService is inited.
2024-04-24T08:11:05,003  INFO [main] service.AbstractService: Service:OperationManager is started.
2024-04-24T08:11:05,003  INFO [main] service.AbstractService: Service:SessionManager is started.
2024-04-24T08:11:05,003  INFO [main] service.AbstractService: Service:CLIService is started.
2024-04-24T08:11:05,003  INFO [main] service.AbstractService: Service:ThriftBinaryCLIService is inited.
2024-04-24T08:11:05,004  INFO [main] thrift.ThriftCLIService: Client protocol version: HIVE_CLI_SERVICE_PROTOCOL_V10
2024-04-24T08:11:05,004  INFO [main] thrift.ThriftCLIService: Creating Hive session handle for user [null] from IP null
2024-04-24T08:11:05,005  INFO [main] DependencyResolver: ivysettings.xml file not found in HIVE_HOME or HIVE_CONF_DIR,/home/alex/Repositories/hive/conf/ivysettings.xml will be used
2024-04-24T08:11:05,012  INFO [main] session.SessionState: Created HDFS directory: /tmp/hive/alex/acbf378d-553d-4166-83f7-fe8f60187849
2024-04-24T08:11:05,015  INFO [main] session.SessionState: Created local directory: /home/alex/Repositories/hive/beeline/target/tmp/alex/acbf378d-553d-4166-83f7-fe8f60187849
2024-04-24T08:11:05,018  INFO [main] session.SessionState: Created HDFS directory: /tmp/hive/alex/acbf378d-553d-4166-83f7-fe8f60187849/_tmp_space.db
2024-04-24T08:11:05,018  INFO [main] session.SessionState: Reloading auxiliary JAR files
2024-04-24T08:11:05,018  WARN [main] session.SessionState: Configuration hive.reloadable.aux.jars.path not specified
2024-04-24T08:11:05,018  INFO [main] HiveMetaStore.audit: ugi=alex	ip=unknown-ip-addr	cmd=Cleaning up thread local RawStore...	
2024-04-24T08:11:05,018  INFO [main] metastore.ObjectStore: RawStore: org.apache.hadoop.hive.metastore.ObjectStore@59a94d0f, with PersistenceManager: org.datanucleus.api.jdo.JDOPersistenceManager@7ff09659 will be shutdown
2024-04-24T08:11:05,018  INFO [main] HiveMetaStore.audit: ugi=alex	ip=unknown-ip-addr	cmd=Done cleaning up thread local RawStore	
2024-04-24T08:11:05,019  INFO [main] metastore.HiveMetaStoreClient: Closed a connection to metastore, current connections: -18
2024-04-24T08:11:05,019  INFO [main] session.HiveSessionImpl: Operation log session directory is created: /home/alex/Repositories/hive/beeline/target/tmp/alex/operation_logs/acbf378d-553d-4166-83f7-fe8f60187849
2024-04-24T08:11:05,019  INFO [main] service.CompositeService: Session opened, SessionHandle [acbf378d-553d-4166-83f7-fe8f60187849], current sessions:1
2024-04-24T08:11:05,019  INFO [main] thrift.ThriftCLIService: Login attempt is successful for user : null
2024-04-24T08:11:05,066  WARN [main] conf.HiveConf: HiveConf of name hive.dummyparam.test.server.specific.config.metastoresite does not exist
2024-04-24T08:11:05,067  WARN [main] conf.HiveConf: HiveConf of name hive.dummyparam.test.server.specific.config.override does not exist
2024-04-24T08:11:05,067  WARN [main] conf.HiveConf: HiveConf of name hive.dummyparam.test.server.specific.config.hiveserver2site does not exist
2024-04-24T08:11:05,067  INFO [acbf378d-553d-4166-83f7-fe8f60187849 main] session.HiveSessionImpl: executing set
2024-04-24T08:11:05,069  INFO [acbf378d-553d-4166-83f7-fe8f60187849 main] operation.HiveCommandOperation: Putting temp output to file /home/alex/Repositories/hive/beeline/target/tmp/alex/acbf378d-553d-4166-83f7-fe8f601878497461145965196186779.pipeout and error output to file /home/alex/Repositories/hive/beeline/target/tmp/alex/acbf378d-553d-4166-83f7-fe8f601878492479751128963652980.pipeout
2024-04-24T08:11:05,069  INFO [acbf378d-553d-4166-83f7-fe8f60187849 main] operation.OperationManager: Adding operation: OperationHandle [opType=EXECUTE_STATEMENT, getHandleIdentifier()=c71c633f-7957-43eb-a81b-fdfc3a1166ff] SessionHandle [acbf378d-553d-4166-83f7-fe8f60187849]
2024-04-24T08:11:05,070  INFO [acbf378d-553d-4166-83f7-fe8f60187849 main] common.LogUtils: Thread context registration is done.
DEBUG StatusLogger Building Plugin[name=filter, class=org.apache.hadoop.hive.ql.log.LogDivertAppender$NameFilter].
DEBUG StatusLogger createFilter(loggingLevel="EXECUTION")
DEBUG StatusLogger Building Plugin[name=layout, class=org.apache.logging.log4j.core.layout.PatternLayout].
DEBUG StatusLogger PatternLayout$Builder(noConsoleNoAnsi="null", PatternSelector=null, footer="null", disableAnsi="null", pattern="%-5p : %m%n", Configuration(HiveLog4j2Test), alwaysWriteExceptions="null", header="null", Replace=null, charset="null")
DEBUG StatusLogger Building Plugin[name=appender, class=org.apache.hadoop.hive.ql.log.HushableRandomAccessFileAppender].
DEBUG StatusLogger createAppender(fileName="/home/alex/Repositories/hive/beeline/target/tmp/alex/operation_logs/acbf378d-553d-4166-83f7-fe8f60187849/alex_20240424081105_d1ecb5cc-2912-4676-9cec-72f32334a921", append="null", name="query-file-appender", immediateFlush="null", bufferSize="null", ignoreExceptions="null", PatternLayout(org.apache.logging.log4j.core.layout.PatternLayout with name PatternLayout), NameFilter(org.apache.hadoop.hive.ql.log.LogDivertAppender$NameFilter with name NameFilter), advertise="null", advertiseURI="null", Configuration(HiveLog4j2Test))
DEBUG StatusLogger Starting RandomAccessFileManager /home/alex/Repositories/hive/beeline/target/tmp/alex/operation_logs/acbf378d-553d-4166-83f7-fe8f60187849/alex_20240424081105_d1ecb5cc-2912-4676-9cec-72f32334a921
DEBUG StatusLogger Building Plugin[name=, class=org.apache.hadoop.hive.ql.log.LogDivertAppenderForTest$TestFilter].
DEBUG StatusLogger createFilter()
DEBUG StatusLogger Building Plugin[name=, class=org.apache.logging.log4j.core.layout.PatternLayout].
DEBUG StatusLogger PatternLayout$Builder(alwaysWriteExceptions="null", pattern="%-5p : %m%n", disableAnsi="null", PatternSelector=null, noConsoleNoAnsi="null", Replace=null, charset="null", Configuration(HiveLog4j2Test), header="null", footer="null")
DEBUG StatusLogger Building Plugin[name=appender, class=org.apache.hadoop.hive.ql.log.HushableRandomAccessFileAppender].
DEBUG StatusLogger createAppender(fileName="/home/alex/Repositories/hive/beeline/target/tmp/alex/operation_logs/acbf378d-553d-4166-83f7-fe8f60187849/alex_20240424081105_d1ecb5cc-2912-4676-9cec-72f32334a921.test", append="null", name="test-query-file-appender", immediateFlush="null", bufferSize="null", ignoreExceptions="null", PatternLayout(org.apache.logging.log4j.core.layout.PatternLayout with name PatternLayout), test-filter(org.apache.hadoop.hive.ql.log.LogDivertAppenderForTest$TestFilter with name test-filter), advertise="null", advertiseURI="null", Configuration(HiveLog4j2Test))
DEBUG StatusLogger Starting RandomAccessFileManager /home/alex/Repositories/hive/beeline/target/tmp/alex/operation_logs/acbf378d-553d-4166-83f7-fe8f60187849/alex_20240424081105_d1ecb5cc-2912-4676-9cec-72f32334a921.test
2024-04-24T08:11:05,082  INFO [acbf378d-553d-4166-83f7-fe8f60187849 main] operation.HiveCommandOperation: [opType=EXECUTE_STATEMENT, queryId=alex_20240424081105_d1ecb5cc-2912-4676-9cec-72f32334a921, startTime=1713971465068, sessionId=acbf378d-553d-4166-83f7-fe8f60187849, createTime=1713971465004, userName=null, ipAddress=null]
2024-04-24T08:11:05,192  INFO [acbf378d-553d-4166-83f7-fe8f60187849 main] common.LogUtils: Unregistered logging context.
2024-04-24T08:11:05,195  INFO [acbf378d-553d-4166-83f7-fe8f60187849 main] operation.OperationManager: Closing operation: OperationHandle [opType=EXECUTE_STATEMENT, getHandleIdentifier()=c71c633f-7957-43eb-a81b-fdfc3a1166ff]
2024-04-24T08:11:05,195  INFO [acbf378d-553d-4166-83f7-fe8f60187849 main] operation.OperationManager: Removed queryId: alex_20240424081105_d1ecb5cc-2912-4676-9cec-72f32334a921 corresponding to operation: OperationHandle [opType=EXECUTE_STATEMENT, getHandleIdentifier()=c71c633f-7957-43eb-a81b-fdfc3a1166ff] with tag: null
2024-04-24T08:11:05,196  INFO [acbf378d-553d-4166-83f7-fe8f60187849 main] operation.HiveCommandOperation: Closing operation log /home/alex/Repositories/hive/beeline/target/tmp/alex/operation_logs/acbf378d-553d-4166-83f7-fe8f60187849/alex_20240424081105_d1ecb5cc-2912-4676-9cec-72f32334a921 without delay
2024-04-24T08:11:05,211  INFO [acbf378d-553d-4166-83f7-fe8f60187849 main] session.HiveSessionImpl: executing create database if not exists testDB
2024-04-24T08:11:05,212  INFO [acbf378d-553d-4166-83f7-fe8f60187849 main] operation.OperationManager: Adding operation: OperationHandle [opType=EXECUTE_STATEMENT, getHandleIdentifier()=e7a77308-2869-4e67-a330-9ca86c3b0307] SessionHandle [acbf378d-553d-4166-83f7-fe8f60187849]
2024-04-24T08:11:05,213  INFO [acbf378d-553d-4166-83f7-fe8f60187849 main] common.LogUtils: Thread context registration is done.
DEBUG StatusLogger Building Plugin[name=filter, class=org.apache.hadoop.hive.ql.log.LogDivertAppender$NameFilter].
DEBUG StatusLogger createFilter(loggingLevel="EXECUTION")
DEBUG StatusLogger Building Plugin[name=layout, class=org.apache.logging.log4j.core.layout.PatternLayout].
DEBUG StatusLogger PatternLayout$Builder(header="null", alwaysWriteExceptions="null", charset="null", Configuration(HiveLog4j2Test), noConsoleNoAnsi="null", PatternSelector=null, pattern="%-5p : %m%n", disableAnsi="null", Replace=null, footer="null")
DEBUG StatusLogger Building Plugin[name=appender, class=org.apache.hadoop.hive.ql.log.HushableRandomAccessFileAppender].
DEBUG StatusLogger createAppender(fileName="/home/alex/Repositories/hive/beeline/target/tmp/alex/operation_logs/acbf378d-553d-4166-83f7-fe8f60187849/alex_20240424081105_0b86c8be-3df5-4260-803c-ec9fa368a4e2", append="null", name="query-file-appender", immediateFlush="null", bufferSize="null", ignoreExceptions="null", PatternLayout(org.apache.logging.log4j.core.layout.PatternLayout with name PatternLayout), NameFilter(org.apache.hadoop.hive.ql.log.LogDivertAppender$NameFilter with name NameFilter), advertise="null", advertiseURI="null", Configuration(HiveLog4j2Test))
DEBUG StatusLogger Starting RandomAccessFileManager /home/alex/Repositories/hive/beeline/target/tmp/alex/operation_logs/acbf378d-553d-4166-83f7-fe8f60187849/alex_20240424081105_0b86c8be-3df5-4260-803c-ec9fa368a4e2
DEBUG StatusLogger Building Plugin[name=, class=org.apache.hadoop.hive.ql.log.LogDivertAppenderForTest$TestFilter].
DEBUG StatusLogger createFilter()
DEBUG StatusLogger Building Plugin[name=, class=org.apache.logging.log4j.core.layout.PatternLayout].
DEBUG StatusLogger PatternLayout$Builder(noConsoleNoAnsi="null", pattern="%-5p : %m%n", disableAnsi="null", footer="null", alwaysWriteExceptions="null", header="null", Replace=null, Configuration(HiveLog4j2Test), PatternSelector=null, charset="null")
DEBUG StatusLogger Building Plugin[name=appender, class=org.apache.hadoop.hive.ql.log.HushableRandomAccessFileAppender].
DEBUG StatusLogger createAppender(fileName="/home/alex/Repositories/hive/beeline/target/tmp/alex/operation_logs/acbf378d-553d-4166-83f7-fe8f60187849/alex_20240424081105_0b86c8be-3df5-4260-803c-ec9fa368a4e2.test", append="null", name="test-query-file-appender", immediateFlush="null", bufferSize="null", ignoreExceptions="null", PatternLayout(org.apache.logging.log4j.core.layout.PatternLayout with name PatternLayout), test-filter(org.apache.hadoop.hive.ql.log.LogDivertAppenderForTest$TestFilter with name test-filter), advertise="null", advertiseURI="null", Configuration(HiveLog4j2Test))
DEBUG StatusLogger Starting RandomAccessFileManager /home/alex/Repositories/hive/beeline/target/tmp/alex/operation_logs/acbf378d-553d-4166-83f7-fe8f60187849/alex_20240424081105_0b86c8be-3df5-4260-803c-ec9fa368a4e2.test
2024-04-24T08:11:05,220  INFO [acbf378d-553d-4166-83f7-fe8f60187849 main] operation.SQLOperation: [opType=EXECUTE_STATEMENT, queryId=alex_20240424081105_0b86c8be-3df5-4260-803c-ec9fa368a4e2, startTime=1713971465211, sessionId=acbf378d-553d-4166-83f7-fe8f60187849, createTime=1713971465004, userName=null, ipAddress=null]
2024-04-24T08:11:05,221  INFO [acbf378d-553d-4166-83f7-fe8f60187849 main] ql.Driver: Compiling command(queryId=alex_20240424081105_0b86c8be-3df5-4260-803c-ec9fa368a4e2): create database if not exists testDB
2024-04-24T08:11:05,222  INFO [acbf378d-553d-4166-83f7-fe8f60187849 main] metastore.HiveMetaStoreClient: HMS client filtering is enabled.
2024-04-24T08:11:05,223  INFO [acbf378d-553d-4166-83f7-fe8f60187849 main] metastore.HMSHandler: 0: Opening raw store with implementation class:org.apache.hadoop.hive.metastore.ObjectStore
2024-04-24T08:11:05,223  INFO [acbf378d-553d-4166-83f7-fe8f60187849 main] metastore.PersistenceManagerProvider: Configuration datanucleus.autoStartMechanismMode is not set. Defaulting to 'ignored'
2024-04-24T08:11:05,223  INFO [acbf378d-553d-4166-83f7-fe8f60187849 main] metastore.ObjectStore: RawStore: org.apache.hadoop.hive.metastore.ObjectStore@7d537616, with PersistenceManager: null will be shutdown
2024-04-24T08:11:05,224  INFO [acbf378d-553d-4166-83f7-fe8f60187849 main] metastore.ObjectStore: RawStore: org.apache.hadoop.hive.metastore.ObjectStore@7d537616, with PersistenceManager: org.datanucleus.api.jdo.JDOPersistenceManager@604c7e9b created in the thread with id: 1
2024-04-24T08:11:05,227  INFO [acbf378d-553d-4166-83f7-fe8f60187849 main] metastore.HMSHandler: Created RawStore: org.apache.hadoop.hive.metastore.ObjectStore@7d537616 from thread id: 1
2024-04-24T08:11:05,227  INFO [acbf378d-553d-4166-83f7-fe8f60187849 main] metastore.HMSHandler: HMS server filtering is disabled by configuration
2024-04-24T08:11:05,227  INFO [acbf378d-553d-4166-83f7-fe8f60187849 main] metastore.RetryingMetaStoreClient: RetryingMetaStoreClient proxy=class org.apache.hadoop.hive.ql.metadata.SessionHiveMetaStoreClient ugi=alex (auth:SIMPLE) retries=1 delay=1 lifetime=0
2024-04-24T08:11:05,227  INFO [acbf378d-553d-4166-83f7-fe8f60187849 main] ql.Driver: Semantic Analysis Completed (retrial = false)
2024-04-24T08:11:05,227  INFO [acbf378d-553d-4166-83f7-fe8f60187849 main] ql.Driver: Created Hive schema: Schema(fieldSchemas:null, properties:null)
2024-04-24T08:11:05,227  INFO [acbf378d-553d-4166-83f7-fe8f60187849 main] metadata.Hive: Dumping metastore api call timing information for : compilation phase
2024-04-24T08:11:05,227  INFO [acbf378d-553d-4166-83f7-fe8f60187849 main] metadata.Hive: Total time spent in each metastore function (ms): {isCompatibleWith_(Configuration)=0, flushCache_()=0}
2024-04-24T08:11:05,228  INFO [acbf378d-553d-4166-83f7-fe8f60187849 main] ql.Driver: Completed compiling command(queryId=alex_20240424081105_0b86c8be-3df5-4260-803c-ec9fa368a4e2); Time taken: 0.006 seconds
2024-04-24T08:11:05,229  INFO [HiveServer2-Background-Pool: Thread-324] common.LogUtils: Thread context registration is done.
2024-04-24T08:11:05,229  INFO [HiveServer2-Background-Pool: Thread-324] reexec.ReExecDriver: Execution #1 of query
2024-04-24T08:11:05,229  INFO [acbf378d-553d-4166-83f7-fe8f60187849 main] common.LogUtils: Unregistered logging context.
2024-04-24T08:11:05,229  INFO [HiveServer2-Background-Pool: Thread-324] ql.Driver: Concurrency mode is disabled, not creating a lock manager
2024-04-24T08:11:05,230  INFO [HiveServer2-Background-Pool: Thread-324] ql.Driver: Executing command(queryId=alex_20240424081105_0b86c8be-3df5-4260-803c-ec9fa368a4e2): create database if not exists testDB
2024-04-24T08:11:05,231  INFO [HiveServer2-Background-Pool: Thread-324] ql.Driver: Starting task [Stage-0:DDL] in serial mode
2024-04-24T08:11:05,232  INFO [HiveServer2-Background-Pool: Thread-324] sqlstd.SQLStdHiveAccessController: Created SQLStdHiveAccessController for session context : HiveAuthzSessionContext [sessionString=acbf378d-553d-4166-83f7-fe8f60187849, clientType=HIVESERVER2]
2024-04-24T08:11:05,232  WARN [HiveServer2-Background-Pool: Thread-324] exec.DDLTask: metastore.warehouse.external.dir is not set, falling back to metastore.warehouse.dir. This could cause external tables to use to managed tablespace.
2024-04-24T08:11:05,233  INFO [HiveServer2-Background-Pool: Thread-324] HiveMetaStore.audit: ugi=alex	ip=unknown-ip-addr	cmd=create_database: Database(name:testDB, description:null, locationUri:file:/home/alex/Repositories/hive/beeline/target/tmp/warehouse/testdb.db, parameters:null, ownerName:alex, ownerType:USER, catalogName:hive, type:NATIVE)	
2024-04-24T08:11:05,234  INFO [HiveServer2-Background-Pool: Thread-324] metastore.HMSHandler: 14: Opening raw store with implementation class:org.apache.hadoop.hive.metastore.ObjectStore
2024-04-24T08:11:05,234  INFO [HiveServer2-Background-Pool: Thread-324] metastore.ObjectStore: RawStore: org.apache.hadoop.hive.metastore.ObjectStore@4468b14d, with PersistenceManager: null will be shutdown
2024-04-24T08:11:05,235  INFO [HiveServer2-Background-Pool: Thread-324] metastore.ObjectStore: RawStore: org.apache.hadoop.hive.metastore.ObjectStore@4468b14d, with PersistenceManager: org.datanucleus.api.jdo.JDOPersistenceManager@16a27a4 created in the thread with id: 324
2024-04-24T08:11:05,237  INFO [HiveServer2-Background-Pool: Thread-324] metastore.HMSHandler: Created RawStore: org.apache.hadoop.hive.metastore.ObjectStore@4468b14d from thread id: 324
2024-04-24T08:11:05,239 ERROR [HiveServer2-Background-Pool: Thread-324] metastore.RetryingHMSHandler: AlreadyExistsException(message:Database testDB already exists)
	at org.apache.hadoop.hive.metastore.HMSHandler.create_database(HMSHandler.java:1472)
	at sun.reflect.NativeMethodAccessorImpl.invoke0(Native Method)
	at sun.reflect.NativeMethodAccessorImpl.invoke(NativeMethodAccessorImpl.java:62)
	at sun.reflect.DelegatingMethodAccessorImpl.invoke(DelegatingMethodAccessorImpl.java:43)
	at java.lang.reflect.Method.invoke(Method.java:498)
	at org.apache.hadoop.hive.metastore.RetryingHMSHandler.invokeInternal(RetryingHMSHandler.java:147)
	at org.apache.hadoop.hive.metastore.RetryingHMSHandler.invoke(RetryingHMSHandler.java:108)
	at com.sun.proxy.$Proxy40.create_database(Unknown Source)
	at org.apache.hadoop.hive.metastore.HiveMetaStoreClient.createDatabase(HiveMetaStoreClient.java:1151)
	at sun.reflect.NativeMethodAccessorImpl.invoke0(Native Method)
	at sun.reflect.NativeMethodAccessorImpl.invoke(NativeMethodAccessorImpl.java:62)
	at sun.reflect.DelegatingMethodAccessorImpl.invoke(DelegatingMethodAccessorImpl.java:43)
	at java.lang.reflect.Method.invoke(Method.java:498)
	at org.apache.hadoop.hive.metastore.RetryingMetaStoreClient.invoke(RetryingMetaStoreClient.java:218)
	at com.sun.proxy.$Proxy41.createDatabase(Unknown Source)
	at org.apache.hadoop.hive.ql.metadata.Hive.createDatabase(Hive.java:605)
	at org.apache.hadoop.hive.ql.ddl.database.create.CreateDatabaseOperation.execute(CreateDatabaseOperation.java:68)
	at org.apache.hadoop.hive.ql.ddl.DDLTask.execute(DDLTask.java:84)
	at org.apache.hadoop.hive.ql.exec.Task.executeTask(Task.java:212)
	at org.apache.hadoop.hive.ql.exec.TaskRunner.runSequential(TaskRunner.java:105)
	at org.apache.hadoop.hive.ql.Executor.launchTask(Executor.java:361)
	at org.apache.hadoop.hive.ql.Executor.launchTasks(Executor.java:334)
	at org.apache.hadoop.hive.ql.Executor.runTasks(Executor.java:245)
	at org.apache.hadoop.hive.ql.Executor.execute(Executor.java:108)
	at org.apache.hadoop.hive.ql.Driver.execute(Driver.java:348)
	at org.apache.hadoop.hive.ql.Driver.runInternal(Driver.java:204)
	at org.apache.hadoop.hive.ql.Driver.run(Driver.java:153)
	at org.apache.hadoop.hive.ql.Driver.run(Driver.java:148)
	at org.apache.hadoop.hive.ql.reexec.ReExecDriver.run(ReExecDriver.java:164)
	at org.apache.hive.service.cli.operation.SQLOperation.runQuery(SQLOperation.java:233)
	at org.apache.hive.service.cli.operation.SQLOperation.access$500(SQLOperation.java:88)
	at org.apache.hive.service.cli.operation.SQLOperation$BackgroundWork$1.run(SQLOperation.java:336)
	at java.security.AccessController.doPrivileged(Native Method)
	at javax.security.auth.Subject.doAs(Subject.java:422)
	at org.apache.hadoop.security.UserGroupInformation.doAs(UserGroupInformation.java:1682)
	at org.apache.hive.service.cli.operation.SQLOperation$BackgroundWork.run(SQLOperation.java:356)
	at java.util.concurrent.Executors$RunnableAdapter.call(Executors.java:511)
	at java.util.concurrent.FutureTask.run(FutureTask.java:266)
	at java.util.concurrent.ThreadPoolExecutor.runWorker(ThreadPoolExecutor.java:1149)
	at java.util.concurrent.ThreadPoolExecutor$Worker.run(ThreadPoolExecutor.java:624)
	at java.lang.Thread.run(Thread.java:750)

2024-04-24T08:11:05,239  INFO [HiveServer2-Background-Pool: Thread-324] metadata.Hive: Dumping metastore api call timing information for : execution phase
2024-04-24T08:11:05,239  INFO [HiveServer2-Background-Pool: Thread-324] metadata.Hive: Total time spent in each metastore function (ms): {isCompatibleWith_(Configuration)=0}
2024-04-24T08:11:05,240  INFO [HiveServer2-Background-Pool: Thread-324] ql.Driver: Completed executing command(queryId=alex_20240424081105_0b86c8be-3df5-4260-803c-ec9fa368a4e2); Time taken: 0.009 seconds
2024-04-24T08:11:05,240  INFO [HiveServer2-Background-Pool: Thread-324] common.LogUtils: Unregistered logging context.
2024-04-24T08:11:05,243  INFO [acbf378d-553d-4166-83f7-fe8f60187849 main] operation.OperationManager: Closing operation: OperationHandle [opType=EXECUTE_STATEMENT, getHandleIdentifier()=e7a77308-2869-4e67-a330-9ca86c3b0307]
2024-04-24T08:11:05,243  INFO [acbf378d-553d-4166-83f7-fe8f60187849 main] operation.OperationManager: Removed queryId: alex_20240424081105_0b86c8be-3df5-4260-803c-ec9fa368a4e2 corresponding to operation: OperationHandle [opType=EXECUTE_STATEMENT, getHandleIdentifier()=e7a77308-2869-4e67-a330-9ca86c3b0307] with tag: null
2024-04-24T08:11:05,243  INFO [acbf378d-553d-4166-83f7-fe8f60187849 main] operation.SQLOperation: Closing operation log /home/alex/Repositories/hive/beeline/target/tmp/alex/operation_logs/acbf378d-553d-4166-83f7-fe8f60187849/alex_20240424081105_0b86c8be-3df5-4260-803c-ec9fa368a4e2 without delay
2024-04-24T08:11:05,247  INFO [acbf378d-553d-4166-83f7-fe8f60187849 main] session.HiveSessionImpl: executing use default
2024-04-24T08:11:05,249  INFO [acbf378d-553d-4166-83f7-fe8f60187849 main] operation.OperationManager: Adding operation: OperationHandle [opType=EXECUTE_STATEMENT, getHandleIdentifier()=56ea73ce-104e-439b-a71c-de0fcb534b4b] SessionHandle [acbf378d-553d-4166-83f7-fe8f60187849]
2024-04-24T08:11:05,249  INFO [acbf378d-553d-4166-83f7-fe8f60187849 main] common.LogUtils: Thread context registration is done.
DEBUG StatusLogger Building Plugin[name=filter, class=org.apache.hadoop.hive.ql.log.LogDivertAppender$NameFilter].
DEBUG StatusLogger createFilter(loggingLevel="EXECUTION")
DEBUG StatusLogger Building Plugin[name=layout, class=org.apache.logging.log4j.core.layout.PatternLayout].
DEBUG StatusLogger PatternLayout$Builder(header="null", alwaysWriteExceptions="null", pattern="%-5p : %m%n", charset="null", PatternSelector=null, footer="null", noConsoleNoAnsi="null", Replace=null, disableAnsi="null", Configuration(HiveLog4j2Test))
DEBUG StatusLogger Building Plugin[name=appender, class=org.apache.hadoop.hive.ql.log.HushableRandomAccessFileAppender].
DEBUG StatusLogger createAppender(fileName="/home/alex/Repositories/hive/beeline/target/tmp/alex/operation_logs/acbf378d-553d-4166-83f7-fe8f60187849/alex_20240424081105_ec7f21cd-4305-436e-8276-1a0ce72cd167", append="null", name="query-file-appender", immediateFlush="null", bufferSize="null", ignoreExceptions="null", PatternLayout(org.apache.logging.log4j.core.layout.PatternLayout with name PatternLayout), NameFilter(org.apache.hadoop.hive.ql.log.LogDivertAppender$NameFilter with name NameFilter), advertise="null", advertiseURI="null", Configuration(HiveLog4j2Test))
DEBUG StatusLogger Starting RandomAccessFileManager /home/alex/Repositories/hive/beeline/target/tmp/alex/operation_logs/acbf378d-553d-4166-83f7-fe8f60187849/alex_20240424081105_ec7f21cd-4305-436e-8276-1a0ce72cd167
DEBUG StatusLogger Building Plugin[name=, class=org.apache.hadoop.hive.ql.log.LogDivertAppenderForTest$TestFilter].
DEBUG StatusLogger createFilter()
DEBUG StatusLogger Building Plugin[name=, class=org.apache.logging.log4j.core.layout.PatternLayout].
DEBUG StatusLogger PatternLayout$Builder(PatternSelector=null, alwaysWriteExceptions="null", pattern="%-5p : %m%n", noConsoleNoAnsi="null", footer="null", header="null", charset="null", disableAnsi="null", Replace=null, Configuration(HiveLog4j2Test))
DEBUG StatusLogger Building Plugin[name=appender, class=org.apache.hadoop.hive.ql.log.HushableRandomAccessFileAppender].
DEBUG StatusLogger createAppender(fileName="/home/alex/Repositories/hive/beeline/target/tmp/alex/operation_logs/acbf378d-553d-4166-83f7-fe8f60187849/alex_20240424081105_ec7f21cd-4305-436e-8276-1a0ce72cd167.test", append="null", name="test-query-file-appender", immediateFlush="null", bufferSize="null", ignoreExceptions="null", PatternLayout(org.apache.logging.log4j.core.layout.PatternLayout with name PatternLayout), test-filter(org.apache.hadoop.hive.ql.log.LogDivertAppenderForTest$TestFilter with name test-filter), advertise="null", advertiseURI="null", Configuration(HiveLog4j2Test))
DEBUG StatusLogger Starting RandomAccessFileManager /home/alex/Repositories/hive/beeline/target/tmp/alex/operation_logs/acbf378d-553d-4166-83f7-fe8f60187849/alex_20240424081105_ec7f21cd-4305-436e-8276-1a0ce72cd167.test
2024-04-24T08:11:05,257  INFO [acbf378d-553d-4166-83f7-fe8f60187849 main] operation.SQLOperation: [opType=EXECUTE_STATEMENT, queryId=alex_20240424081105_ec7f21cd-4305-436e-8276-1a0ce72cd167, startTime=1713971465248, sessionId=acbf378d-553d-4166-83f7-fe8f60187849, createTime=1713971465004, userName=null, ipAddress=null]
2024-04-24T08:11:05,258  INFO [acbf378d-553d-4166-83f7-fe8f60187849 main] ql.Driver: Compiling command(queryId=alex_20240424081105_ec7f21cd-4305-436e-8276-1a0ce72cd167): use default
2024-04-24T08:11:05,259  INFO [acbf378d-553d-4166-83f7-fe8f60187849 main] HiveMetaStore.audit: ugi=alex	ip=unknown-ip-addr	cmd=get_database: default	
2024-04-24T08:11:05,261  INFO [acbf378d-553d-4166-83f7-fe8f60187849 main] ql.Driver: Semantic Analysis Completed (retrial = false)
2024-04-24T08:11:05,261  INFO [acbf378d-553d-4166-83f7-fe8f60187849 main] ql.Driver: Created Hive schema: Schema(fieldSchemas:null, properties:null)
2024-04-24T08:11:05,261  INFO [acbf378d-553d-4166-83f7-fe8f60187849 main] metadata.Hive: Dumping metastore api call timing information for : compilation phase
2024-04-24T08:11:05,261  INFO [acbf378d-553d-4166-83f7-fe8f60187849 main] metadata.Hive: Total time spent in each metastore function (ms): {isCompatibleWith_(Configuration)=0, getDatabase_(String)=2, flushCache_()=1}
2024-04-24T08:11:05,261  INFO [acbf378d-553d-4166-83f7-fe8f60187849 main] ql.Driver: Completed compiling command(queryId=alex_20240424081105_ec7f21cd-4305-436e-8276-1a0ce72cd167); Time taken: 0.003 seconds
2024-04-24T08:11:05,262  INFO [HiveServer2-Background-Pool: Thread-327] common.LogUtils: Thread context registration is done.
2024-04-24T08:11:05,262  INFO [acbf378d-553d-4166-83f7-fe8f60187849 main] common.LogUtils: Unregistered logging context.
2024-04-24T08:11:05,262  INFO [HiveServer2-Background-Pool: Thread-327] reexec.ReExecDriver: Execution #1 of query
2024-04-24T08:11:05,263  INFO [HiveServer2-Background-Pool: Thread-327] ql.Driver: Concurrency mode is disabled, not creating a lock manager
2024-04-24T08:11:05,263  INFO [HiveServer2-Background-Pool: Thread-327] ql.Driver: Executing command(queryId=alex_20240424081105_ec7f21cd-4305-436e-8276-1a0ce72cd167): use default
2024-04-24T08:11:05,264  INFO [HiveServer2-Background-Pool: Thread-327] ql.Driver: Starting task [Stage-0:DDL] in serial mode
2024-04-24T08:11:05,265  INFO [HiveServer2-Background-Pool: Thread-327] HiveMetaStore.audit: ugi=alex	ip=unknown-ip-addr	cmd=get_database: default	
2024-04-24T08:11:05,266  INFO [HiveServer2-Background-Pool: Thread-327] metastore.HMSHandler: 15: Opening raw store with implementation class:org.apache.hadoop.hive.metastore.ObjectStore
2024-04-24T08:11:05,267  INFO [HiveServer2-Background-Pool: Thread-327] metastore.ObjectStore: RawStore: org.apache.hadoop.hive.metastore.ObjectStore@5fbf948c, with PersistenceManager: null will be shutdown
2024-04-24T08:11:05,267  INFO [HiveServer2-Background-Pool: Thread-327] metastore.ObjectStore: RawStore: org.apache.hadoop.hive.metastore.ObjectStore@5fbf948c, with PersistenceManager: org.datanucleus.api.jdo.JDOPersistenceManager@1abd011f created in the thread with id: 327
2024-04-24T08:11:05,270  INFO [HiveServer2-Background-Pool: Thread-327] metastore.HMSHandler: Created RawStore: org.apache.hadoop.hive.metastore.ObjectStore@5fbf948c from thread id: 327
2024-04-24T08:11:05,271  INFO [HiveServer2-Background-Pool: Thread-327] HiveMetaStore.audit: ugi=alex	ip=unknown-ip-addr	cmd=get_database: default	
2024-04-24T08:11:05,273  INFO [HiveServer2-Background-Pool: Thread-327] metadata.Hive: Dumping metastore api call timing information for : execution phase
2024-04-24T08:11:05,274  INFO [HiveServer2-Background-Pool: Thread-327] metadata.Hive: Total time spent in each metastore function (ms): {getDatabase_(String)=9, isCompatibleWith_(Configuration)=0}
2024-04-24T08:11:05,274  INFO [HiveServer2-Background-Pool: Thread-327] ql.Driver: Completed executing command(queryId=alex_20240424081105_ec7f21cd-4305-436e-8276-1a0ce72cd167); Time taken: 0.01 seconds
2024-04-24T08:11:05,275  INFO [HiveServer2-Background-Pool: Thread-327] common.LogUtils: Unregistered logging context.
2024-04-24T08:11:05,276  INFO [acbf378d-553d-4166-83f7-fe8f60187849 main] operation.OperationManager: Closing operation: OperationHandle [opType=EXECUTE_STATEMENT, getHandleIdentifier()=56ea73ce-104e-439b-a71c-de0fcb534b4b]
2024-04-24T08:11:05,276  INFO [acbf378d-553d-4166-83f7-fe8f60187849 main] operation.OperationManager: Removed queryId: alex_20240424081105_ec7f21cd-4305-436e-8276-1a0ce72cd167 corresponding to operation: OperationHandle [opType=EXECUTE_STATEMENT, getHandleIdentifier()=56ea73ce-104e-439b-a71c-de0fcb534b4b] with tag: null
2024-04-24T08:11:05,276  INFO [acbf378d-553d-4166-83f7-fe8f60187849 main] operation.SQLOperation: Closing operation log /home/alex/Repositories/hive/beeline/target/tmp/alex/operation_logs/acbf378d-553d-4166-83f7-fe8f60187849/alex_20240424081105_ec7f21cd-4305-436e-8276-1a0ce72cd167 without delay
2024-04-24T08:11:05,280  INFO [main] service.CompositeService: Session closed, SessionHandle [acbf378d-553d-4166-83f7-fe8f60187849], current sessions:0
2024-04-24T08:11:05,280  INFO [acbf378d-553d-4166-83f7-fe8f60187849 main] session.HiveSessionImpl: Operation log session directory is deleted: /home/alex/Repositories/hive/beeline/target/tmp/alex/operation_logs/acbf378d-553d-4166-83f7-fe8f60187849
2024-04-24T08:11:05,281  INFO [main] cleanup.EventualCleanupService: Delete /tmp/hive/alex/acbf378d-553d-4166-83f7-fe8f60187849 operation was queued
2024-04-24T08:11:05,281  INFO [main] cleanup.EventualCleanupService: Delete /home/alex/Repositories/hive/beeline/target/tmp/alex/acbf378d-553d-4166-83f7-fe8f60187849 operation was queued
2024-04-24T08:11:05,281  INFO [EventualCleanupService thread 1] cleanup.EventualCleanupService: Deleted /home/alex/Repositories/hive/beeline/target/tmp/alex/acbf378d-553d-4166-83f7-fe8f60187849
2024-04-24T08:11:05,281  INFO [EventualCleanupService thread 0] cleanup.EventualCleanupService: Deleted /tmp/hive/alex/acbf378d-553d-4166-83f7-fe8f60187849
2024-04-24T08:11:05,282  INFO [main] HiveMetaStore.audit: ugi=alex	ip=unknown-ip-addr	cmd=Cleaning up thread local RawStore...	
2024-04-24T08:11:05,282  INFO [main] metastore.ObjectStore: RawStore: org.apache.hadoop.hive.metastore.ObjectStore@7d537616, with PersistenceManager: org.datanucleus.api.jdo.JDOPersistenceManager@604c7e9b will be shutdown
2024-04-24T08:11:05,282  INFO [main] HiveMetaStore.audit: ugi=alex	ip=unknown-ip-addr	cmd=Done cleaning up thread local RawStore	
2024-04-24T08:11:05,282  INFO [main] metastore.HiveMetaStoreClient: Closed a connection to metastore, current connections: -19
]]></system-err>
  </testcase>
  <testcase name="testUseCurrentDB3" classname="org.apache.hive.beeline.cli.TestHiveCli" time="0.343">
    <failure type="java.lang.AssertionError"><![CDATA[java.lang.AssertionError: 
The expected keyword "hive (testDB)>" occur in the output: Connecting to jdbc:hive2://
Hive Session ID = b6e357c9-e041-433b-bf6b-a7ee7930251e
ivysettings.xml file not found in HIVE_HOME or HIVE_CONF_DIR,/home/alex/Repositories/hive/conf/ivysettings.xml will be used
ivysettings.xml file not found in HIVE_HOME or HIVE_CONF_DIR,/home/alex/Repositories/hive/conf/ivysettings.xml will be used
Connected to: Apache Hive (version 4.0.0-SNAPSHOT)
Error: Couldn't load manifest attributes. (state=,code=0)
Transaction isolation: TRANSACTION_REPEATABLE_READ
Beeline version ??? by Apache Hive
hive> create database if not exists testDB; set hive.cli.print.current.db=true;use  testDB;
INFO  : Compiling command(queryId=alex_20240424081105_519ee89c-fd2a-44a1-95b9-2abaad241736): create database if not exists testDB
INFO  : Semantic Analysis Completed (retrial = false)
INFO  : Created Hive schema: Schema(fieldSchemas:null, properties:null)
INFO  : Completed compiling command(queryId=alex_20240424081105_519ee89c-fd2a-44a1-95b9-2abaad241736); Time taken: 0.008 seconds
INFO  : Concurrency mode is disabled, not creating a lock manager
INFO  : Executing command(queryId=alex_20240424081105_519ee89c-fd2a-44a1-95b9-2abaad241736): create database if not exists testDB
INFO  : Starting task [Stage-0:DDL] in serial mode
DEBUG : Task getting executed using mapred tag : alex_20240424081105_519ee89c-fd2a-44a1-95b9-2abaad241736,userid=null
INFO  : Completed executing command(queryId=alex_20240424081105_519ee89c-fd2a-44a1-95b9-2abaad241736); Time taken: 0.01 seconds
DEBUG : Shutting down query create database if not exists testDB
Error: Failed to wait for operation to complete (state=08S01,code=0)
hive> use default;drop if exists testDB;
INFO  : Compiling command(queryId=alex_20240424081105_98a64acb-eca9-47af-b628-017b6903926b): use default
INFO  : Semantic Analysis Completed (retrial = false)
INFO  : Created Hive schema: Schema(fieldSchemas:null, properties:null)
INFO  : Completed compiling command(queryId=alex_20240424081105_98a64acb-eca9-47af-b628-017b6903926b); Time taken: 0.003 seconds
INFO  : Concurrency mode is disabled, not creating a lock manager
INFO  : Executing command(queryId=alex_20240424081105_98a64acb-eca9-47af-b628-017b6903926b): use default
INFO  : Starting task [Stage-0:DDL] in serial mode
DEBUG : Task getting executed using mapred tag : alex_20240424081105_98a64acb-eca9-47af-b628-017b6903926b,userid=null
INFO  : Completed executing command(queryId=alex_20240424081105_98a64acb-eca9-47af-b628-017b6903926b); Time taken: 0.01 seconds
DEBUG : Shutting down query use default
Error: Failed to wait for operation to complete (state=08S01,code=0)
hive> Closing: 0: jdbc:hive2://

	at org.junit.Assert.fail(Assert.java:89)
	at org.junit.Assert.assertTrue(Assert.java:42)
	at org.apache.hive.beeline.cli.TestHiveCli.verifyCMD(TestHiveCli.java:270)
	at org.apache.hive.beeline.cli.TestHiveCli.testUseCurrentDB3(TestHiveCli.java:226)
	at sun.reflect.NativeMethodAccessorImpl.invoke0(Native Method)
	at sun.reflect.NativeMethodAccessorImpl.invoke(NativeMethodAccessorImpl.java:62)
	at sun.reflect.DelegatingMethodAccessorImpl.invoke(DelegatingMethodAccessorImpl.java:43)
	at java.lang.reflect.Method.invoke(Method.java:498)
	at org.junit.runners.model.FrameworkMethod$1.runReflectiveCall(FrameworkMethod.java:59)
	at org.junit.internal.runners.model.ReflectiveCallable.run(ReflectiveCallable.java:12)
	at org.junit.runners.model.FrameworkMethod.invokeExplosively(FrameworkMethod.java:56)
	at org.junit.internal.runners.statements.InvokeMethod.evaluate(InvokeMethod.java:17)
	at org.junit.internal.runners.statements.RunBefores.evaluate(RunBefores.java:26)
	at org.junit.internal.runners.statements.RunAfters.evaluate(RunAfters.java:27)
	at org.junit.runners.ParentRunner$3.evaluate(ParentRunner.java:306)
	at org.junit.runners.BlockJUnit4ClassRunner$1.evaluate(BlockJUnit4ClassRunner.java:100)
	at org.junit.runners.ParentRunner.runLeaf(ParentRunner.java:366)
	at org.junit.runners.BlockJUnit4ClassRunner.runChild(BlockJUnit4ClassRunner.java:103)
	at org.junit.runners.BlockJUnit4ClassRunner.runChild(BlockJUnit4ClassRunner.java:63)
	at org.junit.runners.ParentRunner$4.run(ParentRunner.java:331)
	at org.junit.runners.ParentRunner$1.schedule(ParentRunner.java:79)
	at org.junit.runners.ParentRunner.runChildren(ParentRunner.java:329)
	at org.junit.runners.ParentRunner.access$100(ParentRunner.java:66)
	at org.junit.runners.ParentRunner$2.evaluate(ParentRunner.java:293)
	at org.junit.internal.runners.statements.RunBefores.evaluate(RunBefores.java:26)
	at org.junit.runners.ParentRunner$3.evaluate(ParentRunner.java:306)
	at org.junit.runners.ParentRunner.run(ParentRunner.java:413)
	at org.junit.runner.JUnitCore.run(JUnitCore.java:137)
	at org.junit.runner.JUnitCore.run(JUnitCore.java:115)
	at org.junit.vintage.engine.execution.RunnerExecutor.execute(RunnerExecutor.java:43)
	at java.util.stream.ForEachOps$ForEachOp$OfRef.accept(ForEachOps.java:183)
	at java.util.stream.ReferencePipeline$3$1.accept(ReferencePipeline.java:193)
	at java.util.Iterator.forEachRemaining(Iterator.java:116)
	at java.util.Spliterators$IteratorSpliterator.forEachRemaining(Spliterators.java:1801)
	at java.util.stream.AbstractPipeline.copyInto(AbstractPipeline.java:482)
	at java.util.stream.AbstractPipeline.wrapAndCopyInto(AbstractPipeline.java:472)
	at java.util.stream.ForEachOps$ForEachOp.evaluateSequential(ForEachOps.java:150)
	at java.util.stream.ForEachOps$ForEachOp$OfRef.evaluateSequential(ForEachOps.java:173)
	at java.util.stream.AbstractPipeline.evaluate(AbstractPipeline.java:234)
	at java.util.stream.ReferencePipeline.forEach(ReferencePipeline.java:485)
	at org.junit.vintage.engine.VintageTestEngine.executeAllChildren(VintageTestEngine.java:82)
	at org.junit.vintage.engine.VintageTestEngine.execute(VintageTestEngine.java:73)
	at org.junit.platform.launcher.core.DefaultLauncher.execute(DefaultLauncher.java:248)
	at org.junit.platform.launcher.core.DefaultLauncher.lambda$execute$5(DefaultLauncher.java:211)
	at org.junit.platform.launcher.core.DefaultLauncher.withInterceptedStreams(DefaultLauncher.java:226)
	at org.junit.platform.launcher.core.DefaultLauncher.execute(DefaultLauncher.java:199)
	at org.junit.platform.launcher.core.DefaultLauncher.execute(DefaultLauncher.java:132)
	at org.apache.maven.surefire.junitplatform.JUnitPlatformProvider.invokeAllTests(JUnitPlatformProvider.java:154)
	at org.apache.maven.surefire.junitplatform.JUnitPlatformProvider.invoke(JUnitPlatformProvider.java:123)
	at org.apache.maven.surefire.booter.ForkedBooter.runSuitesInProcess(ForkedBooter.java:377)
	at org.apache.maven.surefire.booter.ForkedBooter.execute(ForkedBooter.java:138)
	at org.apache.maven.surefire.booter.ForkedBooter.run(ForkedBooter.java:465)
	at org.apache.maven.surefire.booter.ForkedBooter.main(ForkedBooter.java:451)
]]></failure>
    <system-err><![CDATA[2024-04-24T08:11:05,283 ERROR [main] cli.TestHiveCli: Failed to execute command due to the error: java.lang.NullPointerException: Null output stream
2024-04-24T08:11:05,331  WARN [main] conf.HiveConf: HiveConf of name hive.dummyparam.test.server.specific.config.hiveserver2site does not exist
2024-04-24T08:11:05,331  WARN [main] conf.HiveConf: HiveConf of name hive.dummyparam.test.server.specific.config.override does not exist
2024-04-24T08:11:05,331  WARN [main] conf.HiveConf: HiveConf of name hive.dummyparam.test.server.specific.config.metastoresite does not exist
2024-04-24T08:11:05,332  INFO [main] SessionState: Hive Session ID = b6e357c9-e041-433b-bf6b-a7ee7930251e
2024-04-24T08:11:05,332  INFO [main] DependencyResolver: ivysettings.xml file not found in HIVE_HOME or HIVE_CONF_DIR,/home/alex/Repositories/hive/conf/ivysettings.xml will be used
2024-04-24T08:11:05,340  INFO [main] session.SessionState: Created HDFS directory: /tmp/hive/alex/b6e357c9-e041-433b-bf6b-a7ee7930251e
2024-04-24T08:11:05,343  INFO [main] session.SessionState: Created local directory: /home/alex/Repositories/hive/beeline/target/tmp/alex/b6e357c9-e041-433b-bf6b-a7ee7930251e
2024-04-24T08:11:05,346  INFO [main] session.SessionState: Created HDFS directory: /tmp/hive/alex/b6e357c9-e041-433b-bf6b-a7ee7930251e/_tmp_space.db
2024-04-24T08:11:05,346  INFO [main] sqlstd.SQLStdHiveAccessController: Created SQLStdHiveAccessController for session context : HiveAuthzSessionContext [sessionString=b6e357c9-e041-433b-bf6b-a7ee7930251e, clientType=HIVESERVER2]
2024-04-24T08:11:05,347  INFO [main] metastore.HiveMetaStoreClient: HMS client filtering is enabled.
2024-04-24T08:11:05,348  INFO [main] metastore.HMSHandler: 0: Opening raw store with implementation class:org.apache.hadoop.hive.metastore.ObjectStore
2024-04-24T08:11:05,348  INFO [main] metastore.PersistenceManagerProvider: Configuration datanucleus.autoStartMechanismMode is not set. Defaulting to 'ignored'
2024-04-24T08:11:05,349  INFO [main] metastore.ObjectStore: RawStore: org.apache.hadoop.hive.metastore.ObjectStore@70a24f9, with PersistenceManager: null will be shutdown
2024-04-24T08:11:05,349  INFO [main] metastore.ObjectStore: RawStore: org.apache.hadoop.hive.metastore.ObjectStore@70a24f9, with PersistenceManager: org.datanucleus.api.jdo.JDOPersistenceManager@78bad03b created in the thread with id: 1
2024-04-24T08:11:05,352  INFO [main] metastore.HMSHandler: Created RawStore: org.apache.hadoop.hive.metastore.ObjectStore@70a24f9 from thread id: 1
2024-04-24T08:11:05,352  INFO [main] metastore.HMSHandler: HMS server filtering is disabled by configuration
2024-04-24T08:11:05,352  INFO [main] metastore.RetryingMetaStoreClient: RetryingMetaStoreClient proxy=class org.apache.hadoop.hive.ql.metadata.SessionHiveMetaStoreClient ugi=alex (auth:SIMPLE) retries=1 delay=1 lifetime=0
2024-04-24T08:11:05,353  INFO [main] service.CompositeService: Operation log root directory is created: /home/alex/Repositories/hive/beeline/target/tmp/alex/operation_logs
2024-04-24T08:11:05,353  INFO [main] service.CompositeService: HiveServer2: Background operation thread pool size: 100
2024-04-24T08:11:05,353  INFO [main] service.CompositeService: HiveServer2: Background operation thread wait queue size: 100
2024-04-24T08:11:05,353  INFO [main] service.CompositeService: HiveServer2: Background operation thread keepalive time: 10 seconds
2024-04-24T08:11:05,353  INFO [main] service.CompositeService: Connections limit are user: 0 ipaddress: 0 user-ipaddress: 0
2024-04-24T08:11:05,354  INFO [main] cleanup.EventualCleanupService: EventualCleanupService started with 10 threads and queue of size 10000
ERROR StatusLogger Log4j2 ConfigurationScheduler attempted to increment scheduled items after start
ERROR StatusLogger Log4j2 ConfigurationScheduler attempted to increment scheduled items after start
2024-04-24T08:11:05,356  INFO [main] service.AbstractService: Service:OperationManager is inited.
2024-04-24T08:11:05,356  INFO [main] service.AbstractService: Service:SessionManager is inited.
2024-04-24T08:11:05,356  INFO [main] service.AbstractService: Service:CLIService is inited.
2024-04-24T08:11:05,356  INFO [main] service.AbstractService: Service:OperationManager is started.
2024-04-24T08:11:05,356  INFO [main] service.AbstractService: Service:SessionManager is started.
2024-04-24T08:11:05,357  INFO [main] service.AbstractService: Service:CLIService is started.
2024-04-24T08:11:05,357  INFO [main] service.AbstractService: Service:ThriftBinaryCLIService is inited.
2024-04-24T08:11:05,357  INFO [main] thrift.ThriftCLIService: Client protocol version: HIVE_CLI_SERVICE_PROTOCOL_V10
2024-04-24T08:11:05,357  INFO [main] thrift.ThriftCLIService: Creating Hive session handle for user [null] from IP null
2024-04-24T08:11:05,358  INFO [main] DependencyResolver: ivysettings.xml file not found in HIVE_HOME or HIVE_CONF_DIR,/home/alex/Repositories/hive/conf/ivysettings.xml will be used
2024-04-24T08:11:05,365  INFO [main] session.SessionState: Created HDFS directory: /tmp/hive/alex/17cb42b8-eda9-4dcd-9bf9-69e31bc67b55
2024-04-24T08:11:05,368  INFO [main] session.SessionState: Created local directory: /home/alex/Repositories/hive/beeline/target/tmp/alex/17cb42b8-eda9-4dcd-9bf9-69e31bc67b55
2024-04-24T08:11:05,370  INFO [main] session.SessionState: Created HDFS directory: /tmp/hive/alex/17cb42b8-eda9-4dcd-9bf9-69e31bc67b55/_tmp_space.db
2024-04-24T08:11:05,371  INFO [main] session.SessionState: Reloading auxiliary JAR files
2024-04-24T08:11:05,371  WARN [main] session.SessionState: Configuration hive.reloadable.aux.jars.path not specified
2024-04-24T08:11:05,371  INFO [main] HiveMetaStore.audit: ugi=alex	ip=unknown-ip-addr	cmd=Cleaning up thread local RawStore...	
2024-04-24T08:11:05,371  INFO [main] metastore.ObjectStore: RawStore: org.apache.hadoop.hive.metastore.ObjectStore@70a24f9, with PersistenceManager: org.datanucleus.api.jdo.JDOPersistenceManager@78bad03b will be shutdown
2024-04-24T08:11:05,371  INFO [main] HiveMetaStore.audit: ugi=alex	ip=unknown-ip-addr	cmd=Done cleaning up thread local RawStore	
2024-04-24T08:11:05,371  INFO [main] metastore.HiveMetaStoreClient: Closed a connection to metastore, current connections: -20
2024-04-24T08:11:05,371  INFO [main] session.HiveSessionImpl: Operation log session directory is created: /home/alex/Repositories/hive/beeline/target/tmp/alex/operation_logs/17cb42b8-eda9-4dcd-9bf9-69e31bc67b55
2024-04-24T08:11:05,371  INFO [main] service.CompositeService: Session opened, SessionHandle [17cb42b8-eda9-4dcd-9bf9-69e31bc67b55], current sessions:1
2024-04-24T08:11:05,371  INFO [main] thrift.ThriftCLIService: Login attempt is successful for user : null
2024-04-24T08:11:05,421  WARN [main] conf.HiveConf: HiveConf of name hive.dummyparam.test.server.specific.config.metastoresite does not exist
2024-04-24T08:11:05,421  WARN [main] conf.HiveConf: HiveConf of name hive.dummyparam.test.server.specific.config.hiveserver2site does not exist
2024-04-24T08:11:05,421  WARN [main] conf.HiveConf: HiveConf of name hive.dummyparam.test.server.specific.config.override does not exist
2024-04-24T08:11:05,422  INFO [17cb42b8-eda9-4dcd-9bf9-69e31bc67b55 main] session.HiveSessionImpl: executing set
2024-04-24T08:11:05,423  INFO [17cb42b8-eda9-4dcd-9bf9-69e31bc67b55 main] operation.HiveCommandOperation: Putting temp output to file /home/alex/Repositories/hive/beeline/target/tmp/alex/17cb42b8-eda9-4dcd-9bf9-69e31bc67b552628057042702388404.pipeout and error output to file /home/alex/Repositories/hive/beeline/target/tmp/alex/17cb42b8-eda9-4dcd-9bf9-69e31bc67b55343779656705045236.pipeout
2024-04-24T08:11:05,423  INFO [17cb42b8-eda9-4dcd-9bf9-69e31bc67b55 main] operation.OperationManager: Adding operation: OperationHandle [opType=EXECUTE_STATEMENT, getHandleIdentifier()=1796737e-85f8-4426-82c1-a5369ecc2e72] SessionHandle [17cb42b8-eda9-4dcd-9bf9-69e31bc67b55]
2024-04-24T08:11:05,424  INFO [17cb42b8-eda9-4dcd-9bf9-69e31bc67b55 main] common.LogUtils: Thread context registration is done.
DEBUG StatusLogger Building Plugin[name=filter, class=org.apache.hadoop.hive.ql.log.LogDivertAppender$NameFilter].
DEBUG StatusLogger createFilter(loggingLevel="EXECUTION")
DEBUG StatusLogger Building Plugin[name=layout, class=org.apache.logging.log4j.core.layout.PatternLayout].
DEBUG StatusLogger PatternLayout$Builder(header="null", PatternSelector=null, Configuration(HiveLog4j2Test), footer="null", pattern="%-5p : %m%n", noConsoleNoAnsi="null", disableAnsi="null", Replace=null, alwaysWriteExceptions="null", charset="null")
DEBUG StatusLogger Building Plugin[name=appender, class=org.apache.hadoop.hive.ql.log.HushableRandomAccessFileAppender].
DEBUG StatusLogger createAppender(fileName="/home/alex/Repositories/hive/beeline/target/tmp/alex/operation_logs/17cb42b8-eda9-4dcd-9bf9-69e31bc67b55/alex_20240424081105_5d510df2-fa1d-4009-b2ce-ade0b57a7375", append="null", name="query-file-appender", immediateFlush="null", bufferSize="null", ignoreExceptions="null", PatternLayout(org.apache.logging.log4j.core.layout.PatternLayout with name PatternLayout), NameFilter(org.apache.hadoop.hive.ql.log.LogDivertAppender$NameFilter with name NameFilter), advertise="null", advertiseURI="null", Configuration(HiveLog4j2Test))
DEBUG StatusLogger Starting RandomAccessFileManager /home/alex/Repositories/hive/beeline/target/tmp/alex/operation_logs/17cb42b8-eda9-4dcd-9bf9-69e31bc67b55/alex_20240424081105_5d510df2-fa1d-4009-b2ce-ade0b57a7375
DEBUG StatusLogger Building Plugin[name=, class=org.apache.hadoop.hive.ql.log.LogDivertAppenderForTest$TestFilter].
DEBUG StatusLogger createFilter()
DEBUG StatusLogger Building Plugin[name=, class=org.apache.logging.log4j.core.layout.PatternLayout].
DEBUG StatusLogger PatternLayout$Builder(Configuration(HiveLog4j2Test), PatternSelector=null, noConsoleNoAnsi="null", footer="null", header="null", pattern="%-5p : %m%n", Replace=null, charset="null", disableAnsi="null", alwaysWriteExceptions="null")
DEBUG StatusLogger Building Plugin[name=appender, class=org.apache.hadoop.hive.ql.log.HushableRandomAccessFileAppender].
DEBUG StatusLogger createAppender(fileName="/home/alex/Repositories/hive/beeline/target/tmp/alex/operation_logs/17cb42b8-eda9-4dcd-9bf9-69e31bc67b55/alex_20240424081105_5d510df2-fa1d-4009-b2ce-ade0b57a7375.test", append="null", name="test-query-file-appender", immediateFlush="null", bufferSize="null", ignoreExceptions="null", PatternLayout(org.apache.logging.log4j.core.layout.PatternLayout with name PatternLayout), test-filter(org.apache.hadoop.hive.ql.log.LogDivertAppenderForTest$TestFilter with name test-filter), advertise="null", advertiseURI="null", Configuration(HiveLog4j2Test))
DEBUG StatusLogger Starting RandomAccessFileManager /home/alex/Repositories/hive/beeline/target/tmp/alex/operation_logs/17cb42b8-eda9-4dcd-9bf9-69e31bc67b55/alex_20240424081105_5d510df2-fa1d-4009-b2ce-ade0b57a7375.test
2024-04-24T08:11:05,431  INFO [17cb42b8-eda9-4dcd-9bf9-69e31bc67b55 main] operation.HiveCommandOperation: [opType=EXECUTE_STATEMENT, queryId=alex_20240424081105_5d510df2-fa1d-4009-b2ce-ade0b57a7375, startTime=1713971465422, sessionId=17cb42b8-eda9-4dcd-9bf9-69e31bc67b55, createTime=1713971465357, userName=null, ipAddress=null]
2024-04-24T08:11:05,539  INFO [17cb42b8-eda9-4dcd-9bf9-69e31bc67b55 main] common.LogUtils: Unregistered logging context.
2024-04-24T08:11:05,543  INFO [17cb42b8-eda9-4dcd-9bf9-69e31bc67b55 main] operation.OperationManager: Closing operation: OperationHandle [opType=EXECUTE_STATEMENT, getHandleIdentifier()=1796737e-85f8-4426-82c1-a5369ecc2e72]
2024-04-24T08:11:05,543  INFO [17cb42b8-eda9-4dcd-9bf9-69e31bc67b55 main] operation.OperationManager: Removed queryId: alex_20240424081105_5d510df2-fa1d-4009-b2ce-ade0b57a7375 corresponding to operation: OperationHandle [opType=EXECUTE_STATEMENT, getHandleIdentifier()=1796737e-85f8-4426-82c1-a5369ecc2e72] with tag: null
2024-04-24T08:11:05,543  INFO [17cb42b8-eda9-4dcd-9bf9-69e31bc67b55 main] operation.HiveCommandOperation: Closing operation log /home/alex/Repositories/hive/beeline/target/tmp/alex/operation_logs/17cb42b8-eda9-4dcd-9bf9-69e31bc67b55/alex_20240424081105_5d510df2-fa1d-4009-b2ce-ade0b57a7375 without delay
2024-04-24T08:11:05,550  INFO [17cb42b8-eda9-4dcd-9bf9-69e31bc67b55 main] session.HiveSessionImpl: executing create database if not exists testDB
2024-04-24T08:11:05,551  INFO [17cb42b8-eda9-4dcd-9bf9-69e31bc67b55 main] operation.OperationManager: Adding operation: OperationHandle [opType=EXECUTE_STATEMENT, getHandleIdentifier()=ba2f7910-419c-4ec3-9131-42b42d386f54] SessionHandle [17cb42b8-eda9-4dcd-9bf9-69e31bc67b55]
2024-04-24T08:11:05,552  INFO [17cb42b8-eda9-4dcd-9bf9-69e31bc67b55 main] common.LogUtils: Thread context registration is done.
DEBUG StatusLogger Building Plugin[name=filter, class=org.apache.hadoop.hive.ql.log.LogDivertAppender$NameFilter].
DEBUG StatusLogger createFilter(loggingLevel="EXECUTION")
DEBUG StatusLogger Building Plugin[name=layout, class=org.apache.logging.log4j.core.layout.PatternLayout].
DEBUG StatusLogger PatternLayout$Builder(pattern="%-5p : %m%n", Replace=null, footer="null", noConsoleNoAnsi="null", charset="null", PatternSelector=null, Configuration(HiveLog4j2Test), disableAnsi="null", header="null", alwaysWriteExceptions="null")
DEBUG StatusLogger Building Plugin[name=appender, class=org.apache.hadoop.hive.ql.log.HushableRandomAccessFileAppender].
DEBUG StatusLogger createAppender(fileName="/home/alex/Repositories/hive/beeline/target/tmp/alex/operation_logs/17cb42b8-eda9-4dcd-9bf9-69e31bc67b55/alex_20240424081105_519ee89c-fd2a-44a1-95b9-2abaad241736", append="null", name="query-file-appender", immediateFlush="null", bufferSize="null", ignoreExceptions="null", PatternLayout(org.apache.logging.log4j.core.layout.PatternLayout with name PatternLayout), NameFilter(org.apache.hadoop.hive.ql.log.LogDivertAppender$NameFilter with name NameFilter), advertise="null", advertiseURI="null", Configuration(HiveLog4j2Test))
DEBUG StatusLogger Starting RandomAccessFileManager /home/alex/Repositories/hive/beeline/target/tmp/alex/operation_logs/17cb42b8-eda9-4dcd-9bf9-69e31bc67b55/alex_20240424081105_519ee89c-fd2a-44a1-95b9-2abaad241736
DEBUG StatusLogger Building Plugin[name=, class=org.apache.hadoop.hive.ql.log.LogDivertAppenderForTest$TestFilter].
DEBUG StatusLogger createFilter()
DEBUG StatusLogger Building Plugin[name=, class=org.apache.logging.log4j.core.layout.PatternLayout].
DEBUG StatusLogger PatternLayout$Builder(Replace=null, pattern="%-5p : %m%n", Configuration(HiveLog4j2Test), footer="null", PatternSelector=null, header="null", noConsoleNoAnsi="null", charset="null", alwaysWriteExceptions="null", disableAnsi="null")
DEBUG StatusLogger Building Plugin[name=appender, class=org.apache.hadoop.hive.ql.log.HushableRandomAccessFileAppender].
DEBUG StatusLogger createAppender(fileName="/home/alex/Repositories/hive/beeline/target/tmp/alex/operation_logs/17cb42b8-eda9-4dcd-9bf9-69e31bc67b55/alex_20240424081105_519ee89c-fd2a-44a1-95b9-2abaad241736.test", append="null", name="test-query-file-appender", immediateFlush="null", bufferSize="null", ignoreExceptions="null", PatternLayout(org.apache.logging.log4j.core.layout.PatternLayout with name PatternLayout), test-filter(org.apache.hadoop.hive.ql.log.LogDivertAppenderForTest$TestFilter with name test-filter), advertise="null", advertiseURI="null", Configuration(HiveLog4j2Test))
DEBUG StatusLogger Starting RandomAccessFileManager /home/alex/Repositories/hive/beeline/target/tmp/alex/operation_logs/17cb42b8-eda9-4dcd-9bf9-69e31bc67b55/alex_20240424081105_519ee89c-fd2a-44a1-95b9-2abaad241736.test
2024-04-24T08:11:05,560  INFO [17cb42b8-eda9-4dcd-9bf9-69e31bc67b55 main] operation.SQLOperation: [opType=EXECUTE_STATEMENT, queryId=alex_20240424081105_519ee89c-fd2a-44a1-95b9-2abaad241736, startTime=1713971465550, sessionId=17cb42b8-eda9-4dcd-9bf9-69e31bc67b55, createTime=1713971465357, userName=null, ipAddress=null]
2024-04-24T08:11:05,561  INFO [17cb42b8-eda9-4dcd-9bf9-69e31bc67b55 main] ql.Driver: Compiling command(queryId=alex_20240424081105_519ee89c-fd2a-44a1-95b9-2abaad241736): create database if not exists testDB
2024-04-24T08:11:05,563  INFO [17cb42b8-eda9-4dcd-9bf9-69e31bc67b55 main] metastore.HiveMetaStoreClient: HMS client filtering is enabled.
2024-04-24T08:11:05,564  INFO [17cb42b8-eda9-4dcd-9bf9-69e31bc67b55 main] metastore.HMSHandler: 0: Opening raw store with implementation class:org.apache.hadoop.hive.metastore.ObjectStore
2024-04-24T08:11:05,564  INFO [17cb42b8-eda9-4dcd-9bf9-69e31bc67b55 main] metastore.PersistenceManagerProvider: Configuration datanucleus.autoStartMechanismMode is not set. Defaulting to 'ignored'
2024-04-24T08:11:05,564  INFO [17cb42b8-eda9-4dcd-9bf9-69e31bc67b55 main] metastore.ObjectStore: RawStore: org.apache.hadoop.hive.metastore.ObjectStore@6e7e0259, with PersistenceManager: null will be shutdown
2024-04-24T08:11:05,565  INFO [17cb42b8-eda9-4dcd-9bf9-69e31bc67b55 main] metastore.ObjectStore: RawStore: org.apache.hadoop.hive.metastore.ObjectStore@6e7e0259, with PersistenceManager: org.datanucleus.api.jdo.JDOPersistenceManager@646e6d07 created in the thread with id: 1
2024-04-24T08:11:05,568  INFO [17cb42b8-eda9-4dcd-9bf9-69e31bc67b55 main] metastore.HMSHandler: Created RawStore: org.apache.hadoop.hive.metastore.ObjectStore@6e7e0259 from thread id: 1
2024-04-24T08:11:05,568  INFO [17cb42b8-eda9-4dcd-9bf9-69e31bc67b55 main] metastore.HMSHandler: HMS server filtering is disabled by configuration
2024-04-24T08:11:05,568  INFO [17cb42b8-eda9-4dcd-9bf9-69e31bc67b55 main] metastore.RetryingMetaStoreClient: RetryingMetaStoreClient proxy=class org.apache.hadoop.hive.ql.metadata.SessionHiveMetaStoreClient ugi=alex (auth:SIMPLE) retries=1 delay=1 lifetime=0
2024-04-24T08:11:05,568  INFO [17cb42b8-eda9-4dcd-9bf9-69e31bc67b55 main] ql.Driver: Semantic Analysis Completed (retrial = false)
2024-04-24T08:11:05,568  INFO [17cb42b8-eda9-4dcd-9bf9-69e31bc67b55 main] ql.Driver: Created Hive schema: Schema(fieldSchemas:null, properties:null)
2024-04-24T08:11:05,569  INFO [17cb42b8-eda9-4dcd-9bf9-69e31bc67b55 main] metadata.Hive: Dumping metastore api call timing information for : compilation phase
2024-04-24T08:11:05,569  INFO [17cb42b8-eda9-4dcd-9bf9-69e31bc67b55 main] metadata.Hive: Total time spent in each metastore function (ms): {flushCache_()=0, isCompatibleWith_(Configuration)=0}
2024-04-24T08:11:05,569  INFO [17cb42b8-eda9-4dcd-9bf9-69e31bc67b55 main] ql.Driver: Completed compiling command(queryId=alex_20240424081105_519ee89c-fd2a-44a1-95b9-2abaad241736); Time taken: 0.008 seconds
2024-04-24T08:11:05,570  INFO [HiveServer2-Background-Pool: Thread-350] common.LogUtils: Thread context registration is done.
2024-04-24T08:11:05,571  INFO [17cb42b8-eda9-4dcd-9bf9-69e31bc67b55 main] common.LogUtils: Unregistered logging context.
2024-04-24T08:11:05,571  INFO [HiveServer2-Background-Pool: Thread-350] reexec.ReExecDriver: Execution #1 of query
2024-04-24T08:11:05,571  INFO [HiveServer2-Background-Pool: Thread-350] ql.Driver: Concurrency mode is disabled, not creating a lock manager
2024-04-24T08:11:05,572  INFO [HiveServer2-Background-Pool: Thread-350] ql.Driver: Executing command(queryId=alex_20240424081105_519ee89c-fd2a-44a1-95b9-2abaad241736): create database if not exists testDB
2024-04-24T08:11:05,572  INFO [HiveServer2-Background-Pool: Thread-350] ql.Driver: Starting task [Stage-0:DDL] in serial mode
2024-04-24T08:11:05,573  INFO [HiveServer2-Background-Pool: Thread-350] sqlstd.SQLStdHiveAccessController: Created SQLStdHiveAccessController for session context : HiveAuthzSessionContext [sessionString=17cb42b8-eda9-4dcd-9bf9-69e31bc67b55, clientType=HIVESERVER2]
2024-04-24T08:11:05,573  WARN [HiveServer2-Background-Pool: Thread-350] exec.DDLTask: metastore.warehouse.external.dir is not set, falling back to metastore.warehouse.dir. This could cause external tables to use to managed tablespace.
2024-04-24T08:11:05,574  INFO [HiveServer2-Background-Pool: Thread-350] HiveMetaStore.audit: ugi=alex	ip=unknown-ip-addr	cmd=create_database: Database(name:testDB, description:null, locationUri:file:/home/alex/Repositories/hive/beeline/target/tmp/warehouse/testdb.db, parameters:null, ownerName:alex, ownerType:USER, catalogName:hive, type:NATIVE)	
2024-04-24T08:11:05,575  INFO [HiveServer2-Background-Pool: Thread-350] metastore.HMSHandler: 16: Opening raw store with implementation class:org.apache.hadoop.hive.metastore.ObjectStore
2024-04-24T08:11:05,576  INFO [HiveServer2-Background-Pool: Thread-350] metastore.ObjectStore: RawStore: org.apache.hadoop.hive.metastore.ObjectStore@5ac16e92, with PersistenceManager: null will be shutdown
2024-04-24T08:11:05,576  INFO [HiveServer2-Background-Pool: Thread-350] metastore.ObjectStore: RawStore: org.apache.hadoop.hive.metastore.ObjectStore@5ac16e92, with PersistenceManager: org.datanucleus.api.jdo.JDOPersistenceManager@1fc3ebae created in the thread with id: 350
2024-04-24T08:11:05,579  INFO [HiveServer2-Background-Pool: Thread-350] metastore.HMSHandler: Created RawStore: org.apache.hadoop.hive.metastore.ObjectStore@5ac16e92 from thread id: 350
2024-04-24T08:11:05,581 ERROR [HiveServer2-Background-Pool: Thread-350] metastore.RetryingHMSHandler: AlreadyExistsException(message:Database testDB already exists)
	at org.apache.hadoop.hive.metastore.HMSHandler.create_database(HMSHandler.java:1472)
	at sun.reflect.NativeMethodAccessorImpl.invoke0(Native Method)
	at sun.reflect.NativeMethodAccessorImpl.invoke(NativeMethodAccessorImpl.java:62)
	at sun.reflect.DelegatingMethodAccessorImpl.invoke(DelegatingMethodAccessorImpl.java:43)
	at java.lang.reflect.Method.invoke(Method.java:498)
	at org.apache.hadoop.hive.metastore.RetryingHMSHandler.invokeInternal(RetryingHMSHandler.java:147)
	at org.apache.hadoop.hive.metastore.RetryingHMSHandler.invoke(RetryingHMSHandler.java:108)
	at com.sun.proxy.$Proxy40.create_database(Unknown Source)
	at org.apache.hadoop.hive.metastore.HiveMetaStoreClient.createDatabase(HiveMetaStoreClient.java:1151)
	at sun.reflect.NativeMethodAccessorImpl.invoke0(Native Method)
	at sun.reflect.NativeMethodAccessorImpl.invoke(NativeMethodAccessorImpl.java:62)
	at sun.reflect.DelegatingMethodAccessorImpl.invoke(DelegatingMethodAccessorImpl.java:43)
	at java.lang.reflect.Method.invoke(Method.java:498)
	at org.apache.hadoop.hive.metastore.RetryingMetaStoreClient.invoke(RetryingMetaStoreClient.java:218)
	at com.sun.proxy.$Proxy41.createDatabase(Unknown Source)
	at org.apache.hadoop.hive.ql.metadata.Hive.createDatabase(Hive.java:605)
	at org.apache.hadoop.hive.ql.ddl.database.create.CreateDatabaseOperation.execute(CreateDatabaseOperation.java:68)
	at org.apache.hadoop.hive.ql.ddl.DDLTask.execute(DDLTask.java:84)
	at org.apache.hadoop.hive.ql.exec.Task.executeTask(Task.java:212)
	at org.apache.hadoop.hive.ql.exec.TaskRunner.runSequential(TaskRunner.java:105)
	at org.apache.hadoop.hive.ql.Executor.launchTask(Executor.java:361)
	at org.apache.hadoop.hive.ql.Executor.launchTasks(Executor.java:334)
	at org.apache.hadoop.hive.ql.Executor.runTasks(Executor.java:245)
	at org.apache.hadoop.hive.ql.Executor.execute(Executor.java:108)
	at org.apache.hadoop.hive.ql.Driver.execute(Driver.java:348)
	at org.apache.hadoop.hive.ql.Driver.runInternal(Driver.java:204)
	at org.apache.hadoop.hive.ql.Driver.run(Driver.java:153)
	at org.apache.hadoop.hive.ql.Driver.run(Driver.java:148)
	at org.apache.hadoop.hive.ql.reexec.ReExecDriver.run(ReExecDriver.java:164)
	at org.apache.hive.service.cli.operation.SQLOperation.runQuery(SQLOperation.java:233)
	at org.apache.hive.service.cli.operation.SQLOperation.access$500(SQLOperation.java:88)
	at org.apache.hive.service.cli.operation.SQLOperation$BackgroundWork$1.run(SQLOperation.java:336)
	at java.security.AccessController.doPrivileged(Native Method)
	at javax.security.auth.Subject.doAs(Subject.java:422)
	at org.apache.hadoop.security.UserGroupInformation.doAs(UserGroupInformation.java:1682)
	at org.apache.hive.service.cli.operation.SQLOperation$BackgroundWork.run(SQLOperation.java:356)
	at java.util.concurrent.Executors$RunnableAdapter.call(Executors.java:511)
	at java.util.concurrent.FutureTask.run(FutureTask.java:266)
	at java.util.concurrent.ThreadPoolExecutor.runWorker(ThreadPoolExecutor.java:1149)
	at java.util.concurrent.ThreadPoolExecutor$Worker.run(ThreadPoolExecutor.java:624)
	at java.lang.Thread.run(Thread.java:750)

2024-04-24T08:11:05,582  INFO [HiveServer2-Background-Pool: Thread-350] metadata.Hive: Dumping metastore api call timing information for : execution phase
2024-04-24T08:11:05,582  INFO [HiveServer2-Background-Pool: Thread-350] metadata.Hive: Total time spent in each metastore function (ms): {isCompatibleWith_(Configuration)=0}
2024-04-24T08:11:05,582  INFO [HiveServer2-Background-Pool: Thread-350] ql.Driver: Completed executing command(queryId=alex_20240424081105_519ee89c-fd2a-44a1-95b9-2abaad241736); Time taken: 0.01 seconds
2024-04-24T08:11:05,583  INFO [HiveServer2-Background-Pool: Thread-350] common.LogUtils: Unregistered logging context.
2024-04-24T08:11:05,585  INFO [17cb42b8-eda9-4dcd-9bf9-69e31bc67b55 main] operation.OperationManager: Closing operation: OperationHandle [opType=EXECUTE_STATEMENT, getHandleIdentifier()=ba2f7910-419c-4ec3-9131-42b42d386f54]
2024-04-24T08:11:05,586  INFO [17cb42b8-eda9-4dcd-9bf9-69e31bc67b55 main] operation.OperationManager: Removed queryId: alex_20240424081105_519ee89c-fd2a-44a1-95b9-2abaad241736 corresponding to operation: OperationHandle [opType=EXECUTE_STATEMENT, getHandleIdentifier()=ba2f7910-419c-4ec3-9131-42b42d386f54] with tag: null
2024-04-24T08:11:05,586  INFO [17cb42b8-eda9-4dcd-9bf9-69e31bc67b55 main] operation.SQLOperation: Closing operation log /home/alex/Repositories/hive/beeline/target/tmp/alex/operation_logs/17cb42b8-eda9-4dcd-9bf9-69e31bc67b55/alex_20240424081105_519ee89c-fd2a-44a1-95b9-2abaad241736 without delay
2024-04-24T08:11:05,590  INFO [17cb42b8-eda9-4dcd-9bf9-69e31bc67b55 main] session.HiveSessionImpl: executing use default
2024-04-24T08:11:05,592  INFO [17cb42b8-eda9-4dcd-9bf9-69e31bc67b55 main] operation.OperationManager: Adding operation: OperationHandle [opType=EXECUTE_STATEMENT, getHandleIdentifier()=6b226851-accf-4052-a0ed-ccdd39104bd0] SessionHandle [17cb42b8-eda9-4dcd-9bf9-69e31bc67b55]
2024-04-24T08:11:05,592  INFO [17cb42b8-eda9-4dcd-9bf9-69e31bc67b55 main] common.LogUtils: Thread context registration is done.
DEBUG StatusLogger Building Plugin[name=filter, class=org.apache.hadoop.hive.ql.log.LogDivertAppender$NameFilter].
DEBUG StatusLogger createFilter(loggingLevel="EXECUTION")
DEBUG StatusLogger Building Plugin[name=layout, class=org.apache.logging.log4j.core.layout.PatternLayout].
DEBUG StatusLogger PatternLayout$Builder(header="null", Replace=null, Configuration(HiveLog4j2Test), pattern="%-5p : %m%n", PatternSelector=null, alwaysWriteExceptions="null", disableAnsi="null", charset="null", footer="null", noConsoleNoAnsi="null")
DEBUG StatusLogger Building Plugin[name=appender, class=org.apache.hadoop.hive.ql.log.HushableRandomAccessFileAppender].
DEBUG StatusLogger createAppender(fileName="/home/alex/Repositories/hive/beeline/target/tmp/alex/operation_logs/17cb42b8-eda9-4dcd-9bf9-69e31bc67b55/alex_20240424081105_98a64acb-eca9-47af-b628-017b6903926b", append="null", name="query-file-appender", immediateFlush="null", bufferSize="null", ignoreExceptions="null", PatternLayout(org.apache.logging.log4j.core.layout.PatternLayout with name PatternLayout), NameFilter(org.apache.hadoop.hive.ql.log.LogDivertAppender$NameFilter with name NameFilter), advertise="null", advertiseURI="null", Configuration(HiveLog4j2Test))
DEBUG StatusLogger Starting RandomAccessFileManager /home/alex/Repositories/hive/beeline/target/tmp/alex/operation_logs/17cb42b8-eda9-4dcd-9bf9-69e31bc67b55/alex_20240424081105_98a64acb-eca9-47af-b628-017b6903926b
DEBUG StatusLogger Building Plugin[name=, class=org.apache.hadoop.hive.ql.log.LogDivertAppenderForTest$TestFilter].
DEBUG StatusLogger createFilter()
DEBUG StatusLogger Building Plugin[name=, class=org.apache.logging.log4j.core.layout.PatternLayout].
DEBUG StatusLogger PatternLayout$Builder(noConsoleNoAnsi="null", footer="null", Configuration(HiveLog4j2Test), header="null", disableAnsi="null", pattern="%-5p : %m%n", Replace=null, PatternSelector=null, alwaysWriteExceptions="null", charset="null")
DEBUG StatusLogger Building Plugin[name=appender, class=org.apache.hadoop.hive.ql.log.HushableRandomAccessFileAppender].
DEBUG StatusLogger createAppender(fileName="/home/alex/Repositories/hive/beeline/target/tmp/alex/operation_logs/17cb42b8-eda9-4dcd-9bf9-69e31bc67b55/alex_20240424081105_98a64acb-eca9-47af-b628-017b6903926b.test", append="null", name="test-query-file-appender", immediateFlush="null", bufferSize="null", ignoreExceptions="null", PatternLayout(org.apache.logging.log4j.core.layout.PatternLayout with name PatternLayout), test-filter(org.apache.hadoop.hive.ql.log.LogDivertAppenderForTest$TestFilter with name test-filter), advertise="null", advertiseURI="null", Configuration(HiveLog4j2Test))
DEBUG StatusLogger Starting RandomAccessFileManager /home/alex/Repositories/hive/beeline/target/tmp/alex/operation_logs/17cb42b8-eda9-4dcd-9bf9-69e31bc67b55/alex_20240424081105_98a64acb-eca9-47af-b628-017b6903926b.test
2024-04-24T08:11:05,600  INFO [17cb42b8-eda9-4dcd-9bf9-69e31bc67b55 main] operation.SQLOperation: [opType=EXECUTE_STATEMENT, queryId=alex_20240424081105_98a64acb-eca9-47af-b628-017b6903926b, startTime=1713971465590, sessionId=17cb42b8-eda9-4dcd-9bf9-69e31bc67b55, createTime=1713971465357, userName=null, ipAddress=null]
2024-04-24T08:11:05,601  INFO [17cb42b8-eda9-4dcd-9bf9-69e31bc67b55 main] ql.Driver: Compiling command(queryId=alex_20240424081105_98a64acb-eca9-47af-b628-017b6903926b): use default
2024-04-24T08:11:05,602  INFO [17cb42b8-eda9-4dcd-9bf9-69e31bc67b55 main] HiveMetaStore.audit: ugi=alex	ip=unknown-ip-addr	cmd=get_database: default	
2024-04-24T08:11:05,604  INFO [17cb42b8-eda9-4dcd-9bf9-69e31bc67b55 main] ql.Driver: Semantic Analysis Completed (retrial = false)
2024-04-24T08:11:05,604  INFO [17cb42b8-eda9-4dcd-9bf9-69e31bc67b55 main] ql.Driver: Created Hive schema: Schema(fieldSchemas:null, properties:null)
2024-04-24T08:11:05,604  INFO [17cb42b8-eda9-4dcd-9bf9-69e31bc67b55 main] metadata.Hive: Dumping metastore api call timing information for : compilation phase
2024-04-24T08:11:05,605  INFO [17cb42b8-eda9-4dcd-9bf9-69e31bc67b55 main] metadata.Hive: Total time spent in each metastore function (ms): {flushCache_()=1, getDatabase_(String)=2, isCompatibleWith_(Configuration)=0}
2024-04-24T08:11:05,605  INFO [17cb42b8-eda9-4dcd-9bf9-69e31bc67b55 main] ql.Driver: Completed compiling command(queryId=alex_20240424081105_98a64acb-eca9-47af-b628-017b6903926b); Time taken: 0.003 seconds
2024-04-24T08:11:05,606  INFO [HiveServer2-Background-Pool: Thread-353] common.LogUtils: Thread context registration is done.
2024-04-24T08:11:05,606  INFO [17cb42b8-eda9-4dcd-9bf9-69e31bc67b55 main] common.LogUtils: Unregistered logging context.
2024-04-24T08:11:05,606  INFO [HiveServer2-Background-Pool: Thread-353] reexec.ReExecDriver: Execution #1 of query
2024-04-24T08:11:05,606  INFO [HiveServer2-Background-Pool: Thread-353] ql.Driver: Concurrency mode is disabled, not creating a lock manager
2024-04-24T08:11:05,607  INFO [HiveServer2-Background-Pool: Thread-353] ql.Driver: Executing command(queryId=alex_20240424081105_98a64acb-eca9-47af-b628-017b6903926b): use default
2024-04-24T08:11:05,607  INFO [HiveServer2-Background-Pool: Thread-353] ql.Driver: Starting task [Stage-0:DDL] in serial mode
2024-04-24T08:11:05,608  INFO [HiveServer2-Background-Pool: Thread-353] HiveMetaStore.audit: ugi=alex	ip=unknown-ip-addr	cmd=get_database: default	
2024-04-24T08:11:05,610  INFO [HiveServer2-Background-Pool: Thread-353] metastore.HMSHandler: 17: Opening raw store with implementation class:org.apache.hadoop.hive.metastore.ObjectStore
2024-04-24T08:11:05,610  INFO [HiveServer2-Background-Pool: Thread-353] metastore.ObjectStore: RawStore: org.apache.hadoop.hive.metastore.ObjectStore@f5785b0, with PersistenceManager: null will be shutdown
2024-04-24T08:11:05,610  INFO [HiveServer2-Background-Pool: Thread-353] metastore.ObjectStore: RawStore: org.apache.hadoop.hive.metastore.ObjectStore@f5785b0, with PersistenceManager: org.datanucleus.api.jdo.JDOPersistenceManager@4a550a3e created in the thread with id: 353
2024-04-24T08:11:05,614  INFO [HiveServer2-Background-Pool: Thread-353] metastore.HMSHandler: Created RawStore: org.apache.hadoop.hive.metastore.ObjectStore@f5785b0 from thread id: 353
2024-04-24T08:11:05,616  INFO [HiveServer2-Background-Pool: Thread-353] HiveMetaStore.audit: ugi=alex	ip=unknown-ip-addr	cmd=get_database: default	
2024-04-24T08:11:05,617  INFO [HiveServer2-Background-Pool: Thread-353] metadata.Hive: Dumping metastore api call timing information for : execution phase
2024-04-24T08:11:05,617  INFO [HiveServer2-Background-Pool: Thread-353] metadata.Hive: Total time spent in each metastore function (ms): {isCompatibleWith_(Configuration)=0, getDatabase_(String)=10}
2024-04-24T08:11:05,617  INFO [HiveServer2-Background-Pool: Thread-353] ql.Driver: Completed executing command(queryId=alex_20240424081105_98a64acb-eca9-47af-b628-017b6903926b); Time taken: 0.01 seconds
2024-04-24T08:11:05,618  INFO [HiveServer2-Background-Pool: Thread-353] common.LogUtils: Unregistered logging context.
2024-04-24T08:11:05,620  INFO [17cb42b8-eda9-4dcd-9bf9-69e31bc67b55 main] operation.OperationManager: Closing operation: OperationHandle [opType=EXECUTE_STATEMENT, getHandleIdentifier()=6b226851-accf-4052-a0ed-ccdd39104bd0]
2024-04-24T08:11:05,620  INFO [17cb42b8-eda9-4dcd-9bf9-69e31bc67b55 main] operation.OperationManager: Removed queryId: alex_20240424081105_98a64acb-eca9-47af-b628-017b6903926b corresponding to operation: OperationHandle [opType=EXECUTE_STATEMENT, getHandleIdentifier()=6b226851-accf-4052-a0ed-ccdd39104bd0] with tag: null
2024-04-24T08:11:05,620  INFO [17cb42b8-eda9-4dcd-9bf9-69e31bc67b55 main] operation.SQLOperation: Closing operation log /home/alex/Repositories/hive/beeline/target/tmp/alex/operation_logs/17cb42b8-eda9-4dcd-9bf9-69e31bc67b55/alex_20240424081105_98a64acb-eca9-47af-b628-017b6903926b without delay
2024-04-24T08:11:05,624  INFO [main] service.CompositeService: Session closed, SessionHandle [17cb42b8-eda9-4dcd-9bf9-69e31bc67b55], current sessions:0
2024-04-24T08:11:05,624  INFO [17cb42b8-eda9-4dcd-9bf9-69e31bc67b55 main] session.HiveSessionImpl: Operation log session directory is deleted: /home/alex/Repositories/hive/beeline/target/tmp/alex/operation_logs/17cb42b8-eda9-4dcd-9bf9-69e31bc67b55
2024-04-24T08:11:05,624  INFO [main] cleanup.EventualCleanupService: Delete /tmp/hive/alex/17cb42b8-eda9-4dcd-9bf9-69e31bc67b55 operation was queued
2024-04-24T08:11:05,624  INFO [main] cleanup.EventualCleanupService: Delete /home/alex/Repositories/hive/beeline/target/tmp/alex/17cb42b8-eda9-4dcd-9bf9-69e31bc67b55 operation was queued
2024-04-24T08:11:05,625  INFO [EventualCleanupService thread 1] cleanup.EventualCleanupService: Deleted /home/alex/Repositories/hive/beeline/target/tmp/alex/17cb42b8-eda9-4dcd-9bf9-69e31bc67b55
2024-04-24T08:11:05,625  INFO [EventualCleanupService thread 0] cleanup.EventualCleanupService: Deleted /tmp/hive/alex/17cb42b8-eda9-4dcd-9bf9-69e31bc67b55
2024-04-24T08:11:05,626  INFO [main] HiveMetaStore.audit: ugi=alex	ip=unknown-ip-addr	cmd=Cleaning up thread local RawStore...	
2024-04-24T08:11:05,626  INFO [main] metastore.ObjectStore: RawStore: org.apache.hadoop.hive.metastore.ObjectStore@6e7e0259, with PersistenceManager: org.datanucleus.api.jdo.JDOPersistenceManager@646e6d07 will be shutdown
2024-04-24T08:11:05,626  INFO [main] HiveMetaStore.audit: ugi=alex	ip=unknown-ip-addr	cmd=Done cleaning up thread local RawStore	
2024-04-24T08:11:05,626  INFO [main] metastore.HiveMetaStoreClient: Closed a connection to metastore, current connections: -21
]]></system-err>
  </testcase>
  <testcase name="testDatabaseOptions" classname="org.apache.hive.beeline.cli.TestHiveCli" time="0.365">
    <failure type="java.lang.AssertionError"><![CDATA[java.lang.AssertionError: The expected keyword "testtbl" occur in the output: 
	at org.junit.Assert.fail(Assert.java:89)
	at org.junit.Assert.assertTrue(Assert.java:42)
	at org.apache.hive.beeline.cli.TestHiveCli.verifyCMD(TestHiveCli.java:270)
	at org.apache.hive.beeline.cli.TestHiveCli.testDatabaseOptions(TestHiveCli.java:107)
	at sun.reflect.NativeMethodAccessorImpl.invoke0(Native Method)
	at sun.reflect.NativeMethodAccessorImpl.invoke(NativeMethodAccessorImpl.java:62)
	at sun.reflect.DelegatingMethodAccessorImpl.invoke(DelegatingMethodAccessorImpl.java:43)
	at java.lang.reflect.Method.invoke(Method.java:498)
	at org.junit.runners.model.FrameworkMethod$1.runReflectiveCall(FrameworkMethod.java:59)
	at org.junit.internal.runners.model.ReflectiveCallable.run(ReflectiveCallable.java:12)
	at org.junit.runners.model.FrameworkMethod.invokeExplosively(FrameworkMethod.java:56)
	at org.junit.internal.runners.statements.InvokeMethod.evaluate(InvokeMethod.java:17)
	at org.junit.internal.runners.statements.RunBefores.evaluate(RunBefores.java:26)
	at org.junit.internal.runners.statements.RunAfters.evaluate(RunAfters.java:27)
	at org.junit.runners.ParentRunner$3.evaluate(ParentRunner.java:306)
	at org.junit.runners.BlockJUnit4ClassRunner$1.evaluate(BlockJUnit4ClassRunner.java:100)
	at org.junit.runners.ParentRunner.runLeaf(ParentRunner.java:366)
	at org.junit.runners.BlockJUnit4ClassRunner.runChild(BlockJUnit4ClassRunner.java:103)
	at org.junit.runners.BlockJUnit4ClassRunner.runChild(BlockJUnit4ClassRunner.java:63)
	at org.junit.runners.ParentRunner$4.run(ParentRunner.java:331)
	at org.junit.runners.ParentRunner$1.schedule(ParentRunner.java:79)
	at org.junit.runners.ParentRunner.runChildren(ParentRunner.java:329)
	at org.junit.runners.ParentRunner.access$100(ParentRunner.java:66)
	at org.junit.runners.ParentRunner$2.evaluate(ParentRunner.java:293)
	at org.junit.internal.runners.statements.RunBefores.evaluate(RunBefores.java:26)
	at org.junit.runners.ParentRunner$3.evaluate(ParentRunner.java:306)
	at org.junit.runners.ParentRunner.run(ParentRunner.java:413)
	at org.junit.runner.JUnitCore.run(JUnitCore.java:137)
	at org.junit.runner.JUnitCore.run(JUnitCore.java:115)
	at org.junit.vintage.engine.execution.RunnerExecutor.execute(RunnerExecutor.java:43)
	at java.util.stream.ForEachOps$ForEachOp$OfRef.accept(ForEachOps.java:183)
	at java.util.stream.ReferencePipeline$3$1.accept(ReferencePipeline.java:193)
	at java.util.Iterator.forEachRemaining(Iterator.java:116)
	at java.util.Spliterators$IteratorSpliterator.forEachRemaining(Spliterators.java:1801)
	at java.util.stream.AbstractPipeline.copyInto(AbstractPipeline.java:482)
	at java.util.stream.AbstractPipeline.wrapAndCopyInto(AbstractPipeline.java:472)
	at java.util.stream.ForEachOps$ForEachOp.evaluateSequential(ForEachOps.java:150)
	at java.util.stream.ForEachOps$ForEachOp$OfRef.evaluateSequential(ForEachOps.java:173)
	at java.util.stream.AbstractPipeline.evaluate(AbstractPipeline.java:234)
	at java.util.stream.ReferencePipeline.forEach(ReferencePipeline.java:485)
	at org.junit.vintage.engine.VintageTestEngine.executeAllChildren(VintageTestEngine.java:82)
	at org.junit.vintage.engine.VintageTestEngine.execute(VintageTestEngine.java:73)
	at org.junit.platform.launcher.core.DefaultLauncher.execute(DefaultLauncher.java:248)
	at org.junit.platform.launcher.core.DefaultLauncher.lambda$execute$5(DefaultLauncher.java:211)
	at org.junit.platform.launcher.core.DefaultLauncher.withInterceptedStreams(DefaultLauncher.java:226)
	at org.junit.platform.launcher.core.DefaultLauncher.execute(DefaultLauncher.java:199)
	at org.junit.platform.launcher.core.DefaultLauncher.execute(DefaultLauncher.java:132)
	at org.apache.maven.surefire.junitplatform.JUnitPlatformProvider.invokeAllTests(JUnitPlatformProvider.java:154)
	at org.apache.maven.surefire.junitplatform.JUnitPlatformProvider.invoke(JUnitPlatformProvider.java:123)
	at org.apache.maven.surefire.booter.ForkedBooter.runSuitesInProcess(ForkedBooter.java:377)
	at org.apache.maven.surefire.booter.ForkedBooter.execute(ForkedBooter.java:138)
	at org.apache.maven.surefire.booter.ForkedBooter.run(ForkedBooter.java:465)
	at org.apache.maven.surefire.booter.ForkedBooter.main(ForkedBooter.java:451)
]]></failure>
    <system-err><![CDATA[2024-04-24T08:11:05,627 ERROR [main] cli.TestHiveCli: Failed to execute command due to the error: java.lang.NullPointerException: Null output stream
2024-04-24T08:11:05,676  WARN [main] conf.HiveConf: HiveConf of name hive.dummyparam.test.server.specific.config.metastoresite does not exist
2024-04-24T08:11:05,676  WARN [main] conf.HiveConf: HiveConf of name hive.dummyparam.test.server.specific.config.override does not exist
2024-04-24T08:11:05,676  WARN [main] conf.HiveConf: HiveConf of name hive.dummyparam.test.server.specific.config.hiveserver2site does not exist
2024-04-24T08:11:05,677  INFO [main] SessionState: Hive Session ID = a2263155-11e3-40ef-8ce1-9a668b18bffa
2024-04-24T08:11:05,678  INFO [main] DependencyResolver: ivysettings.xml file not found in HIVE_HOME or HIVE_CONF_DIR,/home/alex/Repositories/hive/conf/ivysettings.xml will be used
2024-04-24T08:11:05,685  INFO [main] session.SessionState: Created HDFS directory: /tmp/hive/alex/a2263155-11e3-40ef-8ce1-9a668b18bffa
2024-04-24T08:11:05,688  INFO [main] session.SessionState: Created local directory: /home/alex/Repositories/hive/beeline/target/tmp/alex/a2263155-11e3-40ef-8ce1-9a668b18bffa
2024-04-24T08:11:05,691  INFO [main] session.SessionState: Created HDFS directory: /tmp/hive/alex/a2263155-11e3-40ef-8ce1-9a668b18bffa/_tmp_space.db
2024-04-24T08:11:05,691  INFO [main] sqlstd.SQLStdHiveAccessController: Created SQLStdHiveAccessController for session context : HiveAuthzSessionContext [sessionString=a2263155-11e3-40ef-8ce1-9a668b18bffa, clientType=HIVESERVER2]
2024-04-24T08:11:05,692  INFO [main] metastore.HiveMetaStoreClient: HMS client filtering is enabled.
2024-04-24T08:11:05,693  INFO [main] metastore.HMSHandler: 0: Opening raw store with implementation class:org.apache.hadoop.hive.metastore.ObjectStore
2024-04-24T08:11:05,693  INFO [main] metastore.PersistenceManagerProvider: Configuration datanucleus.autoStartMechanismMode is not set. Defaulting to 'ignored'
2024-04-24T08:11:05,694  INFO [main] metastore.ObjectStore: RawStore: org.apache.hadoop.hive.metastore.ObjectStore@7d7b4e04, with PersistenceManager: null will be shutdown
2024-04-24T08:11:05,694  INFO [main] metastore.ObjectStore: RawStore: org.apache.hadoop.hive.metastore.ObjectStore@7d7b4e04, with PersistenceManager: org.datanucleus.api.jdo.JDOPersistenceManager@144e36ae created in the thread with id: 1
2024-04-24T08:11:05,696  INFO [main] metastore.HMSHandler: Created RawStore: org.apache.hadoop.hive.metastore.ObjectStore@7d7b4e04 from thread id: 1
2024-04-24T08:11:05,696  INFO [main] metastore.HMSHandler: HMS server filtering is disabled by configuration
2024-04-24T08:11:05,697  INFO [main] metastore.RetryingMetaStoreClient: RetryingMetaStoreClient proxy=class org.apache.hadoop.hive.ql.metadata.SessionHiveMetaStoreClient ugi=alex (auth:SIMPLE) retries=1 delay=1 lifetime=0
2024-04-24T08:11:05,697  INFO [main] service.CompositeService: Operation log root directory is created: /home/alex/Repositories/hive/beeline/target/tmp/alex/operation_logs
2024-04-24T08:11:05,698  INFO [main] service.CompositeService: HiveServer2: Background operation thread pool size: 100
2024-04-24T08:11:05,698  INFO [main] service.CompositeService: HiveServer2: Background operation thread wait queue size: 100
2024-04-24T08:11:05,698  INFO [main] service.CompositeService: HiveServer2: Background operation thread keepalive time: 10 seconds
2024-04-24T08:11:05,698  INFO [main] service.CompositeService: Connections limit are user: 0 ipaddress: 0 user-ipaddress: 0
2024-04-24T08:11:05,700  INFO [main] cleanup.EventualCleanupService: EventualCleanupService started with 10 threads and queue of size 10000
ERROR StatusLogger Log4j2 ConfigurationScheduler attempted to increment scheduled items after start
ERROR StatusLogger Log4j2 ConfigurationScheduler attempted to increment scheduled items after start
2024-04-24T08:11:05,702  INFO [main] service.AbstractService: Service:OperationManager is inited.
2024-04-24T08:11:05,702  INFO [main] service.AbstractService: Service:SessionManager is inited.
2024-04-24T08:11:05,702  INFO [main] service.AbstractService: Service:CLIService is inited.
2024-04-24T08:11:05,702  INFO [main] service.AbstractService: Service:OperationManager is started.
2024-04-24T08:11:05,702  INFO [main] service.AbstractService: Service:SessionManager is started.
2024-04-24T08:11:05,702  INFO [main] service.AbstractService: Service:CLIService is started.
2024-04-24T08:11:05,702  INFO [main] service.AbstractService: Service:ThriftBinaryCLIService is inited.
2024-04-24T08:11:05,702  INFO [main] thrift.ThriftCLIService: Client protocol version: HIVE_CLI_SERVICE_PROTOCOL_V10
2024-04-24T08:11:05,702  INFO [main] thrift.ThriftCLIService: Creating Hive session handle for user [null] from IP null
2024-04-24T08:11:05,704  INFO [main] DependencyResolver: ivysettings.xml file not found in HIVE_HOME or HIVE_CONF_DIR,/home/alex/Repositories/hive/conf/ivysettings.xml will be used
2024-04-24T08:11:05,711  INFO [main] session.SessionState: Created HDFS directory: /tmp/hive/alex/2a358d3d-db7f-43c9-bc96-f175dc7738e1
2024-04-24T08:11:05,714  INFO [main] session.SessionState: Created local directory: /home/alex/Repositories/hive/beeline/target/tmp/alex/2a358d3d-db7f-43c9-bc96-f175dc7738e1
2024-04-24T08:11:05,717  INFO [main] session.SessionState: Created HDFS directory: /tmp/hive/alex/2a358d3d-db7f-43c9-bc96-f175dc7738e1/_tmp_space.db
2024-04-24T08:11:05,718  INFO [main] session.SessionState: Reloading auxiliary JAR files
2024-04-24T08:11:05,718  WARN [main] session.SessionState: Configuration hive.reloadable.aux.jars.path not specified
2024-04-24T08:11:05,718  INFO [main] HiveMetaStore.audit: ugi=alex	ip=unknown-ip-addr	cmd=Cleaning up thread local RawStore...	
2024-04-24T08:11:05,718  INFO [main] metastore.ObjectStore: RawStore: org.apache.hadoop.hive.metastore.ObjectStore@7d7b4e04, with PersistenceManager: org.datanucleus.api.jdo.JDOPersistenceManager@144e36ae will be shutdown
2024-04-24T08:11:05,718  INFO [main] HiveMetaStore.audit: ugi=alex	ip=unknown-ip-addr	cmd=Done cleaning up thread local RawStore	
2024-04-24T08:11:05,718  INFO [main] metastore.HiveMetaStoreClient: Closed a connection to metastore, current connections: -22
2024-04-24T08:11:05,718  INFO [main] session.HiveSessionImpl: Operation log session directory is created: /home/alex/Repositories/hive/beeline/target/tmp/alex/operation_logs/2a358d3d-db7f-43c9-bc96-f175dc7738e1
2024-04-24T08:11:05,718  INFO [main] service.CompositeService: Session opened, SessionHandle [2a358d3d-db7f-43c9-bc96-f175dc7738e1], current sessions:1
2024-04-24T08:11:05,718  INFO [main] thrift.ThriftCLIService: Login attempt is successful for user : null
2024-04-24T08:11:05,763  WARN [main] conf.HiveConf: HiveConf of name hive.dummyparam.test.server.specific.config.override does not exist
2024-04-24T08:11:05,763  WARN [main] conf.HiveConf: HiveConf of name hive.dummyparam.test.server.specific.config.hiveserver2site does not exist
2024-04-24T08:11:05,763  WARN [main] conf.HiveConf: HiveConf of name hive.dummyparam.test.server.specific.config.metastoresite does not exist
2024-04-24T08:11:05,764  INFO [2a358d3d-db7f-43c9-bc96-f175dc7738e1 main] session.HiveSessionImpl: executing set
2024-04-24T08:11:05,765  INFO [2a358d3d-db7f-43c9-bc96-f175dc7738e1 main] operation.HiveCommandOperation: Putting temp output to file /home/alex/Repositories/hive/beeline/target/tmp/alex/2a358d3d-db7f-43c9-bc96-f175dc7738e15981323480369327704.pipeout and error output to file /home/alex/Repositories/hive/beeline/target/tmp/alex/2a358d3d-db7f-43c9-bc96-f175dc7738e13401013431371463452.pipeout
2024-04-24T08:11:05,765  INFO [2a358d3d-db7f-43c9-bc96-f175dc7738e1 main] operation.OperationManager: Adding operation: OperationHandle [opType=EXECUTE_STATEMENT, getHandleIdentifier()=b21a8457-9e15-4df7-a1e1-35d3821679d8] SessionHandle [2a358d3d-db7f-43c9-bc96-f175dc7738e1]
2024-04-24T08:11:05,765  INFO [2a358d3d-db7f-43c9-bc96-f175dc7738e1 main] common.LogUtils: Thread context registration is done.
DEBUG StatusLogger Building Plugin[name=filter, class=org.apache.hadoop.hive.ql.log.LogDivertAppender$NameFilter].
DEBUG StatusLogger createFilter(loggingLevel="EXECUTION")
DEBUG StatusLogger Building Plugin[name=layout, class=org.apache.logging.log4j.core.layout.PatternLayout].
DEBUG StatusLogger PatternLayout$Builder(footer="null", noConsoleNoAnsi="null", header="null", Replace=null, alwaysWriteExceptions="null", pattern="%-5p : %m%n", PatternSelector=null, charset="null", Configuration(HiveLog4j2Test), disableAnsi="null")
DEBUG StatusLogger Building Plugin[name=appender, class=org.apache.hadoop.hive.ql.log.HushableRandomAccessFileAppender].
DEBUG StatusLogger createAppender(fileName="/home/alex/Repositories/hive/beeline/target/tmp/alex/operation_logs/2a358d3d-db7f-43c9-bc96-f175dc7738e1/alex_20240424081105_fb0aaf3a-53d7-4e98-b9d1-9fe9d13427dd", append="null", name="query-file-appender", immediateFlush="null", bufferSize="null", ignoreExceptions="null", PatternLayout(org.apache.logging.log4j.core.layout.PatternLayout with name PatternLayout), NameFilter(org.apache.hadoop.hive.ql.log.LogDivertAppender$NameFilter with name NameFilter), advertise="null", advertiseURI="null", Configuration(HiveLog4j2Test))
DEBUG StatusLogger Starting RandomAccessFileManager /home/alex/Repositories/hive/beeline/target/tmp/alex/operation_logs/2a358d3d-db7f-43c9-bc96-f175dc7738e1/alex_20240424081105_fb0aaf3a-53d7-4e98-b9d1-9fe9d13427dd
DEBUG StatusLogger Building Plugin[name=, class=org.apache.hadoop.hive.ql.log.LogDivertAppenderForTest$TestFilter].
DEBUG StatusLogger createFilter()
DEBUG StatusLogger Building Plugin[name=, class=org.apache.logging.log4j.core.layout.PatternLayout].
DEBUG StatusLogger PatternLayout$Builder(noConsoleNoAnsi="null", alwaysWriteExceptions="null", header="null", disableAnsi="null", pattern="%-5p : %m%n", Replace=null, charset="null", Configuration(HiveLog4j2Test), PatternSelector=null, footer="null")
DEBUG StatusLogger Building Plugin[name=appender, class=org.apache.hadoop.hive.ql.log.HushableRandomAccessFileAppender].
DEBUG StatusLogger createAppender(fileName="/home/alex/Repositories/hive/beeline/target/tmp/alex/operation_logs/2a358d3d-db7f-43c9-bc96-f175dc7738e1/alex_20240424081105_fb0aaf3a-53d7-4e98-b9d1-9fe9d13427dd.test", append="null", name="test-query-file-appender", immediateFlush="null", bufferSize="null", ignoreExceptions="null", PatternLayout(org.apache.logging.log4j.core.layout.PatternLayout with name PatternLayout), test-filter(org.apache.hadoop.hive.ql.log.LogDivertAppenderForTest$TestFilter with name test-filter), advertise="null", advertiseURI="null", Configuration(HiveLog4j2Test))
DEBUG StatusLogger Starting RandomAccessFileManager /home/alex/Repositories/hive/beeline/target/tmp/alex/operation_logs/2a358d3d-db7f-43c9-bc96-f175dc7738e1/alex_20240424081105_fb0aaf3a-53d7-4e98-b9d1-9fe9d13427dd.test
2024-04-24T08:11:05,773  INFO [2a358d3d-db7f-43c9-bc96-f175dc7738e1 main] operation.HiveCommandOperation: [opType=EXECUTE_STATEMENT, queryId=alex_20240424081105_fb0aaf3a-53d7-4e98-b9d1-9fe9d13427dd, startTime=1713971465764, sessionId=2a358d3d-db7f-43c9-bc96-f175dc7738e1, createTime=1713971465702, userName=null, ipAddress=null]
2024-04-24T08:11:05,881  INFO [2a358d3d-db7f-43c9-bc96-f175dc7738e1 main] common.LogUtils: Unregistered logging context.
2024-04-24T08:11:05,883  INFO [2a358d3d-db7f-43c9-bc96-f175dc7738e1 main] operation.OperationManager: Closing operation: OperationHandle [opType=EXECUTE_STATEMENT, getHandleIdentifier()=b21a8457-9e15-4df7-a1e1-35d3821679d8]
2024-04-24T08:11:05,883  INFO [2a358d3d-db7f-43c9-bc96-f175dc7738e1 main] operation.OperationManager: Removed queryId: alex_20240424081105_fb0aaf3a-53d7-4e98-b9d1-9fe9d13427dd corresponding to operation: OperationHandle [opType=EXECUTE_STATEMENT, getHandleIdentifier()=b21a8457-9e15-4df7-a1e1-35d3821679d8] with tag: null
2024-04-24T08:11:05,884  INFO [2a358d3d-db7f-43c9-bc96-f175dc7738e1 main] operation.HiveCommandOperation: Closing operation log /home/alex/Repositories/hive/beeline/target/tmp/alex/operation_logs/2a358d3d-db7f-43c9-bc96-f175dc7738e1/alex_20240424081105_fb0aaf3a-53d7-4e98-b9d1-9fe9d13427dd without delay
2024-04-24T08:11:05,886  INFO [2a358d3d-db7f-43c9-bc96-f175dc7738e1 main] session.HiveSessionImpl: executing use test
2024-04-24T08:11:05,887  INFO [2a358d3d-db7f-43c9-bc96-f175dc7738e1 main] operation.OperationManager: Adding operation: OperationHandle [opType=EXECUTE_STATEMENT, getHandleIdentifier()=4332d497-606e-4495-9595-cd8d8a2c722e] SessionHandle [2a358d3d-db7f-43c9-bc96-f175dc7738e1]
2024-04-24T08:11:05,888  INFO [2a358d3d-db7f-43c9-bc96-f175dc7738e1 main] common.LogUtils: Thread context registration is done.
DEBUG StatusLogger Building Plugin[name=filter, class=org.apache.hadoop.hive.ql.log.LogDivertAppender$NameFilter].
DEBUG StatusLogger createFilter(loggingLevel="EXECUTION")
DEBUG StatusLogger Building Plugin[name=layout, class=org.apache.logging.log4j.core.layout.PatternLayout].
DEBUG StatusLogger PatternLayout$Builder(alwaysWriteExceptions="null", charset="null", header="null", Configuration(HiveLog4j2Test), PatternSelector=null, Replace=null, pattern="%-5p : %m%n", footer="null", noConsoleNoAnsi="null", disableAnsi="null")
DEBUG StatusLogger Building Plugin[name=appender, class=org.apache.hadoop.hive.ql.log.HushableRandomAccessFileAppender].
DEBUG StatusLogger createAppender(fileName="/home/alex/Repositories/hive/beeline/target/tmp/alex/operation_logs/2a358d3d-db7f-43c9-bc96-f175dc7738e1/alex_20240424081105_2c7dfae2-1772-4780-bbc3-f99bf63aa91e", append="null", name="query-file-appender", immediateFlush="null", bufferSize="null", ignoreExceptions="null", PatternLayout(org.apache.logging.log4j.core.layout.PatternLayout with name PatternLayout), NameFilter(org.apache.hadoop.hive.ql.log.LogDivertAppender$NameFilter with name NameFilter), advertise="null", advertiseURI="null", Configuration(HiveLog4j2Test))
DEBUG StatusLogger Starting RandomAccessFileManager /home/alex/Repositories/hive/beeline/target/tmp/alex/operation_logs/2a358d3d-db7f-43c9-bc96-f175dc7738e1/alex_20240424081105_2c7dfae2-1772-4780-bbc3-f99bf63aa91e
DEBUG StatusLogger Building Plugin[name=, class=org.apache.hadoop.hive.ql.log.LogDivertAppenderForTest$TestFilter].
DEBUG StatusLogger createFilter()
DEBUG StatusLogger Building Plugin[name=, class=org.apache.logging.log4j.core.layout.PatternLayout].
DEBUG StatusLogger PatternLayout$Builder(alwaysWriteExceptions="null", PatternSelector=null, Replace=null, noConsoleNoAnsi="null", footer="null", charset="null", pattern="%-5p : %m%n", disableAnsi="null", header="null", Configuration(HiveLog4j2Test))
DEBUG StatusLogger Building Plugin[name=appender, class=org.apache.hadoop.hive.ql.log.HushableRandomAccessFileAppender].
DEBUG StatusLogger createAppender(fileName="/home/alex/Repositories/hive/beeline/target/tmp/alex/operation_logs/2a358d3d-db7f-43c9-bc96-f175dc7738e1/alex_20240424081105_2c7dfae2-1772-4780-bbc3-f99bf63aa91e.test", append="null", name="test-query-file-appender", immediateFlush="null", bufferSize="null", ignoreExceptions="null", PatternLayout(org.apache.logging.log4j.core.layout.PatternLayout with name PatternLayout), test-filter(org.apache.hadoop.hive.ql.log.LogDivertAppenderForTest$TestFilter with name test-filter), advertise="null", advertiseURI="null", Configuration(HiveLog4j2Test))
DEBUG StatusLogger Starting RandomAccessFileManager /home/alex/Repositories/hive/beeline/target/tmp/alex/operation_logs/2a358d3d-db7f-43c9-bc96-f175dc7738e1/alex_20240424081105_2c7dfae2-1772-4780-bbc3-f99bf63aa91e.test
2024-04-24T08:11:05,895  INFO [2a358d3d-db7f-43c9-bc96-f175dc7738e1 main] operation.SQLOperation: [opType=EXECUTE_STATEMENT, queryId=alex_20240424081105_2c7dfae2-1772-4780-bbc3-f99bf63aa91e, startTime=1713971465886, sessionId=2a358d3d-db7f-43c9-bc96-f175dc7738e1, createTime=1713971465702, userName=null, ipAddress=null]
2024-04-24T08:11:05,896  INFO [2a358d3d-db7f-43c9-bc96-f175dc7738e1 main] ql.Driver: Compiling command(queryId=alex_20240424081105_2c7dfae2-1772-4780-bbc3-f99bf63aa91e): use test
2024-04-24T08:11:05,897  INFO [2a358d3d-db7f-43c9-bc96-f175dc7738e1 main] metastore.HiveMetaStoreClient: HMS client filtering is enabled.
2024-04-24T08:11:05,898  INFO [2a358d3d-db7f-43c9-bc96-f175dc7738e1 main] metastore.HMSHandler: 0: Opening raw store with implementation class:org.apache.hadoop.hive.metastore.ObjectStore
2024-04-24T08:11:05,898  INFO [2a358d3d-db7f-43c9-bc96-f175dc7738e1 main] metastore.PersistenceManagerProvider: Configuration datanucleus.autoStartMechanismMode is not set. Defaulting to 'ignored'
2024-04-24T08:11:05,899  INFO [2a358d3d-db7f-43c9-bc96-f175dc7738e1 main] metastore.ObjectStore: RawStore: org.apache.hadoop.hive.metastore.ObjectStore@1c011855, with PersistenceManager: null will be shutdown
2024-04-24T08:11:05,899  INFO [2a358d3d-db7f-43c9-bc96-f175dc7738e1 main] metastore.ObjectStore: RawStore: org.apache.hadoop.hive.metastore.ObjectStore@1c011855, with PersistenceManager: org.datanucleus.api.jdo.JDOPersistenceManager@6591f8ea created in the thread with id: 1
2024-04-24T08:11:05,902  INFO [2a358d3d-db7f-43c9-bc96-f175dc7738e1 main] metastore.HMSHandler: Created RawStore: org.apache.hadoop.hive.metastore.ObjectStore@1c011855 from thread id: 1
2024-04-24T08:11:05,902  INFO [2a358d3d-db7f-43c9-bc96-f175dc7738e1 main] metastore.HMSHandler: HMS server filtering is disabled by configuration
2024-04-24T08:11:05,902  INFO [2a358d3d-db7f-43c9-bc96-f175dc7738e1 main] metastore.RetryingMetaStoreClient: RetryingMetaStoreClient proxy=class org.apache.hadoop.hive.ql.metadata.SessionHiveMetaStoreClient ugi=alex (auth:SIMPLE) retries=1 delay=1 lifetime=0
2024-04-24T08:11:05,903  INFO [2a358d3d-db7f-43c9-bc96-f175dc7738e1 main] HiveMetaStore.audit: ugi=alex	ip=unknown-ip-addr	cmd=get_database: test	
2024-04-24T08:11:05,904  INFO [2a358d3d-db7f-43c9-bc96-f175dc7738e1 main] ql.Driver: Semantic Analysis Completed (retrial = false)
2024-04-24T08:11:05,904  INFO [2a358d3d-db7f-43c9-bc96-f175dc7738e1 main] ql.Driver: Created Hive schema: Schema(fieldSchemas:null, properties:null)
2024-04-24T08:11:05,904  INFO [2a358d3d-db7f-43c9-bc96-f175dc7738e1 main] metadata.Hive: Dumping metastore api call timing information for : compilation phase
2024-04-24T08:11:05,904  INFO [2a358d3d-db7f-43c9-bc96-f175dc7738e1 main] metadata.Hive: Total time spent in each metastore function (ms): {getDatabase_(String)=2, flushCache_()=0, isCompatibleWith_(Configuration)=0}
2024-04-24T08:11:05,905  INFO [2a358d3d-db7f-43c9-bc96-f175dc7738e1 main] ql.Driver: Completed compiling command(queryId=alex_20240424081105_2c7dfae2-1772-4780-bbc3-f99bf63aa91e); Time taken: 0.008 seconds
2024-04-24T08:11:05,906  INFO [2a358d3d-db7f-43c9-bc96-f175dc7738e1 main] common.LogUtils: Unregistered logging context.
2024-04-24T08:11:05,906  INFO [HiveServer2-Background-Pool: Thread-376] common.LogUtils: Thread context registration is done.
2024-04-24T08:11:05,906  INFO [HiveServer2-Background-Pool: Thread-376] reexec.ReExecDriver: Execution #1 of query
2024-04-24T08:11:05,906  INFO [HiveServer2-Background-Pool: Thread-376] ql.Driver: Concurrency mode is disabled, not creating a lock manager
2024-04-24T08:11:05,907  INFO [HiveServer2-Background-Pool: Thread-376] ql.Driver: Executing command(queryId=alex_20240424081105_2c7dfae2-1772-4780-bbc3-f99bf63aa91e): use test
2024-04-24T08:11:05,907  INFO [HiveServer2-Background-Pool: Thread-376] ql.Driver: Starting task [Stage-0:DDL] in serial mode
2024-04-24T08:11:05,908  INFO [HiveServer2-Background-Pool: Thread-376] HiveMetaStore.audit: ugi=alex	ip=unknown-ip-addr	cmd=get_database: test	
2024-04-24T08:11:05,910  INFO [HiveServer2-Background-Pool: Thread-376] metastore.HMSHandler: 18: Opening raw store with implementation class:org.apache.hadoop.hive.metastore.ObjectStore
2024-04-24T08:11:05,911  INFO [HiveServer2-Background-Pool: Thread-376] metastore.ObjectStore: RawStore: org.apache.hadoop.hive.metastore.ObjectStore@3eac0384, with PersistenceManager: null will be shutdown
2024-04-24T08:11:05,911  INFO [HiveServer2-Background-Pool: Thread-376] metastore.ObjectStore: RawStore: org.apache.hadoop.hive.metastore.ObjectStore@3eac0384, with PersistenceManager: org.datanucleus.api.jdo.JDOPersistenceManager@7bae8a35 created in the thread with id: 376
2024-04-24T08:11:05,914  INFO [HiveServer2-Background-Pool: Thread-376] metastore.HMSHandler: Created RawStore: org.apache.hadoop.hive.metastore.ObjectStore@3eac0384 from thread id: 376
2024-04-24T08:11:05,916  INFO [HiveServer2-Background-Pool: Thread-376] HiveMetaStore.audit: ugi=alex	ip=unknown-ip-addr	cmd=get_database: test	
2024-04-24T08:11:05,917  INFO [HiveServer2-Background-Pool: Thread-376] metadata.Hive: Dumping metastore api call timing information for : execution phase
2024-04-24T08:11:05,918  INFO [HiveServer2-Background-Pool: Thread-376] metadata.Hive: Total time spent in each metastore function (ms): {isCompatibleWith_(Configuration)=1, getDatabase_(String)=9}
2024-04-24T08:11:05,918  INFO [HiveServer2-Background-Pool: Thread-376] ql.Driver: Completed executing command(queryId=alex_20240424081105_2c7dfae2-1772-4780-bbc3-f99bf63aa91e); Time taken: 0.01 seconds
2024-04-24T08:11:05,918  INFO [HiveServer2-Background-Pool: Thread-376] common.LogUtils: Unregistered logging context.
2024-04-24T08:11:05,922  INFO [2a358d3d-db7f-43c9-bc96-f175dc7738e1 main] operation.OperationManager: Closing operation: OperationHandle [opType=EXECUTE_STATEMENT, getHandleIdentifier()=4332d497-606e-4495-9595-cd8d8a2c722e]
2024-04-24T08:11:05,922  INFO [2a358d3d-db7f-43c9-bc96-f175dc7738e1 main] operation.OperationManager: Removed queryId: alex_20240424081105_2c7dfae2-1772-4780-bbc3-f99bf63aa91e corresponding to operation: OperationHandle [opType=EXECUTE_STATEMENT, getHandleIdentifier()=4332d497-606e-4495-9595-cd8d8a2c722e] with tag: null
2024-04-24T08:11:05,922  INFO [2a358d3d-db7f-43c9-bc96-f175dc7738e1 main] operation.SQLOperation: Closing operation log /home/alex/Repositories/hive/beeline/target/tmp/alex/operation_logs/2a358d3d-db7f-43c9-bc96-f175dc7738e1/alex_20240424081105_2c7dfae2-1772-4780-bbc3-f99bf63aa91e without delay
2024-04-24T08:11:05,931  INFO [2a358d3d-db7f-43c9-bc96-f175dc7738e1 main] session.HiveSessionImpl: executing show tables
2024-04-24T08:11:05,932  INFO [2a358d3d-db7f-43c9-bc96-f175dc7738e1 main] operation.OperationManager: Adding operation: OperationHandle [opType=EXECUTE_STATEMENT, getHandleIdentifier()=3c5e8848-34e5-4209-bd5a-ee8b74efbb84] SessionHandle [2a358d3d-db7f-43c9-bc96-f175dc7738e1]
2024-04-24T08:11:05,933  INFO [2a358d3d-db7f-43c9-bc96-f175dc7738e1 main] common.LogUtils: Thread context registration is done.
DEBUG StatusLogger Building Plugin[name=filter, class=org.apache.hadoop.hive.ql.log.LogDivertAppender$NameFilter].
DEBUG StatusLogger createFilter(loggingLevel="EXECUTION")
DEBUG StatusLogger Building Plugin[name=layout, class=org.apache.logging.log4j.core.layout.PatternLayout].
DEBUG StatusLogger PatternLayout$Builder(pattern="%-5p : %m%n", Replace=null, header="null", charset="null", disableAnsi="null", Configuration(HiveLog4j2Test), noConsoleNoAnsi="null", alwaysWriteExceptions="null", footer="null", PatternSelector=null)
DEBUG StatusLogger Building Plugin[name=appender, class=org.apache.hadoop.hive.ql.log.HushableRandomAccessFileAppender].
DEBUG StatusLogger createAppender(fileName="/home/alex/Repositories/hive/beeline/target/tmp/alex/operation_logs/2a358d3d-db7f-43c9-bc96-f175dc7738e1/alex_20240424081105_58f4ef43-dc80-4e98-8995-742fc0a263c0", append="null", name="query-file-appender", immediateFlush="null", bufferSize="null", ignoreExceptions="null", PatternLayout(org.apache.logging.log4j.core.layout.PatternLayout with name PatternLayout), NameFilter(org.apache.hadoop.hive.ql.log.LogDivertAppender$NameFilter with name NameFilter), advertise="null", advertiseURI="null", Configuration(HiveLog4j2Test))
DEBUG StatusLogger Starting RandomAccessFileManager /home/alex/Repositories/hive/beeline/target/tmp/alex/operation_logs/2a358d3d-db7f-43c9-bc96-f175dc7738e1/alex_20240424081105_58f4ef43-dc80-4e98-8995-742fc0a263c0
DEBUG StatusLogger Building Plugin[name=, class=org.apache.hadoop.hive.ql.log.LogDivertAppenderForTest$TestFilter].
DEBUG StatusLogger createFilter()
DEBUG StatusLogger Building Plugin[name=, class=org.apache.logging.log4j.core.layout.PatternLayout].
DEBUG StatusLogger PatternLayout$Builder(pattern="%-5p : %m%n", Replace=null, header="null", footer="null", Configuration(HiveLog4j2Test), disableAnsi="null", charset="null", alwaysWriteExceptions="null", PatternSelector=null, noConsoleNoAnsi="null")
DEBUG StatusLogger Building Plugin[name=appender, class=org.apache.hadoop.hive.ql.log.HushableRandomAccessFileAppender].
DEBUG StatusLogger createAppender(fileName="/home/alex/Repositories/hive/beeline/target/tmp/alex/operation_logs/2a358d3d-db7f-43c9-bc96-f175dc7738e1/alex_20240424081105_58f4ef43-dc80-4e98-8995-742fc0a263c0.test", append="null", name="test-query-file-appender", immediateFlush="null", bufferSize="null", ignoreExceptions="null", PatternLayout(org.apache.logging.log4j.core.layout.PatternLayout with name PatternLayout), test-filter(org.apache.hadoop.hive.ql.log.LogDivertAppenderForTest$TestFilter with name test-filter), advertise="null", advertiseURI="null", Configuration(HiveLog4j2Test))
DEBUG StatusLogger Starting RandomAccessFileManager /home/alex/Repositories/hive/beeline/target/tmp/alex/operation_logs/2a358d3d-db7f-43c9-bc96-f175dc7738e1/alex_20240424081105_58f4ef43-dc80-4e98-8995-742fc0a263c0.test
2024-04-24T08:11:05,941  INFO [2a358d3d-db7f-43c9-bc96-f175dc7738e1 main] operation.SQLOperation: [opType=EXECUTE_STATEMENT, queryId=alex_20240424081105_58f4ef43-dc80-4e98-8995-742fc0a263c0, startTime=1713971465931, sessionId=2a358d3d-db7f-43c9-bc96-f175dc7738e1, createTime=1713971465702, userName=null, ipAddress=null]
2024-04-24T08:11:05,942  INFO [2a358d3d-db7f-43c9-bc96-f175dc7738e1 main] ql.Driver: Compiling command(queryId=alex_20240424081105_58f4ef43-dc80-4e98-8995-742fc0a263c0): show tables
2024-04-24T08:11:05,946  INFO [2a358d3d-db7f-43c9-bc96-f175dc7738e1 main] HiveMetaStore.audit: ugi=alex	ip=unknown-ip-addr	cmd=get_database: test	
2024-04-24T08:11:05,949  INFO [2a358d3d-db7f-43c9-bc96-f175dc7738e1 main] ql.Driver: Semantic Analysis Completed (retrial = false)
2024-04-24T08:11:05,949  INFO [2a358d3d-db7f-43c9-bc96-f175dc7738e1 main] ql.Driver: Created Hive schema: Schema(fieldSchemas:[FieldSchema(name:tab_name, type:string, comment:from deserializer)], properties:null)
2024-04-24T08:11:05,951  INFO [2a358d3d-db7f-43c9-bc96-f175dc7738e1 main] exec.ListSinkOperator: Initializing Operator: LIST_SINK[0]
2024-04-24T08:11:05,951  INFO [2a358d3d-db7f-43c9-bc96-f175dc7738e1 main] metadata.Hive: Dumping metastore api call timing information for : compilation phase
2024-04-24T08:11:05,951  INFO [2a358d3d-db7f-43c9-bc96-f175dc7738e1 main] metadata.Hive: Total time spent in each metastore function (ms): {flushCache_()=0, isCompatibleWith_(Configuration)=0, getDatabase_(String)=2}
2024-04-24T08:11:05,952  INFO [2a358d3d-db7f-43c9-bc96-f175dc7738e1 main] ql.Driver: Completed compiling command(queryId=alex_20240424081105_58f4ef43-dc80-4e98-8995-742fc0a263c0); Time taken: 0.009 seconds
2024-04-24T08:11:05,952  INFO [HiveServer2-Background-Pool: Thread-380] common.LogUtils: Thread context registration is done.
2024-04-24T08:11:05,952  INFO [HiveServer2-Background-Pool: Thread-380] reexec.ReExecDriver: Execution #1 of query
2024-04-24T08:11:05,952  INFO [2a358d3d-db7f-43c9-bc96-f175dc7738e1 main] common.LogUtils: Unregistered logging context.
2024-04-24T08:11:05,953  INFO [HiveServer2-Background-Pool: Thread-380] ql.Driver: Concurrency mode is disabled, not creating a lock manager
2024-04-24T08:11:05,955  INFO [HiveServer2-Background-Pool: Thread-380] ql.Driver: Executing command(queryId=alex_20240424081105_58f4ef43-dc80-4e98-8995-742fc0a263c0): show tables
2024-04-24T08:11:05,957  INFO [HiveServer2-Background-Pool: Thread-380] ql.Driver: Starting task [Stage-0:DDL] in serial mode
2024-04-24T08:11:05,957  INFO [HiveServer2-Background-Pool: Thread-380] HiveMetaStore.audit: ugi=alex	ip=unknown-ip-addr	cmd=get_database: test	
2024-04-24T08:11:05,959  INFO [HiveServer2-Background-Pool: Thread-380] metastore.HMSHandler: 19: Opening raw store with implementation class:org.apache.hadoop.hive.metastore.ObjectStore
2024-04-24T08:11:05,960  INFO [HiveServer2-Background-Pool: Thread-380] metastore.ObjectStore: RawStore: org.apache.hadoop.hive.metastore.ObjectStore@64add7d5, with PersistenceManager: null will be shutdown
2024-04-24T08:11:05,960  INFO [HiveServer2-Background-Pool: Thread-380] metastore.ObjectStore: RawStore: org.apache.hadoop.hive.metastore.ObjectStore@64add7d5, with PersistenceManager: org.datanucleus.api.jdo.JDOPersistenceManager@21af5524 created in the thread with id: 380
2024-04-24T08:11:05,963  INFO [HiveServer2-Background-Pool: Thread-380] metastore.HMSHandler: Created RawStore: org.apache.hadoop.hive.metastore.ObjectStore@64add7d5 from thread id: 380
2024-04-24T08:11:05,966  INFO [HiveServer2-Background-Pool: Thread-380] HiveMetaStore.audit: ugi=alex	ip=unknown-ip-addr	cmd=get_multi_table : db=test tbls=null	
2024-04-24T08:11:05,973  INFO [HiveServer2-Background-Pool: Thread-380] sqlstd.SQLStdHiveAccessController: Created SQLStdHiveAccessController for session context : HiveAuthzSessionContext [sessionString=2a358d3d-db7f-43c9-bc96-f175dc7738e1, clientType=HIVESERVER2]
2024-04-24T08:11:05,980  INFO [HiveServer2-Background-Pool: Thread-380] metadata.Hive: Dumping metastore api call timing information for : execution phase
2024-04-24T08:11:05,980  INFO [HiveServer2-Background-Pool: Thread-380] metadata.Hive: Total time spent in each metastore function (ms): {getDatabase_(String)=8, getTables_(String, String)=8, isCompatibleWith_(Configuration)=0}
2024-04-24T08:11:05,981  INFO [HiveServer2-Background-Pool: Thread-380] ql.Driver: Completed executing command(queryId=alex_20240424081105_58f4ef43-dc80-4e98-8995-742fc0a263c0); Time taken: 0.026 seconds
2024-04-24T08:11:05,982  INFO [HiveServer2-Background-Pool: Thread-380] common.LogUtils: Unregistered logging context.
2024-04-24T08:11:05,984  INFO [2a358d3d-db7f-43c9-bc96-f175dc7738e1 main] operation.OperationManager: Closing operation: OperationHandle [opType=EXECUTE_STATEMENT, getHandleIdentifier()=3c5e8848-34e5-4209-bd5a-ee8b74efbb84]
2024-04-24T08:11:05,984  INFO [2a358d3d-db7f-43c9-bc96-f175dc7738e1 main] operation.OperationManager: Removed queryId: alex_20240424081105_58f4ef43-dc80-4e98-8995-742fc0a263c0 corresponding to operation: OperationHandle [opType=EXECUTE_STATEMENT, getHandleIdentifier()=3c5e8848-34e5-4209-bd5a-ee8b74efbb84] with tag: null
2024-04-24T08:11:05,985  INFO [2a358d3d-db7f-43c9-bc96-f175dc7738e1 main] ql.Context: Deleting scratch dir: file:/home/alex/Repositories/hive/beeline/target/tmp/alex/2a358d3d-db7f-43c9-bc96-f175dc7738e1/hive_2024-04-24_08-11-05_942_6738750119144483260-1
2024-04-24T08:11:05,985  INFO [2a358d3d-db7f-43c9-bc96-f175dc7738e1 main] cleanup.EventualCleanupService: Delete file:/home/alex/Repositories/hive/beeline/target/tmp/alex/2a358d3d-db7f-43c9-bc96-f175dc7738e1/hive_2024-04-24_08-11-05_942_6738750119144483260-1 operation was queued
2024-04-24T08:11:05,985  INFO [2a358d3d-db7f-43c9-bc96-f175dc7738e1 main] exec.ListSinkOperator: Closing Operator: LIST_SINK[0]
2024-04-24T08:11:05,985  INFO [2a358d3d-db7f-43c9-bc96-f175dc7738e1 main] exec.ListSinkOperator: RECORDS_OUT_OPERATOR_LIST_SINK_0:0, RECORDS_OUT_INTERMEDIATE:0, 
2024-04-24T08:11:05,985  INFO [2a358d3d-db7f-43c9-bc96-f175dc7738e1 main] operation.SQLOperation: Closing operation log /home/alex/Repositories/hive/beeline/target/tmp/alex/operation_logs/2a358d3d-db7f-43c9-bc96-f175dc7738e1/alex_20240424081105_58f4ef43-dc80-4e98-8995-742fc0a263c0 without delay
2024-04-24T08:11:05,985  INFO [EventualCleanupService thread 0] cleanup.EventualCleanupService: Deleted file:/home/alex/Repositories/hive/beeline/target/tmp/alex/2a358d3d-db7f-43c9-bc96-f175dc7738e1/hive_2024-04-24_08-11-05_942_6738750119144483260-1
2024-04-24T08:11:05,989  INFO [main] service.CompositeService: Session closed, SessionHandle [2a358d3d-db7f-43c9-bc96-f175dc7738e1], current sessions:0
2024-04-24T08:11:05,990  INFO [2a358d3d-db7f-43c9-bc96-f175dc7738e1 main] session.HiveSessionImpl: Operation log session directory is deleted: /home/alex/Repositories/hive/beeline/target/tmp/alex/operation_logs/2a358d3d-db7f-43c9-bc96-f175dc7738e1
2024-04-24T08:11:05,990  INFO [main] cleanup.EventualCleanupService: Delete /tmp/hive/alex/2a358d3d-db7f-43c9-bc96-f175dc7738e1 operation was queued
2024-04-24T08:11:05,990  INFO [main] cleanup.EventualCleanupService: Delete /home/alex/Repositories/hive/beeline/target/tmp/alex/2a358d3d-db7f-43c9-bc96-f175dc7738e1 operation was queued
2024-04-24T08:11:05,991  INFO [EventualCleanupService thread 2] cleanup.EventualCleanupService: Deleted /home/alex/Repositories/hive/beeline/target/tmp/alex/2a358d3d-db7f-43c9-bc96-f175dc7738e1
2024-04-24T08:11:05,991  INFO [EventualCleanupService thread 1] cleanup.EventualCleanupService: Deleted /tmp/hive/alex/2a358d3d-db7f-43c9-bc96-f175dc7738e1
2024-04-24T08:11:05,992  INFO [main] HiveMetaStore.audit: ugi=alex	ip=unknown-ip-addr	cmd=Cleaning up thread local RawStore...	
2024-04-24T08:11:05,992  INFO [main] metastore.ObjectStore: RawStore: org.apache.hadoop.hive.metastore.ObjectStore@1c011855, with PersistenceManager: org.datanucleus.api.jdo.JDOPersistenceManager@6591f8ea will be shutdown
2024-04-24T08:11:05,992  INFO [main] HiveMetaStore.audit: ugi=alex	ip=unknown-ip-addr	cmd=Done cleaning up thread local RawStore	
2024-04-24T08:11:05,992  INFO [main] metastore.HiveMetaStoreClient: Closed a connection to metastore, current connections: -23
]]></system-err>
  </testcase>
  <testcase name="testNoErrorDB" classname="org.apache.hive.beeline.cli.TestHiveCli" time="0.405">
    <failure type="java.lang.AssertionError"><![CDATA[java.lang.AssertionError: Supported return code is 0 while the actual is 1
	at org.junit.Assert.fail(Assert.java:89)
	at org.apache.hive.beeline.cli.TestHiveCli.executeCMD(TestHiveCli.java:256)
	at org.apache.hive.beeline.cli.TestHiveCli.verifyCMD(TestHiveCli.java:266)
	at org.apache.hive.beeline.cli.TestHiveCli.testNoErrorDB(TestHiveCli.java:239)
	at sun.reflect.NativeMethodAccessorImpl.invoke0(Native Method)
	at sun.reflect.NativeMethodAccessorImpl.invoke(NativeMethodAccessorImpl.java:62)
	at sun.reflect.DelegatingMethodAccessorImpl.invoke(DelegatingMethodAccessorImpl.java:43)
	at java.lang.reflect.Method.invoke(Method.java:498)
	at org.junit.runners.model.FrameworkMethod$1.runReflectiveCall(FrameworkMethod.java:59)
	at org.junit.internal.runners.model.ReflectiveCallable.run(ReflectiveCallable.java:12)
	at org.junit.runners.model.FrameworkMethod.invokeExplosively(FrameworkMethod.java:56)
	at org.junit.internal.runners.statements.InvokeMethod.evaluate(InvokeMethod.java:17)
	at org.junit.internal.runners.statements.RunBefores.evaluate(RunBefores.java:26)
	at org.junit.internal.runners.statements.RunAfters.evaluate(RunAfters.java:27)
	at org.junit.runners.ParentRunner$3.evaluate(ParentRunner.java:306)
	at org.junit.runners.BlockJUnit4ClassRunner$1.evaluate(BlockJUnit4ClassRunner.java:100)
	at org.junit.runners.ParentRunner.runLeaf(ParentRunner.java:366)
	at org.junit.runners.BlockJUnit4ClassRunner.runChild(BlockJUnit4ClassRunner.java:103)
	at org.junit.runners.BlockJUnit4ClassRunner.runChild(BlockJUnit4ClassRunner.java:63)
	at org.junit.runners.ParentRunner$4.run(ParentRunner.java:331)
	at org.junit.runners.ParentRunner$1.schedule(ParentRunner.java:79)
	at org.junit.runners.ParentRunner.runChildren(ParentRunner.java:329)
	at org.junit.runners.ParentRunner.access$100(ParentRunner.java:66)
	at org.junit.runners.ParentRunner$2.evaluate(ParentRunner.java:293)
	at org.junit.internal.runners.statements.RunBefores.evaluate(RunBefores.java:26)
	at org.junit.runners.ParentRunner$3.evaluate(ParentRunner.java:306)
	at org.junit.runners.ParentRunner.run(ParentRunner.java:413)
	at org.junit.runner.JUnitCore.run(JUnitCore.java:137)
	at org.junit.runner.JUnitCore.run(JUnitCore.java:115)
	at org.junit.vintage.engine.execution.RunnerExecutor.execute(RunnerExecutor.java:43)
	at java.util.stream.ForEachOps$ForEachOp$OfRef.accept(ForEachOps.java:183)
	at java.util.stream.ReferencePipeline$3$1.accept(ReferencePipeline.java:193)
	at java.util.Iterator.forEachRemaining(Iterator.java:116)
	at java.util.Spliterators$IteratorSpliterator.forEachRemaining(Spliterators.java:1801)
	at java.util.stream.AbstractPipeline.copyInto(AbstractPipeline.java:482)
	at java.util.stream.AbstractPipeline.wrapAndCopyInto(AbstractPipeline.java:472)
	at java.util.stream.ForEachOps$ForEachOp.evaluateSequential(ForEachOps.java:150)
	at java.util.stream.ForEachOps$ForEachOp$OfRef.evaluateSequential(ForEachOps.java:173)
	at java.util.stream.AbstractPipeline.evaluate(AbstractPipeline.java:234)
	at java.util.stream.ReferencePipeline.forEach(ReferencePipeline.java:485)
	at org.junit.vintage.engine.VintageTestEngine.executeAllChildren(VintageTestEngine.java:82)
	at org.junit.vintage.engine.VintageTestEngine.execute(VintageTestEngine.java:73)
	at org.junit.platform.launcher.core.DefaultLauncher.execute(DefaultLauncher.java:248)
	at org.junit.platform.launcher.core.DefaultLauncher.lambda$execute$5(DefaultLauncher.java:211)
	at org.junit.platform.launcher.core.DefaultLauncher.withInterceptedStreams(DefaultLauncher.java:226)
	at org.junit.platform.launcher.core.DefaultLauncher.execute(DefaultLauncher.java:199)
	at org.junit.platform.launcher.core.DefaultLauncher.execute(DefaultLauncher.java:132)
	at org.apache.maven.surefire.junitplatform.JUnitPlatformProvider.invokeAllTests(JUnitPlatformProvider.java:154)
	at org.apache.maven.surefire.junitplatform.JUnitPlatformProvider.invoke(JUnitPlatformProvider.java:123)
	at org.apache.maven.surefire.booter.ForkedBooter.runSuitesInProcess(ForkedBooter.java:377)
	at org.apache.maven.surefire.booter.ForkedBooter.execute(ForkedBooter.java:138)
	at org.apache.maven.surefire.booter.ForkedBooter.run(ForkedBooter.java:465)
	at org.apache.maven.surefire.booter.ForkedBooter.main(ForkedBooter.java:451)
]]></failure>
    <system-err><![CDATA[2024-04-24T08:11:05,993 ERROR [main] cli.TestHiveCli: Failed to execute command due to the error: java.lang.NullPointerException: Null output stream
2024-04-24T08:11:06,048  WARN [main] conf.HiveConf: HiveConf of name hive.dummyparam.test.server.specific.config.hiveserver2site does not exist
2024-04-24T08:11:06,049  WARN [main] conf.HiveConf: HiveConf of name hive.dummyparam.test.server.specific.config.override does not exist
2024-04-24T08:11:06,049  WARN [main] conf.HiveConf: HiveConf of name hive.dummyparam.test.server.specific.config.metastoresite does not exist
2024-04-24T08:11:06,051  INFO [main] SessionState: Hive Session ID = c7b06cd4-bd6e-4483-aac2-97c56e6e7a6c
2024-04-24T08:11:06,052  INFO [main] DependencyResolver: ivysettings.xml file not found in HIVE_HOME or HIVE_CONF_DIR,/home/alex/Repositories/hive/conf/ivysettings.xml will be used
2024-04-24T08:11:06,084  INFO [main] session.SessionState: Created HDFS directory: /tmp/hive/alex/c7b06cd4-bd6e-4483-aac2-97c56e6e7a6c
2024-04-24T08:11:06,088  INFO [main] session.SessionState: Created local directory: /home/alex/Repositories/hive/beeline/target/tmp/alex/c7b06cd4-bd6e-4483-aac2-97c56e6e7a6c
2024-04-24T08:11:06,091  INFO [main] session.SessionState: Created HDFS directory: /tmp/hive/alex/c7b06cd4-bd6e-4483-aac2-97c56e6e7a6c/_tmp_space.db
2024-04-24T08:11:06,092  INFO [main] sqlstd.SQLStdHiveAccessController: Created SQLStdHiveAccessController for session context : HiveAuthzSessionContext [sessionString=c7b06cd4-bd6e-4483-aac2-97c56e6e7a6c, clientType=HIVESERVER2]
2024-04-24T08:11:06,094  INFO [main] metastore.HiveMetaStoreClient: HMS client filtering is enabled.
2024-04-24T08:11:06,095  INFO [main] metastore.HMSHandler: 0: Opening raw store with implementation class:org.apache.hadoop.hive.metastore.ObjectStore
2024-04-24T08:11:06,096  INFO [main] metastore.PersistenceManagerProvider: Configuration datanucleus.autoStartMechanismMode is not set. Defaulting to 'ignored'
2024-04-24T08:11:06,096  INFO [main] metastore.ObjectStore: RawStore: org.apache.hadoop.hive.metastore.ObjectStore@3a54638b, with PersistenceManager: null will be shutdown
2024-04-24T08:11:06,097  INFO [main] metastore.ObjectStore: RawStore: org.apache.hadoop.hive.metastore.ObjectStore@3a54638b, with PersistenceManager: org.datanucleus.api.jdo.JDOPersistenceManager@7d8f2eec created in the thread with id: 1
2024-04-24T08:11:06,101  INFO [main] metastore.HMSHandler: Created RawStore: org.apache.hadoop.hive.metastore.ObjectStore@3a54638b from thread id: 1
2024-04-24T08:11:06,102  INFO [main] metastore.HMSHandler: HMS server filtering is disabled by configuration
2024-04-24T08:11:06,102  INFO [main] metastore.RetryingMetaStoreClient: RetryingMetaStoreClient proxy=class org.apache.hadoop.hive.ql.metadata.SessionHiveMetaStoreClient ugi=alex (auth:SIMPLE) retries=1 delay=1 lifetime=0
2024-04-24T08:11:06,103  INFO [main] service.CompositeService: Operation log root directory is created: /home/alex/Repositories/hive/beeline/target/tmp/alex/operation_logs
2024-04-24T08:11:06,103  INFO [main] service.CompositeService: HiveServer2: Background operation thread pool size: 100
2024-04-24T08:11:06,103  INFO [main] service.CompositeService: HiveServer2: Background operation thread wait queue size: 100
2024-04-24T08:11:06,103  INFO [main] service.CompositeService: HiveServer2: Background operation thread keepalive time: 10 seconds
2024-04-24T08:11:06,103  INFO [main] service.CompositeService: Connections limit are user: 0 ipaddress: 0 user-ipaddress: 0
2024-04-24T08:11:06,108  INFO [main] cleanup.EventualCleanupService: EventualCleanupService started with 10 threads and queue of size 10000
ERROR StatusLogger Log4j2 ConfigurationScheduler attempted to increment scheduled items after start
ERROR StatusLogger Log4j2 ConfigurationScheduler attempted to increment scheduled items after start
2024-04-24T08:11:06,110  INFO [main] service.AbstractService: Service:OperationManager is inited.
2024-04-24T08:11:06,111  INFO [main] service.AbstractService: Service:SessionManager is inited.
2024-04-24T08:11:06,111  INFO [main] service.AbstractService: Service:CLIService is inited.
2024-04-24T08:11:06,111  INFO [main] service.AbstractService: Service:OperationManager is started.
2024-04-24T08:11:06,111  INFO [main] service.AbstractService: Service:SessionManager is started.
2024-04-24T08:11:06,111  INFO [main] service.AbstractService: Service:CLIService is started.
2024-04-24T08:11:06,111  INFO [main] service.AbstractService: Service:ThriftBinaryCLIService is inited.
2024-04-24T08:11:06,111  INFO [main] thrift.ThriftCLIService: Client protocol version: HIVE_CLI_SERVICE_PROTOCOL_V10
2024-04-24T08:11:06,111  INFO [main] thrift.ThriftCLIService: Creating Hive session handle for user [null] from IP null
2024-04-24T08:11:06,113  INFO [main] DependencyResolver: ivysettings.xml file not found in HIVE_HOME or HIVE_CONF_DIR,/home/alex/Repositories/hive/conf/ivysettings.xml will be used
2024-04-24T08:11:06,121  INFO [main] session.SessionState: Created HDFS directory: /tmp/hive/alex/20aebd1e-064d-4e18-889b-4398f7ff68e4
2024-04-24T08:11:06,126  INFO [main] session.SessionState: Created local directory: /home/alex/Repositories/hive/beeline/target/tmp/alex/20aebd1e-064d-4e18-889b-4398f7ff68e4
2024-04-24T08:11:06,130  INFO [main] session.SessionState: Created HDFS directory: /tmp/hive/alex/20aebd1e-064d-4e18-889b-4398f7ff68e4/_tmp_space.db
2024-04-24T08:11:06,130  INFO [main] session.SessionState: Reloading auxiliary JAR files
2024-04-24T08:11:06,130  WARN [main] session.SessionState: Configuration hive.reloadable.aux.jars.path not specified
2024-04-24T08:11:06,131  INFO [main] HiveMetaStore.audit: ugi=alex	ip=unknown-ip-addr	cmd=Cleaning up thread local RawStore...	
2024-04-24T08:11:06,131  INFO [main] metastore.ObjectStore: RawStore: org.apache.hadoop.hive.metastore.ObjectStore@3a54638b, with PersistenceManager: org.datanucleus.api.jdo.JDOPersistenceManager@7d8f2eec will be shutdown
2024-04-24T08:11:06,131  INFO [main] HiveMetaStore.audit: ugi=alex	ip=unknown-ip-addr	cmd=Done cleaning up thread local RawStore	
2024-04-24T08:11:06,131  INFO [main] metastore.HiveMetaStoreClient: Closed a connection to metastore, current connections: -24
2024-04-24T08:11:06,131  INFO [main] session.HiveSessionImpl: Operation log session directory is created: /home/alex/Repositories/hive/beeline/target/tmp/alex/operation_logs/20aebd1e-064d-4e18-889b-4398f7ff68e4
2024-04-24T08:11:06,131  INFO [main] service.CompositeService: Session opened, SessionHandle [20aebd1e-064d-4e18-889b-4398f7ff68e4], current sessions:1
2024-04-24T08:11:06,131  INFO [main] thrift.ThriftCLIService: Login attempt is successful for user : null
2024-04-24T08:11:06,187  WARN [main] conf.HiveConf: HiveConf of name hive.dummyparam.test.server.specific.config.hiveserver2site does not exist
2024-04-24T08:11:06,188  WARN [main] conf.HiveConf: HiveConf of name hive.dummyparam.test.server.specific.config.metastoresite does not exist
2024-04-24T08:11:06,188  WARN [main] conf.HiveConf: HiveConf of name hive.dummyparam.test.server.specific.config.override does not exist
2024-04-24T08:11:06,189  INFO [20aebd1e-064d-4e18-889b-4398f7ff68e4 main] session.HiveSessionImpl: executing set
2024-04-24T08:11:06,191  INFO [20aebd1e-064d-4e18-889b-4398f7ff68e4 main] operation.HiveCommandOperation: Putting temp output to file /home/alex/Repositories/hive/beeline/target/tmp/alex/20aebd1e-064d-4e18-889b-4398f7ff68e41674122870698680922.pipeout and error output to file /home/alex/Repositories/hive/beeline/target/tmp/alex/20aebd1e-064d-4e18-889b-4398f7ff68e48877248707056574395.pipeout
2024-04-24T08:11:06,191  INFO [20aebd1e-064d-4e18-889b-4398f7ff68e4 main] operation.OperationManager: Adding operation: OperationHandle [opType=EXECUTE_STATEMENT, getHandleIdentifier()=f035a41b-6ba6-4e38-a645-dc1592986843] SessionHandle [20aebd1e-064d-4e18-889b-4398f7ff68e4]
2024-04-24T08:11:06,192  INFO [20aebd1e-064d-4e18-889b-4398f7ff68e4 main] common.LogUtils: Thread context registration is done.
DEBUG StatusLogger Building Plugin[name=filter, class=org.apache.hadoop.hive.ql.log.LogDivertAppender$NameFilter].
DEBUG StatusLogger createFilter(loggingLevel="EXECUTION")
DEBUG StatusLogger Building Plugin[name=layout, class=org.apache.logging.log4j.core.layout.PatternLayout].
DEBUG StatusLogger PatternLayout$Builder(header="null", pattern="%-5p : %m%n", noConsoleNoAnsi="null", alwaysWriteExceptions="null", PatternSelector=null, Replace=null, Configuration(HiveLog4j2Test), disableAnsi="null", charset="null", footer="null")
DEBUG StatusLogger Building Plugin[name=appender, class=org.apache.hadoop.hive.ql.log.HushableRandomAccessFileAppender].
DEBUG StatusLogger createAppender(fileName="/home/alex/Repositories/hive/beeline/target/tmp/alex/operation_logs/20aebd1e-064d-4e18-889b-4398f7ff68e4/alex_20240424081106_c1f19feb-607f-4cc0-a828-7affd1fd81f3", append="null", name="query-file-appender", immediateFlush="null", bufferSize="null", ignoreExceptions="null", PatternLayout(org.apache.logging.log4j.core.layout.PatternLayout with name PatternLayout), NameFilter(org.apache.hadoop.hive.ql.log.LogDivertAppender$NameFilter with name NameFilter), advertise="null", advertiseURI="null", Configuration(HiveLog4j2Test))
DEBUG StatusLogger Starting RandomAccessFileManager /home/alex/Repositories/hive/beeline/target/tmp/alex/operation_logs/20aebd1e-064d-4e18-889b-4398f7ff68e4/alex_20240424081106_c1f19feb-607f-4cc0-a828-7affd1fd81f3
DEBUG StatusLogger Building Plugin[name=, class=org.apache.hadoop.hive.ql.log.LogDivertAppenderForTest$TestFilter].
DEBUG StatusLogger createFilter()
DEBUG StatusLogger Building Plugin[name=, class=org.apache.logging.log4j.core.layout.PatternLayout].
DEBUG StatusLogger PatternLayout$Builder(Configuration(HiveLog4j2Test), header="null", alwaysWriteExceptions="null", disableAnsi="null", pattern="%-5p : %m%n", Replace=null, PatternSelector=null, footer="null", noConsoleNoAnsi="null", charset="null")
DEBUG StatusLogger Building Plugin[name=appender, class=org.apache.hadoop.hive.ql.log.HushableRandomAccessFileAppender].
DEBUG StatusLogger createAppender(fileName="/home/alex/Repositories/hive/beeline/target/tmp/alex/operation_logs/20aebd1e-064d-4e18-889b-4398f7ff68e4/alex_20240424081106_c1f19feb-607f-4cc0-a828-7affd1fd81f3.test", append="null", name="test-query-file-appender", immediateFlush="null", bufferSize="null", ignoreExceptions="null", PatternLayout(org.apache.logging.log4j.core.layout.PatternLayout with name PatternLayout), test-filter(org.apache.hadoop.hive.ql.log.LogDivertAppenderForTest$TestFilter with name test-filter), advertise="null", advertiseURI="null", Configuration(HiveLog4j2Test))
DEBUG StatusLogger Starting RandomAccessFileManager /home/alex/Repositories/hive/beeline/target/tmp/alex/operation_logs/20aebd1e-064d-4e18-889b-4398f7ff68e4/alex_20240424081106_c1f19feb-607f-4cc0-a828-7affd1fd81f3.test
2024-04-24T08:11:06,203  INFO [20aebd1e-064d-4e18-889b-4398f7ff68e4 main] operation.HiveCommandOperation: [opType=EXECUTE_STATEMENT, queryId=alex_20240424081106_c1f19feb-607f-4cc0-a828-7affd1fd81f3, startTime=1713971466189, sessionId=20aebd1e-064d-4e18-889b-4398f7ff68e4, createTime=1713971466111, userName=null, ipAddress=null]
2024-04-24T08:11:06,336  INFO [20aebd1e-064d-4e18-889b-4398f7ff68e4 main] common.LogUtils: Unregistered logging context.
2024-04-24T08:11:06,339  INFO [20aebd1e-064d-4e18-889b-4398f7ff68e4 main] operation.OperationManager: Closing operation: OperationHandle [opType=EXECUTE_STATEMENT, getHandleIdentifier()=f035a41b-6ba6-4e38-a645-dc1592986843]
2024-04-24T08:11:06,339  INFO [20aebd1e-064d-4e18-889b-4398f7ff68e4 main] operation.OperationManager: Removed queryId: alex_20240424081106_c1f19feb-607f-4cc0-a828-7affd1fd81f3 corresponding to operation: OperationHandle [opType=EXECUTE_STATEMENT, getHandleIdentifier()=f035a41b-6ba6-4e38-a645-dc1592986843] with tag: null
2024-04-24T08:11:06,340  INFO [20aebd1e-064d-4e18-889b-4398f7ff68e4 main] operation.HiveCommandOperation: Closing operation log /home/alex/Repositories/hive/beeline/target/tmp/alex/operation_logs/20aebd1e-064d-4e18-889b-4398f7ff68e4/alex_20240424081106_c1f19feb-607f-4cc0-a828-7affd1fd81f3 without delay
2024-04-24T08:11:06,343  INFO [20aebd1e-064d-4e18-889b-4398f7ff68e4 main] session.HiveSessionImpl: executing show tables
2024-04-24T08:11:06,344  INFO [20aebd1e-064d-4e18-889b-4398f7ff68e4 main] operation.OperationManager: Adding operation: OperationHandle [opType=EXECUTE_STATEMENT, getHandleIdentifier()=388211b3-a40b-4345-9347-8aa960bbbbfb] SessionHandle [20aebd1e-064d-4e18-889b-4398f7ff68e4]
2024-04-24T08:11:06,345  INFO [20aebd1e-064d-4e18-889b-4398f7ff68e4 main] common.LogUtils: Thread context registration is done.
DEBUG StatusLogger Building Plugin[name=filter, class=org.apache.hadoop.hive.ql.log.LogDivertAppender$NameFilter].
DEBUG StatusLogger createFilter(loggingLevel="EXECUTION")
DEBUG StatusLogger Building Plugin[name=layout, class=org.apache.logging.log4j.core.layout.PatternLayout].
DEBUG StatusLogger PatternLayout$Builder(Replace=null, charset="null", alwaysWriteExceptions="null", PatternSelector=null, footer="null", Configuration(HiveLog4j2Test), noConsoleNoAnsi="null", header="null", pattern="%-5p : %m%n", disableAnsi="null")
DEBUG StatusLogger Building Plugin[name=appender, class=org.apache.hadoop.hive.ql.log.HushableRandomAccessFileAppender].
DEBUG StatusLogger createAppender(fileName="/home/alex/Repositories/hive/beeline/target/tmp/alex/operation_logs/20aebd1e-064d-4e18-889b-4398f7ff68e4/alex_20240424081106_efac27a9-de06-4d39-87eb-39b1e42e42c8", append="null", name="query-file-appender", immediateFlush="null", bufferSize="null", ignoreExceptions="null", PatternLayout(org.apache.logging.log4j.core.layout.PatternLayout with name PatternLayout), NameFilter(org.apache.hadoop.hive.ql.log.LogDivertAppender$NameFilter with name NameFilter), advertise="null", advertiseURI="null", Configuration(HiveLog4j2Test))
DEBUG StatusLogger Starting RandomAccessFileManager /home/alex/Repositories/hive/beeline/target/tmp/alex/operation_logs/20aebd1e-064d-4e18-889b-4398f7ff68e4/alex_20240424081106_efac27a9-de06-4d39-87eb-39b1e42e42c8
DEBUG StatusLogger Building Plugin[name=, class=org.apache.hadoop.hive.ql.log.LogDivertAppenderForTest$TestFilter].
DEBUG StatusLogger createFilter()
DEBUG StatusLogger Building Plugin[name=, class=org.apache.logging.log4j.core.layout.PatternLayout].
DEBUG StatusLogger PatternLayout$Builder(footer="null", disableAnsi="null", charset="null", noConsoleNoAnsi="null", pattern="%-5p : %m%n", Replace=null, PatternSelector=null, alwaysWriteExceptions="null", header="null", Configuration(HiveLog4j2Test))
DEBUG StatusLogger Building Plugin[name=appender, class=org.apache.hadoop.hive.ql.log.HushableRandomAccessFileAppender].
DEBUG StatusLogger createAppender(fileName="/home/alex/Repositories/hive/beeline/target/tmp/alex/operation_logs/20aebd1e-064d-4e18-889b-4398f7ff68e4/alex_20240424081106_efac27a9-de06-4d39-87eb-39b1e42e42c8.test", append="null", name="test-query-file-appender", immediateFlush="null", bufferSize="null", ignoreExceptions="null", PatternLayout(org.apache.logging.log4j.core.layout.PatternLayout with name PatternLayout), test-filter(org.apache.hadoop.hive.ql.log.LogDivertAppenderForTest$TestFilter with name test-filter), advertise="null", advertiseURI="null", Configuration(HiveLog4j2Test))
DEBUG StatusLogger Starting RandomAccessFileManager /home/alex/Repositories/hive/beeline/target/tmp/alex/operation_logs/20aebd1e-064d-4e18-889b-4398f7ff68e4/alex_20240424081106_efac27a9-de06-4d39-87eb-39b1e42e42c8.test
2024-04-24T08:11:06,353  INFO [20aebd1e-064d-4e18-889b-4398f7ff68e4 main] operation.SQLOperation: [opType=EXECUTE_STATEMENT, queryId=alex_20240424081106_efac27a9-de06-4d39-87eb-39b1e42e42c8, startTime=1713971466343, sessionId=20aebd1e-064d-4e18-889b-4398f7ff68e4, createTime=1713971466111, userName=null, ipAddress=null]
2024-04-24T08:11:06,354  INFO [20aebd1e-064d-4e18-889b-4398f7ff68e4 main] ql.Driver: Compiling command(queryId=alex_20240424081106_efac27a9-de06-4d39-87eb-39b1e42e42c8): show tables
2024-04-24T08:11:06,355  INFO [20aebd1e-064d-4e18-889b-4398f7ff68e4 main] metastore.HiveMetaStoreClient: HMS client filtering is enabled.
2024-04-24T08:11:06,356  INFO [20aebd1e-064d-4e18-889b-4398f7ff68e4 main] metastore.HMSHandler: 0: Opening raw store with implementation class:org.apache.hadoop.hive.metastore.ObjectStore
2024-04-24T08:11:06,356  INFO [20aebd1e-064d-4e18-889b-4398f7ff68e4 main] metastore.PersistenceManagerProvider: Configuration datanucleus.autoStartMechanismMode is not set. Defaulting to 'ignored'
2024-04-24T08:11:06,357  INFO [20aebd1e-064d-4e18-889b-4398f7ff68e4 main] metastore.ObjectStore: RawStore: org.apache.hadoop.hive.metastore.ObjectStore@5fa5c8cf, with PersistenceManager: null will be shutdown
2024-04-24T08:11:06,357  INFO [20aebd1e-064d-4e18-889b-4398f7ff68e4 main] metastore.ObjectStore: RawStore: org.apache.hadoop.hive.metastore.ObjectStore@5fa5c8cf, with PersistenceManager: org.datanucleus.api.jdo.JDOPersistenceManager@d7055be created in the thread with id: 1
2024-04-24T08:11:06,359  INFO [20aebd1e-064d-4e18-889b-4398f7ff68e4 main] metastore.HMSHandler: Created RawStore: org.apache.hadoop.hive.metastore.ObjectStore@5fa5c8cf from thread id: 1
2024-04-24T08:11:06,359  INFO [20aebd1e-064d-4e18-889b-4398f7ff68e4 main] metastore.HMSHandler: HMS server filtering is disabled by configuration
2024-04-24T08:11:06,360  INFO [20aebd1e-064d-4e18-889b-4398f7ff68e4 main] metastore.RetryingMetaStoreClient: RetryingMetaStoreClient proxy=class org.apache.hadoop.hive.ql.metadata.SessionHiveMetaStoreClient ugi=alex (auth:SIMPLE) retries=1 delay=1 lifetime=0
2024-04-24T08:11:06,363  INFO [20aebd1e-064d-4e18-889b-4398f7ff68e4 main] HiveMetaStore.audit: ugi=alex	ip=unknown-ip-addr	cmd=get_database: default	
2024-04-24T08:11:06,365  INFO [20aebd1e-064d-4e18-889b-4398f7ff68e4 main] ql.Driver: Semantic Analysis Completed (retrial = false)
2024-04-24T08:11:06,365  INFO [20aebd1e-064d-4e18-889b-4398f7ff68e4 main] ql.Driver: Created Hive schema: Schema(fieldSchemas:[FieldSchema(name:tab_name, type:string, comment:from deserializer)], properties:null)
2024-04-24T08:11:06,366  INFO [20aebd1e-064d-4e18-889b-4398f7ff68e4 main] exec.ListSinkOperator: Initializing Operator: LIST_SINK[0]
2024-04-24T08:11:06,367  INFO [20aebd1e-064d-4e18-889b-4398f7ff68e4 main] metadata.Hive: Dumping metastore api call timing information for : compilation phase
2024-04-24T08:11:06,367  INFO [20aebd1e-064d-4e18-889b-4398f7ff68e4 main] metadata.Hive: Total time spent in each metastore function (ms): {getDatabase_(String)=2, isCompatibleWith_(Configuration)=0, flushCache_()=0}
2024-04-24T08:11:06,367  INFO [20aebd1e-064d-4e18-889b-4398f7ff68e4 main] ql.Driver: Completed compiling command(queryId=alex_20240424081106_efac27a9-de06-4d39-87eb-39b1e42e42c8); Time taken: 0.012 seconds
2024-04-24T08:11:06,368  INFO [20aebd1e-064d-4e18-889b-4398f7ff68e4 main] common.LogUtils: Unregistered logging context.
2024-04-24T08:11:06,368  INFO [HiveServer2-Background-Pool: Thread-406] common.LogUtils: Thread context registration is done.
2024-04-24T08:11:06,369  INFO [HiveServer2-Background-Pool: Thread-406] reexec.ReExecDriver: Execution #1 of query
2024-04-24T08:11:06,369  INFO [HiveServer2-Background-Pool: Thread-406] ql.Driver: Concurrency mode is disabled, not creating a lock manager
2024-04-24T08:11:06,369  INFO [HiveServer2-Background-Pool: Thread-406] ql.Driver: Executing command(queryId=alex_20240424081106_efac27a9-de06-4d39-87eb-39b1e42e42c8): show tables
2024-04-24T08:11:06,370  INFO [HiveServer2-Background-Pool: Thread-406] ql.Driver: Starting task [Stage-0:DDL] in serial mode
2024-04-24T08:11:06,371  INFO [HiveServer2-Background-Pool: Thread-406] HiveMetaStore.audit: ugi=alex	ip=unknown-ip-addr	cmd=get_database: default	
2024-04-24T08:11:06,373  INFO [HiveServer2-Background-Pool: Thread-406] metastore.HMSHandler: 20: Opening raw store with implementation class:org.apache.hadoop.hive.metastore.ObjectStore
2024-04-24T08:11:06,374  INFO [HiveServer2-Background-Pool: Thread-406] metastore.ObjectStore: RawStore: org.apache.hadoop.hive.metastore.ObjectStore@1d097358, with PersistenceManager: null will be shutdown
2024-04-24T08:11:06,374  INFO [HiveServer2-Background-Pool: Thread-406] metastore.ObjectStore: RawStore: org.apache.hadoop.hive.metastore.ObjectStore@1d097358, with PersistenceManager: org.datanucleus.api.jdo.JDOPersistenceManager@580bee9d created in the thread with id: 406
2024-04-24T08:11:06,378  INFO [HiveServer2-Background-Pool: Thread-406] metastore.HMSHandler: Created RawStore: org.apache.hadoop.hive.metastore.ObjectStore@1d097358 from thread id: 406
2024-04-24T08:11:06,380  INFO [HiveServer2-Background-Pool: Thread-406] HiveMetaStore.audit: ugi=alex	ip=unknown-ip-addr	cmd=get_multi_table : db=default tbls=null	
2024-04-24T08:11:06,384  INFO [HiveServer2-Background-Pool: Thread-406] sqlstd.SQLStdHiveAccessController: Created SQLStdHiveAccessController for session context : HiveAuthzSessionContext [sessionString=20aebd1e-064d-4e18-889b-4398f7ff68e4, clientType=HIVESERVER2]
2024-04-24T08:11:06,392  INFO [HiveServer2-Background-Pool: Thread-406] metadata.Hive: Dumping metastore api call timing information for : execution phase
2024-04-24T08:11:06,392  INFO [HiveServer2-Background-Pool: Thread-406] metadata.Hive: Total time spent in each metastore function (ms): {getDatabase_(String)=8, getTables_(String, String)=6, isCompatibleWith_(Configuration)=0}
2024-04-24T08:11:06,392  INFO [HiveServer2-Background-Pool: Thread-406] ql.Driver: Completed executing command(queryId=alex_20240424081106_efac27a9-de06-4d39-87eb-39b1e42e42c8); Time taken: 0.022 seconds
2024-04-24T08:11:06,392  INFO [HiveServer2-Background-Pool: Thread-406] common.LogUtils: Unregistered logging context.
2024-04-24T08:11:06,395  INFO [20aebd1e-064d-4e18-889b-4398f7ff68e4 main] operation.OperationManager: Closing operation: OperationHandle [opType=EXECUTE_STATEMENT, getHandleIdentifier()=388211b3-a40b-4345-9347-8aa960bbbbfb]
2024-04-24T08:11:06,395  INFO [20aebd1e-064d-4e18-889b-4398f7ff68e4 main] operation.OperationManager: Removed queryId: alex_20240424081106_efac27a9-de06-4d39-87eb-39b1e42e42c8 corresponding to operation: OperationHandle [opType=EXECUTE_STATEMENT, getHandleIdentifier()=388211b3-a40b-4345-9347-8aa960bbbbfb] with tag: null
2024-04-24T08:11:06,395  INFO [20aebd1e-064d-4e18-889b-4398f7ff68e4 main] ql.Context: Deleting scratch dir: file:/home/alex/Repositories/hive/beeline/target/tmp/alex/20aebd1e-064d-4e18-889b-4398f7ff68e4/hive_2024-04-24_08-11-06_354_6189895775926690859-1
2024-04-24T08:11:06,395  INFO [20aebd1e-064d-4e18-889b-4398f7ff68e4 main] cleanup.EventualCleanupService: Delete file:/home/alex/Repositories/hive/beeline/target/tmp/alex/20aebd1e-064d-4e18-889b-4398f7ff68e4/hive_2024-04-24_08-11-06_354_6189895775926690859-1 operation was queued
2024-04-24T08:11:06,395  INFO [20aebd1e-064d-4e18-889b-4398f7ff68e4 main] exec.ListSinkOperator: Closing Operator: LIST_SINK[0]
2024-04-24T08:11:06,396  INFO [20aebd1e-064d-4e18-889b-4398f7ff68e4 main] exec.ListSinkOperator: RECORDS_OUT_INTERMEDIATE:0, RECORDS_OUT_OPERATOR_LIST_SINK_0:0, 
2024-04-24T08:11:06,396  INFO [20aebd1e-064d-4e18-889b-4398f7ff68e4 main] operation.SQLOperation: Closing operation log /home/alex/Repositories/hive/beeline/target/tmp/alex/operation_logs/20aebd1e-064d-4e18-889b-4398f7ff68e4/alex_20240424081106_efac27a9-de06-4d39-87eb-39b1e42e42c8 without delay
2024-04-24T08:11:06,396  INFO [EventualCleanupService thread 0] cleanup.EventualCleanupService: Deleted file:/home/alex/Repositories/hive/beeline/target/tmp/alex/20aebd1e-064d-4e18-889b-4398f7ff68e4/hive_2024-04-24_08-11-06_354_6189895775926690859-1
2024-04-24T08:11:06,396  INFO [main] service.CompositeService: Session closed, SessionHandle [20aebd1e-064d-4e18-889b-4398f7ff68e4], current sessions:0
2024-04-24T08:11:06,396  INFO [20aebd1e-064d-4e18-889b-4398f7ff68e4 main] session.HiveSessionImpl: Operation log session directory is deleted: /home/alex/Repositories/hive/beeline/target/tmp/alex/operation_logs/20aebd1e-064d-4e18-889b-4398f7ff68e4
2024-04-24T08:11:06,397  INFO [main] cleanup.EventualCleanupService: Delete /tmp/hive/alex/20aebd1e-064d-4e18-889b-4398f7ff68e4 operation was queued
2024-04-24T08:11:06,397  INFO [main] cleanup.EventualCleanupService: Delete /home/alex/Repositories/hive/beeline/target/tmp/alex/20aebd1e-064d-4e18-889b-4398f7ff68e4 operation was queued
2024-04-24T08:11:06,397  INFO [EventualCleanupService thread 2] cleanup.EventualCleanupService: Deleted /home/alex/Repositories/hive/beeline/target/tmp/alex/20aebd1e-064d-4e18-889b-4398f7ff68e4
2024-04-24T08:11:06,397  INFO [EventualCleanupService thread 1] cleanup.EventualCleanupService: Deleted /tmp/hive/alex/20aebd1e-064d-4e18-889b-4398f7ff68e4
2024-04-24T08:11:06,398  INFO [main] HiveMetaStore.audit: ugi=alex	ip=unknown-ip-addr	cmd=Cleaning up thread local RawStore...	
2024-04-24T08:11:06,398  INFO [main] metastore.ObjectStore: RawStore: org.apache.hadoop.hive.metastore.ObjectStore@5fa5c8cf, with PersistenceManager: org.datanucleus.api.jdo.JDOPersistenceManager@d7055be will be shutdown
2024-04-24T08:11:06,398  INFO [main] HiveMetaStore.audit: ugi=alex	ip=unknown-ip-addr	cmd=Done cleaning up thread local RawStore	
2024-04-24T08:11:06,398  INFO [main] metastore.HiveMetaStoreClient: Closed a connection to metastore, current connections: -25
2024-04-24T08:11:06,398 ERROR [main] cli.TestHiveCli: Failed due to the error:Connecting to jdbc:hive2://
Hive Session ID = c7b06cd4-bd6e-4483-aac2-97c56e6e7a6c
ivysettings.xml file not found in HIVE_HOME or HIVE_CONF_DIR,/home/alex/Repositories/hive/conf/ivysettings.xml will be used
ivysettings.xml file not found in HIVE_HOME or HIVE_CONF_DIR,/home/alex/Repositories/hive/conf/ivysettings.xml will be used
Connected to: Apache Hive (version 4.0.0-SNAPSHOT)
Error: Couldn't load manifest attributes. (state=,code=0)
Transaction isolation: TRANSACTION_REPEATABLE_READ
INFO  : Compiling command(queryId=alex_20240424081106_efac27a9-de06-4d39-87eb-39b1e42e42c8): show tables
INFO  : Semantic Analysis Completed (retrial = false)
INFO  : Created Hive schema: Schema(fieldSchemas:[FieldSchema(name:tab_name, type:string, comment:from deserializer)], properties:null)
INFO  : Completed compiling command(queryId=alex_20240424081106_efac27a9-de06-4d39-87eb-39b1e42e42c8); Time taken: 0.012 seconds
INFO  : Concurrency mode is disabled, not creating a lock manager
INFO  : Executing command(queryId=alex_20240424081106_efac27a9-de06-4d39-87eb-39b1e42e42c8): show tables
INFO  : Starting task [Stage-0:DDL] in serial mode
DEBUG : Task getting executed using mapred tag : alex_20240424081106_efac27a9-de06-4d39-87eb-39b1e42e42c8,userid=null
INFO  : Completed executing command(queryId=alex_20240424081106_efac27a9-de06-4d39-87eb-39b1e42e42c8); Time taken: 0.022 seconds
DEBUG : Shutting down query show tables
Error: Failed to wait for operation to complete (state=08S01,code=0)
Closing: 0: jdbc:hive2://

]]></system-err>
  </testcase>
  <testcase name="testUseInvalidDB" classname="org.apache.hive.beeline.cli.TestHiveCli" time="0.537"/>
  <testcase name="testErrOutput" classname="org.apache.hive.beeline.cli.TestHiveCli" time="0.369"/>
  <testcase name="testSqlFromCmdWithComments1" classname="org.apache.hive.beeline.cli.TestHiveCli" time="0.353">
    <failure type="java.lang.AssertionError"><![CDATA[java.lang.AssertionError: Supported return code is 0 while the actual is 1
	at org.junit.Assert.fail(Assert.java:89)
	at org.apache.hive.beeline.cli.TestHiveCli.executeCMD(TestHiveCli.java:256)
	at org.apache.hive.beeline.cli.TestHiveCli.verifyCMD(TestHiveCli.java:266)
	at org.apache.hive.beeline.cli.TestHiveCli.testSqlFromCmdWithComments1(TestHiveCli.java:150)
	at sun.reflect.NativeMethodAccessorImpl.invoke0(Native Method)
	at sun.reflect.NativeMethodAccessorImpl.invoke(NativeMethodAccessorImpl.java:62)
	at sun.reflect.DelegatingMethodAccessorImpl.invoke(DelegatingMethodAccessorImpl.java:43)
	at java.lang.reflect.Method.invoke(Method.java:498)
	at org.junit.runners.model.FrameworkMethod$1.runReflectiveCall(FrameworkMethod.java:59)
	at org.junit.internal.runners.model.ReflectiveCallable.run(ReflectiveCallable.java:12)
	at org.junit.runners.model.FrameworkMethod.invokeExplosively(FrameworkMethod.java:56)
	at org.junit.internal.runners.statements.InvokeMethod.evaluate(InvokeMethod.java:17)
	at org.junit.internal.runners.statements.RunBefores.evaluate(RunBefores.java:26)
	at org.junit.internal.runners.statements.RunAfters.evaluate(RunAfters.java:27)
	at org.junit.runners.ParentRunner$3.evaluate(ParentRunner.java:306)
	at org.junit.runners.BlockJUnit4ClassRunner$1.evaluate(BlockJUnit4ClassRunner.java:100)
	at org.junit.runners.ParentRunner.runLeaf(ParentRunner.java:366)
	at org.junit.runners.BlockJUnit4ClassRunner.runChild(BlockJUnit4ClassRunner.java:103)
	at org.junit.runners.BlockJUnit4ClassRunner.runChild(BlockJUnit4ClassRunner.java:63)
	at org.junit.runners.ParentRunner$4.run(ParentRunner.java:331)
	at org.junit.runners.ParentRunner$1.schedule(ParentRunner.java:79)
	at org.junit.runners.ParentRunner.runChildren(ParentRunner.java:329)
	at org.junit.runners.ParentRunner.access$100(ParentRunner.java:66)
	at org.junit.runners.ParentRunner$2.evaluate(ParentRunner.java:293)
	at org.junit.internal.runners.statements.RunBefores.evaluate(RunBefores.java:26)
	at org.junit.runners.ParentRunner$3.evaluate(ParentRunner.java:306)
	at org.junit.runners.ParentRunner.run(ParentRunner.java:413)
	at org.junit.runner.JUnitCore.run(JUnitCore.java:137)
	at org.junit.runner.JUnitCore.run(JUnitCore.java:115)
	at org.junit.vintage.engine.execution.RunnerExecutor.execute(RunnerExecutor.java:43)
	at java.util.stream.ForEachOps$ForEachOp$OfRef.accept(ForEachOps.java:183)
	at java.util.stream.ReferencePipeline$3$1.accept(ReferencePipeline.java:193)
	at java.util.Iterator.forEachRemaining(Iterator.java:116)
	at java.util.Spliterators$IteratorSpliterator.forEachRemaining(Spliterators.java:1801)
	at java.util.stream.AbstractPipeline.copyInto(AbstractPipeline.java:482)
	at java.util.stream.AbstractPipeline.wrapAndCopyInto(AbstractPipeline.java:472)
	at java.util.stream.ForEachOps$ForEachOp.evaluateSequential(ForEachOps.java:150)
	at java.util.stream.ForEachOps$ForEachOp$OfRef.evaluateSequential(ForEachOps.java:173)
	at java.util.stream.AbstractPipeline.evaluate(AbstractPipeline.java:234)
	at java.util.stream.ReferencePipeline.forEach(ReferencePipeline.java:485)
	at org.junit.vintage.engine.VintageTestEngine.executeAllChildren(VintageTestEngine.java:82)
	at org.junit.vintage.engine.VintageTestEngine.execute(VintageTestEngine.java:73)
	at org.junit.platform.launcher.core.DefaultLauncher.execute(DefaultLauncher.java:248)
	at org.junit.platform.launcher.core.DefaultLauncher.lambda$execute$5(DefaultLauncher.java:211)
	at org.junit.platform.launcher.core.DefaultLauncher.withInterceptedStreams(DefaultLauncher.java:226)
	at org.junit.platform.launcher.core.DefaultLauncher.execute(DefaultLauncher.java:199)
	at org.junit.platform.launcher.core.DefaultLauncher.execute(DefaultLauncher.java:132)
	at org.apache.maven.surefire.junitplatform.JUnitPlatformProvider.invokeAllTests(JUnitPlatformProvider.java:154)
	at org.apache.maven.surefire.junitplatform.JUnitPlatformProvider.invoke(JUnitPlatformProvider.java:123)
	at org.apache.maven.surefire.booter.ForkedBooter.runSuitesInProcess(ForkedBooter.java:377)
	at org.apache.maven.surefire.booter.ForkedBooter.execute(ForkedBooter.java:138)
	at org.apache.maven.surefire.booter.ForkedBooter.run(ForkedBooter.java:465)
	at org.apache.maven.surefire.booter.ForkedBooter.main(ForkedBooter.java:451)
]]></failure>
    <system-err><![CDATA[2024-04-24T08:11:07,305 ERROR [main] cli.TestHiveCli: Failed to execute command due to the error: java.lang.NullPointerException: Null output stream
2024-04-24T08:11:07,354  WARN [main] conf.HiveConf: HiveConf of name hive.dummyparam.test.server.specific.config.override does not exist
2024-04-24T08:11:07,354  WARN [main] conf.HiveConf: HiveConf of name hive.dummyparam.test.server.specific.config.hiveserver2site does not exist
2024-04-24T08:11:07,354  WARN [main] conf.HiveConf: HiveConf of name hive.dummyparam.test.server.specific.config.metastoresite does not exist
2024-04-24T08:11:07,355  INFO [main] SessionState: Hive Session ID = d75f606a-1e8e-4128-9323-e4db01ab87c3
2024-04-24T08:11:07,356  INFO [main] DependencyResolver: ivysettings.xml file not found in HIVE_HOME or HIVE_CONF_DIR,/home/alex/Repositories/hive/conf/ivysettings.xml will be used
2024-04-24T08:11:07,364  INFO [main] session.SessionState: Created HDFS directory: /tmp/hive/alex/d75f606a-1e8e-4128-9323-e4db01ab87c3
2024-04-24T08:11:07,367  INFO [main] session.SessionState: Created local directory: /home/alex/Repositories/hive/beeline/target/tmp/alex/d75f606a-1e8e-4128-9323-e4db01ab87c3
2024-04-24T08:11:07,370  INFO [main] session.SessionState: Created HDFS directory: /tmp/hive/alex/d75f606a-1e8e-4128-9323-e4db01ab87c3/_tmp_space.db
2024-04-24T08:11:07,371  INFO [main] sqlstd.SQLStdHiveAccessController: Created SQLStdHiveAccessController for session context : HiveAuthzSessionContext [sessionString=d75f606a-1e8e-4128-9323-e4db01ab87c3, clientType=HIVESERVER2]
2024-04-24T08:11:07,373  INFO [main] metastore.HiveMetaStoreClient: HMS client filtering is enabled.
2024-04-24T08:11:07,374  INFO [main] metastore.HMSHandler: 0: Opening raw store with implementation class:org.apache.hadoop.hive.metastore.ObjectStore
2024-04-24T08:11:07,374  INFO [main] metastore.PersistenceManagerProvider: Configuration datanucleus.autoStartMechanismMode is not set. Defaulting to 'ignored'
2024-04-24T08:11:07,375  INFO [main] metastore.ObjectStore: RawStore: org.apache.hadoop.hive.metastore.ObjectStore@29f8134, with PersistenceManager: null will be shutdown
2024-04-24T08:11:07,376  INFO [main] metastore.ObjectStore: RawStore: org.apache.hadoop.hive.metastore.ObjectStore@29f8134, with PersistenceManager: org.datanucleus.api.jdo.JDOPersistenceManager@77a9ac36 created in the thread with id: 1
2024-04-24T08:11:07,378  INFO [main] metastore.HMSHandler: Created RawStore: org.apache.hadoop.hive.metastore.ObjectStore@29f8134 from thread id: 1
2024-04-24T08:11:07,378  INFO [main] metastore.HMSHandler: HMS server filtering is disabled by configuration
2024-04-24T08:11:07,379  INFO [main] metastore.RetryingMetaStoreClient: RetryingMetaStoreClient proxy=class org.apache.hadoop.hive.ql.metadata.SessionHiveMetaStoreClient ugi=alex (auth:SIMPLE) retries=1 delay=1 lifetime=0
2024-04-24T08:11:07,379  INFO [main] service.CompositeService: Operation log root directory is created: /home/alex/Repositories/hive/beeline/target/tmp/alex/operation_logs
2024-04-24T08:11:07,379  INFO [main] service.CompositeService: HiveServer2: Background operation thread pool size: 100
2024-04-24T08:11:07,379  INFO [main] service.CompositeService: HiveServer2: Background operation thread wait queue size: 100
2024-04-24T08:11:07,379  INFO [main] service.CompositeService: HiveServer2: Background operation thread keepalive time: 10 seconds
2024-04-24T08:11:07,379  INFO [main] service.CompositeService: Connections limit are user: 0 ipaddress: 0 user-ipaddress: 0
2024-04-24T08:11:07,381  INFO [main] cleanup.EventualCleanupService: EventualCleanupService started with 10 threads and queue of size 10000
ERROR StatusLogger Log4j2 ConfigurationScheduler attempted to increment scheduled items after start
ERROR StatusLogger Log4j2 ConfigurationScheduler attempted to increment scheduled items after start
2024-04-24T08:11:07,383  INFO [main] service.AbstractService: Service:OperationManager is inited.
2024-04-24T08:11:07,383  INFO [main] service.AbstractService: Service:SessionManager is inited.
2024-04-24T08:11:07,383  INFO [main] service.AbstractService: Service:CLIService is inited.
2024-04-24T08:11:07,383  INFO [main] service.AbstractService: Service:OperationManager is started.
2024-04-24T08:11:07,383  INFO [main] service.AbstractService: Service:SessionManager is started.
2024-04-24T08:11:07,383  INFO [main] service.AbstractService: Service:CLIService is started.
2024-04-24T08:11:07,383  INFO [main] service.AbstractService: Service:ThriftBinaryCLIService is inited.
2024-04-24T08:11:07,383  INFO [main] thrift.ThriftCLIService: Client protocol version: HIVE_CLI_SERVICE_PROTOCOL_V10
2024-04-24T08:11:07,383  INFO [main] thrift.ThriftCLIService: Creating Hive session handle for user [null] from IP null
2024-04-24T08:11:07,385  INFO [main] DependencyResolver: ivysettings.xml file not found in HIVE_HOME or HIVE_CONF_DIR,/home/alex/Repositories/hive/conf/ivysettings.xml will be used
2024-04-24T08:11:07,393  INFO [main] session.SessionState: Created HDFS directory: /tmp/hive/alex/97c090d5-84f5-45d0-b915-16a917004f73
2024-04-24T08:11:07,396  INFO [main] session.SessionState: Created local directory: /home/alex/Repositories/hive/beeline/target/tmp/alex/97c090d5-84f5-45d0-b915-16a917004f73
2024-04-24T08:11:07,400  INFO [main] session.SessionState: Created HDFS directory: /tmp/hive/alex/97c090d5-84f5-45d0-b915-16a917004f73/_tmp_space.db
2024-04-24T08:11:07,400  INFO [main] session.SessionState: Reloading auxiliary JAR files
2024-04-24T08:11:07,400  WARN [main] session.SessionState: Configuration hive.reloadable.aux.jars.path not specified
2024-04-24T08:11:07,400  INFO [main] HiveMetaStore.audit: ugi=alex	ip=unknown-ip-addr	cmd=Cleaning up thread local RawStore...	
2024-04-24T08:11:07,400  INFO [main] metastore.ObjectStore: RawStore: org.apache.hadoop.hive.metastore.ObjectStore@29f8134, with PersistenceManager: org.datanucleus.api.jdo.JDOPersistenceManager@77a9ac36 will be shutdown
2024-04-24T08:11:07,401  INFO [main] HiveMetaStore.audit: ugi=alex	ip=unknown-ip-addr	cmd=Done cleaning up thread local RawStore	
2024-04-24T08:11:07,401  INFO [main] metastore.HiveMetaStoreClient: Closed a connection to metastore, current connections: -30
2024-04-24T08:11:07,401  INFO [main] session.HiveSessionImpl: Operation log session directory is created: /home/alex/Repositories/hive/beeline/target/tmp/alex/operation_logs/97c090d5-84f5-45d0-b915-16a917004f73
2024-04-24T08:11:07,401  INFO [main] service.CompositeService: Session opened, SessionHandle [97c090d5-84f5-45d0-b915-16a917004f73], current sessions:1
2024-04-24T08:11:07,401  INFO [main] thrift.ThriftCLIService: Login attempt is successful for user : null
2024-04-24T08:11:07,460  WARN [main] conf.HiveConf: HiveConf of name hive.dummyparam.test.server.specific.config.hiveserver2site does not exist
2024-04-24T08:11:07,460  WARN [main] conf.HiveConf: HiveConf of name hive.dummyparam.test.server.specific.config.metastoresite does not exist
2024-04-24T08:11:07,460  WARN [main] conf.HiveConf: HiveConf of name hive.dummyparam.test.server.specific.config.override does not exist
2024-04-24T08:11:07,461  INFO [97c090d5-84f5-45d0-b915-16a917004f73 main] session.HiveSessionImpl: executing set
2024-04-24T08:11:07,462  INFO [97c090d5-84f5-45d0-b915-16a917004f73 main] operation.HiveCommandOperation: Putting temp output to file /home/alex/Repositories/hive/beeline/target/tmp/alex/97c090d5-84f5-45d0-b915-16a917004f733687389405536241629.pipeout and error output to file /home/alex/Repositories/hive/beeline/target/tmp/alex/97c090d5-84f5-45d0-b915-16a917004f734120354061480028908.pipeout
2024-04-24T08:11:07,462  INFO [97c090d5-84f5-45d0-b915-16a917004f73 main] operation.OperationManager: Adding operation: OperationHandle [opType=EXECUTE_STATEMENT, getHandleIdentifier()=28909cf2-718f-4735-bb69-1a3ad4576255] SessionHandle [97c090d5-84f5-45d0-b915-16a917004f73]
2024-04-24T08:11:07,463  INFO [97c090d5-84f5-45d0-b915-16a917004f73 main] common.LogUtils: Thread context registration is done.
DEBUG StatusLogger Building Plugin[name=filter, class=org.apache.hadoop.hive.ql.log.LogDivertAppender$NameFilter].
DEBUG StatusLogger createFilter(loggingLevel="EXECUTION")
DEBUG StatusLogger Building Plugin[name=layout, class=org.apache.logging.log4j.core.layout.PatternLayout].
DEBUG StatusLogger PatternLayout$Builder(footer="null", disableAnsi="null", PatternSelector=null, noConsoleNoAnsi="null", Configuration(HiveLog4j2Test), header="null", Replace=null, charset="null", alwaysWriteExceptions="null", pattern="%-5p : %m%n")
DEBUG StatusLogger Building Plugin[name=appender, class=org.apache.hadoop.hive.ql.log.HushableRandomAccessFileAppender].
DEBUG StatusLogger createAppender(fileName="/home/alex/Repositories/hive/beeline/target/tmp/alex/operation_logs/97c090d5-84f5-45d0-b915-16a917004f73/alex_20240424081107_21a51902-faeb-45e4-aef2-b39c151da87f", append="null", name="query-file-appender", immediateFlush="null", bufferSize="null", ignoreExceptions="null", PatternLayout(org.apache.logging.log4j.core.layout.PatternLayout with name PatternLayout), NameFilter(org.apache.hadoop.hive.ql.log.LogDivertAppender$NameFilter with name NameFilter), advertise="null", advertiseURI="null", Configuration(HiveLog4j2Test))
DEBUG StatusLogger Starting RandomAccessFileManager /home/alex/Repositories/hive/beeline/target/tmp/alex/operation_logs/97c090d5-84f5-45d0-b915-16a917004f73/alex_20240424081107_21a51902-faeb-45e4-aef2-b39c151da87f
DEBUG StatusLogger Building Plugin[name=, class=org.apache.hadoop.hive.ql.log.LogDivertAppenderForTest$TestFilter].
DEBUG StatusLogger createFilter()
DEBUG StatusLogger Building Plugin[name=, class=org.apache.logging.log4j.core.layout.PatternLayout].
DEBUG StatusLogger PatternLayout$Builder(Configuration(HiveLog4j2Test), alwaysWriteExceptions="null", PatternSelector=null, Replace=null, disableAnsi="null", charset="null", noConsoleNoAnsi="null", footer="null", pattern="%-5p : %m%n", header="null")
DEBUG StatusLogger Building Plugin[name=appender, class=org.apache.hadoop.hive.ql.log.HushableRandomAccessFileAppender].
DEBUG StatusLogger createAppender(fileName="/home/alex/Repositories/hive/beeline/target/tmp/alex/operation_logs/97c090d5-84f5-45d0-b915-16a917004f73/alex_20240424081107_21a51902-faeb-45e4-aef2-b39c151da87f.test", append="null", name="test-query-file-appender", immediateFlush="null", bufferSize="null", ignoreExceptions="null", PatternLayout(org.apache.logging.log4j.core.layout.PatternLayout with name PatternLayout), test-filter(org.apache.hadoop.hive.ql.log.LogDivertAppenderForTest$TestFilter with name test-filter), advertise="null", advertiseURI="null", Configuration(HiveLog4j2Test))
DEBUG StatusLogger Starting RandomAccessFileManager /home/alex/Repositories/hive/beeline/target/tmp/alex/operation_logs/97c090d5-84f5-45d0-b915-16a917004f73/alex_20240424081107_21a51902-faeb-45e4-aef2-b39c151da87f.test
2024-04-24T08:11:07,471  INFO [97c090d5-84f5-45d0-b915-16a917004f73 main] operation.HiveCommandOperation: [opType=EXECUTE_STATEMENT, queryId=alex_20240424081107_21a51902-faeb-45e4-aef2-b39c151da87f, startTime=1713971467461, sessionId=97c090d5-84f5-45d0-b915-16a917004f73, createTime=1713971467383, userName=null, ipAddress=null]
2024-04-24T08:11:07,591  INFO [97c090d5-84f5-45d0-b915-16a917004f73 main] common.LogUtils: Unregistered logging context.
2024-04-24T08:11:07,593  INFO [97c090d5-84f5-45d0-b915-16a917004f73 main] operation.OperationManager: Closing operation: OperationHandle [opType=EXECUTE_STATEMENT, getHandleIdentifier()=28909cf2-718f-4735-bb69-1a3ad4576255]
2024-04-24T08:11:07,593  INFO [97c090d5-84f5-45d0-b915-16a917004f73 main] operation.OperationManager: Removed queryId: alex_20240424081107_21a51902-faeb-45e4-aef2-b39c151da87f corresponding to operation: OperationHandle [opType=EXECUTE_STATEMENT, getHandleIdentifier()=28909cf2-718f-4735-bb69-1a3ad4576255] with tag: null
2024-04-24T08:11:07,594  INFO [97c090d5-84f5-45d0-b915-16a917004f73 main] operation.HiveCommandOperation: Closing operation log /home/alex/Repositories/hive/beeline/target/tmp/alex/operation_logs/97c090d5-84f5-45d0-b915-16a917004f73/alex_20240424081107_21a51902-faeb-45e4-aef2-b39c151da87f without delay
2024-04-24T08:11:07,596  INFO [97c090d5-84f5-45d0-b915-16a917004f73 main] session.HiveSessionImpl: executing show databases
2024-04-24T08:11:07,597  INFO [97c090d5-84f5-45d0-b915-16a917004f73 main] operation.OperationManager: Adding operation: OperationHandle [opType=EXECUTE_STATEMENT, getHandleIdentifier()=582c951e-1702-45f5-960e-c09ece1128cc] SessionHandle [97c090d5-84f5-45d0-b915-16a917004f73]
2024-04-24T08:11:07,597  INFO [97c090d5-84f5-45d0-b915-16a917004f73 main] common.LogUtils: Thread context registration is done.
DEBUG StatusLogger Building Plugin[name=filter, class=org.apache.hadoop.hive.ql.log.LogDivertAppender$NameFilter].
DEBUG StatusLogger createFilter(loggingLevel="EXECUTION")
DEBUG StatusLogger Building Plugin[name=layout, class=org.apache.logging.log4j.core.layout.PatternLayout].
DEBUG StatusLogger PatternLayout$Builder(Replace=null, charset="null", footer="null", pattern="%-5p : %m%n", Configuration(HiveLog4j2Test), alwaysWriteExceptions="null", noConsoleNoAnsi="null", disableAnsi="null", header="null", PatternSelector=null)
DEBUG StatusLogger Building Plugin[name=appender, class=org.apache.hadoop.hive.ql.log.HushableRandomAccessFileAppender].
DEBUG StatusLogger createAppender(fileName="/home/alex/Repositories/hive/beeline/target/tmp/alex/operation_logs/97c090d5-84f5-45d0-b915-16a917004f73/alex_20240424081107_0b2aa0f2-adde-45c1-87ab-cf5aea8cbc65", append="null", name="query-file-appender", immediateFlush="null", bufferSize="null", ignoreExceptions="null", PatternLayout(org.apache.logging.log4j.core.layout.PatternLayout with name PatternLayout), NameFilter(org.apache.hadoop.hive.ql.log.LogDivertAppender$NameFilter with name NameFilter), advertise="null", advertiseURI="null", Configuration(HiveLog4j2Test))
DEBUG StatusLogger Starting RandomAccessFileManager /home/alex/Repositories/hive/beeline/target/tmp/alex/operation_logs/97c090d5-84f5-45d0-b915-16a917004f73/alex_20240424081107_0b2aa0f2-adde-45c1-87ab-cf5aea8cbc65
DEBUG StatusLogger Building Plugin[name=, class=org.apache.hadoop.hive.ql.log.LogDivertAppenderForTest$TestFilter].
DEBUG StatusLogger createFilter()
DEBUG StatusLogger Building Plugin[name=, class=org.apache.logging.log4j.core.layout.PatternLayout].
DEBUG StatusLogger PatternLayout$Builder(pattern="%-5p : %m%n", alwaysWriteExceptions="null", PatternSelector=null, noConsoleNoAnsi="null", charset="null", footer="null", Configuration(HiveLog4j2Test), Replace=null, header="null", disableAnsi="null")
DEBUG StatusLogger Building Plugin[name=appender, class=org.apache.hadoop.hive.ql.log.HushableRandomAccessFileAppender].
DEBUG StatusLogger createAppender(fileName="/home/alex/Repositories/hive/beeline/target/tmp/alex/operation_logs/97c090d5-84f5-45d0-b915-16a917004f73/alex_20240424081107_0b2aa0f2-adde-45c1-87ab-cf5aea8cbc65.test", append="null", name="test-query-file-appender", immediateFlush="null", bufferSize="null", ignoreExceptions="null", PatternLayout(org.apache.logging.log4j.core.layout.PatternLayout with name PatternLayout), test-filter(org.apache.hadoop.hive.ql.log.LogDivertAppenderForTest$TestFilter with name test-filter), advertise="null", advertiseURI="null", Configuration(HiveLog4j2Test))
DEBUG StatusLogger Starting RandomAccessFileManager /home/alex/Repositories/hive/beeline/target/tmp/alex/operation_logs/97c090d5-84f5-45d0-b915-16a917004f73/alex_20240424081107_0b2aa0f2-adde-45c1-87ab-cf5aea8cbc65.test
2024-04-24T08:11:07,606  INFO [97c090d5-84f5-45d0-b915-16a917004f73 main] operation.SQLOperation: [opType=EXECUTE_STATEMENT, queryId=alex_20240424081107_0b2aa0f2-adde-45c1-87ab-cf5aea8cbc65, startTime=1713971467596, sessionId=97c090d5-84f5-45d0-b915-16a917004f73, createTime=1713971467383, userName=null, ipAddress=null]
2024-04-24T08:11:07,607  INFO [97c090d5-84f5-45d0-b915-16a917004f73 main] ql.Driver: Compiling command(queryId=alex_20240424081107_0b2aa0f2-adde-45c1-87ab-cf5aea8cbc65): show databases
2024-04-24T08:11:07,609  INFO [97c090d5-84f5-45d0-b915-16a917004f73 main] metastore.HiveMetaStoreClient: HMS client filtering is enabled.
2024-04-24T08:11:07,610  INFO [97c090d5-84f5-45d0-b915-16a917004f73 main] metastore.HMSHandler: 0: Opening raw store with implementation class:org.apache.hadoop.hive.metastore.ObjectStore
2024-04-24T08:11:07,610  INFO [97c090d5-84f5-45d0-b915-16a917004f73 main] metastore.PersistenceManagerProvider: Configuration datanucleus.autoStartMechanismMode is not set. Defaulting to 'ignored'
2024-04-24T08:11:07,611  INFO [97c090d5-84f5-45d0-b915-16a917004f73 main] metastore.ObjectStore: RawStore: org.apache.hadoop.hive.metastore.ObjectStore@7d17906, with PersistenceManager: null will be shutdown
2024-04-24T08:11:07,611  INFO [97c090d5-84f5-45d0-b915-16a917004f73 main] metastore.ObjectStore: RawStore: org.apache.hadoop.hive.metastore.ObjectStore@7d17906, with PersistenceManager: org.datanucleus.api.jdo.JDOPersistenceManager@97beeaf created in the thread with id: 1
2024-04-24T08:11:07,613  INFO [97c090d5-84f5-45d0-b915-16a917004f73 main] metastore.HMSHandler: Created RawStore: org.apache.hadoop.hive.metastore.ObjectStore@7d17906 from thread id: 1
2024-04-24T08:11:07,613  INFO [97c090d5-84f5-45d0-b915-16a917004f73 main] metastore.HMSHandler: HMS server filtering is disabled by configuration
2024-04-24T08:11:07,613  INFO [97c090d5-84f5-45d0-b915-16a917004f73 main] metastore.RetryingMetaStoreClient: RetryingMetaStoreClient proxy=class org.apache.hadoop.hive.ql.metadata.SessionHiveMetaStoreClient ugi=alex (auth:SIMPLE) retries=1 delay=1 lifetime=0
2024-04-24T08:11:07,617  INFO [97c090d5-84f5-45d0-b915-16a917004f73 main] ql.Driver: Semantic Analysis Completed (retrial = false)
2024-04-24T08:11:07,617  INFO [97c090d5-84f5-45d0-b915-16a917004f73 main] ql.Driver: Created Hive schema: Schema(fieldSchemas:[FieldSchema(name:database_name, type:string, comment:from deserializer)], properties:null)
2024-04-24T08:11:07,618  INFO [97c090d5-84f5-45d0-b915-16a917004f73 main] exec.ListSinkOperator: Initializing Operator: LIST_SINK[0]
2024-04-24T08:11:07,618  INFO [97c090d5-84f5-45d0-b915-16a917004f73 main] metadata.Hive: Dumping metastore api call timing information for : compilation phase
2024-04-24T08:11:07,619  INFO [97c090d5-84f5-45d0-b915-16a917004f73 main] metadata.Hive: Total time spent in each metastore function (ms): {isCompatibleWith_(Configuration)=0, flushCache_()=0}
2024-04-24T08:11:07,619  INFO [97c090d5-84f5-45d0-b915-16a917004f73 main] ql.Driver: Completed compiling command(queryId=alex_20240424081107_0b2aa0f2-adde-45c1-87ab-cf5aea8cbc65); Time taken: 0.011 seconds
2024-04-24T08:11:07,621  INFO [HiveServer2-Background-Pool: Thread-481] common.LogUtils: Thread context registration is done.
2024-04-24T08:11:07,621  INFO [97c090d5-84f5-45d0-b915-16a917004f73 main] common.LogUtils: Unregistered logging context.
2024-04-24T08:11:07,621  INFO [HiveServer2-Background-Pool: Thread-481] reexec.ReExecDriver: Execution #1 of query
2024-04-24T08:11:07,621  INFO [HiveServer2-Background-Pool: Thread-481] ql.Driver: Concurrency mode is disabled, not creating a lock manager
2024-04-24T08:11:07,622  INFO [HiveServer2-Background-Pool: Thread-481] ql.Driver: Executing command(queryId=alex_20240424081107_0b2aa0f2-adde-45c1-87ab-cf5aea8cbc65): show databases
2024-04-24T08:11:07,622  INFO [HiveServer2-Background-Pool: Thread-481] ql.Driver: Starting task [Stage-0:DDL] in serial mode
2024-04-24T08:11:07,624  INFO [HiveServer2-Background-Pool: Thread-481] HiveMetaStore.audit: ugi=alex	ip=unknown-ip-addr	cmd=get_databases: @hive#	
2024-04-24T08:11:07,625  INFO [HiveServer2-Background-Pool: Thread-481] metastore.HMSHandler: 22: Opening raw store with implementation class:org.apache.hadoop.hive.metastore.ObjectStore
2024-04-24T08:11:07,626  INFO [HiveServer2-Background-Pool: Thread-481] metastore.ObjectStore: RawStore: org.apache.hadoop.hive.metastore.ObjectStore@2d109319, with PersistenceManager: null will be shutdown
2024-04-24T08:11:07,626  INFO [HiveServer2-Background-Pool: Thread-481] metastore.ObjectStore: RawStore: org.apache.hadoop.hive.metastore.ObjectStore@2d109319, with PersistenceManager: org.datanucleus.api.jdo.JDOPersistenceManager@681208df created in the thread with id: 481
2024-04-24T08:11:07,628  INFO [HiveServer2-Background-Pool: Thread-481] metastore.HMSHandler: Created RawStore: org.apache.hadoop.hive.metastore.ObjectStore@2d109319 from thread id: 481
2024-04-24T08:11:07,638  INFO [HiveServer2-Background-Pool: Thread-481] sqlstd.SQLStdHiveAccessController: Created SQLStdHiveAccessController for session context : HiveAuthzSessionContext [sessionString=97c090d5-84f5-45d0-b915-16a917004f73, clientType=HIVESERVER2]
2024-04-24T08:11:07,640  INFO [HiveServer2-Background-Pool: Thread-481] exec.DDLTask: Found 3 database(s) matching the SHOW DATABASES statement.
2024-04-24T08:11:07,648  INFO [HiveServer2-Background-Pool: Thread-481] metadata.Hive: Dumping metastore api call timing information for : execution phase
2024-04-24T08:11:07,649  INFO [HiveServer2-Background-Pool: Thread-481] metadata.Hive: Total time spent in each metastore function (ms): {getAllDatabases_()=16, isCompatibleWith_(Configuration)=0}
2024-04-24T08:11:07,649  INFO [HiveServer2-Background-Pool: Thread-481] ql.Driver: Completed executing command(queryId=alex_20240424081107_0b2aa0f2-adde-45c1-87ab-cf5aea8cbc65); Time taken: 0.026 seconds
2024-04-24T08:11:07,649  INFO [HiveServer2-Background-Pool: Thread-481] common.LogUtils: Unregistered logging context.
2024-04-24T08:11:07,652  INFO [97c090d5-84f5-45d0-b915-16a917004f73 main] operation.OperationManager: Closing operation: OperationHandle [opType=EXECUTE_STATEMENT, getHandleIdentifier()=582c951e-1702-45f5-960e-c09ece1128cc]
2024-04-24T08:11:07,652  INFO [97c090d5-84f5-45d0-b915-16a917004f73 main] operation.OperationManager: Removed queryId: alex_20240424081107_0b2aa0f2-adde-45c1-87ab-cf5aea8cbc65 corresponding to operation: OperationHandle [opType=EXECUTE_STATEMENT, getHandleIdentifier()=582c951e-1702-45f5-960e-c09ece1128cc] with tag: null
2024-04-24T08:11:07,652  INFO [97c090d5-84f5-45d0-b915-16a917004f73 main] ql.Context: Deleting scratch dir: file:/home/alex/Repositories/hive/beeline/target/tmp/alex/97c090d5-84f5-45d0-b915-16a917004f73/hive_2024-04-24_08-11-07_607_8032988815059548740-1
2024-04-24T08:11:07,652  INFO [97c090d5-84f5-45d0-b915-16a917004f73 main] cleanup.EventualCleanupService: Delete file:/home/alex/Repositories/hive/beeline/target/tmp/alex/97c090d5-84f5-45d0-b915-16a917004f73/hive_2024-04-24_08-11-07_607_8032988815059548740-1 operation was queued
2024-04-24T08:11:07,653  INFO [97c090d5-84f5-45d0-b915-16a917004f73 main] exec.ListSinkOperator: Closing Operator: LIST_SINK[0]
2024-04-24T08:11:07,653  INFO [97c090d5-84f5-45d0-b915-16a917004f73 main] exec.ListSinkOperator: RECORDS_OUT_OPERATOR_LIST_SINK_0:0, RECORDS_OUT_INTERMEDIATE:0, 
2024-04-24T08:11:07,653  INFO [97c090d5-84f5-45d0-b915-16a917004f73 main] operation.SQLOperation: Closing operation log /home/alex/Repositories/hive/beeline/target/tmp/alex/operation_logs/97c090d5-84f5-45d0-b915-16a917004f73/alex_20240424081107_0b2aa0f2-adde-45c1-87ab-cf5aea8cbc65 without delay
2024-04-24T08:11:07,653  INFO [EventualCleanupService thread 0] cleanup.EventualCleanupService: Deleted file:/home/alex/Repositories/hive/beeline/target/tmp/alex/97c090d5-84f5-45d0-b915-16a917004f73/hive_2024-04-24_08-11-07_607_8032988815059548740-1
2024-04-24T08:11:07,654  INFO [main] service.CompositeService: Session closed, SessionHandle [97c090d5-84f5-45d0-b915-16a917004f73], current sessions:0
2024-04-24T08:11:07,654  INFO [97c090d5-84f5-45d0-b915-16a917004f73 main] session.HiveSessionImpl: Operation log session directory is deleted: /home/alex/Repositories/hive/beeline/target/tmp/alex/operation_logs/97c090d5-84f5-45d0-b915-16a917004f73
2024-04-24T08:11:07,655  INFO [main] cleanup.EventualCleanupService: Delete /tmp/hive/alex/97c090d5-84f5-45d0-b915-16a917004f73 operation was queued
2024-04-24T08:11:07,655  INFO [main] cleanup.EventualCleanupService: Delete /home/alex/Repositories/hive/beeline/target/tmp/alex/97c090d5-84f5-45d0-b915-16a917004f73 operation was queued
2024-04-24T08:11:07,655  INFO [EventualCleanupService thread 2] cleanup.EventualCleanupService: Deleted /home/alex/Repositories/hive/beeline/target/tmp/alex/97c090d5-84f5-45d0-b915-16a917004f73
2024-04-24T08:11:07,655  INFO [EventualCleanupService thread 1] cleanup.EventualCleanupService: Deleted /tmp/hive/alex/97c090d5-84f5-45d0-b915-16a917004f73
2024-04-24T08:11:07,656  INFO [main] HiveMetaStore.audit: ugi=alex	ip=unknown-ip-addr	cmd=Cleaning up thread local RawStore...	
2024-04-24T08:11:07,656  INFO [main] metastore.ObjectStore: RawStore: org.apache.hadoop.hive.metastore.ObjectStore@7d17906, with PersistenceManager: org.datanucleus.api.jdo.JDOPersistenceManager@97beeaf will be shutdown
2024-04-24T08:11:07,657  INFO [main] HiveMetaStore.audit: ugi=alex	ip=unknown-ip-addr	cmd=Done cleaning up thread local RawStore	
2024-04-24T08:11:07,657  INFO [main] metastore.HiveMetaStoreClient: Closed a connection to metastore, current connections: -31
2024-04-24T08:11:07,657 ERROR [main] cli.TestHiveCli: Failed due to the error:Connecting to jdbc:hive2://
Hive Session ID = d75f606a-1e8e-4128-9323-e4db01ab87c3
ivysettings.xml file not found in HIVE_HOME or HIVE_CONF_DIR,/home/alex/Repositories/hive/conf/ivysettings.xml will be used
ivysettings.xml file not found in HIVE_HOME or HIVE_CONF_DIR,/home/alex/Repositories/hive/conf/ivysettings.xml will be used
Connected to: Apache Hive (version 4.0.0-SNAPSHOT)
Error: Couldn't load manifest attributes. (state=,code=0)
Transaction isolation: TRANSACTION_REPEATABLE_READ
INFO  : Compiling command(queryId=alex_20240424081107_0b2aa0f2-adde-45c1-87ab-cf5aea8cbc65): show databases
INFO  : Semantic Analysis Completed (retrial = false)
INFO  : Created Hive schema: Schema(fieldSchemas:[FieldSchema(name:database_name, type:string, comment:from deserializer)], properties:null)
INFO  : Completed compiling command(queryId=alex_20240424081107_0b2aa0f2-adde-45c1-87ab-cf5aea8cbc65); Time taken: 0.011 seconds
INFO  : Concurrency mode is disabled, not creating a lock manager
INFO  : Executing command(queryId=alex_20240424081107_0b2aa0f2-adde-45c1-87ab-cf5aea8cbc65): show databases
INFO  : Starting task [Stage-0:DDL] in serial mode
DEBUG : Task getting executed using mapred tag : alex_20240424081107_0b2aa0f2-adde-45c1-87ab-cf5aea8cbc65,userid=null
INFO  : Completed executing command(queryId=alex_20240424081107_0b2aa0f2-adde-45c1-87ab-cf5aea8cbc65); Time taken: 0.026 seconds
DEBUG : Shutting down query show databases
Error: Failed to wait for operation to complete (state=08S01,code=0)
Closing: 0: jdbc:hive2://

]]></system-err>
  </testcase>
  <testcase name="testSqlFromCmdWithComments2" classname="org.apache.hive.beeline.cli.TestHiveCli" time="0.308"/>
  <testcase name="testSqlFromCmdWithComments3" classname="org.apache.hive.beeline.cli.TestHiveCli" time="0.306">
    <failure type="java.lang.AssertionError"><![CDATA[java.lang.AssertionError: Supported return code is 0 while the actual is 1
	at org.junit.Assert.fail(Assert.java:89)
	at org.apache.hive.beeline.cli.TestHiveCli.executeCMD(TestHiveCli.java:256)
	at org.apache.hive.beeline.cli.TestHiveCli.verifyCMD(TestHiveCli.java:266)
	at org.apache.hive.beeline.cli.TestHiveCli.testSqlFromCmdWithComments3(TestHiveCli.java:160)
	at sun.reflect.NativeMethodAccessorImpl.invoke0(Native Method)
	at sun.reflect.NativeMethodAccessorImpl.invoke(NativeMethodAccessorImpl.java:62)
	at sun.reflect.DelegatingMethodAccessorImpl.invoke(DelegatingMethodAccessorImpl.java:43)
	at java.lang.reflect.Method.invoke(Method.java:498)
	at org.junit.runners.model.FrameworkMethod$1.runReflectiveCall(FrameworkMethod.java:59)
	at org.junit.internal.runners.model.ReflectiveCallable.run(ReflectiveCallable.java:12)
	at org.junit.runners.model.FrameworkMethod.invokeExplosively(FrameworkMethod.java:56)
	at org.junit.internal.runners.statements.InvokeMethod.evaluate(InvokeMethod.java:17)
	at org.junit.internal.runners.statements.RunBefores.evaluate(RunBefores.java:26)
	at org.junit.internal.runners.statements.RunAfters.evaluate(RunAfters.java:27)
	at org.junit.runners.ParentRunner$3.evaluate(ParentRunner.java:306)
	at org.junit.runners.BlockJUnit4ClassRunner$1.evaluate(BlockJUnit4ClassRunner.java:100)
	at org.junit.runners.ParentRunner.runLeaf(ParentRunner.java:366)
	at org.junit.runners.BlockJUnit4ClassRunner.runChild(BlockJUnit4ClassRunner.java:103)
	at org.junit.runners.BlockJUnit4ClassRunner.runChild(BlockJUnit4ClassRunner.java:63)
	at org.junit.runners.ParentRunner$4.run(ParentRunner.java:331)
	at org.junit.runners.ParentRunner$1.schedule(ParentRunner.java:79)
	at org.junit.runners.ParentRunner.runChildren(ParentRunner.java:329)
	at org.junit.runners.ParentRunner.access$100(ParentRunner.java:66)
	at org.junit.runners.ParentRunner$2.evaluate(ParentRunner.java:293)
	at org.junit.internal.runners.statements.RunBefores.evaluate(RunBefores.java:26)
	at org.junit.runners.ParentRunner$3.evaluate(ParentRunner.java:306)
	at org.junit.runners.ParentRunner.run(ParentRunner.java:413)
	at org.junit.runner.JUnitCore.run(JUnitCore.java:137)
	at org.junit.runner.JUnitCore.run(JUnitCore.java:115)
	at org.junit.vintage.engine.execution.RunnerExecutor.execute(RunnerExecutor.java:43)
	at java.util.stream.ForEachOps$ForEachOp$OfRef.accept(ForEachOps.java:183)
	at java.util.stream.ReferencePipeline$3$1.accept(ReferencePipeline.java:193)
	at java.util.Iterator.forEachRemaining(Iterator.java:116)
	at java.util.Spliterators$IteratorSpliterator.forEachRemaining(Spliterators.java:1801)
	at java.util.stream.AbstractPipeline.copyInto(AbstractPipeline.java:482)
	at java.util.stream.AbstractPipeline.wrapAndCopyInto(AbstractPipeline.java:472)
	at java.util.stream.ForEachOps$ForEachOp.evaluateSequential(ForEachOps.java:150)
	at java.util.stream.ForEachOps$ForEachOp$OfRef.evaluateSequential(ForEachOps.java:173)
	at java.util.stream.AbstractPipeline.evaluate(AbstractPipeline.java:234)
	at java.util.stream.ReferencePipeline.forEach(ReferencePipeline.java:485)
	at org.junit.vintage.engine.VintageTestEngine.executeAllChildren(VintageTestEngine.java:82)
	at org.junit.vintage.engine.VintageTestEngine.execute(VintageTestEngine.java:73)
	at org.junit.platform.launcher.core.DefaultLauncher.execute(DefaultLauncher.java:248)
	at org.junit.platform.launcher.core.DefaultLauncher.lambda$execute$5(DefaultLauncher.java:211)
	at org.junit.platform.launcher.core.DefaultLauncher.withInterceptedStreams(DefaultLauncher.java:226)
	at org.junit.platform.launcher.core.DefaultLauncher.execute(DefaultLauncher.java:199)
	at org.junit.platform.launcher.core.DefaultLauncher.execute(DefaultLauncher.java:132)
	at org.apache.maven.surefire.junitplatform.JUnitPlatformProvider.invokeAllTests(JUnitPlatformProvider.java:154)
	at org.apache.maven.surefire.junitplatform.JUnitPlatformProvider.invoke(JUnitPlatformProvider.java:123)
	at org.apache.maven.surefire.booter.ForkedBooter.runSuitesInProcess(ForkedBooter.java:377)
	at org.apache.maven.surefire.booter.ForkedBooter.execute(ForkedBooter.java:138)
	at org.apache.maven.surefire.booter.ForkedBooter.run(ForkedBooter.java:465)
	at org.apache.maven.surefire.booter.ForkedBooter.main(ForkedBooter.java:451)
]]></failure>
    <system-err><![CDATA[2024-04-24T08:11:07,967 ERROR [main] cli.TestHiveCli: Failed to execute command due to the error: java.lang.NullPointerException: Null output stream
2024-04-24T08:11:08,016  WARN [main] conf.HiveConf: HiveConf of name hive.dummyparam.test.server.specific.config.hiveserver2site does not exist
2024-04-24T08:11:08,016  WARN [main] conf.HiveConf: HiveConf of name hive.dummyparam.test.server.specific.config.metastoresite does not exist
2024-04-24T08:11:08,016  WARN [main] conf.HiveConf: HiveConf of name hive.dummyparam.test.server.specific.config.override does not exist
2024-04-24T08:11:08,016  INFO [main] SessionState: Hive Session ID = 149ddcde-8156-4bf5-8810-3d892f933628
2024-04-24T08:11:08,016  INFO [main] DependencyResolver: ivysettings.xml file not found in HIVE_HOME or HIVE_CONF_DIR,/home/alex/Repositories/hive/conf/ivysettings.xml will be used
2024-04-24T08:11:08,024  INFO [main] session.SessionState: Created HDFS directory: /tmp/hive/alex/149ddcde-8156-4bf5-8810-3d892f933628
2024-04-24T08:11:08,027  INFO [main] session.SessionState: Created local directory: /home/alex/Repositories/hive/beeline/target/tmp/alex/149ddcde-8156-4bf5-8810-3d892f933628
2024-04-24T08:11:08,030  INFO [main] session.SessionState: Created HDFS directory: /tmp/hive/alex/149ddcde-8156-4bf5-8810-3d892f933628/_tmp_space.db
2024-04-24T08:11:08,030  INFO [main] sqlstd.SQLStdHiveAccessController: Created SQLStdHiveAccessController for session context : HiveAuthzSessionContext [sessionString=149ddcde-8156-4bf5-8810-3d892f933628, clientType=HIVESERVER2]
2024-04-24T08:11:08,031  INFO [main] metastore.HiveMetaStoreClient: HMS client filtering is enabled.
2024-04-24T08:11:08,032  INFO [main] metastore.HMSHandler: 0: Opening raw store with implementation class:org.apache.hadoop.hive.metastore.ObjectStore
2024-04-24T08:11:08,032  INFO [main] metastore.PersistenceManagerProvider: Configuration datanucleus.autoStartMechanismMode is not set. Defaulting to 'ignored'
2024-04-24T08:11:08,032  INFO [main] metastore.ObjectStore: RawStore: org.apache.hadoop.hive.metastore.ObjectStore@621392ea, with PersistenceManager: null will be shutdown
2024-04-24T08:11:08,033  INFO [main] metastore.ObjectStore: RawStore: org.apache.hadoop.hive.metastore.ObjectStore@621392ea, with PersistenceManager: org.datanucleus.api.jdo.JDOPersistenceManager@35524549 created in the thread with id: 1
2024-04-24T08:11:08,035  INFO [main] metastore.HMSHandler: Created RawStore: org.apache.hadoop.hive.metastore.ObjectStore@621392ea from thread id: 1
2024-04-24T08:11:08,035  INFO [main] metastore.HMSHandler: HMS server filtering is disabled by configuration
2024-04-24T08:11:08,035  INFO [main] metastore.RetryingMetaStoreClient: RetryingMetaStoreClient proxy=class org.apache.hadoop.hive.ql.metadata.SessionHiveMetaStoreClient ugi=alex (auth:SIMPLE) retries=1 delay=1 lifetime=0
2024-04-24T08:11:08,035  INFO [main] service.CompositeService: Operation log root directory is created: /home/alex/Repositories/hive/beeline/target/tmp/alex/operation_logs
2024-04-24T08:11:08,035  INFO [main] service.CompositeService: HiveServer2: Background operation thread pool size: 100
2024-04-24T08:11:08,036  INFO [main] service.CompositeService: HiveServer2: Background operation thread wait queue size: 100
2024-04-24T08:11:08,036  INFO [main] service.CompositeService: HiveServer2: Background operation thread keepalive time: 10 seconds
2024-04-24T08:11:08,036  INFO [main] service.CompositeService: Connections limit are user: 0 ipaddress: 0 user-ipaddress: 0
2024-04-24T08:11:08,037  INFO [main] cleanup.EventualCleanupService: EventualCleanupService started with 10 threads and queue of size 10000
ERROR StatusLogger Log4j2 ConfigurationScheduler attempted to increment scheduled items after start
ERROR StatusLogger Log4j2 ConfigurationScheduler attempted to increment scheduled items after start
2024-04-24T08:11:08,039  INFO [main] service.AbstractService: Service:OperationManager is inited.
2024-04-24T08:11:08,039  INFO [main] service.AbstractService: Service:SessionManager is inited.
2024-04-24T08:11:08,039  INFO [main] service.AbstractService: Service:CLIService is inited.
2024-04-24T08:11:08,039  INFO [main] service.AbstractService: Service:OperationManager is started.
2024-04-24T08:11:08,039  INFO [main] service.AbstractService: Service:SessionManager is started.
2024-04-24T08:11:08,040  INFO [main] service.AbstractService: Service:CLIService is started.
2024-04-24T08:11:08,040  INFO [main] service.AbstractService: Service:ThriftBinaryCLIService is inited.
2024-04-24T08:11:08,040  INFO [main] thrift.ThriftCLIService: Client protocol version: HIVE_CLI_SERVICE_PROTOCOL_V10
2024-04-24T08:11:08,040  INFO [main] thrift.ThriftCLIService: Creating Hive session handle for user [null] from IP null
2024-04-24T08:11:08,041  INFO [main] DependencyResolver: ivysettings.xml file not found in HIVE_HOME or HIVE_CONF_DIR,/home/alex/Repositories/hive/conf/ivysettings.xml will be used
2024-04-24T08:11:08,048  INFO [main] session.SessionState: Created HDFS directory: /tmp/hive/alex/0953a7f1-88ad-4d10-a6be-b2771e4ffa65
2024-04-24T08:11:08,052  INFO [main] session.SessionState: Created local directory: /home/alex/Repositories/hive/beeline/target/tmp/alex/0953a7f1-88ad-4d10-a6be-b2771e4ffa65
2024-04-24T08:11:08,055  INFO [main] session.SessionState: Created HDFS directory: /tmp/hive/alex/0953a7f1-88ad-4d10-a6be-b2771e4ffa65/_tmp_space.db
2024-04-24T08:11:08,055  INFO [main] session.SessionState: Reloading auxiliary JAR files
2024-04-24T08:11:08,055  WARN [main] session.SessionState: Configuration hive.reloadable.aux.jars.path not specified
2024-04-24T08:11:08,055  INFO [main] HiveMetaStore.audit: ugi=alex	ip=unknown-ip-addr	cmd=Cleaning up thread local RawStore...	
2024-04-24T08:11:08,055  INFO [main] metastore.ObjectStore: RawStore: org.apache.hadoop.hive.metastore.ObjectStore@621392ea, with PersistenceManager: org.datanucleus.api.jdo.JDOPersistenceManager@35524549 will be shutdown
2024-04-24T08:11:08,055  INFO [main] HiveMetaStore.audit: ugi=alex	ip=unknown-ip-addr	cmd=Done cleaning up thread local RawStore	
2024-04-24T08:11:08,055  INFO [main] metastore.HiveMetaStoreClient: Closed a connection to metastore, current connections: -33
2024-04-24T08:11:08,055  INFO [main] session.HiveSessionImpl: Operation log session directory is created: /home/alex/Repositories/hive/beeline/target/tmp/alex/operation_logs/0953a7f1-88ad-4d10-a6be-b2771e4ffa65
2024-04-24T08:11:08,055  INFO [main] service.CompositeService: Session opened, SessionHandle [0953a7f1-88ad-4d10-a6be-b2771e4ffa65], current sessions:1
2024-04-24T08:11:08,055  INFO [main] thrift.ThriftCLIService: Login attempt is successful for user : null
2024-04-24T08:11:08,099  WARN [main] conf.HiveConf: HiveConf of name hive.dummyparam.test.server.specific.config.hiveserver2site does not exist
2024-04-24T08:11:08,100  WARN [main] conf.HiveConf: HiveConf of name hive.dummyparam.test.server.specific.config.metastoresite does not exist
2024-04-24T08:11:08,100  WARN [main] conf.HiveConf: HiveConf of name hive.dummyparam.test.server.specific.config.override does not exist
2024-04-24T08:11:08,100  INFO [0953a7f1-88ad-4d10-a6be-b2771e4ffa65 main] session.HiveSessionImpl: executing set
2024-04-24T08:11:08,101  INFO [0953a7f1-88ad-4d10-a6be-b2771e4ffa65 main] operation.HiveCommandOperation: Putting temp output to file /home/alex/Repositories/hive/beeline/target/tmp/alex/0953a7f1-88ad-4d10-a6be-b2771e4ffa655390950909471506551.pipeout and error output to file /home/alex/Repositories/hive/beeline/target/tmp/alex/0953a7f1-88ad-4d10-a6be-b2771e4ffa657032082694552733418.pipeout
2024-04-24T08:11:08,101  INFO [0953a7f1-88ad-4d10-a6be-b2771e4ffa65 main] operation.OperationManager: Adding operation: OperationHandle [opType=EXECUTE_STATEMENT, getHandleIdentifier()=c545795d-ec40-448d-a827-c1a71240081e] SessionHandle [0953a7f1-88ad-4d10-a6be-b2771e4ffa65]
2024-04-24T08:11:08,102  INFO [0953a7f1-88ad-4d10-a6be-b2771e4ffa65 main] common.LogUtils: Thread context registration is done.
DEBUG StatusLogger Building Plugin[name=filter, class=org.apache.hadoop.hive.ql.log.LogDivertAppender$NameFilter].
DEBUG StatusLogger createFilter(loggingLevel="EXECUTION")
DEBUG StatusLogger Building Plugin[name=layout, class=org.apache.logging.log4j.core.layout.PatternLayout].
DEBUG StatusLogger PatternLayout$Builder(Replace=null, footer="null", pattern="%-5p : %m%n", alwaysWriteExceptions="null", charset="null", noConsoleNoAnsi="null", header="null", disableAnsi="null", PatternSelector=null, Configuration(HiveLog4j2Test))
DEBUG StatusLogger Building Plugin[name=appender, class=org.apache.hadoop.hive.ql.log.HushableRandomAccessFileAppender].
DEBUG StatusLogger createAppender(fileName="/home/alex/Repositories/hive/beeline/target/tmp/alex/operation_logs/0953a7f1-88ad-4d10-a6be-b2771e4ffa65/alex_20240424081108_2c07c124-668d-4c52-a898-a3f13d985c9f", append="null", name="query-file-appender", immediateFlush="null", bufferSize="null", ignoreExceptions="null", PatternLayout(org.apache.logging.log4j.core.layout.PatternLayout with name PatternLayout), NameFilter(org.apache.hadoop.hive.ql.log.LogDivertAppender$NameFilter with name NameFilter), advertise="null", advertiseURI="null", Configuration(HiveLog4j2Test))
DEBUG StatusLogger Starting RandomAccessFileManager /home/alex/Repositories/hive/beeline/target/tmp/alex/operation_logs/0953a7f1-88ad-4d10-a6be-b2771e4ffa65/alex_20240424081108_2c07c124-668d-4c52-a898-a3f13d985c9f
DEBUG StatusLogger Building Plugin[name=, class=org.apache.hadoop.hive.ql.log.LogDivertAppenderForTest$TestFilter].
DEBUG StatusLogger createFilter()
DEBUG StatusLogger Building Plugin[name=, class=org.apache.logging.log4j.core.layout.PatternLayout].
DEBUG StatusLogger PatternLayout$Builder(alwaysWriteExceptions="null", noConsoleNoAnsi="null", Configuration(HiveLog4j2Test), pattern="%-5p : %m%n", header="null", Replace=null, charset="null", disableAnsi="null", PatternSelector=null, footer="null")
DEBUG StatusLogger Building Plugin[name=appender, class=org.apache.hadoop.hive.ql.log.HushableRandomAccessFileAppender].
DEBUG StatusLogger createAppender(fileName="/home/alex/Repositories/hive/beeline/target/tmp/alex/operation_logs/0953a7f1-88ad-4d10-a6be-b2771e4ffa65/alex_20240424081108_2c07c124-668d-4c52-a898-a3f13d985c9f.test", append="null", name="test-query-file-appender", immediateFlush="null", bufferSize="null", ignoreExceptions="null", PatternLayout(org.apache.logging.log4j.core.layout.PatternLayout with name PatternLayout), test-filter(org.apache.hadoop.hive.ql.log.LogDivertAppenderForTest$TestFilter with name test-filter), advertise="null", advertiseURI="null", Configuration(HiveLog4j2Test))
DEBUG StatusLogger Starting RandomAccessFileManager /home/alex/Repositories/hive/beeline/target/tmp/alex/operation_logs/0953a7f1-88ad-4d10-a6be-b2771e4ffa65/alex_20240424081108_2c07c124-668d-4c52-a898-a3f13d985c9f.test
2024-04-24T08:11:08,110  INFO [0953a7f1-88ad-4d10-a6be-b2771e4ffa65 main] operation.HiveCommandOperation: [opType=EXECUTE_STATEMENT, queryId=alex_20240424081108_2c07c124-668d-4c52-a898-a3f13d985c9f, startTime=1713971468100, sessionId=0953a7f1-88ad-4d10-a6be-b2771e4ffa65, createTime=1713971468040, userName=null, ipAddress=null]
2024-04-24T08:11:08,219  INFO [0953a7f1-88ad-4d10-a6be-b2771e4ffa65 main] common.LogUtils: Unregistered logging context.
2024-04-24T08:11:08,222  INFO [0953a7f1-88ad-4d10-a6be-b2771e4ffa65 main] operation.OperationManager: Closing operation: OperationHandle [opType=EXECUTE_STATEMENT, getHandleIdentifier()=c545795d-ec40-448d-a827-c1a71240081e]
2024-04-24T08:11:08,222  INFO [0953a7f1-88ad-4d10-a6be-b2771e4ffa65 main] operation.OperationManager: Removed queryId: alex_20240424081108_2c07c124-668d-4c52-a898-a3f13d985c9f corresponding to operation: OperationHandle [opType=EXECUTE_STATEMENT, getHandleIdentifier()=c545795d-ec40-448d-a827-c1a71240081e] with tag: null
2024-04-24T08:11:08,223  INFO [0953a7f1-88ad-4d10-a6be-b2771e4ffa65 main] operation.HiveCommandOperation: Closing operation log /home/alex/Repositories/hive/beeline/target/tmp/alex/operation_logs/0953a7f1-88ad-4d10-a6be-b2771e4ffa65/alex_20240424081108_2c07c124-668d-4c52-a898-a3f13d985c9f without delay
2024-04-24T08:11:08,225  INFO [0953a7f1-88ad-4d10-a6be-b2771e4ffa65 main] session.HiveSessionImpl: executing show databases
2024-04-24T08:11:08,226  INFO [0953a7f1-88ad-4d10-a6be-b2771e4ffa65 main] operation.OperationManager: Adding operation: OperationHandle [opType=EXECUTE_STATEMENT, getHandleIdentifier()=1b7d50da-363d-4612-890e-0318df05adb2] SessionHandle [0953a7f1-88ad-4d10-a6be-b2771e4ffa65]
2024-04-24T08:11:08,226  INFO [0953a7f1-88ad-4d10-a6be-b2771e4ffa65 main] common.LogUtils: Thread context registration is done.
DEBUG StatusLogger Building Plugin[name=filter, class=org.apache.hadoop.hive.ql.log.LogDivertAppender$NameFilter].
DEBUG StatusLogger createFilter(loggingLevel="EXECUTION")
DEBUG StatusLogger Building Plugin[name=layout, class=org.apache.logging.log4j.core.layout.PatternLayout].
DEBUG StatusLogger PatternLayout$Builder(footer="null", noConsoleNoAnsi="null", Replace=null, Configuration(HiveLog4j2Test), pattern="%-5p : %m%n", header="null", charset="null", alwaysWriteExceptions="null", disableAnsi="null", PatternSelector=null)
DEBUG StatusLogger Building Plugin[name=appender, class=org.apache.hadoop.hive.ql.log.HushableRandomAccessFileAppender].
DEBUG StatusLogger createAppender(fileName="/home/alex/Repositories/hive/beeline/target/tmp/alex/operation_logs/0953a7f1-88ad-4d10-a6be-b2771e4ffa65/alex_20240424081108_fae4e851-2045-4c17-947a-d8e77a85c450", append="null", name="query-file-appender", immediateFlush="null", bufferSize="null", ignoreExceptions="null", PatternLayout(org.apache.logging.log4j.core.layout.PatternLayout with name PatternLayout), NameFilter(org.apache.hadoop.hive.ql.log.LogDivertAppender$NameFilter with name NameFilter), advertise="null", advertiseURI="null", Configuration(HiveLog4j2Test))
DEBUG StatusLogger Starting RandomAccessFileManager /home/alex/Repositories/hive/beeline/target/tmp/alex/operation_logs/0953a7f1-88ad-4d10-a6be-b2771e4ffa65/alex_20240424081108_fae4e851-2045-4c17-947a-d8e77a85c450
DEBUG StatusLogger Building Plugin[name=, class=org.apache.hadoop.hive.ql.log.LogDivertAppenderForTest$TestFilter].
DEBUG StatusLogger createFilter()
DEBUG StatusLogger Building Plugin[name=, class=org.apache.logging.log4j.core.layout.PatternLayout].
DEBUG StatusLogger PatternLayout$Builder(charset="null", noConsoleNoAnsi="null", alwaysWriteExceptions="null", pattern="%-5p : %m%n", header="null", disableAnsi="null", Configuration(HiveLog4j2Test), footer="null", PatternSelector=null, Replace=null)
DEBUG StatusLogger Building Plugin[name=appender, class=org.apache.hadoop.hive.ql.log.HushableRandomAccessFileAppender].
DEBUG StatusLogger createAppender(fileName="/home/alex/Repositories/hive/beeline/target/tmp/alex/operation_logs/0953a7f1-88ad-4d10-a6be-b2771e4ffa65/alex_20240424081108_fae4e851-2045-4c17-947a-d8e77a85c450.test", append="null", name="test-query-file-appender", immediateFlush="null", bufferSize="null", ignoreExceptions="null", PatternLayout(org.apache.logging.log4j.core.layout.PatternLayout with name PatternLayout), test-filter(org.apache.hadoop.hive.ql.log.LogDivertAppenderForTest$TestFilter with name test-filter), advertise="null", advertiseURI="null", Configuration(HiveLog4j2Test))
DEBUG StatusLogger Starting RandomAccessFileManager /home/alex/Repositories/hive/beeline/target/tmp/alex/operation_logs/0953a7f1-88ad-4d10-a6be-b2771e4ffa65/alex_20240424081108_fae4e851-2045-4c17-947a-d8e77a85c450.test
2024-04-24T08:11:08,235  INFO [0953a7f1-88ad-4d10-a6be-b2771e4ffa65 main] operation.SQLOperation: [opType=EXECUTE_STATEMENT, queryId=alex_20240424081108_fae4e851-2045-4c17-947a-d8e77a85c450, startTime=1713971468225, sessionId=0953a7f1-88ad-4d10-a6be-b2771e4ffa65, createTime=1713971468040, userName=null, ipAddress=null]
2024-04-24T08:11:08,236  INFO [0953a7f1-88ad-4d10-a6be-b2771e4ffa65 main] ql.Driver: Compiling command(queryId=alex_20240424081108_fae4e851-2045-4c17-947a-d8e77a85c450): show databases
2024-04-24T08:11:08,237  INFO [0953a7f1-88ad-4d10-a6be-b2771e4ffa65 main] metastore.HiveMetaStoreClient: HMS client filtering is enabled.
2024-04-24T08:11:08,238  INFO [0953a7f1-88ad-4d10-a6be-b2771e4ffa65 main] metastore.HMSHandler: 0: Opening raw store with implementation class:org.apache.hadoop.hive.metastore.ObjectStore
2024-04-24T08:11:08,238  INFO [0953a7f1-88ad-4d10-a6be-b2771e4ffa65 main] metastore.PersistenceManagerProvider: Configuration datanucleus.autoStartMechanismMode is not set. Defaulting to 'ignored'
2024-04-24T08:11:08,238  INFO [0953a7f1-88ad-4d10-a6be-b2771e4ffa65 main] metastore.ObjectStore: RawStore: org.apache.hadoop.hive.metastore.ObjectStore@27fc0217, with PersistenceManager: null will be shutdown
2024-04-24T08:11:08,239  INFO [0953a7f1-88ad-4d10-a6be-b2771e4ffa65 main] metastore.ObjectStore: RawStore: org.apache.hadoop.hive.metastore.ObjectStore@27fc0217, with PersistenceManager: org.datanucleus.api.jdo.JDOPersistenceManager@e993715 created in the thread with id: 1
2024-04-24T08:11:08,241  INFO [0953a7f1-88ad-4d10-a6be-b2771e4ffa65 main] metastore.HMSHandler: Created RawStore: org.apache.hadoop.hive.metastore.ObjectStore@27fc0217 from thread id: 1
2024-04-24T08:11:08,241  INFO [0953a7f1-88ad-4d10-a6be-b2771e4ffa65 main] metastore.HMSHandler: HMS server filtering is disabled by configuration
2024-04-24T08:11:08,241  INFO [0953a7f1-88ad-4d10-a6be-b2771e4ffa65 main] metastore.RetryingMetaStoreClient: RetryingMetaStoreClient proxy=class org.apache.hadoop.hive.ql.metadata.SessionHiveMetaStoreClient ugi=alex (auth:SIMPLE) retries=1 delay=1 lifetime=0
2024-04-24T08:11:08,245  INFO [0953a7f1-88ad-4d10-a6be-b2771e4ffa65 main] ql.Driver: Semantic Analysis Completed (retrial = false)
2024-04-24T08:11:08,245  INFO [0953a7f1-88ad-4d10-a6be-b2771e4ffa65 main] ql.Driver: Created Hive schema: Schema(fieldSchemas:[FieldSchema(name:database_name, type:string, comment:from deserializer)], properties:null)
2024-04-24T08:11:08,246  INFO [0953a7f1-88ad-4d10-a6be-b2771e4ffa65 main] exec.ListSinkOperator: Initializing Operator: LIST_SINK[0]
2024-04-24T08:11:08,246  INFO [0953a7f1-88ad-4d10-a6be-b2771e4ffa65 main] metadata.Hive: Dumping metastore api call timing information for : compilation phase
2024-04-24T08:11:08,247  INFO [0953a7f1-88ad-4d10-a6be-b2771e4ffa65 main] metadata.Hive: Total time spent in each metastore function (ms): {flushCache_()=0, isCompatibleWith_(Configuration)=1}
2024-04-24T08:11:08,247  INFO [0953a7f1-88ad-4d10-a6be-b2771e4ffa65 main] ql.Driver: Completed compiling command(queryId=alex_20240424081108_fae4e851-2045-4c17-947a-d8e77a85c450); Time taken: 0.011 seconds
2024-04-24T08:11:08,248  INFO [HiveServer2-Background-Pool: Thread-528] common.LogUtils: Thread context registration is done.
2024-04-24T08:11:08,248  INFO [HiveServer2-Background-Pool: Thread-528] reexec.ReExecDriver: Execution #1 of query
2024-04-24T08:11:08,248  INFO [0953a7f1-88ad-4d10-a6be-b2771e4ffa65 main] common.LogUtils: Unregistered logging context.
2024-04-24T08:11:08,249  INFO [HiveServer2-Background-Pool: Thread-528] ql.Driver: Concurrency mode is disabled, not creating a lock manager
2024-04-24T08:11:08,249  INFO [HiveServer2-Background-Pool: Thread-528] ql.Driver: Executing command(queryId=alex_20240424081108_fae4e851-2045-4c17-947a-d8e77a85c450): show databases
2024-04-24T08:11:08,250  INFO [HiveServer2-Background-Pool: Thread-528] ql.Driver: Starting task [Stage-0:DDL] in serial mode
2024-04-24T08:11:08,251  INFO [HiveServer2-Background-Pool: Thread-528] HiveMetaStore.audit: ugi=alex	ip=unknown-ip-addr	cmd=get_databases: @hive#	
2024-04-24T08:11:08,252  INFO [HiveServer2-Background-Pool: Thread-528] metastore.HMSHandler: 23: Opening raw store with implementation class:org.apache.hadoop.hive.metastore.ObjectStore
2024-04-24T08:11:08,253  INFO [HiveServer2-Background-Pool: Thread-528] metastore.ObjectStore: RawStore: org.apache.hadoop.hive.metastore.ObjectStore@48b8d9b4, with PersistenceManager: null will be shutdown
2024-04-24T08:11:08,253  INFO [HiveServer2-Background-Pool: Thread-528] metastore.ObjectStore: RawStore: org.apache.hadoop.hive.metastore.ObjectStore@48b8d9b4, with PersistenceManager: org.datanucleus.api.jdo.JDOPersistenceManager@dba5ec7 created in the thread with id: 528
2024-04-24T08:11:08,255  INFO [HiveServer2-Background-Pool: Thread-528] metastore.HMSHandler: Created RawStore: org.apache.hadoop.hive.metastore.ObjectStore@48b8d9b4 from thread id: 528
2024-04-24T08:11:08,257  INFO [HiveServer2-Background-Pool: Thread-528] sqlstd.SQLStdHiveAccessController: Created SQLStdHiveAccessController for session context : HiveAuthzSessionContext [sessionString=0953a7f1-88ad-4d10-a6be-b2771e4ffa65, clientType=HIVESERVER2]
2024-04-24T08:11:08,258  INFO [HiveServer2-Background-Pool: Thread-528] exec.DDLTask: Found 3 database(s) matching the SHOW DATABASES statement.
2024-04-24T08:11:08,264  INFO [HiveServer2-Background-Pool: Thread-528] metadata.Hive: Dumping metastore api call timing information for : execution phase
2024-04-24T08:11:08,264  INFO [HiveServer2-Background-Pool: Thread-528] metadata.Hive: Total time spent in each metastore function (ms): {getAllDatabases_()=7, isCompatibleWith_(Configuration)=0}
2024-04-24T08:11:08,264  INFO [HiveServer2-Background-Pool: Thread-528] ql.Driver: Completed executing command(queryId=alex_20240424081108_fae4e851-2045-4c17-947a-d8e77a85c450); Time taken: 0.015 seconds
2024-04-24T08:11:08,265  INFO [HiveServer2-Background-Pool: Thread-528] common.LogUtils: Unregistered logging context.
2024-04-24T08:11:08,268  INFO [0953a7f1-88ad-4d10-a6be-b2771e4ffa65 main] operation.OperationManager: Closing operation: OperationHandle [opType=EXECUTE_STATEMENT, getHandleIdentifier()=1b7d50da-363d-4612-890e-0318df05adb2]
2024-04-24T08:11:08,268  INFO [0953a7f1-88ad-4d10-a6be-b2771e4ffa65 main] operation.OperationManager: Removed queryId: alex_20240424081108_fae4e851-2045-4c17-947a-d8e77a85c450 corresponding to operation: OperationHandle [opType=EXECUTE_STATEMENT, getHandleIdentifier()=1b7d50da-363d-4612-890e-0318df05adb2] with tag: null
2024-04-24T08:11:08,268  INFO [0953a7f1-88ad-4d10-a6be-b2771e4ffa65 main] ql.Context: Deleting scratch dir: file:/home/alex/Repositories/hive/beeline/target/tmp/alex/0953a7f1-88ad-4d10-a6be-b2771e4ffa65/hive_2024-04-24_08-11-08_235_6316328569860932182-1
2024-04-24T08:11:08,268  INFO [0953a7f1-88ad-4d10-a6be-b2771e4ffa65 main] cleanup.EventualCleanupService: Delete file:/home/alex/Repositories/hive/beeline/target/tmp/alex/0953a7f1-88ad-4d10-a6be-b2771e4ffa65/hive_2024-04-24_08-11-08_235_6316328569860932182-1 operation was queued
2024-04-24T08:11:08,268  INFO [0953a7f1-88ad-4d10-a6be-b2771e4ffa65 main] exec.ListSinkOperator: Closing Operator: LIST_SINK[0]
2024-04-24T08:11:08,269  INFO [0953a7f1-88ad-4d10-a6be-b2771e4ffa65 main] exec.ListSinkOperator: RECORDS_OUT_OPERATOR_LIST_SINK_0:0, RECORDS_OUT_INTERMEDIATE:0, 
2024-04-24T08:11:08,269  INFO [0953a7f1-88ad-4d10-a6be-b2771e4ffa65 main] operation.SQLOperation: Closing operation log /home/alex/Repositories/hive/beeline/target/tmp/alex/operation_logs/0953a7f1-88ad-4d10-a6be-b2771e4ffa65/alex_20240424081108_fae4e851-2045-4c17-947a-d8e77a85c450 without delay
2024-04-24T08:11:08,269  INFO [EventualCleanupService thread 0] cleanup.EventualCleanupService: Deleted file:/home/alex/Repositories/hive/beeline/target/tmp/alex/0953a7f1-88ad-4d10-a6be-b2771e4ffa65/hive_2024-04-24_08-11-08_235_6316328569860932182-1
2024-04-24T08:11:08,269  INFO [main] service.CompositeService: Session closed, SessionHandle [0953a7f1-88ad-4d10-a6be-b2771e4ffa65], current sessions:0
2024-04-24T08:11:08,270  INFO [0953a7f1-88ad-4d10-a6be-b2771e4ffa65 main] session.HiveSessionImpl: Operation log session directory is deleted: /home/alex/Repositories/hive/beeline/target/tmp/alex/operation_logs/0953a7f1-88ad-4d10-a6be-b2771e4ffa65
2024-04-24T08:11:08,270  INFO [main] cleanup.EventualCleanupService: Delete /tmp/hive/alex/0953a7f1-88ad-4d10-a6be-b2771e4ffa65 operation was queued
2024-04-24T08:11:08,270  INFO [main] cleanup.EventualCleanupService: Delete /home/alex/Repositories/hive/beeline/target/tmp/alex/0953a7f1-88ad-4d10-a6be-b2771e4ffa65 operation was queued
2024-04-24T08:11:08,270  INFO [EventualCleanupService thread 2] cleanup.EventualCleanupService: Deleted /home/alex/Repositories/hive/beeline/target/tmp/alex/0953a7f1-88ad-4d10-a6be-b2771e4ffa65
2024-04-24T08:11:08,270  INFO [EventualCleanupService thread 1] cleanup.EventualCleanupService: Deleted /tmp/hive/alex/0953a7f1-88ad-4d10-a6be-b2771e4ffa65
2024-04-24T08:11:08,271  INFO [main] HiveMetaStore.audit: ugi=alex	ip=unknown-ip-addr	cmd=Cleaning up thread local RawStore...	
2024-04-24T08:11:08,271  INFO [main] metastore.ObjectStore: RawStore: org.apache.hadoop.hive.metastore.ObjectStore@27fc0217, with PersistenceManager: org.datanucleus.api.jdo.JDOPersistenceManager@e993715 will be shutdown
2024-04-24T08:11:08,271  INFO [main] HiveMetaStore.audit: ugi=alex	ip=unknown-ip-addr	cmd=Done cleaning up thread local RawStore	
2024-04-24T08:11:08,271  INFO [main] metastore.HiveMetaStoreClient: Closed a connection to metastore, current connections: -34
2024-04-24T08:11:08,271 ERROR [main] cli.TestHiveCli: Failed due to the error:Connecting to jdbc:hive2://
Hive Session ID = 149ddcde-8156-4bf5-8810-3d892f933628
ivysettings.xml file not found in HIVE_HOME or HIVE_CONF_DIR,/home/alex/Repositories/hive/conf/ivysettings.xml will be used
ivysettings.xml file not found in HIVE_HOME or HIVE_CONF_DIR,/home/alex/Repositories/hive/conf/ivysettings.xml will be used
Connected to: Apache Hive (version 4.0.0-SNAPSHOT)
Error: Couldn't load manifest attributes. (state=,code=0)
Transaction isolation: TRANSACTION_REPEATABLE_READ
INFO  : Compiling command(queryId=alex_20240424081108_fae4e851-2045-4c17-947a-d8e77a85c450): show databases
INFO  : Semantic Analysis Completed (retrial = false)
INFO  : Created Hive schema: Schema(fieldSchemas:[FieldSchema(name:database_name, type:string, comment:from deserializer)], properties:null)
INFO  : Completed compiling command(queryId=alex_20240424081108_fae4e851-2045-4c17-947a-d8e77a85c450); Time taken: 0.011 seconds
INFO  : Concurrency mode is disabled, not creating a lock manager
INFO  : Executing command(queryId=alex_20240424081108_fae4e851-2045-4c17-947a-d8e77a85c450): show databases
INFO  : Starting task [Stage-0:DDL] in serial mode
DEBUG : Task getting executed using mapred tag : alex_20240424081108_fae4e851-2045-4c17-947a-d8e77a85c450,userid=null
INFO  : Completed executing command(queryId=alex_20240424081108_fae4e851-2045-4c17-947a-d8e77a85c450); Time taken: 0.015 seconds
DEBUG : Shutting down query show databases
Error: Failed to wait for operation to complete (state=08S01,code=0)
Closing: 0: jdbc:hive2://

]]></system-err>
  </testcase>
  <testcase name="testSqlFromCmd" classname="org.apache.hive.beeline.cli.TestHiveCli" time="0.307">
    <failure type="java.lang.AssertionError"><![CDATA[java.lang.AssertionError: Supported return code is 0 while the actual is 1
	at org.junit.Assert.fail(Assert.java:89)
	at org.apache.hive.beeline.cli.TestHiveCli.executeCMD(TestHiveCli.java:256)
	at org.apache.hive.beeline.cli.TestHiveCli.verifyCMD(TestHiveCli.java:266)
	at org.apache.hive.beeline.cli.TestHiveCli.testSqlFromCmd(TestHiveCli.java:145)
	at sun.reflect.NativeMethodAccessorImpl.invoke0(Native Method)
	at sun.reflect.NativeMethodAccessorImpl.invoke(NativeMethodAccessorImpl.java:62)
	at sun.reflect.DelegatingMethodAccessorImpl.invoke(DelegatingMethodAccessorImpl.java:43)
	at java.lang.reflect.Method.invoke(Method.java:498)
	at org.junit.runners.model.FrameworkMethod$1.runReflectiveCall(FrameworkMethod.java:59)
	at org.junit.internal.runners.model.ReflectiveCallable.run(ReflectiveCallable.java:12)
	at org.junit.runners.model.FrameworkMethod.invokeExplosively(FrameworkMethod.java:56)
	at org.junit.internal.runners.statements.InvokeMethod.evaluate(InvokeMethod.java:17)
	at org.junit.internal.runners.statements.RunBefores.evaluate(RunBefores.java:26)
	at org.junit.internal.runners.statements.RunAfters.evaluate(RunAfters.java:27)
	at org.junit.runners.ParentRunner$3.evaluate(ParentRunner.java:306)
	at org.junit.runners.BlockJUnit4ClassRunner$1.evaluate(BlockJUnit4ClassRunner.java:100)
	at org.junit.runners.ParentRunner.runLeaf(ParentRunner.java:366)
	at org.junit.runners.BlockJUnit4ClassRunner.runChild(BlockJUnit4ClassRunner.java:103)
	at org.junit.runners.BlockJUnit4ClassRunner.runChild(BlockJUnit4ClassRunner.java:63)
	at org.junit.runners.ParentRunner$4.run(ParentRunner.java:331)
	at org.junit.runners.ParentRunner$1.schedule(ParentRunner.java:79)
	at org.junit.runners.ParentRunner.runChildren(ParentRunner.java:329)
	at org.junit.runners.ParentRunner.access$100(ParentRunner.java:66)
	at org.junit.runners.ParentRunner$2.evaluate(ParentRunner.java:293)
	at org.junit.internal.runners.statements.RunBefores.evaluate(RunBefores.java:26)
	at org.junit.runners.ParentRunner$3.evaluate(ParentRunner.java:306)
	at org.junit.runners.ParentRunner.run(ParentRunner.java:413)
	at org.junit.runner.JUnitCore.run(JUnitCore.java:137)
	at org.junit.runner.JUnitCore.run(JUnitCore.java:115)
	at org.junit.vintage.engine.execution.RunnerExecutor.execute(RunnerExecutor.java:43)
	at java.util.stream.ForEachOps$ForEachOp$OfRef.accept(ForEachOps.java:183)
	at java.util.stream.ReferencePipeline$3$1.accept(ReferencePipeline.java:193)
	at java.util.Iterator.forEachRemaining(Iterator.java:116)
	at java.util.Spliterators$IteratorSpliterator.forEachRemaining(Spliterators.java:1801)
	at java.util.stream.AbstractPipeline.copyInto(AbstractPipeline.java:482)
	at java.util.stream.AbstractPipeline.wrapAndCopyInto(AbstractPipeline.java:472)
	at java.util.stream.ForEachOps$ForEachOp.evaluateSequential(ForEachOps.java:150)
	at java.util.stream.ForEachOps$ForEachOp$OfRef.evaluateSequential(ForEachOps.java:173)
	at java.util.stream.AbstractPipeline.evaluate(AbstractPipeline.java:234)
	at java.util.stream.ReferencePipeline.forEach(ReferencePipeline.java:485)
	at org.junit.vintage.engine.VintageTestEngine.executeAllChildren(VintageTestEngine.java:82)
	at org.junit.vintage.engine.VintageTestEngine.execute(VintageTestEngine.java:73)
	at org.junit.platform.launcher.core.DefaultLauncher.execute(DefaultLauncher.java:248)
	at org.junit.platform.launcher.core.DefaultLauncher.lambda$execute$5(DefaultLauncher.java:211)
	at org.junit.platform.launcher.core.DefaultLauncher.withInterceptedStreams(DefaultLauncher.java:226)
	at org.junit.platform.launcher.core.DefaultLauncher.execute(DefaultLauncher.java:199)
	at org.junit.platform.launcher.core.DefaultLauncher.execute(DefaultLauncher.java:132)
	at org.apache.maven.surefire.junitplatform.JUnitPlatformProvider.invokeAllTests(JUnitPlatformProvider.java:154)
	at org.apache.maven.surefire.junitplatform.JUnitPlatformProvider.invoke(JUnitPlatformProvider.java:123)
	at org.apache.maven.surefire.booter.ForkedBooter.runSuitesInProcess(ForkedBooter.java:377)
	at org.apache.maven.surefire.booter.ForkedBooter.execute(ForkedBooter.java:138)
	at org.apache.maven.surefire.booter.ForkedBooter.run(ForkedBooter.java:465)
	at org.apache.maven.surefire.booter.ForkedBooter.main(ForkedBooter.java:451)
]]></failure>
    <system-err><![CDATA[2024-04-24T08:11:08,272 ERROR [main] cli.TestHiveCli: Failed to execute command due to the error: java.lang.NullPointerException: Null output stream
2024-04-24T08:11:08,318  WARN [main] conf.HiveConf: HiveConf of name hive.dummyparam.test.server.specific.config.override does not exist
2024-04-24T08:11:08,318  WARN [main] conf.HiveConf: HiveConf of name hive.dummyparam.test.server.specific.config.metastoresite does not exist
2024-04-24T08:11:08,318  WARN [main] conf.HiveConf: HiveConf of name hive.dummyparam.test.server.specific.config.hiveserver2site does not exist
2024-04-24T08:11:08,319  INFO [main] SessionState: Hive Session ID = 718bffaf-0100-4bd0-b494-0f5c404dd89e
2024-04-24T08:11:08,319  INFO [main] DependencyResolver: ivysettings.xml file not found in HIVE_HOME or HIVE_CONF_DIR,/home/alex/Repositories/hive/conf/ivysettings.xml will be used
2024-04-24T08:11:08,327  INFO [main] session.SessionState: Created HDFS directory: /tmp/hive/alex/718bffaf-0100-4bd0-b494-0f5c404dd89e
2024-04-24T08:11:08,330  INFO [main] session.SessionState: Created local directory: /home/alex/Repositories/hive/beeline/target/tmp/alex/718bffaf-0100-4bd0-b494-0f5c404dd89e
2024-04-24T08:11:08,333  INFO [main] session.SessionState: Created HDFS directory: /tmp/hive/alex/718bffaf-0100-4bd0-b494-0f5c404dd89e/_tmp_space.db
2024-04-24T08:11:08,334  INFO [main] sqlstd.SQLStdHiveAccessController: Created SQLStdHiveAccessController for session context : HiveAuthzSessionContext [sessionString=718bffaf-0100-4bd0-b494-0f5c404dd89e, clientType=HIVESERVER2]
2024-04-24T08:11:08,335  INFO [main] metastore.HiveMetaStoreClient: HMS client filtering is enabled.
2024-04-24T08:11:08,336  INFO [main] metastore.HMSHandler: 0: Opening raw store with implementation class:org.apache.hadoop.hive.metastore.ObjectStore
2024-04-24T08:11:08,336  INFO [main] metastore.PersistenceManagerProvider: Configuration datanucleus.autoStartMechanismMode is not set. Defaulting to 'ignored'
2024-04-24T08:11:08,336  INFO [main] metastore.ObjectStore: RawStore: org.apache.hadoop.hive.metastore.ObjectStore@14d81f2c, with PersistenceManager: null will be shutdown
2024-04-24T08:11:08,336  INFO [main] metastore.ObjectStore: RawStore: org.apache.hadoop.hive.metastore.ObjectStore@14d81f2c, with PersistenceManager: org.datanucleus.api.jdo.JDOPersistenceManager@5dd3727c created in the thread with id: 1
2024-04-24T08:11:08,339  INFO [main] metastore.HMSHandler: Created RawStore: org.apache.hadoop.hive.metastore.ObjectStore@14d81f2c from thread id: 1
2024-04-24T08:11:08,339  INFO [main] metastore.HMSHandler: HMS server filtering is disabled by configuration
2024-04-24T08:11:08,339  INFO [main] metastore.RetryingMetaStoreClient: RetryingMetaStoreClient proxy=class org.apache.hadoop.hive.ql.metadata.SessionHiveMetaStoreClient ugi=alex (auth:SIMPLE) retries=1 delay=1 lifetime=0
2024-04-24T08:11:08,339  INFO [main] service.CompositeService: Operation log root directory is created: /home/alex/Repositories/hive/beeline/target/tmp/alex/operation_logs
2024-04-24T08:11:08,339  INFO [main] service.CompositeService: HiveServer2: Background operation thread pool size: 100
2024-04-24T08:11:08,339  INFO [main] service.CompositeService: HiveServer2: Background operation thread wait queue size: 100
2024-04-24T08:11:08,340  INFO [main] service.CompositeService: HiveServer2: Background operation thread keepalive time: 10 seconds
2024-04-24T08:11:08,340  INFO [main] service.CompositeService: Connections limit are user: 0 ipaddress: 0 user-ipaddress: 0
2024-04-24T08:11:08,341  INFO [main] cleanup.EventualCleanupService: EventualCleanupService started with 10 threads and queue of size 10000
ERROR StatusLogger Log4j2 ConfigurationScheduler attempted to increment scheduled items after start
ERROR StatusLogger Log4j2 ConfigurationScheduler attempted to increment scheduled items after start
2024-04-24T08:11:08,343  INFO [main] service.AbstractService: Service:OperationManager is inited.
2024-04-24T08:11:08,343  INFO [main] service.AbstractService: Service:SessionManager is inited.
2024-04-24T08:11:08,343  INFO [main] service.AbstractService: Service:CLIService is inited.
2024-04-24T08:11:08,343  INFO [main] service.AbstractService: Service:OperationManager is started.
2024-04-24T08:11:08,343  INFO [main] service.AbstractService: Service:SessionManager is started.
2024-04-24T08:11:08,343  INFO [main] service.AbstractService: Service:CLIService is started.
2024-04-24T08:11:08,343  INFO [main] service.AbstractService: Service:ThriftBinaryCLIService is inited.
2024-04-24T08:11:08,344  INFO [main] thrift.ThriftCLIService: Client protocol version: HIVE_CLI_SERVICE_PROTOCOL_V10
2024-04-24T08:11:08,344  INFO [main] thrift.ThriftCLIService: Creating Hive session handle for user [null] from IP null
2024-04-24T08:11:08,345  INFO [main] DependencyResolver: ivysettings.xml file not found in HIVE_HOME or HIVE_CONF_DIR,/home/alex/Repositories/hive/conf/ivysettings.xml will be used
2024-04-24T08:11:08,352  INFO [main] session.SessionState: Created HDFS directory: /tmp/hive/alex/ea46d1a6-3fb8-433c-bf2b-b3bad1687cb7
2024-04-24T08:11:08,355  INFO [main] session.SessionState: Created local directory: /home/alex/Repositories/hive/beeline/target/tmp/alex/ea46d1a6-3fb8-433c-bf2b-b3bad1687cb7
2024-04-24T08:11:08,358  INFO [main] session.SessionState: Created HDFS directory: /tmp/hive/alex/ea46d1a6-3fb8-433c-bf2b-b3bad1687cb7/_tmp_space.db
2024-04-24T08:11:08,358  INFO [main] session.SessionState: Reloading auxiliary JAR files
2024-04-24T08:11:08,358  WARN [main] session.SessionState: Configuration hive.reloadable.aux.jars.path not specified
2024-04-24T08:11:08,358  INFO [main] HiveMetaStore.audit: ugi=alex	ip=unknown-ip-addr	cmd=Cleaning up thread local RawStore...	
2024-04-24T08:11:08,358  INFO [main] metastore.ObjectStore: RawStore: org.apache.hadoop.hive.metastore.ObjectStore@14d81f2c, with PersistenceManager: org.datanucleus.api.jdo.JDOPersistenceManager@5dd3727c will be shutdown
2024-04-24T08:11:08,358  INFO [main] HiveMetaStore.audit: ugi=alex	ip=unknown-ip-addr	cmd=Done cleaning up thread local RawStore	
2024-04-24T08:11:08,358  INFO [main] metastore.HiveMetaStoreClient: Closed a connection to metastore, current connections: -35
2024-04-24T08:11:08,358  INFO [main] session.HiveSessionImpl: Operation log session directory is created: /home/alex/Repositories/hive/beeline/target/tmp/alex/operation_logs/ea46d1a6-3fb8-433c-bf2b-b3bad1687cb7
2024-04-24T08:11:08,358  INFO [main] service.CompositeService: Session opened, SessionHandle [ea46d1a6-3fb8-433c-bf2b-b3bad1687cb7], current sessions:1
2024-04-24T08:11:08,358  INFO [main] thrift.ThriftCLIService: Login attempt is successful for user : null
2024-04-24T08:11:08,404  WARN [main] conf.HiveConf: HiveConf of name hive.dummyparam.test.server.specific.config.metastoresite does not exist
2024-04-24T08:11:08,404  WARN [main] conf.HiveConf: HiveConf of name hive.dummyparam.test.server.specific.config.override does not exist
2024-04-24T08:11:08,404  WARN [main] conf.HiveConf: HiveConf of name hive.dummyparam.test.server.specific.config.hiveserver2site does not exist
2024-04-24T08:11:08,405  INFO [ea46d1a6-3fb8-433c-bf2b-b3bad1687cb7 main] session.HiveSessionImpl: executing set
2024-04-24T08:11:08,406  INFO [ea46d1a6-3fb8-433c-bf2b-b3bad1687cb7 main] operation.HiveCommandOperation: Putting temp output to file /home/alex/Repositories/hive/beeline/target/tmp/alex/ea46d1a6-3fb8-433c-bf2b-b3bad1687cb77283003176574746915.pipeout and error output to file /home/alex/Repositories/hive/beeline/target/tmp/alex/ea46d1a6-3fb8-433c-bf2b-b3bad1687cb73300887190946207308.pipeout
2024-04-24T08:11:08,406  INFO [ea46d1a6-3fb8-433c-bf2b-b3bad1687cb7 main] operation.OperationManager: Adding operation: OperationHandle [opType=EXECUTE_STATEMENT, getHandleIdentifier()=9baca0d9-3bac-4ad1-8b27-33f29d861bd6] SessionHandle [ea46d1a6-3fb8-433c-bf2b-b3bad1687cb7]
2024-04-24T08:11:08,406  INFO [ea46d1a6-3fb8-433c-bf2b-b3bad1687cb7 main] common.LogUtils: Thread context registration is done.
DEBUG StatusLogger Building Plugin[name=filter, class=org.apache.hadoop.hive.ql.log.LogDivertAppender$NameFilter].
DEBUG StatusLogger createFilter(loggingLevel="EXECUTION")
DEBUG StatusLogger Building Plugin[name=layout, class=org.apache.logging.log4j.core.layout.PatternLayout].
DEBUG StatusLogger PatternLayout$Builder(Configuration(HiveLog4j2Test), charset="null", alwaysWriteExceptions="null", footer="null", Replace=null, noConsoleNoAnsi="null", pattern="%-5p : %m%n", disableAnsi="null", PatternSelector=null, header="null")
DEBUG StatusLogger Building Plugin[name=appender, class=org.apache.hadoop.hive.ql.log.HushableRandomAccessFileAppender].
DEBUG StatusLogger createAppender(fileName="/home/alex/Repositories/hive/beeline/target/tmp/alex/operation_logs/ea46d1a6-3fb8-433c-bf2b-b3bad1687cb7/alex_20240424081108_4a482f4e-6d70-4909-b0ef-c173c3e32ac8", append="null", name="query-file-appender", immediateFlush="null", bufferSize="null", ignoreExceptions="null", PatternLayout(org.apache.logging.log4j.core.layout.PatternLayout with name PatternLayout), NameFilter(org.apache.hadoop.hive.ql.log.LogDivertAppender$NameFilter with name NameFilter), advertise="null", advertiseURI="null", Configuration(HiveLog4j2Test))
DEBUG StatusLogger Starting RandomAccessFileManager /home/alex/Repositories/hive/beeline/target/tmp/alex/operation_logs/ea46d1a6-3fb8-433c-bf2b-b3bad1687cb7/alex_20240424081108_4a482f4e-6d70-4909-b0ef-c173c3e32ac8
DEBUG StatusLogger Building Plugin[name=, class=org.apache.hadoop.hive.ql.log.LogDivertAppenderForTest$TestFilter].
DEBUG StatusLogger createFilter()
DEBUG StatusLogger Building Plugin[name=, class=org.apache.logging.log4j.core.layout.PatternLayout].
DEBUG StatusLogger PatternLayout$Builder(PatternSelector=null, noConsoleNoAnsi="null", Replace=null, charset="null", header="null", pattern="%-5p : %m%n", alwaysWriteExceptions="null", footer="null", disableAnsi="null", Configuration(HiveLog4j2Test))
DEBUG StatusLogger Building Plugin[name=appender, class=org.apache.hadoop.hive.ql.log.HushableRandomAccessFileAppender].
DEBUG StatusLogger createAppender(fileName="/home/alex/Repositories/hive/beeline/target/tmp/alex/operation_logs/ea46d1a6-3fb8-433c-bf2b-b3bad1687cb7/alex_20240424081108_4a482f4e-6d70-4909-b0ef-c173c3e32ac8.test", append="null", name="test-query-file-appender", immediateFlush="null", bufferSize="null", ignoreExceptions="null", PatternLayout(org.apache.logging.log4j.core.layout.PatternLayout with name PatternLayout), test-filter(org.apache.hadoop.hive.ql.log.LogDivertAppenderForTest$TestFilter with name test-filter), advertise="null", advertiseURI="null", Configuration(HiveLog4j2Test))
DEBUG StatusLogger Starting RandomAccessFileManager /home/alex/Repositories/hive/beeline/target/tmp/alex/operation_logs/ea46d1a6-3fb8-433c-bf2b-b3bad1687cb7/alex_20240424081108_4a482f4e-6d70-4909-b0ef-c173c3e32ac8.test
2024-04-24T08:11:08,414  INFO [ea46d1a6-3fb8-433c-bf2b-b3bad1687cb7 main] operation.HiveCommandOperation: [opType=EXECUTE_STATEMENT, queryId=alex_20240424081108_4a482f4e-6d70-4909-b0ef-c173c3e32ac8, startTime=1713971468405, sessionId=ea46d1a6-3fb8-433c-bf2b-b3bad1687cb7, createTime=1713971468344, userName=null, ipAddress=null]
2024-04-24T08:11:08,525  INFO [ea46d1a6-3fb8-433c-bf2b-b3bad1687cb7 main] common.LogUtils: Unregistered logging context.
2024-04-24T08:11:08,527  INFO [ea46d1a6-3fb8-433c-bf2b-b3bad1687cb7 main] operation.OperationManager: Closing operation: OperationHandle [opType=EXECUTE_STATEMENT, getHandleIdentifier()=9baca0d9-3bac-4ad1-8b27-33f29d861bd6]
2024-04-24T08:11:08,527  INFO [ea46d1a6-3fb8-433c-bf2b-b3bad1687cb7 main] operation.OperationManager: Removed queryId: alex_20240424081108_4a482f4e-6d70-4909-b0ef-c173c3e32ac8 corresponding to operation: OperationHandle [opType=EXECUTE_STATEMENT, getHandleIdentifier()=9baca0d9-3bac-4ad1-8b27-33f29d861bd6] with tag: null
2024-04-24T08:11:08,528  INFO [ea46d1a6-3fb8-433c-bf2b-b3bad1687cb7 main] operation.HiveCommandOperation: Closing operation log /home/alex/Repositories/hive/beeline/target/tmp/alex/operation_logs/ea46d1a6-3fb8-433c-bf2b-b3bad1687cb7/alex_20240424081108_4a482f4e-6d70-4909-b0ef-c173c3e32ac8 without delay
2024-04-24T08:11:08,530  INFO [ea46d1a6-3fb8-433c-bf2b-b3bad1687cb7 main] session.HiveSessionImpl: executing show databases
2024-04-24T08:11:08,531  INFO [ea46d1a6-3fb8-433c-bf2b-b3bad1687cb7 main] operation.OperationManager: Adding operation: OperationHandle [opType=EXECUTE_STATEMENT, getHandleIdentifier()=56280e01-6de4-4189-ac58-91859cb0d49c] SessionHandle [ea46d1a6-3fb8-433c-bf2b-b3bad1687cb7]
2024-04-24T08:11:08,531  INFO [ea46d1a6-3fb8-433c-bf2b-b3bad1687cb7 main] common.LogUtils: Thread context registration is done.
DEBUG StatusLogger Building Plugin[name=filter, class=org.apache.hadoop.hive.ql.log.LogDivertAppender$NameFilter].
DEBUG StatusLogger createFilter(loggingLevel="EXECUTION")
DEBUG StatusLogger Building Plugin[name=layout, class=org.apache.logging.log4j.core.layout.PatternLayout].
DEBUG StatusLogger PatternLayout$Builder(alwaysWriteExceptions="null", pattern="%-5p : %m%n", Replace=null, footer="null", disableAnsi="null", charset="null", header="null", Configuration(HiveLog4j2Test), PatternSelector=null, noConsoleNoAnsi="null")
DEBUG StatusLogger Building Plugin[name=appender, class=org.apache.hadoop.hive.ql.log.HushableRandomAccessFileAppender].
DEBUG StatusLogger createAppender(fileName="/home/alex/Repositories/hive/beeline/target/tmp/alex/operation_logs/ea46d1a6-3fb8-433c-bf2b-b3bad1687cb7/alex_20240424081108_bc198c26-b40e-47ab-a35d-1e921b49a05e", append="null", name="query-file-appender", immediateFlush="null", bufferSize="null", ignoreExceptions="null", PatternLayout(org.apache.logging.log4j.core.layout.PatternLayout with name PatternLayout), NameFilter(org.apache.hadoop.hive.ql.log.LogDivertAppender$NameFilter with name NameFilter), advertise="null", advertiseURI="null", Configuration(HiveLog4j2Test))
DEBUG StatusLogger Starting RandomAccessFileManager /home/alex/Repositories/hive/beeline/target/tmp/alex/operation_logs/ea46d1a6-3fb8-433c-bf2b-b3bad1687cb7/alex_20240424081108_bc198c26-b40e-47ab-a35d-1e921b49a05e
DEBUG StatusLogger Building Plugin[name=, class=org.apache.hadoop.hive.ql.log.LogDivertAppenderForTest$TestFilter].
DEBUG StatusLogger createFilter()
DEBUG StatusLogger Building Plugin[name=, class=org.apache.logging.log4j.core.layout.PatternLayout].
DEBUG StatusLogger PatternLayout$Builder(header="null", Configuration(HiveLog4j2Test), alwaysWriteExceptions="null", Replace=null, noConsoleNoAnsi="null", charset="null", footer="null", PatternSelector=null, pattern="%-5p : %m%n", disableAnsi="null")
DEBUG StatusLogger Building Plugin[name=appender, class=org.apache.hadoop.hive.ql.log.HushableRandomAccessFileAppender].
DEBUG StatusLogger createAppender(fileName="/home/alex/Repositories/hive/beeline/target/tmp/alex/operation_logs/ea46d1a6-3fb8-433c-bf2b-b3bad1687cb7/alex_20240424081108_bc198c26-b40e-47ab-a35d-1e921b49a05e.test", append="null", name="test-query-file-appender", immediateFlush="null", bufferSize="null", ignoreExceptions="null", PatternLayout(org.apache.logging.log4j.core.layout.PatternLayout with name PatternLayout), test-filter(org.apache.hadoop.hive.ql.log.LogDivertAppenderForTest$TestFilter with name test-filter), advertise="null", advertiseURI="null", Configuration(HiveLog4j2Test))
DEBUG StatusLogger Starting RandomAccessFileManager /home/alex/Repositories/hive/beeline/target/tmp/alex/operation_logs/ea46d1a6-3fb8-433c-bf2b-b3bad1687cb7/alex_20240424081108_bc198c26-b40e-47ab-a35d-1e921b49a05e.test
2024-04-24T08:11:08,540  INFO [ea46d1a6-3fb8-433c-bf2b-b3bad1687cb7 main] operation.SQLOperation: [opType=EXECUTE_STATEMENT, queryId=alex_20240424081108_bc198c26-b40e-47ab-a35d-1e921b49a05e, startTime=1713971468530, sessionId=ea46d1a6-3fb8-433c-bf2b-b3bad1687cb7, createTime=1713971468344, userName=null, ipAddress=null]
2024-04-24T08:11:08,541  INFO [ea46d1a6-3fb8-433c-bf2b-b3bad1687cb7 main] ql.Driver: Compiling command(queryId=alex_20240424081108_bc198c26-b40e-47ab-a35d-1e921b49a05e): show databases
2024-04-24T08:11:08,543  INFO [ea46d1a6-3fb8-433c-bf2b-b3bad1687cb7 main] metastore.HiveMetaStoreClient: HMS client filtering is enabled.
2024-04-24T08:11:08,545  INFO [ea46d1a6-3fb8-433c-bf2b-b3bad1687cb7 main] metastore.HMSHandler: 0: Opening raw store with implementation class:org.apache.hadoop.hive.metastore.ObjectStore
2024-04-24T08:11:08,545  INFO [ea46d1a6-3fb8-433c-bf2b-b3bad1687cb7 main] metastore.PersistenceManagerProvider: Configuration datanucleus.autoStartMechanismMode is not set. Defaulting to 'ignored'
2024-04-24T08:11:08,545  INFO [ea46d1a6-3fb8-433c-bf2b-b3bad1687cb7 main] metastore.ObjectStore: RawStore: org.apache.hadoop.hive.metastore.ObjectStore@fbe8fd3, with PersistenceManager: null will be shutdown
2024-04-24T08:11:08,546  INFO [ea46d1a6-3fb8-433c-bf2b-b3bad1687cb7 main] metastore.ObjectStore: RawStore: org.apache.hadoop.hive.metastore.ObjectStore@fbe8fd3, with PersistenceManager: org.datanucleus.api.jdo.JDOPersistenceManager@1ab268bd created in the thread with id: 1
2024-04-24T08:11:08,549  INFO [ea46d1a6-3fb8-433c-bf2b-b3bad1687cb7 main] metastore.HMSHandler: Created RawStore: org.apache.hadoop.hive.metastore.ObjectStore@fbe8fd3 from thread id: 1
2024-04-24T08:11:08,549  INFO [ea46d1a6-3fb8-433c-bf2b-b3bad1687cb7 main] metastore.HMSHandler: HMS server filtering is disabled by configuration
2024-04-24T08:11:08,549  INFO [ea46d1a6-3fb8-433c-bf2b-b3bad1687cb7 main] metastore.RetryingMetaStoreClient: RetryingMetaStoreClient proxy=class org.apache.hadoop.hive.ql.metadata.SessionHiveMetaStoreClient ugi=alex (auth:SIMPLE) retries=1 delay=1 lifetime=0
2024-04-24T08:11:08,553  INFO [ea46d1a6-3fb8-433c-bf2b-b3bad1687cb7 main] ql.Driver: Semantic Analysis Completed (retrial = false)
2024-04-24T08:11:08,553  INFO [ea46d1a6-3fb8-433c-bf2b-b3bad1687cb7 main] ql.Driver: Created Hive schema: Schema(fieldSchemas:[FieldSchema(name:database_name, type:string, comment:from deserializer)], properties:null)
2024-04-24T08:11:08,555  INFO [ea46d1a6-3fb8-433c-bf2b-b3bad1687cb7 main] exec.ListSinkOperator: Initializing Operator: LIST_SINK[0]
2024-04-24T08:11:08,555  INFO [ea46d1a6-3fb8-433c-bf2b-b3bad1687cb7 main] metadata.Hive: Dumping metastore api call timing information for : compilation phase
2024-04-24T08:11:08,555  INFO [ea46d1a6-3fb8-433c-bf2b-b3bad1687cb7 main] metadata.Hive: Total time spent in each metastore function (ms): {flushCache_()=0, isCompatibleWith_(Configuration)=0}
2024-04-24T08:11:08,555  INFO [ea46d1a6-3fb8-433c-bf2b-b3bad1687cb7 main] ql.Driver: Completed compiling command(queryId=alex_20240424081108_bc198c26-b40e-47ab-a35d-1e921b49a05e); Time taken: 0.014 seconds
2024-04-24T08:11:08,557  INFO [HiveServer2-Background-Pool: Thread-554] common.LogUtils: Thread context registration is done.
2024-04-24T08:11:08,557  INFO [HiveServer2-Background-Pool: Thread-554] reexec.ReExecDriver: Execution #1 of query
2024-04-24T08:11:08,557  INFO [ea46d1a6-3fb8-433c-bf2b-b3bad1687cb7 main] common.LogUtils: Unregistered logging context.
2024-04-24T08:11:08,557  INFO [HiveServer2-Background-Pool: Thread-554] ql.Driver: Concurrency mode is disabled, not creating a lock manager
2024-04-24T08:11:08,558  INFO [HiveServer2-Background-Pool: Thread-554] ql.Driver: Executing command(queryId=alex_20240424081108_bc198c26-b40e-47ab-a35d-1e921b49a05e): show databases
2024-04-24T08:11:08,559  INFO [HiveServer2-Background-Pool: Thread-554] ql.Driver: Starting task [Stage-0:DDL] in serial mode
2024-04-24T08:11:08,559  INFO [HiveServer2-Background-Pool: Thread-554] HiveMetaStore.audit: ugi=alex	ip=unknown-ip-addr	cmd=get_databases: @hive#	
2024-04-24T08:11:08,560  INFO [HiveServer2-Background-Pool: Thread-554] metastore.HMSHandler: 24: Opening raw store with implementation class:org.apache.hadoop.hive.metastore.ObjectStore
2024-04-24T08:11:08,561  INFO [HiveServer2-Background-Pool: Thread-554] metastore.ObjectStore: RawStore: org.apache.hadoop.hive.metastore.ObjectStore@444d12da, with PersistenceManager: null will be shutdown
2024-04-24T08:11:08,561  INFO [HiveServer2-Background-Pool: Thread-554] metastore.ObjectStore: RawStore: org.apache.hadoop.hive.metastore.ObjectStore@444d12da, with PersistenceManager: org.datanucleus.api.jdo.JDOPersistenceManager@14f9437 created in the thread with id: 554
2024-04-24T08:11:08,564  INFO [HiveServer2-Background-Pool: Thread-554] metastore.HMSHandler: Created RawStore: org.apache.hadoop.hive.metastore.ObjectStore@444d12da from thread id: 554
2024-04-24T08:11:08,565  INFO [HiveServer2-Background-Pool: Thread-554] sqlstd.SQLStdHiveAccessController: Created SQLStdHiveAccessController for session context : HiveAuthzSessionContext [sessionString=ea46d1a6-3fb8-433c-bf2b-b3bad1687cb7, clientType=HIVESERVER2]
2024-04-24T08:11:08,565  INFO [HiveServer2-Background-Pool: Thread-554] exec.DDLTask: Found 3 database(s) matching the SHOW DATABASES statement.
2024-04-24T08:11:08,572  INFO [HiveServer2-Background-Pool: Thread-554] metadata.Hive: Dumping metastore api call timing information for : execution phase
2024-04-24T08:11:08,573  INFO [HiveServer2-Background-Pool: Thread-554] metadata.Hive: Total time spent in each metastore function (ms): {isCompatibleWith_(Configuration)=0, getAllDatabases_()=6}
2024-04-24T08:11:08,573  INFO [HiveServer2-Background-Pool: Thread-554] ql.Driver: Completed executing command(queryId=alex_20240424081108_bc198c26-b40e-47ab-a35d-1e921b49a05e); Time taken: 0.014 seconds
2024-04-24T08:11:08,574  INFO [HiveServer2-Background-Pool: Thread-554] common.LogUtils: Unregistered logging context.
2024-04-24T08:11:08,576  INFO [ea46d1a6-3fb8-433c-bf2b-b3bad1687cb7 main] operation.OperationManager: Closing operation: OperationHandle [opType=EXECUTE_STATEMENT, getHandleIdentifier()=56280e01-6de4-4189-ac58-91859cb0d49c]
2024-04-24T08:11:08,576  INFO [ea46d1a6-3fb8-433c-bf2b-b3bad1687cb7 main] operation.OperationManager: Removed queryId: alex_20240424081108_bc198c26-b40e-47ab-a35d-1e921b49a05e corresponding to operation: OperationHandle [opType=EXECUTE_STATEMENT, getHandleIdentifier()=56280e01-6de4-4189-ac58-91859cb0d49c] with tag: null
2024-04-24T08:11:08,576  INFO [ea46d1a6-3fb8-433c-bf2b-b3bad1687cb7 main] ql.Context: Deleting scratch dir: file:/home/alex/Repositories/hive/beeline/target/tmp/alex/ea46d1a6-3fb8-433c-bf2b-b3bad1687cb7/hive_2024-04-24_08-11-08_541_9218480099655480326-1
2024-04-24T08:11:08,576  INFO [ea46d1a6-3fb8-433c-bf2b-b3bad1687cb7 main] cleanup.EventualCleanupService: Delete file:/home/alex/Repositories/hive/beeline/target/tmp/alex/ea46d1a6-3fb8-433c-bf2b-b3bad1687cb7/hive_2024-04-24_08-11-08_541_9218480099655480326-1 operation was queued
2024-04-24T08:11:08,576  INFO [ea46d1a6-3fb8-433c-bf2b-b3bad1687cb7 main] exec.ListSinkOperator: Closing Operator: LIST_SINK[0]
2024-04-24T08:11:08,576  INFO [ea46d1a6-3fb8-433c-bf2b-b3bad1687cb7 main] exec.ListSinkOperator: RECORDS_OUT_OPERATOR_LIST_SINK_0:0, RECORDS_OUT_INTERMEDIATE:0, 
2024-04-24T08:11:08,576  INFO [ea46d1a6-3fb8-433c-bf2b-b3bad1687cb7 main] operation.SQLOperation: Closing operation log /home/alex/Repositories/hive/beeline/target/tmp/alex/operation_logs/ea46d1a6-3fb8-433c-bf2b-b3bad1687cb7/alex_20240424081108_bc198c26-b40e-47ab-a35d-1e921b49a05e without delay
2024-04-24T08:11:08,577  INFO [EventualCleanupService thread 0] cleanup.EventualCleanupService: Deleted file:/home/alex/Repositories/hive/beeline/target/tmp/alex/ea46d1a6-3fb8-433c-bf2b-b3bad1687cb7/hive_2024-04-24_08-11-08_541_9218480099655480326-1
2024-04-24T08:11:08,577  INFO [main] service.CompositeService: Session closed, SessionHandle [ea46d1a6-3fb8-433c-bf2b-b3bad1687cb7], current sessions:0
2024-04-24T08:11:08,577  INFO [ea46d1a6-3fb8-433c-bf2b-b3bad1687cb7 main] session.HiveSessionImpl: Operation log session directory is deleted: /home/alex/Repositories/hive/beeline/target/tmp/alex/operation_logs/ea46d1a6-3fb8-433c-bf2b-b3bad1687cb7
2024-04-24T08:11:08,577  INFO [main] cleanup.EventualCleanupService: Delete /tmp/hive/alex/ea46d1a6-3fb8-433c-bf2b-b3bad1687cb7 operation was queued
2024-04-24T08:11:08,577  INFO [main] cleanup.EventualCleanupService: Delete /home/alex/Repositories/hive/beeline/target/tmp/alex/ea46d1a6-3fb8-433c-bf2b-b3bad1687cb7 operation was queued
2024-04-24T08:11:08,578  INFO [EventualCleanupService thread 2] cleanup.EventualCleanupService: Deleted /home/alex/Repositories/hive/beeline/target/tmp/alex/ea46d1a6-3fb8-433c-bf2b-b3bad1687cb7
2024-04-24T08:11:08,578  INFO [EventualCleanupService thread 1] cleanup.EventualCleanupService: Deleted /tmp/hive/alex/ea46d1a6-3fb8-433c-bf2b-b3bad1687cb7
2024-04-24T08:11:08,578  INFO [main] HiveMetaStore.audit: ugi=alex	ip=unknown-ip-addr	cmd=Cleaning up thread local RawStore...	
2024-04-24T08:11:08,578  INFO [main] metastore.ObjectStore: RawStore: org.apache.hadoop.hive.metastore.ObjectStore@fbe8fd3, with PersistenceManager: org.datanucleus.api.jdo.JDOPersistenceManager@1ab268bd will be shutdown
2024-04-24T08:11:08,578  INFO [main] HiveMetaStore.audit: ugi=alex	ip=unknown-ip-addr	cmd=Done cleaning up thread local RawStore	
2024-04-24T08:11:08,579  INFO [main] metastore.HiveMetaStoreClient: Closed a connection to metastore, current connections: -36
2024-04-24T08:11:08,579 ERROR [main] cli.TestHiveCli: Failed due to the error:Connecting to jdbc:hive2://
Hive Session ID = 718bffaf-0100-4bd0-b494-0f5c404dd89e
ivysettings.xml file not found in HIVE_HOME or HIVE_CONF_DIR,/home/alex/Repositories/hive/conf/ivysettings.xml will be used
ivysettings.xml file not found in HIVE_HOME or HIVE_CONF_DIR,/home/alex/Repositories/hive/conf/ivysettings.xml will be used
Connected to: Apache Hive (version 4.0.0-SNAPSHOT)
Error: Couldn't load manifest attributes. (state=,code=0)
Transaction isolation: TRANSACTION_REPEATABLE_READ
INFO  : Compiling command(queryId=alex_20240424081108_bc198c26-b40e-47ab-a35d-1e921b49a05e): show databases
INFO  : Semantic Analysis Completed (retrial = false)
INFO  : Created Hive schema: Schema(fieldSchemas:[FieldSchema(name:database_name, type:string, comment:from deserializer)], properties:null)
INFO  : Completed compiling command(queryId=alex_20240424081108_bc198c26-b40e-47ab-a35d-1e921b49a05e); Time taken: 0.014 seconds
INFO  : Concurrency mode is disabled, not creating a lock manager
INFO  : Executing command(queryId=alex_20240424081108_bc198c26-b40e-47ab-a35d-1e921b49a05e): show databases
INFO  : Starting task [Stage-0:DDL] in serial mode
DEBUG : Task getting executed using mapred tag : alex_20240424081108_bc198c26-b40e-47ab-a35d-1e921b49a05e,userid=null
INFO  : Completed executing command(queryId=alex_20240424081108_bc198c26-b40e-47ab-a35d-1e921b49a05e); Time taken: 0.014 seconds
DEBUG : Shutting down query show databases
Error: Failed to wait for operation to complete (state=08S01,code=0)
Closing: 0: jdbc:hive2://

]]></system-err>
  </testcase>
  <testcase name="testInvalidDatabaseOptions" classname="org.apache.hive.beeline.cli.TestHiveCli" time="0.361"/>
  <testcase name="testVariables" classname="org.apache.hive.beeline.cli.TestHiveCli" time="0.714"/>
  <testcase name="testInvalidOptions" classname="org.apache.hive.beeline.cli.TestHiveCli" time="0.002"/>
  <testcase name="testVariablesForSource" classname="org.apache.hive.beeline.cli.TestHiveCli" time="0.877">
    <failure type="java.lang.AssertionError"><![CDATA[java.lang.AssertionError: Supported return code is 0 while the actual is 2
	at org.junit.Assert.fail(Assert.java:89)
	at org.apache.hive.beeline.cli.TestHiveCli.executeCMD(TestHiveCli.java:256)
	at org.apache.hive.beeline.cli.TestHiveCli.verifyCMD(TestHiveCli.java:266)
	at org.apache.hive.beeline.cli.TestHiveCli.testVariablesForSource(TestHiveCli.java:198)
	at sun.reflect.NativeMethodAccessorImpl.invoke0(Native Method)
	at sun.reflect.NativeMethodAccessorImpl.invoke(NativeMethodAccessorImpl.java:62)
	at sun.reflect.DelegatingMethodAccessorImpl.invoke(DelegatingMethodAccessorImpl.java:43)
	at java.lang.reflect.Method.invoke(Method.java:498)
	at org.junit.runners.model.FrameworkMethod$1.runReflectiveCall(FrameworkMethod.java:59)
	at org.junit.internal.runners.model.ReflectiveCallable.run(ReflectiveCallable.java:12)
	at org.junit.runners.model.FrameworkMethod.invokeExplosively(FrameworkMethod.java:56)
	at org.junit.internal.runners.statements.InvokeMethod.evaluate(InvokeMethod.java:17)
	at org.junit.internal.runners.statements.RunBefores.evaluate(RunBefores.java:26)
	at org.junit.internal.runners.statements.RunAfters.evaluate(RunAfters.java:27)
	at org.junit.runners.ParentRunner$3.evaluate(ParentRunner.java:306)
	at org.junit.runners.BlockJUnit4ClassRunner$1.evaluate(BlockJUnit4ClassRunner.java:100)
	at org.junit.runners.ParentRunner.runLeaf(ParentRunner.java:366)
	at org.junit.runners.BlockJUnit4ClassRunner.runChild(BlockJUnit4ClassRunner.java:103)
	at org.junit.runners.BlockJUnit4ClassRunner.runChild(BlockJUnit4ClassRunner.java:63)
	at org.junit.runners.ParentRunner$4.run(ParentRunner.java:331)
	at org.junit.runners.ParentRunner$1.schedule(ParentRunner.java:79)
	at org.junit.runners.ParentRunner.runChildren(ParentRunner.java:329)
	at org.junit.runners.ParentRunner.access$100(ParentRunner.java:66)
	at org.junit.runners.ParentRunner$2.evaluate(ParentRunner.java:293)
	at org.junit.internal.runners.statements.RunBefores.evaluate(RunBefores.java:26)
	at org.junit.runners.ParentRunner$3.evaluate(ParentRunner.java:306)
	at org.junit.runners.ParentRunner.run(ParentRunner.java:413)
	at org.junit.runner.JUnitCore.run(JUnitCore.java:137)
	at org.junit.runner.JUnitCore.run(JUnitCore.java:115)
	at org.junit.vintage.engine.execution.RunnerExecutor.execute(RunnerExecutor.java:43)
	at java.util.stream.ForEachOps$ForEachOp$OfRef.accept(ForEachOps.java:183)
	at java.util.stream.ReferencePipeline$3$1.accept(ReferencePipeline.java:193)
	at java.util.Iterator.forEachRemaining(Iterator.java:116)
	at java.util.Spliterators$IteratorSpliterator.forEachRemaining(Spliterators.java:1801)
	at java.util.stream.AbstractPipeline.copyInto(AbstractPipeline.java:482)
	at java.util.stream.AbstractPipeline.wrapAndCopyInto(AbstractPipeline.java:472)
	at java.util.stream.ForEachOps$ForEachOp.evaluateSequential(ForEachOps.java:150)
	at java.util.stream.ForEachOps$ForEachOp$OfRef.evaluateSequential(ForEachOps.java:173)
	at java.util.stream.AbstractPipeline.evaluate(AbstractPipeline.java:234)
	at java.util.stream.ReferencePipeline.forEach(ReferencePipeline.java:485)
	at org.junit.vintage.engine.VintageTestEngine.executeAllChildren(VintageTestEngine.java:82)
	at org.junit.vintage.engine.VintageTestEngine.execute(VintageTestEngine.java:73)
	at org.junit.platform.launcher.core.DefaultLauncher.execute(DefaultLauncher.java:248)
	at org.junit.platform.launcher.core.DefaultLauncher.lambda$execute$5(DefaultLauncher.java:211)
	at org.junit.platform.launcher.core.DefaultLauncher.withInterceptedStreams(DefaultLauncher.java:226)
	at org.junit.platform.launcher.core.DefaultLauncher.execute(DefaultLauncher.java:199)
	at org.junit.platform.launcher.core.DefaultLauncher.execute(DefaultLauncher.java:132)
	at org.apache.maven.surefire.junitplatform.JUnitPlatformProvider.invokeAllTests(JUnitPlatformProvider.java:154)
	at org.apache.maven.surefire.junitplatform.JUnitPlatformProvider.invoke(JUnitPlatformProvider.java:123)
	at org.apache.maven.surefire.booter.ForkedBooter.runSuitesInProcess(ForkedBooter.java:377)
	at org.apache.maven.surefire.booter.ForkedBooter.execute(ForkedBooter.java:138)
	at org.apache.maven.surefire.booter.ForkedBooter.run(ForkedBooter.java:465)
	at org.apache.maven.surefire.booter.ForkedBooter.main(ForkedBooter.java:451)
]]></failure>
    <system-err><![CDATA[2024-04-24T08:11:09,658 ERROR [main] cli.TestHiveCli: Failed to execute command due to the error: java.lang.NullPointerException: Null output stream
2024-04-24T08:11:09,709  WARN [main] conf.HiveConf: HiveConf of name hive.dummyparam.test.server.specific.config.hiveserver2site does not exist
2024-04-24T08:11:09,709  WARN [main] conf.HiveConf: HiveConf of name hive.dummyparam.test.server.specific.config.metastoresite does not exist
2024-04-24T08:11:09,709  WARN [main] conf.HiveConf: HiveConf of name hive.dummyparam.test.server.specific.config.override does not exist
2024-04-24T08:11:09,709  INFO [main] SessionState: Hive Session ID = a9016fce-82e0-4674-8025-98ee83488311
2024-04-24T08:11:09,710  INFO [main] DependencyResolver: ivysettings.xml file not found in HIVE_HOME or HIVE_CONF_DIR,/home/alex/Repositories/hive/conf/ivysettings.xml will be used
2024-04-24T08:11:09,717  INFO [main] session.SessionState: Created HDFS directory: /tmp/hive/alex/a9016fce-82e0-4674-8025-98ee83488311
2024-04-24T08:11:09,721  INFO [main] session.SessionState: Created local directory: /home/alex/Repositories/hive/beeline/target/tmp/alex/a9016fce-82e0-4674-8025-98ee83488311
2024-04-24T08:11:09,724  INFO [main] session.SessionState: Created HDFS directory: /tmp/hive/alex/a9016fce-82e0-4674-8025-98ee83488311/_tmp_space.db
2024-04-24T08:11:09,724  INFO [main] sqlstd.SQLStdHiveAccessController: Created SQLStdHiveAccessController for session context : HiveAuthzSessionContext [sessionString=a9016fce-82e0-4674-8025-98ee83488311, clientType=HIVESERVER2]
2024-04-24T08:11:09,725  INFO [main] metastore.HiveMetaStoreClient: HMS client filtering is enabled.
2024-04-24T08:11:09,726  INFO [main] metastore.HMSHandler: 0: Opening raw store with implementation class:org.apache.hadoop.hive.metastore.ObjectStore
2024-04-24T08:11:09,726  INFO [main] metastore.PersistenceManagerProvider: Configuration datanucleus.autoStartMechanismMode is not set. Defaulting to 'ignored'
2024-04-24T08:11:09,726  INFO [main] metastore.ObjectStore: RawStore: org.apache.hadoop.hive.metastore.ObjectStore@ab4d2ba, with PersistenceManager: null will be shutdown
2024-04-24T08:11:09,726  INFO [main] metastore.ObjectStore: RawStore: org.apache.hadoop.hive.metastore.ObjectStore@ab4d2ba, with PersistenceManager: org.datanucleus.api.jdo.JDOPersistenceManager@39f68aec created in the thread with id: 1
2024-04-24T08:11:09,728  INFO [main] metastore.HMSHandler: Created RawStore: org.apache.hadoop.hive.metastore.ObjectStore@ab4d2ba from thread id: 1
2024-04-24T08:11:09,728  INFO [main] metastore.HMSHandler: HMS server filtering is disabled by configuration
2024-04-24T08:11:09,728  INFO [main] metastore.RetryingMetaStoreClient: RetryingMetaStoreClient proxy=class org.apache.hadoop.hive.ql.metadata.SessionHiveMetaStoreClient ugi=alex (auth:SIMPLE) retries=1 delay=1 lifetime=0
2024-04-24T08:11:09,729  INFO [main] service.CompositeService: Operation log root directory is created: /home/alex/Repositories/hive/beeline/target/tmp/alex/operation_logs
2024-04-24T08:11:09,729  INFO [main] service.CompositeService: HiveServer2: Background operation thread pool size: 100
2024-04-24T08:11:09,729  INFO [main] service.CompositeService: HiveServer2: Background operation thread wait queue size: 100
2024-04-24T08:11:09,729  INFO [main] service.CompositeService: HiveServer2: Background operation thread keepalive time: 10 seconds
2024-04-24T08:11:09,729  INFO [main] service.CompositeService: Connections limit are user: 0 ipaddress: 0 user-ipaddress: 0
2024-04-24T08:11:09,731  INFO [main] cleanup.EventualCleanupService: EventualCleanupService started with 10 threads and queue of size 10000
ERROR StatusLogger Log4j2 ConfigurationScheduler attempted to increment scheduled items after start
ERROR StatusLogger Log4j2 ConfigurationScheduler attempted to increment scheduled items after start
2024-04-24T08:11:09,732  INFO [main] service.AbstractService: Service:OperationManager is inited.
2024-04-24T08:11:09,732  INFO [main] service.AbstractService: Service:SessionManager is inited.
2024-04-24T08:11:09,732  INFO [main] service.AbstractService: Service:CLIService is inited.
2024-04-24T08:11:09,732  INFO [main] service.AbstractService: Service:OperationManager is started.
2024-04-24T08:11:09,732  INFO [main] service.AbstractService: Service:SessionManager is started.
2024-04-24T08:11:09,732  INFO [main] service.AbstractService: Service:CLIService is started.
2024-04-24T08:11:09,732  INFO [main] service.AbstractService: Service:ThriftBinaryCLIService is inited.
2024-04-24T08:11:09,732  INFO [main] thrift.ThriftCLIService: Client protocol version: HIVE_CLI_SERVICE_PROTOCOL_V10
2024-04-24T08:11:09,733  INFO [main] thrift.ThriftCLIService: Creating Hive session handle for user [null] from IP null
2024-04-24T08:11:09,734  INFO [main] DependencyResolver: ivysettings.xml file not found in HIVE_HOME or HIVE_CONF_DIR,/home/alex/Repositories/hive/conf/ivysettings.xml will be used
2024-04-24T08:11:09,741  INFO [main] session.SessionState: Created HDFS directory: /tmp/hive/alex/553e1914-041a-451a-abc0-d074d6ed6381
2024-04-24T08:11:09,744  INFO [main] session.SessionState: Created local directory: /home/alex/Repositories/hive/beeline/target/tmp/alex/553e1914-041a-451a-abc0-d074d6ed6381
2024-04-24T08:11:09,748  INFO [main] session.SessionState: Created HDFS directory: /tmp/hive/alex/553e1914-041a-451a-abc0-d074d6ed6381/_tmp_space.db
2024-04-24T08:11:09,748  INFO [main] session.SessionState: Reloading auxiliary JAR files
2024-04-24T08:11:09,748  WARN [main] session.SessionState: Configuration hive.reloadable.aux.jars.path not specified
2024-04-24T08:11:09,748  INFO [main] HiveMetaStore.audit: ugi=alex	ip=unknown-ip-addr	cmd=Cleaning up thread local RawStore...	
2024-04-24T08:11:09,748  INFO [main] metastore.ObjectStore: RawStore: org.apache.hadoop.hive.metastore.ObjectStore@ab4d2ba, with PersistenceManager: org.datanucleus.api.jdo.JDOPersistenceManager@39f68aec will be shutdown
2024-04-24T08:11:09,748  INFO [main] HiveMetaStore.audit: ugi=alex	ip=unknown-ip-addr	cmd=Done cleaning up thread local RawStore	
2024-04-24T08:11:09,748  INFO [main] metastore.HiveMetaStoreClient: Closed a connection to metastore, current connections: -40
2024-04-24T08:11:09,748  INFO [main] session.HiveSessionImpl: Operation log session directory is created: /home/alex/Repositories/hive/beeline/target/tmp/alex/operation_logs/553e1914-041a-451a-abc0-d074d6ed6381
2024-04-24T08:11:09,748  INFO [main] service.CompositeService: Session opened, SessionHandle [553e1914-041a-451a-abc0-d074d6ed6381], current sessions:1
2024-04-24T08:11:09,748  INFO [main] thrift.ThriftCLIService: Login attempt is successful for user : null
2024-04-24T08:11:09,798  WARN [main] conf.HiveConf: HiveConf of name hive.dummyparam.test.server.specific.config.metastoresite does not exist
2024-04-24T08:11:09,799  WARN [main] conf.HiveConf: HiveConf of name hive.dummyparam.test.server.specific.config.override does not exist
2024-04-24T08:11:09,799  WARN [main] conf.HiveConf: HiveConf of name hive.dummyparam.test.server.specific.config.hiveserver2site does not exist
2024-04-24T08:11:09,799  INFO [553e1914-041a-451a-abc0-d074d6ed6381 main] session.HiveSessionImpl: executing set
2024-04-24T08:11:09,800  INFO [553e1914-041a-451a-abc0-d074d6ed6381 main] operation.HiveCommandOperation: Putting temp output to file /home/alex/Repositories/hive/beeline/target/tmp/alex/553e1914-041a-451a-abc0-d074d6ed63816986592926862687019.pipeout and error output to file /home/alex/Repositories/hive/beeline/target/tmp/alex/553e1914-041a-451a-abc0-d074d6ed63817948357052647643789.pipeout
2024-04-24T08:11:09,800  INFO [553e1914-041a-451a-abc0-d074d6ed6381 main] operation.OperationManager: Adding operation: OperationHandle [opType=EXECUTE_STATEMENT, getHandleIdentifier()=e4f4fa49-77ec-468f-a4d0-db9fb783ab40] SessionHandle [553e1914-041a-451a-abc0-d074d6ed6381]
2024-04-24T08:11:09,800  INFO [553e1914-041a-451a-abc0-d074d6ed6381 main] common.LogUtils: Thread context registration is done.
DEBUG StatusLogger Building Plugin[name=filter, class=org.apache.hadoop.hive.ql.log.LogDivertAppender$NameFilter].
DEBUG StatusLogger createFilter(loggingLevel="EXECUTION")
DEBUG StatusLogger Building Plugin[name=layout, class=org.apache.logging.log4j.core.layout.PatternLayout].
DEBUG StatusLogger PatternLayout$Builder(Replace=null, disableAnsi="null", footer="null", pattern="%-5p : %m%n", PatternSelector=null, header="null", Configuration(HiveLog4j2Test), noConsoleNoAnsi="null", charset="null", alwaysWriteExceptions="null")
DEBUG StatusLogger Building Plugin[name=appender, class=org.apache.hadoop.hive.ql.log.HushableRandomAccessFileAppender].
DEBUG StatusLogger createAppender(fileName="/home/alex/Repositories/hive/beeline/target/tmp/alex/operation_logs/553e1914-041a-451a-abc0-d074d6ed6381/alex_20240424081109_195102ee-da3f-407b-8558-b6061fcc1a49", append="null", name="query-file-appender", immediateFlush="null", bufferSize="null", ignoreExceptions="null", PatternLayout(org.apache.logging.log4j.core.layout.PatternLayout with name PatternLayout), NameFilter(org.apache.hadoop.hive.ql.log.LogDivertAppender$NameFilter with name NameFilter), advertise="null", advertiseURI="null", Configuration(HiveLog4j2Test))
DEBUG StatusLogger Starting RandomAccessFileManager /home/alex/Repositories/hive/beeline/target/tmp/alex/operation_logs/553e1914-041a-451a-abc0-d074d6ed6381/alex_20240424081109_195102ee-da3f-407b-8558-b6061fcc1a49
DEBUG StatusLogger Building Plugin[name=, class=org.apache.hadoop.hive.ql.log.LogDivertAppenderForTest$TestFilter].
DEBUG StatusLogger createFilter()
DEBUG StatusLogger Building Plugin[name=, class=org.apache.logging.log4j.core.layout.PatternLayout].
DEBUG StatusLogger PatternLayout$Builder(alwaysWriteExceptions="null", header="null", charset="null", Replace=null, noConsoleNoAnsi="null", pattern="%-5p : %m%n", disableAnsi="null", Configuration(HiveLog4j2Test), PatternSelector=null, footer="null")
DEBUG StatusLogger Building Plugin[name=appender, class=org.apache.hadoop.hive.ql.log.HushableRandomAccessFileAppender].
DEBUG StatusLogger createAppender(fileName="/home/alex/Repositories/hive/beeline/target/tmp/alex/operation_logs/553e1914-041a-451a-abc0-d074d6ed6381/alex_20240424081109_195102ee-da3f-407b-8558-b6061fcc1a49.test", append="null", name="test-query-file-appender", immediateFlush="null", bufferSize="null", ignoreExceptions="null", PatternLayout(org.apache.logging.log4j.core.layout.PatternLayout with name PatternLayout), test-filter(org.apache.hadoop.hive.ql.log.LogDivertAppenderForTest$TestFilter with name test-filter), advertise="null", advertiseURI="null", Configuration(HiveLog4j2Test))
DEBUG StatusLogger Starting RandomAccessFileManager /home/alex/Repositories/hive/beeline/target/tmp/alex/operation_logs/553e1914-041a-451a-abc0-d074d6ed6381/alex_20240424081109_195102ee-da3f-407b-8558-b6061fcc1a49.test
2024-04-24T08:11:09,808  INFO [553e1914-041a-451a-abc0-d074d6ed6381 main] operation.HiveCommandOperation: [opType=EXECUTE_STATEMENT, queryId=alex_20240424081109_195102ee-da3f-407b-8558-b6061fcc1a49, startTime=1713971469799, sessionId=553e1914-041a-451a-abc0-d074d6ed6381, createTime=1713971469733, userName=null, ipAddress=null]
2024-04-24T08:11:09,914  INFO [553e1914-041a-451a-abc0-d074d6ed6381 main] common.LogUtils: Unregistered logging context.
2024-04-24T08:11:09,917  INFO [553e1914-041a-451a-abc0-d074d6ed6381 main] operation.OperationManager: Closing operation: OperationHandle [opType=EXECUTE_STATEMENT, getHandleIdentifier()=e4f4fa49-77ec-468f-a4d0-db9fb783ab40]
2024-04-24T08:11:09,917  INFO [553e1914-041a-451a-abc0-d074d6ed6381 main] operation.OperationManager: Removed queryId: alex_20240424081109_195102ee-da3f-407b-8558-b6061fcc1a49 corresponding to operation: OperationHandle [opType=EXECUTE_STATEMENT, getHandleIdentifier()=e4f4fa49-77ec-468f-a4d0-db9fb783ab40] with tag: null
2024-04-24T08:11:09,918  INFO [553e1914-041a-451a-abc0-d074d6ed6381 main] operation.HiveCommandOperation: Closing operation log /home/alex/Repositories/hive/beeline/target/tmp/alex/operation_logs/553e1914-041a-451a-abc0-d074d6ed6381/alex_20240424081109_195102ee-da3f-407b-8558-b6061fcc1a49 without delay
2024-04-24T08:11:09,920  INFO [553e1914-041a-451a-abc0-d074d6ed6381 main] session.HiveSessionImpl: executing use test
2024-04-24T08:11:09,922  INFO [553e1914-041a-451a-abc0-d074d6ed6381 main] operation.OperationManager: Adding operation: OperationHandle [opType=EXECUTE_STATEMENT, getHandleIdentifier()=398dd49d-0b74-4221-aa56-1a0bb6c87056] SessionHandle [553e1914-041a-451a-abc0-d074d6ed6381]
2024-04-24T08:11:09,922  INFO [553e1914-041a-451a-abc0-d074d6ed6381 main] common.LogUtils: Thread context registration is done.
DEBUG StatusLogger Building Plugin[name=filter, class=org.apache.hadoop.hive.ql.log.LogDivertAppender$NameFilter].
DEBUG StatusLogger createFilter(loggingLevel="EXECUTION")
DEBUG StatusLogger Building Plugin[name=layout, class=org.apache.logging.log4j.core.layout.PatternLayout].
DEBUG StatusLogger PatternLayout$Builder(footer="null", noConsoleNoAnsi="null", disableAnsi="null", Replace=null, alwaysWriteExceptions="null", pattern="%-5p : %m%n", PatternSelector=null, header="null", charset="null", Configuration(HiveLog4j2Test))
DEBUG StatusLogger Building Plugin[name=appender, class=org.apache.hadoop.hive.ql.log.HushableRandomAccessFileAppender].
DEBUG StatusLogger createAppender(fileName="/home/alex/Repositories/hive/beeline/target/tmp/alex/operation_logs/553e1914-041a-451a-abc0-d074d6ed6381/alex_20240424081109_8cd5e5b2-29a2-4755-83e6-fe9231b0b915", append="null", name="query-file-appender", immediateFlush="null", bufferSize="null", ignoreExceptions="null", PatternLayout(org.apache.logging.log4j.core.layout.PatternLayout with name PatternLayout), NameFilter(org.apache.hadoop.hive.ql.log.LogDivertAppender$NameFilter with name NameFilter), advertise="null", advertiseURI="null", Configuration(HiveLog4j2Test))
DEBUG StatusLogger Starting RandomAccessFileManager /home/alex/Repositories/hive/beeline/target/tmp/alex/operation_logs/553e1914-041a-451a-abc0-d074d6ed6381/alex_20240424081109_8cd5e5b2-29a2-4755-83e6-fe9231b0b915
DEBUG StatusLogger Building Plugin[name=, class=org.apache.hadoop.hive.ql.log.LogDivertAppenderForTest$TestFilter].
DEBUG StatusLogger createFilter()
DEBUG StatusLogger Building Plugin[name=, class=org.apache.logging.log4j.core.layout.PatternLayout].
DEBUG StatusLogger PatternLayout$Builder(Configuration(HiveLog4j2Test), footer="null", pattern="%-5p : %m%n", PatternSelector=null, header="null", noConsoleNoAnsi="null", charset="null", alwaysWriteExceptions="null", Replace=null, disableAnsi="null")
DEBUG StatusLogger Building Plugin[name=appender, class=org.apache.hadoop.hive.ql.log.HushableRandomAccessFileAppender].
DEBUG StatusLogger createAppender(fileName="/home/alex/Repositories/hive/beeline/target/tmp/alex/operation_logs/553e1914-041a-451a-abc0-d074d6ed6381/alex_20240424081109_8cd5e5b2-29a2-4755-83e6-fe9231b0b915.test", append="null", name="test-query-file-appender", immediateFlush="null", bufferSize="null", ignoreExceptions="null", PatternLayout(org.apache.logging.log4j.core.layout.PatternLayout with name PatternLayout), test-filter(org.apache.hadoop.hive.ql.log.LogDivertAppenderForTest$TestFilter with name test-filter), advertise="null", advertiseURI="null", Configuration(HiveLog4j2Test))
DEBUG StatusLogger Starting RandomAccessFileManager /home/alex/Repositories/hive/beeline/target/tmp/alex/operation_logs/553e1914-041a-451a-abc0-d074d6ed6381/alex_20240424081109_8cd5e5b2-29a2-4755-83e6-fe9231b0b915.test
2024-04-24T08:11:09,929  INFO [553e1914-041a-451a-abc0-d074d6ed6381 main] operation.SQLOperation: [opType=EXECUTE_STATEMENT, queryId=alex_20240424081109_8cd5e5b2-29a2-4755-83e6-fe9231b0b915, startTime=1713971469921, sessionId=553e1914-041a-451a-abc0-d074d6ed6381, createTime=1713971469733, userName=null, ipAddress=null]
2024-04-24T08:11:09,930  INFO [553e1914-041a-451a-abc0-d074d6ed6381 main] ql.Driver: Compiling command(queryId=alex_20240424081109_8cd5e5b2-29a2-4755-83e6-fe9231b0b915): use test
2024-04-24T08:11:09,931  INFO [553e1914-041a-451a-abc0-d074d6ed6381 main] metastore.HiveMetaStoreClient: HMS client filtering is enabled.
2024-04-24T08:11:09,932  INFO [553e1914-041a-451a-abc0-d074d6ed6381 main] metastore.HMSHandler: 0: Opening raw store with implementation class:org.apache.hadoop.hive.metastore.ObjectStore
2024-04-24T08:11:09,932  INFO [553e1914-041a-451a-abc0-d074d6ed6381 main] metastore.PersistenceManagerProvider: Configuration datanucleus.autoStartMechanismMode is not set. Defaulting to 'ignored'
2024-04-24T08:11:09,933  INFO [553e1914-041a-451a-abc0-d074d6ed6381 main] metastore.ObjectStore: RawStore: org.apache.hadoop.hive.metastore.ObjectStore@519b0f00, with PersistenceManager: null will be shutdown
2024-04-24T08:11:09,933  INFO [553e1914-041a-451a-abc0-d074d6ed6381 main] metastore.ObjectStore: RawStore: org.apache.hadoop.hive.metastore.ObjectStore@519b0f00, with PersistenceManager: org.datanucleus.api.jdo.JDOPersistenceManager@4888d1ea created in the thread with id: 1
2024-04-24T08:11:09,935  INFO [553e1914-041a-451a-abc0-d074d6ed6381 main] metastore.HMSHandler: Created RawStore: org.apache.hadoop.hive.metastore.ObjectStore@519b0f00 from thread id: 1
2024-04-24T08:11:09,935  INFO [553e1914-041a-451a-abc0-d074d6ed6381 main] metastore.HMSHandler: HMS server filtering is disabled by configuration
2024-04-24T08:11:09,935  INFO [553e1914-041a-451a-abc0-d074d6ed6381 main] metastore.RetryingMetaStoreClient: RetryingMetaStoreClient proxy=class org.apache.hadoop.hive.ql.metadata.SessionHiveMetaStoreClient ugi=alex (auth:SIMPLE) retries=1 delay=1 lifetime=0
2024-04-24T08:11:09,936  INFO [553e1914-041a-451a-abc0-d074d6ed6381 main] HiveMetaStore.audit: ugi=alex	ip=unknown-ip-addr	cmd=get_database: test	
2024-04-24T08:11:09,937  INFO [553e1914-041a-451a-abc0-d074d6ed6381 main] ql.Driver: Semantic Analysis Completed (retrial = false)
2024-04-24T08:11:09,937  INFO [553e1914-041a-451a-abc0-d074d6ed6381 main] ql.Driver: Created Hive schema: Schema(fieldSchemas:null, properties:null)
2024-04-24T08:11:09,937  INFO [553e1914-041a-451a-abc0-d074d6ed6381 main] metadata.Hive: Dumping metastore api call timing information for : compilation phase
2024-04-24T08:11:09,938  INFO [553e1914-041a-451a-abc0-d074d6ed6381 main] metadata.Hive: Total time spent in each metastore function (ms): {flushCache_()=0, isCompatibleWith_(Configuration)=0, getDatabase_(String)=1}
2024-04-24T08:11:09,938  INFO [553e1914-041a-451a-abc0-d074d6ed6381 main] ql.Driver: Completed compiling command(queryId=alex_20240424081109_8cd5e5b2-29a2-4755-83e6-fe9231b0b915); Time taken: 0.007 seconds
2024-04-24T08:11:09,939  INFO [HiveServer2-Background-Pool: Thread-630] common.LogUtils: Thread context registration is done.
2024-04-24T08:11:09,939  INFO [553e1914-041a-451a-abc0-d074d6ed6381 main] common.LogUtils: Unregistered logging context.
2024-04-24T08:11:09,939  INFO [HiveServer2-Background-Pool: Thread-630] reexec.ReExecDriver: Execution #1 of query
2024-04-24T08:11:09,940  INFO [HiveServer2-Background-Pool: Thread-630] ql.Driver: Concurrency mode is disabled, not creating a lock manager
2024-04-24T08:11:09,941  INFO [HiveServer2-Background-Pool: Thread-630] ql.Driver: Executing command(queryId=alex_20240424081109_8cd5e5b2-29a2-4755-83e6-fe9231b0b915): use test
2024-04-24T08:11:09,941  INFO [HiveServer2-Background-Pool: Thread-630] ql.Driver: Starting task [Stage-0:DDL] in serial mode
2024-04-24T08:11:09,942  INFO [HiveServer2-Background-Pool: Thread-630] HiveMetaStore.audit: ugi=alex	ip=unknown-ip-addr	cmd=get_database: test	
2024-04-24T08:11:09,944  INFO [HiveServer2-Background-Pool: Thread-630] metastore.HMSHandler: 26: Opening raw store with implementation class:org.apache.hadoop.hive.metastore.ObjectStore
2024-04-24T08:11:09,944  INFO [HiveServer2-Background-Pool: Thread-630] metastore.ObjectStore: RawStore: org.apache.hadoop.hive.metastore.ObjectStore@1e3fa235, with PersistenceManager: null will be shutdown
2024-04-24T08:11:09,944  INFO [HiveServer2-Background-Pool: Thread-630] metastore.ObjectStore: RawStore: org.apache.hadoop.hive.metastore.ObjectStore@1e3fa235, with PersistenceManager: org.datanucleus.api.jdo.JDOPersistenceManager@5b3d2f96 created in the thread with id: 630
2024-04-24T08:11:09,946  INFO [HiveServer2-Background-Pool: Thread-630] metastore.HMSHandler: Created RawStore: org.apache.hadoop.hive.metastore.ObjectStore@1e3fa235 from thread id: 630
2024-04-24T08:11:09,948  INFO [HiveServer2-Background-Pool: Thread-630] HiveMetaStore.audit: ugi=alex	ip=unknown-ip-addr	cmd=get_database: test	
2024-04-24T08:11:09,949  INFO [HiveServer2-Background-Pool: Thread-630] metadata.Hive: Dumping metastore api call timing information for : execution phase
2024-04-24T08:11:09,949  INFO [HiveServer2-Background-Pool: Thread-630] metadata.Hive: Total time spent in each metastore function (ms): {getDatabase_(String)=7, isCompatibleWith_(Configuration)=0}
2024-04-24T08:11:09,950  INFO [HiveServer2-Background-Pool: Thread-630] ql.Driver: Completed executing command(queryId=alex_20240424081109_8cd5e5b2-29a2-4755-83e6-fe9231b0b915); Time taken: 0.008 seconds
2024-04-24T08:11:09,951  INFO [HiveServer2-Background-Pool: Thread-630] common.LogUtils: Unregistered logging context.
2024-04-24T08:11:09,956  INFO [553e1914-041a-451a-abc0-d074d6ed6381 main] operation.OperationManager: Closing operation: OperationHandle [opType=EXECUTE_STATEMENT, getHandleIdentifier()=398dd49d-0b74-4221-aa56-1a0bb6c87056]
2024-04-24T08:11:09,956  INFO [553e1914-041a-451a-abc0-d074d6ed6381 main] operation.OperationManager: Removed queryId: alex_20240424081109_8cd5e5b2-29a2-4755-83e6-fe9231b0b915 corresponding to operation: OperationHandle [opType=EXECUTE_STATEMENT, getHandleIdentifier()=398dd49d-0b74-4221-aa56-1a0bb6c87056] with tag: null
2024-04-24T08:11:09,956  INFO [553e1914-041a-451a-abc0-d074d6ed6381 main] operation.SQLOperation: Closing operation log /home/alex/Repositories/hive/beeline/target/tmp/alex/operation_logs/553e1914-041a-451a-abc0-d074d6ed6381/alex_20240424081109_8cd5e5b2-29a2-4755-83e6-fe9231b0b915 without delay
2024-04-24T08:11:09,964  INFO [553e1914-041a-451a-abc0-d074d6ed6381 main] session.HiveSessionImpl: executing set hiveconf:zzz=/home/alex/Repositories/hive/beeline/target/tmp/test163600842667878099.sql
2024-04-24T08:11:09,965  INFO [553e1914-041a-451a-abc0-d074d6ed6381 main] operation.HiveCommandOperation: Putting temp output to file /home/alex/Repositories/hive/beeline/target/tmp/alex/553e1914-041a-451a-abc0-d074d6ed63816986592926862687019.pipeout and error output to file /home/alex/Repositories/hive/beeline/target/tmp/alex/553e1914-041a-451a-abc0-d074d6ed63817948357052647643789.pipeout
2024-04-24T08:11:09,965  INFO [553e1914-041a-451a-abc0-d074d6ed6381 main] operation.OperationManager: Adding operation: OperationHandle [opType=EXECUTE_STATEMENT, getHandleIdentifier()=15f9cd80-3f0c-4518-b257-bd0cc5f82ec7] SessionHandle [553e1914-041a-451a-abc0-d074d6ed6381]
2024-04-24T08:11:09,966  INFO [553e1914-041a-451a-abc0-d074d6ed6381 main] common.LogUtils: Thread context registration is done.
DEBUG StatusLogger Building Plugin[name=filter, class=org.apache.hadoop.hive.ql.log.LogDivertAppender$NameFilter].
DEBUG StatusLogger createFilter(loggingLevel="EXECUTION")
DEBUG StatusLogger Building Plugin[name=layout, class=org.apache.logging.log4j.core.layout.PatternLayout].
DEBUG StatusLogger PatternLayout$Builder(noConsoleNoAnsi="null", Replace=null, disableAnsi="null", header="null", footer="null", pattern="%-5p : %m%n", Configuration(HiveLog4j2Test), charset="null", PatternSelector=null, alwaysWriteExceptions="null")
DEBUG StatusLogger Building Plugin[name=appender, class=org.apache.hadoop.hive.ql.log.HushableRandomAccessFileAppender].
DEBUG StatusLogger createAppender(fileName="/home/alex/Repositories/hive/beeline/target/tmp/alex/operation_logs/553e1914-041a-451a-abc0-d074d6ed6381/alex_20240424081109_0911b481-46c3-46b7-bcf0-5ec7f7e53785", append="null", name="query-file-appender", immediateFlush="null", bufferSize="null", ignoreExceptions="null", PatternLayout(org.apache.logging.log4j.core.layout.PatternLayout with name PatternLayout), NameFilter(org.apache.hadoop.hive.ql.log.LogDivertAppender$NameFilter with name NameFilter), advertise="null", advertiseURI="null", Configuration(HiveLog4j2Test))
DEBUG StatusLogger Starting RandomAccessFileManager /home/alex/Repositories/hive/beeline/target/tmp/alex/operation_logs/553e1914-041a-451a-abc0-d074d6ed6381/alex_20240424081109_0911b481-46c3-46b7-bcf0-5ec7f7e53785
DEBUG StatusLogger Building Plugin[name=, class=org.apache.hadoop.hive.ql.log.LogDivertAppenderForTest$TestFilter].
DEBUG StatusLogger createFilter()
DEBUG StatusLogger Building Plugin[name=, class=org.apache.logging.log4j.core.layout.PatternLayout].
DEBUG StatusLogger PatternLayout$Builder(pattern="%-5p : %m%n", footer="null", Replace=null, charset="null", PatternSelector=null, disableAnsi="null", noConsoleNoAnsi="null", Configuration(HiveLog4j2Test), header="null", alwaysWriteExceptions="null")
DEBUG StatusLogger Building Plugin[name=appender, class=org.apache.hadoop.hive.ql.log.HushableRandomAccessFileAppender].
DEBUG StatusLogger createAppender(fileName="/home/alex/Repositories/hive/beeline/target/tmp/alex/operation_logs/553e1914-041a-451a-abc0-d074d6ed6381/alex_20240424081109_0911b481-46c3-46b7-bcf0-5ec7f7e53785.test", append="null", name="test-query-file-appender", immediateFlush="null", bufferSize="null", ignoreExceptions="null", PatternLayout(org.apache.logging.log4j.core.layout.PatternLayout with name PatternLayout), test-filter(org.apache.hadoop.hive.ql.log.LogDivertAppenderForTest$TestFilter with name test-filter), advertise="null", advertiseURI="null", Configuration(HiveLog4j2Test))
DEBUG StatusLogger Starting RandomAccessFileManager /home/alex/Repositories/hive/beeline/target/tmp/alex/operation_logs/553e1914-041a-451a-abc0-d074d6ed6381/alex_20240424081109_0911b481-46c3-46b7-bcf0-5ec7f7e53785.test
2024-04-24T08:11:09,972  INFO [553e1914-041a-451a-abc0-d074d6ed6381 main] operation.HiveCommandOperation: [opType=EXECUTE_STATEMENT, queryId=alex_20240424081109_0911b481-46c3-46b7-bcf0-5ec7f7e53785, startTime=1713971469964, sessionId=553e1914-041a-451a-abc0-d074d6ed6381, createTime=1713971469733, userName=null, ipAddress=null]
2024-04-24T08:11:09,973  INFO [553e1914-041a-451a-abc0-d074d6ed6381 main] common.LogUtils: Unregistered logging context.
2024-04-24T08:11:09,975  INFO [553e1914-041a-451a-abc0-d074d6ed6381 main] operation.OperationManager: Closing operation: OperationHandle [opType=EXECUTE_STATEMENT, getHandleIdentifier()=15f9cd80-3f0c-4518-b257-bd0cc5f82ec7]
2024-04-24T08:11:09,975  INFO [553e1914-041a-451a-abc0-d074d6ed6381 main] operation.OperationManager: Removed queryId: alex_20240424081109_0911b481-46c3-46b7-bcf0-5ec7f7e53785 corresponding to operation: OperationHandle [opType=EXECUTE_STATEMENT, getHandleIdentifier()=15f9cd80-3f0c-4518-b257-bd0cc5f82ec7] with tag: null
2024-04-24T08:11:09,975  INFO [553e1914-041a-451a-abc0-d074d6ed6381 main] operation.HiveCommandOperation: Closing operation log /home/alex/Repositories/hive/beeline/target/tmp/alex/operation_logs/553e1914-041a-451a-abc0-d074d6ed6381/alex_20240424081109_0911b481-46c3-46b7-bcf0-5ec7f7e53785 without delay
2024-04-24T08:11:10,029  WARN [main] conf.HiveConf: HiveConf of name hive.dummyparam.test.server.specific.config.metastoresite does not exist
2024-04-24T08:11:10,029  WARN [main] conf.HiveConf: HiveConf of name hive.dummyparam.test.server.specific.config.hiveserver2site does not exist
2024-04-24T08:11:10,029  WARN [main] conf.HiveConf: HiveConf of name hive.dummyparam.test.server.specific.config.override does not exist
2024-04-24T08:11:10,029  INFO [553e1914-041a-451a-abc0-d074d6ed6381 main] session.HiveSessionImpl: executing set
2024-04-24T08:11:10,030  INFO [553e1914-041a-451a-abc0-d074d6ed6381 main] operation.HiveCommandOperation: Putting temp output to file /home/alex/Repositories/hive/beeline/target/tmp/alex/553e1914-041a-451a-abc0-d074d6ed63816986592926862687019.pipeout and error output to file /home/alex/Repositories/hive/beeline/target/tmp/alex/553e1914-041a-451a-abc0-d074d6ed63817948357052647643789.pipeout
2024-04-24T08:11:10,030  INFO [553e1914-041a-451a-abc0-d074d6ed6381 main] operation.OperationManager: Adding operation: OperationHandle [opType=EXECUTE_STATEMENT, getHandleIdentifier()=79da709f-6c0c-4d19-995e-3d0e11a33a84] SessionHandle [553e1914-041a-451a-abc0-d074d6ed6381]
2024-04-24T08:11:10,031  INFO [553e1914-041a-451a-abc0-d074d6ed6381 main] common.LogUtils: Thread context registration is done.
DEBUG StatusLogger Building Plugin[name=filter, class=org.apache.hadoop.hive.ql.log.LogDivertAppender$NameFilter].
DEBUG StatusLogger createFilter(loggingLevel="EXECUTION")
DEBUG StatusLogger Building Plugin[name=layout, class=org.apache.logging.log4j.core.layout.PatternLayout].
DEBUG StatusLogger PatternLayout$Builder(Configuration(HiveLog4j2Test), Replace=null, PatternSelector=null, footer="null", alwaysWriteExceptions="null", noConsoleNoAnsi="null", disableAnsi="null", charset="null", header="null", pattern="%-5p : %m%n")
DEBUG StatusLogger Building Plugin[name=appender, class=org.apache.hadoop.hive.ql.log.HushableRandomAccessFileAppender].
DEBUG StatusLogger createAppender(fileName="/home/alex/Repositories/hive/beeline/target/tmp/alex/operation_logs/553e1914-041a-451a-abc0-d074d6ed6381/alex_20240424081110_63f3f5bc-bf37-4dc1-b84b-74474cdf4999", append="null", name="query-file-appender", immediateFlush="null", bufferSize="null", ignoreExceptions="null", PatternLayout(org.apache.logging.log4j.core.layout.PatternLayout with name PatternLayout), NameFilter(org.apache.hadoop.hive.ql.log.LogDivertAppender$NameFilter with name NameFilter), advertise="null", advertiseURI="null", Configuration(HiveLog4j2Test))
DEBUG StatusLogger Starting RandomAccessFileManager /home/alex/Repositories/hive/beeline/target/tmp/alex/operation_logs/553e1914-041a-451a-abc0-d074d6ed6381/alex_20240424081110_63f3f5bc-bf37-4dc1-b84b-74474cdf4999
DEBUG StatusLogger Building Plugin[name=, class=org.apache.hadoop.hive.ql.log.LogDivertAppenderForTest$TestFilter].
DEBUG StatusLogger createFilter()
DEBUG StatusLogger Building Plugin[name=, class=org.apache.logging.log4j.core.layout.PatternLayout].
DEBUG StatusLogger PatternLayout$Builder(pattern="%-5p : %m%n", noConsoleNoAnsi="null", charset="null", disableAnsi="null", Replace=null, alwaysWriteExceptions="null", header="null", footer="null", Configuration(HiveLog4j2Test), PatternSelector=null)
DEBUG StatusLogger Building Plugin[name=appender, class=org.apache.hadoop.hive.ql.log.HushableRandomAccessFileAppender].
DEBUG StatusLogger createAppender(fileName="/home/alex/Repositories/hive/beeline/target/tmp/alex/operation_logs/553e1914-041a-451a-abc0-d074d6ed6381/alex_20240424081110_63f3f5bc-bf37-4dc1-b84b-74474cdf4999.test", append="null", name="test-query-file-appender", immediateFlush="null", bufferSize="null", ignoreExceptions="null", PatternLayout(org.apache.logging.log4j.core.layout.PatternLayout with name PatternLayout), test-filter(org.apache.hadoop.hive.ql.log.LogDivertAppenderForTest$TestFilter with name test-filter), advertise="null", advertiseURI="null", Configuration(HiveLog4j2Test))
DEBUG StatusLogger Starting RandomAccessFileManager /home/alex/Repositories/hive/beeline/target/tmp/alex/operation_logs/553e1914-041a-451a-abc0-d074d6ed6381/alex_20240424081110_63f3f5bc-bf37-4dc1-b84b-74474cdf4999.test
2024-04-24T08:11:10,040  INFO [553e1914-041a-451a-abc0-d074d6ed6381 main] operation.HiveCommandOperation: [opType=EXECUTE_STATEMENT, queryId=alex_20240424081110_63f3f5bc-bf37-4dc1-b84b-74474cdf4999, startTime=1713971470029, sessionId=553e1914-041a-451a-abc0-d074d6ed6381, createTime=1713971469733, userName=null, ipAddress=null]
2024-04-24T08:11:10,145  INFO [553e1914-041a-451a-abc0-d074d6ed6381 main] common.LogUtils: Unregistered logging context.
2024-04-24T08:11:10,148  INFO [553e1914-041a-451a-abc0-d074d6ed6381 main] operation.OperationManager: Closing operation: OperationHandle [opType=EXECUTE_STATEMENT, getHandleIdentifier()=79da709f-6c0c-4d19-995e-3d0e11a33a84]
2024-04-24T08:11:10,148  INFO [553e1914-041a-451a-abc0-d074d6ed6381 main] operation.OperationManager: Removed queryId: alex_20240424081110_63f3f5bc-bf37-4dc1-b84b-74474cdf4999 corresponding to operation: OperationHandle [opType=EXECUTE_STATEMENT, getHandleIdentifier()=79da709f-6c0c-4d19-995e-3d0e11a33a84] with tag: null
2024-04-24T08:11:10,148  INFO [553e1914-041a-451a-abc0-d074d6ed6381 main] operation.HiveCommandOperation: Closing operation log /home/alex/Repositories/hive/beeline/target/tmp/alex/operation_logs/553e1914-041a-451a-abc0-d074d6ed6381/alex_20240424081110_63f3f5bc-bf37-4dc1-b84b-74474cdf4999 without delay
2024-04-24T08:11:10,210  WARN [main] conf.HiveConf: HiveConf of name hive.dummyparam.test.server.specific.config.metastoresite does not exist
2024-04-24T08:11:10,210  WARN [main] conf.HiveConf: HiveConf of name hive.dummyparam.test.server.specific.config.override does not exist
2024-04-24T08:11:10,210  WARN [main] conf.HiveConf: HiveConf of name hive.dummyparam.test.server.specific.config.hiveserver2site does not exist
2024-04-24T08:11:10,211  INFO [553e1914-041a-451a-abc0-d074d6ed6381 main] session.HiveSessionImpl: executing set
2024-04-24T08:11:10,213  INFO [553e1914-041a-451a-abc0-d074d6ed6381 main] operation.HiveCommandOperation: Putting temp output to file /home/alex/Repositories/hive/beeline/target/tmp/alex/553e1914-041a-451a-abc0-d074d6ed63816986592926862687019.pipeout and error output to file /home/alex/Repositories/hive/beeline/target/tmp/alex/553e1914-041a-451a-abc0-d074d6ed63817948357052647643789.pipeout
2024-04-24T08:11:10,213  INFO [553e1914-041a-451a-abc0-d074d6ed6381 main] operation.OperationManager: Adding operation: OperationHandle [opType=EXECUTE_STATEMENT, getHandleIdentifier()=127b65b9-3248-4236-89c9-5afecdd88899] SessionHandle [553e1914-041a-451a-abc0-d074d6ed6381]
2024-04-24T08:11:10,214  INFO [553e1914-041a-451a-abc0-d074d6ed6381 main] common.LogUtils: Thread context registration is done.
DEBUG StatusLogger Building Plugin[name=filter, class=org.apache.hadoop.hive.ql.log.LogDivertAppender$NameFilter].
DEBUG StatusLogger createFilter(loggingLevel="EXECUTION")
DEBUG StatusLogger Building Plugin[name=layout, class=org.apache.logging.log4j.core.layout.PatternLayout].
DEBUG StatusLogger PatternLayout$Builder(Replace=null, charset="null", alwaysWriteExceptions="null", pattern="%-5p : %m%n", noConsoleNoAnsi="null", Configuration(HiveLog4j2Test), disableAnsi="null", footer="null", header="null", PatternSelector=null)
DEBUG StatusLogger Building Plugin[name=appender, class=org.apache.hadoop.hive.ql.log.HushableRandomAccessFileAppender].
DEBUG StatusLogger createAppender(fileName="/home/alex/Repositories/hive/beeline/target/tmp/alex/operation_logs/553e1914-041a-451a-abc0-d074d6ed6381/alex_20240424081110_fae0158f-97e5-451c-a444-0d03a0a4e7ea", append="null", name="query-file-appender", immediateFlush="null", bufferSize="null", ignoreExceptions="null", PatternLayout(org.apache.logging.log4j.core.layout.PatternLayout with name PatternLayout), NameFilter(org.apache.hadoop.hive.ql.log.LogDivertAppender$NameFilter with name NameFilter), advertise="null", advertiseURI="null", Configuration(HiveLog4j2Test))
DEBUG StatusLogger Starting RandomAccessFileManager /home/alex/Repositories/hive/beeline/target/tmp/alex/operation_logs/553e1914-041a-451a-abc0-d074d6ed6381/alex_20240424081110_fae0158f-97e5-451c-a444-0d03a0a4e7ea
DEBUG StatusLogger Building Plugin[name=, class=org.apache.hadoop.hive.ql.log.LogDivertAppenderForTest$TestFilter].
DEBUG StatusLogger createFilter()
DEBUG StatusLogger Building Plugin[name=, class=org.apache.logging.log4j.core.layout.PatternLayout].
DEBUG StatusLogger PatternLayout$Builder(charset="null", Replace=null, header="null", disableAnsi="null", pattern="%-5p : %m%n", noConsoleNoAnsi="null", alwaysWriteExceptions="null", Configuration(HiveLog4j2Test), footer="null", PatternSelector=null)
DEBUG StatusLogger Building Plugin[name=appender, class=org.apache.hadoop.hive.ql.log.HushableRandomAccessFileAppender].
DEBUG StatusLogger createAppender(fileName="/home/alex/Repositories/hive/beeline/target/tmp/alex/operation_logs/553e1914-041a-451a-abc0-d074d6ed6381/alex_20240424081110_fae0158f-97e5-451c-a444-0d03a0a4e7ea.test", append="null", name="test-query-file-appender", immediateFlush="null", bufferSize="null", ignoreExceptions="null", PatternLayout(org.apache.logging.log4j.core.layout.PatternLayout with name PatternLayout), test-filter(org.apache.hadoop.hive.ql.log.LogDivertAppenderForTest$TestFilter with name test-filter), advertise="null", advertiseURI="null", Configuration(HiveLog4j2Test))
DEBUG StatusLogger Starting RandomAccessFileManager /home/alex/Repositories/hive/beeline/target/tmp/alex/operation_logs/553e1914-041a-451a-abc0-d074d6ed6381/alex_20240424081110_fae0158f-97e5-451c-a444-0d03a0a4e7ea.test
2024-04-24T08:11:10,228  INFO [553e1914-041a-451a-abc0-d074d6ed6381 main] operation.HiveCommandOperation: [opType=EXECUTE_STATEMENT, queryId=alex_20240424081110_fae0158f-97e5-451c-a444-0d03a0a4e7ea, startTime=1713971470212, sessionId=553e1914-041a-451a-abc0-d074d6ed6381, createTime=1713971469733, userName=null, ipAddress=null]
2024-04-24T08:11:10,347  INFO [553e1914-041a-451a-abc0-d074d6ed6381 main] common.LogUtils: Unregistered logging context.
2024-04-24T08:11:10,349  INFO [553e1914-041a-451a-abc0-d074d6ed6381 main] operation.OperationManager: Closing operation: OperationHandle [opType=EXECUTE_STATEMENT, getHandleIdentifier()=127b65b9-3248-4236-89c9-5afecdd88899]
2024-04-24T08:11:10,349  INFO [553e1914-041a-451a-abc0-d074d6ed6381 main] operation.OperationManager: Removed queryId: alex_20240424081110_fae0158f-97e5-451c-a444-0d03a0a4e7ea corresponding to operation: OperationHandle [opType=EXECUTE_STATEMENT, getHandleIdentifier()=127b65b9-3248-4236-89c9-5afecdd88899] with tag: null
2024-04-24T08:11:10,350  INFO [553e1914-041a-451a-abc0-d074d6ed6381 main] operation.HiveCommandOperation: Closing operation log /home/alex/Repositories/hive/beeline/target/tmp/alex/operation_logs/553e1914-041a-451a-abc0-d074d6ed6381/alex_20240424081110_fae0158f-97e5-451c-a444-0d03a0a4e7ea without delay
2024-04-24T08:11:10,352  INFO [553e1914-041a-451a-abc0-d074d6ed6381 main] session.HiveSessionImpl: executing create table if not exists test.testSrcTbl2(sc2 string)
2024-04-24T08:11:10,353  INFO [553e1914-041a-451a-abc0-d074d6ed6381 main] operation.OperationManager: Adding operation: OperationHandle [opType=EXECUTE_STATEMENT, getHandleIdentifier()=1e1a4f67-28d3-4ee7-8d1a-f86ef38edf8c] SessionHandle [553e1914-041a-451a-abc0-d074d6ed6381]
2024-04-24T08:11:10,353  INFO [553e1914-041a-451a-abc0-d074d6ed6381 main] common.LogUtils: Thread context registration is done.
DEBUG StatusLogger Building Plugin[name=filter, class=org.apache.hadoop.hive.ql.log.LogDivertAppender$NameFilter].
DEBUG StatusLogger createFilter(loggingLevel="EXECUTION")
DEBUG StatusLogger Building Plugin[name=layout, class=org.apache.logging.log4j.core.layout.PatternLayout].
DEBUG StatusLogger PatternLayout$Builder(footer="null", Configuration(HiveLog4j2Test), disableAnsi="null", Replace=null, noConsoleNoAnsi="null", charset="null", PatternSelector=null, pattern="%-5p : %m%n", alwaysWriteExceptions="null", header="null")
DEBUG StatusLogger Building Plugin[name=appender, class=org.apache.hadoop.hive.ql.log.HushableRandomAccessFileAppender].
DEBUG StatusLogger createAppender(fileName="/home/alex/Repositories/hive/beeline/target/tmp/alex/operation_logs/553e1914-041a-451a-abc0-d074d6ed6381/alex_20240424081110_e8504a09-a271-4a6e-8c28-669ed3fb8c31", append="null", name="query-file-appender", immediateFlush="null", bufferSize="null", ignoreExceptions="null", PatternLayout(org.apache.logging.log4j.core.layout.PatternLayout with name PatternLayout), NameFilter(org.apache.hadoop.hive.ql.log.LogDivertAppender$NameFilter with name NameFilter), advertise="null", advertiseURI="null", Configuration(HiveLog4j2Test))
DEBUG StatusLogger Starting RandomAccessFileManager /home/alex/Repositories/hive/beeline/target/tmp/alex/operation_logs/553e1914-041a-451a-abc0-d074d6ed6381/alex_20240424081110_e8504a09-a271-4a6e-8c28-669ed3fb8c31
DEBUG StatusLogger Building Plugin[name=, class=org.apache.hadoop.hive.ql.log.LogDivertAppenderForTest$TestFilter].
DEBUG StatusLogger createFilter()
DEBUG StatusLogger Building Plugin[name=, class=org.apache.logging.log4j.core.layout.PatternLayout].
DEBUG StatusLogger PatternLayout$Builder(pattern="%-5p : %m%n", header="null", charset="null", PatternSelector=null, Configuration(HiveLog4j2Test), footer="null", noConsoleNoAnsi="null", disableAnsi="null", Replace=null, alwaysWriteExceptions="null")
DEBUG StatusLogger Building Plugin[name=appender, class=org.apache.hadoop.hive.ql.log.HushableRandomAccessFileAppender].
DEBUG StatusLogger createAppender(fileName="/home/alex/Repositories/hive/beeline/target/tmp/alex/operation_logs/553e1914-041a-451a-abc0-d074d6ed6381/alex_20240424081110_e8504a09-a271-4a6e-8c28-669ed3fb8c31.test", append="null", name="test-query-file-appender", immediateFlush="null", bufferSize="null", ignoreExceptions="null", PatternLayout(org.apache.logging.log4j.core.layout.PatternLayout with name PatternLayout), test-filter(org.apache.hadoop.hive.ql.log.LogDivertAppenderForTest$TestFilter with name test-filter), advertise="null", advertiseURI="null", Configuration(HiveLog4j2Test))
DEBUG StatusLogger Starting RandomAccessFileManager /home/alex/Repositories/hive/beeline/target/tmp/alex/operation_logs/553e1914-041a-451a-abc0-d074d6ed6381/alex_20240424081110_e8504a09-a271-4a6e-8c28-669ed3fb8c31.test
2024-04-24T08:11:10,363  INFO [553e1914-041a-451a-abc0-d074d6ed6381 main] operation.SQLOperation: [opType=EXECUTE_STATEMENT, queryId=alex_20240424081110_e8504a09-a271-4a6e-8c28-669ed3fb8c31, startTime=1713971470352, sessionId=553e1914-041a-451a-abc0-d074d6ed6381, createTime=1713971469733, userName=null, ipAddress=null]
2024-04-24T08:11:10,364  INFO [553e1914-041a-451a-abc0-d074d6ed6381 main] ql.Driver: Compiling command(queryId=alex_20240424081110_e8504a09-a271-4a6e-8c28-669ed3fb8c31): create table if not exists test.testSrcTbl2(sc2 string)
2024-04-24T08:11:10,365  INFO [553e1914-041a-451a-abc0-d074d6ed6381 main] parse.CalcitePlanner: Starting caching scope for: alex_20240424081110_e8504a09-a271-4a6e-8c28-669ed3fb8c31
2024-04-24T08:11:10,365  INFO [553e1914-041a-451a-abc0-d074d6ed6381 main] parse.CalcitePlanner: Starting Semantic Analysis
2024-04-24T08:11:10,366  INFO [553e1914-041a-451a-abc0-d074d6ed6381 main] sqlstd.SQLStdHiveAccessController: Created SQLStdHiveAccessController for session context : HiveAuthzSessionContext [sessionString=553e1914-041a-451a-abc0-d074d6ed6381, clientType=HIVESERVER2]
2024-04-24T08:11:10,366  INFO [553e1914-041a-451a-abc0-d074d6ed6381 main] parse.CalcitePlanner: Creating table test.testSrcTbl2 position=27
2024-04-24T08:11:10,366  INFO [553e1914-041a-451a-abc0-d074d6ed6381 main] HiveMetaStore.audit: ugi=alex	ip=unknown-ip-addr	cmd=get_table : tbl=hive.test.testSrcTbl2	
2024-04-24T08:11:10,390  INFO [553e1914-041a-451a-abc0-d074d6ed6381 main] parse.CalcitePlanner: Ending caching scope for: alex_20240424081110_e8504a09-a271-4a6e-8c28-669ed3fb8c31
2024-04-24T08:11:10,390  INFO [553e1914-041a-451a-abc0-d074d6ed6381 main] ql.Driver: Semantic Analysis Completed (retrial = false)
2024-04-24T08:11:10,391  INFO [553e1914-041a-451a-abc0-d074d6ed6381 main] ql.Driver: Created Hive schema: Schema(fieldSchemas:null, properties:null)
2024-04-24T08:11:10,391  INFO [553e1914-041a-451a-abc0-d074d6ed6381 main] metadata.Hive: Dumping metastore api call timing information for : compilation phase
2024-04-24T08:11:10,391  INFO [553e1914-041a-451a-abc0-d074d6ed6381 main] metadata.Hive: Total time spent in each metastore function (ms): {flushCache_()=0, getTable_(GetTableRequest)=24, isCompatibleWith_(Configuration)=0}
2024-04-24T08:11:10,391  INFO [553e1914-041a-451a-abc0-d074d6ed6381 main] ql.Driver: Completed compiling command(queryId=alex_20240424081110_e8504a09-a271-4a6e-8c28-669ed3fb8c31); Time taken: 0.027 seconds
2024-04-24T08:11:10,392  INFO [553e1914-041a-451a-abc0-d074d6ed6381 main] common.LogUtils: Unregistered logging context.
2024-04-24T08:11:10,392  INFO [HiveServer2-Background-Pool: Thread-634] common.LogUtils: Thread context registration is done.
2024-04-24T08:11:10,392  INFO [HiveServer2-Background-Pool: Thread-634] reexec.ReExecDriver: Execution #1 of query
2024-04-24T08:11:10,393  INFO [HiveServer2-Background-Pool: Thread-634] ql.Driver: Concurrency mode is disabled, not creating a lock manager
2024-04-24T08:11:10,393  INFO [HiveServer2-Background-Pool: Thread-634] ql.Driver: Executing command(queryId=alex_20240424081110_e8504a09-a271-4a6e-8c28-669ed3fb8c31): create table if not exists test.testSrcTbl2(sc2 string)
2024-04-24T08:11:10,394  INFO [HiveServer2-Background-Pool: Thread-634] metadata.Hive: Dumping metastore api call timing information for : execution phase
2024-04-24T08:11:10,394  INFO [HiveServer2-Background-Pool: Thread-634] metadata.Hive: Total time spent in each metastore function (ms): {}
2024-04-24T08:11:10,394  INFO [HiveServer2-Background-Pool: Thread-634] ql.Driver: Completed executing command(queryId=alex_20240424081110_e8504a09-a271-4a6e-8c28-669ed3fb8c31); Time taken: 0.001 seconds
2024-04-24T08:11:10,395  INFO [HiveServer2-Background-Pool: Thread-634] common.LogUtils: Unregistered logging context.
2024-04-24T08:11:10,397  INFO [553e1914-041a-451a-abc0-d074d6ed6381 main] operation.OperationManager: Closing operation: OperationHandle [opType=EXECUTE_STATEMENT, getHandleIdentifier()=1e1a4f67-28d3-4ee7-8d1a-f86ef38edf8c]
2024-04-24T08:11:10,397  INFO [553e1914-041a-451a-abc0-d074d6ed6381 main] operation.OperationManager: Removed queryId: alex_20240424081110_e8504a09-a271-4a6e-8c28-669ed3fb8c31 corresponding to operation: OperationHandle [opType=EXECUTE_STATEMENT, getHandleIdentifier()=1e1a4f67-28d3-4ee7-8d1a-f86ef38edf8c] with tag: null
2024-04-24T08:11:10,397  INFO [553e1914-041a-451a-abc0-d074d6ed6381 main] operation.SQLOperation: Closing operation log /home/alex/Repositories/hive/beeline/target/tmp/alex/operation_logs/553e1914-041a-451a-abc0-d074d6ed6381/alex_20240424081110_e8504a09-a271-4a6e-8c28-669ed3fb8c31 without delay
2024-04-24T08:11:10,402  INFO [553e1914-041a-451a-abc0-d074d6ed6381 main] session.HiveSessionImpl: executing desc testSrcTbl2
2024-04-24T08:11:10,404  INFO [553e1914-041a-451a-abc0-d074d6ed6381 main] operation.OperationManager: Adding operation: OperationHandle [opType=EXECUTE_STATEMENT, getHandleIdentifier()=f9da0ec3-f807-489c-bf7a-f21ebf41007f] SessionHandle [553e1914-041a-451a-abc0-d074d6ed6381]
2024-04-24T08:11:10,404  INFO [553e1914-041a-451a-abc0-d074d6ed6381 main] common.LogUtils: Thread context registration is done.
DEBUG StatusLogger Building Plugin[name=filter, class=org.apache.hadoop.hive.ql.log.LogDivertAppender$NameFilter].
DEBUG StatusLogger createFilter(loggingLevel="EXECUTION")
DEBUG StatusLogger Building Plugin[name=layout, class=org.apache.logging.log4j.core.layout.PatternLayout].
DEBUG StatusLogger PatternLayout$Builder(charset="null", alwaysWriteExceptions="null", disableAnsi="null", header="null", noConsoleNoAnsi="null", PatternSelector=null, footer="null", Replace=null, pattern="%-5p : %m%n", Configuration(HiveLog4j2Test))
DEBUG StatusLogger Building Plugin[name=appender, class=org.apache.hadoop.hive.ql.log.HushableRandomAccessFileAppender].
DEBUG StatusLogger createAppender(fileName="/home/alex/Repositories/hive/beeline/target/tmp/alex/operation_logs/553e1914-041a-451a-abc0-d074d6ed6381/alex_20240424081110_5fe6bb9d-2244-43ce-9691-5ebfead1a22e", append="null", name="query-file-appender", immediateFlush="null", bufferSize="null", ignoreExceptions="null", PatternLayout(org.apache.logging.log4j.core.layout.PatternLayout with name PatternLayout), NameFilter(org.apache.hadoop.hive.ql.log.LogDivertAppender$NameFilter with name NameFilter), advertise="null", advertiseURI="null", Configuration(HiveLog4j2Test))
DEBUG StatusLogger Starting RandomAccessFileManager /home/alex/Repositories/hive/beeline/target/tmp/alex/operation_logs/553e1914-041a-451a-abc0-d074d6ed6381/alex_20240424081110_5fe6bb9d-2244-43ce-9691-5ebfead1a22e
DEBUG StatusLogger Building Plugin[name=, class=org.apache.hadoop.hive.ql.log.LogDivertAppenderForTest$TestFilter].
DEBUG StatusLogger createFilter()
DEBUG StatusLogger Building Plugin[name=, class=org.apache.logging.log4j.core.layout.PatternLayout].
DEBUG StatusLogger PatternLayout$Builder(noConsoleNoAnsi="null", pattern="%-5p : %m%n", charset="null", Configuration(HiveLog4j2Test), Replace=null, disableAnsi="null", header="null", footer="null", PatternSelector=null, alwaysWriteExceptions="null")
DEBUG StatusLogger Building Plugin[name=appender, class=org.apache.hadoop.hive.ql.log.HushableRandomAccessFileAppender].
DEBUG StatusLogger createAppender(fileName="/home/alex/Repositories/hive/beeline/target/tmp/alex/operation_logs/553e1914-041a-451a-abc0-d074d6ed6381/alex_20240424081110_5fe6bb9d-2244-43ce-9691-5ebfead1a22e.test", append="null", name="test-query-file-appender", immediateFlush="null", bufferSize="null", ignoreExceptions="null", PatternLayout(org.apache.logging.log4j.core.layout.PatternLayout with name PatternLayout), test-filter(org.apache.hadoop.hive.ql.log.LogDivertAppenderForTest$TestFilter with name test-filter), advertise="null", advertiseURI="null", Configuration(HiveLog4j2Test))
DEBUG StatusLogger Starting RandomAccessFileManager /home/alex/Repositories/hive/beeline/target/tmp/alex/operation_logs/553e1914-041a-451a-abc0-d074d6ed6381/alex_20240424081110_5fe6bb9d-2244-43ce-9691-5ebfead1a22e.test
2024-04-24T08:11:10,413  INFO [553e1914-041a-451a-abc0-d074d6ed6381 main] operation.SQLOperation: [opType=EXECUTE_STATEMENT, queryId=alex_20240424081110_5fe6bb9d-2244-43ce-9691-5ebfead1a22e, startTime=1713971470402, sessionId=553e1914-041a-451a-abc0-d074d6ed6381, createTime=1713971469733, userName=null, ipAddress=null]
2024-04-24T08:11:10,414  INFO [553e1914-041a-451a-abc0-d074d6ed6381 main] ql.Driver: Compiling command(queryId=alex_20240424081110_5fe6bb9d-2244-43ce-9691-5ebfead1a22e): desc testSrcTbl2
2024-04-24T08:11:10,419  INFO [553e1914-041a-451a-abc0-d074d6ed6381 main] HiveMetaStore.audit: ugi=alex	ip=unknown-ip-addr	cmd=get_database: test	
2024-04-24T08:11:10,423  INFO [553e1914-041a-451a-abc0-d074d6ed6381 main] HiveMetaStore.audit: ugi=alex	ip=unknown-ip-addr	cmd=get_table : tbl=hive.test.testSrcTbl2	
2024-04-24T08:11:10,448  INFO [553e1914-041a-451a-abc0-d074d6ed6381 main] ql.Driver: Semantic Analysis Completed (retrial = false)
2024-04-24T08:11:10,448  INFO [553e1914-041a-451a-abc0-d074d6ed6381 main] ql.Driver: Created Hive schema: Schema(fieldSchemas:[FieldSchema(name:col_name, type:string, comment:from deserializer), FieldSchema(name:data_type, type:string, comment:from deserializer), FieldSchema(name:comment, type:string, comment:from deserializer)], properties:null)
2024-04-24T08:11:10,449  INFO [553e1914-041a-451a-abc0-d074d6ed6381 main] exec.ListSinkOperator: Initializing Operator: LIST_SINK[0]
2024-04-24T08:11:10,449  INFO [553e1914-041a-451a-abc0-d074d6ed6381 main] metadata.Hive: Dumping metastore api call timing information for : compilation phase
2024-04-24T08:11:10,450  INFO [553e1914-041a-451a-abc0-d074d6ed6381 main] metadata.Hive: Total time spent in each metastore function (ms): {flushCache_()=0, getTable_(GetTableRequest)=24, getDatabase_(String)=4, isCompatibleWith_(Configuration)=0}
2024-04-24T08:11:10,450  INFO [553e1914-041a-451a-abc0-d074d6ed6381 main] ql.Driver: Completed compiling command(queryId=alex_20240424081110_5fe6bb9d-2244-43ce-9691-5ebfead1a22e); Time taken: 0.035 seconds
2024-04-24T08:11:10,451  INFO [HiveServer2-Background-Pool: Thread-637] common.LogUtils: Thread context registration is done.
2024-04-24T08:11:10,451  INFO [HiveServer2-Background-Pool: Thread-637] reexec.ReExecDriver: Execution #1 of query
2024-04-24T08:11:10,451  INFO [553e1914-041a-451a-abc0-d074d6ed6381 main] common.LogUtils: Unregistered logging context.
2024-04-24T08:11:10,452  INFO [HiveServer2-Background-Pool: Thread-637] ql.Driver: Concurrency mode is disabled, not creating a lock manager
2024-04-24T08:11:10,453  INFO [HiveServer2-Background-Pool: Thread-637] ql.Driver: Executing command(queryId=alex_20240424081110_5fe6bb9d-2244-43ce-9691-5ebfead1a22e): desc testSrcTbl2
2024-04-24T08:11:10,454  INFO [HiveServer2-Background-Pool: Thread-637] ql.Driver: Starting task [Stage-0:DDL] in serial mode
2024-04-24T08:11:10,457  INFO [HiveServer2-Background-Pool: Thread-637] HiveMetaStore.audit: ugi=alex	ip=unknown-ip-addr	cmd=get_table : tbl=hive.test.testSrcTbl2	
2024-04-24T08:11:10,457  INFO [HiveServer2-Background-Pool: Thread-637] metastore.HMSHandler: 27: Opening raw store with implementation class:org.apache.hadoop.hive.metastore.ObjectStore
2024-04-24T08:11:10,458  INFO [HiveServer2-Background-Pool: Thread-637] metastore.ObjectStore: RawStore: org.apache.hadoop.hive.metastore.ObjectStore@1a4fa0a2, with PersistenceManager: null will be shutdown
2024-04-24T08:11:10,458  INFO [HiveServer2-Background-Pool: Thread-637] metastore.ObjectStore: RawStore: org.apache.hadoop.hive.metastore.ObjectStore@1a4fa0a2, with PersistenceManager: org.datanucleus.api.jdo.JDOPersistenceManager@5f4d2d8f created in the thread with id: 637
2024-04-24T08:11:10,462  INFO [HiveServer2-Background-Pool: Thread-637] metastore.HMSHandler: Created RawStore: org.apache.hadoop.hive.metastore.ObjectStore@1a4fa0a2 from thread id: 637
2024-04-24T08:11:10,519  INFO [HiveServer2-Background-Pool: Thread-637] metadata.Hive: Dumping metastore api call timing information for : execution phase
2024-04-24T08:11:10,519  INFO [HiveServer2-Background-Pool: Thread-637] metadata.Hive: Total time spent in each metastore function (ms): {isCompatibleWith_(Configuration)=0, getTable_(GetTableRequest)=42}
2024-04-24T08:11:10,520  INFO [HiveServer2-Background-Pool: Thread-637] ql.Driver: Completed executing command(queryId=alex_20240424081110_5fe6bb9d-2244-43ce-9691-5ebfead1a22e); Time taken: 0.066 seconds
2024-04-24T08:11:10,521  INFO [HiveServer2-Background-Pool: Thread-637] common.LogUtils: Unregistered logging context.
2024-04-24T08:11:10,523  INFO [553e1914-041a-451a-abc0-d074d6ed6381 main] operation.OperationManager: Closing operation: OperationHandle [opType=EXECUTE_STATEMENT, getHandleIdentifier()=f9da0ec3-f807-489c-bf7a-f21ebf41007f]
2024-04-24T08:11:10,523  INFO [553e1914-041a-451a-abc0-d074d6ed6381 main] operation.OperationManager: Removed queryId: alex_20240424081110_5fe6bb9d-2244-43ce-9691-5ebfead1a22e corresponding to operation: OperationHandle [opType=EXECUTE_STATEMENT, getHandleIdentifier()=f9da0ec3-f807-489c-bf7a-f21ebf41007f] with tag: null
2024-04-24T08:11:10,523  INFO [553e1914-041a-451a-abc0-d074d6ed6381 main] ql.Context: Deleting scratch dir: file:/home/alex/Repositories/hive/beeline/target/tmp/alex/553e1914-041a-451a-abc0-d074d6ed6381/hive_2024-04-24_08-11-10_414_6410846163490417246-1
2024-04-24T08:11:10,523  INFO [553e1914-041a-451a-abc0-d074d6ed6381 main] cleanup.EventualCleanupService: Delete file:/home/alex/Repositories/hive/beeline/target/tmp/alex/553e1914-041a-451a-abc0-d074d6ed6381/hive_2024-04-24_08-11-10_414_6410846163490417246-1 operation was queued
2024-04-24T08:11:10,523  INFO [553e1914-041a-451a-abc0-d074d6ed6381 main] exec.ListSinkOperator: Closing Operator: LIST_SINK[0]
2024-04-24T08:11:10,524  INFO [553e1914-041a-451a-abc0-d074d6ed6381 main] exec.ListSinkOperator: RECORDS_OUT_INTERMEDIATE:0, RECORDS_OUT_OPERATOR_LIST_SINK_0:0, 
2024-04-24T08:11:10,524  INFO [553e1914-041a-451a-abc0-d074d6ed6381 main] operation.SQLOperation: Closing operation log /home/alex/Repositories/hive/beeline/target/tmp/alex/operation_logs/553e1914-041a-451a-abc0-d074d6ed6381/alex_20240424081110_5fe6bb9d-2244-43ce-9691-5ebfead1a22e without delay
2024-04-24T08:11:10,524  INFO [EventualCleanupService thread 0] cleanup.EventualCleanupService: Deleted file:/home/alex/Repositories/hive/beeline/target/tmp/alex/553e1914-041a-451a-abc0-d074d6ed6381/hive_2024-04-24_08-11-10_414_6410846163490417246-1
2024-04-24T08:11:10,528  INFO [main] service.CompositeService: Session closed, SessionHandle [553e1914-041a-451a-abc0-d074d6ed6381], current sessions:0
2024-04-24T08:11:10,529  INFO [553e1914-041a-451a-abc0-d074d6ed6381 main] session.HiveSessionImpl: Operation log session directory is deleted: /home/alex/Repositories/hive/beeline/target/tmp/alex/operation_logs/553e1914-041a-451a-abc0-d074d6ed6381
2024-04-24T08:11:10,530  INFO [main] cleanup.EventualCleanupService: Delete /tmp/hive/alex/553e1914-041a-451a-abc0-d074d6ed6381 operation was queued
2024-04-24T08:11:10,530  INFO [main] cleanup.EventualCleanupService: Delete /home/alex/Repositories/hive/beeline/target/tmp/alex/553e1914-041a-451a-abc0-d074d6ed6381 operation was queued
2024-04-24T08:11:10,530  INFO [EventualCleanupService thread 1] cleanup.EventualCleanupService: Deleted /tmp/hive/alex/553e1914-041a-451a-abc0-d074d6ed6381
2024-04-24T08:11:10,530  INFO [EventualCleanupService thread 1] cleanup.EventualCleanupService: Deleted /home/alex/Repositories/hive/beeline/target/tmp/alex/553e1914-041a-451a-abc0-d074d6ed6381
2024-04-24T08:11:10,531  INFO [main] HiveMetaStore.audit: ugi=alex	ip=unknown-ip-addr	cmd=Cleaning up thread local RawStore...	
2024-04-24T08:11:10,532  INFO [main] metastore.ObjectStore: RawStore: org.apache.hadoop.hive.metastore.ObjectStore@519b0f00, with PersistenceManager: org.datanucleus.api.jdo.JDOPersistenceManager@4888d1ea will be shutdown
2024-04-24T08:11:10,533  INFO [main] HiveMetaStore.audit: ugi=alex	ip=unknown-ip-addr	cmd=Done cleaning up thread local RawStore	
2024-04-24T08:11:10,533  INFO [main] metastore.HiveMetaStoreClient: Closed a connection to metastore, current connections: -41
2024-04-24T08:11:10,533 ERROR [main] cli.TestHiveCli: Failed due to the error:Connecting to jdbc:hive2://
Hive Session ID = a9016fce-82e0-4674-8025-98ee83488311
ivysettings.xml file not found in HIVE_HOME or HIVE_CONF_DIR,/home/alex/Repositories/hive/conf/ivysettings.xml will be used
ivysettings.xml file not found in HIVE_HOME or HIVE_CONF_DIR,/home/alex/Repositories/hive/conf/ivysettings.xml will be used
Connected to: Apache Hive (version 4.0.0-SNAPSHOT)
Error: Couldn't load manifest attributes. (state=,code=0)
Transaction isolation: TRANSACTION_REPEATABLE_READ
INFO  : Compiling command(queryId=alex_20240424081109_8cd5e5b2-29a2-4755-83e6-fe9231b0b915): use test
INFO  : Semantic Analysis Completed (retrial = false)
INFO  : Created Hive schema: Schema(fieldSchemas:null, properties:null)
INFO  : Completed compiling command(queryId=alex_20240424081109_8cd5e5b2-29a2-4755-83e6-fe9231b0b915); Time taken: 0.007 seconds
INFO  : Concurrency mode is disabled, not creating a lock manager
INFO  : Executing command(queryId=alex_20240424081109_8cd5e5b2-29a2-4755-83e6-fe9231b0b915): use test
INFO  : Starting task [Stage-0:DDL] in serial mode
DEBUG : Task getting executed using mapred tag : alex_20240424081109_8cd5e5b2-29a2-4755-83e6-fe9231b0b915,userid=null
INFO  : Completed executing command(queryId=alex_20240424081109_8cd5e5b2-29a2-4755-83e6-fe9231b0b915); Time taken: 0.008 seconds
DEBUG : Shutting down query use test
Error: Failed to wait for operation to complete (state=08S01,code=0)
Beeline version ??? by Apache Hive
hive> set hiveconf:zzz=/home/alex/Repositories/hive/beeline/target/tmp/test163600842667878099.sql;
No rows affected (0,01 seconds)
hive> source ${hiveconf:zzz};
INFO  : Compiling command(queryId=alex_20240424081110_e8504a09-a271-4a6e-8c28-669ed3fb8c31): create table if not exists test.testSrcTbl2(sc2 string)
INFO  : Semantic Analysis Completed (retrial = false)
INFO  : Created Hive schema: Schema(fieldSchemas:null, properties:null)
INFO  : Completed compiling command(queryId=alex_20240424081110_e8504a09-a271-4a6e-8c28-669ed3fb8c31); Time taken: 0.027 seconds
INFO  : Concurrency mode is disabled, not creating a lock manager
INFO  : Executing command(queryId=alex_20240424081110_e8504a09-a271-4a6e-8c28-669ed3fb8c31): create table if not exists test.testSrcTbl2(sc2 string)
INFO  : Completed executing command(queryId=alex_20240424081110_e8504a09-a271-4a6e-8c28-669ed3fb8c31); Time taken: 0.001 seconds
DEBUG : Shutting down query create table if not exists test.testSrcTbl2(sc2 string)
Error: Failed to wait for operation to complete (state=08S01,code=0)
hive> desc testSrcTbl2;
INFO  : Compiling command(queryId=alex_20240424081110_5fe6bb9d-2244-43ce-9691-5ebfead1a22e): desc testSrcTbl2
INFO  : Semantic Analysis Completed (retrial = false)
INFO  : Created Hive schema: Schema(fieldSchemas:[FieldSchema(name:col_name, type:string, comment:from deserializer), FieldSchema(name:data_type, type:string, comment:from deserializer), FieldSchema(name:comment, type:string, comment:from deserializer)], properties:null)
INFO  : Completed compiling command(queryId=alex_20240424081110_5fe6bb9d-2244-43ce-9691-5ebfead1a22e); Time taken: 0.035 seconds
INFO  : Concurrency mode is disabled, not creating a lock manager
INFO  : Executing command(queryId=alex_20240424081110_5fe6bb9d-2244-43ce-9691-5ebfead1a22e): desc testSrcTbl2
INFO  : Starting task [Stage-0:DDL] in serial mode
DEBUG : Task getting executed using mapred tag : alex_20240424081110_5fe6bb9d-2244-43ce-9691-5ebfead1a22e,userid=null
INFO  : Completed executing command(queryId=alex_20240424081110_5fe6bb9d-2244-43ce-9691-5ebfead1a22e); Time taken: 0.066 seconds
DEBUG : Shutting down query desc testSrcTbl2
Error: Failed to wait for operation to complete (state=08S01,code=0)
hive> Closing: 0: jdbc:hive2://

]]></system-err>
  </testcase>
  <testcase name="testSetHeaderValue" classname="org.apache.hive.beeline.cli.TestHiveCli" time="3.702">
    <failure type="java.lang.AssertionError"><![CDATA[java.lang.AssertionError: The expected keyword "testtbl.a testtbl.b" occur in the output: 
	at org.junit.Assert.fail(Assert.java:89)
	at org.junit.Assert.assertTrue(Assert.java:42)
	at org.apache.hive.beeline.cli.TestHiveCli.verifyCMD(TestHiveCli.java:270)
	at org.apache.hive.beeline.cli.TestHiveCli.testSetHeaderValue(TestHiveCli.java:89)
	at sun.reflect.NativeMethodAccessorImpl.invoke0(Native Method)
	at sun.reflect.NativeMethodAccessorImpl.invoke(NativeMethodAccessorImpl.java:62)
	at sun.reflect.DelegatingMethodAccessorImpl.invoke(DelegatingMethodAccessorImpl.java:43)
	at java.lang.reflect.Method.invoke(Method.java:498)
	at org.junit.runners.model.FrameworkMethod$1.runReflectiveCall(FrameworkMethod.java:59)
	at org.junit.internal.runners.model.ReflectiveCallable.run(ReflectiveCallable.java:12)
	at org.junit.runners.model.FrameworkMethod.invokeExplosively(FrameworkMethod.java:56)
	at org.junit.internal.runners.statements.InvokeMethod.evaluate(InvokeMethod.java:17)
	at org.junit.internal.runners.statements.RunBefores.evaluate(RunBefores.java:26)
	at org.junit.internal.runners.statements.RunAfters.evaluate(RunAfters.java:27)
	at org.junit.runners.ParentRunner$3.evaluate(ParentRunner.java:306)
	at org.junit.runners.BlockJUnit4ClassRunner$1.evaluate(BlockJUnit4ClassRunner.java:100)
	at org.junit.runners.ParentRunner.runLeaf(ParentRunner.java:366)
	at org.junit.runners.BlockJUnit4ClassRunner.runChild(BlockJUnit4ClassRunner.java:103)
	at org.junit.runners.BlockJUnit4ClassRunner.runChild(BlockJUnit4ClassRunner.java:63)
	at org.junit.runners.ParentRunner$4.run(ParentRunner.java:331)
	at org.junit.runners.ParentRunner$1.schedule(ParentRunner.java:79)
	at org.junit.runners.ParentRunner.runChildren(ParentRunner.java:329)
	at org.junit.runners.ParentRunner.access$100(ParentRunner.java:66)
	at org.junit.runners.ParentRunner$2.evaluate(ParentRunner.java:293)
	at org.junit.internal.runners.statements.RunBefores.evaluate(RunBefores.java:26)
	at org.junit.runners.ParentRunner$3.evaluate(ParentRunner.java:306)
	at org.junit.runners.ParentRunner.run(ParentRunner.java:413)
	at org.junit.runner.JUnitCore.run(JUnitCore.java:137)
	at org.junit.runner.JUnitCore.run(JUnitCore.java:115)
	at org.junit.vintage.engine.execution.RunnerExecutor.execute(RunnerExecutor.java:43)
	at java.util.stream.ForEachOps$ForEachOp$OfRef.accept(ForEachOps.java:183)
	at java.util.stream.ReferencePipeline$3$1.accept(ReferencePipeline.java:193)
	at java.util.Iterator.forEachRemaining(Iterator.java:116)
	at java.util.Spliterators$IteratorSpliterator.forEachRemaining(Spliterators.java:1801)
	at java.util.stream.AbstractPipeline.copyInto(AbstractPipeline.java:482)
	at java.util.stream.AbstractPipeline.wrapAndCopyInto(AbstractPipeline.java:472)
	at java.util.stream.ForEachOps$ForEachOp.evaluateSequential(ForEachOps.java:150)
	at java.util.stream.ForEachOps$ForEachOp$OfRef.evaluateSequential(ForEachOps.java:173)
	at java.util.stream.AbstractPipeline.evaluate(AbstractPipeline.java:234)
	at java.util.stream.ReferencePipeline.forEach(ReferencePipeline.java:485)
	at org.junit.vintage.engine.VintageTestEngine.executeAllChildren(VintageTestEngine.java:82)
	at org.junit.vintage.engine.VintageTestEngine.execute(VintageTestEngine.java:73)
	at org.junit.platform.launcher.core.DefaultLauncher.execute(DefaultLauncher.java:248)
	at org.junit.platform.launcher.core.DefaultLauncher.lambda$execute$5(DefaultLauncher.java:211)
	at org.junit.platform.launcher.core.DefaultLauncher.withInterceptedStreams(DefaultLauncher.java:226)
	at org.junit.platform.launcher.core.DefaultLauncher.execute(DefaultLauncher.java:199)
	at org.junit.platform.launcher.core.DefaultLauncher.execute(DefaultLauncher.java:132)
	at org.apache.maven.surefire.junitplatform.JUnitPlatformProvider.invokeAllTests(JUnitPlatformProvider.java:154)
	at org.apache.maven.surefire.junitplatform.JUnitPlatformProvider.invoke(JUnitPlatformProvider.java:123)
	at org.apache.maven.surefire.booter.ForkedBooter.runSuitesInProcess(ForkedBooter.java:377)
	at org.apache.maven.surefire.booter.ForkedBooter.execute(ForkedBooter.java:138)
	at org.apache.maven.surefire.booter.ForkedBooter.run(ForkedBooter.java:465)
	at org.apache.maven.surefire.booter.ForkedBooter.main(ForkedBooter.java:451)
]]></failure>
    <system-err><![CDATA[2024-04-24T08:11:10,536 ERROR [main] cli.TestHiveCli: Failed to execute command due to the error: java.lang.NullPointerException: Null output stream
2024-04-24T08:11:10,600  WARN [main] conf.HiveConf: HiveConf of name hive.dummyparam.test.server.specific.config.hiveserver2site does not exist
2024-04-24T08:11:10,600  WARN [main] conf.HiveConf: HiveConf of name hive.dummyparam.test.server.specific.config.metastoresite does not exist
2024-04-24T08:11:10,600  WARN [main] conf.HiveConf: HiveConf of name hive.dummyparam.test.server.specific.config.override does not exist
2024-04-24T08:11:10,600  INFO [main] SessionState: Hive Session ID = 9da78ca5-165e-420b-9436-e7d2c5466b95
2024-04-24T08:11:10,601  INFO [main] DependencyResolver: ivysettings.xml file not found in HIVE_HOME or HIVE_CONF_DIR,/home/alex/Repositories/hive/conf/ivysettings.xml will be used
2024-04-24T08:11:10,609  INFO [main] session.SessionState: Created HDFS directory: /tmp/hive/alex/9da78ca5-165e-420b-9436-e7d2c5466b95
2024-04-24T08:11:10,613  INFO [main] session.SessionState: Created local directory: /home/alex/Repositories/hive/beeline/target/tmp/alex/9da78ca5-165e-420b-9436-e7d2c5466b95
2024-04-24T08:11:10,618  INFO [main] session.SessionState: Created HDFS directory: /tmp/hive/alex/9da78ca5-165e-420b-9436-e7d2c5466b95/_tmp_space.db
2024-04-24T08:11:10,619  INFO [main] sqlstd.SQLStdHiveAccessController: Created SQLStdHiveAccessController for session context : HiveAuthzSessionContext [sessionString=9da78ca5-165e-420b-9436-e7d2c5466b95, clientType=HIVESERVER2]
2024-04-24T08:11:10,621  INFO [main] metastore.HiveMetaStoreClient: HMS client filtering is enabled.
2024-04-24T08:11:10,622  INFO [main] metastore.HMSHandler: 0: Opening raw store with implementation class:org.apache.hadoop.hive.metastore.ObjectStore
2024-04-24T08:11:10,623  INFO [main] metastore.PersistenceManagerProvider: Configuration datanucleus.autoStartMechanismMode is not set. Defaulting to 'ignored'
2024-04-24T08:11:10,623  INFO [main] metastore.ObjectStore: RawStore: org.apache.hadoop.hive.metastore.ObjectStore@416d90f0, with PersistenceManager: null will be shutdown
2024-04-24T08:11:10,623  INFO [main] metastore.ObjectStore: RawStore: org.apache.hadoop.hive.metastore.ObjectStore@416d90f0, with PersistenceManager: org.datanucleus.api.jdo.JDOPersistenceManager@696298ea created in the thread with id: 1
2024-04-24T08:11:10,626  INFO [main] metastore.HMSHandler: Created RawStore: org.apache.hadoop.hive.metastore.ObjectStore@416d90f0 from thread id: 1
2024-04-24T08:11:10,626  INFO [main] metastore.HMSHandler: HMS server filtering is disabled by configuration
2024-04-24T08:11:10,626  INFO [main] metastore.RetryingMetaStoreClient: RetryingMetaStoreClient proxy=class org.apache.hadoop.hive.ql.metadata.SessionHiveMetaStoreClient ugi=alex (auth:SIMPLE) retries=1 delay=1 lifetime=0
2024-04-24T08:11:10,627  INFO [main] service.CompositeService: Operation log root directory is created: /home/alex/Repositories/hive/beeline/target/tmp/alex/operation_logs
2024-04-24T08:11:10,627  INFO [main] service.CompositeService: HiveServer2: Background operation thread pool size: 100
2024-04-24T08:11:10,627  INFO [main] service.CompositeService: HiveServer2: Background operation thread wait queue size: 100
2024-04-24T08:11:10,627  INFO [main] service.CompositeService: HiveServer2: Background operation thread keepalive time: 10 seconds
2024-04-24T08:11:10,627  INFO [main] service.CompositeService: Connections limit are user: 0 ipaddress: 0 user-ipaddress: 0
2024-04-24T08:11:10,628  INFO [main] cleanup.EventualCleanupService: EventualCleanupService started with 10 threads and queue of size 10000
ERROR StatusLogger Log4j2 ConfigurationScheduler attempted to increment scheduled items after start
ERROR StatusLogger Log4j2 ConfigurationScheduler attempted to increment scheduled items after start
2024-04-24T08:11:10,631  INFO [main] service.AbstractService: Service:OperationManager is inited.
2024-04-24T08:11:10,631  INFO [main] service.AbstractService: Service:SessionManager is inited.
2024-04-24T08:11:10,631  INFO [main] service.AbstractService: Service:CLIService is inited.
2024-04-24T08:11:10,631  INFO [main] service.AbstractService: Service:OperationManager is started.
2024-04-24T08:11:10,631  INFO [main] service.AbstractService: Service:SessionManager is started.
2024-04-24T08:11:10,631  INFO [main] service.AbstractService: Service:CLIService is started.
2024-04-24T08:11:10,631  INFO [main] service.AbstractService: Service:ThriftBinaryCLIService is inited.
2024-04-24T08:11:10,631  INFO [main] thrift.ThriftCLIService: Client protocol version: HIVE_CLI_SERVICE_PROTOCOL_V10
2024-04-24T08:11:10,631  INFO [main] thrift.ThriftCLIService: Creating Hive session handle for user [null] from IP null
2024-04-24T08:11:10,634  INFO [main] DependencyResolver: ivysettings.xml file not found in HIVE_HOME or HIVE_CONF_DIR,/home/alex/Repositories/hive/conf/ivysettings.xml will be used
2024-04-24T08:11:10,642  INFO [main] session.SessionState: Created HDFS directory: /tmp/hive/alex/db2cb808-2236-47e3-a5e8-c167dcb4d923
2024-04-24T08:11:10,645  INFO [main] session.SessionState: Created local directory: /home/alex/Repositories/hive/beeline/target/tmp/alex/db2cb808-2236-47e3-a5e8-c167dcb4d923
2024-04-24T08:11:10,649  INFO [main] session.SessionState: Created HDFS directory: /tmp/hive/alex/db2cb808-2236-47e3-a5e8-c167dcb4d923/_tmp_space.db
2024-04-24T08:11:10,650  INFO [main] session.SessionState: Reloading auxiliary JAR files
2024-04-24T08:11:10,650  WARN [main] session.SessionState: Configuration hive.reloadable.aux.jars.path not specified
2024-04-24T08:11:10,650  INFO [main] HiveMetaStore.audit: ugi=alex	ip=unknown-ip-addr	cmd=Cleaning up thread local RawStore...	
2024-04-24T08:11:10,650  INFO [main] metastore.ObjectStore: RawStore: org.apache.hadoop.hive.metastore.ObjectStore@416d90f0, with PersistenceManager: org.datanucleus.api.jdo.JDOPersistenceManager@696298ea will be shutdown
2024-04-24T08:11:10,650  INFO [main] HiveMetaStore.audit: ugi=alex	ip=unknown-ip-addr	cmd=Done cleaning up thread local RawStore	
2024-04-24T08:11:10,651  INFO [main] metastore.HiveMetaStoreClient: Closed a connection to metastore, current connections: -42
2024-04-24T08:11:10,651  INFO [main] session.HiveSessionImpl: Operation log session directory is created: /home/alex/Repositories/hive/beeline/target/tmp/alex/operation_logs/db2cb808-2236-47e3-a5e8-c167dcb4d923
2024-04-24T08:11:10,651  INFO [main] service.CompositeService: Session opened, SessionHandle [db2cb808-2236-47e3-a5e8-c167dcb4d923], current sessions:1
2024-04-24T08:11:10,651  INFO [main] thrift.ThriftCLIService: Login attempt is successful for user : null
2024-04-24T08:11:10,730  WARN [main] conf.HiveConf: HiveConf of name hive.dummyparam.test.server.specific.config.hiveserver2site does not exist
2024-04-24T08:11:10,730  WARN [main] conf.HiveConf: HiveConf of name hive.dummyparam.test.server.specific.config.override does not exist
2024-04-24T08:11:10,730  WARN [main] conf.HiveConf: HiveConf of name hive.dummyparam.test.server.specific.config.metastoresite does not exist
2024-04-24T08:11:10,731  INFO [db2cb808-2236-47e3-a5e8-c167dcb4d923 main] session.HiveSessionImpl: executing set
2024-04-24T08:11:10,732  INFO [db2cb808-2236-47e3-a5e8-c167dcb4d923 main] operation.HiveCommandOperation: Putting temp output to file /home/alex/Repositories/hive/beeline/target/tmp/alex/db2cb808-2236-47e3-a5e8-c167dcb4d9233466852182424613367.pipeout and error output to file /home/alex/Repositories/hive/beeline/target/tmp/alex/db2cb808-2236-47e3-a5e8-c167dcb4d9238865153989632242079.pipeout
2024-04-24T08:11:10,732  INFO [db2cb808-2236-47e3-a5e8-c167dcb4d923 main] operation.OperationManager: Adding operation: OperationHandle [opType=EXECUTE_STATEMENT, getHandleIdentifier()=da97d9dd-7afd-4a8d-8de4-972b83910896] SessionHandle [db2cb808-2236-47e3-a5e8-c167dcb4d923]
2024-04-24T08:11:10,733  INFO [db2cb808-2236-47e3-a5e8-c167dcb4d923 main] common.LogUtils: Thread context registration is done.
DEBUG StatusLogger Building Plugin[name=filter, class=org.apache.hadoop.hive.ql.log.LogDivertAppender$NameFilter].
DEBUG StatusLogger createFilter(loggingLevel="EXECUTION")
DEBUG StatusLogger Building Plugin[name=layout, class=org.apache.logging.log4j.core.layout.PatternLayout].
DEBUG StatusLogger PatternLayout$Builder(pattern="%-5p : %m%n", noConsoleNoAnsi="null", Configuration(HiveLog4j2Test), disableAnsi="null", PatternSelector=null, charset="null", header="null", footer="null", alwaysWriteExceptions="null", Replace=null)
DEBUG StatusLogger Building Plugin[name=appender, class=org.apache.hadoop.hive.ql.log.HushableRandomAccessFileAppender].
DEBUG StatusLogger createAppender(fileName="/home/alex/Repositories/hive/beeline/target/tmp/alex/operation_logs/db2cb808-2236-47e3-a5e8-c167dcb4d923/alex_20240424081110_af1d2db3-93fe-42ff-9e04-1468c052f490", append="null", name="query-file-appender", immediateFlush="null", bufferSize="null", ignoreExceptions="null", PatternLayout(org.apache.logging.log4j.core.layout.PatternLayout with name PatternLayout), NameFilter(org.apache.hadoop.hive.ql.log.LogDivertAppender$NameFilter with name NameFilter), advertise="null", advertiseURI="null", Configuration(HiveLog4j2Test))
DEBUG StatusLogger Starting RandomAccessFileManager /home/alex/Repositories/hive/beeline/target/tmp/alex/operation_logs/db2cb808-2236-47e3-a5e8-c167dcb4d923/alex_20240424081110_af1d2db3-93fe-42ff-9e04-1468c052f490
DEBUG StatusLogger Building Plugin[name=, class=org.apache.hadoop.hive.ql.log.LogDivertAppenderForTest$TestFilter].
DEBUG StatusLogger createFilter()
DEBUG StatusLogger Building Plugin[name=, class=org.apache.logging.log4j.core.layout.PatternLayout].
DEBUG StatusLogger PatternLayout$Builder(alwaysWriteExceptions="null", Replace=null, noConsoleNoAnsi="null", footer="null", disableAnsi="null", pattern="%-5p : %m%n", PatternSelector=null, charset="null", Configuration(HiveLog4j2Test), header="null")
DEBUG StatusLogger Building Plugin[name=appender, class=org.apache.hadoop.hive.ql.log.HushableRandomAccessFileAppender].
DEBUG StatusLogger createAppender(fileName="/home/alex/Repositories/hive/beeline/target/tmp/alex/operation_logs/db2cb808-2236-47e3-a5e8-c167dcb4d923/alex_20240424081110_af1d2db3-93fe-42ff-9e04-1468c052f490.test", append="null", name="test-query-file-appender", immediateFlush="null", bufferSize="null", ignoreExceptions="null", PatternLayout(org.apache.logging.log4j.core.layout.PatternLayout with name PatternLayout), test-filter(org.apache.hadoop.hive.ql.log.LogDivertAppenderForTest$TestFilter with name test-filter), advertise="null", advertiseURI="null", Configuration(HiveLog4j2Test))
DEBUG StatusLogger Starting RandomAccessFileManager /home/alex/Repositories/hive/beeline/target/tmp/alex/operation_logs/db2cb808-2236-47e3-a5e8-c167dcb4d923/alex_20240424081110_af1d2db3-93fe-42ff-9e04-1468c052f490.test
2024-04-24T08:11:10,742  INFO [db2cb808-2236-47e3-a5e8-c167dcb4d923 main] operation.HiveCommandOperation: [opType=EXECUTE_STATEMENT, queryId=alex_20240424081110_af1d2db3-93fe-42ff-9e04-1468c052f490, startTime=1713971470731, sessionId=db2cb808-2236-47e3-a5e8-c167dcb4d923, createTime=1713971470631, userName=null, ipAddress=null]
2024-04-24T08:11:10,880  INFO [db2cb808-2236-47e3-a5e8-c167dcb4d923 main] common.LogUtils: Unregistered logging context.
2024-04-24T08:11:10,884  INFO [db2cb808-2236-47e3-a5e8-c167dcb4d923 main] operation.OperationManager: Closing operation: OperationHandle [opType=EXECUTE_STATEMENT, getHandleIdentifier()=da97d9dd-7afd-4a8d-8de4-972b83910896]
2024-04-24T08:11:10,884  INFO [db2cb808-2236-47e3-a5e8-c167dcb4d923 main] operation.OperationManager: Removed queryId: alex_20240424081110_af1d2db3-93fe-42ff-9e04-1468c052f490 corresponding to operation: OperationHandle [opType=EXECUTE_STATEMENT, getHandleIdentifier()=da97d9dd-7afd-4a8d-8de4-972b83910896] with tag: null
2024-04-24T08:11:10,885  INFO [db2cb808-2236-47e3-a5e8-c167dcb4d923 main] operation.HiveCommandOperation: Closing operation log /home/alex/Repositories/hive/beeline/target/tmp/alex/operation_logs/db2cb808-2236-47e3-a5e8-c167dcb4d923/alex_20240424081110_af1d2db3-93fe-42ff-9e04-1468c052f490 without delay
2024-04-24T08:11:10,894  INFO [db2cb808-2236-47e3-a5e8-c167dcb4d923 main] session.HiveSessionImpl: executing create database if not exists test
2024-04-24T08:11:10,896  INFO [db2cb808-2236-47e3-a5e8-c167dcb4d923 main] operation.OperationManager: Adding operation: OperationHandle [opType=EXECUTE_STATEMENT, getHandleIdentifier()=35e77f84-61b7-4d38-b685-eb792b7ad417] SessionHandle [db2cb808-2236-47e3-a5e8-c167dcb4d923]
2024-04-24T08:11:10,896  INFO [db2cb808-2236-47e3-a5e8-c167dcb4d923 main] common.LogUtils: Thread context registration is done.
DEBUG StatusLogger Building Plugin[name=filter, class=org.apache.hadoop.hive.ql.log.LogDivertAppender$NameFilter].
DEBUG StatusLogger createFilter(loggingLevel="EXECUTION")
DEBUG StatusLogger Building Plugin[name=layout, class=org.apache.logging.log4j.core.layout.PatternLayout].
DEBUG StatusLogger PatternLayout$Builder(header="null", noConsoleNoAnsi="null", Replace=null, footer="null", PatternSelector=null, pattern="%-5p : %m%n", disableAnsi="null", Configuration(HiveLog4j2Test), charset="null", alwaysWriteExceptions="null")
DEBUG StatusLogger Building Plugin[name=appender, class=org.apache.hadoop.hive.ql.log.HushableRandomAccessFileAppender].
DEBUG StatusLogger createAppender(fileName="/home/alex/Repositories/hive/beeline/target/tmp/alex/operation_logs/db2cb808-2236-47e3-a5e8-c167dcb4d923/alex_20240424081110_985cfbf4-1fed-465f-a83c-b5419e177203", append="null", name="query-file-appender", immediateFlush="null", bufferSize="null", ignoreExceptions="null", PatternLayout(org.apache.logging.log4j.core.layout.PatternLayout with name PatternLayout), NameFilter(org.apache.hadoop.hive.ql.log.LogDivertAppender$NameFilter with name NameFilter), advertise="null", advertiseURI="null", Configuration(HiveLog4j2Test))
DEBUG StatusLogger Starting RandomAccessFileManager /home/alex/Repositories/hive/beeline/target/tmp/alex/operation_logs/db2cb808-2236-47e3-a5e8-c167dcb4d923/alex_20240424081110_985cfbf4-1fed-465f-a83c-b5419e177203
DEBUG StatusLogger Building Plugin[name=, class=org.apache.hadoop.hive.ql.log.LogDivertAppenderForTest$TestFilter].
DEBUG StatusLogger createFilter()
DEBUG StatusLogger Building Plugin[name=, class=org.apache.logging.log4j.core.layout.PatternLayout].
DEBUG StatusLogger PatternLayout$Builder(noConsoleNoAnsi="null", alwaysWriteExceptions="null", pattern="%-5p : %m%n", header="null", charset="null", Configuration(HiveLog4j2Test), Replace=null, footer="null", disableAnsi="null", PatternSelector=null)
DEBUG StatusLogger Building Plugin[name=appender, class=org.apache.hadoop.hive.ql.log.HushableRandomAccessFileAppender].
DEBUG StatusLogger createAppender(fileName="/home/alex/Repositories/hive/beeline/target/tmp/alex/operation_logs/db2cb808-2236-47e3-a5e8-c167dcb4d923/alex_20240424081110_985cfbf4-1fed-465f-a83c-b5419e177203.test", append="null", name="test-query-file-appender", immediateFlush="null", bufferSize="null", ignoreExceptions="null", PatternLayout(org.apache.logging.log4j.core.layout.PatternLayout with name PatternLayout), test-filter(org.apache.hadoop.hive.ql.log.LogDivertAppenderForTest$TestFilter with name test-filter), advertise="null", advertiseURI="null", Configuration(HiveLog4j2Test))
DEBUG StatusLogger Starting RandomAccessFileManager /home/alex/Repositories/hive/beeline/target/tmp/alex/operation_logs/db2cb808-2236-47e3-a5e8-c167dcb4d923/alex_20240424081110_985cfbf4-1fed-465f-a83c-b5419e177203.test
2024-04-24T08:11:10,908  INFO [db2cb808-2236-47e3-a5e8-c167dcb4d923 main] operation.SQLOperation: [opType=EXECUTE_STATEMENT, queryId=alex_20240424081110_985cfbf4-1fed-465f-a83c-b5419e177203, startTime=1713971470894, sessionId=db2cb808-2236-47e3-a5e8-c167dcb4d923, createTime=1713971470631, userName=null, ipAddress=null]
2024-04-24T08:11:10,909  INFO [db2cb808-2236-47e3-a5e8-c167dcb4d923 main] ql.Driver: Compiling command(queryId=alex_20240424081110_985cfbf4-1fed-465f-a83c-b5419e177203): create database if not exists test
2024-04-24T08:11:10,912  INFO [db2cb808-2236-47e3-a5e8-c167dcb4d923 main] metastore.HiveMetaStoreClient: HMS client filtering is enabled.
2024-04-24T08:11:10,914  INFO [db2cb808-2236-47e3-a5e8-c167dcb4d923 main] metastore.HMSHandler: 0: Opening raw store with implementation class:org.apache.hadoop.hive.metastore.ObjectStore
2024-04-24T08:11:10,914  INFO [db2cb808-2236-47e3-a5e8-c167dcb4d923 main] metastore.PersistenceManagerProvider: Configuration datanucleus.autoStartMechanismMode is not set. Defaulting to 'ignored'
2024-04-24T08:11:10,915  INFO [db2cb808-2236-47e3-a5e8-c167dcb4d923 main] metastore.ObjectStore: RawStore: org.apache.hadoop.hive.metastore.ObjectStore@28db2afb, with PersistenceManager: null will be shutdown
2024-04-24T08:11:10,916  INFO [db2cb808-2236-47e3-a5e8-c167dcb4d923 main] metastore.ObjectStore: RawStore: org.apache.hadoop.hive.metastore.ObjectStore@28db2afb, with PersistenceManager: org.datanucleus.api.jdo.JDOPersistenceManager@5c703860 created in the thread with id: 1
2024-04-24T08:11:10,919  INFO [db2cb808-2236-47e3-a5e8-c167dcb4d923 main] metastore.HMSHandler: Created RawStore: org.apache.hadoop.hive.metastore.ObjectStore@28db2afb from thread id: 1
2024-04-24T08:11:10,919  INFO [db2cb808-2236-47e3-a5e8-c167dcb4d923 main] metastore.HMSHandler: HMS server filtering is disabled by configuration
2024-04-24T08:11:10,919  INFO [db2cb808-2236-47e3-a5e8-c167dcb4d923 main] metastore.RetryingMetaStoreClient: RetryingMetaStoreClient proxy=class org.apache.hadoop.hive.ql.metadata.SessionHiveMetaStoreClient ugi=alex (auth:SIMPLE) retries=1 delay=1 lifetime=0
2024-04-24T08:11:10,920  INFO [db2cb808-2236-47e3-a5e8-c167dcb4d923 main] ql.Driver: Semantic Analysis Completed (retrial = false)
2024-04-24T08:11:10,920  INFO [db2cb808-2236-47e3-a5e8-c167dcb4d923 main] ql.Driver: Created Hive schema: Schema(fieldSchemas:null, properties:null)
2024-04-24T08:11:10,920  INFO [db2cb808-2236-47e3-a5e8-c167dcb4d923 main] metadata.Hive: Dumping metastore api call timing information for : compilation phase
2024-04-24T08:11:10,921  INFO [db2cb808-2236-47e3-a5e8-c167dcb4d923 main] metadata.Hive: Total time spent in each metastore function (ms): {flushCache_()=0, isCompatibleWith_(Configuration)=0}
2024-04-24T08:11:10,921  INFO [db2cb808-2236-47e3-a5e8-c167dcb4d923 main] ql.Driver: Completed compiling command(queryId=alex_20240424081110_985cfbf4-1fed-465f-a83c-b5419e177203); Time taken: 0.011 seconds
2024-04-24T08:11:10,922  INFO [db2cb808-2236-47e3-a5e8-c167dcb4d923 main] common.LogUtils: Unregistered logging context.
2024-04-24T08:11:10,924  INFO [HiveServer2-Background-Pool: Thread-662] common.LogUtils: Thread context registration is done.
2024-04-24T08:11:10,924  INFO [HiveServer2-Background-Pool: Thread-662] reexec.ReExecDriver: Execution #1 of query
2024-04-24T08:11:10,925  INFO [HiveServer2-Background-Pool: Thread-662] ql.Driver: Concurrency mode is disabled, not creating a lock manager
2024-04-24T08:11:10,925  INFO [HiveServer2-Background-Pool: Thread-662] ql.Driver: Executing command(queryId=alex_20240424081110_985cfbf4-1fed-465f-a83c-b5419e177203): create database if not exists test
2024-04-24T08:11:10,926  INFO [HiveServer2-Background-Pool: Thread-662] ql.Driver: Starting task [Stage-0:DDL] in serial mode
2024-04-24T08:11:10,928  INFO [HiveServer2-Background-Pool: Thread-662] sqlstd.SQLStdHiveAccessController: Created SQLStdHiveAccessController for session context : HiveAuthzSessionContext [sessionString=db2cb808-2236-47e3-a5e8-c167dcb4d923, clientType=HIVESERVER2]
2024-04-24T08:11:10,928  WARN [HiveServer2-Background-Pool: Thread-662] exec.DDLTask: metastore.warehouse.external.dir is not set, falling back to metastore.warehouse.dir. This could cause external tables to use to managed tablespace.
2024-04-24T08:11:10,930  INFO [HiveServer2-Background-Pool: Thread-662] HiveMetaStore.audit: ugi=alex	ip=unknown-ip-addr	cmd=create_database: Database(name:test, description:null, locationUri:file:/home/alex/Repositories/hive/beeline/target/tmp/warehouse/test.db, parameters:null, ownerName:alex, ownerType:USER, catalogName:hive, type:NATIVE)	
2024-04-24T08:11:10,932  INFO [HiveServer2-Background-Pool: Thread-662] metastore.HMSHandler: 28: Opening raw store with implementation class:org.apache.hadoop.hive.metastore.ObjectStore
2024-04-24T08:11:10,933  INFO [HiveServer2-Background-Pool: Thread-662] metastore.ObjectStore: RawStore: org.apache.hadoop.hive.metastore.ObjectStore@3841c62c, with PersistenceManager: null will be shutdown
2024-04-24T08:11:10,934  INFO [HiveServer2-Background-Pool: Thread-662] metastore.ObjectStore: RawStore: org.apache.hadoop.hive.metastore.ObjectStore@3841c62c, with PersistenceManager: org.datanucleus.api.jdo.JDOPersistenceManager@7d435f40 created in the thread with id: 662
2024-04-24T08:11:10,937  INFO [HiveServer2-Background-Pool: Thread-662] metastore.HMSHandler: Created RawStore: org.apache.hadoop.hive.metastore.ObjectStore@3841c62c from thread id: 662
2024-04-24T08:11:10,939 ERROR [HiveServer2-Background-Pool: Thread-662] metastore.RetryingHMSHandler: AlreadyExistsException(message:Database test already exists)
	at org.apache.hadoop.hive.metastore.HMSHandler.create_database(HMSHandler.java:1472)
	at sun.reflect.NativeMethodAccessorImpl.invoke0(Native Method)
	at sun.reflect.NativeMethodAccessorImpl.invoke(NativeMethodAccessorImpl.java:62)
	at sun.reflect.DelegatingMethodAccessorImpl.invoke(DelegatingMethodAccessorImpl.java:43)
	at java.lang.reflect.Method.invoke(Method.java:498)
	at org.apache.hadoop.hive.metastore.RetryingHMSHandler.invokeInternal(RetryingHMSHandler.java:147)
	at org.apache.hadoop.hive.metastore.RetryingHMSHandler.invoke(RetryingHMSHandler.java:108)
	at com.sun.proxy.$Proxy40.create_database(Unknown Source)
	at org.apache.hadoop.hive.metastore.HiveMetaStoreClient.createDatabase(HiveMetaStoreClient.java:1151)
	at sun.reflect.NativeMethodAccessorImpl.invoke0(Native Method)
	at sun.reflect.NativeMethodAccessorImpl.invoke(NativeMethodAccessorImpl.java:62)
	at sun.reflect.DelegatingMethodAccessorImpl.invoke(DelegatingMethodAccessorImpl.java:43)
	at java.lang.reflect.Method.invoke(Method.java:498)
	at org.apache.hadoop.hive.metastore.RetryingMetaStoreClient.invoke(RetryingMetaStoreClient.java:218)
	at com.sun.proxy.$Proxy41.createDatabase(Unknown Source)
	at org.apache.hadoop.hive.ql.metadata.Hive.createDatabase(Hive.java:605)
	at org.apache.hadoop.hive.ql.ddl.database.create.CreateDatabaseOperation.execute(CreateDatabaseOperation.java:68)
	at org.apache.hadoop.hive.ql.ddl.DDLTask.execute(DDLTask.java:84)
	at org.apache.hadoop.hive.ql.exec.Task.executeTask(Task.java:212)
	at org.apache.hadoop.hive.ql.exec.TaskRunner.runSequential(TaskRunner.java:105)
	at org.apache.hadoop.hive.ql.Executor.launchTask(Executor.java:361)
	at org.apache.hadoop.hive.ql.Executor.launchTasks(Executor.java:334)
	at org.apache.hadoop.hive.ql.Executor.runTasks(Executor.java:245)
	at org.apache.hadoop.hive.ql.Executor.execute(Executor.java:108)
	at org.apache.hadoop.hive.ql.Driver.execute(Driver.java:348)
	at org.apache.hadoop.hive.ql.Driver.runInternal(Driver.java:204)
	at org.apache.hadoop.hive.ql.Driver.run(Driver.java:153)
	at org.apache.hadoop.hive.ql.Driver.run(Driver.java:148)
	at org.apache.hadoop.hive.ql.reexec.ReExecDriver.run(ReExecDriver.java:164)
	at org.apache.hive.service.cli.operation.SQLOperation.runQuery(SQLOperation.java:233)
	at org.apache.hive.service.cli.operation.SQLOperation.access$500(SQLOperation.java:88)
	at org.apache.hive.service.cli.operation.SQLOperation$BackgroundWork$1.run(SQLOperation.java:336)
	at java.security.AccessController.doPrivileged(Native Method)
	at javax.security.auth.Subject.doAs(Subject.java:422)
	at org.apache.hadoop.security.UserGroupInformation.doAs(UserGroupInformation.java:1682)
	at org.apache.hive.service.cli.operation.SQLOperation$BackgroundWork.run(SQLOperation.java:356)
	at java.util.concurrent.Executors$RunnableAdapter.call(Executors.java:511)
	at java.util.concurrent.FutureTask.run(FutureTask.java:266)
	at java.util.concurrent.ThreadPoolExecutor.runWorker(ThreadPoolExecutor.java:1149)
	at java.util.concurrent.ThreadPoolExecutor$Worker.run(ThreadPoolExecutor.java:624)
	at java.lang.Thread.run(Thread.java:750)

2024-04-24T08:11:10,940  INFO [HiveServer2-Background-Pool: Thread-662] metadata.Hive: Dumping metastore api call timing information for : execution phase
2024-04-24T08:11:10,940  INFO [HiveServer2-Background-Pool: Thread-662] metadata.Hive: Total time spent in each metastore function (ms): {isCompatibleWith_(Configuration)=0}
2024-04-24T08:11:10,940  INFO [HiveServer2-Background-Pool: Thread-662] ql.Driver: Completed executing command(queryId=alex_20240424081110_985cfbf4-1fed-465f-a83c-b5419e177203); Time taken: 0.015 seconds
2024-04-24T08:11:10,942  INFO [HiveServer2-Background-Pool: Thread-662] common.LogUtils: Unregistered logging context.
2024-04-24T08:11:10,947  INFO [db2cb808-2236-47e3-a5e8-c167dcb4d923 main] operation.OperationManager: Closing operation: OperationHandle [opType=EXECUTE_STATEMENT, getHandleIdentifier()=35e77f84-61b7-4d38-b685-eb792b7ad417]
2024-04-24T08:11:10,947  INFO [db2cb808-2236-47e3-a5e8-c167dcb4d923 main] operation.OperationManager: Removed queryId: alex_20240424081110_985cfbf4-1fed-465f-a83c-b5419e177203 corresponding to operation: OperationHandle [opType=EXECUTE_STATEMENT, getHandleIdentifier()=35e77f84-61b7-4d38-b685-eb792b7ad417] with tag: null
2024-04-24T08:11:10,947  INFO [db2cb808-2236-47e3-a5e8-c167dcb4d923 main] operation.SQLOperation: Closing operation log /home/alex/Repositories/hive/beeline/target/tmp/alex/operation_logs/db2cb808-2236-47e3-a5e8-c167dcb4d923/alex_20240424081110_985cfbf4-1fed-465f-a83c-b5419e177203 without delay
2024-04-24T08:11:10,964  INFO [db2cb808-2236-47e3-a5e8-c167dcb4d923 main] session.HiveSessionImpl: executing create table if not exists test.testTbl(a string, b string)
2024-04-24T08:11:10,965  INFO [db2cb808-2236-47e3-a5e8-c167dcb4d923 main] operation.OperationManager: Adding operation: OperationHandle [opType=EXECUTE_STATEMENT, getHandleIdentifier()=e2791e09-51de-43e6-b77b-03f58a18dfe9] SessionHandle [db2cb808-2236-47e3-a5e8-c167dcb4d923]
2024-04-24T08:11:10,965  INFO [db2cb808-2236-47e3-a5e8-c167dcb4d923 main] common.LogUtils: Thread context registration is done.
DEBUG StatusLogger Building Plugin[name=filter, class=org.apache.hadoop.hive.ql.log.LogDivertAppender$NameFilter].
DEBUG StatusLogger createFilter(loggingLevel="EXECUTION")
DEBUG StatusLogger Building Plugin[name=layout, class=org.apache.logging.log4j.core.layout.PatternLayout].
DEBUG StatusLogger PatternLayout$Builder(header="null", alwaysWriteExceptions="null", Configuration(HiveLog4j2Test), noConsoleNoAnsi="null", disableAnsi="null", charset="null", footer="null", Replace=null, pattern="%-5p : %m%n", PatternSelector=null)
DEBUG StatusLogger Building Plugin[name=appender, class=org.apache.hadoop.hive.ql.log.HushableRandomAccessFileAppender].
DEBUG StatusLogger createAppender(fileName="/home/alex/Repositories/hive/beeline/target/tmp/alex/operation_logs/db2cb808-2236-47e3-a5e8-c167dcb4d923/alex_20240424081110_0ca5b934-bf49-45f1-aa82-756cabe76fef", append="null", name="query-file-appender", immediateFlush="null", bufferSize="null", ignoreExceptions="null", PatternLayout(org.apache.logging.log4j.core.layout.PatternLayout with name PatternLayout), NameFilter(org.apache.hadoop.hive.ql.log.LogDivertAppender$NameFilter with name NameFilter), advertise="null", advertiseURI="null", Configuration(HiveLog4j2Test))
DEBUG StatusLogger Starting RandomAccessFileManager /home/alex/Repositories/hive/beeline/target/tmp/alex/operation_logs/db2cb808-2236-47e3-a5e8-c167dcb4d923/alex_20240424081110_0ca5b934-bf49-45f1-aa82-756cabe76fef
DEBUG StatusLogger Building Plugin[name=, class=org.apache.hadoop.hive.ql.log.LogDivertAppenderForTest$TestFilter].
DEBUG StatusLogger createFilter()
DEBUG StatusLogger Building Plugin[name=, class=org.apache.logging.log4j.core.layout.PatternLayout].
DEBUG StatusLogger PatternLayout$Builder(footer="null", PatternSelector=null, charset="null", Replace=null, disableAnsi="null", noConsoleNoAnsi="null", pattern="%-5p : %m%n", header="null", alwaysWriteExceptions="null", Configuration(HiveLog4j2Test))
DEBUG StatusLogger Building Plugin[name=appender, class=org.apache.hadoop.hive.ql.log.HushableRandomAccessFileAppender].
DEBUG StatusLogger createAppender(fileName="/home/alex/Repositories/hive/beeline/target/tmp/alex/operation_logs/db2cb808-2236-47e3-a5e8-c167dcb4d923/alex_20240424081110_0ca5b934-bf49-45f1-aa82-756cabe76fef.test", append="null", name="test-query-file-appender", immediateFlush="null", bufferSize="null", ignoreExceptions="null", PatternLayout(org.apache.logging.log4j.core.layout.PatternLayout with name PatternLayout), test-filter(org.apache.hadoop.hive.ql.log.LogDivertAppenderForTest$TestFilter with name test-filter), advertise="null", advertiseURI="null", Configuration(HiveLog4j2Test))
DEBUG StatusLogger Starting RandomAccessFileManager /home/alex/Repositories/hive/beeline/target/tmp/alex/operation_logs/db2cb808-2236-47e3-a5e8-c167dcb4d923/alex_20240424081110_0ca5b934-bf49-45f1-aa82-756cabe76fef.test
2024-04-24T08:11:10,975  INFO [db2cb808-2236-47e3-a5e8-c167dcb4d923 main] operation.SQLOperation: [opType=EXECUTE_STATEMENT, queryId=alex_20240424081110_0ca5b934-bf49-45f1-aa82-756cabe76fef, startTime=1713971470964, sessionId=db2cb808-2236-47e3-a5e8-c167dcb4d923, createTime=1713971470631, userName=null, ipAddress=null]
2024-04-24T08:11:10,976  INFO [db2cb808-2236-47e3-a5e8-c167dcb4d923 main] ql.Driver: Compiling command(queryId=alex_20240424081110_0ca5b934-bf49-45f1-aa82-756cabe76fef): create table if not exists test.testTbl(a string, b string)
2024-04-24T08:11:10,978  INFO [db2cb808-2236-47e3-a5e8-c167dcb4d923 main] parse.CalcitePlanner: Starting caching scope for: alex_20240424081110_0ca5b934-bf49-45f1-aa82-756cabe76fef
2024-04-24T08:11:10,978  INFO [db2cb808-2236-47e3-a5e8-c167dcb4d923 main] parse.CalcitePlanner: Starting Semantic Analysis
2024-04-24T08:11:10,978  INFO [db2cb808-2236-47e3-a5e8-c167dcb4d923 main] parse.CalcitePlanner: Creating table test.testTbl position=27
2024-04-24T08:11:10,978  INFO [db2cb808-2236-47e3-a5e8-c167dcb4d923 main] HiveMetaStore.audit: ugi=alex	ip=unknown-ip-addr	cmd=get_table : tbl=hive.test.testTbl	
2024-04-24T08:11:11,004  INFO [db2cb808-2236-47e3-a5e8-c167dcb4d923 main] parse.CalcitePlanner: Ending caching scope for: alex_20240424081110_0ca5b934-bf49-45f1-aa82-756cabe76fef
2024-04-24T08:11:11,004  INFO [db2cb808-2236-47e3-a5e8-c167dcb4d923 main] ql.Driver: Semantic Analysis Completed (retrial = false)
2024-04-24T08:11:11,005  INFO [db2cb808-2236-47e3-a5e8-c167dcb4d923 main] ql.Driver: Created Hive schema: Schema(fieldSchemas:null, properties:null)
2024-04-24T08:11:11,005  INFO [db2cb808-2236-47e3-a5e8-c167dcb4d923 main] metadata.Hive: Dumping metastore api call timing information for : compilation phase
2024-04-24T08:11:11,005  INFO [db2cb808-2236-47e3-a5e8-c167dcb4d923 main] metadata.Hive: Total time spent in each metastore function (ms): {flushCache_()=0, getTable_(GetTableRequest)=26, isCompatibleWith_(Configuration)=1}
2024-04-24T08:11:11,006  INFO [db2cb808-2236-47e3-a5e8-c167dcb4d923 main] ql.Driver: Completed compiling command(queryId=alex_20240424081110_0ca5b934-bf49-45f1-aa82-756cabe76fef); Time taken: 0.029 seconds
2024-04-24T08:11:11,007  INFO [HiveServer2-Background-Pool: Thread-665] common.LogUtils: Thread context registration is done.
2024-04-24T08:11:11,007  INFO [HiveServer2-Background-Pool: Thread-665] reexec.ReExecDriver: Execution #1 of query
2024-04-24T08:11:11,007  INFO [db2cb808-2236-47e3-a5e8-c167dcb4d923 main] common.LogUtils: Unregistered logging context.
2024-04-24T08:11:11,008  INFO [HiveServer2-Background-Pool: Thread-665] ql.Driver: Concurrency mode is disabled, not creating a lock manager
2024-04-24T08:11:11,009  INFO [HiveServer2-Background-Pool: Thread-665] ql.Driver: Executing command(queryId=alex_20240424081110_0ca5b934-bf49-45f1-aa82-756cabe76fef): create table if not exists test.testTbl(a string, b string)
2024-04-24T08:11:11,010  INFO [HiveServer2-Background-Pool: Thread-665] metadata.Hive: Dumping metastore api call timing information for : execution phase
2024-04-24T08:11:11,010  INFO [HiveServer2-Background-Pool: Thread-665] metadata.Hive: Total time spent in each metastore function (ms): {}
2024-04-24T08:11:11,010  INFO [HiveServer2-Background-Pool: Thread-665] ql.Driver: Completed executing command(queryId=alex_20240424081110_0ca5b934-bf49-45f1-aa82-756cabe76fef); Time taken: 0.001 seconds
2024-04-24T08:11:11,011  INFO [HiveServer2-Background-Pool: Thread-665] common.LogUtils: Unregistered logging context.
2024-04-24T08:11:11,013  INFO [db2cb808-2236-47e3-a5e8-c167dcb4d923 main] operation.OperationManager: Closing operation: OperationHandle [opType=EXECUTE_STATEMENT, getHandleIdentifier()=e2791e09-51de-43e6-b77b-03f58a18dfe9]
2024-04-24T08:11:11,013  INFO [db2cb808-2236-47e3-a5e8-c167dcb4d923 main] operation.OperationManager: Removed queryId: alex_20240424081110_0ca5b934-bf49-45f1-aa82-756cabe76fef corresponding to operation: OperationHandle [opType=EXECUTE_STATEMENT, getHandleIdentifier()=e2791e09-51de-43e6-b77b-03f58a18dfe9] with tag: null
2024-04-24T08:11:11,013  INFO [db2cb808-2236-47e3-a5e8-c167dcb4d923 main] operation.SQLOperation: Closing operation log /home/alex/Repositories/hive/beeline/target/tmp/alex/operation_logs/db2cb808-2236-47e3-a5e8-c167dcb4d923/alex_20240424081110_0ca5b934-bf49-45f1-aa82-756cabe76fef without delay
2024-04-24T08:11:11,019  INFO [db2cb808-2236-47e3-a5e8-c167dcb4d923 main] session.HiveSessionImpl: executing set hive.cli.print.header=true
2024-04-24T08:11:11,020  INFO [db2cb808-2236-47e3-a5e8-c167dcb4d923 main] operation.HiveCommandOperation: Putting temp output to file /home/alex/Repositories/hive/beeline/target/tmp/alex/db2cb808-2236-47e3-a5e8-c167dcb4d9233466852182424613367.pipeout and error output to file /home/alex/Repositories/hive/beeline/target/tmp/alex/db2cb808-2236-47e3-a5e8-c167dcb4d9238865153989632242079.pipeout
2024-04-24T08:11:11,020  INFO [db2cb808-2236-47e3-a5e8-c167dcb4d923 main] operation.OperationManager: Adding operation: OperationHandle [opType=EXECUTE_STATEMENT, getHandleIdentifier()=7421ce66-e7d0-4308-8ea4-786a97477877] SessionHandle [db2cb808-2236-47e3-a5e8-c167dcb4d923]
2024-04-24T08:11:11,021  INFO [db2cb808-2236-47e3-a5e8-c167dcb4d923 main] common.LogUtils: Thread context registration is done.
DEBUG StatusLogger Building Plugin[name=filter, class=org.apache.hadoop.hive.ql.log.LogDivertAppender$NameFilter].
DEBUG StatusLogger createFilter(loggingLevel="EXECUTION")
DEBUG StatusLogger Building Plugin[name=layout, class=org.apache.logging.log4j.core.layout.PatternLayout].
DEBUG StatusLogger PatternLayout$Builder(footer="null", noConsoleNoAnsi="null", Configuration(HiveLog4j2Test), alwaysWriteExceptions="null", charset="null", pattern="%-5p : %m%n", PatternSelector=null, header="null", disableAnsi="null", Replace=null)
DEBUG StatusLogger Building Plugin[name=appender, class=org.apache.hadoop.hive.ql.log.HushableRandomAccessFileAppender].
DEBUG StatusLogger createAppender(fileName="/home/alex/Repositories/hive/beeline/target/tmp/alex/operation_logs/db2cb808-2236-47e3-a5e8-c167dcb4d923/alex_20240424081111_88e240d8-0f35-46da-bc47-3b83bb59058b", append="null", name="query-file-appender", immediateFlush="null", bufferSize="null", ignoreExceptions="null", PatternLayout(org.apache.logging.log4j.core.layout.PatternLayout with name PatternLayout), NameFilter(org.apache.hadoop.hive.ql.log.LogDivertAppender$NameFilter with name NameFilter), advertise="null", advertiseURI="null", Configuration(HiveLog4j2Test))
DEBUG StatusLogger Starting RandomAccessFileManager /home/alex/Repositories/hive/beeline/target/tmp/alex/operation_logs/db2cb808-2236-47e3-a5e8-c167dcb4d923/alex_20240424081111_88e240d8-0f35-46da-bc47-3b83bb59058b
DEBUG StatusLogger Building Plugin[name=, class=org.apache.hadoop.hive.ql.log.LogDivertAppenderForTest$TestFilter].
DEBUG StatusLogger createFilter()
DEBUG StatusLogger Building Plugin[name=, class=org.apache.logging.log4j.core.layout.PatternLayout].
DEBUG StatusLogger PatternLayout$Builder(Replace=null, Configuration(HiveLog4j2Test), pattern="%-5p : %m%n", disableAnsi="null", PatternSelector=null, charset="null", alwaysWriteExceptions="null", footer="null", header="null", noConsoleNoAnsi="null")
DEBUG StatusLogger Building Plugin[name=appender, class=org.apache.hadoop.hive.ql.log.HushableRandomAccessFileAppender].
DEBUG StatusLogger createAppender(fileName="/home/alex/Repositories/hive/beeline/target/tmp/alex/operation_logs/db2cb808-2236-47e3-a5e8-c167dcb4d923/alex_20240424081111_88e240d8-0f35-46da-bc47-3b83bb59058b.test", append="null", name="test-query-file-appender", immediateFlush="null", bufferSize="null", ignoreExceptions="null", PatternLayout(org.apache.logging.log4j.core.layout.PatternLayout with name PatternLayout), test-filter(org.apache.hadoop.hive.ql.log.LogDivertAppenderForTest$TestFilter with name test-filter), advertise="null", advertiseURI="null", Configuration(HiveLog4j2Test))
DEBUG StatusLogger Starting RandomAccessFileManager /home/alex/Repositories/hive/beeline/target/tmp/alex/operation_logs/db2cb808-2236-47e3-a5e8-c167dcb4d923/alex_20240424081111_88e240d8-0f35-46da-bc47-3b83bb59058b.test
2024-04-24T08:11:11,029  INFO [db2cb808-2236-47e3-a5e8-c167dcb4d923 main] operation.HiveCommandOperation: [opType=EXECUTE_STATEMENT, queryId=alex_20240424081111_88e240d8-0f35-46da-bc47-3b83bb59058b, startTime=1713971471019, sessionId=db2cb808-2236-47e3-a5e8-c167dcb4d923, createTime=1713971470631, userName=null, ipAddress=null]
2024-04-24T08:11:11,030  INFO [db2cb808-2236-47e3-a5e8-c167dcb4d923 main] common.LogUtils: Unregistered logging context.
2024-04-24T08:11:11,032  INFO [db2cb808-2236-47e3-a5e8-c167dcb4d923 main] operation.OperationManager: Closing operation: OperationHandle [opType=EXECUTE_STATEMENT, getHandleIdentifier()=7421ce66-e7d0-4308-8ea4-786a97477877]
2024-04-24T08:11:11,032  INFO [db2cb808-2236-47e3-a5e8-c167dcb4d923 main] operation.OperationManager: Removed queryId: alex_20240424081111_88e240d8-0f35-46da-bc47-3b83bb59058b corresponding to operation: OperationHandle [opType=EXECUTE_STATEMENT, getHandleIdentifier()=7421ce66-e7d0-4308-8ea4-786a97477877] with tag: null
2024-04-24T08:11:11,032  INFO [db2cb808-2236-47e3-a5e8-c167dcb4d923 main] operation.HiveCommandOperation: Closing operation log /home/alex/Repositories/hive/beeline/target/tmp/alex/operation_logs/db2cb808-2236-47e3-a5e8-c167dcb4d923/alex_20240424081111_88e240d8-0f35-46da-bc47-3b83bb59058b without delay
2024-04-24T08:11:11,093  WARN [main] conf.HiveConf: HiveConf of name hive.dummyparam.test.server.specific.config.hiveserver2site does not exist
2024-04-24T08:11:11,093  WARN [main] conf.HiveConf: HiveConf of name hive.dummyparam.test.server.specific.config.override does not exist
2024-04-24T08:11:11,093  WARN [main] conf.HiveConf: HiveConf of name hive.dummyparam.test.server.specific.config.metastoresite does not exist
2024-04-24T08:11:11,093  INFO [db2cb808-2236-47e3-a5e8-c167dcb4d923 main] session.HiveSessionImpl: executing set
2024-04-24T08:11:11,095  INFO [db2cb808-2236-47e3-a5e8-c167dcb4d923 main] operation.HiveCommandOperation: Putting temp output to file /home/alex/Repositories/hive/beeline/target/tmp/alex/db2cb808-2236-47e3-a5e8-c167dcb4d9233466852182424613367.pipeout and error output to file /home/alex/Repositories/hive/beeline/target/tmp/alex/db2cb808-2236-47e3-a5e8-c167dcb4d9238865153989632242079.pipeout
2024-04-24T08:11:11,095  INFO [db2cb808-2236-47e3-a5e8-c167dcb4d923 main] operation.OperationManager: Adding operation: OperationHandle [opType=EXECUTE_STATEMENT, getHandleIdentifier()=cd112a71-28a2-4d39-af8b-91d309f50179] SessionHandle [db2cb808-2236-47e3-a5e8-c167dcb4d923]
2024-04-24T08:11:11,095  INFO [db2cb808-2236-47e3-a5e8-c167dcb4d923 main] common.LogUtils: Thread context registration is done.
DEBUG StatusLogger Building Plugin[name=filter, class=org.apache.hadoop.hive.ql.log.LogDivertAppender$NameFilter].
DEBUG StatusLogger createFilter(loggingLevel="EXECUTION")
DEBUG StatusLogger Building Plugin[name=layout, class=org.apache.logging.log4j.core.layout.PatternLayout].
DEBUG StatusLogger PatternLayout$Builder(alwaysWriteExceptions="null", footer="null", Configuration(HiveLog4j2Test), noConsoleNoAnsi="null", PatternSelector=null, pattern="%-5p : %m%n", Replace=null, charset="null", header="null", disableAnsi="null")
DEBUG StatusLogger Building Plugin[name=appender, class=org.apache.hadoop.hive.ql.log.HushableRandomAccessFileAppender].
DEBUG StatusLogger createAppender(fileName="/home/alex/Repositories/hive/beeline/target/tmp/alex/operation_logs/db2cb808-2236-47e3-a5e8-c167dcb4d923/alex_20240424081111_932ca374-775a-43ca-967b-555a8ddca8a3", append="null", name="query-file-appender", immediateFlush="null", bufferSize="null", ignoreExceptions="null", PatternLayout(org.apache.logging.log4j.core.layout.PatternLayout with name PatternLayout), NameFilter(org.apache.hadoop.hive.ql.log.LogDivertAppender$NameFilter with name NameFilter), advertise="null", advertiseURI="null", Configuration(HiveLog4j2Test))
DEBUG StatusLogger Starting RandomAccessFileManager /home/alex/Repositories/hive/beeline/target/tmp/alex/operation_logs/db2cb808-2236-47e3-a5e8-c167dcb4d923/alex_20240424081111_932ca374-775a-43ca-967b-555a8ddca8a3
DEBUG StatusLogger Building Plugin[name=, class=org.apache.hadoop.hive.ql.log.LogDivertAppenderForTest$TestFilter].
DEBUG StatusLogger createFilter()
DEBUG StatusLogger Building Plugin[name=, class=org.apache.logging.log4j.core.layout.PatternLayout].
DEBUG StatusLogger PatternLayout$Builder(PatternSelector=null, footer="null", alwaysWriteExceptions="null", noConsoleNoAnsi="null", Configuration(HiveLog4j2Test), Replace=null, header="null", disableAnsi="null", pattern="%-5p : %m%n", charset="null")
DEBUG StatusLogger Building Plugin[name=appender, class=org.apache.hadoop.hive.ql.log.HushableRandomAccessFileAppender].
DEBUG StatusLogger createAppender(fileName="/home/alex/Repositories/hive/beeline/target/tmp/alex/operation_logs/db2cb808-2236-47e3-a5e8-c167dcb4d923/alex_20240424081111_932ca374-775a-43ca-967b-555a8ddca8a3.test", append="null", name="test-query-file-appender", immediateFlush="null", bufferSize="null", ignoreExceptions="null", PatternLayout(org.apache.logging.log4j.core.layout.PatternLayout with name PatternLayout), test-filter(org.apache.hadoop.hive.ql.log.LogDivertAppenderForTest$TestFilter with name test-filter), advertise="null", advertiseURI="null", Configuration(HiveLog4j2Test))
DEBUG StatusLogger Starting RandomAccessFileManager /home/alex/Repositories/hive/beeline/target/tmp/alex/operation_logs/db2cb808-2236-47e3-a5e8-c167dcb4d923/alex_20240424081111_932ca374-775a-43ca-967b-555a8ddca8a3.test
2024-04-24T08:11:11,109  INFO [db2cb808-2236-47e3-a5e8-c167dcb4d923 main] operation.HiveCommandOperation: [opType=EXECUTE_STATEMENT, queryId=alex_20240424081111_932ca374-775a-43ca-967b-555a8ddca8a3, startTime=1713971471094, sessionId=db2cb808-2236-47e3-a5e8-c167dcb4d923, createTime=1713971470631, userName=null, ipAddress=null]
2024-04-24T08:11:11,227  INFO [db2cb808-2236-47e3-a5e8-c167dcb4d923 main] common.LogUtils: Unregistered logging context.
2024-04-24T08:11:11,230  INFO [db2cb808-2236-47e3-a5e8-c167dcb4d923 main] operation.OperationManager: Closing operation: OperationHandle [opType=EXECUTE_STATEMENT, getHandleIdentifier()=cd112a71-28a2-4d39-af8b-91d309f50179]
2024-04-24T08:11:11,230  INFO [db2cb808-2236-47e3-a5e8-c167dcb4d923 main] operation.OperationManager: Removed queryId: alex_20240424081111_932ca374-775a-43ca-967b-555a8ddca8a3 corresponding to operation: OperationHandle [opType=EXECUTE_STATEMENT, getHandleIdentifier()=cd112a71-28a2-4d39-af8b-91d309f50179] with tag: null
2024-04-24T08:11:11,230  INFO [db2cb808-2236-47e3-a5e8-c167dcb4d923 main] operation.HiveCommandOperation: Closing operation log /home/alex/Repositories/hive/beeline/target/tmp/alex/operation_logs/db2cb808-2236-47e3-a5e8-c167dcb4d923/alex_20240424081111_932ca374-775a-43ca-967b-555a8ddca8a3 without delay
2024-04-24T08:11:11,237  INFO [db2cb808-2236-47e3-a5e8-c167dcb4d923 main] session.HiveSessionImpl: executing select * from test.testTbl
2024-04-24T08:11:11,239  INFO [db2cb808-2236-47e3-a5e8-c167dcb4d923 main] operation.OperationManager: Adding operation: OperationHandle [opType=EXECUTE_STATEMENT, getHandleIdentifier()=f51001d0-37e7-473c-803a-dfa9b52d8e6d] SessionHandle [db2cb808-2236-47e3-a5e8-c167dcb4d923]
2024-04-24T08:11:11,239  INFO [db2cb808-2236-47e3-a5e8-c167dcb4d923 main] common.LogUtils: Thread context registration is done.
DEBUG StatusLogger Building Plugin[name=filter, class=org.apache.hadoop.hive.ql.log.LogDivertAppender$NameFilter].
DEBUG StatusLogger createFilter(loggingLevel="EXECUTION")
DEBUG StatusLogger Building Plugin[name=layout, class=org.apache.logging.log4j.core.layout.PatternLayout].
DEBUG StatusLogger PatternLayout$Builder(charset="null", PatternSelector=null, alwaysWriteExceptions="null", Replace=null, header="null", noConsoleNoAnsi="null", footer="null", Configuration(HiveLog4j2Test), disableAnsi="null", pattern="%-5p : %m%n")
DEBUG StatusLogger Building Plugin[name=appender, class=org.apache.hadoop.hive.ql.log.HushableRandomAccessFileAppender].
DEBUG StatusLogger createAppender(fileName="/home/alex/Repositories/hive/beeline/target/tmp/alex/operation_logs/db2cb808-2236-47e3-a5e8-c167dcb4d923/alex_20240424081111_e6aee4a8-e73a-4ba5-a86e-e406274b3c89", append="null", name="query-file-appender", immediateFlush="null", bufferSize="null", ignoreExceptions="null", PatternLayout(org.apache.logging.log4j.core.layout.PatternLayout with name PatternLayout), NameFilter(org.apache.hadoop.hive.ql.log.LogDivertAppender$NameFilter with name NameFilter), advertise="null", advertiseURI="null", Configuration(HiveLog4j2Test))
DEBUG StatusLogger Starting RandomAccessFileManager /home/alex/Repositories/hive/beeline/target/tmp/alex/operation_logs/db2cb808-2236-47e3-a5e8-c167dcb4d923/alex_20240424081111_e6aee4a8-e73a-4ba5-a86e-e406274b3c89
DEBUG StatusLogger Building Plugin[name=, class=org.apache.hadoop.hive.ql.log.LogDivertAppenderForTest$TestFilter].
DEBUG StatusLogger createFilter()
DEBUG StatusLogger Building Plugin[name=, class=org.apache.logging.log4j.core.layout.PatternLayout].
DEBUG StatusLogger PatternLayout$Builder(Configuration(HiveLog4j2Test), alwaysWriteExceptions="null", noConsoleNoAnsi="null", Replace=null, header="null", disableAnsi="null", pattern="%-5p : %m%n", footer="null", charset="null", PatternSelector=null)
DEBUG StatusLogger Building Plugin[name=appender, class=org.apache.hadoop.hive.ql.log.HushableRandomAccessFileAppender].
DEBUG StatusLogger createAppender(fileName="/home/alex/Repositories/hive/beeline/target/tmp/alex/operation_logs/db2cb808-2236-47e3-a5e8-c167dcb4d923/alex_20240424081111_e6aee4a8-e73a-4ba5-a86e-e406274b3c89.test", append="null", name="test-query-file-appender", immediateFlush="null", bufferSize="null", ignoreExceptions="null", PatternLayout(org.apache.logging.log4j.core.layout.PatternLayout with name PatternLayout), test-filter(org.apache.hadoop.hive.ql.log.LogDivertAppenderForTest$TestFilter with name test-filter), advertise="null", advertiseURI="null", Configuration(HiveLog4j2Test))
DEBUG StatusLogger Starting RandomAccessFileManager /home/alex/Repositories/hive/beeline/target/tmp/alex/operation_logs/db2cb808-2236-47e3-a5e8-c167dcb4d923/alex_20240424081111_e6aee4a8-e73a-4ba5-a86e-e406274b3c89.test
2024-04-24T08:11:11,252  INFO [db2cb808-2236-47e3-a5e8-c167dcb4d923 main] operation.SQLOperation: [opType=EXECUTE_STATEMENT, queryId=alex_20240424081111_e6aee4a8-e73a-4ba5-a86e-e406274b3c89, startTime=1713971471237, sessionId=db2cb808-2236-47e3-a5e8-c167dcb4d923, createTime=1713971470631, userName=null, ipAddress=null]
2024-04-24T08:11:11,253  INFO [db2cb808-2236-47e3-a5e8-c167dcb4d923 main] ql.Driver: Compiling command(queryId=alex_20240424081111_e6aee4a8-e73a-4ba5-a86e-e406274b3c89): select * from test.testTbl
2024-04-24T08:11:11,258  INFO [db2cb808-2236-47e3-a5e8-c167dcb4d923 main] parse.CalcitePlanner: Starting caching scope for: alex_20240424081111_e6aee4a8-e73a-4ba5-a86e-e406274b3c89
2024-04-24T08:11:11,258  INFO [db2cb808-2236-47e3-a5e8-c167dcb4d923 main] parse.CalcitePlanner: Starting Semantic Analysis
2024-04-24T08:11:11,263  INFO [db2cb808-2236-47e3-a5e8-c167dcb4d923 main] parse.CalcitePlanner: Completed phase 1 of Semantic Analysis
2024-04-24T08:11:11,264  INFO [db2cb808-2236-47e3-a5e8-c167dcb4d923 main] parse.CalcitePlanner: Get metadata for source tables
2024-04-24T08:11:11,264  INFO [db2cb808-2236-47e3-a5e8-c167dcb4d923 main] HiveMetaStore.audit: ugi=alex	ip=unknown-ip-addr	cmd=get_table : tbl=hive.test.testtbl	
2024-04-24T08:11:11,295  INFO [db2cb808-2236-47e3-a5e8-c167dcb4d923 main] parse.CalcitePlanner: Get metadata for subqueries
2024-04-24T08:11:11,295  INFO [db2cb808-2236-47e3-a5e8-c167dcb4d923 main] parse.CalcitePlanner: Get metadata for destination tables
2024-04-24T08:11:11,306  INFO [db2cb808-2236-47e3-a5e8-c167dcb4d923 main] parse.CalcitePlanner: Completed getting MetaData in Semantic Analysis
2024-04-24T08:11:11,921  INFO [Finalizer] metastore.ObjectStore: RawStore: org.apache.hadoop.hive.metastore.ObjectStore@6f14d71a, with PersistenceManager: org.datanucleus.api.jdo.JDOPersistenceManager@2a16549c will be shutdown
2024-04-24T08:11:11,921  INFO [Finalizer] metastore.ObjectStore: RawStore: org.apache.hadoop.hive.metastore.ObjectStore@2cffcc0c, with PersistenceManager: org.datanucleus.api.jdo.JDOPersistenceManager@1d60c505 will be shutdown
2024-04-24T08:11:13,104  INFO [db2cb808-2236-47e3-a5e8-c167dcb4d923 main] HiveMetaStore.audit: ugi=alex	ip=unknown-ip-addr	cmd=get_all_table_constraints : tbl=hive.test.testtbl	
2024-04-24T08:11:13,724  INFO [db2cb808-2236-47e3-a5e8-c167dcb4d923 main] calcite.RelOptHiveTable: Calculating column statistics for test.testtbl, projIndxSet: [0, 1], allowMissingStats: true
2024-04-24T08:11:13,740  INFO [db2cb808-2236-47e3-a5e8-c167dcb4d923 main] HiveMetaStore.audit: ugi=alex	ip=unknown-ip-addr	cmd=get_table_statistics_req: table=hive.test.testtbl	
2024-04-24T08:11:13,777  WARN [db2cb808-2236-47e3-a5e8-c167dcb4d923 main] calcite.RelOptHiveTable: No Stats for test@testtbl, Columns: a, b
2024-04-24T08:11:13,777  INFO [db2cb808-2236-47e3-a5e8-c167dcb4d923 main] SessionState: No Stats for test@testtbl, Columns: a, b
2024-04-24T08:11:13,940  INFO [db2cb808-2236-47e3-a5e8-c167dcb4d923 main] parse.CalcitePlanner: Get metadata for source tables
2024-04-24T08:11:13,941  INFO [db2cb808-2236-47e3-a5e8-c167dcb4d923 main] parse.CalcitePlanner: Get metadata for subqueries
2024-04-24T08:11:13,941  INFO [db2cb808-2236-47e3-a5e8-c167dcb4d923 main] parse.CalcitePlanner: Get metadata for destination tables
2024-04-24T08:11:13,964  INFO [db2cb808-2236-47e3-a5e8-c167dcb4d923 main] common.FileUtils: Creating directory if it doesn't exist: file:/home/alex/Repositories/hive/beeline/target/tmp/alex/db2cb808-2236-47e3-a5e8-c167dcb4d923/hive_2024-04-24_08-11-11_253_3606200918954733316-1/-mr-10001/.hive-staging_hive_2024-04-24_08-11-11_253_3606200918954733316-1
2024-04-24T08:11:13,986  INFO [db2cb808-2236-47e3-a5e8-c167dcb4d923 main] parse.CalcitePlanner: CBO Succeeded; optimized logical plan.
2024-04-24T08:11:14,116  INFO [db2cb808-2236-47e3-a5e8-c167dcb4d923 main] optimizer.BucketVersionPopulator: not considering bucketingVersion for: TS[0] because it has -1<2 buckets 
2024-04-24T08:11:14,145  INFO [db2cb808-2236-47e3-a5e8-c167dcb4d923 main] parse.CalcitePlanner: Completed plan generation
2024-04-24T08:11:14,145  INFO [db2cb808-2236-47e3-a5e8-c167dcb4d923 main] parse.CalcitePlanner: Ending caching scope for: alex_20240424081111_e6aee4a8-e73a-4ba5-a86e-e406274b3c89
2024-04-24T08:11:14,145  INFO [db2cb808-2236-47e3-a5e8-c167dcb4d923 main] ql.Driver: Semantic Analysis Completed (retrial = false)
2024-04-24T08:11:14,145  INFO [db2cb808-2236-47e3-a5e8-c167dcb4d923 main] ql.Driver: Created Hive schema: Schema(fieldSchemas:[FieldSchema(name:testtbl.a, type:string, comment:null), FieldSchema(name:testtbl.b, type:string, comment:null)], properties:null)
2024-04-24T08:11:14,152  INFO [db2cb808-2236-47e3-a5e8-c167dcb4d923 main] exec.TableScanOperator: Initializing Operator: TS[0]
2024-04-24T08:11:14,154  INFO [db2cb808-2236-47e3-a5e8-c167dcb4d923 main] exec.SelectOperator: Initializing Operator: SEL[1]
2024-04-24T08:11:14,166  INFO [db2cb808-2236-47e3-a5e8-c167dcb4d923 main] exec.SelectOperator: SELECT struct<a:string,b:string>
2024-04-24T08:11:14,166  INFO [db2cb808-2236-47e3-a5e8-c167dcb4d923 main] exec.ListSinkOperator: Initializing Operator: LIST_SINK[3]
2024-04-24T08:11:14,166  INFO [db2cb808-2236-47e3-a5e8-c167dcb4d923 main] metadata.Hive: Dumping metastore api call timing information for : compilation phase
2024-04-24T08:11:14,167  INFO [db2cb808-2236-47e3-a5e8-c167dcb4d923 main] metadata.Hive: Total time spent in each metastore function (ms): {getAllTableConstraints_(AllTableConstraintsRequest)=95, flushCache_()=0, getTableColumnStatistics_(String, String, List, String)=33, getTable_(GetTableRequest)=27, isCompatibleWith_(Configuration)=1}
2024-04-24T08:11:14,167  INFO [db2cb808-2236-47e3-a5e8-c167dcb4d923 main] ql.Driver: Completed compiling command(queryId=alex_20240424081111_e6aee4a8-e73a-4ba5-a86e-e406274b3c89); Time taken: 2.913 seconds
2024-04-24T08:11:14,175  INFO [db2cb808-2236-47e3-a5e8-c167dcb4d923 main] common.LogUtils: Unregistered logging context.
2024-04-24T08:11:14,180  INFO [HiveServer2-Background-Pool: Thread-671] common.LogUtils: Thread context registration is done.
2024-04-24T08:11:14,181  INFO [HiveServer2-Background-Pool: Thread-671] reexec.ReExecDriver: Execution #1 of query
2024-04-24T08:11:14,181  INFO [HiveServer2-Background-Pool: Thread-671] ql.Driver: Concurrency mode is disabled, not creating a lock manager
2024-04-24T08:11:14,182  INFO [HiveServer2-Background-Pool: Thread-671] ql.Driver: Executing command(queryId=alex_20240424081111_e6aee4a8-e73a-4ba5-a86e-e406274b3c89): select * from test.testTbl
2024-04-24T08:11:14,183  INFO [HiveServer2-Background-Pool: Thread-671] metadata.Hive: Dumping metastore api call timing information for : execution phase
2024-04-24T08:11:14,183  INFO [HiveServer2-Background-Pool: Thread-671] metadata.Hive: Total time spent in each metastore function (ms): {}
2024-04-24T08:11:14,184  INFO [HiveServer2-Background-Pool: Thread-671] ql.Driver: Completed executing command(queryId=alex_20240424081111_e6aee4a8-e73a-4ba5-a86e-e406274b3c89); Time taken: 0.001 seconds
2024-04-24T08:11:14,185  INFO [HiveServer2-Background-Pool: Thread-671] common.LogUtils: Unregistered logging context.
2024-04-24T08:11:14,204  INFO [db2cb808-2236-47e3-a5e8-c167dcb4d923 main] operation.OperationManager: Closing operation: OperationHandle [opType=EXECUTE_STATEMENT, getHandleIdentifier()=f51001d0-37e7-473c-803a-dfa9b52d8e6d]
2024-04-24T08:11:14,204  INFO [db2cb808-2236-47e3-a5e8-c167dcb4d923 main] operation.OperationManager: Removed queryId: alex_20240424081111_e6aee4a8-e73a-4ba5-a86e-e406274b3c89 corresponding to operation: OperationHandle [opType=EXECUTE_STATEMENT, getHandleIdentifier()=f51001d0-37e7-473c-803a-dfa9b52d8e6d] with tag: null
2024-04-24T08:11:14,205  INFO [db2cb808-2236-47e3-a5e8-c167dcb4d923 main] ql.Context: Deleting scratch dir: file:/home/alex/Repositories/hive/beeline/target/tmp/alex/db2cb808-2236-47e3-a5e8-c167dcb4d923/hive_2024-04-24_08-11-11_253_3606200918954733316-1
2024-04-24T08:11:14,205  INFO [EventualCleanupService thread 0] cleanup.EventualCleanupService: Deleted file:/home/alex/Repositories/hive/beeline/target/tmp/alex/db2cb808-2236-47e3-a5e8-c167dcb4d923/hive_2024-04-24_08-11-11_253_3606200918954733316-1
2024-04-24T08:11:14,205  INFO [db2cb808-2236-47e3-a5e8-c167dcb4d923 main] cleanup.EventualCleanupService: Delete file:/home/alex/Repositories/hive/beeline/target/tmp/alex/db2cb808-2236-47e3-a5e8-c167dcb4d923/hive_2024-04-24_08-11-11_253_3606200918954733316-1 operation was queued
2024-04-24T08:11:14,206  INFO [db2cb808-2236-47e3-a5e8-c167dcb4d923 main] exec.TableScanOperator: Closing Operator: TS[0]
2024-04-24T08:11:14,206  INFO [db2cb808-2236-47e3-a5e8-c167dcb4d923 main] exec.TableScanOperator: RECORDS_OUT_INTERMEDIATE:0, RECORDS_OUT_OPERATOR_TS_0:0, 
2024-04-24T08:11:14,207  INFO [db2cb808-2236-47e3-a5e8-c167dcb4d923 main] exec.SelectOperator: Closing Operator: SEL[1]
2024-04-24T08:11:14,207  INFO [db2cb808-2236-47e3-a5e8-c167dcb4d923 main] exec.SelectOperator: RECORDS_OUT_OPERATOR_SEL_1:0, RECORDS_OUT_INTERMEDIATE:0, 
2024-04-24T08:11:14,207  INFO [db2cb808-2236-47e3-a5e8-c167dcb4d923 main] exec.ListSinkOperator: Closing Operator: LIST_SINK[3]
2024-04-24T08:11:14,207  INFO [db2cb808-2236-47e3-a5e8-c167dcb4d923 main] exec.ListSinkOperator: RECORDS_OUT_INTERMEDIATE:0, RECORDS_OUT_OPERATOR_LIST_SINK_3:0, 
2024-04-24T08:11:14,208  INFO [db2cb808-2236-47e3-a5e8-c167dcb4d923 main] operation.SQLOperation: Closing operation log /home/alex/Repositories/hive/beeline/target/tmp/alex/operation_logs/db2cb808-2236-47e3-a5e8-c167dcb4d923/alex_20240424081111_e6aee4a8-e73a-4ba5-a86e-e406274b3c89 without delay
2024-04-24T08:11:14,232  INFO [main] service.CompositeService: Session closed, SessionHandle [db2cb808-2236-47e3-a5e8-c167dcb4d923], current sessions:0
2024-04-24T08:11:14,232  INFO [db2cb808-2236-47e3-a5e8-c167dcb4d923 main] session.HiveSessionImpl: Operation log session directory is deleted: /home/alex/Repositories/hive/beeline/target/tmp/alex/operation_logs/db2cb808-2236-47e3-a5e8-c167dcb4d923
2024-04-24T08:11:14,233  INFO [main] cleanup.EventualCleanupService: Delete /tmp/hive/alex/db2cb808-2236-47e3-a5e8-c167dcb4d923 operation was queued
2024-04-24T08:11:14,233  INFO [main] cleanup.EventualCleanupService: Delete /home/alex/Repositories/hive/beeline/target/tmp/alex/db2cb808-2236-47e3-a5e8-c167dcb4d923 operation was queued
2024-04-24T08:11:14,234  INFO [EventualCleanupService thread 1] cleanup.EventualCleanupService: Deleted /tmp/hive/alex/db2cb808-2236-47e3-a5e8-c167dcb4d923
2024-04-24T08:11:14,235  INFO [EventualCleanupService thread 1] cleanup.EventualCleanupService: Deleted /home/alex/Repositories/hive/beeline/target/tmp/alex/db2cb808-2236-47e3-a5e8-c167dcb4d923
2024-04-24T08:11:14,235  INFO [main] HiveMetaStore.audit: ugi=alex	ip=unknown-ip-addr	cmd=Cleaning up thread local RawStore...	
2024-04-24T08:11:14,235  INFO [main] metastore.ObjectStore: RawStore: org.apache.hadoop.hive.metastore.ObjectStore@28db2afb, with PersistenceManager: org.datanucleus.api.jdo.JDOPersistenceManager@5c703860 will be shutdown
2024-04-24T08:11:14,236  INFO [main] HiveMetaStore.audit: ugi=alex	ip=unknown-ip-addr	cmd=Done cleaning up thread local RawStore	
2024-04-24T08:11:14,236  INFO [main] metastore.HiveMetaStoreClient: Closed a connection to metastore, current connections: -43
]]></system-err>
  </testcase>
  <testcase name="testInValidCmd" classname="org.apache.hive.beeline.cli.TestHiveCli" time="0.505"/>
  <testcase name="testSqlFromCmdWithEmbeddedQuotes" classname="org.apache.hive.beeline.cli.TestHiveCli" time="23.007">
    <failure type="java.lang.AssertionError"><![CDATA[java.lang.AssertionError: Supported return code is 0 while the actual is 1
	at org.junit.Assert.fail(Assert.java:89)
	at org.apache.hive.beeline.cli.TestHiveCli.executeCMD(TestHiveCli.java:256)
	at org.apache.hive.beeline.cli.TestHiveCli.verifyCMD(TestHiveCli.java:266)
	at org.apache.hive.beeline.cli.TestHiveCli.testSqlFromCmdWithEmbeddedQuotes(TestHiveCli.java:172)
	at sun.reflect.NativeMethodAccessorImpl.invoke0(Native Method)
	at sun.reflect.NativeMethodAccessorImpl.invoke(NativeMethodAccessorImpl.java:62)
	at sun.reflect.DelegatingMethodAccessorImpl.invoke(DelegatingMethodAccessorImpl.java:43)
	at java.lang.reflect.Method.invoke(Method.java:498)
	at org.junit.runners.model.FrameworkMethod$1.runReflectiveCall(FrameworkMethod.java:59)
	at org.junit.internal.runners.model.ReflectiveCallable.run(ReflectiveCallable.java:12)
	at org.junit.runners.model.FrameworkMethod.invokeExplosively(FrameworkMethod.java:56)
	at org.junit.internal.runners.statements.InvokeMethod.evaluate(InvokeMethod.java:17)
	at org.junit.internal.runners.statements.RunBefores.evaluate(RunBefores.java:26)
	at org.junit.internal.runners.statements.RunAfters.evaluate(RunAfters.java:27)
	at org.junit.runners.ParentRunner$3.evaluate(ParentRunner.java:306)
	at org.junit.runners.BlockJUnit4ClassRunner$1.evaluate(BlockJUnit4ClassRunner.java:100)
	at org.junit.runners.ParentRunner.runLeaf(ParentRunner.java:366)
	at org.junit.runners.BlockJUnit4ClassRunner.runChild(BlockJUnit4ClassRunner.java:103)
	at org.junit.runners.BlockJUnit4ClassRunner.runChild(BlockJUnit4ClassRunner.java:63)
	at org.junit.runners.ParentRunner$4.run(ParentRunner.java:331)
	at org.junit.runners.ParentRunner$1.schedule(ParentRunner.java:79)
	at org.junit.runners.ParentRunner.runChildren(ParentRunner.java:329)
	at org.junit.runners.ParentRunner.access$100(ParentRunner.java:66)
	at org.junit.runners.ParentRunner$2.evaluate(ParentRunner.java:293)
	at org.junit.internal.runners.statements.RunBefores.evaluate(RunBefores.java:26)
	at org.junit.runners.ParentRunner$3.evaluate(ParentRunner.java:306)
	at org.junit.runners.ParentRunner.run(ParentRunner.java:413)
	at org.junit.runner.JUnitCore.run(JUnitCore.java:137)
	at org.junit.runner.JUnitCore.run(JUnitCore.java:115)
	at org.junit.vintage.engine.execution.RunnerExecutor.execute(RunnerExecutor.java:43)
	at java.util.stream.ForEachOps$ForEachOp$OfRef.accept(ForEachOps.java:183)
	at java.util.stream.ReferencePipeline$3$1.accept(ReferencePipeline.java:193)
	at java.util.Iterator.forEachRemaining(Iterator.java:116)
	at java.util.Spliterators$IteratorSpliterator.forEachRemaining(Spliterators.java:1801)
	at java.util.stream.AbstractPipeline.copyInto(AbstractPipeline.java:482)
	at java.util.stream.AbstractPipeline.wrapAndCopyInto(AbstractPipeline.java:472)
	at java.util.stream.ForEachOps$ForEachOp.evaluateSequential(ForEachOps.java:150)
	at java.util.stream.ForEachOps$ForEachOp$OfRef.evaluateSequential(ForEachOps.java:173)
	at java.util.stream.AbstractPipeline.evaluate(AbstractPipeline.java:234)
	at java.util.stream.ReferencePipeline.forEach(ReferencePipeline.java:485)
	at org.junit.vintage.engine.VintageTestEngine.executeAllChildren(VintageTestEngine.java:82)
	at org.junit.vintage.engine.VintageTestEngine.execute(VintageTestEngine.java:73)
	at org.junit.platform.launcher.core.DefaultLauncher.execute(DefaultLauncher.java:248)
	at org.junit.platform.launcher.core.DefaultLauncher.lambda$execute$5(DefaultLauncher.java:211)
	at org.junit.platform.launcher.core.DefaultLauncher.withInterceptedStreams(DefaultLauncher.java:226)
	at org.junit.platform.launcher.core.DefaultLauncher.execute(DefaultLauncher.java:199)
	at org.junit.platform.launcher.core.DefaultLauncher.execute(DefaultLauncher.java:132)
	at org.apache.maven.surefire.junitplatform.JUnitPlatformProvider.invokeAllTests(JUnitPlatformProvider.java:154)
	at org.apache.maven.surefire.junitplatform.JUnitPlatformProvider.invoke(JUnitPlatformProvider.java:123)
	at org.apache.maven.surefire.booter.ForkedBooter.runSuitesInProcess(ForkedBooter.java:377)
	at org.apache.maven.surefire.booter.ForkedBooter.execute(ForkedBooter.java:138)
	at org.apache.maven.surefire.booter.ForkedBooter.run(ForkedBooter.java:465)
	at org.apache.maven.surefire.booter.ForkedBooter.main(ForkedBooter.java:451)
]]></failure>
    <system-err><![CDATA[2024-04-24T08:11:14,742 ERROR [main] cli.TestHiveCli: Failed to execute command due to the error: java.lang.NullPointerException: Null output stream
2024-04-24T08:11:14,806  WARN [main] conf.HiveConf: HiveConf of name hive.dummyparam.test.server.specific.config.metastoresite does not exist
2024-04-24T08:11:14,806  WARN [main] conf.HiveConf: HiveConf of name hive.dummyparam.test.server.specific.config.override does not exist
2024-04-24T08:11:14,806  WARN [main] conf.HiveConf: HiveConf of name hive.dummyparam.test.server.specific.config.hiveserver2site does not exist
2024-04-24T08:11:14,807  INFO [main] SessionState: Hive Session ID = aa079cfd-8bae-463a-9cd1-cb8acb852780
2024-04-24T08:11:14,808  INFO [main] DependencyResolver: ivysettings.xml file not found in HIVE_HOME or HIVE_CONF_DIR,/home/alex/Repositories/hive/conf/ivysettings.xml will be used
2024-04-24T08:11:14,815  INFO [main] session.SessionState: Created HDFS directory: /tmp/hive/alex/aa079cfd-8bae-463a-9cd1-cb8acb852780
2024-04-24T08:11:14,819  INFO [main] session.SessionState: Created local directory: /home/alex/Repositories/hive/beeline/target/tmp/alex/aa079cfd-8bae-463a-9cd1-cb8acb852780
2024-04-24T08:11:14,823  INFO [main] session.SessionState: Created HDFS directory: /tmp/hive/alex/aa079cfd-8bae-463a-9cd1-cb8acb852780/_tmp_space.db
2024-04-24T08:11:14,823  INFO [main] sqlstd.SQLStdHiveAccessController: Created SQLStdHiveAccessController for session context : HiveAuthzSessionContext [sessionString=aa079cfd-8bae-463a-9cd1-cb8acb852780, clientType=HIVESERVER2]
2024-04-24T08:11:14,824  INFO [main] metastore.HiveMetaStoreClient: HMS client filtering is enabled.
2024-04-24T08:11:14,825  INFO [main] metastore.HMSHandler: 0: Opening raw store with implementation class:org.apache.hadoop.hive.metastore.ObjectStore
2024-04-24T08:11:14,826  INFO [main] metastore.PersistenceManagerProvider: Configuration datanucleus.autoStartMechanismMode is not set. Defaulting to 'ignored'
2024-04-24T08:11:14,826  INFO [main] metastore.ObjectStore: RawStore: org.apache.hadoop.hive.metastore.ObjectStore@3f04fb07, with PersistenceManager: null will be shutdown
2024-04-24T08:11:14,826  INFO [main] metastore.ObjectStore: RawStore: org.apache.hadoop.hive.metastore.ObjectStore@3f04fb07, with PersistenceManager: org.datanucleus.api.jdo.JDOPersistenceManager@4718d320 created in the thread with id: 1
2024-04-24T08:11:14,829  INFO [main] metastore.HMSHandler: Created RawStore: org.apache.hadoop.hive.metastore.ObjectStore@3f04fb07 from thread id: 1
2024-04-24T08:11:14,829  INFO [main] metastore.HMSHandler: HMS server filtering is disabled by configuration
2024-04-24T08:11:14,829  INFO [main] metastore.RetryingMetaStoreClient: RetryingMetaStoreClient proxy=class org.apache.hadoop.hive.ql.metadata.SessionHiveMetaStoreClient ugi=alex (auth:SIMPLE) retries=1 delay=1 lifetime=0
2024-04-24T08:11:14,830  INFO [main] service.CompositeService: Operation log root directory is created: /home/alex/Repositories/hive/beeline/target/tmp/alex/operation_logs
2024-04-24T08:11:14,830  INFO [main] service.CompositeService: HiveServer2: Background operation thread pool size: 100
2024-04-24T08:11:14,830  INFO [main] service.CompositeService: HiveServer2: Background operation thread wait queue size: 100
2024-04-24T08:11:14,830  INFO [main] service.CompositeService: HiveServer2: Background operation thread keepalive time: 10 seconds
2024-04-24T08:11:14,830  INFO [main] service.CompositeService: Connections limit are user: 0 ipaddress: 0 user-ipaddress: 0
2024-04-24T08:11:14,833  INFO [main] cleanup.EventualCleanupService: EventualCleanupService started with 10 threads and queue of size 10000
ERROR StatusLogger Log4j2 ConfigurationScheduler attempted to increment scheduled items after start
ERROR StatusLogger Log4j2 ConfigurationScheduler attempted to increment scheduled items after start
2024-04-24T08:11:14,836  INFO [main] service.AbstractService: Service:OperationManager is inited.
2024-04-24T08:11:14,836  INFO [main] service.AbstractService: Service:SessionManager is inited.
2024-04-24T08:11:14,836  INFO [main] service.AbstractService: Service:CLIService is inited.
2024-04-24T08:11:14,836  INFO [main] service.AbstractService: Service:OperationManager is started.
2024-04-24T08:11:14,836  INFO [main] service.AbstractService: Service:SessionManager is started.
2024-04-24T08:11:14,836  INFO [main] service.AbstractService: Service:CLIService is started.
2024-04-24T08:11:14,836  INFO [main] service.AbstractService: Service:ThriftBinaryCLIService is inited.
2024-04-24T08:11:14,836  INFO [main] thrift.ThriftCLIService: Client protocol version: HIVE_CLI_SERVICE_PROTOCOL_V10
2024-04-24T08:11:14,836  INFO [main] thrift.ThriftCLIService: Creating Hive session handle for user [null] from IP null
2024-04-24T08:11:14,838  INFO [main] DependencyResolver: ivysettings.xml file not found in HIVE_HOME or HIVE_CONF_DIR,/home/alex/Repositories/hive/conf/ivysettings.xml will be used
2024-04-24T08:11:14,845  INFO [main] session.SessionState: Created HDFS directory: /tmp/hive/alex/0b727f0c-e0db-43c4-806f-fe8ec9fbc10b
2024-04-24T08:11:14,850  INFO [main] session.SessionState: Created local directory: /home/alex/Repositories/hive/beeline/target/tmp/alex/0b727f0c-e0db-43c4-806f-fe8ec9fbc10b
2024-04-24T08:11:14,853  INFO [main] session.SessionState: Created HDFS directory: /tmp/hive/alex/0b727f0c-e0db-43c4-806f-fe8ec9fbc10b/_tmp_space.db
2024-04-24T08:11:14,854  INFO [main] session.SessionState: Reloading auxiliary JAR files
2024-04-24T08:11:14,854  WARN [main] session.SessionState: Configuration hive.reloadable.aux.jars.path not specified
2024-04-24T08:11:14,854  INFO [main] HiveMetaStore.audit: ugi=alex	ip=unknown-ip-addr	cmd=Cleaning up thread local RawStore...	
2024-04-24T08:11:14,854  INFO [main] metastore.ObjectStore: RawStore: org.apache.hadoop.hive.metastore.ObjectStore@3f04fb07, with PersistenceManager: org.datanucleus.api.jdo.JDOPersistenceManager@4718d320 will be shutdown
2024-04-24T08:11:14,854  INFO [main] HiveMetaStore.audit: ugi=alex	ip=unknown-ip-addr	cmd=Done cleaning up thread local RawStore	
2024-04-24T08:11:14,854  INFO [main] metastore.HiveMetaStoreClient: Closed a connection to metastore, current connections: -45
2024-04-24T08:11:14,854  INFO [main] session.HiveSessionImpl: Operation log session directory is created: /home/alex/Repositories/hive/beeline/target/tmp/alex/operation_logs/0b727f0c-e0db-43c4-806f-fe8ec9fbc10b
2024-04-24T08:11:14,854  INFO [main] service.CompositeService: Session opened, SessionHandle [0b727f0c-e0db-43c4-806f-fe8ec9fbc10b], current sessions:1
2024-04-24T08:11:14,854  INFO [main] thrift.ThriftCLIService: Login attempt is successful for user : null
2024-04-24T08:11:14,923  WARN [main] conf.HiveConf: HiveConf of name hive.dummyparam.test.server.specific.config.override does not exist
2024-04-24T08:11:14,923  WARN [main] conf.HiveConf: HiveConf of name hive.dummyparam.test.server.specific.config.metastoresite does not exist
2024-04-24T08:11:14,923  WARN [main] conf.HiveConf: HiveConf of name hive.dummyparam.test.server.specific.config.hiveserver2site does not exist
2024-04-24T08:11:14,924  INFO [0b727f0c-e0db-43c4-806f-fe8ec9fbc10b main] session.HiveSessionImpl: executing set
2024-04-24T08:11:14,925  INFO [0b727f0c-e0db-43c4-806f-fe8ec9fbc10b main] operation.HiveCommandOperation: Putting temp output to file /home/alex/Repositories/hive/beeline/target/tmp/alex/0b727f0c-e0db-43c4-806f-fe8ec9fbc10b3147175468849763346.pipeout and error output to file /home/alex/Repositories/hive/beeline/target/tmp/alex/0b727f0c-e0db-43c4-806f-fe8ec9fbc10b6687348133726890999.pipeout
2024-04-24T08:11:14,925  INFO [0b727f0c-e0db-43c4-806f-fe8ec9fbc10b main] operation.OperationManager: Adding operation: OperationHandle [opType=EXECUTE_STATEMENT, getHandleIdentifier()=67623db7-8c17-4ee3-98e7-098077fd1e1b] SessionHandle [0b727f0c-e0db-43c4-806f-fe8ec9fbc10b]
2024-04-24T08:11:14,925  INFO [0b727f0c-e0db-43c4-806f-fe8ec9fbc10b main] common.LogUtils: Thread context registration is done.
DEBUG StatusLogger Building Plugin[name=filter, class=org.apache.hadoop.hive.ql.log.LogDivertAppender$NameFilter].
DEBUG StatusLogger createFilter(loggingLevel="EXECUTION")
DEBUG StatusLogger Building Plugin[name=layout, class=org.apache.logging.log4j.core.layout.PatternLayout].
DEBUG StatusLogger PatternLayout$Builder(PatternSelector=null, noConsoleNoAnsi="null", pattern="%-5p : %m%n", footer="null", charset="null", Replace=null, header="null", disableAnsi="null", Configuration(HiveLog4j2Test), alwaysWriteExceptions="null")
DEBUG StatusLogger Building Plugin[name=appender, class=org.apache.hadoop.hive.ql.log.HushableRandomAccessFileAppender].
DEBUG StatusLogger createAppender(fileName="/home/alex/Repositories/hive/beeline/target/tmp/alex/operation_logs/0b727f0c-e0db-43c4-806f-fe8ec9fbc10b/alex_20240424081114_061d219f-af42-4304-8e8b-a3d1c3246c54", append="null", name="query-file-appender", immediateFlush="null", bufferSize="null", ignoreExceptions="null", PatternLayout(org.apache.logging.log4j.core.layout.PatternLayout with name PatternLayout), NameFilter(org.apache.hadoop.hive.ql.log.LogDivertAppender$NameFilter with name NameFilter), advertise="null", advertiseURI="null", Configuration(HiveLog4j2Test))
DEBUG StatusLogger Starting RandomAccessFileManager /home/alex/Repositories/hive/beeline/target/tmp/alex/operation_logs/0b727f0c-e0db-43c4-806f-fe8ec9fbc10b/alex_20240424081114_061d219f-af42-4304-8e8b-a3d1c3246c54
DEBUG StatusLogger Building Plugin[name=, class=org.apache.hadoop.hive.ql.log.LogDivertAppenderForTest$TestFilter].
DEBUG StatusLogger createFilter()
DEBUG StatusLogger Building Plugin[name=, class=org.apache.logging.log4j.core.layout.PatternLayout].
DEBUG StatusLogger PatternLayout$Builder(noConsoleNoAnsi="null", alwaysWriteExceptions="null", Configuration(HiveLog4j2Test), charset="null", PatternSelector=null, header="null", Replace=null, pattern="%-5p : %m%n", disableAnsi="null", footer="null")
DEBUG StatusLogger Building Plugin[name=appender, class=org.apache.hadoop.hive.ql.log.HushableRandomAccessFileAppender].
DEBUG StatusLogger createAppender(fileName="/home/alex/Repositories/hive/beeline/target/tmp/alex/operation_logs/0b727f0c-e0db-43c4-806f-fe8ec9fbc10b/alex_20240424081114_061d219f-af42-4304-8e8b-a3d1c3246c54.test", append="null", name="test-query-file-appender", immediateFlush="null", bufferSize="null", ignoreExceptions="null", PatternLayout(org.apache.logging.log4j.core.layout.PatternLayout with name PatternLayout), test-filter(org.apache.hadoop.hive.ql.log.LogDivertAppenderForTest$TestFilter with name test-filter), advertise="null", advertiseURI="null", Configuration(HiveLog4j2Test))
DEBUG StatusLogger Starting RandomAccessFileManager /home/alex/Repositories/hive/beeline/target/tmp/alex/operation_logs/0b727f0c-e0db-43c4-806f-fe8ec9fbc10b/alex_20240424081114_061d219f-af42-4304-8e8b-a3d1c3246c54.test
2024-04-24T08:11:14,938  INFO [0b727f0c-e0db-43c4-806f-fe8ec9fbc10b main] operation.HiveCommandOperation: [opType=EXECUTE_STATEMENT, queryId=alex_20240424081114_061d219f-af42-4304-8e8b-a3d1c3246c54, startTime=1713971474924, sessionId=0b727f0c-e0db-43c4-806f-fe8ec9fbc10b, createTime=1713971474836, userName=null, ipAddress=null]
2024-04-24T08:11:15,064  INFO [0b727f0c-e0db-43c4-806f-fe8ec9fbc10b main] common.LogUtils: Unregistered logging context.
2024-04-24T08:11:15,066  INFO [0b727f0c-e0db-43c4-806f-fe8ec9fbc10b main] operation.OperationManager: Closing operation: OperationHandle [opType=EXECUTE_STATEMENT, getHandleIdentifier()=67623db7-8c17-4ee3-98e7-098077fd1e1b]
2024-04-24T08:11:15,066  INFO [0b727f0c-e0db-43c4-806f-fe8ec9fbc10b main] operation.OperationManager: Removed queryId: alex_20240424081114_061d219f-af42-4304-8e8b-a3d1c3246c54 corresponding to operation: OperationHandle [opType=EXECUTE_STATEMENT, getHandleIdentifier()=67623db7-8c17-4ee3-98e7-098077fd1e1b] with tag: null
2024-04-24T08:11:15,067  INFO [0b727f0c-e0db-43c4-806f-fe8ec9fbc10b main] operation.HiveCommandOperation: Closing operation log /home/alex/Repositories/hive/beeline/target/tmp/alex/operation_logs/0b727f0c-e0db-43c4-806f-fe8ec9fbc10b/alex_20240424081114_061d219f-af42-4304-8e8b-a3d1c3246c54 without delay
2024-04-24T08:11:37,548  INFO [0b727f0c-e0db-43c4-806f-fe8ec9fbc10b main] session.HiveSessionImpl: executing select "hive"
2024-04-24T08:11:37,549  INFO [0b727f0c-e0db-43c4-806f-fe8ec9fbc10b main] operation.OperationManager: Adding operation: OperationHandle [opType=EXECUTE_STATEMENT, getHandleIdentifier()=8003c61c-b58c-4ff2-ba22-3e7a16c55c07] SessionHandle [0b727f0c-e0db-43c4-806f-fe8ec9fbc10b]
2024-04-24T08:11:37,549  INFO [0b727f0c-e0db-43c4-806f-fe8ec9fbc10b main] common.LogUtils: Thread context registration is done.
DEBUG StatusLogger Building Plugin[name=filter, class=org.apache.hadoop.hive.ql.log.LogDivertAppender$NameFilter].
DEBUG StatusLogger createFilter(loggingLevel="EXECUTION")
DEBUG StatusLogger Building Plugin[name=layout, class=org.apache.logging.log4j.core.layout.PatternLayout].
DEBUG StatusLogger PatternLayout$Builder(header="null", footer="null", disableAnsi="null", alwaysWriteExceptions="null", Replace=null, pattern="%-5p : %m%n", charset="null", Configuration(HiveLog4j2Test), PatternSelector=null, noConsoleNoAnsi="null")
DEBUG StatusLogger Building Plugin[name=appender, class=org.apache.hadoop.hive.ql.log.HushableRandomAccessFileAppender].
DEBUG StatusLogger createAppender(fileName="/home/alex/Repositories/hive/beeline/target/tmp/alex/operation_logs/0b727f0c-e0db-43c4-806f-fe8ec9fbc10b/alex_20240424081137_db07e938-8aa7-48ba-be17-705fccc0841d", append="null", name="query-file-appender", immediateFlush="null", bufferSize="null", ignoreExceptions="null", PatternLayout(org.apache.logging.log4j.core.layout.PatternLayout with name PatternLayout), NameFilter(org.apache.hadoop.hive.ql.log.LogDivertAppender$NameFilter with name NameFilter), advertise="null", advertiseURI="null", Configuration(HiveLog4j2Test))
DEBUG StatusLogger Starting RandomAccessFileManager /home/alex/Repositories/hive/beeline/target/tmp/alex/operation_logs/0b727f0c-e0db-43c4-806f-fe8ec9fbc10b/alex_20240424081137_db07e938-8aa7-48ba-be17-705fccc0841d
DEBUG StatusLogger Building Plugin[name=, class=org.apache.hadoop.hive.ql.log.LogDivertAppenderForTest$TestFilter].
DEBUG StatusLogger createFilter()
DEBUG StatusLogger Building Plugin[name=, class=org.apache.logging.log4j.core.layout.PatternLayout].
DEBUG StatusLogger PatternLayout$Builder(disableAnsi="null", alwaysWriteExceptions="null", footer="null", header="null", PatternSelector=null, Replace=null, Configuration(HiveLog4j2Test), noConsoleNoAnsi="null", charset="null", pattern="%-5p : %m%n")
DEBUG StatusLogger Building Plugin[name=appender, class=org.apache.hadoop.hive.ql.log.HushableRandomAccessFileAppender].
DEBUG StatusLogger createAppender(fileName="/home/alex/Repositories/hive/beeline/target/tmp/alex/operation_logs/0b727f0c-e0db-43c4-806f-fe8ec9fbc10b/alex_20240424081137_db07e938-8aa7-48ba-be17-705fccc0841d.test", append="null", name="test-query-file-appender", immediateFlush="null", bufferSize="null", ignoreExceptions="null", PatternLayout(org.apache.logging.log4j.core.layout.PatternLayout with name PatternLayout), test-filter(org.apache.hadoop.hive.ql.log.LogDivertAppenderForTest$TestFilter with name test-filter), advertise="null", advertiseURI="null", Configuration(HiveLog4j2Test))
DEBUG StatusLogger Starting RandomAccessFileManager /home/alex/Repositories/hive/beeline/target/tmp/alex/operation_logs/0b727f0c-e0db-43c4-806f-fe8ec9fbc10b/alex_20240424081137_db07e938-8aa7-48ba-be17-705fccc0841d.test
2024-04-24T08:11:37,560  INFO [0b727f0c-e0db-43c4-806f-fe8ec9fbc10b main] operation.SQLOperation: [opType=EXECUTE_STATEMENT, queryId=alex_20240424081137_db07e938-8aa7-48ba-be17-705fccc0841d, startTime=1713971497548, sessionId=0b727f0c-e0db-43c4-806f-fe8ec9fbc10b, createTime=1713971474836, userName=null, ipAddress=null]
2024-04-24T08:11:37,561  INFO [0b727f0c-e0db-43c4-806f-fe8ec9fbc10b main] ql.Driver: Compiling command(queryId=alex_20240424081137_db07e938-8aa7-48ba-be17-705fccc0841d): select "hive"
2024-04-24T08:11:37,565  INFO [0b727f0c-e0db-43c4-806f-fe8ec9fbc10b main] metastore.HiveMetaStoreClient: HMS client filtering is enabled.
2024-04-24T08:11:37,567  INFO [0b727f0c-e0db-43c4-806f-fe8ec9fbc10b main] metastore.HMSHandler: 0: Opening raw store with implementation class:org.apache.hadoop.hive.metastore.ObjectStore
2024-04-24T08:11:37,567  INFO [0b727f0c-e0db-43c4-806f-fe8ec9fbc10b main] metastore.PersistenceManagerProvider: Configuration datanucleus.autoStartMechanismMode is not set. Defaulting to 'ignored'
2024-04-24T08:11:37,568  INFO [0b727f0c-e0db-43c4-806f-fe8ec9fbc10b main] metastore.ObjectStore: RawStore: org.apache.hadoop.hive.metastore.ObjectStore@52a9db63, with PersistenceManager: null will be shutdown
2024-04-24T08:11:37,568  INFO [0b727f0c-e0db-43c4-806f-fe8ec9fbc10b main] metastore.ObjectStore: RawStore: org.apache.hadoop.hive.metastore.ObjectStore@52a9db63, with PersistenceManager: org.datanucleus.api.jdo.JDOPersistenceManager@402d76c7 created in the thread with id: 1
2024-04-24T08:11:37,570  INFO [0b727f0c-e0db-43c4-806f-fe8ec9fbc10b main] metastore.HMSHandler: Created RawStore: org.apache.hadoop.hive.metastore.ObjectStore@52a9db63 from thread id: 1
2024-04-24T08:11:37,571  INFO [0b727f0c-e0db-43c4-806f-fe8ec9fbc10b main] metastore.HMSHandler: HMS server filtering is disabled by configuration
2024-04-24T08:11:37,571  INFO [0b727f0c-e0db-43c4-806f-fe8ec9fbc10b main] metastore.RetryingMetaStoreClient: RetryingMetaStoreClient proxy=class org.apache.hadoop.hive.ql.metadata.SessionHiveMetaStoreClient ugi=alex (auth:SIMPLE) retries=1 delay=1 lifetime=0
2024-04-24T08:11:37,571  INFO [0b727f0c-e0db-43c4-806f-fe8ec9fbc10b main] parse.CalcitePlanner: Starting caching scope for: alex_20240424081137_db07e938-8aa7-48ba-be17-705fccc0841d
2024-04-24T08:11:37,571  INFO [0b727f0c-e0db-43c4-806f-fe8ec9fbc10b main] parse.CalcitePlanner: Starting Semantic Analysis
2024-04-24T08:11:37,571  INFO [0b727f0c-e0db-43c4-806f-fe8ec9fbc10b main] sqlstd.SQLStdHiveAccessController: Created SQLStdHiveAccessController for session context : HiveAuthzSessionContext [sessionString=0b727f0c-e0db-43c4-806f-fe8ec9fbc10b, clientType=HIVESERVER2]
2024-04-24T08:11:37,571  INFO [0b727f0c-e0db-43c4-806f-fe8ec9fbc10b main] parse.CalcitePlanner: Completed phase 1 of Semantic Analysis
2024-04-24T08:11:37,571  INFO [0b727f0c-e0db-43c4-806f-fe8ec9fbc10b main] parse.CalcitePlanner: Get metadata for source tables
2024-04-24T08:11:37,571  INFO [0b727f0c-e0db-43c4-806f-fe8ec9fbc10b main] parse.CalcitePlanner: Get metadata for subqueries
2024-04-24T08:11:37,571  INFO [0b727f0c-e0db-43c4-806f-fe8ec9fbc10b main] parse.CalcitePlanner: Get metadata for destination tables
2024-04-24T08:11:37,572  INFO [0b727f0c-e0db-43c4-806f-fe8ec9fbc10b main] parse.CalcitePlanner: Completed getting MetaData in Semantic Analysis
2024-04-24T08:11:37,608  INFO [0b727f0c-e0db-43c4-806f-fe8ec9fbc10b main] HiveMetaStore.audit: ugi=alex	ip=unknown-ip-addr	cmd=get_all_table_constraints : tbl=hive._dummy_database._dummy_table	
2024-04-24T08:11:37,702  INFO [0b727f0c-e0db-43c4-806f-fe8ec9fbc10b main] parse.CalcitePlanner: Get metadata for source tables
2024-04-24T08:11:37,702  INFO [0b727f0c-e0db-43c4-806f-fe8ec9fbc10b main] HiveMetaStore.audit: ugi=alex	ip=unknown-ip-addr	cmd=get_table : tbl=hive._dummy_database._dummy_table	
2024-04-24T08:11:37,705  INFO [0b727f0c-e0db-43c4-806f-fe8ec9fbc10b main] parse.CalcitePlanner: Get metadata for subqueries
2024-04-24T08:11:37,705  INFO [0b727f0c-e0db-43c4-806f-fe8ec9fbc10b main] parse.CalcitePlanner: Get metadata for destination tables
2024-04-24T08:11:37,714  INFO [0b727f0c-e0db-43c4-806f-fe8ec9fbc10b main] common.FileUtils: Creating directory if it doesn't exist: file:/home/alex/Repositories/hive/beeline/target/tmp/alex/0b727f0c-e0db-43c4-806f-fe8ec9fbc10b/hive_2024-04-24_08-11-37_561_610098074189357982-1/-mr-10001/.hive-staging_hive_2024-04-24_08-11-37_561_610098074189357982-1
2024-04-24T08:11:37,723  INFO [0b727f0c-e0db-43c4-806f-fe8ec9fbc10b main] parse.CalcitePlanner: CBO Succeeded; optimized logical plan.
2024-04-24T08:11:37,727  INFO [0b727f0c-e0db-43c4-806f-fe8ec9fbc10b main] optimizer.BucketVersionPopulator: not considering bucketingVersion for: TS[0] because it has -1<2 buckets 
2024-04-24T08:11:37,729  INFO [0b727f0c-e0db-43c4-806f-fe8ec9fbc10b main] parse.CalcitePlanner: Completed plan generation
2024-04-24T08:11:37,729  INFO [0b727f0c-e0db-43c4-806f-fe8ec9fbc10b main] parse.CalcitePlanner: Ending caching scope for: alex_20240424081137_db07e938-8aa7-48ba-be17-705fccc0841d
2024-04-24T08:11:37,729  INFO [0b727f0c-e0db-43c4-806f-fe8ec9fbc10b main] ql.Driver: Semantic Analysis Completed (retrial = false)
2024-04-24T08:11:37,729  INFO [0b727f0c-e0db-43c4-806f-fe8ec9fbc10b main] ql.Driver: Created Hive schema: Schema(fieldSchemas:[FieldSchema(name:_c0, type:string, comment:null)], properties:null)
2024-04-24T08:11:37,730  INFO [0b727f0c-e0db-43c4-806f-fe8ec9fbc10b main] exec.TableScanOperator: Initializing Operator: TS[0]
2024-04-24T08:11:37,732  INFO [0b727f0c-e0db-43c4-806f-fe8ec9fbc10b main] exec.SelectOperator: Initializing Operator: SEL[1]
2024-04-24T08:11:37,732  INFO [0b727f0c-e0db-43c4-806f-fe8ec9fbc10b main] exec.SelectOperator: SELECT null
2024-04-24T08:11:37,732  INFO [0b727f0c-e0db-43c4-806f-fe8ec9fbc10b main] exec.ListSinkOperator: Initializing Operator: LIST_SINK[3]
2024-04-24T08:11:37,732  INFO [0b727f0c-e0db-43c4-806f-fe8ec9fbc10b main] metadata.Hive: Dumping metastore api call timing information for : compilation phase
2024-04-24T08:11:37,732  INFO [0b727f0c-e0db-43c4-806f-fe8ec9fbc10b main] metadata.Hive: Total time spent in each metastore function (ms): {flushCache_()=0, getAllTableConstraints_(AllTableConstraintsRequest)=9, isCompatibleWith_(Configuration)=0}
2024-04-24T08:11:37,733  INFO [0b727f0c-e0db-43c4-806f-fe8ec9fbc10b main] ql.Driver: Completed compiling command(queryId=alex_20240424081137_db07e938-8aa7-48ba-be17-705fccc0841d); Time taken: 0.171 seconds
2024-04-24T08:11:37,735  INFO [HiveServer2-Background-Pool: Thread-719] common.LogUtils: Thread context registration is done.
2024-04-24T08:11:37,735  INFO [0b727f0c-e0db-43c4-806f-fe8ec9fbc10b main] common.LogUtils: Unregistered logging context.
2024-04-24T08:11:37,735  INFO [HiveServer2-Background-Pool: Thread-719] reexec.ReExecDriver: Execution #1 of query
2024-04-24T08:11:37,736  INFO [HiveServer2-Background-Pool: Thread-719] ql.Driver: Concurrency mode is disabled, not creating a lock manager
2024-04-24T08:11:37,737  INFO [HiveServer2-Background-Pool: Thread-719] ql.Driver: Executing command(queryId=alex_20240424081137_db07e938-8aa7-48ba-be17-705fccc0841d): select "hive"
2024-04-24T08:11:37,737  INFO [HiveServer2-Background-Pool: Thread-719] metadata.Hive: Dumping metastore api call timing information for : execution phase
2024-04-24T08:11:37,738  INFO [HiveServer2-Background-Pool: Thread-719] metadata.Hive: Total time spent in each metastore function (ms): {}
2024-04-24T08:11:37,738  INFO [HiveServer2-Background-Pool: Thread-719] ql.Driver: Completed executing command(queryId=alex_20240424081137_db07e938-8aa7-48ba-be17-705fccc0841d); Time taken: 0.0 seconds
2024-04-24T08:11:37,739  INFO [HiveServer2-Background-Pool: Thread-719] common.LogUtils: Unregistered logging context.
2024-04-24T08:11:37,743  INFO [0b727f0c-e0db-43c4-806f-fe8ec9fbc10b main] operation.OperationManager: Closing operation: OperationHandle [opType=EXECUTE_STATEMENT, getHandleIdentifier()=8003c61c-b58c-4ff2-ba22-3e7a16c55c07]
2024-04-24T08:11:37,743  INFO [0b727f0c-e0db-43c4-806f-fe8ec9fbc10b main] operation.OperationManager: Removed queryId: alex_20240424081137_db07e938-8aa7-48ba-be17-705fccc0841d corresponding to operation: OperationHandle [opType=EXECUTE_STATEMENT, getHandleIdentifier()=8003c61c-b58c-4ff2-ba22-3e7a16c55c07] with tag: null
2024-04-24T08:11:37,744  INFO [0b727f0c-e0db-43c4-806f-fe8ec9fbc10b main] ql.Context: Deleting scratch dir: file:/home/alex/Repositories/hive/beeline/target/tmp/alex/0b727f0c-e0db-43c4-806f-fe8ec9fbc10b/hive_2024-04-24_08-11-37_561_610098074189357982-1
2024-04-24T08:11:37,744  INFO [0b727f0c-e0db-43c4-806f-fe8ec9fbc10b main] cleanup.EventualCleanupService: Delete file:/home/alex/Repositories/hive/beeline/target/tmp/alex/0b727f0c-e0db-43c4-806f-fe8ec9fbc10b/hive_2024-04-24_08-11-37_561_610098074189357982-1 operation was queued
2024-04-24T08:11:37,744  INFO [0b727f0c-e0db-43c4-806f-fe8ec9fbc10b main] exec.TableScanOperator: Closing Operator: TS[0]
2024-04-24T08:11:37,744  INFO [0b727f0c-e0db-43c4-806f-fe8ec9fbc10b main] exec.TableScanOperator: RECORDS_OUT_OPERATOR_TS_0:0, RECORDS_OUT_INTERMEDIATE:0, 
2024-04-24T08:11:37,744  INFO [0b727f0c-e0db-43c4-806f-fe8ec9fbc10b main] exec.SelectOperator: Closing Operator: SEL[1]
2024-04-24T08:11:37,744  INFO [0b727f0c-e0db-43c4-806f-fe8ec9fbc10b main] exec.SelectOperator: RECORDS_OUT_OPERATOR_SEL_1:0, RECORDS_OUT_INTERMEDIATE:0, 
2024-04-24T08:11:37,744  INFO [0b727f0c-e0db-43c4-806f-fe8ec9fbc10b main] exec.ListSinkOperator: Closing Operator: LIST_SINK[3]
2024-04-24T08:11:37,744  INFO [EventualCleanupService thread 0] cleanup.EventualCleanupService: Deleted file:/home/alex/Repositories/hive/beeline/target/tmp/alex/0b727f0c-e0db-43c4-806f-fe8ec9fbc10b/hive_2024-04-24_08-11-37_561_610098074189357982-1
2024-04-24T08:11:37,745  INFO [0b727f0c-e0db-43c4-806f-fe8ec9fbc10b main] exec.ListSinkOperator: RECORDS_OUT_OPERATOR_LIST_SINK_3:0, RECORDS_OUT_INTERMEDIATE:0, 
2024-04-24T08:11:37,745  INFO [0b727f0c-e0db-43c4-806f-fe8ec9fbc10b main] operation.SQLOperation: Closing operation log /home/alex/Repositories/hive/beeline/target/tmp/alex/operation_logs/0b727f0c-e0db-43c4-806f-fe8ec9fbc10b/alex_20240424081137_db07e938-8aa7-48ba-be17-705fccc0841d without delay
2024-04-24T08:11:37,746  INFO [main] service.CompositeService: Session closed, SessionHandle [0b727f0c-e0db-43c4-806f-fe8ec9fbc10b], current sessions:0
2024-04-24T08:11:37,746  INFO [0b727f0c-e0db-43c4-806f-fe8ec9fbc10b main] session.HiveSessionImpl: Operation log session directory is deleted: /home/alex/Repositories/hive/beeline/target/tmp/alex/operation_logs/0b727f0c-e0db-43c4-806f-fe8ec9fbc10b
2024-04-24T08:11:37,747  INFO [main] cleanup.EventualCleanupService: Delete /tmp/hive/alex/0b727f0c-e0db-43c4-806f-fe8ec9fbc10b operation was queued
2024-04-24T08:11:37,747  INFO [main] cleanup.EventualCleanupService: Delete /home/alex/Repositories/hive/beeline/target/tmp/alex/0b727f0c-e0db-43c4-806f-fe8ec9fbc10b operation was queued
2024-04-24T08:11:37,747  INFO [EventualCleanupService thread 2] cleanup.EventualCleanupService: Deleted /home/alex/Repositories/hive/beeline/target/tmp/alex/0b727f0c-e0db-43c4-806f-fe8ec9fbc10b
2024-04-24T08:11:37,747  INFO [EventualCleanupService thread 1] cleanup.EventualCleanupService: Deleted /tmp/hive/alex/0b727f0c-e0db-43c4-806f-fe8ec9fbc10b
2024-04-24T08:11:37,748  INFO [main] HiveMetaStore.audit: ugi=alex	ip=unknown-ip-addr	cmd=Cleaning up thread local RawStore...	
2024-04-24T08:11:37,748  INFO [main] metastore.ObjectStore: RawStore: org.apache.hadoop.hive.metastore.ObjectStore@52a9db63, with PersistenceManager: org.datanucleus.api.jdo.JDOPersistenceManager@402d76c7 will be shutdown
2024-04-24T08:11:37,749  INFO [main] HiveMetaStore.audit: ugi=alex	ip=unknown-ip-addr	cmd=Done cleaning up thread local RawStore	
2024-04-24T08:11:37,749  INFO [main] metastore.HiveMetaStoreClient: Closed a connection to metastore, current connections: -46
2024-04-24T08:11:37,749 ERROR [main] cli.TestHiveCli: Failed due to the error:Connecting to jdbc:hive2://
Hive Session ID = aa079cfd-8bae-463a-9cd1-cb8acb852780
ivysettings.xml file not found in HIVE_HOME or HIVE_CONF_DIR,/home/alex/Repositories/hive/conf/ivysettings.xml will be used
ivysettings.xml file not found in HIVE_HOME or HIVE_CONF_DIR,/home/alex/Repositories/hive/conf/ivysettings.xml will be used
Connected to: Apache Hive (version 4.0.0-SNAPSHOT)
Error: Couldn't load manifest attributes. (state=,code=0)
Transaction isolation: TRANSACTION_REPEATABLE_READ
. . > INFO  : Compiling command(queryId=alex_20240424081137_db07e938-8aa7-48ba-be17-705fccc0841d): select "hive"
INFO  : Semantic Analysis Completed (retrial = false)
INFO  : Created Hive schema: Schema(fieldSchemas:[FieldSchema(name:_c0, type:string, comment:null)], properties:null)
INFO  : Completed compiling command(queryId=alex_20240424081137_db07e938-8aa7-48ba-be17-705fccc0841d); Time taken: 0.171 seconds
INFO  : Concurrency mode is disabled, not creating a lock manager
INFO  : Executing command(queryId=alex_20240424081137_db07e938-8aa7-48ba-be17-705fccc0841d): select "hive"
INFO  : Completed executing command(queryId=alex_20240424081137_db07e938-8aa7-48ba-be17-705fccc0841d); Time taken: 0.0 seconds
DEBUG : Shutting down query select "hive"
Error: Failed to wait for operation to complete (state=08S01,code=0)
Closing: 0: jdbc:hive2://

]]></system-err>
  </testcase>
</testsuite>