<?xml version="1.0" encoding="UTF-8"?>
<testsuite xmlns:xsi="http://www.w3.org/2001/XMLSchema-instance" xsi:noNamespaceSchemaLocation="https://maven.apache.org/surefire/maven-surefire-plugin/xsd/surefire-test-report-3.0.xsd" version="3.0" name="org.apache.nifi.attribute.expression.language.TestQuery" time="1.409" tests="128" errors="0" skipped="1" failures="0">
  <properties>
    <property name="sun.desktop" value="gnome"/>
    <property name="awt.toolkit" value="sun.awt.X11.XToolkit"/>
    <property name="java.specification.version" value="1.8"/>
    <property name="nondexStart" value="0"/>
    <property name="file.encoding.pkg" value="sun.io"/>
    <property name="sun.cpu.isalist" value=""/>
    <property name="sun.jnu.encoding" value="UTF-8"/>
    <property name="java.class.path" value="/home/alex/Repositories/nifi/nifi-commons/nifi-expression-language/target/test-classes:/home/alex/Repositories/nifi/nifi-commons/nifi-expression-language/target/classes:/home/alex/.m2/repository/org/antlr/antlr-runtime/3.5.2/antlr-runtime-3.5.2.jar:/home/alex/Repositories/nifi/nifi-api/target/classes:/home/alex/Repositories/nifi/nifi-commons/nifi-parameter/target/classes:/home/alex/Repositories/nifi/nifi-commons/nifi-utils/target/classes:/home/alex/Repositories/nifi/nifi-commons/nifi-uuid5/target/classes:/home/alex/.m2/repository/org/hamcrest/hamcrest-all/1.3/hamcrest-all-1.3.jar:/home/alex/.m2/repository/com/jayway/jsonpath/json-path/2.6.0/json-path-2.6.0.jar:/home/alex/.m2/repository/net/minidev/json-smart/2.4.7/json-smart-2.4.7.jar:/home/alex/.m2/repository/net/minidev/accessors-smart/2.4.7/accessors-smart-2.4.7.jar:/home/alex/.m2/repository/org/ow2/asm/asm/9.1/asm-9.1.jar:/home/alex/.m2/repository/org/slf4j/slf4j-api/1.7.32/slf4j-api-1.7.32.jar:/home/alex/.m2/repository/com/fasterxml/jackson/core/jackson-databind/2.12.3/jackson-databind-2.12.3.jar:/home/alex/.m2/repository/com/fasterxml/jackson/core/jackson-annotations/2.12.3/jackson-annotations-2.12.3.jar:/home/alex/.m2/repository/com/fasterxml/jackson/core/jackson-core/2.12.3/jackson-core-2.12.3.jar:/home/alex/.m2/repository/org/apache/commons/commons-text/1.8/commons-text-1.8.jar:/home/alex/.m2/repository/org/apache/commons/commons-lang3/3.9/commons-lang3-3.9.jar:/home/alex/.m2/repository/commons-codec/commons-codec/1.14/commons-codec-1.14.jar:/home/alex/.m2/repository/org/junit/jupiter/junit-jupiter-api/5.7.2/junit-jupiter-api-5.7.2.jar:/home/alex/.m2/repository/org/apiguardian/apiguardian-api/1.1.0/apiguardian-api-1.1.0.jar:/home/alex/.m2/repository/org/opentest4j/opentest4j/1.2.0/opentest4j-1.2.0.jar:/home/alex/.m2/repository/org/junit/platform/junit-platform-commons/1.7.2/junit-platform-commons-1.7.2.jar:/home/alex/.m2/repository/org/junit/jupiter/junit-jupiter-engine/5.7.2/junit-jupiter-engine-5.7.2.jar:/home/alex/.m2/repository/org/junit/platform/junit-platform-engine/1.7.2/junit-platform-engine-1.7.2.jar:/home/alex/.m2/repository/org/junit/vintage/junit-vintage-engine/5.7.2/junit-vintage-engine-5.7.2.jar:/home/alex/.m2/repository/junit/junit/4.13.2/junit-4.13.2.jar:/home/alex/.m2/repository/org/hamcrest/hamcrest-core/1.3/hamcrest-core-1.3.jar:/home/alex/.m2/repository/org/junit/jupiter/junit-jupiter-params/5.7.2/junit-jupiter-params-5.7.2.jar:/home/alex/.m2/repository/org/mockito/mockito-core/3.11.2/mockito-core-3.11.2.jar:/home/alex/.m2/repository/net/bytebuddy/byte-buddy/1.11.3/byte-buddy-1.11.3.jar:/home/alex/.m2/repository/net/bytebuddy/byte-buddy-agent/1.11.3/byte-buddy-agent-1.11.3.jar:/home/alex/.m2/repository/org/objenesis/objenesis/3.2/objenesis-3.2.jar:/home/alex/.m2/repository/org/mockito/mockito-junit-jupiter/3.11.2/mockito-junit-jupiter-3.11.2.jar:/home/alex/.m2/repository/org/slf4j/slf4j-simple/1.7.32/slf4j-simple-1.7.32.jar:/home/alex/.m2/repository/org/codehaus/groovy/groovy-test/2.5.14/groovy-test-2.5.14.jar:/home/alex/.m2/repository/org/codehaus/groovy/groovy/2.5.14/groovy-2.5.14.jar:"/>
    <property name="java.vm.vendor" value="Private Build"/>
    <property name="nondexPrintstack" value="false"/>
    <property name="sun.arch.data.model" value="64"/>
    <property name="java.vendor.url" value="http://java.oracle.com/"/>
    <property name="user.timezone" value="Europe/Lisbon"/>
    <property name="os.name" value="Linux"/>
    <property name="java.vm.specification.version" value="1.8"/>
    <property name="user.country" value="US"/>
    <property name="sun.java.launcher" value="SUN_STANDARD"/>
    <property name="sun.boot.library.path" value="/usr/lib/jvm/java-8-openjdk-amd64/jre/lib/amd64"/>
    <property name="sun.java.command" value="/home/alex/Repositories/nifi/nifi-commons/nifi-expression-language/target/surefire/surefirebooter8780297524269657026.jar /home/alex/Repositories/nifi/nifi-commons/nifi-expression-language/target/surefire 2024-04-23T18-28-02_696-jvmRun1 surefire5063830212107333139tmp surefire_385924130216305813473tmp"/>
    <property name="nondexLogging" value="CONFIG"/>
    <property name="surefire.test.class.path" value="/home/alex/Repositories/nifi/nifi-commons/nifi-expression-language/target/test-classes:/home/alex/Repositories/nifi/nifi-commons/nifi-expression-language/target/classes:/home/alex/.m2/repository/org/antlr/antlr-runtime/3.5.2/antlr-runtime-3.5.2.jar:/home/alex/Repositories/nifi/nifi-api/target/classes:/home/alex/Repositories/nifi/nifi-commons/nifi-parameter/target/classes:/home/alex/Repositories/nifi/nifi-commons/nifi-utils/target/classes:/home/alex/Repositories/nifi/nifi-commons/nifi-uuid5/target/classes:/home/alex/.m2/repository/org/hamcrest/hamcrest-all/1.3/hamcrest-all-1.3.jar:/home/alex/.m2/repository/com/jayway/jsonpath/json-path/2.6.0/json-path-2.6.0.jar:/home/alex/.m2/repository/net/minidev/json-smart/2.4.7/json-smart-2.4.7.jar:/home/alex/.m2/repository/net/minidev/accessors-smart/2.4.7/accessors-smart-2.4.7.jar:/home/alex/.m2/repository/org/ow2/asm/asm/9.1/asm-9.1.jar:/home/alex/.m2/repository/org/slf4j/slf4j-api/1.7.32/slf4j-api-1.7.32.jar:/home/alex/.m2/repository/com/fasterxml/jackson/core/jackson-databind/2.12.3/jackson-databind-2.12.3.jar:/home/alex/.m2/repository/com/fasterxml/jackson/core/jackson-annotations/2.12.3/jackson-annotations-2.12.3.jar:/home/alex/.m2/repository/com/fasterxml/jackson/core/jackson-core/2.12.3/jackson-core-2.12.3.jar:/home/alex/.m2/repository/org/apache/commons/commons-text/1.8/commons-text-1.8.jar:/home/alex/.m2/repository/org/apache/commons/commons-lang3/3.9/commons-lang3-3.9.jar:/home/alex/.m2/repository/commons-codec/commons-codec/1.14/commons-codec-1.14.jar:/home/alex/.m2/repository/org/junit/jupiter/junit-jupiter-api/5.7.2/junit-jupiter-api-5.7.2.jar:/home/alex/.m2/repository/org/apiguardian/apiguardian-api/1.1.0/apiguardian-api-1.1.0.jar:/home/alex/.m2/repository/org/opentest4j/opentest4j/1.2.0/opentest4j-1.2.0.jar:/home/alex/.m2/repository/org/junit/platform/junit-platform-commons/1.7.2/junit-platform-commons-1.7.2.jar:/home/alex/.m2/repository/org/junit/jupiter/junit-jupiter-engine/5.7.2/junit-jupiter-engine-5.7.2.jar:/home/alex/.m2/repository/org/junit/platform/junit-platform-engine/1.7.2/junit-platform-engine-1.7.2.jar:/home/alex/.m2/repository/org/junit/vintage/junit-vintage-engine/5.7.2/junit-vintage-engine-5.7.2.jar:/home/alex/.m2/repository/junit/junit/4.13.2/junit-4.13.2.jar:/home/alex/.m2/repository/org/hamcrest/hamcrest-core/1.3/hamcrest-core-1.3.jar:/home/alex/.m2/repository/org/junit/jupiter/junit-jupiter-params/5.7.2/junit-jupiter-params-5.7.2.jar:/home/alex/.m2/repository/org/mockito/mockito-core/3.11.2/mockito-core-3.11.2.jar:/home/alex/.m2/repository/net/bytebuddy/byte-buddy/1.11.3/byte-buddy-1.11.3.jar:/home/alex/.m2/repository/net/bytebuddy/byte-buddy-agent/1.11.3/byte-buddy-agent-1.11.3.jar:/home/alex/.m2/repository/org/objenesis/objenesis/3.2/objenesis-3.2.jar:/home/alex/.m2/repository/org/mockito/mockito-junit-jupiter/3.11.2/mockito-junit-jupiter-3.11.2.jar:/home/alex/.m2/repository/org/slf4j/slf4j-simple/1.7.32/slf4j-simple-1.7.32.jar:/home/alex/.m2/repository/org/codehaus/groovy/groovy-test/2.5.14/groovy-test-2.5.14.jar:/home/alex/.m2/repository/org/codehaus/groovy/groovy/2.5.14/groovy-2.5.14.jar:"/>
    <property name="sun.cpu.endian" value="little"/>
    <property name="nondexExecid" value="CjSYeuHnZnM44q2EMEgnmQ2mV1wrvi7qf5uvLjjG5Rk="/>
    <property name="user.home" value="/home/alex"/>
    <property name="user.language" value="en"/>
    <property name="java.specification.vendor" value="Oracle Corporation"/>
    <property name="java.home" value="/usr/lib/jvm/java-8-openjdk-amd64/jre"/>
    <property name="basedir" value="/home/alex/Repositories/nifi/nifi-commons/nifi-expression-language"/>
    <property name="file.separator" value="/"/>
    <property name="nondexEnd" value="9223372036854775807"/>
    <property name="line.separator" value="&#10;"/>
    <property name="java.vm.specification.vendor" value="Oracle Corporation"/>
    <property name="java.specification.name" value="Java Platform API Specification"/>
    <property name="java.awt.graphicsenv" value="sun.awt.X11GraphicsEnvironment"/>
    <property name="java.awt.headless" value="true"/>
    <property name="nondexFilter" value=".*"/>
    <property name="nondexSeed" value="974622"/>
    <property name="surefire.real.class.path" value="/home/alex/Repositories/nifi/nifi-commons/nifi-expression-language/target/surefire/surefirebooter8780297524269657026.jar"/>
    <property name="sun.boot.class.path" value="/home/alex/Repositories/nifi/nifi-commons/nifi-expression-language/.nondex/nondex-instr.jar:/home/alex/.m2/repository/edu/illinois/nondex-common/2.1.7/nondex-common-2.1.7.jar:/home/alex/.m2/repository/edu/illinois/nondex-annotations/2.1.7/nondex-annotations-2.1.7.jar:/usr/lib/jvm/java-8-openjdk-amd64/jre/lib/resources.jar:/usr/lib/jvm/java-8-openjdk-amd64/jre/lib/rt.jar:/usr/lib/jvm/java-8-openjdk-amd64/jre/lib/sunrsasign.jar:/usr/lib/jvm/java-8-openjdk-amd64/jre/lib/jsse.jar:/usr/lib/jvm/java-8-openjdk-amd64/jre/lib/jce.jar:/usr/lib/jvm/java-8-openjdk-amd64/jre/lib/charsets.jar:/usr/lib/jvm/java-8-openjdk-amd64/jre/lib/jfr.jar:/usr/lib/jvm/java-8-openjdk-amd64/jre/classes"/>
    <property name="sun.management.compiler" value="HotSpot 64-Bit Tiered Compilers"/>
    <property name="java.runtime.version" value="1.8.0_402-8u402-ga-2ubuntu1~22.04-b06"/>
    <property name="user.name" value="alex"/>
    <property name="java.net.preferIPv4Stack" value="true"/>
    <property name="path.separator" value=":"/>
    <property name="os.version" value="6.5.0-28-generic"/>
    <property name="java.endorsed.dirs" value="/usr/lib/jvm/java-8-openjdk-amd64/jre/lib/endorsed"/>
    <property name="java.runtime.name" value="OpenJDK Runtime Environment"/>
    <property name="file.encoding" value="UTF-8"/>
    <property name="java.vm.name" value="OpenJDK 64-Bit Server VM"/>
    <property name="localRepository" value="/home/alex/.m2/repository"/>
    <property name="nondexDir" value="/home/alex/Repositories/nifi/nifi-commons/nifi-expression-language/.nondex"/>
    <property name="nondexJarDir" value="/home/alex/Repositories/nifi/nifi-commons/nifi-expression-language/.nondex"/>
    <property name="java.vendor.url.bug" value="http://bugreport.sun.com/bugreport/"/>
    <property name="java.io.tmpdir" value="/tmp"/>
    <property name="java.version" value="1.8.0_402"/>
    <property name="user.dir" value="/home/alex/Repositories/nifi/nifi-commons/nifi-expression-language"/>
    <property name="os.arch" value="amd64"/>
    <property name="nondexMode" value="FULL"/>
    <property name="java.vm.specification.name" value="Java Virtual Machine Specification"/>
    <property name="java.awt.printerjob" value="sun.print.PSPrinterJob"/>
    <property name="sun.os.patch.level" value="unknown"/>
    <property name="java.library.path" value="/usr/java/packages/lib/amd64:/usr/lib/x86_64-linux-gnu/jni:/lib/x86_64-linux-gnu:/usr/lib/x86_64-linux-gnu:/usr/lib/jni:/lib:/usr/lib"/>
    <property name="java.vendor" value="Private Build"/>
    <property name="java.vm.info" value="mixed mode"/>
    <property name="java.vm.version" value="25.402-b06"/>
    <property name="java.specification.maintenance.version" value="5"/>
    <property name="java.ext.dirs" value="/usr/lib/jvm/java-8-openjdk-amd64/jre/lib/ext:/usr/java/packages/lib/ext"/>
    <property name="sun.io.unicode.encoding" value="UnicodeLittle"/>
    <property name="java.class.version" value="52.0"/>
  </properties>
  <testcase name="testNestedAnyDelineatedValueOr" classname="org.apache.nifi.attribute.expression.language.TestQuery" time="0.074"/>
  <testcase name="testNestedAnyDelineatedValueAnd" classname="org.apache.nifi.attribute.expression.language.TestQuery" time="0.004"/>
  <testcase name="testRandomFunction" classname="org.apache.nifi.attribute.expression.language.TestQuery" time="0.001"/>
  <testcase name="testMathResultInterpretation" classname="org.apache.nifi.attribute.expression.language.TestQuery" time="0.022"/>
  <testcase name="testSingleLetterAttribute" classname="org.apache.nifi.attribute.expression.language.TestQuery" time="0.029"/>
  <testcase name="testReplaceAllWithMatchingGroup" classname="org.apache.nifi.attribute.expression.language.TestQuery" time="0.002"/>
  <testcase name="testWithTicksOutside" classname="org.apache.nifi.attribute.expression.language.TestQuery" time="0.003"/>
  <testcase name="testComplicatedEmbeddedExpressions" classname="org.apache.nifi.attribute.expression.language.TestQuery" time="0.003"/>
  <testcase name="testEmbeddedExpressionsAndQuotes" classname="org.apache.nifi.attribute.expression.language.TestQuery" time="0.002"/>
  <testcase name="testReplaceAll" classname="org.apache.nifi.attribute.expression.language.TestQuery" time="0.009"/>
  <testcase name="testDeeplyEmbedded" classname="org.apache.nifi.attribute.expression.language.TestQuery" time="0.002"/>
  <testcase name="testDateFormatConversionWithTimeZone" classname="org.apache.nifi.attribute.expression.language.TestQuery" time="0.005"/>
  <testcase name="testStringEL" classname="org.apache.nifi.attribute.expression.language.TestQuery" time="0.004"/>
  <testcase name="testJsonPathSetMissingPathAttribute" classname="org.apache.nifi.attribute.expression.language.TestQuery" time="0.221"/>
  <testcase name="testToRadix" classname="org.apache.nifi.attribute.expression.language.TestQuery" time="0.004"/>
  <testcase name="testCallToFunctionWithSubjectResultOfAnotherFunctionCall" classname="org.apache.nifi.attribute.expression.language.TestQuery" time="0.002"/>
  <testcase name="testIsValidExpression" classname="org.apache.nifi.attribute.expression.language.TestQuery" time="0.003"/>
  <testcase name="testDoubleQuotesWithinSingleQuotes" classname="org.apache.nifi.attribute.expression.language.TestQuery" time="0.002">
    <system-out><![CDATA[${xx:replace( "'hi'", '\"hello\"' )}
]]></system-out>
  </testcase>
  <testcase name="testExtractExpressionTypes" classname="org.apache.nifi.attribute.expression.language.TestQuery" time="0.001"/>
  <testcase name="testNewLinesAndTabsInQuery" classname="org.apache.nifi.attribute.expression.language.TestQuery" time="0.002"/>
  <testcase name="testAnd" classname="org.apache.nifi.attribute.expression.language.TestQuery" time="0.006"/>
  <testcase name="testNot" classname="org.apache.nifi.attribute.expression.language.TestQuery" time="0.002"/>
  <testcase name="testSimpleSubstring" classname="org.apache.nifi.attribute.expression.language.TestQuery" time="0.001"/>
  <testcase name="testJsonPathPutElementToArray" classname="org.apache.nifi.attribute.expression.language.TestQuery" time="0.012"/>
  <testcase name="testJsonPathSetAgeWholeNumberAttribute" classname="org.apache.nifi.attribute.expression.language.TestQuery" time="0.01"/>
  <testcase name="testEscapeQuotes" classname="org.apache.nifi.attribute.expression.language.TestQuery" time="0.002"/>
  <testcase name="testSubjectAsEmbeddedExpressionWithSurroundChars" classname="org.apache.nifi.attribute.expression.language.TestQuery" time="0.002"/>
  <testcase name="testJsonPath" classname="org.apache.nifi.attribute.expression.language.TestQuery" time="0.013"/>
  <testcase name="testEvaluateWithinCurlyBraces" classname="org.apache.nifi.attribute.expression.language.TestQuery" time="0.001"/>
  <testcase name="testAttributesWithSpaces" classname="org.apache.nifi.attribute.expression.language.TestQuery" time="0.002"/>
  <testcase name="testJsonPathDeleteMissingPath" classname="org.apache.nifi.attribute.expression.language.TestQuery" time="0.009"/>
  <testcase name="testCount" classname="org.apache.nifi.attribute.expression.language.TestQuery" time="0.005"/>
  <testcase name="testPadLeft" classname="org.apache.nifi.attribute.expression.language.TestQuery" time="0.005"/>
  <testcase name="testDate" classname="org.apache.nifi.attribute.expression.language.TestQuery" time="0.003"/>
  <testcase name="testFind" classname="org.apache.nifi.attribute.expression.language.TestQuery" time="0.002"/>
  <testcase name="testHash" classname="org.apache.nifi.attribute.expression.language.TestQuery" time="0.029"/>
  <testcase name="testJoin" classname="org.apache.nifi.attribute.expression.language.TestQuery" time="0.004"/>
  <testcase name="testImplicitConversions" classname="org.apache.nifi.attribute.expression.language.TestQuery" time="0.014"/>
  <testcase name="testSubstringBefore" classname="org.apache.nifi.attribute.expression.language.TestQuery" time="0.002"/>
  <testcase name="testSubstringAfter" classname="org.apache.nifi.attribute.expression.language.TestQuery" time="0.004"/>
  <testcase name="testMathDecimalOperations" classname="org.apache.nifi.attribute.expression.language.TestQuery" time="0.003"/>
  <testcase name="testJsonPathSetFirstNameAttribute" classname="org.apache.nifi.attribute.expression.language.TestQuery" time="0.009"/>
  <testcase name="testJsonPathDeleteHomePhoneNumber" classname="org.apache.nifi.attribute.expression.language.TestQuery" time="0.01"/>
  <testcase name="testIsNullOrLengthEquals0" classname="org.apache.nifi.attribute.expression.language.TestQuery" time="0.003"/>
  <testcase name="testFunctionAfterReduce" classname="org.apache.nifi.attribute.expression.language.TestQuery" time="0.007"/>
  <testcase name="testQuotingQuotes" classname="org.apache.nifi.attribute.expression.language.TestQuery" time="0.002">
    <system-out><![CDATA[${xx:replace( '\'', '"')}
]]></system-out>
  </testcase>
  <testcase name="testIn" classname="org.apache.nifi.attribute.expression.language.TestQuery" time="0.003"/>
  <testcase name="testOr" classname="org.apache.nifi.attribute.expression.language.TestQuery" time="0.003"/>
  <testcase name="testHashFailure" classname="org.apache.nifi.attribute.expression.language.TestQuery" time="0.003"/>
  <testcase name="testJsonPathAddNicknameJimmyAtNonexistantPath" classname="org.apache.nifi.attribute.expression.language.TestQuery" time="0.009"/>
  <testcase name="testJsonPathPutCountryToMap" classname="org.apache.nifi.attribute.expression.language.TestQuery" time="0.008"/>
  <testcase name="testJsonPathSetVoterBooleanAttribute" classname="org.apache.nifi.attribute.expression.language.TestQuery" time="0.007"/>
  <testcase name="testAnyAttributeEmbedded" classname="org.apache.nifi.attribute.expression.language.TestQuery" time="0.002"/>
  <testcase name="testEqualsEmbedded" classname="org.apache.nifi.attribute.expression.language.TestQuery" time="0.004"/>
  <testcase name="testCannotCombineWithNonReducingFunction" classname="org.apache.nifi.attribute.expression.language.TestQuery" time="0.001"/>
  <testcase name="testJsonPathDeleteFirstNameAttribute" classname="org.apache.nifi.attribute.expression.language.TestQuery" time="0.007"/>
  <testcase name="testMathLiteralOperations" classname="org.apache.nifi.attribute.expression.language.TestQuery" time="0.002"/>
  <testcase name="testJsonPathPutOverwriteFirstNameToJimmy" classname="org.apache.nifi.attribute.expression.language.TestQuery" time="0.007"/>
  <testcase name="testJsonPathAddNicknameJimmy" classname="org.apache.nifi.attribute.expression.language.TestQuery" time="0.006"/>
  <testcase name="testAndOrNot" classname="org.apache.nifi.attribute.expression.language.TestQuery" time="0.002">
    <system-out><![CDATA[${     'non-existing':notNull():not():and(     ${filename1:startsWith('y')     :or(       ${ filename1:startsWith('x'):and(false) }     ):or(       ${ filename2:endsWith('xxxx'):or( ${'filename 3':length():gt(1)} ) }     )}     )}
]]></system-out>
  </testcase>
  <testcase name="testGetAttributeValue" classname="org.apache.nifi.attribute.expression.language.TestQuery" time="0.002"/>
  <testcase name="testReplaceNull" classname="org.apache.nifi.attribute.expression.language.TestQuery" time="0.001"/>
  <testcase name="testLiteral" classname="org.apache.nifi.attribute.expression.language.TestQuery" time="0.007"/>
  <testcase name="testEqualsNumber" classname="org.apache.nifi.attribute.expression.language.TestQuery" time="0.001"/>
  <testcase name="testBase64Decode" classname="org.apache.nifi.attribute.expression.language.TestQuery" time="0.002"/>
  <testcase name="testBase64Encode" classname="org.apache.nifi.attribute.expression.language.TestQuery" time="0.001"/>
  <testcase name="testEscapeFunctions" classname="org.apache.nifi.attribute.expression.language.TestQuery" time="0.015"/>
  <testcase name="testJsonPathPutRootLevelMiddlenameTuron" classname="org.apache.nifi.attribute.expression.language.TestQuery" time="0.006"/>
  <testcase name="testAllDelineatedValues" classname="org.apache.nifi.attribute.expression.language.TestQuery" time="0.003"/>
  <testcase name="testComments" classname="org.apache.nifi.attribute.expression.language.TestQuery" time="0.001"/>
  <testcase name="testToNumberFunctionReturnsNumberType" classname="org.apache.nifi.attribute.expression.language.TestQuery" time="0.001"/>
  <testcase name="testProblematic1" classname="org.apache.nifi.attribute.expression.language.TestQuery" time="0.001"/>
  <testcase name="testAllDelineatedValuesCount" classname="org.apache.nifi.attribute.expression.language.TestQuery" time="0.004"/>
  <testcase name="testGetAttributeValueEmbedded" classname="org.apache.nifi.attribute.expression.language.TestQuery" time="0.001"/>
  <testcase name="testDateFormatConversion" classname="org.apache.nifi.attribute.expression.language.TestQuery" time="0.002"/>
  <testcase name="testAnyAttribute" classname="org.apache.nifi.attribute.expression.language.TestQuery" time="0.003"/>
  <testcase name="testUuidsWithNamespace" classname="org.apache.nifi.attribute.expression.language.TestQuery" time="0.016"/>
  <testcase name="testAndOrLogicWithAnyAll" classname="org.apache.nifi.attribute.expression.language.TestQuery" time="0.005"/>
  <testcase name="testMatches" classname="org.apache.nifi.attribute.expression.language.TestQuery" time="0.001"/>
  <testcase name="testReplace" classname="org.apache.nifi.attribute.expression.language.TestQuery" time="0.001"/>
  <testcase name="testSubstringAfterLast" classname="org.apache.nifi.attribute.expression.language.TestQuery" time="0.002"/>
  <testcase name="testWithBackSlashes" classname="org.apache.nifi.attribute.expression.language.TestQuery" time="0.002"/>
  <testcase name="testFromRadix" classname="org.apache.nifi.attribute.expression.language.TestQuery" time="0.002"/>
  <testcase name="testMathDecimalOperators" classname="org.apache.nifi.attribute.expression.language.TestQuery" time="0.005"/>
  <testcase name="testParameterReference" classname="org.apache.nifi.attribute.expression.language.TestQuery" time="0.002"/>
  <testcase name="testMathFunction" classname="org.apache.nifi.attribute.expression.language.TestQuery" time="0.008"/>
  <testcase name="testMathWholeNumberOperations" classname="org.apache.nifi.attribute.expression.language.TestQuery" time="0.002"/>
  <testcase name="testSubstringOOB" classname="org.apache.nifi.attribute.expression.language.TestQuery" time="0.002"/>
  <testcase name="testEmbeddedExpressionsAndQuotesWithProperties" classname="org.apache.nifi.attribute.expression.language.TestQuery" time="0.001"/>
  <testcase name="implicitDateConversion" classname="org.apache.nifi.attribute.expression.language.TestQuery" time="0">
    <skipped message="Requires specific locale"/>
  </testcase>
  <testcase name="testAnyMatchingAttribute" classname="org.apache.nifi.attribute.expression.language.TestQuery" time="0.008"/>
  <testcase name="testAnyDelineatedValue" classname="org.apache.nifi.attribute.expression.language.TestQuery" time="0.003"/>
  <testcase name="testSubstring" classname="org.apache.nifi.attribute.expression.language.TestQuery" time="0.002"/>
  <testcase name="testUnescapeFunctions" classname="org.apache.nifi.attribute.expression.language.TestQuery" time="0.003"/>
  <testcase name="testKeywords" classname="org.apache.nifi.attribute.expression.language.TestQuery" time="0.001"/>
  <testcase name="testPrepareWithEscapeChar" classname="org.apache.nifi.attribute.expression.language.TestQuery" time="0.001"/>
  <testcase name="testAllMatchingAttributes" classname="org.apache.nifi.attribute.expression.language.TestQuery" time="0.005">
    <system-out><![CDATA[EXPRESSION
  ATTRIBUTE_REFERENCE
    MULTI_ATTRIBUTE_REFERENCE
      allMatchingAttributes
      (abc|xyz)
  FUNCTION_CALL
    matches
    \\d+

]]></system-out>
  </testcase>
  <testcase name="testAppendPrepend" classname="org.apache.nifi.attribute.expression.language.TestQuery" time="0.002"/>
  <testcase name="testDecimalParsing" classname="org.apache.nifi.attribute.expression.language.TestQuery" time="0.023"/>
  <testcase name="testEquals" classname="org.apache.nifi.attribute.expression.language.TestQuery" time="0.001"/>
  <testcase name="testEscape" classname="org.apache.nifi.attribute.expression.language.TestQuery" time="0.348"/>
  <testcase name="testGetStateValue" classname="org.apache.nifi.attribute.expression.language.TestQuery" time="0.003"/>
  <testcase name="testIfElse" classname="org.apache.nifi.attribute.expression.language.TestQuery" time="0.004"/>
  <testcase name="testIsNull" classname="org.apache.nifi.attribute.expression.language.TestQuery" time="0.001"/>
  <testcase name="testReplaceEmpty" classname="org.apache.nifi.attribute.expression.language.TestQuery" time="0.002"/>
  <testcase name="testPadRight" classname="org.apache.nifi.attribute.expression.language.TestQuery" time="0.005"/>
  <testcase name="testIndexOf" classname="org.apache.nifi.attribute.expression.language.TestQuery" time="0.002"/>
  <testcase name="testCompilation" classname="org.apache.nifi.attribute.expression.language.TestQuery" time="0.007"/>
  <testcase name="testCurlyBracesInQuotes" classname="org.apache.nifi.attribute.expression.language.TestQuery" time="0.003"/>
  <testcase name="testLiteralFunction" classname="org.apache.nifi.attribute.expression.language.TestQuery" time="0.003"/>
  <testcase name="testAttributeReferencesWithWhiteSpace" classname="org.apache.nifi.attribute.expression.language.TestQuery" time="0.002"/>
  <testcase name="testCompileEmbedded" classname="org.apache.nifi.attribute.expression.language.TestQuery" time="0.002">
    <system-out><![CDATA[EXPRESSION
  ATTRIBUTE_REFERENCE
    ATTR_NAME
      x
  FUNCTION_CALL
    equals
    EXPRESSION
      ATTRIBUTE_REFERENCE
        ATTR_NAME
          y

]]></system-out>
  </testcase>
  <testcase name="testIsEmpty" classname="org.apache.nifi.attribute.expression.language.TestQuery" time="0.003"/>
  <testcase name="testRepeat" classname="org.apache.nifi.attribute.expression.language.TestQuery" time="0.004"/>
  <testcase name="testNotNull" classname="org.apache.nifi.attribute.expression.language.TestQuery" time="0.001"/>
  <testcase name="testThread" classname="org.apache.nifi.attribute.expression.language.TestQuery" time="0.001"/>
  <testcase name="testDateToNumber" classname="org.apache.nifi.attribute.expression.language.TestQuery" time="0.002"/>
  <testcase name="testAllAttributes" classname="org.apache.nifi.attribute.expression.language.TestQuery" time="0.004"/>
  <testcase name="testJsonPathSetHeightNumberAttribute" classname="org.apache.nifi.attribute.expression.language.TestQuery" time="0.01"/>
  <testcase name="testExtractExpressionRanges" classname="org.apache.nifi.attribute.expression.language.TestQuery" time="0.001"/>
  <testcase name="testMathWholeNumberOperators" classname="org.apache.nifi.attribute.expression.language.TestQuery" time="0.002"/>
  <testcase name="testParameterReferenceWithSpace" classname="org.apache.nifi.attribute.expression.language.TestQuery" time="0.002"/>
  <testcase name="testMathNumberDecimalConversion" classname="org.apache.nifi.attribute.expression.language.TestQuery" time="0.003"/>
  <testcase name="testAddOneDayToDate" classname="org.apache.nifi.attribute.expression.language.TestQuery" time="0.004"/>
  <testcase name="testReplaceAllWithOddNumberOfBackslashPairs" classname="org.apache.nifi.attribute.expression.language.TestQuery" time="0.003"/>
  <testcase name="testDateConversion" classname="org.apache.nifi.attribute.expression.language.TestQuery" time="0.006"/>
  <testcase name="testGetDelimitedField" classname="org.apache.nifi.attribute.expression.language.TestQuery" time="0.016"/>
  <testcase name="testRandomFunctionReturnsNumberType" classname="org.apache.nifi.attribute.expression.language.TestQuery" time="0.001"/>
</testsuite>